{
  "Plan": {
    "Node Type": "Aggregate",
    "Strategy": "Plain",
    "Partial Mode": "Finalize",
    "Parallel Aware": false,
    "Startup Cost": 114801.89,
    "Total Cost": 114801.9,
    "Plan Rows": 1,
    "Plan Width": 8,
    "Actual Startup Time": 770.315,
    "Actual Total Time": 785.977,
    "Actual Rows": 1,
    "Actual Loops": 1,
    "Plans": [
      {
        "Node Type": "Gather",
        "Parent Relationship": "Outer",
        "Parallel Aware": false,
        "Startup Cost": 114801.78,
        "Total Cost": 114801.89,
        "Plan Rows": 1,
        "Plan Width": 8,
        "Actual Startup Time": 767.14,
        "Actual Total Time": 785.97,
        "Actual Rows": 2,
        "Actual Loops": 1,
        "Workers Planned": 1,
        "Workers Launched": 1,
        "Single Copy": false,
        "Plans": [
          {
            "Node Type": "Aggregate",
            "Strategy": "Plain",
            "Partial Mode": "Partial",
            "Parent Relationship": "Outer",
            "Parallel Aware": false,
            "Startup Cost": 113801.78,
            "Total Cost": 113801.79,
            "Plan Rows": 1,
            "Plan Width": 8,
            "Actual Startup Time": 761.173,
            "Actual Total Time": 761.178,
            "Actual Rows": 1,
            "Actual Loops": 2,
            "Plans": [
              {
                "Node Type": "Hash Join",
                "Parent Relationship": "Outer",
                "Parallel Aware": true,
                "Join Type": "Inner",
                "Startup Cost": 48889.8,
                "Total Cost": 112386.17,
                "Plan Rows": 566246,
                "Plan Width": 0,
                "Actual Startup Time": 282.507,
                "Actual Total Time": 738.769,
                "Actual Rows": 564000,
                "Actual Loops": 2,
                "Inner Unique": false,
                "Hash Cond": "(t.id = mc.movie_id)",
                "Plans": [
                  {
                    "Node Type": "Seq Scan",
                    "Parent Relationship": "Outer",
                    "Parallel Aware": true,
                    "Relation Name": "title",
                    "Alias": "t",
                    "Startup Cost": 0.0,
                    "Total Cost": 50870.31,
                    "Plan Rows": 1487231,
                    "Plan Width": 4,
                    "Actual Startup Time": 0.01,
                    "Actual Total Time": 116.726,
                    "Actual Rows": 1264156,
                    "Actual Loops": 2
                  },
                  {
                    "Node Type": "Hash",
                    "Parent Relationship": "Inner",
                    "Parallel Aware": true,
                    "Startup Cost": 41811.73,
                    "Total Cost": 41811.73,
                    "Plan Rows": 566246,
                    "Plan Width": 4,
                    "Actual Startup Time": 273.52,
                    "Actual Total Time": 273.52,
                    "Actual Rows": 564000,
                    "Actual Loops": 2,
                    "Hash Buckets": 2097152,
                    "Original Hash Buckets": 1048576,
                    "Hash Batches": 1,
                    "Original Hash Batches": 1,
                    "Peak Memory Usage": 68736,
                    "Plans": [
                      {
                        "Node Type": "Seq Scan",
                        "Parent Relationship": "Outer",
                        "Parallel Aware": true,
                        "Relation Name": "movie_companies",
                        "Alias": "mc",
                        "Startup Cost": 0.0,
                        "Total Cost": 41811.73,
                        "Plan Rows": 566246,
                        "Plan Width": 4,
                        "Actual Startup Time": 66.921,
                        "Actual Total Time": 142.268,
                        "Actual Rows": 564000,
                        "Actual Loops": 2,
                        "Filter": "((company_id > 1347) AND (company_type_id > 1))",
                        "Rows Removed by Filter": 740565
                      }
                    ]
                  }
                ]
              }
            ]
          }
        ]
      }
    ]
  },
  "Planning Time": 0.662,
  "Triggers": [],
  "Execution Time": 786.045
}