[
  {
    "Plan": {
      "Node Type": "Aggregate",
      "Strategy": "Plain",
      "Partial Mode": "Finalize",
      "Parallel Aware": false,
      "Startup Cost": 123938.53,
      "Total Cost": 123938.54,
      "Plan Rows": 1,
      "Plan Width": 8,
      "Actual Startup Time": 595.296,
      "Actual Total Time": 615.406,
      "Actual Rows": 1,
      "Actual Loops": 1,
      "Plans": [
        {
          "Node Type": "Gather",
          "Parent Relationship": "Outer",
          "Parallel Aware": false,
          "Startup Cost": 123938.21,
          "Total Cost": 123938.52,
          "Plan Rows": 3,
          "Plan Width": 8,
          "Actual Startup Time": 592.425,
          "Actual Total Time": 615.396,
          "Actual Rows": 4,
          "Actual Loops": 1,
          "Workers Planned": 3,
          "Workers Launched": 3,
          "Single Copy": false,
          "Plans": [
            {
              "Node Type": "Aggregate",
              "Strategy": "Plain",
              "Partial Mode": "Partial",
              "Parent Relationship": "Outer",
              "Parallel Aware": false,
              "Startup Cost": 122938.21,
              "Total Cost": 122938.22,
              "Plan Rows": 1,
              "Plan Width": 8,
              "Actual Startup Time": 582.237,
              "Actual Total Time": 582.243,
              "Actual Rows": 1,
              "Actual Loops": 4,
              "Plans": [
                {
                  "Node Type": "Hash Join",
                  "Parent Relationship": "Outer",
                  "Parallel Aware": true,
                  "Join Type": "Inner",
                  "Startup Cost": 77795.89,
                  "Total Cost": 122666.42,
                  "Plan Rows": 108719,
                  "Plan Width": 0,
                  "Actual Startup Time": 280.25,
                  "Actual Total Time": 537.108,
                  "Actual Rows": 1179867,
                  "Actual Loops": 4,
                  "Inner Unique": false,
                  "Hash Cond": "(mk.movie_id = t.id)",
                  "Plans": [
                    {
                      "Node Type": "Seq Scan",
                      "Parent Relationship": "Outer",
                      "Parallel Aware": true,
                      "Relation Name": "movie_keyword",
                      "Alias": "mk",
                      "Startup Cost": 0.0,
                      "Total Cost": 39047.32,
                      "Plan Rows": 1459332,
                      "Plan Width": 4,
                      "Actual Startup Time": 0.028,
                      "Actual Total Time": 86.788,
                      "Actual Rows": 1130982,
                      "Actual Loops": 4
                    },
                    {
                      "Node Type": "Hash",
                      "Parent Relationship": "Inner",
                      "Parallel Aware": true,
                      "Startup Cost": 77036.39,
                      "Total Cost": 77036.39,
                      "Plan Rows": 60760,
                      "Plan Width": 8,
                      "Actual Startup Time": 277.752,
                      "Actual Total Time": 277.757,
                      "Actual Rows": 76243,
                      "Actual Loops": 4,
                      "Hash Buckets": 524288,
                      "Original Hash Buckets": 262144,
                      "Hash Batches": 1,
                      "Original Hash Batches": 1,
                      "Peak Memory Usage": 18112,
                      "Plans": [
                        {
                          "Node Type": "Hash Join",
                          "Parent Relationship": "Outer",
                          "Parallel Aware": true,
                          "Join Type": "Inner",
                          "Startup Cost": 46561.64,
                          "Total Cost": 77036.39,
                          "Plan Rows": 60760,
                          "Plan Width": 8,
                          "Actual Startup Time": 132.948,
                          "Actual Total Time": 249.017,
                          "Actual Rows": 76243,
                          "Actual Loops": 4,
                          "Inner Unique": true,
                          "Hash Cond": "(mc.movie_id = t.id)",
                          "Plans": [
                            {
                              "Node Type": "Seq Scan",
                              "Parent Relationship": "Outer",
                              "Parallel Aware": true,
                              "Relation Name": "movie_companies",
                              "Alias": "mc",
                              "Startup Cost": 0.0,
                              "Total Cost": 29310.68,
                              "Plan Rows": 443456,
                              "Plan Width": 4,
                              "Actual Startup Time": 8.91,
                              "Actual Total Time": 66.297,
                              "Actual Rows": 346444,
                              "Actual Loops": 4,
                              "Filter": "(company_id > 11138)",
                              "Rows Removed by Filter": 305839
                            },
                            {
                              "Node Type": "Hash",
                              "Parent Relationship": "Inner",
                              "Parallel Aware": true,
                              "Startup Cost": 45479.1,
                              "Total Cost": 45479.1,
                              "Plan Rows": 86603,
                              "Plan Width": 4,
                              "Actual Startup Time": 122.105,
                              "Actual Total Time": 122.106,
                              "Actual Rows": 69287,
                              "Actual Loops": 4,
                              "Hash Buckets": 524288,
                              "Original Hash Buckets": 524288,
                              "Hash Batches": 1,
                              "Original Hash Batches": 1,
                              "Peak Memory Usage": 14976,
                              "Plans": [
                                {
                                  "Node Type": "Seq Scan",
                                  "Parent Relationship": "Outer",
                                  "Parallel Aware": true,
                                  "Relation Name": "title",
                                  "Alias": "t",
                                  "Startup Cost": 0.0,
                                  "Total Cost": 45479.1,
                                  "Plan Rows": 86603,
                                  "Plan Width": 4,
                                  "Actual Startup Time": 0.046,
                                  "Actual Total Time": 96.281,
                                  "Actual Rows": 69287,
                                  "Actual Loops": 4,
                                  "Filter": "((kind_id < 4) AND (production_year > 2005))",
                                  "Rows Removed by Filter": 562791
                                }
                              ]
                            }
                          ]
                        }
                      ]
                    }
                  ]
                }
              ]
            }
          ]
        }
      ]
    },
    "Planning Time": 1.449,
    "Triggers": [],
    "Execution Time": 615.505
  }
]