{
  "Plan": {
    "Node Type": "Aggregate",
    "Strategy": "Plain",
    "Partial Mode": "Simple",
    "Parallel Aware": false,
    "Startup Cost": 15017.14,
    "Total Cost": 15017.15,
    "Plan Rows": 1,
    "Plan Width": 64,
    "Actual Startup Time": 3086.878,
    "Actual Total Time": 3086.885,
    "Actual Rows": 1,
    "Actual Loops": 1,
    "Plans": [
      {
        "Node Type": "Nested Loop",
        "Parent Relationship": "Outer",
        "Parallel Aware": false,
        "Join Type": "Inner",
        "Startup Cost": 13.09,
        "Total Cost": 15017.13,
        "Plan Rows": 1,
        "Plan Width": 32,
        "Actual Startup Time": 19.93,
        "Actual Total Time": 3086.672,
        "Actual Rows": 328,
        "Actual Loops": 1,
        "Inner Unique": true,
        "Plans": [
          {
            "Node Type": "Nested Loop",
            "Parent Relationship": "Outer",
            "Parallel Aware": false,
            "Join Type": "Inner",
            "Startup Cost": 12.66,
            "Total Cost": 15016.68,
            "Plan Rows": 1,
            "Plan Width": 21,
            "Actual Startup Time": 19.91,
            "Actual Total Time": 3083.632,
            "Actual Rows": 328,
            "Actual Loops": 1,
            "Inner Unique": true,
            "Plans": [
              {
                "Node Type": "Nested Loop",
                "Parent Relationship": "Outer",
                "Parallel Aware": false,
                "Join Type": "Inner",
                "Startup Cost": 12.23,
                "Total Cost": 14990.58,
                "Plan Rows": 57,
                "Plan Width": 25,
                "Actual Startup Time": 10.484,
                "Actual Total Time": 1647.432,
                "Actual Rows": 794384,
                "Actual Loops": 1,
                "Inner Unique": false,
                "Plans": [
                  {
                    "Node Type": "Nested Loop",
                    "Parent Relationship": "Outer",
                    "Parallel Aware": false,
                    "Join Type": "Inner",
                    "Startup Cost": 11.67,
                    "Total Cost": 14983.23,
                    "Plan Rows": 4,
                    "Plan Width": 29,
                    "Actual Startup Time": 10.449,
                    "Actual Total Time": 389.144,
                    "Actual Rows": 9283,
                    "Actual Loops": 1,
                    "Inner Unique": false,
                    "Join Filter": "(t.kind_id = kt.id)",
                    "Rows Removed by Join Filter": 1914,
                    "Plans": [
                      {
                        "Node Type": "Seq Scan",
                        "Parent Relationship": "Outer",
                        "Parallel Aware": false,
                        "Relation Name": "kind_type",
                        "Alias": "kt",
                        "Startup Cost": 0.0,
                        "Total Cost": 1.09,
                        "Plan Rows": 1,
                        "Plan Width": 4,
                        "Actual Startup Time": 0.021,
                        "Actual Total Time": 0.025,
                        "Actual Rows": 1,
                        "Actual Loops": 1,
                        "Filter": "((kind)::text = 'movie'::text)",
                        "Rows Removed by Filter": 6
                      },
                      {
                        "Node Type": "Nested Loop",
                        "Parent Relationship": "Inner",
                        "Parallel Aware": false,
                        "Join Type": "Inner",
                        "Startup Cost": 11.67,
                        "Total Cost": 14981.82,
                        "Plan Rows": 26,
                        "Plan Width": 33,
                        "Actual Startup Time": 1.942,
                        "Actual Total Time": 387.518,
                        "Actual Rows": 11197,
                        "Actual Loops": 1,
                        "Inner Unique": true,
                        "Plans": [
                          {
                            "Node Type": "Nested Loop",
                            "Parent Relationship": "Outer",
                            "Parallel Aware": false,
                            "Join Type": "Inner",
                            "Startup Cost": 11.24,
                            "Total Cost": 14967.61,
                            "Plan Rows": 29,
                            "Plan Width": 8,
                            "Actual Startup Time": 1.919,
                            "Actual Total Time": 316.571,
                            "Actual Rows": 14582,
                            "Actual Loops": 1,
                            "Inner Unique": false,
                            "Join Filter": "(cc.status_id = cct2.id)",
                            "Rows Removed by Join Filter": 14582,
                            "Plans": [
                              {
                                "Node Type": "Seq Scan",
                                "Parent Relationship": "Outer",
                                "Parallel Aware": false,
                                "Relation Name": "comp_cast_type",
                                "Alias": "cct2",
                                "Startup Cost": 0.0,
                                "Total Cost": 1.05,
                                "Plan Rows": 1,
                                "Plan Width": 4,
                                "Actual Startup Time": 0.014,
                                "Actual Total Time": 0.016,
                                "Actual Rows": 2,
                                "Actual Loops": 1,
                                "Filter": "((kind)::text ~~ '%complete%'::text)",
                                "Rows Removed by Filter": 2
                              },
                              {
                                "Node Type": "Nested Loop",
                                "Parent Relationship": "Inner",
                                "Parallel Aware": false,
                                "Join Type": "Inner",
                                "Startup Cost": 11.24,
                                "Total Cost": 14965.13,
                                "Plan Rows": 115,
                                "Plan Width": 12,
                                "Actual Startup Time": 1.206,
                                "Actual Total Time": 156.698,
                                "Actual Rows": 14582,
                                "Actual Loops": 2,
                                "Inner Unique": false,
                                "Join Filter": "(cc.subject_id = cct1.id)",
                                "Rows Removed by Join Filter": 6743,
                                "Plans": [
                                  {
                                    "Node Type": "Seq Scan",
                                    "Parent Relationship": "Outer",
                                    "Parallel Aware": false,
                                    "Relation Name": "comp_cast_type",
                                    "Alias": "cct1",
                                    "Startup Cost": 0.0,
                                    "Total Cost": 1.05,
                                    "Plan Rows": 1,
                                    "Plan Width": 4,
                                    "Actual Startup Time": 0.006,
                                    "Actual Total Time": 0.008,
                                    "Actual Rows": 1,
                                    "Actual Loops": 2,
                                    "Filter": "((kind)::text = 'cast'::text)",
                                    "Rows Removed by Filter": 3
                                  },
                                  {
                                    "Node Type": "Nested Loop",
                                    "Parent Relationship": "Inner",
                                    "Parallel Aware": false,
                                    "Join Type": "Inner",
                                    "Startup Cost": 11.24,
                                    "Total Cost": 14958.33,
                                    "Plan Rows": 460,
                                    "Plan Width": 16,
                                    "Actual Startup Time": 1.196,
                                    "Actual Total Time": 154.536,
                                    "Actual Rows": 21325,
                                    "Actual Loops": 2,
                                    "Inner Unique": false,
                                    "Plans": [
                                      {
                                        "Node Type": "Nested Loop",
                                        "Parent Relationship": "Outer",
                                        "Parallel Aware": false,
                                        "Join Type": "Inner",
                                        "Startup Cost": 10.82,
                                        "Total Cost": 14797.9,
                                        "Plan Rows": 337,
                                        "Plan Width": 4,
                                        "Actual Startup Time": 1.003,
                                        "Actual Total Time": 89.18,
                                        "Actual Rows": 41358,
                                        "Actual Loops": 2,
                                        "Inner Unique": false,
                                        "Plans": [
                                          {
                                            "Node Type": "Seq Scan",
                                            "Parent Relationship": "Outer",
                                            "Parallel Aware": false,
                                            "Relation Name": "keyword",
                                            "Alias": "k",
                                            "Startup Cost": 0.0,
                                            "Total Cost": 3967.82,
                                            "Plan Rows": 10,
                                            "Plan Width": 4,
                                            "Actual Startup Time": 0.214,
                                            "Actual Total Time": 24.522,
                                            "Actual Rows": 7,
                                            "Actual Loops": 2,
                                            "Filter": "(keyword = ANY ('{hospital,violence,based-on-comic,murder-in-title,murder,based-on-comic,gore,second-part,violence,mr-magoo}'::text[]))",
                                            "Rows Removed by Filter": 134163
                                          },
                                          {
                                            "Node Type": "Bitmap Heap Scan",
                                            "Parent Relationship": "Inner",
                                            "Parallel Aware": false,
                                            "Relation Name": "movie_keyword",
                                            "Alias": "mk",
                                            "Startup Cost": 10.82,
                                            "Total Cost": 1079.93,
                                            "Plan Rows": 308,
                                            "Plan Width": 8,
                                            "Actual Startup Time": 1.066,
                                            "Actual Total Time": 8.702,
                                            "Actual Rows": 5908,
                                            "Actual Loops": 14,
                                            "Recheck Cond": "(keyword_id = k.id)",
                                            "Rows Removed by Index Recheck": 0,
                                            "Exact Heap Blocks": 59894,
                                            "Lossy Heap Blocks": 0,
                                            "Plans": [
                                              {
                                                "Node Type": "Bitmap Index Scan",
                                                "Parent Relationship": "Outer",
                                                "Parallel Aware": false,
                                                "Index Name": "keyword_id_movie_keyword",
                                                "Startup Cost": 0.0,
                                                "Total Cost": 10.74,
                                                "Plan Rows": 308,
                                                "Plan Width": 0,
                                                "Actual Startup Time": 0.579,
                                                "Actual Total Time": 0.579,
                                                "Actual Rows": 5908,
                                                "Actual Loops": 14,
                                                "Index Cond": "(keyword_id = k.id)"
                                              }
                                            ]
                                          }
                                        ]
                                      },
                                      {
                                        "Node Type": "Index Scan",
                                        "Parent Relationship": "Inner",
                                        "Parallel Aware": false,
                                        "Scan Direction": "Forward",
                                        "Index Name": "movie_id_complete_cast",
                                        "Relation Name": "complete_cast",
                                        "Alias": "cc",
                                        "Startup Cost": 0.42,
                                        "Total Cost": 0.46,
                                        "Plan Rows": 2,
                                        "Plan Width": 12,
                                        "Actual Startup Time": 0.001,
                                        "Actual Total Time": 0.001,
                                        "Actual Rows": 1,
                                        "Actual Loops": 82716,
                                        "Index Cond": "(movie_id = mk.movie_id)",
                                        "Rows Removed by Index Recheck": 0
                                      }
                                    ]
                                  }
                                ]
                              }
                            ]
                          },
                          {
                            "Node Type": "Index Scan",
                            "Parent Relationship": "Inner",
                            "Parallel Aware": false,
                            "Scan Direction": "Forward",
                            "Index Name": "title_pkey",
                            "Relation Name": "title",
                            "Alias": "t",
                            "Startup Cost": 0.43,
                            "Total Cost": 0.49,
                            "Plan Rows": 1,
                            "Plan Width": 25,
                            "Actual Startup Time": 0.004,
                            "Actual Total Time": 0.004,
                            "Actual Rows": 1,
                            "Actual Loops": 14582,
                            "Index Cond": "(id = mk.movie_id)",
                            "Rows Removed by Index Recheck": 0,
                            "Filter": "(production_year > 1957)",
                            "Rows Removed by Filter": 0
                          }
                        ]
                      }
                    ]
                  },
                  {
                    "Node Type": "Index Scan",
                    "Parent Relationship": "Inner",
                    "Parallel Aware": false,
                    "Scan Direction": "Forward",
                    "Index Name": "movie_id_cast_info",
                    "Relation Name": "cast_info",
                    "Alias": "ci",
                    "Startup Cost": 0.56,
                    "Total Cost": 1.5,
                    "Plan Rows": 34,
                    "Plan Width": 12,
                    "Actual Startup Time": 0.007,
                    "Actual Total Time": 0.127,
                    "Actual Rows": 86,
                    "Actual Loops": 9283,
                    "Index Cond": "(movie_id = mk.movie_id)",
                    "Rows Removed by Index Recheck": 0
                  }
                ]
              },
              {
                "Node Type": "Index Scan",
                "Parent Relationship": "Inner",
                "Parallel Aware": false,
                "Scan Direction": "Forward",
                "Index Name": "char_name_pkey",
                "Relation Name": "char_name",
                "Alias": "chn",
                "Startup Cost": 0.43,
                "Total Cost": 0.46,
                "Plan Rows": 1,
                "Plan Width": 4,
                "Actual Startup Time": 0.002,
                "Actual Total Time": 0.002,
                "Actual Rows": 0,
                "Actual Loops": 794384,
                "Index Cond": "(id = ci.person_role_id)",
                "Rows Removed by Index Recheck": 0,
                "Filter": "((name IS NOT NULL) AND ((name ~~ '%Uncle%'::text) OR (name ~~ '%Magoo%'::text)))",
                "Rows Removed by Filter": 0
              }
            ]
          },
          {
            "Node Type": "Index Scan",
            "Parent Relationship": "Inner",
            "Parallel Aware": false,
            "Scan Direction": "Forward",
            "Index Name": "name_pkey",
            "Relation Name": "name",
            "Alias": "n",
            "Startup Cost": 0.43,
            "Total Cost": 0.46,
            "Plan Rows": 1,
            "Plan Width": 19,
            "Actual Startup Time": 0.008,
            "Actual Total Time": 0.008,
            "Actual Rows": 1,
            "Actual Loops": 328,
            "Index Cond": "(id = ci.person_id)",
            "Rows Removed by Index Recheck": 0
          }
        ]
      }
    ]
  },
  "Planning Time": 2.827,
  "Triggers": [],
  "Execution Time": 3087.082
}