[
  {
    "Bao": {
      "Bao prediction": 1063.854,
      "Bao recommended hint": "SET enable_nestloop TO off; SET enable_hashjoin TO off; "
    }
  },
  {
    "Plan": {
      "Node Type": "Aggregate",
      "Strategy": "Plain",
      "Partial Mode": "Simple",
      "Parallel Aware": false,
      "Startup Cost": 1608654.74,
      "Total Cost": 1608654.75,
      "Plan Rows": 1,
      "Plan Width": 32,
      "Actual Startup Time": 6648.739,
      "Actual Total Time": 6648.975,
      "Actual Rows": 1,
      "Actual Loops": 1,
      "Plans": [
        {
          "Node Type": "Merge Join",
          "Parent Relationship": "Outer",
          "Parallel Aware": false,
          "Join Type": "Inner",
          "Startup Cost": 1492092.85,
          "Total Cost": 1608654.74,
          "Plan Rows": 1,
          "Plan Width": 15,
          "Actual Startup Time": 5393.892,
          "Actual Total Time": 6647.986,
          "Actual Rows": 11538,
          "Actual Loops": 1,
          "Inner Unique": false,
          "Merge Cond": "(t.id = ci.movie_id)",
          "Plans": [
            {
              "Node Type": "Merge Join",
              "Parent Relationship": "Outer",
              "Parallel Aware": false,
              "Join Type": "Inner",
              "Startup Cost": 358807.75,
              "Total Cost": 475351.06,
              "Plan Rows": 169,
              "Plan Width": 12,
              "Actual Startup Time": 1457.114,
              "Actual Total Time": 2715.466,
              "Actual Rows": 148552,
              "Actual Loops": 1,
              "Inner Unique": false,
              "Merge Cond": "(t.id = mk.movie_id)",
              "Plans": [
                {
                  "Node Type": "Index Only Scan",
                  "Parent Relationship": "Outer",
                  "Parallel Aware": false,
                  "Scan Direction": "Forward",
                  "Index Name": "title_pkey",
                  "Relation Name": "title",
                  "Alias": "t",
                  "Startup Cost": 0.43,
                  "Total Cost": 110359.06,
                  "Plan Rows": 2528509,
                  "Plan Width": 4,
                  "Actual Startup Time": 0.023,
                  "Actual Total Time": 1096.49,
                  "Actual Rows": 2525673,
                  "Actual Loops": 1,
                  "Heap Fetches": 2525673
                },
                {
                  "Node Type": "Sort",
                  "Parent Relationship": "Inner",
                  "Parallel Aware": false,
                  "Startup Cost": 358794.12,
                  "Total Cost": 358794.54,
                  "Plan Rows": 169,
                  "Plan Width": 8,
                  "Actual Startup Time": 1454.927,
                  "Actual Total Time": 1481.178,
                  "Actual Rows": 148552,
                  "Actual Loops": 1,
                  "Sort Key": [
                    "mc.movie_id"
                  ],
                  "Sort Method": "quicksort",
                  "Sort Space Used": 13108,
                  "Sort Space Type": "Memory",
                  "Plans": [
                    {
                      "Node Type": "Merge Join",
                      "Parent Relationship": "Outer",
                      "Parallel Aware": false,
                      "Join Type": "Inner",
                      "Startup Cost": 346324.19,
                      "Total Cost": 358787.87,
                      "Plan Rows": 169,
                      "Plan Width": 8,
                      "Actual Startup Time": 1258.097,
                      "Actual Total Time": 1420.098,
                      "Actual Rows": 148552,
                      "Actual Loops": 1,
                      "Inner Unique": false,
                      "Merge Cond": "(cn.id = mc.company_id)",
                      "Plans": [
                        {
                          "Node Type": "Index Only Scan",
                          "Parent Relationship": "Outer",
                          "Parallel Aware": false,
                          "Scan Direction": "Forward",
                          "Index Name": "company_name_pkey",
                          "Relation Name": "company_name",
                          "Alias": "cn",
                          "Startup Cost": 0.42,
                          "Total Cost": 11881.93,
                          "Plan Rows": 234997,
                          "Plan Width": 4,
                          "Actual Startup Time": 0.019,
                          "Actual Total Time": 116.158,
                          "Actual Rows": 234934,
                          "Actual Loops": 1,
                          "Heap Fetches": 234934
                        },
                        {
                          "Node Type": "Sort",
                          "Parent Relationship": "Inner",
                          "Parallel Aware": false,
                          "Startup Cost": 346323.74,
                          "Total Cost": 346324.17,
                          "Plan Rows": 170,
                          "Plan Width": 12,
                          "Actual Startup Time": 1258.073,
                          "Actual Total Time": 1273.543,
                          "Actual Rows": 148552,
                          "Actual Loops": 1,
                          "Sort Key": [
                            "mc.company_id"
                          ],
                          "Sort Method": "quicksort",
                          "Sort Space Used": 13108,
                          "Sort Space Type": "Memory",
                          "Plans": [
                            {
                              "Node Type": "Merge Join",
                              "Parent Relationship": "Outer",
                              "Parallel Aware": false,
                              "Join Type": "Inner",
                              "Startup Cost": 199395.79,
                              "Total Cost": 346317.44,
                              "Plan Rows": 170,
                              "Plan Width": 12,
                              "Actual Startup Time": 451.382,
                              "Actual Total Time": 1222.842,
                              "Actual Rows": 148552,
                              "Actual Loops": 1,
                              "Inner Unique": false,
                              "Merge Cond": "(mc.movie_id = mk.movie_id)",
                              "Plans": [
                                {
                                  "Node Type": "Index Scan",
                                  "Parent Relationship": "Outer",
                                  "Parallel Aware": false,
                                  "Scan Direction": "Forward",
                                  "Index Name": "movie_id_movie_companies",
                                  "Relation Name": "movie_companies",
                                  "Alias": "mc",
                                  "Startup Cost": 0.43,
                                  "Total Cost": 140404.76,
                                  "Plan Rows": 2609129,
                                  "Plan Width": 8,
                                  "Actual Startup Time": 0.013,
                                  "Actual Total Time": 576.268,
                                  "Actual Rows": 2609129,
                                  "Actual Loops": 1
                                },
                                {
                                  "Node Type": "Sort",
                                  "Parent Relationship": "Inner",
                                  "Parallel Aware": false,
                                  "Startup Cost": 199387.31,
                                  "Total Cost": 199387.39,
                                  "Plan Rows": 34,
                                  "Plan Width": 4,
                                  "Actual Startup Time": 451.105,
                                  "Actual Total Time": 461.236,
                                  "Actual Rows": 154814,
                                  "Actual Loops": 1,
                                  "Sort Key": [
                                    "mk.movie_id"
                                  ],
                                  "Sort Method": "quicksort",
                                  "Sort Space Used": 3498,
                                  "Sort Space Type": "Memory",
                                  "Plans": [
                                    {
                                      "Node Type": "Gather",
                                      "Parent Relationship": "Outer",
                                      "Parallel Aware": false,
                                      "Startup Cost": 192112.09,
                                      "Total Cost": 199386.44,
                                      "Plan Rows": 34,
                                      "Plan Width": 4,
                                      "Actual Startup Time": 427.743,
                                      "Actual Total Time": 441.633,
                                      "Actual Rows": 41840,
                                      "Actual Loops": 1,
                                      "Workers Planned": 3,
                                      "Workers Launched": 3,
                                      "Single Copy": false,
                                      "Plans": [
                                        {
                                          "Node Type": "Merge Join",
                                          "Parent Relationship": "Outer",
                                          "Parallel Aware": false,
                                          "Join Type": "Inner",
                                          "Startup Cost": 191112.09,
                                          "Total Cost": 198383.04,
                                          "Plan Rows": 11,
                                          "Plan Width": 4,
                                          "Actual Startup Time": 412.925,
                                          "Actual Total Time": 415.929,
                                          "Actual Rows": 10460,
                                          "Actual Loops": 4,
                                          "Inner Unique": true,
                                          "Merge Cond": "(mk.keyword_id = k.id)",
                                          "Plans": [
                                            {
                                              "Node Type": "Sort",
                                              "Parent Relationship": "Outer",
                                              "Parallel Aware": false,
                                              "Startup Cost": 188460.13,
                                              "Total Cost": 192108.46,
                                              "Plan Rows": 1459332,
                                              "Plan Width": 8,
                                              "Actual Startup Time": 393.942,
                                              "Actual Total Time": 401.358,
                                              "Actual Rows": 40941,
                                              "Actual Loops": 4,
                                              "Sort Key": [
                                                "mk.keyword_id"
                                              ],
                                              "Sort Method": "quicksort",
                                              "Sort Space Used": 106101,
                                              "Sort Space Type": "Memory",
                                              "Workers": [
                                                {
                                                  "Worker Number": 0,
                                                  "Sort Method": "quicksort",
                                                  "Sort Space Used": 100395,
                                                  "Sort Space Type": "Memory"
                                                },
                                                {
                                                  "Worker Number": 1,
                                                  "Sort Method": "quicksort",
                                                  "Sort Space Used": 100426,
                                                  "Sort Space Type": "Memory"
                                                },
                                                {
                                                  "Worker Number": 2,
                                                  "Sort Method": "quicksort",
                                                  "Sort Space Used": 101747,
                                                  "Sort Space Type": "Memory"
                                                }
                                              ],
                                              "Plans": [
                                                {
                                                  "Node Type": "Seq Scan",
                                                  "Parent Relationship": "Outer",
                                                  "Parallel Aware": true,
                                                  "Relation Name": "movie_keyword",
                                                  "Alias": "mk",
                                                  "Startup Cost": 0.0,
                                                  "Total Cost": 39047.32,
                                                  "Plan Rows": 1459332,
                                                  "Plan Width": 8,
                                                  "Actual Startup Time": 0.053,
                                                  "Actual Total Time": 131.031,
                                                  "Actual Rows": 1130982,
                                                  "Actual Loops": 4
                                                }
                                              ]
                                            },
                                            {
                                              "Node Type": "Sort",
                                              "Parent Relationship": "Inner",
                                              "Parallel Aware": false,
                                              "Startup Cost": 2626.14,
                                              "Total Cost": 2626.14,
                                              "Plan Rows": 1,
                                              "Plan Width": 4,
                                              "Actual Startup Time": 10.979,
                                              "Actual Total Time": 10.98,
                                              "Actual Rows": 1,
                                              "Actual Loops": 4,
                                              "Sort Key": [
                                                "k.id"
                                              ],
                                              "Sort Method": "quicksort",
                                              "Sort Space Used": 25,
                                              "Sort Space Type": "Memory",
                                              "Workers": [
                                                {
                                                  "Worker Number": 0,
                                                  "Sort Method": "quicksort",
                                                  "Sort Space Used": 25,
                                                  "Sort Space Type": "Memory"
                                                },
                                                {
                                                  "Worker Number": 1,
                                                  "Sort Method": "quicksort",
                                                  "Sort Space Used": 25,
                                                  "Sort Space Type": "Memory"
                                                },
                                                {
                                                  "Worker Number": 2,
                                                  "Sort Method": "quicksort",
                                                  "Sort Space Used": 25,
                                                  "Sort Space Type": "Memory"
                                                }
                                              ],
                                              "Plans": [
                                                {
                                                  "Node Type": "Seq Scan",
                                                  "Parent Relationship": "Outer",
                                                  "Parallel Aware": false,
                                                  "Relation Name": "keyword",
                                                  "Alias": "k",
                                                  "Startup Cost": 0.0,
                                                  "Total Cost": 2626.12,
                                                  "Plan Rows": 1,
                                                  "Plan Width": 4,
                                                  "Actual Startup Time": 0.528,
                                                  "Actual Total Time": 10.966,
                                                  "Actual Rows": 1,
                                                  "Actual Loops": 4,
                                                  "Filter": "(keyword = 'character-name-in-title'::text)",
                                                  "Rows Removed by Filter": 134169
                                                }
                                              ]
                                            }
                                          ]
                                        }
                                      ]
                                    }
                                  ]
                                }
                              ]
                            }
                          ]
                        }
                      ]
                    }
                  ]
                }
              ]
            },
            {
              "Node Type": "Sort",
              "Parent Relationship": "Inner",
              "Parallel Aware": false,
              "Startup Cost": 1133285.11,
              "Total Cost": 1133294.18,
              "Plan Rows": 3628,
              "Plan Width": 19,
              "Actual Startup Time": 3912.608,
              "Actual Total Time": 3921.005,
              "Actual Rows": 57957,
              "Actual Loops": 1,
              "Sort Key": [
                "ci.movie_id"
              ],
              "Sort Method": "quicksort",
              "Sort Space Used": 5145,
              "Sort Space Type": "Memory",
              "Plans": [
                {
                  "Node Type": "Gather",
                  "Parent Relationship": "Outer",
                  "Parallel Aware": false,
                  "Startup Cost": 1102485.46,
                  "Total Cost": 1133070.6,
                  "Plan Rows": 3628,
                  "Plan Width": 19,
                  "Actual Startup Time": 3215.424,
                  "Actual Total Time": 3887.226,
                  "Actual Rows": 48290,
                  "Actual Loops": 1,
                  "Workers Planned": 6,
                  "Workers Launched": 6,
                  "Single Copy": false,
                  "Plans": [
                    {
                      "Node Type": "Merge Join",
                      "Parent Relationship": "Outer",
                      "Parallel Aware": false,
                      "Join Type": "Inner",
                      "Startup Cost": 1101485.46,
                      "Total Cost": 1131707.8,
                      "Plan Rows": 605,
                      "Plan Width": 19,
                      "Actual Startup Time": 3122.505,
                      "Actual Total Time": 3647.029,
                      "Actual Rows": 6899,
                      "Actual Loops": 7,
                      "Inner Unique": true,
                      "Merge Cond": "(ci.person_id = n.id)",
                      "Plans": [
                        {
                          "Node Type": "Sort",
                          "Parent Relationship": "Outer",
                          "Parallel Aware": false,
                          "Startup Cost": 993761.51,
                          "Total Cost": 1008868.93,
                          "Plan Rows": 6042971,
                          "Plan Width": 8,
                          "Actual Startup Time": 2572.946,
                          "Actual Total Time": 2822.757,
                          "Actual Rows": 5177763,
                          "Actual Loops": 7,
                          "Sort Key": [
                            "ci.person_id"
                          ],
                          "Sort Method": "quicksort",
                          "Sort Space Used": 509891,
                          "Sort Space Type": "Memory",
                          "Workers": [
                            {
                              "Worker Number": 0,
                              "Sort Method": "quicksort",
                              "Sort Space Used": 294800,
                              "Sort Space Type": "Memory"
                            },
                            {
                              "Worker Number": 1,
                              "Sort Method": "quicksort",
                              "Sort Space Used": 394393,
                              "Sort Space Type": "Memory"
                            },
                            {
                              "Worker Number": 2,
                              "Sort Method": "quicksort",
                              "Sort Space Used": 394220,
                              "Sort Space Type": "Memory"
                            },
                            {
                              "Worker Number": 3,
                              "Sort Method": "quicksort",
                              "Sort Space Used": 495597,
                              "Sort Space Type": "Memory"
                            },
                            {
                              "Worker Number": 4,
                              "Sort Method": "quicksort",
                              "Sort Space Used": 393803,
                              "Sort Space Type": "Memory"
                            },
                            {
                              "Worker Number": 5,
                              "Sort Method": "quicksort",
                              "Sort Space Used": 494204,
                              "Sort Space Type": "Memory"
                            }
                          ],
                          "Plans": [
                            {
                              "Node Type": "Seq Scan",
                              "Parent Relationship": "Outer",
                              "Parallel Aware": true,
                              "Relation Name": "cast_info",
                              "Alias": "ci",
                              "Startup Cost": 0.0,
                              "Total Cost": 313116.71,
                              "Plan Rows": 6042971,
                              "Plan Width": 8,
                              "Actual Startup Time": 0.068,
                              "Actual Total Time": 825.344,
                              "Actual Rows": 5177763,
                              "Actual Loops": 7
                            }
                          ]
                        },
                        {
                          "Node Type": "Sort",
                          "Parent Relationship": "Inner",
                          "Parallel Aware": false,
                          "Startup Cost": 107723.36,
                          "Total Cost": 107724.4,
                          "Plan Rows": 417,
                          "Plan Width": 19,
                          "Actual Startup Time": 548.698,
                          "Actual Total Time": 549.138,
                          "Actual Rows": 5082,
                          "Actual Loops": 7,
                          "Sort Key": [
                            "n.id"
                          ],
                          "Sort Method": "quicksort",
                          "Sort Space Used": 587,
                          "Sort Space Type": "Memory",
                          "Workers": [
                            {
                              "Worker Number": 0,
                              "Sort Method": "quicksort",
                              "Sort Space Used": 587,
                              "Sort Space Type": "Memory"
                            },
                            {
                              "Worker Number": 1,
                              "Sort Method": "quicksort",
                              "Sort Space Used": 587,
                              "Sort Space Type": "Memory"
                            },
                            {
                              "Worker Number": 2,
                              "Sort Method": "quicksort",
                              "Sort Space Used": 587,
                              "Sort Space Type": "Memory"
                            },
                            {
                              "Worker Number": 3,
                              "Sort Method": "quicksort",
                              "Sort Space Used": 587,
                              "Sort Space Type": "Memory"
                            },
                            {
                              "Worker Number": 4,
                              "Sort Method": "quicksort",
                              "Sort Space Used": 587,
                              "Sort Space Type": "Memory"
                            },
                            {
                              "Worker Number": 5,
                              "Sort Method": "quicksort",
                              "Sort Space Used": 587,
                              "Sort Space Type": "Memory"
                            }
                          ],
                          "Plans": [
                            {
                              "Node Type": "Seq Scan",
                              "Parent Relationship": "Outer",
                              "Parallel Aware": false,
                              "Relation Name": "name",
                              "Alias": "n",
                              "Startup Cost": 0.0,
                              "Total Cost": 107705.21,
                              "Plan Rows": 417,
                              "Plan Width": 19,
                              "Actual Startup Time": 0.86,
                              "Actual Total Time": 546.109,
                              "Actual Rows": 5216,
                              "Actual Loops": 7,
                              "Filter": "(name ~~ '%Bert%'::text)",
                              "Rows Removed by Filter": 4162275
                            }
                          ]
                        }
                      ]
                    }
                  ]
                }
              ]
            }
          ]
        }
      ]
    },
    "Planning Time": 348.966,
    "Triggers": [],
    "Execution Time": 6684.378
  }
]