{
  "Plan": {
    "Node Type": "Aggregate",
    "Strategy": "Plain",
    "Partial Mode": "Finalize",
    "Parallel Aware": false,
    "Startup Cost": 342676.15,
    "Total Cost": 342676.16,
    "Plan Rows": 1,
    "Plan Width": 8,
    "Actual Startup Time": 1135.517,
    "Actual Total Time": 1184.829,
    "Actual Rows": 1,
    "Actual Loops": 1,
    "Plans": [
      {
        "Node Type": "Gather",
        "Parent Relationship": "Outer",
        "Parallel Aware": false,
        "Startup Cost": 342676.04,
        "Total Cost": 342676.15,
        "Plan Rows": 1,
        "Plan Width": 8,
        "Actual Startup Time": 1135.307,
        "Actual Total Time": 1184.821,
        "Actual Rows": 2,
        "Actual Loops": 1,
        "Workers Planned": 1,
        "Workers Launched": 1,
        "Single Copy": false,
        "Plans": [
          {
            "Node Type": "Aggregate",
            "Strategy": "Plain",
            "Partial Mode": "Partial",
            "Parent Relationship": "Outer",
            "Parallel Aware": false,
            "Startup Cost": 341676.04,
            "Total Cost": 341676.05,
            "Plan Rows": 1,
            "Plan Width": 8,
            "Actual Startup Time": 1129.328,
            "Actual Total Time": 1129.331,
            "Actual Rows": 1,
            "Actual Loops": 2,
            "Plans": [
              {
                "Node Type": "Hash Join",
                "Parent Relationship": "Outer",
                "Parallel Aware": true,
                "Join Type": "Inner",
                "Startup Cost": 56230.73,
                "Total Cost": 341573.43,
                "Plan Rows": 41041,
                "Plan Width": 0,
                "Actual Startup Time": 139.144,
                "Actual Total Time": 1126.541,
                "Actual Rows": 55081,
                "Actual Loops": 2,
                "Inner Unique": true,
                "Hash Cond": "(mi.movie_id = t.id)",
                "Plans": [
                  {
                    "Node Type": "Seq Scan",
                    "Parent Relationship": "Outer",
                    "Parallel Aware": true,
                    "Relation Name": "movie_info",
                    "Alias": "mi",
                    "Startup Cost": 0.0,
                    "Total Cost": 270696.42,
                    "Plan Rows": 5579529,
                    "Plan Width": 4,
                    "Actual Startup Time": 0.012,
                    "Actual Total Time": 689.744,
                    "Actual Rows": 4782576,
                    "Actual Loops": 2,
                    "Filter": "(info_type_id < 16)",
                    "Rows Removed by Filter": 2635284
                  },
                  {
                    "Node Type": "Hash",
                    "Parent Relationship": "Inner",
                    "Parallel Aware": true,
                    "Startup Cost": 56093.99,
                    "Total Cost": 56093.99,
                    "Plan Rows": 10939,
                    "Plan Width": 4,
                    "Actual Startup Time": 137.422,
                    "Actual Total Time": 137.423,
                    "Actual Rows": 6202,
                    "Actual Loops": 2,
                    "Hash Buckets": 32768,
                    "Original Hash Buckets": 32768,
                    "Hash Batches": 1,
                    "Original Hash Batches": 1,
                    "Peak Memory Usage": 768,
                    "Plans": [
                      {
                        "Node Type": "Bitmap Heap Scan",
                        "Parent Relationship": "Outer",
                        "Parallel Aware": true,
                        "Relation Name": "title",
                        "Alias": "t",
                        "Startup Cost": 13443.61,
                        "Total Cost": 56093.99,
                        "Plan Rows": 10939,
                        "Plan Width": 4,
                        "Actual Startup Time": 51.011,
                        "Actual Total Time": 135.463,
                        "Actual Rows": 6202,
                        "Actual Loops": 2,
                        "Recheck Cond": "(kind_id < 3)",
                        "Rows Removed by Index Recheck": 0,
                        "Filter": "(production_year = 2002)",
                        "Rows Removed by Filter": 370636,
                        "Exact Heap Blocks": 27664,
                        "Lossy Heap Blocks": 0,
                        "Plans": [
                          {
                            "Node Type": "Bitmap Index Scan",
                            "Parent Relationship": "Outer",
                            "Parallel Aware": false,
                            "Index Name": "kind_id_title",
                            "Startup Cost": 0.0,
                            "Total Cost": 13438.96,
                            "Plan Rows": 753937,
                            "Plan Width": 0,
                            "Actual Startup Time": 49.124,
                            "Actual Total Time": 49.124,
                            "Actual Rows": 753677,
                            "Actual Loops": 1,
                            "Index Cond": "(kind_id < 3)"
                          }
                        ]
                      }
                    ]
                  }
                ]
              }
            ]
          }
        ]
      }
    ]
  },
  "Planning Time": 0.499,
  "Triggers": [],
  "Execution Time": 1184.937
}