[
  {
    "Plan": {
      "Node Type": "Aggregate",
      "Strategy": "Plain",
      "Partial Mode": "Finalize",
      "Parallel Aware": false,
      "Startup Cost": 318113.91,
      "Total Cost": 318113.92,
      "Plan Rows": 1,
      "Plan Width": 8,
      "Actual Startup Time": 249.936,
      "Actual Total Time": 265.804,
      "Actual Rows": 1,
      "Actual Loops": 1,
      "Plans": [
        {
          "Node Type": "Gather",
          "Parent Relationship": "Outer",
          "Parallel Aware": false,
          "Startup Cost": 318113.49,
          "Total Cost": 318113.9,
          "Plan Rows": 4,
          "Plan Width": 8,
          "Actual Startup Time": 248.775,
          "Actual Total Time": 265.792,
          "Actual Rows": 5,
          "Actual Loops": 1,
          "Workers Planned": 4,
          "Workers Launched": 4,
          "Single Copy": false,
          "Plans": [
            {
              "Node Type": "Aggregate",
              "Strategy": "Plain",
              "Partial Mode": "Partial",
              "Parent Relationship": "Outer",
              "Parallel Aware": false,
              "Startup Cost": 317113.49,
              "Total Cost": 317113.5,
              "Plan Rows": 1,
              "Plan Width": 8,
              "Actual Startup Time": 241.186,
              "Actual Total Time": 241.19,
              "Actual Rows": 1,
              "Actual Loops": 5,
              "Plans": [
                {
                  "Node Type": "Hash Join",
                  "Parent Relationship": "Outer",
                  "Parallel Aware": true,
                  "Join Type": "Inner",
                  "Startup Cost": 268186.46,
                  "Total Cost": 316940.95,
                  "Plan Rows": 69017,
                  "Plan Width": 0,
                  "Actual Startup Time": 93.844,
                  "Actual Total Time": 239.427,
                  "Actual Rows": 30733,
                  "Actual Loops": 5,
                  "Inner Unique": false,
                  "Hash Cond": "(t.id = ci.movie_id)",
                  "Plans": [
                    {
                      "Node Type": "Seq Scan",
                      "Parent Relationship": "Outer",
                      "Parallel Aware": true,
                      "Relation Name": "title",
                      "Alias": "t",
                      "Startup Cost": 0.0,
                      "Total Cost": 42318.73,
                      "Plan Rows": 632073,
                      "Plan Width": 4,
                      "Actual Startup Time": 0.011,
                      "Actual Total Time": 69.902,
                      "Actual Rows": 505662,
                      "Actual Loops": 5
                    },
                    {
                      "Node Type": "Hash",
                      "Parent Relationship": "Inner",
                      "Parallel Aware": true,
                      "Startup Cost": 267611.32,
                      "Total Cost": 267611.32,
                      "Plan Rows": 46011,
                      "Plan Width": 4,
                      "Actual Startup Time": 91.205,
                      "Actual Total Time": 91.207,
                      "Actual Rows": 30733,
                      "Actual Loops": 5,
                      "Hash Buckets": 524288,
                      "Original Hash Buckets": 524288,
                      "Hash Batches": 1,
                      "Original Hash Batches": 1,
                      "Peak Memory Usage": 10208,
                      "Plans": [
                        {
                          "Node Type": "Bitmap Heap Scan",
                          "Parent Relationship": "Outer",
                          "Parallel Aware": true,
                          "Relation Name": "cast_info",
                          "Alias": "ci",
                          "Startup Cost": 13398.64,
                          "Total Cost": 267611.32,
                          "Plan Rows": 46011,
                          "Plan Width": 4,
                          "Actual Startup Time": 62.207,
                          "Actual Total Time": 75.417,
                          "Actual Rows": 30733,
                          "Actual Loops": 5,
                          "Recheck Cond": "(person_id < 64207)",
                          "Rows Removed by Index Recheck": 0,
                          "Filter": "(role_id > 2)",
                          "Rows Removed by Filter": 87922,
                          "Exact Heap Blocks": 2257,
                          "Lossy Heap Blocks": 0,
                          "Plans": [
                            {
                              "Node Type": "Bitmap Index Scan",
                              "Parent Relationship": "Outer",
                              "Parallel Aware": false,
                              "Index Name": "person_id_cast_info",
                              "Startup Cost": 0.0,
                              "Total Cost": 13329.62,
                              "Plan Rows": 610274,
                              "Plan Width": 0,
                              "Actual Startup Time": 32.967,
                              "Actual Total Time": 32.967,
                              "Actual Rows": 593275,
                              "Actual Loops": 1,
                              "Index Cond": "(person_id < 64207)"
                            }
                          ]
                        }
                      ]
                    }
                  ]
                }
              ]
            }
          ]
        }
      ]
    },
    "Planning Time": 0.645,
    "Triggers": [],
    "Execution Time": 265.904
  }
]