[
  {
    "Plan": {
      "Node Type": "Aggregate",
      "Strategy": "Plain",
      "Partial Mode": "Finalize",
      "Parallel Aware": false,
      "Startup Cost": 94014.13,
      "Total Cost": 94014.14,
      "Plan Rows": 1,
      "Plan Width": 8,
      "Actual Startup Time": 353.448,
      "Actual Total Time": 384.367,
      "Actual Rows": 1,
      "Actual Loops": 1,
      "Plans": [
        {
          "Node Type": "Gather",
          "Parent Relationship": "Outer",
          "Parallel Aware": false,
          "Startup Cost": 94013.81,
          "Total Cost": 94014.12,
          "Plan Rows": 3,
          "Plan Width": 8,
          "Actual Startup Time": 352.827,
          "Actual Total Time": 384.358,
          "Actual Rows": 4,
          "Actual Loops": 1,
          "Workers Planned": 3,
          "Workers Launched": 3,
          "Single Copy": false,
          "Plans": [
            {
              "Node Type": "Aggregate",
              "Strategy": "Plain",
              "Partial Mode": "Partial",
              "Parent Relationship": "Outer",
              "Parallel Aware": false,
              "Startup Cost": 93013.81,
              "Total Cost": 93013.82,
              "Plan Rows": 1,
              "Plan Width": 8,
              "Actual Startup Time": 343.298,
              "Actual Total Time": 343.302,
              "Actual Rows": 1,
              "Actual Loops": 4,
              "Plans": [
                {
                  "Node Type": "Nested Loop",
                  "Parent Relationship": "Outer",
                  "Parallel Aware": false,
                  "Join Type": "Inner",
                  "Startup Cost": 38881.22,
                  "Total Cost": 92894.08,
                  "Plan Rows": 47891,
                  "Plan Width": 0,
                  "Actual Startup Time": 134.061,
                  "Actual Total Time": 336.967,
                  "Actual Rows": 126164,
                  "Actual Loops": 4,
                  "Inner Unique": false,
                  "Join Filter": "(t.id = mi.movie_id)",
                  "Rows Removed by Join Filter": 0,
                  "Plans": [
                    {
                      "Node Type": "Hash Join",
                      "Parent Relationship": "Outer",
                      "Parallel Aware": true,
                      "Join Type": "Inner",
                      "Startup Cost": 38880.79,
                      "Total Cost": 71048.7,
                      "Plan Rows": 8190,
                      "Plan Width": 8,
                      "Actual Startup Time": 133.957,
                      "Actual Total Time": 181.732,
                      "Actual Rows": 13696,
                      "Actual Loops": 4,
                      "Inner Unique": true,
                      "Hash Cond": "(mc.movie_id = t.id)",
                      "Plans": [
                        {
                          "Node Type": "Seq Scan",
                          "Parent Relationship": "Outer",
                          "Parallel Aware": true,
                          "Relation Name": "movie_companies",
                          "Alias": "mc",
                          "Startup Cost": 0.0,
                          "Total Cost": 31414.82,
                          "Plan Rows": 286895,
                          "Plan Width": 4,
                          "Actual Startup Time": 35.216,
                          "Actual Total Time": 71.348,
                          "Actual Rows": 271270,
                          "Actual Loops": 4,
                          "Filter": "((company_id > 2383) AND (company_type_id = 2))",
                          "Rows Removed by Filter": 381012
                        },
                        {
                          "Node Type": "Hash",
                          "Parent Relationship": "Inner",
                          "Parallel Aware": true,
                          "Startup Cost": 38655.24,
                          "Total Cost": 38655.24,
                          "Plan Rows": 18044,
                          "Plan Width": 4,
                          "Actual Startup Time": 72.88,
                          "Actual Total Time": 72.882,
                          "Actual Rows": 23584,
                          "Actual Loops": 4,
                          "Hash Buckets": 131072,
                          "Original Hash Buckets": 131072,
                          "Hash Batches": 1,
                          "Original Hash Batches": 1,
                          "Peak Memory Usage": 4800,
                          "Plans": [
                            {
                              "Node Type": "Bitmap Heap Scan",
                              "Parent Relationship": "Outer",
                              "Parallel Aware": true,
                              "Relation Name": "title",
                              "Alias": "t",
                              "Startup Cost": 2198.98,
                              "Total Cost": 38655.24,
                              "Plan Rows": 18044,
                              "Plan Width": 4,
                              "Actual Startup Time": 16.029,
                              "Actual Total Time": 61.141,
                              "Actual Rows": 23584,
                              "Actual Loops": 4,
                              "Recheck Cond": "(kind_id = 4)",
                              "Rows Removed by Index Recheck": 0,
                              "Filter": "(production_year > 1998)",
                              "Rows Removed by Filter": 5975,
                              "Exact Heap Blocks": 7154,
                              "Lossy Heap Blocks": 0,
                              "Plans": [
                                {
                                  "Node Type": "Bitmap Index Scan",
                                  "Parent Relationship": "Outer",
                                  "Parallel Aware": false,
                                  "Index Name": "kind_id_title",
                                  "Startup Cost": 0.0,
                                  "Total Cost": 2180.94,
                                  "Plan Rows": 122201,
                                  "Plan Width": 0,
                                  "Actual Startup Time": 17.276,
                                  "Actual Total Time": 17.276,
                                  "Actual Rows": 118234,
                                  "Actual Loops": 1,
                                  "Index Cond": "(kind_id = 4)"
                                }
                              ]
                            }
                          ]
                        }
                      ]
                    },
                    {
                      "Node Type": "Index Only Scan",
                      "Parent Relationship": "Inner",
                      "Parallel Aware": false,
                      "Scan Direction": "Forward",
                      "Index Name": "movie_id_movie_info",
                      "Relation Name": "movie_info",
                      "Alias": "mi",
                      "Startup Cost": 0.43,
                      "Total Cost": 2.14,
                      "Plan Rows": 42,
                      "Plan Width": 4,
                      "Actual Startup Time": 0.004,
                      "Actual Total Time": 0.01,
                      "Actual Rows": 9,
                      "Actual Loops": 54782,
                      "Index Cond": "(movie_id = mc.movie_id)",
                      "Rows Removed by Index Recheck": 0,
                      "Heap Fetches": 504654
                    }
                  ]
                }
              ]
            }
          ]
        }
      ]
    },
    "Planning Time": 1.609,
    "Triggers": [],
    "Execution Time": 384.484
  }
]