[
  {
    "Plan": {
      "Node Type": "Aggregate",
      "Strategy": "Plain",
      "Partial Mode": "Finalize",
      "Parallel Aware": false,
      "Startup Cost": 74307.0,
      "Total Cost": 74307.01,
      "Plan Rows": 1,
      "Plan Width": 8,
      "Actual Startup Time": 238.139,
      "Actual Total Time": 252.986,
      "Actual Rows": 1,
      "Actual Loops": 1,
      "Plans": [
        {
          "Node Type": "Gather",
          "Parent Relationship": "Outer",
          "Parallel Aware": false,
          "Startup Cost": 74306.47,
          "Total Cost": 74306.98,
          "Plan Rows": 5,
          "Plan Width": 8,
          "Actual Startup Time": 238.014,
          "Actual Total Time": 252.976,
          "Actual Rows": 6,
          "Actual Loops": 1,
          "Workers Planned": 5,
          "Workers Launched": 5,
          "Single Copy": false,
          "Plans": [
            {
              "Node Type": "Aggregate",
              "Strategy": "Plain",
              "Partial Mode": "Partial",
              "Parent Relationship": "Outer",
              "Parallel Aware": false,
              "Startup Cost": 73306.47,
              "Total Cost": 73306.48,
              "Plan Rows": 1,
              "Plan Width": 8,
              "Actual Startup Time": 232.998,
              "Actual Total Time": 232.999,
              "Actual Rows": 1,
              "Actual Loops": 6,
              "Plans": [
                {
                  "Node Type": "Index Scan",
                  "Parent Relationship": "Outer",
                  "Parallel Aware": true,
                  "Scan Direction": "Forward",
                  "Index Name": "role_id_cast_info",
                  "Relation Name": "cast_info",
                  "Alias": "ci",
                  "Startup Cost": 0.56,
                  "Total Cost": 72913.16,
                  "Plan Rows": 157327,
                  "Plan Width": 0,
                  "Actual Startup Time": 0.138,
                  "Actual Total Time": 220.75,
                  "Actual Rows": 216755,
                  "Actual Loops": 6,
                  "Index Cond": "(role_id = 4)",
                  "Rows Removed by Index Recheck": 0,
                  "Filter": "(person_id > 2654223)",
                  "Rows Removed by Filter": 238069
                }
              ]
            }
          ]
        }
      ]
    },
    "Planning Time": 0.098,
    "Triggers": [],
    "Execution Time": 253.015
  }
]