{
  "Plan": {
    "Node Type": "Aggregate",
    "Strategy": "Plain",
    "Partial Mode": "Finalize",
    "Parallel Aware": false,
    "Startup Cost": 678303.86,
    "Total Cost": 678303.87,
    "Plan Rows": 1,
    "Plan Width": 8,
    "Actual Startup Time": 2011.5,
    "Actual Total Time": 2083.849,
    "Actual Rows": 1,
    "Actual Loops": 1,
    "Plans": [
      {
        "Node Type": "Gather",
        "Parent Relationship": "Outer",
        "Parallel Aware": false,
        "Startup Cost": 678303.75,
        "Total Cost": 678303.86,
        "Plan Rows": 1,
        "Plan Width": 8,
        "Actual Startup Time": 2010.015,
        "Actual Total Time": 2083.842,
        "Actual Rows": 2,
        "Actual Loops": 1,
        "Workers Planned": 1,
        "Workers Launched": 1,
        "Single Copy": false,
        "Plans": [
          {
            "Node Type": "Aggregate",
            "Strategy": "Plain",
            "Partial Mode": "Partial",
            "Parent Relationship": "Outer",
            "Parallel Aware": false,
            "Startup Cost": 677303.75,
            "Total Cost": 677303.76,
            "Plan Rows": 1,
            "Plan Width": 8,
            "Actual Startup Time": 2003.878,
            "Actual Total Time": 2003.882,
            "Actual Rows": 1,
            "Actual Loops": 2,
            "Plans": [
              {
                "Node Type": "Nested Loop",
                "Parent Relationship": "Outer",
                "Parallel Aware": false,
                "Join Type": "Inner",
                "Startup Cost": 63319.3,
                "Total Cost": 673979.67,
                "Plan Rows": 1329631,
                "Plan Width": 0,
                "Actual Startup Time": 235.801,
                "Actual Total Time": 1955.998,
                "Actual Rows": 1053686,
                "Actual Loops": 2,
                "Inner Unique": false,
                "Join Filter": "(t.id = ci.movie_id)",
                "Rows Removed by Join Filter": 0,
                "Plans": [
                  {
                    "Node Type": "Hash Join",
                    "Parent Relationship": "Outer",
                    "Parallel Aware": true,
                    "Join Type": "Inner",
                    "Startup Cost": 63318.73,
                    "Total Cost": 81502.52,
                    "Plan Rows": 218870,
                    "Plan Width": 8,
                    "Actual Startup Time": 235.619,
                    "Actual Total Time": 395.718,
                    "Actual Rows": 105196,
                    "Actual Loops": 2,
                    "Inner Unique": true,
                    "Hash Cond": "(mi_idx.movie_id = t.id)",
                    "Plans": [
                      {
                        "Node Type": "Seq Scan",
                        "Parent Relationship": "Outer",
                        "Parallel Aware": true,
                        "Relation Name": "movie_info_idx",
                        "Alias": "mi_idx",
                        "Startup Cost": 0.0,
                        "Total Cost": 16052.85,
                        "Plan Rows": 811785,
                        "Plan Width": 4,
                        "Actual Startup Time": 0.018,
                        "Actual Total Time": 47.89,
                        "Actual Rows": 690018,
                        "Actual Loops": 2
                      },
                      {
                        "Node Type": "Hash",
                        "Parent Relationship": "Inner",
                        "Parallel Aware": true,
                        "Startup Cost": 58306.47,
                        "Total Cost": 58306.47,
                        "Plan Rows": 400981,
                        "Plan Width": 4,
                        "Actual Startup Time": 226.492,
                        "Actual Total Time": 226.493,
                        "Actual Rows": 298248,
                        "Actual Loops": 2,
                        "Hash Buckets": 1048576,
                        "Original Hash Buckets": 1048576,
                        "Hash Batches": 1,
                        "Original Hash Batches": 1,
                        "Peak Memory Usage": 31552,
                        "Plans": [
                          {
                            "Node Type": "Seq Scan",
                            "Parent Relationship": "Outer",
                            "Parallel Aware": true,
                            "Relation Name": "title",
                            "Alias": "t",
                            "Startup Cost": 0.0,
                            "Total Cost": 58306.47,
                            "Plan Rows": 400981,
                            "Plan Width": 4,
                            "Actual Startup Time": 0.036,
                            "Actual Total Time": 151.064,
                            "Actual Rows": 298248,
                            "Actual Loops": 2,
                            "Filter": "((production_year < 2002) AND (kind_id = 7))",
                            "Rows Removed by Filter": 965908
                          }
                        ]
                      }
                    ]
                  },
                  {
                    "Node Type": "Index Scan",
                    "Parent Relationship": "Inner",
                    "Parallel Aware": false,
                    "Scan Direction": "Forward",
                    "Index Name": "movie_id_cast_info",
                    "Relation Name": "cast_info",
                    "Alias": "ci",
                    "Startup Cost": 0.56,
                    "Total Cost": 2.51,
                    "Plan Rows": 16,
                    "Plan Width": 4,
                    "Actual Startup Time": 0.006,
                    "Actual Total Time": 0.014,
                    "Actual Rows": 10,
                    "Actual Loops": 210393,
                    "Index Cond": "(movie_id = mi_idx.movie_id)",
                    "Rows Removed by Index Recheck": 0,
                    "Filter": "((person_id < 2404194) AND (role_id > 1))",
                    "Rows Removed by Filter": 20
                  }
                ]
              }
            ]
          }
        ]
      }
    ]
  },
  "Planning Time": 0.999,
  "Triggers": [],
  "Execution Time": 2083.972
}