[
  {
    "Plan": {
      "Node Type": "Aggregate",
      "Strategy": "Plain",
      "Partial Mode": "Simple",
      "Parallel Aware": false,
      "Startup Cost": 9192.48,
      "Total Cost": 9192.49,
      "Plan Rows": 1,
      "Plan Width": 8,
      "Actual Startup Time": 4.934,
      "Actual Total Time": 4.936,
      "Actual Rows": 1,
      "Actual Loops": 1,
      "Plans": [
        {
          "Node Type": "Index Scan",
          "Parent Relationship": "Outer",
          "Parallel Aware": false,
          "Scan Direction": "Forward",
          "Index Name": "company_id_movie_companies",
          "Relation Name": "movie_companies",
          "Alias": "mc",
          "Startup Cost": 0.43,
          "Total Cost": 9187.8,
          "Plan Rows": 1871,
          "Plan Width": 0,
          "Actual Startup Time": 0.071,
          "Actual Total Time": 4.587,
          "Actual Rows": 1947,
          "Actual Loops": 1,
          "Index Cond": "(company_id = 181)",
          "Rows Removed by Index Recheck": 0,
          "Filter": "(company_type_id < 2)",
          "Rows Removed by Filter": 1433
        }
      ]
    },
    "Planning Time": 0.223,
    "Triggers": [],
    "Execution Time": 4.992
  }
]