{
  "Plan": {
    "Node Type": "Aggregate",
    "Strategy": "Plain",
    "Partial Mode": "Finalize",
    "Parallel Aware": false,
    "Startup Cost": 337141.94,
    "Total Cost": 337141.95,
    "Plan Rows": 1,
    "Plan Width": 8,
    "Actual Startup Time": 2165.785,
    "Actual Total Time": 2214.995,
    "Actual Rows": 1,
    "Actual Loops": 1,
    "Plans": [
      {
        "Node Type": "Gather",
        "Parent Relationship": "Outer",
        "Parallel Aware": false,
        "Startup Cost": 337141.83,
        "Total Cost": 337141.94,
        "Plan Rows": 1,
        "Plan Width": 8,
        "Actual Startup Time": 2164.956,
        "Actual Total Time": 2214.987,
        "Actual Rows": 2,
        "Actual Loops": 1,
        "Workers Planned": 1,
        "Workers Launched": 1,
        "Single Copy": false,
        "Plans": [
          {
            "Node Type": "Aggregate",
            "Strategy": "Plain",
            "Partial Mode": "Partial",
            "Parent Relationship": "Outer",
            "Parallel Aware": false,
            "Startup Cost": 336141.83,
            "Total Cost": 336141.84,
            "Plan Rows": 1,
            "Plan Width": 8,
            "Actual Startup Time": 2159.257,
            "Actual Total Time": 2159.26,
            "Actual Rows": 1,
            "Actual Loops": 2,
            "Plans": [
              {
                "Node Type": "Hash Join",
                "Parent Relationship": "Outer",
                "Parallel Aware": true,
                "Join Type": "Inner",
                "Startup Cost": 61096.04,
                "Total Cost": 332879.53,
                "Plan Rows": 1304919,
                "Plan Width": 0,
                "Actual Startup Time": 213.799,
                "Actual Total Time": 2082.509,
                "Actual Rows": 1679858,
                "Actual Loops": 2,
                "Inner Unique": true,
                "Hash Cond": "(mi.movie_id = t.id)",
                "Plans": [
                  {
                    "Node Type": "Seq Scan",
                    "Parent Relationship": "Outer",
                    "Parallel Aware": true,
                    "Relation Name": "movie_info",
                    "Alias": "mi",
                    "Startup Cost": 0.0,
                    "Total Cost": 248955.74,
                    "Plan Rows": 8696274,
                    "Plan Width": 4,
                    "Actual Startup Time": 0.01,
                    "Actual Total Time": 702.89,
                    "Actual Rows": 7417860,
                    "Actual Loops": 2
                  },
                  {
                    "Node Type": "Hash",
                    "Parent Relationship": "Inner",
                    "Parallel Aware": true,
                    "Startup Cost": 58306.47,
                    "Total Cost": 58306.47,
                    "Plan Rows": 223166,
                    "Plan Width": 4,
                    "Actual Startup Time": 206.602,
                    "Actual Total Time": 206.603,
                    "Actual Rows": 150061,
                    "Actual Loops": 2,
                    "Hash Buckets": 524288,
                    "Original Hash Buckets": 524288,
                    "Hash Batches": 1,
                    "Original Hash Batches": 1,
                    "Peak Memory Usage": 15872,
                    "Plans": [
                      {
                        "Node Type": "Seq Scan",
                        "Parent Relationship": "Outer",
                        "Parallel Aware": true,
                        "Relation Name": "title",
                        "Alias": "t",
                        "Startup Cost": 0.0,
                        "Total Cost": 58306.47,
                        "Plan Rows": 223166,
                        "Plan Width": 4,
                        "Actual Startup Time": 0.035,
                        "Actual Total Time": 163.866,
                        "Actual Rows": 150061,
                        "Actual Loops": 2,
                        "Filter": "((kind_id < 4) AND (production_year > 2004))",
                        "Rows Removed by Filter": 1114095
                      }
                    ]
                  }
                ]
              }
            ]
          }
        ]
      }
    ]
  },
  "Planning Time": 0.67,
  "Triggers": [],
  "Execution Time": 2215.074
}