[
  {
    "Plan": {
      "Node Type": "Aggregate",
      "Strategy": "Plain",
      "Partial Mode": "Finalize",
      "Parallel Aware": false,
      "Startup Cost": 337490.37,
      "Total Cost": 337490.38,
      "Plan Rows": 1,
      "Plan Width": 8,
      "Actual Startup Time": 715.531,
      "Actual Total Time": 766.451,
      "Actual Rows": 1,
      "Actual Loops": 1,
      "Plans": [
        {
          "Node Type": "Gather",
          "Parent Relationship": "Outer",
          "Parallel Aware": false,
          "Startup Cost": 337489.74,
          "Total Cost": 337490.35,
          "Plan Rows": 6,
          "Plan Width": 8,
          "Actual Startup Time": 715.358,
          "Actual Total Time": 766.438,
          "Actual Rows": 7,
          "Actual Loops": 1,
          "Workers Planned": 6,
          "Workers Launched": 6,
          "Single Copy": false,
          "Plans": [
            {
              "Node Type": "Aggregate",
              "Strategy": "Plain",
              "Partial Mode": "Partial",
              "Parent Relationship": "Outer",
              "Parallel Aware": false,
              "Startup Cost": 336489.74,
              "Total Cost": 336489.75,
              "Plan Rows": 1,
              "Plan Width": 8,
              "Actual Startup Time": 706.908,
              "Actual Total Time": 706.91,
              "Actual Rows": 1,
              "Actual Loops": 7,
              "Plans": [
                {
                  "Node Type": "Seq Scan",
                  "Parent Relationship": "Outer",
                  "Parallel Aware": true,
                  "Relation Name": "cast_info",
                  "Alias": "ci",
                  "Startup Cost": 0.0,
                  "Total Cost": 328211.39,
                  "Plan Rows": 3311341,
                  "Plan Width": 0,
                  "Actual Startup Time": 0.056,
                  "Actual Total Time": 575.794,
                  "Actual Rows": 2873249,
                  "Actual Loops": 7,
                  "Filter": "(person_id < 2020166)",
                  "Rows Removed by Filter": 2304514
                }
              ]
            }
          ]
        }
      ]
    },
    "Planning Time": 0.162,
    "Triggers": [],
    "Execution Time": 766.515
  }
]