[
  {
    "Plan": {
      "Node Type": "Aggregate",
      "Strategy": "Plain",
      "Partial Mode": "Finalize",
      "Parallel Aware": false,
      "Startup Cost": 16871.91,
      "Total Cost": 16871.92,
      "Plan Rows": 1,
      "Plan Width": 8,
      "Actual Startup Time": 12.867,
      "Actual Total Time": 14.625,
      "Actual Rows": 1,
      "Actual Loops": 1,
      "Plans": [
        {
          "Node Type": "Gather",
          "Parent Relationship": "Outer",
          "Parallel Aware": false,
          "Startup Cost": 16871.7,
          "Total Cost": 16871.91,
          "Plan Rows": 2,
          "Plan Width": 8,
          "Actual Startup Time": 9.533,
          "Actual Total Time": 14.611,
          "Actual Rows": 3,
          "Actual Loops": 1,
          "Workers Planned": 2,
          "Workers Launched": 2,
          "Single Copy": false,
          "Plans": [
            {
              "Node Type": "Aggregate",
              "Strategy": "Plain",
              "Partial Mode": "Partial",
              "Parent Relationship": "Outer",
              "Parallel Aware": false,
              "Startup Cost": 15871.7,
              "Total Cost": 15871.71,
              "Plan Rows": 1,
              "Plan Width": 8,
              "Actual Startup Time": 2.953,
              "Actual Total Time": 2.956,
              "Actual Rows": 1,
              "Actual Loops": 3,
              "Plans": [
                {
                  "Node Type": "Nested Loop",
                  "Parent Relationship": "Outer",
                  "Parallel Aware": false,
                  "Join Type": "Inner",
                  "Startup Cost": 75.3,
                  "Total Cost": 15871.49,
                  "Plan Rows": 85,
                  "Plan Width": 0,
                  "Actual Startup Time": 2.35,
                  "Actual Total Time": 2.949,
                  "Actual Rows": 1,
                  "Actual Loops": 3,
                  "Inner Unique": false,
                  "Plans": [
                    {
                      "Node Type": "Nested Loop",
                      "Parent Relationship": "Outer",
                      "Parallel Aware": false,
                      "Join Type": "Inner",
                      "Startup Cost": 74.73,
                      "Total Cost": 14492.5,
                      "Plan Rows": 718,
                      "Plan Width": 8,
                      "Actual Startup Time": 2.213,
                      "Actual Total Time": 2.28,
                      "Actual Rows": 4,
                      "Actual Loops": 3,
                      "Inner Unique": true,
                      "Plans": [
                        {
                          "Node Type": "Bitmap Heap Scan",
                          "Parent Relationship": "Outer",
                          "Parallel Aware": true,
                          "Relation Name": "movie_companies",
                          "Alias": "mc",
                          "Startup Cost": 74.3,
                          "Total Cost": 8744.08,
                          "Plan Rows": 718,
                          "Plan Width": 4,
                          "Actual Startup Time": 2.201,
                          "Actual Total Time": 2.215,
                          "Actual Rows": 4,
                          "Actual Loops": 3,
                          "Recheck Cond": "(company_id = 531)",
                          "Rows Removed by Index Recheck": 0,
                          "Filter": "(company_type_id > 1)",
                          "Rows Removed by Filter": 1014,
                          "Exact Heap Blocks": 783,
                          "Lossy Heap Blocks": 0,
                          "Plans": [
                            {
                              "Node Type": "Bitmap Index Scan",
                              "Parent Relationship": "Outer",
                              "Parallel Aware": false,
                              "Index Name": "company_id_movie_companies",
                              "Startup Cost": 0.0,
                              "Total Cost": 73.87,
                              "Plan Rows": 3392,
                              "Plan Width": 0,
                              "Actual Startup Time": 2.724,
                              "Actual Total Time": 2.725,
                              "Actual Rows": 3053,
                              "Actual Loops": 1,
                              "Index Cond": "(company_id = 531)"
                            }
                          ]
                        },
                        {
                          "Node Type": "Index Only Scan",
                          "Parent Relationship": "Inner",
                          "Parallel Aware": false,
                          "Scan Direction": "Forward",
                          "Index Name": "title_pkey",
                          "Relation Name": "title",
                          "Alias": "t",
                          "Startup Cost": 0.43,
                          "Total Cost": 8.01,
                          "Plan Rows": 1,
                          "Plan Width": 4,
                          "Actual Startup Time": 0.016,
                          "Actual Total Time": 0.016,
                          "Actual Rows": 1,
                          "Actual Loops": 11,
                          "Index Cond": "(id = mc.movie_id)",
                          "Rows Removed by Index Recheck": 0,
                          "Heap Fetches": 11
                        }
                      ]
                    },
                    {
                      "Node Type": "Index Scan",
                      "Parent Relationship": "Inner",
                      "Parallel Aware": false,
                      "Scan Direction": "Forward",
                      "Index Name": "movie_id_cast_info",
                      "Relation Name": "cast_info",
                      "Alias": "ci",
                      "Startup Cost": 0.56,
                      "Total Cost": 1.91,
                      "Plan Rows": 1,
                      "Plan Width": 4,
                      "Actual Startup Time": 0.181,
                      "Actual Total Time": 0.181,
                      "Actual Rows": 0,
                      "Actual Loops": 11,
                      "Index Cond": "(movie_id = t.id)",
                      "Rows Removed by Index Recheck": 0,
                      "Filter": "(role_id > 10)",
                      "Rows Removed by Filter": 51
                    }
                  ]
                }
              ]
            }
          ]
        }
      ]
    },
    "Planning Time": 1.689,
    "Triggers": [],
    "Execution Time": 14.743
  }
]