[
  {
    "Plan": {
      "Node Type": "Aggregate",
      "Strategy": "Plain",
      "Partial Mode": "Finalize",
      "Parallel Aware": false,
      "Startup Cost": 205214.79,
      "Total Cost": 205214.8,
      "Plan Rows": 1,
      "Plan Width": 8,
      "Actual Startup Time": 696.725,
      "Actual Total Time": 726.837,
      "Actual Rows": 1,
      "Actual Loops": 1,
      "Plans": [
        {
          "Node Type": "Gather",
          "Parent Relationship": "Outer",
          "Parallel Aware": false,
          "Startup Cost": 205214.27,
          "Total Cost": 205214.78,
          "Plan Rows": 5,
          "Plan Width": 8,
          "Actual Startup Time": 690.489,
          "Actual Total Time": 726.829,
          "Actual Rows": 6,
          "Actual Loops": 1,
          "Workers Planned": 5,
          "Workers Launched": 5,
          "Single Copy": false,
          "Plans": [
            {
              "Node Type": "Aggregate",
              "Strategy": "Plain",
              "Partial Mode": "Partial",
              "Parent Relationship": "Outer",
              "Parallel Aware": false,
              "Startup Cost": 204214.27,
              "Total Cost": 204214.28,
              "Plan Rows": 1,
              "Plan Width": 8,
              "Actual Startup Time": 683.111,
              "Actual Total Time": 683.114,
              "Actual Rows": 1,
              "Actual Loops": 6,
              "Plans": [
                {
                  "Node Type": "Hash Join",
                  "Parent Relationship": "Outer",
                  "Parallel Aware": true,
                  "Join Type": "Inner",
                  "Startup Cost": 47057.71,
                  "Total Cost": 203072.35,
                  "Plan Rows": 456767,
                  "Plan Width": 0,
                  "Actual Startup Time": 152.111,
                  "Actual Total Time": 659.755,
                  "Actual Rows": 511732,
                  "Actual Loops": 6,
                  "Inner Unique": true,
                  "Hash Cond": "(ci.movie_id = t.id)",
                  "Plans": [
                    {
                      "Node Type": "Index Scan",
                      "Parent Relationship": "Outer",
                      "Parallel Aware": true,
                      "Scan Direction": "Forward",
                      "Index Name": "role_id_cast_info",
                      "Relation Name": "cast_info",
                      "Alias": "ci",
                      "Startup Cost": 0.56,
                      "Total Cost": 153015.11,
                      "Plan Rows": 1142896,
                      "Plan Width": 4,
                      "Actual Startup Time": 0.122,
                      "Actual Total Time": 193.306,
                      "Actual Rows": 955449,
                      "Actual Loops": 6,
                      "Index Cond": "(role_id > 8)",
                      "Rows Removed by Index Recheck": 0
                    },
                    {
                      "Node Type": "Hash",
                      "Parent Relationship": "Inner",
                      "Parallel Aware": true,
                      "Startup Cost": 43899.32,
                      "Total Cost": 43899.32,
                      "Plan Rows": 252626,
                      "Plan Width": 4,
                      "Actual Startup Time": 149.629,
                      "Actual Total Time": 149.63,
                      "Actual Rows": 168820,
                      "Actual Loops": 6,
                      "Hash Buckets": 1048576,
                      "Original Hash Buckets": 1048576,
                      "Hash Batches": 1,
                      "Original Hash Batches": 1,
                      "Peak Memory Usage": 47904,
                      "Plans": [
                        {
                          "Node Type": "Seq Scan",
                          "Parent Relationship": "Outer",
                          "Parallel Aware": true,
                          "Relation Name": "title",
                          "Alias": "t",
                          "Startup Cost": 0.0,
                          "Total Cost": 43899.32,
                          "Plan Rows": 252626,
                          "Plan Width": 4,
                          "Actual Startup Time": 0.046,
                          "Actual Total Time": 79.118,
                          "Actual Rows": 168820,
                          "Actual Loops": 6,
                          "Filter": "(production_year > 2005)",
                          "Rows Removed by Filter": 252565
                        }
                      ]
                    }
                  ]
                }
              ]
            }
          ]
        }
      ]
    },
    "Planning Time": 0.545,
    "Triggers": [],
    "Execution Time": 726.876
  }
]