[
  {
    "Plan": {
      "Node Type": "Aggregate",
      "Strategy": "Plain",
      "Partial Mode": "Finalize",
      "Parallel Aware": false,
      "Startup Cost": 31839.96,
      "Total Cost": 31839.97,
      "Plan Rows": 1,
      "Plan Width": 8,
      "Actual Startup Time": 124.914,
      "Actual Total Time": 132.692,
      "Actual Rows": 1,
      "Actual Loops": 1,
      "Plans": [
        {
          "Node Type": "Gather",
          "Parent Relationship": "Outer",
          "Parallel Aware": false,
          "Startup Cost": 31839.64,
          "Total Cost": 31839.95,
          "Plan Rows": 3,
          "Plan Width": 8,
          "Actual Startup Time": 124.833,
          "Actual Total Time": 132.684,
          "Actual Rows": 4,
          "Actual Loops": 1,
          "Workers Planned": 3,
          "Workers Launched": 3,
          "Single Copy": false,
          "Plans": [
            {
              "Node Type": "Aggregate",
              "Strategy": "Plain",
              "Partial Mode": "Partial",
              "Parent Relationship": "Outer",
              "Parallel Aware": false,
              "Startup Cost": 30839.64,
              "Total Cost": 30839.65,
              "Plan Rows": 1,
              "Plan Width": 8,
              "Actual Startup Time": 118.085,
              "Actual Total Time": 118.086,
              "Actual Rows": 1,
              "Actual Loops": 4,
              "Plans": [
                {
                  "Node Type": "Seq Scan",
                  "Parent Relationship": "Outer",
                  "Parallel Aware": true,
                  "Relation Name": "movie_companies",
                  "Alias": "mc",
                  "Startup Cost": 0.0,
                  "Total Cost": 29310.68,
                  "Plan Rows": 611585,
                  "Plan Width": 0,
                  "Actual Startup Time": 0.666,
                  "Actual Total Time": 93.256,
                  "Actual Rows": 475122,
                  "Actual Loops": 4,
                  "Filter": "(company_id > 1347)",
                  "Rows Removed by Filter": 177160
                }
              ]
            }
          ]
        }
      ]
    },
    "Planning Time": 0.155,
    "Triggers": [],
    "Execution Time": 132.741
  }
]