[
  {
    "Plan": {
      "Node Type": "Aggregate",
      "Strategy": "Plain",
      "Partial Mode": "Finalize",
      "Parallel Aware": false,
      "Startup Cost": 273867.0,
      "Total Cost": 273867.01,
      "Plan Rows": 1,
      "Plan Width": 8,
      "Actual Startup Time": 1532.528,
      "Actual Total Time": 1563.377,
      "Actual Rows": 1,
      "Actual Loops": 1,
      "Plans": [
        {
          "Node Type": "Gather",
          "Parent Relationship": "Outer",
          "Parallel Aware": false,
          "Startup Cost": 273866.68,
          "Total Cost": 273866.99,
          "Plan Rows": 3,
          "Plan Width": 8,
          "Actual Startup Time": 1516.443,
          "Actual Total Time": 1563.362,
          "Actual Rows": 4,
          "Actual Loops": 1,
          "Workers Planned": 3,
          "Workers Launched": 3,
          "Single Copy": false,
          "Plans": [
            {
              "Node Type": "Aggregate",
              "Strategy": "Plain",
              "Partial Mode": "Partial",
              "Parent Relationship": "Outer",
              "Parallel Aware": false,
              "Startup Cost": 272866.68,
              "Total Cost": 272866.69,
              "Plan Rows": 1,
              "Plan Width": 8,
              "Actual Startup Time": 1507.195,
              "Actual Total Time": 1507.487,
              "Actual Rows": 1,
              "Actual Loops": 4,
              "Plans": [
                {
                  "Node Type": "Hash Join",
                  "Parent Relationship": "Outer",
                  "Parallel Aware": true,
                  "Join Type": "Inner",
                  "Startup Cost": 240695.99,
                  "Total Cost": 271862.27,
                  "Plan Rows": 401764,
                  "Plan Width": 0,
                  "Actual Startup Time": 803.589,
                  "Actual Total Time": 1331.93,
                  "Actual Rows": 3451213,
                  "Actual Loops": 4,
                  "Inner Unique": false,
                  "Hash Cond": "(mc.movie_id = t.id)",
                  "Plans": [
                    {
                      "Node Type": "Seq Scan",
                      "Parent Relationship": "Outer",
                      "Parallel Aware": true,
                      "Relation Name": "movie_companies",
                      "Alias": "mc",
                      "Startup Cost": 0.0,
                      "Total Cost": 27206.55,
                      "Plan Rows": 841655,
                      "Plan Width": 4,
                      "Actual Startup Time": 0.013,
                      "Actual Total Time": 67.483,
                      "Actual Rows": 652282,
                      "Actual Loops": 4
                    },
                    {
                      "Node Type": "Hash",
                      "Parent Relationship": "Inner",
                      "Parallel Aware": true,
                      "Startup Cost": 237678.63,
                      "Total Cost": 237678.63,
                      "Plan Rows": 241389,
                      "Plan Width": 8,
                      "Actual Startup Time": 798.97,
                      "Actual Total Time": 799.26,
                      "Actual Rows": 300092,
                      "Actual Loops": 4,
                      "Hash Buckets": 2097152,
                      "Original Hash Buckets": 2097152,
                      "Hash Batches": 1,
                      "Original Hash Batches": 1,
                      "Peak Memory Usage": 63424,
                      "Plans": [
                        {
                          "Node Type": "Hash Join",
                          "Parent Relationship": "Outer",
                          "Parallel Aware": true,
                          "Join Type": "Inner",
                          "Startup Cost": 72034.63,
                          "Total Cost": 237678.63,
                          "Plan Rows": 241389,
                          "Plan Width": 8,
                          "Actual Startup Time": 477.862,
                          "Actual Total Time": 690.334,
                          "Actual Rows": 300092,
                          "Actual Loops": 4,
                          "Inner Unique": true,
                          "Hash Cond": "(mi.movie_id = t.id)",
                          "Plans": [
                            {
                              "Node Type": "Bitmap Heap Scan",
                              "Parent Relationship": "Outer",
                              "Parallel Aware": true,
                              "Relation Name": "movie_info",
                              "Alias": "mi",
                              "Startup Cost": 21814.24,
                              "Total Cost": 186824.6,
                              "Plan Rows": 241389,
                              "Plan Width": 4,
                              "Actual Startup Time": 84.481,
                              "Actual Total Time": 169.643,
                              "Actual Rows": 300092,
                              "Actual Loops": 4,
                              "Recheck Cond": "(info_type_id > 35)",
                              "Rows Removed by Index Recheck": 0,
                              "Exact Heap Blocks": 11344,
                              "Lossy Heap Blocks": 0,
                              "Plans": [
                                {
                                  "Node Type": "Bitmap Index Scan",
                                  "Parent Relationship": "Outer",
                                  "Parallel Aware": false,
                                  "Index Name": "info_type_id_movie_info",
                                  "Startup Cost": 0.0,
                                  "Total Cost": 21512.51,
                                  "Plan Rows": 1206943,
                                  "Plan Width": 0,
                                  "Actual Startup Time": 75.443,
                                  "Actual Total Time": 75.443,
                                  "Actual Rows": 1200370,
                                  "Actual Loops": 1,
                                  "Index Cond": "(info_type_id > 35)"
                                }
                              ]
                            },
                            {
                              "Node Type": "Hash",
                              "Parent Relationship": "Inner",
                              "Parallel Aware": true,
                              "Startup Cost": 42319.06,
                              "Total Cost": 42319.06,
                              "Plan Rows": 632106,
                              "Plan Width": 4,
                              "Actual Startup Time": 386.626,
                              "Actual Total Time": 386.627,
                              "Actual Rows": 632078,
                              "Actual Loops": 4,
                              "Hash Buckets": 4194304,
                              "Original Hash Buckets": 4194304,
                              "Hash Batches": 1,
                              "Original Hash Batches": 1,
                              "Peak Memory Usage": 131744,
                              "Plans": [
                                {
                                  "Node Type": "Seq Scan",
                                  "Parent Relationship": "Outer",
                                  "Parallel Aware": true,
                                  "Relation Name": "title",
                                  "Alias": "t",
                                  "Startup Cost": 0.0,
                                  "Total Cost": 42319.06,
                                  "Plan Rows": 632106,
                                  "Plan Width": 4,
                                  "Actual Startup Time": 0.055,
                                  "Actual Total Time": 112.703,
                                  "Actual Rows": 632078,
                                  "Actual Loops": 4
                                }
                              ]
                            }
                          ]
                        }
                      ]
                    }
                  ]
                }
              ]
            }
          ]
        }
      ]
    },
    "Planning Time": 1.044,
    "Triggers": [],
    "Execution Time": 1563.427
  }
]