[
  {
    "Plan": {
      "Node Type": "Aggregate",
      "Strategy": "Plain",
      "Partial Mode": "Finalize",
      "Parallel Aware": false,
      "Startup Cost": 274718.02,
      "Total Cost": 274718.03,
      "Plan Rows": 1,
      "Plan Width": 8,
      "Actual Startup Time": 1374.838,
      "Actual Total Time": 1405.743,
      "Actual Rows": 1,
      "Actual Loops": 1,
      "Plans": [
        {
          "Node Type": "Gather",
          "Parent Relationship": "Outer",
          "Parallel Aware": false,
          "Startup Cost": 274717.7,
          "Total Cost": 274718.01,
          "Plan Rows": 3,
          "Plan Width": 8,
          "Actual Startup Time": 1354.96,
          "Actual Total Time": 1405.733,
          "Actual Rows": 4,
          "Actual Loops": 1,
          "Workers Planned": 3,
          "Workers Launched": 3,
          "Single Copy": false,
          "Plans": [
            {
              "Node Type": "Aggregate",
              "Strategy": "Plain",
              "Partial Mode": "Partial",
              "Parent Relationship": "Outer",
              "Parallel Aware": false,
              "Startup Cost": 273717.7,
              "Total Cost": 273717.71,
              "Plan Rows": 1,
              "Plan Width": 8,
              "Actual Startup Time": 1340.78,
              "Actual Total Time": 1340.786,
              "Actual Rows": 1,
              "Actual Loops": 4,
              "Plans": [
                {
                  "Node Type": "Hash Join",
                  "Parent Relationship": "Outer",
                  "Parallel Aware": true,
                  "Join Type": "Inner",
                  "Startup Cost": 241499.09,
                  "Total Cost": 272686.67,
                  "Plan Rows": 412413,
                  "Plan Width": 0,
                  "Actual Startup Time": 733.971,
                  "Actual Total Time": 1189.782,
                  "Actual Rows": 3451213,
                  "Actual Loops": 4,
                  "Inner Unique": false,
                  "Hash Cond": "(mc.movie_id = t.id)",
                  "Plans": [
                    {
                      "Node Type": "Seq Scan",
                      "Parent Relationship": "Outer",
                      "Parallel Aware": true,
                      "Relation Name": "movie_companies",
                      "Alias": "mc",
                      "Startup Cost": 0.0,
                      "Total Cost": 27206.55,
                      "Plan Rows": 841655,
                      "Plan Width": 4,
                      "Actual Startup Time": 0.019,
                      "Actual Total Time": 60.508,
                      "Actual Rows": 652282,
                      "Actual Loops": 4
                    },
                    {
                      "Node Type": "Hash",
                      "Parent Relationship": "Inner",
                      "Parallel Aware": true,
                      "Startup Cost": 238401.91,
                      "Total Cost": 238401.91,
                      "Plan Rows": 247774,
                      "Plan Width": 8,
                      "Actual Startup Time": 726.504,
                      "Actual Total Time": 726.509,
                      "Actual Rows": 300092,
                      "Actual Loops": 4,
                      "Hash Buckets": 2097152,
                      "Original Hash Buckets": 2097152,
                      "Hash Batches": 1,
                      "Original Hash Batches": 1,
                      "Peak Memory Usage": 63424,
                      "Plans": [
                        {
                          "Node Type": "Hash Join",
                          "Parent Relationship": "Outer",
                          "Parallel Aware": true,
                          "Join Type": "Inner",
                          "Startup Cost": 72661.33,
                          "Total Cost": 238401.91,
                          "Plan Rows": 247774,
                          "Plan Width": 8,
                          "Actual Startup Time": 424.526,
                          "Actual Total Time": 621.715,
                          "Actual Rows": 300092,
                          "Actual Loops": 4,
                          "Inner Unique": true,
                          "Hash Cond": "(mi.movie_id = t.id)",
                          "Plans": [
                            {
                              "Node Type": "Bitmap Heap Scan",
                              "Parent Relationship": "Outer",
                              "Parallel Aware": true,
                              "Relation Name": "movie_info",
                              "Alias": "mi",
                              "Startup Cost": 22441.69,
                              "Total Cost": 187531.86,
                              "Plan Rows": 247774,
                              "Plan Width": 4,
                              "Actual Startup Time": 52.522,
                              "Actual Total Time": 133.115,
                              "Actual Rows": 300092,
                              "Actual Loops": 4,
                              "Recheck Cond": "(info_type_id > 35)",
                              "Rows Removed by Index Recheck": 0,
                              "Exact Heap Blocks": 8241,
                              "Lossy Heap Blocks": 0,
                              "Plans": [
                                {
                                  "Node Type": "Bitmap Index Scan",
                                  "Parent Relationship": "Outer",
                                  "Parallel Aware": false,
                                  "Index Name": "info_type_id_movie_info",
                                  "Startup Cost": 0.0,
                                  "Total Cost": 22131.97,
                                  "Plan Rows": 1238871,
                                  "Plan Width": 0,
                                  "Actual Startup Time": 46.761,
                                  "Actual Total Time": 46.761,
                                  "Actual Rows": 1200370,
                                  "Actual Loops": 1,
                                  "Index Cond": "(info_type_id > 35)"
                                }
                              ]
                            },
                            {
                              "Node Type": "Hash",
                              "Parent Relationship": "Inner",
                              "Parallel Aware": true,
                              "Startup Cost": 42318.73,
                              "Total Cost": 42318.73,
                              "Plan Rows": 632073,
                              "Plan Width": 4,
                              "Actual Startup Time": 363.72,
                              "Actual Total Time": 363.721,
                              "Actual Rows": 632078,
                              "Actual Loops": 4,
                              "Hash Buckets": 4194304,
                              "Original Hash Buckets": 4194304,
                              "Hash Batches": 1,
                              "Original Hash Batches": 1,
                              "Peak Memory Usage": 131744,
                              "Plans": [
                                {
                                  "Node Type": "Seq Scan",
                                  "Parent Relationship": "Outer",
                                  "Parallel Aware": true,
                                  "Relation Name": "title",
                                  "Alias": "t",
                                  "Startup Cost": 0.0,
                                  "Total Cost": 42318.73,
                                  "Plan Rows": 632073,
                                  "Plan Width": 4,
                                  "Actual Startup Time": 0.052,
                                  "Actual Total Time": 106.268,
                                  "Actual Rows": 632078,
                                  "Actual Loops": 4
                                }
                              ]
                            }
                          ]
                        }
                      ]
                    }
                  ]
                }
              ]
            }
          ]
        }
      ]
    },
    "Planning Time": 1.39,
    "Triggers": [],
    "Execution Time": 1405.859
  }
]