[
  {
    "Plan": {
      "Node Type": "Aggregate",
      "Strategy": "Plain",
      "Partial Mode": "Finalize",
      "Parallel Aware": false,
      "Startup Cost": 373794.6,
      "Total Cost": 373794.61,
      "Plan Rows": 1,
      "Plan Width": 8,
      "Actual Startup Time": 943.227,
      "Actual Total Time": 987.561,
      "Actual Rows": 1,
      "Actual Loops": 1,
      "Plans": [
        {
          "Node Type": "Gather",
          "Parent Relationship": "Outer",
          "Parallel Aware": false,
          "Startup Cost": 373793.98,
          "Total Cost": 373794.59,
          "Plan Rows": 6,
          "Plan Width": 8,
          "Actual Startup Time": 941.982,
          "Actual Total Time": 987.541,
          "Actual Rows": 7,
          "Actual Loops": 1,
          "Workers Planned": 6,
          "Workers Launched": 6,
          "Single Copy": false,
          "Plans": [
            {
              "Node Type": "Aggregate",
              "Strategy": "Plain",
              "Partial Mode": "Partial",
              "Parent Relationship": "Outer",
              "Parallel Aware": false,
              "Startup Cost": 372793.98,
              "Total Cost": 372793.99,
              "Plan Rows": 1,
              "Plan Width": 8,
              "Actual Startup Time": 934.774,
              "Actual Total Time": 934.778,
              "Actual Rows": 1,
              "Actual Loops": 7,
              "Plans": [
                {
                  "Node Type": "Hash Join",
                  "Parent Relationship": "Outer",
                  "Parallel Aware": true,
                  "Join Type": "Inner",
                  "Startup Cost": 38397.65,
                  "Total Cost": 372587.29,
                  "Plan Rows": 82675,
                  "Plan Width": 0,
                  "Actual Startup Time": 49.013,
                  "Actual Total Time": 928.544,
                  "Actual Rows": 111178,
                  "Actual Loops": 7,
                  "Inner Unique": true,
                  "Hash Cond": "(ci.movie_id = t.id)",
                  "Plans": [
                    {
                      "Node Type": "Seq Scan",
                      "Parent Relationship": "Outer",
                      "Parallel Aware": true,
                      "Relation Name": "cast_info",
                      "Alias": "ci",
                      "Startup Cost": 0.0,
                      "Total Cost": 328211.39,
                      "Plan Rows": 2277422,
                      "Plan Width": 4,
                      "Actual Startup Time": 0.032,
                      "Actual Total Time": 583.377,
                      "Actual Rows": 1973796,
                      "Actual Loops": 7,
                      "Filter": "(person_id < 1360384)",
                      "Rows Removed by Filter": 3203968
                    },
                    {
                      "Node Type": "Hash",
                      "Parent Relationship": "Inner",
                      "Parallel Aware": true,
                      "Startup Cost": 38110.82,
                      "Total Cost": 38110.82,
                      "Plan Rows": 22947,
                      "Plan Width": 4,
                      "Actual Startup Time": 48.012,
                      "Actual Total Time": 48.013,
                      "Actual Rows": 14351,
                      "Actual Loops": 7,
                      "Hash Buckets": 131072,
                      "Original Hash Buckets": 131072,
                      "Hash Batches": 1,
                      "Original Hash Batches": 1,
                      "Peak Memory Usage": 5088,
                      "Plans": [
                        {
                          "Node Type": "Bitmap Heap Scan",
                          "Parent Relationship": "Outer",
                          "Parallel Aware": true,
                          "Relation Name": "title",
                          "Alias": "t",
                          "Startup Cost": 1749.67,
                          "Total Cost": 38110.82,
                          "Plan Rows": 22947,
                          "Plan Width": 4,
                          "Actual Startup Time": 11.89,
                          "Actual Total Time": 40.502,
                          "Actual Rows": 14351,
                          "Actual Loops": 7,
                          "Recheck Cond": "(kind_id = 3)",
                          "Rows Removed by Index Recheck": 0,
                          "Filter": "(production_year > 1914)",
                          "Rows Removed by Filter": 11,
                          "Exact Heap Blocks": 4523,
                          "Lossy Heap Blocks": 0,
                          "Plans": [
                            {
                              "Node Type": "Bitmap Index Scan",
                              "Parent Relationship": "Outer",
                              "Parallel Aware": false,
                              "Index Name": "kind_id_title",
                              "Startup Cost": 0.0,
                              "Total Cost": 1726.72,
                              "Plan Rows": 96839,
                              "Plan Width": 0,
                              "Actual Startup Time": 11.368,
                              "Actual Total Time": 11.369,
                              "Actual Rows": 100537,
                              "Actual Loops": 1,
                              "Index Cond": "(kind_id = 3)"
                            }
                          ]
                        }
                      ]
                    }
                  ]
                }
              ]
            }
          ]
        }
      ]
    },
    "Planning Time": 0.403,
    "Triggers": [],
    "Execution Time": 987.645
  }
]