{
  "Plan": {
    "Node Type": "Aggregate",
    "Strategy": "Plain",
    "Partial Mode": "Finalize",
    "Parallel Aware": false,
    "Startup Cost": 109025.52,
    "Total Cost": 109025.53,
    "Plan Rows": 1,
    "Plan Width": 8,
    "Actual Startup Time": 360.223,
    "Actual Total Time": 372.738,
    "Actual Rows": 1,
    "Actual Loops": 1,
    "Plans": [
      {
        "Node Type": "Gather",
        "Parent Relationship": "Outer",
        "Parallel Aware": false,
        "Startup Cost": 109025.41,
        "Total Cost": 109025.52,
        "Plan Rows": 1,
        "Plan Width": 8,
        "Actual Startup Time": 359.585,
        "Actual Total Time": 372.732,
        "Actual Rows": 2,
        "Actual Loops": 1,
        "Workers Planned": 1,
        "Workers Launched": 1,
        "Single Copy": false,
        "Plans": [
          {
            "Node Type": "Aggregate",
            "Strategy": "Plain",
            "Partial Mode": "Partial",
            "Parent Relationship": "Outer",
            "Parallel Aware": false,
            "Startup Cost": 108025.41,
            "Total Cost": 108025.42,
            "Plan Rows": 1,
            "Plan Width": 8,
            "Actual Startup Time": 353.438,
            "Actual Total Time": 353.649,
            "Actual Rows": 1,
            "Actual Loops": 2,
            "Plans": [
              {
                "Node Type": "Hash Join",
                "Parent Relationship": "Outer",
                "Parallel Aware": true,
                "Join Type": "Inner",
                "Startup Cost": 83622.28,
                "Total Cost": 108025.16,
                "Plan Rows": 100,
                "Plan Width": 0,
                "Actual Startup Time": 350.438,
                "Actual Total Time": 353.609,
                "Actual Rows": 620,
                "Actual Loops": 2,
                "Inner Unique": false,
                "Hash Cond": "(mi.movie_id = t.id)",
                "Plans": [
                  {
                    "Node Type": "Bitmap Heap Scan",
                    "Parent Relationship": "Outer",
                    "Parallel Aware": true,
                    "Relation Name": "movie_info",
                    "Alias": "mi",
                    "Startup Cost": 137.72,
                    "Total Cost": 24523.71,
                    "Plan Rows": 4348,
                    "Plan Width": 4,
                    "Actual Startup Time": 0.623,
                    "Actual Total Time": 2.944,
                    "Actual Rows": 3211,
                    "Actual Loops": 2,
                    "Recheck Cond": "(info_type_id = 86)",
                    "Rows Removed by Index Recheck": 0,
                    "Exact Heap Blocks": 876,
                    "Lossy Heap Blocks": 0,
                    "Plans": [
                      {
                        "Node Type": "Bitmap Index Scan",
                        "Parent Relationship": "Outer",
                        "Parallel Aware": false,
                        "Index Name": "info_type_id_movie_info",
                        "Startup Cost": 0.0,
                        "Total Cost": 135.88,
                        "Plan Rows": 7392,
                        "Plan Width": 0,
                        "Actual Startup Time": 0.475,
                        "Actual Total Time": 0.476,
                        "Actual Rows": 6422,
                        "Actual Loops": 1,
                        "Index Cond": "(info_type_id = 86)"
                      }
                    ]
                  },
                  {
                    "Node Type": "Hash",
                    "Parent Relationship": "Inner",
                    "Parallel Aware": true,
                    "Startup Cost": 83057.53,
                    "Total Cost": 83057.53,
                    "Plan Rows": 34162,
                    "Plan Width": 8,
                    "Actual Startup Time": 348.195,
                    "Actual Total Time": 348.405,
                    "Actual Rows": 54664,
                    "Actual Loops": 2,
                    "Hash Buckets": 131072,
                    "Original Hash Buckets": 65536,
                    "Hash Batches": 1,
                    "Original Hash Batches": 1,
                    "Peak Memory Usage": 5856,
                    "Plans": [
                      {
                        "Node Type": "Hash Join",
                        "Parent Relationship": "Outer",
                        "Parallel Aware": true,
                        "Join Type": "Inner",
                        "Startup Cost": 22691.08,
                        "Total Cost": 83057.53,
                        "Plan Rows": 34162,
                        "Plan Width": 8,
                        "Actual Startup Time": 233.061,
                        "Actual Total Time": 335.778,
                        "Actual Rows": 54664,
                        "Actual Loops": 2,
                        "Inner Unique": false,
                        "Hash Cond": "(t.id = mc.movie_id)",
                        "Plans": [
                          {
                            "Node Type": "Seq Scan",
                            "Parent Relationship": "Outer",
                            "Parallel Aware": true,
                            "Relation Name": "title",
                            "Alias": "t",
                            "Startup Cost": 0.0,
                            "Total Cost": 50870.31,
                            "Plan Rows": 1487231,
                            "Plan Width": 4,
                            "Actual Startup Time": 0.011,
                            "Actual Total Time": 119.901,
                            "Actual Rows": 1264156,
                            "Actual Loops": 2
                          },
                          {
                            "Node Type": "Hash",
                            "Parent Relationship": "Inner",
                            "Parallel Aware": true,
                            "Startup Cost": 22264.05,
                            "Total Cost": 22264.05,
                            "Plan Rows": 34162,
                            "Plan Width": 4,
                            "Actual Startup Time": 52.271,
                            "Actual Total Time": 52.273,
                            "Actual Rows": 54664,
                            "Actual Loops": 2,
                            "Hash Buckets": 131072,
                            "Original Hash Buckets": 65536,
                            "Hash Batches": 1,
                            "Original Hash Batches": 1,
                            "Peak Memory Usage": 5856,
                            "Plans": [
                              {
                                "Node Type": "Bitmap Heap Scan",
                                "Parent Relationship": "Outer",
                                "Parallel Aware": true,
                                "Relation Name": "movie_companies",
                                "Alias": "mc",
                                "Startup Cost": 2464.81,
                                "Total Cost": 22264.05,
                                "Plan Rows": 34162,
                                "Plan Width": 4,
                                "Actual Startup Time": 11.373,
                                "Actual Total Time": 35.927,
                                "Actual Rows": 54664,
                                "Actual Loops": 2,
                                "Recheck Cond": "(company_id > 152238)",
                                "Rows Removed by Index Recheck": 0,
                                "Filter": "(company_type_id > 1)",
                                "Rows Removed by Filter": 0,
                                "Exact Heap Blocks": 2487,
                                "Lossy Heap Blocks": 0,
                                "Plans": [
                                  {
                                    "Node Type": "Bitmap Index Scan",
                                    "Parent Relationship": "Outer",
                                    "Parallel Aware": false,
                                    "Index Name": "company_id_movie_companies",
                                    "Startup Cost": 0.0,
                                    "Total Cost": 2450.29,
                                    "Plan Rows": 114381,
                                    "Plan Width": 0,
                                    "Actual Startup Time": 13.991,
                                    "Actual Total Time": 13.991,
                                    "Actual Rows": 109329,
                                    "Actual Loops": 1,
                                    "Index Cond": "(company_id > 152238)"
                                  }
                                ]
                              }
                            ]
                          }
                        ]
                      }
                    ]
                  }
                ]
              }
            ]
          }
        ]
      }
    ]
  },
  "Planning Time": 0.969,
  "Triggers": [],
  "Execution Time": 372.852
}