[
  {
    "Plan": {
      "Node Type": "Aggregate",
      "Strategy": "Plain",
      "Partial Mode": "Finalize",
      "Parallel Aware": false,
      "Startup Cost": 94176.92,
      "Total Cost": 94176.93,
      "Plan Rows": 1,
      "Plan Width": 8,
      "Actual Startup Time": 528.281,
      "Actual Total Time": 546.711,
      "Actual Rows": 1,
      "Actual Loops": 1,
      "Plans": [
        {
          "Node Type": "Gather",
          "Parent Relationship": "Outer",
          "Parallel Aware": false,
          "Startup Cost": 94176.71,
          "Total Cost": 94176.92,
          "Plan Rows": 2,
          "Plan Width": 8,
          "Actual Startup Time": 525.09,
          "Actual Total Time": 546.699,
          "Actual Rows": 3,
          "Actual Loops": 1,
          "Workers Planned": 2,
          "Workers Launched": 2,
          "Single Copy": false,
          "Plans": [
            {
              "Node Type": "Aggregate",
              "Strategy": "Plain",
              "Partial Mode": "Partial",
              "Parent Relationship": "Outer",
              "Parallel Aware": false,
              "Startup Cost": 93176.71,
              "Total Cost": 93176.72,
              "Plan Rows": 1,
              "Plan Width": 8,
              "Actual Startup Time": 520.101,
              "Actual Total Time": 520.28,
              "Actual Rows": 1,
              "Actual Loops": 3,
              "Plans": [
                {
                  "Node Type": "Hash Join",
                  "Parent Relationship": "Outer",
                  "Parallel Aware": true,
                  "Join Type": "Inner",
                  "Startup Cost": 77170.6,
                  "Total Cost": 93104.81,
                  "Plan Rows": 28757,
                  "Plan Width": 0,
                  "Actual Startup Time": 400.414,
                  "Actual Total Time": 512.088,
                  "Actual Rows": 188277,
                  "Actual Loops": 3,
                  "Inner Unique": false,
                  "Hash Cond": "(mi_idx.movie_id = t.id)",
                  "Plans": [
                    {
                      "Node Type": "Seq Scan",
                      "Parent Relationship": "Outer",
                      "Parallel Aware": true,
                      "Relation Name": "movie_info_idx",
                      "Alias": "mi_idx",
                      "Startup Cost": 0.0,
                      "Total Cost": 13685.15,
                      "Plan Rows": 575015,
                      "Plan Width": 4,
                      "Actual Startup Time": 0.016,
                      "Actual Total Time": 39.702,
                      "Actual Rows": 460012,
                      "Actual Loops": 3
                    },
                    {
                      "Node Type": "Hash",
                      "Parent Relationship": "Inner",
                      "Parallel Aware": true,
                      "Startup Cost": 76660.73,
                      "Total Cost": 76660.73,
                      "Plan Rows": 40790,
                      "Plan Width": 8,
                      "Actual Startup Time": 399.022,
                      "Actual Total Time": 399.2,
                      "Actual Rows": 113385,
                      "Actual Loops": 3,
                      "Hash Buckets": 524288,
                      "Original Hash Buckets": 131072,
                      "Hash Batches": 1,
                      "Original Hash Batches": 1,
                      "Peak Memory Usage": 20512,
                      "Plans": [
                        {
                          "Node Type": "Hash Join",
                          "Parent Relationship": "Outer",
                          "Parallel Aware": true,
                          "Join Type": "Inner",
                          "Startup Cost": 46245.64,
                          "Total Cost": 76660.73,
                          "Plan Rows": 40790,
                          "Plan Width": 8,
                          "Actual Startup Time": 166.466,
                          "Actual Total Time": 354.209,
                          "Actual Rows": 113385,
                          "Actual Loops": 3,
                          "Inner Unique": true,
                          "Hash Cond": "(mc.movie_id = t.id)",
                          "Plans": [
                            {
                              "Node Type": "Seq Scan",
                              "Parent Relationship": "Outer",
                              "Parallel Aware": true,
                              "Relation Name": "movie_companies",
                              "Alias": "mc",
                              "Startup Cost": 0.0,
                              "Total Cost": 29310.68,
                              "Plan Rows": 420727,
                              "Plan Width": 4,
                              "Actual Startup Time": 0.008,
                              "Actual Total Time": 92.092,
                              "Actual Rows": 438186,
                              "Actual Loops": 3,
                              "Filter": "(company_id < 11361)",
                              "Rows Removed by Filter": 431524
                            },
                            {
                              "Node Type": "Hash",
                              "Parent Relationship": "Inner",
                              "Parallel Aware": true,
                              "Startup Cost": 45479.59,
                              "Total Cost": 45479.59,
                              "Plan Rows": 61284,
                              "Plan Width": 4,
                              "Actual Startup Time": 165.56,
                              "Actual Total Time": 165.561,
                              "Actual Rows": 121874,
                              "Actual Loops": 3,
                              "Hash Buckets": 524288,
                              "Original Hash Buckets": 262144,
                              "Hash Batches": 1,
                              "Original Hash Batches": 1,
                              "Peak Memory Usage": 20480,
                              "Plans": [
                                {
                                  "Node Type": "Seq Scan",
                                  "Parent Relationship": "Outer",
                                  "Parallel Aware": true,
                                  "Relation Name": "title",
                                  "Alias": "t",
                                  "Startup Cost": 0.0,
                                  "Total Cost": 45479.59,
                                  "Plan Rows": 61284,
                                  "Plan Width": 4,
                                  "Actual Startup Time": 0.06,
                                  "Actual Total Time": 119.785,
                                  "Actual Rows": 121874,
                                  "Actual Loops": 3,
                                  "Filter": "((kind_id < 7) AND (production_year < 1988))",
                                  "Rows Removed by Filter": 720896
                                }
                              ]
                            }
                          ]
                        }
                      ]
                    }
                  ]
                }
              ]
            }
          ]
        }
      ]
    },
    "Planning Time": 0.437,
    "Triggers": [],
    "Execution Time": 546.754
  }
]