{
  "Plan": {
    "Node Type": "Aggregate",
    "Strategy": "Plain",
    "Partial Mode": "Finalize",
    "Parallel Aware": false,
    "Startup Cost": 122182.83,
    "Total Cost": 122182.84,
    "Plan Rows": 1,
    "Plan Width": 8,
    "Actual Startup Time": 563.221,
    "Actual Total Time": 573.095,
    "Actual Rows": 1,
    "Actual Loops": 1,
    "Plans": [
      {
        "Node Type": "Gather",
        "Parent Relationship": "Outer",
        "Parallel Aware": false,
        "Startup Cost": 122182.72,
        "Total Cost": 122182.83,
        "Plan Rows": 1,
        "Plan Width": 8,
        "Actual Startup Time": 561.456,
        "Actual Total Time": 573.087,
        "Actual Rows": 2,
        "Actual Loops": 1,
        "Workers Planned": 1,
        "Workers Launched": 1,
        "Single Copy": false,
        "Plans": [
          {
            "Node Type": "Aggregate",
            "Strategy": "Plain",
            "Partial Mode": "Partial",
            "Parent Relationship": "Outer",
            "Parallel Aware": false,
            "Startup Cost": 121182.72,
            "Total Cost": 121182.73,
            "Plan Rows": 1,
            "Plan Width": 8,
            "Actual Startup Time": 556.451,
            "Actual Total Time": 557.225,
            "Actual Rows": 1,
            "Actual Loops": 2,
            "Plans": [
              {
                "Node Type": "Hash Join",
                "Parent Relationship": "Outer",
                "Parallel Aware": true,
                "Join Type": "Inner",
                "Startup Cost": 101917.68,
                "Total Cost": 121133.1,
                "Plan Rows": 19848,
                "Plan Width": 0,
                "Actual Startup Time": 488.17,
                "Actual Total Time": 553.556,
                "Actual Rows": 90092,
                "Actual Loops": 2,
                "Inner Unique": false,
                "Hash Cond": "(mi_idx.movie_id = t.id)",
                "Plans": [
                  {
                    "Node Type": "Seq Scan",
                    "Parent Relationship": "Outer",
                    "Parallel Aware": true,
                    "Relation Name": "movie_info_idx",
                    "Alias": "mi_idx",
                    "Startup Cost": 0.0,
                    "Total Cost": 18082.32,
                    "Plan Rows": 271028,
                    "Plan Width": 4,
                    "Actual Startup Time": 0.027,
                    "Actual Total Time": 51.771,
                    "Actual Rows": 229962,
                    "Actual Loops": 2,
                    "Filter": "(info_type_id = 101)",
                    "Rows Removed by Filter": 460055
                  },
                  {
                    "Node Type": "Hash",
                    "Parent Relationship": "Inner",
                    "Parallel Aware": true,
                    "Startup Cost": 100556.24,
                    "Total Cost": 100556.24,
                    "Plan Rows": 108915,
                    "Plan Width": 8,
                    "Actual Startup Time": 446.685,
                    "Actual Total Time": 447.457,
                    "Actual Rows": 158406,
                    "Actual Loops": 2,
                    "Hash Buckets": 524288,
                    "Original Hash Buckets": 262144,
                    "Hash Batches": 1,
                    "Original Hash Batches": 1,
                    "Peak Memory Usage": 18560,
                    "Plans": [
                      {
                        "Node Type": "Hash Join",
                        "Parent Relationship": "Outer",
                        "Parallel Aware": true,
                        "Join Type": "Inner",
                        "Startup Cost": 57175.28,
                        "Total Cost": 100556.24,
                        "Plan Rows": 108915,
                        "Plan Width": 8,
                        "Actual Startup Time": 266.99,
                        "Actual Total Time": 401.23,
                        "Actual Rows": 158406,
                        "Actual Loops": 2,
                        "Inner Unique": true,
                        "Hash Cond": "(mc.movie_id = t.id)",
                        "Plans": [
                          {
                            "Node Type": "Seq Scan",
                            "Parent Relationship": "Outer",
                            "Parallel Aware": true,
                            "Relation Name": "movie_companies",
                            "Alias": "mc",
                            "Startup Cost": 0.0,
                            "Total Cost": 41811.73,
                            "Plan Rows": 597803,
                            "Plan Width": 4,
                            "Actual Startup Time": 53.826,
                            "Actual Total Time": 132.924,
                            "Actual Rows": 582751,
                            "Actual Loops": 2,
                            "Filter": "((company_id > 688) AND (company_type_id = 2))",
                            "Rows Removed by Filter": 721814
                          },
                          {
                            "Node Type": "Hash",
                            "Parent Relationship": "Inner",
                            "Parallel Aware": true,
                            "Startup Cost": 53788.27,
                            "Total Cost": 53788.27,
                            "Plan Rows": 270961,
                            "Plan Width": 4,
                            "Actual Startup Time": 148.58,
                            "Actual Total Time": 148.582,
                            "Actual Rows": 167642,
                            "Actual Loops": 2,
                            "Hash Buckets": 524288,
                            "Original Hash Buckets": 524288,
                            "Hash Batches": 1,
                            "Original Hash Batches": 1,
                            "Peak Memory Usage": 17248,
                            "Plans": [
                              {
                                "Node Type": "Bitmap Heap Scan",
                                "Parent Relationship": "Outer",
                                "Parallel Aware": true,
                                "Relation Name": "title",
                                "Alias": "t",
                                "Startup Cost": 11938.01,
                                "Total Cost": 53788.27,
                                "Plan Rows": 270961,
                                "Plan Width": 4,
                                "Actual Startup Time": 30.238,
                                "Actual Total Time": 100.131,
                                "Actual Rows": 167642,
                                "Actual Loops": 2,
                                "Recheck Cond": "(kind_id = 1)",
                                "Rows Removed by Index Recheck": 0,
                                "Filter": "(production_year > 1990)",
                                "Rows Removed by Filter": 163770,
                                "Exact Heap Blocks": 8364,
                                "Lossy Heap Blocks": 0,
                                "Plans": [
                                  {
                                    "Node Type": "Bitmap Index Scan",
                                    "Parent Relationship": "Outer",
                                    "Parallel Aware": false,
                                    "Index Name": "kind_id_title",
                                    "Startup Cost": 0.0,
                                    "Total Cost": 11822.85,
                                    "Plan Rows": 663256,
                                    "Plan Width": 0,
                                    "Actual Startup Time": 28.234,
                                    "Actual Total Time": 28.234,
                                    "Actual Rows": 662825,
                                    "Actual Loops": 1,
                                    "Index Cond": "(kind_id = 1)"
                                  }
                                ]
                              }
                            ]
                          }
                        ]
                      }
                    ]
                  }
                ]
              }
            ]
          }
        ]
      }
    ]
  },
  "Planning Time": 0.613,
  "Triggers": [],
  "Execution Time": 573.168
}