{
  "Plan": {
    "Node Type": "Aggregate",
    "Strategy": "Plain",
    "Partial Mode": "Finalize",
    "Parallel Aware": false,
    "Startup Cost": 155851.81,
    "Total Cost": 155851.82,
    "Plan Rows": 1,
    "Plan Width": 8,
    "Actual Startup Time": 222.085,
    "Actual Total Time": 253.15,
    "Actual Rows": 1,
    "Actual Loops": 1,
    "Plans": [
      {
        "Node Type": "Gather",
        "Parent Relationship": "Outer",
        "Parallel Aware": false,
        "Startup Cost": 155851.7,
        "Total Cost": 155851.81,
        "Plan Rows": 1,
        "Plan Width": 8,
        "Actual Startup Time": 221.954,
        "Actual Total Time": 253.143,
        "Actual Rows": 2,
        "Actual Loops": 1,
        "Workers Planned": 1,
        "Workers Launched": 1,
        "Single Copy": false,
        "Plans": [
          {
            "Node Type": "Aggregate",
            "Strategy": "Plain",
            "Partial Mode": "Partial",
            "Parent Relationship": "Outer",
            "Parallel Aware": false,
            "Startup Cost": 154851.7,
            "Total Cost": 154851.71,
            "Plan Rows": 1,
            "Plan Width": 8,
            "Actual Startup Time": 215.789,
            "Actual Total Time": 215.79,
            "Actual Rows": 1,
            "Actual Loops": 2,
            "Plans": [
              {
                "Node Type": "Nested Loop",
                "Parent Relationship": "Outer",
                "Parallel Aware": false,
                "Join Type": "Inner",
                "Startup Cost": 0.56,
                "Total Cost": 154848.97,
                "Plan Rows": 1089,
                "Plan Width": 0,
                "Actual Startup Time": 6.158,
                "Actual Total Time": 215.67,
                "Actual Rows": 909,
                "Actual Loops": 2,
                "Inner Unique": false,
                "Plans": [
                  {
                    "Node Type": "Seq Scan",
                    "Parent Relationship": "Outer",
                    "Parallel Aware": true,
                    "Relation Name": "title",
                    "Alias": "t",
                    "Startup Cost": 0.0,
                    "Total Cost": 58306.47,
                    "Plan Rows": 681,
                    "Plan Width": 4,
                    "Actual Startup Time": 0.737,
                    "Actual Total Time": 150.496,
                    "Actual Rows": 1176,
                    "Actual Loops": 2,
                    "Filter": "((kind_id < 7) AND (production_year = 1948))",
                    "Rows Removed by Filter": 1262980
                  },
                  {
                    "Node Type": "Index Scan",
                    "Parent Relationship": "Inner",
                    "Parallel Aware": false,
                    "Scan Direction": "Forward",
                    "Index Name": "movie_id_cast_info",
                    "Relation Name": "cast_info",
                    "Alias": "ci",
                    "Startup Cost": 0.56,
                    "Total Cost": 141.73,
                    "Plan Rows": 4,
                    "Plan Width": 4,
                    "Actual Startup Time": 0.045,
                    "Actual Total Time": 0.055,
                    "Actual Rows": 1,
                    "Actual Loops": 2352,
                    "Index Cond": "(movie_id = t.id)",
                    "Rows Removed by Index Recheck": 0,
                    "Filter": "(role_id = 3)",
                    "Rows Removed by Filter": 17
                  }
                ]
              }
            ]
          }
        ]
      }
    ]
  },
  "Planning Time": 0.545,
  "Triggers": [],
  "Execution Time": 253.233
}