{
    "Plan": {
        "Node Type": "Aggregate",
        "Strategy": "Plain",
        "Partial Mode": "Simple",
        "Parallel Aware": false,
        "Startup Cost": 130795.62,
        "Total Cost": 130795.63,
        "Plan Rows": 1,
        "Plan Width": 8,
        "Actual Startup Time": 833.388,
        "Actual Total Time": 833.392,
        "Actual Rows": 1,
        "Actual Loops": 1,
        "Output": [
            "count(*)"
        ],
        "Plans": [
            {
                "Node Type": "Hash Join",
                "Parent Relationship": "Outer",
                "Parallel Aware": false,
                "Join Type": "Inner",
                "Startup Cost": 129891.34,
                "Total Cost": 130795.55,
                "Plan Rows": 27,
                "Plan Width": 0,
                "Actual Startup Time": 832.901,
                "Actual Total Time": 833.385,
                "Actual Rows": 3,
                "Actual Loops": 1,
                "Inner Unique": false,
                "Hash Cond": "(t.id = mi_idx.movie_id)",
                "Plans": [
                    {
                        "Node Type": "Hash Join",
                        "Parent Relationship": "Outer",
                        "Parallel Aware": false,
                        "Join Type": "Inner",
                        "Startup Cost": 102029.17,
                        "Total Cost": 102932.19,
                        "Plan Rows": 148,
                        "Plan Width": 8,
                        "Actual Startup Time": 655.641,
                        "Actual Total Time": 656.122,
                        "Actual Rows": 3,
                        "Actual Loops": 1,
                        "Output": [
                            "t.id",
                            "mk.movie_id"
                        ],
                        "Inner Unique": true,
                        "Hash Cond": "(mk.movie_id = t.id)",
                        "Plans": [
                            {
                                "Node Type": "Bitmap Heap Scan",
                                "Parent Relationship": "Outer",
                                "Parallel Aware": false,
                                "Relation Name": "movie_keyword",
                                "Schema": "public",
                                "Alias": "mk",
                                "Startup Cost": 6.32,
                                "Total Cost": 908.7,
                                "Plan Rows": 244,
                                "Plan Width": 4,
                                "Actual Startup Time": 0.077,
                                "Actual Total Time": 0.524,
                                "Actual Rows": 47,
                                "Actual Loops": 1,
                                "Output": [
                                    "mk.id",
                                    "mk.movie_id",
                                    "mk.keyword_id"
                                ],
                                "Recheck Cond": "(mk.keyword_id = 50143)",
                                "Rows Removed by Index Recheck": 0,
                                "Exact Heap Blocks": 44,
                                "Lossy Heap Blocks": 0,
                                "Plans": [
                                    {
                                        "Node Type": "Bitmap Index Scan",
                                        "Parent Relationship": "Outer",
                                        "Parallel Aware": false,
                                        "Index Name": "keyword_id_movie_keyword",
                                        "Startup Cost": 0.0,
                                        "Total Cost": 6.26,
                                        "Plan Rows": 244,
                                        "Plan Width": 0,
                                        "Actual Startup Time": 0.057,
                                        "Actual Total Time": 0.057,
                                        "Actual Rows": 47,
                                        "Actual Loops": 1,
                                        "Index Cond": "(mk.keyword_id = 50143)"
                                    }
                                ]
                            },
                            {
                                "Node Type": "Hash",
                                "Parent Relationship": "Inner",
                                "Parallel Aware": false,
                                "Startup Cost": 82862.38,
                                "Total Cost": 82862.38,
                                "Plan Rows": 1532837,
                                "Plan Width": 4,
                                "Actual Startup Time": 647.45,
                                "Actual Total Time": 647.451,
                                "Actual Rows": 1543264,
                                "Actual Loops": 1,
                                "Output": [
                                    "t.id"
                                ],
                                "Hash Buckets": 2097152,
                                "Original Hash Buckets": 2097152,
                                "Hash Batches": 1,
                                "Original Hash Batches": 1,
                                "Peak Memory Usage": 70640,
                                "Plans": [
                                    {
                                        "Node Type": "Bitmap Heap Scan",
                                        "Parent Relationship": "Outer",
                                        "Parallel Aware": false,
                                        "Relation Name": "title",
                                        "Schema": "public",
                                        "Alias": "t",
                                        "Startup Cost": 27703.92,
                                        "Total Cost": 82862.38,
                                        "Plan Rows": 1532837,
                                        "Plan Width": 4,
                                        "Actual Startup Time": 51.618,
                                        "Actual Total Time": 308.819,
                                        "Actual Rows": 1543264,
                                        "Actual Loops": 1,
                                        "Output": [
                                            "t.id"
                                        ],
                                        "Recheck Cond": "(t.kind_id = 7)",
                                        "Rows Removed by Index Recheck": 0,
                                        "Exact Heap Blocks": 24710,
                                        "Lossy Heap Blocks": 0,
                                        "Plans": [
                                            {
                                                "Node Type": "Bitmap Index Scan",
                                                "Parent Relationship": "Outer",
                                                "Parallel Aware": false,
                                                "Index Name": "kind_id_title",
                                                "Startup Cost": 0.0,
                                                "Total Cost": 27320.71,
                                                "Plan Rows": 1532837,
                                                "Plan Width": 0,
                                                "Actual Startup Time": 48.518,
                                                "Actual Total Time": 48.518,
                                                "Actual Rows": 1543264,
                                                "Actual Loops": 1,
                                                "Index Cond": "(t.kind_id = 7)"
                                            }
                                        ]
                                    }
                                ]
                            }
                        ]
                    },
                    {
                        "Node Type": "Hash",
                        "Parent Relationship": "Inner",
                        "Parallel Aware": false,
                        "Startup Cost": 22080.97,
                        "Total Cost": 22080.97,
                        "Plan Rows": 462496,
                        "Plan Width": 4,
                        "Actual Startup Time": 171.443,
                        "Actual Total Time": 171.443,
                        "Actual Rows": 459925,
                        "Actual Loops": 1,
                        "Output": [
                            "mi_idx.movie_id"
                        ],
                        "Hash Buckets": 524288,
                        "Original Hash Buckets": 524288,
                        "Hash Batches": 1,
                        "Original Hash Batches": 1,
                        "Peak Memory Usage": 20266,
                        "Plans": [
                            {
                                "Node Type": "Bitmap Heap Scan",
                                "Parent Relationship": "Outer",
                                "Parallel Aware": false,
                                "Relation Name": "movie_info_idx",
                                "Schema": "public",
                                "Alias": "mi_idx",
                                "Startup Cost": 8364.77,
                                "Total Cost": 22080.97,
                                "Plan Rows": 462496,
                                "Plan Width": 4,
                                "Actual Startup Time": 30.575,
                                "Actual Total Time": 96.009,
                                "Actual Rows": 459925,
                                "Actual Loops": 1,
                                "Output": [
                                    "mi_idx.movie_id"
                                ],
                                "Recheck Cond": "(mi_idx.info_type_id = 100)",
                                "Rows Removed by Index Recheck": 0,
                                "Exact Heap Blocks": 7934,
                                "Lossy Heap Blocks": 0,
                                "Plans": [
                                    {
                                        "Node Type": "Bitmap Index Scan",
                                        "Parent Relationship": "Outer",
                                        "Parallel Aware": false,
                                        "Index Name": "info_type_id_movie_info_idx",
                                        "Startup Cost": 0.0,
                                        "Total Cost": 8249.15,
                                        "Plan Rows": 462496,
                                        "Plan Width": 0,
                                        "Actual Startup Time": 29.63,
                                        "Actual Total Time": 29.63,
                                        "Actual Rows": 459925,
                                        "Actual Loops": 1,
                                        "Index Cond": "(mi_idx.info_type_id = 100)"
                                    }
                                ]
                            }
                        ]
                    }
                ]
            }
        ]
    },
    "Planning Time": 3.759,
    "Triggers": [],
    "Execution Time": 836.091
}