[
  {
    "Plan": {
      "Node Type": "Aggregate",
      "Strategy": "Plain",
      "Partial Mode": "Finalize",
      "Parallel Aware": false,
      "Startup Cost": 203060.64,
      "Total Cost": 203060.65,
      "Plan Rows": 1,
      "Plan Width": 8,
      "Actual Startup Time": 292.183,
      "Actual Total Time": 314.664,
      "Actual Rows": 1,
      "Actual Loops": 1,
      "Plans": [
        {
          "Node Type": "Gather",
          "Parent Relationship": "Outer",
          "Parallel Aware": false,
          "Startup Cost": 203060.01,
          "Total Cost": 203060.62,
          "Plan Rows": 6,
          "Plan Width": 8,
          "Actual Startup Time": 292.043,
          "Actual Total Time": 314.648,
          "Actual Rows": 7,
          "Actual Loops": 1,
          "Workers Planned": 6,
          "Workers Launched": 6,
          "Single Copy": false,
          "Plans": [
            {
              "Node Type": "Aggregate",
              "Strategy": "Plain",
              "Partial Mode": "Partial",
              "Parent Relationship": "Outer",
              "Parallel Aware": false,
              "Startup Cost": 202060.01,
              "Total Cost": 202060.02,
              "Plan Rows": 1,
              "Plan Width": 8,
              "Actual Startup Time": 282.095,
              "Actual Total Time": 282.097,
              "Actual Rows": 1,
              "Actual Loops": 7,
              "Plans": [
                {
                  "Node Type": "Index Scan",
                  "Parent Relationship": "Outer",
                  "Parallel Aware": true,
                  "Scan Direction": "Forward",
                  "Index Name": "role_id_cast_info",
                  "Relation Name": "cast_info",
                  "Alias": "ci",
                  "Startup Cost": 0.56,
                  "Total Cost": 201884.69,
                  "Plan Rows": 70129,
                  "Plan Width": 0,
                  "Actual Startup Time": 9.425,
                  "Actual Total Time": 282.081,
                  "Actual Rows": 39,
                  "Actual Loops": 7,
                  "Index Cond": "(role_id = 2)",
                  "Rows Removed by Index Recheck": 0,
                  "Filter": "(person_id < 204371)",
                  "Rows Removed by Filter": 1064529
                }
              ]
            }
          ]
        }
      ]
    },
    "Planning Time": 0.207,
    "Triggers": [],
    "Execution Time": 314.716
  }
]