[
  {
    "Plan": {
      "Node Type": "Aggregate",
      "Strategy": "Plain",
      "Partial Mode": "Finalize",
      "Parallel Aware": false,
      "Startup Cost": 101725.7,
      "Total Cost": 101725.71,
      "Plan Rows": 1,
      "Plan Width": 8,
      "Actual Startup Time": 859.43,
      "Actual Total Time": 874.298,
      "Actual Rows": 1,
      "Actual Loops": 1,
      "Plans": [
        {
          "Node Type": "Gather",
          "Parent Relationship": "Outer",
          "Parallel Aware": false,
          "Startup Cost": 101725.49,
          "Total Cost": 101725.7,
          "Plan Rows": 2,
          "Plan Width": 8,
          "Actual Startup Time": 852.367,
          "Actual Total Time": 874.29,
          "Actual Rows": 3,
          "Actual Loops": 1,
          "Workers Planned": 2,
          "Workers Launched": 2,
          "Single Copy": false,
          "Plans": [
            {
              "Node Type": "Aggregate",
              "Strategy": "Plain",
              "Partial Mode": "Partial",
              "Parent Relationship": "Outer",
              "Parallel Aware": false,
              "Startup Cost": 100725.49,
              "Total Cost": 100725.5,
              "Plan Rows": 1,
              "Plan Width": 8,
              "Actual Startup Time": 843.911,
              "Actual Total Time": 843.916,
              "Actual Rows": 1,
              "Actual Loops": 3,
              "Plans": [
                {
                  "Node Type": "Hash Join",
                  "Parent Relationship": "Outer",
                  "Parallel Aware": true,
                  "Join Type": "Inner",
                  "Startup Cost": 83885.66,
                  "Total Cost": 100226.3,
                  "Plan Rows": 199674,
                  "Plan Width": 0,
                  "Actual Startup Time": 688.612,
                  "Actual Total Time": 824.658,
                  "Actual Rows": 472919,
                  "Actual Loops": 3,
                  "Inner Unique": false,
                  "Hash Cond": "(mi_idx.movie_id = t.id)",
                  "Plans": [
                    {
                      "Node Type": "Seq Scan",
                      "Parent Relationship": "Outer",
                      "Parallel Aware": true,
                      "Relation Name": "movie_info_idx",
                      "Alias": "mi_idx",
                      "Startup Cost": 0.0,
                      "Total Cost": 13685.15,
                      "Plan Rows": 575015,
                      "Plan Width": 4,
                      "Actual Startup Time": 0.023,
                      "Actual Total Time": 34.467,
                      "Actual Rows": 460012,
                      "Actual Loops": 3
                    },
                    {
                      "Node Type": "Hash",
                      "Parent Relationship": "Inner",
                      "Parallel Aware": true,
                      "Startup Cost": 81142.06,
                      "Total Cost": 81142.06,
                      "Plan Rows": 219488,
                      "Plan Width": 8,
                      "Actual Startup Time": 681.109,
                      "Actual Total Time": 681.113,
                      "Actual Rows": 359627,
                      "Actual Loops": 3,
                      "Hash Buckets": 2097152,
                      "Original Hash Buckets": 1048576,
                      "Hash Batches": 1,
                      "Original Hash Batches": 1,
                      "Peak Memory Usage": 66816,
                      "Plans": [
                        {
                          "Node Type": "Hash Join",
                          "Parent Relationship": "Outer",
                          "Parallel Aware": true,
                          "Join Type": "Inner",
                          "Startup Cost": 34954.94,
                          "Total Cost": 81142.06,
                          "Plan Rows": 219488,
                          "Plan Width": 8,
                          "Actual Startup Time": 211.086,
                          "Actual Total Time": 559.953,
                          "Actual Rows": 359627,
                          "Actual Loops": 3,
                          "Inner Unique": false,
                          "Hash Cond": "(t.id = mc.movie_id)",
                          "Plans": [
                            {
                              "Node Type": "Seq Scan",
                              "Parent Relationship": "Outer",
                              "Parallel Aware": true,
                              "Relation Name": "title",
                              "Alias": "t",
                              "Startup Cost": 0.0,
                              "Total Cost": 42318.73,
                              "Plan Rows": 632073,
                              "Plan Width": 4,
                              "Actual Startup Time": 0.009,
                              "Actual Total Time": 87.444,
                              "Actual Rows": 842771,
                              "Actual Loops": 3
                            },
                            {
                              "Node Type": "Hash",
                              "Parent Relationship": "Inner",
                              "Parallel Aware": true,
                              "Startup Cost": 31414.82,
                              "Total Cost": 31414.82,
                              "Plan Rows": 283210,
                              "Plan Width": 4,
                              "Actual Startup Time": 207.44,
                              "Actual Total Time": 207.441,
                              "Actual Rows": 359627,
                              "Actual Loops": 3,
                              "Hash Buckets": 2097152,
                              "Original Hash Buckets": 1048576,
                              "Hash Batches": 1,
                              "Original Hash Batches": 1,
                              "Peak Memory Usage": 66816,
                              "Plans": [
                                {
                                  "Node Type": "Seq Scan",
                                  "Parent Relationship": "Outer",
                                  "Parallel Aware": true,
                                  "Relation Name": "movie_companies",
                                  "Alias": "mc",
                                  "Startup Cost": 0.0,
                                  "Total Cost": 31414.82,
                                  "Plan Rows": 283210,
                                  "Plan Width": 4,
                                  "Actual Startup Time": 52.571,
                                  "Actual Total Time": 102.689,
                                  "Actual Rows": 359627,
                                  "Actual Loops": 3,
                                  "Filter": "((company_id > 2561) AND (company_type_id > 1))",
                                  "Rows Removed by Filter": 510082
                                }
                              ]
                            }
                          ]
                        }
                      ]
                    }
                  ]
                }
              ]
            }
          ]
        }
      ]
    },
    "Planning Time": 1.355,
    "Triggers": [],
    "Execution Time": 874.395
  }
]