{
  "Plan": {
    "Node Type": "Aggregate",
    "Strategy": "Plain",
    "Partial Mode": "Finalize",
    "Parallel Aware": false,
    "Startup Cost": 431083.16,
    "Total Cost": 431083.17,
    "Plan Rows": 1,
    "Plan Width": 8,
    "Actual Startup Time": 1524.747,
    "Actual Total Time": 1543.298,
    "Actual Rows": 1,
    "Actual Loops": 1,
    "Plans": [
      {
        "Node Type": "Gather",
        "Parent Relationship": "Outer",
        "Parallel Aware": false,
        "Startup Cost": 431083.05,
        "Total Cost": 431083.16,
        "Plan Rows": 1,
        "Plan Width": 8,
        "Actual Startup Time": 1519.67,
        "Actual Total Time": 1543.289,
        "Actual Rows": 2,
        "Actual Loops": 1,
        "Workers Planned": 1,
        "Workers Launched": 1,
        "Single Copy": false,
        "Plans": [
          {
            "Node Type": "Aggregate",
            "Strategy": "Plain",
            "Partial Mode": "Partial",
            "Parent Relationship": "Outer",
            "Parallel Aware": false,
            "Startup Cost": 430083.05,
            "Total Cost": 430083.06,
            "Plan Rows": 1,
            "Plan Width": 8,
            "Actual Startup Time": 1513.873,
            "Actual Total Time": 1513.878,
            "Actual Rows": 1,
            "Actual Loops": 2,
            "Plans": [
              {
                "Node Type": "Hash Join",
                "Parent Relationship": "Outer",
                "Parallel Aware": true,
                "Join Type": "Inner",
                "Startup Cost": 149189.24,
                "Total Cost": 429969.05,
                "Plan Rows": 45599,
                "Plan Width": 0,
                "Actual Startup Time": 649.345,
                "Actual Total Time": 1504.943,
                "Actual Rows": 196206,
                "Actual Loops": 2,
                "Inner Unique": false,
                "Hash Cond": "(t.id = mc.movie_id)",
                "Plans": [
                  {
                    "Node Type": "Hash Join",
                    "Parent Relationship": "Outer",
                    "Parallel Aware": true,
                    "Join Type": "Inner",
                    "Startup Cost": 124063.87,
                    "Total Cost": 400438.23,
                    "Plan Rows": 661955,
                    "Plan Width": 8,
                    "Actual Startup Time": 581.504,
                    "Actual Total Time": 1234.914,
                    "Actual Rows": 1196730,
                    "Actual Loops": 2,
                    "Inner Unique": true,
                    "Hash Cond": "(ci.movie_id = t.id)",
                    "Plans": [
                      {
                        "Node Type": "Bitmap Heap Scan",
                        "Parent Relationship": "Outer",
                        "Parallel Aware": true,
                        "Relation Name": "cast_info",
                        "Alias": "ci",
                        "Startup Cost": 54603.17,
                        "Total Cost": 329239.9,
                        "Plan Rows": 661955,
                        "Plan Width": 4,
                        "Actual Startup Time": 79.25,
                        "Actual Total Time": 256.316,
                        "Actual Rows": 1196730,
                        "Actual Loops": 2,
                        "Recheck Cond": "(person_id > 3595016)",
                        "Rows Removed by Index Recheck": 0,
                        "Filter": "(role_id > 2)",
                        "Rows Removed by Filter": 0,
                        "Exact Heap Blocks": 17780,
                        "Lossy Heap Blocks": 0,
                        "Plans": [
                          {
                            "Node Type": "Bitmap Index Scan",
                            "Parent Relationship": "Outer",
                            "Parallel Aware": false,
                            "Index Name": "person_id_cast_info",
                            "Startup Cost": 0.0,
                            "Total Cost": 54321.84,
                            "Plan Rows": 2487636,
                            "Plan Width": 0,
                            "Actual Startup Time": 73.724,
                            "Actual Total Time": 73.725,
                            "Actual Rows": 2393460,
                            "Actual Loops": 1,
                            "Index Cond": "(person_id > 3595016)"
                          }
                        ]
                      },
                      {
                        "Node Type": "Hash",
                        "Parent Relationship": "Inner",
                        "Parallel Aware": true,
                        "Startup Cost": 50870.31,
                        "Total Cost": 50870.31,
                        "Plan Rows": 1487231,
                        "Plan Width": 4,
                        "Actual Startup Time": 489.874,
                        "Actual Total Time": 489.875,
                        "Actual Rows": 1264156,
                        "Actual Loops": 2,
                        "Hash Buckets": 4194304,
                        "Original Hash Buckets": 4194304,
                        "Hash Batches": 1,
                        "Original Hash Batches": 1,
                        "Peak Memory Usage": 131680,
                        "Plans": [
                          {
                            "Node Type": "Seq Scan",
                            "Parent Relationship": "Outer",
                            "Parallel Aware": true,
                            "Relation Name": "title",
                            "Alias": "t",
                            "Startup Cost": 0.0,
                            "Total Cost": 50870.31,
                            "Plan Rows": 1487231,
                            "Plan Width": 4,
                            "Actual Startup Time": 0.02,
                            "Actual Total Time": 143.89,
                            "Actual Rows": 1264156,
                            "Actual Loops": 2
                          }
                        ]
                      }
                    ]
                  },
                  {
                    "Node Type": "Hash",
                    "Parent Relationship": "Inner",
                    "Parallel Aware": true,
                    "Startup Cost": 23844.77,
                    "Total Cost": 23844.77,
                    "Plan Rows": 102448,
                    "Plan Width": 4,
                    "Actual Startup Time": 64.506,
                    "Actual Total Time": 64.507,
                    "Actual Rows": 84896,
                    "Actual Loops": 2,
                    "Hash Buckets": 262144,
                    "Original Hash Buckets": 262144,
                    "Hash Batches": 1,
                    "Original Hash Batches": 1,
                    "Peak Memory Usage": 8704,
                    "Plans": [
                      {
                        "Node Type": "Bitmap Heap Scan",
                        "Parent Relationship": "Outer",
                        "Parallel Aware": true,
                        "Relation Name": "movie_companies",
                        "Alias": "mc",
                        "Startup Cost": 3774.18,
                        "Total Cost": 23844.77,
                        "Plan Rows": 102448,
                        "Plan Width": 4,
                        "Actual Startup Time": 16.768,
                        "Actual Total Time": 43.985,
                        "Actual Rows": 84896,
                        "Actual Loops": 2,
                        "Recheck Cond": "(company_id > 123938)",
                        "Rows Removed by Index Recheck": 0,
                        "Exact Heap Blocks": 3061,
                        "Lossy Heap Blocks": 0,
                        "Plans": [
                          {
                            "Node Type": "Bitmap Index Scan",
                            "Parent Relationship": "Outer",
                            "Parallel Aware": false,
                            "Index Name": "company_id_movie_companies",
                            "Startup Cost": 0.0,
                            "Total Cost": 3730.64,
                            "Plan Rows": 174161,
                            "Plan Width": 0,
                            "Actual Startup Time": 17.931,
                            "Actual Total Time": 17.931,
                            "Actual Rows": 169793,
                            "Actual Loops": 1,
                            "Index Cond": "(company_id > 123938)"
                          }
                        ]
                      }
                    ]
                  }
                ]
              }
            ]
          }
        ]
      }
    ]
  },
  "Planning Time": 1.178,
  "Triggers": [],
  "Execution Time": 1543.416
}