[
  {
    "Plan": {
      "Node Type": "Aggregate",
      "Strategy": "Plain",
      "Partial Mode": "Finalize",
      "Parallel Aware": false,
      "Startup Cost": 437345.86,
      "Total Cost": 437345.87,
      "Plan Rows": 1,
      "Plan Width": 8,
      "Actual Startup Time": 1143.28,
      "Actual Total Time": 1198.663,
      "Actual Rows": 1,
      "Actual Loops": 1,
      "Plans": [
        {
          "Node Type": "Gather",
          "Parent Relationship": "Outer",
          "Parallel Aware": false,
          "Startup Cost": 437345.24,
          "Total Cost": 437345.85,
          "Plan Rows": 6,
          "Plan Width": 8,
          "Actual Startup Time": 1136.348,
          "Actual Total Time": 1198.653,
          "Actual Rows": 7,
          "Actual Loops": 1,
          "Workers Planned": 6,
          "Workers Launched": 6,
          "Single Copy": false,
          "Plans": [
            {
              "Node Type": "Aggregate",
              "Strategy": "Plain",
              "Partial Mode": "Partial",
              "Parent Relationship": "Outer",
              "Parallel Aware": false,
              "Startup Cost": 436345.24,
              "Total Cost": 436345.25,
              "Plan Rows": 1,
              "Plan Width": 8,
              "Actual Startup Time": 1124.959,
              "Actual Total Time": 1125.097,
              "Actual Rows": 1,
              "Actual Loops": 7,
              "Plans": [
                {
                  "Node Type": "Hash Join",
                  "Parent Relationship": "Outer",
                  "Parallel Aware": true,
                  "Join Type": "Inner",
                  "Startup Cost": 95290.15,
                  "Total Cost": 433989.38,
                  "Plan Rows": 942344,
                  "Plan Width": 0,
                  "Actual Startup Time": 543.759,
                  "Actual Total Time": 1107.864,
                  "Actual Rows": 397501,
                  "Actual Loops": 7,
                  "Inner Unique": false,
                  "Hash Cond": "(ci.movie_id = t.id)",
                  "Plans": [
                    {
                      "Node Type": "Seq Scan",
                      "Parent Relationship": "Outer",
                      "Parallel Aware": true,
                      "Relation Name": "cast_info",
                      "Alias": "ci",
                      "Startup Cost": 0.0,
                      "Total Cost": 328211.39,
                      "Plan Rows": 1986136,
                      "Plan Width": 4,
                      "Actual Startup Time": 258.915,
                      "Actual Total Time": 543.009,
                      "Actual Rows": 1683935,
                      "Actual Loops": 7,
                      "Filter": "(person_id > 2512781)",
                      "Rows Removed by Filter": 3493828
                    },
                    {
                      "Node Type": "Hash",
                      "Parent Relationship": "Inner",
                      "Parallel Aware": true,
                      "Startup Cost": 90452.9,
                      "Total Cost": 90452.9,
                      "Plan Rows": 386980,
                      "Plan Width": 8,
                      "Actual Startup Time": 281.075,
                      "Actual Total Time": 281.211,
                      "Actual Rows": 61375,
                      "Actual Loops": 7,
                      "Hash Buckets": 2097152,
                      "Original Hash Buckets": 2097152,
                      "Hash Batches": 1,
                      "Original Hash Batches": 1,
                      "Peak Memory Usage": 33312,
                      "Plans": [
                        {
                          "Node Type": "Hash Join",
                          "Parent Relationship": "Outer",
                          "Parallel Aware": true,
                          "Join Type": "Inner",
                          "Startup Cost": 47574.82,
                          "Total Cost": 90452.9,
                          "Plan Rows": 386980,
                          "Plan Width": 8,
                          "Actual Startup Time": 130.326,
                          "Actual Total Time": 256.47,
                          "Actual Rows": 61375,
                          "Actual Loops": 7,
                          "Inner Unique": true,
                          "Hash Cond": "(mk.movie_id = t.id)",
                          "Plans": [
                            {
                              "Node Type": "Seq Scan",
                              "Parent Relationship": "Outer",
                              "Parallel Aware": true,
                              "Relation Name": "movie_keyword",
                              "Alias": "mk",
                              "Startup Cost": 0.0,
                              "Total Cost": 39047.32,
                              "Plan Rows": 1459332,
                              "Plan Width": 4,
                              "Actual Startup Time": 0.027,
                              "Actual Total Time": 57.796,
                              "Actual Rows": 646276,
                              "Actual Loops": 7
                            },
                            {
                              "Node Type": "Hash",
                              "Parent Relationship": "Inner",
                              "Parallel Aware": true,
                              "Startup Cost": 45479.59,
                              "Total Cost": 45479.59,
                              "Plan Rows": 167619,
                              "Plan Width": 4,
                              "Actual Startup Time": 128.966,
                              "Actual Total Time": 128.967,
                              "Actual Rows": 79219,
                              "Actual Loops": 7,
                              "Hash Buckets": 1048576,
                              "Original Hash Buckets": 1048576,
                              "Hash Batches": 1,
                              "Original Hash Batches": 1,
                              "Peak Memory Usage": 30016,
                              "Plans": [
                                {
                                  "Node Type": "Seq Scan",
                                  "Parent Relationship": "Outer",
                                  "Parallel Aware": true,
                                  "Relation Name": "title",
                                  "Alias": "t",
                                  "Startup Cost": 0.0,
                                  "Total Cost": 45479.59,
                                  "Plan Rows": 167619,
                                  "Plan Width": 4,
                                  "Actual Startup Time": 0.051,
                                  "Actual Total Time": 82.223,
                                  "Actual Rows": 79219,
                                  "Actual Loops": 7,
                                  "Filter": "((kind_id > 3) AND (production_year < 2000))",
                                  "Rows Removed by Filter": 281969
                                }
                              ]
                            }
                          ]
                        }
                      ]
                    }
                  ]
                }
              ]
            }
          ]
        }
      ]
    },
    "Planning Time": 0.973,
    "Triggers": [],
    "Execution Time": 1198.724
  }
]