[
  {
    "Plan": {
      "Node Type": "Aggregate",
      "Strategy": "Plain",
      "Partial Mode": "Finalize",
      "Parallel Aware": false,
      "Startup Cost": 386883.93,
      "Total Cost": 386883.94,
      "Plan Rows": 1,
      "Plan Width": 8,
      "Actual Startup Time": 1385.404,
      "Actual Total Time": 1436.132,
      "Actual Rows": 1,
      "Actual Loops": 1,
      "Plans": [
        {
          "Node Type": "Gather",
          "Parent Relationship": "Outer",
          "Parallel Aware": false,
          "Startup Cost": 386883.3,
          "Total Cost": 386883.91,
          "Plan Rows": 6,
          "Plan Width": 8,
          "Actual Startup Time": 1382.984,
          "Actual Total Time": 1436.125,
          "Actual Rows": 7,
          "Actual Loops": 1,
          "Workers Planned": 6,
          "Workers Launched": 6,
          "Single Copy": false,
          "Plans": [
            {
              "Node Type": "Aggregate",
              "Strategy": "Plain",
              "Partial Mode": "Partial",
              "Parent Relationship": "Outer",
              "Parallel Aware": false,
              "Startup Cost": 385883.3,
              "Total Cost": 385883.31,
              "Plan Rows": 1,
              "Plan Width": 8,
              "Actual Startup Time": 1374.229,
              "Actual Total Time": 1374.232,
              "Actual Rows": 1,
              "Actual Loops": 7,
              "Plans": [
                {
                  "Node Type": "Hash Join",
                  "Parent Relationship": "Outer",
                  "Parallel Aware": true,
                  "Join Type": "Inner",
                  "Startup Cost": 45962.36,
                  "Total Cost": 383551.4,
                  "Plan Rows": 932762,
                  "Plan Width": 0,
                  "Actual Startup Time": 251.269,
                  "Actual Total Time": 1337.089,
                  "Actual Rows": 835258,
                  "Actual Loops": 7,
                  "Inner Unique": true,
                  "Hash Cond": "(ci.movie_id = t.id)",
                  "Plans": [
                    {
                      "Node Type": "Seq Scan",
                      "Parent Relationship": "Outer",
                      "Parallel Aware": true,
                      "Relation Name": "cast_info",
                      "Alias": "ci",
                      "Startup Cost": 0.0,
                      "Total Cost": 328211.39,
                      "Plan Rows": 3572432,
                      "Plan Width": 4,
                      "Actual Startup Time": 145.633,
                      "Actual Total Time": 572.887,
                      "Actual Rows": 3043035,
                      "Actual Loops": 7,
                      "Filter": "(person_id > 1475057)",
                      "Rows Removed by Filter": 2134728
                    },
                    {
                      "Node Type": "Hash",
                      "Parent Relationship": "Inner",
                      "Parallel Aware": true,
                      "Startup Cost": 43899.32,
                      "Total Cost": 43899.32,
                      "Plan Rows": 165043,
                      "Plan Width": 4,
                      "Actual Startup Time": 103.618,
                      "Actual Total Time": 103.619,
                      "Actual Rows": 94689,
                      "Actual Loops": 7,
                      "Hash Buckets": 1048576,
                      "Original Hash Buckets": 1048576,
                      "Hash Batches": 1,
                      "Original Hash Batches": 1,
                      "Peak Memory Usage": 34240,
                      "Plans": [
                        {
                          "Node Type": "Seq Scan",
                          "Parent Relationship": "Outer",
                          "Parallel Aware": true,
                          "Relation Name": "title",
                          "Alias": "t",
                          "Startup Cost": 0.0,
                          "Total Cost": 43899.32,
                          "Plan Rows": 165043,
                          "Plan Width": 4,
                          "Actual Startup Time": 34.747,
                          "Actual Total Time": 69.211,
                          "Actual Rows": 94689,
                          "Actual Loops": 7,
                          "Filter": "(kind_id < 2)",
                          "Rows Removed by Filter": 266498
                        }
                      ]
                    }
                  ]
                }
              ]
            }
          ]
        }
      ]
    },
    "Planning Time": 0.251,
    "Triggers": [],
    "Execution Time": 1436.18
  }
]