[
  {
    "Plan": {
      "Node Type": "Aggregate",
      "Strategy": "Plain",
      "Partial Mode": "Finalize",
      "Parallel Aware": false,
      "Startup Cost": 166412.66,
      "Total Cost": 166412.67,
      "Plan Rows": 1,
      "Plan Width": 8,
      "Actual Startup Time": 1356.169,
      "Actual Total Time": 1397.616,
      "Actual Rows": 1,
      "Actual Loops": 1,
      "Plans": [
        {
          "Node Type": "Gather",
          "Parent Relationship": "Outer",
          "Parallel Aware": false,
          "Startup Cost": 166412.44,
          "Total Cost": 166412.65,
          "Plan Rows": 2,
          "Plan Width": 8,
          "Actual Startup Time": 1348.255,
          "Actual Total Time": 1397.606,
          "Actual Rows": 3,
          "Actual Loops": 1,
          "Workers Planned": 2,
          "Workers Launched": 2,
          "Single Copy": false,
          "Plans": [
            {
              "Node Type": "Aggregate",
              "Strategy": "Plain",
              "Partial Mode": "Partial",
              "Parent Relationship": "Outer",
              "Parallel Aware": false,
              "Startup Cost": 165412.44,
              "Total Cost": 165412.45,
              "Plan Rows": 1,
              "Plan Width": 8,
              "Actual Startup Time": 1340.877,
              "Actual Total Time": 1340.954,
              "Actual Rows": 1,
              "Actual Loops": 3,
              "Plans": [
                {
                  "Node Type": "Nested Loop",
                  "Parent Relationship": "Outer",
                  "Parallel Aware": false,
                  "Join Type": "Inner",
                  "Startup Cost": 46100.36,
                  "Total Cost": 164749.75,
                  "Plan Rows": 265077,
                  "Plan Width": 0,
                  "Actual Startup Time": 192.028,
                  "Actual Total Time": 1262.51,
                  "Actual Rows": 1601137,
                  "Actual Loops": 3,
                  "Inner Unique": false,
                  "Join Filter": "(t.id = mi.movie_id)",
                  "Rows Removed by Join Filter": 0,
                  "Plans": [
                    {
                      "Node Type": "Hash Join",
                      "Parent Relationship": "Outer",
                      "Parallel Aware": true,
                      "Join Type": "Inner",
                      "Startup Cost": 46099.92,
                      "Total Cost": 61294.48,
                      "Plan Rows": 45145,
                      "Plan Width": 8,
                      "Actual Startup Time": 191.915,
                      "Actual Total Time": 319.698,
                      "Actual Rows": 84545,
                      "Actual Loops": 3,
                      "Inner Unique": true,
                      "Hash Cond": "(mi_idx.movie_id = t.id)",
                      "Plans": [
                        {
                          "Node Type": "Seq Scan",
                          "Parent Relationship": "Outer",
                          "Parallel Aware": true,
                          "Relation Name": "movie_info_idx",
                          "Alias": "mi_idx",
                          "Startup Cost": 0.0,
                          "Total Cost": 13685.15,
                          "Plan Rows": 575015,
                          "Plan Width": 4,
                          "Actual Startup Time": 0.038,
                          "Actual Total Time": 41.885,
                          "Actual Rows": 460012,
                          "Actual Loops": 3
                        },
                        {
                          "Node Type": "Hash",
                          "Parent Relationship": "Inner",
                          "Parallel Aware": true,
                          "Startup Cost": 45479.59,
                          "Total Cost": 45479.59,
                          "Plan Rows": 49627,
                          "Plan Width": 4,
                          "Actual Startup Time": 189.41,
                          "Actual Total Time": 189.41,
                          "Actual Rows": 104643,
                          "Actual Loops": 3,
                          "Hash Buckets": 524288,
                          "Original Hash Buckets": 262144,
                          "Hash Batches": 1,
                          "Original Hash Batches": 1,
                          "Peak Memory Usage": 18464,
                          "Plans": [
                            {
                              "Node Type": "Seq Scan",
                              "Parent Relationship": "Outer",
                              "Parallel Aware": true,
                              "Relation Name": "title",
                              "Alias": "t",
                              "Startup Cost": 0.0,
                              "Total Cost": 45479.59,
                              "Plan Rows": 49627,
                              "Plan Width": 4,
                              "Actual Startup Time": 0.087,
                              "Actual Total Time": 129.351,
                              "Actual Rows": 104643,
                              "Actual Loops": 3,
                              "Filter": "((kind_id < 7) AND (production_year < 1981))",
                              "Rows Removed by Filter": 738128
                            }
                          ]
                        }
                      ]
                    },
                    {
                      "Node Type": "Index Only Scan",
                      "Parent Relationship": "Inner",
                      "Parallel Aware": false,
                      "Scan Direction": "Forward",
                      "Index Name": "movie_id_movie_info",
                      "Relation Name": "movie_info",
                      "Alias": "mi",
                      "Startup Cost": 0.43,
                      "Total Cost": 1.78,
                      "Plan Rows": 41,
                      "Plan Width": 4,
                      "Actual Startup Time": 0.003,
                      "Actual Total Time": 0.009,
                      "Actual Rows": 19,
                      "Actual Loops": 253634,
                      "Index Cond": "(movie_id = mi_idx.movie_id)",
                      "Rows Removed by Index Recheck": 0,
                      "Heap Fetches": 4803412
                    }
                  ]
                }
              ]
            }
          ]
        }
      ]
    },
    "Planning Time": 1.104,
    "Triggers": [],
    "Execution Time": 1397.705
  }
]