{
  "Plan": {
    "Node Type": "Aggregate",
    "Strategy": "Plain",
    "Partial Mode": "Simple",
    "Parallel Aware": false,
    "Startup Cost": 1297719.49,
    "Total Cost": 1297719.5,
    "Plan Rows": 1,
    "Plan Width": 64,
    "Actual Startup Time": 3301.852,
    "Actual Total Time": 3327.509,
    "Actual Rows": 1,
    "Actual Loops": 1,
    "Plans": [
      {
        "Node Type": "Hash Join",
        "Parent Relationship": "Outer",
        "Parallel Aware": false,
        "Join Type": "Inner",
        "Startup Cost": 1281815.15,
        "Total Cost": 1293951.43,
        "Plan Rows": 753612,
        "Plan Width": 33,
        "Actual Startup Time": 3301.833,
        "Actual Total Time": 3327.496,
        "Actual Rows": 12,
        "Actual Loops": 1,
        "Inner Unique": true,
        "Hash Cond": "(ci.role_id = rt.id)",
        "Plans": [
          {
            "Node Type": "Hash Join",
            "Parent Relationship": "Outer",
            "Parallel Aware": false,
            "Join Type": "Inner",
            "Startup Cost": 1281813.88,
            "Total Cost": 1291273.27,
            "Plan Rows": 753612,
            "Plan Width": 37,
            "Actual Startup Time": 3301.743,
            "Actual Total Time": 3327.402,
            "Actual Rows": 12,
            "Actual Loops": 1,
            "Inner Unique": false,
            "Hash Cond": "(ct.id = mc.company_type_id)",
            "Plans": [
              {
                "Node Type": "Seq Scan",
                "Parent Relationship": "Outer",
                "Parallel Aware": false,
                "Relation Name": "company_type",
                "Alias": "ct",
                "Startup Cost": 0.0,
                "Total Cost": 1.04,
                "Plan Rows": 4,
                "Plan Width": 4,
                "Actual Startup Time": 0.007,
                "Actual Total Time": 0.01,
                "Actual Rows": 4,
                "Actual Loops": 1
              },
              {
                "Node Type": "Hash",
                "Parent Relationship": "Inner",
                "Parallel Aware": false,
                "Startup Cost": 1272393.73,
                "Total Cost": 1272393.73,
                "Plan Rows": 753612,
                "Plan Width": 41,
                "Actual Startup Time": 3292.239,
                "Actual Total Time": 3317.891,
                "Actual Rows": 12,
                "Actual Loops": 1,
                "Hash Buckets": 1048576,
                "Original Hash Buckets": 1048576,
                "Hash Batches": 1,
                "Original Hash Batches": 1,
                "Peak Memory Usage": 8193,
                "Plans": [
                  {
                    "Node Type": "Hash Join",
                    "Parent Relationship": "Outer",
                    "Parallel Aware": false,
                    "Join Type": "Inner",
                    "Startup Cost": 1225384.01,
                    "Total Cost": 1272393.73,
                    "Plan Rows": 753612,
                    "Plan Width": 41,
                    "Actual Startup Time": 3212.988,
                    "Actual Total Time": 3317.868,
                    "Actual Rows": 12,
                    "Actual Loops": 1,
                    "Inner Unique": true,
                    "Hash Cond": "(mc.movie_id = t.id)",
                    "Plans": [
                      {
                        "Node Type": "Merge Join",
                        "Parent Relationship": "Outer",
                        "Parallel Aware": false,
                        "Join Type": "Inner",
                        "Startup Cost": 1139825.18,
                        "Total Cost": 1183352.48,
                        "Plan Rows": 1326630,
                        "Plan Width": 32,
                        "Actual Startup Time": 1987.884,
                        "Actual Total Time": 2092.744,
                        "Actual Rows": 14,
                        "Actual Loops": 1,
                        "Inner Unique": false,
                        "Merge Cond": "(cn.id = mc.company_id)",
                        "Plans": [
                          {
                            "Node Type": "Index Scan",
                            "Parent Relationship": "Outer",
                            "Parallel Aware": false,
                            "Scan Direction": "Forward",
                            "Index Name": "company_name_pkey",
                            "Relation Name": "company_name",
                            "Alias": "cn",
                            "Startup Cost": 0.42,
                            "Total Cost": 12469.43,
                            "Plan Rows": 85931,
                            "Plan Width": 4,
                            "Actual Startup Time": 0.035,
                            "Actual Total Time": 79.84,
                            "Actual Rows": 57716,
                            "Actual Loops": 1,
                            "Filter": "((country_code)::text = '[us]'::text)",
                            "Rows Removed by Filter": 101861
                          },
                          {
                            "Node Type": "Sort",
                            "Parent Relationship": "Inner",
                            "Parallel Aware": false,
                            "Startup Cost": 1139270.1,
                            "Total Cost": 1148340.0,
                            "Plan Rows": 3627959,
                            "Plan Width": 36,
                            "Actual Startup Time": 1984.395,
                            "Actual Total Time": 2010.053,
                            "Actual Rows": 31,
                            "Actual Loops": 1,
                            "Sort Key": [
                              "mc.company_id"
                            ],
                            "Sort Method": "quicksort",
                            "Sort Space Used": 27,
                            "Sort Space Type": "Memory",
                            "Plans": [
                              {
                                "Node Type": "Hash Join",
                                "Parent Relationship": "Outer",
                                "Parallel Aware": false,
                                "Join Type": "Inner",
                                "Startup Cost": 535634.87,
                                "Total Cost": 743990.79,
                                "Plan Rows": 3627959,
                                "Plan Width": 36,
                                "Actual Startup Time": 1582.409,
                                "Actual Total Time": 2009.931,
                                "Actual Rows": 31,
                                "Actual Loops": 1,
                                "Inner Unique": false,
                                "Hash Cond": "(mc.movie_id = ci.movie_id)",
                                "Plans": [
                                  {
                                    "Node Type": "Seq Scan",
                                    "Parent Relationship": "Outer",
                                    "Parallel Aware": false,
                                    "Relation Name": "movie_companies",
                                    "Alias": "mc",
                                    "Startup Cost": 0.0,
                                    "Total Cost": 44881.29,
                                    "Plan Rows": 2609129,
                                    "Plan Width": 12,
                                    "Actual Startup Time": 0.014,
                                    "Actual Total Time": 231.858,
                                    "Actual Rows": 2609129,
                                    "Actual Loops": 1
                                  },
                                  {
                                    "Node Type": "Hash",
                                    "Parent Relationship": "Inner",
                                    "Parallel Aware": false,
                                    "Startup Cost": 518778.33,
                                    "Total Cost": 518778.33,
                                    "Plan Rows": 1348523,
                                    "Plan Width": 24,
                                    "Actual Startup Time": 1418.533,
                                    "Actual Total Time": 1444.18,
                                    "Actual Rows": 15,
                                    "Actual Loops": 1,
                                    "Hash Buckets": 2097152,
                                    "Original Hash Buckets": 2097152,
                                    "Hash Batches": 1,
                                    "Original Hash Batches": 1,
                                    "Peak Memory Usage": 16385,
                                    "Plans": [
                                      {
                                        "Node Type": "Gather",
                                        "Parent Relationship": "Outer",
                                        "Parallel Aware": false,
                                        "Startup Cost": 55111.92,
                                        "Total Cost": 518778.33,
                                        "Plan Rows": 1348523,
                                        "Plan Width": 24,
                                        "Actual Startup Time": 767.323,
                                        "Actual Total Time": 1444.144,
                                        "Actual Rows": 15,
                                        "Actual Loops": 1,
                                        "Workers Planned": 6,
                                        "Workers Launched": 6,
                                        "Single Copy": false,
                                        "Plans": [
                                          {
                                            "Node Type": "Hash Join",
                                            "Parent Relationship": "Outer",
                                            "Parallel Aware": true,
                                            "Join Type": "Inner",
                                            "Startup Cost": 54111.92,
                                            "Total Cost": 382926.03,
                                            "Plan Rows": 224754,
                                            "Plan Width": 24,
                                            "Actual Startup Time": 624.713,
                                            "Actual Total Time": 1370.814,
                                            "Actual Rows": 2,
                                            "Actual Loops": 7,
                                            "Inner Unique": true,
                                            "Hash Cond": "(ci.person_role_id = chn.id)",
                                            "Plans": [
                                              {
                                                "Node Type": "Seq Scan",
                                                "Parent Relationship": "Outer",
                                                "Parallel Aware": true,
                                                "Relation Name": "cast_info",
                                                "Alias": "ci",
                                                "Startup Cost": 0.0,
                                                "Total Cost": 328224.13,
                                                "Plan Rows": 224754,
                                                "Plan Width": 12,
                                                "Actual Startup Time": 142.887,
                                                "Actual Total Time": 874.95,
                                                "Actual Rows": 205063,
                                                "Actual Loops": 7,
                                                "Filter": "(note ~~ '%(producer)%'::text)",
                                                "Rows Removed by Filter": 4972701
                                              },
                                              {
                                                "Node Type": "Hash",
                                                "Parent Relationship": "Inner",
                                                "Parallel Aware": true,
                                                "Startup Cost": 44298.63,
                                                "Total Cost": 44298.63,
                                                "Plan Rows": 785063,
                                                "Plan Width": 20,
                                                "Actual Startup Time": 474.689,
                                                "Actual Total Time": 474.691,
                                                "Actual Rows": 448620,
                                                "Actual Loops": 7,
                                                "Hash Buckets": 4194304,
                                                "Original Hash Buckets": 4194304,
                                                "Hash Batches": 1,
                                                "Original Hash Batches": 1,
                                                "Peak Memory Usage": 205120,
                                                "Plans": [
                                                  {
                                                    "Node Type": "Seq Scan",
                                                    "Parent Relationship": "Outer",
                                                    "Parallel Aware": true,
                                                    "Relation Name": "char_name",
                                                    "Alias": "chn",
                                                    "Startup Cost": 0.0,
                                                    "Total Cost": 44298.63,
                                                    "Plan Rows": 785063,
                                                    "Plan Width": 20,
                                                    "Actual Startup Time": 0.073,
                                                    "Actual Total Time": 139.48,
                                                    "Actual Rows": 448620,
                                                    "Actual Loops": 7
                                                  }
                                                ]
                                              }
                                            ]
                                          }
                                        ]
                                      }
                                    ]
                                  }
                                ]
                              }
                            ]
                          }
                        ]
                      },
                      {
                        "Node Type": "Hash",
                        "Parent Relationship": "Inner",
                        "Parallel Aware": false,
                        "Startup Cost": 67604.36,
                        "Total Cost": 67604.36,
                        "Plan Rows": 1436358,
                        "Plan Width": 21,
                        "Actual Startup Time": 1211.141,
                        "Actual Total Time": 1211.142,
                        "Actual Rows": 1443298,
                        "Actual Loops": 1,
                        "Hash Buckets": 2097152,
                        "Original Hash Buckets": 2097152,
                        "Hash Batches": 1,
                        "Original Hash Batches": 1,
                        "Peak Memory Usage": 94240,
                        "Plans": [
                          {
                            "Node Type": "Seq Scan",
                            "Parent Relationship": "Outer",
                            "Parallel Aware": false,
                            "Relation Name": "title",
                            "Alias": "t",
                            "Startup Cost": 0.0,
                            "Total Cost": 67604.36,
                            "Plan Rows": 1436358,
                            "Plan Width": 21,
                            "Actual Startup Time": 0.041,
                            "Actual Total Time": 569.01,
                            "Actual Rows": 1443298,
                            "Actual Loops": 1,
                            "Filter": "(production_year < 2006)",
                            "Rows Removed by Filter": 1085014
                          }
                        ]
                      }
                    ]
                  }
                ]
              }
            ]
          },
          {
            "Node Type": "Hash",
            "Parent Relationship": "Inner",
            "Parallel Aware": false,
            "Startup Cost": 1.12,
            "Total Cost": 1.12,
            "Plan Rows": 12,
            "Plan Width": 4,
            "Actual Startup Time": 0.039,
            "Actual Total Time": 0.039,
            "Actual Rows": 12,
            "Actual Loops": 1,
            "Hash Buckets": 1024,
            "Original Hash Buckets": 1024,
            "Hash Batches": 1,
            "Original Hash Batches": 1,
            "Peak Memory Usage": 9,
            "Plans": [
              {
                "Node Type": "Seq Scan",
                "Parent Relationship": "Outer",
                "Parallel Aware": false,
                "Relation Name": "role_type",
                "Alias": "rt",
                "Startup Cost": 0.0,
                "Total Cost": 1.12,
                "Plan Rows": 12,
                "Plan Width": 4,
                "Actual Startup Time": 0.017,
                "Actual Total Time": 0.021,
                "Actual Rows": 12,
                "Actual Loops": 1
              }
            ]
          }
        ]
      }
    ]
  },
  "Planning Time": 11.954,
  "Triggers": [],
  "Execution Time": 3332.275
}