[
  {
    "Plan": {
      "Node Type": "Aggregate",
      "Strategy": "Plain",
      "Partial Mode": "Finalize",
      "Parallel Aware": false,
      "Startup Cost": 274372.78,
      "Total Cost": 274372.79,
      "Plan Rows": 1,
      "Plan Width": 8,
      "Actual Startup Time": 770.766,
      "Actual Total Time": 793.758,
      "Actual Rows": 1,
      "Actual Loops": 1,
      "Plans": [
        {
          "Node Type": "Gather",
          "Parent Relationship": "Outer",
          "Parallel Aware": false,
          "Startup Cost": 274372.26,
          "Total Cost": 274372.77,
          "Plan Rows": 5,
          "Plan Width": 8,
          "Actual Startup Time": 751.42,
          "Actual Total Time": 793.748,
          "Actual Rows": 6,
          "Actual Loops": 1,
          "Workers Planned": 5,
          "Workers Launched": 5,
          "Single Copy": false,
          "Plans": [
            {
              "Node Type": "Aggregate",
              "Strategy": "Plain",
              "Partial Mode": "Partial",
              "Parent Relationship": "Outer",
              "Parallel Aware": false,
              "Startup Cost": 273372.26,
              "Total Cost": 273372.27,
              "Plan Rows": 1,
              "Plan Width": 8,
              "Actual Startup Time": 740.419,
              "Actual Total Time": 740.82,
              "Actual Rows": 1,
              "Actual Loops": 6,
              "Plans": [
                {
                  "Node Type": "Hash Join",
                  "Parent Relationship": "Outer",
                  "Parallel Aware": true,
                  "Join Type": "Inner",
                  "Startup Cost": 70577.6,
                  "Total Cost": 272748.76,
                  "Plan Rows": 249399,
                  "Plan Width": 0,
                  "Actual Startup Time": 399.845,
                  "Actual Total Time": 723.268,
                  "Actual Rows": 443598,
                  "Actual Loops": 6,
                  "Inner Unique": false,
                  "Hash Cond": "(mi.movie_id = t.id)",
                  "Plans": [
                    {
                      "Node Type": "Seq Scan",
                      "Parent Relationship": "Outer",
                      "Parallel Aware": true,
                      "Relation Name": "movie_info",
                      "Alias": "mi",
                      "Startup Cost": 0.0,
                      "Total Cost": 198880.74,
                      "Plan Rows": 600336,
                      "Plan Width": 4,
                      "Actual Startup Time": 65.246,
                      "Actual Total Time": 280.821,
                      "Actual Rows": 506120,
                      "Actual Loops": 6,
                      "Filter": "(info_type_id = 16)",
                      "Rows Removed by Filter": 1966500
                    },
                    {
                      "Node Type": "Hash",
                      "Parent Relationship": "Inner",
                      "Parallel Aware": true,
                      "Startup Cost": 65107.04,
                      "Total Cost": 65107.04,
                      "Plan Rows": 437645,
                      "Plan Width": 8,
                      "Actual Startup Time": 330.029,
                      "Actual Total Time": 330.429,
                      "Actual Rows": 175186,
                      "Actual Loops": 6,
                      "Hash Buckets": 2097152,
                      "Original Hash Buckets": 2097152,
                      "Hash Batches": 1,
                      "Original Hash Batches": 1,
                      "Peak Memory Usage": 57600,
                      "Plans": [
                        {
                          "Node Type": "Hash Join",
                          "Parent Relationship": "Outer",
                          "Parallel Aware": true,
                          "Join Type": "Inner",
                          "Startup Cost": 49912.48,
                          "Total Cost": 65107.04,
                          "Plan Rows": 437645,
                          "Plan Width": 8,
                          "Actual Startup Time": 203.073,
                          "Actual Total Time": 279.75,
                          "Actual Rows": 175186,
                          "Actual Loops": 6,
                          "Inner Unique": true,
                          "Hash Cond": "(mi_idx.movie_id = t.id)",
                          "Plans": [
                            {
                              "Node Type": "Seq Scan",
                              "Parent Relationship": "Outer",
                              "Parallel Aware": true,
                              "Relation Name": "movie_info_idx",
                              "Alias": "mi_idx",
                              "Startup Cost": 0.0,
                              "Total Cost": 13685.15,
                              "Plan Rows": 575015,
                              "Plan Width": 4,
                              "Actual Startup Time": 0.017,
                              "Actual Total Time": 20.344,
                              "Actual Rows": 230006,
                              "Actual Loops": 6
                            },
                            {
                              "Node Type": "Hash",
                              "Parent Relationship": "Inner",
                              "Parallel Aware": true,
                              "Startup Cost": 43899.01,
                              "Total Cost": 43899.01,
                              "Plan Rows": 481078,
                              "Plan Width": 4,
                              "Actual Startup Time": 200.736,
                              "Actual Total Time": 200.737,
                              "Actual Rows": 322081,
                              "Actual Loops": 6,
                              "Hash Buckets": 2097152,
                              "Original Hash Buckets": 2097152,
                              "Hash Batches": 1,
                              "Original Hash Batches": 1,
                              "Peak Memory Usage": 92064,
                              "Plans": [
                                {
                                  "Node Type": "Seq Scan",
                                  "Parent Relationship": "Outer",
                                  "Parallel Aware": true,
                                  "Relation Name": "title",
                                  "Alias": "t",
                                  "Startup Cost": 0.0,
                                  "Total Cost": 43899.01,
                                  "Plan Rows": 481078,
                                  "Plan Width": 4,
                                  "Actual Startup Time": 0.035,
                                  "Actual Total Time": 77.997,
                                  "Actual Rows": 322081,
                                  "Actual Loops": 6,
                                  "Filter": "(production_year > 1980)",
                                  "Rows Removed by Filter": 99305
                                }
                              ]
                            }
                          ]
                        }
                      ]
                    }
                  ]
                }
              ]
            }
          ]
        }
      ]
    },
    "Planning Time": 0.799,
    "Triggers": [],
    "Execution Time": 793.815
  }
]