[
  {
    "Plan": {
      "Node Type": "Aggregate",
      "Strategy": "Plain",
      "Partial Mode": "Finalize",
      "Parallel Aware": false,
      "Startup Cost": 38790.48,
      "Total Cost": 38790.49,
      "Plan Rows": 1,
      "Plan Width": 8,
      "Actual Startup Time": 110.87,
      "Actual Total Time": 117.328,
      "Actual Rows": 1,
      "Actual Loops": 1,
      "Plans": [
        {
          "Node Type": "Gather",
          "Parent Relationship": "Outer",
          "Parallel Aware": false,
          "Startup Cost": 38790.16,
          "Total Cost": 38790.47,
          "Plan Rows": 3,
          "Plan Width": 8,
          "Actual Startup Time": 110.677,
          "Actual Total Time": 117.319,
          "Actual Rows": 4,
          "Actual Loops": 1,
          "Workers Planned": 3,
          "Workers Launched": 3,
          "Single Copy": false,
          "Plans": [
            {
              "Node Type": "Aggregate",
              "Strategy": "Plain",
              "Partial Mode": "Partial",
              "Parent Relationship": "Outer",
              "Parallel Aware": false,
              "Startup Cost": 37790.16,
              "Total Cost": 37790.17,
              "Plan Rows": 1,
              "Plan Width": 8,
              "Actual Startup Time": 105.134,
              "Actual Total Time": 105.135,
              "Actual Rows": 1,
              "Actual Loops": 4,
              "Plans": [
                {
                  "Node Type": "Bitmap Heap Scan",
                  "Parent Relationship": "Outer",
                  "Parallel Aware": true,
                  "Relation Name": "movie_keyword",
                  "Alias": "mk",
                  "Startup Cost": 10859.39,
                  "Total Cost": 37377.37,
                  "Plan Rows": 165118,
                  "Plan Width": 0,
                  "Actual Startup Time": 35.88,
                  "Actual Total Time": 98.01,
                  "Actual Rows": 128084,
                  "Actual Loops": 4,
                  "Recheck Cond": "(keyword_id > 35367)",
                  "Rows Removed by Index Recheck": 0,
                  "Exact Heap Blocks": 10274,
                  "Lossy Heap Blocks": 0,
                  "Plans": [
                    {
                      "Node Type": "Bitmap Index Scan",
                      "Parent Relationship": "Outer",
                      "Parallel Aware": false,
                      "Index Name": "keyword_id_movie_keyword",
                      "Startup Cost": 0.0,
                      "Total Cost": 10731.43,
                      "Plan Rows": 511866,
                      "Plan Width": 0,
                      "Actual Startup Time": 37.539,
                      "Actual Total Time": 37.54,
                      "Actual Rows": 512335,
                      "Actual Loops": 1,
                      "Index Cond": "(keyword_id > 35367)"
                    }
                  ]
                }
              ]
            }
          ]
        }
      ]
    },
    "Planning Time": 0.103,
    "Triggers": [],
    "Execution Time": 117.384
  }
]