[
  {
    "Plan": {
      "Node Type": "Aggregate",
      "Strategy": "Plain",
      "Partial Mode": "Simple",
      "Parallel Aware": false,
      "Startup Cost": 17211.37,
      "Total Cost": 17211.38,
      "Plan Rows": 1,
      "Plan Width": 8,
      "Actual Startup Time": 26.177,
      "Actual Total Time": 26.178,
      "Actual Rows": 1,
      "Actual Loops": 1,
      "Plans": [
        {
          "Node Type": "Bitmap Heap Scan",
          "Parent Relationship": "Outer",
          "Parallel Aware": false,
          "Relation Name": "movie_keyword",
          "Alias": "mk",
          "Startup Cost": 176.71,
          "Total Cost": 17190.63,
          "Plan Rows": 8294,
          "Plan Width": 0,
          "Actual Startup Time": 9.172,
          "Actual Total Time": 25.036,
          "Actual Rows": 9234,
          "Actual Loops": 1,
          "Recheck Cond": "(keyword_id = 784)",
          "Rows Removed by Index Recheck": 0,
          "Exact Heap Blocks": 6934,
          "Lossy Heap Blocks": 0,
          "Plans": [
            {
              "Node Type": "Bitmap Index Scan",
              "Parent Relationship": "Outer",
              "Parallel Aware": false,
              "Index Name": "keyword_id_movie_keyword",
              "Startup Cost": 0.0,
              "Total Cost": 174.64,
              "Plan Rows": 8294,
              "Plan Width": 0,
              "Actual Startup Time": 5.766,
              "Actual Total Time": 5.767,
              "Actual Rows": 9234,
              "Actual Loops": 1,
              "Index Cond": "(keyword_id = 784)"
            }
          ]
        }
      ]
    },
    "Planning Time": 0.147,
    "Triggers": [],
    "Execution Time": 26.337
  }
]