[
  {
    "Plan": {
      "Node Type": "Aggregate",
      "Strategy": "Plain",
      "Partial Mode": "Finalize",
      "Parallel Aware": false,
      "Startup Cost": 114231.84,
      "Total Cost": 114231.85,
      "Plan Rows": 1,
      "Plan Width": 8,
      "Actual Startup Time": 770.03,
      "Actual Total Time": 786.954,
      "Actual Rows": 1,
      "Actual Loops": 1,
      "Plans": [
        {
          "Node Type": "Gather",
          "Parent Relationship": "Outer",
          "Parallel Aware": false,
          "Startup Cost": 114231.63,
          "Total Cost": 114231.84,
          "Plan Rows": 2,
          "Plan Width": 8,
          "Actual Startup Time": 762.099,
          "Actual Total Time": 786.943,
          "Actual Rows": 3,
          "Actual Loops": 1,
          "Workers Planned": 2,
          "Workers Launched": 2,
          "Single Copy": false,
          "Plans": [
            {
              "Node Type": "Aggregate",
              "Strategy": "Plain",
              "Partial Mode": "Partial",
              "Parent Relationship": "Outer",
              "Parallel Aware": false,
              "Startup Cost": 113231.63,
              "Total Cost": 113231.64,
              "Plan Rows": 1,
              "Plan Width": 8,
              "Actual Startup Time": 754.403,
              "Actual Total Time": 754.757,
              "Actual Rows": 1,
              "Actual Loops": 3,
              "Plans": [
                {
                  "Node Type": "Hash Join",
                  "Parent Relationship": "Outer",
                  "Parallel Aware": true,
                  "Join Type": "Inner",
                  "Startup Cost": 96335.4,
                  "Total Cost": 112771.09,
                  "Plan Rows": 184215,
                  "Plan Width": 0,
                  "Actual Startup Time": 606.476,
                  "Actual Total Time": 735.083,
                  "Actual Rows": 508678,
                  "Actual Loops": 3,
                  "Inner Unique": false,
                  "Hash Cond": "(mi_idx.movie_id = t.id)",
                  "Plans": [
                    {
                      "Node Type": "Seq Scan",
                      "Parent Relationship": "Outer",
                      "Parallel Aware": true,
                      "Relation Name": "movie_info_idx",
                      "Alias": "mi_idx",
                      "Startup Cost": 0.0,
                      "Total Cost": 13685.15,
                      "Plan Rows": 575015,
                      "Plan Width": 4,
                      "Actual Startup Time": 0.029,
                      "Actual Total Time": 35.5,
                      "Actual Rows": 460012,
                      "Actual Loops": 3
                    },
                    {
                      "Node Type": "Hash",
                      "Parent Relationship": "Inner",
                      "Parallel Aware": true,
                      "Startup Cost": 93069.36,
                      "Total Cost": 93069.36,
                      "Plan Rows": 261283,
                      "Plan Width": 8,
                      "Actual Startup Time": 599.867,
                      "Actual Total Time": 600.219,
                      "Actual Rows": 239170,
                      "Actual Loops": 3,
                      "Hash Buckets": 1048576,
                      "Original Hash Buckets": 1048576,
                      "Hash Batches": 1,
                      "Original Hash Batches": 1,
                      "Peak Memory Usage": 36320,
                      "Plans": [
                        {
                          "Node Type": "Hash Join",
                          "Parent Relationship": "Outer",
                          "Parallel Aware": true,
                          "Join Type": "Inner",
                          "Startup Cost": 49386.14,
                          "Total Cost": 93069.36,
                          "Plan Rows": 261283,
                          "Plan Width": 8,
                          "Actual Startup Time": 329.748,
                          "Actual Total Time": 539.339,
                          "Actual Rows": 239170,
                          "Actual Loops": 3,
                          "Inner Unique": true,
                          "Hash Cond": "(mk.movie_id = t.id)",
                          "Plans": [
                            {
                              "Node Type": "Seq Scan",
                              "Parent Relationship": "Outer",
                              "Parallel Aware": true,
                              "Relation Name": "movie_keyword",
                              "Alias": "mk",
                              "Startup Cost": 0.0,
                              "Total Cost": 42695.65,
                              "Plan Rows": 376215,
                              "Plan Width": 4,
                              "Actual Startup Time": 0.023,
                              "Actual Total Time": 119.691,
                              "Actual Rows": 392653,
                              "Actual Loops": 3,
                              "Filter": "(keyword_id < 1393)",
                              "Rows Removed by Filter": 1115324
                            },
                            {
                              "Node Type": "Hash",
                              "Parent Relationship": "Inner",
                              "Parallel Aware": true,
                              "Startup Cost": 43898.92,
                              "Total Cost": 43898.92,
                              "Plan Rows": 438978,
                              "Plan Width": 4,
                              "Actual Startup Time": 323.404,
                              "Actual Total Time": 323.405,
                              "Actual Rows": 583011,
                              "Actual Loops": 3,
                              "Hash Buckets": 2097152,
                              "Original Hash Buckets": 2097152,
                              "Hash Batches": 1,
                              "Original Hash Batches": 1,
                              "Peak Memory Usage": 84864,
                              "Plans": [
                                {
                                  "Node Type": "Seq Scan",
                                  "Parent Relationship": "Outer",
                                  "Parallel Aware": true,
                                  "Relation Name": "title",
                                  "Alias": "t",
                                  "Startup Cost": 0.0,
                                  "Total Cost": 43898.92,
                                  "Plan Rows": 438978,
                                  "Plan Width": 4,
                                  "Actual Startup Time": 0.044,
                                  "Actual Total Time": 133.806,
                                  "Actual Rows": 583011,
                                  "Actual Loops": 3,
                                  "Filter": "(production_year > 1990)",
                                  "Rows Removed by Filter": 259760
                                }
                              ]
                            }
                          ]
                        }
                      ]
                    }
                  ]
                }
              ]
            }
          ]
        }
      ]
    },
    "Planning Time": 1.363,
    "Triggers": [],
    "Execution Time": 787.037
  }
]