[
  {
    "Plan": {
      "Node Type": "Aggregate",
      "Strategy": "Plain",
      "Partial Mode": "Finalize",
      "Parallel Aware": false,
      "Startup Cost": 45006.46,
      "Total Cost": 45006.47,
      "Plan Rows": 1,
      "Plan Width": 8,
      "Actual Startup Time": 150.352,
      "Actual Total Time": 159.303,
      "Actual Rows": 1,
      "Actual Loops": 1,
      "Plans": [
        {
          "Node Type": "Gather",
          "Parent Relationship": "Outer",
          "Parallel Aware": false,
          "Startup Cost": 45006.14,
          "Total Cost": 45006.45,
          "Plan Rows": 3,
          "Plan Width": 8,
          "Actual Startup Time": 150.215,
          "Actual Total Time": 159.294,
          "Actual Rows": 4,
          "Actual Loops": 1,
          "Workers Planned": 3,
          "Workers Launched": 3,
          "Single Copy": false,
          "Plans": [
            {
              "Node Type": "Aggregate",
              "Strategy": "Plain",
              "Partial Mode": "Partial",
              "Parent Relationship": "Outer",
              "Parallel Aware": false,
              "Startup Cost": 44006.14,
              "Total Cost": 44006.15,
              "Plan Rows": 1,
              "Plan Width": 8,
              "Actual Startup Time": 141.615,
              "Actual Total Time": 141.616,
              "Actual Rows": 1,
              "Actual Loops": 4,
              "Plans": [
                {
                  "Node Type": "Seq Scan",
                  "Parent Relationship": "Outer",
                  "Parallel Aware": true,
                  "Relation Name": "movie_keyword",
                  "Alias": "mk",
                  "Startup Cost": 0.0,
                  "Total Cost": 42695.65,
                  "Plan Rows": 524195,
                  "Plan Width": 0,
                  "Actual Startup Time": 1.396,
                  "Actual Total Time": 119.92,
                  "Actual Rows": 407206,
                  "Actual Loops": 4,
                  "Filter": "(keyword_id > 9135)",
                  "Rows Removed by Filter": 723777
                }
              ]
            }
          ]
        }
      ]
    },
    "Planning Time": 0.164,
    "Triggers": [],
    "Execution Time": 159.353
  }
]