[
    {
        "Bao": {
            "Bao prediction": "NaN",
            "Bao recommended hint": "(no hint)"
        }
    },
    {
        "Plan": {
            "Node Type": "Aggregate",
            "Strategy": "Plain",
            "Partial Mode": "Finalize",
            "Parallel Aware": false,
            "Startup Cost": 279761.69,
            "Total Cost": 279761.7,
            "Plan Rows": 1,
            "Plan Width": 8,
            "Actual Startup Time": 105.651,
            "Actual Total Time": 109.381,
            "Actual Rows": 1,
            "Actual Loops": 1,
            "Output": [
                "count(*)"
            ],
            "Plans": [
                {
                    "Node Type": "Gather",
                    "Parent Relationship": "Outer",
                    "Parallel Aware": false,
                    "Startup Cost": 279761.06,
                    "Total Cost": 279761.67,
                    "Plan Rows": 6,
                    "Plan Width": 8,
                    "Actual Startup Time": 105.45,
                    "Actual Total Time": 109.373,
                    "Actual Rows": 7,
                    "Actual Loops": 1,
                    "Output": [
                        "(PARTIAL count(*))"
                    ],
                    "Workers Planned": 6,
                    "Workers Launched": 6,
                    "Single Copy": false,
                    "Plans": [
                        {
                            "Node Type": "Aggregate",
                            "Strategy": "Plain",
                            "Partial Mode": "Partial",
                            "Parent Relationship": "Outer",
                            "Parallel Aware": false,
                            "Startup Cost": 278761.06,
                            "Total Cost": 278761.07,
                            "Plan Rows": 1,
                            "Plan Width": 8,
                            "Actual Startup Time": 95.182,
                            "Actual Total Time": 95.183,
                            "Actual Rows": 1,
                            "Actual Loops": 7,
                            "Output": [
                                "PARTIAL count(*)"
                            ],
                            "Workers": [
                                {
                                    "Worker Number": 0,
                                    "Actual Startup Time": 92.852,
                                    "Actual Total Time": 92.853,
                                    "Actual Rows": 1,
                                    "Actual Loops": 1
                                },
                                {
                                    "Worker Number": 1,
                                    "Actual Startup Time": 93.195,
                                    "Actual Total Time": 93.196,
                                    "Actual Rows": 1,
                                    "Actual Loops": 1
                                },
                                {
                                    "Worker Number": 2,
                                    "Actual Startup Time": 93.497,
                                    "Actual Total Time": 93.497,
                                    "Actual Rows": 1,
                                    "Actual Loops": 1
                                },
                                {
                                    "Worker Number": 3,
                                    "Actual Startup Time": 93.842,
                                    "Actual Total Time": 93.844,
                                    "Actual Rows": 1,
                                    "Actual Loops": 1
                                },
                                {
                                    "Worker Number": 4,
                                    "Actual Startup Time": 93.821,
                                    "Actual Total Time": 93.822,
                                    "Actual Rows": 1,
                                    "Actual Loops": 1
                                },
                                {
                                    "Worker Number": 5,
                                    "Actual Startup Time": 94.188,
                                    "Actual Total Time": 94.189,
                                    "Actual Rows": 1,
                                    "Actual Loops": 1
                                }
                            ],
                            "Plans": [
                                {
                                    "Node Type": "Bitmap Heap Scan",
                                    "Parent Relationship": "Outer",
                                    "Parallel Aware": true,
                                    "Relation Name": "cast_info",
                                    "Schema": "public",
                                    "Alias": "ci",
                                    "Startup Cost": 23421.99,
                                    "Total Cost": 278319.05,
                                    "Plan Rows": 176805,
                                    "Plan Width": 0,
                                    "Actual Startup Time": 37.592,
                                    "Actual Total Time": 83.683,
                                    "Actual Rows": 155169,
                                    "Actual Loops": 7,
                                    "Recheck Cond": "(ci.person_id < 111005)",
                                    "Rows Removed by Index Recheck": 0,
                                    "Exact Heap Blocks": 3462,
                                    "Lossy Heap Blocks": 0,
                                    "Workers": [
                                        {
                                            "Worker Number": 0,
                                            "Actual Startup Time": 35.317,
                                            "Actual Total Time": 81.817,
                                            "Actual Rows": 124978,
                                            "Actual Loops": 1
                                        },
                                        {
                                            "Worker Number": 1,
                                            "Actual Startup Time": 35.74,
                                            "Actual Total Time": 81.97,
                                            "Actual Rows": 110641,
                                            "Actual Loops": 1
                                        },
                                        {
                                            "Worker Number": 2,
                                            "Actual Startup Time": 35.898,
                                            "Actual Total Time": 82.399,
                                            "Actual Rows": 126211,
                                            "Actual Loops": 1
                                        },
                                        {
                                            "Worker Number": 3,
                                            "Actual Startup Time": 36.475,
                                            "Actual Total Time": 82.623,
                                            "Actual Rows": 111688,
                                            "Actual Loops": 1
                                        },
                                        {
                                            "Worker Number": 4,
                                            "Actual Startup Time": 36.234,
                                            "Actual Total Time": 82.871,
                                            "Actual Rows": 123382,
                                            "Actual Loops": 1
                                        },
                                        {
                                            "Worker Number": 5,
                                            "Actual Startup Time": 36.568,
                                            "Actual Total Time": 82.988,
                                            "Actual Rows": 127466,
                                            "Actual Loops": 1
                                        }
                                    ],
                                    "Plans": [
                                        {
                                            "Node Type": "Bitmap Index Scan",
                                            "Parent Relationship": "Outer",
                                            "Parallel Aware": false,
                                            "Index Name": "person_id_cast_info",
                                            "Startup Cost": 0.0,
                                            "Total Cost": 23156.78,
                                            "Plan Rows": 1060829,
                                            "Plan Width": 0,
                                            "Actual Startup Time": 45.331,
                                            "Actual Total Time": 45.331,
                                            "Actual Rows": 1086185,
                                            "Actual Loops": 1,
                                            "Index Cond": "(ci.person_id < 111005)"
                                        }
                                    ]
                                }
                            ]
                        }
                    ]
                }
            ]
        },
        "Planning Time": 208.819,
        "Triggers": [],
        "Execution Time": 109.48
    }
]