[
    {
        "Bao": {
            "Bao prediction": "NaN",
            "Bao recommended hint": "(no hint)"
        }
    },
    {
        "Plan": {
            "Node Type": "Aggregate",
            "Strategy": "Plain",
            "Partial Mode": "Finalize",
            "Parallel Aware": false,
            "Startup Cost": 345281.68,
            "Total Cost": 345281.7,
            "Plan Rows": 1,
            "Plan Width": 8,
            "Actual Startup Time": 693.736,
            "Actual Total Time": 726.182,
            "Actual Rows": 1,
            "Actual Loops": 1,
            "Output": [
                "count(*)"
            ],
            "Plans": [
                {
                    "Node Type": "Gather",
                    "Parent Relationship": "Outer",
                    "Parallel Aware": false,
                    "Startup Cost": 345281.06,
                    "Total Cost": 345281.67,
                    "Plan Rows": 6,
                    "Plan Width": 8,
                    "Actual Startup Time": 693.604,
                    "Actual Total Time": 726.174,
                    "Actual Rows": 7,
                    "Actual Loops": 1,
                    "Output": [
                        "(PARTIAL count(*))"
                    ],
                    "Workers Planned": 6,
                    "Workers Launched": 6,
                    "Single Copy": false,
                    "Plans": [
                        {
                            "Node Type": "Aggregate",
                            "Strategy": "Plain",
                            "Partial Mode": "Partial",
                            "Parent Relationship": "Outer",
                            "Parallel Aware": false,
                            "Startup Cost": 344281.06,
                            "Total Cost": 344281.07,
                            "Plan Rows": 1,
                            "Plan Width": 8,
                            "Actual Startup Time": 683.835,
                            "Actual Total Time": 683.837,
                            "Actual Rows": 1,
                            "Actual Loops": 7,
                            "Output": [
                                "PARTIAL count(*)"
                            ],
                            "Workers": [
                                {
                                    "Worker Number": 0,
                                    "Actual Startup Time": 681.839,
                                    "Actual Total Time": 681.84,
                                    "Actual Rows": 1,
                                    "Actual Loops": 1
                                },
                                {
                                    "Worker Number": 1,
                                    "Actual Startup Time": 681.941,
                                    "Actual Total Time": 681.942,
                                    "Actual Rows": 1,
                                    "Actual Loops": 1
                                },
                                {
                                    "Worker Number": 2,
                                    "Actual Startup Time": 682.265,
                                    "Actual Total Time": 682.266,
                                    "Actual Rows": 1,
                                    "Actual Loops": 1
                                },
                                {
                                    "Worker Number": 3,
                                    "Actual Startup Time": 682.268,
                                    "Actual Total Time": 682.269,
                                    "Actual Rows": 1,
                                    "Actual Loops": 1
                                },
                                {
                                    "Worker Number": 4,
                                    "Actual Startup Time": 682.251,
                                    "Actual Total Time": 682.253,
                                    "Actual Rows": 1,
                                    "Actual Loops": 1
                                },
                                {
                                    "Worker Number": 5,
                                    "Actual Startup Time": 683.097,
                                    "Actual Total Time": 683.099,
                                    "Actual Rows": 1,
                                    "Actual Loops": 1
                                }
                            ],
                            "Plans": [
                                {
                                    "Node Type": "Seq Scan",
                                    "Parent Relationship": "Outer",
                                    "Parallel Aware": true,
                                    "Relation Name": "cast_info",
                                    "Schema": "public",
                                    "Alias": "ci",
                                    "Startup Cost": 0.0,
                                    "Total Cost": 343318.94,
                                    "Plan Rows": 384848,
                                    "Plan Width": 0,
                                    "Actual Startup Time": 375.4,
                                    "Actual Total Time": 671.817,
                                    "Actual Rows": 211365,
                                    "Actual Loops": 7,
                                    "Output": [
                                        "id",
                                        "person_id",
                                        "movie_id",
                                        "person_role_id",
                                        "note",
                                        "nr_order",
                                        "role_id"
                                    ],
                                    "Filter": "((ci.person_id < 516125) AND (ci.role_id > 2))",
                                    "Rows Removed by Filter": 4966399,
                                    "Workers": [
                                        {
                                            "Worker Number": 0,
                                            "Actual Startup Time": 373.392,
                                            "Actual Total Time": 670.094,
                                            "Actual Rows": 170771,
                                            "Actual Loops": 1
                                        },
                                        {
                                            "Worker Number": 1,
                                            "Actual Startup Time": 373.514,
                                            "Actual Total Time": 670.315,
                                            "Actual Rows": 168792,
                                            "Actual Loops": 1
                                        },
                                        {
                                            "Worker Number": 2,
                                            "Actual Startup Time": 373.833,
                                            "Actual Total Time": 670.57,
                                            "Actual Rows": 169679,
                                            "Actual Loops": 1
                                        },
                                        {
                                            "Worker Number": 3,
                                            "Actual Startup Time": 373.838,
                                            "Actual Total Time": 670.489,
                                            "Actual Rows": 171648,
                                            "Actual Loops": 1
                                        },
                                        {
                                            "Worker Number": 4,
                                            "Actual Startup Time": 373.821,
                                            "Actual Total Time": 670.661,
                                            "Actual Rows": 274698,
                                            "Actual Loops": 1
                                        },
                                        {
                                            "Worker Number": 5,
                                            "Actual Startup Time": 374.66,
                                            "Actual Total Time": 671.292,
                                            "Actual Rows": 172402,
                                            "Actual Loops": 1
                                        }
                                    ]
                                }
                            ]
                        }
                    ]
                }
            ]
        },
        "Planning Time": 214.793,
        "Triggers": [],
        "Execution Time": 726.245
    }
]