{
  "Plan": {
    "Node Type": "Aggregate",
    "Strategy": "Plain",
    "Partial Mode": "Finalize",
    "Parallel Aware": false,
    "Startup Cost": 113558.73,
    "Total Cost": 113558.74,
    "Plan Rows": 1,
    "Plan Width": 8,
    "Actual Startup Time": 890.182,
    "Actual Total Time": 903.292,
    "Actual Rows": 1,
    "Actual Loops": 1,
    "Plans": [
      {
        "Node Type": "Gather",
        "Parent Relationship": "Outer",
        "Parallel Aware": false,
        "Startup Cost": 113558.62,
        "Total Cost": 113558.73,
        "Plan Rows": 1,
        "Plan Width": 8,
        "Actual Startup Time": 887.543,
        "Actual Total Time": 903.286,
        "Actual Rows": 2,
        "Actual Loops": 1,
        "Workers Planned": 1,
        "Workers Launched": 1,
        "Single Copy": false,
        "Plans": [
          {
            "Node Type": "Aggregate",
            "Strategy": "Plain",
            "Partial Mode": "Partial",
            "Parent Relationship": "Outer",
            "Parallel Aware": false,
            "Startup Cost": 112558.62,
            "Total Cost": 112558.63,
            "Plan Rows": 1,
            "Plan Width": 8,
            "Actual Startup Time": 881.511,
            "Actual Total Time": 881.515,
            "Actual Rows": 1,
            "Actual Loops": 2,
            "Plans": [
              {
                "Node Type": "Hash Join",
                "Parent Relationship": "Outer",
                "Parallel Aware": true,
                "Join Type": "Inner",
                "Startup Cost": 71640.02,
                "Total Cost": 109806.65,
                "Plan Rows": 1100788,
                "Plan Width": 0,
                "Actual Startup Time": 412.73,
                "Actual Total Time": 855.941,
                "Actual Rows": 643632,
                "Actual Loops": 2,
                "Inner Unique": true,
                "Hash Cond": "(mc.movie_id = t.id)",
                "Plans": [
                  {
                    "Node Type": "Seq Scan",
                    "Parent Relationship": "Outer",
                    "Parallel Aware": true,
                    "Relation Name": "movie_companies",
                    "Alias": "mc",
                    "Startup Cost": 0.0,
                    "Total Cost": 34137.82,
                    "Plan Rows": 1534782,
                    "Plan Width": 4,
                    "Actual Startup Time": 0.012,
                    "Actual Total Time": 94.306,
                    "Actual Rows": 1304564,
                    "Actual Loops": 2
                  },
                  {
                    "Node Type": "Hash",
                    "Parent Relationship": "Inner",
                    "Parallel Aware": true,
                    "Startup Cost": 58306.47,
                    "Total Cost": 58306.47,
                    "Plan Rows": 1066684,
                    "Plan Width": 4,
                    "Actual Startup Time": 401.313,
                    "Actual Total Time": 401.314,
                    "Actual Rows": 899954,
                    "Actual Loops": 2,
                    "Hash Buckets": 2097152,
                    "Original Hash Buckets": 2097152,
                    "Hash Batches": 1,
                    "Original Hash Batches": 1,
                    "Peak Memory Usage": 86816,
                    "Plans": [
                      {
                        "Node Type": "Seq Scan",
                        "Parent Relationship": "Outer",
                        "Parallel Aware": true,
                        "Relation Name": "title",
                        "Alias": "t",
                        "Startup Cost": 0.0,
                        "Total Cost": 58306.47,
                        "Plan Rows": 1066684,
                        "Plan Width": 4,
                        "Actual Startup Time": 0.027,
                        "Actual Total Time": 169.48,
                        "Actual Rows": 899954,
                        "Actual Loops": 2,
                        "Filter": "((kind_id > 1) AND (production_year > 0))",
                        "Rows Removed by Filter": 364202
                      }
                    ]
                  }
                ]
              }
            ]
          }
        ]
      }
    ]
  },
  "Planning Time": 0.227,
  "Triggers": [],
  "Execution Time": 903.336
}