{
  "Plan": {
    "Node Type": "Aggregate",
    "Strategy": "Plain",
    "Partial Mode": "Finalize",
    "Parallel Aware": false,
    "Startup Cost": 130880.43,
    "Total Cost": 130880.44,
    "Plan Rows": 1,
    "Plan Width": 8,
    "Actual Startup Time": 773.157,
    "Actual Total Time": 791.997,
    "Actual Rows": 1,
    "Actual Loops": 1,
    "Plans": [
      {
        "Node Type": "Gather",
        "Parent Relationship": "Outer",
        "Parallel Aware": false,
        "Startup Cost": 130880.31,
        "Total Cost": 130880.42,
        "Plan Rows": 1,
        "Plan Width": 8,
        "Actual Startup Time": 769.503,
        "Actual Total Time": 791.987,
        "Actual Rows": 2,
        "Actual Loops": 1,
        "Workers Planned": 1,
        "Workers Launched": 1,
        "Single Copy": false,
        "Plans": [
          {
            "Node Type": "Aggregate",
            "Strategy": "Plain",
            "Partial Mode": "Partial",
            "Parent Relationship": "Outer",
            "Parallel Aware": false,
            "Startup Cost": 129880.31,
            "Total Cost": 129880.32,
            "Plan Rows": 1,
            "Plan Width": 8,
            "Actual Startup Time": 758.373,
            "Actual Total Time": 758.376,
            "Actual Rows": 1,
            "Actual Loops": 2,
            "Plans": [
              {
                "Node Type": "Hash Join",
                "Parent Relationship": "Outer",
                "Parallel Aware": true,
                "Join Type": "Inner",
                "Startup Cost": 65353.52,
                "Total Cost": 128074.29,
                "Plan Rows": 722408,
                "Plan Width": 0,
                "Actual Startup Time": 353.232,
                "Actual Total Time": 750.551,
                "Actual Rows": 159345,
                "Actual Loops": 2,
                "Inner Unique": true,
                "Hash Cond": "(mk.movie_id = t.id)",
                "Plans": [
                  {
                    "Node Type": "Seq Scan",
                    "Parent Relationship": "Outer",
                    "Parallel Aware": true,
                    "Relation Name": "movie_keyword",
                    "Alias": "mk",
                    "Startup Cost": 0.0,
                    "Total Cost": 57718.19,
                    "Plan Rows": 1905742,
                    "Plan Width": 4,
                    "Actual Startup Time": 0.148,
                    "Actual Total Time": 228.187,
                    "Actual Rows": 1614852,
                    "Actual Loops": 2,
                    "Filter": "(keyword_id > 1680)",
                    "Rows Removed by Filter": 647114
                  },
                  {
                    "Node Type": "Hash",
                    "Parent Relationship": "Inner",
                    "Parallel Aware": true,
                    "Startup Cost": 58306.47,
                    "Total Cost": 58306.47,
                    "Plan Rows": 563764,
                    "Plan Width": 4,
                    "Actual Startup Time": 344.038,
                    "Actual Total Time": 344.039,
                    "Actual Rows": 525096,
                    "Actual Loops": 2,
                    "Hash Buckets": 2097152,
                    "Original Hash Buckets": 1048576,
                    "Hash Batches": 1,
                    "Original Hash Batches": 1,
                    "Peak Memory Usage": 65696,
                    "Plans": [
                      {
                        "Node Type": "Seq Scan",
                        "Parent Relationship": "Outer",
                        "Parallel Aware": true,
                        "Relation Name": "title",
                        "Alias": "t",
                        "Startup Cost": 0.0,
                        "Total Cost": 58306.47,
                        "Plan Rows": 563764,
                        "Plan Width": 4,
                        "Actual Startup Time": 0.028,
                        "Actual Total Time": 183.696,
                        "Actual Rows": 525096,
                        "Actual Loops": 2,
                        "Filter": "((production_year > 1996) AND (kind_id = 7))",
                        "Rows Removed by Filter": 739060
                      }
                    ]
                  }
                ]
              }
            ]
          }
        ]
      }
    ]
  },
  "Planning Time": 0.524,
  "Triggers": [],
  "Execution Time": 792.058
}