{
  "Plan": {
    "Node Type": "Aggregate",
    "Strategy": "Plain",
    "Partial Mode": "Finalize",
    "Parallel Aware": false,
    "Startup Cost": 519910.26,
    "Total Cost": 519910.27,
    "Plan Rows": 1,
    "Plan Width": 8,
    "Actual Startup Time": 4029.195,
    "Actual Total Time": 4068.859,
    "Actual Rows": 1,
    "Actual Loops": 1,
    "Plans": [
      {
        "Node Type": "Gather",
        "Parent Relationship": "Outer",
        "Parallel Aware": false,
        "Startup Cost": 519910.14,
        "Total Cost": 519910.25,
        "Plan Rows": 1,
        "Plan Width": 8,
        "Actual Startup Time": 4019.635,
        "Actual Total Time": 4068.851,
        "Actual Rows": 2,
        "Actual Loops": 1,
        "Workers Planned": 1,
        "Workers Launched": 1,
        "Single Copy": false,
        "Plans": [
          {
            "Node Type": "Aggregate",
            "Strategy": "Plain",
            "Partial Mode": "Partial",
            "Parent Relationship": "Outer",
            "Parallel Aware": false,
            "Startup Cost": 518910.14,
            "Total Cost": 518910.15,
            "Plan Rows": 1,
            "Plan Width": 8,
            "Actual Startup Time": 4010.035,
            "Actual Total Time": 4010.042,
            "Actual Rows": 1,
            "Actual Loops": 2,
            "Plans": [
              {
                "Node Type": "Hash Join",
                "Parent Relationship": "Outer",
                "Parallel Aware": true,
                "Join Type": "Inner",
                "Startup Cost": 489523.73,
                "Total Cost": 518542.23,
                "Plan Rows": 147166,
                "Plan Width": 0,
                "Actual Startup Time": 3572.704,
                "Actual Total Time": 3918.321,
                "Actual Rows": 2189790,
                "Actual Loops": 2,
                "Inner Unique": false,
                "Hash Cond": "(mk.movie_id = t.id)",
                "Plans": [
                  {
                    "Node Type": "Bitmap Heap Scan",
                    "Parent Relationship": "Outer",
                    "Parallel Aware": true,
                    "Relation Name": "movie_keyword",
                    "Alias": "mk",
                    "Startup Cost": 8211.32,
                    "Total Cost": 35510.56,
                    "Plan Rows": 227619,
                    "Plan Width": 4,
                    "Actual Startup Time": 26.31,
                    "Actual Total Time": 93.903,
                    "Actual Rows": 187196,
                    "Actual Loops": 2,
                    "Recheck Cond": "(keyword_id > 45342)",
                    "Rows Removed by Index Recheck": 0,
                    "Exact Heap Blocks": 11387,
                    "Lossy Heap Blocks": 0,
                    "Plans": [
                      {
                        "Node Type": "Bitmap Index Scan",
                        "Parent Relationship": "Outer",
                        "Parallel Aware": false,
                        "Index Name": "keyword_id_movie_keyword",
                        "Startup Cost": 0.0,
                        "Total Cost": 8114.58,
                        "Plan Rows": 386953,
                        "Plan Width": 0,
                        "Actual Startup Time": 23.009,
                        "Actual Total Time": 23.01,
                        "Actual Rows": 374392,
                        "Actual Loops": 1,
                        "Index Cond": "(keyword_id > 45342)"
                      }
                    ]
                  },
                  {
                    "Node Type": "Hash",
                    "Parent Relationship": "Inner",
                    "Parallel Aware": true,
                    "Startup Cost": 469292.87,
                    "Total Cost": 469292.87,
                    "Plan Rows": 961564,
                    "Plan Width": 8,
                    "Actual Startup Time": 3531.709,
                    "Actual Total Time": 3531.713,
                    "Actual Rows": 1866934,
                    "Actual Loops": 2,
                    "Hash Buckets": 4194304,
                    "Original Hash Buckets": 2097152,
                    "Hash Batches": 1,
                    "Original Hash Batches": 1,
                    "Peak Memory Usage": 195264,
                    "Plans": [
                      {
                        "Node Type": "Hash Join",
                        "Parent Relationship": "Outer",
                        "Parallel Aware": true,
                        "Join Type": "Inner",
                        "Startup Cost": 61878.87,
                        "Total Cost": 469292.87,
                        "Plan Rows": 961564,
                        "Plan Width": 8,
                        "Actual Startup Time": 305.468,
                        "Actual Total Time": 2854.516,
                        "Actual Rows": 1866934,
                        "Actual Loops": 2,
                        "Inner Unique": true,
                        "Hash Cond": "(ci.movie_id = t.id)",
                        "Plans": [
                          {
                            "Node Type": "Index Scan",
                            "Parent Relationship": "Outer",
                            "Parallel Aware": true,
                            "Scan Direction": "Forward",
                            "Index Name": "role_id_cast_info",
                            "Relation Name": "cast_info",
                            "Alias": "ci",
                            "Startup Cost": 0.56,
                            "Total Cost": 400977.7,
                            "Plan Rows": 2452134,
                            "Plan Width": 4,
                            "Actual Startup Time": 0.043,
                            "Actual Total Time": 1043.257,
                            "Actual Rows": 4362656,
                            "Actual Loops": 2,
                            "Index Cond": "(role_id = 1)",
                            "Rows Removed by Index Recheck": 0,
                            "Filter": "(person_id < 1190138)",
                            "Rows Removed by Filter": 1972688
                          },
                          {
                            "Node Type": "Hash",
                            "Parent Relationship": "Inner",
                            "Parallel Aware": true,
                            "Startup Cost": 54588.39,
                            "Total Cost": 54588.39,
                            "Plan Rows": 583193,
                            "Plan Width": 4,
                            "Actual Startup Time": 301.159,
                            "Actual Total Time": 301.16,
                            "Actual Rows": 492524,
                            "Actual Loops": 2,
                            "Hash Buckets": 1048576,
                            "Original Hash Buckets": 1048576,
                            "Hash Batches": 1,
                            "Original Hash Batches": 1,
                            "Peak Memory Usage": 46752,
                            "Plans": [
                              {
                                "Node Type": "Seq Scan",
                                "Parent Relationship": "Outer",
                                "Parallel Aware": true,
                                "Relation Name": "title",
                                "Alias": "t",
                                "Startup Cost": 0.0,
                                "Total Cost": 54588.39,
                                "Plan Rows": 583193,
                                "Plan Width": 4,
                                "Actual Startup Time": 0.039,
                                "Actual Total Time": 155.764,
                                "Actual Rows": 492524,
                                "Actual Loops": 2,
                                "Filter": "(kind_id < 7)",
                                "Rows Removed by Filter": 771632
                              }
                            ]
                          }
                        ]
                      }
                    ]
                  }
                ]
              }
            ]
          }
        ]
      }
    ]
  },
  "Planning Time": 1.158,
  "Triggers": [],
  "Execution Time": 4068.967
}