[
  {
    "Plan": {
      "Node Type": "Aggregate",
      "Strategy": "Plain",
      "Partial Mode": "Finalize",
      "Parallel Aware": false,
      "Startup Cost": 45335.26,
      "Total Cost": 45335.27,
      "Plan Rows": 1,
      "Plan Width": 8,
      "Actual Startup Time": 153.584,
      "Actual Total Time": 163.512,
      "Actual Rows": 1,
      "Actual Loops": 1,
      "Plans": [
        {
          "Node Type": "Gather",
          "Parent Relationship": "Outer",
          "Parallel Aware": false,
          "Startup Cost": 45334.94,
          "Total Cost": 45335.25,
          "Plan Rows": 3,
          "Plan Width": 8,
          "Actual Startup Time": 153.442,
          "Actual Total Time": 163.504,
          "Actual Rows": 4,
          "Actual Loops": 1,
          "Workers Planned": 3,
          "Workers Launched": 3,
          "Single Copy": false,
          "Plans": [
            {
              "Node Type": "Aggregate",
              "Strategy": "Plain",
              "Partial Mode": "Partial",
              "Parent Relationship": "Outer",
              "Parallel Aware": false,
              "Startup Cost": 44334.94,
              "Total Cost": 44334.95,
              "Plan Rows": 1,
              "Plan Width": 8,
              "Actual Startup Time": 146.225,
              "Actual Total Time": 146.226,
              "Actual Rows": 1,
              "Actual Loops": 4,
              "Plans": [
                {
                  "Node Type": "Seq Scan",
                  "Parent Relationship": "Outer",
                  "Parallel Aware": true,
                  "Relation Name": "movie_keyword",
                  "Alias": "mk",
                  "Startup Cost": 0.0,
                  "Total Cost": 42695.65,
                  "Plan Rows": 655714,
                  "Plan Width": 0,
                  "Actual Startup Time": 0.928,
                  "Actual Total Time": 120.441,
                  "Actual Rows": 504368,
                  "Actual Loops": 4,
                  "Filter": "(keyword_id > 6152)",
                  "Rows Removed by Filter": 626614
                }
              ]
            }
          ]
        }
      ]
    },
    "Planning Time": 0.186,
    "Triggers": [],
    "Execution Time": 163.565
  }
]