{
  "Plan": {
    "Node Type": "Aggregate",
    "Strategy": "Plain",
    "Partial Mode": "Finalize",
    "Parallel Aware": false,
    "Startup Cost": 686971.63,
    "Total Cost": 686971.64,
    "Plan Rows": 1,
    "Plan Width": 8,
    "Actual Startup Time": 6368.847,
    "Actual Total Time": 6440.718,
    "Actual Rows": 1,
    "Actual Loops": 1,
    "Plans": [
      {
        "Node Type": "Gather",
        "Parent Relationship": "Outer",
        "Parallel Aware": false,
        "Startup Cost": 686971.52,
        "Total Cost": 686971.63,
        "Plan Rows": 1,
        "Plan Width": 8,
        "Actual Startup Time": 6365.508,
        "Actual Total Time": 6440.71,
        "Actual Rows": 2,
        "Actual Loops": 1,
        "Workers Planned": 1,
        "Workers Launched": 1,
        "Single Copy": false,
        "Plans": [
          {
            "Node Type": "Aggregate",
            "Strategy": "Plain",
            "Partial Mode": "Partial",
            "Parent Relationship": "Outer",
            "Parallel Aware": false,
            "Startup Cost": 685971.52,
            "Total Cost": 685971.53,
            "Plan Rows": 1,
            "Plan Width": 8,
            "Actual Startup Time": 6358.985,
            "Actual Total Time": 6358.991,
            "Actual Rows": 1,
            "Actual Loops": 2,
            "Plans": [
              {
                "Node Type": "Hash Join",
                "Parent Relationship": "Outer",
                "Parallel Aware": true,
                "Join Type": "Inner",
                "Startup Cost": 107832.41,
                "Total Cost": 676299.0,
                "Plan Rows": 3869009,
                "Plan Width": 0,
                "Actual Startup Time": 766.871,
                "Actual Total Time": 6058.138,
                "Actual Rows": 7176416,
                "Actual Loops": 2,
                "Inner Unique": false,
                "Hash Cond": "(ci.movie_id = t.id)",
                "Plans": [
                  {
                    "Node Type": "Seq Scan",
                    "Parent Relationship": "Outer",
                    "Parallel Aware": true,
                    "Relation Name": "cast_info",
                    "Alias": "ci",
                    "Startup Cost": 0.0,
                    "Total Cost": 465792.95,
                    "Plan Rows": 21310595,
                    "Plan Width": 4,
                    "Actual Startup Time": 0.015,
                    "Actual Total Time": 1438.322,
                    "Actual Rows": 18122172,
                    "Actual Loops": 2
                  },
                  {
                    "Node Type": "Hash",
                    "Parent Relationship": "Inner",
                    "Parallel Aware": true,
                    "Startup Cost": 104457.26,
                    "Total Cost": 104457.26,
                    "Plan Rows": 270012,
                    "Plan Width": 8,
                    "Actual Startup Time": 761.314,
                    "Actual Total Time": 761.318,
                    "Actual Rows": 263063,
                    "Actual Loops": 2,
                    "Hash Buckets": 1048576,
                    "Original Hash Buckets": 524288,
                    "Hash Batches": 1,
                    "Original Hash Batches": 1,
                    "Peak Memory Usage": 32896,
                    "Plans": [
                      {
                        "Node Type": "Hash Join",
                        "Parent Relationship": "Outer",
                        "Parallel Aware": true,
                        "Join Type": "Inner",
                        "Startup Cost": 41423.81,
                        "Total Cost": 104457.26,
                        "Plan Rows": 270012,
                        "Plan Width": 8,
                        "Actual Startup Time": 224.555,
                        "Actual Total Time": 676.051,
                        "Actual Rows": 263063,
                        "Actual Loops": 2,
                        "Inner Unique": false,
                        "Hash Cond": "(t.id = mc.movie_id)",
                        "Plans": [
                          {
                            "Node Type": "Seq Scan",
                            "Parent Relationship": "Outer",
                            "Parallel Aware": true,
                            "Relation Name": "title",
                            "Alias": "t",
                            "Startup Cost": 0.0,
                            "Total Cost": 54588.39,
                            "Plan Rows": 1097081,
                            "Plan Width": 4,
                            "Actual Startup Time": 0.013,
                            "Actual Total Time": 175.937,
                            "Actual Rows": 932744,
                            "Actual Loops": 2,
                            "Filter": "(kind_id > 1)",
                            "Rows Removed by Filter": 331412
                          },
                          {
                            "Node Type": "Hash",
                            "Parent Relationship": "Inner",
                            "Parallel Aware": true,
                            "Startup Cost": 36848.37,
                            "Total Cost": 36848.37,
                            "Plan Rows": 366035,
                            "Plan Width": 4,
                            "Actual Startup Time": 217.801,
                            "Actual Total Time": 217.802,
                            "Actual Rows": 309858,
                            "Actual Loops": 2,
                            "Hash Buckets": 1048576,
                            "Original Hash Buckets": 1048576,
                            "Hash Batches": 1,
                            "Original Hash Batches": 1,
                            "Peak Memory Usage": 32480,
                            "Plans": [
                              {
                                "Node Type": "Bitmap Heap Scan",
                                "Parent Relationship": "Outer",
                                "Parallel Aware": true,
                                "Relation Name": "movie_companies",
                                "Alias": "mc",
                                "Startup Cost": 13482.94,
                                "Total Cost": 36848.37,
                                "Plan Rows": 366035,
                                "Plan Width": 4,
                                "Actual Startup Time": 45.848,
                                "Actual Total Time": 127.506,
                                "Actual Rows": 309858,
                                "Actual Loops": 2,
                                "Recheck Cond": "(company_id < 774)",
                                "Rows Removed by Index Recheck": 0,
                                "Exact Heap Blocks": 8771,
                                "Lossy Heap Blocks": 0,
                                "Plans": [
                                  {
                                    "Node Type": "Bitmap Index Scan",
                                    "Parent Relationship": "Outer",
                                    "Parallel Aware": false,
                                    "Index Name": "company_id_movie_companies",
                                    "Startup Cost": 0.0,
                                    "Total Cost": 13327.37,
                                    "Plan Rows": 622259,
                                    "Plan Width": 0,
                                    "Actual Startup Time": 41.429,
                                    "Actual Total Time": 41.43,
                                    "Actual Rows": 619716,
                                    "Actual Loops": 1,
                                    "Index Cond": "(company_id < 774)"
                                  }
                                ]
                              }
                            ]
                          }
                        ]
                      }
                    ]
                  }
                ]
              }
            ]
          }
        ]
      }
    ]
  },
  "Planning Time": 1.083,
  "Triggers": [],
  "Execution Time": 6440.842
}