[
  {
    "Plan": {
      "Node Type": "Aggregate",
      "Strategy": "Plain",
      "Partial Mode": "Finalize",
      "Parallel Aware": false,
      "Startup Cost": 31970.93,
      "Total Cost": 31970.94,
      "Plan Rows": 1,
      "Plan Width": 8,
      "Actual Startup Time": 110.077,
      "Actual Total Time": 119.386,
      "Actual Rows": 1,
      "Actual Loops": 1,
      "Plans": [
        {
          "Node Type": "Gather",
          "Parent Relationship": "Outer",
          "Parallel Aware": false,
          "Startup Cost": 31970.61,
          "Total Cost": 31970.92,
          "Plan Rows": 3,
          "Plan Width": 8,
          "Actual Startup Time": 109.934,
          "Actual Total Time": 119.377,
          "Actual Rows": 4,
          "Actual Loops": 1,
          "Workers Planned": 3,
          "Workers Launched": 3,
          "Single Copy": false,
          "Plans": [
            {
              "Node Type": "Aggregate",
              "Strategy": "Plain",
              "Partial Mode": "Partial",
              "Parent Relationship": "Outer",
              "Parallel Aware": false,
              "Startup Cost": 30970.61,
              "Total Cost": 30970.62,
              "Plan Rows": 1,
              "Plan Width": 8,
              "Actual Startup Time": 106.338,
              "Actual Total Time": 106.339,
              "Actual Rows": 1,
              "Actual Loops": 4,
              "Plans": [
                {
                  "Node Type": "Seq Scan",
                  "Parent Relationship": "Outer",
                  "Parallel Aware": true,
                  "Relation Name": "movie_companies",
                  "Alias": "mc",
                  "Startup Cost": 0.0,
                  "Total Cost": 29310.68,
                  "Plan Rows": 663973,
                  "Plan Width": 0,
                  "Actual Startup Time": 0.242,
                  "Actual Total Time": 81.897,
                  "Actual Rows": 515659,
                  "Actual Loops": 4,
                  "Filter": "(company_id > 549)",
                  "Rows Removed by Filter": 136624
                }
              ]
            }
          ]
        }
      ]
    },
    "Planning Time": 0.139,
    "Triggers": [],
    "Execution Time": 119.427
  }
]