[
  {
    "Plan": {
      "Node Type": "Aggregate",
      "Strategy": "Plain",
      "Partial Mode": "Finalize",
      "Parallel Aware": false,
      "Startup Cost": 31970.5,
      "Total Cost": 31970.51,
      "Plan Rows": 1,
      "Plan Width": 8,
      "Actual Startup Time": 119.094,
      "Actual Total Time": 125.24,
      "Actual Rows": 1,
      "Actual Loops": 1,
      "Plans": [
        {
          "Node Type": "Gather",
          "Parent Relationship": "Outer",
          "Parallel Aware": false,
          "Startup Cost": 31970.18,
          "Total Cost": 31970.49,
          "Plan Rows": 3,
          "Plan Width": 8,
          "Actual Startup Time": 118.976,
          "Actual Total Time": 125.232,
          "Actual Rows": 4,
          "Actual Loops": 1,
          "Workers Planned": 3,
          "Workers Launched": 3,
          "Single Copy": false,
          "Plans": [
            {
              "Node Type": "Aggregate",
              "Strategy": "Plain",
              "Partial Mode": "Partial",
              "Parent Relationship": "Outer",
              "Parallel Aware": false,
              "Startup Cost": 30970.18,
              "Total Cost": 30970.19,
              "Plan Rows": 1,
              "Plan Width": 8,
              "Actual Startup Time": 112.673,
              "Actual Total Time": 112.675,
              "Actual Rows": 1,
              "Actual Loops": 4,
              "Plans": [
                {
                  "Node Type": "Seq Scan",
                  "Parent Relationship": "Outer",
                  "Parallel Aware": true,
                  "Relation Name": "movie_companies",
                  "Alias": "mc",
                  "Startup Cost": 0.0,
                  "Total Cost": 29310.68,
                  "Plan Rows": 663800,
                  "Plan Width": 0,
                  "Actual Startup Time": 0.232,
                  "Actual Total Time": 86.97,
                  "Actual Rows": 515659,
                  "Actual Loops": 4,
                  "Filter": "(company_id > 549)",
                  "Rows Removed by Filter": 136624
                }
              ]
            }
          ]
        }
      ]
    },
    "Planning Time": 0.134,
    "Triggers": [],
    "Execution Time": 125.284
  }
]