{
  "Plan": {
    "Node Type": "Aggregate",
    "Strategy": "Plain",
    "Partial Mode": "Finalize",
    "Parallel Aware": false,
    "Startup Cost": 160074.25,
    "Total Cost": 160074.26,
    "Plan Rows": 1,
    "Plan Width": 8,
    "Actual Startup Time": 675.485,
    "Actual Total Time": 718.423,
    "Actual Rows": 1,
    "Actual Loops": 1,
    "Plans": [
      {
        "Node Type": "Gather",
        "Parent Relationship": "Outer",
        "Parallel Aware": false,
        "Startup Cost": 160074.14,
        "Total Cost": 160074.25,
        "Plan Rows": 1,
        "Plan Width": 8,
        "Actual Startup Time": 675.084,
        "Actual Total Time": 718.415,
        "Actual Rows": 2,
        "Actual Loops": 1,
        "Workers Planned": 1,
        "Workers Launched": 1,
        "Single Copy": false,
        "Plans": [
          {
            "Node Type": "Aggregate",
            "Strategy": "Plain",
            "Partial Mode": "Partial",
            "Parent Relationship": "Outer",
            "Parallel Aware": false,
            "Startup Cost": 159074.14,
            "Total Cost": 159074.15,
            "Plan Rows": 1,
            "Plan Width": 8,
            "Actual Startup Time": 668.827,
            "Actual Total Time": 668.832,
            "Actual Rows": 1,
            "Actual Loops": 2,
            "Plans": [
              {
                "Node Type": "Nested Loop",
                "Parent Relationship": "Outer",
                "Parallel Aware": false,
                "Join Type": "Inner",
                "Startup Cost": 39365.14,
                "Total Cost": 158875.97,
                "Plan Rows": 79265,
                "Plan Width": 0,
                "Actual Startup Time": 105.49,
                "Actual Total Time": 652.778,
                "Actual Rows": 344750,
                "Actual Loops": 2,
                "Inner Unique": false,
                "Join Filter": "(t.id = mi.movie_id)",
                "Rows Removed by Join Filter": 0,
                "Plans": [
                  {
                    "Node Type": "Hash Join",
                    "Parent Relationship": "Outer",
                    "Parallel Aware": true,
                    "Join Type": "Inner",
                    "Startup Cost": 39364.71,
                    "Total Cost": 99280.88,
                    "Plan Rows": 27946,
                    "Plan Width": 8,
                    "Actual Startup Time": 105.434,
                    "Actual Total Time": 297.391,
                    "Actual Rows": 44120,
                    "Actual Loops": 2,
                    "Inner Unique": true,
                    "Hash Cond": "(mk.movie_id = t.id)",
                    "Plans": [
                      {
                        "Node Type": "Seq Scan",
                        "Parent Relationship": "Outer",
                        "Parallel Aware": true,
                        "Relation Name": "movie_keyword",
                        "Alias": "mk",
                        "Startup Cost": 0.0,
                        "Total Cost": 57718.19,
                        "Plan Rows": 837325,
                        "Plan Width": 4,
                        "Actual Startup Time": 0.014,
                        "Actual Total Time": 161.149,
                        "Actual Rows": 717596,
                        "Actual Loops": 2,
                        "Filter": "(keyword_id < 1993)",
                        "Rows Removed by Filter": 1544368
                      },
                      {
                        "Node Type": "Hash",
                        "Parent Relationship": "Inner",
                        "Parallel Aware": true,
                        "Startup Cost": 38744.23,
                        "Total Cost": 38744.23,
                        "Plan Rows": 49638,
                        "Plan Width": 4,
                        "Actual Startup Time": 61.45,
                        "Actual Total Time": 61.451,
                        "Actual Rows": 44022,
                        "Actual Loops": 2,
                        "Hash Buckets": 131072,
                        "Original Hash Buckets": 131072,
                        "Hash Batches": 1,
                        "Original Hash Batches": 1,
                        "Peak Memory Usage": 4512,
                        "Plans": [
                          {
                            "Node Type": "Bitmap Heap Scan",
                            "Parent Relationship": "Outer",
                            "Parallel Aware": true,
                            "Relation Name": "title",
                            "Alias": "t",
                            "Startup Cost": 1844.23,
                            "Total Cost": 38744.23,
                            "Plan Rows": 49638,
                            "Plan Width": 4,
                            "Actual Startup Time": 14.513,
                            "Actual Total Time": 50.073,
                            "Actual Rows": 44022,
                            "Actual Loops": 2,
                            "Recheck Cond": "(kind_id = 3)",
                            "Rows Removed by Index Recheck": 0,
                            "Filter": "(production_year > 1970)",
                            "Rows Removed by Filter": 6247,
                            "Exact Heap Blocks": 9990,
                            "Lossy Heap Blocks": 0,
                            "Plans": [
                              {
                                "Node Type": "Bitmap Index Scan",
                                "Parent Relationship": "Outer",
                                "Parallel Aware": false,
                                "Index Name": "kind_id_title",
                                "Startup Cost": 0.0,
                                "Total Cost": 1823.13,
                                "Plan Rows": 102227,
                                "Plan Width": 0,
                                "Actual Startup Time": 13.744,
                                "Actual Total Time": 13.744,
                                "Actual Rows": 100537,
                                "Actual Loops": 1,
                                "Index Cond": "(kind_id = 3)"
                              }
                            ]
                          }
                        ]
                      }
                    ]
                  },
                  {
                    "Node Type": "Index Scan",
                    "Parent Relationship": "Inner",
                    "Parallel Aware": false,
                    "Scan Direction": "Forward",
                    "Index Name": "movie_id_movie_info",
                    "Relation Name": "movie_info",
                    "Alias": "mi",
                    "Startup Cost": 0.43,
                    "Total Cost": 1.88,
                    "Plan Rows": 20,
                    "Plan Width": 4,
                    "Actual Startup Time": 0.002,
                    "Actual Total Time": 0.007,
                    "Actual Rows": 8,
                    "Actual Loops": 88241,
                    "Index Cond": "(movie_id = mk.movie_id)",
                    "Rows Removed by Index Recheck": 0,
                    "Filter": "(info_type_id < 8)",
                    "Rows Removed by Filter": 10
                  }
                ]
              }
            ]
          }
        ]
      }
    ]
  },
  "Planning Time": 0.946,
  "Triggers": [],
  "Execution Time": 718.539
}