{
  "Plan": {
    "Node Type": "Aggregate",
    "Strategy": "Plain",
    "Partial Mode": "Finalize",
    "Parallel Aware": false,
    "Startup Cost": 40412.13,
    "Total Cost": 40412.14,
    "Plan Rows": 1,
    "Plan Width": 8,
    "Actual Startup Time": 25.61,
    "Actual Total Time": 28.29,
    "Actual Rows": 1,
    "Actual Loops": 1,
    "Plans": [
      {
        "Node Type": "Gather",
        "Parent Relationship": "Outer",
        "Parallel Aware": false,
        "Startup Cost": 40412.01,
        "Total Cost": 40412.12,
        "Plan Rows": 1,
        "Plan Width": 8,
        "Actual Startup Time": 25.512,
        "Actual Total Time": 28.283,
        "Actual Rows": 2,
        "Actual Loops": 1,
        "Workers Planned": 1,
        "Workers Launched": 1,
        "Single Copy": false,
        "Plans": [
          {
            "Node Type": "Aggregate",
            "Strategy": "Plain",
            "Partial Mode": "Partial",
            "Parent Relationship": "Outer",
            "Parallel Aware": false,
            "Startup Cost": 39412.01,
            "Total Cost": 39412.02,
            "Plan Rows": 1,
            "Plan Width": 8,
            "Actual Startup Time": 21.52,
            "Actual Total Time": 21.522,
            "Actual Rows": 1,
            "Actual Loops": 2,
            "Plans": [
              {
                "Node Type": "Nested Loop",
                "Parent Relationship": "Outer",
                "Parallel Aware": false,
                "Join Type": "Inner",
                "Startup Cost": 131.8,
                "Total Cost": 39411.88,
                "Plan Rows": 52,
                "Plan Width": 0,
                "Actual Startup Time": 2.495,
                "Actual Total Time": 21.478,
                "Actual Rows": 188,
                "Actual Loops": 2,
                "Inner Unique": false,
                "Plans": [
                  {
                    "Node Type": "Nested Loop",
                    "Parent Relationship": "Outer",
                    "Parallel Aware": false,
                    "Join Type": "Inner",
                    "Startup Cost": 131.37,
                    "Total Cost": 39283.51,
                    "Plan Rows": 96,
                    "Plan Width": 8,
                    "Actual Startup Time": 1.783,
                    "Actual Total Time": 20.314,
                    "Actual Rows": 134,
                    "Actual Loops": 2,
                    "Inner Unique": true,
                    "Plans": [
                      {
                        "Node Type": "Bitmap Heap Scan",
                        "Parent Relationship": "Outer",
                        "Parallel Aware": true,
                        "Relation Name": "movie_keyword",
                        "Alias": "mk",
                        "Startup Cost": 130.94,
                        "Total Cost": 14060.3,
                        "Plan Rows": 3530,
                        "Plan Width": 4,
                        "Actual Startup Time": 1.395,
                        "Actual Total Time": 6.004,
                        "Actual Rows": 2488,
                        "Actual Loops": 2,
                        "Recheck Cond": "(keyword_id > 129527)",
                        "Rows Removed by Index Recheck": 0,
                        "Exact Heap Blocks": 1125,
                        "Lossy Heap Blocks": 0,
                        "Plans": [
                          {
                            "Node Type": "Bitmap Index Scan",
                            "Parent Relationship": "Outer",
                            "Parallel Aware": false,
                            "Index Name": "keyword_id_movie_keyword",
                            "Startup Cost": 0.0,
                            "Total Cost": 129.44,
                            "Plan Rows": 6001,
                            "Plan Width": 0,
                            "Actual Startup Time": 2.072,
                            "Actual Total Time": 2.072,
                            "Actual Rows": 4975,
                            "Actual Loops": 1,
                            "Index Cond": "(keyword_id > 129527)"
                          }
                        ]
                      },
                      {
                        "Node Type": "Index Scan",
                        "Parent Relationship": "Inner",
                        "Parallel Aware": false,
                        "Scan Direction": "Forward",
                        "Index Name": "title_pkey",
                        "Relation Name": "title",
                        "Alias": "t",
                        "Startup Cost": 0.43,
                        "Total Cost": 7.15,
                        "Plan Rows": 1,
                        "Plan Width": 4,
                        "Actual Startup Time": 0.005,
                        "Actual Total Time": 0.005,
                        "Actual Rows": 0,
                        "Actual Loops": 4975,
                        "Index Cond": "(id = mk.movie_id)",
                        "Rows Removed by Index Recheck": 0,
                        "Filter": "((kind_id < 3) AND (production_year > 2011))",
                        "Rows Removed by Filter": 1
                      }
                    ]
                  },
                  {
                    "Node Type": "Index Only Scan",
                    "Parent Relationship": "Inner",
                    "Parallel Aware": false,
                    "Scan Direction": "Forward",
                    "Index Name": "movie_id_movie_info_idx",
                    "Relation Name": "movie_info_idx",
                    "Alias": "mi_idx",
                    "Startup Cost": 0.43,
                    "Total Cost": 1.31,
                    "Plan Rows": 3,
                    "Plan Width": 4,
                    "Actual Startup Time": 0.007,
                    "Actual Total Time": 0.008,
                    "Actual Rows": 1,
                    "Actual Loops": 269,
                    "Index Cond": "(movie_id = t.id)",
                    "Rows Removed by Index Recheck": 0,
                    "Heap Fetches": 375
                  }
                ]
              }
            ]
          }
        ]
      }
    ]
  },
  "Planning Time": 0.847,
  "Triggers": [],
  "Execution Time": 28.372
}