[
  {
    "Plan": {
      "Node Type": "Aggregate",
      "Strategy": "Plain",
      "Partial Mode": "Finalize",
      "Parallel Aware": false,
      "Startup Cost": 334204.1,
      "Total Cost": 334204.11,
      "Plan Rows": 1,
      "Plan Width": 8,
      "Actual Startup Time": 652.46,
      "Actual Total Time": 717.84,
      "Actual Rows": 1,
      "Actual Loops": 1,
      "Plans": [
        {
          "Node Type": "Gather",
          "Parent Relationship": "Outer",
          "Parallel Aware": false,
          "Startup Cost": 334203.48,
          "Total Cost": 334204.09,
          "Plan Rows": 6,
          "Plan Width": 8,
          "Actual Startup Time": 652.287,
          "Actual Total Time": 717.828,
          "Actual Rows": 7,
          "Actual Loops": 1,
          "Workers Planned": 6,
          "Workers Launched": 6,
          "Single Copy": false,
          "Plans": [
            {
              "Node Type": "Aggregate",
              "Strategy": "Plain",
              "Partial Mode": "Partial",
              "Parent Relationship": "Outer",
              "Parallel Aware": false,
              "Startup Cost": 333203.48,
              "Total Cost": 333203.49,
              "Plan Rows": 1,
              "Plan Width": 8,
              "Actual Startup Time": 644.225,
              "Actual Total Time": 644.226,
              "Actual Rows": 1,
              "Actual Loops": 7,
              "Plans": [
                {
                  "Node Type": "Seq Scan",
                  "Parent Relationship": "Outer",
                  "Parallel Aware": true,
                  "Relation Name": "cast_info",
                  "Alias": "ci",
                  "Startup Cost": 0.0,
                  "Total Cost": 328162.03,
                  "Plan Rows": 2016580,
                  "Plan Width": 0,
                  "Actual Startup Time": 0.048,
                  "Actual Total Time": 566.979,
                  "Actual Rows": 1724675,
                  "Actual Loops": 7,
                  "Filter": "(person_id < 1189526)",
                  "Rows Removed by Filter": 3453088
                }
              ]
            }
          ]
        }
      ]
    },
    "Planning Time": 0.159,
    "Triggers": [],
    "Execution Time": 717.902
  }
]