[
    {
        "Bao": {
            "Bao prediction": "NaN",
            "Bao recommended hint": "(no hint)"
        }
    },
    {
        "Plan": {
            "Node Type": "Aggregate",
            "Strategy": "Plain",
            "Partial Mode": "Finalize",
            "Parallel Aware": false,
            "Startup Cost": 120079.12,
            "Total Cost": 120079.13,
            "Plan Rows": 1,
            "Plan Width": 8,
            "Actual Startup Time": 186.21,
            "Actual Total Time": 197.579,
            "Actual Rows": 1,
            "Actual Loops": 1,
            "Output": [
                "count(*)"
            ],
            "Plans": [
                {
                    "Node Type": "Gather",
                    "Parent Relationship": "Outer",
                    "Parallel Aware": false,
                    "Startup Cost": 120078.6,
                    "Total Cost": 120079.11,
                    "Plan Rows": 5,
                    "Plan Width": 8,
                    "Actual Startup Time": 186.054,
                    "Actual Total Time": 197.567,
                    "Actual Rows": 6,
                    "Actual Loops": 1,
                    "Output": [
                        "(PARTIAL count(*))"
                    ],
                    "Workers Planned": 5,
                    "Workers Launched": 5,
                    "Single Copy": false,
                    "Plans": [
                        {
                            "Node Type": "Aggregate",
                            "Strategy": "Plain",
                            "Partial Mode": "Partial",
                            "Parent Relationship": "Outer",
                            "Parallel Aware": false,
                            "Startup Cost": 119078.6,
                            "Total Cost": 119078.61,
                            "Plan Rows": 1,
                            "Plan Width": 8,
                            "Actual Startup Time": 175.676,
                            "Actual Total Time": 175.68,
                            "Actual Rows": 1,
                            "Actual Loops": 6,
                            "Output": [
                                "PARTIAL count(*)"
                            ],
                            "Workers": [
                                {
                                    "Worker Number": 0,
                                    "Actual Startup Time": 173.278,
                                    "Actual Total Time": 173.281,
                                    "Actual Rows": 1,
                                    "Actual Loops": 1
                                },
                                {
                                    "Worker Number": 1,
                                    "Actual Startup Time": 173.524,
                                    "Actual Total Time": 173.527,
                                    "Actual Rows": 1,
                                    "Actual Loops": 1
                                },
                                {
                                    "Worker Number": 2,
                                    "Actual Startup Time": 173.51,
                                    "Actual Total Time": 173.513,
                                    "Actual Rows": 1,
                                    "Actual Loops": 1
                                },
                                {
                                    "Worker Number": 3,
                                    "Actual Startup Time": 173.938,
                                    "Actual Total Time": 173.941,
                                    "Actual Rows": 1,
                                    "Actual Loops": 1
                                },
                                {
                                    "Worker Number": 4,
                                    "Actual Startup Time": 174.5,
                                    "Actual Total Time": 174.503,
                                    "Actual Rows": 1,
                                    "Actual Loops": 1
                                }
                            ],
                            "Plans": [
                                {
                                    "Node Type": "Nested Loop",
                                    "Parent Relationship": "Outer",
                                    "Parallel Aware": false,
                                    "Join Type": "Inner",
                                    "Startup Cost": 45508.78,
                                    "Total Cost": 119073.48,
                                    "Plan Rows": 2048,
                                    "Plan Width": 0,
                                    "Actual Startup Time": 77.729,
                                    "Actual Total Time": 175.498,
                                    "Actual Rows": 2819,
                                    "Actual Loops": 6,
                                    "Inner Unique": false,
                                    "Join Filter": "(t.id = mi.movie_id)",
                                    "Rows Removed by Join Filter": 0,
                                    "Workers": [
                                        {
                                            "Worker Number": 0,
                                            "Actual Startup Time": 74.977,
                                            "Actual Total Time": 173.063,
                                            "Actual Rows": 3666,
                                            "Actual Loops": 1
                                        },
                                        {
                                            "Worker Number": 1,
                                            "Actual Startup Time": 75.44,
                                            "Actual Total Time": 173.331,
                                            "Actual Rows": 3357,
                                            "Actual Loops": 1
                                        },
                                        {
                                            "Worker Number": 2,
                                            "Actual Startup Time": 76.68,
                                            "Actual Total Time": 173.327,
                                            "Actual Rows": 3153,
                                            "Actual Loops": 1
                                        },
                                        {
                                            "Worker Number": 3,
                                            "Actual Startup Time": 76.832,
                                            "Actual Total Time": 173.77,
                                            "Actual Rows": 1556,
                                            "Actual Loops": 1
                                        },
                                        {
                                            "Worker Number": 4,
                                            "Actual Startup Time": 76.185,
                                            "Actual Total Time": 174.353,
                                            "Actual Rows": 1476,
                                            "Actual Loops": 1
                                        }
                                    ],
                                    "Plans": [
                                        {
                                            "Node Type": "Hash Join",
                                            "Parent Relationship": "Outer",
                                            "Parallel Aware": true,
                                            "Join Type": "Inner",
                                            "Startup Cost": 45508.35,
                                            "Total Cost": 117884.36,
                                            "Plan Rows": 351,
                                            "Plan Width": 8,
                                            "Actual Startup Time": 77.646,
                                            "Actual Total Time": 170.389,
                                            "Actual Rows": 365,
                                            "Actual Loops": 6,
                                            "Output": [
                                                "t.id",
                                                "ci.movie_id"
                                            ],
                                            "Inner Unique": true,
                                            "Hash Cond": "(ci.movie_id = t.id)",
                                            "Workers": [
                                                {
                                                    "Worker Number": 0,
                                                    "Actual Startup Time": 74.889,
                                                    "Actual Total Time": 167.074,
                                                    "Actual Rows": 411,
                                                    "Actual Loops": 1
                                                },
                                                {
                                                    "Worker Number": 1,
                                                    "Actual Startup Time": 75.363,
                                                    "Actual Total Time": 167.735,
                                                    "Actual Rows": 387,
                                                    "Actual Loops": 1
                                                },
                                                {
                                                    "Worker Number": 2,
                                                    "Actual Startup Time": 76.6,
                                                    "Actual Total Time": 167.966,
                                                    "Actual Rows": 379,
                                                    "Actual Loops": 1
                                                },
                                                {
                                                    "Worker Number": 3,
                                                    "Actual Startup Time": 76.741,
                                                    "Actual Total Time": 168.117,
                                                    "Actual Rows": 184,
                                                    "Actual Loops": 1
                                                },
                                                {
                                                    "Worker Number": 4,
                                                    "Actual Startup Time": 76.065,
                                                    "Actual Total Time": 169.457,
                                                    "Actual Rows": 256,
                                                    "Actual Loops": 1
                                                }
                                            ],
                                            "Plans": [
                                                {
                                                    "Node Type": "Index Scan",
                                                    "Parent Relationship": "Outer",
                                                    "Parallel Aware": true,
                                                    "Scan Direction": "Forward",
                                                    "Index Name": "role_id_cast_info",
                                                    "Relation Name": "cast_info",
                                                    "Schema": "public",
                                                    "Alias": "ci",
                                                    "Startup Cost": 0.56,
                                                    "Total Cost": 72121.93,
                                                    "Plan Rows": 97012,
                                                    "Plan Width": 4,
                                                    "Actual Startup Time": 0.081,
                                                    "Actual Total Time": 85.117,
                                                    "Actual Rows": 79605,
                                                    "Actual Loops": 6,
                                                    "Output": [
                                                        "ci.id",
                                                        "ci.person_id",
                                                        "ci.movie_id",
                                                        "ci.person_role_id",
                                                        "ci.note",
                                                        "ci.nr_order",
                                                        "ci.role_id"
                                                    ],
                                                    "Index Cond": "(ci.role_id = 4)",
                                                    "Rows Removed by Index Recheck": 0,
                                                    "Filter": "(ci.person_id < 662012)",
                                                    "Rows Removed by Filter": 375219,
                                                    "Workers": [
                                                        {
                                                            "Worker Number": 0,
                                                            "Actual Startup Time": 0.076,
                                                            "Actual Total Time": 84.41,
                                                            "Actual Rows": 86633,
                                                            "Actual Loops": 1
                                                        },
                                                        {
                                                            "Worker Number": 1,
                                                            "Actual Startup Time": 0.148,
                                                            "Actual Total Time": 84.699,
                                                            "Actual Rows": 86989,
                                                            "Actual Loops": 1
                                                        },
                                                        {
                                                            "Worker Number": 2,
                                                            "Actual Startup Time": 0.098,
                                                            "Actual Total Time": 85.059,
                                                            "Actual Rows": 85212,
                                                            "Actual Loops": 1
                                                        },
                                                        {
                                                            "Worker Number": 3,
                                                            "Actual Startup Time": 0.057,
                                                            "Actual Total Time": 84.776,
                                                            "Actual Rows": 56529,
                                                            "Actual Loops": 1
                                                        },
                                                        {
                                                            "Worker Number": 4,
                                                            "Actual Startup Time": 0.08,
                                                            "Actual Total Time": 85.123,
                                                            "Actual Rows": 59636,
                                                            "Actual Loops": 1
                                                        }
                                                    ]
                                                },
                                                {
                                                    "Node Type": "Hash",
                                                    "Parent Relationship": "Inner",
                                                    "Parallel Aware": true,
                                                    "Startup Cost": 45479.21,
                                                    "Total Cost": 45479.21,
                                                    "Plan Rows": 2286,
                                                    "Plan Width": 4,
                                                    "Actual Startup Time": 75.968,
                                                    "Actual Total Time": 75.969,
                                                    "Actual Rows": 1470,
                                                    "Actual Loops": 6,
                                                    "Output": [
                                                        "t.id"
                                                    ],
                                                    "Hash Buckets": 16384,
                                                    "Original Hash Buckets": 16384,
                                                    "Hash Batches": 1,
                                                    "Original Hash Batches": 1,
                                                    "Peak Memory Usage": 576,
                                                    "Workers": [
                                                        {
                                                            "Worker Number": 0,
                                                            "Actual Startup Time": 73.624,
                                                            "Actual Total Time": 73.625,
                                                            "Actual Rows": 1252,
                                                            "Actual Loops": 1
                                                        },
                                                        {
                                                            "Worker Number": 1,
                                                            "Actual Startup Time": 73.827,
                                                            "Actual Total Time": 73.828,
                                                            "Actual Rows": 1262,
                                                            "Actual Loops": 1
                                                        },
                                                        {
                                                            "Worker Number": 2,
                                                            "Actual Startup Time": 73.818,
                                                            "Actual Total Time": 73.819,
                                                            "Actual Rows": 1312,
                                                            "Actual Loops": 1
                                                        },
                                                        {
                                                            "Worker Number": 3,
                                                            "Actual Startup Time": 74.298,
                                                            "Actual Total Time": 74.299,
                                                            "Actual Rows": 945,
                                                            "Actual Loops": 1
                                                        },
                                                        {
                                                            "Worker Number": 4,
                                                            "Actual Startup Time": 74.859,
                                                            "Actual Total Time": 74.86,
                                                            "Actual Rows": 923,
                                                            "Actual Loops": 1
                                                        }
                                                    ],
                                                    "Plans": [
                                                        {
                                                            "Node Type": "Seq Scan",
                                                            "Parent Relationship": "Outer",
                                                            "Parallel Aware": true,
                                                            "Relation Name": "title",
                                                            "Schema": "public",
                                                            "Alias": "t",
                                                            "Startup Cost": 0.0,
                                                            "Total Cost": 45479.21,
                                                            "Plan Rows": 2286,
                                                            "Plan Width": 4,
                                                            "Actual Startup Time": 0.086,
                                                            "Actual Total Time": 74.991,
                                                            "Actual Rows": 1470,
                                                            "Actual Loops": 6,
                                                            "Output": [
                                                                "t.id"
                                                            ],
                                                            "Filter": "((t.kind_id = 7) AND (t.production_year = 1967))",
                                                            "Rows Removed by Filter": 419916,
                                                            "Workers": [
                                                                {
                                                                    "Worker Number": 0,
                                                                    "Actual Startup Time": 0.106,
                                                                    "Actual Total Time": 72.681,
                                                                    "Actual Rows": 1252,
                                                                    "Actual Loops": 1
                                                                },
                                                                {
                                                                    "Worker Number": 1,
                                                                    "Actual Startup Time": 0.067,
                                                                    "Actual Total Time": 72.883,
                                                                    "Actual Rows": 1262,
                                                                    "Actual Loops": 1
                                                                },
                                                                {
                                                                    "Worker Number": 2,
                                                                    "Actual Startup Time": 0.109,
                                                                    "Actual Total Time": 72.835,
                                                                    "Actual Rows": 1312,
                                                                    "Actual Loops": 1
                                                                },
                                                                {
                                                                    "Worker Number": 3,
                                                                    "Actual Startup Time": 0.095,
                                                                    "Actual Total Time": 73.311,
                                                                    "Actual Rows": 945,
                                                                    "Actual Loops": 1
                                                                },
                                                                {
                                                                    "Worker Number": 4,
                                                                    "Actual Startup Time": 0.106,
                                                                    "Actual Total Time": 73.887,
                                                                    "Actual Rows": 923,
                                                                    "Actual Loops": 1
                                                                }
                                                            ]
                                                        }
                                                    ]
                                                }
                                            ]
                                        },
                                        {
                                            "Node Type": "Index Only Scan",
                                            "Parent Relationship": "Inner",
                                            "Parallel Aware": false,
                                            "Scan Direction": "Forward",
                                            "Index Name": "movie_id_movie_info",
                                            "Relation Name": "movie_info",
                                            "Schema": "public",
                                            "Alias": "mi",
                                            "Startup Cost": 0.43,
                                            "Total Cost": 2.9,
                                            "Plan Rows": 39,
                                            "Plan Width": 4,
                                            "Actual Startup Time": 0.006,
                                            "Actual Total Time": 0.013,
                                            "Actual Rows": 8,
                                            "Actual Loops": 2192,
                                            "Output": [
                                                "mi.movie_id"
                                            ],
                                            "Index Cond": "(mi.movie_id = ci.movie_id)",
                                            "Rows Removed by Index Recheck": 0,
                                            "Heap Fetches": 16916,
                                            "Workers": [
                                                {
                                                    "Worker Number": 0,
                                                    "Actual Startup Time": 0.006,
                                                    "Actual Total Time": 0.013,
                                                    "Actual Rows": 9,
                                                    "Actual Loops": 411
                                                },
                                                {
                                                    "Worker Number": 1,
                                                    "Actual Startup Time": 0.006,
                                                    "Actual Total Time": 0.013,
                                                    "Actual Rows": 9,
                                                    "Actual Loops": 387
                                                },
                                                {
                                                    "Worker Number": 2,
                                                    "Actual Startup Time": 0.006,
                                                    "Actual Total Time": 0.013,
                                                    "Actual Rows": 8,
                                                    "Actual Loops": 379
                                                },
                                                {
                                                    "Worker Number": 3,
                                                    "Actual Startup Time": 0.013,
                                                    "Actual Total Time": 0.029,
                                                    "Actual Rows": 8,
                                                    "Actual Loops": 184
                                                },
                                                {
                                                    "Worker Number": 4,
                                                    "Actual Startup Time": 0.008,
                                                    "Actual Total Time": 0.018,
                                                    "Actual Rows": 6,
                                                    "Actual Loops": 256
                                                }
                                            ]
                                        }
                                    ]
                                }
                            ]
                        }
                    ]
                }
            ]
        },
        "Planning Time": 233.627,
        "Triggers": [],
        "Execution Time": 197.805
    }
]