[
  {
    "Plan": {
      "Node Type": "Aggregate",
      "Strategy": "Plain",
      "Partial Mode": "Finalize",
      "Parallel Aware": false,
      "Startup Cost": 45407.35,
      "Total Cost": 45407.36,
      "Plan Rows": 1,
      "Plan Width": 64,
      "Actual Startup Time": 241.137,
      "Actual Total Time": 264.672,
      "Actual Rows": 1,
      "Actual Loops": 1,
      "Plans": [
        {
          "Node Type": "Gather",
          "Parent Relationship": "Outer",
          "Parallel Aware": false,
          "Startup Cost": 45407.03,
          "Total Cost": 45407.34,
          "Plan Rows": 3,
          "Plan Width": 64,
          "Actual Startup Time": 240.44,
          "Actual Total Time": 264.661,
          "Actual Rows": 4,
          "Actual Loops": 1,
          "Workers Planned": 3,
          "Workers Launched": 3,
          "Single Copy": false,
          "Plans": [
            {
              "Node Type": "Aggregate",
              "Strategy": "Plain",
              "Partial Mode": "Partial",
              "Parent Relationship": "Outer",
              "Parallel Aware": false,
              "Startup Cost": 44407.03,
              "Total Cost": 44407.04,
              "Plan Rows": 1,
              "Plan Width": 64,
              "Actual Startup Time": 228.945,
              "Actual Total Time": 228.955,
              "Actual Rows": 1,
              "Actual Loops": 4,
              "Plans": [
                {
                  "Node Type": "Nested Loop",
                  "Parent Relationship": "Outer",
                  "Parallel Aware": false,
                  "Join Type": "Inner",
                  "Startup Cost": 5352.04,
                  "Total Cost": 44407.01,
                  "Plan Rows": 3,
                  "Plan Width": 60,
                  "Actual Startup Time": 166.706,
                  "Actual Total Time": 228.94,
                  "Actual Rows": 6,
                  "Actual Loops": 4,
                  "Inner Unique": true,
                  "Plans": [
                    {
                      "Node Type": "Nested Loop",
                      "Parent Relationship": "Outer",
                      "Parallel Aware": false,
                      "Join Type": "Inner",
                      "Startup Cost": 5351.62,
                      "Total Cost": 44405.69,
                      "Plan Rows": 3,
                      "Plan Width": 64,
                      "Actual Startup Time": 166.666,
                      "Actual Total Time": 228.82,
                      "Actual Rows": 6,
                      "Actual Loops": 4,
                      "Inner Unique": false,
                      "Plans": [
                        {
                          "Node Type": "Nested Loop",
                          "Parent Relationship": "Outer",
                          "Parallel Aware": false,
                          "Join Type": "Inner",
                          "Startup Cost": 5351.19,
                          "Total Cost": 44403.72,
                          "Plan Rows": 1,
                          "Plan Width": 76,
                          "Actual Startup Time": 104.369,
                          "Actual Total Time": 228.725,
                          "Actual Rows": 2,
                          "Actual Loops": 4,
                          "Inner Unique": true,
                          "Plans": [
                            {
                              "Node Type": "Nested Loop",
                              "Parent Relationship": "Outer",
                              "Parallel Aware": false,
                              "Join Type": "Inner",
                              "Startup Cost": 5351.05,
                              "Total Cost": 44403.49,
                              "Plan Rows": 1,
                              "Plan Width": 80,
                              "Actual Startup Time": 104.345,
                              "Actual Total Time": 228.695,
                              "Actual Rows": 2,
                              "Actual Loops": 4,
                              "Inner Unique": true,
                              "Plans": [
                                {
                                  "Node Type": "Nested Loop",
                                  "Parent Relationship": "Outer",
                                  "Parallel Aware": false,
                                  "Join Type": "Inner",
                                  "Startup Cost": 5350.92,
                                  "Total Cost": 44403.33,
                                  "Plan Rows": 1,
                                  "Plan Width": 84,
                                  "Actual Startup Time": 104.311,
                                  "Actual Total Time": 228.655,
                                  "Actual Rows": 2,
                                  "Actual Loops": 4,
                                  "Inner Unique": false,
                                  "Plans": [
                                    {
                                      "Node Type": "Nested Loop",
                                      "Parent Relationship": "Outer",
                                      "Parallel Aware": false,
                                      "Join Type": "Inner",
                                      "Startup Cost": 5350.48,
                                      "Total Cost": 43169.56,
                                      "Plan Rows": 468,
                                      "Plan Width": 33,
                                      "Actual Startup Time": 39.221,
                                      "Actual Total Time": 216.596,
                                      "Actual Rows": 157,
                                      "Actual Loops": 4,
                                      "Inner Unique": true,
                                      "Plans": [
                                        {
                                          "Node Type": "Nested Loop",
                                          "Parent Relationship": "Outer",
                                          "Parallel Aware": false,
                                          "Join Type": "Inner",
                                          "Startup Cost": 5350.05,
                                          "Total Cost": 41467.0,
                                          "Plan Rows": 1796,
                                          "Plan Width": 12,
                                          "Actual Startup Time": 35.376,
                                          "Actual Total Time": 192.513,
                                          "Actual Rows": 3425,
                                          "Actual Loops": 4,
                                          "Inner Unique": false,
                                          "Plans": [
                                            {
                                              "Node Type": "Hash Join",
                                              "Parent Relationship": "Outer",
                                              "Parallel Aware": true,
                                              "Join Type": "Inner",
                                              "Startup Cost": 5349.63,
                                              "Total Cost": 36781.64,
                                              "Plan Rows": 2375,
                                              "Plan Width": 8,
                                              "Actual Startup Time": 34.413,
                                              "Actual Total Time": 156.375,
                                              "Actual Rows": 10959,
                                              "Actual Loops": 4,
                                              "Inner Unique": true,
                                              "Hash Cond": "(mc.company_id = cn.id)",
                                              "Plans": [
                                                {
                                                  "Node Type": "Seq Scan",
                                                  "Parent Relationship": "Outer",
                                                  "Parallel Aware": true,
                                                  "Relation Name": "movie_companies",
                                                  "Alias": "mc",
                                                  "Startup Cost": 0.0,
                                                  "Total Cost": 31414.82,
                                                  "Plan Rows": 6548,
                                                  "Plan Width": 12,
                                                  "Actual Startup Time": 0.031,
                                                  "Actual Total Time": 116.162,
                                                  "Actual Rows": 15416,
                                                  "Actual Loops": 4,
                                                  "Filter": "((note ~~ '%(200%)%'::text) AND (note ~~ '%(worldwide)%'::text))",
                                                  "Rows Removed by Filter": 636866
                                                },
                                                {
                                                  "Node Type": "Hash",
                                                  "Parent Relationship": "Inner",
                                                  "Parallel Aware": true,
                                                  "Startup Cost": 4722.92,
                                                  "Total Cost": 4722.92,
                                                  "Plan Rows": 50137,
                                                  "Plan Width": 4,
                                                  "Actual Startup Time": 33.401,
                                                  "Actual Total Time": 33.401,
                                                  "Actual Rows": 21211,
                                                  "Actual Loops": 4,
                                                  "Hash Buckets": 131072,
                                                  "Original Hash Buckets": 131072,
                                                  "Hash Batches": 1,
                                                  "Original Hash Batches": 1,
                                                  "Peak Memory Usage": 4384,
                                                  "Plans": [
                                                    {
                                                      "Node Type": "Seq Scan",
                                                      "Parent Relationship": "Outer",
                                                      "Parallel Aware": true,
                                                      "Relation Name": "company_name",
                                                      "Alias": "cn",
                                                      "Startup Cost": 0.0,
                                                      "Total Cost": 4722.92,
                                                      "Plan Rows": 50137,
                                                      "Plan Width": 4,
                                                      "Actual Startup Time": 0.08,
                                                      "Actual Total Time": 24.581,
                                                      "Actual Rows": 21211,
                                                      "Actual Loops": 4,
                                                      "Filter": "((country_code)::text = '[us]'::text)",
                                                      "Rows Removed by Filter": 37538
                                                    }
                                                  ]
                                                }
                                              ]
                                            },
                                            {
                                              "Node Type": "Index Scan",
                                              "Parent Relationship": "Inner",
                                              "Parallel Aware": false,
                                              "Scan Direction": "Forward",
                                              "Index Name": "movie_id_aka_title",
                                              "Relation Name": "aka_title",
                                              "Alias": "at",
                                              "Startup Cost": 0.42,
                                              "Total Cost": 1.94,
                                              "Plan Rows": 3,
                                              "Plan Width": 4,
                                              "Actual Startup Time": 0.003,
                                              "Actual Total Time": 0.003,
                                              "Actual Rows": 0,
                                              "Actual Loops": 43837,
                                              "Index Cond": "(movie_id = mc.movie_id)",
                                              "Rows Removed by Index Recheck": 0
                                            }
                                          ]
                                        },
                                        {
                                          "Node Type": "Index Scan",
                                          "Parent Relationship": "Inner",
                                          "Parallel Aware": false,
                                          "Scan Direction": "Forward",
                                          "Index Name": "title_pkey",
                                          "Relation Name": "title",
                                          "Alias": "t",
                                          "Startup Cost": 0.43,
                                          "Total Cost": 0.95,
                                          "Plan Rows": 1,
                                          "Plan Width": 21,
                                          "Actual Startup Time": 0.007,
                                          "Actual Total Time": 0.007,
                                          "Actual Rows": 0,
                                          "Actual Loops": 13699,
                                          "Index Cond": "(id = at.movie_id)",
                                          "Rows Removed by Index Recheck": 0,
                                          "Filter": "(production_year > 2008)",
                                          "Rows Removed by Filter": 1
                                        }
                                      ]
                                    },
                                    {
                                      "Node Type": "Index Scan",
                                      "Parent Relationship": "Inner",
                                      "Parallel Aware": false,
                                      "Scan Direction": "Forward",
                                      "Index Name": "movie_id_movie_info",
                                      "Relation Name": "movie_info",
                                      "Alias": "mi",
                                      "Startup Cost": 0.43,
                                      "Total Cost": 2.63,
                                      "Plan Rows": 1,
                                      "Plan Width": 51,
                                      "Actual Startup Time": 0.076,
                                      "Actual Total Time": 0.076,
                                      "Actual Rows": 0,
                                      "Actual Loops": 628,
                                      "Index Cond": "(movie_id = t.id)",
                                      "Rows Removed by Index Recheck": 0,
                                      "Filter": "((note ~~ '%internet%'::text) AND (info ~~ 'USA:% 200%'::text))",
                                      "Rows Removed by Filter": 47
                                    }
                                  ]
                                },
                                {
                                  "Node Type": "Index Scan",
                                  "Parent Relationship": "Inner",
                                  "Parallel Aware": false,
                                  "Scan Direction": "Forward",
                                  "Index Name": "company_type_pkey",
                                  "Relation Name": "company_type",
                                  "Alias": "ct",
                                  "Startup Cost": 0.13,
                                  "Total Cost": 0.15,
                                  "Plan Rows": 1,
                                  "Plan Width": 4,
                                  "Actual Startup Time": 0.016,
                                  "Actual Total Time": 0.016,
                                  "Actual Rows": 1,
                                  "Actual Loops": 9,
                                  "Index Cond": "(id = mc.company_type_id)",
                                  "Rows Removed by Index Recheck": 0
                                }
                              ]
                            },
                            {
                              "Node Type": "Index Scan",
                              "Parent Relationship": "Inner",
                              "Parallel Aware": false,
                              "Scan Direction": "Forward",
                              "Index Name": "info_type_pkey",
                              "Relation Name": "info_type",
                              "Alias": "it1",
                              "Startup Cost": 0.14,
                              "Total Cost": 0.19,
                              "Plan Rows": 1,
                              "Plan Width": 4,
                              "Actual Startup Time": 0.01,
                              "Actual Total Time": 0.011,
                              "Actual Rows": 1,
                              "Actual Loops": 9,
                              "Index Cond": "(id = mi.info_type_id)",
                              "Rows Removed by Index Recheck": 0,
                              "Filter": "((info)::text = 'release dates'::text)",
                              "Rows Removed by Filter": 0
                            }
                          ]
                        },
                        {
                          "Node Type": "Index Scan",
                          "Parent Relationship": "Inner",
                          "Parallel Aware": false,
                          "Scan Direction": "Forward",
                          "Index Name": "movie_id_movie_keyword",
                          "Relation Name": "movie_keyword",
                          "Alias": "mk",
                          "Startup Cost": 0.43,
                          "Total Cost": 1.51,
                          "Plan Rows": 46,
                          "Plan Width": 8,
                          "Actual Startup Time": 0.038,
                          "Actual Total Time": 0.04,
                          "Actual Rows": 3,
                          "Actual Loops": 9,
                          "Index Cond": "(movie_id = t.id)",
                          "Rows Removed by Index Recheck": 0
                        }
                      ]
                    },
                    {
                      "Node Type": "Index Scan",
                      "Parent Relationship": "Inner",
                      "Parallel Aware": false,
                      "Scan Direction": "Forward",
                      "Index Name": "keyword_pkey",
                      "Relation Name": "keyword",
                      "Alias": "k",
                      "Startup Cost": 0.42,
                      "Total Cost": 0.44,
                      "Plan Rows": 1,
                      "Plan Width": 4,
                      "Actual Startup Time": 0.018,
                      "Actual Total Time": 0.018,
                      "Actual Rows": 1,
                      "Actual Loops": 25,
                      "Index Cond": "(id = mk.keyword_id)",
                      "Rows Removed by Index Recheck": 0
                    }
                  ]
                }
              ]
            }
          ]
        }
      ]
    },
    "Planning Time": 29.296,
    "Triggers": [],
    "Execution Time": 265.07
  }
]