{
  "Plan": {
    "Node Type": "Aggregate",
    "Strategy": "Plain",
    "Partial Mode": "Finalize",
    "Parallel Aware": false,
    "Startup Cost": 313918.68,
    "Total Cost": 313918.69,
    "Plan Rows": 1,
    "Plan Width": 8,
    "Actual Startup Time": 2325.571,
    "Actual Total Time": 2353.38,
    "Actual Rows": 1,
    "Actual Loops": 1,
    "Plans": [
      {
        "Node Type": "Gather",
        "Parent Relationship": "Outer",
        "Parallel Aware": false,
        "Startup Cost": 313918.57,
        "Total Cost": 313918.68,
        "Plan Rows": 1,
        "Plan Width": 8,
        "Actual Startup Time": 2322.81,
        "Actual Total Time": 2353.372,
        "Actual Rows": 2,
        "Actual Loops": 1,
        "Workers Planned": 1,
        "Workers Launched": 1,
        "Single Copy": false,
        "Plans": [
          {
            "Node Type": "Aggregate",
            "Strategy": "Plain",
            "Partial Mode": "Partial",
            "Parent Relationship": "Outer",
            "Parallel Aware": false,
            "Startup Cost": 312918.57,
            "Total Cost": 312918.58,
            "Plan Rows": 1,
            "Plan Width": 8,
            "Actual Startup Time": 2315.047,
            "Actual Total Time": 2315.05,
            "Actual Rows": 1,
            "Actual Loops": 2,
            "Plans": [
              {
                "Node Type": "Hash Join",
                "Parent Relationship": "Outer",
                "Parallel Aware": true,
                "Join Type": "Inner",
                "Startup Cost": 69294.41,
                "Total Cost": 306518.17,
                "Plan Rows": 2560161,
                "Plan Width": 0,
                "Actual Startup Time": 367.038,
                "Actual Total Time": 2222.252,
                "Actual Rows": 2269179,
                "Actual Loops": 2,
                "Inner Unique": true,
                "Hash Cond": "(ci.movie_id = t.id)",
                "Plans": [
                  {
                    "Node Type": "Index Scan",
                    "Parent Relationship": "Outer",
                    "Parallel Aware": true,
                    "Scan Direction": "Forward",
                    "Index Name": "role_id_cast_info",
                    "Relation Name": "cast_info",
                    "Alias": "ci",
                    "Startup Cost": 0.56,
                    "Total Cost": 225853.5,
                    "Plan Rows": 4331734,
                    "Plan Width": 4,
                    "Actual Startup Time": 0.083,
                    "Actual Total Time": 541.204,
                    "Actual Rows": 3725986,
                    "Actual Loops": 2,
                    "Index Cond": "(role_id = 2)",
                    "Rows Removed by Index Recheck": 0
                  },
                  {
                    "Node Type": "Hash",
                    "Parent Relationship": "Inner",
                    "Parallel Aware": true,
                    "Startup Cost": 58306.47,
                    "Total Cost": 58306.47,
                    "Plan Rows": 878990,
                    "Plan Width": 4,
                    "Actual Startup Time": 352.521,
                    "Actual Total Time": 352.522,
                    "Actual Rows": 739220,
                    "Actual Loops": 2,
                    "Hash Buckets": 2097152,
                    "Original Hash Buckets": 2097152,
                    "Hash Batches": 1,
                    "Original Hash Batches": 1,
                    "Peak Memory Usage": 74240,
                    "Plans": [
                      {
                        "Node Type": "Seq Scan",
                        "Parent Relationship": "Outer",
                        "Parallel Aware": true,
                        "Relation Name": "title",
                        "Alias": "t",
                        "Startup Cost": 0.0,
                        "Total Cost": 58306.47,
                        "Plan Rows": 878990,
                        "Plan Width": 4,
                        "Actual Startup Time": 0.027,
                        "Actual Total Time": 166.466,
                        "Actual Rows": 739220,
                        "Actual Loops": 2,
                        "Filter": "((production_year > 0) AND (kind_id = 7))",
                        "Rows Removed by Filter": 524936
                      }
                    ]
                  }
                ]
              }
            ]
          }
        ]
      }
    ]
  },
  "Planning Time": 0.552,
  "Triggers": [],
  "Execution Time": 2353.443
}