[
  {
    "Plan": {
      "Node Type": "Aggregate",
      "Strategy": "Plain",
      "Partial Mode": "Finalize",
      "Parallel Aware": false,
      "Startup Cost": 363070.93,
      "Total Cost": 363070.94,
      "Plan Rows": 1,
      "Plan Width": 8,
      "Actual Startup Time": 474.156,
      "Actual Total Time": 501.959,
      "Actual Rows": 1,
      "Actual Loops": 1,
      "Plans": [
        {
          "Node Type": "Gather",
          "Parent Relationship": "Outer",
          "Parallel Aware": false,
          "Startup Cost": 363070.41,
          "Total Cost": 363070.92,
          "Plan Rows": 5,
          "Plan Width": 8,
          "Actual Startup Time": 468.469,
          "Actual Total Time": 501.95,
          "Actual Rows": 6,
          "Actual Loops": 1,
          "Workers Planned": 5,
          "Workers Launched": 5,
          "Single Copy": false,
          "Plans": [
            {
              "Node Type": "Aggregate",
              "Strategy": "Plain",
              "Partial Mode": "Partial",
              "Parent Relationship": "Outer",
              "Parallel Aware": false,
              "Startup Cost": 362070.41,
              "Total Cost": 362070.42,
              "Plan Rows": 1,
              "Plan Width": 8,
              "Actual Startup Time": 458.135,
              "Actual Total Time": 458.139,
              "Actual Rows": 1,
              "Actual Loops": 6,
              "Plans": [
                {
                  "Node Type": "Nested Loop",
                  "Parent Relationship": "Outer",
                  "Parallel Aware": false,
                  "Join Type": "Inner",
                  "Startup Cost": 55683.12,
                  "Total Cost": 361967.25,
                  "Plan Rows": 41265,
                  "Plan Width": 0,
                  "Actual Startup Time": 161.553,
                  "Actual Total Time": 438.876,
                  "Actual Rows": 342816,
                  "Actual Loops": 6,
                  "Inner Unique": false,
                  "Plans": [
                    {
                      "Node Type": "Hash Join",
                      "Parent Relationship": "Outer",
                      "Parallel Aware": true,
                      "Join Type": "Inner",
                      "Startup Cost": 55682.68,
                      "Total Cost": 317104.13,
                      "Plan Rows": 23062,
                      "Plan Width": 8,
                      "Actual Startup Time": 161.314,
                      "Actual Total Time": 210.109,
                      "Actual Rows": 23120,
                      "Actual Loops": 6,
                      "Inner Unique": true,
                      "Hash Cond": "(ci.movie_id = t.id)",
                      "Plans": [
                        {
                          "Node Type": "Bitmap Heap Scan",
                          "Parent Relationship": "Outer",
                          "Parallel Aware": true,
                          "Relation Name": "cast_info",
                          "Alias": "ci",
                          "Startup Cost": 9711.09,
                          "Total Cost": 270901.77,
                          "Plan Rows": 87910,
                          "Plan Width": 4,
                          "Actual Startup Time": 16.602,
                          "Actual Total Time": 29.035,
                          "Actual Rows": 71779,
                          "Actual Loops": 6,
                          "Recheck Cond": "(person_id < 48656)",
                          "Rows Removed by Index Recheck": 0,
                          "Exact Heap Blocks": 1112,
                          "Lossy Heap Blocks": 0,
                          "Plans": [
                            {
                              "Node Type": "Bitmap Index Scan",
                              "Parent Relationship": "Outer",
                              "Parallel Aware": false,
                              "Index Name": "person_id_cast_info",
                              "Startup Cost": 0.0,
                              "Total Cost": 9601.2,
                              "Plan Rows": 439552,
                              "Plan Width": 0,
                              "Actual Startup Time": 15.925,
                              "Actual Total Time": 15.925,
                              "Actual Rows": 430676,
                              "Actual Loops": 1,
                              "Index Cond": "(person_id < 48656)"
                            }
                          ]
                        },
                        {
                          "Node Type": "Hash",
                          "Parent Relationship": "Inner",
                          "Parallel Aware": true,
                          "Startup Cost": 43898.92,
                          "Total Cost": 43898.92,
                          "Plan Rows": 165814,
                          "Plan Width": 4,
                          "Actual Startup Time": 141.082,
                          "Actual Total Time": 141.083,
                          "Actual Rows": 110471,
                          "Actual Loops": 6,
                          "Hash Buckets": 1048576,
                          "Original Hash Buckets": 1048576,
                          "Hash Batches": 1,
                          "Original Hash Batches": 1,
                          "Peak Memory Usage": 34240,
                          "Plans": [
                            {
                              "Node Type": "Seq Scan",
                              "Parent Relationship": "Outer",
                              "Parallel Aware": true,
                              "Relation Name": "title",
                              "Alias": "t",
                              "Startup Cost": 0.0,
                              "Total Cost": 43898.92,
                              "Plan Rows": 165814,
                              "Plan Width": 4,
                              "Actual Startup Time": 44.436,
                              "Actual Total Time": 90.264,
                              "Actual Rows": 110471,
                              "Actual Loops": 6,
                              "Filter": "(kind_id = 1)",
                              "Rows Removed by Filter": 310914
                            }
                          ]
                        }
                      ]
                    },
                    {
                      "Node Type": "Index Only Scan",
                      "Parent Relationship": "Inner",
                      "Parallel Aware": false,
                      "Scan Direction": "Forward",
                      "Index Name": "movie_id_movie_keyword",
                      "Relation Name": "movie_keyword",
                      "Alias": "mk",
                      "Startup Cost": 0.43,
                      "Total Cost": 1.5,
                      "Plan Rows": 45,
                      "Plan Width": 4,
                      "Actual Startup Time": 0.006,
                      "Actual Total Time": 0.008,
                      "Actual Rows": 15,
                      "Actual Loops": 138721,
                      "Index Cond": "(movie_id = t.id)",
                      "Rows Removed by Index Recheck": 0,
                      "Heap Fetches": 2056897
                    }
                  ]
                }
              ]
            }
          ]
        }
      ]
    },
    "Planning Time": 1.206,
    "Triggers": [],
    "Execution Time": 502.11
  }
]