[
  {
    "Plan": {
      "Node Type": "Aggregate",
      "Strategy": "Plain",
      "Partial Mode": "Finalize",
      "Parallel Aware": false,
      "Startup Cost": 335935.83,
      "Total Cost": 335935.84,
      "Plan Rows": 1,
      "Plan Width": 8,
      "Actual Startup Time": 694.444,
      "Actual Total Time": 755.981,
      "Actual Rows": 1,
      "Actual Loops": 1,
      "Plans": [
        {
          "Node Type": "Gather",
          "Parent Relationship": "Outer",
          "Parallel Aware": false,
          "Startup Cost": 335935.21,
          "Total Cost": 335935.82,
          "Plan Rows": 6,
          "Plan Width": 8,
          "Actual Startup Time": 694.325,
          "Actual Total Time": 755.971,
          "Actual Rows": 7,
          "Actual Loops": 1,
          "Workers Planned": 6,
          "Workers Launched": 6,
          "Single Copy": false,
          "Plans": [
            {
              "Node Type": "Aggregate",
              "Strategy": "Plain",
              "Partial Mode": "Partial",
              "Parent Relationship": "Outer",
              "Parallel Aware": false,
              "Startup Cost": 334935.21,
              "Total Cost": 334935.22,
              "Plan Rows": 1,
              "Plan Width": 8,
              "Actual Startup Time": 684.413,
              "Actual Total Time": 684.414,
              "Actual Rows": 1,
              "Actual Loops": 7,
              "Plans": [
                {
                  "Node Type": "Seq Scan",
                  "Parent Relationship": "Outer",
                  "Parallel Aware": true,
                  "Relation Name": "cast_info",
                  "Alias": "ci",
                  "Startup Cost": 0.0,
                  "Total Cost": 328162.03,
                  "Plan Rows": 2709272,
                  "Plan Width": 0,
                  "Actual Startup Time": 230.989,
                  "Actual Total Time": 590.855,
                  "Actual Rows": 2318597,
                  "Actual Loops": 7,
                  "Filter": "(person_id > 2010112)",
                  "Rows Removed by Filter": 2859166
                }
              ]
            }
          ]
        }
      ]
    },
    "Planning Time": 0.204,
    "Triggers": [],
    "Execution Time": 756.057
  }
]