[
  {
    "Plan": {
      "Node Type": "Aggregate",
      "Strategy": "Plain",
      "Partial Mode": "Finalize",
      "Parallel Aware": false,
      "Startup Cost": 46079.91,
      "Total Cost": 46079.92,
      "Plan Rows": 1,
      "Plan Width": 8,
      "Actual Startup Time": 166.154,
      "Actual Total Time": 175.23,
      "Actual Rows": 1,
      "Actual Loops": 1,
      "Plans": [
        {
          "Node Type": "Gather",
          "Parent Relationship": "Outer",
          "Parallel Aware": false,
          "Startup Cost": 46079.59,
          "Total Cost": 46079.9,
          "Plan Rows": 3,
          "Plan Width": 8,
          "Actual Startup Time": 165.999,
          "Actual Total Time": 175.222,
          "Actual Rows": 4,
          "Actual Loops": 1,
          "Workers Planned": 3,
          "Workers Launched": 3,
          "Single Copy": false,
          "Plans": [
            {
              "Node Type": "Aggregate",
              "Strategy": "Plain",
              "Partial Mode": "Partial",
              "Parent Relationship": "Outer",
              "Parallel Aware": false,
              "Startup Cost": 45079.59,
              "Total Cost": 45079.6,
              "Plan Rows": 1,
              "Plan Width": 8,
              "Actual Startup Time": 158.752,
              "Actual Total Time": 158.753,
              "Actual Rows": 1,
              "Actual Loops": 4,
              "Plans": [
                {
                  "Node Type": "Seq Scan",
                  "Parent Relationship": "Outer",
                  "Parallel Aware": true,
                  "Relation Name": "movie_keyword",
                  "Alias": "mk",
                  "Startup Cost": 0.0,
                  "Total Cost": 42695.65,
                  "Plan Rows": 953576,
                  "Plan Width": 0,
                  "Actual Startup Time": 0.387,
                  "Actual Total Time": 123.845,
                  "Actual Rows": 739949,
                  "Actual Loops": 4,
                  "Filter": "(keyword_id > 2347)",
                  "Rows Removed by Filter": 391034
                }
              ]
            }
          ]
        }
      ]
    },
    "Planning Time": 0.193,
    "Triggers": [],
    "Execution Time": 175.287
  }
]