{
  "Plan": {
    "Node Type": "Aggregate",
    "Strategy": "Plain",
    "Partial Mode": "Finalize",
    "Parallel Aware": false,
    "Startup Cost": 396317.88,
    "Total Cost": 396317.89,
    "Plan Rows": 1,
    "Plan Width": 8,
    "Actual Startup Time": 1590.141,
    "Actual Total Time": 1632.086,
    "Actual Rows": 1,
    "Actual Loops": 1,
    "Plans": [
      {
        "Node Type": "Gather",
        "Parent Relationship": "Outer",
        "Parallel Aware": false,
        "Startup Cost": 396317.76,
        "Total Cost": 396317.87,
        "Plan Rows": 1,
        "Plan Width": 8,
        "Actual Startup Time": 1589.759,
        "Actual Total Time": 1632.077,
        "Actual Rows": 2,
        "Actual Loops": 1,
        "Workers Planned": 1,
        "Workers Launched": 1,
        "Single Copy": false,
        "Plans": [
          {
            "Node Type": "Aggregate",
            "Strategy": "Plain",
            "Partial Mode": "Partial",
            "Parent Relationship": "Outer",
            "Parallel Aware": false,
            "Startup Cost": 395317.76,
            "Total Cost": 395317.77,
            "Plan Rows": 1,
            "Plan Width": 8,
            "Actual Startup Time": 1583.11,
            "Actual Total Time": 1583.116,
            "Actual Rows": 1,
            "Actual Loops": 2,
            "Plans": [
              {
                "Node Type": "Hash Join",
                "Parent Relationship": "Outer",
                "Parallel Aware": true,
                "Join Type": "Inner",
                "Startup Cost": 106497.66,
                "Total Cost": 393154.49,
                "Plan Rows": 865309,
                "Plan Width": 0,
                "Actual Startup Time": 406.916,
                "Actual Total Time": 1580.944,
                "Actual Rows": 41142,
                "Actual Loops": 2,
                "Inner Unique": false,
                "Hash Cond": "(mi.movie_id = t.id)",
                "Plans": [
                  {
                    "Node Type": "Seq Scan",
                    "Parent Relationship": "Outer",
                    "Parallel Aware": true,
                    "Relation Name": "movie_info",
                    "Alias": "mi",
                    "Startup Cost": 0.0,
                    "Total Cost": 248955.74,
                    "Plan Rows": 8696274,
                    "Plan Width": 4,
                    "Actual Startup Time": 0.009,
                    "Actual Total Time": 654.937,
                    "Actual Rows": 7417860,
                    "Actual Loops": 2
                  },
                  {
                    "Node Type": "Hash",
                    "Parent Relationship": "Inner",
                    "Parallel Aware": true,
                    "Startup Cost": 104647.85,
                    "Total Cost": 104647.85,
                    "Plan Rows": 147985,
                    "Plan Width": 8,
                    "Actual Startup Time": 357.942,
                    "Actual Total Time": 357.947,
                    "Actual Rows": 4142,
                    "Actual Loops": 2,
                    "Hash Buckets": 262144,
                    "Original Hash Buckets": 262144,
                    "Hash Batches": 1,
                    "Original Hash Batches": 1,
                    "Peak Memory Usage": 2400,
                    "Plans": [
                      {
                        "Node Type": "Hash Join",
                        "Parent Relationship": "Outer",
                        "Parallel Aware": true,
                        "Join Type": "Inner",
                        "Startup Cost": 42332.2,
                        "Total Cost": 104647.85,
                        "Plan Rows": 147985,
                        "Plan Width": 8,
                        "Actual Startup Time": 309.271,
                        "Actual Total Time": 356.219,
                        "Actual Rows": 4142,
                        "Actual Loops": 2,
                        "Inner Unique": false,
                        "Hash Cond": "(t.id = mc.movie_id)",
                        "Plans": [
                          {
                            "Node Type": "Seq Scan",
                            "Parent Relationship": "Outer",
                            "Parallel Aware": true,
                            "Relation Name": "title",
                            "Alias": "t",
                            "Startup Cost": 0.0,
                            "Total Cost": 54588.39,
                            "Plan Rows": 1097081,
                            "Plan Width": 4,
                            "Actual Startup Time": 0.016,
                            "Actual Total Time": 147.045,
                            "Actual Rows": 932744,
                            "Actual Loops": 2,
                            "Filter": "(kind_id > 1)",
                            "Rows Removed by Filter": 331412
                          },
                          {
                            "Node Type": "Hash",
                            "Parent Relationship": "Inner",
                            "Parallel Aware": true,
                            "Startup Cost": 39824.55,
                            "Total Cost": 39824.55,
                            "Plan Rows": 200612,
                            "Plan Width": 4,
                            "Actual Startup Time": 113.765,
                            "Actual Total Time": 113.767,
                            "Actual Rows": 18242,
                            "Actual Loops": 2,
                            "Hash Buckets": 524288,
                            "Original Hash Buckets": 524288,
                            "Hash Batches": 1,
                            "Original Hash Batches": 1,
                            "Peak Memory Usage": 5536,
                            "Plans": [
                              {
                                "Node Type": "Bitmap Heap Scan",
                                "Parent Relationship": "Outer",
                                "Parallel Aware": true,
                                "Relation Name": "movie_companies",
                                "Alias": "mc",
                                "Startup Cost": 14921.65,
                                "Total Cost": 39824.55,
                                "Plan Rows": 200612,
                                "Plan Width": 4,
                                "Actual Startup Time": 47.361,
                                "Actual Total Time": 107.919,
                                "Actual Rows": 18242,
                                "Actual Loops": 2,
                                "Recheck Cond": "(company_id > 44168)",
                                "Rows Removed by Index Recheck": 0,
                                "Filter": "(company_type_id < 2)",
                                "Rows Removed by Filter": 335368,
                                "Exact Heap Blocks": 9423,
                                "Lossy Heap Blocks": 0,
                                "Plans": [
                                  {
                                    "Node Type": "Bitmap Index Scan",
                                    "Parent Relationship": "Outer",
                                    "Parallel Aware": false,
                                    "Index Name": "company_id_movie_companies",
                                    "Startup Cost": 0.0,
                                    "Total Cost": 14836.39,
                                    "Plan Rows": 692795,
                                    "Plan Width": 0,
                                    "Actual Startup Time": 45.535,
                                    "Actual Total Time": 45.536,
                                    "Actual Rows": 707221,
                                    "Actual Loops": 1,
                                    "Index Cond": "(company_id > 44168)"
                                  }
                                ]
                              }
                            ]
                          }
                        ]
                      }
                    ]
                  }
                ]
              }
            ]
          }
        ]
      }
    ]
  },
  "Planning Time": 0.958,
  "Triggers": [],
  "Execution Time": 1632.196
}