[
  {
    "Plan": {
      "Node Type": "Aggregate",
      "Strategy": "Plain",
      "Partial Mode": "Finalize",
      "Parallel Aware": false,
      "Startup Cost": 377814.66,
      "Total Cost": 377814.67,
      "Plan Rows": 1,
      "Plan Width": 8,
      "Actual Startup Time": 2979.501,
      "Actual Total Time": 3082.96,
      "Actual Rows": 1,
      "Actual Loops": 1,
      "Plans": [
        {
          "Node Type": "Gather",
          "Parent Relationship": "Outer",
          "Parallel Aware": false,
          "Startup Cost": 377814.13,
          "Total Cost": 377814.64,
          "Plan Rows": 5,
          "Plan Width": 8,
          "Actual Startup Time": 2978.955,
          "Actual Total Time": 3082.95,
          "Actual Rows": 6,
          "Actual Loops": 1,
          "Workers Planned": 5,
          "Workers Launched": 5,
          "Single Copy": false,
          "Plans": [
            {
              "Node Type": "Aggregate",
              "Strategy": "Plain",
              "Partial Mode": "Partial",
              "Parent Relationship": "Outer",
              "Parallel Aware": false,
              "Startup Cost": 376814.13,
              "Total Cost": 376814.14,
              "Plan Rows": 1,
              "Plan Width": 8,
              "Actual Startup Time": 2968.308,
              "Actual Total Time": 2968.311,
              "Actual Rows": 1,
              "Actual Loops": 6,
              "Plans": [
                {
                  "Node Type": "Nested Loop",
                  "Parent Relationship": "Outer",
                  "Parallel Aware": false,
                  "Join Type": "Inner",
                  "Startup Cost": 44094.37,
                  "Total Cost": 374733.93,
                  "Plan Rows": 832083,
                  "Plan Width": 0,
                  "Actual Startup Time": 86.058,
                  "Actual Total Time": 2887.452,
                  "Actual Rows": 1609468,
                  "Actual Loops": 6,
                  "Inner Unique": false,
                  "Join Filter": "(t.id = ci.movie_id)",
                  "Rows Removed by Join Filter": 0,
                  "Plans": [
                    {
                      "Node Type": "Hash Join",
                      "Parent Relationship": "Outer",
                      "Parallel Aware": true,
                      "Join Type": "Inner",
                      "Startup Cost": 44093.8,
                      "Total Cost": 250389.32,
                      "Plan Rows": 69005,
                      "Plan Width": 8,
                      "Actual Startup Time": 85.947,
                      "Actual Total Time": 714.636,
                      "Actual Rows": 56334,
                      "Actual Loops": 6,
                      "Inner Unique": true,
                      "Hash Cond": "(mi.movie_id = t.id)",
                      "Plans": [
                        {
                          "Node Type": "Seq Scan",
                          "Parent Relationship": "Outer",
                          "Parallel Aware": true,
                          "Relation Name": "movie_info",
                          "Alias": "mi",
                          "Startup Cost": 0.0,
                          "Total Cost": 198952.16,
                          "Plan Rows": 2797464,
                          "Plan Width": 4,
                          "Actual Startup Time": 0.03,
                          "Actual Total Time": 343.576,
                          "Actual Rows": 2338930,
                          "Actual Loops": 6,
                          "Filter": "(info_type_id > 1)",
                          "Rows Removed by Filter": 133690
                        },
                        {
                          "Node Type": "Hash",
                          "Parent Relationship": "Inner",
                          "Parallel Aware": true,
                          "Startup Cost": 43898.92,
                          "Total Cost": 43898.92,
                          "Plan Rows": 15591,
                          "Plan Width": 4,
                          "Actual Startup Time": 84.157,
                          "Actual Total Time": 84.158,
                          "Actual Rows": 10428,
                          "Actual Loops": 6,
                          "Hash Buckets": 65536,
                          "Original Hash Buckets": 65536,
                          "Hash Batches": 1,
                          "Original Hash Batches": 1,
                          "Peak Memory Usage": 3072,
                          "Plans": [
                            {
                              "Node Type": "Seq Scan",
                              "Parent Relationship": "Outer",
                              "Parallel Aware": true,
                              "Relation Name": "title",
                              "Alias": "t",
                              "Startup Cost": 0.0,
                              "Total Cost": 43898.92,
                              "Plan Rows": 15591,
                              "Plan Width": 4,
                              "Actual Startup Time": 0.048,
                              "Actual Total Time": 78.402,
                              "Actual Rows": 10428,
                              "Actual Loops": 6,
                              "Filter": "(production_year = 2002)",
                              "Rows Removed by Filter": 410957
                            }
                          ]
                        }
                      ]
                    },
                    {
                      "Node Type": "Index Scan",
                      "Parent Relationship": "Inner",
                      "Parallel Aware": false,
                      "Scan Direction": "Forward",
                      "Index Name": "movie_id_cast_info",
                      "Relation Name": "cast_info",
                      "Alias": "ci",
                      "Startup Cost": 0.56,
                      "Total Cost": 1.41,
                      "Plan Rows": 31,
                      "Plan Width": 4,
                      "Actual Startup Time": 0.005,
                      "Actual Total Time": 0.036,
                      "Actual Rows": 29,
                      "Actual Loops": 338006,
                      "Index Cond": "(movie_id = mi.movie_id)",
                      "Rows Removed by Index Recheck": 0,
                      "Filter": "(role_id < 9)",
                      "Rows Removed by Filter": 16
                    }
                  ]
                }
              ]
            }
          ]
        }
      ]
    },
    "Planning Time": 1.429,
    "Triggers": [],
    "Execution Time": 3083.076
  }
]