[
  {
    "Plan": {
      "Node Type": "Aggregate",
      "Strategy": "Plain",
      "Partial Mode": "Finalize",
      "Parallel Aware": false,
      "Startup Cost": 146365.29,
      "Total Cost": 146365.3,
      "Plan Rows": 1,
      "Plan Width": 8,
      "Actual Startup Time": 111.812,
      "Actual Total Time": 128.426,
      "Actual Rows": 1,
      "Actual Loops": 1,
      "Plans": [
        {
          "Node Type": "Gather",
          "Parent Relationship": "Outer",
          "Parallel Aware": false,
          "Startup Cost": 146364.87,
          "Total Cost": 146365.28,
          "Plan Rows": 4,
          "Plan Width": 8,
          "Actual Startup Time": 111.698,
          "Actual Total Time": 128.419,
          "Actual Rows": 5,
          "Actual Loops": 1,
          "Workers Planned": 4,
          "Workers Launched": 4,
          "Single Copy": false,
          "Plans": [
            {
              "Node Type": "Aggregate",
              "Strategy": "Plain",
              "Partial Mode": "Partial",
              "Parent Relationship": "Outer",
              "Parallel Aware": false,
              "Startup Cost": 145364.87,
              "Total Cost": 145364.88,
              "Plan Rows": 1,
              "Plan Width": 8,
              "Actual Startup Time": 101.709,
              "Actual Total Time": 101.71,
              "Actual Rows": 1,
              "Actual Loops": 5,
              "Plans": [
                {
                  "Node Type": "Nested Loop",
                  "Parent Relationship": "Outer",
                  "Parallel Aware": false,
                  "Join Type": "Inner",
                  "Startup Cost": 0.43,
                  "Total Cost": 145364.36,
                  "Plan Rows": 205,
                  "Plan Width": 0,
                  "Actual Startup Time": 93.186,
                  "Actual Total Time": 101.704,
                  "Actual Rows": 1,
                  "Actual Loops": 5,
                  "Inner Unique": false,
                  "Plans": [
                    {
                      "Node Type": "Seq Scan",
                      "Parent Relationship": "Outer",
                      "Parallel Aware": true,
                      "Relation Name": "title",
                      "Alias": "t",
                      "Startup Cost": 0.0,
                      "Total Cost": 43898.92,
                      "Plan Rows": 843,
                      "Plan Width": 4,
                      "Actual Startup Time": 59.431,
                      "Actual Total Time": 80.219,
                      "Actual Rows": 683,
                      "Actual Loops": 5,
                      "Filter": "(production_year = 1909)",
                      "Rows Removed by Filter": 504979
                    },
                    {
                      "Node Type": "Index Scan",
                      "Parent Relationship": "Inner",
                      "Parallel Aware": false,
                      "Scan Direction": "Forward",
                      "Index Name": "movie_id_movie_info",
                      "Relation Name": "movie_info",
                      "Alias": "mi",
                      "Startup Cost": 0.43,
                      "Total Cost": 120.34,
                      "Plan Rows": 2,
                      "Plan Width": 4,
                      "Actual Startup Time": 0.031,
                      "Actual Total Time": 0.031,
                      "Actual Rows": 0,
                      "Actual Loops": 3417,
                      "Index Cond": "(movie_id = t.id)",
                      "Rows Removed by Index Recheck": 0,
                      "Filter": "(info_type_id = 15)",
                      "Rows Removed by Filter": 11
                    }
                  ]
                }
              ]
            }
          ]
        }
      ]
    },
    "Planning Time": 0.633,
    "Triggers": [],
    "Execution Time": 128.498
  }
]