{
  "Plan": {
    "Node Type": "Aggregate",
    "Strategy": "Plain",
    "Partial Mode": "Finalize",
    "Parallel Aware": false,
    "Startup Cost": 107755.93,
    "Total Cost": 107755.94,
    "Plan Rows": 1,
    "Plan Width": 8,
    "Actual Startup Time": 479.221,
    "Actual Total Time": 494.82,
    "Actual Rows": 1,
    "Actual Loops": 1,
    "Plans": [
      {
        "Node Type": "Gather",
        "Parent Relationship": "Outer",
        "Parallel Aware": false,
        "Startup Cost": 107755.82,
        "Total Cost": 107755.93,
        "Plan Rows": 1,
        "Plan Width": 8,
        "Actual Startup Time": 478.625,
        "Actual Total Time": 494.808,
        "Actual Rows": 2,
        "Actual Loops": 1,
        "Workers Planned": 1,
        "Workers Launched": 1,
        "Single Copy": false,
        "Plans": [
          {
            "Node Type": "Aggregate",
            "Strategy": "Plain",
            "Partial Mode": "Partial",
            "Parent Relationship": "Outer",
            "Parallel Aware": false,
            "Startup Cost": 106755.82,
            "Total Cost": 106755.83,
            "Plan Rows": 1,
            "Plan Width": 8,
            "Actual Startup Time": 474.094,
            "Actual Total Time": 474.098,
            "Actual Rows": 1,
            "Actual Loops": 2,
            "Plans": [
              {
                "Node Type": "Hash Join",
                "Parent Relationship": "Outer",
                "Parallel Aware": true,
                "Join Type": "Inner",
                "Startup Cost": 44672.15,
                "Total Cost": 106183.74,
                "Plan Rows": 228834,
                "Plan Width": 0,
                "Actual Startup Time": 156.833,
                "Actual Total Time": 469.126,
                "Actual Rows": 112350,
                "Actual Loops": 2,
                "Inner Unique": false,
                "Hash Cond": "(t.id = mc.movie_id)",
                "Plans": [
                  {
                    "Node Type": "Seq Scan",
                    "Parent Relationship": "Outer",
                    "Parallel Aware": true,
                    "Relation Name": "title",
                    "Alias": "t",
                    "Startup Cost": 0.0,
                    "Total Cost": 50870.31,
                    "Plan Rows": 1487231,
                    "Plan Width": 4,
                    "Actual Startup Time": 0.016,
                    "Actual Total Time": 124.895,
                    "Actual Rows": 1264156,
                    "Actual Loops": 2
                  },
                  {
                    "Node Type": "Hash",
                    "Parent Relationship": "Inner",
                    "Parallel Aware": true,
                    "Startup Cost": 41811.73,
                    "Total Cost": 41811.73,
                    "Plan Rows": 228834,
                    "Plan Width": 4,
                    "Actual Startup Time": 151.357,
                    "Actual Total Time": 151.358,
                    "Actual Rows": 112350,
                    "Actual Loops": 2,
                    "Hash Buckets": 524288,
                    "Original Hash Buckets": 524288,
                    "Hash Batches": 1,
                    "Original Hash Batches": 1,
                    "Peak Memory Usage": 12928,
                    "Plans": [
                      {
                        "Node Type": "Seq Scan",
                        "Parent Relationship": "Outer",
                        "Parallel Aware": true,
                        "Relation Name": "movie_companies",
                        "Alias": "mc",
                        "Startup Cost": 0.0,
                        "Total Cost": 41811.73,
                        "Plan Rows": 228834,
                        "Plan Width": 4,
                        "Actual Startup Time": 67.862,
                        "Actual Total Time": 120.536,
                        "Actual Rows": 112350,
                        "Actual Loops": 2,
                        "Filter": "((company_id < 1532) AND (company_type_id = 2))",
                        "Rows Removed by Filter": 1192214
                      }
                    ]
                  }
                ]
              }
            ]
          }
        ]
      }
    ]
  },
  "Planning Time": 0.748,
  "Triggers": [],
  "Execution Time": 494.907
}