[
  {
    "Plan": {
      "Node Type": "Aggregate",
      "Strategy": "Plain",
      "Partial Mode": "Finalize",
      "Parallel Aware": false,
      "Startup Cost": 32752.75,
      "Total Cost": 32752.76,
      "Plan Rows": 1,
      "Plan Width": 8,
      "Actual Startup Time": 91.732,
      "Actual Total Time": 99.96,
      "Actual Rows": 1,
      "Actual Loops": 1,
      "Plans": [
        {
          "Node Type": "Gather",
          "Parent Relationship": "Outer",
          "Parallel Aware": false,
          "Startup Cost": 32752.43,
          "Total Cost": 32752.74,
          "Plan Rows": 3,
          "Plan Width": 8,
          "Actual Startup Time": 91.612,
          "Actual Total Time": 99.953,
          "Actual Rows": 4,
          "Actual Loops": 1,
          "Workers Planned": 3,
          "Workers Launched": 3,
          "Single Copy": false,
          "Plans": [
            {
              "Node Type": "Aggregate",
              "Strategy": "Plain",
              "Partial Mode": "Partial",
              "Parent Relationship": "Outer",
              "Parallel Aware": false,
              "Startup Cost": 31752.43,
              "Total Cost": 31752.44,
              "Plan Rows": 1,
              "Plan Width": 8,
              "Actual Startup Time": 84.971,
              "Actual Total Time": 84.972,
              "Actual Rows": 1,
              "Actual Loops": 4,
              "Plans": [
                {
                  "Node Type": "Seq Scan",
                  "Parent Relationship": "Outer",
                  "Parallel Aware": true,
                  "Relation Name": "movie_companies",
                  "Alias": "mc",
                  "Startup Cost": 0.0,
                  "Total Cost": 31414.82,
                  "Plan Rows": 135046,
                  "Plan Width": 0,
                  "Actual Startup Time": 44.66,
                  "Actual Total Time": 77.522,
                  "Actual Rows": 187376,
                  "Actual Loops": 4,
                  "Filter": "((company_id > 26472) AND (company_type_id > 1))",
                  "Rows Removed by Filter": 464906
                }
              ]
            }
          ]
        }
      ]
    },
    "Planning Time": 0.183,
    "Triggers": [],
    "Execution Time": 100.01
  }
]