[
  {
    "Plan": {
      "Node Type": "Aggregate",
      "Strategy": "Plain",
      "Partial Mode": "Finalize",
      "Parallel Aware": false,
      "Startup Cost": 46987.14,
      "Total Cost": 46987.15,
      "Plan Rows": 1,
      "Plan Width": 8,
      "Actual Startup Time": 120.304,
      "Actual Total Time": 135.117,
      "Actual Rows": 1,
      "Actual Loops": 1,
      "Plans": [
        {
          "Node Type": "Gather",
          "Parent Relationship": "Outer",
          "Parallel Aware": false,
          "Startup Cost": 46986.72,
          "Total Cost": 46987.13,
          "Plan Rows": 4,
          "Plan Width": 8,
          "Actual Startup Time": 119.969,
          "Actual Total Time": 135.108,
          "Actual Rows": 5,
          "Actual Loops": 1,
          "Workers Planned": 4,
          "Workers Launched": 4,
          "Single Copy": false,
          "Plans": [
            {
              "Node Type": "Aggregate",
              "Strategy": "Plain",
              "Partial Mode": "Partial",
              "Parent Relationship": "Outer",
              "Parallel Aware": false,
              "Startup Cost": 45986.72,
              "Total Cost": 45986.73,
              "Plan Rows": 1,
              "Plan Width": 8,
              "Actual Startup Time": 110.928,
              "Actual Total Time": 110.93,
              "Actual Rows": 1,
              "Actual Loops": 5,
              "Plans": [
                {
                  "Node Type": "Seq Scan",
                  "Parent Relationship": "Outer",
                  "Parallel Aware": true,
                  "Relation Name": "title",
                  "Alias": "t",
                  "Startup Cost": 0.0,
                  "Total Cost": 45479.1,
                  "Plan Rows": 203049,
                  "Plan Width": 0,
                  "Actual Startup Time": 0.039,
                  "Actual Total Time": 101.14,
                  "Actual Rows": 147752,
                  "Actual Loops": 5,
                  "Filter": "((production_year < 2005) AND (kind_id = 7))",
                  "Rows Removed by Filter": 357910
                }
              ]
            }
          ]
        }
      ]
    },
    "Planning Time": 0.215,
    "Triggers": [],
    "Execution Time": 135.176
  }
]