[
  {
    "Plan": {
      "Node Type": "Aggregate",
      "Strategy": "Plain",
      "Partial Mode": "Finalize",
      "Parallel Aware": false,
      "Startup Cost": 94911.88,
      "Total Cost": 94911.89,
      "Plan Rows": 1,
      "Plan Width": 8,
      "Actual Startup Time": 592.421,
      "Actual Total Time": 611.743,
      "Actual Rows": 1,
      "Actual Loops": 1,
      "Plans": [
        {
          "Node Type": "Gather",
          "Parent Relationship": "Outer",
          "Parallel Aware": false,
          "Startup Cost": 94911.67,
          "Total Cost": 94911.88,
          "Plan Rows": 2,
          "Plan Width": 8,
          "Actual Startup Time": 586.374,
          "Actual Total Time": 611.735,
          "Actual Rows": 3,
          "Actual Loops": 1,
          "Workers Planned": 2,
          "Workers Launched": 2,
          "Single Copy": false,
          "Plans": [
            {
              "Node Type": "Aggregate",
              "Strategy": "Plain",
              "Partial Mode": "Partial",
              "Parent Relationship": "Outer",
              "Parallel Aware": false,
              "Startup Cost": 93911.67,
              "Total Cost": 93911.68,
              "Plan Rows": 1,
              "Plan Width": 8,
              "Actual Startup Time": 573.278,
              "Actual Total Time": 573.284,
              "Actual Rows": 1,
              "Actual Loops": 3,
              "Plans": [
                {
                  "Node Type": "Hash Join",
                  "Parent Relationship": "Outer",
                  "Parallel Aware": true,
                  "Join Type": "Inner",
                  "Startup Cost": 77929.63,
                  "Total Cost": 93850.29,
                  "Plan Rows": 24553,
                  "Plan Width": 0,
                  "Actual Startup Time": 517.608,
                  "Actual Total Time": 569.437,
                  "Actual Rows": 90169,
                  "Actual Loops": 3,
                  "Inner Unique": false,
                  "Hash Cond": "(mi_idx.movie_id = t.id)",
                  "Plans": [
                    {
                      "Node Type": "Seq Scan",
                      "Parent Relationship": "Outer",
                      "Parallel Aware": true,
                      "Relation Name": "movie_info_idx",
                      "Alias": "mi_idx",
                      "Startup Cost": 0.0,
                      "Total Cost": 13685.15,
                      "Plan Rows": 575015,
                      "Plan Width": 4,
                      "Actual Startup Time": 0.012,
                      "Actual Total Time": 38.163,
                      "Actual Rows": 460012,
                      "Actual Loops": 3
                    },
                    {
                      "Node Type": "Hash",
                      "Parent Relationship": "Inner",
                      "Parallel Aware": true,
                      "Startup Cost": 77494.3,
                      "Total Cost": 77494.3,
                      "Plan Rows": 34827,
                      "Plan Width": 8,
                      "Actual Startup Time": 479.764,
                      "Actual Total Time": 479.769,
                      "Actual Rows": 36055,
                      "Actual Loops": 3,
                      "Hash Buckets": 131072,
                      "Original Hash Buckets": 131072,
                      "Hash Batches": 1,
                      "Original Hash Batches": 1,
                      "Peak Memory Usage": 5280,
                      "Plans": [
                        {
                          "Node Type": "Hash Join",
                          "Parent Relationship": "Outer",
                          "Parallel Aware": true,
                          "Join Type": "Inner",
                          "Startup Cost": 52513.54,
                          "Total Cost": 77494.3,
                          "Plan Rows": 34827,
                          "Plan Width": 8,
                          "Actual Startup Time": 425.067,
                          "Actual Total Time": 469.745,
                          "Actual Rows": 36055,
                          "Actual Loops": 3,
                          "Inner Unique": true,
                          "Hash Cond": "(mk.movie_id = t.id)",
                          "Plans": [
                            {
                              "Node Type": "Bitmap Heap Scan",
                              "Parent Relationship": "Outer",
                              "Parallel Aware": true,
                              "Relation Name": "movie_keyword",
                              "Alias": "mk",
                              "Startup Cost": 2293.15,
                              "Total Cost": 27182.49,
                              "Plan Rows": 34827,
                              "Plan Width": 4,
                              "Actual Startup Time": 10.025,
                              "Actual Total Time": 40.103,
                              "Actual Rows": 36055,
                              "Actual Loops": 3,
                              "Recheck Cond": "(keyword_id > 80528)",
                              "Rows Removed by Index Recheck": 0,
                              "Exact Heap Blocks": 6197,
                              "Lossy Heap Blocks": 0,
                              "Plans": [
                                {
                                  "Node Type": "Bitmap Index Scan",
                                  "Parent Relationship": "Outer",
                                  "Parallel Aware": false,
                                  "Index Name": "keyword_id_movie_keyword",
                                  "Startup Cost": 0.0,
                                  "Total Cost": 2266.16,
                                  "Plan Rows": 107964,
                                  "Plan Width": 0,
                                  "Actual Startup Time": 7.438,
                                  "Actual Total Time": 7.439,
                                  "Actual Rows": 108164,
                                  "Actual Loops": 1,
                                  "Index Cond": "(keyword_id > 80528)"
                                }
                              ]
                            },
                            {
                              "Node Type": "Hash",
                              "Parent Relationship": "Inner",
                              "Parallel Aware": true,
                              "Startup Cost": 42319.06,
                              "Total Cost": 42319.06,
                              "Plan Rows": 632106,
                              "Plan Width": 4,
                              "Actual Startup Time": 403.973,
                              "Actual Total Time": 403.974,
                              "Actual Rows": 842771,
                              "Actual Loops": 3,
                              "Hash Buckets": 4194304,
                              "Original Hash Buckets": 4194304,
                              "Hash Batches": 1,
                              "Original Hash Batches": 1,
                              "Peak Memory Usage": 131744,
                              "Plans": [
                                {
                                  "Node Type": "Seq Scan",
                                  "Parent Relationship": "Outer",
                                  "Parallel Aware": true,
                                  "Relation Name": "title",
                                  "Alias": "t",
                                  "Startup Cost": 0.0,
                                  "Total Cost": 42319.06,
                                  "Plan Rows": 632106,
                                  "Plan Width": 4,
                                  "Actual Startup Time": 0.034,
                                  "Actual Total Time": 114.89,
                                  "Actual Rows": 842771,
                                  "Actual Loops": 3
                                }
                              ]
                            }
                          ]
                        }
                      ]
                    }
                  ]
                }
              ]
            }
          ]
        }
      ]
    },
    "Planning Time": 0.597,
    "Triggers": [],
    "Execution Time": 611.801
  }
]