[
  {
    "Plan": {
      "Node Type": "Aggregate",
      "Strategy": "Plain",
      "Partial Mode": "Finalize",
      "Parallel Aware": false,
      "Startup Cost": 346123.06,
      "Total Cost": 346123.07,
      "Plan Rows": 1,
      "Plan Width": 8,
      "Actual Startup Time": 516.487,
      "Actual Total Time": 538.972,
      "Actual Rows": 1,
      "Actual Loops": 1,
      "Plans": [
        {
          "Node Type": "Gather",
          "Parent Relationship": "Outer",
          "Parallel Aware": false,
          "Startup Cost": 346122.44,
          "Total Cost": 346123.05,
          "Plan Rows": 6,
          "Plan Width": 8,
          "Actual Startup Time": 516.316,
          "Actual Total Time": 538.962,
          "Actual Rows": 7,
          "Actual Loops": 1,
          "Workers Planned": 6,
          "Workers Launched": 6,
          "Single Copy": false,
          "Plans": [
            {
              "Node Type": "Aggregate",
              "Strategy": "Plain",
              "Partial Mode": "Partial",
              "Parent Relationship": "Outer",
              "Parallel Aware": false,
              "Startup Cost": 345122.44,
              "Total Cost": 345122.45,
              "Plan Rows": 1,
              "Plan Width": 8,
              "Actual Startup Time": 508.087,
              "Actual Total Time": 508.089,
              "Actual Rows": 1,
              "Actual Loops": 7,
              "Plans": [
                {
                  "Node Type": "Index Scan",
                  "Parent Relationship": "Outer",
                  "Parallel Aware": true,
                  "Scan Direction": "Forward",
                  "Index Name": "role_id_cast_info",
                  "Relation Name": "cast_info",
                  "Alias": "ci",
                  "Startup Cost": 0.56,
                  "Total Cost": 341155.22,
                  "Plan Rows": 1586888,
                  "Plan Width": 0,
                  "Actual Startup Time": 0.118,
                  "Actual Total Time": 411.191,
                  "Actual Rows": 1810098,
                  "Actual Loops": 7,
                  "Index Cond": "(role_id = 1)",
                  "Rows Removed by Index Recheck": 0,
                  "Filter": "(person_id < 2799958)",
                  "Rows Removed by Filter": 0
                }
              ]
            }
          ]
        }
      ]
    },
    "Planning Time": 0.109,
    "Triggers": [],
    "Execution Time": 539.011
  }
]