[
  {
    "Plan": {
      "Node Type": "Aggregate",
      "Strategy": "Plain",
      "Partial Mode": "Finalize",
      "Parallel Aware": false,
      "Startup Cost": 22882.37,
      "Total Cost": 22882.38,
      "Plan Rows": 1,
      "Plan Width": 8,
      "Actual Startup Time": 51.494,
      "Actual Total Time": 64.204,
      "Actual Rows": 1,
      "Actual Loops": 1,
      "Plans": [
        {
          "Node Type": "Gather",
          "Parent Relationship": "Outer",
          "Parallel Aware": false,
          "Startup Cost": 22882.16,
          "Total Cost": 22882.37,
          "Plan Rows": 2,
          "Plan Width": 8,
          "Actual Startup Time": 51.155,
          "Actual Total Time": 64.197,
          "Actual Rows": 3,
          "Actual Loops": 1,
          "Workers Planned": 2,
          "Workers Launched": 2,
          "Single Copy": false,
          "Plans": [
            {
              "Node Type": "Aggregate",
              "Strategy": "Plain",
              "Partial Mode": "Partial",
              "Parent Relationship": "Outer",
              "Parallel Aware": false,
              "Startup Cost": 21882.16,
              "Total Cost": 21882.17,
              "Plan Rows": 1,
              "Plan Width": 8,
              "Actual Startup Time": 47.066,
              "Actual Total Time": 47.067,
              "Actual Rows": 1,
              "Actual Loops": 3,
              "Plans": [
                {
                  "Node Type": "Nested Loop",
                  "Parent Relationship": "Outer",
                  "Parallel Aware": false,
                  "Join Type": "Inner",
                  "Startup Cost": 81.74,
                  "Total Cost": 21881.82,
                  "Plan Rows": 136,
                  "Plan Width": 0,
                  "Actual Startup Time": 3.116,
                  "Actual Total Time": 47.024,
                  "Actual Rows": 244,
                  "Actual Loops": 3,
                  "Inner Unique": false,
                  "Plans": [
                    {
                      "Node Type": "Nested Loop",
                      "Parent Relationship": "Outer",
                      "Parallel Aware": false,
                      "Join Type": "Inner",
                      "Startup Cost": 81.17,
                      "Total Cost": 20758.98,
                      "Plan Rows": 152,
                      "Plan Width": 8,
                      "Actual Startup Time": 1.891,
                      "Actual Total Time": 19.501,
                      "Actual Rows": 298,
                      "Actual Loops": 3,
                      "Inner Unique": true,
                      "Plans": [
                        {
                          "Node Type": "Bitmap Heap Scan",
                          "Parent Relationship": "Outer",
                          "Parallel Aware": true,
                          "Relation Name": "movie_companies",
                          "Alias": "mc",
                          "Startup Cost": 80.74,
                          "Total Cost": 9214.2,
                          "Plan Rows": 1522,
                          "Plan Width": 4,
                          "Actual Startup Time": 1.346,
                          "Actual Total Time": 4.924,
                          "Actual Rows": 1327,
                          "Actual Loops": 3,
                          "Recheck Cond": "(company_id = 312)",
                          "Rows Removed by Index Recheck": 0,
                          "Exact Heap Blocks": 1436,
                          "Lossy Heap Blocks": 0,
                          "Plans": [
                            {
                              "Node Type": "Bitmap Index Scan",
                              "Parent Relationship": "Outer",
                              "Parallel Aware": false,
                              "Index Name": "company_id_movie_companies",
                              "Startup Cost": 0.0,
                              "Total Cost": 79.83,
                              "Plan Rows": 3653,
                              "Plan Width": 0,
                              "Actual Startup Time": 3.097,
                              "Actual Total Time": 3.097,
                              "Actual Rows": 3982,
                              "Actual Loops": 1,
                              "Index Cond": "(company_id = 312)"
                            }
                          ]
                        },
                        {
                          "Node Type": "Index Scan",
                          "Parent Relationship": "Inner",
                          "Parallel Aware": false,
                          "Scan Direction": "Forward",
                          "Index Name": "title_pkey",
                          "Relation Name": "title",
                          "Alias": "t",
                          "Startup Cost": 0.43,
                          "Total Cost": 7.59,
                          "Plan Rows": 1,
                          "Plan Width": 4,
                          "Actual Startup Time": 0.01,
                          "Actual Total Time": 0.01,
                          "Actual Rows": 0,
                          "Actual Loops": 3982,
                          "Index Cond": "(id = mc.movie_id)",
                          "Rows Removed by Index Recheck": 0,
                          "Filter": "((kind_id < 7) AND (production_year < 1989))",
                          "Rows Removed by Filter": 1
                        }
                      ]
                    },
                    {
                      "Node Type": "Index Scan",
                      "Parent Relationship": "Inner",
                      "Parallel Aware": false,
                      "Scan Direction": "Forward",
                      "Index Name": "movie_id_cast_info",
                      "Relation Name": "cast_info",
                      "Alias": "ci",
                      "Startup Cost": 0.56,
                      "Total Cost": 7.37,
                      "Plan Rows": 2,
                      "Plan Width": 4,
                      "Actual Startup Time": 0.079,
                      "Actual Total Time": 0.092,
                      "Actual Rows": 1,
                      "Actual Loops": 895,
                      "Index Cond": "(movie_id = t.id)",
                      "Rows Removed by Index Recheck": 0,
                      "Filter": "((person_id < 662483) AND (role_id > 3))",
                      "Rows Removed by Filter": 19
                    }
                  ]
                }
              ]
            }
          ]
        }
      ]
    },
    "Planning Time": 1.218,
    "Triggers": [],
    "Execution Time": 64.278
  }
]