[
  {
    "Plan": {
      "Node Type": "Aggregate",
      "Strategy": "Plain",
      "Partial Mode": "Finalize",
      "Parallel Aware": false,
      "Startup Cost": 184206.42,
      "Total Cost": 184206.43,
      "Plan Rows": 1,
      "Plan Width": 8,
      "Actual Startup Time": 3007.826,
      "Actual Total Time": 3051.089,
      "Actual Rows": 1,
      "Actual Loops": 1,
      "Plans": [
        {
          "Node Type": "Gather",
          "Parent Relationship": "Outer",
          "Parallel Aware": false,
          "Startup Cost": 184206.1,
          "Total Cost": 184206.41,
          "Plan Rows": 3,
          "Plan Width": 8,
          "Actual Startup Time": 3004.65,
          "Actual Total Time": 3051.079,
          "Actual Rows": 4,
          "Actual Loops": 1,
          "Workers Planned": 3,
          "Workers Launched": 3,
          "Single Copy": false,
          "Plans": [
            {
              "Node Type": "Aggregate",
              "Strategy": "Plain",
              "Partial Mode": "Partial",
              "Parent Relationship": "Outer",
              "Parallel Aware": false,
              "Startup Cost": 183206.1,
              "Total Cost": 183206.11,
              "Plan Rows": 1,
              "Plan Width": 8,
              "Actual Startup Time": 2995.031,
              "Actual Total Time": 2995.035,
              "Actual Rows": 1,
              "Actual Loops": 4,
              "Plans": [
                {
                  "Node Type": "Nested Loop",
                  "Parent Relationship": "Outer",
                  "Parallel Aware": false,
                  "Join Type": "Inner",
                  "Startup Cost": 54849.62,
                  "Total Cost": 182688.2,
                  "Plan Rows": 207160,
                  "Plan Width": 0,
                  "Actual Startup Time": 261.086,
                  "Actual Total Time": 2668.939,
                  "Actual Rows": 5362720,
                  "Actual Loops": 4,
                  "Inner Unique": false,
                  "Plans": [
                    {
                      "Node Type": "Hash Join",
                      "Parent Relationship": "Outer",
                      "Parallel Aware": true,
                      "Join Type": "Inner",
                      "Startup Cost": 54849.18,
                      "Total Cost": 81346.95,
                      "Plan Rows": 35281,
                      "Plan Width": 8,
                      "Actual Startup Time": 260.934,
                      "Actual Total Time": 345.486,
                      "Actual Rows": 73751,
                      "Actual Loops": 4,
                      "Inner Unique": true,
                      "Hash Cond": "(mk.movie_id = t.id)",
                      "Plans": [
                        {
                          "Node Type": "Bitmap Heap Scan",
                          "Parent Relationship": "Outer",
                          "Parallel Aware": true,
                          "Relation Name": "movie_keyword",
                          "Alias": "mk",
                          "Startup Cost": 8886.82,
                          "Total Cost": 35029.89,
                          "Plan Rows": 135125,
                          "Plan Width": 4,
                          "Actual Startup Time": 47.616,
                          "Actual Total Time": 105.557,
                          "Actual Rows": 103570,
                          "Actual Loops": 4,
                          "Recheck Cond": "(keyword_id > 41914)",
                          "Rows Removed by Index Recheck": 0,
                          "Exact Heap Blocks": 7349,
                          "Lossy Heap Blocks": 0,
                          "Plans": [
                            {
                              "Node Type": "Bitmap Index Scan",
                              "Parent Relationship": "Outer",
                              "Parallel Aware": false,
                              "Index Name": "keyword_id_movie_keyword",
                              "Startup Cost": 0.0,
                              "Total Cost": 8782.1,
                              "Plan Rows": 418889,
                              "Plan Width": 0,
                              "Actual Startup Time": 42.093,
                              "Actual Total Time": 42.093,
                              "Actual Rows": 414281,
                              "Actual Loops": 1,
                              "Index Cond": "(keyword_id > 41914)"
                            }
                          ]
                        },
                        {
                          "Node Type": "Hash",
                          "Parent Relationship": "Inner",
                          "Parallel Aware": true,
                          "Startup Cost": 43899.32,
                          "Total Cost": 43899.32,
                          "Plan Rows": 165043,
                          "Plan Width": 4,
                          "Actual Startup Time": 188.244,
                          "Actual Total Time": 188.245,
                          "Actual Rows": 165706,
                          "Actual Loops": 4,
                          "Hash Buckets": 1048576,
                          "Original Hash Buckets": 1048576,
                          "Hash Batches": 1,
                          "Original Hash Batches": 1,
                          "Peak Memory Usage": 34176,
                          "Plans": [
                            {
                              "Node Type": "Seq Scan",
                              "Parent Relationship": "Outer",
                              "Parallel Aware": true,
                              "Relation Name": "title",
                              "Alias": "t",
                              "Startup Cost": 0.0,
                              "Total Cost": 43899.32,
                              "Plan Rows": 165043,
                              "Plan Width": 4,
                              "Actual Startup Time": 50.766,
                              "Actual Total Time": 118.12,
                              "Actual Rows": 165706,
                              "Actual Loops": 4,
                              "Filter": "(kind_id < 2)",
                              "Rows Removed by Filter": 466372
                            }
                          ]
                        }
                      ]
                    },
                    {
                      "Node Type": "Index Only Scan",
                      "Parent Relationship": "Inner",
                      "Parallel Aware": false,
                      "Scan Direction": "Forward",
                      "Index Name": "movie_id_movie_info",
                      "Relation Name": "movie_info",
                      "Alias": "mi",
                      "Startup Cost": 0.43,
                      "Total Cost": 2.46,
                      "Plan Rows": 41,
                      "Plan Width": 4,
                      "Actual Startup Time": 0.005,
                      "Actual Total Time": 0.025,
                      "Actual Rows": 73,
                      "Actual Loops": 295003,
                      "Index Cond": "(movie_id = t.id)",
                      "Rows Removed by Index Recheck": 0,
                      "Heap Fetches": 21450878
                    }
                  ]
                }
              ]
            }
          ]
        }
      ]
    },
    "Planning Time": 1.387,
    "Triggers": [],
    "Execution Time": 3051.204
  }
]