[
  {
    "Plan": {
      "Node Type": "Aggregate",
      "Strategy": "Plain",
      "Partial Mode": "Finalize",
      "Parallel Aware": false,
      "Startup Cost": 187521.49,
      "Total Cost": 187521.5,
      "Plan Rows": 1,
      "Plan Width": 8,
      "Actual Startup Time": 2247.121,
      "Actual Total Time": 2295.781,
      "Actual Rows": 1,
      "Actual Loops": 1,
      "Plans": [
        {
          "Node Type": "Gather",
          "Parent Relationship": "Outer",
          "Parallel Aware": false,
          "Startup Cost": 187521.17,
          "Total Cost": 187521.48,
          "Plan Rows": 3,
          "Plan Width": 8,
          "Actual Startup Time": 2244.149,
          "Actual Total Time": 2295.771,
          "Actual Rows": 4,
          "Actual Loops": 1,
          "Workers Planned": 3,
          "Workers Launched": 3,
          "Single Copy": false,
          "Plans": [
            {
              "Node Type": "Aggregate",
              "Strategy": "Plain",
              "Partial Mode": "Partial",
              "Parent Relationship": "Outer",
              "Parallel Aware": false,
              "Startup Cost": 186521.17,
              "Total Cost": 186521.18,
              "Plan Rows": 1,
              "Plan Width": 8,
              "Actual Startup Time": 2234.989,
              "Actual Total Time": 2234.993,
              "Actual Rows": 1,
              "Actual Loops": 4,
              "Plans": [
                {
                  "Node Type": "Nested Loop",
                  "Parent Relationship": "Outer",
                  "Parallel Aware": false,
                  "Join Type": "Inner",
                  "Startup Cost": 55021.64,
                  "Total Cost": 185993.6,
                  "Plan Rows": 211028,
                  "Plan Width": 0,
                  "Actual Startup Time": 198.177,
                  "Actual Total Time": 2023.411,
                  "Actual Rows": 5362720,
                  "Actual Loops": 4,
                  "Inner Unique": false,
                  "Plans": [
                    {
                      "Node Type": "Hash Join",
                      "Parent Relationship": "Outer",
                      "Parallel Aware": true,
                      "Join Type": "Inner",
                      "Startup Cost": 55021.2,
                      "Total Cost": 81555.99,
                      "Plan Rows": 36090,
                      "Plan Width": 8,
                      "Actual Startup Time": 198.041,
                      "Actual Total Time": 263.19,
                      "Actual Rows": 73751,
                      "Actual Loops": 4,
                      "Inner Unique": true,
                      "Hash Cond": "(mk.movie_id = t.id)",
                      "Plans": [
                        {
                          "Node Type": "Bitmap Heap Scan",
                          "Parent Relationship": "Outer",
                          "Parallel Aware": true,
                          "Relation Name": "movie_keyword",
                          "Alias": "mk",
                          "Startup Cost": 9049.61,
                          "Total Cost": 35223.27,
                          "Plan Rows": 137573,
                          "Plan Width": 4,
                          "Actual Startup Time": 26.558,
                          "Actual Total Time": 70.655,
                          "Actual Rows": 103570,
                          "Actual Loops": 4,
                          "Recheck Cond": "(keyword_id > 41914)",
                          "Rows Removed by Index Recheck": 0,
                          "Exact Heap Blocks": 6501,
                          "Lossy Heap Blocks": 0,
                          "Plans": [
                            {
                              "Node Type": "Bitmap Index Scan",
                              "Parent Relationship": "Outer",
                              "Parallel Aware": false,
                              "Index Name": "keyword_id_movie_keyword",
                              "Startup Cost": 0.0,
                              "Total Cost": 8943.0,
                              "Plan Rows": 426475,
                              "Plan Width": 0,
                              "Actual Startup Time": 23.186,
                              "Actual Total Time": 23.187,
                              "Actual Rows": 414281,
                              "Actual Loops": 1,
                              "Index Cond": "(keyword_id > 41914)"
                            }
                          ]
                        },
                        {
                          "Node Type": "Hash",
                          "Parent Relationship": "Inner",
                          "Parallel Aware": true,
                          "Startup Cost": 43898.92,
                          "Total Cost": 43898.92,
                          "Plan Rows": 165814,
                          "Plan Width": 4,
                          "Actual Startup Time": 152.872,
                          "Actual Total Time": 152.873,
                          "Actual Rows": 165706,
                          "Actual Loops": 4,
                          "Hash Buckets": 1048576,
                          "Original Hash Buckets": 1048576,
                          "Hash Batches": 1,
                          "Original Hash Batches": 1,
                          "Peak Memory Usage": 34240,
                          "Plans": [
                            {
                              "Node Type": "Seq Scan",
                              "Parent Relationship": "Outer",
                              "Parallel Aware": true,
                              "Relation Name": "title",
                              "Alias": "t",
                              "Startup Cost": 0.0,
                              "Total Cost": 43898.92,
                              "Plan Rows": 165814,
                              "Plan Width": 4,
                              "Actual Startup Time": 44.594,
                              "Actual Total Time": 97.464,
                              "Actual Rows": 165706,
                              "Actual Loops": 4,
                              "Filter": "(kind_id < 2)",
                              "Rows Removed by Filter": 466372
                            }
                          ]
                        }
                      ]
                    },
                    {
                      "Node Type": "Index Only Scan",
                      "Parent Relationship": "Inner",
                      "Parallel Aware": false,
                      "Scan Direction": "Forward",
                      "Index Name": "movie_id_movie_info",
                      "Relation Name": "movie_info",
                      "Alias": "mi",
                      "Startup Cost": 0.43,
                      "Total Cost": 2.47,
                      "Plan Rows": 42,
                      "Plan Width": 4,
                      "Actual Startup Time": 0.004,
                      "Actual Total Time": 0.019,
                      "Actual Rows": 73,
                      "Actual Loops": 295003,
                      "Index Cond": "(movie_id = t.id)",
                      "Rows Removed by Index Recheck": 0,
                      "Heap Fetches": 21450878
                    }
                  ]
                }
              ]
            }
          ]
        }
      ]
    },
    "Planning Time": 1.326,
    "Triggers": [],
    "Execution Time": 2295.896
  }
]