[
  {
    "Plan": {
      "Node Type": "Aggregate",
      "Strategy": "Plain",
      "Partial Mode": "Finalize",
      "Parallel Aware": false,
      "Startup Cost": 78123.42,
      "Total Cost": 78123.43,
      "Plan Rows": 1,
      "Plan Width": 8,
      "Actual Startup Time": 419.62,
      "Actual Total Time": 454.722,
      "Actual Rows": 1,
      "Actual Loops": 1,
      "Plans": [
        {
          "Node Type": "Gather",
          "Parent Relationship": "Outer",
          "Parallel Aware": false,
          "Startup Cost": 78123.0,
          "Total Cost": 78123.41,
          "Plan Rows": 4,
          "Plan Width": 8,
          "Actual Startup Time": 414.051,
          "Actual Total Time": 454.711,
          "Actual Rows": 5,
          "Actual Loops": 1,
          "Workers Planned": 4,
          "Workers Launched": 4,
          "Single Copy": false,
          "Plans": [
            {
              "Node Type": "Aggregate",
              "Strategy": "Plain",
              "Partial Mode": "Partial",
              "Parent Relationship": "Outer",
              "Parallel Aware": false,
              "Startup Cost": 77123.0,
              "Total Cost": 77123.01,
              "Plan Rows": 1,
              "Plan Width": 8,
              "Actual Startup Time": 406.157,
              "Actual Total Time": 406.159,
              "Actual Rows": 1,
              "Actual Loops": 5,
              "Plans": [
                {
                  "Node Type": "Nested Loop",
                  "Parent Relationship": "Outer",
                  "Parallel Aware": false,
                  "Join Type": "Inner",
                  "Startup Cost": 1.0,
                  "Total Cost": 76974.42,
                  "Plan Rows": 59434,
                  "Plan Width": 0,
                  "Actual Startup Time": 1.487,
                  "Actual Total Time": 385.593,
                  "Actual Rows": 465130,
                  "Actual Loops": 5,
                  "Inner Unique": false,
                  "Join Filter": "(t.id = ci.movie_id)",
                  "Rows Removed by Join Filter": 0,
                  "Plans": [
                    {
                      "Node Type": "Nested Loop",
                      "Parent Relationship": "Outer",
                      "Parallel Aware": false,
                      "Join Type": "Inner",
                      "Startup Cost": 0.43,
                      "Total Cost": 68325.31,
                      "Plan Rows": 4148,
                      "Plan Width": 8,
                      "Actual Startup Time": 1.113,
                      "Actual Total Time": 92.632,
                      "Actual Rows": 9499,
                      "Actual Loops": 5,
                      "Inner Unique": false,
                      "Plans": [
                        {
                          "Node Type": "Seq Scan",
                          "Parent Relationship": "Outer",
                          "Parallel Aware": true,
                          "Relation Name": "title",
                          "Alias": "t",
                          "Startup Cost": 0.0,
                          "Total Cost": 45479.1,
                          "Plan Rows": 2809,
                          "Plan Width": 4,
                          "Actual Startup Time": 0.319,
                          "Actual Total Time": 69.476,
                          "Actual Rows": 2228,
                          "Actual Loops": 5,
                          "Filter": "((kind_id < 7) AND (production_year = 1994))",
                          "Rows Removed by Filter": 503434
                        },
                        {
                          "Node Type": "Index Scan",
                          "Parent Relationship": "Inner",
                          "Parallel Aware": false,
                          "Scan Direction": "Forward",
                          "Index Name": "movie_id_movie_keyword",
                          "Relation Name": "movie_keyword",
                          "Alias": "mk",
                          "Startup Cost": 0.43,
                          "Total Cost": 7.75,
                          "Plan Rows": 38,
                          "Plan Width": 4,
                          "Actual Startup Time": 0.009,
                          "Actual Total Time": 0.01,
                          "Actual Rows": 4,
                          "Actual Loops": 11141,
                          "Index Cond": "(movie_id = t.id)",
                          "Rows Removed by Index Recheck": 0,
                          "Filter": "(keyword_id < 24057)",
                          "Rows Removed by Filter": 1
                        }
                      ]
                    },
                    {
                      "Node Type": "Index Only Scan",
                      "Parent Relationship": "Inner",
                      "Parallel Aware": false,
                      "Scan Direction": "Forward",
                      "Index Name": "movie_id_cast_info",
                      "Relation Name": "cast_info",
                      "Alias": "ci",
                      "Startup Cost": 0.56,
                      "Total Cost": 1.62,
                      "Plan Rows": 37,
                      "Plan Width": 4,
                      "Actual Startup Time": 0.004,
                      "Actual Total Time": 0.027,
                      "Actual Rows": 49,
                      "Actual Loops": 47494,
                      "Index Cond": "(movie_id = mk.movie_id)",
                      "Rows Removed by Index Recheck": 0,
                      "Heap Fetches": 2325648
                    }
                  ]
                }
              ]
            }
          ]
        }
      ]
    },
    "Planning Time": 1.364,
    "Triggers": [],
    "Execution Time": 454.817
  }
]