[
  {
    "Plan": {
      "Node Type": "Aggregate",
      "Strategy": "Plain",
      "Partial Mode": "Finalize",
      "Parallel Aware": false,
      "Startup Cost": 30928.96,
      "Total Cost": 30928.97,
      "Plan Rows": 1,
      "Plan Width": 8,
      "Actual Startup Time": 94.01,
      "Actual Total Time": 99.706,
      "Actual Rows": 1,
      "Actual Loops": 1,
      "Plans": [
        {
          "Node Type": "Gather",
          "Parent Relationship": "Outer",
          "Parallel Aware": false,
          "Startup Cost": 30928.64,
          "Total Cost": 30928.95,
          "Plan Rows": 3,
          "Plan Width": 8,
          "Actual Startup Time": 93.913,
          "Actual Total Time": 99.698,
          "Actual Rows": 4,
          "Actual Loops": 1,
          "Workers Planned": 3,
          "Workers Launched": 3,
          "Single Copy": false,
          "Plans": [
            {
              "Node Type": "Aggregate",
              "Strategy": "Plain",
              "Partial Mode": "Partial",
              "Parent Relationship": "Outer",
              "Parallel Aware": false,
              "Startup Cost": 29928.64,
              "Total Cost": 29928.65,
              "Plan Rows": 1,
              "Plan Width": 8,
              "Actual Startup Time": 86.81,
              "Actual Total Time": 86.811,
              "Actual Rows": 1,
              "Actual Loops": 4,
              "Plans": [
                {
                  "Node Type": "Seq Scan",
                  "Parent Relationship": "Outer",
                  "Parallel Aware": true,
                  "Relation Name": "movie_companies",
                  "Alias": "mc",
                  "Startup Cost": 0.0,
                  "Total Cost": 29310.68,
                  "Plan Rows": 247185,
                  "Plan Width": 0,
                  "Actual Startup Time": 27.676,
                  "Actual Total Time": 77.897,
                  "Actual Rows": 195304,
                  "Actual Loops": 4,
                  "Filter": "(company_id > 32582)",
                  "Rows Removed by Filter": 456978
                }
              ]
            }
          ]
        }
      ]
    },
    "Planning Time": 0.187,
    "Triggers": [],
    "Execution Time": 99.76
  }
]