[
  {
    "Plan": {
      "Node Type": "Aggregate",
      "Strategy": "Plain",
      "Partial Mode": "Finalize",
      "Parallel Aware": false,
      "Startup Cost": 83468.47,
      "Total Cost": 83468.48,
      "Plan Rows": 1,
      "Plan Width": 8,
      "Actual Startup Time": 438.623,
      "Actual Total Time": 452.426,
      "Actual Rows": 1,
      "Actual Loops": 1,
      "Plans": [
        {
          "Node Type": "Gather",
          "Parent Relationship": "Outer",
          "Parallel Aware": false,
          "Startup Cost": 83468.05,
          "Total Cost": 83468.46,
          "Plan Rows": 4,
          "Plan Width": 8,
          "Actual Startup Time": 433.777,
          "Actual Total Time": 452.415,
          "Actual Rows": 5,
          "Actual Loops": 1,
          "Workers Planned": 4,
          "Workers Launched": 4,
          "Single Copy": false,
          "Plans": [
            {
              "Node Type": "Aggregate",
              "Strategy": "Plain",
              "Partial Mode": "Partial",
              "Parent Relationship": "Outer",
              "Parallel Aware": false,
              "Startup Cost": 82468.05,
              "Total Cost": 82468.06,
              "Plan Rows": 1,
              "Plan Width": 8,
              "Actual Startup Time": 423.873,
              "Actual Total Time": 424.058,
              "Actual Rows": 1,
              "Actual Loops": 5,
              "Plans": [
                {
                  "Node Type": "Hash Join",
                  "Parent Relationship": "Outer",
                  "Parallel Aware": true,
                  "Join Type": "Inner",
                  "Startup Cost": 35528.57,
                  "Total Cost": 81830.42,
                  "Plan Rows": 255052,
                  "Plan Width": 0,
                  "Actual Startup Time": 182.341,
                  "Actual Total Time": 414.169,
                  "Actual Rows": 233917,
                  "Actual Loops": 5,
                  "Inner Unique": false,
                  "Hash Cond": "(t.id = mc.movie_id)",
                  "Plans": [
                    {
                      "Node Type": "Seq Scan",
                      "Parent Relationship": "Outer",
                      "Parallel Aware": true,
                      "Relation Name": "title",
                      "Alias": "t",
                      "Startup Cost": 0.0,
                      "Total Cost": 42318.73,
                      "Plan Rows": 632073,
                      "Plan Width": 4,
                      "Actual Startup Time": 0.01,
                      "Actual Total Time": 62.168,
                      "Actual Rows": 505662,
                      "Actual Loops": 5
                    },
                    {
                      "Node Type": "Hash",
                      "Parent Relationship": "Inner",
                      "Parallel Aware": true,
                      "Startup Cost": 31414.82,
                      "Total Cost": 31414.82,
                      "Plan Rows": 329100,
                      "Plan Width": 4,
                      "Actual Startup Time": 177.844,
                      "Actual Total Time": 177.845,
                      "Actual Rows": 233917,
                      "Actual Loops": 5,
                      "Hash Buckets": 2097152,
                      "Original Hash Buckets": 1048576,
                      "Hash Batches": 1,
                      "Original Hash Batches": 1,
                      "Peak Memory Usage": 70400,
                      "Plans": [
                        {
                          "Node Type": "Seq Scan",
                          "Parent Relationship": "Outer",
                          "Parallel Aware": true,
                          "Relation Name": "movie_companies",
                          "Alias": "mc",
                          "Startup Cost": 0.0,
                          "Total Cost": 31414.82,
                          "Plan Rows": 329100,
                          "Plan Width": 4,
                          "Actual Startup Time": 46.635,
                          "Actual Total Time": 81.852,
                          "Actual Rows": 233917,
                          "Actual Loops": 5,
                          "Filter": "((company_id > 685) AND (company_type_id = 2))",
                          "Rows Removed by Filter": 287908
                        }
                      ]
                    }
                  ]
                }
              ]
            }
          ]
        }
      ]
    },
    "Planning Time": 0.707,
    "Triggers": [],
    "Execution Time": 452.498
  }
]