[
  {
    "Plan": {
      "Node Type": "Aggregate",
      "Strategy": "Plain",
      "Partial Mode": "Finalize",
      "Parallel Aware": false,
      "Startup Cost": 354729.45,
      "Total Cost": 354729.46,
      "Plan Rows": 1,
      "Plan Width": 8,
      "Actual Startup Time": 930.372,
      "Actual Total Time": 990.361,
      "Actual Rows": 1,
      "Actual Loops": 1,
      "Plans": [
        {
          "Node Type": "Gather",
          "Parent Relationship": "Outer",
          "Parallel Aware": false,
          "Startup Cost": 354728.82,
          "Total Cost": 354729.43,
          "Plan Rows": 6,
          "Plan Width": 8,
          "Actual Startup Time": 930.24,
          "Actual Total Time": 990.352,
          "Actual Rows": 7,
          "Actual Loops": 1,
          "Workers Planned": 6,
          "Workers Launched": 6,
          "Single Copy": false,
          "Plans": [
            {
              "Node Type": "Aggregate",
              "Strategy": "Plain",
              "Partial Mode": "Partial",
              "Parent Relationship": "Outer",
              "Parallel Aware": false,
              "Startup Cost": 353728.82,
              "Total Cost": 353728.83,
              "Plan Rows": 1,
              "Plan Width": 8,
              "Actual Startup Time": 919.784,
              "Actual Total Time": 919.785,
              "Actual Rows": 1,
              "Actual Loops": 7,
              "Plans": [
                {
                  "Node Type": "Seq Scan",
                  "Parent Relationship": "Outer",
                  "Parallel Aware": true,
                  "Relation Name": "cast_info",
                  "Alias": "ci",
                  "Startup Cost": 0.0,
                  "Total Cost": 343257.03,
                  "Plan Rows": 4188718,
                  "Plan Width": 0,
                  "Actual Startup Time": 0.055,
                  "Actual Total Time": 744.311,
                  "Actual Rows": 3915721,
                  "Actual Loops": 7,
                  "Filter": "((person_id < 2942907) AND (role_id < 10))",
                  "Rows Removed by Filter": 1262042
                }
              ]
            }
          ]
        }
      ]
    },
    "Planning Time": 0.188,
    "Triggers": [],
    "Execution Time": 990.426
  }
]