[
  {
    "Plan": {
      "Node Type": "Aggregate",
      "Strategy": "Plain",
      "Partial Mode": "Finalize",
      "Parallel Aware": false,
      "Startup Cost": 105087.55,
      "Total Cost": 105087.56,
      "Plan Rows": 1,
      "Plan Width": 8,
      "Actual Startup Time": 511.106,
      "Actual Total Time": 534.448,
      "Actual Rows": 1,
      "Actual Loops": 1,
      "Plans": [
        {
          "Node Type": "Gather",
          "Parent Relationship": "Outer",
          "Parallel Aware": false,
          "Startup Cost": 105087.34,
          "Total Cost": 105087.55,
          "Plan Rows": 2,
          "Plan Width": 8,
          "Actual Startup Time": 507.183,
          "Actual Total Time": 534.437,
          "Actual Rows": 3,
          "Actual Loops": 1,
          "Workers Planned": 2,
          "Workers Launched": 2,
          "Single Copy": false,
          "Plans": [
            {
              "Node Type": "Aggregate",
              "Strategy": "Plain",
              "Partial Mode": "Partial",
              "Parent Relationship": "Outer",
              "Parallel Aware": false,
              "Startup Cost": 104087.34,
              "Total Cost": 104087.35,
              "Plan Rows": 1,
              "Plan Width": 8,
              "Actual Startup Time": 503.27,
              "Actual Total Time": 503.277,
              "Actual Rows": 1,
              "Actual Loops": 3,
              "Plans": [
                {
                  "Node Type": "Hash Join",
                  "Parent Relationship": "Outer",
                  "Parallel Aware": true,
                  "Join Type": "Inner",
                  "Startup Cost": 88088.71,
                  "Total Cost": 104018.71,
                  "Plan Rows": 27450,
                  "Plan Width": 0,
                  "Actual Startup Time": 393.655,
                  "Actual Total Time": 497.589,
                  "Actual Rows": 123031,
                  "Actual Loops": 3,
                  "Inner Unique": false,
                  "Hash Cond": "(mi_idx.movie_id = t.id)",
                  "Plans": [
                    {
                      "Node Type": "Seq Scan",
                      "Parent Relationship": "Outer",
                      "Parallel Aware": true,
                      "Relation Name": "movie_info_idx",
                      "Alias": "mi_idx",
                      "Startup Cost": 0.0,
                      "Total Cost": 13685.15,
                      "Plan Rows": 575015,
                      "Plan Width": 4,
                      "Actual Startup Time": 0.031,
                      "Actual Total Time": 42.443,
                      "Actual Rows": 460012,
                      "Actual Loops": 3
                    },
                    {
                      "Node Type": "Hash",
                      "Parent Relationship": "Inner",
                      "Parallel Aware": true,
                      "Startup Cost": 87602.01,
                      "Total Cost": 87602.01,
                      "Plan Rows": 38936,
                      "Plan Width": 8,
                      "Actual Startup Time": 392.767,
                      "Actual Total Time": 392.772,
                      "Actual Rows": 63668,
                      "Actual Loops": 3,
                      "Hash Buckets": 262144,
                      "Original Hash Buckets": 131072,
                      "Hash Batches": 1,
                      "Original Hash Batches": 1,
                      "Peak Memory Usage": 10592,
                      "Plans": [
                        {
                          "Node Type": "Hash Join",
                          "Parent Relationship": "Outer",
                          "Parallel Aware": true,
                          "Join Type": "Inner",
                          "Startup Cost": 60132.76,
                          "Total Cost": 87602.01,
                          "Plan Rows": 38936,
                          "Plan Width": 8,
                          "Actual Startup Time": 228.101,
                          "Actual Total Time": 366.498,
                          "Actual Rows": 63668,
                          "Actual Loops": 3,
                          "Inner Unique": true,
                          "Hash Cond": "(mk.movie_id = t.id)",
                          "Plans": [
                            {
                              "Node Type": "Bitmap Heap Scan",
                              "Parent Relationship": "Outer",
                              "Parallel Aware": true,
                              "Relation Name": "movie_keyword",
                              "Alias": "mk",
                              "Startup Cost": 13109.95,
                              "Total Cost": 40055.89,
                              "Plan Rows": 199355,
                              "Plan Width": 4,
                              "Actual Startup Time": 56.749,
                              "Actual Total Time": 135.011,
                              "Actual Rows": 208655,
                              "Actual Loops": 3,
                              "Recheck Cond": "(keyword_id < 486)",
                              "Rows Removed by Index Recheck": 0,
                              "Exact Heap Blocks": 9128,
                              "Lossy Heap Blocks": 0,
                              "Plans": [
                                {
                                  "Node Type": "Bitmap Index Scan",
                                  "Parent Relationship": "Outer",
                                  "Parallel Aware": false,
                                  "Index Name": "keyword_id_movie_keyword",
                                  "Startup Cost": 0.0,
                                  "Total Cost": 12955.45,
                                  "Plan Rows": 618002,
                                  "Plan Width": 0,
                                  "Actual Startup Time": 50.927,
                                  "Actual Total Time": 50.928,
                                  "Actual Rows": 625964,
                                  "Actual Loops": 1,
                                  "Index Cond": "(keyword_id < 486)"
                                }
                              ]
                            },
                            {
                              "Node Type": "Hash",
                              "Parent Relationship": "Inner",
                              "Parallel Aware": true,
                              "Startup Cost": 45479.59,
                              "Total Cost": 45479.59,
                              "Plan Rows": 123458,
                              "Plan Width": 4,
                              "Actual Startup Time": 169.738,
                              "Actual Total Time": 169.739,
                              "Actual Rows": 140095,
                              "Actual Loops": 3,
                              "Hash Buckets": 524288,
                              "Original Hash Buckets": 524288,
                              "Hash Batches": 1,
                              "Original Hash Batches": 1,
                              "Peak Memory Usage": 20608,
                              "Plans": [
                                {
                                  "Node Type": "Seq Scan",
                                  "Parent Relationship": "Outer",
                                  "Parallel Aware": true,
                                  "Relation Name": "title",
                                  "Alias": "t",
                                  "Startup Cost": 0.0,
                                  "Total Cost": 45479.59,
                                  "Plan Rows": 123458,
                                  "Plan Width": 4,
                                  "Actual Startup Time": 0.041,
                                  "Actual Total Time": 121.993,
                                  "Actual Rows": 140095,
                                  "Actual Loops": 3,
                                  "Filter": "((kind_id < 7) AND (production_year > 2002))",
                                  "Rows Removed by Filter": 702676
                                }
                              ]
                            }
                          ]
                        }
                      ]
                    }
                  ]
                }
              ]
            }
          ]
        }
      ]
    },
    "Planning Time": 0.56,
    "Triggers": [],
    "Execution Time": 534.522
  }
]