[
  {
    "Plan": {
      "Node Type": "Aggregate",
      "Strategy": "Plain",
      "Partial Mode": "Finalize",
      "Parallel Aware": false,
      "Startup Cost": 383611.15,
      "Total Cost": 383611.16,
      "Plan Rows": 1,
      "Plan Width": 8,
      "Actual Startup Time": 1097.698,
      "Actual Total Time": 1159.078,
      "Actual Rows": 1,
      "Actual Loops": 1,
      "Plans": [
        {
          "Node Type": "Gather",
          "Parent Relationship": "Outer",
          "Parallel Aware": false,
          "Startup Cost": 383610.52,
          "Total Cost": 383611.13,
          "Plan Rows": 6,
          "Plan Width": 8,
          "Actual Startup Time": 1096.462,
          "Actual Total Time": 1159.056,
          "Actual Rows": 7,
          "Actual Loops": 1,
          "Workers Planned": 6,
          "Workers Launched": 6,
          "Single Copy": false,
          "Plans": [
            {
              "Node Type": "Aggregate",
              "Strategy": "Plain",
              "Partial Mode": "Partial",
              "Parent Relationship": "Outer",
              "Parallel Aware": false,
              "Startup Cost": 382610.52,
              "Total Cost": 382610.53,
              "Plan Rows": 1,
              "Plan Width": 8,
              "Actual Startup Time": 1088.774,
              "Actual Total Time": 1088.785,
              "Actual Rows": 1,
              "Actual Loops": 7,
              "Plans": [
                {
                  "Node Type": "Hash Join",
                  "Parent Relationship": "Outer",
                  "Parallel Aware": true,
                  "Join Type": "Inner",
                  "Startup Cost": 46015.21,
                  "Total Cost": 382102.07,
                  "Plan Rows": 203380,
                  "Plan Width": 0,
                  "Actual Startup Time": 83.058,
                  "Actual Total Time": 1078.407,
                  "Actual Rows": 185481,
                  "Actual Loops": 7,
                  "Inner Unique": true,
                  "Hash Cond": "(ci.movie_id = t.id)",
                  "Plans": [
                    {
                      "Node Type": "Seq Scan",
                      "Parent Relationship": "Outer",
                      "Parallel Aware": true,
                      "Relation Name": "cast_info",
                      "Alias": "ci",
                      "Startup Cost": 0.0,
                      "Total Cost": 328211.39,
                      "Plan Rows": 3000175,
                      "Plan Width": 4,
                      "Actual Startup Time": 0.035,
                      "Actual Total Time": 603.623,
                      "Actual Rows": 2595937,
                      "Actual Loops": 7,
                      "Filter": "(person_id < 1804260)",
                      "Rows Removed by Filter": 2581826
                    },
                    {
                      "Node Type": "Hash",
                      "Parent Relationship": "Inner",
                      "Parallel Aware": true,
                      "Startup Cost": 45479.59,
                      "Total Cost": 45479.59,
                      "Plan Rows": 42850,
                      "Plan Width": 4,
                      "Actual Startup Time": 81.627,
                      "Actual Total Time": 81.636,
                      "Actual Rows": 22898,
                      "Actual Loops": 7,
                      "Hash Buckets": 262144,
                      "Original Hash Buckets": 262144,
                      "Hash Batches": 1,
                      "Original Hash Batches": 1,
                      "Peak Memory Usage": 8416,
                      "Plans": [
                        {
                          "Node Type": "Seq Scan",
                          "Parent Relationship": "Outer",
                          "Parallel Aware": true,
                          "Relation Name": "title",
                          "Alias": "t",
                          "Startup Cost": 0.0,
                          "Total Cost": 45479.59,
                          "Plan Rows": 42850,
                          "Plan Width": 4,
                          "Actual Startup Time": 35.577,
                          "Actual Total Time": 70.64,
                          "Actual Rows": 22898,
                          "Actual Loops": 7,
                          "Filter": "((production_year > 2008) AND (kind_id = 1))",
                          "Rows Removed by Filter": 338289
                        }
                      ]
                    }
                  ]
                }
              ]
            }
          ]
        }
      ]
    },
    "Planning Time": 0.28,
    "Triggers": [],
    "Execution Time": 1159.142
  }
]