[
  {
    "Plan": {
      "Node Type": "Aggregate",
      "Strategy": "Plain",
      "Partial Mode": "Finalize",
      "Parallel Aware": false,
      "Startup Cost": 132631.28,
      "Total Cost": 132631.29,
      "Plan Rows": 1,
      "Plan Width": 8,
      "Actual Startup Time": 907.988,
      "Actual Total Time": 955.535,
      "Actual Rows": 1,
      "Actual Loops": 1,
      "Plans": [
        {
          "Node Type": "Gather",
          "Parent Relationship": "Outer",
          "Parallel Aware": false,
          "Startup Cost": 132630.97,
          "Total Cost": 132631.28,
          "Plan Rows": 3,
          "Plan Width": 8,
          "Actual Startup Time": 901.586,
          "Actual Total Time": 955.524,
          "Actual Rows": 4,
          "Actual Loops": 1,
          "Workers Planned": 3,
          "Workers Launched": 3,
          "Single Copy": false,
          "Plans": [
            {
              "Node Type": "Aggregate",
              "Strategy": "Plain",
              "Partial Mode": "Partial",
              "Parent Relationship": "Outer",
              "Parallel Aware": false,
              "Startup Cost": 131630.97,
              "Total Cost": 131630.98,
              "Plan Rows": 1,
              "Plan Width": 8,
              "Actual Startup Time": 890.912,
              "Actual Total Time": 890.916,
              "Actual Rows": 1,
              "Actual Loops": 4,
              "Plans": [
                {
                  "Node Type": "Nested Loop",
                  "Parent Relationship": "Outer",
                  "Parallel Aware": false,
                  "Join Type": "Inner",
                  "Startup Cost": 53207.91,
                  "Total Cost": 131601.68,
                  "Plan Rows": 11715,
                  "Plan Width": 0,
                  "Actual Startup Time": 245.079,
                  "Actual Total Time": 880.735,
                  "Actual Rows": 146343,
                  "Actual Loops": 4,
                  "Inner Unique": false,
                  "Plans": [
                    {
                      "Node Type": "Hash Join",
                      "Parent Relationship": "Outer",
                      "Parallel Aware": true,
                      "Join Type": "Inner",
                      "Startup Cost": 53207.48,
                      "Total Cost": 73123.52,
                      "Plan Rows": 25693,
                      "Plan Width": 8,
                      "Actual Startup Time": 244.726,
                      "Actual Total Time": 300.566,
                      "Actual Rows": 50131,
                      "Actual Loops": 4,
                      "Inner Unique": true,
                      "Hash Cond": "(mc.movie_id = t.id)",
                      "Plans": [
                        {
                          "Node Type": "Bitmap Heap Scan",
                          "Parent Relationship": "Outer",
                          "Parallel Aware": true,
                          "Relation Name": "movie_companies",
                          "Alias": "mc",
                          "Startup Cost": 5001.07,
                          "Total Cost": 24721.68,
                          "Plan Rows": 74449,
                          "Plan Width": 4,
                          "Actual Startup Time": 17.088,
                          "Actual Total Time": 33.613,
                          "Actual Rows": 57016,
                          "Actual Loops": 4,
                          "Recheck Cond": "(company_id > 105907)",
                          "Rows Removed by Index Recheck": 0,
                          "Exact Heap Blocks": 1698,
                          "Lossy Heap Blocks": 0,
                          "Plans": [
                            {
                              "Node Type": "Bitmap Index Scan",
                              "Parent Relationship": "Outer",
                              "Parallel Aware": false,
                              "Index Name": "company_id_movie_companies",
                              "Startup Cost": 0.0,
                              "Total Cost": 4943.37,
                              "Plan Rows": 230792,
                              "Plan Width": 0,
                              "Actual Startup Time": 16.009,
                              "Actual Total Time": 16.009,
                              "Actual Rows": 228063,
                              "Actual Loops": 1,
                              "Index Cond": "(company_id > 105907)"
                            }
                          ]
                        },
                        {
                          "Node Type": "Hash",
                          "Parent Relationship": "Inner",
                          "Parallel Aware": true,
                          "Startup Cost": 45479.59,
                          "Total Cost": 45479.59,
                          "Plan Rows": 218146,
                          "Plan Width": 4,
                          "Actual Startup Time": 222.361,
                          "Actual Total Time": 222.362,
                          "Actual Rows": 196660,
                          "Actual Loops": 4,
                          "Hash Buckets": 1048576,
                          "Original Hash Buckets": 1048576,
                          "Hash Batches": 1,
                          "Original Hash Batches": 1,
                          "Peak Memory Usage": 39040,
                          "Plans": [
                            {
                              "Node Type": "Seq Scan",
                              "Parent Relationship": "Outer",
                              "Parallel Aware": true,
                              "Relation Name": "title",
                              "Alias": "t",
                              "Startup Cost": 0.0,
                              "Total Cost": 45479.59,
                              "Plan Rows": 218146,
                              "Plan Width": 4,
                              "Actual Startup Time": 0.062,
                              "Actual Total Time": 134.348,
                              "Actual Rows": 196660,
                              "Actual Loops": 4,
                              "Filter": "((kind_id < 7) AND (production_year > 1958))",
                              "Rows Removed by Filter": 435418
                            }
                          ]
                        }
                      ]
                    },
                    {
                      "Node Type": "Index Scan",
                      "Parent Relationship": "Inner",
                      "Parallel Aware": false,
                      "Scan Direction": "Forward",
                      "Index Name": "movie_id_movie_info",
                      "Relation Name": "movie_info",
                      "Alias": "mi",
                      "Startup Cost": 0.43,
                      "Total Cost": 2.25,
                      "Plan Rows": 3,
                      "Plan Width": 4,
                      "Actual Startup Time": 0.009,
                      "Actual Total Time": 0.011,
                      "Actual Rows": 3,
                      "Actual Loops": 200523,
                      "Index Cond": "(movie_id = t.id)",
                      "Rows Removed by Index Recheck": 0,
                      "Filter": "(info_type_id > 54)",
                      "Rows Removed by Filter": 16
                    }
                  ]
                }
              ]
            }
          ]
        }
      ]
    },
    "Planning Time": 1.488,
    "Triggers": [],
    "Execution Time": 955.672
  }
]