[
  {
    "Plan": {
      "Node Type": "Aggregate",
      "Strategy": "Plain",
      "Partial Mode": "Finalize",
      "Parallel Aware": false,
      "Startup Cost": 44571.83,
      "Total Cost": 44571.84,
      "Plan Rows": 1,
      "Plan Width": 8,
      "Actual Startup Time": 112.371,
      "Actual Total Time": 119.693,
      "Actual Rows": 1,
      "Actual Loops": 1,
      "Plans": [
        {
          "Node Type": "Gather",
          "Parent Relationship": "Outer",
          "Parallel Aware": false,
          "Startup Cost": 44571.52,
          "Total Cost": 44571.83,
          "Plan Rows": 3,
          "Plan Width": 8,
          "Actual Startup Time": 112.236,
          "Actual Total Time": 119.685,
          "Actual Rows": 4,
          "Actual Loops": 1,
          "Workers Planned": 3,
          "Workers Launched": 3,
          "Single Copy": false,
          "Plans": [
            {
              "Node Type": "Aggregate",
              "Strategy": "Plain",
              "Partial Mode": "Partial",
              "Parent Relationship": "Outer",
              "Parallel Aware": false,
              "Startup Cost": 43571.52,
              "Total Cost": 43571.53,
              "Plan Rows": 1,
              "Plan Width": 8,
              "Actual Startup Time": 108.86,
              "Actual Total Time": 108.861,
              "Actual Rows": 1,
              "Actual Loops": 4,
              "Plans": [
                {
                  "Node Type": "Seq Scan",
                  "Parent Relationship": "Outer",
                  "Parallel Aware": true,
                  "Relation Name": "movie_keyword",
                  "Alias": "mk",
                  "Startup Cost": 0.0,
                  "Total Cost": 42695.65,
                  "Plan Rows": 350345,
                  "Plan Width": 0,
                  "Actual Startup Time": 1.383,
                  "Actual Total Time": 95.659,
                  "Actual Rows": 271257,
                  "Actual Loops": 4,
                  "Filter": "(keyword_id > 16296)",
                  "Rows Removed by Filter": 859726
                }
              ]
            }
          ]
        }
      ]
    },
    "Planning Time": 0.181,
    "Triggers": [],
    "Execution Time": 119.746
  }
]