[
  {
    "Plan": {
      "Node Type": "Aggregate",
      "Strategy": "Plain",
      "Partial Mode": "Finalize",
      "Parallel Aware": false,
      "Startup Cost": 65074.92,
      "Total Cost": 65074.93,
      "Plan Rows": 1,
      "Plan Width": 8,
      "Actual Startup Time": 105.161,
      "Actual Total Time": 118.182,
      "Actual Rows": 1,
      "Actual Loops": 1,
      "Plans": [
        {
          "Node Type": "Gather",
          "Parent Relationship": "Outer",
          "Parallel Aware": false,
          "Startup Cost": 65074.5,
          "Total Cost": 65074.91,
          "Plan Rows": 4,
          "Plan Width": 8,
          "Actual Startup Time": 104.873,
          "Actual Total Time": 118.171,
          "Actual Rows": 5,
          "Actual Loops": 1,
          "Workers Planned": 4,
          "Workers Launched": 4,
          "Single Copy": false,
          "Plans": [
            {
              "Node Type": "Aggregate",
              "Strategy": "Plain",
              "Partial Mode": "Partial",
              "Parent Relationship": "Outer",
              "Parallel Aware": false,
              "Startup Cost": 64074.5,
              "Total Cost": 64074.51,
              "Plan Rows": 1,
              "Plan Width": 8,
              "Actual Startup Time": 96.402,
              "Actual Total Time": 96.404,
              "Actual Rows": 1,
              "Actual Loops": 5,
              "Plans": [
                {
                  "Node Type": "Nested Loop",
                  "Parent Relationship": "Outer",
                  "Parallel Aware": false,
                  "Join Type": "Inner",
                  "Startup Cost": 0.43,
                  "Total Cost": 64072.69,
                  "Plan Rows": 724,
                  "Plan Width": 0,
                  "Actual Startup Time": 0.362,
                  "Actual Total Time": 96.285,
                  "Actual Rows": 859,
                  "Actual Loops": 5,
                  "Inner Unique": false,
                  "Plans": [
                    {
                      "Node Type": "Seq Scan",
                      "Parent Relationship": "Outer",
                      "Parallel Aware": true,
                      "Relation Name": "title",
                      "Alias": "t",
                      "Startup Cost": 0.0,
                      "Total Cost": 45479.59,
                      "Plan Rows": 1374,
                      "Plan Width": 4,
                      "Actual Startup Time": 0.126,
                      "Actual Total Time": 85.926,
                      "Actual Rows": 1291,
                      "Actual Loops": 5,
                      "Filter": "((kind_id > 4) AND (production_year = 1964))",
                      "Rows Removed by Filter": 504372
                    },
                    {
                      "Node Type": "Index Scan",
                      "Parent Relationship": "Inner",
                      "Parallel Aware": false,
                      "Scan Direction": "Forward",
                      "Index Name": "movie_id_movie_companies",
                      "Relation Name": "movie_companies",
                      "Alias": "mc",
                      "Startup Cost": 0.43,
                      "Total Cost": 13.5,
                      "Plan Rows": 3,
                      "Plan Width": 4,
                      "Actual Startup Time": 0.007,
                      "Actual Total Time": 0.007,
                      "Actual Rows": 1,
                      "Actual Loops": 6454,
                      "Index Cond": "(movie_id = t.id)",
                      "Rows Removed by Index Recheck": 0,
                      "Filter": "(company_type_id > 1)",
                      "Rows Removed by Filter": 0
                    }
                  ]
                }
              ]
            }
          ]
        }
      ]
    },
    "Planning Time": 0.525,
    "Triggers": [],
    "Execution Time": 118.243
  }
]