[
  {
    "Plan": {
      "Node Type": "Aggregate",
      "Strategy": "Plain",
      "Partial Mode": "Finalize",
      "Parallel Aware": false,
      "Startup Cost": 67388.86,
      "Total Cost": 67388.87,
      "Plan Rows": 1,
      "Plan Width": 8,
      "Actual Startup Time": 109.356,
      "Actual Total Time": 125.823,
      "Actual Rows": 1,
      "Actual Loops": 1,
      "Plans": [
        {
          "Node Type": "Gather",
          "Parent Relationship": "Outer",
          "Parallel Aware": false,
          "Startup Cost": 67388.44,
          "Total Cost": 67388.85,
          "Plan Rows": 4,
          "Plan Width": 8,
          "Actual Startup Time": 109.227,
          "Actual Total Time": 125.814,
          "Actual Rows": 5,
          "Actual Loops": 1,
          "Workers Planned": 4,
          "Workers Launched": 4,
          "Single Copy": false,
          "Plans": [
            {
              "Node Type": "Aggregate",
              "Strategy": "Plain",
              "Partial Mode": "Partial",
              "Parent Relationship": "Outer",
              "Parallel Aware": false,
              "Startup Cost": 66388.44,
              "Total Cost": 66388.45,
              "Plan Rows": 1,
              "Plan Width": 8,
              "Actual Startup Time": 100.178,
              "Actual Total Time": 100.179,
              "Actual Rows": 1,
              "Actual Loops": 5,
              "Plans": [
                {
                  "Node Type": "Nested Loop",
                  "Parent Relationship": "Outer",
                  "Parallel Aware": false,
                  "Join Type": "Inner",
                  "Startup Cost": 0.43,
                  "Total Cost": 66386.26,
                  "Plan Rows": 873,
                  "Plan Width": 0,
                  "Actual Startup Time": 0.897,
                  "Actual Total Time": 100.061,
                  "Actual Rows": 859,
                  "Actual Loops": 5,
                  "Inner Unique": false,
                  "Plans": [
                    {
                      "Node Type": "Seq Scan",
                      "Parent Relationship": "Outer",
                      "Parallel Aware": true,
                      "Relation Name": "title",
                      "Alias": "t",
                      "Startup Cost": 0.0,
                      "Total Cost": 45479.1,
                      "Plan Rows": 1666,
                      "Plan Width": 4,
                      "Actual Startup Time": 0.242,
                      "Actual Total Time": 88.633,
                      "Actual Rows": 1291,
                      "Actual Loops": 5,
                      "Filter": "((kind_id > 4) AND (production_year = 1964))",
                      "Rows Removed by Filter": 504372
                    },
                    {
                      "Node Type": "Index Scan",
                      "Parent Relationship": "Inner",
                      "Parallel Aware": false,
                      "Scan Direction": "Forward",
                      "Index Name": "movie_id_movie_companies",
                      "Relation Name": "movie_companies",
                      "Alias": "mc",
                      "Startup Cost": 0.43,
                      "Total Cost": 12.52,
                      "Plan Rows": 3,
                      "Plan Width": 4,
                      "Actual Startup Time": 0.008,
                      "Actual Total Time": 0.008,
                      "Actual Rows": 1,
                      "Actual Loops": 6454,
                      "Index Cond": "(movie_id = t.id)",
                      "Rows Removed by Index Recheck": 0,
                      "Filter": "(company_type_id > 1)",
                      "Rows Removed by Filter": 0
                    }
                  ]
                }
              ]
            }
          ]
        }
      ]
    },
    "Planning Time": 0.529,
    "Triggers": [],
    "Execution Time": 125.903
  }
]