[
  {
    "Plan": {
      "Node Type": "Aggregate",
      "Strategy": "Plain",
      "Partial Mode": "Finalize",
      "Parallel Aware": false,
      "Startup Cost": 343693.62,
      "Total Cost": 343693.63,
      "Plan Rows": 1,
      "Plan Width": 8,
      "Actual Startup Time": 850.511,
      "Actual Total Time": 904.963,
      "Actual Rows": 1,
      "Actual Loops": 1,
      "Plans": [
        {
          "Node Type": "Gather",
          "Parent Relationship": "Outer",
          "Parallel Aware": false,
          "Startup Cost": 343692.99,
          "Total Cost": 343693.6,
          "Plan Rows": 6,
          "Plan Width": 8,
          "Actual Startup Time": 850.381,
          "Actual Total Time": 904.952,
          "Actual Rows": 7,
          "Actual Loops": 1,
          "Workers Planned": 6,
          "Workers Launched": 6,
          "Single Copy": false,
          "Plans": [
            {
              "Node Type": "Aggregate",
              "Strategy": "Plain",
              "Partial Mode": "Partial",
              "Parent Relationship": "Outer",
              "Parallel Aware": false,
              "Startup Cost": 342692.99,
              "Total Cost": 342693.0,
              "Plan Rows": 1,
              "Plan Width": 8,
              "Actual Startup Time": 842.645,
              "Actual Total Time": 842.646,
              "Actual Rows": 1,
              "Actual Loops": 7,
              "Plans": [
                {
                  "Node Type": "Seq Scan",
                  "Parent Relationship": "Outer",
                  "Parallel Aware": true,
                  "Relation Name": "cast_info",
                  "Alias": "ci",
                  "Startup Cost": 0.0,
                  "Total Cost": 328162.03,
                  "Plan Rows": 5812386,
                  "Plan Width": 0,
                  "Actual Startup Time": 0.042,
                  "Actual Total Time": 634.731,
                  "Actual Rows": 4986309,
                  "Actual Loops": 7,
                  "Filter": "(person_id < 3802206)",
                  "Rows Removed by Filter": 191454
                }
              ]
            }
          ]
        }
      ]
    },
    "Planning Time": 0.127,
    "Triggers": [],
    "Execution Time": 905.018
  }
]