[
    {
        "Bao": {
            "Bao prediction": "NaN",
            "Bao recommended hint": "(no hint)"
        }
    },
    {
        "Plan": {
            "Node Type": "Aggregate",
            "Strategy": "Plain",
            "Partial Mode": "Finalize",
            "Parallel Aware": false,
            "Startup Cost": 439249.38,
            "Total Cost": 439249.39,
            "Plan Rows": 1,
            "Plan Width": 8,
            "Actual Startup Time": 2285.476,
            "Actual Total Time": 2319.38,
            "Actual Rows": 1,
            "Actual Loops": 1,
            "Output": [
                "count(*)"
            ],
            "Plans": [
                {
                    "Node Type": "Gather",
                    "Parent Relationship": "Outer",
                    "Parallel Aware": false,
                    "Startup Cost": 439248.75,
                    "Total Cost": 439249.36,
                    "Plan Rows": 6,
                    "Plan Width": 8,
                    "Actual Startup Time": 2271.793,
                    "Actual Total Time": 2319.369,
                    "Actual Rows": 7,
                    "Actual Loops": 1,
                    "Output": [
                        "(PARTIAL count(*))"
                    ],
                    "Workers Planned": 6,
                    "Workers Launched": 6,
                    "Single Copy": false,
                    "Plans": [
                        {
                            "Node Type": "Aggregate",
                            "Strategy": "Plain",
                            "Partial Mode": "Partial",
                            "Parent Relationship": "Outer",
                            "Parallel Aware": false,
                            "Startup Cost": 438248.75,
                            "Total Cost": 438248.76,
                            "Plan Rows": 1,
                            "Plan Width": 8,
                            "Actual Startup Time": 2261.783,
                            "Actual Total Time": 2262.034,
                            "Actual Rows": 1,
                            "Actual Loops": 7,
                            "Output": [
                                "PARTIAL count(*)"
                            ],
                            "Workers": [
                                {
                                    "Worker Number": 0,
                                    "Actual Startup Time": 2259.117,
                                    "Actual Total Time": 2259.121,
                                    "Actual Rows": 1,
                                    "Actual Loops": 1
                                },
                                {
                                    "Worker Number": 1,
                                    "Actual Startup Time": 2259.297,
                                    "Actual Total Time": 2259.303,
                                    "Actual Rows": 1,
                                    "Actual Loops": 1
                                },
                                {
                                    "Worker Number": 2,
                                    "Actual Startup Time": 2260.017,
                                    "Actual Total Time": 2260.021,
                                    "Actual Rows": 1,
                                    "Actual Loops": 1
                                },
                                {
                                    "Worker Number": 3,
                                    "Actual Startup Time": 2260.206,
                                    "Actual Total Time": 2260.21,
                                    "Actual Rows": 1,
                                    "Actual Loops": 1
                                },
                                {
                                    "Worker Number": 4,
                                    "Actual Startup Time": 2261.55,
                                    "Actual Total Time": 2261.554,
                                    "Actual Rows": 1,
                                    "Actual Loops": 1
                                },
                                {
                                    "Worker Number": 5,
                                    "Actual Startup Time": 2260.975,
                                    "Actual Total Time": 2260.98,
                                    "Actual Rows": 1,
                                    "Actual Loops": 1
                                }
                            ],
                            "Plans": [
                                {
                                    "Node Type": "Hash Join",
                                    "Parent Relationship": "Outer",
                                    "Parallel Aware": true,
                                    "Join Type": "Inner",
                                    "Startup Cost": 82545.74,
                                    "Total Cost": 434262.98,
                                    "Plan Rows": 1594311,
                                    "Plan Width": 0,
                                    "Actual Startup Time": 343.868,
                                    "Actual Total Time": 2139.577,
                                    "Actual Rows": 2259060,
                                    "Actual Loops": 7,
                                    "Inner Unique": false,
                                    "Hash Cond": "(ci.movie_id = t.id)",
                                    "Workers": [
                                        {
                                            "Worker Number": 0,
                                            "Actual Startup Time": 341.329,
                                            "Actual Total Time": 2140.973,
                                            "Actual Rows": 2709275,
                                            "Actual Loops": 1
                                        },
                                        {
                                            "Worker Number": 1,
                                            "Actual Startup Time": 341.502,
                                            "Actual Total Time": 2133.663,
                                            "Actual Rows": 1770132,
                                            "Actual Loops": 1
                                        },
                                        {
                                            "Worker Number": 2,
                                            "Actual Startup Time": 342.254,
                                            "Actual Total Time": 2141.798,
                                            "Actual Rows": 2703208,
                                            "Actual Loops": 1
                                        },
                                        {
                                            "Worker Number": 3,
                                            "Actual Startup Time": 342.427,
                                            "Actual Total Time": 2131.628,
                                            "Actual Rows": 1886834,
                                            "Actual Loops": 1
                                        },
                                        {
                                            "Worker Number": 4,
                                            "Actual Startup Time": 342.742,
                                            "Actual Total Time": 2134.177,
                                            "Actual Rows": 2097906,
                                            "Actual Loops": 1
                                        },
                                        {
                                            "Worker Number": 5,
                                            "Actual Startup Time": 343.259,
                                            "Actual Total Time": 2130.145,
                                            "Actual Rows": 1880049,
                                            "Actual Loops": 1
                                        }
                                    ],
                                    "Plans": [
                                        {
                                            "Node Type": "Seq Scan",
                                            "Parent Relationship": "Outer",
                                            "Parallel Aware": true,
                                            "Relation Name": "cast_info",
                                            "Schema": "public",
                                            "Alias": "ci",
                                            "Startup Cost": 0.0,
                                            "Total Cost": 328213.62,
                                            "Plan Rows": 4896185,
                                            "Plan Width": 4,
                                            "Actual Startup Time": 0.029,
                                            "Actual Total Time": 646.582,
                                            "Actual Rows": 4207005,
                                            "Actual Loops": 7,
                                            "Output": [
                                                "ci.id",
                                                "ci.person_id",
                                                "ci.movie_id",
                                                "ci.person_role_id",
                                                "ci.note",
                                                "ci.nr_order",
                                                "ci.role_id"
                                            ],
                                            "Filter": "(ci.person_id < 2982502)",
                                            "Rows Removed by Filter": 970759,
                                            "Workers": [
                                                {
                                                    "Worker Number": 0,
                                                    "Actual Startup Time": 0.026,
                                                    "Actual Total Time": 644.798,
                                                    "Actual Rows": 5111765,
                                                    "Actual Loops": 1
                                                },
                                                {
                                                    "Worker Number": 1,
                                                    "Actual Startup Time": 0.041,
                                                    "Actual Total Time": 664.298,
                                                    "Actual Rows": 3299040,
                                                    "Actual Loops": 1
                                                },
                                                {
                                                    "Worker Number": 2,
                                                    "Actual Startup Time": 0.033,
                                                    "Actual Total Time": 640.991,
                                                    "Actual Rows": 5083767,
                                                    "Actual Loops": 1
                                                },
                                                {
                                                    "Worker Number": 3,
                                                    "Actual Startup Time": 0.031,
                                                    "Actual Total Time": 678.574,
                                                    "Actual Rows": 3445333,
                                                    "Actual Loops": 1
                                                },
                                                {
                                                    "Worker Number": 4,
                                                    "Actual Startup Time": 0.034,
                                                    "Actual Total Time": 674.955,
                                                    "Actual Rows": 3840408,
                                                    "Actual Loops": 1
                                                },
                                                {
                                                    "Worker Number": 5,
                                                    "Actual Startup Time": 0.028,
                                                    "Actual Total Time": 684.345,
                                                    "Actual Rows": 3502122,
                                                    "Actual Loops": 1
                                                }
                                            ]
                                        },
                                        {
                                            "Node Type": "Hash",
                                            "Parent Relationship": "Inner",
                                            "Parallel Aware": true,
                                            "Startup Cost": 79226.06,
                                            "Total Cost": 79226.06,
                                            "Plan Rows": 265574,
                                            "Plan Width": 8,
                                            "Actual Startup Time": 341.545,
                                            "Actual Total Time": 341.794,
                                            "Actual Rows": 100855,
                                            "Actual Loops": 7,
                                            "Output": [
                                                "t.id",
                                                "mc.movie_id"
                                            ],
                                            "Hash Buckets": 1048576,
                                            "Original Hash Buckets": 1048576,
                                            "Hash Batches": 1,
                                            "Original Hash Batches": 1,
                                            "Peak Memory Usage": 35872,
                                            "Workers": [
                                                {
                                                    "Worker Number": 0,
                                                    "Actual Startup Time": 340.527,
                                                    "Actual Total Time": 340.53,
                                                    "Actual Rows": 123888,
                                                    "Actual Loops": 1
                                                },
                                                {
                                                    "Worker Number": 1,
                                                    "Actual Startup Time": 340.626,
                                                    "Actual Total Time": 340.63,
                                                    "Actual Rows": 80729,
                                                    "Actual Loops": 1
                                                },
                                                {
                                                    "Worker Number": 2,
                                                    "Actual Startup Time": 341.455,
                                                    "Actual Total Time": 341.457,
                                                    "Actual Rows": 123159,
                                                    "Actual Loops": 1
                                                },
                                                {
                                                    "Worker Number": 3,
                                                    "Actual Startup Time": 341.626,
                                                    "Actual Total Time": 341.629,
                                                    "Actual Rows": 85885,
                                                    "Actual Loops": 1
                                                },
                                                {
                                                    "Worker Number": 4,
                                                    "Actual Startup Time": 341.979,
                                                    "Actual Total Time": 341.982,
                                                    "Actual Rows": 88275,
                                                    "Actual Loops": 1
                                                },
                                                {
                                                    "Worker Number": 5,
                                                    "Actual Startup Time": 342.249,
                                                    "Actual Total Time": 342.252,
                                                    "Actual Rows": 87142,
                                                    "Actual Loops": 1
                                                }
                                            ],
                                            "Plans": [
                                                {
                                                    "Node Type": "Hash Join",
                                                    "Parent Relationship": "Outer",
                                                    "Parallel Aware": true,
                                                    "Join Type": "Inner",
                                                    "Startup Cost": 48788.98,
                                                    "Total Cost": 79226.06,
                                                    "Plan Rows": 265574,
                                                    "Plan Width": 8,
                                                    "Actual Startup Time": 212.512,
                                                    "Actual Total Time": 307.983,
                                                    "Actual Rows": 100855,
                                                    "Actual Loops": 7,
                                                    "Output": [
                                                        "t.id",
                                                        "mc.movie_id"
                                                    ],
                                                    "Inner Unique": true,
                                                    "Hash Cond": "(mc.movie_id = t.id)",
                                                    "Workers": [
                                                        {
                                                            "Worker Number": 0,
                                                            "Actual Startup Time": 211.436,
                                                            "Actual Total Time": 306.819,
                                                            "Actual Rows": 123888,
                                                            "Actual Loops": 1
                                                        },
                                                        {
                                                            "Worker Number": 1,
                                                            "Actual Startup Time": 211.606,
                                                            "Actual Total Time": 306.53,
                                                            "Actual Rows": 80729,
                                                            "Actual Loops": 1
                                                        },
                                                        {
                                                            "Worker Number": 2,
                                                            "Actual Startup Time": 212.367,
                                                            "Actual Total Time": 307.753,
                                                            "Actual Rows": 123159,
                                                            "Actual Loops": 1
                                                        },
                                                        {
                                                            "Worker Number": 3,
                                                            "Actual Startup Time": 212.584,
                                                            "Actual Total Time": 307.667,
                                                            "Actual Rows": 85885,
                                                            "Actual Loops": 1
                                                        },
                                                        {
                                                            "Worker Number": 4,
                                                            "Actual Startup Time": 212.895,
                                                            "Actual Total Time": 307.986,
                                                            "Actual Rows": 88275,
                                                            "Actual Loops": 1
                                                        },
                                                        {
                                                            "Worker Number": 5,
                                                            "Actual Startup Time": 213.325,
                                                            "Actual Total Time": 309.376,
                                                            "Actual Rows": 87142,
                                                            "Actual Loops": 1
                                                        }
                                                    ],
                                                    "Plans": [
                                                        {
                                                            "Node Type": "Seq Scan",
                                                            "Parent Relationship": "Outer",
                                                            "Parallel Aware": true,
                                                            "Relation Name": "movie_companies",
                                                            "Schema": "public",
                                                            "Alias": "mc",
                                                            "Startup Cost": 0.0,
                                                            "Total Cost": 29310.68,
                                                            "Plan Rows": 429104,
                                                            "Plan Width": 4,
                                                            "Actual Startup Time": 20.989,
                                                            "Actual Total Time": 49.422,
                                                            "Actual Rows": 190698,
                                                            "Actual Loops": 7,
                                                            "Output": [
                                                                "mc.id",
                                                                "mc.movie_id",
                                                                "mc.company_id",
                                                                "mc.company_type_id",
                                                                "mc.note"
                                                            ],
                                                            "Filter": "(mc.company_type_id = 2)",
                                                            "Rows Removed by Filter": 182035,
                                                            "Workers": [
                                                                {
                                                                    "Worker Number": 0,
                                                                    "Actual Startup Time": 20.952,
                                                                    "Actual Total Time": 48.633,
                                                                    "Actual Rows": 234490,
                                                                    "Actual Loops": 1
                                                                },
                                                                {
                                                                    "Worker Number": 1,
                                                                    "Actual Startup Time": 20.977,
                                                                    "Actual Total Time": 50.144,
                                                                    "Actual Rows": 153399,
                                                                    "Actual Loops": 1
                                                                },
                                                                {
                                                                    "Worker Number": 2,
                                                                    "Actual Startup Time": 21.068,
                                                                    "Actual Total Time": 48.594,
                                                                    "Actual Rows": 233216,
                                                                    "Actual Loops": 1
                                                                },
                                                                {
                                                                    "Worker Number": 3,
                                                                    "Actual Startup Time": 20.925,
                                                                    "Actual Total Time": 51.517,
                                                                    "Actual Rows": 161683,
                                                                    "Actual Loops": 1
                                                                },
                                                                {
                                                                    "Worker Number": 4,
                                                                    "Actual Startup Time": 20.926,
                                                                    "Actual Total Time": 51.795,
                                                                    "Actual Rows": 166072,
                                                                    "Actual Loops": 1
                                                                },
                                                                {
                                                                    "Worker Number": 5,
                                                                    "Actual Startup Time": 21.046,
                                                                    "Actual Total Time": 51.94,
                                                                    "Actual Rows": 166052,
                                                                    "Actual Loops": 1
                                                                }
                                                            ]
                                                        },
                                                        {
                                                            "Node Type": "Hash",
                                                            "Parent Relationship": "Inner",
                                                            "Parallel Aware": true,
                                                            "Startup Cost": 43899.01,
                                                            "Total Cost": 43899.01,
                                                            "Plan Rows": 391198,
                                                            "Plan Width": 4,
                                                            "Actual Startup Time": 189.468,
                                                            "Actual Total Time": 189.469,
                                                            "Actual Rows": 224367,
                                                            "Actual Loops": 7,
                                                            "Output": [
                                                                "t.id"
                                                            ],
                                                            "Hash Buckets": 2097152,
                                                            "Original Hash Buckets": 2097152,
                                                            "Hash Batches": 1,
                                                            "Original Hash Batches": 1,
                                                            "Peak Memory Usage": 77920,
                                                            "Workers": [
                                                                {
                                                                    "Worker Number": 0,
                                                                    "Actual Startup Time": 190.162,
                                                                    "Actual Total Time": 190.164,
                                                                    "Actual Rows": 260245,
                                                                    "Actual Loops": 1
                                                                },
                                                                {
                                                                    "Worker Number": 1,
                                                                    "Actual Startup Time": 190.304,
                                                                    "Actual Total Time": 190.306,
                                                                    "Actual Rows": 173138,
                                                                    "Actual Loops": 1
                                                                },
                                                                {
                                                                    "Worker Number": 2,
                                                                    "Actual Startup Time": 191.066,
                                                                    "Actual Total Time": 191.067,
                                                                    "Actual Rows": 256558,
                                                                    "Actual Loops": 1
                                                                },
                                                                {
                                                                    "Worker Number": 3,
                                                                    "Actual Startup Time": 191.319,
                                                                    "Actual Total Time": 191.32,
                                                                    "Actual Rows": 176536,
                                                                    "Actual Loops": 1
                                                                },
                                                                {
                                                                    "Worker Number": 4,
                                                                    "Actual Startup Time": 191.628,
                                                                    "Actual Total Time": 191.629,
                                                                    "Actual Rows": 184892,
                                                                    "Actual Loops": 1
                                                                },
                                                                {
                                                                    "Worker Number": 5,
                                                                    "Actual Startup Time": 192.185,
                                                                    "Actual Total Time": 192.187,
                                                                    "Actual Rows": 186345,
                                                                    "Actual Loops": 1
                                                                }
                                                            ],
                                                            "Plans": [
                                                                {
                                                                    "Node Type": "Seq Scan",
                                                                    "Parent Relationship": "Outer",
                                                                    "Parallel Aware": true,
                                                                    "Relation Name": "title",
                                                                    "Schema": "public",
                                                                    "Alias": "t",
                                                                    "Startup Cost": 0.0,
                                                                    "Total Cost": 43899.01,
                                                                    "Plan Rows": 391198,
                                                                    "Plan Width": 4,
                                                                    "Actual Startup Time": 0.051,
                                                                    "Actual Total Time": 80.535,
                                                                    "Actual Rows": 224367,
                                                                    "Actual Loops": 7,
                                                                    "Output": [
                                                                        "t.id"
                                                                    ],
                                                                    "Filter": "(t.production_year > 1996)",
                                                                    "Rows Removed by Filter": 136821,
                                                                    "Workers": [
                                                                        {
                                                                            "Worker Number": 0,
                                                                            "Actual Startup Time": 0.048,
                                                                            "Actual Total Time": 80.606,
                                                                            "Actual Rows": 260245,
                                                                            "Actual Loops": 1
                                                                        },
                                                                        {
                                                                            "Worker Number": 1,
                                                                            "Actual Startup Time": 0.065,
                                                                            "Actual Total Time": 84.071,
                                                                            "Actual Rows": 173138,
                                                                            "Actual Loops": 1
                                                                        },
                                                                        {
                                                                            "Worker Number": 2,
                                                                            "Actual Startup Time": 0.049,
                                                                            "Actual Total Time": 80.355,
                                                                            "Actual Rows": 256558,
                                                                            "Actual Loops": 1
                                                                        },
                                                                        {
                                                                            "Worker Number": 3,
                                                                            "Actual Startup Time": 0.063,
                                                                            "Actual Total Time": 84.062,
                                                                            "Actual Rows": 176536,
                                                                            "Actual Loops": 1
                                                                        },
                                                                        {
                                                                            "Worker Number": 4,
                                                                            "Actual Startup Time": 0.057,
                                                                            "Actual Total Time": 84.464,
                                                                            "Actual Rows": 184892,
                                                                            "Actual Loops": 1
                                                                        },
                                                                        {
                                                                            "Worker Number": 5,
                                                                            "Actual Startup Time": 0.059,
                                                                            "Actual Total Time": 85.035,
                                                                            "Actual Rows": 186345,
                                                                            "Actual Loops": 1
                                                                        }
                                                                    ]
                                                                }
                                                            ]
                                                        }
                                                    ]
                                                }
                                            ]
                                        }
                                    ]
                                }
                            ]
                        }
                    ]
                }
            ]
        },
        "Planning Time": 188.908,
        "Triggers": [],
        "Execution Time": 2319.468
    }
]