{
  "Plan": {
    "Node Type": "Aggregate",
    "Strategy": "Plain",
    "Partial Mode": "Finalize",
    "Parallel Aware": false,
    "Startup Cost": 1322481.13,
    "Total Cost": 1322481.14,
    "Plan Rows": 1,
    "Plan Width": 8,
    "Actual Startup Time": 37356.603,
    "Actual Total Time": 37460.661,
    "Actual Rows": 1,
    "Actual Loops": 1,
    "Plans": [
      {
        "Node Type": "Gather",
        "Parent Relationship": "Outer",
        "Parallel Aware": false,
        "Startup Cost": 1322481.02,
        "Total Cost": 1322481.13,
        "Plan Rows": 1,
        "Plan Width": 8,
        "Actual Startup Time": 37340.493,
        "Actual Total Time": 37460.649,
        "Actual Rows": 2,
        "Actual Loops": 1,
        "Workers Planned": 1,
        "Workers Launched": 1,
        "Single Copy": false,
        "Plans": [
          {
            "Node Type": "Aggregate",
            "Strategy": "Plain",
            "Partial Mode": "Partial",
            "Parent Relationship": "Outer",
            "Parallel Aware": false,
            "Startup Cost": 1321481.02,
            "Total Cost": 1321481.03,
            "Plan Rows": 1,
            "Plan Width": 8,
            "Actual Startup Time": 37322.902,
            "Actual Total Time": 37325.346,
            "Actual Rows": 1,
            "Actual Loops": 2,
            "Plans": [
              {
                "Node Type": "Hash Join",
                "Parent Relationship": "Outer",
                "Parallel Aware": true,
                "Join Type": "Inner",
                "Startup Cost": 372717.06,
                "Total Cost": 1217160.72,
                "Plan Rows": 41728121,
                "Plan Width": 0,
                "Actual Startup Time": 3761.178,
                "Actual Total Time": 30880.164,
                "Actual Rows": 160982171,
                "Actual Loops": 2,
                "Inner Unique": false,
                "Hash Cond": "(ci.movie_id = t.id)",
                "Plans": [
                  {
                    "Node Type": "Seq Scan",
                    "Parent Relationship": "Outer",
                    "Parallel Aware": true,
                    "Relation Name": "cast_info",
                    "Alias": "ci",
                    "Startup Cost": 0.0,
                    "Total Cost": 465792.95,
                    "Plan Rows": 21310595,
                    "Plan Width": 4,
                    "Actual Startup Time": 0.019,
                    "Actual Total Time": 1402.807,
                    "Actual Rows": 18122172,
                    "Actual Loops": 2
                  },
                  {
                    "Node Type": "Hash",
                    "Parent Relationship": "Inner",
                    "Parallel Aware": true,
                    "Startup Cost": 336315.36,
                    "Total Cost": 336315.36,
                    "Plan Rows": 2912136,
                    "Plan Width": 8,
                    "Actual Startup Time": 3727.141,
                    "Actual Total Time": 3729.583,
                    "Actual Rows": 4118780,
                    "Actual Loops": 2,
                    "Hash Buckets": 8388608,
                    "Original Hash Buckets": 8388608,
                    "Hash Batches": 1,
                    "Original Hash Batches": 1,
                    "Peak Memory Usage": 387808,
                    "Plans": [
                      {
                        "Node Type": "Hash Join",
                        "Parent Relationship": "Outer",
                        "Parallel Aware": true,
                        "Join Type": "Inner",
                        "Startup Cost": 64531.87,
                        "Total Cost": 336315.36,
                        "Plan Rows": 2912136,
                        "Plan Width": 8,
                        "Actual Startup Time": 248.504,
                        "Actual Total Time": 2651.714,
                        "Actual Rows": 4118780,
                        "Actual Loops": 2,
                        "Inner Unique": true,
                        "Hash Cond": "(mi.movie_id = t.id)",
                        "Plans": [
                          {
                            "Node Type": "Seq Scan",
                            "Parent Relationship": "Outer",
                            "Parallel Aware": true,
                            "Relation Name": "movie_info",
                            "Alias": "mi",
                            "Startup Cost": 0.0,
                            "Total Cost": 248955.74,
                            "Plan Rows": 8696274,
                            "Plan Width": 4,
                            "Actual Startup Time": 0.01,
                            "Actual Total Time": 652.844,
                            "Actual Rows": 7417860,
                            "Actual Loops": 2
                          },
                          {
                            "Node Type": "Hash",
                            "Parent Relationship": "Inner",
                            "Parallel Aware": true,
                            "Startup Cost": 58306.47,
                            "Total Cost": 58306.47,
                            "Plan Rows": 498032,
                            "Plan Width": 4,
                            "Actual Startup Time": 243.623,
                            "Actual Total Time": 243.624,
                            "Actual Rows": 377580,
                            "Actual Loops": 2,
                            "Hash Buckets": 1048576,
                            "Original Hash Buckets": 1048576,
                            "Hash Batches": 1,
                            "Original Hash Batches": 1,
                            "Peak Memory Usage": 37760,
                            "Plans": [
                              {
                                "Node Type": "Seq Scan",
                                "Parent Relationship": "Outer",
                                "Parallel Aware": true,
                                "Relation Name": "title",
                                "Alias": "t",
                                "Startup Cost": 0.0,
                                "Total Cost": 58306.47,
                                "Plan Rows": 498032,
                                "Plan Width": 4,
                                "Actual Startup Time": 0.03,
                                "Actual Total Time": 154.202,
                                "Actual Rows": 377580,
                                "Actual Loops": 2,
                                "Filter": "((kind_id < 7) AND (production_year > 1965))",
                                "Rows Removed by Filter": 886576
                              }
                            ]
                          }
                        ]
                      }
                    ]
                  }
                ]
              }
            ]
          }
        ]
      }
    ]
  },
  "Planning Time": 1.225,
  "Triggers": [],
  "Execution Time": 37460.78
}