[
  {
    "Plan": {
      "Node Type": "Aggregate",
      "Strategy": "Plain",
      "Partial Mode": "Finalize",
      "Parallel Aware": false,
      "Startup Cost": 32848.07,
      "Total Cost": 32848.08,
      "Plan Rows": 1,
      "Plan Width": 8,
      "Actual Startup Time": 108.955,
      "Actual Total Time": 115.206,
      "Actual Rows": 1,
      "Actual Loops": 1,
      "Plans": [
        {
          "Node Type": "Gather",
          "Parent Relationship": "Outer",
          "Parallel Aware": false,
          "Startup Cost": 32847.76,
          "Total Cost": 32848.07,
          "Plan Rows": 3,
          "Plan Width": 8,
          "Actual Startup Time": 108.802,
          "Actual Total Time": 115.197,
          "Actual Rows": 4,
          "Actual Loops": 1,
          "Workers Planned": 3,
          "Workers Launched": 3,
          "Single Copy": false,
          "Plans": [
            {
              "Node Type": "Aggregate",
              "Strategy": "Plain",
              "Partial Mode": "Partial",
              "Parent Relationship": "Outer",
              "Parallel Aware": false,
              "Startup Cost": 31847.76,
              "Total Cost": 31847.77,
              "Plan Rows": 1,
              "Plan Width": 8,
              "Actual Startup Time": 100.035,
              "Actual Total Time": 100.036,
              "Actual Rows": 1,
              "Actual Loops": 4,
              "Plans": [
                {
                  "Node Type": "Seq Scan",
                  "Parent Relationship": "Outer",
                  "Parallel Aware": true,
                  "Relation Name": "movie_companies",
                  "Alias": "mc",
                  "Startup Cost": 0.0,
                  "Total Cost": 31414.82,
                  "Plan Rows": 173175,
                  "Plan Width": 0,
                  "Actual Startup Time": 0.072,
                  "Actual Total Time": 85.883,
                  "Actual Rows": 188467,
                  "Actual Loops": 4,
                  "Filter": "((company_id < 7634) AND (company_type_id < 2))",
                  "Rows Removed by Filter": 463816
                }
              ]
            }
          ]
        }
      ]
    },
    "Planning Time": 0.226,
    "Triggers": [],
    "Execution Time": 115.267
  }
]