[
  {
    "Plan": {
      "Node Type": "Aggregate",
      "Strategy": "Plain",
      "Partial Mode": "Finalize",
      "Parallel Aware": false,
      "Startup Cost": 126210.02,
      "Total Cost": 126210.03,
      "Plan Rows": 1,
      "Plan Width": 8,
      "Actual Startup Time": 642.785,
      "Actual Total Time": 666.595,
      "Actual Rows": 1,
      "Actual Loops": 1,
      "Plans": [
        {
          "Node Type": "Gather",
          "Parent Relationship": "Outer",
          "Parallel Aware": false,
          "Startup Cost": 126209.7,
          "Total Cost": 126210.01,
          "Plan Rows": 3,
          "Plan Width": 8,
          "Actual Startup Time": 638.047,
          "Actual Total Time": 666.585,
          "Actual Rows": 4,
          "Actual Loops": 1,
          "Workers Planned": 3,
          "Workers Launched": 3,
          "Single Copy": false,
          "Plans": [
            {
              "Node Type": "Aggregate",
              "Strategy": "Plain",
              "Partial Mode": "Partial",
              "Parent Relationship": "Outer",
              "Parallel Aware": false,
              "Startup Cost": 125209.7,
              "Total Cost": 125209.71,
              "Plan Rows": 1,
              "Plan Width": 8,
              "Actual Startup Time": 628.33,
              "Actual Total Time": 628.748,
              "Actual Rows": 1,
              "Actual Loops": 4,
              "Plans": [
                {
                  "Node Type": "Hash Join",
                  "Parent Relationship": "Outer",
                  "Parallel Aware": true,
                  "Join Type": "Inner",
                  "Startup Cost": 79947.3,
                  "Total Cost": 124885.47,
                  "Plan Rows": 129692,
                  "Plan Width": 0,
                  "Actual Startup Time": 398.764,
                  "Actual Total Time": 618.559,
                  "Actual Rows": 217590,
                  "Actual Loops": 4,
                  "Inner Unique": false,
                  "Hash Cond": "(mk.movie_id = t.id)",
                  "Plans": [
                    {
                      "Node Type": "Seq Scan",
                      "Parent Relationship": "Outer",
                      "Parallel Aware": true,
                      "Relation Name": "movie_keyword",
                      "Alias": "mk",
                      "Startup Cost": 0.0,
                      "Total Cost": 39047.32,
                      "Plan Rows": 1459332,
                      "Plan Width": 4,
                      "Actual Startup Time": 0.034,
                      "Actual Total Time": 93.419,
                      "Actual Rows": 1130982,
                      "Actual Loops": 4
                    },
                    {
                      "Node Type": "Hash",
                      "Parent Relationship": "Inner",
                      "Parallel Aware": true,
                      "Startup Cost": 79041.23,
                      "Total Cost": 79041.23,
                      "Plan Rows": 72485,
                      "Plan Width": 8,
                      "Actual Startup Time": 397.108,
                      "Actual Total Time": 397.525,
                      "Actual Rows": 76774,
                      "Actual Loops": 4,
                      "Hash Buckets": 524288,
                      "Original Hash Buckets": 262144,
                      "Hash Batches": 1,
                      "Original Hash Batches": 1,
                      "Peak Memory Usage": 18208,
                      "Plans": [
                        {
                          "Node Type": "Hash Join",
                          "Parent Relationship": "Outer",
                          "Parallel Aware": true,
                          "Join Type": "Inner",
                          "Startup Cost": 49341.24,
                          "Total Cost": 79041.23,
                          "Plan Rows": 72485,
                          "Plan Width": 8,
                          "Actual Startup Time": 235.839,
                          "Actual Total Time": 354.948,
                          "Actual Rows": 76774,
                          "Actual Loops": 4,
                          "Inner Unique": true,
                          "Hash Cond": "(mc.movie_id = t.id)",
                          "Plans": [
                            {
                              "Node Type": "Seq Scan",
                              "Parent Relationship": "Outer",
                              "Parallel Aware": true,
                              "Relation Name": "movie_companies",
                              "Alias": "mc",
                              "Startup Cost": 0.0,
                              "Total Cost": 29310.68,
                              "Plan Rows": 148311,
                              "Plan Width": 4,
                              "Actual Startup Time": 0.011,
                              "Actual Total Time": 66.837,
                              "Actual Rows": 112516,
                              "Actual Loops": 4,
                              "Filter": "(company_id < 369)",
                              "Rows Removed by Filter": 539766
                            },
                            {
                              "Node Type": "Hash",
                              "Parent Relationship": "Inner",
                              "Parallel Aware": true,
                              "Startup Cost": 45479.59,
                              "Total Cost": 45479.59,
                              "Plan Rows": 308932,
                              "Plan Width": 4,
                              "Actual Startup Time": 231.217,
                              "Actual Total Time": 231.218,
                              "Actual Rows": 299344,
                              "Actual Loops": 4,
                              "Hash Buckets": 2097152,
                              "Original Hash Buckets": 2097152,
                              "Hash Batches": 1,
                              "Original Hash Batches": 1,
                              "Peak Memory Usage": 63264,
                              "Plans": [
                                {
                                  "Node Type": "Seq Scan",
                                  "Parent Relationship": "Outer",
                                  "Parallel Aware": true,
                                  "Relation Name": "title",
                                  "Alias": "t",
                                  "Startup Cost": 0.0,
                                  "Total Cost": 45479.59,
                                  "Plan Rows": 308932,
                                  "Plan Width": 4,
                                  "Actual Startup Time": 0.05,
                                  "Actual Total Time": 115.41,
                                  "Actual Rows": 299344,
                                  "Actual Loops": 4,
                                  "Filter": "((kind_id > 1) AND (production_year < 2008))",
                                  "Rows Removed by Filter": 332734
                                }
                              ]
                            }
                          ]
                        }
                      ]
                    }
                  ]
                }
              ]
            }
          ]
        }
      ]
    },
    "Planning Time": 0.629,
    "Triggers": [],
    "Execution Time": 666.645
  }
]