[
  {
    "Plan": {
      "Node Type": "Aggregate",
      "Strategy": "Plain",
      "Partial Mode": "Finalize",
      "Parallel Aware": false,
      "Startup Cost": 20114.35,
      "Total Cost": 20114.36,
      "Plan Rows": 1,
      "Plan Width": 96,
      "Actual Startup Time": 1388.045,
      "Actual Total Time": 1432.83,
      "Actual Rows": 1,
      "Actual Loops": 1,
      "Plans": [
        {
          "Node Type": "Gather",
          "Parent Relationship": "Outer",
          "Parallel Aware": false,
          "Startup Cost": 20114.12,
          "Total Cost": 20114.33,
          "Plan Rows": 2,
          "Plan Width": 96,
          "Actual Startup Time": 1387.892,
          "Actual Total Time": 1432.819,
          "Actual Rows": 3,
          "Actual Loops": 1,
          "Workers Planned": 2,
          "Workers Launched": 2,
          "Single Copy": false,
          "Plans": [
            {
              "Node Type": "Aggregate",
              "Strategy": "Plain",
              "Partial Mode": "Partial",
              "Parent Relationship": "Outer",
              "Parallel Aware": false,
              "Startup Cost": 19114.12,
              "Total Cost": 19114.13,
              "Plan Rows": 1,
              "Plan Width": 96,
              "Actual Startup Time": 1378.823,
              "Actual Total Time": 1378.83,
              "Actual Rows": 1,
              "Actual Loops": 3,
              "Plans": [
                {
                  "Node Type": "Hash Join",
                  "Parent Relationship": "Outer",
                  "Parallel Aware": false,
                  "Join Type": "Inner",
                  "Startup Cost": 8.73,
                  "Total Cost": 19114.11,
                  "Plan Rows": 2,
                  "Plan Width": 41,
                  "Actual Startup Time": 230.218,
                  "Actual Total Time": 1371.891,
                  "Actual Rows": 55077,
                  "Actual Loops": 3,
                  "Inner Unique": true,
                  "Hash Cond": "(mi.info_type_id = it2.id)",
                  "Plans": [
                    {
                      "Node Type": "Nested Loop",
                      "Parent Relationship": "Outer",
                      "Parallel Aware": false,
                      "Join Type": "Inner",
                      "Startup Cost": 6.3,
                      "Total Cost": 19111.12,
                      "Plan Rows": 207,
                      "Plan Width": 45,
                      "Actual Startup Time": 229.822,
                      "Actual Total Time": 1341.269,
                      "Actual Rows": 383798,
                      "Actual Loops": 3,
                      "Inner Unique": false,
                      "Plans": [
                        {
                          "Node Type": "Nested Loop",
                          "Parent Relationship": "Outer",
                          "Parallel Aware": false,
                          "Join Type": "Inner",
                          "Startup Cost": 5.87,
                          "Total Cost": 19099.69,
                          "Plan Rows": 6,
                          "Plan Width": 53,
                          "Actual Startup Time": 229.716,
                          "Actual Total Time": 1147.995,
                          "Actual Rows": 2309,
                          "Actual Loops": 3,
                          "Inner Unique": true,
                          "Plans": [
                            {
                              "Node Type": "Hash Join",
                              "Parent Relationship": "Outer",
                              "Parallel Aware": false,
                              "Join Type": "Inner",
                              "Startup Cost": 5.45,
                              "Total Cost": 18683.62,
                              "Plan Rows": 933,
                              "Plan Width": 38,
                              "Actual Startup Time": 227.845,
                              "Actual Total Time": 806.557,
                              "Actual Rows": 156825,
                              "Actual Loops": 3,
                              "Inner Unique": true,
                              "Hash Cond": "(mc.company_type_id = ct.id)",
                              "Plans": [
                                {
                                  "Node Type": "Nested Loop",
                                  "Parent Relationship": "Outer",
                                  "Parallel Aware": false,
                                  "Join Type": "Inner",
                                  "Startup Cost": 4.39,
                                  "Total Cost": 18662.39,
                                  "Plan Rows": 3731,
                                  "Plan Width": 42,
                                  "Actual Startup Time": 227.733,
                                  "Actual Total Time": 766.717,
                                  "Actual Rows": 257695,
                                  "Actual Loops": 3,
                                  "Inner Unique": false,
                                  "Plans": [
                                    {
                                      "Node Type": "Hash Join",
                                      "Parent Relationship": "Outer",
                                      "Parallel Aware": false,
                                      "Join Type": "Inner",
                                      "Startup Cost": 3.96,
                                      "Total Cost": 18217.25,
                                      "Plan Rows": 727,
                                      "Plan Width": 30,
                                      "Actual Startup Time": 227.622,
                                      "Actual Total Time": 526.064,
                                      "Actual Rows": 69960,
                                      "Actual Loops": 3,
                                      "Inner Unique": true,
                                      "Hash Cond": "(t.kind_id = kt.id)",
                                      "Plans": [
                                        {
                                          "Node Type": "Nested Loop",
                                          "Parent Relationship": "Outer",
                                          "Parallel Aware": false,
                                          "Join Type": "Inner",
                                          "Startup Cost": 2.86,
                                          "Total Cost": 18194.71,
                                          "Plan Rows": 5089,
                                          "Plan Width": 34,
                                          "Actual Startup Time": 0.285,
                                          "Actual Total Time": 504.305,
                                          "Actual Rows": 153308,
                                          "Actual Loops": 3,
                                          "Inner Unique": true,
                                          "Plans": [
                                            {
                                              "Node Type": "Hash Join",
                                              "Parent Relationship": "Outer",
                                              "Parallel Aware": false,
                                              "Join Type": "Inner",
                                              "Startup Cost": 2.43,
                                              "Total Cost": 15253.6,
                                              "Plan Rows": 5089,
                                              "Plan Width": 9,
                                              "Actual Startup Time": 0.123,
                                              "Actual Total Time": 106.186,
                                              "Actual Rows": 153308,
                                              "Actual Loops": 3,
                                              "Inner Unique": true,
                                              "Hash Cond": "(miidx.info_type_id = it.id)",
                                              "Plans": [
                                                {
                                                  "Node Type": "Seq Scan",
                                                  "Parent Relationship": "Outer",
                                                  "Parallel Aware": true,
                                                  "Relation Name": "movie_info_idx",
                                                  "Alias": "miidx",
                                                  "Startup Cost": 0.0,
                                                  "Total Cost": 13685.15,
                                                  "Plan Rows": 575015,
                                                  "Plan Width": 13,
                                                  "Actual Startup Time": 0.04,
                                                  "Actual Total Time": 45.216,
                                                  "Actual Rows": 460012,
                                                  "Actual Loops": 3
                                                },
                                                {
                                                  "Node Type": "Hash",
                                                  "Parent Relationship": "Inner",
                                                  "Parallel Aware": false,
                                                  "Startup Cost": 2.41,
                                                  "Total Cost": 2.41,
                                                  "Plan Rows": 1,
                                                  "Plan Width": 4,
                                                  "Actual Startup Time": 0.039,
                                                  "Actual Total Time": 0.039,
                                                  "Actual Rows": 1,
                                                  "Actual Loops": 3,
                                                  "Hash Buckets": 1024,
                                                  "Original Hash Buckets": 1024,
                                                  "Hash Batches": 1,
                                                  "Original Hash Batches": 1,
                                                  "Peak Memory Usage": 9,
                                                  "Plans": [
                                                    {
                                                      "Node Type": "Seq Scan",
                                                      "Parent Relationship": "Outer",
                                                      "Parallel Aware": false,
                                                      "Relation Name": "info_type",
                                                      "Alias": "it",
                                                      "Startup Cost": 0.0,
                                                      "Total Cost": 2.41,
                                                      "Plan Rows": 1,
                                                      "Plan Width": 4,
                                                      "Actual Startup Time": 0.023,
                                                      "Actual Total Time": 0.027,
                                                      "Actual Rows": 1,
                                                      "Actual Loops": 3,
                                                      "Filter": "((info)::text = 'rating'::text)",
                                                      "Rows Removed by Filter": 112
                                                    }
                                                  ]
                                                }
                                              ]
                                            },
                                            {
                                              "Node Type": "Index Scan",
                                              "Parent Relationship": "Inner",
                                              "Parallel Aware": false,
                                              "Scan Direction": "Forward",
                                              "Index Name": "title_pkey",
                                              "Relation Name": "title",
                                              "Alias": "t",
                                              "Startup Cost": 0.43,
                                              "Total Cost": 0.58,
                                              "Plan Rows": 1,
                                              "Plan Width": 25,
                                              "Actual Startup Time": 0.002,
                                              "Actual Total Time": 0.002,
                                              "Actual Rows": 1,
                                              "Actual Loops": 459925,
                                              "Index Cond": "(id = miidx.movie_id)",
                                              "Rows Removed by Index Recheck": 0
                                            }
                                          ]
                                        },
                                        {
                                          "Node Type": "Hash",
                                          "Parent Relationship": "Inner",
                                          "Parallel Aware": false,
                                          "Startup Cost": 1.09,
                                          "Total Cost": 1.09,
                                          "Plan Rows": 1,
                                          "Plan Width": 4,
                                          "Actual Startup Time": 0.039,
                                          "Actual Total Time": 0.04,
                                          "Actual Rows": 1,
                                          "Actual Loops": 3,
                                          "Hash Buckets": 1024,
                                          "Original Hash Buckets": 1024,
                                          "Hash Batches": 1,
                                          "Original Hash Batches": 1,
                                          "Peak Memory Usage": 9,
                                          "Plans": [
                                            {
                                              "Node Type": "Seq Scan",
                                              "Parent Relationship": "Outer",
                                              "Parallel Aware": false,
                                              "Relation Name": "kind_type",
                                              "Alias": "kt",
                                              "Startup Cost": 0.0,
                                              "Total Cost": 1.09,
                                              "Plan Rows": 1,
                                              "Plan Width": 4,
                                              "Actual Startup Time": 0.028,
                                              "Actual Total Time": 0.031,
                                              "Actual Rows": 1,
                                              "Actual Loops": 3,
                                              "Filter": "((kind)::text = 'movie'::text)",
                                              "Rows Removed by Filter": 6
                                            }
                                          ]
                                        }
                                      ]
                                    },
                                    {
                                      "Node Type": "Index Scan",
                                      "Parent Relationship": "Inner",
                                      "Parallel Aware": false,
                                      "Scan Direction": "Forward",
                                      "Index Name": "movie_id_movie_companies",
                                      "Relation Name": "movie_companies",
                                      "Alias": "mc",
                                      "Startup Cost": 0.43,
                                      "Total Cost": 0.56,
                                      "Plan Rows": 5,
                                      "Plan Width": 12,
                                      "Actual Startup Time": 0.002,
                                      "Actual Total Time": 0.003,
                                      "Actual Rows": 4,
                                      "Actual Loops": 209880,
                                      "Index Cond": "(movie_id = t.id)",
                                      "Rows Removed by Index Recheck": 0
                                    }
                                  ]
                                },
                                {
                                  "Node Type": "Hash",
                                  "Parent Relationship": "Inner",
                                  "Parallel Aware": false,
                                  "Startup Cost": 1.05,
                                  "Total Cost": 1.05,
                                  "Plan Rows": 1,
                                  "Plan Width": 4,
                                  "Actual Startup Time": 0.052,
                                  "Actual Total Time": 0.053,
                                  "Actual Rows": 1,
                                  "Actual Loops": 3,
                                  "Hash Buckets": 1024,
                                  "Original Hash Buckets": 1024,
                                  "Hash Batches": 1,
                                  "Original Hash Batches": 1,
                                  "Peak Memory Usage": 9,
                                  "Plans": [
                                    {
                                      "Node Type": "Seq Scan",
                                      "Parent Relationship": "Outer",
                                      "Parallel Aware": false,
                                      "Relation Name": "company_type",
                                      "Alias": "ct",
                                      "Startup Cost": 0.0,
                                      "Total Cost": 1.05,
                                      "Plan Rows": 1,
                                      "Plan Width": 4,
                                      "Actual Startup Time": 0.03,
                                      "Actual Total Time": 0.038,
                                      "Actual Rows": 1,
                                      "Actual Loops": 3,
                                      "Filter": "((kind)::text = 'distributors'::text)",
                                      "Rows Removed by Filter": 3
                                    }
                                  ]
                                }
                              ]
                            },
                            {
                              "Node Type": "Index Scan",
                              "Parent Relationship": "Inner",
                              "Parallel Aware": false,
                              "Scan Direction": "Forward",
                              "Index Name": "company_name_pkey",
                              "Relation Name": "company_name",
                              "Alias": "cn",
                              "Startup Cost": 0.42,
                              "Total Cost": 0.45,
                              "Plan Rows": 1,
                              "Plan Width": 23,
                              "Actual Startup Time": 0.002,
                              "Actual Total Time": 0.002,
                              "Actual Rows": 0,
                              "Actual Loops": 470474,
                              "Index Cond": "(id = mc.company_id)",
                              "Rows Removed by Index Recheck": 0,
                              "Filter": "((country_code)::text = '[se]'::text)",
                              "Rows Removed by Filter": 1
                            }
                          ]
                        },
                        {
                          "Node Type": "Index Scan",
                          "Parent Relationship": "Inner",
                          "Parallel Aware": false,
                          "Scan Direction": "Forward",
                          "Index Name": "movie_id_movie_info",
                          "Relation Name": "movie_info",
                          "Alias": "mi",
                          "Startup Cost": 0.43,
                          "Total Cost": 1.49,
                          "Plan Rows": 41,
                          "Plan Width": 8,
                          "Actual Startup Time": 0.012,
                          "Actual Total Time": 0.066,
                          "Actual Rows": 166,
                          "Actual Loops": 6927,
                          "Index Cond": "(movie_id = t.id)",
                          "Rows Removed by Index Recheck": 0
                        }
                      ]
                    },
                    {
                      "Node Type": "Hash",
                      "Parent Relationship": "Inner",
                      "Parallel Aware": false,
                      "Startup Cost": 2.41,
                      "Total Cost": 2.41,
                      "Plan Rows": 1,
                      "Plan Width": 4,
                      "Actual Startup Time": 0.091,
                      "Actual Total Time": 0.092,
                      "Actual Rows": 1,
                      "Actual Loops": 3,
                      "Hash Buckets": 1024,
                      "Original Hash Buckets": 1024,
                      "Hash Batches": 1,
                      "Original Hash Batches": 1,
                      "Peak Memory Usage": 9,
                      "Plans": [
                        {
                          "Node Type": "Seq Scan",
                          "Parent Relationship": "Outer",
                          "Parallel Aware": false,
                          "Relation Name": "info_type",
                          "Alias": "it2",
                          "Startup Cost": 0.0,
                          "Total Cost": 2.41,
                          "Plan Rows": 1,
                          "Plan Width": 4,
                          "Actual Startup Time": 0.058,
                          "Actual Total Time": 0.072,
                          "Actual Rows": 1,
                          "Actual Loops": 3,
                          "Filter": "((info)::text = 'release dates'::text)",
                          "Rows Removed by Filter": 112
                        }
                      ]
                    }
                  ]
                }
              ]
            }
          ]
        }
      ]
    },
    "Planning Time": 20.638,
    "Triggers": [],
    "Execution Time": 1433.465
  }
]