{
  "Plan": {
    "Node Type": "Aggregate",
    "Strategy": "Plain",
    "Partial Mode": "Finalize",
    "Parallel Aware": false,
    "Startup Cost": 37681.6,
    "Total Cost": 37681.61,
    "Plan Rows": 1,
    "Plan Width": 8,
    "Actual Startup Time": 105.235,
    "Actual Total Time": 126.721,
    "Actual Rows": 1,
    "Actual Loops": 1,
    "Plans": [
      {
        "Node Type": "Gather",
        "Parent Relationship": "Outer",
        "Parallel Aware": false,
        "Startup Cost": 37681.49,
        "Total Cost": 37681.6,
        "Plan Rows": 1,
        "Plan Width": 8,
        "Actual Startup Time": 105.015,
        "Actual Total Time": 126.714,
        "Actual Rows": 2,
        "Actual Loops": 1,
        "Workers Planned": 1,
        "Workers Launched": 1,
        "Single Copy": false,
        "Plans": [
          {
            "Node Type": "Aggregate",
            "Strategy": "Plain",
            "Partial Mode": "Partial",
            "Parent Relationship": "Outer",
            "Parallel Aware": false,
            "Startup Cost": 36681.49,
            "Total Cost": 36681.5,
            "Plan Rows": 1,
            "Plan Width": 8,
            "Actual Startup Time": 98.373,
            "Actual Total Time": 98.375,
            "Actual Rows": 1,
            "Actual Loops": 2,
            "Plans": [
              {
                "Node Type": "Nested Loop",
                "Parent Relationship": "Outer",
                "Parallel Aware": false,
                "Join Type": "Inner",
                "Startup Cost": 100.49,
                "Total Cost": 36615.5,
                "Plan Rows": 26396,
                "Plan Width": 0,
                "Actual Startup Time": 2.353,
                "Actual Total Time": 96.348,
                "Actual Rows": 28072,
                "Actual Loops": 2,
                "Inner Unique": false,
                "Plans": [
                  {
                    "Node Type": "Nested Loop",
                    "Parent Relationship": "Outer",
                    "Parallel Aware": false,
                    "Join Type": "Inner",
                    "Startup Cost": 99.92,
                    "Total Cost": 31305.53,
                    "Plan Rows": 2319,
                    "Plan Width": 8,
                    "Actual Startup Time": 2.155,
                    "Actual Total Time": 16.78,
                    "Actual Rows": 1930,
                    "Actual Loops": 2,
                    "Inner Unique": true,
                    "Plans": [
                      {
                        "Node Type": "Bitmap Heap Scan",
                        "Parent Relationship": "Outer",
                        "Parallel Aware": true,
                        "Relation Name": "movie_keyword",
                        "Alias": "mk",
                        "Startup Cost": 99.49,
                        "Total Cost": 11584.6,
                        "Plan Rows": 2661,
                        "Plan Width": 4,
                        "Actual Startup Time": 2.024,
                        "Actual Total Time": 6.025,
                        "Actual Rows": 1977,
                        "Actual Loops": 2,
                        "Recheck Cond": "(keyword_id = 16501)",
                        "Rows Removed by Index Recheck": 0,
                        "Exact Heap Blocks": 1964,
                        "Lossy Heap Blocks": 0,
                        "Plans": [
                          {
                            "Node Type": "Bitmap Index Scan",
                            "Parent Relationship": "Outer",
                            "Parallel Aware": false,
                            "Index Name": "keyword_id_movie_keyword",
                            "Startup Cost": 0.0,
                            "Total Cost": 98.36,
                            "Plan Rows": 4524,
                            "Plan Width": 0,
                            "Actual Startup Time": 2.587,
                            "Actual Total Time": 2.588,
                            "Actual Rows": 3954,
                            "Actual Loops": 1,
                            "Index Cond": "(keyword_id = 16501)"
                          }
                        ]
                      },
                      {
                        "Node Type": "Index Scan",
                        "Parent Relationship": "Inner",
                        "Parallel Aware": false,
                        "Scan Direction": "Forward",
                        "Index Name": "title_pkey",
                        "Relation Name": "title",
                        "Alias": "t",
                        "Startup Cost": 0.43,
                        "Total Cost": 7.41,
                        "Plan Rows": 1,
                        "Plan Width": 4,
                        "Actual Startup Time": 0.005,
                        "Actual Total Time": 0.005,
                        "Actual Rows": 1,
                        "Actual Loops": 3954,
                        "Index Cond": "(id = mk.movie_id)",
                        "Rows Removed by Index Recheck": 0,
                        "Filter": "(production_year > 1961)",
                        "Rows Removed by Filter": 0
                      }
                    ]
                  },
                  {
                    "Node Type": "Index Scan",
                    "Parent Relationship": "Inner",
                    "Parallel Aware": false,
                    "Scan Direction": "Forward",
                    "Index Name": "movie_id_cast_info",
                    "Relation Name": "cast_info",
                    "Alias": "ci",
                    "Startup Cost": 0.56,
                    "Total Cost": 2.0,
                    "Plan Rows": 29,
                    "Plan Width": 4,
                    "Actual Startup Time": 0.007,
                    "Actual Total Time": 0.04,
                    "Actual Rows": 15,
                    "Actual Loops": 3860,
                    "Index Cond": "(movie_id = t.id)",
                    "Rows Removed by Index Recheck": 0,
                    "Filter": "(role_id < 8)",
                    "Rows Removed by Filter": 3
                  }
                ]
              }
            ]
          }
        ]
      }
    ]
  },
  "Planning Time": 0.914,
  "Triggers": [],
  "Execution Time": 126.88
}