[
  {
    "Plan": {
      "Node Type": "Aggregate",
      "Strategy": "Plain",
      "Partial Mode": "Finalize",
      "Parallel Aware": false,
      "Startup Cost": 387670.31,
      "Total Cost": 387670.32,
      "Plan Rows": 1,
      "Plan Width": 8,
      "Actual Startup Time": 1501.697,
      "Actual Total Time": 1553.314,
      "Actual Rows": 1,
      "Actual Loops": 1,
      "Plans": [
        {
          "Node Type": "Gather",
          "Parent Relationship": "Outer",
          "Parallel Aware": false,
          "Startup Cost": 387669.69,
          "Total Cost": 387670.3,
          "Plan Rows": 6,
          "Plan Width": 8,
          "Actual Startup Time": 1497.106,
          "Actual Total Time": 1553.3,
          "Actual Rows": 7,
          "Actual Loops": 1,
          "Workers Planned": 6,
          "Workers Launched": 6,
          "Single Copy": false,
          "Plans": [
            {
              "Node Type": "Aggregate",
              "Strategy": "Plain",
              "Partial Mode": "Partial",
              "Parent Relationship": "Outer",
              "Parallel Aware": false,
              "Startup Cost": 386669.69,
              "Total Cost": 386669.7,
              "Plan Rows": 1,
              "Plan Width": 8,
              "Actual Startup Time": 1488.015,
              "Actual Total Time": 1488.019,
              "Actual Rows": 1,
              "Actual Loops": 7,
              "Plans": [
                {
                  "Node Type": "Hash Join",
                  "Parent Relationship": "Outer",
                  "Parallel Aware": true,
                  "Join Type": "Inner",
                  "Startup Cost": 45797.57,
                  "Total Cost": 384312.25,
                  "Plan Rows": 942976,
                  "Plan Width": 0,
                  "Actual Startup Time": 323.437,
                  "Actual Total Time": 1458.524,
                  "Actual Rows": 613352,
                  "Actual Loops": 7,
                  "Inner Unique": true,
                  "Hash Cond": "(ci.movie_id = t.id)",
                  "Plans": [
                    {
                      "Node Type": "Seq Scan",
                      "Parent Relationship": "Outer",
                      "Parallel Aware": true,
                      "Relation Name": "cast_info",
                      "Alias": "ci",
                      "Startup Cost": 0.0,
                      "Total Cost": 328211.39,
                      "Plan Rows": 3925053,
                      "Plan Width": 4,
                      "Actual Startup Time": 206.246,
                      "Actual Total Time": 679.518,
                      "Actual Rows": 3367665,
                      "Actual Loops": 7,
                      "Filter": "(role_id > 1)",
                      "Rows Removed by Filter": 1810098
                    },
                    {
                      "Node Type": "Hash",
                      "Parent Relationship": "Inner",
                      "Parallel Aware": true,
                      "Startup Cost": 43899.32,
                      "Total Cost": 43899.32,
                      "Plan Rows": 151860,
                      "Plan Width": 4,
                      "Actual Startup Time": 114.645,
                      "Actual Total Time": 114.646,
                      "Actual Rows": 88979,
                      "Actual Loops": 7,
                      "Hash Buckets": 1048576,
                      "Original Hash Buckets": 1048576,
                      "Hash Batches": 1,
                      "Original Hash Batches": 1,
                      "Peak Memory Usage": 32672,
                      "Plans": [
                        {
                          "Node Type": "Seq Scan",
                          "Parent Relationship": "Outer",
                          "Parallel Aware": true,
                          "Relation Name": "title",
                          "Alias": "t",
                          "Startup Cost": 0.0,
                          "Total Cost": 43899.32,
                          "Plan Rows": 151860,
                          "Plan Width": 4,
                          "Actual Startup Time": 0.042,
                          "Actual Total Time": 73.581,
                          "Actual Rows": 88979,
                          "Actual Loops": 7,
                          "Filter": "(production_year < 1987)",
                          "Rows Removed by Filter": 272209
                        }
                      ]
                    }
                  ]
                }
              ]
            }
          ]
        }
      ]
    },
    "Planning Time": 0.329,
    "Triggers": [],
    "Execution Time": 1553.378
  }
]