{
  "Plan": {
    "Node Type": "Aggregate",
    "Strategy": "Plain",
    "Partial Mode": "Finalize",
    "Parallel Aware": false,
    "Startup Cost": 260585.12,
    "Total Cost": 260585.13,
    "Plan Rows": 1,
    "Plan Width": 8,
    "Actual Startup Time": 461.211,
    "Actual Total Time": 474.541,
    "Actual Rows": 1,
    "Actual Loops": 1,
    "Plans": [
      {
        "Node Type": "Gather",
        "Parent Relationship": "Outer",
        "Parallel Aware": false,
        "Startup Cost": 260585.01,
        "Total Cost": 260585.12,
        "Plan Rows": 1,
        "Plan Width": 8,
        "Actual Startup Time": 458.933,
        "Actual Total Time": 474.531,
        "Actual Rows": 2,
        "Actual Loops": 1,
        "Workers Planned": 1,
        "Workers Launched": 1,
        "Single Copy": false,
        "Plans": [
          {
            "Node Type": "Aggregate",
            "Strategy": "Plain",
            "Partial Mode": "Partial",
            "Parent Relationship": "Outer",
            "Parallel Aware": false,
            "Startup Cost": 259585.01,
            "Total Cost": 259585.02,
            "Plan Rows": 1,
            "Plan Width": 8,
            "Actual Startup Time": 452.433,
            "Actual Total Time": 452.44,
            "Actual Rows": 1,
            "Actual Loops": 2,
            "Plans": [
              {
                "Node Type": "Hash Join",
                "Parent Relationship": "Outer",
                "Parallel Aware": true,
                "Join Type": "Inner",
                "Startup Cost": 240423.03,
                "Total Cost": 259568.55,
                "Plan Rows": 6584,
                "Plan Width": 0,
                "Actual Startup Time": 363.175,
                "Actual Total Time": 448.985,
                "Actual Rows": 86314,
                "Actual Loops": 2,
                "Inner Unique": false,
                "Hash Cond": "(mi_idx.movie_id = t.id)",
                "Plans": [
                  {
                    "Node Type": "Seq Scan",
                    "Parent Relationship": "Outer",
                    "Parallel Aware": true,
                    "Relation Name": "movie_info_idx",
                    "Alias": "mi_idx",
                    "Startup Cost": 0.0,
                    "Total Cost": 18082.32,
                    "Plan Rows": 273193,
                    "Plan Width": 4,
                    "Actual Startup Time": 0.027,
                    "Actual Total Time": 51.749,
                    "Actual Rows": 229962,
                    "Actual Loops": 2,
                    "Filter": "(info_type_id = 100)",
                    "Rows Removed by Filter": 460055
                  },
                  {
                    "Node Type": "Hash",
                    "Parent Relationship": "Inner",
                    "Parallel Aware": true,
                    "Startup Cost": 239975.04,
                    "Total Cost": 239975.04,
                    "Plan Rows": 35839,
                    "Plan Width": 8,
                    "Actual Startup Time": 360.261,
                    "Actual Total Time": 360.267,
                    "Actual Rows": 87396,
                    "Actual Loops": 2,
                    "Hash Buckets": 262144,
                    "Original Hash Buckets": 65536,
                    "Hash Batches": 1,
                    "Original Hash Batches": 1,
                    "Peak Memory Usage": 10464,
                    "Plans": [
                      {
                        "Node Type": "Hash Join",
                        "Parent Relationship": "Outer",
                        "Parallel Aware": true,
                        "Join Type": "Inner",
                        "Startup Cost": 67550.19,
                        "Total Cost": 239975.04,
                        "Plan Rows": 35839,
                        "Plan Width": 8,
                        "Actual Startup Time": 299.801,
                        "Actual Total Time": 339.435,
                        "Actual Rows": 87396,
                        "Actual Loops": 2,
                        "Inner Unique": true,
                        "Hash Cond": "(mi.movie_id = t.id)",
                        "Plans": [
                          {
                            "Node Type": "Bitmap Heap Scan",
                            "Parent Relationship": "Outer",
                            "Parallel Aware": true,
                            "Relation Name": "movie_info",
                            "Alias": "mi",
                            "Startup Cost": 3705.36,
                            "Total Cost": 175814.43,
                            "Plan Rows": 120298,
                            "Plan Width": 4,
                            "Actual Startup Time": 7.642,
                            "Actual Total Time": 25.553,
                            "Actual Rows": 98877,
                            "Actual Loops": 2,
                            "Recheck Cond": "(info_type_id > 106)",
                            "Rows Removed by Index Recheck": 0,
                            "Exact Heap Blocks": 2686,
                            "Lossy Heap Blocks": 0,
                            "Plans": [
                              {
                                "Node Type": "Bitmap Index Scan",
                                "Parent Relationship": "Outer",
                                "Parallel Aware": false,
                                "Index Name": "info_type_id_movie_info",
                                "Startup Cost": 0.0,
                                "Total Cost": 3654.24,
                                "Plan Rows": 204507,
                                "Plan Width": 0,
                                "Actual Startup Time": 6.945,
                                "Actual Total Time": 6.945,
                                "Actual Rows": 197754,
                                "Actual Loops": 1,
                                "Index Cond": "(info_type_id > 106)"
                              }
                            ]
                          },
                          {
                            "Node Type": "Hash",
                            "Parent Relationship": "Inner",
                            "Parallel Aware": true,
                            "Startup Cost": 58306.47,
                            "Total Cost": 58306.47,
                            "Plan Rows": 443069,
                            "Plan Width": 4,
                            "Actual Startup Time": 284.428,
                            "Actual Total Time": 284.429,
                            "Actual Rows": 396972,
                            "Actual Loops": 2,
                            "Hash Buckets": 1048576,
                            "Original Hash Buckets": 1048576,
                            "Hash Batches": 1,
                            "Original Hash Batches": 1,
                            "Peak Memory Usage": 39296,
                            "Plans": [
                              {
                                "Node Type": "Seq Scan",
                                "Parent Relationship": "Outer",
                                "Parallel Aware": true,
                                "Relation Name": "title",
                                "Alias": "t",
                                "Startup Cost": 0.0,
                                "Total Cost": 58306.47,
                                "Plan Rows": 443069,
                                "Plan Width": 4,
                                "Actual Startup Time": 0.035,
                                "Actual Total Time": 165.274,
                                "Actual Rows": 396972,
                                "Actual Loops": 2,
                                "Filter": "((kind_id < 7) AND (production_year < 2010))",
                                "Rows Removed by Filter": 867184
                              }
                            ]
                          }
                        ]
                      }
                    ]
                  }
                ]
              }
            ]
          }
        ]
      }
    ]
  },
  "Planning Time": 0.959,
  "Triggers": [],
  "Execution Time": 474.659
}