{
  "Plan": {
    "Node Type": "Aggregate",
    "Strategy": "Plain",
    "Partial Mode": "Finalize",
    "Parallel Aware": false,
    "Startup Cost": 109355.66,
    "Total Cost": 109355.67,
    "Plan Rows": 1,
    "Plan Width": 8,
    "Actual Startup Time": 419.692,
    "Actual Total Time": 431.497,
    "Actual Rows": 1,
    "Actual Loops": 1,
    "Plans": [
      {
        "Node Type": "Gather",
        "Parent Relationship": "Outer",
        "Parallel Aware": false,
        "Startup Cost": 109355.54,
        "Total Cost": 109355.65,
        "Plan Rows": 1,
        "Plan Width": 8,
        "Actual Startup Time": 419.22,
        "Actual Total Time": 431.491,
        "Actual Rows": 2,
        "Actual Loops": 1,
        "Workers Planned": 1,
        "Workers Launched": 1,
        "Single Copy": false,
        "Plans": [
          {
            "Node Type": "Aggregate",
            "Strategy": "Plain",
            "Partial Mode": "Partial",
            "Parent Relationship": "Outer",
            "Parallel Aware": false,
            "Startup Cost": 108355.54,
            "Total Cost": 108355.55,
            "Plan Rows": 1,
            "Plan Width": 8,
            "Actual Startup Time": 415.067,
            "Actual Total Time": 415.07,
            "Actual Rows": 1,
            "Actual Loops": 2,
            "Plans": [
              {
                "Node Type": "Hash Join",
                "Parent Relationship": "Outer",
                "Parallel Aware": true,
                "Join Type": "Inner",
                "Startup Cost": 45101.22,
                "Total Cost": 107831.31,
                "Plan Rows": 209694,
                "Plan Width": 0,
                "Actual Startup Time": 294.442,
                "Actual Total Time": 412.64,
                "Actual Rows": 57818,
                "Actual Loops": 2,
                "Inner Unique": false,
                "Hash Cond": "(t.id = mc.movie_id)",
                "Plans": [
                  {
                    "Node Type": "Seq Scan",
                    "Parent Relationship": "Outer",
                    "Parallel Aware": true,
                    "Relation Name": "title",
                    "Alias": "t",
                    "Startup Cost": 0.0,
                    "Total Cost": 54588.39,
                    "Plan Rows": 1105314,
                    "Plan Width": 4,
                    "Actual Startup Time": 0.011,
                    "Actual Total Time": 148.678,
                    "Actual Rows": 935599,
                    "Actual Loops": 2,
                    "Filter": "(production_year > 1984)",
                    "Rows Removed by Filter": 328557
                  },
                  {
                    "Node Type": "Hash",
                    "Parent Relationship": "Inner",
                    "Parallel Aware": true,
                    "Startup Cost": 41574.35,
                    "Total Cost": 41574.35,
                    "Plan Rows": 282149,
                    "Plan Width": 4,
                    "Actual Startup Time": 130.606,
                    "Actual Total Time": 130.607,
                    "Actual Rows": 86876,
                    "Actual Loops": 2,
                    "Hash Buckets": 524288,
                    "Original Hash Buckets": 524288,
                    "Hash Batches": 1,
                    "Original Hash Batches": 1,
                    "Peak Memory Usage": 10912,
                    "Plans": [
                      {
                        "Node Type": "Index Scan",
                        "Parent Relationship": "Outer",
                        "Parallel Aware": true,
                        "Scan Direction": "Forward",
                        "Index Name": "company_type_id_movie_companies",
                        "Relation Name": "movie_companies",
                        "Alias": "mc",
                        "Startup Cost": 0.43,
                        "Total Cost": 41574.35,
                        "Plan Rows": 282149,
                        "Plan Width": 4,
                        "Actual Startup Time": 45.293,
                        "Actual Total Time": 108.22,
                        "Actual Rows": 86876,
                        "Actual Loops": 2,
                        "Index Cond": "(company_type_id = 1)",
                        "Rows Removed by Index Recheck": 0,
                        "Filter": "(company_id > 17139)",
                        "Rows Removed by Filter": 550247
                      }
                    ]
                  }
                ]
              }
            ]
          }
        ]
      }
    ]
  },
  "Planning Time": 0.484,
  "Triggers": [],
  "Execution Time": 431.571
}