[
  {
    "Plan": {
      "Node Type": "Aggregate",
      "Strategy": "Plain",
      "Partial Mode": "Finalize",
      "Parallel Aware": false,
      "Startup Cost": 350959.6,
      "Total Cost": 350959.61,
      "Plan Rows": 1,
      "Plan Width": 8,
      "Actual Startup Time": 689.091,
      "Actual Total Time": 745.183,
      "Actual Rows": 1,
      "Actual Loops": 1,
      "Plans": [
        {
          "Node Type": "Gather",
          "Parent Relationship": "Outer",
          "Parallel Aware": false,
          "Startup Cost": 350958.98,
          "Total Cost": 350959.59,
          "Plan Rows": 6,
          "Plan Width": 8,
          "Actual Startup Time": 688.971,
          "Actual Total Time": 745.171,
          "Actual Rows": 7,
          "Actual Loops": 1,
          "Workers Planned": 6,
          "Workers Launched": 6,
          "Single Copy": false,
          "Plans": [
            {
              "Node Type": "Aggregate",
              "Strategy": "Plain",
              "Partial Mode": "Partial",
              "Parent Relationship": "Outer",
              "Parallel Aware": false,
              "Startup Cost": 349958.98,
              "Total Cost": 349958.99,
              "Plan Rows": 1,
              "Plan Width": 8,
              "Actual Startup Time": 680.006,
              "Actual Total Time": 680.007,
              "Actual Rows": 1,
              "Actual Loops": 7,
              "Plans": [
                {
                  "Node Type": "Seq Scan",
                  "Parent Relationship": "Outer",
                  "Parallel Aware": true,
                  "Relation Name": "cast_info",
                  "Alias": "ci",
                  "Startup Cost": 0.0,
                  "Total Cost": 343257.03,
                  "Plan Rows": 2680780,
                  "Plan Width": 0,
                  "Actual Startup Time": 212.559,
                  "Actual Total Time": 612.327,
                  "Actual Rows": 1706054,
                  "Actual Loops": 7,
                  "Filter": "((person_id < 2531004) AND (role_id > 1))",
                  "Rows Removed by Filter": 3471710
                }
              ]
            }
          ]
        }
      ]
    },
    "Planning Time": 0.228,
    "Triggers": [],
    "Execution Time": 745.259
  }
]