[
  {
    "Plan": {
      "Node Type": "Aggregate",
      "Strategy": "Plain",
      "Partial Mode": "Finalize",
      "Parallel Aware": false,
      "Startup Cost": 373495.71,
      "Total Cost": 373495.72,
      "Plan Rows": 1,
      "Plan Width": 8,
      "Actual Startup Time": 636.512,
      "Actual Total Time": 683.116,
      "Actual Rows": 1,
      "Actual Loops": 1,
      "Plans": [
        {
          "Node Type": "Gather",
          "Parent Relationship": "Outer",
          "Parallel Aware": false,
          "Startup Cost": 373495.09,
          "Total Cost": 373495.7,
          "Plan Rows": 6,
          "Plan Width": 8,
          "Actual Startup Time": 635.723,
          "Actual Total Time": 683.105,
          "Actual Rows": 7,
          "Actual Loops": 1,
          "Workers Planned": 6,
          "Workers Launched": 6,
          "Single Copy": false,
          "Plans": [
            {
              "Node Type": "Aggregate",
              "Strategy": "Plain",
              "Partial Mode": "Partial",
              "Parent Relationship": "Outer",
              "Parallel Aware": false,
              "Startup Cost": 372495.09,
              "Total Cost": 372495.1,
              "Plan Rows": 1,
              "Plan Width": 8,
              "Actual Startup Time": 627.77,
              "Actual Total Time": 627.773,
              "Actual Rows": 1,
              "Actual Loops": 7,
              "Plans": [
                {
                  "Node Type": "Hash Join",
                  "Parent Relationship": "Outer",
                  "Parallel Aware": true,
                  "Join Type": "Inner",
                  "Startup Cost": 45770.5,
                  "Total Cost": 372441.93,
                  "Plan Rows": 21264,
                  "Plan Width": 0,
                  "Actual Startup Time": 79.427,
                  "Actual Total Time": 624.63,
                  "Actual Rows": 57288,
                  "Actual Loops": 7,
                  "Inner Unique": true,
                  "Hash Cond": "(ci.movie_id = t.id)",
                  "Plans": [
                    {
                      "Node Type": "Index Scan",
                      "Parent Relationship": "Outer",
                      "Parallel Aware": true,
                      "Scan Direction": "Forward",
                      "Index Name": "role_id_cast_info",
                      "Relation Name": "cast_info",
                      "Alias": "ci",
                      "Startup Cost": 0.56,
                      "Total Cost": 325153.08,
                      "Plan Rows": 578632,
                      "Plan Width": 4,
                      "Actual Startup Time": 0.189,
                      "Actual Total Time": 375.315,
                      "Actual Rows": 1118071,
                      "Actual Loops": 7,
                      "Index Cond": "(role_id > 3)",
                      "Rows Removed by Index Recheck": 0,
                      "Filter": "(person_id > 2685979)",
                      "Rows Removed by Filter": 612450
                    },
                    {
                      "Node Type": "Hash",
                      "Parent Relationship": "Inner",
                      "Parallel Aware": true,
                      "Startup Cost": 45479.59,
                      "Total Cost": 45479.59,
                      "Plan Rows": 23228,
                      "Plan Width": 4,
                      "Actual Startup Time": 78.159,
                      "Actual Total Time": 78.161,
                      "Actual Rows": 14370,
                      "Actual Loops": 7,
                      "Hash Buckets": 131072,
                      "Original Hash Buckets": 131072,
                      "Hash Batches": 1,
                      "Original Hash Batches": 1,
                      "Peak Memory Usage": 5088,
                      "Plans": [
                        {
                          "Node Type": "Seq Scan",
                          "Parent Relationship": "Outer",
                          "Parallel Aware": true,
                          "Relation Name": "title",
                          "Alias": "t",
                          "Startup Cost": 0.0,
                          "Total Cost": 45479.59,
                          "Plan Rows": 23228,
                          "Plan Width": 4,
                          "Actual Startup Time": 0.045,
                          "Actual Total Time": 71.162,
                          "Actual Rows": 14370,
                          "Actual Loops": 7,
                          "Filter": "((kind_id > 1) AND (production_year = 2009))",
                          "Rows Removed by Filter": 346817
                        }
                      ]
                    }
                  ]
                }
              ]
            }
          ]
        }
      ]
    },
    "Planning Time": 0.295,
    "Triggers": [],
    "Execution Time": 683.179
  }
]