[
  {
    "Plan": {
      "Node Type": "Aggregate",
      "Strategy": "Plain",
      "Partial Mode": "Finalize",
      "Parallel Aware": false,
      "Startup Cost": 342419.87,
      "Total Cost": 342419.88,
      "Plan Rows": 1,
      "Plan Width": 8,
      "Actual Startup Time": 823.583,
      "Actual Total Time": 879.664,
      "Actual Rows": 1,
      "Actual Loops": 1,
      "Plans": [
        {
          "Node Type": "Gather",
          "Parent Relationship": "Outer",
          "Parallel Aware": false,
          "Startup Cost": 342419.24,
          "Total Cost": 342419.85,
          "Plan Rows": 6,
          "Plan Width": 8,
          "Actual Startup Time": 823.452,
          "Actual Total Time": 879.655,
          "Actual Rows": 7,
          "Actual Loops": 1,
          "Workers Planned": 6,
          "Workers Launched": 6,
          "Single Copy": false,
          "Plans": [
            {
              "Node Type": "Aggregate",
              "Strategy": "Plain",
              "Partial Mode": "Partial",
              "Parent Relationship": "Outer",
              "Parallel Aware": false,
              "Startup Cost": 341419.24,
              "Total Cost": 341419.25,
              "Plan Rows": 1,
              "Plan Width": 8,
              "Actual Startup Time": 815.474,
              "Actual Total Time": 815.475,
              "Actual Rows": 1,
              "Actual Loops": 7,
              "Plans": [
                {
                  "Node Type": "Seq Scan",
                  "Parent Relationship": "Outer",
                  "Parallel Aware": true,
                  "Relation Name": "cast_info",
                  "Alias": "ci",
                  "Startup Cost": 0.0,
                  "Total Cost": 328162.03,
                  "Plan Rows": 5302886,
                  "Plan Width": 0,
                  "Actual Startup Time": 56.875,
                  "Actual Total Time": 631.912,
                  "Actual Rows": 4533260,
                  "Actual Loops": 7,
                  "Filter": "(person_id > 435568)",
                  "Rows Removed by Filter": 644503
                }
              ]
            }
          ]
        }
      ]
    },
    "Planning Time": 0.124,
    "Triggers": [],
    "Execution Time": 879.717
  }
]