[
  {
    "Plan": {
      "Node Type": "Aggregate",
      "Strategy": "Plain",
      "Partial Mode": "Finalize",
      "Parallel Aware": false,
      "Startup Cost": 339641.27,
      "Total Cost": 339641.28,
      "Plan Rows": 1,
      "Plan Width": 8,
      "Actual Startup Time": 5217.336,
      "Actual Total Time": 5259.048,
      "Actual Rows": 1,
      "Actual Loops": 1,
      "Plans": [
        {
          "Node Type": "Gather",
          "Parent Relationship": "Outer",
          "Parallel Aware": false,
          "Startup Cost": 339640.75,
          "Total Cost": 339641.26,
          "Plan Rows": 5,
          "Plan Width": 8,
          "Actual Startup Time": 5197.948,
          "Actual Total Time": 5259.036,
          "Actual Rows": 6,
          "Actual Loops": 1,
          "Workers Planned": 5,
          "Workers Launched": 5,
          "Single Copy": false,
          "Plans": [
            {
              "Node Type": "Aggregate",
              "Strategy": "Plain",
              "Partial Mode": "Partial",
              "Parent Relationship": "Outer",
              "Parallel Aware": false,
              "Startup Cost": 338640.75,
              "Total Cost": 338640.76,
              "Plan Rows": 1,
              "Plan Width": 8,
              "Actual Startup Time": 5176.926,
              "Actual Total Time": 5177.454,
              "Actual Rows": 1,
              "Actual Loops": 6,
              "Plans": [
                {
                  "Node Type": "Hash Join",
                  "Parent Relationship": "Outer",
                  "Parallel Aware": true,
                  "Join Type": "Inner",
                  "Startup Cost": 111614.07,
                  "Total Cost": 327996.57,
                  "Plan Rows": 4257670,
                  "Plan Width": 0,
                  "Actual Startup Time": 690.327,
                  "Actual Total Time": 3827.444,
                  "Actual Rows": 32658663,
                  "Actual Loops": 6,
                  "Inner Unique": false,
                  "Hash Cond": "(mi.movie_id = t.id)",
                  "Plans": [
                    {
                      "Node Type": "Seq Scan",
                      "Parent Relationship": "Outer",
                      "Parallel Aware": true,
                      "Relation Name": "movie_info",
                      "Alias": "mi",
                      "Startup Cost": 0.0,
                      "Total Cost": 191560.33,
                      "Plan Rows": 2956733,
                      "Plan Width": 4,
                      "Actual Startup Time": 0.059,
                      "Actual Total Time": 308.173,
                      "Actual Rows": 2472620,
                      "Actual Loops": 6
                    },
                    {
                      "Node Type": "Hash",
                      "Parent Relationship": "Inner",
                      "Parallel Aware": true,
                      "Startup Cost": 96933.75,
                      "Total Cost": 96933.75,
                      "Plan Rows": 1174426,
                      "Plan Width": 8,
                      "Actual Startup Time": 681.761,
                      "Actual Total Time": 682.287,
                      "Actual Rows": 575882,
                      "Actual Loops": 6,
                      "Hash Buckets": 4194304,
                      "Original Hash Buckets": 4194304,
                      "Hash Batches": 1,
                      "Original Hash Batches": 1,
                      "Peak Memory Usage": 168000,
                      "Plans": [
                        {
                          "Node Type": "Hash Join",
                          "Parent Relationship": "Outer",
                          "Parallel Aware": true,
                          "Join Type": "Inner",
                          "Startup Cost": 50607.04,
                          "Total Cost": 96933.75,
                          "Plan Rows": 1174426,
                          "Plan Width": 8,
                          "Actual Startup Time": 271.647,
                          "Actual Total Time": 503.901,
                          "Actual Rows": 575882,
                          "Actual Loops": 6,
                          "Inner Unique": true,
                          "Hash Cond": "(mk.movie_id = t.id)",
                          "Plans": [
                            {
                              "Node Type": "Seq Scan",
                              "Parent Relationship": "Outer",
                              "Parallel Aware": true,
                              "Relation Name": "movie_keyword",
                              "Alias": "mk",
                              "Startup Cost": 0.0,
                              "Total Cost": 42695.65,
                              "Plan Rows": 1383255,
                              "Plan Width": 4,
                              "Actual Startup Time": 0.044,
                              "Actual Total Time": 99.672,
                              "Actual Rows": 713587,
                              "Actual Loops": 6,
                              "Filter": "(keyword_id > 196)",
                              "Rows Removed by Filter": 40401
                            },
                            {
                              "Node Type": "Hash",
                              "Parent Relationship": "Inner",
                              "Parallel Aware": true,
                              "Startup Cost": 43898.92,
                              "Total Cost": 43898.92,
                              "Plan Rows": 536650,
                              "Plan Width": 4,
                              "Actual Startup Time": 267.635,
                              "Actual Total Time": 267.637,
                              "Actual Rows": 355496,
                              "Actual Loops": 6,
                              "Hash Buckets": 4194304,
                              "Original Hash Buckets": 4194304,
                              "Hash Batches": 1,
                              "Original Hash Batches": 1,
                              "Peak Memory Usage": 116288,
                              "Plans": [
                                {
                                  "Node Type": "Seq Scan",
                                  "Parent Relationship": "Outer",
                                  "Parallel Aware": true,
                                  "Relation Name": "title",
                                  "Alias": "t",
                                  "Startup Cost": 0.0,
                                  "Total Cost": 43898.92,
                                  "Plan Rows": 536650,
                                  "Plan Width": 4,
                                  "Actual Startup Time": 0.048,
                                  "Actual Total Time": 94.597,
                                  "Actual Rows": 355496,
                                  "Actual Loops": 6,
                                  "Filter": "(production_year > 1966)",
                                  "Rows Removed by Filter": 65890
                                }
                              ]
                            }
                          ]
                        }
                      ]
                    }
                  ]
                }
              ]
            }
          ]
        }
      ]
    },
    "Planning Time": 1.348,
    "Triggers": [],
    "Execution Time": 5259.133
  }
]