[
  {
    "Plan": {
      "Node Type": "Aggregate",
      "Strategy": "Plain",
      "Partial Mode": "Finalize",
      "Parallel Aware": false,
      "Startup Cost": 46645.74,
      "Total Cost": 46645.75,
      "Plan Rows": 1,
      "Plan Width": 8,
      "Actual Startup Time": 180.28,
      "Actual Total Time": 189.683,
      "Actual Rows": 1,
      "Actual Loops": 1,
      "Plans": [
        {
          "Node Type": "Gather",
          "Parent Relationship": "Outer",
          "Parallel Aware": false,
          "Startup Cost": 46645.43,
          "Total Cost": 46645.74,
          "Plan Rows": 3,
          "Plan Width": 8,
          "Actual Startup Time": 180.148,
          "Actual Total Time": 189.674,
          "Actual Rows": 4,
          "Actual Loops": 1,
          "Workers Planned": 3,
          "Workers Launched": 3,
          "Single Copy": false,
          "Plans": [
            {
              "Node Type": "Aggregate",
              "Strategy": "Plain",
              "Partial Mode": "Partial",
              "Parent Relationship": "Outer",
              "Parallel Aware": false,
              "Startup Cost": 45645.43,
              "Total Cost": 45645.44,
              "Plan Rows": 1,
              "Plan Width": 8,
              "Actual Startup Time": 171.824,
              "Actual Total Time": 171.825,
              "Actual Rows": 1,
              "Actual Loops": 4,
              "Plans": [
                {
                  "Node Type": "Seq Scan",
                  "Parent Relationship": "Outer",
                  "Parallel Aware": true,
                  "Relation Name": "movie_keyword",
                  "Alias": "mk",
                  "Startup Cost": 0.0,
                  "Total Cost": 42695.65,
                  "Plan Rows": 1179909,
                  "Plan Width": 0,
                  "Actual Startup Time": 0.132,
                  "Actual Total Time": 129.073,
                  "Actual Rows": 911966,
                  "Actual Loops": 4,
                  "Filter": "(keyword_id > 830)",
                  "Rows Removed by Filter": 219016
                }
              ]
            }
          ]
        }
      ]
    },
    "Planning Time": 0.161,
    "Triggers": [],
    "Execution Time": 189.736
  }
]