[
    {
        "Bao": {
            "Bao prediction": "NaN",
            "Bao recommended hint": "(no hint)"
        }
    },
    {
        "Plan": {
            "Node Type": "Aggregate",
            "Strategy": "Plain",
            "Partial Mode": "Simple",
            "Parallel Aware": false,
            "Startup Cost": 225303.39,
            "Total Cost": 225303.4,
            "Plan Rows": 1,
            "Plan Width": 8,
            "Actual Startup Time": 58.504,
            "Actual Total Time": 58.505,
            "Actual Rows": 1,
            "Actual Loops": 1,
            "Output": [
                "count(*)"
            ],
            "Plans": [
                {
                    "Node Type": "Index Scan",
                    "Parent Relationship": "Outer",
                    "Parallel Aware": false,
                    "Scan Direction": "Forward",
                    "Index Name": "person_id_cast_info",
                    "Relation Name": "cast_info",
                    "Schema": "public",
                    "Alias": "ci",
                    "Startup Cost": 0.56,
                    "Total Cost": 225010.78,
                    "Plan Rows": 117046,
                    "Plan Width": 0,
                    "Actual Startup Time": 0.038,
                    "Actual Total Time": 47.758,
                    "Actual Rows": 126019,
                    "Actual Loops": 1,
                    "Output": [
                        "id",
                        "person_id",
                        "movie_id",
                        "person_role_id",
                        "note",
                        "nr_order",
                        "role_id"
                    ],
                    "Index Cond": "(ci.person_id < 16264)",
                    "Rows Removed by Index Recheck": 0,
                    "Filter": "(ci.role_id < 9)",
                    "Rows Removed by Filter": 7372
                }
            ]
        },
        "Planning Time": 275.047,
        "Triggers": [],
        "Execution Time": 58.594
    }
]