[
  {
    "Plan": {
      "Node Type": "Aggregate",
      "Strategy": "Plain",
      "Partial Mode": "Finalize",
      "Parallel Aware": false,
      "Startup Cost": 452411.26,
      "Total Cost": 452411.27,
      "Plan Rows": 1,
      "Plan Width": 8,
      "Actual Startup Time": 1852.185,
      "Actual Total Time": 1938.975,
      "Actual Rows": 1,
      "Actual Loops": 1,
      "Plans": [
        {
          "Node Type": "Gather",
          "Parent Relationship": "Outer",
          "Parallel Aware": false,
          "Startup Cost": 452410.64,
          "Total Cost": 452411.25,
          "Plan Rows": 6,
          "Plan Width": 8,
          "Actual Startup Time": 1838.112,
          "Actual Total Time": 1938.961,
          "Actual Rows": 7,
          "Actual Loops": 1,
          "Workers Planned": 6,
          "Workers Launched": 6,
          "Single Copy": false,
          "Plans": [
            {
              "Node Type": "Aggregate",
              "Strategy": "Plain",
              "Partial Mode": "Partial",
              "Parent Relationship": "Outer",
              "Parallel Aware": false,
              "Startup Cost": 451410.64,
              "Total Cost": 451410.65,
              "Plan Rows": 1,
              "Plan Width": 8,
              "Actual Startup Time": 1827.064,
              "Actual Total Time": 1827.345,
              "Actual Rows": 1,
              "Actual Loops": 7,
              "Plans": [
                {
                  "Node Type": "Hash Join",
                  "Parent Relationship": "Outer",
                  "Parallel Aware": true,
                  "Join Type": "Inner",
                  "Startup Cost": 98144.38,
                  "Total Cost": 447216.57,
                  "Plan Rows": 1677627,
                  "Plan Width": 0,
                  "Actual Startup Time": 367.025,
                  "Actual Total Time": 1781.467,
                  "Actual Rows": 790757,
                  "Actual Loops": 7,
                  "Inner Unique": false,
                  "Hash Cond": "(ci.movie_id = t.id)",
                  "Plans": [
                    {
                      "Node Type": "Seq Scan",
                      "Parent Relationship": "Outer",
                      "Parallel Aware": true,
                      "Relation Name": "cast_info",
                      "Alias": "ci",
                      "Startup Cost": 0.0,
                      "Total Cost": 328211.39,
                      "Plan Rows": 4119762,
                      "Plan Width": 4,
                      "Actual Startup Time": 0.044,
                      "Actual Total Time": 791.96,
                      "Actual Rows": 3549015,
                      "Actual Loops": 7,
                      "Filter": "(person_id < 2558759)",
                      "Rows Removed by Filter": 1628749
                    },
                    {
                      "Node Type": "Hash",
                      "Parent Relationship": "Inner",
                      "Parallel Aware": true,
                      "Startup Cost": 93992.73,
                      "Total Cost": 93992.73,
                      "Plan Rows": 332132,
                      "Plan Width": 8,
                      "Actual Startup Time": 364.082,
                      "Actual Total Time": 364.361,
                      "Actual Rows": 34134,
                      "Actual Loops": 7,
                      "Hash Buckets": 1048576,
                      "Original Hash Buckets": 1048576,
                      "Hash Batches": 1,
                      "Original Hash Batches": 1,
                      "Peak Memory Usage": 17664,
                      "Plans": [
                        {
                          "Node Type": "Hash Join",
                          "Parent Relationship": "Outer",
                          "Parallel Aware": true,
                          "Join Type": "Inner",
                          "Startup Cost": 49642.15,
                          "Total Cost": 93992.73,
                          "Plan Rows": 332132,
                          "Plan Width": 8,
                          "Actual Startup Time": 210.553,
                          "Actual Total Time": 344.873,
                          "Actual Rows": 34134,
                          "Actual Loops": 7,
                          "Inner Unique": true,
                          "Hash Cond": "(mk.movie_id = t.id)",
                          "Plans": [
                            {
                              "Node Type": "Seq Scan",
                              "Parent Relationship": "Outer",
                              "Parallel Aware": true,
                              "Relation Name": "movie_keyword",
                              "Alias": "mk",
                              "Startup Cost": 0.0,
                              "Total Cost": 42695.65,
                              "Plan Rows": 630449,
                              "Plan Width": 4,
                              "Actual Startup Time": 0.027,
                              "Actual Total Time": 84.151,
                              "Actual Rows": 279909,
                              "Actual Loops": 7,
                              "Filter": "(keyword_id < 3414)",
                              "Rows Removed by Filter": 366366
                            },
                            {
                              "Node Type": "Hash",
                              "Parent Relationship": "Inner",
                              "Parallel Aware": true,
                              "Startup Cost": 45479.59,
                              "Total Cost": 45479.59,
                              "Plan Rows": 333005,
                              "Plan Width": 4,
                              "Actual Startup Time": 207.905,
                              "Actual Total Time": 207.906,
                              "Actual Rows": 200829,
                              "Actual Loops": 7,
                              "Hash Buckets": 2097152,
                              "Original Hash Buckets": 2097152,
                              "Hash Batches": 1,
                              "Original Hash Batches": 1,
                              "Peak Memory Usage": 71456,
                              "Plans": [
                                {
                                  "Node Type": "Seq Scan",
                                  "Parent Relationship": "Outer",
                                  "Parallel Aware": true,
                                  "Relation Name": "title",
                                  "Alias": "t",
                                  "Startup Cost": 0.0,
                                  "Total Cost": 45479.59,
                                  "Plan Rows": 333005,
                                  "Plan Width": 4,
                                  "Actual Startup Time": 0.063,
                                  "Actual Total Time": 94.859,
                                  "Actual Rows": 200829,
                                  "Actual Loops": 7,
                                  "Filter": "((production_year > 1963) AND (kind_id = 7))",
                                  "Rows Removed by Filter": 160359
                                }
                              ]
                            }
                          ]
                        }
                      ]
                    }
                  ]
                }
              ]
            }
          ]
        }
      ]
    },
    "Planning Time": 0.935,
    "Triggers": [],
    "Execution Time": 1939.06
  }
]