[
  {
    "Plan": {
      "Node Type": "Aggregate",
      "Strategy": "Plain",
      "Partial Mode": "Finalize",
      "Parallel Aware": false,
      "Startup Cost": 452316.64,
      "Total Cost": 452316.65,
      "Plan Rows": 1,
      "Plan Width": 8,
      "Actual Startup Time": 1579.221,
      "Actual Total Time": 1650.251,
      "Actual Rows": 1,
      "Actual Loops": 1,
      "Plans": [
        {
          "Node Type": "Gather",
          "Parent Relationship": "Outer",
          "Parallel Aware": false,
          "Startup Cost": 452316.01,
          "Total Cost": 452316.62,
          "Plan Rows": 6,
          "Plan Width": 8,
          "Actual Startup Time": 1572.962,
          "Actual Total Time": 1650.235,
          "Actual Rows": 7,
          "Actual Loops": 1,
          "Workers Planned": 6,
          "Workers Launched": 6,
          "Single Copy": false,
          "Plans": [
            {
              "Node Type": "Aggregate",
              "Strategy": "Plain",
              "Partial Mode": "Partial",
              "Parent Relationship": "Outer",
              "Parallel Aware": false,
              "Startup Cost": 451316.01,
              "Total Cost": 451316.02,
              "Plan Rows": 1,
              "Plan Width": 8,
              "Actual Startup Time": 1561.949,
              "Actual Total Time": 1562.125,
              "Actual Rows": 1,
              "Actual Loops": 7,
              "Plans": [
                {
                  "Node Type": "Hash Join",
                  "Parent Relationship": "Outer",
                  "Parallel Aware": true,
                  "Join Type": "Inner",
                  "Startup Cost": 98107.38,
                  "Total Cost": 447135.68,
                  "Plan Rows": 1672133,
                  "Plan Width": 0,
                  "Actual Startup Time": 338.206,
                  "Actual Total Time": 1524.351,
                  "Actual Rows": 790757,
                  "Actual Loops": 7,
                  "Inner Unique": false,
                  "Hash Cond": "(ci.movie_id = t.id)",
                  "Plans": [
                    {
                      "Node Type": "Seq Scan",
                      "Parent Relationship": "Outer",
                      "Parallel Aware": true,
                      "Relation Name": "cast_info",
                      "Alias": "ci",
                      "Startup Cost": 0.0,
                      "Total Cost": 328162.03,
                      "Plan Rows": 4125946,
                      "Plan Width": 4,
                      "Actual Startup Time": 0.022,
                      "Actual Total Time": 654.785,
                      "Actual Rows": 3549015,
                      "Actual Loops": 7,
                      "Filter": "(person_id < 2558759)",
                      "Rows Removed by Filter": 1628749
                    },
                    {
                      "Node Type": "Hash",
                      "Parent Relationship": "Inner",
                      "Parallel Aware": true,
                      "Startup Cost": 93975.73,
                      "Total Cost": 93975.73,
                      "Plan Rows": 330532,
                      "Plan Width": 8,
                      "Actual Startup Time": 334.8,
                      "Actual Total Time": 334.974,
                      "Actual Rows": 34134,
                      "Actual Loops": 7,
                      "Hash Buckets": 1048576,
                      "Original Hash Buckets": 1048576,
                      "Hash Batches": 1,
                      "Original Hash Batches": 1,
                      "Peak Memory Usage": 17632,
                      "Plans": [
                        {
                          "Node Type": "Hash Join",
                          "Parent Relationship": "Outer",
                          "Parallel Aware": true,
                          "Join Type": "Inner",
                          "Startup Cost": 49627.65,
                          "Total Cost": 93975.73,
                          "Plan Rows": 330532,
                          "Plan Width": 8,
                          "Actual Startup Time": 195.18,
                          "Actual Total Time": 315.48,
                          "Actual Rows": 34134,
                          "Actual Loops": 7,
                          "Inner Unique": true,
                          "Hash Cond": "(mk.movie_id = t.id)",
                          "Plans": [
                            {
                              "Node Type": "Seq Scan",
                              "Parent Relationship": "Outer",
                              "Parallel Aware": true,
                              "Relation Name": "movie_keyword",
                              "Alias": "mk",
                              "Startup Cost": 0.0,
                              "Total Cost": 42695.65,
                              "Plan Rows": 629496,
                              "Plan Width": 4,
                              "Actual Startup Time": 0.036,
                              "Actual Total Time": 74.202,
                              "Actual Rows": 279909,
                              "Actual Loops": 7,
                              "Filter": "(keyword_id < 3414)",
                              "Rows Removed by Filter": 366366
                            },
                            {
                              "Node Type": "Hash",
                              "Parent Relationship": "Inner",
                              "Parallel Aware": true,
                              "Startup Cost": 45479.1,
                              "Total Cost": 45479.1,
                              "Plan Rows": 331884,
                              "Plan Width": 4,
                              "Actual Startup Time": 192.206,
                              "Actual Total Time": 192.207,
                              "Actual Rows": 200829,
                              "Actual Loops": 7,
                              "Hash Buckets": 2097152,
                              "Original Hash Buckets": 2097152,
                              "Hash Batches": 1,
                              "Original Hash Batches": 1,
                              "Peak Memory Usage": 71520,
                              "Plans": [
                                {
                                  "Node Type": "Seq Scan",
                                  "Parent Relationship": "Outer",
                                  "Parallel Aware": true,
                                  "Relation Name": "title",
                                  "Alias": "t",
                                  "Startup Cost": 0.0,
                                  "Total Cost": 45479.1,
                                  "Plan Rows": 331884,
                                  "Plan Width": 4,
                                  "Actual Startup Time": 0.046,
                                  "Actual Total Time": 84.113,
                                  "Actual Rows": 200829,
                                  "Actual Loops": 7,
                                  "Filter": "((production_year > 1963) AND (kind_id = 7))",
                                  "Rows Removed by Filter": 160359
                                }
                              ]
                            }
                          ]
                        }
                      ]
                    }
                  ]
                }
              ]
            }
          ]
        }
      ]
    },
    "Planning Time": 1.328,
    "Triggers": [],
    "Execution Time": 1650.362
  }
]