{
  "Plan": {
    "Node Type": "Aggregate",
    "Strategy": "Plain",
    "Partial Mode": "Finalize",
    "Parallel Aware": false,
    "Startup Cost": 363050.01,
    "Total Cost": 363050.02,
    "Plan Rows": 1,
    "Plan Width": 8,
    "Actual Startup Time": 1360.513,
    "Actual Total Time": 1379.223,
    "Actual Rows": 1,
    "Actual Loops": 1,
    "Plans": [
      {
        "Node Type": "Gather",
        "Parent Relationship": "Outer",
        "Parallel Aware": false,
        "Startup Cost": 363049.9,
        "Total Cost": 363050.01,
        "Plan Rows": 1,
        "Plan Width": 8,
        "Actual Startup Time": 1355.851,
        "Actual Total Time": 1379.216,
        "Actual Rows": 2,
        "Actual Loops": 1,
        "Workers Planned": 1,
        "Workers Launched": 1,
        "Single Copy": false,
        "Plans": [
          {
            "Node Type": "Aggregate",
            "Strategy": "Plain",
            "Partial Mode": "Partial",
            "Parent Relationship": "Outer",
            "Parallel Aware": false,
            "Startup Cost": 362049.9,
            "Total Cost": 362049.91,
            "Plan Rows": 1,
            "Plan Width": 8,
            "Actual Startup Time": 1348.819,
            "Actual Total Time": 1348.825,
            "Actual Rows": 1,
            "Actual Loops": 2,
            "Plans": [
              {
                "Node Type": "Hash Join",
                "Parent Relationship": "Outer",
                "Parallel Aware": true,
                "Join Type": "Inner",
                "Startup Cost": 265849.71,
                "Total Cost": 361292.2,
                "Plan Rows": 303081,
                "Plan Width": 0,
                "Actual Startup Time": 731.102,
                "Actual Total Time": 1327.295,
                "Actual Rows": 507845,
                "Actual Loops": 2,
                "Inner Unique": false,
                "Hash Cond": "(ci.movie_id = t.id)",
                "Plans": [
                  {
                    "Node Type": "Index Scan",
                    "Parent Relationship": "Outer",
                    "Parallel Aware": true,
                    "Scan Direction": "Forward",
                    "Index Name": "role_id_cast_info",
                    "Relation Name": "cast_info",
                    "Alias": "ci",
                    "Startup Cost": 0.56,
                    "Total Cost": 87376.26,
                    "Plan Rows": 1675723,
                    "Plan Width": 4,
                    "Actual Startup Time": 0.056,
                    "Actual Total Time": 186.523,
                    "Actual Rows": 1364472,
                    "Actual Loops": 2,
                    "Index Cond": "(role_id = 4)",
                    "Rows Removed by Index Recheck": 0
                  },
                  {
                    "Node Type": "Hash",
                    "Parent Relationship": "Inner",
                    "Parallel Aware": true,
                    "Startup Cost": 262486.78,
                    "Total Cost": 262486.78,
                    "Plan Rows": 268989,
                    "Plan Width": 8,
                    "Actual Startup Time": 725.507,
                    "Actual Total Time": 725.511,
                    "Actual Rows": 472690,
                    "Actual Loops": 2,
                    "Hash Buckets": 1048576,
                    "Original Hash Buckets": 524288,
                    "Hash Batches": 1,
                    "Original Hash Batches": 1,
                    "Peak Memory Usage": 49312,
                    "Plans": [
                      {
                        "Node Type": "Hash Join",
                        "Parent Relationship": "Outer",
                        "Parallel Aware": true,
                        "Join Type": "Inner",
                        "Startup Cost": 88712.98,
                        "Total Cost": 262486.78,
                        "Plan Rows": 268989,
                        "Plan Width": 8,
                        "Actual Startup Time": 332.742,
                        "Actual Total Time": 610.8,
                        "Actual Rows": 472690,
                        "Actual Loops": 2,
                        "Inner Unique": true,
                        "Hash Cond": "(mi.movie_id = t.id)",
                        "Plans": [
                          {
                            "Node Type": "Bitmap Heap Scan",
                            "Parent Relationship": "Outer",
                            "Parallel Aware": true,
                            "Relation Name": "movie_info",
                            "Alias": "mi",
                            "Startup Cost": 23986.4,
                            "Total Cost": 195715.6,
                            "Plan Rows": 778896,
                            "Plan Width": 4,
                            "Actual Startup Time": 53.396,
                            "Actual Total Time": 113.36,
                            "Actual Rows": 662680,
                            "Actual Loops": 2,
                            "Recheck Cond": "(info_type_id = 8)",
                            "Rows Removed by Index Recheck": 0,
                            "Exact Heap Blocks": 4124,
                            "Lossy Heap Blocks": 0,
                            "Plans": [
                              {
                                "Node Type": "Bitmap Index Scan",
                                "Parent Relationship": "Outer",
                                "Parallel Aware": false,
                                "Index Name": "info_type_id_movie_info",
                                "Startup Cost": 0.0,
                                "Total Cost": 23655.37,
                                "Plan Rows": 1324124,
                                "Plan Width": 0,
                                "Actual Startup Time": 52.153,
                                "Actual Total Time": 52.153,
                                "Actual Rows": 1325361,
                                "Actual Loops": 1,
                                "Index Cond": "(info_type_id = 8)"
                              }
                            ]
                          },
                          {
                            "Node Type": "Hash",
                            "Parent Relationship": "Inner",
                            "Parallel Aware": true,
                            "Startup Cost": 58306.47,
                            "Total Cost": 58306.47,
                            "Plan Rows": 513609,
                            "Plan Width": 4,
                            "Actual Startup Time": 272.582,
                            "Actual Total Time": 272.583,
                            "Actual Rows": 448394,
                            "Actual Loops": 2,
                            "Hash Buckets": 1048576,
                            "Original Hash Buckets": 1048576,
                            "Hash Batches": 1,
                            "Original Hash Batches": 1,
                            "Peak Memory Usage": 43296,
                            "Plans": [
                              {
                                "Node Type": "Seq Scan",
                                "Parent Relationship": "Outer",
                                "Parallel Aware": true,
                                "Relation Name": "title",
                                "Alias": "t",
                                "Startup Cost": 0.0,
                                "Total Cost": 58306.47,
                                "Plan Rows": 513609,
                                "Plan Width": 4,
                                "Actual Startup Time": 0.055,
                                "Actual Total Time": 163.948,
                                "Actual Rows": 448394,
                                "Actual Loops": 2,
                                "Filter": "((kind_id < 7) AND (production_year < 2012))",
                                "Rows Removed by Filter": 815762
                              }
                            ]
                          }
                        ]
                      }
                    ]
                  }
                ]
              }
            ]
          }
        ]
      }
    ]
  },
  "Planning Time": 1.089,
  "Triggers": [],
  "Execution Time": 1379.328
}