[
  {
    "Plan": {
      "Node Type": "Aggregate",
      "Strategy": "Plain",
      "Partial Mode": "Finalize",
      "Parallel Aware": false,
      "Startup Cost": 85148.18,
      "Total Cost": 85148.19,
      "Plan Rows": 1,
      "Plan Width": 8,
      "Actual Startup Time": 583.292,
      "Actual Total Time": 601.169,
      "Actual Rows": 1,
      "Actual Loops": 1,
      "Plans": [
        {
          "Node Type": "Gather",
          "Parent Relationship": "Outer",
          "Parallel Aware": false,
          "Startup Cost": 85147.86,
          "Total Cost": 85148.17,
          "Plan Rows": 3,
          "Plan Width": 8,
          "Actual Startup Time": 569.653,
          "Actual Total Time": 601.16,
          "Actual Rows": 4,
          "Actual Loops": 1,
          "Workers Planned": 3,
          "Workers Launched": 3,
          "Single Copy": false,
          "Plans": [
            {
              "Node Type": "Aggregate",
              "Strategy": "Plain",
              "Partial Mode": "Partial",
              "Parent Relationship": "Outer",
              "Parallel Aware": false,
              "Startup Cost": 84147.86,
              "Total Cost": 84147.87,
              "Plan Rows": 1,
              "Plan Width": 8,
              "Actual Startup Time": 556.636,
              "Actual Total Time": 556.639,
              "Actual Rows": 1,
              "Actual Loops": 4,
              "Plans": [
                {
                  "Node Type": "Hash Join",
                  "Parent Relationship": "Outer",
                  "Parallel Aware": true,
                  "Join Type": "Inner",
                  "Startup Cost": 50941.0,
                  "Total Cost": 83325.14,
                  "Plan Rows": 329090,
                  "Plan Width": 0,
                  "Actual Startup Time": 392.342,
                  "Actual Total Time": 544.839,
                  "Actual Rows": 261237,
                  "Actual Loops": 4,
                  "Inner Unique": true,
                  "Hash Cond": "(mc.movie_id = t.id)",
                  "Plans": [
                    {
                      "Node Type": "Seq Scan",
                      "Parent Relationship": "Outer",
                      "Parallel Aware": true,
                      "Relation Name": "movie_companies",
                      "Alias": "mc",
                      "Startup Cost": 0.0,
                      "Total Cost": 31414.82,
                      "Plan Rows": 369265,
                      "Plan Width": 4,
                      "Actual Startup Time": 32.473,
                      "Actual Total Time": 73.335,
                      "Actual Rows": 312744,
                      "Actual Loops": 4,
                      "Filter": "((company_id > 189) AND (company_type_id > 1))",
                      "Rows Removed by Filter": 339539
                    },
                    {
                      "Node Type": "Hash",
                      "Parent Relationship": "Inner",
                      "Parallel Aware": true,
                      "Startup Cost": 43899.32,
                      "Total Cost": 43899.32,
                      "Plan Rows": 563334,
                      "Plan Width": 4,
                      "Actual Startup Time": 351.037,
                      "Actual Total Time": 351.038,
                      "Actual Rows": 561148,
                      "Actual Loops": 4,
                      "Hash Buckets": 4194304,
                      "Original Hash Buckets": 4194304,
                      "Hash Batches": 1,
                      "Original Hash Batches": 1,
                      "Peak Memory Usage": 120640,
                      "Plans": [
                        {
                          "Node Type": "Seq Scan",
                          "Parent Relationship": "Outer",
                          "Parallel Aware": true,
                          "Relation Name": "title",
                          "Alias": "t",
                          "Startup Cost": 0.0,
                          "Total Cost": 43899.32,
                          "Plan Rows": 563334,
                          "Plan Width": 4,
                          "Actual Startup Time": 0.048,
                          "Actual Total Time": 122.855,
                          "Actual Rows": 561148,
                          "Actual Loops": 4,
                          "Filter": "(production_year > 1956)",
                          "Rows Removed by Filter": 70930
                        }
                      ]
                    }
                  ]
                }
              ]
            }
          ]
        }
      ]
    },
    "Planning Time": 0.279,
    "Triggers": [],
    "Execution Time": 601.205
  }
]