{
  "Plan": {
    "Node Type": "Aggregate",
    "Strategy": "Plain",
    "Partial Mode": "Finalize",
    "Parallel Aware": false,
    "Startup Cost": 105259.52,
    "Total Cost": 105259.53,
    "Plan Rows": 1,
    "Plan Width": 8,
    "Actual Startup Time": 621.204,
    "Actual Total Time": 637.339,
    "Actual Rows": 1,
    "Actual Loops": 1,
    "Plans": [
      {
        "Node Type": "Gather",
        "Parent Relationship": "Outer",
        "Parallel Aware": false,
        "Startup Cost": 105259.41,
        "Total Cost": 105259.52,
        "Plan Rows": 1,
        "Plan Width": 8,
        "Actual Startup Time": 618.973,
        "Actual Total Time": 637.328,
        "Actual Rows": 2,
        "Actual Loops": 1,
        "Workers Planned": 1,
        "Workers Launched": 1,
        "Single Copy": false,
        "Plans": [
          {
            "Node Type": "Aggregate",
            "Strategy": "Plain",
            "Partial Mode": "Partial",
            "Parent Relationship": "Outer",
            "Parallel Aware": false,
            "Startup Cost": 104259.41,
            "Total Cost": 104259.42,
            "Plan Rows": 1,
            "Plan Width": 8,
            "Actual Startup Time": 613.849,
            "Actual Total Time": 613.853,
            "Actual Rows": 1,
            "Actual Loops": 2,
            "Plans": [
              {
                "Node Type": "Hash Join",
                "Parent Relationship": "Outer",
                "Parallel Aware": true,
                "Join Type": "Inner",
                "Startup Cost": 64760.67,
                "Total Cost": 102927.3,
                "Plan Rows": 532845,
                "Plan Width": 0,
                "Actual Startup Time": 270.199,
                "Actual Total Time": 601.804,
                "Actual Rows": 303002,
                "Actual Loops": 2,
                "Inner Unique": true,
                "Hash Cond": "(mc.movie_id = t.id)",
                "Plans": [
                  {
                    "Node Type": "Seq Scan",
                    "Parent Relationship": "Outer",
                    "Parallel Aware": true,
                    "Relation Name": "movie_companies",
                    "Alias": "mc",
                    "Startup Cost": 0.0,
                    "Total Cost": 34137.82,
                    "Plan Rows": 1534782,
                    "Plan Width": 4,
                    "Actual Startup Time": 0.019,
                    "Actual Total Time": 96.271,
                    "Actual Rows": 1304564,
                    "Actual Loops": 2
                  },
                  {
                    "Node Type": "Hash",
                    "Parent Relationship": "Inner",
                    "Parallel Aware": true,
                    "Startup Cost": 58306.47,
                    "Total Cost": 58306.47,
                    "Plan Rows": 516336,
                    "Plan Width": 4,
                    "Actual Startup Time": 260.975,
                    "Actual Total Time": 260.976,
                    "Actual Rows": 401168,
                    "Actual Loops": 2,
                    "Hash Buckets": 1048576,
                    "Original Hash Buckets": 1048576,
                    "Hash Batches": 1,
                    "Original Hash Batches": 1,
                    "Peak Memory Usage": 39616,
                    "Plans": [
                      {
                        "Node Type": "Seq Scan",
                        "Parent Relationship": "Outer",
                        "Parallel Aware": true,
                        "Relation Name": "title",
                        "Alias": "t",
                        "Startup Cost": 0.0,
                        "Total Cost": 58306.47,
                        "Plan Rows": 516336,
                        "Plan Width": 4,
                        "Actual Startup Time": 0.026,
                        "Actual Total Time": 159.148,
                        "Actual Rows": 401168,
                        "Actual Loops": 2,
                        "Filter": "((kind_id > 2) AND (production_year < 2004))",
                        "Rows Removed by Filter": 862988
                      }
                    ]
                  }
                ]
              }
            ]
          }
        ]
      }
    ]
  },
  "Planning Time": 0.667,
  "Triggers": [],
  "Execution Time": 637.405
}