[
  {
    "Plan": {
      "Node Type": "Aggregate",
      "Strategy": "Plain",
      "Partial Mode": "Finalize",
      "Parallel Aware": false,
      "Startup Cost": 63779.42,
      "Total Cost": 63779.43,
      "Plan Rows": 1,
      "Plan Width": 8,
      "Actual Startup Time": 298.502,
      "Actual Total Time": 310.696,
      "Actual Rows": 1,
      "Actual Loops": 1,
      "Plans": [
        {
          "Node Type": "Gather",
          "Parent Relationship": "Outer",
          "Parallel Aware": false,
          "Startup Cost": 63779.21,
          "Total Cost": 63779.42,
          "Plan Rows": 2,
          "Plan Width": 8,
          "Actual Startup Time": 296.697,
          "Actual Total Time": 310.686,
          "Actual Rows": 3,
          "Actual Loops": 1,
          "Workers Planned": 2,
          "Workers Launched": 2,
          "Single Copy": false,
          "Plans": [
            {
              "Node Type": "Aggregate",
              "Strategy": "Plain",
              "Partial Mode": "Partial",
              "Parent Relationship": "Outer",
              "Parallel Aware": false,
              "Startup Cost": 62779.21,
              "Total Cost": 62779.22,
              "Plan Rows": 1,
              "Plan Width": 8,
              "Actual Startup Time": 289.166,
              "Actual Total Time": 289.175,
              "Actual Rows": 1,
              "Actual Loops": 3,
              "Plans": [
                {
                  "Node Type": "Hash Join",
                  "Parent Relationship": "Outer",
                  "Parallel Aware": true,
                  "Join Type": "Inner",
                  "Startup Cost": 47260.52,
                  "Total Cost": 62455.08,
                  "Plan Rows": 129650,
                  "Plan Width": 0,
                  "Actual Startup Time": 214.885,
                  "Actual Total Time": 282.389,
                  "Actual Rows": 164552,
                  "Actual Loops": 3,
                  "Inner Unique": true,
                  "Hash Cond": "(mi_idx.movie_id = t.id)",
                  "Plans": [
                    {
                      "Node Type": "Seq Scan",
                      "Parent Relationship": "Outer",
                      "Parallel Aware": true,
                      "Relation Name": "movie_info_idx",
                      "Alias": "mi_idx",
                      "Startup Cost": 0.0,
                      "Total Cost": 13685.15,
                      "Plan Rows": 575015,
                      "Plan Width": 4,
                      "Actual Startup Time": 0.023,
                      "Actual Total Time": 34.387,
                      "Actual Rows": 460012,
                      "Actual Loops": 3
                    },
                    {
                      "Node Type": "Hash",
                      "Parent Relationship": "Inner",
                      "Parallel Aware": true,
                      "Startup Cost": 45479.1,
                      "Total Cost": 45479.1,
                      "Plan Rows": 142514,
                      "Plan Width": 4,
                      "Actual Startup Time": 173.234,
                      "Actual Total Time": 173.235,
                      "Actual Rows": 150104,
                      "Actual Loops": 3,
                      "Hash Buckets": 1048576,
                      "Original Hash Buckets": 1048576,
                      "Hash Batches": 1,
                      "Original Hash Batches": 1,
                      "Peak Memory Usage": 25888,
                      "Plans": [
                        {
                          "Node Type": "Seq Scan",
                          "Parent Relationship": "Outer",
                          "Parallel Aware": true,
                          "Relation Name": "title",
                          "Alias": "t",
                          "Startup Cost": 0.0,
                          "Total Cost": 45479.1,
                          "Plan Rows": 142514,
                          "Plan Width": 4,
                          "Actual Startup Time": 50.066,
                          "Actual Total Time": 122.761,
                          "Actual Rows": 150104,
                          "Actual Loops": 3,
                          "Filter": "((production_year > 1964) AND (kind_id = 1))",
                          "Rows Removed by Filter": 692667
                        }
                      ]
                    }
                  ]
                }
              ]
            }
          ]
        }
      ]
    },
    "Planning Time": 0.679,
    "Triggers": [],
    "Execution Time": 310.778
  }
]