[
  {
    "Plan": {
      "Node Type": "Aggregate",
      "Strategy": "Plain",
      "Partial Mode": "Finalize",
      "Parallel Aware": false,
      "Startup Cost": 387551.97,
      "Total Cost": 387551.98,
      "Plan Rows": 1,
      "Plan Width": 8,
      "Actual Startup Time": 733.502,
      "Actual Total Time": 763.563,
      "Actual Rows": 1,
      "Actual Loops": 1,
      "Plans": [
        {
          "Node Type": "Gather",
          "Parent Relationship": "Outer",
          "Parallel Aware": false,
          "Startup Cost": 387551.35,
          "Total Cost": 387551.96,
          "Plan Rows": 6,
          "Plan Width": 8,
          "Actual Startup Time": 732.908,
          "Actual Total Time": 763.554,
          "Actual Rows": 7,
          "Actual Loops": 1,
          "Workers Planned": 6,
          "Workers Launched": 6,
          "Single Copy": false,
          "Plans": [
            {
              "Node Type": "Aggregate",
              "Strategy": "Plain",
              "Partial Mode": "Partial",
              "Parent Relationship": "Outer",
              "Parallel Aware": false,
              "Startup Cost": 386551.35,
              "Total Cost": 386551.36,
              "Plan Rows": 1,
              "Plan Width": 8,
              "Actual Startup Time": 722.446,
              "Actual Total Time": 722.449,
              "Actual Rows": 1,
              "Actual Loops": 7,
              "Plans": [
                {
                  "Node Type": "Hash Join",
                  "Parent Relationship": "Outer",
                  "Parallel Aware": true,
                  "Join Type": "Inner",
                  "Startup Cost": 45776.31,
                  "Total Cost": 386360.08,
                  "Plan Rows": 76507,
                  "Plan Width": 0,
                  "Actual Startup Time": 82.46,
                  "Actual Total Time": 718.526,
                  "Actual Rows": 74133,
                  "Actual Loops": 7,
                  "Inner Unique": true,
                  "Hash Cond": "(ci.movie_id = t.id)",
                  "Plans": [
                    {
                      "Node Type": "Index Scan",
                      "Parent Relationship": "Outer",
                      "Parallel Aware": true,
                      "Scan Direction": "Forward",
                      "Index Name": "role_id_cast_info",
                      "Relation Name": "cast_info",
                      "Alias": "ci",
                      "Startup Cost": 0.56,
                      "Total Cost": 335235.55,
                      "Plan Rows": 2037628,
                      "Plan Width": 4,
                      "Actual Startup Time": 0.315,
                      "Actual Total Time": 381.569,
                      "Actual Rows": 1810098,
                      "Actual Loops": 7,
                      "Index Cond": "(role_id = 1)",
                      "Rows Removed by Index Recheck": 0,
                      "Filter": "(person_id < 3929126)",
                      "Rows Removed by Filter": 0
                    },
                    {
                      "Node Type": "Hash",
                      "Parent Relationship": "Inner",
                      "Parallel Aware": true,
                      "Startup Cost": 45479.1,
                      "Total Cost": 45479.1,
                      "Plan Rows": 23732,
                      "Plan Width": 4,
                      "Actual Startup Time": 80.809,
                      "Actual Total Time": 80.811,
                      "Actual Rows": 14370,
                      "Actual Loops": 7,
                      "Hash Buckets": 131072,
                      "Original Hash Buckets": 131072,
                      "Hash Batches": 1,
                      "Original Hash Batches": 1,
                      "Peak Memory Usage": 5088,
                      "Plans": [
                        {
                          "Node Type": "Seq Scan",
                          "Parent Relationship": "Outer",
                          "Parallel Aware": true,
                          "Relation Name": "title",
                          "Alias": "t",
                          "Startup Cost": 0.0,
                          "Total Cost": 45479.1,
                          "Plan Rows": 23732,
                          "Plan Width": 4,
                          "Actual Startup Time": 0.059,
                          "Actual Total Time": 73.735,
                          "Actual Rows": 14370,
                          "Actual Loops": 7,
                          "Filter": "((kind_id > 1) AND (production_year = 2009))",
                          "Rows Removed by Filter": 346817
                        }
                      ]
                    }
                  ]
                }
              ]
            }
          ]
        }
      ]
    },
    "Planning Time": 0.66,
    "Triggers": [],
    "Execution Time": 763.658
  }
]