[
  {
    "Plan": {
      "Node Type": "Aggregate",
      "Strategy": "Plain",
      "Partial Mode": "Finalize",
      "Parallel Aware": false,
      "Startup Cost": 65733.75,
      "Total Cost": 65733.76,
      "Plan Rows": 1,
      "Plan Width": 8,
      "Actual Startup Time": 101.857,
      "Actual Total Time": 114.55,
      "Actual Rows": 1,
      "Actual Loops": 1,
      "Plans": [
        {
          "Node Type": "Gather",
          "Parent Relationship": "Outer",
          "Parallel Aware": false,
          "Startup Cost": 65733.33,
          "Total Cost": 65733.74,
          "Plan Rows": 4,
          "Plan Width": 8,
          "Actual Startup Time": 101.722,
          "Actual Total Time": 114.541,
          "Actual Rows": 5,
          "Actual Loops": 1,
          "Workers Planned": 4,
          "Workers Launched": 4,
          "Single Copy": false,
          "Plans": [
            {
              "Node Type": "Aggregate",
              "Strategy": "Plain",
              "Partial Mode": "Partial",
              "Parent Relationship": "Outer",
              "Parallel Aware": false,
              "Startup Cost": 64733.33,
              "Total Cost": 64733.34,
              "Plan Rows": 1,
              "Plan Width": 8,
              "Actual Startup Time": 92.116,
              "Actual Total Time": 92.118,
              "Actual Rows": 1,
              "Actual Loops": 5,
              "Plans": [
                {
                  "Node Type": "Nested Loop",
                  "Parent Relationship": "Outer",
                  "Parallel Aware": false,
                  "Join Type": "Inner",
                  "Startup Cost": 0.43,
                  "Total Cost": 64731.51,
                  "Plan Rows": 730,
                  "Plan Width": 0,
                  "Actual Startup Time": 0.561,
                  "Actual Total Time": 91.98,
                  "Actual Rows": 901,
                  "Actual Loops": 5,
                  "Inner Unique": false,
                  "Plans": [
                    {
                      "Node Type": "Seq Scan",
                      "Parent Relationship": "Outer",
                      "Parallel Aware": true,
                      "Relation Name": "title",
                      "Alias": "t",
                      "Startup Cost": 0.0,
                      "Total Cost": 45479.1,
                      "Plan Rows": 1460,
                      "Plan Width": 4,
                      "Actual Startup Time": 0.157,
                      "Actual Total Time": 81.128,
                      "Actual Rows": 1184,
                      "Actual Loops": 5,
                      "Filter": "((kind_id = 7) AND (production_year = 1962))",
                      "Rows Removed by Filter": 504479
                    },
                    {
                      "Node Type": "Index Scan",
                      "Parent Relationship": "Inner",
                      "Parallel Aware": false,
                      "Scan Direction": "Forward",
                      "Index Name": "movie_id_movie_companies",
                      "Relation Name": "movie_companies",
                      "Alias": "mc",
                      "Startup Cost": 0.43,
                      "Total Cost": 13.16,
                      "Plan Rows": 3,
                      "Plan Width": 4,
                      "Actual Startup Time": 0.008,
                      "Actual Total Time": 0.008,
                      "Actual Rows": 1,
                      "Actual Loops": 5918,
                      "Index Cond": "(movie_id = t.id)",
                      "Rows Removed by Index Recheck": 0,
                      "Filter": "((company_id < 149952) AND (company_type_id > 1))",
                      "Rows Removed by Filter": 1
                    }
                  ]
                }
              ]
            }
          ]
        }
      ]
    },
    "Planning Time": 0.68,
    "Triggers": [],
    "Execution Time": 114.63
  }
]