[
  {
    "Plan": {
      "Node Type": "Aggregate",
      "Strategy": "Plain",
      "Partial Mode": "Finalize",
      "Parallel Aware": false,
      "Startup Cost": 269321.92,
      "Total Cost": 269321.93,
      "Plan Rows": 1,
      "Plan Width": 8,
      "Actual Startup Time": 459.805,
      "Actual Total Time": 483.317,
      "Actual Rows": 1,
      "Actual Loops": 1,
      "Plans": [
        {
          "Node Type": "Gather",
          "Parent Relationship": "Outer",
          "Parallel Aware": false,
          "Startup Cost": 269321.5,
          "Total Cost": 269321.91,
          "Plan Rows": 4,
          "Plan Width": 8,
          "Actual Startup Time": 445.736,
          "Actual Total Time": 483.308,
          "Actual Rows": 5,
          "Actual Loops": 1,
          "Workers Planned": 4,
          "Workers Launched": 4,
          "Single Copy": false,
          "Plans": [
            {
              "Node Type": "Aggregate",
              "Strategy": "Plain",
              "Partial Mode": "Partial",
              "Parent Relationship": "Outer",
              "Parallel Aware": false,
              "Startup Cost": 268321.5,
              "Total Cost": 268321.51,
              "Plan Rows": 1,
              "Plan Width": 8,
              "Actual Startup Time": 439.985,
              "Actual Total Time": 439.991,
              "Actual Rows": 1,
              "Actual Loops": 5,
              "Plans": [
                {
                  "Node Type": "Hash Join",
                  "Parent Relationship": "Outer",
                  "Parallel Aware": true,
                  "Join Type": "Inner",
                  "Startup Cost": 218514.23,
                  "Total Cost": 268230.02,
                  "Plan Rows": 36593,
                  "Plan Width": 0,
                  "Actual Startup Time": 326.782,
                  "Actual Total Time": 438.956,
                  "Actual Rows": 20542,
                  "Actual Loops": 5,
                  "Inner Unique": false,
                  "Hash Cond": "(ci.movie_id = t.id)",
                  "Plans": [
                    {
                      "Node Type": "Index Scan",
                      "Parent Relationship": "Outer",
                      "Parallel Aware": true,
                      "Scan Direction": "Forward",
                      "Index Name": "role_id_cast_info",
                      "Relation Name": "cast_info",
                      "Alias": "ci",
                      "Startup Cost": 0.56,
                      "Total Cost": 47993.72,
                      "Plan Rows": 439854,
                      "Plan Width": 4,
                      "Actual Startup Time": 0.47,
                      "Actual Total Time": 61.796,
                      "Actual Rows": 340709,
                      "Actual Loops": 5,
                      "Index Cond": "(role_id = 8)",
                      "Rows Removed by Index Recheck": 0
                    },
                    {
                      "Node Type": "Hash",
                      "Parent Relationship": "Inner",
                      "Parallel Aware": true,
                      "Startup Cost": 217987.8,
                      "Total Cost": 217987.8,
                      "Plan Rows": 42069,
                      "Plan Width": 8,
                      "Actual Startup Time": 324.06,
                      "Actual Total Time": 324.064,
                      "Actual Rows": 22841,
                      "Actual Loops": 5,
                      "Hash Buckets": 262144,
                      "Original Hash Buckets": 262144,
                      "Hash Batches": 1,
                      "Original Hash Batches": 1,
                      "Peak Memory Usage": 6592,
                      "Plans": [
                        {
                          "Node Type": "Hash Join",
                          "Parent Relationship": "Outer",
                          "Parallel Aware": true,
                          "Join Type": "Inner",
                          "Startup Cost": 54951.41,
                          "Total Cost": 217987.8,
                          "Plan Rows": 42069,
                          "Plan Width": 8,
                          "Actual Startup Time": 247.273,
                          "Actual Total Time": 314.846,
                          "Actual Rows": 22841,
                          "Actual Loops": 5,
                          "Inner Unique": true,
                          "Hash Cond": "(mi.movie_id = t.id)",
                          "Plans": [
                            {
                              "Node Type": "Bitmap Heap Scan",
                              "Parent Relationship": "Outer",
                              "Parallel Aware": true,
                              "Relation Name": "movie_info",
                              "Alias": "mi",
                              "Startup Cost": 6233.6,
                              "Total Cost": 169088.91,
                              "Plan Rows": 68985,
                              "Plan Width": 4,
                              "Actual Startup Time": 20.169,
                              "Actual Total Time": 55.988,
                              "Actual Rows": 65771,
                              "Actual Loops": 5,
                              "Recheck Cond": "(info_type_id = 98)",
                              "Rows Removed by Index Recheck": 0,
                              "Exact Heap Blocks": 6884,
                              "Lossy Heap Blocks": 0,
                              "Plans": [
                                {
                                  "Node Type": "Bitmap Index Scan",
                                  "Parent Relationship": "Outer",
                                  "Parallel Aware": false,
                                  "Index Name": "info_type_id_movie_info",
                                  "Startup Cost": 0.0,
                                  "Total Cost": 6147.37,
                                  "Plan Rows": 344924,
                                  "Plan Width": 0,
                                  "Actual Startup Time": 16.589,
                                  "Actual Total Time": 16.589,
                                  "Actual Rows": 328857,
                                  "Actual Loops": 1,
                                  "Index Cond": "(info_type_id = 98)"
                                }
                              ]
                            },
                            {
                              "Node Type": "Hash",
                              "Parent Relationship": "Inner",
                              "Parallel Aware": true,
                              "Startup Cost": 43899.32,
                              "Total Cost": 43899.32,
                              "Plan Rows": 385479,
                              "Plan Width": 4,
                              "Actual Startup Time": 223.698,
                              "Actual Total Time": 223.699,
                              "Actual Rows": 308653,
                              "Actual Loops": 5,
                              "Hash Buckets": 2097152,
                              "Original Hash Buckets": 2097152,
                              "Hash Batches": 1,
                              "Original Hash Batches": 1,
                              "Peak Memory Usage": 76864,
                              "Plans": [
                                {
                                  "Node Type": "Seq Scan",
                                  "Parent Relationship": "Outer",
                                  "Parallel Aware": true,
                                  "Relation Name": "title",
                                  "Alias": "t",
                                  "Startup Cost": 0.0,
                                  "Total Cost": 43899.32,
                                  "Plan Rows": 385479,
                                  "Plan Width": 4,
                                  "Actual Startup Time": 0.039,
                                  "Actual Total Time": 92.799,
                                  "Actual Rows": 308653,
                                  "Actual Loops": 5,
                                  "Filter": "(kind_id = 7)",
                                  "Rows Removed by Filter": 197010
                                }
                              ]
                            }
                          ]
                        }
                      ]
                    }
                  ]
                }
              ]
            }
          ]
        }
      ]
    },
    "Planning Time": 1.123,
    "Triggers": [],
    "Execution Time": 483.436
  }
]