{
  "Plan": {
    "Node Type": "Aggregate",
    "Strategy": "Plain",
    "Partial Mode": "Finalize",
    "Parallel Aware": false,
    "Startup Cost": 2806246.06,
    "Total Cost": 2806246.07,
    "Plan Rows": 1,
    "Plan Width": 8,
    "Actual Startup Time": 31628.538,
    "Actual Total Time": 31835.338,
    "Actual Rows": 1,
    "Actual Loops": 1,
    "Plans": [
      {
        "Node Type": "Gather",
        "Parent Relationship": "Outer",
        "Parallel Aware": false,
        "Startup Cost": 2806245.95,
        "Total Cost": 2806246.06,
        "Plan Rows": 1,
        "Plan Width": 8,
        "Actual Startup Time": 31557.303,
        "Actual Total Time": 31835.322,
        "Actual Rows": 2,
        "Actual Loops": 1,
        "Workers Planned": 1,
        "Workers Launched": 1,
        "Single Copy": false,
        "Plans": [
          {
            "Node Type": "Aggregate",
            "Strategy": "Plain",
            "Partial Mode": "Partial",
            "Parent Relationship": "Outer",
            "Parallel Aware": false,
            "Startup Cost": 2805245.95,
            "Total Cost": 2805245.96,
            "Plan Rows": 1,
            "Plan Width": 8,
            "Actual Startup Time": 31526.137,
            "Actual Total Time": 31526.148,
            "Actual Rows": 1,
            "Actual Loops": 2,
            "Plans": [
              {
                "Node Type": "Hash Join",
                "Parent Relationship": "Outer",
                "Parallel Aware": true,
                "Join Type": "Inner",
                "Startup Cost": 2492031.06,
                "Total Cost": 2743895.2,
                "Plan Rows": 24540298,
                "Plan Width": 0,
                "Actual Startup Time": 22439.205,
                "Actual Total Time": 28298.851,
                "Actual Rows": 80193822,
                "Actual Loops": 2,
                "Inner Unique": false,
                "Hash Cond": "(mk.movie_id = t.id)",
                "Plans": [
                  {
                    "Node Type": "Seq Scan",
                    "Parent Relationship": "Outer",
                    "Parallel Aware": true,
                    "Relation Name": "movie_keyword",
                    "Alias": "mk",
                    "Startup Cost": 0.0,
                    "Total Cost": 57718.19,
                    "Plan Rows": 2096475,
                    "Plan Width": 4,
                    "Actual Startup Time": 0.084,
                    "Actual Total Time": 216.585,
                    "Actual Rows": 1779536,
                    "Actual Loops": 2,
                    "Filter": "(keyword_id > 905)",
                    "Rows Removed by Filter": 482429
                  },
                  {
                    "Node Type": "Hash",
                    "Parent Relationship": "Inner",
                    "Parallel Aware": true,
                    "Startup Cost": 2274421.2,
                    "Total Cost": 2274421.2,
                    "Plan Rows": 17408789,
                    "Plan Width": 8,
                    "Actual Startup Time": 22338.384,
                    "Actual Total Time": 22338.389,
                    "Actual Rows": 14949944,
                    "Actual Loops": 2,
                    "Hash Buckets": 33554432,
                    "Original Hash Buckets": 33554432,
                    "Hash Batches": 1,
                    "Original Hash Batches": 1,
                    "Peak Memory Usage": 1431840,
                    "Plans": [
                      {
                        "Node Type": "Merge Join",
                        "Parent Relationship": "Outer",
                        "Parallel Aware": false,
                        "Join Type": "Inner",
                        "Startup Cost": 42.96,
                        "Total Cost": 2274421.2,
                        "Plan Rows": 17408789,
                        "Plan Width": 8,
                        "Actual Startup Time": 0.37,
                        "Actual Total Time": 19416.268,
                        "Actual Rows": 14949944,
                        "Actual Loops": 2,
                        "Inner Unique": true,
                        "Merge Cond": "(ci.movie_id = t.id)",
                        "Plans": [
                          {
                            "Node Type": "Index Only Scan",
                            "Parent Relationship": "Outer",
                            "Parallel Aware": true,
                            "Scan Direction": "Forward",
                            "Index Name": "movie_id_cast_info",
                            "Relation Name": "cast_info",
                            "Alias": "ci",
                            "Startup Cost": 0.56,
                            "Total Cost": 1925345.15,
                            "Plan Rows": 21310595,
                            "Plan Width": 4,
                            "Actual Startup Time": 0.137,
                            "Actual Total Time": 15814.297,
                            "Actual Rows": 18122172,
                            "Actual Loops": 2,
                            "Heap Fetches": 36244344
                          },
                          {
                            "Node Type": "Index Scan",
                            "Parent Relationship": "Inner",
                            "Parallel Aware": false,
                            "Scan Direction": "Forward",
                            "Index Name": "title_pkey",
                            "Relation Name": "title",
                            "Alias": "t",
                            "Startup Cost": 0.43,
                            "Total Cost": 116660.7,
                            "Plan Rows": 2065382,
                            "Plan Width": 4,
                            "Actual Startup Time": 0.073,
                            "Actual Total Time": 1726.603,
                            "Actual Rows": 2063528,
                            "Actual Loops": 2,
                            "Filter": "(production_year < 2011)",
                            "Rows Removed by Filter": 462557
                          }
                        ]
                      }
                    ]
                  }
                ]
              }
            ]
          }
        ]
      }
    ]
  },
  "Planning Time": 1.093,
  "Triggers": [],
  "Execution Time": 31835.452
}