[
  {
    "Plan": {
      "Node Type": "Aggregate",
      "Strategy": "Plain",
      "Partial Mode": "Finalize",
      "Parallel Aware": false,
      "Startup Cost": 382680.2,
      "Total Cost": 382680.21,
      "Plan Rows": 1,
      "Plan Width": 8,
      "Actual Startup Time": 1283.434,
      "Actual Total Time": 1366.214,
      "Actual Rows": 1,
      "Actual Loops": 1,
      "Plans": [
        {
          "Node Type": "Gather",
          "Parent Relationship": "Outer",
          "Parallel Aware": false,
          "Startup Cost": 382679.57,
          "Total Cost": 382680.18,
          "Plan Rows": 6,
          "Plan Width": 8,
          "Actual Startup Time": 1279.81,
          "Actual Total Time": 1366.202,
          "Actual Rows": 7,
          "Actual Loops": 1,
          "Workers Planned": 6,
          "Workers Launched": 6,
          "Single Copy": false,
          "Plans": [
            {
              "Node Type": "Aggregate",
              "Strategy": "Plain",
              "Partial Mode": "Partial",
              "Parent Relationship": "Outer",
              "Parallel Aware": false,
              "Startup Cost": 381679.57,
              "Total Cost": 381679.58,
              "Plan Rows": 1,
              "Plan Width": 8,
              "Actual Startup Time": 1269.48,
              "Actual Total Time": 1269.483,
              "Actual Rows": 1,
              "Actual Loops": 7,
              "Plans": [
                {
                  "Node Type": "Hash Join",
                  "Parent Relationship": "Outer",
                  "Parallel Aware": true,
                  "Join Type": "Inner",
                  "Startup Cost": 45965.71,
                  "Total Cost": 381261.15,
                  "Plan Rows": 167369,
                  "Plan Width": 0,
                  "Actual Startup Time": 103.031,
                  "Actual Total Time": 1255.574,
                  "Actual Rows": 239269,
                  "Actual Loops": 7,
                  "Inner Unique": true,
                  "Hash Cond": "(ci.movie_id = t.id)",
                  "Plans": [
                    {
                      "Node Type": "Seq Scan",
                      "Parent Relationship": "Outer",
                      "Parallel Aware": true,
                      "Relation Name": "cast_info",
                      "Alias": "ci",
                      "Startup Cost": 0.0,
                      "Total Cost": 328162.03,
                      "Plan Rows": 2717486,
                      "Plan Width": 4,
                      "Actual Startup Time": 0.023,
                      "Actual Total Time": 689.124,
                      "Actual Rows": 2329219,
                      "Actual Loops": 7,
                      "Filter": "(person_id < 1614817)",
                      "Rows Removed by Filter": 2848545
                    },
                    {
                      "Node Type": "Hash",
                      "Parent Relationship": "Inner",
                      "Parallel Aware": true,
                      "Startup Cost": 45479.1,
                      "Total Cost": 45479.1,
                      "Plan Rows": 38929,
                      "Plan Width": 4,
                      "Actual Startup Time": 101.061,
                      "Actual Total Time": 101.062,
                      "Actual Rows": 37720,
                      "Actual Loops": 7,
                      "Hash Buckets": 262144,
                      "Original Hash Buckets": 262144,
                      "Hash Batches": 1,
                      "Original Hash Batches": 1,
                      "Peak Memory Usage": 12480,
                      "Plans": [
                        {
                          "Node Type": "Seq Scan",
                          "Parent Relationship": "Outer",
                          "Parallel Aware": true,
                          "Relation Name": "title",
                          "Alias": "t",
                          "Startup Cost": 0.0,
                          "Total Cost": 45479.1,
                          "Plan Rows": 38929,
                          "Plan Width": 4,
                          "Actual Startup Time": 0.162,
                          "Actual Total Time": 83.045,
                          "Actual Rows": 37720,
                          "Actual Loops": 7,
                          "Filter": "((kind_id < 7) AND (production_year < 1973))",
                          "Rows Removed by Filter": 323468
                        }
                      ]
                    }
                  ]
                }
              ]
            }
          ]
        }
      ]
    },
    "Planning Time": 0.605,
    "Triggers": [],
    "Execution Time": 1366.298
  }
]