{
  "Plan": {
    "Node Type": "Aggregate",
    "Strategy": "Plain",
    "Partial Mode": "Finalize",
    "Parallel Aware": false,
    "Startup Cost": 83370.56,
    "Total Cost": 83370.57,
    "Plan Rows": 1,
    "Plan Width": 8,
    "Actual Startup Time": 304.876,
    "Actual Total Time": 314.419,
    "Actual Rows": 1,
    "Actual Loops": 1,
    "Plans": [
      {
        "Node Type": "Gather",
        "Parent Relationship": "Outer",
        "Parallel Aware": false,
        "Startup Cost": 83370.45,
        "Total Cost": 83370.56,
        "Plan Rows": 1,
        "Plan Width": 8,
        "Actual Startup Time": 304.458,
        "Actual Total Time": 314.409,
        "Actual Rows": 2,
        "Actual Loops": 1,
        "Workers Planned": 1,
        "Workers Launched": 1,
        "Single Copy": false,
        "Plans": [
          {
            "Node Type": "Aggregate",
            "Strategy": "Plain",
            "Partial Mode": "Partial",
            "Parent Relationship": "Outer",
            "Parallel Aware": false,
            "Startup Cost": 82370.45,
            "Total Cost": 82370.46,
            "Plan Rows": 1,
            "Plan Width": 8,
            "Actual Startup Time": 298.283,
            "Actual Total Time": 298.287,
            "Actual Rows": 1,
            "Actual Loops": 2,
            "Plans": [
              {
                "Node Type": "Hash Join",
                "Parent Relationship": "Outer",
                "Parallel Aware": true,
                "Join Type": "Inner",
                "Startup Cost": 21797.59,
                "Total Cost": 82248.96,
                "Plan Rows": 48596,
                "Plan Width": 0,
                "Actual Startup Time": 209.924,
                "Actual Total Time": 296.641,
                "Actual Rows": 39636,
                "Actual Loops": 2,
                "Inner Unique": false,
                "Hash Cond": "(t.id = mc.movie_id)",
                "Plans": [
                  {
                    "Node Type": "Seq Scan",
                    "Parent Relationship": "Outer",
                    "Parallel Aware": true,
                    "Relation Name": "title",
                    "Alias": "t",
                    "Startup Cost": 0.0,
                    "Total Cost": 50870.31,
                    "Plan Rows": 1487231,
                    "Plan Width": 4,
                    "Actual Startup Time": 0.011,
                    "Actual Total Time": 113.202,
                    "Actual Rows": 1264156,
                    "Actual Loops": 2
                  },
                  {
                    "Node Type": "Hash",
                    "Parent Relationship": "Inner",
                    "Parallel Aware": true,
                    "Startup Cost": 21190.14,
                    "Total Cost": 21190.14,
                    "Plan Rows": 48596,
                    "Plan Width": 4,
                    "Actual Startup Time": 38.869,
                    "Actual Total Time": 38.87,
                    "Actual Rows": 39636,
                    "Actual Loops": 2,
                    "Hash Buckets": 131072,
                    "Original Hash Buckets": 131072,
                    "Hash Batches": 1,
                    "Original Hash Batches": 1,
                    "Peak Memory Usage": 4160,
                    "Plans": [
                      {
                        "Node Type": "Bitmap Heap Scan",
                        "Parent Relationship": "Outer",
                        "Parallel Aware": true,
                        "Relation Name": "movie_companies",
                        "Alias": "mc",
                        "Startup Cost": 1792.69,
                        "Total Cost": 21190.14,
                        "Plan Rows": 48596,
                        "Plan Width": 4,
                        "Actual Startup Time": 6.871,
                        "Actual Total Time": 26.183,
                        "Actual Rows": 39636,
                        "Actual Loops": 2,
                        "Recheck Cond": "(company_id > 170517)",
                        "Rows Removed by Index Recheck": 0,
                        "Exact Heap Blocks": 2038,
                        "Lossy Heap Blocks": 0,
                        "Plans": [
                          {
                            "Node Type": "Bitmap Index Scan",
                            "Parent Relationship": "Outer",
                            "Parallel Aware": false,
                            "Index Name": "company_id_movie_companies",
                            "Startup Cost": 0.0,
                            "Total Cost": 1772.04,
                            "Plan Rows": 82614,
                            "Plan Width": 0,
                            "Actual Startup Time": 9.295,
                            "Actual Total Time": 9.295,
                            "Actual Rows": 79273,
                            "Actual Loops": 1,
                            "Index Cond": "(company_id > 170517)"
                          }
                        ]
                      }
                    ]
                  }
                ]
              }
            ]
          }
        ]
      }
    ]
  },
  "Planning Time": 0.658,
  "Triggers": [],
  "Execution Time": 314.509
}