[
  {
    "Plan": {
      "Node Type": "Aggregate",
      "Strategy": "Plain",
      "Partial Mode": "Finalize",
      "Parallel Aware": false,
      "Startup Cost": 32911.35,
      "Total Cost": 32911.36,
      "Plan Rows": 1,
      "Plan Width": 8,
      "Actual Startup Time": 102.611,
      "Actual Total Time": 111.084,
      "Actual Rows": 1,
      "Actual Loops": 1,
      "Plans": [
        {
          "Node Type": "Gather",
          "Parent Relationship": "Outer",
          "Parallel Aware": false,
          "Startup Cost": 32911.04,
          "Total Cost": 32911.35,
          "Plan Rows": 3,
          "Plan Width": 8,
          "Actual Startup Time": 102.498,
          "Actual Total Time": 111.077,
          "Actual Rows": 4,
          "Actual Loops": 1,
          "Workers Planned": 3,
          "Workers Launched": 3,
          "Single Copy": false,
          "Plans": [
            {
              "Node Type": "Aggregate",
              "Strategy": "Plain",
              "Partial Mode": "Partial",
              "Parent Relationship": "Outer",
              "Parallel Aware": false,
              "Startup Cost": 31911.04,
              "Total Cost": 31911.05,
              "Plan Rows": 1,
              "Plan Width": 8,
              "Actual Startup Time": 94.54,
              "Actual Total Time": 94.541,
              "Actual Rows": 1,
              "Actual Loops": 4,
              "Plans": [
                {
                  "Node Type": "Seq Scan",
                  "Parent Relationship": "Outer",
                  "Parallel Aware": true,
                  "Relation Name": "movie_companies",
                  "Alias": "mc",
                  "Startup Cost": 0.0,
                  "Total Cost": 31414.82,
                  "Plan Rows": 198487,
                  "Plan Width": 0,
                  "Actual Startup Time": 46.098,
                  "Actual Total Time": 84.221,
                  "Actual Rows": 220414,
                  "Actual Loops": 4,
                  "Filter": "((company_id > 12413) AND (company_type_id > 1))",
                  "Rows Removed by Filter": 431868
                }
              ]
            }
          ]
        }
      ]
    },
    "Planning Time": 0.075,
    "Triggers": [],
    "Execution Time": 111.111
  }
]