[
  {
    "Plan": {
      "Node Type": "Aggregate",
      "Strategy": "Plain",
      "Partial Mode": "Finalize",
      "Parallel Aware": false,
      "Startup Cost": 92218.71,
      "Total Cost": 92218.72,
      "Plan Rows": 1,
      "Plan Width": 8,
      "Actual Startup Time": 309.868,
      "Actual Total Time": 348.465,
      "Actual Rows": 1,
      "Actual Loops": 1,
      "Plans": [
        {
          "Node Type": "Gather",
          "Parent Relationship": "Outer",
          "Parallel Aware": false,
          "Startup Cost": 92218.4,
          "Total Cost": 92218.71,
          "Plan Rows": 3,
          "Plan Width": 8,
          "Actual Startup Time": 308.938,
          "Actual Total Time": 348.454,
          "Actual Rows": 4,
          "Actual Loops": 1,
          "Workers Planned": 3,
          "Workers Launched": 3,
          "Single Copy": false,
          "Plans": [
            {
              "Node Type": "Aggregate",
              "Strategy": "Plain",
              "Partial Mode": "Partial",
              "Parent Relationship": "Outer",
              "Parallel Aware": false,
              "Startup Cost": 91218.4,
              "Total Cost": 91218.41,
              "Plan Rows": 1,
              "Plan Width": 8,
              "Actual Startup Time": 302.384,
              "Actual Total Time": 302.389,
              "Actual Rows": 1,
              "Actual Loops": 4,
              "Plans": [
                {
                  "Node Type": "Nested Loop",
                  "Parent Relationship": "Outer",
                  "Parallel Aware": false,
                  "Join Type": "Inner",
                  "Startup Cost": 53925.94,
                  "Total Cost": 91155.51,
                  "Plan Rows": 25156,
                  "Plan Width": 0,
                  "Actual Startup Time": 127.469,
                  "Actual Total Time": 297.371,
                  "Actual Rows": 81603,
                  "Actual Loops": 4,
                  "Inner Unique": false,
                  "Join Filter": "(t.id = ci.movie_id)",
                  "Rows Removed by Join Filter": 0,
                  "Plans": [
                    {
                      "Node Type": "Hash Join",
                      "Parent Relationship": "Outer",
                      "Parallel Aware": true,
                      "Join Type": "Inner",
                      "Startup Cost": 53925.37,
                      "Total Cost": 74718.59,
                      "Plan Rows": 1755,
                      "Plan Width": 8,
                      "Actual Startup Time": 127.356,
                      "Actual Total Time": 178.58,
                      "Actual Rows": 1724,
                      "Actual Loops": 4,
                      "Inner Unique": true,
                      "Hash Cond": "(mc.movie_id = t.id)",
                      "Plans": [
                        {
                          "Node Type": "Bitmap Heap Scan",
                          "Parent Relationship": "Outer",
                          "Parallel Aware": true,
                          "Relation Name": "movie_companies",
                          "Alias": "mc",
                          "Startup Cost": 8215.3,
                          "Total Cost": 28850.62,
                          "Plan Rows": 60149,
                          "Plan Width": 4,
                          "Actual Startup Time": 18.015,
                          "Actual Total Time": 55.471,
                          "Actual Rows": 72397,
                          "Actual Loops": 4,
                          "Recheck Cond": "(company_id < 225)",
                          "Rows Removed by Index Recheck": 0,
                          "Filter": "(company_type_id < 2)",
                          "Rows Removed by Filter": 21758,
                          "Exact Heap Blocks": 7639,
                          "Lossy Heap Blocks": 0,
                          "Plans": [
                            {
                              "Node Type": "Bitmap Index Scan",
                              "Parent Relationship": "Outer",
                              "Parallel Aware": false,
                              "Index Name": "company_id_movie_companies",
                              "Startup Cost": 0.0,
                              "Total Cost": 8168.68,
                              "Plan Rows": 381367,
                              "Plan Width": 0,
                              "Actual Startup Time": 15.421,
                              "Actual Total Time": 15.422,
                              "Actual Rows": 376622,
                              "Actual Loops": 1,
                              "Index Cond": "(company_id < 225)"
                            }
                          ]
                        },
                        {
                          "Node Type": "Hash",
                          "Parent Relationship": "Inner",
                          "Parallel Aware": true,
                          "Startup Cost": 45479.59,
                          "Total Cost": 45479.59,
                          "Plan Rows": 18439,
                          "Plan Width": 4,
                          "Actual Startup Time": 107.538,
                          "Actual Total Time": 107.539,
                          "Actual Rows": 21019,
                          "Actual Loops": 4,
                          "Hash Buckets": 131072,
                          "Original Hash Buckets": 131072,
                          "Hash Batches": 1,
                          "Original Hash Batches": 1,
                          "Peak Memory Usage": 4384,
                          "Plans": [
                            {
                              "Node Type": "Seq Scan",
                              "Parent Relationship": "Outer",
                              "Parallel Aware": true,
                              "Relation Name": "title",
                              "Alias": "t",
                              "Startup Cost": 0.0,
                              "Total Cost": 45479.59,
                              "Plan Rows": 18439,
                              "Plan Width": 4,
                              "Actual Startup Time": 0.042,
                              "Actual Total Time": 98.907,
                              "Actual Rows": 21019,
                              "Actual Loops": 4,
                              "Filter": "((kind_id = 7) AND (production_year = 2007))",
                              "Rows Removed by Filter": 611059
                            }
                          ]
                        }
                      ]
                    },
                    {
                      "Node Type": "Index Only Scan",
                      "Parent Relationship": "Inner",
                      "Parallel Aware": false,
                      "Scan Direction": "Forward",
                      "Index Name": "movie_id_cast_info",
                      "Relation Name": "cast_info",
                      "Alias": "ci",
                      "Startup Cost": 0.56,
                      "Total Cost": 8.93,
                      "Plan Rows": 35,
                      "Plan Width": 4,
                      "Actual Startup Time": 0.008,
                      "Actual Total Time": 0.063,
                      "Actual Rows": 47,
                      "Actual Loops": 6896,
                      "Index Cond": "(movie_id = mc.movie_id)",
                      "Rows Removed by Index Recheck": 0,
                      "Heap Fetches": 326412
                    }
                  ]
                }
              ]
            }
          ]
        }
      ]
    },
    "Planning Time": 1.414,
    "Triggers": [],
    "Execution Time": 348.646
  }
]