[
  {
    "Plan": {
      "Node Type": "Aggregate",
      "Strategy": "Plain",
      "Partial Mode": "Simple",
      "Parallel Aware": false,
      "Startup Cost": 17086.21,
      "Total Cost": 17086.22,
      "Plan Rows": 1,
      "Plan Width": 8,
      "Actual Startup Time": 14.392,
      "Actual Total Time": 14.394,
      "Actual Rows": 1,
      "Actual Loops": 1,
      "Plans": [
        {
          "Node Type": "Bitmap Heap Scan",
          "Parent Relationship": "Outer",
          "Parallel Aware": false,
          "Relation Name": "movie_companies",
          "Alias": "mc",
          "Startup Cost": 234.02,
          "Total Cost": 17072.54,
          "Plan Rows": 5467,
          "Plan Width": 0,
          "Actual Startup Time": 9.837,
          "Actual Total Time": 14.095,
          "Actual Rows": 4155,
          "Actual Loops": 1,
          "Recheck Cond": "(company_id = 846)",
          "Rows Removed by Index Recheck": 0,
          "Filter": "(company_type_id > 1)",
          "Rows Removed by Filter": 6008,
          "Exact Heap Blocks": 5689,
          "Lossy Heap Blocks": 0,
          "Plans": [
            {
              "Node Type": "Bitmap Index Scan",
              "Parent Relationship": "Outer",
              "Parallel Aware": false,
              "Index Name": "company_id_movie_companies",
              "Startup Cost": 0.0,
              "Total Cost": 232.66,
              "Plan Rows": 10697,
              "Plan Width": 0,
              "Actual Startup Time": 1.913,
              "Actual Total Time": 1.913,
              "Actual Rows": 10163,
              "Actual Loops": 1,
              "Index Cond": "(company_id = 846)"
            }
          ]
        }
      ]
    },
    "Planning Time": 0.114,
    "Triggers": [],
    "Execution Time": 14.43
  }
]