[
  {
    "Plan": {
      "Node Type": "Aggregate",
      "Strategy": "Plain",
      "Partial Mode": "Finalize",
      "Parallel Aware": false,
      "Startup Cost": 403013.22,
      "Total Cost": 403013.23,
      "Plan Rows": 1,
      "Plan Width": 8,
      "Actual Startup Time": 2757.208,
      "Actual Total Time": 2821.293,
      "Actual Rows": 1,
      "Actual Loops": 1,
      "Plans": [
        {
          "Node Type": "Gather",
          "Parent Relationship": "Outer",
          "Parallel Aware": false,
          "Startup Cost": 403012.6,
          "Total Cost": 403013.21,
          "Plan Rows": 6,
          "Plan Width": 8,
          "Actual Startup Time": 2738.649,
          "Actual Total Time": 2821.269,
          "Actual Rows": 7,
          "Actual Loops": 1,
          "Workers Planned": 6,
          "Workers Launched": 6,
          "Single Copy": false,
          "Plans": [
            {
              "Node Type": "Aggregate",
              "Strategy": "Plain",
              "Partial Mode": "Partial",
              "Parent Relationship": "Outer",
              "Parallel Aware": false,
              "Startup Cost": 402012.6,
              "Total Cost": 402012.61,
              "Plan Rows": 1,
              "Plan Width": 8,
              "Actual Startup Time": 2716.069,
              "Actual Total Time": 2716.071,
              "Actual Rows": 1,
              "Actual Loops": 7,
              "Plans": [
                {
                  "Node Type": "Hash Join",
                  "Parent Relationship": "Outer",
                  "Parallel Aware": true,
                  "Join Type": "Inner",
                  "Startup Cost": 50723.69,
                  "Total Cost": 391574.24,
                  "Plan Rows": 4175344,
                  "Plan Width": 0,
                  "Actual Startup Time": 243.147,
                  "Actual Total Time": 2554.118,
                  "Actual Rows": 3758532,
                  "Actual Loops": 7,
                  "Inner Unique": true,
                  "Hash Cond": "(ci.movie_id = t.id)",
                  "Plans": [
                    {
                      "Node Type": "Seq Scan",
                      "Parent Relationship": "Outer",
                      "Parallel Aware": true,
                      "Relation Name": "cast_info",
                      "Alias": "ci",
                      "Startup Cost": 0.0,
                      "Total Cost": 328162.03,
                      "Plan Rows": 4833714,
                      "Plan Width": 4,
                      "Actual Startup Time": 0.026,
                      "Actual Total Time": 608.235,
                      "Actual Rows": 4163176,
                      "Actual Loops": 7,
                      "Filter": "(person_id < 2956766)",
                      "Rows Removed by Filter": 1014588
                    },
                    {
                      "Node Type": "Hash",
                      "Parent Relationship": "Inner",
                      "Parallel Aware": true,
                      "Startup Cost": 43898.92,
                      "Total Cost": 43898.92,
                      "Plan Rows": 545982,
                      "Plan Width": 4,
                      "Actual Startup Time": 236.039,
                      "Actual Total Time": 236.039,
                      "Actual Rows": 310166,
                      "Actual Loops": 7,
                      "Hash Buckets": 4194304,
                      "Original Hash Buckets": 4194304,
                      "Hash Batches": 1,
                      "Original Hash Batches": 1,
                      "Peak Memory Usage": 117792,
                      "Plans": [
                        {
                          "Node Type": "Seq Scan",
                          "Parent Relationship": "Outer",
                          "Parallel Aware": true,
                          "Relation Name": "title",
                          "Alias": "t",
                          "Startup Cost": 0.0,
                          "Total Cost": 43898.92,
                          "Plan Rows": 545982,
                          "Plan Width": 4,
                          "Actual Startup Time": 0.044,
                          "Actual Total Time": 81.906,
                          "Actual Rows": 310166,
                          "Actual Loops": 7,
                          "Filter": "(production_year > 1963)",
                          "Rows Removed by Filter": 51021
                        }
                      ]
                    }
                  ]
                }
              ]
            }
          ]
        }
      ]
    },
    "Planning Time": 0.573,
    "Triggers": [],
    "Execution Time": 2821.371
  }
]