[
  {
    "Plan": {
      "Node Type": "Aggregate",
      "Strategy": "Plain",
      "Partial Mode": "Finalize",
      "Parallel Aware": false,
      "Startup Cost": 490082.71,
      "Total Cost": 490082.72,
      "Plan Rows": 1,
      "Plan Width": 96,
      "Actual Startup Time": 1999.805,
      "Actual Total Time": 2126.219,
      "Actual Rows": 1,
      "Actual Loops": 1,
      "Plans": [
        {
          "Node Type": "Gather",
          "Parent Relationship": "Outer",
          "Parallel Aware": false,
          "Startup Cost": 490082.27,
          "Total Cost": 490082.68,
          "Plan Rows": 4,
          "Plan Width": 96,
          "Actual Startup Time": 1999.517,
          "Actual Total Time": 2126.192,
          "Actual Rows": 5,
          "Actual Loops": 1,
          "Workers Planned": 4,
          "Workers Launched": 4,
          "Single Copy": false,
          "Plans": [
            {
              "Node Type": "Aggregate",
              "Strategy": "Plain",
              "Partial Mode": "Partial",
              "Parent Relationship": "Outer",
              "Parallel Aware": false,
              "Startup Cost": 489082.27,
              "Total Cost": 489082.28,
              "Plan Rows": 1,
              "Plan Width": 96,
              "Actual Startup Time": 1988.458,
              "Actual Total Time": 1988.468,
              "Actual Rows": 1,
              "Actual Loops": 5,
              "Plans": [
                {
                  "Node Type": "Hash Join",
                  "Parent Relationship": "Outer",
                  "Parallel Aware": true,
                  "Join Type": "Inner",
                  "Startup Cost": 444069.71,
                  "Total Cost": 489082.27,
                  "Plan Rows": 1,
                  "Plan Width": 48,
                  "Actual Startup Time": 1888.605,
                  "Actual Total Time": 1988.389,
                  "Actual Rows": 198,
                  "Actual Loops": 5,
                  "Inner Unique": false,
                  "Hash Cond": "(t.id = mk.movie_id)",
                  "Plans": [
                    {
                      "Node Type": "Seq Scan",
                      "Parent Relationship": "Outer",
                      "Parallel Aware": true,
                      "Relation Name": "title",
                      "Alias": "t",
                      "Startup Cost": 0.0,
                      "Total Cost": 43898.62,
                      "Plan Rows": 297049,
                      "Plan Width": 21,
                      "Actual Startup Time": 0.031,
                      "Actual Total Time": 86.78,
                      "Actual Rows": 238504,
                      "Actual Loops": 5,
                      "Filter": "(production_year > 2003)",
                      "Rows Removed by Filter": 267159
                    },
                    {
                      "Node Type": "Hash",
                      "Parent Relationship": "Inner",
                      "Parallel Aware": true,
                      "Startup Cost": 444069.69,
                      "Total Cost": 444069.69,
                      "Plan Rows": 1,
                      "Plan Width": 39,
                      "Actual Startup Time": 1874.054,
                      "Actual Total Time": 1874.063,
                      "Actual Rows": 434,
                      "Actual Loops": 5,
                      "Hash Buckets": 1024,
                      "Original Hash Buckets": 1024,
                      "Hash Batches": 1,
                      "Original Hash Batches": 1,
                      "Peak Memory Usage": 232,
                      "Plans": [
                        {
                          "Node Type": "Hash Join",
                          "Parent Relationship": "Outer",
                          "Parallel Aware": true,
                          "Join Type": "Inner",
                          "Startup Cost": 115148.66,
                          "Total Cost": 444069.69,
                          "Plan Rows": 1,
                          "Plan Width": 39,
                          "Actual Startup Time": 745.478,
                          "Actual Total Time": 1873.005,
                          "Actual Rows": 434,
                          "Actual Loops": 5,
                          "Inner Unique": false,
                          "Hash Cond": "(ci.movie_id = mk.movie_id)",
                          "Plans": [
                            {
                              "Node Type": "Hash Join",
                              "Parent Relationship": "Outer",
                              "Parallel Aware": true,
                              "Join Type": "Inner",
                              "Startup Cost": 68636.88,
                              "Total Cost": 397555.64,
                              "Plan Rows": 604,
                              "Plan Width": 19,
                              "Actual Startup Time": 247.519,
                              "Actual Total Time": 1528.888,
                              "Actual Rows": 15963,
                              "Actual Loops": 5,
                              "Inner Unique": true,
                              "Hash Cond": "(ci.person_id = n.id)",
                              "Plans": [
                                {
                                  "Node Type": "Seq Scan",
                                  "Parent Relationship": "Outer",
                                  "Parallel Aware": true,
                                  "Relation Name": "cast_info",
                                  "Alias": "ci",
                                  "Startup Cost": 0.0,
                                  "Total Cost": 313068.58,
                                  "Plan Rows": 6038158,
                                  "Plan Width": 8,
                                  "Actual Startup Time": 0.025,
                                  "Actual Total Time": 780.787,
                                  "Actual Rows": 7248869,
                                  "Actual Loops": 5
                                },
                                {
                                  "Node Type": "Hash",
                                  "Parent Relationship": "Inner",
                                  "Parallel Aware": true,
                                  "Startup Cost": 68635.58,
                                  "Total Cost": 68635.58,
                                  "Plan Rows": 104,
                                  "Plan Width": 19,
                                  "Actual Startup Time": 198.345,
                                  "Actual Total Time": 198.346,
                                  "Actual Rows": 2133,
                                  "Actual Loops": 5,
                                  "Hash Buckets": 16384,
                                  "Original Hash Buckets": 1024,
                                  "Hash Batches": 1,
                                  "Original Hash Batches": 1,
                                  "Peak Memory Usage": 952,
                                  "Plans": [
                                    {
                                      "Node Type": "Seq Scan",
                                      "Parent Relationship": "Outer",
                                      "Parallel Aware": true,
                                      "Relation Name": "name",
                                      "Alias": "n",
                                      "Startup Cost": 0.0,
                                      "Total Cost": 68635.58,
                                      "Plan Rows": 104,
                                      "Plan Width": 19,
                                      "Actual Startup Time": 5.091,
                                      "Actual Total Time": 158.626,
                                      "Actual Rows": 2133,
                                      "Actual Loops": 5,
                                      "Filter": "(name ~~ '%Johnson,%'::text)",
                                      "Rows Removed by Filter": 831365
                                    }
                                  ]
                                }
                              ]
                            },
                            {
                              "Node Type": "Hash",
                              "Parent Relationship": "Inner",
                              "Parallel Aware": true,
                              "Startup Cost": 46510.69,
                              "Total Cost": 46510.69,
                              "Plan Rows": 87,
                              "Plan Width": 20,
                              "Actual Startup Time": 340.418,
                              "Actual Total Time": 340.421,
                              "Actual Rows": 3014,
                              "Actual Loops": 5,
                              "Hash Buckets": 16384,
                              "Original Hash Buckets": 1024,
                              "Hash Batches": 1,
                              "Original Hash Batches": 1,
                              "Peak Memory Usage": 1112,
                              "Plans": [
                                {
                                  "Node Type": "Hash Join",
                                  "Parent Relationship": "Outer",
                                  "Parallel Aware": false,
                                  "Join Type": "Inner",
                                  "Startup Cost": 3632.5,
                                  "Total Cost": 46510.69,
                                  "Plan Rows": 87,
                                  "Plan Width": 20,
                                  "Actual Startup Time": 42.61,
                                  "Actual Total Time": 231.871,
                                  "Actual Rows": 3014,
                                  "Actual Loops": 5,
                                  "Inner Unique": true,
                                  "Hash Cond": "(mk.keyword_id = k.id)",
                                  "Plans": [
                                    {
                                      "Node Type": "Seq Scan",
                                      "Parent Relationship": "Outer",
                                      "Parallel Aware": true,
                                      "Relation Name": "movie_keyword",
                                      "Alias": "mk",
                                      "Startup Cost": 0.0,
                                      "Total Cost": 39047.32,
                                      "Plan Rows": 1459332,
                                      "Plan Width": 8,
                                      "Actual Startup Time": 0.065,
                                      "Actual Total Time": 111.401,
                                      "Actual Rows": 904786,
                                      "Actual Loops": 5
                                    },
                                    {
                                      "Node Type": "Hash",
                                      "Parent Relationship": "Inner",
                                      "Parallel Aware": false,
                                      "Startup Cost": 3632.4,
                                      "Total Cost": 3632.4,
                                      "Plan Rows": 8,
                                      "Plan Width": 20,
                                      "Actual Startup Time": 42.301,
                                      "Actual Total Time": 42.301,
                                      "Actual Rows": 6,
                                      "Actual Loops": 5,
                                      "Hash Buckets": 1024,
                                      "Original Hash Buckets": 1024,
                                      "Hash Batches": 1,
                                      "Original Hash Batches": 1,
                                      "Peak Memory Usage": 9,
                                      "Plans": [
                                        {
                                          "Node Type": "Seq Scan",
                                          "Parent Relationship": "Outer",
                                          "Parallel Aware": false,
                                          "Relation Name": "keyword",
                                          "Alias": "k",
                                          "Startup Cost": 0.0,
                                          "Total Cost": 3632.4,
                                          "Plan Rows": 8,
                                          "Plan Width": 20,
                                          "Actual Startup Time": 0.436,
                                          "Actual Total Time": 42.265,
                                          "Actual Rows": 6,
                                          "Actual Loops": 5,
                                          "Filter": "(keyword = ANY ('{claw,marvel-cinematic-universe,based-on-comic,violence,gore,magnet,based-on-comic,gore}'::text[]))",
                                          "Rows Removed by Filter": 134164
                                        }
                                      ]
                                    }
                                  ]
                                }
                              ]
                            }
                          ]
                        }
                      ]
                    }
                  ]
                }
              ]
            }
          ]
        }
      ]
    },
    "Planning Time": 8.516,
    "Triggers": [],
    "Execution Time": 2126.673
  }
]