[
  {
    "Plan": {
      "Node Type": "Aggregate",
      "Strategy": "Plain",
      "Partial Mode": "Finalize",
      "Parallel Aware": false,
      "Startup Cost": 33173.76,
      "Total Cost": 33173.77,
      "Plan Rows": 1,
      "Plan Width": 8,
      "Actual Startup Time": 106.567,
      "Actual Total Time": 114.527,
      "Actual Rows": 1,
      "Actual Loops": 1,
      "Plans": [
        {
          "Node Type": "Gather",
          "Parent Relationship": "Outer",
          "Parallel Aware": false,
          "Startup Cost": 33173.44,
          "Total Cost": 33173.75,
          "Plan Rows": 3,
          "Plan Width": 8,
          "Actual Startup Time": 106.473,
          "Actual Total Time": 114.52,
          "Actual Rows": 4,
          "Actual Loops": 1,
          "Workers Planned": 3,
          "Workers Launched": 3,
          "Single Copy": false,
          "Plans": [
            {
              "Node Type": "Aggregate",
              "Strategy": "Plain",
              "Partial Mode": "Partial",
              "Parent Relationship": "Outer",
              "Parallel Aware": false,
              "Startup Cost": 32173.44,
              "Total Cost": 32173.45,
              "Plan Rows": 1,
              "Plan Width": 8,
              "Actual Startup Time": 97.924,
              "Actual Total Time": 97.925,
              "Actual Rows": 1,
              "Actual Loops": 4,
              "Plans": [
                {
                  "Node Type": "Seq Scan",
                  "Parent Relationship": "Outer",
                  "Parallel Aware": true,
                  "Relation Name": "movie_companies",
                  "Alias": "mc",
                  "Startup Cost": 0.0,
                  "Total Cost": 31414.82,
                  "Plan Rows": 303449,
                  "Plan Width": 0,
                  "Actual Startup Time": 0.048,
                  "Actual Total Time": 80.816,
                  "Actual Rows": 309174,
                  "Actual Loops": 4,
                  "Filter": "((company_id < 43664) AND (company_type_id < 2))",
                  "Rows Removed by Filter": 343108
                }
              ]
            }
          ]
        }
      ]
    },
    "Planning Time": 0.195,
    "Triggers": [],
    "Execution Time": 114.581
  }
]