[
  {
    "Plan": {
      "Node Type": "Aggregate",
      "Strategy": "Plain",
      "Partial Mode": "Finalize",
      "Parallel Aware": false,
      "Startup Cost": 251474.07,
      "Total Cost": 251474.08,
      "Plan Rows": 1,
      "Plan Width": 64,
      "Actual Startup Time": 1008.598,
      "Actual Total Time": 1081.08,
      "Actual Rows": 1,
      "Actual Loops": 1,
      "Plans": [
        {
          "Node Type": "Gather",
          "Parent Relationship": "Outer",
          "Parallel Aware": false,
          "Startup Cost": 251473.74,
          "Total Cost": 251474.05,
          "Plan Rows": 3,
          "Plan Width": 64,
          "Actual Startup Time": 1003.513,
          "Actual Total Time": 1081.066,
          "Actual Rows": 4,
          "Actual Loops": 1,
          "Workers Planned": 3,
          "Workers Launched": 3,
          "Single Copy": false,
          "Plans": [
            {
              "Node Type": "Aggregate",
              "Strategy": "Plain",
              "Partial Mode": "Partial",
              "Parent Relationship": "Outer",
              "Parallel Aware": false,
              "Startup Cost": 250473.74,
              "Total Cost": 250473.75,
              "Plan Rows": 1,
              "Plan Width": 64,
              "Actual Startup Time": 992.878,
              "Actual Total Time": 993.089,
              "Actual Rows": 1,
              "Actual Loops": 4,
              "Plans": [
                {
                  "Node Type": "Hash Join",
                  "Parent Relationship": "Outer",
                  "Parallel Aware": true,
                  "Join Type": "Inner",
                  "Startup Cost": 218977.46,
                  "Total Cost": 249494.47,
                  "Plan Rows": 195854,
                  "Plan Width": 23,
                  "Actual Startup Time": 839.73,
                  "Actual Total Time": 988.397,
                  "Actual Rows": 41230,
                  "Actual Loops": 4,
                  "Inner Unique": false,
                  "Hash Cond": "(mc.movie_id = t.id)",
                  "Plans": [
                    {
                      "Node Type": "Seq Scan",
                      "Parent Relationship": "Outer",
                      "Parallel Aware": true,
                      "Relation Name": "movie_companies",
                      "Alias": "mc",
                      "Startup Cost": 0.0,
                      "Total Cost": 27206.55,
                      "Plan Rows": 841655,
                      "Plan Width": 4,
                      "Actual Startup Time": 0.02,
                      "Actual Total Time": 70.412,
                      "Actual Rows": 652282,
                      "Actual Loops": 4
                    },
                    {
                      "Node Type": "Hash",
                      "Parent Relationship": "Inner",
                      "Parallel Aware": true,
                      "Startup Cost": 218398.24,
                      "Total Cost": 218398.24,
                      "Plan Rows": 46338,
                      "Plan Width": 35,
                      "Actual Startup Time": 838.048,
                      "Actual Total Time": 838.257,
                      "Actual Rows": 8685,
                      "Actual Loops": 4,
                      "Hash Buckets": 131072,
                      "Original Hash Buckets": 131072,
                      "Hash Batches": 1,
                      "Original Hash Batches": 1,
                      "Peak Memory Usage": 3392,
                      "Plans": [
                        {
                          "Node Type": "Nested Loop",
                          "Parent Relationship": "Outer",
                          "Parallel Aware": false,
                          "Join Type": "Inner",
                          "Startup Cost": 47728.41,
                          "Total Cost": 218398.24,
                          "Plan Rows": 46338,
                          "Plan Width": 35,
                          "Actual Startup Time": 247.546,
                          "Actual Total Time": 829.015,
                          "Actual Rows": 8685,
                          "Actual Loops": 4,
                          "Inner Unique": false,
                          "Plans": [
                            {
                              "Node Type": "Hash Join",
                              "Parent Relationship": "Outer",
                              "Parallel Aware": true,
                              "Join Type": "Inner",
                              "Startup Cost": 47727.98,
                              "Total Cost": 63416.83,
                              "Plan Rows": 61404,
                              "Plan Width": 31,
                              "Actual Startup Time": 246.46,
                              "Actual Total Time": 357.019,
                              "Actual Rows": 32848,
                              "Actual Loops": 4,
                              "Inner Unique": true,
                              "Hash Cond": "(mi_idx.movie_id = t.id)",
                              "Plans": [
                                {
                                  "Node Type": "Seq Scan",
                                  "Parent Relationship": "Outer",
                                  "Parallel Aware": true,
                                  "Relation Name": "movie_info_idx",
                                  "Alias": "mi_idx",
                                  "Startup Cost": 0.0,
                                  "Total Cost": 15122.68,
                                  "Plan Rows": 215685,
                                  "Plan Width": 10,
                                  "Actual Startup Time": 0.052,
                                  "Actual Total Time": 53.173,
                                  "Actual Rows": 129420,
                                  "Actual Loops": 4,
                                  "Filter": "(info > '5.0'::text)",
                                  "Rows Removed by Filter": 215588
                                },
                                {
                                  "Node Type": "Hash",
                                  "Parent Relationship": "Inner",
                                  "Parallel Aware": true,
                                  "Startup Cost": 45478.74,
                                  "Total Cost": 45478.74,
                                  "Plan Rows": 179939,
                                  "Plan Width": 21,
                                  "Actual Startup Time": 243.359,
                                  "Actual Total Time": 243.36,
                                  "Actual Rows": 179065,
                                  "Actual Loops": 4,
                                  "Hash Buckets": 1048576,
                                  "Original Hash Buckets": 1048576,
                                  "Hash Batches": 1,
                                  "Original Hash Batches": 1,
                                  "Peak Memory Usage": 48256,
                                  "Plans": [
                                    {
                                      "Node Type": "Seq Scan",
                                      "Parent Relationship": "Outer",
                                      "Parallel Aware": true,
                                      "Relation Name": "title",
                                      "Alias": "t",
                                      "Startup Cost": 0.0,
                                      "Total Cost": 45478.74,
                                      "Plan Rows": 179939,
                                      "Plan Width": 21,
                                      "Actual Startup Time": 0.063,
                                      "Actual Total Time": 151.013,
                                      "Actual Rows": 179065,
                                      "Actual Loops": 4,
                                      "Filter": "((production_year >= 2005) AND (production_year <= 2010))",
                                      "Rows Removed by Filter": 453013
                                    }
                                  ]
                                }
                              ]
                            },
                            {
                              "Node Type": "Index Scan",
                              "Parent Relationship": "Inner",
                              "Parallel Aware": false,
                              "Scan Direction": "Forward",
                              "Index Name": "movie_id_movie_info",
                              "Relation Name": "movie_info",
                              "Alias": "mi",
                              "Startup Cost": 0.43,
                              "Total Cost": 2.51,
                              "Plan Rows": 1,
                              "Plan Width": 4,
                              "Actual Startup Time": 0.014,
                              "Actual Total Time": 0.014,
                              "Actual Rows": 0,
                              "Actual Loops": 131391,
                              "Index Cond": "(movie_id = t.id)",
                              "Rows Removed by Index Recheck": 0,
                              "Filter": "(info = ANY ('{Drama,Horror,Western,Family}'::text[]))",
                              "Rows Removed by Filter": 14
                            }
                          ]
                        }
                      ]
                    }
                  ]
                }
              ]
            }
          ]
        }
      ]
    },
    "Planning Time": 7.622,
    "Triggers": [],
    "Execution Time": 1081.502
  }
]