[
  {
    "Plan": {
      "Node Type": "Aggregate",
      "Strategy": "Plain",
      "Partial Mode": "Finalize",
      "Parallel Aware": false,
      "Startup Cost": 319998.8,
      "Total Cost": 319998.81,
      "Plan Rows": 1,
      "Plan Width": 8,
      "Actual Startup Time": 2136.006,
      "Actual Total Time": 2185.167,
      "Actual Rows": 1,
      "Actual Loops": 1,
      "Plans": [
        {
          "Node Type": "Gather",
          "Parent Relationship": "Outer",
          "Parallel Aware": false,
          "Startup Cost": 319998.48,
          "Total Cost": 319998.79,
          "Plan Rows": 3,
          "Plan Width": 8,
          "Actual Startup Time": 2108.415,
          "Actual Total Time": 2185.151,
          "Actual Rows": 4,
          "Actual Loops": 1,
          "Workers Planned": 3,
          "Workers Launched": 3,
          "Single Copy": false,
          "Plans": [
            {
              "Node Type": "Aggregate",
              "Strategy": "Plain",
              "Partial Mode": "Partial",
              "Parent Relationship": "Outer",
              "Parallel Aware": false,
              "Startup Cost": 318998.48,
              "Total Cost": 318998.49,
              "Plan Rows": 1,
              "Plan Width": 8,
              "Actual Startup Time": 2076.625,
              "Actual Total Time": 2077.352,
              "Actual Rows": 1,
              "Actual Loops": 4,
              "Plans": [
                {
                  "Node Type": "Hash Join",
                  "Parent Relationship": "Outer",
                  "Parallel Aware": true,
                  "Join Type": "Inner",
                  "Startup Cost": 263015.54,
                  "Total Cost": 312630.08,
                  "Plan Rows": 2547359,
                  "Plan Width": 0,
                  "Actual Startup Time": 1616.535,
                  "Actual Total Time": 1988.254,
                  "Actual Rows": 1955550,
                  "Actual Loops": 4,
                  "Inner Unique": false,
                  "Hash Cond": "(mk.movie_id = t.id)",
                  "Plans": [
                    {
                      "Node Type": "Seq Scan",
                      "Parent Relationship": "Outer",
                      "Parallel Aware": true,
                      "Relation Name": "movie_keyword",
                      "Alias": "mk",
                      "Startup Cost": 0.0,
                      "Total Cost": 39047.32,
                      "Plan Rows": 1459332,
                      "Plan Width": 4,
                      "Actual Startup Time": 0.045,
                      "Actual Total Time": 90.693,
                      "Actual Rows": 1130982,
                      "Actual Loops": 4
                    },
                    {
                      "Node Type": "Hash",
                      "Parent Relationship": "Inner",
                      "Parallel Aware": true,
                      "Startup Cost": 251981.73,
                      "Total Cost": 251981.73,
                      "Plan Rows": 882705,
                      "Plan Width": 8,
                      "Actual Startup Time": 1594.128,
                      "Actual Total Time": 1594.853,
                      "Actual Rows": 611636,
                      "Actual Loops": 4,
                      "Hash Buckets": 8388608,
                      "Original Hash Buckets": 8388608,
                      "Hash Batches": 1,
                      "Original Hash Batches": 1,
                      "Peak Memory Usage": 161312,
                      "Plans": [
                        {
                          "Node Type": "Hash Join",
                          "Parent Relationship": "Outer",
                          "Parallel Aware": true,
                          "Join Type": "Inner",
                          "Startup Cost": 49737.61,
                          "Total Cost": 251981.73,
                          "Plan Rows": 882705,
                          "Plan Width": 8,
                          "Actual Startup Time": 309.034,
                          "Actual Total Time": 1300.868,
                          "Actual Rows": 611636,
                          "Actual Loops": 4,
                          "Inner Unique": true,
                          "Hash Cond": "(mi.movie_id = t.id)",
                          "Plans": [
                            {
                              "Node Type": "Seq Scan",
                              "Parent Relationship": "Outer",
                              "Parallel Aware": true,
                              "Relation Name": "movie_info",
                              "Alias": "mi",
                              "Startup Cost": 0.0,
                              "Total Cost": 199108.24,
                              "Plan Rows": 1194621,
                              "Plan Width": 4,
                              "Actual Startup Time": 0.036,
                              "Actual Total Time": 463.488,
                              "Actual Rows": 1471241,
                              "Actual Loops": 4,
                              "Filter": "(info_type_id < 7)",
                              "Rows Removed by Filter": 2237689
                            },
                            {
                              "Node Type": "Hash",
                              "Parent Relationship": "Inner",
                              "Parallel Aware": true,
                              "Startup Cost": 43899.32,
                              "Total Cost": 43899.32,
                              "Plan Rows": 467063,
                              "Plan Width": 4,
                              "Actual Startup Time": 304.079,
                              "Actual Total Time": 304.08,
                              "Actual Rows": 466372,
                              "Actual Loops": 4,
                              "Hash Buckets": 2097152,
                              "Original Hash Buckets": 2097152,
                              "Hash Batches": 1,
                              "Original Hash Batches": 1,
                              "Peak Memory Usage": 89408,
                              "Plans": [
                                {
                                  "Node Type": "Seq Scan",
                                  "Parent Relationship": "Outer",
                                  "Parallel Aware": true,
                                  "Relation Name": "title",
                                  "Alias": "t",
                                  "Startup Cost": 0.0,
                                  "Total Cost": 43899.32,
                                  "Plan Rows": 467063,
                                  "Plan Width": 4,
                                  "Actual Startup Time": 0.064,
                                  "Actual Total Time": 117.74,
                                  "Actual Rows": 466372,
                                  "Actual Loops": 4,
                                  "Filter": "(kind_id > 1)",
                                  "Rows Removed by Filter": 165706
                                }
                              ]
                            }
                          ]
                        }
                      ]
                    }
                  ]
                }
              ]
            }
          ]
        }
      ]
    },
    "Planning Time": 1.405,
    "Triggers": [],
    "Execution Time": 2185.256
  }
]