[
  {
    "Plan": {
      "Node Type": "Aggregate",
      "Strategy": "Plain",
      "Partial Mode": "Finalize",
      "Parallel Aware": false,
      "Startup Cost": 84232.77,
      "Total Cost": 84232.78,
      "Plan Rows": 1,
      "Plan Width": 8,
      "Actual Startup Time": 488.676,
      "Actual Total Time": 503.905,
      "Actual Rows": 1,
      "Actual Loops": 1,
      "Plans": [
        {
          "Node Type": "Gather",
          "Parent Relationship": "Outer",
          "Parallel Aware": false,
          "Startup Cost": 84232.45,
          "Total Cost": 84232.76,
          "Plan Rows": 3,
          "Plan Width": 8,
          "Actual Startup Time": 479.304,
          "Actual Total Time": 503.892,
          "Actual Rows": 4,
          "Actual Loops": 1,
          "Workers Planned": 3,
          "Workers Launched": 3,
          "Single Copy": false,
          "Plans": [
            {
              "Node Type": "Aggregate",
              "Strategy": "Plain",
              "Partial Mode": "Partial",
              "Parent Relationship": "Outer",
              "Parallel Aware": false,
              "Startup Cost": 83232.45,
              "Total Cost": 83232.46,
              "Plan Rows": 1,
              "Plan Width": 8,
              "Actual Startup Time": 472.557,
              "Actual Total Time": 472.561,
              "Actual Rows": 1,
              "Actual Loops": 4,
              "Plans": [
                {
                  "Node Type": "Hash Join",
                  "Parent Relationship": "Outer",
                  "Parallel Aware": true,
                  "Join Type": "Inner",
                  "Startup Cost": 50426.15,
                  "Total Cost": 82619.76,
                  "Plan Rows": 245074,
                  "Plan Width": 0,
                  "Actual Startup Time": 356.177,
                  "Actual Total Time": 466.981,
                  "Actual Rows": 106583,
                  "Actual Loops": 4,
                  "Inner Unique": true,
                  "Hash Cond": "(mc.movie_id = t.id)",
                  "Plans": [
                    {
                      "Node Type": "Seq Scan",
                      "Parent Relationship": "Outer",
                      "Parallel Aware": true,
                      "Relation Name": "movie_companies",
                      "Alias": "mc",
                      "Startup Cost": 0.0,
                      "Total Cost": 31414.82,
                      "Plan Rows": 296685,
                      "Plan Width": 4,
                      "Actual Startup Time": 36.633,
                      "Actual Total Time": 76.497,
                      "Actual Rows": 151858,
                      "Actual Loops": 4,
                      "Filter": "((company_id < 30599) AND (company_type_id = 2))",
                      "Rows Removed by Filter": 500424
                    },
                    {
                      "Node Type": "Hash",
                      "Parent Relationship": "Inner",
                      "Parallel Aware": true,
                      "Startup Cost": 43899.32,
                      "Total Cost": 43899.32,
                      "Plan Rows": 522146,
                      "Plan Width": 4,
                      "Actual Startup Time": 314.99,
                      "Actual Total Time": 314.991,
                      "Actual Rows": 518697,
                      "Actual Loops": 4,
                      "Hash Buckets": 2097152,
                      "Original Hash Buckets": 2097152,
                      "Hash Batches": 1,
                      "Original Hash Batches": 1,
                      "Peak Memory Usage": 97632,
                      "Plans": [
                        {
                          "Node Type": "Seq Scan",
                          "Parent Relationship": "Outer",
                          "Parallel Aware": true,
                          "Relation Name": "title",
                          "Alias": "t",
                          "Startup Cost": 0.0,
                          "Total Cost": 43899.32,
                          "Plan Rows": 522146,
                          "Plan Width": 4,
                          "Actual Startup Time": 0.018,
                          "Actual Total Time": 122.549,
                          "Actual Rows": 518697,
                          "Actual Loops": 4,
                          "Filter": "(production_year > 1970)",
                          "Rows Removed by Filter": 113381
                        }
                      ]
                    }
                  ]
                }
              ]
            }
          ]
        }
      ]
    },
    "Planning Time": 0.276,
    "Triggers": [],
    "Execution Time": 503.942
  }
]