[
  {
    "Plan": {
      "Node Type": "Aggregate",
      "Strategy": "Plain",
      "Partial Mode": "Finalize",
      "Parallel Aware": false,
      "Startup Cost": 236763.1,
      "Total Cost": 236763.11,
      "Plan Rows": 1,
      "Plan Width": 8,
      "Actual Startup Time": 1895.769,
      "Actual Total Time": 1932.004,
      "Actual Rows": 1,
      "Actual Loops": 1,
      "Plans": [
        {
          "Node Type": "Gather",
          "Parent Relationship": "Outer",
          "Parallel Aware": false,
          "Startup Cost": 236762.78,
          "Total Cost": 236763.09,
          "Plan Rows": 3,
          "Plan Width": 8,
          "Actual Startup Time": 1895.083,
          "Actual Total Time": 1931.996,
          "Actual Rows": 4,
          "Actual Loops": 1,
          "Workers Planned": 3,
          "Workers Launched": 3,
          "Single Copy": false,
          "Plans": [
            {
              "Node Type": "Aggregate",
              "Strategy": "Plain",
              "Partial Mode": "Partial",
              "Parent Relationship": "Outer",
              "Parallel Aware": false,
              "Startup Cost": 235762.78,
              "Total Cost": 235762.79,
              "Plan Rows": 1,
              "Plan Width": 8,
              "Actual Startup Time": 1891.143,
              "Actual Total Time": 1891.147,
              "Actual Rows": 1,
              "Actual Loops": 4,
              "Plans": [
                {
                  "Node Type": "Nested Loop",
                  "Parent Relationship": "Outer",
                  "Parallel Aware": false,
                  "Join Type": "Inner",
                  "Startup Cost": 46015.65,
                  "Total Cost": 235666.57,
                  "Plan Rows": 38485,
                  "Plan Width": 0,
                  "Actual Startup Time": 140.975,
                  "Actual Total Time": 1822.643,
                  "Actual Rows": 1538859,
                  "Actual Loops": 4,
                  "Inner Unique": false,
                  "Join Filter": "(t.id = mi.movie_id)",
                  "Rows Removed by Join Filter": 0,
                  "Plans": [
                    {
                      "Node Type": "Hash Join",
                      "Parent Relationship": "Outer",
                      "Parallel Aware": true,
                      "Join Type": "Inner",
                      "Startup Cost": 46015.21,
                      "Total Cost": 88893.29,
                      "Plan Rows": 98927,
                      "Plan Width": 8,
                      "Actual Startup Time": 140.649,
                      "Actual Total Time": 300.279,
                      "Actual Rows": 94924,
                      "Actual Loops": 4,
                      "Inner Unique": true,
                      "Hash Cond": "(mk.movie_id = t.id)",
                      "Plans": [
                        {
                          "Node Type": "Seq Scan",
                          "Parent Relationship": "Outer",
                          "Parallel Aware": true,
                          "Relation Name": "movie_keyword",
                          "Alias": "mk",
                          "Startup Cost": 0.0,
                          "Total Cost": 39047.32,
                          "Plan Rows": 1459332,
                          "Plan Width": 4,
                          "Actual Startup Time": 0.027,
                          "Actual Total Time": 85.397,
                          "Actual Rows": 1130982,
                          "Actual Loops": 4
                        },
                        {
                          "Node Type": "Hash",
                          "Parent Relationship": "Inner",
                          "Parallel Aware": true,
                          "Startup Cost": 45479.59,
                          "Total Cost": 45479.59,
                          "Plan Rows": 42850,
                          "Plan Width": 4,
                          "Actual Startup Time": 104.468,
                          "Actual Total Time": 104.469,
                          "Actual Rows": 40072,
                          "Actual Loops": 4,
                          "Hash Buckets": 262144,
                          "Original Hash Buckets": 262144,
                          "Hash Batches": 1,
                          "Original Hash Batches": 1,
                          "Peak Memory Usage": 8384,
                          "Plans": [
                            {
                              "Node Type": "Seq Scan",
                              "Parent Relationship": "Outer",
                              "Parallel Aware": true,
                              "Relation Name": "title",
                              "Alias": "t",
                              "Startup Cost": 0.0,
                              "Total Cost": 45479.59,
                              "Plan Rows": 42850,
                              "Plan Width": 4,
                              "Actual Startup Time": 40.527,
                              "Actual Total Time": 91.048,
                              "Actual Rows": 40072,
                              "Actual Loops": 4,
                              "Filter": "((production_year > 2008) AND (kind_id = 1))",
                              "Rows Removed by Filter": 592006
                            }
                          ]
                        }
                      ]
                    },
                    {
                      "Node Type": "Index Scan",
                      "Parent Relationship": "Inner",
                      "Parallel Aware": false,
                      "Scan Direction": "Forward",
                      "Index Name": "movie_id_movie_info",
                      "Relation Name": "movie_info",
                      "Alias": "mi",
                      "Startup Cost": 0.43,
                      "Total Cost": 1.45,
                      "Plan Rows": 3,
                      "Plan Width": 4,
                      "Actual Startup Time": 0.01,
                      "Actual Total Time": 0.015,
                      "Actual Rows": 16,
                      "Actual Loops": 379694,
                      "Index Cond": "(movie_id = mk.movie_id)",
                      "Rows Removed by Index Recheck": 0,
                      "Filter": "(info_type_id > 90)",
                      "Rows Removed by Filter": 57
                    }
                  ]
                }
              ]
            }
          ]
        }
      ]
    },
    "Planning Time": 0.671,
    "Triggers": [],
    "Execution Time": 1932.068
  }
]