[
  {
    "Plan": {
      "Node Type": "Aggregate",
      "Strategy": "Plain",
      "Partial Mode": "Finalize",
      "Parallel Aware": false,
      "Startup Cost": 334654.47,
      "Total Cost": 334654.48,
      "Plan Rows": 1,
      "Plan Width": 8,
      "Actual Startup Time": 649.818,
      "Actual Total Time": 702.878,
      "Actual Rows": 1,
      "Actual Loops": 1,
      "Plans": [
        {
          "Node Type": "Gather",
          "Parent Relationship": "Outer",
          "Parallel Aware": false,
          "Startup Cost": 334653.84,
          "Total Cost": 334654.45,
          "Plan Rows": 6,
          "Plan Width": 8,
          "Actual Startup Time": 649.713,
          "Actual Total Time": 702.869,
          "Actual Rows": 7,
          "Actual Loops": 1,
          "Workers Planned": 6,
          "Workers Launched": 6,
          "Single Copy": false,
          "Plans": [
            {
              "Node Type": "Aggregate",
              "Strategy": "Plain",
              "Partial Mode": "Partial",
              "Parent Relationship": "Outer",
              "Parallel Aware": false,
              "Startup Cost": 333653.84,
              "Total Cost": 333653.85,
              "Plan Rows": 1,
              "Plan Width": 8,
              "Actual Startup Time": 640.664,
              "Actual Total Time": 640.665,
              "Actual Rows": 1,
              "Actual Loops": 7,
              "Plans": [
                {
                  "Node Type": "Seq Scan",
                  "Parent Relationship": "Outer",
                  "Parallel Aware": true,
                  "Relation Name": "cast_info",
                  "Alias": "ci",
                  "Startup Cost": 0.0,
                  "Total Cost": 328162.03,
                  "Plan Rows": 2196727,
                  "Plan Width": 0,
                  "Actual Startup Time": 0.047,
                  "Actual Total Time": 559.573,
                  "Actual Rows": 1883359,
                  "Actual Loops": 7,
                  "Filter": "(person_id < 1301252)",
                  "Rows Removed by Filter": 3294405
                }
              ]
            }
          ]
        }
      ]
    },
    "Planning Time": 0.195,
    "Triggers": [],
    "Execution Time": 702.95
  }
]