[
  {
    "Plan": {
      "Node Type": "Aggregate",
      "Strategy": "Plain",
      "Partial Mode": "Finalize",
      "Parallel Aware": false,
      "Startup Cost": 343890.11,
      "Total Cost": 343890.12,
      "Plan Rows": 1,
      "Plan Width": 8,
      "Actual Startup Time": 812.037,
      "Actual Total Time": 850.813,
      "Actual Rows": 1,
      "Actual Loops": 1,
      "Plans": [
        {
          "Node Type": "Gather",
          "Parent Relationship": "Outer",
          "Parallel Aware": false,
          "Startup Cost": 343889.49,
          "Total Cost": 343890.1,
          "Plan Rows": 6,
          "Plan Width": 8,
          "Actual Startup Time": 811.938,
          "Actual Total Time": 850.805,
          "Actual Rows": 7,
          "Actual Loops": 1,
          "Workers Planned": 6,
          "Workers Launched": 6,
          "Single Copy": false,
          "Plans": [
            {
              "Node Type": "Aggregate",
              "Strategy": "Plain",
              "Partial Mode": "Partial",
              "Parent Relationship": "Outer",
              "Parallel Aware": false,
              "Startup Cost": 342889.49,
              "Total Cost": 342889.5,
              "Plan Rows": 1,
              "Plan Width": 8,
              "Actual Startup Time": 808.372,
              "Actual Total Time": 808.372,
              "Actual Rows": 1,
              "Actual Loops": 7,
              "Plans": [
                {
                  "Node Type": "Seq Scan",
                  "Parent Relationship": "Outer",
                  "Parallel Aware": true,
                  "Relation Name": "cast_info",
                  "Alias": "ci",
                  "Startup Cost": 0.0,
                  "Total Cost": 328213.62,
                  "Plan Rows": 5870348,
                  "Plan Width": 0,
                  "Actual Startup Time": 0.02,
                  "Actual Total Time": 591.312,
                  "Actual Rows": 5018714,
                  "Actual Loops": 7,
                  "Filter": "(person_id < 3845688)",
                  "Rows Removed by Filter": 159050
                }
              ]
            }
          ]
        }
      ]
    },
    "Planning Time": 0.099,
    "Triggers": [],
    "Execution Time": 850.853
  }
]