[
  {
    "Plan": {
      "Node Type": "Aggregate",
      "Strategy": "Plain",
      "Partial Mode": "Finalize",
      "Parallel Aware": false,
      "Startup Cost": 343779.73,
      "Total Cost": 343779.74,
      "Plan Rows": 1,
      "Plan Width": 8,
      "Actual Startup Time": 854.615,
      "Actual Total Time": 917.303,
      "Actual Rows": 1,
      "Actual Loops": 1,
      "Plans": [
        {
          "Node Type": "Gather",
          "Parent Relationship": "Outer",
          "Parallel Aware": false,
          "Startup Cost": 343779.11,
          "Total Cost": 343779.72,
          "Plan Rows": 6,
          "Plan Width": 8,
          "Actual Startup Time": 854.499,
          "Actual Total Time": 917.294,
          "Actual Rows": 7,
          "Actual Loops": 1,
          "Workers Planned": 6,
          "Workers Launched": 6,
          "Single Copy": false,
          "Plans": [
            {
              "Node Type": "Aggregate",
              "Strategy": "Plain",
              "Partial Mode": "Partial",
              "Parent Relationship": "Outer",
              "Parallel Aware": false,
              "Startup Cost": 342779.11,
              "Total Cost": 342779.12,
              "Plan Rows": 1,
              "Plan Width": 8,
              "Actual Startup Time": 846.76,
              "Actual Total Time": 846.761,
              "Actual Rows": 1,
              "Actual Loops": 7,
              "Plans": [
                {
                  "Node Type": "Seq Scan",
                  "Parent Relationship": "Outer",
                  "Parallel Aware": true,
                  "Relation Name": "cast_info",
                  "Alias": "ci",
                  "Startup Cost": 0.0,
                  "Total Cost": 328162.03,
                  "Plan Rows": 5846832,
                  "Plan Width": 0,
                  "Actual Startup Time": 0.042,
                  "Actual Total Time": 639.767,
                  "Actual Rows": 5018714,
                  "Actual Loops": 7,
                  "Filter": "(person_id < 3845688)",
                  "Rows Removed by Filter": 159050
                }
              ]
            }
          ]
        }
      ]
    },
    "Planning Time": 0.109,
    "Triggers": [],
    "Execution Time": 917.354
  }
]