{
  "Plan": {
    "Node Type": "Aggregate",
    "Strategy": "Plain",
    "Partial Mode": "Finalize",
    "Parallel Aware": false,
    "Startup Cost": 121479.2,
    "Total Cost": 121479.21,
    "Plan Rows": 1,
    "Plan Width": 8,
    "Actual Startup Time": 469.237,
    "Actual Total Time": 486.723,
    "Actual Rows": 1,
    "Actual Loops": 1,
    "Plans": [
      {
        "Node Type": "Gather",
        "Parent Relationship": "Outer",
        "Parallel Aware": false,
        "Startup Cost": 121479.08,
        "Total Cost": 121479.19,
        "Plan Rows": 1,
        "Plan Width": 8,
        "Actual Startup Time": 468.176,
        "Actual Total Time": 486.716,
        "Actual Rows": 2,
        "Actual Loops": 1,
        "Workers Planned": 1,
        "Workers Launched": 1,
        "Single Copy": false,
        "Plans": [
          {
            "Node Type": "Aggregate",
            "Strategy": "Plain",
            "Partial Mode": "Partial",
            "Parent Relationship": "Outer",
            "Parallel Aware": false,
            "Startup Cost": 120479.08,
            "Total Cost": 120479.09,
            "Plan Rows": 1,
            "Plan Width": 8,
            "Actual Startup Time": 462.496,
            "Actual Total Time": 462.5,
            "Actual Rows": 1,
            "Actual Loops": 2,
            "Plans": [
              {
                "Node Type": "Hash Join",
                "Parent Relationship": "Outer",
                "Parallel Aware": true,
                "Join Type": "Inner",
                "Startup Cost": 60141.03,
                "Total Cost": 120254.01,
                "Plan Rows": 90029,
                "Plan Width": 0,
                "Actual Startup Time": 194.865,
                "Actual Total Time": 452.669,
                "Actual Rows": 242431,
                "Actual Loops": 2,
                "Inner Unique": true,
                "Hash Cond": "(mk.movie_id = t.id)",
                "Plans": [
                  {
                    "Node Type": "Seq Scan",
                    "Parent Relationship": "Outer",
                    "Parallel Aware": true,
                    "Relation Name": "movie_keyword",
                    "Alias": "mk",
                    "Startup Cost": 0.0,
                    "Total Cost": 57718.19,
                    "Plan Rows": 912301,
                    "Plan Width": 4,
                    "Actual Startup Time": 0.915,
                    "Actual Total Time": 168.139,
                    "Actual Rows": 778262,
                    "Actual Loops": 2,
                    "Filter": "(keyword_id > 10111)",
                    "Rows Removed by Filter": 1483703
                  },
                  {
                    "Node Type": "Hash",
                    "Parent Relationship": "Inner",
                    "Parallel Aware": true,
                    "Startup Cost": 58306.47,
                    "Total Cost": 58306.47,
                    "Plan Rows": 146765,
                    "Plan Width": 4,
                    "Actual Startup Time": 190.424,
                    "Actual Total Time": 190.425,
                    "Actual Rows": 182812,
                    "Actual Loops": 2,
                    "Hash Buckets": 524288,
                    "Original Hash Buckets": 262144,
                    "Hash Batches": 1,
                    "Original Hash Batches": 1,
                    "Peak Memory Usage": 20480,
                    "Plans": [
                      {
                        "Node Type": "Seq Scan",
                        "Parent Relationship": "Outer",
                        "Parallel Aware": true,
                        "Relation Name": "title",
                        "Alias": "t",
                        "Startup Cost": 0.0,
                        "Total Cost": 58306.47,
                        "Plan Rows": 146765,
                        "Plan Width": 4,
                        "Actual Startup Time": 0.103,
                        "Actual Total Time": 147.411,
                        "Actual Rows": 182812,
                        "Actual Loops": 2,
                        "Filter": "((kind_id < 7) AND (production_year < 1988))",
                        "Rows Removed by Filter": 1081344
                      }
                    ]
                  }
                ]
              }
            ]
          }
        ]
      }
    ]
  },
  "Planning Time": 0.469,
  "Triggers": [],
  "Execution Time": 486.793
}