[
  {
    "Plan": {
      "Node Type": "Aggregate",
      "Strategy": "Plain",
      "Partial Mode": "Finalize",
      "Parallel Aware": false,
      "Startup Cost": 57430.77,
      "Total Cost": 57430.78,
      "Plan Rows": 1,
      "Plan Width": 8,
      "Actual Startup Time": 129.389,
      "Actual Total Time": 141.831,
      "Actual Rows": 1,
      "Actual Loops": 1,
      "Plans": [
        {
          "Node Type": "Gather",
          "Parent Relationship": "Outer",
          "Parallel Aware": false,
          "Startup Cost": 57430.55,
          "Total Cost": 57430.76,
          "Plan Rows": 2,
          "Plan Width": 8,
          "Actual Startup Time": 129.067,
          "Actual Total Time": 141.798,
          "Actual Rows": 3,
          "Actual Loops": 1,
          "Workers Planned": 2,
          "Workers Launched": 2,
          "Single Copy": false,
          "Plans": [
            {
              "Node Type": "Aggregate",
              "Strategy": "Plain",
              "Partial Mode": "Partial",
              "Parent Relationship": "Outer",
              "Parallel Aware": false,
              "Startup Cost": 56430.55,
              "Total Cost": 56430.56,
              "Plan Rows": 1,
              "Plan Width": 8,
              "Actual Startup Time": 122.91,
              "Actual Total Time": 122.915,
              "Actual Rows": 1,
              "Actual Loops": 3,
              "Plans": [
                {
                  "Node Type": "Nested Loop",
                  "Parent Relationship": "Outer",
                  "Parallel Aware": false,
                  "Join Type": "Inner",
                  "Startup Cost": 38733.41,
                  "Total Cost": 56426.18,
                  "Plan Rows": 1748,
                  "Plan Width": 0,
                  "Actual Startup Time": 70.768,
                  "Actual Total Time": 122.781,
                  "Actual Rows": 1001,
                  "Actual Loops": 3,
                  "Inner Unique": false,
                  "Join Filter": "(t.id = mc.movie_id)",
                  "Rows Removed by Join Filter": 0,
                  "Plans": [
                    {
                      "Node Type": "Hash Join",
                      "Parent Relationship": "Outer",
                      "Parallel Aware": true,
                      "Join Type": "Inner",
                      "Startup Cost": 38732.98,
                      "Total Cost": 54362.93,
                      "Plan Rows": 2542,
                      "Plan Width": 8,
                      "Actual Startup Time": 70.698,
                      "Actual Total Time": 112.861,
                      "Actual Rows": 845,
                      "Actual Loops": 3,
                      "Inner Unique": true,
                      "Hash Cond": "(mi_idx.movie_id = t.id)",
                      "Plans": [
                        {
                          "Node Type": "Seq Scan",
                          "Parent Relationship": "Outer",
                          "Parallel Aware": true,
                          "Relation Name": "movie_info_idx",
                          "Alias": "mi_idx",
                          "Startup Cost": 0.0,
                          "Total Cost": 15122.68,
                          "Plan Rows": 193243,
                          "Plan Width": 4,
                          "Actual Startup Time": 0.015,
                          "Actual Total Time": 53.097,
                          "Actual Rows": 153308,
                          "Actual Loops": 3,
                          "Filter": "(info_type_id = 101)",
                          "Rows Removed by Filter": 306703
                        },
                        {
                          "Node Type": "Hash",
                          "Parent Relationship": "Inner",
                          "Parallel Aware": true,
                          "Startup Cost": 38629.05,
                          "Total Cost": 38629.05,
                          "Plan Rows": 8315,
                          "Plan Width": 4,
                          "Actual Startup Time": 43.08,
                          "Actual Total Time": 43.081,
                          "Actual Rows": 1964,
                          "Actual Loops": 3,
                          "Hash Buckets": 65536,
                          "Original Hash Buckets": 65536,
                          "Hash Batches": 1,
                          "Original Hash Batches": 1,
                          "Peak Memory Usage": 800,
                          "Plans": [
                            {
                              "Node Type": "Bitmap Heap Scan",
                              "Parent Relationship": "Outer",
                              "Parallel Aware": true,
                              "Relation Name": "title",
                              "Alias": "t",
                              "Startup Cost": 2175.61,
                              "Total Cost": 38629.05,
                              "Plan Rows": 8315,
                              "Plan Width": 4,
                              "Actual Startup Time": 5.485,
                              "Actual Total Time": 41.872,
                              "Actual Rows": 1964,
                              "Actual Loops": 3,
                              "Recheck Cond": "(kind_id = 4)",
                              "Rows Removed by Index Recheck": 0,
                              "Filter": "(production_year < 1991)",
                              "Rows Removed by Filter": 37447,
                              "Exact Heap Blocks": 7989,
                              "Lossy Heap Blocks": 0,
                              "Plans": [
                                {
                                  "Node Type": "Bitmap Index Scan",
                                  "Parent Relationship": "Outer",
                                  "Parallel Aware": false,
                                  "Index Name": "kind_id_title",
                                  "Startup Cost": 0.0,
                                  "Total Cost": 2167.3,
                                  "Plan Rows": 121449,
                                  "Plan Width": 0,
                                  "Actual Startup Time": 8.06,
                                  "Actual Total Time": 8.061,
                                  "Actual Rows": 118234,
                                  "Actual Loops": 1,
                                  "Index Cond": "(kind_id = 4)"
                                }
                              ]
                            }
                          ]
                        }
                      ]
                    },
                    {
                      "Node Type": "Index Scan",
                      "Parent Relationship": "Inner",
                      "Parallel Aware": false,
                      "Scan Direction": "Forward",
                      "Index Name": "movie_id_movie_companies",
                      "Relation Name": "movie_companies",
                      "Alias": "mc",
                      "Startup Cost": 0.43,
                      "Total Cost": 0.77,
                      "Plan Rows": 3,
                      "Plan Width": 4,
                      "Actual Startup Time": 0.009,
                      "Actual Total Time": 0.011,
                      "Actual Rows": 1,
                      "Actual Loops": 2535,
                      "Index Cond": "(movie_id = mi_idx.movie_id)",
                      "Rows Removed by Index Recheck": 0,
                      "Filter": "(company_id < 24325)",
                      "Rows Removed by Filter": 1
                    }
                  ]
                }
              ]
            }
          ]
        }
      ]
    },
    "Planning Time": 0.591,
    "Triggers": [],
    "Execution Time": 141.892
  }
]