{
  "Plan": {
    "Node Type": "Aggregate",
    "Strategy": "Plain",
    "Partial Mode": "Finalize",
    "Parallel Aware": false,
    "Startup Cost": 395336.38,
    "Total Cost": 395336.39,
    "Plan Rows": 1,
    "Plan Width": 8,
    "Actual Startup Time": 1410.331,
    "Actual Total Time": 1433.542,
    "Actual Rows": 1,
    "Actual Loops": 1,
    "Plans": [
      {
        "Node Type": "Gather",
        "Parent Relationship": "Outer",
        "Parallel Aware": false,
        "Startup Cost": 395336.27,
        "Total Cost": 395336.38,
        "Plan Rows": 1,
        "Plan Width": 8,
        "Actual Startup Time": 1407.404,
        "Actual Total Time": 1433.534,
        "Actual Rows": 2,
        "Actual Loops": 1,
        "Workers Planned": 1,
        "Workers Launched": 1,
        "Single Copy": false,
        "Plans": [
          {
            "Node Type": "Aggregate",
            "Strategy": "Plain",
            "Partial Mode": "Partial",
            "Parent Relationship": "Outer",
            "Parallel Aware": false,
            "Startup Cost": 394336.27,
            "Total Cost": 394336.28,
            "Plan Rows": 1,
            "Plan Width": 8,
            "Actual Startup Time": 1394.169,
            "Actual Total Time": 1394.173,
            "Actual Rows": 1,
            "Actual Loops": 2,
            "Plans": [
              {
                "Node Type": "Hash Join",
                "Parent Relationship": "Outer",
                "Parallel Aware": true,
                "Join Type": "Inner",
                "Startup Cost": 117510.96,
                "Total Cost": 392035.14,
                "Plan Rows": 920452,
                "Plan Width": 0,
                "Actual Startup Time": 716.313,
                "Actual Total Time": 1345.66,
                "Actual Rows": 874428,
                "Actual Loops": 2,
                "Inner Unique": true,
                "Hash Cond": "(ci.movie_id = t.id)",
                "Plans": [
                  {
                    "Node Type": "Bitmap Heap Scan",
                    "Parent Relationship": "Outer",
                    "Parallel Aware": true,
                    "Relation Name": "cast_info",
                    "Alias": "ci",
                    "Startup Cost": 47367.21,
                    "Total Cost": 319003.77,
                    "Plan Rows": 1100043,
                    "Plan Width": 4,
                    "Actual Startup Time": 143.554,
                    "Actual Total Time": 324.039,
                    "Actual Rows": 1023894,
                    "Actual Loops": 2,
                    "Recheck Cond": "(person_id < 210080)",
                    "Rows Removed by Index Recheck": 0,
                    "Filter": "(role_id < 10)",
                    "Rows Removed by Filter": 45068,
                    "Exact Heap Blocks": 9832,
                    "Lossy Heap Blocks": 0,
                    "Plans": [
                      {
                        "Node Type": "Bitmap Index Scan",
                        "Parent Relationship": "Outer",
                        "Parallel Aware": false,
                        "Index Name": "person_id_cast_info",
                        "Startup Cost": 0.0,
                        "Total Cost": 46899.69,
                        "Plan Rows": 2147617,
                        "Plan Width": 0,
                        "Actual Startup Time": 138.138,
                        "Actual Total Time": 138.139,
                        "Actual Rows": 2137922,
                        "Actual Loops": 1,
                        "Index Cond": "(person_id < 210080)"
                      }
                    ]
                  },
                  {
                    "Node Type": "Hash",
                    "Parent Relationship": "Inner",
                    "Parallel Aware": true,
                    "Startup Cost": 54588.39,
                    "Total Cost": 54588.39,
                    "Plan Rows": 1244429,
                    "Plan Width": 4,
                    "Actual Startup Time": 549.643,
                    "Actual Total Time": 549.643,
                    "Actual Rows": 1052068,
                    "Actual Loops": 2,
                    "Hash Buckets": 4194304,
                    "Original Hash Buckets": 4194304,
                    "Hash Batches": 1,
                    "Original Hash Batches": 1,
                    "Peak Memory Usage": 115136,
                    "Plans": [
                      {
                        "Node Type": "Seq Scan",
                        "Parent Relationship": "Outer",
                        "Parallel Aware": true,
                        "Relation Name": "title",
                        "Alias": "t",
                        "Startup Cost": 0.0,
                        "Total Cost": 54588.39,
                        "Plan Rows": 1244429,
                        "Plan Width": 4,
                        "Actual Startup Time": 0.03,
                        "Actual Total Time": 205.551,
                        "Actual Rows": 1052068,
                        "Actual Loops": 2,
                        "Filter": "(production_year > 1968)",
                        "Rows Removed by Filter": 212088
                      }
                    ]
                  }
                ]
              }
            ]
          }
        ]
      }
    ]
  },
  "Planning Time": 0.683,
  "Triggers": [],
  "Execution Time": 1433.634
}