[
  {
    "Plan": {
      "Node Type": "Aggregate",
      "Strategy": "Plain",
      "Partial Mode": "Finalize",
      "Parallel Aware": false,
      "Startup Cost": 46859.19,
      "Total Cost": 46859.2,
      "Plan Rows": 1,
      "Plan Width": 8,
      "Actual Startup Time": 168.255,
      "Actual Total Time": 178.575,
      "Actual Rows": 1,
      "Actual Loops": 1,
      "Plans": [
        {
          "Node Type": "Gather",
          "Parent Relationship": "Outer",
          "Parallel Aware": false,
          "Startup Cost": 46858.87,
          "Total Cost": 46859.18,
          "Plan Rows": 3,
          "Plan Width": 8,
          "Actual Startup Time": 168.134,
          "Actual Total Time": 178.567,
          "Actual Rows": 4,
          "Actual Loops": 1,
          "Workers Planned": 3,
          "Workers Launched": 3,
          "Single Copy": false,
          "Plans": [
            {
              "Node Type": "Aggregate",
              "Strategy": "Plain",
              "Partial Mode": "Partial",
              "Parent Relationship": "Outer",
              "Parallel Aware": false,
              "Startup Cost": 45858.87,
              "Total Cost": 45858.88,
              "Plan Rows": 1,
              "Plan Width": 8,
              "Actual Startup Time": 161.982,
              "Actual Total Time": 161.983,
              "Actual Rows": 1,
              "Actual Loops": 4,
              "Plans": [
                {
                  "Node Type": "Seq Scan",
                  "Parent Relationship": "Outer",
                  "Parallel Aware": true,
                  "Relation Name": "movie_keyword",
                  "Alias": "mk",
                  "Startup Cost": 0.0,
                  "Total Cost": 42695.65,
                  "Plan Rows": 1265286,
                  "Plan Width": 0,
                  "Actual Startup Time": 0.089,
                  "Actual Total Time": 120.751,
                  "Actual Rows": 977622,
                  "Actual Loops": 4,
                  "Filter": "(keyword_id > 462)",
                  "Rows Removed by Filter": 153360
                }
              ]
            }
          ]
        }
      ]
    },
    "Planning Time": 0.18,
    "Triggers": [],
    "Execution Time": 178.636
  }
]