[
  {
    "Plan": {
      "Node Type": "Aggregate",
      "Strategy": "Plain",
      "Partial Mode": "Finalize",
      "Parallel Aware": false,
      "Startup Cost": 31857.65,
      "Total Cost": 31857.66,
      "Plan Rows": 1,
      "Plan Width": 8,
      "Actual Startup Time": 117.554,
      "Actual Total Time": 125.27,
      "Actual Rows": 1,
      "Actual Loops": 1,
      "Plans": [
        {
          "Node Type": "Gather",
          "Parent Relationship": "Outer",
          "Parallel Aware": false,
          "Startup Cost": 31857.33,
          "Total Cost": 31857.64,
          "Plan Rows": 3,
          "Plan Width": 8,
          "Actual Startup Time": 117.483,
          "Actual Total Time": 125.262,
          "Actual Rows": 4,
          "Actual Loops": 1,
          "Workers Planned": 3,
          "Workers Launched": 3,
          "Single Copy": false,
          "Plans": [
            {
              "Node Type": "Aggregate",
              "Strategy": "Plain",
              "Partial Mode": "Partial",
              "Parent Relationship": "Outer",
              "Parallel Aware": false,
              "Startup Cost": 30857.33,
              "Total Cost": 30857.34,
              "Plan Rows": 1,
              "Plan Width": 8,
              "Actual Startup Time": 110.512,
              "Actual Total Time": 110.513,
              "Actual Rows": 1,
              "Actual Loops": 4,
              "Plans": [
                {
                  "Node Type": "Seq Scan",
                  "Parent Relationship": "Outer",
                  "Parallel Aware": true,
                  "Relation Name": "movie_companies",
                  "Alias": "mc",
                  "Startup Cost": 0.0,
                  "Total Cost": 29310.68,
                  "Plan Rows": 618661,
                  "Plan Width": 0,
                  "Actual Startup Time": 0.453,
                  "Actual Total Time": 87.431,
                  "Actual Rows": 480650,
                  "Actual Loops": 4,
                  "Filter": "(company_id > 1222)",
                  "Rows Removed by Filter": 171633
                }
              ]
            }
          ]
        }
      ]
    },
    "Planning Time": 0.208,
    "Triggers": [],
    "Execution Time": 125.323
  }
]