{
    "Plan": {
        "Node Type": "Aggregate",
        "Strategy": "Plain",
        "Partial Mode": "Finalize",
        "Parallel Aware": false,
        "Startup Cost": 88069.21,
        "Total Cost": 88069.22,
        "Plan Rows": 1,
        "Plan Width": 8,
        "Actual Startup Time": 143.838,
        "Actual Total Time": 161.342,
        "Actual Rows": 1,
        "Actual Loops": 1,
        "Output": [
            "count(*)"
        ],
        "Plans": [
            {
                "Node Type": "Gather",
                "Parent Relationship": "Outer",
                "Parallel Aware": false,
                "Startup Cost": 88068.79,
                "Total Cost": 88069.2,
                "Plan Rows": 4,
                "Plan Width": 8,
                "Actual Startup Time": 143.698,
                "Actual Total Time": 161.332,
                "Actual Rows": 5,
                "Actual Loops": 1,
                "Output": [
                    "(PARTIAL count(*))"
                ],
                "Workers Planned": 4,
                "Workers Launched": 4,
                "Single Copy": false,
                "Plans": [
                    {
                        "Node Type": "Aggregate",
                        "Strategy": "Plain",
                        "Partial Mode": "Partial",
                        "Parent Relationship": "Outer",
                        "Parallel Aware": false,
                        "Startup Cost": 87068.79,
                        "Total Cost": 87068.8,
                        "Plan Rows": 1,
                        "Plan Width": 8,
                        "Actual Startup Time": 133.973,
                        "Actual Total Time": 133.974,
                        "Actual Rows": 1,
                        "Actual Loops": 5,
                        "Output": [
                            "PARTIAL count(*)"
                        ],
                        "Workers": [
                            {
                                "Worker Number": 0,
                                "Actual Startup Time": 131.352,
                                "Actual Total Time": 131.354,
                                "Actual Rows": 1,
                                "Actual Loops": 1
                            },
                            {
                                "Worker Number": 1,
                                "Actual Startup Time": 131.416,
                                "Actual Total Time": 131.418,
                                "Actual Rows": 1,
                                "Actual Loops": 1
                            },
                            {
                                "Worker Number": 2,
                                "Actual Startup Time": 132.066,
                                "Actual Total Time": 132.068,
                                "Actual Rows": 1,
                                "Actual Loops": 1
                            },
                            {
                                "Worker Number": 3,
                                "Actual Startup Time": 132.098,
                                "Actual Total Time": 132.1,
                                "Actual Rows": 1,
                                "Actual Loops": 1
                            }
                        ],
                        "Plans": [
                            {
                                "Node Type": "Nested Loop",
                                "Parent Relationship": "Outer",
                                "Parallel Aware": false,
                                "Join Type": "Inner",
                                "Startup Cost": 0.43,
                                "Total Cost": 87048.28,
                                "Plan Rows": 8205,
                                "Plan Width": 0,
                                "Actual Startup Time": 1.235,
                                "Actual Total Time": 133.239,
                                "Actual Rows": 9375,
                                "Actual Loops": 5,
                                "Inner Unique": false,
                                "Workers": [
                                    {
                                        "Worker Number": 0,
                                        "Actual Startup Time": 1.474,
                                        "Actual Total Time": 130.698,
                                        "Actual Rows": 10704,
                                        "Actual Loops": 1
                                    },
                                    {
                                        "Worker Number": 1,
                                        "Actual Startup Time": 0.955,
                                        "Actual Total Time": 130.775,
                                        "Actual Rows": 6475,
                                        "Actual Loops": 1
                                    },
                                    {
                                        "Worker Number": 2,
                                        "Actual Startup Time": 0.767,
                                        "Actual Total Time": 131.464,
                                        "Actual Rows": 9729,
                                        "Actual Loops": 1
                                    },
                                    {
                                        "Worker Number": 3,
                                        "Actual Startup Time": 2.078,
                                        "Actual Total Time": 131.442,
                                        "Actual Rows": 6619,
                                        "Actual Loops": 1
                                    }
                                ],
                                "Plans": [
                                    {
                                        "Node Type": "Seq Scan",
                                        "Parent Relationship": "Outer",
                                        "Parallel Aware": true,
                                        "Relation Name": "title",
                                        "Schema": "public",
                                        "Alias": "t",
                                        "Startup Cost": 0.0,
                                        "Total Cost": 43899.01,
                                        "Plan Rows": 6321,
                                        "Plan Width": 4,
                                        "Actual Startup Time": 0.075,
                                        "Actual Total Time": 88.77,
                                        "Actual Rows": 5355,
                                        "Actual Loops": 5,
                                        "Output": [
                                            "t.id",
                                            "t.title",
                                            "t.imdb_index",
                                            "t.kind_id",
                                            "t.production_year",
                                            "t.imdb_id",
                                            "t.phonetic_code",
                                            "t.episode_of_id",
                                            "t.season_nr",
                                            "t.episode_nr",
                                            "t.series_years",
                                            "t.md5sum"
                                        ],
                                        "Filter": "(t.production_year = 1993)",
                                        "Rows Removed by Filter": 500307,
                                        "Workers": [
                                            {
                                                "Worker Number": 0,
                                                "Actual Startup Time": 0.074,
                                                "Actual Total Time": 83.594,
                                                "Actual Rows": 5707,
                                                "Actual Loops": 1
                                            },
                                            {
                                                "Worker Number": 1,
                                                "Actual Startup Time": 0.129,
                                                "Actual Total Time": 83.559,
                                                "Actual Rows": 4121,
                                                "Actual Loops": 1
                                            },
                                            {
                                                "Worker Number": 2,
                                                "Actual Startup Time": 0.072,
                                                "Actual Total Time": 86.602,
                                                "Actual Rows": 5456,
                                                "Actual Loops": 1
                                            },
                                            {
                                                "Worker Number": 3,
                                                "Actual Startup Time": 0.071,
                                                "Actual Total Time": 84.526,
                                                "Actual Rows": 3952,
                                                "Actual Loops": 1
                                            }
                                        ]
                                    },
                                    {
                                        "Node Type": "Index Scan",
                                        "Parent Relationship": "Inner",
                                        "Parallel Aware": false,
                                        "Scan Direction": "Forward",
                                        "Index Name": "movie_id_movie_keyword",
                                        "Relation Name": "movie_keyword",
                                        "Schema": "public",
                                        "Alias": "mk",
                                        "Startup Cost": 0.43,
                                        "Total Cost": 6.5,
                                        "Plan Rows": 33,
                                        "Plan Width": 4,
                                        "Actual Startup Time": 0.007,
                                        "Actual Total Time": 0.008,
                                        "Actual Rows": 2,
                                        "Actual Loops": 26775,
                                        "Output": [
                                            "mk.id",
                                            "mk.movie_id",
                                            "mk.keyword_id"
                                        ],
                                        "Index Cond": "(mk.movie_id = t.id)",
                                        "Rows Removed by Index Recheck": 0,
                                        "Filter": "(mk.keyword_id < 15022)",
                                        "Rows Removed by Filter": 1,
                                        "Workers": [
                                            {
                                                "Worker Number": 0,
                                                "Actual Startup Time": 0.007,
                                                "Actual Total Time": 0.008,
                                                "Actual Rows": 2,
                                                "Actual Loops": 5707
                                            },
                                            {
                                                "Worker Number": 1,
                                                "Actual Startup Time": 0.01,
                                                "Actual Total Time": 0.01,
                                                "Actual Rows": 2,
                                                "Actual Loops": 4121
                                            },
                                            {
                                                "Worker Number": 2,
                                                "Actual Startup Time": 0.007,
                                                "Actual Total Time": 0.008,
                                                "Actual Rows": 2,
                                                "Actual Loops": 5456
                                            },
                                            {
                                                "Worker Number": 3,
                                                "Actual Startup Time": 0.01,
                                                "Actual Total Time": 0.011,
                                                "Actual Rows": 2,
                                                "Actual Loops": 3952
                                            }
                                        ]
                                    }
                                ]
                            }
                        ]
                    }
                ]
            }
        ]
    },
    "Planning Time": 0.708,
    "Triggers": [],
    "Execution Time": 161.42
}