[
  {
    "Plan": {
      "Node Type": "Aggregate",
      "Strategy": "Plain",
      "Partial Mode": "Finalize",
      "Parallel Aware": false,
      "Startup Cost": 64464.27,
      "Total Cost": 64464.28,
      "Plan Rows": 1,
      "Plan Width": 8,
      "Actual Startup Time": 260.484,
      "Actual Total Time": 273.464,
      "Actual Rows": 1,
      "Actual Loops": 1,
      "Plans": [
        {
          "Node Type": "Gather",
          "Parent Relationship": "Outer",
          "Parallel Aware": false,
          "Startup Cost": 64463.85,
          "Total Cost": 64464.26,
          "Plan Rows": 4,
          "Plan Width": 8,
          "Actual Startup Time": 256.555,
          "Actual Total Time": 273.451,
          "Actual Rows": 5,
          "Actual Loops": 1,
          "Workers Planned": 4,
          "Workers Launched": 4,
          "Single Copy": false,
          "Plans": [
            {
              "Node Type": "Aggregate",
              "Strategy": "Plain",
              "Partial Mode": "Partial",
              "Parent Relationship": "Outer",
              "Parallel Aware": false,
              "Startup Cost": 63463.85,
              "Total Cost": 63463.86,
              "Plan Rows": 1,
              "Plan Width": 8,
              "Actual Startup Time": 249.29,
              "Actual Total Time": 249.312,
              "Actual Rows": 1,
              "Actual Loops": 5,
              "Plans": [
                {
                  "Node Type": "Hash Join",
                  "Parent Relationship": "Outer",
                  "Parallel Aware": true,
                  "Join Type": "Inner",
                  "Startup Cost": 17494.62,
                  "Total Cost": 63275.59,
                  "Plan Rows": 75306,
                  "Plan Width": 0,
                  "Actual Startup Time": 74.377,
                  "Actual Total Time": 245.855,
                  "Actual Rows": 71232,
                  "Actual Loops": 5,
                  "Inner Unique": false,
                  "Hash Cond": "(t.id = mi_idx.movie_id)",
                  "Plans": [
                    {
                      "Node Type": "Seq Scan",
                      "Parent Relationship": "Outer",
                      "Parallel Aware": true,
                      "Relation Name": "title",
                      "Alias": "t",
                      "Startup Cost": 0.0,
                      "Total Cost": 43899.32,
                      "Plan Rows": 418098,
                      "Plan Width": 4,
                      "Actual Startup Time": 0.02,
                      "Actual Total Time": 84.927,
                      "Actual Rows": 334258,
                      "Actual Loops": 5,
                      "Filter": "(production_year < 2008)",
                      "Rows Removed by Filter": 171404
                    },
                    {
                      "Node Type": "Hash",
                      "Parent Relationship": "Inner",
                      "Parallel Aware": true,
                      "Startup Cost": 15122.68,
                      "Total Cost": 15122.68,
                      "Plan Rows": 189755,
                      "Plan Width": 4,
                      "Actual Startup Time": 71.99,
                      "Actual Total Time": 72.006,
                      "Actual Rows": 91985,
                      "Actual Loops": 5,
                      "Hash Buckets": 524288,
                      "Original Hash Buckets": 524288,
                      "Hash Batches": 1,
                      "Original Hash Batches": 1,
                      "Peak Memory Usage": 22144,
                      "Plans": [
                        {
                          "Node Type": "Seq Scan",
                          "Parent Relationship": "Outer",
                          "Parallel Aware": true,
                          "Relation Name": "movie_info_idx",
                          "Alias": "mi_idx",
                          "Startup Cost": 0.0,
                          "Total Cost": 15122.68,
                          "Plan Rows": 189755,
                          "Plan Width": 4,
                          "Actual Startup Time": 0.041,
                          "Actual Total Time": 37.477,
                          "Actual Rows": 91985,
                          "Actual Loops": 5,
                          "Filter": "(info_type_id = 99)",
                          "Rows Removed by Filter": 184022
                        }
                      ]
                    }
                  ]
                }
              ]
            }
          ]
        }
      ]
    },
    "Planning Time": 0.401,
    "Triggers": [],
    "Execution Time": 273.52
  }
]