{
  "Plan": {
    "Node Type": "Aggregate",
    "Strategy": "Plain",
    "Partial Mode": "Finalize",
    "Parallel Aware": false,
    "Startup Cost": 147580.46,
    "Total Cost": 147580.47,
    "Plan Rows": 1,
    "Plan Width": 8,
    "Actual Startup Time": 406.799,
    "Actual Total Time": 426.25,
    "Actual Rows": 1,
    "Actual Loops": 1,
    "Plans": [
      {
        "Node Type": "Gather",
        "Parent Relationship": "Outer",
        "Parallel Aware": false,
        "Startup Cost": 147580.35,
        "Total Cost": 147580.46,
        "Plan Rows": 1,
        "Plan Width": 8,
        "Actual Startup Time": 406.535,
        "Actual Total Time": 426.241,
        "Actual Rows": 2,
        "Actual Loops": 1,
        "Workers Planned": 1,
        "Workers Launched": 1,
        "Single Copy": false,
        "Plans": [
          {
            "Node Type": "Aggregate",
            "Strategy": "Plain",
            "Partial Mode": "Partial",
            "Parent Relationship": "Outer",
            "Parallel Aware": false,
            "Startup Cost": 146580.35,
            "Total Cost": 146580.36,
            "Plan Rows": 1,
            "Plan Width": 8,
            "Actual Startup Time": 400.519,
            "Actual Total Time": 400.524,
            "Actual Rows": 1,
            "Actual Loops": 2,
            "Plans": [
              {
                "Node Type": "Nested Loop",
                "Parent Relationship": "Outer",
                "Parallel Aware": false,
                "Join Type": "Inner",
                "Startup Cost": 58605.99,
                "Total Cost": 146408.06,
                "Plan Rows": 68915,
                "Plan Width": 0,
                "Actual Startup Time": 156.631,
                "Actual Total Time": 399.355,
                "Actual Rows": 26934,
                "Actual Loops": 2,
                "Inner Unique": false,
                "Join Filter": "(t.id = mi.movie_id)",
                "Rows Removed by Join Filter": 0,
                "Plans": [
                  {
                    "Node Type": "Hash Join",
                    "Parent Relationship": "Outer",
                    "Parallel Aware": true,
                    "Join Type": "Inner",
                    "Startup Cost": 58605.56,
                    "Total Cost": 118246.72,
                    "Plan Rows": 11786,
                    "Plan Width": 8,
                    "Actual Startup Time": 156.572,
                    "Actual Total Time": 377.949,
                    "Actual Rows": 3066,
                    "Actual Loops": 2,
                    "Inner Unique": true,
                    "Hash Cond": "(mk.movie_id = t.id)",
                    "Plans": [
                      {
                        "Node Type": "Seq Scan",
                        "Parent Relationship": "Outer",
                        "Parallel Aware": true,
                        "Relation Name": "movie_keyword",
                        "Alias": "mk",
                        "Startup Cost": 0.0,
                        "Total Cost": 57718.19,
                        "Plan Rows": 732561,
                        "Plan Width": 4,
                        "Actual Startup Time": 1.844,
                        "Actual Total Time": 174.807,
                        "Actual Rows": 626768,
                        "Actual Loops": 2,
                        "Filter": "(keyword_id > 14363)",
                        "Rows Removed by Filter": 1635198
                      },
                      {
                        "Node Type": "Hash",
                        "Parent Relationship": "Inner",
                        "Parallel Aware": true,
                        "Startup Cost": 58306.47,
                        "Total Cost": 58306.47,
                        "Plan Rows": 23927,
                        "Plan Width": 4,
                        "Actual Startup Time": 153.026,
                        "Actual Total Time": 153.027,
                        "Actual Rows": 21926,
                        "Actual Loops": 2,
                        "Hash Buckets": 65536,
                        "Original Hash Buckets": 65536,
                        "Hash Batches": 1,
                        "Original Hash Batches": 1,
                        "Peak Memory Usage": 2240,
                        "Plans": [
                          {
                            "Node Type": "Seq Scan",
                            "Parent Relationship": "Outer",
                            "Parallel Aware": true,
                            "Relation Name": "title",
                            "Alias": "t",
                            "Startup Cost": 0.0,
                            "Total Cost": 58306.47,
                            "Plan Rows": 23927,
                            "Plan Width": 4,
                            "Actual Startup Time": 0.048,
                            "Actual Total Time": 144.983,
                            "Actual Rows": 21926,
                            "Actual Loops": 2,
                            "Filter": "((kind_id = 7) AND (production_year = 2003))",
                            "Rows Removed by Filter": 1242230
                          }
                        ]
                      }
                    ]
                  },
                  {
                    "Node Type": "Index Only Scan",
                    "Parent Relationship": "Inner",
                    "Parallel Aware": false,
                    "Scan Direction": "Forward",
                    "Index Name": "movie_id_movie_info",
                    "Relation Name": "movie_info",
                    "Alias": "mi",
                    "Startup Cost": 0.43,
                    "Total Cost": 1.86,
                    "Plan Rows": 42,
                    "Plan Width": 4,
                    "Actual Startup Time": 0.003,
                    "Actual Total Time": 0.006,
                    "Actual Rows": 9,
                    "Actual Loops": 6133,
                    "Index Cond": "(movie_id = mk.movie_id)",
                    "Rows Removed by Index Recheck": 0,
                    "Heap Fetches": 53868
                  }
                ]
              }
            ]
          }
        ]
      }
    ]
  },
  "Planning Time": 0.994,
  "Triggers": [],
  "Execution Time": 426.335
}