[
  {
    "Plan": {
      "Node Type": "Aggregate",
      "Strategy": "Plain",
      "Partial Mode": "Finalize",
      "Parallel Aware": false,
      "Startup Cost": 376964.21,
      "Total Cost": 376964.22,
      "Plan Rows": 1,
      "Plan Width": 8,
      "Actual Startup Time": 1599.642,
      "Actual Total Time": 1666.991,
      "Actual Rows": 1,
      "Actual Loops": 1,
      "Plans": [
        {
          "Node Type": "Gather",
          "Parent Relationship": "Outer",
          "Parallel Aware": false,
          "Startup Cost": 376963.59,
          "Total Cost": 376964.2,
          "Plan Rows": 6,
          "Plan Width": 8,
          "Actual Startup Time": 1596.445,
          "Actual Total Time": 1666.981,
          "Actual Rows": 7,
          "Actual Loops": 1,
          "Workers Planned": 6,
          "Workers Launched": 6,
          "Single Copy": false,
          "Plans": [
            {
              "Node Type": "Aggregate",
              "Strategy": "Plain",
              "Partial Mode": "Partial",
              "Parent Relationship": "Outer",
              "Parallel Aware": false,
              "Startup Cost": 375963.59,
              "Total Cost": 375963.6,
              "Plan Rows": 1,
              "Plan Width": 8,
              "Actual Startup Time": 1585.827,
              "Actual Total Time": 1585.866,
              "Actual Rows": 1,
              "Actual Loops": 7,
              "Plans": [
                {
                  "Node Type": "Hash Join",
                  "Parent Relationship": "Outer",
                  "Parallel Aware": true,
                  "Join Type": "Inner",
                  "Startup Cost": 46017.72,
                  "Total Cost": 374934.52,
                  "Plan Rows": 411626,
                  "Plan Width": 0,
                  "Actual Startup Time": 106.066,
                  "Actual Total Time": 1556.998,
                  "Actual Rows": 575791,
                  "Actual Loops": 7,
                  "Inner Unique": true,
                  "Hash Cond": "(ci.movie_id = t.id)",
                  "Plans": [
                    {
                      "Node Type": "Seq Scan",
                      "Parent Relationship": "Outer",
                      "Parallel Aware": true,
                      "Relation Name": "cast_info",
                      "Alias": "ci",
                      "Startup Cost": 0.0,
                      "Total Cost": 313067.02,
                      "Plan Rows": 6038002,
                      "Plan Width": 4,
                      "Actual Startup Time": 0.019,
                      "Actual Total Time": 572.154,
                      "Actual Rows": 5177763,
                      "Actual Loops": 7
                    },
                    {
                      "Node Type": "Hash",
                      "Parent Relationship": "Inner",
                      "Parallel Aware": true,
                      "Startup Cost": 45479.1,
                      "Total Cost": 45479.1,
                      "Plan Rows": 43090,
                      "Plan Width": 4,
                      "Actual Startup Time": 104.178,
                      "Actual Total Time": 104.179,
                      "Actual Rows": 44375,
                      "Actual Loops": 7,
                      "Hash Buckets": 524288,
                      "Original Hash Buckets": 262144,
                      "Hash Batches": 1,
                      "Original Hash Batches": 1,
                      "Peak Memory Usage": 18432,
                      "Plans": [
                        {
                          "Node Type": "Seq Scan",
                          "Parent Relationship": "Outer",
                          "Parallel Aware": true,
                          "Relation Name": "title",
                          "Alias": "t",
                          "Startup Cost": 0.0,
                          "Total Cost": 45479.1,
                          "Plan Rows": 43090,
                          "Plan Width": 4,
                          "Actual Startup Time": 48.584,
                          "Actual Total Time": 78.3,
                          "Actual Rows": 44375,
                          "Actual Loops": 7,
                          "Filter": "((kind_id < 2) AND (production_year < 1989))",
                          "Rows Removed by Filter": 316812
                        }
                      ]
                    }
                  ]
                }
              ]
            }
          ]
        }
      ]
    },
    "Planning Time": 0.596,
    "Triggers": [],
    "Execution Time": 1667.081
  }
]