[
  {
    "Plan": {
      "Node Type": "Aggregate",
      "Strategy": "Plain",
      "Partial Mode": "Finalize",
      "Parallel Aware": false,
      "Startup Cost": 339317.16,
      "Total Cost": 339317.17,
      "Plan Rows": 1,
      "Plan Width": 8,
      "Actual Startup Time": 937.841,
      "Actual Total Time": 985.664,
      "Actual Rows": 1,
      "Actual Loops": 1,
      "Plans": [
        {
          "Node Type": "Gather",
          "Parent Relationship": "Outer",
          "Parallel Aware": false,
          "Startup Cost": 339316.53,
          "Total Cost": 339317.14,
          "Plan Rows": 6,
          "Plan Width": 8,
          "Actual Startup Time": 937.706,
          "Actual Total Time": 985.652,
          "Actual Rows": 7,
          "Actual Loops": 1,
          "Workers Planned": 6,
          "Workers Launched": 6,
          "Single Copy": false,
          "Plans": [
            {
              "Node Type": "Aggregate",
              "Strategy": "Plain",
              "Partial Mode": "Partial",
              "Parent Relationship": "Outer",
              "Parallel Aware": false,
              "Startup Cost": 338316.53,
              "Total Cost": 338316.54,
              "Plan Rows": 1,
              "Plan Width": 8,
              "Actual Startup Time": 928.961,
              "Actual Total Time": 928.962,
              "Actual Rows": 1,
              "Actual Loops": 7,
              "Plans": [
                {
                  "Node Type": "Seq Scan",
                  "Parent Relationship": "Outer",
                  "Parallel Aware": true,
                  "Relation Name": "cast_info",
                  "Alias": "ci",
                  "Startup Cost": 0.0,
                  "Total Cost": 328211.39,
                  "Plan Rows": 4042056,
                  "Plan Width": 0,
                  "Actual Startup Time": 159.071,
                  "Actual Total Time": 724.793,
                  "Actual Rows": 3445608,
                  "Actual Loops": 7,
                  "Filter": "(person_id > 1193895)",
                  "Rows Removed by Filter": 1732155
                }
              ]
            }
          ]
        }
      ]
    },
    "Planning Time": 0.098,
    "Triggers": [],
    "Execution Time": 985.708
  }
]