[
  {
    "Plan": {
      "Node Type": "Aggregate",
      "Strategy": "Plain",
      "Partial Mode": "Finalize",
      "Parallel Aware": false,
      "Startup Cost": 63935.11,
      "Total Cost": 63935.12,
      "Plan Rows": 1,
      "Plan Width": 8,
      "Actual Startup Time": 246.471,
      "Actual Total Time": 260.492,
      "Actual Rows": 1,
      "Actual Loops": 1,
      "Plans": [
        {
          "Node Type": "Gather",
          "Parent Relationship": "Outer",
          "Parallel Aware": false,
          "Startup Cost": 63934.89,
          "Total Cost": 63935.1,
          "Plan Rows": 2,
          "Plan Width": 8,
          "Actual Startup Time": 245.34,
          "Actual Total Time": 260.485,
          "Actual Rows": 3,
          "Actual Loops": 1,
          "Workers Planned": 2,
          "Workers Launched": 2,
          "Single Copy": false,
          "Plans": [
            {
              "Node Type": "Aggregate",
              "Strategy": "Plain",
              "Partial Mode": "Partial",
              "Parent Relationship": "Outer",
              "Parallel Aware": false,
              "Startup Cost": 62934.89,
              "Total Cost": 62934.9,
              "Plan Rows": 1,
              "Plan Width": 8,
              "Actual Startup Time": 239.86,
              "Actual Total Time": 239.863,
              "Actual Rows": 1,
              "Actual Loops": 3,
              "Plans": [
                {
                  "Node Type": "Hash Join",
                  "Parent Relationship": "Outer",
                  "Parallel Aware": true,
                  "Join Type": "Inner",
                  "Startup Cost": 46657.34,
                  "Total Cost": 62791.33,
                  "Plan Rows": 57426,
                  "Plan Width": 0,
                  "Actual Startup Time": 177.792,
                  "Actual Total Time": 235.72,
                  "Actual Rows": 101308,
                  "Actual Loops": 3,
                  "Inner Unique": true,
                  "Hash Cond": "(mi_idx.movie_id = t.id)",
                  "Plans": [
                    {
                      "Node Type": "Seq Scan",
                      "Parent Relationship": "Outer",
                      "Parallel Aware": true,
                      "Relation Name": "movie_info_idx",
                      "Alias": "mi_idx",
                      "Startup Cost": 0.0,
                      "Total Cost": 15122.68,
                      "Plan Rows": 385260,
                      "Plan Width": 4,
                      "Actual Startup Time": 0.013,
                      "Actual Total Time": 44.214,
                      "Actual Rows": 306703,
                      "Actual Loops": 3,
                      "Filter": "(info_type_id > 99)",
                      "Rows Removed by Filter": 153308
                    },
                    {
                      "Node Type": "Hash",
                      "Parent Relationship": "Inner",
                      "Parallel Aware": true,
                      "Startup Cost": 45479.59,
                      "Total Cost": 45479.59,
                      "Plan Rows": 94220,
                      "Plan Width": 4,
                      "Actual Startup Time": 141.891,
                      "Actual Total Time": 141.892,
                      "Actual Rows": 146676,
                      "Actual Loops": 3,
                      "Hash Buckets": 524288,
                      "Original Hash Buckets": 524288,
                      "Hash Batches": 1,
                      "Original Hash Batches": 1,
                      "Peak Memory Usage": 21376,
                      "Plans": [
                        {
                          "Node Type": "Seq Scan",
                          "Parent Relationship": "Outer",
                          "Parallel Aware": true,
                          "Relation Name": "title",
                          "Alias": "t",
                          "Startup Cost": 0.0,
                          "Total Cost": 45479.59,
                          "Plan Rows": 94220,
                          "Plan Width": 4,
                          "Actual Startup Time": 60.941,
                          "Actual Total Time": 108.58,
                          "Actual Rows": 146676,
                          "Actual Loops": 3,
                          "Filter": "((production_year < 2006) AND (kind_id = 1))",
                          "Rows Removed by Filter": 696094
                        }
                      ]
                    }
                  ]
                }
              ]
            }
          ]
        }
      ]
    },
    "Planning Time": 0.294,
    "Triggers": [],
    "Execution Time": 260.532
  }
]