{
  "Plan": {
    "Node Type": "Aggregate",
    "Strategy": "Plain",
    "Partial Mode": "Finalize",
    "Parallel Aware": false,
    "Startup Cost": 214116.61,
    "Total Cost": 214116.62,
    "Plan Rows": 1,
    "Plan Width": 8,
    "Actual Startup Time": 1508.881,
    "Actual Total Time": 1528.52,
    "Actual Rows": 1,
    "Actual Loops": 1,
    "Plans": [
      {
        "Node Type": "Gather",
        "Parent Relationship": "Outer",
        "Parallel Aware": false,
        "Startup Cost": 214116.49,
        "Total Cost": 214116.6,
        "Plan Rows": 1,
        "Plan Width": 8,
        "Actual Startup Time": 1507.946,
        "Actual Total Time": 1528.513,
        "Actual Rows": 2,
        "Actual Loops": 1,
        "Workers Planned": 1,
        "Workers Launched": 1,
        "Single Copy": false,
        "Plans": [
          {
            "Node Type": "Aggregate",
            "Strategy": "Plain",
            "Partial Mode": "Partial",
            "Parent Relationship": "Outer",
            "Parallel Aware": false,
            "Startup Cost": 213116.49,
            "Total Cost": 213116.5,
            "Plan Rows": 1,
            "Plan Width": 8,
            "Actual Startup Time": 1501.735,
            "Actual Total Time": 1501.74,
            "Actual Rows": 1,
            "Actual Loops": 2,
            "Plans": [
              {
                "Node Type": "Hash Join",
                "Parent Relationship": "Outer",
                "Parallel Aware": true,
                "Join Type": "Inner",
                "Startup Cost": 171086.37,
                "Total Cost": 212778.54,
                "Plan Rows": 135180,
                "Plan Width": 0,
                "Actual Startup Time": 1292.366,
                "Actual Total Time": 1489.986,
                "Actual Rows": 288521,
                "Actual Loops": 2,
                "Inner Unique": false,
                "Hash Cond": "(mc.movie_id = t.id)",
                "Plans": [
                  {
                    "Node Type": "Seq Scan",
                    "Parent Relationship": "Outer",
                    "Parallel Aware": true,
                    "Relation Name": "movie_companies",
                    "Alias": "mc",
                    "Startup Cost": 0.0,
                    "Total Cost": 37974.77,
                    "Plan Rows": 779260,
                    "Plan Width": 4,
                    "Actual Startup Time": 49.014,
                    "Actual Total Time": 115.61,
                    "Actual Rows": 667442,
                    "Actual Loops": 2,
                    "Filter": "(company_type_id > 1)",
                    "Rows Removed by Filter": 637123
                  },
                  {
                    "Node Type": "Hash",
                    "Parent Relationship": "Inner",
                    "Parallel Aware": true,
                    "Startup Cost": 167861.45,
                    "Total Cost": 167861.45,
                    "Plan Rows": 257993,
                    "Plan Width": 8,
                    "Actual Startup Time": 1237.529,
                    "Actual Total Time": 1237.531,
                    "Actual Rows": 227464,
                    "Actual Loops": 2,
                    "Hash Buckets": 524288,
                    "Original Hash Buckets": 524288,
                    "Hash Batches": 1,
                    "Original Hash Batches": 1,
                    "Peak Memory Usage": 21920,
                    "Plans": [
                      {
                        "Node Type": "Merge Join",
                        "Parent Relationship": "Outer",
                        "Parallel Aware": false,
                        "Join Type": "Inner",
                        "Startup Cost": 2.99,
                        "Total Cost": 167861.45,
                        "Plan Rows": 257993,
                        "Plan Width": 8,
                        "Actual Startup Time": 0.264,
                        "Actual Total Time": 1159.314,
                        "Actual Rows": 227464,
                        "Actual Loops": 2,
                        "Inner Unique": false,
                        "Merge Cond": "(t.id = mi_idx.movie_id)",
                        "Plans": [
                          {
                            "Node Type": "Index Scan",
                            "Parent Relationship": "Outer",
                            "Parallel Aware": true,
                            "Scan Direction": "Forward",
                            "Index Name": "title_pkey",
                            "Relation Name": "title",
                            "Alias": "t",
                            "Startup Cost": 0.43,
                            "Total Cost": 103647.43,
                            "Plan Rows": 1404485,
                            "Plan Width": 4,
                            "Actual Startup Time": 0.066,
                            "Actual Total Time": 808.121,
                            "Actual Rows": 1193862,
                            "Actual Loops": 2,
                            "Filter": "(production_year < 2013)",
                            "Rows Removed by Filter": 69090
                          },
                          {
                            "Node Type": "Index Scan",
                            "Parent Relationship": "Inner",
                            "Parallel Aware": false,
                            "Scan Direction": "Forward",
                            "Index Name": "movie_id_movie_info_idx",
                            "Relation Name": "movie_info_idx",
                            "Alias": "mi_idx",
                            "Startup Cost": 0.43,
                            "Total Cost": 57070.31,
                            "Plan Rows": 464428,
                            "Plan Width": 4,
                            "Actual Startup Time": 0.106,
                            "Actual Total Time": 241.481,
                            "Actual Rows": 459925,
                            "Actual Loops": 2,
                            "Filter": "(info_type_id = 100)",
                            "Rows Removed by Filter": 920110
                          }
                        ]
                      }
                    ]
                  }
                ]
              }
            ]
          }
        ]
      }
    ]
  },
  "Planning Time": 1.086,
  "Triggers": [],
  "Execution Time": 1528.63
}