[
  {
    "Plan": {
      "Node Type": "Aggregate",
      "Strategy": "Plain",
      "Partial Mode": "Finalize",
      "Parallel Aware": false,
      "Startup Cost": 285997.81,
      "Total Cost": 285997.82,
      "Plan Rows": 1,
      "Plan Width": 8,
      "Actual Startup Time": 720.784,
      "Actual Total Time": 766.041,
      "Actual Rows": 1,
      "Actual Loops": 1,
      "Plans": [
        {
          "Node Type": "Gather",
          "Parent Relationship": "Outer",
          "Parallel Aware": false,
          "Startup Cost": 285997.29,
          "Total Cost": 285997.8,
          "Plan Rows": 5,
          "Plan Width": 8,
          "Actual Startup Time": 710.995,
          "Actual Total Time": 766.03,
          "Actual Rows": 6,
          "Actual Loops": 1,
          "Workers Planned": 5,
          "Workers Launched": 5,
          "Single Copy": false,
          "Plans": [
            {
              "Node Type": "Aggregate",
              "Strategy": "Plain",
              "Partial Mode": "Partial",
              "Parent Relationship": "Outer",
              "Parallel Aware": false,
              "Startup Cost": 284997.29,
              "Total Cost": 284997.3,
              "Plan Rows": 1,
              "Plan Width": 8,
              "Actual Startup Time": 700.415,
              "Actual Total Time": 700.693,
              "Actual Rows": 1,
              "Actual Loops": 6,
              "Plans": [
                {
                  "Node Type": "Hash Join",
                  "Parent Relationship": "Outer",
                  "Parallel Aware": true,
                  "Join Type": "Inner",
                  "Startup Cost": 82879.55,
                  "Total Cost": 284591.75,
                  "Plan Rows": 162214,
                  "Plan Width": 0,
                  "Actual Startup Time": 393.868,
                  "Actual Total Time": 695.766,
                  "Actual Rows": 113740,
                  "Actual Loops": 6,
                  "Inner Unique": false,
                  "Hash Cond": "(mi.movie_id = t.id)",
                  "Plans": [
                    {
                      "Node Type": "Seq Scan",
                      "Parent Relationship": "Outer",
                      "Parallel Aware": true,
                      "Relation Name": "movie_info",
                      "Alias": "mi",
                      "Startup Cost": 0.0,
                      "Total Cost": 198952.16,
                      "Plan Rows": 596472,
                      "Plan Width": 4,
                      "Actual Startup Time": 71.75,
                      "Actual Total Time": 300.982,
                      "Actual Rows": 506120,
                      "Actual Loops": 6,
                      "Filter": "(info_type_id = 16)",
                      "Rows Removed by Filter": 1966500
                    },
                    {
                      "Node Type": "Hash",
                      "Parent Relationship": "Inner",
                      "Parallel Aware": true,
                      "Startup Cost": 80107.04,
                      "Total Cost": 80107.04,
                      "Plan Rows": 221801,
                      "Plan Width": 8,
                      "Actual Startup Time": 318.407,
                      "Actual Total Time": 318.67,
                      "Actual Rows": 48810,
                      "Actual Loops": 6,
                      "Hash Buckets": 1048576,
                      "Original Hash Buckets": 1048576,
                      "Hash Batches": 1,
                      "Original Hash Batches": 1,
                      "Peak Memory Usage": 19744,
                      "Plans": [
                        {
                          "Node Type": "Hash Join",
                          "Parent Relationship": "Outer",
                          "Parallel Aware": true,
                          "Join Type": "Inner",
                          "Startup Cost": 49708.77,
                          "Total Cost": 80107.04,
                          "Plan Rows": 221801,
                          "Plan Width": 8,
                          "Actual Startup Time": 191.887,
                          "Actual Total Time": 294.549,
                          "Actual Rows": 48810,
                          "Actual Loops": 6,
                          "Inner Unique": true,
                          "Hash Cond": "(mc.movie_id = t.id)",
                          "Plans": [
                            {
                              "Node Type": "Seq Scan",
                              "Parent Relationship": "Outer",
                              "Parallel Aware": true,
                              "Relation Name": "movie_companies",
                              "Alias": "mc",
                              "Startup Cost": 0.0,
                              "Total Cost": 29310.68,
                              "Plan Rows": 414318,
                              "Plan Width": 4,
                              "Actual Startup Time": 0.026,
                              "Actual Total Time": 49.081,
                              "Actual Rows": 212374,
                              "Actual Loops": 6,
                              "Filter": "(company_type_id = 1)",
                              "Rows Removed by Filter": 222480
                            },
                            {
                              "Node Type": "Hash",
                              "Parent Relationship": "Inner",
                              "Parallel Aware": true,
                              "Startup Cost": 45479.1,
                              "Total Cost": 45479.1,
                              "Plan Rows": 338374,
                              "Plan Width": 4,
                              "Actual Startup Time": 188.845,
                              "Actual Total Time": 188.846,
                              "Actual Rows": 221297,
                              "Actual Loops": 6,
                              "Hash Buckets": 2097152,
                              "Original Hash Buckets": 2097152,
                              "Hash Batches": 1,
                              "Original Hash Batches": 1,
                              "Peak Memory Usage": 68416,
                              "Plans": [
                                {
                                  "Node Type": "Seq Scan",
                                  "Parent Relationship": "Outer",
                                  "Parallel Aware": true,
                                  "Relation Name": "title",
                                  "Alias": "t",
                                  "Startup Cost": 0.0,
                                  "Total Cost": 45479.1,
                                  "Plan Rows": 338374,
                                  "Plan Width": 4,
                                  "Actual Startup Time": 0.05,
                                  "Actual Total Time": 85.352,
                                  "Actual Rows": 221297,
                                  "Actual Loops": 6,
                                  "Filter": "((production_year < 2012) AND (kind_id = 7))",
                                  "Rows Removed by Filter": 200088
                                }
                              ]
                            }
                          ]
                        }
                      ]
                    }
                  ]
                }
              ]
            }
          ]
        }
      ]
    },
    "Planning Time": 1.498,
    "Triggers": [],
    "Execution Time": 766.135
  }
]