[
  {
    "Plan": {
      "Node Type": "Aggregate",
      "Strategy": "Plain",
      "Partial Mode": "Finalize",
      "Parallel Aware": false,
      "Startup Cost": 46483.66,
      "Total Cost": 46483.67,
      "Plan Rows": 1,
      "Plan Width": 8,
      "Actual Startup Time": 90.629,
      "Actual Total Time": 100.721,
      "Actual Rows": 1,
      "Actual Loops": 1,
      "Plans": [
        {
          "Node Type": "Gather",
          "Parent Relationship": "Outer",
          "Parallel Aware": false,
          "Startup Cost": 46483.24,
          "Total Cost": 46483.65,
          "Plan Rows": 4,
          "Plan Width": 8,
          "Actual Startup Time": 90.506,
          "Actual Total Time": 100.713,
          "Actual Rows": 5,
          "Actual Loops": 1,
          "Workers Planned": 4,
          "Workers Launched": 4,
          "Single Copy": false,
          "Plans": [
            {
              "Node Type": "Aggregate",
              "Strategy": "Plain",
              "Partial Mode": "Partial",
              "Parent Relationship": "Outer",
              "Parallel Aware": false,
              "Startup Cost": 45483.24,
              "Total Cost": 45483.25,
              "Plan Rows": 1,
              "Plan Width": 8,
              "Actual Startup Time": 82.029,
              "Actual Total Time": 82.03,
              "Actual Rows": 1,
              "Actual Loops": 5,
              "Plans": [
                {
                  "Node Type": "Seq Scan",
                  "Parent Relationship": "Outer",
                  "Parallel Aware": true,
                  "Relation Name": "title",
                  "Alias": "t",
                  "Startup Cost": 0.0,
                  "Total Cost": 45479.1,
                  "Plan Rows": 1658,
                  "Plan Width": 0,
                  "Actual Startup Time": 57.513,
                  "Actual Total Time": 81.701,
                  "Actual Rows": 4218,
                  "Actual Loops": 5,
                  "Filter": "((kind_id < 7) AND (production_year < 1909))",
                  "Rows Removed by Filter": 501444
                }
              ]
            }
          ]
        }
      ]
    },
    "Planning Time": 0.184,
    "Triggers": [],
    "Execution Time": 100.781
  }
]