[
    {
        "Bao": {
            "Bao prediction": "NaN",
            "Bao recommended hint": "(no hint)"
        }
    },
    {
        "Plan": {
            "Node Type": "Aggregate",
            "Strategy": "Plain",
            "Partial Mode": "Finalize",
            "Parallel Aware": false,
            "Startup Cost": 70165.24,
            "Total Cost": 70165.25,
            "Plan Rows": 1,
            "Plan Width": 8,
            "Actual Startup Time": 115.94,
            "Actual Total Time": 128.767,
            "Actual Rows": 1,
            "Actual Loops": 1,
            "Output": [
                "count(*)"
            ],
            "Plans": [
                {
                    "Node Type": "Gather",
                    "Parent Relationship": "Outer",
                    "Parallel Aware": false,
                    "Startup Cost": 70164.92,
                    "Total Cost": 70165.23,
                    "Plan Rows": 3,
                    "Plan Width": 8,
                    "Actual Startup Time": 115.219,
                    "Actual Total Time": 128.759,
                    "Actual Rows": 4,
                    "Actual Loops": 1,
                    "Output": [
                        "(PARTIAL count(*))"
                    ],
                    "Workers Planned": 3,
                    "Workers Launched": 3,
                    "Single Copy": false,
                    "Plans": [
                        {
                            "Node Type": "Aggregate",
                            "Strategy": "Plain",
                            "Partial Mode": "Partial",
                            "Parent Relationship": "Outer",
                            "Parallel Aware": false,
                            "Startup Cost": 69164.92,
                            "Total Cost": 69164.93,
                            "Plan Rows": 1,
                            "Plan Width": 8,
                            "Actual Startup Time": 106.041,
                            "Actual Total Time": 106.044,
                            "Actual Rows": 1,
                            "Actual Loops": 4,
                            "Output": [
                                "PARTIAL count(*)"
                            ],
                            "Workers": [
                                {
                                    "Worker Number": 0,
                                    "Actual Startup Time": 102.812,
                                    "Actual Total Time": 102.815,
                                    "Actual Rows": 1,
                                    "Actual Loops": 1
                                },
                                {
                                    "Worker Number": 1,
                                    "Actual Startup Time": 103.473,
                                    "Actual Total Time": 103.476,
                                    "Actual Rows": 1,
                                    "Actual Loops": 1
                                },
                                {
                                    "Worker Number": 2,
                                    "Actual Startup Time": 103.474,
                                    "Actual Total Time": 103.478,
                                    "Actual Rows": 1,
                                    "Actual Loops": 1
                                }
                            ],
                            "Plans": [
                                {
                                    "Node Type": "Nested Loop",
                                    "Parent Relationship": "Outer",
                                    "Parallel Aware": false,
                                    "Join Type": "Inner",
                                    "Startup Cost": 40160.01,
                                    "Total Cost": 69162.86,
                                    "Plan Rows": 823,
                                    "Plan Width": 0,
                                    "Actual Startup Time": 68.66,
                                    "Actual Total Time": 105.812,
                                    "Actual Rows": 2422,
                                    "Actual Loops": 4,
                                    "Inner Unique": false,
                                    "Workers": [
                                        {
                                            "Worker Number": 0,
                                            "Actual Startup Time": 65.482,
                                            "Actual Total Time": 102.633,
                                            "Actual Rows": 1359,
                                            "Actual Loops": 1
                                        },
                                        {
                                            "Worker Number": 1,
                                            "Actual Startup Time": 65.958,
                                            "Actual Total Time": 103.258,
                                            "Actual Rows": 1639,
                                            "Actual Loops": 1
                                        },
                                        {
                                            "Worker Number": 2,
                                            "Actual Startup Time": 66.172,
                                            "Actual Total Time": 103.263,
                                            "Actual Rows": 1546,
                                            "Actual Loops": 1
                                        }
                                    ],
                                    "Plans": [
                                        {
                                            "Node Type": "Hash Join",
                                            "Parent Relationship": "Outer",
                                            "Parallel Aware": true,
                                            "Join Type": "Inner",
                                            "Startup Cost": 40159.57,
                                            "Total Cost": 59333.33,
                                            "Plan Rows": 1012,
                                            "Plan Width": 8,
                                            "Actual Startup Time": 68.59,
                                            "Actual Total Time": 75.902,
                                            "Actual Rows": 1354,
                                            "Actual Loops": 4,
                                            "Output": [
                                                "t.id",
                                                "mc.movie_id"
                                            ],
                                            "Inner Unique": true,
                                            "Hash Cond": "(mc.movie_id = t.id)",
                                            "Workers": [
                                                {
                                                    "Worker Number": 0,
                                                    "Actual Startup Time": 65.391,
                                                    "Actual Total Time": 72.523,
                                                    "Actual Rows": 765,
                                                    "Actual Loops": 1
                                                },
                                                {
                                                    "Worker Number": 1,
                                                    "Actual Startup Time": 65.882,
                                                    "Actual Total Time": 72.915,
                                                    "Actual Rows": 953,
                                                    "Actual Loops": 1
                                                },
                                                {
                                                    "Worker Number": 2,
                                                    "Actual Startup Time": 66.079,
                                                    "Actual Total Time": 73.018,
                                                    "Actual Rows": 855,
                                                    "Actual Loops": 1
                                                }
                                            ],
                                            "Plans": [
                                                {
                                                    "Node Type": "Bitmap Heap Scan",
                                                    "Parent Relationship": "Outer",
                                                    "Parallel Aware": true,
                                                    "Relation Name": "movie_companies",
                                                    "Schema": "public",
                                                    "Alias": "mc",
                                                    "Startup Cost": 1706.0,
                                                    "Total Cost": 20813.15,
                                                    "Plan Rows": 25372,
                                                    "Plan Width": 4,
                                                    "Actual Startup Time": 5.317,
                                                    "Actual Total Time": 15.235,
                                                    "Actual Rows": 21018,
                                                    "Actual Loops": 4,
                                                    "Output": [
                                                        "mc.id",
                                                        "mc.movie_id",
                                                        "mc.company_id",
                                                        "mc.company_type_id",
                                                        "mc.note"
                                                    ],
                                                    "Recheck Cond": "(mc.company_id < 19)",
                                                    "Rows Removed by Index Recheck": 0,
                                                    "Exact Heap Blocks": 3716,
                                                    "Lossy Heap Blocks": 0,
                                                    "Workers": [
                                                        {
                                                            "Worker Number": 0,
                                                            "Actual Startup Time": 5.276,
                                                            "Actual Total Time": 15.323,
                                                            "Actual Rows": 15502,
                                                            "Actual Loops": 1
                                                        },
                                                        {
                                                            "Worker Number": 1,
                                                            "Actual Startup Time": 5.372,
                                                            "Actual Total Time": 15.374,
                                                            "Actual Rows": 19784,
                                                            "Actual Loops": 1
                                                        },
                                                        {
                                                            "Worker Number": 2,
                                                            "Actual Startup Time": 5.386,
                                                            "Actual Total Time": 15.37,
                                                            "Actual Rows": 18898,
                                                            "Actual Loops": 1
                                                        }
                                                    ],
                                                    "Plans": [
                                                        {
                                                            "Node Type": "Bitmap Index Scan",
                                                            "Parent Relationship": "Outer",
                                                            "Parallel Aware": false,
                                                            "Index Name": "company_id_movie_companies",
                                                            "Startup Cost": 0.0,
                                                            "Total Cost": 1686.34,
                                                            "Plan Rows": 78654,
                                                            "Plan Width": 0,
                                                            "Actual Startup Time": 4.129,
                                                            "Actual Total Time": 4.13,
                                                            "Actual Rows": 84071,
                                                            "Actual Loops": 1,
                                                            "Index Cond": "(mc.company_id < 19)"
                                                        }
                                                    ]
                                                },
                                                {
                                                    "Node Type": "Hash",
                                                    "Parent Relationship": "Inner",
                                                    "Parallel Aware": true,
                                                    "Startup Cost": 38138.59,
                                                    "Total Cost": 38138.59,
                                                    "Plan Rows": 25199,
                                                    "Plan Width": 4,
                                                    "Actual Startup Time": 54.191,
                                                    "Actual Total Time": 54.192,
                                                    "Actual Rows": 25134,
                                                    "Actual Loops": 4,
                                                    "Output": [
                                                        "t.id"
                                                    ],
                                                    "Hash Buckets": 131072,
                                                    "Original Hash Buckets": 131072,
                                                    "Hash Batches": 1,
                                                    "Original Hash Batches": 1,
                                                    "Peak Memory Usage": 5056,
                                                    "Workers": [
                                                        {
                                                            "Worker Number": 0,
                                                            "Actual Startup Time": 52.054,
                                                            "Actual Total Time": 52.054,
                                                            "Actual Rows": 12402,
                                                            "Actual Loops": 1
                                                        },
                                                        {
                                                            "Worker Number": 1,
                                                            "Actual Startup Time": 52.553,
                                                            "Actual Total Time": 52.554,
                                                            "Actual Rows": 14736,
                                                            "Actual Loops": 1
                                                        },
                                                        {
                                                            "Worker Number": 2,
                                                            "Actual Startup Time": 52.761,
                                                            "Actual Total Time": 52.762,
                                                            "Actual Rows": 14413,
                                                            "Actual Loops": 1
                                                        }
                                                    ],
                                                    "Plans": [
                                                        {
                                                            "Node Type": "Bitmap Heap Scan",
                                                            "Parent Relationship": "Outer",
                                                            "Parallel Aware": true,
                                                            "Relation Name": "title",
                                                            "Schema": "public",
                                                            "Alias": "t",
                                                            "Startup Cost": 1825.6,
                                                            "Total Cost": 38138.59,
                                                            "Plan Rows": 25199,
                                                            "Plan Width": 4,
                                                            "Actual Startup Time": 12.281,
                                                            "Actual Total Time": 44.843,
                                                            "Actual Rows": 25134,
                                                            "Actual Loops": 4,
                                                            "Output": [
                                                                "t.id"
                                                            ],
                                                            "Recheck Cond": "(t.kind_id = 3)",
                                                            "Rows Removed by Index Recheck": 0,
                                                            "Exact Heap Blocks": 7499,
                                                            "Lossy Heap Blocks": 0,
                                                            "Workers": [
                                                                {
                                                                    "Worker Number": 0,
                                                                    "Actual Startup Time": 10.25,
                                                                    "Actual Total Time": 44.123,
                                                                    "Actual Rows": 12402,
                                                                    "Actual Loops": 1
                                                                },
                                                                {
                                                                    "Worker Number": 1,
                                                                    "Actual Startup Time": 10.65,
                                                                    "Actual Total Time": 44.538,
                                                                    "Actual Rows": 14736,
                                                                    "Actual Loops": 1
                                                                },
                                                                {
                                                                    "Worker Number": 2,
                                                                    "Actual Startup Time": 10.88,
                                                                    "Actual Total Time": 44.859,
                                                                    "Actual Rows": 14413,
                                                                    "Actual Loops": 1
                                                                }
                                                            ],
                                                            "Plans": [
                                                                {
                                                                    "Node Type": "Bitmap Index Scan",
                                                                    "Parent Relationship": "Outer",
                                                                    "Parallel Aware": false,
                                                                    "Index Name": "kind_id_title",
                                                                    "Startup Cost": 0.0,
                                                                    "Total Cost": 1800.4,
                                                                    "Plan Rows": 100796,
                                                                    "Plan Width": 0,
                                                                    "Actual Startup Time": 12.894,
                                                                    "Actual Total Time": 12.894,
                                                                    "Actual Rows": 100537,
                                                                    "Actual Loops": 1,
                                                                    "Index Cond": "(t.kind_id = 3)"
                                                                }
                                                            ]
                                                        }
                                                    ]
                                                }
                                            ]
                                        },
                                        {
                                            "Node Type": "Index Scan",
                                            "Parent Relationship": "Inner",
                                            "Parallel Aware": false,
                                            "Scan Direction": "Forward",
                                            "Index Name": "movie_id_movie_info",
                                            "Relation Name": "movie_info",
                                            "Schema": "public",
                                            "Alias": "mi",
                                            "Startup Cost": 0.43,
                                            "Total Cost": 9.66,
                                            "Plan Rows": 5,
                                            "Plan Width": 4,
                                            "Actual Startup Time": 0.011,
                                            "Actual Total Time": 0.022,
                                            "Actual Rows": 2,
                                            "Actual Loops": 5418,
                                            "Output": [
                                                "mi.id",
                                                "mi.movie_id",
                                                "mi.info_type_id",
                                                "mi.info",
                                                "mi.note"
                                            ],
                                            "Index Cond": "(mi.movie_id = t.id)",
                                            "Rows Removed by Index Recheck": 0,
                                            "Filter": "(mi.info_type_id < 3)",
                                            "Rows Removed by Filter": 11,
                                            "Workers": [
                                                {
                                                    "Worker Number": 0,
                                                    "Actual Startup Time": 0.019,
                                                    "Actual Total Time": 0.039,
                                                    "Actual Rows": 2,
                                                    "Actual Loops": 765
                                                },
                                                {
                                                    "Worker Number": 1,
                                                    "Actual Startup Time": 0.016,
                                                    "Actual Total Time": 0.031,
                                                    "Actual Rows": 2,
                                                    "Actual Loops": 953
                                                },
                                                {
                                                    "Worker Number": 2,
                                                    "Actual Startup Time": 0.017,
                                                    "Actual Total Time": 0.035,
                                                    "Actual Rows": 2,
                                                    "Actual Loops": 855
                                                }
                                            ]
                                        }
                                    ]
                                }
                            ]
                        }
                    ]
                }
            ]
        },
        "Planning Time": 197.267,
        "Triggers": [],
        "Execution Time": 128.914
    }
]