{
  "Plan": {
    "Node Type": "Aggregate",
    "Strategy": "Plain",
    "Partial Mode": "Finalize",
    "Parallel Aware": false,
    "Startup Cost": 440389.59,
    "Total Cost": 440389.6,
    "Plan Rows": 1,
    "Plan Width": 8,
    "Actual Startup Time": 1928.935,
    "Actual Total Time": 1973.551,
    "Actual Rows": 1,
    "Actual Loops": 1,
    "Plans": [
      {
        "Node Type": "Gather",
        "Parent Relationship": "Outer",
        "Parallel Aware": false,
        "Startup Cost": 440389.48,
        "Total Cost": 440389.59,
        "Plan Rows": 1,
        "Plan Width": 8,
        "Actual Startup Time": 1924.963,
        "Actual Total Time": 1973.541,
        "Actual Rows": 2,
        "Actual Loops": 1,
        "Workers Planned": 1,
        "Workers Launched": 1,
        "Single Copy": false,
        "Plans": [
          {
            "Node Type": "Aggregate",
            "Strategy": "Plain",
            "Partial Mode": "Partial",
            "Parent Relationship": "Outer",
            "Parallel Aware": false,
            "Startup Cost": 439389.48,
            "Total Cost": 439389.49,
            "Plan Rows": 1,
            "Plan Width": 8,
            "Actual Startup Time": 1917.419,
            "Actual Total Time": 1918.373,
            "Actual Rows": 1,
            "Actual Loops": 2,
            "Plans": [
              {
                "Node Type": "Hash Join",
                "Parent Relationship": "Outer",
                "Parallel Aware": true,
                "Join Type": "Inner",
                "Startup Cost": 139503.48,
                "Total Cost": 434516.55,
                "Plan Rows": 1949173,
                "Plan Width": 0,
                "Actual Startup Time": 803.805,
                "Actual Total Time": 1901.364,
                "Actual Rows": 409160,
                "Actual Loops": 2,
                "Inner Unique": false,
                "Hash Cond": "(mi.movie_id = t.id)",
                "Plans": [
                  {
                    "Node Type": "Seq Scan",
                    "Parent Relationship": "Outer",
                    "Parallel Aware": true,
                    "Relation Name": "movie_info",
                    "Alias": "mi",
                    "Startup Cost": 0.0,
                    "Total Cost": 270696.42,
                    "Plan Rows": 3426912,
                    "Plan Width": 4,
                    "Actual Startup Time": 0.019,
                    "Actual Total Time": 673.082,
                    "Actual Rows": 2942482,
                    "Actual Loops": 2,
                    "Filter": "(info_type_id < 7)",
                    "Rows Removed by Filter": 4475378
                  },
                  {
                    "Node Type": "Hash",
                    "Parent Relationship": "Inner",
                    "Parallel Aware": true,
                    "Startup Cost": 128929.55,
                    "Total Cost": 128929.55,
                    "Plan Rows": 845914,
                    "Plan Width": 8,
                    "Actual Startup Time": 788.495,
                    "Actual Total Time": 789.447,
                    "Actual Rows": 175484,
                    "Actual Loops": 2,
                    "Hash Buckets": 2097152,
                    "Original Hash Buckets": 2097152,
                    "Hash Batches": 1,
                    "Original Hash Batches": 1,
                    "Peak Memory Usage": 30144,
                    "Plans": [
                      {
                        "Node Type": "Hash Join",
                        "Parent Relationship": "Outer",
                        "Parallel Aware": true,
                        "Join Type": "Inner",
                        "Startup Cost": 65353.52,
                        "Total Cost": 128929.55,
                        "Plan Rows": 845914,
                        "Plan Width": 8,
                        "Actual Startup Time": 358.031,
                        "Actual Total Time": 745.528,
                        "Actual Rows": 175484,
                        "Actual Loops": 2,
                        "Inner Unique": true,
                        "Hash Cond": "(mk.movie_id = t.id)",
                        "Plans": [
                          {
                            "Node Type": "Seq Scan",
                            "Parent Relationship": "Outer",
                            "Parallel Aware": true,
                            "Relation Name": "movie_keyword",
                            "Alias": "mk",
                            "Startup Cost": 0.0,
                            "Total Cost": 57718.19,
                            "Plan Rows": 2231555,
                            "Plan Width": 4,
                            "Actual Startup Time": 0.013,
                            "Actual Total Time": 204.052,
                            "Actual Rows": 1902634,
                            "Actual Loops": 2,
                            "Filter": "(keyword_id < 26097)",
                            "Rows Removed by Filter": 359330
                          },
                          {
                            "Node Type": "Hash",
                            "Parent Relationship": "Inner",
                            "Parallel Aware": true,
                            "Startup Cost": 58306.47,
                            "Total Cost": 58306.47,
                            "Plan Rows": 563764,
                            "Plan Width": 4,
                            "Actual Startup Time": 354.093,
                            "Actual Total Time": 354.094,
                            "Actual Rows": 525096,
                            "Actual Loops": 2,
                            "Hash Buckets": 2097152,
                            "Original Hash Buckets": 1048576,
                            "Hash Batches": 1,
                            "Original Hash Batches": 1,
                            "Peak Memory Usage": 65696,
                            "Plans": [
                              {
                                "Node Type": "Seq Scan",
                                "Parent Relationship": "Outer",
                                "Parallel Aware": true,
                                "Relation Name": "title",
                                "Alias": "t",
                                "Startup Cost": 0.0,
                                "Total Cost": 58306.47,
                                "Plan Rows": 563764,
                                "Plan Width": 4,
                                "Actual Startup Time": 0.037,
                                "Actual Total Time": 167.762,
                                "Actual Rows": 525096,
                                "Actual Loops": 2,
                                "Filter": "((production_year > 1996) AND (kind_id = 7))",
                                "Rows Removed by Filter": 739060
                              }
                            ]
                          }
                        ]
                      }
                    ]
                  }
                ]
              }
            ]
          }
        ]
      }
    ]
  },
  "Planning Time": 0.981,
  "Triggers": [],
  "Execution Time": 1973.653
}