[
  {
    "Plan": {
      "Node Type": "Aggregate",
      "Strategy": "Plain",
      "Partial Mode": "Finalize",
      "Parallel Aware": false,
      "Startup Cost": 31498.07,
      "Total Cost": 31498.08,
      "Plan Rows": 1,
      "Plan Width": 8,
      "Actual Startup Time": 85.065,
      "Actual Total Time": 101.834,
      "Actual Rows": 1,
      "Actual Loops": 1,
      "Plans": [
        {
          "Node Type": "Gather",
          "Parent Relationship": "Outer",
          "Parallel Aware": false,
          "Startup Cost": 31497.85,
          "Total Cost": 31498.06,
          "Plan Rows": 2,
          "Plan Width": 8,
          "Actual Startup Time": 84.811,
          "Actual Total Time": 101.826,
          "Actual Rows": 3,
          "Actual Loops": 1,
          "Workers Planned": 2,
          "Workers Launched": 2,
          "Single Copy": false,
          "Plans": [
            {
              "Node Type": "Aggregate",
              "Strategy": "Plain",
              "Partial Mode": "Partial",
              "Parent Relationship": "Outer",
              "Parallel Aware": false,
              "Startup Cost": 30497.85,
              "Total Cost": 30497.86,
              "Plan Rows": 1,
              "Plan Width": 8,
              "Actual Startup Time": 80.724,
              "Actual Total Time": 80.727,
              "Actual Rows": 1,
              "Actual Loops": 3,
              "Plans": [
                {
                  "Node Type": "Nested Loop",
                  "Parent Relationship": "Outer",
                  "Parallel Aware": false,
                  "Join Type": "Inner",
                  "Startup Cost": 125.11,
                  "Total Cost": 30497.4,
                  "Plan Rows": 181,
                  "Plan Width": 0,
                  "Actual Startup Time": 1.214,
                  "Actual Total Time": 80.507,
                  "Actual Rows": 1475,
                  "Actual Loops": 3,
                  "Inner Unique": false,
                  "Plans": [
                    {
                      "Node Type": "Nested Loop",
                      "Parent Relationship": "Outer",
                      "Parallel Aware": false,
                      "Join Type": "Inner",
                      "Startup Cost": 124.67,
                      "Total Cost": 29241.89,
                      "Plan Rows": 348,
                      "Plan Width": 8,
                      "Actual Startup Time": 0.885,
                      "Actual Total Time": 18.902,
                      "Actual Rows": 1393,
                      "Actual Loops": 3,
                      "Inner Unique": true,
                      "Plans": [
                        {
                          "Node Type": "Bitmap Heap Scan",
                          "Parent Relationship": "Outer",
                          "Parallel Aware": true,
                          "Relation Name": "movie_companies",
                          "Alias": "mc",
                          "Startup Cost": 124.24,
                          "Total Cost": 12270.74,
                          "Plan Rows": 2355,
                          "Plan Width": 4,
                          "Actual Startup Time": 0.733,
                          "Actual Total Time": 6.357,
                          "Actual Rows": 1693,
                          "Actual Loops": 3,
                          "Recheck Cond": "(company_id = 475)",
                          "Rows Removed by Index Recheck": 0,
                          "Exact Heap Blocks": 2439,
                          "Lossy Heap Blocks": 0,
                          "Plans": [
                            {
                              "Node Type": "Bitmap Index Scan",
                              "Parent Relationship": "Outer",
                              "Parallel Aware": false,
                              "Index Name": "company_id_movie_companies",
                              "Startup Cost": 0.0,
                              "Total Cost": 122.83,
                              "Plan Rows": 5653,
                              "Plan Width": 0,
                              "Actual Startup Time": 1.417,
                              "Actual Total Time": 1.418,
                              "Actual Rows": 5080,
                              "Actual Loops": 1,
                              "Index Cond": "(company_id = 475)"
                            }
                          ]
                        },
                        {
                          "Node Type": "Index Scan",
                          "Parent Relationship": "Inner",
                          "Parallel Aware": false,
                          "Scan Direction": "Forward",
                          "Index Name": "title_pkey",
                          "Relation Name": "title",
                          "Alias": "t",
                          "Startup Cost": 0.43,
                          "Total Cost": 7.21,
                          "Plan Rows": 1,
                          "Plan Width": 4,
                          "Actual Startup Time": 0.007,
                          "Actual Total Time": 0.007,
                          "Actual Rows": 1,
                          "Actual Loops": 5080,
                          "Index Cond": "(id = mc.movie_id)",
                          "Rows Removed by Index Recheck": 0,
                          "Filter": "((kind_id < 7) AND (production_year < 1999))",
                          "Rows Removed by Filter": 0
                        }
                      ]
                    },
                    {
                      "Node Type": "Index Scan",
                      "Parent Relationship": "Inner",
                      "Parallel Aware": false,
                      "Scan Direction": "Forward",
                      "Index Name": "movie_id_movie_info",
                      "Relation Name": "movie_info",
                      "Alias": "mi",
                      "Startup Cost": 0.43,
                      "Total Cost": 3.57,
                      "Plan Rows": 4,
                      "Plan Width": 4,
                      "Actual Startup Time": 0.041,
                      "Actual Total Time": 0.044,
                      "Actual Rows": 1,
                      "Actual Loops": 4180,
                      "Index Cond": "(movie_id = t.id)",
                      "Rows Removed by Index Recheck": 0,
                      "Filter": "(info_type_id = 8)",
                      "Rows Removed by Filter": 52
                    }
                  ]
                }
              ]
            }
          ]
        }
      ]
    },
    "Planning Time": 0.472,
    "Triggers": [],
    "Execution Time": 101.879
  }
]