{
    "Plan": {
        "Node Type": "Aggregate",
        "Strategy": "Plain",
        "Partial Mode": "Finalize",
        "Parallel Aware": false,
        "Startup Cost": 278139.25,
        "Total Cost": 278139.26,
        "Plan Rows": 1,
        "Plan Width": 8,
        "Actual Startup Time": 1313.223,
        "Actual Total Time": 1360.201,
        "Actual Rows": 1,
        "Actual Loops": 1,
        "Output": [
            "count(*)"
        ],
        "Plans": [
            {
                "Node Type": "Gather",
                "Parent Relationship": "Outer",
                "Parallel Aware": false,
                "Startup Cost": 278138.93,
                "Total Cost": 278139.24,
                "Plan Rows": 3,
                "Plan Width": 8,
                "Actual Startup Time": 1307.627,
                "Actual Total Time": 1360.191,
                "Actual Rows": 4,
                "Actual Loops": 1,
                "Output": [
                    "(PARTIAL count(*))"
                ],
                "Workers Planned": 3,
                "Workers Launched": 3,
                "Single Copy": false,
                "Plans": [
                    {
                        "Node Type": "Aggregate",
                        "Strategy": "Plain",
                        "Partial Mode": "Partial",
                        "Parent Relationship": "Outer",
                        "Parallel Aware": false,
                        "Startup Cost": 277138.93,
                        "Total Cost": 277138.94,
                        "Plan Rows": 1,
                        "Plan Width": 8,
                        "Actual Startup Time": 1297.488,
                        "Actual Total Time": 1297.51,
                        "Actual Rows": 1,
                        "Actual Loops": 4,
                        "Output": [
                            "PARTIAL count(*)"
                        ],
                        "Workers": [
                            {
                                "Worker Number": 0,
                                "Actual Startup Time": 1293.877,
                                "Actual Total Time": 1293.881,
                                "Actual Rows": 1,
                                "Actual Loops": 1
                            },
                            {
                                "Worker Number": 1,
                                "Actual Startup Time": 1294.349,
                                "Actual Total Time": 1294.354,
                                "Actual Rows": 1,
                                "Actual Loops": 1
                            },
                            {
                                "Worker Number": 2,
                                "Actual Startup Time": 1294.864,
                                "Actual Total Time": 1294.871,
                                "Actual Rows": 1,
                                "Actual Loops": 1
                            }
                        ],
                        "Plans": [
                            {
                                "Node Type": "Hash Join",
                                "Parent Relationship": "Outer",
                                "Parallel Aware": true,
                                "Join Type": "Inner",
                                "Startup Cost": 246300.22,
                                "Total Cost": 276874.51,
                                "Plan Rows": 105768,
                                "Plan Width": 0,
                                "Actual Startup Time": 769.214,
                                "Actual Total Time": 1162.614,
                                "Actual Rows": 3210166,
                                "Actual Loops": 4,
                                "Inner Unique": false,
                                "Hash Cond": "(mc.movie_id = t.id)",
                                "Workers": [
                                    {
                                        "Worker Number": 0,
                                        "Actual Startup Time": 765.904,
                                        "Actual Total Time": 1163.235,
                                        "Actual Rows": 3452627,
                                        "Actual Loops": 1
                                    },
                                    {
                                        "Worker Number": 1,
                                        "Actual Startup Time": 766.399,
                                        "Actual Total Time": 1160.02,
                                        "Actual Rows": 3570145,
                                        "Actual Loops": 1
                                    },
                                    {
                                        "Worker Number": 2,
                                        "Actual Startup Time": 766.925,
                                        "Actual Total Time": 1163.218,
                                        "Actual Rows": 3474281,
                                        "Actual Loops": 1
                                    }
                                ],
                                "Plans": [
                                    {
                                        "Node Type": "Seq Scan",
                                        "Parent Relationship": "Outer",
                                        "Parallel Aware": true,
                                        "Relation Name": "movie_companies",
                                        "Schema": "public",
                                        "Alias": "mc",
                                        "Startup Cost": 0.0,
                                        "Total Cost": 27206.55,
                                        "Plan Rows": 841655,
                                        "Plan Width": 4,
                                        "Actual Startup Time": 0.017,
                                        "Actual Total Time": 58.607,
                                        "Actual Rows": 652282,
                                        "Actual Loops": 4,
                                        "Output": [
                                            "mc.id",
                                            "mc.movie_id",
                                            "mc.company_id",
                                            "mc.company_type_id",
                                            "mc.note"
                                        ],
                                        "Workers": [
                                            {
                                                "Worker Number": 0,
                                                "Actual Startup Time": 0.02,
                                                "Actual Total Time": 61.627,
                                                "Actual Rows": 693588,
                                                "Actual Loops": 1
                                            },
                                            {
                                                "Worker Number": 1,
                                                "Actual Startup Time": 0.021,
                                                "Actual Total Time": 60.592,
                                                "Actual Rows": 725800,
                                                "Actual Loops": 1
                                            },
                                            {
                                                "Worker Number": 2,
                                                "Actual Startup Time": 0.016,
                                                "Actual Total Time": 60.753,
                                                "Actual Rows": 684943,
                                                "Actual Loops": 1
                                            }
                                        ]
                                    },
                                    {
                                        "Node Type": "Hash",
                                        "Parent Relationship": "Inner",
                                        "Parallel Aware": true,
                                        "Startup Cost": 245505.91,
                                        "Total Cost": 245505.91,
                                        "Plan Rows": 63545,
                                        "Plan Width": 8,
                                        "Actual Startup Time": 733.139,
                                        "Actual Total Time": 733.159,
                                        "Actual Rows": 233473,
                                        "Actual Loops": 4,
                                        "Output": [
                                            "t.id",
                                            "mi.movie_id"
                                        ],
                                        "Hash Buckets": 1048576,
                                        "Original Hash Buckets": 524288,
                                        "Hash Batches": 1,
                                        "Original Hash Batches": 1,
                                        "Peak Memory Usage": 48928,
                                        "Workers": [
                                            {
                                                "Worker Number": 0,
                                                "Actual Startup Time": 732.355,
                                                "Actual Total Time": 732.359,
                                                "Actual Rows": 238959,
                                                "Actual Loops": 1
                                            },
                                            {
                                                "Worker Number": 1,
                                                "Actual Startup Time": 732.807,
                                                "Actual Total Time": 732.811,
                                                "Actual Rows": 258880,
                                                "Actual Loops": 1
                                            },
                                            {
                                                "Worker Number": 2,
                                                "Actual Startup Time": 733.257,
                                                "Actual Total Time": 733.262,
                                                "Actual Rows": 236459,
                                                "Actual Loops": 1
                                            }
                                        ],
                                        "Plans": [
                                            {
                                                "Node Type": "Hash Join",
                                                "Parent Relationship": "Outer",
                                                "Parallel Aware": true,
                                                "Join Type": "Inner",
                                                "Startup Cost": 45996.98,
                                                "Total Cost": 245505.91,
                                                "Plan Rows": 63545,
                                                "Plan Width": 8,
                                                "Actual Startup Time": 402.059,
                                                "Actual Total Time": 661.517,
                                                "Actual Rows": 233473,
                                                "Actual Loops": 4,
                                                "Output": [
                                                    "t.id",
                                                    "mi.movie_id"
                                                ],
                                                "Inner Unique": true,
                                                "Hash Cond": "(mi.movie_id = t.id)",
                                                "Workers": [
                                                    {
                                                        "Worker Number": 0,
                                                        "Actual Startup Time": 401.232,
                                                        "Actual Total Time": 662.345,
                                                        "Actual Rows": 238959,
                                                        "Actual Loops": 1
                                                    },
                                                    {
                                                        "Worker Number": 1,
                                                        "Actual Startup Time": 401.672,
                                                        "Actual Total Time": 661.067,
                                                        "Actual Rows": 258880,
                                                        "Actual Loops": 1
                                                    },
                                                    {
                                                        "Worker Number": 2,
                                                        "Actual Startup Time": 402.263,
                                                        "Actual Total Time": 663.812,
                                                        "Actual Rows": 236459,
                                                        "Actual Loops": 1
                                                    }
                                                ],
                                                "Plans": [
                                                    {
                                                        "Node Type": "Seq Scan",
                                                        "Parent Relationship": "Outer",
                                                        "Parallel Aware": true,
                                                        "Relation Name": "movie_info",
                                                        "Schema": "public",
                                                        "Alias": "mi",
                                                        "Startup Cost": 0.0,
                                                        "Total Cost": 198880.74,
                                                        "Plan Rows": 239311,
                                                        "Plan Width": 4,
                                                        "Actual Startup Time": 224.164,
                                                        "Actual Total Time": 395.315,
                                                        "Actual Rows": 301177,
                                                        "Actual Loops": 4,
                                                        "Output": [
                                                            "mi.id",
                                                            "mi.movie_id",
                                                            "mi.info_type_id",
                                                            "mi.info",
                                                            "mi.note"
                                                        ],
                                                        "Filter": "(mi.info_type_id > 18)",
                                                        "Rows Removed by Filter": 3407753,
                                                        "Workers": [
                                                            {
                                                                "Worker Number": 0,
                                                                "Actual Startup Time": 224.152,
                                                                "Actual Total Time": 398.676,
                                                                "Actual Rows": 303252,
                                                                "Actual Loops": 1
                                                            },
                                                            {
                                                                "Worker Number": 1,
                                                                "Actual Startup Time": 224.151,
                                                                "Actual Total Time": 397.974,
                                                                "Actual Rows": 330982,
                                                                "Actual Loops": 1
                                                            },
                                                            {
                                                                "Worker Number": 2,
                                                                "Actual Startup Time": 224.18,
                                                                "Actual Total Time": 398.701,
                                                                "Actual Rows": 300244,
                                                                "Actual Loops": 1
                                                            }
                                                        ]
                                                    },
                                                    {
                                                        "Node Type": "Hash",
                                                        "Parent Relationship": "Inner",
                                                        "Parallel Aware": true,
                                                        "Startup Cost": 43899.01,
                                                        "Total Cost": 43899.01,
                                                        "Plan Rows": 167838,
                                                        "Plan Width": 4,
                                                        "Actual Startup Time": 174.704,
                                                        "Actual Total Time": 174.705,
                                                        "Actual Rows": 165706,
                                                        "Actual Loops": 4,
                                                        "Output": [
                                                            "t.id"
                                                        ],
                                                        "Hash Buckets": 1048576,
                                                        "Original Hash Buckets": 1048576,
                                                        "Hash Batches": 1,
                                                        "Original Hash Batches": 1,
                                                        "Peak Memory Usage": 34176,
                                                        "Workers": [
                                                            {
                                                                "Worker Number": 0,
                                                                "Actual Startup Time": 176.992,
                                                                "Actual Total Time": 176.994,
                                                                "Actual Rows": 166701,
                                                                "Actual Loops": 1
                                                            },
                                                            {
                                                                "Worker Number": 1,
                                                                "Actual Startup Time": 177.454,
                                                                "Actual Total Time": 177.455,
                                                                "Actual Rows": 182681,
                                                                "Actual Loops": 1
                                                            },
                                                            {
                                                                "Worker Number": 2,
                                                                "Actual Startup Time": 177.982,
                                                                "Actual Total Time": 177.983,
                                                                "Actual Rows": 166722,
                                                                "Actual Loops": 1
                                                            }
                                                        ],
                                                        "Plans": [
                                                            {
                                                                "Node Type": "Seq Scan",
                                                                "Parent Relationship": "Outer",
                                                                "Parallel Aware": true,
                                                                "Relation Name": "title",
                                                                "Schema": "public",
                                                                "Alias": "t",
                                                                "Startup Cost": 0.0,
                                                                "Total Cost": 43899.01,
                                                                "Plan Rows": 167838,
                                                                "Plan Width": 4,
                                                                "Actual Startup Time": 49.444,
                                                                "Actual Total Time": 108.106,
                                                                "Actual Rows": 165706,
                                                                "Actual Loops": 4,
                                                                "Output": [
                                                                    "t.id"
                                                                ],
                                                                "Filter": "(t.kind_id = 1)",
                                                                "Rows Removed by Filter": 466372,
                                                                "Workers": [
                                                                    {
                                                                        "Worker Number": 0,
                                                                        "Actual Startup Time": 63.36,
                                                                        "Actual Total Time": 108.844,
                                                                        "Actual Rows": 166701,
                                                                        "Actual Loops": 1
                                                                    },
                                                                    {
                                                                        "Worker Number": 1,
                                                                        "Actual Startup Time": 63.528,
                                                                        "Actual Total Time": 108.159,
                                                                        "Actual Rows": 182681,
                                                                        "Actual Loops": 1
                                                                    },
                                                                    {
                                                                        "Worker Number": 2,
                                                                        "Actual Startup Time": 63.623,
                                                                        "Actual Total Time": 109.239,
                                                                        "Actual Rows": 166722,
                                                                        "Actual Loops": 1
                                                                    }
                                                                ]
                                                            }
                                                        ]
                                                    }
                                                ]
                                            }
                                        ]
                                    }
                                ]
                            }
                        ]
                    }
                ]
            }
        ]
    },
    "Planning Time": 1.602,
    "Triggers": [],
    "Execution Time": 1360.351
}