[
    {
        "Bao": {
            "Bao prediction": "NaN",
            "Bao recommended hint": "(no hint)"
        }
    },
    {
        "Plan": {
            "Node Type": "Aggregate",
            "Strategy": "Plain",
            "Partial Mode": "Finalize",
            "Parallel Aware": false,
            "Startup Cost": 214186.15,
            "Total Cost": 214186.16,
            "Plan Rows": 1,
            "Plan Width": 8,
            "Actual Startup Time": 164.002,
            "Actual Total Time": 172.508,
            "Actual Rows": 1,
            "Actual Loops": 1,
            "Output": [
                "count(*)"
            ],
            "Plans": [
                {
                    "Node Type": "Gather",
                    "Parent Relationship": "Outer",
                    "Parallel Aware": false,
                    "Startup Cost": 214185.63,
                    "Total Cost": 214186.14,
                    "Plan Rows": 5,
                    "Plan Width": 8,
                    "Actual Startup Time": 163.586,
                    "Actual Total Time": 172.499,
                    "Actual Rows": 6,
                    "Actual Loops": 1,
                    "Output": [
                        "(PARTIAL count(*))"
                    ],
                    "Workers Planned": 5,
                    "Workers Launched": 5,
                    "Single Copy": false,
                    "Plans": [
                        {
                            "Node Type": "Aggregate",
                            "Strategy": "Plain",
                            "Partial Mode": "Partial",
                            "Parent Relationship": "Outer",
                            "Parallel Aware": false,
                            "Startup Cost": 213185.63,
                            "Total Cost": 213185.64,
                            "Plan Rows": 1,
                            "Plan Width": 8,
                            "Actual Startup Time": 152.119,
                            "Actual Total Time": 152.124,
                            "Actual Rows": 1,
                            "Actual Loops": 6,
                            "Output": [
                                "PARTIAL count(*)"
                            ],
                            "Workers": [
                                {
                                    "Worker Number": 0,
                                    "Actual Startup Time": 149.956,
                                    "Actual Total Time": 149.966,
                                    "Actual Rows": 1,
                                    "Actual Loops": 1
                                },
                                {
                                    "Worker Number": 1,
                                    "Actual Startup Time": 150.368,
                                    "Actual Total Time": 150.371,
                                    "Actual Rows": 1,
                                    "Actual Loops": 1
                                },
                                {
                                    "Worker Number": 2,
                                    "Actual Startup Time": 150.399,
                                    "Actual Total Time": 150.402,
                                    "Actual Rows": 1,
                                    "Actual Loops": 1
                                },
                                {
                                    "Worker Number": 3,
                                    "Actual Startup Time": 147.475,
                                    "Actual Total Time": 147.478,
                                    "Actual Rows": 1,
                                    "Actual Loops": 1
                                },
                                {
                                    "Worker Number": 4,
                                    "Actual Startup Time": 151.543,
                                    "Actual Total Time": 151.545,
                                    "Actual Rows": 1,
                                    "Actual Loops": 1
                                }
                            ],
                            "Plans": [
                                {
                                    "Node Type": "Hash Join",
                                    "Parent Relationship": "Outer",
                                    "Parallel Aware": true,
                                    "Join Type": "Inner",
                                    "Startup Cost": 50156.08,
                                    "Total Cost": 213184.59,
                                    "Plan Rows": 413,
                                    "Plan Width": 0,
                                    "Actual Startup Time": 102.001,
                                    "Actual Total Time": 152.061,
                                    "Actual Rows": 336,
                                    "Actual Loops": 6,
                                    "Inner Unique": true,
                                    "Hash Cond": "(mi.movie_id = t.id)",
                                    "Workers": [
                                        {
                                            "Worker Number": 0,
                                            "Actual Startup Time": 99.474,
                                            "Actual Total Time": 149.898,
                                            "Actual Rows": 367,
                                            "Actual Loops": 1
                                        },
                                        {
                                            "Worker Number": 1,
                                            "Actual Startup Time": 99.885,
                                            "Actual Total Time": 150.311,
                                            "Actual Rows": 290,
                                            "Actual Loops": 1
                                        },
                                        {
                                            "Worker Number": 2,
                                            "Actual Startup Time": 99.857,
                                            "Actual Total Time": 150.339,
                                            "Actual Rows": 317,
                                            "Actual Loops": 1
                                        },
                                        {
                                            "Worker Number": 3,
                                            "Actual Startup Time": 98.202,
                                            "Actual Total Time": 147.419,
                                            "Actual Rows": 293,
                                            "Actual Loops": 1
                                        },
                                        {
                                            "Worker Number": 4,
                                            "Actual Startup Time": 102.236,
                                            "Actual Total Time": 151.488,
                                            "Actual Rows": 294,
                                            "Actual Loops": 1
                                        }
                                    ],
                                    "Plans": [
                                        {
                                            "Node Type": "Bitmap Heap Scan",
                                            "Parent Relationship": "Outer",
                                            "Parallel Aware": true,
                                            "Relation Name": "movie_info",
                                            "Schema": "public",
                                            "Alias": "mi",
                                            "Startup Cost": 6209.4,
                                            "Total Cost": 169058.19,
                                            "Plan Rows": 68464,
                                            "Plan Width": 4,
                                            "Actual Startup Time": 24.601,
                                            "Actual Total Time": 65.258,
                                            "Actual Rows": 54810,
                                            "Actual Loops": 6,
                                            "Output": [
                                                "mi.id",
                                                "mi.movie_id",
                                                "mi.info_type_id",
                                                "mi.info",
                                                "mi.note"
                                            ],
                                            "Recheck Cond": "(mi.info_type_id = 98)",
                                            "Rows Removed by Index Recheck": 0,
                                            "Exact Heap Blocks": 5966,
                                            "Lossy Heap Blocks": 0,
                                            "Workers": [
                                                {
                                                    "Worker Number": 0,
                                                    "Actual Startup Time": 24.602,
                                                    "Actual Total Time": 65.697,
                                                    "Actual Rows": 53324,
                                                    "Actual Loops": 1
                                                },
                                                {
                                                    "Worker Number": 1,
                                                    "Actual Startup Time": 24.611,
                                                    "Actual Total Time": 66.215,
                                                    "Actual Rows": 47119,
                                                    "Actual Loops": 1
                                                },
                                                {
                                                    "Worker Number": 2,
                                                    "Actual Startup Time": 24.69,
                                                    "Actual Total Time": 65.991,
                                                    "Actual Rows": 51315,
                                                    "Actual Loops": 1
                                                },
                                                {
                                                    "Worker Number": 3,
                                                    "Actual Startup Time": 24.588,
                                                    "Actual Total Time": 65.853,
                                                    "Actual Rows": 50638,
                                                    "Actual Loops": 1
                                                },
                                                {
                                                    "Worker Number": 4,
                                                    "Actual Startup Time": 24.543,
                                                    "Actual Total Time": 66.034,
                                                    "Actual Rows": 47120,
                                                    "Actual Loops": 1
                                                }
                                            ],
                                            "Plans": [
                                                {
                                                    "Node Type": "Bitmap Index Scan",
                                                    "Parent Relationship": "Outer",
                                                    "Parallel Aware": false,
                                                    "Index Name": "info_type_id_movie_info",
                                                    "Startup Cost": 0.0,
                                                    "Total Cost": 6123.82,
                                                    "Plan Rows": 342318,
                                                    "Plan Width": 0,
                                                    "Actual Startup Time": 18.83,
                                                    "Actual Total Time": 18.83,
                                                    "Actual Rows": 328857,
                                                    "Actual Loops": 1,
                                                    "Index Cond": "(mi.info_type_id = 98)"
                                                }
                                            ]
                                        },
                                        {
                                            "Node Type": "Hash",
                                            "Parent Relationship": "Inner",
                                            "Parallel Aware": true,
                                            "Startup Cost": 43899.01,
                                            "Total Cost": 43899.01,
                                            "Plan Rows": 3814,
                                            "Plan Width": 4,
                                            "Actual Startup Time": 76.351,
                                            "Actual Total Time": 76.352,
                                            "Actual Rows": 2762,
                                            "Actual Loops": 6,
                                            "Output": [
                                                "t.id"
                                            ],
                                            "Hash Buckets": 16384,
                                            "Original Hash Buckets": 16384,
                                            "Hash Batches": 1,
                                            "Original Hash Batches": 1,
                                            "Peak Memory Usage": 896,
                                            "Workers": [
                                                {
                                                    "Worker Number": 0,
                                                    "Actual Startup Time": 74.226,
                                                    "Actual Total Time": 74.227,
                                                    "Actual Rows": 2382,
                                                    "Actual Loops": 1
                                                },
                                                {
                                                    "Worker Number": 1,
                                                    "Actual Startup Time": 74.738,
                                                    "Actual Total Time": 74.739,
                                                    "Actual Rows": 2441,
                                                    "Actual Loops": 1
                                                },
                                                {
                                                    "Worker Number": 2,
                                                    "Actual Startup Time": 74.673,
                                                    "Actual Total Time": 74.673,
                                                    "Actual Rows": 2505,
                                                    "Actual Loops": 1
                                                },
                                                {
                                                    "Worker Number": 3,
                                                    "Actual Startup Time": 71.646,
                                                    "Actual Total Time": 71.647,
                                                    "Actual Rows": 2461,
                                                    "Actual Loops": 1
                                                },
                                                {
                                                    "Worker Number": 4,
                                                    "Actual Startup Time": 75.841,
                                                    "Actual Total Time": 75.841,
                                                    "Actual Rows": 2513,
                                                    "Actual Loops": 1
                                                }
                                            ],
                                            "Plans": [
                                                {
                                                    "Node Type": "Seq Scan",
                                                    "Parent Relationship": "Outer",
                                                    "Parallel Aware": true,
                                                    "Relation Name": "title",
                                                    "Schema": "public",
                                                    "Alias": "t",
                                                    "Startup Cost": 0.0,
                                                    "Total Cost": 43899.01,
                                                    "Plan Rows": 3814,
                                                    "Plan Width": 4,
                                                    "Actual Startup Time": 0.119,
                                                    "Actual Total Time": 74.733,
                                                    "Actual Rows": 2762,
                                                    "Actual Loops": 6,
                                                    "Output": [
                                                        "t.id"
                                                    ],
                                                    "Filter": "(t.production_year = 1984)",
                                                    "Rows Removed by Filter": 418624,
                                                    "Workers": [
                                                        {
                                                            "Worker Number": 0,
                                                            "Actual Startup Time": 0.181,
                                                            "Actual Total Time": 72.698,
                                                            "Actual Rows": 2382,
                                                            "Actual Loops": 1
                                                        },
                                                        {
                                                            "Worker Number": 1,
                                                            "Actual Startup Time": 0.06,
                                                            "Actual Total Time": 73.212,
                                                            "Actual Rows": 2441,
                                                            "Actual Loops": 1
                                                        },
                                                        {
                                                            "Worker Number": 2,
                                                            "Actual Startup Time": 0.182,
                                                            "Actual Total Time": 73.074,
                                                            "Actual Rows": 2505,
                                                            "Actual Loops": 1
                                                        },
                                                        {
                                                            "Worker Number": 3,
                                                            "Actual Startup Time": 0.108,
                                                            "Actual Total Time": 70.093,
                                                            "Actual Rows": 2461,
                                                            "Actual Loops": 1
                                                        },
                                                        {
                                                            "Worker Number": 4,
                                                            "Actual Startup Time": 0.13,
                                                            "Actual Total Time": 74.231,
                                                            "Actual Rows": 2513,
                                                            "Actual Loops": 1
                                                        }
                                                    ]
                                                }
                                            ]
                                        }
                                    ]
                                }
                            ]
                        }
                    ]
                }
            ]
        },
        "Planning Time": 279.609,
        "Triggers": [],
        "Execution Time": 172.602
    }
]