[
  {
    "Plan": {
      "Node Type": "Aggregate",
      "Strategy": "Plain",
      "Partial Mode": "Finalize",
      "Parallel Aware": false,
      "Startup Cost": 77536.23,
      "Total Cost": 77536.24,
      "Plan Rows": 1,
      "Plan Width": 8,
      "Actual Startup Time": 144.968,
      "Actual Total Time": 155.975,
      "Actual Rows": 1,
      "Actual Loops": 1,
      "Plans": [
        {
          "Node Type": "Gather",
          "Parent Relationship": "Outer",
          "Parallel Aware": false,
          "Startup Cost": 77535.91,
          "Total Cost": 77536.22,
          "Plan Rows": 3,
          "Plan Width": 8,
          "Actual Startup Time": 143.004,
          "Actual Total Time": 155.967,
          "Actual Rows": 4,
          "Actual Loops": 1,
          "Workers Planned": 3,
          "Workers Launched": 3,
          "Single Copy": false,
          "Plans": [
            {
              "Node Type": "Aggregate",
              "Strategy": "Plain",
              "Partial Mode": "Partial",
              "Parent Relationship": "Outer",
              "Parallel Aware": false,
              "Startup Cost": 76535.91,
              "Total Cost": 76535.92,
              "Plan Rows": 1,
              "Plan Width": 8,
              "Actual Startup Time": 137.607,
              "Actual Total Time": 137.611,
              "Actual Rows": 1,
              "Actual Loops": 4,
              "Plans": [
                {
                  "Node Type": "Nested Loop",
                  "Parent Relationship": "Outer",
                  "Parallel Aware": false,
                  "Join Type": "Inner",
                  "Startup Cost": 31548.99,
                  "Total Cost": 76533.75,
                  "Plan Rows": 865,
                  "Plan Width": 0,
                  "Actual Startup Time": 90.277,
                  "Actual Total Time": 137.268,
                  "Actual Rows": 3259,
                  "Actual Loops": 4,
                  "Inner Unique": true,
                  "Plans": [
                    {
                      "Node Type": "Hash Join",
                      "Parent Relationship": "Outer",
                      "Parallel Aware": true,
                      "Join Type": "Inner",
                      "Startup Cost": 31548.56,
                      "Total Cost": 61080.17,
                      "Plan Rows": 16679,
                      "Plan Width": 8,
                      "Actual Startup Time": 90.057,
                      "Actual Total Time": 115.976,
                      "Actual Rows": 4061,
                      "Actual Loops": 4,
                      "Inner Unique": false,
                      "Hash Cond": "(mk.movie_id = mc.movie_id)",
                      "Plans": [
                        {
                          "Node Type": "Bitmap Heap Scan",
                          "Parent Relationship": "Outer",
                          "Parallel Aware": true,
                          "Relation Name": "movie_keyword",
                          "Alias": "mk",
                          "Startup Cost": 1468.86,
                          "Total Cost": 26201.95,
                          "Plan Rows": 22328,
                          "Plan Width": 4,
                          "Actual Startup Time": 8.261,
                          "Actual Total Time": 28.107,
                          "Actual Rows": 18124,
                          "Actual Loops": 4,
                          "Recheck Cond": "(keyword_id = 335)",
                          "Rows Removed by Index Recheck": 0,
                          "Exact Heap Blocks": 6951,
                          "Lossy Heap Blocks": 0,
                          "Plans": [
                            {
                              "Node Type": "Bitmap Index Scan",
                              "Parent Relationship": "Outer",
                              "Parallel Aware": false,
                              "Index Name": "keyword_id_movie_keyword",
                              "Startup Cost": 0.0,
                              "Total Cost": 1451.55,
                              "Plan Rows": 69216,
                              "Plan Width": 0,
                              "Actual Startup Time": 5.941,
                              "Actual Total Time": 5.942,
                              "Actual Rows": 72496,
                              "Actual Loops": 1,
                              "Index Cond": "(keyword_id = 335)"
                            }
                          ]
                        },
                        {
                          "Node Type": "Hash",
                          "Parent Relationship": "Inner",
                          "Parallel Aware": true,
                          "Startup Cost": 28548.53,
                          "Total Cost": 28548.53,
                          "Plan Rows": 122494,
                          "Plan Width": 4,
                          "Actual Startup Time": 78.575,
                          "Actual Total Time": 78.576,
                          "Actual Rows": 94753,
                          "Actual Loops": 4,
                          "Hash Buckets": 524288,
                          "Original Hash Buckets": 524288,
                          "Hash Batches": 1,
                          "Original Hash Batches": 1,
                          "Peak Memory Usage": 19008,
                          "Plans": [
                            {
                              "Node Type": "Bitmap Heap Scan",
                              "Parent Relationship": "Outer",
                              "Parallel Aware": true,
                              "Relation Name": "movie_companies",
                              "Alias": "mc",
                              "Startup Cost": 8227.35,
                              "Total Cost": 28548.53,
                              "Plan Rows": 122494,
                              "Plan Width": 4,
                              "Actual Startup Time": 19.353,
                              "Actual Total Time": 47.604,
                              "Actual Rows": 94753,
                              "Actual Loops": 4,
                              "Recheck Cond": "(company_id > 84407)",
                              "Rows Removed by Index Recheck": 0,
                              "Exact Heap Blocks": 2508,
                              "Lossy Heap Blocks": 0,
                              "Plans": [
                                {
                                  "Node Type": "Bitmap Index Scan",
                                  "Parent Relationship": "Outer",
                                  "Parallel Aware": false,
                                  "Index Name": "company_id_movie_companies",
                                  "Startup Cost": 0.0,
                                  "Total Cost": 8132.42,
                                  "Plan Rows": 379732,
                                  "Plan Width": 0,
                                  "Actual Startup Time": 19.879,
                                  "Actual Total Time": 19.88,
                                  "Actual Rows": 379011,
                                  "Actual Loops": 1,
                                  "Index Cond": "(company_id > 84407)"
                                }
                              ]
                            }
                          ]
                        }
                      ]
                    },
                    {
                      "Node Type": "Index Scan",
                      "Parent Relationship": "Inner",
                      "Parallel Aware": false,
                      "Scan Direction": "Forward",
                      "Index Name": "title_pkey",
                      "Relation Name": "title",
                      "Alias": "t",
                      "Startup Cost": 0.43,
                      "Total Cost": 0.93,
                      "Plan Rows": 1,
                      "Plan Width": 4,
                      "Actual Startup Time": 0.005,
                      "Actual Total Time": 0.005,
                      "Actual Rows": 1,
                      "Actual Loops": 16243,
                      "Index Cond": "(id = mc.movie_id)",
                      "Rows Removed by Index Recheck": 0,
                      "Filter": "((kind_id < 7) AND (production_year < 2008))",
                      "Rows Removed by Filter": 0
                    }
                  ]
                }
              ]
            }
          ]
        }
      ]
    },
    "Planning Time": 0.697,
    "Triggers": [],
    "Execution Time": 156.035
  }
]