[
  {
    "Plan": {
      "Node Type": "Aggregate",
      "Strategy": "Plain",
      "Partial Mode": "Finalize",
      "Parallel Aware": false,
      "Startup Cost": 47077.44,
      "Total Cost": 47077.45,
      "Plan Rows": 1,
      "Plan Width": 8,
      "Actual Startup Time": 109.677,
      "Actual Total Time": 122.78,
      "Actual Rows": 1,
      "Actual Loops": 1,
      "Plans": [
        {
          "Node Type": "Gather",
          "Parent Relationship": "Outer",
          "Parallel Aware": false,
          "Startup Cost": 47077.02,
          "Total Cost": 47077.43,
          "Plan Rows": 4,
          "Plan Width": 8,
          "Actual Startup Time": 109.539,
          "Actual Total Time": 122.773,
          "Actual Rows": 5,
          "Actual Loops": 1,
          "Workers Planned": 4,
          "Workers Launched": 4,
          "Single Copy": false,
          "Plans": [
            {
              "Node Type": "Aggregate",
              "Strategy": "Plain",
              "Partial Mode": "Partial",
              "Parent Relationship": "Outer",
              "Parallel Aware": false,
              "Startup Cost": 46077.02,
              "Total Cost": 46077.03,
              "Plan Rows": 1,
              "Plan Width": 8,
              "Actual Startup Time": 100.425,
              "Actual Total Time": 100.426,
              "Actual Rows": 1,
              "Actual Loops": 5,
              "Plans": [
                {
                  "Node Type": "Seq Scan",
                  "Parent Relationship": "Outer",
                  "Parallel Aware": true,
                  "Relation Name": "title",
                  "Alias": "t",
                  "Startup Cost": 0.0,
                  "Total Cost": 45479.1,
                  "Plan Rows": 239167,
                  "Plan Width": 0,
                  "Actual Startup Time": 0.038,
                  "Actual Total Time": 91.422,
                  "Actual Rows": 191338,
                  "Actual Loops": 5,
                  "Filter": "((kind_id < 7) AND (production_year > 1908))",
                  "Rows Removed by Filter": 314325
                }
              ]
            }
          ]
        }
      ]
    },
    "Planning Time": 0.175,
    "Triggers": [],
    "Execution Time": 122.839
  }
]