{
  "Plan": {
    "Node Type": "Aggregate",
    "Strategy": "Plain",
    "Partial Mode": "Finalize",
    "Parallel Aware": false,
    "Startup Cost": 142564.04,
    "Total Cost": 142564.05,
    "Plan Rows": 1,
    "Plan Width": 8,
    "Actual Startup Time": 1204.1,
    "Actual Total Time": 1232.623,
    "Actual Rows": 1,
    "Actual Loops": 1,
    "Plans": [
      {
        "Node Type": "Gather",
        "Parent Relationship": "Outer",
        "Parallel Aware": false,
        "Startup Cost": 142563.93,
        "Total Cost": 142564.04,
        "Plan Rows": 1,
        "Plan Width": 8,
        "Actual Startup Time": 1198.868,
        "Actual Total Time": 1232.616,
        "Actual Rows": 2,
        "Actual Loops": 1,
        "Workers Planned": 1,
        "Workers Launched": 1,
        "Single Copy": false,
        "Plans": [
          {
            "Node Type": "Aggregate",
            "Strategy": "Plain",
            "Partial Mode": "Partial",
            "Parent Relationship": "Outer",
            "Parallel Aware": false,
            "Startup Cost": 141563.93,
            "Total Cost": 141563.94,
            "Plan Rows": 1,
            "Plan Width": 8,
            "Actual Startup Time": 1192.455,
            "Actual Total Time": 1192.461,
            "Actual Rows": 1,
            "Actual Loops": 2,
            "Plans": [
              {
                "Node Type": "Hash Join",
                "Parent Relationship": "Outer",
                "Parallel Aware": true,
                "Join Type": "Inner",
                "Startup Cost": 120553.08,
                "Total Cost": 140993.14,
                "Plan Rows": 228314,
                "Plan Width": 0,
                "Actual Startup Time": 961.307,
                "Actual Total Time": 1160.991,
                "Actual Rows": 745668,
                "Actual Loops": 2,
                "Inner Unique": false,
                "Hash Cond": "(mi_idx.movie_id = t.id)",
                "Plans": [
                  {
                    "Node Type": "Seq Scan",
                    "Parent Relationship": "Outer",
                    "Parallel Aware": true,
                    "Relation Name": "movie_info_idx",
                    "Alias": "mi_idx",
                    "Startup Cost": 0.0,
                    "Total Cost": 16052.85,
                    "Plan Rows": 811785,
                    "Plan Width": 4,
                    "Actual Startup Time": 0.028,
                    "Actual Total Time": 51.368,
                    "Actual Rows": 690018,
                    "Actual Loops": 2
                  },
                  {
                    "Node Type": "Hash",
                    "Parent Relationship": "Inner",
                    "Parallel Aware": true,
                    "Startup Cost": 115324.54,
                    "Total Cost": 115324.54,
                    "Plan Rows": 418283,
                    "Plan Width": 8,
                    "Actual Startup Time": 952.319,
                    "Actual Total Time": 952.324,
                    "Actual Rows": 358936,
                    "Actual Loops": 2,
                    "Hash Buckets": 1048576,
                    "Original Hash Buckets": 1048576,
                    "Hash Batches": 1,
                    "Original Hash Batches": 1,
                    "Peak Memory Usage": 36320,
                    "Plans": [
                      {
                        "Node Type": "Hash Join",
                        "Parent Relationship": "Outer",
                        "Parallel Aware": true,
                        "Join Type": "Inner",
                        "Startup Cost": 84544.01,
                        "Total Cost": 115324.54,
                        "Plan Rows": 418283,
                        "Plan Width": 8,
                        "Actual Startup Time": 644.775,
                        "Actual Total Time": 858.737,
                        "Actual Rows": 358936,
                        "Actual Loops": 2,
                        "Inner Unique": true,
                        "Hash Cond": "(mk.movie_id = t.id)",
                        "Plans": [
                          {
                            "Node Type": "Bitmap Heap Scan",
                            "Parent Relationship": "Outer",
                            "Parallel Aware": true,
                            "Relation Name": "movie_keyword",
                            "Alias": "mk",
                            "Startup Cost": 15083.31,
                            "Total Cost": 44765.85,
                            "Plan Rows": 418283,
                            "Plan Width": 4,
                            "Actual Startup Time": 50.862,
                            "Actual Total Time": 141.729,
                            "Actual Rows": 358936,
                            "Actual Loops": 2,
                            "Recheck Cond": "(keyword_id < 630)",
                            "Rows Removed by Index Recheck": 0,
                            "Exact Heap Blocks": 12864,
                            "Lossy Heap Blocks": 0,
                            "Plans": [
                              {
                                "Node Type": "Bitmap Index Scan",
                                "Parent Relationship": "Outer",
                                "Parallel Aware": false,
                                "Index Name": "keyword_id_movie_keyword",
                                "Startup Cost": 0.0,
                                "Total Cost": 14905.54,
                                "Plan Rows": 711081,
                                "Plan Width": 0,
                                "Actual Startup Time": 47.289,
                                "Actual Total Time": 47.29,
                                "Actual Rows": 717872,
                                "Actual Loops": 1,
                                "Index Cond": "(keyword_id < 630)"
                              }
                            ]
                          },
                          {
                            "Node Type": "Hash",
                            "Parent Relationship": "Inner",
                            "Parallel Aware": true,
                            "Startup Cost": 50870.31,
                            "Total Cost": 50870.31,
                            "Plan Rows": 1487231,
                            "Plan Width": 4,
                            "Actual Startup Time": 578.374,
                            "Actual Total Time": 578.375,
                            "Actual Rows": 1264156,
                            "Actual Loops": 2,
                            "Hash Buckets": 4194304,
                            "Original Hash Buckets": 4194304,
                            "Hash Batches": 1,
                            "Original Hash Batches": 1,
                            "Peak Memory Usage": 131680,
                            "Plans": [
                              {
                                "Node Type": "Seq Scan",
                                "Parent Relationship": "Outer",
                                "Parallel Aware": true,
                                "Relation Name": "title",
                                "Alias": "t",
                                "Startup Cost": 0.0,
                                "Total Cost": 50870.31,
                                "Plan Rows": 1487231,
                                "Plan Width": 4,
                                "Actual Startup Time": 0.033,
                                "Actual Total Time": 161.725,
                                "Actual Rows": 1264156,
                                "Actual Loops": 2
                              }
                            ]
                          }
                        ]
                      }
                    ]
                  }
                ]
              }
            ]
          }
        ]
      }
    ]
  },
  "Planning Time": 0.996,
  "Triggers": [],
  "Execution Time": 1232.723
}