[
  {
    "Plan": {
      "Node Type": "Aggregate",
      "Strategy": "Plain",
      "Partial Mode": "Finalize",
      "Parallel Aware": false,
      "Startup Cost": 128859.57,
      "Total Cost": 128859.58,
      "Plan Rows": 1,
      "Plan Width": 8,
      "Actual Startup Time": 1404.51,
      "Actual Total Time": 1424.096,
      "Actual Rows": 1,
      "Actual Loops": 1,
      "Plans": [
        {
          "Node Type": "Gather",
          "Parent Relationship": "Outer",
          "Parallel Aware": false,
          "Startup Cost": 128859.25,
          "Total Cost": 128859.56,
          "Plan Rows": 3,
          "Plan Width": 8,
          "Actual Startup Time": 1396.905,
          "Actual Total Time": 1424.086,
          "Actual Rows": 4,
          "Actual Loops": 1,
          "Workers Planned": 3,
          "Workers Launched": 3,
          "Single Copy": false,
          "Plans": [
            {
              "Node Type": "Aggregate",
              "Strategy": "Plain",
              "Partial Mode": "Partial",
              "Parent Relationship": "Outer",
              "Parallel Aware": false,
              "Startup Cost": 127859.25,
              "Total Cost": 127859.26,
              "Plan Rows": 1,
              "Plan Width": 8,
              "Actual Startup Time": 1391.436,
              "Actual Total Time": 1391.567,
              "Actual Rows": 1,
              "Actual Loops": 4,
              "Plans": [
                {
                  "Node Type": "Hash Join",
                  "Parent Relationship": "Outer",
                  "Parallel Aware": true,
                  "Join Type": "Inner",
                  "Startup Cost": 78314.95,
                  "Total Cost": 127182.6,
                  "Plan Rows": 270660,
                  "Plan Width": 0,
                  "Actual Startup Time": 515.742,
                  "Actual Total Time": 1129.527,
                  "Actual Rows": 6068752,
                  "Actual Loops": 4,
                  "Inner Unique": false,
                  "Hash Cond": "(mk.movie_id = t.id)",
                  "Plans": [
                    {
                      "Node Type": "Seq Scan",
                      "Parent Relationship": "Outer",
                      "Parallel Aware": true,
                      "Relation Name": "movie_keyword",
                      "Alias": "mk",
                      "Startup Cost": 0.0,
                      "Total Cost": 42695.65,
                      "Plan Rows": 1413042,
                      "Plan Width": 4,
                      "Actual Startup Time": 0.067,
                      "Actual Total Time": 115.634,
                      "Actual Rows": 1095359,
                      "Actual Loops": 4,
                      "Filter": "(keyword_id < 74660)",
                      "Rows Removed by Filter": 35624
                    },
                    {
                      "Node Type": "Hash",
                      "Parent Relationship": "Inner",
                      "Parallel Aware": true,
                      "Startup Cost": 76362.11,
                      "Total Cost": 76362.11,
                      "Plan Rows": 156227,
                      "Plan Width": 8,
                      "Actual Startup Time": 472.479,
                      "Actual Total Time": 472.609,
                      "Actual Rows": 267896,
                      "Actual Loops": 4,
                      "Hash Buckets": 2097152,
                      "Original Hash Buckets": 524288,
                      "Hash Batches": 1,
                      "Original Hash Batches": 1,
                      "Peak Memory Usage": 70624,
                      "Plans": [
                        {
                          "Node Type": "Hash Join",
                          "Parent Relationship": "Outer",
                          "Parallel Aware": true,
                          "Join Type": "Inner",
                          "Startup Cost": 46946.22,
                          "Total Cost": 76362.11,
                          "Plan Rows": 156227,
                          "Plan Width": 8,
                          "Actual Startup Time": 172.509,
                          "Actual Total Time": 350.464,
                          "Actual Rows": 267896,
                          "Actual Loops": 4,
                          "Inner Unique": true,
                          "Hash Cond": "(mc.movie_id = t.id)",
                          "Plans": [
                            {
                              "Node Type": "Seq Scan",
                              "Parent Relationship": "Outer",
                              "Parallel Aware": true,
                              "Relation Name": "movie_companies",
                              "Alias": "mc",
                              "Startup Cost": 0.0,
                              "Total Cost": 27206.55,
                              "Plan Rows": 841655,
                              "Plan Width": 4,
                              "Actual Startup Time": 0.007,
                              "Actual Total Time": 61.489,
                              "Actual Rows": 652282,
                              "Actual Loops": 4
                            },
                            {
                              "Node Type": "Hash",
                              "Parent Relationship": "Inner",
                              "Parallel Aware": true,
                              "Startup Cost": 45479.59,
                              "Total Cost": 45479.59,
                              "Plan Rows": 117331,
                              "Plan Width": 4,
                              "Actual Startup Time": 139.638,
                              "Actual Total Time": 139.639,
                              "Actual Rows": 124006,
                              "Actual Loops": 4,
                              "Hash Buckets": 524288,
                              "Original Hash Buckets": 524288,
                              "Hash Batches": 1,
                              "Original Hash Batches": 1,
                              "Peak Memory Usage": 23552,
                              "Plans": [
                                {
                                  "Node Type": "Seq Scan",
                                  "Parent Relationship": "Outer",
                                  "Parallel Aware": true,
                                  "Relation Name": "title",
                                  "Alias": "t",
                                  "Startup Cost": 0.0,
                                  "Total Cost": 45479.59,
                                  "Plan Rows": 117331,
                                  "Plan Width": 4,
                                  "Actual Startup Time": 55.376,
                                  "Actual Total Time": 99.669,
                                  "Actual Rows": 124006,
                                  "Actual Loops": 4,
                                  "Filter": "((production_year < 2009) AND (kind_id = 1))",
                                  "Rows Removed by Filter": 508072
                                }
                              ]
                            }
                          ]
                        }
                      ]
                    }
                  ]
                }
              ]
            }
          ]
        }
      ]
    },
    "Planning Time": 0.697,
    "Triggers": [],
    "Execution Time": 1424.142
  }
]