[
  {
    "Plan": {
      "Node Type": "Aggregate",
      "Strategy": "Plain",
      "Partial Mode": "Simple",
      "Parallel Aware": false,
      "Startup Cost": 3087.75,
      "Total Cost": 3087.76,
      "Plan Rows": 1,
      "Plan Width": 8,
      "Actual Startup Time": 83.296,
      "Actual Total Time": 83.299,
      "Actual Rows": 1,
      "Actual Loops": 1,
      "Plans": [
        {
          "Node Type": "Nested Loop",
          "Parent Relationship": "Outer",
          "Parallel Aware": false,
          "Join Type": "Inner",
          "Startup Cost": 7.22,
          "Total Cost": 3087.64,
          "Plan Rows": 45,
          "Plan Width": 0,
          "Actual Startup Time": 48.077,
          "Actual Total Time": 82.975,
          "Actual Rows": 1338,
          "Actual Loops": 1,
          "Inner Unique": false,
          "Plans": [
            {
              "Node Type": "Nested Loop",
              "Parent Relationship": "Outer",
              "Parallel Aware": false,
              "Join Type": "Inner",
              "Startup Cost": 6.79,
              "Total Cost": 3018.6,
              "Plan Rows": 125,
              "Plan Width": 8,
              "Actual Startup Time": 48.05,
              "Actual Total Time": 74.208,
              "Actual Rows": 889,
              "Actual Loops": 1,
              "Inner Unique": true,
              "Plans": [
                {
                  "Node Type": "Bitmap Heap Scan",
                  "Parent Relationship": "Outer",
                  "Parallel Aware": false,
                  "Relation Name": "movie_keyword",
                  "Alias": "mk",
                  "Startup Cost": 6.36,
                  "Total Cost": 926.55,
                  "Plan Rows": 249,
                  "Plan Width": 4,
                  "Actual Startup Time": 47.95,
                  "Actual Total Time": 54.383,
                  "Actual Rows": 2620,
                  "Actual Loops": 1,
                  "Recheck Cond": "(keyword_id = 1556)",
                  "Rows Removed by Index Recheck": 0,
                  "Exact Heap Blocks": 2281,
                  "Lossy Heap Blocks": 0,
                  "Plans": [
                    {
                      "Node Type": "Bitmap Index Scan",
                      "Parent Relationship": "Outer",
                      "Parallel Aware": false,
                      "Index Name": "keyword_id_movie_keyword",
                      "Startup Cost": 0.0,
                      "Total Cost": 6.3,
                      "Plan Rows": 249,
                      "Plan Width": 0,
                      "Actual Startup Time": 46.973,
                      "Actual Total Time": 46.974,
                      "Actual Rows": 2620,
                      "Actual Loops": 1,
                      "Index Cond": "(keyword_id = 1556)"
                    }
                  ]
                },
                {
                  "Node Type": "Index Scan",
                  "Parent Relationship": "Inner",
                  "Parallel Aware": false,
                  "Scan Direction": "Forward",
                  "Index Name": "title_pkey",
                  "Relation Name": "title",
                  "Alias": "t",
                  "Startup Cost": 0.43,
                  "Total Cost": 8.4,
                  "Plan Rows": 1,
                  "Plan Width": 4,
                  "Actual Startup Time": 0.007,
                  "Actual Total Time": 0.007,
                  "Actual Rows": 0,
                  "Actual Loops": 2620,
                  "Index Cond": "(id = mk.movie_id)",
                  "Rows Removed by Index Recheck": 0,
                  "Filter": "(production_year > 2002)",
                  "Rows Removed by Filter": 1
                }
              ]
            },
            {
              "Node Type": "Index Scan",
              "Parent Relationship": "Inner",
              "Parallel Aware": false,
              "Scan Direction": "Forward",
              "Index Name": "movie_id_movie_info_idx",
              "Relation Name": "movie_info_idx",
              "Alias": "mi_idx",
              "Startup Cost": 0.43,
              "Total Cost": 0.53,
              "Plan Rows": 2,
              "Plan Width": 4,
              "Actual Startup Time": 0.008,
              "Actual Total Time": 0.009,
              "Actual Rows": 2,
              "Actual Loops": 889,
              "Index Cond": "(movie_id = t.id)",
              "Rows Removed by Index Recheck": 0,
              "Filter": "(info_type_id < 101)",
              "Rows Removed by Filter": 1
            }
          ]
        }
      ]
    },
    "Planning Time": 0.487,
    "Triggers": [],
    "Execution Time": 83.346
  }
]