{
  "Plan": {
    "Node Type": "Aggregate",
    "Strategy": "Plain",
    "Partial Mode": "Finalize",
    "Parallel Aware": false,
    "Startup Cost": 102042.53,
    "Total Cost": 102042.54,
    "Plan Rows": 1,
    "Plan Width": 8,
    "Actual Startup Time": 302.936,
    "Actual Total Time": 315.656,
    "Actual Rows": 1,
    "Actual Loops": 1,
    "Plans": [
      {
        "Node Type": "Gather",
        "Parent Relationship": "Outer",
        "Parallel Aware": false,
        "Startup Cost": 102042.42,
        "Total Cost": 102042.53,
        "Plan Rows": 1,
        "Plan Width": 8,
        "Actual Startup Time": 302.675,
        "Actual Total Time": 315.649,
        "Actual Rows": 2,
        "Actual Loops": 1,
        "Workers Planned": 1,
        "Workers Launched": 1,
        "Single Copy": false,
        "Plans": [
          {
            "Node Type": "Aggregate",
            "Strategy": "Plain",
            "Partial Mode": "Partial",
            "Parent Relationship": "Outer",
            "Parallel Aware": false,
            "Startup Cost": 101042.42,
            "Total Cost": 101042.43,
            "Plan Rows": 1,
            "Plan Width": 8,
            "Actual Startup Time": 297.132,
            "Actual Total Time": 297.135,
            "Actual Rows": 1,
            "Actual Loops": 2,
            "Plans": [
              {
                "Node Type": "Hash Join",
                "Parent Relationship": "Outer",
                "Parallel Aware": true,
                "Join Type": "Inner",
                "Startup Cost": 58601.03,
                "Total Cost": 101033.06,
                "Plan Rows": 3744,
                "Plan Width": 0,
                "Actual Startup Time": 202.491,
                "Actual Total Time": 297.017,
                "Actual Rows": 2338,
                "Actual Loops": 2,
                "Inner Unique": true,
                "Hash Cond": "(mc.movie_id = t.id)",
                "Plans": [
                  {
                    "Node Type": "Seq Scan",
                    "Parent Relationship": "Outer",
                    "Parallel Aware": true,
                    "Relation Name": "movie_companies",
                    "Alias": "mc",
                    "Startup Cost": 0.0,
                    "Total Cost": 41811.73,
                    "Plan Rows": 236306,
                    "Plan Width": 4,
                    "Actual Startup Time": 48.433,
                    "Actual Total Time": 108.857,
                    "Actual Rows": 365752,
                    "Actual Loops": 2,
                    "Filter": "((company_id > 29789) AND (company_type_id = 2))",
                    "Rows Removed by Filter": 938813
                  },
                  {
                    "Node Type": "Hash",
                    "Parent Relationship": "Inner",
                    "Parallel Aware": true,
                    "Startup Cost": 58306.47,
                    "Total Cost": 58306.47,
                    "Plan Rows": 23565,
                    "Plan Width": 4,
                    "Actual Startup Time": 152.348,
                    "Actual Total Time": 152.349,
                    "Actual Rows": 20060,
                    "Actual Loops": 2,
                    "Hash Buckets": 65536,
                    "Original Hash Buckets": 65536,
                    "Hash Batches": 1,
                    "Original Hash Batches": 1,
                    "Peak Memory Usage": 2112,
                    "Plans": [
                      {
                        "Node Type": "Seq Scan",
                        "Parent Relationship": "Outer",
                        "Parallel Aware": true,
                        "Relation Name": "title",
                        "Alias": "t",
                        "Startup Cost": 0.0,
                        "Total Cost": 58306.47,
                        "Plan Rows": 23565,
                        "Plan Width": 4,
                        "Actual Startup Time": 0.06,
                        "Actual Total Time": 144.621,
                        "Actual Rows": 20060,
                        "Actual Loops": 2,
                        "Filter": "((kind_id = 7) AND (production_year = 2013))",
                        "Rows Removed by Filter": 1244096
                      }
                    ]
                  }
                ]
              }
            ]
          }
        ]
      }
    ]
  },
  "Planning Time": 0.495,
  "Triggers": [],
  "Execution Time": 315.73
}