[
  {
    "Plan": {
      "Node Type": "Aggregate",
      "Strategy": "Plain",
      "Partial Mode": "Finalize",
      "Parallel Aware": false,
      "Startup Cost": 352181.33,
      "Total Cost": 352181.34,
      "Plan Rows": 1,
      "Plan Width": 8,
      "Actual Startup Time": 834.877,
      "Actual Total Time": 895.227,
      "Actual Rows": 1,
      "Actual Loops": 1,
      "Plans": [
        {
          "Node Type": "Gather",
          "Parent Relationship": "Outer",
          "Parallel Aware": false,
          "Startup Cost": 352180.71,
          "Total Cost": 352181.32,
          "Plan Rows": 6,
          "Plan Width": 8,
          "Actual Startup Time": 834.673,
          "Actual Total Time": 895.212,
          "Actual Rows": 7,
          "Actual Loops": 1,
          "Workers Planned": 6,
          "Workers Launched": 6,
          "Single Copy": false,
          "Plans": [
            {
              "Node Type": "Aggregate",
              "Strategy": "Plain",
              "Partial Mode": "Partial",
              "Parent Relationship": "Outer",
              "Parallel Aware": false,
              "Startup Cost": 351180.71,
              "Total Cost": 351180.72,
              "Plan Rows": 1,
              "Plan Width": 8,
              "Actual Startup Time": 824.978,
              "Actual Total Time": 824.979,
              "Actual Rows": 1,
              "Actual Loops": 7,
              "Plans": [
                {
                  "Node Type": "Seq Scan",
                  "Parent Relationship": "Outer",
                  "Parallel Aware": true,
                  "Relation Name": "cast_info",
                  "Alias": "ci",
                  "Startup Cost": 0.0,
                  "Total Cost": 343316.27,
                  "Plan Rows": 3145775,
                  "Plan Width": 0,
                  "Actual Startup Time": 228.867,
                  "Actual Total Time": 719.801,
                  "Actual Rows": 2352870,
                  "Actual Loops": 7,
                  "Filter": "((person_id < 2956605) AND (role_id > 1))",
                  "Rows Removed by Filter": 2824893
                }
              ]
            }
          ]
        }
      ]
    },
    "Planning Time": 0.229,
    "Triggers": [],
    "Execution Time": 895.303
  }
]