[
  {
    "Plan": {
      "Node Type": "Aggregate",
      "Strategy": "Plain",
      "Partial Mode": "Finalize",
      "Parallel Aware": false,
      "Startup Cost": 45623.13,
      "Total Cost": 45623.14,
      "Plan Rows": 1,
      "Plan Width": 8,
      "Actual Startup Time": 156.623,
      "Actual Total Time": 166.816,
      "Actual Rows": 1,
      "Actual Loops": 1,
      "Plans": [
        {
          "Node Type": "Gather",
          "Parent Relationship": "Outer",
          "Parallel Aware": false,
          "Startup Cost": 45622.81,
          "Total Cost": 45623.12,
          "Plan Rows": 3,
          "Plan Width": 8,
          "Actual Startup Time": 156.519,
          "Actual Total Time": 166.807,
          "Actual Rows": 4,
          "Actual Loops": 1,
          "Workers Planned": 3,
          "Workers Launched": 3,
          "Single Copy": false,
          "Plans": [
            {
              "Node Type": "Aggregate",
              "Strategy": "Plain",
              "Partial Mode": "Partial",
              "Parent Relationship": "Outer",
              "Parallel Aware": false,
              "Startup Cost": 44622.81,
              "Total Cost": 44622.82,
              "Plan Rows": 1,
              "Plan Width": 8,
              "Actual Startup Time": 149.516,
              "Actual Total Time": 149.518,
              "Actual Rows": 1,
              "Actual Loops": 4,
              "Plans": [
                {
                  "Node Type": "Seq Scan",
                  "Parent Relationship": "Outer",
                  "Parallel Aware": true,
                  "Relation Name": "movie_keyword",
                  "Alias": "mk",
                  "Startup Cost": 0.0,
                  "Total Cost": 42695.65,
                  "Plan Rows": 770863,
                  "Plan Width": 0,
                  "Actual Startup Time": 0.607,
                  "Actual Total Time": 120.562,
                  "Actual Rows": 596676,
                  "Actual Loops": 4,
                  "Filter": "(keyword_id > 3974)",
                  "Rows Removed by Filter": 534307
                }
              ]
            }
          ]
        }
      ]
    },
    "Planning Time": 0.184,
    "Triggers": [],
    "Execution Time": 166.872
  }
]