{
  "Plan": {
    "Node Type": "Aggregate",
    "Strategy": "Plain",
    "Partial Mode": "Finalize",
    "Parallel Aware": false,
    "Startup Cost": 293746.17,
    "Total Cost": 293746.18,
    "Plan Rows": 1,
    "Plan Width": 8,
    "Actual Startup Time": 1172.78,
    "Actual Total Time": 1198.396,
    "Actual Rows": 1,
    "Actual Loops": 1,
    "Plans": [
      {
        "Node Type": "Gather",
        "Parent Relationship": "Outer",
        "Parallel Aware": false,
        "Startup Cost": 293746.05,
        "Total Cost": 293746.16,
        "Plan Rows": 1,
        "Plan Width": 8,
        "Actual Startup Time": 1165.885,
        "Actual Total Time": 1198.386,
        "Actual Rows": 2,
        "Actual Loops": 1,
        "Workers Planned": 1,
        "Workers Launched": 1,
        "Single Copy": false,
        "Plans": [
          {
            "Node Type": "Aggregate",
            "Strategy": "Plain",
            "Partial Mode": "Partial",
            "Parent Relationship": "Outer",
            "Parallel Aware": false,
            "Startup Cost": 292746.05,
            "Total Cost": 292746.06,
            "Plan Rows": 1,
            "Plan Width": 8,
            "Actual Startup Time": 1159.784,
            "Actual Total Time": 1160.094,
            "Actual Rows": 1,
            "Actual Loops": 2,
            "Plans": [
              {
                "Node Type": "Hash Join",
                "Parent Relationship": "Outer",
                "Parallel Aware": true,
                "Join Type": "Inner",
                "Startup Cost": 250895.47,
                "Total Cost": 292360.66,
                "Plan Rows": 154159,
                "Plan Width": 0,
                "Actual Startup Time": 738.195,
                "Actual Total Time": 1079.808,
                "Actual Rows": 1820910,
                "Actual Loops": 2,
                "Inner Unique": false,
                "Hash Cond": "(mc.movie_id = t.id)",
                "Plans": [
                  {
                    "Node Type": "Seq Scan",
                    "Parent Relationship": "Outer",
                    "Parallel Aware": true,
                    "Relation Name": "movie_companies",
                    "Alias": "mc",
                    "Startup Cost": 0.0,
                    "Total Cost": 37974.77,
                    "Plan Rows": 688959,
                    "Plan Width": 4,
                    "Actual Startup Time": 0.026,
                    "Actual Total Time": 115.103,
                    "Actual Rows": 584402,
                    "Actual Loops": 2,
                    "Filter": "(company_id < 9765)",
                    "Rows Removed by Filter": 720162
                  },
                  {
                    "Node Type": "Hash",
                    "Parent Relationship": "Inner",
                    "Parallel Aware": true,
                    "Startup Cost": 246735.74,
                    "Total Cost": 246735.74,
                    "Plan Rows": 332778,
                    "Plan Width": 8,
                    "Actual Startup Time": 729.278,
                    "Actual Total Time": 729.585,
                    "Actual Rows": 271684,
                    "Actual Loops": 2,
                    "Hash Buckets": 1048576,
                    "Original Hash Buckets": 1048576,
                    "Hash Batches": 1,
                    "Original Hash Batches": 1,
                    "Peak Memory Usage": 29472,
                    "Plans": [
                      {
                        "Node Type": "Hash Join",
                        "Parent Relationship": "Outer",
                        "Parallel Aware": true,
                        "Join Type": "Inner",
                        "Startup Cost": 79709.48,
                        "Total Cost": 246735.74,
                        "Plan Rows": 332778,
                        "Plan Width": 8,
                        "Actual Startup Time": 562.551,
                        "Actual Total Time": 673.228,
                        "Actual Rows": 271684,
                        "Actual Loops": 2,
                        "Inner Unique": true,
                        "Hash Cond": "(mi.movie_id = t.id)",
                        "Plans": [
                          {
                            "Node Type": "Bitmap Heap Scan",
                            "Parent Relationship": "Outer",
                            "Parallel Aware": true,
                            "Relation Name": "movie_info",
                            "Alias": "mi",
                            "Startup Cost": 10248.78,
                            "Total Cost": 176401.5,
                            "Plan Rows": 332778,
                            "Plan Width": 4,
                            "Actual Startup Time": 19.024,
                            "Actual Total Time": 47.752,
                            "Actual Rows": 271684,
                            "Actual Loops": 2,
                            "Recheck Cond": "(info_type_id > 98)",
                            "Rows Removed by Index Recheck": 0,
                            "Exact Heap Blocks": 3256,
                            "Lossy Heap Blocks": 0,
                            "Plans": [
                              {
                                "Node Type": "Bitmap Index Scan",
                                "Parent Relationship": "Outer",
                                "Parallel Aware": false,
                                "Index Name": "info_type_id_movie_info",
                                "Startup Cost": 0.0,
                                "Total Cost": 10107.35,
                                "Plan Rows": 565722,
                                "Plan Width": 0,
                                "Actual Startup Time": 18.202,
                                "Actual Total Time": 18.202,
                                "Actual Rows": 543367,
                                "Actual Loops": 1,
                                "Index Cond": "(info_type_id > 98)"
                              }
                            ]
                          },
                          {
                            "Node Type": "Hash",
                            "Parent Relationship": "Inner",
                            "Parallel Aware": true,
                            "Startup Cost": 50870.31,
                            "Total Cost": 50870.31,
                            "Plan Rows": 1487231,
                            "Plan Width": 4,
                            "Actual Startup Time": 528.003,
                            "Actual Total Time": 528.004,
                            "Actual Rows": 1264156,
                            "Actual Loops": 2,
                            "Hash Buckets": 4194304,
                            "Original Hash Buckets": 4194304,
                            "Hash Batches": 1,
                            "Original Hash Batches": 1,
                            "Peak Memory Usage": 131712,
                            "Plans": [
                              {
                                "Node Type": "Seq Scan",
                                "Parent Relationship": "Outer",
                                "Parallel Aware": true,
                                "Relation Name": "title",
                                "Alias": "t",
                                "Startup Cost": 0.0,
                                "Total Cost": 50870.31,
                                "Plan Rows": 1487231,
                                "Plan Width": 4,
                                "Actual Startup Time": 0.034,
                                "Actual Total Time": 156.988,
                                "Actual Rows": 1264156,
                                "Actual Loops": 2
                              }
                            ]
                          }
                        ]
                      }
                    ]
                  }
                ]
              }
            ]
          }
        ]
      }
    ]
  },
  "Planning Time": 0.642,
  "Triggers": [],
  "Execution Time": 1198.499
}