[
  {
    "Plan": {
      "Node Type": "Aggregate",
      "Strategy": "Plain",
      "Partial Mode": "Finalize",
      "Parallel Aware": false,
      "Startup Cost": 45426.35,
      "Total Cost": 45426.36,
      "Plan Rows": 1,
      "Plan Width": 8,
      "Actual Startup Time": 104.706,
      "Actual Total Time": 116.351,
      "Actual Rows": 1,
      "Actual Loops": 1,
      "Plans": [
        {
          "Node Type": "Gather",
          "Parent Relationship": "Outer",
          "Parallel Aware": false,
          "Startup Cost": 45425.93,
          "Total Cost": 45426.34,
          "Plan Rows": 4,
          "Plan Width": 8,
          "Actual Startup Time": 104.449,
          "Actual Total Time": 116.342,
          "Actual Rows": 5,
          "Actual Loops": 1,
          "Workers Planned": 4,
          "Workers Launched": 4,
          "Single Copy": false,
          "Plans": [
            {
              "Node Type": "Aggregate",
              "Strategy": "Plain",
              "Partial Mode": "Partial",
              "Parent Relationship": "Outer",
              "Parallel Aware": false,
              "Startup Cost": 44425.93,
              "Total Cost": 44425.94,
              "Plan Rows": 1,
              "Plan Width": 8,
              "Actual Startup Time": 97.364,
              "Actual Total Time": 97.365,
              "Actual Rows": 1,
              "Actual Loops": 5,
              "Plans": [
                {
                  "Node Type": "Seq Scan",
                  "Parent Relationship": "Outer",
                  "Parallel Aware": true,
                  "Relation Name": "title",
                  "Alias": "t",
                  "Startup Cost": 0.0,
                  "Total Cost": 43898.92,
                  "Plan Rows": 210804,
                  "Plan Width": 0,
                  "Actual Startup Time": 0.033,
                  "Actual Total Time": 88.358,
                  "Actual Rows": 169828,
                  "Actual Loops": 5,
                  "Filter": "(production_year < 1996)",
                  "Rows Removed by Filter": 335834
                }
              ]
            }
          ]
        }
      ]
    },
    "Planning Time": 0.151,
    "Triggers": [],
    "Execution Time": 116.417
  }
]