[
  {
    "Plan": {
      "Node Type": "Aggregate",
      "Strategy": "Plain",
      "Partial Mode": "Finalize",
      "Parallel Aware": false,
      "Startup Cost": 97715.88,
      "Total Cost": 97715.89,
      "Plan Rows": 1,
      "Plan Width": 8,
      "Actual Startup Time": 441.455,
      "Actual Total Time": 456.351,
      "Actual Rows": 1,
      "Actual Loops": 1,
      "Plans": [
        {
          "Node Type": "Gather",
          "Parent Relationship": "Outer",
          "Parallel Aware": false,
          "Startup Cost": 97715.56,
          "Total Cost": 97715.87,
          "Plan Rows": 3,
          "Plan Width": 8,
          "Actual Startup Time": 432.934,
          "Actual Total Time": 456.341,
          "Actual Rows": 4,
          "Actual Loops": 1,
          "Workers Planned": 3,
          "Workers Launched": 3,
          "Single Copy": false,
          "Plans": [
            {
              "Node Type": "Aggregate",
              "Strategy": "Plain",
              "Partial Mode": "Partial",
              "Parent Relationship": "Outer",
              "Parallel Aware": false,
              "Startup Cost": 96715.56,
              "Total Cost": 96715.57,
              "Plan Rows": 1,
              "Plan Width": 8,
              "Actual Startup Time": 426.685,
              "Actual Total Time": 426.688,
              "Actual Rows": 1,
              "Actual Loops": 4,
              "Plans": [
                {
                  "Node Type": "Hash Join",
                  "Parent Relationship": "Outer",
                  "Parallel Aware": true,
                  "Join Type": "Inner",
                  "Startup Cost": 50088.69,
                  "Total Cost": 95311.55,
                  "Plan Rows": 561603,
                  "Plan Width": 0,
                  "Actual Startup Time": 227.357,
                  "Actual Total Time": 419.417,
                  "Actual Rows": 174374,
                  "Actual Loops": 4,
                  "Inner Unique": true,
                  "Hash Cond": "(mk.movie_id = t.id)",
                  "Plans": [
                    {
                      "Node Type": "Seq Scan",
                      "Parent Relationship": "Outer",
                      "Parallel Aware": true,
                      "Relation Name": "movie_keyword",
                      "Alias": "mk",
                      "Startup Cost": 0.0,
                      "Total Cost": 42695.65,
                      "Plan Rows": 962747,
                      "Plan Width": 4,
                      "Actual Startup Time": 0.032,
                      "Actual Total Time": 102.409,
                      "Actual Rows": 748448,
                      "Actual Loops": 4,
                      "Filter": "(keyword_id < 10474)",
                      "Rows Removed by Filter": 382535
                    },
                    {
                      "Node Type": "Hash",
                      "Parent Relationship": "Inner",
                      "Parallel Aware": true,
                      "Startup Cost": 45479.59,
                      "Total Cost": 45479.59,
                      "Plan Rows": 368728,
                      "Plan Width": 4,
                      "Actual Startup Time": 222.883,
                      "Actual Total Time": 222.884,
                      "Actual Rows": 362818,
                      "Actual Loops": 4,
                      "Hash Buckets": 2097152,
                      "Original Hash Buckets": 2097152,
                      "Hash Batches": 1,
                      "Original Hash Batches": 1,
                      "Peak Memory Usage": 73216,
                      "Plans": [
                        {
                          "Node Type": "Seq Scan",
                          "Parent Relationship": "Outer",
                          "Parallel Aware": true,
                          "Relation Name": "title",
                          "Alias": "t",
                          "Startup Cost": 0.0,
                          "Total Cost": 45479.59,
                          "Plan Rows": 368728,
                          "Plan Width": 4,
                          "Actual Startup Time": 0.034,
                          "Actual Total Time": 101.891,
                          "Actual Rows": 362818,
                          "Actual Loops": 4,
                          "Filter": "((kind_id > 3) AND (production_year < 2012))",
                          "Rows Removed by Filter": 269260
                        }
                      ]
                    }
                  ]
                }
              ]
            }
          ]
        }
      ]
    },
    "Planning Time": 0.467,
    "Triggers": [],
    "Execution Time": 456.398
  }
]