{
    "Plan": {
        "Node Type": "Aggregate",
        "Strategy": "Plain",
        "Partial Mode": "Finalize",
        "Parallel Aware": false,
        "Startup Cost": 582264.65,
        "Total Cost": 582264.66,
        "Plan Rows": 1,
        "Plan Width": 8,
        "Actual Startup Time": 4245.228,
        "Actual Total Time": 4362.552,
        "Actual Rows": 1,
        "Actual Loops": 1,
        "Output": [
            "count(*)"
        ],
        "Plans": [
            {
                "Node Type": "Gather",
                "Parent Relationship": "Outer",
                "Parallel Aware": false,
                "Startup Cost": 582264.13,
                "Total Cost": 582264.64,
                "Plan Rows": 5,
                "Plan Width": 8,
                "Actual Startup Time": 4222.299,
                "Actual Total Time": 4362.538,
                "Actual Rows": 6,
                "Actual Loops": 1,
                "Output": [
                    "(PARTIAL count(*))"
                ],
                "Workers Planned": 5,
                "Workers Launched": 5,
                "Single Copy": false,
                "Plans": [
                    {
                        "Node Type": "Aggregate",
                        "Strategy": "Plain",
                        "Partial Mode": "Partial",
                        "Parent Relationship": "Outer",
                        "Parallel Aware": false,
                        "Startup Cost": 581264.13,
                        "Total Cost": 581264.14,
                        "Plan Rows": 1,
                        "Plan Width": 8,
                        "Actual Startup Time": 4202.196,
                        "Actual Total Time": 4202.201,
                        "Actual Rows": 1,
                        "Actual Loops": 6,
                        "Output": [
                            "PARTIAL count(*)"
                        ],
                        "Workers": [
                            {
                                "Worker Number": 0,
                                "Actual Startup Time": 4197.804,
                                "Actual Total Time": 4197.809,
                                "Actual Rows": 1,
                                "Actual Loops": 1
                            },
                            {
                                "Worker Number": 1,
                                "Actual Startup Time": 4197.852,
                                "Actual Total Time": 4197.858,
                                "Actual Rows": 1,
                                "Actual Loops": 1
                            },
                            {
                                "Worker Number": 2,
                                "Actual Startup Time": 4197.853,
                                "Actual Total Time": 4197.858,
                                "Actual Rows": 1,
                                "Actual Loops": 1
                            },
                            {
                                "Worker Number": 3,
                                "Actual Startup Time": 4200.029,
                                "Actual Total Time": 4200.033,
                                "Actual Rows": 1,
                                "Actual Loops": 1
                            },
                            {
                                "Worker Number": 4,
                                "Actual Startup Time": 4198.214,
                                "Actual Total Time": 4198.218,
                                "Actual Rows": 1,
                                "Actual Loops": 1
                            }
                        ],
                        "Plans": [
                            {
                                "Node Type": "Nested Loop",
                                "Parent Relationship": "Outer",
                                "Parallel Aware": false,
                                "Join Type": "Inner",
                                "Startup Cost": 50220.37,
                                "Total Cost": 577674.71,
                                "Plan Rows": 1435770,
                                "Plan Width": 0,
                                "Actual Startup Time": 387.25,
                                "Actual Total Time": 4119.438,
                                "Actual Rows": 1771831,
                                "Actual Loops": 6,
                                "Inner Unique": false,
                                "Workers": [
                                    {
                                        "Worker Number": 0,
                                        "Actual Startup Time": 383.556,
                                        "Actual Total Time": 4098.994,
                                        "Actual Rows": 1521960,
                                        "Actual Loops": 1
                                    },
                                    {
                                        "Worker Number": 1,
                                        "Actual Startup Time": 383.231,
                                        "Actual Total Time": 4124.625,
                                        "Actual Rows": 1678474,
                                        "Actual Loops": 1
                                    },
                                    {
                                        "Worker Number": 2,
                                        "Actual Startup Time": 383.182,
                                        "Actual Total Time": 4126.061,
                                        "Actual Rows": 1616686,
                                        "Actual Loops": 1
                                    },
                                    {
                                        "Worker Number": 3,
                                        "Actual Startup Time": 383.278,
                                        "Actual Total Time": 4126.553,
                                        "Actual Rows": 1682085,
                                        "Actual Loops": 1
                                    },
                                    {
                                        "Worker Number": 4,
                                        "Actual Startup Time": 383.544,
                                        "Actual Total Time": 4113.292,
                                        "Actual Rows": 1957534,
                                        "Actual Loops": 1
                                    }
                                ],
                                "Plans": [
                                    {
                                        "Node Type": "Hash Join",
                                        "Parent Relationship": "Outer",
                                        "Parallel Aware": true,
                                        "Join Type": "Inner",
                                        "Startup Cost": 50219.81,
                                        "Total Cost": 249493.8,
                                        "Plan Rows": 149814,
                                        "Plan Width": 8,
                                        "Actual Startup Time": 387.096,
                                        "Actual Total Time": 752.505,
                                        "Actual Rows": 133690,
                                        "Actual Loops": 6,
                                        "Output": [
                                            "t.id",
                                            "mi.movie_id"
                                        ],
                                        "Inner Unique": true,
                                        "Hash Cond": "(mi.movie_id = t.id)",
                                        "Workers": [
                                            {
                                                "Worker Number": 0,
                                                "Actual Startup Time": 383.065,
                                                "Actual Total Time": 748.974,
                                                "Actual Rows": 115802,
                                                "Actual Loops": 1
                                            },
                                            {
                                                "Worker Number": 1,
                                                "Actual Startup Time": 383.11,
                                                "Actual Total Time": 745.072,
                                                "Actual Rows": 126441,
                                                "Actual Loops": 1
                                            },
                                            {
                                                "Worker Number": 2,
                                                "Actual Startup Time": 383.118,
                                                "Actual Total Time": 746.843,
                                                "Actual Rows": 123053,
                                                "Actual Loops": 1
                                            },
                                            {
                                                "Worker Number": 3,
                                                "Actual Startup Time": 383.146,
                                                "Actual Total Time": 746.762,
                                                "Actual Rows": 125101,
                                                "Actual Loops": 1
                                            },
                                            {
                                                "Worker Number": 4,
                                                "Actual Startup Time": 383.468,
                                                "Actual Total Time": 748.851,
                                                "Actual Rows": 147178,
                                                "Actual Loops": 1
                                            }
                                        ],
                                        "Plans": [
                                            {
                                                "Node Type": "Seq Scan",
                                                "Parent Relationship": "Outer",
                                                "Parallel Aware": true,
                                                "Relation Name": "movie_info",
                                                "Schema": "public",
                                                "Alias": "mi",
                                                "Startup Cost": 0.0,
                                                "Total Cost": 198880.74,
                                                "Plan Rows": 149814,
                                                "Plan Width": 4,
                                                "Actual Startup Time": 28.949,
                                                "Actual Total Time": 293.736,
                                                "Actual Rows": 133690,
                                                "Actual Loops": 6,
                                                "Output": [
                                                    "mi.id",
                                                    "mi.movie_id",
                                                    "mi.info_type_id",
                                                    "mi.info",
                                                    "mi.note"
                                                ],
                                                "Filter": "(mi.info_type_id < 2)",
                                                "Rows Removed by Filter": 2338930,
                                                "Workers": [
                                                    {
                                                        "Worker Number": 0,
                                                        "Actual Startup Time": 28.975,
                                                        "Actual Total Time": 297.786,
                                                        "Actual Rows": 115802,
                                                        "Actual Loops": 1
                                                    },
                                                    {
                                                        "Worker Number": 1,
                                                        "Actual Startup Time": 28.955,
                                                        "Actual Total Time": 292.628,
                                                        "Actual Rows": 126441,
                                                        "Actual Loops": 1
                                                    },
                                                    {
                                                        "Worker Number": 2,
                                                        "Actual Startup Time": 28.979,
                                                        "Actual Total Time": 292.712,
                                                        "Actual Rows": 123053,
                                                        "Actual Loops": 1
                                                    },
                                                    {
                                                        "Worker Number": 3,
                                                        "Actual Startup Time": 28.945,
                                                        "Actual Total Time": 291.983,
                                                        "Actual Rows": 125101,
                                                        "Actual Loops": 1
                                                    },
                                                    {
                                                        "Worker Number": 4,
                                                        "Actual Startup Time": 28.867,
                                                        "Actual Total Time": 295.986,
                                                        "Actual Rows": 147178,
                                                        "Actual Loops": 1
                                                    }
                                                ]
                                            },
                                            {
                                                "Node Type": "Hash",
                                                "Parent Relationship": "Inner",
                                                "Parallel Aware": true,
                                                "Startup Cost": 42318.81,
                                                "Total Cost": 42318.81,
                                                "Plan Rows": 632080,
                                                "Plan Width": 4,
                                                "Actual Startup Time": 350.72,
                                                "Actual Total Time": 350.721,
                                                "Actual Rows": 421385,
                                                "Actual Loops": 6,
                                                "Output": [
                                                    "t.id"
                                                ],
                                                "Hash Buckets": 4194304,
                                                "Original Hash Buckets": 4194304,
                                                "Hash Batches": 1,
                                                "Original Hash Batches": 1,
                                                "Peak Memory Usage": 131776,
                                                "Workers": [
                                                    {
                                                        "Worker Number": 0,
                                                        "Actual Startup Time": 353.687,
                                                        "Actual Total Time": 353.688,
                                                        "Actual Rows": 349696,
                                                        "Actual Loops": 1
                                                    },
                                                    {
                                                        "Worker Number": 1,
                                                        "Actual Startup Time": 353.739,
                                                        "Actual Total Time": 353.741,
                                                        "Actual Rows": 412534,
                                                        "Actual Loops": 1
                                                    },
                                                    {
                                                        "Worker Number": 2,
                                                        "Actual Startup Time": 353.748,
                                                        "Actual Total Time": 353.75,
                                                        "Actual Rows": 392106,
                                                        "Actual Loops": 1
                                                    },
                                                    {
                                                        "Worker Number": 3,
                                                        "Actual Startup Time": 353.771,
                                                        "Actual Total Time": 353.772,
                                                        "Actual Rows": 389883,
                                                        "Actual Loops": 1
                                                    },
                                                    {
                                                        "Worker Number": 4,
                                                        "Actual Startup Time": 354.068,
                                                        "Actual Total Time": 354.069,
                                                        "Actual Rows": 429806,
                                                        "Actual Loops": 1
                                                    }
                                                ],
                                                "Plans": [
                                                    {
                                                        "Node Type": "Seq Scan",
                                                        "Parent Relationship": "Outer",
                                                        "Parallel Aware": true,
                                                        "Relation Name": "title",
                                                        "Schema": "public",
                                                        "Alias": "t",
                                                        "Startup Cost": 0.0,
                                                        "Total Cost": 42318.81,
                                                        "Plan Rows": 632080,
                                                        "Plan Width": 4,
                                                        "Actual Startup Time": 0.059,
                                                        "Actual Total Time": 85.235,
                                                        "Actual Rows": 421385,
                                                        "Actual Loops": 6,
                                                        "Output": [
                                                            "t.id"
                                                        ],
                                                        "Workers": [
                                                            {
                                                                "Worker Number": 0,
                                                                "Actual Startup Time": 0.066,
                                                                "Actual Total Time": 91.344,
                                                                "Actual Rows": 349696,
                                                                "Actual Loops": 1
                                                            },
                                                            {
                                                                "Worker Number": 1,
                                                                "Actual Startup Time": 0.072,
                                                                "Actual Total Time": 86.795,
                                                                "Actual Rows": 412534,
                                                                "Actual Loops": 1
                                                            },
                                                            {
                                                                "Worker Number": 2,
                                                                "Actual Startup Time": 0.074,
                                                                "Actual Total Time": 87.059,
                                                                "Actual Rows": 392106,
                                                                "Actual Loops": 1
                                                            },
                                                            {
                                                                "Worker Number": 3,
                                                                "Actual Startup Time": 0.059,
                                                                "Actual Total Time": 87.385,
                                                                "Actual Rows": 389883,
                                                                "Actual Loops": 1
                                                            },
                                                            {
                                                                "Worker Number": 4,
                                                                "Actual Startup Time": 0.07,
                                                                "Actual Total Time": 88.303,
                                                                "Actual Rows": 429806,
                                                                "Actual Loops": 1
                                                            }
                                                        ]
                                                    }
                                                ]
                                            }
                                        ]
                                    },
                                    {
                                        "Node Type": "Index Scan",
                                        "Parent Relationship": "Inner",
                                        "Parallel Aware": false,
                                        "Scan Direction": "Forward",
                                        "Index Name": "movie_id_cast_info",
                                        "Relation Name": "cast_info",
                                        "Schema": "public",
                                        "Alias": "ci",
                                        "Startup Cost": 0.56,
                                        "Total Cost": 1.93,
                                        "Plan Rows": 26,
                                        "Plan Width": 4,
                                        "Actual Startup Time": 0.009,
                                        "Actual Total Time": 0.024,
                                        "Actual Rows": 13,
                                        "Actual Loops": 802140,
                                        "Output": [
                                            "ci.id",
                                            "ci.person_id",
                                            "ci.movie_id",
                                            "ci.person_role_id",
                                            "ci.note",
                                            "ci.nr_order",
                                            "ci.role_id"
                                        ],
                                        "Index Cond": "(ci.movie_id = t.id)",
                                        "Rows Removed by Index Recheck": 0,
                                        "Filter": "(ci.person_id > 1188672)",
                                        "Rows Removed by Filter": 7,
                                        "Workers": [
                                            {
                                                "Worker Number": 0,
                                                "Actual Startup Time": 0.01,
                                                "Actual Total Time": 0.027,
                                                "Actual Rows": 13,
                                                "Actual Loops": 115802
                                            },
                                            {
                                                "Worker Number": 1,
                                                "Actual Startup Time": 0.009,
                                                "Actual Total Time": 0.026,
                                                "Actual Rows": 13,
                                                "Actual Loops": 126441
                                            },
                                            {
                                                "Worker Number": 2,
                                                "Actual Startup Time": 0.01,
                                                "Actual Total Time": 0.026,
                                                "Actual Rows": 13,
                                                "Actual Loops": 123053
                                            },
                                            {
                                                "Worker Number": 3,
                                                "Actual Startup Time": 0.009,
                                                "Actual Total Time": 0.026,
                                                "Actual Rows": 13,
                                                "Actual Loops": 125101
                                            },
                                            {
                                                "Worker Number": 4,
                                                "Actual Startup Time": 0.008,
                                                "Actual Total Time": 0.022,
                                                "Actual Rows": 13,
                                                "Actual Loops": 147178
                                            }
                                        ]
                                    }
                                ]
                            }
                        ]
                    }
                ]
            }
        ]
    },
    "Planning Time": 1.58,
    "Triggers": [],
    "Execution Time": 4362.66
}