{
  "Plan": {
    "Node Type": "Aggregate",
    "Strategy": "Plain",
    "Partial Mode": "Finalize",
    "Parallel Aware": false,
    "Startup Cost": 344383.55,
    "Total Cost": 344383.56,
    "Plan Rows": 1,
    "Plan Width": 8,
    "Actual Startup Time": 3028.223,
    "Actual Total Time": 3111.685,
    "Actual Rows": 1,
    "Actual Loops": 1,
    "Plans": [
      {
        "Node Type": "Gather",
        "Parent Relationship": "Outer",
        "Parallel Aware": false,
        "Startup Cost": 344383.43,
        "Total Cost": 344383.54,
        "Plan Rows": 1,
        "Plan Width": 8,
        "Actual Startup Time": 3025.487,
        "Actual Total Time": 3111.674,
        "Actual Rows": 2,
        "Actual Loops": 1,
        "Workers Planned": 1,
        "Workers Launched": 1,
        "Single Copy": false,
        "Plans": [
          {
            "Node Type": "Aggregate",
            "Strategy": "Plain",
            "Partial Mode": "Partial",
            "Parent Relationship": "Outer",
            "Parallel Aware": false,
            "Startup Cost": 343383.43,
            "Total Cost": 343383.44,
            "Plan Rows": 1,
            "Plan Width": 8,
            "Actual Startup Time": 3020.209,
            "Actual Total Time": 3020.213,
            "Actual Rows": 1,
            "Actual Loops": 2,
            "Plans": [
              {
                "Node Type": "Nested Loop",
                "Parent Relationship": "Outer",
                "Parallel Aware": false,
                "Join Type": "Inner",
                "Startup Cost": 62455.28,
                "Total Cost": 341215.91,
                "Plan Rows": 867008,
                "Plan Width": 0,
                "Actual Startup Time": 220.547,
                "Actual Total Time": 2925.974,
                "Actual Rows": 2127402,
                "Actual Loops": 2,
                "Inner Unique": false,
                "Plans": [
                  {
                    "Node Type": "Hash Join",
                    "Parent Relationship": "Outer",
                    "Parallel Aware": true,
                    "Join Type": "Inner",
                    "Startup Cost": 62454.72,
                    "Total Cost": 81248.84,
                    "Plan Rows": 60507,
                    "Plan Width": 8,
                    "Actual Startup Time": 220.478,
                    "Actual Total Time": 370.685,
                    "Actual Rows": 76800,
                    "Actual Loops": 2,
                    "Inner Unique": true,
                    "Hash Cond": "(mi_idx.movie_id = t.id)",
                    "Plans": [
                      {
                        "Node Type": "Seq Scan",
                        "Parent Relationship": "Outer",
                        "Parallel Aware": true,
                        "Relation Name": "movie_info_idx",
                        "Alias": "mi_idx",
                        "Startup Cost": 0.0,
                        "Total Cost": 18082.32,
                        "Plan Rows": 271164,
                        "Plan Width": 4,
                        "Actual Startup Time": 0.02,
                        "Actual Total Time": 56.303,
                        "Actual Rows": 230092,
                        "Actual Loops": 2,
                        "Filter": "(info_type_id > 100)",
                        "Rows Removed by Filter": 459925
                      },
                      {
                        "Node Type": "Hash",
                        "Parent Relationship": "Inner",
                        "Parallel Aware": true,
                        "Startup Cost": 58306.47,
                        "Total Cost": 58306.47,
                        "Plan Rows": 331860,
                        "Plan Width": 4,
                        "Actual Startup Time": 211.134,
                        "Actual Total Time": 211.134,
                        "Actual Rows": 238584,
                        "Actual Loops": 2,
                        "Hash Buckets": 1048576,
                        "Original Hash Buckets": 1048576,
                        "Hash Batches": 1,
                        "Original Hash Batches": 1,
                        "Peak Memory Usage": 26880,
                        "Plans": [
                          {
                            "Node Type": "Seq Scan",
                            "Parent Relationship": "Outer",
                            "Parallel Aware": true,
                            "Relation Name": "title",
                            "Alias": "t",
                            "Startup Cost": 0.0,
                            "Total Cost": 58306.47,
                            "Plan Rows": 331860,
                            "Plan Width": 4,
                            "Actual Startup Time": 0.081,
                            "Actual Total Time": 148.54,
                            "Actual Rows": 238584,
                            "Actual Loops": 2,
                            "Filter": "((kind_id < 7) AND (production_year > 1999))",
                            "Rows Removed by Filter": 1025572
                          }
                        ]
                      }
                    ]
                  },
                  {
                    "Node Type": "Index Only Scan",
                    "Parent Relationship": "Inner",
                    "Parallel Aware": false,
                    "Scan Direction": "Forward",
                    "Index Name": "movie_id_cast_info",
                    "Relation Name": "cast_info",
                    "Alias": "ci",
                    "Startup Cost": 0.56,
                    "Total Cost": 3.93,
                    "Plan Rows": 37,
                    "Plan Width": 4,
                    "Actual Startup Time": 0.004,
                    "Actual Total Time": 0.031,
                    "Actual Rows": 28,
                    "Actual Loops": 153600,
                    "Index Cond": "(movie_id = t.id)",
                    "Rows Removed by Index Recheck": 0,
                    "Heap Fetches": 4254803
                  }
                ]
              }
            ]
          }
        ]
      }
    ]
  },
  "Planning Time": 1.016,
  "Triggers": [],
  "Execution Time": 3111.793
}