{
  "Plan": {
    "Node Type": "Aggregate",
    "Strategy": "Plain",
    "Partial Mode": "Finalize",
    "Parallel Aware": false,
    "Startup Cost": 97293.93,
    "Total Cost": 97293.94,
    "Plan Rows": 1,
    "Plan Width": 8,
    "Actual Startup Time": 384.333,
    "Actual Total Time": 392.934,
    "Actual Rows": 1,
    "Actual Loops": 1,
    "Plans": [
      {
        "Node Type": "Gather",
        "Parent Relationship": "Outer",
        "Parallel Aware": false,
        "Startup Cost": 97293.82,
        "Total Cost": 97293.93,
        "Plan Rows": 1,
        "Plan Width": 8,
        "Actual Startup Time": 383.477,
        "Actual Total Time": 392.927,
        "Actual Rows": 2,
        "Actual Loops": 1,
        "Workers Planned": 1,
        "Workers Launched": 1,
        "Single Copy": false,
        "Plans": [
          {
            "Node Type": "Aggregate",
            "Strategy": "Plain",
            "Partial Mode": "Partial",
            "Parent Relationship": "Outer",
            "Parallel Aware": false,
            "Startup Cost": 96293.82,
            "Total Cost": 96293.83,
            "Plan Rows": 1,
            "Plan Width": 8,
            "Actual Startup Time": 379.544,
            "Actual Total Time": 379.548,
            "Actual Rows": 1,
            "Actual Loops": 2,
            "Plans": [
              {
                "Node Type": "Hash Join",
                "Parent Relationship": "Outer",
                "Parallel Aware": true,
                "Join Type": "Inner",
                "Startup Cost": 56034.2,
                "Total Cost": 96054.53,
                "Plan Rows": 95716,
                "Plan Width": 0,
                "Actual Startup Time": 260.104,
                "Actual Total Time": 371.685,
                "Actual Rows": 195062,
                "Actual Loops": 2,
                "Inner Unique": true,
                "Hash Cond": "(mc.movie_id = t.id)",
                "Plans": [
                  {
                    "Node Type": "Seq Scan",
                    "Parent Relationship": "Outer",
                    "Parallel Aware": true,
                    "Relation Name": "movie_companies",
                    "Alias": "mc",
                    "Startup Cost": 0.0,
                    "Total Cost": 37974.77,
                    "Plan Rows": 779260,
                    "Plan Width": 4,
                    "Actual Startup Time": 46.076,
                    "Actual Total Time": 109.641,
                    "Actual Rows": 667442,
                    "Actual Loops": 2,
                    "Filter": "(company_type_id > 1)",
                    "Rows Removed by Filter": 637123
                  },
                  {
                    "Node Type": "Hash",
                    "Parent Relationship": "Inner",
                    "Parallel Aware": true,
                    "Startup Cost": 53750.75,
                    "Total Cost": 53750.75,
                    "Plan Rows": 182676,
                    "Plan Width": 4,
                    "Actual Startup Time": 146.809,
                    "Actual Total Time": 146.81,
                    "Actual Rows": 200370,
                    "Actual Loops": 2,
                    "Hash Buckets": 524288,
                    "Original Hash Buckets": 524288,
                    "Hash Batches": 1,
                    "Original Hash Batches": 1,
                    "Peak Memory Usage": 19808,
                    "Plans": [
                      {
                        "Node Type": "Bitmap Heap Scan",
                        "Parent Relationship": "Outer",
                        "Parallel Aware": true,
                        "Relation Name": "title",
                        "Alias": "t",
                        "Startup Cost": 11900.49,
                        "Total Cost": 53750.75,
                        "Plan Rows": 182676,
                        "Plan Width": 4,
                        "Actual Startup Time": 36.56,
                        "Actual Total Time": 102.01,
                        "Actual Rows": 200370,
                        "Actual Loops": 2,
                        "Recheck Cond": "(kind_id = 1)",
                        "Rows Removed by Index Recheck": 0,
                        "Filter": "(production_year < 2003)",
                        "Rows Removed by Filter": 131042,
                        "Exact Heap Blocks": 8026,
                        "Lossy Heap Blocks": 0,
                        "Plans": [
                          {
                            "Node Type": "Bitmap Index Scan",
                            "Parent Relationship": "Outer",
                            "Parallel Aware": false,
                            "Index Name": "kind_id_title",
                            "Startup Cost": 0.0,
                            "Total Cost": 11822.85,
                            "Plan Rows": 663256,
                            "Plan Width": 0,
                            "Actual Startup Time": 34.659,
                            "Actual Total Time": 34.66,
                            "Actual Rows": 662825,
                            "Actual Loops": 1,
                            "Index Cond": "(kind_id = 1)"
                          }
                        ]
                      }
                    ]
                  }
                ]
              }
            ]
          }
        ]
      }
    ]
  },
  "Planning Time": 0.64,
  "Triggers": [],
  "Execution Time": 393.023
}