[
    {
        "Bao": {
            "Bao prediction": "NaN",
            "Bao recommended hint": "(no hint)"
        }
    },
    {
        "Plan": {
            "Node Type": "Aggregate",
            "Strategy": "Plain",
            "Partial Mode": "Finalize",
            "Parallel Aware": false,
            "Startup Cost": 34548.76,
            "Total Cost": 34548.77,
            "Plan Rows": 1,
            "Plan Width": 8,
            "Actual Startup Time": 99.424,
            "Actual Total Time": 104.884,
            "Actual Rows": 1,
            "Actual Loops": 1,
            "Output": [
                "count(*)"
            ],
            "Plans": [
                {
                    "Node Type": "Gather",
                    "Parent Relationship": "Outer",
                    "Parallel Aware": false,
                    "Startup Cost": 34548.45,
                    "Total Cost": 34548.76,
                    "Plan Rows": 3,
                    "Plan Width": 8,
                    "Actual Startup Time": 99.153,
                    "Actual Total Time": 104.877,
                    "Actual Rows": 4,
                    "Actual Loops": 1,
                    "Output": [
                        "(PARTIAL count(*))"
                    ],
                    "Workers Planned": 3,
                    "Workers Launched": 3,
                    "Single Copy": false,
                    "Plans": [
                        {
                            "Node Type": "Aggregate",
                            "Strategy": "Plain",
                            "Partial Mode": "Partial",
                            "Parent Relationship": "Outer",
                            "Parallel Aware": false,
                            "Startup Cost": 33548.45,
                            "Total Cost": 33548.46,
                            "Plan Rows": 1,
                            "Plan Width": 8,
                            "Actual Startup Time": 90.726,
                            "Actual Total Time": 90.73,
                            "Actual Rows": 1,
                            "Actual Loops": 4,
                            "Output": [
                                "PARTIAL count(*)"
                            ],
                            "Workers": [
                                {
                                    "Worker Number": 0,
                                    "Actual Startup Time": 87.913,
                                    "Actual Total Time": 87.914,
                                    "Actual Rows": 1,
                                    "Actual Loops": 1
                                },
                                {
                                    "Worker Number": 1,
                                    "Actual Startup Time": 88.058,
                                    "Actual Total Time": 88.068,
                                    "Actual Rows": 1,
                                    "Actual Loops": 1
                                },
                                {
                                    "Worker Number": 2,
                                    "Actual Startup Time": 88.061,
                                    "Actual Total Time": 88.062,
                                    "Actual Rows": 1,
                                    "Actual Loops": 1
                                }
                            ],
                            "Plans": [
                                {
                                    "Node Type": "Bitmap Heap Scan",
                                    "Parent Relationship": "Outer",
                                    "Parallel Aware": true,
                                    "Relation Name": "movie_keyword",
                                    "Schema": "public",
                                    "Alias": "mk",
                                    "Startup Cost": 7405.52,
                                    "Total Cost": 33266.96,
                                    "Plan Rows": 112595,
                                    "Plan Width": 0,
                                    "Actual Startup Time": 18.193,
                                    "Actual Total Time": 85.06,
                                    "Actual Rows": 88495,
                                    "Actual Loops": 4,
                                    "Recheck Cond": "(mk.keyword_id < 315)",
                                    "Rows Removed by Index Recheck": 0,
                                    "Exact Heap Blocks": 11732,
                                    "Lossy Heap Blocks": 0,
                                    "Workers": [
                                        {
                                            "Worker Number": 0,
                                            "Actual Startup Time": 15.631,
                                            "Actual Total Time": 82.835,
                                            "Actual Rows": 72164,
                                            "Actual Loops": 1
                                        },
                                        {
                                            "Worker Number": 1,
                                            "Actual Startup Time": 15.572,
                                            "Actual Total Time": 82.965,
                                            "Actual Rows": 52934,
                                            "Actual Loops": 1
                                        },
                                        {
                                            "Worker Number": 2,
                                            "Actual Startup Time": 15.542,
                                            "Actual Total Time": 82.901,
                                            "Actual Rows": 53723,
                                            "Actual Loops": 1
                                        }
                                    ],
                                    "Plans": [
                                        {
                                            "Node Type": "Bitmap Index Scan",
                                            "Parent Relationship": "Outer",
                                            "Parallel Aware": false,
                                            "Index Name": "keyword_id_movie_keyword",
                                            "Startup Cost": 0.0,
                                            "Total Cost": 7318.26,
                                            "Plan Rows": 349044,
                                            "Plan Width": 0,
                                            "Actual Startup Time": 22.47,
                                            "Actual Total Time": 22.47,
                                            "Actual Rows": 353979,
                                            "Actual Loops": 1,
                                            "Index Cond": "(mk.keyword_id < 315)"
                                        }
                                    ]
                                }
                            ]
                        }
                    ]
                }
            ]
        },
        "Planning Time": 209.894,
        "Triggers": [],
        "Execution Time": 104.943
    }
]