{
  "Plan": {
    "Node Type": "Aggregate",
    "Strategy": "Plain",
    "Partial Mode": "Finalize",
    "Parallel Aware": false,
    "Startup Cost": 165758.63,
    "Total Cost": 165758.64,
    "Plan Rows": 1,
    "Plan Width": 8,
    "Actual Startup Time": 695.267,
    "Actual Total Time": 712.078,
    "Actual Rows": 1,
    "Actual Loops": 1,
    "Plans": [
      {
        "Node Type": "Gather",
        "Parent Relationship": "Outer",
        "Parallel Aware": false,
        "Startup Cost": 165758.52,
        "Total Cost": 165758.63,
        "Plan Rows": 1,
        "Plan Width": 8,
        "Actual Startup Time": 694.693,
        "Actual Total Time": 712.07,
        "Actual Rows": 2,
        "Actual Loops": 1,
        "Workers Planned": 1,
        "Workers Launched": 1,
        "Single Copy": false,
        "Plans": [
          {
            "Node Type": "Aggregate",
            "Strategy": "Plain",
            "Partial Mode": "Partial",
            "Parent Relationship": "Outer",
            "Parallel Aware": false,
            "Startup Cost": 164758.52,
            "Total Cost": 164758.53,
            "Plan Rows": 1,
            "Plan Width": 8,
            "Actual Startup Time": 688.962,
            "Actual Total Time": 688.967,
            "Actual Rows": 1,
            "Actual Loops": 2,
            "Plans": [
              {
                "Node Type": "Hash Join",
                "Parent Relationship": "Outer",
                "Parallel Aware": true,
                "Join Type": "Inner",
                "Startup Cost": 99476.96,
                "Total Cost": 164408.88,
                "Plan Rows": 139856,
                "Plan Width": 0,
                "Actual Startup Time": 400.779,
                "Actual Total Time": 687.108,
                "Actual Rows": 45846,
                "Actual Loops": 2,
                "Inner Unique": false,
                "Hash Cond": "(mk.movie_id = t.id)",
                "Plans": [
                  {
                    "Node Type": "Seq Scan",
                    "Parent Relationship": "Outer",
                    "Parallel Aware": true,
                    "Relation Name": "movie_keyword",
                    "Alias": "mk",
                    "Startup Cost": 0.0,
                    "Total Cost": 57718.19,
                    "Plan Rows": 1704278,
                    "Plan Width": 4,
                    "Actual Startup Time": 0.202,
                    "Actual Total Time": 186.642,
                    "Actual Rows": 1441516,
                    "Actual Loops": 2,
                    "Filter": "(keyword_id > 2488)",
                    "Rows Removed by Filter": 820450
                  },
                  {
                    "Node Type": "Hash",
                    "Parent Relationship": "Inner",
                    "Parallel Aware": true,
                    "Startup Cost": 97951.4,
                    "Total Cost": 97951.4,
                    "Plan Rows": 122045,
                    "Plan Width": 8,
                    "Actual Startup Time": 396.513,
                    "Actual Total Time": 396.517,
                    "Actual Rows": 56286,
                    "Actual Loops": 2,
                    "Hash Buckets": 262144,
                    "Original Hash Buckets": 262144,
                    "Hash Batches": 1,
                    "Original Hash Batches": 1,
                    "Peak Memory Usage": 6464,
                    "Plans": [
                      {
                        "Node Type": "Hash Join",
                        "Parent Relationship": "Outer",
                        "Parallel Aware": true,
                        "Join Type": "Inner",
                        "Startup Cost": 59784.77,
                        "Total Cost": 97951.4,
                        "Plan Rows": 122045,
                        "Plan Width": 8,
                        "Actual Startup Time": 155.439,
                        "Actual Total Time": 380.657,
                        "Actual Rows": 56286,
                        "Actual Loops": 2,
                        "Inner Unique": true,
                        "Hash Cond": "(mc.movie_id = t.id)",
                        "Plans": [
                          {
                            "Node Type": "Seq Scan",
                            "Parent Relationship": "Outer",
                            "Parallel Aware": true,
                            "Relation Name": "movie_companies",
                            "Alias": "mc",
                            "Startup Cost": 0.0,
                            "Total Cost": 34137.82,
                            "Plan Rows": 1534782,
                            "Plan Width": 4,
                            "Actual Startup Time": 0.012,
                            "Actual Total Time": 95.702,
                            "Actual Rows": 1304564,
                            "Actual Loops": 2
                          },
                          {
                            "Node Type": "Hash",
                            "Parent Relationship": "Inner",
                            "Parallel Aware": true,
                            "Startup Cost": 58306.47,
                            "Total Cost": 58306.47,
                            "Plan Rows": 118264,
                            "Plan Width": 4,
                            "Actual Startup Time": 153.278,
                            "Actual Total Time": 153.279,
                            "Actual Rows": 41374,
                            "Actual Loops": 2,
                            "Hash Buckets": 262144,
                            "Original Hash Buckets": 262144,
                            "Hash Batches": 1,
                            "Original Hash Batches": 1,
                            "Peak Memory Usage": 5312,
                            "Plans": [
                              {
                                "Node Type": "Seq Scan",
                                "Parent Relationship": "Outer",
                                "Parallel Aware": true,
                                "Relation Name": "title",
                                "Alias": "t",
                                "Startup Cost": 0.0,
                                "Total Cost": 58306.47,
                                "Plan Rows": 118264,
                                "Plan Width": 4,
                                "Actual Startup Time": 0.034,
                                "Actual Total Time": 139.155,
                                "Actual Rows": 41374,
                                "Actual Loops": 2,
                                "Filter": "((kind_id > 1) AND (production_year < 1964))",
                                "Rows Removed by Filter": 1222782
                              }
                            ]
                          }
                        ]
                      }
                    ]
                  }
                ]
              }
            ]
          }
        ]
      }
    ]
  },
  "Planning Time": 0.975,
  "Triggers": [],
  "Execution Time": 712.161
}