[
  {
    "Plan": {
      "Node Type": "Aggregate",
      "Strategy": "Plain",
      "Partial Mode": "Finalize",
      "Parallel Aware": false,
      "Startup Cost": 25603.97,
      "Total Cost": 25603.98,
      "Plan Rows": 1,
      "Plan Width": 8,
      "Actual Startup Time": 39.651,
      "Actual Total Time": 42.26,
      "Actual Rows": 1,
      "Actual Loops": 1,
      "Plans": [
        {
          "Node Type": "Gather",
          "Parent Relationship": "Outer",
          "Parallel Aware": false,
          "Startup Cost": 25603.65,
          "Total Cost": 25603.96,
          "Plan Rows": 3,
          "Plan Width": 8,
          "Actual Startup Time": 39.476,
          "Actual Total Time": 42.255,
          "Actual Rows": 4,
          "Actual Loops": 1,
          "Workers Planned": 3,
          "Workers Launched": 3,
          "Single Copy": false,
          "Plans": [
            {
              "Node Type": "Aggregate",
              "Strategy": "Plain",
              "Partial Mode": "Partial",
              "Parent Relationship": "Outer",
              "Parallel Aware": false,
              "Startup Cost": 24603.65,
              "Total Cost": 24603.66,
              "Plan Rows": 1,
              "Plan Width": 8,
              "Actual Startup Time": 34.66,
              "Actual Total Time": 34.661,
              "Actual Rows": 1,
              "Actual Loops": 4,
              "Plans": [
                {
                  "Node Type": "Bitmap Heap Scan",
                  "Parent Relationship": "Outer",
                  "Parallel Aware": true,
                  "Relation Name": "movie_companies",
                  "Alias": "mc",
                  "Startup Cost": 4752.32,
                  "Total Cost": 24426.76,
                  "Plan Rows": 70755,
                  "Plan Width": 0,
                  "Actual Startup Time": 11.224,
                  "Actual Total Time": 31.591,
                  "Actual Rows": 54241,
                  "Actual Loops": 4,
                  "Recheck Cond": "(company_id > 108753)",
                  "Rows Removed by Index Recheck": 0,
                  "Exact Heap Blocks": 1854,
                  "Lossy Heap Blocks": 0,
                  "Plans": [
                    {
                      "Node Type": "Bitmap Index Scan",
                      "Parent Relationship": "Outer",
                      "Parallel Aware": false,
                      "Index Name": "company_id_movie_companies",
                      "Startup Cost": 0.0,
                      "Total Cost": 4697.49,
                      "Plan Rows": 219341,
                      "Plan Width": 0,
                      "Actual Startup Time": 14.487,
                      "Actual Total Time": 14.487,
                      "Actual Rows": 216964,
                      "Actual Loops": 1,
                      "Index Cond": "(company_id > 108753)"
                    }
                  ]
                }
              ]
            }
          ]
        }
      ]
    },
    "Planning Time": 0.105,
    "Triggers": [],
    "Execution Time": 42.299
  }
]