[
  {
    "Plan": {
      "Node Type": "Aggregate",
      "Strategy": "Plain",
      "Partial Mode": "Finalize",
      "Parallel Aware": false,
      "Startup Cost": 44509.43,
      "Total Cost": 44509.44,
      "Plan Rows": 1,
      "Plan Width": 8,
      "Actual Startup Time": 120.501,
      "Actual Total Time": 129.926,
      "Actual Rows": 1,
      "Actual Loops": 1,
      "Plans": [
        {
          "Node Type": "Gather",
          "Parent Relationship": "Outer",
          "Parallel Aware": false,
          "Startup Cost": 44509.11,
          "Total Cost": 44509.42,
          "Plan Rows": 3,
          "Plan Width": 8,
          "Actual Startup Time": 120.39,
          "Actual Total Time": 129.917,
          "Actual Rows": 4,
          "Actual Loops": 1,
          "Workers Planned": 3,
          "Workers Launched": 3,
          "Single Copy": false,
          "Plans": [
            {
              "Node Type": "Aggregate",
              "Strategy": "Plain",
              "Partial Mode": "Partial",
              "Parent Relationship": "Outer",
              "Parallel Aware": false,
              "Startup Cost": 43509.11,
              "Total Cost": 43509.12,
              "Plan Rows": 1,
              "Plan Width": 8,
              "Actual Startup Time": 114.24,
              "Actual Total Time": 114.241,
              "Actual Rows": 1,
              "Actual Loops": 4,
              "Plans": [
                {
                  "Node Type": "Seq Scan",
                  "Parent Relationship": "Outer",
                  "Parallel Aware": true,
                  "Relation Name": "movie_keyword",
                  "Alias": "mk",
                  "Startup Cost": 0.0,
                  "Total Cost": 42695.65,
                  "Plan Rows": 325383,
                  "Plan Width": 0,
                  "Actual Startup Time": 0.062,
                  "Actual Total Time": 101.792,
                  "Actual Rows": 252474,
                  "Actual Loops": 4,
                  "Filter": "(keyword_id < 979)",
                  "Rows Removed by Filter": 878509
                }
              ]
            }
          ]
        }
      ]
    },
    "Planning Time": 0.179,
    "Triggers": [],
    "Execution Time": 129.978
  }
]