[
  {
    "Plan": {
      "Node Type": "Aggregate",
      "Strategy": "Plain",
      "Partial Mode": "Finalize",
      "Parallel Aware": false,
      "Startup Cost": 341471.72,
      "Total Cost": 341471.73,
      "Plan Rows": 1,
      "Plan Width": 8,
      "Actual Startup Time": 982.963,
      "Actual Total Time": 1037.258,
      "Actual Rows": 1,
      "Actual Loops": 1,
      "Plans": [
        {
          "Node Type": "Gather",
          "Parent Relationship": "Outer",
          "Parallel Aware": false,
          "Startup Cost": 341471.09,
          "Total Cost": 341471.7,
          "Plan Rows": 6,
          "Plan Width": 8,
          "Actual Startup Time": 982.806,
          "Actual Total Time": 1037.248,
          "Actual Rows": 7,
          "Actual Loops": 1,
          "Workers Planned": 6,
          "Workers Launched": 6,
          "Single Copy": false,
          "Plans": [
            {
              "Node Type": "Aggregate",
              "Strategy": "Plain",
              "Partial Mode": "Partial",
              "Parent Relationship": "Outer",
              "Parallel Aware": false,
              "Startup Cost": 340471.09,
              "Total Cost": 340471.1,
              "Plan Rows": 1,
              "Plan Width": 8,
              "Actual Startup Time": 974.981,
              "Actual Total Time": 974.983,
              "Actual Rows": 1,
              "Actual Loops": 7,
              "Plans": [
                {
                  "Node Type": "Seq Scan",
                  "Parent Relationship": "Outer",
                  "Parallel Aware": true,
                  "Relation Name": "cast_info",
                  "Alias": "ci",
                  "Startup Cost": 0.0,
                  "Total Cost": 328211.39,
                  "Plan Rows": 4903881,
                  "Plan Width": 0,
                  "Actual Startup Time": 104.688,
                  "Actual Total Time": 737.521,
                  "Actual Rows": 4185347,
                  "Actual Loops": 7,
                  "Filter": "(person_id > 671454)",
                  "Rows Removed by Filter": 992416
                }
              ]
            }
          ]
        }
      ]
    },
    "Planning Time": 0.111,
    "Triggers": [],
    "Execution Time": 1037.309
  }
]