{
    "Plan": {
        "Node Type": "Aggregate",
        "Strategy": "Plain",
        "Partial Mode": "Finalize",
        "Parallel Aware": false,
        "Startup Cost": 64081.85,
        "Total Cost": 64081.86,
        "Plan Rows": 1,
        "Plan Width": 8,
        "Actual Startup Time": 252.013,
        "Actual Total Time": 262.907,
        "Actual Rows": 1,
        "Actual Loops": 1,
        "Output": [
            "count(*)"
        ],
        "Plans": [
            {
                "Node Type": "Gather",
                "Parent Relationship": "Outer",
                "Parallel Aware": false,
                "Startup Cost": 64081.43,
                "Total Cost": 64081.84,
                "Plan Rows": 4,
                "Plan Width": 8,
                "Actual Startup Time": 249.045,
                "Actual Total Time": 262.893,
                "Actual Rows": 5,
                "Actual Loops": 1,
                "Output": [
                    "(PARTIAL count(*))"
                ],
                "Workers Planned": 4,
                "Workers Launched": 4,
                "Single Copy": false,
                "Plans": [
                    {
                        "Node Type": "Aggregate",
                        "Strategy": "Plain",
                        "Partial Mode": "Partial",
                        "Parent Relationship": "Outer",
                        "Parallel Aware": false,
                        "Startup Cost": 63081.43,
                        "Total Cost": 63081.44,
                        "Plan Rows": 1,
                        "Plan Width": 8,
                        "Actual Startup Time": 239.451,
                        "Actual Total Time": 239.455,
                        "Actual Rows": 1,
                        "Actual Loops": 5,
                        "Output": [
                            "PARTIAL count(*)"
                        ],
                        "Workers": [
                            {
                                "Worker Number": 0,
                                "Actual Startup Time": 237.229,
                                "Actual Total Time": 237.233,
                                "Actual Rows": 1,
                                "Actual Loops": 1
                            },
                            {
                                "Worker Number": 1,
                                "Actual Startup Time": 236.837,
                                "Actual Total Time": 236.841,
                                "Actual Rows": 1,
                                "Actual Loops": 1
                            },
                            {
                                "Worker Number": 2,
                                "Actual Startup Time": 237.347,
                                "Actual Total Time": 237.35,
                                "Actual Rows": 1,
                                "Actual Loops": 1
                            },
                            {
                                "Worker Number": 3,
                                "Actual Startup Time": 237.593,
                                "Actual Total Time": 237.597,
                                "Actual Rows": 1,
                                "Actual Loops": 1
                            }
                        ],
                        "Plans": [
                            {
                                "Node Type": "Hash Join",
                                "Parent Relationship": "Outer",
                                "Parallel Aware": true,
                                "Join Type": "Inner",
                                "Startup Cost": 17511.39,
                                "Total Cost": 62928.63,
                                "Plan Rows": 61122,
                                "Plan Width": 0,
                                "Actual Startup Time": 76.254,
                                "Actual Total Time": 236.431,
                                "Actual Rows": 59402,
                                "Actual Loops": 5,
                                "Inner Unique": false,
                                "Hash Cond": "(t.id = mi_idx.movie_id)",
                                "Workers": [
                                    {
                                        "Worker Number": 0,
                                        "Actual Startup Time": 73.701,
                                        "Actual Total Time": 233.833,
                                        "Actual Rows": 43648,
                                        "Actual Loops": 1
                                    },
                                    {
                                        "Worker Number": 1,
                                        "Actual Startup Time": 73.833,
                                        "Actual Total Time": 233.951,
                                        "Actual Rows": 61397,
                                        "Actual Loops": 1
                                    },
                                    {
                                        "Worker Number": 2,
                                        "Actual Startup Time": 74.141,
                                        "Actual Total Time": 234.489,
                                        "Actual Rows": 57349,
                                        "Actual Loops": 1
                                    },
                                    {
                                        "Worker Number": 3,
                                        "Actual Startup Time": 74.394,
                                        "Actual Total Time": 234.781,
                                        "Actual Rows": 59648,
                                        "Actual Loops": 1
                                    }
                                ],
                                "Plans": [
                                    {
                                        "Node Type": "Seq Scan",
                                        "Parent Relationship": "Outer",
                                        "Parallel Aware": true,
                                        "Relation Name": "title",
                                        "Schema": "public",
                                        "Alias": "t",
                                        "Startup Cost": 0.0,
                                        "Total Cost": 43899.01,
                                        "Plan Rows": 336948,
                                        "Plan Width": 4,
                                        "Actual Startup Time": 0.029,
                                        "Actual Total Time": 82.114,
                                        "Actual Rows": 269659,
                                        "Actual Loops": 5,
                                        "Output": [
                                            "t.id",
                                            "t.title",
                                            "t.imdb_index",
                                            "t.kind_id",
                                            "t.production_year",
                                            "t.imdb_id",
                                            "t.phonetic_code",
                                            "t.episode_of_id",
                                            "t.season_nr",
                                            "t.episode_nr",
                                            "t.series_years",
                                            "t.md5sum"
                                        ],
                                        "Filter": "(t.production_year < 2005)",
                                        "Rows Removed by Filter": 236004,
                                        "Workers": [
                                            {
                                                "Worker Number": 0,
                                                "Actual Startup Time": 0.038,
                                                "Actual Total Time": 87.708,
                                                "Actual Rows": 197862,
                                                "Actual Loops": 1
                                            },
                                            {
                                                "Worker Number": 1,
                                                "Actual Startup Time": 0.033,
                                                "Actual Total Time": 83.517,
                                                "Actual Rows": 278507,
                                                "Actual Loops": 1
                                            },
                                            {
                                                "Worker Number": 2,
                                                "Actual Startup Time": 0.033,
                                                "Actual Total Time": 83.839,
                                                "Actual Rows": 255834,
                                                "Actual Loops": 1
                                            },
                                            {
                                                "Worker Number": 3,
                                                "Actual Startup Time": 0.03,
                                                "Actual Total Time": 83.246,
                                                "Actual Rows": 270300,
                                                "Actual Loops": 1
                                            }
                                        ]
                                    },
                                    {
                                        "Node Type": "Hash",
                                        "Parent Relationship": "Inner",
                                        "Parallel Aware": true,
                                        "Startup Cost": 15122.68,
                                        "Total Cost": 15122.68,
                                        "Plan Rows": 191097,
                                        "Plan Width": 4,
                                        "Actual Startup Time": 73.108,
                                        "Actual Total Time": 73.109,
                                        "Actual Rows": 91985,
                                        "Actual Loops": 5,
                                        "Output": [
                                            "mi_idx.movie_id"
                                        ],
                                        "Hash Buckets": 524288,
                                        "Original Hash Buckets": 524288,
                                        "Hash Batches": 1,
                                        "Original Hash Batches": 1,
                                        "Peak Memory Usage": 22144,
                                        "Workers": [
                                            {
                                                "Worker Number": 0,
                                                "Actual Startup Time": 72.938,
                                                "Actual Total Time": 72.939,
                                                "Actual Rows": 71077,
                                                "Actual Loops": 1
                                            },
                                            {
                                                "Worker Number": 1,
                                                "Actual Startup Time": 72.954,
                                                "Actual Total Time": 72.956,
                                                "Actual Rows": 93234,
                                                "Actual Loops": 1
                                            },
                                            {
                                                "Worker Number": 2,
                                                "Actual Startup Time": 73.498,
                                                "Actual Total Time": 73.499,
                                                "Actual Rows": 87314,
                                                "Actual Loops": 1
                                            },
                                            {
                                                "Worker Number": 3,
                                                "Actual Startup Time": 73.74,
                                                "Actual Total Time": 73.742,
                                                "Actual Rows": 89675,
                                                "Actual Loops": 1
                                            }
                                        ],
                                        "Plans": [
                                            {
                                                "Node Type": "Seq Scan",
                                                "Parent Relationship": "Outer",
                                                "Parallel Aware": true,
                                                "Relation Name": "movie_info_idx",
                                                "Schema": "public",
                                                "Alias": "mi_idx",
                                                "Startup Cost": 0.0,
                                                "Total Cost": 15122.68,
                                                "Plan Rows": 191097,
                                                "Plan Width": 4,
                                                "Actual Startup Time": 0.041,
                                                "Actual Total Time": 38.456,
                                                "Actual Rows": 91985,
                                                "Actual Loops": 5,
                                                "Output": [
                                                    "mi_idx.movie_id"
                                                ],
                                                "Filter": "(mi_idx.info_type_id = 101)",
                                                "Rows Removed by Filter": 184022,
                                                "Workers": [
                                                    {
                                                        "Worker Number": 0,
                                                        "Actual Startup Time": 0.046,
                                                        "Actual Total Time": 40.743,
                                                        "Actual Rows": 71077,
                                                        "Actual Loops": 1
                                                    },
                                                    {
                                                        "Worker Number": 1,
                                                        "Actual Startup Time": 0.055,
                                                        "Actual Total Time": 39.002,
                                                        "Actual Rows": 93234,
                                                        "Actual Loops": 1
                                                    },
                                                    {
                                                        "Worker Number": 2,
                                                        "Actual Startup Time": 0.03,
                                                        "Actual Total Time": 38.574,
                                                        "Actual Rows": 87314,
                                                        "Actual Loops": 1
                                                    },
                                                    {
                                                        "Worker Number": 3,
                                                        "Actual Startup Time": 0.048,
                                                        "Actual Total Time": 38.574,
                                                        "Actual Rows": 89675,
                                                        "Actual Loops": 1
                                                    }
                                                ]
                                            }
                                        ]
                                    }
                                ]
                            }
                        ]
                    }
                ]
            }
        ]
    },
    "Planning Time": 0.669,
    "Triggers": [],
    "Execution Time": 262.981
}