[
  {
    "Plan": {
      "Node Type": "Aggregate",
      "Strategy": "Plain",
      "Partial Mode": "Finalize",
      "Parallel Aware": false,
      "Startup Cost": 32802.79,
      "Total Cost": 32802.8,
      "Plan Rows": 1,
      "Plan Width": 8,
      "Actual Startup Time": 75.194,
      "Actual Total Time": 83.244,
      "Actual Rows": 1,
      "Actual Loops": 1,
      "Plans": [
        {
          "Node Type": "Gather",
          "Parent Relationship": "Outer",
          "Parallel Aware": false,
          "Startup Cost": 32802.48,
          "Total Cost": 32802.79,
          "Plan Rows": 3,
          "Plan Width": 8,
          "Actual Startup Time": 74.898,
          "Actual Total Time": 83.235,
          "Actual Rows": 4,
          "Actual Loops": 1,
          "Workers Planned": 3,
          "Workers Launched": 3,
          "Single Copy": false,
          "Plans": [
            {
              "Node Type": "Aggregate",
              "Strategy": "Plain",
              "Partial Mode": "Partial",
              "Parent Relationship": "Outer",
              "Parallel Aware": false,
              "Startup Cost": 31802.48,
              "Total Cost": 31802.49,
              "Plan Rows": 1,
              "Plan Width": 8,
              "Actual Startup Time": 71.119,
              "Actual Total Time": 71.121,
              "Actual Rows": 1,
              "Actual Loops": 4,
              "Plans": [
                {
                  "Node Type": "Seq Scan",
                  "Parent Relationship": "Outer",
                  "Parallel Aware": true,
                  "Relation Name": "movie_companies",
                  "Alias": "mc",
                  "Startup Cost": 0.0,
                  "Total Cost": 31414.82,
                  "Plan Rows": 155063,
                  "Plan Width": 0,
                  "Actual Startup Time": 14.839,
                  "Actual Total Time": 68.971,
                  "Actual Rows": 41618,
                  "Actual Loops": 4,
                  "Filter": "((company_id > 17569) AND (company_type_id < 2))",
                  "Rows Removed by Filter": 610664
                }
              ]
            }
          ]
        }
      ]
    },
    "Planning Time": 0.108,
    "Triggers": [],
    "Execution Time": 83.275
  }
]