[
  {
    "Plan": {
      "Node Type": "Aggregate",
      "Strategy": "Plain",
      "Partial Mode": "Finalize",
      "Parallel Aware": false,
      "Startup Cost": 46577.7,
      "Total Cost": 46577.71,
      "Plan Rows": 1,
      "Plan Width": 8,
      "Actual Startup Time": 164.267,
      "Actual Total Time": 171.668,
      "Actual Rows": 1,
      "Actual Loops": 1,
      "Plans": [
        {
          "Node Type": "Gather",
          "Parent Relationship": "Outer",
          "Parallel Aware": false,
          "Startup Cost": 46577.38,
          "Total Cost": 46577.69,
          "Plan Rows": 3,
          "Plan Width": 8,
          "Actual Startup Time": 164.14,
          "Actual Total Time": 171.66,
          "Actual Rows": 4,
          "Actual Loops": 1,
          "Workers Planned": 3,
          "Workers Launched": 3,
          "Single Copy": false,
          "Plans": [
            {
              "Node Type": "Aggregate",
              "Strategy": "Plain",
              "Partial Mode": "Partial",
              "Parent Relationship": "Outer",
              "Parallel Aware": false,
              "Startup Cost": 45577.38,
              "Total Cost": 45577.39,
              "Plan Rows": 1,
              "Plan Width": 8,
              "Actual Startup Time": 155.768,
              "Actual Total Time": 155.768,
              "Actual Rows": 1,
              "Actual Loops": 4,
              "Plans": [
                {
                  "Node Type": "Seq Scan",
                  "Parent Relationship": "Outer",
                  "Parallel Aware": true,
                  "Relation Name": "movie_keyword",
                  "Alias": "mk",
                  "Startup Cost": 0.0,
                  "Total Cost": 42695.65,
                  "Plan Rows": 1152691,
                  "Plan Width": 0,
                  "Actual Startup Time": 0.066,
                  "Actual Total Time": 116.325,
                  "Actual Rows": 893608,
                  "Actual Loops": 4,
                  "Filter": "(keyword_id < 20003)",
                  "Rows Removed by Filter": 237374
                }
              ]
            }
          ]
        }
      ]
    },
    "Planning Time": 0.182,
    "Triggers": [],
    "Execution Time": 171.728
  }
]