[
  {
    "Plan": {
      "Node Type": "Aggregate",
      "Strategy": "Plain",
      "Partial Mode": "Finalize",
      "Parallel Aware": false,
      "Startup Cost": 31735.6,
      "Total Cost": 31735.61,
      "Plan Rows": 1,
      "Plan Width": 8,
      "Actual Startup Time": 127.422,
      "Actual Total Time": 134.708,
      "Actual Rows": 1,
      "Actual Loops": 1,
      "Plans": [
        {
          "Node Type": "Gather",
          "Parent Relationship": "Outer",
          "Parallel Aware": false,
          "Startup Cost": 31735.28,
          "Total Cost": 31735.59,
          "Plan Rows": 3,
          "Plan Width": 8,
          "Actual Startup Time": 127.254,
          "Actual Total Time": 134.693,
          "Actual Rows": 4,
          "Actual Loops": 1,
          "Workers Planned": 3,
          "Workers Launched": 3,
          "Single Copy": false,
          "Plans": [
            {
              "Node Type": "Aggregate",
              "Strategy": "Plain",
              "Partial Mode": "Partial",
              "Parent Relationship": "Outer",
              "Parallel Aware": false,
              "Startup Cost": 30735.28,
              "Total Cost": 30735.29,
              "Plan Rows": 1,
              "Plan Width": 8,
              "Actual Startup Time": 117.913,
              "Actual Total Time": 117.915,
              "Actual Rows": 1,
              "Actual Loops": 4,
              "Plans": [
                {
                  "Node Type": "Seq Scan",
                  "Parent Relationship": "Outer",
                  "Parallel Aware": true,
                  "Relation Name": "movie_companies",
                  "Alias": "mc",
                  "Startup Cost": 0.0,
                  "Total Cost": 29310.68,
                  "Plan Rows": 569841,
                  "Plan Width": 0,
                  "Actual Startup Time": 1.91,
                  "Actual Total Time": 94.315,
                  "Actual Rows": 441635,
                  "Actual Loops": 4,
                  "Filter": "(company_id > 2232)",
                  "Rows Removed by Filter": 210647
                }
              ]
            }
          ]
        }
      ]
    },
    "Planning Time": 0.205,
    "Triggers": [],
    "Execution Time": 134.766
  }
]