[
  {
    "Plan": {
      "Node Type": "Aggregate",
      "Strategy": "Plain",
      "Partial Mode": "Finalize",
      "Parallel Aware": false,
      "Startup Cost": 110580.41,
      "Total Cost": 110580.42,
      "Plan Rows": 1,
      "Plan Width": 8,
      "Actual Startup Time": 701.05,
      "Actual Total Time": 723.457,
      "Actual Rows": 1,
      "Actual Loops": 1,
      "Plans": [
        {
          "Node Type": "Gather",
          "Parent Relationship": "Outer",
          "Parallel Aware": false,
          "Startup Cost": 110580.09,
          "Total Cost": 110580.4,
          "Plan Rows": 3,
          "Plan Width": 8,
          "Actual Startup Time": 689.457,
          "Actual Total Time": 723.448,
          "Actual Rows": 4,
          "Actual Loops": 1,
          "Workers Planned": 3,
          "Workers Launched": 3,
          "Single Copy": false,
          "Plans": [
            {
              "Node Type": "Aggregate",
              "Strategy": "Plain",
              "Partial Mode": "Partial",
              "Parent Relationship": "Outer",
              "Parallel Aware": false,
              "Startup Cost": 109580.09,
              "Total Cost": 109580.1,
              "Plan Rows": 1,
              "Plan Width": 8,
              "Actual Startup Time": 679.747,
              "Actual Total Time": 680.243,
              "Actual Rows": 1,
              "Actual Loops": 4,
              "Plans": [
                {
                  "Node Type": "Hash Join",
                  "Parent Relationship": "Outer",
                  "Parallel Aware": true,
                  "Join Type": "Inner",
                  "Startup Cost": 64995.07,
                  "Total Cost": 109436.74,
                  "Plan Rows": 57342,
                  "Plan Width": 0,
                  "Actual Startup Time": 451.924,
                  "Actual Total Time": 656.691,
                  "Actual Rows": 410878,
                  "Actual Loops": 4,
                  "Inner Unique": false,
                  "Hash Cond": "(mk.movie_id = t.id)",
                  "Plans": [
                    {
                      "Node Type": "Seq Scan",
                      "Parent Relationship": "Outer",
                      "Parallel Aware": true,
                      "Relation Name": "movie_keyword",
                      "Alias": "mk",
                      "Startup Cost": 0.0,
                      "Total Cost": 42695.65,
                      "Plan Rows": 401891,
                      "Plan Width": 4,
                      "Actual Startup Time": 1.367,
                      "Actual Total Time": 119.504,
                      "Actual Rows": 312292,
                      "Actual Loops": 4,
                      "Filter": "(keyword_id > 14441)",
                      "Rows Removed by Filter": 818691
                    },
                    {
                      "Node Type": "Hash",
                      "Parent Relationship": "Inner",
                      "Parallel Aware": true,
                      "Startup Cost": 63116.14,
                      "Total Cost": 63116.14,
                      "Plan Rows": 150315,
                      "Plan Width": 8,
                      "Actual Startup Time": 446.262,
                      "Actual Total Time": 446.757,
                      "Actual Rows": 159074,
                      "Actual Loops": 4,
                      "Hash Buckets": 1048576,
                      "Original Hash Buckets": 524288,
                      "Hash Batches": 1,
                      "Original Hash Batches": 1,
                      "Peak Memory Usage": 37248,
                      "Plans": [
                        {
                          "Node Type": "Hash Join",
                          "Parent Relationship": "Outer",
                          "Parallel Aware": true,
                          "Join Type": "Inner",
                          "Startup Cost": 46982.15,
                          "Total Cost": 63116.14,
                          "Plan Rows": 150315,
                          "Plan Width": 8,
                          "Actual Startup Time": 241.163,
                          "Actual Total Time": 374.205,
                          "Actual Rows": 159074,
                          "Actual Loops": 4,
                          "Inner Unique": true,
                          "Hash Cond": "(mi_idx.movie_id = t.id)",
                          "Plans": [
                            {
                              "Node Type": "Seq Scan",
                              "Parent Relationship": "Outer",
                              "Parallel Aware": true,
                              "Relation Name": "movie_info_idx",
                              "Alias": "mi_idx",
                              "Startup Cost": 0.0,
                              "Total Cost": 15122.68,
                              "Plan Rows": 385260,
                              "Plan Width": 4,
                              "Actual Startup Time": 0.024,
                              "Actual Total Time": 52.093,
                              "Actual Rows": 230028,
                              "Actual Loops": 4,
                              "Filter": "(info_type_id > 99)",
                              "Rows Removed by Filter": 114981
                            },
                            {
                              "Node Type": "Hash",
                              "Parent Relationship": "Inner",
                              "Parallel Aware": true,
                              "Startup Cost": 43899.32,
                              "Total Cost": 43899.32,
                              "Plan Rows": 246626,
                              "Plan Width": 4,
                              "Actual Startup Time": 237.464,
                              "Actual Total Time": 237.468,
                              "Actual Rows": 246262,
                              "Actual Loops": 4,
                              "Hash Buckets": 1048576,
                              "Original Hash Buckets": 1048576,
                              "Hash Batches": 1,
                              "Original Hash Batches": 1,
                              "Peak Memory Usage": 46784,
                              "Plans": [
                                {
                                  "Node Type": "Seq Scan",
                                  "Parent Relationship": "Outer",
                                  "Parallel Aware": true,
                                  "Relation Name": "title",
                                  "Alias": "t",
                                  "Startup Cost": 0.0,
                                  "Total Cost": 43899.32,
                                  "Plan Rows": 246626,
                                  "Plan Width": 4,
                                  "Actual Startup Time": 0.068,
                                  "Actual Total Time": 127.423,
                                  "Actual Rows": 246262,
                                  "Actual Loops": 4,
                                  "Filter": "(kind_id < 7)",
                                  "Rows Removed by Filter": 385816
                                }
                              ]
                            }
                          ]
                        }
                      ]
                    }
                  ]
                }
              ]
            }
          ]
        }
      ]
    },
    "Planning Time": 1.251,
    "Triggers": [],
    "Execution Time": 723.549
  }
]