[
  {
    "Plan": {
      "Node Type": "Aggregate",
      "Strategy": "Plain",
      "Partial Mode": "Finalize",
      "Parallel Aware": false,
      "Startup Cost": 33037.87,
      "Total Cost": 33037.88,
      "Plan Rows": 1,
      "Plan Width": 8,
      "Actual Startup Time": 93.532,
      "Actual Total Time": 102.363,
      "Actual Rows": 1,
      "Actual Loops": 1,
      "Plans": [
        {
          "Node Type": "Gather",
          "Parent Relationship": "Outer",
          "Parallel Aware": false,
          "Startup Cost": 33037.55,
          "Total Cost": 33037.86,
          "Plan Rows": 3,
          "Plan Width": 8,
          "Actual Startup Time": 93.355,
          "Actual Total Time": 102.354,
          "Actual Rows": 4,
          "Actual Loops": 1,
          "Workers Planned": 3,
          "Workers Launched": 3,
          "Single Copy": false,
          "Plans": [
            {
              "Node Type": "Aggregate",
              "Strategy": "Plain",
              "Partial Mode": "Partial",
              "Parent Relationship": "Outer",
              "Parallel Aware": false,
              "Startup Cost": 32037.55,
              "Total Cost": 32037.56,
              "Plan Rows": 1,
              "Plan Width": 8,
              "Actual Startup Time": 89.456,
              "Actual Total Time": 89.458,
              "Actual Rows": 1,
              "Actual Loops": 4,
              "Plans": [
                {
                  "Node Type": "Seq Scan",
                  "Parent Relationship": "Outer",
                  "Parallel Aware": true,
                  "Relation Name": "movie_companies",
                  "Alias": "mc",
                  "Startup Cost": 0.0,
                  "Total Cost": 31414.82,
                  "Plan Rows": 249094,
                  "Plan Width": 0,
                  "Actual Startup Time": 0.031,
                  "Actual Total Time": 76.221,
                  "Actual Rows": 269431,
                  "Actual Loops": 4,
                  "Filter": "((company_id < 15812) AND (company_type_id = 1))",
                  "Rows Removed by Filter": 382852
                }
              ]
            }
          ]
        }
      ]
    },
    "Planning Time": 0.089,
    "Triggers": [],
    "Execution Time": 102.391
  }
]