[
  {
    "Plan": {
      "Node Type": "Aggregate",
      "Strategy": "Plain",
      "Partial Mode": "Finalize",
      "Parallel Aware": false,
      "Startup Cost": 287377.91,
      "Total Cost": 287377.92,
      "Plan Rows": 1,
      "Plan Width": 8,
      "Actual Startup Time": 739.837,
      "Actual Total Time": 767.022,
      "Actual Rows": 1,
      "Actual Loops": 1,
      "Plans": [
        {
          "Node Type": "Gather",
          "Parent Relationship": "Outer",
          "Parallel Aware": false,
          "Startup Cost": 287377.59,
          "Total Cost": 287377.9,
          "Plan Rows": 3,
          "Plan Width": 8,
          "Actual Startup Time": 732.01,
          "Actual Total Time": 767.013,
          "Actual Rows": 4,
          "Actual Loops": 1,
          "Workers Planned": 3,
          "Workers Launched": 3,
          "Single Copy": false,
          "Plans": [
            {
              "Node Type": "Aggregate",
              "Strategy": "Plain",
              "Partial Mode": "Partial",
              "Parent Relationship": "Outer",
              "Parallel Aware": false,
              "Startup Cost": 286377.59,
              "Total Cost": 286377.6,
              "Plan Rows": 1,
              "Plan Width": 8,
              "Actual Startup Time": 722.737,
              "Actual Total Time": 722.841,
              "Actual Rows": 1,
              "Actual Loops": 4,
              "Plans": [
                {
                  "Node Type": "Hash Join",
                  "Parent Relationship": "Outer",
                  "Parallel Aware": true,
                  "Join Type": "Inner",
                  "Startup Cost": 241183.67,
                  "Total Cost": 285989.33,
                  "Plan Rows": 155304,
                  "Plan Width": 0,
                  "Actual Startup Time": 505.721,
                  "Actual Total Time": 700.746,
                  "Actual Rows": 456433,
                  "Actual Loops": 4,
                  "Inner Unique": false,
                  "Hash Cond": "(mk.movie_id = t.id)",
                  "Plans": [
                    {
                      "Node Type": "Seq Scan",
                      "Parent Relationship": "Outer",
                      "Parallel Aware": true,
                      "Relation Name": "movie_keyword",
                      "Alias": "mk",
                      "Startup Cost": 0.0,
                      "Total Cost": 42695.65,
                      "Plan Rows": 479839,
                      "Plan Width": 4,
                      "Actual Startup Time": 0.032,
                      "Actual Total Time": 111.535,
                      "Actual Rows": 375561,
                      "Actual Loops": 4,
                      "Filter": "(keyword_id < 2164)",
                      "Rows Removed by Filter": 755421
                    },
                    {
                      "Node Type": "Hash",
                      "Parent Relationship": "Inner",
                      "Parallel Aware": true,
                      "Startup Cost": 239137.92,
                      "Total Cost": 239137.92,
                      "Plan Rows": 163660,
                      "Plan Width": 8,
                      "Actual Startup Time": 500.908,
                      "Actual Total Time": 501.011,
                      "Actual Rows": 75449,
                      "Actual Loops": 4,
                      "Hash Buckets": 1048576,
                      "Original Hash Buckets": 1048576,
                      "Hash Batches": 1,
                      "Original Hash Batches": 1,
                      "Peak Memory Usage": 20096,
                      "Plans": [
                        {
                          "Node Type": "Hash Join",
                          "Parent Relationship": "Outer",
                          "Parallel Aware": true,
                          "Join Type": "Inner",
                          "Startup Cost": 73075.35,
                          "Total Cost": 239137.92,
                          "Plan Rows": 163660,
                          "Plan Width": 8,
                          "Actual Startup Time": 338.476,
                          "Actual Total Time": 474.065,
                          "Actual Rows": 75449,
                          "Actual Loops": 4,
                          "Inner Unique": true,
                          "Hash Cond": "(mi.movie_id = t.id)",
                          "Plans": [
                            {
                              "Node Type": "Bitmap Heap Scan",
                              "Parent Relationship": "Outer",
                              "Parallel Aware": true,
                              "Relation Name": "movie_info",
                              "Alias": "mi",
                              "Startup Cost": 24370.61,
                              "Total Cost": 189726.89,
                              "Plan Rows": 269063,
                              "Plan Width": 4,
                              "Actual Startup Time": 53.193,
                              "Actual Total Time": 104.216,
                              "Actual Rows": 350476,
                              "Actual Loops": 4,
                              "Recheck Cond": "(info_type_id = 7)",
                              "Rows Removed by Index Recheck": 0,
                              "Exact Heap Blocks": 3037,
                              "Lossy Heap Blocks": 0,
                              "Plans": [
                                {
                                  "Node Type": "Bitmap Index Scan",
                                  "Parent Relationship": "Outer",
                                  "Parallel Aware": false,
                                  "Index Name": "info_type_id_movie_info",
                                  "Startup Cost": 0.0,
                                  "Total Cost": 24034.28,
                                  "Plan Rows": 1345313,
                                  "Plan Width": 0,
                                  "Actual Startup Time": 51.554,
                                  "Actual Total Time": 51.554,
                                  "Actual Rows": 1401902,
                                  "Actual Loops": 1,
                                  "Index Cond": "(info_type_id = 7)"
                                }
                              ]
                            },
                            {
                              "Node Type": "Hash",
                              "Parent Relationship": "Inner",
                              "Parallel Aware": true,
                              "Startup Cost": 43898.92,
                              "Total Cost": 43898.92,
                              "Plan Rows": 384466,
                              "Plan Width": 4,
                              "Actual Startup Time": 280.589,
                              "Actual Total Time": 280.59,
                              "Actual Rows": 382903,
                              "Actual Loops": 4,
                              "Hash Buckets": 2097152,
                              "Original Hash Buckets": 2097152,
                              "Hash Batches": 1,
                              "Original Hash Batches": 1,
                              "Peak Memory Usage": 76352,
                              "Plans": [
                                {
                                  "Node Type": "Seq Scan",
                                  "Parent Relationship": "Outer",
                                  "Parallel Aware": true,
                                  "Relation Name": "title",
                                  "Alias": "t",
                                  "Startup Cost": 0.0,
                                  "Total Cost": 43898.92,
                                  "Plan Rows": 384466,
                                  "Plan Width": 4,
                                  "Actual Startup Time": 0.047,
                                  "Actual Total Time": 123.59,
                                  "Actual Rows": 382903,
                                  "Actual Loops": 4,
                                  "Filter": "(production_year > 1997)",
                                  "Rows Removed by Filter": 249175
                                }
                              ]
                            }
                          ]
                        }
                      ]
                    }
                  ]
                }
              ]
            }
          ]
        }
      ]
    },
    "Planning Time": 1.347,
    "Triggers": [],
    "Execution Time": 767.132
  }
]