[
  {
    "Plan": {
      "Node Type": "Aggregate",
      "Strategy": "Plain",
      "Partial Mode": "Finalize",
      "Parallel Aware": false,
      "Startup Cost": 317745.86,
      "Total Cost": 317745.87,
      "Plan Rows": 1,
      "Plan Width": 8,
      "Actual Startup Time": 231.349,
      "Actual Total Time": 273.193,
      "Actual Rows": 1,
      "Actual Loops": 1,
      "Plans": [
        {
          "Node Type": "Gather",
          "Parent Relationship": "Outer",
          "Parallel Aware": false,
          "Startup Cost": 317745.44,
          "Total Cost": 317745.85,
          "Plan Rows": 4,
          "Plan Width": 8,
          "Actual Startup Time": 230.547,
          "Actual Total Time": 273.184,
          "Actual Rows": 5,
          "Actual Loops": 1,
          "Workers Planned": 4,
          "Workers Launched": 4,
          "Single Copy": false,
          "Plans": [
            {
              "Node Type": "Aggregate",
              "Strategy": "Plain",
              "Partial Mode": "Partial",
              "Parent Relationship": "Outer",
              "Parallel Aware": false,
              "Startup Cost": 316745.44,
              "Total Cost": 316745.45,
              "Plan Rows": 1,
              "Plan Width": 8,
              "Actual Startup Time": 221.884,
              "Actual Total Time": 221.885,
              "Actual Rows": 1,
              "Actual Loops": 5,
              "Plans": [
                {
                  "Node Type": "Nested Loop",
                  "Parent Relationship": "Outer",
                  "Parallel Aware": false,
                  "Join Type": "Inner",
                  "Startup Cost": 0.56,
                  "Total Cost": 316622.68,
                  "Plan Rows": 49102,
                  "Plan Width": 0,
                  "Actual Startup Time": 60.011,
                  "Actual Total Time": 218.689,
                  "Actual Rows": 35786,
                  "Actual Loops": 5,
                  "Inner Unique": false,
                  "Plans": [
                    {
                      "Node Type": "Seq Scan",
                      "Parent Relationship": "Outer",
                      "Parallel Aware": true,
                      "Relation Name": "title",
                      "Alias": "t",
                      "Startup Cost": 0.0,
                      "Total Cost": 45479.1,
                      "Plan Rows": 3427,
                      "Plan Width": 4,
                      "Actual Startup Time": 59.905,
                      "Actual Total Time": 82.913,
                      "Actual Rows": 1748,
                      "Actual Loops": 5,
                      "Filter": "((kind_id < 2) AND (production_year = 2001))",
                      "Rows Removed by Filter": 503914
                    },
                    {
                      "Node Type": "Index Only Scan",
                      "Parent Relationship": "Inner",
                      "Parallel Aware": false,
                      "Scan Direction": "Forward",
                      "Index Name": "movie_id_cast_info",
                      "Relation Name": "cast_info",
                      "Alias": "ci",
                      "Startup Cost": 0.56,
                      "Total Cost": 78.75,
                      "Plan Rows": 37,
                      "Plan Width": 4,
                      "Actual Startup Time": 0.012,
                      "Actual Total Time": 0.075,
                      "Actual Rows": 20,
                      "Actual Loops": 8740,
                      "Index Cond": "(movie_id = t.id)",
                      "Rows Removed by Index Recheck": 0,
                      "Heap Fetches": 178931
                    }
                  ]
                }
              ]
            }
          ]
        }
      ]
    },
    "Planning Time": 0.584,
    "Triggers": [],
    "Execution Time": 273.27
  }
]