[
  {
    "Plan": {
      "Node Type": "Aggregate",
      "Strategy": "Plain",
      "Partial Mode": "Finalize",
      "Parallel Aware": false,
      "Startup Cost": 434685.09,
      "Total Cost": 434685.1,
      "Plan Rows": 1,
      "Plan Width": 8,
      "Actual Startup Time": 1923.471,
      "Actual Total Time": 1995.928,
      "Actual Rows": 1,
      "Actual Loops": 1,
      "Plans": [
        {
          "Node Type": "Gather",
          "Parent Relationship": "Outer",
          "Parallel Aware": false,
          "Startup Cost": 434684.47,
          "Total Cost": 434685.08,
          "Plan Rows": 6,
          "Plan Width": 8,
          "Actual Startup Time": 1912.472,
          "Actual Total Time": 1995.915,
          "Actual Rows": 7,
          "Actual Loops": 1,
          "Workers Planned": 6,
          "Workers Launched": 6,
          "Single Copy": false,
          "Plans": [
            {
              "Node Type": "Aggregate",
              "Strategy": "Plain",
              "Partial Mode": "Partial",
              "Parent Relationship": "Outer",
              "Parallel Aware": false,
              "Startup Cost": 433684.47,
              "Total Cost": 433684.48,
              "Plan Rows": 1,
              "Plan Width": 8,
              "Actual Startup Time": 1901.522,
              "Actual Total Time": 1901.747,
              "Actual Rows": 1,
              "Actual Loops": 7,
              "Plans": [
                {
                  "Node Type": "Hash Join",
                  "Parent Relationship": "Outer",
                  "Parallel Aware": true,
                  "Join Type": "Inner",
                  "Startup Cost": 84228.93,
                  "Total Cost": 427682.69,
                  "Plan Rows": 2400711,
                  "Plan Width": 0,
                  "Actual Startup Time": 319.317,
                  "Actual Total Time": 1799.175,
                  "Actual Rows": 2378900,
                  "Actual Loops": 7,
                  "Inner Unique": false,
                  "Hash Cond": "(ci.movie_id = t.id)",
                  "Plans": [
                    {
                      "Node Type": "Seq Scan",
                      "Parent Relationship": "Outer",
                      "Parallel Aware": true,
                      "Relation Name": "cast_info",
                      "Alias": "ci",
                      "Startup Cost": 0.0,
                      "Total Cost": 313067.02,
                      "Plan Rows": 6038002,
                      "Plan Width": 4,
                      "Actual Startup Time": 0.025,
                      "Actual Total Time": 530.411,
                      "Actual Rows": 5177763,
                      "Actual Loops": 7
                    },
                    {
                      "Node Type": "Hash",
                      "Parent Relationship": "Inner",
                      "Parallel Aware": true,
                      "Startup Cost": 80175.51,
                      "Total Cost": 80175.51,
                      "Plan Rows": 324274,
                      "Plan Width": 8,
                      "Actual Startup Time": 315.982,
                      "Actual Total Time": 316.205,
                      "Actual Rows": 63025,
                      "Actual Loops": 7,
                      "Hash Buckets": 1048576,
                      "Original Hash Buckets": 1048576,
                      "Hash Batches": 1,
                      "Original Hash Batches": 1,
                      "Peak Memory Usage": 25504,
                      "Plans": [
                        {
                          "Node Type": "Hash Join",
                          "Parent Relationship": "Outer",
                          "Parallel Aware": true,
                          "Join Type": "Inner",
                          "Startup Cost": 48897.3,
                          "Total Cost": 80175.51,
                          "Plan Rows": 324274,
                          "Plan Width": 8,
                          "Actual Startup Time": 165.347,
                          "Actual Total Time": 287.786,
                          "Actual Rows": 63025,
                          "Actual Loops": 7,
                          "Inner Unique": true,
                          "Hash Cond": "(mc.movie_id = t.id)",
                          "Plans": [
                            {
                              "Node Type": "Seq Scan",
                              "Parent Relationship": "Outer",
                              "Parallel Aware": true,
                              "Relation Name": "movie_companies",
                              "Alias": "mc",
                              "Startup Cost": 0.0,
                              "Total Cost": 29310.68,
                              "Plan Rows": 749534,
                              "Plan Width": 4,
                              "Actual Startup Time": 0.028,
                              "Actual Total Time": 47.643,
                              "Actual Rows": 332371,
                              "Actual Loops": 7,
                              "Filter": "(company_id < 95611)",
                              "Rows Removed by Filter": 40362
                            },
                            {
                              "Node Type": "Hash",
                              "Parent Relationship": "Inner",
                              "Parallel Aware": true,
                              "Startup Cost": 45479.1,
                              "Total Cost": 45479.1,
                              "Plan Rows": 273456,
                              "Plan Width": 4,
                              "Actual Startup Time": 162.496,
                              "Actual Total Time": 162.497,
                              "Actual Rows": 169935,
                              "Actual Loops": 7,
                              "Hash Buckets": 2097152,
                              "Original Hash Buckets": 2097152,
                              "Hash Batches": 1,
                              "Original Hash Batches": 1,
                              "Peak Memory Usage": 63040,
                              "Plans": [
                                {
                                  "Node Type": "Seq Scan",
                                  "Parent Relationship": "Outer",
                                  "Parallel Aware": true,
                                  "Relation Name": "title",
                                  "Alias": "t",
                                  "Startup Cost": 0.0,
                                  "Total Cost": 45479.1,
                                  "Plan Rows": 273456,
                                  "Plan Width": 4,
                                  "Actual Startup Time": 0.044,
                                  "Actual Total Time": 76.015,
                                  "Actual Rows": 169935,
                                  "Actual Loops": 7,
                                  "Filter": "((production_year > 1988) AND (kind_id = 7))",
                                  "Rows Removed by Filter": 191252
                                }
                              ]
                            }
                          ]
                        }
                      ]
                    }
                  ]
                }
              ]
            }
          ]
        }
      ]
    },
    "Planning Time": 1.42,
    "Triggers": [],
    "Execution Time": 1996.027
  }
]