{
  "Plan": {
    "Node Type": "Aggregate",
    "Strategy": "Plain",
    "Partial Mode": "Finalize",
    "Parallel Aware": false,
    "Startup Cost": 108963.25,
    "Total Cost": 108963.26,
    "Plan Rows": 1,
    "Plan Width": 8,
    "Actual Startup Time": 377.87,
    "Actual Total Time": 393.572,
    "Actual Rows": 1,
    "Actual Loops": 1,
    "Plans": [
      {
        "Node Type": "Gather",
        "Parent Relationship": "Outer",
        "Parallel Aware": false,
        "Startup Cost": 108963.14,
        "Total Cost": 108963.25,
        "Plan Rows": 1,
        "Plan Width": 8,
        "Actual Startup Time": 376.994,
        "Actual Total Time": 393.565,
        "Actual Rows": 2,
        "Actual Loops": 1,
        "Workers Planned": 1,
        "Workers Launched": 1,
        "Single Copy": false,
        "Plans": [
          {
            "Node Type": "Aggregate",
            "Strategy": "Plain",
            "Partial Mode": "Partial",
            "Parent Relationship": "Outer",
            "Parallel Aware": false,
            "Startup Cost": 107963.14,
            "Total Cost": 107963.15,
            "Plan Rows": 1,
            "Plan Width": 8,
            "Actual Startup Time": 370.844,
            "Actual Total Time": 370.848,
            "Actual Rows": 1,
            "Actual Loops": 2,
            "Plans": [
              {
                "Node Type": "Hash Join",
                "Parent Relationship": "Outer",
                "Parallel Aware": true,
                "Join Type": "Inner",
                "Startup Cost": 75988.23,
                "Total Cost": 107816.08,
                "Plan Rows": 58822,
                "Plan Width": 0,
                "Actual Startup Time": 230.319,
                "Actual Total Time": 367.556,
                "Actual Rows": 73743,
                "Actual Loops": 2,
                "Inner Unique": true,
                "Hash Cond": "(mk.movie_id = t.id)",
                "Plans": [
                  {
                    "Node Type": "Bitmap Heap Scan",
                    "Parent Relationship": "Outer",
                    "Parallel Aware": true,
                    "Relation Name": "movie_keyword",
                    "Alias": "mk",
                    "Startup Cost": 17579.61,
                    "Total Cost": 48127.7,
                    "Plan Rows": 487528,
                    "Plan Width": 4,
                    "Actual Startup Time": 53.579,
                    "Actual Total Time": 138.412,
                    "Actual Rows": 406374,
                    "Actual Loops": 2,
                    "Recheck Cond": "(keyword_id > 22549)",
                    "Rows Removed by Index Recheck": 0,
                    "Exact Heap Blocks": 14120,
                    "Lossy Heap Blocks": 0,
                    "Plans": [
                      {
                        "Node Type": "Bitmap Index Scan",
                        "Parent Relationship": "Outer",
                        "Parallel Aware": false,
                        "Index Name": "keyword_id_movie_keyword",
                        "Startup Cost": 0.0,
                        "Total Cost": 17372.41,
                        "Plan Rows": 828797,
                        "Plan Width": 0,
                        "Actual Startup Time": 49.981,
                        "Actual Total Time": 49.982,
                        "Actual Rows": 812748,
                        "Actual Loops": 1,
                        "Index Cond": "(keyword_id > 22549)"
                      }
                    ]
                  },
                  {
                    "Node Type": "Hash",
                    "Parent Relationship": "Inner",
                    "Parallel Aware": true,
                    "Startup Cost": 56165.61,
                    "Total Cost": 56165.61,
                    "Plan Rows": 179441,
                    "Plan Width": 4,
                    "Actual Startup Time": 171.085,
                    "Actual Total Time": 171.087,
                    "Actual Rows": 125100,
                    "Actual Loops": 2,
                    "Hash Buckets": 524288,
                    "Original Hash Buckets": 524288,
                    "Hash Batches": 1,
                    "Original Hash Batches": 1,
                    "Peak Memory Usage": 13920,
                    "Plans": [
                      {
                        "Node Type": "Bitmap Heap Scan",
                        "Parent Relationship": "Outer",
                        "Parallel Aware": true,
                        "Relation Name": "title",
                        "Alias": "t",
                        "Startup Cost": 13515.22,
                        "Total Cost": 56165.61,
                        "Plan Rows": 179441,
                        "Plan Width": 4,
                        "Actual Startup Time": 47.952,
                        "Actual Total Time": 143.308,
                        "Actual Rows": 125100,
                        "Actual Loops": 2,
                        "Recheck Cond": "(kind_id < 3)",
                        "Rows Removed by Index Recheck": 0,
                        "Filter": "(production_year > 2005)",
                        "Rows Removed by Filter": 251738,
                        "Exact Heap Blocks": 26686,
                        "Lossy Heap Blocks": 0,
                        "Plans": [
                          {
                            "Node Type": "Bitmap Index Scan",
                            "Parent Relationship": "Outer",
                            "Parallel Aware": false,
                            "Index Name": "kind_id_title",
                            "Startup Cost": 0.0,
                            "Total Cost": 13438.96,
                            "Plan Rows": 753937,
                            "Plan Width": 0,
                            "Actual Startup Time": 42.491,
                            "Actual Total Time": 42.491,
                            "Actual Rows": 753677,
                            "Actual Loops": 1,
                            "Index Cond": "(kind_id < 3)"
                          }
                        ]
                      }
                    ]
                  }
                ]
              }
            ]
          }
        ]
      }
    ]
  },
  "Planning Time": 0.475,
  "Triggers": [],
  "Execution Time": 393.678
}