[
  {
    "Plan": {
      "Node Type": "Aggregate",
      "Strategy": "Plain",
      "Partial Mode": "Finalize",
      "Parallel Aware": false,
      "Startup Cost": 126655.4,
      "Total Cost": 126655.41,
      "Plan Rows": 1,
      "Plan Width": 8,
      "Actual Startup Time": 1146.92,
      "Actual Total Time": 1173.3,
      "Actual Rows": 1,
      "Actual Loops": 1,
      "Plans": [
        {
          "Node Type": "Gather",
          "Parent Relationship": "Outer",
          "Parallel Aware": false,
          "Startup Cost": 126655.08,
          "Total Cost": 126655.39,
          "Plan Rows": 3,
          "Plan Width": 8,
          "Actual Startup Time": 1135.62,
          "Actual Total Time": 1173.289,
          "Actual Rows": 4,
          "Actual Loops": 1,
          "Workers Planned": 3,
          "Workers Launched": 3,
          "Single Copy": false,
          "Plans": [
            {
              "Node Type": "Aggregate",
              "Strategy": "Plain",
              "Partial Mode": "Partial",
              "Parent Relationship": "Outer",
              "Parallel Aware": false,
              "Startup Cost": 125655.08,
              "Total Cost": 125655.09,
              "Plan Rows": 1,
              "Plan Width": 8,
              "Actual Startup Time": 1124.024,
              "Actual Total Time": 1124.586,
              "Actual Rows": 1,
              "Actual Loops": 4,
              "Plans": [
                {
                  "Node Type": "Hash Join",
                  "Parent Relationship": "Outer",
                  "Parallel Aware": true,
                  "Join Type": "Inner",
                  "Startup Cost": 72602.63,
                  "Total Cost": 123742.43,
                  "Plan Rows": 765061,
                  "Plan Width": 0,
                  "Actual Startup Time": 600.55,
                  "Actual Total Time": 1010.72,
                  "Actual Rows": 2516074,
                  "Actual Loops": 4,
                  "Inner Unique": false,
                  "Hash Cond": "(mk.movie_id = t.id)",
                  "Plans": [
                    {
                      "Node Type": "Seq Scan",
                      "Parent Relationship": "Outer",
                      "Parallel Aware": true,
                      "Relation Name": "movie_keyword",
                      "Alias": "mk",
                      "Startup Cost": 0.0,
                      "Total Cost": 42695.65,
                      "Plan Rows": 1401702,
                      "Plan Width": 4,
                      "Actual Startup Time": 0.043,
                      "Actual Total Time": 120.625,
                      "Actual Rows": 1085985,
                      "Actual Loops": 4,
                      "Filter": "(keyword_id > 128)",
                      "Rows Removed by Filter": 44997
                    },
                    {
                      "Node Type": "Hash",
                      "Parent Relationship": "Inner",
                      "Parallel Aware": true,
                      "Startup Cost": 65414.94,
                      "Total Cost": 65414.94,
                      "Plan Rows": 575015,
                      "Plan Width": 8,
                      "Actual Startup Time": 592.513,
                      "Actual Total Time": 593.073,
                      "Actual Rows": 345009,
                      "Actual Loops": 4,
                      "Hash Buckets": 2097152,
                      "Original Hash Buckets": 2097152,
                      "Hash Batches": 1,
                      "Original Hash Batches": 1,
                      "Peak Memory Usage": 70464,
                      "Plans": [
                        {
                          "Node Type": "Hash Join",
                          "Parent Relationship": "Outer",
                          "Parallel Aware": true,
                          "Join Type": "Inner",
                          "Startup Cost": 50220.38,
                          "Total Cost": 65414.94,
                          "Plan Rows": 575015,
                          "Plan Width": 8,
                          "Actual Startup Time": 363.474,
                          "Actual Total Time": 497.43,
                          "Actual Rows": 345009,
                          "Actual Loops": 4,
                          "Inner Unique": true,
                          "Hash Cond": "(mi_idx.movie_id = t.id)",
                          "Plans": [
                            {
                              "Node Type": "Seq Scan",
                              "Parent Relationship": "Outer",
                              "Parallel Aware": true,
                              "Relation Name": "movie_info_idx",
                              "Alias": "mi_idx",
                              "Startup Cost": 0.0,
                              "Total Cost": 13685.15,
                              "Plan Rows": 575015,
                              "Plan Width": 4,
                              "Actual Startup Time": 0.015,
                              "Actual Total Time": 34.168,
                              "Actual Rows": 345009,
                              "Actual Loops": 4
                            },
                            {
                              "Node Type": "Hash",
                              "Parent Relationship": "Inner",
                              "Parallel Aware": true,
                              "Startup Cost": 42319.06,
                              "Total Cost": 42319.06,
                              "Plan Rows": 632106,
                              "Plan Width": 4,
                              "Actual Startup Time": 356.872,
                              "Actual Total Time": 356.873,
                              "Actual Rows": 632078,
                              "Actual Loops": 4,
                              "Hash Buckets": 4194304,
                              "Original Hash Buckets": 4194304,
                              "Hash Batches": 1,
                              "Original Hash Batches": 1,
                              "Peak Memory Usage": 131744,
                              "Plans": [
                                {
                                  "Node Type": "Seq Scan",
                                  "Parent Relationship": "Outer",
                                  "Parallel Aware": true,
                                  "Relation Name": "title",
                                  "Alias": "t",
                                  "Startup Cost": 0.0,
                                  "Total Cost": 42319.06,
                                  "Plan Rows": 632106,
                                  "Plan Width": 4,
                                  "Actual Startup Time": 0.06,
                                  "Actual Total Time": 108.217,
                                  "Actual Rows": 632078,
                                  "Actual Loops": 4
                                }
                              ]
                            }
                          ]
                        }
                      ]
                    }
                  ]
                }
              ]
            }
          ]
        }
      ]
    },
    "Planning Time": 1.306,
    "Triggers": [],
    "Execution Time": 1173.395
  }
]