[
  {
    "Plan": {
      "Node Type": "Aggregate",
      "Strategy": "Plain",
      "Partial Mode": "Finalize",
      "Parallel Aware": false,
      "Startup Cost": 114960.02,
      "Total Cost": 114960.03,
      "Plan Rows": 1,
      "Plan Width": 8,
      "Actual Startup Time": 303.474,
      "Actual Total Time": 320.482,
      "Actual Rows": 1,
      "Actual Loops": 1,
      "Plans": [
        {
          "Node Type": "Gather",
          "Parent Relationship": "Outer",
          "Parallel Aware": false,
          "Startup Cost": 114959.6,
          "Total Cost": 114960.01,
          "Plan Rows": 4,
          "Plan Width": 8,
          "Actual Startup Time": 300.725,
          "Actual Total Time": 320.474,
          "Actual Rows": 5,
          "Actual Loops": 1,
          "Workers Planned": 4,
          "Workers Launched": 4,
          "Single Copy": false,
          "Plans": [
            {
              "Node Type": "Aggregate",
              "Strategy": "Plain",
              "Partial Mode": "Partial",
              "Parent Relationship": "Outer",
              "Parallel Aware": false,
              "Startup Cost": 113959.6,
              "Total Cost": 113959.61,
              "Plan Rows": 1,
              "Plan Width": 8,
              "Actual Startup Time": 290.346,
              "Actual Total Time": 290.35,
              "Actual Rows": 1,
              "Actual Loops": 5,
              "Plans": [
                {
                  "Node Type": "Nested Loop",
                  "Parent Relationship": "Outer",
                  "Parallel Aware": false,
                  "Join Type": "Inner",
                  "Startup Cost": 28962.32,
                  "Total Cost": 113866.69,
                  "Plan Rows": 37162,
                  "Plan Width": 0,
                  "Actual Startup Time": 103.0,
                  "Actual Total Time": 287.654,
                  "Actual Rows": 59197,
                  "Actual Loops": 5,
                  "Inner Unique": false,
                  "Plans": [
                    {
                      "Node Type": "Hash Join",
                      "Parent Relationship": "Outer",
                      "Parallel Aware": true,
                      "Join Type": "Inner",
                      "Startup Cost": 28961.89,
                      "Total Cost": 75995.61,
                      "Plan Rows": 20769,
                      "Plan Width": 8,
                      "Actual Startup Time": 102.737,
                      "Actual Total Time": 229.041,
                      "Actual Rows": 18850,
                      "Actual Loops": 5,
                      "Inner Unique": false,
                      "Hash Cond": "(t.id = mc.movie_id)",
                      "Plans": [
                        {
                          "Node Type": "Seq Scan",
                          "Parent Relationship": "Outer",
                          "Parallel Aware": true,
                          "Relation Name": "title",
                          "Alias": "t",
                          "Startup Cost": 0.0,
                          "Total Cost": 45479.1,
                          "Plan Rows": 297524,
                          "Plan Width": 4,
                          "Actual Startup Time": 0.013,
                          "Actual Total Time": 74.339,
                          "Actual Rows": 262524,
                          "Actual Loops": 5,
                          "Filter": "((kind_id > 3) AND (production_year > 1988))",
                          "Rows Removed by Filter": 243138
                        },
                        {
                          "Node Type": "Hash",
                          "Parent Relationship": "Inner",
                          "Parallel Aware": true,
                          "Startup Cost": 28250.24,
                          "Total Cost": 28250.24,
                          "Plan Rows": 56932,
                          "Plan Width": 4,
                          "Actual Startup Time": 100.786,
                          "Actual Total Time": 100.787,
                          "Actual Rows": 55220,
                          "Actual Loops": 5,
                          "Hash Buckets": 524288,
                          "Original Hash Buckets": 262144,
                          "Hash Batches": 1,
                          "Original Hash Batches": 1,
                          "Peak Memory Usage": 17024,
                          "Plans": [
                            {
                              "Node Type": "Bitmap Heap Scan",
                              "Parent Relationship": "Outer",
                              "Parallel Aware": true,
                              "Relation Name": "movie_companies",
                              "Alias": "mc",
                              "Startup Cost": 7725.46,
                              "Total Cost": 28250.24,
                              "Plan Rows": 56932,
                              "Plan Width": 4,
                              "Actual Startup Time": 27.833,
                              "Actual Total Time": 72.538,
                              "Actual Rows": 55220,
                              "Actual Loops": 5,
                              "Recheck Cond": "(company_id < 172)",
                              "Rows Removed by Index Recheck": 0,
                              "Filter": "(company_type_id < 2)",
                              "Rows Removed by Filter": 15766,
                              "Exact Heap Blocks": 7098,
                              "Lossy Heap Blocks": 0,
                              "Plans": [
                                {
                                  "Node Type": "Bitmap Index Scan",
                                  "Parent Relationship": "Outer",
                                  "Parallel Aware": false,
                                  "Index Name": "company_id_movie_companies",
                                  "Startup Cost": 0.0,
                                  "Total Cost": 7681.34,
                                  "Plan Rows": 358521,
                                  "Plan Width": 0,
                                  "Actual Startup Time": 27.208,
                                  "Actual Total Time": 27.209,
                                  "Actual Rows": 354933,
                                  "Actual Loops": 1,
                                  "Index Cond": "(company_id < 172)"
                                }
                              ]
                            }
                          ]
                        }
                      ]
                    },
                    {
                      "Node Type": "Index Only Scan",
                      "Parent Relationship": "Inner",
                      "Parallel Aware": false,
                      "Scan Direction": "Forward",
                      "Index Name": "movie_id_movie_keyword",
                      "Relation Name": "movie_keyword",
                      "Alias": "mk",
                      "Startup Cost": 0.43,
                      "Total Cost": 1.37,
                      "Plan Rows": 45,
                      "Plan Width": 4,
                      "Actual Startup Time": 0.002,
                      "Actual Total Time": 0.003,
                      "Actual Rows": 3,
                      "Actual Loops": 94250,
                      "Index Cond": "(movie_id = t.id)",
                      "Rows Removed by Index Recheck": 0,
                      "Heap Fetches": 295984
                    }
                  ]
                }
              ]
            }
          ]
        }
      ]
    },
    "Planning Time": 1.484,
    "Triggers": [],
    "Execution Time": 320.589
  }
]