[
    {
        "Bao": {
            "Bao prediction": "NaN",
            "Bao recommended hint": "(no hint)"
        }
    },
    {
        "Plan": {
            "Node Type": "Aggregate",
            "Strategy": "Plain",
            "Partial Mode": "Finalize",
            "Parallel Aware": false,
            "Startup Cost": 33310.55,
            "Total Cost": 33310.56,
            "Plan Rows": 1,
            "Plan Width": 8,
            "Actual Startup Time": 95.713,
            "Actual Total Time": 106.002,
            "Actual Rows": 1,
            "Actual Loops": 1,
            "Output": [
                "count(*)"
            ],
            "Plans": [
                {
                    "Node Type": "Gather",
                    "Parent Relationship": "Outer",
                    "Parallel Aware": false,
                    "Startup Cost": 33310.23,
                    "Total Cost": 33310.54,
                    "Plan Rows": 3,
                    "Plan Width": 8,
                    "Actual Startup Time": 95.648,
                    "Actual Total Time": 105.995,
                    "Actual Rows": 4,
                    "Actual Loops": 1,
                    "Output": [
                        "(PARTIAL count(*))"
                    ],
                    "Workers Planned": 3,
                    "Workers Launched": 3,
                    "Single Copy": false,
                    "Plans": [
                        {
                            "Node Type": "Aggregate",
                            "Strategy": "Plain",
                            "Partial Mode": "Partial",
                            "Parent Relationship": "Outer",
                            "Parallel Aware": false,
                            "Startup Cost": 32310.23,
                            "Total Cost": 32310.24,
                            "Plan Rows": 1,
                            "Plan Width": 8,
                            "Actual Startup Time": 87.649,
                            "Actual Total Time": 87.65,
                            "Actual Rows": 1,
                            "Actual Loops": 4,
                            "Output": [
                                "PARTIAL count(*)"
                            ],
                            "Workers": [
                                {
                                    "Worker Number": 0,
                                    "Actual Startup Time": 84.882,
                                    "Actual Total Time": 84.884,
                                    "Actual Rows": 1,
                                    "Actual Loops": 1
                                },
                                {
                                    "Worker Number": 1,
                                    "Actual Startup Time": 85.009,
                                    "Actual Total Time": 85.01,
                                    "Actual Rows": 1,
                                    "Actual Loops": 1
                                },
                                {
                                    "Worker Number": 2,
                                    "Actual Startup Time": 85.308,
                                    "Actual Total Time": 85.309,
                                    "Actual Rows": 1,
                                    "Actual Loops": 1
                                }
                            ],
                            "Plans": [
                                {
                                    "Node Type": "Seq Scan",
                                    "Parent Relationship": "Outer",
                                    "Parallel Aware": true,
                                    "Relation Name": "movie_companies",
                                    "Schema": "public",
                                    "Alias": "mc",
                                    "Startup Cost": 0.0,
                                    "Total Cost": 31414.82,
                                    "Plan Rows": 358165,
                                    "Plan Width": 0,
                                    "Actual Startup Time": 40.71,
                                    "Actual Total Time": 75.235,
                                    "Actual Rows": 308337,
                                    "Actual Loops": 4,
                                    "Output": [
                                        "id",
                                        "movie_id",
                                        "company_id",
                                        "company_type_id",
                                        "note"
                                    ],
                                    "Filter": "((mc.company_id > 302) AND (mc.company_type_id = 2))",
                                    "Rows Removed by Filter": 343946,
                                    "Workers": [
                                        {
                                            "Worker Number": 0,
                                            "Actual Startup Time": 37.941,
                                            "Actual Total Time": 72.675,
                                            "Actual Rows": 301490,
                                            "Actual Loops": 1
                                        },
                                        {
                                            "Worker Number": 1,
                                            "Actual Startup Time": 38.078,
                                            "Actual Total Time": 73.258,
                                            "Actual Rows": 291805,
                                            "Actual Loops": 1
                                        },
                                        {
                                            "Worker Number": 2,
                                            "Actual Startup Time": 38.361,
                                            "Actual Total Time": 73.16,
                                            "Actual Rows": 296325,
                                            "Actual Loops": 1
                                        }
                                    ]
                                }
                            ]
                        }
                    ]
                }
            ]
        },
        "Planning Time": 197.151,
        "Triggers": [],
        "Execution Time": 106.045
    }
]