[
  {
    "Plan": {
      "Node Type": "Aggregate",
      "Strategy": "Plain",
      "Partial Mode": "Finalize",
      "Parallel Aware": false,
      "Startup Cost": 44851.5,
      "Total Cost": 44851.51,
      "Plan Rows": 1,
      "Plan Width": 8,
      "Actual Startup Time": 130.513,
      "Actual Total Time": 140.498,
      "Actual Rows": 1,
      "Actual Loops": 1,
      "Plans": [
        {
          "Node Type": "Gather",
          "Parent Relationship": "Outer",
          "Parallel Aware": false,
          "Startup Cost": 44851.18,
          "Total Cost": 44851.49,
          "Plan Rows": 3,
          "Plan Width": 8,
          "Actual Startup Time": 130.31,
          "Actual Total Time": 140.488,
          "Actual Rows": 4,
          "Actual Loops": 1,
          "Workers Planned": 3,
          "Workers Launched": 3,
          "Single Copy": false,
          "Plans": [
            {
              "Node Type": "Aggregate",
              "Strategy": "Plain",
              "Partial Mode": "Partial",
              "Parent Relationship": "Outer",
              "Parallel Aware": false,
              "Startup Cost": 43851.18,
              "Total Cost": 43851.19,
              "Plan Rows": 1,
              "Plan Width": 8,
              "Actual Startup Time": 124.848,
              "Actual Total Time": 124.85,
              "Actual Rows": 1,
              "Actual Loops": 4,
              "Plans": [
                {
                  "Node Type": "Seq Scan",
                  "Parent Relationship": "Outer",
                  "Parallel Aware": true,
                  "Relation Name": "movie_keyword",
                  "Alias": "mk",
                  "Startup Cost": 0.0,
                  "Total Cost": 42695.65,
                  "Plan Rows": 462210,
                  "Plan Width": 0,
                  "Actual Startup Time": 0.046,
                  "Actual Total Time": 107.617,
                  "Actual Rows": 358487,
                  "Actual Loops": 4,
                  "Filter": "(keyword_id < 1986)",
                  "Rows Removed by Filter": 772495
                }
              ]
            }
          ]
        }
      ]
    },
    "Planning Time": 0.181,
    "Triggers": [],
    "Execution Time": 140.55
  }
]