[
  {
    "Plan": {
      "Node Type": "Aggregate",
      "Strategy": "Plain",
      "Partial Mode": "Finalize",
      "Parallel Aware": false,
      "Startup Cost": 58320.46,
      "Total Cost": 58320.47,
      "Plan Rows": 1,
      "Plan Width": 8,
      "Actual Startup Time": 63.489,
      "Actual Total Time": 74.189,
      "Actual Rows": 1,
      "Actual Loops": 1,
      "Plans": [
        {
          "Node Type": "Gather",
          "Parent Relationship": "Outer",
          "Parallel Aware": false,
          "Startup Cost": 58320.04,
          "Total Cost": 58320.45,
          "Plan Rows": 4,
          "Plan Width": 8,
          "Actual Startup Time": 62.872,
          "Actual Total Time": 74.183,
          "Actual Rows": 5,
          "Actual Loops": 1,
          "Workers Planned": 4,
          "Workers Launched": 4,
          "Single Copy": false,
          "Plans": [
            {
              "Node Type": "Aggregate",
              "Strategy": "Plain",
              "Partial Mode": "Partial",
              "Parent Relationship": "Outer",
              "Parallel Aware": false,
              "Startup Cost": 57320.04,
              "Total Cost": 57320.05,
              "Plan Rows": 1,
              "Plan Width": 8,
              "Actual Startup Time": 55.402,
              "Actual Total Time": 55.404,
              "Actual Rows": 1,
              "Actual Loops": 5,
              "Plans": [
                {
                  "Node Type": "Nested Loop",
                  "Parent Relationship": "Outer",
                  "Parallel Aware": false,
                  "Join Type": "Inner",
                  "Startup Cost": 1698.58,
                  "Total Cost": 57316.45,
                  "Plan Rows": 1437,
                  "Plan Width": 0,
                  "Actual Startup Time": 10.313,
                  "Actual Total Time": 55.254,
                  "Actual Rows": 1808,
                  "Actual Loops": 5,
                  "Inner Unique": false,
                  "Join Filter": "(t.id = mi.movie_id)",
                  "Rows Removed by Join Filter": 0,
                  "Plans": [
                    {
                      "Node Type": "Nested Loop",
                      "Parent Relationship": "Outer",
                      "Parallel Aware": false,
                      "Join Type": "Inner",
                      "Startup Cost": 1698.15,
                      "Total Cost": 56862.65,
                      "Plan Rows": 245,
                      "Plan Width": 8,
                      "Actual Startup Time": 10.119,
                      "Actual Total Time": 50.392,
                      "Actual Rows": 186,
                      "Actual Loops": 5,
                      "Inner Unique": false,
                      "Plans": [
                        {
                          "Node Type": "Bitmap Heap Scan",
                          "Parent Relationship": "Outer",
                          "Parallel Aware": true,
                          "Relation Name": "title",
                          "Alias": "t",
                          "Startup Cost": 1697.58,
                          "Total Cost": 38052.09,
                          "Plan Rows": 134,
                          "Plan Width": 4,
                          "Actual Startup Time": 9.397,
                          "Actual Total Time": 40.928,
                          "Actual Rows": 111,
                          "Actual Loops": 5,
                          "Recheck Cond": "(kind_id = 2)",
                          "Rows Removed by Index Recheck": 0,
                          "Filter": "(production_year = 1971)",
                          "Rows Removed by Filter": 18059,
                          "Exact Heap Blocks": 13721,
                          "Lossy Heap Blocks": 0,
                          "Plans": [
                            {
                              "Node Type": "Bitmap Index Scan",
                              "Parent Relationship": "Outer",
                              "Parallel Aware": false,
                              "Index Name": "kind_id_title",
                              "Startup Cost": 0.0,
                              "Total Cost": 1697.45,
                              "Plan Rows": 95069,
                              "Plan Width": 0,
                              "Actual Startup Time": 9.949,
                              "Actual Total Time": 9.95,
                              "Actual Rows": 90852,
                              "Actual Loops": 1,
                              "Index Cond": "(kind_id = 2)"
                            }
                          ]
                        },
                        {
                          "Node Type": "Index Scan",
                          "Parent Relationship": "Inner",
                          "Parallel Aware": false,
                          "Scan Direction": "Forward",
                          "Index Name": "movie_id_cast_info",
                          "Relation Name": "cast_info",
                          "Alias": "ci",
                          "Startup Cost": 0.56,
                          "Total Cost": 140.34,
                          "Plan Rows": 4,
                          "Plan Width": 4,
                          "Actual Startup Time": 0.07,
                          "Actual Total Time": 0.084,
                          "Actual Rows": 2,
                          "Actual Loops": 556,
                          "Index Cond": "(movie_id = t.id)",
                          "Rows Removed by Index Recheck": 0,
                          "Filter": "((person_id > 2681149) AND (role_id > 2))",
                          "Rows Removed by Filter": 7
                        }
                      ]
                    },
                    {
                      "Node Type": "Index Only Scan",
                      "Parent Relationship": "Inner",
                      "Parallel Aware": false,
                      "Scan Direction": "Forward",
                      "Index Name": "movie_id_movie_info",
                      "Relation Name": "movie_info",
                      "Alias": "mi",
                      "Startup Cost": 0.43,
                      "Total Cost": 1.34,
                      "Plan Rows": 41,
                      "Plan Width": 4,
                      "Actual Startup Time": 0.01,
                      "Actual Total Time": 0.024,
                      "Actual Rows": 10,
                      "Actual Loops": 931,
                      "Index Cond": "(movie_id = ci.movie_id)",
                      "Rows Removed by Index Recheck": 0,
                      "Heap Fetches": 9042
                    }
                  ]
                }
              ]
            }
          ]
        }
      ]
    },
    "Planning Time": 0.761,
    "Triggers": [],
    "Execution Time": 74.242
  }
]