[
  {
    "Plan": {
      "Node Type": "Aggregate",
      "Strategy": "Plain",
      "Partial Mode": "Finalize",
      "Parallel Aware": false,
      "Startup Cost": 45059.02,
      "Total Cost": 45059.03,
      "Plan Rows": 1,
      "Plan Width": 8,
      "Actual Startup Time": 146.343,
      "Actual Total Time": 156.155,
      "Actual Rows": 1,
      "Actual Loops": 1,
      "Plans": [
        {
          "Node Type": "Gather",
          "Parent Relationship": "Outer",
          "Parallel Aware": false,
          "Startup Cost": 45058.7,
          "Total Cost": 45059.01,
          "Plan Rows": 3,
          "Plan Width": 8,
          "Actual Startup Time": 146.223,
          "Actual Total Time": 156.145,
          "Actual Rows": 4,
          "Actual Loops": 1,
          "Workers Planned": 3,
          "Workers Launched": 3,
          "Single Copy": false,
          "Plans": [
            {
              "Node Type": "Aggregate",
              "Strategy": "Plain",
              "Partial Mode": "Partial",
              "Parent Relationship": "Outer",
              "Parallel Aware": false,
              "Startup Cost": 44058.7,
              "Total Cost": 44058.71,
              "Plan Rows": 1,
              "Plan Width": 8,
              "Actual Startup Time": 138.905,
              "Actual Total Time": 138.906,
              "Actual Rows": 1,
              "Actual Loops": 4,
              "Plans": [
                {
                  "Node Type": "Seq Scan",
                  "Parent Relationship": "Outer",
                  "Parallel Aware": true,
                  "Relation Name": "movie_keyword",
                  "Alias": "mk",
                  "Startup Cost": 0.0,
                  "Total Cost": 42695.65,
                  "Plan Rows": 545218,
                  "Plan Width": 0,
                  "Actual Startup Time": 0.056,
                  "Actual Total Time": 117.454,
                  "Actual Rows": 427527,
                  "Actual Loops": 4,
                  "Filter": "(keyword_id < 2714)",
                  "Rows Removed by Filter": 703455
                }
              ]
            }
          ]
        }
      ]
    },
    "Planning Time": 0.23,
    "Triggers": [],
    "Execution Time": 156.212
  }
]