[
  {
    "Plan": {
      "Node Type": "Aggregate",
      "Strategy": "Plain",
      "Partial Mode": "Finalize",
      "Parallel Aware": false,
      "Startup Cost": 338912.08,
      "Total Cost": 338912.09,
      "Plan Rows": 1,
      "Plan Width": 8,
      "Actual Startup Time": 846.506,
      "Actual Total Time": 895.521,
      "Actual Rows": 1,
      "Actual Loops": 1,
      "Plans": [
        {
          "Node Type": "Gather",
          "Parent Relationship": "Outer",
          "Parallel Aware": false,
          "Startup Cost": 338911.45,
          "Total Cost": 338912.06,
          "Plan Rows": 6,
          "Plan Width": 8,
          "Actual Startup Time": 846.293,
          "Actual Total Time": 895.502,
          "Actual Rows": 7,
          "Actual Loops": 1,
          "Workers Planned": 6,
          "Workers Launched": 6,
          "Single Copy": false,
          "Plans": [
            {
              "Node Type": "Aggregate",
              "Strategy": "Plain",
              "Partial Mode": "Partial",
              "Parent Relationship": "Outer",
              "Parallel Aware": false,
              "Startup Cost": 337911.45,
              "Total Cost": 337911.46,
              "Plan Rows": 1,
              "Plan Width": 8,
              "Actual Startup Time": 837.678,
              "Actual Total Time": 837.68,
              "Actual Rows": 1,
              "Actual Loops": 7,
              "Plans": [
                {
                  "Node Type": "Seq Scan",
                  "Parent Relationship": "Outer",
                  "Parallel Aware": true,
                  "Relation Name": "cast_info",
                  "Alias": "ci",
                  "Startup Cost": 0.0,
                  "Total Cost": 328211.39,
                  "Plan Rows": 3880024,
                  "Plan Width": 0,
                  "Actual Startup Time": 0.054,
                  "Actual Total Time": 659.832,
                  "Actual Rows": 3347082,
                  "Actual Loops": 7,
                  "Filter": "(person_id < 2398160)",
                  "Rows Removed by Filter": 1830682
                }
              ]
            }
          ]
        }
      ]
    },
    "Planning Time": 0.2,
    "Triggers": [],
    "Execution Time": 895.588
  }
]