[
  {
    "Plan": {
      "Node Type": "Aggregate",
      "Strategy": "Plain",
      "Partial Mode": "Finalize",
      "Parallel Aware": false,
      "Startup Cost": 45851.79,
      "Total Cost": 45851.8,
      "Plan Rows": 1,
      "Plan Width": 8,
      "Actual Startup Time": 132.609,
      "Actual Total Time": 137.969,
      "Actual Rows": 1,
      "Actual Loops": 1,
      "Plans": [
        {
          "Node Type": "Gather",
          "Parent Relationship": "Outer",
          "Parallel Aware": false,
          "Startup Cost": 45851.48,
          "Total Cost": 45851.79,
          "Plan Rows": 3,
          "Plan Width": 8,
          "Actual Startup Time": 132.545,
          "Actual Total Time": 137.963,
          "Actual Rows": 4,
          "Actual Loops": 1,
          "Workers Planned": 3,
          "Workers Launched": 3,
          "Single Copy": false,
          "Plans": [
            {
              "Node Type": "Aggregate",
              "Strategy": "Plain",
              "Partial Mode": "Partial",
              "Parent Relationship": "Outer",
              "Parallel Aware": false,
              "Startup Cost": 44851.48,
              "Total Cost": 44851.49,
              "Plan Rows": 1,
              "Plan Width": 8,
              "Actual Startup Time": 130.007,
              "Actual Total Time": 130.008,
              "Actual Rows": 1,
              "Actual Loops": 4,
              "Plans": [
                {
                  "Node Type": "Seq Scan",
                  "Parent Relationship": "Outer",
                  "Parallel Aware": true,
                  "Relation Name": "movie_keyword",
                  "Alias": "mk",
                  "Startup Cost": 0.0,
                  "Total Cost": 42695.65,
                  "Plan Rows": 862329,
                  "Plan Width": 0,
                  "Actual Startup Time": 0.017,
                  "Actual Total Time": 101.267,
                  "Actual Rows": 672178,
                  "Actual Loops": 4,
                  "Filter": "(keyword_id < 7599)",
                  "Rows Removed by Filter": 458804
                }
              ]
            }
          ]
        }
      ]
    },
    "Planning Time": 0.073,
    "Triggers": [],
    "Execution Time": 137.991
  }
]