[
  {
    "Plan": {
      "Node Type": "Aggregate",
      "Strategy": "Plain",
      "Partial Mode": "Finalize",
      "Parallel Aware": false,
      "Startup Cost": 32864.6,
      "Total Cost": 32864.61,
      "Plan Rows": 1,
      "Plan Width": 8,
      "Actual Startup Time": 76.142,
      "Actual Total Time": 83.483,
      "Actual Rows": 1,
      "Actual Loops": 1,
      "Plans": [
        {
          "Node Type": "Gather",
          "Parent Relationship": "Outer",
          "Parallel Aware": false,
          "Startup Cost": 32864.28,
          "Total Cost": 32864.59,
          "Plan Rows": 3,
          "Plan Width": 8,
          "Actual Startup Time": 76.002,
          "Actual Total Time": 83.475,
          "Actual Rows": 4,
          "Actual Loops": 1,
          "Workers Planned": 3,
          "Workers Launched": 3,
          "Single Copy": false,
          "Plans": [
            {
              "Node Type": "Aggregate",
              "Strategy": "Plain",
              "Partial Mode": "Partial",
              "Parent Relationship": "Outer",
              "Parallel Aware": false,
              "Startup Cost": 31864.28,
              "Total Cost": 31864.29,
              "Plan Rows": 1,
              "Plan Width": 8,
              "Actual Startup Time": 71.314,
              "Actual Total Time": 71.315,
              "Actual Rows": 1,
              "Actual Loops": 4,
              "Plans": [
                {
                  "Node Type": "Seq Scan",
                  "Parent Relationship": "Outer",
                  "Parallel Aware": true,
                  "Relation Name": "movie_companies",
                  "Alias": "mc",
                  "Startup Cost": 0.0,
                  "Total Cost": 31414.82,
                  "Plan Rows": 179785,
                  "Plan Width": 0,
                  "Actual Startup Time": 36.798,
                  "Actual Total Time": 67.533,
                  "Actual Rows": 86500,
                  "Actual Loops": 4,
                  "Filter": "((company_id < 7452) AND (company_type_id > 1))",
                  "Rows Removed by Filter": 565782
                }
              ]
            }
          ]
        }
      ]
    },
    "Planning Time": 0.215,
    "Triggers": [],
    "Execution Time": 83.538
  }
]