[
  {
    "Plan": {
      "Node Type": "Aggregate",
      "Strategy": "Plain",
      "Partial Mode": "Finalize",
      "Parallel Aware": false,
      "Startup Cost": 44934.74,
      "Total Cost": 44934.75,
      "Plan Rows": 1,
      "Plan Width": 8,
      "Actual Startup Time": 135.459,
      "Actual Total Time": 145.286,
      "Actual Rows": 1,
      "Actual Loops": 1,
      "Plans": [
        {
          "Node Type": "Gather",
          "Parent Relationship": "Outer",
          "Parallel Aware": false,
          "Startup Cost": 44934.42,
          "Total Cost": 44934.73,
          "Plan Rows": 3,
          "Plan Width": 8,
          "Actual Startup Time": 135.34,
          "Actual Total Time": 145.275,
          "Actual Rows": 4,
          "Actual Loops": 1,
          "Workers Planned": 3,
          "Workers Launched": 3,
          "Single Copy": false,
          "Plans": [
            {
              "Node Type": "Aggregate",
              "Strategy": "Plain",
              "Partial Mode": "Partial",
              "Parent Relationship": "Outer",
              "Parallel Aware": false,
              "Startup Cost": 43934.42,
              "Total Cost": 43934.43,
              "Plan Rows": 1,
              "Plan Width": 8,
              "Actual Startup Time": 129.579,
              "Actual Total Time": 129.58,
              "Actual Rows": 1,
              "Actual Loops": 4,
              "Plans": [
                {
                  "Node Type": "Seq Scan",
                  "Parent Relationship": "Outer",
                  "Parallel Aware": true,
                  "Relation Name": "movie_keyword",
                  "Alias": "mk",
                  "Startup Cost": 0.0,
                  "Total Cost": 42695.65,
                  "Plan Rows": 495507,
                  "Plan Width": 0,
                  "Actual Startup Time": 2.027,
                  "Actual Total Time": 110.793,
                  "Actual Rows": 384766,
                  "Actual Loops": 4,
                  "Filter": "(keyword_id > 10300)",
                  "Rows Removed by Filter": 746216
                }
              ]
            }
          ]
        }
      ]
    },
    "Planning Time": 0.18,
    "Triggers": [],
    "Execution Time": 145.347
  }
]