[
  {
    "Plan": {
      "Node Type": "Aggregate",
      "Strategy": "Plain",
      "Partial Mode": "Finalize",
      "Parallel Aware": false,
      "Startup Cost": 42474.51,
      "Total Cost": 42474.52,
      "Plan Rows": 1,
      "Plan Width": 8,
      "Actual Startup Time": 154.014,
      "Actual Total Time": 165.482,
      "Actual Rows": 1,
      "Actual Loops": 1,
      "Plans": [
        {
          "Node Type": "Gather",
          "Parent Relationship": "Outer",
          "Parallel Aware": false,
          "Startup Cost": 42474.2,
          "Total Cost": 42474.51,
          "Plan Rows": 3,
          "Plan Width": 8,
          "Actual Startup Time": 153.705,
          "Actual Total Time": 165.474,
          "Actual Rows": 4,
          "Actual Loops": 1,
          "Workers Planned": 3,
          "Workers Launched": 3,
          "Single Copy": false,
          "Plans": [
            {
              "Node Type": "Aggregate",
              "Strategy": "Plain",
              "Partial Mode": "Partial",
              "Parent Relationship": "Outer",
              "Parallel Aware": false,
              "Startup Cost": 41474.2,
              "Total Cost": 41474.21,
              "Plan Rows": 1,
              "Plan Width": 8,
              "Actual Startup Time": 146.928,
              "Actual Total Time": 146.93,
              "Actual Rows": 1,
              "Actual Loops": 4,
              "Plans": [
                {
                  "Node Type": "Bitmap Heap Scan",
                  "Parent Relationship": "Outer",
                  "Parallel Aware": true,
                  "Relation Name": "movie_keyword",
                  "Alias": "mk",
                  "Startup Cost": 13859.24,
                  "Total Cost": 40947.37,
                  "Plan Rows": 210731,
                  "Plan Width": 0,
                  "Actual Startup Time": 57.181,
                  "Actual Total Time": 137.222,
                  "Actual Rows": 160092,
                  "Actual Loops": 4,
                  "Recheck Cond": "(keyword_id > 29029)",
                  "Rows Removed by Index Recheck": 0,
                  "Exact Heap Blocks": 10940,
                  "Lossy Heap Blocks": 0,
                  "Plans": [
                    {
                      "Node Type": "Bitmap Index Scan",
                      "Parent Relationship": "Outer",
                      "Parallel Aware": false,
                      "Index Name": "keyword_id_movie_keyword",
                      "Startup Cost": 0.0,
                      "Total Cost": 13695.92,
                      "Plan Rows": 653265,
                      "Plan Width": 0,
                      "Actual Startup Time": 59.684,
                      "Actual Total Time": 59.685,
                      "Actual Rows": 640368,
                      "Actual Loops": 1,
                      "Index Cond": "(keyword_id > 29029)"
                    }
                  ]
                }
              ]
            }
          ]
        }
      ]
    },
    "Planning Time": 0.212,
    "Triggers": [],
    "Execution Time": 165.56
  }
]