{
  "Plan": {
    "Node Type": "Aggregate",
    "Strategy": "Plain",
    "Partial Mode": "Finalize",
    "Parallel Aware": false,
    "Startup Cost": 63471.27,
    "Total Cost": 63471.28,
    "Plan Rows": 1,
    "Plan Width": 8,
    "Actual Startup Time": 64.858,
    "Actual Total Time": 72.065,
    "Actual Rows": 1,
    "Actual Loops": 1,
    "Plans": [
      {
        "Node Type": "Gather",
        "Parent Relationship": "Outer",
        "Parallel Aware": false,
        "Startup Cost": 63471.16,
        "Total Cost": 63471.27,
        "Plan Rows": 1,
        "Plan Width": 8,
        "Actual Startup Time": 64.651,
        "Actual Total Time": 72.06,
        "Actual Rows": 2,
        "Actual Loops": 1,
        "Workers Planned": 1,
        "Workers Launched": 1,
        "Single Copy": false,
        "Plans": [
          {
            "Node Type": "Aggregate",
            "Strategy": "Plain",
            "Partial Mode": "Partial",
            "Parent Relationship": "Outer",
            "Parallel Aware": false,
            "Startup Cost": 62471.16,
            "Total Cost": 62471.17,
            "Plan Rows": 1,
            "Plan Width": 8,
            "Actual Startup Time": 58.604,
            "Actual Total Time": 58.606,
            "Actual Rows": 1,
            "Actual Loops": 2,
            "Plans": [
              {
                "Node Type": "Nested Loop",
                "Parent Relationship": "Outer",
                "Parallel Aware": false,
                "Join Type": "Inner",
                "Startup Cost": 243.56,
                "Total Cost": 62468.21,
                "Plan Rows": 1178,
                "Plan Width": 0,
                "Actual Startup Time": 4.224,
                "Actual Total Time": 58.539,
                "Actual Rows": 355,
                "Actual Loops": 2,
                "Inner Unique": false,
                "Plans": [
                  {
                    "Node Type": "Nested Loop",
                    "Parent Relationship": "Outer",
                    "Parallel Aware": false,
                    "Join Type": "Inner",
                    "Startup Cost": 243.13,
                    "Total Cost": 59063.74,
                    "Plan Rows": 6548,
                    "Plan Width": 8,
                    "Actual Startup Time": 3.439,
                    "Actual Total Time": 38.286,
                    "Actual Rows": 5908,
                    "Actual Loops": 2,
                    "Inner Unique": true,
                    "Plans": [
                      {
                        "Node Type": "Bitmap Heap Scan",
                        "Parent Relationship": "Outer",
                        "Parallel Aware": true,
                        "Relation Name": "movie_companies",
                        "Alias": "mc",
                        "Startup Cost": 242.7,
                        "Total Cost": 17259.61,
                        "Plan Rows": 6548,
                        "Plan Width": 4,
                        "Actual Startup Time": 3.285,
                        "Actual Total Time": 10.093,
                        "Actual Rows": 5908,
                        "Actual Loops": 2,
                        "Recheck Cond": "(company_id = 11203)",
                        "Rows Removed by Index Recheck": 0,
                        "Exact Heap Blocks": 2652,
                        "Lossy Heap Blocks": 0,
                        "Plans": [
                          {
                            "Node Type": "Bitmap Index Scan",
                            "Parent Relationship": "Outer",
                            "Parallel Aware": false,
                            "Index Name": "company_id_movie_companies",
                            "Startup Cost": 0.0,
                            "Total Cost": 239.92,
                            "Plan Rows": 11132,
                            "Plan Width": 0,
                            "Actual Startup Time": 4.752,
                            "Actual Total Time": 4.752,
                            "Actual Rows": 11817,
                            "Actual Loops": 1,
                            "Index Cond": "(company_id = 11203)"
                          }
                        ]
                      },
                      {
                        "Node Type": "Index Only Scan",
                        "Parent Relationship": "Inner",
                        "Parallel Aware": false,
                        "Scan Direction": "Forward",
                        "Index Name": "title_pkey",
                        "Relation Name": "title",
                        "Alias": "t",
                        "Startup Cost": 0.43,
                        "Total Cost": 6.38,
                        "Plan Rows": 1,
                        "Plan Width": 4,
                        "Actual Startup Time": 0.004,
                        "Actual Total Time": 0.004,
                        "Actual Rows": 1,
                        "Actual Loops": 11817,
                        "Index Cond": "(id = mc.movie_id)",
                        "Rows Removed by Index Recheck": 0,
                        "Heap Fetches": 11817
                      }
                    ]
                  },
                  {
                    "Node Type": "Index Scan",
                    "Parent Relationship": "Inner",
                    "Parallel Aware": false,
                    "Scan Direction": "Forward",
                    "Index Name": "movie_id_movie_info_idx",
                    "Relation Name": "movie_info_idx",
                    "Alias": "mi_idx",
                    "Startup Cost": 0.43,
                    "Total Cost": 0.51,
                    "Plan Rows": 1,
                    "Plan Width": 4,
                    "Actual Startup Time": 0.003,
                    "Actual Total Time": 0.003,
                    "Actual Rows": 0,
                    "Actual Loops": 11817,
                    "Index Cond": "(movie_id = t.id)",
                    "Rows Removed by Index Recheck": 0,
                    "Filter": "(info_type_id = 99)",
                    "Rows Removed by Filter": 0
                  }
                ]
              }
            ]
          }
        ]
      }
    ]
  },
  "Planning Time": 0.875,
  "Triggers": [],
  "Execution Time": 72.161
}