[
  {
    "Plan": {
      "Node Type": "Aggregate",
      "Strategy": "Plain",
      "Partial Mode": "Finalize",
      "Parallel Aware": false,
      "Startup Cost": 77356.57,
      "Total Cost": 77356.58,
      "Plan Rows": 1,
      "Plan Width": 8,
      "Actual Startup Time": 66.314,
      "Actual Total Time": 73.061,
      "Actual Rows": 1,
      "Actual Loops": 1,
      "Plans": [
        {
          "Node Type": "Gather",
          "Parent Relationship": "Outer",
          "Parallel Aware": false,
          "Startup Cost": 77356.15,
          "Total Cost": 77356.56,
          "Plan Rows": 4,
          "Plan Width": 8,
          "Actual Startup Time": 66.093,
          "Actual Total Time": 73.054,
          "Actual Rows": 5,
          "Actual Loops": 1,
          "Workers Planned": 4,
          "Workers Launched": 4,
          "Single Copy": false,
          "Plans": [
            {
              "Node Type": "Aggregate",
              "Strategy": "Plain",
              "Partial Mode": "Partial",
              "Parent Relationship": "Outer",
              "Parallel Aware": false,
              "Startup Cost": 76356.15,
              "Total Cost": 76356.16,
              "Plan Rows": 1,
              "Plan Width": 8,
              "Actual Startup Time": 56.201,
              "Actual Total Time": 56.204,
              "Actual Rows": 1,
              "Actual Loops": 5,
              "Plans": [
                {
                  "Node Type": "Nested Loop",
                  "Parent Relationship": "Outer",
                  "Parallel Aware": false,
                  "Join Type": "Inner",
                  "Startup Cost": 1823.82,
                  "Total Cost": 76352.48,
                  "Plan Rows": 1469,
                  "Plan Width": 0,
                  "Actual Startup Time": 14.981,
                  "Actual Total Time": 55.803,
                  "Actual Rows": 2619,
                  "Actual Loops": 5,
                  "Inner Unique": false,
                  "Plans": [
                    {
                      "Node Type": "Bitmap Heap Scan",
                      "Parent Relationship": "Outer",
                      "Parallel Aware": true,
                      "Relation Name": "title",
                      "Alias": "t",
                      "Startup Cost": 1823.38,
                      "Total Cost": 38204.74,
                      "Plan Rows": 251,
                      "Plan Width": 4,
                      "Actual Startup Time": 14.743,
                      "Actual Total Time": 38.232,
                      "Actual Rows": 308,
                      "Actual Loops": 5,
                      "Recheck Cond": "(kind_id = 3)",
                      "Rows Removed by Index Recheck": 0,
                      "Filter": "(production_year = 1991)",
                      "Rows Removed by Filter": 19799,
                      "Exact Heap Blocks": 7743,
                      "Lossy Heap Blocks": 0,
                      "Plans": [
                        {
                          "Node Type": "Bitmap Index Scan",
                          "Parent Relationship": "Outer",
                          "Parallel Aware": false,
                          "Index Name": "kind_id_title",
                          "Startup Cost": 0.0,
                          "Total Cost": 1823.13,
                          "Plan Rows": 102227,
                          "Plan Width": 0,
                          "Actual Startup Time": 18.856,
                          "Actual Total Time": 18.856,
                          "Actual Rows": 100537,
                          "Actual Loops": 1,
                          "Index Cond": "(kind_id = 3)"
                        }
                      ]
                    },
                    {
                      "Node Type": "Index Only Scan",
                      "Parent Relationship": "Inner",
                      "Parallel Aware": false,
                      "Scan Direction": "Forward",
                      "Index Name": "movie_id_movie_info",
                      "Relation Name": "movie_info",
                      "Alias": "mi",
                      "Startup Cost": 0.43,
                      "Total Cost": 151.56,
                      "Plan Rows": 42,
                      "Plan Width": 4,
                      "Actual Startup Time": 0.022,
                      "Actual Total Time": 0.055,
                      "Actual Rows": 8,
                      "Actual Loops": 1542,
                      "Index Cond": "(movie_id = t.id)",
                      "Rows Removed by Index Recheck": 0,
                      "Heap Fetches": 13095
                    }
                  ]
                }
              ]
            }
          ]
        }
      ]
    },
    "Planning Time": 0.656,
    "Triggers": [],
    "Execution Time": 73.148
  }
]