[
  {
    "Plan": {
      "Node Type": "Aggregate",
      "Strategy": "Plain",
      "Partial Mode": "Finalize",
      "Parallel Aware": false,
      "Startup Cost": 334615.5,
      "Total Cost": 334615.51,
      "Plan Rows": 1,
      "Plan Width": 8,
      "Actual Startup Time": 412.108,
      "Actual Total Time": 435.369,
      "Actual Rows": 1,
      "Actual Loops": 1,
      "Plans": [
        {
          "Node Type": "Gather",
          "Parent Relationship": "Outer",
          "Parallel Aware": false,
          "Startup Cost": 334614.88,
          "Total Cost": 334615.49,
          "Plan Rows": 6,
          "Plan Width": 8,
          "Actual Startup Time": 411.987,
          "Actual Total Time": 435.356,
          "Actual Rows": 7,
          "Actual Loops": 1,
          "Workers Planned": 6,
          "Workers Launched": 6,
          "Single Copy": false,
          "Plans": [
            {
              "Node Type": "Aggregate",
              "Strategy": "Plain",
              "Partial Mode": "Partial",
              "Parent Relationship": "Outer",
              "Parallel Aware": false,
              "Startup Cost": 333614.88,
              "Total Cost": 333614.89,
              "Plan Rows": 1,
              "Plan Width": 8,
              "Actual Startup Time": 402.085,
              "Actual Total Time": 402.086,
              "Actual Rows": 1,
              "Actual Loops": 7,
              "Plans": [
                {
                  "Node Type": "Index Scan",
                  "Parent Relationship": "Outer",
                  "Parallel Aware": true,
                  "Scan Direction": "Forward",
                  "Index Name": "role_id_cast_info",
                  "Relation Name": "cast_info",
                  "Alias": "ci",
                  "Startup Cost": 0.56,
                  "Total Cost": 331632.96,
                  "Plan Rows": 792767,
                  "Plan Width": 0,
                  "Actual Startup Time": 0.312,
                  "Actual Total Time": 381.225,
                  "Actual Rows": 402365,
                  "Actual Loops": 7,
                  "Index Cond": "(role_id > 3)",
                  "Rows Removed by Index Recheck": 0,
                  "Filter": "(person_id < 1376646)",
                  "Rows Removed by Filter": 1328156
                }
              ]
            }
          ]
        }
      ]
    },
    "Planning Time": 0.233,
    "Triggers": [],
    "Execution Time": 435.441
  }
]