[
  {
    "Plan": {
      "Node Type": "Aggregate",
      "Strategy": "Plain",
      "Partial Mode": "Finalize",
      "Parallel Aware": false,
      "Startup Cost": 349046.47,
      "Total Cost": 349046.48,
      "Plan Rows": 1,
      "Plan Width": 8,
      "Actual Startup Time": 684.361,
      "Actual Total Time": 740.54,
      "Actual Rows": 1,
      "Actual Loops": 1,
      "Plans": [
        {
          "Node Type": "Gather",
          "Parent Relationship": "Outer",
          "Parallel Aware": false,
          "Startup Cost": 349045.84,
          "Total Cost": 349046.45,
          "Plan Rows": 6,
          "Plan Width": 8,
          "Actual Startup Time": 684.106,
          "Actual Total Time": 740.53,
          "Actual Rows": 7,
          "Actual Loops": 1,
          "Workers Planned": 6,
          "Workers Launched": 6,
          "Single Copy": false,
          "Plans": [
            {
              "Node Type": "Aggregate",
              "Strategy": "Plain",
              "Partial Mode": "Partial",
              "Parent Relationship": "Outer",
              "Parallel Aware": false,
              "Startup Cost": 348045.84,
              "Total Cost": 348045.85,
              "Plan Rows": 1,
              "Plan Width": 8,
              "Actual Startup Time": 676.682,
              "Actual Total Time": 676.683,
              "Actual Rows": 1,
              "Actual Loops": 7,
              "Plans": [
                {
                  "Node Type": "Seq Scan",
                  "Parent Relationship": "Outer",
                  "Parallel Aware": true,
                  "Relation Name": "cast_info",
                  "Alias": "ci",
                  "Startup Cost": 0.0,
                  "Total Cost": 343257.03,
                  "Plan Rows": 1915525,
                  "Plan Width": 0,
                  "Actual Startup Time": 268.586,
                  "Actual Total Time": 623.611,
                  "Actual Rows": 1281993,
                  "Actual Loops": 7,
                  "Filter": "((person_id > 2219694) AND (role_id < 8))",
                  "Rows Removed by Filter": 3895770
                }
              ]
            }
          ]
        }
      ]
    },
    "Planning Time": 0.195,
    "Triggers": [],
    "Execution Time": 740.606
  }
]