[
  {
    "Plan": {
      "Node Type": "Aggregate",
      "Strategy": "Plain",
      "Partial Mode": "Finalize",
      "Parallel Aware": false,
      "Startup Cost": 53130.18,
      "Total Cost": 53130.19,
      "Plan Rows": 1,
      "Plan Width": 8,
      "Actual Startup Time": 100.083,
      "Actual Total Time": 113.921,
      "Actual Rows": 1,
      "Actual Loops": 1,
      "Plans": [
        {
          "Node Type": "Gather",
          "Parent Relationship": "Outer",
          "Parallel Aware": false,
          "Startup Cost": 53129.76,
          "Total Cost": 53130.17,
          "Plan Rows": 4,
          "Plan Width": 8,
          "Actual Startup Time": 99.932,
          "Actual Total Time": 113.913,
          "Actual Rows": 5,
          "Actual Loops": 1,
          "Workers Planned": 4,
          "Workers Launched": 4,
          "Single Copy": false,
          "Plans": [
            {
              "Node Type": "Aggregate",
              "Strategy": "Plain",
              "Partial Mode": "Partial",
              "Parent Relationship": "Outer",
              "Parallel Aware": false,
              "Startup Cost": 52129.76,
              "Total Cost": 52129.77,
              "Plan Rows": 1,
              "Plan Width": 8,
              "Actual Startup Time": 89.709,
              "Actual Total Time": 89.71,
              "Actual Rows": 1,
              "Actual Loops": 5,
              "Plans": [
                {
                  "Node Type": "Nested Loop",
                  "Parent Relationship": "Outer",
                  "Parallel Aware": false,
                  "Join Type": "Inner",
                  "Startup Cost": 0.43,
                  "Total Cost": 52129.31,
                  "Plan Rows": 181,
                  "Plan Width": 0,
                  "Actual Startup Time": 1.89,
                  "Actual Total Time": 89.681,
                  "Actual Rows": 86,
                  "Actual Loops": 5,
                  "Inner Unique": false,
                  "Plans": [
                    {
                      "Node Type": "Seq Scan",
                      "Parent Relationship": "Outer",
                      "Parallel Aware": true,
                      "Relation Name": "title",
                      "Alias": "t",
                      "Startup Cost": 0.0,
                      "Total Cost": 45479.1,
                      "Plan Rows": 986,
                      "Plan Width": 4,
                      "Actual Startup Time": 0.57,
                      "Actual Total Time": 84.524,
                      "Actual Rows": 938,
                      "Actual Loops": 5,
                      "Filter": "((kind_id = 7) AND (production_year = 1955))",
                      "Rows Removed by Filter": 504724
                    },
                    {
                      "Node Type": "Index Scan",
                      "Parent Relationship": "Inner",
                      "Parallel Aware": false,
                      "Scan Direction": "Forward",
                      "Index Name": "movie_id_movie_info_idx",
                      "Relation Name": "movie_info_idx",
                      "Alias": "mi_idx",
                      "Startup Cost": 0.43,
                      "Total Cost": 6.73,
                      "Plan Rows": 1,
                      "Plan Width": 4,
                      "Actual Startup Time": 0.005,
                      "Actual Total Time": 0.005,
                      "Actual Rows": 0,
                      "Actual Loops": 4691,
                      "Index Cond": "(movie_id = t.id)",
                      "Rows Removed by Index Recheck": 0,
                      "Filter": "(info_type_id = 100)",
                      "Rows Removed by Filter": 0
                    }
                  ]
                }
              ]
            }
          ]
        }
      ]
    },
    "Planning Time": 0.7,
    "Triggers": [],
    "Execution Time": 114.003
  }
]