{
  "Plan": {
    "Node Type": "Aggregate",
    "Strategy": "Plain",
    "Partial Mode": "Finalize",
    "Parallel Aware": false,
    "Startup Cost": 192717.3,
    "Total Cost": 192717.31,
    "Plan Rows": 1,
    "Plan Width": 8,
    "Actual Startup Time": 744.782,
    "Actual Total Time": 762.375,
    "Actual Rows": 1,
    "Actual Loops": 1,
    "Plans": [
      {
        "Node Type": "Gather",
        "Parent Relationship": "Outer",
        "Parallel Aware": false,
        "Startup Cost": 192717.18,
        "Total Cost": 192717.29,
        "Plan Rows": 1,
        "Plan Width": 8,
        "Actual Startup Time": 744.092,
        "Actual Total Time": 762.367,
        "Actual Rows": 2,
        "Actual Loops": 1,
        "Workers Planned": 1,
        "Workers Launched": 1,
        "Single Copy": false,
        "Plans": [
          {
            "Node Type": "Aggregate",
            "Strategy": "Plain",
            "Partial Mode": "Partial",
            "Parent Relationship": "Outer",
            "Parallel Aware": false,
            "Startup Cost": 191717.18,
            "Total Cost": 191717.19,
            "Plan Rows": 1,
            "Plan Width": 8,
            "Actual Startup Time": 740.54,
            "Actual Total Time": 740.799,
            "Actual Rows": 1,
            "Actual Loops": 2,
            "Plans": [
              {
                "Node Type": "Hash Join",
                "Parent Relationship": "Outer",
                "Parallel Aware": true,
                "Join Type": "Inner",
                "Startup Cost": 94678.35,
                "Total Cost": 191545.64,
                "Plan Rows": 68617,
                "Plan Width": 0,
                "Actual Startup Time": 404.975,
                "Actual Total Time": 737.267,
                "Actual Rows": 79465,
                "Actual Loops": 2,
                "Inner Unique": false,
                "Hash Cond": "(ci.movie_id = t.id)",
                "Plans": [
                  {
                    "Node Type": "Index Scan",
                    "Parent Relationship": "Outer",
                    "Parallel Aware": true,
                    "Scan Direction": "Forward",
                    "Index Name": "role_id_cast_info",
                    "Relation Name": "cast_info",
                    "Alias": "ci",
                    "Startup Cost": 0.56,
                    "Total Cost": 91565.57,
                    "Plan Rows": 1306309,
                    "Plan Width": 4,
                    "Actual Startup Time": 0.076,
                    "Actual Total Time": 208.023,
                    "Actual Rows": 1080912,
                    "Actual Loops": 2,
                    "Index Cond": "(role_id = 4)",
                    "Rows Removed by Index Recheck": 0,
                    "Filter": "(person_id > 796087)",
                    "Rows Removed by Filter": 283560
                  },
                  {
                    "Node Type": "Hash",
                    "Parent Relationship": "Inner",
                    "Parallel Aware": true,
                    "Startup Cost": 93701.27,
                    "Total Cost": 93701.27,
                    "Plan Rows": 78121,
                    "Plan Width": 8,
                    "Actual Startup Time": 402.553,
                    "Actual Total Time": 402.811,
                    "Actual Rows": 57662,
                    "Actual Loops": 2,
                    "Hash Buckets": 262144,
                    "Original Hash Buckets": 262144,
                    "Hash Batches": 1,
                    "Original Hash Batches": 1,
                    "Peak Memory Usage": 6592,
                    "Plans": [
                      {
                        "Node Type": "Hash Join",
                        "Parent Relationship": "Outer",
                        "Parallel Aware": true,
                        "Join Type": "Inner",
                        "Startup Cost": 55534.64,
                        "Total Cost": 93701.27,
                        "Plan Rows": 78121,
                        "Plan Width": 8,
                        "Actual Startup Time": 142.109,
                        "Actual Total Time": 389.238,
                        "Actual Rows": 57662,
                        "Actual Loops": 2,
                        "Inner Unique": true,
                        "Hash Cond": "(mc.movie_id = t.id)",
                        "Plans": [
                          {
                            "Node Type": "Seq Scan",
                            "Parent Relationship": "Outer",
                            "Parallel Aware": true,
                            "Relation Name": "movie_companies",
                            "Alias": "mc",
                            "Startup Cost": 0.0,
                            "Total Cost": 34137.82,
                            "Plan Rows": 1534782,
                            "Plan Width": 4,
                            "Actual Startup Time": 0.012,
                            "Actual Total Time": 94.604,
                            "Actual Rows": 1304564,
                            "Actual Loops": 2
                          },
                          {
                            "Node Type": "Hash",
                            "Parent Relationship": "Inner",
                            "Parallel Aware": true,
                            "Startup Cost": 54588.39,
                            "Total Cost": 54588.39,
                            "Plan Rows": 75700,
                            "Plan Width": 4,
                            "Actual Startup Time": 141.104,
                            "Actual Total Time": 141.105,
                            "Actual Rows": 64348,
                            "Actual Loops": 2,
                            "Hash Buckets": 131072,
                            "Original Hash Buckets": 131072,
                            "Hash Batches": 1,
                            "Original Hash Batches": 1,
                            "Peak Memory Usage": 6112,
                            "Plans": [
                              {
                                "Node Type": "Seq Scan",
                                "Parent Relationship": "Outer",
                                "Parallel Aware": true,
                                "Relation Name": "title",
                                "Alias": "t",
                                "Startup Cost": 0.0,
                                "Total Cost": 54588.39,
                                "Plan Rows": 75700,
                                "Plan Width": 4,
                                "Actual Startup Time": 0.022,
                                "Actual Total Time": 125.417,
                                "Actual Rows": 64348,
                                "Actual Loops": 2,
                                "Filter": "(production_year = 2009)",
                                "Rows Removed by Filter": 1199808
                              }
                            ]
                          }
                        ]
                      }
                    ]
                  }
                ]
              }
            ]
          }
        ]
      }
    ]
  },
  "Planning Time": 0.591,
  "Triggers": [],
  "Execution Time": 762.435
}