[
  {
    "Plan": {
      "Node Type": "Aggregate",
      "Strategy": "Plain",
      "Partial Mode": "Finalize",
      "Parallel Aware": false,
      "Startup Cost": 123422.83,
      "Total Cost": 123422.84,
      "Plan Rows": 1,
      "Plan Width": 8,
      "Actual Startup Time": 977.043,
      "Actual Total Time": 1006.652,
      "Actual Rows": 1,
      "Actual Loops": 1,
      "Plans": [
        {
          "Node Type": "Gather",
          "Parent Relationship": "Outer",
          "Parallel Aware": false,
          "Startup Cost": 123422.52,
          "Total Cost": 123422.83,
          "Plan Rows": 3,
          "Plan Width": 8,
          "Actual Startup Time": 959.412,
          "Actual Total Time": 1006.642,
          "Actual Rows": 4,
          "Actual Loops": 1,
          "Workers Planned": 3,
          "Workers Launched": 3,
          "Single Copy": false,
          "Plans": [
            {
              "Node Type": "Aggregate",
              "Strategy": "Plain",
              "Partial Mode": "Partial",
              "Parent Relationship": "Outer",
              "Parallel Aware": false,
              "Startup Cost": 122422.52,
              "Total Cost": 122422.53,
              "Plan Rows": 1,
              "Plan Width": 8,
              "Actual Startup Time": 950.147,
              "Actual Total Time": 950.156,
              "Actual Rows": 1,
              "Actual Loops": 4,
              "Plans": [
                {
                  "Node Type": "Hash Join",
                  "Parent Relationship": "Outer",
                  "Parallel Aware": true,
                  "Join Type": "Inner",
                  "Startup Cost": 75146.63,
                  "Total Cost": 121741.62,
                  "Plan Rows": 272358,
                  "Plan Width": 0,
                  "Actual Startup Time": 674.317,
                  "Actual Total Time": 924.272,
                  "Actual Rows": 516309,
                  "Actual Loops": 4,
                  "Inner Unique": false,
                  "Hash Cond": "(mk.movie_id = t.id)",
                  "Plans": [
                    {
                      "Node Type": "Seq Scan",
                      "Parent Relationship": "Outer",
                      "Parallel Aware": true,
                      "Relation Name": "movie_keyword",
                      "Alias": "mk",
                      "Startup Cost": 0.0,
                      "Total Cost": 42695.65,
                      "Plan Rows": 858251,
                      "Plan Width": 4,
                      "Actual Startup Time": 0.295,
                      "Actual Total Time": 124.595,
                      "Actual Rows": 664796,
                      "Actual Loops": 4,
                      "Filter": "(keyword_id > 3149)",
                      "Rows Removed by Filter": 466186
                    },
                    {
                      "Node Type": "Hash",
                      "Parent Relationship": "Inner",
                      "Parallel Aware": true,
                      "Startup Cost": 72639.21,
                      "Total Cost": 72639.21,
                      "Plan Rows": 200593,
                      "Plan Width": 8,
                      "Actual Startup Time": 668.836,
                      "Actual Total Time": 668.841,
                      "Actual Rows": 193418,
                      "Actual Loops": 4,
                      "Hash Buckets": 1048576,
                      "Original Hash Buckets": 1048576,
                      "Hash Batches": 1,
                      "Original Hash Batches": 1,
                      "Peak Memory Usage": 38496,
                      "Plans": [
                        {
                          "Node Type": "Hash Join",
                          "Parent Relationship": "Outer",
                          "Parallel Aware": true,
                          "Join Type": "Inner",
                          "Startup Cost": 50220.95,
                          "Total Cost": 72639.21,
                          "Plan Rows": 200593,
                          "Plan Width": 8,
                          "Actual Startup Time": 411.659,
                          "Actual Total Time": 581.678,
                          "Actual Rows": 193418,
                          "Actual Loops": 4,
                          "Inner Unique": true,
                          "Hash Cond": "(ci.movie_id = t.id)",
                          "Plans": [
                            {
                              "Node Type": "Index Scan",
                              "Parent Relationship": "Outer",
                              "Parallel Aware": true,
                              "Scan Direction": "Forward",
                              "Index Name": "role_id_cast_info",
                              "Relation Name": "cast_info",
                              "Alias": "ci",
                              "Startup Cost": 0.56,
                              "Total Cost": 21892.28,
                              "Plan Rows": 200593,
                              "Plan Width": 4,
                              "Actual Startup Time": 0.262,
                              "Actual Total Time": 46.577,
                              "Actual Rows": 193418,
                              "Actual Loops": 4,
                              "Index Cond": "(role_id = 6)",
                              "Rows Removed by Index Recheck": 0
                            },
                            {
                              "Node Type": "Hash",
                              "Parent Relationship": "Inner",
                              "Parallel Aware": true,
                              "Startup Cost": 42319.06,
                              "Total Cost": 42319.06,
                              "Plan Rows": 632106,
                              "Plan Width": 4,
                              "Actual Startup Time": 401.564,
                              "Actual Total Time": 401.566,
                              "Actual Rows": 632078,
                              "Actual Loops": 4,
                              "Hash Buckets": 4194304,
                              "Original Hash Buckets": 4194304,
                              "Hash Batches": 1,
                              "Original Hash Batches": 1,
                              "Peak Memory Usage": 131744,
                              "Plans": [
                                {
                                  "Node Type": "Seq Scan",
                                  "Parent Relationship": "Outer",
                                  "Parallel Aware": true,
                                  "Relation Name": "title",
                                  "Alias": "t",
                                  "Startup Cost": 0.0,
                                  "Total Cost": 42319.06,
                                  "Plan Rows": 632106,
                                  "Plan Width": 4,
                                  "Actual Startup Time": 0.06,
                                  "Actual Total Time": 114.189,
                                  "Actual Rows": 632078,
                                  "Actual Loops": 4
                                }
                              ]
                            }
                          ]
                        }
                      ]
                    }
                  ]
                }
              ]
            }
          ]
        }
      ]
    },
    "Planning Time": 1.146,
    "Triggers": [],
    "Execution Time": 1006.737
  }
]