{
  "Plan": {
    "Node Type": "Aggregate",
    "Strategy": "Plain",
    "Partial Mode": "Finalize",
    "Parallel Aware": false,
    "Startup Cost": 129011.85,
    "Total Cost": 129011.86,
    "Plan Rows": 1,
    "Plan Width": 8,
    "Actual Startup Time": 939.067,
    "Actual Total Time": 959.287,
    "Actual Rows": 1,
    "Actual Loops": 1,
    "Plans": [
      {
        "Node Type": "Gather",
        "Parent Relationship": "Outer",
        "Parallel Aware": false,
        "Startup Cost": 129011.73,
        "Total Cost": 129011.84,
        "Plan Rows": 1,
        "Plan Width": 8,
        "Actual Startup Time": 935.433,
        "Actual Total Time": 959.277,
        "Actual Rows": 2,
        "Actual Loops": 1,
        "Workers Planned": 1,
        "Workers Launched": 1,
        "Single Copy": false,
        "Plans": [
          {
            "Node Type": "Aggregate",
            "Strategy": "Plain",
            "Partial Mode": "Partial",
            "Parent Relationship": "Outer",
            "Parallel Aware": false,
            "Startup Cost": 128011.73,
            "Total Cost": 128011.74,
            "Plan Rows": 1,
            "Plan Width": 8,
            "Actual Startup Time": 929.485,
            "Actual Total Time": 929.491,
            "Actual Rows": 1,
            "Actual Loops": 2,
            "Plans": [
              {
                "Node Type": "Hash Join",
                "Parent Relationship": "Outer",
                "Parallel Aware": true,
                "Join Type": "Inner",
                "Startup Cost": 63235.61,
                "Total Cost": 127842.47,
                "Plan Rows": 67706,
                "Plan Width": 0,
                "Actual Startup Time": 329.011,
                "Actual Total Time": 920.419,
                "Actual Rows": 164138,
                "Actual Loops": 2,
                "Inner Unique": false,
                "Hash Cond": "(t.id = mi_idx.movie_id)",
                "Plans": [
                  {
                    "Node Type": "Hash Join",
                    "Parent Relationship": "Outer",
                    "Parallel Aware": true,
                    "Join Type": "Inner",
                    "Startup Cost": 41765.45,
                    "Total Cost": 104116.4,
                    "Plan Rows": 371526,
                    "Plan Width": 8,
                    "Actual Startup Time": 192.876,
                    "Actual Total Time": 681.769,
                    "Actual Rows": 313628,
                    "Actual Loops": 2,
                    "Inner Unique": false,
                    "Hash Cond": "(t.id = mc.movie_id)",
                    "Plans": [
                      {
                        "Node Type": "Seq Scan",
                        "Parent Relationship": "Outer",
                        "Parallel Aware": true,
                        "Relation Name": "title",
                        "Alias": "t",
                        "Startup Cost": 0.0,
                        "Total Cost": 50870.31,
                        "Plan Rows": 1487231,
                        "Plan Width": 4,
                        "Actual Startup Time": 0.012,
                        "Actual Total Time": 138.652,
                        "Actual Rows": 1264156,
                        "Actual Loops": 2
                      },
                      {
                        "Node Type": "Hash",
                        "Parent Relationship": "Inner",
                        "Parallel Aware": true,
                        "Startup Cost": 37121.37,
                        "Total Cost": 37121.37,
                        "Plan Rows": 371526,
                        "Plan Width": 4,
                        "Actual Startup Time": 189.838,
                        "Actual Total Time": 189.839,
                        "Actual Rows": 313628,
                        "Actual Loops": 2,
                        "Hash Buckets": 1048576,
                        "Original Hash Buckets": 1048576,
                        "Hash Batches": 1,
                        "Original Hash Batches": 1,
                        "Peak Memory Usage": 32736,
                        "Plans": [
                          {
                            "Node Type": "Bitmap Heap Scan",
                            "Parent Relationship": "Outer",
                            "Parallel Aware": true,
                            "Relation Name": "movie_companies",
                            "Alias": "mc",
                            "Startup Cost": 13687.29,
                            "Total Cost": 37121.37,
                            "Plan Rows": 371526,
                            "Plan Width": 4,
                            "Actual Startup Time": 34.146,
                            "Actual Total Time": 108.7,
                            "Actual Rows": 313628,
                            "Actual Loops": 2,
                            "Recheck Cond": "(company_id < 819)",
                            "Rows Removed by Index Recheck": 0,
                            "Exact Heap Blocks": 12437,
                            "Lossy Heap Blocks": 0,
                            "Plans": [
                              {
                                "Node Type": "Bitmap Index Scan",
                                "Parent Relationship": "Outer",
                                "Parallel Aware": false,
                                "Index Name": "company_id_movie_companies",
                                "Startup Cost": 0.0,
                                "Total Cost": 13529.39,
                                "Plan Rows": 631595,
                                "Plan Width": 0,
                                "Actual Startup Time": 29.435,
                                "Actual Total Time": 29.435,
                                "Actual Rows": 627255,
                                "Actual Loops": 1,
                                "Index Cond": "(company_id < 819)"
                              }
                            ]
                          }
                        ]
                      }
                    ]
                  },
                  {
                    "Node Type": "Hash",
                    "Parent Relationship": "Inner",
                    "Parallel Aware": true,
                    "Startup Cost": 18082.32,
                    "Total Cost": 18082.32,
                    "Plan Rows": 271028,
                    "Plan Width": 4,
                    "Actual Startup Time": 130.559,
                    "Actual Total Time": 130.56,
                    "Actual Rows": 229962,
                    "Actual Loops": 2,
                    "Hash Buckets": 524288,
                    "Original Hash Buckets": 524288,
                    "Hash Batches": 1,
                    "Original Hash Batches": 1,
                    "Peak Memory Usage": 22112,
                    "Plans": [
                      {
                        "Node Type": "Seq Scan",
                        "Parent Relationship": "Outer",
                        "Parallel Aware": true,
                        "Relation Name": "movie_info_idx",
                        "Alias": "mi_idx",
                        "Startup Cost": 0.0,
                        "Total Cost": 18082.32,
                        "Plan Rows": 271028,
                        "Plan Width": 4,
                        "Actual Startup Time": 0.05,
                        "Actual Total Time": 74.834,
                        "Actual Rows": 229962,
                        "Actual Loops": 2,
                        "Filter": "(info_type_id = 101)",
                        "Rows Removed by Filter": 460055
                      }
                    ]
                  }
                ]
              }
            ]
          }
        ]
      }
    ]
  },
  "Planning Time": 0.934,
  "Triggers": [],
  "Execution Time": 959.43
}