[
  {
    "Plan": {
      "Node Type": "Aggregate",
      "Strategy": "Plain",
      "Partial Mode": "Finalize",
      "Parallel Aware": false,
      "Startup Cost": 47439.01,
      "Total Cost": 47439.02,
      "Plan Rows": 1,
      "Plan Width": 8,
      "Actual Startup Time": 100.351,
      "Actual Total Time": 116.245,
      "Actual Rows": 1,
      "Actual Loops": 1,
      "Plans": [
        {
          "Node Type": "Gather",
          "Parent Relationship": "Outer",
          "Parallel Aware": false,
          "Startup Cost": 47438.59,
          "Total Cost": 47439.0,
          "Plan Rows": 4,
          "Plan Width": 8,
          "Actual Startup Time": 100.182,
          "Actual Total Time": 116.236,
          "Actual Rows": 5,
          "Actual Loops": 1,
          "Workers Planned": 4,
          "Workers Launched": 4,
          "Single Copy": false,
          "Plans": [
            {
              "Node Type": "Aggregate",
              "Strategy": "Plain",
              "Partial Mode": "Partial",
              "Parent Relationship": "Outer",
              "Parallel Aware": false,
              "Startup Cost": 46438.59,
              "Total Cost": 46438.6,
              "Plan Rows": 1,
              "Plan Width": 8,
              "Actual Startup Time": 94.139,
              "Actual Total Time": 94.141,
              "Actual Rows": 1,
              "Actual Loops": 5,
              "Plans": [
                {
                  "Node Type": "Nested Loop",
                  "Parent Relationship": "Outer",
                  "Parallel Aware": false,
                  "Join Type": "Inner",
                  "Startup Cost": 0.43,
                  "Total Cost": 46438.32,
                  "Plan Rows": 108,
                  "Plan Width": 0,
                  "Actual Startup Time": 57.873,
                  "Actual Total Time": 93.998,
                  "Actual Rows": 2089,
                  "Actual Loops": 5,
                  "Inner Unique": false,
                  "Plans": [
                    {
                      "Node Type": "Seq Scan",
                      "Parent Relationship": "Outer",
                      "Parallel Aware": true,
                      "Relation Name": "title",
                      "Alias": "t",
                      "Startup Cost": 0.0,
                      "Total Cost": 45479.59,
                      "Plan Rows": 99,
                      "Plan Width": 4,
                      "Actual Startup Time": 57.621,
                      "Actual Total Time": 86.322,
                      "Actual Rows": 501,
                      "Actual Loops": 5,
                      "Filter": "((kind_id = 1) AND (production_year = 1931))",
                      "Rows Removed by Filter": 505161
                    },
                    {
                      "Node Type": "Index Scan",
                      "Parent Relationship": "Inner",
                      "Parallel Aware": false,
                      "Scan Direction": "Forward",
                      "Index Name": "movie_id_movie_keyword",
                      "Relation Name": "movie_keyword",
                      "Alias": "mk",
                      "Startup Cost": 0.43,
                      "Total Cost": 9.4,
                      "Plan Rows": 28,
                      "Plan Width": 4,
                      "Actual Startup Time": 0.013,
                      "Actual Total Time": 0.014,
                      "Actual Rows": 4,
                      "Actual Loops": 2506,
                      "Index Cond": "(movie_id = t.id)",
                      "Rows Removed by Index Recheck": 0,
                      "Filter": "(keyword_id < 7908)",
                      "Rows Removed by Filter": 3
                    }
                  ]
                }
              ]
            }
          ]
        }
      ]
    },
    "Planning Time": 0.449,
    "Triggers": [],
    "Execution Time": 116.291
  }
]