[
  {
    "Plan": {
      "Node Type": "Aggregate",
      "Strategy": "Plain",
      "Partial Mode": "Finalize",
      "Parallel Aware": false,
      "Startup Cost": 47629.6,
      "Total Cost": 47629.61,
      "Plan Rows": 1,
      "Plan Width": 8,
      "Actual Startup Time": 99.43,
      "Actual Total Time": 112.582,
      "Actual Rows": 1,
      "Actual Loops": 1,
      "Plans": [
        {
          "Node Type": "Gather",
          "Parent Relationship": "Outer",
          "Parallel Aware": false,
          "Startup Cost": 47629.18,
          "Total Cost": 47629.59,
          "Plan Rows": 4,
          "Plan Width": 8,
          "Actual Startup Time": 99.322,
          "Actual Total Time": 112.574,
          "Actual Rows": 5,
          "Actual Loops": 1,
          "Workers Planned": 4,
          "Workers Launched": 4,
          "Single Copy": false,
          "Plans": [
            {
              "Node Type": "Aggregate",
              "Strategy": "Plain",
              "Partial Mode": "Partial",
              "Parent Relationship": "Outer",
              "Parallel Aware": false,
              "Startup Cost": 46629.18,
              "Total Cost": 46629.19,
              "Plan Rows": 1,
              "Plan Width": 8,
              "Actual Startup Time": 89.727,
              "Actual Total Time": 89.728,
              "Actual Rows": 1,
              "Actual Loops": 5,
              "Plans": [
                {
                  "Node Type": "Nested Loop",
                  "Parent Relationship": "Outer",
                  "Parallel Aware": false,
                  "Join Type": "Inner",
                  "Startup Cost": 0.43,
                  "Total Cost": 46628.86,
                  "Plan Rows": 130,
                  "Plan Width": 0,
                  "Actual Startup Time": 58.756,
                  "Actual Total Time": 89.606,
                  "Actual Rows": 2089,
                  "Actual Loops": 5,
                  "Inner Unique": false,
                  "Plans": [
                    {
                      "Node Type": "Seq Scan",
                      "Parent Relationship": "Outer",
                      "Parallel Aware": true,
                      "Relation Name": "title",
                      "Alias": "t",
                      "Startup Cost": 0.0,
                      "Total Cost": 45479.1,
                      "Plan Rows": 119,
                      "Plan Width": 4,
                      "Actual Startup Time": 58.661,
                      "Actual Total Time": 82.838,
                      "Actual Rows": 501,
                      "Actual Loops": 5,
                      "Filter": "((kind_id = 1) AND (production_year = 1931))",
                      "Rows Removed by Filter": 505161
                    },
                    {
                      "Node Type": "Index Scan",
                      "Parent Relationship": "Inner",
                      "Parallel Aware": false,
                      "Scan Direction": "Forward",
                      "Index Name": "movie_id_movie_keyword",
                      "Relation Name": "movie_keyword",
                      "Alias": "mk",
                      "Startup Cost": 0.43,
                      "Total Cost": 9.38,
                      "Plan Rows": 28,
                      "Plan Width": 4,
                      "Actual Startup Time": 0.012,
                      "Actual Total Time": 0.013,
                      "Actual Rows": 4,
                      "Actual Loops": 2506,
                      "Index Cond": "(movie_id = t.id)",
                      "Rows Removed by Index Recheck": 0,
                      "Filter": "(keyword_id < 7908)",
                      "Rows Removed by Filter": 3
                    }
                  ]
                }
              ]
            }
          ]
        }
      ]
    },
    "Planning Time": 0.634,
    "Triggers": [],
    "Execution Time": 112.651
  }
]