[
  {
    "Plan": {
      "Node Type": "Aggregate",
      "Strategy": "Plain",
      "Partial Mode": "Finalize",
      "Parallel Aware": false,
      "Startup Cost": 340321.69,
      "Total Cost": 340321.7,
      "Plan Rows": 1,
      "Plan Width": 8,
      "Actual Startup Time": 895.493,
      "Actual Total Time": 943.857,
      "Actual Rows": 1,
      "Actual Loops": 1,
      "Plans": [
        {
          "Node Type": "Gather",
          "Parent Relationship": "Outer",
          "Parallel Aware": false,
          "Startup Cost": 340321.06,
          "Total Cost": 340321.67,
          "Plan Rows": 6,
          "Plan Width": 8,
          "Actual Startup Time": 895.271,
          "Actual Total Time": 943.843,
          "Actual Rows": 7,
          "Actual Loops": 1,
          "Workers Planned": 6,
          "Workers Launched": 6,
          "Single Copy": false,
          "Plans": [
            {
              "Node Type": "Aggregate",
              "Strategy": "Plain",
              "Partial Mode": "Partial",
              "Parent Relationship": "Outer",
              "Parallel Aware": false,
              "Startup Cost": 339321.06,
              "Total Cost": 339321.07,
              "Plan Rows": 1,
              "Plan Width": 8,
              "Actual Startup Time": 888.049,
              "Actual Total Time": 888.05,
              "Actual Rows": 1,
              "Actual Loops": 7,
              "Plans": [
                {
                  "Node Type": "Seq Scan",
                  "Parent Relationship": "Outer",
                  "Parallel Aware": true,
                  "Relation Name": "cast_info",
                  "Alias": "ci",
                  "Startup Cost": 0.0,
                  "Total Cost": 328211.39,
                  "Plan Rows": 4443868,
                  "Plan Width": 0,
                  "Actual Startup Time": 0.046,
                  "Actual Total Time": 687.552,
                  "Actual Rows": 3821048,
                  "Actual Loops": 7,
                  "Filter": "(person_id < 2756130)",
                  "Rows Removed by Filter": 1356716
                }
              ]
            }
          ]
        }
      ]
    },
    "Planning Time": 0.1,
    "Triggers": [],
    "Execution Time": 943.9
  }
]