{
  "Plan": {
    "Node Type": "Aggregate",
    "Strategy": "Plain",
    "Partial Mode": "Finalize",
    "Parallel Aware": false,
    "Startup Cost": 848104.8,
    "Total Cost": 848104.81,
    "Plan Rows": 1,
    "Plan Width": 8,
    "Actual Startup Time": 5904.803,
    "Actual Total Time": 6014.216,
    "Actual Rows": 1,
    "Actual Loops": 1,
    "Plans": [
      {
        "Node Type": "Gather",
        "Parent Relationship": "Outer",
        "Parallel Aware": false,
        "Startup Cost": 848104.69,
        "Total Cost": 848104.8,
        "Plan Rows": 1,
        "Plan Width": 8,
        "Actual Startup Time": 5904.486,
        "Actual Total Time": 6014.206,
        "Actual Rows": 2,
        "Actual Loops": 1,
        "Workers Planned": 1,
        "Workers Launched": 1,
        "Single Copy": false,
        "Plans": [
          {
            "Node Type": "Aggregate",
            "Strategy": "Plain",
            "Partial Mode": "Partial",
            "Parent Relationship": "Outer",
            "Parallel Aware": false,
            "Startup Cost": 847104.69,
            "Total Cost": 847104.7,
            "Plan Rows": 1,
            "Plan Width": 8,
            "Actual Startup Time": 5898.569,
            "Actual Total Time": 5898.573,
            "Actual Rows": 1,
            "Actual Loops": 2,
            "Plans": [
              {
                "Node Type": "Nested Loop",
                "Parent Relationship": "Outer",
                "Parallel Aware": false,
                "Join Type": "Inner",
                "Startup Cost": 58486.72,
                "Total Cost": 845151.95,
                "Plan Rows": 781098,
                "Plan Width": 0,
                "Actual Startup Time": 431.391,
                "Actual Total Time": 5695.716,
                "Actual Rows": 4442200,
                "Actual Loops": 2,
                "Inner Unique": false,
                "Join Filter": "(t.id = mi.movie_id)",
                "Rows Removed by Join Filter": 0,
                "Plans": [
                  {
                    "Node Type": "Hash Join",
                    "Parent Relationship": "Outer",
                    "Parallel Aware": true,
                    "Join Type": "Inner",
                    "Startup Cost": 58486.28,
                    "Total Cost": 613808.52,
                    "Plan Rows": 133583,
                    "Plan Width": 8,
                    "Actual Startup Time": 431.316,
                    "Actual Total Time": 2926.888,
                    "Actual Rows": 121385,
                    "Actual Loops": 2,
                    "Inner Unique": true,
                    "Hash Cond": "(ci.movie_id = t.id)",
                    "Plans": [
                      {
                        "Node Type": "Seq Scan",
                        "Parent Relationship": "Outer",
                        "Parallel Aware": true,
                        "Relation Name": "cast_info",
                        "Alias": "ci",
                        "Startup Cost": 0.0,
                        "Total Cost": 519069.44,
                        "Plan Rows": 13810569,
                        "Plan Width": 4,
                        "Actual Startup Time": 291.183,
                        "Actual Total Time": 1561.862,
                        "Actual Rows": 11743786,
                        "Actual Loops": 2,
                        "Filter": "(person_id > 1258105)",
                        "Rows Removed by Filter": 6378386
                      },
                      {
                        "Node Type": "Hash",
                        "Parent Relationship": "Inner",
                        "Parallel Aware": true,
                        "Startup Cost": 58306.47,
                        "Total Cost": 58306.47,
                        "Plan Rows": 14385,
                        "Plan Width": 4,
                        "Actual Startup Time": 139.002,
                        "Actual Total Time": 139.003,
                        "Actual Rows": 10316,
                        "Actual Loops": 2,
                        "Hash Buckets": 32768,
                        "Original Hash Buckets": 32768,
                        "Hash Batches": 1,
                        "Original Hash Batches": 1,
                        "Peak Memory Usage": 1088,
                        "Plans": [
                          {
                            "Node Type": "Seq Scan",
                            "Parent Relationship": "Outer",
                            "Parallel Aware": true,
                            "Relation Name": "title",
                            "Alias": "t",
                            "Startup Cost": 0.0,
                            "Total Cost": 58306.47,
                            "Plan Rows": 14385,
                            "Plan Width": 4,
                            "Actual Startup Time": 0.115,
                            "Actual Total Time": 135.872,
                            "Actual Rows": 10316,
                            "Actual Loops": 2,
                            "Filter": "((kind_id < 7) AND (production_year = 2002))",
                            "Rows Removed by Filter": 1253840
                          }
                        ]
                      }
                    ]
                  },
                  {
                    "Node Type": "Index Only Scan",
                    "Parent Relationship": "Inner",
                    "Parallel Aware": false,
                    "Scan Direction": "Forward",
                    "Index Name": "movie_id_movie_info",
                    "Relation Name": "movie_info",
                    "Alias": "mi",
                    "Startup Cost": 0.43,
                    "Total Cost": 1.21,
                    "Plan Rows": 42,
                    "Plan Width": 4,
                    "Actual Startup Time": 0.006,
                    "Actual Total Time": 0.019,
                    "Actual Rows": 37,
                    "Actual Loops": 242770,
                    "Index Cond": "(movie_id = ci.movie_id)",
                    "Rows Removed by Index Recheck": 0,
                    "Heap Fetches": 8884401
                  }
                ]
              }
            ]
          }
        ]
      }
    ]
  },
  "Planning Time": 0.951,
  "Triggers": [],
  "Execution Time": 6014.35
}