[
  {
    "Plan": {
      "Node Type": "Aggregate",
      "Strategy": "Plain",
      "Partial Mode": "Finalize",
      "Parallel Aware": false,
      "Startup Cost": 58987.46,
      "Total Cost": 58987.47,
      "Plan Rows": 1,
      "Plan Width": 8,
      "Actual Startup Time": 115.695,
      "Actual Total Time": 129.907,
      "Actual Rows": 1,
      "Actual Loops": 1,
      "Plans": [
        {
          "Node Type": "Gather",
          "Parent Relationship": "Outer",
          "Parallel Aware": false,
          "Startup Cost": 58987.04,
          "Total Cost": 58987.45,
          "Plan Rows": 4,
          "Plan Width": 8,
          "Actual Startup Time": 115.407,
          "Actual Total Time": 129.898,
          "Actual Rows": 5,
          "Actual Loops": 1,
          "Workers Planned": 4,
          "Workers Launched": 4,
          "Single Copy": false,
          "Plans": [
            {
              "Node Type": "Aggregate",
              "Strategy": "Plain",
              "Partial Mode": "Partial",
              "Parent Relationship": "Outer",
              "Parallel Aware": false,
              "Startup Cost": 57987.04,
              "Total Cost": 57987.05,
              "Plan Rows": 1,
              "Plan Width": 8,
              "Actual Startup Time": 105.613,
              "Actual Total Time": 105.615,
              "Actual Rows": 1,
              "Actual Loops": 5,
              "Plans": [
                {
                  "Node Type": "Nested Loop",
                  "Parent Relationship": "Outer",
                  "Parallel Aware": false,
                  "Join Type": "Inner",
                  "Startup Cost": 0.43,
                  "Total Cost": 57983.82,
                  "Plan Rows": 1288,
                  "Plan Width": 0,
                  "Actual Startup Time": 1.601,
                  "Actual Total Time": 105.517,
                  "Actual Rows": 727,
                  "Actual Loops": 5,
                  "Inner Unique": false,
                  "Plans": [
                    {
                      "Node Type": "Seq Scan",
                      "Parent Relationship": "Outer",
                      "Parallel Aware": true,
                      "Relation Name": "title",
                      "Alias": "t",
                      "Startup Cost": 0.0,
                      "Total Cost": 45479.59,
                      "Plan Rows": 2361,
                      "Plan Width": 4,
                      "Actual Startup Time": 0.25,
                      "Actual Total Time": 93.61,
                      "Actual Rows": 1655,
                      "Actual Loops": 5,
                      "Filter": "((kind_id > 3) AND (production_year = 1982))",
                      "Rows Removed by Filter": 504008
                    },
                    {
                      "Node Type": "Index Only Scan",
                      "Parent Relationship": "Inner",
                      "Parallel Aware": false,
                      "Scan Direction": "Forward",
                      "Index Name": "movie_id_movie_info_idx",
                      "Relation Name": "movie_info_idx",
                      "Alias": "mi_idx",
                      "Startup Cost": 0.43,
                      "Total Cost": 5.27,
                      "Plan Rows": 3,
                      "Plan Width": 4,
                      "Actual Startup Time": 0.006,
                      "Actual Total Time": 0.006,
                      "Actual Rows": 0,
                      "Actual Loops": 8273,
                      "Index Cond": "(movie_id = t.id)",
                      "Rows Removed by Index Recheck": 0,
                      "Heap Fetches": 3636
                    }
                  ]
                }
              ]
            }
          ]
        }
      ]
    },
    "Planning Time": 0.609,
    "Triggers": [],
    "Execution Time": 129.98
  }
]