[
  {
    "Plan": {
      "Node Type": "Aggregate",
      "Strategy": "Plain",
      "Partial Mode": "Finalize",
      "Parallel Aware": false,
      "Startup Cost": 46484.34,
      "Total Cost": 46484.35,
      "Plan Rows": 1,
      "Plan Width": 8,
      "Actual Startup Time": 95.255,
      "Actual Total Time": 107.802,
      "Actual Rows": 1,
      "Actual Loops": 1,
      "Plans": [
        {
          "Node Type": "Gather",
          "Parent Relationship": "Outer",
          "Parallel Aware": false,
          "Startup Cost": 46483.92,
          "Total Cost": 46484.33,
          "Plan Rows": 4,
          "Plan Width": 8,
          "Actual Startup Time": 95.106,
          "Actual Total Time": 107.79,
          "Actual Rows": 5,
          "Actual Loops": 1,
          "Workers Planned": 4,
          "Workers Launched": 4,
          "Single Copy": false,
          "Plans": [
            {
              "Node Type": "Aggregate",
              "Strategy": "Plain",
              "Partial Mode": "Partial",
              "Parent Relationship": "Outer",
              "Parallel Aware": false,
              "Startup Cost": 45483.92,
              "Total Cost": 45483.93,
              "Plan Rows": 1,
              "Plan Width": 8,
              "Actual Startup Time": 85.919,
              "Actual Total Time": 85.92,
              "Actual Rows": 1,
              "Actual Loops": 5,
              "Plans": [
                {
                  "Node Type": "Seq Scan",
                  "Parent Relationship": "Outer",
                  "Parallel Aware": true,
                  "Relation Name": "title",
                  "Alias": "t",
                  "Startup Cost": 0.0,
                  "Total Cost": 45479.1,
                  "Plan Rows": 1929,
                  "Plan Width": 0,
                  "Actual Startup Time": 0.492,
                  "Actual Total Time": 85.753,
                  "Actual Rows": 1280,
                  "Actual Loops": 5,
                  "Filter": "((kind_id < 3) AND (production_year = 1993))",
                  "Rows Removed by Filter": 504382
                }
              ]
            }
          ]
        }
      ]
    },
    "Planning Time": 0.127,
    "Triggers": [],
    "Execution Time": 107.852
  }
]