[
  {
    "Plan": {
      "Node Type": "Aggregate",
      "Strategy": "Plain",
      "Partial Mode": "Finalize",
      "Parallel Aware": false,
      "Startup Cost": 33079.63,
      "Total Cost": 33079.64,
      "Plan Rows": 1,
      "Plan Width": 8,
      "Actual Startup Time": 92.763,
      "Actual Total Time": 100.993,
      "Actual Rows": 1,
      "Actual Loops": 1,
      "Plans": [
        {
          "Node Type": "Gather",
          "Parent Relationship": "Outer",
          "Parallel Aware": false,
          "Startup Cost": 33079.31,
          "Total Cost": 33079.62,
          "Plan Rows": 3,
          "Plan Width": 8,
          "Actual Startup Time": 92.669,
          "Actual Total Time": 100.985,
          "Actual Rows": 4,
          "Actual Loops": 1,
          "Workers Planned": 3,
          "Workers Launched": 3,
          "Single Copy": false,
          "Plans": [
            {
              "Node Type": "Aggregate",
              "Strategy": "Plain",
              "Partial Mode": "Partial",
              "Parent Relationship": "Outer",
              "Parallel Aware": false,
              "Startup Cost": 32079.31,
              "Total Cost": 32079.32,
              "Plan Rows": 1,
              "Plan Width": 8,
              "Actual Startup Time": 84.179,
              "Actual Total Time": 84.18,
              "Actual Rows": 1,
              "Actual Loops": 4,
              "Plans": [
                {
                  "Node Type": "Seq Scan",
                  "Parent Relationship": "Outer",
                  "Parallel Aware": true,
                  "Relation Name": "movie_companies",
                  "Alias": "mc",
                  "Startup Cost": 0.0,
                  "Total Cost": 31414.82,
                  "Plan Rows": 265796,
                  "Plan Width": 0,
                  "Actual Startup Time": 2.355,
                  "Actual Total Time": 76.813,
                  "Actual Rows": 153535,
                  "Actual Loops": 4,
                  "Filter": "((company_id > 3404) AND (company_type_id = 1))",
                  "Rows Removed by Filter": 498747
                }
              ]
            }
          ]
        }
      ]
    },
    "Planning Time": 0.135,
    "Triggers": [],
    "Execution Time": 101.03
  }
]