{
  "Plan": {
    "Node Type": "Aggregate",
    "Strategy": "Plain",
    "Partial Mode": "Finalize",
    "Parallel Aware": false,
    "Startup Cost": 475188.83,
    "Total Cost": 475188.84,
    "Plan Rows": 1,
    "Plan Width": 8,
    "Actual Startup Time": 1628.452,
    "Actual Total Time": 1666.667,
    "Actual Rows": 1,
    "Actual Loops": 1,
    "Plans": [
      {
        "Node Type": "Gather",
        "Parent Relationship": "Outer",
        "Parallel Aware": false,
        "Startup Cost": 475188.72,
        "Total Cost": 475188.83,
        "Plan Rows": 1,
        "Plan Width": 8,
        "Actual Startup Time": 1627.861,
        "Actual Total Time": 1666.658,
        "Actual Rows": 2,
        "Actual Loops": 1,
        "Workers Planned": 1,
        "Workers Launched": 1,
        "Single Copy": false,
        "Plans": [
          {
            "Node Type": "Aggregate",
            "Strategy": "Plain",
            "Partial Mode": "Partial",
            "Parent Relationship": "Outer",
            "Parallel Aware": false,
            "Startup Cost": 474188.72,
            "Total Cost": 474188.73,
            "Plan Rows": 1,
            "Plan Width": 8,
            "Actual Startup Time": 1621.799,
            "Actual Total Time": 1621.802,
            "Actual Rows": 1,
            "Actual Loops": 2,
            "Plans": [
              {
                "Node Type": "Hash Join",
                "Parent Relationship": "Outer",
                "Parallel Aware": true,
                "Join Type": "Inner",
                "Startup Cost": 55792.22,
                "Total Cost": 473177.29,
                "Plan Rows": 404571,
                "Plan Width": 0,
                "Actual Startup Time": 396.657,
                "Actual Total Time": 1611.019,
                "Actual Rows": 242370,
                "Actual Loops": 2,
                "Inner Unique": true,
                "Hash Cond": "(ci.movie_id = t.id)",
                "Plans": [
                  {
                    "Node Type": "Index Scan",
                    "Parent Relationship": "Outer",
                    "Parallel Aware": true,
                    "Scan Direction": "Forward",
                    "Index Name": "role_id_cast_info",
                    "Relation Name": "cast_info",
                    "Alias": "ci",
                    "Startup Cost": 0.56,
                    "Total Cost": 400977.7,
                    "Plan Rows": 6250636,
                    "Plan Width": 4,
                    "Actual Startup Time": 234.73,
                    "Actual Total Time": 909.826,
                    "Actual Rows": 4335670,
                    "Actual Loops": 2,
                    "Index Cond": "(role_id < 2)",
                    "Rows Removed by Index Recheck": 0,
                    "Filter": "(person_id > 534239)",
                    "Rows Removed by Filter": 1999674
                  },
                  {
                    "Node Type": "Hash",
                    "Parent Relationship": "Inner",
                    "Parallel Aware": true,
                    "Startup Cost": 54588.39,
                    "Total Cost": 54588.39,
                    "Plan Rows": 96261,
                    "Plan Width": 4,
                    "Actual Startup Time": 157.911,
                    "Actual Total Time": 157.912,
                    "Actual Rows": 84474,
                    "Actual Loops": 2,
                    "Hash Buckets": 262144,
                    "Original Hash Buckets": 262144,
                    "Hash Batches": 1,
                    "Original Hash Batches": 1,
                    "Peak Memory Usage": 8704,
                    "Plans": [
                      {
                        "Node Type": "Seq Scan",
                        "Parent Relationship": "Outer",
                        "Parallel Aware": true,
                        "Relation Name": "title",
                        "Alias": "t",
                        "Startup Cost": 0.0,
                        "Total Cost": 54588.39,
                        "Plan Rows": 96261,
                        "Plan Width": 4,
                        "Actual Startup Time": 2.559,
                        "Actual Total Time": 139.286,
                        "Actual Rows": 84474,
                        "Actual Loops": 2,
                        "Filter": "(production_year < 1951)",
                        "Rows Removed by Filter": 1179682
                      }
                    ]
                  }
                ]
              }
            ]
          }
        ]
      }
    ]
  },
  "Planning Time": 0.485,
  "Triggers": [],
  "Execution Time": 1666.753
}