[
  {
    "Plan": {
      "Node Type": "Aggregate",
      "Strategy": "Plain",
      "Partial Mode": "Finalize",
      "Parallel Aware": false,
      "Startup Cost": 60864.38,
      "Total Cost": 60864.39,
      "Plan Rows": 1,
      "Plan Width": 8,
      "Actual Startup Time": 268.072,
      "Actual Total Time": 282.853,
      "Actual Rows": 1,
      "Actual Loops": 1,
      "Plans": [
        {
          "Node Type": "Gather",
          "Parent Relationship": "Outer",
          "Parallel Aware": false,
          "Startup Cost": 60864.16,
          "Total Cost": 60864.37,
          "Plan Rows": 2,
          "Plan Width": 8,
          "Actual Startup Time": 266.89,
          "Actual Total Time": 282.843,
          "Actual Rows": 3,
          "Actual Loops": 1,
          "Workers Planned": 2,
          "Workers Launched": 2,
          "Single Copy": false,
          "Plans": [
            {
              "Node Type": "Aggregate",
              "Strategy": "Plain",
              "Partial Mode": "Partial",
              "Parent Relationship": "Outer",
              "Parallel Aware": false,
              "Startup Cost": 59864.16,
              "Total Cost": 59864.17,
              "Plan Rows": 1,
              "Plan Width": 8,
              "Actual Startup Time": 258.945,
              "Actual Total Time": 258.949,
              "Actual Rows": 1,
              "Actual Loops": 3,
              "Plans": [
                {
                  "Node Type": "Hash Join",
                  "Parent Relationship": "Outer",
                  "Parallel Aware": true,
                  "Join Type": "Inner",
                  "Startup Cost": 44551.03,
                  "Total Cost": 59745.59,
                  "Plan Rows": 47428,
                  "Plan Width": 0,
                  "Actual Startup Time": 151.238,
                  "Actual Total Time": 256.679,
                  "Actual Rows": 39921,
                  "Actual Loops": 3,
                  "Inner Unique": true,
                  "Hash Cond": "(mi_idx.movie_id = t.id)",
                  "Plans": [
                    {
                      "Node Type": "Seq Scan",
                      "Parent Relationship": "Outer",
                      "Parallel Aware": true,
                      "Relation Name": "movie_info_idx",
                      "Alias": "mi_idx",
                      "Startup Cost": 0.0,
                      "Total Cost": 13685.15,
                      "Plan Rows": 575015,
                      "Plan Width": 4,
                      "Actual Startup Time": 0.03,
                      "Actual Total Time": 44.728,
                      "Actual Rows": 460012,
                      "Actual Loops": 3
                    },
                    {
                      "Node Type": "Hash",
                      "Parent Relationship": "Inner",
                      "Parallel Aware": true,
                      "Startup Cost": 43899.32,
                      "Total Cost": 43899.32,
                      "Plan Rows": 52137,
                      "Plan Width": 4,
                      "Actual Startup Time": 147.743,
                      "Actual Total Time": 147.744,
                      "Actual Rows": 73705,
                      "Actual Loops": 3,
                      "Hash Buckets": 262144,
                      "Original Hash Buckets": 262144,
                      "Hash Batches": 1,
                      "Original Hash Batches": 1,
                      "Peak Memory Usage": 10720,
                      "Plans": [
                        {
                          "Node Type": "Seq Scan",
                          "Parent Relationship": "Outer",
                          "Parallel Aware": true,
                          "Relation Name": "title",
                          "Alias": "t",
                          "Startup Cost": 0.0,
                          "Total Cost": 43899.32,
                          "Plan Rows": 52137,
                          "Plan Width": 4,
                          "Actual Startup Time": 0.081,
                          "Actual Total Time": 124.123,
                          "Actual Rows": 73705,
                          "Actual Loops": 3,
                          "Filter": "(production_year < 1958)",
                          "Rows Removed by Filter": 769066
                        }
                      ]
                    }
                  ]
                }
              ]
            }
          ]
        }
      ]
    },
    "Planning Time": 0.595,
    "Triggers": [],
    "Execution Time": 282.922
  }
]