[
  {
    "Plan": {
      "Node Type": "Aggregate",
      "Strategy": "Plain",
      "Partial Mode": "Simple",
      "Parallel Aware": false,
      "Startup Cost": 26494.07,
      "Total Cost": 26494.08,
      "Plan Rows": 1,
      "Plan Width": 8,
      "Actual Startup Time": 45.009,
      "Actual Total Time": 45.01,
      "Actual Rows": 1,
      "Actual Loops": 1,
      "Plans": [
        {
          "Node Type": "Bitmap Heap Scan",
          "Parent Relationship": "Outer",
          "Parallel Aware": false,
          "Relation Name": "movie_keyword",
          "Alias": "mk",
          "Startup Cost": 1196.35,
          "Total Cost": 26353.45,
          "Plan Rows": 56248,
          "Plan Width": 0,
          "Actual Startup Time": 12.416,
          "Actual Total Time": 41.213,
          "Actual Rows": 58448,
          "Actual Loops": 1,
          "Recheck Cond": "(keyword_id = 16264)",
          "Rows Removed by Index Recheck": 0,
          "Exact Heap Blocks": 11558,
          "Lossy Heap Blocks": 0,
          "Plans": [
            {
              "Node Type": "Bitmap Index Scan",
              "Parent Relationship": "Outer",
              "Parallel Aware": false,
              "Index Name": "keyword_id_movie_keyword",
              "Startup Cost": 0.0,
              "Total Cost": 1182.29,
              "Plan Rows": 56248,
              "Plan Width": 0,
              "Actual Startup Time": 8.441,
              "Actual Total Time": 8.441,
              "Actual Rows": 58448,
              "Actual Loops": 1,
              "Index Cond": "(keyword_id = 16264)"
            }
          ]
        }
      ]
    },
    "Planning Time": 0.217,
    "Triggers": [],
    "Execution Time": 45.073
  }
]