[
  {
    "Plan": {
      "Node Type": "Aggregate",
      "Strategy": "Plain",
      "Partial Mode": "Finalize",
      "Parallel Aware": false,
      "Startup Cost": 31194.13,
      "Total Cost": 31194.14,
      "Plan Rows": 1,
      "Plan Width": 8,
      "Actual Startup Time": 85.414,
      "Actual Total Time": 93.859,
      "Actual Rows": 1,
      "Actual Loops": 1,
      "Plans": [
        {
          "Node Type": "Gather",
          "Parent Relationship": "Outer",
          "Parallel Aware": false,
          "Startup Cost": 31193.81,
          "Total Cost": 31194.12,
          "Plan Rows": 3,
          "Plan Width": 8,
          "Actual Startup Time": 85.289,
          "Actual Total Time": 93.851,
          "Actual Rows": 4,
          "Actual Loops": 1,
          "Workers Planned": 3,
          "Workers Launched": 3,
          "Single Copy": false,
          "Plans": [
            {
              "Node Type": "Aggregate",
              "Strategy": "Plain",
              "Partial Mode": "Partial",
              "Parent Relationship": "Outer",
              "Parallel Aware": false,
              "Startup Cost": 30193.81,
              "Total Cost": 30193.82,
              "Plan Rows": 1,
              "Plan Width": 8,
              "Actual Startup Time": 81.27,
              "Actual Total Time": 81.271,
              "Actual Rows": 1,
              "Actual Loops": 4,
              "Plans": [
                {
                  "Node Type": "Seq Scan",
                  "Parent Relationship": "Outer",
                  "Parallel Aware": true,
                  "Relation Name": "movie_companies",
                  "Alias": "mc",
                  "Startup Cost": 0.0,
                  "Total Cost": 29310.68,
                  "Plan Rows": 353252,
                  "Plan Width": 0,
                  "Actual Startup Time": 0.017,
                  "Actual Total Time": 68.016,
                  "Actual Rows": 275264,
                  "Actual Loops": 4,
                  "Filter": "(company_id < 7563)",
                  "Rows Removed by Filter": 377018
                }
              ]
            }
          ]
        }
      ]
    },
    "Planning Time": 0.126,
    "Triggers": [],
    "Execution Time": 93.886
  }
]