[
    {
        "Bao": {
            "Bao prediction": "NaN",
            "Bao recommended hint": "(no hint)"
        }
    },
    {
        "Plan": {
            "Node Type": "Aggregate",
            "Strategy": "Plain",
            "Partial Mode": "Finalize",
            "Parallel Aware": false,
            "Startup Cost": 32694.72,
            "Total Cost": 32694.73,
            "Plan Rows": 1,
            "Plan Width": 8,
            "Actual Startup Time": 85.471,
            "Actual Total Time": 89.118,
            "Actual Rows": 1,
            "Actual Loops": 1,
            "Output": [
                "count(*)"
            ],
            "Plans": [
                {
                    "Node Type": "Gather",
                    "Parent Relationship": "Outer",
                    "Parallel Aware": false,
                    "Startup Cost": 32694.4,
                    "Total Cost": 32694.71,
                    "Plan Rows": 3,
                    "Plan Width": 8,
                    "Actual Startup Time": 85.385,
                    "Actual Total Time": 89.112,
                    "Actual Rows": 4,
                    "Actual Loops": 1,
                    "Output": [
                        "(PARTIAL count(*))"
                    ],
                    "Workers Planned": 3,
                    "Workers Launched": 3,
                    "Single Copy": false,
                    "Plans": [
                        {
                            "Node Type": "Aggregate",
                            "Strategy": "Plain",
                            "Partial Mode": "Partial",
                            "Parent Relationship": "Outer",
                            "Parallel Aware": false,
                            "Startup Cost": 31694.4,
                            "Total Cost": 31694.41,
                            "Plan Rows": 1,
                            "Plan Width": 8,
                            "Actual Startup Time": 77.537,
                            "Actual Total Time": 77.538,
                            "Actual Rows": 1,
                            "Actual Loops": 4,
                            "Output": [
                                "PARTIAL count(*)"
                            ],
                            "Workers": [
                                {
                                    "Worker Number": 0,
                                    "Actual Startup Time": 74.808,
                                    "Actual Total Time": 74.809,
                                    "Actual Rows": 1,
                                    "Actual Loops": 1
                                },
                                {
                                    "Worker Number": 1,
                                    "Actual Startup Time": 74.967,
                                    "Actual Total Time": 74.968,
                                    "Actual Rows": 1,
                                    "Actual Loops": 1
                                },
                                {
                                    "Worker Number": 2,
                                    "Actual Startup Time": 75.274,
                                    "Actual Total Time": 75.274,
                                    "Actual Rows": 1,
                                    "Actual Loops": 1
                                }
                            ],
                            "Plans": [
                                {
                                    "Node Type": "Seq Scan",
                                    "Parent Relationship": "Outer",
                                    "Parallel Aware": true,
                                    "Relation Name": "movie_companies",
                                    "Schema": "public",
                                    "Alias": "mc",
                                    "Startup Cost": 0.0,
                                    "Total Cost": 31414.82,
                                    "Plan Rows": 111832,
                                    "Plan Width": 0,
                                    "Actual Startup Time": 39.363,
                                    "Actual Total Time": 70.833,
                                    "Actual Rows": 162167,
                                    "Actual Loops": 4,
                                    "Output": [
                                        "id",
                                        "movie_id",
                                        "company_id",
                                        "company_type_id",
                                        "note"
                                    ],
                                    "Filter": "((mc.company_id > 49412) AND (mc.company_type_id > 1))",
                                    "Rows Removed by Filter": 490115,
                                    "Workers": [
                                        {
                                            "Worker Number": 0,
                                            "Actual Startup Time": 36.63,
                                            "Actual Total Time": 68.234,
                                            "Actual Rows": 155530,
                                            "Actual Loops": 1
                                        },
                                        {
                                            "Worker Number": 1,
                                            "Actual Startup Time": 36.801,
                                            "Actual Total Time": 68.402,
                                            "Actual Rows": 156769,
                                            "Actual Loops": 1
                                        },
                                        {
                                            "Worker Number": 2,
                                            "Actual Startup Time": 37.099,
                                            "Actual Total Time": 68.776,
                                            "Actual Rows": 156584,
                                            "Actual Loops": 1
                                        }
                                    ]
                                }
                            ]
                        }
                    ]
                }
            ]
        },
        "Planning Time": 203.756,
        "Triggers": [],
        "Execution Time": 89.162
    }
]