[
  {
    "Plan": {
      "Node Type": "Aggregate",
      "Strategy": "Plain",
      "Partial Mode": "Finalize",
      "Parallel Aware": false,
      "Startup Cost": 255615.27,
      "Total Cost": 255615.28,
      "Plan Rows": 1,
      "Plan Width": 64,
      "Actual Startup Time": 896.718,
      "Actual Total Time": 945.116,
      "Actual Rows": 1,
      "Actual Loops": 1,
      "Plans": [
        {
          "Node Type": "Gather",
          "Parent Relationship": "Outer",
          "Parallel Aware": false,
          "Startup Cost": 255614.94,
          "Total Cost": 255615.25,
          "Plan Rows": 3,
          "Plan Width": 64,
          "Actual Startup Time": 892.782,
          "Actual Total Time": 945.103,
          "Actual Rows": 4,
          "Actual Loops": 1,
          "Workers Planned": 3,
          "Workers Launched": 3,
          "Single Copy": false,
          "Plans": [
            {
              "Node Type": "Aggregate",
              "Strategy": "Plain",
              "Partial Mode": "Partial",
              "Parent Relationship": "Outer",
              "Parallel Aware": false,
              "Startup Cost": 254614.94,
              "Total Cost": 254614.95,
              "Plan Rows": 1,
              "Plan Width": 64,
              "Actual Startup Time": 882.926,
              "Actual Total Time": 883.115,
              "Actual Rows": 1,
              "Actual Loops": 4,
              "Plans": [
                {
                  "Node Type": "Hash Join",
                  "Parent Relationship": "Outer",
                  "Parallel Aware": true,
                  "Join Type": "Inner",
                  "Startup Cost": 223131.9,
                  "Total Cost": 253655.41,
                  "Plan Rows": 191906,
                  "Plan Width": 22,
                  "Actual Startup Time": 736.448,
                  "Actual Total Time": 878.414,
                  "Actual Rows": 41230,
                  "Actual Loops": 4,
                  "Inner Unique": false,
                  "Hash Cond": "(mc.movie_id = t.id)",
                  "Plans": [
                    {
                      "Node Type": "Seq Scan",
                      "Parent Relationship": "Outer",
                      "Parallel Aware": true,
                      "Relation Name": "movie_companies",
                      "Alias": "mc",
                      "Startup Cost": 0.0,
                      "Total Cost": 27206.55,
                      "Plan Rows": 841655,
                      "Plan Width": 4,
                      "Actual Startup Time": 0.027,
                      "Actual Total Time": 64.918,
                      "Actual Rows": 652282,
                      "Actual Loops": 4
                    },
                    {
                      "Node Type": "Hash",
                      "Parent Relationship": "Inner",
                      "Parallel Aware": true,
                      "Startup Cost": 222528.24,
                      "Total Cost": 222528.24,
                      "Plan Rows": 48293,
                      "Plan Width": 34,
                      "Actual Startup Time": 734.925,
                      "Actual Total Time": 735.112,
                      "Actual Rows": 8685,
                      "Actual Loops": 4,
                      "Hash Buckets": 131072,
                      "Original Hash Buckets": 131072,
                      "Hash Batches": 1,
                      "Original Hash Batches": 1,
                      "Peak Memory Usage": 3392,
                      "Plans": [
                        {
                          "Node Type": "Nested Loop",
                          "Parent Relationship": "Outer",
                          "Parallel Aware": false,
                          "Join Type": "Inner",
                          "Startup Cost": 47739.11,
                          "Total Cost": 222528.24,
                          "Plan Rows": 48293,
                          "Plan Width": 34,
                          "Actual Startup Time": 209.849,
                          "Actual Total Time": 725.806,
                          "Actual Rows": 8685,
                          "Actual Loops": 4,
                          "Inner Unique": false,
                          "Plans": [
                            {
                              "Node Type": "Hash Join",
                              "Parent Relationship": "Outer",
                              "Parallel Aware": true,
                              "Join Type": "Inner",
                              "Startup Cost": 47738.67,
                              "Total Cost": 63431.11,
                              "Plan Rows": 62057,
                              "Plan Width": 30,
                              "Actual Startup Time": 209.11,
                              "Actual Total Time": 312.23,
                              "Actual Rows": 32848,
                              "Actual Loops": 4,
                              "Inner Unique": true,
                              "Hash Cond": "(mi_idx.movie_id = t.id)",
                              "Plans": [
                                {
                                  "Node Type": "Seq Scan",
                                  "Parent Relationship": "Outer",
                                  "Parallel Aware": true,
                                  "Relation Name": "movie_info_idx",
                                  "Alias": "mi_idx",
                                  "Startup Cost": 0.0,
                                  "Total Cost": 15122.68,
                                  "Plan Rows": 217048,
                                  "Plan Width": 9,
                                  "Actual Startup Time": 0.027,
                                  "Actual Total Time": 45.805,
                                  "Actual Rows": 129420,
                                  "Actual Loops": 4,
                                  "Filter": "(info > '5.0'::text)",
                                  "Rows Removed by Filter": 215588
                                },
                                {
                                  "Node Type": "Hash",
                                  "Parent Relationship": "Inner",
                                  "Parallel Aware": true,
                                  "Startup Cost": 45479.59,
                                  "Total Cost": 45479.59,
                                  "Plan Rows": 180727,
                                  "Plan Width": 21,
                                  "Actual Startup Time": 206.059,
                                  "Actual Total Time": 206.06,
                                  "Actual Rows": 179065,
                                  "Actual Loops": 4,
                                  "Hash Buckets": 1048576,
                                  "Original Hash Buckets": 1048576,
                                  "Hash Batches": 1,
                                  "Original Hash Batches": 1,
                                  "Peak Memory Usage": 48256,
                                  "Plans": [
                                    {
                                      "Node Type": "Seq Scan",
                                      "Parent Relationship": "Outer",
                                      "Parallel Aware": true,
                                      "Relation Name": "title",
                                      "Alias": "t",
                                      "Startup Cost": 0.0,
                                      "Total Cost": 45479.59,
                                      "Plan Rows": 180727,
                                      "Plan Width": 21,
                                      "Actual Startup Time": 0.076,
                                      "Actual Total Time": 118.518,
                                      "Actual Rows": 179065,
                                      "Actual Loops": 4,
                                      "Filter": "((production_year >= 2005) AND (production_year <= 2010))",
                                      "Rows Removed by Filter": 453013
                                    }
                                  ]
                                }
                              ]
                            },
                            {
                              "Node Type": "Index Scan",
                              "Parent Relationship": "Inner",
                              "Parallel Aware": false,
                              "Scan Direction": "Forward",
                              "Index Name": "movie_id_movie_info",
                              "Relation Name": "movie_info",
                              "Alias": "mi",
                              "Startup Cost": 0.43,
                              "Total Cost": 2.55,
                              "Plan Rows": 1,
                              "Plan Width": 4,
                              "Actual Startup Time": 0.012,
                              "Actual Total Time": 0.012,
                              "Actual Rows": 0,
                              "Actual Loops": 131391,
                              "Index Cond": "(movie_id = t.id)",
                              "Rows Removed by Index Recheck": 0,
                              "Filter": "(info = ANY ('{Drama,Horror,Western,Family}'::text[]))",
                              "Rows Removed by Filter": 14
                            }
                          ]
                        }
                      ]
                    }
                  ]
                }
              ]
            }
          ]
        }
      ]
    },
    "Planning Time": 8.539,
    "Triggers": [],
    "Execution Time": 945.539
  }
]