{
  "Plan": {
    "Node Type": "Aggregate",
    "Strategy": "Plain",
    "Partial Mode": "Finalize",
    "Parallel Aware": false,
    "Startup Cost": 280004.51,
    "Total Cost": 280004.52,
    "Plan Rows": 1,
    "Plan Width": 8,
    "Actual Startup Time": 527.623,
    "Actual Total Time": 544.478,
    "Actual Rows": 1,
    "Actual Loops": 1,
    "Plans": [
      {
        "Node Type": "Gather",
        "Parent Relationship": "Outer",
        "Parallel Aware": false,
        "Startup Cost": 280004.4,
        "Total Cost": 280004.51,
        "Plan Rows": 1,
        "Plan Width": 8,
        "Actual Startup Time": 526.753,
        "Actual Total Time": 544.47,
        "Actual Rows": 2,
        "Actual Loops": 1,
        "Workers Planned": 1,
        "Workers Launched": 1,
        "Single Copy": false,
        "Plans": [
          {
            "Node Type": "Aggregate",
            "Strategy": "Plain",
            "Partial Mode": "Partial",
            "Parent Relationship": "Outer",
            "Parallel Aware": false,
            "Startup Cost": 279004.4,
            "Total Cost": 279004.41,
            "Plan Rows": 1,
            "Plan Width": 8,
            "Actual Startup Time": 520.242,
            "Actual Total Time": 520.248,
            "Actual Rows": 1,
            "Actual Loops": 2,
            "Plans": [
              {
                "Node Type": "Hash Join",
                "Parent Relationship": "Outer",
                "Parallel Aware": true,
                "Join Type": "Inner",
                "Startup Cost": 109086.52,
                "Total Cost": 278911.13,
                "Plan Rows": 37309,
                "Plan Width": 0,
                "Actual Startup Time": 427.118,
                "Actual Total Time": 518.743,
                "Actual Rows": 31705,
                "Actual Loops": 2,
                "Inner Unique": false,
                "Hash Cond": "(mi.movie_id = t.id)",
                "Plans": [
                  {
                    "Node Type": "Bitmap Heap Scan",
                    "Parent Relationship": "Outer",
                    "Parallel Aware": true,
                    "Relation Name": "movie_info",
                    "Alias": "mi",
                    "Startup Cost": 14428.12,
                    "Total Cost": 182276.62,
                    "Plan Rows": 468439,
                    "Plan Width": 4,
                    "Actual Startup Time": 24.777,
                    "Actual Total Time": 63.455,
                    "Actual Rows": 401070,
                    "Actual Loops": 2,
                    "Recheck Cond": "(info_type_id < 2)",
                    "Rows Removed by Index Recheck": 0,
                    "Exact Heap Blocks": 2423,
                    "Lossy Heap Blocks": 0,
                    "Plans": [
                      {
                        "Node Type": "Bitmap Index Scan",
                        "Parent Relationship": "Outer",
                        "Parallel Aware": false,
                        "Index Name": "info_type_id_movie_info",
                        "Startup Cost": 0.0,
                        "Total Cost": 14229.04,
                        "Plan Rows": 796347,
                        "Plan Width": 0,
                        "Actual Startup Time": 24.08,
                        "Actual Total Time": 24.08,
                        "Actual Rows": 802140,
                        "Actual Loops": 1,
                        "Index Cond": "(info_type_id < 2)"
                      }
                    ]
                  },
                  {
                    "Node Type": "Hash",
                    "Parent Relationship": "Inner",
                    "Parallel Aware": true,
                    "Startup Cost": 93177.73,
                    "Total Cost": 93177.73,
                    "Plan Rows": 118453,
                    "Plan Width": 8,
                    "Actual Startup Time": 398.769,
                    "Actual Total Time": 398.773,
                    "Actual Rows": 46456,
                    "Actual Loops": 2,
                    "Hash Buckets": 262144,
                    "Original Hash Buckets": 262144,
                    "Hash Batches": 1,
                    "Original Hash Batches": 1,
                    "Peak Memory Usage": 5728,
                    "Plans": [
                      {
                        "Node Type": "Hash Join",
                        "Parent Relationship": "Outer",
                        "Parallel Aware": true,
                        "Join Type": "Inner",
                        "Startup Cost": 32315.44,
                        "Total Cost": 93177.73,
                        "Plan Rows": 118453,
                        "Plan Width": 8,
                        "Actual Startup Time": 106.977,
                        "Actual Total Time": 382.478,
                        "Actual Rows": 46456,
                        "Actual Loops": 2,
                        "Inner Unique": false,
                        "Hash Cond": "(t.id = mc.movie_id)",
                        "Plans": [
                          {
                            "Node Type": "Seq Scan",
                            "Parent Relationship": "Outer",
                            "Parallel Aware": true,
                            "Relation Name": "title",
                            "Alias": "t",
                            "Startup Cost": 0.0,
                            "Total Cost": 50870.31,
                            "Plan Rows": 1487231,
                            "Plan Width": 4,
                            "Actual Startup Time": 0.009,
                            "Actual Total Time": 127.887,
                            "Actual Rows": 1264156,
                            "Actual Loops": 2
                          },
                          {
                            "Node Type": "Hash",
                            "Parent Relationship": "Inner",
                            "Parallel Aware": true,
                            "Startup Cost": 30834.78,
                            "Total Cost": 30834.78,
                            "Plan Rows": 118453,
                            "Plan Width": 4,
                            "Actual Startup Time": 104.626,
                            "Actual Total Time": 104.627,
                            "Actual Rows": 46456,
                            "Actual Loops": 2,
                            "Hash Buckets": 262144,
                            "Original Hash Buckets": 262144,
                            "Hash Batches": 1,
                            "Original Hash Batches": 1,
                            "Peak Memory Usage": 5728,
                            "Plans": [
                              {
                                "Node Type": "Bitmap Heap Scan",
                                "Parent Relationship": "Outer",
                                "Parallel Aware": true,
                                "Relation Name": "movie_companies",
                                "Alias": "mc",
                                "Startup Cost": 8545.32,
                                "Total Cost": 30834.78,
                                "Plan Rows": 118453,
                                "Plan Width": 4,
                                "Actual Startup Time": 73.555,
                                "Actual Total Time": 92.716,
                                "Actual Rows": 46456,
                                "Actual Loops": 2,
                                "Recheck Cond": "(company_id < 240)",
                                "Rows Removed by Index Recheck": 0,
                                "Filter": "(company_type_id = 2)",
                                "Rows Removed by Filter": 150064,
                                "Exact Heap Blocks": 13023,
                                "Lossy Heap Blocks": 0,
                                "Plans": [
                                  {
                                    "Node Type": "Bitmap Index Scan",
                                    "Parent Relationship": "Outer",
                                    "Parallel Aware": false,
                                    "Index Name": "company_id_movie_companies",
                                    "Startup Cost": 0.0,
                                    "Total Cost": 8494.98,
                                    "Plan Rows": 396606,
                                    "Plan Width": 0,
                                    "Actual Startup Time": 28.275,
                                    "Actual Total Time": 28.276,
                                    "Actual Rows": 393040,
                                    "Actual Loops": 1,
                                    "Index Cond": "(company_id < 240)"
                                  }
                                ]
                              }
                            ]
                          }
                        ]
                      }
                    ]
                  }
                ]
              }
            ]
          }
        ]
      }
    ]
  },
  "Planning Time": 0.966,
  "Triggers": [],
  "Execution Time": 544.606
}