{
  "Plan": {
    "Node Type": "Aggregate",
    "Strategy": "Plain",
    "Partial Mode": "Finalize",
    "Parallel Aware": false,
    "Startup Cost": 106730.07,
    "Total Cost": 106730.08,
    "Plan Rows": 1,
    "Plan Width": 8,
    "Actual Startup Time": 196.794,
    "Actual Total Time": 218.157,
    "Actual Rows": 1,
    "Actual Loops": 1,
    "Plans": [
      {
        "Node Type": "Gather",
        "Parent Relationship": "Outer",
        "Parallel Aware": false,
        "Startup Cost": 106729.96,
        "Total Cost": 106730.07,
        "Plan Rows": 1,
        "Plan Width": 8,
        "Actual Startup Time": 196.679,
        "Actual Total Time": 218.15,
        "Actual Rows": 2,
        "Actual Loops": 1,
        "Workers Planned": 1,
        "Workers Launched": 1,
        "Single Copy": false,
        "Plans": [
          {
            "Node Type": "Aggregate",
            "Strategy": "Plain",
            "Partial Mode": "Partial",
            "Parent Relationship": "Outer",
            "Parallel Aware": false,
            "Startup Cost": 105729.96,
            "Total Cost": 105729.97,
            "Plan Rows": 1,
            "Plan Width": 8,
            "Actual Startup Time": 190.794,
            "Actual Total Time": 190.795,
            "Actual Rows": 1,
            "Actual Loops": 2,
            "Plans": [
              {
                "Node Type": "Nested Loop",
                "Parent Relationship": "Outer",
                "Parallel Aware": false,
                "Join Type": "Inner",
                "Startup Cost": 0.43,
                "Total Cost": 105704.31,
                "Plan Rows": 10261,
                "Plan Width": 0,
                "Actual Startup Time": 2.006,
                "Actual Total Time": 189.424,
                "Actual Rows": 24215,
                "Actual Loops": 2,
                "Inner Unique": false,
                "Plans": [
                  {
                    "Node Type": "Seq Scan",
                    "Parent Relationship": "Outer",
                    "Parallel Aware": true,
                    "Relation Name": "title",
                    "Alias": "t",
                    "Startup Cost": 0.0,
                    "Total Cost": 58306.47,
                    "Plan Rows": 5735,
                    "Plan Width": 4,
                    "Actual Startup Time": 0.061,
                    "Actual Total Time": 149.155,
                    "Actual Rows": 4737,
                    "Actual Loops": 2,
                    "Filter": "((kind_id < 7) AND (production_year = 1991))",
                    "Rows Removed by Filter": 1259419
                  },
                  {
                    "Node Type": "Index Only Scan",
                    "Parent Relationship": "Inner",
                    "Parallel Aware": false,
                    "Scan Direction": "Forward",
                    "Index Name": "movie_id_movie_keyword",
                    "Relation Name": "movie_keyword",
                    "Alias": "mk",
                    "Startup Cost": 0.43,
                    "Total Cost": 7.81,
                    "Plan Rows": 45,
                    "Plan Width": 4,
                    "Actual Startup Time": 0.007,
                    "Actual Total Time": 0.008,
                    "Actual Rows": 5,
                    "Actual Loops": 9474,
                    "Index Cond": "(movie_id = t.id)",
                    "Rows Removed by Index Recheck": 0,
                    "Heap Fetches": 48430
                  }
                ]
              }
            ]
          }
        ]
      }
    ]
  },
  "Planning Time": 0.501,
  "Triggers": [],
  "Execution Time": 218.231
}