[
  {
    "Plan": {
      "Node Type": "Aggregate",
      "Strategy": "Plain",
      "Partial Mode": "Finalize",
      "Parallel Aware": false,
      "Startup Cost": 78720.95,
      "Total Cost": 78720.96,
      "Plan Rows": 1,
      "Plan Width": 8,
      "Actual Startup Time": 202.835,
      "Actual Total Time": 219.248,
      "Actual Rows": 1,
      "Actual Loops": 1,
      "Plans": [
        {
          "Node Type": "Gather",
          "Parent Relationship": "Outer",
          "Parallel Aware": false,
          "Startup Cost": 78720.64,
          "Total Cost": 78720.95,
          "Plan Rows": 3,
          "Plan Width": 8,
          "Actual Startup Time": 201.929,
          "Actual Total Time": 219.24,
          "Actual Rows": 4,
          "Actual Loops": 1,
          "Workers Planned": 3,
          "Workers Launched": 3,
          "Single Copy": false,
          "Plans": [
            {
              "Node Type": "Aggregate",
              "Strategy": "Plain",
              "Partial Mode": "Partial",
              "Parent Relationship": "Outer",
              "Parallel Aware": false,
              "Startup Cost": 77720.64,
              "Total Cost": 77720.65,
              "Plan Rows": 1,
              "Plan Width": 8,
              "Actual Startup Time": 193.178,
              "Actual Total Time": 193.181,
              "Actual Rows": 1,
              "Actual Loops": 4,
              "Plans": [
                {
                  "Node Type": "Hash Join",
                  "Parent Relationship": "Outer",
                  "Parallel Aware": true,
                  "Join Type": "Inner",
                  "Startup Cost": 45915.71,
                  "Total Cost": 77701.13,
                  "Plan Rows": 7802,
                  "Plan Width": 0,
                  "Actual Startup Time": 148.256,
                  "Actual Total Time": 193.037,
                  "Actual Rows": 2786,
                  "Actual Loops": 4,
                  "Inner Unique": true,
                  "Hash Cond": "(mc.movie_id = t.id)",
                  "Plans": [
                    {
                      "Node Type": "Seq Scan",
                      "Parent Relationship": "Outer",
                      "Parallel Aware": true,
                      "Relation Name": "movie_companies",
                      "Alias": "mc",
                      "Startup Cost": 0.0,
                      "Total Cost": 31414.82,
                      "Plan Rows": 141182,
                      "Plan Width": 4,
                      "Actual Startup Time": 33.202,
                      "Actual Total Time": 65.298,
                      "Actual Rows": 62770,
                      "Actual Loops": 4,
                      "Filter": "((company_id < 2451) AND (company_type_id = 2))",
                      "Rows Removed by Filter": 589512
                    },
                    {
                      "Node Type": "Hash",
                      "Parent Relationship": "Inner",
                      "Parallel Aware": true,
                      "Startup Cost": 45479.1,
                      "Total Cost": 45479.1,
                      "Plan Rows": 34929,
                      "Plan Width": 4,
                      "Actual Startup Time": 112.326,
                      "Actual Total Time": 112.327,
                      "Actual Rows": 37665,
                      "Actual Loops": 4,
                      "Hash Buckets": 262144,
                      "Original Hash Buckets": 262144,
                      "Hash Batches": 1,
                      "Original Hash Batches": 1,
                      "Peak Memory Usage": 8000,
                      "Plans": [
                        {
                          "Node Type": "Seq Scan",
                          "Parent Relationship": "Outer",
                          "Parallel Aware": true,
                          "Relation Name": "title",
                          "Alias": "t",
                          "Startup Cost": 0.0,
                          "Total Cost": 45479.1,
                          "Plan Rows": 34929,
                          "Plan Width": 4,
                          "Actual Startup Time": 0.043,
                          "Actual Total Time": 98.064,
                          "Actual Rows": 37665,
                          "Actual Loops": 4,
                          "Filter": "((production_year > 2011) AND (kind_id = 7))",
                          "Rows Removed by Filter": 594413
                        }
                      ]
                    }
                  ]
                }
              ]
            }
          ]
        }
      ]
    },
    "Planning Time": 0.669,
    "Triggers": [],
    "Execution Time": 219.317
  }
]