[
    {
        "Bao": {
            "Bao prediction": "NaN",
            "Bao recommended hint": "(no hint)"
        }
    },
    {
        "Plan": {
            "Node Type": "Aggregate",
            "Strategy": "Plain",
            "Partial Mode": "Finalize",
            "Parallel Aware": false,
            "Startup Cost": 355065.53,
            "Total Cost": 355065.54,
            "Plan Rows": 1,
            "Plan Width": 8,
            "Actual Startup Time": 857.71,
            "Actual Total Time": 886.818,
            "Actual Rows": 1,
            "Actual Loops": 1,
            "Output": [
                "count(*)"
            ],
            "Plans": [
                {
                    "Node Type": "Gather",
                    "Parent Relationship": "Outer",
                    "Parallel Aware": false,
                    "Startup Cost": 355064.91,
                    "Total Cost": 355065.52,
                    "Plan Rows": 6,
                    "Plan Width": 8,
                    "Actual Startup Time": 857.56,
                    "Actual Total Time": 886.808,
                    "Actual Rows": 7,
                    "Actual Loops": 1,
                    "Output": [
                        "(PARTIAL count(*))"
                    ],
                    "Workers Planned": 6,
                    "Workers Launched": 6,
                    "Single Copy": false,
                    "Plans": [
                        {
                            "Node Type": "Aggregate",
                            "Strategy": "Plain",
                            "Partial Mode": "Partial",
                            "Parent Relationship": "Outer",
                            "Parallel Aware": false,
                            "Startup Cost": 354064.91,
                            "Total Cost": 354064.92,
                            "Plan Rows": 1,
                            "Plan Width": 8,
                            "Actual Startup Time": 847.568,
                            "Actual Total Time": 847.569,
                            "Actual Rows": 1,
                            "Actual Loops": 7,
                            "Output": [
                                "PARTIAL count(*)"
                            ],
                            "Workers": [
                                {
                                    "Worker Number": 0,
                                    "Actual Startup Time": 845.308,
                                    "Actual Total Time": 845.309,
                                    "Actual Rows": 1,
                                    "Actual Loops": 1
                                },
                                {
                                    "Worker Number": 1,
                                    "Actual Startup Time": 845.308,
                                    "Actual Total Time": 845.309,
                                    "Actual Rows": 1,
                                    "Actual Loops": 1
                                },
                                {
                                    "Worker Number": 2,
                                    "Actual Startup Time": 845.812,
                                    "Actual Total Time": 845.813,
                                    "Actual Rows": 1,
                                    "Actual Loops": 1
                                },
                                {
                                    "Worker Number": 3,
                                    "Actual Startup Time": 846.103,
                                    "Actual Total Time": 846.103,
                                    "Actual Rows": 1,
                                    "Actual Loops": 1
                                },
                                {
                                    "Worker Number": 4,
                                    "Actual Startup Time": 846.448,
                                    "Actual Total Time": 846.449,
                                    "Actual Rows": 1,
                                    "Actual Loops": 1
                                },
                                {
                                    "Worker Number": 5,
                                    "Actual Startup Time": 846.912,
                                    "Actual Total Time": 846.913,
                                    "Actual Rows": 1,
                                    "Actual Loops": 1
                                }
                            ],
                            "Plans": [
                                {
                                    "Node Type": "Seq Scan",
                                    "Parent Relationship": "Outer",
                                    "Parallel Aware": true,
                                    "Relation Name": "cast_info",
                                    "Schema": "public",
                                    "Alias": "ci",
                                    "Startup Cost": 0.0,
                                    "Total Cost": 343318.94,
                                    "Plan Rows": 4298388,
                                    "Plan Width": 0,
                                    "Actual Startup Time": 88.898,
                                    "Actual Total Time": 685.856,
                                    "Actual Rows": 3561098,
                                    "Actual Loops": 7,
                                    "Output": [
                                        "id",
                                        "person_id",
                                        "movie_id",
                                        "person_role_id",
                                        "note",
                                        "nr_order",
                                        "role_id"
                                    ],
                                    "Filter": "((ci.person_id > 674674) AND (ci.role_id < 10))",
                                    "Rows Removed by Filter": 1616666,
                                    "Workers": [
                                        {
                                            "Worker Number": 0,
                                            "Actual Startup Time": 86.651,
                                            "Actual Total Time": 682.8,
                                            "Actual Rows": 2464756,
                                            "Actual Loops": 1
                                        },
                                        {
                                            "Worker Number": 1,
                                            "Actual Startup Time": 86.651,
                                            "Actual Total Time": 683.094,
                                            "Actual Rows": 2462130,
                                            "Actual Loops": 1
                                        },
                                        {
                                            "Worker Number": 2,
                                            "Actual Startup Time": 87.126,
                                            "Actual Total Time": 688.508,
                                            "Actual Rows": 3871836,
                                            "Actual Loops": 1
                                        },
                                        {
                                            "Worker Number": 3,
                                            "Actual Startup Time": 87.444,
                                            "Actual Total Time": 684.799,
                                            "Actual Rows": 3740623,
                                            "Actual Loops": 1
                                        },
                                        {
                                            "Worker Number": 4,
                                            "Actual Startup Time": 87.764,
                                            "Actual Total Time": 689.22,
                                            "Actual Rows": 3836851,
                                            "Actual Loops": 1
                                        },
                                        {
                                            "Worker Number": 5,
                                            "Actual Startup Time": 88.234,
                                            "Actual Total Time": 689.018,
                                            "Actual Rows": 3884449,
                                            "Actual Loops": 1
                                        }
                                    ]
                                }
                            ]
                        }
                    ]
                }
            ]
        },
        "Planning Time": 188.143,
        "Triggers": [],
        "Execution Time": 886.902
    }
]