[
  {
    "Plan": {
      "Node Type": "Aggregate",
      "Strategy": "Plain",
      "Partial Mode": "Finalize",
      "Parallel Aware": false,
      "Startup Cost": 51914.88,
      "Total Cost": 51914.89,
      "Plan Rows": 1,
      "Plan Width": 8,
      "Actual Startup Time": 97.29,
      "Actual Total Time": 108.568,
      "Actual Rows": 1,
      "Actual Loops": 1,
      "Plans": [
        {
          "Node Type": "Gather",
          "Parent Relationship": "Outer",
          "Parallel Aware": false,
          "Startup Cost": 51914.46,
          "Total Cost": 51914.87,
          "Plan Rows": 4,
          "Plan Width": 8,
          "Actual Startup Time": 97.179,
          "Actual Total Time": 108.561,
          "Actual Rows": 5,
          "Actual Loops": 1,
          "Workers Planned": 4,
          "Workers Launched": 4,
          "Single Copy": false,
          "Plans": [
            {
              "Node Type": "Aggregate",
              "Strategy": "Plain",
              "Partial Mode": "Partial",
              "Parent Relationship": "Outer",
              "Parallel Aware": false,
              "Startup Cost": 50914.46,
              "Total Cost": 50914.47,
              "Plan Rows": 1,
              "Plan Width": 8,
              "Actual Startup Time": 88.622,
              "Actual Total Time": 88.624,
              "Actual Rows": 1,
              "Actual Loops": 5,
              "Plans": [
                {
                  "Node Type": "Nested Loop",
                  "Parent Relationship": "Outer",
                  "Parallel Aware": false,
                  "Join Type": "Inner",
                  "Startup Cost": 0.43,
                  "Total Cost": 50913.41,
                  "Plan Rows": 420,
                  "Plan Width": 0,
                  "Actual Startup Time": 14.704,
                  "Actual Total Time": 88.605,
                  "Actual Rows": 80,
                  "Actual Loops": 5,
                  "Inner Unique": false,
                  "Plans": [
                    {
                      "Node Type": "Seq Scan",
                      "Parent Relationship": "Outer",
                      "Parallel Aware": true,
                      "Relation Name": "title",
                      "Alias": "t",
                      "Startup Cost": 0.0,
                      "Total Cost": 45479.1,
                      "Plan Rows": 768,
                      "Plan Width": 4,
                      "Actual Startup Time": 0.363,
                      "Actual Total Time": 85.363,
                      "Actual Rows": 583,
                      "Actual Loops": 5,
                      "Filter": "((kind_id = 7) AND (production_year = 1951))",
                      "Rows Removed by Filter": 505079
                    },
                    {
                      "Node Type": "Index Only Scan",
                      "Parent Relationship": "Inner",
                      "Parallel Aware": false,
                      "Scan Direction": "Forward",
                      "Index Name": "movie_id_movie_info_idx",
                      "Relation Name": "movie_info_idx",
                      "Alias": "mi_idx",
                      "Startup Cost": 0.43,
                      "Total Cost": 7.05,
                      "Plan Rows": 3,
                      "Plan Width": 4,
                      "Actual Startup Time": 0.005,
                      "Actual Total Time": 0.005,
                      "Actual Rows": 0,
                      "Actual Loops": 2915,
                      "Index Cond": "(movie_id = t.id)",
                      "Rows Removed by Index Recheck": 0,
                      "Heap Fetches": 402
                    }
                  ]
                }
              ]
            }
          ]
        }
      ]
    },
    "Planning Time": 0.357,
    "Triggers": [],
    "Execution Time": 108.615
  }
]