[
  {
    "Plan": {
      "Node Type": "Aggregate",
      "Strategy": "Plain",
      "Partial Mode": "Finalize",
      "Parallel Aware": false,
      "Startup Cost": 29877.28,
      "Total Cost": 29877.29,
      "Plan Rows": 1,
      "Plan Width": 8,
      "Actual Startup Time": 32.762,
      "Actual Total Time": 37.175,
      "Actual Rows": 1,
      "Actual Loops": 1,
      "Plans": [
        {
          "Node Type": "Gather",
          "Parent Relationship": "Outer",
          "Parallel Aware": false,
          "Startup Cost": 29877.06,
          "Total Cost": 29877.27,
          "Plan Rows": 2,
          "Plan Width": 8,
          "Actual Startup Time": 32.609,
          "Actual Total Time": 37.166,
          "Actual Rows": 3,
          "Actual Loops": 1,
          "Workers Planned": 2,
          "Workers Launched": 2,
          "Single Copy": false,
          "Plans": [
            {
              "Node Type": "Aggregate",
              "Strategy": "Plain",
              "Partial Mode": "Partial",
              "Parent Relationship": "Outer",
              "Parallel Aware": false,
              "Startup Cost": 28877.06,
              "Total Cost": 28877.07,
              "Plan Rows": 1,
              "Plan Width": 8,
              "Actual Startup Time": 26.32,
              "Actual Total Time": 26.321,
              "Actual Rows": 1,
              "Actual Loops": 3,
              "Plans": [
                {
                  "Node Type": "Nested Loop",
                  "Parent Relationship": "Outer",
                  "Parallel Aware": false,
                  "Join Type": "Inner",
                  "Startup Cost": 113.77,
                  "Total Cost": 28871.56,
                  "Plan Rows": 2199,
                  "Plan Width": 0,
                  "Actual Startup Time": 1.231,
                  "Actual Total Time": 26.045,
                  "Actual Rows": 2109,
                  "Actual Loops": 3,
                  "Inner Unique": true,
                  "Plans": [
                    {
                      "Node Type": "Bitmap Heap Scan",
                      "Parent Relationship": "Outer",
                      "Parallel Aware": true,
                      "Relation Name": "movie_keyword",
                      "Alias": "mk",
                      "Startup Cost": 113.34,
                      "Total Cost": 12888.65,
                      "Plan Rows": 2199,
                      "Plan Width": 4,
                      "Actual Startup Time": 1.081,
                      "Actual Total Time": 8.431,
                      "Actual Rows": 2109,
                      "Actual Loops": 3,
                      "Recheck Cond": "(keyword_id = 498)",
                      "Rows Removed by Index Recheck": 0,
                      "Exact Heap Blocks": 3966,
                      "Lossy Heap Blocks": 0,
                      "Plans": [
                        {
                          "Node Type": "Bitmap Index Scan",
                          "Parent Relationship": "Outer",
                          "Parallel Aware": false,
                          "Index Name": "keyword_id_movie_keyword",
                          "Startup Cost": 0.0,
                          "Total Cost": 112.02,
                          "Plan Rows": 5278,
                          "Plan Width": 0,
                          "Actual Startup Time": 1.887,
                          "Actual Total Time": 1.888,
                          "Actual Rows": 6326,
                          "Actual Loops": 1,
                          "Index Cond": "(keyword_id = 498)"
                        }
                      ]
                    },
                    {
                      "Node Type": "Index Only Scan",
                      "Parent Relationship": "Inner",
                      "Parallel Aware": false,
                      "Scan Direction": "Forward",
                      "Index Name": "title_pkey",
                      "Relation Name": "title",
                      "Alias": "t",
                      "Startup Cost": 0.43,
                      "Total Cost": 7.27,
                      "Plan Rows": 1,
                      "Plan Width": 4,
                      "Actual Startup Time": 0.008,
                      "Actual Total Time": 0.008,
                      "Actual Rows": 1,
                      "Actual Loops": 6326,
                      "Index Cond": "(id = mk.movie_id)",
                      "Rows Removed by Index Recheck": 0,
                      "Heap Fetches": 6326
                    }
                  ]
                }
              ]
            }
          ]
        }
      ]
    },
    "Planning Time": 0.225,
    "Triggers": [],
    "Execution Time": 37.212
  }
]