[
  {
    "Plan": {
      "Node Type": "Aggregate",
      "Strategy": "Plain",
      "Partial Mode": "Finalize",
      "Parallel Aware": false,
      "Startup Cost": 340806.43,
      "Total Cost": 340806.44,
      "Plan Rows": 1,
      "Plan Width": 8,
      "Actual Startup Time": 908.444,
      "Actual Total Time": 966.715,
      "Actual Rows": 1,
      "Actual Loops": 1,
      "Plans": [
        {
          "Node Type": "Gather",
          "Parent Relationship": "Outer",
          "Parallel Aware": false,
          "Startup Cost": 340805.8,
          "Total Cost": 340806.41,
          "Plan Rows": 6,
          "Plan Width": 8,
          "Actual Startup Time": 908.357,
          "Actual Total Time": 966.706,
          "Actual Rows": 7,
          "Actual Loops": 1,
          "Workers Planned": 6,
          "Workers Launched": 6,
          "Single Copy": false,
          "Plans": [
            {
              "Node Type": "Aggregate",
              "Strategy": "Plain",
              "Partial Mode": "Partial",
              "Parent Relationship": "Outer",
              "Parallel Aware": false,
              "Startup Cost": 339805.8,
              "Total Cost": 339805.81,
              "Plan Rows": 1,
              "Plan Width": 8,
              "Actual Startup Time": 899.758,
              "Actual Total Time": 899.759,
              "Actual Rows": 1,
              "Actual Loops": 7,
              "Plans": [
                {
                  "Node Type": "Seq Scan",
                  "Parent Relationship": "Outer",
                  "Parallel Aware": true,
                  "Relation Name": "cast_info",
                  "Alias": "ci",
                  "Startup Cost": 0.0,
                  "Total Cost": 328162.03,
                  "Plan Rows": 4657511,
                  "Plan Width": 0,
                  "Actual Startup Time": 104.378,
                  "Actual Total Time": 699.191,
                  "Actual Rows": 3973441,
                  "Actual Loops": 7,
                  "Filter": "(person_id > 826544)",
                  "Rows Removed by Filter": 1204323
                }
              ]
            }
          ]
        }
      ]
    },
    "Planning Time": 0.128,
    "Triggers": [],
    "Execution Time": 966.766
  }
]