[
    {
        "Bao": {
            "Bao prediction": "NaN",
            "Bao recommended hint": "(no hint)"
        }
    },
    {
        "Plan": {
            "Node Type": "Aggregate",
            "Strategy": "Plain",
            "Partial Mode": "Finalize",
            "Parallel Aware": false,
            "Startup Cost": 32886.98,
            "Total Cost": 32886.99,
            "Plan Rows": 1,
            "Plan Width": 8,
            "Actual Startup Time": 86.573,
            "Actual Total Time": 92.724,
            "Actual Rows": 1,
            "Actual Loops": 1,
            "Output": [
                "count(*)"
            ],
            "Plans": [
                {
                    "Node Type": "Gather",
                    "Parent Relationship": "Outer",
                    "Parallel Aware": false,
                    "Startup Cost": 32886.66,
                    "Total Cost": 32886.97,
                    "Plan Rows": 3,
                    "Plan Width": 8,
                    "Actual Startup Time": 86.488,
                    "Actual Total Time": 92.717,
                    "Actual Rows": 4,
                    "Actual Loops": 1,
                    "Output": [
                        "(PARTIAL count(*))"
                    ],
                    "Workers Planned": 3,
                    "Workers Launched": 3,
                    "Single Copy": false,
                    "Plans": [
                        {
                            "Node Type": "Aggregate",
                            "Strategy": "Plain",
                            "Partial Mode": "Partial",
                            "Parent Relationship": "Outer",
                            "Parallel Aware": false,
                            "Startup Cost": 31886.66,
                            "Total Cost": 31886.67,
                            "Plan Rows": 1,
                            "Plan Width": 8,
                            "Actual Startup Time": 78.146,
                            "Actual Total Time": 78.147,
                            "Actual Rows": 1,
                            "Actual Loops": 4,
                            "Output": [
                                "PARTIAL count(*)"
                            ],
                            "Workers": [
                                {
                                    "Worker Number": 0,
                                    "Actual Startup Time": 75.253,
                                    "Actual Total Time": 75.254,
                                    "Actual Rows": 1,
                                    "Actual Loops": 1
                                },
                                {
                                    "Worker Number": 1,
                                    "Actual Startup Time": 75.362,
                                    "Actual Total Time": 75.363,
                                    "Actual Rows": 1,
                                    "Actual Loops": 1
                                },
                                {
                                    "Worker Number": 2,
                                    "Actual Startup Time": 75.899,
                                    "Actual Total Time": 75.9,
                                    "Actual Rows": 1,
                                    "Actual Loops": 1
                                }
                            ],
                            "Plans": [
                                {
                                    "Node Type": "Seq Scan",
                                    "Parent Relationship": "Outer",
                                    "Parallel Aware": true,
                                    "Relation Name": "movie_companies",
                                    "Schema": "public",
                                    "Alias": "mc",
                                    "Startup Cost": 0.0,
                                    "Total Cost": 31414.82,
                                    "Plan Rows": 188738,
                                    "Plan Width": 0,
                                    "Actual Startup Time": 21.474,
                                    "Actual Total Time": 74.104,
                                    "Actual Rows": 79346,
                                    "Actual Loops": 4,
                                    "Output": [
                                        "id",
                                        "movie_id",
                                        "company_id",
                                        "company_type_id",
                                        "note"
                                    ],
                                    "Filter": "((mc.company_id > 12320) AND (mc.company_type_id = 1))",
                                    "Rows Removed by Filter": 572936,
                                    "Workers": [
                                        {
                                            "Worker Number": 0,
                                            "Actual Startup Time": 18.6,
                                            "Actual Total Time": 71.462,
                                            "Actual Rows": 66735,
                                            "Actual Loops": 1
                                        },
                                        {
                                            "Worker Number": 1,
                                            "Actual Startup Time": 18.692,
                                            "Actual Total Time": 71.442,
                                            "Actual Rows": 72029,
                                            "Actual Loops": 1
                                        },
                                        {
                                            "Worker Number": 2,
                                            "Actual Startup Time": 19.215,
                                            "Actual Total Time": 72.065,
                                            "Actual Rows": 67361,
                                            "Actual Loops": 1
                                        }
                                    ]
                                }
                            ]
                        }
                    ]
                }
            ]
        },
        "Planning Time": 190.654,
        "Triggers": [],
        "Execution Time": 92.78
    }
]