[
  {
    "Plan": {
      "Node Type": "Aggregate",
      "Strategy": "Plain",
      "Partial Mode": "Finalize",
      "Parallel Aware": false,
      "Startup Cost": 52263.95,
      "Total Cost": 52263.96,
      "Plan Rows": 1,
      "Plan Width": 8,
      "Actual Startup Time": 61.83,
      "Actual Total Time": 70.564,
      "Actual Rows": 1,
      "Actual Loops": 1,
      "Plans": [
        {
          "Node Type": "Gather",
          "Parent Relationship": "Outer",
          "Parallel Aware": false,
          "Startup Cost": 52263.53,
          "Total Cost": 52263.94,
          "Plan Rows": 4,
          "Plan Width": 8,
          "Actual Startup Time": 61.383,
          "Actual Total Time": 70.558,
          "Actual Rows": 5,
          "Actual Loops": 1,
          "Workers Planned": 4,
          "Workers Launched": 4,
          "Single Copy": false,
          "Plans": [
            {
              "Node Type": "Aggregate",
              "Strategy": "Plain",
              "Partial Mode": "Partial",
              "Parent Relationship": "Outer",
              "Parallel Aware": false,
              "Startup Cost": 51263.53,
              "Total Cost": 51263.54,
              "Plan Rows": 1,
              "Plan Width": 8,
              "Actual Startup Time": 55.345,
              "Actual Total Time": 55.346,
              "Actual Rows": 1,
              "Actual Loops": 5,
              "Plans": [
                {
                  "Node Type": "Nested Loop",
                  "Parent Relationship": "Outer",
                  "Parallel Aware": false,
                  "Join Type": "Inner",
                  "Startup Cost": 1698.11,
                  "Total Cost": 51260.21,
                  "Plan Rows": 1330,
                  "Plan Width": 0,
                  "Actual Startup Time": 12.354,
                  "Actual Total Time": 55.262,
                  "Actual Rows": 448,
                  "Actual Loops": 5,
                  "Inner Unique": false,
                  "Plans": [
                    {
                      "Node Type": "Bitmap Heap Scan",
                      "Parent Relationship": "Outer",
                      "Parallel Aware": true,
                      "Relation Name": "title",
                      "Alias": "t",
                      "Startup Cost": 1697.54,
                      "Total Cost": 38052.05,
                      "Plan Rows": 93,
                      "Plan Width": 4,
                      "Actual Startup Time": 12.176,
                      "Actual Total Time": 49.222,
                      "Actual Rows": 67,
                      "Actual Loops": 5,
                      "Recheck Cond": "(kind_id = 2)",
                      "Rows Removed by Index Recheck": 0,
                      "Filter": "(production_year = 1962)",
                      "Rows Removed by Filter": 18103,
                      "Exact Heap Blocks": 12834,
                      "Lossy Heap Blocks": 0,
                      "Plans": [
                        {
                          "Node Type": "Bitmap Index Scan",
                          "Parent Relationship": "Outer",
                          "Parallel Aware": false,
                          "Index Name": "kind_id_title",
                          "Startup Cost": 0.0,
                          "Total Cost": 1697.45,
                          "Plan Rows": 95069,
                          "Plan Width": 0,
                          "Actual Startup Time": 11.297,
                          "Actual Total Time": 11.297,
                          "Actual Rows": 90852,
                          "Actual Loops": 1,
                          "Index Cond": "(kind_id = 2)"
                        }
                      ]
                    },
                    {
                      "Node Type": "Index Only Scan",
                      "Parent Relationship": "Inner",
                      "Parallel Aware": false,
                      "Scan Direction": "Forward",
                      "Index Name": "movie_id_cast_info",
                      "Relation Name": "cast_info",
                      "Alias": "ci",
                      "Startup Cost": 0.56,
                      "Total Cost": 141.67,
                      "Plan Rows": 35,
                      "Plan Width": 4,
                      "Actual Startup Time": 0.032,
                      "Actual Total Time": 0.088,
                      "Actual Rows": 7,
                      "Actual Loops": 336,
                      "Index Cond": "(movie_id = t.id)",
                      "Rows Removed by Index Recheck": 0,
                      "Heap Fetches": 2240
                    }
                  ]
                }
              ]
            }
          ]
        }
      ]
    },
    "Planning Time": 0.294,
    "Triggers": [],
    "Execution Time": 70.609
  }
]