[
  {
    "Plan": {
      "Node Type": "Aggregate",
      "Strategy": "Plain",
      "Partial Mode": "Finalize",
      "Parallel Aware": false,
      "Startup Cost": 45879.07,
      "Total Cost": 45879.08,
      "Plan Rows": 1,
      "Plan Width": 8,
      "Actual Startup Time": 130.663,
      "Actual Total Time": 138.221,
      "Actual Rows": 1,
      "Actual Loops": 1,
      "Plans": [
        {
          "Node Type": "Gather",
          "Parent Relationship": "Outer",
          "Parallel Aware": false,
          "Startup Cost": 45878.75,
          "Total Cost": 45879.06,
          "Plan Rows": 3,
          "Plan Width": 8,
          "Actual Startup Time": 130.605,
          "Actual Total Time": 138.216,
          "Actual Rows": 4,
          "Actual Loops": 1,
          "Workers Planned": 3,
          "Workers Launched": 3,
          "Single Copy": false,
          "Plans": [
            {
              "Node Type": "Aggregate",
              "Strategy": "Plain",
              "Partial Mode": "Partial",
              "Parent Relationship": "Outer",
              "Parallel Aware": false,
              "Startup Cost": 44878.75,
              "Total Cost": 44878.76,
              "Plan Rows": 1,
              "Plan Width": 8,
              "Actual Startup Time": 127.967,
              "Actual Total Time": 127.968,
              "Actual Rows": 1,
              "Actual Loops": 4,
              "Plans": [
                {
                  "Node Type": "Seq Scan",
                  "Parent Relationship": "Outer",
                  "Parallel Aware": true,
                  "Relation Name": "movie_keyword",
                  "Alias": "mk",
                  "Startup Cost": 0.0,
                  "Total Cost": 42695.65,
                  "Plan Rows": 873240,
                  "Plan Width": 0,
                  "Actual Startup Time": 0.122,
                  "Actual Total Time": 99.566,
                  "Actual Rows": 676646,
                  "Actual Loops": 4,
                  "Filter": "(keyword_id > 2975)",
                  "Rows Removed by Filter": 454336
                }
              ]
            }
          ]
        }
      ]
    },
    "Planning Time": 0.068,
    "Triggers": [],
    "Execution Time": 138.244
  }
]