[
  {
    "Plan": {
      "Node Type": "Aggregate",
      "Strategy": "Plain",
      "Partial Mode": "Finalize",
      "Parallel Aware": false,
      "Startup Cost": 32770.9,
      "Total Cost": 32770.91,
      "Plan Rows": 1,
      "Plan Width": 8,
      "Actual Startup Time": 81.32,
      "Actual Total Time": 89.658,
      "Actual Rows": 1,
      "Actual Loops": 1,
      "Plans": [
        {
          "Node Type": "Gather",
          "Parent Relationship": "Outer",
          "Parallel Aware": false,
          "Startup Cost": 32770.58,
          "Total Cost": 32770.89,
          "Plan Rows": 3,
          "Plan Width": 8,
          "Actual Startup Time": 81.194,
          "Actual Total Time": 89.646,
          "Actual Rows": 4,
          "Actual Loops": 1,
          "Workers Planned": 3,
          "Workers Launched": 3,
          "Single Copy": false,
          "Plans": [
            {
              "Node Type": "Aggregate",
              "Strategy": "Plain",
              "Partial Mode": "Partial",
              "Parent Relationship": "Outer",
              "Parallel Aware": false,
              "Startup Cost": 31770.58,
              "Total Cost": 31770.59,
              "Plan Rows": 1,
              "Plan Width": 8,
              "Actual Startup Time": 74.377,
              "Actual Total Time": 74.378,
              "Actual Rows": 1,
              "Actual Loops": 4,
              "Plans": [
                {
                  "Node Type": "Seq Scan",
                  "Parent Relationship": "Outer",
                  "Parallel Aware": true,
                  "Relation Name": "movie_companies",
                  "Alias": "mc",
                  "Startup Cost": 0.0,
                  "Total Cost": 31414.82,
                  "Plan Rows": 142304,
                  "Plan Width": 0,
                  "Actual Startup Time": 40.992,
                  "Actual Total Time": 71.389,
                  "Actual Rows": 63076,
                  "Actual Loops": 4,
                  "Filter": "((company_id < 2538) AND (company_type_id = 2))",
                  "Rows Removed by Filter": 589206
                }
              ]
            }
          ]
        }
      ]
    },
    "Planning Time": 0.1,
    "Triggers": [],
    "Execution Time": 89.686
  }
]