[
  {
    "Plan": {
      "Node Type": "Aggregate",
      "Strategy": "Plain",
      "Partial Mode": "Finalize",
      "Parallel Aware": false,
      "Startup Cost": 347081.97,
      "Total Cost": 347081.98,
      "Plan Rows": 1,
      "Plan Width": 8,
      "Actual Startup Time": 422.32,
      "Actual Total Time": 441.626,
      "Actual Rows": 1,
      "Actual Loops": 1,
      "Plans": [
        {
          "Node Type": "Gather",
          "Parent Relationship": "Outer",
          "Parallel Aware": false,
          "Startup Cost": 347081.35,
          "Total Cost": 347081.96,
          "Plan Rows": 6,
          "Plan Width": 8,
          "Actual Startup Time": 422.093,
          "Actual Total Time": 441.617,
          "Actual Rows": 7,
          "Actual Loops": 1,
          "Workers Planned": 6,
          "Workers Launched": 6,
          "Single Copy": false,
          "Plans": [
            {
              "Node Type": "Aggregate",
              "Strategy": "Plain",
              "Partial Mode": "Partial",
              "Parent Relationship": "Outer",
              "Parallel Aware": false,
              "Startup Cost": 346081.35,
              "Total Cost": 346081.36,
              "Plan Rows": 1,
              "Plan Width": 8,
              "Actual Startup Time": 416.713,
              "Actual Total Time": 416.714,
              "Actual Rows": 1,
              "Actual Loops": 7,
              "Plans": [
                {
                  "Node Type": "Index Scan",
                  "Parent Relationship": "Outer",
                  "Parallel Aware": true,
                  "Scan Direction": "Forward",
                  "Index Name": "role_id_cast_info",
                  "Relation Name": "cast_info",
                  "Alias": "ci",
                  "Startup Cost": 0.56,
                  "Total Cost": 342814.42,
                  "Plan Rows": 1306770,
                  "Plan Width": 0,
                  "Actual Startup Time": 320.119,
                  "Actual Total Time": 397.676,
                  "Actual Rows": 370413,
                  "Actual Loops": 7,
                  "Index Cond": "(role_id < 2)",
                  "Rows Removed by Index Recheck": 0,
                  "Filter": "(person_id > 1374610)",
                  "Rows Removed by Filter": 1439686
                }
              ]
            }
          ]
        }
      ]
    },
    "Planning Time": 0.105,
    "Triggers": [],
    "Execution Time": 441.665
  }
]