[
  {
    "Plan": {
      "Node Type": "Aggregate",
      "Strategy": "Plain",
      "Partial Mode": "Finalize",
      "Parallel Aware": false,
      "Startup Cost": 186118.46,
      "Total Cost": 186118.47,
      "Plan Rows": 1,
      "Plan Width": 8,
      "Actual Startup Time": 139.793,
      "Actual Total Time": 161.899,
      "Actual Rows": 1,
      "Actual Loops": 1,
      "Plans": [
        {
          "Node Type": "Gather",
          "Parent Relationship": "Outer",
          "Parallel Aware": false,
          "Startup Cost": 186118.04,
          "Total Cost": 186118.45,
          "Plan Rows": 4,
          "Plan Width": 8,
          "Actual Startup Time": 139.621,
          "Actual Total Time": 161.885,
          "Actual Rows": 5,
          "Actual Loops": 1,
          "Workers Planned": 4,
          "Workers Launched": 4,
          "Single Copy": false,
          "Plans": [
            {
              "Node Type": "Aggregate",
              "Strategy": "Plain",
              "Partial Mode": "Partial",
              "Parent Relationship": "Outer",
              "Parallel Aware": false,
              "Startup Cost": 185118.04,
              "Total Cost": 185118.05,
              "Plan Rows": 1,
              "Plan Width": 8,
              "Actual Startup Time": 132.089,
              "Actual Total Time": 132.092,
              "Actual Rows": 1,
              "Actual Loops": 5,
              "Plans": [
                {
                  "Node Type": "Nested Loop",
                  "Parent Relationship": "Outer",
                  "Parallel Aware": false,
                  "Join Type": "Inner",
                  "Startup Cost": 0.43,
                  "Total Cost": 185097.65,
                  "Plan Rows": 8157,
                  "Plan Width": 0,
                  "Actual Startup Time": 0.666,
                  "Actual Total Time": 130.74,
                  "Actual Rows": 14547,
                  "Actual Loops": 5,
                  "Inner Unique": false,
                  "Plans": [
                    {
                      "Node Type": "Seq Scan",
                      "Parent Relationship": "Outer",
                      "Parallel Aware": true,
                      "Relation Name": "title",
                      "Alias": "t",
                      "Startup Cost": 0.0,
                      "Total Cost": 45479.59,
                      "Plan Rows": 1389,
                      "Plan Width": 4,
                      "Actual Startup Time": 0.51,
                      "Actual Total Time": 81.428,
                      "Actual Rows": 1375,
                      "Actual Loops": 5,
                      "Filter": "((kind_id < 7) AND (production_year = 1982))",
                      "Rows Removed by Filter": 504287
                    },
                    {
                      "Node Type": "Index Only Scan",
                      "Parent Relationship": "Inner",
                      "Parallel Aware": false,
                      "Scan Direction": "Forward",
                      "Index Name": "movie_id_movie_info",
                      "Relation Name": "movie_info",
                      "Alias": "mi",
                      "Startup Cost": 0.43,
                      "Total Cost": 100.11,
                      "Plan Rows": 41,
                      "Plan Width": 4,
                      "Actual Startup Time": 0.015,
                      "Actual Total Time": 0.034,
                      "Actual Rows": 11,
                      "Actual Loops": 6875,
                      "Index Cond": "(movie_id = t.id)",
                      "Rows Removed by Index Recheck": 0,
                      "Heap Fetches": 72735
                    }
                  ]
                }
              ]
            }
          ]
        }
      ]
    },
    "Planning Time": 0.274,
    "Triggers": [],
    "Execution Time": 161.945
  }
]