[
  {
    "Plan": {
      "Node Type": "Aggregate",
      "Strategy": "Plain",
      "Partial Mode": "Finalize",
      "Parallel Aware": false,
      "Startup Cost": 191563.01,
      "Total Cost": 191563.02,
      "Plan Rows": 1,
      "Plan Width": 8,
      "Actual Startup Time": 145.128,
      "Actual Total Time": 166.741,
      "Actual Rows": 1,
      "Actual Loops": 1,
      "Plans": [
        {
          "Node Type": "Gather",
          "Parent Relationship": "Outer",
          "Parallel Aware": false,
          "Startup Cost": 191562.59,
          "Total Cost": 191563.0,
          "Plan Rows": 4,
          "Plan Width": 8,
          "Actual Startup Time": 145.014,
          "Actual Total Time": 166.732,
          "Actual Rows": 5,
          "Actual Loops": 1,
          "Workers Planned": 4,
          "Workers Launched": 4,
          "Single Copy": false,
          "Plans": [
            {
              "Node Type": "Aggregate",
              "Strategy": "Plain",
              "Partial Mode": "Partial",
              "Parent Relationship": "Outer",
              "Parallel Aware": false,
              "Startup Cost": 190562.59,
              "Total Cost": 190562.6,
              "Plan Rows": 1,
              "Plan Width": 8,
              "Actual Startup Time": 135.633,
              "Actual Total Time": 135.635,
              "Actual Rows": 1,
              "Actual Loops": 5,
              "Plans": [
                {
                  "Node Type": "Nested Loop",
                  "Parent Relationship": "Outer",
                  "Parallel Aware": false,
                  "Join Type": "Inner",
                  "Startup Cost": 0.43,
                  "Total Cost": 190541.34,
                  "Plan Rows": 8502,
                  "Plan Width": 0,
                  "Actual Startup Time": 0.982,
                  "Actual Total Time": 134.331,
                  "Actual Rows": 14547,
                  "Actual Loops": 5,
                  "Inner Unique": false,
                  "Plans": [
                    {
                      "Node Type": "Seq Scan",
                      "Parent Relationship": "Outer",
                      "Parallel Aware": true,
                      "Relation Name": "title",
                      "Alias": "t",
                      "Startup Cost": 0.0,
                      "Total Cost": 45479.1,
                      "Plan Rows": 1454,
                      "Plan Width": 4,
                      "Actual Startup Time": 0.751,
                      "Actual Total Time": 83.419,
                      "Actual Rows": 1375,
                      "Actual Loops": 5,
                      "Filter": "((kind_id < 7) AND (production_year = 1982))",
                      "Rows Removed by Filter": 504287
                    },
                    {
                      "Node Type": "Index Only Scan",
                      "Parent Relationship": "Inner",
                      "Parallel Aware": false,
                      "Scan Direction": "Forward",
                      "Index Name": "movie_id_movie_info",
                      "Relation Name": "movie_info",
                      "Alias": "mi",
                      "Startup Cost": 0.43,
                      "Total Cost": 99.35,
                      "Plan Rows": 42,
                      "Plan Width": 4,
                      "Actual Startup Time": 0.014,
                      "Actual Total Time": 0.035,
                      "Actual Rows": 11,
                      "Actual Loops": 6875,
                      "Index Cond": "(movie_id = t.id)",
                      "Rows Removed by Index Recheck": 0,
                      "Heap Fetches": 72735
                    }
                  ]
                }
              ]
            }
          ]
        }
      ]
    },
    "Planning Time": 0.595,
    "Triggers": [],
    "Execution Time": 166.813
  }
]