[
  {
    "Plan": {
      "Node Type": "Aggregate",
      "Strategy": "Plain",
      "Partial Mode": "Finalize",
      "Parallel Aware": false,
      "Startup Cost": 366919.55,
      "Total Cost": 366919.56,
      "Plan Rows": 1,
      "Plan Width": 8,
      "Actual Startup Time": 737.543,
      "Actual Total Time": 761.639,
      "Actual Rows": 1,
      "Actual Loops": 1,
      "Plans": [
        {
          "Node Type": "Gather",
          "Parent Relationship": "Outer",
          "Parallel Aware": false,
          "Startup Cost": 366918.92,
          "Total Cost": 366919.53,
          "Plan Rows": 6,
          "Plan Width": 8,
          "Actual Startup Time": 708.789,
          "Actual Total Time": 761.627,
          "Actual Rows": 7,
          "Actual Loops": 1,
          "Workers Planned": 6,
          "Workers Launched": 6,
          "Single Copy": false,
          "Plans": [
            {
              "Node Type": "Aggregate",
              "Strategy": "Plain",
              "Partial Mode": "Partial",
              "Parent Relationship": "Outer",
              "Parallel Aware": false,
              "Startup Cost": 365918.92,
              "Total Cost": 365918.93,
              "Plan Rows": 1,
              "Plan Width": 8,
              "Actual Startup Time": 686.741,
              "Actual Total Time": 686.745,
              "Actual Rows": 1,
              "Actual Loops": 7,
              "Plans": [
                {
                  "Node Type": "Hash Join",
                  "Parent Relationship": "Outer",
                  "Parallel Aware": true,
                  "Join Type": "Inner",
                  "Startup Cost": 105835.14,
                  "Total Cost": 364869.73,
                  "Plan Rows": 419676,
                  "Plan Width": 0,
                  "Actual Startup Time": 396.908,
                  "Actual Total Time": 666.557,
                  "Actual Rows": 363720,
                  "Actual Loops": 7,
                  "Inner Unique": true,
                  "Hash Cond": "(ci.movie_id = t.id)",
                  "Plans": [
                    {
                      "Node Type": "Bitmap Heap Scan",
                      "Parent Relationship": "Outer",
                      "Parallel Aware": true,
                      "Relation Name": "cast_info",
                      "Alias": "ci",
                      "Startup Cost": 55615.49,
                      "Total Cost": 313548.44,
                      "Plan Rows": 419676,
                      "Plan Width": 4,
                      "Actual Startup Time": 135.265,
                      "Actual Total Time": 206.95,
                      "Actual Rows": 363720,
                      "Actual Loops": 7,
                      "Recheck Cond": "(person_id < 245975)",
                      "Rows Removed by Index Recheck": 0,
                      "Exact Heap Blocks": 5190,
                      "Lossy Heap Blocks": 0,
                      "Plans": [
                        {
                          "Node Type": "Bitmap Index Scan",
                          "Parent Relationship": "Outer",
                          "Parallel Aware": false,
                          "Index Name": "person_id_cast_info",
                          "Startup Cost": 0.0,
                          "Total Cost": 54985.98,
                          "Plan Rows": 2518055,
                          "Plan Width": 0,
                          "Actual Startup Time": 128.782,
                          "Actual Total Time": 128.783,
                          "Actual Rows": 2546040,
                          "Actual Loops": 1,
                          "Index Cond": "(person_id < 245975)"
                        }
                      ]
                    },
                    {
                      "Node Type": "Hash",
                      "Parent Relationship": "Inner",
                      "Parallel Aware": true,
                      "Startup Cost": 42318.73,
                      "Total Cost": 42318.73,
                      "Plan Rows": 632073,
                      "Plan Width": 4,
                      "Actual Startup Time": 254.774,
                      "Actual Total Time": 254.776,
                      "Actual Rows": 361187,
                      "Actual Loops": 7,
                      "Hash Buckets": 4194304,
                      "Original Hash Buckets": 4194304,
                      "Hash Batches": 1,
                      "Original Hash Batches": 1,
                      "Peak Memory Usage": 131776,
                      "Plans": [
                        {
                          "Node Type": "Seq Scan",
                          "Parent Relationship": "Outer",
                          "Parallel Aware": true,
                          "Relation Name": "title",
                          "Alias": "t",
                          "Startup Cost": 0.0,
                          "Total Cost": 42318.73,
                          "Plan Rows": 632073,
                          "Plan Width": 4,
                          "Actual Startup Time": 0.036,
                          "Actual Total Time": 78.926,
                          "Actual Rows": 361187,
                          "Actual Loops": 7
                        }
                      ]
                    }
                  ]
                }
              ]
            }
          ]
        }
      ]
    },
    "Planning Time": 0.546,
    "Triggers": [],
    "Execution Time": 761.729
  }
]