[
  {
    "Plan": {
      "Node Type": "Aggregate",
      "Strategy": "Plain",
      "Partial Mode": "Finalize",
      "Parallel Aware": false,
      "Startup Cost": 47831.8,
      "Total Cost": 47831.81,
      "Plan Rows": 1,
      "Plan Width": 8,
      "Actual Startup Time": 95.482,
      "Actual Total Time": 108.561,
      "Actual Rows": 1,
      "Actual Loops": 1,
      "Plans": [
        {
          "Node Type": "Gather",
          "Parent Relationship": "Outer",
          "Parallel Aware": false,
          "Startup Cost": 47831.38,
          "Total Cost": 47831.79,
          "Plan Rows": 4,
          "Plan Width": 8,
          "Actual Startup Time": 95.321,
          "Actual Total Time": 108.552,
          "Actual Rows": 5,
          "Actual Loops": 1,
          "Workers Planned": 4,
          "Workers Launched": 4,
          "Single Copy": false,
          "Plans": [
            {
              "Node Type": "Aggregate",
              "Strategy": "Plain",
              "Partial Mode": "Partial",
              "Parent Relationship": "Outer",
              "Parallel Aware": false,
              "Startup Cost": 46831.38,
              "Total Cost": 46831.39,
              "Plan Rows": 1,
              "Plan Width": 8,
              "Actual Startup Time": 86.711,
              "Actual Total Time": 86.713,
              "Actual Rows": 1,
              "Actual Loops": 5,
              "Plans": [
                {
                  "Node Type": "Nested Loop",
                  "Parent Relationship": "Outer",
                  "Parallel Aware": false,
                  "Join Type": "Inner",
                  "Startup Cost": 0.43,
                  "Total Cost": 46830.86,
                  "Plan Rows": 207,
                  "Plan Width": 0,
                  "Actual Startup Time": 55.565,
                  "Actual Total Time": 86.655,
                  "Actual Rows": 596,
                  "Actual Loops": 5,
                  "Inner Unique": false,
                  "Plans": [
                    {
                      "Node Type": "Seq Scan",
                      "Parent Relationship": "Outer",
                      "Parallel Aware": true,
                      "Relation Name": "title",
                      "Alias": "t",
                      "Startup Cost": 0.0,
                      "Total Cost": 43899.32,
                      "Plan Rows": 379,
                      "Plan Width": 4,
                      "Actual Startup Time": 42.786,
                      "Actual Total Time": 81.652,
                      "Actual Rows": 441,
                      "Actual Loops": 5,
                      "Filter": "(production_year = 1941)",
                      "Rows Removed by Filter": 505221
                    },
                    {
                      "Node Type": "Index Only Scan",
                      "Parent Relationship": "Inner",
                      "Parallel Aware": false,
                      "Scan Direction": "Forward",
                      "Index Name": "movie_id_movie_info_idx",
                      "Relation Name": "movie_info_idx",
                      "Alias": "mi_idx",
                      "Startup Cost": 0.43,
                      "Total Cost": 7.7,
                      "Plan Rows": 3,
                      "Plan Width": 4,
                      "Actual Startup Time": 0.01,
                      "Actual Total Time": 0.011,
                      "Actual Rows": 1,
                      "Actual Loops": 2206,
                      "Index Cond": "(movie_id = t.id)",
                      "Rows Removed by Index Recheck": 0,
                      "Heap Fetches": 2981
                    }
                  ]
                }
              ]
            }
          ]
        }
      ]
    },
    "Planning Time": 0.34,
    "Triggers": [],
    "Execution Time": 108.619
  }
]