{
  "Plan": {
    "Node Type": "Aggregate",
    "Strategy": "Plain",
    "Partial Mode": "Finalize",
    "Parallel Aware": false,
    "Startup Cost": 342990.2,
    "Total Cost": 342990.21,
    "Plan Rows": 1,
    "Plan Width": 8,
    "Actual Startup Time": 2136.531,
    "Actual Total Time": 2167.37,
    "Actual Rows": 1,
    "Actual Loops": 1,
    "Plans": [
      {
        "Node Type": "Gather",
        "Parent Relationship": "Outer",
        "Parallel Aware": false,
        "Startup Cost": 342990.08,
        "Total Cost": 342990.19,
        "Plan Rows": 1,
        "Plan Width": 8,
        "Actual Startup Time": 2134.447,
        "Actual Total Time": 2167.363,
        "Actual Rows": 2,
        "Actual Loops": 1,
        "Workers Planned": 1,
        "Workers Launched": 1,
        "Single Copy": false,
        "Plans": [
          {
            "Node Type": "Aggregate",
            "Strategy": "Plain",
            "Partial Mode": "Partial",
            "Parent Relationship": "Outer",
            "Parallel Aware": false,
            "Startup Cost": 341990.08,
            "Total Cost": 341990.09,
            "Plan Rows": 1,
            "Plan Width": 8,
            "Actual Startup Time": 2125.83,
            "Actual Total Time": 2125.834,
            "Actual Rows": 1,
            "Actual Loops": 2,
            "Plans": [
              {
                "Node Type": "Hash Join",
                "Parent Relationship": "Outer",
                "Parallel Aware": true,
                "Join Type": "Inner",
                "Startup Cost": 273373.92,
                "Total Cost": 340092.85,
                "Plan Rows": 758894,
                "Plan Width": 0,
                "Actual Startup Time": 1799.472,
                "Actual Total Time": 2110.069,
                "Actual Rows": 370165,
                "Actual Loops": 2,
                "Inner Unique": false,
                "Hash Cond": "(mk.movie_id = t.id)",
                "Plans": [
                  {
                    "Node Type": "Seq Scan",
                    "Parent Relationship": "Outer",
                    "Parallel Aware": true,
                    "Relation Name": "movie_keyword",
                    "Alias": "mk",
                    "Startup Cost": 0.0,
                    "Total Cost": 57718.19,
                    "Plan Rows": 1209775,
                    "Plan Width": 4,
                    "Actual Startup Time": 0.522,
                    "Actual Total Time": 187.473,
                    "Actual Rows": 1027301,
                    "Actual Loops": 2,
                    "Filter": "(keyword_id > 5946)",
                    "Rows Removed by Filter": 1234664
                  },
                  {
                    "Node Type": "Hash",
                    "Parent Relationship": "Inner",
                    "Parallel Aware": true,
                    "Startup Cost": 261712.13,
                    "Total Cost": 261712.13,
                    "Plan Rows": 932943,
                    "Plan Width": 8,
                    "Actual Startup Time": 1784.139,
                    "Actual Total Time": 1784.141,
                    "Actual Rows": 358654,
                    "Actual Loops": 2,
                    "Hash Buckets": 2097152,
                    "Original Hash Buckets": 2097152,
                    "Hash Batches": 1,
                    "Original Hash Batches": 1,
                    "Peak Memory Usage": 44448,
                    "Plans": [
                      {
                        "Node Type": "Merge Join",
                        "Parent Relationship": "Outer",
                        "Parallel Aware": false,
                        "Join Type": "Inner",
                        "Startup Cost": 2.97,
                        "Total Cost": 261712.13,
                        "Plan Rows": 932943,
                        "Plan Width": 8,
                        "Actual Startup Time": 0.489,
                        "Actual Total Time": 1683.685,
                        "Actual Rows": 358654,
                        "Actual Loops": 2,
                        "Inner Unique": false,
                        "Merge Cond": "(t.id = mc.movie_id)",
                        "Plans": [
                          {
                            "Node Type": "Index Scan",
                            "Parent Relationship": "Outer",
                            "Parallel Aware": true,
                            "Scan Direction": "Forward",
                            "Index Name": "title_pkey",
                            "Relation Name": "title",
                            "Alias": "t",
                            "Startup Cost": 0.43,
                            "Total Cost": 103647.43,
                            "Plan Rows": 904038,
                            "Plan Width": 4,
                            "Actual Startup Time": 0.098,
                            "Actual Total Time": 685.255,
                            "Actual Rows": 771052,
                            "Actual Loops": 2,
                            "Filter": "(kind_id = 7)",
                            "Rows Removed by Filter": 491982
                          },
                          {
                            "Node Type": "Index Only Scan",
                            "Parent Relationship": "Inner",
                            "Parallel Aware": false,
                            "Scan Direction": "Forward",
                            "Index Name": "movie_id_movie_companies",
                            "Relation Name": "movie_companies",
                            "Alias": "mc",
                            "Startup Cost": 0.43,
                            "Total Cost": 140059.44,
                            "Plan Rows": 2609129,
                            "Plan Width": 4,
                            "Actual Startup Time": 0.138,
                            "Actual Total Time": 794.008,
                            "Actual Rows": 2609129,
                            "Actual Loops": 2,
                            "Heap Fetches": 5218258
                          }
                        ]
                      }
                    ]
                  }
                ]
              }
            ]
          }
        ]
      }
    ]
  },
  "Planning Time": 1.094,
  "Triggers": [],
  "Execution Time": 2167.488
}