[
  {
    "Plan": {
      "Node Type": "Aggregate",
      "Strategy": "Plain",
      "Partial Mode": "Finalize",
      "Parallel Aware": false,
      "Startup Cost": 352003.13,
      "Total Cost": 352003.14,
      "Plan Rows": 1,
      "Plan Width": 8,
      "Actual Startup Time": 892.751,
      "Actual Total Time": 952.793,
      "Actual Rows": 1,
      "Actual Loops": 1,
      "Plans": [
        {
          "Node Type": "Gather",
          "Parent Relationship": "Outer",
          "Parallel Aware": false,
          "Startup Cost": 352002.5,
          "Total Cost": 352003.11,
          "Plan Rows": 6,
          "Plan Width": 8,
          "Actual Startup Time": 892.628,
          "Actual Total Time": 952.781,
          "Actual Rows": 7,
          "Actual Loops": 1,
          "Workers Planned": 6,
          "Workers Launched": 6,
          "Single Copy": false,
          "Plans": [
            {
              "Node Type": "Aggregate",
              "Strategy": "Plain",
              "Partial Mode": "Partial",
              "Parent Relationship": "Outer",
              "Parallel Aware": false,
              "Startup Cost": 351002.5,
              "Total Cost": 351002.51,
              "Plan Rows": 1,
              "Plan Width": 8,
              "Actual Startup Time": 882.061,
              "Actual Total Time": 882.062,
              "Actual Rows": 1,
              "Actual Loops": 7,
              "Plans": [
                {
                  "Node Type": "Seq Scan",
                  "Parent Relationship": "Outer",
                  "Parallel Aware": true,
                  "Relation Name": "cast_info",
                  "Alias": "ci",
                  "Startup Cost": 0.0,
                  "Total Cost": 343257.03,
                  "Plan Rows": 3098189,
                  "Plan Width": 0,
                  "Actual Startup Time": 255.931,
                  "Actual Total Time": 767.818,
                  "Actual Rows": 2252510,
                  "Actual Loops": 7,
                  "Filter": "((person_id < 2897224) AND (role_id > 1))",
                  "Rows Removed by Filter": 2925253
                }
              ]
            }
          ]
        }
      ]
    },
    "Planning Time": 0.201,
    "Triggers": [],
    "Execution Time": 952.861
  }
]