[
  {
    "Plan": {
      "Node Type": "Aggregate",
      "Strategy": "Plain",
      "Partial Mode": "Finalize",
      "Parallel Aware": false,
      "Startup Cost": 110250.43,
      "Total Cost": 110250.44,
      "Plan Rows": 1,
      "Plan Width": 8,
      "Actual Startup Time": 427.923,
      "Actual Total Time": 448.672,
      "Actual Rows": 1,
      "Actual Loops": 1,
      "Plans": [
        {
          "Node Type": "Gather",
          "Parent Relationship": "Outer",
          "Parallel Aware": false,
          "Startup Cost": 110250.11,
          "Total Cost": 110250.42,
          "Plan Rows": 3,
          "Plan Width": 8,
          "Actual Startup Time": 421.718,
          "Actual Total Time": 448.662,
          "Actual Rows": 4,
          "Actual Loops": 1,
          "Workers Planned": 3,
          "Workers Launched": 3,
          "Single Copy": false,
          "Plans": [
            {
              "Node Type": "Aggregate",
              "Strategy": "Plain",
              "Partial Mode": "Partial",
              "Parent Relationship": "Outer",
              "Parallel Aware": false,
              "Startup Cost": 109250.11,
              "Total Cost": 109250.12,
              "Plan Rows": 1,
              "Plan Width": 8,
              "Actual Startup Time": 411.282,
              "Actual Total Time": 411.29,
              "Actual Rows": 1,
              "Actual Loops": 4,
              "Plans": [
                {
                  "Node Type": "Hash Join",
                  "Parent Relationship": "Outer",
                  "Parallel Aware": true,
                  "Join Type": "Inner",
                  "Startup Cost": 64431.1,
                  "Total Cost": 109175.22,
                  "Plan Rows": 29956,
                  "Plan Width": 0,
                  "Actual Startup Time": 267.482,
                  "Actual Total Time": 410.592,
                  "Actual Rows": 13899,
                  "Actual Loops": 4,
                  "Inner Unique": false,
                  "Hash Cond": "(mk.movie_id = t.id)",
                  "Plans": [
                    {
                      "Node Type": "Seq Scan",
                      "Parent Relationship": "Outer",
                      "Parallel Aware": true,
                      "Relation Name": "movie_keyword",
                      "Alias": "mk",
                      "Startup Cost": 0.0,
                      "Total Cost": 42695.65,
                      "Plan Rows": 512973,
                      "Plan Width": 4,
                      "Actual Startup Time": 0.039,
                      "Actual Total Time": 104.957,
                      "Actual Rows": 397248,
                      "Actual Loops": 4,
                      "Filter": "(keyword_id < 2439)",
                      "Rows Removed by Filter": 733735
                    },
                    {
                      "Node Type": "Hash",
                      "Parent Relationship": "Inner",
                      "Parallel Aware": true,
                      "Startup Cost": 63662.09,
                      "Total Cost": 63662.09,
                      "Plan Rows": 61521,
                      "Plan Width": 8,
                      "Actual Startup Time": 264.95,
                      "Actual Total Time": 264.956,
                      "Actual Rows": 20977,
                      "Actual Loops": 4,
                      "Hash Buckets": 262144,
                      "Original Hash Buckets": 262144,
                      "Hash Batches": 1,
                      "Original Hash Batches": 1,
                      "Peak Memory Usage": 5376,
                      "Plans": [
                        {
                          "Node Type": "Hash Join",
                          "Parent Relationship": "Outer",
                          "Parallel Aware": true,
                          "Join Type": "Inner",
                          "Startup Cost": 48041.3,
                          "Total Cost": 63662.09,
                          "Plan Rows": 61521,
                          "Plan Width": 8,
                          "Actual Startup Time": 184.452,
                          "Actual Total Time": 258.259,
                          "Actual Rows": 20977,
                          "Actual Loops": 4,
                          "Inner Unique": true,
                          "Hash Cond": "(mi_idx.movie_id = t.id)",
                          "Plans": [
                            {
                              "Node Type": "Seq Scan",
                              "Parent Relationship": "Outer",
                              "Parallel Aware": true,
                              "Relation Name": "movie_info_idx",
                              "Alias": "mi_idx",
                              "Startup Cost": 0.0,
                              "Total Cost": 15122.68,
                              "Plan Rows": 189755,
                              "Plan Width": 4,
                              "Actual Startup Time": 0.012,
                              "Actual Total Time": 35.267,
                              "Actual Rows": 114981,
                              "Actual Loops": 4,
                              "Filter": "(info_type_id = 99)",
                              "Rows Removed by Filter": 230028
                            },
                            {
                              "Node Type": "Hash",
                              "Parent Relationship": "Inner",
                              "Parallel Aware": true,
                              "Startup Cost": 45479.59,
                              "Total Cost": 45479.59,
                              "Plan Rows": 204937,
                              "Plan Width": 4,
                              "Actual Startup Time": 180.48,
                              "Actual Total Time": 180.483,
                              "Actual Rows": 184690,
                              "Actual Loops": 4,
                              "Hash Buckets": 1048576,
                              "Original Hash Buckets": 1048576,
                              "Hash Batches": 1,
                              "Original Hash Batches": 1,
                              "Peak Memory Usage": 37152,
                              "Plans": [
                                {
                                  "Node Type": "Seq Scan",
                                  "Parent Relationship": "Outer",
                                  "Parallel Aware": true,
                                  "Relation Name": "title",
                                  "Alias": "t",
                                  "Startup Cost": 0.0,
                                  "Total Cost": 45479.59,
                                  "Plan Rows": 204937,
                                  "Plan Width": 4,
                                  "Actual Startup Time": 0.047,
                                  "Actual Total Time": 107.418,
                                  "Actual Rows": 184690,
                                  "Actual Loops": 4,
                                  "Filter": "((production_year < 2005) AND (kind_id = 7))",
                                  "Rows Removed by Filter": 447388
                                }
                              ]
                            }
                          ]
                        }
                      ]
                    }
                  ]
                }
              ]
            }
          ]
        }
      ]
    },
    "Planning Time": 1.111,
    "Triggers": [],
    "Execution Time": 448.746
  }
]