[
  {
    "Plan": {
      "Node Type": "Aggregate",
      "Strategy": "Plain",
      "Partial Mode": "Finalize",
      "Parallel Aware": false,
      "Startup Cost": 45278.91,
      "Total Cost": 45278.92,
      "Plan Rows": 1,
      "Plan Width": 8,
      "Actual Startup Time": 145.964,
      "Actual Total Time": 153.459,
      "Actual Rows": 1,
      "Actual Loops": 1,
      "Plans": [
        {
          "Node Type": "Gather",
          "Parent Relationship": "Outer",
          "Parallel Aware": false,
          "Startup Cost": 45278.59,
          "Total Cost": 45278.9,
          "Plan Rows": 3,
          "Plan Width": 8,
          "Actual Startup Time": 145.679,
          "Actual Total Time": 153.451,
          "Actual Rows": 4,
          "Actual Loops": 1,
          "Workers Planned": 3,
          "Workers Launched": 3,
          "Single Copy": false,
          "Plans": [
            {
              "Node Type": "Aggregate",
              "Strategy": "Plain",
              "Partial Mode": "Partial",
              "Parent Relationship": "Outer",
              "Parallel Aware": false,
              "Startup Cost": 44278.59,
              "Total Cost": 44278.6,
              "Plan Rows": 1,
              "Plan Width": 8,
              "Actual Startup Time": 137.405,
              "Actual Total Time": 137.406,
              "Actual Rows": 1,
              "Actual Loops": 4,
              "Plans": [
                {
                  "Node Type": "Seq Scan",
                  "Parent Relationship": "Outer",
                  "Parallel Aware": true,
                  "Relation Name": "movie_keyword",
                  "Alias": "mk",
                  "Startup Cost": 0.0,
                  "Total Cost": 42695.65,
                  "Plan Rows": 633174,
                  "Plan Width": 0,
                  "Actual Startup Time": 0.986,
                  "Actual Total Time": 114.209,
                  "Actual Rows": 489609,
                  "Actual Loops": 4,
                  "Filter": "(keyword_id > 6510)",
                  "Rows Removed by Filter": 641374
                }
              ]
            }
          ]
        }
      ]
    },
    "Planning Time": 0.158,
    "Triggers": [],
    "Execution Time": 153.508
  }
]