[
  {
    "Plan": {
      "Node Type": "Aggregate",
      "Strategy": "Plain",
      "Partial Mode": "Finalize",
      "Parallel Aware": false,
      "Startup Cost": 84182.57,
      "Total Cost": 84182.58,
      "Plan Rows": 1,
      "Plan Width": 8,
      "Actual Startup Time": 420.677,
      "Actual Total Time": 438.137,
      "Actual Rows": 1,
      "Actual Loops": 1,
      "Plans": [
        {
          "Node Type": "Gather",
          "Parent Relationship": "Outer",
          "Parallel Aware": false,
          "Startup Cost": 84182.15,
          "Total Cost": 84182.56,
          "Plan Rows": 4,
          "Plan Width": 8,
          "Actual Startup Time": 411.466,
          "Actual Total Time": 438.127,
          "Actual Rows": 5,
          "Actual Loops": 1,
          "Workers Planned": 4,
          "Workers Launched": 4,
          "Single Copy": false,
          "Plans": [
            {
              "Node Type": "Aggregate",
              "Strategy": "Plain",
              "Partial Mode": "Partial",
              "Parent Relationship": "Outer",
              "Parallel Aware": false,
              "Startup Cost": 83182.15,
              "Total Cost": 83182.16,
              "Plan Rows": 1,
              "Plan Width": 8,
              "Actual Startup Time": 398.199,
              "Actual Total Time": 398.202,
              "Actual Rows": 1,
              "Actual Loops": 5,
              "Plans": [
                {
                  "Node Type": "Hash Join",
                  "Parent Relationship": "Outer",
                  "Parallel Aware": true,
                  "Join Type": "Inner",
                  "Startup Cost": 36055.58,
                  "Total Cost": 82462.83,
                  "Plan Rows": 287727,
                  "Plan Width": 0,
                  "Actual Startup Time": 160.91,
                  "Actual Total Time": 388.878,
                  "Actual Rows": 198143,
                  "Actual Loops": 5,
                  "Inner Unique": false,
                  "Hash Cond": "(t.id = mc.movie_id)",
                  "Plans": [
                    {
                      "Node Type": "Seq Scan",
                      "Parent Relationship": "Outer",
                      "Parallel Aware": true,
                      "Relation Name": "title",
                      "Alias": "t",
                      "Startup Cost": 0.0,
                      "Total Cost": 42318.73,
                      "Plan Rows": 632073,
                      "Plan Width": 4,
                      "Actual Startup Time": 0.014,
                      "Actual Total Time": 67.248,
                      "Actual Rows": 505662,
                      "Actual Loops": 5
                    },
                    {
                      "Node Type": "Hash",
                      "Parent Relationship": "Inner",
                      "Parallel Aware": true,
                      "Startup Cost": 31414.82,
                      "Total Cost": 31414.82,
                      "Plan Rows": 371261,
                      "Plan Width": 4,
                      "Actual Startup Time": 154.538,
                      "Actual Total Time": 154.539,
                      "Actual Rows": 198143,
                      "Actual Loops": 5,
                      "Hash Buckets": 2097152,
                      "Original Hash Buckets": 2097152,
                      "Hash Batches": 1,
                      "Original Hash Batches": 1,
                      "Peak Memory Usage": 55232,
                      "Plans": [
                        {
                          "Node Type": "Seq Scan",
                          "Parent Relationship": "Outer",
                          "Parallel Aware": true,
                          "Relation Name": "movie_companies",
                          "Alias": "mc",
                          "Startup Cost": 0.0,
                          "Total Cost": 31414.82,
                          "Plan Rows": 371261,
                          "Plan Width": 4,
                          "Actual Startup Time": 45.075,
                          "Actual Total Time": 80.831,
                          "Actual Rows": 198143,
                          "Actual Loops": 5,
                          "Filter": "((company_id < 88883) AND (company_type_id > 1))",
                          "Rows Removed by Filter": 323683
                        }
                      ]
                    }
                  ]
                }
              ]
            }
          ]
        }
      ]
    },
    "Planning Time": 0.636,
    "Triggers": [],
    "Execution Time": 438.209
  }
]