[
  {
    "Plan": {
      "Node Type": "Aggregate",
      "Strategy": "Plain",
      "Partial Mode": "Simple",
      "Parallel Aware": false,
      "Startup Cost": 28572.02,
      "Total Cost": 28572.03,
      "Plan Rows": 1,
      "Plan Width": 8,
      "Actual Startup Time": 51.857,
      "Actual Total Time": 51.859,
      "Actual Rows": 1,
      "Actual Loops": 1,
      "Plans": [
        {
          "Node Type": "Bitmap Heap Scan",
          "Parent Relationship": "Outer",
          "Parallel Aware": false,
          "Relation Name": "movie_keyword",
          "Alias": "mk",
          "Startup Cost": 2413.24,
          "Total Cost": 28287.89,
          "Plan Rows": 113652,
          "Plan Width": 0,
          "Actual Startup Time": 11.622,
          "Actual Total Time": 47.103,
          "Actual Rows": 113737,
          "Actual Loops": 1,
          "Recheck Cond": "(keyword_id > 79391)",
          "Rows Removed by Index Recheck": 0,
          "Exact Heap Blocks": 17992,
          "Lossy Heap Blocks": 0,
          "Plans": [
            {
              "Node Type": "Bitmap Index Scan",
              "Parent Relationship": "Outer",
              "Parallel Aware": false,
              "Index Name": "keyword_id_movie_keyword",
              "Startup Cost": 0.0,
              "Total Cost": 2384.82,
              "Plan Rows": 113652,
              "Plan Width": 0,
              "Actual Startup Time": 8.804,
              "Actual Total Time": 8.804,
              "Actual Rows": 113737,
              "Actual Loops": 1,
              "Index Cond": "(keyword_id > 79391)"
            }
          ]
        }
      ]
    },
    "Planning Time": 0.073,
    "Triggers": [],
    "Execution Time": 51.887
  }
]