{
  "Plan": {
    "Node Type": "Aggregate",
    "Strategy": "Plain",
    "Partial Mode": "Simple",
    "Parallel Aware": false,
    "Startup Cost": 5194.41,
    "Total Cost": 5194.42,
    "Plan Rows": 1,
    "Plan Width": 8,
    "Actual Startup Time": 2.328,
    "Actual Total Time": 2.331,
    "Actual Rows": 1,
    "Actual Loops": 1,
    "Plans": [
      {
        "Node Type": "Nested Loop",
        "Parent Relationship": "Outer",
        "Parallel Aware": false,
        "Join Type": "Inner",
        "Startup Cost": 0.99,
        "Total Cost": 5194.08,
        "Plan Rows": 131,
        "Plan Width": 0,
        "Actual Startup Time": 0.825,
        "Actual Total Time": 2.317,
        "Actual Rows": 13,
        "Actual Loops": 1,
        "Inner Unique": true,
        "Plans": [
          {
            "Node Type": "Index Scan",
            "Parent Relationship": "Outer",
            "Parallel Aware": false,
            "Scan Direction": "Forward",
            "Index Name": "person_id_cast_info",
            "Relation Name": "cast_info",
            "Alias": "ci",
            "Startup Cost": 0.56,
            "Total Cost": 1058.43,
            "Plan Rows": 497,
            "Plan Width": 4,
            "Actual Startup Time": 0.748,
            "Actual Total Time": 0.826,
            "Actual Rows": 157,
            "Actual Loops": 1,
            "Index Cond": "(person_id = 1347896)",
            "Rows Removed by Index Recheck": 0
          },
          {
            "Node Type": "Index Scan",
            "Parent Relationship": "Inner",
            "Parallel Aware": false,
            "Scan Direction": "Forward",
            "Index Name": "title_pkey",
            "Relation Name": "title",
            "Alias": "t",
            "Startup Cost": 0.43,
            "Total Cost": 8.32,
            "Plan Rows": 1,
            "Plan Width": 4,
            "Actual Startup Time": 0.009,
            "Actual Total Time": 0.009,
            "Actual Rows": 0,
            "Actual Loops": 157,
            "Index Cond": "(id = ci.movie_id)",
            "Rows Removed by Index Recheck": 0,
            "Filter": "(production_year > 2008)",
            "Rows Removed by Filter": 1
          }
        ]
      }
    ]
  },
  "Planning Time": 0.757,
  "Triggers": [],
  "Execution Time": 2.446
}