{
  "Plan": {
    "Node Type": "Aggregate",
    "Strategy": "Plain",
    "Partial Mode": "Finalize",
    "Parallel Aware": false,
    "Startup Cost": 139078.2,
    "Total Cost": 139078.21,
    "Plan Rows": 1,
    "Plan Width": 8,
    "Actual Startup Time": 1011.917,
    "Actual Total Time": 1029.537,
    "Actual Rows": 1,
    "Actual Loops": 1,
    "Plans": [
      {
        "Node Type": "Gather",
        "Parent Relationship": "Outer",
        "Parallel Aware": false,
        "Startup Cost": 139078.08,
        "Total Cost": 139078.19,
        "Plan Rows": 1,
        "Plan Width": 8,
        "Actual Startup Time": 1008.602,
        "Actual Total Time": 1029.53,
        "Actual Rows": 2,
        "Actual Loops": 1,
        "Workers Planned": 1,
        "Workers Launched": 1,
        "Single Copy": false,
        "Plans": [
          {
            "Node Type": "Aggregate",
            "Strategy": "Plain",
            "Partial Mode": "Partial",
            "Parent Relationship": "Outer",
            "Parallel Aware": false,
            "Startup Cost": 138078.08,
            "Total Cost": 138078.09,
            "Plan Rows": 1,
            "Plan Width": 8,
            "Actual Startup Time": 997.131,
            "Actual Total Time": 997.134,
            "Actual Rows": 1,
            "Actual Loops": 2,
            "Plans": [
              {
                "Node Type": "Hash Join",
                "Parent Relationship": "Outer",
                "Parallel Aware": true,
                "Join Type": "Inner",
                "Startup Cost": 72354.75,
                "Total Cost": 134263.76,
                "Plan Rows": 1525731,
                "Plan Width": 0,
                "Actual Startup Time": 546.436,
                "Actual Total Time": 945.294,
                "Actual Rows": 1340192,
                "Actual Loops": 2,
                "Inner Unique": true,
                "Hash Cond": "(mk.movie_id = t.id)",
                "Plans": [
                  {
                    "Node Type": "Seq Scan",
                    "Parent Relationship": "Outer",
                    "Parallel Aware": true,
                    "Relation Name": "movie_keyword",
                    "Alias": "mk",
                    "Startup Cost": 0.0,
                    "Total Cost": 57718.19,
                    "Plan Rows": 1596496,
                    "Plan Width": 4,
                    "Actual Startup Time": 0.278,
                    "Actual Total Time": 183.943,
                    "Actual Rows": 1350588,
                    "Actual Loops": 2,
                    "Filter": "(keyword_id > 2988)",
                    "Rows Removed by Filter": 911378
                  },
                  {
                    "Node Type": "Hash",
                    "Parent Relationship": "Inner",
                    "Parallel Aware": true,
                    "Startup Cost": 54588.39,
                    "Total Cost": 54588.39,
                    "Plan Rows": 1421309,
                    "Plan Width": 4,
                    "Actual Startup Time": 524.854,
                    "Actual Total Time": 524.855,
                    "Actual Rows": 1206699,
                    "Actual Loops": 2,
                    "Hash Buckets": 4194304,
                    "Original Hash Buckets": 4194304,
                    "Hash Batches": 1,
                    "Original Hash Batches": 1,
                    "Peak Memory Usage": 127200,
                    "Plans": [
                      {
                        "Node Type": "Seq Scan",
                        "Parent Relationship": "Outer",
                        "Parallel Aware": true,
                        "Relation Name": "title",
                        "Alias": "t",
                        "Startup Cost": 0.0,
                        "Total Cost": 54588.39,
                        "Plan Rows": 1421309,
                        "Plan Width": 4,
                        "Actual Startup Time": 0.026,
                        "Actual Total Time": 176.768,
                        "Actual Rows": 1206699,
                        "Actual Loops": 2,
                        "Filter": "(production_year > 1912)",
                        "Rows Removed by Filter": 57457
                      }
                    ]
                  }
                ]
              }
            ]
          }
        ]
      }
    ]
  },
  "Planning Time": 0.526,
  "Triggers": [],
  "Execution Time": 1029.592
}