[
  {
    "Plan": {
      "Node Type": "Aggregate",
      "Strategy": "Plain",
      "Partial Mode": "Finalize",
      "Parallel Aware": false,
      "Startup Cost": 343196.4,
      "Total Cost": 343196.41,
      "Plan Rows": 1,
      "Plan Width": 8,
      "Actual Startup Time": 988.736,
      "Actual Total Time": 1048.294,
      "Actual Rows": 1,
      "Actual Loops": 1,
      "Plans": [
        {
          "Node Type": "Gather",
          "Parent Relationship": "Outer",
          "Parallel Aware": false,
          "Startup Cost": 343195.78,
          "Total Cost": 343196.39,
          "Plan Rows": 6,
          "Plan Width": 8,
          "Actual Startup Time": 988.595,
          "Actual Total Time": 1048.283,
          "Actual Rows": 7,
          "Actual Loops": 1,
          "Workers Planned": 6,
          "Workers Launched": 6,
          "Single Copy": false,
          "Plans": [
            {
              "Node Type": "Aggregate",
              "Strategy": "Plain",
              "Partial Mode": "Partial",
              "Parent Relationship": "Outer",
              "Parallel Aware": false,
              "Startup Cost": 342195.78,
              "Total Cost": 342195.79,
              "Plan Rows": 1,
              "Plan Width": 8,
              "Actual Startup Time": 979.841,
              "Actual Total Time": 979.842,
              "Actual Rows": 1,
              "Actual Loops": 7,
              "Plans": [
                {
                  "Node Type": "Seq Scan",
                  "Parent Relationship": "Outer",
                  "Parallel Aware": true,
                  "Relation Name": "cast_info",
                  "Alias": "ci",
                  "Startup Cost": 0.0,
                  "Total Cost": 328162.03,
                  "Plan Rows": 5613500,
                  "Plan Width": 0,
                  "Actual Startup Time": 0.047,
                  "Actual Total Time": 739.702,
                  "Actual Rows": 4827602,
                  "Actual Loops": 7,
                  "Filter": "(person_id < 3585063)",
                  "Rows Removed by Filter": 350162
                }
              ]
            }
          ]
        }
      ]
    },
    "Planning Time": 0.164,
    "Triggers": [],
    "Execution Time": 1048.358
  }
]