[
  {
    "Plan": {
      "Node Type": "Aggregate",
      "Strategy": "Plain",
      "Partial Mode": "Simple",
      "Parallel Aware": false,
      "Startup Cost": 2952.92,
      "Total Cost": 2952.93,
      "Plan Rows": 1,
      "Plan Width": 8,
      "Actual Startup Time": 0.281,
      "Actual Total Time": 0.283,
      "Actual Rows": 1,
      "Actual Loops": 1,
      "Plans": [
        {
          "Node Type": "Nested Loop",
          "Parent Relationship": "Outer",
          "Parallel Aware": false,
          "Join Type": "Inner",
          "Startup Cost": 0.99,
          "Total Cost": 2952.36,
          "Plan Rows": 225,
          "Plan Width": 0,
          "Actual Startup Time": 0.271,
          "Actual Total Time": 0.275,
          "Actual Rows": 1,
          "Actual Loops": 1,
          "Inner Unique": true,
          "Plans": [
            {
              "Node Type": "Index Scan",
              "Parent Relationship": "Outer",
              "Parallel Aware": false,
              "Scan Direction": "Forward",
              "Index Name": "person_id_cast_info",
              "Relation Name": "cast_info",
              "Alias": "ci",
              "Startup Cost": 0.56,
              "Total Cost": 1059.67,
              "Plan Rows": 225,
              "Plan Width": 4,
              "Actual Startup Time": 0.241,
              "Actual Total Time": 0.243,
              "Actual Rows": 1,
              "Actual Loops": 1,
              "Index Cond": "(person_id = 2638274)",
              "Rows Removed by Index Recheck": 0,
              "Filter": "(role_id > 2)",
              "Rows Removed by Filter": 7
            },
            {
              "Node Type": "Index Only Scan",
              "Parent Relationship": "Inner",
              "Parallel Aware": false,
              "Scan Direction": "Forward",
              "Index Name": "title_pkey",
              "Relation Name": "title",
              "Alias": "t",
              "Startup Cost": 0.43,
              "Total Cost": 8.41,
              "Plan Rows": 1,
              "Plan Width": 4,
              "Actual Startup Time": 0.025,
              "Actual Total Time": 0.025,
              "Actual Rows": 1,
              "Actual Loops": 1,
              "Index Cond": "(id = ci.movie_id)",
              "Rows Removed by Index Recheck": 0,
              "Heap Fetches": 1
            }
          ]
        }
      ]
    },
    "Planning Time": 0.687,
    "Triggers": [],
    "Execution Time": 0.347
  }
]