{
  "Plan": {
    "Node Type": "Aggregate",
    "Strategy": "Plain",
    "Partial Mode": "Finalize",
    "Parallel Aware": false,
    "Startup Cost": 151073.39,
    "Total Cost": 151073.4,
    "Plan Rows": 1,
    "Plan Width": 8,
    "Actual Startup Time": 1170.327,
    "Actual Total Time": 1189.48,
    "Actual Rows": 1,
    "Actual Loops": 1,
    "Plans": [
      {
        "Node Type": "Gather",
        "Parent Relationship": "Outer",
        "Parallel Aware": false,
        "Startup Cost": 151073.28,
        "Total Cost": 151073.39,
        "Plan Rows": 1,
        "Plan Width": 8,
        "Actual Startup Time": 1165.62,
        "Actual Total Time": 1189.47,
        "Actual Rows": 2,
        "Actual Loops": 1,
        "Workers Planned": 1,
        "Workers Launched": 1,
        "Single Copy": false,
        "Plans": [
          {
            "Node Type": "Aggregate",
            "Strategy": "Plain",
            "Partial Mode": "Partial",
            "Parent Relationship": "Outer",
            "Parallel Aware": false,
            "Startup Cost": 150073.28,
            "Total Cost": 150073.29,
            "Plan Rows": 1,
            "Plan Width": 8,
            "Actual Startup Time": 1159.463,
            "Actual Total Time": 1159.698,
            "Actual Rows": 1,
            "Actual Loops": 2,
            "Plans": [
              {
                "Node Type": "Hash Join",
                "Parent Relationship": "Outer",
                "Parallel Aware": true,
                "Join Type": "Inner",
                "Startup Cost": 108235.35,
                "Total Cost": 149493.29,
                "Plan Rows": 231997,
                "Plan Width": 0,
                "Actual Startup Time": 747.335,
                "Actual Total Time": 1094.878,
                "Actual Rows": 1514204,
                "Actual Loops": 2,
                "Inner Unique": false,
                "Hash Cond": "(mc.movie_id = t.id)",
                "Plans": [
                  {
                    "Node Type": "Seq Scan",
                    "Parent Relationship": "Outer",
                    "Parallel Aware": true,
                    "Relation Name": "movie_companies",
                    "Alias": "mc",
                    "Startup Cost": 0.0,
                    "Total Cost": 34137.82,
                    "Plan Rows": 1534782,
                    "Plan Width": 4,
                    "Actual Startup Time": 0.015,
                    "Actual Total Time": 98.714,
                    "Actual Rows": 1304564,
                    "Actual Loops": 2
                  },
                  {
                    "Node Type": "Hash",
                    "Parent Relationship": "Inner",
                    "Parallel Aware": true,
                    "Startup Cost": 105425.24,
                    "Total Cost": 105425.24,
                    "Plan Rows": 224809,
                    "Plan Width": 8,
                    "Actual Startup Time": 721.698,
                    "Actual Total Time": 721.931,
                    "Actual Rows": 184638,
                    "Actual Loops": 2,
                    "Hash Buckets": 524288,
                    "Original Hash Buckets": 524288,
                    "Hash Batches": 1,
                    "Original Hash Batches": 1,
                    "Peak Memory Usage": 18560,
                    "Plans": [
                      {
                        "Node Type": "Hash Join",
                        "Parent Relationship": "Outer",
                        "Parallel Aware": true,
                        "Join Type": "Inner",
                        "Startup Cost": 77571.0,
                        "Total Cost": 105425.24,
                        "Plan Rows": 224809,
                        "Plan Width": 8,
                        "Actual Startup Time": 568.364,
                        "Actual Total Time": 682.556,
                        "Actual Rows": 184638,
                        "Actual Loops": 2,
                        "Inner Unique": true,
                        "Hash Cond": "(mk.movie_id = t.id)",
                        "Plans": [
                          {
                            "Node Type": "Bitmap Heap Scan",
                            "Parent Relationship": "Outer",
                            "Parallel Aware": true,
                            "Relation Name": "movie_keyword",
                            "Alias": "mk",
                            "Startup Cost": 8110.3,
                            "Total Cost": 35374.41,
                            "Plan Rows": 224809,
                            "Plan Width": 4,
                            "Actual Startup Time": 24.044,
                            "Actual Total Time": 80.572,
                            "Actual Rows": 184638,
                            "Actual Loops": 2,
                            "Recheck Cond": "(keyword_id > 45748)",
                            "Rows Removed by Index Recheck": 0,
                            "Exact Heap Blocks": 12295,
                            "Lossy Heap Blocks": 0,
                            "Plans": [
                              {
                                "Node Type": "Bitmap Index Scan",
                                "Parent Relationship": "Outer",
                                "Parallel Aware": false,
                                "Index Name": "keyword_id_movie_keyword",
                                "Startup Cost": 0.0,
                                "Total Cost": 8014.75,
                                "Plan Rows": 382176,
                                "Plan Width": 0,
                                "Actual Startup Time": 20.462,
                                "Actual Total Time": 20.463,
                                "Actual Rows": 369275,
                                "Actual Loops": 1,
                                "Index Cond": "(keyword_id > 45748)"
                              }
                            ]
                          },
                          {
                            "Node Type": "Hash",
                            "Parent Relationship": "Inner",
                            "Parallel Aware": true,
                            "Startup Cost": 50870.31,
                            "Total Cost": 50870.31,
                            "Plan Rows": 1487231,
                            "Plan Width": 4,
                            "Actual Startup Time": 527.419,
                            "Actual Total Time": 527.42,
                            "Actual Rows": 1264156,
                            "Actual Loops": 2,
                            "Hash Buckets": 4194304,
                            "Original Hash Buckets": 4194304,
                            "Hash Batches": 1,
                            "Original Hash Batches": 1,
                            "Peak Memory Usage": 131712,
                            "Plans": [
                              {
                                "Node Type": "Seq Scan",
                                "Parent Relationship": "Outer",
                                "Parallel Aware": true,
                                "Relation Name": "title",
                                "Alias": "t",
                                "Startup Cost": 0.0,
                                "Total Cost": 50870.31,
                                "Plan Rows": 1487231,
                                "Plan Width": 4,
                                "Actual Startup Time": 0.029,
                                "Actual Total Time": 152.832,
                                "Actual Rows": 1264156,
                                "Actual Loops": 2
                              }
                            ]
                          }
                        ]
                      }
                    ]
                  }
                ]
              }
            ]
          }
        ]
      }
    ]
  },
  "Planning Time": 1.041,
  "Triggers": [],
  "Execution Time": 1189.581
}