{
  "Plan": {
    "Node Type": "Aggregate",
    "Strategy": "Plain",
    "Partial Mode": "Simple",
    "Parallel Aware": false,
    "Startup Cost": 3787.96,
    "Total Cost": 3787.97,
    "Plan Rows": 1,
    "Plan Width": 96,
    "Actual Startup Time": 298.262,
    "Actual Total Time": 298.271,
    "Actual Rows": 1,
    "Actual Loops": 1,
    "Plans": [
      {
        "Node Type": "Nested Loop",
        "Parent Relationship": "Outer",
        "Parallel Aware": false,
        "Join Type": "Inner",
        "Startup Cost": 11.93,
        "Total Cost": 3787.95,
        "Plan Rows": 1,
        "Plan Width": 46,
        "Actual Startup Time": 14.233,
        "Actual Total Time": 295.653,
        "Actual Rows": 4388,
        "Actual Loops": 1,
        "Inner Unique": true,
        "Plans": [
          {
            "Node Type": "Nested Loop",
            "Parent Relationship": "Outer",
            "Parallel Aware": false,
            "Join Type": "Inner",
            "Startup Cost": 11.5,
            "Total Cost": 3783.48,
            "Plan Rows": 1,
            "Plan Width": 33,
            "Actual Startup Time": 14.217,
            "Actual Total Time": 267.851,
            "Actual Rows": 4388,
            "Actual Loops": 1,
            "Inner Unique": true,
            "Join Filter": "(ml.link_type_id = lt.id)",
            "Rows Removed by Join Filter": 30206,
            "Plans": [
              {
                "Node Type": "Nested Loop",
                "Parent Relationship": "Outer",
                "Parallel Aware": false,
                "Join Type": "Inner",
                "Startup Cost": 11.5,
                "Total Cost": 3782.07,
                "Plan Rows": 1,
                "Plan Width": 25,
                "Actual Startup Time": 14.2,
                "Actual Total Time": 242.065,
                "Actual Rows": 4388,
                "Actual Loops": 1,
                "Inner Unique": false,
                "Plans": [
                  {
                    "Node Type": "Nested Loop",
                    "Parent Relationship": "Outer",
                    "Parallel Aware": false,
                    "Join Type": "Inner",
                    "Startup Cost": 11.21,
                    "Total Cost": 3767.61,
                    "Plan Rows": 34,
                    "Plan Width": 25,
                    "Actual Startup Time": 13.97,
                    "Actual Total Time": 195.547,
                    "Actual Rows": 41840,
                    "Actual Loops": 1,
                    "Inner Unique": true,
                    "Plans": [
                      {
                        "Node Type": "Nested Loop",
                        "Parent Relationship": "Outer",
                        "Parallel Aware": false,
                        "Join Type": "Inner",
                        "Startup Cost": 10.78,
                        "Total Cost": 3751.04,
                        "Plan Rows": 34,
                        "Plan Width": 4,
                        "Actual Startup Time": 13.945,
                        "Actual Total Time": 63.935,
                        "Actual Rows": 41840,
                        "Actual Loops": 1,
                        "Inner Unique": false,
                        "Plans": [
                          {
                            "Node Type": "Seq Scan",
                            "Parent Relationship": "Outer",
                            "Parallel Aware": false,
                            "Relation Name": "keyword",
                            "Alias": "k",
                            "Startup Cost": 0.0,
                            "Total Cost": 2626.12,
                            "Plan Rows": 1,
                            "Plan Width": 4,
                            "Actual Startup Time": 1.339,
                            "Actual Total Time": 15.24,
                            "Actual Rows": 1,
                            "Actual Loops": 1,
                            "Filter": "(keyword = 'character-name-in-title'::text)",
                            "Rows Removed by Filter": 134169
                          },
                          {
                            "Node Type": "Bitmap Heap Scan",
                            "Parent Relationship": "Inner",
                            "Parallel Aware": false,
                            "Relation Name": "movie_keyword",
                            "Alias": "mk",
                            "Startup Cost": 10.78,
                            "Total Cost": 1121.89,
                            "Plan Rows": 303,
                            "Plan Width": 8,
                            "Actual Startup Time": 12.594,
                            "Actual Total Time": 43.245,
                            "Actual Rows": 41840,
                            "Actual Loops": 1,
                            "Recheck Cond": "(keyword_id = k.id)",
                            "Rows Removed by Index Recheck": 0,
                            "Exact Heap Blocks": 11541,
                            "Lossy Heap Blocks": 0,
                            "Plans": [
                              {
                                "Node Type": "Bitmap Index Scan",
                                "Parent Relationship": "Outer",
                                "Parallel Aware": false,
                                "Index Name": "keyword_id_movie_keyword",
                                "Startup Cost": 0.0,
                                "Total Cost": 10.71,
                                "Plan Rows": 303,
                                "Plan Width": 0,
                                "Actual Startup Time": 7.398,
                                "Actual Total Time": 7.399,
                                "Actual Rows": 41840,
                                "Actual Loops": 1,
                                "Index Cond": "(keyword_id = k.id)"
                              }
                            ]
                          }
                        ]
                      },
                      {
                        "Node Type": "Index Scan",
                        "Parent Relationship": "Inner",
                        "Parallel Aware": false,
                        "Scan Direction": "Forward",
                        "Index Name": "title_pkey",
                        "Relation Name": "title",
                        "Alias": "t1",
                        "Startup Cost": 0.43,
                        "Total Cost": 0.49,
                        "Plan Rows": 1,
                        "Plan Width": 21,
                        "Actual Startup Time": 0.003,
                        "Actual Total Time": 0.003,
                        "Actual Rows": 1,
                        "Actual Loops": 41840,
                        "Index Cond": "(id = mk.movie_id)",
                        "Rows Removed by Index Recheck": 0
                      }
                    ]
                  },
                  {
                    "Node Type": "Index Scan",
                    "Parent Relationship": "Inner",
                    "Parallel Aware": false,
                    "Scan Direction": "Forward",
                    "Index Name": "movie_id_movie_link",
                    "Relation Name": "movie_link",
                    "Alias": "ml",
                    "Startup Cost": 0.29,
                    "Total Cost": 0.38,
                    "Plan Rows": 5,
                    "Plan Width": 12,
                    "Actual Startup Time": 0.001,
                    "Actual Total Time": 0.001,
                    "Actual Rows": 0,
                    "Actual Loops": 41840,
                    "Index Cond": "(movie_id = t1.id)",
                    "Rows Removed by Index Recheck": 0
                  }
                ]
              },
              {
                "Node Type": "Seq Scan",
                "Parent Relationship": "Inner",
                "Parallel Aware": false,
                "Relation Name": "link_type",
                "Alias": "lt",
                "Startup Cost": 0.0,
                "Total Cost": 1.18,
                "Plan Rows": 18,
                "Plan Width": 16,
                "Actual Startup Time": 0.002,
                "Actual Total Time": 0.002,
                "Actual Rows": 8,
                "Actual Loops": 4388
              }
            ]
          },
          {
            "Node Type": "Index Scan",
            "Parent Relationship": "Inner",
            "Parallel Aware": false,
            "Scan Direction": "Forward",
            "Index Name": "title_pkey",
            "Relation Name": "title",
            "Alias": "t2",
            "Startup Cost": 0.43,
            "Total Cost": 4.47,
            "Plan Rows": 1,
            "Plan Width": 21,
            "Actual Startup Time": 0.005,
            "Actual Total Time": 0.005,
            "Actual Rows": 1,
            "Actual Loops": 4388,
            "Index Cond": "(id = ml.linked_movie_id)",
            "Rows Removed by Index Recheck": 0
          }
        ]
      }
    ]
  },
  "Planning Time": 1.053,
  "Triggers": [],
  "Execution Time": 298.406
}