[
  {
    "Plan": {
      "Node Type": "Aggregate",
      "Strategy": "Plain",
      "Partial Mode": "Finalize",
      "Parallel Aware": false,
      "Startup Cost": 348498.05,
      "Total Cost": 348498.07,
      "Plan Rows": 1,
      "Plan Width": 8,
      "Actual Startup Time": 621.52,
      "Actual Total Time": 679.426,
      "Actual Rows": 1,
      "Actual Loops": 1,
      "Plans": [
        {
          "Node Type": "Gather",
          "Parent Relationship": "Outer",
          "Parallel Aware": false,
          "Startup Cost": 348497.43,
          "Total Cost": 348498.04,
          "Plan Rows": 6,
          "Plan Width": 8,
          "Actual Startup Time": 621.384,
          "Actual Total Time": 679.416,
          "Actual Rows": 7,
          "Actual Loops": 1,
          "Workers Planned": 6,
          "Workers Launched": 6,
          "Single Copy": false,
          "Plans": [
            {
              "Node Type": "Aggregate",
              "Strategy": "Plain",
              "Partial Mode": "Partial",
              "Parent Relationship": "Outer",
              "Parallel Aware": false,
              "Startup Cost": 347497.43,
              "Total Cost": 347497.44,
              "Plan Rows": 1,
              "Plan Width": 8,
              "Actual Startup Time": 612.509,
              "Actual Total Time": 612.51,
              "Actual Rows": 1,
              "Actual Loops": 7,
              "Plans": [
                {
                  "Node Type": "Seq Scan",
                  "Parent Relationship": "Outer",
                  "Parallel Aware": true,
                  "Relation Name": "cast_info",
                  "Alias": "ci",
                  "Startup Cost": 0.0,
                  "Total Cost": 343257.03,
                  "Plan Rows": 1696160,
                  "Plan Width": 0,
                  "Actual Startup Time": 220.679,
                  "Actual Total Time": 587.646,
                  "Actual Rows": 619263,
                  "Actual Loops": 7,
                  "Filter": "((person_id < 1526559) AND (role_id > 1))",
                  "Rows Removed by Filter": 4558500
                }
              ]
            }
          ]
        }
      ]
    },
    "Planning Time": 0.171,
    "Triggers": [],
    "Execution Time": 679.487
  }
]