[
  {
    "Plan": {
      "Node Type": "Aggregate",
      "Strategy": "Plain",
      "Partial Mode": "Finalize",
      "Parallel Aware": false,
      "Startup Cost": 249108.68,
      "Total Cost": 249108.69,
      "Plan Rows": 1,
      "Plan Width": 8,
      "Actual Startup Time": 545.935,
      "Actual Total Time": 587.726,
      "Actual Rows": 1,
      "Actual Loops": 1,
      "Plans": [
        {
          "Node Type": "Gather",
          "Parent Relationship": "Outer",
          "Parallel Aware": false,
          "Startup Cost": 249108.16,
          "Total Cost": 249108.67,
          "Plan Rows": 5,
          "Plan Width": 8,
          "Actual Startup Time": 545.262,
          "Actual Total Time": 587.715,
          "Actual Rows": 6,
          "Actual Loops": 1,
          "Workers Planned": 5,
          "Workers Launched": 5,
          "Single Copy": false,
          "Plans": [
            {
              "Node Type": "Aggregate",
              "Strategy": "Plain",
              "Partial Mode": "Partial",
              "Parent Relationship": "Outer",
              "Parallel Aware": false,
              "Startup Cost": 248108.16,
              "Total Cost": 248108.17,
              "Plan Rows": 1,
              "Plan Width": 8,
              "Actual Startup Time": 536.529,
              "Actual Total Time": 536.533,
              "Actual Rows": 1,
              "Actual Loops": 6,
              "Plans": [
                {
                  "Node Type": "Hash Join",
                  "Parent Relationship": "Outer",
                  "Parallel Aware": true,
                  "Join Type": "Inner",
                  "Startup Cost": 45685.34,
                  "Total Cost": 248027.94,
                  "Plan Rows": 32085,
                  "Plan Width": 0,
                  "Actual Startup Time": 106.158,
                  "Actual Total Time": 535.442,
                  "Actual Rows": 19690,
                  "Actual Loops": 6,
                  "Inner Unique": true,
                  "Hash Cond": "(mi.movie_id = t.id)",
                  "Plans": [
                    {
                      "Node Type": "Seq Scan",
                      "Parent Relationship": "Outer",
                      "Parallel Aware": true,
                      "Relation Name": "movie_info",
                      "Alias": "mi",
                      "Startup Cost": 0.0,
                      "Total Cost": 199108.24,
                      "Plan Rows": 1232139,
                      "Plan Width": 4,
                      "Actual Startup Time": 16.799,
                      "Actual Total Time": 340.397,
                      "Actual Rows": 1037249,
                      "Actual Loops": 6,
                      "Filter": "(info_type_id > 8)",
                      "Rows Removed by Filter": 1435371
                    },
                    {
                      "Node Type": "Hash",
                      "Parent Relationship": "Inner",
                      "Parallel Aware": true,
                      "Startup Cost": 45479.59,
                      "Total Cost": 45479.59,
                      "Plan Rows": 16460,
                      "Plan Width": 4,
                      "Actual Startup Time": 87.676,
                      "Actual Total Time": 87.677,
                      "Actual Rows": 12421,
                      "Actual Loops": 6,
                      "Hash Buckets": 131072,
                      "Original Hash Buckets": 131072,
                      "Hash Batches": 1,
                      "Original Hash Batches": 1,
                      "Peak Memory Usage": 4032,
                      "Plans": [
                        {
                          "Node Type": "Seq Scan",
                          "Parent Relationship": "Outer",
                          "Parallel Aware": true,
                          "Relation Name": "title",
                          "Alias": "t",
                          "Startup Cost": 0.0,
                          "Total Cost": 45479.59,
                          "Plan Rows": 16460,
                          "Plan Width": 4,
                          "Actual Startup Time": 0.05,
                          "Actual Total Time": 81.524,
                          "Actual Rows": 12421,
                          "Actual Loops": 6,
                          "Filter": "((kind_id = 7) AND (production_year = 2006))",
                          "Rows Removed by Filter": 408965
                        }
                      ]
                    }
                  ]
                }
              ]
            }
          ]
        }
      ]
    },
    "Planning Time": 0.405,
    "Triggers": [],
    "Execution Time": 587.786
  }
]