[
    {
        "Bao": {
            "Bao prediction": "NaN",
            "Bao recommended hint": "(no hint)"
        }
    },
    {
        "Plan": {
            "Node Type": "Aggregate",
            "Strategy": "Plain",
            "Partial Mode": "Finalize",
            "Parallel Aware": false,
            "Startup Cost": 30786.73,
            "Total Cost": 30786.74,
            "Plan Rows": 1,
            "Plan Width": 8,
            "Actual Startup Time": 94.275,
            "Actual Total Time": 101.227,
            "Actual Rows": 1,
            "Actual Loops": 1,
            "Output": [
                "count(*)"
            ],
            "Plans": [
                {
                    "Node Type": "Gather",
                    "Parent Relationship": "Outer",
                    "Parallel Aware": false,
                    "Startup Cost": 30786.41,
                    "Total Cost": 30786.72,
                    "Plan Rows": 3,
                    "Plan Width": 8,
                    "Actual Startup Time": 93.94,
                    "Actual Total Time": 101.218,
                    "Actual Rows": 4,
                    "Actual Loops": 1,
                    "Output": [
                        "(PARTIAL count(*))"
                    ],
                    "Workers Planned": 3,
                    "Workers Launched": 3,
                    "Single Copy": false,
                    "Plans": [
                        {
                            "Node Type": "Aggregate",
                            "Strategy": "Plain",
                            "Partial Mode": "Partial",
                            "Parent Relationship": "Outer",
                            "Parallel Aware": false,
                            "Startup Cost": 29786.41,
                            "Total Cost": 29786.42,
                            "Plan Rows": 1,
                            "Plan Width": 8,
                            "Actual Startup Time": 85.304,
                            "Actual Total Time": 85.305,
                            "Actual Rows": 1,
                            "Actual Loops": 4,
                            "Output": [
                                "PARTIAL count(*)"
                            ],
                            "Workers": [
                                {
                                    "Worker Number": 0,
                                    "Actual Startup Time": 82.013,
                                    "Actual Total Time": 82.015,
                                    "Actual Rows": 1,
                                    "Actual Loops": 1
                                },
                                {
                                    "Worker Number": 1,
                                    "Actual Startup Time": 82.6,
                                    "Actual Total Time": 82.601,
                                    "Actual Rows": 1,
                                    "Actual Loops": 1
                                },
                                {
                                    "Worker Number": 2,
                                    "Actual Startup Time": 82.952,
                                    "Actual Total Time": 82.953,
                                    "Actual Rows": 1,
                                    "Actual Loops": 1
                                }
                            ],
                            "Plans": [
                                {
                                    "Node Type": "Bitmap Heap Scan",
                                    "Parent Relationship": "Outer",
                                    "Parallel Aware": true,
                                    "Relation Name": "movie_keyword",
                                    "Schema": "public",
                                    "Alias": "mk",
                                    "Startup Cost": 4342.28,
                                    "Total Cost": 29621.39,
                                    "Plan Rows": 66008,
                                    "Plan Width": 0,
                                    "Actual Startup Time": 22.349,
                                    "Actual Total Time": 80.948,
                                    "Actual Rows": 50830,
                                    "Actual Loops": 4,
                                    "Recheck Cond": "(mk.keyword_id > 67960)",
                                    "Rows Removed by Index Recheck": 0,
                                    "Exact Heap Blocks": 10095,
                                    "Lossy Heap Blocks": 0,
                                    "Workers": [
                                        {
                                            "Worker Number": 0,
                                            "Actual Startup Time": 19.238,
                                            "Actual Total Time": 78.566,
                                            "Actual Rows": 32404,
                                            "Actual Loops": 1
                                        },
                                        {
                                            "Worker Number": 1,
                                            "Actual Startup Time": 19.809,
                                            "Actual Total Time": 78.978,
                                            "Actual Rows": 34856,
                                            "Actual Loops": 1
                                        },
                                        {
                                            "Worker Number": 2,
                                            "Actual Startup Time": 19.968,
                                            "Actual Total Time": 79.334,
                                            "Actual Rows": 35114,
                                            "Actual Loops": 1
                                        }
                                    ],
                                    "Plans": [
                                        {
                                            "Node Type": "Bitmap Index Scan",
                                            "Parent Relationship": "Outer",
                                            "Parallel Aware": false,
                                            "Index Name": "keyword_id_movie_keyword",
                                            "Startup Cost": 0.0,
                                            "Total Cost": 4291.13,
                                            "Plan Rows": 204626,
                                            "Plan Width": 0,
                                            "Actual Startup Time": 25.713,
                                            "Actual Total Time": 25.714,
                                            "Actual Rows": 203318,
                                            "Actual Loops": 1,
                                            "Index Cond": "(mk.keyword_id > 67960)"
                                        }
                                    ]
                                }
                            ]
                        }
                    ]
                }
            ]
        },
        "Planning Time": 315.847,
        "Triggers": [],
        "Execution Time": 101.287
    }
]