[
  {
    "Plan": {
      "Node Type": "Aggregate",
      "Strategy": "Plain",
      "Partial Mode": "Finalize",
      "Parallel Aware": false,
      "Startup Cost": 129388.22,
      "Total Cost": 129388.23,
      "Plan Rows": 1,
      "Plan Width": 8,
      "Actual Startup Time": 461.733,
      "Actual Total Time": 475.67,
      "Actual Rows": 1,
      "Actual Loops": 1,
      "Plans": [
        {
          "Node Type": "Gather",
          "Parent Relationship": "Outer",
          "Parallel Aware": false,
          "Startup Cost": 129387.8,
          "Total Cost": 129388.21,
          "Plan Rows": 4,
          "Plan Width": 8,
          "Actual Startup Time": 453.853,
          "Actual Total Time": 475.665,
          "Actual Rows": 5,
          "Actual Loops": 1,
          "Workers Planned": 4,
          "Workers Launched": 4,
          "Single Copy": false,
          "Plans": [
            {
              "Node Type": "Aggregate",
              "Strategy": "Plain",
              "Partial Mode": "Partial",
              "Parent Relationship": "Outer",
              "Parallel Aware": false,
              "Startup Cost": 128387.8,
              "Total Cost": 128387.81,
              "Plan Rows": 1,
              "Plan Width": 8,
              "Actual Startup Time": 448.503,
              "Actual Total Time": 448.509,
              "Actual Rows": 1,
              "Actual Loops": 5,
              "Plans": [
                {
                  "Node Type": "Hash Join",
                  "Parent Relationship": "Outer",
                  "Parallel Aware": true,
                  "Join Type": "Inner",
                  "Startup Cost": 80816.31,
                  "Total Cost": 128253.19,
                  "Plan Rows": 53846,
                  "Plan Width": 0,
                  "Actual Startup Time": 307.578,
                  "Actual Total Time": 444.911,
                  "Actual Rows": 81150,
                  "Actual Loops": 5,
                  "Inner Unique": false,
                  "Hash Cond": "(ci.movie_id = t.id)",
                  "Plans": [
                    {
                      "Node Type": "Index Scan",
                      "Parent Relationship": "Outer",
                      "Parallel Aware": true,
                      "Scan Direction": "Forward",
                      "Index Name": "role_id_cast_info",
                      "Relation Name": "cast_info",
                      "Alias": "ci",
                      "Startup Cost": 0.56,
                      "Total Cost": 45790.64,
                      "Plan Rows": 403252,
                      "Plan Width": 4,
                      "Actual Startup Time": 0.154,
                      "Actual Total Time": 66.249,
                      "Actual Rows": 340709,
                      "Actual Loops": 5,
                      "Index Cond": "(role_id = 8)",
                      "Rows Removed by Index Recheck": 0,
                      "Filter": "(person_id < 3933874)",
                      "Rows Removed by Filter": 0
                    },
                    {
                      "Node Type": "Hash",
                      "Parent Relationship": "Inner",
                      "Parallel Aware": true,
                      "Startup Cost": 79760.74,
                      "Total Cost": 79760.74,
                      "Plan Rows": 84400,
                      "Plan Width": 8,
                      "Actual Startup Time": 306.197,
                      "Actual Total Time": 306.201,
                      "Actual Rows": 94165,
                      "Actual Loops": 5,
                      "Hash Buckets": 524288,
                      "Original Hash Buckets": 524288,
                      "Hash Batches": 1,
                      "Original Hash Batches": 1,
                      "Peak Memory Usage": 22592,
                      "Plans": [
                        {
                          "Node Type": "Hash Join",
                          "Parent Relationship": "Outer",
                          "Parallel Aware": true,
                          "Join Type": "Inner",
                          "Startup Cost": 33268.27,
                          "Total Cost": 79760.74,
                          "Plan Rows": 84400,
                          "Plan Width": 8,
                          "Actual Startup Time": 114.055,
                          "Actual Total Time": 276.861,
                          "Actual Rows": 94165,
                          "Actual Loops": 5,
                          "Inner Unique": false,
                          "Hash Cond": "(t.id = mc.movie_id)",
                          "Plans": [
                            {
                              "Node Type": "Seq Scan",
                              "Parent Relationship": "Outer",
                              "Parallel Aware": true,
                              "Relation Name": "title",
                              "Alias": "t",
                              "Startup Cost": 0.0,
                              "Total Cost": 43899.01,
                              "Plan Rows": 464242,
                              "Plan Width": 4,
                              "Actual Startup Time": 0.015,
                              "Actual Total Time": 73.086,
                              "Actual Rows": 373097,
                              "Actual Loops": 5,
                              "Filter": "(kind_id > 1)",
                              "Rows Removed by Filter": 132565
                            },
                            {
                              "Node Type": "Hash",
                              "Parent Relationship": "Inner",
                              "Parallel Aware": true,
                              "Startup Cost": 31414.82,
                              "Total Cost": 31414.82,
                              "Plan Rows": 148276,
                              "Plan Width": 4,
                              "Actual Startup Time": 113.22,
                              "Actual Total Time": 113.222,
                              "Actual Rows": 132282,
                              "Actual Loops": 5,
                              "Hash Buckets": 1048576,
                              "Original Hash Buckets": 524288,
                              "Hash Batches": 1,
                              "Original Hash Batches": 1,
                              "Peak Memory Usage": 38240,
                              "Plans": [
                                {
                                  "Node Type": "Seq Scan",
                                  "Parent Relationship": "Outer",
                                  "Parallel Aware": true,
                                  "Relation Name": "movie_companies",
                                  "Alias": "mc",
                                  "Startup Cost": 0.0,
                                  "Total Cost": 31414.82,
                                  "Plan Rows": 148276,
                                  "Plan Width": 4,
                                  "Actual Startup Time": 0.029,
                                  "Actual Total Time": 60.521,
                                  "Actual Rows": 132282,
                                  "Actual Loops": 5,
                                  "Filter": "((company_id < 3427) AND (company_type_id < 2))",
                                  "Rows Removed by Filter": 389544
                                }
                              ]
                            }
                          ]
                        }
                      ]
                    }
                  ]
                }
              ]
            }
          ]
        }
      ]
    },
    "Planning Time": 0.459,
    "Triggers": [],
    "Execution Time": 475.716
  }
]