[
  {
    "Plan": {
      "Node Type": "Aggregate",
      "Strategy": "Plain",
      "Partial Mode": "Finalize",
      "Parallel Aware": false,
      "Startup Cost": 466340.59,
      "Total Cost": 466340.6,
      "Plan Rows": 1,
      "Plan Width": 8,
      "Actual Startup Time": 2044.671,
      "Actual Total Time": 2112.587,
      "Actual Rows": 1,
      "Actual Loops": 1,
      "Plans": [
        {
          "Node Type": "Gather",
          "Parent Relationship": "Outer",
          "Parallel Aware": false,
          "Startup Cost": 466339.97,
          "Total Cost": 466340.58,
          "Plan Rows": 6,
          "Plan Width": 8,
          "Actual Startup Time": 2030.874,
          "Actual Total Time": 2112.575,
          "Actual Rows": 7,
          "Actual Loops": 1,
          "Workers Planned": 6,
          "Workers Launched": 6,
          "Single Copy": false,
          "Plans": [
            {
              "Node Type": "Aggregate",
              "Strategy": "Plain",
              "Partial Mode": "Partial",
              "Parent Relationship": "Outer",
              "Parallel Aware": false,
              "Startup Cost": 465339.97,
              "Total Cost": 465339.98,
              "Plan Rows": 1,
              "Plan Width": 8,
              "Actual Startup Time": 2005.625,
              "Actual Total Time": 2005.631,
              "Actual Rows": 1,
              "Actual Loops": 7,
              "Plans": [
                {
                  "Node Type": "Hash Join",
                  "Parent Relationship": "Outer",
                  "Parallel Aware": true,
                  "Join Type": "Inner",
                  "Startup Cost": 104415.21,
                  "Total Cost": 460809.0,
                  "Plan Rows": 1812386,
                  "Plan Width": 0,
                  "Actual Startup Time": 860.162,
                  "Actual Total Time": 1877.306,
                  "Actual Rows": 2569294,
                  "Actual Loops": 7,
                  "Inner Unique": false,
                  "Hash Cond": "(ci.movie_id = t.id)",
                  "Plans": [
                    {
                      "Node Type": "Seq Scan",
                      "Parent Relationship": "Outer",
                      "Parallel Aware": true,
                      "Relation Name": "cast_info",
                      "Alias": "ci",
                      "Startup Cost": 0.0,
                      "Total Cost": 343257.03,
                      "Plan Rows": 1944093,
                      "Plan Width": 4,
                      "Actual Startup Time": 307.631,
                      "Actual Total Time": 707.491,
                      "Actual Rows": 1383916,
                      "Actual Loops": 7,
                      "Filter": "((person_id > 2336223) AND (role_id < 10))",
                      "Rows Removed by Filter": 3793848
                    },
                    {
                      "Node Type": "Hash",
                      "Parent Relationship": "Inner",
                      "Parallel Aware": true,
                      "Startup Cost": 94911.15,
                      "Total Cost": 94911.15,
                      "Plan Rows": 760325,
                      "Plan Width": 8,
                      "Actual Startup Time": 545.567,
                      "Actual Total Time": 545.572,
                      "Actual Rows": 336169,
                      "Actual Loops": 7,
                      "Hash Buckets": 4194304,
                      "Original Hash Buckets": 4194304,
                      "Hash Batches": 1,
                      "Original Hash Batches": 1,
                      "Peak Memory Usage": 124928,
                      "Plans": [
                        {
                          "Node Type": "Hash Join",
                          "Parent Relationship": "Outer",
                          "Parallel Aware": true,
                          "Join Type": "Inner",
                          "Startup Cost": 50219.64,
                          "Total Cost": 94911.15,
                          "Plan Rows": 760325,
                          "Plan Width": 8,
                          "Actual Startup Time": 261.92,
                          "Actual Total Time": 424.73,
                          "Actual Rows": 336169,
                          "Actual Loops": 7,
                          "Inner Unique": true,
                          "Hash Cond": "(mk.movie_id = t.id)",
                          "Plans": [
                            {
                              "Node Type": "Seq Scan",
                              "Parent Relationship": "Outer",
                              "Parallel Aware": true,
                              "Relation Name": "movie_keyword",
                              "Alias": "mk",
                              "Startup Cost": 0.0,
                              "Total Cost": 42695.65,
                              "Plan Rows": 760325,
                              "Plan Width": 4,
                              "Actual Startup Time": 0.197,
                              "Actual Total Time": 81.563,
                              "Actual Rows": 336169,
                              "Actual Loops": 7,
                              "Filter": "(keyword_id > 4208)",
                              "Rows Removed by Filter": 310107
                            },
                            {
                              "Node Type": "Hash",
                              "Parent Relationship": "Inner",
                              "Parallel Aware": true,
                              "Startup Cost": 42318.73,
                              "Total Cost": 42318.73,
                              "Plan Rows": 632073,
                              "Plan Width": 4,
                              "Actual Startup Time": 257.934,
                              "Actual Total Time": 257.935,
                              "Actual Rows": 361187,
                              "Actual Loops": 7,
                              "Hash Buckets": 4194304,
                              "Original Hash Buckets": 4194304,
                              "Hash Batches": 1,
                              "Original Hash Batches": 1,
                              "Peak Memory Usage": 131776,
                              "Plans": [
                                {
                                  "Node Type": "Seq Scan",
                                  "Parent Relationship": "Outer",
                                  "Parallel Aware": true,
                                  "Relation Name": "title",
                                  "Alias": "t",
                                  "Startup Cost": 0.0,
                                  "Total Cost": 42318.73,
                                  "Plan Rows": 632073,
                                  "Plan Width": 4,
                                  "Actual Startup Time": 0.046,
                                  "Actual Total Time": 75.132,
                                  "Actual Rows": 361187,
                                  "Actual Loops": 7
                                }
                              ]
                            }
                          ]
                        }
                      ]
                    }
                  ]
                }
              ]
            }
          ]
        }
      ]
    },
    "Planning Time": 1.309,
    "Triggers": [],
    "Execution Time": 2112.686
  }
]