[
  {
    "Plan": {
      "Node Type": "Aggregate",
      "Strategy": "Plain",
      "Partial Mode": "Finalize",
      "Parallel Aware": false,
      "Startup Cost": 135351.05,
      "Total Cost": 135351.06,
      "Plan Rows": 1,
      "Plan Width": 8,
      "Actual Startup Time": 796.716,
      "Actual Total Time": 825.432,
      "Actual Rows": 1,
      "Actual Loops": 1,
      "Plans": [
        {
          "Node Type": "Gather",
          "Parent Relationship": "Outer",
          "Parallel Aware": false,
          "Startup Cost": 135350.83,
          "Total Cost": 135351.04,
          "Plan Rows": 2,
          "Plan Width": 8,
          "Actual Startup Time": 787.269,
          "Actual Total Time": 825.424,
          "Actual Rows": 3,
          "Actual Loops": 1,
          "Workers Planned": 2,
          "Workers Launched": 2,
          "Single Copy": false,
          "Plans": [
            {
              "Node Type": "Aggregate",
              "Strategy": "Plain",
              "Partial Mode": "Partial",
              "Parent Relationship": "Outer",
              "Parallel Aware": false,
              "Startup Cost": 134350.83,
              "Total Cost": 134350.84,
              "Plan Rows": 1,
              "Plan Width": 8,
              "Actual Startup Time": 788.594,
              "Actual Total Time": 788.598,
              "Actual Rows": 1,
              "Actual Loops": 3,
              "Plans": [
                {
                  "Node Type": "Nested Loop",
                  "Parent Relationship": "Outer",
                  "Parallel Aware": false,
                  "Join Type": "Inner",
                  "Startup Cost": 46060.23,
                  "Total Cost": 133939.29,
                  "Plan Rows": 164615,
                  "Plan Width": 0,
                  "Actual Startup Time": 126.01,
                  "Actual Total Time": 747.766,
                  "Actual Rows": 951683,
                  "Actual Loops": 3,
                  "Inner Unique": false,
                  "Join Filter": "(t.id = mi.movie_id)",
                  "Rows Removed by Join Filter": 0,
                  "Plans": [
                    {
                      "Node Type": "Hash Join",
                      "Parent Relationship": "Outer",
                      "Parallel Aware": true,
                      "Join Type": "Inner",
                      "Startup Cost": 46059.8,
                      "Total Cost": 62190.11,
                      "Plan Rows": 28207,
                      "Plan Width": 8,
                      "Actual Startup Time": 125.953,
                      "Actual Total Time": 220.617,
                      "Actual Rows": 49721,
                      "Actual Loops": 3,
                      "Inner Unique": true,
                      "Hash Cond": "(mi_idx.movie_id = t.id)",
                      "Plans": [
                        {
                          "Node Type": "Seq Scan",
                          "Parent Relationship": "Outer",
                          "Parallel Aware": true,
                          "Relation Name": "movie_info_idx",
                          "Alias": "mi_idx",
                          "Startup Cost": 0.0,
                          "Total Cost": 15122.68,
                          "Plan Rows": 383860,
                          "Plan Width": 4,
                          "Actual Startup Time": 0.016,
                          "Actual Total Time": 41.129,
                          "Actual Rows": 306703,
                          "Actual Loops": 3,
                          "Filter": "(info_type_id > 99)",
                          "Rows Removed by Filter": 153308
                        },
                        {
                          "Node Type": "Hash",
                          "Parent Relationship": "Inner",
                          "Parallel Aware": true,
                          "Startup Cost": 45479.21,
                          "Total Cost": 45479.21,
                          "Plan Rows": 46447,
                          "Plan Width": 4,
                          "Actual Startup Time": 124.916,
                          "Actual Total Time": 124.917,
                          "Actual Rows": 96074,
                          "Actual Loops": 3,
                          "Hash Buckets": 524288,
                          "Original Hash Buckets": 262144,
                          "Hash Batches": 1,
                          "Original Hash Batches": 1,
                          "Peak Memory Usage": 17472,
                          "Plans": [
                            {
                              "Node Type": "Seq Scan",
                              "Parent Relationship": "Outer",
                              "Parallel Aware": true,
                              "Relation Name": "title",
                              "Alias": "t",
                              "Startup Cost": 0.0,
                              "Total Cost": 45479.21,
                              "Plan Rows": 46447,
                              "Plan Width": 4,
                              "Actual Startup Time": 0.042,
                              "Actual Total Time": 91.431,
                              "Actual Rows": 96074,
                              "Actual Loops": 3,
                              "Filter": "((kind_id < 7) AND (production_year < 1977))",
                              "Rows Removed by Filter": 746696
                            }
                          ]
                        }
                      ]
                    },
                    {
                      "Node Type": "Index Only Scan",
                      "Parent Relationship": "Inner",
                      "Parallel Aware": false,
                      "Scan Direction": "Forward",
                      "Index Name": "movie_id_movie_info",
                      "Relation Name": "movie_info",
                      "Alias": "mi",
                      "Startup Cost": 0.43,
                      "Total Cost": 2.06,
                      "Plan Rows": 39,
                      "Plan Width": 4,
                      "Actual Startup Time": 0.003,
                      "Actual Total Time": 0.009,
                      "Actual Rows": 19,
                      "Actual Loops": 149163,
                      "Index Cond": "(movie_id = mi_idx.movie_id)",
                      "Rows Removed by Index Recheck": 0,
                      "Heap Fetches": 2855049
                    }
                  ]
                }
              ]
            }
          ]
        }
      ]
    },
    "Planning Time": 0.415,
    "Triggers": [],
    "Execution Time": 825.473
  }
]