[
  {
    "Plan": {
      "Node Type": "Aggregate",
      "Strategy": "Plain",
      "Partial Mode": "Finalize",
      "Parallel Aware": false,
      "Startup Cost": 256304.9,
      "Total Cost": 256304.91,
      "Plan Rows": 1,
      "Plan Width": 8,
      "Actual Startup Time": 501.589,
      "Actual Total Time": 550.235,
      "Actual Rows": 1,
      "Actual Loops": 1,
      "Plans": [
        {
          "Node Type": "Gather",
          "Parent Relationship": "Outer",
          "Parallel Aware": false,
          "Startup Cost": 256304.48,
          "Total Cost": 256304.89,
          "Plan Rows": 4,
          "Plan Width": 8,
          "Actual Startup Time": 501.574,
          "Actual Total Time": 550.228,
          "Actual Rows": 5,
          "Actual Loops": 1,
          "Workers Planned": 4,
          "Workers Launched": 4,
          "Single Copy": false,
          "Plans": [
            {
              "Node Type": "Aggregate",
              "Strategy": "Plain",
              "Partial Mode": "Partial",
              "Parent Relationship": "Outer",
              "Parallel Aware": false,
              "Startup Cost": 255304.48,
              "Total Cost": 255304.49,
              "Plan Rows": 1,
              "Plan Width": 8,
              "Actual Startup Time": 487.554,
              "Actual Total Time": 487.556,
              "Actual Rows": 1,
              "Actual Loops": 5,
              "Plans": [
                {
                  "Node Type": "Nested Loop",
                  "Parent Relationship": "Outer",
                  "Parallel Aware": false,
                  "Join Type": "Inner",
                  "Startup Cost": 1.0,
                  "Total Cost": 254906.16,
                  "Plan Rows": 159328,
                  "Plan Width": 0,
                  "Actual Startup Time": 0.786,
                  "Actual Total Time": 477.183,
                  "Actual Rows": 168773,
                  "Actual Loops": 5,
                  "Inner Unique": false,
                  "Join Filter": "(t.id = ci.movie_id)",
                  "Rows Removed by Join Filter": 0,
                  "Plans": [
                    {
                      "Node Type": "Nested Loop",
                      "Parent Relationship": "Outer",
                      "Parallel Aware": false,
                      "Join Type": "Inner",
                      "Startup Cost": 0.43,
                      "Total Cost": 221929.67,
                      "Plan Rows": 20538,
                      "Plan Width": 8,
                      "Actual Startup Time": 0.296,
                      "Actual Total Time": 136.021,
                      "Actual Rows": 19970,
                      "Actual Loops": 5,
                      "Inner Unique": false,
                      "Plans": [
                        {
                          "Node Type": "Seq Scan",
                          "Parent Relationship": "Outer",
                          "Parallel Aware": true,
                          "Relation Name": "title",
                          "Alias": "t",
                          "Startup Cost": 0.0,
                          "Total Cost": 43899.32,
                          "Plan Rows": 3498,
                          "Plan Width": 4,
                          "Actual Startup Time": 0.078,
                          "Actual Total Time": 65.773,
                          "Actual Rows": 2920,
                          "Actual Loops": 5,
                          "Filter": "(production_year = 1967)",
                          "Rows Removed by Filter": 502742
                        },
                        {
                          "Node Type": "Index Only Scan",
                          "Parent Relationship": "Inner",
                          "Parallel Aware": false,
                          "Scan Direction": "Forward",
                          "Index Name": "movie_id_movie_info",
                          "Relation Name": "movie_info",
                          "Alias": "mi",
                          "Startup Cost": 0.43,
                          "Total Cost": 50.48,
                          "Plan Rows": 41,
                          "Plan Width": 4,
                          "Actual Startup Time": 0.01,
                          "Actual Total Time": 0.023,
                          "Actual Rows": 7,
                          "Actual Loops": 14601,
                          "Index Cond": "(movie_id = t.id)",
                          "Rows Removed by Index Recheck": 0,
                          "Heap Fetches": 99849
                        }
                      ]
                    },
                    {
                      "Node Type": "Index Scan",
                      "Parent Relationship": "Inner",
                      "Parallel Aware": false,
                      "Scan Direction": "Forward",
                      "Index Name": "movie_id_cast_info",
                      "Relation Name": "cast_info",
                      "Alias": "ci",
                      "Startup Cost": 0.56,
                      "Total Cost": 1.37,
                      "Plan Rows": 19,
                      "Plan Width": 4,
                      "Actual Startup Time": 0.009,
                      "Actual Total Time": 0.016,
                      "Actual Rows": 8,
                      "Actual Loops": 99849,
                      "Index Cond": "(movie_id = mi.movie_id)",
                      "Rows Removed by Index Recheck": 0,
                      "Filter": "(person_id > 1664014)",
                      "Rows Removed by Filter": 13
                    }
                  ]
                }
              ]
            }
          ]
        }
      ]
    },
    "Planning Time": 0.791,
    "Triggers": [],
    "Execution Time": 550.311
  }
]