{
  "Plan": {
    "Node Type": "Aggregate",
    "Strategy": "Plain",
    "Partial Mode": "Finalize",
    "Parallel Aware": false,
    "Startup Cost": 160733.33,
    "Total Cost": 160733.34,
    "Plan Rows": 1,
    "Plan Width": 8,
    "Actual Startup Time": 987.455,
    "Actual Total Time": 1012.398,
    "Actual Rows": 1,
    "Actual Loops": 1,
    "Plans": [
      {
        "Node Type": "Gather",
        "Parent Relationship": "Outer",
        "Parallel Aware": false,
        "Startup Cost": 160733.22,
        "Total Cost": 160733.33,
        "Plan Rows": 1,
        "Plan Width": 8,
        "Actual Startup Time": 984.801,
        "Actual Total Time": 1012.389,
        "Actual Rows": 2,
        "Actual Loops": 1,
        "Workers Planned": 1,
        "Workers Launched": 1,
        "Single Copy": false,
        "Plans": [
          {
            "Node Type": "Aggregate",
            "Strategy": "Plain",
            "Partial Mode": "Partial",
            "Parent Relationship": "Outer",
            "Parallel Aware": false,
            "Startup Cost": 159733.22,
            "Total Cost": 159733.23,
            "Plan Rows": 1,
            "Plan Width": 8,
            "Actual Startup Time": 978.476,
            "Actual Total Time": 978.778,
            "Actual Rows": 1,
            "Actual Loops": 2,
            "Plans": [
              {
                "Node Type": "Hash Join",
                "Parent Relationship": "Outer",
                "Parallel Aware": true,
                "Join Type": "Inner",
                "Startup Cost": 118747.76,
                "Total Cost": 159407.47,
                "Plan Rows": 130299,
                "Plan Width": 0,
                "Actual Startup Time": 572.37,
                "Actual Total Time": 933.038,
                "Actual Rows": 906754,
                "Actual Loops": 2,
                "Inner Unique": false,
                "Hash Cond": "(mc.movie_id = t.id)",
                "Plans": [
                  {
                    "Node Type": "Seq Scan",
                    "Parent Relationship": "Outer",
                    "Parallel Aware": true,
                    "Relation Name": "movie_companies",
                    "Alias": "mc",
                    "Startup Cost": 0.0,
                    "Total Cost": 34137.82,
                    "Plan Rows": 1534782,
                    "Plan Width": 4,
                    "Actual Startup Time": 0.017,
                    "Actual Total Time": 115.425,
                    "Actual Rows": 1304564,
                    "Actual Loops": 2
                  },
                  {
                    "Node Type": "Hash",
                    "Parent Relationship": "Inner",
                    "Parallel Aware": true,
                    "Startup Cost": 117169.49,
                    "Total Cost": 117169.49,
                    "Plan Rows": 126262,
                    "Plan Width": 8,
                    "Actual Startup Time": 568.73,
                    "Actual Total Time": 569.03,
                    "Actual Rows": 152852,
                    "Actual Loops": 2,
                    "Hash Buckets": 524288,
                    "Original Hash Buckets": 262144,
                    "Hash Batches": 1,
                    "Original Hash Batches": 1,
                    "Peak Memory Usage": 18112,
                    "Plans": [
                      {
                        "Node Type": "Hash Join",
                        "Parent Relationship": "Outer",
                        "Parallel Aware": true,
                        "Join Type": "Inner",
                        "Startup Cost": 82472.99,
                        "Total Cost": 117169.49,
                        "Plan Rows": 126262,
                        "Plan Width": 8,
                        "Actual Startup Time": 297.341,
                        "Actual Total Time": 526.57,
                        "Actual Rows": 152852,
                        "Actual Loops": 2,
                        "Inner Unique": true,
                        "Hash Cond": "(mk.movie_id = t.id)",
                        "Plans": [
                          {
                            "Node Type": "Bitmap Heap Scan",
                            "Parent Relationship": "Outer",
                            "Parallel Aware": true,
                            "Relation Name": "movie_keyword",
                            "Alias": "mk",
                            "Startup Cost": 24418.41,
                            "Total Cost": 57337.29,
                            "Plan Rows": 677190,
                            "Plan Width": 4,
                            "Actual Startup Time": 63.199,
                            "Actual Total Time": 178.613,
                            "Actual Rows": 579930,
                            "Actual Loops": 2,
                            "Recheck Cond": "(keyword_id < 1382)",
                            "Rows Removed by Index Recheck": 0,
                            "Exact Heap Blocks": 15639,
                            "Lossy Heap Blocks": 0,
                            "Plans": [
                              {
                                "Node Type": "Bitmap Index Scan",
                                "Parent Relationship": "Outer",
                                "Parallel Aware": false,
                                "Index Name": "keyword_id_movie_keyword",
                                "Startup Cost": 0.0,
                                "Total Cost": 24130.6,
                                "Plan Rows": 1151223,
                                "Plan Width": 0,
                                "Actual Startup Time": 59.484,
                                "Actual Total Time": 59.484,
                                "Actual Rows": 1159861,
                                "Actual Loops": 1,
                                "Index Cond": "(keyword_id < 1382)"
                              }
                            ]
                          },
                          {
                            "Node Type": "Hash",
                            "Parent Relationship": "Inner",
                            "Parallel Aware": true,
                            "Startup Cost": 54588.39,
                            "Total Cost": 54588.39,
                            "Plan Rows": 277295,
                            "Plan Width": 4,
                            "Actual Startup Time": 229.454,
                            "Actual Total Time": 229.455,
                            "Actual Rows": 239800,
                            "Actual Loops": 2,
                            "Hash Buckets": 524288,
                            "Original Hash Buckets": 524288,
                            "Hash Batches": 1,
                            "Original Hash Batches": 1,
                            "Peak Memory Usage": 22880,
                            "Plans": [
                              {
                                "Node Type": "Seq Scan",
                                "Parent Relationship": "Outer",
                                "Parallel Aware": true,
                                "Relation Name": "title",
                                "Alias": "t",
                                "Startup Cost": 0.0,
                                "Total Cost": 54588.39,
                                "Plan Rows": 277295,
                                "Plan Width": 4,
                                "Actual Startup Time": 0.028,
                                "Actual Total Time": 167.033,
                                "Actual Rows": 239800,
                                "Actual Loops": 2,
                                "Filter": "(production_year < 1978)",
                                "Rows Removed by Filter": 1024356
                              }
                            ]
                          }
                        ]
                      }
                    ]
                  }
                ]
              }
            ]
          }
        ]
      }
    ]
  },
  "Planning Time": 1.005,
  "Triggers": [],
  "Execution Time": 1012.501
}