[
  {
    "Plan": {
      "Node Type": "Aggregate",
      "Strategy": "Plain",
      "Partial Mode": "Finalize",
      "Parallel Aware": false,
      "Startup Cost": 71397.25,
      "Total Cost": 71397.26,
      "Plan Rows": 1,
      "Plan Width": 8,
      "Actual Startup Time": 107.458,
      "Actual Total Time": 122.744,
      "Actual Rows": 1,
      "Actual Loops": 1,
      "Plans": [
        {
          "Node Type": "Gather",
          "Parent Relationship": "Outer",
          "Parallel Aware": false,
          "Startup Cost": 71396.83,
          "Total Cost": 71397.24,
          "Plan Rows": 4,
          "Plan Width": 8,
          "Actual Startup Time": 107.335,
          "Actual Total Time": 122.736,
          "Actual Rows": 5,
          "Actual Loops": 1,
          "Workers Planned": 4,
          "Workers Launched": 4,
          "Single Copy": false,
          "Plans": [
            {
              "Node Type": "Aggregate",
              "Strategy": "Plain",
              "Partial Mode": "Partial",
              "Parent Relationship": "Outer",
              "Parallel Aware": false,
              "Startup Cost": 70396.83,
              "Total Cost": 70396.84,
              "Plan Rows": 1,
              "Plan Width": 8,
              "Actual Startup Time": 97.382,
              "Actual Total Time": 97.383,
              "Actual Rows": 1,
              "Actual Loops": 5,
              "Plans": [
                {
                  "Node Type": "Nested Loop",
                  "Parent Relationship": "Outer",
                  "Parallel Aware": false,
                  "Join Type": "Inner",
                  "Startup Cost": 0.87,
                  "Total Cost": 70337.86,
                  "Plan Rows": 23588,
                  "Plan Width": 0,
                  "Actual Startup Time": 56.538,
                  "Actual Total Time": 97.061,
                  "Actual Rows": 5748,
                  "Actual Loops": 5,
                  "Inner Unique": false,
                  "Join Filter": "(t.id = mi.movie_id)",
                  "Rows Removed by Join Filter": 0,
                  "Plans": [
                    {
                      "Node Type": "Nested Loop",
                      "Parent Relationship": "Outer",
                      "Parallel Aware": false,
                      "Join Type": "Inner",
                      "Startup Cost": 0.43,
                      "Total Cost": 62729.12,
                      "Plan Rows": 4034,
                      "Plan Width": 8,
                      "Actual Startup Time": 56.444,
                      "Actual Total Time": 86.832,
                      "Actual Rows": 394,
                      "Actual Loops": 5,
                      "Inner Unique": false,
                      "Plans": [
                        {
                          "Node Type": "Seq Scan",
                          "Parent Relationship": "Outer",
                          "Parallel Aware": true,
                          "Relation Name": "title",
                          "Alias": "t",
                          "Startup Cost": 0.0,
                          "Total Cost": 43898.92,
                          "Plan Rows": 2254,
                          "Plan Width": 4,
                          "Actual Startup Time": 56.113,
                          "Actual Total Time": 76.455,
                          "Actual Rows": 1554,
                          "Actual Loops": 5,
                          "Filter": "(production_year = 1912)",
                          "Rows Removed by Filter": 504108
                        },
                        {
                          "Node Type": "Index Only Scan",
                          "Parent Relationship": "Inner",
                          "Parallel Aware": false,
                          "Scan Direction": "Forward",
                          "Index Name": "movie_id_movie_keyword",
                          "Relation Name": "movie_keyword",
                          "Alias": "mk",
                          "Startup Cost": 0.43,
                          "Total Cost": 7.9,
                          "Plan Rows": 45,
                          "Plan Width": 4,
                          "Actual Startup Time": 0.006,
                          "Actual Total Time": 0.006,
                          "Actual Rows": 0,
                          "Actual Loops": 7770,
                          "Index Cond": "(movie_id = t.id)",
                          "Rows Removed by Index Recheck": 0,
                          "Heap Fetches": 1972
                        }
                      ]
                    },
                    {
                      "Node Type": "Index Only Scan",
                      "Parent Relationship": "Inner",
                      "Parallel Aware": false,
                      "Scan Direction": "Forward",
                      "Index Name": "movie_id_movie_info",
                      "Relation Name": "movie_info",
                      "Alias": "mi",
                      "Startup Cost": 0.43,
                      "Total Cost": 1.36,
                      "Plan Rows": 42,
                      "Plan Width": 4,
                      "Actual Startup Time": 0.009,
                      "Actual Total Time": 0.024,
                      "Actual Rows": 15,
                      "Actual Loops": 1972,
                      "Index Cond": "(movie_id = mk.movie_id)",
                      "Rows Removed by Index Recheck": 0,
                      "Heap Fetches": 28741
                    }
                  ]
                }
              ]
            }
          ]
        }
      ]
    },
    "Planning Time": 1.371,
    "Triggers": [],
    "Execution Time": 122.827
  }
]