[
  {
    "Plan": {
      "Node Type": "Aggregate",
      "Strategy": "Plain",
      "Partial Mode": "Finalize",
      "Parallel Aware": false,
      "Startup Cost": 369329.37,
      "Total Cost": 369329.38,
      "Plan Rows": 1,
      "Plan Width": 8,
      "Actual Startup Time": 962.893,
      "Actual Total Time": 1035.114,
      "Actual Rows": 1,
      "Actual Loops": 1,
      "Plans": [
        {
          "Node Type": "Gather",
          "Parent Relationship": "Outer",
          "Parallel Aware": false,
          "Startup Cost": 369328.85,
          "Total Cost": 369329.36,
          "Plan Rows": 5,
          "Plan Width": 8,
          "Actual Startup Time": 957.681,
          "Actual Total Time": 1035.1,
          "Actual Rows": 6,
          "Actual Loops": 1,
          "Workers Planned": 5,
          "Workers Launched": 5,
          "Single Copy": false,
          "Plans": [
            {
              "Node Type": "Aggregate",
              "Strategy": "Plain",
              "Partial Mode": "Partial",
              "Parent Relationship": "Outer",
              "Parallel Aware": false,
              "Startup Cost": 368328.85,
              "Total Cost": 368328.86,
              "Plan Rows": 1,
              "Plan Width": 8,
              "Actual Startup Time": 942.356,
              "Actual Total Time": 942.36,
              "Actual Rows": 1,
              "Actual Loops": 6,
              "Plans": [
                {
                  "Node Type": "Nested Loop",
                  "Parent Relationship": "Outer",
                  "Parallel Aware": false,
                  "Join Type": "Inner",
                  "Startup Cost": 57660.39,
                  "Total Cost": 367560.13,
                  "Plan Rows": 307489,
                  "Plan Width": 0,
                  "Actual Startup Time": 237.494,
                  "Actual Total Time": 931.115,
                  "Actual Rows": 184766,
                  "Actual Loops": 6,
                  "Inner Unique": false,
                  "Plans": [
                    {
                      "Node Type": "Hash Join",
                      "Parent Relationship": "Outer",
                      "Parallel Aware": true,
                      "Join Type": "Inner",
                      "Startup Cost": 57659.82,
                      "Total Cost": 221077.92,
                      "Plan Rows": 62315,
                      "Plan Width": 8,
                      "Actual Startup Time": 237.381,
                      "Actual Total Time": 296.142,
                      "Actual Rows": 23583,
                      "Actual Loops": 6,
                      "Inner Unique": true,
                      "Hash Cond": "(mi.movie_id = t.id)",
                      "Plans": [
                        {
                          "Node Type": "Bitmap Heap Scan",
                          "Parent Relationship": "Outer",
                          "Parallel Aware": true,
                          "Relation Name": "movie_info",
                          "Alias": "mi",
                          "Startup Cost": 8535.51,
                          "Total Cost": 171706.27,
                          "Plan Rows": 94221,
                          "Plan Width": 4,
                          "Actual Startup Time": 21.543,
                          "Actual Total Time": 32.724,
                          "Actual Rows": 79074,
                          "Actual Loops": 6,
                          "Recheck Cond": "(info_type_id = 6)",
                          "Rows Removed by Index Recheck": 0,
                          "Exact Heap Blocks": 596,
                          "Lossy Heap Blocks": 0,
                          "Plans": [
                            {
                              "Node Type": "Bitmap Index Scan",
                              "Parent Relationship": "Outer",
                              "Parallel Aware": false,
                              "Index Name": "info_type_id_movie_info",
                              "Startup Cost": 0.0,
                              "Total Cost": 8417.73,
                              "Plan Rows": 471106,
                              "Plan Width": 0,
                              "Actual Startup Time": 20.851,
                              "Actual Total Time": 20.852,
                              "Actual Rows": 474443,
                              "Actual Loops": 1,
                              "Index Cond": "(info_type_id = 6)"
                            }
                          ]
                        },
                        {
                          "Node Type": "Hash",
                          "Parent Relationship": "Inner",
                          "Parallel Aware": true,
                          "Startup Cost": 43898.92,
                          "Total Cost": 43898.92,
                          "Plan Rows": 418032,
                          "Plan Width": 4,
                          "Actual Startup Time": 210.376,
                          "Actual Total Time": 210.377,
                          "Actual Rows": 279016,
                          "Actual Loops": 6,
                          "Hash Buckets": 2097152,
                          "Original Hash Buckets": 2097152,
                          "Hash Batches": 1,
                          "Original Hash Batches": 1,
                          "Peak Memory Usage": 81920,
                          "Plans": [
                            {
                              "Node Type": "Seq Scan",
                              "Parent Relationship": "Outer",
                              "Parallel Aware": true,
                              "Relation Name": "title",
                              "Alias": "t",
                              "Startup Cost": 0.0,
                              "Total Cost": 43898.92,
                              "Plan Rows": 418032,
                              "Plan Width": 4,
                              "Actual Startup Time": 0.04,
                              "Actual Total Time": 86.553,
                              "Actual Rows": 279016,
                              "Actual Loops": 6,
                              "Filter": "(kind_id > 3)",
                              "Rows Removed by Filter": 142369
                            }
                          ]
                        }
                      ]
                    },
                    {
                      "Node Type": "Index Scan",
                      "Parent Relationship": "Inner",
                      "Parallel Aware": false,
                      "Scan Direction": "Forward",
                      "Index Name": "movie_id_cast_info",
                      "Relation Name": "cast_info",
                      "Alias": "ci",
                      "Startup Cost": 0.56,
                      "Total Cost": 2.22,
                      "Plan Rows": 13,
                      "Plan Width": 4,
                      "Actual Startup Time": 0.005,
                      "Actual Total Time": 0.026,
                      "Actual Rows": 8,
                      "Actual Loops": 141500,
                      "Index Cond": "(movie_id = t.id)",
                      "Rows Removed by Index Recheck": 0,
                      "Filter": "(role_id = 1)",
                      "Rows Removed by Filter": 15
                    }
                  ]
                }
              ]
            }
          ]
        }
      ]
    },
    "Planning Time": 1.346,
    "Triggers": [],
    "Execution Time": 1035.245
  }
]