{
    "Plan": {
        "Node Type": "Aggregate",
        "Strategy": "Plain",
        "Partial Mode": "Finalize",
        "Parallel Aware": false,
        "Startup Cost": 321554.92,
        "Total Cost": 321554.93,
        "Plan Rows": 1,
        "Plan Width": 8,
        "Actual Startup Time": 2186.522,
        "Actual Total Time": 2293.584,
        "Actual Rows": 1,
        "Actual Loops": 1,
        "Output": [
            "count(*)"
        ],
        "Plans": [
            {
                "Node Type": "Gather",
                "Parent Relationship": "Outer",
                "Parallel Aware": false,
                "Startup Cost": 321554.4,
                "Total Cost": 321554.91,
                "Plan Rows": 5,
                "Plan Width": 8,
                "Actual Startup Time": 2186.182,
                "Actual Total Time": 2293.572,
                "Actual Rows": 6,
                "Actual Loops": 1,
                "Output": [
                    "(PARTIAL count(*))"
                ],
                "Workers Planned": 5,
                "Workers Launched": 5,
                "Single Copy": false,
                "Plans": [
                    {
                        "Node Type": "Aggregate",
                        "Strategy": "Plain",
                        "Partial Mode": "Partial",
                        "Parent Relationship": "Outer",
                        "Parallel Aware": false,
                        "Startup Cost": 320554.4,
                        "Total Cost": 320554.41,
                        "Plan Rows": 1,
                        "Plan Width": 8,
                        "Actual Startup Time": 2175.205,
                        "Actual Total Time": 2175.209,
                        "Actual Rows": 1,
                        "Actual Loops": 6,
                        "Output": [
                            "PARTIAL count(*)"
                        ],
                        "Workers": [
                            {
                                "Worker Number": 0,
                                "Actual Startup Time": 2172.642,
                                "Actual Total Time": 2172.646,
                                "Actual Rows": 1,
                                "Actual Loops": 1
                            },
                            {
                                "Worker Number": 1,
                                "Actual Startup Time": 2172.831,
                                "Actual Total Time": 2172.834,
                                "Actual Rows": 1,
                                "Actual Loops": 1
                            },
                            {
                                "Worker Number": 2,
                                "Actual Startup Time": 2173.261,
                                "Actual Total Time": 2173.265,
                                "Actual Rows": 1,
                                "Actual Loops": 1
                            },
                            {
                                "Worker Number": 3,
                                "Actual Startup Time": 2173.199,
                                "Actual Total Time": 2173.204,
                                "Actual Rows": 1,
                                "Actual Loops": 1
                            },
                            {
                                "Worker Number": 4,
                                "Actual Startup Time": 2174.024,
                                "Actual Total Time": 2174.027,
                                "Actual Rows": 1,
                                "Actual Loops": 1
                            }
                        ],
                        "Plans": [
                            {
                                "Node Type": "Nested Loop",
                                "Parent Relationship": "Outer",
                                "Parallel Aware": false,
                                "Join Type": "Inner",
                                "Startup Cost": 45683.12,
                                "Total Cost": 319656.97,
                                "Plan Rows": 358972,
                                "Plan Width": 0,
                                "Actual Startup Time": 98.928,
                                "Actual Total Time": 2118.219,
                                "Actual Rows": 1108549,
                                "Actual Loops": 6,
                                "Inner Unique": false,
                                "Join Filter": "(t.id = ci.movie_id)",
                                "Rows Removed by Join Filter": 0,
                                "Workers": [
                                    {
                                        "Worker Number": 0,
                                        "Actual Startup Time": 96.176,
                                        "Actual Total Time": 2118.522,
                                        "Actual Rows": 1240152,
                                        "Actual Loops": 1
                                    },
                                    {
                                        "Worker Number": 1,
                                        "Actual Startup Time": 96.582,
                                        "Actual Total Time": 2110.617,
                                        "Actual Rows": 862612,
                                        "Actual Loops": 1
                                    },
                                    {
                                        "Worker Number": 2,
                                        "Actual Startup Time": 96.865,
                                        "Actual Total Time": 2124.652,
                                        "Actual Rows": 1094082,
                                        "Actual Loops": 1
                                    },
                                    {
                                        "Worker Number": 3,
                                        "Actual Startup Time": 96.887,
                                        "Actual Total Time": 2122.62,
                                        "Actual Rows": 1140723,
                                        "Actual Loops": 1
                                    },
                                    {
                                        "Worker Number": 4,
                                        "Actual Startup Time": 97.995,
                                        "Actual Total Time": 2112.014,
                                        "Actual Rows": 844207,
                                        "Actual Loops": 1
                                    }
                                ],
                                "Plans": [
                                    {
                                        "Node Type": "Hash Join",
                                        "Parent Relationship": "Outer",
                                        "Parallel Aware": true,
                                        "Join Type": "Inner",
                                        "Startup Cost": 45682.56,
                                        "Total Cost": 248504.15,
                                        "Plan Rows": 38639,
                                        "Plan Width": 8,
                                        "Actual Startup Time": 98.746,
                                        "Actual Total Time": 554.613,
                                        "Actual Rows": 35932,
                                        "Actual Loops": 6,
                                        "Output": [
                                            "t.id",
                                            "mi.movie_id"
                                        ],
                                        "Inner Unique": true,
                                        "Hash Cond": "(mi.movie_id = t.id)",
                                        "Workers": [
                                            {
                                                "Worker Number": 0,
                                                "Actual Startup Time": 96.019,
                                                "Actual Total Time": 554.674,
                                                "Actual Rows": 40214,
                                                "Actual Loops": 1
                                            },
                                            {
                                                "Worker Number": 1,
                                                "Actual Startup Time": 96.483,
                                                "Actual Total Time": 564.63,
                                                "Actual Rows": 28560,
                                                "Actual Loops": 1
                                            },
                                            {
                                                "Worker Number": 2,
                                                "Actual Startup Time": 96.777,
                                                "Actual Total Time": 537.758,
                                                "Actual Rows": 34957,
                                                "Actual Loops": 1
                                            },
                                            {
                                                "Worker Number": 3,
                                                "Actual Startup Time": 96.784,
                                                "Actual Total Time": 538.825,
                                                "Actual Rows": 35231,
                                                "Actual Loops": 1
                                            },
                                            {
                                                "Worker Number": 4,
                                                "Actual Startup Time": 97.589,
                                                "Actual Total Time": 563.487,
                                                "Actual Rows": 27807,
                                                "Actual Loops": 1
                                            }
                                        ],
                                        "Plans": [
                                            {
                                                "Node Type": "Seq Scan",
                                                "Parent Relationship": "Outer",
                                                "Parallel Aware": true,
                                                "Relation Name": "movie_info",
                                                "Schema": "public",
                                                "Alias": "mi",
                                                "Startup Cost": 0.0,
                                                "Total Cost": 198880.74,
                                                "Plan Rows": 1501273,
                                                "Plan Width": 4,
                                                "Actual Startup Time": 16.214,
                                                "Actual Total Time": 312.377,
                                                "Actual Rows": 1258142,
                                                "Actual Loops": 6,
                                                "Output": [
                                                    "mi.id",
                                                    "mi.movie_id",
                                                    "mi.info_type_id",
                                                    "mi.info",
                                                    "mi.note"
                                                ],
                                                "Filter": "(mi.info_type_id > 7)",
                                                "Rows Removed by Filter": 1214478,
                                                "Workers": [
                                                    {
                                                        "Worker Number": 0,
                                                        "Actual Startup Time": 16.143,
                                                        "Actual Total Time": 313.971,
                                                        "Actual Rows": 1400807,
                                                        "Actual Loops": 1
                                                    },
                                                    {
                                                        "Worker Number": 1,
                                                        "Actual Startup Time": 16.253,
                                                        "Actual Total Time": 321.749,
                                                        "Actual Rows": 942294,
                                                        "Actual Loops": 1
                                                    },
                                                    {
                                                        "Worker Number": 2,
                                                        "Actual Startup Time": 16.226,
                                                        "Actual Total Time": 308.282,
                                                        "Actual Rows": 1248068,
                                                        "Actual Loops": 1
                                                    },
                                                    {
                                                        "Worker Number": 3,
                                                        "Actual Startup Time": 16.139,
                                                        "Actual Total Time": 310.778,
                                                        "Actual Rows": 1261681,
                                                        "Actual Loops": 1
                                                    },
                                                    {
                                                        "Worker Number": 4,
                                                        "Actual Startup Time": 16.257,
                                                        "Actual Total Time": 322.083,
                                                        "Actual Rows": 921820,
                                                        "Actual Loops": 1
                                                    }
                                                ]
                                            },
                                            {
                                                "Node Type": "Hash",
                                                "Parent Relationship": "Inner",
                                                "Parallel Aware": true,
                                                "Startup Cost": 45479.21,
                                                "Total Cost": 45479.21,
                                                "Plan Rows": 16268,
                                                "Plan Width": 4,
                                                "Actual Startup Time": 81.069,
                                                "Actual Total Time": 81.07,
                                                "Actual Rows": 8984,
                                                "Actual Loops": 6,
                                                "Output": [
                                                    "t.id"
                                                ],
                                                "Hash Buckets": 65536,
                                                "Original Hash Buckets": 65536,
                                                "Hash Batches": 1,
                                                "Original Hash Batches": 1,
                                                "Peak Memory Usage": 2720,
                                                "Workers": [
                                                    {
                                                        "Worker Number": 0,
                                                        "Actual Startup Time": 79.345,
                                                        "Actual Total Time": 79.347,
                                                        "Actual Rows": 9690,
                                                        "Actual Loops": 1
                                                    },
                                                    {
                                                        "Worker Number": 1,
                                                        "Actual Startup Time": 79.521,
                                                        "Actual Total Time": 79.522,
                                                        "Actual Rows": 6800,
                                                        "Actual Loops": 1
                                                    },
                                                    {
                                                        "Worker Number": 2,
                                                        "Actual Startup Time": 79.817,
                                                        "Actual Total Time": 79.818,
                                                        "Actual Rows": 8790,
                                                        "Actual Loops": 1
                                                    },
                                                    {
                                                        "Worker Number": 3,
                                                        "Actual Startup Time": 79.806,
                                                        "Actual Total Time": 79.807,
                                                        "Actual Rows": 8039,
                                                        "Actual Loops": 1
                                                    },
                                                    {
                                                        "Worker Number": 4,
                                                        "Actual Startup Time": 80.714,
                                                        "Actual Total Time": 80.715,
                                                        "Actual Rows": 6638,
                                                        "Actual Loops": 1
                                                    }
                                                ],
                                                "Plans": [
                                                    {
                                                        "Node Type": "Seq Scan",
                                                        "Parent Relationship": "Outer",
                                                        "Parallel Aware": true,
                                                        "Relation Name": "title",
                                                        "Schema": "public",
                                                        "Alias": "t",
                                                        "Startup Cost": 0.0,
                                                        "Total Cost": 45479.21,
                                                        "Plan Rows": 16268,
                                                        "Plan Width": 4,
                                                        "Actual Startup Time": 0.185,
                                                        "Actual Total Time": 77.268,
                                                        "Actual Rows": 8984,
                                                        "Actual Loops": 6,
                                                        "Output": [
                                                            "t.id"
                                                        ],
                                                        "Filter": "((t.kind_id < 7) AND (t.production_year = 2012))",
                                                        "Rows Removed by Filter": 412401,
                                                        "Workers": [
                                                            {
                                                                "Worker Number": 0,
                                                                "Actual Startup Time": 0.075,
                                                                "Actual Total Time": 75.688,
                                                                "Actual Rows": 9690,
                                                                "Actual Loops": 1
                                                            },
                                                            {
                                                                "Worker Number": 1,
                                                                "Actual Startup Time": 0.322,
                                                                "Actual Total Time": 75.844,
                                                                "Actual Rows": 6800,
                                                                "Actual Loops": 1
                                                            },
                                                            {
                                                                "Worker Number": 2,
                                                                "Actual Startup Time": 0.357,
                                                                "Actual Total Time": 76.056,
                                                                "Actual Rows": 8790,
                                                                "Actual Loops": 1
                                                            },
                                                            {
                                                                "Worker Number": 3,
                                                                "Actual Startup Time": 0.224,
                                                                "Actual Total Time": 76.106,
                                                                "Actual Rows": 8039,
                                                                "Actual Loops": 1
                                                            },
                                                            {
                                                                "Worker Number": 4,
                                                                "Actual Startup Time": 0.071,
                                                                "Actual Total Time": 77.045,
                                                                "Actual Rows": 6638,
                                                                "Actual Loops": 1
                                                            }
                                                        ]
                                                    }
                                                ]
                                            }
                                        ]
                                    },
                                    {
                                        "Node Type": "Index Scan",
                                        "Parent Relationship": "Inner",
                                        "Parallel Aware": false,
                                        "Scan Direction": "Forward",
                                        "Index Name": "movie_id_cast_info",
                                        "Relation Name": "cast_info",
                                        "Schema": "public",
                                        "Alias": "ci",
                                        "Startup Cost": 0.56,
                                        "Total Cost": 1.53,
                                        "Plan Rows": 25,
                                        "Plan Width": 4,
                                        "Actual Startup Time": 0.017,
                                        "Actual Total Time": 0.04,
                                        "Actual Rows": 31,
                                        "Actual Loops": 215589,
                                        "Output": [
                                            "ci.id",
                                            "ci.person_id",
                                            "ci.movie_id",
                                            "ci.person_role_id",
                                            "ci.note",
                                            "ci.nr_order",
                                            "ci.role_id"
                                        ],
                                        "Index Cond": "(ci.movie_id = mi.movie_id)",
                                        "Rows Removed by Index Recheck": 0,
                                        "Filter": "(ci.role_id > 1)",
                                        "Rows Removed by Filter": 13,
                                        "Workers": [
                                            {
                                                "Worker Number": 0,
                                                "Actual Startup Time": 0.015,
                                                "Actual Total Time": 0.036,
                                                "Actual Rows": 31,
                                                "Actual Loops": 40214
                                            },
                                            {
                                                "Worker Number": 1,
                                                "Actual Startup Time": 0.021,
                                                "Actual Total Time": 0.05,
                                                "Actual Rows": 30,
                                                "Actual Loops": 28560
                                            },
                                            {
                                                "Worker Number": 2,
                                                "Actual Startup Time": 0.018,
                                                "Actual Total Time": 0.042,
                                                "Actual Rows": 31,
                                                "Actual Loops": 34957
                                            },
                                            {
                                                "Worker Number": 3,
                                                "Actual Startup Time": 0.017,
                                                "Actual Total Time": 0.042,
                                                "Actual Rows": 32,
                                                "Actual Loops": 35231
                                            },
                                            {
                                                "Worker Number": 4,
                                                "Actual Startup Time": 0.021,
                                                "Actual Total Time": 0.051,
                                                "Actual Rows": 30,
                                                "Actual Loops": 27807
                                            }
                                        ]
                                    }
                                ]
                            }
                        ]
                    }
                ]
            }
        ]
    },
    "Planning Time": 1.605,
    "Triggers": [],
    "Execution Time": 2293.721
}