[
  {
    "Plan": {
      "Node Type": "Aggregate",
      "Strategy": "Plain",
      "Partial Mode": "Finalize",
      "Parallel Aware": false,
      "Startup Cost": 154287.66,
      "Total Cost": 154287.67,
      "Plan Rows": 1,
      "Plan Width": 8,
      "Actual Startup Time": 166.778,
      "Actual Total Time": 179.78,
      "Actual Rows": 1,
      "Actual Loops": 1,
      "Plans": [
        {
          "Node Type": "Gather",
          "Parent Relationship": "Outer",
          "Parallel Aware": false,
          "Startup Cost": 154287.24,
          "Total Cost": 154287.65,
          "Plan Rows": 4,
          "Plan Width": 8,
          "Actual Startup Time": 166.623,
          "Actual Total Time": 179.771,
          "Actual Rows": 5,
          "Actual Loops": 1,
          "Workers Planned": 4,
          "Workers Launched": 4,
          "Single Copy": false,
          "Plans": [
            {
              "Node Type": "Aggregate",
              "Strategy": "Plain",
              "Partial Mode": "Partial",
              "Parent Relationship": "Outer",
              "Parallel Aware": false,
              "Startup Cost": 153287.24,
              "Total Cost": 153287.25,
              "Plan Rows": 1,
              "Plan Width": 8,
              "Actual Startup Time": 156.29,
              "Actual Total Time": 156.292,
              "Actual Rows": 1,
              "Actual Loops": 5,
              "Plans": [
                {
                  "Node Type": "Nested Loop",
                  "Parent Relationship": "Outer",
                  "Parallel Aware": false,
                  "Join Type": "Inner",
                  "Startup Cost": 903.03,
                  "Total Cost": 153278.82,
                  "Plan Rows": 3368,
                  "Plan Width": 0,
                  "Actual Startup Time": 4.178,
                  "Actual Total Time": 147.185,
                  "Actual Rows": 202496,
                  "Actual Loops": 5,
                  "Inner Unique": false,
                  "Plans": [
                    {
                      "Node Type": "Nested Loop",
                      "Parent Relationship": "Outer",
                      "Parallel Aware": false,
                      "Join Type": "Inner",
                      "Startup Cost": 902.6,
                      "Total Cost": 150869.23,
                      "Plan Rows": 3264,
                      "Plan Width": 8,
                      "Actual Startup Time": 3.956,
                      "Actual Total Time": 53.892,
                      "Actual Rows": 9992,
                      "Actual Loops": 5,
                      "Inner Unique": true,
                      "Plans": [
                        {
                          "Node Type": "Bitmap Heap Scan",
                          "Parent Relationship": "Outer",
                          "Parallel Aware": true,
                          "Relation Name": "movie_info",
                          "Alias": "mi",
                          "Startup Cost": 902.17,
                          "Total Cost": 106838.88,
                          "Plan Rows": 12443,
                          "Plan Width": 4,
                          "Actual Startup Time": 3.772,
                          "Actual Total Time": 10.336,
                          "Actual Rows": 10053,
                          "Actual Loops": 5,
                          "Recheck Cond": "(info_type_id > 107)",
                          "Rows Removed by Index Recheck": 0,
                          "Exact Heap Blocks": 1210,
                          "Lossy Heap Blocks": 0,
                          "Plans": [
                            {
                              "Node Type": "Bitmap Index Scan",
                              "Parent Relationship": "Outer",
                              "Parallel Aware": false,
                              "Index Name": "info_type_id_movie_info",
                              "Startup Cost": 0.0,
                              "Total Cost": 889.72,
                              "Plan Rows": 49772,
                              "Plan Width": 0,
                              "Actual Startup Time": 10.991,
                              "Actual Total Time": 10.991,
                              "Actual Rows": 50267,
                              "Actual Loops": 1,
                              "Index Cond": "(info_type_id > 107)"
                            }
                          ]
                        },
                        {
                          "Node Type": "Index Scan",
                          "Parent Relationship": "Inner",
                          "Parallel Aware": false,
                          "Scan Direction": "Forward",
                          "Index Name": "title_pkey",
                          "Relation Name": "title",
                          "Alias": "t",
                          "Startup Cost": 0.43,
                          "Total Cost": 3.54,
                          "Plan Rows": 1,
                          "Plan Width": 4,
                          "Actual Startup Time": 0.004,
                          "Actual Total Time": 0.004,
                          "Actual Rows": 1,
                          "Actual Loops": 50267,
                          "Index Cond": "(id = mi.movie_id)",
                          "Rows Removed by Index Recheck": 0,
                          "Filter": "(kind_id = 1)",
                          "Rows Removed by Filter": 0
                        }
                      ]
                    },
                    {
                      "Node Type": "Index Only Scan",
                      "Parent Relationship": "Inner",
                      "Parallel Aware": false,
                      "Scan Direction": "Forward",
                      "Index Name": "movie_id_movie_companies",
                      "Relation Name": "movie_companies",
                      "Alias": "mc",
                      "Startup Cost": 0.43,
                      "Total Cost": 0.69,
                      "Plan Rows": 5,
                      "Plan Width": 4,
                      "Actual Startup Time": 0.004,
                      "Actual Total Time": 0.008,
                      "Actual Rows": 20,
                      "Actual Loops": 49959,
                      "Index Cond": "(movie_id = t.id)",
                      "Rows Removed by Index Recheck": 0,
                      "Heap Fetches": 1012479
                    }
                  ]
                }
              ]
            }
          ]
        }
      ]
    },
    "Planning Time": 1.498,
    "Triggers": [],
    "Execution Time": 179.884
  }
]