[
  {
    "Plan": {
      "Node Type": "Aggregate",
      "Strategy": "Plain",
      "Partial Mode": "Simple",
      "Parallel Aware": false,
      "Startup Cost": 1059.77,
      "Total Cost": 1059.78,
      "Plan Rows": 1,
      "Plan Width": 8,
      "Actual Startup Time": 0.652,
      "Actual Total Time": 0.654,
      "Actual Rows": 1,
      "Actual Loops": 1,
      "Plans": [
        {
          "Node Type": "Index Scan",
          "Parent Relationship": "Outer",
          "Parallel Aware": false,
          "Scan Direction": "Forward",
          "Index Name": "person_id_cast_info",
          "Relation Name": "cast_info",
          "Alias": "ci",
          "Startup Cost": 0.56,
          "Total Cost": 1059.67,
          "Plan Rows": 39,
          "Plan Width": 0,
          "Actual Startup Time": 0.631,
          "Actual Total Time": 0.644,
          "Actual Rows": 4,
          "Actual Loops": 1,
          "Index Cond": "(person_id = 853674)",
          "Rows Removed by Index Recheck": 0,
          "Filter": "(role_id = 4)",
          "Rows Removed by Filter": 29
        }
      ]
    },
    "Planning Time": 0.217,
    "Triggers": [],
    "Execution Time": 0.708
  }
]