[
  {
    "Plan": {
      "Node Type": "Aggregate",
      "Strategy": "Plain",
      "Partial Mode": "Finalize",
      "Parallel Aware": false,
      "Startup Cost": 208092.09,
      "Total Cost": 208092.1,
      "Plan Rows": 1,
      "Plan Width": 8,
      "Actual Startup Time": 159.852,
      "Actual Total Time": 190.681,
      "Actual Rows": 1,
      "Actual Loops": 1,
      "Plans": [
        {
          "Node Type": "Gather",
          "Parent Relationship": "Outer",
          "Parallel Aware": false,
          "Startup Cost": 208091.67,
          "Total Cost": 208092.08,
          "Plan Rows": 4,
          "Plan Width": 8,
          "Actual Startup Time": 159.474,
          "Actual Total Time": 190.674,
          "Actual Rows": 5,
          "Actual Loops": 1,
          "Workers Planned": 4,
          "Workers Launched": 4,
          "Single Copy": false,
          "Plans": [
            {
              "Node Type": "Aggregate",
              "Strategy": "Plain",
              "Partial Mode": "Partial",
              "Parent Relationship": "Outer",
              "Parallel Aware": false,
              "Startup Cost": 207091.67,
              "Total Cost": 207091.68,
              "Plan Rows": 1,
              "Plan Width": 8,
              "Actual Startup Time": 153.302,
              "Actual Total Time": 153.303,
              "Actual Rows": 1,
              "Actual Loops": 5,
              "Plans": [
                {
                  "Node Type": "Nested Loop",
                  "Parent Relationship": "Outer",
                  "Parallel Aware": false,
                  "Join Type": "Inner",
                  "Startup Cost": 0.56,
                  "Total Cost": 207088.33,
                  "Plan Rows": 1338,
                  "Plan Width": 0,
                  "Actual Startup Time": 55.254,
                  "Actual Total Time": 153.11,
                  "Actual Rows": 1858,
                  "Actual Loops": 5,
                  "Inner Unique": false,
                  "Plans": [
                    {
                      "Node Type": "Seq Scan",
                      "Parent Relationship": "Outer",
                      "Parallel Aware": true,
                      "Relation Name": "title",
                      "Alias": "t",
                      "Startup Cost": 0.0,
                      "Total Cost": 45479.1,
                      "Plan Rows": 1492,
                      "Plan Width": 4,
                      "Actual Startup Time": 54.785,
                      "Actual Total Time": 75.37,
                      "Actual Rows": 1092,
                      "Actual Loops": 5,
                      "Filter": "((kind_id = 1) AND (production_year = 1990))",
                      "Rows Removed by Filter": 504570
                    },
                    {
                      "Node Type": "Index Scan",
                      "Parent Relationship": "Inner",
                      "Parallel Aware": false,
                      "Scan Direction": "Forward",
                      "Index Name": "movie_id_cast_info",
                      "Relation Name": "cast_info",
                      "Alias": "ci",
                      "Startup Cost": 0.56,
                      "Total Cost": 108.3,
                      "Plan Rows": 2,
                      "Plan Width": 4,
                      "Actual Startup Time": 0.063,
                      "Actual Total Time": 0.071,
                      "Actual Rows": 2,
                      "Actual Loops": 5461,
                      "Index Cond": "(movie_id = t.id)",
                      "Rows Removed by Index Recheck": 0,
                      "Filter": "((person_id > 3453565) AND (role_id > 1))",
                      "Rows Removed by Filter": 16
                    }
                  ]
                }
              ]
            }
          ]
        }
      ]
    },
    "Planning Time": 0.714,
    "Triggers": [],
    "Execution Time": 190.767
  }
]