[
  {
    "Plan": {
      "Node Type": "Aggregate",
      "Strategy": "Plain",
      "Partial Mode": "Finalize",
      "Parallel Aware": false,
      "Startup Cost": 32752.36,
      "Total Cost": 32752.37,
      "Plan Rows": 1,
      "Plan Width": 8,
      "Actual Startup Time": 96.338,
      "Actual Total Time": 104.174,
      "Actual Rows": 1,
      "Actual Loops": 1,
      "Plans": [
        {
          "Node Type": "Gather",
          "Parent Relationship": "Outer",
          "Parallel Aware": false,
          "Startup Cost": 32752.04,
          "Total Cost": 32752.35,
          "Plan Rows": 3,
          "Plan Width": 8,
          "Actual Startup Time": 96.247,
          "Actual Total Time": 104.168,
          "Actual Rows": 4,
          "Actual Loops": 1,
          "Workers Planned": 3,
          "Workers Launched": 3,
          "Single Copy": false,
          "Plans": [
            {
              "Node Type": "Aggregate",
              "Strategy": "Plain",
              "Partial Mode": "Partial",
              "Parent Relationship": "Outer",
              "Parallel Aware": false,
              "Startup Cost": 31752.04,
              "Total Cost": 31752.05,
              "Plan Rows": 1,
              "Plan Width": 8,
              "Actual Startup Time": 87.859,
              "Actual Total Time": 87.86,
              "Actual Rows": 1,
              "Actual Loops": 4,
              "Plans": [
                {
                  "Node Type": "Seq Scan",
                  "Parent Relationship": "Outer",
                  "Parallel Aware": true,
                  "Relation Name": "movie_companies",
                  "Alias": "mc",
                  "Startup Cost": 0.0,
                  "Total Cost": 31414.82,
                  "Plan Rows": 134890,
                  "Plan Width": 0,
                  "Actual Startup Time": 47.85,
                  "Actual Total Time": 80.478,
                  "Actual Rows": 187232,
                  "Actual Loops": 4,
                  "Filter": "((company_id > 26569) AND (company_type_id = 2))",
                  "Rows Removed by Filter": 465050
                }
              ]
            }
          ]
        }
      ]
    },
    "Planning Time": 0.189,
    "Triggers": [],
    "Execution Time": 104.225
  }
]