{
  "Plan": {
    "Node Type": "Aggregate",
    "Strategy": "Plain",
    "Partial Mode": "Finalize",
    "Parallel Aware": false,
    "Startup Cost": 80202.07,
    "Total Cost": 80202.08,
    "Plan Rows": 1,
    "Plan Width": 8,
    "Actual Startup Time": 80.19,
    "Actual Total Time": 93.437,
    "Actual Rows": 1,
    "Actual Loops": 1,
    "Plans": [
      {
        "Node Type": "Gather",
        "Parent Relationship": "Outer",
        "Parallel Aware": false,
        "Startup Cost": 80201.96,
        "Total Cost": 80202.07,
        "Plan Rows": 1,
        "Plan Width": 8,
        "Actual Startup Time": 80.066,
        "Actual Total Time": 93.431,
        "Actual Rows": 2,
        "Actual Loops": 1,
        "Workers Planned": 1,
        "Workers Launched": 1,
        "Single Copy": false,
        "Plans": [
          {
            "Node Type": "Aggregate",
            "Strategy": "Plain",
            "Partial Mode": "Partial",
            "Parent Relationship": "Outer",
            "Parallel Aware": false,
            "Startup Cost": 79201.96,
            "Total Cost": 79201.97,
            "Plan Rows": 1,
            "Plan Width": 8,
            "Actual Startup Time": 73.905,
            "Actual Total Time": 73.907,
            "Actual Rows": 1,
            "Actual Loops": 2,
            "Plans": [
              {
                "Node Type": "Nested Loop",
                "Parent Relationship": "Outer",
                "Parallel Aware": false,
                "Join Type": "Inner",
                "Startup Cost": 290.48,
                "Total Cost": 79148.21,
                "Plan Rows": 21498,
                "Plan Width": 0,
                "Actual Startup Time": 6.881,
                "Actual Total Time": 73.019,
                "Actual Rows": 8750,
                "Actual Loops": 2,
                "Inner Unique": false,
                "Plans": [
                  {
                    "Node Type": "Nested Loop",
                    "Parent Relationship": "Outer",
                    "Parallel Aware": false,
                    "Join Type": "Inner",
                    "Startup Cost": 290.05,
                    "Total Cost": 70573.13,
                    "Plan Rows": 3676,
                    "Plan Width": 8,
                    "Actual Startup Time": 6.77,
                    "Actual Total Time": 55.365,
                    "Actual Rows": 1222,
                    "Actual Loops": 2,
                    "Inner Unique": true,
                    "Plans": [
                      {
                        "Node Type": "Bitmap Heap Scan",
                        "Parent Relationship": "Outer",
                        "Parallel Aware": true,
                        "Relation Name": "movie_keyword",
                        "Alias": "mk",
                        "Startup Cost": 289.62,
                        "Total Cost": 21877.72,
                        "Plan Rows": 7984,
                        "Plan Width": 4,
                        "Actual Startup Time": 6.563,
                        "Actual Total Time": 20.044,
                        "Actual Rows": 6322,
                        "Actual Loops": 2,
                        "Recheck Cond": "(keyword_id = 245)",
                        "Rows Removed by Index Recheck": 0,
                        "Exact Heap Blocks": 6612,
                        "Lossy Heap Blocks": 0,
                        "Plans": [
                          {
                            "Node Type": "Bitmap Index Scan",
                            "Parent Relationship": "Outer",
                            "Parallel Aware": false,
                            "Index Name": "keyword_id_movie_keyword",
                            "Startup Cost": 0.0,
                            "Total Cost": 286.22,
                            "Plan Rows": 13572,
                            "Plan Width": 0,
                            "Actual Startup Time": 7.665,
                            "Actual Total Time": 7.666,
                            "Actual Rows": 12645,
                            "Actual Loops": 1,
                            "Index Cond": "(keyword_id = 245)"
                          }
                        ]
                      },
                      {
                        "Node Type": "Index Scan",
                        "Parent Relationship": "Inner",
                        "Parallel Aware": false,
                        "Scan Direction": "Forward",
                        "Index Name": "title_pkey",
                        "Relation Name": "title",
                        "Alias": "t",
                        "Startup Cost": 0.43,
                        "Total Cost": 6.1,
                        "Plan Rows": 1,
                        "Plan Width": 4,
                        "Actual Startup Time": 0.005,
                        "Actual Total Time": 0.005,
                        "Actual Rows": 0,
                        "Actual Loops": 12645,
                        "Index Cond": "(id = mk.movie_id)",
                        "Rows Removed by Index Recheck": 0,
                        "Filter": "((production_year > 1982) AND (kind_id = 7))",
                        "Rows Removed by Filter": 1
                      }
                    ]
                  },
                  {
                    "Node Type": "Index Only Scan",
                    "Parent Relationship": "Inner",
                    "Parallel Aware": false,
                    "Scan Direction": "Forward",
                    "Index Name": "movie_id_movie_info",
                    "Relation Name": "movie_info",
                    "Alias": "mi",
                    "Startup Cost": 0.43,
                    "Total Cost": 1.91,
                    "Plan Rows": 42,
                    "Plan Width": 4,
                    "Actual Startup Time": 0.005,
                    "Actual Total Time": 0.013,
                    "Actual Rows": 7,
                    "Actual Loops": 2445,
                    "Index Cond": "(movie_id = t.id)",
                    "Rows Removed by Index Recheck": 0,
                    "Heap Fetches": 17499
                  }
                ]
              }
            ]
          }
        ]
      }
    ]
  },
  "Planning Time": 1.032,
  "Triggers": [],
  "Execution Time": 93.536
}