[
  {
    "Plan": {
      "Node Type": "Aggregate",
      "Strategy": "Plain",
      "Partial Mode": "Finalize",
      "Parallel Aware": false,
      "Startup Cost": 31423.39,
      "Total Cost": 31423.4,
      "Plan Rows": 1,
      "Plan Width": 8,
      "Actual Startup Time": 102.673,
      "Actual Total Time": 110.881,
      "Actual Rows": 1,
      "Actual Loops": 1,
      "Plans": [
        {
          "Node Type": "Gather",
          "Parent Relationship": "Outer",
          "Parallel Aware": false,
          "Startup Cost": 31423.07,
          "Total Cost": 31423.38,
          "Plan Rows": 3,
          "Plan Width": 8,
          "Actual Startup Time": 102.489,
          "Actual Total Time": 110.874,
          "Actual Rows": 4,
          "Actual Loops": 1,
          "Workers Planned": 3,
          "Workers Launched": 3,
          "Single Copy": false,
          "Plans": [
            {
              "Node Type": "Aggregate",
              "Strategy": "Plain",
              "Partial Mode": "Partial",
              "Parent Relationship": "Outer",
              "Parallel Aware": false,
              "Startup Cost": 30423.07,
              "Total Cost": 30423.08,
              "Plan Rows": 1,
              "Plan Width": 8,
              "Actual Startup Time": 96.381,
              "Actual Total Time": 96.382,
              "Actual Rows": 1,
              "Actual Loops": 4,
              "Plans": [
                {
                  "Node Type": "Seq Scan",
                  "Parent Relationship": "Outer",
                  "Parallel Aware": true,
                  "Relation Name": "movie_companies",
                  "Alias": "mc",
                  "Startup Cost": 0.0,
                  "Total Cost": 29310.68,
                  "Plan Rows": 444956,
                  "Plan Width": 0,
                  "Actual Startup Time": 20.984,
                  "Actual Total Time": 81.106,
                  "Actual Rows": 347489,
                  "Actual Loops": 4,
                  "Filter": "(company_id > 11137)",
                  "Rows Removed by Filter": 304794
                }
              ]
            }
          ]
        }
      ]
    },
    "Planning Time": 0.239,
    "Triggers": [],
    "Execution Time": 110.975
  }
]