[
  {
    "Plan": {
      "Node Type": "Aggregate",
      "Strategy": "Plain",
      "Partial Mode": "Finalize",
      "Parallel Aware": false,
      "Startup Cost": 46164.05,
      "Total Cost": 46164.06,
      "Plan Rows": 1,
      "Plan Width": 8,
      "Actual Startup Time": 161.82,
      "Actual Total Time": 171.576,
      "Actual Rows": 1,
      "Actual Loops": 1,
      "Plans": [
        {
          "Node Type": "Gather",
          "Parent Relationship": "Outer",
          "Parallel Aware": false,
          "Startup Cost": 46163.73,
          "Total Cost": 46164.04,
          "Plan Rows": 3,
          "Plan Width": 8,
          "Actual Startup Time": 161.712,
          "Actual Total Time": 171.567,
          "Actual Rows": 4,
          "Actual Loops": 1,
          "Workers Planned": 3,
          "Workers Launched": 3,
          "Single Copy": false,
          "Plans": [
            {
              "Node Type": "Aggregate",
              "Strategy": "Plain",
              "Partial Mode": "Partial",
              "Parent Relationship": "Outer",
              "Parallel Aware": false,
              "Startup Cost": 45163.73,
              "Total Cost": 45163.74,
              "Plan Rows": 1,
              "Plan Width": 8,
              "Actual Startup Time": 156.938,
              "Actual Total Time": 156.94,
              "Actual Rows": 1,
              "Actual Loops": 4,
              "Plans": [
                {
                  "Node Type": "Seq Scan",
                  "Parent Relationship": "Outer",
                  "Parallel Aware": true,
                  "Relation Name": "movie_keyword",
                  "Alias": "mk",
                  "Startup Cost": 0.0,
                  "Total Cost": 42695.65,
                  "Plan Rows": 987231,
                  "Plan Width": 0,
                  "Actual Startup Time": 0.224,
                  "Actual Total Time": 121.814,
                  "Actual Rows": 761748,
                  "Actual Loops": 4,
                  "Filter": "(keyword_id > 2107)",
                  "Rows Removed by Filter": 369235
                }
              ]
            }
          ]
        }
      ]
    },
    "Planning Time": 0.114,
    "Triggers": [],
    "Execution Time": 171.616
  }
]