[
    {
        "Bao": {
            "Bao prediction": "NaN",
            "Bao recommended hint": "(no hint)"
        }
    },
    {
        "Plan": {
            "Node Type": "Aggregate",
            "Strategy": "Plain",
            "Partial Mode": "Finalize",
            "Parallel Aware": false,
            "Startup Cost": 346543.66,
            "Total Cost": 346543.67,
            "Plan Rows": 1,
            "Plan Width": 8,
            "Actual Startup Time": 652.612,
            "Actual Total Time": 682.845,
            "Actual Rows": 1,
            "Actual Loops": 1,
            "Output": [
                "count(*)"
            ],
            "Plans": [
                {
                    "Node Type": "Gather",
                    "Parent Relationship": "Outer",
                    "Parallel Aware": false,
                    "Startup Cost": 346543.04,
                    "Total Cost": 346543.65,
                    "Plan Rows": 6,
                    "Plan Width": 8,
                    "Actual Startup Time": 652.518,
                    "Actual Total Time": 682.835,
                    "Actual Rows": 7,
                    "Actual Loops": 1,
                    "Output": [
                        "(PARTIAL count(*))"
                    ],
                    "Workers Planned": 6,
                    "Workers Launched": 6,
                    "Single Copy": false,
                    "Plans": [
                        {
                            "Node Type": "Aggregate",
                            "Strategy": "Plain",
                            "Partial Mode": "Partial",
                            "Parent Relationship": "Outer",
                            "Parallel Aware": false,
                            "Startup Cost": 345543.04,
                            "Total Cost": 345543.05,
                            "Plan Rows": 1,
                            "Plan Width": 8,
                            "Actual Startup Time": 642.985,
                            "Actual Total Time": 642.986,
                            "Actual Rows": 1,
                            "Actual Loops": 7,
                            "Output": [
                                "PARTIAL count(*)"
                            ],
                            "Workers": [
                                {
                                    "Worker Number": 0,
                                    "Actual Startup Time": 640.691,
                                    "Actual Total Time": 640.692,
                                    "Actual Rows": 1,
                                    "Actual Loops": 1
                                },
                                {
                                    "Worker Number": 1,
                                    "Actual Startup Time": 641.207,
                                    "Actual Total Time": 641.208,
                                    "Actual Rows": 1,
                                    "Actual Loops": 1
                                },
                                {
                                    "Worker Number": 2,
                                    "Actual Startup Time": 641.354,
                                    "Actual Total Time": 641.355,
                                    "Actual Rows": 1,
                                    "Actual Loops": 1
                                },
                                {
                                    "Worker Number": 3,
                                    "Actual Startup Time": 641.444,
                                    "Actual Total Time": 641.446,
                                    "Actual Rows": 1,
                                    "Actual Loops": 1
                                },
                                {
                                    "Worker Number": 4,
                                    "Actual Startup Time": 641.798,
                                    "Actual Total Time": 641.8,
                                    "Actual Rows": 1,
                                    "Actual Loops": 1
                                },
                                {
                                    "Worker Number": 5,
                                    "Actual Startup Time": 642.213,
                                    "Actual Total Time": 642.214,
                                    "Actual Rows": 1,
                                    "Actual Loops": 1
                                }
                            ],
                            "Plans": [
                                {
                                    "Node Type": "Seq Scan",
                                    "Parent Relationship": "Outer",
                                    "Parallel Aware": true,
                                    "Relation Name": "cast_info",
                                    "Schema": "public",
                                    "Alias": "ci",
                                    "Startup Cost": 0.0,
                                    "Total Cost": 343318.94,
                                    "Plan Rows": 889640,
                                    "Plan Width": 0,
                                    "Actual Startup Time": 337.889,
                                    "Actual Total Time": 588.701,
                                    "Actual Rows": 1174497,
                                    "Actual Loops": 7,
                                    "Output": [
                                        "id",
                                        "person_id",
                                        "movie_id",
                                        "person_role_id",
                                        "note",
                                        "nr_order",
                                        "role_id"
                                    ],
                                    "Filter": "((ci.person_id > 2860291) AND (ci.role_id > 1))",
                                    "Rows Removed by Filter": 4003266,
                                    "Workers": [
                                        {
                                            "Worker Number": 0,
                                            "Actual Startup Time": 335.595,
                                            "Actual Total Time": 588.576,
                                            "Actual Rows": 1256551,
                                            "Actual Loops": 1
                                        },
                                        {
                                            "Worker Number": 1,
                                            "Actual Startup Time": 336.099,
                                            "Actual Total Time": 589.533,
                                            "Actual Rows": 1254452,
                                            "Actual Loops": 1
                                        },
                                        {
                                            "Worker Number": 2,
                                            "Actual Startup Time": 336.248,
                                            "Actual Total Time": 589.271,
                                            "Actual Rows": 1261022,
                                            "Actual Loops": 1
                                        },
                                        {
                                            "Worker Number": 3,
                                            "Actual Startup Time": 336.35,
                                            "Actual Total Time": 587.279,
                                            "Actual Rows": 808788,
                                            "Actual Loops": 1
                                        },
                                        {
                                            "Worker Number": 4,
                                            "Actual Startup Time": 336.717,
                                            "Actual Total Time": 589.347,
                                            "Actual Rows": 1270462,
                                            "Actual Loops": 1
                                        },
                                        {
                                            "Worker Number": 5,
                                            "Actual Startup Time": 337.121,
                                            "Actual Total Time": 588.264,
                                            "Actual Rows": 766169,
                                            "Actual Loops": 1
                                        }
                                    ]
                                }
                            ]
                        }
                    ]
                }
            ]
        },
        "Planning Time": 189.296,
        "Triggers": [],
        "Execution Time": 682.901
    }
]