[
    {
        "Bao": {
            "Bao prediction": "NaN",
            "Bao recommended hint": "(no hint)"
        }
    },
    {
        "Plan": {
            "Node Type": "Aggregate",
            "Strategy": "Plain",
            "Partial Mode": "Finalize",
            "Parallel Aware": false,
            "Startup Cost": 203880.3,
            "Total Cost": 203880.31,
            "Plan Rows": 1,
            "Plan Width": 8,
            "Actual Startup Time": 368.016,
            "Actual Total Time": 380.68,
            "Actual Rows": 1,
            "Actual Loops": 1,
            "Output": [
                "count(*)"
            ],
            "Plans": [
                {
                    "Node Type": "Gather",
                    "Parent Relationship": "Outer",
                    "Parallel Aware": false,
                    "Startup Cost": 203879.68,
                    "Total Cost": 203880.29,
                    "Plan Rows": 6,
                    "Plan Width": 8,
                    "Actual Startup Time": 367.87,
                    "Actual Total Time": 380.672,
                    "Actual Rows": 7,
                    "Actual Loops": 1,
                    "Output": [
                        "(PARTIAL count(*))"
                    ],
                    "Workers Planned": 6,
                    "Workers Launched": 6,
                    "Single Copy": false,
                    "Plans": [
                        {
                            "Node Type": "Aggregate",
                            "Strategy": "Plain",
                            "Partial Mode": "Partial",
                            "Parent Relationship": "Outer",
                            "Parallel Aware": false,
                            "Startup Cost": 202879.68,
                            "Total Cost": 202879.69,
                            "Plan Rows": 1,
                            "Plan Width": 8,
                            "Actual Startup Time": 356.989,
                            "Actual Total Time": 356.991,
                            "Actual Rows": 1,
                            "Actual Loops": 7,
                            "Output": [
                                "PARTIAL count(*)"
                            ],
                            "Workers": [
                                {
                                    "Worker Number": 0,
                                    "Actual Startup Time": 354.446,
                                    "Actual Total Time": 354.448,
                                    "Actual Rows": 1,
                                    "Actual Loops": 1
                                },
                                {
                                    "Worker Number": 1,
                                    "Actual Startup Time": 354.448,
                                    "Actual Total Time": 354.449,
                                    "Actual Rows": 1,
                                    "Actual Loops": 1
                                },
                                {
                                    "Worker Number": 2,
                                    "Actual Startup Time": 355.437,
                                    "Actual Total Time": 355.438,
                                    "Actual Rows": 1,
                                    "Actual Loops": 1
                                },
                                {
                                    "Worker Number": 3,
                                    "Actual Startup Time": 355.603,
                                    "Actual Total Time": 355.604,
                                    "Actual Rows": 1,
                                    "Actual Loops": 1
                                },
                                {
                                    "Worker Number": 4,
                                    "Actual Startup Time": 355.46,
                                    "Actual Total Time": 355.461,
                                    "Actual Rows": 1,
                                    "Actual Loops": 1
                                },
                                {
                                    "Worker Number": 5,
                                    "Actual Startup Time": 356.341,
                                    "Actual Total Time": 356.342,
                                    "Actual Rows": 1,
                                    "Actual Loops": 1
                                }
                            ],
                            "Plans": [
                                {
                                    "Node Type": "Index Scan",
                                    "Parent Relationship": "Outer",
                                    "Parallel Aware": true,
                                    "Scan Direction": "Forward",
                                    "Index Name": "role_id_cast_info",
                                    "Relation Name": "cast_info",
                                    "Schema": "public",
                                    "Alias": "ci",
                                    "Startup Cost": 0.56,
                                    "Total Cost": 200814.65,
                                    "Plan Rows": 826010,
                                    "Plan Width": 0,
                                    "Actual Startup Time": 0.22,
                                    "Actual Total Time": 288.215,
                                    "Actual Rows": 1064286,
                                    "Actual Loops": 7,
                                    "Output": [
                                        "id",
                                        "person_id",
                                        "movie_id",
                                        "person_role_id",
                                        "note",
                                        "nr_order",
                                        "role_id"
                                    ],
                                    "Index Cond": "(ci.role_id = 2)",
                                    "Rows Removed by Index Recheck": 0,
                                    "Filter": "(ci.person_id > 1207479)",
                                    "Rows Removed by Filter": 281,
                                    "Workers": [
                                        {
                                            "Worker Number": 0,
                                            "Actual Startup Time": 0.241,
                                            "Actual Total Time": 285.521,
                                            "Actual Rows": 971641,
                                            "Actual Loops": 1
                                        },
                                        {
                                            "Worker Number": 1,
                                            "Actual Startup Time": 0.22,
                                            "Actual Total Time": 285.561,
                                            "Actual Rows": 971554,
                                            "Actual Loops": 1
                                        },
                                        {
                                            "Worker Number": 2,
                                            "Actual Startup Time": 0.592,
                                            "Actual Total Time": 286.708,
                                            "Actual Rows": 970995,
                                            "Actual Loops": 1
                                        },
                                        {
                                            "Worker Number": 3,
                                            "Actual Startup Time": 0.132,
                                            "Actual Total Time": 286.835,
                                            "Actual Rows": 968469,
                                            "Actual Loops": 1
                                        },
                                        {
                                            "Worker Number": 4,
                                            "Actual Startup Time": 0.199,
                                            "Actual Total Time": 286.352,
                                            "Actual Rows": 974147,
                                            "Actual Loops": 1
                                        },
                                        {
                                            "Worker Number": 5,
                                            "Actual Startup Time": 0.115,
                                            "Actual Total Time": 287.558,
                                            "Actual Rows": 969530,
                                            "Actual Loops": 1
                                        }
                                    ]
                                }
                            ]
                        }
                    ]
                }
            ]
        },
        "Planning Time": 211.441,
        "Triggers": [],
        "Execution Time": 380.771
    }
]