[
    {
        "Bao": {
            "Bao prediction": "NaN",
            "Bao recommended hint": "(no hint)"
        }
    },
    {
        "Plan": {
            "Node Type": "Aggregate",
            "Strategy": "Plain",
            "Partial Mode": "Finalize",
            "Parallel Aware": false,
            "Startup Cost": 32906.11,
            "Total Cost": 32906.12,
            "Plan Rows": 1,
            "Plan Width": 8,
            "Actual Startup Time": 105.745,
            "Actual Total Time": 112.506,
            "Actual Rows": 1,
            "Actual Loops": 1,
            "Output": [
                "count(*)"
            ],
            "Plans": [
                {
                    "Node Type": "Gather",
                    "Parent Relationship": "Outer",
                    "Parallel Aware": false,
                    "Startup Cost": 32905.8,
                    "Total Cost": 32906.11,
                    "Plan Rows": 3,
                    "Plan Width": 8,
                    "Actual Startup Time": 105.662,
                    "Actual Total Time": 112.498,
                    "Actual Rows": 4,
                    "Actual Loops": 1,
                    "Output": [
                        "(PARTIAL count(*))"
                    ],
                    "Workers Planned": 3,
                    "Workers Launched": 3,
                    "Single Copy": false,
                    "Plans": [
                        {
                            "Node Type": "Aggregate",
                            "Strategy": "Plain",
                            "Partial Mode": "Partial",
                            "Parent Relationship": "Outer",
                            "Parallel Aware": false,
                            "Startup Cost": 31905.8,
                            "Total Cost": 31905.81,
                            "Plan Rows": 1,
                            "Plan Width": 8,
                            "Actual Startup Time": 96.593,
                            "Actual Total Time": 96.594,
                            "Actual Rows": 1,
                            "Actual Loops": 4,
                            "Output": [
                                "PARTIAL count(*)"
                            ],
                            "Workers": [
                                {
                                    "Worker Number": 0,
                                    "Actual Startup Time": 93.494,
                                    "Actual Total Time": 93.495,
                                    "Actual Rows": 1,
                                    "Actual Loops": 1
                                },
                                {
                                    "Worker Number": 1,
                                    "Actual Startup Time": 93.488,
                                    "Actual Total Time": 93.489,
                                    "Actual Rows": 1,
                                    "Actual Loops": 1
                                },
                                {
                                    "Worker Number": 2,
                                    "Actual Startup Time": 94.138,
                                    "Actual Total Time": 94.139,
                                    "Actual Rows": 1,
                                    "Actual Loops": 1
                                }
                            ],
                            "Plans": [
                                {
                                    "Node Type": "Seq Scan",
                                    "Parent Relationship": "Outer",
                                    "Parallel Aware": true,
                                    "Relation Name": "movie_companies",
                                    "Schema": "public",
                                    "Alias": "mc",
                                    "Startup Cost": 0.0,
                                    "Total Cost": 31414.82,
                                    "Plan Rows": 196391,
                                    "Plan Width": 0,
                                    "Actual Startup Time": 48.701,
                                    "Actual Total Time": 86.529,
                                    "Actual Rows": 220747,
                                    "Actual Loops": 4,
                                    "Output": [
                                        "id",
                                        "movie_id",
                                        "company_id",
                                        "company_type_id",
                                        "note"
                                    ],
                                    "Filter": "((mc.company_id > 12313) AND (mc.company_type_id = 2))",
                                    "Rows Removed by Filter": 431535,
                                    "Workers": [
                                        {
                                            "Worker Number": 0,
                                            "Actual Startup Time": 45.594,
                                            "Actual Total Time": 83.99,
                                            "Actual Rows": 234600,
                                            "Actual Loops": 1
                                        },
                                        {
                                            "Worker Number": 1,
                                            "Actual Startup Time": 45.599,
                                            "Actual Total Time": 83.973,
                                            "Actual Rows": 233054,
                                            "Actual Loops": 1
                                        },
                                        {
                                            "Worker Number": 2,
                                            "Actual Startup Time": 46.256,
                                            "Actual Total Time": 84.473,
                                            "Actual Rows": 232067,
                                            "Actual Loops": 1
                                        }
                                    ]
                                }
                            ]
                        }
                    ]
                }
            ]
        },
        "Planning Time": 286.146,
        "Triggers": [],
        "Execution Time": 112.585
    }
]