[
  {
    "Plan": {
      "Node Type": "Aggregate",
      "Strategy": "Plain",
      "Partial Mode": "Finalize",
      "Parallel Aware": false,
      "Startup Cost": 331530.22,
      "Total Cost": 331530.23,
      "Plan Rows": 1,
      "Plan Width": 8,
      "Actual Startup Time": 342.254,
      "Actual Total Time": 397.618,
      "Actual Rows": 1,
      "Actual Loops": 1,
      "Plans": [
        {
          "Node Type": "Gather",
          "Parent Relationship": "Outer",
          "Parallel Aware": false,
          "Startup Cost": 331529.8,
          "Total Cost": 331530.21,
          "Plan Rows": 4,
          "Plan Width": 8,
          "Actual Startup Time": 341.906,
          "Actual Total Time": 397.605,
          "Actual Rows": 5,
          "Actual Loops": 1,
          "Workers Planned": 4,
          "Workers Launched": 4,
          "Single Copy": false,
          "Plans": [
            {
              "Node Type": "Aggregate",
              "Strategy": "Plain",
              "Partial Mode": "Partial",
              "Parent Relationship": "Outer",
              "Parallel Aware": false,
              "Startup Cost": 330529.8,
              "Total Cost": 330529.81,
              "Plan Rows": 1,
              "Plan Width": 8,
              "Actual Startup Time": 334.321,
              "Actual Total Time": 334.322,
              "Actual Rows": 1,
              "Actual Loops": 5,
              "Plans": [
                {
                  "Node Type": "Nested Loop",
                  "Parent Relationship": "Outer",
                  "Parallel Aware": false,
                  "Join Type": "Inner",
                  "Startup Cost": 0.56,
                  "Total Cost": 330496.2,
                  "Plan Rows": 13440,
                  "Plan Width": 0,
                  "Actual Startup Time": 0.826,
                  "Actual Total Time": 332.268,
                  "Actual Rows": 23854,
                  "Actual Loops": 5,
                  "Inner Unique": false,
                  "Plans": [
                    {
                      "Node Type": "Seq Scan",
                      "Parent Relationship": "Outer",
                      "Parallel Aware": true,
                      "Relation Name": "title",
                      "Alias": "t",
                      "Startup Cost": 0.0,
                      "Total Cost": 45479.59,
                      "Plan Rows": 6412,
                      "Plan Width": 4,
                      "Actual Startup Time": 0.274,
                      "Actual Total Time": 71.88,
                      "Actual Rows": 4741,
                      "Actual Loops": 5,
                      "Filter": "((kind_id < 7) AND (production_year = 2013))",
                      "Rows Removed by Filter": 500921
                    },
                    {
                      "Node Type": "Index Scan",
                      "Parent Relationship": "Inner",
                      "Parallel Aware": false,
                      "Scan Direction": "Forward",
                      "Index Name": "movie_id_cast_info",
                      "Relation Name": "cast_info",
                      "Alias": "ci",
                      "Startup Cost": 0.56,
                      "Total Cost": 44.4,
                      "Plan Rows": 5,
                      "Plan Width": 4,
                      "Actual Startup Time": 0.014,
                      "Actual Total Time": 0.054,
                      "Actual Rows": 5,
                      "Actual Loops": 23707,
                      "Index Cond": "(movie_id = t.id)",
                      "Rows Removed by Index Recheck": 0,
                      "Filter": "((person_id < 1503526) AND (role_id = 1))",
                      "Rows Removed by Filter": 13
                    }
                  ]
                }
              ]
            }
          ]
        }
      ]
    },
    "Planning Time": 0.53,
    "Triggers": [],
    "Execution Time": 397.686
  }
]