[
  {
    "Plan": {
      "Node Type": "Aggregate",
      "Strategy": "Plain",
      "Partial Mode": "Finalize",
      "Parallel Aware": false,
      "Startup Cost": 44586.48,
      "Total Cost": 44586.49,
      "Plan Rows": 1,
      "Plan Width": 8,
      "Actual Startup Time": 135.501,
      "Actual Total Time": 144.385,
      "Actual Rows": 1,
      "Actual Loops": 1,
      "Plans": [
        {
          "Node Type": "Gather",
          "Parent Relationship": "Outer",
          "Parallel Aware": false,
          "Startup Cost": 44586.16,
          "Total Cost": 44586.47,
          "Plan Rows": 3,
          "Plan Width": 8,
          "Actual Startup Time": 135.395,
          "Actual Total Time": 144.376,
          "Actual Rows": 4,
          "Actual Loops": 1,
          "Workers Planned": 3,
          "Workers Launched": 3,
          "Single Copy": false,
          "Plans": [
            {
              "Node Type": "Aggregate",
              "Strategy": "Plain",
              "Partial Mode": "Partial",
              "Parent Relationship": "Outer",
              "Parallel Aware": false,
              "Startup Cost": 43586.16,
              "Total Cost": 43586.17,
              "Plan Rows": 1,
              "Plan Width": 8,
              "Actual Startup Time": 127.125,
              "Actual Total Time": 127.127,
              "Actual Rows": 1,
              "Actual Loops": 4,
              "Plans": [
                {
                  "Node Type": "Seq Scan",
                  "Parent Relationship": "Outer",
                  "Parallel Aware": true,
                  "Relation Name": "movie_keyword",
                  "Alias": "mk",
                  "Startup Cost": 0.0,
                  "Total Cost": 42695.65,
                  "Plan Rows": 356202,
                  "Plan Width": 0,
                  "Actual Startup Time": 0.061,
                  "Actual Total Time": 112.011,
                  "Actual Rows": 279382,
                  "Actual Loops": 4,
                  "Filter": "(keyword_id < 1167)",
                  "Rows Removed by Filter": 851600
                }
              ]
            }
          ]
        }
      ]
    },
    "Planning Time": 0.106,
    "Triggers": [],
    "Execution Time": 144.42
  }
]