[
  {
    "Plan": {
      "Node Type": "Aggregate",
      "Strategy": "Plain",
      "Partial Mode": "Finalize",
      "Parallel Aware": false,
      "Startup Cost": 46703.94,
      "Total Cost": 46703.95,
      "Plan Rows": 1,
      "Plan Width": 8,
      "Actual Startup Time": 102.236,
      "Actual Total Time": 114.578,
      "Actual Rows": 1,
      "Actual Loops": 1,
      "Plans": [
        {
          "Node Type": "Gather",
          "Parent Relationship": "Outer",
          "Parallel Aware": false,
          "Startup Cost": 46703.52,
          "Total Cost": 46703.93,
          "Plan Rows": 4,
          "Plan Width": 8,
          "Actual Startup Time": 101.915,
          "Actual Total Time": 114.567,
          "Actual Rows": 5,
          "Actual Loops": 1,
          "Workers Planned": 4,
          "Workers Launched": 4,
          "Single Copy": false,
          "Plans": [
            {
              "Node Type": "Aggregate",
              "Strategy": "Plain",
              "Partial Mode": "Partial",
              "Parent Relationship": "Outer",
              "Parallel Aware": false,
              "Startup Cost": 45703.52,
              "Total Cost": 45703.53,
              "Plan Rows": 1,
              "Plan Width": 8,
              "Actual Startup Time": 94.492,
              "Actual Total Time": 94.494,
              "Actual Rows": 1,
              "Actual Loops": 5,
              "Plans": [
                {
                  "Node Type": "Seq Scan",
                  "Parent Relationship": "Outer",
                  "Parallel Aware": true,
                  "Relation Name": "title",
                  "Alias": "t",
                  "Startup Cost": 0.0,
                  "Total Cost": 45479.59,
                  "Plan Rows": 89574,
                  "Plan Width": 0,
                  "Actual Startup Time": 0.045,
                  "Actual Total Time": 91.114,
                  "Actual Rows": 50753,
                  "Actual Loops": 5,
                  "Filter": "((production_year < 1986) AND (kind_id = 7))",
                  "Rows Removed by Filter": 454909
                }
              ]
            }
          ]
        }
      ]
    },
    "Planning Time": 0.189,
    "Triggers": [],
    "Execution Time": 114.635
  }
]