[
  {
    "Plan": {
      "Node Type": "Aggregate",
      "Strategy": "Plain",
      "Partial Mode": "Finalize",
      "Parallel Aware": false,
      "Startup Cost": 46706.24,
      "Total Cost": 46706.25,
      "Plan Rows": 1,
      "Plan Width": 8,
      "Actual Startup Time": 92.547,
      "Actual Total Time": 104.861,
      "Actual Rows": 1,
      "Actual Loops": 1,
      "Plans": [
        {
          "Node Type": "Gather",
          "Parent Relationship": "Outer",
          "Parallel Aware": false,
          "Startup Cost": 46705.82,
          "Total Cost": 46706.23,
          "Plan Rows": 4,
          "Plan Width": 8,
          "Actual Startup Time": 92.379,
          "Actual Total Time": 104.85,
          "Actual Rows": 5,
          "Actual Loops": 1,
          "Workers Planned": 4,
          "Workers Launched": 4,
          "Single Copy": false,
          "Plans": [
            {
              "Node Type": "Aggregate",
              "Strategy": "Plain",
              "Partial Mode": "Partial",
              "Parent Relationship": "Outer",
              "Parallel Aware": false,
              "Startup Cost": 45705.82,
              "Total Cost": 45705.83,
              "Plan Rows": 1,
              "Plan Width": 8,
              "Actual Startup Time": 85.812,
              "Actual Total Time": 85.813,
              "Actual Rows": 1,
              "Actual Loops": 5,
              "Plans": [
                {
                  "Node Type": "Seq Scan",
                  "Parent Relationship": "Outer",
                  "Parallel Aware": true,
                  "Relation Name": "title",
                  "Alias": "t",
                  "Startup Cost": 0.0,
                  "Total Cost": 45479.1,
                  "Plan Rows": 90689,
                  "Plan Width": 0,
                  "Actual Startup Time": 0.03,
                  "Actual Total Time": 82.677,
                  "Actual Rows": 50753,
                  "Actual Loops": 5,
                  "Filter": "((production_year < 1986) AND (kind_id = 7))",
                  "Rows Removed by Filter": 454909
                }
              ]
            }
          ]
        }
      ]
    },
    "Planning Time": 0.207,
    "Triggers": [],
    "Execution Time": 104.934
  }
]