{
    "Plan": {
        "Node Type": "Aggregate",
        "Strategy": "Plain",
        "Partial Mode": "Finalize",
        "Parallel Aware": false,
        "Startup Cost": 63984.41,
        "Total Cost": 63984.42,
        "Plan Rows": 1,
        "Plan Width": 8,
        "Actual Startup Time": 307.513,
        "Actual Total Time": 320.208,
        "Actual Rows": 1,
        "Actual Loops": 1,
        "Output": [
            "count(*)"
        ],
        "Plans": [
            {
                "Node Type": "Gather",
                "Parent Relationship": "Outer",
                "Parallel Aware": false,
                "Startup Cost": 63984.2,
                "Total Cost": 63984.41,
                "Plan Rows": 2,
                "Plan Width": 8,
                "Actual Startup Time": 305.808,
                "Actual Total Time": 320.2,
                "Actual Rows": 3,
                "Actual Loops": 1,
                "Output": [
                    "(PARTIAL count(*))"
                ],
                "Workers Planned": 2,
                "Workers Launched": 2,
                "Single Copy": false,
                "Plans": [
                    {
                        "Node Type": "Aggregate",
                        "Strategy": "Plain",
                        "Partial Mode": "Partial",
                        "Parent Relationship": "Outer",
                        "Parallel Aware": false,
                        "Startup Cost": 62984.2,
                        "Total Cost": 62984.21,
                        "Plan Rows": 1,
                        "Plan Width": 8,
                        "Actual Startup Time": 297.385,
                        "Actual Total Time": 297.389,
                        "Actual Rows": 1,
                        "Actual Loops": 3,
                        "Output": [
                            "PARTIAL count(*)"
                        ],
                        "Workers": [
                            {
                                "Worker Number": 0,
                                "Actual Startup Time": 294.433,
                                "Actual Total Time": 294.437,
                                "Actual Rows": 1,
                                "Actual Loops": 1
                            },
                            {
                                "Worker Number": 1,
                                "Actual Startup Time": 293.481,
                                "Actual Total Time": 293.485,
                                "Actual Rows": 1,
                                "Actual Loops": 1
                            }
                        ],
                        "Plans": [
                            {
                                "Node Type": "Hash Join",
                                "Parent Relationship": "Outer",
                                "Parallel Aware": true,
                                "Join Type": "Inner",
                                "Startup Cost": 47252.48,
                                "Total Cost": 62876.94,
                                "Plan Rows": 42902,
                                "Plan Width": 0,
                                "Actual Startup Time": 205.239,
                                "Actual Total Time": 294.283,
                                "Actual Rows": 75440,
                                "Actual Loops": 3,
                                "Inner Unique": true,
                                "Hash Cond": "(mi_idx.movie_id = t.id)",
                                "Workers": [
                                    {
                                        "Worker Number": 0,
                                        "Actual Startup Time": 202.3,
                                        "Actual Total Time": 291.387,
                                        "Actual Rows": 77050,
                                        "Actual Loops": 1
                                    },
                                    {
                                        "Worker Number": 1,
                                        "Actual Startup Time": 201.512,
                                        "Actual Total Time": 290.614,
                                        "Actual Rows": 66298,
                                        "Actual Loops": 1
                                    }
                                ],
                                "Plans": [
                                    {
                                        "Node Type": "Seq Scan",
                                        "Parent Relationship": "Outer",
                                        "Parallel Aware": true,
                                        "Relation Name": "movie_info_idx",
                                        "Schema": "public",
                                        "Alias": "mi_idx",
                                        "Startup Cost": 0.0,
                                        "Total Cost": 15122.68,
                                        "Plan Rows": 191154,
                                        "Plan Width": 4,
                                        "Actual Startup Time": 0.014,
                                        "Actual Total Time": 38.412,
                                        "Actual Rows": 153308,
                                        "Actual Loops": 3,
                                        "Output": [
                                            "mi_idx.id",
                                            "mi_idx.movie_id",
                                            "mi_idx.info_type_id",
                                            "mi_idx.info",
                                            "mi_idx.note"
                                        ],
                                        "Filter": "(mi_idx.info_type_id < 100)",
                                        "Rows Removed by Filter": 306703,
                                        "Workers": [
                                            {
                                                "Worker Number": 0,
                                                "Actual Startup Time": 0.019,
                                                "Actual Total Time": 39.655,
                                                "Actual Rows": 156658,
                                                "Actual Loops": 1
                                            },
                                            {
                                                "Worker Number": 1,
                                                "Actual Startup Time": 0.009,
                                                "Actual Total Time": 38.424,
                                                "Actual Rows": 134792,
                                                "Actual Loops": 1
                                            }
                                        ]
                                    },
                                    {
                                        "Node Type": "Hash",
                                        "Parent Relationship": "Inner",
                                        "Parallel Aware": true,
                                        "Startup Cost": 45479.21,
                                        "Total Cost": 45479.21,
                                        "Plan Rows": 141862,
                                        "Plan Width": 4,
                                        "Actual Startup Time": 199.163,
                                        "Actual Total Time": 199.164,
                                        "Actual Rows": 213928,
                                        "Actual Loops": 3,
                                        "Output": [
                                            "t.id"
                                        ],
                                        "Hash Buckets": 1048576,
                                        "Original Hash Buckets": 1048576,
                                        "Hash Batches": 1,
                                        "Original Hash Batches": 1,
                                        "Peak Memory Usage": 33312,
                                        "Workers": [
                                            {
                                                "Worker Number": 0,
                                                "Actual Startup Time": 201.644,
                                                "Actual Total Time": 201.645,
                                                "Actual Rows": 211670,
                                                "Actual Loops": 1
                                            },
                                            {
                                                "Worker Number": 1,
                                                "Actual Startup Time": 200.637,
                                                "Actual Total Time": 200.638,
                                                "Actual Rows": 188002,
                                                "Actual Loops": 1
                                            }
                                        ],
                                        "Plans": [
                                            {
                                                "Node Type": "Seq Scan",
                                                "Parent Relationship": "Outer",
                                                "Parallel Aware": true,
                                                "Relation Name": "title",
                                                "Schema": "public",
                                                "Alias": "t",
                                                "Startup Cost": 0.0,
                                                "Total Cost": 45479.21,
                                                "Plan Rows": 141862,
                                                "Plan Width": 4,
                                                "Actual Startup Time": 0.058,
                                                "Actual Total Time": 129.854,
                                                "Actual Rows": 213928,
                                                "Actual Loops": 3,
                                                "Output": [
                                                    "t.id"
                                                ],
                                                "Filter": "((t.kind_id < 7) AND (t.production_year < 2006))",
                                                "Rows Removed by Filter": 628842,
                                                "Workers": [
                                                    {
                                                        "Worker Number": 0,
                                                        "Actual Startup Time": 0.056,
                                                        "Actual Total Time": 131.292,
                                                        "Actual Rows": 211670,
                                                        "Actual Loops": 1
                                                    },
                                                    {
                                                        "Worker Number": 1,
                                                        "Actual Startup Time": 0.094,
                                                        "Actual Total Time": 129.721,
                                                        "Actual Rows": 188002,
                                                        "Actual Loops": 1
                                                    }
                                                ]
                                            }
                                        ]
                                    }
                                ]
                            }
                        ]
                    }
                ]
            }
        ]
    },
    "Planning Time": 0.736,
    "Triggers": [],
    "Execution Time": 320.282
}