[
  {
    "Plan": {
      "Node Type": "Aggregate",
      "Strategy": "Plain",
      "Partial Mode": "Finalize",
      "Parallel Aware": false,
      "Startup Cost": 82187.62,
      "Total Cost": 82187.63,
      "Plan Rows": 1,
      "Plan Width": 8,
      "Actual Startup Time": 471.641,
      "Actual Total Time": 486.972,
      "Actual Rows": 1,
      "Actual Loops": 1,
      "Plans": [
        {
          "Node Type": "Gather",
          "Parent Relationship": "Outer",
          "Parallel Aware": false,
          "Startup Cost": 82187.3,
          "Total Cost": 82187.61,
          "Plan Rows": 3,
          "Plan Width": 8,
          "Actual Startup Time": 462.334,
          "Actual Total Time": 486.963,
          "Actual Rows": 4,
          "Actual Loops": 1,
          "Workers Planned": 3,
          "Workers Launched": 3,
          "Single Copy": false,
          "Plans": [
            {
              "Node Type": "Aggregate",
              "Strategy": "Plain",
              "Partial Mode": "Partial",
              "Parent Relationship": "Outer",
              "Parallel Aware": false,
              "Startup Cost": 81187.3,
              "Total Cost": 81187.31,
              "Plan Rows": 1,
              "Plan Width": 8,
              "Actual Startup Time": 442.443,
              "Actual Total Time": 442.447,
              "Actual Rows": 1,
              "Actual Loops": 4,
              "Plans": [
                {
                  "Node Type": "Hash Join",
                  "Parent Relationship": "Outer",
                  "Parallel Aware": true,
                  "Join Type": "Inner",
                  "Startup Cost": 55356.95,
                  "Total Cost": 80992.08,
                  "Plan Rows": 78091,
                  "Plan Width": 0,
                  "Actual Startup Time": 376.364,
                  "Actual Total Time": 439.336,
                  "Actual Rows": 61322,
                  "Actual Loops": 4,
                  "Inner Unique": true,
                  "Hash Cond": "(mk.movie_id = t.id)",
                  "Plans": [
                    {
                      "Node Type": "Bitmap Heap Scan",
                      "Parent Relationship": "Outer",
                      "Parallel Aware": true,
                      "Relation Name": "movie_keyword",
                      "Alias": "mk",
                      "Startup Cost": 5136.57,
                      "Total Cost": 30566.71,
                      "Plan Rows": 78091,
                      "Plan Width": 4,
                      "Actual Startup Time": 19.734,
                      "Actual Total Time": 59.761,
                      "Actual Rows": 61322,
                      "Actual Loops": 4,
                      "Recheck Cond": "(keyword_id > 61120)",
                      "Rows Removed by Index Recheck": 0,
                      "Exact Heap Blocks": 6693,
                      "Lossy Heap Blocks": 0,
                      "Plans": [
                        {
                          "Node Type": "Bitmap Index Scan",
                          "Parent Relationship": "Outer",
                          "Parallel Aware": false,
                          "Index Name": "keyword_id_movie_keyword",
                          "Startup Cost": 0.0,
                          "Total Cost": 5076.05,
                          "Plan Rows": 242082,
                          "Plan Width": 0,
                          "Actual Startup Time": 16.458,
                          "Actual Total Time": 16.459,
                          "Actual Rows": 245287,
                          "Actual Loops": 1,
                          "Index Cond": "(keyword_id > 61120)"
                        }
                      ]
                    },
                    {
                      "Node Type": "Hash",
                      "Parent Relationship": "Inner",
                      "Parallel Aware": true,
                      "Startup Cost": 42319.06,
                      "Total Cost": 42319.06,
                      "Plan Rows": 632106,
                      "Plan Width": 4,
                      "Actual Startup Time": 344.662,
                      "Actual Total Time": 344.663,
                      "Actual Rows": 632078,
                      "Actual Loops": 4,
                      "Hash Buckets": 4194304,
                      "Original Hash Buckets": 4194304,
                      "Hash Batches": 1,
                      "Original Hash Batches": 1,
                      "Peak Memory Usage": 131776,
                      "Plans": [
                        {
                          "Node Type": "Seq Scan",
                          "Parent Relationship": "Outer",
                          "Parallel Aware": true,
                          "Relation Name": "title",
                          "Alias": "t",
                          "Startup Cost": 0.0,
                          "Total Cost": 42319.06,
                          "Plan Rows": 632106,
                          "Plan Width": 4,
                          "Actual Startup Time": 0.026,
                          "Actual Total Time": 99.306,
                          "Actual Rows": 632078,
                          "Actual Loops": 4
                        }
                      ]
                    }
                  ]
                }
              ]
            }
          ]
        }
      ]
    },
    "Planning Time": 0.602,
    "Triggers": [],
    "Execution Time": 487.076
  }
]