{
  "Plan": {
    "Node Type": "Aggregate",
    "Strategy": "Plain",
    "Partial Mode": "Finalize",
    "Parallel Aware": false,
    "Startup Cost": 98544.53,
    "Total Cost": 98544.54,
    "Plan Rows": 1,
    "Plan Width": 8,
    "Actual Startup Time": 502.385,
    "Actual Total Time": 519.588,
    "Actual Rows": 1,
    "Actual Loops": 1,
    "Plans": [
      {
        "Node Type": "Gather",
        "Parent Relationship": "Outer",
        "Parallel Aware": false,
        "Startup Cost": 98544.41,
        "Total Cost": 98544.52,
        "Plan Rows": 1,
        "Plan Width": 8,
        "Actual Startup Time": 498.416,
        "Actual Total Time": 519.579,
        "Actual Rows": 2,
        "Actual Loops": 1,
        "Workers Planned": 1,
        "Workers Launched": 1,
        "Single Copy": false,
        "Plans": [
          {
            "Node Type": "Aggregate",
            "Strategy": "Plain",
            "Partial Mode": "Partial",
            "Parent Relationship": "Outer",
            "Parallel Aware": false,
            "Startup Cost": 97544.41,
            "Total Cost": 97544.42,
            "Plan Rows": 1,
            "Plan Width": 8,
            "Actual Startup Time": 490.988,
            "Actual Total Time": 490.992,
            "Actual Rows": 1,
            "Actual Loops": 2,
            "Plans": [
              {
                "Node Type": "Hash Join",
                "Parent Relationship": "Outer",
                "Parallel Aware": true,
                "Join Type": "Inner",
                "Startup Cost": 71352.25,
                "Total Cost": 97363.74,
                "Plan Rows": 72268,
                "Plan Width": 0,
                "Actual Startup Time": 413.497,
                "Actual Total Time": 489.515,
                "Actual Rows": 29341,
                "Actual Loops": 2,
                "Inner Unique": true,
                "Hash Cond": "(mk.movie_id = t.id)",
                "Plans": [
                  {
                    "Node Type": "Bitmap Heap Scan",
                    "Parent Relationship": "Outer",
                    "Parallel Aware": true,
                    "Relation Name": "movie_keyword",
                    "Alias": "mk",
                    "Startup Cost": 3717.12,
                    "Total Cost": 29458.31,
                    "Plan Rows": 102975,
                    "Plan Width": 4,
                    "Actual Startup Time": 12.592,
                    "Actual Total Time": 55.085,
                    "Actual Rows": 94388,
                    "Actual Loops": 2,
                    "Recheck Cond": "(keyword_id < 137)",
                    "Rows Removed by Index Recheck": 0,
                    "Exact Heap Blocks": 14363,
                    "Lossy Heap Blocks": 0,
                    "Plans": [
                      {
                        "Node Type": "Bitmap Index Scan",
                        "Parent Relationship": "Outer",
                        "Parallel Aware": false,
                        "Index Name": "keyword_id_movie_keyword",
                        "Startup Cost": 0.0,
                        "Total Cost": 3673.36,
                        "Plan Rows": 175057,
                        "Plan Width": 0,
                        "Actual Startup Time": 9.129,
                        "Actual Total Time": 9.13,
                        "Actual Rows": 188777,
                        "Actual Loops": 1,
                        "Index Cond": "(keyword_id < 137)"
                      }
                    ]
                  },
                  {
                    "Node Type": "Hash",
                    "Parent Relationship": "Inner",
                    "Parallel Aware": true,
                    "Startup Cost": 54588.39,
                    "Total Cost": 54588.39,
                    "Plan Rows": 1043739,
                    "Plan Width": 4,
                    "Actual Startup Time": 386.432,
                    "Actual Total Time": 386.432,
                    "Actual Rows": 887318,
                    "Actual Loops": 2,
                    "Hash Buckets": 2097152,
                    "Original Hash Buckets": 2097152,
                    "Hash Batches": 1,
                    "Original Hash Batches": 1,
                    "Peak Memory Usage": 85824,
                    "Plans": [
                      {
                        "Node Type": "Seq Scan",
                        "Parent Relationship": "Outer",
                        "Parallel Aware": true,
                        "Relation Name": "title",
                        "Alias": "t",
                        "Startup Cost": 0.0,
                        "Total Cost": 54588.39,
                        "Plan Rows": 1043739,
                        "Plan Width": 4,
                        "Actual Startup Time": 0.029,
                        "Actual Total Time": 167.242,
                        "Actual Rows": 887318,
                        "Actual Loops": 2,
                        "Filter": "(kind_id > 2)",
                        "Rows Removed by Filter": 376838
                      }
                    ]
                  }
                ]
              }
            ]
          }
        ]
      }
    ]
  },
  "Planning Time": 0.595,
  "Triggers": [],
  "Execution Time": 519.676
}