[
  {
    "Plan": {
      "Node Type": "Aggregate",
      "Strategy": "Plain",
      "Partial Mode": "Simple",
      "Parallel Aware": false,
      "Startup Cost": 61309.74,
      "Total Cost": 61309.75,
      "Plan Rows": 1,
      "Plan Width": 64,
      "Actual Startup Time": 260.355,
      "Actual Total Time": 289.267,
      "Actual Rows": 1,
      "Actual Loops": 1,
      "Plans": [
        {
          "Node Type": "Gather",
          "Parent Relationship": "Outer",
          "Parallel Aware": false,
          "Startup Cost": 4242.12,
          "Total Cost": 61309.72,
          "Plan Rows": 3,
          "Plan Width": 27,
          "Actual Startup Time": 239.641,
          "Actual Total Time": 288.85,
          "Actual Rows": 612,
          "Actual Loops": 1,
          "Workers Planned": 4,
          "Workers Launched": 4,
          "Single Copy": false,
          "Plans": [
            {
              "Node Type": "Nested Loop",
              "Parent Relationship": "Outer",
              "Parallel Aware": false,
              "Join Type": "Inner",
              "Startup Cost": 3242.12,
              "Total Cost": 60309.42,
              "Plan Rows": 1,
              "Plan Width": 27,
              "Actual Startup Time": 242.015,
              "Actual Total Time": 245.911,
              "Actual Rows": 122,
              "Actual Loops": 5,
              "Inner Unique": true,
              "Plans": [
                {
                  "Node Type": "Nested Loop",
                  "Parent Relationship": "Outer",
                  "Parallel Aware": false,
                  "Join Type": "Inner",
                  "Startup Cost": 3241.69,
                  "Total Cost": 60304.98,
                  "Plan Rows": 1,
                  "Plan Width": 31,
                  "Actual Startup Time": 242.004,
                  "Actual Total Time": 244.643,
                  "Actual Rows": 122,
                  "Actual Loops": 5,
                  "Inner Unique": false,
                  "Plans": [
                    {
                      "Node Type": "Nested Loop",
                      "Parent Relationship": "Outer",
                      "Parallel Aware": false,
                      "Join Type": "Inner",
                      "Startup Cost": 3240.82,
                      "Total Cost": 60299.08,
                      "Plan Rows": 1,
                      "Plan Width": 43,
                      "Actual Startup Time": 241.989,
                      "Actual Total Time": 244.559,
                      "Actual Rows": 1,
                      "Actual Loops": 5,
                      "Inner Unique": true,
                      "Join Filter": "(mc.company_type_id = ct.id)",
                      "Rows Removed by Join Filter": 1,
                      "Plans": [
                        {
                          "Node Type": "Nested Loop",
                          "Parent Relationship": "Outer",
                          "Parallel Aware": false,
                          "Join Type": "Inner",
                          "Startup Cost": 3240.82,
                          "Total Cost": 60297.99,
                          "Plan Rows": 1,
                          "Plan Width": 47,
                          "Actual Startup Time": 241.984,
                          "Actual Total Time": 244.549,
                          "Actual Rows": 1,
                          "Actual Loops": 5,
                          "Inner Unique": true,
                          "Plans": [
                            {
                              "Node Type": "Nested Loop",
                              "Parent Relationship": "Outer",
                              "Parallel Aware": false,
                              "Join Type": "Inner",
                              "Startup Cost": 3240.39,
                              "Total Cost": 60293.55,
                              "Plan Rows": 1,
                              "Plan Width": 51,
                              "Actual Startup Time": 241.97,
                              "Actual Total Time": 244.528,
                              "Actual Rows": 1,
                              "Actual Loops": 5,
                              "Inner Unique": false,
                              "Plans": [
                                {
                                  "Node Type": "Hash Join",
                                  "Parent Relationship": "Outer",
                                  "Parallel Aware": false,
                                  "Join Type": "Inner",
                                  "Startup Cost": 3239.89,
                                  "Total Cost": 60288.93,
                                  "Plan Rows": 1,
                                  "Plan Width": 39,
                                  "Actual Startup Time": 241.959,
                                  "Actual Total Time": 244.505,
                                  "Actual Rows": 1,
                                  "Actual Loops": 5,
                                  "Inner Unique": true,
                                  "Hash Cond": "(mi.info_type_id = it1.id)",
                                  "Plans": [
                                    {
                                      "Node Type": "Nested Loop",
                                      "Parent Relationship": "Outer",
                                      "Parallel Aware": false,
                                      "Join Type": "Inner",
                                      "Startup Cost": 3237.47,
                                      "Total Cost": 60286.5,
                                      "Plan Rows": 3,
                                      "Plan Width": 43,
                                      "Actual Startup Time": 241.341,
                                      "Actual Total Time": 243.884,
                                      "Actual Rows": 1,
                                      "Actual Loops": 5,
                                      "Inner Unique": false,
                                      "Plans": [
                                        {
                                          "Node Type": "Hash Join",
                                          "Parent Relationship": "Outer",
                                          "Parallel Aware": false,
                                          "Join Type": "Inner",
                                          "Startup Cost": 3236.54,
                                          "Total Cost": 48224.87,
                                          "Plan Rows": 2111,
                                          "Plan Width": 35,
                                          "Actual Startup Time": 159.471,
                                          "Actual Total Time": 221.554,
                                          "Actual Rows": 100,
                                          "Actual Loops": 5,
                                          "Inner Unique": true,
                                          "Hash Cond": "(t.kind_id = kt.id)",
                                          "Plans": [
                                            {
                                              "Node Type": "Hash Join",
                                              "Parent Relationship": "Outer",
                                              "Parallel Aware": false,
                                              "Join Type": "Inner",
                                              "Startup Cost": 3235.39,
                                              "Total Cost": 48208.15,
                                              "Plan Rows": 3695,
                                              "Plan Width": 29,
                                              "Actual Startup Time": 53.715,
                                              "Actual Total Time": 221.312,
                                              "Actual Rows": 263,
                                              "Actual Loops": 5,
                                              "Inner Unique": false,
                                              "Hash Cond": "(t.id = cc.movie_id)",
                                              "Plans": [
                                                {
                                                  "Node Type": "Seq Scan",
                                                  "Parent Relationship": "Outer",
                                                  "Parallel Aware": true,
                                                  "Relation Name": "title",
                                                  "Alias": "t",
                                                  "Startup Cost": 0.0,
                                                  "Total Cost": 43898.62,
                                                  "Plan Rows": 276585,
                                                  "Plan Width": 25,
                                                  "Actual Startup Time": 0.06,
                                                  "Actual Total Time": 127.571,
                                                  "Actual Rows": 221585,
                                                  "Actual Loops": 5,
                                                  "Filter": "(production_year > 2004)",
                                                  "Rows Removed by Filter": 284077
                                                },
                                                {
                                                  "Node Type": "Hash",
                                                  "Parent Relationship": "Inner",
                                                  "Parallel Aware": false,
                                                  "Startup Cost": 2813.24,
                                                  "Total Cost": 2813.24,
                                                  "Plan Rows": 33772,
                                                  "Plan Width": 4,
                                                  "Actual Startup Time": 51.035,
                                                  "Actual Total Time": 51.038,
                                                  "Actual Rows": 24592,
                                                  "Actual Loops": 5,
                                                  "Hash Buckets": 65536,
                                                  "Original Hash Buckets": 65536,
                                                  "Hash Batches": 1,
                                                  "Original Hash Batches": 1,
                                                  "Peak Memory Usage": 1377,
                                                  "Plans": [
                                                    {
                                                      "Node Type": "Hash Join",
                                                      "Parent Relationship": "Outer",
                                                      "Parallel Aware": false,
                                                      "Join Type": "Inner",
                                                      "Startup Cost": 1.06,
                                                      "Total Cost": 2813.24,
                                                      "Plan Rows": 33772,
                                                      "Plan Width": 4,
                                                      "Actual Startup Time": 0.22,
                                                      "Actual Total Time": 44.034,
                                                      "Actual Rows": 24592,
                                                      "Actual Loops": 5,
                                                      "Inner Unique": true,
                                                      "Hash Cond": "(cc.status_id = cct1.id)",
                                                      "Plans": [
                                                        {
                                                          "Node Type": "Seq Scan",
                                                          "Parent Relationship": "Outer",
                                                          "Parallel Aware": false,
                                                          "Relation Name": "complete_cast",
                                                          "Alias": "cc",
                                                          "Startup Cost": 0.0,
                                                          "Total Cost": 2081.86,
                                                          "Plan Rows": 135086,
                                                          "Plan Width": 8,
                                                          "Actual Startup Time": 0.071,
                                                          "Actual Total Time": 24.678,
                                                          "Actual Rows": 135086,
                                                          "Actual Loops": 5
                                                        },
                                                        {
                                                          "Node Type": "Hash",
                                                          "Parent Relationship": "Inner",
                                                          "Parallel Aware": false,
                                                          "Startup Cost": 1.05,
                                                          "Total Cost": 1.05,
                                                          "Plan Rows": 1,
                                                          "Plan Width": 4,
                                                          "Actual Startup Time": 0.088,
                                                          "Actual Total Time": 0.089,
                                                          "Actual Rows": 1,
                                                          "Actual Loops": 5,
                                                          "Hash Buckets": 1024,
                                                          "Original Hash Buckets": 1024,
                                                          "Hash Batches": 1,
                                                          "Original Hash Batches": 1,
                                                          "Peak Memory Usage": 9,
                                                          "Plans": [
                                                            {
                                                              "Node Type": "Seq Scan",
                                                              "Parent Relationship": "Outer",
                                                              "Parallel Aware": false,
                                                              "Relation Name": "comp_cast_type",
                                                              "Alias": "cct1",
                                                              "Startup Cost": 0.0,
                                                              "Total Cost": 1.05,
                                                              "Plan Rows": 1,
                                                              "Plan Width": 4,
                                                              "Actual Startup Time": 0.076,
                                                              "Actual Total Time": 0.078,
                                                              "Actual Rows": 1,
                                                              "Actual Loops": 5,
                                                              "Filter": "((kind)::text = 'complete+verified'::text)",
                                                              "Rows Removed by Filter": 3
                                                            }
                                                          ]
                                                        }
                                                      ]
                                                    }
                                                  ]
                                                }
                                              ]
                                            },
                                            {
                                              "Node Type": "Hash",
                                              "Parent Relationship": "Inner",
                                              "Parallel Aware": false,
                                              "Startup Cost": 1.1,
                                              "Total Cost": 1.1,
                                              "Plan Rows": 4,
                                              "Plan Width": 14,
                                              "Actual Startup Time": 0.097,
                                              "Actual Total Time": 0.098,
                                              "Actual Rows": 4,
                                              "Actual Loops": 5,
                                              "Hash Buckets": 1024,
                                              "Original Hash Buckets": 1024,
                                              "Hash Batches": 1,
                                              "Original Hash Batches": 1,
                                              "Peak Memory Usage": 9,
                                              "Plans": [
                                                {
                                                  "Node Type": "Seq Scan",
                                                  "Parent Relationship": "Outer",
                                                  "Parallel Aware": false,
                                                  "Relation Name": "kind_type",
                                                  "Alias": "kt",
                                                  "Startup Cost": 0.0,
                                                  "Total Cost": 1.1,
                                                  "Plan Rows": 4,
                                                  "Plan Width": 14,
                                                  "Actual Startup Time": 0.07,
                                                  "Actual Total Time": 0.078,
                                                  "Actual Rows": 4,
                                                  "Actual Loops": 5,
                                                  "Filter": "((kind)::text = ANY ('{movie,\"tv movie\",\"video movie\",\"video game\"}'::text[]))",
                                                  "Rows Removed by Filter": 3
                                                }
                                              ]
                                            }
                                          ]
                                        },
                                        {
                                          "Node Type": "Bitmap Heap Scan",
                                          "Parent Relationship": "Inner",
                                          "Parallel Aware": false,
                                          "Relation Name": "movie_info",
                                          "Alias": "mi",
                                          "Startup Cost": 0.92,
                                          "Total Cost": 5.7,
                                          "Plan Rows": 1,
                                          "Plan Width": 8,
                                          "Actual Startup Time": 0.219,
                                          "Actual Total Time": 0.22,
                                          "Actual Rows": 0,
                                          "Actual Loops": 500,
                                          "Recheck Cond": "(movie_id = t.id)",
                                          "Rows Removed by Index Recheck": 0,
                                          "Filter": "((info IS NOT NULL) AND (note ~~ '%internet%'::text) AND ((info ~~ 'USA:% 199%'::text) OR (info ~~ 'USA:% 200%'::text)))",
                                          "Rows Removed by Filter": 189,
                                          "Exact Heap Blocks": 1462,
                                          "Lossy Heap Blocks": 0,
                                          "Plans": [
                                            {
                                              "Node Type": "Bitmap Index Scan",
                                              "Parent Relationship": "Outer",
                                              "Parallel Aware": false,
                                              "Index Name": "movie_id_movie_info",
                                              "Startup Cost": 0.0,
                                              "Total Cost": 0.92,
                                              "Plan Rows": 39,
                                              "Plan Width": 0,
                                              "Actual Startup Time": 0.034,
                                              "Actual Total Time": 0.034,
                                              "Actual Rows": 189,
                                              "Actual Loops": 500,
                                              "Index Cond": "(movie_id = t.id)"
                                            }
                                          ]
                                        }
                                      ]
                                    },
                                    {
                                      "Node Type": "Hash",
                                      "Parent Relationship": "Inner",
                                      "Parallel Aware": false,
                                      "Startup Cost": 2.41,
                                      "Total Cost": 2.41,
                                      "Plan Rows": 1,
                                      "Plan Width": 4,
                                      "Actual Startup Time": 0.129,
                                      "Actual Total Time": 0.13,
                                      "Actual Rows": 1,
                                      "Actual Loops": 5,
                                      "Hash Buckets": 1024,
                                      "Original Hash Buckets": 1024,
                                      "Hash Batches": 1,
                                      "Original Hash Batches": 1,
                                      "Peak Memory Usage": 9,
                                      "Plans": [
                                        {
                                          "Node Type": "Seq Scan",
                                          "Parent Relationship": "Outer",
                                          "Parallel Aware": false,
                                          "Relation Name": "info_type",
                                          "Alias": "it1",
                                          "Startup Cost": 0.0,
                                          "Total Cost": 2.41,
                                          "Plan Rows": 1,
                                          "Plan Width": 4,
                                          "Actual Startup Time": 0.092,
                                          "Actual Total Time": 0.108,
                                          "Actual Rows": 1,
                                          "Actual Loops": 5,
                                          "Filter": "((info)::text = 'release dates'::text)",
                                          "Rows Removed by Filter": 112
                                        }
                                      ]
                                    }
                                  ]
                                },
                                {
                                  "Node Type": "Bitmap Heap Scan",
                                  "Parent Relationship": "Inner",
                                  "Parallel Aware": false,
                                  "Relation Name": "movie_companies",
                                  "Alias": "mc",
                                  "Startup Cost": 0.5,
                                  "Total Cost": 4.57,
                                  "Plan Rows": 5,
                                  "Plan Width": 12,
                                  "Actual Startup Time": 0.016,
                                  "Actual Total Time": 0.017,
                                  "Actual Rows": 1,
                                  "Actual Loops": 4,
                                  "Recheck Cond": "(movie_id = t.id)",
                                  "Rows Removed by Index Recheck": 0,
                                  "Exact Heap Blocks": 4,
                                  "Lossy Heap Blocks": 0,
                                  "Plans": [
                                    {
                                      "Node Type": "Bitmap Index Scan",
                                      "Parent Relationship": "Outer",
                                      "Parallel Aware": false,
                                      "Index Name": "movie_id_movie_companies",
                                      "Startup Cost": 0.0,
                                      "Total Cost": 0.5,
                                      "Plan Rows": 5,
                                      "Plan Width": 0,
                                      "Actual Startup Time": 0.012,
                                      "Actual Total Time": 0.012,
                                      "Actual Rows": 1,
                                      "Actual Loops": 4,
                                      "Index Cond": "(movie_id = t.id)"
                                    }
                                  ]
                                }
                              ]
                            },
                            {
                              "Node Type": "Bitmap Heap Scan",
                              "Parent Relationship": "Inner",
                              "Parallel Aware": false,
                              "Relation Name": "company_name",
                              "Alias": "cn",
                              "Startup Cost": 0.43,
                              "Total Cost": 4.44,
                              "Plan Rows": 1,
                              "Plan Width": 4,
                              "Actual Startup Time": 0.019,
                              "Actual Total Time": 0.019,
                              "Actual Rows": 1,
                              "Actual Loops": 4,
                              "Recheck Cond": "(id = mc.company_id)",
                              "Rows Removed by Index Recheck": 0,
                              "Filter": "((country_code)::text = '[us]'::text)",
                              "Rows Removed by Filter": 0,
                              "Exact Heap Blocks": 4,
                              "Lossy Heap Blocks": 0,
                              "Plans": [
                                {
                                  "Node Type": "Bitmap Index Scan",
                                  "Parent Relationship": "Outer",
                                  "Parallel Aware": false,
                                  "Index Name": "company_name_pkey",
                                  "Startup Cost": 0.0,
                                  "Total Cost": 0.43,
                                  "Plan Rows": 1,
                                  "Plan Width": 0,
                                  "Actual Startup Time": 0.013,
                                  "Actual Total Time": 0.013,
                                  "Actual Rows": 1,
                                  "Actual Loops": 4,
                                  "Index Cond": "(id = mc.company_id)"
                                }
                              ]
                            }
                          ]
                        },
                        {
                          "Node Type": "Seq Scan",
                          "Parent Relationship": "Inner",
                          "Parallel Aware": false,
                          "Relation Name": "company_type",
                          "Alias": "ct",
                          "Startup Cost": 0.0,
                          "Total Cost": 1.04,
                          "Plan Rows": 4,
                          "Plan Width": 4,
                          "Actual Startup Time": 0.006,
                          "Actual Total Time": 0.007,
                          "Actual Rows": 2,
                          "Actual Loops": 4
                        }
                      ]
                    },
                    {
                      "Node Type": "Bitmap Heap Scan",
                      "Parent Relationship": "Inner",
                      "Parallel Aware": false,
                      "Relation Name": "movie_keyword",
                      "Alias": "mk",
                      "Startup Cost": 0.87,
                      "Total Cost": 5.44,
                      "Plan Rows": 46,
                      "Plan Width": 8,
                      "Actual Startup Time": 0.027,
                      "Actual Total Time": 0.062,
                      "Actual Rows": 153,
                      "Actual Loops": 4,
                      "Recheck Cond": "(movie_id = t.id)",
                      "Rows Removed by Index Recheck": 0,
                      "Exact Heap Blocks": 8,
                      "Lossy Heap Blocks": 0,
                      "Plans": [
                        {
                          "Node Type": "Bitmap Index Scan",
                          "Parent Relationship": "Outer",
                          "Parallel Aware": false,
                          "Index Name": "movie_id_movie_keyword",
                          "Startup Cost": 0.0,
                          "Total Cost": 0.85,
                          "Plan Rows": 46,
                          "Plan Width": 0,
                          "Actual Startup Time": 0.021,
                          "Actual Total Time": 0.021,
                          "Actual Rows": 153,
                          "Actual Loops": 4,
                          "Index Cond": "(movie_id = t.id)"
                        }
                      ]
                    }
                  ]
                },
                {
                  "Node Type": "Bitmap Heap Scan",
                  "Parent Relationship": "Inner",
                  "Parallel Aware": false,
                  "Relation Name": "keyword",
                  "Alias": "k",
                  "Startup Cost": 0.43,
                  "Total Cost": 4.44,
                  "Plan Rows": 1,
                  "Plan Width": 4,
                  "Actual Startup Time": 0.007,
                  "Actual Total Time": 0.007,
                  "Actual Rows": 1,
                  "Actual Loops": 612,
                  "Recheck Cond": "(id = mk.keyword_id)",
                  "Rows Removed by Index Recheck": 0,
                  "Exact Heap Blocks": 612,
                  "Lossy Heap Blocks": 0,
                  "Plans": [
                    {
                      "Node Type": "Bitmap Index Scan",
                      "Parent Relationship": "Outer",
                      "Parallel Aware": false,
                      "Index Name": "keyword_pkey",
                      "Startup Cost": 0.0,
                      "Total Cost": 0.43,
                      "Plan Rows": 1,
                      "Plan Width": 0,
                      "Actual Startup Time": 0.004,
                      "Actual Total Time": 0.004,
                      "Actual Rows": 1,
                      "Actual Loops": 612,
                      "Index Cond": "(id = mk.keyword_id)"
                    }
                  ]
                }
              ]
            }
          ]
        }
      ]
    },
    "Planning Time": 43.332,
    "Triggers": [],
    "Execution Time": 289.968
  }
]