{
  "Plan": {
    "Node Type": "Aggregate",
    "Strategy": "Plain",
    "Partial Mode": "Finalize",
    "Parallel Aware": false,
    "Startup Cost": 111547.2,
    "Total Cost": 111547.21,
    "Plan Rows": 1,
    "Plan Width": 8,
    "Actual Startup Time": 340.453,
    "Actual Total Time": 354.204,
    "Actual Rows": 1,
    "Actual Loops": 1,
    "Plans": [
      {
        "Node Type": "Gather",
        "Parent Relationship": "Outer",
        "Parallel Aware": false,
        "Startup Cost": 111547.08,
        "Total Cost": 111547.19,
        "Plan Rows": 1,
        "Plan Width": 8,
        "Actual Startup Time": 340.283,
        "Actual Total Time": 354.196,
        "Actual Rows": 2,
        "Actual Loops": 1,
        "Workers Planned": 1,
        "Workers Launched": 1,
        "Single Copy": false,
        "Plans": [
          {
            "Node Type": "Aggregate",
            "Strategy": "Plain",
            "Partial Mode": "Partial",
            "Parent Relationship": "Outer",
            "Parallel Aware": false,
            "Startup Cost": 110547.08,
            "Total Cost": 110547.09,
            "Plan Rows": 1,
            "Plan Width": 8,
            "Actual Startup Time": 334.347,
            "Actual Total Time": 334.351,
            "Actual Rows": 1,
            "Actual Loops": 2,
            "Plans": [
              {
                "Node Type": "Hash Join",
                "Parent Relationship": "Outer",
                "Parallel Aware": true,
                "Join Type": "Inner",
                "Startup Cost": 54626.14,
                "Total Cost": 110545.48,
                "Plan Rows": 640,
                "Plan Width": 0,
                "Actual Startup Time": 144.246,
                "Actual Total Time": 334.234,
                "Actual Rows": 1016,
                "Actual Loops": 2,
                "Inner Unique": true,
                "Hash Cond": "(ci.movie_id = t.id)",
                "Plans": [
                  {
                    "Node Type": "Index Scan",
                    "Parent Relationship": "Outer",
                    "Parallel Aware": true,
                    "Scan Direction": "Forward",
                    "Index Name": "role_id_cast_info",
                    "Relation Name": "cast_info",
                    "Alias": "ci",
                    "Startup Cost": 0.56,
                    "Total Cost": 55080.34,
                    "Plan Rows": 319834,
                    "Plan Width": 4,
                    "Actual Startup Time": 0.082,
                    "Actual Total Time": 144.334,
                    "Actual Rows": 417098,
                    "Actual Loops": 2,
                    "Index Cond": "(role_id = 8)",
                    "Rows Removed by Index Recheck": 0,
                    "Filter": "(person_id > 2555928)",
                    "Rows Removed by Filter": 434673
                  },
                  {
                    "Node Type": "Hash",
                    "Parent Relationship": "Inner",
                    "Parallel Aware": true,
                    "Startup Cost": 54588.39,
                    "Total Cost": 54588.39,
                    "Plan Rows": 2975,
                    "Plan Width": 4,
                    "Actual Startup Time": 143.004,
                    "Actual Total Time": 143.005,
                    "Actual Rows": 3417,
                    "Actual Loops": 2,
                    "Hash Buckets": 8192,
                    "Original Hash Buckets": 8192,
                    "Hash Batches": 1,
                    "Original Hash Batches": 1,
                    "Peak Memory Usage": 352,
                    "Plans": [
                      {
                        "Node Type": "Seq Scan",
                        "Parent Relationship": "Outer",
                        "Parallel Aware": true,
                        "Relation Name": "title",
                        "Alias": "t",
                        "Startup Cost": 0.0,
                        "Total Cost": 54588.39,
                        "Plan Rows": 2975,
                        "Plan Width": 4,
                        "Actual Startup Time": 0.138,
                        "Actual Total Time": 141.403,
                        "Actual Rows": 3417,
                        "Actual Loops": 2,
                        "Filter": "(production_year = 1953)",
                        "Rows Removed by Filter": 1260739
                      }
                    ]
                  }
                ]
              }
            ]
          }
        ]
      }
    ]
  },
  "Planning Time": 0.484,
  "Triggers": [],
  "Execution Time": 354.28
}