[
    {
        "Bao": {
            "Bao prediction": "NaN",
            "Bao recommended hint": "(no hint)"
        }
    },
    {
        "Plan": {
            "Node Type": "Aggregate",
            "Strategy": "Plain",
            "Partial Mode": "Finalize",
            "Parallel Aware": false,
            "Startup Cost": 70971.31,
            "Total Cost": 70971.32,
            "Plan Rows": 1,
            "Plan Width": 8,
            "Actual Startup Time": 235.9,
            "Actual Total Time": 244.608,
            "Actual Rows": 1,
            "Actual Loops": 1,
            "Output": [
                "count(*)"
            ],
            "Plans": [
                {
                    "Node Type": "Gather",
                    "Parent Relationship": "Outer",
                    "Parallel Aware": false,
                    "Startup Cost": 70970.89,
                    "Total Cost": 70971.3,
                    "Plan Rows": 4,
                    "Plan Width": 8,
                    "Actual Startup Time": 234.371,
                    "Actual Total Time": 244.597,
                    "Actual Rows": 5,
                    "Actual Loops": 1,
                    "Output": [
                        "(PARTIAL count(*))"
                    ],
                    "Workers Planned": 4,
                    "Workers Launched": 4,
                    "Single Copy": false,
                    "Plans": [
                        {
                            "Node Type": "Aggregate",
                            "Strategy": "Plain",
                            "Partial Mode": "Partial",
                            "Parent Relationship": "Outer",
                            "Parallel Aware": false,
                            "Startup Cost": 69970.89,
                            "Total Cost": 69970.9,
                            "Plan Rows": 1,
                            "Plan Width": 8,
                            "Actual Startup Time": 224.751,
                            "Actual Total Time": 224.756,
                            "Actual Rows": 1,
                            "Actual Loops": 5,
                            "Output": [
                                "PARTIAL count(*)"
                            ],
                            "Workers": [
                                {
                                    "Worker Number": 0,
                                    "Actual Startup Time": 222.043,
                                    "Actual Total Time": 222.046,
                                    "Actual Rows": 1,
                                    "Actual Loops": 1
                                },
                                {
                                    "Worker Number": 1,
                                    "Actual Startup Time": 222.529,
                                    "Actual Total Time": 222.533,
                                    "Actual Rows": 1,
                                    "Actual Loops": 1
                                },
                                {
                                    "Worker Number": 2,
                                    "Actual Startup Time": 222.392,
                                    "Actual Total Time": 222.395,
                                    "Actual Rows": 1,
                                    "Actual Loops": 1
                                },
                                {
                                    "Worker Number": 3,
                                    "Actual Startup Time": 222.929,
                                    "Actual Total Time": 222.933,
                                    "Actual Rows": 1,
                                    "Actual Loops": 1
                                }
                            ],
                            "Plans": [
                                {
                                    "Node Type": "Hash Join",
                                    "Parent Relationship": "Outer",
                                    "Parallel Aware": true,
                                    "Join Type": "Inner",
                                    "Startup Cost": 24229.96,
                                    "Total Cost": 69856.62,
                                    "Plan Rows": 45710,
                                    "Plan Width": 0,
                                    "Actual Startup Time": 165.921,
                                    "Actual Total Time": 222.546,
                                    "Actual Rows": 37198,
                                    "Actual Loops": 5,
                                    "Inner Unique": false,
                                    "Hash Cond": "(t.id = mc.movie_id)",
                                    "Workers": [
                                        {
                                            "Worker Number": 0,
                                            "Actual Startup Time": 162.069,
                                            "Actual Total Time": 219.981,
                                            "Actual Rows": 45585,
                                            "Actual Loops": 1
                                        },
                                        {
                                            "Worker Number": 1,
                                            "Actual Startup Time": 165.051,
                                            "Actual Total Time": 220.357,
                                            "Actual Rows": 28963,
                                            "Actual Loops": 1
                                        },
                                        {
                                            "Worker Number": 2,
                                            "Actual Startup Time": 160.271,
                                            "Actual Total Time": 220.184,
                                            "Actual Rows": 29048,
                                            "Actual Loops": 1
                                        },
                                        {
                                            "Worker Number": 3,
                                            "Actual Startup Time": 165.641,
                                            "Actual Total Time": 220.89,
                                            "Actual Rows": 44209,
                                            "Actual Loops": 1
                                        }
                                    ],
                                    "Plans": [
                                        {
                                            "Node Type": "Seq Scan",
                                            "Parent Relationship": "Outer",
                                            "Parallel Aware": true,
                                            "Relation Name": "title",
                                            "Schema": "public",
                                            "Alias": "t",
                                            "Startup Cost": 0.0,
                                            "Total Cost": 42318.81,
                                            "Plan Rows": 632080,
                                            "Plan Width": 4,
                                            "Actual Startup Time": 0.013,
                                            "Actual Total Time": 70.284,
                                            "Actual Rows": 505662,
                                            "Actual Loops": 5,
                                            "Output": [
                                                "t.id",
                                                "t.title",
                                                "t.imdb_index",
                                                "t.kind_id",
                                                "t.production_year",
                                                "t.imdb_id",
                                                "t.phonetic_code",
                                                "t.episode_of_id",
                                                "t.season_nr",
                                                "t.episode_nr",
                                                "t.series_years",
                                                "t.md5sum"
                                            ],
                                            "Workers": [
                                                {
                                                    "Worker Number": 0,
                                                    "Actual Startup Time": 0.012,
                                                    "Actual Total Time": 71.77,
                                                    "Actual Rows": 618036,
                                                    "Actual Loops": 1
                                                },
                                                {
                                                    "Worker Number": 1,
                                                    "Actual Startup Time": 0.014,
                                                    "Actual Total Time": 73.352,
                                                    "Actual Rows": 392391,
                                                    "Actual Loops": 1
                                                },
                                                {
                                                    "Worker Number": 2,
                                                    "Actual Startup Time": 0.021,
                                                    "Actual Total Time": 74.692,
                                                    "Actual Rows": 400575,
                                                    "Actual Loops": 1
                                                },
                                                {
                                                    "Worker Number": 3,
                                                    "Actual Startup Time": 0.009,
                                                    "Actual Total Time": 69.975,
                                                    "Actual Rows": 586157,
                                                    "Actual Loops": 1
                                                }
                                            ]
                                        },
                                        {
                                            "Node Type": "Hash",
                                            "Parent Relationship": "Inner",
                                            "Parallel Aware": true,
                                            "Startup Cost": 23492.7,
                                            "Total Cost": 23492.7,
                                            "Plan Rows": 58981,
                                            "Plan Width": 4,
                                            "Actual Startup Time": 59.678,
                                            "Actual Total Time": 59.68,
                                            "Actual Rows": 37198,
                                            "Actual Loops": 5,
                                            "Output": [
                                                "mc.movie_id"
                                            ],
                                            "Hash Buckets": 262144,
                                            "Original Hash Buckets": 262144,
                                            "Hash Batches": 1,
                                            "Original Hash Batches": 1,
                                            "Peak Memory Usage": 9408,
                                            "Workers": [
                                                {
                                                    "Worker Number": 0,
                                                    "Actual Startup Time": 58.345,
                                                    "Actual Total Time": 58.346,
                                                    "Actual Rows": 33043,
                                                    "Actual Loops": 1
                                                },
                                                {
                                                    "Worker Number": 1,
                                                    "Actual Startup Time": 58.595,
                                                    "Actual Total Time": 58.596,
                                                    "Actual Rows": 26305,
                                                    "Actual Loops": 1
                                                },
                                                {
                                                    "Worker Number": 2,
                                                    "Actual Startup Time": 58.692,
                                                    "Actual Total Time": 58.693,
                                                    "Actual Rows": 29248,
                                                    "Actual Loops": 1
                                                },
                                                {
                                                    "Worker Number": 3,
                                                    "Actual Startup Time": 59.176,
                                                    "Actual Total Time": 59.177,
                                                    "Actual Rows": 28363,
                                                    "Actual Loops": 1
                                                }
                                            ],
                                            "Plans": [
                                                {
                                                    "Node Type": "Bitmap Heap Scan",
                                                    "Parent Relationship": "Outer",
                                                    "Parallel Aware": true,
                                                    "Relation Name": "movie_companies",
                                                    "Schema": "public",
                                                    "Alias": "mc",
                                                    "Startup Cost": 3965.44,
                                                    "Total Cost": 23492.7,
                                                    "Plan Rows": 58981,
                                                    "Plan Width": 4,
                                                    "Actual Startup Time": 14.816,
                                                    "Actual Total Time": 40.884,
                                                    "Actual Rows": 37198,
                                                    "Actual Loops": 5,
                                                    "Output": [
                                                        "mc.movie_id"
                                                    ],
                                                    "Recheck Cond": "(mc.company_id > 118193)",
                                                    "Rows Removed by Index Recheck": 0,
                                                    "Exact Heap Blocks": 1580,
                                                    "Lossy Heap Blocks": 0,
                                                    "Workers": [
                                                        {
                                                            "Worker Number": 0,
                                                            "Actual Startup Time": 13.677,
                                                            "Actual Total Time": 40.873,
                                                            "Actual Rows": 33043,
                                                            "Actual Loops": 1
                                                        },
                                                        {
                                                            "Worker Number": 1,
                                                            "Actual Startup Time": 13.865,
                                                            "Actual Total Time": 40.664,
                                                            "Actual Rows": 26305,
                                                            "Actual Loops": 1
                                                        },
                                                        {
                                                            "Worker Number": 2,
                                                            "Actual Startup Time": 13.777,
                                                            "Actual Total Time": 40.921,
                                                            "Actual Rows": 29248,
                                                            "Actual Loops": 1
                                                        },
                                                        {
                                                            "Worker Number": 3,
                                                            "Actual Startup Time": 14.258,
                                                            "Actual Total Time": 40.964,
                                                            "Actual Rows": 28363,
                                                            "Actual Loops": 1
                                                        }
                                                    ],
                                                    "Plans": [
                                                        {
                                                            "Node Type": "Bitmap Index Scan",
                                                            "Parent Relationship": "Outer",
                                                            "Parallel Aware": false,
                                                            "Index Name": "company_id_movie_companies",
                                                            "Startup Cost": 0.0,
                                                            "Total Cost": 3919.73,
                                                            "Plan Rows": 182840,
                                                            "Plan Width": 0,
                                                            "Actual Startup Time": 17.557,
                                                            "Actual Total Time": 17.557,
                                                            "Actual Rows": 185989,
                                                            "Actual Loops": 1,
                                                            "Index Cond": "(mc.company_id > 118193)"
                                                        }
                                                    ]
                                                }
                                            ]
                                        }
                                    ]
                                }
                            ]
                        }
                    ]
                }
            ]
        },
        "Planning Time": 277.645,
        "Triggers": [],
        "Execution Time": 244.691
    }
]