[
  {
    "Plan": {
      "Node Type": "Aggregate",
      "Strategy": "Plain",
      "Partial Mode": "Finalize",
      "Parallel Aware": false,
      "Startup Cost": 439281.13,
      "Total Cost": 439281.14,
      "Plan Rows": 1,
      "Plan Width": 8,
      "Actual Startup Time": 2537.775,
      "Actual Total Time": 2612.054,
      "Actual Rows": 1,
      "Actual Loops": 1,
      "Plans": [
        {
          "Node Type": "Gather",
          "Parent Relationship": "Outer",
          "Parallel Aware": false,
          "Startup Cost": 439280.82,
          "Total Cost": 439281.13,
          "Plan Rows": 3,
          "Plan Width": 8,
          "Actual Startup Time": 2518.259,
          "Actual Total Time": 2612.041,
          "Actual Rows": 4,
          "Actual Loops": 1,
          "Workers Planned": 3,
          "Workers Launched": 3,
          "Single Copy": false,
          "Plans": [
            {
              "Node Type": "Aggregate",
              "Strategy": "Plain",
              "Partial Mode": "Partial",
              "Parent Relationship": "Outer",
              "Parallel Aware": false,
              "Startup Cost": 438280.82,
              "Total Cost": 438280.83,
              "Plan Rows": 1,
              "Plan Width": 8,
              "Actual Startup Time": 2496.167,
              "Actual Total Time": 2496.173,
              "Actual Rows": 1,
              "Actual Loops": 4,
              "Plans": [
                {
                  "Node Type": "Hash Join",
                  "Parent Relationship": "Outer",
                  "Parallel Aware": true,
                  "Join Type": "Inner",
                  "Startup Cost": 402792.27,
                  "Total Cost": 435205.34,
                  "Plan Rows": 1230191,
                  "Plan Width": 0,
                  "Actual Startup Time": 2003.329,
                  "Actual Total Time": 2428.528,
                  "Actual Rows": 1404606,
                  "Actual Loops": 4,
                  "Inner Unique": false,
                  "Hash Cond": "(mc.movie_id = t.id)",
                  "Plans": [
                    {
                      "Node Type": "Seq Scan",
                      "Parent Relationship": "Outer",
                      "Parallel Aware": true,
                      "Relation Name": "movie_companies",
                      "Alias": "mc",
                      "Startup Cost": 0.0,
                      "Total Cost": 27206.55,
                      "Plan Rows": 841655,
                      "Plan Width": 4,
                      "Actual Startup Time": 0.019,
                      "Actual Total Time": 67.132,
                      "Actual Rows": 652282,
                      "Actual Loops": 4
                    },
                    {
                      "Node Type": "Hash",
                      "Parent Relationship": "Inner",
                      "Parallel Aware": true,
                      "Startup Cost": 395093.43,
                      "Total Cost": 395093.43,
                      "Plan Rows": 615907,
                      "Plan Width": 8,
                      "Actual Startup Time": 1991.196,
                      "Actual Total Time": 1991.201,
                      "Actual Rows": 578197,
                      "Actual Loops": 4,
                      "Hash Buckets": 4194304,
                      "Original Hash Buckets": 4194304,
                      "Hash Batches": 1,
                      "Original Hash Batches": 1,
                      "Peak Memory Usage": 123296,
                      "Plans": [
                        {
                          "Node Type": "Hash Join",
                          "Parent Relationship": "Outer",
                          "Parallel Aware": true,
                          "Join Type": "Inner",
                          "Startup Cost": 50219.64,
                          "Total Cost": 395093.43,
                          "Plan Rows": 615907,
                          "Plan Width": 8,
                          "Actual Startup Time": 941.199,
                          "Actual Total Time": 1731.718,
                          "Actual Rows": 578197,
                          "Actual Loops": 4,
                          "Inner Unique": true,
                          "Hash Cond": "(ci.movie_id = t.id)",
                          "Plans": [
                            {
                              "Node Type": "Seq Scan",
                              "Parent Relationship": "Outer",
                              "Parallel Aware": true,
                              "Relation Name": "cast_info",
                              "Alias": "ci",
                              "Startup Cost": 0.0,
                              "Total Cost": 343257.03,
                              "Plan Rows": 615907,
                              "Plan Width": 4,
                              "Actual Startup Time": 546.117,
                              "Actual Total Time": 1000.677,
                              "Actual Rows": 578197,
                              "Actual Loops": 4,
                              "Filter": "((person_id < 814615) AND (role_id > 2))",
                              "Rows Removed by Filter": 8482889
                            },
                            {
                              "Node Type": "Hash",
                              "Parent Relationship": "Inner",
                              "Parallel Aware": true,
                              "Startup Cost": 42318.73,
                              "Total Cost": 42318.73,
                              "Plan Rows": 632073,
                              "Plan Width": 4,
                              "Actual Startup Time": 386.168,
                              "Actual Total Time": 386.169,
                              "Actual Rows": 632078,
                              "Actual Loops": 4,
                              "Hash Buckets": 4194304,
                              "Original Hash Buckets": 4194304,
                              "Hash Batches": 1,
                              "Original Hash Batches": 1,
                              "Peak Memory Usage": 131744,
                              "Plans": [
                                {
                                  "Node Type": "Seq Scan",
                                  "Parent Relationship": "Outer",
                                  "Parallel Aware": true,
                                  "Relation Name": "title",
                                  "Alias": "t",
                                  "Startup Cost": 0.0,
                                  "Total Cost": 42318.73,
                                  "Plan Rows": 632073,
                                  "Plan Width": 4,
                                  "Actual Startup Time": 0.048,
                                  "Actual Total Time": 111.307,
                                  "Actual Rows": 632078,
                                  "Actual Loops": 4
                                }
                              ]
                            }
                          ]
                        }
                      ]
                    }
                  ]
                }
              ]
            }
          ]
        }
      ]
    },
    "Planning Time": 1.379,
    "Triggers": [],
    "Execution Time": 2612.209
  }
]