{
  "Plan": {
    "Node Type": "Aggregate",
    "Strategy": "Plain",
    "Partial Mode": "Finalize",
    "Parallel Aware": false,
    "Startup Cost": 328381.77,
    "Total Cost": 328381.78,
    "Plan Rows": 1,
    "Plan Width": 8,
    "Actual Startup Time": 2569.622,
    "Actual Total Time": 2596.21,
    "Actual Rows": 1,
    "Actual Loops": 1,
    "Plans": [
      {
        "Node Type": "Gather",
        "Parent Relationship": "Outer",
        "Parallel Aware": false,
        "Startup Cost": 328381.66,
        "Total Cost": 328381.77,
        "Plan Rows": 1,
        "Plan Width": 8,
        "Actual Startup Time": 2569.543,
        "Actual Total Time": 2596.203,
        "Actual Rows": 2,
        "Actual Loops": 1,
        "Workers Planned": 1,
        "Workers Launched": 1,
        "Single Copy": false,
        "Plans": [
          {
            "Node Type": "Aggregate",
            "Strategy": "Plain",
            "Partial Mode": "Partial",
            "Parent Relationship": "Outer",
            "Parallel Aware": false,
            "Startup Cost": 327381.66,
            "Total Cost": 327381.67,
            "Plan Rows": 1,
            "Plan Width": 8,
            "Actual Startup Time": 2563.579,
            "Actual Total Time": 2563.581,
            "Actual Rows": 1,
            "Actual Loops": 2,
            "Plans": [
              {
                "Node Type": "Merge Join",
                "Parent Relationship": "Outer",
                "Parallel Aware": false,
                "Join Type": "Inner",
                "Startup Cost": 6.98,
                "Total Cost": 325629.23,
                "Plan Rows": 700972,
                "Plan Width": 0,
                "Actual Startup Time": 3.064,
                "Actual Total Time": 2481.122,
                "Actual Rows": 1677445,
                "Actual Loops": 2,
                "Inner Unique": false,
                "Merge Cond": "(t.id = mc.movie_id)",
                "Plans": [
                  {
                    "Node Type": "Merge Join",
                    "Parent Relationship": "Outer",
                    "Parallel Aware": false,
                    "Join Type": "Inner",
                    "Startup Cost": 3.0,
                    "Total Cost": 170513.27,
                    "Plan Rows": 679255,
                    "Plan Width": 8,
                    "Actual Startup Time": 1.774,
                    "Actual Total Time": 1202.065,
                    "Actual Rows": 585216,
                    "Actual Loops": 2,
                    "Inner Unique": false,
                    "Merge Cond": "(t.id = mi_idx.movie_id)",
                    "Plans": [
                      {
                        "Node Type": "Index Scan",
                        "Parent Relationship": "Outer",
                        "Parallel Aware": true,
                        "Scan Direction": "Forward",
                        "Index Name": "title_pkey",
                        "Relation Name": "title",
                        "Alias": "t",
                        "Startup Cost": 0.43,
                        "Total Cost": 103647.43,
                        "Plan Rows": 1244429,
                        "Plan Width": 4,
                        "Actual Startup Time": 0.081,
                        "Actual Total Time": 731.762,
                        "Actual Rows": 1051605,
                        "Actual Loops": 2,
                        "Filter": "(production_year > 1968)",
                        "Rows Removed by Filter": 211337
                      },
                      {
                        "Node Type": "Index Only Scan",
                        "Parent Relationship": "Inner",
                        "Parallel Aware": false,
                        "Scan Direction": "Forward",
                        "Index Name": "movie_id_movie_info_idx",
                        "Relation Name": "movie_info_idx",
                        "Alias": "mi_idx",
                        "Startup Cost": 0.43,
                        "Total Cost": 53620.22,
                        "Plan Rows": 1380035,
                        "Plan Width": 4,
                        "Actual Startup Time": 0.165,
                        "Actual Total Time": 284.859,
                        "Actual Rows": 1380025,
                        "Actual Loops": 2,
                        "Heap Fetches": 2760050
                      }
                    ]
                  },
                  {
                    "Node Type": "Index Only Scan",
                    "Parent Relationship": "Inner",
                    "Parallel Aware": false,
                    "Scan Direction": "Forward",
                    "Index Name": "movie_id_movie_companies",
                    "Relation Name": "movie_companies",
                    "Alias": "mc",
                    "Startup Cost": 0.43,
                    "Total Cost": 140059.44,
                    "Plan Rows": 2609129,
                    "Plan Width": 4,
                    "Actual Startup Time": 0.128,
                    "Actual Total Time": 954.561,
                    "Actual Rows": 3728342,
                    "Actual Loops": 2,
                    "Heap Fetches": 7456684
                  }
                ]
              }
            ]
          }
        ]
      }
    ]
  },
  "Planning Time": 0.994,
  "Triggers": [],
  "Execution Time": 2596.303
}