[
  {
    "Plan": {
      "Node Type": "Aggregate",
      "Strategy": "Plain",
      "Partial Mode": "Finalize",
      "Parallel Aware": false,
      "Startup Cost": 248785.16,
      "Total Cost": 248785.17,
      "Plan Rows": 1,
      "Plan Width": 8,
      "Actual Startup Time": 437.217,
      "Actual Total Time": 463.512,
      "Actual Rows": 1,
      "Actual Loops": 1,
      "Plans": [
        {
          "Node Type": "Gather",
          "Parent Relationship": "Outer",
          "Parallel Aware": false,
          "Startup Cost": 248784.53,
          "Total Cost": 248785.14,
          "Plan Rows": 6,
          "Plan Width": 8,
          "Actual Startup Time": 435.898,
          "Actual Total Time": 463.498,
          "Actual Rows": 7,
          "Actual Loops": 1,
          "Workers Planned": 6,
          "Workers Launched": 6,
          "Single Copy": false,
          "Plans": [
            {
              "Node Type": "Aggregate",
              "Strategy": "Plain",
              "Partial Mode": "Partial",
              "Parent Relationship": "Outer",
              "Parallel Aware": false,
              "Startup Cost": 247784.53,
              "Total Cost": 247784.54,
              "Plan Rows": 1,
              "Plan Width": 8,
              "Actual Startup Time": 428.378,
              "Actual Total Time": 428.382,
              "Actual Rows": 1,
              "Actual Loops": 7,
              "Plans": [
                {
                  "Node Type": "Hash Join",
                  "Parent Relationship": "Outer",
                  "Parallel Aware": true,
                  "Join Type": "Inner",
                  "Startup Cost": 45668.98,
                  "Total Cost": 247709.69,
                  "Plan Rows": 29937,
                  "Plan Width": 0,
                  "Actual Startup Time": 80.316,
                  "Actual Total Time": 426.307,
                  "Actual Rows": 42899,
                  "Actual Loops": 7,
                  "Inner Unique": true,
                  "Hash Cond": "(ci.movie_id = t.id)",
                  "Plans": [
                    {
                      "Node Type": "Index Scan",
                      "Parent Relationship": "Outer",
                      "Parallel Aware": true,
                      "Scan Direction": "Forward",
                      "Index Name": "role_id_cast_info",
                      "Relation Name": "cast_info",
                      "Alias": "ci",
                      "Startup Cost": 0.56,
                      "Total Cost": 198752.95,
                      "Plan Rows": 1252698,
                      "Plan Width": 4,
                      "Actual Startup Time": 0.263,
                      "Actual Total Time": 189.823,
                      "Actual Rows": 1064568,
                      "Actual Loops": 7,
                      "Index Cond": "(role_id = 2)",
                      "Rows Removed by Index Recheck": 0
                    },
                    {
                      "Node Type": "Hash",
                      "Parent Relationship": "Inner",
                      "Parallel Aware": true,
                      "Startup Cost": 45479.59,
                      "Total Cost": 45479.59,
                      "Plan Rows": 15106,
                      "Plan Width": 4,
                      "Actual Startup Time": 79.42,
                      "Actual Total Time": 79.421,
                      "Actual Rows": 23562,
                      "Actual Loops": 7,
                      "Hash Buckets": 262144,
                      "Original Hash Buckets": 65536,
                      "Hash Batches": 1,
                      "Original Hash Batches": 1,
                      "Peak Memory Usage": 10144,
                      "Plans": [
                        {
                          "Node Type": "Seq Scan",
                          "Parent Relationship": "Outer",
                          "Parallel Aware": true,
                          "Relation Name": "title",
                          "Alias": "t",
                          "Startup Cost": 0.0,
                          "Total Cost": 45479.59,
                          "Plan Rows": 15106,
                          "Plan Width": 4,
                          "Actual Startup Time": 0.516,
                          "Actual Total Time": 65.156,
                          "Actual Rows": 23562,
                          "Actual Loops": 7,
                          "Filter": "((kind_id < 7) AND (production_year < 1951))",
                          "Rows Removed by Filter": 337626
                        }
                      ]
                    }
                  ]
                }
              ]
            }
          ]
        }
      ]
    },
    "Planning Time": 0.281,
    "Triggers": [],
    "Execution Time": 463.56
  }
]