[
  {
    "Plan": {
      "Node Type": "Aggregate",
      "Strategy": "Plain",
      "Partial Mode": "Simple",
      "Parallel Aware": false,
      "Startup Cost": 1059.93,
      "Total Cost": 1059.94,
      "Plan Rows": 1,
      "Plan Width": 8,
      "Actual Startup Time": 0.331,
      "Actual Total Time": 0.332,
      "Actual Rows": 1,
      "Actual Loops": 1,
      "Plans": [
        {
          "Node Type": "Index Scan",
          "Parent Relationship": "Outer",
          "Parallel Aware": false,
          "Scan Direction": "Forward",
          "Index Name": "person_id_cast_info",
          "Relation Name": "cast_info",
          "Alias": "ci",
          "Startup Cost": 0.56,
          "Total Cost": 1059.67,
          "Plan Rows": 102,
          "Plan Width": 0,
          "Actual Startup Time": 0.291,
          "Actual Total Time": 0.32,
          "Actual Rows": 40,
          "Actual Loops": 1,
          "Index Cond": "(person_id = 2495836)",
          "Rows Removed by Index Recheck": 0,
          "Filter": "(role_id > 7)",
          "Rows Removed by Filter": 1
        }
      ]
    },
    "Planning Time": 0.188,
    "Triggers": [],
    "Execution Time": 0.377
  }
]