[
  {
    "Plan": {
      "Node Type": "Aggregate",
      "Strategy": "Plain",
      "Partial Mode": "Finalize",
      "Parallel Aware": false,
      "Startup Cost": 29171.91,
      "Total Cost": 29171.92,
      "Plan Rows": 1,
      "Plan Width": 8,
      "Actual Startup Time": 50.043,
      "Actual Total Time": 53.017,
      "Actual Rows": 1,
      "Actual Loops": 1,
      "Plans": [
        {
          "Node Type": "Gather",
          "Parent Relationship": "Outer",
          "Parallel Aware": false,
          "Startup Cost": 29171.6,
          "Total Cost": 29171.91,
          "Plan Rows": 3,
          "Plan Width": 8,
          "Actual Startup Time": 49.911,
          "Actual Total Time": 53.012,
          "Actual Rows": 4,
          "Actual Loops": 1,
          "Workers Planned": 3,
          "Workers Launched": 3,
          "Single Copy": false,
          "Plans": [
            {
              "Node Type": "Aggregate",
              "Strategy": "Plain",
              "Partial Mode": "Partial",
              "Parent Relationship": "Outer",
              "Parallel Aware": false,
              "Startup Cost": 28171.6,
              "Total Cost": 28171.61,
              "Plan Rows": 1,
              "Plan Width": 8,
              "Actual Startup Time": 44.969,
              "Actual Total Time": 44.971,
              "Actual Rows": 1,
              "Actual Loops": 4,
              "Plans": [
                {
                  "Node Type": "Bitmap Heap Scan",
                  "Parent Relationship": "Outer",
                  "Parallel Aware": true,
                  "Relation Name": "movie_companies",
                  "Alias": "mc",
                  "Startup Cost": 7543.12,
                  "Total Cost": 28027.29,
                  "Plan Rows": 57722,
                  "Plan Width": 0,
                  "Actual Startup Time": 12.987,
                  "Actual Total Time": 40.126,
                  "Actual Rows": 87297,
                  "Actual Loops": 4,
                  "Recheck Cond": "(company_id > 88356)",
                  "Rows Removed by Index Recheck": 0,
                  "Filter": "(company_type_id = 2)",
                  "Rows Removed by Filter": 0,
                  "Exact Heap Blocks": 2231,
                  "Lossy Heap Blocks": 0,
                  "Plans": [
                    {
                      "Node Type": "Bitmap Index Scan",
                      "Parent Relationship": "Outer",
                      "Parallel Aware": false,
                      "Index Name": "company_id_movie_companies",
                      "Startup Cost": 0.0,
                      "Total Cost": 7498.39,
                      "Plan Rows": 350128,
                      "Plan Width": 0,
                      "Actual Startup Time": 16.851,
                      "Actual Total Time": 16.852,
                      "Actual Rows": 349188,
                      "Actual Loops": 1,
                      "Index Cond": "(company_id > 88356)"
                    }
                  ]
                }
              ]
            }
          ]
        }
      ]
    },
    "Planning Time": 0.099,
    "Triggers": [],
    "Execution Time": 53.052
  }
]