{
  "Plan": {
    "Node Type": "Aggregate",
    "Strategy": "Plain",
    "Partial Mode": "Finalize",
    "Parallel Aware": false,
    "Startup Cost": 78184.11,
    "Total Cost": 78184.12,
    "Plan Rows": 1,
    "Plan Width": 8,
    "Actual Startup Time": 252.624,
    "Actual Total Time": 267.918,
    "Actual Rows": 1,
    "Actual Loops": 1,
    "Plans": [
      {
        "Node Type": "Gather",
        "Parent Relationship": "Outer",
        "Parallel Aware": false,
        "Startup Cost": 78183.99,
        "Total Cost": 78184.1,
        "Plan Rows": 1,
        "Plan Width": 8,
        "Actual Startup Time": 252.381,
        "Actual Total Time": 267.912,
        "Actual Rows": 2,
        "Actual Loops": 1,
        "Workers Planned": 1,
        "Workers Launched": 1,
        "Single Copy": false,
        "Plans": [
          {
            "Node Type": "Aggregate",
            "Strategy": "Plain",
            "Partial Mode": "Partial",
            "Parent Relationship": "Outer",
            "Parallel Aware": false,
            "Startup Cost": 77183.99,
            "Total Cost": 77184.0,
            "Plan Rows": 1,
            "Plan Width": 8,
            "Actual Startup Time": 246.754,
            "Actual Total Time": 246.757,
            "Actual Rows": 1,
            "Actual Loops": 2,
            "Plans": [
              {
                "Node Type": "Hash Join",
                "Parent Relationship": "Outer",
                "Parallel Aware": true,
                "Join Type": "Inner",
                "Startup Cost": 58396.44,
                "Total Cost": 77180.76,
                "Plan Rows": 1294,
                "Plan Width": 0,
                "Actual Startup Time": 195.36,
                "Actual Total Time": 246.614,
                "Actual Rows": 1777,
                "Actual Loops": 2,
                "Inner Unique": true,
                "Hash Cond": "(mi_idx.movie_id = t.id)",
                "Plans": [
                  {
                    "Node Type": "Seq Scan",
                    "Parent Relationship": "Outer",
                    "Parallel Aware": true,
                    "Relation Name": "movie_info_idx",
                    "Alias": "mi_idx",
                    "Startup Cost": 0.0,
                    "Total Cost": 18082.32,
                    "Plan Rows": 267429,
                    "Plan Width": 4,
                    "Actual Startup Time": 0.022,
                    "Actual Total Time": 58.329,
                    "Actual Rows": 229962,
                    "Actual Loops": 2,
                    "Filter": "(info_type_id < 100)",
                    "Rows Removed by Filter": 460055
                  },
                  {
                    "Node Type": "Hash",
                    "Parent Relationship": "Inner",
                    "Parallel Aware": true,
                    "Startup Cost": 58306.47,
                    "Total Cost": 58306.47,
                    "Plan Rows": 7198,
                    "Plan Width": 4,
                    "Actual Startup Time": 160.831,
                    "Actual Total Time": 160.832,
                    "Actual Rows": 17524,
                    "Actual Loops": 2,
                    "Hash Buckets": 65536,
                    "Original Hash Buckets": 16384,
                    "Hash Batches": 1,
                    "Original Hash Batches": 1,
                    "Peak Memory Usage": 2304,
                    "Plans": [
                      {
                        "Node Type": "Seq Scan",
                        "Parent Relationship": "Outer",
                        "Parallel Aware": true,
                        "Relation Name": "title",
                        "Alias": "t",
                        "Startup Cost": 0.0,
                        "Total Cost": 58306.47,
                        "Plan Rows": 7198,
                        "Plan Width": 4,
                        "Actual Startup Time": 100.27,
                        "Actual Total Time": 154.175,
                        "Actual Rows": 17524,
                        "Actual Loops": 2,
                        "Filter": "((kind_id < 7) AND (production_year < 1912))",
                        "Rows Removed by Filter": 1246632
                      }
                    ]
                  }
                ]
              }
            ]
          }
        ]
      }
    ]
  },
  "Planning Time": 0.457,
  "Triggers": [],
  "Execution Time": 267.99
}