[
  {
    "Plan": {
      "Node Type": "Aggregate",
      "Strategy": "Plain",
      "Partial Mode": "Finalize",
      "Parallel Aware": false,
      "Startup Cost": 46741.7,
      "Total Cost": 46741.71,
      "Plan Rows": 1,
      "Plan Width": 8,
      "Actual Startup Time": 193.036,
      "Actual Total Time": 200.232,
      "Actual Rows": 1,
      "Actual Loops": 1,
      "Plans": [
        {
          "Node Type": "Gather",
          "Parent Relationship": "Outer",
          "Parallel Aware": false,
          "Startup Cost": 46741.38,
          "Total Cost": 46741.69,
          "Plan Rows": 3,
          "Plan Width": 8,
          "Actual Startup Time": 192.904,
          "Actual Total Time": 200.224,
          "Actual Rows": 4,
          "Actual Loops": 1,
          "Workers Planned": 3,
          "Workers Launched": 3,
          "Single Copy": false,
          "Plans": [
            {
              "Node Type": "Aggregate",
              "Strategy": "Plain",
              "Partial Mode": "Partial",
              "Parent Relationship": "Outer",
              "Parallel Aware": false,
              "Startup Cost": 45741.38,
              "Total Cost": 45741.39,
              "Plan Rows": 1,
              "Plan Width": 8,
              "Actual Startup Time": 184.504,
              "Actual Total Time": 184.505,
              "Actual Rows": 1,
              "Actual Loops": 4,
              "Plans": [
                {
                  "Node Type": "Seq Scan",
                  "Parent Relationship": "Outer",
                  "Parallel Aware": true,
                  "Relation Name": "movie_keyword",
                  "Alias": "mk",
                  "Startup Cost": 0.0,
                  "Total Cost": 42695.65,
                  "Plan Rows": 1218291,
                  "Plan Width": 0,
                  "Actual Startup Time": 0.056,
                  "Actual Total Time": 134.022,
                  "Actual Rows": 945000,
                  "Actual Loops": 4,
                  "Filter": "(keyword_id < 25235)",
                  "Rows Removed by Filter": 185983
                }
              ]
            }
          ]
        }
      ]
    },
    "Planning Time": 0.188,
    "Triggers": [],
    "Execution Time": 200.287
  }
]