[
  {
    "Plan": {
      "Node Type": "Aggregate",
      "Strategy": "Plain",
      "Partial Mode": "Finalize",
      "Parallel Aware": false,
      "Startup Cost": 46568.3,
      "Total Cost": 46568.31,
      "Plan Rows": 1,
      "Plan Width": 8,
      "Actual Startup Time": 86.034,
      "Actual Total Time": 98.408,
      "Actual Rows": 1,
      "Actual Loops": 1,
      "Plans": [
        {
          "Node Type": "Gather",
          "Parent Relationship": "Outer",
          "Parallel Aware": false,
          "Startup Cost": 46567.88,
          "Total Cost": 46568.29,
          "Plan Rows": 4,
          "Plan Width": 8,
          "Actual Startup Time": 85.844,
          "Actual Total Time": 98.398,
          "Actual Rows": 5,
          "Actual Loops": 1,
          "Workers Planned": 4,
          "Workers Launched": 4,
          "Single Copy": false,
          "Plans": [
            {
              "Node Type": "Aggregate",
              "Strategy": "Plain",
              "Partial Mode": "Partial",
              "Parent Relationship": "Outer",
              "Parallel Aware": false,
              "Startup Cost": 45567.88,
              "Total Cost": 45567.89,
              "Plan Rows": 1,
              "Plan Width": 8,
              "Actual Startup Time": 81.924,
              "Actual Total Time": 81.925,
              "Actual Rows": 1,
              "Actual Loops": 5,
              "Plans": [
                {
                  "Node Type": "Seq Scan",
                  "Parent Relationship": "Outer",
                  "Parallel Aware": true,
                  "Relation Name": "title",
                  "Alias": "t",
                  "Startup Cost": 0.0,
                  "Total Cost": 45479.59,
                  "Plan Rows": 35319,
                  "Plan Width": 0,
                  "Actual Startup Time": 0.069,
                  "Actual Total Time": 79.379,
                  "Actual Rows": 55133,
                  "Actual Loops": 5,
                  "Filter": "((kind_id < 4) AND (production_year < 1975))",
                  "Rows Removed by Filter": 450529
                }
              ]
            }
          ]
        }
      ]
    },
    "Planning Time": 0.161,
    "Triggers": [],
    "Execution Time": 98.456
  }
]