[
  {
    "Plan": {
      "Node Type": "Aggregate",
      "Strategy": "Plain",
      "Partial Mode": "Finalize",
      "Parallel Aware": false,
      "Startup Cost": 44682.79,
      "Total Cost": 44682.8,
      "Plan Rows": 1,
      "Plan Width": 8,
      "Actual Startup Time": 127.103,
      "Actual Total Time": 137.999,
      "Actual Rows": 1,
      "Actual Loops": 1,
      "Plans": [
        {
          "Node Type": "Gather",
          "Parent Relationship": "Outer",
          "Parallel Aware": false,
          "Startup Cost": 44682.47,
          "Total Cost": 44682.78,
          "Plan Rows": 3,
          "Plan Width": 8,
          "Actual Startup Time": 127.009,
          "Actual Total Time": 137.991,
          "Actual Rows": 4,
          "Actual Loops": 1,
          "Workers Planned": 3,
          "Workers Launched": 3,
          "Single Copy": false,
          "Plans": [
            {
              "Node Type": "Aggregate",
              "Strategy": "Plain",
              "Partial Mode": "Partial",
              "Parent Relationship": "Outer",
              "Parallel Aware": false,
              "Startup Cost": 43682.47,
              "Total Cost": 43682.48,
              "Plan Rows": 1,
              "Plan Width": 8,
              "Actual Startup Time": 123.315,
              "Actual Total Time": 123.316,
              "Actual Rows": 1,
              "Actual Loops": 4,
              "Plans": [
                {
                  "Node Type": "Seq Scan",
                  "Parent Relationship": "Outer",
                  "Parallel Aware": true,
                  "Relation Name": "movie_keyword",
                  "Alias": "mk",
                  "Startup Cost": 0.0,
                  "Total Cost": 42695.65,
                  "Plan Rows": 394728,
                  "Plan Width": 0,
                  "Actual Startup Time": 1.179,
                  "Actual Total Time": 106.934,
                  "Actual Rows": 306854,
                  "Actual Loops": 4,
                  "Filter": "(keyword_id > 14801)",
                  "Rows Removed by Filter": 824128
                }
              ]
            }
          ]
        }
      ]
    },
    "Planning Time": 0.067,
    "Triggers": [],
    "Execution Time": 138.026
  }
]