[
  {
    "Plan": {
      "Node Type": "Aggregate",
      "Strategy": "Plain",
      "Partial Mode": "Finalize",
      "Parallel Aware": false,
      "Startup Cost": 28702.92,
      "Total Cost": 28702.93,
      "Plan Rows": 1,
      "Plan Width": 8,
      "Actual Startup Time": 95.067,
      "Actual Total Time": 101.381,
      "Actual Rows": 1,
      "Actual Loops": 1,
      "Plans": [
        {
          "Node Type": "Gather",
          "Parent Relationship": "Outer",
          "Parallel Aware": false,
          "Startup Cost": 28702.6,
          "Total Cost": 28702.91,
          "Plan Rows": 3,
          "Plan Width": 8,
          "Actual Startup Time": 94.736,
          "Actual Total Time": 101.374,
          "Actual Rows": 4,
          "Actual Loops": 1,
          "Workers Planned": 3,
          "Workers Launched": 3,
          "Single Copy": false,
          "Plans": [
            {
              "Node Type": "Aggregate",
              "Strategy": "Plain",
              "Partial Mode": "Partial",
              "Parent Relationship": "Outer",
              "Parallel Aware": false,
              "Startup Cost": 27702.6,
              "Total Cost": 27702.61,
              "Plan Rows": 1,
              "Plan Width": 8,
              "Actual Startup Time": 85.685,
              "Actual Total Time": 85.686,
              "Actual Rows": 1,
              "Actual Loops": 4,
              "Plans": [
                {
                  "Node Type": "Bitmap Heap Scan",
                  "Parent Relationship": "Outer",
                  "Parallel Aware": true,
                  "Relation Name": "movie_companies",
                  "Alias": "mc",
                  "Startup Cost": 7285.89,
                  "Total Cost": 27431.48,
                  "Plan Rows": 108448,
                  "Plan Width": 0,
                  "Actual Startup Time": 30.762,
                  "Actual Total Time": 79.845,
                  "Actual Rows": 82480,
                  "Actual Loops": 4,
                  "Recheck Cond": "(company_id < 164)",
                  "Rows Removed by Index Recheck": 0,
                  "Exact Heap Blocks": 9010,
                  "Lossy Heap Blocks": 0,
                  "Plans": [
                    {
                      "Node Type": "Bitmap Index Scan",
                      "Parent Relationship": "Outer",
                      "Parallel Aware": false,
                      "Index Name": "company_id_movie_companies",
                      "Startup Cost": 0.0,
                      "Total Cost": 7201.84,
                      "Plan Rows": 336188,
                      "Plan Width": 0,
                      "Actual Startup Time": 35.051,
                      "Actual Total Time": 35.051,
                      "Actual Rows": 329920,
                      "Actual Loops": 1,
                      "Index Cond": "(company_id < 164)"
                    }
                  ]
                }
              ]
            }
          ]
        }
      ]
    },
    "Planning Time": 0.199,
    "Triggers": [],
    "Execution Time": 101.455
  }
]