{
    "Plan": {
        "Node Type": "Aggregate",
        "Strategy": "Plain",
        "Partial Mode": "Finalize",
        "Parallel Aware": false,
        "Startup Cost": 50316.99,
        "Total Cost": 50317.0,
        "Plan Rows": 1,
        "Plan Width": 8,
        "Actual Startup Time": 106.437,
        "Actual Total Time": 120.436,
        "Actual Rows": 1,
        "Actual Loops": 1,
        "Output": [
            "count(*)"
        ],
        "Plans": [
            {
                "Node Type": "Gather",
                "Parent Relationship": "Outer",
                "Parallel Aware": false,
                "Startup Cost": 50316.57,
                "Total Cost": 50316.98,
                "Plan Rows": 4,
                "Plan Width": 8,
                "Actual Startup Time": 106.305,
                "Actual Total Time": 120.428,
                "Actual Rows": 5,
                "Actual Loops": 1,
                "Output": [
                    "(PARTIAL count(*))"
                ],
                "Workers Planned": 4,
                "Workers Launched": 4,
                "Single Copy": false,
                "Plans": [
                    {
                        "Node Type": "Aggregate",
                        "Strategy": "Plain",
                        "Partial Mode": "Partial",
                        "Parent Relationship": "Outer",
                        "Parallel Aware": false,
                        "Startup Cost": 49316.57,
                        "Total Cost": 49316.58,
                        "Plan Rows": 1,
                        "Plan Width": 8,
                        "Actual Startup Time": 96.087,
                        "Actual Total Time": 96.089,
                        "Actual Rows": 1,
                        "Actual Loops": 5,
                        "Output": [
                            "PARTIAL count(*)"
                        ],
                        "Workers": [
                            {
                                "Worker Number": 0,
                                "Actual Startup Time": 93.403,
                                "Actual Total Time": 93.405,
                                "Actual Rows": 1,
                                "Actual Loops": 1
                            },
                            {
                                "Worker Number": 1,
                                "Actual Startup Time": 93.702,
                                "Actual Total Time": 93.704,
                                "Actual Rows": 1,
                                "Actual Loops": 1
                            },
                            {
                                "Worker Number": 2,
                                "Actual Startup Time": 93.863,
                                "Actual Total Time": 93.865,
                                "Actual Rows": 1,
                                "Actual Loops": 1
                            },
                            {
                                "Worker Number": 3,
                                "Actual Startup Time": 94.048,
                                "Actual Total Time": 94.051,
                                "Actual Rows": 1,
                                "Actual Loops": 1
                            }
                        ],
                        "Plans": [
                            {
                                "Node Type": "Nested Loop",
                                "Parent Relationship": "Outer",
                                "Parallel Aware": false,
                                "Join Type": "Inner",
                                "Startup Cost": 0.86,
                                "Total Cost": 49315.42,
                                "Plan Rows": 460,
                                "Plan Width": 0,
                                "Actual Startup Time": 59.264,
                                "Actual Total Time": 95.922,
                                "Actual Rows": 1520,
                                "Actual Loops": 5,
                                "Inner Unique": false,
                                "Join Filter": "(t.id = mi.movie_id)",
                                "Rows Removed by Join Filter": 0,
                                "Workers": [
                                    {
                                        "Worker Number": 0,
                                        "Actual Startup Time": 56.917,
                                        "Actual Total Time": 93.226,
                                        "Actual Rows": 861,
                                        "Actual Loops": 1
                                    },
                                    {
                                        "Worker Number": 1,
                                        "Actual Startup Time": 56.802,
                                        "Actual Total Time": 93.539,
                                        "Actual Rows": 1367,
                                        "Actual Loops": 1
                                    },
                                    {
                                        "Worker Number": 2,
                                        "Actual Startup Time": 56.956,
                                        "Actual Total Time": 93.686,
                                        "Actual Rows": 1514,
                                        "Actual Loops": 1
                                    },
                                    {
                                        "Worker Number": 3,
                                        "Actual Startup Time": 57.238,
                                        "Actual Total Time": 93.872,
                                        "Actual Rows": 1416,
                                        "Actual Loops": 1
                                    }
                                ],
                                "Plans": [
                                    {
                                        "Node Type": "Nested Loop",
                                        "Parent Relationship": "Outer",
                                        "Parallel Aware": false,
                                        "Join Type": "Inner",
                                        "Startup Cost": 0.43,
                                        "Total Cost": 49012.61,
                                        "Plan Rows": 85,
                                        "Plan Width": 8,
                                        "Actual Startup Time": 59.166,
                                        "Actual Total Time": 86.453,
                                        "Actual Rows": 173,
                                        "Actual Loops": 5,
                                        "Output": [
                                            "t.id",
                                            "mi_idx.movie_id"
                                        ],
                                        "Inner Unique": false,
                                        "Workers": [
                                            {
                                                "Worker Number": 0,
                                                "Actual Startup Time": 56.798,
                                                "Actual Total Time": 83.168,
                                                "Actual Rows": 99,
                                                "Actual Loops": 1
                                            },
                                            {
                                                "Worker Number": 1,
                                                "Actual Startup Time": 56.676,
                                                "Actual Total Time": 83.199,
                                                "Actual Rows": 159,
                                                "Actual Loops": 1
                                            },
                                            {
                                                "Worker Number": 2,
                                                "Actual Startup Time": 56.844,
                                                "Actual Total Time": 82.927,
                                                "Actual Rows": 166,
                                                "Actual Loops": 1
                                            },
                                            {
                                                "Worker Number": 3,
                                                "Actual Startup Time": 57.126,
                                                "Actual Total Time": 82.378,
                                                "Actual Rows": 155,
                                                "Actual Loops": 1
                                            }
                                        ],
                                        "Plans": [
                                            {
                                                "Node Type": "Seq Scan",
                                                "Parent Relationship": "Outer",
                                                "Parallel Aware": true,
                                                "Relation Name": "title",
                                                "Schema": "public",
                                                "Alias": "t",
                                                "Startup Cost": 0.0,
                                                "Total Cost": 45479.21,
                                                "Plan Rows": 467,
                                                "Plan Width": 4,
                                                "Actual Startup Time": 59.081,
                                                "Actual Total Time": 81.696,
                                                "Actual Rows": 480,
                                                "Actual Loops": 5,
                                                "Output": [
                                                    "t.id",
                                                    "t.title",
                                                    "t.imdb_index",
                                                    "t.kind_id",
                                                    "t.production_year",
                                                    "t.imdb_id",
                                                    "t.phonetic_code",
                                                    "t.episode_of_id",
                                                    "t.season_nr",
                                                    "t.episode_nr",
                                                    "t.series_years",
                                                    "t.md5sum"
                                                ],
                                                "Filter": "((t.kind_id = 4) AND (t.production_year = 1995))",
                                                "Rows Removed by Filter": 505182,
                                                "Workers": [
                                                    {
                                                        "Worker Number": 0,
                                                        "Actual Startup Time": 56.706,
                                                        "Actual Total Time": 78.196,
                                                        "Actual Rows": 277,
                                                        "Actual Loops": 1
                                                    },
                                                    {
                                                        "Worker Number": 1,
                                                        "Actual Startup Time": 56.574,
                                                        "Actual Total Time": 78.199,
                                                        "Actual Rows": 427,
                                                        "Actual Loops": 1
                                                    },
                                                    {
                                                        "Worker Number": 2,
                                                        "Actual Startup Time": 56.762,
                                                        "Actual Total Time": 78.08,
                                                        "Actual Rows": 439,
                                                        "Actual Loops": 1
                                                    },
                                                    {
                                                        "Worker Number": 3,
                                                        "Actual Startup Time": 57.01,
                                                        "Actual Total Time": 77.208,
                                                        "Actual Rows": 409,
                                                        "Actual Loops": 1
                                                    }
                                                ]
                                            },
                                            {
                                                "Node Type": "Index Scan",
                                                "Parent Relationship": "Inner",
                                                "Parallel Aware": false,
                                                "Scan Direction": "Forward",
                                                "Index Name": "movie_id_movie_info_idx",
                                                "Relation Name": "movie_info_idx",
                                                "Schema": "public",
                                                "Alias": "mi_idx",
                                                "Startup Cost": 0.43,
                                                "Total Cost": 7.56,
                                                "Plan Rows": 1,
                                                "Plan Width": 4,
                                                "Actual Startup Time": 0.009,
                                                "Actual Total Time": 0.009,
                                                "Actual Rows": 0,
                                                "Actual Loops": 2400,
                                                "Output": [
                                                    "mi_idx.id",
                                                    "mi_idx.movie_id",
                                                    "mi_idx.info_type_id",
                                                    "mi_idx.info",
                                                    "mi_idx.note"
                                                ],
                                                "Index Cond": "(mi_idx.movie_id = t.id)",
                                                "Rows Removed by Index Recheck": 0,
                                                "Filter": "(mi_idx.info_type_id < 100)",
                                                "Rows Removed by Filter": 1,
                                                "Workers": [
                                                    {
                                                        "Worker Number": 0,
                                                        "Actual Startup Time": 0.017,
                                                        "Actual Total Time": 0.017,
                                                        "Actual Rows": 0,
                                                        "Actual Loops": 277
                                                    },
                                                    {
                                                        "Worker Number": 1,
                                                        "Actual Startup Time": 0.011,
                                                        "Actual Total Time": 0.011,
                                                        "Actual Rows": 0,
                                                        "Actual Loops": 427
                                                    },
                                                    {
                                                        "Worker Number": 2,
                                                        "Actual Startup Time": 0.01,
                                                        "Actual Total Time": 0.01,
                                                        "Actual Rows": 0,
                                                        "Actual Loops": 439
                                                    },
                                                    {
                                                        "Worker Number": 3,
                                                        "Actual Startup Time": 0.012,
                                                        "Actual Total Time": 0.012,
                                                        "Actual Rows": 0,
                                                        "Actual Loops": 409
                                                    }
                                                ]
                                            }
                                        ]
                                    },
                                    {
                                        "Node Type": "Index Scan",
                                        "Parent Relationship": "Inner",
                                        "Parallel Aware": false,
                                        "Scan Direction": "Forward",
                                        "Index Name": "movie_id_movie_info",
                                        "Relation Name": "movie_info",
                                        "Schema": "public",
                                        "Alias": "mi",
                                        "Startup Cost": 0.43,
                                        "Total Cost": 3.1,
                                        "Plan Rows": 37,
                                        "Plan Width": 4,
                                        "Actual Startup Time": 0.018,
                                        "Actual Total Time": 0.053,
                                        "Actual Rows": 9,
                                        "Actual Loops": 867,
                                        "Output": [
                                            "mi.id",
                                            "mi.movie_id",
                                            "mi.info_type_id",
                                            "mi.info",
                                            "mi.note"
                                        ],
                                        "Index Cond": "(mi.movie_id = mi_idx.movie_id)",
                                        "Rows Removed by Index Recheck": 0,
                                        "Filter": "(mi.info_type_id < 84)",
                                        "Rows Removed by Filter": 0,
                                        "Workers": [
                                            {
                                                "Worker Number": 0,
                                                "Actual Startup Time": 0.034,
                                                "Actual Total Time": 0.099,
                                                "Actual Rows": 9,
                                                "Actual Loops": 99
                                            },
                                            {
                                                "Worker Number": 1,
                                                "Actual Startup Time": 0.022,
                                                "Actual Total Time": 0.063,
                                                "Actual Rows": 9,
                                                "Actual Loops": 159
                                            },
                                            {
                                                "Worker Number": 2,
                                                "Actual Startup Time": 0.021,
                                                "Actual Total Time": 0.063,
                                                "Actual Rows": 9,
                                                "Actual Loops": 166
                                            },
                                            {
                                                "Worker Number": 3,
                                                "Actual Startup Time": 0.024,
                                                "Actual Total Time": 0.072,
                                                "Actual Rows": 9,
                                                "Actual Loops": 155
                                            }
                                        ]
                                    }
                                ]
                            }
                        ]
                    }
                ]
            }
        ]
    },
    "Planning Time": 1.552,
    "Triggers": [],
    "Execution Time": 120.526
}