{
  "Plan": {
    "Node Type": "Aggregate",
    "Strategy": "Plain",
    "Partial Mode": "Finalize",
    "Parallel Aware": false,
    "Startup Cost": 443195.31,
    "Total Cost": 443195.32,
    "Plan Rows": 1,
    "Plan Width": 8,
    "Actual Startup Time": 823.727,
    "Actual Total Time": 843.769,
    "Actual Rows": 1,
    "Actual Loops": 1,
    "Plans": [
      {
        "Node Type": "Gather",
        "Parent Relationship": "Outer",
        "Parallel Aware": false,
        "Startup Cost": 443195.2,
        "Total Cost": 443195.31,
        "Plan Rows": 1,
        "Plan Width": 8,
        "Actual Startup Time": 822.939,
        "Actual Total Time": 843.76,
        "Actual Rows": 2,
        "Actual Loops": 1,
        "Workers Planned": 1,
        "Workers Launched": 1,
        "Single Copy": false,
        "Plans": [
          {
            "Node Type": "Aggregate",
            "Strategy": "Plain",
            "Partial Mode": "Partial",
            "Parent Relationship": "Outer",
            "Parallel Aware": false,
            "Startup Cost": 442195.2,
            "Total Cost": 442195.21,
            "Plan Rows": 1,
            "Plan Width": 8,
            "Actual Startup Time": 817.22,
            "Actual Total Time": 817.224,
            "Actual Rows": 1,
            "Actual Loops": 2,
            "Plans": [
              {
                "Node Type": "Hash Join",
                "Parent Relationship": "Outer",
                "Parallel Aware": true,
                "Join Type": "Inner",
                "Startup Cost": 150818.86,
                "Total Cost": 441792.29,
                "Plan Rows": 161162,
                "Plan Width": 0,
                "Actual Startup Time": 299.829,
                "Actual Total Time": 808.89,
                "Actual Rows": 188977,
                "Actual Loops": 2,
                "Inner Unique": true,
                "Hash Cond": "(ci.movie_id = t.id)",
                "Plans": [
                  {
                    "Node Type": "Bitmap Heap Scan",
                    "Parent Relationship": "Outer",
                    "Parallel Aware": true,
                    "Relation Name": "cast_info",
                    "Alias": "ci",
                    "Startup Cost": 95046.88,
                    "Total Cost": 379375.55,
                    "Plan Rows": 2531334,
                    "Plan Width": 4,
                    "Actual Startup Time": 140.305,
                    "Actual Total Time": 363.469,
                    "Actual Rows": 2051546,
                    "Actual Loops": 2,
                    "Recheck Cond": "(person_id > 3305344)",
                    "Rows Removed by Index Recheck": 0,
                    "Exact Heap Blocks": 31938,
                    "Lossy Heap Blocks": 0,
                    "Plans": [
                      {
                        "Node Type": "Bitmap Index Scan",
                        "Parent Relationship": "Outer",
                        "Parallel Aware": false,
                        "Index Name": "person_id_cast_info",
                        "Startup Cost": 0.0,
                        "Total Cost": 93971.07,
                        "Plan Rows": 4303267,
                        "Plan Width": 0,
                        "Actual Startup Time": 130.323,
                        "Actual Total Time": 130.323,
                        "Actual Rows": 4103093,
                        "Actual Loops": 1,
                        "Index Cond": "(person_id > 3305344)"
                      }
                    ]
                  },
                  {
                    "Node Type": "Hash",
                    "Parent Relationship": "Inner",
                    "Parallel Aware": true,
                    "Startup Cost": 54588.39,
                    "Total Cost": 54588.39,
                    "Plan Rows": 94687,
                    "Plan Width": 4,
                    "Actual Startup Time": 156.102,
                    "Actual Total Time": 156.103,
                    "Actual Rows": 82154,
                    "Actual Loops": 2,
                    "Hash Buckets": 262144,
                    "Original Hash Buckets": 262144,
                    "Hash Batches": 1,
                    "Original Hash Batches": 1,
                    "Peak Memory Usage": 8512,
                    "Plans": [
                      {
                        "Node Type": "Seq Scan",
                        "Parent Relationship": "Outer",
                        "Parallel Aware": true,
                        "Relation Name": "title",
                        "Alias": "t",
                        "Startup Cost": 0.0,
                        "Total Cost": 54588.39,
                        "Plan Rows": 94687,
                        "Plan Width": 4,
                        "Actual Startup Time": 0.033,
                        "Actual Total Time": 132.932,
                        "Actual Rows": 82154,
                        "Actual Loops": 2,
                        "Filter": "(production_year = 2012)",
                        "Rows Removed by Filter": 1182002
                      }
                    ]
                  }
                ]
              }
            ]
          }
        ]
      }
    ]
  },
  "Planning Time": 0.574,
  "Triggers": [],
  "Execution Time": 843.858
}