{
    "Plan": {
        "Node Type": "Aggregate",
        "Strategy": "Plain",
        "Partial Mode": "Finalize",
        "Parallel Aware": false,
        "Startup Cost": 147067.2,
        "Total Cost": 147067.21,
        "Plan Rows": 1,
        "Plan Width": 8,
        "Actual Startup Time": 909.39,
        "Actual Total Time": 936.596,
        "Actual Rows": 1,
        "Actual Loops": 1,
        "Output": [
            "count(*)"
        ],
        "Plans": [
            {
                "Node Type": "Gather",
                "Parent Relationship": "Outer",
                "Parallel Aware": false,
                "Startup Cost": 147066.89,
                "Total Cost": 147067.2,
                "Plan Rows": 3,
                "Plan Width": 8,
                "Actual Startup Time": 893.344,
                "Actual Total Time": 936.585,
                "Actual Rows": 4,
                "Actual Loops": 1,
                "Output": [
                    "(PARTIAL count(*))"
                ],
                "Workers Planned": 3,
                "Workers Launched": 3,
                "Single Copy": false,
                "Plans": [
                    {
                        "Node Type": "Aggregate",
                        "Strategy": "Plain",
                        "Partial Mode": "Partial",
                        "Parent Relationship": "Outer",
                        "Parallel Aware": false,
                        "Startup Cost": 146066.89,
                        "Total Cost": 146066.9,
                        "Plan Rows": 1,
                        "Plan Width": 8,
                        "Actual Startup Time": 880.873,
                        "Actual Total Time": 881.333,
                        "Actual Rows": 1,
                        "Actual Loops": 4,
                        "Output": [
                            "PARTIAL count(*)"
                        ],
                        "Workers": [
                            {
                                "Worker Number": 0,
                                "Actual Startup Time": 876.858,
                                "Actual Total Time": 876.865,
                                "Actual Rows": 1,
                                "Actual Loops": 1
                            },
                            {
                                "Worker Number": 1,
                                "Actual Startup Time": 876.553,
                                "Actual Total Time": 876.559,
                                "Actual Rows": 1,
                                "Actual Loops": 1
                            },
                            {
                                "Worker Number": 2,
                                "Actual Startup Time": 877.513,
                                "Actual Total Time": 877.517,
                                "Actual Rows": 1,
                                "Actual Loops": 1
                            }
                        ],
                        "Plans": [
                            {
                                "Node Type": "Hash Join",
                                "Parent Relationship": "Outer",
                                "Parallel Aware": true,
                                "Join Type": "Inner",
                                "Startup Cost": 100585.33,
                                "Total Cost": 145524.31,
                                "Plan Rows": 217030,
                                "Plan Width": 0,
                                "Actual Startup Time": 683.599,
                                "Actual Total Time": 869.849,
                                "Actual Rows": 250054,
                                "Actual Loops": 4,
                                "Inner Unique": false,
                                "Hash Cond": "(mk.movie_id = t.id)",
                                "Workers": [
                                    {
                                        "Worker Number": 0,
                                        "Actual Startup Time": 679.788,
                                        "Actual Total Time": 864.344,
                                        "Actual Rows": 181814,
                                        "Actual Loops": 1
                                    },
                                    {
                                        "Worker Number": 1,
                                        "Actual Startup Time": 679.478,
                                        "Actual Total Time": 866.191,
                                        "Actual Rows": 242857,
                                        "Actual Loops": 1
                                    },
                                    {
                                        "Worker Number": 2,
                                        "Actual Startup Time": 679.635,
                                        "Actual Total Time": 866.666,
                                        "Actual Rows": 258736,
                                        "Actual Loops": 1
                                    }
                                ],
                                "Plans": [
                                    {
                                        "Node Type": "Seq Scan",
                                        "Parent Relationship": "Outer",
                                        "Parallel Aware": true,
                                        "Relation Name": "movie_keyword",
                                        "Schema": "public",
                                        "Alias": "mk",
                                        "Startup Cost": 0.0,
                                        "Total Cost": 42695.65,
                                        "Plan Rows": 453533,
                                        "Plan Width": 4,
                                        "Actual Startup Time": 0.763,
                                        "Actual Total Time": 114.308,
                                        "Actual Rows": 344039,
                                        "Actual Loops": 4,
                                        "Output": [
                                            "mk.id",
                                            "mk.movie_id",
                                            "mk.keyword_id"
                                        ],
                                        "Filter": "(mk.keyword_id > 12109)",
                                        "Rows Removed by Filter": 786943,
                                        "Workers": [
                                            {
                                                "Worker Number": 0,
                                                "Actual Startup Time": 0.776,
                                                "Actual Total Time": 119.072,
                                                "Actual Rows": 246615,
                                                "Actual Loops": 1
                                            },
                                            {
                                                "Worker Number": 1,
                                                "Actual Startup Time": 0.774,
                                                "Actual Total Time": 113.604,
                                                "Actual Rows": 332173,
                                                "Actual Loops": 1
                                            },
                                            {
                                                "Worker Number": 2,
                                                "Actual Startup Time": 0.787,
                                                "Actual Total Time": 120.936,
                                                "Actual Rows": 357080,
                                                "Actual Loops": 1
                                            }
                                        ]
                                    },
                                    {
                                        "Node Type": "Hash",
                                        "Parent Relationship": "Inner",
                                        "Parallel Aware": true,
                                        "Startup Cost": 96804.43,
                                        "Total Cost": 96804.43,
                                        "Plan Rows": 302472,
                                        "Plan Width": 8,
                                        "Actual Startup Time": 675.302,
                                        "Actual Total Time": 675.759,
                                        "Actual Rows": 234668,
                                        "Actual Loops": 4,
                                        "Output": [
                                            "t.id",
                                            "ci.movie_id"
                                        ],
                                        "Hash Buckets": 2097152,
                                        "Original Hash Buckets": 2097152,
                                        "Hash Batches": 1,
                                        "Original Hash Batches": 1,
                                        "Peak Memory Usage": 53152,
                                        "Workers": [
                                            {
                                                "Worker Number": 0,
                                                "Actual Startup Time": 678.637,
                                                "Actual Total Time": 678.641,
                                                "Actual Rows": 183716,
                                                "Actual Loops": 1
                                            },
                                            {
                                                "Worker Number": 1,
                                                "Actual Startup Time": 678.276,
                                                "Actual Total Time": 678.28,
                                                "Actual Rows": 222362,
                                                "Actual Loops": 1
                                            },
                                            {
                                                "Worker Number": 2,
                                                "Actual Startup Time": 678.501,
                                                "Actual Total Time": 678.505,
                                                "Actual Rows": 250552,
                                                "Actual Loops": 1
                                            }
                                        ],
                                        "Plans": [
                                            {
                                                "Node Type": "Hash Join",
                                                "Parent Relationship": "Outer",
                                                "Parallel Aware": true,
                                                "Join Type": "Inner",
                                                "Startup Cost": 50220.37,
                                                "Total Cost": 96804.43,
                                                "Plan Rows": 302472,
                                                "Plan Width": 8,
                                                "Actual Startup Time": 352.141,
                                                "Actual Total Time": 578.582,
                                                "Actual Rows": 234668,
                                                "Actual Loops": 4,
                                                "Output": [
                                                    "t.id",
                                                    "ci.movie_id"
                                                ],
                                                "Inner Unique": true,
                                                "Hash Cond": "(ci.movie_id = t.id)",
                                                "Workers": [
                                                    {
                                                        "Worker Number": 0,
                                                        "Actual Startup Time": 352.184,
                                                        "Actual Total Time": 580.404,
                                                        "Actual Rows": 183716,
                                                        "Actual Loops": 1
                                                    },
                                                    {
                                                        "Worker Number": 1,
                                                        "Actual Startup Time": 352.106,
                                                        "Actual Total Time": 577.668,
                                                        "Actual Rows": 222362,
                                                        "Actual Loops": 1
                                                    },
                                                    {
                                                        "Worker Number": 2,
                                                        "Actual Startup Time": 352.176,
                                                        "Actual Total Time": 579.22,
                                                        "Actual Rows": 250552,
                                                        "Actual Loops": 1
                                                    }
                                                ],
                                                "Plans": [
                                                    {
                                                        "Node Type": "Index Scan",
                                                        "Parent Relationship": "Outer",
                                                        "Parallel Aware": true,
                                                        "Scan Direction": "Forward",
                                                        "Index Name": "role_id_cast_info",
                                                        "Relation Name": "cast_info",
                                                        "Schema": "public",
                                                        "Alias": "ci",
                                                        "Startup Cost": 0.56,
                                                        "Total Cost": 45790.64,
                                                        "Plan Rows": 302472,
                                                        "Plan Width": 4,
                                                        "Actual Startup Time": 0.095,
                                                        "Actual Total Time": 93.797,
                                                        "Actual Rows": 234668,
                                                        "Actual Loops": 4,
                                                        "Output": [
                                                            "ci.id",
                                                            "ci.person_id",
                                                            "ci.movie_id",
                                                            "ci.person_role_id",
                                                            "ci.note",
                                                            "ci.nr_order",
                                                            "ci.role_id"
                                                        ],
                                                        "Index Cond": "(ci.role_id = 8)",
                                                        "Rows Removed by Index Recheck": 0,
                                                        "Filter": "(ci.person_id < 2752006)",
                                                        "Rows Removed by Filter": 191218,
                                                        "Workers": [
                                                            {
                                                                "Worker Number": 0,
                                                                "Actual Startup Time": 0.096,
                                                                "Actual Total Time": 106.497,
                                                                "Actual Rows": 183716,
                                                                "Actual Loops": 1
                                                            },
                                                            {
                                                                "Worker Number": 1,
                                                                "Actual Startup Time": 0.098,
                                                                "Actual Total Time": 93.029,
                                                                "Actual Rows": 222362,
                                                                "Actual Loops": 1
                                                            },
                                                            {
                                                                "Worker Number": 2,
                                                                "Actual Startup Time": 0.15,
                                                                "Actual Total Time": 96.753,
                                                                "Actual Rows": 250552,
                                                                "Actual Loops": 1
                                                            }
                                                        ]
                                                    },
                                                    {
                                                        "Node Type": "Hash",
                                                        "Parent Relationship": "Inner",
                                                        "Parallel Aware": true,
                                                        "Startup Cost": 42318.81,
                                                        "Total Cost": 42318.81,
                                                        "Plan Rows": 632080,
                                                        "Plan Width": 4,
                                                        "Actual Startup Time": 345.838,
                                                        "Actual Total Time": 345.84,
                                                        "Actual Rows": 632078,
                                                        "Actual Loops": 4,
                                                        "Output": [
                                                            "t.id"
                                                        ],
                                                        "Hash Buckets": 4194304,
                                                        "Original Hash Buckets": 4194304,
                                                        "Hash Batches": 1,
                                                        "Original Hash Batches": 1,
                                                        "Peak Memory Usage": 131744,
                                                        "Workers": [
                                                            {
                                                                "Worker Number": 0,
                                                                "Actual Startup Time": 351.829,
                                                                "Actual Total Time": 351.83,
                                                                "Actual Rows": 496254,
                                                                "Actual Loops": 1
                                                            },
                                                            {
                                                                "Worker Number": 1,
                                                                "Actual Startup Time": 351.756,
                                                                "Actual Total Time": 351.757,
                                                                "Actual Rows": 542560,
                                                                "Actual Loops": 1
                                                            },
                                                            {
                                                                "Worker Number": 2,
                                                                "Actual Startup Time": 351.787,
                                                                "Actual Total Time": 351.788,
                                                                "Actual Rows": 661840,
                                                                "Actual Loops": 1
                                                            }
                                                        ],
                                                        "Plans": [
                                                            {
                                                                "Node Type": "Seq Scan",
                                                                "Parent Relationship": "Outer",
                                                                "Parallel Aware": true,
                                                                "Relation Name": "title",
                                                                "Schema": "public",
                                                                "Alias": "t",
                                                                "Startup Cost": 0.0,
                                                                "Total Cost": 42318.81,
                                                                "Plan Rows": 632080,
                                                                "Plan Width": 4,
                                                                "Actual Startup Time": 0.066,
                                                                "Actual Total Time": 106.879,
                                                                "Actual Rows": 632078,
                                                                "Actual Loops": 4,
                                                                "Output": [
                                                                    "t.id"
                                                                ],
                                                                "Workers": [
                                                                    {
                                                                        "Worker Number": 0,
                                                                        "Actual Startup Time": 0.077,
                                                                        "Actual Total Time": 117.221,
                                                                        "Actual Rows": 496254,
                                                                        "Actual Loops": 1
                                                                    },
                                                                    {
                                                                        "Worker Number": 1,
                                                                        "Actual Startup Time": 0.078,
                                                                        "Actual Total Time": 109.099,
                                                                        "Actual Rows": 542560,
                                                                        "Actual Loops": 1
                                                                    },
                                                                    {
                                                                        "Worker Number": 2,
                                                                        "Actual Startup Time": 0.096,
                                                                        "Actual Total Time": 109.903,
                                                                        "Actual Rows": 661840,
                                                                        "Actual Loops": 1
                                                                    }
                                                                ]
                                                            }
                                                        ]
                                                    }
                                                ]
                                            }
                                        ]
                                    }
                                ]
                            }
                        ]
                    }
                ]
            }
        ]
    },
    "Planning Time": 1.572,
    "Triggers": [],
    "Execution Time": 936.691
}