{
  "Plan": {
    "Node Type": "Aggregate",
    "Strategy": "Plain",
    "Partial Mode": "Finalize",
    "Parallel Aware": false,
    "Startup Cost": 111613.26,
    "Total Cost": 111613.27,
    "Plan Rows": 1,
    "Plan Width": 8,
    "Actual Startup Time": 579.391,
    "Actual Total Time": 592.877,
    "Actual Rows": 1,
    "Actual Loops": 1,
    "Plans": [
      {
        "Node Type": "Gather",
        "Parent Relationship": "Outer",
        "Parallel Aware": false,
        "Startup Cost": 111613.15,
        "Total Cost": 111613.26,
        "Plan Rows": 1,
        "Plan Width": 8,
        "Actual Startup Time": 578.479,
        "Actual Total Time": 592.867,
        "Actual Rows": 2,
        "Actual Loops": 1,
        "Workers Planned": 1,
        "Workers Launched": 1,
        "Single Copy": false,
        "Plans": [
          {
            "Node Type": "Aggregate",
            "Strategy": "Plain",
            "Partial Mode": "Partial",
            "Parent Relationship": "Outer",
            "Parallel Aware": false,
            "Startup Cost": 110613.15,
            "Total Cost": 110613.16,
            "Plan Rows": 1,
            "Plan Width": 8,
            "Actual Startup Time": 572.427,
            "Actual Total Time": 572.713,
            "Actual Rows": 1,
            "Actual Loops": 2,
            "Plans": [
              {
                "Node Type": "Hash Join",
                "Parent Relationship": "Outer",
                "Parallel Aware": true,
                "Join Type": "Inner",
                "Startup Cost": 91027.11,
                "Total Cost": 110467.31,
                "Plan Rows": 58336,
                "Plan Width": 0,
                "Actual Startup Time": 441.283,
                "Actual Total Time": 566.617,
                "Actual Rows": 148224,
                "Actual Loops": 2,
                "Inner Unique": false,
                "Hash Cond": "(mi_idx.movie_id = t.id)",
                "Plans": [
                  {
                    "Node Type": "Seq Scan",
                    "Parent Relationship": "Outer",
                    "Parallel Aware": true,
                    "Relation Name": "movie_info_idx",
                    "Alias": "mi_idx",
                    "Startup Cost": 0.0,
                    "Total Cost": 16052.85,
                    "Plan Rows": 811785,
                    "Plan Width": 4,
                    "Actual Startup Time": 0.023,
                    "Actual Total Time": 45.755,
                    "Actual Rows": 690018,
                    "Actual Loops": 2
                  },
                  {
                    "Node Type": "Hash",
                    "Parent Relationship": "Inner",
                    "Parallel Aware": true,
                    "Startup Cost": 89691.17,
                    "Total Cost": 89691.17,
                    "Plan Rows": 106875,
                    "Plan Width": 8,
                    "Actual Startup Time": 437.774,
                    "Actual Total Time": 438.058,
                    "Actual Rows": 104338,
                    "Actual Loops": 2,
                    "Hash Buckets": 262144,
                    "Original Hash Buckets": 262144,
                    "Hash Batches": 1,
                    "Original Hash Batches": 1,
                    "Peak Memory Usage": 10240,
                    "Plans": [
                      {
                        "Node Type": "Hash Join",
                        "Parent Relationship": "Outer",
                        "Parallel Aware": true,
                        "Join Type": "Inner",
                        "Startup Cost": 26880.79,
                        "Total Cost": 89691.17,
                        "Plan Rows": 106875,
                        "Plan Width": 8,
                        "Actual Startup Time": 93.651,
                        "Actual Total Time": 410.891,
                        "Actual Rows": 104338,
                        "Actual Loops": 2,
                        "Inner Unique": false,
                        "Hash Cond": "(t.id = mc.movie_id)",
                        "Plans": [
                          {
                            "Node Type": "Seq Scan",
                            "Parent Relationship": "Outer",
                            "Parallel Aware": true,
                            "Relation Name": "title",
                            "Alias": "t",
                            "Startup Cost": 0.0,
                            "Total Cost": 54588.39,
                            "Plan Rows": 1214931,
                            "Plan Width": 4,
                            "Actual Startup Time": 0.012,
                            "Actual Total Time": 153.202,
                            "Actual Rows": 1032276,
                            "Actual Loops": 2,
                            "Filter": "(production_year < 2011)",
                            "Rows Removed by Filter": 231880
                          },
                          {
                            "Node Type": "Hash",
                            "Parent Relationship": "Inner",
                            "Parallel Aware": true,
                            "Startup Cost": 25245.44,
                            "Total Cost": 25245.44,
                            "Plan Rows": 130828,
                            "Plan Width": 4,
                            "Actual Startup Time": 91.455,
                            "Actual Total Time": 91.457,
                            "Actual Rows": 111176,
                            "Actual Loops": 2,
                            "Hash Buckets": 262144,
                            "Original Hash Buckets": 262144,
                            "Hash Batches": 1,
                            "Original Hash Batches": 1,
                            "Peak Memory Usage": 10784,
                            "Plans": [
                              {
                                "Node Type": "Bitmap Heap Scan",
                                "Parent Relationship": "Outer",
                                "Parallel Aware": true,
                                "Relation Name": "movie_companies",
                                "Alias": "mc",
                                "Startup Cost": 4820.09,
                                "Total Cost": 25245.44,
                                "Plan Rows": 130828,
                                "Plan Width": 4,
                                "Actual Startup Time": 24.61,
                                "Actual Total Time": 68.479,
                                "Actual Rows": 111176,
                                "Actual Loops": 2,
                                "Recheck Cond": "(company_id < 78)",
                                "Rows Removed by Index Recheck": 0,
                                "Exact Heap Blocks": 11934,
                                "Lossy Heap Blocks": 0,
                                "Plans": [
                                  {
                                    "Node Type": "Bitmap Index Scan",
                                    "Parent Relationship": "Outer",
                                    "Parallel Aware": false,
                                    "Index Name": "company_id_movie_companies",
                                    "Startup Cost": 0.0,
                                    "Total Cost": 4764.49,
                                    "Plan Rows": 222408,
                                    "Plan Width": 0,
                                    "Actual Startup Time": 21.768,
                                    "Actual Total Time": 21.769,
                                    "Actual Rows": 222351,
                                    "Actual Loops": 1,
                                    "Index Cond": "(company_id < 78)"
                                  }
                                ]
                              }
                            ]
                          }
                        ]
                      }
                    ]
                  }
                ]
              }
            ]
          }
        ]
      }
    ]
  },
  "Planning Time": 0.918,
  "Triggers": [],
  "Execution Time": 592.979
}