[
  {
    "Plan": {
      "Node Type": "Aggregate",
      "Strategy": "Plain",
      "Partial Mode": "Finalize",
      "Parallel Aware": false,
      "Startup Cost": 79198.8,
      "Total Cost": 79198.81,
      "Plan Rows": 1,
      "Plan Width": 8,
      "Actual Startup Time": 318.536,
      "Actual Total Time": 339.308,
      "Actual Rows": 1,
      "Actual Loops": 1,
      "Plans": [
        {
          "Node Type": "Gather",
          "Parent Relationship": "Outer",
          "Parallel Aware": false,
          "Startup Cost": 79198.38,
          "Total Cost": 79198.79,
          "Plan Rows": 4,
          "Plan Width": 8,
          "Actual Startup Time": 316.254,
          "Actual Total Time": 339.295,
          "Actual Rows": 5,
          "Actual Loops": 1,
          "Workers Planned": 4,
          "Workers Launched": 4,
          "Single Copy": false,
          "Plans": [
            {
              "Node Type": "Aggregate",
              "Strategy": "Plain",
              "Partial Mode": "Partial",
              "Parent Relationship": "Outer",
              "Parallel Aware": false,
              "Startup Cost": 78198.38,
              "Total Cost": 78198.39,
              "Plan Rows": 1,
              "Plan Width": 8,
              "Actual Startup Time": 305.861,
              "Actual Total Time": 305.865,
              "Actual Rows": 1,
              "Actual Loops": 5,
              "Plans": [
                {
                  "Node Type": "Hash Join",
                  "Parent Relationship": "Outer",
                  "Parallel Aware": true,
                  "Join Type": "Inner",
                  "Startup Cost": 31351.3,
                  "Total Cost": 78082.71,
                  "Plan Rows": 46266,
                  "Plan Width": 0,
                  "Actual Startup Time": 127.041,
                  "Actual Total Time": 302.772,
                  "Actual Rows": 53192,
                  "Actual Loops": 5,
                  "Inner Unique": false,
                  "Hash Cond": "(t.id = mc.movie_id)",
                  "Plans": [
                    {
                      "Node Type": "Seq Scan",
                      "Parent Relationship": "Outer",
                      "Parallel Aware": true,
                      "Relation Name": "title",
                      "Alias": "t",
                      "Startup Cost": 0.0,
                      "Total Cost": 43898.92,
                      "Plan Rows": 536650,
                      "Plan Width": 4,
                      "Actual Startup Time": 0.014,
                      "Actual Total Time": 88.943,
                      "Actual Rows": 426595,
                      "Actual Loops": 5,
                      "Filter": "(production_year > 1966)",
                      "Rows Removed by Filter": 79068
                    },
                    {
                      "Node Type": "Hash",
                      "Parent Relationship": "Inner",
                      "Parallel Aware": true,
                      "Startup Cost": 30472.39,
                      "Total Cost": 30472.39,
                      "Plan Rows": 70313,
                      "Plan Width": 4,
                      "Actual Startup Time": 125.06,
                      "Actual Total Time": 125.061,
                      "Actual Rows": 66828,
                      "Actual Loops": 5,
                      "Hash Buckets": 524288,
                      "Original Hash Buckets": 262144,
                      "Hash Batches": 1,
                      "Original Hash Batches": 1,
                      "Peak Memory Usage": 19296,
                      "Plans": [
                        {
                          "Node Type": "Bitmap Heap Scan",
                          "Parent Relationship": "Outer",
                          "Parallel Aware": true,
                          "Relation Name": "movie_companies",
                          "Alias": "mc",
                          "Startup Cost": 9539.86,
                          "Total Cost": 30472.39,
                          "Plan Rows": 70313,
                          "Plan Width": 4,
                          "Actual Startup Time": 34.716,
                          "Actual Total Time": 88.655,
                          "Actual Rows": 66828,
                          "Actual Loops": 5,
                          "Recheck Cond": "(company_id < 329)",
                          "Rows Removed by Index Recheck": 0,
                          "Filter": "(company_type_id < 2)",
                          "Rows Removed by Filter": 21035,
                          "Exact Heap Blocks": 6097,
                          "Lossy Heap Blocks": 0,
                          "Plans": [
                            {
                              "Node Type": "Bitmap Index Scan",
                              "Parent Relationship": "Outer",
                              "Parallel Aware": false,
                              "Index Name": "company_id_movie_companies",
                              "Startup Cost": 0.0,
                              "Total Cost": 9485.36,
                              "Plan Rows": 442791,
                              "Plan Width": 0,
                              "Actual Startup Time": 34.772,
                              "Actual Total Time": 34.772,
                              "Actual Rows": 439315,
                              "Actual Loops": 1,
                              "Index Cond": "(company_id < 329)"
                            }
                          ]
                        }
                      ]
                    }
                  ]
                }
              ]
            }
          ]
        }
      ]
    },
    "Planning Time": 0.742,
    "Triggers": [],
    "Execution Time": 339.43
  }
]