[
  {
    "Plan": {
      "Node Type": "Aggregate",
      "Strategy": "Plain",
      "Partial Mode": "Finalize",
      "Parallel Aware": false,
      "Startup Cost": 274979.66,
      "Total Cost": 274979.67,
      "Plan Rows": 1,
      "Plan Width": 8,
      "Actual Startup Time": 1788.488,
      "Actual Total Time": 1843.279,
      "Actual Rows": 1,
      "Actual Loops": 1,
      "Plans": [
        {
          "Node Type": "Gather",
          "Parent Relationship": "Outer",
          "Parallel Aware": false,
          "Startup Cost": 274979.44,
          "Total Cost": 274979.65,
          "Plan Rows": 2,
          "Plan Width": 8,
          "Actual Startup Time": 1761.659,
          "Actual Total Time": 1843.269,
          "Actual Rows": 3,
          "Actual Loops": 1,
          "Workers Planned": 2,
          "Workers Launched": 2,
          "Single Copy": false,
          "Plans": [
            {
              "Node Type": "Aggregate",
              "Strategy": "Plain",
              "Partial Mode": "Partial",
              "Parent Relationship": "Outer",
              "Parallel Aware": false,
              "Startup Cost": 273979.44,
              "Total Cost": 273979.45,
              "Plan Rows": 1,
              "Plan Width": 8,
              "Actual Startup Time": 1753.963,
              "Actual Total Time": 1755.385,
              "Actual Rows": 1,
              "Actual Loops": 3,
              "Plans": [
                {
                  "Node Type": "Hash Join",
                  "Parent Relationship": "Outer",
                  "Parallel Aware": true,
                  "Join Type": "Inner",
                  "Startup Cost": 256061.37,
                  "Total Cost": 272825.76,
                  "Plan Rows": 461472,
                  "Plan Width": 0,
                  "Actual Startup Time": 1430.62,
                  "Actual Total Time": 1687.662,
                  "Actual Rows": 1433028,
                  "Actual Loops": 3,
                  "Inner Unique": false,
                  "Hash Cond": "(mi_idx.movie_id = t.id)",
                  "Plans": [
                    {
                      "Node Type": "Seq Scan",
                      "Parent Relationship": "Outer",
                      "Parallel Aware": true,
                      "Relation Name": "movie_info_idx",
                      "Alias": "mi_idx",
                      "Startup Cost": 0.0,
                      "Total Cost": 13685.15,
                      "Plan Rows": 575015,
                      "Plan Width": 4,
                      "Actual Startup Time": 0.03,
                      "Actual Total Time": 40.897,
                      "Actual Rows": 460012,
                      "Actual Loops": 3
                    },
                    {
                      "Node Type": "Hash",
                      "Parent Relationship": "Inner",
                      "Parallel Aware": true,
                      "Startup Cost": 250988.73,
                      "Total Cost": 250988.73,
                      "Plan Rows": 405811,
                      "Plan Width": 8,
                      "Actual Startup Time": 1421.087,
                      "Actual Total Time": 1422.507,
                      "Actual Rows": 649118,
                      "Actual Loops": 3,
                      "Hash Buckets": 2097152,
                      "Original Hash Buckets": 2097152,
                      "Hash Batches": 1,
                      "Original Hash Batches": 1,
                      "Peak Memory Usage": 92576,
                      "Plans": [
                        {
                          "Node Type": "Hash Join",
                          "Parent Relationship": "Outer",
                          "Parallel Aware": true,
                          "Join Type": "Inner",
                          "Startup Cost": 50820.62,
                          "Total Cost": 250988.73,
                          "Plan Rows": 405811,
                          "Plan Width": 8,
                          "Actual Startup Time": 466.795,
                          "Actual Total Time": 1220.108,
                          "Actual Rows": 649118,
                          "Actual Loops": 3,
                          "Inner Unique": true,
                          "Hash Cond": "(mi.movie_id = t.id)",
                          "Plans": [
                            {
                              "Node Type": "Seq Scan",
                              "Parent Relationship": "Outer",
                              "Parallel Aware": true,
                              "Relation Name": "movie_info",
                              "Alias": "mi",
                              "Startup Cost": 0.0,
                              "Total Cost": 198952.16,
                              "Plan Rows": 463221,
                              "Plan Width": 4,
                              "Actual Startup Time": 31.007,
                              "Actual Total Time": 535.735,
                              "Actual Rows": 744617,
                              "Actual Loops": 3,
                              "Filter": "(info_type_id > 16)",
                              "Rows Removed by Filter": 4200623
                            },
                            {
                              "Node Type": "Hash",
                              "Parent Relationship": "Inner",
                              "Parallel Aware": true,
                              "Startup Cost": 43898.92,
                              "Total Cost": 43898.92,
                              "Plan Rows": 553736,
                              "Plan Width": 4,
                              "Actual Startup Time": 427.297,
                              "Actual Total Time": 427.298,
                              "Actual Rows": 734566,
                              "Actual Loops": 3,
                              "Hash Buckets": 4194304,
                              "Original Hash Buckets": 4194304,
                              "Hash Batches": 1,
                              "Original Hash Batches": 1,
                              "Peak Memory Usage": 119008,
                              "Plans": [
                                {
                                  "Node Type": "Seq Scan",
                                  "Parent Relationship": "Outer",
                                  "Parallel Aware": true,
                                  "Relation Name": "title",
                                  "Alias": "t",
                                  "Startup Cost": 0.0,
                                  "Total Cost": 43898.92,
                                  "Plan Rows": 553736,
                                  "Plan Width": 4,
                                  "Actual Startup Time": 0.05,
                                  "Actual Total Time": 153.246,
                                  "Actual Rows": 734566,
                                  "Actual Loops": 3,
                                  "Filter": "(production_year > 1960)",
                                  "Rows Removed by Filter": 108205
                                }
                              ]
                            }
                          ]
                        }
                      ]
                    }
                  ]
                }
              ]
            }
          ]
        }
      ]
    },
    "Planning Time": 1.302,
    "Triggers": [],
    "Execution Time": 1843.369
  }
]