[
  {
    "Plan": {
      "Node Type": "Aggregate",
      "Strategy": "Plain",
      "Partial Mode": "Simple",
      "Parallel Aware": false,
      "Startup Cost": 8355.2,
      "Total Cost": 8355.21,
      "Plan Rows": 1,
      "Plan Width": 8,
      "Actual Startup Time": 4.644,
      "Actual Total Time": 4.646,
      "Actual Rows": 1,
      "Actual Loops": 1,
      "Plans": [
        {
          "Node Type": "Index Only Scan",
          "Parent Relationship": "Outer",
          "Parallel Aware": false,
          "Scan Direction": "Forward",
          "Index Name": "company_id_movie_companies",
          "Relation Name": "movie_companies",
          "Alias": "mc",
          "Startup Cost": 0.43,
          "Total Cost": 8346.5,
          "Plan Rows": 3479,
          "Plan Width": 0,
          "Actual Startup Time": 0.143,
          "Actual Total Time": 4.095,
          "Actual Rows": 3061,
          "Actual Loops": 1,
          "Index Cond": "(company_id = 92)",
          "Rows Removed by Index Recheck": 0,
          "Heap Fetches": 3061
        }
      ]
    },
    "Planning Time": 0.173,
    "Triggers": [],
    "Execution Time": 4.696
  }
]