{
  "Plan": {
    "Node Type": "Aggregate",
    "Strategy": "Plain",
    "Partial Mode": "Finalize",
    "Parallel Aware": false,
    "Startup Cost": 893565.28,
    "Total Cost": 893565.29,
    "Plan Rows": 1,
    "Plan Width": 8,
    "Actual Startup Time": 5015.892,
    "Actual Total Time": 5034.706,
    "Actual Rows": 1,
    "Actual Loops": 1,
    "Plans": [
      {
        "Node Type": "Gather",
        "Parent Relationship": "Outer",
        "Parallel Aware": false,
        "Startup Cost": 893565.16,
        "Total Cost": 893565.27,
        "Plan Rows": 1,
        "Plan Width": 8,
        "Actual Startup Time": 5015.884,
        "Actual Total Time": 5034.7,
        "Actual Rows": 2,
        "Actual Loops": 1,
        "Workers Planned": 1,
        "Workers Launched": 1,
        "Single Copy": false,
        "Plans": [
          {
            "Node Type": "Aggregate",
            "Strategy": "Plain",
            "Partial Mode": "Partial",
            "Parent Relationship": "Outer",
            "Parallel Aware": false,
            "Startup Cost": 892565.16,
            "Total Cost": 892565.17,
            "Plan Rows": 1,
            "Plan Width": 8,
            "Actual Startup Time": 4986.695,
            "Actual Total Time": 4986.702,
            "Actual Rows": 1,
            "Actual Loops": 2,
            "Plans": [
              {
                "Node Type": "Merge Join",
                "Parent Relationship": "Outer",
                "Parallel Aware": false,
                "Join Type": "Inner",
                "Startup Cost": 853244.3,
                "Total Cost": 889627.03,
                "Plan Rows": 1175255,
                "Plan Width": 0,
                "Actual Startup Time": 4107.368,
                "Actual Total Time": 4944.886,
                "Actual Rows": 1037160,
                "Actual Loops": 2,
                "Inner Unique": false,
                "Merge Cond": "(t.id = mc.movie_id)",
                "Plans": [
                  {
                    "Node Type": "Sort",
                    "Parent Relationship": "Outer",
                    "Parallel Aware": false,
                    "Startup Cost": 726012.16,
                    "Total Cost": 735398.79,
                    "Plan Rows": 3754652,
                    "Plan Width": 8,
                    "Actual Startup Time": 3795.319,
                    "Actual Total Time": 4204.214,
                    "Actual Rows": 3725082,
                    "Actual Loops": 2,
                    "Sort Key": [
                      "ci.movie_id"
                    ],
                    "Sort Method": "quicksort",
                    "Sort Space Used": 276594,
                    "Sort Space Type": "Memory",
                    "Workers": [
                      {
                        "Worker Number": 0,
                        "Sort Method": "quicksort",
                        "Sort Space Used": 269266,
                        "Sort Space Type": "Memory"
                      }
                    ],
                    "Plans": [
                      {
                        "Node Type": "Hash Join",
                        "Parent Relationship": "Outer",
                        "Parallel Aware": true,
                        "Join Type": "Inner",
                        "Startup Cost": 69461.26,
                        "Total Cost": 315999.51,
                        "Plan Rows": 3754652,
                        "Plan Width": 8,
                        "Actual Startup Time": 510.649,
                        "Actual Total Time": 2811.033,
                        "Actual Rows": 3725344,
                        "Actual Loops": 2,
                        "Inner Unique": true,
                        "Hash Cond": "(ci.movie_id = t.id)",
                        "Plans": [
                          {
                            "Node Type": "Index Scan",
                            "Parent Relationship": "Outer",
                            "Parallel Aware": true,
                            "Scan Direction": "Forward",
                            "Index Name": "role_id_cast_info",
                            "Relation Name": "cast_info",
                            "Alias": "ci",
                            "Startup Cost": 0.56,
                            "Total Cost": 236682.84,
                            "Plan Rows": 3754652,
                            "Plan Width": 4,
                            "Actual Startup Time": 0.096,
                            "Actual Total Time": 657.247,
                            "Actual Rows": 3725344,
                            "Actual Loops": 2,
                            "Index Cond": "(role_id = 2)",
                            "Rows Removed by Index Recheck": 0,
                            "Filter": "(person_id > 483677)",
                            "Rows Removed by Filter": 642
                          },
                          {
                            "Node Type": "Hash",
                            "Parent Relationship": "Inner",
                            "Parallel Aware": true,
                            "Startup Cost": 50870.31,
                            "Total Cost": 50870.31,
                            "Plan Rows": 1487231,
                            "Plan Width": 4,
                            "Actual Startup Time": 489.178,
                            "Actual Total Time": 489.18,
                            "Actual Rows": 1264156,
                            "Actual Loops": 2,
                            "Hash Buckets": 4194304,
                            "Original Hash Buckets": 4194304,
                            "Hash Batches": 1,
                            "Original Hash Batches": 1,
                            "Peak Memory Usage": 131712,
                            "Plans": [
                              {
                                "Node Type": "Seq Scan",
                                "Parent Relationship": "Outer",
                                "Parallel Aware": true,
                                "Relation Name": "title",
                                "Alias": "t",
                                "Startup Cost": 0.0,
                                "Total Cost": 50870.31,
                                "Plan Rows": 1487231,
                                "Plan Width": 4,
                                "Actual Startup Time": 0.021,
                                "Actual Total Time": 146.545,
                                "Actual Rows": 1264156,
                                "Actual Loops": 2
                              }
                            ]
                          }
                        ]
                      }
                    ]
                  },
                  {
                    "Node Type": "Sort",
                    "Parent Relationship": "Inner",
                    "Parallel Aware": false,
                    "Startup Cost": 127231.76,
                    "Total Cost": 129210.23,
                    "Plan Rows": 791389,
                    "Plan Width": 4,
                    "Actual Startup Time": 312.022,
                    "Actual Total Time": 365.115,
                    "Actual Rows": 1230180,
                    "Actual Loops": 2,
                    "Sort Key": [
                      "mc.movie_id"
                    ],
                    "Sort Method": "quicksort",
                    "Sort Space Used": 35565,
                    "Sort Space Type": "Memory",
                    "Workers": [
                      {
                        "Worker Number": 0,
                        "Sort Method": "quicksort",
                        "Sort Space Used": 35565,
                        "Sort Space Type": "Memory"
                      }
                    ],
                    "Plans": [
                      {
                        "Node Type": "Index Scan",
                        "Parent Relationship": "Outer",
                        "Parallel Aware": false,
                        "Scan Direction": "Forward",
                        "Index Name": "company_type_id_movie_companies",
                        "Relation Name": "movie_companies",
                        "Alias": "mc",
                        "Startup Cost": 0.43,
                        "Total Cost": 49699.27,
                        "Plan Rows": 791389,
                        "Plan Width": 4,
                        "Actual Startup Time": 0.096,
                        "Actual Total Time": 212.075,
                        "Actual Rows": 496570,
                        "Actual Loops": 2,
                        "Index Cond": "(company_type_id = 2)",
                        "Rows Removed by Index Recheck": 0,
                        "Filter": "(company_id < 14732)",
                        "Rows Removed by Filter": 838313
                      }
                    ]
                  }
                ]
              }
            ]
          }
        ]
      }
    ]
  },
  "Planning Time": 1.109,
  "Triggers": [],
  "Execution Time": 5049.797
}