{
  "Plan": {
    "Node Type": "Aggregate",
    "Strategy": "Plain",
    "Partial Mode": "Finalize",
    "Parallel Aware": false,
    "Startup Cost": 140316.78,
    "Total Cost": 140316.79,
    "Plan Rows": 1,
    "Plan Width": 8,
    "Actual Startup Time": 718.824,
    "Actual Total Time": 736.589,
    "Actual Rows": 1,
    "Actual Loops": 1,
    "Plans": [
      {
        "Node Type": "Gather",
        "Parent Relationship": "Outer",
        "Parallel Aware": false,
        "Startup Cost": 140316.67,
        "Total Cost": 140316.78,
        "Plan Rows": 1,
        "Plan Width": 8,
        "Actual Startup Time": 716.249,
        "Actual Total Time": 736.582,
        "Actual Rows": 2,
        "Actual Loops": 1,
        "Workers Planned": 1,
        "Workers Launched": 1,
        "Single Copy": false,
        "Plans": [
          {
            "Node Type": "Aggregate",
            "Strategy": "Plain",
            "Partial Mode": "Partial",
            "Parent Relationship": "Outer",
            "Parallel Aware": false,
            "Startup Cost": 139316.67,
            "Total Cost": 139316.68,
            "Plan Rows": 1,
            "Plan Width": 8,
            "Actual Startup Time": 709.521,
            "Actual Total Time": 709.528,
            "Actual Rows": 1,
            "Actual Loops": 2,
            "Plans": [
              {
                "Node Type": "Hash Join",
                "Parent Relationship": "Outer",
                "Parallel Aware": true,
                "Join Type": "Inner",
                "Startup Cost": 119780.43,
                "Total Cost": 139186.32,
                "Plan Rows": 52140,
                "Plan Width": 0,
                "Actual Startup Time": 598.684,
                "Actual Total Time": 699.825,
                "Actual Rows": 250788,
                "Actual Loops": 2,
                "Inner Unique": false,
                "Hash Cond": "(mi_idx.movie_id = t.id)",
                "Plans": [
                  {
                    "Node Type": "Seq Scan",
                    "Parent Relationship": "Outer",
                    "Parallel Aware": true,
                    "Relation Name": "movie_info_idx",
                    "Alias": "mi_idx",
                    "Startup Cost": 0.0,
                    "Total Cost": 18082.32,
                    "Plan Rows": 271164,
                    "Plan Width": 4,
                    "Actual Startup Time": 0.025,
                    "Actual Total Time": 50.201,
                    "Actual Rows": 230092,
                    "Actual Loops": 2,
                    "Filter": "(info_type_id > 100)",
                    "Rows Removed by Filter": 459925
                  },
                  {
                    "Node Type": "Hash",
                    "Parent Relationship": "Inner",
                    "Parallel Aware": true,
                    "Startup Cost": 116205.85,
                    "Total Cost": 116205.85,
                    "Plan Rows": 285967,
                    "Plan Width": 8,
                    "Actual Startup Time": 593.17,
                    "Actual Total Time": 593.174,
                    "Actual Rows": 317009,
                    "Actual Loops": 2,
                    "Hash Buckets": 1048576,
                    "Original Hash Buckets": 524288,
                    "Hash Batches": 1,
                    "Original Hash Batches": 1,
                    "Peak Memory Usage": 37120,
                    "Plans": [
                      {
                        "Node Type": "Hash Join",
                        "Parent Relationship": "Outer",
                        "Parallel Aware": true,
                        "Join Type": "Inner",
                        "Startup Cost": 58155.0,
                        "Total Cost": 116205.85,
                        "Plan Rows": 285967,
                        "Plan Width": 8,
                        "Actual Startup Time": 171.823,
                        "Actual Total Time": 527.796,
                        "Actual Rows": 317009,
                        "Actual Loops": 2,
                        "Inner Unique": true,
                        "Hash Cond": "(mk.movie_id = t.id)",
                        "Plans": [
                          {
                            "Node Type": "Seq Scan",
                            "Parent Relationship": "Outer",
                            "Parallel Aware": true,
                            "Relation Name": "movie_keyword",
                            "Alias": "mk",
                            "Startup Cost": 0.0,
                            "Total Cost": 51065.35,
                            "Plan Rows": 2661135,
                            "Plan Width": 4,
                            "Actual Startup Time": 0.016,
                            "Actual Total Time": 156.576,
                            "Actual Rows": 2261965,
                            "Actual Loops": 2
                          },
                          {
                            "Node Type": "Hash",
                            "Parent Relationship": "Inner",
                            "Parallel Aware": true,
                            "Startup Cost": 56157.27,
                            "Total Cost": 56157.27,
                            "Plan Rows": 159819,
                            "Plan Width": 4,
                            "Actual Startup Time": 167.958,
                            "Actual Total Time": 167.959,
                            "Actual Rows": 114996,
                            "Actual Loops": 2,
                            "Hash Buckets": 524288,
                            "Original Hash Buckets": 524288,
                            "Hash Batches": 1,
                            "Original Hash Batches": 1,
                            "Peak Memory Usage": 13120,
                            "Plans": [
                              {
                                "Node Type": "Bitmap Heap Scan",
                                "Parent Relationship": "Outer",
                                "Parallel Aware": true,
                                "Relation Name": "title",
                                "Alias": "t",
                                "Startup Cost": 13506.88,
                                "Total Cost": 56157.27,
                                "Plan Rows": 159819,
                                "Plan Width": 4,
                                "Actual Startup Time": 43.617,
                                "Actual Total Time": 139.224,
                                "Actual Rows": 114996,
                                "Actual Loops": 2,
                                "Recheck Cond": "(kind_id < 3)",
                                "Rows Removed by Index Recheck": 0,
                                "Filter": "(production_year > 2006)",
                                "Rows Removed by Filter": 261842,
                                "Exact Heap Blocks": 26527,
                                "Lossy Heap Blocks": 0,
                                "Plans": [
                                  {
                                    "Node Type": "Bitmap Index Scan",
                                    "Parent Relationship": "Outer",
                                    "Parallel Aware": false,
                                    "Index Name": "kind_id_title",
                                    "Startup Cost": 0.0,
                                    "Total Cost": 13438.96,
                                    "Plan Rows": 753937,
                                    "Plan Width": 0,
                                    "Actual Startup Time": 37.887,
                                    "Actual Total Time": 37.888,
                                    "Actual Rows": 753677,
                                    "Actual Loops": 1,
                                    "Index Cond": "(kind_id < 3)"
                                  }
                                ]
                              }
                            ]
                          }
                        ]
                      }
                    ]
                  }
                ]
              }
            ]
          }
        ]
      }
    ]
  },
  "Planning Time": 1.026,
  "Triggers": [],
  "Execution Time": 736.692
}