[
  {
    "Plan": {
      "Node Type": "Aggregate",
      "Strategy": "Plain",
      "Partial Mode": "Finalize",
      "Parallel Aware": false,
      "Startup Cost": 44904.97,
      "Total Cost": 44904.98,
      "Plan Rows": 1,
      "Plan Width": 8,
      "Actual Startup Time": 95.777,
      "Actual Total Time": 106.733,
      "Actual Rows": 1,
      "Actual Loops": 1,
      "Plans": [
        {
          "Node Type": "Gather",
          "Parent Relationship": "Outer",
          "Parallel Aware": false,
          "Startup Cost": 44904.55,
          "Total Cost": 44904.96,
          "Plan Rows": 4,
          "Plan Width": 8,
          "Actual Startup Time": 95.636,
          "Actual Total Time": 106.723,
          "Actual Rows": 5,
          "Actual Loops": 1,
          "Workers Planned": 4,
          "Workers Launched": 4,
          "Single Copy": false,
          "Plans": [
            {
              "Node Type": "Aggregate",
              "Strategy": "Plain",
              "Partial Mode": "Partial",
              "Parent Relationship": "Outer",
              "Parallel Aware": false,
              "Startup Cost": 43904.55,
              "Total Cost": 43904.56,
              "Plan Rows": 1,
              "Plan Width": 8,
              "Actual Startup Time": 88.099,
              "Actual Total Time": 88.1,
              "Actual Rows": 1,
              "Actual Loops": 5,
              "Plans": [
                {
                  "Node Type": "Seq Scan",
                  "Parent Relationship": "Outer",
                  "Parallel Aware": true,
                  "Relation Name": "title",
                  "Alias": "t",
                  "Startup Cost": 0.0,
                  "Total Cost": 43898.92,
                  "Plan Rows": 2254,
                  "Plan Width": 0,
                  "Actual Startup Time": 60.726,
                  "Actual Total Time": 87.908,
                  "Actual Rows": 1554,
                  "Actual Loops": 5,
                  "Filter": "(production_year = 1912)",
                  "Rows Removed by Filter": 504108
                }
              ]
            }
          ]
        }
      ]
    },
    "Planning Time": 0.136,
    "Triggers": [],
    "Execution Time": 106.788
  }
]