[
  {
    "Plan": {
      "Node Type": "Aggregate",
      "Strategy": "Plain",
      "Partial Mode": "Finalize",
      "Parallel Aware": false,
      "Startup Cost": 92286.57,
      "Total Cost": 92286.58,
      "Plan Rows": 1,
      "Plan Width": 8,
      "Actual Startup Time": 436.482,
      "Actual Total Time": 452.203,
      "Actual Rows": 1,
      "Actual Loops": 1,
      "Plans": [
        {
          "Node Type": "Gather",
          "Parent Relationship": "Outer",
          "Parallel Aware": false,
          "Startup Cost": 92286.25,
          "Total Cost": 92286.56,
          "Plan Rows": 3,
          "Plan Width": 8,
          "Actual Startup Time": 426.898,
          "Actual Total Time": 452.193,
          "Actual Rows": 4,
          "Actual Loops": 1,
          "Workers Planned": 3,
          "Workers Launched": 3,
          "Single Copy": false,
          "Plans": [
            {
              "Node Type": "Aggregate",
              "Strategy": "Plain",
              "Partial Mode": "Partial",
              "Parent Relationship": "Outer",
              "Parallel Aware": false,
              "Startup Cost": 91286.25,
              "Total Cost": 91286.26,
              "Plan Rows": 1,
              "Plan Width": 8,
              "Actual Startup Time": 415.196,
              "Actual Total Time": 415.199,
              "Actual Rows": 1,
              "Actual Loops": 4,
              "Plans": [
                {
                  "Node Type": "Hash Join",
                  "Parent Relationship": "Outer",
                  "Parallel Aware": true,
                  "Join Type": "Inner",
                  "Startup Cost": 63323.41,
                  "Total Cost": 90904.92,
                  "Plan Rows": 152533,
                  "Plan Width": 0,
                  "Actual Startup Time": 310.416,
                  "Actual Total Time": 411.988,
                  "Actual Rows": 48902,
                  "Actual Loops": 4,
                  "Inner Unique": true,
                  "Hash Cond": "(mk.movie_id = t.id)",
                  "Plans": [
                    {
                      "Node Type": "Bitmap Heap Scan",
                      "Parent Relationship": "Outer",
                      "Parallel Aware": true,
                      "Relation Name": "movie_keyword",
                      "Alias": "mk",
                      "Startup Cost": 13596.26,
                      "Total Cost": 40634.98,
                      "Plan Rows": 206777,
                      "Plan Width": 4,
                      "Actual Startup Time": 42.71,
                      "Actual Total Time": 101.204,
                      "Actual Rows": 156199,
                      "Actual Loops": 4,
                      "Recheck Cond": "(keyword_id > 29319)",
                      "Rows Removed by Index Recheck": 0,
                      "Exact Heap Blocks": 8147,
                      "Lossy Heap Blocks": 0,
                      "Plans": [
                        {
                          "Node Type": "Bitmap Index Scan",
                          "Parent Relationship": "Outer",
                          "Parallel Aware": false,
                          "Index Name": "keyword_id_movie_keyword",
                          "Startup Cost": 0.0,
                          "Total Cost": 13436.01,
                          "Plan Rows": 641010,
                          "Plan Width": 0,
                          "Actual Startup Time": 39.129,
                          "Actual Total Time": 39.13,
                          "Actual Rows": 624796,
                          "Actual Loops": 1,
                          "Index Cond": "(keyword_id > 29319)"
                        }
                      ]
                    },
                    {
                      "Node Type": "Hash",
                      "Parent Relationship": "Inner",
                      "Parallel Aware": true,
                      "Startup Cost": 43898.92,
                      "Total Cost": 43898.92,
                      "Plan Rows": 466259,
                      "Plan Width": 4,
                      "Actual Startup Time": 260.337,
                      "Actual Total Time": 260.338,
                      "Actual Rows": 466372,
                      "Actual Loops": 4,
                      "Hash Buckets": 2097152,
                      "Original Hash Buckets": 2097152,
                      "Hash Batches": 1,
                      "Original Hash Batches": 1,
                      "Peak Memory Usage": 89440,
                      "Plans": [
                        {
                          "Node Type": "Seq Scan",
                          "Parent Relationship": "Outer",
                          "Parallel Aware": true,
                          "Relation Name": "title",
                          "Alias": "t",
                          "Startup Cost": 0.0,
                          "Total Cost": 43898.92,
                          "Plan Rows": 466259,
                          "Plan Width": 4,
                          "Actual Startup Time": 0.041,
                          "Actual Total Time": 102.858,
                          "Actual Rows": 466372,
                          "Actual Loops": 4,
                          "Filter": "(kind_id > 1)",
                          "Rows Removed by Filter": 165706
                        }
                      ]
                    }
                  ]
                }
              ]
            }
          ]
        }
      ]
    },
    "Planning Time": 0.592,
    "Triggers": [],
    "Execution Time": 452.306
  }
]