{
  "Plan": {
    "Node Type": "Aggregate",
    "Strategy": "Plain",
    "Partial Mode": "Finalize",
    "Parallel Aware": false,
    "Startup Cost": 702598.35,
    "Total Cost": 702598.36,
    "Plan Rows": 1,
    "Plan Width": 8,
    "Actual Startup Time": 1281.237,
    "Actual Total Time": 1343.014,
    "Actual Rows": 1,
    "Actual Loops": 1,
    "Plans": [
      {
        "Node Type": "Gather",
        "Parent Relationship": "Outer",
        "Parallel Aware": false,
        "Startup Cost": 702598.23,
        "Total Cost": 702598.34,
        "Plan Rows": 1,
        "Plan Width": 8,
        "Actual Startup Time": 1279.9,
        "Actual Total Time": 1343.006,
        "Actual Rows": 2,
        "Actual Loops": 1,
        "Workers Planned": 1,
        "Workers Launched": 1,
        "Single Copy": false,
        "Plans": [
          {
            "Node Type": "Aggregate",
            "Strategy": "Plain",
            "Partial Mode": "Partial",
            "Parent Relationship": "Outer",
            "Parallel Aware": false,
            "Startup Cost": 701598.23,
            "Total Cost": 701598.24,
            "Plan Rows": 1,
            "Plan Width": 8,
            "Actual Startup Time": 1273.538,
            "Actual Total Time": 1273.544,
            "Actual Rows": 1,
            "Actual Loops": 2,
            "Plans": [
              {
                "Node Type": "Nested Loop",
                "Parent Relationship": "Outer",
                "Parallel Aware": false,
                "Join Type": "Inner",
                "Startup Cost": 181492.01,
                "Total Cost": 701393.62,
                "Plan Rows": 81846,
                "Plan Width": 0,
                "Actual Startup Time": 582.343,
                "Actual Total Time": 1271.999,
                "Actual Rows": 17048,
                "Actual Loops": 2,
                "Inner Unique": false,
                "Join Filter": "(t.id = mi.movie_id)",
                "Rows Removed by Join Filter": 0,
                "Plans": [
                  {
                    "Node Type": "Hash Join",
                    "Parent Relationship": "Outer",
                    "Parallel Aware": true,
                    "Join Type": "Inner",
                    "Startup Cost": 181491.58,
                    "Total Cost": 498190.57,
                    "Plan Rows": 134805,
                    "Plan Width": 8,
                    "Actual Startup Time": 582.09,
                    "Actual Total Time": 1086.566,
                    "Actual Rows": 8794,
                    "Actual Loops": 2,
                    "Inner Unique": true,
                    "Hash Cond": "(ci.movie_id = t.id)",
                    "Plans": [
                      {
                        "Node Type": "Bitmap Heap Scan",
                        "Parent Relationship": "Outer",
                        "Parallel Aware": true,
                        "Relation Name": "cast_info",
                        "Alias": "ci",
                        "Startup Cost": 141485.02,
                        "Total Cost": 450862.73,
                        "Plan Rows": 2789056,
                        "Plan Width": 4,
                        "Actual Startup Time": 513.363,
                        "Actual Total Time": 920.188,
                        "Actual Rows": 545382,
                        "Actual Loops": 2,
                        "Recheck Cond": "(person_id > 3026594)",
                        "Rows Removed by Index Recheck": 0,
                        "Filter": "(role_id < 5)",
                        "Rows Removed by Filter": 2579892,
                        "Exact Heap Blocks": 55048,
                        "Lossy Heap Blocks": 0,
                        "Plans": [
                          {
                            "Node Type": "Bitmap Index Scan",
                            "Parent Relationship": "Outer",
                            "Parallel Aware": false,
                            "Index Name": "person_id_cast_info",
                            "Startup Cost": 0.0,
                            "Total Cost": 140299.67,
                            "Plan Rows": 6424947,
                            "Plan Width": 0,
                            "Actual Startup Time": 489.06,
                            "Actual Total Time": 489.061,
                            "Actual Rows": 6250548,
                            "Actual Loops": 1,
                            "Index Cond": "(person_id > 3026594)"
                          }
                        ]
                      },
                      {
                        "Node Type": "Hash",
                        "Parent Relationship": "Inner",
                        "Parallel Aware": true,
                        "Startup Cost": 39108.02,
                        "Total Cost": 39108.02,
                        "Plan Rows": 71883,
                        "Plan Width": 4,
                        "Actual Startup Time": 66.203,
                        "Actual Total Time": 66.204,
                        "Actual Rows": 59117,
                        "Actual Loops": 2,
                        "Hash Buckets": 131072,
                        "Original Hash Buckets": 131072,
                        "Hash Batches": 1,
                        "Original Hash Batches": 1,
                        "Peak Memory Usage": 5664,
                        "Plans": [
                          {
                            "Node Type": "Bitmap Heap Scan",
                            "Parent Relationship": "Outer",
                            "Parallel Aware": true,
                            "Relation Name": "title",
                            "Alias": "t",
                            "Startup Cost": 2211.49,
                            "Total Cost": 39108.02,
                            "Plan Rows": 71883,
                            "Plan Width": 4,
                            "Actual Startup Time": 16.841,
                            "Actual Total Time": 52.961,
                            "Actual Rows": 59117,
                            "Actual Loops": 2,
                            "Recheck Cond": "(kind_id = 4)",
                            "Rows Removed by Index Recheck": 0,
                            "Exact Heap Blocks": 10086,
                            "Lossy Heap Blocks": 0,
                            "Plans": [
                              {
                                "Node Type": "Bitmap Index Scan",
                                "Parent Relationship": "Outer",
                                "Parallel Aware": false,
                                "Index Name": "kind_id_title",
                                "Startup Cost": 0.0,
                                "Total Cost": 2180.94,
                                "Plan Rows": 122201,
                                "Plan Width": 0,
                                "Actual Startup Time": 16.751,
                                "Actual Total Time": 16.751,
                                "Actual Rows": 118234,
                                "Actual Loops": 1,
                                "Index Cond": "(kind_id = 4)"
                              }
                            ]
                          }
                        ]
                      }
                    ]
                  },
                  {
                    "Node Type": "Index Scan",
                    "Parent Relationship": "Inner",
                    "Parallel Aware": false,
                    "Scan Direction": "Forward",
                    "Index Name": "movie_id_movie_info",
                    "Relation Name": "movie_info",
                    "Alias": "mi",
                    "Startup Cost": 0.43,
                    "Total Cost": 1.46,
                    "Plan Rows": 4,
                    "Plan Width": 4,
                    "Actual Startup Time": 0.02,
                    "Actual Total Time": 0.02,
                    "Actual Rows": 2,
                    "Actual Loops": 17587,
                    "Index Cond": "(movie_id = ci.movie_id)",
                    "Rows Removed by Index Recheck": 0,
                    "Filter": "(info_type_id = 3)",
                    "Rows Removed by Filter": 8
                  }
                ]
              }
            ]
          }
        ]
      }
    ]
  },
  "Planning Time": 1.06,
  "Triggers": [],
  "Execution Time": 1343.154
}