[
  {
    "Plan": {
      "Node Type": "Aggregate",
      "Strategy": "Plain",
      "Partial Mode": "Finalize",
      "Parallel Aware": false,
      "Startup Cost": 270125.49,
      "Total Cost": 270125.5,
      "Plan Rows": 1,
      "Plan Width": 8,
      "Actual Startup Time": 1163.18,
      "Actual Total Time": 1192.682,
      "Actual Rows": 1,
      "Actual Loops": 1,
      "Plans": [
        {
          "Node Type": "Gather",
          "Parent Relationship": "Outer",
          "Parallel Aware": false,
          "Startup Cost": 270124.97,
          "Total Cost": 270125.48,
          "Plan Rows": 5,
          "Plan Width": 8,
          "Actual Startup Time": 1155.31,
          "Actual Total Time": 1192.673,
          "Actual Rows": 6,
          "Actual Loops": 1,
          "Workers Planned": 5,
          "Workers Launched": 5,
          "Single Copy": false,
          "Plans": [
            {
              "Node Type": "Aggregate",
              "Strategy": "Plain",
              "Partial Mode": "Partial",
              "Parent Relationship": "Outer",
              "Parallel Aware": false,
              "Startup Cost": 269124.97,
              "Total Cost": 269124.98,
              "Plan Rows": 1,
              "Plan Width": 8,
              "Actual Startup Time": 1145.815,
              "Actual Total Time": 1146.047,
              "Actual Rows": 1,
              "Actual Loops": 6,
              "Plans": [
                {
                  "Node Type": "Hash Join",
                  "Parent Relationship": "Outer",
                  "Parallel Aware": true,
                  "Join Type": "Inner",
                  "Startup Cost": 64770.9,
                  "Total Cost": 268455.76,
                  "Plan Rows": 267684,
                  "Plan Width": 0,
                  "Actual Startup Time": 238.367,
                  "Actual Total Time": 1064.082,
                  "Actual Rows": 1500393,
                  "Actual Loops": 6,
                  "Inner Unique": false,
                  "Hash Cond": "(mi.movie_id = t.id)",
                  "Plans": [
                    {
                      "Node Type": "Seq Scan",
                      "Parent Relationship": "Outer",
                      "Parallel Aware": true,
                      "Relation Name": "movie_info",
                      "Alias": "mi",
                      "Startup Cost": 0.0,
                      "Total Cost": 191503.19,
                      "Plan Rows": 2951019,
                      "Plan Width": 4,
                      "Actual Startup Time": 0.024,
                      "Actual Total Time": 327.615,
                      "Actual Rows": 2472620,
                      "Actual Loops": 6
                    },
                    {
                      "Node Type": "Hash",
                      "Parent Relationship": "Inner",
                      "Parallel Aware": true,
                      "Startup Cost": 63576.41,
                      "Total Cost": 63576.41,
                      "Plan Rows": 95559,
                      "Plan Width": 8,
                      "Actual Startup Time": 224.491,
                      "Actual Total Time": 224.722,
                      "Actual Rows": 68279,
                      "Actual Loops": 6,
                      "Hash Buckets": 524288,
                      "Original Hash Buckets": 262144,
                      "Hash Batches": 1,
                      "Original Hash Batches": 1,
                      "Peak Memory Usage": 22272,
                      "Plans": [
                        {
                          "Node Type": "Hash Join",
                          "Parent Relationship": "Outer",
                          "Parallel Aware": true,
                          "Join Type": "Inner",
                          "Startup Cost": 47446.1,
                          "Total Cost": 63576.41,
                          "Plan Rows": 95559,
                          "Plan Width": 8,
                          "Actual Startup Time": 150.966,
                          "Actual Total Time": 195.201,
                          "Actual Rows": 68279,
                          "Actual Loops": 6,
                          "Inner Unique": true,
                          "Hash Cond": "(mi_idx.movie_id = t.id)",
                          "Plans": [
                            {
                              "Node Type": "Seq Scan",
                              "Parent Relationship": "Outer",
                              "Parallel Aware": true,
                              "Relation Name": "movie_info_idx",
                              "Alias": "mi_idx",
                              "Startup Cost": 0.0,
                              "Total Cost": 15122.68,
                              "Plan Rows": 383860,
                              "Plan Width": 4,
                              "Actual Startup Time": 0.024,
                              "Actual Total Time": 30.848,
                              "Actual Rows": 153352,
                              "Actual Loops": 6,
                              "Filter": "(info_type_id > 99)",
                              "Rows Removed by Filter": 76654
                            },
                            {
                              "Node Type": "Hash",
                              "Parent Relationship": "Inner",
                              "Parallel Aware": true,
                              "Startup Cost": 45479.21,
                              "Total Cost": 45479.21,
                              "Plan Rows": 157351,
                              "Plan Width": 4,
                              "Actual Startup Time": 127.466,
                              "Actual Total Time": 127.467,
                              "Actual Rows": 95778,
                              "Actual Loops": 6,
                              "Hash Buckets": 1048576,
                              "Original Hash Buckets": 1048576,
                              "Hash Batches": 1,
                              "Original Hash Batches": 1,
                              "Peak Memory Usage": 30752,
                              "Plans": [
                                {
                                  "Node Type": "Seq Scan",
                                  "Parent Relationship": "Outer",
                                  "Parallel Aware": true,
                                  "Relation Name": "title",
                                  "Alias": "t",
                                  "Startup Cost": 0.0,
                                  "Total Cost": 45479.21,
                                  "Plan Rows": 157351,
                                  "Plan Width": 4,
                                  "Actual Startup Time": 43.911,
                                  "Actual Total Time": 88.564,
                                  "Actual Rows": 95778,
                                  "Actual Loops": 6,
                                  "Filter": "((kind_id < 2) AND (production_year > 1918))",
                                  "Rows Removed by Filter": 325608
                                }
                              ]
                            }
                          ]
                        }
                      ]
                    }
                  ]
                }
              ]
            }
          ]
        }
      ]
    },
    "Planning Time": 0.684,
    "Triggers": [],
    "Execution Time": 1192.732
  }
]