{
  "Plan": {
    "Node Type": "Aggregate",
    "Strategy": "Plain",
    "Partial Mode": "Finalize",
    "Parallel Aware": false,
    "Startup Cost": 110407.63,
    "Total Cost": 110407.64,
    "Plan Rows": 1,
    "Plan Width": 8,
    "Actual Startup Time": 737.474,
    "Actual Total Time": 750.327,
    "Actual Rows": 1,
    "Actual Loops": 1,
    "Plans": [
      {
        "Node Type": "Gather",
        "Parent Relationship": "Outer",
        "Parallel Aware": false,
        "Startup Cost": 110407.52,
        "Total Cost": 110407.63,
        "Plan Rows": 1,
        "Plan Width": 8,
        "Actual Startup Time": 735.934,
        "Actual Total Time": 750.321,
        "Actual Rows": 2,
        "Actual Loops": 1,
        "Workers Planned": 1,
        "Workers Launched": 1,
        "Single Copy": false,
        "Plans": [
          {
            "Node Type": "Aggregate",
            "Strategy": "Plain",
            "Partial Mode": "Partial",
            "Parent Relationship": "Outer",
            "Parallel Aware": false,
            "Startup Cost": 109407.52,
            "Total Cost": 109407.53,
            "Plan Rows": 1,
            "Plan Width": 8,
            "Actual Startup Time": 732.65,
            "Actual Total Time": 732.653,
            "Actual Rows": 1,
            "Actual Loops": 2,
            "Plans": [
              {
                "Node Type": "Hash Join",
                "Parent Relationship": "Outer",
                "Parallel Aware": true,
                "Join Type": "Inner",
                "Startup Cost": 44719.25,
                "Total Cost": 108058.62,
                "Plan Rows": 539558,
                "Plan Width": 0,
                "Actual Startup Time": 232.118,
                "Actual Total Time": 713.982,
                "Actual Rows": 463768,
                "Actual Loops": 2,
                "Inner Unique": false,
                "Hash Cond": "(t.id = mc.movie_id)",
                "Plans": [
                  {
                    "Node Type": "Seq Scan",
                    "Parent Relationship": "Outer",
                    "Parallel Aware": true,
                    "Relation Name": "title",
                    "Alias": "t",
                    "Startup Cost": 0.0,
                    "Total Cost": 50870.31,
                    "Plan Rows": 1487231,
                    "Plan Width": 4,
                    "Actual Startup Time": 0.009,
                    "Actual Total Time": 113.455,
                    "Actual Rows": 1264156,
                    "Actual Loops": 2
                  },
                  {
                    "Node Type": "Hash",
                    "Parent Relationship": "Inner",
                    "Parallel Aware": true,
                    "Startup Cost": 37974.77,
                    "Total Cost": 37974.77,
                    "Plan Rows": 539558,
                    "Plan Width": 4,
                    "Actual Startup Time": 225.324,
                    "Actual Total Time": 225.325,
                    "Actual Rows": 463768,
                    "Actual Loops": 2,
                    "Hash Buckets": 1048576,
                    "Original Hash Buckets": 1048576,
                    "Hash Batches": 1,
                    "Original Hash Batches": 1,
                    "Peak Memory Usage": 44512,
                    "Plans": [
                      {
                        "Node Type": "Seq Scan",
                        "Parent Relationship": "Outer",
                        "Parallel Aware": true,
                        "Relation Name": "movie_companies",
                        "Alias": "mc",
                        "Startup Cost": 0.0,
                        "Total Cost": 37974.77,
                        "Plan Rows": 539558,
                        "Plan Width": 4,
                        "Actual Startup Time": 28.537,
                        "Actual Total Time": 127.729,
                        "Actual Rows": 463768,
                        "Actual Loops": 2,
                        "Filter": "(company_id > 19640)",
                        "Rows Removed by Filter": 840796
                      }
                    ]
                  }
                ]
              }
            ]
          }
        ]
      }
    ]
  },
  "Planning Time": 0.416,
  "Triggers": [],
  "Execution Time": 750.373
}