{
  "Plan": {
    "Node Type": "Aggregate",
    "Strategy": "Plain",
    "Partial Mode": "Finalize",
    "Parallel Aware": false,
    "Startup Cost": 150679.37,
    "Total Cost": 150679.38,
    "Plan Rows": 1,
    "Plan Width": 8,
    "Actual Startup Time": 816.605,
    "Actual Total Time": 850.836,
    "Actual Rows": 1,
    "Actual Loops": 1,
    "Plans": [
      {
        "Node Type": "Gather",
        "Parent Relationship": "Outer",
        "Parallel Aware": false,
        "Startup Cost": 150679.26,
        "Total Cost": 150679.37,
        "Plan Rows": 1,
        "Plan Width": 8,
        "Actual Startup Time": 815.853,
        "Actual Total Time": 850.828,
        "Actual Rows": 2,
        "Actual Loops": 1,
        "Workers Planned": 1,
        "Workers Launched": 1,
        "Single Copy": false,
        "Plans": [
          {
            "Node Type": "Aggregate",
            "Strategy": "Plain",
            "Partial Mode": "Partial",
            "Parent Relationship": "Outer",
            "Parallel Aware": false,
            "Startup Cost": 149679.26,
            "Total Cost": 149679.27,
            "Plan Rows": 1,
            "Plan Width": 8,
            "Actual Startup Time": 809.413,
            "Actual Total Time": 809.421,
            "Actual Rows": 1,
            "Actual Loops": 2,
            "Plans": [
              {
                "Node Type": "Nested Loop",
                "Parent Relationship": "Outer",
                "Parallel Aware": false,
                "Join Type": "Inner",
                "Startup Cost": 25588.73,
                "Total Cost": 149640.07,
                "Plan Rows": 15678,
                "Plan Width": 0,
                "Actual Startup Time": 88.341,
                "Actual Total Time": 805.14,
                "Actual Rows": 48100,
                "Actual Loops": 2,
                "Inner Unique": false,
                "Plans": [
                  {
                    "Node Type": "Hash Join",
                    "Parent Relationship": "Outer",
                    "Parallel Aware": true,
                    "Join Type": "Inner",
                    "Startup Cost": 25588.3,
                    "Total Cost": 89053.25,
                    "Plan Rows": 31008,
                    "Plan Width": 8,
                    "Actual Startup Time": 88.185,
                    "Actual Total Time": 399.587,
                    "Actual Rows": 56473,
                    "Actual Loops": 2,
                    "Inner Unique": false,
                    "Hash Cond": "(t.id = mc.movie_id)",
                    "Plans": [
                      {
                        "Node Type": "Seq Scan",
                        "Parent Relationship": "Outer",
                        "Parallel Aware": true,
                        "Relation Name": "title",
                        "Alias": "t",
                        "Startup Cost": 0.0,
                        "Total Cost": 58306.47,
                        "Plan Rows": 796173,
                        "Plan Width": 4,
                        "Actual Startup Time": 0.013,
                        "Actual Total Time": 172.84,
                        "Actual Rows": 663890,
                        "Actual Loops": 2,
                        "Filter": "((production_year < 2012) AND (kind_id = 7))",
                        "Rows Removed by Filter": 600266
                      },
                      {
                        "Node Type": "Hash",
                        "Parent Relationship": "Inner",
                        "Parallel Aware": true,
                        "Startup Cost": 24864.26,
                        "Total Cost": 24864.26,
                        "Plan Rows": 57923,
                        "Plan Width": 4,
                        "Actual Startup Time": 85.857,
                        "Actual Total Time": 85.858,
                        "Actual Rows": 78904,
                        "Actual Loops": 2,
                        "Hash Buckets": 262144,
                        "Original Hash Buckets": 131072,
                        "Hash Batches": 1,
                        "Original Hash Batches": 1,
                        "Peak Memory Usage": 9280,
                        "Plans": [
                          {
                            "Node Type": "Bitmap Heap Scan",
                            "Parent Relationship": "Outer",
                            "Parallel Aware": true,
                            "Relation Name": "movie_companies",
                            "Alias": "mc",
                            "Startup Cost": 4309.28,
                            "Total Cost": 24864.26,
                            "Plan Rows": 57923,
                            "Plan Width": 4,
                            "Actual Startup Time": 22.366,
                            "Actual Total Time": 64.685,
                            "Actual Rows": 78904,
                            "Actual Loops": 2,
                            "Recheck Cond": "(company_id < 56)",
                            "Rows Removed by Index Recheck": 0,
                            "Filter": "(company_type_id < 2)",
                            "Rows Removed by Filter": 20024,
                            "Exact Heap Blocks": 11984,
                            "Lossy Heap Blocks": 0,
                            "Plans": [
                              {
                                "Node Type": "Bitmap Index Scan",
                                "Parent Relationship": "Outer",
                                "Parallel Aware": false,
                                "Index Name": "company_id_movie_companies",
                                "Startup Cost": 0.0,
                                "Total Cost": 4284.66,
                                "Plan Rows": 200031,
                                "Plan Width": 0,
                                "Actual Startup Time": 21.936,
                                "Actual Total Time": 21.937,
                                "Actual Rows": 197857,
                                "Actual Loops": 1,
                                "Index Cond": "(company_id < 56)"
                              }
                            ]
                          }
                        ]
                      }
                    ]
                  },
                  {
                    "Node Type": "Index Scan",
                    "Parent Relationship": "Inner",
                    "Parallel Aware": false,
                    "Scan Direction": "Forward",
                    "Index Name": "movie_id_movie_info",
                    "Relation Name": "movie_info",
                    "Alias": "mi",
                    "Startup Cost": 0.43,
                    "Total Cost": 1.91,
                    "Plan Rows": 4,
                    "Plan Width": 4,
                    "Actual Startup Time": 0.005,
                    "Actual Total Time": 0.007,
                    "Actual Rows": 1,
                    "Actual Loops": 112946,
                    "Index Cond": "(movie_id = t.id)",
                    "Rows Removed by Index Recheck": 0,
                    "Filter": "(info_type_id = 4)",
                    "Rows Removed by Filter": 9
                  }
                ]
              }
            ]
          }
        ]
      }
    ]
  },
  "Planning Time": 1.122,
  "Triggers": [],
  "Execution Time": 850.957
}