{
  "Plan": {
    "Node Type": "Aggregate",
    "Strategy": "Plain",
    "Partial Mode": "Finalize",
    "Parallel Aware": false,
    "Startup Cost": 106537.09,
    "Total Cost": 106537.1,
    "Plan Rows": 1,
    "Plan Width": 8,
    "Actual Startup Time": 181.482,
    "Actual Total Time": 200.397,
    "Actual Rows": 1,
    "Actual Loops": 1,
    "Plans": [
      {
        "Node Type": "Gather",
        "Parent Relationship": "Outer",
        "Parallel Aware": false,
        "Startup Cost": 106536.98,
        "Total Cost": 106537.09,
        "Plan Rows": 1,
        "Plan Width": 8,
        "Actual Startup Time": 181.358,
        "Actual Total Time": 200.389,
        "Actual Rows": 2,
        "Actual Loops": 1,
        "Workers Planned": 1,
        "Workers Launched": 1,
        "Single Copy": false,
        "Plans": [
          {
            "Node Type": "Aggregate",
            "Strategy": "Plain",
            "Partial Mode": "Partial",
            "Parent Relationship": "Outer",
            "Parallel Aware": false,
            "Startup Cost": 105536.98,
            "Total Cost": 105536.99,
            "Plan Rows": 1,
            "Plan Width": 8,
            "Actual Startup Time": 175.574,
            "Actual Total Time": 175.576,
            "Actual Rows": 1,
            "Actual Loops": 2,
            "Plans": [
              {
                "Node Type": "Nested Loop",
                "Parent Relationship": "Outer",
                "Parallel Aware": false,
                "Join Type": "Inner",
                "Startup Cost": 0.43,
                "Total Cost": 105511.45,
                "Plan Rows": 10213,
                "Plan Width": 0,
                "Actual Startup Time": 0.792,
                "Actual Total Time": 174.531,
                "Actual Rows": 21800,
                "Actual Loops": 2,
                "Inner Unique": false,
                "Plans": [
                  {
                    "Node Type": "Seq Scan",
                    "Parent Relationship": "Outer",
                    "Parallel Aware": true,
                    "Relation Name": "title",
                    "Alias": "t",
                    "Startup Cost": 0.0,
                    "Total Cost": 58306.47,
                    "Plan Rows": 5708,
                    "Plan Width": 4,
                    "Actual Startup Time": 0.64,
                    "Actual Total Time": 134.362,
                    "Actual Rows": 4242,
                    "Actual Loops": 2,
                    "Filter": "((kind_id < 4) AND (production_year = 1994))",
                    "Rows Removed by Filter": 1259914
                  },
                  {
                    "Node Type": "Index Only Scan",
                    "Parent Relationship": "Inner",
                    "Parallel Aware": false,
                    "Scan Direction": "Forward",
                    "Index Name": "movie_id_movie_keyword",
                    "Relation Name": "movie_keyword",
                    "Alias": "mk",
                    "Startup Cost": 0.43,
                    "Total Cost": 7.82,
                    "Plan Rows": 45,
                    "Plan Width": 4,
                    "Actual Startup Time": 0.008,
                    "Actual Total Time": 0.009,
                    "Actual Rows": 5,
                    "Actual Loops": 8484,
                    "Index Cond": "(movie_id = t.id)",
                    "Rows Removed by Index Recheck": 0,
                    "Heap Fetches": 43599
                  }
                ]
              }
            ]
          }
        ]
      }
    ]
  },
  "Planning Time": 0.446,
  "Triggers": [],
  "Execution Time": 200.467
}