[
  {
    "Plan": {
      "Node Type": "Aggregate",
      "Strategy": "Plain",
      "Partial Mode": "Simple",
      "Parallel Aware": false,
      "Startup Cost": 160000046124.28,
      "Total Cost": 160000046124.29,
      "Plan Rows": 1,
      "Plan Width": 8,
      "Actual Startup Time": 578.041,
      "Actual Total Time": 578.054,
      "Actual Rows": 1,
      "Actual Loops": 1,
      "Plans": [
        {
          "Node Type": "Nested Loop",
          "Parent Relationship": "Outer",
          "Parallel Aware": false,
          "Join Type": "Inner",
          "Startup Cost": 160000000005.95,
          "Total Cost": 160000046124.28,
          "Plan Rows": 1,
          "Plan Width": 0,
          "Actual Startup Time": 578.036,
          "Actual Total Time": 578.048,
          "Actual Rows": 0,
          "Actual Loops": 1,
          "Inner Unique": true,
          "Join Filter": "(mi.movie_id = t.id)",
          "Rows Removed by Join Filter": 0,
          "Plans": [
            {
              "Node Type": "Nested Loop",
              "Parent Relationship": "Outer",
              "Parallel Aware": false,
              "Join Type": "Inner",
              "Startup Cost": 150000000005.52,
              "Total Cost": 150000046123.77,
              "Plan Rows": 1,
              "Plan Width": 20,
              "Actual Startup Time": 578.035,
              "Actual Total Time": 578.047,
              "Actual Rows": 0,
              "Actual Loops": 1,
              "Inner Unique": true,
              "Join Filter": "(ci.role_id = rt.id)",
              "Rows Removed by Join Filter": 0,
              "Plans": [
                {
                  "Node Type": "Nested Loop",
                  "Parent Relationship": "Outer",
                  "Parallel Aware": false,
                  "Join Type": "Inner",
                  "Startup Cost": 140000000005.38,
                  "Total Cost": 140000046111.41,
                  "Plan Rows": 1,
                  "Plan Width": 24,
                  "Actual Startup Time": 578.035,
                  "Actual Total Time": 578.047,
                  "Actual Rows": 0,
                  "Actual Loops": 1,
                  "Inner Unique": true,
                  "Join Filter": "(pi.info_type_id = it3.id)",
                  "Rows Removed by Join Filter": 0,
                  "Plans": [
                    {
                      "Node Type": "Nested Loop",
                      "Parent Relationship": "Outer",
                      "Parallel Aware": false,
                      "Join Type": "Inner",
                      "Startup Cost": 130000000005.24,
                      "Total Cost": 130000046097.28,
                      "Plan Rows": 1,
                      "Plan Width": 28,
                      "Actual Startup Time": 578.035,
                      "Actual Total Time": 578.045,
                      "Actual Rows": 0,
                      "Actual Loops": 1,
                      "Inner Unique": false,
                      "Join Filter": "(n.id = pi.person_id)",
                      "Rows Removed by Join Filter": 0,
                      "Plans": [
                        {
                          "Node Type": "Nested Loop",
                          "Parent Relationship": "Outer",
                          "Parallel Aware": false,
                          "Join Type": "Inner",
                          "Startup Cost": 120000000004.81,
                          "Total Cost": 120000046095.84,
                          "Plan Rows": 1,
                          "Plan Width": 36,
                          "Actual Startup Time": 578.035,
                          "Actual Total Time": 578.044,
                          "Actual Rows": 0,
                          "Actual Loops": 1,
                          "Inner Unique": true,
                          "Join Filter": "(ci.person_id = n.id)",
                          "Rows Removed by Join Filter": 0,
                          "Plans": [
                            {
                              "Node Type": "Nested Loop",
                              "Parent Relationship": "Outer",
                              "Parallel Aware": false,
                              "Join Type": "Inner",
                              "Startup Cost": 110000000004.38,
                              "Total Cost": 110000046095.06,
                              "Plan Rows": 1,
                              "Plan Width": 32,
                              "Actual Startup Time": 423.033,
                              "Actual Total Time": 577.969,
                              "Actual Rows": 15,
                              "Actual Loops": 1,
                              "Inner Unique": true,
                              "Plans": [
                                {
                                  "Node Type": "Nested Loop",
                                  "Parent Relationship": "Outer",
                                  "Parallel Aware": false,
                                  "Join Type": "Inner",
                                  "Startup Cost": 100000000004.24,
                                  "Total Cost": 100000046094.88,
                                  "Plan Rows": 1,
                                  "Plan Width": 36,
                                  "Actual Startup Time": 423.009,
                                  "Actual Total Time": 577.93,
                                  "Actual Rows": 15,
                                  "Actual Loops": 1,
                                  "Inner Unique": false,
                                  "Join Filter": "(mc.movie_id = mi.movie_id)",
                                  "Rows Removed by Join Filter": 0,
                                  "Plans": [
                                    {
                                      "Node Type": "Nested Loop",
                                      "Parent Relationship": "Outer",
                                      "Parallel Aware": false,
                                      "Join Type": "Inner",
                                      "Startup Cost": 90000000003.8,
                                      "Total Cost": 90000046093.45,
                                      "Plan Rows": 1,
                                      "Plan Width": 28,
                                      "Actual Startup Time": 122.232,
                                      "Actual Total Time": 574.042,
                                      "Actual Rows": 70,
                                      "Actual Loops": 1,
                                      "Inner Unique": true,
                                      "Plans": [
                                        {
                                          "Node Type": "Nested Loop",
                                          "Parent Relationship": "Outer",
                                          "Parallel Aware": false,
                                          "Join Type": "Inner",
                                          "Startup Cost": 80000000003.38,
                                          "Total Cost": 80000046093.0,
                                          "Plan Rows": 1,
                                          "Plan Width": 32,
                                          "Actual Startup Time": 122.201,
                                          "Actual Total Time": 572.955,
                                          "Actual Rows": 241,
                                          "Actual Loops": 1,
                                          "Inner Unique": false,
                                          "Join Filter": "(ci.movie_id = mc.movie_id)",
                                          "Rows Removed by Join Filter": 0,
                                          "Plans": [
                                            {
                                              "Node Type": "Nested Loop",
                                              "Parent Relationship": "Outer",
                                              "Parallel Aware": false,
                                              "Join Type": "Inner",
                                              "Startup Cost": 70000000002.95,
                                              "Total Cost": 70000046092.4,
                                              "Plan Rows": 1,
                                              "Plan Width": 24,
                                              "Actual Startup Time": 122.131,
                                              "Actual Total Time": 572.669,
                                              "Actual Rows": 11,
                                              "Actual Loops": 1,
                                              "Inner Unique": true,
                                              "Plans": [
                                                {
                                                  "Node Type": "Nested Loop",
                                                  "Parent Relationship": "Outer",
                                                  "Parallel Aware": false,
                                                  "Join Type": "Inner",
                                                  "Startup Cost": 60000000002.52,
                                                  "Total Cost": 60000046091.48,
                                                  "Plan Rows": 1,
                                                  "Plan Width": 28,
                                                  "Actual Startup Time": 119.562,
                                                  "Actual Total Time": 564.146,
                                                  "Actual Rows": 1417,
                                                  "Actual Loops": 1,
                                                  "Inner Unique": false,
                                                  "Plans": [
                                                    {
                                                      "Node Type": "Nested Loop",
                                                      "Parent Relationship": "Outer",
                                                      "Parallel Aware": false,
                                                      "Join Type": "Inner",
                                                      "Startup Cost": 50000000002.1,
                                                      "Total Cost": 50000046090.93,
                                                      "Plan Rows": 1,
                                                      "Plan Width": 24,
                                                      "Actual Startup Time": 119.451,
                                                      "Actual Total Time": 554.888,
                                                      "Actual Rows": 703,
                                                      "Actual Loops": 1,
                                                      "Inner Unique": false,
                                                      "Plans": [
                                                        {
                                                          "Node Type": "Nested Loop",
                                                          "Parent Relationship": "Outer",
                                                          "Parallel Aware": false,
                                                          "Join Type": "Inner",
                                                          "Startup Cost": 40000000001.53,
                                                          "Total Cost": 40000046086.02,
                                                          "Plan Rows": 3,
                                                          "Plan Width": 8,
                                                          "Actual Startup Time": 119.375,
                                                          "Actual Total Time": 532.455,
                                                          "Actual Rows": 23,
                                                          "Actual Loops": 1,
                                                          "Inner Unique": true,
                                                          "Join Filter": "(mk.keyword_id = k.id)",
                                                          "Rows Removed by Join Filter": 742243,
                                                          "Plans": [
                                                            {
                                                              "Node Type": "Nested Loop",
                                                              "Parent Relationship": "Outer",
                                                              "Parallel Aware": false,
                                                              "Join Type": "Inner",
                                                              "Startup Cost": 30000000001.11,
                                                              "Total Cost": 30000034949.12,
                                                              "Plan Rows": 386258,
                                                              "Plan Width": 12,
                                                              "Actual Startup Time": 0.487,
                                                              "Actual Total Time": 346.57,
                                                              "Actual Rows": 742266,
                                                              "Actual Loops": 1,
                                                              "Inner Unique": false,
                                                              "Plans": [
                                                                {
                                                                  "Node Type": "Nested Loop",
                                                                  "Parent Relationship": "Outer",
                                                                  "Parallel Aware": false,
                                                                  "Join Type": "Inner",
                                                                  "Startup Cost": 20000000000.68,
                                                                  "Total Cost": 20000009203.71,
                                                                  "Plan Rows": 8443,
                                                                  "Plan Width": 4,
                                                                  "Actual Startup Time": 0.311,
                                                                  "Actual Total Time": 87.011,
                                                                  "Actual Rows": 17879,
                                                                  "Actual Loops": 1,
                                                                  "Inner Unique": true,
                                                                  "Join Filter": "(cc.status_id = cct2.id)",
                                                                  "Rows Removed by Join Filter": 68062,
                                                                  "Plans": [
                                                                    {
                                                                      "Node Type": "Nested Loop",
                                                                      "Parent Relationship": "Outer",
                                                                      "Parallel Aware": false,
                                                                      "Join Type": "Inner",
                                                                      "Startup Cost": 10000000000.55,
                                                                      "Total Cost": 10000008684.92,
                                                                      "Plan Rows": 33772,
                                                                      "Plan Width": 8,
                                                                      "Actual Startup Time": 0.158,
                                                                      "Actual Total Time": 70.364,
                                                                      "Actual Rows": 85941,
                                                                      "Actual Loops": 1,
                                                                      "Inner Unique": true,
                                                                      "Join Filter": "(cc.subject_id = cct1.id)",
                                                                      "Rows Removed by Join Filter": 49145,
                                                                      "Plans": [
                                                                        {
                                                                          "Node Type": "Index Scan",
                                                                          "Parent Relationship": "Outer",
                                                                          "Parallel Aware": false,
                                                                          "Scan Direction": "Forward",
                                                                          "Index Name": "movie_id_complete_cast",
                                                                          "Relation Name": "complete_cast",
                                                                          "Alias": "cc",
                                                                          "Startup Cost": 0.42,
                                                                          "Total Cost": 6646.43,
                                                                          "Plan Rows": 135086,
                                                                          "Plan Width": 12,
                                                                          "Actual Startup Time": 0.114,
                                                                          "Actual Total Time": 42.741,
                                                                          "Actual Rows": 135086,
                                                                          "Actual Loops": 1
                                                                        },
                                                                        {
                                                                          "Node Type": "Materialize",
                                                                          "Parent Relationship": "Inner",
                                                                          "Parallel Aware": false,
                                                                          "Startup Cost": 0.13,
                                                                          "Total Cost": 12.21,
                                                                          "Plan Rows": 1,
                                                                          "Plan Width": 4,
                                                                          "Actual Startup Time": 0.0,
                                                                          "Actual Total Time": 0.0,
                                                                          "Actual Rows": 1,
                                                                          "Actual Loops": 135086,
                                                                          "Plans": [
                                                                            {
                                                                              "Node Type": "Index Scan",
                                                                              "Parent Relationship": "Outer",
                                                                              "Parallel Aware": false,
                                                                              "Scan Direction": "Forward",
                                                                              "Index Name": "comp_cast_type_pkey",
                                                                              "Relation Name": "comp_cast_type",
                                                                              "Alias": "cct1",
                                                                              "Startup Cost": 0.13,
                                                                              "Total Cost": 12.2,
                                                                              "Plan Rows": 1,
                                                                              "Plan Width": 4,
                                                                              "Actual Startup Time": 0.035,
                                                                              "Actual Total Time": 0.037,
                                                                              "Actual Rows": 1,
                                                                              "Actual Loops": 1,
                                                                              "Filter": "((kind)::text = 'cast'::text)",
                                                                              "Rows Removed by Filter": 3
                                                                            }
                                                                          ]
                                                                        }
                                                                      ]
                                                                    },
                                                                    {
                                                                      "Node Type": "Materialize",
                                                                      "Parent Relationship": "Inner",
                                                                      "Parallel Aware": false,
                                                                      "Startup Cost": 0.13,
                                                                      "Total Cost": 12.21,
                                                                      "Plan Rows": 1,
                                                                      "Plan Width": 4,
                                                                      "Actual Startup Time": 0.0,
                                                                      "Actual Total Time": 0.0,
                                                                      "Actual Rows": 1,
                                                                      "Actual Loops": 85941,
                                                                      "Plans": [
                                                                        {
                                                                          "Node Type": "Index Scan",
                                                                          "Parent Relationship": "Outer",
                                                                          "Parallel Aware": false,
                                                                          "Scan Direction": "Forward",
                                                                          "Index Name": "comp_cast_type_pkey",
                                                                          "Relation Name": "comp_cast_type",
                                                                          "Alias": "cct2",
                                                                          "Startup Cost": 0.13,
                                                                          "Total Cost": 12.2,
                                                                          "Plan Rows": 1,
                                                                          "Plan Width": 4,
                                                                          "Actual Startup Time": 0.007,
                                                                          "Actual Total Time": 0.008,
                                                                          "Actual Rows": 1,
                                                                          "Actual Loops": 1,
                                                                          "Filter": "((kind)::text = 'complete+verified'::text)",
                                                                          "Rows Removed by Filter": 3
                                                                        }
                                                                      ]
                                                                    }
                                                                  ]
                                                                },
                                                                {
                                                                  "Node Type": "Index Scan",
                                                                  "Parent Relationship": "Inner",
                                                                  "Parallel Aware": false,
                                                                  "Scan Direction": "Forward",
                                                                  "Index Name": "movie_id_movie_keyword",
                                                                  "Relation Name": "movie_keyword",
                                                                  "Alias": "mk",
                                                                  "Startup Cost": 0.43,
                                                                  "Total Cost": 2.59,
                                                                  "Plan Rows": 46,
                                                                  "Plan Width": 8,
                                                                  "Actual Startup Time": 0.006,
                                                                  "Actual Total Time": 0.011,
                                                                  "Actual Rows": 42,
                                                                  "Actual Loops": 17879,
                                                                  "Index Cond": "(movie_id = cc.movie_id)",
                                                                  "Rows Removed by Index Recheck": 0
                                                                }
                                                              ]
                                                            },
                                                            {
                                                              "Node Type": "Materialize",
                                                              "Parent Relationship": "Inner",
                                                              "Parallel Aware": false,
                                                              "Startup Cost": 0.42,
                                                              "Total Cost": 5343.04,
                                                              "Plan Rows": 1,
                                                              "Plan Width": 4,
                                                              "Actual Startup Time": 0.0,
                                                              "Actual Total Time": 0.0,
                                                              "Actual Rows": 1,
                                                              "Actual Loops": 742266,
                                                              "Plans": [
                                                                {
                                                                  "Node Type": "Index Scan",
                                                                  "Parent Relationship": "Outer",
                                                                  "Parallel Aware": false,
                                                                  "Scan Direction": "Forward",
                                                                  "Index Name": "keyword_pkey",
                                                                  "Relation Name": "keyword",
                                                                  "Alias": "k",
                                                                  "Startup Cost": 0.42,
                                                                  "Total Cost": 5343.03,
                                                                  "Plan Rows": 1,
                                                                  "Plan Width": 4,
                                                                  "Actual Startup Time": 3.187,
                                                                  "Actual Total Time": 49.876,
                                                                  "Actual Rows": 1,
                                                                  "Actual Loops": 1,
                                                                  "Filter": "(keyword = 'computer-animation'::text)",
                                                                  "Rows Removed by Filter": 134169
                                                                }
                                                              ]
                                                            }
                                                          ]
                                                        },
                                                        {
                                                          "Node Type": "Index Scan",
                                                          "Parent Relationship": "Inner",
                                                          "Parallel Aware": false,
                                                          "Scan Direction": "Forward",
                                                          "Index Name": "movie_id_cast_info",
                                                          "Relation Name": "cast_info",
                                                          "Alias": "ci",
                                                          "Startup Cost": 0.56,
                                                          "Total Cost": 1.63,
                                                          "Plan Rows": 1,
                                                          "Plan Width": 16,
                                                          "Actual Startup Time": 0.112,
                                                          "Actual Total Time": 0.968,
                                                          "Actual Rows": 31,
                                                          "Actual Loops": 23,
                                                          "Index Cond": "(movie_id = mk.movie_id)",
                                                          "Rows Removed by Index Recheck": 0,
                                                          "Filter": "(note = ANY ('{(voice),\"(voice) (uncredited)\",\"(voice: English version)\"}'::text[]))",
                                                          "Rows Removed by Filter": 116
                                                        }
                                                      ]
                                                    },
                                                    {
                                                      "Node Type": "Index Only Scan",
                                                      "Parent Relationship": "Inner",
                                                      "Parallel Aware": false,
                                                      "Scan Direction": "Forward",
                                                      "Index Name": "person_id_aka_name",
                                                      "Relation Name": "aka_name",
                                                      "Alias": "an",
                                                      "Startup Cost": 0.42,
                                                      "Total Cost": 0.53,
                                                      "Plan Rows": 2,
                                                      "Plan Width": 4,
                                                      "Actual Startup Time": 0.011,
                                                      "Actual Total Time": 0.012,
                                                      "Actual Rows": 2,
                                                      "Actual Loops": 703,
                                                      "Index Cond": "(person_id = ci.person_id)",
                                                      "Rows Removed by Index Recheck": 0,
                                                      "Heap Fetches": 1417
                                                    }
                                                  ]
                                                },
                                                {
                                                  "Node Type": "Index Scan",
                                                  "Parent Relationship": "Inner",
                                                  "Parallel Aware": false,
                                                  "Scan Direction": "Forward",
                                                  "Index Name": "char_name_pkey",
                                                  "Relation Name": "char_name",
                                                  "Alias": "chn",
                                                  "Startup Cost": 0.43,
                                                  "Total Cost": 0.67,
                                                  "Plan Rows": 1,
                                                  "Plan Width": 4,
                                                  "Actual Startup Time": 0.006,
                                                  "Actual Total Time": 0.006,
                                                  "Actual Rows": 0,
                                                  "Actual Loops": 1417,
                                                  "Index Cond": "(id = ci.person_role_id)",
                                                  "Rows Removed by Index Recheck": 0,
                                                  "Filter": "(name = 'Queen'::text)",
                                                  "Rows Removed by Filter": 1
                                                }
                                              ]
                                            },
                                            {
                                              "Node Type": "Index Scan",
                                              "Parent Relationship": "Inner",
                                              "Parallel Aware": false,
                                              "Scan Direction": "Forward",
                                              "Index Name": "movie_id_movie_companies",
                                              "Relation Name": "movie_companies",
                                              "Alias": "mc",
                                              "Startup Cost": 0.43,
                                              "Total Cost": 0.54,
                                              "Plan Rows": 5,
                                              "Plan Width": 8,
                                              "Actual Startup Time": 0.015,
                                              "Actual Total Time": 0.021,
                                              "Actual Rows": 22,
                                              "Actual Loops": 11,
                                              "Index Cond": "(movie_id = mk.movie_id)",
                                              "Rows Removed by Index Recheck": 0
                                            }
                                          ]
                                        },
                                        {
                                          "Node Type": "Index Scan",
                                          "Parent Relationship": "Inner",
                                          "Parallel Aware": false,
                                          "Scan Direction": "Forward",
                                          "Index Name": "company_name_pkey",
                                          "Relation Name": "company_name",
                                          "Alias": "cn",
                                          "Startup Cost": 0.42,
                                          "Total Cost": 0.45,
                                          "Plan Rows": 1,
                                          "Plan Width": 4,
                                          "Actual Startup Time": 0.004,
                                          "Actual Total Time": 0.004,
                                          "Actual Rows": 0,
                                          "Actual Loops": 241,
                                          "Index Cond": "(id = mc.company_id)",
                                          "Rows Removed by Index Recheck": 0,
                                          "Filter": "((country_code)::text = '[us]'::text)",
                                          "Rows Removed by Filter": 1
                                        }
                                      ]
                                    },
                                    {
                                      "Node Type": "Index Scan",
                                      "Parent Relationship": "Inner",
                                      "Parallel Aware": false,
                                      "Scan Direction": "Forward",
                                      "Index Name": "movie_id_movie_info",
                                      "Relation Name": "movie_info",
                                      "Alias": "mi",
                                      "Startup Cost": 0.43,
                                      "Total Cost": 1.41,
                                      "Plan Rows": 2,
                                      "Plan Width": 8,
                                      "Actual Startup Time": 0.042,
                                      "Actual Total Time": 0.055,
                                      "Actual Rows": 0,
                                      "Actual Loops": 70,
                                      "Index Cond": "(movie_id = mk.movie_id)",
                                      "Rows Removed by Index Recheck": 0,
                                      "Filter": "(info ~~ 'USA:%200%'::text)",
                                      "Rows Removed by Filter": 335
                                    }
                                  ]
                                },
                                {
                                  "Node Type": "Index Scan",
                                  "Parent Relationship": "Inner",
                                  "Parallel Aware": false,
                                  "Scan Direction": "Forward",
                                  "Index Name": "info_type_pkey",
                                  "Relation Name": "info_type",
                                  "Alias": "it",
                                  "Startup Cost": 0.14,
                                  "Total Cost": 0.16,
                                  "Plan Rows": 1,
                                  "Plan Width": 4,
                                  "Actual Startup Time": 0.002,
                                  "Actual Total Time": 0.002,
                                  "Actual Rows": 1,
                                  "Actual Loops": 15,
                                  "Index Cond": "(id = mi.info_type_id)",
                                  "Rows Removed by Index Recheck": 0,
                                  "Filter": "((info)::text = 'release dates'::text)",
                                  "Rows Removed by Filter": 0
                                }
                              ]
                            },
                            {
                              "Node Type": "Index Scan",
                              "Parent Relationship": "Inner",
                              "Parallel Aware": false,
                              "Scan Direction": "Forward",
                              "Index Name": "name_pkey",
                              "Relation Name": "name",
                              "Alias": "n",
                              "Startup Cost": 0.43,
                              "Total Cost": 0.77,
                              "Plan Rows": 1,
                              "Plan Width": 4,
                              "Actual Startup Time": 0.005,
                              "Actual Total Time": 0.005,
                              "Actual Rows": 0,
                              "Actual Loops": 15,
                              "Index Cond": "(id = an.person_id)",
                              "Rows Removed by Index Recheck": 0,
                              "Filter": "((name ~~ '%An%'::text) AND ((gender)::text = 'm'::text))",
                              "Rows Removed by Filter": 1
                            }
                          ]
                        },
                        {
                          "Node Type": "Index Scan",
                          "Parent Relationship": "Inner",
                          "Parallel Aware": false,
                          "Scan Direction": "Forward",
                          "Index Name": "person_id_person_info",
                          "Relation Name": "person_info",
                          "Alias": "pi",
                          "Startup Cost": 0.43,
                          "Total Cost": 1.14,
                          "Plan Rows": 24,
                          "Plan Width": 8,
                          "Actual Startup Time": 0.0,
                          "Actual Total Time": 0.0,
                          "Actual Rows": 0,
                          "Actual Loops": 0,
                          "Index Cond": "(person_id = an.person_id)",
                          "Rows Removed by Index Recheck": 0
                        }
                      ]
                    },
                    {
                      "Node Type": "Index Scan",
                      "Parent Relationship": "Inner",
                      "Parallel Aware": false,
                      "Scan Direction": "Forward",
                      "Index Name": "info_type_pkey",
                      "Relation Name": "info_type",
                      "Alias": "it3",
                      "Startup Cost": 0.14,
                      "Total Cost": 14.12,
                      "Plan Rows": 1,
                      "Plan Width": 4,
                      "Actual Startup Time": 0.0,
                      "Actual Total Time": 0.0,
                      "Actual Rows": 0,
                      "Actual Loops": 0,
                      "Filter": "((info)::text = 'height'::text)",
                      "Rows Removed by Filter": 0
                    }
                  ]
                },
                {
                  "Node Type": "Index Scan",
                  "Parent Relationship": "Inner",
                  "Parallel Aware": false,
                  "Scan Direction": "Forward",
                  "Index Name": "role_type_pkey",
                  "Relation Name": "role_type",
                  "Alias": "rt",
                  "Startup Cost": 0.14,
                  "Total Cost": 12.35,
                  "Plan Rows": 1,
                  "Plan Width": 4,
                  "Actual Startup Time": 0.0,
                  "Actual Total Time": 0.0,
                  "Actual Rows": 0,
                  "Actual Loops": 0,
                  "Filter": "((role)::text = 'actress'::text)",
                  "Rows Removed by Filter": 0
                }
              ]
            },
            {
              "Node Type": "Index Scan",
              "Parent Relationship": "Inner",
              "Parallel Aware": false,
              "Scan Direction": "Forward",
              "Index Name": "title_pkey",
              "Relation Name": "title",
              "Alias": "t",
              "Startup Cost": 0.43,
              "Total Cost": 0.49,
              "Plan Rows": 1,
              "Plan Width": 4,
              "Actual Startup Time": 0.0,
              "Actual Total Time": 0.0,
              "Actual Rows": 0,
              "Actual Loops": 0,
              "Index Cond": "(id = mk.movie_id)",
              "Rows Removed by Index Recheck": 0,
              "Filter": "((production_year >= 1996) AND (production_year <= 2001) AND (title = 'Shrek 2'::text))",
              "Rows Removed by Filter": 0
            }
          ]
        }
      ]
    },
    "Planning Time": 2315.124,
    "Triggers": [],
    "Execution Time": 578.482
  }
]