[
    {
        "Bao": {
            "Bao prediction": "NaN",
            "Bao recommended hint": "(no hint)"
        }
    },
    {
        "Plan": {
            "Node Type": "Aggregate",
            "Strategy": "Plain",
            "Partial Mode": "Finalize",
            "Parallel Aware": false,
            "Startup Cost": 30402.17,
            "Total Cost": 30402.18,
            "Plan Rows": 1,
            "Plan Width": 8,
            "Actual Startup Time": 83.936,
            "Actual Total Time": 88.016,
            "Actual Rows": 1,
            "Actual Loops": 1,
            "Output": [
                "count(*)"
            ],
            "Plans": [
                {
                    "Node Type": "Gather",
                    "Parent Relationship": "Outer",
                    "Parallel Aware": false,
                    "Startup Cost": 30401.85,
                    "Total Cost": 30402.16,
                    "Plan Rows": 3,
                    "Plan Width": 8,
                    "Actual Startup Time": 83.781,
                    "Actual Total Time": 88.006,
                    "Actual Rows": 4,
                    "Actual Loops": 1,
                    "Output": [
                        "(PARTIAL count(*))"
                    ],
                    "Workers Planned": 3,
                    "Workers Launched": 3,
                    "Single Copy": false,
                    "Plans": [
                        {
                            "Node Type": "Aggregate",
                            "Strategy": "Plain",
                            "Partial Mode": "Partial",
                            "Parent Relationship": "Outer",
                            "Parallel Aware": false,
                            "Startup Cost": 29401.85,
                            "Total Cost": 29401.86,
                            "Plan Rows": 1,
                            "Plan Width": 8,
                            "Actual Startup Time": 74.635,
                            "Actual Total Time": 74.636,
                            "Actual Rows": 1,
                            "Actual Loops": 4,
                            "Output": [
                                "PARTIAL count(*)"
                            ],
                            "Workers": [
                                {
                                    "Worker Number": 0,
                                    "Actual Startup Time": 71.309,
                                    "Actual Total Time": 71.31,
                                    "Actual Rows": 1,
                                    "Actual Loops": 1
                                },
                                {
                                    "Worker Number": 1,
                                    "Actual Startup Time": 71.957,
                                    "Actual Total Time": 71.959,
                                    "Actual Rows": 1,
                                    "Actual Loops": 1
                                },
                                {
                                    "Worker Number": 2,
                                    "Actual Startup Time": 72.128,
                                    "Actual Total Time": 72.13,
                                    "Actual Rows": 1,
                                    "Actual Loops": 1
                                }
                            ],
                            "Plans": [
                                {
                                    "Node Type": "Bitmap Heap Scan",
                                    "Parent Relationship": "Outer",
                                    "Parallel Aware": true,
                                    "Relation Name": "movie_companies",
                                    "Schema": "public",
                                    "Alias": "mc",
                                    "Startup Cost": 8674.86,
                                    "Total Cost": 29079.02,
                                    "Plan Rows": 129133,
                                    "Plan Width": 0,
                                    "Actual Startup Time": 27.292,
                                    "Actual Total Time": 66.613,
                                    "Actual Rows": 101521,
                                    "Actual Loops": 4,
                                    "Recheck Cond": "(mc.company_id > 81484)",
                                    "Rows Removed by Index Recheck": 0,
                                    "Exact Heap Blocks": 2785,
                                    "Lossy Heap Blocks": 0,
                                    "Workers": [
                                        {
                                            "Worker Number": 0,
                                            "Actual Startup Time": 24.108,
                                            "Actual Total Time": 64.301,
                                            "Actual Rows": 76224,
                                            "Actual Loops": 1
                                        },
                                        {
                                            "Worker Number": 1,
                                            "Actual Startup Time": 24.614,
                                            "Actual Total Time": 64.773,
                                            "Actual Rows": 82460,
                                            "Actual Loops": 1
                                        },
                                        {
                                            "Worker Number": 2,
                                            "Actual Startup Time": 24.876,
                                            "Actual Total Time": 64.926,
                                            "Actual Rows": 83316,
                                            "Actual Loops": 1
                                        }
                                    ],
                                    "Plans": [
                                        {
                                            "Node Type": "Bitmap Index Scan",
                                            "Parent Relationship": "Outer",
                                            "Parallel Aware": false,
                                            "Index Name": "company_id_movie_companies",
                                            "Startup Cost": 0.0,
                                            "Total Cost": 8574.78,
                                            "Plan Rows": 400313,
                                            "Plan Width": 0,
                                            "Actual Startup Time": 34.246,
                                            "Actual Total Time": 34.247,
                                            "Actual Rows": 406084,
                                            "Actual Loops": 1,
                                            "Index Cond": "(mc.company_id > 81484)"
                                        }
                                    ]
                                }
                            ]
                        }
                    ]
                }
            ]
        },
        "Planning Time": 282.899,
        "Triggers": [],
        "Execution Time": 88.142
    }
]