[
  {
    "Plan": {
      "Node Type": "Aggregate",
      "Strategy": "Plain",
      "Partial Mode": "Finalize",
      "Parallel Aware": false,
      "Startup Cost": 337738.86,
      "Total Cost": 337738.87,
      "Plan Rows": 1,
      "Plan Width": 8,
      "Actual Startup Time": 766.939,
      "Actual Total Time": 831.015,
      "Actual Rows": 1,
      "Actual Loops": 1,
      "Plans": [
        {
          "Node Type": "Gather",
          "Parent Relationship": "Outer",
          "Parallel Aware": false,
          "Startup Cost": 337738.24,
          "Total Cost": 337738.85,
          "Plan Rows": 6,
          "Plan Width": 8,
          "Actual Startup Time": 766.815,
          "Actual Total Time": 831.005,
          "Actual Rows": 7,
          "Actual Loops": 1,
          "Workers Planned": 6,
          "Workers Launched": 6,
          "Single Copy": false,
          "Plans": [
            {
              "Node Type": "Aggregate",
              "Strategy": "Plain",
              "Partial Mode": "Partial",
              "Parent Relationship": "Outer",
              "Parallel Aware": false,
              "Startup Cost": 336738.24,
              "Total Cost": 336738.25,
              "Plan Rows": 1,
              "Plan Width": 8,
              "Actual Startup Time": 758.058,
              "Actual Total Time": 758.059,
              "Actual Rows": 1,
              "Actual Loops": 7,
              "Plans": [
                {
                  "Node Type": "Seq Scan",
                  "Parent Relationship": "Outer",
                  "Parallel Aware": true,
                  "Relation Name": "cast_info",
                  "Alias": "ci",
                  "Startup Cost": 0.0,
                  "Total Cost": 328162.03,
                  "Plan Rows": 3430484,
                  "Plan Width": 0,
                  "Actual Startup Time": 0.052,
                  "Actual Total Time": 622.651,
                  "Actual Rows": 2945505,
                  "Actual Loops": 7,
                  "Filter": "(person_id < 2074943)",
                  "Rows Removed by Filter": 2232259
                }
              ]
            }
          ]
        }
      ]
    },
    "Planning Time": 0.171,
    "Triggers": [],
    "Execution Time": 831.081
  }
]