{
  "Plan": {
    "Node Type": "Aggregate",
    "Strategy": "Plain",
    "Partial Mode": "Finalize",
    "Parallel Aware": false,
    "Startup Cost": 247475.5,
    "Total Cost": 247475.51,
    "Plan Rows": 1,
    "Plan Width": 8,
    "Actual Startup Time": 1473.878,
    "Actual Total Time": 1508.156,
    "Actual Rows": 1,
    "Actual Loops": 1,
    "Plans": [
      {
        "Node Type": "Gather",
        "Parent Relationship": "Outer",
        "Parallel Aware": false,
        "Startup Cost": 247475.39,
        "Total Cost": 247475.5,
        "Plan Rows": 1,
        "Plan Width": 8,
        "Actual Startup Time": 1465.459,
        "Actual Total Time": 1508.148,
        "Actual Rows": 2,
        "Actual Loops": 1,
        "Workers Planned": 1,
        "Workers Launched": 1,
        "Single Copy": false,
        "Plans": [
          {
            "Node Type": "Aggregate",
            "Strategy": "Plain",
            "Partial Mode": "Partial",
            "Parent Relationship": "Outer",
            "Parallel Aware": false,
            "Startup Cost": 246475.39,
            "Total Cost": 246475.4,
            "Plan Rows": 1,
            "Plan Width": 8,
            "Actual Startup Time": 1453.028,
            "Actual Total Time": 1454.318,
            "Actual Rows": 1,
            "Actual Loops": 2,
            "Plans": [
              {
                "Node Type": "Hash Join",
                "Parent Relationship": "Outer",
                "Parallel Aware": true,
                "Join Type": "Inner",
                "Startup Cost": 220958.64,
                "Total Cost": 246376.39,
                "Plan Rows": 39599,
                "Plan Width": 0,
                "Actual Startup Time": 1408.88,
                "Actual Total Time": 1453.534,
                "Actual Rows": 14370,
                "Actual Loops": 2,
                "Inner Unique": false,
                "Hash Cond": "(mk.movie_id = t.id)",
                "Plans": [
                  {
                    "Node Type": "Bitmap Heap Scan",
                    "Parent Relationship": "Outer",
                    "Parallel Aware": true,
                    "Relation Name": "movie_keyword",
                    "Alias": "mk",
                    "Startup Cost": 1624.95,
                    "Total Cost": 26641.11,
                    "Plan Rows": 44973,
                    "Plan Width": 4,
                    "Actual Startup Time": 14.23,
                    "Actual Total Time": 40.295,
                    "Actual Rows": 36248,
                    "Actual Loops": 2,
                    "Recheck Cond": "(keyword_id = 335)",
                    "Rows Removed by Index Recheck": 0,
                    "Exact Heap Blocks": 10831,
                    "Lossy Heap Blocks": 0,
                    "Plans": [
                      {
                        "Node Type": "Bitmap Index Scan",
                        "Parent Relationship": "Outer",
                        "Parallel Aware": false,
                        "Index Name": "keyword_id_movie_keyword",
                        "Startup Cost": 0.0,
                        "Total Cost": 1605.84,
                        "Plan Rows": 76454,
                        "Plan Width": 0,
                        "Actual Startup Time": 11.919,
                        "Actual Total Time": 11.92,
                        "Actual Rows": 72496,
                        "Actual Loops": 1,
                        "Index Cond": "(keyword_id = 335)"
                      }
                    ]
                  },
                  {
                    "Node Type": "Hash",
                    "Parent Relationship": "Inner",
                    "Parallel Aware": true,
                    "Startup Cost": 202964.7,
                    "Total Cost": 202964.7,
                    "Plan Rows": 1309519,
                    "Plan Width": 8,
                    "Actual Startup Time": 1372.767,
                    "Actual Total Time": 1374.055,
                    "Actual Rows": 721306,
                    "Actual Loops": 2,
                    "Hash Buckets": 4194304,
                    "Original Hash Buckets": 4194304,
                    "Hash Batches": 1,
                    "Original Hash Batches": 1,
                    "Peak Memory Usage": 89216,
                    "Plans": [
                      {
                        "Node Type": "Hash Join",
                        "Parent Relationship": "Outer",
                        "Parallel Aware": true,
                        "Join Type": "Inner",
                        "Startup Cost": 69461.26,
                        "Total Cost": 202964.7,
                        "Plan Rows": 1309519,
                        "Plan Width": 8,
                        "Actual Startup Time": 504.866,
                        "Actual Total Time": 1151.571,
                        "Actual Rows": 721306,
                        "Actual Loops": 2,
                        "Inner Unique": true,
                        "Hash Cond": "(ci.movie_id = t.id)",
                        "Plans": [
                          {
                            "Node Type": "Index Scan",
                            "Parent Relationship": "Outer",
                            "Parallel Aware": true,
                            "Scan Direction": "Forward",
                            "Index Name": "role_id_cast_info",
                            "Relation Name": "cast_info",
                            "Alias": "ci",
                            "Startup Cost": 0.56,
                            "Total Cost": 130066.5,
                            "Plan Rows": 1309519,
                            "Plan Width": 4,
                            "Actual Startup Time": 0.073,
                            "Actual Total Time": 299.961,
                            "Actual Rows": 721306,
                            "Actual Loops": 2,
                            "Index Cond": "(role_id = 3)",
                            "Rows Removed by Index Recheck": 0,
                            "Filter": "(person_id < 2005630)",
                            "Rows Removed by Filter": 1282713
                          },
                          {
                            "Node Type": "Hash",
                            "Parent Relationship": "Inner",
                            "Parallel Aware": true,
                            "Startup Cost": 50870.31,
                            "Total Cost": 50870.31,
                            "Plan Rows": 1487231,
                            "Plan Width": 4,
                            "Actual Startup Time": 492.213,
                            "Actual Total Time": 492.214,
                            "Actual Rows": 1264156,
                            "Actual Loops": 2,
                            "Hash Buckets": 4194304,
                            "Original Hash Buckets": 4194304,
                            "Hash Batches": 1,
                            "Original Hash Batches": 1,
                            "Peak Memory Usage": 131712,
                            "Plans": [
                              {
                                "Node Type": "Seq Scan",
                                "Parent Relationship": "Outer",
                                "Parallel Aware": true,
                                "Relation Name": "title",
                                "Alias": "t",
                                "Startup Cost": 0.0,
                                "Total Cost": 50870.31,
                                "Plan Rows": 1487231,
                                "Plan Width": 4,
                                "Actual Startup Time": 0.03,
                                "Actual Total Time": 152.744,
                                "Actual Rows": 1264156,
                                "Actual Loops": 2
                              }
                            ]
                          }
                        ]
                      }
                    ]
                  }
                ]
              }
            ]
          }
        ]
      }
    ]
  },
  "Planning Time": 1.078,
  "Triggers": [],
  "Execution Time": 1508.325
}