[
  {
    "Plan": {
      "Node Type": "Aggregate",
      "Strategy": "Plain",
      "Partial Mode": "Finalize",
      "Parallel Aware": false,
      "Startup Cost": 84537.1,
      "Total Cost": 84537.11,
      "Plan Rows": 1,
      "Plan Width": 8,
      "Actual Startup Time": 248.981,
      "Actual Total Time": 263.543,
      "Actual Rows": 1,
      "Actual Loops": 1,
      "Plans": [
        {
          "Node Type": "Gather",
          "Parent Relationship": "Outer",
          "Parallel Aware": false,
          "Startup Cost": 84536.78,
          "Total Cost": 84537.09,
          "Plan Rows": 3,
          "Plan Width": 8,
          "Actual Startup Time": 248.519,
          "Actual Total Time": 263.534,
          "Actual Rows": 4,
          "Actual Loops": 1,
          "Workers Planned": 3,
          "Workers Launched": 3,
          "Single Copy": false,
          "Plans": [
            {
              "Node Type": "Aggregate",
              "Strategy": "Plain",
              "Partial Mode": "Partial",
              "Parent Relationship": "Outer",
              "Parallel Aware": false,
              "Startup Cost": 83536.78,
              "Total Cost": 83536.79,
              "Plan Rows": 1,
              "Plan Width": 8,
              "Actual Startup Time": 238.901,
              "Actual Total Time": 238.904,
              "Actual Rows": 1,
              "Actual Loops": 4,
              "Plans": [
                {
                  "Node Type": "Hash Join",
                  "Parent Relationship": "Outer",
                  "Parallel Aware": true,
                  "Join Type": "Inner",
                  "Startup Cost": 38156.71,
                  "Total Cost": 83477.56,
                  "Plan Rows": 23688,
                  "Plan Width": 0,
                  "Actual Startup Time": 75.833,
                  "Actual Total Time": 238.047,
                  "Actual Rows": 19301,
                  "Actual Loops": 4,
                  "Inner Unique": true,
                  "Hash Cond": "(mk.movie_id = t.id)",
                  "Plans": [
                    {
                      "Node Type": "Seq Scan",
                      "Parent Relationship": "Outer",
                      "Parallel Aware": true,
                      "Relation Name": "movie_keyword",
                      "Alias": "mk",
                      "Startup Cost": 0.0,
                      "Total Cost": 42695.65,
                      "Plan Rows": 1000074,
                      "Plan Width": 4,
                      "Actual Startup Time": 0.128,
                      "Actual Total Time": 108.984,
                      "Actual Rows": 771866,
                      "Actual Loops": 4,
                      "Filter": "(keyword_id > 1993)",
                      "Rows Removed by Filter": 359116
                    },
                    {
                      "Node Type": "Hash",
                      "Parent Relationship": "Inner",
                      "Parallel Aware": true,
                      "Startup Cost": 37969.56,
                      "Total Cost": 37969.56,
                      "Plan Rows": 14972,
                      "Plan Width": 4,
                      "Actual Startup Time": 74.281,
                      "Actual Total Time": 74.282,
                      "Actual Rows": 16222,
                      "Actual Loops": 4,
                      "Hash Buckets": 65536,
                      "Original Hash Buckets": 65536,
                      "Hash Batches": 1,
                      "Original Hash Batches": 1,
                      "Peak Memory Usage": 3136,
                      "Plans": [
                        {
                          "Node Type": "Bitmap Heap Scan",
                          "Parent Relationship": "Outer",
                          "Parallel Aware": true,
                          "Relation Name": "title",
                          "Alias": "t",
                          "Startup Cost": 1631.51,
                          "Total Cost": 37969.56,
                          "Plan Rows": 14972,
                          "Plan Width": 4,
                          "Actual Startup Time": 20.691,
                          "Actual Total Time": 68.277,
                          "Actual Rows": 16222,
                          "Actual Loops": 4,
                          "Recheck Cond": "(kind_id = 2)",
                          "Rows Removed by Index Recheck": 0,
                          "Filter": "(production_year < 2008)",
                          "Rows Removed by Filter": 6492,
                          "Exact Heap Blocks": 14830,
                          "Lossy Heap Blocks": 0,
                          "Plans": [
                            {
                              "Node Type": "Bitmap Index Scan",
                              "Parent Relationship": "Outer",
                              "Parallel Aware": false,
                              "Index Name": "kind_id_title",
                              "Startup Cost": 0.0,
                              "Total Cost": 1616.54,
                              "Plan Rows": 90681,
                              "Plan Width": 0,
                              "Actual Startup Time": 19.667,
                              "Actual Total Time": 19.668,
                              "Actual Rows": 90852,
                              "Actual Loops": 1,
                              "Index Cond": "(kind_id = 2)"
                            }
                          ]
                        }
                      ]
                    }
                  ]
                }
              ]
            }
          ]
        }
      ]
    },
    "Planning Time": 0.702,
    "Triggers": [],
    "Execution Time": 263.635
  }
]