[
  {
    "Plan": {
      "Node Type": "Aggregate",
      "Strategy": "Plain",
      "Partial Mode": "Finalize",
      "Parallel Aware": false,
      "Startup Cost": 44913.96,
      "Total Cost": 44913.97,
      "Plan Rows": 1,
      "Plan Width": 8,
      "Actual Startup Time": 104.356,
      "Actual Total Time": 118.003,
      "Actual Rows": 1,
      "Actual Loops": 1,
      "Plans": [
        {
          "Node Type": "Gather",
          "Parent Relationship": "Outer",
          "Parallel Aware": false,
          "Startup Cost": 44913.54,
          "Total Cost": 44913.95,
          "Plan Rows": 4,
          "Plan Width": 8,
          "Actual Startup Time": 104.084,
          "Actual Total Time": 117.993,
          "Actual Rows": 5,
          "Actual Loops": 1,
          "Workers Planned": 4,
          "Workers Launched": 4,
          "Single Copy": false,
          "Plans": [
            {
              "Node Type": "Aggregate",
              "Strategy": "Plain",
              "Partial Mode": "Partial",
              "Parent Relationship": "Outer",
              "Parallel Aware": false,
              "Startup Cost": 43913.54,
              "Total Cost": 43913.55,
              "Plan Rows": 1,
              "Plan Width": 8,
              "Actual Startup Time": 94.478,
              "Actual Total Time": 94.479,
              "Actual Rows": 1,
              "Actual Loops": 5,
              "Plans": [
                {
                  "Node Type": "Seq Scan",
                  "Parent Relationship": "Outer",
                  "Parallel Aware": true,
                  "Relation Name": "title",
                  "Alias": "t",
                  "Startup Cost": 0.0,
                  "Total Cost": 43899.32,
                  "Plan Rows": 5689,
                  "Plan Width": 0,
                  "Actual Startup Time": 0.129,
                  "Actual Total Time": 93.836,
                  "Actual Rows": 4608,
                  "Actual Loops": 5,
                  "Filter": "(production_year = 1990)",
                  "Rows Removed by Filter": 501054
                }
              ]
            }
          ]
        }
      ]
    },
    "Planning Time": 0.108,
    "Triggers": [],
    "Execution Time": 118.05
  }
]