[
  {
    "Plan": {
      "Node Type": "Aggregate",
      "Strategy": "Plain",
      "Partial Mode": "Finalize",
      "Parallel Aware": false,
      "Startup Cost": 33001.37,
      "Total Cost": 33001.38,
      "Plan Rows": 1,
      "Plan Width": 8,
      "Actual Startup Time": 91.435,
      "Actual Total Time": 97.503,
      "Actual Rows": 1,
      "Actual Loops": 1,
      "Plans": [
        {
          "Node Type": "Gather",
          "Parent Relationship": "Outer",
          "Parallel Aware": false,
          "Startup Cost": 33001.05,
          "Total Cost": 33001.36,
          "Plan Rows": 3,
          "Plan Width": 8,
          "Actual Startup Time": 91.314,
          "Actual Total Time": 97.495,
          "Actual Rows": 4,
          "Actual Loops": 1,
          "Workers Planned": 3,
          "Workers Launched": 3,
          "Single Copy": false,
          "Plans": [
            {
              "Node Type": "Aggregate",
              "Strategy": "Plain",
              "Partial Mode": "Partial",
              "Parent Relationship": "Outer",
              "Parallel Aware": false,
              "Startup Cost": 32001.05,
              "Total Cost": 32001.06,
              "Plan Rows": 1,
              "Plan Width": 8,
              "Actual Startup Time": 86.229,
              "Actual Total Time": 86.23,
              "Actual Rows": 1,
              "Actual Loops": 4,
              "Plans": [
                {
                  "Node Type": "Seq Scan",
                  "Parent Relationship": "Outer",
                  "Parallel Aware": true,
                  "Relation Name": "movie_companies",
                  "Alias": "mc",
                  "Startup Cost": 0.0,
                  "Total Cost": 31414.82,
                  "Plan Rows": 234492,
                  "Plan Width": 0,
                  "Actual Startup Time": 6.59,
                  "Actual Total Time": 78.806,
                  "Actual Rows": 127612,
                  "Actual Loops": 4,
                  "Filter": "((company_id > 8185) AND (company_type_id < 2))",
                  "Rows Removed by Filter": 524670
                }
              ]
            }
          ]
        }
      ]
    },
    "Planning Time": 0.1,
    "Triggers": [],
    "Execution Time": 97.531
  }
]