[
  {
    "Plan": {
      "Node Type": "Aggregate",
      "Strategy": "Plain",
      "Partial Mode": "Finalize",
      "Parallel Aware": false,
      "Startup Cost": 52172.61,
      "Total Cost": 52172.62,
      "Plan Rows": 1,
      "Plan Width": 8,
      "Actual Startup Time": 92.275,
      "Actual Total Time": 104.206,
      "Actual Rows": 1,
      "Actual Loops": 1,
      "Plans": [
        {
          "Node Type": "Gather",
          "Parent Relationship": "Outer",
          "Parallel Aware": false,
          "Startup Cost": 52172.19,
          "Total Cost": 52172.6,
          "Plan Rows": 4,
          "Plan Width": 8,
          "Actual Startup Time": 91.952,
          "Actual Total Time": 104.198,
          "Actual Rows": 5,
          "Actual Loops": 1,
          "Workers Planned": 4,
          "Workers Launched": 4,
          "Single Copy": false,
          "Plans": [
            {
              "Node Type": "Aggregate",
              "Strategy": "Plain",
              "Partial Mode": "Partial",
              "Parent Relationship": "Outer",
              "Parallel Aware": false,
              "Startup Cost": 51172.19,
              "Total Cost": 51172.2,
              "Plan Rows": 1,
              "Plan Width": 8,
              "Actual Startup Time": 82.041,
              "Actual Total Time": 82.043,
              "Actual Rows": 1,
              "Actual Loops": 5,
              "Plans": [
                {
                  "Node Type": "Nested Loop",
                  "Parent Relationship": "Outer",
                  "Parallel Aware": false,
                  "Join Type": "Inner",
                  "Startup Cost": 0.87,
                  "Total Cost": 51160.58,
                  "Plan Rows": 4643,
                  "Plan Width": 0,
                  "Actual Startup Time": 72.838,
                  "Actual Total Time": 82.037,
                  "Actual Rows": 2,
                  "Actual Loops": 5,
                  "Inner Unique": false,
                  "Join Filter": "(t.id = mi.movie_id)",
                  "Rows Removed by Join Filter": 0,
                  "Plans": [
                    {
                      "Node Type": "Nested Loop",
                      "Parent Relationship": "Outer",
                      "Parallel Aware": false,
                      "Join Type": "Inner",
                      "Startup Cost": 0.43,
                      "Total Cost": 49662.98,
                      "Plan Rows": 794,
                      "Plan Width": 8,
                      "Actual Startup Time": 72.818,
                      "Actual Total Time": 81.99,
                      "Actual Rows": 0,
                      "Actual Loops": 5,
                      "Inner Unique": false,
                      "Plans": [
                        {
                          "Node Type": "Seq Scan",
                          "Parent Relationship": "Outer",
                          "Parallel Aware": true,
                          "Relation Name": "title",
                          "Alias": "t",
                          "Startup Cost": 0.0,
                          "Total Cost": 45479.1,
                          "Plan Rows": 444,
                          "Plan Width": 4,
                          "Actual Startup Time": 3.986,
                          "Actual Total Time": 81.502,
                          "Actual Rows": 27,
                          "Actual Loops": 5,
                          "Filter": "((production_year > 2013) AND (kind_id = 7))",
                          "Rows Removed by Filter": 505635
                        },
                        {
                          "Node Type": "Index Only Scan",
                          "Parent Relationship": "Inner",
                          "Parallel Aware": false,
                          "Scan Direction": "Forward",
                          "Index Name": "movie_id_movie_keyword",
                          "Relation Name": "movie_keyword",
                          "Alias": "mk",
                          "Startup Cost": 0.43,
                          "Total Cost": 8.97,
                          "Plan Rows": 45,
                          "Plan Width": 4,
                          "Actual Startup Time": 0.016,
                          "Actual Total Time": 0.016,
                          "Actual Rows": 0,
                          "Actual Loops": 137,
                          "Index Cond": "(movie_id = t.id)",
                          "Rows Removed by Index Recheck": 0,
                          "Heap Fetches": 1
                        }
                      ]
                    },
                    {
                      "Node Type": "Index Only Scan",
                      "Parent Relationship": "Inner",
                      "Parallel Aware": false,
                      "Scan Direction": "Forward",
                      "Index Name": "movie_id_movie_info",
                      "Relation Name": "movie_info",
                      "Alias": "mi",
                      "Startup Cost": 0.43,
                      "Total Cost": 1.36,
                      "Plan Rows": 42,
                      "Plan Width": 4,
                      "Actual Startup Time": 0.092,
                      "Actual Total Time": 0.223,
                      "Actual Rows": 9,
                      "Actual Loops": 1,
                      "Index Cond": "(movie_id = mk.movie_id)",
                      "Rows Removed by Index Recheck": 0,
                      "Heap Fetches": 9
                    }
                  ]
                }
              ]
            }
          ]
        }
      ]
    },
    "Planning Time": 1.309,
    "Triggers": [],
    "Execution Time": 104.286
  }
]