[
  {
    "Plan": {
      "Node Type": "Aggregate",
      "Strategy": "Plain",
      "Partial Mode": "Finalize",
      "Parallel Aware": false,
      "Startup Cost": 32936.82,
      "Total Cost": 32936.83,
      "Plan Rows": 1,
      "Plan Width": 8,
      "Actual Startup Time": 88.467,
      "Actual Total Time": 97.386,
      "Actual Rows": 1,
      "Actual Loops": 1,
      "Plans": [
        {
          "Node Type": "Gather",
          "Parent Relationship": "Outer",
          "Parallel Aware": false,
          "Startup Cost": 32936.51,
          "Total Cost": 32936.82,
          "Plan Rows": 3,
          "Plan Width": 8,
          "Actual Startup Time": 88.314,
          "Actual Total Time": 97.38,
          "Actual Rows": 4,
          "Actual Loops": 1,
          "Workers Planned": 3,
          "Workers Launched": 3,
          "Single Copy": false,
          "Plans": [
            {
              "Node Type": "Aggregate",
              "Strategy": "Plain",
              "Partial Mode": "Partial",
              "Parent Relationship": "Outer",
              "Parallel Aware": false,
              "Startup Cost": 31936.51,
              "Total Cost": 31936.52,
              "Plan Rows": 1,
              "Plan Width": 8,
              "Actual Startup Time": 84.79,
              "Actual Total Time": 84.791,
              "Actual Rows": 1,
              "Actual Loops": 4,
              "Plans": [
                {
                  "Node Type": "Seq Scan",
                  "Parent Relationship": "Outer",
                  "Parallel Aware": true,
                  "Relation Name": "movie_companies",
                  "Alias": "mc",
                  "Startup Cost": 0.0,
                  "Total Cost": 31414.82,
                  "Plan Rows": 208675,
                  "Plan Width": 0,
                  "Actual Startup Time": 0.015,
                  "Actual Total Time": 73.966,
                  "Actual Rows": 224316,
                  "Actual Loops": 4,
                  "Filter": "((company_id < 11411) AND (company_type_id < 2))",
                  "Rows Removed by Filter": 427966
                }
              ]
            }
          ]
        }
      ]
    },
    "Planning Time": 0.095,
    "Triggers": [],
    "Execution Time": 97.416
  }
]