[
  {
    "Plan": {
      "Node Type": "Aggregate",
      "Strategy": "Plain",
      "Partial Mode": "Finalize",
      "Parallel Aware": false,
      "Startup Cost": 46480.89,
      "Total Cost": 46480.9,
      "Plan Rows": 1,
      "Plan Width": 8,
      "Actual Startup Time": 89.527,
      "Actual Total Time": 101.215,
      "Actual Rows": 1,
      "Actual Loops": 1,
      "Plans": [
        {
          "Node Type": "Gather",
          "Parent Relationship": "Outer",
          "Parallel Aware": false,
          "Startup Cost": 46480.47,
          "Total Cost": 46480.88,
          "Plan Rows": 4,
          "Plan Width": 8,
          "Actual Startup Time": 89.214,
          "Actual Total Time": 101.207,
          "Actual Rows": 5,
          "Actual Loops": 1,
          "Workers Planned": 4,
          "Workers Launched": 4,
          "Single Copy": false,
          "Plans": [
            {
              "Node Type": "Aggregate",
              "Strategy": "Plain",
              "Partial Mode": "Partial",
              "Parent Relationship": "Outer",
              "Parallel Aware": false,
              "Startup Cost": 45480.47,
              "Total Cost": 45480.48,
              "Plan Rows": 1,
              "Plan Width": 8,
              "Actual Startup Time": 81.436,
              "Actual Total Time": 81.438,
              "Actual Rows": 1,
              "Actual Loops": 5,
              "Plans": [
                {
                  "Node Type": "Seq Scan",
                  "Parent Relationship": "Outer",
                  "Parallel Aware": true,
                  "Relation Name": "title",
                  "Alias": "t",
                  "Startup Cost": 0.0,
                  "Total Cost": 45479.59,
                  "Plan Rows": 352,
                  "Plan Width": 0,
                  "Actual Startup Time": 54.351,
                  "Actual Total Time": 81.304,
                  "Actual Rows": 1167,
                  "Actual Loops": 5,
                  "Filter": "((kind_id = 1) AND (production_year = 1916))",
                  "Rows Removed by Filter": 504495
                }
              ]
            }
          ]
        }
      ]
    },
    "Planning Time": 0.087,
    "Triggers": [],
    "Execution Time": 101.251
  }
]