[
    {
        "Bao": {
            "Bao prediction": "NaN",
            "Bao recommended hint": "(no hint)"
        }
    },
    {
        "Plan": {
            "Node Type": "Aggregate",
            "Strategy": "Plain",
            "Partial Mode": "Finalize",
            "Parallel Aware": false,
            "Startup Cost": 226890.71,
            "Total Cost": 226890.72,
            "Plan Rows": 1,
            "Plan Width": 8,
            "Actual Startup Time": 414.956,
            "Actual Total Time": 430.378,
            "Actual Rows": 1,
            "Actual Loops": 1,
            "Output": [
                "count(*)"
            ],
            "Plans": [
                {
                    "Node Type": "Gather",
                    "Parent Relationship": "Outer",
                    "Parallel Aware": false,
                    "Startup Cost": 226890.19,
                    "Total Cost": 226890.7,
                    "Plan Rows": 5,
                    "Plan Width": 8,
                    "Actual Startup Time": 399.547,
                    "Actual Total Time": 430.368,
                    "Actual Rows": 6,
                    "Actual Loops": 1,
                    "Output": [
                        "(PARTIAL count(*))"
                    ],
                    "Workers Planned": 5,
                    "Workers Launched": 5,
                    "Single Copy": false,
                    "Plans": [
                        {
                            "Node Type": "Aggregate",
                            "Strategy": "Plain",
                            "Partial Mode": "Partial",
                            "Parent Relationship": "Outer",
                            "Parallel Aware": false,
                            "Startup Cost": 225890.19,
                            "Total Cost": 225890.2,
                            "Plan Rows": 1,
                            "Plan Width": 8,
                            "Actual Startup Time": 386.847,
                            "Actual Total Time": 386.851,
                            "Actual Rows": 1,
                            "Actual Loops": 6,
                            "Output": [
                                "PARTIAL count(*)"
                            ],
                            "Workers": [
                                {
                                    "Worker Number": 0,
                                    "Actual Startup Time": 385.691,
                                    "Actual Total Time": 385.694,
                                    "Actual Rows": 1,
                                    "Actual Loops": 1
                                },
                                {
                                    "Worker Number": 1,
                                    "Actual Startup Time": 384.0,
                                    "Actual Total Time": 384.004,
                                    "Actual Rows": 1,
                                    "Actual Loops": 1
                                },
                                {
                                    "Worker Number": 2,
                                    "Actual Startup Time": 384.041,
                                    "Actual Total Time": 384.044,
                                    "Actual Rows": 1,
                                    "Actual Loops": 1
                                },
                                {
                                    "Worker Number": 3,
                                    "Actual Startup Time": 384.086,
                                    "Actual Total Time": 384.089,
                                    "Actual Rows": 1,
                                    "Actual Loops": 1
                                },
                                {
                                    "Worker Number": 4,
                                    "Actual Startup Time": 384.087,
                                    "Actual Total Time": 384.09,
                                    "Actual Rows": 1,
                                    "Actual Loops": 1
                                }
                            ],
                            "Plans": [
                                {
                                    "Node Type": "Hash Join",
                                    "Parent Relationship": "Outer",
                                    "Parallel Aware": true,
                                    "Join Type": "Inner",
                                    "Startup Cost": 61803.24,
                                    "Total Cost": 225624.75,
                                    "Plan Rows": 106176,
                                    "Plan Width": 0,
                                    "Actual Startup Time": 302.172,
                                    "Actual Total Time": 379.989,
                                    "Actual Rows": 96989,
                                    "Actual Loops": 6,
                                    "Inner Unique": true,
                                    "Hash Cond": "(mi.movie_id = t.id)",
                                    "Workers": [
                                        {
                                            "Worker Number": 0,
                                            "Actual Startup Time": 299.339,
                                            "Actual Total Time": 378.863,
                                            "Actual Rows": 88488,
                                            "Actual Loops": 1
                                        },
                                        {
                                            "Worker Number": 1,
                                            "Actual Startup Time": 299.643,
                                            "Actual Total Time": 377.228,
                                            "Actual Rows": 96679,
                                            "Actual Loops": 1
                                        },
                                        {
                                            "Worker Number": 2,
                                            "Actual Startup Time": 299.651,
                                            "Actual Total Time": 377.763,
                                            "Actual Rows": 100594,
                                            "Actual Loops": 1
                                        },
                                        {
                                            "Worker Number": 3,
                                            "Actual Startup Time": 299.671,
                                            "Actual Total Time": 377.269,
                                            "Actual Rows": 96607,
                                            "Actual Loops": 1
                                        },
                                        {
                                            "Worker Number": 4,
                                            "Actual Startup Time": 299.798,
                                            "Actual Total Time": 377.078,
                                            "Actual Rows": 76011,
                                            "Actual Loops": 1
                                        }
                                    ],
                                    "Plans": [
                                        {
                                            "Node Type": "Bitmap Heap Scan",
                                            "Parent Relationship": "Outer",
                                            "Parallel Aware": true,
                                            "Relation Name": "movie_info",
                                            "Schema": "public",
                                            "Alias": "mi",
                                            "Startup Cost": 10965.05,
                                            "Total Cost": 174469.22,
                                            "Plan Rows": 120893,
                                            "Plan Width": 4,
                                            "Actual Startup Time": 47.668,
                                            "Actual Total Time": 88.844,
                                            "Actual Rows": 99743,
                                            "Actual Loops": 6,
                                            "Output": [
                                                "mi.id",
                                                "mi.movie_id",
                                                "mi.info_type_id",
                                                "mi.info",
                                                "mi.note"
                                            ],
                                            "Recheck Cond": "(mi.info_type_id = 15)",
                                            "Rows Removed by Index Recheck": 0,
                                            "Exact Heap Blocks": 4508,
                                            "Lossy Heap Blocks": 0,
                                            "Workers": [
                                                {
                                                    "Worker Number": 0,
                                                    "Actual Startup Time": 47.566,
                                                    "Actual Total Time": 91.747,
                                                    "Actual Rows": 91030,
                                                    "Actual Loops": 1
                                                },
                                                {
                                                    "Worker Number": 1,
                                                    "Actual Startup Time": 47.658,
                                                    "Actual Total Time": 89.649,
                                                    "Actual Rows": 99271,
                                                    "Actual Loops": 1
                                                },
                                                {
                                                    "Worker Number": 2,
                                                    "Actual Startup Time": 47.649,
                                                    "Actual Total Time": 91.105,
                                                    "Actual Rows": 103308,
                                                    "Actual Loops": 1
                                                },
                                                {
                                                    "Worker Number": 3,
                                                    "Actual Startup Time": 47.621,
                                                    "Actual Total Time": 89.507,
                                                    "Actual Rows": 99220,
                                                    "Actual Loops": 1
                                                },
                                                {
                                                    "Worker Number": 4,
                                                    "Actual Startup Time": 47.742,
                                                    "Actual Total Time": 89.313,
                                                    "Actual Rows": 78408,
                                                    "Actual Loops": 1
                                                }
                                            ],
                                            "Plans": [
                                                {
                                                    "Node Type": "Bitmap Index Scan",
                                                    "Parent Relationship": "Outer",
                                                    "Parallel Aware": false,
                                                    "Index Name": "info_type_id_movie_info",
                                                    "Startup Cost": 0.0,
                                                    "Total Cost": 10813.94,
                                                    "Plan Rows": 604467,
                                                    "Plan Width": 0,
                                                    "Actual Startup Time": 42.488,
                                                    "Actual Total Time": 42.488,
                                                    "Actual Rows": 598457,
                                                    "Actual Loops": 1,
                                                    "Index Cond": "(mi.info_type_id = 15)",
                                                    "Workers": [
                                                        {
                                                            "Worker Number": 0,
                                                            "Actual Startup Time": 42.488,
                                                            "Actual Total Time": 42.488,
                                                            "Actual Rows": 598457,
                                                            "Actual Loops": 1
                                                        }
                                                    ]
                                                }
                                            ]
                                        },
                                        {
                                            "Node Type": "Hash",
                                            "Parent Relationship": "Inner",
                                            "Parallel Aware": true,
                                            "Startup Cost": 43899.01,
                                            "Total Cost": 43899.01,
                                            "Plan Rows": 555134,
                                            "Plan Width": 4,
                                            "Actual Startup Time": 249.097,
                                            "Actual Total Time": 249.098,
                                            "Actual Rows": 370762,
                                            "Actual Loops": 6,
                                            "Output": [
                                                "t.id"
                                            ],
                                            "Hash Buckets": 4194304,
                                            "Original Hash Buckets": 4194304,
                                            "Hash Batches": 1,
                                            "Original Hash Batches": 1,
                                            "Peak Memory Usage": 119872,
                                            "Workers": [
                                                {
                                                    "Worker Number": 0,
                                                    "Actual Startup Time": 251.366,
                                                    "Actual Total Time": 251.367,
                                                    "Actual Rows": 281710,
                                                    "Actual Loops": 1
                                                },
                                                {
                                                    "Worker Number": 1,
                                                    "Actual Startup Time": 251.403,
                                                    "Actual Total Time": 251.404,
                                                    "Actual Rows": 388860,
                                                    "Actual Loops": 1
                                                },
                                                {
                                                    "Worker Number": 2,
                                                    "Actual Startup Time": 251.414,
                                                    "Actual Total Time": 251.414,
                                                    "Actual Rows": 375640,
                                                    "Actual Loops": 1
                                                },
                                                {
                                                    "Worker Number": 3,
                                                    "Actual Startup Time": 251.36,
                                                    "Actual Total Time": 251.362,
                                                    "Actual Rows": 390961,
                                                    "Actual Loops": 1
                                                },
                                                {
                                                    "Worker Number": 4,
                                                    "Actual Startup Time": 251.394,
                                                    "Actual Total Time": 251.395,
                                                    "Actual Rows": 291877,
                                                    "Actual Loops": 1
                                                }
                                            ],
                                            "Plans": [
                                                {
                                                    "Node Type": "Seq Scan",
                                                    "Parent Relationship": "Outer",
                                                    "Parallel Aware": true,
                                                    "Relation Name": "title",
                                                    "Schema": "public",
                                                    "Alias": "t",
                                                    "Startup Cost": 0.0,
                                                    "Total Cost": 43899.01,
                                                    "Plan Rows": 555134,
                                                    "Plan Width": 4,
                                                    "Actual Startup Time": 0.037,
                                                    "Actual Total Time": 86.75,
                                                    "Actual Rows": 370762,
                                                    "Actual Loops": 6,
                                                    "Output": [
                                                        "t.id"
                                                    ],
                                                    "Filter": "(t.production_year < 2012)",
                                                    "Rows Removed by Filter": 50624,
                                                    "Workers": [
                                                        {
                                                            "Worker Number": 0,
                                                            "Actual Startup Time": 0.037,
                                                            "Actual Total Time": 92.651,
                                                            "Actual Rows": 281710,
                                                            "Actual Loops": 1
                                                        },
                                                        {
                                                            "Worker Number": 1,
                                                            "Actual Startup Time": 0.052,
                                                            "Actual Total Time": 86.724,
                                                            "Actual Rows": 388860,
                                                            "Actual Loops": 1
                                                        },
                                                        {
                                                            "Worker Number": 2,
                                                            "Actual Startup Time": 0.028,
                                                            "Actual Total Time": 85.44,
                                                            "Actual Rows": 375640,
                                                            "Actual Loops": 1
                                                        },
                                                        {
                                                            "Worker Number": 3,
                                                            "Actual Startup Time": 0.044,
                                                            "Actual Total Time": 87.117,
                                                            "Actual Rows": 390961,
                                                            "Actual Loops": 1
                                                        },
                                                        {
                                                            "Worker Number": 4,
                                                            "Actual Startup Time": 0.045,
                                                            "Actual Total Time": 93.278,
                                                            "Actual Rows": 291877,
                                                            "Actual Loops": 1
                                                        }
                                                    ]
                                                }
                                            ]
                                        }
                                    ]
                                }
                            ]
                        }
                    ]
                }
            ]
        },
        "Planning Time": 191.631,
        "Triggers": [],
        "Execution Time": 430.446
    }
]