{
  "Plan": {
    "Node Type": "Aggregate",
    "Strategy": "Plain",
    "Partial Mode": "Finalize",
    "Parallel Aware": false,
    "Startup Cost": 224630.73,
    "Total Cost": 224630.74,
    "Plan Rows": 1,
    "Plan Width": 8,
    "Actual Startup Time": 2456.814,
    "Actual Total Time": 2471.159,
    "Actual Rows": 1,
    "Actual Loops": 1,
    "Plans": [
      {
        "Node Type": "Gather",
        "Parent Relationship": "Outer",
        "Parallel Aware": false,
        "Startup Cost": 224630.62,
        "Total Cost": 224630.73,
        "Plan Rows": 1,
        "Plan Width": 8,
        "Actual Startup Time": 2455.592,
        "Actual Total Time": 2471.151,
        "Actual Rows": 2,
        "Actual Loops": 1,
        "Workers Planned": 1,
        "Workers Launched": 1,
        "Single Copy": false,
        "Plans": [
          {
            "Node Type": "Aggregate",
            "Strategy": "Plain",
            "Partial Mode": "Partial",
            "Parent Relationship": "Outer",
            "Parallel Aware": false,
            "Startup Cost": 223630.62,
            "Total Cost": 223630.63,
            "Plan Rows": 1,
            "Plan Width": 8,
            "Actual Startup Time": 2449.595,
            "Actual Total Time": 2449.755,
            "Actual Rows": 1,
            "Actual Loops": 2,
            "Plans": [
              {
                "Node Type": "Nested Loop",
                "Parent Relationship": "Outer",
                "Parallel Aware": false,
                "Join Type": "Inner",
                "Startup Cost": 55174.31,
                "Total Cost": 223347.1,
                "Plan Rows": 113406,
                "Plan Width": 0,
                "Actual Startup Time": 239.023,
                "Actual Total Time": 2350.905,
                "Actual Rows": 1912770,
                "Actual Loops": 2,
                "Inner Unique": false,
                "Join Filter": "(t.id = mi_idx.movie_id)",
                "Rows Removed by Join Filter": 0,
                "Plans": [
                  {
                    "Node Type": "Hash Join",
                    "Parent Relationship": "Outer",
                    "Parallel Aware": true,
                    "Join Type": "Inner",
                    "Startup Cost": 55173.88,
                    "Total Cost": 113224.73,
                    "Plan Rows": 207765,
                    "Plan Width": 8,
                    "Actual Startup Time": 238.928,
                    "Actual Total Time": 647.703,
                    "Actual Rows": 733936,
                    "Actual Loops": 2,
                    "Inner Unique": true,
                    "Hash Cond": "(mk.movie_id = t.id)",
                    "Plans": [
                      {
                        "Node Type": "Seq Scan",
                        "Parent Relationship": "Outer",
                        "Parallel Aware": true,
                        "Relation Name": "movie_keyword",
                        "Alias": "mk",
                        "Startup Cost": 0.0,
                        "Total Cost": 51065.35,
                        "Plan Rows": 2661135,
                        "Plan Width": 4,
                        "Actual Startup Time": 0.012,
                        "Actual Total Time": 176.397,
                        "Actual Rows": 2261965,
                        "Actual Loops": 2
                      },
                      {
                        "Node Type": "Hash",
                        "Parent Relationship": "Inner",
                        "Parallel Aware": true,
                        "Startup Cost": 53722.46,
                        "Total Cost": 53722.46,
                        "Plan Rows": 116114,
                        "Plan Width": 4,
                        "Actual Startup Time": 163.023,
                        "Actual Total Time": 163.024,
                        "Actual Rows": 165611,
                        "Actual Loops": 2,
                        "Hash Buckets": 524288,
                        "Original Hash Buckets": 262144,
                        "Hash Batches": 1,
                        "Original Hash Batches": 1,
                        "Peak Memory Usage": 19136,
                        "Plans": [
                          {
                            "Node Type": "Bitmap Heap Scan",
                            "Parent Relationship": "Outer",
                            "Parallel Aware": true,
                            "Relation Name": "title",
                            "Alias": "t",
                            "Startup Cost": 11872.2,
                            "Total Cost": 53722.46,
                            "Plan Rows": 116114,
                            "Plan Width": 4,
                            "Actual Startup Time": 39.634,
                            "Actual Total Time": 115.248,
                            "Actual Rows": 165611,
                            "Actual Loops": 2,
                            "Recheck Cond": "(kind_id = 1)",
                            "Rows Removed by Index Recheck": 0,
                            "Filter": "(production_year < 1993)",
                            "Rows Removed by Filter": 165802,
                            "Exact Heap Blocks": 6636,
                            "Lossy Heap Blocks": 0,
                            "Plans": [
                              {
                                "Node Type": "Bitmap Index Scan",
                                "Parent Relationship": "Outer",
                                "Parallel Aware": false,
                                "Index Name": "kind_id_title",
                                "Startup Cost": 0.0,
                                "Total Cost": 11822.85,
                                "Plan Rows": 663256,
                                "Plan Width": 0,
                                "Actual Startup Time": 39.101,
                                "Actual Total Time": 39.102,
                                "Actual Rows": 662825,
                                "Actual Loops": 1,
                                "Index Cond": "(kind_id = 1)"
                              }
                            ]
                          }
                        ]
                      }
                    ]
                  },
                  {
                    "Node Type": "Index Only Scan",
                    "Parent Relationship": "Inner",
                    "Parallel Aware": false,
                    "Scan Direction": "Forward",
                    "Index Name": "movie_id_movie_info_idx",
                    "Relation Name": "movie_info_idx",
                    "Alias": "mi_idx",
                    "Startup Cost": 0.43,
                    "Total Cost": 0.49,
                    "Plan Rows": 3,
                    "Plan Width": 4,
                    "Actual Startup Time": 0.001,
                    "Actual Total Time": 0.002,
                    "Actual Rows": 3,
                    "Actual Loops": 1467872,
                    "Index Cond": "(movie_id = mk.movie_id)",
                    "Rows Removed by Index Recheck": 0,
                    "Heap Fetches": 3825539
                  }
                ]
              }
            ]
          }
        ]
      }
    ]
  },
  "Planning Time": 1.008,
  "Triggers": [],
  "Execution Time": 2471.261
}