[
  {
    "Plan": {
      "Node Type": "Aggregate",
      "Strategy": "Plain",
      "Partial Mode": "Finalize",
      "Parallel Aware": false,
      "Startup Cost": 31945.99,
      "Total Cost": 31946.0,
      "Plan Rows": 1,
      "Plan Width": 8,
      "Actual Startup Time": 95.413,
      "Actual Total Time": 102.571,
      "Actual Rows": 1,
      "Actual Loops": 1,
      "Plans": [
        {
          "Node Type": "Gather",
          "Parent Relationship": "Outer",
          "Parallel Aware": false,
          "Startup Cost": 31945.67,
          "Total Cost": 31945.98,
          "Plan Rows": 3,
          "Plan Width": 8,
          "Actual Startup Time": 95.126,
          "Actual Total Time": 102.562,
          "Actual Rows": 4,
          "Actual Loops": 1,
          "Workers Planned": 3,
          "Workers Launched": 3,
          "Single Copy": false,
          "Plans": [
            {
              "Node Type": "Aggregate",
              "Strategy": "Plain",
              "Partial Mode": "Partial",
              "Parent Relationship": "Outer",
              "Parallel Aware": false,
              "Startup Cost": 30945.67,
              "Total Cost": 30945.68,
              "Plan Rows": 1,
              "Plan Width": 8,
              "Actual Startup Time": 88.236,
              "Actual Total Time": 88.238,
              "Actual Rows": 1,
              "Actual Loops": 4,
              "Plans": [
                {
                  "Node Type": "Bitmap Heap Scan",
                  "Parent Relationship": "Outer",
                  "Parallel Aware": true,
                  "Relation Name": "movie_keyword",
                  "Alias": "mk",
                  "Startup Cost": 5286.59,
                  "Total Cost": 30744.83,
                  "Plan Rows": 80339,
                  "Plan Width": 0,
                  "Actual Startup Time": 31.192,
                  "Actual Total Time": 84.438,
                  "Actual Rows": 59686,
                  "Actual Loops": 4,
                  "Recheck Cond": "(keyword_id > 62076)",
                  "Rows Removed by Index Recheck": 0,
                  "Exact Heap Blocks": 11372,
                  "Lossy Heap Blocks": 0,
                  "Plans": [
                    {
                      "Node Type": "Bitmap Index Scan",
                      "Parent Relationship": "Outer",
                      "Parallel Aware": false,
                      "Index Name": "keyword_id_movie_keyword",
                      "Startup Cost": 0.0,
                      "Total Cost": 5224.32,
                      "Plan Rows": 249052,
                      "Plan Width": 0,
                      "Actual Startup Time": 33.017,
                      "Actual Total Time": 33.018,
                      "Actual Rows": 238745,
                      "Actual Loops": 1,
                      "Index Cond": "(keyword_id > 62076)"
                    }
                  ]
                }
              ]
            }
          ]
        }
      ]
    },
    "Planning Time": 0.184,
    "Triggers": [],
    "Execution Time": 102.643
  }
]