[
  {
    "Plan": {
      "Node Type": "Aggregate",
      "Strategy": "Plain",
      "Partial Mode": "Finalize",
      "Parallel Aware": false,
      "Startup Cost": 235222.51,
      "Total Cost": 235222.52,
      "Plan Rows": 1,
      "Plan Width": 8,
      "Actual Startup Time": 215.122,
      "Actual Total Time": 230.565,
      "Actual Rows": 1,
      "Actual Loops": 1,
      "Plans": [
        {
          "Node Type": "Gather",
          "Parent Relationship": "Outer",
          "Parallel Aware": false,
          "Startup Cost": 235221.99,
          "Total Cost": 235222.5,
          "Plan Rows": 5,
          "Plan Width": 8,
          "Actual Startup Time": 214.706,
          "Actual Total Time": 230.558,
          "Actual Rows": 6,
          "Actual Loops": 1,
          "Workers Planned": 5,
          "Workers Launched": 5,
          "Single Copy": false,
          "Plans": [
            {
              "Node Type": "Aggregate",
              "Strategy": "Plain",
              "Partial Mode": "Partial",
              "Parent Relationship": "Outer",
              "Parallel Aware": false,
              "Startup Cost": 234221.99,
              "Total Cost": 234222.0,
              "Plan Rows": 1,
              "Plan Width": 8,
              "Actual Startup Time": 203.991,
              "Actual Total Time": 203.995,
              "Actual Rows": 1,
              "Actual Loops": 6,
              "Plans": [
                {
                  "Node Type": "Hash Join",
                  "Parent Relationship": "Outer",
                  "Parallel Aware": true,
                  "Join Type": "Inner",
                  "Startup Cost": 68408.5,
                  "Total Cost": 234214.68,
                  "Plan Rows": 2925,
                  "Plan Width": 0,
                  "Actual Startup Time": 165.402,
                  "Actual Total Time": 203.762,
                  "Actual Rows": 2765,
                  "Actual Loops": 6,
                  "Inner Unique": true,
                  "Hash Cond": "(mi.movie_id = t.id)",
                  "Plans": [
                    {
                      "Node Type": "Bitmap Heap Scan",
                      "Parent Relationship": "Outer",
                      "Parallel Aware": true,
                      "Relation Name": "movie_info",
                      "Alias": "mi",
                      "Startup Cost": 22837.73,
                      "Total Cost": 187982.11,
                      "Plan Rows": 252111,
                      "Plan Width": 4,
                      "Actual Startup Time": 50.54,
                      "Actual Total Time": 91.233,
                      "Actual Rows": 214821,
                      "Actual Loops": 6,
                      "Recheck Cond": "(info_type_id = 2)",
                      "Rows Removed by Index Recheck": 0,
                      "Exact Heap Blocks": 2671,
                      "Lossy Heap Blocks": 0,
                      "Plans": [
                        {
                          "Node Type": "Bitmap Index Scan",
                          "Parent Relationship": "Outer",
                          "Parallel Aware": false,
                          "Index Name": "info_type_id_movie_info",
                          "Startup Cost": 0.0,
                          "Total Cost": 22522.59,
                          "Plan Rows": 1260554,
                          "Plan Width": 0,
                          "Actual Startup Time": 49.077,
                          "Actual Total Time": 49.077,
                          "Actual Rows": 1288928,
                          "Actual Loops": 1,
                          "Index Cond": "(info_type_id = 2)"
                        }
                      ]
                    },
                    {
                      "Node Type": "Hash",
                      "Parent Relationship": "Inner",
                      "Parallel Aware": true,
                      "Startup Cost": 45479.1,
                      "Total Cost": 45479.1,
                      "Plan Rows": 7334,
                      "Plan Width": 4,
                      "Actual Startup Time": 80.461,
                      "Actual Total Time": 80.462,
                      "Actual Rows": 2686,
                      "Actual Loops": 6,
                      "Hash Buckets": 32768,
                      "Original Hash Buckets": 32768,
                      "Hash Batches": 1,
                      "Original Hash Batches": 1,
                      "Peak Memory Usage": 1024,
                      "Plans": [
                        {
                          "Node Type": "Seq Scan",
                          "Parent Relationship": "Outer",
                          "Parallel Aware": true,
                          "Relation Name": "title",
                          "Alias": "t",
                          "Startup Cost": 0.0,
                          "Total Cost": 45479.1,
                          "Plan Rows": 7334,
                          "Plan Width": 4,
                          "Actual Startup Time": 52.645,
                          "Actual Total Time": 79.059,
                          "Actual Rows": 2686,
                          "Actual Loops": 6,
                          "Filter": "((kind_id < 2) AND (production_year = 2006))",
                          "Rows Removed by Filter": 418699
                        }
                      ]
                    }
                  ]
                }
              ]
            }
          ]
        }
      ]
    },
    "Planning Time": 0.676,
    "Triggers": [],
    "Execution Time": 230.661
  }
]