[
    {
        "Bao": {
            "Bao prediction": "NaN",
            "Bao recommended hint": "(no hint)"
        }
    },
    {
        "Plan": {
            "Node Type": "Aggregate",
            "Strategy": "Plain",
            "Partial Mode": "Finalize",
            "Parallel Aware": false,
            "Startup Cost": 40376.69,
            "Total Cost": 40376.7,
            "Plan Rows": 1,
            "Plan Width": 8,
            "Actual Startup Time": 141.117,
            "Actual Total Time": 148.574,
            "Actual Rows": 1,
            "Actual Loops": 1,
            "Output": [
                "count(*)"
            ],
            "Plans": [
                {
                    "Node Type": "Gather",
                    "Parent Relationship": "Outer",
                    "Parallel Aware": false,
                    "Startup Cost": 40376.38,
                    "Total Cost": 40376.69,
                    "Plan Rows": 3,
                    "Plan Width": 8,
                    "Actual Startup Time": 140.831,
                    "Actual Total Time": 148.565,
                    "Actual Rows": 4,
                    "Actual Loops": 1,
                    "Output": [
                        "(PARTIAL count(*))"
                    ],
                    "Workers Planned": 3,
                    "Workers Launched": 3,
                    "Single Copy": false,
                    "Plans": [
                        {
                            "Node Type": "Aggregate",
                            "Strategy": "Plain",
                            "Partial Mode": "Partial",
                            "Parent Relationship": "Outer",
                            "Parallel Aware": false,
                            "Startup Cost": 39376.38,
                            "Total Cost": 39376.39,
                            "Plan Rows": 1,
                            "Plan Width": 8,
                            "Actual Startup Time": 132.143,
                            "Actual Total Time": 132.144,
                            "Actual Rows": 1,
                            "Actual Loops": 4,
                            "Output": [
                                "PARTIAL count(*)"
                            ],
                            "Workers": [
                                {
                                    "Worker Number": 0,
                                    "Actual Startup Time": 128.96,
                                    "Actual Total Time": 128.961,
                                    "Actual Rows": 1,
                                    "Actual Loops": 1
                                },
                                {
                                    "Worker Number": 1,
                                    "Actual Startup Time": 129.572,
                                    "Actual Total Time": 129.574,
                                    "Actual Rows": 1,
                                    "Actual Loops": 1
                                },
                                {
                                    "Worker Number": 2,
                                    "Actual Startup Time": 129.743,
                                    "Actual Total Time": 129.744,
                                    "Actual Rows": 1,
                                    "Actual Loops": 1
                                }
                            ],
                            "Plans": [
                                {
                                    "Node Type": "Bitmap Heap Scan",
                                    "Parent Relationship": "Outer",
                                    "Parallel Aware": true,
                                    "Relation Name": "movie_keyword",
                                    "Schema": "public",
                                    "Alias": "mk",
                                    "Startup Cost": 12151.1,
                                    "Total Cost": 38914.5,
                                    "Plan Rows": 184752,
                                    "Plan Width": 0,
                                    "Actual Startup Time": 49.003,
                                    "Actual Total Time": 123.882,
                                    "Actual Rows": 144039,
                                    "Actual Loops": 4,
                                    "Recheck Cond": "(mk.keyword_id < 406)",
                                    "Rows Removed by Index Recheck": 0,
                                    "Exact Heap Blocks": 11035,
                                    "Lossy Heap Blocks": 0,
                                    "Workers": [
                                        {
                                            "Worker Number": 0,
                                            "Actual Startup Time": 45.959,
                                            "Actual Total Time": 121.684,
                                            "Actual Rows": 83860,
                                            "Actual Loops": 1
                                        },
                                        {
                                            "Worker Number": 1,
                                            "Actual Startup Time": 46.61,
                                            "Actual Total Time": 122.142,
                                            "Actual Rows": 114097,
                                            "Actual Loops": 1
                                        },
                                        {
                                            "Worker Number": 2,
                                            "Actual Startup Time": 46.63,
                                            "Actual Total Time": 122.167,
                                            "Actual Rows": 116425,
                                            "Actual Loops": 1
                                        }
                                    ],
                                    "Plans": [
                                        {
                                            "Node Type": "Bitmap Index Scan",
                                            "Parent Relationship": "Outer",
                                            "Parallel Aware": false,
                                            "Index Name": "keyword_id_movie_keyword",
                                            "Startup Cost": 0.0,
                                            "Total Cost": 12007.92,
                                            "Plan Rows": 572731,
                                            "Plan Width": 0,
                                            "Actual Startup Time": 53.296,
                                            "Actual Total Time": 53.296,
                                            "Actual Rows": 576155,
                                            "Actual Loops": 1,
                                            "Index Cond": "(mk.keyword_id < 406)"
                                        }
                                    ]
                                }
                            ]
                        }
                    ]
                }
            ]
        },
        "Planning Time": 244.878,
        "Triggers": [],
        "Execution Time": 148.671
    }
]