[
  {
    "Plan": {
      "Node Type": "Aggregate",
      "Strategy": "Plain",
      "Partial Mode": "Finalize",
      "Parallel Aware": false,
      "Startup Cost": 31318.83,
      "Total Cost": 31318.84,
      "Plan Rows": 1,
      "Plan Width": 8,
      "Actual Startup Time": 90.699,
      "Actual Total Time": 97.935,
      "Actual Rows": 1,
      "Actual Loops": 1,
      "Plans": [
        {
          "Node Type": "Gather",
          "Parent Relationship": "Outer",
          "Parallel Aware": false,
          "Startup Cost": 31318.51,
          "Total Cost": 31318.82,
          "Plan Rows": 3,
          "Plan Width": 8,
          "Actual Startup Time": 90.597,
          "Actual Total Time": 97.927,
          "Actual Rows": 4,
          "Actual Loops": 1,
          "Workers Planned": 3,
          "Workers Launched": 3,
          "Single Copy": false,
          "Plans": [
            {
              "Node Type": "Aggregate",
              "Strategy": "Plain",
              "Partial Mode": "Partial",
              "Parent Relationship": "Outer",
              "Parallel Aware": false,
              "Startup Cost": 30318.51,
              "Total Cost": 30318.52,
              "Plan Rows": 1,
              "Plan Width": 8,
              "Actual Startup Time": 85.641,
              "Actual Total Time": 85.642,
              "Actual Rows": 1,
              "Actual Loops": 4,
              "Plans": [
                {
                  "Node Type": "Seq Scan",
                  "Parent Relationship": "Outer",
                  "Parallel Aware": true,
                  "Relation Name": "movie_companies",
                  "Alias": "mc",
                  "Startup Cost": 0.0,
                  "Total Cost": 29310.68,
                  "Plan Rows": 403131,
                  "Plan Width": 0,
                  "Actual Startup Time": 10.836,
                  "Actual Total Time": 71.626,
                  "Actual Rows": 310165,
                  "Actual Loops": 4,
                  "Filter": "(company_id > 11775)",
                  "Rows Removed by Filter": 342118
                }
              ]
            }
          ]
        }
      ]
    },
    "Planning Time": 0.098,
    "Triggers": [],
    "Execution Time": 97.965
  }
]