[
  {
    "Plan": {
      "Node Type": "Aggregate",
      "Strategy": "Plain",
      "Partial Mode": "Finalize",
      "Parallel Aware": false,
      "Startup Cost": 45442.11,
      "Total Cost": 45442.12,
      "Plan Rows": 1,
      "Plan Width": 8,
      "Actual Startup Time": 147.109,
      "Actual Total Time": 156.336,
      "Actual Rows": 1,
      "Actual Loops": 1,
      "Plans": [
        {
          "Node Type": "Gather",
          "Parent Relationship": "Outer",
          "Parallel Aware": false,
          "Startup Cost": 45441.8,
          "Total Cost": 45442.11,
          "Plan Rows": 3,
          "Plan Width": 8,
          "Actual Startup Time": 146.904,
          "Actual Total Time": 156.329,
          "Actual Rows": 4,
          "Actual Loops": 1,
          "Workers Planned": 3,
          "Workers Launched": 3,
          "Single Copy": false,
          "Plans": [
            {
              "Node Type": "Aggregate",
              "Strategy": "Plain",
              "Partial Mode": "Partial",
              "Parent Relationship": "Outer",
              "Parallel Aware": false,
              "Startup Cost": 44441.8,
              "Total Cost": 44441.81,
              "Plan Rows": 1,
              "Plan Width": 8,
              "Actual Startup Time": 138.428,
              "Actual Total Time": 138.429,
              "Actual Rows": 1,
              "Actual Loops": 4,
              "Plans": [
                {
                  "Node Type": "Seq Scan",
                  "Parent Relationship": "Outer",
                  "Parallel Aware": true,
                  "Relation Name": "movie_keyword",
                  "Alias": "mk",
                  "Startup Cost": 0.0,
                  "Total Cost": 42695.65,
                  "Plan Rows": 698457,
                  "Plan Width": 0,
                  "Actual Startup Time": 0.06,
                  "Actual Total Time": 113.318,
                  "Actual Rows": 542258,
                  "Actual Loops": 4,
                  "Filter": "(keyword_id < 4196)",
                  "Rows Removed by Filter": 588724
                }
              ]
            }
          ]
        }
      ]
    },
    "Planning Time": 0.126,
    "Triggers": [],
    "Execution Time": 156.377
  }
]