{
  "Plan": {
    "Node Type": "Aggregate",
    "Strategy": "Plain",
    "Partial Mode": "Finalize",
    "Parallel Aware": false,
    "Startup Cost": 104132.12,
    "Total Cost": 104132.13,
    "Plan Rows": 1,
    "Plan Width": 8,
    "Actual Startup Time": 581.856,
    "Actual Total Time": 592.089,
    "Actual Rows": 1,
    "Actual Loops": 1,
    "Plans": [
      {
        "Node Type": "Gather",
        "Parent Relationship": "Outer",
        "Parallel Aware": false,
        "Startup Cost": 104132.0,
        "Total Cost": 104132.11,
        "Plan Rows": 1,
        "Plan Width": 8,
        "Actual Startup Time": 580.276,
        "Actual Total Time": 592.083,
        "Actual Rows": 2,
        "Actual Loops": 1,
        "Workers Planned": 1,
        "Workers Launched": 1,
        "Single Copy": false,
        "Plans": [
          {
            "Node Type": "Aggregate",
            "Strategy": "Plain",
            "Partial Mode": "Partial",
            "Parent Relationship": "Outer",
            "Parallel Aware": false,
            "Startup Cost": 103132.0,
            "Total Cost": 103132.01,
            "Plan Rows": 1,
            "Plan Width": 8,
            "Actual Startup Time": 577.372,
            "Actual Total Time": 577.375,
            "Actual Rows": 1,
            "Actual Loops": 2,
            "Plans": [
              {
                "Node Type": "Hash Join",
                "Parent Relationship": "Outer",
                "Parallel Aware": true,
                "Join Type": "Inner",
                "Startup Cost": 41313.01,
                "Total Cost": 102638.86,
                "Plan Rows": 197257,
                "Plan Width": 0,
                "Actual Startup Time": 175.086,
                "Actual Total Time": 563.108,
                "Actual Rows": 323090,
                "Actual Loops": 2,
                "Inner Unique": false,
                "Hash Cond": "(t.id = mc.movie_id)",
                "Plans": [
                  {
                    "Node Type": "Seq Scan",
                    "Parent Relationship": "Outer",
                    "Parallel Aware": true,
                    "Relation Name": "title",
                    "Alias": "t",
                    "Startup Cost": 0.0,
                    "Total Cost": 50870.31,
                    "Plan Rows": 1487231,
                    "Plan Width": 4,
                    "Actual Startup Time": 0.01,
                    "Actual Total Time": 111.876,
                    "Actual Rows": 1264156,
                    "Actual Loops": 2
                  },
                  {
                    "Node Type": "Hash",
                    "Parent Relationship": "Inner",
                    "Parallel Aware": true,
                    "Startup Cost": 38847.3,
                    "Total Cost": 38847.3,
                    "Plan Rows": 197257,
                    "Plan Width": 4,
                    "Actual Startup Time": 172.361,
                    "Actual Total Time": 172.362,
                    "Actual Rows": 323090,
                    "Actual Loops": 2,
                    "Hash Buckets": 1048576,
                    "Original Hash Buckets": 524288,
                    "Hash Batches": 1,
                    "Original Hash Batches": 1,
                    "Peak Memory Usage": 37600,
                    "Plans": [
                      {
                        "Node Type": "Bitmap Heap Scan",
                        "Parent Relationship": "Outer",
                        "Parallel Aware": true,
                        "Relation Name": "movie_companies",
                        "Alias": "mc",
                        "Startup Cost": 14229.71,
                        "Total Cost": 38847.3,
                        "Plan Rows": 197257,
                        "Plan Width": 4,
                        "Actual Startup Time": 43.372,
                        "Actual Total Time": 100.124,
                        "Actual Rows": 323090,
                        "Actual Loops": 2,
                        "Recheck Cond": "(company_id > 49990)",
                        "Rows Removed by Index Recheck": 0,
                        "Filter": "(company_type_id = 2)",
                        "Rows Removed by Filter": 13270,
                        "Exact Heap Blocks": 8088,
                        "Lossy Heap Blocks": 0,
                        "Plans": [
                          {
                            "Node Type": "Bitmap Index Scan",
                            "Parent Relationship": "Outer",
                            "Parallel Aware": false,
                            "Index Name": "company_id_movie_companies",
                            "Startup Cost": 0.0,
                            "Total Cost": 14145.88,
                            "Plan Rows": 660460,
                            "Plan Width": 0,
                            "Actual Startup Time": 32.547,
                            "Actual Total Time": 32.548,
                            "Actual Rows": 672722,
                            "Actual Loops": 1,
                            "Index Cond": "(company_id > 49990)"
                          }
                        ]
                      }
                    ]
                  }
                ]
              }
            ]
          }
        ]
      }
    ]
  },
  "Planning Time": 0.291,
  "Triggers": [],
  "Execution Time": 592.134
}