{
  "Plan": {
    "Node Type": "Aggregate",
    "Strategy": "Plain",
    "Partial Mode": "Finalize",
    "Parallel Aware": false,
    "Startup Cost": 457437.86,
    "Total Cost": 457437.87,
    "Plan Rows": 1,
    "Plan Width": 8,
    "Actual Startup Time": 6246.44,
    "Actual Total Time": 6297.551,
    "Actual Rows": 1,
    "Actual Loops": 1,
    "Plans": [
      {
        "Node Type": "Gather",
        "Parent Relationship": "Outer",
        "Parallel Aware": false,
        "Startup Cost": 457437.75,
        "Total Cost": 457437.86,
        "Plan Rows": 1,
        "Plan Width": 8,
        "Actual Startup Time": 6238.702,
        "Actual Total Time": 6297.541,
        "Actual Rows": 2,
        "Actual Loops": 1,
        "Workers Planned": 1,
        "Workers Launched": 1,
        "Single Copy": false,
        "Plans": [
          {
            "Node Type": "Aggregate",
            "Strategy": "Plain",
            "Partial Mode": "Partial",
            "Parent Relationship": "Outer",
            "Parallel Aware": false,
            "Startup Cost": 456437.75,
            "Total Cost": 456437.76,
            "Plan Rows": 1,
            "Plan Width": 8,
            "Actual Startup Time": 6231.408,
            "Actual Total Time": 6232.509,
            "Actual Rows": 1,
            "Actual Loops": 2,
            "Plans": [
              {
                "Node Type": "Hash Join",
                "Parent Relationship": "Outer",
                "Parallel Aware": true,
                "Join Type": "Inner",
                "Startup Cost": 124804.5,
                "Total Cost": 441505.64,
                "Plan Rows": 5972843,
                "Plan Width": 0,
                "Actual Startup Time": 1304.33,
                "Actual Total Time": 5245.226,
                "Actual Rows": 23111870,
                "Actual Loops": 2,
                "Inner Unique": false,
                "Hash Cond": "(mi.movie_id = t.id)",
                "Plans": [
                  {
                    "Node Type": "Seq Scan",
                    "Parent Relationship": "Outer",
                    "Parallel Aware": true,
                    "Relation Name": "movie_info",
                    "Alias": "mi",
                    "Startup Cost": 0.0,
                    "Total Cost": 248955.74,
                    "Plan Rows": 8696274,
                    "Plan Width": 4,
                    "Actual Startup Time": 0.019,
                    "Actual Total Time": 658.885,
                    "Actual Rows": 7417860,
                    "Actual Loops": 2
                  },
                  {
                    "Node Type": "Hash",
                    "Parent Relationship": "Inner",
                    "Parallel Aware": true,
                    "Startup Cost": 112036.1,
                    "Total Cost": 112036.1,
                    "Plan Rows": 1021472,
                    "Plan Width": 8,
                    "Actual Startup Time": 1289.349,
                    "Actual Total Time": 1290.448,
                    "Actual Rows": 776232,
                    "Actual Loops": 2,
                    "Hash Buckets": 2097152,
                    "Original Hash Buckets": 2097152,
                    "Hash Batches": 1,
                    "Original Hash Batches": 1,
                    "Peak Memory Usage": 77152,
                    "Plans": [
                      {
                        "Node Type": "Hash Join",
                        "Parent Relationship": "Outer",
                        "Parallel Aware": true,
                        "Join Type": "Inner",
                        "Startup Cost": 71029.43,
                        "Total Cost": 112036.1,
                        "Plan Rows": 1021472,
                        "Plan Width": 8,
                        "Actual Startup Time": 583.428,
                        "Actual Total Time": 1072.482,
                        "Actual Rows": 776232,
                        "Actual Loops": 2,
                        "Inner Unique": true,
                        "Hash Cond": "(mc.movie_id = t.id)",
                        "Plans": [
                          {
                            "Node Type": "Seq Scan",
                            "Parent Relationship": "Outer",
                            "Parallel Aware": true,
                            "Relation Name": "movie_companies",
                            "Alias": "mc",
                            "Startup Cost": 0.0,
                            "Total Cost": 37974.77,
                            "Plan Rows": 1155010,
                            "Plan Width": 4,
                            "Actual Startup Time": 0.35,
                            "Actual Total Time": 157.051,
                            "Actual Rows": 983450,
                            "Actual Loops": 2,
                            "Filter": "(company_id > 846)",
                            "Rows Removed by Filter": 321115
                          },
                          {
                            "Node Type": "Hash",
                            "Parent Relationship": "Inner",
                            "Parallel Aware": true,
                            "Startup Cost": 54588.39,
                            "Total Cost": 54588.39,
                            "Plan Rows": 1315283,
                            "Plan Width": 4,
                            "Actual Startup Time": 569.507,
                            "Actual Total Time": 569.508,
                            "Actual Rows": 1112668,
                            "Actual Loops": 2,
                            "Hash Buckets": 4194304,
                            "Original Hash Buckets": 4194304,
                            "Hash Batches": 1,
                            "Original Hash Batches": 1,
                            "Peak Memory Usage": 119872,
                            "Plans": [
                              {
                                "Node Type": "Seq Scan",
                                "Parent Relationship": "Outer",
                                "Parallel Aware": true,
                                "Relation Name": "title",
                                "Alias": "t",
                                "Startup Cost": 0.0,
                                "Total Cost": 54588.39,
                                "Plan Rows": 1315283,
                                "Plan Width": 4,
                                "Actual Startup Time": 0.032,
                                "Actual Total Time": 215.164,
                                "Actual Rows": 1112668,
                                "Actual Loops": 2,
                                "Filter": "(production_year > 1958)",
                                "Rows Removed by Filter": 151488
                              }
                            ]
                          }
                        ]
                      }
                    ]
                  }
                ]
              }
            ]
          }
        ]
      }
    ]
  },
  "Planning Time": 0.912,
  "Triggers": [],
  "Execution Time": 6297.647
}