{
  "Plan": {
    "Node Type": "Aggregate",
    "Strategy": "Plain",
    "Partial Mode": "Finalize",
    "Parallel Aware": false,
    "Startup Cost": 368605.09,
    "Total Cost": 368605.1,
    "Plan Rows": 1,
    "Plan Width": 8,
    "Actual Startup Time": 3924.773,
    "Actual Total Time": 3956.272,
    "Actual Rows": 1,
    "Actual Loops": 1,
    "Plans": [
      {
        "Node Type": "Gather",
        "Parent Relationship": "Outer",
        "Parallel Aware": false,
        "Startup Cost": 368604.98,
        "Total Cost": 368605.09,
        "Plan Rows": 1,
        "Plan Width": 8,
        "Actual Startup Time": 3924.475,
        "Actual Total Time": 3956.263,
        "Actual Rows": 2,
        "Actual Loops": 1,
        "Workers Planned": 1,
        "Workers Launched": 1,
        "Single Copy": false,
        "Plans": [
          {
            "Node Type": "Aggregate",
            "Strategy": "Plain",
            "Partial Mode": "Partial",
            "Parent Relationship": "Outer",
            "Parallel Aware": false,
            "Startup Cost": 367604.98,
            "Total Cost": 367604.99,
            "Plan Rows": 1,
            "Plan Width": 8,
            "Actual Startup Time": 3918.416,
            "Actual Total Time": 3918.418,
            "Actual Rows": 1,
            "Actual Loops": 2,
            "Plans": [
              {
                "Node Type": "Merge Join",
                "Parent Relationship": "Outer",
                "Parallel Aware": false,
                "Join Type": "Inner",
                "Startup Cost": 20.76,
                "Total Cost": 366858.01,
                "Plan Rows": 298788,
                "Plan Width": 0,
                "Actual Startup Time": 10.001,
                "Actual Total Time": 3856.722,
                "Actual Rows": 1372830,
                "Actual Loops": 2,
                "Inner Unique": false,
                "Merge Cond": "(t.id = mi_idx.movie_id)",
                "Plans": [
                  {
                    "Node Type": "Merge Join",
                    "Parent Relationship": "Outer",
                    "Parallel Aware": false,
                    "Join Type": "Inner",
                    "Startup Cost": 14.12,
                    "Total Cost": 301882.11,
                    "Plan Rows": 1626568,
                    "Plan Width": 8,
                    "Actual Startup Time": 9.535,
                    "Actual Total Time": 2359.939,
                    "Actual Rows": 1715258,
                    "Actual Loops": 2,
                    "Inner Unique": true,
                    "Merge Cond": "(mk.movie_id = t.id)",
                    "Plans": [
                      {
                        "Node Type": "Index Only Scan",
                        "Parent Relationship": "Outer",
                        "Parallel Aware": true,
                        "Scan Direction": "Forward",
                        "Index Name": "movie_id_movie_keyword",
                        "Relation Name": "movie_keyword",
                        "Alias": "mk",
                        "Startup Cost": 0.43,
                        "Total Cost": 158560.11,
                        "Plan Rows": 2661135,
                        "Plan Width": 4,
                        "Actual Startup Time": 0.101,
                        "Actual Total Time": 515.363,
                        "Actual Rows": 2261962,
                        "Actual Loops": 2,
                        "Heap Fetches": 4523925
                      },
                      {
                        "Node Type": "Index Scan",
                        "Parent Relationship": "Inner",
                        "Parallel Aware": false,
                        "Scan Direction": "Forward",
                        "Index Name": "title_pkey",
                        "Relation Name": "title",
                        "Alias": "t",
                        "Startup Cost": 0.43,
                        "Total Cost": 116660.7,
                        "Plan Rows": 1545371,
                        "Plan Width": 4,
                        "Actual Startup Time": 0.099,
                        "Actual Total Time": 1552.454,
                        "Actual Rows": 1550795,
                        "Actual Loops": 2,
                        "Filter": "(production_year < 2007)",
                        "Rows Removed by Filter": 974956
                      }
                    ]
                  },
                  {
                    "Node Type": "Index Scan",
                    "Parent Relationship": "Inner",
                    "Parallel Aware": false,
                    "Scan Direction": "Forward",
                    "Index Name": "movie_id_movie_info_idx",
                    "Relation Name": "movie_info_idx",
                    "Alias": "mi_idx",
                    "Startup Cost": 0.43,
                    "Total Cost": 57070.31,
                    "Plan Rows": 464428,
                    "Plan Width": 4,
                    "Actual Startup Time": 0.058,
                    "Actual Total Time": 1183.081,
                    "Actual Rows": 1738486,
                    "Actual Loops": 2,
                    "Filter": "(info_type_id = 100)",
                    "Rows Removed by Filter": 3493474
                  }
                ]
              }
            ]
          }
        ]
      }
    ]
  },
  "Planning Time": 0.991,
  "Triggers": [],
  "Execution Time": 3956.361
}