{
  "Plan": {
    "Node Type": "Aggregate",
    "Strategy": "Plain",
    "Partial Mode": "Finalize",
    "Parallel Aware": false,
    "Startup Cost": 71562.13,
    "Total Cost": 71562.14,
    "Plan Rows": 1,
    "Plan Width": 8,
    "Actual Startup Time": 57.816,
    "Actual Total Time": 68.249,
    "Actual Rows": 1,
    "Actual Loops": 1,
    "Plans": [
      {
        "Node Type": "Gather",
        "Parent Relationship": "Outer",
        "Parallel Aware": false,
        "Startup Cost": 71562.02,
        "Total Cost": 71562.13,
        "Plan Rows": 1,
        "Plan Width": 8,
        "Actual Startup Time": 57.699,
        "Actual Total Time": 68.243,
        "Actual Rows": 2,
        "Actual Loops": 1,
        "Workers Planned": 1,
        "Workers Launched": 1,
        "Single Copy": false,
        "Plans": [
          {
            "Node Type": "Aggregate",
            "Strategy": "Plain",
            "Partial Mode": "Partial",
            "Parent Relationship": "Outer",
            "Parallel Aware": false,
            "Startup Cost": 70562.02,
            "Total Cost": 70562.03,
            "Plan Rows": 1,
            "Plan Width": 8,
            "Actual Startup Time": 54.73,
            "Actual Total Time": 54.732,
            "Actual Rows": 1,
            "Actual Loops": 2,
            "Plans": [
              {
                "Node Type": "Nested Loop",
                "Parent Relationship": "Outer",
                "Parallel Aware": false,
                "Join Type": "Inner",
                "Startup Cost": 290.05,
                "Total Cost": 70553.17,
                "Plan Rows": 3538,
                "Plan Width": 0,
                "Actual Startup Time": 5.032,
                "Actual Total Time": 54.39,
                "Actual Rows": 2725,
                "Actual Loops": 2,
                "Inner Unique": true,
                "Plans": [
                  {
                    "Node Type": "Bitmap Heap Scan",
                    "Parent Relationship": "Outer",
                    "Parallel Aware": true,
                    "Relation Name": "movie_keyword",
                    "Alias": "mk",
                    "Startup Cost": 289.62,
                    "Total Cost": 21877.72,
                    "Plan Rows": 7984,
                    "Plan Width": 4,
                    "Actual Startup Time": 4.95,
                    "Actual Total Time": 18.608,
                    "Actual Rows": 6322,
                    "Actual Loops": 2,
                    "Recheck Cond": "(keyword_id = 245)",
                    "Rows Removed by Index Recheck": 0,
                    "Exact Heap Blocks": 6708,
                    "Lossy Heap Blocks": 0,
                    "Plans": [
                      {
                        "Node Type": "Bitmap Index Scan",
                        "Parent Relationship": "Outer",
                        "Parallel Aware": false,
                        "Index Name": "keyword_id_movie_keyword",
                        "Startup Cost": 0.0,
                        "Total Cost": 286.22,
                        "Plan Rows": 13572,
                        "Plan Width": 0,
                        "Actual Startup Time": 4.618,
                        "Actual Total Time": 4.619,
                        "Actual Rows": 12645,
                        "Actual Loops": 1,
                        "Index Cond": "(keyword_id = 245)"
                      }
                    ]
                  },
                  {
                    "Node Type": "Index Scan",
                    "Parent Relationship": "Inner",
                    "Parallel Aware": false,
                    "Scan Direction": "Forward",
                    "Index Name": "title_pkey",
                    "Relation Name": "title",
                    "Alias": "t",
                    "Startup Cost": 0.43,
                    "Total Cost": 6.1,
                    "Plan Rows": 1,
                    "Plan Width": 4,
                    "Actual Startup Time": 0.005,
                    "Actual Total Time": 0.005,
                    "Actual Rows": 0,
                    "Actual Loops": 12645,
                    "Index Cond": "(id = mk.movie_id)",
                    "Rows Removed by Index Recheck": 0,
                    "Filter": "(production_year > 2004)",
                    "Rows Removed by Filter": 1
                  }
                ]
              }
            ]
          }
        ]
      }
    ]
  },
  "Planning Time": 0.288,
  "Triggers": [],
  "Execution Time": 68.312
}