[
  {
    "Plan": {
      "Node Type": "Aggregate",
      "Strategy": "Plain",
      "Partial Mode": "Finalize",
      "Parallel Aware": false,
      "Startup Cost": 33010.2,
      "Total Cost": 33010.21,
      "Plan Rows": 1,
      "Plan Width": 8,
      "Actual Startup Time": 72.858,
      "Actual Total Time": 76.805,
      "Actual Rows": 1,
      "Actual Loops": 1,
      "Plans": [
        {
          "Node Type": "Gather",
          "Parent Relationship": "Outer",
          "Parallel Aware": false,
          "Startup Cost": 33009.89,
          "Total Cost": 33010.2,
          "Plan Rows": 3,
          "Plan Width": 8,
          "Actual Startup Time": 72.777,
          "Actual Total Time": 76.799,
          "Actual Rows": 4,
          "Actual Loops": 1,
          "Workers Planned": 3,
          "Workers Launched": 3,
          "Single Copy": false,
          "Plans": [
            {
              "Node Type": "Aggregate",
              "Strategy": "Plain",
              "Partial Mode": "Partial",
              "Parent Relationship": "Outer",
              "Parallel Aware": false,
              "Startup Cost": 32009.89,
              "Total Cost": 32009.9,
              "Plan Rows": 1,
              "Plan Width": 8,
              "Actual Startup Time": 68.64,
              "Actual Total Time": 68.641,
              "Actual Rows": 1,
              "Actual Loops": 4,
              "Plans": [
                {
                  "Node Type": "Seq Scan",
                  "Parent Relationship": "Outer",
                  "Parallel Aware": true,
                  "Relation Name": "movie_companies",
                  "Alias": "mc",
                  "Startup Cost": 0.0,
                  "Total Cost": 31414.82,
                  "Plan Rows": 238027,
                  "Plan Width": 0,
                  "Actual Startup Time": 4.801,
                  "Actual Total Time": 62.508,
                  "Actual Rows": 130312,
                  "Actual Loops": 4,
                  "Filter": "((company_id > 7575) AND (company_type_id < 2))",
                  "Rows Removed by Filter": 521970
                }
              ]
            }
          ]
        }
      ]
    },
    "Planning Time": 0.097,
    "Triggers": [],
    "Execution Time": 76.832
  }
]