[
  {
    "Plan": {
      "Node Type": "Aggregate",
      "Strategy": "Plain",
      "Partial Mode": "Finalize",
      "Parallel Aware": false,
      "Startup Cost": 252583.0,
      "Total Cost": 252583.01,
      "Plan Rows": 1,
      "Plan Width": 8,
      "Actual Startup Time": 813.957,
      "Actual Total Time": 861.711,
      "Actual Rows": 1,
      "Actual Loops": 1,
      "Plans": [
        {
          "Node Type": "Gather",
          "Parent Relationship": "Outer",
          "Parallel Aware": false,
          "Startup Cost": 252582.47,
          "Total Cost": 252582.98,
          "Plan Rows": 5,
          "Plan Width": 8,
          "Actual Startup Time": 810.269,
          "Actual Total Time": 861.697,
          "Actual Rows": 6,
          "Actual Loops": 1,
          "Workers Planned": 5,
          "Workers Launched": 5,
          "Single Copy": false,
          "Plans": [
            {
              "Node Type": "Aggregate",
              "Strategy": "Plain",
              "Partial Mode": "Partial",
              "Parent Relationship": "Outer",
              "Parallel Aware": false,
              "Startup Cost": 251582.47,
              "Total Cost": 251582.48,
              "Plan Rows": 1,
              "Plan Width": 8,
              "Actual Startup Time": 801.805,
              "Actual Total Time": 801.808,
              "Actual Rows": 1,
              "Actual Loops": 6,
              "Plans": [
                {
                  "Node Type": "Hash Join",
                  "Parent Relationship": "Outer",
                  "Parallel Aware": true,
                  "Join Type": "Inner",
                  "Startup Cost": 47057.15,
                  "Total Cost": 250089.04,
                  "Plan Rows": 597375,
                  "Plan Width": 0,
                  "Actual Startup Time": 171.995,
                  "Actual Total Time": 781.428,
                  "Actual Rows": 456459,
                  "Actual Loops": 6,
                  "Inner Unique": true,
                  "Hash Cond": "(mi.movie_id = t.id)",
                  "Plans": [
                    {
                      "Node Type": "Seq Scan",
                      "Parent Relationship": "Outer",
                      "Parallel Aware": true,
                      "Relation Name": "movie_info",
                      "Alias": "mi",
                      "Startup Cost": 0.0,
                      "Total Cost": 199108.24,
                      "Plan Rows": 1494718,
                      "Plan Width": 4,
                      "Actual Startup Time": 16.278,
                      "Actual Total Time": 330.082,
                      "Actual Rows": 1258142,
                      "Actual Loops": 6,
                      "Filter": "(info_type_id > 7)",
                      "Rows Removed by Filter": 1214478
                    },
                    {
                      "Node Type": "Hash",
                      "Parent Relationship": "Inner",
                      "Parallel Aware": true,
                      "Startup Cost": 43899.32,
                      "Total Cost": 43899.32,
                      "Plan Rows": 252626,
                      "Plan Width": 4,
                      "Actual Startup Time": 153.243,
                      "Actual Total Time": 153.244,
                      "Actual Rows": 168820,
                      "Actual Loops": 6,
                      "Hash Buckets": 1048576,
                      "Original Hash Buckets": 1048576,
                      "Hash Batches": 1,
                      "Original Hash Batches": 1,
                      "Peak Memory Usage": 47936,
                      "Plans": [
                        {
                          "Node Type": "Seq Scan",
                          "Parent Relationship": "Outer",
                          "Parallel Aware": true,
                          "Relation Name": "title",
                          "Alias": "t",
                          "Startup Cost": 0.0,
                          "Total Cost": 43899.32,
                          "Plan Rows": 252626,
                          "Plan Width": 4,
                          "Actual Startup Time": 0.036,
                          "Actual Total Time": 84.464,
                          "Actual Rows": 168820,
                          "Actual Loops": 6,
                          "Filter": "(production_year > 2005)",
                          "Rows Removed by Filter": 252565
                        }
                      ]
                    }
                  ]
                }
              ]
            }
          ]
        }
      ]
    },
    "Planning Time": 0.442,
    "Triggers": [],
    "Execution Time": 861.752
  }
]