[
  {
    "Plan": {
      "Node Type": "Aggregate",
      "Strategy": "Plain",
      "Partial Mode": "Finalize",
      "Parallel Aware": false,
      "Startup Cost": 252585.06,
      "Total Cost": 252585.07,
      "Plan Rows": 1,
      "Plan Width": 8,
      "Actual Startup Time": 804.078,
      "Actual Total Time": 844.882,
      "Actual Rows": 1,
      "Actual Loops": 1,
      "Plans": [
        {
          "Node Type": "Gather",
          "Parent Relationship": "Outer",
          "Parallel Aware": false,
          "Startup Cost": 252584.54,
          "Total Cost": 252585.05,
          "Plan Rows": 5,
          "Plan Width": 8,
          "Actual Startup Time": 794.833,
          "Actual Total Time": 844.872,
          "Actual Rows": 6,
          "Actual Loops": 1,
          "Workers Planned": 5,
          "Workers Launched": 5,
          "Single Copy": false,
          "Plans": [
            {
              "Node Type": "Aggregate",
              "Strategy": "Plain",
              "Partial Mode": "Partial",
              "Parent Relationship": "Outer",
              "Parallel Aware": false,
              "Startup Cost": 251584.54,
              "Total Cost": 251584.55,
              "Plan Rows": 1,
              "Plan Width": 8,
              "Actual Startup Time": 784.614,
              "Actual Total Time": 784.617,
              "Actual Rows": 1,
              "Actual Loops": 6,
              "Plans": [
                {
                  "Node Type": "Hash Join",
                  "Parent Relationship": "Outer",
                  "Parallel Aware": true,
                  "Join Type": "Inner",
                  "Startup Cost": 47095.69,
                  "Total Cost": 250044.48,
                  "Plan Rows": 616024,
                  "Plan Width": 0,
                  "Actual Startup Time": 173.224,
                  "Actual Total Time": 765.817,
                  "Actual Rows": 456459,
                  "Actual Loops": 6,
                  "Inner Unique": true,
                  "Hash Cond": "(mi.movie_id = t.id)",
                  "Plans": [
                    {
                      "Node Type": "Seq Scan",
                      "Parent Relationship": "Outer",
                      "Parallel Aware": true,
                      "Relation Name": "movie_info",
                      "Alias": "mi",
                      "Startup Cost": 0.0,
                      "Total Cost": 198952.16,
                      "Plan Rows": 1522520,
                      "Plan Width": 4,
                      "Actual Startup Time": 15.572,
                      "Actual Total Time": 311.95,
                      "Actual Rows": 1258142,
                      "Actual Loops": 6,
                      "Filter": "(info_type_id > 7)",
                      "Rows Removed by Filter": 1214478
                    },
                    {
                      "Node Type": "Hash",
                      "Parent Relationship": "Inner",
                      "Parallel Aware": true,
                      "Startup Cost": 43898.92,
                      "Total Cost": 43898.92,
                      "Plan Rows": 255742,
                      "Plan Width": 4,
                      "Actual Startup Time": 153.799,
                      "Actual Total Time": 153.8,
                      "Actual Rows": 168820,
                      "Actual Loops": 6,
                      "Hash Buckets": 1048576,
                      "Original Hash Buckets": 1048576,
                      "Hash Batches": 1,
                      "Original Hash Batches": 1,
                      "Peak Memory Usage": 47936,
                      "Plans": [
                        {
                          "Node Type": "Seq Scan",
                          "Parent Relationship": "Outer",
                          "Parallel Aware": true,
                          "Relation Name": "title",
                          "Alias": "t",
                          "Startup Cost": 0.0,
                          "Total Cost": 43898.92,
                          "Plan Rows": 255742,
                          "Plan Width": 4,
                          "Actual Startup Time": 0.042,
                          "Actual Total Time": 82.344,
                          "Actual Rows": 168820,
                          "Actual Loops": 6,
                          "Filter": "(production_year > 2005)",
                          "Rows Removed by Filter": 252565
                        }
                      ]
                    }
                  ]
                }
              ]
            }
          ]
        }
      ]
    },
    "Planning Time": 0.682,
    "Triggers": [],
    "Execution Time": 844.98
  }
]