[
  {
    "Plan": {
      "Node Type": "Aggregate",
      "Strategy": "Plain",
      "Partial Mode": "Finalize",
      "Parallel Aware": false,
      "Startup Cost": 51761.85,
      "Total Cost": 51761.86,
      "Plan Rows": 1,
      "Plan Width": 8,
      "Actual Startup Time": 102.36,
      "Actual Total Time": 118.987,
      "Actual Rows": 1,
      "Actual Loops": 1,
      "Plans": [
        {
          "Node Type": "Gather",
          "Parent Relationship": "Outer",
          "Parallel Aware": false,
          "Startup Cost": 51761.63,
          "Total Cost": 51761.84,
          "Plan Rows": 2,
          "Plan Width": 8,
          "Actual Startup Time": 102.148,
          "Actual Total Time": 118.979,
          "Actual Rows": 3,
          "Actual Loops": 1,
          "Workers Planned": 2,
          "Workers Launched": 2,
          "Single Copy": false,
          "Plans": [
            {
              "Node Type": "Aggregate",
              "Strategy": "Plain",
              "Partial Mode": "Partial",
              "Parent Relationship": "Outer",
              "Parallel Aware": false,
              "Startup Cost": 50761.63,
              "Total Cost": 50761.64,
              "Plan Rows": 1,
              "Plan Width": 8,
              "Actual Startup Time": 93.48,
              "Actual Total Time": 93.482,
              "Actual Rows": 1,
              "Actual Loops": 3,
              "Plans": [
                {
                  "Node Type": "Nested Loop",
                  "Parent Relationship": "Outer",
                  "Parallel Aware": false,
                  "Join Type": "Inner",
                  "Startup Cost": 212.79,
                  "Total Cost": 50702.05,
                  "Plan Rows": 23832,
                  "Plan Width": 0,
                  "Actual Startup Time": 2.369,
                  "Actual Total Time": 91.181,
                  "Actual Rows": 28872,
                  "Actual Loops": 3,
                  "Inner Unique": false,
                  "Plans": [
                    {
                      "Node Type": "Nested Loop",
                      "Parent Relationship": "Outer",
                      "Parallel Aware": false,
                      "Join Type": "Inner",
                      "Startup Cost": 212.35,
                      "Total Cost": 42971.62,
                      "Plan Rows": 4059,
                      "Plan Width": 8,
                      "Actual Startup Time": 2.14,
                      "Actual Total Time": 32.271,
                      "Actual Rows": 3008,
                      "Actual Loops": 3,
                      "Inner Unique": true,
                      "Plans": [
                        {
                          "Node Type": "Bitmap Heap Scan",
                          "Parent Relationship": "Outer",
                          "Parallel Aware": true,
                          "Relation Name": "movie_companies",
                          "Alias": "mc",
                          "Startup Cost": 211.92,
                          "Total Cost": 16315.36,
                          "Plan Rows": 4059,
                          "Plan Width": 4,
                          "Actual Startup Time": 1.916,
                          "Actual Total Time": 7.543,
                          "Actual Rows": 3008,
                          "Actual Loops": 3,
                          "Recheck Cond": "(company_id = 225)",
                          "Rows Removed by Index Recheck": 0,
                          "Exact Heap Blocks": 1874,
                          "Lossy Heap Blocks": 0,
                          "Plans": [
                            {
                              "Node Type": "Bitmap Index Scan",
                              "Parent Relationship": "Outer",
                              "Parallel Aware": false,
                              "Index Name": "company_id_movie_companies",
                              "Startup Cost": 0.0,
                              "Total Cost": 209.49,
                              "Plan Rows": 9741,
                              "Plan Width": 0,
                              "Actual Startup Time": 4.011,
                              "Actual Total Time": 4.012,
                              "Actual Rows": 9025,
                              "Actual Loops": 1,
                              "Index Cond": "(company_id = 225)"
                            }
                          ]
                        },
                        {
                          "Node Type": "Index Only Scan",
                          "Parent Relationship": "Inner",
                          "Parallel Aware": false,
                          "Scan Direction": "Forward",
                          "Index Name": "title_pkey",
                          "Relation Name": "title",
                          "Alias": "t",
                          "Startup Cost": 0.43,
                          "Total Cost": 6.57,
                          "Plan Rows": 1,
                          "Plan Width": 4,
                          "Actual Startup Time": 0.008,
                          "Actual Total Time": 0.008,
                          "Actual Rows": 1,
                          "Actual Loops": 9025,
                          "Index Cond": "(id = mc.movie_id)",
                          "Rows Removed by Index Recheck": 0,
                          "Heap Fetches": 9025
                        }
                      ]
                    },
                    {
                      "Node Type": "Index Only Scan",
                      "Parent Relationship": "Inner",
                      "Parallel Aware": false,
                      "Scan Direction": "Forward",
                      "Index Name": "movie_id_movie_info",
                      "Relation Name": "movie_info",
                      "Alias": "mi",
                      "Startup Cost": 0.43,
                      "Total Cost": 1.49,
                      "Plan Rows": 41,
                      "Plan Width": 4,
                      "Actual Startup Time": 0.007,
                      "Actual Total Time": 0.018,
                      "Actual Rows": 10,
                      "Actual Loops": 9025,
                      "Index Cond": "(movie_id = t.id)",
                      "Rows Removed by Index Recheck": 0,
                      "Heap Fetches": 86616
                    }
                  ]
                }
              ]
            }
          ]
        }
      ]
    },
    "Planning Time": 1.522,
    "Triggers": [],
    "Execution Time": 119.094
  }
]