[
    {
        "Bao": {
            "Bao prediction": "NaN",
            "Bao recommended hint": "(no hint)"
        }
    },
    {
        "Plan": {
            "Node Type": "Aggregate",
            "Strategy": "Plain",
            "Partial Mode": "Finalize",
            "Parallel Aware": false,
            "Startup Cost": 92564.85,
            "Total Cost": 92564.86,
            "Plan Rows": 1,
            "Plan Width": 8,
            "Actual Startup Time": 405.205,
            "Actual Total Time": 416.712,
            "Actual Rows": 1,
            "Actual Loops": 1,
            "Output": [
                "count(*)"
            ],
            "Plans": [
                {
                    "Node Type": "Gather",
                    "Parent Relationship": "Outer",
                    "Parallel Aware": false,
                    "Startup Cost": 92564.53,
                    "Total Cost": 92564.84,
                    "Plan Rows": 3,
                    "Plan Width": 8,
                    "Actual Startup Time": 403.549,
                    "Actual Total Time": 416.702,
                    "Actual Rows": 4,
                    "Actual Loops": 1,
                    "Output": [
                        "(PARTIAL count(*))"
                    ],
                    "Workers Planned": 3,
                    "Workers Launched": 3,
                    "Single Copy": false,
                    "Plans": [
                        {
                            "Node Type": "Aggregate",
                            "Strategy": "Plain",
                            "Partial Mode": "Partial",
                            "Parent Relationship": "Outer",
                            "Parallel Aware": false,
                            "Startup Cost": 91564.53,
                            "Total Cost": 91564.54,
                            "Plan Rows": 1,
                            "Plan Width": 8,
                            "Actual Startup Time": 394.964,
                            "Actual Total Time": 395.048,
                            "Actual Rows": 1,
                            "Actual Loops": 4,
                            "Output": [
                                "PARTIAL count(*)"
                            ],
                            "Workers": [
                                {
                                    "Worker Number": 0,
                                    "Actual Startup Time": 392.008,
                                    "Actual Total Time": 392.011,
                                    "Actual Rows": 1,
                                    "Actual Loops": 1
                                },
                                {
                                    "Worker Number": 1,
                                    "Actual Startup Time": 392.278,
                                    "Actual Total Time": 392.282,
                                    "Actual Rows": 1,
                                    "Actual Loops": 1
                                },
                                {
                                    "Worker Number": 2,
                                    "Actual Startup Time": 392.382,
                                    "Actual Total Time": 392.386,
                                    "Actual Rows": 1,
                                    "Actual Loops": 1
                                }
                            ],
                            "Plans": [
                                {
                                    "Node Type": "Hash Join",
                                    "Parent Relationship": "Outer",
                                    "Parallel Aware": true,
                                    "Join Type": "Inner",
                                    "Startup Cost": 46113.01,
                                    "Total Cost": 91368.94,
                                    "Plan Rows": 78239,
                                    "Plan Width": 0,
                                    "Actual Startup Time": 146.336,
                                    "Actual Total Time": 383.143,
                                    "Actual Rows": 193900,
                                    "Actual Loops": 4,
                                    "Inner Unique": true,
                                    "Hash Cond": "(mk.movie_id = t.id)",
                                    "Workers": [
                                        {
                                            "Worker Number": 0,
                                            "Actual Startup Time": 143.351,
                                            "Actual Total Time": 380.635,
                                            "Actual Rows": 259634,
                                            "Actual Loops": 1
                                        },
                                        {
                                            "Worker Number": 1,
                                            "Actual Startup Time": 143.374,
                                            "Actual Total Time": 380.757,
                                            "Actual Rows": 161092,
                                            "Actual Loops": 1
                                        },
                                        {
                                            "Worker Number": 2,
                                            "Actual Startup Time": 143.99,
                                            "Actual Total Time": 380.386,
                                            "Actual Rows": 168245,
                                            "Actual Loops": 1
                                        }
                                    ],
                                    "Plans": [
                                        {
                                            "Node Type": "Seq Scan",
                                            "Parent Relationship": "Outer",
                                            "Parallel Aware": true,
                                            "Relation Name": "movie_keyword",
                                            "Schema": "public",
                                            "Alias": "mk",
                                            "Startup Cost": 0.0,
                                            "Total Cost": 42695.65,
                                            "Plan Rows": 975343,
                                            "Plan Width": 4,
                                            "Actual Startup Time": 0.149,
                                            "Actual Total Time": 139.775,
                                            "Actual Rows": 755828,
                                            "Actual Loops": 4,
                                            "Output": [
                                                "mk.id",
                                                "mk.movie_id",
                                                "mk.keyword_id"
                                            ],
                                            "Filter": "(mk.keyword_id > 2158)",
                                            "Rows Removed by Filter": 375155,
                                            "Workers": [
                                                {
                                                    "Worker Number": 0,
                                                    "Actual Startup Time": 0.15,
                                                    "Actual Total Time": 140.352,
                                                    "Actual Rows": 1022827,
                                                    "Actual Loops": 1
                                                },
                                                {
                                                    "Worker Number": 1,
                                                    "Actual Startup Time": 0.136,
                                                    "Actual Total Time": 141.531,
                                                    "Actual Rows": 628352,
                                                    "Actual Loops": 1
                                                },
                                                {
                                                    "Worker Number": 2,
                                                    "Actual Startup Time": 0.16,
                                                    "Actual Total Time": 142.461,
                                                    "Actual Rows": 652809,
                                                    "Actual Loops": 1
                                                }
                                            ]
                                        },
                                        {
                                            "Node Type": "Hash",
                                            "Parent Relationship": "Inner",
                                            "Parallel Aware": true,
                                            "Startup Cost": 45479.21,
                                            "Total Cost": 45479.21,
                                            "Plan Rows": 50704,
                                            "Plan Width": 4,
                                            "Actual Startup Time": 144.331,
                                            "Actual Total Time": 144.333,
                                            "Actual Rows": 76798,
                                            "Actual Loops": 4,
                                            "Output": [
                                                "t.id"
                                            ],
                                            "Hash Buckets": 524288,
                                            "Original Hash Buckets": 262144,
                                            "Hash Batches": 1,
                                            "Original Hash Batches": 1,
                                            "Peak Memory Usage": 18240,
                                            "Workers": [
                                                {
                                                    "Worker Number": 0,
                                                    "Actual Startup Time": 142.435,
                                                    "Actual Total Time": 142.436,
                                                    "Actual Rows": 97755,
                                                    "Actual Loops": 1
                                                },
                                                {
                                                    "Worker Number": 1,
                                                    "Actual Startup Time": 142.272,
                                                    "Actual Total Time": 142.274,
                                                    "Actual Rows": 58930,
                                                    "Actual Loops": 1
                                                },
                                                {
                                                    "Worker Number": 2,
                                                    "Actual Startup Time": 142.792,
                                                    "Actual Total Time": 142.793,
                                                    "Actual Rows": 65675,
                                                    "Actual Loops": 1
                                                }
                                            ],
                                            "Plans": [
                                                {
                                                    "Node Type": "Seq Scan",
                                                    "Parent Relationship": "Outer",
                                                    "Parallel Aware": true,
                                                    "Relation Name": "title",
                                                    "Schema": "public",
                                                    "Alias": "t",
                                                    "Startup Cost": 0.0,
                                                    "Total Cost": 45479.21,
                                                    "Plan Rows": 50704,
                                                    "Plan Width": 4,
                                                    "Actual Startup Time": 0.168,
                                                    "Actual Total Time": 107.044,
                                                    "Actual Rows": 76798,
                                                    "Actual Loops": 4,
                                                    "Output": [
                                                        "t.id"
                                                    ],
                                                    "Filter": "((t.kind_id < 7) AND (t.production_year < 1980))",
                                                    "Rows Removed by Filter": 555280,
                                                    "Workers": [
                                                        {
                                                            "Worker Number": 0,
                                                            "Actual Startup Time": 0.222,
                                                            "Actual Total Time": 104.827,
                                                            "Actual Rows": 97755,
                                                            "Actual Loops": 1
                                                        },
                                                        {
                                                            "Worker Number": 1,
                                                            "Actual Startup Time": 0.317,
                                                            "Actual Total Time": 105.206,
                                                            "Actual Rows": 58930,
                                                            "Actual Loops": 1
                                                        },
                                                        {
                                                            "Worker Number": 2,
                                                            "Actual Startup Time": 0.088,
                                                            "Actual Total Time": 106.696,
                                                            "Actual Rows": 65675,
                                                            "Actual Loops": 1
                                                        }
                                                    ]
                                                }
                                            ]
                                        }
                                    ]
                                }
                            ]
                        }
                    ]
                }
            ]
        },
        "Planning Time": 303.425,
        "Triggers": [],
        "Execution Time": 416.774
    }
]