[
  {
    "Plan": {
      "Node Type": "Aggregate",
      "Strategy": "Plain",
      "Partial Mode": "Finalize",
      "Parallel Aware": false,
      "Startup Cost": 136333.26,
      "Total Cost": 136333.27,
      "Plan Rows": 1,
      "Plan Width": 8,
      "Actual Startup Time": 127.155,
      "Actual Total Time": 148.851,
      "Actual Rows": 1,
      "Actual Loops": 1,
      "Plans": [
        {
          "Node Type": "Gather",
          "Parent Relationship": "Outer",
          "Parallel Aware": false,
          "Startup Cost": 136332.84,
          "Total Cost": 136333.25,
          "Plan Rows": 4,
          "Plan Width": 8,
          "Actual Startup Time": 127.024,
          "Actual Total Time": 148.843,
          "Actual Rows": 5,
          "Actual Loops": 1,
          "Workers Planned": 4,
          "Workers Launched": 4,
          "Single Copy": false,
          "Plans": [
            {
              "Node Type": "Aggregate",
              "Strategy": "Plain",
              "Partial Mode": "Partial",
              "Parent Relationship": "Outer",
              "Parallel Aware": false,
              "Startup Cost": 135332.84,
              "Total Cost": 135332.85,
              "Plan Rows": 1,
              "Plan Width": 8,
              "Actual Startup Time": 117.309,
              "Actual Total Time": 117.311,
              "Actual Rows": 1,
              "Actual Loops": 5,
              "Plans": [
                {
                  "Node Type": "Nested Loop",
                  "Parent Relationship": "Outer",
                  "Parallel Aware": false,
                  "Join Type": "Inner",
                  "Startup Cost": 0.56,
                  "Total Cost": 135332.27,
                  "Plan Rows": 230,
                  "Plan Width": 0,
                  "Actual Startup Time": 13.126,
                  "Actual Total Time": 117.249,
                  "Actual Rows": 425,
                  "Actual Loops": 5,
                  "Inner Unique": false,
                  "Plans": [
                    {
                      "Node Type": "Seq Scan",
                      "Parent Relationship": "Outer",
                      "Parallel Aware": true,
                      "Relation Name": "title",
                      "Alias": "t",
                      "Startup Cost": 0.0,
                      "Total Cost": 43898.92,
                      "Plan Rows": 716,
                      "Plan Width": 4,
                      "Actual Startup Time": 1.452,
                      "Actual Total Time": 75.638,
                      "Actual Rows": 615,
                      "Actual Loops": 5,
                      "Filter": "(production_year = 2014)",
                      "Rows Removed by Filter": 505047
                    },
                    {
                      "Node Type": "Index Scan",
                      "Parent Relationship": "Inner",
                      "Parallel Aware": false,
                      "Scan Direction": "Forward",
                      "Index Name": "movie_id_cast_info",
                      "Relation Name": "cast_info",
                      "Alias": "ci",
                      "Startup Cost": 0.56,
                      "Total Cost": 127.69,
                      "Plan Rows": 1,
                      "Plan Width": 4,
                      "Actual Startup Time": 0.063,
                      "Actual Total Time": 0.067,
                      "Actual Rows": 1,
                      "Actual Loops": 3077,
                      "Index Cond": "(movie_id = t.id)",
                      "Rows Removed by Index Recheck": 0,
                      "Filter": "((person_id > 3614859) AND (role_id > 3))",
                      "Rows Removed by Filter": 12
                    }
                  ]
                }
              ]
            }
          ]
        }
      ]
    },
    "Planning Time": 0.621,
    "Triggers": [],
    "Execution Time": 148.926
  }
]