{
    "Plan": {
        "Node Type": "Aggregate",
        "Strategy": "Plain",
        "Partial Mode": "Simple",
        "Parallel Aware": false,
        "Startup Cost": 20000205574.68,
        "Total Cost": 20000205574.69,
        "Plan Rows": 1,
        "Plan Width": 8,
        "Actual Startup Time": 2382.807,
        "Actual Total Time": 2382.811,
        "Actual Rows": 1,
        "Actual Loops": 1,
        "Output": [
            "count(*)"
        ],
        "Plans": [
            {
                "Node Type": "Nested Loop",
                "Parent Relationship": "Outer",
                "Parallel Aware": false,
                "Join Type": "Inner",
                "Startup Cost": 20000047949.54,
                "Total Cost": 20000205472.63,
                "Plan Rows": 40821,
                "Plan Width": 0,
                "Actual Startup Time": 406.751,
                "Actual Total Time": 2374.871,
                "Actual Rows": 104196,
                "Actual Loops": 1,
                "Inner Unique": false,
                "Join Filter": "(t.id = ci.movie_id)",
                "Rows Removed by Join Filter": 0,
                "Plans": [
                    {
                        "Node Type": "Hash Join",
                        "Parent Relationship": "Outer",
                        "Parallel Aware": false,
                        "Join Type": "Inner",
                        "Startup Cost": 10000047947.65,
                        "Total Cost": 10000186018.69,
                        "Plan Rows": 2847,
                        "Plan Width": 8,
                        "Actual Startup Time": 406.651,
                        "Actual Total Time": 2073.503,
                        "Actual Rows": 3732,
                        "Actual Loops": 1,
                        "Output": [
                            "t.id",
                            "mk.movie_id"
                        ],
                        "Inner Unique": false,
                        "Hash Cond": "(t.id = mk.movie_id)",
                        "Plans": [
                            {
                                "Node Type": "Index Scan",
                                "Parent Relationship": "Outer",
                                "Parallel Aware": false,
                                "Scan Direction": "Forward",
                                "Index Name": "title_pkey",
                                "Relation Name": "title",
                                "Schema": "public",
                                "Alias": "t",
                                "Startup Cost": 10000000000.43,
                                "Total Cost": 10000116662.9,
                                "Plan Rows": 14159,
                                "Plan Width": 4,
                                "Actual Startup Time": 3.618,
                                "Actual Total Time": 1669.294,
                                "Actual Rows": 14054,
                                "Actual Loops": 1,
                                "Output": [
                                    "t.id",
                                    "t.title",
                                    "t.imdb_index",
                                    "t.kind_id",
                                    "t.production_year",
                                    "t.imdb_id",
                                    "t.phonetic_code",
                                    "t.episode_of_id",
                                    "t.season_nr",
                                    "t.episode_nr",
                                    "t.series_years",
                                    "t.md5sum"
                                ],
                                "Filter": "(t.production_year = 1975)",
                                "Rows Removed by Filter": 2514258
                            },
                            {
                                "Node Type": "Hash",
                                "Parent Relationship": "Inner",
                                "Parallel Aware": false,
                                "Startup Cost": 41592.72,
                                "Total Cost": 41592.72,
                                "Plan Rows": 508360,
                                "Plan Width": 4,
                                "Actual Startup Time": 388.568,
                                "Actual Total Time": 388.57,
                                "Actual Rows": 502634,
                                "Actual Loops": 1,
                                "Output": [
                                    "mk.movie_id"
                                ],
                                "Hash Buckets": 524288,
                                "Original Hash Buckets": 524288,
                                "Hash Batches": 1,
                                "Original Hash Batches": 1,
                                "Peak Memory Usage": 21767,
                                "Plans": [
                                    {
                                        "Node Type": "Bitmap Heap Scan",
                                        "Parent Relationship": "Outer",
                                        "Parallel Aware": false,
                                        "Relation Name": "movie_keyword",
                                        "Schema": "public",
                                        "Alias": "mk",
                                        "Startup Cost": 10784.22,
                                        "Total Cost": 41592.72,
                                        "Plan Rows": 508360,
                                        "Plan Width": 4,
                                        "Actual Startup Time": 54.928,
                                        "Actual Total Time": 263.327,
                                        "Actual Rows": 502634,
                                        "Actual Loops": 1,
                                        "Output": [
                                            "mk.movie_id"
                                        ],
                                        "Recheck Cond": "(mk.keyword_id < 365)",
                                        "Rows Removed by Index Recheck": 0,
                                        "Exact Heap Blocks": 24267,
                                        "Lossy Heap Blocks": 0,
                                        "Plans": [
                                            {
                                                "Node Type": "Bitmap Index Scan",
                                                "Parent Relationship": "Outer",
                                                "Parallel Aware": false,
                                                "Index Name": "keyword_id_movie_keyword",
                                                "Startup Cost": 0.0,
                                                "Total Cost": 10657.13,
                                                "Plan Rows": 508360,
                                                "Plan Width": 0,
                                                "Actual Startup Time": 50.112,
                                                "Actual Total Time": 50.112,
                                                "Actual Rows": 502634,
                                                "Actual Loops": 1,
                                                "Index Cond": "(mk.keyword_id < 365)"
                                            }
                                        ]
                                    }
                                ]
                            }
                        ]
                    },
                    {
                        "Node Type": "Bitmap Heap Scan",
                        "Parent Relationship": "Inner",
                        "Parallel Aware": false,
                        "Relation Name": "cast_info",
                        "Schema": "public",
                        "Alias": "ci",
                        "Startup Cost": 1.88,
                        "Total Cost": 6.36,
                        "Plan Rows": 38,
                        "Plan Width": 4,
                        "Actual Startup Time": 0.015,
                        "Actual Total Time": 0.074,
                        "Actual Rows": 28,
                        "Actual Loops": 3732,
                        "Output": [
                            "ci.id",
                            "ci.person_id",
                            "ci.movie_id",
                            "ci.person_role_id",
                            "ci.note",
                            "ci.nr_order",
                            "ci.role_id"
                        ],
                        "Recheck Cond": "(ci.movie_id = mk.movie_id)",
                        "Rows Removed by Index Recheck": 0,
                        "Exact Heap Blocks": 101850,
                        "Lossy Heap Blocks": 0,
                        "Plans": [
                            {
                                "Node Type": "Bitmap Index Scan",
                                "Parent Relationship": "Outer",
                                "Parallel Aware": false,
                                "Index Name": "movie_id_cast_info",
                                "Startup Cost": 0.0,
                                "Total Cost": 1.87,
                                "Plan Rows": 38,
                                "Plan Width": 0,
                                "Actual Startup Time": 0.01,
                                "Actual Total Time": 0.01,
                                "Actual Rows": 28,
                                "Actual Loops": 3732,
                                "Index Cond": "(ci.movie_id = mk.movie_id)"
                            }
                        ]
                    }
                ]
            }
        ]
    },
    "Planning Time": 3.974,
    "Triggers": [],
    "Execution Time": 2383.76
}