[
  {
    "Plan": {
      "Node Type": "Aggregate",
      "Strategy": "Plain",
      "Partial Mode": "Finalize",
      "Parallel Aware": false,
      "Startup Cost": 30410.61,
      "Total Cost": 30410.62,
      "Plan Rows": 1,
      "Plan Width": 8,
      "Actual Startup Time": 95.75,
      "Actual Total Time": 100.536,
      "Actual Rows": 1,
      "Actual Loops": 1,
      "Plans": [
        {
          "Node Type": "Gather",
          "Parent Relationship": "Outer",
          "Parallel Aware": false,
          "Startup Cost": 30410.29,
          "Total Cost": 30410.6,
          "Plan Rows": 3,
          "Plan Width": 8,
          "Actual Startup Time": 95.5,
          "Actual Total Time": 100.459,
          "Actual Rows": 4,
          "Actual Loops": 1,
          "Workers Planned": 3,
          "Workers Launched": 3,
          "Single Copy": false,
          "Plans": [
            {
              "Node Type": "Aggregate",
              "Strategy": "Plain",
              "Partial Mode": "Partial",
              "Parent Relationship": "Outer",
              "Parallel Aware": false,
              "Startup Cost": 29410.29,
              "Total Cost": 29410.3,
              "Plan Rows": 1,
              "Plan Width": 8,
              "Actual Startup Time": 89.125,
              "Actual Total Time": 89.126,
              "Actual Rows": 1,
              "Actual Loops": 4,
              "Plans": [
                {
                  "Node Type": "Bitmap Heap Scan",
                  "Parent Relationship": "Outer",
                  "Parallel Aware": true,
                  "Relation Name": "movie_companies",
                  "Alias": "mc",
                  "Startup Cost": 8543.78,
                  "Total Cost": 29252.85,
                  "Plan Rows": 62979,
                  "Plan Width": 0,
                  "Actual Startup Time": 34.339,
                  "Actual Total Time": 83.694,
                  "Actual Rows": 75032,
                  "Actual Loops": 4,
                  "Recheck Cond": "(company_id < 240)",
                  "Rows Removed by Index Recheck": 0,
                  "Filter": "(company_type_id = 1)",
                  "Rows Removed by Filter": 23228,
                  "Exact Heap Blocks": 9571,
                  "Lossy Heap Blocks": 0,
                  "Plans": [
                    {
                      "Node Type": "Bitmap Index Scan",
                      "Parent Relationship": "Outer",
                      "Parallel Aware": false,
                      "Index Name": "company_id_movie_companies",
                      "Startup Cost": 0.0,
                      "Total Cost": 8494.98,
                      "Plan Rows": 396606,
                      "Plan Width": 0,
                      "Actual Startup Time": 36.736,
                      "Actual Total Time": 36.737,
                      "Actual Rows": 393040,
                      "Actual Loops": 1,
                      "Index Cond": "(company_id < 240)"
                    }
                  ]
                }
              ]
            }
          ]
        }
      ]
    },
    "Planning Time": 0.2,
    "Triggers": [],
    "Execution Time": 100.606
  }
]