{
  "Plan": {
    "Node Type": "Aggregate",
    "Strategy": "Plain",
    "Partial Mode": "Finalize",
    "Parallel Aware": false,
    "Startup Cost": 118867.6,
    "Total Cost": 118867.61,
    "Plan Rows": 1,
    "Plan Width": 8,
    "Actual Startup Time": 445.02,
    "Actual Total Time": 458.841,
    "Actual Rows": 1,
    "Actual Loops": 1,
    "Plans": [
      {
        "Node Type": "Gather",
        "Parent Relationship": "Outer",
        "Parallel Aware": false,
        "Startup Cost": 118867.49,
        "Total Cost": 118867.6,
        "Plan Rows": 1,
        "Plan Width": 8,
        "Actual Startup Time": 444.354,
        "Actual Total Time": 458.831,
        "Actual Rows": 2,
        "Actual Loops": 1,
        "Workers Planned": 1,
        "Workers Launched": 1,
        "Single Copy": false,
        "Plans": [
          {
            "Node Type": "Aggregate",
            "Strategy": "Plain",
            "Partial Mode": "Partial",
            "Parent Relationship": "Outer",
            "Parallel Aware": false,
            "Startup Cost": 117867.49,
            "Total Cost": 117867.5,
            "Plan Rows": 1,
            "Plan Width": 8,
            "Actual Startup Time": 438.826,
            "Actual Total Time": 438.83,
            "Actual Rows": 1,
            "Actual Loops": 2,
            "Plans": [
              {
                "Node Type": "Hash Join",
                "Parent Relationship": "Outer",
                "Parallel Aware": true,
                "Join Type": "Inner",
                "Startup Cost": 57303.79,
                "Total Cost": 117705.99,
                "Plan Rows": 64598,
                "Plan Width": 0,
                "Actual Startup Time": 167.868,
                "Actual Total Time": 436.332,
                "Actual Rows": 52520,
                "Actual Loops": 2,
                "Inner Unique": true,
                "Hash Cond": "(mk.movie_id = t.id)",
                "Plans": [
                  {
                    "Node Type": "Seq Scan",
                    "Parent Relationship": "Outer",
                    "Parallel Aware": true,
                    "Relation Name": "movie_keyword",
                    "Alias": "mk",
                    "Startup Cost": 0.0,
                    "Total Cost": 57718.19,
                    "Plan Rows": 1022481,
                    "Plan Width": 4,
                    "Actual Startup Time": 0.014,
                    "Actual Total Time": 186.005,
                    "Actual Rows": 874864,
                    "Actual Loops": 2,
                    "Filter": "(keyword_id < 2857)",
                    "Rows Removed by Filter": 1387100
                  },
                  {
                    "Node Type": "Hash",
                    "Parent Relationship": "Inner",
                    "Parallel Aware": true,
                    "Startup Cost": 56129.28,
                    "Total Cost": 56129.28,
                    "Plan Rows": 93961,
                    "Plan Width": 4,
                    "Actual Startup Time": 164.525,
                    "Actual Total Time": 164.526,
                    "Actual Rows": 74902,
                    "Actual Loops": 2,
                    "Hash Buckets": 262144,
                    "Original Hash Buckets": 262144,
                    "Hash Batches": 1,
                    "Original Hash Batches": 1,
                    "Peak Memory Usage": 7936,
                    "Plans": [
                      {
                        "Node Type": "Bitmap Heap Scan",
                        "Parent Relationship": "Outer",
                        "Parallel Aware": true,
                        "Relation Name": "title",
                        "Alias": "t",
                        "Startup Cost": 13478.89,
                        "Total Cost": 56129.28,
                        "Plan Rows": 93961,
                        "Plan Width": 4,
                        "Actual Startup Time": 54.434,
                        "Actual Total Time": 147.76,
                        "Actual Rows": 74902,
                        "Actual Loops": 2,
                        "Recheck Cond": "(kind_id < 3)",
                        "Rows Removed by Index Recheck": 0,
                        "Filter": "(production_year > 2009)",
                        "Rows Removed by Filter": 301936,
                        "Exact Heap Blocks": 25755,
                        "Lossy Heap Blocks": 0,
                        "Plans": [
                          {
                            "Node Type": "Bitmap Index Scan",
                            "Parent Relationship": "Outer",
                            "Parallel Aware": false,
                            "Index Name": "kind_id_title",
                            "Startup Cost": 0.0,
                            "Total Cost": 13438.96,
                            "Plan Rows": 753937,
                            "Plan Width": 0,
                            "Actual Startup Time": 50.641,
                            "Actual Total Time": 50.641,
                            "Actual Rows": 753677,
                            "Actual Loops": 1,
                            "Index Cond": "(kind_id < 3)"
                          }
                        ]
                      }
                    ]
                  }
                ]
              }
            ]
          }
        ]
      }
    ]
  },
  "Planning Time": 0.478,
  "Triggers": [],
  "Execution Time": 458.947
}