{
  "Plan": {
    "Node Type": "Aggregate",
    "Strategy": "Plain",
    "Partial Mode": "Finalize",
    "Parallel Aware": false,
    "Startup Cost": 123700.13,
    "Total Cost": 123700.14,
    "Plan Rows": 1,
    "Plan Width": 8,
    "Actual Startup Time": 545.392,
    "Actual Total Time": 559.224,
    "Actual Rows": 1,
    "Actual Loops": 1,
    "Plans": [
      {
        "Node Type": "Gather",
        "Parent Relationship": "Outer",
        "Parallel Aware": false,
        "Startup Cost": 123700.02,
        "Total Cost": 123700.13,
        "Plan Rows": 1,
        "Plan Width": 8,
        "Actual Startup Time": 544.595,
        "Actual Total Time": 559.219,
        "Actual Rows": 2,
        "Actual Loops": 1,
        "Workers Planned": 1,
        "Workers Launched": 1,
        "Single Copy": false,
        "Plans": [
          {
            "Node Type": "Aggregate",
            "Strategy": "Plain",
            "Partial Mode": "Partial",
            "Parent Relationship": "Outer",
            "Parallel Aware": false,
            "Startup Cost": 122700.02,
            "Total Cost": 122700.03,
            "Plan Rows": 1,
            "Plan Width": 8,
            "Actual Startup Time": 539.234,
            "Actual Total Time": 539.237,
            "Actual Rows": 1,
            "Actual Loops": 2,
            "Plans": [
              {
                "Node Type": "Hash Join",
                "Parent Relationship": "Outer",
                "Parallel Aware": true,
                "Join Type": "Inner",
                "Startup Cost": 60737.74,
                "Total Cost": 122229.96,
                "Plan Rows": 188026,
                "Plan Width": 0,
                "Actual Startup Time": 192.247,
                "Actual Total Time": 519.605,
                "Actual Rows": 506809,
                "Actual Loops": 2,
                "Inner Unique": true,
                "Hash Cond": "(mk.movie_id = t.id)",
                "Plans": [
                  {
                    "Node Type": "Seq Scan",
                    "Parent Relationship": "Outer",
                    "Parallel Aware": true,
                    "Relation Name": "movie_keyword",
                    "Alias": "mk",
                    "Startup Cost": 0.0,
                    "Total Cost": 57718.19,
                    "Plan Rows": 1437719,
                    "Plan Width": 4,
                    "Actual Startup Time": 0.012,
                    "Actual Total Time": 179.513,
                    "Actual Rows": 1223389,
                    "Actual Loops": 2,
                    "Filter": "(keyword_id < 5831)",
                    "Rows Removed by Filter": 1038576
                  },
                  {
                    "Node Type": "Hash",
                    "Parent Relationship": "Inner",
                    "Parallel Aware": true,
                    "Startup Cost": 58306.47,
                    "Total Cost": 58306.47,
                    "Plan Rows": 194502,
                    "Plan Width": 4,
                    "Actual Startup Time": 189.758,
                    "Actual Total Time": 189.76,
                    "Actual Rows": 222597,
                    "Actual Loops": 2,
                    "Hash Buckets": 524288,
                    "Original Hash Buckets": 524288,
                    "Hash Batches": 1,
                    "Original Hash Batches": 1,
                    "Peak Memory Usage": 21536,
                    "Plans": [
                      {
                        "Node Type": "Seq Scan",
                        "Parent Relationship": "Outer",
                        "Parallel Aware": true,
                        "Relation Name": "title",
                        "Alias": "t",
                        "Startup Cost": 0.0,
                        "Total Cost": 58306.47,
                        "Plan Rows": 194502,
                        "Plan Width": 4,
                        "Actual Startup Time": 0.036,
                        "Actual Total Time": 141.018,
                        "Actual Rows": 222597,
                        "Actual Loops": 2,
                        "Filter": "((kind_id < 7) AND (production_year < 1996))",
                        "Rows Removed by Filter": 1041559
                      }
                    ]
                  }
                ]
              }
            ]
          }
        ]
      }
    ]
  },
  "Planning Time": 0.28,
  "Triggers": [],
  "Execution Time": 559.261
}