{
  "Plan": {
    "Node Type": "Aggregate",
    "Strategy": "Plain",
    "Partial Mode": "Finalize",
    "Parallel Aware": false,
    "Startup Cost": 109987.64,
    "Total Cost": 109987.65,
    "Plan Rows": 1,
    "Plan Width": 8,
    "Actual Startup Time": 945.223,
    "Actual Total Time": 963.755,
    "Actual Rows": 1,
    "Actual Loops": 1,
    "Plans": [
      {
        "Node Type": "Gather",
        "Parent Relationship": "Outer",
        "Parallel Aware": false,
        "Startup Cost": 109987.53,
        "Total Cost": 109987.64,
        "Plan Rows": 1,
        "Plan Width": 8,
        "Actual Startup Time": 940.355,
        "Actual Total Time": 963.745,
        "Actual Rows": 2,
        "Actual Loops": 1,
        "Workers Planned": 1,
        "Workers Launched": 1,
        "Single Copy": false,
        "Plans": [
          {
            "Node Type": "Aggregate",
            "Strategy": "Plain",
            "Partial Mode": "Partial",
            "Parent Relationship": "Outer",
            "Parallel Aware": false,
            "Startup Cost": 108987.53,
            "Total Cost": 108987.54,
            "Plan Rows": 1,
            "Plan Width": 8,
            "Actual Startup Time": 932.88,
            "Actual Total Time": 932.884,
            "Actual Rows": 1,
            "Actual Loops": 2,
            "Plans": [
              {
                "Node Type": "Hash Join",
                "Parent Relationship": "Outer",
                "Parallel Aware": true,
                "Join Type": "Inner",
                "Startup Cost": 68679.88,
                "Total Cost": 106846.51,
                "Plan Rows": 856406,
                "Plan Width": 0,
                "Actual Startup Time": 446.241,
                "Actual Total Time": 915.373,
                "Actual Rows": 352175,
                "Actual Loops": 2,
                "Inner Unique": true,
                "Hash Cond": "(mc.movie_id = t.id)",
                "Plans": [
                  {
                    "Node Type": "Seq Scan",
                    "Parent Relationship": "Outer",
                    "Parallel Aware": true,
                    "Relation Name": "movie_companies",
                    "Alias": "mc",
                    "Startup Cost": 0.0,
                    "Total Cost": 34137.82,
                    "Plan Rows": 1534782,
                    "Plan Width": 4,
                    "Actual Startup Time": 0.015,
                    "Actual Total Time": 118.151,
                    "Actual Rows": 1304564,
                    "Actual Loops": 2
                  },
                  {
                    "Node Type": "Hash",
                    "Parent Relationship": "Inner",
                    "Parallel Aware": true,
                    "Startup Cost": 58306.47,
                    "Total Cost": 58306.47,
                    "Plan Rows": 829873,
                    "Plan Width": 4,
                    "Actual Startup Time": 431.254,
                    "Actual Total Time": 431.255,
                    "Actual Rows": 739206,
                    "Actual Loops": 2,
                    "Hash Buckets": 2097152,
                    "Original Hash Buckets": 2097152,
                    "Hash Batches": 1,
                    "Original Hash Batches": 1,
                    "Peak Memory Usage": 74240,
                    "Plans": [
                      {
                        "Node Type": "Seq Scan",
                        "Parent Relationship": "Outer",
                        "Parallel Aware": true,
                        "Relation Name": "title",
                        "Alias": "t",
                        "Startup Cost": 0.0,
                        "Total Cost": 58306.47,
                        "Plan Rows": 829873,
                        "Plan Width": 4,
                        "Actual Startup Time": 0.03,
                        "Actual Total Time": 198.337,
                        "Actual Rows": 739206,
                        "Actual Loops": 2,
                        "Filter": "((production_year > 1938) AND (kind_id = 7))",
                        "Rows Removed by Filter": 524950
                      }
                    ]
                  }
                ]
              }
            ]
          }
        ]
      }
    ]
  },
  "Planning Time": 0.5,
  "Triggers": [],
  "Execution Time": 963.83
}