[
  {
    "Plan": {
      "Node Type": "Aggregate",
      "Strategy": "Plain",
      "Partial Mode": "Finalize",
      "Parallel Aware": false,
      "Startup Cost": 33066.89,
      "Total Cost": 33066.9,
      "Plan Rows": 1,
      "Plan Width": 8,
      "Actual Startup Time": 102.289,
      "Actual Total Time": 110.658,
      "Actual Rows": 1,
      "Actual Loops": 1,
      "Plans": [
        {
          "Node Type": "Gather",
          "Parent Relationship": "Outer",
          "Parallel Aware": false,
          "Startup Cost": 33066.57,
          "Total Cost": 33066.88,
          "Plan Rows": 3,
          "Plan Width": 8,
          "Actual Startup Time": 102.167,
          "Actual Total Time": 110.642,
          "Actual Rows": 4,
          "Actual Loops": 1,
          "Workers Planned": 3,
          "Workers Launched": 3,
          "Single Copy": false,
          "Plans": [
            {
              "Node Type": "Aggregate",
              "Strategy": "Plain",
              "Partial Mode": "Partial",
              "Parent Relationship": "Outer",
              "Parallel Aware": false,
              "Startup Cost": 32066.57,
              "Total Cost": 32066.58,
              "Plan Rows": 1,
              "Plan Width": 8,
              "Actual Startup Time": 93.791,
              "Actual Total Time": 93.793,
              "Actual Rows": 1,
              "Actual Loops": 4,
              "Plans": [
                {
                  "Node Type": "Seq Scan",
                  "Parent Relationship": "Outer",
                  "Parallel Aware": true,
                  "Relation Name": "movie_companies",
                  "Alias": "mc",
                  "Startup Cost": 0.0,
                  "Total Cost": 31414.82,
                  "Plan Rows": 260701,
                  "Plan Width": 0,
                  "Actual Startup Time": 49.262,
                  "Actual Total Time": 83.417,
                  "Actual Rows": 254915,
                  "Actual Loops": 4,
                  "Filter": "((company_id > 5732) AND (company_type_id = 2))",
                  "Rows Removed by Filter": 397368
                }
              ]
            }
          ]
        }
      ]
    },
    "Planning Time": 0.222,
    "Triggers": [],
    "Execution Time": 110.713
  }
]