{
  "Plan": {
    "Node Type": "Aggregate",
    "Strategy": "Plain",
    "Partial Mode": "Finalize",
    "Parallel Aware": false,
    "Startup Cost": 873950.64,
    "Total Cost": 873950.65,
    "Plan Rows": 1,
    "Plan Width": 8,
    "Actual Startup Time": 12283.826,
    "Actual Total Time": 12396.596,
    "Actual Rows": 1,
    "Actual Loops": 1,
    "Plans": [
      {
        "Node Type": "Gather",
        "Parent Relationship": "Outer",
        "Parallel Aware": false,
        "Startup Cost": 873950.53,
        "Total Cost": 873950.64,
        "Plan Rows": 1,
        "Plan Width": 8,
        "Actual Startup Time": 12259.525,
        "Actual Total Time": 12396.588,
        "Actual Rows": 2,
        "Actual Loops": 1,
        "Workers Planned": 1,
        "Workers Launched": 1,
        "Single Copy": false,
        "Plans": [
          {
            "Node Type": "Aggregate",
            "Strategy": "Plain",
            "Partial Mode": "Partial",
            "Parent Relationship": "Outer",
            "Parallel Aware": false,
            "Startup Cost": 872950.53,
            "Total Cost": 872950.54,
            "Plan Rows": 1,
            "Plan Width": 8,
            "Actual Startup Time": 12230.949,
            "Actual Total Time": 12230.957,
            "Actual Rows": 1,
            "Actual Loops": 2,
            "Plans": [
              {
                "Node Type": "Hash Join",
                "Parent Relationship": "Outer",
                "Parallel Aware": true,
                "Join Type": "Inner",
                "Startup Cost": 709308.12,
                "Total Cost": 848225.97,
                "Plan Rows": 9889825,
                "Plan Width": 0,
                "Actual Startup Time": 8333.527,
                "Actual Total Time": 11025.234,
                "Actual Rows": 29749010,
                "Actual Loops": 2,
                "Inner Unique": false,
                "Hash Cond": "(mk.movie_id = t.id)",
                "Plans": [
                  {
                    "Node Type": "Seq Scan",
                    "Parent Relationship": "Outer",
                    "Parallel Aware": true,
                    "Relation Name": "movie_keyword",
                    "Alias": "mk",
                    "Startup Cost": 0.0,
                    "Total Cost": 57718.19,
                    "Plan Rows": 1841937,
                    "Plan Width": 4,
                    "Actual Startup Time": 0.162,
                    "Actual Total Time": 201.823,
                    "Actual Rows": 1560435,
                    "Actual Loops": 2,
                    "Filter": "(keyword_id > 1906)",
                    "Rows Removed by Filter": 701530
                  },
                  {
                    "Node Type": "Hash",
                    "Parent Relationship": "Inner",
                    "Parallel Aware": true,
                    "Startup Cost": 609491.64,
                    "Total Cost": 609491.64,
                    "Plan Rows": 7985319,
                    "Plan Width": 8,
                    "Actual Startup Time": 8264.024,
                    "Actual Total Time": 8264.029,
                    "Actual Rows": 6796462,
                    "Actual Loops": 2,
                    "Hash Buckets": 16777216,
                    "Original Hash Buckets": 16777216,
                    "Hash Batches": 1,
                    "Original Hash Batches": 1,
                    "Peak Memory Usage": 662848,
                    "Plans": [
                      {
                        "Node Type": "Hash Join",
                        "Parent Relationship": "Outer",
                        "Parallel Aware": true,
                        "Join Type": "Inner",
                        "Startup Cost": 69460.7,
                        "Total Cost": 609491.64,
                        "Plan Rows": 7985319,
                        "Plan Width": 8,
                        "Actual Startup Time": 755.722,
                        "Actual Total Time": 5786.8,
                        "Actual Rows": 6796462,
                        "Actual Loops": 2,
                        "Inner Unique": true,
                        "Hash Cond": "(ci.movie_id = t.id)",
                        "Plans": [
                          {
                            "Node Type": "Seq Scan",
                            "Parent Relationship": "Outer",
                            "Parallel Aware": true,
                            "Relation Name": "cast_info",
                            "Alias": "ci",
                            "Startup Cost": 0.0,
                            "Total Cost": 519069.44,
                            "Plan Rows": 7985319,
                            "Plan Width": 4,
                            "Actual Startup Time": 0.023,
                            "Actual Total Time": 1532.325,
                            "Actual Rows": 6796462,
                            "Actual Loops": 2,
                            "Filter": "(person_id < 1338582)",
                            "Rows Removed by Filter": 11325710
                          },
                          {
                            "Node Type": "Hash",
                            "Parent Relationship": "Inner",
                            "Parallel Aware": true,
                            "Startup Cost": 50870.31,
                            "Total Cost": 50870.31,
                            "Plan Rows": 1487231,
                            "Plan Width": 4,
                            "Actual Startup Time": 739.432,
                            "Actual Total Time": 739.434,
                            "Actual Rows": 1264156,
                            "Actual Loops": 2,
                            "Hash Buckets": 4194304,
                            "Original Hash Buckets": 4194304,
                            "Hash Batches": 1,
                            "Original Hash Batches": 1,
                            "Peak Memory Usage": 131712,
                            "Plans": [
                              {
                                "Node Type": "Seq Scan",
                                "Parent Relationship": "Outer",
                                "Parallel Aware": true,
                                "Relation Name": "title",
                                "Alias": "t",
                                "Startup Cost": 0.0,
                                "Total Cost": 50870.31,
                                "Plan Rows": 1487231,
                                "Plan Width": 4,
                                "Actual Startup Time": 0.021,
                                "Actual Total Time": 227.905,
                                "Actual Rows": 1264156,
                                "Actual Loops": 2
                              }
                            ]
                          }
                        ]
                      }
                    ]
                  }
                ]
              }
            ]
          }
        ]
      }
    ]
  },
  "Planning Time": 0.66,
  "Triggers": [],
  "Execution Time": 12396.661
}