[
  {
    "Bao": {
      "Bao prediction": 1401.101,
      "Bao recommended hint": "SET enable_nestloop TO off; SET enable_hashjoin TO off; "
    }
  },
  {
    "Plan": {
      "Node Type": "Aggregate",
      "Strategy": "Plain",
      "Partial Mode": "Simple",
      "Parallel Aware": false,
      "Startup Cost": 1571325.89,
      "Total Cost": 1571325.9,
      "Plan Rows": 1,
      "Plan Width": 96,
      "Actual Startup Time": 10551.46,
      "Actual Total Time": 10551.624,
      "Actual Rows": 1,
      "Actual Loops": 1,
      "Plans": [
        {
          "Node Type": "Merge Join",
          "Parent Relationship": "Outer",
          "Parallel Aware": false,
          "Join Type": "Inner",
          "Startup Cost": 1387442.47,
          "Total Cost": 1571284.31,
          "Plan Rows": 5544,
          "Plan Width": 48,
          "Actual Startup Time": 8587.485,
          "Actual Total Time": 10462.416,
          "Actual Rows": 785477,
          "Actual Loops": 1,
          "Inner Unique": false,
          "Merge Cond": "(n.id = ci.person_id)",
          "Plans": [
            {
              "Node Type": "Index Scan",
              "Parent Relationship": "Outer",
              "Parallel Aware": false,
              "Scan Direction": "Forward",
              "Index Name": "name_pkey",
              "Relation Name": "name",
              "Alias": "n",
              "Startup Cost": 0.43,
              "Total Cost": 178171.22,
              "Plan Rows": 4167377,
              "Plan Width": 19,
              "Actual Startup Time": 0.017,
              "Actual Total Time": 1313.275,
              "Actual Rows": 4061913,
              "Actual Loops": 1
            },
            {
              "Node Type": "Sort",
              "Parent Relationship": "Inner",
              "Parallel Aware": false,
              "Startup Cost": 1387442.04,
              "Total Cost": 1387455.9,
              "Plan Rows": 5544,
              "Plan Width": 37,
              "Actual Startup Time": 8587.448,
              "Actual Total Time": 8743.581,
              "Actual Rows": 785477,
              "Actual Loops": 1,
              "Sort Key": [
                "ci.person_id"
              ],
              "Sort Method": "quicksort",
              "Sort Space Used": 90473,
              "Sort Space Type": "Memory",
              "Plans": [
                {
                  "Node Type": "Gather",
                  "Parent Relationship": "Outer",
                  "Parallel Aware": false,
                  "Startup Cost": 1236285.42,
                  "Total Cost": 1387097.29,
                  "Plan Rows": 5544,
                  "Plan Width": 37,
                  "Actual Startup Time": 5568.619,
                  "Actual Total Time": 8382.713,
                  "Actual Rows": 785477,
                  "Actual Loops": 1,
                  "Workers Planned": 6,
                  "Workers Launched": 6,
                  "Single Copy": false,
                  "Plans": [
                    {
                      "Node Type": "Merge Join",
                      "Parent Relationship": "Outer",
                      "Parallel Aware": false,
                      "Join Type": "Inner",
                      "Startup Cost": 1235285.42,
                      "Total Cost": 1385542.89,
                      "Plan Rows": 924,
                      "Plan Width": 37,
                      "Actual Startup Time": 5528.162,
                      "Actual Total Time": 8217.131,
                      "Actual Rows": 112211,
                      "Actual Loops": 7,
                      "Inner Unique": true,
                      "Merge Cond": "(mk.movie_id = t.id)",
                      "Plans": [
                        {
                          "Node Type": "Merge Join",
                          "Parent Relationship": "Outer",
                          "Parallel Aware": false,
                          "Join Type": "Inner",
                          "Startup Cost": 1235271.41,
                          "Total Cost": 1265503.81,
                          "Plan Rows": 1681,
                          "Plan Width": 28,
                          "Actual Startup Time": 5524.555,
                          "Actual Total Time": 6636.276,
                          "Actual Rows": 223472,
                          "Actual Loops": 7,
                          "Inner Unique": false,
                          "Merge Cond": "(ci.movie_id = mk.movie_id)",
                          "Plans": [
                            {
                              "Node Type": "Sort",
                              "Parent Relationship": "Outer",
                              "Parallel Aware": false,
                              "Startup Cost": 993761.51,
                              "Total Cost": 1008868.93,
                              "Plan Rows": 6042971,
                              "Plan Width": 8,
                              "Actual Startup Time": 3090.336,
                              "Actual Total Time": 3800.534,
                              "Actual Rows": 5177479,
                              "Actual Loops": 7,
                              "Sort Key": [
                                "ci.movie_id"
                              ],
                              "Sort Method": "quicksort",
                              "Sort Space Used": 467555,
                              "Sort Space Type": "Memory",
                              "Workers": [
                                {
                                  "Worker Number": 0,
                                  "Sort Method": "quicksort",
                                  "Sort Space Used": 434058,
                                  "Sort Space Type": "Memory"
                                },
                                {
                                  "Worker Number": 1,
                                  "Sort Method": "quicksort",
                                  "Sort Space Used": 441565,
                                  "Sort Space Type": "Memory"
                                },
                                {
                                  "Worker Number": 2,
                                  "Sort Method": "quicksort",
                                  "Sort Space Used": 430167,
                                  "Sort Space Type": "Memory"
                                },
                                {
                                  "Worker Number": 3,
                                  "Sort Method": "quicksort",
                                  "Sort Space Used": 426412,
                                  "Sort Space Type": "Memory"
                                },
                                {
                                  "Worker Number": 4,
                                  "Sort Method": "quicksort",
                                  "Sort Space Used": 429326,
                                  "Sort Space Type": "Memory"
                                },
                                {
                                  "Worker Number": 5,
                                  "Sort Method": "quicksort",
                                  "Sort Space Used": 446130,
                                  "Sort Space Type": "Memory"
                                }
                              ],
                              "Plans": [
                                {
                                  "Node Type": "Seq Scan",
                                  "Parent Relationship": "Outer",
                                  "Parallel Aware": true,
                                  "Relation Name": "cast_info",
                                  "Alias": "ci",
                                  "Startup Cost": 0.0,
                                  "Total Cost": 313116.71,
                                  "Plan Rows": 6042971,
                                  "Plan Width": 8,
                                  "Actual Startup Time": 0.065,
                                  "Actual Total Time": 1006.666,
                                  "Actual Rows": 5177763,
                                  "Actual Loops": 7
                                }
                              ]
                            },
                            {
                              "Node Type": "Sort",
                              "Parent Relationship": "Inner",
                              "Parallel Aware": false,
                              "Startup Cost": 241506.68,
                              "Total Cost": 241507.36,
                              "Plan Rows": 270,
                              "Plan Width": 20,
                              "Actual Startup Time": 2433.004,
                              "Actual Total Time": 2443.349,
                              "Actual Rows": 228275,
                              "Actual Loops": 7,
                              "Sort Key": [
                                "mk.movie_id"
                              ],
                              "Sort Method": "quicksort",
                              "Sort Space Used": 3278,
                              "Sort Space Type": "Memory",
                              "Workers": [
                                {
                                  "Worker Number": 0,
                                  "Sort Method": "quicksort",
                                  "Sort Space Used": 3278,
                                  "Sort Space Type": "Memory"
                                },
                                {
                                  "Worker Number": 1,
                                  "Sort Method": "quicksort",
                                  "Sort Space Used": 3278,
                                  "Sort Space Type": "Memory"
                                },
                                {
                                  "Worker Number": 2,
                                  "Sort Method": "quicksort",
                                  "Sort Space Used": 3278,
                                  "Sort Space Type": "Memory"
                                },
                                {
                                  "Worker Number": 3,
                                  "Sort Method": "quicksort",
                                  "Sort Space Used": 3278,
                                  "Sort Space Type": "Memory"
                                },
                                {
                                  "Worker Number": 4,
                                  "Sort Method": "quicksort",
                                  "Sort Space Used": 3278,
                                  "Sort Space Type": "Memory"
                                },
                                {
                                  "Worker Number": 5,
                                  "Sort Method": "quicksort",
                                  "Sort Space Used": 3278,
                                  "Sort Space Type": "Memory"
                                }
                              ],
                              "Plans": [
                                {
                                  "Node Type": "Merge Join",
                                  "Parent Relationship": "Outer",
                                  "Parallel Aware": false,
                                  "Join Type": "Inner",
                                  "Startup Cost": 4474.73,
                                  "Total Cost": 241495.78,
                                  "Plan Rows": 270,
                                  "Plan Width": 20,
                                  "Actual Startup Time": 378.685,
                                  "Actual Total Time": 2423.789,
                                  "Actual Rows": 35548,
                                  "Actual Loops": 7,
                                  "Inner Unique": true,
                                  "Merge Cond": "(mk.keyword_id = k.id)",
                                  "Plans": [
                                    {
                                      "Node Type": "Index Scan",
                                      "Parent Relationship": "Outer",
                                      "Parallel Aware": false,
                                      "Scan Direction": "Forward",
                                      "Index Name": "keyword_id_movie_keyword",
                                      "Relation Name": "movie_keyword",
                                      "Alias": "mk",
                                      "Startup Cost": 0.43,
                                      "Total Cost": 226550.7,
                                      "Plan Rows": 4523930,
                                      "Plan Width": 8,
                                      "Actual Startup Time": 0.082,
                                      "Actual Total Time": 2219.318,
                                      "Actual Rows": 2796931,
                                      "Actual Loops": 7
                                    },
                                    {
                                      "Node Type": "Sort",
                                      "Parent Relationship": "Inner",
                                      "Parallel Aware": false,
                                      "Startup Cost": 3632.52,
                                      "Total Cost": 3632.54,
                                      "Plan Rows": 8,
                                      "Plan Width": 20,
                                      "Actual Startup Time": 22.473,
                                      "Actual Total Time": 22.481,
                                      "Actual Rows": 8,
                                      "Actual Loops": 7,
                                      "Sort Key": [
                                        "k.id"
                                      ],
                                      "Sort Method": "quicksort",
                                      "Sort Space Used": 25,
                                      "Sort Space Type": "Memory",
                                      "Workers": [
                                        {
                                          "Worker Number": 0,
                                          "Sort Method": "quicksort",
                                          "Sort Space Used": 25,
                                          "Sort Space Type": "Memory"
                                        },
                                        {
                                          "Worker Number": 1,
                                          "Sort Method": "quicksort",
                                          "Sort Space Used": 25,
                                          "Sort Space Type": "Memory"
                                        },
                                        {
                                          "Worker Number": 2,
                                          "Sort Method": "quicksort",
                                          "Sort Space Used": 25,
                                          "Sort Space Type": "Memory"
                                        },
                                        {
                                          "Worker Number": 3,
                                          "Sort Method": "quicksort",
                                          "Sort Space Used": 25,
                                          "Sort Space Type": "Memory"
                                        },
                                        {
                                          "Worker Number": 4,
                                          "Sort Method": "quicksort",
                                          "Sort Space Used": 25,
                                          "Sort Space Type": "Memory"
                                        },
                                        {
                                          "Worker Number": 5,
                                          "Sort Method": "quicksort",
                                          "Sort Space Used": 25,
                                          "Sort Space Type": "Memory"
                                        }
                                      ],
                                      "Plans": [
                                        {
                                          "Node Type": "Seq Scan",
                                          "Parent Relationship": "Outer",
                                          "Parallel Aware": false,
                                          "Relation Name": "keyword",
                                          "Alias": "k",
                                          "Startup Cost": 0.0,
                                          "Total Cost": 3632.4,
                                          "Plan Rows": 8,
                                          "Plan Width": 20,
                                          "Actual Startup Time": 0.142,
                                          "Actual Total Time": 22.462,
                                          "Actual Rows": 8,
                                          "Actual Loops": 7,
                                          "Filter": "(keyword = ANY ('{superhero,sequel,second-part,marvel-comics,based-on-comic,tv-special,fight,violence}'::text[]))",
                                          "Rows Removed by Filter": 134162
                                        }
                                      ]
                                    }
                                  ]
                                }
                              ]
                            }
                          ]
                        },
                        {
                          "Node Type": "Index Scan",
                          "Parent Relationship": "Inner",
                          "Parallel Aware": false,
                          "Scan Direction": "Forward",
                          "Index Name": "title_pkey",
                          "Relation Name": "title",
                          "Alias": "t",
                          "Startup Cost": 0.43,
                          "Total Cost": 116680.33,
                          "Plan Rows": 1389987,
                          "Plan Width": 21,
                          "Actual Startup Time": 0.057,
                          "Actual Total Time": 1496.727,
                          "Actual Rows": 1381079,
                          "Actual Loops": 7,
                          "Filter": "(production_year > 2000)",
                          "Rows Removed by Filter": 1144653
                        }
                      ]
                    }
                  ]
                }
              ]
            }
          ]
        }
      ]
    },
    "Planning Time": 424.599,
    "Triggers": [],
    "Execution Time": 10581.802
  }
]