[
  {
    "Plan": {
      "Node Type": "Aggregate",
      "Strategy": "Plain",
      "Partial Mode": "Finalize",
      "Parallel Aware": false,
      "Startup Cost": 104250.0,
      "Total Cost": 104250.01,
      "Plan Rows": 1,
      "Plan Width": 8,
      "Actual Startup Time": 983.478,
      "Actual Total Time": 999.284,
      "Actual Rows": 1,
      "Actual Loops": 1,
      "Plans": [
        {
          "Node Type": "Gather",
          "Parent Relationship": "Outer",
          "Parallel Aware": false,
          "Startup Cost": 104249.78,
          "Total Cost": 104249.99,
          "Plan Rows": 2,
          "Plan Width": 8,
          "Actual Startup Time": 973.857,
          "Actual Total Time": 999.276,
          "Actual Rows": 3,
          "Actual Loops": 1,
          "Workers Planned": 2,
          "Workers Launched": 2,
          "Single Copy": false,
          "Plans": [
            {
              "Node Type": "Aggregate",
              "Strategy": "Plain",
              "Partial Mode": "Partial",
              "Parent Relationship": "Outer",
              "Parallel Aware": false,
              "Startup Cost": 103249.78,
              "Total Cost": 103249.79,
              "Plan Rows": 1,
              "Plan Width": 8,
              "Actual Startup Time": 962.224,
              "Actual Total Time": 962.229,
              "Actual Rows": 1,
              "Actual Loops": 3,
              "Plans": [
                {
                  "Node Type": "Hash Join",
                  "Parent Relationship": "Outer",
                  "Parallel Aware": true,
                  "Join Type": "Inner",
                  "Startup Cost": 86094.55,
                  "Total Cost": 102592.89,
                  "Plan Rows": 262757,
                  "Plan Width": 0,
                  "Actual Startup Time": 779.398,
                  "Actual Total Time": 939.287,
                  "Actual Rows": 552239,
                  "Actual Loops": 3,
                  "Inner Unique": false,
                  "Hash Cond": "(mi_idx.movie_id = t.id)",
                  "Plans": [
                    {
                      "Node Type": "Seq Scan",
                      "Parent Relationship": "Outer",
                      "Parallel Aware": true,
                      "Relation Name": "movie_info_idx",
                      "Alias": "mi_idx",
                      "Startup Cost": 0.0,
                      "Total Cost": 13685.15,
                      "Plan Rows": 575015,
                      "Plan Width": 4,
                      "Actual Startup Time": 0.03,
                      "Actual Total Time": 36.998,
                      "Actual Rows": 460012,
                      "Actual Loops": 3
                    },
                    {
                      "Node Type": "Hash",
                      "Parent Relationship": "Inner",
                      "Parallel Aware": true,
                      "Startup Cost": 82484.18,
                      "Total Cost": 82484.18,
                      "Plan Rows": 288830,
                      "Plan Width": 8,
                      "Actual Startup Time": 769.178,
                      "Actual Total Time": 769.182,
                      "Actual Rows": 421924,
                      "Actual Loops": 3,
                      "Hash Buckets": 2097152,
                      "Original Hash Buckets": 2097152,
                      "Hash Batches": 1,
                      "Original Hash Batches": 1,
                      "Peak Memory Usage": 65984,
                      "Plans": [
                        {
                          "Node Type": "Hash Join",
                          "Parent Relationship": "Outer",
                          "Parallel Aware": true,
                          "Join Type": "Inner",
                          "Startup Cost": 36073.37,
                          "Total Cost": 82484.18,
                          "Plan Rows": 288830,
                          "Plan Width": 8,
                          "Actual Startup Time": 230.632,
                          "Actual Total Time": 635.812,
                          "Actual Rows": 421924,
                          "Actual Loops": 3,
                          "Inner Unique": false,
                          "Hash Cond": "(t.id = mc.movie_id)",
                          "Plans": [
                            {
                              "Node Type": "Seq Scan",
                              "Parent Relationship": "Outer",
                              "Parallel Aware": true,
                              "Relation Name": "title",
                              "Alias": "t",
                              "Startup Cost": 0.0,
                              "Total Cost": 42318.73,
                              "Plan Rows": 632073,
                              "Plan Width": 4,
                              "Actual Startup Time": 0.009,
                              "Actual Total Time": 94.716,
                              "Actual Rows": 842771,
                              "Actual Loops": 3
                            },
                            {
                              "Node Type": "Hash",
                              "Parent Relationship": "Inner",
                              "Parallel Aware": true,
                              "Startup Cost": 31414.82,
                              "Total Cost": 31414.82,
                              "Plan Rows": 372684,
                              "Plan Width": 4,
                              "Actual Startup Time": 225.575,
                              "Actual Total Time": 225.576,
                              "Actual Rows": 421924,
                              "Actual Loops": 3,
                              "Hash Buckets": 2097152,
                              "Original Hash Buckets": 2097152,
                              "Hash Batches": 1,
                              "Original Hash Batches": 1,
                              "Peak Memory Usage": 65952,
                              "Plans": [
                                {
                                  "Node Type": "Seq Scan",
                                  "Parent Relationship": "Outer",
                                  "Parallel Aware": true,
                                  "Relation Name": "movie_companies",
                                  "Alias": "mc",
                                  "Startup Cost": 0.0,
                                  "Total Cost": 31414.82,
                                  "Plan Rows": 372684,
                                  "Plan Width": 4,
                                  "Actual Startup Time": 52.883,
                                  "Actual Total Time": 107.387,
                                  "Actual Rows": 421924,
                                  "Actual Loops": 3,
                                  "Filter": "((company_id > 160) AND (company_type_id > 1))",
                                  "Rows Removed by Filter": 447786
                                }
                              ]
                            }
                          ]
                        }
                      ]
                    }
                  ]
                }
              ]
            }
          ]
        }
      ]
    },
    "Planning Time": 1.409,
    "Triggers": [],
    "Execution Time": 999.37
  }
]