{
  "Plan": {
    "Node Type": "Aggregate",
    "Strategy": "Plain",
    "Partial Mode": "Finalize",
    "Parallel Aware": false,
    "Startup Cost": 94897.07,
    "Total Cost": 94897.08,
    "Plan Rows": 1,
    "Plan Width": 8,
    "Actual Startup Time": 289.471,
    "Actual Total Time": 303.113,
    "Actual Rows": 1,
    "Actual Loops": 1,
    "Plans": [
      {
        "Node Type": "Gather",
        "Parent Relationship": "Outer",
        "Parallel Aware": false,
        "Startup Cost": 94896.95,
        "Total Cost": 94897.06,
        "Plan Rows": 1,
        "Plan Width": 8,
        "Actual Startup Time": 289.062,
        "Actual Total Time": 303.106,
        "Actual Rows": 2,
        "Actual Loops": 1,
        "Workers Planned": 1,
        "Workers Launched": 1,
        "Single Copy": false,
        "Plans": [
          {
            "Node Type": "Aggregate",
            "Strategy": "Plain",
            "Partial Mode": "Partial",
            "Parent Relationship": "Outer",
            "Parallel Aware": false,
            "Startup Cost": 93896.95,
            "Total Cost": 93896.96,
            "Plan Rows": 1,
            "Plan Width": 8,
            "Actual Startup Time": 282.967,
            "Actual Total Time": 282.971,
            "Actual Rows": 1,
            "Actual Loops": 2,
            "Plans": [
              {
                "Node Type": "Hash Join",
                "Parent Relationship": "Outer",
                "Parallel Aware": true,
                "Join Type": "Inner",
                "Startup Cost": 68961.98,
                "Total Cost": 93880.87,
                "Plan Rows": 6434,
                "Plan Width": 0,
                "Actual Startup Time": 195.22,
                "Actual Total Time": 282.429,
                "Actual Rows": 9215,
                "Actual Loops": 2,
                "Inner Unique": true,
                "Hash Cond": "(mc.movie_id = t.id)",
                "Plans": [
                  {
                    "Node Type": "Bitmap Heap Scan",
                    "Parent Relationship": "Outer",
                    "Parallel Aware": true,
                    "Relation Name": "movie_companies",
                    "Alias": "mc",
                    "Startup Cost": 13745.85,
                    "Total Cost": 38164.61,
                    "Plan Rows": 190527,
                    "Plan Width": 4,
                    "Actual Startup Time": 42.543,
                    "Actual Total Time": 92.158,
                    "Actual Rows": 315466,
                    "Actual Loops": 2,
                    "Recheck Cond": "(company_id > 54607)",
                    "Rows Removed by Index Recheck": 0,
                    "Filter": "(company_type_id > 1)",
                    "Rows Removed by Filter": 9889,
                    "Exact Heap Blocks": 7335,
                    "Lossy Heap Blocks": 0,
                    "Plans": [
                      {
                        "Node Type": "Bitmap Index Scan",
                        "Parent Relationship": "Outer",
                        "Parallel Aware": false,
                        "Index Name": "company_id_movie_companies",
                        "Startup Cost": 0.0,
                        "Total Cost": 13664.88,
                        "Plan Rows": 637926,
                        "Plan Width": 0,
                        "Actual Startup Time": 33.011,
                        "Actual Total Time": 33.012,
                        "Actual Rows": 650711,
                        "Actual Loops": 1,
                        "Index Cond": "(company_id > 54607)"
                      }
                    ]
                  },
                  {
                    "Node Type": "Hash",
                    "Parent Relationship": "Inner",
                    "Parallel Aware": true,
                    "Startup Cost": 54588.39,
                    "Total Cost": 54588.39,
                    "Plan Rows": 50219,
                    "Plan Width": 4,
                    "Actual Startup Time": 150.145,
                    "Actual Total Time": 150.146,
                    "Actual Rows": 42296,
                    "Actual Loops": 2,
                    "Hash Buckets": 131072,
                    "Original Hash Buckets": 131072,
                    "Hash Batches": 1,
                    "Original Hash Batches": 1,
                    "Peak Memory Usage": 4384,
                    "Plans": [
                      {
                        "Node Type": "Seq Scan",
                        "Parent Relationship": "Outer",
                        "Parallel Aware": true,
                        "Relation Name": "title",
                        "Alias": "t",
                        "Startup Cost": 0.0,
                        "Total Cost": 54588.39,
                        "Plan Rows": 50219,
                        "Plan Width": 4,
                        "Actual Startup Time": 0.041,
                        "Actual Total Time": 137.497,
                        "Actual Rows": 42296,
                        "Actual Loops": 2,
                        "Filter": "(production_year = 2004)",
                        "Rows Removed by Filter": 1221860
                      }
                    ]
                  }
                ]
              }
            ]
          }
        ]
      }
    ]
  },
  "Planning Time": 0.482,
  "Triggers": [],
  "Execution Time": 303.207
}