[
  {
    "Plan": {
      "Node Type": "Aggregate",
      "Strategy": "Plain",
      "Partial Mode": "Finalize",
      "Parallel Aware": false,
      "Startup Cost": 46979.31,
      "Total Cost": 46979.32,
      "Plan Rows": 1,
      "Plan Width": 8,
      "Actual Startup Time": 93.769,
      "Actual Total Time": 104.364,
      "Actual Rows": 1,
      "Actual Loops": 1,
      "Plans": [
        {
          "Node Type": "Gather",
          "Parent Relationship": "Outer",
          "Parallel Aware": false,
          "Startup Cost": 46978.89,
          "Total Cost": 46979.3,
          "Plan Rows": 4,
          "Plan Width": 8,
          "Actual Startup Time": 93.628,
          "Actual Total Time": 104.354,
          "Actual Rows": 5,
          "Actual Loops": 1,
          "Workers Planned": 4,
          "Workers Launched": 4,
          "Single Copy": false,
          "Plans": [
            {
              "Node Type": "Aggregate",
              "Strategy": "Plain",
              "Partial Mode": "Partial",
              "Parent Relationship": "Outer",
              "Parallel Aware": false,
              "Startup Cost": 45978.89,
              "Total Cost": 45978.9,
              "Plan Rows": 1,
              "Plan Width": 8,
              "Actual Startup Time": 89.708,
              "Actual Total Time": 89.709,
              "Actual Rows": 1,
              "Actual Loops": 5,
              "Plans": [
                {
                  "Node Type": "Seq Scan",
                  "Parent Relationship": "Outer",
                  "Parallel Aware": true,
                  "Relation Name": "title",
                  "Alias": "t",
                  "Startup Cost": 0.0,
                  "Total Cost": 45479.59,
                  "Plan Rows": 199722,
                  "Plan Width": 0,
                  "Actual Startup Time": 0.021,
                  "Actual Total Time": 82.241,
                  "Actual Rows": 141573,
                  "Actual Loops": 5,
                  "Filter": "((kind_id < 7) AND (production_year > 1973))",
                  "Rows Removed by Filter": 364090
                }
              ]
            }
          ]
        }
      ]
    },
    "Planning Time": 0.07,
    "Triggers": [],
    "Execution Time": 104.391
  }
]