[
  {
    "Plan": {
      "Node Type": "Aggregate",
      "Strategy": "Plain",
      "Partial Mode": "Finalize",
      "Parallel Aware": false,
      "Startup Cost": 46980.51,
      "Total Cost": 46980.52,
      "Plan Rows": 1,
      "Plan Width": 8,
      "Actual Startup Time": 105.312,
      "Actual Total Time": 118.462,
      "Actual Rows": 1,
      "Actual Loops": 1,
      "Plans": [
        {
          "Node Type": "Gather",
          "Parent Relationship": "Outer",
          "Parallel Aware": false,
          "Startup Cost": 46980.09,
          "Total Cost": 46980.5,
          "Plan Rows": 4,
          "Plan Width": 8,
          "Actual Startup Time": 105.17,
          "Actual Total Time": 118.453,
          "Actual Rows": 5,
          "Actual Loops": 1,
          "Workers Planned": 4,
          "Workers Launched": 4,
          "Single Copy": false,
          "Plans": [
            {
              "Node Type": "Aggregate",
              "Strategy": "Plain",
              "Partial Mode": "Partial",
              "Parent Relationship": "Outer",
              "Parallel Aware": false,
              "Startup Cost": 45980.09,
              "Total Cost": 45980.1,
              "Plan Rows": 1,
              "Plan Width": 8,
              "Actual Startup Time": 96.309,
              "Actual Total Time": 96.31,
              "Actual Rows": 1,
              "Actual Loops": 5,
              "Plans": [
                {
                  "Node Type": "Seq Scan",
                  "Parent Relationship": "Outer",
                  "Parallel Aware": true,
                  "Relation Name": "title",
                  "Alias": "t",
                  "Startup Cost": 0.0,
                  "Total Cost": 45479.1,
                  "Plan Rows": 200398,
                  "Plan Width": 0,
                  "Actual Startup Time": 0.044,
                  "Actual Total Time": 89.571,
                  "Actual Rows": 141573,
                  "Actual Loops": 5,
                  "Filter": "((kind_id < 7) AND (production_year > 1973))",
                  "Rows Removed by Filter": 364090
                }
              ]
            }
          ]
        }
      ]
    },
    "Planning Time": 0.208,
    "Triggers": [],
    "Execution Time": 118.524
  }
]