[
  {
    "Plan": {
      "Node Type": "Aggregate",
      "Strategy": "Plain",
      "Partial Mode": "Finalize",
      "Parallel Aware": false,
      "Startup Cost": 106771.9,
      "Total Cost": 106771.91,
      "Plan Rows": 1,
      "Plan Width": 8,
      "Actual Startup Time": 470.71,
      "Actual Total Time": 489.032,
      "Actual Rows": 1,
      "Actual Loops": 1,
      "Plans": [
        {
          "Node Type": "Gather",
          "Parent Relationship": "Outer",
          "Parallel Aware": false,
          "Startup Cost": 106771.69,
          "Total Cost": 106771.9,
          "Plan Rows": 2,
          "Plan Width": 8,
          "Actual Startup Time": 469.143,
          "Actual Total Time": 489.025,
          "Actual Rows": 3,
          "Actual Loops": 1,
          "Workers Planned": 2,
          "Workers Launched": 2,
          "Single Copy": false,
          "Plans": [
            {
              "Node Type": "Aggregate",
              "Strategy": "Plain",
              "Partial Mode": "Partial",
              "Parent Relationship": "Outer",
              "Parallel Aware": false,
              "Startup Cost": 105771.69,
              "Total Cost": 105771.7,
              "Plan Rows": 1,
              "Plan Width": 8,
              "Actual Startup Time": 460.478,
              "Actual Total Time": 460.483,
              "Actual Rows": 1,
              "Actual Loops": 3,
              "Plans": [
                {
                  "Node Type": "Hash Join",
                  "Parent Relationship": "Outer",
                  "Parallel Aware": true,
                  "Join Type": "Inner",
                  "Startup Cost": 89730.53,
                  "Total Cost": 105684.5,
                  "Plan Rows": 34876,
                  "Plan Width": 0,
                  "Actual Startup Time": 360.403,
                  "Actual Total Time": 451.492,
                  "Actual Rows": 234404,
                  "Actual Loops": 3,
                  "Inner Unique": false,
                  "Hash Cond": "(mi_idx.movie_id = t.id)",
                  "Plans": [
                    {
                      "Node Type": "Seq Scan",
                      "Parent Relationship": "Outer",
                      "Parallel Aware": true,
                      "Relation Name": "movie_info_idx",
                      "Alias": "mi_idx",
                      "Startup Cost": 0.0,
                      "Total Cost": 13685.15,
                      "Plan Rows": 575015,
                      "Plan Width": 4,
                      "Actual Startup Time": 0.031,
                      "Actual Total Time": 35.304,
                      "Actual Rows": 460012,
                      "Actual Loops": 3
                    },
                    {
                      "Node Type": "Hash",
                      "Parent Relationship": "Inner",
                      "Parallel Aware": true,
                      "Startup Cost": 89112.18,
                      "Total Cost": 89112.18,
                      "Plan Rows": 49468,
                      "Plan Width": 8,
                      "Actual Startup Time": 355.335,
                      "Actual Total Time": 355.339,
                      "Actual Rows": 97919,
                      "Actual Loops": 3,
                      "Hash Buckets": 524288,
                      "Original Hash Buckets": 262144,
                      "Hash Batches": 1,
                      "Original Hash Batches": 1,
                      "Peak Memory Usage": 17664,
                      "Plans": [
                        {
                          "Node Type": "Hash Join",
                          "Parent Relationship": "Outer",
                          "Parallel Aware": true,
                          "Join Type": "Inner",
                          "Startup Cost": 44410.3,
                          "Total Cost": 89112.18,
                          "Plan Rows": 49468,
                          "Plan Width": 8,
                          "Actual Startup Time": 128.043,
                          "Actual Total Time": 328.797,
                          "Actual Rows": 97919,
                          "Actual Loops": 3,
                          "Inner Unique": true,
                          "Hash Cond": "(mk.movie_id = t.id)",
                          "Plans": [
                            {
                              "Node Type": "Seq Scan",
                              "Parent Relationship": "Outer",
                              "Parallel Aware": true,
                              "Relation Name": "movie_keyword",
                              "Alias": "mk",
                              "Startup Cost": 0.0,
                              "Total Cost": 42695.65,
                              "Plan Rows": 764277,
                              "Plan Width": 4,
                              "Actual Startup Time": 0.314,
                              "Actual Total Time": 131.954,
                              "Actual Rows": 788025,
                              "Actual Loops": 3,
                              "Filter": "(keyword_id > 4107)",
                              "Rows Removed by Filter": 719951
                            },
                            {
                              "Node Type": "Hash",
                              "Parent Relationship": "Inner",
                              "Parallel Aware": true,
                              "Startup Cost": 43898.92,
                              "Total Cost": 43898.92,
                              "Plan Rows": 40911,
                              "Plan Width": 4,
                              "Actual Startup Time": 125.581,
                              "Actual Total Time": 125.582,
                              "Actual Rows": 56316,
                              "Actual Loops": 3,
                              "Hash Buckets": 262144,
                              "Original Hash Buckets": 262144,
                              "Hash Batches": 1,
                              "Original Hash Batches": 1,
                              "Peak Memory Usage": 8704,
                              "Plans": [
                                {
                                  "Node Type": "Seq Scan",
                                  "Parent Relationship": "Outer",
                                  "Parallel Aware": true,
                                  "Relation Name": "title",
                                  "Alias": "t",
                                  "Startup Cost": 0.0,
                                  "Total Cost": 43898.92,
                                  "Plan Rows": 40911,
                                  "Plan Width": 4,
                                  "Actual Startup Time": 0.214,
                                  "Actual Total Time": 108.87,
                                  "Actual Rows": 56316,
                                  "Actual Loops": 3,
                                  "Filter": "(production_year < 1951)",
                                  "Rows Removed by Filter": 786455
                                }
                              ]
                            }
                          ]
                        }
                      ]
                    }
                  ]
                }
              ]
            }
          ]
        }
      ]
    },
    "Planning Time": 1.381,
    "Triggers": [],
    "Execution Time": 489.127
  }
]