{
    "Plan": {
        "Node Type": "Aggregate",
        "Strategy": "Plain",
        "Partial Mode": "Finalize",
        "Parallel Aware": false,
        "Startup Cost": 43756.39,
        "Total Cost": 43756.4,
        "Plan Rows": 1,
        "Plan Width": 8,
        "Actual Startup Time": 96.374,
        "Actual Total Time": 106.22,
        "Actual Rows": 1,
        "Actual Loops": 1,
        "Output": [
            "count(*)"
        ],
        "Plans": [
            {
                "Node Type": "Gather",
                "Parent Relationship": "Outer",
                "Parallel Aware": false,
                "Startup Cost": 43756.08,
                "Total Cost": 43756.39,
                "Plan Rows": 3,
                "Plan Width": 8,
                "Actual Startup Time": 96.261,
                "Actual Total Time": 106.213,
                "Actual Rows": 4,
                "Actual Loops": 1,
                "Output": [
                    "(PARTIAL count(*))"
                ],
                "Workers Planned": 3,
                "Workers Launched": 3,
                "Single Copy": false,
                "Plans": [
                    {
                        "Node Type": "Aggregate",
                        "Strategy": "Plain",
                        "Partial Mode": "Partial",
                        "Parent Relationship": "Outer",
                        "Parallel Aware": false,
                        "Startup Cost": 42756.08,
                        "Total Cost": 42756.09,
                        "Plan Rows": 1,
                        "Plan Width": 8,
                        "Actual Startup Time": 87.085,
                        "Actual Total Time": 87.087,
                        "Actual Rows": 1,
                        "Actual Loops": 4,
                        "Output": [
                            "PARTIAL count(*)"
                        ],
                        "Workers": [
                            {
                                "Worker Number": 0,
                                "Actual Startup Time": 83.932,
                                "Actual Total Time": 83.934,
                                "Actual Rows": 1,
                                "Actual Loops": 1
                            },
                            {
                                "Worker Number": 1,
                                "Actual Startup Time": 84.175,
                                "Actual Total Time": 84.178,
                                "Actual Rows": 1,
                                "Actual Loops": 1
                            },
                            {
                                "Worker Number": 2,
                                "Actual Startup Time": 84.711,
                                "Actual Total Time": 84.712,
                                "Actual Rows": 1,
                                "Actual Loops": 1
                            }
                        ],
                        "Plans": [
                            {
                                "Node Type": "Nested Loop",
                                "Parent Relationship": "Outer",
                                "Parallel Aware": false,
                                "Join Type": "Inner",
                                "Startup Cost": 0.43,
                                "Total Cost": 42755.91,
                                "Plan Rows": 66,
                                "Plan Width": 0,
                                "Actual Startup Time": 29.702,
                                "Actual Total Time": 87.075,
                                "Actual Rows": 7,
                                "Actual Loops": 4,
                                "Inner Unique": true,
                                "Workers": [
                                    {
                                        "Worker Number": 0,
                                        "Actual Startup Time": 24.649,
                                        "Actual Total Time": 83.924,
                                        "Actual Rows": 3,
                                        "Actual Loops": 1
                                    },
                                    {
                                        "Worker Number": 1,
                                        "Actual Startup Time": 23.832,
                                        "Actual Total Time": 84.163,
                                        "Actual Rows": 8,
                                        "Actual Loops": 1
                                    },
                                    {
                                        "Worker Number": 2,
                                        "Actual Startup Time": 34.293,
                                        "Actual Total Time": 84.702,
                                        "Actual Rows": 4,
                                        "Actual Loops": 1
                                    }
                                ],
                                "Plans": [
                                    {
                                        "Node Type": "Seq Scan",
                                        "Parent Relationship": "Outer",
                                        "Parallel Aware": true,
                                        "Relation Name": "movie_companies",
                                        "Schema": "public",
                                        "Alias": "mc",
                                        "Startup Cost": 0.0,
                                        "Total Cost": 31414.82,
                                        "Plan Rows": 1540,
                                        "Plan Width": 4,
                                        "Actual Startup Time": 7.491,
                                        "Actual Total Time": 72.772,
                                        "Actual Rows": 1452,
                                        "Actual Loops": 4,
                                        "Output": [
                                            "mc.id",
                                            "mc.movie_id",
                                            "mc.company_id",
                                            "mc.company_type_id",
                                            "mc.note"
                                        ],
                                        "Filter": "((mc.company_type_id < 2) AND (mc.company_id = 1451))",
                                        "Rows Removed by Filter": 650830,
                                        "Workers": [
                                            {
                                                "Worker Number": 0,
                                                "Actual Startup Time": 1.388,
                                                "Actual Total Time": 68.009,
                                                "Actual Rows": 1085,
                                                "Actual Loops": 1
                                            },
                                            {
                                                "Worker Number": 1,
                                                "Actual Startup Time": 6.981,
                                                "Actual Total Time": 68.146,
                                                "Actual Rows": 1117,
                                                "Actual Loops": 1
                                            },
                                            {
                                                "Worker Number": 2,
                                                "Actual Startup Time": 17.433,
                                                "Actual Total Time": 68.62,
                                                "Actual Rows": 1171,
                                                "Actual Loops": 1
                                            }
                                        ]
                                    },
                                    {
                                        "Node Type": "Index Scan",
                                        "Parent Relationship": "Inner",
                                        "Parallel Aware": false,
                                        "Scan Direction": "Forward",
                                        "Index Name": "title_pkey",
                                        "Relation Name": "title",
                                        "Schema": "public",
                                        "Alias": "t",
                                        "Startup Cost": 0.43,
                                        "Total Cost": 7.36,
                                        "Plan Rows": 1,
                                        "Plan Width": 4,
                                        "Actual Startup Time": 0.009,
                                        "Actual Total Time": 0.009,
                                        "Actual Rows": 0,
                                        "Actual Loops": 5810,
                                        "Output": [
                                            "t.id",
                                            "t.title",
                                            "t.imdb_index",
                                            "t.kind_id",
                                            "t.production_year",
                                            "t.imdb_id",
                                            "t.phonetic_code",
                                            "t.episode_of_id",
                                            "t.season_nr",
                                            "t.episode_nr",
                                            "t.series_years",
                                            "t.md5sum"
                                        ],
                                        "Index Cond": "(t.id = mc.movie_id)",
                                        "Rows Removed by Index Recheck": 0,
                                        "Filter": "(t.production_year = 2006)",
                                        "Rows Removed by Filter": 1,
                                        "Workers": [
                                            {
                                                "Worker Number": 0,
                                                "Actual Startup Time": 0.014,
                                                "Actual Total Time": 0.014,
                                                "Actual Rows": 0,
                                                "Actual Loops": 1085
                                            },
                                            {
                                                "Worker Number": 1,
                                                "Actual Startup Time": 0.014,
                                                "Actual Total Time": 0.014,
                                                "Actual Rows": 0,
                                                "Actual Loops": 1117
                                            },
                                            {
                                                "Worker Number": 2,
                                                "Actual Startup Time": 0.013,
                                                "Actual Total Time": 0.013,
                                                "Actual Rows": 0,
                                                "Actual Loops": 1171
                                            }
                                        ]
                                    }
                                ]
                            }
                        ]
                    }
                ]
            }
        ]
    },
    "Planning Time": 0.744,
    "Triggers": [],
    "Execution Time": 106.294
}