{
  "Plan": {
    "Node Type": "Aggregate",
    "Strategy": "Plain",
    "Partial Mode": "Finalize",
    "Parallel Aware": false,
    "Startup Cost": 74978.58,
    "Total Cost": 74978.59,
    "Plan Rows": 1,
    "Plan Width": 8,
    "Actual Startup Time": 285.605,
    "Actual Total Time": 298.385,
    "Actual Rows": 1,
    "Actual Loops": 1,
    "Plans": [
      {
        "Node Type": "Gather",
        "Parent Relationship": "Outer",
        "Parallel Aware": false,
        "Startup Cost": 74978.47,
        "Total Cost": 74978.58,
        "Plan Rows": 1,
        "Plan Width": 8,
        "Actual Startup Time": 285.188,
        "Actual Total Time": 298.376,
        "Actual Rows": 2,
        "Actual Loops": 1,
        "Workers Planned": 1,
        "Workers Launched": 1,
        "Single Copy": false,
        "Plans": [
          {
            "Node Type": "Aggregate",
            "Strategy": "Plain",
            "Partial Mode": "Partial",
            "Parent Relationship": "Outer",
            "Parallel Aware": false,
            "Startup Cost": 73978.47,
            "Total Cost": 73978.48,
            "Plan Rows": 1,
            "Plan Width": 8,
            "Actual Startup Time": 279.381,
            "Actual Total Time": 279.385,
            "Actual Rows": 1,
            "Actual Loops": 2,
            "Plans": [
              {
                "Node Type": "Hash Join",
                "Parent Relationship": "Outer",
                "Parallel Aware": true,
                "Join Type": "Inner",
                "Startup Cost": 55163.38,
                "Total Cost": 73957.5,
                "Plan Rows": 8387,
                "Plan Width": 0,
                "Actual Startup Time": 217.949,
                "Actual Total Time": 279.19,
                "Actual Rows": 2586,
                "Actual Loops": 2,
                "Inner Unique": true,
                "Hash Cond": "(mi_idx.movie_id = t.id)",
                "Plans": [
                  {
                    "Node Type": "Seq Scan",
                    "Parent Relationship": "Outer",
                    "Parallel Aware": true,
                    "Relation Name": "movie_info_idx",
                    "Alias": "mi_idx",
                    "Startup Cost": 0.0,
                    "Total Cost": 18082.32,
                    "Plan Rows": 271164,
                    "Plan Width": 4,
                    "Actual Startup Time": 0.024,
                    "Actual Total Time": 66.797,
                    "Actual Rows": 230092,
                    "Actual Loops": 2,
                    "Filter": "(info_type_id > 100)",
                    "Rows Removed by Filter": 459925
                  },
                  {
                    "Node Type": "Hash",
                    "Parent Relationship": "Inner",
                    "Parallel Aware": true,
                    "Startup Cost": 54588.39,
                    "Total Cost": 54588.39,
                    "Plan Rows": 45999,
                    "Plan Width": 4,
                    "Actual Startup Time": 174.545,
                    "Actual Total Time": 174.545,
                    "Actual Rows": 40824,
                    "Actual Loops": 2,
                    "Hash Buckets": 131072,
                    "Original Hash Buckets": 131072,
                    "Hash Batches": 1,
                    "Original Hash Batches": 1,
                    "Peak Memory Usage": 4256,
                    "Plans": [
                      {
                        "Node Type": "Seq Scan",
                        "Parent Relationship": "Outer",
                        "Parallel Aware": true,
                        "Relation Name": "title",
                        "Alias": "t",
                        "Startup Cost": 0.0,
                        "Total Cost": 54588.39,
                        "Plan Rows": 45999,
                        "Plan Width": 4,
                        "Actual Startup Time": 82.88,
                        "Actual Total Time": 161.231,
                        "Actual Rows": 40824,
                        "Actual Loops": 2,
                        "Filter": "(production_year < 1919)",
                        "Rows Removed by Filter": 1223332
                      }
                    ]
                  }
                ]
              }
            ]
          }
        ]
      }
    ]
  },
  "Planning Time": 0.435,
  "Triggers": [],
  "Execution Time": 298.467
}