[
  {
    "Plan": {
      "Node Type": "Aggregate",
      "Strategy": "Plain",
      "Partial Mode": "Finalize",
      "Parallel Aware": false,
      "Startup Cost": 339972.57,
      "Total Cost": 339972.58,
      "Plan Rows": 1,
      "Plan Width": 8,
      "Actual Startup Time": 900.288,
      "Actual Total Time": 962.385,
      "Actual Rows": 1,
      "Actual Loops": 1,
      "Plans": [
        {
          "Node Type": "Gather",
          "Parent Relationship": "Outer",
          "Parallel Aware": false,
          "Startup Cost": 339971.95,
          "Total Cost": 339972.56,
          "Plan Rows": 6,
          "Plan Width": 8,
          "Actual Startup Time": 900.186,
          "Actual Total Time": 962.373,
          "Actual Rows": 7,
          "Actual Loops": 1,
          "Workers Planned": 6,
          "Workers Launched": 6,
          "Single Copy": false,
          "Plans": [
            {
              "Node Type": "Aggregate",
              "Strategy": "Plain",
              "Partial Mode": "Partial",
              "Parent Relationship": "Outer",
              "Parallel Aware": false,
              "Startup Cost": 338971.95,
              "Total Cost": 338971.96,
              "Plan Rows": 1,
              "Plan Width": 8,
              "Actual Startup Time": 891.336,
              "Actual Total Time": 891.338,
              "Actual Rows": 1,
              "Actual Loops": 7,
              "Plans": [
                {
                  "Node Type": "Seq Scan",
                  "Parent Relationship": "Outer",
                  "Parallel Aware": true,
                  "Relation Name": "cast_info",
                  "Alias": "ci",
                  "Startup Cost": 0.0,
                  "Total Cost": 328162.03,
                  "Plan Rows": 4323969,
                  "Plan Width": 0,
                  "Actual Startup Time": 0.047,
                  "Actual Total Time": 701.785,
                  "Actual Rows": 3721417,
                  "Actual Loops": 7,
                  "Filter": "(person_id < 2695831)",
                  "Rows Removed by Filter": 1456347
                }
              ]
            }
          ]
        }
      ]
    },
    "Planning Time": 0.194,
    "Triggers": [],
    "Execution Time": 962.457
  }
]