[
  {
    "Plan": {
      "Node Type": "Aggregate",
      "Strategy": "Plain",
      "Partial Mode": "Finalize",
      "Parallel Aware": false,
      "Startup Cost": 44901.69,
      "Total Cost": 44901.7,
      "Plan Rows": 1,
      "Plan Width": 8,
      "Actual Startup Time": 88.466,
      "Actual Total Time": 100.96,
      "Actual Rows": 1,
      "Actual Loops": 1,
      "Plans": [
        {
          "Node Type": "Gather",
          "Parent Relationship": "Outer",
          "Parallel Aware": false,
          "Startup Cost": 44901.27,
          "Total Cost": 44901.68,
          "Plan Rows": 4,
          "Plan Width": 8,
          "Actual Startup Time": 88.126,
          "Actual Total Time": 100.951,
          "Actual Rows": 5,
          "Actual Loops": 1,
          "Workers Planned": 4,
          "Workers Launched": 4,
          "Single Copy": false,
          "Plans": [
            {
              "Node Type": "Aggregate",
              "Strategy": "Plain",
              "Partial Mode": "Partial",
              "Parent Relationship": "Outer",
              "Parallel Aware": false,
              "Startup Cost": 43901.27,
              "Total Cost": 43901.28,
              "Plan Rows": 1,
              "Plan Width": 8,
              "Actual Startup Time": 83.632,
              "Actual Total Time": 83.633,
              "Actual Rows": 1,
              "Actual Loops": 5,
              "Plans": [
                {
                  "Node Type": "Seq Scan",
                  "Parent Relationship": "Outer",
                  "Parallel Aware": true,
                  "Relation Name": "title",
                  "Alias": "t",
                  "Startup Cost": 0.0,
                  "Total Cost": 43899.32,
                  "Plan Rows": 780,
                  "Plan Width": 0,
                  "Actual Startup Time": 25.75,
                  "Actual Total Time": 83.562,
                  "Actual Rows": 560,
                  "Actual Loops": 5,
                  "Filter": "(production_year = 1936)",
                  "Rows Removed by Filter": 505103
                }
              ]
            }
          ]
        }
      ]
    },
    "Planning Time": 0.139,
    "Triggers": [],
    "Execution Time": 101.01
  }
]