[
  {
    "Plan": {
      "Node Type": "Aggregate",
      "Strategy": "Plain",
      "Partial Mode": "Finalize",
      "Parallel Aware": false,
      "Startup Cost": 128190.62,
      "Total Cost": 128190.63,
      "Plan Rows": 1,
      "Plan Width": 8,
      "Actual Startup Time": 553.571,
      "Actual Total Time": 574.934,
      "Actual Rows": 1,
      "Actual Loops": 1,
      "Plans": [
        {
          "Node Type": "Gather",
          "Parent Relationship": "Outer",
          "Parallel Aware": false,
          "Startup Cost": 128190.3,
          "Total Cost": 128190.61,
          "Plan Rows": 3,
          "Plan Width": 8,
          "Actual Startup Time": 546.83,
          "Actual Total Time": 574.924,
          "Actual Rows": 4,
          "Actual Loops": 1,
          "Workers Planned": 3,
          "Workers Launched": 3,
          "Single Copy": false,
          "Plans": [
            {
              "Node Type": "Aggregate",
              "Strategy": "Plain",
              "Partial Mode": "Partial",
              "Parent Relationship": "Outer",
              "Parallel Aware": false,
              "Startup Cost": 127190.3,
              "Total Cost": 127190.31,
              "Plan Rows": 1,
              "Plan Width": 8,
              "Actual Startup Time": 542.668,
              "Actual Total Time": 542.907,
              "Actual Rows": 1,
              "Actual Loops": 4,
              "Plans": [
                {
                  "Node Type": "Hash Join",
                  "Parent Relationship": "Outer",
                  "Parallel Aware": true,
                  "Join Type": "Inner",
                  "Startup Cost": 81858.02,
                  "Total Cost": 126835.56,
                  "Plan Rows": 141895,
                  "Plan Width": 0,
                  "Actual Startup Time": 372.807,
                  "Actual Total Time": 540.981,
                  "Actual Rows": 46550,
                  "Actual Loops": 4,
                  "Inner Unique": false,
                  "Hash Cond": "(mk.movie_id = t.id)",
                  "Plans": [
                    {
                      "Node Type": "Seq Scan",
                      "Parent Relationship": "Outer",
                      "Parallel Aware": true,
                      "Relation Name": "movie_keyword",
                      "Alias": "mk",
                      "Startup Cost": 0.0,
                      "Total Cost": 39047.32,
                      "Plan Rows": 1459332,
                      "Plan Width": 4,
                      "Actual Startup Time": 0.043,
                      "Actual Total Time": 83.553,
                      "Actual Rows": 1130982,
                      "Actual Loops": 4
                    },
                    {
                      "Node Type": "Hash",
                      "Parent Relationship": "Inner",
                      "Parallel Aware": true,
                      "Startup Cost": 80866.7,
                      "Total Cost": 80866.7,
                      "Plan Rows": 79305,
                      "Plan Width": 8,
                      "Actual Startup Time": 370.744,
                      "Actual Total Time": 370.982,
                      "Actual Rows": 27533,
                      "Actual Loops": 4,
                      "Hash Buckets": 262144,
                      "Original Hash Buckets": 262144,
                      "Hash Batches": 1,
                      "Original Hash Batches": 1,
                      "Peak Memory Usage": 6432,
                      "Plans": [
                        {
                          "Node Type": "Hash Join",
                          "Parent Relationship": "Outer",
                          "Parallel Aware": true,
                          "Join Type": "Inner",
                          "Startup Cost": 49137.9,
                          "Total Cost": 80866.7,
                          "Plan Rows": 79305,
                          "Plan Width": 8,
                          "Actual Startup Time": 304.396,
                          "Actual Total Time": 361.385,
                          "Actual Rows": 27533,
                          "Actual Loops": 4,
                          "Inner Unique": true,
                          "Hash Cond": "(mc.movie_id = t.id)",
                          "Plans": [
                            {
                              "Node Type": "Seq Scan",
                              "Parent Relationship": "Outer",
                              "Parallel Aware": true,
                              "Relation Name": "movie_companies",
                              "Alias": "mc",
                              "Startup Cost": 0.0,
                              "Total Cost": 31414.82,
                              "Plan Rows": 119615,
                              "Plan Width": 4,
                              "Actual Startup Time": 31.264,
                              "Actual Total Time": 59.698,
                              "Actual Rows": 52583,
                              "Actual Loops": 4,
                              "Filter": "((company_id < 1413) AND (company_type_id = 2))",
                              "Rows Removed by Filter": 599699
                            },
                            {
                              "Node Type": "Hash",
                              "Parent Relationship": "Inner",
                              "Parallel Aware": true,
                              "Startup Cost": 43899.32,
                              "Total Cost": 43899.32,
                              "Plan Rows": 419086,
                              "Plan Width": 4,
                              "Actual Startup Time": 267.306,
                              "Actual Total Time": 267.307,
                              "Actual Rows": 418524,
                              "Actual Loops": 4,
                              "Hash Buckets": 2097152,
                              "Original Hash Buckets": 2097152,
                              "Hash Batches": 1,
                              "Original Hash Batches": 1,
                              "Peak Memory Usage": 81920,
                              "Plans": [
                                {
                                  "Node Type": "Seq Scan",
                                  "Parent Relationship": "Outer",
                                  "Parallel Aware": true,
                                  "Relation Name": "title",
                                  "Alias": "t",
                                  "Startup Cost": 0.0,
                                  "Total Cost": 43899.32,
                                  "Plan Rows": 419086,
                                  "Plan Width": 4,
                                  "Actual Startup Time": 0.046,
                                  "Actual Total Time": 105.083,
                                  "Actual Rows": 418524,
                                  "Actual Loops": 4,
                                  "Filter": "(kind_id > 3)",
                                  "Rows Removed by Filter": 213554
                                }
                              ]
                            }
                          ]
                        }
                      ]
                    }
                  ]
                }
              ]
            }
          ]
        }
      ]
    },
    "Planning Time": 1.3,
    "Triggers": [],
    "Execution Time": 575.008
  }
]