{
  "Plan": {
    "Node Type": "Aggregate",
    "Strategy": "Plain",
    "Partial Mode": "Finalize",
    "Parallel Aware": false,
    "Startup Cost": 437873.53,
    "Total Cost": 437873.54,
    "Plan Rows": 1,
    "Plan Width": 8,
    "Actual Startup Time": 1379.438,
    "Actual Total Time": 1404.78,
    "Actual Rows": 1,
    "Actual Loops": 1,
    "Plans": [
      {
        "Node Type": "Gather",
        "Parent Relationship": "Outer",
        "Parallel Aware": false,
        "Startup Cost": 437873.42,
        "Total Cost": 437873.53,
        "Plan Rows": 1,
        "Plan Width": 8,
        "Actual Startup Time": 1375.901,
        "Actual Total Time": 1404.768,
        "Actual Rows": 2,
        "Actual Loops": 1,
        "Workers Planned": 1,
        "Workers Launched": 1,
        "Single Copy": false,
        "Plans": [
          {
            "Node Type": "Aggregate",
            "Strategy": "Plain",
            "Partial Mode": "Partial",
            "Parent Relationship": "Outer",
            "Parallel Aware": false,
            "Startup Cost": 436873.42,
            "Total Cost": 436873.43,
            "Plan Rows": 1,
            "Plan Width": 8,
            "Actual Startup Time": 1370.207,
            "Actual Total Time": 1370.212,
            "Actual Rows": 1,
            "Actual Loops": 2,
            "Plans": [
              {
                "Node Type": "Hash Join",
                "Parent Relationship": "Outer",
                "Parallel Aware": true,
                "Join Type": "Inner",
                "Startup Cost": 147063.64,
                "Total Cost": 436101.79,
                "Plan Rows": 308651,
                "Plan Width": 0,
                "Actual Startup Time": 491.002,
                "Actual Total Time": 1336.224,
                "Actual Rows": 609486,
                "Actual Loops": 2,
                "Inner Unique": true,
                "Hash Cond": "(ci.movie_id = t.id)",
                "Plans": [
                  {
                    "Node Type": "Bitmap Heap Scan",
                    "Parent Relationship": "Outer",
                    "Parallel Aware": true,
                    "Relation Name": "cast_info",
                    "Alias": "ci",
                    "Startup Cost": 85185.33,
                    "Total Cost": 372157.33,
                    "Plan Rows": 787107,
                    "Plan Width": 4,
                    "Actual Startup Time": 133.62,
                    "Actual Total Time": 478.73,
                    "Actual Rows": 1447832,
                    "Actual Loops": 2,
                    "Recheck Cond": "(person_id < 384770)",
                    "Rows Removed by Index Recheck": 0,
                    "Filter": "(role_id < 2)",
                    "Rows Removed by Filter": 558389,
                    "Exact Heap Blocks": 24637,
                    "Lossy Heap Blocks": 0,
                    "Plans": [
                      {
                        "Node Type": "Bitmap Index Scan",
                        "Parent Relationship": "Outer",
                        "Parallel Aware": false,
                        "Index Name": "person_id_cast_info",
                        "Startup Cost": 0.0,
                        "Total Cost": 84850.81,
                        "Plan Rows": 3885633,
                        "Plan Width": 0,
                        "Actual Startup Time": 126.876,
                        "Actual Total Time": 126.877,
                        "Actual Rows": 4012442,
                        "Actual Loops": 1,
                        "Index Cond": "(person_id < 384770)"
                      }
                    ]
                  },
                  {
                    "Node Type": "Hash",
                    "Parent Relationship": "Inner",
                    "Parallel Aware": true,
                    "Startup Cost": 54588.39,
                    "Total Cost": 54588.39,
                    "Plan Rows": 583193,
                    "Plan Width": 4,
                    "Actual Startup Time": 347.98,
                    "Actual Total Time": 347.981,
                    "Actual Rows": 492524,
                    "Actual Loops": 2,
                    "Hash Buckets": 1048576,
                    "Original Hash Buckets": 1048576,
                    "Hash Batches": 1,
                    "Original Hash Batches": 1,
                    "Peak Memory Usage": 46784,
                    "Plans": [
                      {
                        "Node Type": "Seq Scan",
                        "Parent Relationship": "Outer",
                        "Parallel Aware": true,
                        "Relation Name": "title",
                        "Alias": "t",
                        "Startup Cost": 0.0,
                        "Total Cost": 54588.39,
                        "Plan Rows": 583193,
                        "Plan Width": 4,
                        "Actual Startup Time": 0.041,
                        "Actual Total Time": 177.379,
                        "Actual Rows": 492524,
                        "Actual Loops": 2,
                        "Filter": "(kind_id < 7)",
                        "Rows Removed by Filter": 771632
                      }
                    ]
                  }
                ]
              }
            ]
          }
        ]
      }
    ]
  },
  "Planning Time": 0.709,
  "Triggers": [],
  "Execution Time": 1404.876
}