[
  {
    "Plan": {
      "Node Type": "Aggregate",
      "Strategy": "Plain",
      "Partial Mode": "Simple",
      "Parallel Aware": false,
      "Startup Cost": 4230.22,
      "Total Cost": 4230.23,
      "Plan Rows": 1,
      "Plan Width": 8,
      "Actual Startup Time": 6.393,
      "Actual Total Time": 6.395,
      "Actual Rows": 1,
      "Actual Loops": 1,
      "Plans": [
        {
          "Node Type": "Nested Loop",
          "Parent Relationship": "Outer",
          "Parallel Aware": false,
          "Join Type": "Inner",
          "Startup Cost": 0.99,
          "Total Cost": 4229.27,
          "Plan Rows": 379,
          "Plan Width": 0,
          "Actual Startup Time": 0.813,
          "Actual Total Time": 6.271,
          "Actual Rows": 751,
          "Actual Loops": 1,
          "Inner Unique": true,
          "Plans": [
            {
              "Node Type": "Index Scan",
              "Parent Relationship": "Outer",
              "Parallel Aware": false,
              "Scan Direction": "Forward",
              "Index Name": "person_id_cast_info",
              "Relation Name": "cast_info",
              "Alias": "ci",
              "Startup Cost": 0.56,
              "Total Cost": 1059.67,
              "Plan Rows": 379,
              "Plan Width": 4,
              "Actual Startup Time": 0.773,
              "Actual Total Time": 1.523,
              "Actual Rows": 751,
              "Actual Loops": 1,
              "Index Cond": "(person_id = 662918)",
              "Rows Removed by Index Recheck": 0,
              "Filter": "(role_id < 6)",
              "Rows Removed by Filter": 1
            },
            {
              "Node Type": "Index Only Scan",
              "Parent Relationship": "Inner",
              "Parallel Aware": false,
              "Scan Direction": "Forward",
              "Index Name": "title_pkey",
              "Relation Name": "title",
              "Alias": "t",
              "Startup Cost": 0.43,
              "Total Cost": 8.36,
              "Plan Rows": 1,
              "Plan Width": 4,
              "Actual Startup Time": 0.006,
              "Actual Total Time": 0.006,
              "Actual Rows": 1,
              "Actual Loops": 751,
              "Index Cond": "(id = ci.movie_id)",
              "Rows Removed by Index Recheck": 0,
              "Heap Fetches": 751
            }
          ]
        }
      ]
    },
    "Planning Time": 0.495,
    "Triggers": [],
    "Execution Time": 6.448
  }
]