[
  {
    "Plan": {
      "Node Type": "Aggregate",
      "Strategy": "Plain",
      "Partial Mode": "Finalize",
      "Parallel Aware": false,
      "Startup Cost": 320848.13,
      "Total Cost": 320848.14,
      "Plan Rows": 1,
      "Plan Width": 8,
      "Actual Startup Time": 3444.191,
      "Actual Total Time": 3489.809,
      "Actual Rows": 1,
      "Actual Loops": 1,
      "Plans": [
        {
          "Node Type": "Gather",
          "Parent Relationship": "Outer",
          "Parallel Aware": false,
          "Startup Cost": 320847.61,
          "Total Cost": 320848.12,
          "Plan Rows": 5,
          "Plan Width": 8,
          "Actual Startup Time": 3417.163,
          "Actual Total Time": 3489.787,
          "Actual Rows": 6,
          "Actual Loops": 1,
          "Workers Planned": 5,
          "Workers Launched": 5,
          "Single Copy": false,
          "Plans": [
            {
              "Node Type": "Aggregate",
              "Strategy": "Plain",
              "Partial Mode": "Partial",
              "Parent Relationship": "Outer",
              "Parallel Aware": false,
              "Startup Cost": 319847.61,
              "Total Cost": 319847.62,
              "Plan Rows": 1,
              "Plan Width": 8,
              "Actual Startup Time": 3395.308,
              "Actual Total Time": 3395.778,
              "Actual Rows": 1,
              "Actual Loops": 6,
              "Plans": [
                {
                  "Node Type": "Hash Join",
                  "Parent Relationship": "Outer",
                  "Parallel Aware": true,
                  "Join Type": "Inner",
                  "Startup Cost": 102946.51,
                  "Total Cost": 313624.46,
                  "Plan Rows": 2489260,
                  "Plan Width": 0,
                  "Actual Startup Time": 514.4,
                  "Actual Total Time": 2636.033,
                  "Actual Rows": 17538357,
                  "Actual Loops": 6,
                  "Inner Unique": false,
                  "Hash Cond": "(mi.movie_id = t.id)",
                  "Plans": [
                    {
                      "Node Type": "Seq Scan",
                      "Parent Relationship": "Outer",
                      "Parallel Aware": true,
                      "Relation Name": "movie_info",
                      "Alias": "mi",
                      "Startup Cost": 0.0,
                      "Total Cost": 191560.33,
                      "Plan Rows": 2956733,
                      "Plan Width": 4,
                      "Actual Startup Time": 0.035,
                      "Actual Total Time": 314.304,
                      "Actual Rows": 2472620,
                      "Actual Loops": 6
                    },
                    {
                      "Node Type": "Hash",
                      "Parent Relationship": "Inner",
                      "Parallel Aware": true,
                      "Startup Cost": 94363.61,
                      "Total Cost": 94363.61,
                      "Plan Rows": 686632,
                      "Plan Width": 8,
                      "Actual Startup Time": 505.561,
                      "Actual Total Time": 506.03,
                      "Actual Rows": 292480,
                      "Actual Loops": 6,
                      "Hash Buckets": 4194304,
                      "Original Hash Buckets": 4194304,
                      "Hash Batches": 1,
                      "Original Hash Batches": 1,
                      "Peak Memory Usage": 101536,
                      "Plans": [
                        {
                          "Node Type": "Hash Join",
                          "Parent Relationship": "Outer",
                          "Parallel Aware": true,
                          "Join Type": "Inner",
                          "Startup Cost": 48704.74,
                          "Total Cost": 94363.61,
                          "Plan Rows": 686632,
                          "Plan Width": 8,
                          "Actual Startup Time": 220.248,
                          "Actual Total Time": 404.654,
                          "Actual Rows": 292480,
                          "Actual Loops": 6,
                          "Inner Unique": true,
                          "Hash Cond": "(mk.movie_id = t.id)",
                          "Plans": [
                            {
                              "Node Type": "Seq Scan",
                              "Parent Relationship": "Outer",
                              "Parallel Aware": true,
                              "Relation Name": "movie_keyword",
                              "Alias": "mk",
                              "Startup Cost": 0.0,
                              "Total Cost": 42695.65,
                              "Plan Rows": 1128843,
                              "Plan Width": 4,
                              "Actual Startup Time": 0.07,
                              "Actual Total Time": 92.481,
                              "Actual Rows": 581935,
                              "Actual Loops": 6,
                              "Filter": "(keyword_id > 1013)",
                              "Rows Removed by Filter": 172054
                            },
                            {
                              "Node Type": "Hash",
                              "Parent Relationship": "Inner",
                              "Parallel Aware": true,
                              "Startup Cost": 43898.92,
                              "Total Cost": 43898.92,
                              "Plan Rows": 384466,
                              "Plan Width": 4,
                              "Actual Startup Time": 217.08,
                              "Actual Total Time": 217.081,
                              "Actual Rows": 255269,
                              "Actual Loops": 6,
                              "Hash Buckets": 2097152,
                              "Original Hash Buckets": 2097152,
                              "Hash Batches": 1,
                              "Original Hash Batches": 1,
                              "Peak Memory Usage": 76416,
                              "Plans": [
                                {
                                  "Node Type": "Seq Scan",
                                  "Parent Relationship": "Outer",
                                  "Parallel Aware": true,
                                  "Relation Name": "title",
                                  "Alias": "t",
                                  "Startup Cost": 0.0,
                                  "Total Cost": 43898.92,
                                  "Plan Rows": 384466,
                                  "Plan Width": 4,
                                  "Actual Startup Time": 0.061,
                                  "Actual Total Time": 92.493,
                                  "Actual Rows": 255269,
                                  "Actual Loops": 6,
                                  "Filter": "(production_year > 1997)",
                                  "Rows Removed by Filter": 166116
                                }
                              ]
                            }
                          ]
                        }
                      ]
                    }
                  ]
                }
              ]
            }
          ]
        }
      ]
    },
    "Planning Time": 1.254,
    "Triggers": [],
    "Execution Time": 3489.894
  }
]