[
  {
    "Plan": {
      "Node Type": "Aggregate",
      "Strategy": "Plain",
      "Partial Mode": "Finalize",
      "Parallel Aware": false,
      "Startup Cost": 33287.65,
      "Total Cost": 33287.66,
      "Plan Rows": 1,
      "Plan Width": 8,
      "Actual Startup Time": 102.419,
      "Actual Total Time": 110.339,
      "Actual Rows": 1,
      "Actual Loops": 1,
      "Plans": [
        {
          "Node Type": "Gather",
          "Parent Relationship": "Outer",
          "Parallel Aware": false,
          "Startup Cost": 33287.33,
          "Total Cost": 33287.64,
          "Plan Rows": 3,
          "Plan Width": 8,
          "Actual Startup Time": 102.307,
          "Actual Total Time": 110.329,
          "Actual Rows": 4,
          "Actual Loops": 1,
          "Workers Planned": 3,
          "Workers Launched": 3,
          "Single Copy": false,
          "Plans": [
            {
              "Node Type": "Aggregate",
              "Strategy": "Plain",
              "Partial Mode": "Partial",
              "Parent Relationship": "Outer",
              "Parallel Aware": false,
              "Startup Cost": 32287.33,
              "Total Cost": 32287.34,
              "Plan Rows": 1,
              "Plan Width": 8,
              "Actual Startup Time": 93.884,
              "Actual Total Time": 93.885,
              "Actual Rows": 1,
              "Actual Loops": 4,
              "Plans": [
                {
                  "Node Type": "Seq Scan",
                  "Parent Relationship": "Outer",
                  "Parallel Aware": true,
                  "Relation Name": "movie_companies",
                  "Alias": "mc",
                  "Startup Cost": 0.0,
                  "Total Cost": 31414.82,
                  "Plan Rows": 349004,
                  "Plan Width": 0,
                  "Actual Startup Time": 0.2,
                  "Actual Total Time": 81.224,
                  "Actual Rows": 240278,
                  "Actual Loops": 4,
                  "Filter": "((company_id > 258) AND (company_type_id = 1))",
                  "Rows Removed by Filter": 412004
                }
              ]
            }
          ]
        }
      ]
    },
    "Planning Time": 0.22,
    "Triggers": [],
    "Execution Time": 110.403
  }
]