[
  {
    "Plan": {
      "Node Type": "Aggregate",
      "Strategy": "Plain",
      "Partial Mode": "Finalize",
      "Parallel Aware": false,
      "Startup Cost": 81768.38,
      "Total Cost": 81768.39,
      "Plan Rows": 1,
      "Plan Width": 8,
      "Actual Startup Time": 396.589,
      "Actual Total Time": 412.682,
      "Actual Rows": 1,
      "Actual Loops": 1,
      "Plans": [
        {
          "Node Type": "Gather",
          "Parent Relationship": "Outer",
          "Parallel Aware": false,
          "Startup Cost": 81767.96,
          "Total Cost": 81768.37,
          "Plan Rows": 4,
          "Plan Width": 8,
          "Actual Startup Time": 394.356,
          "Actual Total Time": 412.675,
          "Actual Rows": 5,
          "Actual Loops": 1,
          "Workers Planned": 4,
          "Workers Launched": 4,
          "Single Copy": false,
          "Plans": [
            {
              "Node Type": "Aggregate",
              "Strategy": "Plain",
              "Partial Mode": "Partial",
              "Parent Relationship": "Outer",
              "Parallel Aware": false,
              "Startup Cost": 80767.96,
              "Total Cost": 80767.97,
              "Plan Rows": 1,
              "Plan Width": 8,
              "Actual Startup Time": 383.82,
              "Actual Total Time": 383.823,
              "Actual Rows": 1,
              "Actual Loops": 5,
              "Plans": [
                {
                  "Node Type": "Hash Join",
                  "Parent Relationship": "Outer",
                  "Parallel Aware": true,
                  "Join Type": "Inner",
                  "Startup Cost": 34273.89,
                  "Total Cost": 80324.8,
                  "Plan Rows": 177263,
                  "Plan Width": 0,
                  "Actual Startup Time": 151.476,
                  "Actual Total Time": 374.796,
                  "Actual Rows": 195738,
                  "Actual Loops": 5,
                  "Inner Unique": false,
                  "Hash Cond": "(t.id = mc.movie_id)",
                  "Plans": [
                    {
                      "Node Type": "Seq Scan",
                      "Parent Relationship": "Outer",
                      "Parallel Aware": true,
                      "Relation Name": "title",
                      "Alias": "t",
                      "Startup Cost": 0.0,
                      "Total Cost": 42318.73,
                      "Plan Rows": 632073,
                      "Plan Width": 4,
                      "Actual Startup Time": 0.013,
                      "Actual Total Time": 67.552,
                      "Actual Rows": 505662,
                      "Actual Loops": 5
                    },
                    {
                      "Node Type": "Hash",
                      "Parent Relationship": "Inner",
                      "Parallel Aware": true,
                      "Startup Cost": 31414.82,
                      "Total Cost": 31414.82,
                      "Plan Rows": 228726,
                      "Plan Width": 4,
                      "Actual Startup Time": 147.004,
                      "Actual Total Time": 147.005,
                      "Actual Rows": 195738,
                      "Actual Loops": 5,
                      "Hash Buckets": 1048576,
                      "Original Hash Buckets": 1048576,
                      "Hash Batches": 1,
                      "Original Hash Batches": 1,
                      "Peak Memory Usage": 46592,
                      "Plans": [
                        {
                          "Node Type": "Seq Scan",
                          "Parent Relationship": "Outer",
                          "Parallel Aware": true,
                          "Relation Name": "movie_companies",
                          "Alias": "mc",
                          "Startup Cost": 0.0,
                          "Total Cost": 31414.82,
                          "Plan Rows": 228726,
                          "Plan Width": 4,
                          "Actual Startup Time": 0.05,
                          "Actual Total Time": 73.16,
                          "Actual Rows": 195738,
                          "Actual Loops": 5,
                          "Filter": "((company_id < 12790) AND (company_type_id < 2))",
                          "Rows Removed by Filter": 326088
                        }
                      ]
                    }
                  ]
                }
              ]
            }
          ]
        }
      ]
    },
    "Planning Time": 0.711,
    "Triggers": [],
    "Execution Time": 412.753
  }
]