{
  "Plan": {
    "Node Type": "Aggregate",
    "Strategy": "Plain",
    "Partial Mode": "Simple",
    "Parallel Aware": false,
    "Startup Cost": 9508.44,
    "Total Cost": 9508.45,
    "Plan Rows": 1,
    "Plan Width": 64,
    "Actual Startup Time": 616.55,
    "Actual Total Time": 616.557,
    "Actual Rows": 1,
    "Actual Loops": 1,
    "Plans": [
      {
        "Node Type": "Nested Loop",
        "Parent Relationship": "Outer",
        "Parallel Aware": false,
        "Join Type": "Inner",
        "Startup Cost": 41.24,
        "Total Cost": 9508.43,
        "Plan Rows": 1,
        "Plan Width": 32,
        "Actual Startup Time": 47.032,
        "Actual Total Time": 616.518,
        "Actual Rows": 16,
        "Actual Loops": 1,
        "Inner Unique": true,
        "Plans": [
          {
            "Node Type": "Nested Loop",
            "Parent Relationship": "Outer",
            "Parallel Aware": false,
            "Join Type": "Inner",
            "Startup Cost": 41.1,
            "Total Cost": 9507.45,
            "Plan Rows": 1,
            "Plan Width": 36,
            "Actual Startup Time": 46.977,
            "Actual Total Time": 616.395,
            "Actual Rows": 16,
            "Actual Loops": 1,
            "Inner Unique": false,
            "Join Filter": "(n.id = an.person_id)",
            "Rows Removed by Join Filter": 0,
            "Plans": [
              {
                "Node Type": "Nested Loop",
                "Parent Relationship": "Outer",
                "Parallel Aware": false,
                "Join Type": "Inner",
                "Startup Cost": 40.67,
                "Total Cost": 9506.96,
                "Plan Rows": 1,
                "Plan Width": 48,
                "Actual Startup Time": 46.873,
                "Actual Total Time": 616.148,
                "Actual Rows": 8,
                "Actual Loops": 1,
                "Inner Unique": false,
                "Join Filter": "(n.id = pi.person_id)",
                "Rows Removed by Join Filter": 0,
                "Plans": [
                  {
                    "Node Type": "Nested Loop",
                    "Parent Relationship": "Outer",
                    "Parallel Aware": false,
                    "Join Type": "Inner",
                    "Startup Cost": 40.24,
                    "Total Cost": 9465.17,
                    "Plan Rows": 44,
                    "Plan Width": 40,
                    "Actual Startup Time": 1.929,
                    "Actual Total Time": 597.411,
                    "Actual Rows": 1076,
                    "Actual Loops": 1,
                    "Inner Unique": true,
                    "Plans": [
                      {
                        "Node Type": "Nested Loop",
                        "Parent Relationship": "Outer",
                        "Parallel Aware": false,
                        "Join Type": "Inner",
                        "Startup Cost": 39.81,
                        "Total Cost": 8597.06,
                        "Plan Rows": 1886,
                        "Plan Width": 21,
                        "Actual Startup Time": 1.067,
                        "Actual Total Time": 266.811,
                        "Actual Rows": 33415,
                        "Actual Loops": 1,
                        "Inner Unique": false,
                        "Plans": [
                          {
                            "Node Type": "Nested Loop",
                            "Parent Relationship": "Outer",
                            "Parallel Aware": false,
                            "Join Type": "Inner",
                            "Startup Cost": 39.25,
                            "Total Cost": 7703.31,
                            "Plan Rows": 50,
                            "Plan Width": 25,
                            "Actual Startup Time": 0.913,
                            "Actual Total Time": 79.355,
                            "Actual Rows": 435,
                            "Actual Loops": 1,
                            "Inner Unique": true,
                            "Plans": [
                              {
                                "Node Type": "Nested Loop",
                                "Parent Relationship": "Outer",
                                "Parallel Aware": false,
                                "Join Type": "Inner",
                                "Startup Cost": 38.82,
                                "Total Cost": 245.23,
                                "Plan Rows": 1666,
                                "Plan Width": 4,
                                "Actual Startup Time": 0.741,
                                "Actual Total Time": 4.17,
                                "Actual Rows": 5186,
                                "Actual Loops": 1,
                                "Inner Unique": false,
                                "Plans": [
                                  {
                                    "Node Type": "Seq Scan",
                                    "Parent Relationship": "Outer",
                                    "Parallel Aware": false,
                                    "Relation Name": "link_type",
                                    "Alias": "lt",
                                    "Startup Cost": 0.0,
                                    "Total Cost": 1.23,
                                    "Plan Rows": 1,
                                    "Plan Width": 4,
                                    "Actual Startup Time": 0.014,
                                    "Actual Total Time": 0.021,
                                    "Actual Rows": 1,
                                    "Actual Loops": 1,
                                    "Filter": "((link)::text = 'features'::text)",
                                    "Rows Removed by Filter": 17
                                  },
                                  {
                                    "Node Type": "Bitmap Heap Scan",
                                    "Parent Relationship": "Inner",
                                    "Parallel Aware": false,
                                    "Relation Name": "movie_link",
                                    "Alias": "ml",
                                    "Startup Cost": 38.82,
                                    "Total Cost": 225.26,
                                    "Plan Rows": 1875,
                                    "Plan Width": 8,
                                    "Actual Startup Time": 0.716,
                                    "Actual Total Time": 3.0,
                                    "Actual Rows": 5186,
                                    "Actual Loops": 1,
                                    "Recheck Cond": "(link_type_id = lt.id)",
                                    "Rows Removed by Index Recheck": 0,
                                    "Exact Heap Blocks": 132,
                                    "Lossy Heap Blocks": 0,
                                    "Plans": [
                                      {
                                        "Node Type": "Bitmap Index Scan",
                                        "Parent Relationship": "Outer",
                                        "Parallel Aware": false,
                                        "Index Name": "link_type_id_movie_link",
                                        "Startup Cost": 0.0,
                                        "Total Cost": 38.35,
                                        "Plan Rows": 1875,
                                        "Plan Width": 0,
                                        "Actual Startup Time": 0.663,
                                        "Actual Total Time": 0.663,
                                        "Actual Rows": 5186,
                                        "Actual Loops": 1,
                                        "Index Cond": "(link_type_id = lt.id)"
                                      }
                                    ]
                                  }
                                ]
                              },
                              {
                                "Node Type": "Index Scan",
                                "Parent Relationship": "Inner",
                                "Parallel Aware": false,
                                "Scan Direction": "Forward",
                                "Index Name": "title_pkey",
                                "Relation Name": "title",
                                "Alias": "t",
                                "Startup Cost": 0.43,
                                "Total Cost": 4.48,
                                "Plan Rows": 1,
                                "Plan Width": 21,
                                "Actual Startup Time": 0.014,
                                "Actual Total Time": 0.014,
                                "Actual Rows": 0,
                                "Actual Loops": 5186,
                                "Index Cond": "(id = ml.linked_movie_id)",
                                "Rows Removed by Index Recheck": 0,
                                "Filter": "((production_year >= 1980) AND (production_year <= 1984))",
                                "Rows Removed by Filter": 1
                              }
                            ]
                          },
                          {
                            "Node Type": "Index Scan",
                            "Parent Relationship": "Inner",
                            "Parallel Aware": false,
                            "Scan Direction": "Forward",
                            "Index Name": "movie_id_cast_info",
                            "Relation Name": "cast_info",
                            "Alias": "ci",
                            "Startup Cost": 0.56,
                            "Total Cost": 17.51,
                            "Plan Rows": 37,
                            "Plan Width": 8,
                            "Actual Startup Time": 0.028,
                            "Actual Total Time": 0.412,
                            "Actual Rows": 77,
                            "Actual Loops": 435,
                            "Index Cond": "(movie_id = t.id)",
                            "Rows Removed by Index Recheck": 0
                          }
                        ]
                      },
                      {
                        "Node Type": "Index Scan",
                        "Parent Relationship": "Inner",
                        "Parallel Aware": false,
                        "Scan Direction": "Forward",
                        "Index Name": "name_pkey",
                        "Relation Name": "name",
                        "Alias": "n",
                        "Startup Cost": 0.43,
                        "Total Cost": 0.46,
                        "Plan Rows": 1,
                        "Plan Width": 19,
                        "Actual Startup Time": 0.009,
                        "Actual Total Time": 0.009,
                        "Actual Rows": 0,
                        "Actual Loops": 33415,
                        "Index Cond": "(id = ci.person_id)",
                        "Rows Removed by Index Recheck": 0,
                        "Filter": "(((name_pcode_cf)::text ~~ 'D%'::text) AND ((gender)::text = 'm'::text))",
                        "Rows Removed by Filter": 1
                      }
                    ]
                  },
                  {
                    "Node Type": "Index Scan",
                    "Parent Relationship": "Inner",
                    "Parallel Aware": false,
                    "Scan Direction": "Forward",
                    "Index Name": "person_id_person_info",
                    "Relation Name": "person_info",
                    "Alias": "pi",
                    "Startup Cost": 0.43,
                    "Total Cost": 0.94,
                    "Plan Rows": 1,
                    "Plan Width": 8,
                    "Actual Startup Time": 0.017,
                    "Actual Total Time": 0.017,
                    "Actual Rows": 0,
                    "Actual Loops": 1076,
                    "Index Cond": "(person_id = ci.person_id)",
                    "Rows Removed by Index Recheck": 0,
                    "Filter": "(note = 'Volker Boehm'::text)",
                    "Rows Removed by Filter": 16
                  }
                ]
              },
              {
                "Node Type": "Index Scan",
                "Parent Relationship": "Inner",
                "Parallel Aware": false,
                "Scan Direction": "Forward",
                "Index Name": "person_id_aka_name",
                "Relation Name": "aka_name",
                "Alias": "an",
                "Startup Cost": 0.42,
                "Total Cost": 0.47,
                "Plan Rows": 2,
                "Plan Width": 4,
                "Actual Startup Time": 0.022,
                "Actual Total Time": 0.028,
                "Actual Rows": 2,
                "Actual Loops": 8,
                "Index Cond": "(person_id = ci.person_id)",
                "Rows Removed by Index Recheck": 0,
                "Filter": "(name ~~ '%a%'::text)",
                "Rows Removed by Filter": 1
              }
            ]
          },
          {
            "Node Type": "Index Scan",
            "Parent Relationship": "Inner",
            "Parallel Aware": false,
            "Scan Direction": "Forward",
            "Index Name": "info_type_pkey",
            "Relation Name": "info_type",
            "Alias": "it",
            "Startup Cost": 0.14,
            "Total Cost": 0.56,
            "Plan Rows": 1,
            "Plan Width": 4,
            "Actual Startup Time": 0.006,
            "Actual Total Time": 0.006,
            "Actual Rows": 1,
            "Actual Loops": 16,
            "Index Cond": "(id = pi.info_type_id)",
            "Rows Removed by Index Recheck": 0,
            "Filter": "((info)::text = 'mini biography'::text)",
            "Rows Removed by Filter": 0
          }
        ]
      }
    ]
  },
  "Planning Time": 20.584,
  "Triggers": [],
  "Execution Time": 617.012
}