[
  {
    "Plan": {
      "Node Type": "Aggregate",
      "Strategy": "Plain",
      "Partial Mode": "Finalize",
      "Parallel Aware": false,
      "Startup Cost": 44363.81,
      "Total Cost": 44363.82,
      "Plan Rows": 1,
      "Plan Width": 8,
      "Actual Startup Time": 123.646,
      "Actual Total Time": 133.75,
      "Actual Rows": 1,
      "Actual Loops": 1,
      "Plans": [
        {
          "Node Type": "Gather",
          "Parent Relationship": "Outer",
          "Parallel Aware": false,
          "Startup Cost": 44363.49,
          "Total Cost": 44363.8,
          "Plan Rows": 3,
          "Plan Width": 8,
          "Actual Startup Time": 123.512,
          "Actual Total Time": 133.741,
          "Actual Rows": 4,
          "Actual Loops": 1,
          "Workers Planned": 3,
          "Workers Launched": 3,
          "Single Copy": false,
          "Plans": [
            {
              "Node Type": "Aggregate",
              "Strategy": "Plain",
              "Partial Mode": "Partial",
              "Parent Relationship": "Outer",
              "Parallel Aware": false,
              "Startup Cost": 43363.49,
              "Total Cost": 43363.5,
              "Plan Rows": 1,
              "Plan Width": 8,
              "Actual Startup Time": 115.995,
              "Actual Total Time": 115.996,
              "Actual Rows": 1,
              "Actual Loops": 4,
              "Plans": [
                {
                  "Node Type": "Seq Scan",
                  "Parent Relationship": "Outer",
                  "Parallel Aware": true,
                  "Relation Name": "movie_keyword",
                  "Alias": "mk",
                  "Startup Cost": 0.0,
                  "Total Cost": 42695.65,
                  "Plan Rows": 267136,
                  "Plan Width": 0,
                  "Actual Startup Time": 5.139,
                  "Actual Total Time": 105.649,
                  "Actual Rows": 203118,
                  "Actual Loops": 4,
                  "Filter": "(keyword_id > 22572)",
                  "Rows Removed by Filter": 927865
                }
              ]
            }
          ]
        }
      ]
    },
    "Planning Time": 0.185,
    "Triggers": [],
    "Execution Time": 133.805
  }
]