[
  {
    "Plan": {
      "Node Type": "Aggregate",
      "Strategy": "Plain",
      "Partial Mode": "Finalize",
      "Parallel Aware": false,
      "Startup Cost": 189312.76,
      "Total Cost": 189312.77,
      "Plan Rows": 1,
      "Plan Width": 8,
      "Actual Startup Time": 2324.283,
      "Actual Total Time": 2415.301,
      "Actual Rows": 1,
      "Actual Loops": 1,
      "Plans": [
        {
          "Node Type": "Gather",
          "Parent Relationship": "Outer",
          "Parallel Aware": false,
          "Startup Cost": 189312.45,
          "Total Cost": 189312.76,
          "Plan Rows": 3,
          "Plan Width": 8,
          "Actual Startup Time": 2315.294,
          "Actual Total Time": 2415.29,
          "Actual Rows": 4,
          "Actual Loops": 1,
          "Workers Planned": 3,
          "Workers Launched": 3,
          "Single Copy": false,
          "Plans": [
            {
              "Node Type": "Aggregate",
              "Strategy": "Plain",
              "Partial Mode": "Partial",
              "Parent Relationship": "Outer",
              "Parallel Aware": false,
              "Startup Cost": 188312.45,
              "Total Cost": 188312.46,
              "Plan Rows": 1,
              "Plan Width": 8,
              "Actual Startup Time": 2307.365,
              "Actual Total Time": 2307.369,
              "Actual Rows": 1,
              "Actual Loops": 4,
              "Plans": [
                {
                  "Node Type": "Nested Loop",
                  "Parent Relationship": "Outer",
                  "Parallel Aware": false,
                  "Join Type": "Inner",
                  "Startup Cost": 54193.76,
                  "Total Cost": 187478.66,
                  "Plan Rows": 333513,
                  "Plan Width": 0,
                  "Actual Startup Time": 360.434,
                  "Actual Total Time": 2271.662,
                  "Actual Rows": 572461,
                  "Actual Loops": 4,
                  "Inner Unique": false,
                  "Plans": [
                    {
                      "Node Type": "Hash Join",
                      "Parent Relationship": "Outer",
                      "Parallel Aware": true,
                      "Join Type": "Inner",
                      "Startup Cost": 54193.19,
                      "Total Cost": 79530.04,
                      "Plan Rows": 47686,
                      "Plan Width": 8,
                      "Actual Startup Time": 360.231,
                      "Actual Total Time": 439.685,
                      "Actual Rows": 43306,
                      "Actual Loops": 4,
                      "Inner Unique": true,
                      "Hash Cond": "(mk.movie_id = t.id)",
                      "Plans": [
                        {
                          "Node Type": "Bitmap Heap Scan",
                          "Parent Relationship": "Outer",
                          "Parallel Aware": true,
                          "Relation Name": "movie_keyword",
                          "Alias": "mk",
                          "Startup Cost": 3838.77,
                          "Total Cost": 29022.4,
                          "Plan Rows": 58370,
                          "Plan Width": 4,
                          "Actual Startup Time": 21.072,
                          "Actual Total Time": 58.301,
                          "Actual Rows": 45606,
                          "Actual Loops": 4,
                          "Recheck Cond": "(keyword_id < 135)",
                          "Rows Removed by Index Recheck": 0,
                          "Exact Heap Blocks": 5776,
                          "Lossy Heap Blocks": 0,
                          "Plans": [
                            {
                              "Node Type": "Bitmap Index Scan",
                              "Parent Relationship": "Outer",
                              "Parallel Aware": false,
                              "Index Name": "keyword_id_movie_keyword",
                              "Startup Cost": 0.0,
                              "Total Cost": 3793.53,
                              "Plan Rows": 180947,
                              "Plan Width": 0,
                              "Actual Startup Time": 15.518,
                              "Actual Total Time": 15.519,
                              "Actual Rows": 182426,
                              "Actual Loops": 1,
                              "Index Cond": "(keyword_id < 135)"
                            }
                          ]
                        },
                        {
                          "Node Type": "Hash",
                          "Parent Relationship": "Inner",
                          "Parallel Aware": true,
                          "Startup Cost": 43899.32,
                          "Total Cost": 43899.32,
                          "Plan Rows": 516408,
                          "Plan Width": 4,
                          "Actual Startup Time": 334.148,
                          "Actual Total Time": 334.149,
                          "Actual Rows": 516138,
                          "Actual Loops": 4,
                          "Hash Buckets": 2097152,
                          "Original Hash Buckets": 2097152,
                          "Hash Batches": 1,
                          "Original Hash Batches": 1,
                          "Peak Memory Usage": 97216,
                          "Plans": [
                            {
                              "Node Type": "Seq Scan",
                              "Parent Relationship": "Outer",
                              "Parallel Aware": true,
                              "Relation Name": "title",
                              "Alias": "t",
                              "Startup Cost": 0.0,
                              "Total Cost": 43899.32,
                              "Plan Rows": 516408,
                              "Plan Width": 4,
                              "Actual Startup Time": 0.044,
                              "Actual Total Time": 128.534,
                              "Actual Rows": 516138,
                              "Actual Loops": 4,
                              "Filter": "(production_year < 2011)",
                              "Rows Removed by Filter": 115940
                            }
                          ]
                        }
                      ]
                    },
                    {
                      "Node Type": "Index Scan",
                      "Parent Relationship": "Inner",
                      "Parallel Aware": false,
                      "Scan Direction": "Forward",
                      "Index Name": "movie_id_cast_info",
                      "Relation Name": "cast_info",
                      "Alias": "ci",
                      "Startup Cost": 0.56,
                      "Total Cost": 2.09,
                      "Plan Rows": 17,
                      "Plan Width": 4,
                      "Actual Startup Time": 0.019,
                      "Actual Total Time": 0.041,
                      "Actual Rows": 13,
                      "Actual Loops": 173222,
                      "Index Cond": "(movie_id = t.id)",
                      "Rows Removed by Index Recheck": 0,
                      "Filter": "((person_id < 2803876) AND (role_id > 1))",
                      "Rows Removed by Filter": 23
                    }
                  ]
                }
              ]
            }
          ]
        }
      ]
    },
    "Planning Time": 0.623,
    "Triggers": [],
    "Execution Time": 2415.389
  }
]