[
  {
    "Plan": {
      "Node Type": "Aggregate",
      "Strategy": "Plain",
      "Partial Mode": "Finalize",
      "Parallel Aware": false,
      "Startup Cost": 183784.64,
      "Total Cost": 183784.65,
      "Plan Rows": 1,
      "Plan Width": 8,
      "Actual Startup Time": 2015.725,
      "Actual Total Time": 2097.659,
      "Actual Rows": 1,
      "Actual Loops": 1,
      "Plans": [
        {
          "Node Type": "Gather",
          "Parent Relationship": "Outer",
          "Parallel Aware": false,
          "Startup Cost": 183784.32,
          "Total Cost": 183784.63,
          "Plan Rows": 3,
          "Plan Width": 8,
          "Actual Startup Time": 2008.287,
          "Actual Total Time": 2097.648,
          "Actual Rows": 4,
          "Actual Loops": 1,
          "Workers Planned": 3,
          "Workers Launched": 3,
          "Single Copy": false,
          "Plans": [
            {
              "Node Type": "Aggregate",
              "Strategy": "Plain",
              "Partial Mode": "Partial",
              "Parent Relationship": "Outer",
              "Parallel Aware": false,
              "Startup Cost": 182784.32,
              "Total Cost": 182784.33,
              "Plan Rows": 1,
              "Plan Width": 8,
              "Actual Startup Time": 1993.72,
              "Actual Total Time": 1993.724,
              "Actual Rows": 1,
              "Actual Loops": 4,
              "Plans": [
                {
                  "Node Type": "Nested Loop",
                  "Parent Relationship": "Outer",
                  "Parallel Aware": false,
                  "Join Type": "Inner",
                  "Startup Cost": 53926.05,
                  "Total Cost": 182000.88,
                  "Plan Rows": 313379,
                  "Plan Width": 0,
                  "Actual Startup Time": 293.102,
                  "Actual Total Time": 1964.078,
                  "Actual Rows": 572461,
                  "Actual Loops": 4,
                  "Inner Unique": false,
                  "Plans": [
                    {
                      "Node Type": "Hash Join",
                      "Parent Relationship": "Outer",
                      "Parallel Aware": true,
                      "Join Type": "Inner",
                      "Startup Cost": 53925.49,
                      "Total Cost": 79200.31,
                      "Plan Rows": 44333,
                      "Plan Width": 8,
                      "Actual Startup Time": 292.989,
                      "Actual Total Time": 363.06,
                      "Actual Rows": 43306,
                      "Actual Loops": 4,
                      "Inner Unique": true,
                      "Hash Cond": "(mk.movie_id = t.id)",
                      "Plans": [
                        {
                          "Node Type": "Bitmap Heap Scan",
                          "Parent Relationship": "Outer",
                          "Parallel Aware": true,
                          "Relation Name": "movie_keyword",
                          "Alias": "mk",
                          "Startup Cost": 3572.25,
                          "Total Cost": 28704.61,
                          "Plan Rows": 54269,
                          "Plan Width": 4,
                          "Actual Startup Time": 14.453,
                          "Actual Total Time": 46.194,
                          "Actual Rows": 45606,
                          "Actual Loops": 4,
                          "Recheck Cond": "(keyword_id < 135)",
                          "Rows Removed by Index Recheck": 0,
                          "Exact Heap Blocks": 6889,
                          "Lossy Heap Blocks": 0,
                          "Plans": [
                            {
                              "Node Type": "Bitmap Index Scan",
                              "Parent Relationship": "Outer",
                              "Parallel Aware": false,
                              "Index Name": "keyword_id_movie_keyword",
                              "Startup Cost": 0.0,
                              "Total Cost": 3530.19,
                              "Plan Rows": 168234,
                              "Plan Width": 0,
                              "Actual Startup Time": 10.981,
                              "Actual Total Time": 10.982,
                              "Actual Rows": 182426,
                              "Actual Loops": 1,
                              "Index Cond": "(keyword_id < 135)"
                            }
                          ]
                        },
                        {
                          "Node Type": "Hash",
                          "Parent Relationship": "Inner",
                          "Parallel Aware": true,
                          "Startup Cost": 43898.92,
                          "Total Cost": 43898.92,
                          "Plan Rows": 516346,
                          "Plan Width": 4,
                          "Actual Startup Time": 270.744,
                          "Actual Total Time": 270.745,
                          "Actual Rows": 516138,
                          "Actual Loops": 4,
                          "Hash Buckets": 2097152,
                          "Original Hash Buckets": 2097152,
                          "Hash Batches": 1,
                          "Original Hash Batches": 1,
                          "Peak Memory Usage": 97216,
                          "Plans": [
                            {
                              "Node Type": "Seq Scan",
                              "Parent Relationship": "Outer",
                              "Parallel Aware": true,
                              "Relation Name": "title",
                              "Alias": "t",
                              "Startup Cost": 0.0,
                              "Total Cost": 43898.92,
                              "Plan Rows": 516346,
                              "Plan Width": 4,
                              "Actual Startup Time": 0.035,
                              "Actual Total Time": 106.389,
                              "Actual Rows": 516138,
                              "Actual Loops": 4,
                              "Filter": "(production_year < 2011)",
                              "Rows Removed by Filter": 115940
                            }
                          ]
                        }
                      ]
                    },
                    {
                      "Node Type": "Index Scan",
                      "Parent Relationship": "Inner",
                      "Parallel Aware": false,
                      "Scan Direction": "Forward",
                      "Index Name": "movie_id_cast_info",
                      "Relation Name": "cast_info",
                      "Alias": "ci",
                      "Startup Cost": 0.56,
                      "Total Cost": 2.14,
                      "Plan Rows": 18,
                      "Plan Width": 4,
                      "Actual Startup Time": 0.017,
                      "Actual Total Time": 0.036,
                      "Actual Rows": 13,
                      "Actual Loops": 173222,
                      "Index Cond": "(movie_id = t.id)",
                      "Rows Removed by Index Recheck": 0,
                      "Filter": "((person_id < 2803876) AND (role_id > 1))",
                      "Rows Removed by Filter": 23
                    }
                  ]
                }
              ]
            }
          ]
        }
      ]
    },
    "Planning Time": 1.358,
    "Triggers": [],
    "Execution Time": 2097.82
  }
]