{
  "Plan": {
    "Node Type": "Aggregate",
    "Strategy": "Plain",
    "Partial Mode": "Finalize",
    "Parallel Aware": false,
    "Startup Cost": 409783.02,
    "Total Cost": 409783.03,
    "Plan Rows": 1,
    "Plan Width": 8,
    "Actual Startup Time": 2318.143,
    "Actual Total Time": 2368.049,
    "Actual Rows": 1,
    "Actual Loops": 1,
    "Plans": [
      {
        "Node Type": "Gather",
        "Parent Relationship": "Outer",
        "Parallel Aware": false,
        "Startup Cost": 409782.91,
        "Total Cost": 409783.02,
        "Plan Rows": 1,
        "Plan Width": 8,
        "Actual Startup Time": 2315.577,
        "Actual Total Time": 2368.039,
        "Actual Rows": 2,
        "Actual Loops": 1,
        "Workers Planned": 1,
        "Workers Launched": 1,
        "Single Copy": false,
        "Plans": [
          {
            "Node Type": "Aggregate",
            "Strategy": "Plain",
            "Partial Mode": "Partial",
            "Parent Relationship": "Outer",
            "Parallel Aware": false,
            "Startup Cost": 408782.91,
            "Total Cost": 408782.92,
            "Plan Rows": 1,
            "Plan Width": 8,
            "Actual Startup Time": 2309.572,
            "Actual Total Time": 2309.748,
            "Actual Rows": 1,
            "Actual Loops": 2,
            "Plans": [
              {
                "Node Type": "Hash Join",
                "Parent Relationship": "Outer",
                "Parallel Aware": true,
                "Join Type": "Inner",
                "Startup Cost": 336203.71,
                "Total Cost": 407326.95,
                "Plan Rows": 582384,
                "Plan Width": 0,
                "Actual Startup Time": 1767.875,
                "Actual Total Time": 2217.136,
                "Actual Rows": 2423109,
                "Actual Loops": 2,
                "Inner Unique": false,
                "Hash Cond": "(mk.movie_id = t.id)",
                "Plans": [
                  {
                    "Node Type": "Seq Scan",
                    "Parent Relationship": "Outer",
                    "Parallel Aware": true,
                    "Relation Name": "movie_keyword",
                    "Alias": "mk",
                    "Startup Cost": 0.0,
                    "Total Cost": 51065.35,
                    "Plan Rows": 2661135,
                    "Plan Width": 4,
                    "Actual Startup Time": 0.016,
                    "Actual Total Time": 151.478,
                    "Actual Rows": 2261965,
                    "Actual Loops": 2
                  },
                  {
                    "Node Type": "Hash",
                    "Parent Relationship": "Inner",
                    "Parallel Aware": true,
                    "Startup Cost": 332135.23,
                    "Total Cost": 332135.23,
                    "Plan Rows": 325478,
                    "Plan Width": 8,
                    "Actual Startup Time": 1689.344,
                    "Actual Total Time": 1689.519,
                    "Actual Rows": 423774,
                    "Actual Loops": 2,
                    "Hash Buckets": 1048576,
                    "Original Hash Buckets": 1048576,
                    "Hash Batches": 1,
                    "Original Hash Batches": 1,
                    "Peak Memory Usage": 41376,
                    "Plans": [
                      {
                        "Node Type": "Hash Join",
                        "Parent Relationship": "Outer",
                        "Parallel Aware": true,
                        "Join Type": "Inner",
                        "Startup Cost": 40024.1,
                        "Total Cost": 332135.23,
                        "Plan Rows": 325478,
                        "Plan Width": 8,
                        "Actual Startup Time": 88.341,
                        "Actual Total Time": 1576.922,
                        "Actual Rows": 423774,
                        "Actual Loops": 2,
                        "Inner Unique": true,
                        "Hash Cond": "(mi.movie_id = t.id)",
                        "Plans": [
                          {
                            "Node Type": "Seq Scan",
                            "Parent Relationship": "Outer",
                            "Parallel Aware": true,
                            "Relation Name": "movie_info",
                            "Alias": "mi",
                            "Startup Cost": 0.0,
                            "Total Cost": 270696.42,
                            "Plan Rows": 8157974,
                            "Plan Width": 4,
                            "Actual Startup Time": 0.011,
                            "Actual Total Time": 776.576,
                            "Actual Rows": 6981748,
                            "Actual Loops": 2,
                            "Filter": "(info_type_id < 98)",
                            "Rows Removed by Filter": 436112
                          },
                          {
                            "Node Type": "Hash",
                            "Parent Relationship": "Inner",
                            "Parallel Aware": true,
                            "Startup Cost": 39282.4,
                            "Total Cost": 39282.4,
                            "Plan Rows": 59336,
                            "Plan Width": 4,
                            "Actual Startup Time": 65.365,
                            "Actual Total Time": 65.367,
                            "Actual Rows": 58954,
                            "Actual Loops": 2,
                            "Hash Buckets": 131072,
                            "Original Hash Buckets": 131072,
                            "Hash Batches": 1,
                            "Original Hash Batches": 1,
                            "Peak Memory Usage": 5664,
                            "Plans": [
                              {
                                "Node Type": "Bitmap Heap Scan",
                                "Parent Relationship": "Outer",
                                "Parallel Aware": true,
                                "Relation Name": "title",
                                "Alias": "t",
                                "Startup Cost": 2206.16,
                                "Total Cost": 39282.4,
                                "Plan Rows": 59336,
                                "Plan Width": 4,
                                "Actual Startup Time": 13.616,
                                "Actual Total Time": 51.462,
                                "Actual Rows": 58954,
                                "Actual Loops": 2,
                                "Recheck Cond": "(kind_id = 4)",
                                "Rows Removed by Index Recheck": 0,
                                "Filter": "(production_year > 1970)",
                                "Rows Removed by Filter": 163,
                                "Exact Heap Blocks": 10191,
                                "Lossy Heap Blocks": 0,
                                "Plans": [
                                  {
                                    "Node Type": "Bitmap Index Scan",
                                    "Parent Relationship": "Outer",
                                    "Parallel Aware": false,
                                    "Index Name": "kind_id_title",
                                    "Startup Cost": 0.0,
                                    "Total Cost": 2180.94,
                                    "Plan Rows": 122201,
                                    "Plan Width": 0,
                                    "Actual Startup Time": 10.729,
                                    "Actual Total Time": 10.73,
                                    "Actual Rows": 118234,
                                    "Actual Loops": 1,
                                    "Index Cond": "(kind_id = 4)"
                                  }
                                ]
                              }
                            ]
                          }
                        ]
                      }
                    ]
                  }
                ]
              }
            ]
          }
        ]
      }
    ]
  },
  "Planning Time": 1.064,
  "Triggers": [],
  "Execution Time": 2368.165
}