[
  {
    "Plan": {
      "Node Type": "Aggregate",
      "Strategy": "Plain",
      "Partial Mode": "Simple",
      "Parallel Aware": false,
      "Startup Cost": 11255.9,
      "Total Cost": 11255.91,
      "Plan Rows": 1,
      "Plan Width": 96,
      "Actual Startup Time": 3770.496,
      "Actual Total Time": 3770.505,
      "Actual Rows": 1,
      "Actual Loops": 1,
      "Plans": [
        {
          "Node Type": "Nested Loop",
          "Parent Relationship": "Outer",
          "Parallel Aware": false,
          "Join Type": "Inner",
          "Startup Cost": 7.68,
          "Total Cost": 11255.89,
          "Plan Rows": 1,
          "Plan Width": 38,
          "Actual Startup Time": 13.039,
          "Actual Total Time": 3767.57,
          "Actual Rows": 8420,
          "Actual Loops": 1,
          "Inner Unique": true,
          "Plans": [
            {
              "Node Type": "Nested Loop",
              "Parent Relationship": "Outer",
              "Parallel Aware": false,
              "Join Type": "Inner",
              "Startup Cost": 7.25,
              "Total Cost": 11255.44,
              "Plan Rows": 1,
              "Plan Width": 42,
              "Actual Startup Time": 12.955,
              "Actual Total Time": 3701.097,
              "Actual Rows": 8420,
              "Actual Loops": 1,
              "Inner Unique": true,
              "Plans": [
                {
                  "Node Type": "Nested Loop",
                  "Parent Relationship": "Outer",
                  "Parallel Aware": false,
                  "Join Type": "Inner",
                  "Startup Cost": 6.83,
                  "Total Cost": 11232.42,
                  "Plan Rows": 51,
                  "Plan Width": 46,
                  "Actual Startup Time": 9.489,
                  "Actual Total Time": 2022.745,
                  "Actual Rows": 840096,
                  "Actual Loops": 1,
                  "Inner Unique": false,
                  "Join Filter": "(t.id = mk.movie_id)",
                  "Rows Removed by Join Filter": 0,
                  "Plans": [
                    {
                      "Node Type": "Nested Loop",
                      "Parent Relationship": "Outer",
                      "Parallel Aware": false,
                      "Join Type": "Inner",
                      "Startup Cost": 6.4,
                      "Total Cost": 11210.61,
                      "Plan Rows": 12,
                      "Plan Width": 58,
                      "Actual Startup Time": 9.386,
                      "Actual Total Time": 1729.219,
                      "Actual Rows": 7149,
                      "Actual Loops": 1,
                      "Inner Unique": true,
                      "Plans": [
                        {
                          "Node Type": "Nested Loop",
                          "Parent Relationship": "Outer",
                          "Parallel Aware": false,
                          "Join Type": "Inner",
                          "Startup Cost": 5.97,
                          "Total Cost": 11103.03,
                          "Plan Rows": 235,
                          "Plan Width": 46,
                          "Actual Startup Time": 0.684,
                          "Actual Total Time": 1160.418,
                          "Actual Rows": 268290,
                          "Actual Loops": 1,
                          "Inner Unique": false,
                          "Join Filter": "(t.id = ci.movie_id)",
                          "Rows Removed by Join Filter": 0,
                          "Plans": [
                            {
                              "Node Type": "Nested Loop",
                              "Parent Relationship": "Outer",
                              "Parallel Aware": false,
                              "Join Type": "Inner",
                              "Startup Cost": 5.41,
                              "Total Cost": 11059.44,
                              "Plan Rows": 16,
                              "Plan Width": 34,
                              "Actual Startup Time": 0.602,
                              "Actual Total Time": 513.903,
                              "Actual Rows": 2711,
                              "Actual Loops": 1,
                              "Inner Unique": false,
                              "Join Filter": "(t.kind_id = kt.id)",
                              "Rows Removed by Join Filter": 7254,
                              "Plans": [
                                {
                                  "Node Type": "Seq Scan",
                                  "Parent Relationship": "Outer",
                                  "Parallel Aware": false,
                                  "Relation Name": "kind_type",
                                  "Alias": "kt",
                                  "Startup Cost": 0.0,
                                  "Total Cost": 1.09,
                                  "Plan Rows": 1,
                                  "Plan Width": 4,
                                  "Actual Startup Time": 0.013,
                                  "Actual Total Time": 0.017,
                                  "Actual Rows": 1,
                                  "Actual Loops": 1,
                                  "Filter": "((kind)::text = 'movie'::text)",
                                  "Rows Removed by Filter": 6
                                },
                                {
                                  "Node Type": "Nested Loop",
                                  "Parent Relationship": "Inner",
                                  "Parallel Aware": false,
                                  "Join Type": "Inner",
                                  "Startup Cost": 5.41,
                                  "Total Cost": 11056.99,
                                  "Plan Rows": 109,
                                  "Plan Width": 38,
                                  "Actual Startup Time": 0.586,
                                  "Actual Total Time": 512.31,
                                  "Actual Rows": 9965,
                                  "Actual Loops": 1,
                                  "Inner Unique": true,
                                  "Join Filter": "(cc.movie_id = t.id)",
                                  "Rows Removed by Join Filter": 0,
                                  "Plans": [
                                    {
                                      "Node Type": "Hash Join",
                                      "Parent Relationship": "Outer",
                                      "Parallel Aware": false,
                                      "Join Type": "Inner",
                                      "Startup Cost": 4.98,
                                      "Total Cost": 10920.02,
                                      "Plan Rows": 231,
                                      "Plan Width": 13,
                                      "Actual Startup Time": 0.31,
                                      "Actual Total Time": 308.254,
                                      "Actual Rows": 61559,
                                      "Actual Loops": 1,
                                      "Inner Unique": true,
                                      "Hash Cond": "(mi_idx.info_type_id = it2.id)",
                                      "Plans": [
                                        {
                                          "Node Type": "Nested Loop",
                                          "Parent Relationship": "Outer",
                                          "Parallel Aware": false,
                                          "Join Type": "Inner",
                                          "Startup Cost": 2.55,
                                          "Total Cost": 10846.61,
                                          "Plan Rows": 26064,
                                          "Plan Width": 17,
                                          "Actual Startup Time": 0.22,
                                          "Actual Total Time": 282.728,
                                          "Actual Rows": 184902,
                                          "Actual Loops": 1,
                                          "Inner Unique": false,
                                          "Plans": [
                                            {
                                              "Node Type": "Hash Join",
                                              "Parent Relationship": "Outer",
                                              "Parallel Aware": false,
                                              "Join Type": "Inner",
                                              "Startup Cost": 2.12,
                                              "Total Cost": 2996.88,
                                              "Plan Rows": 8443,
                                              "Plan Width": 4,
                                              "Actual Startup Time": 0.099,
                                              "Actual Total Time": 52.031,
                                              "Actual Rows": 85941,
                                              "Actual Loops": 1,
                                              "Inner Unique": true,
                                              "Hash Cond": "(cc.status_id = cct2.id)",
                                              "Plans": [
                                                {
                                                  "Node Type": "Hash Join",
                                                  "Parent Relationship": "Outer",
                                                  "Parallel Aware": false,
                                                  "Join Type": "Inner",
                                                  "Startup Cost": 1.06,
                                                  "Total Cost": 2813.24,
                                                  "Plan Rows": 33772,
                                                  "Plan Width": 8,
                                                  "Actual Startup Time": 0.057,
                                                  "Actual Total Time": 35.72,
                                                  "Actual Rows": 85941,
                                                  "Actual Loops": 1,
                                                  "Inner Unique": true,
                                                  "Hash Cond": "(cc.subject_id = cct1.id)",
                                                  "Plans": [
                                                    {
                                                      "Node Type": "Seq Scan",
                                                      "Parent Relationship": "Outer",
                                                      "Parallel Aware": false,
                                                      "Relation Name": "complete_cast",
                                                      "Alias": "cc",
                                                      "Startup Cost": 0.0,
                                                      "Total Cost": 2081.86,
                                                      "Plan Rows": 135086,
                                                      "Plan Width": 12,
                                                      "Actual Startup Time": 0.023,
                                                      "Actual Total Time": 12.406,
                                                      "Actual Rows": 135086,
                                                      "Actual Loops": 1
                                                    },
                                                    {
                                                      "Node Type": "Hash",
                                                      "Parent Relationship": "Inner",
                                                      "Parallel Aware": false,
                                                      "Startup Cost": 1.05,
                                                      "Total Cost": 1.05,
                                                      "Plan Rows": 1,
                                                      "Plan Width": 4,
                                                      "Actual Startup Time": 0.011,
                                                      "Actual Total Time": 0.012,
                                                      "Actual Rows": 1,
                                                      "Actual Loops": 1,
                                                      "Hash Buckets": 1024,
                                                      "Original Hash Buckets": 1024,
                                                      "Hash Batches": 1,
                                                      "Original Hash Batches": 1,
                                                      "Peak Memory Usage": 9,
                                                      "Plans": [
                                                        {
                                                          "Node Type": "Seq Scan",
                                                          "Parent Relationship": "Outer",
                                                          "Parallel Aware": false,
                                                          "Relation Name": "comp_cast_type",
                                                          "Alias": "cct1",
                                                          "Startup Cost": 0.0,
                                                          "Total Cost": 1.05,
                                                          "Plan Rows": 1,
                                                          "Plan Width": 4,
                                                          "Actual Startup Time": 0.004,
                                                          "Actual Total Time": 0.006,
                                                          "Actual Rows": 1,
                                                          "Actual Loops": 1,
                                                          "Filter": "((kind)::text = 'cast'::text)",
                                                          "Rows Removed by Filter": 3
                                                        }
                                                      ]
                                                    }
                                                  ]
                                                },
                                                {
                                                  "Node Type": "Hash",
                                                  "Parent Relationship": "Inner",
                                                  "Parallel Aware": false,
                                                  "Startup Cost": 1.05,
                                                  "Total Cost": 1.05,
                                                  "Plan Rows": 1,
                                                  "Plan Width": 4,
                                                  "Actual Startup Time": 0.016,
                                                  "Actual Total Time": 0.016,
                                                  "Actual Rows": 2,
                                                  "Actual Loops": 1,
                                                  "Hash Buckets": 1024,
                                                  "Original Hash Buckets": 1024,
                                                  "Hash Batches": 1,
                                                  "Original Hash Batches": 1,
                                                  "Peak Memory Usage": 9,
                                                  "Plans": [
                                                    {
                                                      "Node Type": "Seq Scan",
                                                      "Parent Relationship": "Outer",
                                                      "Parallel Aware": false,
                                                      "Relation Name": "comp_cast_type",
                                                      "Alias": "cct2",
                                                      "Startup Cost": 0.0,
                                                      "Total Cost": 1.05,
                                                      "Plan Rows": 1,
                                                      "Plan Width": 4,
                                                      "Actual Startup Time": 0.009,
                                                      "Actual Total Time": 0.01,
                                                      "Actual Rows": 2,
                                                      "Actual Loops": 1,
                                                      "Filter": "((kind)::text ~~ '%complete%'::text)",
                                                      "Rows Removed by Filter": 2
                                                    }
                                                  ]
                                                }
                                              ]
                                            },
                                            {
                                              "Node Type": "Index Scan",
                                              "Parent Relationship": "Inner",
                                              "Parallel Aware": false,
                                              "Scan Direction": "Forward",
                                              "Index Name": "movie_id_movie_info_idx",
                                              "Relation Name": "movie_info_idx",
                                              "Alias": "mi_idx",
                                              "Startup Cost": 0.43,
                                              "Total Cost": 0.9,
                                              "Plan Rows": 3,
                                              "Plan Width": 13,
                                              "Actual Startup Time": 0.002,
                                              "Actual Total Time": 0.002,
                                              "Actual Rows": 2,
                                              "Actual Loops": 85941,
                                              "Index Cond": "(movie_id = cc.movie_id)",
                                              "Rows Removed by Index Recheck": 0
                                            }
                                          ]
                                        },
                                        {
                                          "Node Type": "Hash",
                                          "Parent Relationship": "Inner",
                                          "Parallel Aware": false,
                                          "Startup Cost": 2.41,
                                          "Total Cost": 2.41,
                                          "Plan Rows": 1,
                                          "Plan Width": 4,
                                          "Actual Startup Time": 0.027,
                                          "Actual Total Time": 0.028,
                                          "Actual Rows": 1,
                                          "Actual Loops": 1,
                                          "Hash Buckets": 1024,
                                          "Original Hash Buckets": 1024,
                                          "Hash Batches": 1,
                                          "Original Hash Batches": 1,
                                          "Peak Memory Usage": 9,
                                          "Plans": [
                                            {
                                              "Node Type": "Seq Scan",
                                              "Parent Relationship": "Outer",
                                              "Parallel Aware": false,
                                              "Relation Name": "info_type",
                                              "Alias": "it2",
                                              "Startup Cost": 0.0,
                                              "Total Cost": 2.41,
                                              "Plan Rows": 1,
                                              "Plan Width": 4,
                                              "Actual Startup Time": 0.015,
                                              "Actual Total Time": 0.018,
                                              "Actual Rows": 1,
                                              "Actual Loops": 1,
                                              "Filter": "((info)::text = 'rating'::text)",
                                              "Rows Removed by Filter": 112
                                            }
                                          ]
                                        }
                                      ]
                                    },
                                    {
                                      "Node Type": "Index Scan",
                                      "Parent Relationship": "Inner",
                                      "Parallel Aware": false,
                                      "Scan Direction": "Forward",
                                      "Index Name": "title_pkey",
                                      "Relation Name": "title",
                                      "Alias": "t",
                                      "Startup Cost": 0.43,
                                      "Total Cost": 0.58,
                                      "Plan Rows": 1,
                                      "Plan Width": 25,
                                      "Actual Startup Time": 0.003,
                                      "Actual Total Time": 0.003,
                                      "Actual Rows": 0,
                                      "Actual Loops": 61559,
                                      "Index Cond": "(id = mi_idx.movie_id)",
                                      "Rows Removed by Index Recheck": 0,
                                      "Filter": "(production_year > 2003)",
                                      "Rows Removed by Filter": 1
                                    }
                                  ]
                                }
                              ]
                            },
                            {
                              "Node Type": "Index Scan",
                              "Parent Relationship": "Inner",
                              "Parallel Aware": false,
                              "Scan Direction": "Forward",
                              "Index Name": "movie_id_cast_info",
                              "Relation Name": "cast_info",
                              "Alias": "ci",
                              "Startup Cost": 0.56,
                              "Total Cost": 2.29,
                              "Plan Rows": 35,
                              "Plan Width": 12,
                              "Actual Startup Time": 0.015,
                              "Actual Total Time": 0.219,
                              "Actual Rows": 99,
                              "Actual Loops": 2711,
                              "Index Cond": "(movie_id = mi_idx.movie_id)",
                              "Rows Removed by Index Recheck": 0
                            }
                          ]
                        },
                        {
                          "Node Type": "Index Scan",
                          "Parent Relationship": "Inner",
                          "Parallel Aware": false,
                          "Scan Direction": "Forward",
                          "Index Name": "char_name_pkey",
                          "Relation Name": "char_name",
                          "Alias": "chn",
                          "Startup Cost": 0.43,
                          "Total Cost": 0.46,
                          "Plan Rows": 1,
                          "Plan Width": 20,
                          "Actual Startup Time": 0.002,
                          "Actual Total Time": 0.002,
                          "Actual Rows": 0,
                          "Actual Loops": 268290,
                          "Index Cond": "(id = ci.person_role_id)",
                          "Rows Removed by Index Recheck": 0,
                          "Filter": "((name IS NOT NULL) AND ((name ~~ '%man%'::text) OR (name ~~ '%Man%'::text)))",
                          "Rows Removed by Filter": 0
                        }
                      ]
                    },
                    {
                      "Node Type": "Index Scan",
                      "Parent Relationship": "Inner",
                      "Parallel Aware": false,
                      "Scan Direction": "Forward",
                      "Index Name": "movie_id_movie_keyword",
                      "Relation Name": "movie_keyword",
                      "Alias": "mk",
                      "Startup Cost": 0.43,
                      "Total Cost": 1.24,
                      "Plan Rows": 46,
                      "Plan Width": 8,
                      "Actual Startup Time": 0.006,
                      "Actual Total Time": 0.024,
                      "Actual Rows": 118,
                      "Actual Loops": 7149,
                      "Index Cond": "(movie_id = ci.movie_id)",
                      "Rows Removed by Index Recheck": 0
                    }
                  ]
                },
                {
                  "Node Type": "Index Scan",
                  "Parent Relationship": "Inner",
                  "Parallel Aware": false,
                  "Scan Direction": "Forward",
                  "Index Name": "keyword_pkey",
                  "Relation Name": "keyword",
                  "Alias": "k",
                  "Startup Cost": 0.42,
                  "Total Cost": 0.45,
                  "Plan Rows": 1,
                  "Plan Width": 4,
                  "Actual Startup Time": 0.002,
                  "Actual Total Time": 0.002,
                  "Actual Rows": 0,
                  "Actual Loops": 840096,
                  "Index Cond": "(id = mk.keyword_id)",
                  "Rows Removed by Index Recheck": 0,
                  "Filter": "(keyword = ANY ('{fight,marvel-comics,tv-special,violence,murder,revenge,magnet,second-part,hospital,violence}'::text[]))",
                  "Rows Removed by Filter": 1
                }
              ]
            },
            {
              "Node Type": "Index Only Scan",
              "Parent Relationship": "Inner",
              "Parallel Aware": false,
              "Scan Direction": "Forward",
              "Index Name": "name_pkey",
              "Relation Name": "name",
              "Alias": "n",
              "Startup Cost": 0.43,
              "Total Cost": 0.46,
              "Plan Rows": 1,
              "Plan Width": 4,
              "Actual Startup Time": 0.007,
              "Actual Total Time": 0.007,
              "Actual Rows": 1,
              "Actual Loops": 8420,
              "Index Cond": "(id = ci.person_id)",
              "Rows Removed by Index Recheck": 0,
              "Heap Fetches": 8420
            }
          ]
        }
      ]
    },
    "Planning Time": 102.307,
    "Triggers": [],
    "Execution Time": 3770.948
  }
]