{
  "Plan": {
    "Node Type": "Aggregate",
    "Strategy": "Plain",
    "Partial Mode": "Finalize",
    "Parallel Aware": false,
    "Startup Cost": 110165.78,
    "Total Cost": 110165.79,
    "Plan Rows": 1,
    "Plan Width": 8,
    "Actual Startup Time": 723.855,
    "Actual Total Time": 739.94,
    "Actual Rows": 1,
    "Actual Loops": 1,
    "Plans": [
      {
        "Node Type": "Gather",
        "Parent Relationship": "Outer",
        "Parallel Aware": false,
        "Startup Cost": 110165.67,
        "Total Cost": 110165.78,
        "Plan Rows": 1,
        "Plan Width": 8,
        "Actual Startup Time": 722.018,
        "Actual Total Time": 739.933,
        "Actual Rows": 2,
        "Actual Loops": 1,
        "Workers Planned": 1,
        "Workers Launched": 1,
        "Single Copy": false,
        "Plans": [
          {
            "Node Type": "Aggregate",
            "Strategy": "Plain",
            "Partial Mode": "Partial",
            "Parent Relationship": "Outer",
            "Parallel Aware": false,
            "Startup Cost": 109165.67,
            "Total Cost": 109165.68,
            "Plan Rows": 1,
            "Plan Width": 8,
            "Actual Startup Time": 716.189,
            "Actual Total Time": 716.193,
            "Actual Rows": 1,
            "Actual Loops": 2,
            "Plans": [
              {
                "Node Type": "Hash Join",
                "Parent Relationship": "Outer",
                "Parallel Aware": true,
                "Join Type": "Inner",
                "Startup Cost": 46114.66,
                "Total Cost": 108305.08,
                "Plan Rows": 344235,
                "Plan Width": 0,
                "Actual Startup Time": 235.118,
                "Actual Total Time": 698.859,
                "Actual Rows": 434240,
                "Actual Loops": 2,
                "Inner Unique": false,
                "Hash Cond": "(t.id = mc.movie_id)",
                "Plans": [
                  {
                    "Node Type": "Seq Scan",
                    "Parent Relationship": "Outer",
                    "Parallel Aware": true,
                    "Relation Name": "title",
                    "Alias": "t",
                    "Startup Cost": 0.0,
                    "Total Cost": 50870.31,
                    "Plan Rows": 1487231,
                    "Plan Width": 4,
                    "Actual Startup Time": 0.009,
                    "Actual Total Time": 119.035,
                    "Actual Rows": 1264156,
                    "Actual Loops": 2
                  },
                  {
                    "Node Type": "Hash",
                    "Parent Relationship": "Inner",
                    "Parallel Aware": true,
                    "Startup Cost": 41811.73,
                    "Total Cost": 41811.73,
                    "Plan Rows": 344235,
                    "Plan Width": 4,
                    "Actual Startup Time": 225.914,
                    "Actual Total Time": 225.915,
                    "Actual Rows": 434240,
                    "Actual Loops": 2,
                    "Hash Buckets": 1048576,
                    "Original Hash Buckets": 1048576,
                    "Hash Batches": 1,
                    "Original Hash Batches": 1,
                    "Peak Memory Usage": 42176,
                    "Plans": [
                      {
                        "Node Type": "Seq Scan",
                        "Parent Relationship": "Outer",
                        "Parallel Aware": true,
                        "Relation Name": "movie_companies",
                        "Alias": "mc",
                        "Startup Cost": 0.0,
                        "Total Cost": 41811.73,
                        "Plan Rows": 344235,
                        "Plan Width": 4,
                        "Actual Startup Time": 67.61,
                        "Actual Total Time": 137.729,
                        "Actual Rows": 434240,
                        "Actual Loops": 2,
                        "Filter": "((company_id > 13063) AND (company_type_id > 1))",
                        "Rows Removed by Filter": 870324
                      }
                    ]
                  }
                ]
              }
            ]
          }
        ]
      }
    ]
  },
  "Planning Time": 0.719,
  "Triggers": [],
  "Execution Time": 740.007
}