{
    "Plan": {
        "Node Type": "Aggregate",
        "Strategy": "Plain",
        "Partial Mode": "Finalize",
        "Parallel Aware": false,
        "Startup Cost": 416322.32,
        "Total Cost": 416322.33,
        "Plan Rows": 1,
        "Plan Width": 8,
        "Actual Startup Time": 3155.631,
        "Actual Total Time": 3270.455,
        "Actual Rows": 1,
        "Actual Loops": 1,
        "Output": [
            "count(*)"
        ],
        "Plans": [
            {
                "Node Type": "Gather",
                "Parent Relationship": "Outer",
                "Parallel Aware": false,
                "Startup Cost": 416321.8,
                "Total Cost": 416322.31,
                "Plan Rows": 5,
                "Plan Width": 8,
                "Actual Startup Time": 3152.756,
                "Actual Total Time": 3270.442,
                "Actual Rows": 6,
                "Actual Loops": 1,
                "Output": [
                    "(PARTIAL count(*))"
                ],
                "Workers Planned": 5,
                "Workers Launched": 5,
                "Single Copy": false,
                "Plans": [
                    {
                        "Node Type": "Aggregate",
                        "Strategy": "Plain",
                        "Partial Mode": "Partial",
                        "Parent Relationship": "Outer",
                        "Parallel Aware": false,
                        "Startup Cost": 415321.8,
                        "Total Cost": 415321.81,
                        "Plan Rows": 1,
                        "Plan Width": 8,
                        "Actual Startup Time": 3141.463,
                        "Actual Total Time": 3141.468,
                        "Actual Rows": 1,
                        "Actual Loops": 6,
                        "Output": [
                            "PARTIAL count(*)"
                        ],
                        "Workers": [
                            {
                                "Worker Number": 0,
                                "Actual Startup Time": 3139.054,
                                "Actual Total Time": 3139.058,
                                "Actual Rows": 1,
                                "Actual Loops": 1
                            },
                            {
                                "Worker Number": 1,
                                "Actual Startup Time": 3139.149,
                                "Actual Total Time": 3139.153,
                                "Actual Rows": 1,
                                "Actual Loops": 1
                            },
                            {
                                "Worker Number": 2,
                                "Actual Startup Time": 3139.149,
                                "Actual Total Time": 3139.154,
                                "Actual Rows": 1,
                                "Actual Loops": 1
                            },
                            {
                                "Worker Number": 3,
                                "Actual Startup Time": 3139.7,
                                "Actual Total Time": 3139.704,
                                "Actual Rows": 1,
                                "Actual Loops": 1
                            },
                            {
                                "Worker Number": 4,
                                "Actual Startup Time": 3139.901,
                                "Actual Total Time": 3139.904,
                                "Actual Rows": 1,
                                "Actual Loops": 1
                            }
                        ],
                        "Plans": [
                            {
                                "Node Type": "Nested Loop",
                                "Parent Relationship": "Outer",
                                "Parallel Aware": false,
                                "Join Type": "Inner",
                                "Startup Cost": 47322.35,
                                "Total Cost": 414812.21,
                                "Plan Rows": 203837,
                                "Plan Width": 0,
                                "Actual Startup Time": 188.938,
                                "Actual Total Time": 3097.454,
                                "Actual Rows": 929055,
                                "Actual Loops": 6,
                                "Inner Unique": false,
                                "Join Filter": "(t.id = ci.movie_id)",
                                "Rows Removed by Join Filter": 0,
                                "Workers": [
                                    {
                                        "Worker Number": 0,
                                        "Actual Startup Time": 186.704,
                                        "Actual Total Time": 3094.603,
                                        "Actual Rows": 940436,
                                        "Actual Loops": 1
                                    },
                                    {
                                        "Worker Number": 1,
                                        "Actual Startup Time": 186.74,
                                        "Actual Total Time": 3098.218,
                                        "Actual Rows": 849911,
                                        "Actual Loops": 1
                                    },
                                    {
                                        "Worker Number": 2,
                                        "Actual Startup Time": 186.984,
                                        "Actual Total Time": 3096.011,
                                        "Actual Rows": 894405,
                                        "Actual Loops": 1
                                    },
                                    {
                                        "Worker Number": 3,
                                        "Actual Startup Time": 186.649,
                                        "Actual Total Time": 3096.836,
                                        "Actual Rows": 892048,
                                        "Actual Loops": 1
                                    },
                                    {
                                        "Worker Number": 4,
                                        "Actual Startup Time": 187.379,
                                        "Actual Total Time": 3096.015,
                                        "Actual Rows": 941939,
                                        "Actual Loops": 1
                                    }
                                ],
                                "Plans": [
                                    {
                                        "Node Type": "Hash Join",
                                        "Parent Relationship": "Outer",
                                        "Parallel Aware": true,
                                        "Join Type": "Inner",
                                        "Startup Cost": 47321.78,
                                        "Total Cost": 246964.25,
                                        "Plan Rows": 67673,
                                        "Plan Width": 8,
                                        "Actual Startup Time": 188.68,
                                        "Actual Total Time": 485.87,
                                        "Actual Rows": 160671,
                                        "Actual Loops": 6,
                                        "Output": [
                                            "t.id",
                                            "mi.movie_id"
                                        ],
                                        "Inner Unique": true,
                                        "Hash Cond": "(mi.movie_id = t.id)",
                                        "Workers": [
                                            {
                                                "Worker Number": 0,
                                                "Actual Startup Time": 186.358,
                                                "Actual Total Time": 483.218,
                                                "Actual Rows": 161076,
                                                "Actual Loops": 1
                                            },
                                            {
                                                "Worker Number": 1,
                                                "Actual Startup Time": 186.444,
                                                "Actual Total Time": 484.058,
                                                "Actual Rows": 149354,
                                                "Actual Loops": 1
                                            },
                                            {
                                                "Worker Number": 2,
                                                "Actual Startup Time": 186.468,
                                                "Actual Total Time": 482.404,
                                                "Actual Rows": 149829,
                                                "Actual Loops": 1
                                            },
                                            {
                                                "Worker Number": 3,
                                                "Actual Startup Time": 186.474,
                                                "Actual Total Time": 483.106,
                                                "Actual Rows": 153904,
                                                "Actual Loops": 1
                                            },
                                            {
                                                "Worker Number": 4,
                                                "Actual Startup Time": 187.211,
                                                "Actual Total Time": 484.648,
                                                "Actual Rows": 166411,
                                                "Actual Loops": 1
                                            }
                                        ],
                                        "Plans": [
                                            {
                                                "Node Type": "Seq Scan",
                                                "Parent Relationship": "Outer",
                                                "Parallel Aware": true,
                                                "Relation Name": "movie_info",
                                                "Schema": "public",
                                                "Alias": "mi",
                                                "Startup Cost": 0.0,
                                                "Total Cost": 198880.74,
                                                "Plan Rows": 290184,
                                                "Plan Width": 4,
                                                "Actual Startup Time": 45.405,
                                                "Actual Total Time": 290.124,
                                                "Actual Rows": 233650,
                                                "Actual Loops": 6,
                                                "Output": [
                                                    "mi.id",
                                                    "mi.movie_id",
                                                    "mi.info_type_id",
                                                    "mi.info",
                                                    "mi.note"
                                                ],
                                                "Filter": "(mi.info_type_id = 7)",
                                                "Rows Removed by Filter": 2238970,
                                                "Workers": [
                                                    {
                                                        "Worker Number": 0,
                                                        "Actual Startup Time": 45.328,
                                                        "Actual Total Time": 290.731,
                                                        "Actual Rows": 234069,
                                                        "Actual Loops": 1
                                                    },
                                                    {
                                                        "Worker Number": 1,
                                                        "Actual Startup Time": 45.454,
                                                        "Actual Total Time": 290.968,
                                                        "Actual Rows": 218433,
                                                        "Actual Loops": 1
                                                    },
                                                    {
                                                        "Worker Number": 2,
                                                        "Actual Startup Time": 45.332,
                                                        "Actual Total Time": 290.167,
                                                        "Actual Rows": 219000,
                                                        "Actual Loops": 1
                                                    },
                                                    {
                                                        "Worker Number": 3,
                                                        "Actual Startup Time": 45.435,
                                                        "Actual Total Time": 289.64,
                                                        "Actual Rows": 223882,
                                                        "Actual Loops": 1
                                                    },
                                                    {
                                                        "Worker Number": 4,
                                                        "Actual Startup Time": 45.444,
                                                        "Actual Total Time": 291.321,
                                                        "Actual Rows": 240037,
                                                        "Actual Loops": 1
                                                    }
                                                ]
                                            },
                                            {
                                                "Node Type": "Hash",
                                                "Parent Relationship": "Inner",
                                                "Parallel Aware": true,
                                                "Startup Cost": 45479.21,
                                                "Total Cost": 45479.21,
                                                "Plan Rows": 147406,
                                                "Plan Width": 4,
                                                "Actual Startup Time": 123.079,
                                                "Actual Total Time": 123.08,
                                                "Actual Rows": 99122,
                                                "Actual Loops": 6,
                                                "Output": [
                                                    "t.id"
                                                ],
                                                "Hash Buckets": 1048576,
                                                "Original Hash Buckets": 1048576,
                                                "Hash Batches": 1,
                                                "Original Hash Batches": 1,
                                                "Peak Memory Usage": 31584,
                                                "Workers": [
                                                    {
                                                        "Worker Number": 0,
                                                        "Actual Startup Time": 123.875,
                                                        "Actual Total Time": 123.877,
                                                        "Actual Rows": 97052,
                                                        "Actual Loops": 1
                                                    },
                                                    {
                                                        "Worker Number": 1,
                                                        "Actual Startup Time": 123.909,
                                                        "Actual Total Time": 123.91,
                                                        "Actual Rows": 94497,
                                                        "Actual Loops": 1
                                                    },
                                                    {
                                                        "Worker Number": 2,
                                                        "Actual Startup Time": 123.947,
                                                        "Actual Total Time": 123.949,
                                                        "Actual Rows": 95303,
                                                        "Actual Loops": 1
                                                    },
                                                    {
                                                        "Worker Number": 3,
                                                        "Actual Startup Time": 123.988,
                                                        "Actual Total Time": 123.99,
                                                        "Actual Rows": 95095,
                                                        "Actual Loops": 1
                                                    },
                                                    {
                                                        "Worker Number": 4,
                                                        "Actual Startup Time": 124.722,
                                                        "Actual Total Time": 124.723,
                                                        "Actual Rows": 98175,
                                                        "Actual Loops": 1
                                                    }
                                                ],
                                                "Plans": [
                                                    {
                                                        "Node Type": "Seq Scan",
                                                        "Parent Relationship": "Outer",
                                                        "Parallel Aware": true,
                                                        "Relation Name": "title",
                                                        "Schema": "public",
                                                        "Alias": "t",
                                                        "Startup Cost": 0.0,
                                                        "Total Cost": 45479.21,
                                                        "Plan Rows": 147406,
                                                        "Plan Width": 4,
                                                        "Actual Startup Time": 51.818,
                                                        "Actual Total Time": 82.363,
                                                        "Actual Rows": 99122,
                                                        "Actual Loops": 6,
                                                        "Output": [
                                                            "t.id"
                                                        ],
                                                        "Filter": "((t.production_year < 2012) AND (t.kind_id = 1))",
                                                        "Rows Removed by Filter": 322264,
                                                        "Workers": [
                                                            {
                                                                "Worker Number": 0,
                                                                "Actual Startup Time": 51.982,
                                                                "Actual Total Time": 82.626,
                                                                "Actual Rows": 97052,
                                                                "Actual Loops": 1
                                                            },
                                                            {
                                                                "Worker Number": 1,
                                                                "Actual Startup Time": 51.692,
                                                                "Actual Total Time": 82.908,
                                                                "Actual Rows": 94497,
                                                                "Actual Loops": 1
                                                            },
                                                            {
                                                                "Worker Number": 2,
                                                                "Actual Startup Time": 51.654,
                                                                "Actual Total Time": 83.092,
                                                                "Actual Rows": 95303,
                                                                "Actual Loops": 1
                                                            },
                                                            {
                                                                "Worker Number": 3,
                                                                "Actual Startup Time": 51.685,
                                                                "Actual Total Time": 82.737,
                                                                "Actual Rows": 95095,
                                                                "Actual Loops": 1
                                                            },
                                                            {
                                                                "Worker Number": 4,
                                                                "Actual Startup Time": 51.823,
                                                                "Actual Total Time": 83.097,
                                                                "Actual Rows": 98175,
                                                                "Actual Loops": 1
                                                            }
                                                        ]
                                                    }
                                                ]
                                            }
                                        ]
                                    },
                                    {
                                        "Node Type": "Index Scan",
                                        "Parent Relationship": "Inner",
                                        "Parallel Aware": false,
                                        "Scan Direction": "Forward",
                                        "Index Name": "movie_id_cast_info",
                                        "Relation Name": "cast_info",
                                        "Schema": "public",
                                        "Alias": "ci",
                                        "Startup Cost": 0.56,
                                        "Total Cost": 2.38,
                                        "Plan Rows": 8,
                                        "Plan Width": 4,
                                        "Actual Startup Time": 0.013,
                                        "Actual Total Time": 0.016,
                                        "Actual Rows": 6,
                                        "Actual Loops": 964027,
                                        "Output": [
                                            "ci.id",
                                            "ci.person_id",
                                            "ci.movie_id",
                                            "ci.person_role_id",
                                            "ci.note",
                                            "ci.nr_order",
                                            "ci.role_id"
                                        ],
                                        "Index Cond": "(ci.movie_id = mi.movie_id)",
                                        "Rows Removed by Index Recheck": 0,
                                        "Filter": "(ci.role_id > 6)",
                                        "Rows Removed by Filter": 17,
                                        "Workers": [
                                            {
                                                "Worker Number": 0,
                                                "Actual Startup Time": 0.013,
                                                "Actual Total Time": 0.016,
                                                "Actual Rows": 6,
                                                "Actual Loops": 161076
                                            },
                                            {
                                                "Worker Number": 1,
                                                "Actual Startup Time": 0.014,
                                                "Actual Total Time": 0.017,
                                                "Actual Rows": 6,
                                                "Actual Loops": 149354
                                            },
                                            {
                                                "Worker Number": 2,
                                                "Actual Startup Time": 0.013,
                                                "Actual Total Time": 0.017,
                                                "Actual Rows": 6,
                                                "Actual Loops": 149829
                                            },
                                            {
                                                "Worker Number": 3,
                                                "Actual Startup Time": 0.013,
                                                "Actual Total Time": 0.016,
                                                "Actual Rows": 6,
                                                "Actual Loops": 153904
                                            },
                                            {
                                                "Worker Number": 4,
                                                "Actual Startup Time": 0.012,
                                                "Actual Total Time": 0.015,
                                                "Actual Rows": 6,
                                                "Actual Loops": 166411
                                            }
                                        ]
                                    }
                                ]
                            }
                        ]
                    }
                ]
            }
        ]
    },
    "Planning Time": 1.562,
    "Triggers": [],
    "Execution Time": 3270.585
}