[
  {
    "Plan": {
      "Node Type": "Aggregate",
      "Strategy": "Plain",
      "Partial Mode": "Simple",
      "Parallel Aware": false,
      "Startup Cost": 16469.3,
      "Total Cost": 16469.31,
      "Plan Rows": 1,
      "Plan Width": 8,
      "Actual Startup Time": 18.804,
      "Actual Total Time": 18.806,
      "Actual Rows": 1,
      "Actual Loops": 1,
      "Plans": [
        {
          "Node Type": "Bitmap Heap Scan",
          "Parent Relationship": "Outer",
          "Parallel Aware": false,
          "Relation Name": "movie_keyword",
          "Alias": "mk",
          "Startup Cost": 164.04,
          "Total Cost": 16450.08,
          "Plan Rows": 7691,
          "Plan Width": 0,
          "Actual Startup Time": 4.555,
          "Actual Total Time": 17.754,
          "Actual Rows": 6560,
          "Actual Loops": 1,
          "Recheck Cond": "(keyword_id = 12015)",
          "Rows Removed by Index Recheck": 0,
          "Exact Heap Blocks": 4368,
          "Lossy Heap Blocks": 0,
          "Plans": [
            {
              "Node Type": "Bitmap Index Scan",
              "Parent Relationship": "Outer",
              "Parallel Aware": false,
              "Index Name": "keyword_id_movie_keyword",
              "Startup Cost": 0.0,
              "Total Cost": 162.12,
              "Plan Rows": 7691,
              "Plan Width": 0,
              "Actual Startup Time": 2.509,
              "Actual Total Time": 2.509,
              "Actual Rows": 6560,
              "Actual Loops": 1,
              "Index Cond": "(keyword_id = 12015)"
            }
          ]
        }
      ]
    },
    "Planning Time": 0.207,
    "Triggers": [],
    "Execution Time": 18.869
  }
]