[
    {
        "Bao": {
            "Bao prediction": "NaN",
            "Bao recommended hint": "(no hint)"
        }
    },
    {
        "Plan": {
            "Node Type": "Aggregate",
            "Strategy": "Plain",
            "Partial Mode": "Finalize",
            "Parallel Aware": false,
            "Startup Cost": 77588.45,
            "Total Cost": 77588.46,
            "Plan Rows": 1,
            "Plan Width": 8,
            "Actual Startup Time": 188.629,
            "Actual Total Time": 196.8,
            "Actual Rows": 1,
            "Actual Loops": 1,
            "Output": [
                "count(*)"
            ],
            "Plans": [
                {
                    "Node Type": "Gather",
                    "Parent Relationship": "Outer",
                    "Parallel Aware": false,
                    "Startup Cost": 77588.13,
                    "Total Cost": 77588.44,
                    "Plan Rows": 3,
                    "Plan Width": 8,
                    "Actual Startup Time": 188.352,
                    "Actual Total Time": 196.793,
                    "Actual Rows": 4,
                    "Actual Loops": 1,
                    "Output": [
                        "(PARTIAL count(*))"
                    ],
                    "Workers Planned": 3,
                    "Workers Launched": 3,
                    "Single Copy": false,
                    "Plans": [
                        {
                            "Node Type": "Aggregate",
                            "Strategy": "Plain",
                            "Partial Mode": "Partial",
                            "Parent Relationship": "Outer",
                            "Parallel Aware": false,
                            "Startup Cost": 76588.13,
                            "Total Cost": 76588.14,
                            "Plan Rows": 1,
                            "Plan Width": 8,
                            "Actual Startup Time": 179.679,
                            "Actual Total Time": 179.683,
                            "Actual Rows": 1,
                            "Actual Loops": 4,
                            "Output": [
                                "PARTIAL count(*)"
                            ],
                            "Workers": [
                                {
                                    "Worker Number": 0,
                                    "Actual Startup Time": 176.623,
                                    "Actual Total Time": 176.626,
                                    "Actual Rows": 1,
                                    "Actual Loops": 1
                                },
                                {
                                    "Worker Number": 1,
                                    "Actual Startup Time": 177.059,
                                    "Actual Total Time": 177.063,
                                    "Actual Rows": 1,
                                    "Actual Loops": 1
                                },
                                {
                                    "Worker Number": 2,
                                    "Actual Startup Time": 177.398,
                                    "Actual Total Time": 177.402,
                                    "Actual Rows": 1,
                                    "Actual Loops": 1
                                }
                            ],
                            "Plans": [
                                {
                                    "Node Type": "Hash Join",
                                    "Parent Relationship": "Outer",
                                    "Parallel Aware": true,
                                    "Join Type": "Inner",
                                    "Startup Cost": 44053.87,
                                    "Total Cost": 76567.62,
                                    "Plan Rows": 8205,
                                    "Plan Width": 0,
                                    "Actual Startup Time": 112.567,
                                    "Actual Total Time": 179.379,
                                    "Actual Rows": 5375,
                                    "Actual Loops": 4,
                                    "Inner Unique": true,
                                    "Hash Cond": "(mc.movie_id = t.id)",
                                    "Workers": [
                                        {
                                            "Worker Number": 0,
                                            "Actual Startup Time": 109.522,
                                            "Actual Total Time": 176.325,
                                            "Actual Rows": 4928,
                                            "Actual Loops": 1
                                        },
                                        {
                                            "Worker Number": 1,
                                            "Actual Startup Time": 109.972,
                                            "Actual Total Time": 176.724,
                                            "Actual Rows": 5595,
                                            "Actual Loops": 1
                                        },
                                        {
                                            "Worker Number": 2,
                                            "Actual Startup Time": 110.16,
                                            "Actual Total Time": 177.088,
                                            "Actual Rows": 5116,
                                            "Actual Loops": 1
                                        }
                                    ],
                                    "Plans": [
                                        {
                                            "Node Type": "Seq Scan",
                                            "Parent Relationship": "Outer",
                                            "Parallel Aware": true,
                                            "Relation Name": "movie_companies",
                                            "Schema": "public",
                                            "Alias": "mc",
                                            "Startup Cost": 0.0,
                                            "Total Cost": 31414.82,
                                            "Plan Rows": 418642,
                                            "Plan Width": 4,
                                            "Actual Startup Time": 26.755,
                                            "Actual Total Time": 62.769,
                                            "Actual Rows": 331890,
                                            "Actual Loops": 4,
                                            "Output": [
                                                "mc.id",
                                                "mc.movie_id",
                                                "mc.company_id",
                                                "mc.company_type_id",
                                                "mc.note"
                                            ],
                                            "Filter": "((mc.company_id > 6) AND (mc.company_type_id = 2))",
                                            "Rows Removed by Filter": 320392,
                                            "Workers": [
                                                {
                                                    "Worker Number": 0,
                                                    "Actual Startup Time": 26.747,
                                                    "Actual Total Time": 62.592,
                                                    "Actual Rows": 312498,
                                                    "Actual Loops": 1
                                                },
                                                {
                                                    "Worker Number": 1,
                                                    "Actual Startup Time": 26.766,
                                                    "Actual Total Time": 62.667,
                                                    "Actual Rows": 322253,
                                                    "Actual Loops": 1
                                                },
                                                {
                                                    "Worker Number": 2,
                                                    "Actual Startup Time": 26.726,
                                                    "Actual Total Time": 62.685,
                                                    "Actual Rows": 322602,
                                                    "Actual Loops": 1
                                                }
                                            ]
                                        },
                                        {
                                            "Node Type": "Hash",
                                            "Parent Relationship": "Inner",
                                            "Parallel Aware": true,
                                            "Startup Cost": 43899.01,
                                            "Total Cost": 43899.01,
                                            "Plan Rows": 12389,
                                            "Plan Width": 4,
                                            "Actual Startup Time": 84.923,
                                            "Actual Total Time": 84.924,
                                            "Actual Rows": 12641,
                                            "Actual Loops": 4,
                                            "Output": [
                                                "t.id"
                                            ],
                                            "Hash Buckets": 65536,
                                            "Original Hash Buckets": 65536,
                                            "Hash Batches": 1,
                                            "Original Hash Batches": 1,
                                            "Peak Memory Usage": 2528,
                                            "Workers": [
                                                {
                                                    "Worker Number": 0,
                                                    "Actual Startup Time": 81.877,
                                                    "Actual Total Time": 81.877,
                                                    "Actual Rows": 8966,
                                                    "Actual Loops": 1
                                                },
                                                {
                                                    "Worker Number": 1,
                                                    "Actual Startup Time": 82.355,
                                                    "Actual Total Time": 82.356,
                                                    "Actual Rows": 9156,
                                                    "Actual Loops": 1
                                                },
                                                {
                                                    "Worker Number": 2,
                                                    "Actual Startup Time": 82.635,
                                                    "Actual Total Time": 82.636,
                                                    "Actual Rows": 9637,
                                                    "Actual Loops": 1
                                                }
                                            ],
                                            "Plans": [
                                                {
                                                    "Node Type": "Seq Scan",
                                                    "Parent Relationship": "Outer",
                                                    "Parallel Aware": true,
                                                    "Relation Name": "title",
                                                    "Schema": "public",
                                                    "Alias": "t",
                                                    "Startup Cost": 0.0,
                                                    "Total Cost": 43899.01,
                                                    "Plan Rows": 12389,
                                                    "Plan Width": 4,
                                                    "Actual Startup Time": 0.064,
                                                    "Actual Total Time": 79.838,
                                                    "Actual Rows": 12641,
                                                    "Actual Loops": 4,
                                                    "Output": [
                                                        "t.id"
                                                    ],
                                                    "Filter": "(t.production_year = 1999)",
                                                    "Rows Removed by Filter": 619437,
                                                    "Workers": [
                                                        {
                                                            "Worker Number": 0,
                                                            "Actual Startup Time": 0.08,
                                                            "Actual Total Time": 76.524,
                                                            "Actual Rows": 8966,
                                                            "Actual Loops": 1
                                                        },
                                                        {
                                                            "Worker Number": 1,
                                                            "Actual Startup Time": 0.107,
                                                            "Actual Total Time": 77.503,
                                                            "Actual Rows": 9156,
                                                            "Actual Loops": 1
                                                        },
                                                        {
                                                            "Worker Number": 2,
                                                            "Actual Startup Time": 0.052,
                                                            "Actual Total Time": 78.109,
                                                            "Actual Rows": 9637,
                                                            "Actual Loops": 1
                                                        }
                                                    ]
                                                }
                                            ]
                                        }
                                    ]
                                }
                            ]
                        }
                    ]
                }
            ]
        },
        "Planning Time": 179.393,
        "Triggers": [],
        "Execution Time": 196.898
    }
]