[
  {
    "Plan": {
      "Node Type": "Aggregate",
      "Strategy": "Plain",
      "Partial Mode": "Finalize",
      "Parallel Aware": false,
      "Startup Cost": 34370.47,
      "Total Cost": 34370.48,
      "Plan Rows": 1,
      "Plan Width": 8,
      "Actual Startup Time": 115.14,
      "Actual Total Time": 122.863,
      "Actual Rows": 1,
      "Actual Loops": 1,
      "Plans": [
        {
          "Node Type": "Gather",
          "Parent Relationship": "Outer",
          "Parallel Aware": false,
          "Startup Cost": 34370.15,
          "Total Cost": 34370.46,
          "Plan Rows": 3,
          "Plan Width": 8,
          "Actual Startup Time": 114.83,
          "Actual Total Time": 122.85,
          "Actual Rows": 4,
          "Actual Loops": 1,
          "Workers Planned": 3,
          "Workers Launched": 3,
          "Single Copy": false,
          "Plans": [
            {
              "Node Type": "Aggregate",
              "Strategy": "Plain",
              "Partial Mode": "Partial",
              "Parent Relationship": "Outer",
              "Parallel Aware": false,
              "Startup Cost": 33370.15,
              "Total Cost": 33370.16,
              "Plan Rows": 1,
              "Plan Width": 8,
              "Actual Startup Time": 110.55,
              "Actual Total Time": 110.552,
              "Actual Rows": 1,
              "Actual Loops": 4,
              "Plans": [
                {
                  "Node Type": "Bitmap Heap Scan",
                  "Parent Relationship": "Outer",
                  "Parallel Aware": true,
                  "Relation Name": "movie_keyword",
                  "Alias": "mk",
                  "Startup Cost": 7260.4,
                  "Total Cost": 33094.19,
                  "Plan Rows": 110384,
                  "Plan Width": 0,
                  "Actual Startup Time": 43.644,
                  "Actual Total Time": 105.349,
                  "Actual Rows": 85530,
                  "Actual Loops": 4,
                  "Recheck Cond": "(keyword_id > 48556)",
                  "Rows Removed by Index Recheck": 0,
                  "Exact Heap Blocks": 11780,
                  "Lossy Heap Blocks": 0,
                  "Plans": [
                    {
                      "Node Type": "Bitmap Index Scan",
                      "Parent Relationship": "Outer",
                      "Parallel Aware": false,
                      "Index Name": "keyword_id_movie_keyword",
                      "Startup Cost": 0.0,
                      "Total Cost": 7174.85,
                      "Plan Rows": 342189,
                      "Plan Width": 0,
                      "Actual Startup Time": 42.975,
                      "Actual Total Time": 42.975,
                      "Actual Rows": 342120,
                      "Actual Loops": 1,
                      "Index Cond": "(keyword_id > 48556)"
                    }
                  ]
                }
              ]
            }
          ]
        }
      ]
    },
    "Planning Time": 0.182,
    "Triggers": [],
    "Execution Time": 122.936
  }
]