{
  "Plan": {
    "Node Type": "Aggregate",
    "Strategy": "Plain",
    "Partial Mode": "Finalize",
    "Parallel Aware": false,
    "Startup Cost": 24990.19,
    "Total Cost": 24990.2,
    "Plan Rows": 1,
    "Plan Width": 8,
    "Actual Startup Time": 22.687,
    "Actual Total Time": 25.764,
    "Actual Rows": 1,
    "Actual Loops": 1,
    "Plans": [
      {
        "Node Type": "Gather",
        "Parent Relationship": "Outer",
        "Parallel Aware": false,
        "Startup Cost": 24990.08,
        "Total Cost": 24990.19,
        "Plan Rows": 1,
        "Plan Width": 8,
        "Actual Startup Time": 22.382,
        "Actual Total Time": 25.756,
        "Actual Rows": 2,
        "Actual Loops": 1,
        "Workers Planned": 1,
        "Workers Launched": 1,
        "Single Copy": false,
        "Plans": [
          {
            "Node Type": "Aggregate",
            "Strategy": "Plain",
            "Partial Mode": "Partial",
            "Parent Relationship": "Outer",
            "Parallel Aware": false,
            "Startup Cost": 23990.08,
            "Total Cost": 23990.09,
            "Plan Rows": 1,
            "Plan Width": 8,
            "Actual Startup Time": 18.184,
            "Actual Total Time": 18.186,
            "Actual Rows": 1,
            "Actual Loops": 2,
            "Plans": [
              {
                "Node Type": "Nested Loop",
                "Parent Relationship": "Outer",
                "Parallel Aware": false,
                "Join Type": "Inner",
                "Startup Cost": 75.15,
                "Total Cost": 23990.04,
                "Plan Rows": 14,
                "Plan Width": 0,
                "Actual Startup Time": 10.924,
                "Actual Total Time": 18.179,
                "Actual Rows": 0,
                "Actual Loops": 2,
                "Inner Unique": true,
                "Plans": [
                  {
                    "Node Type": "Bitmap Heap Scan",
                    "Parent Relationship": "Outer",
                    "Parallel Aware": true,
                    "Relation Name": "movie_companies",
                    "Alias": "mc",
                    "Startup Cost": 74.72,
                    "Total Cost": 8748.24,
                    "Plan Rows": 1995,
                    "Plan Width": 4,
                    "Actual Startup Time": 0.831,
                    "Actual Total Time": 3.079,
                    "Actual Rows": 1586,
                    "Actual Loops": 2,
                    "Recheck Cond": "(company_id = 137)",
                    "Rows Removed by Index Recheck": 0,
                    "Exact Heap Blocks": 658,
                    "Lossy Heap Blocks": 0,
                    "Plans": [
                      {
                        "Node Type": "Bitmap Index Scan",
                        "Parent Relationship": "Outer",
                        "Parallel Aware": false,
                        "Index Name": "company_id_movie_companies",
                        "Startup Cost": 0.0,
                        "Total Cost": 73.87,
                        "Plan Rows": 3392,
                        "Plan Width": 0,
                        "Actual Startup Time": 1.353,
                        "Actual Total Time": 1.354,
                        "Actual Rows": 3172,
                        "Actual Loops": 1,
                        "Index Cond": "(company_id = 137)"
                      }
                    ]
                  },
                  {
                    "Node Type": "Index Scan",
                    "Parent Relationship": "Inner",
                    "Parallel Aware": false,
                    "Scan Direction": "Forward",
                    "Index Name": "title_pkey",
                    "Relation Name": "title",
                    "Alias": "t",
                    "Startup Cost": 0.43,
                    "Total Cost": 7.64,
                    "Plan Rows": 1,
                    "Plan Width": 4,
                    "Actual Startup Time": 0.009,
                    "Actual Total Time": 0.009,
                    "Actual Rows": 0,
                    "Actual Loops": 3172,
                    "Index Cond": "(id = mc.movie_id)",
                    "Rows Removed by Index Recheck": 0,
                    "Filter": "((kind_id > 2) AND (production_year = 1991))",
                    "Rows Removed by Filter": 1
                  }
                ]
              }
            ]
          }
        ]
      }
    ]
  },
  "Planning Time": 0.331,
  "Triggers": [],
  "Execution Time": 25.828
}