[
  {
    "Plan": {
      "Node Type": "Aggregate",
      "Strategy": "Plain",
      "Partial Mode": "Finalize",
      "Parallel Aware": false,
      "Startup Cost": 291537.6,
      "Total Cost": 291537.61,
      "Plan Rows": 1,
      "Plan Width": 8,
      "Actual Startup Time": 1462.054,
      "Actual Total Time": 1509.372,
      "Actual Rows": 1,
      "Actual Loops": 1,
      "Plans": [
        {
          "Node Type": "Gather",
          "Parent Relationship": "Outer",
          "Parallel Aware": false,
          "Startup Cost": 291537.08,
          "Total Cost": 291537.59,
          "Plan Rows": 5,
          "Plan Width": 8,
          "Actual Startup Time": 1453.265,
          "Actual Total Time": 1509.36,
          "Actual Rows": 6,
          "Actual Loops": 1,
          "Workers Planned": 5,
          "Workers Launched": 5,
          "Single Copy": false,
          "Plans": [
            {
              "Node Type": "Aggregate",
              "Strategy": "Plain",
              "Partial Mode": "Partial",
              "Parent Relationship": "Outer",
              "Parallel Aware": false,
              "Startup Cost": 290537.08,
              "Total Cost": 290537.09,
              "Plan Rows": 1,
              "Plan Width": 8,
              "Actual Startup Time": 1442.51,
              "Actual Total Time": 1442.669,
              "Actual Rows": 1,
              "Actual Loops": 6,
              "Plans": [
                {
                  "Node Type": "Hash Join",
                  "Parent Relationship": "Outer",
                  "Parallel Aware": true,
                  "Join Type": "Inner",
                  "Startup Cost": 83233.91,
                  "Total Cost": 288209.54,
                  "Plan Rows": 931017,
                  "Plan Width": 0,
                  "Actual Startup Time": 312.521,
                  "Actual Total Time": 1282.43,
                  "Actual Rows": 3939554,
                  "Actual Loops": 6,
                  "Inner Unique": false,
                  "Hash Cond": "(mi.movie_id = t.id)",
                  "Plans": [
                    {
                      "Node Type": "Seq Scan",
                      "Parent Relationship": "Outer",
                      "Parallel Aware": true,
                      "Relation Name": "movie_info",
                      "Alias": "mi",
                      "Startup Cost": 0.0,
                      "Total Cost": 191560.33,
                      "Plan Rows": 2956733,
                      "Plan Width": 4,
                      "Actual Startup Time": 0.03,
                      "Actual Total Time": 296.034,
                      "Actual Rows": 2472620,
                      "Actual Loops": 6
                    },
                    {
                      "Node Type": "Hash",
                      "Parent Relationship": "Inner",
                      "Parallel Aware": true,
                      "Startup Cost": 80746.06,
                      "Total Cost": 80746.06,
                      "Plan Rows": 199028,
                      "Plan Width": 8,
                      "Actual Startup Time": 307.525,
                      "Actual Total Time": 307.682,
                      "Actual Rows": 96790,
                      "Actual Loops": 6,
                      "Hash Buckets": 1048576,
                      "Original Hash Buckets": 1048576,
                      "Hash Batches": 1,
                      "Original Hash Batches": 1,
                      "Peak Memory Usage": 31008,
                      "Plans": [
                        {
                          "Node Type": "Hash Join",
                          "Parent Relationship": "Outer",
                          "Parallel Aware": true,
                          "Join Type": "Inner",
                          "Startup Cost": 34624.94,
                          "Total Cost": 80746.06,
                          "Plan Rows": 199028,
                          "Plan Width": 8,
                          "Actual Startup Time": 125.99,
                          "Actual Total Time": 270.942,
                          "Actual Rows": 96790,
                          "Actual Loops": 6,
                          "Inner Unique": false,
                          "Hash Cond": "(t.id = mc.movie_id)",
                          "Plans": [
                            {
                              "Node Type": "Seq Scan",
                              "Parent Relationship": "Outer",
                              "Parallel Aware": true,
                              "Relation Name": "title",
                              "Alias": "t",
                              "Startup Cost": 0.0,
                              "Total Cost": 42318.73,
                              "Plan Rows": 632073,
                              "Plan Width": 4,
                              "Actual Startup Time": 0.016,
                              "Actual Total Time": 58.503,
                              "Actual Rows": 421385,
                              "Actual Loops": 6
                            },
                            {
                              "Node Type": "Hash",
                              "Parent Relationship": "Inner",
                              "Parallel Aware": true,
                              "Startup Cost": 31414.82,
                              "Total Cost": 31414.82,
                              "Plan Rows": 256810,
                              "Plan Width": 4,
                              "Actual Startup Time": 108.569,
                              "Actual Total Time": 108.57,
                              "Actual Rows": 96790,
                              "Actual Loops": 6,
                              "Hash Buckets": 1048576,
                              "Original Hash Buckets": 1048576,
                              "Hash Batches": 1,
                              "Original Hash Batches": 1,
                              "Peak Memory Usage": 30976,
                              "Plans": [
                                {
                                  "Node Type": "Seq Scan",
                                  "Parent Relationship": "Outer",
                                  "Parallel Aware": true,
                                  "Relation Name": "movie_companies",
                                  "Alias": "mc",
                                  "Startup Cost": 0.0,
                                  "Total Cost": 31414.82,
                                  "Plan Rows": 256810,
                                  "Plan Width": 4,
                                  "Actual Startup Time": 4.499,
                                  "Actual Total Time": 63.889,
                                  "Actual Rows": 96790,
                                  "Actual Loops": 6,
                                  "Filter": "((company_id > 4568) AND (company_type_id < 2))",
                                  "Rows Removed by Filter": 338065
                                }
                              ]
                            }
                          ]
                        }
                      ]
                    }
                  ]
                }
              ]
            }
          ]
        }
      ]
    },
    "Planning Time": 1.473,
    "Triggers": [],
    "Execution Time": 1509.474
  }
]