[
  {
    "Plan": {
      "Node Type": "Aggregate",
      "Strategy": "Plain",
      "Partial Mode": "Finalize",
      "Parallel Aware": false,
      "Startup Cost": 445777.58,
      "Total Cost": 445777.59,
      "Plan Rows": 1,
      "Plan Width": 8,
      "Actual Startup Time": 2971.19,
      "Actual Total Time": 3039.009,
      "Actual Rows": 1,
      "Actual Loops": 1,
      "Plans": [
        {
          "Node Type": "Gather",
          "Parent Relationship": "Outer",
          "Parallel Aware": false,
          "Startup Cost": 445776.96,
          "Total Cost": 445777.57,
          "Plan Rows": 6,
          "Plan Width": 8,
          "Actual Startup Time": 2960.982,
          "Actual Total Time": 3038.999,
          "Actual Rows": 7,
          "Actual Loops": 1,
          "Workers Planned": 6,
          "Workers Launched": 6,
          "Single Copy": false,
          "Plans": [
            {
              "Node Type": "Aggregate",
              "Strategy": "Plain",
              "Partial Mode": "Partial",
              "Parent Relationship": "Outer",
              "Parallel Aware": false,
              "Startup Cost": 444776.96,
              "Total Cost": 444776.97,
              "Plan Rows": 1,
              "Plan Width": 8,
              "Actual Startup Time": 2943.852,
              "Actual Total Time": 2943.858,
              "Actual Rows": 1,
              "Actual Loops": 7,
              "Plans": [
                {
                  "Node Type": "Hash Join",
                  "Parent Relationship": "Outer",
                  "Parallel Aware": true,
                  "Join Type": "Inner",
                  "Startup Cost": 85861.57,
                  "Total Cost": 439047.8,
                  "Plan Rows": 2291663,
                  "Plan Width": 0,
                  "Actual Startup Time": 489.742,
                  "Actual Total Time": 2705.307,
                  "Actual Rows": 5721501,
                  "Actual Loops": 7,
                  "Inner Unique": false,
                  "Hash Cond": "(ci.movie_id = t.id)",
                  "Plans": [
                    {
                      "Node Type": "Seq Scan",
                      "Parent Relationship": "Outer",
                      "Parallel Aware": true,
                      "Relation Name": "cast_info",
                      "Alias": "ci",
                      "Startup Cost": 0.0,
                      "Total Cost": 328162.03,
                      "Plan Rows": 5145347,
                      "Plan Width": 4,
                      "Actual Startup Time": 57.207,
                      "Actual Total Time": 636.524,
                      "Actual Rows": 4389164,
                      "Actual Loops": 7,
                      "Filter": "(person_id > 532791)",
                      "Rows Removed by Filter": 788599
                    },
                    {
                      "Node Type": "Hash",
                      "Parent Relationship": "Inner",
                      "Parallel Aware": true,
                      "Startup Cost": 82342.62,
                      "Total Cost": 82342.62,
                      "Plan Rows": 281516,
                      "Plan Width": 8,
                      "Actual Startup Time": 427.788,
                      "Actual Total Time": 427.793,
                      "Actual Rows": 182035,
                      "Actual Loops": 7,
                      "Hash Buckets": 2097152,
                      "Original Hash Buckets": 2097152,
                      "Hash Batches": 1,
                      "Original Hash Batches": 1,
                      "Peak Memory Usage": 66336,
                      "Plans": [
                        {
                          "Node Type": "Hash Join",
                          "Parent Relationship": "Outer",
                          "Parallel Aware": true,
                          "Join Type": "Inner",
                          "Startup Cost": 35955.41,
                          "Total Cost": 82342.62,
                          "Plan Rows": 281516,
                          "Plan Width": 8,
                          "Actual Startup Time": 157.914,
                          "Actual Total Time": 353.54,
                          "Actual Rows": 182035,
                          "Actual Loops": 7,
                          "Inner Unique": false,
                          "Hash Cond": "(t.id = mc.movie_id)",
                          "Plans": [
                            {
                              "Node Type": "Seq Scan",
                              "Parent Relationship": "Outer",
                              "Parallel Aware": true,
                              "Relation Name": "title",
                              "Alias": "t",
                              "Startup Cost": 0.0,
                              "Total Cost": 42318.73,
                              "Plan Rows": 632073,
                              "Plan Width": 4,
                              "Actual Startup Time": 0.016,
                              "Actual Total Time": 57.038,
                              "Actual Rows": 361187,
                              "Actual Loops": 7
                            },
                            {
                              "Node Type": "Hash",
                              "Parent Relationship": "Inner",
                              "Parallel Aware": true,
                              "Startup Cost": 31414.82,
                              "Total Cost": 31414.82,
                              "Plan Rows": 363247,
                              "Plan Width": 4,
                              "Actual Startup Time": 155.204,
                              "Actual Total Time": 155.205,
                              "Actual Rows": 182035,
                              "Actual Loops": 7,
                              "Hash Buckets": 2097152,
                              "Original Hash Buckets": 2097152,
                              "Hash Batches": 1,
                              "Original Hash Batches": 1,
                              "Peak Memory Usage": 66368,
                              "Plans": [
                                {
                                  "Node Type": "Seq Scan",
                                  "Parent Relationship": "Outer",
                                  "Parallel Aware": true,
                                  "Relation Name": "movie_companies",
                                  "Alias": "mc",
                                  "Startup Cost": 0.0,
                                  "Total Cost": 31414.82,
                                  "Plan Rows": 363247,
                                  "Plan Width": 4,
                                  "Actual Startup Time": 0.063,
                                  "Actual Total Time": 64.642,
                                  "Actual Rows": 182035,
                                  "Actual Loops": 7,
                                  "Filter": "((company_id < 91418) AND (company_type_id < 2))",
                                  "Rows Removed by Filter": 190698
                                }
                              ]
                            }
                          ]
                        }
                      ]
                    }
                  ]
                }
              ]
            }
          ]
        }
      ]
    },
    "Planning Time": 1.392,
    "Triggers": [],
    "Execution Time": 3039.117
  }
]