{
  "Plan": {
    "Node Type": "Aggregate",
    "Strategy": "Plain",
    "Partial Mode": "Finalize",
    "Parallel Aware": false,
    "Startup Cost": 106397.86,
    "Total Cost": 106397.87,
    "Plan Rows": 1,
    "Plan Width": 8,
    "Actual Startup Time": 669.087,
    "Actual Total Time": 688.497,
    "Actual Rows": 1,
    "Actual Loops": 1,
    "Plans": [
      {
        "Node Type": "Gather",
        "Parent Relationship": "Outer",
        "Parallel Aware": false,
        "Startup Cost": 106397.75,
        "Total Cost": 106397.86,
        "Plan Rows": 1,
        "Plan Width": 8,
        "Actual Startup Time": 664.814,
        "Actual Total Time": 688.489,
        "Actual Rows": 2,
        "Actual Loops": 1,
        "Workers Planned": 1,
        "Workers Launched": 1,
        "Single Copy": false,
        "Plans": [
          {
            "Node Type": "Aggregate",
            "Strategy": "Plain",
            "Partial Mode": "Partial",
            "Parent Relationship": "Outer",
            "Parallel Aware": false,
            "Startup Cost": 105397.75,
            "Total Cost": 105397.76,
            "Plan Rows": 1,
            "Plan Width": 8,
            "Actual Startup Time": 651.767,
            "Actual Total Time": 651.771,
            "Actual Rows": 1,
            "Actual Loops": 2,
            "Plans": [
              {
                "Node Type": "Hash Join",
                "Parent Relationship": "Outer",
                "Parallel Aware": true,
                "Join Type": "Inner",
                "Startup Cost": 77174.62,
                "Total Cost": 104863.12,
                "Plan Rows": 213851,
                "Plan Width": 0,
                "Actual Startup Time": 542.824,
                "Actual Total Time": 643.941,
                "Actual Rows": 175802,
                "Actual Loops": 2,
                "Inner Unique": true,
                "Hash Cond": "(mk.movie_id = t.id)",
                "Plans": [
                  {
                    "Node Type": "Bitmap Heap Scan",
                    "Parent Relationship": "Outer",
                    "Parallel Aware": true,
                    "Relation Name": "movie_keyword",
                    "Alias": "mk",
                    "Startup Cost": 7713.92,
                    "Total Cost": 34841.06,
                    "Plan Rows": 213851,
                    "Plan Width": 4,
                    "Actual Startup Time": 20.752,
                    "Actual Total Time": 74.832,
                    "Actual Rows": 175802,
                    "Actual Loops": 2,
                    "Recheck Cond": "(keyword_id > 47358)",
                    "Rows Removed by Index Recheck": 0,
                    "Exact Heap Blocks": 12793,
                    "Lossy Heap Blocks": 0,
                    "Plans": [
                      {
                        "Node Type": "Bitmap Index Scan",
                        "Parent Relationship": "Outer",
                        "Parallel Aware": false,
                        "Index Name": "keyword_id_movie_keyword",
                        "Startup Cost": 0.0,
                        "Total Cost": 7623.03,
                        "Plan Rows": 363547,
                        "Plan Width": 0,
                        "Actual Startup Time": 17.487,
                        "Actual Total Time": 17.488,
                        "Actual Rows": 351603,
                        "Actual Loops": 1,
                        "Index Cond": "(keyword_id > 47358)"
                      }
                    ]
                  },
                  {
                    "Node Type": "Hash",
                    "Parent Relationship": "Inner",
                    "Parallel Aware": true,
                    "Startup Cost": 50870.31,
                    "Total Cost": 50870.31,
                    "Plan Rows": 1487231,
                    "Plan Width": 4,
                    "Actual Startup Time": 500.058,
                    "Actual Total Time": 500.059,
                    "Actual Rows": 1264156,
                    "Actual Loops": 2,
                    "Hash Buckets": 4194304,
                    "Original Hash Buckets": 4194304,
                    "Hash Batches": 1,
                    "Original Hash Batches": 1,
                    "Peak Memory Usage": 131712,
                    "Plans": [
                      {
                        "Node Type": "Seq Scan",
                        "Parent Relationship": "Outer",
                        "Parallel Aware": true,
                        "Relation Name": "title",
                        "Alias": "t",
                        "Startup Cost": 0.0,
                        "Total Cost": 50870.31,
                        "Plan Rows": 1487231,
                        "Plan Width": 4,
                        "Actual Startup Time": 0.024,
                        "Actual Total Time": 152.548,
                        "Actual Rows": 1264156,
                        "Actual Loops": 2
                      }
                    ]
                  }
                ]
              }
            ]
          }
        ]
      }
    ]
  },
  "Planning Time": 0.702,
  "Triggers": [],
  "Execution Time": 688.583
}