[
  {
    "Plan": {
      "Node Type": "Aggregate",
      "Strategy": "Plain",
      "Partial Mode": "Finalize",
      "Parallel Aware": false,
      "Startup Cost": 256677.64,
      "Total Cost": 256677.65,
      "Plan Rows": 1,
      "Plan Width": 8,
      "Actual Startup Time": 1552.584,
      "Actual Total Time": 1597.725,
      "Actual Rows": 1,
      "Actual Loops": 1,
      "Plans": [
        {
          "Node Type": "Gather",
          "Parent Relationship": "Outer",
          "Parallel Aware": false,
          "Startup Cost": 256677.12,
          "Total Cost": 256677.63,
          "Plan Rows": 5,
          "Plan Width": 8,
          "Actual Startup Time": 1533.846,
          "Actual Total Time": 1597.713,
          "Actual Rows": 6,
          "Actual Loops": 1,
          "Workers Planned": 5,
          "Workers Launched": 5,
          "Single Copy": false,
          "Plans": [
            {
              "Node Type": "Aggregate",
              "Strategy": "Plain",
              "Partial Mode": "Partial",
              "Parent Relationship": "Outer",
              "Parallel Aware": false,
              "Startup Cost": 255677.12,
              "Total Cost": 255677.13,
              "Plan Rows": 1,
              "Plan Width": 8,
              "Actual Startup Time": 1519.869,
              "Actual Total Time": 1519.872,
              "Actual Rows": 1,
              "Actual Loops": 6,
              "Plans": [
                {
                  "Node Type": "Hash Join",
                  "Parent Relationship": "Outer",
                  "Parallel Aware": true,
                  "Join Type": "Inner",
                  "Startup Cost": 50334.47,
                  "Total Cost": 249656.23,
                  "Plan Rows": 2408354,
                  "Plan Width": 0,
                  "Actual Startup Time": 246.691,
                  "Actual Total Time": 1419.863,
                  "Actual Rows": 1838952,
                  "Actual Loops": 6,
                  "Inner Unique": true,
                  "Hash Cond": "(mi.movie_id = t.id)",
                  "Plans": [
                    {
                      "Node Type": "Seq Scan",
                      "Parent Relationship": "Outer",
                      "Parallel Aware": true,
                      "Relation Name": "movie_info",
                      "Alias": "mi",
                      "Startup Cost": 0.0,
                      "Total Cost": 191560.33,
                      "Plan Rows": 2956733,
                      "Plan Width": 4,
                      "Actual Startup Time": 0.033,
                      "Actual Total Time": 341.459,
                      "Actual Rows": 2472620,
                      "Actual Loops": 6
                    },
                    {
                      "Node Type": "Hash",
                      "Parent Relationship": "Inner",
                      "Parallel Aware": true,
                      "Startup Cost": 43898.92,
                      "Total Cost": 43898.92,
                      "Plan Rows": 514844,
                      "Plan Width": 4,
                      "Actual Startup Time": 241.06,
                      "Actual Total Time": 241.061,
                      "Actual Rows": 341120,
                      "Actual Loops": 6,
                      "Hash Buckets": 2097152,
                      "Original Hash Buckets": 2097152,
                      "Hash Batches": 1,
                      "Original Hash Batches": 1,
                      "Peak Memory Usage": 96576,
                      "Plans": [
                        {
                          "Node Type": "Seq Scan",
                          "Parent Relationship": "Outer",
                          "Parallel Aware": true,
                          "Relation Name": "title",
                          "Alias": "t",
                          "Startup Cost": 0.0,
                          "Total Cost": 43898.92,
                          "Plan Rows": 514844,
                          "Plan Width": 4,
                          "Actual Startup Time": 0.04,
                          "Actual Total Time": 93.641,
                          "Actual Rows": 341120,
                          "Actual Loops": 6,
                          "Filter": "(production_year > 1972)",
                          "Rows Removed by Filter": 80265
                        }
                      ]
                    }
                  ]
                }
              ]
            }
          ]
        }
      ]
    },
    "Planning Time": 0.518,
    "Triggers": [],
    "Execution Time": 1597.886
  }
]