[
    {
        "Bao": {
            "Bao prediction": "NaN",
            "Bao recommended hint": "(no hint)"
        }
    },
    {
        "Plan": {
            "Node Type": "Aggregate",
            "Strategy": "Plain",
            "Partial Mode": "Finalize",
            "Parallel Aware": false,
            "Startup Cost": 39821.93,
            "Total Cost": 39821.94,
            "Plan Rows": 1,
            "Plan Width": 8,
            "Actual Startup Time": 114.866,
            "Actual Total Time": 120.608,
            "Actual Rows": 1,
            "Actual Loops": 1,
            "Output": [
                "count(*)"
            ],
            "Plans": [
                {
                    "Node Type": "Gather",
                    "Parent Relationship": "Outer",
                    "Parallel Aware": false,
                    "Startup Cost": 39821.61,
                    "Total Cost": 39821.92,
                    "Plan Rows": 3,
                    "Plan Width": 8,
                    "Actual Startup Time": 114.57,
                    "Actual Total Time": 120.6,
                    "Actual Rows": 4,
                    "Actual Loops": 1,
                    "Output": [
                        "(PARTIAL count(*))"
                    ],
                    "Workers Planned": 3,
                    "Workers Launched": 3,
                    "Single Copy": false,
                    "Plans": [
                        {
                            "Node Type": "Aggregate",
                            "Strategy": "Plain",
                            "Partial Mode": "Partial",
                            "Parent Relationship": "Outer",
                            "Parallel Aware": false,
                            "Startup Cost": 38821.61,
                            "Total Cost": 38821.62,
                            "Plan Rows": 1,
                            "Plan Width": 8,
                            "Actual Startup Time": 105.999,
                            "Actual Total Time": 106.001,
                            "Actual Rows": 1,
                            "Actual Loops": 4,
                            "Output": [
                                "PARTIAL count(*)"
                            ],
                            "Workers": [
                                {
                                    "Worker Number": 0,
                                    "Actual Startup Time": 102.97,
                                    "Actual Total Time": 102.972,
                                    "Actual Rows": 1,
                                    "Actual Loops": 1
                                },
                                {
                                    "Worker Number": 1,
                                    "Actual Startup Time": 103.19,
                                    "Actual Total Time": 103.192,
                                    "Actual Rows": 1,
                                    "Actual Loops": 1
                                },
                                {
                                    "Worker Number": 2,
                                    "Actual Startup Time": 103.544,
                                    "Actual Total Time": 103.546,
                                    "Actual Rows": 1,
                                    "Actual Loops": 1
                                }
                            ],
                            "Plans": [
                                {
                                    "Node Type": "Bitmap Heap Scan",
                                    "Parent Relationship": "Outer",
                                    "Parallel Aware": true,
                                    "Relation Name": "movie_keyword",
                                    "Schema": "public",
                                    "Alias": "mk",
                                    "Startup Cost": 11698.87,
                                    "Total Cost": 38376.82,
                                    "Plan Rows": 177916,
                                    "Plan Width": 0,
                                    "Actual Startup Time": 25.467,
                                    "Actual Total Time": 98.402,
                                    "Actual Rows": 137931,
                                    "Actual Loops": 4,
                                    "Recheck Cond": "(mk.keyword_id < 395)",
                                    "Rows Removed by Index Recheck": 0,
                                    "Exact Heap Blocks": 10292,
                                    "Lossy Heap Blocks": 0,
                                    "Workers": [
                                        {
                                            "Worker Number": 0,
                                            "Actual Startup Time": 22.8,
                                            "Actual Total Time": 95.95,
                                            "Actual Rows": 107895,
                                            "Actual Loops": 1
                                        },
                                        {
                                            "Worker Number": 1,
                                            "Actual Startup Time": 22.602,
                                            "Actual Total Time": 96.282,
                                            "Actual Rows": 102090,
                                            "Actual Loops": 1
                                        },
                                        {
                                            "Worker Number": 2,
                                            "Actual Startup Time": 23.067,
                                            "Actual Total Time": 96.548,
                                            "Actual Rows": 107642,
                                            "Actual Loops": 1
                                        }
                                    ],
                                    "Plans": [
                                        {
                                            "Node Type": "Bitmap Index Scan",
                                            "Parent Relationship": "Outer",
                                            "Parallel Aware": false,
                                            "Index Name": "keyword_id_movie_keyword",
                                            "Startup Cost": 0.0,
                                            "Total Cost": 11560.98,
                                            "Plan Rows": 551540,
                                            "Plan Width": 0,
                                            "Actual Startup Time": 29.906,
                                            "Actual Total Time": 29.907,
                                            "Actual Rows": 551723,
                                            "Actual Loops": 1,
                                            "Index Cond": "(mk.keyword_id < 395)"
                                        }
                                    ]
                                }
                            ]
                        }
                    ]
                }
            ]
        },
        "Planning Time": 189.74,
        "Triggers": [],
        "Execution Time": 120.656
    }
]