[
  {
    "Plan": {
      "Node Type": "Aggregate",
      "Strategy": "Plain",
      "Partial Mode": "Finalize",
      "Parallel Aware": false,
      "Startup Cost": 300840.41,
      "Total Cost": 300840.42,
      "Plan Rows": 1,
      "Plan Width": 8,
      "Actual Startup Time": 1607.929,
      "Actual Total Time": 1652.515,
      "Actual Rows": 1,
      "Actual Loops": 1,
      "Plans": [
        {
          "Node Type": "Gather",
          "Parent Relationship": "Outer",
          "Parallel Aware": false,
          "Startup Cost": 300839.89,
          "Total Cost": 300840.4,
          "Plan Rows": 5,
          "Plan Width": 8,
          "Actual Startup Time": 1594.235,
          "Actual Total Time": 1652.505,
          "Actual Rows": 6,
          "Actual Loops": 1,
          "Workers Planned": 5,
          "Workers Launched": 5,
          "Single Copy": false,
          "Plans": [
            {
              "Node Type": "Aggregate",
              "Strategy": "Plain",
              "Partial Mode": "Partial",
              "Parent Relationship": "Outer",
              "Parallel Aware": false,
              "Startup Cost": 299839.89,
              "Total Cost": 299839.9,
              "Plan Rows": 1,
              "Plan Width": 8,
              "Actual Startup Time": 1579.388,
              "Actual Total Time": 1579.832,
              "Actual Rows": 1,
              "Actual Loops": 6,
              "Plans": [
                {
                  "Node Type": "Hash Join",
                  "Parent Relationship": "Outer",
                  "Parallel Aware": true,
                  "Join Type": "Inner",
                  "Startup Cost": 85666.29,
                  "Total Cost": 297043.29,
                  "Plan Rows": 1118640,
                  "Plan Width": 0,
                  "Actual Startup Time": 449.121,
                  "Actual Total Time": 1480.697,
                  "Actual Rows": 2474599,
                  "Actual Loops": 6,
                  "Inner Unique": false,
                  "Hash Cond": "(mi.movie_id = t.id)",
                  "Plans": [
                    {
                      "Node Type": "Seq Scan",
                      "Parent Relationship": "Outer",
                      "Parallel Aware": true,
                      "Relation Name": "movie_info",
                      "Alias": "mi",
                      "Startup Cost": 0.0,
                      "Total Cost": 198952.16,
                      "Plan Rows": 2567528,
                      "Plan Width": 4,
                      "Actual Startup Time": 0.028,
                      "Actual Total Time": 340.37,
                      "Actual Rows": 2161681,
                      "Actual Loops": 6,
                      "Filter": "(info_type_id < 18)",
                      "Rows Removed by Filter": 310939
                    },
                    {
                      "Node Type": "Hash",
                      "Parent Relationship": "Inner",
                      "Parallel Aware": true,
                      "Startup Cost": 82223.97,
                      "Total Cost": 82223.97,
                      "Plan Rows": 275386,
                      "Plan Width": 8,
                      "Actual Startup Time": 442.603,
                      "Actual Total Time": 443.046,
                      "Actual Rows": 205283,
                      "Actual Loops": 6,
                      "Hash Buckets": 2097152,
                      "Original Hash Buckets": 2097152,
                      "Hash Batches": 1,
                      "Original Hash Batches": 1,
                      "Peak Memory Usage": 64640,
                      "Plans": [
                        {
                          "Node Type": "Hash Join",
                          "Parent Relationship": "Outer",
                          "Parallel Aware": true,
                          "Join Type": "Inner",
                          "Startup Cost": 35856.53,
                          "Total Cost": 82223.97,
                          "Plan Rows": 275386,
                          "Plan Width": 8,
                          "Actual Startup Time": 150.382,
                          "Actual Total Time": 362.236,
                          "Actual Rows": 205283,
                          "Actual Loops": 6,
                          "Inner Unique": false,
                          "Hash Cond": "(t.id = mc.movie_id)",
                          "Plans": [
                            {
                              "Node Type": "Seq Scan",
                              "Parent Relationship": "Outer",
                              "Parallel Aware": true,
                              "Relation Name": "title",
                              "Alias": "t",
                              "Startup Cost": 0.0,
                              "Total Cost": 42318.73,
                              "Plan Rows": 632073,
                              "Plan Width": 4,
                              "Actual Startup Time": 0.018,
                              "Actual Total Time": 58.081,
                              "Actual Rows": 421385,
                              "Actual Loops": 6
                            },
                            {
                              "Node Type": "Hash",
                              "Parent Relationship": "Inner",
                              "Parallel Aware": true,
                              "Startup Cost": 31414.82,
                              "Total Cost": 31414.82,
                              "Plan Rows": 355337,
                              "Plan Width": 4,
                              "Actual Startup Time": 147.64,
                              "Actual Total Time": 147.641,
                              "Actual Rows": 205283,
                              "Actual Loops": 6,
                              "Hash Buckets": 2097152,
                              "Original Hash Buckets": 2097152,
                              "Hash Batches": 1,
                              "Original Hash Batches": 1,
                              "Peak Memory Usage": 64640,
                              "Plans": [
                                {
                                  "Node Type": "Seq Scan",
                                  "Parent Relationship": "Outer",
                                  "Parallel Aware": true,
                                  "Relation Name": "movie_companies",
                                  "Alias": "mc",
                                  "Startup Cost": 0.0,
                                  "Total Cost": 31414.82,
                                  "Plan Rows": 355337,
                                  "Plan Width": 4,
                                  "Actual Startup Time": 41.249,
                                  "Actual Total Time": 71.626,
                                  "Actual Rows": 205283,
                                  "Actual Loops": 6,
                                  "Filter": "((company_id > 312) AND (company_type_id > 1))",
                                  "Rows Removed by Filter": 229572
                                }
                              ]
                            }
                          ]
                        }
                      ]
                    }
                  ]
                }
              ]
            }
          ]
        }
      ]
    },
    "Planning Time": 1.465,
    "Triggers": [],
    "Execution Time": 1652.607
  }
]