[
    {
        "Bao": {
            "Bao prediction": "NaN",
            "Bao recommended hint": "(no hint)"
        }
    },
    {
        "Plan": {
            "Node Type": "Aggregate",
            "Strategy": "Plain",
            "Partial Mode": "Finalize",
            "Parallel Aware": false,
            "Startup Cost": 327546.47,
            "Total Cost": 327546.48,
            "Plan Rows": 1,
            "Plan Width": 8,
            "Actual Startup Time": 282.153,
            "Actual Total Time": 292.019,
            "Actual Rows": 1,
            "Actual Loops": 1,
            "Output": [
                "count(*)"
            ],
            "Plans": [
                {
                    "Node Type": "Gather",
                    "Parent Relationship": "Outer",
                    "Parallel Aware": false,
                    "Startup Cost": 327545.85,
                    "Total Cost": 327546.46,
                    "Plan Rows": 6,
                    "Plan Width": 8,
                    "Actual Startup Time": 281.101,
                    "Actual Total Time": 292.011,
                    "Actual Rows": 7,
                    "Actual Loops": 1,
                    "Output": [
                        "(PARTIAL count(*))"
                    ],
                    "Workers Planned": 6,
                    "Workers Launched": 6,
                    "Single Copy": false,
                    "Plans": [
                        {
                            "Node Type": "Aggregate",
                            "Strategy": "Plain",
                            "Partial Mode": "Partial",
                            "Parent Relationship": "Outer",
                            "Parallel Aware": false,
                            "Startup Cost": 326545.85,
                            "Total Cost": 326545.86,
                            "Plan Rows": 1,
                            "Plan Width": 8,
                            "Actual Startup Time": 270.868,
                            "Actual Total Time": 270.87,
                            "Actual Rows": 1,
                            "Actual Loops": 7,
                            "Output": [
                                "PARTIAL count(*)"
                            ],
                            "Workers": [
                                {
                                    "Worker Number": 0,
                                    "Actual Startup Time": 268.509,
                                    "Actual Total Time": 268.51,
                                    "Actual Rows": 1,
                                    "Actual Loops": 1
                                },
                                {
                                    "Worker Number": 1,
                                    "Actual Startup Time": 268.214,
                                    "Actual Total Time": 268.215,
                                    "Actual Rows": 1,
                                    "Actual Loops": 1
                                },
                                {
                                    "Worker Number": 2,
                                    "Actual Startup Time": 268.49,
                                    "Actual Total Time": 268.492,
                                    "Actual Rows": 1,
                                    "Actual Loops": 1
                                },
                                {
                                    "Worker Number": 3,
                                    "Actual Startup Time": 269.733,
                                    "Actual Total Time": 269.734,
                                    "Actual Rows": 1,
                                    "Actual Loops": 1
                                },
                                {
                                    "Worker Number": 4,
                                    "Actual Startup Time": 269.978,
                                    "Actual Total Time": 269.98,
                                    "Actual Rows": 1,
                                    "Actual Loops": 1
                                },
                                {
                                    "Worker Number": 5,
                                    "Actual Startup Time": 270.41,
                                    "Actual Total Time": 270.412,
                                    "Actual Rows": 1,
                                    "Actual Loops": 1
                                }
                            ],
                            "Plans": [
                                {
                                    "Node Type": "Bitmap Heap Scan",
                                    "Parent Relationship": "Outer",
                                    "Parallel Aware": true,
                                    "Relation Name": "cast_info",
                                    "Schema": "public",
                                    "Alias": "ci",
                                    "Startup Cost": 66346.1,
                                    "Total Cost": 325293.72,
                                    "Plan Rows": 500850,
                                    "Plan Width": 0,
                                    "Actual Startup Time": 98.809,
                                    "Actual Total Time": 242.329,
                                    "Actual Rows": 441534,
                                    "Actual Loops": 7,
                                    "Recheck Cond": "(ci.person_id > 3492659)",
                                    "Rows Removed by Index Recheck": 0,
                                    "Exact Heap Blocks": 11365,
                                    "Lossy Heap Blocks": 0,
                                    "Workers": [
                                        {
                                            "Worker Number": 0,
                                            "Actual Startup Time": 96.642,
                                            "Actual Total Time": 239.729,
                                            "Actual Rows": 394393,
                                            "Actual Loops": 1
                                        },
                                        {
                                            "Worker Number": 1,
                                            "Actual Startup Time": 96.183,
                                            "Actual Total Time": 239.978,
                                            "Actual Rows": 381041,
                                            "Actual Loops": 1
                                        },
                                        {
                                            "Worker Number": 2,
                                            "Actual Startup Time": 96.391,
                                            "Actual Total Time": 242.929,
                                            "Actual Rows": 347686,
                                            "Actual Loops": 1
                                        },
                                        {
                                            "Worker Number": 3,
                                            "Actual Startup Time": 98.065,
                                            "Actual Total Time": 240.877,
                                            "Actual Rows": 394965,
                                            "Actual Loops": 1
                                        },
                                        {
                                            "Worker Number": 4,
                                            "Actual Startup Time": 97.964,
                                            "Actual Total Time": 242.774,
                                            "Actual Rows": 366708,
                                            "Actual Loops": 1
                                        },
                                        {
                                            "Worker Number": 5,
                                            "Actual Startup Time": 98.278,
                                            "Actual Total Time": 241.227,
                                            "Actual Rows": 398108,
                                            "Actual Loops": 1
                                        }
                                    ],
                                    "Plans": [
                                        {
                                            "Node Type": "Bitmap Index Scan",
                                            "Parent Relationship": "Outer",
                                            "Parallel Aware": false,
                                            "Index Name": "person_id_cast_info",
                                            "Startup Cost": 0.0,
                                            "Total Cost": 65594.82,
                                            "Plan Rows": 3005101,
                                            "Plan Width": 0,
                                            "Actual Startup Time": 101.305,
                                            "Actual Total Time": 101.305,
                                            "Actual Rows": 3090737,
                                            "Actual Loops": 1,
                                            "Index Cond": "(ci.person_id > 3492659)"
                                        }
                                    ]
                                }
                            ]
                        }
                    ]
                }
            ]
        },
        "Planning Time": 185.364,
        "Triggers": [],
        "Execution Time": 292.069
    }
]