[
    {
        "Bao": {
            "Bao prediction": "NaN",
            "Bao recommended hint": "(no hint)"
        }
    },
    {
        "Plan": {
            "Node Type": "Aggregate",
            "Strategy": "Plain",
            "Partial Mode": "Finalize",
            "Parallel Aware": false,
            "Startup Cost": 349294.35,
            "Total Cost": 349294.36,
            "Plan Rows": 1,
            "Plan Width": 8,
            "Actual Startup Time": 609.467,
            "Actual Total Time": 637.435,
            "Actual Rows": 1,
            "Actual Loops": 1,
            "Output": [
                "count(*)"
            ],
            "Plans": [
                {
                    "Node Type": "Gather",
                    "Parent Relationship": "Outer",
                    "Parallel Aware": false,
                    "Startup Cost": 349293.73,
                    "Total Cost": 349294.34,
                    "Plan Rows": 6,
                    "Plan Width": 8,
                    "Actual Startup Time": 609.208,
                    "Actual Total Time": 637.424,
                    "Actual Rows": 7,
                    "Actual Loops": 1,
                    "Output": [
                        "(PARTIAL count(*))"
                    ],
                    "Workers Planned": 6,
                    "Workers Launched": 6,
                    "Single Copy": false,
                    "Plans": [
                        {
                            "Node Type": "Aggregate",
                            "Strategy": "Plain",
                            "Partial Mode": "Partial",
                            "Parent Relationship": "Outer",
                            "Parallel Aware": false,
                            "Startup Cost": 348293.73,
                            "Total Cost": 348293.74,
                            "Plan Rows": 1,
                            "Plan Width": 8,
                            "Actual Startup Time": 599.053,
                            "Actual Total Time": 599.054,
                            "Actual Rows": 1,
                            "Actual Loops": 7,
                            "Output": [
                                "PARTIAL count(*)"
                            ],
                            "Workers": [
                                {
                                    "Worker Number": 0,
                                    "Actual Startup Time": 596.867,
                                    "Actual Total Time": 596.868,
                                    "Actual Rows": 1,
                                    "Actual Loops": 1
                                },
                                {
                                    "Worker Number": 1,
                                    "Actual Startup Time": 597.136,
                                    "Actual Total Time": 597.137,
                                    "Actual Rows": 1,
                                    "Actual Loops": 1
                                },
                                {
                                    "Worker Number": 2,
                                    "Actual Startup Time": 597.286,
                                    "Actual Total Time": 597.287,
                                    "Actual Rows": 1,
                                    "Actual Loops": 1
                                },
                                {
                                    "Worker Number": 3,
                                    "Actual Startup Time": 597.482,
                                    "Actual Total Time": 597.483,
                                    "Actual Rows": 1,
                                    "Actual Loops": 1
                                },
                                {
                                    "Worker Number": 4,
                                    "Actual Startup Time": 597.799,
                                    "Actual Total Time": 597.8,
                                    "Actual Rows": 1,
                                    "Actual Loops": 1
                                },
                                {
                                    "Worker Number": 5,
                                    "Actual Startup Time": 598.304,
                                    "Actual Total Time": 598.305,
                                    "Actual Rows": 1,
                                    "Actual Loops": 1
                                }
                            ],
                            "Plans": [
                                {
                                    "Node Type": "Seq Scan",
                                    "Parent Relationship": "Outer",
                                    "Parallel Aware": true,
                                    "Relation Name": "cast_info",
                                    "Schema": "public",
                                    "Alias": "ci",
                                    "Startup Cost": 0.0,
                                    "Total Cost": 343318.94,
                                    "Plan Rows": 1989916,
                                    "Plan Width": 0,
                                    "Actual Startup Time": 204.026,
                                    "Actual Total Time": 564.56,
                                    "Actual Rows": 805327,
                                    "Actual Loops": 7,
                                    "Output": [
                                        "id",
                                        "person_id",
                                        "movie_id",
                                        "person_role_id",
                                        "note",
                                        "nr_order",
                                        "role_id"
                                    ],
                                    "Filter": "((ci.person_id < 1820223) AND (ci.role_id > 1))",
                                    "Rows Removed by Filter": 4372436,
                                    "Workers": [
                                        {
                                            "Worker Number": 0,
                                            "Actual Startup Time": 201.842,
                                            "Actual Total Time": 563.601,
                                            "Actual Rows": 788676,
                                            "Actual Loops": 1
                                        },
                                        {
                                            "Worker Number": 1,
                                            "Actual Startup Time": 202.119,
                                            "Actual Total Time": 563.996,
                                            "Actual Rows": 784584,
                                            "Actual Loops": 1
                                        },
                                        {
                                            "Worker Number": 2,
                                            "Actual Startup Time": 202.261,
                                            "Actual Total Time": 563.943,
                                            "Actual Rows": 790290,
                                            "Actual Loops": 1
                                        },
                                        {
                                            "Worker Number": 3,
                                            "Actual Startup Time": 202.456,
                                            "Actual Total Time": 564.241,
                                            "Actual Rows": 780545,
                                            "Actual Loops": 1
                                        },
                                        {
                                            "Worker Number": 4,
                                            "Actual Startup Time": 202.768,
                                            "Actual Total Time": 564.1,
                                            "Actual Rows": 642334,
                                            "Actual Loops": 1
                                        },
                                        {
                                            "Worker Number": 5,
                                            "Actual Startup Time": 203.263,
                                            "Actual Total Time": 565.058,
                                            "Actual Rows": 789633,
                                            "Actual Loops": 1
                                        }
                                    ]
                                }
                            ]
                        }
                    ]
                }
            ]
        },
        "Planning Time": 224.998,
        "Triggers": [],
        "Execution Time": 637.548
    }
]