[
  {
    "Plan": {
      "Node Type": "Aggregate",
      "Strategy": "Plain",
      "Partial Mode": "Finalize",
      "Parallel Aware": false,
      "Startup Cost": 129066.54,
      "Total Cost": 129066.55,
      "Plan Rows": 1,
      "Plan Width": 8,
      "Actual Startup Time": 585.77,
      "Actual Total Time": 605.357,
      "Actual Rows": 1,
      "Actual Loops": 1,
      "Plans": [
        {
          "Node Type": "Gather",
          "Parent Relationship": "Outer",
          "Parallel Aware": false,
          "Startup Cost": 129066.22,
          "Total Cost": 129066.53,
          "Plan Rows": 3,
          "Plan Width": 8,
          "Actual Startup Time": 577.856,
          "Actual Total Time": 605.346,
          "Actual Rows": 4,
          "Actual Loops": 1,
          "Workers Planned": 3,
          "Workers Launched": 3,
          "Single Copy": false,
          "Plans": [
            {
              "Node Type": "Aggregate",
              "Strategy": "Plain",
              "Partial Mode": "Partial",
              "Parent Relationship": "Outer",
              "Parallel Aware": false,
              "Startup Cost": 128066.22,
              "Total Cost": 128066.23,
              "Plan Rows": 1,
              "Plan Width": 8,
              "Actual Startup Time": 574.128,
              "Actual Total Time": 574.521,
              "Actual Rows": 1,
              "Actual Loops": 4,
              "Plans": [
                {
                  "Node Type": "Hash Join",
                  "Parent Relationship": "Outer",
                  "Parallel Aware": true,
                  "Join Type": "Inner",
                  "Startup Cost": 82151.26,
                  "Total Cost": 127457.07,
                  "Plan Rows": 243660,
                  "Plan Width": 0,
                  "Actual Startup Time": 370.958,
                  "Actual Total Time": 562.018,
                  "Actual Rows": 309427,
                  "Actual Loops": 4,
                  "Inner Unique": false,
                  "Hash Cond": "(mk.movie_id = t.id)",
                  "Plans": [
                    {
                      "Node Type": "Seq Scan",
                      "Parent Relationship": "Outer",
                      "Parallel Aware": true,
                      "Relation Name": "movie_keyword",
                      "Alias": "mk",
                      "Startup Cost": 0.0,
                      "Total Cost": 39047.32,
                      "Plan Rows": 1459332,
                      "Plan Width": 4,
                      "Actual Startup Time": 0.032,
                      "Actual Total Time": 82.312,
                      "Actual Rows": 1130982,
                      "Actual Loops": 4
                    },
                    {
                      "Node Type": "Hash",
                      "Parent Relationship": "Inner",
                      "Parallel Aware": true,
                      "Startup Cost": 80448.98,
                      "Total Cost": 80448.98,
                      "Plan Rows": 136182,
                      "Plan Width": 8,
                      "Actual Startup Time": 368.911,
                      "Actual Total Time": 369.303,
                      "Actual Rows": 50148,
                      "Actual Loops": 4,
                      "Hash Buckets": 524288,
                      "Original Hash Buckets": 524288,
                      "Hash Batches": 1,
                      "Original Hash Batches": 1,
                      "Peak Memory Usage": 12032,
                      "Plans": [
                        {
                          "Node Type": "Hash Join",
                          "Parent Relationship": "Outer",
                          "Parallel Aware": true,
                          "Join Type": "Inner",
                          "Startup Cost": 48407.65,
                          "Total Cost": 80448.98,
                          "Plan Rows": 136182,
                          "Plan Width": 8,
                          "Actual Startup Time": 271.124,
                          "Actual Total Time": 348.78,
                          "Actual Rows": 50148,
                          "Actual Loops": 4,
                          "Inner Unique": true,
                          "Hash Cond": "(mc.movie_id = t.id)",
                          "Plans": [
                            {
                              "Node Type": "Seq Scan",
                              "Parent Relationship": "Outer",
                              "Parallel Aware": true,
                              "Relation Name": "movie_companies",
                              "Alias": "mc",
                              "Startup Cost": 0.0,
                              "Total Cost": 31414.82,
                              "Plan Rows": 238673,
                              "Plan Width": 4,
                              "Actual Startup Time": 30.574,
                              "Actual Total Time": 62.284,
                              "Actual Rows": 116675,
                              "Actual Loops": 4,
                              "Filter": "((company_id < 13110) AND (company_type_id > 1))",
                              "Rows Removed by Filter": 535607
                            },
                            {
                              "Node Type": "Hash",
                              "Parent Relationship": "Inner",
                              "Parallel Aware": true,
                              "Startup Cost": 43899.32,
                              "Total Cost": 43899.32,
                              "Plan Rows": 360666,
                              "Plan Width": 4,
                              "Actual Startup Time": 236.279,
                              "Actual Total Time": 236.283,
                              "Actual Rows": 358616,
                              "Actual Loops": 4,
                              "Hash Buckets": 2097152,
                              "Original Hash Buckets": 2097152,
                              "Hash Batches": 1,
                              "Original Hash Batches": 1,
                              "Peak Memory Usage": 72576,
                              "Plans": [
                                {
                                  "Node Type": "Seq Scan",
                                  "Parent Relationship": "Outer",
                                  "Parallel Aware": true,
                                  "Relation Name": "title",
                                  "Alias": "t",
                                  "Startup Cost": 0.0,
                                  "Total Cost": 43899.32,
                                  "Plan Rows": 360666,
                                  "Plan Width": 4,
                                  "Actual Startup Time": 0.037,
                                  "Actual Total Time": 104.495,
                                  "Actual Rows": 358616,
                                  "Actual Loops": 4,
                                  "Filter": "(production_year > 1999)",
                                  "Rows Removed by Filter": 273462
                                }
                              ]
                            }
                          ]
                        }
                      ]
                    }
                  ]
                }
              ]
            }
          ]
        }
      ]
    },
    "Planning Time": 0.636,
    "Triggers": [],
    "Execution Time": 605.404
  }
]