{
  "Plan": {
    "Node Type": "Aggregate",
    "Strategy": "Plain",
    "Partial Mode": "Simple",
    "Parallel Aware": false,
    "Startup Cost": 3154.13,
    "Total Cost": 3154.14,
    "Plan Rows": 1,
    "Plan Width": 8,
    "Actual Startup Time": 29.951,
    "Actual Total Time": 29.953,
    "Actual Rows": 1,
    "Actual Loops": 1,
    "Plans": [
      {
        "Node Type": "Nested Loop",
        "Parent Relationship": "Outer",
        "Parallel Aware": false,
        "Join Type": "Inner",
        "Startup Cost": 7.21,
        "Total Cost": 3154.09,
        "Plan Rows": 17,
        "Plan Width": 0,
        "Actual Startup Time": 6.922,
        "Actual Total Time": 29.829,
        "Actual Rows": 561,
        "Actual Loops": 1,
        "Inner Unique": false,
        "Plans": [
          {
            "Node Type": "Nested Loop",
            "Parent Relationship": "Outer",
            "Parallel Aware": false,
            "Join Type": "Inner",
            "Startup Cost": 6.78,
            "Total Cost": 3005.96,
            "Plan Rows": 248,
            "Plan Width": 8,
            "Actual Startup Time": 0.817,
            "Actual Total Time": 14.748,
            "Actual Rows": 953,
            "Actual Loops": 1,
            "Inner Unique": true,
            "Plans": [
              {
                "Node Type": "Bitmap Heap Scan",
                "Parent Relationship": "Outer",
                "Parallel Aware": false,
                "Relation Name": "movie_keyword",
                "Alias": "mk",
                "Startup Cost": 6.35,
                "Total Cost": 922.98,
                "Plan Rows": 248,
                "Plan Width": 4,
                "Actual Startup Time": 0.773,
                "Actual Total Time": 3.47,
                "Actual Rows": 953,
                "Actual Loops": 1,
                "Recheck Cond": "(keyword_id = 5706)",
                "Rows Removed by Index Recheck": 0,
                "Exact Heap Blocks": 904,
                "Lossy Heap Blocks": 0,
                "Plans": [
                  {
                    "Node Type": "Bitmap Index Scan",
                    "Parent Relationship": "Outer",
                    "Parallel Aware": false,
                    "Index Name": "keyword_id_movie_keyword",
                    "Startup Cost": 0.0,
                    "Total Cost": 6.29,
                    "Plan Rows": 248,
                    "Plan Width": 0,
                    "Actual Startup Time": 0.448,
                    "Actual Total Time": 0.448,
                    "Actual Rows": 953,
                    "Actual Loops": 1,
                    "Index Cond": "(keyword_id = 5706)"
                  }
                ]
              },
              {
                "Node Type": "Index Only Scan",
                "Parent Relationship": "Inner",
                "Parallel Aware": false,
                "Scan Direction": "Forward",
                "Index Name": "title_pkey",
                "Relation Name": "title",
                "Alias": "t",
                "Startup Cost": 0.43,
                "Total Cost": 8.4,
                "Plan Rows": 1,
                "Plan Width": 4,
                "Actual Startup Time": 0.011,
                "Actual Total Time": 0.011,
                "Actual Rows": 1,
                "Actual Loops": 953,
                "Index Cond": "(id = mk.movie_id)",
                "Rows Removed by Index Recheck": 0,
                "Heap Fetches": 953
              }
            ]
          },
          {
            "Node Type": "Index Scan",
            "Parent Relationship": "Inner",
            "Parallel Aware": false,
            "Scan Direction": "Forward",
            "Index Name": "movie_id_movie_companies",
            "Relation Name": "movie_companies",
            "Alias": "mc",
            "Startup Cost": 0.43,
            "Total Cost": 0.59,
            "Plan Rows": 1,
            "Plan Width": 4,
            "Actual Startup Time": 0.015,
            "Actual Total Time": 0.015,
            "Actual Rows": 1,
            "Actual Loops": 953,
            "Index Cond": "(movie_id = t.id)",
            "Rows Removed by Index Recheck": 0,
            "Filter": "((company_id > 88524) AND (company_type_id > 1))",
            "Rows Removed by Filter": 6
          }
        ]
      }
    ]
  },
  "Planning Time": 1.184,
  "Triggers": [],
  "Execution Time": 30.041
}