[
  {
    "Plan": {
      "Node Type": "Aggregate",
      "Strategy": "Plain",
      "Partial Mode": "Finalize",
      "Parallel Aware": false,
      "Startup Cost": 128000.18,
      "Total Cost": 128000.19,
      "Plan Rows": 1,
      "Plan Width": 8,
      "Actual Startup Time": 118.252,
      "Actual Total Time": 134.729,
      "Actual Rows": 1,
      "Actual Loops": 1,
      "Plans": [
        {
          "Node Type": "Gather",
          "Parent Relationship": "Outer",
          "Parallel Aware": false,
          "Startup Cost": 127999.76,
          "Total Cost": 128000.17,
          "Plan Rows": 4,
          "Plan Width": 8,
          "Actual Startup Time": 118.084,
          "Actual Total Time": 134.716,
          "Actual Rows": 5,
          "Actual Loops": 1,
          "Workers Planned": 4,
          "Workers Launched": 4,
          "Single Copy": false,
          "Plans": [
            {
              "Node Type": "Aggregate",
              "Strategy": "Plain",
              "Partial Mode": "Partial",
              "Parent Relationship": "Outer",
              "Parallel Aware": false,
              "Startup Cost": 126999.76,
              "Total Cost": 126999.77,
              "Plan Rows": 1,
              "Plan Width": 8,
              "Actual Startup Time": 110.904,
              "Actual Total Time": 110.905,
              "Actual Rows": 1,
              "Actual Loops": 5,
              "Plans": [
                {
                  "Node Type": "Nested Loop",
                  "Parent Relationship": "Outer",
                  "Parallel Aware": false,
                  "Join Type": "Inner",
                  "Startup Cost": 0.43,
                  "Total Cost": 126990.17,
                  "Plan Rows": 3836,
                  "Plan Width": 0,
                  "Actual Startup Time": 59.507,
                  "Actual Total Time": 110.237,
                  "Actual Rows": 6626,
                  "Actual Loops": 5,
                  "Inner Unique": false,
                  "Plans": [
                    {
                      "Node Type": "Seq Scan",
                      "Parent Relationship": "Outer",
                      "Parallel Aware": true,
                      "Relation Name": "title",
                      "Alias": "t",
                      "Startup Cost": 0.0,
                      "Total Cost": 43899.32,
                      "Plan Rows": 653,
                      "Plan Width": 4,
                      "Actual Startup Time": 59.366,
                      "Actual Total Time": 84.159,
                      "Actual Rows": 583,
                      "Actual Loops": 5,
                      "Filter": "(production_year = 1927)",
                      "Rows Removed by Filter": 505079
                    },
                    {
                      "Node Type": "Index Only Scan",
                      "Parent Relationship": "Inner",
                      "Parallel Aware": false,
                      "Scan Direction": "Forward",
                      "Index Name": "movie_id_movie_info",
                      "Relation Name": "movie_info",
                      "Alias": "mi",
                      "Startup Cost": 0.43,
                      "Total Cost": 126.83,
                      "Plan Rows": 41,
                      "Plan Width": 4,
                      "Actual Startup Time": 0.016,
                      "Actual Total Time": 0.043,
                      "Actual Rows": 11,
                      "Actual Loops": 2915,
                      "Index Cond": "(movie_id = t.id)",
                      "Rows Removed by Index Recheck": 0,
                      "Heap Fetches": 33131
                    }
                  ]
                }
              ]
            }
          ]
        }
      ]
    },
    "Planning Time": 0.646,
    "Triggers": [],
    "Execution Time": 134.809
  }
]