[
  {
    "Plan": {
      "Node Type": "Aggregate",
      "Strategy": "Plain",
      "Partial Mode": "Finalize",
      "Parallel Aware": false,
      "Startup Cost": 337212.29,
      "Total Cost": 337212.3,
      "Plan Rows": 1,
      "Plan Width": 8,
      "Actual Startup Time": 848.115,
      "Actual Total Time": 897.237,
      "Actual Rows": 1,
      "Actual Loops": 1,
      "Plans": [
        {
          "Node Type": "Gather",
          "Parent Relationship": "Outer",
          "Parallel Aware": false,
          "Startup Cost": 337211.67,
          "Total Cost": 337212.28,
          "Plan Rows": 6,
          "Plan Width": 8,
          "Actual Startup Time": 847.829,
          "Actual Total Time": 897.225,
          "Actual Rows": 7,
          "Actual Loops": 1,
          "Workers Planned": 6,
          "Workers Launched": 6,
          "Single Copy": false,
          "Plans": [
            {
              "Node Type": "Aggregate",
              "Strategy": "Plain",
              "Partial Mode": "Partial",
              "Parent Relationship": "Outer",
              "Parallel Aware": false,
              "Startup Cost": 336211.67,
              "Total Cost": 336211.68,
              "Plan Rows": 1,
              "Plan Width": 8,
              "Actual Startup Time": 837.482,
              "Actual Total Time": 837.483,
              "Actual Rows": 1,
              "Actual Loops": 7,
              "Plans": [
                {
                  "Node Type": "Seq Scan",
                  "Parent Relationship": "Outer",
                  "Parallel Aware": true,
                  "Relation Name": "cast_info",
                  "Alias": "ci",
                  "Startup Cost": 0.0,
                  "Total Cost": 328211.39,
                  "Plan Rows": 3200110,
                  "Plan Width": 0,
                  "Actual Startup Time": 211.209,
                  "Actual Total Time": 679.735,
                  "Actual Rows": 2718548,
                  "Actual Loops": 7,
                  "Filter": "(person_id > 1700370)",
                  "Rows Removed by Filter": 2459215
                }
              ]
            }
          ]
        }
      ]
    },
    "Planning Time": 0.183,
    "Triggers": [],
    "Execution Time": 897.306
  }
]