[
  {
    "Plan": {
      "Node Type": "Aggregate",
      "Strategy": "Plain",
      "Partial Mode": "Finalize",
      "Parallel Aware": false,
      "Startup Cost": 399523.43,
      "Total Cost": 399523.44,
      "Plan Rows": 1,
      "Plan Width": 8,
      "Actual Startup Time": 1163.47,
      "Actual Total Time": 1227.181,
      "Actual Rows": 1,
      "Actual Loops": 1,
      "Plans": [
        {
          "Node Type": "Gather",
          "Parent Relationship": "Outer",
          "Parallel Aware": false,
          "Startup Cost": 399522.81,
          "Total Cost": 399523.42,
          "Plan Rows": 6,
          "Plan Width": 8,
          "Actual Startup Time": 1160.477,
          "Actual Total Time": 1227.17,
          "Actual Rows": 7,
          "Actual Loops": 1,
          "Workers Planned": 6,
          "Workers Launched": 6,
          "Single Copy": false,
          "Plans": [
            {
              "Node Type": "Aggregate",
              "Strategy": "Plain",
              "Partial Mode": "Partial",
              "Parent Relationship": "Outer",
              "Parallel Aware": false,
              "Startup Cost": 398522.81,
              "Total Cost": 398522.82,
              "Plan Rows": 1,
              "Plan Width": 8,
              "Actual Startup Time": 1151.473,
              "Actual Total Time": 1151.476,
              "Actual Rows": 1,
              "Actual Loops": 7,
              "Plans": [
                {
                  "Node Type": "Hash Join",
                  "Parent Relationship": "Outer",
                  "Parallel Aware": true,
                  "Join Type": "Inner",
                  "Startup Cost": 46419.42,
                  "Total Cost": 397628.67,
                  "Plan Rows": 357656,
                  "Plan Width": 0,
                  "Actual Startup Time": 334.696,
                  "Actual Total Time": 1144.754,
                  "Actual Rows": 120243,
                  "Actual Loops": 7,
                  "Inner Unique": true,
                  "Hash Cond": "(ci.movie_id = t.id)",
                  "Plans": [
                    {
                      "Node Type": "Seq Scan",
                      "Parent Relationship": "Outer",
                      "Parallel Aware": true,
                      "Relation Name": "cast_info",
                      "Alias": "ci",
                      "Startup Cost": 0.0,
                      "Total Cost": 343316.27,
                      "Plan Rows": 3006842,
                      "Plan Width": 4,
                      "Actual Startup Time": 236.165,
                      "Actual Total Time": 729.255,
                      "Actual Rows": 2168287,
                      "Actual Loops": 7,
                      "Filter": "((person_id < 2844810) AND (role_id > 1))",
                      "Rows Removed by Filter": 3009476
                    },
                    {
                      "Node Type": "Hash",
                      "Parent Relationship": "Inner",
                      "Parallel Aware": true,
                      "Startup Cost": 45479.59,
                      "Total Cost": 45479.59,
                      "Plan Rows": 75187,
                      "Plan Width": 4,
                      "Actual Startup Time": 95.759,
                      "Actual Total Time": 95.76,
                      "Actual Rows": 28823,
                      "Actual Loops": 7,
                      "Hash Buckets": 524288,
                      "Original Hash Buckets": 524288,
                      "Hash Batches": 1,
                      "Original Hash Batches": 1,
                      "Peak Memory Usage": 12128,
                      "Plans": [
                        {
                          "Node Type": "Seq Scan",
                          "Parent Relationship": "Outer",
                          "Parallel Aware": true,
                          "Relation Name": "title",
                          "Alias": "t",
                          "Startup Cost": 0.0,
                          "Total Cost": 45479.59,
                          "Plan Rows": 75187,
                          "Plan Width": 4,
                          "Actual Startup Time": 0.05,
                          "Actual Total Time": 79.143,
                          "Actual Rows": 28823,
                          "Actual Loops": 7,
                          "Filter": "((production_year < 1980) AND (kind_id = 7))",
                          "Rows Removed by Filter": 332364
                        }
                      ]
                    }
                  ]
                }
              ]
            }
          ]
        }
      ]
    },
    "Planning Time": 0.544,
    "Triggers": [],
    "Execution Time": 1227.261
  }
]