[
  {
    "Plan": {
      "Node Type": "Aggregate",
      "Strategy": "Plain",
      "Partial Mode": "Finalize",
      "Parallel Aware": false,
      "Startup Cost": 399552.2,
      "Total Cost": 399552.21,
      "Plan Rows": 1,
      "Plan Width": 8,
      "Actual Startup Time": 1041.915,
      "Actual Total Time": 1109.234,
      "Actual Rows": 1,
      "Actual Loops": 1,
      "Plans": [
        {
          "Node Type": "Gather",
          "Parent Relationship": "Outer",
          "Parallel Aware": false,
          "Startup Cost": 399551.57,
          "Total Cost": 399552.18,
          "Plan Rows": 6,
          "Plan Width": 8,
          "Actual Startup Time": 1039.963,
          "Actual Total Time": 1109.221,
          "Actual Rows": 7,
          "Actual Loops": 1,
          "Workers Planned": 6,
          "Workers Launched": 6,
          "Single Copy": false,
          "Plans": [
            {
              "Node Type": "Aggregate",
              "Strategy": "Plain",
              "Partial Mode": "Partial",
              "Parent Relationship": "Outer",
              "Parallel Aware": false,
              "Startup Cost": 398551.57,
              "Total Cost": 398551.58,
              "Plan Rows": 1,
              "Plan Width": 8,
              "Actual Startup Time": 1029.279,
              "Actual Total Time": 1029.282,
              "Actual Rows": 1,
              "Actual Loops": 7,
              "Plans": [
                {
                  "Node Type": "Hash Join",
                  "Parent Relationship": "Outer",
                  "Parallel Aware": true,
                  "Join Type": "Inner",
                  "Startup Cost": 46427.34,
                  "Total Cost": 397642.0,
                  "Plan Rows": 363827,
                  "Plan Width": 0,
                  "Actual Startup Time": 295.951,
                  "Actual Total Time": 1023.335,
                  "Actual Rows": 120243,
                  "Actual Loops": 7,
                  "Inner Unique": true,
                  "Hash Cond": "(ci.movie_id = t.id)",
                  "Plans": [
                    {
                      "Node Type": "Seq Scan",
                      "Parent Relationship": "Outer",
                      "Parallel Aware": true,
                      "Relation Name": "cast_info",
                      "Alias": "ci",
                      "Startup Cost": 0.0,
                      "Total Cost": 343257.03,
                      "Plan Rows": 3031477,
                      "Plan Width": 4,
                      "Actual Startup Time": 206.047,
                      "Actual Total Time": 650.681,
                      "Actual Rows": 2168287,
                      "Actual Loops": 7,
                      "Filter": "((person_id < 2844810) AND (role_id > 1))",
                      "Rows Removed by Filter": 3009476
                    },
                    {
                      "Node Type": "Hash",
                      "Parent Relationship": "Inner",
                      "Parallel Aware": true,
                      "Startup Cost": 45479.1,
                      "Total Cost": 45479.1,
                      "Plan Rows": 75859,
                      "Plan Width": 4,
                      "Actual Startup Time": 87.18,
                      "Actual Total Time": 87.181,
                      "Actual Rows": 28823,
                      "Actual Loops": 7,
                      "Hash Buckets": 524288,
                      "Original Hash Buckets": 524288,
                      "Hash Batches": 1,
                      "Original Hash Batches": 1,
                      "Peak Memory Usage": 12128,
                      "Plans": [
                        {
                          "Node Type": "Seq Scan",
                          "Parent Relationship": "Outer",
                          "Parallel Aware": true,
                          "Relation Name": "title",
                          "Alias": "t",
                          "Startup Cost": 0.0,
                          "Total Cost": 45479.1,
                          "Plan Rows": 75859,
                          "Plan Width": 4,
                          "Actual Startup Time": 0.038,
                          "Actual Total Time": 72.701,
                          "Actual Rows": 28823,
                          "Actual Loops": 7,
                          "Filter": "((production_year < 1980) AND (kind_id = 7))",
                          "Rows Removed by Filter": 332364
                        }
                      ]
                    }
                  ]
                }
              ]
            }
          ]
        }
      ]
    },
    "Planning Time": 0.647,
    "Triggers": [],
    "Execution Time": 1109.323
  }
]