[
  {
    "Plan": {
      "Node Type": "Aggregate",
      "Strategy": "Plain",
      "Partial Mode": "Finalize",
      "Parallel Aware": false,
      "Startup Cost": 228271.89,
      "Total Cost": 228271.9,
      "Plan Rows": 1,
      "Plan Width": 8,
      "Actual Startup Time": 164.688,
      "Actual Total Time": 190.132,
      "Actual Rows": 1,
      "Actual Loops": 1,
      "Plans": [
        {
          "Node Type": "Gather",
          "Parent Relationship": "Outer",
          "Parallel Aware": false,
          "Startup Cost": 228271.47,
          "Total Cost": 228271.88,
          "Plan Rows": 4,
          "Plan Width": 8,
          "Actual Startup Time": 164.564,
          "Actual Total Time": 190.125,
          "Actual Rows": 5,
          "Actual Loops": 1,
          "Workers Planned": 4,
          "Workers Launched": 4,
          "Single Copy": false,
          "Plans": [
            {
              "Node Type": "Aggregate",
              "Strategy": "Plain",
              "Partial Mode": "Partial",
              "Parent Relationship": "Outer",
              "Parallel Aware": false,
              "Startup Cost": 227271.47,
              "Total Cost": 227271.48,
              "Plan Rows": 1,
              "Plan Width": 8,
              "Actual Startup Time": 155.723,
              "Actual Total Time": 155.724,
              "Actual Rows": 1,
              "Actual Loops": 5,
              "Plans": [
                {
                  "Node Type": "Nested Loop",
                  "Parent Relationship": "Outer",
                  "Parallel Aware": false,
                  "Join Type": "Inner",
                  "Startup Cost": 0.43,
                  "Total Cost": 227207.7,
                  "Plan Rows": 25507,
                  "Plan Width": 0,
                  "Actual Startup Time": 0.627,
                  "Actual Total Time": 153.387,
                  "Actual Rows": 33786,
                  "Actual Loops": 5,
                  "Inner Unique": false,
                  "Plans": [
                    {
                      "Node Type": "Seq Scan",
                      "Parent Relationship": "Outer",
                      "Parallel Aware": true,
                      "Relation Name": "title",
                      "Alias": "t",
                      "Startup Cost": 0.0,
                      "Total Cost": 45479.1,
                      "Plan Rows": 4362,
                      "Plan Width": 4,
                      "Actual Startup Time": 0.414,
                      "Actual Total Time": 69.675,
                      "Actual Rows": 2890,
                      "Actual Loops": 5,
                      "Filter": "((kind_id < 7) AND (production_year = 1998))",
                      "Rows Removed by Filter": 502773
                    },
                    {
                      "Node Type": "Index Only Scan",
                      "Parent Relationship": "Inner",
                      "Parallel Aware": false,
                      "Scan Direction": "Forward",
                      "Index Name": "movie_id_movie_info",
                      "Relation Name": "movie_info",
                      "Alias": "mi",
                      "Startup Cost": 0.43,
                      "Total Cost": 41.24,
                      "Plan Rows": 42,
                      "Plan Width": 4,
                      "Actual Startup Time": 0.01,
                      "Actual Total Time": 0.028,
                      "Actual Rows": 12,
                      "Actual Loops": 14449,
                      "Index Cond": "(movie_id = t.id)",
                      "Rows Removed by Index Recheck": 0,
                      "Heap Fetches": 168931
                    }
                  ]
                }
              ]
            }
          ]
        }
      ]
    },
    "Planning Time": 0.377,
    "Triggers": [],
    "Execution Time": 190.185
  }
]