[
  {
    "Plan": {
      "Node Type": "Aggregate",
      "Strategy": "Plain",
      "Partial Mode": "Finalize",
      "Parallel Aware": false,
      "Startup Cost": 30691.34,
      "Total Cost": 30691.35,
      "Plan Rows": 1,
      "Plan Width": 8,
      "Actual Startup Time": 73.981,
      "Actual Total Time": 81.305,
      "Actual Rows": 1,
      "Actual Loops": 1,
      "Plans": [
        {
          "Node Type": "Gather",
          "Parent Relationship": "Outer",
          "Parallel Aware": false,
          "Startup Cost": 30691.02,
          "Total Cost": 30691.33,
          "Plan Rows": 3,
          "Plan Width": 8,
          "Actual Startup Time": 73.879,
          "Actual Total Time": 81.297,
          "Actual Rows": 4,
          "Actual Loops": 1,
          "Workers Planned": 3,
          "Workers Launched": 3,
          "Single Copy": false,
          "Plans": [
            {
              "Node Type": "Aggregate",
              "Strategy": "Plain",
              "Partial Mode": "Partial",
              "Parent Relationship": "Outer",
              "Parallel Aware": false,
              "Startup Cost": 29691.02,
              "Total Cost": 29691.03,
              "Plan Rows": 1,
              "Plan Width": 8,
              "Actual Startup Time": 68.967,
              "Actual Total Time": 68.968,
              "Actual Rows": 1,
              "Actual Loops": 4,
              "Plans": [
                {
                  "Node Type": "Seq Scan",
                  "Parent Relationship": "Outer",
                  "Parallel Aware": true,
                  "Relation Name": "movie_companies",
                  "Alias": "mc",
                  "Startup Cost": 0.0,
                  "Total Cost": 29310.68,
                  "Plan Rows": 152136,
                  "Plan Width": 0,
                  "Actual Startup Time": 0.025,
                  "Actual Total Time": 62.966,
                  "Actual Rows": 116570,
                  "Actual Loops": 4,
                  "Filter": "(company_id < 401)",
                  "Rows Removed by Filter": 535712
                }
              ]
            }
          ]
        }
      ]
    },
    "Planning Time": 0.192,
    "Triggers": [],
    "Execution Time": 81.359
  }
]