[
  {
    "Plan": {
      "Node Type": "Aggregate",
      "Strategy": "Plain",
      "Partial Mode": "Finalize",
      "Parallel Aware": false,
      "Startup Cost": 31020.64,
      "Total Cost": 31020.65,
      "Plan Rows": 1,
      "Plan Width": 8,
      "Actual Startup Time": 107.162,
      "Actual Total Time": 114.808,
      "Actual Rows": 1,
      "Actual Loops": 1,
      "Plans": [
        {
          "Node Type": "Gather",
          "Parent Relationship": "Outer",
          "Parallel Aware": false,
          "Startup Cost": 31020.32,
          "Total Cost": 31020.63,
          "Plan Rows": 3,
          "Plan Width": 8,
          "Actual Startup Time": 107.047,
          "Actual Total Time": 114.78,
          "Actual Rows": 4,
          "Actual Loops": 1,
          "Workers Planned": 3,
          "Workers Launched": 3,
          "Single Copy": false,
          "Plans": [
            {
              "Node Type": "Aggregate",
              "Strategy": "Plain",
              "Partial Mode": "Partial",
              "Parent Relationship": "Outer",
              "Parallel Aware": false,
              "Startup Cost": 30020.32,
              "Total Cost": 30020.33,
              "Plan Rows": 1,
              "Plan Width": 8,
              "Actual Startup Time": 100.024,
              "Actual Total Time": 100.025,
              "Actual Rows": 1,
              "Actual Loops": 4,
              "Plans": [
                {
                  "Node Type": "Seq Scan",
                  "Parent Relationship": "Outer",
                  "Parallel Aware": true,
                  "Relation Name": "movie_companies",
                  "Alias": "mc",
                  "Startup Cost": 0.0,
                  "Total Cost": 29310.68,
                  "Plan Rows": 283855,
                  "Plan Width": 0,
                  "Actual Startup Time": 0.043,
                  "Actual Total Time": 84.435,
                  "Actual Rows": 218657,
                  "Actual Loops": 4,
                  "Filter": "(company_id < 2562)",
                  "Rows Removed by Filter": 433626
                }
              ]
            }
          ]
        }
      ]
    },
    "Planning Time": 0.203,
    "Triggers": [],
    "Execution Time": 114.879
  }
]