[
    {
        "Bao": {
            "Bao prediction": "NaN",
            "Bao recommended hint": "(no hint)"
        }
    },
    {
        "Plan": {
            "Node Type": "Aggregate",
            "Strategy": "Plain",
            "Partial Mode": "Finalize",
            "Parallel Aware": false,
            "Startup Cost": 32983.24,
            "Total Cost": 32983.25,
            "Plan Rows": 1,
            "Plan Width": 8,
            "Actual Startup Time": 84.871,
            "Actual Total Time": 90.342,
            "Actual Rows": 1,
            "Actual Loops": 1,
            "Output": [
                "count(*)"
            ],
            "Plans": [
                {
                    "Node Type": "Gather",
                    "Parent Relationship": "Outer",
                    "Parallel Aware": false,
                    "Startup Cost": 32982.93,
                    "Total Cost": 32983.24,
                    "Plan Rows": 3,
                    "Plan Width": 8,
                    "Actual Startup Time": 84.788,
                    "Actual Total Time": 90.335,
                    "Actual Rows": 4,
                    "Actual Loops": 1,
                    "Output": [
                        "(PARTIAL count(*))"
                    ],
                    "Workers Planned": 3,
                    "Workers Launched": 3,
                    "Single Copy": false,
                    "Plans": [
                        {
                            "Node Type": "Aggregate",
                            "Strategy": "Plain",
                            "Partial Mode": "Partial",
                            "Parent Relationship": "Outer",
                            "Parallel Aware": false,
                            "Startup Cost": 31982.93,
                            "Total Cost": 31982.94,
                            "Plan Rows": 1,
                            "Plan Width": 8,
                            "Actual Startup Time": 76.465,
                            "Actual Total Time": 76.466,
                            "Actual Rows": 1,
                            "Actual Loops": 4,
                            "Output": [
                                "PARTIAL count(*)"
                            ],
                            "Workers": [
                                {
                                    "Worker Number": 0,
                                    "Actual Startup Time": 73.645,
                                    "Actual Total Time": 73.646,
                                    "Actual Rows": 1,
                                    "Actual Loops": 1
                                },
                                {
                                    "Worker Number": 1,
                                    "Actual Startup Time": 73.909,
                                    "Actual Total Time": 73.91,
                                    "Actual Rows": 1,
                                    "Actual Loops": 1
                                },
                                {
                                    "Worker Number": 2,
                                    "Actual Startup Time": 73.993,
                                    "Actual Total Time": 73.994,
                                    "Actual Rows": 1,
                                    "Actual Loops": 1
                                }
                            ],
                            "Plans": [
                                {
                                    "Node Type": "Seq Scan",
                                    "Parent Relationship": "Outer",
                                    "Parallel Aware": true,
                                    "Relation Name": "movie_companies",
                                    "Schema": "public",
                                    "Alias": "mc",
                                    "Startup Cost": 0.0,
                                    "Total Cost": 31414.82,
                                    "Plan Rows": 227243,
                                    "Plan Width": 0,
                                    "Actual Startup Time": 10.948,
                                    "Actual Total Time": 70.185,
                                    "Actual Rows": 122176,
                                    "Actual Loops": 4,
                                    "Output": [
                                        "id",
                                        "movie_id",
                                        "company_id",
                                        "company_type_id",
                                        "note"
                                    ],
                                    "Filter": "((mc.company_id > 9774) AND (mc.company_type_id < 2))",
                                    "Rows Removed by Filter": 530107,
                                    "Workers": [
                                        {
                                            "Worker Number": 0,
                                            "Actual Startup Time": 8.173,
                                            "Actual Total Time": 67.688,
                                            "Actual Rows": 99444,
                                            "Actual Loops": 1
                                        },
                                        {
                                            "Worker Number": 1,
                                            "Actual Startup Time": 8.389,
                                            "Actual Total Time": 68.034,
                                            "Actual Rows": 101117,
                                            "Actual Loops": 1
                                        },
                                        {
                                            "Worker Number": 2,
                                            "Actual Startup Time": 8.48,
                                            "Actual Total Time": 67.938,
                                            "Actual Rows": 103158,
                                            "Actual Loops": 1
                                        }
                                    ]
                                }
                            ]
                        }
                    ]
                }
            ]
        },
        "Planning Time": 190.816,
        "Triggers": [],
        "Execution Time": 90.45
    }
]