[
  {
    "Plan": {
      "Node Type": "Aggregate",
      "Strategy": "Plain",
      "Partial Mode": "Finalize",
      "Parallel Aware": false,
      "Startup Cost": 44287.2,
      "Total Cost": 44287.21,
      "Plan Rows": 1,
      "Plan Width": 8,
      "Actual Startup Time": 135.974,
      "Actual Total Time": 146.682,
      "Actual Rows": 1,
      "Actual Loops": 1,
      "Plans": [
        {
          "Node Type": "Gather",
          "Parent Relationship": "Outer",
          "Parallel Aware": false,
          "Startup Cost": 44286.89,
          "Total Cost": 44287.2,
          "Plan Rows": 3,
          "Plan Width": 8,
          "Actual Startup Time": 135.839,
          "Actual Total Time": 146.67,
          "Actual Rows": 4,
          "Actual Loops": 1,
          "Workers Planned": 3,
          "Workers Launched": 3,
          "Single Copy": false,
          "Plans": [
            {
              "Node Type": "Aggregate",
              "Strategy": "Plain",
              "Partial Mode": "Partial",
              "Parent Relationship": "Outer",
              "Parallel Aware": false,
              "Startup Cost": 43286.89,
              "Total Cost": 43286.9,
              "Plan Rows": 1,
              "Plan Width": 8,
              "Actual Startup Time": 130.261,
              "Actual Total Time": 130.263,
              "Actual Rows": 1,
              "Actual Loops": 4,
              "Plans": [
                {
                  "Node Type": "Seq Scan",
                  "Parent Relationship": "Outer",
                  "Parallel Aware": true,
                  "Relation Name": "movie_keyword",
                  "Alias": "mk",
                  "Startup Cost": 0.0,
                  "Total Cost": 42695.65,
                  "Plan Rows": 236493,
                  "Plan Width": 0,
                  "Actual Startup Time": 0.053,
                  "Actual Total Time": 118.553,
                  "Actual Rows": 183168,
                  "Actual Loops": 4,
                  "Filter": "(keyword_id < 654)",
                  "Rows Removed by Filter": 947814
                }
              ]
            }
          ]
        }
      ]
    },
    "Planning Time": 0.19,
    "Triggers": [],
    "Execution Time": 146.739
  }
]