[
  {
    "Plan": {
      "Node Type": "Aggregate",
      "Strategy": "Plain",
      "Partial Mode": "Finalize",
      "Parallel Aware": false,
      "Startup Cost": 331756.68,
      "Total Cost": 331756.69,
      "Plan Rows": 1,
      "Plan Width": 8,
      "Actual Startup Time": 661.12,
      "Actual Total Time": 708.287,
      "Actual Rows": 1,
      "Actual Loops": 1,
      "Plans": [
        {
          "Node Type": "Gather",
          "Parent Relationship": "Outer",
          "Parallel Aware": false,
          "Startup Cost": 331756.05,
          "Total Cost": 331756.66,
          "Plan Rows": 6,
          "Plan Width": 8,
          "Actual Startup Time": 660.952,
          "Actual Total Time": 708.273,
          "Actual Rows": 7,
          "Actual Loops": 1,
          "Workers Planned": 6,
          "Workers Launched": 6,
          "Single Copy": false,
          "Plans": [
            {
              "Node Type": "Aggregate",
              "Strategy": "Plain",
              "Partial Mode": "Partial",
              "Parent Relationship": "Outer",
              "Parallel Aware": false,
              "Startup Cost": 330756.05,
              "Total Cost": 330756.06,
              "Plan Rows": 1,
              "Plan Width": 8,
              "Actual Startup Time": 652.803,
              "Actual Total Time": 652.805,
              "Actual Rows": 1,
              "Actual Loops": 7,
              "Plans": [
                {
                  "Node Type": "Seq Scan",
                  "Parent Relationship": "Outer",
                  "Parallel Aware": true,
                  "Relation Name": "cast_info",
                  "Alias": "ci",
                  "Startup Cost": 0.0,
                  "Total Cost": 328211.39,
                  "Plan Rows": 1017864,
                  "Plan Width": 0,
                  "Actual Startup Time": 386.782,
                  "Actual Total Time": 605.565,
                  "Actual Rows": 865602,
                  "Actual Loops": 7,
                  "Filter": "(person_id > 3042716)",
                  "Rows Removed by Filter": 4312161
                }
              ]
            }
          ]
        }
      ]
    },
    "Planning Time": 0.163,
    "Triggers": [],
    "Execution Time": 708.35
  }
]