[
  {
    "Plan": {
      "Node Type": "Aggregate",
      "Strategy": "Plain",
      "Partial Mode": "Finalize",
      "Parallel Aware": false,
      "Startup Cost": 45347.37,
      "Total Cost": 45347.38,
      "Plan Rows": 1,
      "Plan Width": 8,
      "Actual Startup Time": 167.422,
      "Actual Total Time": 178.967,
      "Actual Rows": 1,
      "Actual Loops": 1,
      "Plans": [
        {
          "Node Type": "Gather",
          "Parent Relationship": "Outer",
          "Parallel Aware": false,
          "Startup Cost": 45347.05,
          "Total Cost": 45347.36,
          "Plan Rows": 3,
          "Plan Width": 8,
          "Actual Startup Time": 167.265,
          "Actual Total Time": 178.956,
          "Actual Rows": 4,
          "Actual Loops": 1,
          "Workers Planned": 3,
          "Workers Launched": 3,
          "Single Copy": false,
          "Plans": [
            {
              "Node Type": "Aggregate",
              "Strategy": "Plain",
              "Partial Mode": "Partial",
              "Parent Relationship": "Outer",
              "Parallel Aware": false,
              "Startup Cost": 44347.05,
              "Total Cost": 44347.06,
              "Plan Rows": 1,
              "Plan Width": 8,
              "Actual Startup Time": 162.952,
              "Actual Total Time": 162.953,
              "Actual Rows": 1,
              "Actual Loops": 4,
              "Plans": [
                {
                  "Node Type": "Seq Scan",
                  "Parent Relationship": "Outer",
                  "Parallel Aware": true,
                  "Relation Name": "movie_keyword",
                  "Alias": "mk",
                  "Startup Cost": 0.0,
                  "Total Cost": 42695.65,
                  "Plan Rows": 660560,
                  "Plan Width": 0,
                  "Actual Startup Time": 0.033,
                  "Actual Total Time": 133.52,
                  "Actual Rows": 512679,
                  "Actual Loops": 4,
                  "Filter": "(keyword_id < 3659)",
                  "Rows Removed by Filter": 618303
                }
              ]
            }
          ]
        }
      ]
    },
    "Planning Time": 0.189,
    "Triggers": [],
    "Execution Time": 179.023
  }
]