{
  "Plan": {
    "Node Type": "Aggregate",
    "Strategy": "Plain",
    "Partial Mode": "Finalize",
    "Parallel Aware": false,
    "Startup Cost": 1212123.48,
    "Total Cost": 1212123.49,
    "Plan Rows": 1,
    "Plan Width": 8,
    "Actual Startup Time": 16222.765,
    "Actual Total Time": 16309.455,
    "Actual Rows": 1,
    "Actual Loops": 1,
    "Plans": [
      {
        "Node Type": "Gather",
        "Parent Relationship": "Outer",
        "Parallel Aware": false,
        "Startup Cost": 1212123.36,
        "Total Cost": 1212123.47,
        "Plan Rows": 1,
        "Plan Width": 8,
        "Actual Startup Time": 16204.151,
        "Actual Total Time": 16309.446,
        "Actual Rows": 2,
        "Actual Loops": 1,
        "Workers Planned": 1,
        "Workers Launched": 1,
        "Single Copy": false,
        "Plans": [
          {
            "Node Type": "Aggregate",
            "Strategy": "Plain",
            "Partial Mode": "Partial",
            "Parent Relationship": "Outer",
            "Parallel Aware": false,
            "Startup Cost": 1211123.36,
            "Total Cost": 1211123.37,
            "Plan Rows": 1,
            "Plan Width": 8,
            "Actual Startup Time": 16186.752,
            "Actual Total Time": 16187.842,
            "Actual Rows": 1,
            "Actual Loops": 2,
            "Plans": [
              {
                "Node Type": "Hash Join",
                "Parent Relationship": "Outer",
                "Parallel Aware": true,
                "Join Type": "Inner",
                "Startup Cost": 700776.66,
                "Total Cost": 1152616.85,
                "Plan Rows": 23402606,
                "Plan Width": 0,
                "Actual Startup Time": 4953.711,
                "Actual Total Time": 14135.175,
                "Actual Rows": 52651796,
                "Actual Loops": 2,
                "Inner Unique": false,
                "Hash Cond": "(mi.movie_id = t.id)",
                "Plans": [
                  {
                    "Node Type": "Seq Scan",
                    "Parent Relationship": "Outer",
                    "Parallel Aware": true,
                    "Relation Name": "movie_info",
                    "Alias": "mi",
                    "Startup Cost": 0.0,
                    "Total Cost": 248955.74,
                    "Plan Rows": 8696274,
                    "Plan Width": 4,
                    "Actual Startup Time": 0.025,
                    "Actual Total Time": 683.37,
                    "Actual Rows": 7417860,
                    "Actual Loops": 2
                  },
                  {
                    "Node Type": "Hash",
                    "Parent Relationship": "Inner",
                    "Parallel Aware": true,
                    "Startup Cost": 650747.92,
                    "Total Cost": 650747.92,
                    "Plan Rows": 4002299,
                    "Plan Width": 8,
                    "Actual Startup Time": 4920.556,
                    "Actual Total Time": 4921.644,
                    "Actual Rows": 4138386,
                    "Actual Loops": 2,
                    "Hash Buckets": 8388608,
                    "Original Hash Buckets": 8388608,
                    "Hash Batches": 1,
                    "Original Hash Batches": 1,
                    "Peak Memory Usage": 389376,
                    "Plans": [
                      {
                        "Node Type": "Hash Join",
                        "Parent Relationship": "Outer",
                        "Parallel Aware": true,
                        "Join Type": "Inner",
                        "Startup Cost": 296501.55,
                        "Total Cost": 650747.92,
                        "Plan Rows": 4002299,
                        "Plan Width": 8,
                        "Actual Startup Time": 1038.786,
                        "Actual Total Time": 3641.165,
                        "Actual Rows": 4138386,
                        "Actual Loops": 2,
                        "Inner Unique": true,
                        "Hash Cond": "(ci.movie_id = t.id)",
                        "Plans": [
                          {
                            "Node Type": "Bitmap Heap Scan",
                            "Parent Relationship": "Outer",
                            "Parallel Aware": true,
                            "Relation Name": "cast_info",
                            "Alias": "ci",
                            "Startup Cost": 227040.85,
                            "Total Cost": 570781.16,
                            "Plan Rows": 4002299,
                            "Plan Width": 4,
                            "Actual Startup Time": 525.971,
                            "Actual Total Time": 1262.834,
                            "Actual Rows": 4138386,
                            "Actual Loops": 2,
                            "Recheck Cond": "(person_id < 1019160)",
                            "Rows Removed by Index Recheck": 0,
                            "Filter": "(role_id < 4)",
                            "Rows Removed by Filter": 1050306,
                            "Exact Heap Blocks": 59027,
                            "Lossy Heap Blocks": 0,
                            "Plans": [
                              {
                                "Node Type": "Bitmap Index Scan",
                                "Parent Relationship": "Outer",
                                "Parallel Aware": false,
                                "Index Name": "person_id_cast_info",
                                "Startup Cost": 0.0,
                                "Total Cost": 225339.88,
                                "Plan Rows": 10319375,
                                "Plan Width": 0,
                                "Actual Startup Time": 504.893,
                                "Actual Total Time": 504.894,
                                "Actual Rows": 10377383,
                                "Actual Loops": 1,
                                "Index Cond": "(person_id < 1019160)"
                              }
                            ]
                          },
                          {
                            "Node Type": "Hash",
                            "Parent Relationship": "Inner",
                            "Parallel Aware": true,
                            "Startup Cost": 50870.31,
                            "Total Cost": 50870.31,
                            "Plan Rows": 1487231,
                            "Plan Width": 4,
                            "Actual Startup Time": 501.46,
                            "Actual Total Time": 501.461,
                            "Actual Rows": 1264156,
                            "Actual Loops": 2,
                            "Hash Buckets": 4194304,
                            "Original Hash Buckets": 4194304,
                            "Hash Batches": 1,
                            "Original Hash Batches": 1,
                            "Peak Memory Usage": 131712,
                            "Plans": [
                              {
                                "Node Type": "Seq Scan",
                                "Parent Relationship": "Outer",
                                "Parallel Aware": true,
                                "Relation Name": "title",
                                "Alias": "t",
                                "Startup Cost": 0.0,
                                "Total Cost": 50870.31,
                                "Plan Rows": 1487231,
                                "Plan Width": 4,
                                "Actual Startup Time": 0.027,
                                "Actual Total Time": 150.873,
                                "Actual Rows": 1264156,
                                "Actual Loops": 2
                              }
                            ]
                          }
                        ]
                      }
                    ]
                  }
                ]
              }
            ]
          }
        ]
      }
    ]
  },
  "Planning Time": 0.908,
  "Triggers": [],
  "Execution Time": 16309.57
}