[
  {
    "Plan": {
      "Node Type": "Aggregate",
      "Strategy": "Plain",
      "Partial Mode": "Finalize",
      "Parallel Aware": false,
      "Startup Cost": 46550.08,
      "Total Cost": 46550.09,
      "Plan Rows": 1,
      "Plan Width": 8,
      "Actual Startup Time": 183.211,
      "Actual Total Time": 193.094,
      "Actual Rows": 1,
      "Actual Loops": 1,
      "Plans": [
        {
          "Node Type": "Gather",
          "Parent Relationship": "Outer",
          "Parallel Aware": false,
          "Startup Cost": 46549.76,
          "Total Cost": 46550.07,
          "Plan Rows": 3,
          "Plan Width": 8,
          "Actual Startup Time": 183.088,
          "Actual Total Time": 193.085,
          "Actual Rows": 4,
          "Actual Loops": 1,
          "Workers Planned": 3,
          "Workers Launched": 3,
          "Single Copy": false,
          "Plans": [
            {
              "Node Type": "Aggregate",
              "Strategy": "Plain",
              "Partial Mode": "Partial",
              "Parent Relationship": "Outer",
              "Parallel Aware": false,
              "Startup Cost": 45549.76,
              "Total Cost": 45549.77,
              "Plan Rows": 1,
              "Plan Width": 8,
              "Actual Startup Time": 176.438,
              "Actual Total Time": 176.44,
              "Actual Rows": 1,
              "Actual Loops": 4,
              "Plans": [
                {
                  "Node Type": "Seq Scan",
                  "Parent Relationship": "Outer",
                  "Parallel Aware": true,
                  "Relation Name": "movie_keyword",
                  "Alias": "mk",
                  "Startup Cost": 0.0,
                  "Total Cost": 42695.65,
                  "Plan Rows": 1141643,
                  "Plan Width": 0,
                  "Actual Startup Time": 0.052,
                  "Actual Total Time": 132.899,
                  "Actual Rows": 886934,
                  "Actual Loops": 4,
                  "Filter": "(keyword_id < 19172)",
                  "Rows Removed by Filter": 244048
                }
              ]
            }
          ]
        }
      ]
    },
    "Planning Time": 0.115,
    "Triggers": [],
    "Execution Time": 193.133
  }
]