{
  "Plan": {
    "Node Type": "Aggregate",
    "Strategy": "Plain",
    "Partial Mode": "Finalize",
    "Parallel Aware": false,
    "Startup Cost": 295671.53,
    "Total Cost": 295671.54,
    "Plan Rows": 1,
    "Plan Width": 8,
    "Actual Startup Time": 149.517,
    "Actual Total Time": 166.334,
    "Actual Rows": 1,
    "Actual Loops": 1,
    "Plans": [
      {
        "Node Type": "Gather",
        "Parent Relationship": "Outer",
        "Parallel Aware": false,
        "Startup Cost": 295671.41,
        "Total Cost": 295671.52,
        "Plan Rows": 1,
        "Plan Width": 8,
        "Actual Startup Time": 149.371,
        "Actual Total Time": 166.327,
        "Actual Rows": 2,
        "Actual Loops": 1,
        "Workers Planned": 1,
        "Workers Launched": 1,
        "Single Copy": false,
        "Plans": [
          {
            "Node Type": "Aggregate",
            "Strategy": "Plain",
            "Partial Mode": "Partial",
            "Parent Relationship": "Outer",
            "Parallel Aware": false,
            "Startup Cost": 294671.41,
            "Total Cost": 294671.42,
            "Plan Rows": 1,
            "Plan Width": 8,
            "Actual Startup Time": 143.325,
            "Actual Total Time": 143.326,
            "Actual Rows": 1,
            "Actual Loops": 2,
            "Plans": [
              {
                "Node Type": "Nested Loop",
                "Parent Relationship": "Outer",
                "Parallel Aware": false,
                "Join Type": "Inner",
                "Startup Cost": 11824.14,
                "Total Cost": 294642.13,
                "Plan Rows": 11712,
                "Plan Width": 0,
                "Actual Startup Time": 38.962,
                "Actual Total Time": 141.793,
                "Actual Rows": 24384,
                "Actual Loops": 2,
                "Inner Unique": false,
                "Plans": [
                  {
                    "Node Type": "Bitmap Heap Scan",
                    "Parent Relationship": "Outer",
                    "Parallel Aware": true,
                    "Relation Name": "title",
                    "Alias": "t",
                    "Startup Cost": 11823.7,
                    "Total Cost": 53673.96,
                    "Plan Rows": 2003,
                    "Plan Width": 4,
                    "Actual Startup Time": 38.807,
                    "Actual Total Time": 86.172,
                    "Actual Rows": 2186,
                    "Actual Loops": 2,
                    "Recheck Cond": "(kind_id < 2)",
                    "Rows Removed by Index Recheck": 0,
                    "Filter": "(production_year = 1975)",
                    "Rows Removed by Filter": 329227,
                    "Exact Heap Blocks": 9563,
                    "Lossy Heap Blocks": 0,
                    "Plans": [
                      {
                        "Node Type": "Bitmap Index Scan",
                        "Parent Relationship": "Outer",
                        "Parallel Aware": false,
                        "Index Name": "kind_id_title",
                        "Startup Cost": 0.0,
                        "Total Cost": 11822.85,
                        "Plan Rows": 663256,
                        "Plan Width": 0,
                        "Actual Startup Time": 41.97,
                        "Actual Total Time": 41.971,
                        "Actual Rows": 662825,
                        "Actual Loops": 1,
                        "Index Cond": "(kind_id < 2)"
                      }
                    ]
                  },
                  {
                    "Node Type": "Index Only Scan",
                    "Parent Relationship": "Inner",
                    "Parallel Aware": false,
                    "Scan Direction": "Forward",
                    "Index Name": "movie_id_movie_info",
                    "Relation Name": "movie_info",
                    "Alias": "mi",
                    "Startup Cost": 0.43,
                    "Total Cost": 119.88,
                    "Plan Rows": 42,
                    "Plan Width": 4,
                    "Actual Startup Time": 0.009,
                    "Actual Total Time": 0.024,
                    "Actual Rows": 11,
                    "Actual Loops": 4371,
                    "Index Cond": "(movie_id = t.id)",
                    "Rows Removed by Index Recheck": 0,
                    "Heap Fetches": 48767
                  }
                ]
              }
            ]
          }
        ]
      }
    ]
  },
  "Planning Time": 0.447,
  "Triggers": [],
  "Execution Time": 166.427
}