[
  {
    "Plan": {
      "Node Type": "Aggregate",
      "Strategy": "Plain",
      "Partial Mode": "Finalize",
      "Parallel Aware": false,
      "Startup Cost": 33198.75,
      "Total Cost": 33198.76,
      "Plan Rows": 1,
      "Plan Width": 8,
      "Actual Startup Time": 94.731,
      "Actual Total Time": 102.344,
      "Actual Rows": 1,
      "Actual Loops": 1,
      "Plans": [
        {
          "Node Type": "Gather",
          "Parent Relationship": "Outer",
          "Parallel Aware": false,
          "Startup Cost": 33198.43,
          "Total Cost": 33198.74,
          "Plan Rows": 3,
          "Plan Width": 8,
          "Actual Startup Time": 94.463,
          "Actual Total Time": 102.335,
          "Actual Rows": 4,
          "Actual Loops": 1,
          "Workers Planned": 3,
          "Workers Launched": 3,
          "Single Copy": false,
          "Plans": [
            {
              "Node Type": "Aggregate",
              "Strategy": "Plain",
              "Partial Mode": "Partial",
              "Parent Relationship": "Outer",
              "Parallel Aware": false,
              "Startup Cost": 32198.43,
              "Total Cost": 32198.44,
              "Plan Rows": 1,
              "Plan Width": 8,
              "Actual Startup Time": 90.415,
              "Actual Total Time": 90.417,
              "Actual Rows": 1,
              "Actual Loops": 4,
              "Plans": [
                {
                  "Node Type": "Seq Scan",
                  "Parent Relationship": "Outer",
                  "Parallel Aware": true,
                  "Relation Name": "movie_companies",
                  "Alias": "mc",
                  "Startup Cost": 0.0,
                  "Total Cost": 31414.82,
                  "Plan Rows": 313445,
                  "Plan Width": 0,
                  "Actual Startup Time": 0.424,
                  "Actual Total Time": 79.461,
                  "Actual Rows": 207427,
                  "Actual Loops": 4,
                  "Filter": "((company_id > 756) AND (company_type_id = 1))",
                  "Rows Removed by Filter": 444856
                }
              ]
            }
          ]
        }
      ]
    },
    "Planning Time": 0.252,
    "Triggers": [],
    "Execution Time": 102.399
  }
]