[
  {
    "Plan": {
      "Node Type": "Aggregate",
      "Strategy": "Plain",
      "Partial Mode": "Finalize",
      "Parallel Aware": false,
      "Startup Cost": 33204.85,
      "Total Cost": 33204.86,
      "Plan Rows": 1,
      "Plan Width": 8,
      "Actual Startup Time": 102.665,
      "Actual Total Time": 110.425,
      "Actual Rows": 1,
      "Actual Loops": 1,
      "Plans": [
        {
          "Node Type": "Gather",
          "Parent Relationship": "Outer",
          "Parallel Aware": false,
          "Startup Cost": 33204.53,
          "Total Cost": 33204.84,
          "Plan Rows": 3,
          "Plan Width": 8,
          "Actual Startup Time": 102.549,
          "Actual Total Time": 110.414,
          "Actual Rows": 4,
          "Actual Loops": 1,
          "Workers Planned": 3,
          "Workers Launched": 3,
          "Single Copy": false,
          "Plans": [
            {
              "Node Type": "Aggregate",
              "Strategy": "Plain",
              "Partial Mode": "Partial",
              "Parent Relationship": "Outer",
              "Parallel Aware": false,
              "Startup Cost": 32204.53,
              "Total Cost": 32204.54,
              "Plan Rows": 1,
              "Plan Width": 8,
              "Actual Startup Time": 96.244,
              "Actual Total Time": 96.245,
              "Actual Rows": 1,
              "Actual Loops": 4,
              "Plans": [
                {
                  "Node Type": "Seq Scan",
                  "Parent Relationship": "Outer",
                  "Parallel Aware": true,
                  "Relation Name": "movie_companies",
                  "Alias": "mc",
                  "Startup Cost": 0.0,
                  "Total Cost": 31414.82,
                  "Plan Rows": 315884,
                  "Plan Width": 0,
                  "Actual Startup Time": 0.53,
                  "Actual Total Time": 85.096,
                  "Actual Rows": 207427,
                  "Actual Loops": 4,
                  "Filter": "((company_id > 756) AND (company_type_id = 1))",
                  "Rows Removed by Filter": 444856
                }
              ]
            }
          ]
        }
      ]
    },
    "Planning Time": 0.25,
    "Triggers": [],
    "Execution Time": 110.494
  }
]