[
  {
    "Plan": {
      "Node Type": "Aggregate",
      "Strategy": "Plain",
      "Partial Mode": "Finalize",
      "Parallel Aware": false,
      "Startup Cost": 92255.39,
      "Total Cost": 92255.4,
      "Plan Rows": 1,
      "Plan Width": 8,
      "Actual Startup Time": 348.775,
      "Actual Total Time": 369.388,
      "Actual Rows": 1,
      "Actual Loops": 1,
      "Plans": [
        {
          "Node Type": "Gather",
          "Parent Relationship": "Outer",
          "Parallel Aware": false,
          "Startup Cost": 92255.08,
          "Total Cost": 92255.39,
          "Plan Rows": 3,
          "Plan Width": 8,
          "Actual Startup Time": 347.024,
          "Actual Total Time": 369.376,
          "Actual Rows": 4,
          "Actual Loops": 1,
          "Workers Planned": 3,
          "Workers Launched": 3,
          "Single Copy": false,
          "Plans": [
            {
              "Node Type": "Aggregate",
              "Strategy": "Plain",
              "Partial Mode": "Partial",
              "Parent Relationship": "Outer",
              "Parallel Aware": false,
              "Startup Cost": 91255.08,
              "Total Cost": 91255.09,
              "Plan Rows": 1,
              "Plan Width": 8,
              "Actual Startup Time": 337.958,
              "Actual Total Time": 337.962,
              "Actual Rows": 1,
              "Actual Loops": 4,
              "Plans": [
                {
                  "Node Type": "Hash Join",
                  "Parent Relationship": "Outer",
                  "Parallel Aware": true,
                  "Join Type": "Inner",
                  "Startup Cost": 46923.59,
                  "Total Cost": 91012.57,
                  "Plan Rows": 97004,
                  "Plan Width": 0,
                  "Actual Startup Time": 151.057,
                  "Actual Total Time": 331.654,
                  "Actual Rows": 122842,
                  "Actual Loops": 4,
                  "Inner Unique": true,
                  "Hash Cond": "(mk.movie_id = t.id)",
                  "Plans": [
                    {
                      "Node Type": "Seq Scan",
                      "Parent Relationship": "Outer",
                      "Parallel Aware": true,
                      "Relation Name": "movie_keyword",
                      "Alias": "mk",
                      "Startup Cost": 0.0,
                      "Total Cost": 42695.65,
                      "Plan Rows": 530791,
                      "Plan Width": 4,
                      "Actual Startup Time": 0.019,
                      "Actual Total Time": 116.025,
                      "Actual Rows": 410225,
                      "Actual Loops": 4,
                      "Filter": "(keyword_id < 2489)",
                      "Rows Removed by Filter": 720758
                    },
                    {
                      "Node Type": "Hash",
                      "Parent Relationship": "Inner",
                      "Parallel Aware": true,
                      "Startup Cost": 45479.59,
                      "Total Cost": 45479.59,
                      "Plan Rows": 115520,
                      "Plan Width": 4,
                      "Actual Startup Time": 147.27,
                      "Actual Total Time": 147.271,
                      "Actual Rows": 88146,
                      "Actual Loops": 4,
                      "Hash Buckets": 524288,
                      "Original Hash Buckets": 524288,
                      "Hash Batches": 1,
                      "Original Hash Batches": 1,
                      "Peak Memory Usage": 17952,
                      "Plans": [
                        {
                          "Node Type": "Seq Scan",
                          "Parent Relationship": "Outer",
                          "Parallel Aware": true,
                          "Relation Name": "title",
                          "Alias": "t",
                          "Startup Cost": 0.0,
                          "Total Cost": 45479.59,
                          "Plan Rows": 115520,
                          "Plan Width": 4,
                          "Actual Startup Time": 0.056,
                          "Actual Total Time": 113.11,
                          "Actual Rows": 88146,
                          "Actual Loops": 4,
                          "Filter": "((kind_id < 3) AND (production_year > 1997))",
                          "Rows Removed by Filter": 543932
                        }
                      ]
                    }
                  ]
                }
              ]
            }
          ]
        }
      ]
    },
    "Planning Time": 0.636,
    "Triggers": [],
    "Execution Time": 369.458
  }
]