[
    {
        "Bao": {
            "Bao prediction": "NaN",
            "Bao recommended hint": "(no hint)"
        }
    },
    {
        "Plan": {
            "Node Type": "Aggregate",
            "Strategy": "Plain",
            "Partial Mode": "Simple",
            "Parallel Aware": false,
            "Startup Cost": 20523.04,
            "Total Cost": 20523.05,
            "Plan Rows": 1,
            "Plan Width": 8,
            "Actual Startup Time": 18.91,
            "Actual Total Time": 18.911,
            "Actual Rows": 1,
            "Actual Loops": 1,
            "Output": [
                "count(*)"
            ],
            "Plans": [
                {
                    "Node Type": "Bitmap Heap Scan",
                    "Parent Relationship": "Outer",
                    "Parallel Aware": false,
                    "Relation Name": "movie_companies",
                    "Schema": "public",
                    "Alias": "mc",
                    "Startup Cost": 989.1,
                    "Total Cost": 20464.78,
                    "Plan Rows": 23305,
                    "Plan Width": 0,
                    "Actual Startup Time": 2.845,
                    "Actual Total Time": 16.005,
                    "Actual Rows": 47275,
                    "Actual Loops": 1,
                    "Recheck Cond": "(mc.company_id > 193599)",
                    "Rows Removed by Index Recheck": 0,
                    "Filter": "(mc.company_type_id = 2)",
                    "Rows Removed by Filter": 0,
                    "Exact Heap Blocks": 1782,
                    "Lossy Heap Blocks": 0,
                    "Plans": [
                        {
                            "Node Type": "Bitmap Index Scan",
                            "Parent Relationship": "Outer",
                            "Parallel Aware": false,
                            "Index Name": "company_id_movie_companies",
                            "Startup Cost": 0.0,
                            "Total Cost": 983.27,
                            "Plan Rows": 45712,
                            "Plan Width": 0,
                            "Actual Startup Time": 2.592,
                            "Actual Total Time": 2.592,
                            "Actual Rows": 47275,
                            "Actual Loops": 1,
                            "Index Cond": "(mc.company_id > 193599)"
                        }
                    ]
                }
            ]
        },
        "Planning Time": 181.735,
        "Triggers": [],
        "Execution Time": 18.996
    }
]