[
    {
        "Bao": {
            "Bao prediction": "NaN",
            "Bao recommended hint": "(no hint)"
        }
    },
    {
        "Plan": {
            "Node Type": "Aggregate",
            "Strategy": "Plain",
            "Partial Mode": "Finalize",
            "Parallel Aware": false,
            "Startup Cost": 34570.04,
            "Total Cost": 34570.05,
            "Plan Rows": 1,
            "Plan Width": 8,
            "Actual Startup Time": 111.917,
            "Actual Total Time": 118.122,
            "Actual Rows": 1,
            "Actual Loops": 1,
            "Output": [
                "count(*)"
            ],
            "Plans": [
                {
                    "Node Type": "Gather",
                    "Parent Relationship": "Outer",
                    "Parallel Aware": false,
                    "Startup Cost": 34569.73,
                    "Total Cost": 34570.04,
                    "Plan Rows": 3,
                    "Plan Width": 8,
                    "Actual Startup Time": 111.568,
                    "Actual Total Time": 118.113,
                    "Actual Rows": 4,
                    "Actual Loops": 1,
                    "Output": [
                        "(PARTIAL count(*))"
                    ],
                    "Workers Planned": 3,
                    "Workers Launched": 3,
                    "Single Copy": false,
                    "Plans": [
                        {
                            "Node Type": "Aggregate",
                            "Strategy": "Plain",
                            "Partial Mode": "Partial",
                            "Parent Relationship": "Outer",
                            "Parallel Aware": false,
                            "Startup Cost": 33569.73,
                            "Total Cost": 33569.74,
                            "Plan Rows": 1,
                            "Plan Width": 8,
                            "Actual Startup Time": 102.909,
                            "Actual Total Time": 102.911,
                            "Actual Rows": 1,
                            "Actual Loops": 4,
                            "Output": [
                                "PARTIAL count(*)"
                            ],
                            "Workers": [
                                {
                                    "Worker Number": 0,
                                    "Actual Startup Time": 99.866,
                                    "Actual Total Time": 99.869,
                                    "Actual Rows": 1,
                                    "Actual Loops": 1
                                },
                                {
                                    "Worker Number": 1,
                                    "Actual Startup Time": 100.159,
                                    "Actual Total Time": 100.161,
                                    "Actual Rows": 1,
                                    "Actual Loops": 1
                                },
                                {
                                    "Worker Number": 2,
                                    "Actual Startup Time": 100.298,
                                    "Actual Total Time": 100.3,
                                    "Actual Rows": 1,
                                    "Actual Loops": 1
                                }
                            ],
                            "Plans": [
                                {
                                    "Node Type": "Bitmap Heap Scan",
                                    "Parent Relationship": "Outer",
                                    "Parallel Aware": true,
                                    "Relation Name": "movie_keyword",
                                    "Schema": "public",
                                    "Alias": "mk",
                                    "Startup Cost": 7423.24,
                                    "Total Cost": 33287.64,
                                    "Plan Rows": 112833,
                                    "Plan Width": 0,
                                    "Actual Startup Time": 26.529,
                                    "Actual Total Time": 97.027,
                                    "Actual Rows": 88706,
                                    "Actual Loops": 4,
                                    "Recheck Cond": "(mk.keyword_id < 317)",
                                    "Rows Removed by Index Recheck": 0,
                                    "Exact Heap Blocks": 12446,
                                    "Lossy Heap Blocks": 0,
                                    "Workers": [
                                        {
                                            "Worker Number": 0,
                                            "Actual Startup Time": 23.814,
                                            "Actual Total Time": 94.797,
                                            "Actual Rows": 65439,
                                            "Actual Loops": 1
                                        },
                                        {
                                            "Worker Number": 1,
                                            "Actual Startup Time": 23.79,
                                            "Actual Total Time": 94.956,
                                            "Actual Rows": 52050,
                                            "Actual Loops": 1
                                        },
                                        {
                                            "Worker Number": 2,
                                            "Actual Startup Time": 23.95,
                                            "Actual Total Time": 95.076,
                                            "Actual Rows": 52020,
                                            "Actual Loops": 1
                                        }
                                    ],
                                    "Plans": [
                                        {
                                            "Node Type": "Bitmap Index Scan",
                                            "Parent Relationship": "Outer",
                                            "Parallel Aware": false,
                                            "Index Name": "keyword_id_movie_keyword",
                                            "Startup Cost": 0.0,
                                            "Total Cost": 7335.79,
                                            "Plan Rows": 349781,
                                            "Plan Width": 0,
                                            "Actual Startup Time": 31.071,
                                            "Actual Total Time": 31.071,
                                            "Actual Rows": 354824,
                                            "Actual Loops": 1,
                                            "Index Cond": "(mk.keyword_id < 317)"
                                        }
                                    ]
                                }
                            ]
                        }
                    ]
                }
            ]
        },
        "Planning Time": 186.464,
        "Triggers": [],
        "Execution Time": 118.174
    }
]