{
  "Plan": {
    "Node Type": "Aggregate",
    "Strategy": "Plain",
    "Partial Mode": "Finalize",
    "Parallel Aware": false,
    "Startup Cost": 126894.27,
    "Total Cost": 126894.28,
    "Plan Rows": 1,
    "Plan Width": 8,
    "Actual Startup Time": 617.47,
    "Actual Total Time": 631.386,
    "Actual Rows": 1,
    "Actual Loops": 1,
    "Plans": [
      {
        "Node Type": "Gather",
        "Parent Relationship": "Outer",
        "Parallel Aware": false,
        "Startup Cost": 126894.15,
        "Total Cost": 126894.26,
        "Plan Rows": 1,
        "Plan Width": 8,
        "Actual Startup Time": 616.409,
        "Actual Total Time": 631.372,
        "Actual Rows": 2,
        "Actual Loops": 1,
        "Workers Planned": 1,
        "Workers Launched": 1,
        "Single Copy": false,
        "Plans": [
          {
            "Node Type": "Aggregate",
            "Strategy": "Plain",
            "Partial Mode": "Partial",
            "Parent Relationship": "Outer",
            "Parallel Aware": false,
            "Startup Cost": 125894.15,
            "Total Cost": 125894.16,
            "Plan Rows": 1,
            "Plan Width": 8,
            "Actual Startup Time": 611.008,
            "Actual Total Time": 611.014,
            "Actual Rows": 1,
            "Actual Loops": 2,
            "Plans": [
              {
                "Node Type": "Hash Join",
                "Parent Relationship": "Outer",
                "Parallel Aware": true,
                "Join Type": "Inner",
                "Startup Cost": 61536.77,
                "Total Cost": 124951.46,
                "Plan Rows": 377079,
                "Plan Width": 0,
                "Actual Startup Time": 214.347,
                "Actual Total Time": 592.951,
                "Actual Rows": 455886,
                "Actual Loops": 2,
                "Inner Unique": true,
                "Hash Cond": "(mk.movie_id = t.id)",
                "Plans": [
                  {
                    "Node Type": "Seq Scan",
                    "Parent Relationship": "Outer",
                    "Parallel Aware": true,
                    "Relation Name": "movie_keyword",
                    "Alias": "mk",
                    "Startup Cost": 0.0,
                    "Total Cost": 57718.19,
                    "Plan Rows": 2170090,
                    "Plan Width": 4,
                    "Actual Startup Time": 0.017,
                    "Actual Total Time": 198.208,
                    "Actual Rows": 1851670,
                    "Actual Loops": 2,
                    "Filter": "(keyword_id < 22354)",
                    "Rows Removed by Filter": 410294
                  },
                  {
                    "Node Type": "Hash",
                    "Parent Relationship": "Inner",
                    "Parallel Aware": true,
                    "Startup Cost": 58306.47,
                    "Total Cost": 58306.47,
                    "Plan Rows": 258424,
                    "Plan Width": 4,
                    "Actual Startup Time": 208.667,
                    "Actual Total Time": 208.669,
                    "Actual Rows": 184123,
                    "Actual Loops": 2,
                    "Hash Buckets": 524288,
                    "Original Hash Buckets": 524288,
                    "Hash Batches": 1,
                    "Original Hash Batches": 1,
                    "Peak Memory Usage": 18528,
                    "Plans": [
                      {
                        "Node Type": "Seq Scan",
                        "Parent Relationship": "Outer",
                        "Parallel Aware": true,
                        "Relation Name": "title",
                        "Alias": "t",
                        "Startup Cost": 0.0,
                        "Total Cost": 58306.47,
                        "Plan Rows": 258424,
                        "Plan Width": 4,
                        "Actual Startup Time": 0.067,
                        "Actual Total Time": 153.24,
                        "Actual Rows": 184123,
                        "Actual Loops": 2,
                        "Filter": "((kind_id < 7) AND (production_year > 2004))",
                        "Rows Removed by Filter": 1080033
                      }
                    ]
                  }
                ]
              }
            ]
          }
        ]
      }
    ]
  },
  "Planning Time": 0.631,
  "Triggers": [],
  "Execution Time": 631.472
}