[
  {
    "Plan": {
      "Node Type": "Aggregate",
      "Strategy": "Plain",
      "Partial Mode": "Finalize",
      "Parallel Aware": false,
      "Startup Cost": 33299.12,
      "Total Cost": 33299.13,
      "Plan Rows": 1,
      "Plan Width": 8,
      "Actual Startup Time": 95.036,
      "Actual Total Time": 102.795,
      "Actual Rows": 1,
      "Actual Loops": 1,
      "Plans": [
        {
          "Node Type": "Gather",
          "Parent Relationship": "Outer",
          "Parallel Aware": false,
          "Startup Cost": 33298.8,
          "Total Cost": 33299.11,
          "Plan Rows": 3,
          "Plan Width": 8,
          "Actual Startup Time": 94.897,
          "Actual Total Time": 102.787,
          "Actual Rows": 4,
          "Actual Loops": 1,
          "Workers Planned": 3,
          "Workers Launched": 3,
          "Single Copy": false,
          "Plans": [
            {
              "Node Type": "Aggregate",
              "Strategy": "Plain",
              "Partial Mode": "Partial",
              "Parent Relationship": "Outer",
              "Parallel Aware": false,
              "Startup Cost": 32298.8,
              "Total Cost": 32298.81,
              "Plan Rows": 1,
              "Plan Width": 8,
              "Actual Startup Time": 89.865,
              "Actual Total Time": 89.866,
              "Actual Rows": 1,
              "Actual Loops": 4,
              "Plans": [
                {
                  "Node Type": "Seq Scan",
                  "Parent Relationship": "Outer",
                  "Parallel Aware": true,
                  "Relation Name": "movie_companies",
                  "Alias": "mc",
                  "Startup Cost": 0.0,
                  "Total Cost": 31414.82,
                  "Plan Rows": 353592,
                  "Plan Width": 0,
                  "Actual Startup Time": 43.55,
                  "Actual Total Time": 80.23,
                  "Actual Rows": 219398,
                  "Actual Loops": 4,
                  "Filter": "((company_id < 76770) AND (company_type_id = 2))",
                  "Rows Removed by Filter": 432884
                }
              ]
            }
          ]
        }
      ]
    },
    "Planning Time": 0.219,
    "Triggers": [],
    "Execution Time": 102.853
  }
]