[
  {
    "Plan": {
      "Node Type": "Aggregate",
      "Strategy": "Plain",
      "Partial Mode": "Finalize",
      "Parallel Aware": false,
      "Startup Cost": 46084.91,
      "Total Cost": 46084.92,
      "Plan Rows": 1,
      "Plan Width": 8,
      "Actual Startup Time": 158.514,
      "Actual Total Time": 168.15,
      "Actual Rows": 1,
      "Actual Loops": 1,
      "Plans": [
        {
          "Node Type": "Gather",
          "Parent Relationship": "Outer",
          "Parallel Aware": false,
          "Startup Cost": 46084.59,
          "Total Cost": 46084.9,
          "Plan Rows": 3,
          "Plan Width": 8,
          "Actual Startup Time": 158.388,
          "Actual Total Time": 168.142,
          "Actual Rows": 4,
          "Actual Loops": 1,
          "Workers Planned": 3,
          "Workers Launched": 3,
          "Single Copy": false,
          "Plans": [
            {
              "Node Type": "Aggregate",
              "Strategy": "Plain",
              "Partial Mode": "Partial",
              "Parent Relationship": "Outer",
              "Parallel Aware": false,
              "Startup Cost": 45084.59,
              "Total Cost": 45084.6,
              "Plan Rows": 1,
              "Plan Width": 8,
              "Actual Startup Time": 151.083,
              "Actual Total Time": 151.084,
              "Actual Rows": 1,
              "Actual Loops": 4,
              "Plans": [
                {
                  "Node Type": "Seq Scan",
                  "Parent Relationship": "Outer",
                  "Parallel Aware": true,
                  "Relation Name": "movie_keyword",
                  "Alias": "mk",
                  "Startup Cost": 0.0,
                  "Total Cost": 42695.65,
                  "Plan Rows": 955574,
                  "Plan Width": 0,
                  "Actual Startup Time": 0.051,
                  "Actual Total Time": 117.491,
                  "Actual Rows": 738526,
                  "Actual Loops": 4,
                  "Filter": "(keyword_id < 9984)",
                  "Rows Removed by Filter": 392456
                }
              ]
            }
          ]
        }
      ]
    },
    "Planning Time": 0.174,
    "Triggers": [],
    "Execution Time": 168.203
  }
]