[
  {
    "Plan": {
      "Node Type": "Aggregate",
      "Strategy": "Plain",
      "Partial Mode": "Finalize",
      "Parallel Aware": false,
      "Startup Cost": 141238.44,
      "Total Cost": 141238.45,
      "Plan Rows": 1,
      "Plan Width": 8,
      "Actual Startup Time": 723.861,
      "Actual Total Time": 758.863,
      "Actual Rows": 1,
      "Actual Loops": 1,
      "Plans": [
        {
          "Node Type": "Gather",
          "Parent Relationship": "Outer",
          "Parallel Aware": false,
          "Startup Cost": 141238.12,
          "Total Cost": 141238.43,
          "Plan Rows": 3,
          "Plan Width": 8,
          "Actual Startup Time": 723.381,
          "Actual Total Time": 758.853,
          "Actual Rows": 4,
          "Actual Loops": 1,
          "Workers Planned": 3,
          "Workers Launched": 3,
          "Single Copy": false,
          "Plans": [
            {
              "Node Type": "Aggregate",
              "Strategy": "Plain",
              "Partial Mode": "Partial",
              "Parent Relationship": "Outer",
              "Parallel Aware": false,
              "Startup Cost": 140238.12,
              "Total Cost": 140238.13,
              "Plan Rows": 1,
              "Plan Width": 8,
              "Actual Startup Time": 714.533,
              "Actual Total Time": 714.537,
              "Actual Rows": 1,
              "Actual Loops": 4,
              "Plans": [
                {
                  "Node Type": "Nested Loop",
                  "Parent Relationship": "Outer",
                  "Parallel Aware": false,
                  "Join Type": "Inner",
                  "Startup Cost": 44108.46,
                  "Total Cost": 140189.09,
                  "Plan Rows": 19612,
                  "Plan Width": 0,
                  "Actual Startup Time": 101.902,
                  "Actual Total Time": 711.399,
                  "Actual Rows": 59013,
                  "Actual Loops": 4,
                  "Inner Unique": false,
                  "Join Filter": "(t.id = mi.movie_id)",
                  "Rows Removed by Join Filter": 0,
                  "Plans": [
                    {
                      "Node Type": "Hash Join",
                      "Parent Relationship": "Outer",
                      "Parallel Aware": true,
                      "Join Type": "Inner",
                      "Startup Cost": 44108.03,
                      "Total Cost": 90007.4,
                      "Plan Rows": 32301,
                      "Plan Width": 8,
                      "Actual Startup Time": 101.615,
                      "Actual Total Time": 269.179,
                      "Actual Rows": 29754,
                      "Actual Loops": 4,
                      "Inner Unique": true,
                      "Hash Cond": "(mk.movie_id = t.id)",
                      "Plans": [
                        {
                          "Node Type": "Seq Scan",
                          "Parent Relationship": "Outer",
                          "Parallel Aware": true,
                          "Relation Name": "movie_keyword",
                          "Alias": "mk",
                          "Startup Cost": 0.0,
                          "Total Cost": 42695.65,
                          "Plan Rows": 1220463,
                          "Plan Width": 4,
                          "Actual Startup Time": 0.045,
                          "Actual Total Time": 102.41,
                          "Actual Rows": 942085,
                          "Actual Loops": 4,
                          "Filter": "(keyword_id > 687)",
                          "Rows Removed by Filter": 188898
                        },
                        {
                          "Node Type": "Hash",
                          "Parent Relationship": "Inner",
                          "Parallel Aware": true,
                          "Startup Cost": 43898.92,
                          "Total Cost": 43898.92,
                          "Plan Rows": 16729,
                          "Plan Width": 4,
                          "Actual Startup Time": 99.67,
                          "Actual Total Time": 99.671,
                          "Actual Rows": 16944,
                          "Actual Loops": 4,
                          "Hash Buckets": 131072,
                          "Original Hash Buckets": 131072,
                          "Hash Batches": 1,
                          "Original Hash Batches": 1,
                          "Peak Memory Usage": 3776,
                          "Plans": [
                            {
                              "Node Type": "Seq Scan",
                              "Parent Relationship": "Outer",
                              "Parallel Aware": true,
                              "Relation Name": "title",
                              "Alias": "t",
                              "Startup Cost": 0.0,
                              "Total Cost": 43898.92,
                              "Plan Rows": 16729,
                              "Plan Width": 4,
                              "Actual Startup Time": 0.045,
                              "Actual Total Time": 92.155,
                              "Actual Rows": 16944,
                              "Actual Loops": 4,
                              "Filter": "(production_year = 2003)",
                              "Rows Removed by Filter": 615134
                            }
                          ]
                        }
                      ]
                    },
                    {
                      "Node Type": "Index Scan",
                      "Parent Relationship": "Inner",
                      "Parallel Aware": false,
                      "Scan Direction": "Forward",
                      "Index Name": "movie_id_movie_info",
                      "Relation Name": "movie_info",
                      "Alias": "mi",
                      "Startup Cost": 0.43,
                      "Total Cost": 1.5,
                      "Plan Rows": 4,
                      "Plan Width": 4,
                      "Actual Startup Time": 0.014,
                      "Actual Total Time": 0.015,
                      "Actual Rows": 2,
                      "Actual Loops": 119015,
                      "Index Cond": "(movie_id = mk.movie_id)",
                      "Rows Removed by Index Recheck": 0,
                      "Filter": "(info_type_id = 3)",
                      "Rows Removed by Filter": 73
                    }
                  ]
                }
              ]
            }
          ]
        }
      ]
    },
    "Planning Time": 1.421,
    "Triggers": [],
    "Execution Time": 758.963
  }
]