[
  {
    "Plan": {
      "Node Type": "Aggregate",
      "Strategy": "Plain",
      "Partial Mode": "Finalize",
      "Parallel Aware": false,
      "Startup Cost": 44743.33,
      "Total Cost": 44743.34,
      "Plan Rows": 1,
      "Plan Width": 8,
      "Actual Startup Time": 131.649,
      "Actual Total Time": 141.446,
      "Actual Rows": 1,
      "Actual Loops": 1,
      "Plans": [
        {
          "Node Type": "Gather",
          "Parent Relationship": "Outer",
          "Parallel Aware": false,
          "Startup Cost": 44743.01,
          "Total Cost": 44743.32,
          "Plan Rows": 3,
          "Plan Width": 8,
          "Actual Startup Time": 131.517,
          "Actual Total Time": 141.436,
          "Actual Rows": 4,
          "Actual Loops": 1,
          "Workers Planned": 3,
          "Workers Launched": 3,
          "Single Copy": false,
          "Plans": [
            {
              "Node Type": "Aggregate",
              "Strategy": "Plain",
              "Partial Mode": "Partial",
              "Parent Relationship": "Outer",
              "Parallel Aware": false,
              "Startup Cost": 43743.01,
              "Total Cost": 43743.02,
              "Plan Rows": 1,
              "Plan Width": 8,
              "Actual Startup Time": 123.828,
              "Actual Total Time": 123.829,
              "Actual Rows": 1,
              "Actual Loops": 4,
              "Plans": [
                {
                  "Node Type": "Seq Scan",
                  "Parent Relationship": "Outer",
                  "Parallel Aware": true,
                  "Relation Name": "movie_keyword",
                  "Alias": "mk",
                  "Startup Cost": 0.0,
                  "Total Cost": 42695.65,
                  "Plan Rows": 418944,
                  "Plan Width": 0,
                  "Actual Startup Time": 2.242,
                  "Actual Total Time": 107.855,
                  "Actual Rows": 324814,
                  "Actual Loops": 4,
                  "Filter": "(keyword_id > 13572)",
                  "Rows Removed by Filter": 806169
                }
              ]
            }
          ]
        }
      ]
    },
    "Planning Time": 0.161,
    "Triggers": [],
    "Execution Time": 141.495
  }
]