{
  "Plan": {
    "Node Type": "Aggregate",
    "Strategy": "Plain",
    "Partial Mode": "Finalize",
    "Parallel Aware": false,
    "Startup Cost": 406103.07,
    "Total Cost": 406103.08,
    "Plan Rows": 1,
    "Plan Width": 8,
    "Actual Startup Time": 783.349,
    "Actual Total Time": 800.507,
    "Actual Rows": 1,
    "Actual Loops": 1,
    "Plans": [
      {
        "Node Type": "Gather",
        "Parent Relationship": "Outer",
        "Parallel Aware": false,
        "Startup Cost": 406102.95,
        "Total Cost": 406103.06,
        "Plan Rows": 1,
        "Plan Width": 8,
        "Actual Startup Time": 779.582,
        "Actual Total Time": 800.5,
        "Actual Rows": 2,
        "Actual Loops": 1,
        "Workers Planned": 1,
        "Workers Launched": 1,
        "Single Copy": false,
        "Plans": [
          {
            "Node Type": "Aggregate",
            "Strategy": "Plain",
            "Partial Mode": "Partial",
            "Parent Relationship": "Outer",
            "Parallel Aware": false,
            "Startup Cost": 405102.95,
            "Total Cost": 405102.96,
            "Plan Rows": 1,
            "Plan Width": 8,
            "Actual Startup Time": 772.724,
            "Actual Total Time": 772.73,
            "Actual Rows": 1,
            "Actual Loops": 2,
            "Plans": [
              {
                "Node Type": "Merge Join",
                "Parent Relationship": "Outer",
                "Parallel Aware": false,
                "Join Type": "Inner",
                "Startup Cost": 401797.93,
                "Total Cost": 405029.38,
                "Plan Rows": 29431,
                "Plan Width": 0,
                "Actual Startup Time": 714.654,
                "Actual Total Time": 770.197,
                "Actual Rows": 63508,
                "Actual Loops": 2,
                "Inner Unique": false,
                "Merge Cond": "(t.id = ci.movie_id)",
                "Plans": [
                  {
                    "Node Type": "Sort",
                    "Parent Relationship": "Outer",
                    "Parallel Aware": false,
                    "Startup Cost": 135190.76,
                    "Total Cost": 136199.02,
                    "Plan Rows": 403304,
                    "Plan Width": 8,
                    "Actual Startup Time": 642.79,
                    "Actual Total Time": 653.071,
                    "Actual Rows": 262288,
                    "Actual Loops": 2,
                    "Sort Key": [
                      "t.id"
                    ],
                    "Sort Method": "quicksort",
                    "Sort Space Used": 24779,
                    "Sort Space Type": "Memory",
                    "Workers": [
                      {
                        "Worker Number": 0,
                        "Sort Method": "quicksort",
                        "Sort Space Used": 18244,
                        "Sort Space Type": "Memory"
                      }
                    ],
                    "Plans": [
                      {
                        "Node Type": "Hash Join",
                        "Parent Relationship": "Outer",
                        "Parallel Aware": true,
                        "Join Type": "Inner",
                        "Startup Cost": 59473.49,
                        "Total Cost": 97640.12,
                        "Plan Rows": 403304,
                        "Plan Width": 8,
                        "Actual Startup Time": 249.945,
                        "Actual Total Time": 584.677,
                        "Actual Rows": 262288,
                        "Actual Loops": 2,
                        "Inner Unique": true,
                        "Hash Cond": "(mc.movie_id = t.id)",
                        "Plans": [
                          {
                            "Node Type": "Seq Scan",
                            "Parent Relationship": "Outer",
                            "Parallel Aware": true,
                            "Relation Name": "movie_companies",
                            "Alias": "mc",
                            "Startup Cost": 0.0,
                            "Total Cost": 34137.82,
                            "Plan Rows": 1534782,
                            "Plan Width": 4,
                            "Actual Startup Time": 0.012,
                            "Actual Total Time": 99.983,
                            "Actual Rows": 1304564,
                            "Actual Loops": 2
                          },
                          {
                            "Node Type": "Hash",
                            "Parent Relationship": "Inner",
                            "Parallel Aware": true,
                            "Startup Cost": 54588.39,
                            "Total Cost": 54588.39,
                            "Plan Rows": 390808,
                            "Plan Width": 4,
                            "Actual Startup Time": 240.577,
                            "Actual Total Time": 240.579,
                            "Actual Rows": 331032,
                            "Actual Loops": 2,
                            "Hash Buckets": 1048576,
                            "Original Hash Buckets": 1048576,
                            "Hash Batches": 1,
                            "Original Hash Batches": 1,
                            "Peak Memory Usage": 34112,
                            "Plans": [
                              {
                                "Node Type": "Seq Scan",
                                "Parent Relationship": "Outer",
                                "Parallel Aware": true,
                                "Relation Name": "title",
                                "Alias": "t",
                                "Startup Cost": 0.0,
                                "Total Cost": 54588.39,
                                "Plan Rows": 390808,
                                "Plan Width": 4,
                                "Actual Startup Time": 0.036,
                                "Actual Total Time": 153.402,
                                "Actual Rows": 331032,
                                "Actual Loops": 2,
                                "Filter": "(production_year > 2008)",
                                "Rows Removed by Filter": 933124
                              }
                            ]
                          }
                        ]
                      }
                    ]
                  },
                  {
                    "Node Type": "Sort",
                    "Parent Relationship": "Inner",
                    "Parallel Aware": false,
                    "Startup Cost": 266607.15,
                    "Total Cost": 267068.39,
                    "Plan Rows": 184499,
                    "Plan Width": 4,
                    "Actual Startup Time": 71.84,
                    "Actual Total Time": 86.292,
                    "Actual Rows": 234967,
                    "Actual Loops": 2,
                    "Sort Key": [
                      "ci.movie_id"
                    ],
                    "Sort Method": "quicksort",
                    "Sort Space Used": 15182,
                    "Sort Space Type": "Memory",
                    "Workers": [
                      {
                        "Worker Number": 0,
                        "Sort Method": "quicksort",
                        "Sort Space Used": 15182,
                        "Sort Space Type": "Memory"
                      }
                    ],
                    "Plans": [
                      {
                        "Node Type": "Bitmap Heap Scan",
                        "Parent Relationship": "Outer",
                        "Parallel Aware": false,
                        "Relation Name": "cast_info",
                        "Alias": "ci",
                        "Startup Cost": 4078.43,
                        "Total Cost": 250469.71,
                        "Plan Rows": 184499,
                        "Plan Width": 4,
                        "Actual Startup Time": 7.365,
                        "Actual Total Time": 29.318,
                        "Actual Rows": 192805,
                        "Actual Loops": 2,
                        "Recheck Cond": "(person_id > 4028666)",
                        "Rows Removed by Index Recheck": 0,
                        "Exact Heap Blocks": 2167,
                        "Lossy Heap Blocks": 0,
                        "Plans": [
                          {
                            "Node Type": "Bitmap Index Scan",
                            "Parent Relationship": "Outer",
                            "Parallel Aware": false,
                            "Index Name": "person_id_cast_info",
                            "Startup Cost": 0.0,
                            "Total Cost": 4032.31,
                            "Plan Rows": 184499,
                            "Plan Width": 0,
                            "Actual Startup Time": 7.137,
                            "Actual Total Time": 7.137,
                            "Actual Rows": 192805,
                            "Actual Loops": 2,
                            "Index Cond": "(person_id > 4028666)"
                          }
                        ]
                      }
                    ]
                  }
                ]
              }
            ]
          }
        ]
      }
    ]
  },
  "Planning Time": 1.22,
  "Triggers": [],
  "Execution Time": 804.262
}