[
  {
    "Plan": {
      "Node Type": "Aggregate",
      "Strategy": "Plain",
      "Partial Mode": "Finalize",
      "Parallel Aware": false,
      "Startup Cost": 74795.2,
      "Total Cost": 74795.21,
      "Plan Rows": 1,
      "Plan Width": 8,
      "Actual Startup Time": 235.726,
      "Actual Total Time": 249.914,
      "Actual Rows": 1,
      "Actual Loops": 1,
      "Plans": [
        {
          "Node Type": "Gather",
          "Parent Relationship": "Outer",
          "Parallel Aware": false,
          "Startup Cost": 74794.98,
          "Total Cost": 74795.19,
          "Plan Rows": 2,
          "Plan Width": 8,
          "Actual Startup Time": 235.177,
          "Actual Total Time": 249.906,
          "Actual Rows": 3,
          "Actual Loops": 1,
          "Workers Planned": 2,
          "Workers Launched": 2,
          "Single Copy": false,
          "Plans": [
            {
              "Node Type": "Aggregate",
              "Strategy": "Plain",
              "Partial Mode": "Partial",
              "Parent Relationship": "Outer",
              "Parallel Aware": false,
              "Startup Cost": 73794.98,
              "Total Cost": 73794.99,
              "Plan Rows": 1,
              "Plan Width": 8,
              "Actual Startup Time": 232.004,
              "Actual Total Time": 232.009,
              "Actual Rows": 1,
              "Actual Loops": 3,
              "Plans": [
                {
                  "Node Type": "Nested Loop",
                  "Parent Relationship": "Outer",
                  "Parallel Aware": false,
                  "Join Type": "Inner",
                  "Startup Cost": 45751.29,
                  "Total Cost": 73768.95,
                  "Plan Rows": 10412,
                  "Plan Width": 0,
                  "Actual Startup Time": 121.816,
                  "Actual Total Time": 231.494,
                  "Actual Rows": 8166,
                  "Actual Loops": 3,
                  "Inner Unique": false,
                  "Join Filter": "(t.id = mc.movie_id)",
                  "Rows Removed by Join Filter": 0,
                  "Plans": [
                    {
                      "Node Type": "Hash Join",
                      "Parent Relationship": "Outer",
                      "Parallel Aware": true,
                      "Join Type": "Inner",
                      "Startup Cost": 45750.86,
                      "Total Cost": 60945.42,
                      "Plan Rows": 19742,
                      "Plan Width": 8,
                      "Actual Startup Time": 121.726,
                      "Actual Total Time": 211.443,
                      "Actual Rows": 7101,
                      "Actual Loops": 3,
                      "Inner Unique": true,
                      "Hash Cond": "(mi_idx.movie_id = t.id)",
                      "Plans": [
                        {
                          "Node Type": "Seq Scan",
                          "Parent Relationship": "Outer",
                          "Parallel Aware": true,
                          "Relation Name": "movie_info_idx",
                          "Alias": "mi_idx",
                          "Startup Cost": 0.0,
                          "Total Cost": 13685.15,
                          "Plan Rows": 575015,
                          "Plan Width": 4,
                          "Actual Startup Time": 0.013,
                          "Actual Total Time": 40.744,
                          "Actual Rows": 460012,
                          "Actual Loops": 3
                        },
                        {
                          "Node Type": "Hash",
                          "Parent Relationship": "Inner",
                          "Parallel Aware": true,
                          "Startup Cost": 45479.59,
                          "Total Cost": 45479.59,
                          "Plan Rows": 21702,
                          "Plan Width": 4,
                          "Actual Startup Time": 120.855,
                          "Actual Total Time": 120.856,
                          "Actual Rows": 30876,
                          "Actual Loops": 3,
                          "Hash Buckets": 131072,
                          "Original Hash Buckets": 131072,
                          "Hash Batches": 1,
                          "Original Hash Batches": 1,
                          "Peak Memory Usage": 4704,
                          "Plans": [
                            {
                              "Node Type": "Seq Scan",
                              "Parent Relationship": "Outer",
                              "Parallel Aware": true,
                              "Relation Name": "title",
                              "Alias": "t",
                              "Startup Cost": 0.0,
                              "Total Cost": 45479.59,
                              "Plan Rows": 21702,
                              "Plan Width": 4,
                              "Actual Startup Time": 0.021,
                              "Actual Total Time": 109.713,
                              "Actual Rows": 30876,
                              "Actual Loops": 3,
                              "Filter": "((kind_id = 7) AND (production_year = 2010))",
                              "Rows Removed by Filter": 811895
                            }
                          ]
                        }
                      ]
                    },
                    {
                      "Node Type": "Index Scan",
                      "Parent Relationship": "Inner",
                      "Parallel Aware": false,
                      "Scan Direction": "Forward",
                      "Index Name": "movie_id_movie_companies",
                      "Relation Name": "movie_companies",
                      "Alias": "mc",
                      "Startup Cost": 0.43,
                      "Total Cost": 0.61,
                      "Plan Rows": 3,
                      "Plan Width": 4,
                      "Actual Startup Time": 0.002,
                      "Actual Total Time": 0.003,
                      "Actual Rows": 1,
                      "Actual Loops": 21303,
                      "Index Cond": "(movie_id = mi_idx.movie_id)",
                      "Rows Removed by Index Recheck": 0,
                      "Filter": "(company_type_id = 2)",
                      "Rows Removed by Filter": 1
                    }
                  ]
                }
              ]
            }
          ]
        }
      ]
    },
    "Planning Time": 0.542,
    "Triggers": [],
    "Execution Time": 249.964
  }
]