[
  {
    "Plan": {
      "Node Type": "Aggregate",
      "Strategy": "Plain",
      "Partial Mode": "Finalize",
      "Parallel Aware": false,
      "Startup Cost": 160520.7,
      "Total Cost": 160520.71,
      "Plan Rows": 1,
      "Plan Width": 8,
      "Actual Startup Time": 609.025,
      "Actual Total Time": 632.453,
      "Actual Rows": 1,
      "Actual Loops": 1,
      "Plans": [
        {
          "Node Type": "Gather",
          "Parent Relationship": "Outer",
          "Parallel Aware": false,
          "Startup Cost": 160520.18,
          "Total Cost": 160520.69,
          "Plan Rows": 5,
          "Plan Width": 8,
          "Actual Startup Time": 601.24,
          "Actual Total Time": 632.439,
          "Actual Rows": 6,
          "Actual Loops": 1,
          "Workers Planned": 5,
          "Workers Launched": 5,
          "Single Copy": false,
          "Plans": [
            {
              "Node Type": "Aggregate",
              "Strategy": "Plain",
              "Partial Mode": "Partial",
              "Parent Relationship": "Outer",
              "Parallel Aware": false,
              "Startup Cost": 159520.18,
              "Total Cost": 159520.19,
              "Plan Rows": 1,
              "Plan Width": 8,
              "Actual Startup Time": 590.851,
              "Actual Total Time": 590.858,
              "Actual Rows": 1,
              "Actual Loops": 6,
              "Plans": [
                {
                  "Node Type": "Hash Join",
                  "Parent Relationship": "Outer",
                  "Parallel Aware": true,
                  "Join Type": "Inner",
                  "Startup Cost": 84503.96,
                  "Total Cost": 159279.54,
                  "Plan Rows": 96255,
                  "Plan Width": 0,
                  "Actual Startup Time": 420.954,
                  "Actual Total Time": 588.277,
                  "Actual Rows": 50047,
                  "Actual Loops": 6,
                  "Inner Unique": false,
                  "Hash Cond": "(ci.movie_id = t.id)",
                  "Plans": [
                    {
                      "Node Type": "Index Scan",
                      "Parent Relationship": "Outer",
                      "Parallel Aware": true,
                      "Scan Direction": "Forward",
                      "Index Name": "role_id_cast_info",
                      "Relation Name": "cast_info",
                      "Alias": "ci",
                      "Startup Cost": 0.56,
                      "Total Cost": 72913.16,
                      "Plan Rows": 413996,
                      "Plan Width": 4,
                      "Actual Startup Time": 0.215,
                      "Actual Total Time": 104.689,
                      "Actual Rows": 276474,
                      "Actual Loops": 6,
                      "Index Cond": "(role_id = 4)",
                      "Rows Removed by Index Recheck": 0,
                      "Filter": "(person_id < 2868121)",
                      "Rows Removed by Filter": 178350
                    },
                    {
                      "Node Type": "Hash",
                      "Parent Relationship": "Inner",
                      "Parallel Aware": true,
                      "Startup Cost": 82132.99,
                      "Total Cost": 82132.99,
                      "Plan Rows": 189633,
                      "Plan Width": 8,
                      "Actual Startup Time": 417.083,
                      "Actual Total Time": 417.088,
                      "Actual Rows": 52108,
                      "Actual Loops": 6,
                      "Hash Buckets": 1048576,
                      "Original Hash Buckets": 1048576,
                      "Hash Batches": 1,
                      "Original Hash Batches": 1,
                      "Peak Memory Usage": 20512,
                      "Plans": [
                        {
                          "Node Type": "Hash Join",
                          "Parent Relationship": "Outer",
                          "Parallel Aware": true,
                          "Join Type": "Inner",
                          "Startup Cost": 50220.38,
                          "Total Cost": 82132.99,
                          "Plan Rows": 189633,
                          "Plan Width": 8,
                          "Actual Startup Time": 315.246,
                          "Actual Total Time": 384.03,
                          "Actual Rows": 52108,
                          "Actual Loops": 6,
                          "Inner Unique": true,
                          "Hash Cond": "(mc.movie_id = t.id)",
                          "Plans": [
                            {
                              "Node Type": "Seq Scan",
                              "Parent Relationship": "Outer",
                              "Parallel Aware": true,
                              "Relation Name": "movie_companies",
                              "Alias": "mc",
                              "Startup Cost": 0.0,
                              "Total Cost": 31414.82,
                              "Plan Rows": 189633,
                              "Plan Width": 4,
                              "Actual Startup Time": 8.444,
                              "Actual Total Time": 52.436,
                              "Actual Rows": 52108,
                              "Actual Loops": 6,
                              "Filter": "((company_id > 12437) AND (company_type_id < 2))",
                              "Rows Removed by Filter": 382746
                            },
                            {
                              "Node Type": "Hash",
                              "Parent Relationship": "Inner",
                              "Parallel Aware": true,
                              "Startup Cost": 42319.06,
                              "Total Cost": 42319.06,
                              "Plan Rows": 632106,
                              "Plan Width": 4,
                              "Actual Startup Time": 301.197,
                              "Actual Total Time": 301.199,
                              "Actual Rows": 421385,
                              "Actual Loops": 6,
                              "Hash Buckets": 4194304,
                              "Original Hash Buckets": 4194304,
                              "Hash Batches": 1,
                              "Original Hash Batches": 1,
                              "Peak Memory Usage": 131808,
                              "Plans": [
                                {
                                  "Node Type": "Seq Scan",
                                  "Parent Relationship": "Outer",
                                  "Parallel Aware": true,
                                  "Relation Name": "title",
                                  "Alias": "t",
                                  "Startup Cost": 0.0,
                                  "Total Cost": 42319.06,
                                  "Plan Rows": 632106,
                                  "Plan Width": 4,
                                  "Actual Startup Time": 0.065,
                                  "Actual Total Time": 85.659,
                                  "Actual Rows": 421385,
                                  "Actual Loops": 6
                                }
                              ]
                            }
                          ]
                        }
                      ]
                    }
                  ]
                }
              ]
            }
          ]
        }
      ]
    },
    "Planning Time": 1.447,
    "Triggers": [],
    "Execution Time": 632.546
  }
]