[
  {
    "Plan": {
      "Node Type": "Aggregate",
      "Strategy": "Plain",
      "Partial Mode": "Finalize",
      "Parallel Aware": false,
      "Startup Cost": 149262.34,
      "Total Cost": 149262.35,
      "Plan Rows": 1,
      "Plan Width": 8,
      "Actual Startup Time": 898.59,
      "Actual Total Time": 961.545,
      "Actual Rows": 1,
      "Actual Loops": 1,
      "Plans": [
        {
          "Node Type": "Gather",
          "Parent Relationship": "Outer",
          "Parallel Aware": false,
          "Startup Cost": 149261.92,
          "Total Cost": 149262.33,
          "Plan Rows": 4,
          "Plan Width": 8,
          "Actual Startup Time": 896.961,
          "Actual Total Time": 961.535,
          "Actual Rows": 5,
          "Actual Loops": 1,
          "Workers Planned": 4,
          "Workers Launched": 4,
          "Single Copy": false,
          "Plans": [
            {
              "Node Type": "Aggregate",
              "Strategy": "Plain",
              "Partial Mode": "Partial",
              "Parent Relationship": "Outer",
              "Parallel Aware": false,
              "Startup Cost": 148261.92,
              "Total Cost": 148261.93,
              "Plan Rows": 1,
              "Plan Width": 8,
              "Actual Startup Time": 886.75,
              "Actual Total Time": 886.754,
              "Actual Rows": 1,
              "Actual Loops": 5,
              "Plans": [
                {
                  "Node Type": "Nested Loop",
                  "Parent Relationship": "Outer",
                  "Parallel Aware": false,
                  "Join Type": "Inner",
                  "Startup Cost": 29021.99,
                  "Total Cost": 148202.87,
                  "Plan Rows": 23621,
                  "Plan Width": 0,
                  "Actual Startup Time": 106.069,
                  "Actual Total Time": 881.509,
                  "Actual Rows": 89959,
                  "Actual Loops": 5,
                  "Inner Unique": false,
                  "Plans": [
                    {
                      "Node Type": "Hash Join",
                      "Parent Relationship": "Outer",
                      "Parallel Aware": true,
                      "Join Type": "Inner",
                      "Startup Cost": 29021.55,
                      "Total Cost": 74643.85,
                      "Plan Rows": 44392,
                      "Plan Width": 8,
                      "Actual Startup Time": 105.963,
                      "Actual Total Time": 298.253,
                      "Actual Rows": 55365,
                      "Actual Loops": 5,
                      "Inner Unique": false,
                      "Hash Cond": "(t.id = mc.movie_id)",
                      "Plans": [
                        {
                          "Node Type": "Seq Scan",
                          "Parent Relationship": "Outer",
                          "Parallel Aware": true,
                          "Relation Name": "title",
                          "Alias": "t",
                          "Startup Cost": 0.0,
                          "Total Cost": 42318.73,
                          "Plan Rows": 632073,
                          "Plan Width": 4,
                          "Actual Startup Time": 0.011,
                          "Actual Total Time": 60.814,
                          "Actual Rows": 505662,
                          "Actual Loops": 5
                        },
                        {
                          "Node Type": "Hash",
                          "Parent Relationship": "Inner",
                          "Parallel Aware": true,
                          "Startup Cost": 28305.55,
                          "Total Cost": 28305.55,
                          "Plan Rows": 57280,
                          "Plan Width": 4,
                          "Actual Startup Time": 104.069,
                          "Actual Total Time": 104.07,
                          "Actual Rows": 55365,
                          "Actual Loops": 5,
                          "Hash Buckets": 524288,
                          "Original Hash Buckets": 262144,
                          "Hash Batches": 1,
                          "Original Hash Batches": 1,
                          "Peak Memory Usage": 17088,
                          "Plans": [
                            {
                              "Node Type": "Bitmap Heap Scan",
                              "Parent Relationship": "Outer",
                              "Parallel Aware": true,
                              "Relation Name": "movie_companies",
                              "Alias": "mc",
                              "Startup Cost": 7770.17,
                              "Total Cost": 28305.55,
                              "Plan Rows": 57280,
                              "Plan Width": 4,
                              "Actual Startup Time": 28.718,
                              "Actual Total Time": 74.856,
                              "Actual Rows": 55365,
                              "Actual Loops": 5,
                              "Recheck Cond": "(company_id < 180)",
                              "Rows Removed by Index Recheck": 0,
                              "Filter": "(company_type_id < 2)",
                              "Rows Removed by Filter": 15906,
                              "Exact Heap Blocks": 6866,
                              "Lossy Heap Blocks": 0,
                              "Plans": [
                                {
                                  "Node Type": "Bitmap Index Scan",
                                  "Parent Relationship": "Outer",
                                  "Parallel Aware": false,
                                  "Index Name": "company_id_movie_companies",
                                  "Startup Cost": 0.0,
                                  "Total Cost": 7725.78,
                                  "Plan Rows": 360713,
                                  "Plan Width": 0,
                                  "Actual Startup Time": 28.421,
                                  "Actual Total Time": 28.422,
                                  "Actual Rows": 356356,
                                  "Actual Loops": 1,
                                  "Index Cond": "(company_id < 180)"
                                }
                              ]
                            }
                          ]
                        }
                      ]
                    },
                    {
                      "Node Type": "Index Scan",
                      "Parent Relationship": "Inner",
                      "Parallel Aware": false,
                      "Scan Direction": "Forward",
                      "Index Name": "movie_id_movie_info",
                      "Relation Name": "movie_info",
                      "Alias": "mi",
                      "Startup Cost": 0.43,
                      "Total Cost": 1.62,
                      "Plan Rows": 4,
                      "Plan Width": 4,
                      "Actual Startup Time": 0.006,
                      "Actual Total Time": 0.01,
                      "Actual Rows": 2,
                      "Actual Loops": 276826,
                      "Index Cond": "(movie_id = t.id)",
                      "Rows Removed by Index Recheck": 0,
                      "Filter": "(info_type_id = 7)",
                      "Rows Removed by Filter": 17
                    }
                  ]
                }
              ]
            }
          ]
        }
      ]
    },
    "Planning Time": 1.45,
    "Triggers": [],
    "Execution Time": 961.674
  }
]