{
  "Plan": {
    "Node Type": "Aggregate",
    "Strategy": "Plain",
    "Partial Mode": "Finalize",
    "Parallel Aware": false,
    "Startup Cost": 120743.45,
    "Total Cost": 120743.46,
    "Plan Rows": 1,
    "Plan Width": 8,
    "Actual Startup Time": 494.807,
    "Actual Total Time": 511.92,
    "Actual Rows": 1,
    "Actual Loops": 1,
    "Plans": [
      {
        "Node Type": "Gather",
        "Parent Relationship": "Outer",
        "Parallel Aware": false,
        "Startup Cost": 120743.34,
        "Total Cost": 120743.45,
        "Plan Rows": 1,
        "Plan Width": 8,
        "Actual Startup Time": 494.368,
        "Actual Total Time": 511.912,
        "Actual Rows": 2,
        "Actual Loops": 1,
        "Workers Planned": 1,
        "Workers Launched": 1,
        "Single Copy": false,
        "Plans": [
          {
            "Node Type": "Aggregate",
            "Strategy": "Plain",
            "Partial Mode": "Partial",
            "Parent Relationship": "Outer",
            "Parallel Aware": false,
            "Startup Cost": 119743.34,
            "Total Cost": 119743.35,
            "Plan Rows": 1,
            "Plan Width": 8,
            "Actual Startup Time": 488.715,
            "Actual Total Time": 488.719,
            "Actual Rows": 1,
            "Actual Loops": 2,
            "Plans": [
              {
                "Node Type": "Hash Join",
                "Parent Relationship": "Outer",
                "Parallel Aware": true,
                "Join Type": "Inner",
                "Startup Cost": 55304.11,
                "Total Cost": 119505.62,
                "Plan Rows": 95088,
                "Plan Width": 0,
                "Actual Startup Time": 152.51,
                "Actual Total Time": 485.464,
                "Actual Rows": 80638,
                "Actual Loops": 2,
                "Inner Unique": true,
                "Hash Cond": "(mk.movie_id = t.id)",
                "Plans": [
                  {
                    "Node Type": "Seq Scan",
                    "Parent Relationship": "Outer",
                    "Parallel Aware": true,
                    "Relation Name": "movie_keyword",
                    "Alias": "mk",
                    "Startup Cost": 0.0,
                    "Total Cost": 57718.19,
                    "Plan Rows": 2469830,
                    "Plan Width": 4,
                    "Actual Startup Time": 0.025,
                    "Actual Total Time": 199.724,
                    "Actual Rows": 2090038,
                    "Actual Loops": 2,
                    "Filter": "(keyword_id > 283)",
                    "Rows Removed by Filter": 171927
                  },
                  {
                    "Node Type": "Hash",
                    "Parent Relationship": "Inner",
                    "Parallel Aware": true,
                    "Startup Cost": 54588.39,
                    "Total Cost": 54588.39,
                    "Plan Rows": 57258,
                    "Plan Width": 4,
                    "Actual Startup Time": 149.877,
                    "Actual Total Time": 149.878,
                    "Actual Rows": 47502,
                    "Actual Loops": 2,
                    "Hash Buckets": 131072,
                    "Original Hash Buckets": 131072,
                    "Hash Batches": 1,
                    "Original Hash Batches": 1,
                    "Peak Memory Usage": 4768,
                    "Plans": [
                      {
                        "Node Type": "Seq Scan",
                        "Parent Relationship": "Outer",
                        "Parallel Aware": true,
                        "Relation Name": "title",
                        "Alias": "t",
                        "Startup Cost": 0.0,
                        "Total Cost": 54588.39,
                        "Plan Rows": 57258,
                        "Plan Width": 4,
                        "Actual Startup Time": 0.045,
                        "Actual Total Time": 136.741,
                        "Actual Rows": 47502,
                        "Actual Loops": 2,
                        "Filter": "(production_year = 2005)",
                        "Rows Removed by Filter": 1216654
                      }
                    ]
                  }
                ]
              }
            ]
          }
        ]
      }
    ]
  },
  "Planning Time": 0.499,
  "Triggers": [],
  "Execution Time": 511.991
}