{
  "Plan": {
    "Node Type": "Aggregate",
    "Strategy": "Plain",
    "Partial Mode": "Finalize",
    "Parallel Aware": false,
    "Startup Cost": 129194.82,
    "Total Cost": 129194.83,
    "Plan Rows": 1,
    "Plan Width": 8,
    "Actual Startup Time": 1053.797,
    "Actual Total Time": 1075.939,
    "Actual Rows": 1,
    "Actual Loops": 1,
    "Plans": [
      {
        "Node Type": "Gather",
        "Parent Relationship": "Outer",
        "Parallel Aware": false,
        "Startup Cost": 129194.71,
        "Total Cost": 129194.82,
        "Plan Rows": 1,
        "Plan Width": 8,
        "Actual Startup Time": 1045.694,
        "Actual Total Time": 1075.93,
        "Actual Rows": 2,
        "Actual Loops": 1,
        "Workers Planned": 1,
        "Workers Launched": 1,
        "Single Copy": false,
        "Plans": [
          {
            "Node Type": "Aggregate",
            "Strategy": "Plain",
            "Partial Mode": "Partial",
            "Parent Relationship": "Outer",
            "Parallel Aware": false,
            "Startup Cost": 128194.71,
            "Total Cost": 128194.72,
            "Plan Rows": 1,
            "Plan Width": 8,
            "Actual Startup Time": 1033.77,
            "Actual Total Time": 1033.775,
            "Actual Rows": 1,
            "Actual Loops": 2,
            "Plans": [
              {
                "Node Type": "Hash Join",
                "Parent Relationship": "Outer",
                "Parallel Aware": true,
                "Join Type": "Inner",
                "Startup Cost": 92486.13,
                "Total Cost": 126598.31,
                "Plan Rows": 638558,
                "Plan Width": 0,
                "Actual Startup Time": 745.032,
                "Actual Total Time": 1004.203,
                "Actual Rows": 544118,
                "Actual Loops": 2,
                "Inner Unique": true,
                "Hash Cond": "(mk.movie_id = t.id)",
                "Plans": [
                  {
                    "Node Type": "Bitmap Heap Scan",
                    "Parent Relationship": "Outer",
                    "Parallel Aware": true,
                    "Relation Name": "movie_keyword",
                    "Alias": "mk",
                    "Startup Cost": 23025.43,
                    "Total Cost": 55461.4,
                    "Plan Rows": 638558,
                    "Plan Width": 4,
                    "Actual Startup Time": 130.5,
                    "Actual Total Time": 246.039,
                    "Actual Rows": 544118,
                    "Actual Loops": 2,
                    "Recheck Cond": "(keyword_id > 16264)",
                    "Rows Removed by Index Recheck": 0,
                    "Exact Heap Blocks": 14710,
                    "Lossy Heap Blocks": 0,
                    "Plans": [
                      {
                        "Node Type": "Bitmap Index Scan",
                        "Parent Relationship": "Outer",
                        "Parallel Aware": false,
                        "Index Name": "keyword_id_movie_keyword",
                        "Startup Cost": 0.0,
                        "Total Cost": 22754.04,
                        "Plan Rows": 1085548,
                        "Plan Width": 0,
                        "Actual Startup Time": 124.748,
                        "Actual Total Time": 124.749,
                        "Actual Rows": 1088237,
                        "Actual Loops": 1,
                        "Index Cond": "(keyword_id > 16264)"
                      }
                    ]
                  },
                  {
                    "Node Type": "Hash",
                    "Parent Relationship": "Inner",
                    "Parallel Aware": true,
                    "Startup Cost": 50870.31,
                    "Total Cost": 50870.31,
                    "Plan Rows": 1487231,
                    "Plan Width": 4,
                    "Actual Startup Time": 592.578,
                    "Actual Total Time": 592.579,
                    "Actual Rows": 1264156,
                    "Actual Loops": 2,
                    "Hash Buckets": 4194304,
                    "Original Hash Buckets": 4194304,
                    "Hash Batches": 1,
                    "Original Hash Batches": 1,
                    "Peak Memory Usage": 131712,
                    "Plans": [
                      {
                        "Node Type": "Seq Scan",
                        "Parent Relationship": "Outer",
                        "Parallel Aware": true,
                        "Relation Name": "title",
                        "Alias": "t",
                        "Startup Cost": 0.0,
                        "Total Cost": 50870.31,
                        "Plan Rows": 1487231,
                        "Plan Width": 4,
                        "Actual Startup Time": 0.025,
                        "Actual Total Time": 180.284,
                        "Actual Rows": 1264156,
                        "Actual Loops": 2
                      }
                    ]
                  }
                ]
              }
            ]
          }
        ]
      }
    ]
  },
  "Planning Time": 0.663,
  "Triggers": [],
  "Execution Time": 1076.026
}