[
  {
    "Plan": {
      "Node Type": "Aggregate",
      "Strategy": "Plain",
      "Partial Mode": "Finalize",
      "Parallel Aware": false,
      "Startup Cost": 222582.83,
      "Total Cost": 222582.84,
      "Plan Rows": 1,
      "Plan Width": 8,
      "Actual Startup Time": 318.31,
      "Actual Total Time": 334.533,
      "Actual Rows": 1,
      "Actual Loops": 1,
      "Plans": [
        {
          "Node Type": "Gather",
          "Parent Relationship": "Outer",
          "Parallel Aware": false,
          "Startup Cost": 222582.31,
          "Total Cost": 222582.82,
          "Plan Rows": 5,
          "Plan Width": 8,
          "Actual Startup Time": 300.918,
          "Actual Total Time": 334.522,
          "Actual Rows": 6,
          "Actual Loops": 1,
          "Workers Planned": 5,
          "Workers Launched": 5,
          "Single Copy": false,
          "Plans": [
            {
              "Node Type": "Aggregate",
              "Strategy": "Plain",
              "Partial Mode": "Partial",
              "Parent Relationship": "Outer",
              "Parallel Aware": false,
              "Startup Cost": 221582.31,
              "Total Cost": 221582.32,
              "Plan Rows": 1,
              "Plan Width": 8,
              "Actual Startup Time": 286.58,
              "Actual Total Time": 286.587,
              "Actual Rows": 1,
              "Actual Loops": 6,
              "Plans": [
                {
                  "Node Type": "Hash Join",
                  "Parent Relationship": "Outer",
                  "Parallel Aware": true,
                  "Join Type": "Inner",
                  "Startup Cost": 57953.85,
                  "Total Cost": 221421.14,
                  "Plan Rows": 64466,
                  "Plan Width": 0,
                  "Actual Startup Time": 251.118,
                  "Actual Total Time": 286.34,
                  "Actual Rows": 3120,
                  "Actual Loops": 6,
                  "Inner Unique": true,
                  "Hash Cond": "(mi.movie_id = t.id)",
                  "Plans": [
                    {
                      "Node Type": "Bitmap Heap Scan",
                      "Parent Relationship": "Outer",
                      "Parallel Aware": true,
                      "Relation Name": "movie_info",
                      "Alias": "mi",
                      "Startup Cost": 8829.54,
                      "Total Cost": 172040.96,
                      "Plan Rows": 97474,
                      "Plan Width": 4,
                      "Actual Startup Time": 16.9,
                      "Actual Total Time": 35.095,
                      "Actual Rows": 77606,
                      "Actual Loops": 6,
                      "Recheck Cond": "(info_type_id > 103)",
                      "Rows Removed by Index Recheck": 0,
                      "Exact Heap Blocks": 1246,
                      "Lossy Heap Blocks": 0,
                      "Plans": [
                        {
                          "Node Type": "Bitmap Index Scan",
                          "Parent Relationship": "Outer",
                          "Parallel Aware": false,
                          "Index Name": "info_type_id_movie_info",
                          "Startup Cost": 0.0,
                          "Total Cost": 8707.69,
                          "Plan Rows": 487368,
                          "Plan Width": 0,
                          "Actual Startup Time": 16.051,
                          "Actual Total Time": 16.052,
                          "Actual Rows": 465636,
                          "Actual Loops": 1,
                          "Index Cond": "(info_type_id > 103)"
                        }
                      ]
                    },
                    {
                      "Node Type": "Hash",
                      "Parent Relationship": "Inner",
                      "Parallel Aware": true,
                      "Startup Cost": 43898.92,
                      "Total Cost": 43898.92,
                      "Plan Rows": 418032,
                      "Plan Width": 4,
                      "Actual Startup Time": 223.769,
                      "Actual Total Time": 223.77,
                      "Actual Rows": 279016,
                      "Actual Loops": 6,
                      "Hash Buckets": 2097152,
                      "Original Hash Buckets": 2097152,
                      "Hash Batches": 1,
                      "Original Hash Batches": 1,
                      "Peak Memory Usage": 81952,
                      "Plans": [
                        {
                          "Node Type": "Seq Scan",
                          "Parent Relationship": "Outer",
                          "Parallel Aware": true,
                          "Relation Name": "title",
                          "Alias": "t",
                          "Startup Cost": 0.0,
                          "Total Cost": 43898.92,
                          "Plan Rows": 418032,
                          "Plan Width": 4,
                          "Actual Startup Time": 0.044,
                          "Actual Total Time": 93.022,
                          "Actual Rows": 279016,
                          "Actual Loops": 6,
                          "Filter": "(kind_id > 3)",
                          "Rows Removed by Filter": 142369
                        }
                      ]
                    }
                  ]
                }
              ]
            }
          ]
        }
      ]
    },
    "Planning Time": 0.505,
    "Triggers": [],
    "Execution Time": 334.614
  }
]