[
  {
    "Plan": {
      "Node Type": "Aggregate",
      "Strategy": "Plain",
      "Partial Mode": "Finalize",
      "Parallel Aware": false,
      "Startup Cost": 32643.62,
      "Total Cost": 32643.63,
      "Plan Rows": 1,
      "Plan Width": 8,
      "Actual Startup Time": 83.932,
      "Actual Total Time": 91.825,
      "Actual Rows": 1,
      "Actual Loops": 1,
      "Plans": [
        {
          "Node Type": "Gather",
          "Parent Relationship": "Outer",
          "Parallel Aware": false,
          "Startup Cost": 32643.3,
          "Total Cost": 32643.61,
          "Plan Rows": 3,
          "Plan Width": 8,
          "Actual Startup Time": 83.802,
          "Actual Total Time": 91.818,
          "Actual Rows": 4,
          "Actual Loops": 1,
          "Workers Planned": 3,
          "Workers Launched": 3,
          "Single Copy": false,
          "Plans": [
            {
              "Node Type": "Aggregate",
              "Strategy": "Plain",
              "Partial Mode": "Partial",
              "Parent Relationship": "Outer",
              "Parallel Aware": false,
              "Startup Cost": 31643.3,
              "Total Cost": 31643.31,
              "Plan Rows": 1,
              "Plan Width": 8,
              "Actual Startup Time": 79.712,
              "Actual Total Time": 79.713,
              "Actual Rows": 1,
              "Actual Loops": 4,
              "Plans": [
                {
                  "Node Type": "Seq Scan",
                  "Parent Relationship": "Outer",
                  "Parallel Aware": true,
                  "Relation Name": "movie_companies",
                  "Alias": "mc",
                  "Startup Cost": 0.0,
                  "Total Cost": 31414.82,
                  "Plan Rows": 91392,
                  "Plan Width": 0,
                  "Actual Startup Time": 40.196,
                  "Actual Total Time": 73.294,
                  "Actual Rows": 137406,
                  "Actual Loops": 4,
                  "Filter": "((company_id > 71884) AND (company_type_id > 1))",
                  "Rows Removed by Filter": 514876
                }
              ]
            }
          ]
        }
      ]
    },
    "Planning Time": 0.183,
    "Triggers": [],
    "Execution Time": 91.873
  }
]