[
  {
    "Plan": {
      "Node Type": "Aggregate",
      "Strategy": "Plain",
      "Partial Mode": "Finalize",
      "Parallel Aware": false,
      "Startup Cost": 32635.59,
      "Total Cost": 32635.6,
      "Plan Rows": 1,
      "Plan Width": 8,
      "Actual Startup Time": 91.533,
      "Actual Total Time": 97.056,
      "Actual Rows": 1,
      "Actual Loops": 1,
      "Plans": [
        {
          "Node Type": "Gather",
          "Parent Relationship": "Outer",
          "Parallel Aware": false,
          "Startup Cost": 32635.28,
          "Total Cost": 32635.59,
          "Plan Rows": 3,
          "Plan Width": 8,
          "Actual Startup Time": 91.437,
          "Actual Total Time": 97.05,
          "Actual Rows": 4,
          "Actual Loops": 1,
          "Workers Planned": 3,
          "Workers Launched": 3,
          "Single Copy": false,
          "Plans": [
            {
              "Node Type": "Aggregate",
              "Strategy": "Plain",
              "Partial Mode": "Partial",
              "Parent Relationship": "Outer",
              "Parallel Aware": false,
              "Startup Cost": 31635.28,
              "Total Cost": 31635.29,
              "Plan Rows": 1,
              "Plan Width": 8,
              "Actual Startup Time": 82.655,
              "Actual Total Time": 82.656,
              "Actual Rows": 1,
              "Actual Loops": 4,
              "Plans": [
                {
                  "Node Type": "Seq Scan",
                  "Parent Relationship": "Outer",
                  "Parallel Aware": true,
                  "Relation Name": "movie_companies",
                  "Alias": "mc",
                  "Startup Cost": 0.0,
                  "Total Cost": 31414.82,
                  "Plan Rows": 88183,
                  "Plan Width": 0,
                  "Actual Startup Time": 46.514,
                  "Actual Total Time": 77.225,
                  "Actual Rows": 137406,
                  "Actual Loops": 4,
                  "Filter": "((company_id > 71884) AND (company_type_id > 1))",
                  "Rows Removed by Filter": 514876
                }
              ]
            }
          ]
        }
      ]
    },
    "Planning Time": 0.198,
    "Triggers": [],
    "Execution Time": 97.108
  }
]