[
  {
    "Plan": {
      "Node Type": "Aggregate",
      "Strategy": "Plain",
      "Partial Mode": "Finalize",
      "Parallel Aware": false,
      "Startup Cost": 43906.25,
      "Total Cost": 43906.26,
      "Plan Rows": 1,
      "Plan Width": 8,
      "Actual Startup Time": 143.488,
      "Actual Total Time": 152.696,
      "Actual Rows": 1,
      "Actual Loops": 1,
      "Plans": [
        {
          "Node Type": "Gather",
          "Parent Relationship": "Outer",
          "Parallel Aware": false,
          "Startup Cost": 43905.93,
          "Total Cost": 43906.24,
          "Plan Rows": 3,
          "Plan Width": 8,
          "Actual Startup Time": 143.086,
          "Actual Total Time": 152.682,
          "Actual Rows": 4,
          "Actual Loops": 1,
          "Workers Planned": 3,
          "Workers Launched": 3,
          "Single Copy": false,
          "Plans": [
            {
              "Node Type": "Aggregate",
              "Strategy": "Plain",
              "Partial Mode": "Partial",
              "Parent Relationship": "Outer",
              "Parallel Aware": false,
              "Startup Cost": 42905.93,
              "Total Cost": 42905.94,
              "Plan Rows": 1,
              "Plan Width": 8,
              "Actual Startup Time": 139.662,
              "Actual Total Time": 139.663,
              "Actual Rows": 1,
              "Actual Loops": 4,
              "Plans": [
                {
                  "Node Type": "Bitmap Heap Scan",
                  "Parent Relationship": "Outer",
                  "Parallel Aware": true,
                  "Relation Name": "movie_keyword",
                  "Alias": "mk",
                  "Startup Cost": 15025.09,
                  "Total Cost": 42334.79,
                  "Plan Rows": 228456,
                  "Plan Width": 0,
                  "Actual Startup Time": 49.428,
                  "Actual Total Time": 130.307,
                  "Actual Rows": 176265,
                  "Actual Loops": 4,
                  "Recheck Cond": "(keyword_id > 26760)",
                  "Rows Removed by Index Recheck": 0,
                  "Exact Heap Blocks": 9762,
                  "Lossy Heap Blocks": 0,
                  "Plans": [
                    {
                      "Node Type": "Bitmap Index Scan",
                      "Parent Relationship": "Outer",
                      "Parallel Aware": false,
                      "Index Name": "keyword_id_movie_keyword",
                      "Startup Cost": 0.0,
                      "Total Cost": 14848.04,
                      "Plan Rows": 708214,
                      "Plan Width": 0,
                      "Actual Startup Time": 48.805,
                      "Actual Total Time": 48.806,
                      "Actual Rows": 705061,
                      "Actual Loops": 1,
                      "Index Cond": "(keyword_id > 26760)"
                    }
                  ]
                }
              ]
            }
          ]
        }
      ]
    },
    "Planning Time": 0.084,
    "Triggers": [],
    "Execution Time": 152.739
  }
]