[
  {
    "Plan": {
      "Node Type": "Aggregate",
      "Strategy": "Plain",
      "Partial Mode": "Finalize",
      "Parallel Aware": false,
      "Startup Cost": 44047.25,
      "Total Cost": 44047.26,
      "Plan Rows": 1,
      "Plan Width": 8,
      "Actual Startup Time": 160.058,
      "Actual Total Time": 168.813,
      "Actual Rows": 1,
      "Actual Loops": 1,
      "Plans": [
        {
          "Node Type": "Gather",
          "Parent Relationship": "Outer",
          "Parallel Aware": false,
          "Startup Cost": 44046.93,
          "Total Cost": 44047.24,
          "Plan Rows": 3,
          "Plan Width": 8,
          "Actual Startup Time": 159.708,
          "Actual Total Time": 168.806,
          "Actual Rows": 4,
          "Actual Loops": 1,
          "Workers Planned": 3,
          "Workers Launched": 3,
          "Single Copy": false,
          "Plans": [
            {
              "Node Type": "Aggregate",
              "Strategy": "Plain",
              "Partial Mode": "Partial",
              "Parent Relationship": "Outer",
              "Parallel Aware": false,
              "Startup Cost": 43046.93,
              "Total Cost": 43046.94,
              "Plan Rows": 1,
              "Plan Width": 8,
              "Actual Startup Time": 150.8,
              "Actual Total Time": 150.801,
              "Actual Rows": 1,
              "Actual Loops": 4,
              "Plans": [
                {
                  "Node Type": "Bitmap Heap Scan",
                  "Parent Relationship": "Outer",
                  "Parallel Aware": true,
                  "Relation Name": "movie_keyword",
                  "Alias": "mk",
                  "Startup Cost": 15139.57,
                  "Total Cost": 42471.37,
                  "Plan Rows": 230224,
                  "Plan Width": 0,
                  "Actual Startup Time": 56.13,
                  "Actual Total Time": 140.408,
                  "Actual Rows": 176265,
                  "Actual Loops": 4,
                  "Recheck Cond": "(keyword_id > 26760)",
                  "Rows Removed by Index Recheck": 0,
                  "Exact Heap Blocks": 10902,
                  "Lossy Heap Blocks": 0,
                  "Plans": [
                    {
                      "Node Type": "Bitmap Index Scan",
                      "Parent Relationship": "Outer",
                      "Parallel Aware": false,
                      "Index Name": "keyword_id_movie_keyword",
                      "Startup Cost": 0.0,
                      "Total Cost": 14961.15,
                      "Plan Rows": 713695,
                      "Plan Width": 0,
                      "Actual Startup Time": 60.563,
                      "Actual Total Time": 60.563,
                      "Actual Rows": 705061,
                      "Actual Loops": 1,
                      "Index Cond": "(keyword_id > 26760)"
                    }
                  ]
                }
              ]
            }
          ]
        }
      ]
    },
    "Planning Time": 0.162,
    "Triggers": [],
    "Execution Time": 168.885
  }
]