[
    {
        "Bao": {
            "Bao prediction": "NaN",
            "Bao recommended hint": "(no hint)"
        }
    },
    {
        "Plan": {
            "Node Type": "Aggregate",
            "Strategy": "Plain",
            "Partial Mode": "Simple",
            "Parallel Aware": false,
            "Startup Cost": 27775.7,
            "Total Cost": 27775.71,
            "Plan Rows": 1,
            "Plan Width": 8,
            "Actual Startup Time": 40.219,
            "Actual Total Time": 40.22,
            "Actual Rows": 1,
            "Actual Loops": 1,
            "Output": [
                "count(*)"
            ],
            "Plans": [
                {
                    "Node Type": "Bitmap Heap Scan",
                    "Parent Relationship": "Outer",
                    "Parallel Aware": false,
                    "Relation Name": "movie_keyword",
                    "Schema": "public",
                    "Alias": "mk",
                    "Startup Cost": 1946.8,
                    "Total Cost": 27546.55,
                    "Plan Rows": 91660,
                    "Plan Width": 0,
                    "Actual Startup Time": 7.148,
                    "Actual Total Time": 36.711,
                    "Actual Rows": 85531,
                    "Actual Loops": 1,
                    "Recheck Cond": "(mk.keyword_id > 86207)",
                    "Rows Removed by Index Recheck": 0,
                    "Exact Heap Blocks": 16264,
                    "Lossy Heap Blocks": 0,
                    "Plans": [
                        {
                            "Node Type": "Bitmap Index Scan",
                            "Parent Relationship": "Outer",
                            "Parallel Aware": false,
                            "Index Name": "keyword_id_movie_keyword",
                            "Startup Cost": 0.0,
                            "Total Cost": 1923.88,
                            "Plan Rows": 91660,
                            "Plan Width": 0,
                            "Actual Startup Time": 4.792,
                            "Actual Total Time": 4.792,
                            "Actual Rows": 85531,
                            "Actual Loops": 1,
                            "Index Cond": "(mk.keyword_id > 86207)"
                        }
                    ]
                }
            ]
        },
        "Planning Time": 171.05,
        "Triggers": [],
        "Execution Time": 40.258
    }
]