[
  {
    "Plan": {
      "Node Type": "Aggregate",
      "Strategy": "Plain",
      "Partial Mode": "Finalize",
      "Parallel Aware": false,
      "Startup Cost": 78247.77,
      "Total Cost": 78247.78,
      "Plan Rows": 1,
      "Plan Width": 8,
      "Actual Startup Time": 209.209,
      "Actual Total Time": 228.999,
      "Actual Rows": 1,
      "Actual Loops": 1,
      "Plans": [
        {
          "Node Type": "Gather",
          "Parent Relationship": "Outer",
          "Parallel Aware": false,
          "Startup Cost": 78247.35,
          "Total Cost": 78247.76,
          "Plan Rows": 4,
          "Plan Width": 8,
          "Actual Startup Time": 208.622,
          "Actual Total Time": 228.99,
          "Actual Rows": 5,
          "Actual Loops": 1,
          "Workers Planned": 4,
          "Workers Launched": 4,
          "Single Copy": false,
          "Plans": [
            {
              "Node Type": "Aggregate",
              "Strategy": "Plain",
              "Partial Mode": "Partial",
              "Parent Relationship": "Outer",
              "Parallel Aware": false,
              "Startup Cost": 77247.35,
              "Total Cost": 77247.36,
              "Plan Rows": 1,
              "Plan Width": 8,
              "Actual Startup Time": 198.269,
              "Actual Total Time": 198.272,
              "Actual Rows": 1,
              "Actual Loops": 5,
              "Plans": [
                {
                  "Node Type": "Nested Loop",
                  "Parent Relationship": "Outer",
                  "Parallel Aware": false,
                  "Join Type": "Inner",
                  "Startup Cost": 25431.88,
                  "Total Cost": 77241.98,
                  "Plan Rows": 2146,
                  "Plan Width": 0,
                  "Actual Startup Time": 71.215,
                  "Actual Total Time": 197.968,
                  "Actual Rows": 2684,
                  "Actual Loops": 5,
                  "Inner Unique": false,
                  "Plans": [
                    {
                      "Node Type": "Hash Join",
                      "Parent Relationship": "Outer",
                      "Parallel Aware": true,
                      "Join Type": "Inner",
                      "Startup Cost": 25431.46,
                      "Total Cost": 70641.08,
                      "Plan Rows": 11932,
                      "Plan Width": 8,
                      "Actual Startup Time": 71.119,
                      "Actual Total Time": 171.15,
                      "Actual Rows": 7024,
                      "Actual Loops": 5,
                      "Inner Unique": false,
                      "Hash Cond": "(t.id = mc.movie_id)",
                      "Plans": [
                        {
                          "Node Type": "Seq Scan",
                          "Parent Relationship": "Outer",
                          "Parallel Aware": true,
                          "Relation Name": "title",
                          "Alias": "t",
                          "Startup Cost": 0.0,
                          "Total Cost": 43898.92,
                          "Plan Rows": 254444,
                          "Plan Width": 4,
                          "Actual Startup Time": 0.012,
                          "Actual Total Time": 73.38,
                          "Actual Rows": 204350,
                          "Actual Loops": 5,
                          "Filter": "(production_year < 2000)",
                          "Rows Removed by Filter": 301312
                        },
                        {
                          "Node Type": "Hash",
                          "Parent Relationship": "Inner",
                          "Parallel Aware": true,
                          "Startup Cost": 24953.37,
                          "Total Cost": 24953.37,
                          "Plan Rows": 38247,
                          "Plan Width": 4,
                          "Actual Startup Time": 69.609,
                          "Actual Total Time": 69.61,
                          "Actual Rows": 10878,
                          "Actual Loops": 5,
                          "Hash Buckets": 131072,
                          "Original Hash Buckets": 131072,
                          "Hash Batches": 1,
                          "Original Hash Batches": 1,
                          "Peak Memory Usage": 3296,
                          "Plans": [
                            {
                              "Node Type": "Bitmap Heap Scan",
                              "Parent Relationship": "Outer",
                              "Parallel Aware": true,
                              "Relation Name": "movie_companies",
                              "Alias": "mc",
                              "Startup Cost": 5033.45,
                              "Total Cost": 24953.37,
                              "Plan Rows": 38247,
                              "Plan Width": 4,
                              "Actual Startup Time": 54.814,
                              "Actual Total Time": 66.059,
                              "Actual Rows": 10878,
                              "Actual Loops": 5,
                              "Recheck Cond": "(company_id < 93)",
                              "Rows Removed by Index Recheck": 0,
                              "Filter": "(company_type_id > 1)",
                              "Rows Removed by Filter": 35655,
                              "Exact Heap Blocks": 9061,
                              "Lossy Heap Blocks": 0,
                              "Plans": [
                                {
                                  "Node Type": "Bitmap Index Scan",
                                  "Parent Relationship": "Outer",
                                  "Parallel Aware": false,
                                  "Index Name": "company_id_movie_companies",
                                  "Startup Cost": 0.0,
                                  "Total Cost": 5003.81,
                                  "Plan Rows": 233517,
                                  "Plan Width": 0,
                                  "Actual Startup Time": 23.625,
                                  "Actual Total Time": 23.626,
                                  "Actual Rows": 232665,
                                  "Actual Loops": 1,
                                  "Index Cond": "(company_id < 93)"
                                }
                              ]
                            }
                          ]
                        }
                      ]
                    },
                    {
                      "Node Type": "Index Scan",
                      "Parent Relationship": "Inner",
                      "Parallel Aware": false,
                      "Scan Direction": "Forward",
                      "Index Name": "movie_id_movie_info_idx",
                      "Relation Name": "movie_info_idx",
                      "Alias": "mi_idx",
                      "Startup Cost": 0.43,
                      "Total Cost": 0.54,
                      "Plan Rows": 1,
                      "Plan Width": 4,
                      "Actual Startup Time": 0.003,
                      "Actual Total Time": 0.003,
                      "Actual Rows": 0,
                      "Actual Loops": 35122,
                      "Index Cond": "(movie_id = t.id)",
                      "Rows Removed by Index Recheck": 0,
                      "Filter": "(info_type_id < 100)",
                      "Rows Removed by Filter": 1
                    }
                  ]
                }
              ]
            }
          ]
        }
      ]
    },
    "Planning Time": 1.466,
    "Triggers": [],
    "Execution Time": 229.112
  }
]