[
  {
    "Plan": {
      "Node Type": "Aggregate",
      "Strategy": "Plain",
      "Partial Mode": "Finalize",
      "Parallel Aware": false,
      "Startup Cost": 350562.83,
      "Total Cost": 350562.84,
      "Plan Rows": 1,
      "Plan Width": 8,
      "Actual Startup Time": 914.904,
      "Actual Total Time": 964.222,
      "Actual Rows": 1,
      "Actual Loops": 1,
      "Plans": [
        {
          "Node Type": "Gather",
          "Parent Relationship": "Outer",
          "Parallel Aware": false,
          "Startup Cost": 350562.21,
          "Total Cost": 350562.82,
          "Plan Rows": 6,
          "Plan Width": 8,
          "Actual Startup Time": 914.663,
          "Actual Total Time": 964.209,
          "Actual Rows": 7,
          "Actual Loops": 1,
          "Workers Planned": 6,
          "Workers Launched": 6,
          "Single Copy": false,
          "Plans": [
            {
              "Node Type": "Aggregate",
              "Strategy": "Plain",
              "Partial Mode": "Partial",
              "Parent Relationship": "Outer",
              "Parallel Aware": false,
              "Startup Cost": 349562.21,
              "Total Cost": 349562.22,
              "Plan Rows": 1,
              "Plan Width": 8,
              "Actual Startup Time": 906.202,
              "Actual Total Time": 906.204,
              "Actual Rows": 1,
              "Actual Loops": 7,
              "Plans": [
                {
                  "Node Type": "Seq Scan",
                  "Parent Relationship": "Outer",
                  "Parallel Aware": true,
                  "Relation Name": "cast_info",
                  "Alias": "ci",
                  "Startup Cost": 0.0,
                  "Total Cost": 343316.27,
                  "Plan Rows": 2498375,
                  "Plan Width": 0,
                  "Actual Startup Time": 149.23,
                  "Actual Total Time": 793.204,
                  "Actual Rows": 1905618,
                  "Actual Loops": 7,
                  "Filter": "((person_id > 928579) AND (role_id < 3))",
                  "Rows Removed by Filter": 3272146
                }
              ]
            }
          ]
        }
      ]
    },
    "Planning Time": 0.202,
    "Triggers": [],
    "Execution Time": 964.315
  }
]