{
    "Plan": {
        "Node Type": "Aggregate",
        "Strategy": "Plain",
        "Partial Mode": "Finalize",
        "Parallel Aware": false,
        "Startup Cost": 114243.24,
        "Total Cost": 114243.25,
        "Plan Rows": 1,
        "Plan Width": 8,
        "Actual Startup Time": 453.619,
        "Actual Total Time": 478.816,
        "Actual Rows": 1,
        "Actual Loops": 1,
        "Output": [
            "count(*)"
        ],
        "Plans": [
            {
                "Node Type": "Gather",
                "Parent Relationship": "Outer",
                "Parallel Aware": false,
                "Startup Cost": 114242.82,
                "Total Cost": 114243.23,
                "Plan Rows": 4,
                "Plan Width": 8,
                "Actual Startup Time": 452.237,
                "Actual Total Time": 478.804,
                "Actual Rows": 5,
                "Actual Loops": 1,
                "Output": [
                    "(PARTIAL count(*))"
                ],
                "Workers Planned": 4,
                "Workers Launched": 4,
                "Single Copy": false,
                "Plans": [
                    {
                        "Node Type": "Aggregate",
                        "Strategy": "Plain",
                        "Partial Mode": "Partial",
                        "Parent Relationship": "Outer",
                        "Parallel Aware": false,
                        "Startup Cost": 113242.82,
                        "Total Cost": 113242.83,
                        "Plan Rows": 1,
                        "Plan Width": 8,
                        "Actual Startup Time": 441.853,
                        "Actual Total Time": 441.917,
                        "Actual Rows": 1,
                        "Actual Loops": 5,
                        "Output": [
                            "PARTIAL count(*)"
                        ],
                        "Workers": [
                            {
                                "Worker Number": 0,
                                "Actual Startup Time": 439.377,
                                "Actual Total Time": 439.38,
                                "Actual Rows": 1,
                                "Actual Loops": 1
                            },
                            {
                                "Worker Number": 1,
                                "Actual Startup Time": 439.65,
                                "Actual Total Time": 439.653,
                                "Actual Rows": 1,
                                "Actual Loops": 1
                            },
                            {
                                "Worker Number": 2,
                                "Actual Startup Time": 438.967,
                                "Actual Total Time": 438.971,
                                "Actual Rows": 1,
                                "Actual Loops": 1
                            },
                            {
                                "Worker Number": 3,
                                "Actual Startup Time": 439.908,
                                "Actual Total Time": 439.912,
                                "Actual Rows": 1,
                                "Actual Loops": 1
                            }
                        ],
                        "Plans": [
                            {
                                "Node Type": "Nested Loop",
                                "Parent Relationship": "Outer",
                                "Parallel Aware": false,
                                "Join Type": "Inner",
                                "Startup Cost": 32166.97,
                                "Total Cost": 113090.26,
                                "Plan Rows": 61022,
                                "Plan Width": 0,
                                "Actual Startup Time": 94.823,
                                "Actual Total Time": 431.434,
                                "Actual Rows": 185472,
                                "Actual Loops": 5,
                                "Inner Unique": false,
                                "Workers": [
                                    {
                                        "Worker Number": 0,
                                        "Actual Startup Time": 92.177,
                                        "Actual Total Time": 429.589,
                                        "Actual Rows": 193589,
                                        "Actual Loops": 1
                                    },
                                    {
                                        "Worker Number": 1,
                                        "Actual Startup Time": 92.68,
                                        "Actual Total Time": 429.794,
                                        "Actual Rows": 195554,
                                        "Actual Loops": 1
                                    },
                                    {
                                        "Worker Number": 2,
                                        "Actual Startup Time": 92.031,
                                        "Actual Total Time": 430.447,
                                        "Actual Rows": 162178,
                                        "Actual Loops": 1
                                    },
                                    {
                                        "Worker Number": 3,
                                        "Actual Startup Time": 92.922,
                                        "Actual Total Time": 430.053,
                                        "Actual Rows": 196202,
                                        "Actual Loops": 1
                                    }
                                ],
                                "Plans": [
                                    {
                                        "Node Type": "Hash Join",
                                        "Parent Relationship": "Outer",
                                        "Parallel Aware": true,
                                        "Join Type": "Inner",
                                        "Startup Cost": 32166.53,
                                        "Total Cost": 78497.84,
                                        "Plan Rows": 11995,
                                        "Plan Width": 8,
                                        "Actual Startup Time": 94.702,
                                        "Actual Total Time": 214.298,
                                        "Actual Rows": 24480,
                                        "Actual Loops": 5,
                                        "Output": [
                                            "t.id",
                                            "mc.movie_id"
                                        ],
                                        "Inner Unique": false,
                                        "Hash Cond": "(t.id = mc.movie_id)",
                                        "Workers": [
                                            {
                                                "Worker Number": 0,
                                                "Actual Startup Time": 92.009,
                                                "Actual Total Time": 213.494,
                                                "Actual Rows": 25709,
                                                "Actual Loops": 1
                                            },
                                            {
                                                "Worker Number": 1,
                                                "Actual Startup Time": 92.572,
                                                "Actual Total Time": 213.7,
                                                "Actual Rows": 25724,
                                                "Actual Loops": 1
                                            },
                                            {
                                                "Worker Number": 2,
                                                "Actual Startup Time": 91.867,
                                                "Actual Total Time": 206.909,
                                                "Actual Rows": 21503,
                                                "Actual Loops": 1
                                            },
                                            {
                                                "Worker Number": 3,
                                                "Actual Startup Time": 92.8,
                                                "Actual Total Time": 214.655,
                                                "Actual Rows": 25722,
                                                "Actual Loops": 1
                                            }
                                        ],
                                        "Plans": [
                                            {
                                                "Node Type": "Seq Scan",
                                                "Parent Relationship": "Outer",
                                                "Parallel Aware": true,
                                                "Relation Name": "title",
                                                "Schema": "public",
                                                "Alias": "t",
                                                "Startup Cost": 0.0,
                                                "Total Cost": 45479.21,
                                                "Plan Rows": 162683,
                                                "Plan Width": 4,
                                                "Actual Startup Time": 0.022,
                                                "Actual Total Time": 78.847,
                                                "Actual Rows": 111359,
                                                "Actual Loops": 5,
                                                "Output": [
                                                    "t.id",
                                                    "t.title",
                                                    "t.imdb_index",
                                                    "t.kind_id",
                                                    "t.production_year",
                                                    "t.imdb_id",
                                                    "t.phonetic_code",
                                                    "t.episode_of_id",
                                                    "t.season_nr",
                                                    "t.episode_nr",
                                                    "t.series_years",
                                                    "t.md5sum"
                                                ],
                                                "Filter": "((t.production_year < 2001) AND (t.kind_id = 7))",
                                                "Rows Removed by Filter": 394303,
                                                "Workers": [
                                                    {
                                                        "Worker Number": 0,
                                                        "Actual Startup Time": 0.027,
                                                        "Actual Total Time": 80.828,
                                                        "Actual Rows": 116124,
                                                        "Actual Loops": 1
                                                    },
                                                    {
                                                        "Worker Number": 1,
                                                        "Actual Startup Time": 0.021,
                                                        "Actual Total Time": 80.97,
                                                        "Actual Rows": 116276,
                                                        "Actual Loops": 1
                                                    },
                                                    {
                                                        "Worker Number": 2,
                                                        "Actual Startup Time": 0.029,
                                                        "Actual Total Time": 76.689,
                                                        "Actual Rows": 97088,
                                                        "Actual Loops": 1
                                                    },
                                                    {
                                                        "Worker Number": 3,
                                                        "Actual Startup Time": 0.026,
                                                        "Actual Total Time": 81.324,
                                                        "Actual Rows": 117318,
                                                        "Actual Loops": 1
                                                    }
                                                ]
                                            },
                                            {
                                                "Node Type": "Hash",
                                                "Parent Relationship": "Inner",
                                                "Parallel Aware": true,
                                                "Startup Cost": 31414.82,
                                                "Total Cost": 31414.82,
                                                "Plan Rows": 60137,
                                                "Plan Width": 4,
                                                "Actual Startup Time": 92.825,
                                                "Actual Total Time": 92.826,
                                                "Actual Rows": 57918,
                                                "Actual Loops": 5,
                                                "Output": [
                                                    "mc.movie_id"
                                                ],
                                                "Hash Buckets": 524288,
                                                "Original Hash Buckets": 262144,
                                                "Hash Batches": 1,
                                                "Original Hash Batches": 1,
                                                "Peak Memory Usage": 17568,
                                                "Workers": [
                                                    {
                                                        "Worker Number": 0,
                                                        "Actual Startup Time": 91.66,
                                                        "Actual Total Time": 91.661,
                                                        "Actual Rows": 53510,
                                                        "Actual Loops": 1
                                                    },
                                                    {
                                                        "Worker Number": 1,
                                                        "Actual Startup Time": 92.2,
                                                        "Actual Total Time": 92.201,
                                                        "Actual Rows": 55727,
                                                        "Actual Loops": 1
                                                    },
                                                    {
                                                        "Worker Number": 2,
                                                        "Actual Startup Time": 91.452,
                                                        "Actual Total Time": 91.453,
                                                        "Actual Rows": 49281,
                                                        "Actual Loops": 1
                                                    },
                                                    {
                                                        "Worker Number": 3,
                                                        "Actual Startup Time": 92.426,
                                                        "Actual Total Time": 92.427,
                                                        "Actual Rows": 57529,
                                                        "Actual Loops": 1
                                                    }
                                                ],
                                                "Plans": [
                                                    {
                                                        "Node Type": "Seq Scan",
                                                        "Parent Relationship": "Outer",
                                                        "Parallel Aware": true,
                                                        "Relation Name": "movie_companies",
                                                        "Schema": "public",
                                                        "Alias": "mc",
                                                        "Startup Cost": 0.0,
                                                        "Total Cost": 31414.82,
                                                        "Plan Rows": 60137,
                                                        "Plan Width": 4,
                                                        "Actual Startup Time": 0.041,
                                                        "Actual Total Time": 62.91,
                                                        "Actual Rows": 57918,
                                                        "Actual Loops": 5,
                                                        "Output": [
                                                            "mc.movie_id"
                                                        ],
                                                        "Filter": "((mc.company_id < 225) AND (mc.company_type_id = 1))",
                                                        "Rows Removed by Filter": 463908,
                                                        "Workers": [
                                                            {
                                                                "Worker Number": 0,
                                                                "Actual Startup Time": 0.047,
                                                                "Actual Total Time": 62.406,
                                                                "Actual Rows": 53510,
                                                                "Actual Loops": 1
                                                            },
                                                            {
                                                                "Worker Number": 1,
                                                                "Actual Startup Time": 0.05,
                                                                "Actual Total Time": 64.008,
                                                                "Actual Rows": 55727,
                                                                "Actual Loops": 1
                                                            },
                                                            {
                                                                "Worker Number": 2,
                                                                "Actual Startup Time": 0.034,
                                                                "Actual Total Time": 60.892,
                                                                "Actual Rows": 49281,
                                                                "Actual Loops": 1
                                                            },
                                                            {
                                                                "Worker Number": 3,
                                                                "Actual Startup Time": 0.051,
                                                                "Actual Total Time": 63.409,
                                                                "Actual Rows": 57529,
                                                                "Actual Loops": 1
                                                            }
                                                        ]
                                                    }
                                                ]
                                            }
                                        ]
                                    },
                                    {
                                        "Node Type": "Index Scan",
                                        "Parent Relationship": "Inner",
                                        "Parallel Aware": false,
                                        "Scan Direction": "Forward",
                                        "Index Name": "movie_id_movie_info",
                                        "Relation Name": "movie_info",
                                        "Schema": "public",
                                        "Alias": "mi",
                                        "Startup Cost": 0.43,
                                        "Total Cost": 2.54,
                                        "Plan Rows": 34,
                                        "Plan Width": 4,
                                        "Actual Startup Time": 0.003,
                                        "Actual Total Time": 0.008,
                                        "Actual Rows": 8,
                                        "Actual Loops": 122402,
                                        "Output": [
                                            "mi.id",
                                            "mi.movie_id",
                                            "mi.info_type_id",
                                            "mi.info",
                                            "mi.note"
                                        ],
                                        "Index Cond": "(mi.movie_id = t.id)",
                                        "Rows Removed by Index Recheck": 0,
                                        "Filter": "(mi.info_type_id < 18)",
                                        "Rows Removed by Filter": 1,
                                        "Workers": [
                                            {
                                                "Worker Number": 0,
                                                "Actual Startup Time": 0.003,
                                                "Actual Total Time": 0.008,
                                                "Actual Rows": 8,
                                                "Actual Loops": 25709
                                            },
                                            {
                                                "Worker Number": 1,
                                                "Actual Startup Time": 0.003,
                                                "Actual Total Time": 0.008,
                                                "Actual Rows": 8,
                                                "Actual Loops": 25724
                                            },
                                            {
                                                "Worker Number": 2,
                                                "Actual Startup Time": 0.004,
                                                "Actual Total Time": 0.01,
                                                "Actual Rows": 8,
                                                "Actual Loops": 21503
                                            },
                                            {
                                                "Worker Number": 3,
                                                "Actual Startup Time": 0.003,
                                                "Actual Total Time": 0.008,
                                                "Actual Rows": 8,
                                                "Actual Loops": 25722
                                            }
                                        ]
                                    }
                                ]
                            }
                        ]
                    }
                ]
            }
        ]
    },
    "Planning Time": 1.718,
    "Triggers": [],
    "Execution Time": 478.916
}