[
  {
    "Plan": {
      "Node Type": "Aggregate",
      "Strategy": "Plain",
      "Partial Mode": "Finalize",
      "Parallel Aware": false,
      "Startup Cost": 232406.93,
      "Total Cost": 232406.94,
      "Plan Rows": 1,
      "Plan Width": 8,
      "Actual Startup Time": 379.774,
      "Actual Total Time": 399.313,
      "Actual Rows": 1,
      "Actual Loops": 1,
      "Plans": [
        {
          "Node Type": "Gather",
          "Parent Relationship": "Outer",
          "Parallel Aware": false,
          "Startup Cost": 232406.41,
          "Total Cost": 232406.92,
          "Plan Rows": 5,
          "Plan Width": 8,
          "Actual Startup Time": 369.507,
          "Actual Total Time": 399.303,
          "Actual Rows": 6,
          "Actual Loops": 1,
          "Workers Planned": 5,
          "Workers Launched": 5,
          "Single Copy": false,
          "Plans": [
            {
              "Node Type": "Aggregate",
              "Strategy": "Plain",
              "Partial Mode": "Partial",
              "Parent Relationship": "Outer",
              "Parallel Aware": false,
              "Startup Cost": 231406.41,
              "Total Cost": 231406.42,
              "Plan Rows": 1,
              "Plan Width": 8,
              "Actual Startup Time": 355.642,
              "Actual Total Time": 355.646,
              "Actual Rows": 1,
              "Actual Loops": 6,
              "Plans": [
                {
                  "Node Type": "Hash Join",
                  "Parent Relationship": "Outer",
                  "Parallel Aware": true,
                  "Join Type": "Inner",
                  "Startup Cost": 66307.68,
                  "Total Cost": 231068.89,
                  "Plan Rows": 135009,
                  "Plan Width": 0,
                  "Actual Startup Time": 252.909,
                  "Actual Total Time": 353.656,
                  "Actual Rows": 38674,
                  "Actual Loops": 6,
                  "Inner Unique": true,
                  "Hash Cond": "(mi.movie_id = t.id)",
                  "Plans": [
                    {
                      "Node Type": "Bitmap Heap Scan",
                      "Parent Relationship": "Outer",
                      "Parallel Aware": true,
                      "Relation Name": "movie_info",
                      "Alias": "mi",
                      "Startup Cost": 16580.53,
                      "Total Cost": 180861.3,
                      "Plan Rows": 183022,
                      "Plan Width": 4,
                      "Actual Startup Time": 42.031,
                      "Actual Total Time": 94.385,
                      "Actual Rows": 145371,
                      "Actual Loops": 6,
                      "Recheck Cond": "(info_type_id > 97)",
                      "Rows Removed by Index Recheck": 0,
                      "Exact Heap Blocks": 6780,
                      "Lossy Heap Blocks": 0,
                      "Plans": [
                        {
                          "Node Type": "Bitmap Index Scan",
                          "Parent Relationship": "Outer",
                          "Parallel Aware": false,
                          "Index Name": "info_type_id_movie_info",
                          "Startup Cost": 0.0,
                          "Total Cost": 16351.75,
                          "Plan Rows": 915109,
                          "Plan Width": 0,
                          "Actual Startup Time": 36.753,
                          "Actual Total Time": 36.754,
                          "Actual Rows": 872224,
                          "Actual Loops": 1,
                          "Index Cond": "(info_type_id > 97)"
                        }
                      ]
                    },
                    {
                      "Node Type": "Hash",
                      "Parent Relationship": "Inner",
                      "Parallel Aware": true,
                      "Startup Cost": 43898.92,
                      "Total Cost": 43898.92,
                      "Plan Rows": 466259,
                      "Plan Width": 4,
                      "Actual Startup Time": 201.728,
                      "Actual Total Time": 201.729,
                      "Actual Rows": 310914,
                      "Actual Loops": 6,
                      "Hash Buckets": 2097152,
                      "Original Hash Buckets": 2097152,
                      "Hash Batches": 1,
                      "Original Hash Batches": 1,
                      "Peak Memory Usage": 89440,
                      "Plans": [
                        {
                          "Node Type": "Seq Scan",
                          "Parent Relationship": "Outer",
                          "Parallel Aware": true,
                          "Relation Name": "title",
                          "Alias": "t",
                          "Startup Cost": 0.0,
                          "Total Cost": 43898.92,
                          "Plan Rows": 466259,
                          "Plan Width": 4,
                          "Actual Startup Time": 0.039,
                          "Actual Total Time": 80.993,
                          "Actual Rows": 310914,
                          "Actual Loops": 6,
                          "Filter": "(kind_id > 1)",
                          "Rows Removed by Filter": 110471
                        }
                      ]
                    }
                  ]
                }
              ]
            }
          ]
        }
      ]
    },
    "Planning Time": 0.598,
    "Triggers": [],
    "Execution Time": 399.421
  }
]