{
  "Plan": {
    "Node Type": "Aggregate",
    "Strategy": "Plain",
    "Partial Mode": "Finalize",
    "Parallel Aware": false,
    "Startup Cost": 612750.84,
    "Total Cost": 612750.85,
    "Plan Rows": 1,
    "Plan Width": 8,
    "Actual Startup Time": 3093.283,
    "Actual Total Time": 3146.509,
    "Actual Rows": 1,
    "Actual Loops": 1,
    "Plans": [
      {
        "Node Type": "Gather",
        "Parent Relationship": "Outer",
        "Parallel Aware": false,
        "Startup Cost": 612750.72,
        "Total Cost": 612750.83,
        "Plan Rows": 1,
        "Plan Width": 8,
        "Actual Startup Time": 3092.977,
        "Actual Total Time": 3146.501,
        "Actual Rows": 2,
        "Actual Loops": 1,
        "Workers Planned": 1,
        "Workers Launched": 1,
        "Single Copy": false,
        "Plans": [
          {
            "Node Type": "Aggregate",
            "Strategy": "Plain",
            "Partial Mode": "Partial",
            "Parent Relationship": "Outer",
            "Parallel Aware": false,
            "Startup Cost": 611750.72,
            "Total Cost": 611750.73,
            "Plan Rows": 1,
            "Plan Width": 8,
            "Actual Startup Time": 3087.246,
            "Actual Total Time": 3087.254,
            "Actual Rows": 1,
            "Actual Loops": 2,
            "Plans": [
              {
                "Node Type": "Hash Join",
                "Parent Relationship": "Outer",
                "Parallel Aware": true,
                "Join Type": "Inner",
                "Startup Cost": 55080.41,
                "Total Cost": 610826.25,
                "Plan Rows": 369788,
                "Plan Width": 0,
                "Actual Startup Time": 677.913,
                "Actual Total Time": 3071.879,
                "Actual Rows": 337524,
                "Actual Loops": 2,
                "Inner Unique": true,
                "Hash Cond": "(ci.movie_id = t.id)",
                "Plans": [
                  {
                    "Node Type": "Seq Scan",
                    "Parent Relationship": "Outer",
                    "Parallel Aware": true,
                    "Relation Name": "cast_info",
                    "Alias": "ci",
                    "Startup Cost": 0.0,
                    "Total Cost": 519069.44,
                    "Plan Rows": 13971936,
                    "Plan Width": 4,
                    "Actual Startup Time": 520.706,
                    "Actual Total Time": 1812.857,
                    "Actual Rows": 11786828,
                    "Actual Loops": 2,
                    "Filter": "(role_id > 1)",
                    "Rows Removed by Filter": 6335344
                  },
                  {
                    "Node Type": "Hash",
                    "Parent Relationship": "Inner",
                    "Parallel Aware": true,
                    "Startup Cost": 54588.39,
                    "Total Cost": 54588.39,
                    "Plan Rows": 39362,
                    "Plan Width": 4,
                    "Actual Startup Time": 154.503,
                    "Actual Total Time": 154.504,
                    "Actual Rows": 33888,
                    "Actual Loops": 2,
                    "Hash Buckets": 131072,
                    "Original Hash Buckets": 131072,
                    "Hash Batches": 1,
                    "Original Hash Batches": 1,
                    "Peak Memory Usage": 3712,
                    "Plans": [
                      {
                        "Node Type": "Seq Scan",
                        "Parent Relationship": "Outer",
                        "Parallel Aware": true,
                        "Relation Name": "title",
                        "Alias": "t",
                        "Startup Cost": 0.0,
                        "Total Cost": 54588.39,
                        "Plan Rows": 39362,
                        "Plan Width": 4,
                        "Actual Startup Time": 0.041,
                        "Actual Total Time": 141.834,
                        "Actual Rows": 33888,
                        "Actual Loops": 2,
                        "Filter": "(production_year = 2003)",
                        "Rows Removed by Filter": 1230268
                      }
                    ]
                  }
                ]
              }
            ]
          }
        ]
      }
    ]
  },
  "Planning Time": 0.508,
  "Triggers": [],
  "Execution Time": 3146.593
}