[
  {
    "Plan": {
      "Node Type": "Aggregate",
      "Strategy": "Plain",
      "Partial Mode": "Finalize",
      "Parallel Aware": false,
      "Startup Cost": 335903.47,
      "Total Cost": 335903.48,
      "Plan Rows": 1,
      "Plan Width": 8,
      "Actual Startup Time": 727.589,
      "Actual Total Time": 787.218,
      "Actual Rows": 1,
      "Actual Loops": 1,
      "Plans": [
        {
          "Node Type": "Gather",
          "Parent Relationship": "Outer",
          "Parallel Aware": false,
          "Startup Cost": 335902.85,
          "Total Cost": 335903.46,
          "Plan Rows": 6,
          "Plan Width": 8,
          "Actual Startup Time": 727.448,
          "Actual Total Time": 787.207,
          "Actual Rows": 7,
          "Actual Loops": 1,
          "Workers Planned": 6,
          "Workers Launched": 6,
          "Single Copy": false,
          "Plans": [
            {
              "Node Type": "Aggregate",
              "Strategy": "Plain",
              "Partial Mode": "Partial",
              "Parent Relationship": "Outer",
              "Parallel Aware": false,
              "Startup Cost": 334902.85,
              "Total Cost": 334902.86,
              "Plan Rows": 1,
              "Plan Width": 8,
              "Actual Startup Time": 717.062,
              "Actual Total Time": 717.08,
              "Actual Rows": 1,
              "Actual Loops": 7,
              "Plans": [
                {
                  "Node Type": "Seq Scan",
                  "Parent Relationship": "Outer",
                  "Parallel Aware": true,
                  "Relation Name": "cast_info",
                  "Alias": "ci",
                  "Startup Cost": 0.0,
                  "Total Cost": 328162.03,
                  "Plan Rows": 2696328,
                  "Plan Width": 0,
                  "Actual Startup Time": 0.055,
                  "Actual Total Time": 606.177,
                  "Actual Rows": 2309075,
                  "Actual Loops": 7,
                  "Filter": "(person_id < 1601207)",
                  "Rows Removed by Filter": 2868688
                }
              ]
            }
          ]
        }
      ]
    },
    "Planning Time": 0.198,
    "Triggers": [],
    "Execution Time": 787.294
  }
]