[
  {
    "Bao": {
      "Bao prediction": 1432.795,
      "Bao recommended hint": "SET enable_nestloop TO off; SET enable_hashjoin TO off; "
    }
  },
  {
    "Plan": {
      "Node Type": "Aggregate",
      "Strategy": "Plain",
      "Partial Mode": "Simple",
      "Parallel Aware": false,
      "Startup Cost": 67987.66,
      "Total Cost": 67987.67,
      "Plan Rows": 1,
      "Plan Width": 96,
      "Actual Startup Time": 220.928,
      "Actual Total Time": 240.04,
      "Actual Rows": 1,
      "Actual Loops": 1,
      "Plans": [
        {
          "Node Type": "Merge Join",
          "Parent Relationship": "Outer",
          "Parallel Aware": false,
          "Join Type": "Inner",
          "Startup Cost": 24345.9,
          "Total Cost": 67987.65,
          "Plan Rows": 1,
          "Plan Width": 48,
          "Actual Startup Time": 170.494,
          "Actual Total Time": 239.972,
          "Actual Rows": 477,
          "Actual Loops": 1,
          "Inner Unique": true,
          "Merge Cond": "(ml.movie_id = t.id)",
          "Plans": [
            {
              "Node Type": "Merge Join",
              "Parent Relationship": "Outer",
              "Parallel Aware": false,
              "Join Type": "Inner",
              "Startup Cost": 24345.47,
              "Total Cost": 58490.65,
              "Plan Rows": 1,
              "Plan Width": 51,
              "Actual Startup Time": 150.555,
              "Actual Total Time": 170.055,
              "Actual Rows": 477,
              "Actual Loops": 1,
              "Inner Unique": false,
              "Merge Cond": "(mi.movie_id = ml.movie_id)",
              "Plans": [
                {
                  "Node Type": "Gather Merge",
                  "Parent Relationship": "Outer",
                  "Parallel Aware": false,
                  "Startup Cost": 1000.51,
                  "Total Cost": 995278.8,
                  "Plan Rows": 140637,
                  "Plan Width": 4,
                  "Actual Startup Time": 14.272,
                  "Actual Total Time": 38.063,
                  "Actual Rows": 2822,
                  "Actual Loops": 1,
                  "Workers Planned": 5,
                  "Workers Launched": 5,
                  "Plans": [
                    {
                      "Node Type": "Index Scan",
                      "Parent Relationship": "Outer",
                      "Parallel Aware": true,
                      "Scan Direction": "Forward",
                      "Index Name": "movie_id_movie_info",
                      "Relation Name": "movie_info",
                      "Alias": "mi",
                      "Startup Cost": 0.43,
                      "Total Cost": 977342.53,
                      "Plan Rows": 28127,
                      "Plan Width": 4,
                      "Actual Startup Time": 1.788,
                      "Actual Total Time": 135.828,
                      "Actual Rows": 1708,
                      "Actual Loops": 6,
                      "Filter": "(info = ANY ('{Sweden,Germany,Swedish,German}'::text[]))",
                      "Rows Removed by Filter": 164531
                    }
                  ]
                },
                {
                  "Node Type": "Sort",
                  "Parent Relationship": "Inner",
                  "Parallel Aware": false,
                  "Startup Cost": 23344.96,
                  "Total Cost": 23344.96,
                  "Plan Rows": 1,
                  "Plan Width": 47,
                  "Actual Startup Time": 131.683,
                  "Actual Total Time": 131.804,
                  "Actual Rows": 475,
                  "Actual Loops": 1,
                  "Sort Key": [
                    "cc.movie_id"
                  ],
                  "Sort Method": "quicksort",
                  "Sort Space Used": 48,
                  "Sort Space Type": "Memory",
                  "Plans": [
                    {
                      "Node Type": "Merge Join",
                      "Parent Relationship": "Outer",
                      "Parallel Aware": false,
                      "Join Type": "Inner",
                      "Startup Cost": 23343.15,
                      "Total Cost": 23344.95,
                      "Plan Rows": 1,
                      "Plan Width": 47,
                      "Actual Startup Time": 131.569,
                      "Actual Total Time": 131.701,
                      "Actual Rows": 172,
                      "Actual Loops": 1,
                      "Inner Unique": true,
                      "Merge Cond": "(mk.keyword_id = k.id)",
                      "Plans": [
                        {
                          "Node Type": "Sort",
                          "Parent Relationship": "Outer",
                          "Parallel Aware": false,
                          "Startup Cost": 20717.01,
                          "Total Cost": 20717.9,
                          "Plan Rows": 358,
                          "Plan Width": 51,
                          "Actual Startup Time": 121.272,
                          "Actual Total Time": 121.41,
                          "Actual Rows": 831,
                          "Actual Loops": 1,
                          "Sort Key": [
                            "mk.keyword_id"
                          ],
                          "Sort Method": "quicksort",
                          "Sort Space Used": 540,
                          "Sort Space Type": "Memory",
                          "Plans": [
                            {
                              "Node Type": "Merge Join",
                              "Parent Relationship": "Outer",
                              "Parallel Aware": false,
                              "Join Type": "Inner",
                              "Startup Cost": 16725.33,
                              "Total Cost": 20701.82,
                              "Plan Rows": 358,
                              "Plan Width": 51,
                              "Actual Startup Time": 106.299,
                              "Actual Total Time": 120.377,
                              "Actual Rows": 3278,
                              "Actual Loops": 1,
                              "Inner Unique": false,
                              "Merge Cond": "(mk.movie_id = ml.movie_id)",
                              "Plans": [
                                {
                                  "Node Type": "Index Scan",
                                  "Parent Relationship": "Outer",
                                  "Parallel Aware": false,
                                  "Scan Direction": "Forward",
                                  "Index Name": "movie_id_movie_keyword",
                                  "Relation Name": "movie_keyword",
                                  "Alias": "mk",
                                  "Startup Cost": 0.43,
                                  "Total Cost": 177148.48,
                                  "Plan Rows": 4523930,
                                  "Plan Width": 8,
                                  "Actual Startup Time": 0.047,
                                  "Actual Total Time": 10.482,
                                  "Actual Rows": 73898,
                                  "Actual Loops": 1
                                },
                                {
                                  "Node Type": "Sort",
                                  "Parent Relationship": "Inner",
                                  "Parallel Aware": false,
                                  "Startup Cost": 16724.9,
                                  "Total Cost": 16724.92,
                                  "Plan Rows": 8,
                                  "Plan Width": 43,
                                  "Actual Startup Time": 104.814,
                                  "Actual Total Time": 105.044,
                                  "Actual Rows": 3282,
                                  "Actual Loops": 1,
                                  "Sort Key": [
                                    "cc.movie_id"
                                  ],
                                  "Sort Method": "quicksort",
                                  "Sort Space Used": 54,
                                  "Sort Space Type": "Memory",
                                  "Plans": [
                                    {
                                      "Node Type": "Gather",
                                      "Parent Relationship": "Outer",
                                      "Parallel Aware": false,
                                      "Startup Cost": 16723.88,
                                      "Total Cost": 16724.78,
                                      "Plan Rows": 8,
                                      "Plan Width": 43,
                                      "Actual Startup Time": 93.877,
                                      "Actual Total Time": 104.808,
                                      "Actual Rows": 273,
                                      "Actual Loops": 1,
                                      "Workers Planned": 1,
                                      "Workers Launched": 1,
                                      "Single Copy": false,
                                      "Plans": [
                                        {
                                          "Node Type": "Merge Join",
                                          "Parent Relationship": "Outer",
                                          "Parallel Aware": false,
                                          "Join Type": "Inner",
                                          "Startup Cost": 15723.88,
                                          "Total Cost": 15723.98,
                                          "Plan Rows": 5,
                                          "Plan Width": 43,
                                          "Actual Startup Time": 92.052,
                                          "Actual Total Time": 92.093,
                                          "Actual Rows": 136,
                                          "Actual Loops": 2,
                                          "Inner Unique": true,
                                          "Merge Cond": "(cc.subject_id = cct1.id)",
                                          "Plans": [
                                            {
                                              "Node Type": "Sort",
                                              "Parent Relationship": "Outer",
                                              "Parallel Aware": false,
                                              "Startup Cost": 15722.82,
                                              "Total Cost": 15722.85,
                                              "Plan Rows": 9,
                                              "Plan Width": 47,
                                              "Actual Startup Time": 92.031,
                                              "Actual Total Time": 92.047,
                                              "Actual Rows": 136,
                                              "Actual Loops": 2,
                                              "Sort Key": [
                                                "cc.subject_id"
                                              ],
                                              "Sort Method": "quicksort",
                                              "Sort Space Used": 50,
                                              "Sort Space Type": "Memory",
                                              "Workers": [
                                                {
                                                  "Worker Number": 0,
                                                  "Sort Method": "quicksort",
                                                  "Sort Space Used": 35,
                                                  "Sort Space Type": "Memory"
                                                }
                                              ],
                                              "Plans": [
                                                {
                                                  "Node Type": "Merge Join",
                                                  "Parent Relationship": "Outer",
                                                  "Parallel Aware": false,
                                                  "Join Type": "Inner",
                                                  "Startup Cost": 15722.4,
                                                  "Total Cost": 15722.68,
                                                  "Plan Rows": 9,
                                                  "Plan Width": 47,
                                                  "Actual Startup Time": 91.89,
                                                  "Actual Total Time": 91.928,
                                                  "Actual Rows": 136,
                                                  "Actual Loops": 2,
                                                  "Inner Unique": true,
                                                  "Merge Cond": "(mc.company_type_id = ct.id)",
                                                  "Plans": [
                                                    {
                                                      "Node Type": "Sort",
                                                      "Parent Relationship": "Outer",
                                                      "Parallel Aware": false,
                                                      "Startup Cost": 15721.34,
                                                      "Total Cost": 15721.43,
                                                      "Plan Rows": 36,
                                                      "Plan Width": 51,
                                                      "Actual Startup Time": 91.866,
                                                      "Actual Total Time": 91.881,
                                                      "Actual Rows": 147,
                                                      "Actual Loops": 2,
                                                      "Sort Key": [
                                                        "mc.company_type_id"
                                                      ],
                                                      "Sort Method": "quicksort",
                                                      "Sort Space Used": 51,
                                                      "Sort Space Type": "Memory",
                                                      "Workers": [
                                                        {
                                                          "Worker Number": 0,
                                                          "Sort Method": "quicksort",
                                                          "Sort Space Used": 37,
                                                          "Sort Space Type": "Memory"
                                                        }
                                                      ],
                                                      "Plans": [
                                                        {
                                                          "Node Type": "Merge Join",
                                                          "Parent Relationship": "Outer",
                                                          "Parallel Aware": false,
                                                          "Join Type": "Inner",
                                                          "Startup Cost": 15719.32,
                                                          "Total Cost": 15720.41,
                                                          "Plan Rows": 36,
                                                          "Plan Width": 51,
                                                          "Actual Startup Time": 91.756,
                                                          "Actual Total Time": 91.796,
                                                          "Actual Rows": 147,
                                                          "Actual Loops": 2,
                                                          "Inner Unique": true,
                                                          "Merge Cond": "(cc.status_id = cct2.id)",
                                                          "Plans": [
                                                            {
                                                              "Node Type": "Sort",
                                                              "Parent Relationship": "Outer",
                                                              "Parallel Aware": false,
                                                              "Startup Cost": 15718.26,
                                                              "Total Cost": 15718.62,
                                                              "Plan Rows": 145,
                                                              "Plan Width": 55,
                                                              "Actual Startup Time": 91.712,
                                                              "Actual Total Time": 91.726,
                                                              "Actual Rows": 148,
                                                              "Actual Loops": 2,
                                                              "Sort Key": [
                                                                "cc.status_id"
                                                              ],
                                                              "Sort Method": "quicksort",
                                                              "Sort Space Used": 56,
                                                              "Sort Space Type": "Memory",
                                                              "Workers": [
                                                                {
                                                                  "Worker Number": 0,
                                                                  "Sort Method": "quicksort",
                                                                  "Sort Space Used": 40,
                                                                  "Sort Space Type": "Memory"
                                                                }
                                                              ],
                                                              "Plans": [
                                                                {
                                                                  "Node Type": "Merge Join",
                                                                  "Parent Relationship": "Outer",
                                                                  "Parallel Aware": false,
                                                                  "Join Type": "Inner",
                                                                  "Startup Cost": 15544.29,
                                                                  "Total Cost": 15713.05,
                                                                  "Plan Rows": 145,
                                                                  "Plan Width": 55,
                                                                  "Actual Startup Time": 90.014,
                                                                  "Actual Total Time": 91.636,
                                                                  "Actual Rows": 180,
                                                                  "Actual Loops": 2,
                                                                  "Inner Unique": false,
                                                                  "Merge Cond": "(cn.id = mc.company_id)",
                                                                  "Plans": [
                                                                    {
                                                                      "Node Type": "Sort",
                                                                      "Parent Relationship": "Outer",
                                                                      "Parallel Aware": false,
                                                                      "Startup Cost": 7846.62,
                                                                      "Total Cost": 7927.78,
                                                                      "Plan Rows": 32463,
                                                                      "Plan Width": 23,
                                                                      "Actual Startup Time": 57.107,
                                                                      "Actual Total Time": 57.9,
                                                                      "Actual Rows": 7093,
                                                                      "Actual Loops": 2,
                                                                      "Sort Key": [
                                                                        "cn.id"
                                                                      ],
                                                                      "Sort Method": "quicksort",
                                                                      "Sort Space Used": 3019,
                                                                      "Sort Space Type": "Memory",
                                                                      "Workers": [
                                                                        {
                                                                          "Worker Number": 0,
                                                                          "Sort Method": "quicksort",
                                                                          "Sort Space Used": 2005,
                                                                          "Sort Space Type": "Memory"
                                                                        }
                                                                      ],
                                                                      "Plans": [
                                                                        {
                                                                          "Node Type": "Seq Scan",
                                                                          "Parent Relationship": "Outer",
                                                                          "Parallel Aware": true,
                                                                          "Relation Name": "company_name",
                                                                          "Alias": "cn",
                                                                          "Startup Cost": 0.0,
                                                                          "Total Cost": 5414.09,
                                                                          "Plan Rows": 32463,
                                                                          "Plan Width": 23,
                                                                          "Actual Startup Time": 0.066,
                                                                          "Actual Total Time": 45.966,
                                                                          "Actual Rows": 24151,
                                                                          "Actual Loops": 2,
                                                                          "Filter": "(((country_code)::text <> '[pl]'::text) AND ((name ~~ '%Film%'::text) OR (name ~~ '%Warner%'::text)))",
                                                                          "Rows Removed by Filter": 93348
                                                                        }
                                                                      ]
                                                                    },
                                                                    {
                                                                      "Node Type": "Sort",
                                                                      "Parent Relationship": "Inner",
                                                                      "Parallel Aware": false,
                                                                      "Startup Cost": 7697.51,
                                                                      "Total Cost": 7700.14,
                                                                      "Plan Rows": 1051,
                                                                      "Plan Width": 40,
                                                                      "Actual Startup Time": 32.884,
                                                                      "Actual Total Time": 32.942,
                                                                      "Actual Rows": 1043,
                                                                      "Actual Loops": 2,
                                                                      "Sort Key": [
                                                                        "mc.company_id"
                                                                      ],
                                                                      "Sort Method": "quicksort",
                                                                      "Sort Space Used": 130,
                                                                      "Sort Space Type": "Memory",
                                                                      "Workers": [
                                                                        {
                                                                          "Worker Number": 0,
                                                                          "Sort Method": "quicksort",
                                                                          "Sort Space Used": 130,
                                                                          "Sort Space Type": "Memory"
                                                                        }
                                                                      ],
                                                                      "Plans": [
                                                                        {
                                                                          "Node Type": "Merge Join",
                                                                          "Parent Relationship": "Outer",
                                                                          "Parallel Aware": false,
                                                                          "Join Type": "Inner",
                                                                          "Startup Cost": 1619.41,
                                                                          "Total Cost": 7644.76,
                                                                          "Plan Rows": 1051,
                                                                          "Plan Width": 40,
                                                                          "Actual Startup Time": 4.051,
                                                                          "Actual Total Time": 32.55,
                                                                          "Actual Rows": 1043,
                                                                          "Actual Loops": 2,
                                                                          "Inner Unique": false,
                                                                          "Merge Cond": "(ml.movie_id = mc.movie_id)",
                                                                          "Plans": [
                                                                            {
                                                                              "Node Type": "Merge Join",
                                                                              "Parent Relationship": "Outer",
                                                                              "Parallel Aware": false,
                                                                              "Join Type": "Inner",
                                                                              "Startup Cost": 1618.85,
                                                                              "Total Cost": 1964.97,
                                                                              "Plan Rows": 2680,
                                                                              "Plan Width": 28,
                                                                              "Actual Startup Time": 2.291,
                                                                              "Actual Total Time": 5.055,
                                                                              "Actual Rows": 257,
                                                                              "Actual Loops": 2,
                                                                              "Inner Unique": false,
                                                                              "Merge Cond": "(cc.movie_id = ml.movie_id)",
                                                                              "Plans": [
                                                                                {
                                                                                  "Node Type": "Index Scan",
                                                                                  "Parent Relationship": "Outer",
                                                                                  "Parallel Aware": false,
                                                                                  "Scan Direction": "Forward",
                                                                                  "Index Name": "movie_id_complete_cast",
                                                                                  "Relation Name": "complete_cast",
                                                                                  "Alias": "cc",
                                                                                  "Startup Cost": 0.42,
                                                                                  "Total Cost": 6650.11,
                                                                                  "Plan Rows": 135086,
                                                                                  "Plan Width": 12,
                                                                                  "Actual Startup Time": 0.036,
                                                                                  "Actual Total Time": 2.202,
                                                                                  "Actual Rows": 5993,
                                                                                  "Actual Loops": 2
                                                                                },
                                                                                {
                                                                                  "Node Type": "Sort",
                                                                                  "Parent Relationship": "Inner",
                                                                                  "Parallel Aware": false,
                                                                                  "Startup Cost": 1618.42,
                                                                                  "Total Cost": 1622.58,
                                                                                  "Plan Rows": 1666,
                                                                                  "Plan Width": 16,
                                                                                  "Actual Startup Time": 2.007,
                                                                                  "Actual Total Time": 2.147,
                                                                                  "Actual Rows": 2341,
                                                                                  "Actual Loops": 2,
                                                                                  "Sort Key": [
                                                                                    "ml.movie_id"
                                                                                  ],
                                                                                  "Sort Method": "quicksort",
                                                                                  "Sort Space Used": 205,
                                                                                  "Sort Space Type": "Memory",
                                                                                  "Workers": [
                                                                                    {
                                                                                      "Worker Number": 0,
                                                                                      "Sort Method": "quicksort",
                                                                                      "Sort Space Used": 205,
                                                                                      "Sort Space Type": "Memory"
                                                                                    }
                                                                                  ],
                                                                                  "Plans": [
                                                                                    {
                                                                                      "Node Type": "Merge Join",
                                                                                      "Parent Relationship": "Outer",
                                                                                      "Parallel Aware": false,
                                                                                      "Join Type": "Inner",
                                                                                      "Startup Cost": 0.42,
                                                                                      "Total Cost": 1529.27,
                                                                                      "Plan Rows": 1666,
                                                                                      "Plan Width": 16,
                                                                                      "Actual Startup Time": 0.047,
                                                                                      "Actual Total Time": 1.385,
                                                                                      "Actual Rows": 2315,
                                                                                      "Actual Loops": 2,
                                                                                      "Inner Unique": false,
                                                                                      "Merge Cond": "(lt.id = ml.link_type_id)",
                                                                                      "Plans": [
                                                                                        {
                                                                                          "Node Type": "Index Scan",
                                                                                          "Parent Relationship": "Outer",
                                                                                          "Parallel Aware": false,
                                                                                          "Scan Direction": "Forward",
                                                                                          "Index Name": "link_type_pkey",
                                                                                          "Relation Name": "link_type",
                                                                                          "Alias": "lt",
                                                                                          "Startup Cost": 0.14,
                                                                                          "Total Cost": 12.45,
                                                                                          "Plan Rows": 1,
                                                                                          "Plan Width": 16,
                                                                                          "Actual Startup Time": 0.016,
                                                                                          "Actual Total Time": 0.022,
                                                                                          "Actual Rows": 2,
                                                                                          "Actual Loops": 2,
                                                                                          "Filter": "((link)::text ~~ '%follow%'::text)",
                                                                                          "Rows Removed by Filter": 16
                                                                                        },
                                                                                        {
                                                                                          "Node Type": "Index Scan",
                                                                                          "Parent Relationship": "Inner",
                                                                                          "Parallel Aware": false,
                                                                                          "Scan Direction": "Forward",
                                                                                          "Index Name": "link_type_id_movie_link",
                                                                                          "Relation Name": "movie_link",
                                                                                          "Alias": "ml",
                                                                                          "Startup Cost": 0.29,
                                                                                          "Total Cost": 1425.16,
                                                                                          "Plan Rows": 29997,
                                                                                          "Plan Width": 8,
                                                                                          "Actual Startup Time": 0.026,
                                                                                          "Actual Total Time": 1.011,
                                                                                          "Actual Rows": 2316,
                                                                                          "Actual Loops": 2
                                                                                        }
                                                                                      ]
                                                                                    }
                                                                                  ]
                                                                                }
                                                                              ]
                                                                            },
                                                                            {
                                                                              "Node Type": "Index Scan",
                                                                              "Parent Relationship": "Inner",
                                                                              "Parallel Aware": false,
                                                                              "Scan Direction": "Forward",
                                                                              "Index Name": "movie_id_movie_companies",
                                                                              "Relation Name": "movie_companies",
                                                                              "Alias": "mc",
                                                                              "Startup Cost": 0.43,
                                                                              "Total Cost": 140404.76,
                                                                              "Plan Rows": 1269863,
                                                                              "Plan Width": 12,
                                                                              "Actual Startup Time": 0.056,
                                                                              "Actual Total Time": 24.77,
                                                                              "Actual Rows": 42122,
                                                                              "Actual Loops": 2,
                                                                              "Filter": "(note IS NULL)",
                                                                              "Rows Removed by Filter": 42110
                                                                            }
                                                                          ]
                                                                        }
                                                                      ]
                                                                    }
                                                                  ]
                                                                }
                                                              ]
                                                            },
                                                            {
                                                              "Node Type": "Sort",
                                                              "Parent Relationship": "Inner",
                                                              "Parallel Aware": false,
                                                              "Startup Cost": 1.06,
                                                              "Total Cost": 1.06,
                                                              "Plan Rows": 1,
                                                              "Plan Width": 4,
                                                              "Actual Startup Time": 0.04,
                                                              "Actual Total Time": 0.041,
                                                              "Actual Rows": 1,
                                                              "Actual Loops": 2,
                                                              "Sort Key": [
                                                                "cct2.id"
                                                              ],
                                                              "Sort Method": "quicksort",
                                                              "Sort Space Used": 25,
                                                              "Sort Space Type": "Memory",
                                                              "Workers": [
                                                                {
                                                                  "Worker Number": 0,
                                                                  "Sort Method": "quicksort",
                                                                  "Sort Space Used": 25,
                                                                  "Sort Space Type": "Memory"
                                                                }
                                                              ],
                                                              "Plans": [
                                                                {
                                                                  "Node Type": "Seq Scan",
                                                                  "Parent Relationship": "Outer",
                                                                  "Parallel Aware": false,
                                                                  "Relation Name": "comp_cast_type",
                                                                  "Alias": "cct2",
                                                                  "Startup Cost": 0.0,
                                                                  "Total Cost": 1.05,
                                                                  "Plan Rows": 1,
                                                                  "Plan Width": 4,
                                                                  "Actual Startup Time": 0.025,
                                                                  "Actual Total Time": 0.026,
                                                                  "Actual Rows": 1,
                                                                  "Actual Loops": 2,
                                                                  "Filter": "((kind)::text = 'complete'::text)",
                                                                  "Rows Removed by Filter": 3
                                                                }
                                                              ]
                                                            }
                                                          ]
                                                        }
                                                      ]
                                                    },
                                                    {
                                                      "Node Type": "Sort",
                                                      "Parent Relationship": "Inner",
                                                      "Parallel Aware": false,
                                                      "Startup Cost": 1.06,
                                                      "Total Cost": 1.06,
                                                      "Plan Rows": 1,
                                                      "Plan Width": 4,
                                                      "Actual Startup Time": 0.02,
                                                      "Actual Total Time": 0.02,
                                                      "Actual Rows": 1,
                                                      "Actual Loops": 2,
                                                      "Sort Key": [
                                                        "ct.id"
                                                      ],
                                                      "Sort Method": "quicksort",
                                                      "Sort Space Used": 25,
                                                      "Sort Space Type": "Memory",
                                                      "Workers": [
                                                        {
                                                          "Worker Number": 0,
                                                          "Sort Method": "quicksort",
                                                          "Sort Space Used": 25,
                                                          "Sort Space Type": "Memory"
                                                        }
                                                      ],
                                                      "Plans": [
                                                        {
                                                          "Node Type": "Seq Scan",
                                                          "Parent Relationship": "Outer",
                                                          "Parallel Aware": false,
                                                          "Relation Name": "company_type",
                                                          "Alias": "ct",
                                                          "Startup Cost": 0.0,
                                                          "Total Cost": 1.05,
                                                          "Plan Rows": 1,
                                                          "Plan Width": 4,
                                                          "Actual Startup Time": 0.009,
                                                          "Actual Total Time": 0.01,
                                                          "Actual Rows": 1,
                                                          "Actual Loops": 2,
                                                          "Filter": "((kind)::text = 'production companies'::text)",
                                                          "Rows Removed by Filter": 3
                                                        }
                                                      ]
                                                    }
                                                  ]
                                                }
                                              ]
                                            },
                                            {
                                              "Node Type": "Sort",
                                              "Parent Relationship": "Inner",
                                              "Parallel Aware": false,
                                              "Startup Cost": 1.06,
                                              "Total Cost": 1.06,
                                              "Plan Rows": 2,
                                              "Plan Width": 4,
                                              "Actual Startup Time": 0.017,
                                              "Actual Total Time": 0.017,
                                              "Actual Rows": 2,
                                              "Actual Loops": 2,
                                              "Sort Key": [
                                                "cct1.id"
                                              ],
                                              "Sort Method": "quicksort",
                                              "Sort Space Used": 25,
                                              "Sort Space Type": "Memory",
                                              "Workers": [
                                                {
                                                  "Worker Number": 0,
                                                  "Sort Method": "quicksort",
                                                  "Sort Space Used": 25,
                                                  "Sort Space Type": "Memory"
                                                }
                                              ],
                                              "Plans": [
                                                {
                                                  "Node Type": "Seq Scan",
                                                  "Parent Relationship": "Outer",
                                                  "Parallel Aware": false,
                                                  "Relation Name": "comp_cast_type",
                                                  "Alias": "cct1",
                                                  "Startup Cost": 0.0,
                                                  "Total Cost": 1.05,
                                                  "Plan Rows": 2,
                                                  "Plan Width": 4,
                                                  "Actual Startup Time": 0.005,
                                                  "Actual Total Time": 0.006,
                                                  "Actual Rows": 2,
                                                  "Actual Loops": 2,
                                                  "Filter": "((kind)::text = ANY ('{cast,crew}'::text[]))",
                                                  "Rows Removed by Filter": 2
                                                }
                                              ]
                                            }
                                          ]
                                        }
                                      ]
                                    }
                                  ]
                                }
                              ]
                            }
                          ]
                        },
                        {
                          "Node Type": "Sort",
                          "Parent Relationship": "Inner",
                          "Parallel Aware": false,
                          "Startup Cost": 2626.14,
                          "Total Cost": 2626.14,
                          "Plan Rows": 1,
                          "Plan Width": 4,
                          "Actual Startup Time": 10.219,
                          "Actual Total Time": 10.219,
                          "Actual Rows": 1,
                          "Actual Loops": 1,
                          "Sort Key": [
                            "k.id"
                          ],
                          "Sort Method": "quicksort",
                          "Sort Space Used": 25,
                          "Sort Space Type": "Memory",
                          "Plans": [
                            {
                              "Node Type": "Seq Scan",
                              "Parent Relationship": "Outer",
                              "Parallel Aware": false,
                              "Relation Name": "keyword",
                              "Alias": "k",
                              "Startup Cost": 0.0,
                              "Total Cost": 2626.12,
                              "Plan Rows": 1,
                              "Plan Width": 4,
                              "Actual Startup Time": 0.545,
                              "Actual Total Time": 10.211,
                              "Actual Rows": 1,
                              "Actual Loops": 1,
                              "Filter": "(keyword = 'sequel'::text)",
                              "Rows Removed by Filter": 134169
                            }
                          ]
                        }
                      ]
                    }
                  ]
                }
              ]
            },
            {
              "Node Type": "Index Scan",
              "Parent Relationship": "Inner",
              "Parallel Aware": false,
              "Scan Direction": "Forward",
              "Index Name": "title_pkey",
              "Relation Name": "title",
              "Alias": "t",
              "Startup Cost": 0.43,
              "Total Cost": 123001.61,
              "Plan Rows": 909227,
              "Plan Width": 21,
              "Actual Startup Time": 0.021,
              "Actual Total Time": 67.799,
              "Actual Rows": 44153,
              "Actual Loops": 1,
              "Filter": "((production_year >= 1950) AND (production_year <= 2000))",
              "Rows Removed by Filter": 94782
            }
          ]
        }
      ]
    },
    "Planning Time": 2263.884,
    "Triggers": [],
    "Execution Time": 241.029
  }
]