[
  {
    "Plan": {
      "Node Type": "Aggregate",
      "Strategy": "Plain",
      "Partial Mode": "Finalize",
      "Parallel Aware": false,
      "Startup Cost": 38592.69,
      "Total Cost": 38592.7,
      "Plan Rows": 1,
      "Plan Width": 8,
      "Actual Startup Time": 41.764,
      "Actual Total Time": 45.889,
      "Actual Rows": 1,
      "Actual Loops": 1,
      "Plans": [
        {
          "Node Type": "Gather",
          "Parent Relationship": "Outer",
          "Parallel Aware": false,
          "Startup Cost": 38592.48,
          "Total Cost": 38592.69,
          "Plan Rows": 2,
          "Plan Width": 8,
          "Actual Startup Time": 41.067,
          "Actual Total Time": 45.881,
          "Actual Rows": 3,
          "Actual Loops": 1,
          "Workers Planned": 2,
          "Workers Launched": 2,
          "Single Copy": false,
          "Plans": [
            {
              "Node Type": "Aggregate",
              "Strategy": "Plain",
              "Partial Mode": "Partial",
              "Parent Relationship": "Outer",
              "Parallel Aware": false,
              "Startup Cost": 37592.48,
              "Total Cost": 37592.49,
              "Plan Rows": 1,
              "Plan Width": 8,
              "Actual Startup Time": 33.27,
              "Actual Total Time": 33.272,
              "Actual Rows": 1,
              "Actual Loops": 3,
              "Plans": [
                {
                  "Node Type": "Nested Loop",
                  "Parent Relationship": "Outer",
                  "Parallel Aware": false,
                  "Join Type": "Inner",
                  "Startup Cost": 129.15,
                  "Total Cost": 37591.15,
                  "Plan Rows": 530,
                  "Plan Width": 0,
                  "Actual Startup Time": 1.259,
                  "Actual Total Time": 32.875,
                  "Actual Rows": 3929,
                  "Actual Loops": 3,
                  "Inner Unique": false,
                  "Plans": [
                    {
                      "Node Type": "Nested Loop",
                      "Parent Relationship": "Outer",
                      "Parallel Aware": false,
                      "Join Type": "Inner",
                      "Startup Cost": 128.71,
                      "Total Cost": 36927.29,
                      "Plan Rows": 296,
                      "Plan Width": 8,
                      "Actual Startup Time": 1.029,
                      "Actual Total Time": 24.245,
                      "Actual Rows": 424,
                      "Actual Loops": 3,
                      "Inner Unique": true,
                      "Plans": [
                        {
                          "Node Type": "Bitmap Heap Scan",
                          "Parent Relationship": "Outer",
                          "Parallel Aware": true,
                          "Relation Name": "cast_info",
                          "Alias": "ci",
                          "Startup Cost": 128.28,
                          "Total Cost": 19986.73,
                          "Plan Rows": 2350,
                          "Plan Width": 4,
                          "Actual Startup Time": 0.833,
                          "Actual Total Time": 1.41,
                          "Actual Rows": 1943,
                          "Actual Loops": 3,
                          "Recheck Cond": "(person_id > 4060909)",
                          "Rows Removed by Index Recheck": 0,
                          "Exact Heap Blocks": 51,
                          "Lossy Heap Blocks": 0,
                          "Plans": [
                            {
                              "Node Type": "Bitmap Index Scan",
                              "Parent Relationship": "Outer",
                              "Parallel Aware": false,
                              "Index Name": "person_id_cast_info",
                              "Startup Cost": 0.0,
                              "Total Cost": 126.87,
                              "Plan Rows": 5641,
                              "Plan Width": 0,
                              "Actual Startup Time": 2.204,
                              "Actual Total Time": 2.205,
                              "Actual Rows": 5830,
                              "Actual Loops": 1,
                              "Index Cond": "(person_id > 4060909)"
                            }
                          ]
                        },
                        {
                          "Node Type": "Index Scan",
                          "Parent Relationship": "Inner",
                          "Parallel Aware": false,
                          "Scan Direction": "Forward",
                          "Index Name": "title_pkey",
                          "Relation Name": "title",
                          "Alias": "t",
                          "Startup Cost": 0.43,
                          "Total Cost": 7.21,
                          "Plan Rows": 1,
                          "Plan Width": 4,
                          "Actual Startup Time": 0.011,
                          "Actual Total Time": 0.011,
                          "Actual Rows": 0,
                          "Actual Loops": 5830,
                          "Index Cond": "(id = ci.movie_id)",
                          "Rows Removed by Index Recheck": 0,
                          "Filter": "((kind_id < 3) AND (production_year < 2001))",
                          "Rows Removed by Filter": 1
                        }
                      ]
                    },
                    {
                      "Node Type": "Index Only Scan",
                      "Parent Relationship": "Inner",
                      "Parallel Aware": false,
                      "Scan Direction": "Forward",
                      "Index Name": "movie_id_movie_keyword",
                      "Relation Name": "movie_keyword",
                      "Alias": "mk",
                      "Startup Cost": 0.43,
                      "Total Cost": 1.79,
                      "Plan Rows": 45,
                      "Plan Width": 4,
                      "Actual Startup Time": 0.016,
                      "Actual Total Time": 0.018,
                      "Actual Rows": 9,
                      "Actual Loops": 1272,
                      "Index Cond": "(movie_id = t.id)",
                      "Rows Removed by Index Recheck": 0,
                      "Heap Fetches": 11786
                    }
                  ]
                }
              ]
            }
          ]
        }
      ]
    },
    "Planning Time": 1.36,
    "Triggers": [],
    "Execution Time": 45.985
  }
]