{
  "Plan": {
    "Node Type": "Aggregate",
    "Strategy": "Plain",
    "Partial Mode": "Finalize",
    "Parallel Aware": false,
    "Startup Cost": 146535.63,
    "Total Cost": 146535.64,
    "Plan Rows": 1,
    "Plan Width": 8,
    "Actual Startup Time": 734.461,
    "Actual Total Time": 752.323,
    "Actual Rows": 1,
    "Actual Loops": 1,
    "Plans": [
      {
        "Node Type": "Gather",
        "Parent Relationship": "Outer",
        "Parallel Aware": false,
        "Startup Cost": 146535.51,
        "Total Cost": 146535.62,
        "Plan Rows": 1,
        "Plan Width": 8,
        "Actual Startup Time": 733.704,
        "Actual Total Time": 752.313,
        "Actual Rows": 2,
        "Actual Loops": 1,
        "Workers Planned": 1,
        "Workers Launched": 1,
        "Single Copy": false,
        "Plans": [
          {
            "Node Type": "Aggregate",
            "Strategy": "Plain",
            "Partial Mode": "Partial",
            "Parent Relationship": "Outer",
            "Parallel Aware": false,
            "Startup Cost": 145535.51,
            "Total Cost": 145535.52,
            "Plan Rows": 1,
            "Plan Width": 8,
            "Actual Startup Time": 727.647,
            "Actual Total Time": 727.805,
            "Actual Rows": 1,
            "Actual Loops": 2,
            "Plans": [
              {
                "Node Type": "Hash Join",
                "Parent Relationship": "Outer",
                "Parallel Aware": true,
                "Join Type": "Inner",
                "Startup Cost": 83928.31,
                "Total Cost": 145367.72,
                "Plan Rows": 67116,
                "Plan Width": 0,
                "Actual Startup Time": 483.923,
                "Actual Total Time": 708.516,
                "Actual Rows": 500099,
                "Actual Loops": 2,
                "Inner Unique": false,
                "Hash Cond": "(mk.movie_id = t.id)",
                "Plans": [
                  {
                    "Node Type": "Seq Scan",
                    "Parent Relationship": "Outer",
                    "Parallel Aware": true,
                    "Relation Name": "movie_keyword",
                    "Alias": "mk",
                    "Startup Cost": 0.0,
                    "Total Cost": 51065.35,
                    "Plan Rows": 2661135,
                    "Plan Width": 4,
                    "Actual Startup Time": 0.011,
                    "Actual Total Time": 148.933,
                    "Actual Rows": 2261965,
                    "Actual Loops": 2
                  },
                  {
                    "Node Type": "Hash",
                    "Parent Relationship": "Inner",
                    "Parallel Aware": true,
                    "Startup Cost": 83459.45,
                    "Total Cost": 83459.45,
                    "Plan Rows": 37509,
                    "Plan Width": 8,
                    "Actual Startup Time": 358.415,
                    "Actual Total Time": 358.571,
                    "Actual Rows": 60522,
                    "Actual Loops": 2,
                    "Hash Buckets": 131072,
                    "Original Hash Buckets": 65536,
                    "Hash Batches": 1,
                    "Original Hash Batches": 1,
                    "Peak Memory Usage": 6304,
                    "Plans": [
                      {
                        "Node Type": "Hash Join",
                        "Parent Relationship": "Outer",
                        "Parallel Aware": true,
                        "Join Type": "Inner",
                        "Startup Cost": 23073.31,
                        "Total Cost": 83459.45,
                        "Plan Rows": 37509,
                        "Plan Width": 8,
                        "Actual Startup Time": 243.682,
                        "Actual Total Time": 345.145,
                        "Actual Rows": 60522,
                        "Actual Loops": 2,
                        "Inner Unique": false,
                        "Hash Cond": "(t.id = mc.movie_id)",
                        "Plans": [
                          {
                            "Node Type": "Seq Scan",
                            "Parent Relationship": "Outer",
                            "Parallel Aware": true,
                            "Relation Name": "title",
                            "Alias": "t",
                            "Startup Cost": 0.0,
                            "Total Cost": 50870.31,
                            "Plan Rows": 1487231,
                            "Plan Width": 4,
                            "Actual Startup Time": 0.01,
                            "Actual Total Time": 119.39,
                            "Actual Rows": 1264156,
                            "Actual Loops": 2
                          },
                          {
                            "Node Type": "Hash",
                            "Parent Relationship": "Inner",
                            "Parallel Aware": true,
                            "Startup Cost": 22604.44,
                            "Total Cost": 22604.44,
                            "Plan Rows": 37509,
                            "Plan Width": 4,
                            "Actual Startup Time": 59.853,
                            "Actual Total Time": 59.855,
                            "Actual Rows": 60522,
                            "Actual Loops": 2,
                            "Hash Buckets": 131072,
                            "Original Hash Buckets": 65536,
                            "Hash Batches": 1,
                            "Original Hash Batches": 1,
                            "Peak Memory Usage": 6304,
                            "Plans": [
                              {
                                "Node Type": "Bitmap Heap Scan",
                                "Parent Relationship": "Outer",
                                "Parallel Aware": true,
                                "Relation Name": "movie_companies",
                                "Alias": "mc",
                                "Startup Cost": 2706.3,
                                "Total Cost": 22604.44,
                                "Plan Rows": 37509,
                                "Plan Width": 4,
                                "Actual Startup Time": 16.717,
                                "Actual Total Time": 42.744,
                                "Actual Rows": 60522,
                                "Actual Loops": 2,
                                "Recheck Cond": "(company_id > 145778)",
                                "Rows Removed by Index Recheck": 0,
                                "Filter": "(company_type_id > 1)",
                                "Rows Removed by Filter": 0,
                                "Exact Heap Blocks": 2721,
                                "Lossy Heap Blocks": 0,
                                "Plans": [
                                  {
                                    "Node Type": "Bitmap Index Scan",
                                    "Parent Relationship": "Outer",
                                    "Parallel Aware": false,
                                    "Index Name": "company_id_movie_companies",
                                    "Startup Cost": 0.0,
                                    "Total Cost": 2690.36,
                                    "Plan Rows": 125590,
                                    "Plan Width": 0,
                                    "Actual Startup Time": 19.514,
                                    "Actual Total Time": 19.515,
                                    "Actual Rows": 121045,
                                    "Actual Loops": 1,
                                    "Index Cond": "(company_id > 145778)"
                                  }
                                ]
                              }
                            ]
                          }
                        ]
                      }
                    ]
                  }
                ]
              }
            ]
          }
        ]
      }
    ]
  },
  "Planning Time": 1.053,
  "Triggers": [],
  "Execution Time": 752.425
}