[
  {
    "Plan": {
      "Node Type": "Aggregate",
      "Strategy": "Plain",
      "Partial Mode": "Finalize",
      "Parallel Aware": false,
      "Startup Cost": 45855.53,
      "Total Cost": 45855.54,
      "Plan Rows": 1,
      "Plan Width": 8,
      "Actual Startup Time": 151.777,
      "Actual Total Time": 160.982,
      "Actual Rows": 1,
      "Actual Loops": 1,
      "Plans": [
        {
          "Node Type": "Gather",
          "Parent Relationship": "Outer",
          "Parallel Aware": false,
          "Startup Cost": 45855.21,
          "Total Cost": 45855.52,
          "Plan Rows": 3,
          "Plan Width": 8,
          "Actual Startup Time": 151.683,
          "Actual Total Time": 160.975,
          "Actual Rows": 4,
          "Actual Loops": 1,
          "Workers Planned": 3,
          "Workers Launched": 3,
          "Single Copy": false,
          "Plans": [
            {
              "Node Type": "Aggregate",
              "Strategy": "Plain",
              "Partial Mode": "Partial",
              "Parent Relationship": "Outer",
              "Parallel Aware": false,
              "Startup Cost": 44855.21,
              "Total Cost": 44855.22,
              "Plan Rows": 1,
              "Plan Width": 8,
              "Actual Startup Time": 146.658,
              "Actual Total Time": 146.659,
              "Actual Rows": 1,
              "Actual Loops": 4,
              "Plans": [
                {
                  "Node Type": "Seq Scan",
                  "Parent Relationship": "Outer",
                  "Parallel Aware": true,
                  "Relation Name": "movie_keyword",
                  "Alias": "mk",
                  "Startup Cost": 0.0,
                  "Total Cost": 42695.65,
                  "Plan Rows": 863823,
                  "Plan Width": 0,
                  "Actual Startup Time": 0.223,
                  "Actual Total Time": 115.509,
                  "Actual Rows": 668924,
                  "Actual Loops": 4,
                  "Filter": "(keyword_id > 3069)",
                  "Rows Removed by Filter": 462058
                }
              ]
            }
          ]
        }
      ]
    },
    "Planning Time": 0.097,
    "Triggers": [],
    "Execution Time": 161.014
  }
]