[
  {
    "Plan": {
      "Node Type": "Aggregate",
      "Strategy": "Plain",
      "Partial Mode": "Finalize",
      "Parallel Aware": false,
      "Startup Cost": 337493.34,
      "Total Cost": 337493.35,
      "Plan Rows": 1,
      "Plan Width": 8,
      "Actual Startup Time": 452.473,
      "Actual Total Time": 473.582,
      "Actual Rows": 1,
      "Actual Loops": 1,
      "Plans": [
        {
          "Node Type": "Gather",
          "Parent Relationship": "Outer",
          "Parallel Aware": false,
          "Startup Cost": 337492.72,
          "Total Cost": 337493.33,
          "Plan Rows": 6,
          "Plan Width": 8,
          "Actual Startup Time": 452.386,
          "Actual Total Time": 473.574,
          "Actual Rows": 7,
          "Actual Loops": 1,
          "Workers Planned": 6,
          "Workers Launched": 6,
          "Single Copy": false,
          "Plans": [
            {
              "Node Type": "Aggregate",
              "Strategy": "Plain",
              "Partial Mode": "Partial",
              "Parent Relationship": "Outer",
              "Parallel Aware": false,
              "Startup Cost": 336492.72,
              "Total Cost": 336492.73,
              "Plan Rows": 1,
              "Plan Width": 8,
              "Actual Startup Time": 441.835,
              "Actual Total Time": 441.837,
              "Actual Rows": 1,
              "Actual Loops": 7,
              "Plans": [
                {
                  "Node Type": "Index Scan",
                  "Parent Relationship": "Outer",
                  "Parallel Aware": true,
                  "Scan Direction": "Forward",
                  "Index Name": "role_id_cast_info",
                  "Relation Name": "cast_info",
                  "Alias": "ci",
                  "Startup Cost": 0.56,
                  "Total Cost": 335235.55,
                  "Plan Rows": 502868,
                  "Plan Width": 0,
                  "Actual Startup Time": 0.198,
                  "Actual Total Time": 397.853,
                  "Actual Rows": 916255,
                  "Actual Loops": 7,
                  "Index Cond": "(role_id = 1)",
                  "Rows Removed by Index Recheck": 0,
                  "Filter": "(person_id < 875605)",
                  "Rows Removed by Filter": 893843
                }
              ]
            }
          ]
        }
      ]
    },
    "Planning Time": 0.233,
    "Triggers": [],
    "Execution Time": 473.648
  }
]