{
  "Plan": {
    "Node Type": "Merge Join",
    "Parallel Aware": false,
    "Join Type": "Inner",
    "Startup Cost": 5328232.79,
    "Total Cost": 5672756.03,
    "Plan Rows": 22365427,
    "Plan Width": 4,
    "Actual Startup Time": 79272.243,
    "Actual Total Time": 97768.123,
    "Actual Rows": 52901816,
    "Actual Loops": 1,
    "Inner Unique": false,
    "Merge Cond": "(cn.id = mc.company_id)",
    "Plans": [
      {
        "Node Type": "Index Only Scan",
        "Parent Relationship": "Outer",
        "Parallel Aware": false,
        "Scan Direction": "Forward",
        "Index Name": "company_name_pkey",
        "Relation Name": "company_name",
        "Alias": "cn",
        "Startup Cost": 0.42,
        "Total Cost": 11881.93,
        "Plan Rows": 234997,
        "Plan Width": 4,
        "Actual Startup Time": 0.051,
        "Actual Total Time": 63.142,
        "Actual Rows": 15149,
        "Actual Loops": 1,
        "Heap Fetches": 15149
      },
      {
        "Node Type": "Sort",
        "Parent Relationship": "Inner",
        "Parallel Aware": false,
        "Startup Cost": 5324813.05,
        "Total Cost": 5380726.62,
        "Plan Rows": 22365427,
        "Plan Width": 4,
        "Actual Startup Time": 79272.105,
        "Actual Total Time": 92225.367,
        "Actual Rows": 52901816,
        "Actual Loops": 1,
        "Sort Key": [
          "mc.company_id"
        ],
        "Sort Method": "quicksort",
        "Sort Space Used": 3877874,
        "Sort Space Type": "Memory",
        "Plans": [
          {
            "Node Type": "Hash Join",
            "Parent Relationship": "Outer",
            "Parallel Aware": false,
            "Join Type": "Inner",
            "Startup Cost": 2259097.16,
            "Total Cost": 2594579.61,
            "Plan Rows": 22365427,
            "Plan Width": 4,
            "Actual Startup Time": 60332.22,
            "Actual Total Time": 65309.664,
            "Actual Rows": 52901816,
            "Actual Loops": 1,
            "Inner Unique": false,
            "Hash Cond": "(ct.id = mc.company_type_id)",
            "Plans": [
              {
                "Node Type": "Seq Scan",
                "Parent Relationship": "Outer",
                "Parallel Aware": false,
                "Relation Name": "company_type",
                "Alias": "ct",
                "Startup Cost": 0.0,
                "Total Cost": 1.04,
                "Plan Rows": 4,
                "Plan Width": 4,
                "Actual Startup Time": 0.012,
                "Actual Total Time": 0.081,
                "Actual Rows": 4,
                "Actual Loops": 1
              },
              {
                "Node Type": "Hash",
                "Parent Relationship": "Inner",
                "Parallel Aware": false,
                "Startup Cost": 1979529.32,
                "Total Cost": 1979529.32,
                "Plan Rows": 22365427,
                "Plan Width": 8,
                "Actual Startup Time": 59832.954,
                "Actual Total Time": 59833.031,
                "Actual Rows": 52901816,
                "Actual Loops": 1,
                "Hash Buckets": 67108864,
                "Original Hash Buckets": 33554432,
                "Hash Batches": 1,
                "Original Hash Batches": 1,
                "Peak Memory Usage": 2590766,
                "Plans": [
                  {
                    "Node Type": "Hash Join",
                    "Parent Relationship": "Outer",
                    "Parallel Aware": false,
                    "Join Type": "Inner",
                    "Startup Cost": 234164.21,
                    "Total Cost": 1979529.32,
                    "Plan Rows": 22365427,
                    "Plan Width": 8,
                    "Actual Startup Time": 3954.104,
                    "Actual Total Time": 49335.33,
                    "Actual Rows": 52901816,
                    "Actual Loops": 1,
                    "Inner Unique": false,
                    "Hash Cond": "(t.id = mc.movie_id)",
                    "Plans": [
                      {
                        "Node Type": "Hash Join",
                        "Parent Relationship": "Outer",
                        "Parallel Aware": false,
                        "Join Type": "Inner",
                        "Startup Cost": 163263.9,
                        "Total Cost": 1367718.78,
                        "Plan Rows": 36257824,
                        "Plan Width": 8,
                        "Actual Startup Time": 2426.05,
                        "Actual Total Time": 28445.936,
                        "Actual Rows": 36244344,
                        "Actual Loops": 1,
                        "Inner Unique": false,
                        "Hash Cond": "(ci.movie_id = t.id)",
                        "Plans": [
                          {
                            "Node Type": "Seq Scan",
                            "Parent Relationship": "Outer",
                            "Parallel Aware": false,
                            "Relation Name": "cast_info",
                            "Alias": "ci",
                            "Startup Cost": 0.0,
                            "Total Cost": 615265.24,
                            "Plan Rows": 36257824,
                            "Plan Width": 4,
                            "Actual Startup Time": 0.06,
                            "Actual Total Time": 4885.877,
                            "Actual Rows": 36244344,
                            "Actual Loops": 1
                          },
                          {
                            "Node Type": "Hash",
                            "Parent Relationship": "Inner",
                            "Parallel Aware": false,
                            "Startup Cost": 131657.53,
                            "Total Cost": 131657.53,
                            "Plan Rows": 2528509,
                            "Plan Width": 4,
                            "Actual Startup Time": 2363.192,
                            "Actual Total Time": 2363.237,
                            "Actual Rows": 2528312,
                            "Actual Loops": 1,
                            "Hash Buckets": 4194304,
                            "Original Hash Buckets": 4194304,
                            "Hash Batches": 1,
                            "Original Hash Batches": 1,
                            "Peak Memory Usage": 121654,
                            "Plans": [
                              {
                                "Node Type": "Hash Join",
                                "Parent Relationship": "Outer",
                                "Parallel Aware": false,
                                "Join Type": "Inner",
                                "Startup Cost": 92889.45,
                                "Total Cost": 131657.53,
                                "Plan Rows": 2528509,
                                "Plan Width": 4,
                                "Actual Startup Time": 1526.579,
                                "Actual Total Time": 1734.3,
                                "Actual Rows": 2528312,
                                "Actual Loops": 1,
                                "Inner Unique": false,
                                "Hash Cond": "(kt.id = t.kind_id)",
                                "Plans": [
                                  {
                                    "Node Type": "Seq Scan",
                                    "Parent Relationship": "Outer",
                                    "Parallel Aware": false,
                                    "Relation Name": "kind_type",
                                    "Alias": "kt",
                                    "Startup Cost": 0.0,
                                    "Total Cost": 1.07,
                                    "Plan Rows": 7,
                                    "Plan Width": 4,
                                    "Actual Startup Time": 0.025,
                                    "Actual Total Time": 0.035,
                                    "Actual Rows": 7,
                                    "Actual Loops": 1
                                  },
                                  {
                                    "Node Type": "Hash",
                                    "Parent Relationship": "Inner",
                                    "Parallel Aware": false,
                                    "Startup Cost": 61283.09,
                                    "Total Cost": 61283.09,
                                    "Plan Rows": 2528509,
                                    "Plan Width": 8,
                                    "Actual Startup Time": 1465.372,
                                    "Actual Total Time": 1465.39,
                                    "Actual Rows": 2528312,
                                    "Actual Loops": 1,
                                    "Hash Buckets": 4194304,
                                    "Original Hash Buckets": 4194304,
                                    "Hash Batches": 1,
                                    "Original Hash Batches": 1,
                                    "Peak Memory Usage": 131531,
                                    "Plans": [
                                      {
                                        "Node Type": "Seq Scan",
                                        "Parent Relationship": "Outer",
                                        "Parallel Aware": false,
                                        "Relation Name": "title",
                                        "Alias": "t",
                                        "Startup Cost": 0.0,
                                        "Total Cost": 61283.09,
                                        "Plan Rows": 2528509,
                                        "Plan Width": 8,
                                        "Actual Startup Time": 0.121,
                                        "Actual Total Time": 950.801,
                                        "Actual Rows": 2528312,
                                        "Actual Loops": 1
                                      }
                                    ]
                                  }
                                ]
                              }
                            ]
                          }
                        ]
                      },
                      {
                        "Node Type": "Hash",
                        "Parent Relationship": "Inner",
                        "Parallel Aware": false,
                        "Startup Cost": 51404.11,
                        "Total Cost": 51404.11,
                        "Plan Rows": 1559696,
                        "Plan Width": 12,
                        "Actual Startup Time": 1495.354,
                        "Actual Total Time": 1495.361,
                        "Actual Rows": 1565442,
                        "Actual Loops": 1,
                        "Hash Buckets": 2097152,
                        "Original Hash Buckets": 2097152,
                        "Hash Batches": 1,
                        "Original Hash Batches": 1,
                        "Peak Memory Usage": 83650,
                        "Plans": [
                          {
                            "Node Type": "Seq Scan",
                            "Parent Relationship": "Outer",
                            "Parallel Aware": false,
                            "Relation Name": "movie_companies",
                            "Alias": "mc",
                            "Startup Cost": 0.0,
                            "Total Cost": 51404.11,
                            "Plan Rows": 1559696,
                            "Plan Width": 12,
                            "Actual Startup Time": 0.049,
                            "Actual Total Time": 832.533,
                            "Actual Rows": 1565442,
                            "Actual Loops": 1,
                            "Filter": "(company_id < 15149)",
                            "Rows Removed by Filter": 1043687
                          }
                        ]
                      }
                    ]
                  }
                ]
              }
            ]
          }
        ]
      }
    ]
  },
  "Planning Time": 12.739,
  "Triggers": [],
  "Execution Time": 99866.908
}