{
  "Plan": {
    "Node Type": "Hash Join",
    "Parallel Aware": false,
    "Join Type": "Inner",
    "Startup Cost": 2338353.56,
    "Total Cost": 2673836.01,
    "Plan Rows": 22365427,
    "Plan Width": 4,
    "Actual Startup Time": 54846.137,
    "Actual Total Time": 58582.6,
    "Actual Rows": 52901816,
    "Actual Loops": 1,
    "Inner Unique": false,
    "Hash Cond": "(ct.id = mc.company_type_id)",
    "Plans": [
      {
        "Node Type": "Seq Scan",
        "Parent Relationship": "Outer",
        "Parallel Aware": false,
        "Relation Name": "company_type",
        "Alias": "ct",
        "Startup Cost": 0.0,
        "Total Cost": 1.04,
        "Plan Rows": 4,
        "Plan Width": 4,
        "Actual Startup Time": 0.011,
        "Actual Total Time": 0.019,
        "Actual Rows": 4,
        "Actual Loops": 1
      },
      {
        "Node Type": "Hash",
        "Parent Relationship": "Inner",
        "Parallel Aware": false,
        "Startup Cost": 2058785.72,
        "Total Cost": 2058785.72,
        "Plan Rows": 22365427,
        "Plan Width": 8,
        "Actual Startup Time": 54706.703,
        "Actual Total Time": 54706.715,
        "Actual Rows": 52901816,
        "Actual Loops": 1,
        "Hash Buckets": 67108864,
        "Original Hash Buckets": 33554432,
        "Hash Batches": 1,
        "Original Hash Batches": 1,
        "Peak Memory Usage": 2590766,
        "Plans": [
          {
            "Node Type": "Hash Join",
            "Parent Relationship": "Outer",
            "Parallel Aware": false,
            "Join Type": "Inner",
            "Startup Cost": 1147671.94,
            "Total Cost": 2058785.72,
            "Plan Rows": 22365427,
            "Plan Width": 8,
            "Actual Startup Time": 15691.418,
            "Actual Total Time": 45817.007,
            "Actual Rows": 52901816,
            "Actual Loops": 1,
            "Inner Unique": true,
            "Hash Cond": "(mc.company_id = cn.id)",
            "Plans": [
              {
                "Node Type": "Hash Join",
                "Parent Relationship": "Outer",
                "Parallel Aware": false,
                "Join Type": "Inner",
                "Startup Cost": 1139389.51,
                "Total Cost": 1991792.98,
                "Plan Rows": 22365427,
                "Plan Width": 8,
                "Actual Startup Time": 15635.283,
                "Actual Total Time": 37978.863,
                "Actual Rows": 52901816,
                "Actual Loops": 1,
                "Inner Unique": true,
                "Hash Cond": "(t.kind_id = kt.id)",
                "Plans": [
                  {
                    "Node Type": "Hash Join",
                    "Parent Relationship": "Outer",
                    "Parallel Aware": false,
                    "Join Type": "Inner",
                    "Startup Cost": 1139388.35,
                    "Total Cost": 1897537.53,
                    "Plan Rows": 22365427,
                    "Plan Width": 12,
                    "Actual Startup Time": 15635.254,
                    "Actual Total Time": 30506.14,
                    "Actual Rows": 52901816,
                    "Actual Loops": 1,
                    "Inner Unique": false,
                    "Hash Cond": "(mc.movie_id = ci.movie_id)",
                    "Plans": [
                      {
                        "Node Type": "Hash Join",
                        "Parent Relationship": "Outer",
                        "Parallel Aware": false,
                        "Join Type": "Inner",
                        "Startup Cost": 70900.31,
                        "Total Cost": 169904.82,
                        "Plan Rows": 1559696,
                        "Plan Width": 20,
                        "Actual Startup Time": 580.481,
                        "Actual Total Time": 2918.469,
                        "Actual Rows": 1565442,
                        "Actual Loops": 1,
                        "Inner Unique": false,
                        "Hash Cond": "(t.id = mc.movie_id)",
                        "Plans": [
                          {
                            "Node Type": "Seq Scan",
                            "Parent Relationship": "Outer",
                            "Parallel Aware": false,
                            "Relation Name": "title",
                            "Alias": "t",
                            "Startup Cost": 0.0,
                            "Total Cost": 61283.09,
                            "Plan Rows": 2528509,
                            "Plan Width": 8,
                            "Actual Startup Time": 0.007,
                            "Actual Total Time": 384.687,
                            "Actual Rows": 2528312,
                            "Actual Loops": 1
                          },
                          {
                            "Node Type": "Hash",
                            "Parent Relationship": "Inner",
                            "Parallel Aware": false,
                            "Startup Cost": 51404.11,
                            "Total Cost": 51404.11,
                            "Plan Rows": 1559696,
                            "Plan Width": 12,
                            "Actual Startup Time": 571.542,
                            "Actual Total Time": 571.543,
                            "Actual Rows": 1565442,
                            "Actual Loops": 1,
                            "Hash Buckets": 2097152,
                            "Original Hash Buckets": 2097152,
                            "Hash Batches": 1,
                            "Original Hash Batches": 1,
                            "Peak Memory Usage": 83650,
                            "Plans": [
                              {
                                "Node Type": "Seq Scan",
                                "Parent Relationship": "Outer",
                                "Parallel Aware": false,
                                "Relation Name": "movie_companies",
                                "Alias": "mc",
                                "Startup Cost": 0.0,
                                "Total Cost": 51404.11,
                                "Plan Rows": 1559696,
                                "Plan Width": 12,
                                "Actual Startup Time": 0.019,
                                "Actual Total Time": 282.178,
                                "Actual Rows": 1565442,
                                "Actual Loops": 1,
                                "Filter": "(company_id < 15149)",
                                "Rows Removed by Filter": 1043687
                              }
                            ]
                          }
                        ]
                      },
                      {
                        "Node Type": "Hash",
                        "Parent Relationship": "Inner",
                        "Parallel Aware": false,
                        "Startup Cost": 615265.24,
                        "Total Cost": 615265.24,
                        "Plan Rows": 36257824,
                        "Plan Width": 4,
                        "Actual Startup Time": 14781.401,
                        "Actual Total Time": 14781.402,
                        "Actual Rows": 36244344,
                        "Actual Loops": 1,
                        "Hash Buckets": 67108864,
                        "Original Hash Buckets": 67108864,
                        "Hash Batches": 1,
                        "Original Hash Batches": 1,
                        "Peak Memory Usage": 1798504,
                        "Plans": [
                          {
                            "Node Type": "Seq Scan",
                            "Parent Relationship": "Outer",
                            "Parallel Aware": false,
                            "Relation Name": "cast_info",
                            "Alias": "ci",
                            "Startup Cost": 0.0,
                            "Total Cost": 615265.24,
                            "Plan Rows": 36257824,
                            "Plan Width": 4,
                            "Actual Startup Time": 0.021,
                            "Actual Total Time": 4168.571,
                            "Actual Rows": 36244344,
                            "Actual Loops": 1
                          }
                        ]
                      }
                    ]
                  },
                  {
                    "Node Type": "Hash",
                    "Parent Relationship": "Inner",
                    "Parallel Aware": false,
                    "Startup Cost": 1.07,
                    "Total Cost": 1.07,
                    "Plan Rows": 7,
                    "Plan Width": 4,
                    "Actual Startup Time": 0.014,
                    "Actual Total Time": 0.015,
                    "Actual Rows": 7,
                    "Actual Loops": 1,
                    "Hash Buckets": 1024,
                    "Original Hash Buckets": 1024,
                    "Hash Batches": 1,
                    "Original Hash Batches": 1,
                    "Peak Memory Usage": 9,
                    "Plans": [
                      {
                        "Node Type": "Seq Scan",
                        "Parent Relationship": "Outer",
                        "Parallel Aware": false,
                        "Relation Name": "kind_type",
                        "Alias": "kt",
                        "Startup Cost": 0.0,
                        "Total Cost": 1.07,
                        "Plan Rows": 7,
                        "Plan Width": 4,
                        "Actual Startup Time": 0.01,
                        "Actual Total Time": 0.012,
                        "Actual Rows": 7,
                        "Actual Loops": 1
                      }
                    ]
                  }
                ]
              },
              {
                "Node Type": "Hash",
                "Parent Relationship": "Inner",
                "Parallel Aware": false,
                "Startup Cost": 5344.97,
                "Total Cost": 5344.97,
                "Plan Rows": 234997,
                "Plan Width": 4,
                "Actual Startup Time": 55.179,
                "Actual Total Time": 55.179,
                "Actual Rows": 234997,
                "Actual Loops": 1,
                "Hash Buckets": 262144,
                "Original Hash Buckets": 262144,
                "Hash Batches": 1,
                "Original Hash Batches": 1,
                "Peak Memory Usage": 10310,
                "Plans": [
                  {
                    "Node Type": "Seq Scan",
                    "Parent Relationship": "Outer",
                    "Parallel Aware": false,
                    "Relation Name": "company_name",
                    "Alias": "cn",
                    "Startup Cost": 0.0,
                    "Total Cost": 5344.97,
                    "Plan Rows": 234997,
                    "Plan Width": 4,
                    "Actual Startup Time": 0.03,
                    "Actual Total Time": 27.232,
                    "Actual Rows": 234997,
                    "Actual Loops": 1
                  }
                ]
              }
            ]
          }
        ]
      }
    ]
  },
  "Planning Time": 0.815,
  "Triggers": [],
  "Execution Time": 60327.03
}