[
  {
    "Plan": {
      "Node Type": "Aggregate",
      "Strategy": "Plain",
      "Partial Mode": "Simple",
      "Parallel Aware": false,
      "Startup Cost": 16813.85,
      "Total Cost": 16813.86,
      "Plan Rows": 1,
      "Plan Width": 32,
      "Actual Startup Time": 251.984,
      "Actual Total Time": 251.988,
      "Actual Rows": 1,
      "Actual Loops": 1,
      "Plans": [
        {
          "Node Type": "Nested Loop",
          "Parent Relationship": "Outer",
          "Parallel Aware": false,
          "Join Type": "Inner",
          "Startup Cost": 11.68,
          "Total Cost": 16813.48,
          "Plan Rows": 149,
          "Plan Width": 17,
          "Actual Startup Time": 16.431,
          "Actual Total Time": 251.859,
          "Actual Rows": 337,
          "Actual Loops": 1,
          "Inner Unique": false,
          "Join Filter": "(t.id = mi.movie_id)",
          "Rows Removed by Join Filter": 0,
          "Plans": [
            {
              "Node Type": "Nested Loop",
              "Parent Relationship": "Outer",
              "Parallel Aware": false,
              "Join Type": "Inner",
              "Startup Cost": 11.25,
              "Total Cost": 16691.46,
              "Plan Rows": 67,
              "Plan Width": 25,
              "Actual Startup Time": 14.106,
              "Actual Total Time": 208.797,
              "Actual Rows": 405,
              "Actual Loops": 1,
              "Inner Unique": true,
              "Plans": [
                {
                  "Node Type": "Nested Loop",
                  "Parent Relationship": "Outer",
                  "Parallel Aware": false,
                  "Join Type": "Inner",
                  "Startup Cost": 10.82,
                  "Total Cost": 16476.94,
                  "Plan Rows": 438,
                  "Plan Width": 4,
                  "Actual Startup Time": 8.437,
                  "Actual Total Time": 87.556,
                  "Actual Rows": 12951,
                  "Actual Loops": 1,
                  "Inner Unique": false,
                  "Plans": [
                    {
                      "Node Type": "Seq Scan",
                      "Parent Relationship": "Outer",
                      "Parallel Aware": false,
                      "Relation Name": "keyword",
                      "Alias": "k",
                      "Startup Cost": 0.0,
                      "Total Cost": 2626.12,
                      "Plan Rows": 13,
                      "Plan Width": 4,
                      "Actual Startup Time": 3.326,
                      "Actual Total Time": 27.532,
                      "Actual Rows": 30,
                      "Actual Loops": 1,
                      "Filter": "(keyword ~~ '%sequel%'::text)",
                      "Rows Removed by Filter": 134140
                    },
                    {
                      "Node Type": "Bitmap Heap Scan",
                      "Parent Relationship": "Inner",
                      "Parallel Aware": false,
                      "Relation Name": "movie_keyword",
                      "Alias": "mk",
                      "Startup Cost": 10.82,
                      "Total Cost": 1062.37,
                      "Plan Rows": 308,
                      "Plan Width": 8,
                      "Actual Startup Time": 0.195,
                      "Actual Total Time": 1.892,
                      "Actual Rows": 432,
                      "Actual Loops": 30,
                      "Recheck Cond": "(keyword_id = k.id)",
                      "Rows Removed by Index Recheck": 0,
                      "Exact Heap Blocks": 6979,
                      "Lossy Heap Blocks": 0,
                      "Plans": [
                        {
                          "Node Type": "Bitmap Index Scan",
                          "Parent Relationship": "Outer",
                          "Parallel Aware": false,
                          "Index Name": "keyword_id_movie_keyword",
                          "Startup Cost": 0.0,
                          "Total Cost": 10.74,
                          "Plan Rows": 308,
                          "Plan Width": 0,
                          "Actual Startup Time": 0.128,
                          "Actual Total Time": 0.128,
                          "Actual Rows": 432,
                          "Actual Loops": 30,
                          "Index Cond": "(keyword_id = k.id)"
                        }
                      ]
                    }
                  ]
                },
                {
                  "Node Type": "Index Scan",
                  "Parent Relationship": "Inner",
                  "Parallel Aware": false,
                  "Scan Direction": "Forward",
                  "Index Name": "title_pkey",
                  "Relation Name": "title",
                  "Alias": "t",
                  "Startup Cost": 0.43,
                  "Total Cost": 0.49,
                  "Plan Rows": 1,
                  "Plan Width": 21,
                  "Actual Startup Time": 0.009,
                  "Actual Total Time": 0.009,
                  "Actual Rows": 0,
                  "Actual Loops": 12951,
                  "Index Cond": "(id = mk.movie_id)",
                  "Rows Removed by Index Recheck": 0,
                  "Filter": "(production_year > 2010)",
                  "Rows Removed by Filter": 1
                }
              ]
            },
            {
              "Node Type": "Index Scan",
              "Parent Relationship": "Inner",
              "Parallel Aware": false,
              "Scan Direction": "Forward",
              "Index Name": "movie_id_movie_info",
              "Relation Name": "movie_info",
              "Alias": "mi",
              "Startup Cost": 0.43,
              "Total Cost": 1.8,
              "Plan Rows": 2,
              "Plan Width": 4,
              "Actual Startup Time": 0.035,
              "Actual Total Time": 0.105,
              "Actual Rows": 1,
              "Actual Loops": 405,
              "Index Cond": "(movie_id = mk.movie_id)",
              "Rows Removed by Index Recheck": 0,
              "Filter": "(info = ANY ('{English,Norway,Denish,American,Danish,Bulgaria,Norwegian,America,Germany,Denmark}'::text[]))",
              "Rows Removed by Filter": 62
            }
          ]
        }
      ]
    },
    "Planning Time": 4.674,
    "Triggers": [],
    "Execution Time": 252.331
  }
]