[
  {
    "Plan": {
      "Node Type": "Aggregate",
      "Strategy": "Plain",
      "Partial Mode": "Finalize",
      "Parallel Aware": false,
      "Startup Cost": 630624.86,
      "Total Cost": 630624.87,
      "Plan Rows": 1,
      "Plan Width": 8,
      "Actual Startup Time": 3511.883,
      "Actual Total Time": 3572.524,
      "Actual Rows": 1,
      "Actual Loops": 1,
      "Plans": [
        {
          "Node Type": "Gather",
          "Parent Relationship": "Outer",
          "Parallel Aware": false,
          "Startup Cost": 630624.34,
          "Total Cost": 630624.85,
          "Plan Rows": 5,
          "Plan Width": 8,
          "Actual Startup Time": 3477.617,
          "Actual Total Time": 3572.51,
          "Actual Rows": 6,
          "Actual Loops": 1,
          "Workers Planned": 5,
          "Workers Launched": 5,
          "Single Copy": false,
          "Plans": [
            {
              "Node Type": "Aggregate",
              "Strategy": "Plain",
              "Partial Mode": "Partial",
              "Parent Relationship": "Outer",
              "Parallel Aware": false,
              "Startup Cost": 629624.34,
              "Total Cost": 629624.35,
              "Plan Rows": 1,
              "Plan Width": 8,
              "Actual Startup Time": 3447.84,
              "Actual Total Time": 3448.712,
              "Actual Rows": 1,
              "Actual Loops": 6,
              "Plans": [
                {
                  "Node Type": "Hash Join",
                  "Parent Relationship": "Outer",
                  "Parallel Aware": true,
                  "Join Type": "Inner",
                  "Startup Cost": 397367.27,
                  "Total Cost": 611858.94,
                  "Plan Rows": 7106159,
                  "Plan Width": 0,
                  "Actual Startup Time": 1702.876,
                  "Actual Total Time": 3241.271,
                  "Actual Rows": 4869841,
                  "Actual Loops": 6,
                  "Inner Unique": false,
                  "Hash Cond": "(mi.movie_id = t.id)",
                  "Plans": [
                    {
                      "Node Type": "Seq Scan",
                      "Parent Relationship": "Outer",
                      "Parallel Aware": true,
                      "Relation Name": "movie_info",
                      "Alias": "mi",
                      "Startup Cost": 0.0,
                      "Total Cost": 191560.33,
                      "Plan Rows": 2956733,
                      "Plan Width": 4,
                      "Actual Startup Time": 0.031,
                      "Actual Total Time": 306.483,
                      "Actual Rows": 2472620,
                      "Actual Loops": 6
                    },
                    {
                      "Node Type": "Hash",
                      "Parent Relationship": "Inner",
                      "Parallel Aware": true,
                      "Startup Cost": 384707.99,
                      "Total Cost": 384707.99,
                      "Plan Rows": 1012742,
                      "Plan Width": 8,
                      "Actual Startup Time": 1691.896,
                      "Actual Total Time": 1692.766,
                      "Actual Rows": 1023784,
                      "Actual Loops": 6,
                      "Hash Buckets": 8388608,
                      "Original Hash Buckets": 8388608,
                      "Hash Batches": 1,
                      "Original Hash Batches": 1,
                      "Peak Memory Usage": 305952,
                      "Plans": [
                        {
                          "Node Type": "Hash Join",
                          "Parent Relationship": "Outer",
                          "Parallel Aware": true,
                          "Join Type": "Inner",
                          "Startup Cost": 48702.18,
                          "Total Cost": 384707.99,
                          "Plan Rows": 1012742,
                          "Plan Width": 8,
                          "Actual Startup Time": 194.753,
                          "Actual Total Time": 1272.958,
                          "Actual Rows": 1023784,
                          "Actual Loops": 6,
                          "Inner Unique": true,
                          "Hash Cond": "(ci.movie_id = t.id)",
                          "Plans": [
                            {
                              "Node Type": "Index Scan",
                              "Parent Relationship": "Outer",
                              "Parallel Aware": true,
                              "Scan Direction": "Forward",
                              "Index Name": "role_id_cast_info",
                              "Relation Name": "cast_info",
                              "Alias": "ci",
                              "Startup Cost": 0.56,
                              "Total Cost": 331632.96,
                              "Plan Rows": 1666060,
                              "Plan Width": 4,
                              "Actual Startup Time": 0.159,
                              "Actual Total Time": 437.148,
                              "Actual Rows": 1781017,
                              "Actual Loops": 6,
                              "Index Cond": "(role_id > 3)",
                              "Rows Removed by Index Recheck": 0,
                              "Filter": "(person_id > 682568)",
                              "Rows Removed by Filter": 237924
                            },
                            {
                              "Node Type": "Hash",
                              "Parent Relationship": "Inner",
                              "Parallel Aware": true,
                              "Startup Cost": 43898.92,
                              "Total Cost": 43898.92,
                              "Plan Rows": 384216,
                              "Plan Width": 4,
                              "Actual Startup Time": 192.625,
                              "Actual Total Time": 192.626,
                              "Actual Rows": 257211,
                              "Actual Loops": 6,
                              "Hash Buckets": 2097152,
                              "Original Hash Buckets": 2097152,
                              "Hash Batches": 1,
                              "Original Hash Batches": 1,
                              "Peak Memory Usage": 76832,
                              "Plans": [
                                {
                                  "Node Type": "Seq Scan",
                                  "Parent Relationship": "Outer",
                                  "Parallel Aware": true,
                                  "Relation Name": "title",
                                  "Alias": "t",
                                  "Startup Cost": 0.0,
                                  "Total Cost": 43898.92,
                                  "Plan Rows": 384216,
                                  "Plan Width": 4,
                                  "Actual Startup Time": 0.047,
                                  "Actual Total Time": 84.911,
                                  "Actual Rows": 257211,
                                  "Actual Loops": 6,
                                  "Filter": "(kind_id = 7)",
                                  "Rows Removed by Filter": 164175
                                }
                              ]
                            }
                          ]
                        }
                      ]
                    }
                  ]
                }
              ]
            }
          ]
        }
      ]
    },
    "Planning Time": 1.389,
    "Triggers": [],
    "Execution Time": 3572.62
  }
]