{
  "Plan": {
    "Node Type": "Aggregate",
    "Strategy": "Plain",
    "Partial Mode": "Finalize",
    "Parallel Aware": false,
    "Startup Cost": 154196.45,
    "Total Cost": 154196.46,
    "Plan Rows": 1,
    "Plan Width": 8,
    "Actual Startup Time": 629.798,
    "Actual Total Time": 644.915,
    "Actual Rows": 1,
    "Actual Loops": 1,
    "Plans": [
      {
        "Node Type": "Gather",
        "Parent Relationship": "Outer",
        "Parallel Aware": false,
        "Startup Cost": 154196.34,
        "Total Cost": 154196.45,
        "Plan Rows": 1,
        "Plan Width": 8,
        "Actual Startup Time": 628.579,
        "Actual Total Time": 644.909,
        "Actual Rows": 2,
        "Actual Loops": 1,
        "Workers Planned": 1,
        "Workers Launched": 1,
        "Single Copy": false,
        "Plans": [
          {
            "Node Type": "Aggregate",
            "Strategy": "Plain",
            "Partial Mode": "Partial",
            "Parent Relationship": "Outer",
            "Parallel Aware": false,
            "Startup Cost": 153196.34,
            "Total Cost": 153196.35,
            "Plan Rows": 1,
            "Plan Width": 8,
            "Actual Startup Time": 622.401,
            "Actual Total Time": 622.407,
            "Actual Rows": 1,
            "Actual Loops": 2,
            "Plans": [
              {
                "Node Type": "Hash Join",
                "Parent Relationship": "Outer",
                "Parallel Aware": true,
                "Join Type": "Inner",
                "Startup Cost": 92238.74,
                "Total Cost": 153090.22,
                "Plan Rows": 42446,
                "Plan Width": 0,
                "Actual Startup Time": 407.748,
                "Actual Total Time": 615.759,
                "Actual Rows": 160068,
                "Actual Loops": 2,
                "Inner Unique": false,
                "Hash Cond": "(mk.movie_id = t.id)",
                "Plans": [
                  {
                    "Node Type": "Seq Scan",
                    "Parent Relationship": "Outer",
                    "Parallel Aware": true,
                    "Relation Name": "movie_keyword",
                    "Alias": "mk",
                    "Startup Cost": 0.0,
                    "Total Cost": 57718.19,
                    "Plan Rows": 768959,
                    "Plan Width": 4,
                    "Actual Startup Time": 1.246,
                    "Actual Total Time": 156.429,
                    "Actual Rows": 658643,
                    "Actual Loops": 2,
                    "Filter": "(keyword_id > 13255)",
                    "Rows Removed by Filter": 1603322
                  },
                  {
                    "Node Type": "Hash",
                    "Parent Relationship": "Inner",
                    "Parallel Aware": true,
                    "Startup Cost": 91212.56,
                    "Total Cost": 91212.56,
                    "Plan Rows": 82095,
                    "Plan Width": 8,
                    "Actual Startup Time": 384.863,
                    "Actual Total Time": 384.868,
                    "Actual Rows": 87048,
                    "Actual Loops": 2,
                    "Hash Buckets": 262144,
                    "Original Hash Buckets": 262144,
                    "Hash Batches": 1,
                    "Original Hash Batches": 1,
                    "Peak Memory Usage": 8864,
                    "Plans": [
                      {
                        "Node Type": "Hash Join",
                        "Parent Relationship": "Outer",
                        "Parallel Aware": true,
                        "Join Type": "Inner",
                        "Startup Cost": 32764.0,
                        "Total Cost": 91212.56,
                        "Plan Rows": 82095,
                        "Plan Width": 8,
                        "Actual Startup Time": 179.711,
                        "Actual Total Time": 362.704,
                        "Actual Rows": 87048,
                        "Actual Loops": 2,
                        "Inner Unique": false,
                        "Hash Cond": "(t.id = mc.movie_id)",
                        "Plans": [
                          {
                            "Node Type": "Seq Scan",
                            "Parent Relationship": "Outer",
                            "Parallel Aware": true,
                            "Relation Name": "title",
                            "Alias": "t",
                            "Startup Cost": 0.0,
                            "Total Cost": 54588.39,
                            "Plan Rows": 540361,
                            "Plan Width": 4,
                            "Actual Startup Time": 0.013,
                            "Actual Total Time": 133.268,
                            "Actual Rows": 462302,
                            "Actual Loops": 2,
                            "Filter": "(production_year < 1998)",
                            "Rows Removed by Filter": 801854
                          },
                          {
                            "Node Type": "Hash",
                            "Parent Relationship": "Inner",
                            "Parallel Aware": true,
                            "Startup Cost": 29939.65,
                            "Total Cost": 29939.65,
                            "Plan Rows": 225948,
                            "Plan Width": 4,
                            "Actual Startup Time": 112.18,
                            "Actual Total Time": 112.182,
                            "Actual Rows": 195574,
                            "Actual Loops": 2,
                            "Hash Buckets": 524288,
                            "Original Hash Buckets": 524288,
                            "Hash Batches": 1,
                            "Original Hash Batches": 1,
                            "Peak Memory Usage": 19424,
                            "Plans": [
                              {
                                "Node Type": "Bitmap Heap Scan",
                                "Parent Relationship": "Outer",
                                "Parallel Aware": true,
                                "Relation Name": "movie_companies",
                                "Alias": "mc",
                                "Startup Cost": 8325.3,
                                "Total Cost": 29939.65,
                                "Plan Rows": 225948,
                                "Plan Width": 4,
                                "Actual Startup Time": 33.403,
                                "Actual Total Time": 72.423,
                                "Actual Rows": 195574,
                                "Actual Loops": 2,
                                "Recheck Cond": "(company_id > 83192)",
                                "Rows Removed by Index Recheck": 0,
                                "Exact Heap Blocks": 4033,
                                "Lossy Heap Blocks": 0,
                                "Plans": [
                                  {
                                    "Node Type": "Bitmap Index Scan",
                                    "Parent Relationship": "Outer",
                                    "Parallel Aware": false,
                                    "Index Name": "company_id_movie_companies",
                                    "Startup Cost": 0.0,
                                    "Total Cost": 8229.27,
                                    "Plan Rows": 384112,
                                    "Plan Width": 0,
                                    "Actual Startup Time": 32.954,
                                    "Actual Total Time": 32.954,
                                    "Actual Rows": 391147,
                                    "Actual Loops": 1,
                                    "Index Cond": "(company_id > 83192)"
                                  }
                                ]
                              }
                            ]
                          }
                        ]
                      }
                    ]
                  }
                ]
              }
            ]
          }
        ]
      }
    ]
  },
  "Planning Time": 0.682,
  "Triggers": [],
  "Execution Time": 644.988
}