{
  "Plan": {
    "Node Type": "Aggregate",
    "Strategy": "Plain",
    "Partial Mode": "Finalize",
    "Parallel Aware": false,
    "Startup Cost": 112443.76,
    "Total Cost": 112443.77,
    "Plan Rows": 1,
    "Plan Width": 8,
    "Actual Startup Time": 789.051,
    "Actual Total Time": 808.923,
    "Actual Rows": 1,
    "Actual Loops": 1,
    "Plans": [
      {
        "Node Type": "Gather",
        "Parent Relationship": "Outer",
        "Parallel Aware": false,
        "Startup Cost": 112443.65,
        "Total Cost": 112443.76,
        "Plan Rows": 1,
        "Plan Width": 8,
        "Actual Startup Time": 786.446,
        "Actual Total Time": 808.914,
        "Actual Rows": 2,
        "Actual Loops": 1,
        "Workers Planned": 1,
        "Workers Launched": 1,
        "Single Copy": false,
        "Plans": [
          {
            "Node Type": "Aggregate",
            "Strategy": "Plain",
            "Partial Mode": "Partial",
            "Parent Relationship": "Outer",
            "Parallel Aware": false,
            "Startup Cost": 111443.65,
            "Total Cost": 111443.66,
            "Plan Rows": 1,
            "Plan Width": 8,
            "Actual Startup Time": 777.819,
            "Actual Total Time": 777.824,
            "Actual Rows": 1,
            "Actual Loops": 2,
            "Plans": [
              {
                "Node Type": "Hash Join",
                "Parent Relationship": "Outer",
                "Parallel Aware": true,
                "Join Type": "Inner",
                "Startup Cost": 80819.53,
                "Total Cost": 110802.31,
                "Plan Rows": 256535,
                "Plan Width": 0,
                "Actual Startup Time": 573.357,
                "Actual Total Time": 771.049,
                "Actual Rows": 109661,
                "Actual Loops": 2,
                "Inner Unique": true,
                "Hash Cond": "(mk.movie_id = t.id)",
                "Plans": [
                  {
                    "Node Type": "Bitmap Heap Scan",
                    "Parent Relationship": "Outer",
                    "Parallel Aware": true,
                    "Relation Name": "movie_keyword",
                    "Alias": "mk",
                    "Startup Cost": 13184.41,
                    "Total Cost": 42207.64,
                    "Plan Rows": 365539,
                    "Plan Width": 4,
                    "Actual Startup Time": 50.895,
                    "Actual Total Time": 145.692,
                    "Actual Rows": 316424,
                    "Actual Loops": 2,
                    "Recheck Cond": "(keyword_id < 495)",
                    "Rows Removed by Index Recheck": 0,
                    "Exact Heap Blocks": 12198,
                    "Lossy Heap Blocks": 0,
                    "Plans": [
                      {
                        "Node Type": "Bitmap Index Scan",
                        "Parent Relationship": "Outer",
                        "Parallel Aware": false,
                        "Index Name": "keyword_id_movie_keyword",
                        "Startup Cost": 0.0,
                        "Total Cost": 13029.05,
                        "Plan Rows": 621416,
                        "Plan Width": 0,
                        "Actual Startup Time": 45.16,
                        "Actual Total Time": 45.16,
                        "Actual Rows": 632848,
                        "Actual Loops": 1,
                        "Index Cond": "(keyword_id < 495)"
                      }
                    ]
                  },
                  {
                    "Node Type": "Hash",
                    "Parent Relationship": "Inner",
                    "Parallel Aware": true,
                    "Startup Cost": 54588.39,
                    "Total Cost": 54588.39,
                    "Plan Rows": 1043739,
                    "Plan Width": 4,
                    "Actual Startup Time": 507.686,
                    "Actual Total Time": 507.687,
                    "Actual Rows": 887318,
                    "Actual Loops": 2,
                    "Hash Buckets": 2097152,
                    "Original Hash Buckets": 2097152,
                    "Hash Batches": 1,
                    "Original Hash Batches": 1,
                    "Peak Memory Usage": 85856,
                    "Plans": [
                      {
                        "Node Type": "Seq Scan",
                        "Parent Relationship": "Outer",
                        "Parallel Aware": true,
                        "Relation Name": "title",
                        "Alias": "t",
                        "Startup Cost": 0.0,
                        "Total Cost": 54588.39,
                        "Plan Rows": 1043739,
                        "Plan Width": 4,
                        "Actual Startup Time": 0.028,
                        "Actual Total Time": 203.323,
                        "Actual Rows": 887318,
                        "Actual Loops": 2,
                        "Filter": "(kind_id > 2)",
                        "Rows Removed by Filter": 376838
                      }
                    ]
                  }
                ]
              }
            ]
          }
        ]
      }
    ]
  },
  "Planning Time": 0.66,
  "Triggers": [],
  "Execution Time": 809.015
}