[
    {
        "Bao": {
            "Bao prediction": 479.046,
            "Bao recommended hint": "SET enable_mergejoin TO off; SET enable_indexscan TO off; "
        }
    },
    {
        "Plan": {
            "Node Type": "Aggregate",
            "Strategy": "Plain",
            "Partial Mode": "Finalize",
            "Parallel Aware": false,
            "Startup Cost": 348172.12,
            "Total Cost": 348172.13,
            "Plan Rows": 1,
            "Plan Width": 8,
            "Actual Startup Time": 690.28,
            "Actual Total Time": 718.818,
            "Actual Rows": 1,
            "Actual Loops": 1,
            "Output": [
                "count(*)"
            ],
            "Plans": [
                {
                    "Node Type": "Gather",
                    "Parent Relationship": "Outer",
                    "Parallel Aware": false,
                    "Startup Cost": 348171.49,
                    "Total Cost": 348172.1,
                    "Plan Rows": 6,
                    "Plan Width": 8,
                    "Actual Startup Time": 690.187,
                    "Actual Total Time": 718.808,
                    "Actual Rows": 7,
                    "Actual Loops": 1,
                    "Output": [
                        "(PARTIAL count(*))"
                    ],
                    "Workers Planned": 6,
                    "Workers Launched": 6,
                    "Single Copy": false,
                    "Plans": [
                        {
                            "Node Type": "Aggregate",
                            "Strategy": "Plain",
                            "Partial Mode": "Partial",
                            "Parent Relationship": "Outer",
                            "Parallel Aware": false,
                            "Startup Cost": 347171.49,
                            "Total Cost": 347171.5,
                            "Plan Rows": 1,
                            "Plan Width": 8,
                            "Actual Startup Time": 680.903,
                            "Actual Total Time": 680.904,
                            "Actual Rows": 1,
                            "Actual Loops": 7,
                            "Output": [
                                "PARTIAL count(*)"
                            ],
                            "Workers": [
                                {
                                    "Worker Number": 0,
                                    "Actual Startup Time": 679.002,
                                    "Actual Total Time": 679.002,
                                    "Actual Rows": 1,
                                    "Actual Loops": 1
                                },
                                {
                                    "Worker Number": 1,
                                    "Actual Startup Time": 679.223,
                                    "Actual Total Time": 679.224,
                                    "Actual Rows": 1,
                                    "Actual Loops": 1
                                },
                                {
                                    "Worker Number": 2,
                                    "Actual Startup Time": 679.316,
                                    "Actual Total Time": 679.318,
                                    "Actual Rows": 1,
                                    "Actual Loops": 1
                                },
                                {
                                    "Worker Number": 3,
                                    "Actual Startup Time": 679.462,
                                    "Actual Total Time": 679.463,
                                    "Actual Rows": 1,
                                    "Actual Loops": 1
                                },
                                {
                                    "Worker Number": 4,
                                    "Actual Startup Time": 679.795,
                                    "Actual Total Time": 679.795,
                                    "Actual Rows": 1,
                                    "Actual Loops": 1
                                },
                                {
                                    "Worker Number": 5,
                                    "Actual Startup Time": 680.148,
                                    "Actual Total Time": 680.149,
                                    "Actual Rows": 1,
                                    "Actual Loops": 1
                                }
                            ],
                            "Plans": [
                                {
                                    "Node Type": "Seq Scan",
                                    "Parent Relationship": "Outer",
                                    "Parallel Aware": true,
                                    "Relation Name": "cast_info",
                                    "Schema": "public",
                                    "Alias": "ci",
                                    "Startup Cost": 0.0,
                                    "Total Cost": 343318.94,
                                    "Plan Rows": 1541021,
                                    "Plan Width": 0,
                                    "Actual Startup Time": 130.914,
                                    "Actual Total Time": 642.555,
                                    "Actual Rows": 784108,
                                    "Actual Loops": 7,
                                    "Output": [
                                        "id",
                                        "person_id",
                                        "movie_id",
                                        "person_role_id",
                                        "note",
                                        "nr_order",
                                        "role_id"
                                    ],
                                    "Filter": "((ci.person_id > 982362) AND (ci.role_id = 1))",
                                    "Rows Removed by Filter": 4393656,
                                    "Workers": [
                                        {
                                            "Worker Number": 0,
                                            "Actual Startup Time": 129.004,
                                            "Actual Total Time": 640.694,
                                            "Actual Rows": 580590,
                                            "Actual Loops": 1
                                        },
                                        {
                                            "Worker Number": 1,
                                            "Actual Startup Time": 129.246,
                                            "Actual Total Time": 640.862,
                                            "Actual Rows": 579659,
                                            "Actual Loops": 1
                                        },
                                        {
                                            "Worker Number": 2,
                                            "Actual Startup Time": 129.333,
                                            "Actual Total Time": 641.821,
                                            "Actual Rows": 887985,
                                            "Actual Loops": 1
                                        },
                                        {
                                            "Worker Number": 3,
                                            "Actual Startup Time": 129.469,
                                            "Actual Total Time": 642.206,
                                            "Actual Rows": 887119,
                                            "Actual Loops": 1
                                        },
                                        {
                                            "Worker Number": 4,
                                            "Actual Startup Time": 129.805,
                                            "Actual Total Time": 642.031,
                                            "Actual Rows": 928960,
                                            "Actual Loops": 1
                                        },
                                        {
                                            "Worker Number": 5,
                                            "Actual Startup Time": 130.154,
                                            "Actual Total Time": 642.359,
                                            "Actual Rows": 930832,
                                            "Actual Loops": 1
                                        }
                                    ]
                                }
                            ]
                        }
                    ]
                }
            ]
        },
        "Planning Time": 424.525,
        "Triggers": [],
        "Execution Time": 718.905
    }
]