[
  {
    "Plan": {
      "Node Type": "Aggregate",
      "Strategy": "Plain",
      "Partial Mode": "Finalize",
      "Parallel Aware": false,
      "Startup Cost": 98421.51,
      "Total Cost": 98421.52,
      "Plan Rows": 1,
      "Plan Width": 8,
      "Actual Startup Time": 560.359,
      "Actual Total Time": 575.834,
      "Actual Rows": 1,
      "Actual Loops": 1,
      "Plans": [
        {
          "Node Type": "Gather",
          "Parent Relationship": "Outer",
          "Parallel Aware": false,
          "Startup Cost": 98421.19,
          "Total Cost": 98421.5,
          "Plan Rows": 3,
          "Plan Width": 8,
          "Actual Startup Time": 552.903,
          "Actual Total Time": 575.824,
          "Actual Rows": 4,
          "Actual Loops": 1,
          "Workers Planned": 3,
          "Workers Launched": 3,
          "Single Copy": false,
          "Plans": [
            {
              "Node Type": "Aggregate",
              "Strategy": "Plain",
              "Partial Mode": "Partial",
              "Parent Relationship": "Outer",
              "Parallel Aware": false,
              "Startup Cost": 97421.19,
              "Total Cost": 97421.2,
              "Plan Rows": 1,
              "Plan Width": 8,
              "Actual Startup Time": 538.196,
              "Actual Total Time": 538.199,
              "Actual Rows": 1,
              "Actual Loops": 4,
              "Plans": [
                {
                  "Node Type": "Hash Join",
                  "Parent Relationship": "Outer",
                  "Parallel Aware": true,
                  "Join Type": "Inner",
                  "Startup Cost": 51556.95,
                  "Total Cost": 95900.33,
                  "Plan Rows": 608345,
                  "Plan Width": 0,
                  "Actual Startup Time": 337.754,
                  "Actual Total Time": 518.858,
                  "Actual Rows": 480696,
                  "Actual Loops": 4,
                  "Inner Unique": true,
                  "Hash Cond": "(mk.movie_id = t.id)",
                  "Plans": [
                    {
                      "Node Type": "Seq Scan",
                      "Parent Relationship": "Outer",
                      "Parallel Aware": true,
                      "Relation Name": "movie_keyword",
                      "Alias": "mk",
                      "Startup Cost": 0.0,
                      "Total Cost": 42695.65,
                      "Plan Rows": 627705,
                      "Plan Width": 4,
                      "Actual Startup Time": 0.373,
                      "Actual Total Time": 91.408,
                      "Actual Rows": 483857,
                      "Actual Loops": 4,
                      "Filter": "(keyword_id > 6848)",
                      "Rows Removed by Filter": 647125
                    },
                    {
                      "Node Type": "Hash",
                      "Parent Relationship": "Inner",
                      "Parallel Aware": true,
                      "Startup Cost": 43899.32,
                      "Total Cost": 43899.32,
                      "Plan Rows": 612610,
                      "Plan Width": 4,
                      "Actual Startup Time": 327.394,
                      "Actual Total Time": 327.395,
                      "Actual Rows": 613176,
                      "Actual Loops": 4,
                      "Hash Buckets": 4194304,
                      "Original Hash Buckets": 4194304,
                      "Hash Batches": 1,
                      "Original Hash Batches": 1,
                      "Peak Memory Usage": 128768,
                      "Plans": [
                        {
                          "Node Type": "Seq Scan",
                          "Parent Relationship": "Outer",
                          "Parallel Aware": true,
                          "Relation Name": "title",
                          "Alias": "t",
                          "Startup Cost": 0.0,
                          "Total Cost": 43899.32,
                          "Plan Rows": 612610,
                          "Plan Width": 4,
                          "Actual Startup Time": 0.039,
                          "Actual Total Time": 107.06,
                          "Actual Rows": 613176,
                          "Actual Loops": 4,
                          "Filter": "(production_year < 2014)",
                          "Rows Removed by Filter": 18902
                        }
                      ]
                    }
                  ]
                }
              ]
            }
          ]
        }
      ]
    },
    "Planning Time": 0.373,
    "Triggers": [],
    "Execution Time": 575.879
  }
]