[
  {
    "Plan": {
      "Node Type": "Aggregate",
      "Strategy": "Plain",
      "Partial Mode": "Finalize",
      "Parallel Aware": false,
      "Startup Cost": 335380.67,
      "Total Cost": 335380.68,
      "Plan Rows": 1,
      "Plan Width": 8,
      "Actual Startup Time": 792.977,
      "Actual Total Time": 835.733,
      "Actual Rows": 1,
      "Actual Loops": 1,
      "Plans": [
        {
          "Node Type": "Gather",
          "Parent Relationship": "Outer",
          "Parallel Aware": false,
          "Startup Cost": 335380.04,
          "Total Cost": 335380.65,
          "Plan Rows": 6,
          "Plan Width": 8,
          "Actual Startup Time": 792.787,
          "Actual Total Time": 835.713,
          "Actual Rows": 7,
          "Actual Loops": 1,
          "Workers Planned": 6,
          "Workers Launched": 6,
          "Single Copy": false,
          "Plans": [
            {
              "Node Type": "Aggregate",
              "Strategy": "Plain",
              "Partial Mode": "Partial",
              "Parent Relationship": "Outer",
              "Parallel Aware": false,
              "Startup Cost": 334380.04,
              "Total Cost": 334380.05,
              "Plan Rows": 1,
              "Plan Width": 8,
              "Actual Startup Time": 786.743,
              "Actual Total Time": 786.744,
              "Actual Rows": 1,
              "Actual Loops": 7,
              "Plans": [
                {
                  "Node Type": "Seq Scan",
                  "Parent Relationship": "Outer",
                  "Parallel Aware": true,
                  "Relation Name": "cast_info",
                  "Alias": "ci",
                  "Startup Cost": 0.0,
                  "Total Cost": 328211.39,
                  "Plan Rows": 2467460,
                  "Plan Width": 0,
                  "Actual Startup Time": 0.038,
                  "Actual Total Time": 664.338,
                  "Actual Rows": 2132812,
                  "Actual Loops": 7,
                  "Filter": "(person_id < 1473824)",
                  "Rows Removed by Filter": 3044951
                }
              ]
            }
          ]
        }
      ]
    },
    "Planning Time": 0.179,
    "Triggers": [],
    "Execution Time": 835.794
  }
]