[
  {
    "Plan": {
      "Node Type": "Aggregate",
      "Strategy": "Plain",
      "Partial Mode": "Finalize",
      "Parallel Aware": false,
      "Startup Cost": 335394.93,
      "Total Cost": 335394.94,
      "Plan Rows": 1,
      "Plan Width": 8,
      "Actual Startup Time": 704.769,
      "Actual Total Time": 764.439,
      "Actual Rows": 1,
      "Actual Loops": 1,
      "Plans": [
        {
          "Node Type": "Gather",
          "Parent Relationship": "Outer",
          "Parallel Aware": false,
          "Startup Cost": 335394.3,
          "Total Cost": 335394.91,
          "Plan Rows": 6,
          "Plan Width": 8,
          "Actual Startup Time": 704.647,
          "Actual Total Time": 764.427,
          "Actual Rows": 7,
          "Actual Loops": 1,
          "Workers Planned": 6,
          "Workers Launched": 6,
          "Single Copy": false,
          "Plans": [
            {
              "Node Type": "Aggregate",
              "Strategy": "Plain",
              "Partial Mode": "Partial",
              "Parent Relationship": "Outer",
              "Parallel Aware": false,
              "Startup Cost": 334394.3,
              "Total Cost": 334394.31,
              "Plan Rows": 1,
              "Plan Width": 8,
              "Actual Startup Time": 694.077,
              "Actual Total Time": 694.078,
              "Actual Rows": 1,
              "Actual Loops": 7,
              "Plans": [
                {
                  "Node Type": "Seq Scan",
                  "Parent Relationship": "Outer",
                  "Parallel Aware": true,
                  "Relation Name": "cast_info",
                  "Alias": "ci",
                  "Startup Cost": 0.0,
                  "Total Cost": 328162.03,
                  "Plan Rows": 2492911,
                  "Plan Width": 0,
                  "Actual Startup Time": 0.053,
                  "Actual Total Time": 594.759,
                  "Actual Rows": 2132812,
                  "Actual Loops": 7,
                  "Filter": "(person_id < 1473824)",
                  "Rows Removed by Filter": 3044951
                }
              ]
            }
          ]
        }
      ]
    },
    "Planning Time": 0.181,
    "Triggers": [],
    "Execution Time": 764.508
  }
]