[
  {
    "Plan": {
      "Node Type": "Aggregate",
      "Strategy": "Plain",
      "Partial Mode": "Finalize",
      "Parallel Aware": false,
      "Startup Cost": 349252.22,
      "Total Cost": 349252.23,
      "Plan Rows": 1,
      "Plan Width": 8,
      "Actual Startup Time": 844.69,
      "Actual Total Time": 891.097,
      "Actual Rows": 1,
      "Actual Loops": 1,
      "Plans": [
        {
          "Node Type": "Gather",
          "Parent Relationship": "Outer",
          "Parallel Aware": false,
          "Startup Cost": 349251.59,
          "Total Cost": 349252.2,
          "Plan Rows": 6,
          "Plan Width": 8,
          "Actual Startup Time": 844.503,
          "Actual Total Time": 891.084,
          "Actual Rows": 7,
          "Actual Loops": 1,
          "Workers Planned": 6,
          "Workers Launched": 6,
          "Single Copy": false,
          "Plans": [
            {
              "Node Type": "Aggregate",
              "Strategy": "Plain",
              "Partial Mode": "Partial",
              "Parent Relationship": "Outer",
              "Parallel Aware": false,
              "Startup Cost": 348251.59,
              "Total Cost": 348251.6,
              "Plan Rows": 1,
              "Plan Width": 8,
              "Actual Startup Time": 837.297,
              "Actual Total Time": 837.299,
              "Actual Rows": 1,
              "Actual Loops": 7,
              "Plans": [
                {
                  "Node Type": "Seq Scan",
                  "Parent Relationship": "Outer",
                  "Parallel Aware": true,
                  "Relation Name": "cast_info",
                  "Alias": "ci",
                  "Startup Cost": 0.0,
                  "Total Cost": 343316.27,
                  "Plan Rows": 1974128,
                  "Plan Width": 0,
                  "Actual Startup Time": 231.461,
                  "Actual Total Time": 707.657,
                  "Actual Rows": 2578478,
                  "Actual Loops": 7,
                  "Filter": "((person_id > 1806459) AND (role_id > 1))",
                  "Rows Removed by Filter": 2599285
                }
              ]
            }
          ]
        }
      ]
    },
    "Planning Time": 0.124,
    "Triggers": [],
    "Execution Time": 891.143
  }
]