[
  {
    "Plan": {
      "Node Type": "Aggregate",
      "Strategy": "Plain",
      "Partial Mode": "Finalize",
      "Parallel Aware": false,
      "Startup Cost": 349186.35,
      "Total Cost": 349186.36,
      "Plan Rows": 1,
      "Plan Width": 8,
      "Actual Startup Time": 830.479,
      "Actual Total Time": 891.428,
      "Actual Rows": 1,
      "Actual Loops": 1,
      "Plans": [
        {
          "Node Type": "Gather",
          "Parent Relationship": "Outer",
          "Parallel Aware": false,
          "Startup Cost": 349185.73,
          "Total Cost": 349186.34,
          "Plan Rows": 6,
          "Plan Width": 8,
          "Actual Startup Time": 830.405,
          "Actual Total Time": 891.419,
          "Actual Rows": 7,
          "Actual Loops": 1,
          "Workers Planned": 6,
          "Workers Launched": 6,
          "Single Copy": false,
          "Plans": [
            {
              "Node Type": "Aggregate",
              "Strategy": "Plain",
              "Partial Mode": "Partial",
              "Parent Relationship": "Outer",
              "Parallel Aware": false,
              "Startup Cost": 348185.73,
              "Total Cost": 348185.74,
              "Plan Rows": 1,
              "Plan Width": 8,
              "Actual Startup Time": 820.836,
              "Actual Total Time": 820.837,
              "Actual Rows": 1,
              "Actual Loops": 7,
              "Plans": [
                {
                  "Node Type": "Seq Scan",
                  "Parent Relationship": "Outer",
                  "Parallel Aware": true,
                  "Relation Name": "cast_info",
                  "Alias": "ci",
                  "Startup Cost": 0.0,
                  "Total Cost": 343257.03,
                  "Plan Rows": 1971480,
                  "Plan Width": 0,
                  "Actual Startup Time": 222.408,
                  "Actual Total Time": 697.41,
                  "Actual Rows": 2578478,
                  "Actual Loops": 7,
                  "Filter": "((person_id > 1806459) AND (role_id > 1))",
                  "Rows Removed by Filter": 2599285
                }
              ]
            }
          ]
        }
      ]
    },
    "Planning Time": 0.223,
    "Triggers": [],
    "Execution Time": 891.502
  }
]