[
  {
    "Plan": {
      "Node Type": "Aggregate",
      "Strategy": "Plain",
      "Partial Mode": "Finalize",
      "Parallel Aware": false,
      "Startup Cost": 46482.02,
      "Total Cost": 46482.03,
      "Plan Rows": 1,
      "Plan Width": 8,
      "Actual Startup Time": 79.732,
      "Actual Total Time": 90.114,
      "Actual Rows": 1,
      "Actual Loops": 1,
      "Plans": [
        {
          "Node Type": "Gather",
          "Parent Relationship": "Outer",
          "Parallel Aware": false,
          "Startup Cost": 46481.6,
          "Total Cost": 46482.01,
          "Plan Rows": 4,
          "Plan Width": 8,
          "Actual Startup Time": 79.582,
          "Actual Total Time": 90.106,
          "Actual Rows": 5,
          "Actual Loops": 1,
          "Workers Planned": 4,
          "Workers Launched": 4,
          "Single Copy": false,
          "Plans": [
            {
              "Node Type": "Aggregate",
              "Strategy": "Plain",
              "Partial Mode": "Partial",
              "Parent Relationship": "Outer",
              "Parallel Aware": false,
              "Startup Cost": 45481.6,
              "Total Cost": 45481.61,
              "Plan Rows": 1,
              "Plan Width": 8,
              "Actual Startup Time": 73.921,
              "Actual Total Time": 73.922,
              "Actual Rows": 1,
              "Actual Loops": 5,
              "Plans": [
                {
                  "Node Type": "Seq Scan",
                  "Parent Relationship": "Outer",
                  "Parallel Aware": true,
                  "Relation Name": "title",
                  "Alias": "t",
                  "Startup Cost": 0.0,
                  "Total Cost": 45479.1,
                  "Plan Rows": 1000,
                  "Plan Width": 0,
                  "Actual Startup Time": 1.963,
                  "Actual Total Time": 73.828,
                  "Actual Rows": 735,
                  "Actual Loops": 5,
                  "Filter": "((kind_id < 7) AND (production_year = 1958))",
                  "Rows Removed by Filter": 504927
                }
              ]
            }
          ]
        }
      ]
    },
    "Planning Time": 0.099,
    "Triggers": [],
    "Execution Time": 90.147
  }
]