{
  "Plan": {
    "Node Type": "Aggregate",
    "Strategy": "Plain",
    "Partial Mode": "Simple",
    "Parallel Aware": false,
    "Startup Cost": 178296.21,
    "Total Cost": 178296.22,
    "Plan Rows": 1,
    "Plan Width": 8,
    "Actual Startup Time": 2485.631,
    "Actual Total Time": 2485.635,
    "Actual Rows": 1,
    "Actual Loops": 1,
    "Plans": [
      {
        "Node Type": "Hash Join",
        "Parent Relationship": "Outer",
        "Parallel Aware": false,
        "Join Type": "Inner",
        "Startup Cost": 177229.53,
        "Total Cost": 178295.19,
        "Plan Rows": 408,
        "Plan Width": 0,
        "Actual Startup Time": 2485.585,
        "Actual Total Time": 2485.628,
        "Actual Rows": 14,
        "Actual Loops": 1,
        "Inner Unique": false,
        "Hash Cond": "(ci.movie_id = t.id)",
        "Plans": [
          {
            "Node Type": "Index Scan",
            "Parent Relationship": "Outer",
            "Parallel Aware": false,
            "Scan Direction": "Forward",
            "Index Name": "person_id_cast_info",
            "Relation Name": "cast_info",
            "Alias": "ci",
            "Startup Cost": 0.56,
            "Total Cost": 1059.67,
            "Plan Rows": 395,
            "Plan Width": 4,
            "Actual Startup Time": 0.108,
            "Actual Total Time": 0.138,
            "Actual Rows": 8,
            "Actual Loops": 1,
            "Index Cond": "(person_id = 111294)",
            "Rows Removed by Index Recheck": 0,
            "Filter": "(role_id < 8)",
            "Rows Removed by Filter": 167
          },
          {
            "Node Type": "Hash",
            "Parent Relationship": "Inner",
            "Parallel Aware": false,
            "Startup Cost": 144614.86,
            "Total Cost": 144614.86,
            "Plan Rows": 2609129,
            "Plan Width": 8,
            "Actual Startup Time": 2450.1,
            "Actual Total Time": 2450.103,
            "Actual Rows": 2609129,
            "Actual Loops": 1,
            "Hash Buckets": 4194304,
            "Original Hash Buckets": 4194304,
            "Hash Batches": 1,
            "Original Hash Batches": 1,
            "Peak Memory Usage": 134688,
            "Plans": [
              {
                "Node Type": "Hash Join",
                "Parent Relationship": "Outer",
                "Parallel Aware": false,
                "Join Type": "Inner",
                "Startup Cost": 92884.59,
                "Total Cost": 144614.86,
                "Plan Rows": 2609129,
                "Plan Width": 8,
                "Actual Startup Time": 851.368,
                "Actual Total Time": 1892.963,
                "Actual Rows": 2609129,
                "Actual Loops": 1,
                "Inner Unique": true,
                "Hash Cond": "(mc.movie_id = t.id)",
                "Plans": [
                  {
                    "Node Type": "Seq Scan",
                    "Parent Relationship": "Outer",
                    "Parallel Aware": false,
                    "Relation Name": "movie_companies",
                    "Alias": "mc",
                    "Startup Cost": 0.0,
                    "Total Cost": 44881.29,
                    "Plan Rows": 2609129,
                    "Plan Width": 4,
                    "Actual Startup Time": 0.016,
                    "Actual Total Time": 194.16,
                    "Actual Rows": 2609129,
                    "Actual Loops": 1
                  },
                  {
                    "Node Type": "Hash",
                    "Parent Relationship": "Inner",
                    "Parallel Aware": false,
                    "Startup Cost": 61280.93,
                    "Total Cost": 61280.93,
                    "Plan Rows": 2528293,
                    "Plan Width": 4,
                    "Actual Startup Time": 834.994,
                    "Actual Total Time": 834.996,
                    "Actual Rows": 2528312,
                    "Actual Loops": 1,
                    "Hash Buckets": 4194304,
                    "Original Hash Buckets": 4194304,
                    "Hash Batches": 1,
                    "Original Hash Batches": 1,
                    "Peak Memory Usage": 121654,
                    "Plans": [
                      {
                        "Node Type": "Seq Scan",
                        "Parent Relationship": "Outer",
                        "Parallel Aware": false,
                        "Relation Name": "title",
                        "Alias": "t",
                        "Startup Cost": 0.0,
                        "Total Cost": 61280.93,
                        "Plan Rows": 2528293,
                        "Plan Width": 4,
                        "Actual Startup Time": 0.013,
                        "Actual Total Time": 263.42,
                        "Actual Rows": 2528312,
                        "Actual Loops": 1
                      }
                    ]
                  }
                ]
              }
            ]
          }
        ]
      }
    ]
  },
  "Planning Time": 1.065,
  "Triggers": [],
  "Execution Time": 2496.886
}