{
  "Plan": {
    "Node Type": "Aggregate",
    "Strategy": "Plain",
    "Partial Mode": "Finalize",
    "Parallel Aware": false,
    "Startup Cost": 514082.86,
    "Total Cost": 514082.87,
    "Plan Rows": 1,
    "Plan Width": 8,
    "Actual Startup Time": 3178.579,
    "Actual Total Time": 3234.252,
    "Actual Rows": 1,
    "Actual Loops": 1,
    "Plans": [
      {
        "Node Type": "Gather",
        "Parent Relationship": "Outer",
        "Parallel Aware": false,
        "Startup Cost": 514082.75,
        "Total Cost": 514082.86,
        "Plan Rows": 1,
        "Plan Width": 8,
        "Actual Startup Time": 3169.719,
        "Actual Total Time": 3234.241,
        "Actual Rows": 2,
        "Actual Loops": 1,
        "Workers Planned": 1,
        "Workers Launched": 1,
        "Single Copy": false,
        "Plans": [
          {
            "Node Type": "Aggregate",
            "Strategy": "Plain",
            "Partial Mode": "Partial",
            "Parent Relationship": "Outer",
            "Parallel Aware": false,
            "Startup Cost": 513082.75,
            "Total Cost": 513082.76,
            "Plan Rows": 1,
            "Plan Width": 8,
            "Actual Startup Time": 3152.283,
            "Actual Total Time": 3153.528,
            "Actual Rows": 1,
            "Actual Loops": 2,
            "Plans": [
              {
                "Node Type": "Hash Join",
                "Parent Relationship": "Outer",
                "Parallel Aware": true,
                "Join Type": "Inner",
                "Startup Cost": 394083.09,
                "Total Cost": 497782.09,
                "Plan Rows": 6120264,
                "Plan Width": 0,
                "Actual Startup Time": 2507.769,
                "Actual Total Time": 3042.275,
                "Actual Rows": 2762766,
                "Actual Loops": 2,
                "Inner Unique": false,
                "Hash Cond": "(mk.movie_id = t.id)",
                "Plans": [
                  {
                    "Node Type": "Seq Scan",
                    "Parent Relationship": "Outer",
                    "Parallel Aware": true,
                    "Relation Name": "movie_keyword",
                    "Alias": "mk",
                    "Startup Cost": 0.0,
                    "Total Cost": 51065.35,
                    "Plan Rows": 2661135,
                    "Plan Width": 4,
                    "Actual Startup Time": 0.025,
                    "Actual Total Time": 154.087,
                    "Actual Rows": 2261965,
                    "Actual Loops": 2
                  },
                  {
                    "Node Type": "Hash",
                    "Parent Relationship": "Inner",
                    "Parallel Aware": true,
                    "Startup Cost": 351327.62,
                    "Total Cost": 351327.62,
                    "Plan Rows": 3420438,
                    "Plan Width": 8,
                    "Actual Startup Time": 2475.037,
                    "Actual Total Time": 2476.281,
                    "Actual Rows": 1019230,
                    "Actual Loops": 2,
                    "Hash Buckets": 8388608,
                    "Original Hash Buckets": 8388608,
                    "Hash Batches": 1,
                    "Original Hash Batches": 1,
                    "Peak Memory Usage": 145312,
                    "Plans": [
                      {
                        "Node Type": "Hash Join",
                        "Parent Relationship": "Outer",
                        "Parallel Aware": true,
                        "Join Type": "Inner",
                        "Startup Cost": 65984.91,
                        "Total Cost": 351327.62,
                        "Plan Rows": 3420438,
                        "Plan Width": 8,
                        "Actual Startup Time": 344.961,
                        "Actual Total Time": 2159.757,
                        "Actual Rows": 1019230,
                        "Actual Loops": 2,
                        "Inner Unique": true,
                        "Hash Cond": "(mi.movie_id = t.id)",
                        "Plans": [
                          {
                            "Node Type": "Seq Scan",
                            "Parent Relationship": "Outer",
                            "Parallel Aware": true,
                            "Relation Name": "movie_info",
                            "Alias": "mi",
                            "Startup Cost": 0.0,
                            "Total Cost": 270696.42,
                            "Plan Rows": 5579529,
                            "Plan Width": 4,
                            "Actual Startup Time": 0.01,
                            "Actual Total Time": 735.026,
                            "Actual Rows": 4782576,
                            "Actual Loops": 2,
                            "Filter": "(info_type_id < 16)",
                            "Rows Removed by Filter": 2635284
                          },
                          {
                            "Node Type": "Hash",
                            "Parent Relationship": "Inner",
                            "Parallel Aware": true,
                            "Startup Cost": 54588.39,
                            "Total Cost": 54588.39,
                            "Plan Rows": 911722,
                            "Plan Width": 4,
                            "Actual Startup Time": 339.377,
                            "Actual Total Time": 339.378,
                            "Actual Rows": 777932,
                            "Actual Loops": 2,
                            "Hash Buckets": 2097152,
                            "Original Hash Buckets": 2097152,
                            "Hash Batches": 1,
                            "Original Hash Batches": 1,
                            "Peak Memory Usage": 77280,
                            "Plans": [
                              {
                                "Node Type": "Seq Scan",
                                "Parent Relationship": "Outer",
                                "Parallel Aware": true,
                                "Relation Name": "title",
                                "Alias": "t",
                                "Startup Cost": 0.0,
                                "Total Cost": 54588.39,
                                "Plan Rows": 911722,
                                "Plan Width": 4,
                                "Actual Startup Time": 0.031,
                                "Actual Total Time": 156.062,
                                "Actual Rows": 777932,
                                "Actual Loops": 2,
                                "Filter": "(kind_id > 4)",
                                "Rows Removed by Filter": 486224
                              }
                            ]
                          }
                        ]
                      }
                    ]
                  }
                ]
              }
            ]
          }
        ]
      }
    ]
  },
  "Planning Time": 1.097,
  "Triggers": [],
  "Execution Time": 3234.336
}