{
  "Plan": {
    "Node Type": "Aggregate",
    "Strategy": "Plain",
    "Partial Mode": "Finalize",
    "Parallel Aware": false,
    "Startup Cost": 309696.95,
    "Total Cost": 309696.96,
    "Plan Rows": 1,
    "Plan Width": 8,
    "Actual Startup Time": 1493.331,
    "Actual Total Time": 1521.804,
    "Actual Rows": 1,
    "Actual Loops": 1,
    "Plans": [
      {
        "Node Type": "Gather",
        "Parent Relationship": "Outer",
        "Parallel Aware": false,
        "Startup Cost": 309696.83,
        "Total Cost": 309696.94,
        "Plan Rows": 1,
        "Plan Width": 8,
        "Actual Startup Time": 1490.929,
        "Actual Total Time": 1521.796,
        "Actual Rows": 2,
        "Actual Loops": 1,
        "Workers Planned": 1,
        "Workers Launched": 1,
        "Single Copy": false,
        "Plans": [
          {
            "Node Type": "Aggregate",
            "Strategy": "Plain",
            "Partial Mode": "Partial",
            "Parent Relationship": "Outer",
            "Parallel Aware": false,
            "Startup Cost": 308696.83,
            "Total Cost": 308696.84,
            "Plan Rows": 1,
            "Plan Width": 8,
            "Actual Startup Time": 1484.494,
            "Actual Total Time": 1484.496,
            "Actual Rows": 1,
            "Actual Loops": 2,
            "Plans": [
              {
                "Node Type": "Merge Join",
                "Parent Relationship": "Outer",
                "Parallel Aware": false,
                "Join Type": "Inner",
                "Startup Cost": 79376.98,
                "Total Cost": 308516.74,
                "Plan Rows": 72039,
                "Plan Width": 0,
                "Actual Startup Time": 450.088,
                "Actual Total Time": 1437.702,
                "Actual Rows": 1118854,
                "Actual Loops": 2,
                "Inner Unique": false,
                "Merge Cond": "(t.id = mi_idx.movie_id)",
                "Plans": [
                  {
                    "Node Type": "Merge Join",
                    "Parent Relationship": "Outer",
                    "Parallel Aware": false,
                    "Join Type": "Inner",
                    "Startup Cost": 79372.66,
                    "Total Cost": 250570.24,
                    "Plan Rows": 131979,
                    "Plan Width": 8,
                    "Actual Startup Time": 309.112,
                    "Actual Total Time": 756.725,
                    "Actual Rows": 429258,
                    "Actual Loops": 2,
                    "Inner Unique": true,
                    "Merge Cond": "(mk.movie_id = t.id)",
                    "Plans": [
                      {
                        "Node Type": "Index Scan",
                        "Parent Relationship": "Outer",
                        "Parallel Aware": true,
                        "Scan Direction": "Forward",
                        "Index Name": "movie_id_movie_keyword",
                        "Relation Name": "movie_keyword",
                        "Alias": "mk",
                        "Startup Cost": 0.43,
                        "Total Cost": 165212.95,
                        "Plan Rows": 1384674,
                        "Plan Width": 4,
                        "Actual Startup Time": 0.083,
                        "Actual Total Time": 370.992,
                        "Actual Rows": 1176016,
                        "Actual Loops": 2,
                        "Filter": "(keyword_id < 5274)",
                        "Rows Removed by Filter": 1085947
                      },
                      {
                        "Node Type": "Sort",
                        "Parent Relationship": "Inner",
                        "Parallel Aware": false,
                        "Startup Cost": 79372.1,
                        "Total Cost": 79974.55,
                        "Plan Rows": 240983,
                        "Plan Width": 4,
                        "Actual Startup Time": 229.222,
                        "Actual Total Time": 277.494,
                        "Actual Rows": 358910,
                        "Actual Loops": 2,
                        "Sort Key": [
                          "t.id"
                        ],
                        "Sort Method": "quicksort",
                        "Sort Space Used": 29142,
                        "Sort Space Type": "Memory",
                        "Workers": [
                          {
                            "Worker Number": 0,
                            "Sort Method": "quicksort",
                            "Sort Space Used": 29142,
                            "Sort Space Type": "Memory"
                          }
                        ],
                        "Plans": [
                          {
                            "Node Type": "Bitmap Heap Scan",
                            "Parent Relationship": "Outer",
                            "Parallel Aware": false,
                            "Relation Name": "title",
                            "Alias": "t",
                            "Startup Cost": 11883.1,
                            "Total Cost": 57829.94,
                            "Plan Rows": 240983,
                            "Plan Width": 4,
                            "Actual Startup Time": 42.497,
                            "Actual Total Time": 140.405,
                            "Actual Rows": 359543,
                            "Actual Loops": 2,
                            "Recheck Cond": "(kind_id = 1)",
                            "Rows Removed by Index Recheck": 0,
                            "Filter": "(production_year < 1998)",
                            "Rows Removed by Filter": 303282,
                            "Exact Heap Blocks": 12863,
                            "Lossy Heap Blocks": 0,
                            "Plans": [
                              {
                                "Node Type": "Bitmap Index Scan",
                                "Parent Relationship": "Outer",
                                "Parallel Aware": false,
                                "Index Name": "kind_id_title",
                                "Startup Cost": 0.0,
                                "Total Cost": 11822.85,
                                "Plan Rows": 663256,
                                "Plan Width": 0,
                                "Actual Startup Time": 40.789,
                                "Actual Total Time": 40.789,
                                "Actual Rows": 662825,
                                "Actual Loops": 2,
                                "Index Cond": "(kind_id = 1)"
                              }
                            ]
                          }
                        ]
                      }
                    ]
                  },
                  {
                    "Node Type": "Index Only Scan",
                    "Parent Relationship": "Inner",
                    "Parallel Aware": false,
                    "Scan Direction": "Forward",
                    "Index Name": "movie_id_movie_info_idx",
                    "Relation Name": "movie_info_idx",
                    "Alias": "mi_idx",
                    "Startup Cost": 0.43,
                    "Total Cost": 53620.22,
                    "Plan Rows": 1380035,
                    "Plan Width": 4,
                    "Actual Startup Time": 0.054,
                    "Actual Total Time": 486.099,
                    "Actual Rows": 2389788,
                    "Actual Loops": 2,
                    "Heap Fetches": 4779575
                  }
                ]
              }
            ]
          }
        ]
      }
    ]
  },
  "Planning Time": 1.042,
  "Triggers": [],
  "Execution Time": 1526.002
}