[
    {
        "Bao": {
            "Bao prediction": 598.529,
            "Bao recommended hint": "(no hint)"
        }
    },
    {
        "Plan": {
            "Node Type": "Aggregate",
            "Strategy": "Plain",
            "Partial Mode": "Simple",
            "Parallel Aware": false,
            "Startup Cost": 21197.55,
            "Total Cost": 21197.56,
            "Plan Rows": 1,
            "Plan Width": 8,
            "Actual Startup Time": 41.776,
            "Actual Total Time": 41.778,
            "Actual Rows": 1,
            "Actual Loops": 1,
            "Output": [
                "count(*)"
            ],
            "Plans": [
                {
                    "Node Type": "Bitmap Heap Scan",
                    "Parent Relationship": "Outer",
                    "Parallel Aware": false,
                    "Relation Name": "movie_companies",
                    "Schema": "public",
                    "Alias": "mc",
                    "Startup Cost": 1373.2,
                    "Total Cost": 21116.54,
                    "Plan Rows": 32403,
                    "Plan Width": 0,
                    "Actual Startup Time": 12.158,
                    "Actual Total Time": 36.059,
                    "Actual Rows": 65449,
                    "Actual Loops": 1,
                    "Recheck Cond": "(mc.company_id > 179832)",
                    "Rows Removed by Index Recheck": 0,
                    "Filter": "(mc.company_type_id = 2)",
                    "Rows Removed by Filter": 0,
                    "Exact Heap Blocks": 2310,
                    "Lossy Heap Blocks": 0,
                    "Plans": [
                        {
                            "Node Type": "Bitmap Index Scan",
                            "Parent Relationship": "Outer",
                            "Parallel Aware": false,
                            "Index Name": "company_id_movie_companies",
                            "Startup Cost": 0.0,
                            "Total Cost": 1365.1,
                            "Plan Rows": 63556,
                            "Plan Width": 0,
                            "Actual Startup Time": 11.167,
                            "Actual Total Time": 11.168,
                            "Actual Rows": 65449,
                            "Actual Loops": 1,
                            "Index Cond": "(mc.company_id > 179832)"
                        }
                    ]
                }
            ]
        },
        "Planning Time": 889.181,
        "Triggers": [],
        "Execution Time": 41.907
    }
]