[
  {
    "Plan": {
      "Node Type": "Aggregate",
      "Strategy": "Plain",
      "Partial Mode": "Finalize",
      "Parallel Aware": false,
      "Startup Cost": 431483.91,
      "Total Cost": 431483.92,
      "Plan Rows": 1,
      "Plan Width": 8,
      "Actual Startup Time": 1079.128,
      "Actual Total Time": 1112.414,
      "Actual Rows": 1,
      "Actual Loops": 1,
      "Plans": [
        {
          "Node Type": "Gather",
          "Parent Relationship": "Outer",
          "Parallel Aware": false,
          "Startup Cost": 431483.28,
          "Total Cost": 431483.89,
          "Plan Rows": 6,
          "Plan Width": 8,
          "Actual Startup Time": 1054.233,
          "Actual Total Time": 1112.401,
          "Actual Rows": 7,
          "Actual Loops": 1,
          "Workers Planned": 6,
          "Workers Launched": 6,
          "Single Copy": false,
          "Plans": [
            {
              "Node Type": "Aggregate",
              "Strategy": "Plain",
              "Partial Mode": "Partial",
              "Parent Relationship": "Outer",
              "Parallel Aware": false,
              "Startup Cost": 430483.28,
              "Total Cost": 430483.29,
              "Plan Rows": 1,
              "Plan Width": 8,
              "Actual Startup Time": 1041.775,
              "Actual Total Time": 1041.874,
              "Actual Rows": 1,
              "Actual Loops": 7,
              "Plans": [
                {
                  "Node Type": "Hash Join",
                  "Parent Relationship": "Outer",
                  "Parallel Aware": true,
                  "Join Type": "Inner",
                  "Startup Cost": 93273.47,
                  "Total Cost": 430249.1,
                  "Plan Rows": 93674,
                  "Plan Width": 0,
                  "Actual Startup Time": 455.188,
                  "Actual Total Time": 1018.747,
                  "Actual Rows": 505965,
                  "Actual Loops": 7,
                  "Inner Unique": false,
                  "Hash Cond": "(ci.movie_id = t.id)",
                  "Plans": [
                    {
                      "Node Type": "Index Scan",
                      "Parent Relationship": "Outer",
                      "Parallel Aware": true,
                      "Scan Direction": "Forward",
                      "Index Name": "role_id_cast_info",
                      "Relation Name": "cast_info",
                      "Alias": "ci",
                      "Startup Cost": 0.56,
                      "Total Cost": 335235.55,
                      "Plan Rows": 383593,
                      "Plan Width": 4,
                      "Actual Startup Time": 0.546,
                      "Actual Total Time": 373.903,
                      "Actual Rows": 708157,
                      "Actual Loops": 7,
                      "Index Cond": "(role_id = 1)",
                      "Rows Removed by Index Recheck": 0,
                      "Filter": "(person_id < 664969)",
                      "Rows Removed by Filter": 1101941
                    },
                    {
                      "Node Type": "Hash",
                      "Parent Relationship": "Inner",
                      "Parallel Aware": true,
                      "Startup Cost": 90783.36,
                      "Total Cost": 90783.36,
                      "Plan Rows": 199164,
                      "Plan Width": 8,
                      "Actual Startup Time": 451.259,
                      "Actual Total Time": 451.356,
                      "Actual Rows": 89423,
                      "Actual Loops": 7,
                      "Hash Buckets": 1048576,
                      "Original Hash Buckets": 1048576,
                      "Hash Batches": 1,
                      "Original Hash Batches": 1,
                      "Peak Memory Usage": 32768,
                      "Plans": [
                        {
                          "Node Type": "Hash Join",
                          "Parent Relationship": "Outer",
                          "Parallel Aware": true,
                          "Join Type": "Inner",
                          "Startup Cost": 63317.0,
                          "Total Cost": 90783.36,
                          "Plan Rows": 199164,
                          "Plan Width": 8,
                          "Actual Startup Time": 304.841,
                          "Actual Total Time": 402.069,
                          "Actual Rows": 89423,
                          "Actual Loops": 7,
                          "Inner Unique": true,
                          "Hash Cond": "(mk.movie_id = t.id)",
                          "Plans": [
                            {
                              "Node Type": "Bitmap Heap Scan",
                              "Parent Relationship": "Outer",
                              "Parallel Aware": true,
                              "Relation Name": "movie_keyword",
                              "Alias": "mk",
                              "Startup Cost": 13097.35,
                              "Total Cost": 40040.9,
                              "Plan Rows": 199164,
                              "Plan Width": 4,
                              "Actual Startup Time": 37.069,
                              "Actual Total Time": 89.385,
                              "Actual Rows": 89423,
                              "Actual Loops": 7,
                              "Recheck Cond": "(keyword_id < 486)",
                              "Rows Removed by Index Recheck": 0,
                              "Exact Heap Blocks": 4290,
                              "Lossy Heap Blocks": 0,
                              "Plans": [
                                {
                                  "Node Type": "Bitmap Index Scan",
                                  "Parent Relationship": "Outer",
                                  "Parallel Aware": false,
                                  "Index Name": "keyword_id_movie_keyword",
                                  "Startup Cost": 0.0,
                                  "Total Cost": 12943.0,
                                  "Plan Rows": 617409,
                                  "Plan Width": 0,
                                  "Actual Startup Time": 33.352,
                                  "Actual Total Time": 33.352,
                                  "Actual Rows": 625964,
                                  "Actual Loops": 1,
                                  "Index Cond": "(keyword_id < 486)"
                                }
                              ]
                            },
                            {
                              "Node Type": "Hash",
                              "Parent Relationship": "Inner",
                              "Parallel Aware": true,
                              "Startup Cost": 42318.73,
                              "Total Cost": 42318.73,
                              "Plan Rows": 632073,
                              "Plan Width": 4,
                              "Actual Startup Time": 262.977,
                              "Actual Total Time": 262.978,
                              "Actual Rows": 361187,
                              "Actual Loops": 7,
                              "Hash Buckets": 4194304,
                              "Original Hash Buckets": 4194304,
                              "Hash Batches": 1,
                              "Original Hash Batches": 1,
                              "Peak Memory Usage": 131776,
                              "Plans": [
                                {
                                  "Node Type": "Seq Scan",
                                  "Parent Relationship": "Outer",
                                  "Parallel Aware": true,
                                  "Relation Name": "title",
                                  "Alias": "t",
                                  "Startup Cost": 0.0,
                                  "Total Cost": 42318.73,
                                  "Plan Rows": 632073,
                                  "Plan Width": 4,
                                  "Actual Startup Time": 0.045,
                                  "Actual Total Time": 73.721,
                                  "Actual Rows": 361187,
                                  "Actual Loops": 7
                                }
                              ]
                            }
                          ]
                        }
                      ]
                    }
                  ]
                }
              ]
            }
          ]
        }
      ]
    },
    "Planning Time": 1.282,
    "Triggers": [],
    "Execution Time": 1112.523
  }
]