[
  {
    "Plan": {
      "Node Type": "Aggregate",
      "Strategy": "Plain",
      "Partial Mode": "Finalize",
      "Parallel Aware": false,
      "Startup Cost": 331806.1,
      "Total Cost": 331806.11,
      "Plan Rows": 1,
      "Plan Width": 8,
      "Actual Startup Time": 557.022,
      "Actual Total Time": 608.901,
      "Actual Rows": 1,
      "Actual Loops": 1,
      "Plans": [
        {
          "Node Type": "Gather",
          "Parent Relationship": "Outer",
          "Parallel Aware": false,
          "Startup Cost": 331805.47,
          "Total Cost": 331806.08,
          "Plan Rows": 6,
          "Plan Width": 8,
          "Actual Startup Time": 556.892,
          "Actual Total Time": 608.891,
          "Actual Rows": 7,
          "Actual Loops": 1,
          "Workers Planned": 6,
          "Workers Launched": 6,
          "Single Copy": false,
          "Plans": [
            {
              "Node Type": "Aggregate",
              "Strategy": "Plain",
              "Partial Mode": "Partial",
              "Parent Relationship": "Outer",
              "Parallel Aware": false,
              "Startup Cost": 330805.47,
              "Total Cost": 330805.48,
              "Plan Rows": 1,
              "Plan Width": 8,
              "Actual Startup Time": 548.954,
              "Actual Total Time": 548.955,
              "Actual Rows": 1,
              "Actual Loops": 7,
              "Plans": [
                {
                  "Node Type": "Seq Scan",
                  "Parent Relationship": "Outer",
                  "Parallel Aware": true,
                  "Relation Name": "cast_info",
                  "Alias": "ci",
                  "Startup Cost": 0.0,
                  "Total Cost": 328162.03,
                  "Plan Rows": 1057379,
                  "Plan Width": 0,
                  "Actual Startup Time": 328.375,
                  "Actual Total Time": 514.711,
                  "Actual Rows": 882628,
                  "Actual Loops": 7,
                  "Filter": "(person_id > 3032883)",
                  "Rows Removed by Filter": 4295135
                }
              ]
            }
          ]
        }
      ]
    },
    "Planning Time": 0.196,
    "Triggers": [],
    "Execution Time": 609.075
  }
]