[
  {
    "Bao": {
      "Bao prediction": 848.01,
      "Bao recommended hint": "SET enable_nestloop TO off; "
    }
  },
  {
    "Plan": {
      "Node Type": "Aggregate",
      "Strategy": "Plain",
      "Partial Mode": "Simple",
      "Parallel Aware": false,
      "Startup Cost": 106906.92,
      "Total Cost": 106906.93,
      "Plan Rows": 1,
      "Plan Width": 64,
      "Actual Startup Time": 525.194,
      "Actual Total Time": 549.625,
      "Actual Rows": 1,
      "Actual Loops": 1,
      "Plans": [
        {
          "Node Type": "Gather",
          "Parent Relationship": "Outer",
          "Parallel Aware": false,
          "Startup Cost": 62563.1,
          "Total Cost": 106906.92,
          "Plan Rows": 1,
          "Plan Width": 22,
          "Actual Startup Time": 406.95,
          "Actual Total Time": 549.242,
          "Actual Rows": 1907,
          "Actual Loops": 1,
          "Workers Planned": 4,
          "Workers Launched": 4,
          "Single Copy": false,
          "Plans": [
            {
              "Node Type": "Hash Join",
              "Parent Relationship": "Outer",
              "Parallel Aware": true,
              "Join Type": "Inner",
              "Startup Cost": 61563.1,
              "Total Cost": 105906.82,
              "Plan Rows": 1,
              "Plan Width": 22,
              "Actual Startup Time": 416.62,
              "Actual Total Time": 514.092,
              "Actual Rows": 381,
              "Actual Loops": 5,
              "Inner Unique": false,
              "Hash Cond": "(t.id = mi_idx.movie_id)",
              "Plans": [
                {
                  "Node Type": "Seq Scan",
                  "Parent Relationship": "Outer",
                  "Parallel Aware": true,
                  "Relation Name": "title",
                  "Alias": "t",
                  "Startup Cost": 0.0,
                  "Total Cost": 43898.97,
                  "Plan Rows": 118596,
                  "Plan Width": 21,
                  "Actual Startup Time": 0.039,
                  "Actual Total Time": 103.33,
                  "Actual Rows": 95920,
                  "Actual Loops": 5,
                  "Filter": "(production_year < 1978)",
                  "Rows Removed by Filter": 409742
                },
                {
                  "Node Type": "Hash",
                  "Parent Relationship": "Inner",
                  "Parallel Aware": true,
                  "Startup Cost": 61563.06,
                  "Total Cost": 61563.06,
                  "Plan Rows": 3,
                  "Plan Width": 13,
                  "Actual Startup Time": 393.195,
                  "Actual Total Time": 393.207,
                  "Actual Rows": 1618,
                  "Actual Loops": 5,
                  "Hash Buckets": 8192,
                  "Original Hash Buckets": 1024,
                  "Hash Batches": 1,
                  "Original Hash Batches": 1,
                  "Peak Memory Usage": 600,
                  "Plans": [
                    {
                      "Node Type": "Hash Join",
                      "Parent Relationship": "Outer",
                      "Parallel Aware": true,
                      "Join Type": "Inner",
                      "Startup Cost": 45508.67,
                      "Total Cost": 61563.06,
                      "Plan Rows": 3,
                      "Plan Width": 13,
                      "Actual Startup Time": 262.352,
                      "Actual Total Time": 348.395,
                      "Actual Rows": 1618,
                      "Actual Loops": 5,
                      "Inner Unique": false,
                      "Hash Cond": "(mi_idx.movie_id = mk.movie_id)",
                      "Plans": [
                        {
                          "Node Type": "Hash Join",
                          "Parent Relationship": "Outer",
                          "Parallel Aware": false,
                          "Join Type": "Inner",
                          "Startup Cost": 2.43,
                          "Total Cost": 16045.59,
                          "Plan Rows": 2991,
                          "Plan Width": 9,
                          "Actual Startup Time": 0.165,
                          "Actual Total Time": 73.936,
                          "Actual Rows": 89794,
                          "Actual Loops": 5,
                          "Inner Unique": true,
                          "Hash Cond": "(mi_idx.info_type_id = it.id)",
                          "Plans": [
                            {
                              "Node Type": "Seq Scan",
                              "Parent Relationship": "Outer",
                              "Parallel Aware": true,
                              "Relation Name": "movie_info_idx",
                              "Alias": "mi_idx",
                              "Startup Cost": 0.0,
                              "Total Cost": 15122.68,
                              "Plan Rows": 337985,
                              "Plan Width": 13,
                              "Actual Startup Time": 0.039,
                              "Actual Total Time": 49.595,
                              "Actual Rows": 161273,
                              "Actual Loops": 5,
                              "Filter": "(info > '2.0'::text)",
                              "Rows Removed by Filter": 114734
                            },
                            {
                              "Node Type": "Hash",
                              "Parent Relationship": "Inner",
                              "Parallel Aware": false,
                              "Startup Cost": 2.41,
                              "Total Cost": 2.41,
                              "Plan Rows": 1,
                              "Plan Width": 4,
                              "Actual Startup Time": 0.065,
                              "Actual Total Time": 0.066,
                              "Actual Rows": 1,
                              "Actual Loops": 5,
                              "Hash Buckets": 1024,
                              "Original Hash Buckets": 1024,
                              "Hash Batches": 1,
                              "Original Hash Batches": 1,
                              "Peak Memory Usage": 9,
                              "Plans": [
                                {
                                  "Node Type": "Seq Scan",
                                  "Parent Relationship": "Outer",
                                  "Parallel Aware": false,
                                  "Relation Name": "info_type",
                                  "Alias": "it",
                                  "Startup Cost": 0.0,
                                  "Total Cost": 2.41,
                                  "Plan Rows": 1,
                                  "Plan Width": 4,
                                  "Actual Startup Time": 0.05,
                                  "Actual Total Time": 0.053,
                                  "Actual Rows": 1,
                                  "Actual Loops": 5,
                                  "Filter": "((info)::text = 'rating'::text)",
                                  "Rows Removed by Filter": 112
                                }
                              ]
                            }
                          ]
                        },
                        {
                          "Node Type": "Hash",
                          "Parent Relationship": "Inner",
                          "Parallel Aware": true,
                          "Startup Cost": 45504.48,
                          "Total Cost": 45504.48,
                          "Plan Rows": 141,
                          "Plan Width": 4,
                          "Actual Startup Time": 260.764,
                          "Actual Total Time": 260.767,
                          "Actual Rows": 2590,
                          "Actual Loops": 5,
                          "Hash Buckets": 16384,
                          "Original Hash Buckets": 1024,
                          "Hash Batches": 1,
                          "Original Hash Batches": 1,
                          "Peak Memory Usage": 888,
                          "Plans": [
                            {
                              "Node Type": "Hash Join",
                              "Parent Relationship": "Outer",
                              "Parallel Aware": false,
                              "Join Type": "Inner",
                              "Startup Cost": 2626.29,
                              "Total Cost": 45504.48,
                              "Plan Rows": 141,
                              "Plan Width": 4,
                              "Actual Startup Time": 34.578,
                              "Actual Total Time": 212.82,
                              "Actual Rows": 2590,
                              "Actual Loops": 5,
                              "Inner Unique": true,
                              "Hash Cond": "(mk.keyword_id = k.id)",
                              "Plans": [
                                {
                                  "Node Type": "Seq Scan",
                                  "Parent Relationship": "Outer",
                                  "Parallel Aware": true,
                                  "Relation Name": "movie_keyword",
                                  "Alias": "mk",
                                  "Startup Cost": 0.0,
                                  "Total Cost": 39047.32,
                                  "Plan Rows": 1459332,
                                  "Plan Width": 8,
                                  "Actual Startup Time": 0.047,
                                  "Actual Total Time": 99.998,
                                  "Actual Rows": 904786,
                                  "Actual Loops": 5
                                },
                                {
                                  "Node Type": "Hash",
                                  "Parent Relationship": "Inner",
                                  "Parallel Aware": false,
                                  "Startup Cost": 2626.12,
                                  "Total Cost": 2626.12,
                                  "Plan Rows": 13,
                                  "Plan Width": 4,
                                  "Actual Startup Time": 34.042,
                                  "Actual Total Time": 34.043,
                                  "Actual Rows": 30,
                                  "Actual Loops": 5,
                                  "Hash Buckets": 1024,
                                  "Original Hash Buckets": 1024,
                                  "Hash Batches": 1,
                                  "Original Hash Batches": 1,
                                  "Peak Memory Usage": 10,
                                  "Plans": [
                                    {
                                      "Node Type": "Seq Scan",
                                      "Parent Relationship": "Outer",
                                      "Parallel Aware": false,
                                      "Relation Name": "keyword",
                                      "Alias": "k",
                                      "Startup Cost": 0.0,
                                      "Total Cost": 2626.12,
                                      "Plan Rows": 13,
                                      "Plan Width": 4,
                                      "Actual Startup Time": 3.259,
                                      "Actual Total Time": 33.986,
                                      "Actual Rows": 30,
                                      "Actual Loops": 5,
                                      "Filter": "(keyword ~~ '%sequel%'::text)",
                                      "Rows Removed by Filter": 134140
                                    }
                                  ]
                                }
                              ]
                            }
                          ]
                        }
                      ]
                    }
                  ]
                }
              ]
            }
          ]
        }
      ]
    },
    "Planning Time": 271.732,
    "Triggers": [],
    "Execution Time": 549.905
  }
]