{
    "Plan": {
        "Node Type": "Aggregate",
        "Strategy": "Plain",
        "Partial Mode": "Simple",
        "Parallel Aware": false,
        "Startup Cost": 20000543137.54,
        "Total Cost": 20000543137.55,
        "Plan Rows": 1,
        "Plan Width": 8,
        "Actual Startup Time": 5938.863,
        "Actual Total Time": 5938.866,
        "Actual Rows": 1,
        "Actual Loops": 1,
        "Output": [
            "count(*)"
        ],
        "Plans": [
            {
                "Node Type": "Nested Loop",
                "Parent Relationship": "Outer",
                "Parallel Aware": false,
                "Join Type": "Inner",
                "Startup Cost": 20000143347.07,
                "Total Cost": 20000541098.79,
                "Plan Rows": 815498,
                "Plan Width": 0,
                "Actual Startup Time": 1961.993,
                "Actual Total Time": 5803.732,
                "Actual Rows": 3011971,
                "Actual Loops": 1,
                "Inner Unique": false,
                "Join Filter": "(t.id = ci.movie_id)",
                "Rows Removed by Join Filter": 0,
                "Plans": [
                    {
                        "Node Type": "Hash Join",
                        "Parent Relationship": "Outer",
                        "Parallel Aware": false,
                        "Join Type": "Inner",
                        "Startup Cost": 10000143345.77,
                        "Total Cost": 10000185745.91,
                        "Plan Rows": 56874,
                        "Plan Width": 8,
                        "Actual Startup Time": 1961.885,
                        "Actual Total Time": 2337.719,
                        "Actual Rows": 52694,
                        "Actual Loops": 1,
                        "Output": [
                            "t.id",
                            "mk.movie_id"
                        ],
                        "Inner Unique": true,
                        "Hash Cond": "(mk.movie_id = t.id)",
                        "Plans": [
                            {
                                "Node Type": "Bitmap Heap Scan",
                                "Parent Relationship": "Outer",
                                "Parallel Aware": false,
                                "Relation Name": "movie_keyword",
                                "Schema": "public",
                                "Alias": "mk",
                                "Startup Cost": 25167.98,
                                "Total Cost": 64453.5,
                                "Plan Rows": 1186522,
                                "Plan Width": 4,
                                "Actual Startup Time": 122.851,
                                "Actual Total Time": 336.857,
                                "Actual Rows": 1154246,
                                "Actual Loops": 1,
                                "Output": [
                                    "mk.id",
                                    "mk.movie_id",
                                    "mk.keyword_id"
                                ],
                                "Recheck Cond": "(mk.keyword_id > 16151)",
                                "Rows Removed by Index Recheck": 0,
                                "Exact Heap Blocks": 24071,
                                "Lossy Heap Blocks": 0,
                                "Plans": [
                                    {
                                        "Node Type": "Bitmap Index Scan",
                                        "Parent Relationship": "Outer",
                                        "Parallel Aware": false,
                                        "Index Name": "keyword_id_movie_keyword",
                                        "Startup Cost": 0.0,
                                        "Total Cost": 24871.35,
                                        "Plan Rows": 1186522,
                                        "Plan Width": 0,
                                        "Actual Startup Time": 118.021,
                                        "Actual Total Time": 118.021,
                                        "Actual Rows": 1154246,
                                        "Actual Loops": 1,
                                        "Index Cond": "(mk.keyword_id > 16151)"
                                    }
                                ]
                            },
                            {
                                "Node Type": "Hash",
                                "Parent Relationship": "Inner",
                                "Parallel Aware": false,
                                "Startup Cost": 10000116662.9,
                                "Total Cost": 10000116662.9,
                                "Plan Rows": 121191,
                                "Plan Width": 4,
                                "Actual Startup Time": 1838.25,
                                "Actual Total Time": 1838.25,
                                "Actual Rows": 122861,
                                "Actual Loops": 1,
                                "Output": [
                                    "t.id"
                                ],
                                "Hash Buckets": 131072,
                                "Original Hash Buckets": 131072,
                                "Hash Batches": 1,
                                "Original Hash Batches": 1,
                                "Peak Memory Usage": 5344,
                                "Plans": [
                                    {
                                        "Node Type": "Index Scan",
                                        "Parent Relationship": "Outer",
                                        "Parallel Aware": false,
                                        "Scan Direction": "Forward",
                                        "Index Name": "title_pkey",
                                        "Relation Name": "title",
                                        "Schema": "public",
                                        "Alias": "t",
                                        "Startup Cost": 10000000000.43,
                                        "Total Cost": 10000116662.9,
                                        "Plan Rows": 121191,
                                        "Plan Width": 4,
                                        "Actual Startup Time": 3.556,
                                        "Actual Total Time": 1793.721,
                                        "Actual Rows": 122861,
                                        "Actual Loops": 1,
                                        "Output": [
                                            "t.id"
                                        ],
                                        "Filter": "(t.production_year = 2008)",
                                        "Rows Removed by Filter": 2405451
                                    }
                                ]
                            }
                        ]
                    },
                    {
                        "Node Type": "Bitmap Heap Scan",
                        "Parent Relationship": "Inner",
                        "Parallel Aware": false,
                        "Relation Name": "cast_info",
                        "Schema": "public",
                        "Alias": "ci",
                        "Startup Cost": 1.3,
                        "Total Cost": 5.77,
                        "Plan Rows": 38,
                        "Plan Width": 4,
                        "Actual Startup Time": 0.012,
                        "Actual Total Time": 0.058,
                        "Actual Rows": 57,
                        "Actual Loops": 52694,
                        "Output": [
                            "ci.id",
                            "ci.person_id",
                            "ci.movie_id",
                            "ci.person_role_id",
                            "ci.note",
                            "ci.nr_order",
                            "ci.role_id"
                        ],
                        "Recheck Cond": "(ci.movie_id = mk.movie_id)",
                        "Rows Removed by Index Recheck": 0,
                        "Exact Heap Blocks": 2916978,
                        "Lossy Heap Blocks": 0,
                        "Plans": [
                            {
                                "Node Type": "Bitmap Index Scan",
                                "Parent Relationship": "Outer",
                                "Parallel Aware": false,
                                "Index Name": "movie_id_cast_info",
                                "Startup Cost": 0.0,
                                "Total Cost": 1.29,
                                "Plan Rows": 38,
                                "Plan Width": 0,
                                "Actual Startup Time": 0.008,
                                "Actual Total Time": 0.008,
                                "Actual Rows": 57,
                                "Actual Loops": 52694,
                                "Index Cond": "(ci.movie_id = mk.movie_id)"
                            }
                        ]
                    }
                ]
            }
        ]
    },
    "Planning Time": 3.784,
    "Triggers": [],
    "Execution Time": 5939.472
}