[
  {
    "Plan": {
      "Node Type": "Aggregate",
      "Strategy": "Plain",
      "Partial Mode": "Finalize",
      "Parallel Aware": false,
      "Startup Cost": 348500.4,
      "Total Cost": 348500.41,
      "Plan Rows": 1,
      "Plan Width": 8,
      "Actual Startup Time": 769.323,
      "Actual Total Time": 835.975,
      "Actual Rows": 1,
      "Actual Loops": 1,
      "Plans": [
        {
          "Node Type": "Gather",
          "Parent Relationship": "Outer",
          "Parallel Aware": false,
          "Startup Cost": 348499.78,
          "Total Cost": 348500.39,
          "Plan Rows": 6,
          "Plan Width": 8,
          "Actual Startup Time": 769.167,
          "Actual Total Time": 835.963,
          "Actual Rows": 7,
          "Actual Loops": 1,
          "Workers Planned": 6,
          "Workers Launched": 6,
          "Single Copy": false,
          "Plans": [
            {
              "Node Type": "Aggregate",
              "Strategy": "Plain",
              "Partial Mode": "Partial",
              "Parent Relationship": "Outer",
              "Parallel Aware": false,
              "Startup Cost": 347499.78,
              "Total Cost": 347499.79,
              "Plan Rows": 1,
              "Plan Width": 8,
              "Actual Startup Time": 758.603,
              "Actual Total Time": 758.604,
              "Actual Rows": 1,
              "Actual Loops": 7,
              "Plans": [
                {
                  "Node Type": "Seq Scan",
                  "Parent Relationship": "Outer",
                  "Parallel Aware": true,
                  "Relation Name": "cast_info",
                  "Alias": "ci",
                  "Startup Cost": 0.0,
                  "Total Cost": 343316.27,
                  "Plan Rows": 1673403,
                  "Plan Width": 0,
                  "Actual Startup Time": 349.833,
                  "Actual Total Time": 706.531,
                  "Actual Rows": 1111631,
                  "Actual Loops": 7,
                  "Filter": "((person_id > 2560746) AND (role_id < 10))",
                  "Rows Removed by Filter": 4066132
                }
              ]
            }
          ]
        }
      ]
    },
    "Planning Time": 0.231,
    "Triggers": [],
    "Execution Time": 836.05
  }
]