{
  "Plan": {
    "Node Type": "Aggregate",
    "Strategy": "Plain",
    "Partial Mode": "Finalize",
    "Parallel Aware": false,
    "Startup Cost": 1338922.86,
    "Total Cost": 1338922.87,
    "Plan Rows": 1,
    "Plan Width": 8,
    "Actual Startup Time": 9195.273,
    "Actual Total Time": 9202.158,
    "Actual Rows": 1,
    "Actual Loops": 1,
    "Plans": [
      {
        "Node Type": "Gather",
        "Parent Relationship": "Outer",
        "Parallel Aware": false,
        "Startup Cost": 1338922.74,
        "Total Cost": 1338922.85,
        "Plan Rows": 1,
        "Plan Width": 8,
        "Actual Startup Time": 9195.263,
        "Actual Total Time": 9202.152,
        "Actual Rows": 2,
        "Actual Loops": 1,
        "Workers Planned": 1,
        "Workers Launched": 1,
        "Single Copy": false,
        "Plans": [
          {
            "Node Type": "Aggregate",
            "Strategy": "Plain",
            "Partial Mode": "Partial",
            "Parent Relationship": "Outer",
            "Parallel Aware": false,
            "Startup Cost": 1337922.74,
            "Total Cost": 1337922.75,
            "Plan Rows": 1,
            "Plan Width": 8,
            "Actual Startup Time": 8954.878,
            "Actual Total Time": 8954.885,
            "Actual Rows": 1,
            "Actual Loops": 2,
            "Plans": [
              {
                "Node Type": "Merge Join",
                "Parent Relationship": "Outer",
                "Parallel Aware": false,
                "Join Type": "Inner",
                "Startup Cost": 1266605.78,
                "Total Cost": 1329941.92,
                "Plan Rows": 3192331,
                "Plan Width": 0,
                "Actual Startup Time": 5897.654,
                "Actual Total Time": 8434.293,
                "Actual Rows": 12760582,
                "Actual Loops": 2,
                "Inner Unique": false,
                "Merge Cond": "(t.id = mc.movie_id)",
                "Plans": [
                  {
                    "Node Type": "Sort",
                    "Parent Relationship": "Outer",
                    "Parallel Aware": false,
                    "Startup Cost": 943654.47,
                    "Total Cost": 951388.03,
                    "Plan Rows": 3093426,
                    "Plan Width": 8,
                    "Actual Startup Time": 5145.603,
                    "Actual Total Time": 5707.854,
                    "Actual Rows": 3098208,
                    "Actual Loops": 2,
                    "Sort Key": [
                      "t.id"
                    ],
                    "Sort Method": "quicksort",
                    "Sort Space Used": 256045,
                    "Sort Space Type": "Memory",
                    "Workers": [
                      {
                        "Worker Number": 0,
                        "Sort Method": "quicksort",
                        "Sort Space Used": 231023,
                        "Sort Space Type": "Memory"
                      }
                    ],
                    "Plans": [
                      {
                        "Node Type": "Hash Join",
                        "Parent Relationship": "Outer",
                        "Parallel Aware": true,
                        "Join Type": "Inner",
                        "Startup Cost": 63844.83,
                        "Total Cost": 610171.17,
                        "Plan Rows": 3093426,
                        "Plan Width": 8,
                        "Actual Startup Time": 291.82,
                        "Actual Total Time": 4302.326,
                        "Actual Rows": 3098226,
                        "Actual Loops": 2,
                        "Inner Unique": true,
                        "Hash Cond": "(ci.movie_id = t.id)",
                        "Plans": [
                          {
                            "Node Type": "Seq Scan",
                            "Parent Relationship": "Outer",
                            "Parallel Aware": true,
                            "Relation Name": "cast_info",
                            "Alias": "ci",
                            "Startup Cost": 0.0,
                            "Total Cost": 519069.44,
                            "Plan Rows": 10383564,
                            "Plan Width": 4,
                            "Actual Startup Time": 0.016,
                            "Actual Total Time": 1503.392,
                            "Actual Rows": 8849854,
                            "Actual Loops": 2,
                            "Filter": "(person_id < 1752625)",
                            "Rows Removed by Filter": 9272318
                          },
                          {
                            "Node Type": "Hash",
                            "Parent Relationship": "Inner",
                            "Parallel Aware": true,
                            "Startup Cost": 58306.47,
                            "Total Cost": 58306.47,
                            "Plan Rows": 443069,
                            "Plan Width": 4,
                            "Actual Startup Time": 282.467,
                            "Actual Total Time": 282.468,
                            "Actual Rows": 396972,
                            "Actual Loops": 2,
                            "Hash Buckets": 1048576,
                            "Original Hash Buckets": 1048576,
                            "Hash Batches": 1,
                            "Original Hash Batches": 1,
                            "Peak Memory Usage": 39264,
                            "Plans": [
                              {
                                "Node Type": "Seq Scan",
                                "Parent Relationship": "Outer",
                                "Parallel Aware": true,
                                "Relation Name": "title",
                                "Alias": "t",
                                "Startup Cost": 0.0,
                                "Total Cost": 58306.47,
                                "Plan Rows": 443069,
                                "Plan Width": 4,
                                "Actual Startup Time": 0.038,
                                "Actual Total Time": 173.737,
                                "Actual Rows": 396972,
                                "Actual Loops": 2,
                                "Filter": "((kind_id < 7) AND (production_year < 2010))",
                                "Rows Removed by Filter": 867184
                              }
                            ]
                          }
                        ]
                      }
                    ]
                  },
                  {
                    "Node Type": "Sort",
                    "Parent Relationship": "Inner",
                    "Parallel Aware": false,
                    "Startup Cost": 322951.0,
                    "Total Cost": 329473.82,
                    "Plan Rows": 2609129,
                    "Plan Width": 4,
                    "Actual Startup Time": 752.013,
                    "Actual Total Time": 1262.181,
                    "Actual Rows": 14039264,
                    "Actual Loops": 2,
                    "Sort Key": [
                      "mc.movie_id"
                    ],
                    "Sort Method": "quicksort",
                    "Sort Space Used": 220607,
                    "Sort Space Type": "Memory",
                    "Workers": [
                      {
                        "Worker Number": 0,
                        "Sort Method": "quicksort",
                        "Sort Space Used": 220607,
                        "Sort Space Type": "Memory"
                      }
                    ],
                    "Plans": [
                      {
                        "Node Type": "Seq Scan",
                        "Parent Relationship": "Outer",
                        "Parallel Aware": false,
                        "Relation Name": "movie_companies",
                        "Alias": "mc",
                        "Startup Cost": 0.0,
                        "Total Cost": 44881.29,
                        "Plan Rows": 2609129,
                        "Plan Width": 4,
                        "Actual Startup Time": 0.032,
                        "Actual Total Time": 232.211,
                        "Actual Rows": 2609129,
                        "Actual Loops": 2
                      }
                    ]
                  }
                ]
              }
            ]
          }
        ]
      }
    ]
  },
  "Planning Time": 1.054,
  "Triggers": [],
  "Execution Time": 9223.762
}