[
  {
    "Plan": {
      "Node Type": "Aggregate",
      "Strategy": "Plain",
      "Partial Mode": "Finalize",
      "Parallel Aware": false,
      "Startup Cost": 381989.77,
      "Total Cost": 381989.78,
      "Plan Rows": 1,
      "Plan Width": 8,
      "Actual Startup Time": 2713.12,
      "Actual Total Time": 2758.04,
      "Actual Rows": 1,
      "Actual Loops": 1,
      "Plans": [
        {
          "Node Type": "Gather",
          "Parent Relationship": "Outer",
          "Parallel Aware": false,
          "Startup Cost": 381989.25,
          "Total Cost": 381989.76,
          "Plan Rows": 5,
          "Plan Width": 8,
          "Actual Startup Time": 2700.856,
          "Actual Total Time": 2758.029,
          "Actual Rows": 6,
          "Actual Loops": 1,
          "Workers Planned": 5,
          "Workers Launched": 5,
          "Single Copy": false,
          "Plans": [
            {
              "Node Type": "Aggregate",
              "Strategy": "Plain",
              "Partial Mode": "Partial",
              "Parent Relationship": "Outer",
              "Parallel Aware": false,
              "Startup Cost": 380989.25,
              "Total Cost": 380989.26,
              "Plan Rows": 1,
              "Plan Width": 8,
              "Actual Startup Time": 2674.08,
              "Actual Total Time": 2674.088,
              "Actual Rows": 1,
              "Actual Loops": 6,
              "Plans": [
                {
                  "Node Type": "Hash Join",
                  "Parent Relationship": "Outer",
                  "Parallel Aware": true,
                  "Join Type": "Inner",
                  "Startup Cost": 165387.74,
                  "Total Cost": 373792.9,
                  "Plan Rows": 2878542,
                  "Plan Width": 0,
                  "Actual Startup Time": 856.134,
                  "Actual Total Time": 2473.528,
                  "Actual Rows": 4612699,
                  "Actual Loops": 6,
                  "Inner Unique": false,
                  "Hash Cond": "(mi.movie_id = t.id)",
                  "Plans": [
                    {
                      "Node Type": "Seq Scan",
                      "Parent Relationship": "Outer",
                      "Parallel Aware": true,
                      "Relation Name": "movie_info",
                      "Alias": "mi",
                      "Startup Cost": 0.0,
                      "Total Cost": 191560.33,
                      "Plan Rows": 2956733,
                      "Plan Width": 4,
                      "Actual Startup Time": 0.033,
                      "Actual Total Time": 307.529,
                      "Actual Rows": 2472620,
                      "Actual Loops": 6
                    },
                    {
                      "Node Type": "Hash",
                      "Parent Relationship": "Inner",
                      "Parallel Aware": true,
                      "Startup Cost": 159234.16,
                      "Total Cost": 159234.16,
                      "Plan Rows": 492286,
                      "Plan Width": 8,
                      "Actual Startup Time": 847.663,
                      "Actual Total Time": 847.67,
                      "Actual Rows": 501816,
                      "Actual Loops": 6,
                      "Hash Buckets": 4194304,
                      "Original Hash Buckets": 4194304,
                      "Hash Batches": 1,
                      "Original Hash Batches": 1,
                      "Peak Memory Usage": 150688,
                      "Plans": [
                        {
                          "Node Type": "Hash Join",
                          "Parent Relationship": "Outer",
                          "Parallel Aware": true,
                          "Join Type": "Inner",
                          "Startup Cost": 48705.31,
                          "Total Cost": 159234.16,
                          "Plan Rows": 492286,
                          "Plan Width": 8,
                          "Actual Startup Time": 203.591,
                          "Actual Total Time": 634.761,
                          "Actual Rows": 501816,
                          "Actual Loops": 6,
                          "Inner Unique": true,
                          "Hash Cond": "(ci.movie_id = t.id)",
                          "Plans": [
                            {
                              "Node Type": "Index Scan",
                              "Parent Relationship": "Outer",
                              "Parallel Aware": true,
                              "Scan Direction": "Forward",
                              "Index Name": "role_id_cast_info",
                              "Relation Name": "cast_info",
                              "Alias": "ci",
                              "Startup Cost": 0.56,
                              "Total Cost": 108404.92,
                              "Plan Rows": 809334,
                              "Plan Width": 4,
                              "Actual Startup Time": 0.235,
                              "Actual Total Time": 126.497,
                              "Actual Rows": 668006,
                              "Actual Loops": 6,
                              "Index Cond": "(role_id = 3)",
                              "Rows Removed by Index Recheck": 0
                            },
                            {
                              "Node Type": "Hash",
                              "Parent Relationship": "Inner",
                              "Parallel Aware": true,
                              "Startup Cost": 43898.92,
                              "Total Cost": 43898.92,
                              "Plan Rows": 384466,
                              "Plan Width": 4,
                              "Actual Startup Time": 201.182,
                              "Actual Total Time": 201.183,
                              "Actual Rows": 255269,
                              "Actual Loops": 6,
                              "Hash Buckets": 2097152,
                              "Original Hash Buckets": 2097152,
                              "Hash Batches": 1,
                              "Original Hash Batches": 1,
                              "Peak Memory Usage": 76384,
                              "Plans": [
                                {
                                  "Node Type": "Seq Scan",
                                  "Parent Relationship": "Outer",
                                  "Parallel Aware": true,
                                  "Relation Name": "title",
                                  "Alias": "t",
                                  "Startup Cost": 0.0,
                                  "Total Cost": 43898.92,
                                  "Plan Rows": 384466,
                                  "Plan Width": 4,
                                  "Actual Startup Time": 0.045,
                                  "Actual Total Time": 86.657,
                                  "Actual Rows": 255269,
                                  "Actual Loops": 6,
                                  "Filter": "(production_year > 1997)",
                                  "Rows Removed by Filter": 166116
                                }
                              ]
                            }
                          ]
                        }
                      ]
                    }
                  ]
                }
              ]
            }
          ]
        }
      ]
    },
    "Planning Time": 1.364,
    "Triggers": [],
    "Execution Time": 2758.146
  }
]