[
  {
    "Plan": {
      "Node Type": "Aggregate",
      "Strategy": "Plain",
      "Partial Mode": "Finalize",
      "Parallel Aware": false,
      "Startup Cost": 79223.09,
      "Total Cost": 79223.1,
      "Plan Rows": 1,
      "Plan Width": 8,
      "Actual Startup Time": 347.754,
      "Actual Total Time": 365.861,
      "Actual Rows": 1,
      "Actual Loops": 1,
      "Plans": [
        {
          "Node Type": "Gather",
          "Parent Relationship": "Outer",
          "Parallel Aware": false,
          "Startup Cost": 79222.67,
          "Total Cost": 79223.08,
          "Plan Rows": 4,
          "Plan Width": 8,
          "Actual Startup Time": 343.409,
          "Actual Total Time": 365.85,
          "Actual Rows": 5,
          "Actual Loops": 1,
          "Workers Planned": 4,
          "Workers Launched": 4,
          "Single Copy": false,
          "Plans": [
            {
              "Node Type": "Aggregate",
              "Strategy": "Plain",
              "Partial Mode": "Partial",
              "Parent Relationship": "Outer",
              "Parallel Aware": false,
              "Startup Cost": 78222.67,
              "Total Cost": 78222.68,
              "Plan Rows": 1,
              "Plan Width": 8,
              "Actual Startup Time": 333.764,
              "Actual Total Time": 333.768,
              "Actual Rows": 1,
              "Actual Loops": 5,
              "Plans": [
                {
                  "Node Type": "Hash Join",
                  "Parent Relationship": "Outer",
                  "Parallel Aware": true,
                  "Join Type": "Inner",
                  "Startup Cost": 31844.18,
                  "Total Cost": 77829.98,
                  "Plan Rows": 157077,
                  "Plan Width": 0,
                  "Actual Startup Time": 118.946,
                  "Actual Total Time": 328.189,
                  "Actual Rows": 128095,
                  "Actual Loops": 5,
                  "Inner Unique": false,
                  "Hash Cond": "(t.id = mc.movie_id)",
                  "Plans": [
                    {
                      "Node Type": "Seq Scan",
                      "Parent Relationship": "Outer",
                      "Parallel Aware": true,
                      "Relation Name": "title",
                      "Alias": "t",
                      "Startup Cost": 0.0,
                      "Total Cost": 42318.73,
                      "Plan Rows": 632073,
                      "Plan Width": 4,
                      "Actual Startup Time": 0.014,
                      "Actual Total Time": 67.629,
                      "Actual Rows": 505662,
                      "Actual Loops": 5
                    },
                    {
                      "Node Type": "Hash",
                      "Parent Relationship": "Inner",
                      "Parallel Aware": true,
                      "Startup Cost": 29310.68,
                      "Total Cost": 29310.68,
                      "Plan Rows": 202680,
                      "Plan Width": 4,
                      "Actual Startup Time": 115.066,
                      "Actual Total Time": 115.067,
                      "Actual Rows": 128095,
                      "Actual Loops": 5,
                      "Hash Buckets": 1048576,
                      "Original Hash Buckets": 1048576,
                      "Hash Batches": 1,
                      "Original Hash Batches": 1,
                      "Peak Memory Usage": 33280,
                      "Plans": [
                        {
                          "Node Type": "Seq Scan",
                          "Parent Relationship": "Outer",
                          "Parallel Aware": true,
                          "Relation Name": "movie_companies",
                          "Alias": "mc",
                          "Startup Cost": 0.0,
                          "Total Cost": 29310.68,
                          "Plan Rows": 202680,
                          "Plan Width": 4,
                          "Actual Startup Time": 34.453,
                          "Actual Total Time": 71.358,
                          "Actual Rows": 128095,
                          "Actual Loops": 5,
                          "Filter": "(company_id > 57010)",
                          "Rows Removed by Filter": 393731
                        }
                      ]
                    }
                  ]
                }
              ]
            }
          ]
        }
      ]
    },
    "Planning Time": 0.565,
    "Triggers": [],
    "Execution Time": 365.927
  }
]