[
  {
    "Plan": {
      "Node Type": "Aggregate",
      "Strategy": "Plain",
      "Partial Mode": "Finalize",
      "Parallel Aware": false,
      "Startup Cost": 352121.77,
      "Total Cost": 352121.78,
      "Plan Rows": 1,
      "Plan Width": 8,
      "Actual Startup Time": 1036.44,
      "Actual Total Time": 1088.865,
      "Actual Rows": 1,
      "Actual Loops": 1,
      "Plans": [
        {
          "Node Type": "Gather",
          "Parent Relationship": "Outer",
          "Parallel Aware": false,
          "Startup Cost": 352121.14,
          "Total Cost": 352121.75,
          "Plan Rows": 6,
          "Plan Width": 8,
          "Actual Startup Time": 1036.22,
          "Actual Total Time": 1088.849,
          "Actual Rows": 7,
          "Actual Loops": 1,
          "Workers Planned": 6,
          "Workers Launched": 6,
          "Single Copy": false,
          "Plans": [
            {
              "Node Type": "Aggregate",
              "Strategy": "Plain",
              "Partial Mode": "Partial",
              "Parent Relationship": "Outer",
              "Parallel Aware": false,
              "Startup Cost": 351121.14,
              "Total Cost": 351121.15,
              "Plan Rows": 1,
              "Plan Width": 8,
              "Actual Startup Time": 1028.904,
              "Actual Total Time": 1028.905,
              "Actual Rows": 1,
              "Actual Loops": 7,
              "Plans": [
                {
                  "Node Type": "Seq Scan",
                  "Parent Relationship": "Outer",
                  "Parallel Aware": true,
                  "Relation Name": "cast_info",
                  "Alias": "ci",
                  "Startup Cost": 0.0,
                  "Total Cost": 343316.27,
                  "Plan Rows": 3121949,
                  "Plan Width": 0,
                  "Actual Startup Time": 299.213,
                  "Actual Total Time": 879.639,
                  "Actual Rows": 2318976,
                  "Actual Loops": 7,
                  "Filter": "((person_id < 2935780) AND (role_id > 1))",
                  "Rows Removed by Filter": 2858787
                }
              ]
            }
          ]
        }
      ]
    },
    "Planning Time": 0.208,
    "Triggers": [],
    "Execution Time": 1088.941
  }
]