[
  {
    "Plan": {
      "Node Type": "Aggregate",
      "Strategy": "Plain",
      "Partial Mode": "Finalize",
      "Parallel Aware": false,
      "Startup Cost": 336060.44,
      "Total Cost": 336060.45,
      "Plan Rows": 1,
      "Plan Width": 8,
      "Actual Startup Time": 669.095,
      "Actual Total Time": 697.954,
      "Actual Rows": 1,
      "Actual Loops": 1,
      "Plans": [
        {
          "Node Type": "Gather",
          "Parent Relationship": "Outer",
          "Parallel Aware": false,
          "Startup Cost": 336059.82,
          "Total Cost": 336060.43,
          "Plan Rows": 6,
          "Plan Width": 8,
          "Actual Startup Time": 668.993,
          "Actual Total Time": 697.947,
          "Actual Rows": 7,
          "Actual Loops": 1,
          "Workers Planned": 6,
          "Workers Launched": 6,
          "Single Copy": false,
          "Plans": [
            {
              "Node Type": "Aggregate",
              "Strategy": "Plain",
              "Partial Mode": "Partial",
              "Parent Relationship": "Outer",
              "Parallel Aware": false,
              "Startup Cost": 335059.82,
              "Total Cost": 335059.83,
              "Plan Rows": 1,
              "Plan Width": 8,
              "Actual Startup Time": 663.72,
              "Actual Total Time": 663.72,
              "Actual Rows": 1,
              "Actual Loops": 7,
              "Plans": [
                {
                  "Node Type": "Seq Scan",
                  "Parent Relationship": "Outer",
                  "Parallel Aware": true,
                  "Relation Name": "cast_info",
                  "Alias": "ci",
                  "Startup Cost": 0.0,
                  "Total Cost": 328213.62,
                  "Plan Rows": 2738480,
                  "Plan Width": 0,
                  "Actual Startup Time": 202.444,
                  "Actual Total Time": 553.669,
                  "Actual Rows": 2356760,
                  "Actual Loops": 7,
                  "Filter": "(person_id > 1979820)",
                  "Rows Removed by Filter": 2821003
                }
              ]
            }
          ]
        }
      ]
    },
    "Planning Time": 0.092,
    "Triggers": [],
    "Execution Time": 697.988
  }
]