[
  {
    "Plan": {
      "Node Type": "Aggregate",
      "Strategy": "Plain",
      "Partial Mode": "Finalize",
      "Parallel Aware": false,
      "Startup Cost": 348297.7,
      "Total Cost": 348297.71,
      "Plan Rows": 1,
      "Plan Width": 8,
      "Actual Startup Time": 794.292,
      "Actual Total Time": 853.133,
      "Actual Rows": 1,
      "Actual Loops": 1,
      "Plans": [
        {
          "Node Type": "Gather",
          "Parent Relationship": "Outer",
          "Parallel Aware": false,
          "Startup Cost": 348297.07,
          "Total Cost": 348297.68,
          "Plan Rows": 6,
          "Plan Width": 8,
          "Actual Startup Time": 794.203,
          "Actual Total Time": 853.123,
          "Actual Rows": 7,
          "Actual Loops": 1,
          "Workers Planned": 6,
          "Workers Launched": 6,
          "Single Copy": false,
          "Plans": [
            {
              "Node Type": "Aggregate",
              "Strategy": "Plain",
              "Partial Mode": "Partial",
              "Parent Relationship": "Outer",
              "Parallel Aware": false,
              "Startup Cost": 347297.07,
              "Total Cost": 347297.08,
              "Plan Rows": 1,
              "Plan Width": 8,
              "Actual Startup Time": 785.438,
              "Actual Total Time": 785.439,
              "Actual Rows": 1,
              "Actual Loops": 7,
              "Plans": [
                {
                  "Node Type": "Seq Scan",
                  "Parent Relationship": "Outer",
                  "Parallel Aware": true,
                  "Relation Name": "cast_info",
                  "Alias": "ci",
                  "Startup Cost": 0.0,
                  "Total Cost": 343257.03,
                  "Plan Rows": 1616017,
                  "Plan Width": 0,
                  "Actual Startup Time": 365.097,
                  "Actual Total Time": 704.519,
                  "Actual Rows": 1713611,
                  "Actual Loops": 7,
                  "Filter": "((person_id > 1458178) AND (role_id > 2))",
                  "Rows Removed by Filter": 3464153
                }
              ]
            }
          ]
        }
      ]
    },
    "Planning Time": 0.278,
    "Triggers": [],
    "Execution Time": 853.21
  }
]