[
  {
    "Plan": {
      "Node Type": "Aggregate",
      "Strategy": "Plain",
      "Partial Mode": "Finalize",
      "Parallel Aware": false,
      "Startup Cost": 142074.3,
      "Total Cost": 142074.31,
      "Plan Rows": 1,
      "Plan Width": 8,
      "Actual Startup Time": 1173.718,
      "Actual Total Time": 1216.072,
      "Actual Rows": 1,
      "Actual Loops": 1,
      "Plans": [
        {
          "Node Type": "Gather",
          "Parent Relationship": "Outer",
          "Parallel Aware": false,
          "Startup Cost": 142073.99,
          "Total Cost": 142074.3,
          "Plan Rows": 3,
          "Plan Width": 8,
          "Actual Startup Time": 1169.73,
          "Actual Total Time": 1216.065,
          "Actual Rows": 4,
          "Actual Loops": 1,
          "Workers Planned": 3,
          "Workers Launched": 3,
          "Single Copy": false,
          "Plans": [
            {
              "Node Type": "Aggregate",
              "Strategy": "Plain",
              "Partial Mode": "Partial",
              "Parent Relationship": "Outer",
              "Parallel Aware": false,
              "Startup Cost": 141073.99,
              "Total Cost": 141074.0,
              "Plan Rows": 1,
              "Plan Width": 8,
              "Actual Startup Time": 1163.121,
              "Actual Total Time": 1163.125,
              "Actual Rows": 1,
              "Actual Loops": 4,
              "Plans": [
                {
                  "Node Type": "Nested Loop",
                  "Parent Relationship": "Outer",
                  "Parallel Aware": false,
                  "Join Type": "Inner",
                  "Startup Cost": 53010.57,
                  "Total Cost": 140761.25,
                  "Plan Rows": 125095,
                  "Plan Width": 0,
                  "Actual Startup Time": 188.675,
                  "Actual Total Time": 1075.066,
                  "Actual Rows": 2090188,
                  "Actual Loops": 4,
                  "Inner Unique": false,
                  "Plans": [
                    {
                      "Node Type": "Hash Join",
                      "Parent Relationship": "Outer",
                      "Parallel Aware": true,
                      "Join Type": "Inner",
                      "Startup Cost": 53010.14,
                      "Total Cost": 78734.98,
                      "Plan Rows": 21305,
                      "Plan Width": 8,
                      "Actual Startup Time": 188.547,
                      "Actual Total Time": 239.951,
                      "Actual Rows": 35935,
                      "Actual Loops": 4,
                      "Inner Unique": true,
                      "Hash Cond": "(mk.movie_id = t.id)",
                      "Plans": [
                        {
                          "Node Type": "Bitmap Heap Scan",
                          "Parent Relationship": "Outer",
                          "Parallel Aware": true,
                          "Relation Name": "movie_keyword",
                          "Alias": "mk",
                          "Startup Cost": 5527.07,
                          "Total Cost": 31031.36,
                          "Plan Rows": 84023,
                          "Plan Width": 4,
                          "Actual Startup Time": 19.33,
                          "Actual Total Time": 59.021,
                          "Actual Rows": 63618,
                          "Actual Loops": 4,
                          "Recheck Cond": "(keyword_id < 224)",
                          "Rows Removed by Index Recheck": 0,
                          "Exact Heap Blocks": 7545,
                          "Lossy Heap Blocks": 0,
                          "Plans": [
                            {
                              "Node Type": "Bitmap Index Scan",
                              "Parent Relationship": "Outer",
                              "Parallel Aware": false,
                              "Index Name": "keyword_id_movie_keyword",
                              "Startup Cost": 0.0,
                              "Total Cost": 5461.96,
                              "Plan Rows": 260470,
                              "Plan Width": 0,
                              "Actual Startup Time": 15.84,
                              "Actual Total Time": 15.841,
                              "Actual Rows": 254471,
                              "Actual Loops": 1,
                              "Index Cond": "(keyword_id < 224)"
                            }
                          ]
                        },
                        {
                          "Node Type": "Hash",
                          "Parent Relationship": "Inner",
                          "Parallel Aware": true,
                          "Startup Cost": 45479.59,
                          "Total Cost": 45479.59,
                          "Plan Rows": 160278,
                          "Plan Width": 4,
                          "Actual Startup Time": 149.376,
                          "Actual Total Time": 149.377,
                          "Actual Rows": 164078,
                          "Actual Loops": 4,
                          "Hash Buckets": 1048576,
                          "Original Hash Buckets": 1048576,
                          "Hash Batches": 1,
                          "Original Hash Batches": 1,
                          "Peak Memory Usage": 33920,
                          "Plans": [
                            {
                              "Node Type": "Seq Scan",
                              "Parent Relationship": "Outer",
                              "Parallel Aware": true,
                              "Relation Name": "title",
                              "Alias": "t",
                              "Startup Cost": 0.0,
                              "Total Cost": 45479.59,
                              "Plan Rows": 160278,
                              "Plan Width": 4,
                              "Actual Startup Time": 40.037,
                              "Actual Total Time": 95.413,
                              "Actual Rows": 164078,
                              "Actual Loops": 4,
                              "Filter": "((production_year > 0) AND (kind_id = 1))",
                              "Rows Removed by Filter": 468000
                            }
                          ]
                        }
                      ]
                    },
                    {
                      "Node Type": "Index Only Scan",
                      "Parent Relationship": "Inner",
                      "Parallel Aware": false,
                      "Scan Direction": "Forward",
                      "Index Name": "movie_id_movie_info",
                      "Relation Name": "movie_info",
                      "Alias": "mi",
                      "Startup Cost": 0.43,
                      "Total Cost": 2.5,
                      "Plan Rows": 41,
                      "Plan Width": 4,
                      "Actual Startup Time": 0.004,
                      "Actual Total Time": 0.019,
                      "Actual Rows": 58,
                      "Actual Loops": 143741,
                      "Index Cond": "(movie_id = t.id)",
                      "Rows Removed by Index Recheck": 0,
                      "Heap Fetches": 8360752
                    }
                  ]
                }
              ]
            }
          ]
        }
      ]
    },
    "Planning Time": 0.443,
    "Triggers": [],
    "Execution Time": 1216.128
  }
]