[
  {
    "Plan": {
      "Node Type": "Aggregate",
      "Strategy": "Plain",
      "Partial Mode": "Finalize",
      "Parallel Aware": false,
      "Startup Cost": 54286.35,
      "Total Cost": 54286.36,
      "Plan Rows": 1,
      "Plan Width": 8,
      "Actual Startup Time": 94.632,
      "Actual Total Time": 106.677,
      "Actual Rows": 1,
      "Actual Loops": 1,
      "Plans": [
        {
          "Node Type": "Gather",
          "Parent Relationship": "Outer",
          "Parallel Aware": false,
          "Startup Cost": 54285.93,
          "Total Cost": 54286.34,
          "Plan Rows": 4,
          "Plan Width": 8,
          "Actual Startup Time": 94.465,
          "Actual Total Time": 106.669,
          "Actual Rows": 5,
          "Actual Loops": 1,
          "Workers Planned": 4,
          "Workers Launched": 4,
          "Single Copy": false,
          "Plans": [
            {
              "Node Type": "Aggregate",
              "Strategy": "Plain",
              "Partial Mode": "Partial",
              "Parent Relationship": "Outer",
              "Parallel Aware": false,
              "Startup Cost": 53285.93,
              "Total Cost": 53285.94,
              "Plan Rows": 1,
              "Plan Width": 8,
              "Actual Startup Time": 87.35,
              "Actual Total Time": 87.352,
              "Actual Rows": 1,
              "Actual Loops": 5,
              "Plans": [
                {
                  "Node Type": "Nested Loop",
                  "Parent Relationship": "Outer",
                  "Parallel Aware": false,
                  "Join Type": "Inner",
                  "Startup Cost": 0.43,
                  "Total Cost": 53284.83,
                  "Plan Rows": 438,
                  "Plan Width": 0,
                  "Actual Startup Time": 1.181,
                  "Actual Total Time": 87.318,
                  "Actual Rows": 192,
                  "Actual Loops": 5,
                  "Inner Unique": false,
                  "Plans": [
                    {
                      "Node Type": "Seq Scan",
                      "Parent Relationship": "Outer",
                      "Parallel Aware": true,
                      "Relation Name": "title",
                      "Alias": "t",
                      "Startup Cost": 0.0,
                      "Total Cost": 45479.59,
                      "Plan Rows": 1208,
                      "Plan Width": 4,
                      "Actual Startup Time": 0.347,
                      "Actual Total Time": 81.459,
                      "Actual Rows": 1169,
                      "Actual Loops": 5,
                      "Filter": "((kind_id = 7) AND (production_year = 1957))",
                      "Rows Removed by Filter": 504493
                    },
                    {
                      "Node Type": "Index Scan",
                      "Parent Relationship": "Inner",
                      "Parallel Aware": false,
                      "Scan Direction": "Forward",
                      "Index Name": "movie_id_movie_info_idx",
                      "Relation Name": "movie_info_idx",
                      "Alias": "mi_idx",
                      "Startup Cost": 0.43,
                      "Total Cost": 6.44,
                      "Plan Rows": 2,
                      "Plan Width": 4,
                      "Actual Startup Time": 0.004,
                      "Actual Total Time": 0.004,
                      "Actual Rows": 0,
                      "Actual Loops": 5845,
                      "Index Cond": "(movie_id = t.id)",
                      "Rows Removed by Index Recheck": 0,
                      "Filter": "(info_type_id < 101)",
                      "Rows Removed by Filter": 0
                    }
                  ]
                }
              ]
            }
          ]
        }
      ]
    },
    "Planning Time": 0.312,
    "Triggers": [],
    "Execution Time": 106.719
  }
]