[
    {
        "Bao": {
            "Bao prediction": "NaN",
            "Bao recommended hint": "(no hint)"
        }
    },
    {
        "Plan": {
            "Node Type": "Aggregate",
            "Strategy": "Plain",
            "Partial Mode": "Finalize",
            "Parallel Aware": false,
            "Startup Cost": 81601.22,
            "Total Cost": 81601.23,
            "Plan Rows": 1,
            "Plan Width": 8,
            "Actual Startup Time": 291.236,
            "Actual Total Time": 301.538,
            "Actual Rows": 1,
            "Actual Loops": 1,
            "Output": [
                "count(*)"
            ],
            "Plans": [
                {
                    "Node Type": "Gather",
                    "Parent Relationship": "Outer",
                    "Parallel Aware": false,
                    "Startup Cost": 81600.91,
                    "Total Cost": 81601.22,
                    "Plan Rows": 3,
                    "Plan Width": 8,
                    "Actual Startup Time": 286.554,
                    "Actual Total Time": 301.528,
                    "Actual Rows": 4,
                    "Actual Loops": 1,
                    "Output": [
                        "(PARTIAL count(*))"
                    ],
                    "Workers Planned": 3,
                    "Workers Launched": 3,
                    "Single Copy": false,
                    "Plans": [
                        {
                            "Node Type": "Aggregate",
                            "Strategy": "Plain",
                            "Partial Mode": "Partial",
                            "Parent Relationship": "Outer",
                            "Parallel Aware": false,
                            "Startup Cost": 80600.91,
                            "Total Cost": 80600.92,
                            "Plan Rows": 1,
                            "Plan Width": 8,
                            "Actual Startup Time": 277.763,
                            "Actual Total Time": 277.767,
                            "Actual Rows": 1,
                            "Actual Loops": 4,
                            "Output": [
                                "PARTIAL count(*)"
                            ],
                            "Workers": [
                                {
                                    "Worker Number": 0,
                                    "Actual Startup Time": 275.306,
                                    "Actual Total Time": 275.309,
                                    "Actual Rows": 1,
                                    "Actual Loops": 1
                                },
                                {
                                    "Worker Number": 1,
                                    "Actual Startup Time": 274.535,
                                    "Actual Total Time": 274.539,
                                    "Actual Rows": 1,
                                    "Actual Loops": 1
                                },
                                {
                                    "Worker Number": 2,
                                    "Actual Startup Time": 275.099,
                                    "Actual Total Time": 275.102,
                                    "Actual Rows": 1,
                                    "Actual Loops": 1
                                }
                            ],
                            "Plans": [
                                {
                                    "Node Type": "Hash Join",
                                    "Parent Relationship": "Outer",
                                    "Parallel Aware": true,
                                    "Join Type": "Inner",
                                    "Startup Cost": 54607.46,
                                    "Total Cost": 80515.55,
                                    "Plan Rows": 34144,
                                    "Plan Width": 0,
                                    "Actual Startup Time": 210.387,
                                    "Actual Total Time": 277.503,
                                    "Actual Rows": 3269,
                                    "Actual Loops": 4,
                                    "Inner Unique": true,
                                    "Hash Cond": "(mk.movie_id = t.id)",
                                    "Workers": [
                                        {
                                            "Worker Number": 0,
                                            "Actual Startup Time": 207.496,
                                            "Actual Total Time": 275.046,
                                            "Actual Rows": 2661,
                                            "Actual Loops": 1
                                        },
                                        {
                                            "Worker Number": 1,
                                            "Actual Startup Time": 207.343,
                                            "Actual Total Time": 274.299,
                                            "Actual Rows": 2400,
                                            "Actual Loops": 1
                                        },
                                        {
                                            "Worker Number": 2,
                                            "Actual Startup Time": 207.919,
                                            "Actual Total Time": 274.839,
                                            "Actual Rows": 2343,
                                            "Actual Loops": 1
                                        }
                                    ],
                                    "Plans": [
                                        {
                                            "Node Type": "Bitmap Heap Scan",
                                            "Parent Relationship": "Outer",
                                            "Parallel Aware": true,
                                            "Relation Name": "movie_keyword",
                                            "Schema": "public",
                                            "Alias": "mk",
                                            "Startup Cost": 6322.14,
                                            "Total Cost": 31977.86,
                                            "Plan Rows": 96138,
                                            "Plan Width": 4,
                                            "Actual Startup Time": 22.589,
                                            "Actual Total Time": 69.225,
                                            "Actual Rows": 73636,
                                            "Actual Loops": 4,
                                            "Output": [
                                                "mk.id",
                                                "mk.movie_id",
                                                "mk.keyword_id"
                                            ],
                                            "Recheck Cond": "(mk.keyword_id > 54632)",
                                            "Rows Removed by Index Recheck": 0,
                                            "Exact Heap Blocks": 7559,
                                            "Lossy Heap Blocks": 0,
                                            "Workers": [
                                                {
                                                    "Worker Number": 0,
                                                    "Actual Startup Time": 22.585,
                                                    "Actual Total Time": 70.917,
                                                    "Actual Rows": 53960,
                                                    "Actual Loops": 1
                                                },
                                                {
                                                    "Worker Number": 1,
                                                    "Actual Startup Time": 22.6,
                                                    "Actual Total Time": 70.189,
                                                    "Actual Rows": 68782,
                                                    "Actual Loops": 1
                                                },
                                                {
                                                    "Worker Number": 2,
                                                    "Actual Startup Time": 22.589,
                                                    "Actual Total Time": 70.206,
                                                    "Actual Rows": 69787,
                                                    "Actual Loops": 1
                                                }
                                            ],
                                            "Plans": [
                                                {
                                                    "Node Type": "Bitmap Index Scan",
                                                    "Parent Relationship": "Outer",
                                                    "Parallel Aware": false,
                                                    "Index Name": "keyword_id_movie_keyword",
                                                    "Startup Cost": 0.0,
                                                    "Total Cost": 6247.63,
                                                    "Plan Rows": 298027,
                                                    "Plan Width": 0,
                                                    "Actual Startup Time": 19.366,
                                                    "Actual Total Time": 19.367,
                                                    "Actual Rows": 294543,
                                                    "Actual Loops": 1,
                                                    "Index Cond": "(mk.keyword_id > 54632)"
                                                }
                                            ]
                                        },
                                        {
                                            "Node Type": "Hash",
                                            "Parent Relationship": "Inner",
                                            "Parallel Aware": true,
                                            "Startup Cost": 45479.21,
                                            "Total Cost": 45479.21,
                                            "Plan Rows": 224489,
                                            "Plan Width": 4,
                                            "Actual Startup Time": 184.1,
                                            "Actual Total Time": 184.101,
                                            "Actual Rows": 248018,
                                            "Actual Loops": 4,
                                            "Output": [
                                                "t.id"
                                            ],
                                            "Hash Buckets": 1048576,
                                            "Original Hash Buckets": 1048576,
                                            "Hash Batches": 1,
                                            "Original Hash Batches": 1,
                                            "Peak Memory Usage": 47072,
                                            "Workers": [
                                                {
                                                    "Worker Number": 0,
                                                    "Actual Startup Time": 184.301,
                                                    "Actual Total Time": 184.301,
                                                    "Actual Rows": 176932,
                                                    "Actual Loops": 1
                                                },
                                                {
                                                    "Worker Number": 1,
                                                    "Actual Startup Time": 184.186,
                                                    "Actual Total Time": 184.187,
                                                    "Actual Rows": 249722,
                                                    "Actual Loops": 1
                                                },
                                                {
                                                    "Worker Number": 2,
                                                    "Actual Startup Time": 184.738,
                                                    "Actual Total Time": 184.739,
                                                    "Actual Rows": 247563,
                                                    "Actual Loops": 1
                                                }
                                            ],
                                            "Plans": [
                                                {
                                                    "Node Type": "Seq Scan",
                                                    "Parent Relationship": "Outer",
                                                    "Parallel Aware": true,
                                                    "Relation Name": "title",
                                                    "Schema": "public",
                                                    "Alias": "t",
                                                    "Startup Cost": 0.0,
                                                    "Total Cost": 45479.21,
                                                    "Plan Rows": 224489,
                                                    "Plan Width": 4,
                                                    "Actual Startup Time": 0.042,
                                                    "Actual Total Time": 101.627,
                                                    "Actual Rows": 248018,
                                                    "Actual Loops": 4,
                                                    "Output": [
                                                        "t.id"
                                                    ],
                                                    "Filter": "((t.production_year > 1998) AND (t.kind_id = 7))",
                                                    "Rows Removed by Filter": 384060,
                                                    "Workers": [
                                                        {
                                                            "Worker Number": 0,
                                                            "Actual Startup Time": 0.046,
                                                            "Actual Total Time": 106.063,
                                                            "Actual Rows": 176932,
                                                            "Actual Loops": 1
                                                        },
                                                        {
                                                            "Worker Number": 1,
                                                            "Actual Startup Time": 0.048,
                                                            "Actual Total Time": 103.288,
                                                            "Actual Rows": 249722,
                                                            "Actual Loops": 1
                                                        },
                                                        {
                                                            "Worker Number": 2,
                                                            "Actual Startup Time": 0.058,
                                                            "Actual Total Time": 102.405,
                                                            "Actual Rows": 247563,
                                                            "Actual Loops": 1
                                                        }
                                                    ]
                                                }
                                            ]
                                        }
                                    ]
                                }
                            ]
                        }
                    ]
                }
            ]
        },
        "Planning Time": 218.005,
        "Triggers": [],
        "Execution Time": 301.63
    }
]