{
  "Plan": {
    "Node Type": "Aggregate",
    "Strategy": "Plain",
    "Partial Mode": "Finalize",
    "Parallel Aware": false,
    "Startup Cost": 577864.92,
    "Total Cost": 577864.93,
    "Plan Rows": 1,
    "Plan Width": 8,
    "Actual Startup Time": 3856.829,
    "Actual Total Time": 3906.06,
    "Actual Rows": 1,
    "Actual Loops": 1,
    "Plans": [
      {
        "Node Type": "Gather",
        "Parent Relationship": "Outer",
        "Parallel Aware": false,
        "Startup Cost": 577864.81,
        "Total Cost": 577864.92,
        "Plan Rows": 1,
        "Plan Width": 8,
        "Actual Startup Time": 3856.114,
        "Actual Total Time": 3906.049,
        "Actual Rows": 2,
        "Actual Loops": 1,
        "Workers Planned": 1,
        "Workers Launched": 1,
        "Single Copy": false,
        "Plans": [
          {
            "Node Type": "Aggregate",
            "Strategy": "Plain",
            "Partial Mode": "Partial",
            "Parent Relationship": "Outer",
            "Parallel Aware": false,
            "Startup Cost": 576864.81,
            "Total Cost": 576864.82,
            "Plan Rows": 1,
            "Plan Width": 8,
            "Actual Startup Time": 3850.379,
            "Actual Total Time": 3850.383,
            "Actual Rows": 1,
            "Actual Loops": 2,
            "Plans": [
              {
                "Node Type": "Hash Join",
                "Parent Relationship": "Outer",
                "Parallel Aware": true,
                "Join Type": "Inner",
                "Startup Cost": 54059.77,
                "Total Cost": 575793.13,
                "Plan Rows": 428674,
                "Plan Width": 0,
                "Actual Startup Time": 136.56,
                "Actual Total Time": 3812.022,
                "Actual Rows": 878784,
                "Actual Loops": 2,
                "Inner Unique": true,
                "Hash Cond": "(ci.movie_id = t.id)",
                "Plans": [
                  {
                    "Node Type": "Seq Scan",
                    "Parent Relationship": "Outer",
                    "Parallel Aware": true,
                    "Relation Name": "cast_info",
                    "Alias": "ci",
                    "Startup Cost": 0.0,
                    "Total Cost": 465792.95,
                    "Plan Rows": 21310595,
                    "Plan Width": 4,
                    "Actual Startup Time": 0.015,
                    "Actual Total Time": 1422.279,
                    "Actual Rows": 18122172,
                    "Actual Loops": 2
                  },
                  {
                    "Node Type": "Hash",
                    "Parent Relationship": "Inner",
                    "Parallel Aware": true,
                    "Startup Cost": 53685.82,
                    "Total Cost": 53685.82,
                    "Plan Rows": 29916,
                    "Plan Width": 4,
                    "Actual Startup Time": 135.275,
                    "Actual Total Time": 135.277,
                    "Actual Rows": 88600,
                    "Actual Loops": 2,
                    "Hash Buckets": 262144,
                    "Original Hash Buckets": 65536,
                    "Hash Batches": 1,
                    "Original Hash Batches": 1,
                    "Peak Memory Usage": 10560,
                    "Plans": [
                      {
                        "Node Type": "Bitmap Heap Scan",
                        "Parent Relationship": "Outer",
                        "Parallel Aware": true,
                        "Relation Name": "title",
                        "Alias": "t",
                        "Startup Cost": 11835.56,
                        "Total Cost": 53685.82,
                        "Plan Rows": 29916,
                        "Plan Width": 4,
                        "Actual Startup Time": 38.742,
                        "Actual Total Time": 104.518,
                        "Actual Rows": 88600,
                        "Actual Loops": 2,
                        "Recheck Cond": "(kind_id = 1)",
                        "Rows Removed by Index Recheck": 0,
                        "Filter": "(production_year < 1956)",
                        "Rows Removed by Filter": 242813,
                        "Exact Heap Blocks": 8278,
                        "Lossy Heap Blocks": 0,
                        "Plans": [
                          {
                            "Node Type": "Bitmap Index Scan",
                            "Parent Relationship": "Outer",
                            "Parallel Aware": false,
                            "Index Name": "kind_id_title",
                            "Startup Cost": 0.0,
                            "Total Cost": 11822.85,
                            "Plan Rows": 663256,
                            "Plan Width": 0,
                            "Actual Startup Time": 41.331,
                            "Actual Total Time": 41.331,
                            "Actual Rows": 662825,
                            "Actual Loops": 1,
                            "Index Cond": "(kind_id = 1)"
                          }
                        ]
                      }
                    ]
                  }
                ]
              }
            ]
          }
        ]
      }
    ]
  },
  "Planning Time": 0.602,
  "Triggers": [],
  "Execution Time": 3906.211
}