{
  "Plan": {
    "Node Type": "Aggregate",
    "Strategy": "Plain",
    "Partial Mode": "Finalize",
    "Parallel Aware": false,
    "Startup Cost": 91127.34,
    "Total Cost": 91127.35,
    "Plan Rows": 1,
    "Plan Width": 8,
    "Actual Startup Time": 151.41,
    "Actual Total Time": 163.707,
    "Actual Rows": 1,
    "Actual Loops": 1,
    "Plans": [
      {
        "Node Type": "Gather",
        "Parent Relationship": "Outer",
        "Parallel Aware": false,
        "Startup Cost": 91127.22,
        "Total Cost": 91127.33,
        "Plan Rows": 1,
        "Plan Width": 8,
        "Actual Startup Time": 151.298,
        "Actual Total Time": 163.7,
        "Actual Rows": 2,
        "Actual Loops": 1,
        "Workers Planned": 1,
        "Workers Launched": 1,
        "Single Copy": false,
        "Plans": [
          {
            "Node Type": "Aggregate",
            "Strategy": "Plain",
            "Partial Mode": "Partial",
            "Parent Relationship": "Outer",
            "Parallel Aware": false,
            "Startup Cost": 90127.22,
            "Total Cost": 90127.23,
            "Plan Rows": 1,
            "Plan Width": 8,
            "Actual Startup Time": 145.573,
            "Actual Total Time": 145.574,
            "Actual Rows": 1,
            "Actual Loops": 2,
            "Plans": [
              {
                "Node Type": "Nested Loop",
                "Parent Relationship": "Outer",
                "Parallel Aware": false,
                "Join Type": "Inner",
                "Startup Cost": 0.43,
                "Total Cost": 90110.91,
                "Plan Rows": 6525,
                "Plan Width": 0,
                "Actual Startup Time": 1.433,
                "Actual Total Time": 145.426,
                "Actual Rows": 1998,
                "Actual Loops": 2,
                "Inner Unique": false,
                "Plans": [
                  {
                    "Node Type": "Seq Scan",
                    "Parent Relationship": "Outer",
                    "Parallel Aware": true,
                    "Relation Name": "title",
                    "Alias": "t",
                    "Startup Cost": 0.0,
                    "Total Cost": 58306.47,
                    "Plan Rows": 3646,
                    "Plan Width": 4,
                    "Actual Startup Time": 0.189,
                    "Actual Total Time": 135.785,
                    "Actual Rows": 3046,
                    "Actual Loops": 2,
                    "Filter": "((kind_id = 7) AND (production_year = 1958))",
                    "Rows Removed by Filter": 1261110
                  },
                  {
                    "Node Type": "Index Only Scan",
                    "Parent Relationship": "Inner",
                    "Parallel Aware": false,
                    "Scan Direction": "Forward",
                    "Index Name": "movie_id_movie_keyword",
                    "Relation Name": "movie_keyword",
                    "Alias": "mk",
                    "Startup Cost": 0.43,
                    "Total Cost": 8.27,
                    "Plan Rows": 45,
                    "Plan Width": 4,
                    "Actual Startup Time": 0.003,
                    "Actual Total Time": 0.003,
                    "Actual Rows": 1,
                    "Actual Loops": 6092,
                    "Index Cond": "(movie_id = t.id)",
                    "Rows Removed by Index Recheck": 0,
                    "Heap Fetches": 3997
                  }
                ]
              }
            ]
          }
        ]
      }
    ]
  },
  "Planning Time": 0.42,
  "Triggers": [],
  "Execution Time": 163.775
}