[
  {
    "Plan": {
      "Node Type": "Aggregate",
      "Strategy": "Plain",
      "Partial Mode": "Finalize",
      "Parallel Aware": false,
      "Startup Cost": 352035.91,
      "Total Cost": 352035.92,
      "Plan Rows": 1,
      "Plan Width": 8,
      "Actual Startup Time": 807.825,
      "Actual Total Time": 846.545,
      "Actual Rows": 1,
      "Actual Loops": 1,
      "Plans": [
        {
          "Node Type": "Gather",
          "Parent Relationship": "Outer",
          "Parallel Aware": false,
          "Startup Cost": 352035.29,
          "Total Cost": 352035.9,
          "Plan Rows": 6,
          "Plan Width": 8,
          "Actual Startup Time": 807.657,
          "Actual Total Time": 846.525,
          "Actual Rows": 7,
          "Actual Loops": 1,
          "Workers Planned": 6,
          "Workers Launched": 6,
          "Single Copy": false,
          "Plans": [
            {
              "Node Type": "Aggregate",
              "Strategy": "Plain",
              "Partial Mode": "Partial",
              "Parent Relationship": "Outer",
              "Parallel Aware": false,
              "Startup Cost": 351035.29,
              "Total Cost": 351035.3,
              "Plan Rows": 1,
              "Plan Width": 8,
              "Actual Startup Time": 802.372,
              "Actual Total Time": 802.373,
              "Actual Rows": 1,
              "Actual Loops": 7,
              "Plans": [
                {
                  "Node Type": "Seq Scan",
                  "Parent Relationship": "Outer",
                  "Parallel Aware": true,
                  "Relation Name": "cast_info",
                  "Alias": "ci",
                  "Startup Cost": 0.0,
                  "Total Cost": 343316.27,
                  "Plan Rows": 3087606,
                  "Plan Width": 0,
                  "Actual Startup Time": 47.352,
                  "Actual Total Time": 679.4,
                  "Actual Rows": 2552532,
                  "Actual Loops": 7,
                  "Filter": "((person_id > 303573) AND (role_id < 3))",
                  "Rows Removed by Filter": 2625232
                }
              ]
            }
          ]
        }
      ]
    },
    "Planning Time": 0.194,
    "Triggers": [],
    "Execution Time": 846.603
  }
]