{
  "Plan": {
    "Node Type": "Aggregate",
    "Strategy": "Plain",
    "Partial Mode": "Finalize",
    "Parallel Aware": false,
    "Startup Cost": 119250.04,
    "Total Cost": 119250.05,
    "Plan Rows": 1,
    "Plan Width": 8,
    "Actual Startup Time": 262.224,
    "Actual Total Time": 281.511,
    "Actual Rows": 1,
    "Actual Loops": 1,
    "Plans": [
      {
        "Node Type": "Gather",
        "Parent Relationship": "Outer",
        "Parallel Aware": false,
        "Startup Cost": 119249.93,
        "Total Cost": 119250.04,
        "Plan Rows": 1,
        "Plan Width": 8,
        "Actual Startup Time": 261.834,
        "Actual Total Time": 281.504,
        "Actual Rows": 2,
        "Actual Loops": 1,
        "Workers Planned": 1,
        "Workers Launched": 1,
        "Single Copy": false,
        "Plans": [
          {
            "Node Type": "Aggregate",
            "Strategy": "Plain",
            "Partial Mode": "Partial",
            "Parent Relationship": "Outer",
            "Parallel Aware": false,
            "Startup Cost": 118249.93,
            "Total Cost": 118249.94,
            "Plan Rows": 1,
            "Plan Width": 8,
            "Actual Startup Time": 255.651,
            "Actual Total Time": 255.655,
            "Actual Rows": 1,
            "Actual Loops": 2,
            "Plans": [
              {
                "Node Type": "Nested Loop",
                "Parent Relationship": "Outer",
                "Parallel Aware": false,
                "Join Type": "Inner",
                "Startup Cost": 27141.64,
                "Total Cost": 118152.73,
                "Plan Rows": 38881,
                "Plan Width": 0,
                "Actual Startup Time": 77.734,
                "Actual Total Time": 254.883,
                "Actual Rows": 9852,
                "Actual Loops": 2,
                "Inner Unique": false,
                "Plans": [
                  {
                    "Node Type": "Hash Join",
                    "Parent Relationship": "Outer",
                    "Parallel Aware": true,
                    "Join Type": "Inner",
                    "Startup Cost": 27141.2,
                    "Total Cost": 82613.73,
                    "Plan Rows": 6649,
                    "Plan Width": 8,
                    "Actual Startup Time": 77.661,
                    "Actual Total Time": 229.386,
                    "Actual Rows": 1096,
                    "Actual Loops": 2,
                    "Inner Unique": false,
                    "Hash Cond": "(t.id = mc.movie_id)",
                    "Plans": [
                      {
                        "Node Type": "Seq Scan",
                        "Parent Relationship": "Outer",
                        "Parallel Aware": true,
                        "Relation Name": "title",
                        "Alias": "t",
                        "Startup Cost": 0.0,
                        "Total Cost": 54588.39,
                        "Plan Rows": 135204,
                        "Plan Width": 4,
                        "Actual Startup Time": 0.012,
                        "Actual Total Time": 130.691,
                        "Actual Rows": 115824,
                        "Actual Loops": 2,
                        "Filter": "(production_year > 2011)",
                        "Rows Removed by Filter": 1148332
                      },
                      {
                        "Node Type": "Hash",
                        "Parent Relationship": "Inner",
                        "Parallel Aware": true,
                        "Startup Cost": 26226.95,
                        "Total Cost": 26226.95,
                        "Plan Rows": 73140,
                        "Plan Width": 4,
                        "Actual Startup Time": 75.316,
                        "Actual Total Time": 75.318,
                        "Actual Rows": 27687,
                        "Actual Loops": 2,
                        "Hash Buckets": 131072,
                        "Original Hash Buckets": 131072,
                        "Hash Batches": 1,
                        "Original Hash Batches": 1,
                        "Peak Memory Usage": 3232,
                        "Plans": [
                          {
                            "Node Type": "Bitmap Heap Scan",
                            "Parent Relationship": "Outer",
                            "Parallel Aware": true,
                            "Relation Name": "movie_companies",
                            "Alias": "mc",
                            "Startup Cost": 5276.17,
                            "Total Cost": 26226.95,
                            "Plan Rows": 73140,
                            "Plan Width": 4,
                            "Actual Startup Time": 55.908,
                            "Actual Total Time": 69.491,
                            "Actual Rows": 27687,
                            "Actual Loops": 2,
                            "Recheck Cond": "(company_id < 108)",
                            "Rows Removed by Index Recheck": 0,
                            "Filter": "(company_type_id > 1)",
                            "Rows Removed by Filter": 92788,
                            "Exact Heap Blocks": 14264,
                            "Lossy Heap Blocks": 0,
                            "Plans": [
                              {
                                "Node Type": "Bitmap Index Scan",
                                "Parent Relationship": "Outer",
                                "Parallel Aware": false,
                                "Index Name": "company_id_movie_companies",
                                "Startup Cost": 0.0,
                                "Total Cost": 5245.09,
                                "Plan Rows": 244888,
                                "Plan Width": 0,
                                "Actual Startup Time": 24.727,
                                "Actual Total Time": 24.727,
                                "Actual Rows": 240950,
                                "Actual Loops": 1,
                                "Index Cond": "(company_id < 108)"
                              }
                            ]
                          }
                        ]
                      }
                    ]
                  },
                  {
                    "Node Type": "Index Only Scan",
                    "Parent Relationship": "Inner",
                    "Parallel Aware": false,
                    "Scan Direction": "Forward",
                    "Index Name": "movie_id_movie_info",
                    "Relation Name": "movie_info",
                    "Alias": "mi",
                    "Startup Cost": 0.43,
                    "Total Cost": 4.93,
                    "Plan Rows": 42,
                    "Plan Width": 4,
                    "Actual Startup Time": 0.009,
                    "Actual Total Time": 0.022,
                    "Actual Rows": 9,
                    "Actual Loops": 2192,
                    "Index Cond": "(movie_id = t.id)",
                    "Rows Removed by Index Recheck": 0,
                    "Heap Fetches": 19705
                  }
                ]
              }
            ]
          }
        ]
      }
    ]
  },
  "Planning Time": 0.947,
  "Triggers": [],
  "Execution Time": 281.615
}