[
  {
    "Plan": {
      "Node Type": "Aggregate",
      "Strategy": "Plain",
      "Partial Mode": "Finalize",
      "Parallel Aware": false,
      "Startup Cost": 51399.81,
      "Total Cost": 51399.82,
      "Plan Rows": 1,
      "Plan Width": 8,
      "Actual Startup Time": 111.221,
      "Actual Total Time": 126.039,
      "Actual Rows": 1,
      "Actual Loops": 1,
      "Plans": [
        {
          "Node Type": "Gather",
          "Parent Relationship": "Outer",
          "Parallel Aware": false,
          "Startup Cost": 51399.39,
          "Total Cost": 51399.8,
          "Plan Rows": 4,
          "Plan Width": 8,
          "Actual Startup Time": 110.992,
          "Actual Total Time": 126.032,
          "Actual Rows": 5,
          "Actual Loops": 1,
          "Workers Planned": 4,
          "Workers Launched": 4,
          "Single Copy": false,
          "Plans": [
            {
              "Node Type": "Aggregate",
              "Strategy": "Plain",
              "Partial Mode": "Partial",
              "Parent Relationship": "Outer",
              "Parallel Aware": false,
              "Startup Cost": 50399.39,
              "Total Cost": 50399.4,
              "Plan Rows": 1,
              "Plan Width": 8,
              "Actual Startup Time": 105.431,
              "Actual Total Time": 105.433,
              "Actual Rows": 1,
              "Actual Loops": 5,
              "Plans": [
                {
                  "Node Type": "Nested Loop",
                  "Parent Relationship": "Outer",
                  "Parallel Aware": false,
                  "Join Type": "Inner",
                  "Startup Cost": 0.86,
                  "Total Cost": 50397.23,
                  "Plan Rows": 863,
                  "Plan Width": 0,
                  "Actual Startup Time": 50.977,
                  "Actual Total Time": 103.85,
                  "Actual Rows": 30735,
                  "Actual Loops": 5,
                  "Inner Unique": false,
                  "Join Filter": "(t.id = mc.movie_id)",
                  "Rows Removed by Join Filter": 0,
                  "Plans": [
                    {
                      "Node Type": "Nested Loop",
                      "Parent Relationship": "Outer",
                      "Parallel Aware": false,
                      "Join Type": "Inner",
                      "Startup Cost": 0.43,
                      "Total Cost": 49891.43,
                      "Plan Rows": 836,
                      "Plan Width": 8,
                      "Actual Startup Time": 50.886,
                      "Actual Total Time": 84.661,
                      "Actual Rows": 3988,
                      "Actual Loops": 5,
                      "Inner Unique": false,
                      "Plans": [
                        {
                          "Node Type": "Seq Scan",
                          "Parent Relationship": "Outer",
                          "Parallel Aware": true,
                          "Relation Name": "title",
                          "Alias": "t",
                          "Startup Cost": 0.0,
                          "Total Cost": 45479.59,
                          "Plan Rows": 468,
                          "Plan Width": 4,
                          "Actual Startup Time": 50.584,
                          "Actual Total Time": 74.549,
                          "Actual Rows": 547,
                          "Actual Loops": 5,
                          "Filter": "((kind_id = 1) AND (production_year = 1953))",
                          "Rows Removed by Filter": 505115
                        },
                        {
                          "Node Type": "Index Only Scan",
                          "Parent Relationship": "Inner",
                          "Parallel Aware": false,
                          "Scan Direction": "Forward",
                          "Index Name": "movie_id_movie_keyword",
                          "Relation Name": "movie_keyword",
                          "Alias": "mk",
                          "Startup Cost": 0.43,
                          "Total Cost": 8.97,
                          "Plan Rows": 46,
                          "Plan Width": 4,
                          "Actual Startup Time": 0.016,
                          "Actual Total Time": 0.017,
                          "Actual Rows": 7,
                          "Actual Loops": 2736,
                          "Index Cond": "(movie_id = t.id)",
                          "Rows Removed by Index Recheck": 0,
                          "Heap Fetches": 19941
                        }
                      ]
                    },
                    {
                      "Node Type": "Index Only Scan",
                      "Parent Relationship": "Inner",
                      "Parallel Aware": false,
                      "Scan Direction": "Forward",
                      "Index Name": "movie_id_movie_companies",
                      "Relation Name": "movie_companies",
                      "Alias": "mc",
                      "Startup Cost": 0.43,
                      "Total Cost": 0.54,
                      "Plan Rows": 5,
                      "Plan Width": 4,
                      "Actual Startup Time": 0.002,
                      "Actual Total Time": 0.004,
                      "Actual Rows": 8,
                      "Actual Loops": 19941,
                      "Index Cond": "(movie_id = mk.movie_id)",
                      "Rows Removed by Index Recheck": 0,
                      "Heap Fetches": 153677
                    }
                  ]
                }
              ]
            }
          ]
        }
      ]
    },
    "Planning Time": 0.539,
    "Triggers": [],
    "Execution Time": 126.082
  }
]