[
  {
    "Plan": {
      "Node Type": "Aggregate",
      "Strategy": "Plain",
      "Partial Mode": "Finalize",
      "Parallel Aware": false,
      "Startup Cost": 209013.34,
      "Total Cost": 209013.35,
      "Plan Rows": 1,
      "Plan Width": 8,
      "Actual Startup Time": 1348.115,
      "Actual Total Time": 1437.37,
      "Actual Rows": 1,
      "Actual Loops": 1,
      "Plans": [
        {
          "Node Type": "Gather",
          "Parent Relationship": "Outer",
          "Parallel Aware": false,
          "Startup Cost": 209013.03,
          "Total Cost": 209013.34,
          "Plan Rows": 3,
          "Plan Width": 8,
          "Actual Startup Time": 1346.689,
          "Actual Total Time": 1437.359,
          "Actual Rows": 4,
          "Actual Loops": 1,
          "Workers Planned": 3,
          "Workers Launched": 3,
          "Single Copy": false,
          "Plans": [
            {
              "Node Type": "Aggregate",
              "Strategy": "Plain",
              "Partial Mode": "Partial",
              "Parent Relationship": "Outer",
              "Parallel Aware": false,
              "Startup Cost": 208013.03,
              "Total Cost": 208013.04,
              "Plan Rows": 1,
              "Plan Width": 8,
              "Actual Startup Time": 1337.227,
              "Actual Total Time": 1337.23,
              "Actual Rows": 1,
              "Actual Loops": 4,
              "Plans": [
                {
                  "Node Type": "Nested Loop",
                  "Parent Relationship": "Outer",
                  "Parallel Aware": false,
                  "Join Type": "Inner",
                  "Startup Cost": 46443.79,
                  "Total Cost": 207810.03,
                  "Plan Rows": 81198,
                  "Plan Width": 0,
                  "Actual Startup Time": 153.286,
                  "Actual Total Time": 1326.399,
                  "Actual Rows": 222918,
                  "Actual Loops": 4,
                  "Inner Unique": false,
                  "Join Filter": "(t.id = ci.movie_id)",
                  "Rows Removed by Join Filter": 0,
                  "Plans": [
                    {
                      "Node Type": "Hash Join",
                      "Parent Relationship": "Outer",
                      "Parallel Aware": true,
                      "Join Type": "Inner",
                      "Startup Cost": 46443.22,
                      "Total Cost": 78878.42,
                      "Plan Rows": 47434,
                      "Plan Width": 8,
                      "Actual Startup Time": 153.121,
                      "Actual Total Time": 266.231,
                      "Actual Rows": 38953,
                      "Actual Loops": 4,
                      "Inner Unique": true,
                      "Hash Cond": "(mc.movie_id = t.id)",
                      "Plans": [
                        {
                          "Node Type": "Seq Scan",
                          "Parent Relationship": "Outer",
                          "Parallel Aware": true,
                          "Relation Name": "movie_companies",
                          "Alias": "mc",
                          "Startup Cost": 0.0,
                          "Total Cost": 31414.82,
                          "Plan Rows": 388715,
                          "Plan Width": 4,
                          "Actual Startup Time": 30.243,
                          "Actual Total Time": 67.795,
                          "Actual Rows": 275299,
                          "Actual Loops": 4,
                          "Filter": "((company_id < 104514) AND (company_type_id = 2))",
                          "Rows Removed by Filter": 376983
                        },
                        {
                          "Node Type": "Hash",
                          "Parent Relationship": "Inner",
                          "Parallel Aware": true,
                          "Startup Cost": 45479.1,
                          "Total Cost": 45479.1,
                          "Plan Rows": 77130,
                          "Plan Width": 4,
                          "Actual Startup Time": 119.729,
                          "Actual Total Time": 119.729,
                          "Actual Rows": 66650,
                          "Actual Loops": 4,
                          "Hash Buckets": 524288,
                          "Original Hash Buckets": 524288,
                          "Hash Batches": 1,
                          "Original Hash Batches": 1,
                          "Peak Memory Usage": 14592,
                          "Plans": [
                            {
                              "Node Type": "Seq Scan",
                              "Parent Relationship": "Outer",
                              "Parallel Aware": true,
                              "Relation Name": "title",
                              "Alias": "t",
                              "Startup Cost": 0.0,
                              "Total Cost": 45479.1,
                              "Plan Rows": 77130,
                              "Plan Width": 4,
                              "Actual Startup Time": 0.059,
                              "Actual Total Time": 95.958,
                              "Actual Rows": 66650,
                              "Actual Loops": 4,
                              "Filter": "((kind_id < 7) AND (production_year > 2007))",
                              "Rows Removed by Filter": 565428
                            }
                          ]
                        }
                      ]
                    },
                    {
                      "Node Type": "Index Scan",
                      "Parent Relationship": "Inner",
                      "Parallel Aware": false,
                      "Scan Direction": "Forward",
                      "Index Name": "movie_id_cast_info",
                      "Relation Name": "cast_info",
                      "Alias": "ci",
                      "Startup Cost": 0.56,
                      "Total Cost": 2.67,
                      "Plan Rows": 4,
                      "Plan Width": 4,
                      "Actual Startup Time": 0.02,
                      "Actual Total Time": 0.027,
                      "Actual Rows": 6,
                      "Actual Loops": 155813,
                      "Index Cond": "(movie_id = mc.movie_id)",
                      "Rows Removed by Index Recheck": 0,
                      "Filter": "((person_id > 3011879) AND (role_id > 1))",
                      "Rows Removed by Filter": 20
                    }
                  ]
                }
              ]
            }
          ]
        }
      ]
    },
    "Planning Time": 1.556,
    "Triggers": [],
    "Execution Time": 1437.485
  }
]