[
  {
    "Plan": {
      "Node Type": "Aggregate",
      "Strategy": "Plain",
      "Partial Mode": "Finalize",
      "Parallel Aware": false,
      "Startup Cost": 47111.67,
      "Total Cost": 47111.68,
      "Plan Rows": 1,
      "Plan Width": 8,
      "Actual Startup Time": 170.404,
      "Actual Total Time": 179.447,
      "Actual Rows": 1,
      "Actual Loops": 1,
      "Plans": [
        {
          "Node Type": "Gather",
          "Parent Relationship": "Outer",
          "Parallel Aware": false,
          "Startup Cost": 47111.36,
          "Total Cost": 47111.67,
          "Plan Rows": 3,
          "Plan Width": 8,
          "Actual Startup Time": 170.389,
          "Actual Total Time": 179.438,
          "Actual Rows": 4,
          "Actual Loops": 1,
          "Workers Planned": 3,
          "Workers Launched": 3,
          "Single Copy": false,
          "Plans": [
            {
              "Node Type": "Aggregate",
              "Strategy": "Plain",
              "Partial Mode": "Partial",
              "Parent Relationship": "Outer",
              "Parallel Aware": false,
              "Startup Cost": 46111.36,
              "Total Cost": 46111.37,
              "Plan Rows": 1,
              "Plan Width": 8,
              "Actual Startup Time": 161.696,
              "Actual Total Time": 161.697,
              "Actual Rows": 1,
              "Actual Loops": 4,
              "Plans": [
                {
                  "Node Type": "Seq Scan",
                  "Parent Relationship": "Outer",
                  "Parallel Aware": true,
                  "Relation Name": "movie_keyword",
                  "Alias": "mk",
                  "Startup Cost": 0.0,
                  "Total Cost": 42695.65,
                  "Plan Rows": 1366281,
                  "Plan Width": 0,
                  "Actual Startup Time": 0.038,
                  "Actual Total Time": 117.824,
                  "Actual Rows": 1057606,
                  "Actual Loops": 4,
                  "Filter": "(keyword_id < 54930)",
                  "Rows Removed by Filter": 73377
                }
              ]
            }
          ]
        }
      ]
    },
    "Planning Time": 0.093,
    "Triggers": [],
    "Execution Time": 179.477
  }
]