[
  {
    "Plan": {
      "Node Type": "Aggregate",
      "Strategy": "Plain",
      "Partial Mode": "Finalize",
      "Parallel Aware": false,
      "Startup Cost": 47104.58,
      "Total Cost": 47104.59,
      "Plan Rows": 1,
      "Plan Width": 8,
      "Actual Startup Time": 222.168,
      "Actual Total Time": 234.955,
      "Actual Rows": 1,
      "Actual Loops": 1,
      "Plans": [
        {
          "Node Type": "Gather",
          "Parent Relationship": "Outer",
          "Parallel Aware": false,
          "Startup Cost": 47104.26,
          "Total Cost": 47104.57,
          "Plan Rows": 3,
          "Plan Width": 8,
          "Actual Startup Time": 222.068,
          "Actual Total Time": 234.946,
          "Actual Rows": 4,
          "Actual Loops": 1,
          "Workers Planned": 3,
          "Workers Launched": 3,
          "Single Copy": false,
          "Plans": [
            {
              "Node Type": "Aggregate",
              "Strategy": "Plain",
              "Partial Mode": "Partial",
              "Parent Relationship": "Outer",
              "Parallel Aware": false,
              "Startup Cost": 46104.26,
              "Total Cost": 46104.27,
              "Plan Rows": 1,
              "Plan Width": 8,
              "Actual Startup Time": 214.34,
              "Actual Total Time": 214.341,
              "Actual Rows": 1,
              "Actual Loops": 4,
              "Plans": [
                {
                  "Node Type": "Seq Scan",
                  "Parent Relationship": "Outer",
                  "Parallel Aware": true,
                  "Relation Name": "movie_keyword",
                  "Alias": "mk",
                  "Startup Cost": 0.0,
                  "Total Cost": 42695.65,
                  "Plan Rows": 1363444,
                  "Plan Width": 0,
                  "Actual Startup Time": 0.058,
                  "Actual Total Time": 154.825,
                  "Actual Rows": 1057606,
                  "Actual Loops": 4,
                  "Filter": "(keyword_id < 54930)",
                  "Rows Removed by Filter": 73377
                }
              ]
            }
          ]
        }
      ]
    },
    "Planning Time": 0.211,
    "Triggers": [],
    "Execution Time": 235.013
  }
]