[
  {
    "Plan": {
      "Node Type": "Aggregate",
      "Strategy": "Plain",
      "Partial Mode": "Finalize",
      "Parallel Aware": false,
      "Startup Cost": 410225.44,
      "Total Cost": 410225.45,
      "Plan Rows": 1,
      "Plan Width": 8,
      "Actual Startup Time": 2262.207,
      "Actual Total Time": 2327.659,
      "Actual Rows": 1,
      "Actual Loops": 1,
      "Plans": [
        {
          "Node Type": "Gather",
          "Parent Relationship": "Outer",
          "Parallel Aware": false,
          "Startup Cost": 410224.81,
          "Total Cost": 410225.42,
          "Plan Rows": 6,
          "Plan Width": 8,
          "Actual Startup Time": 2257.499,
          "Actual Total Time": 2327.65,
          "Actual Rows": 7,
          "Actual Loops": 1,
          "Workers Planned": 6,
          "Workers Launched": 6,
          "Single Copy": false,
          "Plans": [
            {
              "Node Type": "Aggregate",
              "Strategy": "Plain",
              "Partial Mode": "Partial",
              "Parent Relationship": "Outer",
              "Parallel Aware": false,
              "Startup Cost": 409224.81,
              "Total Cost": 409224.82,
              "Plan Rows": 1,
              "Plan Width": 8,
              "Actual Startup Time": 2245.351,
              "Actual Total Time": 2245.355,
              "Actual Rows": 1,
              "Actual Loops": 7,
              "Plans": [
                {
                  "Node Type": "Hash Join",
                  "Parent Relationship": "Outer",
                  "Parallel Aware": true,
                  "Join Type": "Inner",
                  "Startup Cost": 48634.35,
                  "Total Cost": 404448.79,
                  "Plan Rows": 1910408,
                  "Plan Width": 0,
                  "Actual Startup Time": 284.184,
                  "Actual Total Time": 2164.038,
                  "Actual Rows": 1907619,
                  "Actual Loops": 7,
                  "Inner Unique": true,
                  "Hash Cond": "(ci.movie_id = t.id)",
                  "Plans": [
                    {
                      "Node Type": "Seq Scan",
                      "Parent Relationship": "Outer",
                      "Parallel Aware": true,
                      "Relation Name": "cast_info",
                      "Alias": "ci",
                      "Startup Cost": 0.0,
                      "Total Cost": 343257.03,
                      "Plan Rows": 4783769,
                      "Plan Width": 4,
                      "Actual Startup Time": 89.315,
                      "Actual Total Time": 735.125,
                      "Actual Rows": 4067658,
                      "Actual Loops": 7,
                      "Filter": "((person_id > 724879) AND (role_id < 11))",
                      "Rows Removed by Filter": 1110106
                    },
                    {
                      "Node Type": "Hash",
                      "Parent Relationship": "Inner",
                      "Parallel Aware": true,
                      "Startup Cost": 45479.1,
                      "Total Cost": 45479.1,
                      "Plan Rows": 252420,
                      "Plan Width": 4,
                      "Actual Startup Time": 191.426,
                      "Actual Total Time": 191.428,
                      "Actual Rows": 157260,
                      "Actual Loops": 7,
                      "Hash Buckets": 2097152,
                      "Original Hash Buckets": 1048576,
                      "Hash Batches": 1,
                      "Original Hash Batches": 1,
                      "Peak Memory Usage": 67744,
                      "Plans": [
                        {
                          "Node Type": "Seq Scan",
                          "Parent Relationship": "Outer",
                          "Parallel Aware": true,
                          "Relation Name": "title",
                          "Alias": "t",
                          "Startup Cost": 0.0,
                          "Total Cost": 45479.1,
                          "Plan Rows": 252420,
                          "Plan Width": 4,
                          "Actual Startup Time": 0.057,
                          "Actual Total Time": 83.034,
                          "Actual Rows": 157260,
                          "Actual Loops": 7,
                          "Filter": "((kind_id > 2) AND (production_year > 1999))",
                          "Rows Removed by Filter": 203927
                        }
                      ]
                    }
                  ]
                }
              ]
            }
          ]
        }
      ]
    },
    "Planning Time": 0.558,
    "Triggers": [],
    "Execution Time": 2327.742
  }
]