[
  {
    "Plan": {
      "Node Type": "Aggregate",
      "Strategy": "Plain",
      "Partial Mode": "Finalize",
      "Parallel Aware": false,
      "Startup Cost": 33035.12,
      "Total Cost": 33035.13,
      "Plan Rows": 1,
      "Plan Width": 8,
      "Actual Startup Time": 89.41,
      "Actual Total Time": 94.782,
      "Actual Rows": 1,
      "Actual Loops": 1,
      "Plans": [
        {
          "Node Type": "Gather",
          "Parent Relationship": "Outer",
          "Parallel Aware": false,
          "Startup Cost": 33034.8,
          "Total Cost": 33035.11,
          "Plan Rows": 3,
          "Plan Width": 8,
          "Actual Startup Time": 89.284,
          "Actual Total Time": 94.773,
          "Actual Rows": 4,
          "Actual Loops": 1,
          "Workers Planned": 3,
          "Workers Launched": 3,
          "Single Copy": false,
          "Plans": [
            {
              "Node Type": "Aggregate",
              "Strategy": "Plain",
              "Partial Mode": "Partial",
              "Parent Relationship": "Outer",
              "Parallel Aware": false,
              "Startup Cost": 32034.8,
              "Total Cost": 32034.81,
              "Plan Rows": 1,
              "Plan Width": 8,
              "Actual Startup Time": 84.03,
              "Actual Total Time": 84.031,
              "Actual Rows": 1,
              "Actual Loops": 4,
              "Plans": [
                {
                  "Node Type": "Seq Scan",
                  "Parent Relationship": "Outer",
                  "Parallel Aware": true,
                  "Relation Name": "movie_companies",
                  "Alias": "mc",
                  "Startup Cost": 0.0,
                  "Total Cost": 31414.82,
                  "Plan Rows": 247993,
                  "Plan Width": 0,
                  "Actual Startup Time": 0.029,
                  "Actual Total Time": 71.0,
                  "Actual Rows": 268366,
                  "Actual Loops": 4,
                  "Filter": "((company_id < 15563) AND (company_type_id < 2))",
                  "Rows Removed by Filter": 383917
                }
              ]
            }
          ]
        }
      ]
    },
    "Planning Time": 0.224,
    "Triggers": [],
    "Execution Time": 94.847
  }
]