{
  "Plan": {
    "Node Type": "Aggregate",
    "Strategy": "Plain",
    "Partial Mode": "Finalize",
    "Parallel Aware": false,
    "Startup Cost": 126876.63,
    "Total Cost": 126876.64,
    "Plan Rows": 1,
    "Plan Width": 8,
    "Actual Startup Time": 603.585,
    "Actual Total Time": 621.924,
    "Actual Rows": 1,
    "Actual Loops": 1,
    "Plans": [
      {
        "Node Type": "Gather",
        "Parent Relationship": "Outer",
        "Parallel Aware": false,
        "Startup Cost": 126876.51,
        "Total Cost": 126876.62,
        "Plan Rows": 1,
        "Plan Width": 8,
        "Actual Startup Time": 600.885,
        "Actual Total Time": 621.917,
        "Actual Rows": 2,
        "Actual Loops": 1,
        "Workers Planned": 1,
        "Workers Launched": 1,
        "Single Copy": false,
        "Plans": [
          {
            "Node Type": "Aggregate",
            "Strategy": "Plain",
            "Partial Mode": "Partial",
            "Parent Relationship": "Outer",
            "Parallel Aware": false,
            "Startup Cost": 125876.51,
            "Total Cost": 125876.52,
            "Plan Rows": 1,
            "Plan Width": 8,
            "Actual Startup Time": 592.547,
            "Actual Total Time": 592.551,
            "Actual Rows": 1,
            "Actual Loops": 2,
            "Plans": [
              {
                "Node Type": "Hash Join",
                "Parent Relationship": "Outer",
                "Parallel Aware": true,
                "Join Type": "Inner",
                "Startup Cost": 90488.68,
                "Total Cost": 125167.12,
                "Plan Rows": 283757,
                "Plan Width": 0,
                "Actual Startup Time": 403.058,
                "Actual Total Time": 586.026,
                "Actual Rows": 133409,
                "Actual Loops": 2,
                "Inner Unique": true,
                "Hash Cond": "(mk.movie_id = t.id)",
                "Plans": [
                  {
                    "Node Type": "Bitmap Heap Scan",
                    "Parent Relationship": "Outer",
                    "Parallel Aware": true,
                    "Relation Name": "movie_keyword",
                    "Alias": "mk",
                    "Startup Cost": 24378.68,
                    "Total Cost": 57282.63,
                    "Plan Rows": 675996,
                    "Plan Width": 4,
                    "Actual Startup Time": 70.175,
                    "Actual Total Time": 164.21,
                    "Actual Rows": 575125,
                    "Actual Loops": 2,
                    "Recheck Cond": "(keyword_id > 16184)",
                    "Rows Removed by Index Recheck": 0,
                    "Exact Heap Blocks": 12182,
                    "Lossy Heap Blocks": 0,
                    "Plans": [
                      {
                        "Node Type": "Bitmap Index Scan",
                        "Parent Relationship": "Outer",
                        "Parallel Aware": false,
                        "Index Name": "keyword_id_movie_keyword",
                        "Startup Cost": 0.0,
                        "Total Cost": 24091.38,
                        "Plan Rows": 1149193,
                        "Plan Width": 0,
                        "Actual Startup Time": 66.552,
                        "Actual Total Time": 66.553,
                        "Actual Rows": 1150250,
                        "Actual Loops": 1,
                        "Index Cond": "(keyword_id > 16184)"
                      }
                    ]
                  },
                  {
                    "Node Type": "Hash",
                    "Parent Relationship": "Inner",
                    "Parallel Aware": true,
                    "Startup Cost": 58306.47,
                    "Total Cost": 58306.47,
                    "Plan Rows": 624283,
                    "Plan Width": 4,
                    "Actual Startup Time": 318.341,
                    "Actual Total Time": 318.342,
                    "Actual Rows": 576176,
                    "Actual Loops": 2,
                    "Hash Buckets": 2097152,
                    "Original Hash Buckets": 2097152,
                    "Hash Batches": 1,
                    "Original Hash Batches": 1,
                    "Peak Memory Usage": 61504,
                    "Plans": [
                      {
                        "Node Type": "Seq Scan",
                        "Parent Relationship": "Outer",
                        "Parallel Aware": true,
                        "Relation Name": "title",
                        "Alias": "t",
                        "Startup Cost": 0.0,
                        "Total Cost": 58306.47,
                        "Plan Rows": 624283,
                        "Plan Width": 4,
                        "Actual Startup Time": 0.031,
                        "Actual Total Time": 165.427,
                        "Actual Rows": 576176,
                        "Actual Loops": 2,
                        "Filter": "((kind_id > 1) AND (production_year > 1999))",
                        "Rows Removed by Filter": 687980
                      }
                    ]
                  }
                ]
              }
            ]
          }
        ]
      }
    ]
  },
  "Planning Time": 0.609,
  "Triggers": [],
  "Execution Time": 622.015
}