{
  "Plan": {
    "Node Type": "Aggregate",
    "Strategy": "Plain",
    "Partial Mode": "Finalize",
    "Parallel Aware": false,
    "Startup Cost": 616040.13,
    "Total Cost": 616040.14,
    "Plan Rows": 1,
    "Plan Width": 8,
    "Actual Startup Time": 1738.426,
    "Actual Total Time": 1765.651,
    "Actual Rows": 1,
    "Actual Loops": 1,
    "Plans": [
      {
        "Node Type": "Gather",
        "Parent Relationship": "Outer",
        "Parallel Aware": false,
        "Startup Cost": 616040.01,
        "Total Cost": 616040.12,
        "Plan Rows": 1,
        "Plan Width": 8,
        "Actual Startup Time": 1737.854,
        "Actual Total Time": 1765.643,
        "Actual Rows": 2,
        "Actual Loops": 1,
        "Workers Planned": 1,
        "Workers Launched": 1,
        "Single Copy": false,
        "Plans": [
          {
            "Node Type": "Aggregate",
            "Strategy": "Plain",
            "Partial Mode": "Partial",
            "Parent Relationship": "Outer",
            "Parallel Aware": false,
            "Startup Cost": 615040.01,
            "Total Cost": 615040.02,
            "Plan Rows": 1,
            "Plan Width": 8,
            "Actual Startup Time": 1733.854,
            "Actual Total Time": 1733.858,
            "Actual Rows": 1,
            "Actual Loops": 2,
            "Plans": [
              {
                "Node Type": "Nested Loop",
                "Parent Relationship": "Outer",
                "Parallel Aware": false,
                "Join Type": "Inner",
                "Startup Cost": 241966.96,
                "Total Cost": 614874.37,
                "Plan Rows": 66258,
                "Plan Width": 0,
                "Actual Startup Time": 521.596,
                "Actual Total Time": 1718.153,
                "Actual Rows": 344460,
                "Actual Loops": 2,
                "Inner Unique": false,
                "Join Filter": "(t.id = mc.movie_id)",
                "Rows Removed by Join Filter": 0,
                "Plans": [
                  {
                    "Node Type": "Hash Join",
                    "Parent Relationship": "Outer",
                    "Parallel Aware": true,
                    "Join Type": "Inner",
                    "Startup Cost": 241966.53,
                    "Total Cost": 569412.79,
                    "Plan Rows": 75022,
                    "Plan Width": 8,
                    "Actual Startup Time": 521.458,
                    "Actual Total Time": 1365.971,
                    "Actual Rows": 71661,
                    "Actual Loops": 2,
                    "Inner Unique": true,
                    "Hash Cond": "(ci.movie_id = t.id)",
                    "Plans": [
                      {
                        "Node Type": "Bitmap Heap Scan",
                        "Parent Relationship": "Outer",
                        "Parallel Aware": true,
                        "Relation Name": "cast_info",
                        "Alias": "ci",
                        "Startup Cost": 185585.42,
                        "Total Cost": 500056.91,
                        "Plan Rows": 4942759,
                        "Plan Width": 4,
                        "Actual Startup Time": 383.08,
                        "Actual Total Time": 788.438,
                        "Actual Rows": 4153886,
                        "Actual Loops": 2,
                        "Recheck Cond": "(person_id > 2852120)",
                        "Rows Removed by Index Recheck": 0,
                        "Exact Heap Blocks": 51642,
                        "Lossy Heap Blocks": 0,
                        "Plans": [
                          {
                            "Node Type": "Bitmap Index Scan",
                            "Parent Relationship": "Outer",
                            "Parallel Aware": false,
                            "Index Name": "person_id_cast_info",
                            "Startup Cost": 0.0,
                            "Total Cost": 183484.75,
                            "Plan Rows": 8402691,
                            "Plan Width": 0,
                            "Actual Startup Time": 366.443,
                            "Actual Total Time": 366.443,
                            "Actual Rows": 8307772,
                            "Actual Loops": 1,
                            "Index Cond": "(person_id > 2852120)"
                          }
                        ]
                      },
                      {
                        "Node Type": "Hash",
                        "Parent Relationship": "Inner",
                        "Parallel Aware": true,
                        "Startup Cost": 56098.94,
                        "Total Cost": 56098.94,
                        "Plan Rows": 22574,
                        "Plan Width": 4,
                        "Actual Startup Time": 137.042,
                        "Actual Total Time": 137.043,
                        "Actual Rows": 16109,
                        "Actual Loops": 2,
                        "Hash Buckets": 65536,
                        "Original Hash Buckets": 65536,
                        "Hash Batches": 1,
                        "Original Hash Batches": 1,
                        "Peak Memory Usage": 1792,
                        "Plans": [
                          {
                            "Node Type": "Bitmap Heap Scan",
                            "Parent Relationship": "Outer",
                            "Parallel Aware": true,
                            "Relation Name": "title",
                            "Alias": "t",
                            "Startup Cost": 13448.55,
                            "Total Cost": 56098.94,
                            "Plan Rows": 22574,
                            "Plan Width": 4,
                            "Actual Startup Time": 48.665,
                            "Actual Total Time": 132.909,
                            "Actual Rows": 16109,
                            "Actual Loops": 2,
                            "Recheck Cond": "(kind_id < 3)",
                            "Rows Removed by Index Recheck": 0,
                            "Filter": "(production_year = 2009)",
                            "Rows Removed by Filter": 360730,
                            "Exact Heap Blocks": 27488,
                            "Lossy Heap Blocks": 0,
                            "Plans": [
                              {
                                "Node Type": "Bitmap Index Scan",
                                "Parent Relationship": "Outer",
                                "Parallel Aware": false,
                                "Index Name": "kind_id_title",
                                "Startup Cost": 0.0,
                                "Total Cost": 13438.96,
                                "Plan Rows": 753937,
                                "Plan Width": 0,
                                "Actual Startup Time": 44.257,
                                "Actual Total Time": 44.258,
                                "Actual Rows": 753677,
                                "Actual Loops": 1,
                                "Index Cond": "(kind_id < 3)"
                              }
                            ]
                          }
                        ]
                      }
                    ]
                  },
                  {
                    "Node Type": "Index Scan",
                    "Parent Relationship": "Inner",
                    "Parallel Aware": false,
                    "Scan Direction": "Forward",
                    "Index Name": "movie_id_movie_companies",
                    "Relation Name": "movie_companies",
                    "Alias": "mc",
                    "Startup Cost": 0.43,
                    "Total Cost": 0.54,
                    "Plan Rows": 5,
                    "Plan Width": 4,
                    "Actual Startup Time": 0.003,
                    "Actual Total Time": 0.004,
                    "Actual Rows": 5,
                    "Actual Loops": 143322,
                    "Index Cond": "(movie_id = ci.movie_id)",
                    "Rows Removed by Index Recheck": 0,
                    "Filter": "(company_id < 84193)",
                    "Rows Removed by Filter": 1
                  }
                ]
              }
            ]
          }
        ]
      }
    ]
  },
  "Planning Time": 0.833,
  "Triggers": [],
  "Execution Time": 1765.787
}