[
  {
    "Plan": {
      "Node Type": "Aggregate",
      "Strategy": "Plain",
      "Partial Mode": "Finalize",
      "Parallel Aware": false,
      "Startup Cost": 45267.23,
      "Total Cost": 45267.24,
      "Plan Rows": 1,
      "Plan Width": 8,
      "Actual Startup Time": 152.222,
      "Actual Total Time": 161.392,
      "Actual Rows": 1,
      "Actual Loops": 1,
      "Plans": [
        {
          "Node Type": "Gather",
          "Parent Relationship": "Outer",
          "Parallel Aware": false,
          "Startup Cost": 45266.92,
          "Total Cost": 45267.23,
          "Plan Rows": 3,
          "Plan Width": 8,
          "Actual Startup Time": 152.053,
          "Actual Total Time": 161.384,
          "Actual Rows": 4,
          "Actual Loops": 1,
          "Workers Planned": 3,
          "Workers Launched": 3,
          "Single Copy": false,
          "Plans": [
            {
              "Node Type": "Aggregate",
              "Strategy": "Plain",
              "Partial Mode": "Partial",
              "Parent Relationship": "Outer",
              "Parallel Aware": false,
              "Startup Cost": 44266.92,
              "Total Cost": 44266.93,
              "Plan Rows": 1,
              "Plan Width": 8,
              "Actual Startup Time": 143.901,
              "Actual Total Time": 143.902,
              "Actual Rows": 1,
              "Actual Loops": 4,
              "Plans": [
                {
                  "Node Type": "Seq Scan",
                  "Parent Relationship": "Outer",
                  "Parallel Aware": true,
                  "Relation Name": "movie_keyword",
                  "Alias": "mk",
                  "Startup Cost": 0.0,
                  "Total Cost": 42695.65,
                  "Plan Rows": 628505,
                  "Plan Width": 0,
                  "Actual Startup Time": 1.026,
                  "Actual Total Time": 119.147,
                  "Actual Rows": 484860,
                  "Actual Loops": 4,
                  "Filter": "(keyword_id > 6812)",
                  "Rows Removed by Filter": 646123
                }
              ]
            }
          ]
        }
      ]
    },
    "Planning Time": 0.229,
    "Triggers": [],
    "Execution Time": 161.446
  }
]