{
  "Plan": {
    "Node Type": "Aggregate",
    "Strategy": "Plain",
    "Partial Mode": "Finalize",
    "Parallel Aware": false,
    "Startup Cost": 101199.23,
    "Total Cost": 101199.24,
    "Plan Rows": 1,
    "Plan Width": 8,
    "Actual Startup Time": 384.184,
    "Actual Total Time": 391.439,
    "Actual Rows": 1,
    "Actual Loops": 1,
    "Plans": [
      {
        "Node Type": "Gather",
        "Parent Relationship": "Outer",
        "Parallel Aware": false,
        "Startup Cost": 101199.12,
        "Total Cost": 101199.23,
        "Plan Rows": 1,
        "Plan Width": 8,
        "Actual Startup Time": 382.889,
        "Actual Total Time": 391.431,
        "Actual Rows": 2,
        "Actual Loops": 1,
        "Workers Planned": 1,
        "Workers Launched": 1,
        "Single Copy": false,
        "Plans": [
          {
            "Node Type": "Aggregate",
            "Strategy": "Plain",
            "Partial Mode": "Partial",
            "Parent Relationship": "Outer",
            "Parallel Aware": false,
            "Startup Cost": 100199.12,
            "Total Cost": 100199.13,
            "Plan Rows": 1,
            "Plan Width": 8,
            "Actual Startup Time": 376.715,
            "Actual Total Time": 376.719,
            "Actual Rows": 1,
            "Actual Loops": 2,
            "Plans": [
              {
                "Node Type": "Hash Join",
                "Parent Relationship": "Outer",
                "Parallel Aware": true,
                "Join Type": "Inner",
                "Startup Cost": 74007.35,
                "Total Cost": 100051.23,
                "Plan Rows": 59156,
                "Plan Width": 0,
                "Actual Startup Time": 274.169,
                "Actual Total Time": 368.549,
                "Actual Rows": 196270,
                "Actual Loops": 2,
                "Inner Unique": true,
                "Hash Cond": "(mc.movie_id = t.id)",
                "Plans": [
                  {
                    "Node Type": "Bitmap Heap Scan",
                    "Parent Relationship": "Outer",
                    "Parallel Aware": true,
                    "Relation Name": "movie_companies",
                    "Alias": "mc",
                    "Startup Cost": 16266.92,
                    "Total Cost": 41718.86,
                    "Plan Rows": 225499,
                    "Plan Width": 4,
                    "Actual Startup Time": 52.582,
                    "Actual Total Time": 102.207,
                    "Actual Rows": 354827,
                    "Actual Loops": 2,
                    "Recheck Cond": "(company_id > 34041)",
                    "Rows Removed by Index Recheck": 0,
                    "Filter": "(company_type_id = 2)",
                    "Rows Removed by Filter": 29944,
                    "Exact Heap Blocks": 9378,
                    "Lossy Heap Blocks": 0,
                    "Plans": [
                      {
                        "Node Type": "Bitmap Index Scan",
                        "Parent Relationship": "Outer",
                        "Parallel Aware": false,
                        "Index Name": "company_id_movie_companies",
                        "Startup Cost": 0.0,
                        "Total Cost": 16171.08,
                        "Plan Rows": 755020,
                        "Plan Width": 0,
                        "Actual Startup Time": 34.932,
                        "Actual Total Time": 34.933,
                        "Actual Rows": 769542,
                        "Actual Loops": 1,
                        "Index Cond": "(company_id > 34041)"
                      }
                    ]
                  },
                  {
                    "Node Type": "Hash",
                    "Parent Relationship": "Inner",
                    "Parallel Aware": true,
                    "Startup Cost": 52863.55,
                    "Total Cost": 52863.55,
                    "Plan Rows": 390151,
                    "Plan Width": 4,
                    "Actual Startup Time": 169.414,
                    "Actual Total Time": 169.415,
                    "Actual Rows": 331412,
                    "Actual Loops": 2,
                    "Hash Buckets": 1048576,
                    "Original Hash Buckets": 1048576,
                    "Hash Batches": 1,
                    "Original Hash Batches": 1,
                    "Peak Memory Usage": 34144,
                    "Plans": [
                      {
                        "Node Type": "Bitmap Heap Scan",
                        "Parent Relationship": "Outer",
                        "Parallel Aware": true,
                        "Relation Name": "title",
                        "Alias": "t",
                        "Startup Cost": 11988.66,
                        "Total Cost": 52863.55,
                        "Plan Rows": 390151,
                        "Plan Width": 4,
                        "Actual Startup Time": 30.299,
                        "Actual Total Time": 90.089,
                        "Actual Rows": 331412,
                        "Actual Loops": 2,
                        "Recheck Cond": "(kind_id = 1)",
                        "Rows Removed by Index Recheck": 0,
                        "Exact Heap Blocks": 7724,
                        "Lossy Heap Blocks": 0,
                        "Plans": [
                          {
                            "Node Type": "Bitmap Index Scan",
                            "Parent Relationship": "Outer",
                            "Parallel Aware": false,
                            "Index Name": "kind_id_title",
                            "Startup Cost": 0.0,
                            "Total Cost": 11822.85,
                            "Plan Rows": 663256,
                            "Plan Width": 0,
                            "Actual Startup Time": 28.457,
                            "Actual Total Time": 28.457,
                            "Actual Rows": 662825,
                            "Actual Loops": 1,
                            "Index Cond": "(kind_id = 1)"
                          }
                        ]
                      }
                    ]
                  }
                ]
              }
            ]
          }
        ]
      }
    ]
  },
  "Planning Time": 0.657,
  "Triggers": [],
  "Execution Time": 391.541
}