[
  {
    "Plan": {
      "Node Type": "Aggregate",
      "Strategy": "Plain",
      "Partial Mode": "Finalize",
      "Parallel Aware": false,
      "Startup Cost": 45474.03,
      "Total Cost": 45474.04,
      "Plan Rows": 1,
      "Plan Width": 8,
      "Actual Startup Time": 146.077,
      "Actual Total Time": 156.022,
      "Actual Rows": 1,
      "Actual Loops": 1,
      "Plans": [
        {
          "Node Type": "Gather",
          "Parent Relationship": "Outer",
          "Parallel Aware": false,
          "Startup Cost": 45473.71,
          "Total Cost": 45474.02,
          "Plan Rows": 3,
          "Plan Width": 8,
          "Actual Startup Time": 145.942,
          "Actual Total Time": 156.015,
          "Actual Rows": 4,
          "Actual Loops": 1,
          "Workers Planned": 3,
          "Workers Launched": 3,
          "Single Copy": false,
          "Plans": [
            {
              "Node Type": "Aggregate",
              "Strategy": "Plain",
              "Partial Mode": "Partial",
              "Parent Relationship": "Outer",
              "Parallel Aware": false,
              "Startup Cost": 44473.71,
              "Total Cost": 44473.72,
              "Plan Rows": 1,
              "Plan Width": 8,
              "Actual Startup Time": 139.512,
              "Actual Total Time": 139.513,
              "Actual Rows": 1,
              "Actual Loops": 4,
              "Plans": [
                {
                  "Node Type": "Seq Scan",
                  "Parent Relationship": "Outer",
                  "Parallel Aware": true,
                  "Relation Name": "movie_keyword",
                  "Alias": "mk",
                  "Startup Cost": 0.0,
                  "Total Cost": 42695.65,
                  "Plan Rows": 711223,
                  "Plan Width": 0,
                  "Actual Startup Time": 0.05,
                  "Actual Total Time": 114.443,
                  "Actual Rows": 551404,
                  "Actual Loops": 4,
                  "Filter": "(keyword_id < 4448)",
                  "Rows Removed by Filter": 579578
                }
              ]
            }
          ]
        }
      ]
    },
    "Planning Time": 0.148,
    "Triggers": [],
    "Execution Time": 156.075
  }
]