{
  "Plan": {
    "Node Type": "Aggregate",
    "Strategy": "Plain",
    "Partial Mode": "Finalize",
    "Parallel Aware": false,
    "Startup Cost": 99015.25,
    "Total Cost": 99015.26,
    "Plan Rows": 1,
    "Plan Width": 8,
    "Actual Startup Time": 365.037,
    "Actual Total Time": 382.25,
    "Actual Rows": 1,
    "Actual Loops": 1,
    "Plans": [
      {
        "Node Type": "Gather",
        "Parent Relationship": "Outer",
        "Parallel Aware": false,
        "Startup Cost": 99015.14,
        "Total Cost": 99015.25,
        "Plan Rows": 1,
        "Plan Width": 8,
        "Actual Startup Time": 364.296,
        "Actual Total Time": 382.242,
        "Actual Rows": 2,
        "Actual Loops": 1,
        "Workers Planned": 1,
        "Workers Launched": 1,
        "Single Copy": false,
        "Plans": [
          {
            "Node Type": "Aggregate",
            "Strategy": "Plain",
            "Partial Mode": "Partial",
            "Parent Relationship": "Outer",
            "Parallel Aware": false,
            "Startup Cost": 98015.14,
            "Total Cost": 98015.15,
            "Plan Rows": 1,
            "Plan Width": 8,
            "Actual Startup Time": 358.62,
            "Actual Total Time": 358.623,
            "Actual Rows": 1,
            "Actual Loops": 2,
            "Plans": [
              {
                "Node Type": "Hash Join",
                "Parent Relationship": "Outer",
                "Parallel Aware": true,
                "Join Type": "Inner",
                "Startup Cost": 55651.57,
                "Total Cost": 97974.37,
                "Plan Rows": 16309,
                "Plan Width": 0,
                "Actual Startup Time": 180.546,
                "Actual Total Time": 357.668,
                "Actual Rows": 15394,
                "Actual Loops": 2,
                "Inner Unique": true,
                "Hash Cond": "(mc.movie_id = t.id)",
                "Plans": [
                  {
                    "Node Type": "Index Scan",
                    "Parent Relationship": "Outer",
                    "Parallel Aware": true,
                    "Scan Direction": "Forward",
                    "Index Name": "company_type_id_movie_companies",
                    "Relation Name": "movie_companies",
                    "Alias": "mc",
                    "Startup Cost": 0.43,
                    "Total Cost": 41574.35,
                    "Plan Rows": 285285,
                    "Plan Width": 4,
                    "Actual Startup Time": 0.057,
                    "Actual Total Time": 127.411,
                    "Actual Rows": 345238,
                    "Actual Loops": 2,
                    "Index Cond": "(company_type_id < 2)",
                    "Rows Removed by Index Recheck": 0,
                    "Filter": "(company_id < 4456)",
                    "Rows Removed by Filter": 291886
                  },
                  {
                    "Node Type": "Hash",
                    "Parent Relationship": "Inner",
                    "Parallel Aware": true,
                    "Startup Cost": 54588.39,
                    "Total Cost": 54588.39,
                    "Plan Rows": 85020,
                    "Plan Width": 4,
                    "Actual Startup Time": 177.161,
                    "Actual Total Time": 177.162,
                    "Actual Rows": 70852,
                    "Actual Loops": 2,
                    "Hash Buckets": 262144,
                    "Original Hash Buckets": 262144,
                    "Hash Batches": 1,
                    "Original Hash Batches": 1,
                    "Peak Memory Usage": 7616,
                    "Plans": [
                      {
                        "Node Type": "Seq Scan",
                        "Parent Relationship": "Outer",
                        "Parallel Aware": true,
                        "Relation Name": "title",
                        "Alias": "t",
                        "Startup Cost": 0.0,
                        "Total Cost": 54588.39,
                        "Plan Rows": 85020,
                        "Plan Width": 4,
                        "Actual Startup Time": 0.029,
                        "Actual Total Time": 154.416,
                        "Actual Rows": 70852,
                        "Actual Loops": 2,
                        "Filter": "(production_year = 2010)",
                        "Rows Removed by Filter": 1193304
                      }
                    ]
                  }
                ]
              }
            ]
          }
        ]
      }
    ]
  },
  "Planning Time": 0.469,
  "Triggers": [],
  "Execution Time": 382.326
}