[
  {
    "Plan": {
      "Node Type": "Aggregate",
      "Strategy": "Plain",
      "Partial Mode": "Finalize",
      "Parallel Aware": false,
      "Startup Cost": 31390.79,
      "Total Cost": 31390.8,
      "Plan Rows": 1,
      "Plan Width": 8,
      "Actual Startup Time": 82.276,
      "Actual Total Time": 88.198,
      "Actual Rows": 1,
      "Actual Loops": 1,
      "Plans": [
        {
          "Node Type": "Gather",
          "Parent Relationship": "Outer",
          "Parallel Aware": false,
          "Startup Cost": 31390.47,
          "Total Cost": 31390.78,
          "Plan Rows": 3,
          "Plan Width": 8,
          "Actual Startup Time": 82.166,
          "Actual Total Time": 88.191,
          "Actual Rows": 4,
          "Actual Loops": 1,
          "Workers Planned": 3,
          "Workers Launched": 3,
          "Single Copy": false,
          "Plans": [
            {
              "Node Type": "Aggregate",
              "Strategy": "Plain",
              "Partial Mode": "Partial",
              "Parent Relationship": "Outer",
              "Parallel Aware": false,
              "Startup Cost": 30390.47,
              "Total Cost": 30390.48,
              "Plan Rows": 1,
              "Plan Width": 8,
              "Actual Startup Time": 79.075,
              "Actual Total Time": 79.076,
              "Actual Rows": 1,
              "Actual Loops": 4,
              "Plans": [
                {
                  "Node Type": "Seq Scan",
                  "Parent Relationship": "Outer",
                  "Parallel Aware": true,
                  "Relation Name": "movie_companies",
                  "Alias": "mc",
                  "Startup Cost": 0.0,
                  "Total Cost": 29310.68,
                  "Plan Rows": 431917,
                  "Plan Width": 0,
                  "Actual Startup Time": 0.011,
                  "Actual Total Time": 64.694,
                  "Actual Rows": 336559,
                  "Actual Loops": 4,
                  "Filter": "(company_id < 11539)",
                  "Rows Removed by Filter": 315724
                }
              ]
            }
          ]
        }
      ]
    },
    "Planning Time": 0.098,
    "Triggers": [],
    "Execution Time": 88.229
  }
]