{
  "Plan": {
    "Node Type": "Aggregate",
    "Strategy": "Plain",
    "Partial Mode": "Finalize",
    "Parallel Aware": false,
    "Startup Cost": 120121.59,
    "Total Cost": 120121.6,
    "Plan Rows": 1,
    "Plan Width": 8,
    "Actual Startup Time": 1181.586,
    "Actual Total Time": 1236.278,
    "Actual Rows": 1,
    "Actual Loops": 1,
    "Plans": [
      {
        "Node Type": "Gather",
        "Parent Relationship": "Outer",
        "Parallel Aware": false,
        "Startup Cost": 120121.47,
        "Total Cost": 120121.58,
        "Plan Rows": 1,
        "Plan Width": 8,
        "Actual Startup Time": 1181.33,
        "Actual Total Time": 1236.27,
        "Actual Rows": 2,
        "Actual Loops": 1,
        "Workers Planned": 1,
        "Workers Launched": 1,
        "Single Copy": false,
        "Plans": [
          {
            "Node Type": "Aggregate",
            "Strategy": "Plain",
            "Partial Mode": "Partial",
            "Parent Relationship": "Outer",
            "Parallel Aware": false,
            "Startup Cost": 119121.47,
            "Total Cost": 119121.48,
            "Plan Rows": 1,
            "Plan Width": 8,
            "Actual Startup Time": 1176.385,
            "Actual Total Time": 1176.389,
            "Actual Rows": 1,
            "Actual Loops": 2,
            "Plans": [
              {
                "Node Type": "Nested Loop",
                "Parent Relationship": "Outer",
                "Parallel Aware": false,
                "Join Type": "Inner",
                "Startup Cost": 33327.66,
                "Total Cost": 118734.51,
                "Plan Rows": 154787,
                "Plan Width": 0,
                "Actual Startup Time": 68.763,
                "Actual Total Time": 1141.567,
                "Actual Rows": 766697,
                "Actual Loops": 2,
                "Inner Unique": false,
                "Plans": [
                  {
                    "Node Type": "Hash Join",
                    "Parent Relationship": "Outer",
                    "Parallel Aware": true,
                    "Join Type": "Inner",
                    "Startup Cost": 33327.1,
                    "Total Cost": 76703.96,
                    "Plan Rows": 10802,
                    "Plan Width": 8,
                    "Actual Startup Time": 68.672,
                    "Actual Total Time": 178.737,
                    "Actual Rows": 28220,
                    "Actual Loops": 2,
                    "Inner Unique": false,
                    "Hash Cond": "(t.id = mc.movie_id)",
                    "Plans": [
                      {
                        "Node Type": "Bitmap Heap Scan",
                        "Parent Relationship": "Outer",
                        "Parallel Aware": true,
                        "Relation Name": "title",
                        "Alias": "t",
                        "Startup Cost": 11988.66,
                        "Total Cost": 52863.55,
                        "Plan Rows": 390151,
                        "Plan Width": 4,
                        "Actual Startup Time": 21.468,
                        "Actual Total Time": 69.151,
                        "Actual Rows": 331412,
                        "Actual Loops": 2,
                        "Recheck Cond": "(kind_id < 2)",
                        "Rows Removed by Index Recheck": 0,
                        "Exact Heap Blocks": 8018,
                        "Lossy Heap Blocks": 0,
                        "Plans": [
                          {
                            "Node Type": "Bitmap Index Scan",
                            "Parent Relationship": "Outer",
                            "Parallel Aware": false,
                            "Index Name": "kind_id_title",
                            "Startup Cost": 0.0,
                            "Total Cost": 11822.85,
                            "Plan Rows": 663256,
                            "Plan Width": 0,
                            "Actual Startup Time": 19.651,
                            "Actual Total Time": 19.652,
                            "Actual Rows": 662825,
                            "Actual Loops": 1,
                            "Index Cond": "(kind_id < 2)"
                          }
                        ]
                      },
                      {
                        "Node Type": "Hash",
                        "Parent Relationship": "Inner",
                        "Parallel Aware": true,
                        "Startup Cost": 20823.7,
                        "Total Cost": 20823.7,
                        "Plan Rows": 41179,
                        "Plan Width": 4,
                        "Actual Startup Time": 35.708,
                        "Actual Total Time": 35.709,
                        "Actual Rows": 33458,
                        "Actual Loops": 2,
                        "Hash Buckets": 131072,
                        "Original Hash Buckets": 131072,
                        "Hash Batches": 1,
                        "Original Hash Batches": 1,
                        "Peak Memory Usage": 3680,
                        "Plans": [
                          {
                            "Node Type": "Bitmap Heap Scan",
                            "Parent Relationship": "Outer",
                            "Parallel Aware": true,
                            "Relation Name": "movie_companies",
                            "Alias": "mc",
                            "Startup Cost": 1518.96,
                            "Total Cost": 20823.7,
                            "Plan Rows": 41179,
                            "Plan Width": 4,
                            "Actual Startup Time": 7.399,
                            "Actual Total Time": 24.203,
                            "Actual Rows": 33458,
                            "Actual Loops": 2,
                            "Recheck Cond": "(company_id > 178776)",
                            "Rows Removed by Index Recheck": 0,
                            "Exact Heap Blocks": 1634,
                            "Lossy Heap Blocks": 0,
                            "Plans": [
                              {
                                "Node Type": "Bitmap Index Scan",
                                "Parent Relationship": "Outer",
                                "Parallel Aware": false,
                                "Index Name": "company_id_movie_companies",
                                "Startup Cost": 0.0,
                                "Total Cost": 1501.46,
                                "Plan Rows": 70004,
                                "Plan Width": 0,
                                "Actual Startup Time": 8.972,
                                "Actual Total Time": 8.973,
                                "Actual Rows": 66916,
                                "Actual Loops": 1,
                                "Index Cond": "(company_id > 178776)"
                              }
                            ]
                          }
                        ]
                      }
                    ]
                  },
                  {
                    "Node Type": "Index Only Scan",
                    "Parent Relationship": "Inner",
                    "Parallel Aware": false,
                    "Scan Direction": "Forward",
                    "Index Name": "movie_id_cast_info",
                    "Relation Name": "cast_info",
                    "Alias": "ci",
                    "Startup Cost": 0.56,
                    "Total Cost": 3.52,
                    "Plan Rows": 37,
                    "Plan Width": 4,
                    "Actual Startup Time": 0.005,
                    "Actual Total Time": 0.032,
                    "Actual Rows": 27,
                    "Actual Loops": 56441,
                    "Index Cond": "(movie_id = t.id)",
                    "Rows Removed by Index Recheck": 0,
                    "Heap Fetches": 1533394
                  }
                ]
              }
            ]
          }
        ]
      }
    ]
  },
  "Planning Time": 1.017,
  "Triggers": [],
  "Execution Time": 1236.417
}