[
  {
    "Plan": {
      "Node Type": "Aggregate",
      "Strategy": "Plain",
      "Partial Mode": "Finalize",
      "Parallel Aware": false,
      "Startup Cost": 453633.23,
      "Total Cost": 453633.24,
      "Plan Rows": 1,
      "Plan Width": 8,
      "Actual Startup Time": 4221.941,
      "Actual Total Time": 4279.345,
      "Actual Rows": 1,
      "Actual Loops": 1,
      "Plans": [
        {
          "Node Type": "Gather",
          "Parent Relationship": "Outer",
          "Parallel Aware": false,
          "Startup Cost": 453632.6,
          "Total Cost": 453633.21,
          "Plan Rows": 6,
          "Plan Width": 8,
          "Actual Startup Time": 4194.363,
          "Actual Total Time": 4279.33,
          "Actual Rows": 7,
          "Actual Loops": 1,
          "Workers Planned": 6,
          "Workers Launched": 6,
          "Single Copy": false,
          "Plans": [
            {
              "Node Type": "Aggregate",
              "Strategy": "Plain",
              "Partial Mode": "Partial",
              "Parent Relationship": "Outer",
              "Parallel Aware": false,
              "Startup Cost": 452632.6,
              "Total Cost": 452632.61,
              "Plan Rows": 1,
              "Plan Width": 8,
              "Actual Startup Time": 4172.351,
              "Actual Total Time": 4172.862,
              "Actual Rows": 1,
              "Actual Loops": 7,
              "Plans": [
                {
                  "Node Type": "Hash Join",
                  "Parent Relationship": "Outer",
                  "Parallel Aware": true,
                  "Join Type": "Inner",
                  "Startup Cost": 88140.12,
                  "Total Cost": 440089.11,
                  "Plan Rows": 5017395,
                  "Plan Width": 0,
                  "Actual Startup Time": 641.261,
                  "Actual Total Time": 3732.449,
                  "Actual Rows": 9523326,
                  "Actual Loops": 7,
                  "Inner Unique": false,
                  "Hash Cond": "(ci.movie_id = t.id)",
                  "Plans": [
                    {
                      "Node Type": "Seq Scan",
                      "Parent Relationship": "Outer",
                      "Parallel Aware": true,
                      "Relation Name": "cast_info",
                      "Alias": "ci",
                      "Startup Cost": 0.0,
                      "Total Cost": 313106.51,
                      "Plan Rows": 6041951,
                      "Plan Width": 4,
                      "Actual Startup Time": 0.042,
                      "Actual Total Time": 575.75,
                      "Actual Rows": 5177763,
                      "Actual Loops": 7
                    },
                    {
                      "Node Type": "Hash",
                      "Parent Relationship": "Inner",
                      "Parallel Aware": true,
                      "Startup Cost": 79673.71,
                      "Total Cost": 79673.71,
                      "Plan Rows": 677313,
                      "Plan Width": 8,
                      "Actual Startup Time": 633.306,
                      "Actual Total Time": 633.815,
                      "Actual Rows": 262581,
                      "Actual Loops": 7,
                      "Hash Buckets": 4194304,
                      "Original Hash Buckets": 4194304,
                      "Hash Batches": 1,
                      "Original Hash Batches": 1,
                      "Peak Memory Usage": 104832,
                      "Plans": [
                        {
                          "Node Type": "Hash Join",
                          "Parent Relationship": "Outer",
                          "Parallel Aware": true,
                          "Join Type": "Inner",
                          "Startup Cost": 50257.82,
                          "Total Cost": 79673.71,
                          "Plan Rows": 677313,
                          "Plan Width": 8,
                          "Actual Startup Time": 290.376,
                          "Actual Total Time": 501.324,
                          "Actual Rows": 262581,
                          "Actual Loops": 7,
                          "Inner Unique": true,
                          "Hash Cond": "(mc.movie_id = t.id)",
                          "Plans": [
                            {
                              "Node Type": "Seq Scan",
                              "Parent Relationship": "Outer",
                              "Parallel Aware": true,
                              "Relation Name": "movie_companies",
                              "Alias": "mc",
                              "Startup Cost": 0.0,
                              "Total Cost": 27206.55,
                              "Plan Rows": 841655,
                              "Plan Width": 4,
                              "Actual Startup Time": 0.016,
                              "Actual Total Time": 50.414,
                              "Actual Rows": 372733,
                              "Actual Loops": 7
                            },
                            {
                              "Node Type": "Hash",
                              "Parent Relationship": "Inner",
                              "Parallel Aware": true,
                              "Startup Cost": 43899.32,
                              "Total Cost": 43899.32,
                              "Plan Rows": 508680,
                              "Plan Width": 4,
                              "Actual Startup Time": 286.86,
                              "Actual Total Time": 286.862,
                              "Actual Rows": 288386,
                              "Actual Loops": 7,
                              "Hash Buckets": 2097152,
                              "Original Hash Buckets": 2097152,
                              "Hash Batches": 1,
                              "Original Hash Batches": 1,
                              "Peak Memory Usage": 95456,
                              "Plans": [
                                {
                                  "Node Type": "Seq Scan",
                                  "Parent Relationship": "Outer",
                                  "Parallel Aware": true,
                                  "Relation Name": "title",
                                  "Alias": "t",
                                  "Startup Cost": 0.0,
                                  "Total Cost": 43899.32,
                                  "Plan Rows": 508680,
                                  "Plan Width": 4,
                                  "Actual Startup Time": 0.087,
                                  "Actual Total Time": 104.72,
                                  "Actual Rows": 288386,
                                  "Actual Loops": 7,
                                  "Filter": "(production_year > 1974)",
                                  "Rows Removed by Filter": 72801
                                }
                              ]
                            }
                          ]
                        }
                      ]
                    }
                  ]
                }
              ]
            }
          ]
        }
      ]
    },
    "Planning Time": 0.823,
    "Triggers": [],
    "Execution Time": 4279.427
  }
]