[
  {
    "Plan": {
      "Node Type": "Aggregate",
      "Strategy": "Plain",
      "Partial Mode": "Simple",
      "Parallel Aware": false,
      "Startup Cost": 8851.64,
      "Total Cost": 8851.65,
      "Plan Rows": 1,
      "Plan Width": 128,
      "Actual Startup Time": 48682.871,
      "Actual Total Time": 48682.893,
      "Actual Rows": 1,
      "Actual Loops": 1,
      "Output": [
        "min(mi.info)",
        "min(mi_idx.info)",
        "min(n.name)",
        "min(t.title)"
      ],
      "Plans": [
        {
          "Node Type": "Nested Loop",
          "Parent Relationship": "Outer",
          "Parallel Aware": false,
          "Join Type": "Inner",
          "Startup Cost": 13.04,
          "Total Cost": 8851.63,
          "Plan Rows": 1,
          "Plan Width": 80,
          "Actual Startup Time": 1455.611,
          "Actual Total Time": 48661.481,
          "Actual Rows": 4407,
          "Actual Loops": 1,
          "Output": [
            "mi.info",
            "mi_idx.info",
            "n.name",
            "t.title"
          ],
          "Inner Unique": true,
          "Plans": [
            {
              "Node Type": "Nested Loop",
              "Parent Relationship": "Outer",
              "Parallel Aware": false,
              "Join Type": "Inner",
              "Startup Cost": 12.61,
              "Total Cost": 8850.94,
              "Plan Rows": 1,
              "Plan Width": 69,
              "Actual Startup Time": 1166.893,
              "Actual Total Time": 47998.634,
              "Actual Rows": 7112,
              "Actual Loops": 1,
              "Output": [
                "ci.person_id",
                "mi.info",
                "mi_idx.info",
                "t.title"
              ],
              "Inner Unique": true,
              "Join Filter": "(mi_idx.info_type_id = it2.id)",
              "Rows Removed by Join Filter": 14236,
              "Plans": [
                {
                  "Node Type": "Nested Loop",
                  "Parent Relationship": "Outer",
                  "Parallel Aware": false,
                  "Join Type": "Inner",
                  "Startup Cost": 12.61,
                  "Total Cost": 8848.52,
                  "Plan Rows": 1,
                  "Plan Width": 73,
                  "Actual Startup Time": 1166.078,
                  "Actual Total Time": 47597.869,
                  "Actual Rows": 21348,
                  "Actual Loops": 1,
                  "Output": [
                    "ci.person_id",
                    "mi.info",
                    "mi_idx.info",
                    "mi_idx.info_type_id",
                    "t.title"
                  ],
                  "Inner Unique": false,
                  "Join Filter": "(t.id = mi_idx.movie_id)",
                  "Rows Removed by Join Filter": 0,
                  "Plans": [
                    {
                      "Node Type": "Nested Loop",
                      "Parent Relationship": "Outer",
                      "Parallel Aware": false,
                      "Join Type": "Inner",
                      "Startup Cost": 12.19,
                      "Total Cost": 8847.99,
                      "Plan Rows": 1,
                      "Plan Width": 80,
                      "Actual Startup Time": 1164.838,
                      "Actual Total Time": 47205.974,
                      "Actual Rows": 7602,
                      "Actual Loops": 1,
                      "Output": [
                        "ci.movie_id",
                        "ci.person_id",
                        "mi.info",
                        "mi.movie_id",
                        "mk.movie_id",
                        "t.title",
                        "t.id"
                      ],
                      "Inner Unique": false,
                      "Join Filter": "(t.id = ci.movie_id)",
                      "Rows Removed by Join Filter": 0,
                      "Plans": [
                        {
                          "Node Type": "Nested Loop",
                          "Parent Relationship": "Outer",
                          "Parallel Aware": false,
                          "Join Type": "Inner",
                          "Startup Cost": 11.62,
                          "Total Cost": 8846.17,
                          "Plan Rows": 1,
                          "Plan Width": 72,
                          "Actual Startup Time": 27.651,
                          "Actual Total Time": 26507.651,
                          "Actual Rows": 12438,
                          "Actual Loops": 1,
                          "Output": [
                            "mi.info",
                            "mi.movie_id",
                            "mk.movie_id",
                            "t.title",
                            "t.id"
                          ],
                          "Inner Unique": false,
                          "Join Filter": "(mi.info_type_id = it1.id)",
                          "Rows Removed by Join Filter": 871,
                          "Plans": [
                            {
                              "Node Type": "Seq Scan",
                              "Parent Relationship": "Outer",
                              "Parallel Aware": false,
                              "Relation Name": "info_type",
                              "Schema": "public",
                              "Alias": "it1",
                              "Startup Cost": 0.0,
                              "Total Cost": 2.41,
                              "Plan Rows": 1,
                              "Plan Width": 4,
                              "Actual Startup Time": 0.03,
                              "Actual Total Time": 0.057,
                              "Actual Rows": 1,
                              "Actual Loops": 1,
                              "Output": [
                                "it1.id",
                                "it1.info"
                              ],
                              "Filter": "((it1.info)::text = 'genres'::text)",
                              "Rows Removed by Filter": 112
                            },
                            {
                              "Node Type": "Nested Loop",
                              "Parent Relationship": "Inner",
                              "Parallel Aware": false,
                              "Join Type": "Inner",
                              "Startup Cost": 11.62,
                              "Total Cost": 8825.01,
                              "Plan Rows": 1500,
                              "Plan Width": 76,
                              "Actual Startup Time": 27.616,
                              "Actual Total Time": 26492.112,
                              "Actual Rows": 13309,
                              "Actual Loops": 1,
                              "Output": [
                                "mk.movie_id",
                                "mi.info",
                                "mi.movie_id",
                                "mi.info_type_id",
                                "t.title",
                                "t.id"
                              ],
                              "Inner Unique": true,
                              "Join Filter": "(mi.movie_id = t.id)",
                              "Rows Removed by Join Filter": 0,
                              "Plans": [
                                {
                                  "Node Type": "Nested Loop",
                                  "Parent Relationship": "Outer",
                                  "Parallel Aware": false,
                                  "Join Type": "Inner",
                                  "Startup Cost": 11.19,
                                  "Total Cost": 8817.51,
                                  "Plan Rows": 15,
                                  "Plan Width": 55,
                                  "Actual Startup Time": 27.448,
                                  "Actual Total Time": 25744.4,
                                  "Actual Rows": 13309,
                                  "Actual Loops": 1,
                                  "Output": [
                                    "mk.movie_id",
                                    "mi.info",
                                    "mi.movie_id",
                                    "mi.info_type_id"
                                  ],
                                  "Inner Unique": false,
                                  "Plans": [
                                    {
                                      "Node Type": "Nested Loop",
                                      "Parent Relationship": "Outer",
                                      "Parallel Aware": false,
                                      "Join Type": "Inner",
                                      "Startup Cost": 10.76,
                                      "Total Cost": 8578.18,
                                      "Plan Rows": 169,
                                      "Plan Width": 4,
                                      "Actual Startup Time": 11.502,
                                      "Actual Total Time": 1801.173,
                                      "Actual Rows": 62096,
                                      "Actual Loops": 1,
                                      "Output": [
                                        "mk.movie_id"
                                      ],
                                      "Inner Unique": false,
                                      "Plans": [
                                        {
                                          "Node Type": "Seq Scan",
                                          "Parent Relationship": "Outer",
                                          "Parallel Aware": false,
                                          "Relation Name": "keyword",
                                          "Schema": "public",
                                          "Alias": "k",
                                          "Startup Cost": 0.0,
                                          "Total Cost": 3129.26,
                                          "Plan Rows": 5,
                                          "Plan Width": 4,
                                          "Actual Startup Time": 2.328,
                                          "Actual Total Time": 43.922,
                                          "Actual Rows": 5,
                                          "Actual Loops": 1,
                                          "Output": [
                                            "k.id",
                                            "k.keyword",
                                            "k.phonetic_code"
                                          ],
                                          "Filter": "(k.keyword = ANY ('{murder,blood,gore,death,female-nudity}'::text[]))",
                                          "Rows Removed by Filter": 134165
                                        },
                                        {
                                          "Node Type": "Bitmap Heap Scan",
                                          "Parent Relationship": "Inner",
                                          "Parallel Aware": false,
                                          "Relation Name": "movie_keyword",
                                          "Schema": "public",
                                          "Alias": "mk",
                                          "Startup Cost": 10.76,
                                          "Total Cost": 1086.78,
                                          "Plan Rows": 300,
                                          "Plan Width": 8,
                                          "Actual Startup Time": 6.615,
                                          "Actual Total Time": 342.222,
                                          "Actual Rows": 12419,
                                          "Actual Loops": 5,
                                          "Output": [
                                            "mk.id",
                                            "mk.movie_id",
                                            "mk.keyword_id"
                                          ],
                                          "Recheck Cond": "(mk.keyword_id = k.id)",
                                          "Rows Removed by Index Recheck": 0,
                                          "Exact Heap Blocks": 41331,
                                          "Lossy Heap Blocks": 0,
                                          "Plans": [
                                            {
                                              "Node Type": "Bitmap Index Scan",
                                              "Parent Relationship": "Outer",
                                              "Parallel Aware": false,
                                              "Index Name": "keyword_id_movie_keyword",
                                              "Startup Cost": 0.0,
                                              "Total Cost": 10.68,
                                              "Plan Rows": 300,
                                              "Plan Width": 0,
                                              "Actual Startup Time": 4.701,
                                              "Actual Total Time": 4.701,
                                              "Actual Rows": 12419,
                                              "Actual Loops": 5,
                                              "Index Cond": "(mk.keyword_id = k.id)"
                                            }
                                          ]
                                        }
                                      ]
                                    },
                                    {
                                      "Node Type": "Index Scan",
                                      "Parent Relationship": "Inner",
                                      "Parallel Aware": false,
                                      "Scan Direction": "Forward",
                                      "Index Name": "movie_id_movie_info",
                                      "Relation Name": "movie_info",
                                      "Schema": "public",
                                      "Alias": "mi",
                                      "Startup Cost": 0.43,
                                      "Total Cost": 1.41,
                                      "Plan Rows": 1,
                                      "Plan Width": 51,
                                      "Actual Startup Time": 0.381,
                                      "Actual Total Time": 0.383,
                                      "Actual Rows": 0,
                                      "Actual Loops": 62096,
                                      "Output": [
                                        "mi.id",
                                        "mi.movie_id",
                                        "mi.info_type_id",
                                        "mi.info",
                                        "mi.note"
                                      ],
                                      "Index Cond": "(mi.movie_id = mk.movie_id)",
                                      "Rows Removed by Index Recheck": 0,
                                      "Filter": "(mi.info = 'Horror'::text)",
                                      "Rows Removed by Filter": 47
                                    }
                                  ]
                                },
                                {
                                  "Node Type": "Index Scan",
                                  "Parent Relationship": "Inner",
                                  "Parallel Aware": false,
                                  "Scan Direction": "Forward",
                                  "Index Name": "title_pkey",
                                  "Relation Name": "title",
                                  "Schema": "public",
                                  "Alias": "t",
                                  "Startup Cost": 0.43,
                                  "Total Cost": 0.49,
                                  "Plan Rows": 1,
                                  "Plan Width": 21,
                                  "Actual Startup Time": 0.05,
                                  "Actual Total Time": 0.05,
                                  "Actual Rows": 1,
                                  "Actual Loops": 13309,
                                  "Output": [
                                    "t.id",
                                    "t.title",
                                    "t.imdb_index",
                                    "t.kind_id",
                                    "t.production_year",
                                    "t.imdb_id",
                                    "t.phonetic_code",
                                    "t.episode_of_id",
                                    "t.season_nr",
                                    "t.episode_nr",
                                    "t.series_years",
                                    "t.md5sum"
                                  ],
                                  "Index Cond": "(t.id = mk.movie_id)",
                                  "Rows Removed by Index Recheck": 0
                                }
                              ]
                            }
                          ]
                        },
                        {
                          "Node Type": "Index Scan",
                          "Parent Relationship": "Inner",
                          "Parallel Aware": false,
                          "Scan Direction": "Forward",
                          "Index Name": "movie_id_cast_info",
                          "Relation Name": "cast_info",
                          "Schema": "public",
                          "Alias": "ci",
                          "Startup Cost": 0.56,
                          "Total Cost": 1.81,
                          "Plan Rows": 1,
                          "Plan Width": 8,
                          "Actual Startup Time": 1.472,
                          "Actual Total Time": 1.66,
                          "Actual Rows": 1,
                          "Actual Loops": 12438,
                          "Output": [
                            "ci.id",
                            "ci.person_id",
                            "ci.movie_id",
                            "ci.person_role_id",
                            "ci.note",
                            "ci.nr_order",
                            "ci.role_id"
                          ],
                          "Index Cond": "(ci.movie_id = mk.movie_id)",
                          "Rows Removed by Index Recheck": 0,
                          "Filter": "(ci.note = ANY ('{(writer),\"(head writer)\",\"(written by)\",(story),\"(story editor)\"}'::text[]))",
                          "Rows Removed by Filter": 44
                        }
                      ]
                    },
                    {
                      "Node Type": "Index Scan",
                      "Parent Relationship": "Inner",
                      "Parallel Aware": false,
                      "Scan Direction": "Forward",
                      "Index Name": "movie_id_movie_info_idx",
                      "Relation Name": "movie_info_idx",
                      "Schema": "public",
                      "Alias": "mi_idx",
                      "Startup Cost": 0.43,
                      "Total Cost": 0.49,
                      "Plan Rows": 3,
                      "Plan Width": 13,
                      "Actual Startup Time": 0.043,
                      "Actual Total Time": 0.044,
                      "Actual Rows": 3,
                      "Actual Loops": 7602,
                      "Output": [
                        "mi_idx.id",
                        "mi_idx.movie_id",
                        "mi_idx.info_type_id",
                        "mi_idx.info",
                        "mi_idx.note"
                      ],
                      "Index Cond": "(mi_idx.movie_id = mk.movie_id)",
                      "Rows Removed by Index Recheck": 0
                    }
                  ]
                },
                {
                  "Node Type": "Seq Scan",
                  "Parent Relationship": "Inner",
                  "Parallel Aware": false,
                  "Relation Name": "info_type",
                  "Schema": "public",
                  "Alias": "it2",
                  "Startup Cost": 0.0,
                  "Total Cost": 2.41,
                  "Plan Rows": 1,
                  "Plan Width": 4,
                  "Actual Startup Time": 0.013,
                  "Actual Total Time": 0.013,
                  "Actual Rows": 1,
                  "Actual Loops": 21348,
                  "Output": [
                    "it2.id",
                    "it2.info"
                  ],
                  "Filter": "((it2.info)::text = 'votes'::text)",
                  "Rows Removed by Filter": 108
                }
              ]
            },
            {
              "Node Type": "Index Scan",
              "Parent Relationship": "Inner",
              "Parallel Aware": false,
              "Scan Direction": "Forward",
              "Index Name": "name_pkey",
              "Relation Name": "name",
              "Schema": "public",
              "Alias": "n",
              "Startup Cost": 0.43,
              "Total Cost": 0.68,
              "Plan Rows": 1,
              "Plan Width": 19,
              "Actual Startup Time": 0.088,
              "Actual Total Time": 0.088,
              "Actual Rows": 1,
              "Actual Loops": 7112,
              "Output": [
                "n.id",
                "n.name",
                "n.imdb_index",
                "n.imdb_id",
                "n.gender",
                "n.name_pcode_cf",
                "n.name_pcode_nf",
                "n.surname_pcode",
                "n.md5sum"
              ],
              "Index Cond": "(n.id = ci.person_id)",
              "Rows Removed by Index Recheck": 0,
              "Filter": "((n.gender)::text = 'm'::text)",
              "Rows Removed by Filter": 0
            }
          ]
        }
      ]
    },
    "Planning Time": 6091.398,
    "Triggers": [],
    "Execution Time": 48683.427
  }
]