[
  {
    "Plan": {
      "Node Type": "Aggregate",
      "Strategy": "Plain",
      "Partial Mode": "Simple",
      "Parallel Aware": false,
      "Startup Cost": 21323.76,
      "Total Cost": 21323.77,
      "Plan Rows": 1,
      "Plan Width": 8,
      "Actual Startup Time": 10.725,
      "Actual Total Time": 10.726,
      "Actual Rows": 1,
      "Actual Loops": 1,
      "Plans": [
        {
          "Node Type": "Bitmap Heap Scan",
          "Parent Relationship": "Outer",
          "Parallel Aware": false,
          "Relation Name": "movie_keyword",
          "Alias": "mk",
          "Startup Cost": 270.38,
          "Total Cost": 21292.17,
          "Plan Rows": 12638,
          "Plan Width": 0,
          "Actual Startup Time": 1.619,
          "Actual Total Time": 9.907,
          "Actual Rows": 11150,
          "Actual Loops": 1,
          "Recheck Cond": "(keyword_id > 124115)",
          "Rows Removed by Index Recheck": 0,
          "Exact Heap Blocks": 3509,
          "Lossy Heap Blocks": 0,
          "Plans": [
            {
              "Node Type": "Bitmap Index Scan",
              "Parent Relationship": "Outer",
              "Parallel Aware": false,
              "Index Name": "keyword_id_movie_keyword",
              "Startup Cost": 0.0,
              "Total Cost": 267.22,
              "Plan Rows": 12638,
              "Plan Width": 0,
              "Actual Startup Time": 1.036,
              "Actual Total Time": 1.037,
              "Actual Rows": 11150,
              "Actual Loops": 1,
              "Index Cond": "(keyword_id > 124115)"
            }
          ]
        }
      ]
    },
    "Planning Time": 0.132,
    "Triggers": [],
    "Execution Time": 10.755
  }
]