[
  {
    "Plan": {
      "Node Type": "Aggregate",
      "Strategy": "Plain",
      "Partial Mode": "Finalize",
      "Parallel Aware": false,
      "Startup Cost": 33269.41,
      "Total Cost": 33269.42,
      "Plan Rows": 1,
      "Plan Width": 8,
      "Actual Startup Time": 98.092,
      "Actual Total Time": 104.81,
      "Actual Rows": 1,
      "Actual Loops": 1,
      "Plans": [
        {
          "Node Type": "Gather",
          "Parent Relationship": "Outer",
          "Parallel Aware": false,
          "Startup Cost": 33269.1,
          "Total Cost": 33269.41,
          "Plan Rows": 3,
          "Plan Width": 8,
          "Actual Startup Time": 97.995,
          "Actual Total Time": 104.803,
          "Actual Rows": 4,
          "Actual Loops": 1,
          "Workers Planned": 3,
          "Workers Launched": 3,
          "Single Copy": false,
          "Plans": [
            {
              "Node Type": "Aggregate",
              "Strategy": "Plain",
              "Partial Mode": "Partial",
              "Parent Relationship": "Outer",
              "Parallel Aware": false,
              "Startup Cost": 32269.1,
              "Total Cost": 32269.11,
              "Plan Rows": 1,
              "Plan Width": 8,
              "Actual Startup Time": 90.752,
              "Actual Total Time": 90.753,
              "Actual Rows": 1,
              "Actual Loops": 4,
              "Plans": [
                {
                  "Node Type": "Seq Scan",
                  "Parent Relationship": "Outer",
                  "Parallel Aware": true,
                  "Relation Name": "movie_companies",
                  "Alias": "mc",
                  "Startup Cost": 0.0,
                  "Total Cost": 31414.82,
                  "Plan Rows": 341711,
                  "Plan Width": 0,
                  "Actual Startup Time": 44.137,
                  "Actual Total Time": 79.394,
                  "Actual Rows": 298637,
                  "Actual Loops": 4,
                  "Filter": "((company_id > 475) AND (company_type_id > 1))",
                  "Rows Removed by Filter": 353645
                }
              ]
            }
          ]
        }
      ]
    },
    "Planning Time": 0.215,
    "Triggers": [],
    "Execution Time": 104.891
  }
]