{
  "Plan": {
    "Node Type": "Aggregate",
    "Strategy": "Plain",
    "Partial Mode": "Finalize",
    "Parallel Aware": false,
    "Startup Cost": 47867.2,
    "Total Cost": 47867.21,
    "Plan Rows": 1,
    "Plan Width": 8,
    "Actual Startup Time": 82.389,
    "Actual Total Time": 92.692,
    "Actual Rows": 1,
    "Actual Loops": 1,
    "Plans": [
      {
        "Node Type": "Gather",
        "Parent Relationship": "Outer",
        "Parallel Aware": false,
        "Startup Cost": 47867.08,
        "Total Cost": 47867.19,
        "Plan Rows": 1,
        "Plan Width": 8,
        "Actual Startup Time": 82.265,
        "Actual Total Time": 92.686,
        "Actual Rows": 2,
        "Actual Loops": 1,
        "Workers Planned": 1,
        "Workers Launched": 1,
        "Single Copy": false,
        "Plans": [
          {
            "Node Type": "Aggregate",
            "Strategy": "Plain",
            "Partial Mode": "Partial",
            "Parent Relationship": "Outer",
            "Parallel Aware": false,
            "Startup Cost": 46867.08,
            "Total Cost": 46867.09,
            "Plan Rows": 1,
            "Plan Width": 8,
            "Actual Startup Time": 76.121,
            "Actual Total Time": 76.123,
            "Actual Rows": 1,
            "Actual Loops": 2,
            "Plans": [
              {
                "Node Type": "Nested Loop",
                "Parent Relationship": "Outer",
                "Parallel Aware": false,
                "Join Type": "Inner",
                "Startup Cost": 242.16,
                "Total Cost": 46819.96,
                "Plan Rows": 18849,
                "Plan Width": 0,
                "Actual Startup Time": 3.463,
                "Actual Total Time": 73.722,
                "Actual Rows": 35735,
                "Actual Loops": 2,
                "Inner Unique": false,
                "Plans": [
                  {
                    "Node Type": "Nested Loop",
                    "Parent Relationship": "Outer",
                    "Parallel Aware": false,
                    "Join Type": "Inner",
                    "Startup Cost": 241.72,
                    "Total Cost": 40591.09,
                    "Plan Rows": 3224,
                    "Plan Width": 8,
                    "Actual Startup Time": 3.336,
                    "Actual Total Time": 25.59,
                    "Actual Rows": 3029,
                    "Actual Loops": 2,
                    "Inner Unique": true,
                    "Plans": [
                      {
                        "Node Type": "Bitmap Heap Scan",
                        "Parent Relationship": "Outer",
                        "Parallel Aware": true,
                        "Relation Name": "movie_companies",
                        "Alias": "mc",
                        "Startup Cost": 241.29,
                        "Total Cost": 17274.57,
                        "Plan Rows": 3224,
                        "Plan Width": 4,
                        "Actual Startup Time": 3.195,
                        "Actual Total Time": 9.731,
                        "Actual Rows": 3029,
                        "Actual Loops": 2,
                        "Recheck Cond": "(company_id = 11203)",
                        "Rows Removed by Index Recheck": 0,
                        "Filter": "(company_type_id < 2)",
                        "Rows Removed by Filter": 2880,
                        "Exact Heap Blocks": 2765,
                        "Lossy Heap Blocks": 0,
                        "Plans": [
                          {
                            "Node Type": "Bitmap Index Scan",
                            "Parent Relationship": "Outer",
                            "Parallel Aware": false,
                            "Index Name": "company_id_movie_companies",
                            "Startup Cost": 0.0,
                            "Total Cost": 239.92,
                            "Plan Rows": 11132,
                            "Plan Width": 0,
                            "Actual Startup Time": 4.531,
                            "Actual Total Time": 4.532,
                            "Actual Rows": 11817,
                            "Actual Loops": 1,
                            "Index Cond": "(company_id = 11203)"
                          }
                        ]
                      },
                      {
                        "Node Type": "Index Only Scan",
                        "Parent Relationship": "Inner",
                        "Parallel Aware": false,
                        "Scan Direction": "Forward",
                        "Index Name": "title_pkey",
                        "Relation Name": "title",
                        "Alias": "t",
                        "Startup Cost": 0.43,
                        "Total Cost": 7.23,
                        "Plan Rows": 1,
                        "Plan Width": 4,
                        "Actual Startup Time": 0.005,
                        "Actual Total Time": 0.005,
                        "Actual Rows": 1,
                        "Actual Loops": 6058,
                        "Index Cond": "(id = mc.movie_id)",
                        "Rows Removed by Index Recheck": 0,
                        "Heap Fetches": 6058
                      }
                    ]
                  },
                  {
                    "Node Type": "Index Only Scan",
                    "Parent Relationship": "Inner",
                    "Parallel Aware": false,
                    "Scan Direction": "Forward",
                    "Index Name": "movie_id_movie_info",
                    "Relation Name": "movie_info",
                    "Alias": "mi",
                    "Startup Cost": 0.43,
                    "Total Cost": 1.51,
                    "Plan Rows": 42,
                    "Plan Width": 4,
                    "Actual Startup Time": 0.005,
                    "Actual Total Time": 0.014,
                    "Actual Rows": 12,
                    "Actual Loops": 6058,
                    "Index Cond": "(movie_id = t.id)",
                    "Rows Removed by Index Recheck": 0,
                    "Heap Fetches": 71470
                  }
                ]
              }
            ]
          }
        ]
      }
    ]
  },
  "Planning Time": 0.898,
  "Triggers": [],
  "Execution Time": 92.788
}