[
  {
    "Plan": {
      "Node Type": "Aggregate",
      "Strategy": "Plain",
      "Partial Mode": "Finalize",
      "Parallel Aware": false,
      "Startup Cost": 246167.59,
      "Total Cost": 246167.6,
      "Plan Rows": 1,
      "Plan Width": 8,
      "Actual Startup Time": 207.966,
      "Actual Total Time": 243.485,
      "Actual Rows": 1,
      "Actual Loops": 1,
      "Plans": [
        {
          "Node Type": "Gather",
          "Parent Relationship": "Outer",
          "Parallel Aware": false,
          "Startup Cost": 246167.17,
          "Total Cost": 246167.58,
          "Plan Rows": 4,
          "Plan Width": 8,
          "Actual Startup Time": 207.833,
          "Actual Total Time": 243.477,
          "Actual Rows": 5,
          "Actual Loops": 1,
          "Workers Planned": 4,
          "Workers Launched": 4,
          "Single Copy": false,
          "Plans": [
            {
              "Node Type": "Aggregate",
              "Strategy": "Plain",
              "Partial Mode": "Partial",
              "Parent Relationship": "Outer",
              "Parallel Aware": false,
              "Startup Cost": 245167.17,
              "Total Cost": 245167.18,
              "Plan Rows": 1,
              "Plan Width": 8,
              "Actual Startup Time": 198.192,
              "Actual Total Time": 198.194,
              "Actual Rows": 1,
              "Actual Loops": 5,
              "Plans": [
                {
                  "Node Type": "Nested Loop",
                  "Parent Relationship": "Outer",
                  "Parallel Aware": false,
                  "Join Type": "Inner",
                  "Startup Cost": 0.56,
                  "Total Cost": 245094.36,
                  "Plan Rows": 29124,
                  "Plan Width": 0,
                  "Actual Startup Time": 1.486,
                  "Actual Total Time": 195.426,
                  "Actual Rows": 29189,
                  "Actual Loops": 5,
                  "Inner Unique": false,
                  "Plans": [
                    {
                      "Node Type": "Seq Scan",
                      "Parent Relationship": "Outer",
                      "Parallel Aware": true,
                      "Relation Name": "title",
                      "Alias": "t",
                      "Startup Cost": 0.0,
                      "Total Cost": 45479.1,
                      "Plan Rows": 2032,
                      "Plan Width": 4,
                      "Actual Startup Time": 0.715,
                      "Actual Total Time": 71.068,
                      "Actual Rows": 1664,
                      "Actual Loops": 5,
                      "Filter": "((kind_id < 7) AND (production_year = 1988))",
                      "Rows Removed by Filter": 503999
                    },
                    {
                      "Node Type": "Index Only Scan",
                      "Parent Relationship": "Inner",
                      "Parallel Aware": false,
                      "Scan Direction": "Forward",
                      "Index Name": "movie_id_cast_info",
                      "Relation Name": "cast_info",
                      "Alias": "ci",
                      "Startup Cost": 0.56,
                      "Total Cost": 97.87,
                      "Plan Rows": 37,
                      "Plan Width": 4,
                      "Actual Startup Time": 0.013,
                      "Actual Total Time": 0.072,
                      "Actual Rows": 18,
                      "Actual Loops": 8319,
                      "Index Cond": "(movie_id = t.id)",
                      "Rows Removed by Index Recheck": 0,
                      "Heap Fetches": 145947
                    }
                  ]
                }
              ]
            }
          ]
        }
      ]
    },
    "Planning Time": 0.595,
    "Triggers": [],
    "Execution Time": 243.566
  }
]