[
    {
        "Bao": {
            "Bao prediction": "NaN",
            "Bao recommended hint": "(no hint)"
        }
    },
    {
        "Plan": {
            "Node Type": "Aggregate",
            "Strategy": "Plain",
            "Partial Mode": "Finalize",
            "Parallel Aware": false,
            "Startup Cost": 551543.97,
            "Total Cost": 551543.98,
            "Plan Rows": 1,
            "Plan Width": 8,
            "Actual Startup Time": 1007.237,
            "Actual Total Time": 1052.056,
            "Actual Rows": 1,
            "Actual Loops": 1,
            "Output": [
                "count(*)"
            ],
            "Plans": [
                {
                    "Node Type": "Gather",
                    "Parent Relationship": "Outer",
                    "Parallel Aware": false,
                    "Startup Cost": 551543.34,
                    "Total Cost": 551543.95,
                    "Plan Rows": 6,
                    "Plan Width": 8,
                    "Actual Startup Time": 960.922,
                    "Actual Total Time": 1052.042,
                    "Actual Rows": 7,
                    "Actual Loops": 1,
                    "Output": [
                        "(PARTIAL count(*))"
                    ],
                    "Workers Planned": 6,
                    "Workers Launched": 6,
                    "Single Copy": false,
                    "Plans": [
                        {
                            "Node Type": "Aggregate",
                            "Strategy": "Plain",
                            "Partial Mode": "Partial",
                            "Parent Relationship": "Outer",
                            "Parallel Aware": false,
                            "Startup Cost": 550543.34,
                            "Total Cost": 550543.35,
                            "Plan Rows": 1,
                            "Plan Width": 8,
                            "Actual Startup Time": 950.796,
                            "Actual Total Time": 950.964,
                            "Actual Rows": 1,
                            "Actual Loops": 7,
                            "Output": [
                                "PARTIAL count(*)"
                            ],
                            "Workers": [
                                {
                                    "Worker Number": 0,
                                    "Actual Startup Time": 948.478,
                                    "Actual Total Time": 948.484,
                                    "Actual Rows": 1,
                                    "Actual Loops": 1
                                },
                                {
                                    "Worker Number": 1,
                                    "Actual Startup Time": 948.451,
                                    "Actual Total Time": 948.458,
                                    "Actual Rows": 1,
                                    "Actual Loops": 1
                                },
                                {
                                    "Worker Number": 2,
                                    "Actual Startup Time": 948.72,
                                    "Actual Total Time": 948.726,
                                    "Actual Rows": 1,
                                    "Actual Loops": 1
                                },
                                {
                                    "Worker Number": 3,
                                    "Actual Startup Time": 949.264,
                                    "Actual Total Time": 949.271,
                                    "Actual Rows": 1,
                                    "Actual Loops": 1
                                },
                                {
                                    "Worker Number": 4,
                                    "Actual Startup Time": 948.463,
                                    "Actual Total Time": 948.469,
                                    "Actual Rows": 1,
                                    "Actual Loops": 1
                                },
                                {
                                    "Worker Number": 5,
                                    "Actual Startup Time": 951.881,
                                    "Actual Total Time": 951.887,
                                    "Actual Rows": 1,
                                    "Actual Loops": 1
                                }
                            ],
                            "Plans": [
                                {
                                    "Node Type": "Hash Join",
                                    "Parent Relationship": "Outer",
                                    "Parallel Aware": true,
                                    "Join Type": "Inner",
                                    "Startup Cost": 291672.88,
                                    "Total Cost": 550049.04,
                                    "Plan Rows": 197720,
                                    "Plan Width": 0,
                                    "Actual Startup Time": 741.914,
                                    "Actual Total Time": 937.07,
                                    "Actual Rows": 208960,
                                    "Actual Loops": 7,
                                    "Inner Unique": false,
                                    "Hash Cond": "(ci.movie_id = t.id)",
                                    "Workers": [
                                        {
                                            "Worker Number": 0,
                                            "Actual Startup Time": 739.953,
                                            "Actual Total Time": 935.953,
                                            "Actual Rows": 264437,
                                            "Actual Loops": 1
                                        },
                                        {
                                            "Worker Number": 1,
                                            "Actual Startup Time": 739.752,
                                            "Actual Total Time": 934.275,
                                            "Actual Rows": 198152,
                                            "Actual Loops": 1
                                        },
                                        {
                                            "Worker Number": 2,
                                            "Actual Startup Time": 740.12,
                                            "Actual Total Time": 934.38,
                                            "Actual Rows": 199986,
                                            "Actual Loops": 1
                                        },
                                        {
                                            "Worker Number": 3,
                                            "Actual Startup Time": 740.236,
                                            "Actual Total Time": 936.115,
                                            "Actual Rows": 194341,
                                            "Actual Loops": 1
                                        },
                                        {
                                            "Worker Number": 4,
                                            "Actual Startup Time": 739.691,
                                            "Actual Total Time": 933.963,
                                            "Actual Rows": 201510,
                                            "Actual Loops": 1
                                        },
                                        {
                                            "Worker Number": 5,
                                            "Actual Startup Time": 741.956,
                                            "Actual Total Time": 938.339,
                                            "Actual Rows": 184435,
                                            "Actual Loops": 1
                                        }
                                    ],
                                    "Plans": [
                                        {
                                            "Node Type": "Bitmap Heap Scan",
                                            "Parent Relationship": "Outer",
                                            "Parallel Aware": true,
                                            "Relation Name": "cast_info",
                                            "Schema": "public",
                                            "Alias": "ci",
                                            "Startup Cost": 43152.75,
                                            "Total Cost": 299911.85,
                                            "Plan Rows": 325768,
                                            "Plan Width": 4,
                                            "Actual Startup Time": 136.881,
                                            "Actual Total Time": 197.129,
                                            "Actual Rows": 284045,
                                            "Actual Loops": 7,
                                            "Output": [
                                                "ci.id",
                                                "ci.person_id",
                                                "ci.movie_id",
                                                "ci.person_role_id",
                                                "ci.note",
                                                "ci.nr_order",
                                                "ci.role_id"
                                            ],
                                            "Recheck Cond": "(ci.person_id < 194215)",
                                            "Rows Removed by Index Recheck": 0,
                                            "Exact Heap Blocks": 3224,
                                            "Lossy Heap Blocks": 0,
                                            "Workers": [
                                                {
                                                    "Worker Number": 0,
                                                    "Actual Startup Time": 137.088,
                                                    "Actual Total Time": 196.315,
                                                    "Actual Rows": 358681,
                                                    "Actual Loops": 1
                                                },
                                                {
                                                    "Worker Number": 1,
                                                    "Actual Startup Time": 136.858,
                                                    "Actual Total Time": 199.123,
                                                    "Actual Rows": 273200,
                                                    "Actual Loops": 1
                                                },
                                                {
                                                    "Worker Number": 2,
                                                    "Actual Startup Time": 136.978,
                                                    "Actual Total Time": 198.821,
                                                    "Actual Rows": 267323,
                                                    "Actual Loops": 1
                                                },
                                                {
                                                    "Worker Number": 3,
                                                    "Actual Startup Time": 136.706,
                                                    "Actual Total Time": 198.041,
                                                    "Actual Rows": 271571,
                                                    "Actual Loops": 1
                                                },
                                                {
                                                    "Worker Number": 4,
                                                    "Actual Startup Time": 136.867,
                                                    "Actual Total Time": 199.161,
                                                    "Actual Rows": 271031,
                                                    "Actual Loops": 1
                                                },
                                                {
                                                    "Worker Number": 5,
                                                    "Actual Startup Time": 136.893,
                                                    "Actual Total Time": 198.317,
                                                    "Actual Rows": 249058,
                                                    "Actual Loops": 1
                                                }
                                            ],
                                            "Plans": [
                                                {
                                                    "Node Type": "Bitmap Index Scan",
                                                    "Parent Relationship": "Outer",
                                                    "Parallel Aware": false,
                                                    "Index Name": "person_id_cast_info",
                                                    "Startup Cost": 0.0,
                                                    "Total Cost": 42664.1,
                                                    "Plan Rows": 1954605,
                                                    "Plan Width": 0,
                                                    "Actual Startup Time": 131.812,
                                                    "Actual Total Time": 131.813,
                                                    "Actual Rows": 1988314,
                                                    "Actual Loops": 1,
                                                    "Index Cond": "(ci.person_id < 194215)",
                                                    "Workers": [
                                                        {
                                                            "Worker Number": 3,
                                                            "Actual Startup Time": 131.812,
                                                            "Actual Total Time": 131.813,
                                                            "Actual Rows": 1988314,
                                                            "Actual Loops": 1
                                                        }
                                                    ]
                                                }
                                            ]
                                        },
                                        {
                                            "Node Type": "Hash",
                                            "Parent Relationship": "Inner",
                                            "Parallel Aware": true,
                                            "Startup Cost": 244683.8,
                                            "Total Cost": 244683.8,
                                            "Plan Rows": 306906,
                                            "Plan Width": 8,
                                            "Actual Startup Time": 601.825,
                                            "Actual Total Time": 601.991,
                                            "Actual Rows": 219130,
                                            "Actual Loops": 7,
                                            "Output": [
                                                "t.id",
                                                "mi.movie_id"
                                            ],
                                            "Hash Buckets": 2097152,
                                            "Original Hash Buckets": 2097152,
                                            "Hash Batches": 1,
                                            "Original Hash Batches": 1,
                                            "Peak Memory Usage": 76544,
                                            "Workers": [
                                                {
                                                    "Worker Number": 0,
                                                    "Actual Startup Time": 602.257,
                                                    "Actual Total Time": 602.26,
                                                    "Actual Rows": 274004,
                                                    "Actual Loops": 1
                                                },
                                                {
                                                    "Worker Number": 1,
                                                    "Actual Startup Time": 602.267,
                                                    "Actual Total Time": 602.271,
                                                    "Actual Rows": 209457,
                                                    "Actual Loops": 1
                                                },
                                                {
                                                    "Worker Number": 2,
                                                    "Actual Startup Time": 602.552,
                                                    "Actual Total Time": 602.556,
                                                    "Actual Rows": 207432,
                                                    "Actual Loops": 1
                                                },
                                                {
                                                    "Worker Number": 3,
                                                    "Actual Startup Time": 603.112,
                                                    "Actual Total Time": 603.117,
                                                    "Actual Rows": 198793,
                                                    "Actual Loops": 1
                                                },
                                                {
                                                    "Worker Number": 4,
                                                    "Actual Startup Time": 602.166,
                                                    "Actual Total Time": 602.17,
                                                    "Actual Rows": 209459,
                                                    "Actual Loops": 1
                                                },
                                                {
                                                    "Worker Number": 5,
                                                    "Actual Startup Time": 604.468,
                                                    "Actual Total Time": 604.472,
                                                    "Actual Rows": 212828,
                                                    "Actual Loops": 1
                                                }
                                            ],
                                            "Plans": [
                                                {
                                                    "Node Type": "Hash Join",
                                                    "Parent Relationship": "Outer",
                                                    "Parallel Aware": true,
                                                    "Join Type": "Inner",
                                                    "Startup Cost": 78048.85,
                                                    "Total Cost": 244683.8,
                                                    "Plan Rows": 306906,
                                                    "Plan Width": 8,
                                                    "Actual Startup Time": 368.399,
                                                    "Actual Total Time": 502.393,
                                                    "Actual Rows": 219130,
                                                    "Actual Loops": 7,
                                                    "Output": [
                                                        "t.id",
                                                        "mi.movie_id"
                                                    ],
                                                    "Inner Unique": true,
                                                    "Hash Cond": "(mi.movie_id = t.id)",
                                                    "Workers": [
                                                        {
                                                            "Worker Number": 0,
                                                            "Actual Startup Time": 368.405,
                                                            "Actual Total Time": 501.656,
                                                            "Actual Rows": 274004,
                                                            "Actual Loops": 1
                                                        },
                                                        {
                                                            "Worker Number": 1,
                                                            "Actual Startup Time": 368.463,
                                                            "Actual Total Time": 502.209,
                                                            "Actual Rows": 209457,
                                                            "Actual Loops": 1
                                                        },
                                                        {
                                                            "Worker Number": 2,
                                                            "Actual Startup Time": 368.527,
                                                            "Actual Total Time": 501.951,
                                                            "Actual Rows": 207432,
                                                            "Actual Loops": 1
                                                        },
                                                        {
                                                            "Worker Number": 3,
                                                            "Actual Startup Time": 368.377,
                                                            "Actual Total Time": 501.633,
                                                            "Actual Rows": 198793,
                                                            "Actual Loops": 1
                                                        },
                                                        {
                                                            "Worker Number": 4,
                                                            "Actual Startup Time": 368.306,
                                                            "Actual Total Time": 503.815,
                                                            "Actual Rows": 209459,
                                                            "Actual Loops": 1
                                                        },
                                                        {
                                                            "Worker Number": 5,
                                                            "Actual Startup Time": 368.229,
                                                            "Actual Total Time": 501.454,
                                                            "Actual Rows": 212828,
                                                            "Actual Loops": 1
                                                        }
                                                    ],
                                                    "Plans": [
                                                        {
                                                            "Node Type": "Bitmap Heap Scan",
                                                            "Parent Relationship": "Outer",
                                                            "Parallel Aware": true,
                                                            "Relation Name": "movie_info",
                                                            "Schema": "public",
                                                            "Alias": "mi",
                                                            "Startup Cost": 27829.04,
                                                            "Total Cost": 193658.37,
                                                            "Plan Rows": 306906,
                                                            "Plan Width": 4,
                                                            "Actual Startup Time": 82.953,
                                                            "Actual Total Time": 120.312,
                                                            "Actual Rows": 219130,
                                                            "Actual Loops": 7,
                                                            "Output": [
                                                                "mi.id",
                                                                "mi.movie_id",
                                                                "mi.info_type_id",
                                                                "mi.info",
                                                                "mi.note"
                                                            ],
                                                            "Recheck Cond": "(mi.info_type_id = 3)",
                                                            "Rows Removed by Index Recheck": 0,
                                                            "Exact Heap Blocks": 1414,
                                                            "Lossy Heap Blocks": 0,
                                                            "Workers": [
                                                                {
                                                                    "Worker Number": 0,
                                                                    "Actual Startup Time": 82.987,
                                                                    "Actual Total Time": 118.967,
                                                                    "Actual Rows": 274004,
                                                                    "Actual Loops": 1
                                                                },
                                                                {
                                                                    "Worker Number": 1,
                                                                    "Actual Startup Time": 83.102,
                                                                    "Actual Total Time": 121.74,
                                                                    "Actual Rows": 209457,
                                                                    "Actual Loops": 1
                                                                },
                                                                {
                                                                    "Worker Number": 2,
                                                                    "Actual Startup Time": 83.004,
                                                                    "Actual Total Time": 121.323,
                                                                    "Actual Rows": 207432,
                                                                    "Actual Loops": 1
                                                                },
                                                                {
                                                                    "Worker Number": 3,
                                                                    "Actual Startup Time": 82.91,
                                                                    "Actual Total Time": 120.954,
                                                                    "Actual Rows": 198793,
                                                                    "Actual Loops": 1
                                                                },
                                                                {
                                                                    "Worker Number": 4,
                                                                    "Actual Startup Time": 82.974,
                                                                    "Actual Total Time": 121.461,
                                                                    "Actual Rows": 209459,
                                                                    "Actual Loops": 1
                                                                },
                                                                {
                                                                    "Worker Number": 5,
                                                                    "Actual Startup Time": 82.861,
                                                                    "Actual Total Time": 121.315,
                                                                    "Actual Rows": 212828,
                                                                    "Actual Loops": 1
                                                                }
                                                            ],
                                                            "Plans": [
                                                                {
                                                                    "Node Type": "Bitmap Index Scan",
                                                                    "Parent Relationship": "Outer",
                                                                    "Parallel Aware": false,
                                                                    "Index Name": "info_type_id_movie_info",
                                                                    "Startup Cost": 0.0,
                                                                    "Total Cost": 27445.41,
                                                                    "Plan Rows": 1534530,
                                                                    "Plan Width": 0,
                                                                    "Actual Startup Time": 80.625,
                                                                    "Actual Total Time": 80.625,
                                                                    "Actual Rows": 1533909,
                                                                    "Actual Loops": 1,
                                                                    "Index Cond": "(mi.info_type_id = 3)",
                                                                    "Workers": [
                                                                        {
                                                                            "Worker Number": 5,
                                                                            "Actual Startup Time": 80.625,
                                                                            "Actual Total Time": 80.625,
                                                                            "Actual Rows": 1533909,
                                                                            "Actual Loops": 1
                                                                        }
                                                                    ]
                                                                }
                                                            ]
                                                        },
                                                        {
                                                            "Node Type": "Hash",
                                                            "Parent Relationship": "Inner",
                                                            "Parallel Aware": true,
                                                            "Startup Cost": 42318.81,
                                                            "Total Cost": 42318.81,
                                                            "Plan Rows": 632080,
                                                            "Plan Width": 4,
                                                            "Actual Startup Time": 280.76,
                                                            "Actual Total Time": 280.761,
                                                            "Actual Rows": 361187,
                                                            "Actual Loops": 7,
                                                            "Output": [
                                                                "t.id"
                                                            ],
                                                            "Hash Buckets": 4194304,
                                                            "Original Hash Buckets": 4194304,
                                                            "Hash Batches": 1,
                                                            "Original Hash Batches": 1,
                                                            "Peak Memory Usage": 131776,
                                                            "Workers": [
                                                                {
                                                                    "Worker Number": 0,
                                                                    "Actual Startup Time": 285.141,
                                                                    "Actual Total Time": 285.142,
                                                                    "Actual Rows": 469352,
                                                                    "Actual Loops": 1
                                                                },
                                                                {
                                                                    "Worker Number": 1,
                                                                    "Actual Startup Time": 285.13,
                                                                    "Actual Total Time": 285.131,
                                                                    "Actual Rows": 349302,
                                                                    "Actual Loops": 1
                                                                },
                                                                {
                                                                    "Worker Number": 2,
                                                                    "Actual Startup Time": 285.217,
                                                                    "Actual Total Time": 285.218,
                                                                    "Actual Rows": 320272,
                                                                    "Actual Loops": 1
                                                                },
                                                                {
                                                                    "Worker Number": 3,
                                                                    "Actual Startup Time": 285.219,
                                                                    "Actual Total Time": 285.22,
                                                                    "Actual Rows": 326836,
                                                                    "Actual Loops": 1
                                                                },
                                                                {
                                                                    "Worker Number": 4,
                                                                    "Actual Startup Time": 285.05,
                                                                    "Actual Total Time": 285.051,
                                                                    "Actual Rows": 352280,
                                                                    "Actual Loops": 1
                                                                },
                                                                {
                                                                    "Worker Number": 5,
                                                                    "Actual Startup Time": 285.278,
                                                                    "Actual Total Time": 285.279,
                                                                    "Actual Rows": 255938,
                                                                    "Actual Loops": 1
                                                                }
                                                            ],
                                                            "Plans": [
                                                                {
                                                                    "Node Type": "Seq Scan",
                                                                    "Parent Relationship": "Outer",
                                                                    "Parallel Aware": true,
                                                                    "Relation Name": "title",
                                                                    "Schema": "public",
                                                                    "Alias": "t",
                                                                    "Startup Cost": 0.0,
                                                                    "Total Cost": 42318.81,
                                                                    "Plan Rows": 632080,
                                                                    "Plan Width": 4,
                                                                    "Actual Startup Time": 0.046,
                                                                    "Actual Total Time": 82.668,
                                                                    "Actual Rows": 361187,
                                                                    "Actual Loops": 7,
                                                                    "Output": [
                                                                        "t.id"
                                                                    ],
                                                                    "Workers": [
                                                                        {
                                                                            "Worker Number": 0,
                                                                            "Actual Startup Time": 0.076,
                                                                            "Actual Total Time": 78.37,
                                                                            "Actual Rows": 469352,
                                                                            "Actual Loops": 1
                                                                        },
                                                                        {
                                                                            "Worker Number": 1,
                                                                            "Actual Startup Time": 0.06,
                                                                            "Actual Total Time": 85.626,
                                                                            "Actual Rows": 349302,
                                                                            "Actual Loops": 1
                                                                        },
                                                                        {
                                                                            "Worker Number": 2,
                                                                            "Actual Startup Time": 0.034,
                                                                            "Actual Total Time": 87.062,
                                                                            "Actual Rows": 320272,
                                                                            "Actual Loops": 1
                                                                        },
                                                                        {
                                                                            "Worker Number": 3,
                                                                            "Actual Startup Time": 0.047,
                                                                            "Actual Total Time": 83.312,
                                                                            "Actual Rows": 326836,
                                                                            "Actual Loops": 1
                                                                        },
                                                                        {
                                                                            "Worker Number": 4,
                                                                            "Actual Startup Time": 0.059,
                                                                            "Actual Total Time": 85.879,
                                                                            "Actual Rows": 352280,
                                                                            "Actual Loops": 1
                                                                        },
                                                                        {
                                                                            "Worker Number": 5,
                                                                            "Actual Startup Time": 0.031,
                                                                            "Actual Total Time": 90.408,
                                                                            "Actual Rows": 255938,
                                                                            "Actual Loops": 1
                                                                        }
                                                                    ]
                                                                }
                                                            ]
                                                        }
                                                    ]
                                                }
                                            ]
                                        }
                                    ]
                                }
                            ]
                        }
                    ]
                }
            ]
        },
        "Planning Time": 303.472,
        "Triggers": [],
        "Execution Time": 1052.253
    }
]