{
  "Plan": {
    "Node Type": "Aggregate",
    "Strategy": "Plain",
    "Partial Mode": "Finalize",
    "Parallel Aware": false,
    "Startup Cost": 548559.13,
    "Total Cost": 548559.14,
    "Plan Rows": 1,
    "Plan Width": 8,
    "Actual Startup Time": 2834.952,
    "Actual Total Time": 2858.971,
    "Actual Rows": 1,
    "Actual Loops": 1,
    "Plans": [
      {
        "Node Type": "Gather",
        "Parent Relationship": "Outer",
        "Parallel Aware": false,
        "Startup Cost": 548559.02,
        "Total Cost": 548559.13,
        "Plan Rows": 1,
        "Plan Width": 8,
        "Actual Startup Time": 2828.319,
        "Actual Total Time": 2858.962,
        "Actual Rows": 2,
        "Actual Loops": 1,
        "Workers Planned": 1,
        "Workers Launched": 1,
        "Single Copy": false,
        "Plans": [
          {
            "Node Type": "Aggregate",
            "Strategy": "Plain",
            "Partial Mode": "Partial",
            "Parent Relationship": "Outer",
            "Parallel Aware": false,
            "Startup Cost": 547559.02,
            "Total Cost": 547559.03,
            "Plan Rows": 1,
            "Plan Width": 8,
            "Actual Startup Time": 2823.273,
            "Actual Total Time": 2824.32,
            "Actual Rows": 1,
            "Actual Loops": 2,
            "Plans": [
              {
                "Node Type": "Hash Join",
                "Parent Relationship": "Outer",
                "Parallel Aware": true,
                "Join Type": "Inner",
                "Startup Cost": 501885.13,
                "Total Cost": 546134.33,
                "Plan Rows": 569875,
                "Plan Width": 0,
                "Actual Startup Time": 2240.957,
                "Actual Total Time": 2745.709,
                "Actual Rows": 1476652,
                "Actual Loops": 2,
                "Inner Unique": false,
                "Hash Cond": "(mc.movie_id = t.id)",
                "Plans": [
                  {
                    "Node Type": "Seq Scan",
                    "Parent Relationship": "Outer",
                    "Parallel Aware": true,
                    "Relation Name": "movie_companies",
                    "Alias": "mc",
                    "Startup Cost": 0.0,
                    "Total Cost": 37974.77,
                    "Plan Rows": 779260,
                    "Plan Width": 4,
                    "Actual Startup Time": 53.875,
                    "Actual Total Time": 134.951,
                    "Actual Rows": 667442,
                    "Actual Loops": 2,
                    "Filter": "(company_type_id = 2)",
                    "Rows Removed by Filter": 637123
                  },
                  {
                    "Node Type": "Hash",
                    "Parent Relationship": "Inner",
                    "Parallel Aware": true,
                    "Startup Cost": 488289.91,
                    "Total Cost": 488289.91,
                    "Plan Rows": 1087617,
                    "Plan Width": 8,
                    "Actual Startup Time": 2177.441,
                    "Actual Total Time": 2178.485,
                    "Actual Rows": 955280,
                    "Actual Loops": 2,
                    "Hash Buckets": 2097152,
                    "Original Hash Buckets": 2097152,
                    "Hash Batches": 1,
                    "Original Hash Batches": 1,
                    "Peak Memory Usage": 91168,
                    "Plans": [
                      {
                        "Node Type": "Hash Join",
                        "Parent Relationship": "Outer",
                        "Parallel Aware": true,
                        "Join Type": "Inner",
                        "Startup Cost": 186479.0,
                        "Total Cost": 488289.91,
                        "Plan Rows": 1087617,
                        "Plan Width": 8,
                        "Actual Startup Time": 494.267,
                        "Actual Total Time": 1841.606,
                        "Actual Rows": 955280,
                        "Actual Loops": 2,
                        "Inner Unique": true,
                        "Hash Cond": "(ci.movie_id = t.id)",
                        "Plans": [
                          {
                            "Node Type": "Bitmap Heap Scan",
                            "Parent Relationship": "Outer",
                            "Parallel Aware": true,
                            "Relation Name": "cast_info",
                            "Alias": "ci",
                            "Startup Cost": 121947.14,
                            "Total Cost": 415232.4,
                            "Plan Rows": 3247861,
                            "Plan Width": 4,
                            "Actual Startup Time": 195.052,
                            "Actual Total Time": 568.863,
                            "Actual Rows": 2834946,
                            "Actual Loops": 2,
                            "Recheck Cond": "(person_id < 548601)",
                            "Rows Removed by Index Recheck": 0,
                            "Exact Heap Blocks": 36906,
                            "Lossy Heap Blocks": 0,
                            "Plans": [
                              {
                                "Node Type": "Bitmap Index Scan",
                                "Parent Relationship": "Outer",
                                "Parallel Aware": false,
                                "Index Name": "person_id_cast_info",
                                "Startup Cost": 0.0,
                                "Total Cost": 120566.79,
                                "Plan Rows": 5521364,
                                "Plan Width": 0,
                                "Actual Startup Time": 184.751,
                                "Actual Total Time": 184.751,
                                "Actual Rows": 5669891,
                                "Actual Loops": 1,
                                "Index Cond": "(person_id < 548601)"
                              }
                            ]
                          },
                          {
                            "Node Type": "Hash",
                            "Parent Relationship": "Inner",
                            "Parallel Aware": true,
                            "Startup Cost": 58306.47,
                            "Total Cost": 58306.47,
                            "Plan Rows": 498032,
                            "Plan Width": 4,
                            "Actual Startup Time": 295.702,
                            "Actual Total Time": 295.703,
                            "Actual Rows": 377580,
                            "Actual Loops": 2,
                            "Hash Buckets": 1048576,
                            "Original Hash Buckets": 1048576,
                            "Hash Batches": 1,
                            "Original Hash Batches": 1,
                            "Peak Memory Usage": 37760,
                            "Plans": [
                              {
                                "Node Type": "Seq Scan",
                                "Parent Relationship": "Outer",
                                "Parallel Aware": true,
                                "Relation Name": "title",
                                "Alias": "t",
                                "Startup Cost": 0.0,
                                "Total Cost": 58306.47,
                                "Plan Rows": 498032,
                                "Plan Width": 4,
                                "Actual Startup Time": 0.037,
                                "Actual Total Time": 173.063,
                                "Actual Rows": 377580,
                                "Actual Loops": 2,
                                "Filter": "((kind_id < 7) AND (production_year > 1965))",
                                "Rows Removed by Filter": 886576
                              }
                            ]
                          }
                        ]
                      }
                    ]
                  }
                ]
              }
            ]
          }
        ]
      }
    ]
  },
  "Planning Time": 0.492,
  "Triggers": [],
  "Execution Time": 2859.037
}