[
  {
    "Plan": {
      "Node Type": "Aggregate",
      "Strategy": "Plain",
      "Partial Mode": "Finalize",
      "Parallel Aware": false,
      "Startup Cost": 73692.32,
      "Total Cost": 73692.33,
      "Plan Rows": 1,
      "Plan Width": 8,
      "Actual Startup Time": 181.363,
      "Actual Total Time": 196.001,
      "Actual Rows": 1,
      "Actual Loops": 1,
      "Plans": [
        {
          "Node Type": "Gather",
          "Parent Relationship": "Outer",
          "Parallel Aware": false,
          "Startup Cost": 73692.01,
          "Total Cost": 73692.32,
          "Plan Rows": 3,
          "Plan Width": 8,
          "Actual Startup Time": 179.566,
          "Actual Total Time": 195.993,
          "Actual Rows": 4,
          "Actual Loops": 1,
          "Workers Planned": 3,
          "Workers Launched": 3,
          "Single Copy": false,
          "Plans": [
            {
              "Node Type": "Aggregate",
              "Strategy": "Plain",
              "Partial Mode": "Partial",
              "Parent Relationship": "Outer",
              "Parallel Aware": false,
              "Startup Cost": 72692.01,
              "Total Cost": 72692.02,
              "Plan Rows": 1,
              "Plan Width": 8,
              "Actual Startup Time": 170.404,
              "Actual Total Time": 170.407,
              "Actual Rows": 1,
              "Actual Loops": 4,
              "Plans": [
                {
                  "Node Type": "Hash Join",
                  "Parent Relationship": "Outer",
                  "Parallel Aware": true,
                  "Join Type": "Inner",
                  "Startup Cost": 47945.22,
                  "Total Cost": 72684.69,
                  "Plan Rows": 2925,
                  "Plan Width": 0,
                  "Actual Startup Time": 149.004,
                  "Actual Total Time": 170.224,
                  "Actual Rows": 2068,
                  "Actual Loops": 4,
                  "Inner Unique": true,
                  "Hash Cond": "(mk.movie_id = t.id)",
                  "Plans": [
                    {
                      "Node Type": "Bitmap Heap Scan",
                      "Parent Relationship": "Outer",
                      "Parallel Aware": true,
                      "Relation Name": "movie_keyword",
                      "Alias": "mk",
                      "Startup Cost": 1241.89,
                      "Total Cost": 25931.82,
                      "Plan Rows": 18875,
                      "Plan Width": 4,
                      "Actual Startup Time": 8.69,
                      "Actual Total Time": 34.325,
                      "Actual Rows": 14401,
                      "Actual Loops": 4,
                      "Recheck Cond": "(keyword_id < 56)",
                      "Rows Removed by Index Recheck": 0,
                      "Exact Heap Blocks": 7791,
                      "Lossy Heap Blocks": 0,
                      "Plans": [
                        {
                          "Node Type": "Bitmap Index Scan",
                          "Parent Relationship": "Outer",
                          "Parallel Aware": false,
                          "Index Name": "keyword_id_movie_keyword",
                          "Startup Cost": 0.0,
                          "Total Cost": 1227.26,
                          "Plan Rows": 58511,
                          "Plan Width": 0,
                          "Actual Startup Time": 5.964,
                          "Actual Total Time": 5.964,
                          "Actual Rows": 57603,
                          "Actual Loops": 1,
                          "Index Cond": "(keyword_id < 56)"
                        }
                      ]
                    },
                    {
                      "Node Type": "Hash",
                      "Parent Relationship": "Inner",
                      "Parallel Aware": true,
                      "Startup Cost": 45479.1,
                      "Total Cost": 45479.1,
                      "Plan Rows": 97938,
                      "Plan Width": 4,
                      "Actual Startup Time": 126.86,
                      "Actual Total Time": 126.86,
                      "Actual Rows": 72423,
                      "Actual Loops": 4,
                      "Hash Buckets": 524288,
                      "Original Hash Buckets": 524288,
                      "Hash Batches": 1,
                      "Original Hash Batches": 1,
                      "Peak Memory Usage": 15488,
                      "Plans": [
                        {
                          "Node Type": "Seq Scan",
                          "Parent Relationship": "Outer",
                          "Parallel Aware": true,
                          "Relation Name": "title",
                          "Alias": "t",
                          "Startup Cost": 0.0,
                          "Total Cost": 45479.1,
                          "Plan Rows": 97938,
                          "Plan Width": 4,
                          "Actual Startup Time": 49.281,
                          "Actual Total Time": 103.268,
                          "Actual Rows": 72423,
                          "Actual Loops": 4,
                          "Filter": "((production_year > 1998) AND (kind_id = 1))",
                          "Rows Removed by Filter": 559655
                        }
                      ]
                    }
                  ]
                }
              ]
            }
          ]
        }
      ]
    },
    "Planning Time": 0.798,
    "Triggers": [],
    "Execution Time": 196.143
  }
]