{
    "Plan": {
        "Node Type": "Aggregate",
        "Strategy": "Plain",
        "Partial Mode": "Finalize",
        "Parallel Aware": false,
        "Startup Cost": 144950.9,
        "Total Cost": 144950.91,
        "Plan Rows": 1,
        "Plan Width": 8,
        "Actual Startup Time": 1128.87,
        "Actual Total Time": 1173.304,
        "Actual Rows": 1,
        "Actual Loops": 1,
        "Output": [
            "count(*)"
        ],
        "Plans": [
            {
                "Node Type": "Gather",
                "Parent Relationship": "Outer",
                "Parallel Aware": false,
                "Startup Cost": 144950.48,
                "Total Cost": 144950.89,
                "Plan Rows": 4,
                "Plan Width": 8,
                "Actual Startup Time": 1126.38,
                "Actual Total Time": 1173.293,
                "Actual Rows": 5,
                "Actual Loops": 1,
                "Output": [
                    "(PARTIAL count(*))"
                ],
                "Workers Planned": 4,
                "Workers Launched": 4,
                "Single Copy": false,
                "Plans": [
                    {
                        "Node Type": "Aggregate",
                        "Strategy": "Plain",
                        "Partial Mode": "Partial",
                        "Parent Relationship": "Outer",
                        "Parallel Aware": false,
                        "Startup Cost": 143950.48,
                        "Total Cost": 143950.49,
                        "Plan Rows": 1,
                        "Plan Width": 8,
                        "Actual Startup Time": 1115.874,
                        "Actual Total Time": 1115.932,
                        "Actual Rows": 1,
                        "Actual Loops": 5,
                        "Output": [
                            "PARTIAL count(*)"
                        ],
                        "Workers": [
                            {
                                "Worker Number": 0,
                                "Actual Startup Time": 1113.176,
                                "Actual Total Time": 1113.181,
                                "Actual Rows": 1,
                                "Actual Loops": 1
                            },
                            {
                                "Worker Number": 1,
                                "Actual Startup Time": 1113.17,
                                "Actual Total Time": 1113.173,
                                "Actual Rows": 1,
                                "Actual Loops": 1
                            },
                            {
                                "Worker Number": 2,
                                "Actual Startup Time": 1113.193,
                                "Actual Total Time": 1113.195,
                                "Actual Rows": 1,
                                "Actual Loops": 1
                            },
                            {
                                "Worker Number": 3,
                                "Actual Startup Time": 1114.312,
                                "Actual Total Time": 1114.315,
                                "Actual Rows": 1,
                                "Actual Loops": 1
                            }
                        ],
                        "Plans": [
                            {
                                "Node Type": "Nested Loop",
                                "Parent Relationship": "Outer",
                                "Parallel Aware": false,
                                "Join Type": "Inner",
                                "Startup Cost": 32174.97,
                                "Total Cost": 143865.83,
                                "Plan Rows": 33860,
                                "Plan Width": 0,
                                "Actual Startup Time": 136.123,
                                "Actual Total Time": 1100.856,
                                "Actual Rows": 283315,
                                "Actual Loops": 5,
                                "Inner Unique": false,
                                "Workers": [
                                    {
                                        "Worker Number": 0,
                                        "Actual Startup Time": 172.103,
                                        "Actual Total Time": 1096.73,
                                        "Actual Rows": 201858,
                                        "Actual Loops": 1
                                    },
                                    {
                                        "Worker Number": 1,
                                        "Actual Startup Time": 136.326,
                                        "Actual Total Time": 1099.368,
                                        "Actual Rows": 277023,
                                        "Actual Loops": 1
                                    },
                                    {
                                        "Worker Number": 2,
                                        "Actual Startup Time": 105.164,
                                        "Actual Total Time": 1099.081,
                                        "Actual Rows": 282646,
                                        "Actual Loops": 1
                                    },
                                    {
                                        "Worker Number": 3,
                                        "Actual Startup Time": 146.532,
                                        "Actual Total Time": 1099.825,
                                        "Actual Rows": 294461,
                                        "Actual Loops": 1
                                    }
                                ],
                                "Plans": [
                                    {
                                        "Node Type": "Hash Join",
                                        "Parent Relationship": "Outer",
                                        "Parallel Aware": true,
                                        "Join Type": "Inner",
                                        "Startup Cost": 32174.53,
                                        "Total Cost": 78775.03,
                                        "Plan Rows": 38416,
                                        "Plan Width": 8,
                                        "Actual Startup Time": 130.809,
                                        "Actual Total Time": 328.024,
                                        "Actual Rows": 63037,
                                        "Actual Loops": 5,
                                        "Output": [
                                            "t.id",
                                            "mc.movie_id"
                                        ],
                                        "Inner Unique": false,
                                        "Hash Cond": "(t.id = mc.movie_id)",
                                        "Workers": [
                                            {
                                                "Worker Number": 0,
                                                "Actual Startup Time": 171.867,
                                                "Actual Total Time": 320.063,
                                                "Actual Rows": 45669,
                                                "Actual Loops": 1
                                            },
                                            {
                                                "Worker Number": 1,
                                                "Actual Startup Time": 110.329,
                                                "Actual Total Time": 326.657,
                                                "Actual Rows": 62420,
                                                "Actual Loops": 1
                                            },
                                            {
                                                "Worker Number": 2,
                                                "Actual Startup Time": 104.991,
                                                "Actual Total Time": 327.254,
                                                "Actual Rows": 63358,
                                                "Actual Loops": 1
                                            },
                                            {
                                                "Worker Number": 3,
                                                "Actual Startup Time": 146.414,
                                                "Actual Total Time": 324.504,
                                                "Actual Rows": 66939,
                                                "Actual Loops": 1
                                            }
                                        ],
                                        "Plans": [
                                            {
                                                "Node Type": "Seq Scan",
                                                "Parent Relationship": "Outer",
                                                "Parallel Aware": true,
                                                "Relation Name": "title",
                                                "Schema": "public",
                                                "Alias": "t",
                                                "Startup Cost": 0.0,
                                                "Total Cost": 43899.01,
                                                "Plan Rows": 515515,
                                                "Plan Width": 4,
                                                "Actual Startup Time": 0.022,
                                                "Actual Total Time": 87.872,
                                                "Actual Rows": 412910,
                                                "Actual Loops": 5,
                                                "Output": [
                                                    "t.id",
                                                    "t.title",
                                                    "t.imdb_index",
                                                    "t.kind_id",
                                                    "t.production_year",
                                                    "t.imdb_id",
                                                    "t.phonetic_code",
                                                    "t.episode_of_id",
                                                    "t.season_nr",
                                                    "t.episode_nr",
                                                    "t.series_years",
                                                    "t.md5sum"
                                                ],
                                                "Filter": "(t.production_year < 2011)",
                                                "Rows Removed by Filter": 92752,
                                                "Workers": [
                                                    {
                                                        "Worker Number": 0,
                                                        "Actual Startup Time": 0.028,
                                                        "Actual Total Time": 94.337,
                                                        "Actual Rows": 297283,
                                                        "Actual Loops": 1
                                                    },
                                                    {
                                                        "Worker Number": 1,
                                                        "Actual Startup Time": 0.029,
                                                        "Actual Total Time": 89.58,
                                                        "Actual Rows": 402903,
                                                        "Actual Loops": 1
                                                    },
                                                    {
                                                        "Worker Number": 2,
                                                        "Actual Startup Time": 0.024,
                                                        "Actual Total Time": 90.021,
                                                        "Actual Rows": 410055,
                                                        "Actual Loops": 1
                                                    },
                                                    {
                                                        "Worker Number": 3,
                                                        "Actual Startup Time": 0.022,
                                                        "Actual Total Time": 89.048,
                                                        "Actual Rows": 427971,
                                                        "Actual Loops": 1
                                                    }
                                                ]
                                            },
                                            {
                                                "Node Type": "Hash",
                                                "Parent Relationship": "Inner",
                                                "Parallel Aware": true,
                                                "Startup Cost": 31414.82,
                                                "Total Cost": 31414.82,
                                                "Plan Rows": 60777,
                                                "Plan Width": 4,
                                                "Actual Startup Time": 101.982,
                                                "Actual Total Time": 101.983,
                                                "Actual Rows": 74979,
                                                "Actual Loops": 5,
                                                "Output": [
                                                    "mc.movie_id"
                                                ],
                                                "Hash Buckets": 524288,
                                                "Original Hash Buckets": 262144,
                                                "Hash Batches": 1,
                                                "Original Hash Batches": 1,
                                                "Peak Memory Usage": 20928,
                                                "Workers": [
                                                    {
                                                        "Worker Number": 0,
                                                        "Actual Startup Time": 100.87,
                                                        "Actual Total Time": 100.872,
                                                        "Actual Rows": 54832,
                                                        "Actual Loops": 1
                                                    },
                                                    {
                                                        "Worker Number": 1,
                                                        "Actual Startup Time": 100.851,
                                                        "Actual Total Time": 100.852,
                                                        "Actual Rows": 74835,
                                                        "Actual Loops": 1
                                                    },
                                                    {
                                                        "Worker Number": 2,
                                                        "Actual Startup Time": 100.859,
                                                        "Actual Total Time": 100.859,
                                                        "Actual Rows": 76917,
                                                        "Actual Loops": 1
                                                    },
                                                    {
                                                        "Worker Number": 3,
                                                        "Actual Startup Time": 101.704,
                                                        "Actual Total Time": 101.705,
                                                        "Actual Rows": 80473,
                                                        "Actual Loops": 1
                                                    }
                                                ],
                                                "Plans": [
                                                    {
                                                        "Node Type": "Seq Scan",
                                                        "Parent Relationship": "Outer",
                                                        "Parallel Aware": true,
                                                        "Relation Name": "movie_companies",
                                                        "Schema": "public",
                                                        "Alias": "mc",
                                                        "Startup Cost": 0.0,
                                                        "Total Cost": 31414.82,
                                                        "Plan Rows": 60777,
                                                        "Plan Width": 4,
                                                        "Actual Startup Time": 46.419,
                                                        "Actual Total Time": 70.143,
                                                        "Actual Rows": 74979,
                                                        "Actual Loops": 5,
                                                        "Output": [
                                                            "mc.movie_id"
                                                        ],
                                                        "Filter": "((mc.company_id > 84989) AND (mc.company_type_id = 2))",
                                                        "Rows Removed by Filter": 446846,
                                                        "Workers": [
                                                            {
                                                                "Worker Number": 0,
                                                                "Actual Startup Time": 45.301,
                                                                "Actual Total Time": 70.522,
                                                                "Actual Rows": 54832,
                                                                "Actual Loops": 1
                                                            },
                                                            {
                                                                "Worker Number": 1,
                                                                "Actual Startup Time": 45.287,
                                                                "Actual Total Time": 69.233,
                                                                "Actual Rows": 74835,
                                                                "Actual Loops": 1
                                                            },
                                                            {
                                                                "Worker Number": 2,
                                                                "Actual Startup Time": 45.284,
                                                                "Actual Total Time": 69.229,
                                                                "Actual Rows": 76917,
                                                                "Actual Loops": 1
                                                            },
                                                            {
                                                                "Worker Number": 3,
                                                                "Actual Startup Time": 46.119,
                                                                "Actual Total Time": 69.535,
                                                                "Actual Rows": 80473,
                                                                "Actual Loops": 1
                                                            }
                                                        ]
                                                    }
                                                ]
                                            }
                                        ]
                                    },
                                    {
                                        "Node Type": "Index Scan",
                                        "Parent Relationship": "Inner",
                                        "Parallel Aware": false,
                                        "Scan Direction": "Forward",
                                        "Index Name": "movie_id_movie_info",
                                        "Relation Name": "movie_info",
                                        "Schema": "public",
                                        "Alias": "mi",
                                        "Startup Cost": 0.43,
                                        "Total Cost": 1.63,
                                        "Plan Rows": 6,
                                        "Plan Width": 4,
                                        "Actual Startup Time": 0.007,
                                        "Actual Total Time": 0.012,
                                        "Actual Rows": 4,
                                        "Actual Loops": 315183,
                                        "Output": [
                                            "mi.id",
                                            "mi.movie_id",
                                            "mi.info_type_id",
                                            "mi.info",
                                            "mi.note"
                                        ],
                                        "Index Cond": "(mi.movie_id = t.id)",
                                        "Rows Removed by Index Recheck": 0,
                                        "Filter": "(mi.info_type_id > 16)",
                                        "Rows Removed by Filter": 14,
                                        "Workers": [
                                            {
                                                "Worker Number": 0,
                                                "Actual Startup Time": 0.009,
                                                "Actual Total Time": 0.016,
                                                "Actual Rows": 4,
                                                "Actual Loops": 45669
                                            },
                                            {
                                                "Worker Number": 1,
                                                "Actual Startup Time": 0.007,
                                                "Actual Total Time": 0.012,
                                                "Actual Rows": 4,
                                                "Actual Loops": 62420
                                            },
                                            {
                                                "Worker Number": 2,
                                                "Actual Startup Time": 0.007,
                                                "Actual Total Time": 0.012,
                                                "Actual Rows": 4,
                                                "Actual Loops": 63358
                                            },
                                            {
                                                "Worker Number": 3,
                                                "Actual Startup Time": 0.006,
                                                "Actual Total Time": 0.011,
                                                "Actual Rows": 4,
                                                "Actual Loops": 66939
                                            }
                                        ]
                                    }
                                ]
                            }
                        ]
                    }
                ]
            }
        ]
    },
    "Planning Time": 1.73,
    "Triggers": [],
    "Execution Time": 1173.405
}