[
  {
    "Plan": {
      "Node Type": "Aggregate",
      "Strategy": "Plain",
      "Partial Mode": "Finalize",
      "Parallel Aware": false,
      "Startup Cost": 335800.27,
      "Total Cost": 335800.28,
      "Plan Rows": 1,
      "Plan Width": 8,
      "Actual Startup Time": 742.455,
      "Actual Total Time": 788.554,
      "Actual Rows": 1,
      "Actual Loops": 1,
      "Plans": [
        {
          "Node Type": "Gather",
          "Parent Relationship": "Outer",
          "Parallel Aware": false,
          "Startup Cost": 335799.64,
          "Total Cost": 335800.25,
          "Plan Rows": 6,
          "Plan Width": 8,
          "Actual Startup Time": 742.284,
          "Actual Total Time": 788.536,
          "Actual Rows": 7,
          "Actual Loops": 1,
          "Workers Planned": 6,
          "Workers Launched": 6,
          "Single Copy": false,
          "Plans": [
            {
              "Node Type": "Aggregate",
              "Strategy": "Plain",
              "Partial Mode": "Partial",
              "Parent Relationship": "Outer",
              "Parallel Aware": false,
              "Startup Cost": 334799.64,
              "Total Cost": 334799.65,
              "Plan Rows": 1,
              "Plan Width": 8,
              "Actual Startup Time": 734.168,
              "Actual Total Time": 734.169,
              "Actual Rows": 1,
              "Actual Loops": 7,
              "Plans": [
                {
                  "Node Type": "Seq Scan",
                  "Parent Relationship": "Outer",
                  "Parallel Aware": true,
                  "Relation Name": "cast_info",
                  "Alias": "ci",
                  "Startup Cost": 0.0,
                  "Total Cost": 328211.39,
                  "Plan Rows": 2635300,
                  "Plan Width": 0,
                  "Actual Startup Time": 238.873,
                  "Actual Total Time": 617.18,
                  "Actual Rows": 2215755,
                  "Actual Loops": 7,
                  "Filter": "(person_id > 2088213)",
                  "Rows Removed by Filter": 2962009
                }
              ]
            }
          ]
        }
      ]
    },
    "Planning Time": 0.108,
    "Triggers": [],
    "Execution Time": 788.612
  }
]