[
  {
    "Plan": {
      "Node Type": "Aggregate",
      "Strategy": "Plain",
      "Partial Mode": "Finalize",
      "Parallel Aware": false,
      "Startup Cost": 45015.97,
      "Total Cost": 45015.98,
      "Plan Rows": 1,
      "Plan Width": 8,
      "Actual Startup Time": 142.008,
      "Actual Total Time": 153.055,
      "Actual Rows": 1,
      "Actual Loops": 1,
      "Plans": [
        {
          "Node Type": "Gather",
          "Parent Relationship": "Outer",
          "Parallel Aware": false,
          "Startup Cost": 45015.65,
          "Total Cost": 45015.96,
          "Plan Rows": 3,
          "Plan Width": 8,
          "Actual Startup Time": 141.861,
          "Actual Total Time": 153.045,
          "Actual Rows": 4,
          "Actual Loops": 1,
          "Workers Planned": 3,
          "Workers Launched": 3,
          "Single Copy": false,
          "Plans": [
            {
              "Node Type": "Aggregate",
              "Strategy": "Plain",
              "Partial Mode": "Partial",
              "Parent Relationship": "Outer",
              "Parallel Aware": false,
              "Startup Cost": 44015.65,
              "Total Cost": 44015.66,
              "Plan Rows": 1,
              "Plan Width": 8,
              "Actual Startup Time": 133.194,
              "Actual Total Time": 133.195,
              "Actual Rows": 1,
              "Actual Loops": 4,
              "Plans": [
                {
                  "Node Type": "Seq Scan",
                  "Parent Relationship": "Outer",
                  "Parallel Aware": true,
                  "Relation Name": "movie_keyword",
                  "Alias": "mk",
                  "Startup Cost": 0.0,
                  "Total Cost": 42695.65,
                  "Plan Rows": 527998,
                  "Plan Width": 0,
                  "Actual Startup Time": 1.426,
                  "Actual Total Time": 113.741,
                  "Actual Rows": 406408,
                  "Actual Loops": 4,
                  "Filter": "(keyword_id > 9213)",
                  "Rows Removed by Filter": 724574
                }
              ]
            }
          ]
        }
      ]
    },
    "Planning Time": 0.247,
    "Triggers": [],
    "Execution Time": 153.113
  }
]