[
    {
        "Bao": {
            "Bao prediction": 539.053,
            "Bao recommended hint": "SET enable_mergejoin TO off; SET enable_indexscan TO off; "
        }
    },
    {
        "Plan": {
            "Node Type": "Aggregate",
            "Strategy": "Plain",
            "Partial Mode": "Simple",
            "Parallel Aware": false,
            "Startup Cost": 3948.79,
            "Total Cost": 3948.8,
            "Plan Rows": 1,
            "Plan Width": 96,
            "Actual Startup Time": 749.82,
            "Actual Total Time": 749.878,
            "Actual Rows": 1,
            "Actual Loops": 1,
            "Output": [
                "min(chn.name)",
                "min(n.name)",
                "min(t.title)"
            ],
            "Plans": [
                {
                    "Node Type": "Nested Loop",
                    "Parent Relationship": "Outer",
                    "Parallel Aware": false,
                    "Join Type": "Inner",
                    "Startup Cost": 16.38,
                    "Total Cost": 3948.79,
                    "Plan Rows": 1,
                    "Plan Width": 48,
                    "Actual Startup Time": 173.029,
                    "Actual Total Time": 748.186,
                    "Actual Rows": 1620,
                    "Actual Loops": 1,
                    "Output": [
                        "chn.name",
                        "n.name",
                        "t.title"
                    ],
                    "Inner Unique": true,
                    "Join Filter": "(ci.role_id = rt.id)",
                    "Rows Removed by Join Filter": 0,
                    "Plans": [
                        {
                            "Node Type": "Nested Loop",
                            "Parent Relationship": "Outer",
                            "Parallel Aware": false,
                            "Join Type": "Inner",
                            "Startup Cost": 16.38,
                            "Total Cost": 3947.62,
                            "Plan Rows": 1,
                            "Plan Width": 52,
                            "Actual Startup Time": 172.458,
                            "Actual Total Time": 741.906,
                            "Actual Rows": 1620,
                            "Actual Loops": 1,
                            "Output": [
                                "ci.role_id",
                                "chn.name",
                                "n.name",
                                "t.title"
                            ],
                            "Inner Unique": true,
                            "Join Filter": "(pi.info_type_id = it3.id)",
                            "Rows Removed by Join Filter": 3270,
                            "Plans": [
                                {
                                    "Node Type": "Nested Loop",
                                    "Parent Relationship": "Outer",
                                    "Parallel Aware": false,
                                    "Join Type": "Inner",
                                    "Startup Cost": 16.38,
                                    "Total Cost": 3945.2,
                                    "Plan Rows": 1,
                                    "Plan Width": 56,
                                    "Actual Startup Time": 167.943,
                                    "Actual Total Time": 704.53,
                                    "Actual Rows": 4890,
                                    "Actual Loops": 1,
                                    "Output": [
                                        "ci.role_id",
                                        "chn.name",
                                        "n.name",
                                        "pi.info_type_id",
                                        "t.title"
                                    ],
                                    "Inner Unique": true,
                                    "Join Filter": "(ci.person_id = n.id)",
                                    "Rows Removed by Join Filter": 0,
                                    "Plans": [
                                        {
                                            "Node Type": "Nested Loop",
                                            "Parent Relationship": "Outer",
                                            "Parallel Aware": false,
                                            "Join Type": "Inner",
                                            "Startup Cost": 15.92,
                                            "Total Cost": 3940.71,
                                            "Plan Rows": 1,
                                            "Plan Width": 53,
                                            "Actual Startup Time": 167.297,
                                            "Actual Total Time": 648.873,
                                            "Actual Rows": 4890,
                                            "Actual Loops": 1,
                                            "Output": [
                                                "an.person_id",
                                                "ci.person_id",
                                                "ci.role_id",
                                                "chn.name",
                                                "pi.person_id",
                                                "pi.info_type_id",
                                                "t.title"
                                            ],
                                            "Inner Unique": true,
                                            "Join Filter": "(mi.info_type_id = it.id)",
                                            "Rows Removed by Join Filter": 0,
                                            "Plans": [
                                                {
                                                    "Node Type": "Nested Loop",
                                                    "Parent Relationship": "Outer",
                                                    "Parallel Aware": false,
                                                    "Join Type": "Inner",
                                                    "Startup Cost": 15.92,
                                                    "Total Cost": 3938.29,
                                                    "Plan Rows": 1,
                                                    "Plan Width": 57,
                                                    "Actual Startup Time": 167.251,
                                                    "Actual Total Time": 622.229,
                                                    "Actual Rows": 4890,
                                                    "Actual Loops": 1,
                                                    "Output": [
                                                        "an.person_id",
                                                        "ci.person_id",
                                                        "ci.role_id",
                                                        "chn.name",
                                                        "mi.info_type_id",
                                                        "pi.person_id",
                                                        "pi.info_type_id",
                                                        "t.title"
                                                    ],
                                                    "Inner Unique": false,
                                                    "Join Filter": "(t.id = mi.movie_id)",
                                                    "Rows Removed by Join Filter": 0,
                                                    "Plans": [
                                                        {
                                                            "Node Type": "Nested Loop",
                                                            "Parent Relationship": "Outer",
                                                            "Parallel Aware": false,
                                                            "Join Type": "Inner",
                                                            "Startup Cost": 15.15,
                                                            "Total Cost": 3932.81,
                                                            "Plan Rows": 1,
                                                            "Plan Width": 73,
                                                            "Actual Startup Time": 166.856,
                                                            "Actual Total Time": 382.353,
                                                            "Actual Rows": 2445,
                                                            "Actual Loops": 1,
                                                            "Output": [
                                                                "an.person_id",
                                                                "ci.movie_id",
                                                                "ci.person_id",
                                                                "ci.role_id",
                                                                "cc.movie_id",
                                                                "chn.name",
                                                                "mc.movie_id",
                                                                "mk.movie_id",
                                                                "pi.person_id",
                                                                "pi.info_type_id",
                                                                "t.title",
                                                                "t.id"
                                                            ],
                                                            "Inner Unique": true,
                                                            "Plans": [
                                                                {
                                                                    "Node Type": "Nested Loop",
                                                                    "Parent Relationship": "Outer",
                                                                    "Parallel Aware": false,
                                                                    "Join Type": "Inner",
                                                                    "Startup Cost": 14.72,
                                                                    "Total Cost": 3928.37,
                                                                    "Plan Rows": 1,
                                                                    "Plan Width": 77,
                                                                    "Actual Startup Time": 166.742,
                                                                    "Actual Total Time": 290.682,
                                                                    "Actual Rows": 10758,
                                                                    "Actual Loops": 1,
                                                                    "Output": [
                                                                        "an.person_id",
                                                                        "ci.movie_id",
                                                                        "ci.person_id",
                                                                        "ci.role_id",
                                                                        "cc.movie_id",
                                                                        "chn.name",
                                                                        "mc.movie_id",
                                                                        "mc.company_id",
                                                                        "mk.movie_id",
                                                                        "pi.person_id",
                                                                        "pi.info_type_id",
                                                                        "t.title",
                                                                        "t.id"
                                                                    ],
                                                                    "Inner Unique": false,
                                                                    "Join Filter": "(t.id = mc.movie_id)",
                                                                    "Rows Removed by Join Filter": 0,
                                                                    "Plans": [
                                                                        {
                                                                            "Node Type": "Nested Loop",
                                                                            "Parent Relationship": "Outer",
                                                                            "Parallel Aware": false,
                                                                            "Join Type": "Inner",
                                                                            "Startup Cost": 14.24,
                                                                            "Total Cost": 3923.77,
                                                                            "Plan Rows": 1,
                                                                            "Plan Width": 69,
                                                                            "Actual Startup Time": 166.572,
                                                                            "Actual Total Time": 277.585,
                                                                            "Actual Rows": 489,
                                                                            "Actual Loops": 1,
                                                                            "Output": [
                                                                                "an.person_id",
                                                                                "ci.movie_id",
                                                                                "ci.person_id",
                                                                                "ci.role_id",
                                                                                "cc.movie_id",
                                                                                "chn.name",
                                                                                "mk.movie_id",
                                                                                "pi.person_id",
                                                                                "pi.info_type_id",
                                                                                "t.title",
                                                                                "t.id"
                                                                            ],
                                                                            "Inner Unique": true,
                                                                            "Plans": [
                                                                                {
                                                                                    "Node Type": "Nested Loop",
                                                                                    "Parent Relationship": "Outer",
                                                                                    "Parallel Aware": false,
                                                                                    "Join Type": "Inner",
                                                                                    "Startup Cost": 13.75,
                                                                                    "Total Cost": 3915.24,
                                                                                    "Plan Rows": 1,
                                                                                    "Plan Width": 57,
                                                                                    "Actual Startup Time": 63.882,
                                                                                    "Actual Total Time": 230.478,
                                                                                    "Actual Rows": 6872,
                                                                                    "Actual Loops": 1,
                                                                                    "Output": [
                                                                                        "an.person_id",
                                                                                        "ci.movie_id",
                                                                                        "ci.person_id",
                                                                                        "ci.role_id",
                                                                                        "ci.person_role_id",
                                                                                        "cc.movie_id",
                                                                                        "mk.movie_id",
                                                                                        "pi.person_id",
                                                                                        "pi.info_type_id",
                                                                                        "t.title",
                                                                                        "t.id"
                                                                                    ],
                                                                                    "Inner Unique": true,
                                                                                    "Join Filter": "(cc.status_id = cct2.id)",
                                                                                    "Rows Removed by Join Filter": 0,
                                                                                    "Plans": [
                                                                                        {
                                                                                            "Node Type": "Nested Loop",
                                                                                            "Parent Relationship": "Outer",
                                                                                            "Parallel Aware": false,
                                                                                            "Join Type": "Inner",
                                                                                            "Startup Cost": 13.75,
                                                                                            "Total Cost": 3914.18,
                                                                                            "Plan Rows": 1,
                                                                                            "Plan Width": 61,
                                                                                            "Actual Startup Time": 63.87,
                                                                                            "Actual Total Time": 212.24,
                                                                                            "Actual Rows": 6872,
                                                                                            "Actual Loops": 1,
                                                                                            "Output": [
                                                                                                "an.person_id",
                                                                                                "ci.movie_id",
                                                                                                "ci.person_id",
                                                                                                "ci.role_id",
                                                                                                "ci.person_role_id",
                                                                                                "cc.movie_id",
                                                                                                "cc.status_id",
                                                                                                "mk.movie_id",
                                                                                                "pi.person_id",
                                                                                                "pi.info_type_id",
                                                                                                "t.title",
                                                                                                "t.id"
                                                                                            ],
                                                                                            "Inner Unique": true,
                                                                                            "Join Filter": "(cc.subject_id = cct1.id)",
                                                                                            "Rows Removed by Join Filter": 0,
                                                                                            "Plans": [
                                                                                                {
                                                                                                    "Node Type": "Nested Loop",
                                                                                                    "Parent Relationship": "Outer",
                                                                                                    "Parallel Aware": false,
                                                                                                    "Join Type": "Inner",
                                                                                                    "Startup Cost": 13.75,
                                                                                                    "Total Cost": 3913.12,
                                                                                                    "Plan Rows": 1,
                                                                                                    "Plan Width": 65,
                                                                                                    "Actual Startup Time": 63.817,
                                                                                                    "Actual Total Time": 190.826,
                                                                                                    "Actual Rows": 6872,
                                                                                                    "Actual Loops": 1,
                                                                                                    "Output": [
                                                                                                        "an.person_id",
                                                                                                        "ci.movie_id",
                                                                                                        "ci.person_id",
                                                                                                        "ci.role_id",
                                                                                                        "ci.person_role_id",
                                                                                                        "cc.movie_id",
                                                                                                        "cc.subject_id",
                                                                                                        "cc.status_id",
                                                                                                        "mk.movie_id",
                                                                                                        "pi.person_id",
                                                                                                        "pi.info_type_id",
                                                                                                        "t.title",
                                                                                                        "t.id"
                                                                                                    ],
                                                                                                    "Inner Unique": false,
                                                                                                    "Join Filter": "(t.id = cc.movie_id)",
                                                                                                    "Rows Removed by Join Filter": 0,
                                                                                                    "Plans": [
                                                                                                        {
                                                                                                            "Node Type": "Nested Loop",
                                                                                                            "Parent Relationship": "Outer",
                                                                                                            "Parallel Aware": false,
                                                                                                            "Join Type": "Inner",
                                                                                                            "Startup Cost": 13.31,
                                                                                                            "Total Cost": 3908.63,
                                                                                                            "Plan Rows": 1,
                                                                                                            "Plan Width": 53,
                                                                                                            "Actual Startup Time": 63.155,
                                                                                                            "Actual Total Time": 148.675,
                                                                                                            "Actual Rows": 6872,
                                                                                                            "Actual Loops": 1,
                                                                                                            "Output": [
                                                                                                                "an.person_id",
                                                                                                                "ci.movie_id",
                                                                                                                "ci.person_id",
                                                                                                                "ci.role_id",
                                                                                                                "ci.person_role_id",
                                                                                                                "mk.movie_id",
                                                                                                                "pi.person_id",
                                                                                                                "pi.info_type_id",
                                                                                                                "t.title",
                                                                                                                "t.id"
                                                                                                            ],
                                                                                                            "Inner Unique": false,
                                                                                                            "Join Filter": "(ci.person_id = an.person_id)",
                                                                                                            "Rows Removed by Join Filter": 0,
                                                                                                            "Plans": [
                                                                                                                {
                                                                                                                    "Node Type": "Nested Loop",
                                                                                                                    "Parent Relationship": "Outer",
                                                                                                                    "Parallel Aware": false,
                                                                                                                    "Join Type": "Inner",
                                                                                                                    "Startup Cost": 12.86,
                                                                                                                    "Total Cost": 3904.14,
                                                                                                                    "Plan Rows": 1,
                                                                                                                    "Plan Width": 49,
                                                                                                                    "Actual Startup Time": 61.837,
                                                                                                                    "Actual Total Time": 124.473,
                                                                                                                    "Actual Rows": 1667,
                                                                                                                    "Actual Loops": 1,
                                                                                                                    "Output": [
                                                                                                                        "ci.movie_id",
                                                                                                                        "ci.person_id",
                                                                                                                        "ci.role_id",
                                                                                                                        "ci.person_role_id",
                                                                                                                        "mk.movie_id",
                                                                                                                        "pi.person_id",
                                                                                                                        "pi.info_type_id",
                                                                                                                        "t.title",
                                                                                                                        "t.id"
                                                                                                                    ],
                                                                                                                    "Inner Unique": false,
                                                                                                                    "Plans": [
                                                                                                                        {
                                                                                                                            "Node Type": "Nested Loop",
                                                                                                                            "Parent Relationship": "Outer",
                                                                                                                            "Parallel Aware": false,
                                                                                                                            "Join Type": "Inner",
                                                                                                                            "Startup Cost": 12.17,
                                                                                                                            "Total Cost": 3898.88,
                                                                                                                            "Plan Rows": 1,
                                                                                                                            "Plan Width": 41,
                                                                                                                            "Actual Startup Time": 61.691,
                                                                                                                            "Actual Total Time": 112.035,
                                                                                                                            "Actual Rows": 38,
                                                                                                                            "Actual Loops": 1,
                                                                                                                            "Output": [
                                                                                                                                "ci.movie_id",
                                                                                                                                "ci.person_id",
                                                                                                                                "ci.role_id",
                                                                                                                                "ci.person_role_id",
                                                                                                                                "mk.movie_id",
                                                                                                                                "t.title",
                                                                                                                                "t.id"
                                                                                                                            ],
                                                                                                                            "Inner Unique": false,
                                                                                                                            "Join Filter": "(t.id = ci.movie_id)",
                                                                                                                            "Rows Removed by Join Filter": 0,
                                                                                                                            "Plans": [
                                                                                                                                {
                                                                                                                                    "Node Type": "Nested Loop",
                                                                                                                                    "Parent Relationship": "Outer",
                                                                                                                                    "Parallel Aware": false,
                                                                                                                                    "Join Type": "Inner",
                                                                                                                                    "Startup Cost": 11.2,
                                                                                                                                    "Total Cost": 3893.29,
                                                                                                                                    "Plan Rows": 1,
                                                                                                                                    "Plan Width": 25,
                                                                                                                                    "Actual Startup Time": 61.441,
                                                                                                                                    "Actual Total Time": 100.752,
                                                                                                                                    "Actual Rows": 1,
                                                                                                                                    "Actual Loops": 1,
                                                                                                                                    "Output": [
                                                                                                                                        "mk.movie_id",
                                                                                                                                        "t.title",
                                                                                                                                        "t.id"
                                                                                                                                    ],
                                                                                                                                    "Inner Unique": true,
                                                                                                                                    "Plans": [
                                                                                                                                        {
                                                                                                                                            "Node Type": "Nested Loop",
                                                                                                                                            "Parent Relationship": "Outer",
                                                                                                                                            "Parallel Aware": false,
                                                                                                                                            "Join Type": "Inner",
                                                                                                                                            "Startup Cost": 10.76,
                                                                                                                                            "Total Cost": 3740.45,
                                                                                                                                            "Plan Rows": 34,
                                                                                                                                            "Plan Width": 4,
                                                                                                                                            "Actual Startup Time": 1.861,
                                                                                                                                            "Actual Total Time": 50.714,
                                                                                                                                            "Actual Rows": 414,
                                                                                                                                            "Actual Loops": 1,
                                                                                                                                            "Output": [
                                                                                                                                                "mk.movie_id"
                                                                                                                                            ],
                                                                                                                                            "Inner Unique": false,
                                                                                                                                            "Plans": [
                                                                                                                                                {
                                                                                                                                                    "Node Type": "Seq Scan",
                                                                                                                                                    "Parent Relationship": "Outer",
                                                                                                                                                    "Parallel Aware": false,
                                                                                                                                                    "Relation Name": "keyword",
                                                                                                                                                    "Schema": "public",
                                                                                                                                                    "Alias": "k",
                                                                                                                                                    "Startup Cost": 0.0,
                                                                                                                                                    "Total Cost": 2626.12,
                                                                                                                                                    "Plan Rows": 1,
                                                                                                                                                    "Plan Width": 4,
                                                                                                                                                    "Actual Startup Time": 0.45,
                                                                                                                                                    "Actual Total Time": 30.442,
                                                                                                                                                    "Actual Rows": 1,
                                                                                                                                                    "Actual Loops": 1,
                                                                                                                                                    "Output": [
                                                                                                                                                        "k.id",
                                                                                                                                                        "k.keyword",
                                                                                                                                                        "k.phonetic_code"
                                                                                                                                                    ],
                                                                                                                                                    "Filter": "(k.keyword = 'computer-animation'::text)",
                                                                                                                                                    "Rows Removed by Filter": 134169
                                                                                                                                                },
                                                                                                                                                {
                                                                                                                                                    "Node Type": "Bitmap Heap Scan",
                                                                                                                                                    "Parent Relationship": "Inner",
                                                                                                                                                    "Parallel Aware": false,
                                                                                                                                                    "Relation Name": "movie_keyword",
                                                                                                                                                    "Schema": "public",
                                                                                                                                                    "Alias": "mk",
                                                                                                                                                    "Startup Cost": 10.76,
                                                                                                                                                    "Total Cost": 1111.32,
                                                                                                                                                    "Plan Rows": 300,
                                                                                                                                                    "Plan Width": 8,
                                                                                                                                                    "Actual Startup Time": 1.384,
                                                                                                                                                    "Actual Total Time": 20.087,
                                                                                                                                                    "Actual Rows": 414,
                                                                                                                                                    "Actual Loops": 1,
                                                                                                                                                    "Output": [
                                                                                                                                                        "mk.id",
                                                                                                                                                        "mk.movie_id",
                                                                                                                                                        "mk.keyword_id"
                                                                                                                                                    ],
                                                                                                                                                    "Recheck Cond": "(mk.keyword_id = k.id)",
                                                                                                                                                    "Rows Removed by Index Recheck": 0,
                                                                                                                                                    "Exact Heap Blocks": 358,
                                                                                                                                                    "Lossy Heap Blocks": 0,
                                                                                                                                                    "Plans": [
                                                                                                                                                        {
                                                                                                                                                            "Node Type": "Bitmap Index Scan",
                                                                                                                                                            "Parent Relationship": "Outer",
                                                                                                                                                            "Parallel Aware": false,
                                                                                                                                                            "Index Name": "keyword_id_movie_keyword",
                                                                                                                                                            "Startup Cost": 0.0,
                                                                                                                                                            "Total Cost": 10.68,
                                                                                                                                                            "Plan Rows": 300,
                                                                                                                                                            "Plan Width": 0,
                                                                                                                                                            "Actual Startup Time": 1.191,
                                                                                                                                                            "Actual Total Time": 1.197,
                                                                                                                                                            "Actual Rows": 414,
                                                                                                                                                            "Actual Loops": 1,
                                                                                                                                                            "Index Cond": "(mk.keyword_id = k.id)"
                                                                                                                                                        }
                                                                                                                                                    ]
                                                                                                                                                }
                                                                                                                                            ]
                                                                                                                                        },
                                                                                                                                        {
                                                                                                                                            "Node Type": "Bitmap Heap Scan",
                                                                                                                                            "Parent Relationship": "Inner",
                                                                                                                                            "Parallel Aware": false,
                                                                                                                                            "Relation Name": "title",
                                                                                                                                            "Schema": "public",
                                                                                                                                            "Alias": "t",
                                                                                                                                            "Startup Cost": 0.45,
                                                                                                                                            "Total Cost": 4.47,
                                                                                                                                            "Plan Rows": 1,
                                                                                                                                            "Plan Width": 21,
                                                                                                                                            "Actual Startup Time": 0.118,
                                                                                                                                            "Actual Total Time": 0.118,
                                                                                                                                            "Actual Rows": 0,
                                                                                                                                            "Actual Loops": 414,
                                                                                                                                            "Output": [
                                                                                                                                                "t.id",
                                                                                                                                                "t.title",
                                                                                                                                                "t.imdb_index",
                                                                                                                                                "t.kind_id",
                                                                                                                                                "t.production_year",
                                                                                                                                                "t.imdb_id",
                                                                                                                                                "t.phonetic_code",
                                                                                                                                                "t.episode_of_id",
                                                                                                                                                "t.season_nr",
                                                                                                                                                "t.episode_nr",
                                                                                                                                                "t.series_years",
                                                                                                                                                "t.md5sum"
                                                                                                                                            ],
                                                                                                                                            "Recheck Cond": "(t.id = mk.movie_id)",
                                                                                                                                            "Rows Removed by Index Recheck": 0,
                                                                                                                                            "Filter": "((t.production_year >= 2000) AND (t.production_year <= 2010) AND (t.title = 'Shrek 2'::text))",
                                                                                                                                            "Rows Removed by Filter": 1,
                                                                                                                                            "Exact Heap Blocks": 414,
                                                                                                                                            "Lossy Heap Blocks": 0,
                                                                                                                                            "Plans": [
                                                                                                                                                {
                                                                                                                                                    "Node Type": "Bitmap Index Scan",
                                                                                                                                                    "Parent Relationship": "Outer",
                                                                                                                                                    "Parallel Aware": false,
                                                                                                                                                    "Index Name": "title_pkey",
                                                                                                                                                    "Startup Cost": 0.0,
                                                                                                                                                    "Total Cost": 0.45,
                                                                                                                                                    "Plan Rows": 1,
                                                                                                                                                    "Plan Width": 0,
                                                                                                                                                    "Actual Startup Time": 0.067,
                                                                                                                                                    "Actual Total Time": 0.067,
                                                                                                                                                    "Actual Rows": 1,
                                                                                                                                                    "Actual Loops": 414,
                                                                                                                                                    "Index Cond": "(t.id = mk.movie_id)"
                                                                                                                                                }
                                                                                                                                            ]
                                                                                                                                        }
                                                                                                                                    ]
                                                                                                                                },
                                                                                                                                {
                                                                                                                                    "Node Type": "Bitmap Heap Scan",
                                                                                                                                    "Parent Relationship": "Inner",
                                                                                                                                    "Parallel Aware": false,
                                                                                                                                    "Relation Name": "cast_info",
                                                                                                                                    "Schema": "public",
                                                                                                                                    "Alias": "ci",
                                                                                                                                    "Startup Cost": 0.97,
                                                                                                                                    "Total Cost": 5.58,
                                                                                                                                    "Plan Rows": 1,
                                                                                                                                    "Plan Width": 16,
                                                                                                                                    "Actual Startup Time": 0.233,
                                                                                                                                    "Actual Total Time": 11.208,
                                                                                                                                    "Actual Rows": 38,
                                                                                                                                    "Actual Loops": 1,
                                                                                                                                    "Output": [
                                                                                                                                        "ci.id",
                                                                                                                                        "ci.person_id",
                                                                                                                                        "ci.movie_id",
                                                                                                                                        "ci.person_role_id",
                                                                                                                                        "ci.note",
                                                                                                                                        "ci.nr_order",
                                                                                                                                        "ci.role_id"
                                                                                                                                    ],
                                                                                                                                    "Recheck Cond": "(ci.movie_id = mk.movie_id)",
                                                                                                                                    "Rows Removed by Index Recheck": 0,
                                                                                                                                    "Filter": "(ci.note = ANY ('{(voice),\"(voice) (uncredited)\",\"(voice: English version)\"}'::text[]))",
                                                                                                                                    "Rows Removed by Filter": 191,
                                                                                                                                    "Exact Heap Blocks": 211,
                                                                                                                                    "Lossy Heap Blocks": 0,
                                                                                                                                    "Plans": [
                                                                                                                                        {
                                                                                                                                            "Node Type": "Bitmap Index Scan",
                                                                                                                                            "Parent Relationship": "Outer",
                                                                                                                                            "Parallel Aware": false,
                                                                                                                                            "Index Name": "movie_id_cast_info",
                                                                                                                                            "Startup Cost": 0.0,
                                                                                                                                            "Total Cost": 0.97,
                                                                                                                                            "Plan Rows": 38,
                                                                                                                                            "Plan Width": 0,
                                                                                                                                            "Actual Startup Time": 0.176,
                                                                                                                                            "Actual Total Time": 0.18,
                                                                                                                                            "Actual Rows": 229,
                                                                                                                                            "Actual Loops": 1,
                                                                                                                                            "Index Cond": "(ci.movie_id = mk.movie_id)"
                                                                                                                                        }
                                                                                                                                    ]
                                                                                                                                }
                                                                                                                            ]
                                                                                                                        },
                                                                                                                        {
                                                                                                                            "Node Type": "Bitmap Heap Scan",
                                                                                                                            "Parent Relationship": "Inner",
                                                                                                                            "Parallel Aware": false,
                                                                                                                            "Relation Name": "person_info",
                                                                                                                            "Schema": "public",
                                                                                                                            "Alias": "pi",
                                                                                                                            "Startup Cost": 0.7,
                                                                                                                            "Total Cost": 5.01,
                                                                                                                            "Plan Rows": 25,
                                                                                                                            "Plan Width": 8,
                                                                                                                            "Actual Startup Time": 0.156,
                                                                                                                            "Actual Total Time": 0.303,
                                                                                                                            "Actual Rows": 44,
                                                                                                                            "Actual Loops": 38,
                                                                                                                            "Output": [
                                                                                                                                "pi.id",
                                                                                                                                "pi.person_id",
                                                                                                                                "pi.info_type_id",
                                                                                                                                "pi.info",
                                                                                                                                "pi.note"
                                                                                                                            ],
                                                                                                                            "Recheck Cond": "(pi.person_id = ci.person_id)",
                                                                                                                            "Rows Removed by Index Recheck": 0,
                                                                                                                            "Exact Heap Blocks": 59,
                                                                                                                            "Lossy Heap Blocks": 0,
                                                                                                                            "Plans": [
                                                                                                                                {
                                                                                                                                    "Node Type": "Bitmap Index Scan",
                                                                                                                                    "Parent Relationship": "Outer",
                                                                                                                                    "Parallel Aware": false,
                                                                                                                                    "Index Name": "person_id_person_info",
                                                                                                                                    "Startup Cost": 0.0,
                                                                                                                                    "Total Cost": 0.69,
                                                                                                                                    "Plan Rows": 25,
                                                                                                                                    "Plan Width": 0,
                                                                                                                                    "Actual Startup Time": 0.132,
                                                                                                                                    "Actual Total Time": 0.132,
                                                                                                                                    "Actual Rows": 44,
                                                                                                                                    "Actual Loops": 38,
                                                                                                                                    "Index Cond": "(pi.person_id = ci.person_id)"
                                                                                                                                }
                                                                                                                            ]
                                                                                                                        }
                                                                                                                    ]
                                                                                                                },
                                                                                                                {
                                                                                                                    "Node Type": "Bitmap Heap Scan",
                                                                                                                    "Parent Relationship": "Inner",
                                                                                                                    "Parallel Aware": false,
                                                                                                                    "Relation Name": "aka_name",
                                                                                                                    "Schema": "public",
                                                                                                                    "Alias": "an",
                                                                                                                    "Startup Cost": 0.44,
                                                                                                                    "Total Cost": 4.47,
                                                                                                                    "Plan Rows": 2,
                                                                                                                    "Plan Width": 4,
                                                                                                                    "Actual Startup Time": 0.009,
                                                                                                                    "Actual Total Time": 0.011,
                                                                                                                    "Actual Rows": 4,
                                                                                                                    "Actual Loops": 1667,
                                                                                                                    "Output": [
                                                                                                                        "an.id",
                                                                                                                        "an.person_id",
                                                                                                                        "an.name",
                                                                                                                        "an.imdb_index",
                                                                                                                        "an.name_pcode_cf",
                                                                                                                        "an.name_pcode_nf",
                                                                                                                        "an.surname_pcode",
                                                                                                                        "an.md5sum"
                                                                                                                    ],
                                                                                                                    "Recheck Cond": "(an.person_id = pi.person_id)",
                                                                                                                    "Rows Removed by Index Recheck": 0,
                                                                                                                    "Exact Heap Blocks": 2745,
                                                                                                                    "Lossy Heap Blocks": 0,
                                                                                                                    "Plans": [
                                                                                                                        {
                                                                                                                            "Node Type": "Bitmap Index Scan",
                                                                                                                            "Parent Relationship": "Outer",
                                                                                                                            "Parallel Aware": false,
                                                                                                                            "Index Name": "person_id_aka_name",
                                                                                                                            "Startup Cost": 0.0,
                                                                                                                            "Total Cost": 0.44,
                                                                                                                            "Plan Rows": 2,
                                                                                                                            "Plan Width": 0,
                                                                                                                            "Actual Startup Time": 0.006,
                                                                                                                            "Actual Total Time": 0.006,
                                                                                                                            "Actual Rows": 4,
                                                                                                                            "Actual Loops": 1667,
                                                                                                                            "Index Cond": "(an.person_id = pi.person_id)"
                                                                                                                        }
                                                                                                                    ]
                                                                                                                }
                                                                                                            ]
                                                                                                        },
                                                                                                        {
                                                                                                            "Node Type": "Bitmap Heap Scan",
                                                                                                            "Parent Relationship": "Inner",
                                                                                                            "Parallel Aware": false,
                                                                                                            "Relation Name": "complete_cast",
                                                                                                            "Schema": "public",
                                                                                                            "Alias": "cc",
                                                                                                            "Startup Cost": 0.44,
                                                                                                            "Total Cost": 4.46,
                                                                                                            "Plan Rows": 2,
                                                                                                            "Plan Width": 12,
                                                                                                            "Actual Startup Time": 0.004,
                                                                                                            "Actual Total Time": 0.004,
                                                                                                            "Actual Rows": 1,
                                                                                                            "Actual Loops": 6872,
                                                                                                            "Output": [
                                                                                                                "cc.id",
                                                                                                                "cc.movie_id",
                                                                                                                "cc.subject_id",
                                                                                                                "cc.status_id"
                                                                                                            ],
                                                                                                            "Recheck Cond": "(cc.movie_id = mk.movie_id)",
                                                                                                            "Rows Removed by Index Recheck": 0,
                                                                                                            "Exact Heap Blocks": 6872,
                                                                                                            "Lossy Heap Blocks": 0,
                                                                                                            "Plans": [
                                                                                                                {
                                                                                                                    "Node Type": "Bitmap Index Scan",
                                                                                                                    "Parent Relationship": "Outer",
                                                                                                                    "Parallel Aware": false,
                                                                                                                    "Index Name": "movie_id_complete_cast",
                                                                                                                    "Startup Cost": 0.0,
                                                                                                                    "Total Cost": 0.44,
                                                                                                                    "Plan Rows": 2,
                                                                                                                    "Plan Width": 0,
                                                                                                                    "Actual Startup Time": 0.002,
                                                                                                                    "Actual Total Time": 0.002,
                                                                                                                    "Actual Rows": 1,
                                                                                                                    "Actual Loops": 6872,
                                                                                                                    "Index Cond": "(cc.movie_id = mk.movie_id)"
                                                                                                                }
                                                                                                            ]
                                                                                                        }
                                                                                                    ]
                                                                                                },
                                                                                                {
                                                                                                    "Node Type": "Seq Scan",
                                                                                                    "Parent Relationship": "Inner",
                                                                                                    "Parallel Aware": false,
                                                                                                    "Relation Name": "comp_cast_type",
                                                                                                    "Schema": "public",
                                                                                                    "Alias": "cct1",
                                                                                                    "Startup Cost": 0.0,
                                                                                                    "Total Cost": 1.05,
                                                                                                    "Plan Rows": 1,
                                                                                                    "Plan Width": 4,
                                                                                                    "Actual Startup Time": 0.001,
                                                                                                    "Actual Total Time": 0.001,
                                                                                                    "Actual Rows": 1,
                                                                                                    "Actual Loops": 6872,
                                                                                                    "Output": [
                                                                                                        "cct1.id",
                                                                                                        "cct1.kind"
                                                                                                    ],
                                                                                                    "Filter": "((cct1.kind)::text = 'cast'::text)",
                                                                                                    "Rows Removed by Filter": 0
                                                                                                }
                                                                                            ]
                                                                                        },
                                                                                        {
                                                                                            "Node Type": "Seq Scan",
                                                                                            "Parent Relationship": "Inner",
                                                                                            "Parallel Aware": false,
                                                                                            "Relation Name": "comp_cast_type",
                                                                                            "Schema": "public",
                                                                                            "Alias": "cct2",
                                                                                            "Startup Cost": 0.0,
                                                                                            "Total Cost": 1.05,
                                                                                            "Plan Rows": 1,
                                                                                            "Plan Width": 4,
                                                                                            "Actual Startup Time": 0.001,
                                                                                            "Actual Total Time": 0.001,
                                                                                            "Actual Rows": 1,
                                                                                            "Actual Loops": 6872,
                                                                                            "Output": [
                                                                                                "cct2.id",
                                                                                                "cct2.kind"
                                                                                            ],
                                                                                            "Filter": "((cct2.kind)::text = 'complete+verified'::text)",
                                                                                            "Rows Removed by Filter": 3
                                                                                        }
                                                                                    ]
                                                                                },
                                                                                {
                                                                                    "Node Type": "Bitmap Heap Scan",
                                                                                    "Parent Relationship": "Inner",
                                                                                    "Parallel Aware": false,
                                                                                    "Relation Name": "char_name",
                                                                                    "Schema": "public",
                                                                                    "Alias": "chn",
                                                                                    "Startup Cost": 0.49,
                                                                                    "Total Cost": 4.51,
                                                                                    "Plan Rows": 1,
                                                                                    "Plan Width": 20,
                                                                                    "Actual Startup Time": 0.005,
                                                                                    "Actual Total Time": 0.005,
                                                                                    "Actual Rows": 0,
                                                                                    "Actual Loops": 6872,
                                                                                    "Output": [
                                                                                        "chn.id",
                                                                                        "chn.name",
                                                                                        "chn.imdb_index",
                                                                                        "chn.imdb_id",
                                                                                        "chn.name_pcode_nf",
                                                                                        "chn.surname_pcode",
                                                                                        "chn.md5sum"
                                                                                    ],
                                                                                    "Recheck Cond": "(chn.id = ci.person_role_id)",
                                                                                    "Rows Removed by Index Recheck": 0,
                                                                                    "Filter": "(chn.name = 'Queen'::text)",
                                                                                    "Rows Removed by Filter": 1,
                                                                                    "Exact Heap Blocks": 6872,
                                                                                    "Lossy Heap Blocks": 0,
                                                                                    "Plans": [
                                                                                        {
                                                                                            "Node Type": "Bitmap Index Scan",
                                                                                            "Parent Relationship": "Outer",
                                                                                            "Parallel Aware": false,
                                                                                            "Index Name": "char_name_pkey",
                                                                                            "Startup Cost": 0.0,
                                                                                            "Total Cost": 0.49,
                                                                                            "Plan Rows": 1,
                                                                                            "Plan Width": 0,
                                                                                            "Actual Startup Time": 0.003,
                                                                                            "Actual Total Time": 0.003,
                                                                                            "Actual Rows": 1,
                                                                                            "Actual Loops": 6872,
                                                                                            "Index Cond": "(chn.id = ci.person_role_id)"
                                                                                        }
                                                                                    ]
                                                                                }
                                                                            ]
                                                                        },
                                                                        {
                                                                            "Node Type": "Bitmap Heap Scan",
                                                                            "Parent Relationship": "Inner",
                                                                            "Parallel Aware": false,
                                                                            "Relation Name": "movie_companies",
                                                                            "Schema": "public",
                                                                            "Alias": "mc",
                                                                            "Startup Cost": 0.48,
                                                                            "Total Cost": 4.54,
                                                                            "Plan Rows": 5,
                                                                            "Plan Width": 8,
                                                                            "Actual Startup Time": 0.011,
                                                                            "Actual Total Time": 0.019,
                                                                            "Actual Rows": 22,
                                                                            "Actual Loops": 489,
                                                                            "Output": [
                                                                                "mc.id",
                                                                                "mc.movie_id",
                                                                                "mc.company_id",
                                                                                "mc.company_type_id",
                                                                                "mc.note"
                                                                            ],
                                                                            "Recheck Cond": "(mc.movie_id = mk.movie_id)",
                                                                            "Rows Removed by Index Recheck": 0,
                                                                            "Exact Heap Blocks": 978,
                                                                            "Lossy Heap Blocks": 0,
                                                                            "Plans": [
                                                                                {
                                                                                    "Node Type": "Bitmap Index Scan",
                                                                                    "Parent Relationship": "Outer",
                                                                                    "Parallel Aware": false,
                                                                                    "Index Name": "movie_id_movie_companies",
                                                                                    "Startup Cost": 0.0,
                                                                                    "Total Cost": 0.48,
                                                                                    "Plan Rows": 5,
                                                                                    "Plan Width": 0,
                                                                                    "Actual Startup Time": 0.008,
                                                                                    "Actual Total Time": 0.008,
                                                                                    "Actual Rows": 22,
                                                                                    "Actual Loops": 489,
                                                                                    "Index Cond": "(mc.movie_id = mk.movie_id)"
                                                                                }
                                                                            ]
                                                                        }
                                                                    ]
                                                                },
                                                                {
                                                                    "Node Type": "Bitmap Heap Scan",
                                                                    "Parent Relationship": "Inner",
                                                                    "Parallel Aware": false,
                                                                    "Relation Name": "company_name",
                                                                    "Schema": "public",
                                                                    "Alias": "cn",
                                                                    "Startup Cost": 0.43,
                                                                    "Total Cost": 4.44,
                                                                    "Plan Rows": 1,
                                                                    "Plan Width": 4,
                                                                    "Actual Startup Time": 0.006,
                                                                    "Actual Total Time": 0.006,
                                                                    "Actual Rows": 0,
                                                                    "Actual Loops": 10758,
                                                                    "Output": [
                                                                        "cn.id",
                                                                        "cn.name",
                                                                        "cn.country_code",
                                                                        "cn.imdb_id",
                                                                        "cn.name_pcode_nf",
                                                                        "cn.name_pcode_sf",
                                                                        "cn.md5sum"
                                                                    ],
                                                                    "Recheck Cond": "(cn.id = mc.company_id)",
                                                                    "Rows Removed by Index Recheck": 0,
                                                                    "Filter": "((cn.country_code)::text = '[us]'::text)",
                                                                    "Rows Removed by Filter": 1,
                                                                    "Exact Heap Blocks": 10758,
                                                                    "Lossy Heap Blocks": 0,
                                                                    "Plans": [
                                                                        {
                                                                            "Node Type": "Bitmap Index Scan",
                                                                            "Parent Relationship": "Outer",
                                                                            "Parallel Aware": false,
                                                                            "Index Name": "company_name_pkey",
                                                                            "Startup Cost": 0.0,
                                                                            "Total Cost": 0.43,
                                                                            "Plan Rows": 1,
                                                                            "Plan Width": 0,
                                                                            "Actual Startup Time": 0.004,
                                                                            "Actual Total Time": 0.004,
                                                                            "Actual Rows": 1,
                                                                            "Actual Loops": 10758,
                                                                            "Index Cond": "(cn.id = mc.company_id)"
                                                                        }
                                                                    ]
                                                                }
                                                            ]
                                                        },
                                                        {
                                                            "Node Type": "Bitmap Heap Scan",
                                                            "Parent Relationship": "Inner",
                                                            "Parallel Aware": false,
                                                            "Relation Name": "movie_info",
                                                            "Schema": "public",
                                                            "Alias": "mi",
                                                            "Startup Cost": 0.78,
                                                            "Total Cost": 5.46,
                                                            "Plan Rows": 1,
                                                            "Plan Width": 8,
                                                            "Actual Startup Time": 0.025,
                                                            "Actual Total Time": 0.095,
                                                            "Actual Rows": 2,
                                                            "Actual Loops": 2445,
                                                            "Output": [
                                                                "mi.id",
                                                                "mi.movie_id",
                                                                "mi.info_type_id",
                                                                "mi.info",
                                                                "mi.note"
                                                            ],
                                                            "Recheck Cond": "(mi.movie_id = mk.movie_id)",
                                                            "Rows Removed by Index Recheck": 0,
                                                            "Filter": "((mi.info IS NOT NULL) AND ((mi.info ~~ 'Japan:%200%'::text) OR (mi.info ~~ 'USA:%200%'::text)))",
                                                            "Rows Removed by Filter": 455,
                                                            "Exact Heap Blocks": 83130,
                                                            "Lossy Heap Blocks": 0,
                                                            "Plans": [
                                                                {
                                                                    "Node Type": "Bitmap Index Scan",
                                                                    "Parent Relationship": "Outer",
                                                                    "Parallel Aware": false,
                                                                    "Index Name": "movie_id_movie_info",
                                                                    "Startup Cost": 0.0,
                                                                    "Total Cost": 0.78,
                                                                    "Plan Rows": 39,
                                                                    "Plan Width": 0,
                                                                    "Actual Startup Time": 0.015,
                                                                    "Actual Total Time": 0.015,
                                                                    "Actual Rows": 457,
                                                                    "Actual Loops": 2445,
                                                                    "Index Cond": "(mi.movie_id = mk.movie_id)"
                                                                }
                                                            ]
                                                        }
                                                    ]
                                                },
                                                {
                                                    "Node Type": "Seq Scan",
                                                    "Parent Relationship": "Inner",
                                                    "Parallel Aware": false,
                                                    "Relation Name": "info_type",
                                                    "Schema": "public",
                                                    "Alias": "it",
                                                    "Startup Cost": 0.0,
                                                    "Total Cost": 2.41,
                                                    "Plan Rows": 1,
                                                    "Plan Width": 4,
                                                    "Actual Startup Time": 0.003,
                                                    "Actual Total Time": 0.003,
                                                    "Actual Rows": 1,
                                                    "Actual Loops": 4890,
                                                    "Output": [
                                                        "it.id",
                                                        "it.info"
                                                    ],
                                                    "Filter": "((it.info)::text = 'release dates'::text)",
                                                    "Rows Removed by Filter": 15
                                                }
                                            ]
                                        },
                                        {
                                            "Node Type": "Bitmap Heap Scan",
                                            "Parent Relationship": "Inner",
                                            "Parallel Aware": false,
                                            "Relation Name": "name",
                                            "Schema": "public",
                                            "Alias": "n",
                                            "Startup Cost": 0.46,
                                            "Total Cost": 4.48,
                                            "Plan Rows": 1,
                                            "Plan Width": 19,
                                            "Actual Startup Time": 0.007,
                                            "Actual Total Time": 0.007,
                                            "Actual Rows": 1,
                                            "Actual Loops": 4890,
                                            "Output": [
                                                "n.id",
                                                "n.name",
                                                "n.imdb_index",
                                                "n.imdb_id",
                                                "n.gender",
                                                "n.name_pcode_cf",
                                                "n.name_pcode_nf",
                                                "n.surname_pcode",
                                                "n.md5sum"
                                            ],
                                            "Recheck Cond": "(n.id = pi.person_id)",
                                            "Rows Removed by Index Recheck": 0,
                                            "Filter": "((n.name ~~ '%An%'::text) AND ((n.gender)::text = 'f'::text))",
                                            "Rows Removed by Filter": 0,
                                            "Exact Heap Blocks": 4890,
                                            "Lossy Heap Blocks": 0,
                                            "Plans": [
                                                {
                                                    "Node Type": "Bitmap Index Scan",
                                                    "Parent Relationship": "Outer",
                                                    "Parallel Aware": false,
                                                    "Index Name": "name_pkey",
                                                    "Startup Cost": 0.0,
                                                    "Total Cost": 0.46,
                                                    "Plan Rows": 1,
                                                    "Plan Width": 0,
                                                    "Actual Startup Time": 0.004,
                                                    "Actual Total Time": 0.004,
                                                    "Actual Rows": 1,
                                                    "Actual Loops": 4890,
                                                    "Index Cond": "(n.id = pi.person_id)"
                                                }
                                            ]
                                        }
                                    ]
                                },
                                {
                                    "Node Type": "Seq Scan",
                                    "Parent Relationship": "Inner",
                                    "Parallel Aware": false,
                                    "Relation Name": "info_type",
                                    "Schema": "public",
                                    "Alias": "it3",
                                    "Startup Cost": 0.0,
                                    "Total Cost": 2.41,
                                    "Plan Rows": 1,
                                    "Plan Width": 4,
                                    "Actual Startup Time": 0.003,
                                    "Actual Total Time": 0.006,
                                    "Actual Rows": 1,
                                    "Actual Loops": 4890,
                                    "Output": [
                                        "it3.id",
                                        "it3.info"
                                    ],
                                    "Filter": "((it3.info)::text = 'trivia'::text)",
                                    "Rows Removed by Filter": 80
                                }
                            ]
                        },
                        {
                            "Node Type": "Seq Scan",
                            "Parent Relationship": "Inner",
                            "Parallel Aware": false,
                            "Relation Name": "role_type",
                            "Schema": "public",
                            "Alias": "rt",
                            "Startup Cost": 0.0,
                            "Total Cost": 1.15,
                            "Plan Rows": 1,
                            "Plan Width": 4,
                            "Actual Startup Time": 0.001,
                            "Actual Total Time": 0.001,
                            "Actual Rows": 1,
                            "Actual Loops": 1620,
                            "Output": [
                                "rt.id",
                                "rt.role"
                            ],
                            "Filter": "((rt.role)::text = 'actress'::text)",
                            "Rows Removed by Filter": 1
                        }
                    ]
                }
            ]
        },
        "Planning Time": 15378.955,
        "Triggers": [],
        "Execution Time": 759.591
    }
]