{
  "Plan": {
    "Node Type": "Aggregate",
    "Strategy": "Plain",
    "Partial Mode": "Finalize",
    "Parallel Aware": false,
    "Startup Cost": 93840.14,
    "Total Cost": 93840.15,
    "Plan Rows": 1,
    "Plan Width": 8,
    "Actual Startup Time": 353.494,
    "Actual Total Time": 368.412,
    "Actual Rows": 1,
    "Actual Loops": 1,
    "Plans": [
      {
        "Node Type": "Gather",
        "Parent Relationship": "Outer",
        "Parallel Aware": false,
        "Startup Cost": 93840.02,
        "Total Cost": 93840.13,
        "Plan Rows": 1,
        "Plan Width": 8,
        "Actual Startup Time": 352.916,
        "Actual Total Time": 368.405,
        "Actual Rows": 2,
        "Actual Loops": 1,
        "Workers Planned": 1,
        "Workers Launched": 1,
        "Single Copy": false,
        "Plans": [
          {
            "Node Type": "Aggregate",
            "Strategy": "Plain",
            "Partial Mode": "Partial",
            "Parent Relationship": "Outer",
            "Parallel Aware": false,
            "Startup Cost": 92840.02,
            "Total Cost": 92840.03,
            "Plan Rows": 1,
            "Plan Width": 8,
            "Actual Startup Time": 349.917,
            "Actual Total Time": 349.921,
            "Actual Rows": 1,
            "Actual Loops": 2,
            "Plans": [
              {
                "Node Type": "Hash Join",
                "Parent Relationship": "Outer",
                "Parallel Aware": true,
                "Join Type": "Inner",
                "Startup Cost": 31725.07,
                "Total Cost": 92556.85,
                "Plan Rows": 113268,
                "Plan Width": 0,
                "Actual Startup Time": 92.619,
                "Actual Total Time": 347.773,
                "Actual Rows": 43517,
                "Actual Loops": 2,
                "Inner Unique": false,
                "Hash Cond": "(t.id = mc.movie_id)",
                "Plans": [
                  {
                    "Node Type": "Seq Scan",
                    "Parent Relationship": "Outer",
                    "Parallel Aware": true,
                    "Relation Name": "title",
                    "Alias": "t",
                    "Startup Cost": 0.0,
                    "Total Cost": 50870.31,
                    "Plan Rows": 1487231,
                    "Plan Width": 4,
                    "Actual Startup Time": 0.012,
                    "Actual Total Time": 115.527,
                    "Actual Rows": 1264156,
                    "Actual Loops": 2
                  },
                  {
                    "Node Type": "Hash",
                    "Parent Relationship": "Inner",
                    "Parallel Aware": true,
                    "Startup Cost": 30309.22,
                    "Total Cost": 30309.22,
                    "Plan Rows": 113268,
                    "Plan Width": 4,
                    "Actual Startup Time": 90.325,
                    "Actual Total Time": 90.327,
                    "Actual Rows": 43517,
                    "Actual Loops": 2,
                    "Hash Buckets": 262144,
                    "Original Hash Buckets": 262144,
                    "Hash Batches": 1,
                    "Original Hash Batches": 1,
                    "Peak Memory Usage": 5472,
                    "Plans": [
                      {
                        "Node Type": "Bitmap Heap Scan",
                        "Parent Relationship": "Outer",
                        "Parallel Aware": true,
                        "Relation Name": "movie_companies",
                        "Alias": "mc",
                        "Startup Cost": 8172.92,
                        "Total Cost": 30309.22,
                        "Plan Rows": 113268,
                        "Plan Width": 4,
                        "Actual Startup Time": 64.867,
                        "Actual Total Time": 81.029,
                        "Actual Rows": 43517,
                        "Actual Loops": 2,
                        "Recheck Cond": "(company_id < 225)",
                        "Rows Removed by Index Recheck": 0,
                        "Filter": "(company_type_id > 1)",
                        "Rows Removed by Filter": 144794,
                        "Exact Heap Blocks": 14218,
                        "Lossy Heap Blocks": 0,
                        "Plans": [
                          {
                            "Node Type": "Bitmap Index Scan",
                            "Parent Relationship": "Outer",
                            "Parallel Aware": false,
                            "Index Name": "company_id_movie_companies",
                            "Startup Cost": 0.0,
                            "Total Cost": 8124.78,
                            "Plan Rows": 379247,
                            "Plan Width": 0,
                            "Actual Startup Time": 25.896,
                            "Actual Total Time": 25.896,
                            "Actual Rows": 376622,
                            "Actual Loops": 1,
                            "Index Cond": "(company_id < 225)"
                          }
                        ]
                      }
                    ]
                  }
                ]
              }
            ]
          }
        ]
      }
    ]
  },
  "Planning Time": 0.405,
  "Triggers": [],
  "Execution Time": 368.471
}