[
  {
    "Plan": {
      "Node Type": "Aggregate",
      "Strategy": "Plain",
      "Partial Mode": "Finalize",
      "Parallel Aware": false,
      "Startup Cost": 100466.22,
      "Total Cost": 100466.23,
      "Plan Rows": 1,
      "Plan Width": 8,
      "Actual Startup Time": 584.854,
      "Actual Total Time": 606.012,
      "Actual Rows": 1,
      "Actual Loops": 1,
      "Plans": [
        {
          "Node Type": "Gather",
          "Parent Relationship": "Outer",
          "Parallel Aware": false,
          "Startup Cost": 100466.01,
          "Total Cost": 100466.22,
          "Plan Rows": 2,
          "Plan Width": 8,
          "Actual Startup Time": 580.114,
          "Actual Total Time": 606.003,
          "Actual Rows": 3,
          "Actual Loops": 1,
          "Workers Planned": 2,
          "Workers Launched": 2,
          "Single Copy": false,
          "Plans": [
            {
              "Node Type": "Aggregate",
              "Strategy": "Plain",
              "Partial Mode": "Partial",
              "Parent Relationship": "Outer",
              "Parallel Aware": false,
              "Startup Cost": 99466.01,
              "Total Cost": 99466.02,
              "Plan Rows": 1,
              "Plan Width": 8,
              "Actual Startup Time": 572.515,
              "Actual Total Time": 572.522,
              "Actual Rows": 1,
              "Actual Loops": 3,
              "Plans": [
                {
                  "Node Type": "Hash Join",
                  "Parent Relationship": "Outer",
                  "Parallel Aware": true,
                  "Join Type": "Inner",
                  "Startup Cost": 83430.3,
                  "Total Cost": 99381.19,
                  "Plan Rows": 33927,
                  "Plan Width": 0,
                  "Actual Startup Time": 491.192,
                  "Actual Total Time": 571.581,
                  "Actual Rows": 16610,
                  "Actual Loops": 3,
                  "Inner Unique": false,
                  "Hash Cond": "(mi_idx.movie_id = t.id)",
                  "Plans": [
                    {
                      "Node Type": "Seq Scan",
                      "Parent Relationship": "Outer",
                      "Parallel Aware": true,
                      "Relation Name": "movie_info_idx",
                      "Alias": "mi_idx",
                      "Startup Cost": 0.0,
                      "Total Cost": 13685.15,
                      "Plan Rows": 575015,
                      "Plan Width": 4,
                      "Actual Startup Time": 0.024,
                      "Actual Total Time": 48.378,
                      "Actual Rows": 460012,
                      "Actual Loops": 3
                    },
                    {
                      "Node Type": "Hash",
                      "Parent Relationship": "Inner",
                      "Parallel Aware": true,
                      "Startup Cost": 82828.76,
                      "Total Cost": 82828.76,
                      "Plan Rows": 48123,
                      "Plan Width": 8,
                      "Actual Startup Time": 470.724,
                      "Actual Total Time": 470.729,
                      "Actual Rows": 8339,
                      "Actual Loops": 3,
                      "Hash Buckets": 262144,
                      "Original Hash Buckets": 262144,
                      "Hash Batches": 1,
                      "Original Hash Batches": 1,
                      "Peak Memory Usage": 3072,
                      "Plans": [
                        {
                          "Node Type": "Hash Join",
                          "Parent Relationship": "Outer",
                          "Parallel Aware": true,
                          "Join Type": "Inner",
                          "Startup Cost": 56554.93,
                          "Total Cost": 82828.76,
                          "Plan Rows": 48123,
                          "Plan Width": 8,
                          "Actual Startup Time": 372.465,
                          "Actual Total Time": 466.934,
                          "Actual Rows": 8339,
                          "Actual Loops": 3,
                          "Inner Unique": true,
                          "Hash Cond": "(mk.movie_id = t.id)",
                          "Plans": [
                            {
                              "Node Type": "Bitmap Heap Scan",
                              "Parent Relationship": "Outer",
                              "Parallel Aware": true,
                              "Relation Name": "movie_keyword",
                              "Alias": "mk",
                              "Startup Cost": 7915.1,
                              "Total Cost": 33873.09,
                              "Plan Rows": 120319,
                              "Plan Width": 4,
                              "Actual Startup Time": 33.934,
                              "Actual Total Time": 97.599,
                              "Actual Rows": 124420,
                              "Actual Loops": 3,
                              "Recheck Cond": "(keyword_id > 45407)",
                              "Rows Removed by Index Recheck": 0,
                              "Exact Heap Blocks": 8932,
                              "Lossy Heap Blocks": 0,
                              "Plans": [
                                {
                                  "Node Type": "Bitmap Index Scan",
                                  "Parent Relationship": "Outer",
                                  "Parallel Aware": false,
                                  "Index Name": "keyword_id_movie_keyword",
                                  "Startup Cost": 0.0,
                                  "Total Cost": 7821.85,
                                  "Plan Rows": 372989,
                                  "Plan Width": 0,
                                  "Actual Startup Time": 28.363,
                                  "Actual Total Time": 28.364,
                                  "Actual Rows": 373259,
                                  "Actual Loops": 1,
                                  "Index Cond": "(keyword_id > 45407)"
                                }
                              ]
                            },
                            {
                              "Node Type": "Hash",
                              "Parent Relationship": "Inner",
                              "Parallel Aware": true,
                              "Startup Cost": 45479.59,
                              "Total Cost": 45479.59,
                              "Plan Rows": 252820,
                              "Plan Width": 4,
                              "Actual Startup Time": 333.522,
                              "Actual Total Time": 333.523,
                              "Actual Rows": 366365,
                              "Actual Loops": 3,
                              "Hash Buckets": 2097152,
                              "Original Hash Buckets": 1048576,
                              "Hash Batches": 1,
                              "Original Hash Batches": 1,
                              "Peak Memory Usage": 67648,
                              "Plans": [
                                {
                                  "Node Type": "Seq Scan",
                                  "Parent Relationship": "Outer",
                                  "Parallel Aware": true,
                                  "Relation Name": "title",
                                  "Alias": "t",
                                  "Startup Cost": 0.0,
                                  "Total Cost": 45479.59,
                                  "Plan Rows": 252820,
                                  "Plan Width": 4,
                                  "Actual Startup Time": 0.039,
                                  "Actual Total Time": 158.364,
                                  "Actual Rows": 366365,
                                  "Actual Loops": 3,
                                  "Filter": "((production_year > 1994) AND (kind_id = 7))",
                                  "Rows Removed by Filter": 476406
                                }
                              ]
                            }
                          ]
                        }
                      ]
                    }
                  ]
                }
              ]
            }
          ]
        }
      ]
    },
    "Planning Time": 1.377,
    "Triggers": [],
    "Execution Time": 606.12
  }
]