{
  "Plan": {
    "Node Type": "Aggregate",
    "Strategy": "Plain",
    "Partial Mode": "Finalize",
    "Parallel Aware": false,
    "Startup Cost": 149803.95,
    "Total Cost": 149803.96,
    "Plan Rows": 1,
    "Plan Width": 8,
    "Actual Startup Time": 1109.683,
    "Actual Total Time": 1135.3,
    "Actual Rows": 1,
    "Actual Loops": 1,
    "Plans": [
      {
        "Node Type": "Gather",
        "Parent Relationship": "Outer",
        "Parallel Aware": false,
        "Startup Cost": 149803.83,
        "Total Cost": 149803.94,
        "Plan Rows": 1,
        "Plan Width": 8,
        "Actual Startup Time": 1101.867,
        "Actual Total Time": 1135.29,
        "Actual Rows": 2,
        "Actual Loops": 1,
        "Workers Planned": 1,
        "Workers Launched": 1,
        "Single Copy": false,
        "Plans": [
          {
            "Node Type": "Aggregate",
            "Strategy": "Plain",
            "Partial Mode": "Partial",
            "Parent Relationship": "Outer",
            "Parallel Aware": false,
            "Startup Cost": 148803.83,
            "Total Cost": 148803.84,
            "Plan Rows": 1,
            "Plan Width": 8,
            "Actual Startup Time": 1095.747,
            "Actual Total Time": 1096.01,
            "Actual Rows": 1,
            "Actual Loops": 2,
            "Plans": [
              {
                "Node Type": "Hash Join",
                "Parent Relationship": "Outer",
                "Parallel Aware": true,
                "Join Type": "Inner",
                "Startup Cost": 107004.2,
                "Total Cost": 148534.62,
                "Plan Rows": 107684,
                "Plan Width": 0,
                "Actual Startup Time": 906.957,
                "Actual Total Time": 1078.94,
                "Actual Rows": 334858,
                "Actual Loops": 2,
                "Inner Unique": false,
                "Hash Cond": "(mc.movie_id = t.id)",
                "Plans": [
                  {
                    "Node Type": "Seq Scan",
                    "Parent Relationship": "Outer",
                    "Parallel Aware": true,
                    "Relation Name": "movie_companies",
                    "Alias": "mc",
                    "Startup Cost": 0.0,
                    "Total Cost": 37974.77,
                    "Plan Rows": 779260,
                    "Plan Width": 4,
                    "Actual Startup Time": 53.326,
                    "Actual Total Time": 130.745,
                    "Actual Rows": 667442,
                    "Actual Loops": 2,
                    "Filter": "(company_type_id = 2)",
                    "Rows Removed by Filter": 637123
                  },
                  {
                    "Node Type": "Hash",
                    "Parent Relationship": "Inner",
                    "Parallel Aware": true,
                    "Startup Cost": 104435.25,
                    "Total Cost": 104435.25,
                    "Plan Rows": 205516,
                    "Plan Width": 8,
                    "Actual Startup Time": 814.895,
                    "Actual Total Time": 815.156,
                    "Actual Rows": 169548,
                    "Actual Loops": 2,
                    "Hash Buckets": 524288,
                    "Original Hash Buckets": 524288,
                    "Hash Batches": 1,
                    "Original Hash Batches": 1,
                    "Peak Memory Usage": 17408,
                    "Plans": [
                      {
                        "Node Type": "Hash Join",
                        "Parent Relationship": "Outer",
                        "Parallel Aware": true,
                        "Join Type": "Inner",
                        "Startup Cost": 76872.81,
                        "Total Cost": 104435.25,
                        "Plan Rows": 205516,
                        "Plan Width": 8,
                        "Actual Startup Time": 652.4,
                        "Actual Total Time": 774.215,
                        "Actual Rows": 169548,
                        "Actual Loops": 2,
                        "Inner Unique": true,
                        "Hash Cond": "(mk.movie_id = t.id)",
                        "Plans": [
                          {
                            "Node Type": "Bitmap Heap Scan",
                            "Parent Relationship": "Outer",
                            "Parallel Aware": true,
                            "Relation Name": "movie_keyword",
                            "Alias": "mk",
                            "Startup Cost": 7412.11,
                            "Total Cost": 34435.07,
                            "Plan Rows": 205516,
                            "Plan Width": 4,
                            "Actual Startup Time": 21.818,
                            "Actual Total Time": 85.301,
                            "Actual Rows": 169548,
                            "Actual Loops": 2,
                            "Recheck Cond": "(keyword_id > 48808)",
                            "Rows Removed by Index Recheck": 0,
                            "Exact Heap Blocks": 14348,
                            "Lossy Heap Blocks": 0,
                            "Plans": [
                              {
                                "Node Type": "Bitmap Index Scan",
                                "Parent Relationship": "Outer",
                                "Parallel Aware": false,
                                "Index Name": "keyword_id_movie_keyword",
                                "Startup Cost": 0.0,
                                "Total Cost": 7324.77,
                                "Plan Rows": 349378,
                                "Plan Width": 0,
                                "Actual Startup Time": 18.615,
                                "Actual Total Time": 18.616,
                                "Actual Rows": 339095,
                                "Actual Loops": 1,
                                "Index Cond": "(keyword_id > 48808)"
                              }
                            ]
                          },
                          {
                            "Node Type": "Hash",
                            "Parent Relationship": "Inner",
                            "Parallel Aware": true,
                            "Startup Cost": 50870.31,
                            "Total Cost": 50870.31,
                            "Plan Rows": 1487231,
                            "Plan Width": 4,
                            "Actual Startup Time": 612.368,
                            "Actual Total Time": 612.368,
                            "Actual Rows": 1264156,
                            "Actual Loops": 2,
                            "Hash Buckets": 4194304,
                            "Original Hash Buckets": 4194304,
                            "Hash Batches": 1,
                            "Original Hash Batches": 1,
                            "Peak Memory Usage": 131712,
                            "Plans": [
                              {
                                "Node Type": "Seq Scan",
                                "Parent Relationship": "Outer",
                                "Parallel Aware": true,
                                "Relation Name": "title",
                                "Alias": "t",
                                "Startup Cost": 0.0,
                                "Total Cost": 50870.31,
                                "Plan Rows": 1487231,
                                "Plan Width": 4,
                                "Actual Startup Time": 0.036,
                                "Actual Total Time": 176.263,
                                "Actual Rows": 1264156,
                                "Actual Loops": 2
                              }
                            ]
                          }
                        ]
                      }
                    ]
                  }
                ]
              }
            ]
          }
        ]
      }
    ]
  },
  "Planning Time": 0.894,
  "Triggers": [],
  "Execution Time": 1135.407
}