[
  {
    "Plan": {
      "Node Type": "Aggregate",
      "Strategy": "Plain",
      "Partial Mode": "Simple",
      "Parallel Aware": false,
      "Startup Cost": 7503.3,
      "Total Cost": 7503.31,
      "Plan Rows": 1,
      "Plan Width": 64,
      "Actual Startup Time": 712.578,
      "Actual Total Time": 712.584,
      "Actual Rows": 1,
      "Actual Loops": 1,
      "Output": [
        "min(mi_idx.info)",
        "min(t.title)"
      ],
      "Plans": [
        {
          "Node Type": "Nested Loop",
          "Parent Relationship": "Outer",
          "Parallel Aware": false,
          "Join Type": "Inner",
          "Startup Cost": 12.1,
          "Total Cost": 7503.3,
          "Plan Rows": 1,
          "Plan Width": 22,
          "Actual Startup Time": 15.963,
          "Actual Total Time": 712.507,
          "Actual Rows": 79,
          "Actual Loops": 1,
          "Output": [
            "mi_idx.info",
            "t.title"
          ],
          "Inner Unique": false,
          "Join Filter": "(mi.info_type_id = it1.id)",
          "Rows Removed by Join Filter": 1399,
          "Plans": [
            {
              "Node Type": "Seq Scan",
              "Parent Relationship": "Outer",
              "Parallel Aware": false,
              "Relation Name": "info_type",
              "Schema": "public",
              "Alias": "it1",
              "Startup Cost": 0.0,
              "Total Cost": 2.41,
              "Plan Rows": 1,
              "Plan Width": 4,
              "Actual Startup Time": 0.036,
              "Actual Total Time": 0.045,
              "Actual Rows": 1,
              "Actual Loops": 1,
              "Output": [
                "it1.id",
                "it1.info"
              ],
              "Filter": "((it1.info)::text = 'countries'::text)",
              "Rows Removed by Filter": 112
            },
            {
              "Node Type": "Nested Loop",
              "Parent Relationship": "Inner",
              "Parallel Aware": false,
              "Join Type": "Inner",
              "Startup Cost": 12.1,
              "Total Cost": 7500.86,
              "Plan Rows": 2,
              "Plan Width": 26,
              "Actual Startup Time": 11.372,
              "Actual Total Time": 712.189,
              "Actual Rows": 1478,
              "Actual Loops": 1,
              "Output": [
                "mi_idx.info",
                "mi.info_type_id",
                "t.title"
              ],
              "Inner Unique": false,
              "Join Filter": "(t.id = mi.movie_id)",
              "Rows Removed by Join Filter": 0,
              "Plans": [
                {
                  "Node Type": "Nested Loop",
                  "Parent Relationship": "Outer",
                  "Parallel Aware": false,
                  "Join Type": "Inner",
                  "Startup Cost": 11.66,
                  "Total Cost": 7498.94,
                  "Plan Rows": 1,
                  "Plan Width": 34,
                  "Actual Startup Time": 10.933,
                  "Actual Total Time": 589.296,
                  "Actual Rows": 1632,
                  "Actual Loops": 1,
                  "Output": [
                    "mi_idx.info",
                    "mi_idx.movie_id",
                    "mk.movie_id",
                    "t.title",
                    "t.id"
                  ],
                  "Inner Unique": true,
                  "Join Filter": "(t.kind_id = kt.id)",
                  "Rows Removed by Join Filter": 20594,
                  "Plans": [
                    {
                      "Node Type": "Nested Loop",
                      "Parent Relationship": "Outer",
                      "Parallel Aware": false,
                      "Join Type": "Inner",
                      "Startup Cost": 11.66,
                      "Total Cost": 7497.78,
                      "Plan Rows": 2,
                      "Plan Width": 38,
                      "Actual Startup Time": 10.896,
                      "Actual Total Time": 581.752,
                      "Actual Rows": 11390,
                      "Actual Loops": 1,
                      "Output": [
                        "mi_idx.info",
                        "mi_idx.movie_id",
                        "mk.movie_id",
                        "t.title",
                        "t.kind_id",
                        "t.id"
                      ],
                      "Inner Unique": true,
                      "Plans": [
                        {
                          "Node Type": "Nested Loop",
                          "Parent Relationship": "Outer",
                          "Parallel Aware": false,
                          "Join Type": "Inner",
                          "Startup Cost": 11.23,
                          "Total Cost": 7496.31,
                          "Plan Rows": 3,
                          "Plan Width": 13,
                          "Actual Startup Time": 10.773,
                          "Actual Total Time": 389.426,
                          "Actual Rows": 15107,
                          "Actual Loops": 1,
                          "Output": [
                            "mi_idx.info",
                            "mi_idx.movie_id",
                            "mk.movie_id"
                          ],
                          "Inner Unique": false,
                          "Join Filter": "(mi_idx.info_type_id = it2.id)",
                          "Rows Removed by Join Filter": 36481,
                          "Plans": [
                            {
                              "Node Type": "Seq Scan",
                              "Parent Relationship": "Outer",
                              "Parallel Aware": false,
                              "Relation Name": "info_type",
                              "Schema": "public",
                              "Alias": "it2",
                              "Startup Cost": 0.0,
                              "Total Cost": 2.41,
                              "Plan Rows": 1,
                              "Plan Width": 4,
                              "Actual Startup Time": 0.032,
                              "Actual Total Time": 0.036,
                              "Actual Rows": 1,
                              "Actual Loops": 1,
                              "Output": [
                                "it2.id",
                                "it2.info"
                              ],
                              "Filter": "((it2.info)::text = 'rating'::text)",
                              "Rows Removed by Filter": 112
                            },
                            {
                              "Node Type": "Nested Loop",
                              "Parent Relationship": "Inner",
                              "Parallel Aware": false,
                              "Join Type": "Inner",
                              "Startup Cost": 11.23,
                              "Total Cost": 7489.76,
                              "Plan Rows": 331,
                              "Plan Width": 17,
                              "Actual Startup Time": 10.731,
                              "Actual Total Time": 382.407,
                              "Actual Rows": 51588,
                              "Actual Loops": 1,
                              "Output": [
                                "mk.movie_id",
                                "mi_idx.info",
                                "mi_idx.movie_id",
                                "mi_idx.info_type_id"
                              ],
                              "Inner Unique": false,
                              "Plans": [
                                {
                                  "Node Type": "Nested Loop",
                                  "Parent Relationship": "Outer",
                                  "Parallel Aware": false,
                                  "Join Type": "Inner",
                                  "Startup Cost": 10.8,
                                  "Total Cost": 7419.56,
                                  "Plan Rows": 135,
                                  "Plan Width": 4,
                                  "Actual Startup Time": 10.691,
                                  "Actual Total Time": 193.356,
                                  "Actual Rows": 29115,
                                  "Actual Loops": 1,
                                  "Output": [
                                    "mk.movie_id"
                                  ],
                                  "Inner Unique": false,
                                  "Plans": [
                                    {
                                      "Node Type": "Seq Scan",
                                      "Parent Relationship": "Outer",
                                      "Parallel Aware": false,
                                      "Relation Name": "keyword",
                                      "Schema": "public",
                                      "Alias": "k",
                                      "Startup Cost": 0.0,
                                      "Total Cost": 2961.55,
                                      "Plan Rows": 4,
                                      "Plan Width": 4,
                                      "Actual Startup Time": 1.719,
                                      "Actual Total Time": 26.659,
                                      "Actual Rows": 4,
                                      "Actual Loops": 1,
                                      "Output": [
                                        "k.id",
                                        "k.keyword",
                                        "k.phonetic_code"
                                      ],
                                      "Filter": "((k.keyword IS NOT NULL) AND (k.keyword = ANY ('{marvel-comics,death,tv-special,number-in-title}'::text[])))",
                                      "Rows Removed by Filter": 134166
                                    },
                                    {
                                      "Node Type": "Bitmap Heap Scan",
                                      "Parent Relationship": "Inner",
                                      "Parallel Aware": false,
                                      "Relation Name": "movie_keyword",
                                      "Schema": "public",
                                      "Alias": "mk",
                                      "Startup Cost": 10.8,
                                      "Total Cost": 1111.44,
                                      "Plan Rows": 306,
                                      "Plan Width": 8,
                                      "Actual Startup Time": 3.363,
                                      "Actual Total Time": 39.995,
                                      "Actual Rows": 7279,
                                      "Actual Loops": 4,
                                      "Output": [
                                        "mk.id",
                                        "mk.movie_id",
                                        "mk.keyword_id"
                                      ],
                                      "Recheck Cond": "(mk.keyword_id = k.id)",
                                      "Rows Removed by Index Recheck": 0,
                                      "Exact Heap Blocks": 16019,
                                      "Lossy Heap Blocks": 0,
                                      "Plans": [
                                        {
                                          "Node Type": "Bitmap Index Scan",
                                          "Parent Relationship": "Outer",
                                          "Parallel Aware": false,
                                          "Index Name": "keyword_id_movie_keyword",
                                          "Startup Cost": 0.0,
                                          "Total Cost": 10.73,
                                          "Plan Rows": 306,
                                          "Plan Width": 0,
                                          "Actual Startup Time": 2.261,
                                          "Actual Total Time": 2.261,
                                          "Actual Rows": 7279,
                                          "Actual Loops": 4,
                                          "Index Cond": "(mk.keyword_id = k.id)"
                                        }
                                      ]
                                    }
                                  ]
                                },
                                {
                                  "Node Type": "Index Scan",
                                  "Parent Relationship": "Inner",
                                  "Parallel Aware": false,
                                  "Scan Direction": "Forward",
                                  "Index Name": "movie_id_movie_info_idx",
                                  "Relation Name": "movie_info_idx",
                                  "Schema": "public",
                                  "Alias": "mi_idx",
                                  "Startup Cost": 0.43,
                                  "Total Cost": 0.5,
                                  "Plan Rows": 2,
                                  "Plan Width": 13,
                                  "Actual Startup Time": 0.005,
                                  "Actual Total Time": 0.006,
                                  "Actual Rows": 2,
                                  "Actual Loops": 29115,
                                  "Output": [
                                    "mi_idx.id",
                                    "mi_idx.movie_id",
                                    "mi_idx.info_type_id",
                                    "mi_idx.info",
                                    "mi_idx.note"
                                  ],
                                  "Index Cond": "(mi_idx.movie_id = mk.movie_id)",
                                  "Rows Removed by Index Recheck": 0,
                                  "Filter": "(mi_idx.info < '7'::text)",
                                  "Rows Removed by Filter": 0
                                }
                              ]
                            }
                          ]
                        },
                        {
                          "Node Type": "Index Scan",
                          "Parent Relationship": "Inner",
                          "Parallel Aware": false,
                          "Scan Direction": "Forward",
                          "Index Name": "title_pkey",
                          "Relation Name": "title",
                          "Schema": "public",
                          "Alias": "t",
                          "Startup Cost": 0.43,
                          "Total Cost": 0.49,
                          "Plan Rows": 1,
                          "Plan Width": 25,
                          "Actual Startup Time": 0.012,
                          "Actual Total Time": 0.012,
                          "Actual Rows": 1,
                          "Actual Loops": 15107,
                          "Output": [
                            "t.id",
                            "t.title",
                            "t.imdb_index",
                            "t.kind_id",
                            "t.production_year",
                            "t.imdb_id",
                            "t.phonetic_code",
                            "t.episode_of_id",
                            "t.season_nr",
                            "t.episode_nr",
                            "t.series_years",
                            "t.md5sum"
                          ],
                          "Index Cond": "(t.id = mk.movie_id)",
                          "Rows Removed by Index Recheck": 0,
                          "Filter": "(t.production_year > 1983)",
                          "Rows Removed by Filter": 0
                        }
                      ]
                    },
                    {
                      "Node Type": "Materialize",
                      "Parent Relationship": "Inner",
                      "Parallel Aware": false,
                      "Startup Cost": 0.0,
                      "Total Cost": 1.1,
                      "Plan Rows": 2,
                      "Plan Width": 4,
                      "Actual Startup Time": 0.0,
                      "Actual Total Time": 0.0,
                      "Actual Rows": 2,
                      "Actual Loops": 11390,
                      "Output": [
                        "kt.id"
                      ],
                      "Plans": [
                        {
                          "Node Type": "Seq Scan",
                          "Parent Relationship": "Outer",
                          "Parallel Aware": false,
                          "Relation Name": "kind_type",
                          "Schema": "public",
                          "Alias": "kt",
                          "Startup Cost": 0.0,
                          "Total Cost": 1.09,
                          "Plan Rows": 2,
                          "Plan Width": 4,
                          "Actual Startup Time": 0.024,
                          "Actual Total Time": 0.028,
                          "Actual Rows": 2,
                          "Actual Loops": 1,
                          "Output": [
                            "kt.id"
                          ],
                          "Filter": "((kt.kind)::text = ANY ('{\"video movie\",\"tv series\"}'::text[]))",
                          "Rows Removed by Filter": 5
                        }
                      ]
                    }
                  ]
                },
                {
                  "Node Type": "Index Scan",
                  "Parent Relationship": "Inner",
                  "Parallel Aware": false,
                  "Scan Direction": "Forward",
                  "Index Name": "movie_id_movie_info",
                  "Relation Name": "movie_info",
                  "Schema": "public",
                  "Alias": "mi",
                  "Startup Cost": 0.43,
                  "Total Cost": 1.89,
                  "Plan Rows": 3,
                  "Plan Width": 8,
                  "Actual Startup Time": 0.04,
                  "Actual Total Time": 0.074,
                  "Actual Rows": 1,
                  "Actual Loops": 1632,
                  "Output": [
                    "mi.id",
                    "mi.movie_id",
                    "mi.info_type_id",
                    "mi.info",
                    "mi.note"
                  ],
                  "Index Cond": "(mi.movie_id = mk.movie_id)",
                  "Rows Removed by Index Recheck": 0,
                  "Filter": "(mi.info = ANY ('{English,Norway,American,Germany,America,Norwegian,Danish,Bulgaria,German,Portugal}'::text[]))",
                  "Rows Removed by Filter": 14
                }
              ]
            }
          ]
        }
      ]
    },
    "Planning Time": 90846.395,
    "Triggers": [],
    "Execution Time": 713.094
  }
]