[
  {
    "Plan": {
      "Node Type": "Aggregate",
      "Strategy": "Plain",
      "Partial Mode": "Finalize",
      "Parallel Aware": false,
      "Startup Cost": 78039.41,
      "Total Cost": 78039.42,
      "Plan Rows": 1,
      "Plan Width": 8,
      "Actual Startup Time": 388.602,
      "Actual Total Time": 404.309,
      "Actual Rows": 1,
      "Actual Loops": 1,
      "Plans": [
        {
          "Node Type": "Gather",
          "Parent Relationship": "Outer",
          "Parallel Aware": false,
          "Startup Cost": 78039.1,
          "Total Cost": 78039.41,
          "Plan Rows": 3,
          "Plan Width": 8,
          "Actual Startup Time": 386.796,
          "Actual Total Time": 404.301,
          "Actual Rows": 4,
          "Actual Loops": 1,
          "Workers Planned": 3,
          "Workers Launched": 3,
          "Single Copy": false,
          "Plans": [
            {
              "Node Type": "Aggregate",
              "Strategy": "Plain",
              "Partial Mode": "Partial",
              "Parent Relationship": "Outer",
              "Parallel Aware": false,
              "Startup Cost": 77039.1,
              "Total Cost": 77039.11,
              "Plan Rows": 1,
              "Plan Width": 8,
              "Actual Startup Time": 376.84,
              "Actual Total Time": 376.843,
              "Actual Rows": 1,
              "Actual Loops": 4,
              "Plans": [
                {
                  "Node Type": "Hash Join",
                  "Parent Relationship": "Outer",
                  "Parallel Aware": true,
                  "Join Type": "Inner",
                  "Startup Cost": 47172.29,
                  "Total Cost": 76588.18,
                  "Plan Rows": 180368,
                  "Plan Width": 0,
                  "Actual Startup Time": 194.857,
                  "Actual Total Time": 363.042,
                  "Actual Rows": 292534,
                  "Actual Loops": 4,
                  "Inner Unique": true,
                  "Hash Cond": "(mc.movie_id = t.id)",
                  "Plans": [
                    {
                      "Node Type": "Seq Scan",
                      "Parent Relationship": "Outer",
                      "Parallel Aware": true,
                      "Relation Name": "movie_companies",
                      "Alias": "mc",
                      "Startup Cost": 0.0,
                      "Total Cost": 27206.55,
                      "Plan Rows": 841655,
                      "Plan Width": 4,
                      "Actual Startup Time": 0.021,
                      "Actual Total Time": 60.696,
                      "Actual Rows": 652282,
                      "Actual Loops": 4
                    },
                    {
                      "Node Type": "Hash",
                      "Parent Relationship": "Inner",
                      "Parallel Aware": true,
                      "Startup Cost": 45479.1,
                      "Total Cost": 45479.1,
                      "Plan Rows": 135455,
                      "Plan Width": 4,
                      "Actual Startup Time": 158.257,
                      "Actual Total Time": 158.258,
                      "Actual Rows": 139330,
                      "Actual Loops": 4,
                      "Hash Buckets": 1048576,
                      "Original Hash Buckets": 1048576,
                      "Hash Batches": 1,
                      "Original Hash Batches": 1,
                      "Peak Memory Usage": 30080,
                      "Plans": [
                        {
                          "Node Type": "Seq Scan",
                          "Parent Relationship": "Outer",
                          "Parallel Aware": true,
                          "Relation Name": "title",
                          "Alias": "t",
                          "Startup Cost": 0.0,
                          "Total Cost": 45479.1,
                          "Plan Rows": 135455,
                          "Plan Width": 4,
                          "Actual Startup Time": 63.584,
                          "Actual Total Time": 108.29,
                          "Actual Rows": 139330,
                          "Actual Loops": 4,
                          "Filter": "((kind_id < 2) AND (production_year < 2011))",
                          "Rows Removed by Filter": 492748
                        }
                      ]
                    }
                  ]
                }
              ]
            }
          ]
        }
      ]
    },
    "Planning Time": 0.642,
    "Triggers": [],
    "Execution Time": 404.381
  }
]