{
    "Plan": {
        "Node Type": "Aggregate",
        "Strategy": "Plain",
        "Partial Mode": "Simple",
        "Parallel Aware": false,
        "Startup Cost": 20002655320.41,
        "Total Cost": 20002655320.42,
        "Plan Rows": 1,
        "Plan Width": 96,
        "Actual Startup Time": 2220.874,
        "Actual Total Time": 2220.883,
        "Actual Rows": 1,
        "Actual Loops": 1,
        "Output": [
            "min((lt.link)::text)",
            "min(t1.title)",
            "min(t2.title)"
        ],
        "Plans": [
            {
                "Node Type": "Hash Join",
                "Parent Relationship": "Outer",
                "Parallel Aware": false,
                "Join Type": "Inner",
                "Startup Cost": 20000717515.79,
                "Total Cost": 20002655320.34,
                "Plan Rows": 10,
                "Plan Width": 46,
                "Actual Startup Time": 1783.563,
                "Actual Total Time": 2220.861,
                "Actual Rows": 33,
                "Actual Loops": 1,
                "Output": [
                    "lt.link",
                    "t1.title",
                    "t2.title"
                ],
                "Inner Unique": true,
                "Hash Cond": "(ml.link_type_id = lt.id)",
                "Plans": [
                    {
                        "Node Type": "Nested Loop",
                        "Parent Relationship": "Outer",
                        "Parallel Aware": false,
                        "Join Type": "Inner",
                        "Startup Cost": 10000717503.16,
                        "Total Cost": 10002655307.67,
                        "Plan Rows": 10,
                        "Plan Width": 38,
                        "Actual Startup Time": 1783.477,
                        "Actual Total Time": 2220.767,
                        "Actual Rows": 33,
                        "Actual Loops": 1,
                        "Output": [
                            "ml.link_type_id",
                            "t1.title",
                            "t2.title"
                        ],
                        "Inner Unique": true,
                        "Join Filter": "(mk.keyword_id = k.id)",
                        "Rows Removed by Join Filter": 288159,
                        "Plans": [
                            {
                                "Node Type": "Hash Join",
                                "Parent Relationship": "Outer",
                                "Parallel Aware": false,
                                "Join Type": "Inner",
                                "Startup Cost": 10000717502.74,
                                "Total Cost": 10002629505.97,
                                "Plan Rows": 1363918,
                                "Plan Width": 42,
                                "Actual Startup Time": 1691.257,
                                "Actual Total Time": 2130.889,
                                "Actual Rows": 288192,
                                "Actual Loops": 1,
                                "Output": [
                                    "mk.keyword_id",
                                    "ml.link_type_id",
                                    "t1.title",
                                    "t2.title"
                                ],
                                "Inner Unique": false,
                                "Hash Cond": "(t1.id = mk.movie_id)",
                                "Plans": [
                                    {
                                        "Node Type": "Hash Join",
                                        "Parent Relationship": "Outer",
                                        "Parallel Aware": false,
                                        "Join Type": "Inner",
                                        "Startup Cost": 10000483776.16,
                                        "Total Cost": 10002349947.18,
                                        "Plan Rows": 29997,
                                        "Plan Width": 46,
                                        "Actual Startup Time": 455.543,
                                        "Actual Total Time": 869.5,
                                        "Actual Rows": 29997,
                                        "Actual Loops": 1,
                                        "Output": [
                                            "ml.movie_id",
                                            "ml.link_type_id",
                                            "t1.title",
                                            "t1.id",
                                            "t2.title"
                                        ],
                                        "Inner Unique": false,
                                        "Hash Cond": "(t1.id = ml.movie_id)",
                                        "Plans": [
                                            {
                                                "Node Type": "Seq Scan",
                                                "Parent Relationship": "Outer",
                                                "Parallel Aware": false,
                                                "Relation Name": "title",
                                                "Schema": "public",
                                                "Alias": "t1",
                                                "Startup Cost": 0.0,
                                                "Total Cost": 61281.22,
                                                "Plan Rows": 2528322,
                                                "Plan Width": 21,
                                                "Actual Startup Time": 0.015,
                                                "Actual Total Time": 194.946,
                                                "Actual Rows": 2528312,
                                                "Actual Loops": 1,
                                                "Output": [
                                                    "t1.id",
                                                    "t1.title",
                                                    "t1.imdb_index",
                                                    "t1.kind_id",
                                                    "t1.production_year",
                                                    "t1.imdb_id",
                                                    "t1.phonetic_code",
                                                    "t1.episode_of_id",
                                                    "t1.season_nr",
                                                    "t1.episode_nr",
                                                    "t1.series_years",
                                                    "t1.md5sum"
                                                ]
                                            },
                                            {
                                                "Node Type": "Hash",
                                                "Parent Relationship": "Inner",
                                                "Parallel Aware": false,
                                                "Startup Cost": 10000483401.2,
                                                "Total Cost": 10000483401.2,
                                                "Plan Rows": 29997,
                                                "Plan Width": 25,
                                                "Actual Startup Time": 455.391,
                                                "Actual Total Time": 455.395,
                                                "Actual Rows": 29997,
                                                "Actual Loops": 1,
                                                "Output": [
                                                    "ml.movie_id",
                                                    "ml.link_type_id",
                                                    "t2.title"
                                                ],
                                                "Hash Buckets": 32768,
                                                "Original Hash Buckets": 32768,
                                                "Hash Batches": 1,
                                                "Original Hash Batches": 1,
                                                "Peak Memory Usage": 1982,
                                                "Plans": [
                                                    {
                                                        "Node Type": "Hash Join",
                                                        "Parent Relationship": "Outer",
                                                        "Parallel Aware": false,
                                                        "Join Type": "Inner",
                                                        "Startup Cost": 10000001486.47,
                                                        "Total Cost": 10000483401.2,
                                                        "Plan Rows": 29997,
                                                        "Plan Width": 25,
                                                        "Actual Startup Time": 8.259,
                                                        "Actual Total Time": 449.366,
                                                        "Actual Rows": 29997,
                                                        "Actual Loops": 1,
                                                        "Output": [
                                                            "ml.movie_id",
                                                            "ml.link_type_id",
                                                            "t2.title"
                                                        ],
                                                        "Inner Unique": false,
                                                        "Hash Cond": "(t2.id = ml.linked_movie_id)",
                                                        "Plans": [
                                                            {
                                                                "Node Type": "Seq Scan",
                                                                "Parent Relationship": "Outer",
                                                                "Parallel Aware": false,
                                                                "Relation Name": "title",
                                                                "Schema": "public",
                                                                "Alias": "t2",
                                                                "Startup Cost": 0.0,
                                                                "Total Cost": 61281.22,
                                                                "Plan Rows": 2528322,
                                                                "Plan Width": 21,
                                                                "Actual Startup Time": 0.003,
                                                                "Actual Total Time": 205.993,
                                                                "Actual Rows": 2528312,
                                                                "Actual Loops": 1,
                                                                "Output": [
                                                                    "t2.id",
                                                                    "t2.title",
                                                                    "t2.imdb_index",
                                                                    "t2.kind_id",
                                                                    "t2.production_year",
                                                                    "t2.imdb_id",
                                                                    "t2.phonetic_code",
                                                                    "t2.episode_of_id",
                                                                    "t2.season_nr",
                                                                    "t2.episode_nr",
                                                                    "t2.series_years",
                                                                    "t2.md5sum"
                                                                ]
                                                            },
                                                            {
                                                                "Node Type": "Hash",
                                                                "Parent Relationship": "Inner",
                                                                "Parallel Aware": false,
                                                                "Startup Cost": 10000001111.51,
                                                                "Total Cost": 10000001111.51,
                                                                "Plan Rows": 29997,
                                                                "Plan Width": 12,
                                                                "Actual Startup Time": 8.122,
                                                                "Actual Total Time": 8.123,
                                                                "Actual Rows": 29997,
                                                                "Actual Loops": 1,
                                                                "Output": [
                                                                    "ml.movie_id",
                                                                    "ml.linked_movie_id",
                                                                    "ml.link_type_id"
                                                                ],
                                                                "Hash Buckets": 32768,
                                                                "Original Hash Buckets": 32768,
                                                                "Hash Batches": 1,
                                                                "Original Hash Batches": 1,
                                                                "Peak Memory Usage": 1545,
                                                                "Plans": [
                                                                    {
                                                                        "Node Type": "Index Scan",
                                                                        "Parent Relationship": "Outer",
                                                                        "Parallel Aware": false,
                                                                        "Scan Direction": "Forward",
                                                                        "Index Name": "movie_id_movie_link",
                                                                        "Relation Name": "movie_link",
                                                                        "Schema": "public",
                                                                        "Alias": "ml",
                                                                        "Startup Cost": 10000000000.29,
                                                                        "Total Cost": 10000001111.51,
                                                                        "Plan Rows": 29997,
                                                                        "Plan Width": 12,
                                                                        "Actual Startup Time": 0.022,
                                                                        "Actual Total Time": 4.765,
                                                                        "Actual Rows": 29997,
                                                                        "Actual Loops": 1,
                                                                        "Output": [
                                                                            "ml.movie_id",
                                                                            "ml.linked_movie_id",
                                                                            "ml.link_type_id"
                                                                        ]
                                                                    }
                                                                ]
                                                            }
                                                        ]
                                                    }
                                                ]
                                            }
                                        ]
                                    },
                                    {
                                        "Node Type": "Hash",
                                        "Parent Relationship": "Inner",
                                        "Parallel Aware": false,
                                        "Startup Cost": 177177.46,
                                        "Total Cost": 177177.46,
                                        "Plan Rows": 4523930,
                                        "Plan Width": 8,
                                        "Actual Startup Time": 1222.579,
                                        "Actual Total Time": 1222.58,
                                        "Actual Rows": 4523930,
                                        "Actual Loops": 1,
                                        "Output": [
                                            "mk.keyword_id",
                                            "mk.movie_id"
                                        ],
                                        "Hash Buckets": 8388608,
                                        "Original Hash Buckets": 8388608,
                                        "Hash Batches": 1,
                                        "Original Hash Batches": 1,
                                        "Peak Memory Usage": 242253,
                                        "Plans": [
                                            {
                                                "Node Type": "Index Scan",
                                                "Parent Relationship": "Outer",
                                                "Parallel Aware": false,
                                                "Scan Direction": "Forward",
                                                "Index Name": "movie_id_movie_keyword",
                                                "Relation Name": "movie_keyword",
                                                "Schema": "public",
                                                "Alias": "mk",
                                                "Startup Cost": 0.43,
                                                "Total Cost": 177177.46,
                                                "Plan Rows": 4523930,
                                                "Plan Width": 8,
                                                "Actual Startup Time": 0.038,
                                                "Actual Total Time": 687.958,
                                                "Actual Rows": 4523930,
                                                "Actual Loops": 1,
                                                "Output": [
                                                    "mk.keyword_id",
                                                    "mk.movie_id"
                                                ]
                                            }
                                        ]
                                    }
                                ]
                            },
                            {
                                "Node Type": "Materialize",
                                "Parent Relationship": "Inner",
                                "Parallel Aware": false,
                                "Startup Cost": 0.42,
                                "Total Cost": 5342.93,
                                "Plan Rows": 1,
                                "Plan Width": 4,
                                "Actual Startup Time": 0.0,
                                "Actual Total Time": 0.0,
                                "Actual Rows": 1,
                                "Actual Loops": 288192,
                                "Output": [
                                    "k.id"
                                ],
                                "Plans": [
                                    {
                                        "Node Type": "Index Scan",
                                        "Parent Relationship": "Outer",
                                        "Parallel Aware": false,
                                        "Scan Direction": "Forward",
                                        "Index Name": "keyword_pkey",
                                        "Relation Name": "keyword",
                                        "Schema": "public",
                                        "Alias": "k",
                                        "Startup Cost": 0.42,
                                        "Total Cost": 5342.92,
                                        "Plan Rows": 1,
                                        "Plan Width": 4,
                                        "Actual Startup Time": 2.218,
                                        "Actual Total Time": 38.259,
                                        "Actual Rows": 1,
                                        "Actual Loops": 1,
                                        "Output": [
                                            "k.id"
                                        ],
                                        "Filter": "(k.keyword = 'marvel-comics'::text)",
                                        "Rows Removed by Filter": 134169
                                    }
                                ]
                            }
                        ]
                    },
                    {
                        "Node Type": "Hash",
                        "Parent Relationship": "Inner",
                        "Parallel Aware": false,
                        "Startup Cost": 10000000012.41,
                        "Total Cost": 10000000012.41,
                        "Plan Rows": 18,
                        "Plan Width": 16,
                        "Actual Startup Time": 0.074,
                        "Actual Total Time": 0.075,
                        "Actual Rows": 18,
                        "Actual Loops": 1,
                        "Output": [
                            "lt.link",
                            "lt.id"
                        ],
                        "Hash Buckets": 1024,
                        "Original Hash Buckets": 1024,
                        "Hash Batches": 1,
                        "Original Hash Batches": 1,
                        "Peak Memory Usage": 9,
                        "Plans": [
                            {
                                "Node Type": "Index Scan",
                                "Parent Relationship": "Outer",
                                "Parallel Aware": false,
                                "Scan Direction": "Forward",
                                "Index Name": "link_type_pkey",
                                "Relation Name": "link_type",
                                "Schema": "public",
                                "Alias": "lt",
                                "Startup Cost": 10000000000.14,
                                "Total Cost": 10000000012.41,
                                "Plan Rows": 18,
                                "Plan Width": 16,
                                "Actual Startup Time": 0.045,
                                "Actual Total Time": 0.057,
                                "Actual Rows": 18,
                                "Actual Loops": 1,
                                "Output": [
                                    "lt.link",
                                    "lt.id"
                                ]
                            }
                        ]
                    }
                ]
            }
        ]
    },
    "Planning Time": 2.598,
    "Triggers": [],
    "Execution Time": 2222.757
}