[
  {
    "Plan": {
      "Node Type": "Aggregate",
      "Strategy": "Plain",
      "Partial Mode": "Finalize",
      "Parallel Aware": false,
      "Startup Cost": 119549.37,
      "Total Cost": 119549.38,
      "Plan Rows": 1,
      "Plan Width": 8,
      "Actual Startup Time": 252.964,
      "Actual Total Time": 272.152,
      "Actual Rows": 1,
      "Actual Loops": 1,
      "Plans": [
        {
          "Node Type": "Gather",
          "Parent Relationship": "Outer",
          "Parallel Aware": false,
          "Startup Cost": 119548.85,
          "Total Cost": 119549.35,
          "Plan Rows": 5,
          "Plan Width": 8,
          "Actual Startup Time": 252.839,
          "Actual Total Time": 272.142,
          "Actual Rows": 6,
          "Actual Loops": 1,
          "Workers Planned": 5,
          "Workers Launched": 5,
          "Single Copy": false,
          "Plans": [
            {
              "Node Type": "Aggregate",
              "Strategy": "Plain",
              "Partial Mode": "Partial",
              "Parent Relationship": "Outer",
              "Parallel Aware": false,
              "Startup Cost": 118548.85,
              "Total Cost": 118548.85,
              "Plan Rows": 1,
              "Plan Width": 8,
              "Actual Startup Time": 243.925,
              "Actual Total Time": 243.926,
              "Actual Rows": 1,
              "Actual Loops": 6,
              "Plans": [
                {
                  "Node Type": "Index Scan",
                  "Parent Relationship": "Outer",
                  "Parallel Aware": true,
                  "Scan Direction": "Forward",
                  "Index Name": "role_id_cast_info",
                  "Relation Name": "cast_info",
                  "Alias": "ci",
                  "Startup Cost": 0.56,
                  "Total Cost": 118067.1,
                  "Plan Rows": 192696,
                  "Plan Width": 0,
                  "Actual Startup Time": 0.168,
                  "Actual Total Time": 212.293,
                  "Actual Rows": 495471,
                  "Actual Loops": 6,
                  "Index Cond": "(role_id = 10)",
                  "Rows Removed by Index Recheck": 0,
                  "Filter": "(person_id > 2878125)",
                  "Rows Removed by Filter": 225032
                }
              ]
            }
          ]
        }
      ]
    },
    "Planning Time": 0.154,
    "Triggers": [],
    "Execution Time": 272.196
  }
]