{
  "Plan": {
    "Node Type": "Aggregate",
    "Strategy": "Plain",
    "Partial Mode": "Finalize",
    "Parallel Aware": false,
    "Startup Cost": 105392.53,
    "Total Cost": 105392.54,
    "Plan Rows": 1,
    "Plan Width": 8,
    "Actual Startup Time": 153.69,
    "Actual Total Time": 166.464,
    "Actual Rows": 1,
    "Actual Loops": 1,
    "Plans": [
      {
        "Node Type": "Gather",
        "Parent Relationship": "Outer",
        "Parallel Aware": false,
        "Startup Cost": 105392.42,
        "Total Cost": 105392.53,
        "Plan Rows": 1,
        "Plan Width": 8,
        "Actual Startup Time": 153.574,
        "Actual Total Time": 166.457,
        "Actual Rows": 2,
        "Actual Loops": 1,
        "Workers Planned": 1,
        "Workers Launched": 1,
        "Single Copy": false,
        "Plans": [
          {
            "Node Type": "Aggregate",
            "Strategy": "Plain",
            "Partial Mode": "Partial",
            "Parent Relationship": "Outer",
            "Parallel Aware": false,
            "Startup Cost": 104392.42,
            "Total Cost": 104392.43,
            "Plan Rows": 1,
            "Plan Width": 8,
            "Actual Startup Time": 147.75,
            "Actual Total Time": 147.751,
            "Actual Rows": 1,
            "Actual Loops": 2,
            "Plans": [
              {
                "Node Type": "Nested Loop",
                "Parent Relationship": "Outer",
                "Parallel Aware": false,
                "Join Type": "Inner",
                "Startup Cost": 0.43,
                "Total Cost": 104371.94,
                "Plan Rows": 8190,
                "Plan Width": 0,
                "Actual Startup Time": 3.814,
                "Actual Total Time": 147.617,
                "Actual Rows": 1494,
                "Actual Loops": 2,
                "Inner Unique": false,
                "Plans": [
                  {
                    "Node Type": "Seq Scan",
                    "Parent Relationship": "Outer",
                    "Parallel Aware": true,
                    "Relation Name": "title",
                    "Alias": "t",
                    "Startup Cost": 0.0,
                    "Total Cost": 58306.47,
                    "Plan Rows": 5515,
                    "Plan Width": 4,
                    "Actual Startup Time": 0.17,
                    "Actual Total Time": 135.167,
                    "Actual Rows": 4134,
                    "Actual Loops": 2,
                    "Filter": "((kind_id > 6) AND (production_year = 1971))",
                    "Rows Removed by Filter": 1260022
                  },
                  {
                    "Node Type": "Index Scan",
                    "Parent Relationship": "Inner",
                    "Parallel Aware": false,
                    "Scan Direction": "Forward",
                    "Index Name": "movie_id_movie_keyword",
                    "Relation Name": "movie_keyword",
                    "Alias": "mk",
                    "Startup Cost": 0.43,
                    "Total Cost": 7.97,
                    "Plan Rows": 38,
                    "Plan Width": 4,
                    "Actual Startup Time": 0.003,
                    "Actual Total Time": 0.003,
                    "Actual Rows": 0,
                    "Actual Loops": 8269,
                    "Index Cond": "(movie_id = t.id)",
                    "Rows Removed by Index Recheck": 0,
                    "Filter": "(keyword_id < 24676)",
                    "Rows Removed by Filter": 0
                  }
                ]
              }
            ]
          }
        ]
      }
    ]
  },
  "Planning Time": 0.501,
  "Triggers": [],
  "Execution Time": 166.538
}