[
  {
    "Plan": {
      "Node Type": "Aggregate",
      "Strategy": "Plain",
      "Partial Mode": "Finalize",
      "Parallel Aware": false,
      "Startup Cost": 127630.87,
      "Total Cost": 127630.88,
      "Plan Rows": 1,
      "Plan Width": 8,
      "Actual Startup Time": 459.161,
      "Actual Total Time": 478.269,
      "Actual Rows": 1,
      "Actual Loops": 1,
      "Plans": [
        {
          "Node Type": "Gather",
          "Parent Relationship": "Outer",
          "Parallel Aware": false,
          "Startup Cost": 127630.55,
          "Total Cost": 127630.86,
          "Plan Rows": 3,
          "Plan Width": 8,
          "Actual Startup Time": 454.812,
          "Actual Total Time": 478.258,
          "Actual Rows": 4,
          "Actual Loops": 1,
          "Workers Planned": 3,
          "Workers Launched": 3,
          "Single Copy": false,
          "Plans": [
            {
              "Node Type": "Aggregate",
              "Strategy": "Plain",
              "Partial Mode": "Partial",
              "Parent Relationship": "Outer",
              "Parallel Aware": false,
              "Startup Cost": 126630.55,
              "Total Cost": 126630.56,
              "Plan Rows": 1,
              "Plan Width": 8,
              "Actual Startup Time": 445.637,
              "Actual Total Time": 445.743,
              "Actual Rows": 1,
              "Actual Loops": 4,
              "Plans": [
                {
                  "Node Type": "Hash Join",
                  "Parent Relationship": "Outer",
                  "Parallel Aware": true,
                  "Join Type": "Inner",
                  "Startup Cost": 81458.59,
                  "Total Cost": 126455.62,
                  "Plan Rows": 69972,
                  "Plan Width": 0,
                  "Actual Startup Time": 307.279,
                  "Actual Total Time": 445.02,
                  "Actual Rows": 17106,
                  "Actual Loops": 4,
                  "Inner Unique": false,
                  "Hash Cond": "(mk.movie_id = t.id)",
                  "Plans": [
                    {
                      "Node Type": "Seq Scan",
                      "Parent Relationship": "Outer",
                      "Parallel Aware": true,
                      "Relation Name": "movie_keyword",
                      "Alias": "mk",
                      "Startup Cost": 0.0,
                      "Total Cost": 42695.65,
                      "Plan Rows": 553508,
                      "Plan Width": 4,
                      "Actual Startup Time": 0.032,
                      "Actual Total Time": 97.742,
                      "Actual Rows": 431439,
                      "Actual Loops": 4,
                      "Filter": "(keyword_id < 2799)",
                      "Rows Removed by Filter": 699544
                    },
                    {
                      "Node Type": "Hash",
                      "Parent Relationship": "Inner",
                      "Parallel Aware": true,
                      "Startup Cost": 80169.82,
                      "Total Cost": 80169.82,
                      "Plan Rows": 103102,
                      "Plan Width": 8,
                      "Actual Startup Time": 303.769,
                      "Actual Total Time": 303.873,
                      "Actual Rows": 39344,
                      "Actual Loops": 4,
                      "Hash Buckets": 524288,
                      "Original Hash Buckets": 524288,
                      "Hash Batches": 1,
                      "Original Hash Batches": 1,
                      "Peak Memory Usage": 10336,
                      "Plans": [
                        {
                          "Node Type": "Hash Join",
                          "Parent Relationship": "Outer",
                          "Parallel Aware": true,
                          "Join Type": "Inner",
                          "Startup Cost": 47854.99,
                          "Total Cost": 80169.82,
                          "Plan Rows": 103102,
                          "Plan Width": 8,
                          "Actual Startup Time": 207.767,
                          "Actual Total Time": 293.148,
                          "Actual Rows": 39344,
                          "Actual Loops": 4,
                          "Inner Unique": true,
                          "Hash Cond": "(mc.movie_id = t.id)",
                          "Plans": [
                            {
                              "Node Type": "Seq Scan",
                              "Parent Relationship": "Outer",
                              "Parallel Aware": true,
                              "Relation Name": "movie_companies",
                              "Alias": "mc",
                              "Startup Cost": 0.0,
                              "Total Cost": 31414.82,
                              "Plan Rows": 342862,
                              "Plan Width": 4,
                              "Actual Startup Time": 30.504,
                              "Actual Total Time": 66.17,
                              "Actual Rows": 202168,
                              "Actual Loops": 4,
                              "Filter": "((company_id < 72951) AND (company_type_id > 1))",
                              "Rows Removed by Filter": 450114
                            },
                            {
                              "Node Type": "Hash",
                              "Parent Relationship": "Inner",
                              "Parallel Aware": true,
                              "Startup Cost": 45479.1,
                              "Total Cost": 45479.1,
                              "Plan Rows": 190071,
                              "Plan Width": 4,
                              "Actual Startup Time": 173.766,
                              "Actual Total Time": 173.767,
                              "Actual Rows": 170570,
                              "Actual Loops": 4,
                              "Hash Buckets": 1048576,
                              "Original Hash Buckets": 1048576,
                              "Hash Batches": 1,
                              "Original Hash Batches": 1,
                              "Peak Memory Usage": 34944,
                              "Plans": [
                                {
                                  "Node Type": "Seq Scan",
                                  "Parent Relationship": "Outer",
                                  "Parallel Aware": true,
                                  "Relation Name": "title",
                                  "Alias": "t",
                                  "Startup Cost": 0.0,
                                  "Total Cost": 45479.1,
                                  "Plan Rows": 190071,
                                  "Plan Width": 4,
                                  "Actual Startup Time": 0.062,
                                  "Actual Total Time": 102.74,
                                  "Actual Rows": 170570,
                                  "Actual Loops": 4,
                                  "Filter": "((production_year < 2004) AND (kind_id = 7))",
                                  "Rows Removed by Filter": 461508
                                }
                              ]
                            }
                          ]
                        }
                      ]
                    }
                  ]
                }
              ]
            }
          ]
        }
      ]
    },
    "Planning Time": 1.457,
    "Triggers": [],
    "Execution Time": 478.355
  }
]