{
  "Plan": {
    "Node Type": "Aggregate",
    "Strategy": "Plain",
    "Partial Mode": "Finalize",
    "Parallel Aware": false,
    "Startup Cost": 53820.75,
    "Total Cost": 53820.76,
    "Plan Rows": 1,
    "Plan Width": 96,
    "Actual Startup Time": 1258.021,
    "Actual Total Time": 1258.265,
    "Actual Rows": 1,
    "Actual Loops": 1,
    "Plans": [
      {
        "Node Type": "Gather",
        "Parent Relationship": "Outer",
        "Parallel Aware": false,
        "Startup Cost": 53820.64,
        "Total Cost": 53820.75,
        "Plan Rows": 1,
        "Plan Width": 96,
        "Actual Startup Time": 1258.014,
        "Actual Total Time": 1258.259,
        "Actual Rows": 1,
        "Actual Loops": 1,
        "Workers Planned": 1,
        "Workers Launched": 0,
        "Single Copy": false,
        "Plans": [
          {
            "Node Type": "Aggregate",
            "Strategy": "Plain",
            "Partial Mode": "Partial",
            "Parent Relationship": "Outer",
            "Parallel Aware": false,
            "Startup Cost": 52820.64,
            "Total Cost": 52820.65,
            "Plan Rows": 1,
            "Plan Width": 96,
            "Actual Startup Time": 1256.989,
            "Actual Total Time": 1256.995,
            "Actual Rows": 1,
            "Actual Loops": 1,
            "Plans": [
              {
                "Node Type": "Hash Join",
                "Parent Relationship": "Outer",
                "Parallel Aware": false,
                "Join Type": "Inner",
                "Startup Cost": 4807.42,
                "Total Cost": 52820.61,
                "Plan Rows": 3,
                "Plan Width": 66,
                "Actual Startup Time": 323.869,
                "Actual Total Time": 1224.682,
                "Actual Rows": 288026,
                "Actual Loops": 1,
                "Inner Unique": true,
                "Hash Cond": "(mi.info_type_id = it2.id)",
                "Plans": [
                  {
                    "Node Type": "Nested Loop",
                    "Parent Relationship": "Outer",
                    "Parallel Aware": false,
                    "Join Type": "Inner",
                    "Startup Cost": 4805.0,
                    "Total Cost": 52817.2,
                    "Plan Rows": 362,
                    "Plan Width": 70,
                    "Actual Startup Time": 323.789,
                    "Actual Total Time": 1136.317,
                    "Actual Rows": 1123238,
                    "Actual Loops": 1,
                    "Inner Unique": false,
                    "Join Filter": "(miidx.movie_id = mi.movie_id)",
                    "Rows Removed by Join Filter": 0,
                    "Plans": [
                      {
                        "Node Type": "Hash Join",
                        "Parent Relationship": "Outer",
                        "Parallel Aware": false,
                        "Join Type": "Inner",
                        "Startup Cost": 4804.56,
                        "Total Cost": 52697.15,
                        "Plan Rows": 62,
                        "Plan Width": 35,
                        "Actual Startup Time": 323.771,
                        "Actual Total Time": 693.207,
                        "Actual Rows": 35080,
                        "Actual Loops": 1,
                        "Inner Unique": true,
                        "Hash Cond": "(t.kind_id = kt.id)",
                        "Plans": [
                          {
                            "Node Type": "Nested Loop",
                            "Parent Relationship": "Outer",
                            "Parallel Aware": false,
                            "Join Type": "Inner",
                            "Startup Cost": 4803.46,
                            "Total Cost": 52694.22,
                            "Plan Rows": 432,
                            "Plan Width": 39,
                            "Actual Startup Time": 233.134,
                            "Actual Total Time": 685.637,
                            "Actual Rows": 43421,
                            "Actual Loops": 1,
                            "Inner Unique": true,
                            "Join Filter": "(miidx.movie_id = t.id)",
                            "Rows Removed by Join Filter": 0,
                            "Plans": [
                              {
                                "Node Type": "Hash Join",
                                "Parent Relationship": "Outer",
                                "Parallel Aware": false,
                                "Join Type": "Inner",
                                "Startup Cost": 4803.03,
                                "Total Cost": 52465.7,
                                "Plan Rows": 432,
                                "Plan Width": 14,
                                "Actual Startup Time": 233.118,
                                "Actual Total Time": 602.301,
                                "Actual Rows": 43421,
                                "Actual Loops": 1,
                                "Inner Unique": true,
                                "Hash Cond": "(miidx.info_type_id = it.id)",
                                "Plans": [
                                  {
                                    "Node Type": "Nested Loop",
                                    "Parent Relationship": "Outer",
                                    "Parallel Aware": false,
                                    "Join Type": "Inner",
                                    "Startup Cost": 4800.61,
                                    "Total Cost": 52330.21,
                                    "Plan Rows": 48861,
                                    "Plan Width": 18,
                                    "Actual Startup Time": 233.068,
                                    "Actual Total Time": 588.916,
                                    "Actual Rows": 130315,
                                    "Actual Loops": 1,
                                    "Inner Unique": false,
                                    "Plans": [
                                      {
                                        "Node Type": "Hash Join",
                                        "Parent Relationship": "Outer",
                                        "Parallel Aware": false,
                                        "Join Type": "Inner",
                                        "Startup Cost": 4800.18,
                                        "Total Cost": 43332.78,
                                        "Plan Rows": 16921,
                                        "Plan Width": 4,
                                        "Actual Startup Time": 233.044,
                                        "Actual Total Time": 454.241,
                                        "Actual Rows": 78810,
                                        "Actual Loops": 1,
                                        "Inner Unique": true,
                                        "Hash Cond": "(mc.company_type_id = ct.id)",
                                        "Plans": [
                                          {
                                            "Node Type": "Hash Join",
                                            "Parent Relationship": "Outer",
                                            "Parallel Aware": true,
                                            "Join Type": "Inner",
                                            "Startup Cost": 4799.12,
                                            "Total Cost": 42965.82,
                                            "Plan Rows": 67682,
                                            "Plan Width": 8,
                                            "Actual Startup Time": 41.149,
                                            "Actual Total Time": 440.338,
                                            "Actual Rows": 124376,
                                            "Actual Loops": 1,
                                            "Inner Unique": true,
                                            "Hash Cond": "(mc.company_id = cn.id)",
                                            "Plans": [
                                              {
                                                "Node Type": "Seq Scan",
                                                "Parent Relationship": "Outer",
                                                "Parallel Aware": true,
                                                "Relation Name": "movie_companies",
                                                "Alias": "mc",
                                                "Startup Cost": 0.0,
                                                "Total Cost": 34137.82,
                                                "Plan Rows": 1534782,
                                                "Plan Width": 12,
                                                "Actual Startup Time": 0.007,
                                                "Actual Total Time": 171.791,
                                                "Actual Rows": 2609129,
                                                "Actual Loops": 1
                                              },
                                              {
                                                "Node Type": "Hash",
                                                "Parent Relationship": "Inner",
                                                "Parallel Aware": true,
                                                "Startup Cost": 4722.92,
                                                "Total Cost": 4722.92,
                                                "Plan Rows": 6096,
                                                "Plan Width": 4,
                                                "Actual Startup Time": 40.0,
                                                "Actual Total Time": 40.001,
                                                "Actual Rows": 10394,
                                                "Actual Loops": 1,
                                                "Hash Buckets": 16384,
                                                "Original Hash Buckets": 16384,
                                                "Hash Batches": 1,
                                                "Original Hash Batches": 1,
                                                "Peak Memory Usage": 544,
                                                "Plans": [
                                                  {
                                                    "Node Type": "Seq Scan",
                                                    "Parent Relationship": "Outer",
                                                    "Parallel Aware": true,
                                                    "Relation Name": "company_name",
                                                    "Alias": "cn",
                                                    "Startup Cost": 0.0,
                                                    "Total Cost": 4722.92,
                                                    "Plan Rows": 6096,
                                                    "Plan Width": 4,
                                                    "Actual Startup Time": 0.022,
                                                    "Actual Total Time": 36.701,
                                                    "Actual Rows": 10394,
                                                    "Actual Loops": 1,
                                                    "Filter": "((country_code)::text = '[fr]'::text)",
                                                    "Rows Removed by Filter": 224603
                                                  }
                                                ]
                                              }
                                            ]
                                          },
                                          {
                                            "Node Type": "Hash",
                                            "Parent Relationship": "Inner",
                                            "Parallel Aware": false,
                                            "Startup Cost": 1.05,
                                            "Total Cost": 1.05,
                                            "Plan Rows": 1,
                                            "Plan Width": 4,
                                            "Actual Startup Time": 0.017,
                                            "Actual Total Time": 0.017,
                                            "Actual Rows": 1,
                                            "Actual Loops": 1,
                                            "Hash Buckets": 1024,
                                            "Original Hash Buckets": 1024,
                                            "Hash Batches": 1,
                                            "Original Hash Batches": 1,
                                            "Peak Memory Usage": 9,
                                            "Plans": [
                                              {
                                                "Node Type": "Seq Scan",
                                                "Parent Relationship": "Outer",
                                                "Parallel Aware": false,
                                                "Relation Name": "company_type",
                                                "Alias": "ct",
                                                "Startup Cost": 0.0,
                                                "Total Cost": 1.05,
                                                "Plan Rows": 1,
                                                "Plan Width": 4,
                                                "Actual Startup Time": 0.012,
                                                "Actual Total Time": 0.013,
                                                "Actual Rows": 1,
                                                "Actual Loops": 1,
                                                "Filter": "((kind)::text = 'production companies'::text)",
                                                "Rows Removed by Filter": 3
                                              }
                                            ]
                                          }
                                        ]
                                      },
                                      {
                                        "Node Type": "Index Scan",
                                        "Parent Relationship": "Inner",
                                        "Parallel Aware": false,
                                        "Scan Direction": "Forward",
                                        "Index Name": "movie_id_movie_info_idx",
                                        "Relation Name": "movie_info_idx",
                                        "Alias": "miidx",
                                        "Startup Cost": 0.43,
                                        "Total Cost": 0.5,
                                        "Plan Rows": 3,
                                        "Plan Width": 14,
                                        "Actual Startup Time": 0.001,
                                        "Actual Total Time": 0.001,
                                        "Actual Rows": 2,
                                        "Actual Loops": 78810,
                                        "Index Cond": "(movie_id = mc.movie_id)",
                                        "Rows Removed by Index Recheck": 0
                                      }
                                    ]
                                  },
                                  {
                                    "Node Type": "Hash",
                                    "Parent Relationship": "Inner",
                                    "Parallel Aware": false,
                                    "Startup Cost": 2.41,
                                    "Total Cost": 2.41,
                                    "Plan Rows": 1,
                                    "Plan Width": 4,
                                    "Actual Startup Time": 0.04,
                                    "Actual Total Time": 0.041,
                                    "Actual Rows": 1,
                                    "Actual Loops": 1,
                                    "Hash Buckets": 1024,
                                    "Original Hash Buckets": 1024,
                                    "Hash Batches": 1,
                                    "Original Hash Batches": 1,
                                    "Peak Memory Usage": 9,
                                    "Plans": [
                                      {
                                        "Node Type": "Seq Scan",
                                        "Parent Relationship": "Outer",
                                        "Parallel Aware": false,
                                        "Relation Name": "info_type",
                                        "Alias": "it",
                                        "Startup Cost": 0.0,
                                        "Total Cost": 2.41,
                                        "Plan Rows": 1,
                                        "Plan Width": 4,
                                        "Actual Startup Time": 0.033,
                                        "Actual Total Time": 0.037,
                                        "Actual Rows": 1,
                                        "Actual Loops": 1,
                                        "Filter": "((info)::text = 'rating'::text)",
                                        "Rows Removed by Filter": 112
                                      }
                                    ]
                                  }
                                ]
                              },
                              {
                                "Node Type": "Index Scan",
                                "Parent Relationship": "Inner",
                                "Parallel Aware": false,
                                "Scan Direction": "Forward",
                                "Index Name": "title_pkey",
                                "Relation Name": "title",
                                "Alias": "t",
                                "Startup Cost": 0.43,
                                "Total Cost": 0.52,
                                "Plan Rows": 1,
                                "Plan Width": 25,
                                "Actual Startup Time": 0.002,
                                "Actual Total Time": 0.002,
                                "Actual Rows": 1,
                                "Actual Loops": 43421,
                                "Index Cond": "(id = mc.movie_id)",
                                "Rows Removed by Index Recheck": 0
                              }
                            ]
                          },
                          {
                            "Node Type": "Hash",
                            "Parent Relationship": "Inner",
                            "Parallel Aware": false,
                            "Startup Cost": 1.09,
                            "Total Cost": 1.09,
                            "Plan Rows": 1,
                            "Plan Width": 4,
                            "Actual Startup Time": 0.018,
                            "Actual Total Time": 0.018,
                            "Actual Rows": 1,
                            "Actual Loops": 1,
                            "Hash Buckets": 1024,
                            "Original Hash Buckets": 1024,
                            "Hash Batches": 1,
                            "Original Hash Batches": 1,
                            "Peak Memory Usage": 9,
                            "Plans": [
                              {
                                "Node Type": "Seq Scan",
                                "Parent Relationship": "Outer",
                                "Parallel Aware": false,
                                "Relation Name": "kind_type",
                                "Alias": "kt",
                                "Startup Cost": 0.0,
                                "Total Cost": 1.09,
                                "Plan Rows": 1,
                                "Plan Width": 4,
                                "Actual Startup Time": 0.012,
                                "Actual Total Time": 0.014,
                                "Actual Rows": 1,
                                "Actual Loops": 1,
                                "Filter": "((kind)::text = 'movie'::text)",
                                "Rows Removed by Filter": 6
                              }
                            ]
                          }
                        ]
                      },
                      {
                        "Node Type": "Index Scan",
                        "Parent Relationship": "Inner",
                        "Parallel Aware": false,
                        "Scan Direction": "Forward",
                        "Index Name": "movie_id_movie_info",
                        "Relation Name": "movie_info",
                        "Alias": "mi",
                        "Startup Cost": 0.43,
                        "Total Cost": 1.45,
                        "Plan Rows": 39,
                        "Plan Width": 51,
                        "Actual Startup Time": 0.002,
                        "Actual Total Time": 0.009,
                        "Actual Rows": 32,
                        "Actual Loops": 35080,
                        "Index Cond": "(movie_id = mc.movie_id)",
                        "Rows Removed by Index Recheck": 0
                      }
                    ]
                  },
                  {
                    "Node Type": "Hash",
                    "Parent Relationship": "Inner",
                    "Parallel Aware": false,
                    "Startup Cost": 2.41,
                    "Total Cost": 2.41,
                    "Plan Rows": 1,
                    "Plan Width": 4,
                    "Actual Startup Time": 0.055,
                    "Actual Total Time": 0.055,
                    "Actual Rows": 1,
                    "Actual Loops": 1,
                    "Hash Buckets": 1024,
                    "Original Hash Buckets": 1024,
                    "Hash Batches": 1,
                    "Original Hash Batches": 1,
                    "Peak Memory Usage": 9,
                    "Plans": [
                      {
                        "Node Type": "Seq Scan",
                        "Parent Relationship": "Outer",
                        "Parallel Aware": false,
                        "Relation Name": "info_type",
                        "Alias": "it2",
                        "Startup Cost": 0.0,
                        "Total Cost": 2.41,
                        "Plan Rows": 1,
                        "Plan Width": 4,
                        "Actual Startup Time": 0.03,
                        "Actual Total Time": 0.048,
                        "Actual Rows": 1,
                        "Actual Loops": 1,
                        "Filter": "((info)::text = 'release dates'::text)",
                        "Rows Removed by Filter": 112
                      }
                    ]
                  }
                ]
              }
            ]
          }
        ]
      }
    ]
  },
  "Planning Time": 2.357,
  "Triggers": [],
  "Execution Time": 1258.425
}