{
  "Plan": {
    "Node Type": "Aggregate",
    "Strategy": "Plain",
    "Partial Mode": "Finalize",
    "Parallel Aware": false,
    "Startup Cost": 122583.6,
    "Total Cost": 122583.61,
    "Plan Rows": 1,
    "Plan Width": 8,
    "Actual Startup Time": 594.549,
    "Actual Total Time": 609.411,
    "Actual Rows": 1,
    "Actual Loops": 1,
    "Plans": [
      {
        "Node Type": "Gather",
        "Parent Relationship": "Outer",
        "Parallel Aware": false,
        "Startup Cost": 122583.48,
        "Total Cost": 122583.59,
        "Plan Rows": 1,
        "Plan Width": 8,
        "Actual Startup Time": 592.114,
        "Actual Total Time": 609.405,
        "Actual Rows": 2,
        "Actual Loops": 1,
        "Workers Planned": 1,
        "Workers Launched": 1,
        "Single Copy": false,
        "Plans": [
          {
            "Node Type": "Aggregate",
            "Strategy": "Plain",
            "Partial Mode": "Partial",
            "Parent Relationship": "Outer",
            "Parallel Aware": false,
            "Startup Cost": 121583.48,
            "Total Cost": 121583.49,
            "Plan Rows": 1,
            "Plan Width": 8,
            "Actual Startup Time": 587.808,
            "Actual Total Time": 587.812,
            "Actual Rows": 1,
            "Actual Loops": 2,
            "Plans": [
              {
                "Node Type": "Hash Join",
                "Parent Relationship": "Outer",
                "Parallel Aware": true,
                "Join Type": "Inner",
                "Startup Cost": 87263.03,
                "Total Cost": 120682.67,
                "Plan Rows": 360325,
                "Plan Width": 0,
                "Actual Startup Time": 413.546,
                "Actual Total Time": 583.343,
                "Actual Rows": 83241,
                "Actual Loops": 2,
                "Inner Unique": true,
                "Hash Cond": "(mk.movie_id = t.id)",
                "Plans": [
                  {
                    "Node Type": "Bitmap Heap Scan",
                    "Parent Relationship": "Outer",
                    "Parallel Aware": true,
                    "Relation Name": "movie_keyword",
                    "Alias": "mk",
                    "Startup Cost": 21374.17,
                    "Total Cost": 53237.79,
                    "Plan Rows": 592769,
                    "Plan Width": 4,
                    "Actual Startup Time": 63.318,
                    "Actual Total Time": 150.198,
                    "Actual Rows": 503219,
                    "Actual Loops": 2,
                    "Recheck Cond": "(keyword_id > 18296)",
                    "Rows Removed by Index Recheck": 0,
                    "Exact Heap Blocks": 12137,
                    "Lossy Heap Blocks": 0,
                    "Plans": [
                      {
                        "Node Type": "Bitmap Index Scan",
                        "Parent Relationship": "Outer",
                        "Parallel Aware": false,
                        "Index Name": "keyword_id_movie_keyword",
                        "Startup Cost": 0.0,
                        "Total Cost": 21122.24,
                        "Plan Rows": 1007708,
                        "Plan Width": 0,
                        "Actual Startup Time": 59.676,
                        "Actual Total Time": 59.677,
                        "Actual Rows": 1006438,
                        "Actual Loops": 1,
                        "Index Cond": "(keyword_id > 18296)"
                      }
                    ]
                  },
                  {
                    "Node Type": "Hash",
                    "Parent Relationship": "Inner",
                    "Parallel Aware": true,
                    "Startup Cost": 54588.39,
                    "Total Cost": 54588.39,
                    "Plan Rows": 904038,
                    "Plan Width": 4,
                    "Actual Startup Time": 341.723,
                    "Actual Total Time": 341.724,
                    "Actual Rows": 771632,
                    "Actual Loops": 2,
                    "Hash Buckets": 2097152,
                    "Original Hash Buckets": 2097152,
                    "Hash Batches": 1,
                    "Original Hash Batches": 1,
                    "Peak Memory Usage": 76800,
                    "Plans": [
                      {
                        "Node Type": "Seq Scan",
                        "Parent Relationship": "Outer",
                        "Parallel Aware": true,
                        "Relation Name": "title",
                        "Alias": "t",
                        "Startup Cost": 0.0,
                        "Total Cost": 54588.39,
                        "Plan Rows": 904038,
                        "Plan Width": 4,
                        "Actual Startup Time": 0.018,
                        "Actual Total Time": 148.678,
                        "Actual Rows": 771632,
                        "Actual Loops": 2,
                        "Filter": "(kind_id = 7)",
                        "Rows Removed by Filter": 492524
                      }
                    ]
                  }
                ]
              }
            ]
          }
        ]
      }
    ]
  },
  "Planning Time": 0.336,
  "Triggers": [],
  "Execution Time": 609.464
}