[
  {
    "Plan": {
      "Node Type": "Aggregate",
      "Strategy": "Plain",
      "Partial Mode": "Finalize",
      "Parallel Aware": false,
      "Startup Cost": 34853.11,
      "Total Cost": 34853.12,
      "Plan Rows": 1,
      "Plan Width": 8,
      "Actual Startup Time": 42.125,
      "Actual Total Time": 48.232,
      "Actual Rows": 1,
      "Actual Loops": 1,
      "Plans": [
        {
          "Node Type": "Gather",
          "Parent Relationship": "Outer",
          "Parallel Aware": false,
          "Startup Cost": 34852.89,
          "Total Cost": 34853.1,
          "Plan Rows": 2,
          "Plan Width": 8,
          "Actual Startup Time": 41.989,
          "Actual Total Time": 48.225,
          "Actual Rows": 3,
          "Actual Loops": 1,
          "Workers Planned": 2,
          "Workers Launched": 2,
          "Single Copy": false,
          "Plans": [
            {
              "Node Type": "Aggregate",
              "Strategy": "Plain",
              "Partial Mode": "Partial",
              "Parent Relationship": "Outer",
              "Parallel Aware": false,
              "Startup Cost": 33852.89,
              "Total Cost": 33852.9,
              "Plan Rows": 1,
              "Plan Width": 8,
              "Actual Startup Time": 33.589,
              "Actual Total Time": 33.59,
              "Actual Rows": 1,
              "Actual Loops": 3,
              "Plans": [
                {
                  "Node Type": "Nested Loop",
                  "Parent Relationship": "Outer",
                  "Parallel Aware": false,
                  "Join Type": "Inner",
                  "Startup Cost": 139.11,
                  "Total Cost": 33850.64,
                  "Plan Rows": 901,
                  "Plan Width": 0,
                  "Actual Startup Time": 4.609,
                  "Actual Total Time": 33.414,
                  "Actual Rows": 927,
                  "Actual Loops": 3,
                  "Inner Unique": true,
                  "Plans": [
                    {
                      "Node Type": "Bitmap Heap Scan",
                      "Parent Relationship": "Outer",
                      "Parallel Aware": true,
                      "Relation Name": "movie_keyword",
                      "Alias": "mk",
                      "Startup Cost": 138.68,
                      "Total Cost": 14764.11,
                      "Plan Rows": 2702,
                      "Plan Width": 4,
                      "Actual Startup Time": 2.646,
                      "Actual Total Time": 11.148,
                      "Actual Rows": 1921,
                      "Actual Loops": 3,
                      "Recheck Cond": "(keyword_id = 750)",
                      "Rows Removed by Index Recheck": 0,
                      "Exact Heap Blocks": 3266,
                      "Lossy Heap Blocks": 0,
                      "Plans": [
                        {
                          "Node Type": "Bitmap Index Scan",
                          "Parent Relationship": "Outer",
                          "Parallel Aware": false,
                          "Index Name": "keyword_id_movie_keyword",
                          "Startup Cost": 0.0,
                          "Total Cost": 137.06,
                          "Plan Rows": 6484,
                          "Plan Width": 0,
                          "Actual Startup Time": 5.329,
                          "Actual Total Time": 5.33,
                          "Actual Rows": 5762,
                          "Actual Loops": 1,
                          "Index Cond": "(keyword_id = 750)"
                        }
                      ]
                    },
                    {
                      "Node Type": "Index Scan",
                      "Parent Relationship": "Inner",
                      "Parallel Aware": false,
                      "Scan Direction": "Forward",
                      "Index Name": "title_pkey",
                      "Relation Name": "title",
                      "Alias": "t",
                      "Startup Cost": 0.43,
                      "Total Cost": 7.06,
                      "Plan Rows": 1,
                      "Plan Width": 4,
                      "Actual Startup Time": 0.011,
                      "Actual Total Time": 0.011,
                      "Actual Rows": 0,
                      "Actual Loops": 5762,
                      "Index Cond": "(id = mk.movie_id)",
                      "Rows Removed by Index Recheck": 0,
                      "Filter": "((kind_id < 7) AND (production_year > 1965))",
                      "Rows Removed by Filter": 1
                    }
                  ]
                }
              ]
            }
          ]
        }
      ]
    },
    "Planning Time": 0.689,
    "Triggers": [],
    "Execution Time": 48.318
  }
]