[
  {
    "Plan": {
      "Node Type": "Aggregate",
      "Strategy": "Plain",
      "Partial Mode": "Finalize",
      "Parallel Aware": false,
      "Startup Cost": 246832.91,
      "Total Cost": 246832.92,
      "Plan Rows": 1,
      "Plan Width": 8,
      "Actual Startup Time": 848.501,
      "Actual Total Time": 897.986,
      "Actual Rows": 1,
      "Actual Loops": 1,
      "Plans": [
        {
          "Node Type": "Gather",
          "Parent Relationship": "Outer",
          "Parallel Aware": false,
          "Startup Cost": 246832.39,
          "Total Cost": 246832.9,
          "Plan Rows": 5,
          "Plan Width": 8,
          "Actual Startup Time": 846.076,
          "Actual Total Time": 897.977,
          "Actual Rows": 6,
          "Actual Loops": 1,
          "Workers Planned": 5,
          "Workers Launched": 5,
          "Single Copy": false,
          "Plans": [
            {
              "Node Type": "Aggregate",
              "Strategy": "Plain",
              "Partial Mode": "Partial",
              "Parent Relationship": "Outer",
              "Parallel Aware": false,
              "Startup Cost": 245832.39,
              "Total Cost": 245832.4,
              "Plan Rows": 1,
              "Plan Width": 8,
              "Actual Startup Time": 839.842,
              "Actual Total Time": 839.845,
              "Actual Rows": 1,
              "Actual Loops": 6,
              "Plans": [
                {
                  "Node Type": "Hash Join",
                  "Parent Relationship": "Outer",
                  "Parallel Aware": true,
                  "Join Type": "Inner",
                  "Startup Cost": 45929.91,
                  "Total Cost": 245409.32,
                  "Plan Rows": 169228,
                  "Plan Width": 0,
                  "Actual Startup Time": 110.277,
                  "Actual Total Time": 813.339,
                  "Actual Rows": 566998,
                  "Actual Loops": 6,
                  "Inner Unique": true,
                  "Hash Cond": "(mi.movie_id = t.id)",
                  "Plans": [
                    {
                      "Node Type": "Seq Scan",
                      "Parent Relationship": "Outer",
                      "Parallel Aware": true,
                      "Relation Name": "movie_info",
                      "Alias": "mi",
                      "Startup Cost": 0.0,
                      "Total Cost": 191685.19,
                      "Plan Rows": 2969219,
                      "Plan Width": 4,
                      "Actual Startup Time": 0.025,
                      "Actual Total Time": 316.072,
                      "Actual Rows": 2472620,
                      "Actual Loops": 6
                    },
                    {
                      "Node Type": "Hash",
                      "Parent Relationship": "Inner",
                      "Parallel Aware": true,
                      "Startup Cost": 45479.59,
                      "Total Cost": 45479.59,
                      "Plan Rows": 36026,
                      "Plan Width": 4,
                      "Actual Startup Time": 98.477,
                      "Actual Total Time": 98.478,
                      "Actual Rows": 47856,
                      "Actual Loops": 6,
                      "Hash Buckets": 524288,
                      "Original Hash Buckets": 262144,
                      "Hash Batches": 1,
                      "Original Hash Batches": 1,
                      "Peak Memory Usage": 17504,
                      "Plans": [
                        {
                          "Node Type": "Seq Scan",
                          "Parent Relationship": "Outer",
                          "Parallel Aware": true,
                          "Relation Name": "title",
                          "Alias": "t",
                          "Startup Cost": 0.0,
                          "Total Cost": 45479.59,
                          "Plan Rows": 36026,
                          "Plan Width": 4,
                          "Actual Startup Time": 41.215,
                          "Actual Total Time": 73.582,
                          "Actual Rows": 47856,
                          "Actual Loops": 6,
                          "Filter": "((production_year < 1984) AND (kind_id = 1))",
                          "Rows Removed by Filter": 373530
                        }
                      ]
                    }
                  ]
                }
              ]
            }
          ]
        }
      ]
    },
    "Planning Time": 0.258,
    "Triggers": [],
    "Execution Time": 898.041
  }
]