{
  "Plan": {
    "Node Type": "Aggregate",
    "Strategy": "Plain",
    "Partial Mode": "Finalize",
    "Parallel Aware": false,
    "Startup Cost": 398473.52,
    "Total Cost": 398473.53,
    "Plan Rows": 1,
    "Plan Width": 8,
    "Actual Startup Time": 5494.767,
    "Actual Total Time": 5560.613,
    "Actual Rows": 1,
    "Actual Loops": 1,
    "Plans": [
      {
        "Node Type": "Gather",
        "Parent Relationship": "Outer",
        "Parallel Aware": false,
        "Startup Cost": 398473.41,
        "Total Cost": 398473.52,
        "Plan Rows": 1,
        "Plan Width": 8,
        "Actual Startup Time": 5492.985,
        "Actual Total Time": 5560.606,
        "Actual Rows": 2,
        "Actual Loops": 1,
        "Workers Planned": 1,
        "Workers Launched": 1,
        "Single Copy": false,
        "Plans": [
          {
            "Node Type": "Aggregate",
            "Strategy": "Plain",
            "Partial Mode": "Partial",
            "Parent Relationship": "Outer",
            "Parallel Aware": false,
            "Startup Cost": 397473.41,
            "Total Cost": 397473.42,
            "Plan Rows": 1,
            "Plan Width": 8,
            "Actual Startup Time": 5486.474,
            "Actual Total Time": 5486.478,
            "Actual Rows": 1,
            "Actual Loops": 2,
            "Plans": [
              {
                "Node Type": "Nested Loop",
                "Parent Relationship": "Outer",
                "Parallel Aware": false,
                "Join Type": "Inner",
                "Startup Cost": 81924.28,
                "Total Cost": 395899.89,
                "Plan Rows": 629409,
                "Plan Width": 0,
                "Actual Startup Time": 358.787,
                "Actual Total Time": 4954.086,
                "Actual Rows": 13053824,
                "Actual Loops": 2,
                "Inner Unique": false,
                "Join Filter": "(t.id = mi.movie_id)",
                "Rows Removed by Join Filter": 0,
                "Plans": [
                  {
                    "Node Type": "Hash Join",
                    "Parent Relationship": "Outer",
                    "Parallel Aware": true,
                    "Join Type": "Inner",
                    "Startup Cost": 81923.85,
                    "Total Cost": 114770.52,
                    "Plan Rows": 107641,
                    "Plan Width": 8,
                    "Actual Startup Time": 358.683,
                    "Actual Total Time": 580.977,
                    "Actual Rows": 283752,
                    "Actual Loops": 2,
                    "Inner Unique": true,
                    "Hash Cond": "(mk.movie_id = t.id)",
                    "Plans": [
                      {
                        "Node Type": "Bitmap Heap Scan",
                        "Parent Relationship": "Outer",
                        "Parallel Aware": true,
                        "Relation Name": "movie_keyword",
                        "Alias": "mk",
                        "Startup Cost": 20011.07,
                        "Total Cost": 51401.16,
                        "Plan Rows": 554887,
                        "Plan Width": 4,
                        "Actual Startup Time": 94.746,
                        "Actual Total Time": 185.956,
                        "Actual Rows": 473162,
                        "Actual Loops": 2,
                        "Recheck Cond": "(keyword_id < 889)",
                        "Rows Removed by Index Recheck": 0,
                        "Exact Heap Blocks": 13554,
                        "Lossy Heap Blocks": 0,
                        "Plans": [
                          {
                            "Node Type": "Bitmap Index Scan",
                            "Parent Relationship": "Outer",
                            "Parallel Aware": false,
                            "Index Name": "keyword_id_movie_keyword",
                            "Startup Cost": 0.0,
                            "Total Cost": 19775.24,
                            "Plan Rows": 943308,
                            "Plan Width": 0,
                            "Actual Startup Time": 88.865,
                            "Actual Total Time": 88.866,
                            "Actual Rows": 946324,
                            "Actual Loops": 1,
                            "Index Cond": "(keyword_id < 889)"
                          }
                        ]
                      },
                      {
                        "Node Type": "Hash",
                        "Parent Relationship": "Inner",
                        "Parallel Aware": true,
                        "Startup Cost": 58306.47,
                        "Total Cost": 58306.47,
                        "Plan Rows": 288505,
                        "Plan Width": 4,
                        "Actual Startup Time": 258.087,
                        "Actual Total Time": 258.088,
                        "Actual Rows": 290710,
                        "Actual Loops": 2,
                        "Hash Buckets": 1048576,
                        "Original Hash Buckets": 524288,
                        "Hash Batches": 1,
                        "Original Hash Batches": 1,
                        "Peak Memory Usage": 35072,
                        "Plans": [
                          {
                            "Node Type": "Seq Scan",
                            "Parent Relationship": "Outer",
                            "Parallel Aware": true,
                            "Relation Name": "title",
                            "Alias": "t",
                            "Startup Cost": 0.0,
                            "Total Cost": 58306.47,
                            "Plan Rows": 288505,
                            "Plan Width": 4,
                            "Actual Startup Time": 0.04,
                            "Actual Total Time": 173.096,
                            "Actual Rows": 290710,
                            "Actual Loops": 2,
                            "Filter": "((kind_id < 7) AND (production_year < 2004))",
                            "Rows Removed by Filter": 973446
                          }
                        ]
                      }
                    ]
                  },
                  {
                    "Node Type": "Index Only Scan",
                    "Parent Relationship": "Inner",
                    "Parallel Aware": false,
                    "Scan Direction": "Forward",
                    "Index Name": "movie_id_movie_info",
                    "Relation Name": "movie_info",
                    "Alias": "mi",
                    "Startup Cost": 0.43,
                    "Total Cost": 2.09,
                    "Plan Rows": 42,
                    "Plan Width": 4,
                    "Actual Startup Time": 0.003,
                    "Actual Total Time": 0.011,
                    "Actual Rows": 46,
                    "Actual Loops": 567504,
                    "Index Cond": "(movie_id = mk.movie_id)",
                    "Rows Removed by Index Recheck": 0,
                    "Heap Fetches": 26107647
                  }
                ]
              }
            ]
          }
        ]
      }
    ]
  },
  "Planning Time": 0.967,
  "Triggers": [],
  "Execution Time": 5560.792
}