[
  {
    "Plan": {
      "Node Type": "Aggregate",
      "Strategy": "Plain",
      "Partial Mode": "Finalize",
      "Parallel Aware": false,
      "Startup Cost": 63475.84,
      "Total Cost": 63475.85,
      "Plan Rows": 1,
      "Plan Width": 8,
      "Actual Startup Time": 268.904,
      "Actual Total Time": 281.684,
      "Actual Rows": 1,
      "Actual Loops": 1,
      "Plans": [
        {
          "Node Type": "Gather",
          "Parent Relationship": "Outer",
          "Parallel Aware": false,
          "Startup Cost": 63475.62,
          "Total Cost": 63475.83,
          "Plan Rows": 2,
          "Plan Width": 8,
          "Actual Startup Time": 267.097,
          "Actual Total Time": 281.676,
          "Actual Rows": 3,
          "Actual Loops": 1,
          "Workers Planned": 2,
          "Workers Launched": 2,
          "Single Copy": false,
          "Plans": [
            {
              "Node Type": "Aggregate",
              "Strategy": "Plain",
              "Partial Mode": "Partial",
              "Parent Relationship": "Outer",
              "Parallel Aware": false,
              "Startup Cost": 62475.62,
              "Total Cost": 62475.63,
              "Plan Rows": 1,
              "Plan Width": 8,
              "Actual Startup Time": 259.576,
              "Actual Total Time": 259.579,
              "Actual Rows": 1,
              "Actual Loops": 3,
              "Plans": [
                {
                  "Node Type": "Hash Join",
                  "Parent Relationship": "Outer",
                  "Parallel Aware": true,
                  "Join Type": "Inner",
                  "Startup Cost": 47003.67,
                  "Total Cost": 62198.23,
                  "Plan Rows": 110956,
                  "Plan Width": 0,
                  "Actual Startup Time": 192.645,
                  "Actual Total Time": 254.534,
                  "Actual Rows": 126643,
                  "Actual Loops": 3,
                  "Inner Unique": true,
                  "Hash Cond": "(mi_idx.movie_id = t.id)",
                  "Plans": [
                    {
                      "Node Type": "Seq Scan",
                      "Parent Relationship": "Outer",
                      "Parallel Aware": true,
                      "Relation Name": "movie_info_idx",
                      "Alias": "mi_idx",
                      "Startup Cost": 0.0,
                      "Total Cost": 13685.15,
                      "Plan Rows": 575015,
                      "Plan Width": 4,
                      "Actual Startup Time": 0.041,
                      "Actual Total Time": 34.467,
                      "Actual Rows": 460012,
                      "Actual Loops": 3
                    },
                    {
                      "Node Type": "Hash",
                      "Parent Relationship": "Inner",
                      "Parallel Aware": true,
                      "Startup Cost": 45479.1,
                      "Total Cost": 45479.1,
                      "Plan Rows": 121966,
                      "Plan Width": 4,
                      "Actual Startup Time": 153.353,
                      "Actual Total Time": 153.353,
                      "Actual Rows": 119957,
                      "Actual Loops": 3,
                      "Hash Buckets": 524288,
                      "Original Hash Buckets": 524288,
                      "Hash Batches": 1,
                      "Original Hash Batches": 1,
                      "Peak Memory Usage": 18240,
                      "Plans": [
                        {
                          "Node Type": "Seq Scan",
                          "Parent Relationship": "Outer",
                          "Parallel Aware": true,
                          "Relation Name": "title",
                          "Alias": "t",
                          "Startup Cost": 0.0,
                          "Total Cost": 45479.1,
                          "Plan Rows": 121966,
                          "Plan Width": 4,
                          "Actual Startup Time": 48.722,
                          "Actual Total Time": 118.466,
                          "Actual Rows": 119957,
                          "Actual Loops": 3,
                          "Filter": "((production_year > 1985) AND (kind_id = 1))",
                          "Rows Removed by Filter": 722814
                        }
                      ]
                    }
                  ]
                }
              ]
            }
          ]
        }
      ]
    },
    "Planning Time": 0.56,
    "Triggers": [],
    "Execution Time": 281.747
  }
]