{
  "Plan": {
    "Node Type": "Aggregate",
    "Strategy": "Plain",
    "Partial Mode": "Finalize",
    "Parallel Aware": false,
    "Startup Cost": 735464.79,
    "Total Cost": 735464.8,
    "Plan Rows": 1,
    "Plan Width": 8,
    "Actual Startup Time": 4953.385,
    "Actual Total Time": 5025.903,
    "Actual Rows": 1,
    "Actual Loops": 1,
    "Plans": [
      {
        "Node Type": "Gather",
        "Parent Relationship": "Outer",
        "Parallel Aware": false,
        "Startup Cost": 735464.68,
        "Total Cost": 735464.79,
        "Plan Rows": 1,
        "Plan Width": 8,
        "Actual Startup Time": 4948.674,
        "Actual Total Time": 5025.892,
        "Actual Rows": 2,
        "Actual Loops": 1,
        "Workers Planned": 1,
        "Workers Launched": 1,
        "Single Copy": false,
        "Plans": [
          {
            "Node Type": "Aggregate",
            "Strategy": "Plain",
            "Partial Mode": "Partial",
            "Parent Relationship": "Outer",
            "Parallel Aware": false,
            "Startup Cost": 734464.68,
            "Total Cost": 734464.69,
            "Plan Rows": 1,
            "Plan Width": 8,
            "Actual Startup Time": 4942.886,
            "Actual Total Time": 4943.479,
            "Actual Rows": 1,
            "Actual Loops": 2,
            "Plans": [
              {
                "Node Type": "Hash Join",
                "Parent Relationship": "Outer",
                "Parallel Aware": true,
                "Join Type": "Inner",
                "Startup Cost": 131673.75,
                "Total Cost": 717439.86,
                "Plan Rows": 6809927,
                "Plan Width": 0,
                "Actual Startup Time": 734.743,
                "Actual Total Time": 4723.168,
                "Actual Rows": 5451700,
                "Actual Loops": 2,
                "Inner Unique": false,
                "Hash Cond": "(ci.movie_id = t.id)",
                "Plans": [
                  {
                    "Node Type": "Seq Scan",
                    "Parent Relationship": "Outer",
                    "Parallel Aware": true,
                    "Relation Name": "cast_info",
                    "Alias": "ci",
                    "Startup Cost": 0.0,
                    "Total Cost": 465792.95,
                    "Plan Rows": 21310595,
                    "Plan Width": 4,
                    "Actual Startup Time": 0.014,
                    "Actual Total Time": 1309.776,
                    "Actual Rows": 18122172,
                    "Actual Loops": 2
                  },
                  {
                    "Node Type": "Hash",
                    "Parent Relationship": "Inner",
                    "Parallel Aware": true,
                    "Startup Cost": 125733.07,
                    "Total Cost": 125733.07,
                    "Plan Rows": 475254,
                    "Plan Width": 8,
                    "Actual Startup Time": 725.727,
                    "Actual Total Time": 726.318,
                    "Actual Rows": 211972,
                    "Actual Loops": 2,
                    "Hash Buckets": 1048576,
                    "Original Hash Buckets": 1048576,
                    "Hash Batches": 1,
                    "Original Hash Batches": 1,
                    "Peak Memory Usage": 24800,
                    "Plans": [
                      {
                        "Node Type": "Hash Join",
                        "Parent Relationship": "Outer",
                        "Parallel Aware": true,
                        "Join Type": "Inner",
                        "Startup Cost": 91534.55,
                        "Total Cost": 125733.07,
                        "Plan Rows": 475254,
                        "Plan Width": 8,
                        "Actual Startup Time": 465.397,
                        "Actual Total Time": 675.0,
                        "Actual Rows": 211972,
                        "Actual Loops": 2,
                        "Inner Unique": true,
                        "Hash Cond": "(mk.movie_id = t.id)",
                        "Plans": [
                          {
                            "Node Type": "Bitmap Heap Scan",
                            "Parent Relationship": "Outer",
                            "Parallel Aware": true,
                            "Relation Name": "movie_keyword",
                            "Alias": "mk",
                            "Startup Cost": 23232.64,
                            "Total Cost": 55739.97,
                            "Plan Rows": 644266,
                            "Plan Width": 4,
                            "Actual Startup Time": 65.833,
                            "Actual Total Time": 158.586,
                            "Actual Rows": 554824,
                            "Actual Loops": 2,
                            "Recheck Cond": "(keyword_id < 1138)",
                            "Rows Removed by Index Recheck": 0,
                            "Exact Heap Blocks": 13131,
                            "Lossy Heap Blocks": 0,
                            "Plans": [
                              {
                                "Node Type": "Bitmap Index Scan",
                                "Parent Relationship": "Outer",
                                "Parallel Aware": false,
                                "Index Name": "keyword_id_movie_keyword",
                                "Startup Cost": 0.0,
                                "Total Cost": 22958.83,
                                "Plan Rows": 1095253,
                                "Plan Width": 0,
                                "Actual Startup Time": 62.117,
                                "Actual Total Time": 62.117,
                                "Actual Rows": 1109647,
                                "Actual Loops": 1,
                                "Index Cond": "(keyword_id < 1138)"
                              }
                            ]
                          },
                          {
                            "Node Type": "Hash",
                            "Parent Relationship": "Inner",
                            "Parallel Aware": true,
                            "Startup Cost": 54588.39,
                            "Total Cost": 54588.39,
                            "Plan Rows": 1097081,
                            "Plan Width": 4,
                            "Actual Startup Time": 389.615,
                            "Actual Total Time": 389.615,
                            "Actual Rows": 932744,
                            "Actual Loops": 2,
                            "Hash Buckets": 2097152,
                            "Original Hash Buckets": 2097152,
                            "Hash Batches": 1,
                            "Original Hash Batches": 1,
                            "Peak Memory Usage": 89408,
                            "Plans": [
                              {
                                "Node Type": "Seq Scan",
                                "Parent Relationship": "Outer",
                                "Parallel Aware": true,
                                "Relation Name": "title",
                                "Alias": "t",
                                "Startup Cost": 0.0,
                                "Total Cost": 54588.39,
                                "Plan Rows": 1097081,
                                "Plan Width": 4,
                                "Actual Startup Time": 0.034,
                                "Actual Total Time": 166.401,
                                "Actual Rows": 932744,
                                "Actual Loops": 2,
                                "Filter": "(kind_id > 1)",
                                "Rows Removed by Filter": 331412
                              }
                            ]
                          }
                        ]
                      }
                    ]
                  }
                ]
              }
            ]
          }
        ]
      }
    ]
  },
  "Planning Time": 1.065,
  "Triggers": [],
  "Execution Time": 5026.021
}