{
  "Plan": {
    "Node Type": "Aggregate",
    "Strategy": "Plain",
    "Partial Mode": "Finalize",
    "Parallel Aware": false,
    "Startup Cost": 100429.0,
    "Total Cost": 100429.01,
    "Plan Rows": 1,
    "Plan Width": 8,
    "Actual Startup Time": 687.198,
    "Actual Total Time": 707.799,
    "Actual Rows": 1,
    "Actual Loops": 1,
    "Plans": [
      {
        "Node Type": "Gather",
        "Parent Relationship": "Outer",
        "Parallel Aware": false,
        "Startup Cost": 100428.89,
        "Total Cost": 100429.0,
        "Plan Rows": 1,
        "Plan Width": 8,
        "Actual Startup Time": 681.701,
        "Actual Total Time": 707.791,
        "Actual Rows": 2,
        "Actual Loops": 1,
        "Workers Planned": 1,
        "Workers Launched": 1,
        "Single Copy": false,
        "Plans": [
          {
            "Node Type": "Aggregate",
            "Strategy": "Plain",
            "Partial Mode": "Partial",
            "Parent Relationship": "Outer",
            "Parallel Aware": false,
            "Startup Cost": 99428.89,
            "Total Cost": 99428.9,
            "Plan Rows": 1,
            "Plan Width": 8,
            "Actual Startup Time": 668.894,
            "Actual Total Time": 668.9,
            "Actual Rows": 1,
            "Actual Loops": 2,
            "Plans": [
              {
                "Node Type": "Hash Join",
                "Parent Relationship": "Outer",
                "Parallel Aware": true,
                "Join Type": "Inner",
                "Startup Cost": 80034.5,
                "Total Cost": 99340.21,
                "Plan Rows": 35473,
                "Plan Width": 0,
                "Actual Startup Time": 561.062,
                "Actual Total Time": 666.931,
                "Actual Rows": 46878,
                "Actual Loops": 2,
                "Inner Unique": false,
                "Hash Cond": "(mi_idx.movie_id = t.id)",
                "Plans": [
                  {
                    "Node Type": "Seq Scan",
                    "Parent Relationship": "Outer",
                    "Parallel Aware": true,
                    "Relation Name": "movie_info_idx",
                    "Alias": "mi_idx",
                    "Startup Cost": 0.0,
                    "Total Cost": 16052.85,
                    "Plan Rows": 811785,
                    "Plan Width": 4,
                    "Actual Startup Time": 0.017,
                    "Actual Total Time": 48.277,
                    "Actual Rows": 690018,
                    "Actual Loops": 2
                  },
                  {
                    "Node Type": "Hash",
                    "Parent Relationship": "Inner",
                    "Parallel Aware": true,
                    "Startup Cost": 79222.15,
                    "Total Cost": 79222.15,
                    "Plan Rows": 64988,
                    "Plan Width": 8,
                    "Actual Startup Time": 558.681,
                    "Actual Total Time": 558.685,
                    "Actual Rows": 25789,
                    "Actual Loops": 2,
                    "Hash Buckets": 131072,
                    "Original Hash Buckets": 131072,
                    "Hash Batches": 1,
                    "Original Hash Batches": 1,
                    "Peak Memory Usage": 3072,
                    "Plans": [
                      {
                        "Node Type": "Hash Join",
                        "Parent Relationship": "Outer",
                        "Parallel Aware": true,
                        "Join Type": "Inner",
                        "Startup Cost": 69461.26,
                        "Total Cost": 79222.15,
                        "Plan Rows": 64988,
                        "Plan Width": 8,
                        "Actual Startup Time": 514.035,
                        "Actual Total Time": 552.712,
                        "Actual Rows": 25789,
                        "Actual Loops": 2,
                        "Inner Unique": true,
                        "Hash Cond": "(ci.movie_id = t.id)",
                        "Plans": [
                          {
                            "Node Type": "Index Scan",
                            "Parent Relationship": "Outer",
                            "Parallel Aware": true,
                            "Scan Direction": "Forward",
                            "Index Name": "role_id_cast_info",
                            "Relation Name": "cast_info",
                            "Alias": "ci",
                            "Startup Cost": 0.56,
                            "Total Cost": 9590.86,
                            "Plan Rows": 64988,
                            "Plan Width": 4,
                            "Actual Startup Time": 0.074,
                            "Actual Total Time": 20.905,
                            "Actual Rows": 25789,
                            "Actual Loops": 2,
                            "Index Cond": "(role_id > 10)",
                            "Rows Removed by Index Recheck": 0,
                            "Filter": "(person_id < 1323115)",
                            "Rows Removed by Filter": 132270
                          },
                          {
                            "Node Type": "Hash",
                            "Parent Relationship": "Inner",
                            "Parallel Aware": true,
                            "Startup Cost": 50870.31,
                            "Total Cost": 50870.31,
                            "Plan Rows": 1487231,
                            "Plan Width": 4,
                            "Actual Startup Time": 494.607,
                            "Actual Total Time": 494.608,
                            "Actual Rows": 1264156,
                            "Actual Loops": 2,
                            "Hash Buckets": 4194304,
                            "Original Hash Buckets": 4194304,
                            "Hash Batches": 1,
                            "Original Hash Batches": 1,
                            "Peak Memory Usage": 131712,
                            "Plans": [
                              {
                                "Node Type": "Seq Scan",
                                "Parent Relationship": "Outer",
                                "Parallel Aware": true,
                                "Relation Name": "title",
                                "Alias": "t",
                                "Startup Cost": 0.0,
                                "Total Cost": 50870.31,
                                "Plan Rows": 1487231,
                                "Plan Width": 4,
                                "Actual Startup Time": 0.029,
                                "Actual Total Time": 151.989,
                                "Actual Rows": 1264156,
                                "Actual Loops": 2
                              }
                            ]
                          }
                        ]
                      }
                    ]
                  }
                ]
              }
            ]
          }
        ]
      }
    ]
  },
  "Planning Time": 1.068,
  "Triggers": [],
  "Execution Time": 707.882
}