{
  "Plan": {
    "Node Type": "Aggregate",
    "Strategy": "Plain",
    "Partial Mode": "Finalize",
    "Parallel Aware": false,
    "Startup Cost": 89828.26,
    "Total Cost": 89828.27,
    "Plan Rows": 1,
    "Plan Width": 8,
    "Actual Startup Time": 328.157,
    "Actual Total Time": 341.226,
    "Actual Rows": 1,
    "Actual Loops": 1,
    "Plans": [
      {
        "Node Type": "Gather",
        "Parent Relationship": "Outer",
        "Parallel Aware": false,
        "Startup Cost": 89828.15,
        "Total Cost": 89828.26,
        "Plan Rows": 1,
        "Plan Width": 8,
        "Actual Startup Time": 326.247,
        "Actual Total Time": 341.219,
        "Actual Rows": 2,
        "Actual Loops": 1,
        "Workers Planned": 1,
        "Workers Launched": 1,
        "Single Copy": false,
        "Plans": [
          {
            "Node Type": "Aggregate",
            "Strategy": "Plain",
            "Partial Mode": "Partial",
            "Parent Relationship": "Outer",
            "Parallel Aware": false,
            "Startup Cost": 88828.15,
            "Total Cost": 88828.16,
            "Plan Rows": 1,
            "Plan Width": 8,
            "Actual Startup Time": 323.084,
            "Actual Total Time": 323.088,
            "Actual Rows": 1,
            "Actual Loops": 2,
            "Plans": [
              {
                "Node Type": "Hash Join",
                "Parent Relationship": "Outer",
                "Parallel Aware": true,
                "Join Type": "Inner",
                "Startup Cost": 63604.41,
                "Total Cost": 88781.29,
                "Plan Rows": 18741,
                "Plan Width": 0,
                "Actual Startup Time": 271.998,
                "Actual Total Time": 321.368,
                "Actual Rows": 35172,
                "Actual Loops": 2,
                "Inner Unique": true,
                "Hash Cond": "(mk.movie_id = t.id)",
                "Plans": [
                  {
                    "Node Type": "Bitmap Heap Scan",
                    "Parent Relationship": "Outer",
                    "Parallel Aware": true,
                    "Relation Name": "movie_keyword",
                    "Alias": "mk",
                    "Startup Cost": 1726.11,
                    "Total Cost": 26777.53,
                    "Plan Rows": 47794,
                    "Plan Width": 4,
                    "Actual Startup Time": 8.443,
                    "Actual Total Time": 38.658,
                    "Actual Rows": 42480,
                    "Actual Loops": 2,
                    "Recheck Cond": "(keyword_id < 73)",
                    "Rows Removed by Index Recheck": 0,
                    "Exact Heap Blocks": 13153,
                    "Lossy Heap Blocks": 0,
                    "Plans": [
                      {
                        "Node Type": "Bitmap Index Scan",
                        "Parent Relationship": "Outer",
                        "Parallel Aware": false,
                        "Index Name": "keyword_id_movie_keyword",
                        "Startup Cost": 0.0,
                        "Total Cost": 1705.8,
                        "Plan Rows": 81249,
                        "Plan Width": 0,
                        "Actual Startup Time": 5.32,
                        "Actual Total Time": 5.32,
                        "Actual Rows": 84961,
                        "Actual Loops": 1,
                        "Index Cond": "(keyword_id < 73)"
                      }
                    ]
                  },
                  {
                    "Node Type": "Hash",
                    "Parent Relationship": "Inner",
                    "Parallel Aware": true,
                    "Startup Cost": 54588.39,
                    "Total Cost": 54588.39,
                    "Plan Rows": 583193,
                    "Plan Width": 4,
                    "Actual Startup Time": 256.042,
                    "Actual Total Time": 256.043,
                    "Actual Rows": 492524,
                    "Actual Loops": 2,
                    "Hash Buckets": 1048576,
                    "Original Hash Buckets": 1048576,
                    "Hash Batches": 1,
                    "Original Hash Batches": 1,
                    "Peak Memory Usage": 46752,
                    "Plans": [
                      {
                        "Node Type": "Seq Scan",
                        "Parent Relationship": "Outer",
                        "Parallel Aware": true,
                        "Relation Name": "title",
                        "Alias": "t",
                        "Startup Cost": 0.0,
                        "Total Cost": 54588.39,
                        "Plan Rows": 583193,
                        "Plan Width": 4,
                        "Actual Startup Time": 0.024,
                        "Actual Total Time": 143.401,
                        "Actual Rows": 492524,
                        "Actual Loops": 2,
                        "Filter": "(kind_id < 7)",
                        "Rows Removed by Filter": 771632
                      }
                    ]
                  }
                ]
              }
            ]
          }
        ]
      }
    ]
  },
  "Planning Time": 0.331,
  "Triggers": [],
  "Execution Time": 341.298
}