[
  {
    "Plan": {
      "Node Type": "Aggregate",
      "Strategy": "Plain",
      "Partial Mode": "Finalize",
      "Parallel Aware": false,
      "Startup Cost": 46262.9,
      "Total Cost": 46262.91,
      "Plan Rows": 1,
      "Plan Width": 8,
      "Actual Startup Time": 175.841,
      "Actual Total Time": 185.527,
      "Actual Rows": 1,
      "Actual Loops": 1,
      "Plans": [
        {
          "Node Type": "Gather",
          "Parent Relationship": "Outer",
          "Parallel Aware": false,
          "Startup Cost": 46262.58,
          "Total Cost": 46262.89,
          "Plan Rows": 3,
          "Plan Width": 8,
          "Actual Startup Time": 175.754,
          "Actual Total Time": 185.517,
          "Actual Rows": 4,
          "Actual Loops": 1,
          "Workers Planned": 3,
          "Workers Launched": 3,
          "Single Copy": false,
          "Plans": [
            {
              "Node Type": "Aggregate",
              "Strategy": "Plain",
              "Partial Mode": "Partial",
              "Parent Relationship": "Outer",
              "Parallel Aware": false,
              "Startup Cost": 45262.58,
              "Total Cost": 45262.59,
              "Plan Rows": 1,
              "Plan Width": 8,
              "Actual Startup Time": 167.419,
              "Actual Total Time": 167.42,
              "Actual Rows": 1,
              "Actual Loops": 4,
              "Plans": [
                {
                  "Node Type": "Seq Scan",
                  "Parent Relationship": "Outer",
                  "Parallel Aware": true,
                  "Relation Name": "movie_keyword",
                  "Alias": "mk",
                  "Startup Cost": 0.0,
                  "Total Cost": 42695.65,
                  "Plan Rows": 1026772,
                  "Plan Width": 0,
                  "Actual Startup Time": 0.057,
                  "Actual Total Time": 128.115,
                  "Actual Rows": 793998,
                  "Actual Loops": 4,
                  "Filter": "(keyword_id < 12625)",
                  "Rows Removed by Filter": 336984
                }
              ]
            }
          ]
        }
      ]
    },
    "Planning Time": 0.125,
    "Triggers": [],
    "Execution Time": 185.57
  }
]