[
  {
    "Plan": {
      "Node Type": "Aggregate",
      "Strategy": "Plain",
      "Partial Mode": "Finalize",
      "Parallel Aware": false,
      "Startup Cost": 428067.77,
      "Total Cost": 428067.78,
      "Plan Rows": 1,
      "Plan Width": 8,
      "Actual Startup Time": 2125.49,
      "Actual Total Time": 2188.567,
      "Actual Rows": 1,
      "Actual Loops": 1,
      "Plans": [
        {
          "Node Type": "Gather",
          "Parent Relationship": "Outer",
          "Parallel Aware": false,
          "Startup Cost": 428067.14,
          "Total Cost": 428067.75,
          "Plan Rows": 6,
          "Plan Width": 8,
          "Actual Startup Time": 2116.066,
          "Actual Total Time": 2188.554,
          "Actual Rows": 7,
          "Actual Loops": 1,
          "Workers Planned": 6,
          "Workers Launched": 6,
          "Single Copy": false,
          "Plans": [
            {
              "Node Type": "Aggregate",
              "Strategy": "Plain",
              "Partial Mode": "Partial",
              "Parent Relationship": "Outer",
              "Parallel Aware": false,
              "Startup Cost": 427067.14,
              "Total Cost": 427067.15,
              "Plan Rows": 1,
              "Plan Width": 8,
              "Actual Startup Time": 2104.578,
              "Actual Total Time": 2104.674,
              "Actual Rows": 1,
              "Actual Loops": 7,
              "Plans": [
                {
                  "Node Type": "Hash Join",
                  "Parent Relationship": "Outer",
                  "Parallel Aware": true,
                  "Join Type": "Inner",
                  "Startup Cost": 82680.76,
                  "Total Cost": 422728.72,
                  "Plan Rows": 1735368,
                  "Plan Width": 0,
                  "Actual Startup Time": 283.269,
                  "Actual Total Time": 1979.535,
                  "Actual Rows": 2524994,
                  "Actual Loops": 7,
                  "Inner Unique": false,
                  "Hash Cond": "(ci.movie_id = t.id)",
                  "Plans": [
                    {
                      "Node Type": "Seq Scan",
                      "Parent Relationship": "Outer",
                      "Parallel Aware": true,
                      "Relation Name": "cast_info",
                      "Alias": "ci",
                      "Startup Cost": 0.0,
                      "Total Cost": 313067.02,
                      "Plan Rows": 6038002,
                      "Plan Width": 4,
                      "Actual Startup Time": 0.026,
                      "Actual Total Time": 566.075,
                      "Actual Rows": 5177763,
                      "Actual Loops": 7
                    },
                    {
                      "Node Type": "Hash",
                      "Parent Relationship": "Inner",
                      "Parallel Aware": true,
                      "Startup Cost": 80409.98,
                      "Total Cost": 80409.98,
                      "Plan Rows": 181663,
                      "Plan Width": 8,
                      "Actual Startup Time": 280.125,
                      "Actual Total Time": 280.219,
                      "Actual Rows": 72834,
                      "Actual Loops": 7,
                      "Hash Buckets": 1048576,
                      "Original Hash Buckets": 1048576,
                      "Hash Batches": 1,
                      "Original Hash Batches": 1,
                      "Peak Memory Usage": 28224,
                      "Plans": [
                        {
                          "Node Type": "Hash Join",
                          "Parent Relationship": "Outer",
                          "Parallel Aware": true,
                          "Join Type": "Inner",
                          "Startup Cost": 34344.87,
                          "Total Cost": 80409.98,
                          "Plan Rows": 181663,
                          "Plan Width": 8,
                          "Actual Startup Time": 119.97,
                          "Actual Total Time": 248.616,
                          "Actual Rows": 72834,
                          "Actual Loops": 7,
                          "Inner Unique": false,
                          "Hash Cond": "(t.id = mc.movie_id)",
                          "Plans": [
                            {
                              "Node Type": "Seq Scan",
                              "Parent Relationship": "Outer",
                              "Parallel Aware": true,
                              "Relation Name": "title",
                              "Alias": "t",
                              "Startup Cost": 0.0,
                              "Total Cost": 42318.73,
                              "Plan Rows": 632073,
                              "Plan Width": 4,
                              "Actual Startup Time": 0.015,
                              "Actual Total Time": 57.605,
                              "Actual Rows": 361187,
                              "Actual Loops": 7
                            },
                            {
                              "Node Type": "Hash",
                              "Parent Relationship": "Inner",
                              "Parallel Aware": true,
                              "Startup Cost": 31414.82,
                              "Total Cost": 31414.82,
                              "Plan Rows": 234404,
                              "Plan Width": 4,
                              "Actual Startup Time": 100.926,
                              "Actual Total Time": 100.927,
                              "Actual Rows": 72834,
                              "Actual Loops": 7,
                              "Hash Buckets": 1048576,
                              "Original Hash Buckets": 1048576,
                              "Hash Batches": 1,
                              "Original Hash Batches": 1,
                              "Peak Memory Usage": 28192,
                              "Plans": [
                                {
                                  "Node Type": "Seq Scan",
                                  "Parent Relationship": "Outer",
                                  "Parallel Aware": true,
                                  "Relation Name": "movie_companies",
                                  "Alias": "mc",
                                  "Startup Cost": 0.0,
                                  "Total Cost": 31414.82,
                                  "Plan Rows": 234404,
                                  "Plan Width": 4,
                                  "Actual Startup Time": 10.293,
                                  "Actual Total Time": 62.478,
                                  "Actual Rows": 72834,
                                  "Actual Loops": 7,
                                  "Filter": "((company_id > 8254) AND (company_type_id < 2))",
                                  "Rows Removed by Filter": 299898
                                }
                              ]
                            }
                          ]
                        }
                      ]
                    }
                  ]
                }
              ]
            }
          ]
        }
      ]
    },
    "Planning Time": 1.233,
    "Triggers": [],
    "Execution Time": 2188.665
  }
]