[
  {
    "Plan": {
      "Node Type": "Aggregate",
      "Strategy": "Plain",
      "Partial Mode": "Finalize",
      "Parallel Aware": false,
      "Startup Cost": 45087.01,
      "Total Cost": 45087.02,
      "Plan Rows": 1,
      "Plan Width": 8,
      "Actual Startup Time": 134.815,
      "Actual Total Time": 144.072,
      "Actual Rows": 1,
      "Actual Loops": 1,
      "Plans": [
        {
          "Node Type": "Gather",
          "Parent Relationship": "Outer",
          "Parallel Aware": false,
          "Startup Cost": 45086.7,
          "Total Cost": 45087.01,
          "Plan Rows": 3,
          "Plan Width": 8,
          "Actual Startup Time": 134.711,
          "Actual Total Time": 144.065,
          "Actual Rows": 4,
          "Actual Loops": 1,
          "Workers Planned": 3,
          "Workers Launched": 3,
          "Single Copy": false,
          "Plans": [
            {
              "Node Type": "Aggregate",
              "Strategy": "Plain",
              "Partial Mode": "Partial",
              "Parent Relationship": "Outer",
              "Parallel Aware": false,
              "Startup Cost": 44086.7,
              "Total Cost": 44086.71,
              "Plan Rows": 1,
              "Plan Width": 8,
              "Actual Startup Time": 129.177,
              "Actual Total Time": 129.178,
              "Actual Rows": 1,
              "Actual Loops": 4,
              "Plans": [
                {
                  "Node Type": "Seq Scan",
                  "Parent Relationship": "Outer",
                  "Parallel Aware": true,
                  "Relation Name": "movie_keyword",
                  "Alias": "mk",
                  "Startup Cost": 0.0,
                  "Total Cost": 42695.65,
                  "Plan Rows": 556417,
                  "Plan Width": 0,
                  "Actual Startup Time": 0.786,
                  "Actual Total Time": 108.742,
                  "Actual Rows": 433377,
                  "Actual Loops": 4,
                  "Filter": "(keyword_id > 8149)",
                  "Rows Removed by Filter": 697606
                }
              ]
            }
          ]
        }
      ]
    },
    "Planning Time": 0.243,
    "Triggers": [],
    "Execution Time": 144.115
  }
]