[
    {
        "Bao": {
            "Bao prediction": 1188.203,
            "Bao recommended hint": "SET enable_nestloop TO off; SET enable_mergejoin TO off; SET enable_indexscan TO off; "
        }
    },
    {
        "Plan": {
            "Node Type": "Aggregate",
            "Strategy": "Plain",
            "Partial Mode": "Finalize",
            "Parallel Aware": false,
            "Startup Cost": 526350.79,
            "Total Cost": 526350.8,
            "Plan Rows": 1,
            "Plan Width": 8,
            "Actual Startup Time": 1054.451,
            "Actual Total Time": 1078.834,
            "Actual Rows": 1,
            "Actual Loops": 1,
            "Output": [
                "count(*)"
            ],
            "Plans": [
                {
                    "Node Type": "Gather",
                    "Parent Relationship": "Outer",
                    "Parallel Aware": false,
                    "Startup Cost": 526350.27,
                    "Total Cost": 526350.78,
                    "Plan Rows": 5,
                    "Plan Width": 8,
                    "Actual Startup Time": 1036.449,
                    "Actual Total Time": 1078.821,
                    "Actual Rows": 6,
                    "Actual Loops": 1,
                    "Output": [
                        "(PARTIAL count(*))"
                    ],
                    "Workers Planned": 5,
                    "Workers Launched": 5,
                    "Single Copy": false,
                    "Plans": [
                        {
                            "Node Type": "Aggregate",
                            "Strategy": "Plain",
                            "Partial Mode": "Partial",
                            "Parent Relationship": "Outer",
                            "Parallel Aware": false,
                            "Startup Cost": 525350.27,
                            "Total Cost": 525350.28,
                            "Plan Rows": 1,
                            "Plan Width": 8,
                            "Actual Startup Time": 1014.189,
                            "Actual Total Time": 1014.195,
                            "Actual Rows": 1,
                            "Actual Loops": 6,
                            "Output": [
                                "PARTIAL count(*)"
                            ],
                            "Workers": [
                                {
                                    "Worker Number": 0,
                                    "Actual Startup Time": 1009.862,
                                    "Actual Total Time": 1009.866,
                                    "Actual Rows": 1,
                                    "Actual Loops": 1
                                },
                                {
                                    "Worker Number": 1,
                                    "Actual Startup Time": 1010.071,
                                    "Actual Total Time": 1010.076,
                                    "Actual Rows": 1,
                                    "Actual Loops": 1
                                },
                                {
                                    "Worker Number": 2,
                                    "Actual Startup Time": 1009.888,
                                    "Actual Total Time": 1009.893,
                                    "Actual Rows": 1,
                                    "Actual Loops": 1
                                },
                                {
                                    "Worker Number": 3,
                                    "Actual Startup Time": 1009.883,
                                    "Actual Total Time": 1009.889,
                                    "Actual Rows": 1,
                                    "Actual Loops": 1
                                },
                                {
                                    "Worker Number": 4,
                                    "Actual Startup Time": 1009.993,
                                    "Actual Total Time": 1009.998,
                                    "Actual Rows": 1,
                                    "Actual Loops": 1
                                }
                            ],
                            "Plans": [
                                {
                                    "Node Type": "Hash Join",
                                    "Parent Relationship": "Outer",
                                    "Parallel Aware": true,
                                    "Join Type": "Inner",
                                    "Startup Cost": 322481.32,
                                    "Total Cost": 525183.92,
                                    "Plan Rows": 66540,
                                    "Plan Width": 0,
                                    "Actual Startup Time": 322.021,
                                    "Actual Total Time": 990.562,
                                    "Actual Rows": 419497,
                                    "Actual Loops": 6,
                                    "Inner Unique": false,
                                    "Hash Cond": "(mi.movie_id = t.id)",
                                    "Workers": [
                                        {
                                            "Worker Number": 0,
                                            "Actual Startup Time": 317.664,
                                            "Actual Total Time": 985.949,
                                            "Actual Rows": 327043,
                                            "Actual Loops": 1
                                        },
                                        {
                                            "Worker Number": 1,
                                            "Actual Startup Time": 317.678,
                                            "Actual Total Time": 985.91,
                                            "Actual Rows": 331104,
                                            "Actual Loops": 1
                                        },
                                        {
                                            "Worker Number": 2,
                                            "Actual Startup Time": 317.824,
                                            "Actual Total Time": 986.883,
                                            "Actual Rows": 487748,
                                            "Actual Loops": 1
                                        },
                                        {
                                            "Worker Number": 3,
                                            "Actual Startup Time": 317.707,
                                            "Actual Total Time": 986.494,
                                            "Actual Rows": 495981,
                                            "Actual Loops": 1
                                        },
                                        {
                                            "Worker Number": 4,
                                            "Actual Startup Time": 317.792,
                                            "Actual Total Time": 987.057,
                                            "Actual Rows": 485590,
                                            "Actual Loops": 1
                                        }
                                    ],
                                    "Plans": [
                                        {
                                            "Node Type": "Seq Scan",
                                            "Parent Relationship": "Outer",
                                            "Parallel Aware": true,
                                            "Relation Name": "movie_info",
                                            "Schema": "public",
                                            "Alias": "mi",
                                            "Startup Cost": 0.0,
                                            "Total Cost": 191503.19,
                                            "Plan Rows": 2951019,
                                            "Plan Width": 4,
                                            "Actual Startup Time": 0.025,
                                            "Actual Total Time": 282.961,
                                            "Actual Rows": 2472620,
                                            "Actual Loops": 6,
                                            "Output": [
                                                "mi.id",
                                                "mi.movie_id",
                                                "mi.info_type_id",
                                                "mi.info",
                                                "mi.note"
                                            ],
                                            "Workers": [
                                                {
                                                    "Worker Number": 0,
                                                    "Actual Startup Time": 0.031,
                                                    "Actual Total Time": 293.675,
                                                    "Actual Rows": 1947995,
                                                    "Actual Loops": 1
                                                },
                                                {
                                                    "Worker Number": 1,
                                                    "Actual Startup Time": 0.033,
                                                    "Actual Total Time": 293.646,
                                                    "Actual Rows": 1954045,
                                                    "Actual Loops": 1
                                                },
                                                {
                                                    "Worker Number": 2,
                                                    "Actual Startup Time": 0.026,
                                                    "Actual Total Time": 281.492,
                                                    "Actual Rows": 2861457,
                                                    "Actual Loops": 1
                                                },
                                                {
                                                    "Worker Number": 3,
                                                    "Actual Startup Time": 0.026,
                                                    "Actual Total Time": 284.39,
                                                    "Actual Rows": 2917396,
                                                    "Actual Loops": 1
                                                },
                                                {
                                                    "Worker Number": 4,
                                                    "Actual Startup Time": 0.025,
                                                    "Actual Total Time": 283.969,
                                                    "Actual Rows": 2890964,
                                                    "Actual Loops": 1
                                                }
                                            ]
                                        },
                                        {
                                            "Node Type": "Hash",
                                            "Parent Relationship": "Inner",
                                            "Parallel Aware": true,
                                            "Startup Cost": 322338.8,
                                            "Total Cost": 322338.8,
                                            "Plan Rows": 11402,
                                            "Plan Width": 8,
                                            "Actual Startup Time": 320.393,
                                            "Actual Total Time": 320.397,
                                            "Actual Rows": 33811,
                                            "Actual Loops": 6,
                                            "Output": [
                                                "t.id",
                                                "ci.movie_id"
                                            ],
                                            "Hash Buckets": 262144,
                                            "Original Hash Buckets": 65536,
                                            "Hash Batches": 1,
                                            "Original Hash Batches": 1,
                                            "Peak Memory Usage": 11616,
                                            "Workers": [
                                                {
                                                    "Worker Number": 0,
                                                    "Actual Startup Time": 316.803,
                                                    "Actual Total Time": 316.806,
                                                    "Actual Rows": 29626,
                                                    "Actual Loops": 1
                                                },
                                                {
                                                    "Worker Number": 1,
                                                    "Actual Startup Time": 316.763,
                                                    "Actual Total Time": 316.766,
                                                    "Actual Rows": 29687,
                                                    "Actual Loops": 1
                                                },
                                                {
                                                    "Worker Number": 2,
                                                    "Actual Startup Time": 316.827,
                                                    "Actual Total Time": 316.83,
                                                    "Actual Rows": 38442,
                                                    "Actual Loops": 1
                                                },
                                                {
                                                    "Worker Number": 3,
                                                    "Actual Startup Time": 316.812,
                                                    "Actual Total Time": 316.817,
                                                    "Actual Rows": 39927,
                                                    "Actual Loops": 1
                                                },
                                                {
                                                    "Worker Number": 4,
                                                    "Actual Startup Time": 316.845,
                                                    "Actual Total Time": 316.849,
                                                    "Actual Rows": 37867,
                                                    "Actual Loops": 1
                                                }
                                            ],
                                            "Plans": [
                                                {
                                                    "Node Type": "Hash Join",
                                                    "Parent Relationship": "Outer",
                                                    "Parallel Aware": true,
                                                    "Join Type": "Inner",
                                                    "Startup Cost": 55658.54,
                                                    "Total Cost": 322338.8,
                                                    "Plan Rows": 11402,
                                                    "Plan Width": 8,
                                                    "Actual Startup Time": 270.844,
                                                    "Actual Total Time": 300.236,
                                                    "Actual Rows": 33811,
                                                    "Actual Loops": 6,
                                                    "Output": [
                                                        "t.id",
                                                        "ci.movie_id"
                                                    ],
                                                    "Inner Unique": true,
                                                    "Hash Cond": "(ci.movie_id = t.id)",
                                                    "Workers": [
                                                        {
                                                            "Worker Number": 0,
                                                            "Actual Startup Time": 267.274,
                                                            "Actual Total Time": 296.412,
                                                            "Actual Rows": 29626,
                                                            "Actual Loops": 1
                                                        },
                                                        {
                                                            "Worker Number": 1,
                                                            "Actual Startup Time": 267.262,
                                                            "Actual Total Time": 296.242,
                                                            "Actual Rows": 29687,
                                                            "Actual Loops": 1
                                                        },
                                                        {
                                                            "Worker Number": 2,
                                                            "Actual Startup Time": 267.238,
                                                            "Actual Total Time": 296.592,
                                                            "Actual Rows": 38442,
                                                            "Actual Loops": 1
                                                        },
                                                        {
                                                            "Worker Number": 3,
                                                            "Actual Startup Time": 267.108,
                                                            "Actual Total Time": 295.921,
                                                            "Actual Rows": 39927,
                                                            "Actual Loops": 1
                                                        },
                                                        {
                                                            "Worker Number": 4,
                                                            "Actual Startup Time": 267.293,
                                                            "Actual Total Time": 296.656,
                                                            "Actual Rows": 37867,
                                                            "Actual Loops": 1
                                                        }
                                                    ],
                                                    "Plans": [
                                                        {
                                                            "Node Type": "Bitmap Heap Scan",
                                                            "Parent Relationship": "Outer",
                                                            "Parallel Aware": true,
                                                            "Relation Name": "cast_info",
                                                            "Schema": "public",
                                                            "Alias": "ci",
                                                            "Startup Cost": 5438.74,
                                                            "Total Cost": 272089.06,
                                                            "Plan Rows": 11402,
                                                            "Plan Width": 4,
                                                            "Actual Startup Time": 9.302,
                                                            "Actual Total Time": 16.252,
                                                            "Actual Rows": 33811,
                                                            "Actual Loops": 6,
                                                            "Output": [
                                                                "ci.id",
                                                                "ci.person_id",
                                                                "ci.movie_id",
                                                                "ci.person_role_id",
                                                                "ci.note",
                                                                "ci.nr_order",
                                                                "ci.role_id"
                                                            ],
                                                            "Recheck Cond": "(ci.role_id = 7)",
                                                            "Rows Removed by Index Recheck": 0,
                                                            "Filter": "(ci.person_id > 2989538)",
                                                            "Rows Removed by Filter": 12256,
                                                            "Exact Heap Blocks": 214,
                                                            "Lossy Heap Blocks": 0,
                                                            "Workers": [
                                                                {
                                                                    "Worker Number": 0,
                                                                    "Actual Startup Time": 9.347,
                                                                    "Actual Total Time": 16.786,
                                                                    "Actual Rows": 29626,
                                                                    "Actual Loops": 1
                                                                },
                                                                {
                                                                    "Worker Number": 1,
                                                                    "Actual Startup Time": 9.36,
                                                                    "Actual Total Time": 16.658,
                                                                    "Actual Rows": 29687,
                                                                    "Actual Loops": 1
                                                                },
                                                                {
                                                                    "Worker Number": 2,
                                                                    "Actual Startup Time": 9.314,
                                                                    "Actual Total Time": 16.208,
                                                                    "Actual Rows": 38442,
                                                                    "Actual Loops": 1
                                                                },
                                                                {
                                                                    "Worker Number": 3,
                                                                    "Actual Startup Time": 9.207,
                                                                    "Actual Total Time": 16.035,
                                                                    "Actual Rows": 39927,
                                                                    "Actual Loops": 1
                                                                },
                                                                {
                                                                    "Worker Number": 4,
                                                                    "Actual Startup Time": 9.313,
                                                                    "Actual Total Time": 16.266,
                                                                    "Actual Rows": 37867,
                                                                    "Actual Loops": 1
                                                                }
                                                            ],
                                                            "Plans": [
                                                                {
                                                                    "Node Type": "Bitmap Index Scan",
                                                                    "Parent Relationship": "Outer",
                                                                    "Parallel Aware": false,
                                                                    "Index Name": "role_id_cast_info",
                                                                    "Startup Cost": 0.0,
                                                                    "Total Cost": 5424.49,
                                                                    "Plan Rows": 304523,
                                                                    "Plan Width": 0,
                                                                    "Actual Startup Time": 8.987,
                                                                    "Actual Total Time": 8.988,
                                                                    "Actual Rows": 276403,
                                                                    "Actual Loops": 1,
                                                                    "Index Cond": "(ci.role_id = 7)",
                                                                    "Workers": [
                                                                        {
                                                                            "Worker Number": 3,
                                                                            "Actual Startup Time": 8.987,
                                                                            "Actual Total Time": 8.988,
                                                                            "Actual Rows": 276403,
                                                                            "Actual Loops": 1
                                                                        }
                                                                    ]
                                                                }
                                                            ]
                                                        },
                                                        {
                                                            "Node Type": "Hash",
                                                            "Parent Relationship": "Inner",
                                                            "Parallel Aware": true,
                                                            "Startup Cost": 42318.81,
                                                            "Total Cost": 42318.81,
                                                            "Plan Rows": 632080,
                                                            "Plan Width": 4,
                                                            "Actual Startup Time": 254.439,
                                                            "Actual Total Time": 254.44,
                                                            "Actual Rows": 421385,
                                                            "Actual Loops": 6,
                                                            "Output": [
                                                                "t.id"
                                                            ],
                                                            "Hash Buckets": 4194304,
                                                            "Original Hash Buckets": 4194304,
                                                            "Hash Batches": 1,
                                                            "Original Hash Batches": 1,
                                                            "Peak Memory Usage": 131808,
                                                            "Workers": [
                                                                {
                                                                    "Worker Number": 0,
                                                                    "Actual Startup Time": 257.809,
                                                                    "Actual Total Time": 257.81,
                                                                    "Actual Rows": 350286,
                                                                    "Actual Loops": 1
                                                                },
                                                                {
                                                                    "Worker Number": 1,
                                                                    "Actual Startup Time": 257.805,
                                                                    "Actual Total Time": 257.806,
                                                                    "Actual Rows": 354382,
                                                                    "Actual Loops": 1
                                                                },
                                                                {
                                                                    "Worker Number": 2,
                                                                    "Actual Startup Time": 257.858,
                                                                    "Actual Total Time": 257.859,
                                                                    "Actual Rows": 468213,
                                                                    "Actual Loops": 1
                                                                },
                                                                {
                                                                    "Worker Number": 3,
                                                                    "Actual Startup Time": 257.851,
                                                                    "Actual Total Time": 257.852,
                                                                    "Actual Rows": 469807,
                                                                    "Actual Loops": 1
                                                                },
                                                                {
                                                                    "Worker Number": 4,
                                                                    "Actual Startup Time": 257.868,
                                                                    "Actual Total Time": 257.869,
                                                                    "Actual Rows": 463183,
                                                                    "Actual Loops": 1
                                                                }
                                                            ],
                                                            "Plans": [
                                                                {
                                                                    "Node Type": "Seq Scan",
                                                                    "Parent Relationship": "Outer",
                                                                    "Parallel Aware": true,
                                                                    "Relation Name": "title",
                                                                    "Schema": "public",
                                                                    "Alias": "t",
                                                                    "Startup Cost": 0.0,
                                                                    "Total Cost": 42318.81,
                                                                    "Plan Rows": 632080,
                                                                    "Plan Width": 4,
                                                                    "Actual Startup Time": 0.029,
                                                                    "Actual Total Time": 73.99,
                                                                    "Actual Rows": 421385,
                                                                    "Actual Loops": 6,
                                                                    "Output": [
                                                                        "t.id"
                                                                    ],
                                                                    "Workers": [
                                                                        {
                                                                            "Worker Number": 0,
                                                                            "Actual Startup Time": 0.022,
                                                                            "Actual Total Time": 79.26,
                                                                            "Actual Rows": 350286,
                                                                            "Actual Loops": 1
                                                                        },
                                                                        {
                                                                            "Worker Number": 1,
                                                                            "Actual Startup Time": 0.047,
                                                                            "Actual Total Time": 80.017,
                                                                            "Actual Rows": 354382,
                                                                            "Actual Loops": 1
                                                                        },
                                                                        {
                                                                            "Worker Number": 2,
                                                                            "Actual Startup Time": 0.034,
                                                                            "Actual Total Time": 72.803,
                                                                            "Actual Rows": 468213,
                                                                            "Actual Loops": 1
                                                                        },
                                                                        {
                                                                            "Worker Number": 3,
                                                                            "Actual Startup Time": 0.034,
                                                                            "Actual Total Time": 73.183,
                                                                            "Actual Rows": 469807,
                                                                            "Actual Loops": 1
                                                                        },
                                                                        {
                                                                            "Worker Number": 4,
                                                                            "Actual Startup Time": 0.022,
                                                                            "Actual Total Time": 73.132,
                                                                            "Actual Rows": 463183,
                                                                            "Actual Loops": 1
                                                                        }
                                                                    ]
                                                                }
                                                            ]
                                                        }
                                                    ]
                                                }
                                            ]
                                        }
                                    ]
                                }
                            ]
                        }
                    ]
                }
            ]
        },
        "Planning Time": 315.769,
        "Triggers": [],
        "Execution Time": 1079.052
    }
]