[
  {
    "Plan": {
      "Node Type": "Aggregate",
      "Strategy": "Plain",
      "Partial Mode": "Finalize",
      "Parallel Aware": false,
      "Startup Cost": 303581.48,
      "Total Cost": 303581.49,
      "Plan Rows": 1,
      "Plan Width": 8,
      "Actual Startup Time": 1053.099,
      "Actual Total Time": 1093.139,
      "Actual Rows": 1,
      "Actual Loops": 1,
      "Plans": [
        {
          "Node Type": "Gather",
          "Parent Relationship": "Outer",
          "Parallel Aware": false,
          "Startup Cost": 303581.16,
          "Total Cost": 303581.47,
          "Plan Rows": 3,
          "Plan Width": 8,
          "Actual Startup Time": 1048.558,
          "Actual Total Time": 1093.131,
          "Actual Rows": 4,
          "Actual Loops": 1,
          "Workers Planned": 3,
          "Workers Launched": 3,
          "Single Copy": false,
          "Plans": [
            {
              "Node Type": "Aggregate",
              "Strategy": "Plain",
              "Partial Mode": "Partial",
              "Parent Relationship": "Outer",
              "Parallel Aware": false,
              "Startup Cost": 302581.16,
              "Total Cost": 302581.17,
              "Plan Rows": 1,
              "Plan Width": 8,
              "Actual Startup Time": 1041.479,
              "Actual Total Time": 1041.487,
              "Actual Rows": 1,
              "Actual Loops": 4,
              "Plans": [
                {
                  "Node Type": "Hash Join",
                  "Parent Relationship": "Outer",
                  "Parallel Aware": true,
                  "Join Type": "Inner",
                  "Startup Cost": 256451.17,
                  "Total Cost": 301615.06,
                  "Plan Rows": 386441,
                  "Plan Width": 0,
                  "Actual Startup Time": 654.44,
                  "Actual Total Time": 967.275,
                  "Actual Rows": 1859845,
                  "Actual Loops": 4,
                  "Inner Unique": false,
                  "Hash Cond": "(mk.movie_id = t.id)",
                  "Plans": [
                    {
                      "Node Type": "Seq Scan",
                      "Parent Relationship": "Outer",
                      "Parallel Aware": true,
                      "Relation Name": "movie_keyword",
                      "Alias": "mk",
                      "Startup Cost": 0.0,
                      "Total Cost": 39047.32,
                      "Plan Rows": 1459332,
                      "Plan Width": 4,
                      "Actual Startup Time": 0.025,
                      "Actual Total Time": 82.83,
                      "Actual Rows": 1130982,
                      "Actual Loops": 4
                    },
                    {
                      "Node Type": "Hash",
                      "Parent Relationship": "Inner",
                      "Parallel Aware": true,
                      "Startup Cost": 255056.29,
                      "Total Cost": 255056.29,
                      "Plan Rows": 111591,
                      "Plan Width": 8,
                      "Actual Startup Time": 651.358,
                      "Actual Total Time": 651.365,
                      "Actual Rows": 107948,
                      "Actual Loops": 4,
                      "Hash Buckets": 1048576,
                      "Original Hash Buckets": 1048576,
                      "Hash Batches": 1,
                      "Original Hash Batches": 1,
                      "Peak Memory Usage": 25152,
                      "Plans": [
                        {
                          "Node Type": "Hash Join",
                          "Parent Relationship": "Outer",
                          "Parallel Aware": true,
                          "Join Type": "Inner",
                          "Startup Cost": 47371.75,
                          "Total Cost": 255056.29,
                          "Plan Rows": 111591,
                          "Plan Width": 8,
                          "Actual Startup Time": 169.303,
                          "Actual Total Time": 608.923,
                          "Actual Rows": 107948,
                          "Actual Loops": 4,
                          "Inner Unique": true,
                          "Hash Cond": "(ci.movie_id = t.id)",
                          "Plans": [
                            {
                              "Node Type": "Index Scan",
                              "Parent Relationship": "Outer",
                              "Parallel Aware": true,
                              "Scan Direction": "Forward",
                              "Index Name": "role_id_cast_info",
                              "Relation Name": "cast_info",
                              "Alias": "ci",
                              "Startup Cost": 0.56,
                              "Total Cost": 206461.54,
                              "Plan Rows": 466119,
                              "Plan Width": 4,
                              "Actual Startup Time": 0.222,
                              "Actual Total Time": 318.803,
                              "Actual Rows": 337606,
                              "Actual Loops": 4,
                              "Index Cond": "(role_id > 6)",
                              "Rows Removed by Index Recheck": 0,
                              "Filter": "(person_id < 1310980)",
                              "Rows Removed by Filter": 1590554
                            },
                            {
                              "Node Type": "Hash",
                              "Parent Relationship": "Inner",
                              "Parallel Aware": true,
                              "Startup Cost": 45479.59,
                              "Total Cost": 45479.59,
                              "Plan Rows": 151328,
                              "Plan Width": 4,
                              "Actual Startup Time": 167.115,
                              "Actual Total Time": 167.118,
                              "Actual Rows": 168922,
                              "Actual Loops": 4,
                              "Hash Buckets": 1048576,
                              "Original Hash Buckets": 1048576,
                              "Hash Batches": 1,
                              "Original Hash Batches": 1,
                              "Peak Memory Usage": 34688,
                              "Plans": [
                                {
                                  "Node Type": "Seq Scan",
                                  "Parent Relationship": "Outer",
                                  "Parallel Aware": true,
                                  "Relation Name": "title",
                                  "Alias": "t",
                                  "Startup Cost": 0.0,
                                  "Total Cost": 45479.59,
                                  "Plan Rows": 151328,
                                  "Plan Width": 4,
                                  "Actual Startup Time": 0.042,
                                  "Actual Total Time": 103.46,
                                  "Actual Rows": 168922,
                                  "Actual Loops": 4,
                                  "Filter": "((kind_id < 7) AND (production_year < 2007))",
                                  "Rows Removed by Filter": 463156
                                }
                              ]
                            }
                          ]
                        }
                      ]
                    }
                  ]
                }
              ]
            }
          ]
        }
      ]
    },
    "Planning Time": 0.511,
    "Triggers": [],
    "Execution Time": 1093.202
  }
]