[
  {
    "Plan": {
      "Node Type": "Aggregate",
      "Strategy": "Plain",
      "Partial Mode": "Finalize",
      "Parallel Aware": false,
      "Startup Cost": 9735.07,
      "Total Cost": 9735.08,
      "Plan Rows": 1,
      "Plan Width": 8,
      "Actual Startup Time": 37.688,
      "Actual Total Time": 40.339,
      "Actual Rows": 1,
      "Actual Loops": 1,
      "Plans": [
        {
          "Node Type": "Gather",
          "Parent Relationship": "Outer",
          "Parallel Aware": false,
          "Startup Cost": 9734.75,
          "Total Cost": 9735.06,
          "Plan Rows": 3,
          "Plan Width": 8,
          "Actual Startup Time": 37.629,
          "Actual Total Time": 40.327,
          "Actual Rows": 4,
          "Actual Loops": 1,
          "Workers Planned": 3,
          "Workers Launched": 3,
          "Single Copy": false,
          "Plans": [
            {
              "Node Type": "Aggregate",
              "Strategy": "Plain",
              "Partial Mode": "Partial",
              "Parent Relationship": "Outer",
              "Parallel Aware": false,
              "Startup Cost": 8734.75,
              "Total Cost": 8734.76,
              "Plan Rows": 1,
              "Plan Width": 8,
              "Actual Startup Time": 29.858,
              "Actual Total Time": 29.859,
              "Actual Rows": 1,
              "Actual Loops": 4,
              "Plans": [
                {
                  "Node Type": "Index Scan",
                  "Parent Relationship": "Outer",
                  "Parallel Aware": true,
                  "Scan Direction": "Forward",
                  "Index Name": "role_id_cast_info",
                  "Relation Name": "cast_info",
                  "Alias": "ci",
                  "Startup Cost": 0.56,
                  "Total Cost": 8600.37,
                  "Plan Rows": 53751,
                  "Plan Width": 0,
                  "Actual Startup Time": 0.143,
                  "Actual Total Time": 27.947,
                  "Actual Rows": 18810,
                  "Actual Loops": 4,
                  "Index Cond": "(role_id > 10)",
                  "Rows Removed by Index Recheck": 0,
                  "Filter": "(person_id < 2038216)",
                  "Rows Removed by Filter": 60219
                }
              ]
            }
          ]
        }
      ]
    },
    "Planning Time": 0.238,
    "Triggers": [],
    "Execution Time": 40.401
  }
]