[
  {
    "Plan": {
      "Node Type": "Aggregate",
      "Strategy": "Plain",
      "Partial Mode": "Simple",
      "Parallel Aware": false,
      "Startup Cost": 1265.1,
      "Total Cost": 1265.11,
      "Plan Rows": 1,
      "Plan Width": 8,
      "Actual Startup Time": 0.901,
      "Actual Total Time": 0.903,
      "Actual Rows": 1,
      "Actual Loops": 1,
      "Plans": [
        {
          "Node Type": "Nested Loop",
          "Parent Relationship": "Outer",
          "Parallel Aware": false,
          "Join Type": "Inner",
          "Startup Cost": 1.42,
          "Total Cost": 1264.8,
          "Plan Rows": 121,
          "Plan Width": 0,
          "Actual Startup Time": 0.21,
          "Actual Total Time": 0.893,
          "Actual Rows": 12,
          "Actual Loops": 1,
          "Inner Unique": false,
          "Plans": [
            {
              "Node Type": "Nested Loop",
              "Parent Relationship": "Outer",
              "Parallel Aware": false,
              "Join Type": "Inner",
              "Startup Cost": 0.86,
              "Total Cost": 1143.92,
              "Plan Rows": 40,
              "Plan Width": 8,
              "Actual Startup Time": 0.136,
              "Actual Total Time": 0.387,
              "Actual Rows": 11,
              "Actual Loops": 1,
              "Inner Unique": true,
              "Plans": [
                {
                  "Node Type": "Index Scan",
                  "Parent Relationship": "Outer",
                  "Parallel Aware": false,
                  "Scan Direction": "Forward",
                  "Index Name": "company_id_movie_companies",
                  "Relation Name": "movie_companies",
                  "Alias": "mc",
                  "Startup Cost": 0.43,
                  "Total Cost": 273.57,
                  "Plan Rows": 103,
                  "Plan Width": 4,
                  "Actual Startup Time": 0.092,
                  "Actual Total Time": 0.121,
                  "Actual Rows": 11,
                  "Actual Loops": 1,
                  "Index Cond": "(company_id = 78422)",
                  "Rows Removed by Index Recheck": 0
                },
                {
                  "Node Type": "Index Scan",
                  "Parent Relationship": "Inner",
                  "Parallel Aware": false,
                  "Scan Direction": "Forward",
                  "Index Name": "title_pkey",
                  "Relation Name": "title",
                  "Alias": "t",
                  "Startup Cost": 0.43,
                  "Total Cost": 8.45,
                  "Plan Rows": 1,
                  "Plan Width": 4,
                  "Actual Startup Time": 0.022,
                  "Actual Total Time": 0.022,
                  "Actual Rows": 1,
                  "Actual Loops": 11,
                  "Index Cond": "(id = mc.movie_id)",
                  "Rows Removed by Index Recheck": 0,
                  "Filter": "(kind_id < 7)",
                  "Rows Removed by Filter": 0
                }
              ]
            },
            {
              "Node Type": "Index Scan",
              "Parent Relationship": "Inner",
              "Parallel Aware": false,
              "Scan Direction": "Forward",
              "Index Name": "movie_id_cast_info",
              "Relation Name": "cast_info",
              "Alias": "ci",
              "Startup Cost": 0.56,
              "Total Cost": 2.94,
              "Plan Rows": 8,
              "Plan Width": 4,
              "Actual Startup Time": 0.038,
              "Actual Total Time": 0.045,
              "Actual Rows": 1,
              "Actual Loops": 11,
              "Index Cond": "(movie_id = t.id)",
              "Rows Removed by Index Recheck": 0,
              "Filter": "((person_id > 2796924) AND (role_id < 9))",
              "Rows Removed by Filter": 7
            }
          ]
        }
      ]
    },
    "Planning Time": 1.509,
    "Triggers": [],
    "Execution Time": 0.974
  }
]