[
  {
    "Plan": {
      "Node Type": "Aggregate",
      "Strategy": "Plain",
      "Partial Mode": "Finalize",
      "Parallel Aware": false,
      "Startup Cost": 208407.44,
      "Total Cost": 208407.45,
      "Plan Rows": 1,
      "Plan Width": 64,
      "Actual Startup Time": 2596.645,
      "Actual Total Time": 2670.653,
      "Actual Rows": 1,
      "Actual Loops": 1,
      "Plans": [
        {
          "Node Type": "Gather",
          "Parent Relationship": "Outer",
          "Parallel Aware": false,
          "Startup Cost": 208407.12,
          "Total Cost": 208407.43,
          "Plan Rows": 3,
          "Plan Width": 64,
          "Actual Startup Time": 2593.162,
          "Actual Total Time": 2670.639,
          "Actual Rows": 4,
          "Actual Loops": 1,
          "Workers Planned": 3,
          "Workers Launched": 3,
          "Single Copy": false,
          "Plans": [
            {
              "Node Type": "Aggregate",
              "Strategy": "Plain",
              "Partial Mode": "Partial",
              "Parent Relationship": "Outer",
              "Parallel Aware": false,
              "Startup Cost": 207407.12,
              "Total Cost": 207407.13,
              "Plan Rows": 1,
              "Plan Width": 64,
              "Actual Startup Time": 2583.154,
              "Actual Total Time": 2583.42,
              "Actual Rows": 1,
              "Actual Loops": 4,
              "Plans": [
                {
                  "Node Type": "Hash Join",
                  "Parent Relationship": "Outer",
                  "Parallel Aware": true,
                  "Join Type": "Inner",
                  "Startup Cost": 190615.51,
                  "Total Cost": 206086.21,
                  "Plan Rows": 264181,
                  "Plan Width": 33,
                  "Actual Startup Time": 2469.059,
                  "Actual Total Time": 2570.788,
                  "Actual Rows": 144438,
                  "Actual Loops": 4,
                  "Inner Unique": false,
                  "Hash Cond": "(an1.person_id = n1.id)",
                  "Plans": [
                    {
                      "Node Type": "Seq Scan",
                      "Parent Relationship": "Outer",
                      "Parallel Aware": true,
                      "Relation Name": "aka_name",
                      "Alias": "an1",
                      "Startup Cost": 0.0,
                      "Total Cost": 14303.56,
                      "Plan Rows": 290756,
                      "Plan Width": 20,
                      "Actual Startup Time": 0.026,
                      "Actual Total Time": 26.956,
                      "Actual Rows": 225336,
                      "Actual Loops": 4
                    },
                    {
                      "Node Type": "Hash",
                      "Parent Relationship": "Inner",
                      "Parallel Aware": true,
                      "Startup Cost": 189239.26,
                      "Total Cost": 189239.26,
                      "Plan Rows": 110100,
                      "Plan Width": 25,
                      "Actual Startup Time": 2466.646,
                      "Actual Total Time": 2466.91,
                      "Actual Rows": 179998,
                      "Actual Loops": 4,
                      "Hash Buckets": 1048576,
                      "Original Hash Buckets": 524288,
                      "Hash Batches": 1,
                      "Original Hash Batches": 1,
                      "Peak Memory Usage": 55872,
                      "Plans": [
                        {
                          "Node Type": "Nested Loop",
                          "Parent Relationship": "Outer",
                          "Parallel Aware": false,
                          "Join Type": "Inner",
                          "Startup Cost": 4803.14,
                          "Total Cost": 189239.26,
                          "Plan Rows": 110100,
                          "Plan Width": 25,
                          "Actual Startup Time": 19.649,
                          "Actual Total Time": 2355.495,
                          "Actual Rows": 179998,
                          "Actual Loops": 4,
                          "Inner Unique": true,
                          "Plans": [
                            {
                              "Node Type": "Hash Join",
                              "Parent Relationship": "Outer",
                              "Parallel Aware": false,
                              "Join Type": "Inner",
                              "Startup Cost": 4802.71,
                              "Total Cost": 139111.54,
                              "Plan Rows": 110100,
                              "Plan Width": 21,
                              "Actual Startup Time": 19.524,
                              "Actual Total Time": 1749.169,
                              "Actual Rows": 179998,
                              "Actual Loops": 4,
                              "Inner Unique": true,
                              "Hash Cond": "(ci.role_id = rt.id)",
                              "Plans": [
                                {
                                  "Node Type": "Nested Loop",
                                  "Parent Relationship": "Outer",
                                  "Parallel Aware": false,
                                  "Join Type": "Inner",
                                  "Startup Cost": 4801.55,
                                  "Total Cost": 134417.36,
                                  "Plan Rows": 1321203,
                                  "Plan Width": 25,
                                  "Actual Startup Time": 18.96,
                                  "Actual Total Time": 1633.134,
                                  "Actual Rows": 935535,
                                  "Actual Loops": 4,
                                  "Inner Unique": false,
                                  "Plans": [
                                    {
                                      "Node Type": "Nested Loop",
                                      "Parent Relationship": "Outer",
                                      "Parallel Aware": false,
                                      "Join Type": "Inner",
                                      "Startup Cost": 4800.99,
                                      "Total Cost": 53749.11,
                                      "Plan Rows": 37818,
                                      "Plan Width": 25,
                                      "Actual Startup Time": 18.867,
                                      "Actual Total Time": 309.349,
                                      "Actual Rows": 31094,
                                      "Actual Loops": 4,
                                      "Inner Unique": true,
                                      "Plans": [
                                        {
                                          "Node Type": "Hash Join",
                                          "Parent Relationship": "Outer",
                                          "Parallel Aware": true,
                                          "Join Type": "Inner",
                                          "Startup Cost": 4800.56,
                                          "Total Cost": 34216.49,
                                          "Plan Rows": 37818,
                                          "Plan Width": 4,
                                          "Actual Startup Time": 18.765,
                                          "Actual Total Time": 190.231,
                                          "Actual Rows": 31094,
                                          "Actual Loops": 4,
                                          "Inner Unique": true,
                                          "Hash Cond": "(mc.company_id = cn.id)",
                                          "Plans": [
                                            {
                                              "Node Type": "Seq Scan",
                                              "Parent Relationship": "Outer",
                                              "Parallel Aware": true,
                                              "Relation Name": "movie_companies",
                                              "Alias": "mc",
                                              "Startup Cost": 0.0,
                                              "Total Cost": 27206.55,
                                              "Plan Rows": 841655,
                                              "Plan Width": 8,
                                              "Actual Startup Time": 0.021,
                                              "Actual Total Time": 71.171,
                                              "Actual Rows": 652282,
                                              "Actual Loops": 4
                                            },
                                            {
                                              "Node Type": "Hash",
                                              "Parent Relationship": "Inner",
                                              "Parallel Aware": true,
                                              "Startup Cost": 4722.92,
                                              "Total Cost": 4722.92,
                                              "Plan Rows": 6211,
                                              "Plan Width": 4,
                                              "Actual Startup Time": 18.541,
                                              "Actual Total Time": 18.542,
                                              "Actual Rows": 2598,
                                              "Actual Loops": 4,
                                              "Hash Buckets": 16384,
                                              "Original Hash Buckets": 16384,
                                              "Hash Batches": 1,
                                              "Original Hash Batches": 1,
                                              "Peak Memory Usage": 608,
                                              "Plans": [
                                                {
                                                  "Node Type": "Seq Scan",
                                                  "Parent Relationship": "Outer",
                                                  "Parallel Aware": true,
                                                  "Relation Name": "company_name",
                                                  "Alias": "cn",
                                                  "Startup Cost": 0.0,
                                                  "Total Cost": 4722.92,
                                                  "Plan Rows": 6211,
                                                  "Plan Width": 4,
                                                  "Actual Startup Time": 0.058,
                                                  "Actual Total Time": 17.056,
                                                  "Actual Rows": 2598,
                                                  "Actual Loops": 4,
                                                  "Filter": "((country_code)::text = '[fr]'::text)",
                                                  "Rows Removed by Filter": 56151
                                                }
                                              ]
                                            }
                                          ]
                                        },
                                        {
                                          "Node Type": "Index Scan",
                                          "Parent Relationship": "Inner",
                                          "Parallel Aware": false,
                                          "Scan Direction": "Forward",
                                          "Index Name": "title_pkey",
                                          "Relation Name": "title",
                                          "Alias": "t",
                                          "Startup Cost": 0.43,
                                          "Total Cost": 0.52,
                                          "Plan Rows": 1,
                                          "Plan Width": 21,
                                          "Actual Startup Time": 0.003,
                                          "Actual Total Time": 0.003,
                                          "Actual Rows": 1,
                                          "Actual Loops": 124376,
                                          "Index Cond": "(id = mc.movie_id)",
                                          "Rows Removed by Index Recheck": 0
                                        }
                                      ]
                                    },
                                    {
                                      "Node Type": "Index Scan",
                                      "Parent Relationship": "Inner",
                                      "Parallel Aware": false,
                                      "Scan Direction": "Forward",
                                      "Index Name": "movie_id_cast_info",
                                      "Relation Name": "cast_info",
                                      "Alias": "ci",
                                      "Startup Cost": 0.56,
                                      "Total Cost": 1.78,
                                      "Plan Rows": 35,
                                      "Plan Width": 12,
                                      "Actual Startup Time": 0.006,
                                      "Actual Total Time": 0.037,
                                      "Actual Rows": 30,
                                      "Actual Loops": 124376,
                                      "Index Cond": "(movie_id = t.id)",
                                      "Rows Removed by Index Recheck": 0
                                    }
                                  ]
                                },
                                {
                                  "Node Type": "Hash",
                                  "Parent Relationship": "Inner",
                                  "Parallel Aware": false,
                                  "Startup Cost": 1.15,
                                  "Total Cost": 1.15,
                                  "Plan Rows": 1,
                                  "Plan Width": 4,
                                  "Actual Startup Time": 0.085,
                                  "Actual Total Time": 0.086,
                                  "Actual Rows": 1,
                                  "Actual Loops": 4,
                                  "Hash Buckets": 1024,
                                  "Original Hash Buckets": 1024,
                                  "Hash Batches": 1,
                                  "Original Hash Batches": 1,
                                  "Peak Memory Usage": 9,
                                  "Plans": [
                                    {
                                      "Node Type": "Seq Scan",
                                      "Parent Relationship": "Outer",
                                      "Parallel Aware": false,
                                      "Relation Name": "role_type",
                                      "Alias": "rt",
                                      "Startup Cost": 0.0,
                                      "Total Cost": 1.15,
                                      "Plan Rows": 1,
                                      "Plan Width": 4,
                                      "Actual Startup Time": 0.062,
                                      "Actual Total Time": 0.067,
                                      "Actual Rows": 1,
                                      "Actual Loops": 4,
                                      "Filter": "((role)::text = 'actress'::text)",
                                      "Rows Removed by Filter": 11
                                    }
                                  ]
                                }
                              ]
                            },
                            {
                              "Node Type": "Index Only Scan",
                              "Parent Relationship": "Inner",
                              "Parallel Aware": false,
                              "Scan Direction": "Forward",
                              "Index Name": "name_pkey",
                              "Relation Name": "name",
                              "Alias": "n1",
                              "Startup Cost": 0.43,
                              "Total Cost": 0.46,
                              "Plan Rows": 1,
                              "Plan Width": 4,
                              "Actual Startup Time": 0.003,
                              "Actual Total Time": 0.003,
                              "Actual Rows": 1,
                              "Actual Loops": 719990,
                              "Index Cond": "(id = ci.person_id)",
                              "Rows Removed by Index Recheck": 0,
                              "Heap Fetches": 719990
                            }
                          ]
                        }
                      ]
                    }
                  ]
                }
              ]
            }
          ]
        }
      ]
    },
    "Planning Time": 11.778,
    "Triggers": [],
    "Execution Time": 2671.187
  }
]