[
    {
        "Bao": {
            "Bao prediction": "NaN",
            "Bao recommended hint": "(no hint)"
        }
    },
    {
        "Plan": {
            "Node Type": "Aggregate",
            "Strategy": "Plain",
            "Partial Mode": "Finalize",
            "Parallel Aware": false,
            "Startup Cost": 122076.13,
            "Total Cost": 122076.14,
            "Plan Rows": 1,
            "Plan Width": 8,
            "Actual Startup Time": 588.261,
            "Actual Total Time": 599.318,
            "Actual Rows": 1,
            "Actual Loops": 1,
            "Output": [
                "count(*)"
            ],
            "Plans": [
                {
                    "Node Type": "Gather",
                    "Parent Relationship": "Outer",
                    "Parallel Aware": false,
                    "Startup Cost": 122075.81,
                    "Total Cost": 122076.12,
                    "Plan Rows": 3,
                    "Plan Width": 8,
                    "Actual Startup Time": 585.433,
                    "Actual Total Time": 599.312,
                    "Actual Rows": 4,
                    "Actual Loops": 1,
                    "Output": [
                        "(PARTIAL count(*))"
                    ],
                    "Workers Planned": 3,
                    "Workers Launched": 3,
                    "Single Copy": false,
                    "Plans": [
                        {
                            "Node Type": "Aggregate",
                            "Strategy": "Plain",
                            "Partial Mode": "Partial",
                            "Parent Relationship": "Outer",
                            "Parallel Aware": false,
                            "Startup Cost": 121075.81,
                            "Total Cost": 121075.82,
                            "Plan Rows": 1,
                            "Plan Width": 8,
                            "Actual Startup Time": 576.154,
                            "Actual Total Time": 576.159,
                            "Actual Rows": 1,
                            "Actual Loops": 4,
                            "Output": [
                                "PARTIAL count(*)"
                            ],
                            "Workers": [
                                {
                                    "Worker Number": 0,
                                    "Actual Startup Time": 572.913,
                                    "Actual Total Time": 572.918,
                                    "Actual Rows": 1,
                                    "Actual Loops": 1
                                },
                                {
                                    "Worker Number": 1,
                                    "Actual Startup Time": 573.131,
                                    "Actual Total Time": 573.135,
                                    "Actual Rows": 1,
                                    "Actual Loops": 1
                                },
                                {
                                    "Worker Number": 2,
                                    "Actual Startup Time": 573.459,
                                    "Actual Total Time": 573.464,
                                    "Actual Rows": 1,
                                    "Actual Loops": 1
                                }
                            ],
                            "Plans": [
                                {
                                    "Node Type": "Hash Join",
                                    "Parent Relationship": "Outer",
                                    "Parallel Aware": true,
                                    "Join Type": "Inner",
                                    "Startup Cost": 75586.05,
                                    "Total Cost": 120590.84,
                                    "Plan Rows": 193989,
                                    "Plan Width": 0,
                                    "Actual Startup Time": 327.688,
                                    "Actual Total Time": 544.25,
                                    "Actual Rows": 704798,
                                    "Actual Loops": 4,
                                    "Inner Unique": false,
                                    "Hash Cond": "(mk.movie_id = t.id)",
                                    "Workers": [
                                        {
                                            "Worker Number": 0,
                                            "Actual Startup Time": 324.513,
                                            "Actual Total Time": 539.632,
                                            "Actual Rows": 491195,
                                            "Actual Loops": 1
                                        },
                                        {
                                            "Worker Number": 1,
                                            "Actual Startup Time": 324.778,
                                            "Actual Total Time": 542.181,
                                            "Actual Rows": 746015,
                                            "Actual Loops": 1
                                        },
                                        {
                                            "Worker Number": 2,
                                            "Actual Startup Time": 325.049,
                                            "Actual Total Time": 541.193,
                                            "Actual Rows": 761281,
                                            "Actual Loops": 1
                                        }
                                    ],
                                    "Plans": [
                                        {
                                            "Node Type": "Seq Scan",
                                            "Parent Relationship": "Outer",
                                            "Parallel Aware": true,
                                            "Relation Name": "movie_keyword",
                                            "Schema": "public",
                                            "Alias": "mk",
                                            "Startup Cost": 0.0,
                                            "Total Cost": 39047.32,
                                            "Plan Rows": 1459332,
                                            "Plan Width": 4,
                                            "Actual Startup Time": 0.017,
                                            "Actual Total Time": 90.006,
                                            "Actual Rows": 1130982,
                                            "Actual Loops": 4,
                                            "Output": [
                                                "mk.id",
                                                "mk.movie_id",
                                                "mk.keyword_id"
                                            ],
                                            "Workers": [
                                                {
                                                    "Worker Number": 0,
                                                    "Actual Startup Time": 0.023,
                                                    "Actual Total Time": 93.06,
                                                    "Actual Rows": 786065,
                                                    "Actual Loops": 1
                                                },
                                                {
                                                    "Worker Number": 1,
                                                    "Actual Startup Time": 0.017,
                                                    "Actual Total Time": 92.025,
                                                    "Actual Rows": 1196950,
                                                    "Actual Loops": 1
                                                },
                                                {
                                                    "Worker Number": 2,
                                                    "Actual Startup Time": 0.018,
                                                    "Actual Total Time": 91.823,
                                                    "Actual Rows": 1213970,
                                                    "Actual Loops": 1
                                                }
                                            ]
                                        },
                                        {
                                            "Node Type": "Hash",
                                            "Parent Relationship": "Inner",
                                            "Parallel Aware": true,
                                            "Startup Cost": 74535.77,
                                            "Total Cost": 74535.77,
                                            "Plan Rows": 84022,
                                            "Plan Width": 8,
                                            "Actual Startup Time": 294.197,
                                            "Actual Total Time": 294.201,
                                            "Actual Rows": 85454,
                                            "Actual Loops": 4,
                                            "Output": [
                                                "t.id",
                                                "mc.movie_id"
                                            ],
                                            "Hash Buckets": 524288,
                                            "Original Hash Buckets": 524288,
                                            "Hash Batches": 1,
                                            "Original Hash Batches": 1,
                                            "Peak Memory Usage": 17504,
                                            "Workers": [
                                                {
                                                    "Worker Number": 0,
                                                    "Actual Startup Time": 292.381,
                                                    "Actual Total Time": 292.385,
                                                    "Actual Rows": 64823,
                                                    "Actual Loops": 1
                                                },
                                                {
                                                    "Worker Number": 1,
                                                    "Actual Startup Time": 292.664,
                                                    "Actual Total Time": 292.668,
                                                    "Actual Rows": 82609,
                                                    "Actual Loops": 1
                                                },
                                                {
                                                    "Worker Number": 2,
                                                    "Actual Startup Time": 292.991,
                                                    "Actual Total Time": 292.995,
                                                    "Actual Rows": 91498,
                                                    "Actual Loops": 1
                                                }
                                            ],
                                            "Plans": [
                                                {
                                                    "Node Type": "Hash Join",
                                                    "Parent Relationship": "Outer",
                                                    "Parallel Aware": true,
                                                    "Join Type": "Inner",
                                                    "Startup Cost": 28785.53,
                                                    "Total Cost": 74535.77,
                                                    "Plan Rows": 84022,
                                                    "Plan Width": 8,
                                                    "Actual Startup Time": 90.976,
                                                    "Actual Total Time": 268.33,
                                                    "Actual Rows": 85454,
                                                    "Actual Loops": 4,
                                                    "Output": [
                                                        "t.id",
                                                        "mc.movie_id"
                                                    ],
                                                    "Inner Unique": false,
                                                    "Hash Cond": "(t.id = mc.movie_id)",
                                                    "Workers": [
                                                        {
                                                            "Worker Number": 0,
                                                            "Actual Startup Time": 118.33,
                                                            "Actual Total Time": 268.187,
                                                            "Actual Rows": 64823,
                                                            "Actual Loops": 1
                                                        },
                                                        {
                                                            "Worker Number": 1,
                                                            "Actual Startup Time": 83.257,
                                                            "Actual Total Time": 266.592,
                                                            "Actual Rows": 82609,
                                                            "Actual Loops": 1
                                                        },
                                                        {
                                                            "Worker Number": 2,
                                                            "Actual Startup Time": 79.738,
                                                            "Actual Total Time": 266.491,
                                                            "Actual Rows": 91498,
                                                            "Actual Loops": 1
                                                        }
                                                    ],
                                                    "Plans": [
                                                        {
                                                            "Node Type": "Seq Scan",
                                                            "Parent Relationship": "Outer",
                                                            "Parallel Aware": true,
                                                            "Relation Name": "title",
                                                            "Schema": "public",
                                                            "Alias": "t",
                                                            "Startup Cost": 0.0,
                                                            "Total Cost": 42318.81,
                                                            "Plan Rows": 632080,
                                                            "Plan Width": 4,
                                                            "Actual Startup Time": 0.01,
                                                            "Actual Total Time": 71.901,
                                                            "Actual Rows": 632078,
                                                            "Actual Loops": 4,
                                                            "Output": [
                                                                "t.id",
                                                                "t.title",
                                                                "t.imdb_index",
                                                                "t.kind_id",
                                                                "t.production_year",
                                                                "t.imdb_id",
                                                                "t.phonetic_code",
                                                                "t.episode_of_id",
                                                                "t.season_nr",
                                                                "t.episode_nr",
                                                                "t.series_years",
                                                                "t.md5sum"
                                                            ],
                                                            "Workers": [
                                                                {
                                                                    "Worker Number": 0,
                                                                    "Actual Startup Time": 0.014,
                                                                    "Actual Total Time": 79.304,
                                                                    "Actual Rows": 466997,
                                                                    "Actual Loops": 1
                                                                },
                                                                {
                                                                    "Worker Number": 1,
                                                                    "Actual Startup Time": 0.011,
                                                                    "Actual Total Time": 69.765,
                                                                    "Actual Rows": 594058,
                                                                    "Actual Loops": 1
                                                                },
                                                                {
                                                                    "Worker Number": 2,
                                                                    "Actual Startup Time": 0.007,
                                                                    "Actual Total Time": 74.174,
                                                                    "Actual Rows": 673641,
                                                                    "Actual Loops": 1
                                                                }
                                                            ]
                                                        },
                                                        {
                                                            "Node Type": "Hash",
                                                            "Parent Relationship": "Inner",
                                                            "Parallel Aware": true,
                                                            "Startup Cost": 27430.33,
                                                            "Total Cost": 27430.33,
                                                            "Plan Rows": 108416,
                                                            "Plan Width": 4,
                                                            "Actual Startup Time": 73.321,
                                                            "Actual Total Time": 73.323,
                                                            "Actual Rows": 85454,
                                                            "Actual Loops": 4,
                                                            "Output": [
                                                                "mc.movie_id"
                                                            ],
                                                            "Hash Buckets": 524288,
                                                            "Original Hash Buckets": 524288,
                                                            "Hash Batches": 1,
                                                            "Original Hash Batches": 1,
                                                            "Peak Memory Usage": 17536,
                                                            "Workers": [
                                                                {
                                                                    "Worker Number": 0,
                                                                    "Actual Startup Time": 72.236,
                                                                    "Actual Total Time": 72.237,
                                                                    "Actual Rows": 56715,
                                                                    "Actual Loops": 1
                                                                },
                                                                {
                                                                    "Worker Number": 1,
                                                                    "Actual Startup Time": 72.553,
                                                                    "Actual Total Time": 72.554,
                                                                    "Actual Rows": 61008,
                                                                    "Actual Loops": 1
                                                                },
                                                                {
                                                                    "Worker Number": 2,
                                                                    "Actual Startup Time": 72.773,
                                                                    "Actual Total Time": 72.774,
                                                                    "Actual Rows": 64348,
                                                                    "Actual Loops": 1
                                                                }
                                                            ],
                                                            "Plans": [
                                                                {
                                                                    "Node Type": "Bitmap Heap Scan",
                                                                    "Parent Relationship": "Outer",
                                                                    "Parallel Aware": true,
                                                                    "Relation Name": "movie_companies",
                                                                    "Schema": "public",
                                                                    "Alias": "mc",
                                                                    "Startup Cost": 7285.13,
                                                                    "Total Cost": 27430.33,
                                                                    "Plan Rows": 108416,
                                                                    "Plan Width": 4,
                                                                    "Actual Startup Time": 14.818,
                                                                    "Actual Total Time": 45.343,
                                                                    "Actual Rows": 85454,
                                                                    "Actual Loops": 4,
                                                                    "Output": [
                                                                        "mc.movie_id"
                                                                    ],
                                                                    "Recheck Cond": "(mc.company_id > 89108)",
                                                                    "Rows Removed by Index Recheck": 0,
                                                                    "Exact Heap Blocks": 2460,
                                                                    "Lossy Heap Blocks": 0,
                                                                    "Workers": [
                                                                        {
                                                                            "Worker Number": 0,
                                                                            "Actual Startup Time": 13.869,
                                                                            "Actual Total Time": 46.271,
                                                                            "Actual Rows": 56715,
                                                                            "Actual Loops": 1
                                                                        },
                                                                        {
                                                                            "Worker Number": 1,
                                                                            "Actual Startup Time": 14.102,
                                                                            "Actual Total Time": 45.39,
                                                                            "Actual Rows": 61008,
                                                                            "Actual Loops": 1
                                                                        },
                                                                        {
                                                                            "Worker Number": 2,
                                                                            "Actual Startup Time": 14.324,
                                                                            "Actual Total Time": 46.767,
                                                                            "Actual Rows": 64348,
                                                                            "Actual Loops": 1
                                                                        }
                                                                    ],
                                                                    "Plans": [
                                                                        {
                                                                            "Node Type": "Bitmap Index Scan",
                                                                            "Parent Relationship": "Outer",
                                                                            "Parallel Aware": false,
                                                                            "Index Name": "company_id_movie_companies",
                                                                            "Startup Cost": 0.0,
                                                                            "Total Cost": 7201.1,
                                                                            "Plan Rows": 336090,
                                                                            "Plan Width": 0,
                                                                            "Actual Startup Time": 16.287,
                                                                            "Actual Total Time": 16.288,
                                                                            "Actual Rows": 341814,
                                                                            "Actual Loops": 1,
                                                                            "Index Cond": "(mc.company_id > 89108)"
                                                                        }
                                                                    ]
                                                                }
                                                            ]
                                                        }
                                                    ]
                                                }
                                            ]
                                        }
                                    ]
                                }
                            ]
                        }
                    ]
                }
            ]
        },
        "Planning Time": 295.398,
        "Triggers": [],
        "Execution Time": 599.403
    }
]