[
  {
    "Plan": {
      "Node Type": "Aggregate",
      "Strategy": "Plain",
      "Partial Mode": "Finalize",
      "Parallel Aware": false,
      "Startup Cost": 330942.36,
      "Total Cost": 330942.37,
      "Plan Rows": 1,
      "Plan Width": 8,
      "Actual Startup Time": 593.838,
      "Actual Total Time": 637.59,
      "Actual Rows": 1,
      "Actual Loops": 1,
      "Plans": [
        {
          "Node Type": "Gather",
          "Parent Relationship": "Outer",
          "Parallel Aware": false,
          "Startup Cost": 330941.74,
          "Total Cost": 330942.35,
          "Plan Rows": 6,
          "Plan Width": 8,
          "Actual Startup Time": 593.579,
          "Actual Total Time": 637.578,
          "Actual Rows": 7,
          "Actual Loops": 1,
          "Workers Planned": 6,
          "Workers Launched": 6,
          "Single Copy": false,
          "Plans": [
            {
              "Node Type": "Aggregate",
              "Strategy": "Plain",
              "Partial Mode": "Partial",
              "Parent Relationship": "Outer",
              "Parallel Aware": false,
              "Startup Cost": 329941.74,
              "Total Cost": 329941.75,
              "Plan Rows": 1,
              "Plan Width": 8,
              "Actual Startup Time": 586.373,
              "Actual Total Time": 586.374,
              "Actual Rows": 1,
              "Actual Loops": 7,
              "Plans": [
                {
                  "Node Type": "Seq Scan",
                  "Parent Relationship": "Outer",
                  "Parallel Aware": true,
                  "Relation Name": "cast_info",
                  "Alias": "ci",
                  "Startup Cost": 0.0,
                  "Total Cost": 328211.39,
                  "Plan Rows": 692138,
                  "Plan Width": 0,
                  "Actual Startup Time": 0.043,
                  "Actual Total Time": 554.388,
                  "Actual Rows": 616749,
                  "Actual Loops": 7,
                  "Filter": "(person_id < 416084)",
                  "Rows Removed by Filter": 4561014
                }
              ]
            }
          ]
        }
      ]
    },
    "Planning Time": 0.197,
    "Triggers": [],
    "Execution Time": 637.66
  }
]