[
  {
    "Plan": {
      "Node Type": "Aggregate",
      "Strategy": "Plain",
      "Partial Mode": "Finalize",
      "Parallel Aware": false,
      "Startup Cost": 63587.41,
      "Total Cost": 63587.42,
      "Plan Rows": 1,
      "Plan Width": 8,
      "Actual Startup Time": 105.408,
      "Actual Total Time": 118.954,
      "Actual Rows": 1,
      "Actual Loops": 1,
      "Plans": [
        {
          "Node Type": "Gather",
          "Parent Relationship": "Outer",
          "Parallel Aware": false,
          "Startup Cost": 63586.99,
          "Total Cost": 63587.4,
          "Plan Rows": 4,
          "Plan Width": 8,
          "Actual Startup Time": 105.267,
          "Actual Total Time": 118.946,
          "Actual Rows": 5,
          "Actual Loops": 1,
          "Workers Planned": 4,
          "Workers Launched": 4,
          "Single Copy": false,
          "Plans": [
            {
              "Node Type": "Aggregate",
              "Strategy": "Plain",
              "Partial Mode": "Partial",
              "Parent Relationship": "Outer",
              "Parallel Aware": false,
              "Startup Cost": 62586.99,
              "Total Cost": 62587.0,
              "Plan Rows": 1,
              "Plan Width": 8,
              "Actual Startup Time": 95.047,
              "Actual Total Time": 95.048,
              "Actual Rows": 1,
              "Actual Loops": 5,
              "Plans": [
                {
                  "Node Type": "Nested Loop",
                  "Parent Relationship": "Outer",
                  "Parallel Aware": false,
                  "Join Type": "Inner",
                  "Startup Cost": 0.43,
                  "Total Cost": 62585.66,
                  "Plan Rows": 532,
                  "Plan Width": 0,
                  "Actual Startup Time": 2.368,
                  "Actual Total Time": 94.947,
                  "Actual Rows": 1003,
                  "Actual Loops": 5,
                  "Inner Unique": false,
                  "Plans": [
                    {
                      "Node Type": "Seq Scan",
                      "Parent Relationship": "Outer",
                      "Parallel Aware": true,
                      "Relation Name": "title",
                      "Alias": "t",
                      "Startup Cost": 0.0,
                      "Total Cost": 45479.1,
                      "Plan Rows": 1223,
                      "Plan Width": 4,
                      "Actual Startup Time": 1.35,
                      "Actual Total Time": 81.337,
                      "Actual Rows": 1058,
                      "Actual Loops": 5,
                      "Filter": "((kind_id < 7) AND (production_year = 1966))",
                      "Rows Removed by Filter": 504604
                    },
                    {
                      "Node Type": "Index Scan",
                      "Parent Relationship": "Inner",
                      "Parallel Aware": false,
                      "Scan Direction": "Forward",
                      "Index Name": "movie_id_movie_companies",
                      "Relation Name": "movie_companies",
                      "Alias": "mc",
                      "Startup Cost": 0.43,
                      "Total Cost": 13.97,
                      "Plan Rows": 2,
                      "Plan Width": 4,
                      "Actual Startup Time": 0.01,
                      "Actual Total Time": 0.012,
                      "Actual Rows": 1,
                      "Actual Loops": 5291,
                      "Index Cond": "(movie_id = t.id)",
                      "Rows Removed by Index Recheck": 0,
                      "Filter": "((company_id < 84781) AND (company_type_id < 2))",
                      "Rows Removed by Filter": 1
                    }
                  ]
                }
              ]
            }
          ]
        }
      ]
    },
    "Planning Time": 0.709,
    "Triggers": [],
    "Execution Time": 119.03
  }
]