[
    {
        "Bao": {
            "Bao prediction": "NaN",
            "Bao recommended hint": "(no hint)"
        }
    },
    {
        "Plan": {
            "Node Type": "Aggregate",
            "Strategy": "Plain",
            "Partial Mode": "Finalize",
            "Parallel Aware": false,
            "Startup Cost": 38766.73,
            "Total Cost": 38766.74,
            "Plan Rows": 1,
            "Plan Width": 8,
            "Actual Startup Time": 125.656,
            "Actual Total Time": 132.626,
            "Actual Rows": 1,
            "Actual Loops": 1,
            "Output": [
                "count(*)"
            ],
            "Plans": [
                {
                    "Node Type": "Gather",
                    "Parent Relationship": "Outer",
                    "Parallel Aware": false,
                    "Startup Cost": 38766.41,
                    "Total Cost": 38766.72,
                    "Plan Rows": 3,
                    "Plan Width": 8,
                    "Actual Startup Time": 125.344,
                    "Actual Total Time": 132.619,
                    "Actual Rows": 4,
                    "Actual Loops": 1,
                    "Output": [
                        "(PARTIAL count(*))"
                    ],
                    "Workers Planned": 3,
                    "Workers Launched": 3,
                    "Single Copy": false,
                    "Plans": [
                        {
                            "Node Type": "Aggregate",
                            "Strategy": "Plain",
                            "Partial Mode": "Partial",
                            "Parent Relationship": "Outer",
                            "Parallel Aware": false,
                            "Startup Cost": 37766.41,
                            "Total Cost": 37766.42,
                            "Plan Rows": 1,
                            "Plan Width": 8,
                            "Actual Startup Time": 118.489,
                            "Actual Total Time": 118.49,
                            "Actual Rows": 1,
                            "Actual Loops": 4,
                            "Output": [
                                "PARTIAL count(*)"
                            ],
                            "Workers": [
                                {
                                    "Worker Number": 0,
                                    "Actual Startup Time": 120.687,
                                    "Actual Total Time": 120.688,
                                    "Actual Rows": 1,
                                    "Actual Loops": 1
                                },
                                {
                                    "Worker Number": 1,
                                    "Actual Startup Time": 114.121,
                                    "Actual Total Time": 114.123,
                                    "Actual Rows": 1,
                                    "Actual Loops": 1
                                },
                                {
                                    "Worker Number": 2,
                                    "Actual Startup Time": 114.184,
                                    "Actual Total Time": 114.186,
                                    "Actual Rows": 1,
                                    "Actual Loops": 1
                                }
                            ],
                            "Plans": [
                                {
                                    "Node Type": "Bitmap Heap Scan",
                                    "Parent Relationship": "Outer",
                                    "Parallel Aware": true,
                                    "Relation Name": "movie_keyword",
                                    "Schema": "public",
                                    "Alias": "mk",
                                    "Startup Cost": 10840.16,
                                    "Total Cost": 37354.37,
                                    "Plan Rows": 164817,
                                    "Plan Width": 0,
                                    "Actual Startup Time": 40.226,
                                    "Actual Total Time": 111.308,
                                    "Actual Rows": 126742,
                                    "Actual Loops": 4,
                                    "Recheck Cond": "(mk.keyword_id < 370)",
                                    "Rows Removed by Index Recheck": 0,
                                    "Exact Heap Blocks": 11296,
                                    "Lossy Heap Blocks": 0,
                                    "Workers": [
                                        {
                                            "Worker Number": 0,
                                            "Actual Startup Time": 42.469,
                                            "Actual Total Time": 114.049,
                                            "Actual Rows": 107186,
                                            "Actual Loops": 1
                                        },
                                        {
                                            "Worker Number": 1,
                                            "Actual Startup Time": 36.009,
                                            "Actual Total Time": 107.882,
                                            "Actual Rows": 68270,
                                            "Actual Loops": 1
                                        },
                                        {
                                            "Worker Number": 2,
                                            "Actual Startup Time": 35.973,
                                            "Actual Total Time": 107.668,
                                            "Actual Rows": 96100,
                                            "Actual Loops": 1
                                        }
                                    ],
                                    "Plans": [
                                        {
                                            "Node Type": "Bitmap Index Scan",
                                            "Parent Relationship": "Outer",
                                            "Parallel Aware": false,
                                            "Index Name": "keyword_id_movie_keyword",
                                            "Startup Cost": 0.0,
                                            "Total Cost": 10712.42,
                                            "Plan Rows": 510932,
                                            "Plan Width": 0,
                                            "Actual Startup Time": 42.901,
                                            "Actual Total Time": 42.901,
                                            "Actual Rows": 506969,
                                            "Actual Loops": 1,
                                            "Index Cond": "(mk.keyword_id < 370)"
                                        }
                                    ]
                                }
                            ]
                        }
                    ]
                }
            ]
        },
        "Planning Time": 190.267,
        "Triggers": [],
        "Execution Time": 132.697
    }
]