[
    {
        "Bao": {
            "Bao prediction": "NaN",
            "Bao recommended hint": "(no hint)"
        }
    },
    {
        "Plan": {
            "Node Type": "Aggregate",
            "Strategy": "Plain",
            "Partial Mode": "Finalize",
            "Parallel Aware": false,
            "Startup Cost": 77982.61,
            "Total Cost": 77982.62,
            "Plan Rows": 1,
            "Plan Width": 8,
            "Actual Startup Time": 234.538,
            "Actual Total Time": 244.311,
            "Actual Rows": 1,
            "Actual Loops": 1,
            "Output": [
                "count(*)"
            ],
            "Plans": [
                {
                    "Node Type": "Gather",
                    "Parent Relationship": "Outer",
                    "Parallel Aware": false,
                    "Startup Cost": 77982.29,
                    "Total Cost": 77982.6,
                    "Plan Rows": 3,
                    "Plan Width": 8,
                    "Actual Startup Time": 232.205,
                    "Actual Total Time": 244.301,
                    "Actual Rows": 4,
                    "Actual Loops": 1,
                    "Output": [
                        "(PARTIAL count(*))"
                    ],
                    "Workers Planned": 3,
                    "Workers Launched": 3,
                    "Single Copy": false,
                    "Plans": [
                        {
                            "Node Type": "Aggregate",
                            "Strategy": "Plain",
                            "Partial Mode": "Partial",
                            "Parent Relationship": "Outer",
                            "Parallel Aware": false,
                            "Startup Cost": 76982.29,
                            "Total Cost": 76982.3,
                            "Plan Rows": 1,
                            "Plan Width": 8,
                            "Actual Startup Time": 223.884,
                            "Actual Total Time": 223.887,
                            "Actual Rows": 1,
                            "Actual Loops": 4,
                            "Output": [
                                "PARTIAL count(*)"
                            ],
                            "Workers": [
                                {
                                    "Worker Number": 0,
                                    "Actual Startup Time": 220.908,
                                    "Actual Total Time": 220.91,
                                    "Actual Rows": 1,
                                    "Actual Loops": 1
                                },
                                {
                                    "Worker Number": 1,
                                    "Actual Startup Time": 221.246,
                                    "Actual Total Time": 221.249,
                                    "Actual Rows": 1,
                                    "Actual Loops": 1
                                },
                                {
                                    "Worker Number": 2,
                                    "Actual Startup Time": 221.443,
                                    "Actual Total Time": 221.446,
                                    "Actual Rows": 1,
                                    "Actual Loops": 1
                                }
                            ],
                            "Plans": [
                                {
                                    "Node Type": "Hash Join",
                                    "Parent Relationship": "Outer",
                                    "Parallel Aware": true,
                                    "Join Type": "Inner",
                                    "Startup Cost": 46945.47,
                                    "Total Cost": 76873.23,
                                    "Plan Rows": 43625,
                                    "Plan Width": 0,
                                    "Actual Startup Time": 135.136,
                                    "Actual Total Time": 220.895,
                                    "Actual Rows": 61173,
                                    "Actual Loops": 4,
                                    "Inner Unique": true,
                                    "Hash Cond": "(mc.movie_id = t.id)",
                                    "Workers": [
                                        {
                                            "Worker Number": 0,
                                            "Actual Startup Time": 132.205,
                                            "Actual Total Time": 218.015,
                                            "Actual Rows": 63987,
                                            "Actual Loops": 1
                                        },
                                        {
                                            "Worker Number": 1,
                                            "Actual Startup Time": 132.348,
                                            "Actual Total Time": 218.392,
                                            "Actual Rows": 63929,
                                            "Actual Loops": 1
                                        },
                                        {
                                            "Worker Number": 2,
                                            "Actual Startup Time": 132.75,
                                            "Actual Total Time": 218.276,
                                            "Actual Rows": 42090,
                                            "Actual Loops": 1
                                        }
                                    ],
                                    "Plans": [
                                        {
                                            "Node Type": "Seq Scan",
                                            "Parent Relationship": "Outer",
                                            "Parallel Aware": true,
                                            "Relation Name": "movie_companies",
                                            "Schema": "public",
                                            "Alias": "mc",
                                            "Startup Cost": 0.0,
                                            "Total Cost": 29310.68,
                                            "Plan Rows": 235077,
                                            "Plan Width": 4,
                                            "Actual Startup Time": 14.305,
                                            "Actual Total Time": 61.436,
                                            "Actual Rows": 182320,
                                            "Actual Loops": 4,
                                            "Output": [
                                                "mc.id",
                                                "mc.movie_id",
                                                "mc.company_id",
                                                "mc.company_type_id",
                                                "mc.note"
                                            ],
                                            "Filter": "(mc.company_id > 40713)",
                                            "Rows Removed by Filter": 469962,
                                            "Workers": [
                                                {
                                                    "Worker Number": 0,
                                                    "Actual Startup Time": 14.275,
                                                    "Actual Total Time": 60.786,
                                                    "Actual Rows": 190890,
                                                    "Actual Loops": 1
                                                },
                                                {
                                                    "Worker Number": 1,
                                                    "Actual Startup Time": 14.318,
                                                    "Actual Total Time": 61.991,
                                                    "Actual Rows": 191161,
                                                    "Actual Loops": 1
                                                },
                                                {
                                                    "Worker Number": 2,
                                                    "Actual Startup Time": 14.236,
                                                    "Actual Total Time": 63.282,
                                                    "Actual Rows": 128710,
                                                    "Actual Loops": 1
                                                }
                                            ]
                                        },
                                        {
                                            "Node Type": "Hash",
                                            "Parent Relationship": "Inner",
                                            "Parallel Aware": true,
                                            "Startup Cost": 45479.21,
                                            "Total Cost": 45479.21,
                                            "Plan Rows": 117301,
                                            "Plan Width": 4,
                                            "Actual Startup Time": 118.731,
                                            "Actual Total Time": 118.732,
                                            "Actual Rows": 85186,
                                            "Actual Loops": 4,
                                            "Output": [
                                                "t.id"
                                            ],
                                            "Hash Buckets": 524288,
                                            "Original Hash Buckets": 524288,
                                            "Hash Batches": 1,
                                            "Original Hash Batches": 1,
                                            "Peak Memory Usage": 17504,
                                            "Workers": [
                                                {
                                                    "Worker Number": 0,
                                                    "Actual Startup Time": 116.991,
                                                    "Actual Total Time": 116.992,
                                                    "Actual Rows": 88773,
                                                    "Actual Loops": 1
                                                },
                                                {
                                                    "Worker Number": 1,
                                                    "Actual Startup Time": 117.137,
                                                    "Actual Total Time": 117.139,
                                                    "Actual Rows": 87709,
                                                    "Actual Loops": 1
                                                },
                                                {
                                                    "Worker Number": 2,
                                                    "Actual Startup Time": 117.546,
                                                    "Actual Total Time": 117.547,
                                                    "Actual Rows": 59817,
                                                    "Actual Loops": 1
                                                }
                                            ],
                                            "Plans": [
                                                {
                                                    "Node Type": "Seq Scan",
                                                    "Parent Relationship": "Outer",
                                                    "Parallel Aware": true,
                                                    "Relation Name": "title",
                                                    "Schema": "public",
                                                    "Alias": "t",
                                                    "Startup Cost": 0.0,
                                                    "Total Cost": 45479.21,
                                                    "Plan Rows": 117301,
                                                    "Plan Width": 4,
                                                    "Actual Startup Time": 40.273,
                                                    "Actual Total Time": 92.783,
                                                    "Actual Rows": 85186,
                                                    "Actual Loops": 4,
                                                    "Output": [
                                                        "t.id"
                                                    ],
                                                    "Filter": "((t.production_year > 1989) AND (t.kind_id = 1))",
                                                    "Rows Removed by Filter": 546892,
                                                    "Workers": [
                                                        {
                                                            "Worker Number": 0,
                                                            "Actual Startup Time": 50.865,
                                                            "Actual Total Time": 90.833,
                                                            "Actual Rows": 88773,
                                                            "Actual Loops": 1
                                                        },
                                                        {
                                                            "Worker Number": 1,
                                                            "Actual Startup Time": 1.935,
                                                            "Actual Total Time": 91.895,
                                                            "Actual Rows": 87709,
                                                            "Actual Loops": 1
                                                        },
                                                        {
                                                            "Worker Number": 2,
                                                            "Actual Startup Time": 51.325,
                                                            "Actual Total Time": 93.304,
                                                            "Actual Rows": 59817,
                                                            "Actual Loops": 1
                                                        }
                                                    ]
                                                }
                                            ]
                                        }
                                    ]
                                }
                            ]
                        }
                    ]
                }
            ]
        },
        "Planning Time": 179.342,
        "Triggers": [],
        "Execution Time": 244.371
    }
]