[
  {
    "Plan": {
      "Node Type": "Aggregate",
      "Strategy": "Plain",
      "Partial Mode": "Finalize",
      "Parallel Aware": false,
      "Startup Cost": 108871.47,
      "Total Cost": 108871.48,
      "Plan Rows": 1,
      "Plan Width": 8,
      "Actual Startup Time": 505.813,
      "Actual Total Time": 526.177,
      "Actual Rows": 1,
      "Actual Loops": 1,
      "Plans": [
        {
          "Node Type": "Gather",
          "Parent Relationship": "Outer",
          "Parallel Aware": false,
          "Startup Cost": 108871.15,
          "Total Cost": 108871.46,
          "Plan Rows": 3,
          "Plan Width": 8,
          "Actual Startup Time": 501.397,
          "Actual Total Time": 526.166,
          "Actual Rows": 4,
          "Actual Loops": 1,
          "Workers Planned": 3,
          "Workers Launched": 3,
          "Single Copy": false,
          "Plans": [
            {
              "Node Type": "Aggregate",
              "Strategy": "Plain",
              "Partial Mode": "Partial",
              "Parent Relationship": "Outer",
              "Parallel Aware": false,
              "Startup Cost": 107871.15,
              "Total Cost": 107871.16,
              "Plan Rows": 1,
              "Plan Width": 8,
              "Actual Startup Time": 496.019,
              "Actual Total Time": 496.15,
              "Actual Rows": 1,
              "Actual Loops": 4,
              "Plans": [
                {
                  "Node Type": "Hash Join",
                  "Parent Relationship": "Outer",
                  "Parallel Aware": true,
                  "Join Type": "Inner",
                  "Startup Cost": 62087.37,
                  "Total Cost": 107774.68,
                  "Plan Rows": 38590,
                  "Plan Width": 0,
                  "Actual Startup Time": 294.788,
                  "Actual Total Time": 471.453,
                  "Actual Rows": 559427,
                  "Actual Loops": 4,
                  "Inner Unique": false,
                  "Hash Cond": "(mk.movie_id = t.id)",
                  "Plans": [
                    {
                      "Node Type": "Seq Scan",
                      "Parent Relationship": "Outer",
                      "Parallel Aware": true,
                      "Relation Name": "movie_keyword",
                      "Alias": "mk",
                      "Startup Cost": 0.0,
                      "Total Cost": 42695.65,
                      "Plan Rows": 754897,
                      "Plan Width": 4,
                      "Actual Startup Time": 0.059,
                      "Actual Total Time": 108.546,
                      "Actual Rows": 588008,
                      "Actual Loops": 4,
                      "Filter": "(keyword_id < 5274)",
                      "Rows Removed by Filter": 542974
                    },
                    {
                      "Node Type": "Hash",
                      "Parent Relationship": "Inner",
                      "Parallel Aware": true,
                      "Startup Cost": 61414.18,
                      "Total Cost": 61414.18,
                      "Plan Rows": 53855,
                      "Plan Width": 8,
                      "Actual Startup Time": 262.096,
                      "Actual Total Time": 262.225,
                      "Actual Rows": 84094,
                      "Actual Loops": 4,
                      "Hash Buckets": 524288,
                      "Original Hash Buckets": 131072,
                      "Hash Batches": 1,
                      "Original Hash Batches": 1,
                      "Peak Memory Usage": 20384,
                      "Plans": [
                        {
                          "Node Type": "Hash Join",
                          "Parent Relationship": "Outer",
                          "Parallel Aware": true,
                          "Join Type": "Inner",
                          "Startup Cost": 46219.62,
                          "Total Cost": 61414.18,
                          "Plan Rows": 53855,
                          "Plan Width": 8,
                          "Actual Startup Time": 169.372,
                          "Actual Total Time": 227.2,
                          "Actual Rows": 84094,
                          "Actual Loops": 4,
                          "Inner Unique": true,
                          "Hash Cond": "(mi_idx.movie_id = t.id)",
                          "Plans": [
                            {
                              "Node Type": "Seq Scan",
                              "Parent Relationship": "Outer",
                              "Parallel Aware": true,
                              "Relation Name": "movie_info_idx",
                              "Alias": "mi_idx",
                              "Startup Cost": 0.0,
                              "Total Cost": 13685.15,
                              "Plan Rows": 575015,
                              "Plan Width": 4,
                              "Actual Startup Time": 0.012,
                              "Actual Total Time": 33.219,
                              "Actual Rows": 345009,
                              "Actual Loops": 4
                            },
                            {
                              "Node Type": "Hash",
                              "Parent Relationship": "Inner",
                              "Parallel Aware": true,
                              "Startup Cost": 45479.59,
                              "Total Cost": 45479.59,
                              "Plan Rows": 59203,
                              "Plan Width": 4,
                              "Actual Startup Time": 138.674,
                              "Actual Total Time": 138.675,
                              "Actual Rows": 89886,
                              "Actual Loops": 4,
                              "Hash Buckets": 524288,
                              "Original Hash Buckets": 262144,
                              "Hash Batches": 1,
                              "Original Hash Batches": 1,
                              "Peak Memory Usage": 20256,
                              "Plans": [
                                {
                                  "Node Type": "Seq Scan",
                                  "Parent Relationship": "Outer",
                                  "Parallel Aware": true,
                                  "Relation Name": "title",
                                  "Alias": "t",
                                  "Startup Cost": 0.0,
                                  "Total Cost": 45479.59,
                                  "Plan Rows": 59203,
                                  "Plan Width": 4,
                                  "Actual Startup Time": 55.628,
                                  "Actual Total Time": 100.04,
                                  "Actual Rows": 89886,
                                  "Actual Loops": 4,
                                  "Filter": "((production_year < 1998) AND (kind_id = 1))",
                                  "Rows Removed by Filter": 542192
                                }
                              ]
                            }
                          ]
                        }
                      ]
                    }
                  ]
                }
              ]
            }
          ]
        }
      ]
    },
    "Planning Time": 0.622,
    "Triggers": [],
    "Execution Time": 526.224
  }
]