[
  {
    "Plan": {
      "Node Type": "Aggregate",
      "Strategy": "Plain",
      "Partial Mode": "Finalize",
      "Parallel Aware": false,
      "Startup Cost": 79440.58,
      "Total Cost": 79440.59,
      "Plan Rows": 1,
      "Plan Width": 8,
      "Actual Startup Time": 305.347,
      "Actual Total Time": 322.761,
      "Actual Rows": 1,
      "Actual Loops": 1,
      "Plans": [
        {
          "Node Type": "Gather",
          "Parent Relationship": "Outer",
          "Parallel Aware": false,
          "Startup Cost": 79440.26,
          "Total Cost": 79440.57,
          "Plan Rows": 3,
          "Plan Width": 8,
          "Actual Startup Time": 301.971,
          "Actual Total Time": 322.751,
          "Actual Rows": 4,
          "Actual Loops": 1,
          "Workers Planned": 3,
          "Workers Launched": 3,
          "Single Copy": false,
          "Plans": [
            {
              "Node Type": "Aggregate",
              "Strategy": "Plain",
              "Partial Mode": "Partial",
              "Parent Relationship": "Outer",
              "Parallel Aware": false,
              "Startup Cost": 78440.26,
              "Total Cost": 78440.27,
              "Plan Rows": 1,
              "Plan Width": 8,
              "Actual Startup Time": 295.303,
              "Actual Total Time": 295.307,
              "Actual Rows": 1,
              "Actual Loops": 4,
              "Plans": [
                {
                  "Node Type": "Hash Join",
                  "Parent Relationship": "Outer",
                  "Parallel Aware": true,
                  "Join Type": "Inner",
                  "Startup Cost": 52609.29,
                  "Total Cost": 78356.84,
                  "Plan Rows": 33369,
                  "Plan Width": 0,
                  "Actual Startup Time": 221.288,
                  "Actual Total Time": 291.85,
                  "Actual Rows": 63759,
                  "Actual Loops": 4,
                  "Inner Unique": true,
                  "Hash Cond": "(mk.movie_id = t.id)",
                  "Plans": [
                    {
                      "Node Type": "Bitmap Heap Scan",
                      "Parent Relationship": "Outer",
                      "Parallel Aware": true,
                      "Relation Name": "movie_keyword",
                      "Alias": "mk",
                      "Startup Cost": 5627.14,
                      "Total Cost": 31150.19,
                      "Plan Rows": 85524,
                      "Plan Width": 4,
                      "Actual Startup Time": 21.614,
                      "Actual Total Time": 66.643,
                      "Actual Rows": 67826,
                      "Actual Loops": 4,
                      "Recheck Cond": "(keyword_id > 58126)",
                      "Rows Removed by Index Recheck": 0,
                      "Exact Heap Blocks": 6964,
                      "Lossy Heap Blocks": 0,
                      "Plans": [
                        {
                          "Node Type": "Bitmap Index Scan",
                          "Parent Relationship": "Outer",
                          "Parallel Aware": false,
                          "Index Name": "keyword_id_movie_keyword",
                          "Startup Cost": 0.0,
                          "Total Cost": 5560.86,
                          "Plan Rows": 265124,
                          "Plan Width": 0,
                          "Actual Startup Time": 18.401,
                          "Actual Total Time": 18.402,
                          "Actual Rows": 271303,
                          "Actual Loops": 1,
                          "Index Cond": "(keyword_id > 58126)"
                        }
                      ]
                    },
                    {
                      "Node Type": "Hash",
                      "Parent Relationship": "Inner",
                      "Parallel Aware": true,
                      "Startup Cost": 43899.32,
                      "Total Cost": 43899.32,
                      "Plan Rows": 246626,
                      "Plan Width": 4,
                      "Actual Startup Time": 195.911,
                      "Actual Total Time": 195.911,
                      "Actual Rows": 246262,
                      "Actual Loops": 4,
                      "Hash Buckets": 1048576,
                      "Original Hash Buckets": 1048576,
                      "Hash Batches": 1,
                      "Original Hash Batches": 1,
                      "Peak Memory Usage": 46816,
                      "Plans": [
                        {
                          "Node Type": "Seq Scan",
                          "Parent Relationship": "Outer",
                          "Parallel Aware": true,
                          "Relation Name": "title",
                          "Alias": "t",
                          "Startup Cost": 0.0,
                          "Total Cost": 43899.32,
                          "Plan Rows": 246626,
                          "Plan Width": 4,
                          "Actual Startup Time": 0.034,
                          "Actual Total Time": 105.602,
                          "Actual Rows": 246262,
                          "Actual Loops": 4,
                          "Filter": "(kind_id < 7)",
                          "Rows Removed by Filter": 385816
                        }
                      ]
                    }
                  ]
                }
              ]
            }
          ]
        }
      ]
    },
    "Planning Time": 0.462,
    "Triggers": [],
    "Execution Time": 322.82
  }
]