{
  "Plan": {
    "Node Type": "Aggregate",
    "Strategy": "Plain",
    "Partial Mode": "Finalize",
    "Parallel Aware": false,
    "Startup Cost": 70679.58,
    "Total Cost": 70679.59,
    "Plan Rows": 1,
    "Plan Width": 8,
    "Actual Startup Time": 145.725,
    "Actual Total Time": 157.186,
    "Actual Rows": 1,
    "Actual Loops": 1,
    "Plans": [
      {
        "Node Type": "Gather",
        "Parent Relationship": "Outer",
        "Parallel Aware": false,
        "Startup Cost": 70679.46,
        "Total Cost": 70679.57,
        "Plan Rows": 1,
        "Plan Width": 8,
        "Actual Startup Time": 145.442,
        "Actual Total Time": 157.179,
        "Actual Rows": 2,
        "Actual Loops": 1,
        "Workers Planned": 1,
        "Workers Launched": 1,
        "Single Copy": false,
        "Plans": [
          {
            "Node Type": "Aggregate",
            "Strategy": "Plain",
            "Partial Mode": "Partial",
            "Parent Relationship": "Outer",
            "Parallel Aware": false,
            "Startup Cost": 69679.46,
            "Total Cost": 69679.47,
            "Plan Rows": 1,
            "Plan Width": 8,
            "Actual Startup Time": 139.631,
            "Actual Total Time": 139.633,
            "Actual Rows": 1,
            "Actual Loops": 2,
            "Plans": [
              {
                "Node Type": "Nested Loop",
                "Parent Relationship": "Outer",
                "Parallel Aware": false,
                "Join Type": "Inner",
                "Startup Cost": 0.43,
                "Total Cost": 69674.68,
                "Plan Rows": 1912,
                "Plan Width": 0,
                "Actual Startup Time": 81.928,
                "Actual Total Time": 139.62,
                "Actual Rows": 17,
                "Actual Loops": 2,
                "Inner Unique": false,
                "Plans": [
                  {
                    "Node Type": "Seq Scan",
                    "Parent Relationship": "Outer",
                    "Parallel Aware": true,
                    "Relation Name": "title",
                    "Alias": "t",
                    "Startup Cost": 0.0,
                    "Total Cost": 58306.47,
                    "Plan Rows": 1205,
                    "Plan Width": 4,
                    "Actual Startup Time": 1.837,
                    "Actual Total Time": 138.08,
                    "Actual Rows": 106,
                    "Actual Loops": 2,
                    "Filter": "((kind_id > 2) AND (production_year > 2013))",
                    "Rows Removed by Filter": 1264050
                  },
                  {
                    "Node Type": "Index Scan",
                    "Parent Relationship": "Inner",
                    "Parallel Aware": false,
                    "Scan Direction": "Forward",
                    "Index Name": "movie_id_movie_keyword",
                    "Relation Name": "movie_keyword",
                    "Alias": "mk",
                    "Startup Cost": 0.43,
                    "Total Cost": 9.03,
                    "Plan Rows": 40,
                    "Plan Width": 4,
                    "Actual Startup Time": 0.014,
                    "Actual Total Time": 0.014,
                    "Actual Rows": 0,
                    "Actual Loops": 212,
                    "Index Cond": "(movie_id = t.id)",
                    "Rows Removed by Index Recheck": 0,
                    "Filter": "(keyword_id < 36080)",
                    "Rows Removed by Filter": 0
                  }
                ]
              }
            ]
          }
        ]
      }
    ]
  },
  "Planning Time": 0.464,
  "Triggers": [],
  "Execution Time": 157.256
}