[
  {
    "Plan": {
      "Node Type": "Aggregate",
      "Strategy": "Plain",
      "Partial Mode": "Finalize",
      "Parallel Aware": false,
      "Startup Cost": 83122.43,
      "Total Cost": 83122.44,
      "Plan Rows": 1,
      "Plan Width": 8,
      "Actual Startup Time": 362.927,
      "Actual Total Time": 375.783,
      "Actual Rows": 1,
      "Actual Loops": 1,
      "Plans": [
        {
          "Node Type": "Gather",
          "Parent Relationship": "Outer",
          "Parallel Aware": false,
          "Startup Cost": 83122.12,
          "Total Cost": 83122.43,
          "Plan Rows": 3,
          "Plan Width": 8,
          "Actual Startup Time": 358.72,
          "Actual Total Time": 375.773,
          "Actual Rows": 4,
          "Actual Loops": 1,
          "Workers Planned": 3,
          "Workers Launched": 3,
          "Single Copy": false,
          "Plans": [
            {
              "Node Type": "Aggregate",
              "Strategy": "Plain",
              "Partial Mode": "Partial",
              "Parent Relationship": "Outer",
              "Parallel Aware": false,
              "Startup Cost": 82122.12,
              "Total Cost": 82122.13,
              "Plan Rows": 1,
              "Plan Width": 8,
              "Actual Startup Time": 346.51,
              "Actual Total Time": 346.513,
              "Actual Rows": 1,
              "Actual Loops": 4,
              "Plans": [
                {
                  "Node Type": "Hash Join",
                  "Parent Relationship": "Outer",
                  "Parallel Aware": true,
                  "Join Type": "Inner",
                  "Startup Cost": 55834.59,
                  "Total Cost": 81958.81,
                  "Plan Rows": 65321,
                  "Plan Width": 0,
                  "Actual Startup Time": 275.474,
                  "Actual Total Time": 344.297,
                  "Actual Rows": 40139,
                  "Actual Loops": 4,
                  "Inner Unique": true,
                  "Hash Cond": "(mk.movie_id = t.id)",
                  "Plans": [
                    {
                      "Node Type": "Bitmap Heap Scan",
                      "Parent Relationship": "Outer",
                      "Parallel Aware": true,
                      "Relation Name": "movie_keyword",
                      "Alias": "mk",
                      "Startup Cost": 7261.47,
                      "Total Cost": 33095.82,
                      "Plan Rows": 110428,
                      "Plan Width": 4,
                      "Actual Startup Time": 27.869,
                      "Actual Total Time": 71.601,
                      "Actual Rows": 85560,
                      "Actual Loops": 4,
                      "Recheck Cond": "(keyword_id > 48541)",
                      "Rows Removed by Index Recheck": 0,
                      "Exact Heap Blocks": 6505,
                      "Lossy Heap Blocks": 0,
                      "Plans": [
                        {
                          "Node Type": "Bitmap Index Scan",
                          "Parent Relationship": "Outer",
                          "Parallel Aware": false,
                          "Index Name": "keyword_id_movie_keyword",
                          "Startup Cost": 0.0,
                          "Total Cost": 7175.88,
                          "Plan Rows": 342327,
                          "Plan Width": 0,
                          "Actual Startup Time": 24.589,
                          "Actual Total Time": 24.59,
                          "Actual Rows": 342241,
                          "Actual Loops": 1,
                          "Index Cond": "(keyword_id > 48541)"
                        }
                      ]
                    },
                    {
                      "Node Type": "Hash",
                      "Parent Relationship": "Inner",
                      "Parallel Aware": true,
                      "Startup Cost": 43899.32,
                      "Total Cost": 43899.32,
                      "Plan Rows": 373904,
                      "Plan Width": 4,
                      "Actual Startup Time": 239.673,
                      "Actual Total Time": 239.673,
                      "Actual Rows": 371258,
                      "Actual Loops": 4,
                      "Hash Buckets": 2097152,
                      "Original Hash Buckets": 2097152,
                      "Hash Batches": 1,
                      "Original Hash Batches": 1,
                      "Peak Memory Usage": 74528,
                      "Plans": [
                        {
                          "Node Type": "Seq Scan",
                          "Parent Relationship": "Outer",
                          "Parallel Aware": true,
                          "Relation Name": "title",
                          "Alias": "t",
                          "Startup Cost": 0.0,
                          "Total Cost": 43899.32,
                          "Plan Rows": 373904,
                          "Plan Width": 4,
                          "Actual Startup Time": 0.037,
                          "Actual Total Time": 105.425,
                          "Actual Rows": 371258,
                          "Actual Loops": 4,
                          "Filter": "(production_year > 1998)",
                          "Rows Removed by Filter": 260820
                        }
                      ]
                    }
                  ]
                }
              ]
            }
          ]
        }
      ]
    },
    "Planning Time": 0.667,
    "Triggers": [],
    "Execution Time": 375.875
  }
]