[
  {
    "Plan": {
      "Node Type": "Aggregate",
      "Strategy": "Plain",
      "Partial Mode": "Finalize",
      "Parallel Aware": false,
      "Startup Cost": 45053.14,
      "Total Cost": 45053.15,
      "Plan Rows": 1,
      "Plan Width": 8,
      "Actual Startup Time": 117.703,
      "Actual Total Time": 127.322,
      "Actual Rows": 1,
      "Actual Loops": 1,
      "Plans": [
        {
          "Node Type": "Gather",
          "Parent Relationship": "Outer",
          "Parallel Aware": false,
          "Startup Cost": 45052.82,
          "Total Cost": 45053.13,
          "Plan Rows": 3,
          "Plan Width": 8,
          "Actual Startup Time": 117.547,
          "Actual Total Time": 127.315,
          "Actual Rows": 4,
          "Actual Loops": 1,
          "Workers Planned": 3,
          "Workers Launched": 3,
          "Single Copy": false,
          "Plans": [
            {
              "Node Type": "Aggregate",
              "Strategy": "Plain",
              "Partial Mode": "Partial",
              "Parent Relationship": "Outer",
              "Parallel Aware": false,
              "Startup Cost": 44052.82,
              "Total Cost": 44052.83,
              "Plan Rows": 1,
              "Plan Width": 8,
              "Actual Startup Time": 114.219,
              "Actual Total Time": 114.221,
              "Actual Rows": 1,
              "Actual Loops": 4,
              "Plans": [
                {
                  "Node Type": "Seq Scan",
                  "Parent Relationship": "Outer",
                  "Parallel Aware": true,
                  "Relation Name": "movie_keyword",
                  "Alias": "mk",
                  "Startup Cost": 0.0,
                  "Total Cost": 42695.65,
                  "Plan Rows": 542866,
                  "Plan Width": 0,
                  "Actual Startup Time": 0.461,
                  "Actual Total Time": 96.711,
                  "Actual Rows": 417882,
                  "Actual Loops": 4,
                  "Filter": "(keyword_id > 8712)",
                  "Rows Removed by Filter": 713100
                }
              ]
            }
          ]
        }
      ]
    },
    "Planning Time": 0.087,
    "Triggers": [],
    "Execution Time": 127.352
  }
]