[
  {
    "Plan": {
      "Node Type": "Aggregate",
      "Strategy": "Plain",
      "Partial Mode": "Finalize",
      "Parallel Aware": false,
      "Startup Cost": 31686.38,
      "Total Cost": 31686.39,
      "Plan Rows": 1,
      "Plan Width": 8,
      "Actual Startup Time": 90.074,
      "Actual Total Time": 97.862,
      "Actual Rows": 1,
      "Actual Loops": 1,
      "Plans": [
        {
          "Node Type": "Gather",
          "Parent Relationship": "Outer",
          "Parallel Aware": false,
          "Startup Cost": 31686.07,
          "Total Cost": 31686.38,
          "Plan Rows": 3,
          "Plan Width": 8,
          "Actual Startup Time": 89.843,
          "Actual Total Time": 97.854,
          "Actual Rows": 4,
          "Actual Loops": 1,
          "Workers Planned": 3,
          "Workers Launched": 3,
          "Single Copy": false,
          "Plans": [
            {
              "Node Type": "Aggregate",
              "Strategy": "Plain",
              "Partial Mode": "Partial",
              "Parent Relationship": "Outer",
              "Parallel Aware": false,
              "Startup Cost": 30686.07,
              "Total Cost": 30686.08,
              "Plan Rows": 1,
              "Plan Width": 8,
              "Actual Startup Time": 84.497,
              "Actual Total Time": 84.499,
              "Actual Rows": 1,
              "Actual Loops": 4,
              "Plans": [
                {
                  "Node Type": "Bitmap Heap Scan",
                  "Parent Relationship": "Outer",
                  "Parallel Aware": true,
                  "Relation Name": "movie_companies",
                  "Alias": "mc",
                  "Startup Cost": 9571.02,
                  "Total Cost": 30510.88,
                  "Plan Rows": 70076,
                  "Plan Width": 0,
                  "Actual Startup Time": 26.127,
                  "Actual Total Time": 78.987,
                  "Actual Rows": 83188,
                  "Actual Loops": 4,
                  "Recheck Cond": "(company_id < 319)",
                  "Rows Removed by Index Recheck": 0,
                  "Filter": "(company_type_id < 2)",
                  "Rows Removed by Filter": 26025,
                  "Exact Heap Blocks": 8926,
                  "Lossy Heap Blocks": 0,
                  "Plans": [
                    {
                      "Node Type": "Bitmap Index Scan",
                      "Parent Relationship": "Outer",
                      "Parallel Aware": false,
                      "Index Name": "company_id_movie_companies",
                      "Startup Cost": 0.0,
                      "Total Cost": 9516.71,
                      "Plan Rows": 444304,
                      "Plan Width": 0,
                      "Actual Startup Time": 28.085,
                      "Actual Total Time": 28.086,
                      "Actual Rows": 436850,
                      "Actual Loops": 1,
                      "Index Cond": "(company_id < 319)"
                    }
                  ]
                }
              ]
            }
          ]
        }
      ]
    },
    "Planning Time": 0.107,
    "Triggers": [],
    "Execution Time": 97.905
  }
]