[
  {
    "Plan": {
      "Node Type": "Aggregate",
      "Strategy": "Plain",
      "Partial Mode": "Finalize",
      "Parallel Aware": false,
      "Startup Cost": 31595.52,
      "Total Cost": 31595.53,
      "Plan Rows": 1,
      "Plan Width": 8,
      "Actual Startup Time": 118.145,
      "Actual Total Time": 126.066,
      "Actual Rows": 1,
      "Actual Loops": 1,
      "Plans": [
        {
          "Node Type": "Gather",
          "Parent Relationship": "Outer",
          "Parallel Aware": false,
          "Startup Cost": 31595.2,
          "Total Cost": 31595.51,
          "Plan Rows": 3,
          "Plan Width": 8,
          "Actual Startup Time": 117.82,
          "Actual Total Time": 126.056,
          "Actual Rows": 4,
          "Actual Loops": 1,
          "Workers Planned": 3,
          "Workers Launched": 3,
          "Single Copy": false,
          "Plans": [
            {
              "Node Type": "Aggregate",
              "Strategy": "Plain",
              "Partial Mode": "Partial",
              "Parent Relationship": "Outer",
              "Parallel Aware": false,
              "Startup Cost": 30595.2,
              "Total Cost": 30595.21,
              "Plan Rows": 1,
              "Plan Width": 8,
              "Actual Startup Time": 110.064,
              "Actual Total Time": 110.065,
              "Actual Rows": 1,
              "Actual Loops": 4,
              "Plans": [
                {
                  "Node Type": "Bitmap Heap Scan",
                  "Parent Relationship": "Outer",
                  "Parallel Aware": true,
                  "Relation Name": "movie_companies",
                  "Alias": "mc",
                  "Startup Cost": 9497.05,
                  "Total Cost": 30420.19,
                  "Plan Rows": 70005,
                  "Plan Width": 0,
                  "Actual Startup Time": 39.491,
                  "Actual Total Time": 102.807,
                  "Actual Rows": 83188,
                  "Actual Loops": 4,
                  "Recheck Cond": "(company_id < 319)",
                  "Rows Removed by Index Recheck": 0,
                  "Filter": "(company_type_id < 2)",
                  "Rows Removed by Filter": 26025,
                  "Exact Heap Blocks": 6396,
                  "Lossy Heap Blocks": 0,
                  "Plans": [
                    {
                      "Node Type": "Bitmap Index Scan",
                      "Parent Relationship": "Outer",
                      "Parallel Aware": false,
                      "Index Name": "company_id_movie_companies",
                      "Startup Cost": 0.0,
                      "Total Cost": 9442.8,
                      "Plan Rows": 440849,
                      "Plan Width": 0,
                      "Actual Startup Time": 41.931,
                      "Actual Total Time": 41.931,
                      "Actual Rows": 436850,
                      "Actual Loops": 1,
                      "Index Cond": "(company_id < 319)"
                    }
                  ]
                }
              ]
            }
          ]
        }
      ]
    },
    "Planning Time": 0.23,
    "Triggers": [],
    "Execution Time": 126.146
  }
]