[
  {
    "Plan": {
      "Node Type": "Aggregate",
      "Strategy": "Plain",
      "Partial Mode": "Finalize",
      "Parallel Aware": false,
      "Startup Cost": 46805.91,
      "Total Cost": 46805.92,
      "Plan Rows": 1,
      "Plan Width": 8,
      "Actual Startup Time": 168.913,
      "Actual Total Time": 178.422,
      "Actual Rows": 1,
      "Actual Loops": 1,
      "Plans": [
        {
          "Node Type": "Gather",
          "Parent Relationship": "Outer",
          "Parallel Aware": false,
          "Startup Cost": 46805.59,
          "Total Cost": 46805.9,
          "Plan Rows": 3,
          "Plan Width": 8,
          "Actual Startup Time": 168.777,
          "Actual Total Time": 178.413,
          "Actual Rows": 4,
          "Actual Loops": 1,
          "Workers Planned": 3,
          "Workers Launched": 3,
          "Single Copy": false,
          "Plans": [
            {
              "Node Type": "Aggregate",
              "Strategy": "Plain",
              "Partial Mode": "Partial",
              "Parent Relationship": "Outer",
              "Parallel Aware": false,
              "Startup Cost": 45805.59,
              "Total Cost": 45805.6,
              "Plan Rows": 1,
              "Plan Width": 8,
              "Actual Startup Time": 162.935,
              "Actual Total Time": 162.936,
              "Actual Rows": 1,
              "Actual Loops": 4,
              "Plans": [
                {
                  "Node Type": "Seq Scan",
                  "Parent Relationship": "Outer",
                  "Parallel Aware": true,
                  "Relation Name": "movie_keyword",
                  "Alias": "mk",
                  "Startup Cost": 0.0,
                  "Total Cost": 42695.65,
                  "Plan Rows": 1243976,
                  "Plan Width": 0,
                  "Actual Startup Time": 0.046,
                  "Actual Total Time": 121.068,
                  "Actual Rows": 966846,
                  "Actual Loops": 4,
                  "Filter": "(keyword_id < 28620)",
                  "Rows Removed by Filter": 164137
                }
              ]
            }
          ]
        }
      ]
    },
    "Planning Time": 0.185,
    "Triggers": [],
    "Execution Time": 178.479
  }
]