{
    "Plan": {
        "Node Type": "Aggregate",
        "Strategy": "Plain",
        "Partial Mode": "Simple",
        "Parallel Aware": false,
        "Startup Cost": 10000217134.19,
        "Total Cost": 10000217134.2,
        "Plan Rows": 1,
        "Plan Width": 8,
        "Actual Startup Time": 1716.537,
        "Actual Total Time": 1716.541,
        "Actual Rows": 1,
        "Actual Loops": 1,
        "Output": [
            "count(*)"
        ],
        "Plans": [
            {
                "Node Type": "Hash Join",
                "Parent Relationship": "Outer",
                "Parallel Aware": false,
                "Join Type": "Inner",
                "Startup Cost": 10000065067.86,
                "Total Cost": 10000217113.88,
                "Plan Rows": 8126,
                "Plan Width": 0,
                "Actual Startup Time": 1257.582,
                "Actual Total Time": 1716.342,
                "Actual Rows": 1885,
                "Actual Loops": 1,
                "Inner Unique": false,
                "Hash Cond": "(t.id = mk.movie_id)",
                "Plans": [
                    {
                        "Node Type": "Index Scan",
                        "Parent Relationship": "Outer",
                        "Parallel Aware": false,
                        "Scan Direction": "Forward",
                        "Index Name": "title_pkey",
                        "Relation Name": "title",
                        "Schema": "public",
                        "Alias": "t",
                        "Startup Cost": 10000000000.43,
                        "Total Cost": 10000116662.9,
                        "Plan Rows": 23379,
                        "Plan Width": 4,
                        "Actual Startup Time": 429.239,
                        "Actual Total Time": 1291.346,
                        "Actual Rows": 24508,
                        "Actual Loops": 1,
                        "Output": [
                            "t.id",
                            "t.title",
                            "t.imdb_index",
                            "t.kind_id",
                            "t.production_year",
                            "t.imdb_id",
                            "t.phonetic_code",
                            "t.episode_of_id",
                            "t.season_nr",
                            "t.episode_nr",
                            "t.series_years",
                            "t.md5sum"
                        ],
                        "Filter": "(t.production_year < 1910)",
                        "Rows Removed by Filter": 2503804
                    },
                    {
                        "Node Type": "Hash",
                        "Parent Relationship": "Inner",
                        "Parallel Aware": false,
                        "Startup Cost": 54082.31,
                        "Total Cost": 54082.31,
                        "Plan Rows": 878809,
                        "Plan Width": 4,
                        "Actual Startup Time": 407.476,
                        "Actual Total Time": 407.478,
                        "Actual Rows": 873331,
                        "Actual Loops": 1,
                        "Output": [
                            "mk.movie_id"
                        ],
                        "Hash Buckets": 1048576,
                        "Original Hash Buckets": 1048576,
                        "Hash Batches": 1,
                        "Original Hash Batches": 1,
                        "Peak Memory Usage": 38896,
                        "Plans": [
                            {
                                "Node Type": "Bitmap Heap Scan",
                                "Parent Relationship": "Outer",
                                "Parallel Aware": false,
                                "Relation Name": "movie_keyword",
                                "Schema": "public",
                                "Alias": "mk",
                                "Startup Cost": 18643.2,
                                "Total Cost": 54082.31,
                                "Plan Rows": 878809,
                                "Plan Width": 4,
                                "Actual Startup Time": 58.377,
                                "Actual Total Time": 266.351,
                                "Actual Rows": 873331,
                                "Actual Loops": 1,
                                "Output": [
                                    "mk.movie_id"
                                ],
                                "Recheck Cond": "(mk.keyword_id < 830)",
                                "Rows Removed by Index Recheck": 0,
                                "Exact Heap Blocks": 24302,
                                "Lossy Heap Blocks": 0,
                                "Plans": [
                                    {
                                        "Node Type": "Bitmap Index Scan",
                                        "Parent Relationship": "Outer",
                                        "Parallel Aware": false,
                                        "Index Name": "keyword_id_movie_keyword",
                                        "Startup Cost": 0.0,
                                        "Total Cost": 18423.5,
                                        "Plan Rows": 878809,
                                        "Plan Width": 0,
                                        "Actual Startup Time": 55.337,
                                        "Actual Total Time": 55.337,
                                        "Actual Rows": 873331,
                                        "Actual Loops": 1,
                                        "Index Cond": "(mk.keyword_id < 830)"
                                    }
                                ]
                            }
                        ]
                    }
                ]
            }
        ]
    },
    "Planning Time": 1.455,
    "Triggers": [],
    "Execution Time": 1717.634
}