[
  {
    "Plan": {
      "Node Type": "Aggregate",
      "Strategy": "Plain",
      "Partial Mode": "Finalize",
      "Parallel Aware": false,
      "Startup Cost": 317410.62,
      "Total Cost": 317410.63,
      "Plan Rows": 1,
      "Plan Width": 8,
      "Actual Startup Time": 238.508,
      "Actual Total Time": 284.09,
      "Actual Rows": 1,
      "Actual Loops": 1,
      "Plans": [
        {
          "Node Type": "Gather",
          "Parent Relationship": "Outer",
          "Parallel Aware": false,
          "Startup Cost": 317410.2,
          "Total Cost": 317410.61,
          "Plan Rows": 4,
          "Plan Width": 8,
          "Actual Startup Time": 238.04,
          "Actual Total Time": 284.08,
          "Actual Rows": 5,
          "Actual Loops": 1,
          "Workers Planned": 4,
          "Workers Launched": 4,
          "Single Copy": false,
          "Plans": [
            {
              "Node Type": "Aggregate",
              "Strategy": "Plain",
              "Partial Mode": "Partial",
              "Parent Relationship": "Outer",
              "Parallel Aware": false,
              "Startup Cost": 316410.2,
              "Total Cost": 316410.21,
              "Plan Rows": 1,
              "Plan Width": 8,
              "Actual Startup Time": 227.976,
              "Actual Total Time": 227.978,
              "Actual Rows": 1,
              "Actual Loops": 5,
              "Plans": [
                {
                  "Node Type": "Nested Loop",
                  "Parent Relationship": "Outer",
                  "Parallel Aware": false,
                  "Join Type": "Inner",
                  "Startup Cost": 0.56,
                  "Total Cost": 316326.68,
                  "Plan Rows": 33410,
                  "Plan Width": 0,
                  "Actual Startup Time": 58.002,
                  "Actual Total Time": 225.816,
                  "Actual Rows": 22121,
                  "Actual Loops": 5,
                  "Inner Unique": false,
                  "Plans": [
                    {
                      "Node Type": "Seq Scan",
                      "Parent Relationship": "Outer",
                      "Parallel Aware": true,
                      "Relation Name": "title",
                      "Alias": "t",
                      "Startup Cost": 0.0,
                      "Total Cost": 45479.59,
                      "Plan Rows": 3587,
                      "Plan Width": 4,
                      "Actual Startup Time": 57.84,
                      "Actual Total Time": 82.18,
                      "Actual Rows": 1620,
                      "Actual Loops": 5,
                      "Filter": "((kind_id = 1) AND (production_year = 2000))",
                      "Rows Removed by Filter": 504042
                    },
                    {
                      "Node Type": "Index Scan",
                      "Parent Relationship": "Inner",
                      "Parallel Aware": false,
                      "Scan Direction": "Forward",
                      "Index Name": "movie_id_cast_info",
                      "Relation Name": "cast_info",
                      "Alias": "ci",
                      "Startup Cost": 0.56,
                      "Total Cost": 75.28,
                      "Plan Rows": 23,
                      "Plan Width": 4,
                      "Actual Startup Time": 0.038,
                      "Actual Total Time": 0.087,
                      "Actual Rows": 14,
                      "Actual Loops": 8100,
                      "Index Cond": "(movie_id = t.id)",
                      "Rows Removed by Index Recheck": 0,
                      "Filter": "(role_id > 1)",
                      "Rows Removed by Filter": 7
                    }
                  ]
                }
              ]
            }
          ]
        }
      ]
    },
    "Planning Time": 0.297,
    "Triggers": [],
    "Execution Time": 284.144
  }
]