{
  "Plan": {
    "Node Type": "Aggregate",
    "Strategy": "Plain",
    "Partial Mode": "Finalize",
    "Parallel Aware": false,
    "Startup Cost": 874228.76,
    "Total Cost": 874228.77,
    "Plan Rows": 1,
    "Plan Width": 96,
    "Actual Startup Time": 9343.576,
    "Actual Total Time": 9358.078,
    "Actual Rows": 1,
    "Actual Loops": 1,
    "Plans": [
      {
        "Node Type": "Gather",
        "Parent Relationship": "Outer",
        "Parallel Aware": false,
        "Startup Cost": 874228.64,
        "Total Cost": 874228.75,
        "Plan Rows": 1,
        "Plan Width": 96,
        "Actual Startup Time": 9343.567,
        "Actual Total Time": 9358.069,
        "Actual Rows": 1,
        "Actual Loops": 1,
        "Workers Planned": 1,
        "Workers Launched": 0,
        "Single Copy": false,
        "Plans": [
          {
            "Node Type": "Aggregate",
            "Strategy": "Plain",
            "Partial Mode": "Partial",
            "Parent Relationship": "Outer",
            "Parallel Aware": false,
            "Startup Cost": 873228.64,
            "Total Cost": 873228.65,
            "Plan Rows": 1,
            "Plan Width": 96,
            "Actual Startup Time": 9342.61,
            "Actual Total Time": 9342.63,
            "Actual Rows": 1,
            "Actual Loops": 1,
            "Plans": [
              {
                "Node Type": "Hash Join",
                "Parent Relationship": "Outer",
                "Parallel Aware": false,
                "Join Type": "Inner",
                "Startup Cost": 95163.28,
                "Total Cost": 873228.58,
                "Plan Rows": 8,
                "Plan Width": 66,
                "Actual Startup Time": 2771.427,
                "Actual Total Time": 9320.165,
                "Actual Rows": 113542,
                "Actual Loops": 1,
                "Inner Unique": true,
                "Hash Cond": "(mi_idx.info_type_id = it2.id)",
                "Plans": [
                  {
                    "Node Type": "Nested Loop",
                    "Parent Relationship": "Outer",
                    "Parallel Aware": false,
                    "Join Type": "Inner",
                    "Startup Cost": 95160.86,
                    "Total Cost": 873223.65,
                    "Plan Rows": 922,
                    "Plan Width": 70,
                    "Actual Startup Time": 2771.367,
                    "Actual Total Time": 9287.263,
                    "Actual Rows": 236656,
                    "Actual Loops": 1,
                    "Inner Unique": true,
                    "Plans": [
                      {
                        "Node Type": "Hash Join",
                        "Parent Relationship": "Outer",
                        "Parallel Aware": false,
                        "Join Type": "Inner",
                        "Startup Cost": 95160.43,
                        "Total Cost": 871512.53,
                        "Plan Rows": 3339,
                        "Plan Width": 74,
                        "Actual Startup Time": 2771.336,
                        "Actual Total Time": 7809.797,
                        "Actual Rows": 499273,
                        "Actual Loops": 1,
                        "Inner Unique": true,
                        "Hash Cond": "(mi.info_type_id = it1.id)",
                        "Plans": [
                          {
                            "Node Type": "Nested Loop",
                            "Parent Relationship": "Outer",
                            "Parallel Aware": false,
                            "Join Type": "Inner",
                            "Startup Cost": 95158.0,
                            "Total Cost": 870482.65,
                            "Plan Rows": 377261,
                            "Plan Width": 78,
                            "Actual Startup Time": 2317.449,
                            "Actual Total Time": 7732.453,
                            "Actual Rows": 504371,
                            "Actual Loops": 1,
                            "Inner Unique": false,
                            "Join Filter": "(mi.movie_id = ci.movie_id)",
                            "Rows Removed by Join Filter": 0,
                            "Plans": [
                              {
                                "Node Type": "Hash Join",
                                "Parent Relationship": "Outer",
                                "Parallel Aware": true,
                                "Join Type": "Inner",
                                "Startup Cost": 95157.44,
                                "Total Cost": 369874.81,
                                "Plan Rows": 210895,
                                "Plan Width": 86,
                                "Actual Startup Time": 2317.398,
                                "Actual Total Time": 3209.371,
                                "Actual Rows": 135446,
                                "Actual Loops": 1,
                                "Inner Unique": true,
                                "Hash Cond": "(mi.movie_id = t.id)",
                                "Plans": [
                                  {
                                    "Node Type": "Hash Join",
                                    "Parent Relationship": "Outer",
                                    "Parallel Aware": true,
                                    "Join Type": "Inner",
                                    "Startup Cost": 25016.34,
                                    "Total Cost": 298864.18,
                                    "Plan Rows": 331248,
                                    "Plan Width": 65,
                                    "Actual Startup Time": 1411.813,
                                    "Actual Total Time": 2201.026,
                                    "Actual Rows": 247612,
                                    "Actual Loops": 1,
                                    "Inner Unique": false,
                                    "Hash Cond": "(mi.movie_id = mi_idx.movie_id)",
                                    "Plans": [
                                      {
                                        "Node Type": "Seq Scan",
                                        "Parent Relationship": "Outer",
                                        "Parallel Aware": true,
                                        "Relation Name": "movie_info",
                                        "Alias": "mi",
                                        "Startup Cost": 0.0,
                                        "Total Cost": 271102.71,
                                        "Plan Rows": 159322,
                                        "Plan Width": 51,
                                        "Actual Startup Time": 942.582,
                                        "Actual Total Time": 1553.695,
                                        "Actual Rows": 282905,
                                        "Actual Loops": 1,
                                        "Filter": "((note IS NULL) AND (info = ANY ('{Drama,Family}'::text[])))",
                                        "Rows Removed by Filter": 14552815
                                      },
                                      {
                                        "Node Type": "Hash",
                                        "Parent Relationship": "Inner",
                                        "Parallel Aware": true,
                                        "Startup Cost": 18082.32,
                                        "Total Cost": 18082.32,
                                        "Plan Rows": 554722,
                                        "Plan Width": 14,
                                        "Actual Startup Time": 459.103,
                                        "Actual Total Time": 459.104,
                                        "Actual Rows": 944918,
                                        "Actual Loops": 1,
                                        "Hash Buckets": 1048576,
                                        "Original Hash Buckets": 1048576,
                                        "Hash Batches": 1,
                                        "Original Hash Batches": 1,
                                        "Peak Memory Usage": 53120,
                                        "Plans": [
                                          {
                                            "Node Type": "Seq Scan",
                                            "Parent Relationship": "Outer",
                                            "Parallel Aware": true,
                                            "Relation Name": "movie_info_idx",
                                            "Alias": "mi_idx",
                                            "Startup Cost": 0.0,
                                            "Total Cost": 18082.32,
                                            "Plan Rows": 554722,
                                            "Plan Width": 14,
                                            "Actual Startup Time": 0.015,
                                            "Actual Total Time": 211.771,
                                            "Actual Rows": 944918,
                                            "Actual Loops": 1,
                                            "Filter": "(info > '11'::text)",
                                            "Rows Removed by Filter": 435117
                                          }
                                        ]
                                      }
                                    ]
                                  },
                                  {
                                    "Node Type": "Hash",
                                    "Parent Relationship": "Inner",
                                    "Parallel Aware": true,
                                    "Startup Cost": 58305.62,
                                    "Total Cost": 58305.62,
                                    "Plan Rows": 946838,
                                    "Plan Width": 21,
                                    "Actual Startup Time": 876.129,
                                    "Actual Total Time": 876.13,
                                    "Actual Rows": 1606199,
                                    "Actual Loops": 1,
                                    "Hash Buckets": 2097152,
                                    "Original Hash Buckets": 2097152,
                                    "Hash Batches": 1,
                                    "Original Hash Batches": 1,
                                    "Peak Memory Usage": 106368,
                                    "Plans": [
                                      {
                                        "Node Type": "Seq Scan",
                                        "Parent Relationship": "Outer",
                                        "Parallel Aware": true,
                                        "Relation Name": "title",
                                        "Alias": "t",
                                        "Startup Cost": 0.0,
                                        "Total Cost": 58305.62,
                                        "Plan Rows": 946838,
                                        "Plan Width": 21,
                                        "Actual Startup Time": 0.014,
                                        "Actual Total Time": 342.668,
                                        "Actual Rows": 1606199,
                                        "Actual Loops": 1,
                                        "Filter": "((production_year >= 1994) AND (production_year <= 2012))",
                                        "Rows Removed by Filter": 922113
                                      }
                                    ]
                                  }
                                ]
                              },
                              {
                                "Node Type": "Index Scan",
                                "Parent Relationship": "Inner",
                                "Parallel Aware": false,
                                "Scan Direction": "Forward",
                                "Index Name": "movie_id_cast_info",
                                "Relation Name": "cast_info",
                                "Alias": "ci",
                                "Startup Cost": 0.56,
                                "Total Cost": 2.32,
                                "Plan Rows": 4,
                                "Plan Width": 8,
                                "Actual Startup Time": 0.015,
                                "Actual Total Time": 0.033,
                                "Actual Rows": 4,
                                "Actual Loops": 135446,
                                "Index Cond": "(movie_id = t.id)",
                                "Rows Removed by Index Recheck": 0,
                                "Filter": "(note = ANY ('{(writer),(producer),(voice),\"(executive producer)\",(uncredited)}'::text[]))",
                                "Rows Removed by Filter": 32
                              }
                            ]
                          },
                          {
                            "Node Type": "Hash",
                            "Parent Relationship": "Inner",
                            "Parallel Aware": false,
                            "Startup Cost": 2.41,
                            "Total Cost": 2.41,
                            "Plan Rows": 1,
                            "Plan Width": 4,
                            "Actual Startup Time": 0.032,
                            "Actual Total Time": 0.034,
                            "Actual Rows": 1,
                            "Actual Loops": 1,
                            "Hash Buckets": 1024,
                            "Original Hash Buckets": 1024,
                            "Hash Batches": 1,
                            "Original Hash Batches": 1,
                            "Peak Memory Usage": 9,
                            "Plans": [
                              {
                                "Node Type": "Seq Scan",
                                "Parent Relationship": "Outer",
                                "Parallel Aware": false,
                                "Relation Name": "info_type",
                                "Alias": "it1",
                                "Startup Cost": 0.0,
                                "Total Cost": 2.41,
                                "Plan Rows": 1,
                                "Plan Width": 4,
                                "Actual Startup Time": 0.013,
                                "Actual Total Time": 0.03,
                                "Actual Rows": 1,
                                "Actual Loops": 1,
                                "Filter": "((info)::text = 'genres'::text)",
                                "Rows Removed by Filter": 112
                              }
                            ]
                          }
                        ]
                      },
                      {
                        "Node Type": "Index Scan",
                        "Parent Relationship": "Inner",
                        "Parallel Aware": false,
                        "Scan Direction": "Forward",
                        "Index Name": "name_pkey",
                        "Relation Name": "name",
                        "Alias": "n",
                        "Startup Cost": 0.43,
                        "Total Cost": 0.51,
                        "Plan Rows": 1,
                        "Plan Width": 4,
                        "Actual Startup Time": 0.003,
                        "Actual Total Time": 0.003,
                        "Actual Rows": 0,
                        "Actual Loops": 499273,
                        "Index Cond": "(id = ci.person_id)",
                        "Rows Removed by Index Recheck": 0,
                        "Filter": "((gender IS NOT NULL) AND ((gender)::text = 'm'::text))",
                        "Rows Removed by Filter": 1
                      }
                    ]
                  },
                  {
                    "Node Type": "Hash",
                    "Parent Relationship": "Inner",
                    "Parallel Aware": false,
                    "Startup Cost": 2.41,
                    "Total Cost": 2.41,
                    "Plan Rows": 1,
                    "Plan Width": 4,
                    "Actual Startup Time": 0.046,
                    "Actual Total Time": 0.047,
                    "Actual Rows": 1,
                    "Actual Loops": 1,
                    "Hash Buckets": 1024,
                    "Original Hash Buckets": 1024,
                    "Hash Batches": 1,
                    "Original Hash Batches": 1,
                    "Peak Memory Usage": 9,
                    "Plans": [
                      {
                        "Node Type": "Seq Scan",
                        "Parent Relationship": "Outer",
                        "Parallel Aware": false,
                        "Relation Name": "info_type",
                        "Alias": "it2",
                        "Startup Cost": 0.0,
                        "Total Cost": 2.41,
                        "Plan Rows": 1,
                        "Plan Width": 4,
                        "Actual Startup Time": 0.037,
                        "Actual Total Time": 0.041,
                        "Actual Rows": 1,
                        "Actual Loops": 1,
                        "Filter": "((info)::text = 'rating'::text)",
                        "Rows Removed by Filter": 112
                      }
                    ]
                  }
                ]
              }
            ]
          }
        ]
      }
    ]
  },
  "Planning Time": 1.939,
  "Triggers": [],
  "Execution Time": 9358.23
}