{
  "Plan": {
    "Node Type": "Aggregate",
    "Strategy": "Plain",
    "Partial Mode": "Finalize",
    "Parallel Aware": false,
    "Startup Cost": 15663.54,
    "Total Cost": 15663.55,
    "Plan Rows": 1,
    "Plan Width": 8,
    "Actual Startup Time": 40.564,
    "Actual Total Time": 45.685,
    "Actual Rows": 1,
    "Actual Loops": 1,
    "Plans": [
      {
        "Node Type": "Gather",
        "Parent Relationship": "Outer",
        "Parallel Aware": false,
        "Startup Cost": 15663.42,
        "Total Cost": 15663.53,
        "Plan Rows": 1,
        "Plan Width": 8,
        "Actual Startup Time": 40.425,
        "Actual Total Time": 45.679,
        "Actual Rows": 2,
        "Actual Loops": 1,
        "Workers Planned": 1,
        "Workers Launched": 1,
        "Single Copy": false,
        "Plans": [
          {
            "Node Type": "Aggregate",
            "Strategy": "Plain",
            "Partial Mode": "Partial",
            "Parent Relationship": "Outer",
            "Parallel Aware": false,
            "Startup Cost": 14663.42,
            "Total Cost": 14663.43,
            "Plan Rows": 1,
            "Plan Width": 8,
            "Actual Startup Time": 34.049,
            "Actual Total Time": 34.051,
            "Actual Rows": 1,
            "Actual Loops": 2,
            "Plans": [
              {
                "Node Type": "Nested Loop",
                "Parent Relationship": "Outer",
                "Parallel Aware": false,
                "Join Type": "Inner",
                "Startup Cost": 62.51,
                "Total Cost": 14663.13,
                "Plan Rows": 119,
                "Plan Width": 0,
                "Actual Startup Time": 2.225,
                "Actual Total Time": 33.734,
                "Actual Rows": 2108,
                "Actual Loops": 2,
                "Inner Unique": false,
                "Plans": [
                  {
                    "Node Type": "Nested Loop",
                    "Parent Relationship": "Outer",
                    "Parallel Aware": false,
                    "Join Type": "Inner",
                    "Startup Cost": 62.08,
                    "Total Cost": 14092.07,
                    "Plan Rows": 224,
                    "Plan Width": 8,
                    "Actual Startup Time": 2.078,
                    "Actual Total Time": 13.057,
                    "Actual Rows": 526,
                    "Actual Loops": 2,
                    "Inner Unique": true,
                    "Plans": [
                      {
                        "Node Type": "Bitmap Heap Scan",
                        "Parent Relationship": "Outer",
                        "Parallel Aware": true,
                        "Relation Name": "movie_companies",
                        "Alias": "mc",
                        "Startup Cost": 61.65,
                        "Total Cost": 7566.11,
                        "Plan Rows": 806,
                        "Plan Width": 4,
                        "Actual Startup Time": 1.859,
                        "Actual Total Time": 5.315,
                        "Actual Rows": 822,
                        "Actual Loops": 2,
                        "Recheck Cond": "(company_id = 228)",
                        "Rows Removed by Index Recheck": 0,
                        "Filter": "(company_type_id = 1)",
                        "Rows Removed by Filter": 516,
                        "Exact Heap Blocks": 1549,
                        "Lossy Heap Blocks": 0,
                        "Plans": [
                          {
                            "Node Type": "Bitmap Index Scan",
                            "Parent Relationship": "Outer",
                            "Parallel Aware": false,
                            "Index Name": "company_id_movie_companies",
                            "Startup Cost": 0.0,
                            "Total Cost": 61.3,
                            "Plan Rows": 2783,
                            "Plan Width": 0,
                            "Actual Startup Time": 2.749,
                            "Actual Total Time": 2.749,
                            "Actual Rows": 2676,
                            "Actual Loops": 1,
                            "Index Cond": "(company_id = 228)"
                          }
                        ]
                      },
                      {
                        "Node Type": "Index Scan",
                        "Parent Relationship": "Inner",
                        "Parallel Aware": false,
                        "Scan Direction": "Forward",
                        "Index Name": "title_pkey",
                        "Relation Name": "title",
                        "Alias": "t",
                        "Startup Cost": 0.43,
                        "Total Cost": 8.1,
                        "Plan Rows": 1,
                        "Plan Width": 4,
                        "Actual Startup Time": 0.009,
                        "Actual Total Time": 0.009,
                        "Actual Rows": 1,
                        "Actual Loops": 1643,
                        "Index Cond": "(id = mc.movie_id)",
                        "Rows Removed by Index Recheck": 0,
                        "Filter": "(production_year < 1991)",
                        "Rows Removed by Filter": 0
                      }
                    ]
                  },
                  {
                    "Node Type": "Index Scan",
                    "Parent Relationship": "Inner",
                    "Parallel Aware": false,
                    "Scan Direction": "Forward",
                    "Index Name": "movie_id_movie_info",
                    "Relation Name": "movie_info",
                    "Alias": "mi",
                    "Startup Cost": 0.43,
                    "Total Cost": 2.51,
                    "Plan Rows": 4,
                    "Plan Width": 4,
                    "Actual Startup Time": 0.02,
                    "Actual Total Time": 0.038,
                    "Actual Rows": 4,
                    "Actual Loops": 1052,
                    "Index Cond": "(movie_id = t.id)",
                    "Rows Removed by Index Recheck": 0,
                    "Filter": "(info_type_id = 7)",
                    "Rows Removed by Filter": 18
                  }
                ]
              }
            ]
          }
        ]
      }
    ]
  },
  "Planning Time": 0.916,
  "Triggers": [],
  "Execution Time": 45.782
}