{
  "Plan": {
    "Node Type": "Aggregate",
    "Strategy": "Plain",
    "Partial Mode": "Finalize",
    "Parallel Aware": false,
    "Startup Cost": 569851.87,
    "Total Cost": 569851.88,
    "Plan Rows": 1,
    "Plan Width": 8,
    "Actual Startup Time": 2818.12,
    "Actual Total Time": 2855.684,
    "Actual Rows": 1,
    "Actual Loops": 1,
    "Plans": [
      {
        "Node Type": "Gather",
        "Parent Relationship": "Outer",
        "Parallel Aware": false,
        "Startup Cost": 569851.75,
        "Total Cost": 569851.86,
        "Plan Rows": 1,
        "Plan Width": 8,
        "Actual Startup Time": 2813.915,
        "Actual Total Time": 2855.673,
        "Actual Rows": 2,
        "Actual Loops": 1,
        "Workers Planned": 1,
        "Workers Launched": 1,
        "Single Copy": false,
        "Plans": [
          {
            "Node Type": "Aggregate",
            "Strategy": "Plain",
            "Partial Mode": "Partial",
            "Parent Relationship": "Outer",
            "Parallel Aware": false,
            "Startup Cost": 568851.75,
            "Total Cost": 568851.76,
            "Plan Rows": 1,
            "Plan Width": 8,
            "Actual Startup Time": 2806.251,
            "Actual Total Time": 2806.255,
            "Actual Rows": 1,
            "Actual Loops": 2,
            "Plans": [
              {
                "Node Type": "Hash Join",
                "Parent Relationship": "Outer",
                "Parallel Aware": true,
                "Join Type": "Inner",
                "Startup Cost": 239483.08,
                "Total Cost": 562696.15,
                "Plan Rows": 2462241,
                "Plan Width": 0,
                "Actual Startup Time": 736.574,
                "Actual Total Time": 2701.082,
                "Actual Rows": 2070313,
                "Actual Loops": 2,
                "Inner Unique": true,
                "Hash Cond": "(ci.movie_id = t.id)",
                "Plans": [
                  {
                    "Node Type": "Bitmap Heap Scan",
                    "Parent Relationship": "Outer",
                    "Parallel Aware": true,
                    "Relation Name": "cast_info",
                    "Alias": "ci",
                    "Startup Cost": 175078.0,
                    "Total Cost": 486050.99,
                    "Plan Rows": 4662879,
                    "Plan Width": 4,
                    "Actual Startup Time": 321.618,
                    "Actual Total Time": 830.598,
                    "Actual Rows": 4040212,
                    "Actual Loops": 2,
                    "Recheck Cond": "(person_id < 790445)",
                    "Rows Removed by Index Recheck": 0,
                    "Exact Heap Blocks": 51881,
                    "Lossy Heap Blocks": 0,
                    "Plans": [
                      {
                        "Node Type": "Bitmap Index Scan",
                        "Parent Relationship": "Outer",
                        "Parallel Aware": false,
                        "Index Name": "person_id_cast_info",
                        "Startup Cost": 0.0,
                        "Total Cost": 173096.28,
                        "Plan Rows": 7926895,
                        "Plan Width": 0,
                        "Actual Startup Time": 306.982,
                        "Actual Total Time": 306.982,
                        "Actual Rows": 8080425,
                        "Actual Loops": 1,
                        "Index Cond": "(person_id < 790445)"
                      }
                    ]
                  },
                  {
                    "Node Type": "Hash",
                    "Parent Relationship": "Inner",
                    "Parallel Aware": true,
                    "Startup Cost": 54588.39,
                    "Total Cost": 54588.39,
                    "Plan Rows": 785335,
                    "Plan Width": 4,
                    "Actual Startup Time": 400.163,
                    "Actual Total Time": 400.164,
                    "Actual Rows": 661432,
                    "Actual Loops": 2,
                    "Hash Buckets": 2097152,
                    "Original Hash Buckets": 2097152,
                    "Hash Batches": 1,
                    "Original Hash Batches": 1,
                    "Peak Memory Usage": 68160,
                    "Plans": [
                      {
                        "Node Type": "Seq Scan",
                        "Parent Relationship": "Outer",
                        "Parallel Aware": true,
                        "Relation Name": "title",
                        "Alias": "t",
                        "Startup Cost": 0.0,
                        "Total Cost": 54588.39,
                        "Plan Rows": 785335,
                        "Plan Width": 4,
                        "Actual Startup Time": 0.041,
                        "Actual Total Time": 199.114,
                        "Actual Rows": 661432,
                        "Actual Loops": 2,
                        "Filter": "(production_year > 2001)",
                        "Rows Removed by Filter": 602724
                      }
                    ]
                  }
                ]
              }
            ]
          }
        ]
      }
    ]
  },
  "Planning Time": 0.594,
  "Triggers": [],
  "Execution Time": 2855.772
}