[
    {
        "Bao": {
            "Bao prediction": 462.281,
            "Bao recommended hint": "(no hint)"
        }
    },
    {
        "Plan": {
            "Node Type": "Aggregate",
            "Strategy": "Plain",
            "Partial Mode": "Finalize",
            "Parallel Aware": false,
            "Startup Cost": 33276.01,
            "Total Cost": 33276.02,
            "Plan Rows": 1,
            "Plan Width": 8,
            "Actual Startup Time": 99.289,
            "Actual Total Time": 104.614,
            "Actual Rows": 1,
            "Actual Loops": 1,
            "Output": [
                "count(*)"
            ],
            "Plans": [
                {
                    "Node Type": "Gather",
                    "Parent Relationship": "Outer",
                    "Parallel Aware": false,
                    "Startup Cost": 33275.69,
                    "Total Cost": 33276.0,
                    "Plan Rows": 3,
                    "Plan Width": 8,
                    "Actual Startup Time": 99.196,
                    "Actual Total Time": 104.607,
                    "Actual Rows": 4,
                    "Actual Loops": 1,
                    "Output": [
                        "(PARTIAL count(*))"
                    ],
                    "Workers Planned": 3,
                    "Workers Launched": 3,
                    "Single Copy": false,
                    "Plans": [
                        {
                            "Node Type": "Aggregate",
                            "Strategy": "Plain",
                            "Partial Mode": "Partial",
                            "Parent Relationship": "Outer",
                            "Parallel Aware": false,
                            "Startup Cost": 32275.69,
                            "Total Cost": 32275.7,
                            "Plan Rows": 1,
                            "Plan Width": 8,
                            "Actual Startup Time": 91.361,
                            "Actual Total Time": 91.361,
                            "Actual Rows": 1,
                            "Actual Loops": 4,
                            "Output": [
                                "PARTIAL count(*)"
                            ],
                            "Workers": [
                                {
                                    "Worker Number": 0,
                                    "Actual Startup Time": 88.75,
                                    "Actual Total Time": 88.751,
                                    "Actual Rows": 1,
                                    "Actual Loops": 1
                                },
                                {
                                    "Worker Number": 1,
                                    "Actual Startup Time": 88.943,
                                    "Actual Total Time": 88.944,
                                    "Actual Rows": 1,
                                    "Actual Loops": 1
                                },
                                {
                                    "Worker Number": 2,
                                    "Actual Startup Time": 89.193,
                                    "Actual Total Time": 89.194,
                                    "Actual Rows": 1,
                                    "Actual Loops": 1
                                }
                            ],
                            "Plans": [
                                {
                                    "Node Type": "Seq Scan",
                                    "Parent Relationship": "Outer",
                                    "Parallel Aware": true,
                                    "Relation Name": "movie_companies",
                                    "Schema": "public",
                                    "Alias": "mc",
                                    "Startup Cost": 0.0,
                                    "Total Cost": 31414.82,
                                    "Plan Rows": 344349,
                                    "Plan Width": 0,
                                    "Actual Startup Time": 0.188,
                                    "Actual Total Time": 78.199,
                                    "Actual Rows": 236765,
                                    "Actual Loops": 4,
                                    "Output": [
                                        "id",
                                        "movie_id",
                                        "company_id",
                                        "company_type_id",
                                        "note"
                                    ],
                                    "Filter": "((mc.company_id > 302) AND (mc.company_type_id = 1))",
                                    "Rows Removed by Filter": 415517,
                                    "Workers": [
                                        {
                                            "Worker Number": 0,
                                            "Actual Startup Time": 0.138,
                                            "Actual Total Time": 76.645,
                                            "Actual Rows": 216784,
                                            "Actual Loops": 1
                                        },
                                        {
                                            "Worker Number": 1,
                                            "Actual Startup Time": 0.062,
                                            "Actual Total Time": 76.768,
                                            "Actual Rows": 217505,
                                            "Actual Loops": 1
                                        },
                                        {
                                            "Worker Number": 2,
                                            "Actual Startup Time": 0.117,
                                            "Actual Total Time": 76.939,
                                            "Actual Rows": 217996,
                                            "Actual Loops": 1
                                        }
                                    ]
                                }
                            ]
                        }
                    ]
                }
            ]
        },
        "Planning Time": 600.952,
        "Triggers": [],
        "Execution Time": 104.696
    }
]