[
  {
    "Plan": {
      "Node Type": "Aggregate",
      "Strategy": "Plain",
      "Partial Mode": "Finalize",
      "Parallel Aware": false,
      "Startup Cost": 251455.0,
      "Total Cost": 251455.01,
      "Plan Rows": 1,
      "Plan Width": 8,
      "Actual Startup Time": 327.46,
      "Actual Total Time": 354.064,
      "Actual Rows": 1,
      "Actual Loops": 1,
      "Plans": [
        {
          "Node Type": "Gather",
          "Parent Relationship": "Outer",
          "Parallel Aware": false,
          "Startup Cost": 251454.37,
          "Total Cost": 251454.98,
          "Plan Rows": 6,
          "Plan Width": 8,
          "Actual Startup Time": 324.39,
          "Actual Total Time": 354.05,
          "Actual Rows": 7,
          "Actual Loops": 1,
          "Workers Planned": 6,
          "Workers Launched": 6,
          "Single Copy": false,
          "Plans": [
            {
              "Node Type": "Aggregate",
              "Strategy": "Plain",
              "Partial Mode": "Partial",
              "Parent Relationship": "Outer",
              "Parallel Aware": false,
              "Startup Cost": 250454.37,
              "Total Cost": 250454.38,
              "Plan Rows": 1,
              "Plan Width": 8,
              "Actual Startup Time": 316.241,
              "Actual Total Time": 316.245,
              "Actual Rows": 1,
              "Actual Loops": 7,
              "Plans": [
                {
                  "Node Type": "Hash Join",
                  "Parent Relationship": "Outer",
                  "Parallel Aware": true,
                  "Join Type": "Inner",
                  "Startup Cost": 47389.4,
                  "Total Cost": 250233.46,
                  "Plan Rows": 88364,
                  "Plan Width": 0,
                  "Actual Startup Time": 115.399,
                  "Actual Total Time": 316.223,
                  "Actual Rows": 79,
                  "Actual Loops": 7,
                  "Inner Unique": true,
                  "Hash Cond": "(ci.movie_id = t.id)",
                  "Plans": [
                    {
                      "Node Type": "Index Scan",
                      "Parent Relationship": "Outer",
                      "Parallel Aware": true,
                      "Scan Direction": "Forward",
                      "Index Name": "role_id_cast_info",
                      "Relation Name": "cast_info",
                      "Alias": "ci",
                      "Startup Cost": 0.56,
                      "Total Cost": 201884.69,
                      "Plan Rows": 365689,
                      "Plan Width": 4,
                      "Actual Startup Time": 6.537,
                      "Actual Total Time": 209.505,
                      "Actual Rows": 255,
                      "Actual Loops": 7,
                      "Index Cond": "(role_id = 2)",
                      "Rows Removed by Index Recheck": 0,
                      "Filter": "(person_id < 1040076)",
                      "Rows Removed by Filter": 1064312
                    },
                    {
                      "Node Type": "Hash",
                      "Parent Relationship": "Inner",
                      "Parallel Aware": true,
                      "Startup Cost": 45479.59,
                      "Total Cost": 45479.59,
                      "Plan Rows": 152740,
                      "Plan Width": 4,
                      "Actual Startup Time": 103.936,
                      "Actual Total Time": 103.938,
                      "Actual Rows": 73375,
                      "Actual Loops": 7,
                      "Hash Buckets": 1048576,
                      "Original Hash Buckets": 1048576,
                      "Hash Batches": 1,
                      "Original Hash Batches": 1,
                      "Peak Memory Usage": 28352,
                      "Plans": [
                        {
                          "Node Type": "Seq Scan",
                          "Parent Relationship": "Outer",
                          "Parallel Aware": true,
                          "Relation Name": "title",
                          "Alias": "t",
                          "Startup Cost": 0.0,
                          "Total Cost": 45479.59,
                          "Plan Rows": 152740,
                          "Plan Width": 4,
                          "Actual Startup Time": 0.04,
                          "Actual Total Time": 71.462,
                          "Actual Rows": 73375,
                          "Actual Loops": 7,
                          "Filter": "((kind_id < 6) AND (production_year > 1996))",
                          "Rows Removed by Filter": 287813
                        }
                      ]
                    }
                  ]
                }
              ]
            }
          ]
        }
      ]
    },
    "Planning Time": 0.536,
    "Triggers": [],
    "Execution Time": 354.115
  }
]