[
  {
    "Plan": {
      "Node Type": "Aggregate",
      "Strategy": "Plain",
      "Partial Mode": "Finalize",
      "Parallel Aware": false,
      "Startup Cost": 612682.48,
      "Total Cost": 612682.49,
      "Plan Rows": 1,
      "Plan Width": 8,
      "Actual Startup Time": 2609.757,
      "Actual Total Time": 2708.86,
      "Actual Rows": 1,
      "Actual Loops": 1,
      "Plans": [
        {
          "Node Type": "Gather",
          "Parent Relationship": "Outer",
          "Parallel Aware": false,
          "Startup Cost": 612681.96,
          "Total Cost": 612682.47,
          "Plan Rows": 5,
          "Plan Width": 8,
          "Actual Startup Time": 2582.161,
          "Actual Total Time": 2708.83,
          "Actual Rows": 6,
          "Actual Loops": 1,
          "Workers Planned": 5,
          "Workers Launched": 5,
          "Single Copy": false,
          "Plans": [
            {
              "Node Type": "Aggregate",
              "Strategy": "Plain",
              "Partial Mode": "Partial",
              "Parent Relationship": "Outer",
              "Parallel Aware": false,
              "Startup Cost": 611681.96,
              "Total Cost": 611681.97,
              "Plan Rows": 1,
              "Plan Width": 8,
              "Actual Startup Time": 2562.298,
              "Actual Total Time": 2562.994,
              "Actual Rows": 1,
              "Actual Loops": 6,
              "Plans": [
                {
                  "Node Type": "Hash Join",
                  "Parent Relationship": "Outer",
                  "Parallel Aware": true,
                  "Join Type": "Inner",
                  "Startup Cost": 398490.05,
                  "Total Cost": 607438.43,
                  "Plan Rows": 1697412,
                  "Plan Width": 0,
                  "Actual Startup Time": 1522.91,
                  "Actual Total Time": 2474.275,
                  "Actual Rows": 2132676,
                  "Actual Loops": 6,
                  "Inner Unique": false,
                  "Hash Cond": "(mi.movie_id = t.id)",
                  "Plans": [
                    {
                      "Node Type": "Seq Scan",
                      "Parent Relationship": "Outer",
                      "Parallel Aware": true,
                      "Relation Name": "movie_info",
                      "Alias": "mi",
                      "Startup Cost": 0.0,
                      "Total Cost": 199108.24,
                      "Plan Rows": 1869633,
                      "Plan Width": 4,
                      "Actual Startup Time": 16.285,
                      "Actual Total Time": 352.881,
                      "Actual Rows": 1570867,
                      "Actual Loops": 6,
                      "Filter": "(info_type_id > 5)",
                      "Rows Removed by Filter": 901753
                    },
                    {
                      "Node Type": "Hash",
                      "Parent Relationship": "Inner",
                      "Parallel Aware": true,
                      "Startup Cost": 393707.72,
                      "Total Cost": 393707.72,
                      "Plan Rows": 382586,
                      "Plan Width": 8,
                      "Actual Startup Time": 1498.744,
                      "Actual Total Time": 1499.438,
                      "Actual Rows": 565047,
                      "Actual Loops": 6,
                      "Hash Buckets": 4194304,
                      "Original Hash Buckets": 4194304,
                      "Hash Batches": 1,
                      "Original Hash Batches": 1,
                      "Peak Memory Usage": 165504,
                      "Plans": [
                        {
                          "Node Type": "Hash Join",
                          "Parent Relationship": "Outer",
                          "Parallel Aware": true,
                          "Join Type": "Inner",
                          "Startup Cost": 48758.37,
                          "Total Cost": 393707.72,
                          "Plan Rows": 382586,
                          "Plan Width": 8,
                          "Actual Startup Time": 634.978,
                          "Actual Total Time": 1249.672,
                          "Actual Rows": 565047,
                          "Actual Loops": 6,
                          "Inner Unique": true,
                          "Hash Cond": "(ci.movie_id = t.id)",
                          "Plans": [
                            {
                              "Node Type": "Seq Scan",
                              "Parent Relationship": "Outer",
                              "Parallel Aware": true,
                              "Relation Name": "cast_info",
                              "Alias": "ci",
                              "Startup Cost": 0.0,
                              "Total Cost": 343316.27,
                              "Plan Rows": 622125,
                              "Plan Width": 4,
                              "Actual Startup Time": 429.815,
                              "Actual Total Time": 689.735,
                              "Actual Rows": 948408,
                              "Actual Loops": 6,
                              "Filter": "((person_id > 3079699) AND (role_id > 1))",
                              "Rows Removed by Filter": 5092316
                            },
                            {
                              "Node Type": "Hash",
                              "Parent Relationship": "Inner",
                              "Parallel Aware": true,
                              "Startup Cost": 43899.32,
                              "Total Cost": 43899.32,
                              "Plan Rows": 388724,
                              "Plan Width": 4,
                              "Actual Startup Time": 202.876,
                              "Actual Total Time": 202.878,
                              "Actual Rows": 259311,
                              "Actual Loops": 6,
                              "Hash Buckets": 2097152,
                              "Original Hash Buckets": 2097152,
                              "Hash Batches": 1,
                              "Original Hash Batches": 1,
                              "Peak Memory Usage": 77344,
                              "Plans": [
                                {
                                  "Node Type": "Seq Scan",
                                  "Parent Relationship": "Outer",
                                  "Parallel Aware": true,
                                  "Relation Name": "title",
                                  "Alias": "t",
                                  "Startup Cost": 0.0,
                                  "Total Cost": 43899.32,
                                  "Plan Rows": 388724,
                                  "Plan Width": 4,
                                  "Actual Startup Time": 0.042,
                                  "Actual Total Time": 87.376,
                                  "Actual Rows": 259311,
                                  "Actual Loops": 6,
                                  "Filter": "(kind_id > 4)",
                                  "Rows Removed by Filter": 162075
                                }
                              ]
                            }
                          ]
                        }
                      ]
                    }
                  ]
                }
              ]
            }
          ]
        }
      ]
    },
    "Planning Time": 1.43,
    "Triggers": [],
    "Execution Time": 2709.037
  }
]