[
  {
    "Plan": {
      "Node Type": "Aggregate",
      "Strategy": "Plain",
      "Partial Mode": "Finalize",
      "Parallel Aware": false,
      "Startup Cost": 116797.27,
      "Total Cost": 116797.28,
      "Plan Rows": 1,
      "Plan Width": 8,
      "Actual Startup Time": 324.994,
      "Actual Total Time": 350.699,
      "Actual Rows": 1,
      "Actual Loops": 1,
      "Plans": [
        {
          "Node Type": "Gather",
          "Parent Relationship": "Outer",
          "Parallel Aware": false,
          "Startup Cost": 116796.96,
          "Total Cost": 116797.27,
          "Plan Rows": 3,
          "Plan Width": 8,
          "Actual Startup Time": 324.65,
          "Actual Total Time": 350.691,
          "Actual Rows": 4,
          "Actual Loops": 1,
          "Workers Planned": 3,
          "Workers Launched": 3,
          "Single Copy": false,
          "Plans": [
            {
              "Node Type": "Aggregate",
              "Strategy": "Plain",
              "Partial Mode": "Partial",
              "Parent Relationship": "Outer",
              "Parallel Aware": false,
              "Startup Cost": 115796.96,
              "Total Cost": 115796.97,
              "Plan Rows": 1,
              "Plan Width": 8,
              "Actual Startup Time": 315.325,
              "Actual Total Time": 315.328,
              "Actual Rows": 1,
              "Actual Loops": 4,
              "Plans": [
                {
                  "Node Type": "Nested Loop",
                  "Parent Relationship": "Outer",
                  "Parallel Aware": false,
                  "Join Type": "Inner",
                  "Startup Cost": 44025.38,
                  "Total Cost": 115604.87,
                  "Plan Rows": 76833,
                  "Plan Width": 0,
                  "Actual Startup Time": 137.508,
                  "Actual Total Time": 313.874,
                  "Actual Rows": 22699,
                  "Actual Loops": 4,
                  "Inner Unique": false,
                  "Join Filter": "(t.id = mi.movie_id)",
                  "Rows Removed by Join Filter": 0,
                  "Plans": [
                    {
                      "Node Type": "Hash Join",
                      "Parent Relationship": "Outer",
                      "Parallel Aware": true,
                      "Join Type": "Inner",
                      "Startup Cost": 44024.94,
                      "Total Cost": 88883.03,
                      "Plan Rows": 13140,
                      "Plan Width": 8,
                      "Actual Startup Time": 137.411,
                      "Actual Total Time": 275.171,
                      "Actual Rows": 1762,
                      "Actual Loops": 4,
                      "Inner Unique": true,
                      "Hash Cond": "(mk.movie_id = t.id)",
                      "Plans": [
                        {
                          "Node Type": "Seq Scan",
                          "Parent Relationship": "Outer",
                          "Parallel Aware": true,
                          "Relation Name": "movie_keyword",
                          "Alias": "mk",
                          "Startup Cost": 0.0,
                          "Total Cost": 42695.65,
                          "Plan Rows": 823785,
                          "Plan Width": 4,
                          "Actual Startup Time": 0.026,
                          "Actual Total Time": 119.558,
                          "Actual Rows": 638348,
                          "Actual Loops": 4,
                          "Filter": "(keyword_id < 6428)",
                          "Rows Removed by Filter": 492635
                        },
                        {
                          "Node Type": "Hash",
                          "Parent Relationship": "Inner",
                          "Parallel Aware": true,
                          "Startup Cost": 43898.92,
                          "Total Cost": 43898.92,
                          "Plan Rows": 10082,
                          "Plan Width": 4,
                          "Actual Startup Time": 102.711,
                          "Actual Total Time": 102.712,
                          "Actual Rows": 10705,
                          "Actual Loops": 4,
                          "Hash Buckets": 65536,
                          "Original Hash Buckets": 65536,
                          "Hash Batches": 1,
                          "Original Hash Batches": 1,
                          "Peak Memory Usage": 2272,
                          "Plans": [
                            {
                              "Node Type": "Seq Scan",
                              "Parent Relationship": "Outer",
                              "Parallel Aware": true,
                              "Relation Name": "title",
                              "Alias": "t",
                              "Startup Cost": 0.0,
                              "Total Cost": 43898.92,
                              "Plan Rows": 10082,
                              "Plan Width": 4,
                              "Actual Startup Time": 59.997,
                              "Actual Total Time": 98.452,
                              "Actual Rows": 10705,
                              "Actual Loops": 4,
                              "Filter": "(production_year < 1913)",
                              "Rows Removed by Filter": 621373
                            }
                          ]
                        }
                      ]
                    },
                    {
                      "Node Type": "Index Only Scan",
                      "Parent Relationship": "Inner",
                      "Parallel Aware": false,
                      "Scan Direction": "Forward",
                      "Index Name": "movie_id_movie_info",
                      "Relation Name": "movie_info",
                      "Alias": "mi",
                      "Startup Cost": 0.43,
                      "Total Cost": 1.51,
                      "Plan Rows": 42,
                      "Plan Width": 4,
                      "Actual Startup Time": 0.007,
                      "Actual Total Time": 0.02,
                      "Actual Rows": 13,
                      "Actual Loops": 7046,
                      "Index Cond": "(movie_id = mk.movie_id)",
                      "Rows Removed by Index Recheck": 0,
                      "Heap Fetches": 90796
                    }
                  ]
                }
              ]
            }
          ]
        }
      ]
    },
    "Planning Time": 1.322,
    "Triggers": [],
    "Execution Time": 350.782
  }
]