[
  {
    "Plan": {
      "Node Type": "Aggregate",
      "Strategy": "Plain",
      "Partial Mode": "Finalize",
      "Parallel Aware": false,
      "Startup Cost": 350117.73,
      "Total Cost": 350117.74,
      "Plan Rows": 1,
      "Plan Width": 8,
      "Actual Startup Time": 903.208,
      "Actual Total Time": 948.215,
      "Actual Rows": 1,
      "Actual Loops": 1,
      "Plans": [
        {
          "Node Type": "Gather",
          "Parent Relationship": "Outer",
          "Parallel Aware": false,
          "Startup Cost": 350117.1,
          "Total Cost": 350117.71,
          "Plan Rows": 6,
          "Plan Width": 8,
          "Actual Startup Time": 903.035,
          "Actual Total Time": 948.204,
          "Actual Rows": 7,
          "Actual Loops": 1,
          "Workers Planned": 6,
          "Workers Launched": 6,
          "Single Copy": false,
          "Plans": [
            {
              "Node Type": "Aggregate",
              "Strategy": "Plain",
              "Partial Mode": "Partial",
              "Parent Relationship": "Outer",
              "Parallel Aware": false,
              "Startup Cost": 349117.1,
              "Total Cost": 349117.11,
              "Plan Rows": 1,
              "Plan Width": 8,
              "Actual Startup Time": 894.585,
              "Actual Total Time": 894.586,
              "Actual Rows": 1,
              "Actual Loops": 7,
              "Plans": [
                {
                  "Node Type": "Seq Scan",
                  "Parent Relationship": "Outer",
                  "Parallel Aware": true,
                  "Relation Name": "cast_info",
                  "Alias": "ci",
                  "Startup Cost": 0.0,
                  "Total Cost": 343316.27,
                  "Plan Rows": 2320333,
                  "Plan Width": 0,
                  "Actual Startup Time": 237.029,
                  "Actual Total Time": 745.915,
                  "Actual Rows": 2771124,
                  "Actual Loops": 7,
                  "Filter": "((person_id > 1475477) AND (role_id > 1))",
                  "Rows Removed by Filter": 2406639
                }
              ]
            }
          ]
        }
      ]
    },
    "Planning Time": 0.133,
    "Triggers": [],
    "Execution Time": 948.261
  }
]