{
  "Plan": {
    "Node Type": "Aggregate",
    "Strategy": "Plain",
    "Partial Mode": "Finalize",
    "Parallel Aware": false,
    "Startup Cost": 756325.78,
    "Total Cost": 756325.79,
    "Plan Rows": 1,
    "Plan Width": 64,
    "Actual Startup Time": 9274.557,
    "Actual Total Time": 9274.658,
    "Actual Rows": 1,
    "Actual Loops": 1,
    "Plans": [
      {
        "Node Type": "Gather",
        "Parent Relationship": "Outer",
        "Parallel Aware": false,
        "Startup Cost": 756325.67,
        "Total Cost": 756325.78,
        "Plan Rows": 1,
        "Plan Width": 64,
        "Actual Startup Time": 9274.55,
        "Actual Total Time": 9274.652,
        "Actual Rows": 1,
        "Actual Loops": 1,
        "Workers Planned": 1,
        "Workers Launched": 0,
        "Single Copy": false,
        "Plans": [
          {
            "Node Type": "Aggregate",
            "Strategy": "Plain",
            "Partial Mode": "Partial",
            "Parent Relationship": "Outer",
            "Parallel Aware": false,
            "Startup Cost": 755325.67,
            "Total Cost": 755325.68,
            "Plan Rows": 1,
            "Plan Width": 64,
            "Actual Startup Time": 9273.803,
            "Actual Total Time": 9273.813,
            "Actual Rows": 1,
            "Actual Loops": 1,
            "Plans": [
              {
                "Node Type": "Merge Join",
                "Parent Relationship": "Outer",
                "Parallel Aware": false,
                "Join Type": "Inner",
                "Startup Cost": 745755.38,
                "Total Cost": 754687.65,
                "Plan Rows": 127604,
                "Plan Width": 33,
                "Actual Startup Time": 9174.378,
                "Actual Total Time": 9239.886,
                "Actual Rows": 406258,
                "Actual Loops": 1,
                "Inner Unique": true,
                "Merge Cond": "(ci.role_id = rt.id)",
                "Plans": [
                  {
                    "Node Type": "Sort",
                    "Parent Relationship": "Outer",
                    "Parallel Aware": false,
                    "Startup Cost": 745754.22,
                    "Total Cost": 749582.33,
                    "Plan Rows": 1531244,
                    "Plan Width": 37,
                    "Actual Startup Time": 9056.134,
                    "Actual Total Time": 9125.794,
                    "Actual Rows": 1433921,
                    "Actual Loops": 1,
                    "Sort Key": [
                      "ci.role_id"
                    ],
                    "Sort Method": "quicksort",
                    "Sort Space Used": 301857,
                    "Sort Space Type": "Memory",
                    "Plans": [
                      {
                        "Node Type": "Merge Join",
                        "Parent Relationship": "Outer",
                        "Parallel Aware": false,
                        "Join Type": "Inner",
                        "Startup Cost": 355194.4,
                        "Total Cost": 588447.44,
                        "Plan Rows": 1531244,
                        "Plan Width": 37,
                        "Actual Startup Time": 5148.896,
                        "Actual Total Time": 8390.089,
                        "Actual Rows": 2186718,
                        "Actual Loops": 1,
                        "Inner Unique": true,
                        "Merge Cond": "(an1.person_id = n1.id)",
                        "Plans": [
                          {
                            "Node Type": "Merge Join",
                            "Parent Relationship": "Outer",
                            "Parallel Aware": false,
                            "Join Type": "Inner",
                            "Startup Cost": 355193.83,
                            "Total Cost": 380714.49,
                            "Plan Rows": 1531244,
                            "Plan Width": 45,
                            "Actual Startup Time": 5148.847,
                            "Actual Total Time": 6594.632,
                            "Actual Rows": 2186718,
                            "Actual Loops": 1,
                            "Inner Unique": false,
                            "Merge Cond": "(ci.person_id = an1.person_id)",
                            "Plans": [
                              {
                                "Node Type": "Sort",
                                "Parent Relationship": "Outer",
                                "Parallel Aware": false,
                                "Startup Cost": 245633.68,
                                "Total Cost": 247229.08,
                                "Plan Rows": 638162,
                                "Plan Width": 25,
                                "Actual Startup Time": 4786.407,
                                "Actual Total Time": 5452.013,
                                "Actual Rows": 2672092,
                                "Actual Loops": 1,
                                "Sort Key": [
                                  "ci.person_id"
                                ],
                                "Sort Method": "quicksort",
                                "Sort Space Used": 304356,
                                "Sort Space Type": "Memory",
                                "Plans": [
                                  {
                                    "Node Type": "Nested Loop",
                                    "Parent Relationship": "Outer",
                                    "Parallel Aware": false,
                                    "Join Type": "Inner",
                                    "Startup Cost": 1.42,
                                    "Total Cost": 184103.49,
                                    "Plan Rows": 638162,
                                    "Plan Width": 25,
                                    "Actual Startup Time": 0.106,
                                    "Actual Total Time": 3878.545,
                                    "Actual Rows": 2672092,
                                    "Actual Loops": 1,
                                    "Inner Unique": false,
                                    "Plans": [
                                      {
                                        "Node Type": "Nested Loop",
                                        "Parent Relationship": "Outer",
                                        "Parallel Aware": false,
                                        "Join Type": "Inner",
                                        "Startup Cost": 0.86,
                                        "Total Cost": 89162.91,
                                        "Plan Rows": 44509,
                                        "Plan Width": 25,
                                        "Actual Startup Time": 0.07,
                                        "Actual Total Time": 599.896,
                                        "Actual Rows": 104995,
                                        "Actual Loops": 1,
                                        "Inner Unique": true,
                                        "Plans": [
                                          {
                                            "Node Type": "Nested Loop",
                                            "Parent Relationship": "Outer",
                                            "Parallel Aware": false,
                                            "Join Type": "Inner",
                                            "Startup Cost": 0.43,
                                            "Total Cost": 66174.45,
                                            "Plan Rows": 44509,
                                            "Plan Width": 4,
                                            "Actual Startup Time": 0.052,
                                            "Actual Total Time": 172.727,
                                            "Actual Rows": 104995,
                                            "Actual Loops": 1,
                                            "Inner Unique": false,
                                            "Plans": [
                                              {
                                                "Node Type": "Seq Scan",
                                                "Parent Relationship": "Outer",
                                                "Parallel Aware": true,
                                                "Relation Name": "company_name",
                                                "Alias": "cn",
                                                "Startup Cost": 0.0,
                                                "Total Cost": 4722.92,
                                                "Plan Rows": 4009,
                                                "Plan Width": 4,
                                                "Actual Startup Time": 0.021,
                                                "Actual Total Time": 24.335,
                                                "Actual Rows": 6752,
                                                "Actual Loops": 1,
                                                "Filter": "((country_code)::text = '[jp]'::text)",
                                                "Rows Removed by Filter": 228245
                                              },
                                              {
                                                "Node Type": "Index Scan",
                                                "Parent Relationship": "Inner",
                                                "Parallel Aware": false,
                                                "Scan Direction": "Forward",
                                                "Index Name": "company_id_movie_companies",
                                                "Relation Name": "movie_companies",
                                                "Alias": "mc",
                                                "Startup Cost": 0.43,
                                                "Total Cost": 14.01,
                                                "Plan Rows": 132,
                                                "Plan Width": 8,
                                                "Actual Startup Time": 0.006,
                                                "Actual Total Time": 0.02,
                                                "Actual Rows": 16,
                                                "Actual Loops": 6752,
                                                "Index Cond": "(company_id = cn.id)",
                                                "Rows Removed by Index Recheck": 0
                                              }
                                            ]
                                          },
                                          {
                                            "Node Type": "Index Scan",
                                            "Parent Relationship": "Inner",
                                            "Parallel Aware": false,
                                            "Scan Direction": "Forward",
                                            "Index Name": "title_pkey",
                                            "Relation Name": "title",
                                            "Alias": "t",
                                            "Startup Cost": 0.43,
                                            "Total Cost": 0.52,
                                            "Plan Rows": 1,
                                            "Plan Width": 21,
                                            "Actual Startup Time": 0.004,
                                            "Actual Total Time": 0.004,
                                            "Actual Rows": 1,
                                            "Actual Loops": 104995,
                                            "Index Cond": "(id = mc.movie_id)",
                                            "Rows Removed by Index Recheck": 0
                                          }
                                        ]
                                      },
                                      {
                                        "Node Type": "Index Scan",
                                        "Parent Relationship": "Inner",
                                        "Parallel Aware": false,
                                        "Scan Direction": "Forward",
                                        "Index Name": "movie_id_cast_info",
                                        "Relation Name": "cast_info",
                                        "Alias": "ci",
                                        "Startup Cost": 0.56,
                                        "Total Cost": 1.78,
                                        "Plan Rows": 35,
                                        "Plan Width": 12,
                                        "Actual Startup Time": 0.004,
                                        "Actual Total Time": 0.028,
                                        "Actual Rows": 25,
                                        "Actual Loops": 104995,
                                        "Index Cond": "(movie_id = t.id)",
                                        "Rows Removed by Index Recheck": 0
                                      }
                                    ]
                                  }
                                ]
                              },
                              {
                                "Node Type": "Sort",
                                "Parent Relationship": "Inner",
                                "Parallel Aware": false,
                                "Startup Cost": 109559.99,
                                "Total Cost": 111813.35,
                                "Plan Rows": 901343,
                                "Plan Width": 20,
                                "Actual Startup Time": 362.426,
                                "Actual Total Time": 523.103,
                                "Actual Rows": 2736530,
                                "Actual Loops": 1,
                                "Sort Key": [
                                  "an1.person_id"
                                ],
                                "Sort Method": "quicksort",
                                "Sort Space Used": 89764,
                                "Sort Space Type": "Memory",
                                "Plans": [
                                  {
                                    "Node Type": "Seq Scan",
                                    "Parent Relationship": "Outer",
                                    "Parallel Aware": false,
                                    "Relation Name": "aka_name",
                                    "Alias": "an1",
                                    "Startup Cost": 0.0,
                                    "Total Cost": 20409.43,
                                    "Plan Rows": 901343,
                                    "Plan Width": 20,
                                    "Actual Startup Time": 0.021,
                                    "Actual Total Time": 97.751,
                                    "Actual Rows": 901343,
                                    "Actual Loops": 1
                                  }
                                ]
                              }
                            ]
                          },
                          {
                            "Node Type": "Index Only Scan",
                            "Parent Relationship": "Inner",
                            "Parallel Aware": false,
                            "Scan Direction": "Forward",
                            "Index Name": "name_pkey",
                            "Relation Name": "name",
                            "Alias": "n1",
                            "Startup Cost": 0.43,
                            "Total Cost": 178174.24,
                            "Plan Rows": 4167577,
                            "Plan Width": 4,
                            "Actual Startup Time": 0.04,
                            "Actual Total Time": 1392.717,
                            "Actual Rows": 4061913,
                            "Actual Loops": 1,
                            "Heap Fetches": 4061913
                          }
                        ]
                      }
                    ]
                  },
                  {
                    "Node Type": "Sort",
                    "Parent Relationship": "Inner",
                    "Parallel Aware": false,
                    "Startup Cost": 1.16,
                    "Total Cost": 1.16,
                    "Plan Rows": 1,
                    "Plan Width": 4,
                    "Actual Startup Time": 0.036,
                    "Actual Total Time": 0.037,
                    "Actual Rows": 1,
                    "Actual Loops": 1,
                    "Sort Key": [
                      "rt.id"
                    ],
                    "Sort Method": "quicksort",
                    "Sort Space Used": 25,
                    "Sort Space Type": "Memory",
                    "Plans": [
                      {
                        "Node Type": "Seq Scan",
                        "Parent Relationship": "Outer",
                        "Parallel Aware": false,
                        "Relation Name": "role_type",
                        "Alias": "rt",
                        "Startup Cost": 0.0,
                        "Total Cost": 1.15,
                        "Plan Rows": 1,
                        "Plan Width": 4,
                        "Actual Startup Time": 0.022,
                        "Actual Total Time": 0.023,
                        "Actual Rows": 1,
                        "Actual Loops": 1,
                        "Filter": "((role)::text = 'actress'::text)",
                        "Rows Removed by Filter": 11
                      }
                    ]
                  }
                ]
              }
            ]
          }
        ]
      }
    ]
  },
  "Planning Time": 1.636,
  "Triggers": [],
  "Execution Time": 9317.335
}