[
  {
    "Plan": {
      "Node Type": "Aggregate",
      "Strategy": "Plain",
      "Partial Mode": "Finalize",
      "Parallel Aware": false,
      "Startup Cost": 106799.8,
      "Total Cost": 106799.81,
      "Plan Rows": 1,
      "Plan Width": 8,
      "Actual Startup Time": 1019.275,
      "Actual Total Time": 1047.652,
      "Actual Rows": 1,
      "Actual Loops": 1,
      "Plans": [
        {
          "Node Type": "Gather",
          "Parent Relationship": "Outer",
          "Parallel Aware": false,
          "Startup Cost": 106799.48,
          "Total Cost": 106799.79,
          "Plan Rows": 3,
          "Plan Width": 8,
          "Actual Startup Time": 1005.042,
          "Actual Total Time": 1047.637,
          "Actual Rows": 4,
          "Actual Loops": 1,
          "Workers Planned": 3,
          "Workers Launched": 3,
          "Single Copy": false,
          "Plans": [
            {
              "Node Type": "Aggregate",
              "Strategy": "Plain",
              "Partial Mode": "Partial",
              "Parent Relationship": "Outer",
              "Parallel Aware": false,
              "Startup Cost": 105799.48,
              "Total Cost": 105799.49,
              "Plan Rows": 1,
              "Plan Width": 8,
              "Actual Startup Time": 992.904,
              "Actual Total Time": 993.56,
              "Actual Rows": 1,
              "Actual Loops": 4,
              "Plans": [
                {
                  "Node Type": "Hash Join",
                  "Parent Relationship": "Outer",
                  "Parallel Aware": true,
                  "Join Type": "Inner",
                  "Startup Cost": 72440.38,
                  "Total Cost": 105098.3,
                  "Plan Rows": 280474,
                  "Plan Width": 0,
                  "Actual Startup Time": 699.965,
                  "Actual Total Time": 959.708,
                  "Actual Rows": 600270,
                  "Actual Loops": 4,
                  "Inner Unique": false,
                  "Hash Cond": "(mc.movie_id = t.id)",
                  "Plans": [
                    {
                      "Node Type": "Seq Scan",
                      "Parent Relationship": "Outer",
                      "Parallel Aware": true,
                      "Relation Name": "movie_companies",
                      "Alias": "mc",
                      "Startup Cost": 0.0,
                      "Total Cost": 29310.68,
                      "Plan Rows": 580958,
                      "Plan Width": 4,
                      "Actual Startup Time": 0.761,
                      "Actual Total Time": 95.071,
                      "Actual Rows": 450224,
                      "Actual Loops": 4,
                      "Filter": "(company_id > 1841)",
                      "Rows Removed by Filter": 202058
                    },
                    {
                      "Node Type": "Hash",
                      "Parent Relationship": "Inner",
                      "Parallel Aware": true,
                      "Startup Cost": 66082.74,
                      "Total Cost": 66082.74,
                      "Plan Rows": 508611,
                      "Plan Width": 8,
                      "Actual Startup Time": 692.361,
                      "Actual Total Time": 693.016,
                      "Actual Rows": 313481,
                      "Actual Loops": 4,
                      "Hash Buckets": 2097152,
                      "Original Hash Buckets": 2097152,
                      "Hash Batches": 1,
                      "Original Hash Batches": 1,
                      "Peak Memory Usage": 65536,
                      "Plans": [
                        {
                          "Node Type": "Hash Join",
                          "Parent Relationship": "Outer",
                          "Parallel Aware": true,
                          "Join Type": "Inner",
                          "Startup Cost": 50888.18,
                          "Total Cost": 66082.74,
                          "Plan Rows": 508611,
                          "Plan Width": 8,
                          "Actual Startup Time": 421.662,
                          "Actual Total Time": 583.501,
                          "Actual Rows": 313481,
                          "Actual Loops": 4,
                          "Inner Unique": true,
                          "Hash Cond": "(mi_idx.movie_id = t.id)",
                          "Plans": [
                            {
                              "Node Type": "Seq Scan",
                              "Parent Relationship": "Outer",
                              "Parallel Aware": true,
                              "Relation Name": "movie_info_idx",
                              "Alias": "mi_idx",
                              "Startup Cost": 0.0,
                              "Total Cost": 13685.15,
                              "Plan Rows": 575015,
                              "Plan Width": 4,
                              "Actual Startup Time": 0.042,
                              "Actual Total Time": 42.283,
                              "Actual Rows": 345009,
                              "Actual Loops": 4
                            },
                            {
                              "Node Type": "Hash",
                              "Parent Relationship": "Inner",
                              "Parallel Aware": true,
                              "Startup Cost": 43899.32,
                              "Total Cost": 43899.32,
                              "Plan Rows": 559109,
                              "Plan Width": 4,
                              "Actual Startup Time": 414.346,
                              "Actual Total Time": 414.348,
                              "Actual Rows": 556334,
                              "Actual Loops": 4,
                              "Hash Buckets": 4194304,
                              "Original Hash Buckets": 4194304,
                              "Hash Batches": 1,
                              "Original Hash Batches": 1,
                              "Peak Memory Usage": 119904,
                              "Plans": [
                                {
                                  "Node Type": "Seq Scan",
                                  "Parent Relationship": "Outer",
                                  "Parallel Aware": true,
                                  "Relation Name": "title",
                                  "Alias": "t",
                                  "Startup Cost": 0.0,
                                  "Total Cost": 43899.32,
                                  "Plan Rows": 559109,
                                  "Plan Width": 4,
                                  "Actual Startup Time": 0.058,
                                  "Actual Total Time": 155.319,
                                  "Actual Rows": 556334,
                                  "Actual Loops": 4,
                                  "Filter": "(production_year > 1958)",
                                  "Rows Removed by Filter": 75744
                                }
                              ]
                            }
                          ]
                        }
                      ]
                    }
                  ]
                }
              ]
            }
          ]
        }
      ]
    },
    "Planning Time": 4.938,
    "Triggers": [],
    "Execution Time": 1048.111
  }
]