[
  {
    "Plan": {
      "Node Type": "Aggregate",
      "Strategy": "Plain",
      "Partial Mode": "Finalize",
      "Parallel Aware": false,
      "Startup Cost": 231401.61,
      "Total Cost": 231401.62,
      "Plan Rows": 1,
      "Plan Width": 8,
      "Actual Startup Time": 170.394,
      "Actual Total Time": 197.259,
      "Actual Rows": 1,
      "Actual Loops": 1,
      "Plans": [
        {
          "Node Type": "Gather",
          "Parent Relationship": "Outer",
          "Parallel Aware": false,
          "Startup Cost": 231401.19,
          "Total Cost": 231401.6,
          "Plan Rows": 4,
          "Plan Width": 8,
          "Actual Startup Time": 170.257,
          "Actual Total Time": 197.25,
          "Actual Rows": 5,
          "Actual Loops": 1,
          "Workers Planned": 4,
          "Workers Launched": 4,
          "Single Copy": false,
          "Plans": [
            {
              "Node Type": "Aggregate",
              "Strategy": "Plain",
              "Partial Mode": "Partial",
              "Parent Relationship": "Outer",
              "Parallel Aware": false,
              "Startup Cost": 230401.19,
              "Total Cost": 230401.2,
              "Plan Rows": 1,
              "Plan Width": 8,
              "Actual Startup Time": 161.08,
              "Actual Total Time": 161.081,
              "Actual Rows": 1,
              "Actual Loops": 5,
              "Plans": [
                {
                  "Node Type": "Nested Loop",
                  "Parent Relationship": "Outer",
                  "Parallel Aware": false,
                  "Join Type": "Inner",
                  "Startup Cost": 0.43,
                  "Total Cost": 230380.98,
                  "Plan Rows": 8082,
                  "Plan Width": 0,
                  "Actual Startup Time": 0.588,
                  "Actual Total Time": 160.416,
                  "Actual Rows": 6381,
                  "Actual Loops": 5,
                  "Inner Unique": false,
                  "Plans": [
                    {
                      "Node Type": "Seq Scan",
                      "Parent Relationship": "Outer",
                      "Parallel Aware": true,
                      "Relation Name": "title",
                      "Alias": "t",
                      "Startup Cost": 0.0,
                      "Total Cost": 43898.92,
                      "Plan Rows": 5689,
                      "Plan Width": 4,
                      "Actual Startup Time": 0.059,
                      "Actual Total Time": 70.056,
                      "Actual Rows": 4608,
                      "Actual Loops": 5,
                      "Filter": "(production_year = 1990)",
                      "Rows Removed by Filter": 501054
                    },
                    {
                      "Node Type": "Index Scan",
                      "Parent Relationship": "Inner",
                      "Parallel Aware": false,
                      "Scan Direction": "Forward",
                      "Index Name": "movie_id_movie_info",
                      "Relation Name": "movie_info",
                      "Alias": "mi",
                      "Startup Cost": 0.43,
                      "Total Cost": 32.68,
                      "Plan Rows": 10,
                      "Plan Width": 4,
                      "Actual Startup Time": 0.012,
                      "Actual Total Time": 0.019,
                      "Actual Rows": 1,
                      "Actual Loops": 23040,
                      "Index Cond": "(movie_id = t.id)",
                      "Rows Removed by Index Recheck": 0,
                      "Filter": "(info_type_id < 4)",
                      "Rows Removed by Filter": 5
                    }
                  ]
                }
              ]
            }
          ]
        }
      ]
    },
    "Planning Time": 0.624,
    "Triggers": [],
    "Execution Time": 197.336
  }
]