[
  {
    "Plan": {
      "Node Type": "Aggregate",
      "Strategy": "Plain",
      "Partial Mode": "Finalize",
      "Parallel Aware": false,
      "Startup Cost": 31707.9,
      "Total Cost": 31707.91,
      "Plan Rows": 1,
      "Plan Width": 8,
      "Actual Startup Time": 103.197,
      "Actual Total Time": 113.218,
      "Actual Rows": 1,
      "Actual Loops": 1,
      "Plans": [
        {
          "Node Type": "Gather",
          "Parent Relationship": "Outer",
          "Parallel Aware": false,
          "Startup Cost": 31707.58,
          "Total Cost": 31707.89,
          "Plan Rows": 3,
          "Plan Width": 8,
          "Actual Startup Time": 102.808,
          "Actual Total Time": 113.208,
          "Actual Rows": 4,
          "Actual Loops": 1,
          "Workers Planned": 3,
          "Workers Launched": 3,
          "Single Copy": false,
          "Plans": [
            {
              "Node Type": "Aggregate",
              "Strategy": "Plain",
              "Partial Mode": "Partial",
              "Parent Relationship": "Outer",
              "Parallel Aware": false,
              "Startup Cost": 30707.58,
              "Total Cost": 30707.59,
              "Plan Rows": 1,
              "Plan Width": 8,
              "Actual Startup Time": 93.965,
              "Actual Total Time": 93.967,
              "Actual Rows": 1,
              "Actual Loops": 4,
              "Plans": [
                {
                  "Node Type": "Bitmap Heap Scan",
                  "Parent Relationship": "Outer",
                  "Parallel Aware": true,
                  "Relation Name": "movie_keyword",
                  "Alias": "mk",
                  "Startup Cost": 5092.35,
                  "Total Cost": 30514.04,
                  "Plan Rows": 77416,
                  "Plan Width": 0,
                  "Actual Startup Time": 31.077,
                  "Actual Total Time": 89.57,
                  "Actual Rows": 60846,
                  "Actual Loops": 4,
                  "Recheck Cond": "(keyword_id > 61382)",
                  "Rows Removed by Index Recheck": 0,
                  "Exact Heap Blocks": 12099,
                  "Lossy Heap Blocks": 0,
                  "Plans": [
                    {
                      "Node Type": "Bitmap Index Scan",
                      "Parent Relationship": "Outer",
                      "Parallel Aware": false,
                      "Index Name": "keyword_id_movie_keyword",
                      "Startup Cost": 0.0,
                      "Total Cost": 5032.35,
                      "Plan Rows": 239989,
                      "Plan Width": 0,
                      "Actual Startup Time": 34.766,
                      "Actual Total Time": 34.767,
                      "Actual Rows": 243382,
                      "Actual Loops": 1,
                      "Index Cond": "(keyword_id > 61382)"
                    }
                  ]
                }
              ]
            }
          ]
        }
      ]
    },
    "Planning Time": 0.192,
    "Triggers": [],
    "Execution Time": 113.284
  }
]