[
  {
    "Plan": {
      "Node Type": "Aggregate",
      "Strategy": "Plain",
      "Partial Mode": "Finalize",
      "Parallel Aware": false,
      "Startup Cost": 33063.3,
      "Total Cost": 33063.31,
      "Plan Rows": 1,
      "Plan Width": 8,
      "Actual Startup Time": 95.161,
      "Actual Total Time": 101.392,
      "Actual Rows": 1,
      "Actual Loops": 1,
      "Plans": [
        {
          "Node Type": "Gather",
          "Parent Relationship": "Outer",
          "Parallel Aware": false,
          "Startup Cost": 33062.98,
          "Total Cost": 33063.29,
          "Plan Rows": 3,
          "Plan Width": 8,
          "Actual Startup Time": 95.015,
          "Actual Total Time": 101.383,
          "Actual Rows": 4,
          "Actual Loops": 1,
          "Workers Planned": 3,
          "Workers Launched": 3,
          "Single Copy": false,
          "Plans": [
            {
              "Node Type": "Aggregate",
              "Strategy": "Plain",
              "Partial Mode": "Partial",
              "Parent Relationship": "Outer",
              "Parallel Aware": false,
              "Startup Cost": 32062.98,
              "Total Cost": 32062.99,
              "Plan Rows": 1,
              "Plan Width": 8,
              "Actual Startup Time": 88.561,
              "Actual Total Time": 88.562,
              "Actual Rows": 1,
              "Actual Loops": 4,
              "Plans": [
                {
                  "Node Type": "Seq Scan",
                  "Parent Relationship": "Outer",
                  "Parallel Aware": true,
                  "Relation Name": "movie_companies",
                  "Alias": "mc",
                  "Startup Cost": 0.0,
                  "Total Cost": 31414.82,
                  "Plan Rows": 259264,
                  "Plan Width": 0,
                  "Actual Startup Time": 2.118,
                  "Actual Total Time": 80.327,
                  "Actual Rows": 148747,
                  "Actual Loops": 4,
                  "Filter": "((company_id > 4025) AND (company_type_id = 1))",
                  "Rows Removed by Filter": 503536
                }
              ]
            }
          ]
        }
      ]
    },
    "Planning Time": 0.229,
    "Triggers": [],
    "Execution Time": 101.449
  }
]