[
  {
    "Plan": {
      "Node Type": "Aggregate",
      "Strategy": "Plain",
      "Partial Mode": "Finalize",
      "Parallel Aware": false,
      "Startup Cost": 72931.63,
      "Total Cost": 72931.64,
      "Plan Rows": 1,
      "Plan Width": 8,
      "Actual Startup Time": 120.54,
      "Actual Total Time": 135.779,
      "Actual Rows": 1,
      "Actual Loops": 1,
      "Plans": [
        {
          "Node Type": "Gather",
          "Parent Relationship": "Outer",
          "Parallel Aware": false,
          "Startup Cost": 72931.21,
          "Total Cost": 72931.62,
          "Plan Rows": 4,
          "Plan Width": 8,
          "Actual Startup Time": 120.415,
          "Actual Total Time": 135.77,
          "Actual Rows": 5,
          "Actual Loops": 1,
          "Workers Planned": 4,
          "Workers Launched": 4,
          "Single Copy": false,
          "Plans": [
            {
              "Node Type": "Aggregate",
              "Strategy": "Plain",
              "Partial Mode": "Partial",
              "Parent Relationship": "Outer",
              "Parallel Aware": false,
              "Startup Cost": 71931.21,
              "Total Cost": 71931.22,
              "Plan Rows": 1,
              "Plan Width": 8,
              "Actual Startup Time": 111.324,
              "Actual Total Time": 111.325,
              "Actual Rows": 1,
              "Actual Loops": 5,
              "Plans": [
                {
                  "Node Type": "Nested Loop",
                  "Parent Relationship": "Outer",
                  "Parallel Aware": false,
                  "Join Type": "Inner",
                  "Startup Cost": 0.43,
                  "Total Cost": 71922.75,
                  "Plan Rows": 3387,
                  "Plan Width": 0,
                  "Actual Startup Time": 0.719,
                  "Actual Total Time": 110.861,
                  "Actual Rows": 4670,
                  "Actual Loops": 5,
                  "Inner Unique": false,
                  "Plans": [
                    {
                      "Node Type": "Seq Scan",
                      "Parent Relationship": "Outer",
                      "Parallel Aware": true,
                      "Relation Name": "title",
                      "Alias": "t",
                      "Startup Cost": 0.0,
                      "Total Cost": 45479.1,
                      "Plan Rows": 3282,
                      "Plan Width": 4,
                      "Actual Startup Time": 0.516,
                      "Actual Total Time": 85.806,
                      "Actual Rows": 2077,
                      "Actual Loops": 5,
                      "Filter": "((kind_id < 4) AND (production_year = 1997))",
                      "Rows Removed by Filter": 503585
                    },
                    {
                      "Node Type": "Index Only Scan",
                      "Parent Relationship": "Inner",
                      "Parallel Aware": false,
                      "Scan Direction": "Forward",
                      "Index Name": "movie_id_movie_companies",
                      "Relation Name": "movie_companies",
                      "Alias": "mc",
                      "Startup Cost": 0.43,
                      "Total Cost": 8.01,
                      "Plan Rows": 5,
                      "Plan Width": 4,
                      "Actual Startup Time": 0.009,
                      "Actual Total Time": 0.011,
                      "Actual Rows": 2,
                      "Actual Loops": 10385,
                      "Index Cond": "(movie_id = t.id)",
                      "Rows Removed by Index Recheck": 0,
                      "Heap Fetches": 23348
                    }
                  ]
                }
              ]
            }
          ]
        }
      ]
    },
    "Planning Time": 0.63,
    "Triggers": [],
    "Execution Time": 135.852
  }
]