[
  {
    "Plan": {
      "Node Type": "Aggregate",
      "Strategy": "Plain",
      "Partial Mode": "Finalize",
      "Parallel Aware": false,
      "Startup Cost": 131825.48,
      "Total Cost": 131825.49,
      "Plan Rows": 1,
      "Plan Width": 8,
      "Actual Startup Time": 992.744,
      "Actual Total Time": 1012.032,
      "Actual Rows": 1,
      "Actual Loops": 1,
      "Plans": [
        {
          "Node Type": "Gather",
          "Parent Relationship": "Outer",
          "Parallel Aware": false,
          "Startup Cost": 131825.16,
          "Total Cost": 131825.47,
          "Plan Rows": 3,
          "Plan Width": 8,
          "Actual Startup Time": 984.518,
          "Actual Total Time": 1012.024,
          "Actual Rows": 4,
          "Actual Loops": 1,
          "Workers Planned": 3,
          "Workers Launched": 3,
          "Single Copy": false,
          "Plans": [
            {
              "Node Type": "Aggregate",
              "Strategy": "Plain",
              "Partial Mode": "Partial",
              "Parent Relationship": "Outer",
              "Parallel Aware": false,
              "Startup Cost": 130825.16,
              "Total Cost": 130825.17,
              "Plan Rows": 1,
              "Plan Width": 8,
              "Actual Startup Time": 973.942,
              "Actual Total Time": 973.948,
              "Actual Rows": 1,
              "Actual Loops": 4,
              "Plans": [
                {
                  "Node Type": "Hash Join",
                  "Parent Relationship": "Outer",
                  "Parallel Aware": true,
                  "Join Type": "Inner",
                  "Startup Cost": 83801.92,
                  "Total Cost": 129573.45,
                  "Plan Rows": 500685,
                  "Plan Width": 0,
                  "Actual Startup Time": 585.631,
                  "Actual Total Time": 904.635,
                  "Actual Rows": 1772188,
                  "Actual Loops": 4,
                  "Inner Unique": false,
                  "Hash Cond": "(mk.movie_id = t.id)",
                  "Plans": [
                    {
                      "Node Type": "Seq Scan",
                      "Parent Relationship": "Outer",
                      "Parallel Aware": true,
                      "Relation Name": "movie_keyword",
                      "Alias": "mk",
                      "Startup Cost": 0.0,
                      "Total Cost": 39047.32,
                      "Plan Rows": 1459332,
                      "Plan Width": 4,
                      "Actual Startup Time": 0.03,
                      "Actual Total Time": 85.861,
                      "Actual Rows": 1130982,
                      "Actual Loops": 4
                    },
                    {
                      "Node Type": "Hash",
                      "Parent Relationship": "Inner",
                      "Parallel Aware": true,
                      "Startup Cost": 81091.18,
                      "Total Cost": 81091.18,
                      "Plan Rows": 216859,
                      "Plan Width": 8,
                      "Actual Startup Time": 579.409,
                      "Actual Total Time": 579.412,
                      "Actual Rows": 268307,
                      "Actual Loops": 4,
                      "Hash Buckets": 2097152,
                      "Original Hash Buckets": 1048576,
                      "Hash Batches": 1,
                      "Original Hash Batches": 1,
                      "Peak Memory Usage": 66624,
                      "Plans": [
                        {
                          "Node Type": "Hash Join",
                          "Parent Relationship": "Outer",
                          "Parallel Aware": true,
                          "Join Type": "Inner",
                          "Startup Cost": 34912.54,
                          "Total Cost": 81091.18,
                          "Plan Rows": 216859,
                          "Plan Width": 8,
                          "Actual Startup Time": 194.985,
                          "Actual Total Time": 471.026,
                          "Actual Rows": 268307,
                          "Actual Loops": 4,
                          "Inner Unique": false,
                          "Hash Cond": "(t.id = mc.movie_id)",
                          "Plans": [
                            {
                              "Node Type": "Seq Scan",
                              "Parent Relationship": "Outer",
                              "Parallel Aware": true,
                              "Relation Name": "title",
                              "Alias": "t",
                              "Startup Cost": 0.0,
                              "Total Cost": 42318.73,
                              "Plan Rows": 632073,
                              "Plan Width": 4,
                              "Actual Startup Time": 0.01,
                              "Actual Total Time": 74.035,
                              "Actual Rows": 632078,
                              "Actual Loops": 4
                            },
                            {
                              "Node Type": "Hash",
                              "Parent Relationship": "Inner",
                              "Parallel Aware": true,
                              "Startup Cost": 31414.82,
                              "Total Cost": 31414.82,
                              "Plan Rows": 279818,
                              "Plan Width": 4,
                              "Actual Startup Time": 192.073,
                              "Actual Total Time": 192.074,
                              "Actual Rows": 268307,
                              "Actual Loops": 4,
                              "Hash Buckets": 2097152,
                              "Original Hash Buckets": 1048576,
                              "Hash Batches": 1,
                              "Original Hash Batches": 1,
                              "Peak Memory Usage": 66656,
                              "Plans": [
                                {
                                  "Node Type": "Seq Scan",
                                  "Parent Relationship": "Outer",
                                  "Parallel Aware": true,
                                  "Relation Name": "movie_companies",
                                  "Alias": "mc",
                                  "Startup Cost": 0.0,
                                  "Total Cost": 31414.82,
                                  "Plan Rows": 279818,
                                  "Plan Width": 4,
                                  "Actual Startup Time": 49.513,
                                  "Actual Total Time": 90.406,
                                  "Actual Rows": 268307,
                                  "Actual Loops": 4,
                                  "Filter": "((company_id > 2840) AND (company_type_id = 2))",
                                  "Rows Removed by Filter": 383976
                                }
                              ]
                            }
                          ]
                        }
                      ]
                    }
                  ]
                }
              ]
            }
          ]
        }
      ]
    },
    "Planning Time": 1.423,
    "Triggers": [],
    "Execution Time": 1012.129
  }
]