{
  "Plan": {
    "Node Type": "Aggregate",
    "Strategy": "Plain",
    "Partial Mode": "Finalize",
    "Parallel Aware": false,
    "Startup Cost": 138204.83,
    "Total Cost": 138204.84,
    "Plan Rows": 1,
    "Plan Width": 8,
    "Actual Startup Time": 1125.267,
    "Actual Total Time": 1143.279,
    "Actual Rows": 1,
    "Actual Loops": 1,
    "Plans": [
      {
        "Node Type": "Gather",
        "Parent Relationship": "Outer",
        "Parallel Aware": false,
        "Startup Cost": 138204.72,
        "Total Cost": 138204.83,
        "Plan Rows": 1,
        "Plan Width": 8,
        "Actual Startup Time": 1120.884,
        "Actual Total Time": 1143.27,
        "Actual Rows": 2,
        "Actual Loops": 1,
        "Workers Planned": 1,
        "Workers Launched": 1,
        "Single Copy": false,
        "Plans": [
          {
            "Node Type": "Aggregate",
            "Strategy": "Plain",
            "Partial Mode": "Partial",
            "Parent Relationship": "Outer",
            "Parallel Aware": false,
            "Startup Cost": 137204.72,
            "Total Cost": 137204.73,
            "Plan Rows": 1,
            "Plan Width": 8,
            "Actual Startup Time": 1115.488,
            "Actual Total Time": 1116.747,
            "Actual Rows": 1,
            "Actual Loops": 2,
            "Plans": [
              {
                "Node Type": "Hash Join",
                "Parent Relationship": "Outer",
                "Parallel Aware": true,
                "Join Type": "Inner",
                "Startup Cost": 115369.38,
                "Total Cost": 136694.21,
                "Plan Rows": 204201,
                "Plan Width": 0,
                "Actual Startup Time": 913.884,
                "Actual Total Time": 1097.813,
                "Actual Rows": 453170,
                "Actual Loops": 2,
                "Inner Unique": false,
                "Hash Cond": "(mi_idx.movie_id = t.id)",
                "Plans": [
                  {
                    "Node Type": "Seq Scan",
                    "Parent Relationship": "Outer",
                    "Parallel Aware": true,
                    "Relation Name": "movie_info_idx",
                    "Alias": "mi_idx",
                    "Startup Cost": 0.0,
                    "Total Cost": 18082.32,
                    "Plan Rows": 544356,
                    "Plan Width": 4,
                    "Actual Startup Time": 0.026,
                    "Actual Total Time": 60.285,
                    "Actual Rows": 460055,
                    "Actual Loops": 2,
                    "Filter": "(info_type_id > 99)",
                    "Rows Removed by Filter": 229962
                  },
                  {
                    "Node Type": "Hash",
                    "Parent Relationship": "Inner",
                    "Parallel Aware": true,
                    "Startup Cost": 108395.7,
                    "Total Cost": 108395.7,
                    "Plan Rows": 557895,
                    "Plan Width": 8,
                    "Actual Startup Time": 904.395,
                    "Actual Total Time": 905.653,
                    "Actual Rows": 480072,
                    "Actual Loops": 2,
                    "Hash Buckets": 1048576,
                    "Original Hash Buckets": 1048576,
                    "Hash Batches": 1,
                    "Original Hash Batches": 1,
                    "Peak Memory Usage": 45792,
                    "Plans": [
                      {
                        "Node Type": "Hash Join",
                        "Parent Relationship": "Outer",
                        "Parallel Aware": true,
                        "Join Type": "Inner",
                        "Startup Cost": 44948.46,
                        "Total Cost": 108395.7,
                        "Plan Rows": 557895,
                        "Plan Width": 8,
                        "Actual Startup Time": 239.499,
                        "Actual Total Time": 783.557,
                        "Actual Rows": 480072,
                        "Actual Loops": 2,
                        "Inner Unique": false,
                        "Hash Cond": "(t.id = mc.movie_id)",
                        "Plans": [
                          {
                            "Node Type": "Seq Scan",
                            "Parent Relationship": "Outer",
                            "Parallel Aware": true,
                            "Relation Name": "title",
                            "Alias": "t",
                            "Startup Cost": 0.0,
                            "Total Cost": 50870.31,
                            "Plan Rows": 1487231,
                            "Plan Width": 4,
                            "Actual Startup Time": 0.01,
                            "Actual Total Time": 124.805,
                            "Actual Rows": 1264156,
                            "Actual Loops": 2
                          },
                          {
                            "Node Type": "Hash",
                            "Parent Relationship": "Inner",
                            "Parallel Aware": true,
                            "Startup Cost": 37974.77,
                            "Total Cost": 37974.77,
                            "Plan Rows": 557895,
                            "Plan Width": 4,
                            "Actual Startup Time": 234.068,
                            "Actual Total Time": 234.069,
                            "Actual Rows": 480072,
                            "Actual Loops": 2,
                            "Hash Buckets": 1048576,
                            "Original Hash Buckets": 1048576,
                            "Hash Batches": 1,
                            "Original Hash Batches": 1,
                            "Peak Memory Usage": 45760,
                            "Plans": [
                              {
                                "Node Type": "Seq Scan",
                                "Parent Relationship": "Outer",
                                "Parallel Aware": true,
                                "Relation Name": "movie_companies",
                                "Alias": "mc",
                                "Startup Cost": 0.0,
                                "Total Cost": 37974.77,
                                "Plan Rows": 557895,
                                "Plan Width": 4,
                                "Actual Startup Time": 26.055,
                                "Actual Total Time": 127.737,
                                "Actual Rows": 480072,
                                "Actual Loops": 2,
                                "Filter": "(company_id > 18111)",
                                "Rows Removed by Filter": 824493
                              }
                            ]
                          }
                        ]
                      }
                    ]
                  }
                ]
              }
            ]
          }
        ]
      }
    ]
  },
  "Planning Time": 1.004,
  "Triggers": [],
  "Execution Time": 1143.384
}