[
  {
    "Plan": {
      "Node Type": "Aggregate",
      "Strategy": "Plain",
      "Partial Mode": "Finalize",
      "Parallel Aware": false,
      "Startup Cost": 46582.12,
      "Total Cost": 46582.13,
      "Plan Rows": 1,
      "Plan Width": 8,
      "Actual Startup Time": 176.111,
      "Actual Total Time": 185.669,
      "Actual Rows": 1,
      "Actual Loops": 1,
      "Plans": [
        {
          "Node Type": "Gather",
          "Parent Relationship": "Outer",
          "Parallel Aware": false,
          "Startup Cost": 46581.8,
          "Total Cost": 46582.11,
          "Plan Rows": 3,
          "Plan Width": 8,
          "Actual Startup Time": 176.022,
          "Actual Total Time": 185.66,
          "Actual Rows": 4,
          "Actual Loops": 1,
          "Workers Planned": 3,
          "Workers Launched": 3,
          "Single Copy": false,
          "Plans": [
            {
              "Node Type": "Aggregate",
              "Strategy": "Plain",
              "Partial Mode": "Partial",
              "Parent Relationship": "Outer",
              "Parallel Aware": false,
              "Startup Cost": 45581.8,
              "Total Cost": 45581.81,
              "Plan Rows": 1,
              "Plan Width": 8,
              "Actual Startup Time": 167.57,
              "Actual Total Time": 167.572,
              "Actual Rows": 1,
              "Actual Loops": 4,
              "Plans": [
                {
                  "Node Type": "Seq Scan",
                  "Parent Relationship": "Outer",
                  "Parallel Aware": true,
                  "Relation Name": "movie_keyword",
                  "Alias": "mk",
                  "Startup Cost": 0.0,
                  "Total Cost": 42695.65,
                  "Plan Rows": 1154458,
                  "Plan Width": 0,
                  "Actual Startup Time": 0.058,
                  "Actual Total Time": 125.228,
                  "Actual Rows": 895338,
                  "Actual Loops": 4,
                  "Filter": "(keyword_id < 20123)",
                  "Rows Removed by Filter": 235645
                }
              ]
            }
          ]
        }
      ]
    },
    "Planning Time": 0.191,
    "Triggers": [],
    "Execution Time": 185.73
  }
]