{
  "Plan": {
    "Node Type": "Aggregate",
    "Strategy": "Plain",
    "Partial Mode": "Finalize",
    "Parallel Aware": false,
    "Startup Cost": 35842.11,
    "Total Cost": 35842.12,
    "Plan Rows": 1,
    "Plan Width": 8,
    "Actual Startup Time": 28.298,
    "Actual Total Time": 32.445,
    "Actual Rows": 1,
    "Actual Loops": 1,
    "Plans": [
      {
        "Node Type": "Gather",
        "Parent Relationship": "Outer",
        "Parallel Aware": false,
        "Startup Cost": 35842.0,
        "Total Cost": 35842.11,
        "Plan Rows": 1,
        "Plan Width": 8,
        "Actual Startup Time": 28.211,
        "Actual Total Time": 32.439,
        "Actual Rows": 2,
        "Actual Loops": 1,
        "Workers Planned": 1,
        "Workers Launched": 1,
        "Single Copy": false,
        "Plans": [
          {
            "Node Type": "Aggregate",
            "Strategy": "Plain",
            "Partial Mode": "Partial",
            "Parent Relationship": "Outer",
            "Parallel Aware": false,
            "Startup Cost": 34842.0,
            "Total Cost": 34842.01,
            "Plan Rows": 1,
            "Plan Width": 8,
            "Actual Startup Time": 24.358,
            "Actual Total Time": 24.359,
            "Actual Rows": 1,
            "Actual Loops": 2,
            "Plans": [
              {
                "Node Type": "Nested Loop",
                "Parent Relationship": "Outer",
                "Parallel Aware": false,
                "Join Type": "Inner",
                "Startup Cost": 83.24,
                "Total Cost": 34841.71,
                "Plan Rows": 115,
                "Plan Width": 0,
                "Actual Startup Time": 2.558,
                "Actual Total Time": 24.318,
                "Actual Rows": 156,
                "Actual Loops": 2,
                "Inner Unique": true,
                "Plans": [
                  {
                    "Node Type": "Bitmap Heap Scan",
                    "Parent Relationship": "Outer",
                    "Parallel Aware": true,
                    "Relation Name": "movie_info",
                    "Alias": "mi",
                    "Startup Cost": 82.81,
                    "Total Cost": 15461.73,
                    "Plan Rows": 2609,
                    "Plan Width": 4,
                    "Actual Startup Time": 1.365,
                    "Actual Total Time": 5.375,
                    "Actual Rows": 2170,
                    "Actual Loops": 2,
                    "Recheck Cond": "(info_type_id = 35)",
                    "Rows Removed by Index Recheck": 0,
                    "Exact Heap Blocks": 1289,
                    "Lossy Heap Blocks": 0,
                    "Plans": [
                      {
                        "Node Type": "Bitmap Index Scan",
                        "Parent Relationship": "Outer",
                        "Parallel Aware": false,
                        "Index Name": "info_type_id_movie_info",
                        "Startup Cost": 0.0,
                        "Total Cost": 81.7,
                        "Plan Rows": 4435,
                        "Plan Width": 0,
                        "Actual Startup Time": 2.027,
                        "Actual Total Time": 2.027,
                        "Actual Rows": 4339,
                        "Actual Loops": 1,
                        "Index Cond": "(info_type_id = 35)"
                      }
                    ]
                  },
                  {
                    "Node Type": "Index Scan",
                    "Parent Relationship": "Inner",
                    "Parallel Aware": false,
                    "Scan Direction": "Forward",
                    "Index Name": "title_pkey",
                    "Relation Name": "title",
                    "Alias": "t",
                    "Startup Cost": 0.43,
                    "Total Cost": 7.43,
                    "Plan Rows": 1,
                    "Plan Width": 4,
                    "Actual Startup Time": 0.008,
                    "Actual Total Time": 0.008,
                    "Actual Rows": 0,
                    "Actual Loops": 4339,
                    "Index Cond": "(id = mi.movie_id)",
                    "Rows Removed by Index Recheck": 0,
                    "Filter": "(production_year = 2006)",
                    "Rows Removed by Filter": 1
                  }
                ]
              }
            ]
          }
        ]
      }
    ]
  },
  "Planning Time": 0.372,
  "Triggers": [],
  "Execution Time": 32.521
}