[
  {
    "Plan": {
      "Node Type": "Aggregate",
      "Strategy": "Plain",
      "Partial Mode": "Finalize",
      "Parallel Aware": false,
      "Startup Cost": 56620.79,
      "Total Cost": 56620.8,
      "Plan Rows": 1,
      "Plan Width": 8,
      "Actual Startup Time": 130.316,
      "Actual Total Time": 141.644,
      "Actual Rows": 1,
      "Actual Loops": 1,
      "Plans": [
        {
          "Node Type": "Gather",
          "Parent Relationship": "Outer",
          "Parallel Aware": false,
          "Startup Cost": 56620.37,
          "Total Cost": 56620.78,
          "Plan Rows": 4,
          "Plan Width": 8,
          "Actual Startup Time": 123.737,
          "Actual Total Time": 141.635,
          "Actual Rows": 5,
          "Actual Loops": 1,
          "Workers Planned": 4,
          "Workers Launched": 4,
          "Single Copy": false,
          "Plans": [
            {
              "Node Type": "Aggregate",
              "Strategy": "Plain",
              "Partial Mode": "Partial",
              "Parent Relationship": "Outer",
              "Parallel Aware": false,
              "Startup Cost": 55620.37,
              "Total Cost": 55620.38,
              "Plan Rows": 1,
              "Plan Width": 8,
              "Actual Startup Time": 120.161,
              "Actual Total Time": 120.163,
              "Actual Rows": 1,
              "Actual Loops": 5,
              "Plans": [
                {
                  "Node Type": "Nested Loop",
                  "Parent Relationship": "Outer",
                  "Parallel Aware": false,
                  "Join Type": "Inner",
                  "Startup Cost": 0.87,
                  "Total Cost": 55610.17,
                  "Plan Rows": 4082,
                  "Plan Width": 0,
                  "Actual Startup Time": 2.563,
                  "Actual Total Time": 118.488,
                  "Actual Rows": 33988,
                  "Actual Loops": 5,
                  "Inner Unique": false,
                  "Join Filter": "(t.id = mi.movie_id)",
                  "Rows Removed by Join Filter": 0,
                  "Plans": [
                    {
                      "Node Type": "Nested Loop",
                      "Parent Relationship": "Outer",
                      "Parallel Aware": false,
                      "Join Type": "Inner",
                      "Startup Cost": 0.43,
                      "Total Cost": 53463.19,
                      "Plan Rows": 1189,
                      "Plan Width": 8,
                      "Actual Startup Time": 2.445,
                      "Actual Total Time": 80.622,
                      "Actual Rows": 2133,
                      "Actual Loops": 5,
                      "Inner Unique": false,
                      "Plans": [
                        {
                          "Node Type": "Seq Scan",
                          "Parent Relationship": "Outer",
                          "Parallel Aware": true,
                          "Relation Name": "title",
                          "Alias": "t",
                          "Startup Cost": 0.0,
                          "Total Cost": 45479.59,
                          "Plan Rows": 872,
                          "Plan Width": 4,
                          "Actual Startup Time": 1.52,
                          "Actual Total Time": 71.36,
                          "Actual Rows": 735,
                          "Actual Loops": 5,
                          "Filter": "((kind_id < 7) AND (production_year = 1958))",
                          "Rows Removed by Filter": 504927
                        },
                        {
                          "Node Type": "Index Scan",
                          "Parent Relationship": "Inner",
                          "Parallel Aware": false,
                          "Scan Direction": "Forward",
                          "Index Name": "movie_id_movie_keyword",
                          "Relation Name": "movie_keyword",
                          "Alias": "mk",
                          "Startup Cost": 0.43,
                          "Total Cost": 8.81,
                          "Plan Rows": 35,
                          "Plan Width": 4,
                          "Actual Startup Time": 0.011,
                          "Actual Total Time": 0.012,
                          "Actual Rows": 3,
                          "Actual Loops": 3676,
                          "Index Cond": "(movie_id = t.id)",
                          "Rows Removed by Index Recheck": 0,
                          "Filter": "(keyword_id > 1095)",
                          "Rows Removed by Filter": 1
                        }
                      ]
                    },
                    {
                      "Node Type": "Index Scan",
                      "Parent Relationship": "Inner",
                      "Parallel Aware": false,
                      "Scan Direction": "Forward",
                      "Index Name": "movie_id_movie_info",
                      "Relation Name": "movie_info",
                      "Alias": "mi",
                      "Startup Cost": 0.43,
                      "Total Cost": 1.51,
                      "Plan Rows": 24,
                      "Plan Width": 4,
                      "Actual Startup Time": 0.004,
                      "Actual Total Time": 0.016,
                      "Actual Rows": 16,
                      "Actual Loops": 10664,
                      "Index Cond": "(movie_id = mk.movie_id)",
                      "Rows Removed by Index Recheck": 0,
                      "Filter": "(info_type_id < 9)",
                      "Rows Removed by Filter": 34
                    }
                  ]
                }
              ]
            }
          ]
        }
      ]
    },
    "Planning Time": 0.726,
    "Triggers": [],
    "Execution Time": 141.689
  }
]