{
  "Plan": {
    "Node Type": "Aggregate",
    "Strategy": "Plain",
    "Partial Mode": "Finalize",
    "Parallel Aware": false,
    "Startup Cost": 102858.76,
    "Total Cost": 102858.77,
    "Plan Rows": 1,
    "Plan Width": 8,
    "Actual Startup Time": 328.63,
    "Actual Total Time": 343.73,
    "Actual Rows": 1,
    "Actual Loops": 1,
    "Plans": [
      {
        "Node Type": "Gather",
        "Parent Relationship": "Outer",
        "Parallel Aware": false,
        "Startup Cost": 102858.65,
        "Total Cost": 102858.76,
        "Plan Rows": 1,
        "Plan Width": 8,
        "Actual Startup Time": 328.471,
        "Actual Total Time": 343.724,
        "Actual Rows": 2,
        "Actual Loops": 1,
        "Workers Planned": 1,
        "Workers Launched": 1,
        "Single Copy": false,
        "Plans": [
          {
            "Node Type": "Aggregate",
            "Strategy": "Plain",
            "Partial Mode": "Partial",
            "Parent Relationship": "Outer",
            "Parallel Aware": false,
            "Startup Cost": 101858.65,
            "Total Cost": 101858.66,
            "Plan Rows": 1,
            "Plan Width": 8,
            "Actual Startup Time": 322.805,
            "Actual Total Time": 322.808,
            "Actual Rows": 1,
            "Actual Loops": 2,
            "Plans": [
              {
                "Node Type": "Hash Join",
                "Parent Relationship": "Outer",
                "Parallel Aware": true,
                "Join Type": "Inner",
                "Startup Cost": 58486.28,
                "Total Cost": 101844.4,
                "Plan Rows": 5698,
                "Plan Width": 0,
                "Actual Startup Time": 215.689,
                "Actual Total Time": 322.401,
                "Actual Rows": 5846,
                "Actual Loops": 2,
                "Inner Unique": true,
                "Hash Cond": "(mc.movie_id = t.id)",
                "Plans": [
                  {
                    "Node Type": "Seq Scan",
                    "Parent Relationship": "Outer",
                    "Parallel Aware": true,
                    "Relation Name": "movie_companies",
                    "Alias": "mc",
                    "Startup Cost": 0.0,
                    "Total Cost": 41811.73,
                    "Plan Rows": 589104,
                    "Plan Width": 4,
                    "Actual Startup Time": 60.932,
                    "Actual Total Time": 132.221,
                    "Actual Rows": 352462,
                    "Actual Loops": 2,
                    "Filter": "((company_id < 54943) AND (company_type_id > 1))",
                    "Rows Removed by Filter": 952102
                  },
                  {
                    "Node Type": "Hash",
                    "Parent Relationship": "Inner",
                    "Parallel Aware": true,
                    "Startup Cost": 58306.47,
                    "Total Cost": 58306.47,
                    "Plan Rows": 14385,
                    "Plan Width": 4,
                    "Actual Startup Time": 153.456,
                    "Actual Total Time": 153.457,
                    "Actual Rows": 10316,
                    "Actual Loops": 2,
                    "Hash Buckets": 32768,
                    "Original Hash Buckets": 32768,
                    "Hash Batches": 1,
                    "Original Hash Batches": 1,
                    "Peak Memory Usage": 1088,
                    "Plans": [
                      {
                        "Node Type": "Seq Scan",
                        "Parent Relationship": "Outer",
                        "Parallel Aware": true,
                        "Relation Name": "title",
                        "Alias": "t",
                        "Startup Cost": 0.0,
                        "Total Cost": 58306.47,
                        "Plan Rows": 14385,
                        "Plan Width": 4,
                        "Actual Startup Time": 0.173,
                        "Actual Total Time": 149.665,
                        "Actual Rows": 10316,
                        "Actual Loops": 2,
                        "Filter": "((kind_id < 7) AND (production_year = 2002))",
                        "Rows Removed by Filter": 1253840
                      }
                    ]
                  }
                ]
              }
            ]
          }
        ]
      }
    ]
  },
  "Planning Time": 0.512,
  "Triggers": [],
  "Execution Time": 343.805
}