{
  "Plan": {
    "Node Type": "Aggregate",
    "Strategy": "Plain",
    "Partial Mode": "Finalize",
    "Parallel Aware": false,
    "Startup Cost": 705307.66,
    "Total Cost": 705307.67,
    "Plan Rows": 1,
    "Plan Width": 8,
    "Actual Startup Time": 2111.564,
    "Actual Total Time": 2140.401,
    "Actual Rows": 1,
    "Actual Loops": 1,
    "Plans": [
      {
        "Node Type": "Gather",
        "Parent Relationship": "Outer",
        "Parallel Aware": false,
        "Startup Cost": 705307.54,
        "Total Cost": 705307.65,
        "Plan Rows": 1,
        "Plan Width": 8,
        "Actual Startup Time": 2105.681,
        "Actual Total Time": 2140.392,
        "Actual Rows": 2,
        "Actual Loops": 1,
        "Workers Planned": 1,
        "Workers Launched": 1,
        "Single Copy": false,
        "Plans": [
          {
            "Node Type": "Aggregate",
            "Strategy": "Plain",
            "Partial Mode": "Partial",
            "Parent Relationship": "Outer",
            "Parallel Aware": false,
            "Startup Cost": 704307.54,
            "Total Cost": 704307.55,
            "Plan Rows": 1,
            "Plan Width": 8,
            "Actual Startup Time": 2098.641,
            "Actual Total Time": 2098.951,
            "Actual Rows": 1,
            "Actual Loops": 2,
            "Plans": [
              {
                "Node Type": "Hash Join",
                "Parent Relationship": "Outer",
                "Parallel Aware": true,
                "Join Type": "Inner",
                "Startup Cost": 497900.39,
                "Total Cost": 701301.39,
                "Plan Rows": 1202461,
                "Plan Width": 0,
                "Actual Startup Time": 1426.401,
                "Actual Total Time": 2063.037,
                "Actual Rows": 864510,
                "Actual Loops": 2,
                "Inner Unique": false,
                "Hash Cond": "(mi.movie_id = t.id)",
                "Plans": [
                  {
                    "Node Type": "Bitmap Heap Scan",
                    "Parent Relationship": "Outer",
                    "Parallel Aware": true,
                    "Relation Name": "movie_info",
                    "Alias": "mi",
                    "Startup Cost": 65065.95,
                    "Total Cost": 253470.26,
                    "Plan Rows": 2112905,
                    "Plan Width": 4,
                    "Actual Startup Time": 141.551,
                    "Actual Total Time": 309.319,
                    "Actual Rows": 1812488,
                    "Actual Loops": 2,
                    "Recheck Cond": "(info_type_id < 4)",
                    "Rows Removed by Index Recheck": 0,
                    "Exact Heap Blocks": 11988,
                    "Lossy Heap Blocks": 0,
                    "Plans": [
                      {
                        "Node Type": "Bitmap Index Scan",
                        "Parent Relationship": "Outer",
                        "Parallel Aware": false,
                        "Index Name": "info_type_id_movie_info",
                        "Startup Cost": 0.0,
                        "Total Cost": 64167.97,
                        "Plan Rows": 3591938,
                        "Plan Width": 0,
                        "Actual Startup Time": 138.087,
                        "Actual Total Time": 138.088,
                        "Actual Rows": 3624977,
                        "Actual Loops": 1,
                        "Index Cond": "(info_type_id < 4)"
                      }
                    ]
                  },
                  {
                    "Node Type": "Hash",
                    "Parent Relationship": "Inner",
                    "Parallel Aware": true,
                    "Startup Cost": 422254.59,
                    "Total Cost": 422254.59,
                    "Plan Rows": 846388,
                    "Plan Width": 8,
                    "Actual Startup Time": 1271.934,
                    "Actual Total Time": 1272.242,
                    "Actual Rows": 456916,
                    "Actual Loops": 2,
                    "Hash Buckets": 2097152,
                    "Original Hash Buckets": 2097152,
                    "Hash Batches": 1,
                    "Original Hash Batches": 1,
                    "Peak Memory Usage": 52160,
                    "Plans": [
                      {
                        "Node Type": "Hash Join",
                        "Parent Relationship": "Outer",
                        "Parallel Aware": true,
                        "Join Type": "Inner",
                        "Startup Cost": 139280.5,
                        "Total Cost": 422254.59,
                        "Plan Rows": 846388,
                        "Plan Width": 8,
                        "Actual Startup Time": 805.57,
                        "Actual Total Time": 1122.925,
                        "Actual Rows": 456916,
                        "Actual Loops": 2,
                        "Inner Unique": true,
                        "Hash Cond": "(ci.movie_id = t.id)",
                        "Plans": [
                          {
                            "Node Type": "Bitmap Heap Scan",
                            "Parent Relationship": "Outer",
                            "Parallel Aware": true,
                            "Relation Name": "cast_info",
                            "Alias": "ci",
                            "Startup Cost": 69819.8,
                            "Total Cost": 350572.12,
                            "Plan Rows": 846388,
                            "Plan Width": 4,
                            "Actual Startup Time": 242.288,
                            "Actual Total Time": 331.751,
                            "Actual Rows": 456916,
                            "Actual Loops": 2,
                            "Recheck Cond": "(person_id < 314978)",
                            "Rows Removed by Index Recheck": 0,
                            "Filter": "(role_id > 2)",
                            "Rows Removed by Filter": 1175252,
                            "Exact Heap Blocks": 18485,
                            "Lossy Heap Blocks": 0,
                            "Plans": [
                              {
                                "Node Type": "Bitmap Index Scan",
                                "Parent Relationship": "Outer",
                                "Parallel Aware": false,
                                "Index Name": "person_id_cast_info",
                                "Startup Cost": 0.0,
                                "Total Cost": 69460.09,
                                "Plan Rows": 3180736,
                                "Plan Width": 0,
                                "Actual Startup Time": 113.958,
                                "Actual Total Time": 113.958,
                                "Actual Rows": 3264336,
                                "Actual Loops": 1,
                                "Index Cond": "(person_id < 314978)"
                              }
                            ]
                          },
                          {
                            "Node Type": "Hash",
                            "Parent Relationship": "Inner",
                            "Parallel Aware": true,
                            "Startup Cost": 50870.31,
                            "Total Cost": 50870.31,
                            "Plan Rows": 1487231,
                            "Plan Width": 4,
                            "Actual Startup Time": 550.565,
                            "Actual Total Time": 550.566,
                            "Actual Rows": 1264156,
                            "Actual Loops": 2,
                            "Hash Buckets": 4194304,
                            "Original Hash Buckets": 4194304,
                            "Hash Batches": 1,
                            "Original Hash Batches": 1,
                            "Peak Memory Usage": 131712,
                            "Plans": [
                              {
                                "Node Type": "Seq Scan",
                                "Parent Relationship": "Outer",
                                "Parallel Aware": true,
                                "Relation Name": "title",
                                "Alias": "t",
                                "Startup Cost": 0.0,
                                "Total Cost": 50870.31,
                                "Plan Rows": 1487231,
                                "Plan Width": 4,
                                "Actual Startup Time": 0.049,
                                "Actual Total Time": 158.223,
                                "Actual Rows": 1264156,
                                "Actual Loops": 2
                              }
                            ]
                          }
                        ]
                      }
                    ]
                  }
                ]
              }
            ]
          }
        ]
      }
    ]
  },
  "Planning Time": 0.65,
  "Triggers": [],
  "Execution Time": 2140.484
}