{
  "Plan": {
    "Node Type": "Aggregate",
    "Strategy": "Plain",
    "Partial Mode": "Finalize",
    "Parallel Aware": false,
    "Startup Cost": 550438.13,
    "Total Cost": 550438.14,
    "Plan Rows": 1,
    "Plan Width": 8,
    "Actual Startup Time": 1634.924,
    "Actual Total Time": 1677.922,
    "Actual Rows": 1,
    "Actual Loops": 1,
    "Plans": [
      {
        "Node Type": "Gather",
        "Parent Relationship": "Outer",
        "Parallel Aware": false,
        "Startup Cost": 550438.01,
        "Total Cost": 550438.12,
        "Plan Rows": 1,
        "Plan Width": 8,
        "Actual Startup Time": 1634.815,
        "Actual Total Time": 1677.915,
        "Actual Rows": 2,
        "Actual Loops": 1,
        "Workers Planned": 1,
        "Workers Launched": 1,
        "Single Copy": false,
        "Plans": [
          {
            "Node Type": "Aggregate",
            "Strategy": "Plain",
            "Partial Mode": "Partial",
            "Parent Relationship": "Outer",
            "Parallel Aware": false,
            "Startup Cost": 549438.01,
            "Total Cost": 549438.02,
            "Plan Rows": 1,
            "Plan Width": 8,
            "Actual Startup Time": 1629.003,
            "Actual Total Time": 1629.008,
            "Actual Rows": 1,
            "Actual Loops": 2,
            "Plans": [
              {
                "Node Type": "Hash Join",
                "Parent Relationship": "Outer",
                "Parallel Aware": false,
                "Join Type": "Inner",
                "Startup Cost": 3008.0,
                "Total Cost": 549437.55,
                "Plan Rows": 185,
                "Plan Width": 0,
                "Actual Startup Time": 566.384,
                "Actual Total Time": 1628.883,
                "Actual Rows": 664,
                "Actual Loops": 2,
                "Inner Unique": false,
                "Hash Cond": "(ci.movie_id = t.id)",
                "Plans": [
                  {
                    "Node Type": "Seq Scan",
                    "Parent Relationship": "Outer",
                    "Parallel Aware": true,
                    "Relation Name": "cast_info",
                    "Alias": "ci",
                    "Startup Cost": 0.0,
                    "Total Cost": 519069.44,
                    "Plan Rows": 7295535,
                    "Plan Width": 4,
                    "Actual Startup Time": 563.69,
                    "Actual Total Time": 1285.198,
                    "Actual Rows": 6191054,
                    "Actual Loops": 2,
                    "Filter": "(person_id > 2446787)",
                    "Rows Removed by Filter": 11931118
                  },
                  {
                    "Node Type": "Hash",
                    "Parent Relationship": "Inner",
                    "Parallel Aware": false,
                    "Startup Cost": 3007.2,
                    "Total Cost": 3007.2,
                    "Plan Rows": 64,
                    "Plan Width": 8,
                    "Actual Startup Time": 1.215,
                    "Actual Total Time": 1.218,
                    "Actual Rows": 32,
                    "Actual Loops": 2,
                    "Hash Buckets": 1024,
                    "Original Hash Buckets": 1024,
                    "Hash Batches": 1,
                    "Original Hash Batches": 1,
                    "Peak Memory Usage": 10,
                    "Plans": [
                      {
                        "Node Type": "Nested Loop",
                        "Parent Relationship": "Outer",
                        "Parallel Aware": false,
                        "Join Type": "Inner",
                        "Startup Cost": 6.78,
                        "Total Cost": 3007.2,
                        "Plan Rows": 64,
                        "Plan Width": 8,
                        "Actual Startup Time": 0.519,
                        "Actual Total Time": 1.203,
                        "Actual Rows": 32,
                        "Actual Loops": 2,
                        "Inner Unique": true,
                        "Plans": [
                          {
                            "Node Type": "Bitmap Heap Scan",
                            "Parent Relationship": "Outer",
                            "Parallel Aware": false,
                            "Relation Name": "movie_keyword",
                            "Alias": "mk",
                            "Startup Cost": 6.35,
                            "Total Cost": 922.98,
                            "Plan Rows": 248,
                            "Plan Width": 4,
                            "Actual Startup Time": 0.093,
                            "Actual Total Time": 0.363,
                            "Actual Rows": 54,
                            "Actual Loops": 2,
                            "Recheck Cond": "(keyword_id = 11054)",
                            "Rows Removed by Index Recheck": 0,
                            "Exact Heap Blocks": 54,
                            "Lossy Heap Blocks": 0,
                            "Plans": [
                              {
                                "Node Type": "Bitmap Index Scan",
                                "Parent Relationship": "Outer",
                                "Parallel Aware": false,
                                "Index Name": "keyword_id_movie_keyword",
                                "Startup Cost": 0.0,
                                "Total Cost": 6.29,
                                "Plan Rows": 248,
                                "Plan Width": 0,
                                "Actual Startup Time": 0.081,
                                "Actual Total Time": 0.081,
                                "Actual Rows": 54,
                                "Actual Loops": 2,
                                "Index Cond": "(keyword_id = 11054)"
                              }
                            ]
                          },
                          {
                            "Node Type": "Index Scan",
                            "Parent Relationship": "Inner",
                            "Parallel Aware": false,
                            "Scan Direction": "Forward",
                            "Index Name": "title_pkey",
                            "Relation Name": "title",
                            "Alias": "t",
                            "Startup Cost": 0.43,
                            "Total Cost": 8.4,
                            "Plan Rows": 1,
                            "Plan Width": 4,
                            "Actual Startup Time": 0.015,
                            "Actual Total Time": 0.015,
                            "Actual Rows": 1,
                            "Actual Loops": 108,
                            "Index Cond": "(id = mk.movie_id)",
                            "Rows Removed by Index Recheck": 0,
                            "Filter": "((kind_id < 7) AND (production_year < 2008))",
                            "Rows Removed by Filter": 0
                          }
                        ]
                      }
                    ]
                  }
                ]
              }
            ]
          }
        ]
      }
    ]
  },
  "Planning Time": 0.571,
  "Triggers": [],
  "Execution Time": 1678.001
}