[
  {
    "Plan": {
      "Node Type": "Aggregate",
      "Strategy": "Plain",
      "Partial Mode": "Finalize",
      "Parallel Aware": false,
      "Startup Cost": 31139.81,
      "Total Cost": 31139.82,
      "Plan Rows": 1,
      "Plan Width": 8,
      "Actual Startup Time": 97.949,
      "Actual Total Time": 103.299,
      "Actual Rows": 1,
      "Actual Loops": 1,
      "Plans": [
        {
          "Node Type": "Gather",
          "Parent Relationship": "Outer",
          "Parallel Aware": false,
          "Startup Cost": 31139.49,
          "Total Cost": 31139.8,
          "Plan Rows": 3,
          "Plan Width": 8,
          "Actual Startup Time": 97.815,
          "Actual Total Time": 103.29,
          "Actual Rows": 4,
          "Actual Loops": 1,
          "Workers Planned": 3,
          "Workers Launched": 3,
          "Single Copy": false,
          "Plans": [
            {
              "Node Type": "Aggregate",
              "Strategy": "Plain",
              "Partial Mode": "Partial",
              "Parent Relationship": "Outer",
              "Parallel Aware": false,
              "Startup Cost": 30139.49,
              "Total Cost": 30139.5,
              "Plan Rows": 1,
              "Plan Width": 8,
              "Actual Startup Time": 90.897,
              "Actual Total Time": 90.898,
              "Actual Rows": 1,
              "Actual Loops": 4,
              "Plans": [
                {
                  "Node Type": "Seq Scan",
                  "Parent Relationship": "Outer",
                  "Parallel Aware": true,
                  "Relation Name": "movie_companies",
                  "Alias": "mc",
                  "Startup Cost": 0.0,
                  "Total Cost": 29310.68,
                  "Plan Rows": 331525,
                  "Plan Width": 0,
                  "Actual Startup Time": 18.73,
                  "Actual Total Time": 78.857,
                  "Actual Rows": 255562,
                  "Actual Loops": 4,
                  "Filter": "(company_id > 15882)",
                  "Rows Removed by Filter": 396721
                }
              ]
            }
          ]
        }
      ]
    },
    "Planning Time": 0.202,
    "Triggers": [],
    "Execution Time": 103.364
  }
]