[
  {
    "Plan": {
      "Node Type": "Aggregate",
      "Strategy": "Plain",
      "Partial Mode": "Finalize",
      "Parallel Aware": false,
      "Startup Cost": 31126.66,
      "Total Cost": 31126.67,
      "Plan Rows": 1,
      "Plan Width": 8,
      "Actual Startup Time": 107.171,
      "Actual Total Time": 114.632,
      "Actual Rows": 1,
      "Actual Loops": 1,
      "Plans": [
        {
          "Node Type": "Gather",
          "Parent Relationship": "Outer",
          "Parallel Aware": false,
          "Startup Cost": 31126.35,
          "Total Cost": 31126.66,
          "Plan Rows": 3,
          "Plan Width": 8,
          "Actual Startup Time": 107.086,
          "Actual Total Time": 114.625,
          "Actual Rows": 4,
          "Actual Loops": 1,
          "Workers Planned": 3,
          "Workers Launched": 3,
          "Single Copy": false,
          "Plans": [
            {
              "Node Type": "Aggregate",
              "Strategy": "Plain",
              "Partial Mode": "Partial",
              "Parent Relationship": "Outer",
              "Parallel Aware": false,
              "Startup Cost": 30126.35,
              "Total Cost": 30126.36,
              "Plan Rows": 1,
              "Plan Width": 8,
              "Actual Startup Time": 98.435,
              "Actual Total Time": 98.436,
              "Actual Rows": 1,
              "Actual Loops": 4,
              "Plans": [
                {
                  "Node Type": "Seq Scan",
                  "Parent Relationship": "Outer",
                  "Parallel Aware": true,
                  "Relation Name": "movie_companies",
                  "Alias": "mc",
                  "Startup Cost": 0.0,
                  "Total Cost": 29310.68,
                  "Plan Rows": 326266,
                  "Plan Width": 0,
                  "Actual Startup Time": 24.943,
                  "Actual Total Time": 86.197,
                  "Actual Rows": 255562,
                  "Actual Loops": 4,
                  "Filter": "(company_id > 15882)",
                  "Rows Removed by Filter": 396721
                }
              ]
            }
          ]
        }
      ]
    },
    "Planning Time": 0.183,
    "Triggers": [],
    "Execution Time": 114.688
  }
]