{
  "Plan": {
    "Node Type": "Aggregate",
    "Strategy": "Plain",
    "Partial Mode": "Finalize",
    "Parallel Aware": false,
    "Startup Cost": 246254.64,
    "Total Cost": 246254.65,
    "Plan Rows": 1,
    "Plan Width": 8,
    "Actual Startup Time": 682.086,
    "Actual Total Time": 701.698,
    "Actual Rows": 1,
    "Actual Loops": 1,
    "Plans": [
      {
        "Node Type": "Gather",
        "Parent Relationship": "Outer",
        "Parallel Aware": false,
        "Startup Cost": 246254.52,
        "Total Cost": 246254.63,
        "Plan Rows": 1,
        "Plan Width": 8,
        "Actual Startup Time": 675.737,
        "Actual Total Time": 701.689,
        "Actual Rows": 2,
        "Actual Loops": 1,
        "Workers Planned": 1,
        "Workers Launched": 1,
        "Single Copy": false,
        "Plans": [
          {
            "Node Type": "Aggregate",
            "Strategy": "Plain",
            "Partial Mode": "Partial",
            "Parent Relationship": "Outer",
            "Parallel Aware": false,
            "Startup Cost": 245254.52,
            "Total Cost": 245254.53,
            "Plan Rows": 1,
            "Plan Width": 8,
            "Actual Startup Time": 663.721,
            "Actual Total Time": 663.725,
            "Actual Rows": 1,
            "Actual Loops": 2,
            "Plans": [
              {
                "Node Type": "Hash Join",
                "Parent Relationship": "Outer",
                "Parallel Aware": true,
                "Join Type": "Inner",
                "Startup Cost": 78239.32,
                "Total Cost": 244542.15,
                "Plan Rows": 284948,
                "Plan Width": 0,
                "Actual Startup Time": 550.889,
                "Actual Total Time": 652.182,
                "Actual Rows": 243277,
                "Actual Loops": 2,
                "Inner Unique": true,
                "Hash Cond": "(mi.movie_id = t.id)",
                "Plans": [
                  {
                    "Node Type": "Bitmap Heap Scan",
                    "Parent Relationship": "Outer",
                    "Parallel Aware": true,
                    "Relation Name": "movie_info",
                    "Alias": "mi",
                    "Startup Cost": 8778.62,
                    "Total Cost": 174333.47,
                    "Plan Rows": 284948,
                    "Plan Width": 4,
                    "Actual Startup Time": 24.222,
                    "Actual Total Time": 51.164,
                    "Actual Rows": 243277,
                    "Actual Loops": 2,
                    "Recheck Cond": "(info_type_id = 5)",
                    "Rows Removed by Index Recheck": 0,
                    "Exact Heap Blocks": 3036,
                    "Lossy Heap Blocks": 0,
                    "Plans": [
                      {
                        "Node Type": "Bitmap Index Scan",
                        "Parent Relationship": "Outer",
                        "Parallel Aware": false,
                        "Index Name": "info_type_id_movie_info",
                        "Startup Cost": 0.0,
                        "Total Cost": 8657.52,
                        "Plan Rows": 484411,
                        "Plan Width": 0,
                        "Actual Startup Time": 23.476,
                        "Actual Total Time": 23.477,
                        "Actual Rows": 486554,
                        "Actual Loops": 1,
                        "Index Cond": "(info_type_id = 5)"
                      }
                    ]
                  },
                  {
                    "Node Type": "Hash",
                    "Parent Relationship": "Inner",
                    "Parallel Aware": true,
                    "Startup Cost": 50870.31,
                    "Total Cost": 50870.31,
                    "Plan Rows": 1487231,
                    "Plan Width": 4,
                    "Actual Startup Time": 504.984,
                    "Actual Total Time": 504.985,
                    "Actual Rows": 1264156,
                    "Actual Loops": 2,
                    "Hash Buckets": 4194304,
                    "Original Hash Buckets": 4194304,
                    "Hash Batches": 1,
                    "Original Hash Batches": 1,
                    "Peak Memory Usage": 131712,
                    "Plans": [
                      {
                        "Node Type": "Seq Scan",
                        "Parent Relationship": "Outer",
                        "Parallel Aware": true,
                        "Relation Name": "title",
                        "Alias": "t",
                        "Startup Cost": 0.0,
                        "Total Cost": 50870.31,
                        "Plan Rows": 1487231,
                        "Plan Width": 4,
                        "Actual Startup Time": 0.024,
                        "Actual Total Time": 149.514,
                        "Actual Rows": 1264156,
                        "Actual Loops": 2
                      }
                    ]
                  }
                ]
              }
            ]
          }
        ]
      }
    ]
  },
  "Planning Time": 0.733,
  "Triggers": [],
  "Execution Time": 701.788
}