{
  "Plan": {
    "Node Type": "Aggregate",
    "Strategy": "Plain",
    "Partial Mode": "Finalize",
    "Parallel Aware": false,
    "Startup Cost": 451741.9,
    "Total Cost": 451741.91,
    "Plan Rows": 1,
    "Plan Width": 8,
    "Actual Startup Time": 3918.562,
    "Actual Total Time": 3973.384,
    "Actual Rows": 1,
    "Actual Loops": 1,
    "Plans": [
      {
        "Node Type": "Gather",
        "Parent Relationship": "Outer",
        "Parallel Aware": false,
        "Startup Cost": 451741.78,
        "Total Cost": 451741.89,
        "Plan Rows": 1,
        "Plan Width": 8,
        "Actual Startup Time": 3913.572,
        "Actual Total Time": 3973.376,
        "Actual Rows": 2,
        "Actual Loops": 1,
        "Workers Planned": 1,
        "Workers Launched": 1,
        "Single Copy": false,
        "Plans": [
          {
            "Node Type": "Aggregate",
            "Strategy": "Plain",
            "Partial Mode": "Partial",
            "Parent Relationship": "Outer",
            "Parallel Aware": false,
            "Startup Cost": 450741.78,
            "Total Cost": 450741.79,
            "Plan Rows": 1,
            "Plan Width": 8,
            "Actual Startup Time": 3907.165,
            "Actual Total Time": 3907.17,
            "Actual Rows": 1,
            "Actual Loops": 2,
            "Plans": [
              {
                "Node Type": "Hash Join",
                "Parent Relationship": "Outer",
                "Parallel Aware": true,
                "Join Type": "Inner",
                "Startup Cost": 116749.03,
                "Total Cost": 446632.56,
                "Plan Rows": 1643691,
                "Plan Width": 0,
                "Actual Startup Time": 695.215,
                "Actual Total Time": 3827.436,
                "Actual Rows": 1901588,
                "Actual Loops": 2,
                "Inner Unique": false,
                "Hash Cond": "(t.id = mc.movie_id)",
                "Plans": [
                  {
                    "Node Type": "Hash Join",
                    "Parent Relationship": "Outer",
                    "Parallel Aware": true,
                    "Join Type": "Inner",
                    "Startup Cost": 69460.7,
                    "Total Cost": 354803.4,
                    "Plan Rows": 5579529,
                    "Plan Width": 8,
                    "Actual Startup Time": 504.172,
                    "Actual Total Time": 2684.71,
                    "Actual Rows": 4782576,
                    "Actual Loops": 2,
                    "Inner Unique": true,
                    "Hash Cond": "(mi.movie_id = t.id)",
                    "Plans": [
                      {
                        "Node Type": "Seq Scan",
                        "Parent Relationship": "Outer",
                        "Parallel Aware": true,
                        "Relation Name": "movie_info",
                        "Alias": "mi",
                        "Startup Cost": 0.0,
                        "Total Cost": 270696.42,
                        "Plan Rows": 5579529,
                        "Plan Width": 4,
                        "Actual Startup Time": 0.011,
                        "Actual Total Time": 736.193,
                        "Actual Rows": 4782576,
                        "Actual Loops": 2,
                        "Filter": "(info_type_id < 16)",
                        "Rows Removed by Filter": 2635284
                      },
                      {
                        "Node Type": "Hash",
                        "Parent Relationship": "Inner",
                        "Parallel Aware": true,
                        "Startup Cost": 50870.31,
                        "Total Cost": 50870.31,
                        "Plan Rows": 1487231,
                        "Plan Width": 4,
                        "Actual Startup Time": 492.688,
                        "Actual Total Time": 492.689,
                        "Actual Rows": 1264156,
                        "Actual Loops": 2,
                        "Hash Buckets": 4194304,
                        "Original Hash Buckets": 4194304,
                        "Hash Batches": 1,
                        "Original Hash Batches": 1,
                        "Peak Memory Usage": 131712,
                        "Plans": [
                          {
                            "Node Type": "Seq Scan",
                            "Parent Relationship": "Outer",
                            "Parallel Aware": true,
                            "Relation Name": "title",
                            "Alias": "t",
                            "Startup Cost": 0.0,
                            "Total Cost": 50870.31,
                            "Plan Rows": 1487231,
                            "Plan Width": 4,
                            "Actual Startup Time": 0.016,
                            "Actual Total Time": 148.935,
                            "Actual Rows": 1264156,
                            "Actual Loops": 2
                          }
                        ]
                      }
                    ]
                  },
                  {
                    "Node Type": "Hash",
                    "Parent Relationship": "Inner",
                    "Parallel Aware": true,
                    "Startup Cost": 41811.73,
                    "Total Cost": 41811.73,
                    "Plan Rows": 438128,
                    "Plan Width": 4,
                    "Actual Startup Time": 181.001,
                    "Actual Total Time": 181.002,
                    "Actual Rows": 234469,
                    "Actual Loops": 2,
                    "Hash Buckets": 1048576,
                    "Original Hash Buckets": 1048576,
                    "Hash Batches": 1,
                    "Original Hash Batches": 1,
                    "Peak Memory Usage": 26560,
                    "Plans": [
                      {
                        "Node Type": "Seq Scan",
                        "Parent Relationship": "Outer",
                        "Parallel Aware": true,
                        "Relation Name": "movie_companies",
                        "Alias": "mc",
                        "Startup Cost": 0.0,
                        "Total Cost": 41811.73,
                        "Plan Rows": 438128,
                        "Plan Width": 4,
                        "Actual Startup Time": 67.561,
                        "Actual Total Time": 126.61,
                        "Actual Rows": 234469,
                        "Actual Loops": 2,
                        "Filter": "((company_id < 13230) AND (company_type_id = 2))",
                        "Rows Removed by Filter": 1070096
                      }
                    ]
                  }
                ]
              }
            ]
          }
        ]
      }
    ]
  },
  "Planning Time": 0.71,
  "Triggers": [],
  "Execution Time": 3973.471
}