[
  {
    "Plan": {
      "Node Type": "Aggregate",
      "Strategy": "Plain",
      "Partial Mode": "Finalize",
      "Parallel Aware": false,
      "Startup Cost": 92365.1,
      "Total Cost": 92365.11,
      "Plan Rows": 1,
      "Plan Width": 8,
      "Actual Startup Time": 500.12,
      "Actual Total Time": 535.955,
      "Actual Rows": 1,
      "Actual Loops": 1,
      "Plans": [
        {
          "Node Type": "Gather",
          "Parent Relationship": "Outer",
          "Parallel Aware": false,
          "Startup Cost": 92364.68,
          "Total Cost": 92365.09,
          "Plan Rows": 4,
          "Plan Width": 8,
          "Actual Startup Time": 499.502,
          "Actual Total Time": 535.946,
          "Actual Rows": 5,
          "Actual Loops": 1,
          "Workers Planned": 4,
          "Workers Launched": 4,
          "Single Copy": false,
          "Plans": [
            {
              "Node Type": "Aggregate",
              "Strategy": "Plain",
              "Partial Mode": "Partial",
              "Parent Relationship": "Outer",
              "Parallel Aware": false,
              "Startup Cost": 91364.68,
              "Total Cost": 91364.69,
              "Plan Rows": 1,
              "Plan Width": 8,
              "Actual Startup Time": 495.485,
              "Actual Total Time": 495.491,
              "Actual Rows": 1,
              "Actual Loops": 5,
              "Plans": [
                {
                  "Node Type": "Nested Loop",
                  "Parent Relationship": "Outer",
                  "Parallel Aware": false,
                  "Join Type": "Inner",
                  "Startup Cost": 20149.09,
                  "Total Cost": 90955.49,
                  "Plan Rows": 163676,
                  "Plan Width": 0,
                  "Actual Startup Time": 18.845,
                  "Actual Total Time": 480.3,
                  "Actual Rows": 224339,
                  "Actual Loops": 5,
                  "Inner Unique": false,
                  "Plans": [
                    {
                      "Node Type": "Hash Join",
                      "Parent Relationship": "Outer",
                      "Parallel Aware": true,
                      "Join Type": "Inner",
                      "Startup Cost": 20148.52,
                      "Total Cost": 65664.55,
                      "Plan Rows": 11415,
                      "Plan Width": 8,
                      "Actual Startup Time": 18.748,
                      "Actual Total Time": 152.357,
                      "Actual Rows": 9450,
                      "Actual Loops": 5,
                      "Inner Unique": false,
                      "Hash Cond": "(t.id = mc.movie_id)",
                      "Plans": [
                        {
                          "Node Type": "Seq Scan",
                          "Parent Relationship": "Outer",
                          "Parallel Aware": true,
                          "Relation Name": "title",
                          "Alias": "t",
                          "Startup Cost": 0.0,
                          "Total Cost": 42318.81,
                          "Plan Rows": 632080,
                          "Plan Width": 4,
                          "Actual Startup Time": 0.007,
                          "Actual Total Time": 58.553,
                          "Actual Rows": 505662,
                          "Actual Loops": 5
                        },
                        {
                          "Node Type": "Hash",
                          "Parent Relationship": "Inner",
                          "Parallel Aware": true,
                          "Startup Cost": 19964.41,
                          "Total Cost": 19964.41,
                          "Plan Rows": 14729,
                          "Plan Width": 4,
                          "Actual Startup Time": 18.025,
                          "Actual Total Time": 18.026,
                          "Actual Rows": 9450,
                          "Actual Loops": 5,
                          "Hash Buckets": 65536,
                          "Original Hash Buckets": 65536,
                          "Hash Batches": 1,
                          "Original Hash Batches": 1,
                          "Peak Memory Usage": 2432,
                          "Plans": [
                            {
                              "Node Type": "Bitmap Heap Scan",
                              "Parent Relationship": "Outer",
                              "Parallel Aware": true,
                              "Relation Name": "movie_companies",
                              "Alias": "mc",
                              "Startup Cost": 990.29,
                              "Total Cost": 19964.41,
                              "Plan Rows": 14729,
                              "Plan Width": 4,
                              "Actual Startup Time": 4.3,
                              "Actual Total Time": 14.319,
                              "Actual Rows": 9450,
                              "Actual Loops": 5,
                              "Recheck Cond": "(company_id = 19)",
                              "Rows Removed by Index Recheck": 0,
                              "Exact Heap Blocks": 2314,
                              "Lossy Heap Blocks": 0,
                              "Plans": [
                                {
                                  "Node Type": "Bitmap Index Scan",
                                  "Parent Relationship": "Outer",
                                  "Parallel Aware": false,
                                  "Index Name": "company_id_movie_companies",
                                  "Startup Cost": 0.0,
                                  "Total Cost": 978.88,
                                  "Plan Rows": 45660,
                                  "Plan Width": 0,
                                  "Actual Startup Time": 4.479,
                                  "Actual Total Time": 4.479,
                                  "Actual Rows": 47252,
                                  "Actual Loops": 1,
                                  "Index Cond": "(company_id = 19)"
                                }
                              ]
                            }
                          ]
                        }
                      ]
                    },
                    {
                      "Node Type": "Index Only Scan",
                      "Parent Relationship": "Inner",
                      "Parallel Aware": false,
                      "Scan Direction": "Forward",
                      "Index Name": "movie_id_cast_info",
                      "Relation Name": "cast_info",
                      "Alias": "ci",
                      "Startup Cost": 0.56,
                      "Total Cost": 1.84,
                      "Plan Rows": 38,
                      "Plan Width": 4,
                      "Actual Startup Time": 0.007,
                      "Actual Total Time": 0.032,
                      "Actual Rows": 24,
                      "Actual Loops": 47252,
                      "Index Cond": "(movie_id = t.id)",
                      "Rows Removed by Index Recheck": 0,
                      "Heap Fetches": 1121696
                    }
                  ]
                }
              ]
            }
          ]
        }
      ]
    },
    "Planning Time": 0.785,
    "Triggers": [],
    "Execution Time": 536.029
  }
]