[
  {
    "Plan": {
      "Node Type": "Aggregate",
      "Strategy": "Plain",
      "Partial Mode": "Finalize",
      "Parallel Aware": false,
      "Startup Cost": 78784.52,
      "Total Cost": 78784.53,
      "Plan Rows": 1,
      "Plan Width": 8,
      "Actual Startup Time": 248.194,
      "Actual Total Time": 265.648,
      "Actual Rows": 1,
      "Actual Loops": 1,
      "Plans": [
        {
          "Node Type": "Gather",
          "Parent Relationship": "Outer",
          "Parallel Aware": false,
          "Startup Cost": 78784.21,
          "Total Cost": 78784.52,
          "Plan Rows": 3,
          "Plan Width": 8,
          "Actual Startup Time": 245.739,
          "Actual Total Time": 265.639,
          "Actual Rows": 4,
          "Actual Loops": 1,
          "Workers Planned": 3,
          "Workers Launched": 3,
          "Single Copy": false,
          "Plans": [
            {
              "Node Type": "Aggregate",
              "Strategy": "Plain",
              "Partial Mode": "Partial",
              "Parent Relationship": "Outer",
              "Parallel Aware": false,
              "Startup Cost": 77784.21,
              "Total Cost": 77784.22,
              "Plan Rows": 1,
              "Plan Width": 8,
              "Actual Startup Time": 238.484,
              "Actual Total Time": 238.488,
              "Actual Rows": 1,
              "Actual Loops": 4,
              "Plans": [
                {
                  "Node Type": "Hash Join",
                  "Parent Relationship": "Outer",
                  "Parallel Aware": true,
                  "Join Type": "Inner",
                  "Startup Cost": 45950.75,
                  "Total Cost": 77701.21,
                  "Plan Rows": 33198,
                  "Plan Width": 0,
                  "Actual Startup Time": 180.959,
                  "Actual Total Time": 238.201,
                  "Actual Rows": 4510,
                  "Actual Loops": 4,
                  "Inner Unique": true,
                  "Hash Cond": "(mc.movie_id = t.id)",
                  "Plans": [
                    {
                      "Node Type": "Seq Scan",
                      "Parent Relationship": "Outer",
                      "Parallel Aware": true,
                      "Relation Name": "movie_companies",
                      "Alias": "mc",
                      "Startup Cost": 0.0,
                      "Total Cost": 31414.82,
                      "Plan Rows": 127865,
                      "Plan Width": 4,
                      "Actual Startup Time": 13.276,
                      "Actual Total Time": 62.046,
                      "Actual Rows": 17921,
                      "Actual Loops": 4,
                      "Filter": "((company_id > 30447) AND (company_type_id < 2))",
                      "Rows Removed by Filter": 634361
                    },
                    {
                      "Node Type": "Hash",
                      "Parent Relationship": "Inner",
                      "Parallel Aware": true,
                      "Startup Cost": 43899.32,
                      "Total Cost": 43899.32,
                      "Plan Rows": 164114,
                      "Plan Width": 4,
                      "Actual Startup Time": 165.039,
                      "Actual Total Time": 165.04,
                      "Actual Rows": 165516,
                      "Actual Loops": 4,
                      "Hash Buckets": 1048576,
                      "Original Hash Buckets": 1048576,
                      "Hash Batches": 1,
                      "Original Hash Batches": 1,
                      "Peak Memory Usage": 34144,
                      "Plans": [
                        {
                          "Node Type": "Seq Scan",
                          "Parent Relationship": "Outer",
                          "Parallel Aware": true,
                          "Relation Name": "title",
                          "Alias": "t",
                          "Startup Cost": 0.0,
                          "Total Cost": 43899.32,
                          "Plan Rows": 164114,
                          "Plan Width": 4,
                          "Actual Startup Time": 0.047,
                          "Actual Total Time": 103.284,
                          "Actual Rows": 165516,
                          "Actual Loops": 4,
                          "Filter": "(production_year > 2008)",
                          "Rows Removed by Filter": 466562
                        }
                      ]
                    }
                  ]
                }
              ]
            }
          ]
        }
      ]
    },
    "Planning Time": 0.229,
    "Triggers": [],
    "Execution Time": 265.68
  }
]