[
  {
    "Plan": {
      "Node Type": "Aggregate",
      "Strategy": "Plain",
      "Partial Mode": "Finalize",
      "Parallel Aware": false,
      "Startup Cost": 460702.59,
      "Total Cost": 460702.6,
      "Plan Rows": 1,
      "Plan Width": 8,
      "Actual Startup Time": 2194.459,
      "Actual Total Time": 2258.716,
      "Actual Rows": 1,
      "Actual Loops": 1,
      "Plans": [
        {
          "Node Type": "Gather",
          "Parent Relationship": "Outer",
          "Parallel Aware": false,
          "Startup Cost": 460702.27,
          "Total Cost": 460702.58,
          "Plan Rows": 3,
          "Plan Width": 8,
          "Actual Startup Time": 2169.399,
          "Actual Total Time": 2258.707,
          "Actual Rows": 4,
          "Actual Loops": 1,
          "Workers Planned": 3,
          "Workers Launched": 3,
          "Single Copy": false,
          "Plans": [
            {
              "Node Type": "Aggregate",
              "Strategy": "Plain",
              "Partial Mode": "Partial",
              "Parent Relationship": "Outer",
              "Parallel Aware": false,
              "Startup Cost": 459702.27,
              "Total Cost": 459702.28,
              "Plan Rows": 1,
              "Plan Width": 8,
              "Actual Startup Time": 2141.365,
              "Actual Total Time": 2141.371,
              "Actual Rows": 1,
              "Actual Loops": 4,
              "Plans": [
                {
                  "Node Type": "Hash Join",
                  "Parent Relationship": "Outer",
                  "Parallel Aware": true,
                  "Join Type": "Inner",
                  "Startup Cost": 404875.58,
                  "Total Cost": 454868.87,
                  "Plan Rows": 1933362,
                  "Plan Width": 0,
                  "Actual Startup Time": 1801.538,
                  "Actual Total Time": 2093.289,
                  "Actual Rows": 1140194,
                  "Actual Loops": 4,
                  "Inner Unique": false,
                  "Hash Cond": "(mk.movie_id = t.id)",
                  "Plans": [
                    {
                      "Node Type": "Seq Scan",
                      "Parent Relationship": "Outer",
                      "Parallel Aware": true,
                      "Relation Name": "movie_keyword",
                      "Alias": "mk",
                      "Startup Cost": 0.0,
                      "Total Cost": 42695.65,
                      "Plan Rows": 1086764,
                      "Plan Width": 4,
                      "Actual Startup Time": 0.053,
                      "Actual Total Time": 110.154,
                      "Actual Rows": 839677,
                      "Actual Loops": 4,
                      "Filter": "(keyword_id < 16073)",
                      "Rows Removed by Filter": 291306
                    },
                    {
                      "Node Type": "Hash",
                      "Parent Relationship": "Inner",
                      "Parallel Aware": true,
                      "Startup Cost": 395504.57,
                      "Total Cost": 395504.57,
                      "Plan Rows": 749681,
                      "Plan Width": 8,
                      "Actual Startup Time": 1784.38,
                      "Actual Total Time": 1784.384,
                      "Actual Rows": 484365,
                      "Actual Loops": 4,
                      "Hash Buckets": 8388608,
                      "Original Hash Buckets": 8388608,
                      "Hash Batches": 1,
                      "Original Hash Batches": 1,
                      "Peak Memory Usage": 141376,
                      "Plans": [
                        {
                          "Node Type": "Hash Join",
                          "Parent Relationship": "Outer",
                          "Parallel Aware": true,
                          "Join Type": "Inner",
                          "Startup Cost": 50220.38,
                          "Total Cost": 395504.57,
                          "Plan Rows": 749681,
                          "Plan Width": 8,
                          "Actual Startup Time": 997.804,
                          "Actual Total Time": 1554.801,
                          "Actual Rows": 484365,
                          "Actual Loops": 4,
                          "Inner Unique": true,
                          "Hash Cond": "(ci.movie_id = t.id)",
                          "Plans": [
                            {
                              "Node Type": "Seq Scan",
                              "Parent Relationship": "Outer",
                              "Parallel Aware": true,
                              "Relation Name": "cast_info",
                              "Alias": "ci",
                              "Startup Cost": 0.0,
                              "Total Cost": 343316.27,
                              "Plan Rows": 749681,
                              "Plan Width": 4,
                              "Actual Startup Time": 620.871,
                              "Actual Total Time": 911.876,
                              "Actual Rows": 484365,
                              "Actual Loops": 4,
                              "Filter": "((person_id > 3132179) AND (role_id < 9))",
                              "Rows Removed by Filter": 8576721
                            },
                            {
                              "Node Type": "Hash",
                              "Parent Relationship": "Inner",
                              "Parallel Aware": true,
                              "Startup Cost": 42319.06,
                              "Total Cost": 42319.06,
                              "Plan Rows": 632106,
                              "Plan Width": 4,
                              "Actual Startup Time": 369.765,
                              "Actual Total Time": 369.766,
                              "Actual Rows": 632078,
                              "Actual Loops": 4,
                              "Hash Buckets": 4194304,
                              "Original Hash Buckets": 4194304,
                              "Hash Batches": 1,
                              "Original Hash Batches": 1,
                              "Peak Memory Usage": 131744,
                              "Plans": [
                                {
                                  "Node Type": "Seq Scan",
                                  "Parent Relationship": "Outer",
                                  "Parallel Aware": true,
                                  "Relation Name": "title",
                                  "Alias": "t",
                                  "Startup Cost": 0.0,
                                  "Total Cost": 42319.06,
                                  "Plan Rows": 632106,
                                  "Plan Width": 4,
                                  "Actual Startup Time": 0.055,
                                  "Actual Total Time": 105.516,
                                  "Actual Rows": 632078,
                                  "Actual Loops": 4
                                }
                              ]
                            }
                          ]
                        }
                      ]
                    }
                  ]
                }
              ]
            }
          ]
        }
      ]
    },
    "Planning Time": 0.844,
    "Triggers": [],
    "Execution Time": 2258.784
  }
]