[
  {
    "Plan": {
      "Node Type": "Aggregate",
      "Strategy": "Plain",
      "Partial Mode": "Finalize",
      "Parallel Aware": false,
      "Startup Cost": 27108.86,
      "Total Cost": 27108.87,
      "Plan Rows": 1,
      "Plan Width": 8,
      "Actual Startup Time": 267.865,
      "Actual Total Time": 315.61,
      "Actual Rows": 1,
      "Actual Loops": 1,
      "Plans": [
        {
          "Node Type": "Gather",
          "Parent Relationship": "Outer",
          "Parallel Aware": false,
          "Startup Cost": 27108.65,
          "Total Cost": 27108.86,
          "Plan Rows": 2,
          "Plan Width": 8,
          "Actual Startup Time": 267.802,
          "Actual Total Time": 315.602,
          "Actual Rows": 3,
          "Actual Loops": 1,
          "Workers Planned": 2,
          "Workers Launched": 2,
          "Single Copy": false,
          "Plans": [
            {
              "Node Type": "Aggregate",
              "Strategy": "Plain",
              "Partial Mode": "Partial",
              "Parent Relationship": "Outer",
              "Parallel Aware": false,
              "Startup Cost": 26108.65,
              "Total Cost": 26108.66,
              "Plan Rows": 1,
              "Plan Width": 8,
              "Actual Startup Time": 260.539,
              "Actual Total Time": 260.541,
              "Actual Rows": 1,
              "Actual Loops": 3,
              "Plans": [
                {
                  "Node Type": "Nested Loop",
                  "Parent Relationship": "Outer",
                  "Parallel Aware": false,
                  "Join Type": "Inner",
                  "Startup Cost": 64.17,
                  "Total Cost": 26107.21,
                  "Plan Rows": 575,
                  "Plan Width": 0,
                  "Actual Startup Time": 6.614,
                  "Actual Total Time": 260.281,
                  "Actual Rows": 2080,
                  "Actual Loops": 3,
                  "Inner Unique": false,
                  "Plans": [
                    {
                      "Node Type": "Nested Loop",
                      "Parent Relationship": "Outer",
                      "Parallel Aware": false,
                      "Join Type": "Inner",
                      "Startup Cost": 63.6,
                      "Total Cost": 23212.38,
                      "Plan Rows": 1438,
                      "Plan Width": 8,
                      "Actual Startup Time": 1.838,
                      "Actual Total Time": 18.845,
                      "Actual Rows": 2205,
                      "Actual Loops": 3,
                      "Inner Unique": true,
                      "Plans": [
                        {
                          "Node Type": "Bitmap Heap Scan",
                          "Parent Relationship": "Outer",
                          "Parallel Aware": true,
                          "Relation Name": "movie_info",
                          "Alias": "mi",
                          "Startup Cost": 63.17,
                          "Total Cost": 12250.29,
                          "Plan Rows": 1438,
                          "Plan Width": 4,
                          "Actual Startup Time": 1.671,
                          "Actual Total Time": 4.348,
                          "Actual Rows": 2205,
                          "Actual Loops": 3,
                          "Recheck Cond": "(info_type_id = 41)",
                          "Rows Removed by Index Recheck": 0,
                          "Exact Heap Blocks": 749,
                          "Lossy Heap Blocks": 0,
                          "Plans": [
                            {
                              "Node Type": "Bitmap Index Scan",
                              "Parent Relationship": "Outer",
                              "Parallel Aware": false,
                              "Index Name": "info_type_id_movie_info",
                              "Startup Cost": 0.0,
                              "Total Cost": 62.31,
                              "Plan Rows": 3450,
                              "Plan Width": 0,
                              "Actual Startup Time": 4.044,
                              "Actual Total Time": 4.045,
                              "Actual Rows": 6614,
                              "Actual Loops": 1,
                              "Index Cond": "(info_type_id = 41)"
                            }
                          ]
                        },
                        {
                          "Node Type": "Index Only Scan",
                          "Parent Relationship": "Inner",
                          "Parallel Aware": false,
                          "Scan Direction": "Forward",
                          "Index Name": "title_pkey",
                          "Relation Name": "title",
                          "Alias": "t",
                          "Startup Cost": 0.43,
                          "Total Cost": 7.62,
                          "Plan Rows": 1,
                          "Plan Width": 4,
                          "Actual Startup Time": 0.006,
                          "Actual Total Time": 0.006,
                          "Actual Rows": 1,
                          "Actual Loops": 6614,
                          "Index Cond": "(id = mi.movie_id)",
                          "Rows Removed by Index Recheck": 0,
                          "Heap Fetches": 6614
                        }
                      ]
                    },
                    {
                      "Node Type": "Index Scan",
                      "Parent Relationship": "Inner",
                      "Parallel Aware": false,
                      "Scan Direction": "Forward",
                      "Index Name": "movie_id_cast_info",
                      "Relation Name": "cast_info",
                      "Alias": "ci",
                      "Startup Cost": 0.56,
                      "Total Cost": 2.0,
                      "Plan Rows": 1,
                      "Plan Width": 4,
                      "Actual Startup Time": 0.085,
                      "Actual Total Time": 0.109,
                      "Actual Rows": 1,
                      "Actual Loops": 6614,
                      "Index Cond": "(movie_id = t.id)",
                      "Rows Removed by Index Recheck": 0,
                      "Filter": "((person_id < 2169838) AND (role_id = 8))",
                      "Rows Removed by Filter": 75
                    }
                  ]
                }
              ]
            }
          ]
        }
      ]
    },
    "Planning Time": 1.454,
    "Triggers": [],
    "Execution Time": 315.73
  }
]