[
  {
    "Plan": {
      "Node Type": "Aggregate",
      "Strategy": "Plain",
      "Partial Mode": "Finalize",
      "Parallel Aware": false,
      "Startup Cost": 453997.99,
      "Total Cost": 453998.0,
      "Plan Rows": 1,
      "Plan Width": 8,
      "Actual Startup Time": 1612.46,
      "Actual Total Time": 1676.514,
      "Actual Rows": 1,
      "Actual Loops": 1,
      "Plans": [
        {
          "Node Type": "Gather",
          "Parent Relationship": "Outer",
          "Parallel Aware": false,
          "Startup Cost": 453997.36,
          "Total Cost": 453997.97,
          "Plan Rows": 6,
          "Plan Width": 8,
          "Actual Startup Time": 1606.561,
          "Actual Total Time": 1676.503,
          "Actual Rows": 7,
          "Actual Loops": 1,
          "Workers Planned": 6,
          "Workers Launched": 6,
          "Single Copy": false,
          "Plans": [
            {
              "Node Type": "Aggregate",
              "Strategy": "Plain",
              "Partial Mode": "Partial",
              "Parent Relationship": "Outer",
              "Parallel Aware": false,
              "Startup Cost": 452997.36,
              "Total Cost": 452997.37,
              "Plan Rows": 1,
              "Plan Width": 8,
              "Actual Startup Time": 1595.923,
              "Actual Total Time": 1595.992,
              "Actual Rows": 1,
              "Actual Loops": 7,
              "Plans": [
                {
                  "Node Type": "Hash Join",
                  "Parent Relationship": "Outer",
                  "Parallel Aware": true,
                  "Join Type": "Inner",
                  "Startup Cost": 95268.82,
                  "Total Cost": 449271.88,
                  "Plan Rows": 1490192,
                  "Plan Width": 0,
                  "Actual Startup Time": 269.994,
                  "Actual Total Time": 1572.702,
                  "Actual Rows": 453036,
                  "Actual Loops": 7,
                  "Inner Unique": false,
                  "Hash Cond": "(ci.movie_id = t.id)",
                  "Plans": [
                    {
                      "Node Type": "Seq Scan",
                      "Parent Relationship": "Outer",
                      "Parallel Aware": true,
                      "Relation Name": "cast_info",
                      "Alias": "ci",
                      "Startup Cost": 0.0,
                      "Total Cost": 328211.39,
                      "Plan Rows": 5595896,
                      "Plan Width": 4,
                      "Actual Startup Time": 0.059,
                      "Actual Total Time": 701.054,
                      "Actual Rows": 4810663,
                      "Actual Loops": 7,
                      "Filter": "(person_id < 3562093)",
                      "Rows Removed by Filter": 367101
                    },
                    {
                      "Node Type": "Hash",
                      "Parent Relationship": "Inner",
                      "Parallel Aware": true,
                      "Startup Cost": 92553.82,
                      "Total Cost": 92553.82,
                      "Plan Rows": 217200,
                      "Plan Width": 8,
                      "Actual Startup Time": 266.91,
                      "Actual Total Time": 266.975,
                      "Actual Rows": 20051,
                      "Actual Loops": 7,
                      "Hash Buckets": 1048576,
                      "Original Hash Buckets": 1048576,
                      "Hash Batches": 1,
                      "Original Hash Batches": 1,
                      "Peak Memory Usage": 13792,
                      "Plans": [
                        {
                          "Node Type": "Hash Join",
                          "Parent Relationship": "Outer",
                          "Parallel Aware": true,
                          "Join Type": "Inner",
                          "Startup Cost": 47132.19,
                          "Total Cost": 92553.82,
                          "Plan Rows": 217200,
                          "Plan Width": 8,
                          "Actual Startup Time": 130.718,
                          "Actual Total Time": 255.356,
                          "Actual Rows": 20051,
                          "Actual Loops": 7,
                          "Inner Unique": true,
                          "Hash Cond": "(mk.movie_id = t.id)",
                          "Plans": [
                            {
                              "Node Type": "Seq Scan",
                              "Parent Relationship": "Outer",
                              "Parallel Aware": true,
                              "Relation Name": "movie_keyword",
                              "Alias": "mk",
                              "Startup Cost": 0.0,
                              "Total Cost": 42695.65,
                              "Plan Rows": 1038469,
                              "Plan Width": 4,
                              "Actual Startup Time": 0.042,
                              "Actual Total Time": 76.906,
                              "Actual Rows": 459755,
                              "Actual Loops": 7,
                              "Filter": "(keyword_id < 13464)",
                              "Rows Removed by Filter": 186521
                            },
                            {
                              "Node Type": "Hash",
                              "Parent Relationship": "Inner",
                              "Parallel Aware": true,
                              "Startup Cost": 45479.59,
                              "Total Cost": 45479.59,
                              "Plan Rows": 132208,
                              "Plan Width": 4,
                              "Actual Startup Time": 128.913,
                              "Actual Total Time": 128.915,
                              "Actual Rows": 61178,
                              "Actual Loops": 7,
                              "Hash Buckets": 1048576,
                              "Original Hash Buckets": 1048576,
                              "Hash Batches": 1,
                              "Original Hash Batches": 1,
                              "Peak Memory Usage": 25056,
                              "Plans": [
                                {
                                  "Node Type": "Seq Scan",
                                  "Parent Relationship": "Outer",
                                  "Parallel Aware": true,
                                  "Relation Name": "title",
                                  "Alias": "t",
                                  "Startup Cost": 0.0,
                                  "Total Cost": 45479.59,
                                  "Plan Rows": 132208,
                                  "Plan Width": 4,
                                  "Actual Startup Time": 0.053,
                                  "Actual Total Time": 86.842,
                                  "Actual Rows": 61178,
                                  "Actual Loops": 7,
                                  "Filter": "((production_year < 1997) AND (kind_id = 7))",
                                  "Rows Removed by Filter": 300009
                                }
                              ]
                            }
                          ]
                        }
                      ]
                    }
                  ]
                }
              ]
            }
          ]
        }
      ]
    },
    "Planning Time": 0.654,
    "Triggers": [],
    "Execution Time": 1676.585
  }
]