[
  {
    "Plan": {
      "Node Type": "Aggregate",
      "Strategy": "Plain",
      "Partial Mode": "Finalize",
      "Parallel Aware": false,
      "Startup Cost": 32769.65,
      "Total Cost": 32769.66,
      "Plan Rows": 1,
      "Plan Width": 8,
      "Actual Startup Time": 88.71,
      "Actual Total Time": 96.697,
      "Actual Rows": 1,
      "Actual Loops": 1,
      "Plans": [
        {
          "Node Type": "Gather",
          "Parent Relationship": "Outer",
          "Parallel Aware": false,
          "Startup Cost": 32769.33,
          "Total Cost": 32769.64,
          "Plan Rows": 3,
          "Plan Width": 8,
          "Actual Startup Time": 88.597,
          "Actual Total Time": 96.69,
          "Actual Rows": 4,
          "Actual Loops": 1,
          "Workers Planned": 3,
          "Workers Launched": 3,
          "Single Copy": false,
          "Plans": [
            {
              "Node Type": "Aggregate",
              "Strategy": "Plain",
              "Partial Mode": "Partial",
              "Parent Relationship": "Outer",
              "Parallel Aware": false,
              "Startup Cost": 31769.33,
              "Total Cost": 31769.34,
              "Plan Rows": 1,
              "Plan Width": 8,
              "Actual Startup Time": 81.56,
              "Actual Total Time": 81.561,
              "Actual Rows": 1,
              "Actual Loops": 4,
              "Plans": [
                {
                  "Node Type": "Seq Scan",
                  "Parent Relationship": "Outer",
                  "Parallel Aware": true,
                  "Relation Name": "movie_companies",
                  "Alias": "mc",
                  "Startup Cost": 0.0,
                  "Total Cost": 31414.82,
                  "Plan Rows": 141805,
                  "Plan Width": 0,
                  "Actual Startup Time": 49.984,
                  "Actual Total Time": 78.79,
                  "Actual Rows": 62894,
                  "Actual Loops": 4,
                  "Filter": "((company_id < 2507) AND (company_type_id = 2))",
                  "Rows Removed by Filter": 589388
                }
              ]
            }
          ]
        }
      ]
    },
    "Planning Time": 0.222,
    "Triggers": [],
    "Execution Time": 96.751
  }
]