[
  {
    "Plan": {
      "Node Type": "Aggregate",
      "Strategy": "Plain",
      "Partial Mode": "Simple",
      "Parallel Aware": false,
      "Startup Cost": 18971.99,
      "Total Cost": 18972.0,
      "Plan Rows": 1,
      "Plan Width": 96,
      "Actual Startup Time": 14371.936,
      "Actual Total Time": 14372.134,
      "Actual Rows": 1,
      "Actual Loops": 1,
      "Output": [
        "min(chn.name)",
        "min(mi_idx.info)",
        "min(t.title)"
      ],
      "Plans": [
        {
          "Node Type": "Nested Loop",
          "Parent Relationship": "Outer",
          "Parallel Aware": false,
          "Join Type": "Inner",
          "Startup Cost": 3786.84,
          "Total Cost": 18971.98,
          "Plan Rows": 1,
          "Plan Width": 38,
          "Actual Startup Time": 250.447,
          "Actual Total Time": 14360.942,
          "Actual Rows": 5400,
          "Actual Loops": 1,
          "Output": [
            "chn.name",
            "mi_idx.info",
            "t.title"
          ],
          "Inner Unique": true,
          "Plans": [
            {
              "Node Type": "Nested Loop",
              "Parent Relationship": "Outer",
              "Parallel Aware": false,
              "Join Type": "Inner",
              "Startup Cost": 3786.41,
              "Total Cost": 18971.52,
              "Plan Rows": 1,
              "Plan Width": 42,
              "Actual Startup Time": 250.103,
              "Actual Total Time": 13617.691,
              "Actual Rows": 5400,
              "Actual Loops": 1,
              "Output": [
                "ci.person_id",
                "chn.name",
                "mi_idx.info",
                "t.title"
              ],
              "Inner Unique": true,
              "Plans": [
                {
                  "Node Type": "Nested Loop",
                  "Parent Relationship": "Outer",
                  "Parallel Aware": false,
                  "Join Type": "Inner",
                  "Startup Cost": 3785.98,
                  "Total Cost": 18971.07,
                  "Plan Rows": 1,
                  "Plan Width": 30,
                  "Actual Startup Time": 230.343,
                  "Actual Total Time": 9708.152,
                  "Actual Rows": 189738,
                  "Actual Loops": 1,
                  "Output": [
                    "ci.person_role_id",
                    "ci.person_id",
                    "mi_idx.info",
                    "t.title"
                  ],
                  "Inner Unique": false,
                  "Join Filter": "(t.id = ci.movie_id)",
                  "Rows Removed by Join Filter": 0,
                  "Plans": [
                    {
                      "Node Type": "Nested Loop",
                      "Parent Relationship": "Outer",
                      "Parallel Aware": false,
                      "Join Type": "Inner",
                      "Startup Cost": 3785.42,
                      "Total Cost": 18969.02,
                      "Plan Rows": 1,
                      "Plan Width": 38,
                      "Actual Startup Time": 229.979,
                      "Actual Total Time": 2105.951,
                      "Actual Rows": 1261,
                      "Actual Loops": 1,
                      "Output": [
                        "cc.movie_id",
                        "mi_idx.info",
                        "mi_idx.movie_id",
                        "mk.movie_id",
                        "t.title",
                        "t.id"
                      ],
                      "Inner Unique": true,
                      "Plans": [
                        {
                          "Node Type": "Nested Loop",
                          "Parent Relationship": "Outer",
                          "Parallel Aware": false,
                          "Join Type": "Inner",
                          "Startup Cost": 3785.27,
                          "Total Cost": 18968.03,
                          "Plan Rows": 6,
                          "Plan Width": 42,
                          "Actual Startup Time": 229.769,
                          "Actual Total Time": 2067.886,
                          "Actual Rows": 3831,
                          "Actual Loops": 1,
                          "Output": [
                            "cc.movie_id",
                            "mi_idx.info",
                            "mi_idx.movie_id",
                            "mi_idx.info_type_id",
                            "mk.movie_id",
                            "t.title",
                            "t.id"
                          ],
                          "Inner Unique": false,
                          "Join Filter": "(t.id = mi_idx.movie_id)",
                          "Rows Removed by Join Filter": 0,
                          "Plans": [
                            {
                              "Node Type": "Hash Join",
                              "Parent Relationship": "Outer",
                              "Parallel Aware": false,
                              "Join Type": "Inner",
                              "Startup Cost": 3784.85,
                              "Total Cost": 18966.97,
                              "Plan Rows": 2,
                              "Plan Width": 29,
                              "Actual Startup Time": 228.994,
                              "Actual Total Time": 1894.856,
                              "Actual Rows": 1267,
                              "Actual Loops": 1,
                              "Output": [
                                "cc.movie_id",
                                "mk.movie_id",
                                "t.title",
                                "t.id"
                              ],
                              "Inner Unique": true,
                              "Hash Cond": "(t.kind_id = kt.id)",
                              "Plans": [
                                {
                                  "Node Type": "Nested Loop",
                                  "Parent Relationship": "Outer",
                                  "Parallel Aware": false,
                                  "Join Type": "Inner",
                                  "Startup Cost": 3783.75,
                                  "Total Cost": 18965.8,
                                  "Plan Rows": 16,
                                  "Plan Width": 33,
                                  "Actual Startup Time": 211.239,
                                  "Actual Total Time": 1883.07,
                                  "Actual Rows": 1595,
                                  "Actual Loops": 1,
                                  "Output": [
                                    "cc.movie_id",
                                    "mk.movie_id",
                                    "t.title",
                                    "t.kind_id",
                                    "t.id"
                                  ],
                                  "Inner Unique": true,
                                  "Plans": [
                                    {
                                      "Node Type": "Hash Join",
                                      "Parent Relationship": "Outer",
                                      "Parallel Aware": false,
                                      "Join Type": "Inner",
                                      "Startup Cost": 3783.32,
                                      "Total Cost": 18951.6,
                                      "Plan Rows": 29,
                                      "Plan Width": 8,
                                      "Actual Startup Time": 196.622,
                                      "Actual Total Time": 1340.79,
                                      "Actual Rows": 6396,
                                      "Actual Loops": 1,
                                      "Output": [
                                        "cc.movie_id",
                                        "mk.movie_id"
                                      ],
                                      "Inner Unique": true,
                                      "Hash Cond": "(cc.status_id = cct2.id)",
                                      "Plans": [
                                        {
                                          "Node Type": "Hash Join",
                                          "Parent Relationship": "Outer",
                                          "Parallel Aware": false,
                                          "Join Type": "Inner",
                                          "Startup Cost": 3782.26,
                                          "Total Cost": 18949.91,
                                          "Plan Rows": 115,
                                          "Plan Width": 12,
                                          "Actual Startup Time": 195.282,
                                          "Actual Total Time": 1329.103,
                                          "Actual Rows": 6396,
                                          "Actual Loops": 1,
                                          "Output": [
                                            "cc.movie_id",
                                            "cc.status_id",
                                            "mk.movie_id"
                                          ],
                                          "Inner Unique": true,
                                          "Hash Cond": "(cc.subject_id = cct1.id)",
                                          "Plans": [
                                            {
                                              "Node Type": "Hash Join",
                                              "Parent Relationship": "Outer",
                                              "Parallel Aware": false,
                                              "Join Type": "Inner",
                                              "Startup Cost": 3781.19,
                                              "Total Cost": 18946.38,
                                              "Plan Rows": 458,
                                              "Plan Width": 16,
                                              "Actual Startup Time": 195.086,
                                              "Actual Total Time": 1318.17,
                                              "Actual Rows": 9392,
                                              "Actual Loops": 1,
                                              "Output": [
                                                "cc.movie_id",
                                                "cc.subject_id",
                                                "cc.status_id",
                                                "mk.movie_id"
                                              ],
                                              "Inner Unique": false,
                                              "Hash Cond": "(mk.movie_id = cc.movie_id)",
                                              "Plans": [
                                                {
                                                  "Node Type": "Nested Loop",
                                                  "Parent Relationship": "Outer",
                                                  "Parallel Aware": false,
                                                  "Join Type": "Inner",
                                                  "Startup Cost": 10.76,
                                                  "Total Cost": 14549.57,
                                                  "Plan Rows": 33700,
                                                  "Plan Width": 4,
                                                  "Actual Startup Time": 8.398,
                                                  "Actual Total Time": 882.396,
                                                  "Actual Rows": 24091,
                                                  "Actual Loops": 1,
                                                  "Output": [
                                                    "mk.movie_id"
                                                  ],
                                                  "Inner Unique": false,
                                                  "Plans": [
                                                    {
                                                      "Node Type": "Seq Scan",
                                                      "Parent Relationship": "Outer",
                                                      "Parallel Aware": false,
                                                      "Relation Name": "keyword",
                                                      "Schema": "public",
                                                      "Alias": "k",
                                                      "Startup Cost": 0.0,
                                                      "Total Cost": 3967.82,
                                                      "Plan Rows": 10,
                                                      "Plan Width": 4,
                                                      "Actual Startup Time": 1.414,
                                                      "Actual Total Time": 88.508,
                                                      "Actual Rows": 10,
                                                      "Actual Loops": 1,
                                                      "Output": [
                                                        "k.id",
                                                        "k.keyword",
                                                        "k.phonetic_code"
                                                      ],
                                                      "Filter": "(k.keyword = ANY ('{superhero,marvel-comics,based-on-comic,tv-special,fight,violence,magnet,web,claw,laser}'::text[]))",
                                                      "Rows Removed by Filter": 134160
                                                    },
                                                    {
                                                      "Node Type": "Bitmap Heap Scan",
                                                      "Parent Relationship": "Inner",
                                                      "Parallel Aware": false,
                                                      "Relation Name": "movie_keyword",
                                                      "Schema": "public",
                                                      "Alias": "mk",
                                                      "Startup Cost": 10.76,
                                                      "Total Cost": 1055.17,
                                                      "Plan Rows": 300,
                                                      "Plan Width": 8,
                                                      "Actual Startup Time": 2.721,
                                                      "Actual Total Time": 78.2,
                                                      "Actual Rows": 2409,
                                                      "Actual Loops": 10,
                                                      "Output": [
                                                        "mk.id",
                                                        "mk.movie_id",
                                                        "mk.keyword_id"
                                                      ],
                                                      "Recheck Cond": "(mk.keyword_id = k.id)",
                                                      "Rows Removed by Index Recheck": 0,
                                                      "Exact Heap Blocks": 17127,
                                                      "Lossy Heap Blocks": 0,
                                                      "Plans": [
                                                        {
                                                          "Node Type": "Bitmap Index Scan",
                                                          "Parent Relationship": "Outer",
                                                          "Parallel Aware": false,
                                                          "Index Name": "keyword_id_movie_keyword",
                                                          "Startup Cost": 0.0,
                                                          "Total Cost": 10.68,
                                                          "Plan Rows": 300,
                                                          "Plan Width": 0,
                                                          "Actual Startup Time": 2.199,
                                                          "Actual Total Time": 2.203,
                                                          "Actual Rows": 2409,
                                                          "Actual Loops": 10,
                                                          "Index Cond": "(mk.keyword_id = k.id)"
                                                        }
                                                      ]
                                                    }
                                                  ]
                                                },
                                                {
                                                  "Node Type": "Hash",
                                                  "Parent Relationship": "Inner",
                                                  "Parallel Aware": false,
                                                  "Startup Cost": 2081.86,
                                                  "Total Cost": 2081.86,
                                                  "Plan Rows": 135086,
                                                  "Plan Width": 12,
                                                  "Actual Startup Time": 172.468,
                                                  "Actual Total Time": 172.477,
                                                  "Actual Rows": 135086,
                                                  "Actual Loops": 1,
                                                  "Output": [
                                                    "cc.movie_id",
                                                    "cc.subject_id",
                                                    "cc.status_id"
                                                  ],
                                                  "Hash Buckets": 262144,
                                                  "Original Hash Buckets": 262144,
                                                  "Hash Batches": 1,
                                                  "Original Hash Batches": 1,
                                                  "Peak Memory Usage": 7853,
                                                  "Plans": [
                                                    {
                                                      "Node Type": "Seq Scan",
                                                      "Parent Relationship": "Outer",
                                                      "Parallel Aware": false,
                                                      "Relation Name": "complete_cast",
                                                      "Schema": "public",
                                                      "Alias": "cc",
                                                      "Startup Cost": 0.0,
                                                      "Total Cost": 2081.86,
                                                      "Plan Rows": 135086,
                                                      "Plan Width": 12,
                                                      "Actual Startup Time": 0.836,
                                                      "Actual Total Time": 90.258,
                                                      "Actual Rows": 135086,
                                                      "Actual Loops": 1,
                                                      "Output": [
                                                        "cc.movie_id",
                                                        "cc.subject_id",
                                                        "cc.status_id"
                                                      ]
                                                    }
                                                  ]
                                                }
                                              ]
                                            },
                                            {
                                              "Node Type": "Hash",
                                              "Parent Relationship": "Inner",
                                              "Parallel Aware": false,
                                              "Startup Cost": 1.05,
                                              "Total Cost": 1.05,
                                              "Plan Rows": 1,
                                              "Plan Width": 4,
                                              "Actual Startup Time": 0.054,
                                              "Actual Total Time": 0.06,
                                              "Actual Rows": 1,
                                              "Actual Loops": 1,
                                              "Output": [
                                                "cct1.id"
                                              ],
                                              "Hash Buckets": 1024,
                                              "Original Hash Buckets": 1024,
                                              "Hash Batches": 1,
                                              "Original Hash Batches": 1,
                                              "Peak Memory Usage": 9,
                                              "Plans": [
                                                {
                                                  "Node Type": "Seq Scan",
                                                  "Parent Relationship": "Outer",
                                                  "Parallel Aware": false,
                                                  "Relation Name": "comp_cast_type",
                                                  "Schema": "public",
                                                  "Alias": "cct1",
                                                  "Startup Cost": 0.0,
                                                  "Total Cost": 1.05,
                                                  "Plan Rows": 1,
                                                  "Plan Width": 4,
                                                  "Actual Startup Time": 0.022,
                                                  "Actual Total Time": 0.026,
                                                  "Actual Rows": 1,
                                                  "Actual Loops": 1,
                                                  "Output": [
                                                    "cct1.id"
                                                  ],
                                                  "Filter": "((cct1.kind)::text = 'cast'::text)",
                                                  "Rows Removed by Filter": 3
                                                }
                                              ]
                                            }
                                          ]
                                        },
                                        {
                                          "Node Type": "Hash",
                                          "Parent Relationship": "Inner",
                                          "Parallel Aware": false,
                                          "Startup Cost": 1.05,
                                          "Total Cost": 1.05,
                                          "Plan Rows": 1,
                                          "Plan Width": 4,
                                          "Actual Startup Time": 0.202,
                                          "Actual Total Time": 0.202,
                                          "Actual Rows": 2,
                                          "Actual Loops": 1,
                                          "Output": [
                                            "cct2.id"
                                          ],
                                          "Hash Buckets": 1024,
                                          "Original Hash Buckets": 1024,
                                          "Hash Batches": 1,
                                          "Original Hash Batches": 1,
                                          "Peak Memory Usage": 9,
                                          "Plans": [
                                            {
                                              "Node Type": "Seq Scan",
                                              "Parent Relationship": "Outer",
                                              "Parallel Aware": false,
                                              "Relation Name": "comp_cast_type",
                                              "Schema": "public",
                                              "Alias": "cct2",
                                              "Startup Cost": 0.0,
                                              "Total Cost": 1.05,
                                              "Plan Rows": 1,
                                              "Plan Width": 4,
                                              "Actual Startup Time": 0.176,
                                              "Actual Total Time": 0.18,
                                              "Actual Rows": 2,
                                              "Actual Loops": 1,
                                              "Output": [
                                                "cct2.id"
                                              ],
                                              "Filter": "((cct2.kind)::text ~~ '%complete%'::text)",
                                              "Rows Removed by Filter": 2
                                            }
                                          ]
                                        }
                                      ]
                                    },
                                    {
                                      "Node Type": "Index Scan",
                                      "Parent Relationship": "Inner",
                                      "Parallel Aware": false,
                                      "Scan Direction": "Forward",
                                      "Index Name": "title_pkey",
                                      "Relation Name": "title",
                                      "Schema": "public",
                                      "Alias": "t",
                                      "Startup Cost": 0.43,
                                      "Total Cost": 0.49,
                                      "Plan Rows": 1,
                                      "Plan Width": 25,
                                      "Actual Startup Time": 0.082,
                                      "Actual Total Time": 0.082,
                                      "Actual Rows": 0,
                                      "Actual Loops": 6396,
                                      "Output": [
                                        "t.id",
                                        "t.title",
                                        "t.imdb_index",
                                        "t.kind_id",
                                        "t.production_year",
                                        "t.imdb_id",
                                        "t.phonetic_code",
                                        "t.episode_of_id",
                                        "t.season_nr",
                                        "t.episode_nr",
                                        "t.series_years",
                                        "t.md5sum"
                                      ],
                                      "Index Cond": "(t.id = mk.movie_id)",
                                      "Rows Removed by Index Recheck": 0,
                                      "Filter": "(t.production_year > 2000)",
                                      "Rows Removed by Filter": 1
                                    }
                                  ]
                                },
                                {
                                  "Node Type": "Hash",
                                  "Parent Relationship": "Inner",
                                  "Parallel Aware": false,
                                  "Startup Cost": 1.09,
                                  "Total Cost": 1.09,
                                  "Plan Rows": 1,
                                  "Plan Width": 4,
                                  "Actual Startup Time": 0.325,
                                  "Actual Total Time": 0.328,
                                  "Actual Rows": 1,
                                  "Actual Loops": 1,
                                  "Output": [
                                    "kt.id"
                                  ],
                                  "Hash Buckets": 1024,
                                  "Original Hash Buckets": 1024,
                                  "Hash Batches": 1,
                                  "Original Hash Batches": 1,
                                  "Peak Memory Usage": 9,
                                  "Plans": [
                                    {
                                      "Node Type": "Seq Scan",
                                      "Parent Relationship": "Outer",
                                      "Parallel Aware": false,
                                      "Relation Name": "kind_type",
                                      "Schema": "public",
                                      "Alias": "kt",
                                      "Startup Cost": 0.0,
                                      "Total Cost": 1.09,
                                      "Plan Rows": 1,
                                      "Plan Width": 4,
                                      "Actual Startup Time": 0.259,
                                      "Actual Total Time": 0.265,
                                      "Actual Rows": 1,
                                      "Actual Loops": 1,
                                      "Output": [
                                        "kt.id"
                                      ],
                                      "Filter": "((kt.kind)::text = 'movie'::text)",
                                      "Rows Removed by Filter": 6
                                    }
                                  ]
                                }
                              ]
                            },
                            {
                              "Node Type": "Index Scan",
                              "Parent Relationship": "Inner",
                              "Parallel Aware": false,
                              "Scan Direction": "Forward",
                              "Index Name": "movie_id_movie_info_idx",
                              "Relation Name": "movie_info_idx",
                              "Schema": "public",
                              "Alias": "mi_idx",
                              "Startup Cost": 0.43,
                              "Total Cost": 0.49,
                              "Plan Rows": 3,
                              "Plan Width": 13,
                              "Actual Startup Time": 0.12,
                              "Actual Total Time": 0.13,
                              "Actual Rows": 3,
                              "Actual Loops": 1267,
                              "Output": [
                                "mi_idx.id",
                                "mi_idx.movie_id",
                                "mi_idx.info_type_id",
                                "mi_idx.info",
                                "mi_idx.note"
                              ],
                              "Index Cond": "(mi_idx.movie_id = mk.movie_id)",
                              "Rows Removed by Index Recheck": 0
                            }
                          ]
                        },
                        {
                          "Node Type": "Index Scan",
                          "Parent Relationship": "Inner",
                          "Parallel Aware": false,
                          "Scan Direction": "Forward",
                          "Index Name": "info_type_pkey",
                          "Relation Name": "info_type",
                          "Schema": "public",
                          "Alias": "it2",
                          "Startup Cost": 0.14,
                          "Total Cost": 0.16,
                          "Plan Rows": 1,
                          "Plan Width": 4,
                          "Actual Startup Time": 0.007,
                          "Actual Total Time": 0.007,
                          "Actual Rows": 0,
                          "Actual Loops": 3831,
                          "Output": [
                            "it2.id",
                            "it2.info"
                          ],
                          "Index Cond": "(it2.id = mi_idx.info_type_id)",
                          "Rows Removed by Index Recheck": 0,
                          "Filter": "((it2.info)::text = 'rating'::text)",
                          "Rows Removed by Filter": 1
                        }
                      ]
                    },
                    {
                      "Node Type": "Index Scan",
                      "Parent Relationship": "Inner",
                      "Parallel Aware": false,
                      "Scan Direction": "Forward",
                      "Index Name": "movie_id_cast_info",
                      "Relation Name": "cast_info",
                      "Schema": "public",
                      "Alias": "ci",
                      "Startup Cost": 0.56,
                      "Total Cost": 1.57,
                      "Plan Rows": 38,
                      "Plan Width": 12,
                      "Actual Startup Time": 0.118,
                      "Actual Total Time": 5.975,
                      "Actual Rows": 150,
                      "Actual Loops": 1261,
                      "Output": [
                        "ci.id",
                        "ci.person_id",
                        "ci.movie_id",
                        "ci.person_role_id",
                        "ci.note",
                        "ci.nr_order",
                        "ci.role_id"
                      ],
                      "Index Cond": "(ci.movie_id = mk.movie_id)",
                      "Rows Removed by Index Recheck": 0
                    }
                  ]
                },
                {
                  "Node Type": "Index Scan",
                  "Parent Relationship": "Inner",
                  "Parallel Aware": false,
                  "Scan Direction": "Forward",
                  "Index Name": "char_name_pkey",
                  "Relation Name": "char_name",
                  "Schema": "public",
                  "Alias": "chn",
                  "Startup Cost": 0.43,
                  "Total Cost": 0.46,
                  "Plan Rows": 1,
                  "Plan Width": 20,
                  "Actual Startup Time": 0.02,
                  "Actual Total Time": 0.02,
                  "Actual Rows": 0,
                  "Actual Loops": 189738,
                  "Output": [
                    "chn.id",
                    "chn.name",
                    "chn.imdb_index",
                    "chn.imdb_id",
                    "chn.name_pcode_nf",
                    "chn.surname_pcode",
                    "chn.md5sum"
                  ],
                  "Index Cond": "(chn.id = ci.person_role_id)",
                  "Rows Removed by Index Recheck": 0,
                  "Filter": "((chn.name IS NOT NULL) AND ((chn.name ~~ '%man%'::text) OR (chn.name ~~ '%Man%'::text)))",
                  "Rows Removed by Filter": 0
                }
              ]
            },
            {
              "Node Type": "Index Only Scan",
              "Parent Relationship": "Inner",
              "Parallel Aware": false,
              "Scan Direction": "Forward",
              "Index Name": "name_pkey",
              "Relation Name": "name",
              "Schema": "public",
              "Alias": "n",
              "Startup Cost": 0.43,
              "Total Cost": 0.46,
              "Plan Rows": 1,
              "Plan Width": 4,
              "Actual Startup Time": 0.135,
              "Actual Total Time": 0.135,
              "Actual Rows": 1,
              "Actual Loops": 5400,
              "Output": [
                "n.id"
              ],
              "Index Cond": "(n.id = ci.person_id)",
              "Rows Removed by Index Recheck": 0,
              "Heap Fetches": 5400
            }
          ]
        }
      ]
    },
    "Planning Time": 12263.868,
    "Triggers": [],
    "Execution Time": 14381.522
  }
]