[
  {
    "Plan": {
      "Node Type": "Aggregate",
      "Strategy": "Plain",
      "Partial Mode": "Finalize",
      "Parallel Aware": false,
      "Startup Cost": 33133.47,
      "Total Cost": 33133.48,
      "Plan Rows": 1,
      "Plan Width": 8,
      "Actual Startup Time": 111.751,
      "Actual Total Time": 120.197,
      "Actual Rows": 1,
      "Actual Loops": 1,
      "Plans": [
        {
          "Node Type": "Gather",
          "Parent Relationship": "Outer",
          "Parallel Aware": false,
          "Startup Cost": 33133.15,
          "Total Cost": 33133.46,
          "Plan Rows": 3,
          "Plan Width": 8,
          "Actual Startup Time": 111.6,
          "Actual Total Time": 120.186,
          "Actual Rows": 4,
          "Actual Loops": 1,
          "Workers Planned": 3,
          "Workers Launched": 3,
          "Single Copy": false,
          "Plans": [
            {
              "Node Type": "Aggregate",
              "Strategy": "Plain",
              "Partial Mode": "Partial",
              "Parent Relationship": "Outer",
              "Parallel Aware": false,
              "Startup Cost": 32133.15,
              "Total Cost": 32133.16,
              "Plan Rows": 1,
              "Plan Width": 8,
              "Actual Startup Time": 104.586,
              "Actual Total Time": 104.588,
              "Actual Rows": 1,
              "Actual Loops": 4,
              "Plans": [
                {
                  "Node Type": "Seq Scan",
                  "Parent Relationship": "Outer",
                  "Parallel Aware": true,
                  "Relation Name": "movie_companies",
                  "Alias": "mc",
                  "Startup Cost": 0.0,
                  "Total Cost": 31414.82,
                  "Plan Rows": 287334,
                  "Plan Width": 0,
                  "Actual Startup Time": 0.045,
                  "Actual Total Time": 86.229,
                  "Actual Rows": 302722,
                  "Actual Loops": 4,
                  "Filter": "((company_id < 32933) AND (company_type_id < 2))",
                  "Rows Removed by Filter": 349560
                }
              ]
            }
          ]
        }
      ]
    },
    "Planning Time": 0.185,
    "Triggers": [],
    "Execution Time": 120.239
  }
]