{
  "Plan": {
    "Node Type": "Aggregate",
    "Strategy": "Plain",
    "Partial Mode": "Finalize",
    "Parallel Aware": false,
    "Startup Cost": 367098.88,
    "Total Cost": 367098.89,
    "Plan Rows": 1,
    "Plan Width": 8,
    "Actual Startup Time": 1027.828,
    "Actual Total Time": 1045.798,
    "Actual Rows": 1,
    "Actual Loops": 1,
    "Plans": [
      {
        "Node Type": "Gather",
        "Parent Relationship": "Outer",
        "Parallel Aware": false,
        "Startup Cost": 367098.77,
        "Total Cost": 367098.88,
        "Plan Rows": 1,
        "Plan Width": 8,
        "Actual Startup Time": 1022.892,
        "Actual Total Time": 1045.79,
        "Actual Rows": 2,
        "Actual Loops": 1,
        "Workers Planned": 1,
        "Workers Launched": 1,
        "Single Copy": false,
        "Plans": [
          {
            "Node Type": "Aggregate",
            "Strategy": "Plain",
            "Partial Mode": "Partial",
            "Parent Relationship": "Outer",
            "Parallel Aware": false,
            "Startup Cost": 366098.77,
            "Total Cost": 366098.78,
            "Plan Rows": 1,
            "Plan Width": 8,
            "Actual Startup Time": 1009.597,
            "Actual Total Time": 1009.601,
            "Actual Rows": 1,
            "Actual Loops": 2,
            "Plans": [
              {
                "Node Type": "Hash Join",
                "Parent Relationship": "Outer",
                "Parallel Aware": true,
                "Join Type": "Inner",
                "Startup Cost": 99372.14,
                "Total Cost": 364107.33,
                "Plan Rows": 796575,
                "Plan Width": 0,
                "Actual Startup Time": 598.609,
                "Actual Total Time": 978.979,
                "Actual Rows": 695707,
                "Actual Loops": 2,
                "Inner Unique": true,
                "Hash Cond": "(ci.movie_id = t.id)",
                "Plans": [
                  {
                    "Node Type": "Bitmap Heap Scan",
                    "Parent Relationship": "Outer",
                    "Parallel Aware": true,
                    "Relation Name": "cast_info",
                    "Alias": "ci",
                    "Startup Cost": 29911.44,
                    "Total Cost": 292555.62,
                    "Plan Rows": 796575,
                    "Plan Width": 4,
                    "Actual Startup Time": 58.869,
                    "Actual Total Time": 127.928,
                    "Actual Rows": 695707,
                    "Actual Loops": 2,
                    "Recheck Cond": "(person_id < 139730)",
                    "Rows Removed by Index Recheck": 0,
                    "Exact Heap Blocks": 7593,
                    "Lossy Heap Blocks": 0,
                    "Plans": [
                      {
                        "Node Type": "Bitmap Index Scan",
                        "Parent Relationship": "Outer",
                        "Parallel Aware": false,
                        "Index Name": "person_id_cast_info",
                        "Startup Cost": 0.0,
                        "Total Cost": 29572.89,
                        "Plan Rows": 1354177,
                        "Plan Width": 0,
                        "Actual Startup Time": 56.577,
                        "Actual Total Time": 56.578,
                        "Actual Rows": 1391414,
                        "Actual Loops": 1,
                        "Index Cond": "(person_id < 139730)"
                      }
                    ]
                  },
                  {
                    "Node Type": "Hash",
                    "Parent Relationship": "Inner",
                    "Parallel Aware": true,
                    "Startup Cost": 50870.31,
                    "Total Cost": 50870.31,
                    "Plan Rows": 1487231,
                    "Plan Width": 4,
                    "Actual Startup Time": 517.522,
                    "Actual Total Time": 517.523,
                    "Actual Rows": 1264156,
                    "Actual Loops": 2,
                    "Hash Buckets": 4194304,
                    "Original Hash Buckets": 4194304,
                    "Hash Batches": 1,
                    "Original Hash Batches": 1,
                    "Peak Memory Usage": 131712,
                    "Plans": [
                      {
                        "Node Type": "Seq Scan",
                        "Parent Relationship": "Outer",
                        "Parallel Aware": true,
                        "Relation Name": "title",
                        "Alias": "t",
                        "Startup Cost": 0.0,
                        "Total Cost": 50870.31,
                        "Plan Rows": 1487231,
                        "Plan Width": 4,
                        "Actual Startup Time": 0.024,
                        "Actual Total Time": 157.776,
                        "Actual Rows": 1264156,
                        "Actual Loops": 2
                      }
                    ]
                  }
                ]
              }
            ]
          }
        ]
      }
    ]
  },
  "Planning Time": 0.699,
  "Triggers": [],
  "Execution Time": 1045.922
}