[
  {
    "Plan": {
      "Node Type": "Aggregate",
      "Strategy": "Plain",
      "Partial Mode": "Finalize",
      "Parallel Aware": false,
      "Startup Cost": 72769.9,
      "Total Cost": 72769.91,
      "Plan Rows": 1,
      "Plan Width": 8,
      "Actual Startup Time": 169.419,
      "Actual Total Time": 185.945,
      "Actual Rows": 1,
      "Actual Loops": 1,
      "Plans": [
        {
          "Node Type": "Gather",
          "Parent Relationship": "Outer",
          "Parallel Aware": false,
          "Startup Cost": 72769.58,
          "Total Cost": 72769.89,
          "Plan Rows": 3,
          "Plan Width": 8,
          "Actual Startup Time": 168.072,
          "Actual Total Time": 185.938,
          "Actual Rows": 4,
          "Actual Loops": 1,
          "Workers Planned": 3,
          "Workers Launched": 3,
          "Single Copy": false,
          "Plans": [
            {
              "Node Type": "Aggregate",
              "Strategy": "Plain",
              "Partial Mode": "Partial",
              "Parent Relationship": "Outer",
              "Parallel Aware": false,
              "Startup Cost": 71769.58,
              "Total Cost": 71769.59,
              "Plan Rows": 1,
              "Plan Width": 8,
              "Actual Startup Time": 163.887,
              "Actual Total Time": 163.891,
              "Actual Rows": 1,
              "Actual Loops": 4,
              "Plans": [
                {
                  "Node Type": "Hash Join",
                  "Parent Relationship": "Outer",
                  "Parallel Aware": true,
                  "Join Type": "Inner",
                  "Startup Cost": 46756.49,
                  "Total Cost": 71764.43,
                  "Plan Rows": 2062,
                  "Plan Width": 0,
                  "Actual Startup Time": 124.268,
                  "Actual Total Time": 163.754,
                  "Actual Rows": 1252,
                  "Actual Loops": 4,
                  "Inner Unique": true,
                  "Hash Cond": "(mk.movie_id = t.id)",
                  "Plans": [
                    {
                      "Node Type": "Bitmap Heap Scan",
                      "Parent Relationship": "Outer",
                      "Parallel Aware": true,
                      "Relation Name": "movie_keyword",
                      "Alias": "mk",
                      "Startup Cost": 2412.32,
                      "Total Cost": 27324.12,
                      "Plan Rows": 36624,
                      "Plan Width": 4,
                      "Actual Startup Time": 17.921,
                      "Actual Total Time": 50.934,
                      "Actual Rows": 28410,
                      "Actual Loops": 4,
                      "Recheck Cond": "(keyword_id > 79410)",
                      "Rows Removed by Index Recheck": 0,
                      "Exact Heap Blocks": 6991,
                      "Lossy Heap Blocks": 0,
                      "Plans": [
                        {
                          "Node Type": "Bitmap Index Scan",
                          "Parent Relationship": "Outer",
                          "Parallel Aware": false,
                          "Index Name": "keyword_id_movie_keyword",
                          "Startup Cost": 0.0,
                          "Total Cost": 2383.94,
                          "Plan Rows": 113534,
                          "Plan Width": 0,
                          "Actual Startup Time": 13.678,
                          "Actual Total Time": 13.679,
                          "Actual Rows": 113638,
                          "Actual Loops": 1,
                          "Index Cond": "(keyword_id > 79410)"
                        }
                      ]
                    },
                    {
                      "Node Type": "Hash",
                      "Parent Relationship": "Inner",
                      "Parallel Aware": true,
                      "Startup Cost": 43899.32,
                      "Total Cost": 43899.32,
                      "Plan Rows": 35588,
                      "Plan Width": 4,
                      "Actual Startup Time": 104.775,
                      "Actual Total Time": 104.776,
                      "Actual Rows": 35426,
                      "Actual Loops": 4,
                      "Hash Buckets": 262144,
                      "Original Hash Buckets": 262144,
                      "Hash Batches": 1,
                      "Original Hash Batches": 1,
                      "Peak Memory Usage": 7648,
                      "Plans": [
                        {
                          "Node Type": "Seq Scan",
                          "Parent Relationship": "Outer",
                          "Parallel Aware": true,
                          "Relation Name": "title",
                          "Alias": "t",
                          "Startup Cost": 0.0,
                          "Total Cost": 43899.32,
                          "Plan Rows": 35588,
                          "Plan Width": 4,
                          "Actual Startup Time": 0.024,
                          "Actual Total Time": 91.62,
                          "Actual Rows": 35426,
                          "Actual Loops": 4,
                          "Filter": "(production_year = 2010)",
                          "Rows Removed by Filter": 596652
                        }
                      ]
                    }
                  ]
                }
              ]
            }
          ]
        }
      ]
    },
    "Planning Time": 0.268,
    "Triggers": [],
    "Execution Time": 185.992
  }
]