[
  {
    "Plan": {
      "Node Type": "Aggregate",
      "Strategy": "Plain",
      "Partial Mode": "Finalize",
      "Parallel Aware": false,
      "Startup Cost": 63802.85,
      "Total Cost": 63802.86,
      "Plan Rows": 1,
      "Plan Width": 8,
      "Actual Startup Time": 124.739,
      "Actual Total Time": 141.888,
      "Actual Rows": 1,
      "Actual Loops": 1,
      "Plans": [
        {
          "Node Type": "Gather",
          "Parent Relationship": "Outer",
          "Parallel Aware": false,
          "Startup Cost": 63802.43,
          "Total Cost": 63802.84,
          "Plan Rows": 4,
          "Plan Width": 8,
          "Actual Startup Time": 124.63,
          "Actual Total Time": 141.881,
          "Actual Rows": 5,
          "Actual Loops": 1,
          "Workers Planned": 4,
          "Workers Launched": 4,
          "Single Copy": false,
          "Plans": [
            {
              "Node Type": "Aggregate",
              "Strategy": "Plain",
              "Partial Mode": "Partial",
              "Parent Relationship": "Outer",
              "Parallel Aware": false,
              "Startup Cost": 62802.43,
              "Total Cost": 62802.44,
              "Plan Rows": 1,
              "Plan Width": 8,
              "Actual Startup Time": 114.894,
              "Actual Total Time": 114.896,
              "Actual Rows": 1,
              "Actual Loops": 5,
              "Plans": [
                {
                  "Node Type": "Nested Loop",
                  "Parent Relationship": "Outer",
                  "Parallel Aware": false,
                  "Join Type": "Inner",
                  "Startup Cost": 0.43,
                  "Total Cost": 62793.28,
                  "Plan Rows": 3662,
                  "Plan Width": 0,
                  "Actual Startup Time": 59.163,
                  "Actual Total Time": 114.732,
                  "Actual Rows": 1950,
                  "Actual Loops": 5,
                  "Inner Unique": false,
                  "Plans": [
                    {
                      "Node Type": "Seq Scan",
                      "Parent Relationship": "Outer",
                      "Parallel Aware": true,
                      "Relation Name": "title",
                      "Alias": "t",
                      "Startup Cost": 0.0,
                      "Total Cost": 45479.1,
                      "Plan Rows": 2047,
                      "Plan Width": 4,
                      "Actual Startup Time": 58.985,
                      "Actual Total Time": 84.335,
                      "Actual Rows": 7010,
                      "Actual Loops": 5,
                      "Filter": "((kind_id < 2) AND (production_year < 1912))",
                      "Rows Removed by Filter": 498653
                    },
                    {
                      "Node Type": "Index Only Scan",
                      "Parent Relationship": "Inner",
                      "Parallel Aware": false,
                      "Scan Direction": "Forward",
                      "Index Name": "movie_id_movie_keyword",
                      "Relation Name": "movie_keyword",
                      "Alias": "mk",
                      "Startup Cost": 0.43,
                      "Total Cost": 8.01,
                      "Plan Rows": 45,
                      "Plan Width": 4,
                      "Actual Startup Time": 0.004,
                      "Actual Total Time": 0.004,
                      "Actual Rows": 0,
                      "Actual Loops": 35049,
                      "Index Cond": "(movie_id = t.id)",
                      "Rows Removed by Index Recheck": 0,
                      "Heap Fetches": 9749
                    }
                  ]
                }
              ]
            }
          ]
        }
      ]
    },
    "Planning Time": 0.543,
    "Triggers": [],
    "Execution Time": 141.953
  }
]