{
  "Plan": {
    "Node Type": "Aggregate",
    "Strategy": "Plain",
    "Partial Mode": "Finalize",
    "Parallel Aware": false,
    "Startup Cost": 96000.66,
    "Total Cost": 96000.67,
    "Plan Rows": 1,
    "Plan Width": 8,
    "Actual Startup Time": 619.419,
    "Actual Total Time": 634.455,
    "Actual Rows": 1,
    "Actual Loops": 1,
    "Plans": [
      {
        "Node Type": "Gather",
        "Parent Relationship": "Outer",
        "Parallel Aware": false,
        "Startup Cost": 96000.55,
        "Total Cost": 96000.66,
        "Plan Rows": 1,
        "Plan Width": 8,
        "Actual Startup Time": 614.2,
        "Actual Total Time": 634.447,
        "Actual Rows": 2,
        "Actual Loops": 1,
        "Workers Planned": 1,
        "Workers Launched": 1,
        "Single Copy": false,
        "Plans": [
          {
            "Node Type": "Aggregate",
            "Strategy": "Plain",
            "Partial Mode": "Partial",
            "Parent Relationship": "Outer",
            "Parallel Aware": false,
            "Startup Cost": 95000.55,
            "Total Cost": 95000.56,
            "Plan Rows": 1,
            "Plan Width": 8,
            "Actual Startup Time": 606.878,
            "Actual Total Time": 606.882,
            "Actual Rows": 1,
            "Actual Loops": 2,
            "Plans": [
              {
                "Node Type": "Hash Join",
                "Parent Relationship": "Outer",
                "Parallel Aware": true,
                "Join Type": "Inner",
                "Startup Cost": 69959.11,
                "Total Cost": 94935.01,
                "Plan Rows": 26215,
                "Plan Width": 0,
                "Actual Startup Time": 561.96,
                "Actual Total Time": 605.399,
                "Actual Rows": 26400,
                "Actual Loops": 2,
                "Inner Unique": true,
                "Hash Cond": "(mk.movie_id = t.id)",
                "Plans": [
                  {
                    "Node Type": "Bitmap Heap Scan",
                    "Parent Relationship": "Outer",
                    "Parallel Aware": true,
                    "Relation Name": "movie_keyword",
                    "Alias": "mk",
                    "Startup Cost": 1247.05,
                    "Total Cost": 26132.37,
                    "Plan Rows": 34506,
                    "Plan Width": 4,
                    "Actual Startup Time": 4.576,
                    "Actual Total Time": 29.589,
                    "Actual Rows": 29224,
                    "Actual Loops": 2,
                    "Recheck Cond": "(keyword_id = 16264)",
                    "Rows Removed by Index Recheck": 0,
                    "Exact Heap Blocks": 8707,
                    "Lossy Heap Blocks": 0,
                    "Plans": [
                      {
                        "Node Type": "Bitmap Index Scan",
                        "Parent Relationship": "Outer",
                        "Parallel Aware": false,
                        "Index Name": "keyword_id_movie_keyword",
                        "Startup Cost": 0.0,
                        "Total Cost": 1232.38,
                        "Plan Rows": 58660,
                        "Plan Width": 0,
                        "Actual Startup Time": 2.935,
                        "Actual Total Time": 2.936,
                        "Actual Rows": 58448,
                        "Actual Loops": 1,
                        "Index Cond": "(keyword_id = 16264)"
                      }
                    ]
                  },
                  {
                    "Node Type": "Hash",
                    "Parent Relationship": "Inner",
                    "Parallel Aware": true,
                    "Startup Cost": 54588.39,
                    "Total Cost": 54588.39,
                    "Plan Rows": 1129894,
                    "Plan Width": 4,
                    "Actual Startup Time": 542.566,
                    "Actual Total Time": 542.566,
                    "Actual Rows": 961424,
                    "Actual Loops": 2,
                    "Hash Buckets": 2097152,
                    "Original Hash Buckets": 2097152,
                    "Hash Batches": 1,
                    "Original Hash Batches": 1,
                    "Peak Memory Usage": 91648,
                    "Plans": [
                      {
                        "Node Type": "Seq Scan",
                        "Parent Relationship": "Outer",
                        "Parallel Aware": true,
                        "Relation Name": "title",
                        "Alias": "t",
                        "Startup Cost": 0.0,
                        "Total Cost": 54588.39,
                        "Plan Rows": 1129894,
                        "Plan Width": 4,
                        "Actual Startup Time": 0.034,
                        "Actual Total Time": 216.857,
                        "Actual Rows": 961424,
                        "Actual Loops": 2,
                        "Filter": "(production_year < 2010)",
                        "Rows Removed by Filter": 302732
                      }
                    ]
                  }
                ]
              }
            ]
          }
        ]
      }
    ]
  },
  "Planning Time": 0.587,
  "Triggers": [],
  "Execution Time": 634.544
}