{
  "Plan": {
    "Node Type": "Aggregate",
    "Strategy": "Plain",
    "Partial Mode": "Finalize",
    "Parallel Aware": false,
    "Startup Cost": 391216.21,
    "Total Cost": 391216.22,
    "Plan Rows": 1,
    "Plan Width": 8,
    "Actual Startup Time": 1788.273,
    "Actual Total Time": 1843.445,
    "Actual Rows": 1,
    "Actual Loops": 1,
    "Plans": [
      {
        "Node Type": "Gather",
        "Parent Relationship": "Outer",
        "Parallel Aware": false,
        "Startup Cost": 391216.1,
        "Total Cost": 391216.21,
        "Plan Rows": 1,
        "Plan Width": 8,
        "Actual Startup Time": 1786.225,
        "Actual Total Time": 1843.436,
        "Actual Rows": 2,
        "Actual Loops": 1,
        "Workers Planned": 1,
        "Workers Launched": 1,
        "Single Copy": false,
        "Plans": [
          {
            "Node Type": "Aggregate",
            "Strategy": "Plain",
            "Partial Mode": "Partial",
            "Parent Relationship": "Outer",
            "Parallel Aware": false,
            "Startup Cost": 390216.1,
            "Total Cost": 390216.11,
            "Plan Rows": 1,
            "Plan Width": 8,
            "Actual Startup Time": 1780.917,
            "Actual Total Time": 1781.224,
            "Actual Rows": 1,
            "Actual Loops": 2,
            "Plans": [
              {
                "Node Type": "Hash Join",
                "Parent Relationship": "Outer",
                "Parallel Aware": true,
                "Join Type": "Inner",
                "Startup Cost": 103356.07,
                "Total Cost": 388637.41,
                "Plan Rows": 631476,
                "Plan Width": 0,
                "Actual Startup Time": 449.394,
                "Actual Total Time": 1770.675,
                "Actual Rows": 250644,
                "Actual Loops": 2,
                "Inner Unique": false,
                "Hash Cond": "(mi.movie_id = t.id)",
                "Plans": [
                  {
                    "Node Type": "Seq Scan",
                    "Parent Relationship": "Outer",
                    "Parallel Aware": true,
                    "Relation Name": "movie_info",
                    "Alias": "mi",
                    "Startup Cost": 0.0,
                    "Total Cost": 248955.74,
                    "Plan Rows": 8696274,
                    "Plan Width": 4,
                    "Actual Startup Time": 0.016,
                    "Actual Total Time": 638.336,
                    "Actual Rows": 7417860,
                    "Actual Loops": 2
                  },
                  {
                    "Node Type": "Hash",
                    "Parent Relationship": "Inner",
                    "Parallel Aware": true,
                    "Startup Cost": 102006.13,
                    "Total Cost": 102006.13,
                    "Plan Rows": 107995,
                    "Plan Width": 8,
                    "Actual Startup Time": 445.874,
                    "Actual Total Time": 446.179,
                    "Actual Rows": 35930,
                    "Actual Loops": 2,
                    "Hash Buckets": 262144,
                    "Original Hash Buckets": 262144,
                    "Hash Batches": 1,
                    "Original Hash Batches": 1,
                    "Peak Memory Usage": 4896,
                    "Plans": [
                      {
                        "Node Type": "Hash Join",
                        "Parent Relationship": "Outer",
                        "Parallel Aware": true,
                        "Join Type": "Inner",
                        "Startup Cost": 62878.73,
                        "Total Cost": 102006.13,
                        "Plan Rows": 107995,
                        "Plan Width": 8,
                        "Actual Startup Time": 305.619,
                        "Actual Total Time": 438.291,
                        "Actual Rows": 35930,
                        "Actual Loops": 2,
                        "Inner Unique": true,
                        "Hash Cond": "(mc.movie_id = t.id)",
                        "Plans": [
                          {
                            "Node Type": "Seq Scan",
                            "Parent Relationship": "Outer",
                            "Parallel Aware": true,
                            "Relation Name": "movie_companies",
                            "Alias": "mc",
                            "Startup Cost": 0.0,
                            "Total Cost": 37974.77,
                            "Plan Rows": 439096,
                            "Plan Width": 4,
                            "Actual Startup Time": 20.446,
                            "Actual Total Time": 100.797,
                            "Actual Rows": 380599,
                            "Actual Loops": 2,
                            "Filter": "(company_id > 35259)",
                            "Rows Removed by Filter": 923966
                          },
                          {
                            "Node Type": "Hash",
                            "Parent Relationship": "Inner",
                            "Parallel Aware": true,
                            "Startup Cost": 58306.47,
                            "Total Cost": 58306.47,
                            "Plan Rows": 365781,
                            "Plan Width": 4,
                            "Actual Startup Time": 243.388,
                            "Actual Total Time": 243.389,
                            "Actual Rows": 338464,
                            "Actual Loops": 2,
                            "Hash Buckets": 1048576,
                            "Original Hash Buckets": 1048576,
                            "Hash Batches": 1,
                            "Original Hash Batches": 1,
                            "Peak Memory Usage": 34720,
                            "Plans": [
                              {
                                "Node Type": "Seq Scan",
                                "Parent Relationship": "Outer",
                                "Parallel Aware": true,
                                "Relation Name": "title",
                                "Alias": "t",
                                "Startup Cost": 0.0,
                                "Total Cost": 58306.47,
                                "Plan Rows": 365781,
                                "Plan Width": 4,
                                "Actual Startup Time": 0.025,
                                "Actual Total Time": 151.107,
                                "Actual Rows": 338464,
                                "Actual Loops": 2,
                                "Filter": "((production_year > 2005) AND (kind_id = 7))",
                                "Rows Removed by Filter": 925692
                              }
                            ]
                          }
                        ]
                      }
                    ]
                  }
                ]
              }
            ]
          }
        ]
      }
    ]
  },
  "Planning Time": 0.622,
  "Triggers": [],
  "Execution Time": 1843.514
}