[
  {
    "Plan": {
      "Node Type": "Aggregate",
      "Strategy": "Plain",
      "Partial Mode": "Finalize",
      "Parallel Aware": false,
      "Startup Cost": 77202.32,
      "Total Cost": 77202.33,
      "Plan Rows": 1,
      "Plan Width": 8,
      "Actual Startup Time": 287.2,
      "Actual Total Time": 297.405,
      "Actual Rows": 1,
      "Actual Loops": 1,
      "Plans": [
        {
          "Node Type": "Gather",
          "Parent Relationship": "Outer",
          "Parallel Aware": false,
          "Startup Cost": 77202.0,
          "Total Cost": 77202.31,
          "Plan Rows": 3,
          "Plan Width": 8,
          "Actual Startup Time": 283.26,
          "Actual Total Time": 297.397,
          "Actual Rows": 4,
          "Actual Loops": 1,
          "Workers Planned": 3,
          "Workers Launched": 3,
          "Single Copy": false,
          "Plans": [
            {
              "Node Type": "Aggregate",
              "Strategy": "Plain",
              "Partial Mode": "Partial",
              "Parent Relationship": "Outer",
              "Parallel Aware": false,
              "Startup Cost": 76202.0,
              "Total Cost": 76202.01,
              "Plan Rows": 1,
              "Plan Width": 8,
              "Actual Startup Time": 276.749,
              "Actual Total Time": 276.753,
              "Actual Rows": 1,
              "Actual Loops": 4,
              "Plans": [
                {
                  "Node Type": "Hash Join",
                  "Parent Relationship": "Outer",
                  "Parallel Aware": true,
                  "Join Type": "Inner",
                  "Startup Cost": 55649.95,
                  "Total Cost": 76105.41,
                  "Plan Rows": 38637,
                  "Plan Width": 0,
                  "Actual Startup Time": 225.403,
                  "Actual Total Time": 276.585,
                  "Actual Rows": 1564,
                  "Actual Loops": 4,
                  "Inner Unique": true,
                  "Hash Cond": "(mc.movie_id = t.id)",
                  "Plans": [
                    {
                      "Node Type": "Bitmap Heap Scan",
                      "Parent Relationship": "Outer",
                      "Parallel Aware": true,
                      "Relation Name": "movie_companies",
                      "Alias": "mc",
                      "Startup Cost": 7397.89,
                      "Total Cost": 27564.3,
                      "Plan Rows": 110113,
                      "Plan Width": 4,
                      "Actual Startup Time": 23.485,
                      "Actual Total Time": 42.843,
                      "Actual Rows": 84922,
                      "Actual Loops": 4,
                      "Recheck Cond": "(company_id > 89352)",
                      "Rows Removed by Index Recheck": 0,
                      "Exact Heap Blocks": 1434,
                      "Lossy Heap Blocks": 0,
                      "Plans": [
                        {
                          "Node Type": "Bitmap Index Scan",
                          "Parent Relationship": "Outer",
                          "Parallel Aware": false,
                          "Index Name": "company_id_movie_companies",
                          "Startup Cost": 0.0,
                          "Total Cost": 7312.56,
                          "Plan Rows": 341350,
                          "Plan Width": 0,
                          "Actual Startup Time": 22.306,
                          "Actual Total Time": 22.307,
                          "Actual Rows": 339690,
                          "Actual Loops": 1,
                          "Index Cond": "(company_id > 89352)"
                        }
                      ]
                    },
                    {
                      "Node Type": "Hash",
                      "Parent Relationship": "Inner",
                      "Parallel Aware": true,
                      "Startup Cost": 45479.59,
                      "Total Cost": 45479.59,
                      "Plan Rows": 221798,
                      "Plan Width": 4,
                      "Actual Startup Time": 198.738,
                      "Actual Total Time": 198.739,
                      "Actual Rows": 240760,
                      "Actual Loops": 4,
                      "Hash Buckets": 1048576,
                      "Original Hash Buckets": 1048576,
                      "Hash Batches": 1,
                      "Original Hash Batches": 1,
                      "Peak Memory Usage": 45920,
                      "Plans": [
                        {
                          "Node Type": "Seq Scan",
                          "Parent Relationship": "Outer",
                          "Parallel Aware": true,
                          "Relation Name": "title",
                          "Alias": "t",
                          "Startup Cost": 0.0,
                          "Total Cost": 45479.59,
                          "Plan Rows": 221798,
                          "Plan Width": 4,
                          "Actual Startup Time": 0.023,
                          "Actual Total Time": 116.241,
                          "Actual Rows": 240760,
                          "Actual Loops": 4,
                          "Filter": "((kind_id > 4) AND (production_year > 1999))",
                          "Rows Removed by Filter": 391318
                        }
                      ]
                    }
                  ]
                }
              ]
            }
          ]
        }
      ]
    },
    "Planning Time": 0.33,
    "Triggers": [],
    "Execution Time": 297.462
  }
]