{
  "Plan": {
    "Node Type": "Aggregate",
    "Strategy": "Plain",
    "Partial Mode": "Finalize",
    "Parallel Aware": false,
    "Startup Cost": 337822.64,
    "Total Cost": 337822.65,
    "Plan Rows": 1,
    "Plan Width": 8,
    "Actual Startup Time": 1319.343,
    "Actual Total Time": 1376.512,
    "Actual Rows": 1,
    "Actual Loops": 1,
    "Plans": [
      {
        "Node Type": "Gather",
        "Parent Relationship": "Outer",
        "Parallel Aware": false,
        "Startup Cost": 337822.53,
        "Total Cost": 337822.64,
        "Plan Rows": 1,
        "Plan Width": 8,
        "Actual Startup Time": 1318.963,
        "Actual Total Time": 1376.502,
        "Actual Rows": 2,
        "Actual Loops": 1,
        "Workers Planned": 1,
        "Workers Launched": 1,
        "Single Copy": false,
        "Plans": [
          {
            "Node Type": "Aggregate",
            "Strategy": "Plain",
            "Partial Mode": "Partial",
            "Parent Relationship": "Outer",
            "Parallel Aware": false,
            "Startup Cost": 336822.53,
            "Total Cost": 336822.54,
            "Plan Rows": 1,
            "Plan Width": 8,
            "Actual Startup Time": 1313.195,
            "Actual Total Time": 1313.199,
            "Actual Rows": 1,
            "Actual Loops": 2,
            "Plans": [
              {
                "Node Type": "Hash Join",
                "Parent Relationship": "Outer",
                "Parallel Aware": true,
                "Join Type": "Inner",
                "Startup Cost": 54884.91,
                "Total Cost": 336654.32,
                "Plan Rows": 67284,
                "Plan Width": 0,
                "Actual Startup Time": 180.6,
                "Actual Total Time": 1304.324,
                "Actual Rows": 174658,
                "Actual Loops": 2,
                "Inner Unique": true,
                "Hash Cond": "(mi.movie_id = t.id)",
                "Plans": [
                  {
                    "Node Type": "Seq Scan",
                    "Parent Relationship": "Outer",
                    "Parallel Aware": true,
                    "Relation Name": "movie_info",
                    "Alias": "mi",
                    "Startup Cost": 0.0,
                    "Total Cost": 270696.42,
                    "Plan Rows": 4218272,
                    "Plan Width": 4,
                    "Actual Startup Time": 0.012,
                    "Actual Total Time": 781.581,
                    "Actual Rows": 3643432,
                    "Actual Loops": 2,
                    "Filter": "(info_type_id < 8)",
                    "Rows Removed by Filter": 3774428
                  },
                  {
                    "Node Type": "Hash",
                    "Parent Relationship": "Inner",
                    "Parallel Aware": true,
                    "Startup Cost": 54588.39,
                    "Total Cost": 54588.39,
                    "Plan Rows": 23722,
                    "Plan Width": 4,
                    "Actual Startup Time": 155.681,
                    "Actual Total Time": 155.682,
                    "Actual Rows": 21410,
                    "Actual Loops": 2,
                    "Hash Buckets": 65536,
                    "Original Hash Buckets": 65536,
                    "Hash Batches": 1,
                    "Original Hash Batches": 1,
                    "Peak Memory Usage": 2240,
                    "Plans": [
                      {
                        "Node Type": "Seq Scan",
                        "Parent Relationship": "Outer",
                        "Parallel Aware": true,
                        "Relation Name": "title",
                        "Alias": "t",
                        "Startup Cost": 0.0,
                        "Total Cost": 54588.39,
                        "Plan Rows": 23722,
                        "Plan Width": 4,
                        "Actual Startup Time": 79.179,
                        "Actual Total Time": 149.943,
                        "Actual Rows": 21410,
                        "Actual Loops": 2,
                        "Filter": "(production_year < 1913)",
                        "Rows Removed by Filter": 1242746
                      }
                    ]
                  }
                ]
              }
            ]
          }
        ]
      }
    ]
  },
  "Planning Time": 0.442,
  "Triggers": [],
  "Execution Time": 1376.597
}