[
  {
    "Plan": {
      "Node Type": "Aggregate",
      "Strategy": "Plain",
      "Partial Mode": "Finalize",
      "Parallel Aware": false,
      "Startup Cost": 432137.65,
      "Total Cost": 432137.66,
      "Plan Rows": 1,
      "Plan Width": 8,
      "Actual Startup Time": 2881.169,
      "Actual Total Time": 2992.033,
      "Actual Rows": 1,
      "Actual Loops": 1,
      "Plans": [
        {
          "Node Type": "Gather",
          "Parent Relationship": "Outer",
          "Parallel Aware": false,
          "Startup Cost": 432137.13,
          "Total Cost": 432137.64,
          "Plan Rows": 5,
          "Plan Width": 8,
          "Actual Startup Time": 2879.423,
          "Actual Total Time": 2992.021,
          "Actual Rows": 6,
          "Actual Loops": 1,
          "Workers Planned": 5,
          "Workers Launched": 5,
          "Single Copy": false,
          "Plans": [
            {
              "Node Type": "Aggregate",
              "Strategy": "Plain",
              "Partial Mode": "Partial",
              "Parent Relationship": "Outer",
              "Parallel Aware": false,
              "Startup Cost": 431137.13,
              "Total Cost": 431137.14,
              "Plan Rows": 1,
              "Plan Width": 8,
              "Actual Startup Time": 2868.767,
              "Actual Total Time": 2868.771,
              "Actual Rows": 1,
              "Actual Loops": 6,
              "Plans": [
                {
                  "Node Type": "Nested Loop",
                  "Parent Relationship": "Outer",
                  "Parallel Aware": false,
                  "Join Type": "Inner",
                  "Startup Cost": 44588.53,
                  "Total Cost": 427826.5,
                  "Plan Rows": 1324252,
                  "Plan Width": 0,
                  "Actual Startup Time": 109.896,
                  "Actual Total Time": 2750.679,
                  "Actual Rows": 2388044,
                  "Actual Loops": 6,
                  "Inner Unique": false,
                  "Join Filter": "(t.id = ci.movie_id)",
                  "Rows Removed by Join Filter": 0,
                  "Plans": [
                    {
                      "Node Type": "Hash Join",
                      "Parent Relationship": "Outer",
                      "Parallel Aware": true,
                      "Join Type": "Inner",
                      "Startup Cost": 44587.97,
                      "Total Cost": 246321.82,
                      "Plan Rows": 92417,
                      "Plan Width": 8,
                      "Actual Startup Time": 109.775,
                      "Actual Total Time": 599.331,
                      "Actual Rows": 90233,
                      "Actual Loops": 6,
                      "Inner Unique": true,
                      "Hash Cond": "(mi.movie_id = t.id)",
                      "Plans": [
                        {
                          "Node Type": "Seq Scan",
                          "Parent Relationship": "Outer",
                          "Parallel Aware": true,
                          "Relation Name": "movie_info",
                          "Alias": "mi",
                          "Startup Cost": 0.0,
                          "Total Cost": 198952.16,
                          "Plan Rows": 1059693,
                          "Plan Width": 4,
                          "Actual Startup Time": 15.587,
                          "Actual Total Time": 313.13,
                          "Actual Rows": 878428,
                          "Actual Loops": 6,
                          "Filter": "(info_type_id > 15)",
                          "Rows Removed by Filter": 1594192
                        },
                        {
                          "Node Type": "Hash",
                          "Parent Relationship": "Inner",
                          "Parallel Aware": true,
                          "Startup Cost": 43898.92,
                          "Total Cost": 43898.92,
                          "Plan Rows": 55124,
                          "Plan Width": 4,
                          "Actual Startup Time": 91.97,
                          "Actual Total Time": 91.971,
                          "Actual Rows": 38480,
                          "Actual Loops": 6,
                          "Hash Buckets": 262144,
                          "Original Hash Buckets": 262144,
                          "Hash Batches": 1,
                          "Original Hash Batches": 1,
                          "Peak Memory Usage": 11168,
                          "Plans": [
                            {
                              "Node Type": "Seq Scan",
                              "Parent Relationship": "Outer",
                              "Parallel Aware": true,
                              "Relation Name": "title",
                              "Alias": "t",
                              "Startup Cost": 0.0,
                              "Total Cost": 43898.92,
                              "Plan Rows": 55124,
                              "Plan Width": 4,
                              "Actual Startup Time": 0.059,
                              "Actual Total Time": 77.67,
                              "Actual Rows": 38480,
                              "Actual Loops": 6,
                              "Filter": "(production_year < 1959)",
                              "Rows Removed by Filter": 382905
                            }
                          ]
                        }
                      ]
                    },
                    {
                      "Node Type": "Index Only Scan",
                      "Parent Relationship": "Inner",
                      "Parallel Aware": false,
                      "Scan Direction": "Forward",
                      "Index Name": "movie_id_cast_info",
                      "Relation Name": "cast_info",
                      "Alias": "ci",
                      "Startup Cost": 0.56,
                      "Total Cost": 1.5,
                      "Plan Rows": 37,
                      "Plan Width": 4,
                      "Actual Startup Time": 0.004,
                      "Actual Total Time": 0.021,
                      "Actual Rows": 26,
                      "Actual Loops": 541400,
                      "Index Cond": "(movie_id = mi.movie_id)",
                      "Rows Removed by Index Recheck": 0,
                      "Heap Fetches": 14328264
                    }
                  ]
                }
              ]
            }
          ]
        }
      ]
    },
    "Planning Time": 1.398,
    "Triggers": [],
    "Execution Time": 2992.147
  }
]