[
  {
    "Plan": {
      "Node Type": "Aggregate",
      "Strategy": "Plain",
      "Partial Mode": "Finalize",
      "Parallel Aware": false,
      "Startup Cost": 31917.9,
      "Total Cost": 31917.91,
      "Plan Rows": 1,
      "Plan Width": 8,
      "Actual Startup Time": 111.906,
      "Actual Total Time": 119.871,
      "Actual Rows": 1,
      "Actual Loops": 1,
      "Plans": [
        {
          "Node Type": "Gather",
          "Parent Relationship": "Outer",
          "Parallel Aware": false,
          "Startup Cost": 31917.58,
          "Total Cost": 31917.89,
          "Plan Rows": 3,
          "Plan Width": 8,
          "Actual Startup Time": 111.793,
          "Actual Total Time": 119.863,
          "Actual Rows": 4,
          "Actual Loops": 1,
          "Workers Planned": 3,
          "Workers Launched": 3,
          "Single Copy": false,
          "Plans": [
            {
              "Node Type": "Aggregate",
              "Strategy": "Plain",
              "Partial Mode": "Partial",
              "Parent Relationship": "Outer",
              "Parallel Aware": false,
              "Startup Cost": 30917.58,
              "Total Cost": 30917.59,
              "Plan Rows": 1,
              "Plan Width": 8,
              "Actual Startup Time": 104.454,
              "Actual Total Time": 104.455,
              "Actual Rows": 1,
              "Actual Loops": 4,
              "Plans": [
                {
                  "Node Type": "Seq Scan",
                  "Parent Relationship": "Outer",
                  "Parallel Aware": true,
                  "Relation Name": "movie_companies",
                  "Alias": "mc",
                  "Startup Cost": 0.0,
                  "Total Cost": 29310.68,
                  "Plan Rows": 642761,
                  "Plan Width": 0,
                  "Actual Startup Time": 0.374,
                  "Actual Total Time": 82.665,
                  "Actual Rows": 499225,
                  "Actual Loops": 4,
                  "Filter": "(company_id > 732)",
                  "Rows Removed by Filter": 153057
                }
              ]
            }
          ]
        }
      ]
    },
    "Planning Time": 0.158,
    "Triggers": [],
    "Execution Time": 119.917
  }
]