[
  {
    "Plan": {
      "Node Type": "Aggregate",
      "Strategy": "Plain",
      "Partial Mode": "Finalize",
      "Parallel Aware": false,
      "Startup Cost": 132182.03,
      "Total Cost": 132182.04,
      "Plan Rows": 1,
      "Plan Width": 8,
      "Actual Startup Time": 1163.265,
      "Actual Total Time": 1188.978,
      "Actual Rows": 1,
      "Actual Loops": 1,
      "Plans": [
        {
          "Node Type": "Gather",
          "Parent Relationship": "Outer",
          "Parallel Aware": false,
          "Startup Cost": 132181.72,
          "Total Cost": 132182.03,
          "Plan Rows": 3,
          "Plan Width": 8,
          "Actual Startup Time": 1152.025,
          "Actual Total Time": 1188.966,
          "Actual Rows": 4,
          "Actual Loops": 1,
          "Workers Planned": 3,
          "Workers Launched": 3,
          "Single Copy": false,
          "Plans": [
            {
              "Node Type": "Aggregate",
              "Strategy": "Plain",
              "Partial Mode": "Partial",
              "Parent Relationship": "Outer",
              "Parallel Aware": false,
              "Startup Cost": 131181.72,
              "Total Cost": 131181.73,
              "Plan Rows": 1,
              "Plan Width": 8,
              "Actual Startup Time": 1143.535,
              "Actual Total Time": 1143.543,
              "Actual Rows": 1,
              "Actual Loops": 4,
              "Plans": [
                {
                  "Node Type": "Hash Join",
                  "Parent Relationship": "Outer",
                  "Parallel Aware": true,
                  "Join Type": "Inner",
                  "Startup Cost": 83860.22,
                  "Total Cost": 130564.5,
                  "Plan Rows": 246888,
                  "Plan Width": 0,
                  "Actual Startup Time": 716.448,
                  "Actual Total Time": 1067.304,
                  "Actual Rows": 1305637,
                  "Actual Loops": 4,
                  "Inner Unique": false,
                  "Hash Cond": "(mk.movie_id = t.id)",
                  "Plans": [
                    {
                      "Node Type": "Seq Scan",
                      "Parent Relationship": "Outer",
                      "Parallel Aware": true,
                      "Relation Name": "movie_keyword",
                      "Alias": "mk",
                      "Startup Cost": 0.0,
                      "Total Cost": 42695.65,
                      "Plan Rows": 856590,
                      "Plan Width": 4,
                      "Actual Startup Time": 0.322,
                      "Actual Total Time": 138.18,
                      "Actual Rows": 663546,
                      "Actual Loops": 4,
                      "Filter": "(keyword_id > 3154)",
                      "Rows Removed by Filter": 467436
                    },
                    {
                      "Node Type": "Hash",
                      "Parent Relationship": "Inner",
                      "Parallel Aware": true,
                      "Startup Cost": 80921.72,
                      "Total Cost": 80921.72,
                      "Plan Rows": 235080,
                      "Plan Width": 8,
                      "Actual Startup Time": 712.944,
                      "Actual Total Time": 712.95,
                      "Actual Rows": 182793,
                      "Actual Loops": 4,
                      "Hash Buckets": 1048576,
                      "Original Hash Buckets": 1048576,
                      "Hash Batches": 1,
                      "Original Hash Batches": 1,
                      "Peak Memory Usage": 36864,
                      "Plans": [
                        {
                          "Node Type": "Hash Join",
                          "Parent Relationship": "Outer",
                          "Parallel Aware": true,
                          "Join Type": "Inner",
                          "Startup Cost": 50916.17,
                          "Total Cost": 80921.72,
                          "Plan Rows": 235080,
                          "Plan Width": 8,
                          "Actual Startup Time": 425.641,
                          "Actual Total Time": 632.71,
                          "Actual Rows": 182793,
                          "Actual Loops": 4,
                          "Inner Unique": true,
                          "Hash Cond": "(mc.movie_id = t.id)",
                          "Plans": [
                            {
                              "Node Type": "Seq Scan",
                              "Parent Relationship": "Outer",
                              "Parallel Aware": true,
                              "Relation Name": "movie_companies",
                              "Alias": "mc",
                              "Startup Cost": 0.0,
                              "Total Cost": 29310.68,
                              "Plan Rows": 264711,
                              "Plan Width": 4,
                              "Actual Startup Time": 0.014,
                              "Actual Total Time": 89.373,
                              "Actual Rows": 205307,
                              "Actual Loops": 4,
                              "Filter": "(company_id < 1971)",
                              "Rows Removed by Filter": 446975
                            },
                            {
                              "Node Type": "Hash",
                              "Parent Relationship": "Inner",
                              "Parallel Aware": true,
                              "Startup Cost": 43899.32,
                              "Total Cost": 43899.32,
                              "Plan Rows": 561348,
                              "Plan Width": 4,
                              "Actual Startup Time": 416.497,
                              "Actual Total Time": 416.499,
                              "Actual Rows": 558776,
                              "Actual Loops": 4,
                              "Hash Buckets": 4194304,
                              "Original Hash Buckets": 4194304,
                              "Hash Batches": 1,
                              "Original Hash Batches": 1,
                              "Peak Memory Usage": 120256,
                              "Plans": [
                                {
                                  "Node Type": "Seq Scan",
                                  "Parent Relationship": "Outer",
                                  "Parallel Aware": true,
                                  "Relation Name": "title",
                                  "Alias": "t",
                                  "Startup Cost": 0.0,
                                  "Total Cost": 43899.32,
                                  "Plan Rows": 561348,
                                  "Plan Width": 4,
                                  "Actual Startup Time": 0.058,
                                  "Actual Total Time": 141.422,
                                  "Actual Rows": 558776,
                                  "Actual Loops": 4,
                                  "Filter": "(production_year > 1957)",
                                  "Rows Removed by Filter": 73302
                                }
                              ]
                            }
                          ]
                        }
                      ]
                    }
                  ]
                }
              ]
            }
          ]
        }
      ]
    },
    "Planning Time": 0.626,
    "Triggers": [],
    "Execution Time": 1189.05
  }
]