[
  {
    "Plan": {
      "Node Type": "Aggregate",
      "Strategy": "Plain",
      "Partial Mode": "Finalize",
      "Parallel Aware": false,
      "Startup Cost": 130402.74,
      "Total Cost": 130402.75,
      "Plan Rows": 1,
      "Plan Width": 8,
      "Actual Startup Time": 822.799,
      "Actual Total Time": 842.499,
      "Actual Rows": 1,
      "Actual Loops": 1,
      "Plans": [
        {
          "Node Type": "Gather",
          "Parent Relationship": "Outer",
          "Parallel Aware": false,
          "Startup Cost": 130402.42,
          "Total Cost": 130402.73,
          "Plan Rows": 3,
          "Plan Width": 8,
          "Actual Startup Time": 816.371,
          "Actual Total Time": 842.487,
          "Actual Rows": 4,
          "Actual Loops": 1,
          "Workers Planned": 3,
          "Workers Launched": 3,
          "Single Copy": false,
          "Plans": [
            {
              "Node Type": "Aggregate",
              "Strategy": "Plain",
              "Partial Mode": "Partial",
              "Parent Relationship": "Outer",
              "Parallel Aware": false,
              "Startup Cost": 129402.42,
              "Total Cost": 129402.43,
              "Plan Rows": 1,
              "Plan Width": 8,
              "Actual Startup Time": 807.288,
              "Actual Total Time": 807.415,
              "Actual Rows": 1,
              "Actual Loops": 4,
              "Plans": [
                {
                  "Node Type": "Hash Join",
                  "Parent Relationship": "Outer",
                  "Parallel Aware": true,
                  "Join Type": "Inner",
                  "Startup Cost": 82239.7,
                  "Total Cost": 128778.74,
                  "Plan Rows": 249473,
                  "Plan Width": 0,
                  "Actual Startup Time": 493.076,
                  "Actual Total Time": 754.319,
                  "Actual Rows": 1305637,
                  "Actual Loops": 4,
                  "Inner Unique": false,
                  "Hash Cond": "(mk.movie_id = t.id)",
                  "Plans": [
                    {
                      "Node Type": "Seq Scan",
                      "Parent Relationship": "Outer",
                      "Parallel Aware": true,
                      "Relation Name": "movie_keyword",
                      "Alias": "mk",
                      "Startup Cost": 0.0,
                      "Total Cost": 42695.65,
                      "Plan Rows": 858589,
                      "Plan Width": 4,
                      "Actual Startup Time": 0.352,
                      "Actual Total Time": 106.517,
                      "Actual Rows": 663546,
                      "Actual Loops": 4,
                      "Filter": "(keyword_id > 3154)",
                      "Rows Removed by Filter": 467436
                    },
                    {
                      "Node Type": "Hash",
                      "Parent Relationship": "Inner",
                      "Parallel Aware": true,
                      "Startup Cost": 79944.0,
                      "Total Cost": 79944.0,
                      "Plan Rows": 183656,
                      "Plan Width": 8,
                      "Actual Startup Time": 487.366,
                      "Actual Total Time": 487.492,
                      "Actual Rows": 182793,
                      "Actual Loops": 4,
                      "Hash Buckets": 1048576,
                      "Original Hash Buckets": 1048576,
                      "Hash Batches": 1,
                      "Original Hash Batches": 1,
                      "Peak Memory Usage": 36896,
                      "Plans": [
                        {
                          "Node Type": "Hash Join",
                          "Parent Relationship": "Outer",
                          "Parallel Aware": true,
                          "Join Type": "Inner",
                          "Startup Cost": 32644.88,
                          "Total Cost": 79944.0,
                          "Plan Rows": 183656,
                          "Plan Width": 8,
                          "Actual Startup Time": 156.591,
                          "Actual Total Time": 426.147,
                          "Actual Rows": 182793,
                          "Actual Loops": 4,
                          "Inner Unique": false,
                          "Hash Cond": "(t.id = mc.movie_id)",
                          "Plans": [
                            {
                              "Node Type": "Seq Scan",
                              "Parent Relationship": "Outer",
                              "Parallel Aware": true,
                              "Relation Name": "title",
                              "Alias": "t",
                              "Startup Cost": 0.0,
                              "Total Cost": 43898.92,
                              "Plan Rows": 561552,
                              "Plan Width": 4,
                              "Actual Startup Time": 0.017,
                              "Actual Total Time": 97.849,
                              "Actual Rows": 558776,
                              "Actual Loops": 4,
                              "Filter": "(production_year > 1957)",
                              "Rows Removed by Filter": 73302
                            },
                            {
                              "Node Type": "Hash",
                              "Parent Relationship": "Inner",
                              "Parallel Aware": true,
                              "Startup Cost": 29310.68,
                              "Total Cost": 29310.68,
                              "Plan Rows": 266736,
                              "Plan Width": 4,
                              "Actual Startup Time": 153.738,
                              "Actual Total Time": 153.739,
                              "Actual Rows": 205307,
                              "Actual Loops": 4,
                              "Hash Buckets": 1048576,
                              "Original Hash Buckets": 1048576,
                              "Hash Batches": 1,
                              "Original Hash Batches": 1,
                              "Peak Memory Usage": 40384,
                              "Plans": [
                                {
                                  "Node Type": "Seq Scan",
                                  "Parent Relationship": "Outer",
                                  "Parallel Aware": true,
                                  "Relation Name": "movie_companies",
                                  "Alias": "mc",
                                  "Startup Cost": 0.0,
                                  "Total Cost": 29310.68,
                                  "Plan Rows": 266736,
                                  "Plan Width": 4,
                                  "Actual Startup Time": 0.053,
                                  "Actual Total Time": 76.727,
                                  "Actual Rows": 205307,
                                  "Actual Loops": 4,
                                  "Filter": "(company_id < 1971)",
                                  "Rows Removed by Filter": 446975
                                }
                              ]
                            }
                          ]
                        }
                      ]
                    }
                  ]
                }
              ]
            }
          ]
        }
      ]
    },
    "Planning Time": 1.409,
    "Triggers": [],
    "Execution Time": 842.619
  }
]