{
    "Plan": {
        "Node Type": "Aggregate",
        "Strategy": "Plain",
        "Partial Mode": "Simple",
        "Parallel Aware": false,
        "Startup Cost": 107422.55,
        "Total Cost": 107422.56,
        "Plan Rows": 1,
        "Plan Width": 8,
        "Actual Startup Time": 793.911,
        "Actual Total Time": 793.915,
        "Actual Rows": 1,
        "Actual Loops": 1,
        "Output": [
            "count(*)"
        ],
        "Plans": [
            {
                "Node Type": "Hash Join",
                "Parent Relationship": "Outer",
                "Parallel Aware": false,
                "Join Type": "Inner",
                "Startup Cost": 106519.35,
                "Total Cost": 107422.37,
                "Plan Rows": 72,
                "Plan Width": 0,
                "Actual Startup Time": 792.844,
                "Actual Total Time": 793.899,
                "Actual Rows": 83,
                "Actual Loops": 1,
                "Inner Unique": true,
                "Hash Cond": "(mk.movie_id = t.id)",
                "Plans": [
                    {
                        "Node Type": "Bitmap Heap Scan",
                        "Parent Relationship": "Outer",
                        "Parallel Aware": false,
                        "Relation Name": "movie_keyword",
                        "Schema": "public",
                        "Alias": "mk",
                        "Startup Cost": 6.32,
                        "Total Cost": 908.7,
                        "Plan Rows": 244,
                        "Plan Width": 4,
                        "Actual Startup Time": 0.284,
                        "Actual Total Time": 1.219,
                        "Actual Rows": 144,
                        "Actual Loops": 1,
                        "Output": [
                            "mk.id",
                            "mk.movie_id",
                            "mk.keyword_id"
                        ],
                        "Recheck Cond": "(mk.keyword_id = 1305)",
                        "Rows Removed by Index Recheck": 0,
                        "Exact Heap Blocks": 78,
                        "Lossy Heap Blocks": 0,
                        "Plans": [
                            {
                                "Node Type": "Bitmap Index Scan",
                                "Parent Relationship": "Outer",
                                "Parallel Aware": false,
                                "Index Name": "keyword_id_movie_keyword",
                                "Startup Cost": 0.0,
                                "Total Cost": 6.26,
                                "Plan Rows": 244,
                                "Plan Width": 0,
                                "Actual Startup Time": 0.203,
                                "Actual Total Time": 0.204,
                                "Actual Rows": 144,
                                "Actual Loops": 1,
                                "Index Cond": "(mk.keyword_id = 1305)"
                            }
                        ]
                    },
                    {
                        "Node Type": "Hash",
                        "Parent Relationship": "Inner",
                        "Parallel Aware": false,
                        "Startup Cost": 97135.76,
                        "Total Cost": 97135.76,
                        "Plan Rows": 750182,
                        "Plan Width": 4,
                        "Actual Startup Time": 781.217,
                        "Actual Total Time": 781.219,
                        "Actual Rows": 647556,
                        "Actual Loops": 1,
                        "Output": [
                            "t.id"
                        ],
                        "Hash Buckets": 1048576,
                        "Original Hash Buckets": 1048576,
                        "Hash Batches": 1,
                        "Original Hash Batches": 1,
                        "Peak Memory Usage": 30958,
                        "Plans": [
                            {
                                "Node Type": "Bitmap Heap Scan",
                                "Parent Relationship": "Outer",
                                "Parallel Aware": false,
                                "Relation Name": "title",
                                "Schema": "public",
                                "Alias": "t",
                                "Startup Cost": 33283.24,
                                "Total Cost": 97135.76,
                                "Plan Rows": 750182,
                                "Plan Width": 4,
                                "Actual Startup Time": 107.82,
                                "Actual Total Time": 574.188,
                                "Actual Rows": 647556,
                                "Actual Loops": 1,
                                "Output": [
                                    "t.id"
                                ],
                                "Recheck Cond": "(t.kind_id > 1)",
                                "Rows Removed by Index Recheck": 0,
                                "Filter": "(t.production_year < 2000)",
                                "Rows Removed by Filter": 1217931,
                                "Exact Heap Blocks": 35995,
                                "Lossy Heap Blocks": 0,
                                "Plans": [
                                    {
                                        "Node Type": "Bitmap Index Scan",
                                        "Parent Relationship": "Outer",
                                        "Parallel Aware": false,
                                        "Index Name": "kind_id_title",
                                        "Startup Cost": 0.0,
                                        "Total Cost": 33095.69,
                                        "Plan Rows": 1856968,
                                        "Plan Width": 0,
                                        "Actual Startup Time": 99.819,
                                        "Actual Total Time": 99.819,
                                        "Actual Rows": 1865487,
                                        "Actual Loops": 1,
                                        "Index Cond": "(t.kind_id > 1)"
                                    }
                                ]
                            }
                        ]
                    }
                ]
            }
        ]
    },
    "Planning Time": 2.415,
    "Triggers": [],
    "Execution Time": 795.387
}