[
  {
    "Plan": {
      "Node Type": "Aggregate",
      "Strategy": "Plain",
      "Partial Mode": "Finalize",
      "Parallel Aware": false,
      "Startup Cost": 32761.05,
      "Total Cost": 32761.06,
      "Plan Rows": 1,
      "Plan Width": 8,
      "Actual Startup Time": 70.165,
      "Actual Total Time": 77.216,
      "Actual Rows": 1,
      "Actual Loops": 1,
      "Plans": [
        {
          "Node Type": "Gather",
          "Parent Relationship": "Outer",
          "Parallel Aware": false,
          "Startup Cost": 32760.73,
          "Total Cost": 32761.04,
          "Plan Rows": 3,
          "Plan Width": 8,
          "Actual Startup Time": 70.086,
          "Actual Total Time": 77.207,
          "Actual Rows": 4,
          "Actual Loops": 1,
          "Workers Planned": 3,
          "Workers Launched": 3,
          "Single Copy": false,
          "Plans": [
            {
              "Node Type": "Aggregate",
              "Strategy": "Plain",
              "Partial Mode": "Partial",
              "Parent Relationship": "Outer",
              "Parallel Aware": false,
              "Startup Cost": 31760.73,
              "Total Cost": 31760.74,
              "Plan Rows": 1,
              "Plan Width": 8,
              "Actual Startup Time": 65.027,
              "Actual Total Time": 65.029,
              "Actual Rows": 1,
              "Actual Loops": 4,
              "Plans": [
                {
                  "Node Type": "Seq Scan",
                  "Parent Relationship": "Outer",
                  "Parallel Aware": true,
                  "Relation Name": "movie_companies",
                  "Alias": "mc",
                  "Startup Cost": 0.0,
                  "Total Cost": 31414.82,
                  "Plan Rows": 138366,
                  "Plan Width": 0,
                  "Actual Startup Time": 13.955,
                  "Actual Total Time": 63.674,
                  "Actual Rows": 25818,
                  "Actual Loops": 4,
                  "Filter": "((company_id > 23766) AND (company_type_id < 2))",
                  "Rows Removed by Filter": 626464
                }
              ]
            }
          ]
        }
      ]
    },
    "Planning Time": 0.099,
    "Triggers": [],
    "Execution Time": 77.245
  }
]