[
  {
    "Plan": {
      "Node Type": "Aggregate",
      "Strategy": "Plain",
      "Partial Mode": "Finalize",
      "Parallel Aware": false,
      "Startup Cost": 33351.65,
      "Total Cost": 33351.66,
      "Plan Rows": 1,
      "Plan Width": 8,
      "Actual Startup Time": 143.752,
      "Actual Total Time": 158.273,
      "Actual Rows": 1,
      "Actual Loops": 1,
      "Plans": [
        {
          "Node Type": "Gather",
          "Parent Relationship": "Outer",
          "Parallel Aware": false,
          "Startup Cost": 33351.33,
          "Total Cost": 33351.64,
          "Plan Rows": 3,
          "Plan Width": 8,
          "Actual Startup Time": 143.348,
          "Actual Total Time": 158.254,
          "Actual Rows": 4,
          "Actual Loops": 1,
          "Workers Planned": 3,
          "Workers Launched": 3,
          "Single Copy": false,
          "Plans": [
            {
              "Node Type": "Aggregate",
              "Strategy": "Plain",
              "Partial Mode": "Partial",
              "Parent Relationship": "Outer",
              "Parallel Aware": false,
              "Startup Cost": 32351.33,
              "Total Cost": 32351.34,
              "Plan Rows": 1,
              "Plan Width": 8,
              "Actual Startup Time": 135.605,
              "Actual Total Time": 135.607,
              "Actual Rows": 1,
              "Actual Loops": 4,
              "Plans": [
                {
                  "Node Type": "Seq Scan",
                  "Parent Relationship": "Outer",
                  "Parallel Aware": true,
                  "Relation Name": "movie_companies",
                  "Alias": "mc",
                  "Startup Cost": 0.0,
                  "Total Cost": 31414.82,
                  "Plan Rows": 374606,
                  "Plan Width": 0,
                  "Actual Startup Time": 58.547,
                  "Actual Total Time": 118.966,
                  "Actual Rows": 249883,
                  "Actual Loops": 4,
                  "Filter": "((company_id < 89830) AND (company_type_id = 2))",
                  "Rows Removed by Filter": 402399
                }
              ]
            }
          ]
        }
      ]
    },
    "Planning Time": 0.187,
    "Triggers": [],
    "Execution Time": 158.326
  }
]