[
  {
    "Plan": {
      "Node Type": "Aggregate",
      "Strategy": "Plain",
      "Partial Mode": "Finalize",
      "Parallel Aware": false,
      "Startup Cost": 335199.28,
      "Total Cost": 335199.29,
      "Plan Rows": 1,
      "Plan Width": 8,
      "Actual Startup Time": 754.199,
      "Actual Total Time": 809.176,
      "Actual Rows": 1,
      "Actual Loops": 1,
      "Plans": [
        {
          "Node Type": "Gather",
          "Parent Relationship": "Outer",
          "Parallel Aware": false,
          "Startup Cost": 335198.66,
          "Total Cost": 335199.27,
          "Plan Rows": 6,
          "Plan Width": 8,
          "Actual Startup Time": 754.073,
          "Actual Total Time": 809.166,
          "Actual Rows": 7,
          "Actual Loops": 1,
          "Workers Planned": 6,
          "Workers Launched": 6,
          "Single Copy": false,
          "Plans": [
            {
              "Node Type": "Aggregate",
              "Strategy": "Plain",
              "Partial Mode": "Partial",
              "Parent Relationship": "Outer",
              "Parallel Aware": false,
              "Startup Cost": 334198.66,
              "Total Cost": 334198.67,
              "Plan Rows": 1,
              "Plan Width": 8,
              "Actual Startup Time": 745.963,
              "Actual Total Time": 745.964,
              "Actual Rows": 1,
              "Actual Loops": 7,
              "Plans": [
                {
                  "Node Type": "Seq Scan",
                  "Parent Relationship": "Outer",
                  "Parallel Aware": true,
                  "Relation Name": "cast_info",
                  "Alias": "ci",
                  "Startup Cost": 0.0,
                  "Total Cost": 328211.39,
                  "Plan Rows": 2394906,
                  "Plan Width": 0,
                  "Actual Startup Time": 272.175,
                  "Actual Total Time": 640.68,
                  "Actual Rows": 2012224,
                  "Actual Loops": 7,
                  "Filter": "(person_id > 2257027)",
                  "Rows Removed by Filter": 3165540
                }
              ]
            }
          ]
        }
      ]
    },
    "Planning Time": 0.118,
    "Triggers": [],
    "Execution Time": 809.227
  }
]