[
  {
    "Plan": {
      "Node Type": "Aggregate",
      "Strategy": "Plain",
      "Partial Mode": "Finalize",
      "Parallel Aware": false,
      "Startup Cost": 152833.86,
      "Total Cost": 152833.87,
      "Plan Rows": 1,
      "Plan Width": 8,
      "Actual Startup Time": 726.574,
      "Actual Total Time": 813.021,
      "Actual Rows": 1,
      "Actual Loops": 1,
      "Plans": [
        {
          "Node Type": "Gather",
          "Parent Relationship": "Outer",
          "Parallel Aware": false,
          "Startup Cost": 152833.44,
          "Total Cost": 152833.85,
          "Plan Rows": 4,
          "Plan Width": 8,
          "Actual Startup Time": 725.936,
          "Actual Total Time": 813.011,
          "Actual Rows": 5,
          "Actual Loops": 1,
          "Workers Planned": 4,
          "Workers Launched": 4,
          "Single Copy": false,
          "Plans": [
            {
              "Node Type": "Aggregate",
              "Strategy": "Plain",
              "Partial Mode": "Partial",
              "Parent Relationship": "Outer",
              "Parallel Aware": false,
              "Startup Cost": 151833.44,
              "Total Cost": 151833.45,
              "Plan Rows": 1,
              "Plan Width": 8,
              "Actual Startup Time": 715.621,
              "Actual Total Time": 715.625,
              "Actual Rows": 1,
              "Actual Loops": 5,
              "Plans": [
                {
                  "Node Type": "Nested Loop",
                  "Parent Relationship": "Outer",
                  "Parallel Aware": false,
                  "Join Type": "Inner",
                  "Startup Cost": 32416.76,
                  "Total Cost": 151534.87,
                  "Plan Rows": 119430,
                  "Plan Width": 0,
                  "Actual Startup Time": 75.063,
                  "Actual Total Time": 708.989,
                  "Actual Rows": 114706,
                  "Actual Loops": 5,
                  "Inner Unique": false,
                  "Plans": [
                    {
                      "Node Type": "Hash Join",
                      "Parent Relationship": "Outer",
                      "Parallel Aware": true,
                      "Join Type": "Inner",
                      "Startup Cost": 32416.19,
                      "Total Cost": 79205.41,
                      "Plan Rows": 24203,
                      "Plan Width": 8,
                      "Actual Startup Time": 74.928,
                      "Actual Total Time": 196.332,
                      "Actual Rows": 15479,
                      "Actual Loops": 5,
                      "Inner Unique": false,
                      "Hash Cond": "(t.id = mc.movie_id)",
                      "Plans": [
                        {
                          "Node Type": "Seq Scan",
                          "Parent Relationship": "Outer",
                          "Parallel Aware": true,
                          "Relation Name": "title",
                          "Alias": "t",
                          "Startup Cost": 0.0,
                          "Total Cost": 45479.1,
                          "Plan Rows": 246407,
                          "Plan Width": 4,
                          "Actual Startup Time": 0.017,
                          "Actual Total Time": 71.188,
                          "Actual Rows": 184744,
                          "Actual Loops": 5,
                          "Filter": "((kind_id > 1) AND (production_year < 2005))",
                          "Rows Removed by Filter": 320918
                        },
                        {
                          "Node Type": "Hash",
                          "Parent Relationship": "Inner",
                          "Parallel Aware": true,
                          "Startup Cost": 31414.82,
                          "Total Cost": 31414.82,
                          "Plan Rows": 80110,
                          "Plan Width": 4,
                          "Actual Startup Time": 72.842,
                          "Actual Total Time": 72.843,
                          "Actual Rows": 26346,
                          "Actual Loops": 5,
                          "Hash Buckets": 262144,
                          "Original Hash Buckets": 262144,
                          "Hash Batches": 1,
                          "Original Hash Batches": 1,
                          "Peak Memory Usage": 7264,
                          "Plans": [
                            {
                              "Node Type": "Seq Scan",
                              "Parent Relationship": "Outer",
                              "Parallel Aware": true,
                              "Relation Name": "movie_companies",
                              "Alias": "mc",
                              "Startup Cost": 0.0,
                              "Total Cost": 31414.82,
                              "Plan Rows": 80110,
                              "Plan Width": 4,
                              "Actual Startup Time": 41.669,
                              "Actual Total Time": 64.906,
                              "Actual Rows": 26346,
                              "Actual Loops": 5,
                              "Filter": "((company_id < 428) AND (company_type_id > 1))",
                              "Rows Removed by Filter": 495479
                            }
                          ]
                        }
                      ]
                    },
                    {
                      "Node Type": "Index Scan",
                      "Parent Relationship": "Inner",
                      "Parallel Aware": false,
                      "Scan Direction": "Forward",
                      "Index Name": "movie_id_cast_info",
                      "Relation Name": "cast_info",
                      "Alias": "ci",
                      "Startup Cost": 0.56,
                      "Total Cost": 2.86,
                      "Plan Rows": 13,
                      "Plan Width": 4,
                      "Actual Startup Time": 0.008,
                      "Actual Total Time": 0.032,
                      "Actual Rows": 7,
                      "Actual Loops": 77394,
                      "Index Cond": "(movie_id = t.id)",
                      "Rows Removed by Index Recheck": 0,
                      "Filter": "(role_id = 1)",
                      "Rows Removed by Filter": 12
                    }
                  ]
                }
              ]
            }
          ]
        }
      ]
    },
    "Planning Time": 1.489,
    "Triggers": [],
    "Execution Time": 813.13
  }
]