[
  {
    "Plan": {
      "Node Type": "Aggregate",
      "Strategy": "Plain",
      "Partial Mode": "Finalize",
      "Parallel Aware": false,
      "Startup Cost": 69789.28,
      "Total Cost": 69789.29,
      "Plan Rows": 1,
      "Plan Width": 8,
      "Actual Startup Time": 176.218,
      "Actual Total Time": 184.229,
      "Actual Rows": 1,
      "Actual Loops": 1,
      "Plans": [
        {
          "Node Type": "Gather",
          "Parent Relationship": "Outer",
          "Parallel Aware": false,
          "Startup Cost": 69788.86,
          "Total Cost": 69789.27,
          "Plan Rows": 4,
          "Plan Width": 8,
          "Actual Startup Time": 174.983,
          "Actual Total Time": 184.221,
          "Actual Rows": 5,
          "Actual Loops": 1,
          "Workers Planned": 4,
          "Workers Launched": 4,
          "Single Copy": false,
          "Plans": [
            {
              "Node Type": "Aggregate",
              "Strategy": "Plain",
              "Partial Mode": "Partial",
              "Parent Relationship": "Outer",
              "Parallel Aware": false,
              "Startup Cost": 68788.86,
              "Total Cost": 68788.87,
              "Plan Rows": 1,
              "Plan Width": 8,
              "Actual Startup Time": 170.184,
              "Actual Total Time": 170.188,
              "Actual Rows": 1,
              "Actual Loops": 5,
              "Plans": [
                {
                  "Node Type": "Hash Join",
                  "Parent Relationship": "Outer",
                  "Parallel Aware": true,
                  "Join Type": "Inner",
                  "Startup Cost": 23102.22,
                  "Total Cost": 68698.29,
                  "Plan Rows": 36229,
                  "Plan Width": 0,
                  "Actual Startup Time": 122.414,
                  "Actual Total Time": 168.7,
                  "Actual Rows": 29450,
                  "Actual Loops": 5,
                  "Inner Unique": false,
                  "Hash Cond": "(t.id = mc.movie_id)",
                  "Plans": [
                    {
                      "Node Type": "Seq Scan",
                      "Parent Relationship": "Outer",
                      "Parallel Aware": true,
                      "Relation Name": "title",
                      "Alias": "t",
                      "Startup Cost": 0.0,
                      "Total Cost": 42318.81,
                      "Plan Rows": 632080,
                      "Plan Width": 4,
                      "Actual Startup Time": 0.009,
                      "Actual Total Time": 63.501,
                      "Actual Rows": 505662,
                      "Actual Loops": 5
                    },
                    {
                      "Node Type": "Hash",
                      "Parent Relationship": "Inner",
                      "Parallel Aware": true,
                      "Startup Cost": 22517.88,
                      "Total Cost": 22517.88,
                      "Plan Rows": 46747,
                      "Plan Width": 4,
                      "Actual Startup Time": 30.365,
                      "Actual Total Time": 30.366,
                      "Actual Rows": 29450,
                      "Actual Loops": 5,
                      "Hash Buckets": 262144,
                      "Original Hash Buckets": 262144,
                      "Hash Batches": 1,
                      "Original Hash Batches": 1,
                      "Peak Memory Usage": 7904,
                      "Plans": [
                        {
                          "Node Type": "Bitmap Heap Scan",
                          "Parent Relationship": "Outer",
                          "Parallel Aware": true,
                          "Relation Name": "movie_companies",
                          "Alias": "mc",
                          "Startup Cost": 3143.54,
                          "Total Cost": 22517.88,
                          "Plan Rows": 46747,
                          "Plan Width": 4,
                          "Actual Startup Time": 5.192,
                          "Actual Total Time": 20.246,
                          "Actual Rows": 29450,
                          "Actual Loops": 5,
                          "Recheck Cond": "(company_id > 133094)",
                          "Rows Removed by Index Recheck": 0,
                          "Exact Heap Blocks": 1315,
                          "Lossy Heap Blocks": 0,
                          "Plans": [
                            {
                              "Node Type": "Bitmap Index Scan",
                              "Parent Relationship": "Outer",
                              "Parallel Aware": false,
                              "Index Name": "company_id_movie_companies",
                              "Startup Cost": 0.0,
                              "Total Cost": 3107.31,
                              "Plan Rows": 144917,
                              "Plan Width": 0,
                              "Actual Startup Time": 7.093,
                              "Actual Total Time": 7.093,
                              "Actual Rows": 147252,
                              "Actual Loops": 1,
                              "Index Cond": "(company_id > 133094)"
                            }
                          ]
                        }
                      ]
                    }
                  ]
                }
              ]
            }
          ]
        }
      ]
    },
    "Planning Time": 0.206,
    "Triggers": [],
    "Execution Time": 184.265
  }
]