[
  {
    "Plan": {
      "Node Type": "Aggregate",
      "Strategy": "Plain",
      "Partial Mode": "Finalize",
      "Parallel Aware": false,
      "Startup Cost": 342470.15,
      "Total Cost": 342470.16,
      "Plan Rows": 1,
      "Plan Width": 8,
      "Actual Startup Time": 885.323,
      "Actual Total Time": 931.564,
      "Actual Rows": 1,
      "Actual Loops": 1,
      "Plans": [
        {
          "Node Type": "Gather",
          "Parent Relationship": "Outer",
          "Parallel Aware": false,
          "Startup Cost": 342469.52,
          "Total Cost": 342470.13,
          "Plan Rows": 6,
          "Plan Width": 8,
          "Actual Startup Time": 885.132,
          "Actual Total Time": 931.551,
          "Actual Rows": 7,
          "Actual Loops": 1,
          "Workers Planned": 6,
          "Workers Launched": 6,
          "Single Copy": false,
          "Plans": [
            {
              "Node Type": "Aggregate",
              "Strategy": "Plain",
              "Partial Mode": "Partial",
              "Parent Relationship": "Outer",
              "Parallel Aware": false,
              "Startup Cost": 341469.52,
              "Total Cost": 341469.53,
              "Plan Rows": 1,
              "Plan Width": 8,
              "Actual Startup Time": 877.942,
              "Actual Total Time": 877.944,
              "Actual Rows": 1,
              "Actual Loops": 7,
              "Plans": [
                {
                  "Node Type": "Seq Scan",
                  "Parent Relationship": "Outer",
                  "Parallel Aware": true,
                  "Relation Name": "cast_info",
                  "Alias": "ci",
                  "Startup Cost": 0.0,
                  "Total Cost": 328211.39,
                  "Plan Rows": 5303252,
                  "Plan Width": 0,
                  "Actual Startup Time": 58.945,
                  "Actual Total Time": 658.557,
                  "Actual Rows": 4521037,
                  "Actual Loops": 7,
                  "Filter": "(person_id > 444619)",
                  "Rows Removed by Filter": 656727
                }
              ]
            }
          ]
        }
      ]
    },
    "Planning Time": 0.097,
    "Triggers": [],
    "Execution Time": 931.609
  }
]