[
  {
    "Plan": {
      "Node Type": "Aggregate",
      "Strategy": "Plain",
      "Partial Mode": "Finalize",
      "Parallel Aware": false,
      "Startup Cost": 47333.64,
      "Total Cost": 47333.65,
      "Plan Rows": 1,
      "Plan Width": 8,
      "Actual Startup Time": 191.362,
      "Actual Total Time": 201.275,
      "Actual Rows": 1,
      "Actual Loops": 1,
      "Plans": [
        {
          "Node Type": "Gather",
          "Parent Relationship": "Outer",
          "Parallel Aware": false,
          "Startup Cost": 47333.33,
          "Total Cost": 47333.64,
          "Plan Rows": 3,
          "Plan Width": 8,
          "Actual Startup Time": 191.253,
          "Actual Total Time": 201.266,
          "Actual Rows": 4,
          "Actual Loops": 1,
          "Workers Planned": 3,
          "Workers Launched": 3,
          "Single Copy": false,
          "Plans": [
            {
              "Node Type": "Aggregate",
              "Strategy": "Plain",
              "Partial Mode": "Partial",
              "Parent Relationship": "Outer",
              "Parallel Aware": false,
              "Startup Cost": 46333.33,
              "Total Cost": 46333.34,
              "Plan Rows": 1,
              "Plan Width": 8,
              "Actual Startup Time": 184.576,
              "Actual Total Time": 184.577,
              "Actual Rows": 1,
              "Actual Loops": 4,
              "Plans": [
                {
                  "Node Type": "Seq Scan",
                  "Parent Relationship": "Outer",
                  "Parallel Aware": true,
                  "Relation Name": "movie_keyword",
                  "Alias": "mk",
                  "Startup Cost": 0.0,
                  "Total Cost": 42695.65,
                  "Plan Rows": 1455069,
                  "Plan Width": 0,
                  "Actual Startup Time": 0.051,
                  "Actual Total Time": 131.611,
                  "Actual Rows": 1127392,
                  "Actual Loops": 4,
                  "Filter": "(keyword_id > 1)",
                  "Rows Removed by Filter": 3591
                }
              ]
            }
          ]
        }
      ]
    },
    "Planning Time": 0.21,
    "Triggers": [],
    "Execution Time": 201.33
  }
]