{
    "Plan": {
        "Node Type": "Aggregate",
        "Strategy": "Plain",
        "Partial Mode": "Simple",
        "Parallel Aware": false,
        "Startup Cost": 90003319140.74,
        "Total Cost": 90003319140.75,
        "Plan Rows": 1,
        "Plan Width": 96,
        "Actual Startup Time": 8358.541,
        "Actual Total Time": 8369.266,
        "Actual Rows": 1,
        "Actual Loops": 1,
        "Output": [
            "min(cn.name)",
            "min(mi_idx.info)",
            "min(t.title)"
        ],
        "Plans": [
            {
                "Node Type": "Nested Loop",
                "Parent Relationship": "Outer",
                "Parallel Aware": false,
                "Join Type": "Inner",
                "Startup Cost": 90003317061.64,
                "Total Cost": 90003319140.74,
                "Plan Rows": 1,
                "Plan Width": 41,
                "Actual Startup Time": 8086.62,
                "Actual Total Time": 8368.923,
                "Actual Rows": 1455,
                "Actual Loops": 1,
                "Output": [
                    "cn.name",
                    "mi_idx.info",
                    "t.title"
                ],
                "Inner Unique": true,
                "Plans": [
                    {
                        "Node Type": "Hash Join",
                        "Parent Relationship": "Outer",
                        "Parallel Aware": false,
                        "Join Type": "Inner",
                        "Startup Cost": 80003317061.49,
                        "Total Cost": 80003319132.56,
                        "Plan Rows": 1,
                        "Plan Width": 45,
                        "Actual Startup Time": 8086.595,
                        "Actual Total Time": 8353.11,
                        "Actual Rows": 4482,
                        "Actual Loops": 1,
                        "Output": [
                            "cn.name",
                            "mi_idx.info",
                            "mi_idx.info_type_id",
                            "t.title"
                        ],
                        "Inner Unique": false,
                        "Hash Cond": "(t.id = mi.movie_id)",
                        "Plans": [
                            {
                                "Node Type": "Merge Join",
                                "Parent Relationship": "Outer",
                                "Parallel Aware": false,
                                "Join Type": "Inner",
                                "Startup Cost": 30000428853.53,
                                "Total Cost": 30000430923.7,
                                "Plan Rows": 64,
                                "Plan Width": 38,
                                "Actual Startup Time": 4400.316,
                                "Actual Total Time": 4652.783,
                                "Actual Rows": 32560,
                                "Actual Loops": 1,
                                "Output": [
                                    "mk.movie_id",
                                    "mi_idx.info",
                                    "mi_idx.movie_id",
                                    "mi_idx.info_type_id",
                                    "t.title",
                                    "t.id"
                                ],
                                "Inner Unique": false,
                                "Merge Cond": "(k.id = mk.keyword_id)",
                                "Plans": [
                                    {
                                        "Node Type": "Sort",
                                        "Parent Relationship": "Outer",
                                        "Parallel Aware": false,
                                        "Startup Cost": 2961.59,
                                        "Total Cost": 2961.6,
                                        "Plan Rows": 4,
                                        "Plan Width": 4,
                                        "Actual Startup Time": 14.78,
                                        "Actual Total Time": 14.785,
                                        "Actual Rows": 3,
                                        "Actual Loops": 1,
                                        "Output": [
                                            "k.id"
                                        ],
                                        "Sort Key": [
                                            "k.id"
                                        ],
                                        "Sort Method": "quicksort",
                                        "Sort Space Used": 25,
                                        "Sort Space Type": "Memory",
                                        "Plans": [
                                            {
                                                "Node Type": "Seq Scan",
                                                "Parent Relationship": "Outer",
                                                "Parallel Aware": false,
                                                "Relation Name": "keyword",
                                                "Schema": "public",
                                                "Alias": "k",
                                                "Startup Cost": 0.0,
                                                "Total Cost": 2961.55,
                                                "Plan Rows": 4,
                                                "Plan Width": 4,
                                                "Actual Startup Time": 0.743,
                                                "Actual Total Time": 14.772,
                                                "Actual Rows": 3,
                                                "Actual Loops": 1,
                                                "Output": [
                                                    "k.id"
                                                ],
                                                "Filter": "(k.keyword = ANY ('{murder,murder-in-title,blood,violence}'::text[]))",
                                                "Rows Removed by Filter": 134167
                                            }
                                        ]
                                    },
                                    {
                                        "Node Type": "Sort",
                                        "Parent Relationship": "Inner",
                                        "Parallel Aware": false,
                                        "Startup Cost": 30000425891.94,
                                        "Total Cost": 30000426926.95,
                                        "Plan Rows": 414007,
                                        "Plan Width": 42,
                                        "Actual Startup Time": 4337.821,
                                        "Actual Total Time": 4513.098,
                                        "Actual Rows": 685124,
                                        "Actual Loops": 1,
                                        "Output": [
                                            "t.title",
                                            "t.id",
                                            "mi_idx.info",
                                            "mi_idx.movie_id",
                                            "mi_idx.info_type_id",
                                            "mk.movie_id",
                                            "mk.keyword_id"
                                        ],
                                        "Sort Key": [
                                            "mk.keyword_id"
                                        ],
                                        "Sort Method": "quicksort",
                                        "Sort Space Used": 447350,
                                        "Sort Space Type": "Memory",
                                        "Plans": [
                                            {
                                                "Node Type": "Merge Join",
                                                "Parent Relationship": "Outer",
                                                "Parallel Aware": false,
                                                "Join Type": "Inner",
                                                "Startup Cost": 30000193484.1,
                                                "Total Cost": 30000387266.54,
                                                "Plan Rows": 414007,
                                                "Plan Width": 42,
                                                "Actual Startup Time": 1794.95,
                                                "Actual Total Time": 3324.954,
                                                "Actual Rows": 3735018,
                                                "Actual Loops": 1,
                                                "Output": [
                                                    "t.title",
                                                    "t.id",
                                                    "mi_idx.info",
                                                    "mi_idx.movie_id",
                                                    "mi_idx.info_type_id",
                                                    "mk.movie_id",
                                                    "mk.keyword_id"
                                                ],
                                                "Inner Unique": false,
                                                "Merge Cond": "(t.id = mk.movie_id)",
                                                "Plans": [
                                                    {
                                                        "Node Type": "Sort",
                                                        "Parent Relationship": "Outer",
                                                        "Parallel Aware": false,
                                                        "Startup Cost": 20000193483.43,
                                                        "Total Cost": 20000194061.88,
                                                        "Plan Rows": 231379,
                                                        "Plan Width": 34,
                                                        "Actual Startup Time": 1794.903,
                                                        "Actual Total Time": 1824.735,
                                                        "Actual Rows": 532198,
                                                        "Actual Loops": 1,
                                                        "Output": [
                                                            "t.title",
                                                            "t.id",
                                                            "mi_idx.info",
                                                            "mi_idx.movie_id",
                                                            "mi_idx.info_type_id"
                                                        ],
                                                        "Sort Key": [
                                                            "t.id"
                                                        ],
                                                        "Sort Method": "quicksort",
                                                        "Sort Space Used": 69720,
                                                        "Sort Space Type": "Memory",
                                                        "Plans": [
                                                            {
                                                                "Node Type": "Hash Join",
                                                                "Parent Relationship": "Outer",
                                                                "Parallel Aware": false,
                                                                "Join Type": "Inner",
                                                                "Startup Cost": 20000168711.65,
                                                                "Total Cost": 20000172867.68,
                                                                "Plan Rows": 231379,
                                                                "Plan Width": 34,
                                                                "Actual Startup Time": 1608.133,
                                                                "Actual Total Time": 1668.354,
                                                                "Actual Rows": 532198,
                                                                "Actual Loops": 1,
                                                                "Output": [
                                                                    "t.title",
                                                                    "t.id",
                                                                    "mi_idx.info",
                                                                    "mi_idx.movie_id",
                                                                    "mi_idx.info_type_id"
                                                                ],
                                                                "Inner Unique": false,
                                                                "Hash Cond": "(kt.id = t.kind_id)",
                                                                "Plans": [
                                                                    {
                                                                        "Node Type": "Seq Scan",
                                                                        "Parent Relationship": "Outer",
                                                                        "Parallel Aware": false,
                                                                        "Relation Name": "kind_type",
                                                                        "Schema": "public",
                                                                        "Alias": "kt",
                                                                        "Startup Cost": 10000000000.0,
                                                                        "Total Cost": 10000000001.09,
                                                                        "Plan Rows": 2,
                                                                        "Plan Width": 4,
                                                                        "Actual Startup Time": 0.011,
                                                                        "Actual Total Time": 0.024,
                                                                        "Actual Rows": 2,
                                                                        "Actual Loops": 1,
                                                                        "Output": [
                                                                            "kt.id",
                                                                            "kt.kind"
                                                                        ],
                                                                        "Filter": "((kt.kind)::text = ANY ('{movie,episode}'::text[]))",
                                                                        "Rows Removed by Filter": 5
                                                                    },
                                                                    {
                                                                        "Node Type": "Hash",
                                                                        "Parent Relationship": "Inner",
                                                                        "Parallel Aware": false,
                                                                        "Startup Cost": 10000158588.8,
                                                                        "Total Cost": 10000158588.8,
                                                                        "Plan Rows": 809828,
                                                                        "Plan Width": 38,
                                                                        "Actual Startup Time": 1606.819,
                                                                        "Actual Total Time": 1606.824,
                                                                        "Actual Rows": 733358,
                                                                        "Actual Loops": 1,
                                                                        "Output": [
                                                                            "mi_idx.info",
                                                                            "mi_idx.movie_id",
                                                                            "mi_idx.info_type_id",
                                                                            "t.title",
                                                                            "t.kind_id",
                                                                            "t.id"
                                                                        ],
                                                                        "Hash Buckets": 1048576,
                                                                        "Original Hash Buckets": 1048576,
                                                                        "Hash Batches": 1,
                                                                        "Original Hash Batches": 1,
                                                                        "Peak Memory Usage": 61977,
                                                                        "Plans": [
                                                                            {
                                                                                "Node Type": "Hash Join",
                                                                                "Parent Relationship": "Outer",
                                                                                "Parallel Aware": false,
                                                                                "Join Type": "Inner",
                                                                                "Startup Cost": 10000086714.22,
                                                                                "Total Cost": 10000158588.8,
                                                                                "Plan Rows": 809828,
                                                                                "Plan Width": 38,
                                                                                "Actual Startup Time": 811.901,
                                                                                "Actual Total Time": 1470.762,
                                                                                "Actual Rows": 733358,
                                                                                "Actual Loops": 1,
                                                                                "Output": [
                                                                                    "mi_idx.info",
                                                                                    "mi_idx.movie_id",
                                                                                    "mi_idx.info_type_id",
                                                                                    "t.title",
                                                                                    "t.kind_id",
                                                                                    "t.id"
                                                                                ],
                                                                                "Inner Unique": false,
                                                                                "Hash Cond": "(mi_idx.movie_id = t.id)",
                                                                                "Plans": [
                                                                                    {
                                                                                        "Node Type": "Index Scan",
                                                                                        "Parent Relationship": "Outer",
                                                                                        "Parallel Aware": false,
                                                                                        "Scan Direction": "Forward",
                                                                                        "Index Name": "movie_id_movie_info_idx",
                                                                                        "Relation Name": "movie_info_idx",
                                                                                        "Schema": "public",
                                                                                        "Alias": "mi_idx",
                                                                                        "Startup Cost": 10000000000.43,
                                                                                        "Total Cost": 10000057080.9,
                                                                                        "Plan Rows": 1339166,
                                                                                        "Plan Width": 13,
                                                                                        "Actual Startup Time": 0.042,
                                                                                        "Actual Total Time": 285.291,
                                                                                        "Actual Rows": 1337634,
                                                                                        "Actual Loops": 1,
                                                                                        "Output": [
                                                                                            "mi_idx.id",
                                                                                            "mi_idx.movie_id",
                                                                                            "mi_idx.info_type_id",
                                                                                            "mi_idx.info",
                                                                                            "mi_idx.note"
                                                                                        ],
                                                                                        "Filter": "(mi_idx.info < '8.5'::text)",
                                                                                        "Rows Removed by Filter": 42401
                                                                                    },
                                                                                    {
                                                                                        "Node Type": "Hash",
                                                                                        "Parent Relationship": "Inner",
                                                                                        "Parallel Aware": false,
                                                                                        "Startup Cost": 67602.02,
                                                                                        "Total Cost": 67602.02,
                                                                                        "Plan Rows": 1528941,
                                                                                        "Plan Width": 25,
                                                                                        "Actual Startup Time": 808.89,
                                                                                        "Actual Total Time": 808.892,
                                                                                        "Actual Rows": 1531613,
                                                                                        "Actual Loops": 1,
                                                                                        "Output": [
                                                                                            "t.title",
                                                                                            "t.kind_id",
                                                                                            "t.id"
                                                                                        ],
                                                                                        "Hash Buckets": 2097152,
                                                                                        "Original Hash Buckets": 2097152,
                                                                                        "Hash Batches": 1,
                                                                                        "Original Hash Batches": 1,
                                                                                        "Peak Memory Usage": 104352,
                                                                                        "Plans": [
                                                                                            {
                                                                                                "Node Type": "Seq Scan",
                                                                                                "Parent Relationship": "Outer",
                                                                                                "Parallel Aware": false,
                                                                                                "Relation Name": "title",
                                                                                                "Schema": "public",
                                                                                                "Alias": "t",
                                                                                                "Startup Cost": 0.0,
                                                                                                "Total Cost": 67602.02,
                                                                                                "Plan Rows": 1528941,
                                                                                                "Plan Width": 25,
                                                                                                "Actual Startup Time": 0.017,
                                                                                                "Actual Total Time": 356.317,
                                                                                                "Actual Rows": 1531613,
                                                                                                "Actual Loops": 1,
                                                                                                "Output": [
                                                                                                    "t.title",
                                                                                                    "t.kind_id",
                                                                                                    "t.id"
                                                                                                ],
                                                                                                "Filter": "(t.production_year > 1997)",
                                                                                                "Rows Removed by Filter": 996699
                                                                                            }
                                                                                        ]
                                                                                    }
                                                                                ]
                                                                            }
                                                                        ]
                                                                    }
                                                                ]
                                                            }
                                                        ]
                                                    },
                                                    {
                                                        "Node Type": "Index Scan",
                                                        "Parent Relationship": "Inner",
                                                        "Parallel Aware": false,
                                                        "Scan Direction": "Forward",
                                                        "Index Name": "movie_id_movie_keyword",
                                                        "Relation Name": "movie_keyword",
                                                        "Schema": "public",
                                                        "Alias": "mk",
                                                        "Startup Cost": 10000000000.43,
                                                        "Total Cost": 10000177177.46,
                                                        "Plan Rows": 4523930,
                                                        "Plan Width": 8,
                                                        "Actual Startup Time": 0.035,
                                                        "Actual Total Time": 819.245,
                                                        "Actual Rows": 6969099,
                                                        "Actual Loops": 1,
                                                        "Output": [
                                                            "mk.id",
                                                            "mk.movie_id",
                                                            "mk.keyword_id"
                                                        ]
                                                    }
                                                ]
                                            }
                                        ]
                                    }
                                ]
                            },
                            {
                                "Node Type": "Hash",
                                "Parent Relationship": "Inner",
                                "Parallel Aware": false,
                                "Startup Cost": 50002888207.13,
                                "Total Cost": 50002888207.13,
                                "Plan Rows": 67,
                                "Plan Width": 31,
                                "Actual Startup Time": 3686.198,
                                "Actual Total Time": 3696.907,
                                "Actual Rows": 2544,
                                "Actual Loops": 1,
                                "Output": [
                                    "cc.movie_id",
                                    "mc.movie_id",
                                    "cn.name",
                                    "mi.movie_id"
                                ],
                                "Hash Buckets": 4096,
                                "Original Hash Buckets": 1024,
                                "Hash Batches": 1,
                                "Original Hash Batches": 1,
                                "Peak Memory Usage": 190,
                                "Plans": [
                                    {
                                        "Node Type": "Hash Join",
                                        "Parent Relationship": "Outer",
                                        "Parallel Aware": false,
                                        "Join Type": "Inner",
                                        "Startup Cost": 50002888067.15,
                                        "Total Cost": 50002888207.13,
                                        "Plan Rows": 67,
                                        "Plan Width": 31,
                                        "Actual Startup Time": 3681.745,
                                        "Actual Total Time": 3696.477,
                                        "Actual Rows": 2544,
                                        "Actual Loops": 1,
                                        "Output": [
                                            "cc.movie_id",
                                            "mc.movie_id",
                                            "cn.name",
                                            "mi.movie_id"
                                        ],
                                        "Inner Unique": true,
                                        "Hash Cond": "(mi.info_type_id = it1.id)",
                                        "Plans": [
                                            {
                                                "Node Type": "Hash Join",
                                                "Parent Relationship": "Outer",
                                                "Parallel Aware": false,
                                                "Join Type": "Inner",
                                                "Startup Cost": 40002888053.01,
                                                "Total Cost": 40002888172.28,
                                                "Plan Rows": 7607,
                                                "Plan Width": 35,
                                                "Actual Startup Time": 3681.678,
                                                "Actual Total Time": 3694.93,
                                                "Actual Rows": 23759,
                                                "Actual Loops": 1,
                                                "Output": [
                                                    "cc.movie_id",
                                                    "mc.movie_id",
                                                    "cn.name",
                                                    "mi.movie_id",
                                                    "mi.info_type_id"
                                                ],
                                                "Inner Unique": false,
                                                "Hash Cond": "(cct2.id = cc.status_id)",
                                                "Plans": [
                                                    {
                                                        "Node Type": "Index Scan",
                                                        "Parent Relationship": "Outer",
                                                        "Parallel Aware": false,
                                                        "Scan Direction": "Forward",
                                                        "Index Name": "comp_cast_type_pkey",
                                                        "Relation Name": "comp_cast_type",
                                                        "Schema": "public",
                                                        "Alias": "cct2",
                                                        "Startup Cost": 10000000000.13,
                                                        "Total Cost": 10000000012.2,
                                                        "Plan Rows": 3,
                                                        "Plan Width": 4,
                                                        "Actual Startup Time": 0.054,
                                                        "Actual Total Time": 0.063,
                                                        "Actual Rows": 3,
                                                        "Actual Loops": 1,
                                                        "Output": [
                                                            "cct2.id",
                                                            "cct2.kind"
                                                        ],
                                                        "Filter": "((cct2.kind)::text <> 'complete+verified'::text)",
                                                        "Rows Removed by Filter": 1
                                                    },
                                                    {
                                                        "Node Type": "Hash",
                                                        "Parent Relationship": "Inner",
                                                        "Parallel Aware": false,
                                                        "Startup Cost": 30002887926.11,
                                                        "Total Cost": 30002887926.11,
                                                        "Plan Rows": 10142,
                                                        "Plan Width": 39,
                                                        "Actual Startup Time": 3681.589,
                                                        "Actual Total Time": 3692.292,
                                                        "Actual Rows": 42520,
                                                        "Actual Loops": 1,
                                                        "Output": [
                                                            "cc.movie_id",
                                                            "cc.status_id",
                                                            "mc.movie_id",
                                                            "cn.name",
                                                            "mi.movie_id",
                                                            "mi.info_type_id"
                                                        ],
                                                        "Hash Buckets": 65536,
                                                        "Original Hash Buckets": 16384,
                                                        "Hash Batches": 1,
                                                        "Original Hash Batches": 1,
                                                        "Peak Memory Usage": 3576,
                                                        "Plans": [
                                                            {
                                                                "Node Type": "Gather",
                                                                "Parent Relationship": "Outer",
                                                                "Parallel Aware": false,
                                                                "Startup Cost": 30002826659.84,
                                                                "Total Cost": 30002887926.11,
                                                                "Plan Rows": 10142,
                                                                "Plan Width": 39,
                                                                "Actual Startup Time": 3359.026,
                                                                "Actual Total Time": 3682.395,
                                                                "Actual Rows": 42520,
                                                                "Actual Loops": 1,
                                                                "Output": [
                                                                    "cc.movie_id",
                                                                    "cc.status_id",
                                                                    "mc.movie_id",
                                                                    "cn.name",
                                                                    "mi.movie_id",
                                                                    "mi.info_type_id"
                                                                ],
                                                                "Workers Planned": 1,
                                                                "Workers Launched": 1,
                                                                "Single Copy": false,
                                                                "Plans": [
                                                                    {
                                                                        "Node Type": "Hash Join",
                                                                        "Parent Relationship": "Outer",
                                                                        "Parallel Aware": true,
                                                                        "Join Type": "Inner",
                                                                        "Startup Cost": 30002825659.84,
                                                                        "Total Cost": 30002885911.91,
                                                                        "Plan Rows": 5966,
                                                                        "Plan Width": 39,
                                                                        "Actual Startup Time": 3352.374,
                                                                        "Actual Total Time": 3628.141,
                                                                        "Actual Rows": 21260,
                                                                        "Actual Loops": 2,
                                                                        "Output": [
                                                                            "cc.movie_id",
                                                                            "cc.status_id",
                                                                            "mc.movie_id",
                                                                            "cn.name",
                                                                            "mi.movie_id",
                                                                            "mi.info_type_id"
                                                                        ],
                                                                        "Inner Unique": false,
                                                                        "Hash Cond": "(mc.movie_id = mi.movie_id)",
                                                                        "Workers": [
                                                                            {
                                                                                "Worker Number": 0,
                                                                                "Actual Startup Time": 3346.186,
                                                                                "Actual Total Time": 3595.758,
                                                                                "Actual Rows": 20197,
                                                                                "Actual Loops": 1
                                                                            }
                                                                        ],
                                                                        "Plans": [
                                                                            {
                                                                                "Node Type": "Nested Loop",
                                                                                "Parent Relationship": "Outer",
                                                                                "Parallel Aware": false,
                                                                                "Join Type": "Inner",
                                                                                "Startup Cost": 30001891179.14,
                                                                                "Total Cost": 30001946977.59,
                                                                                "Plan Rows": 3278,
                                                                                "Plan Width": 31,
                                                                                "Actual Startup Time": 364.71,
                                                                                "Actual Total Time": 625.939,
                                                                                "Actual Rows": 13310,
                                                                                "Actual Loops": 2,
                                                                                "Output": [
                                                                                    "cc.movie_id",
                                                                                    "cc.status_id",
                                                                                    "mc.movie_id",
                                                                                    "cn.name"
                                                                                ],
                                                                                "Inner Unique": true,
                                                                                "Workers": [
                                                                                    {
                                                                                        "Worker Number": 0,
                                                                                        "Actual Startup Time": 364.72,
                                                                                        "Actual Total Time": 601.676,
                                                                                        "Actual Rows": 12454,
                                                                                        "Actual Loops": 1
                                                                                    }
                                                                                ],
                                                                                "Plans": [
                                                                                    {
                                                                                        "Node Type": "Hash Join",
                                                                                        "Parent Relationship": "Outer",
                                                                                        "Parallel Aware": false,
                                                                                        "Join Type": "Inner",
                                                                                        "Startup Cost": 20001891179.01,
                                                                                        "Total Cost": 20001892484.87,
                                                                                        "Plan Rows": 13114,
                                                                                        "Plan Width": 35,
                                                                                        "Actual Startup Time": 364.636,
                                                                                        "Actual Total Time": 454.457,
                                                                                        "Actual Rows": 47408,
                                                                                        "Actual Loops": 2,
                                                                                        "Output": [
                                                                                            "cc.movie_id",
                                                                                            "cc.subject_id",
                                                                                            "cc.status_id",
                                                                                            "mc.movie_id",
                                                                                            "cn.name"
                                                                                        ],
                                                                                        "Inner Unique": false,
                                                                                        "Hash Cond": "(mc.movie_id = cc.movie_id)",
                                                                                        "Workers": [
                                                                                            {
                                                                                                "Worker Number": 0,
                                                                                                "Actual Startup Time": 364.652,
                                                                                                "Actual Total Time": 444.628,
                                                                                                "Actual Rows": 44629,
                                                                                                "Actual Loops": 1
                                                                                            }
                                                                                        ],
                                                                                        "Plans": [
                                                                                            {
                                                                                                "Node Type": "Merge Join",
                                                                                                "Parent Relationship": "Outer",
                                                                                                "Parallel Aware": false,
                                                                                                "Join Type": "Inner",
                                                                                                "Startup Cost": 20001885325.72,
                                                                                                "Total Cost": 20001886265.5,
                                                                                                "Plan Rows": 46989,
                                                                                                "Plan Width": 23,
                                                                                                "Actual Startup Time": 304.015,
                                                                                                "Actual Total Time": 347.812,
                                                                                                "Actual Rows": 124194,
                                                                                                "Actual Loops": 2,
                                                                                                "Output": [
                                                                                                    "cn.name",
                                                                                                    "mc.movie_id"
                                                                                                ],
                                                                                                "Inner Unique": false,
                                                                                                "Merge Cond": "(mc.company_type_id = ct.id)",
                                                                                                "Workers": [
                                                                                                    {
                                                                                                        "Worker Number": 0,
                                                                                                        "Actual Startup Time": 304.062,
                                                                                                        "Actual Total Time": 343.156,
                                                                                                        "Actual Rows": 111618,
                                                                                                        "Actual Loops": 1
                                                                                                    }
                                                                                                ],
                                                                                                "Plans": [
                                                                                                    {
                                                                                                        "Node Type": "Sort",
                                                                                                        "Parent Relationship": "Outer",
                                                                                                        "Parallel Aware": false,
                                                                                                        "Startup Cost": 20001885324.64,
                                                                                                        "Total Cost": 20001885442.11,
                                                                                                        "Plan Rows": 46989,
                                                                                                        "Plan Width": 27,
                                                                                                        "Actual Startup Time": 303.956,
                                                                                                        "Actual Total Time": 314.527,
                                                                                                        "Actual Rows": 124194,
                                                                                                        "Actual Loops": 2,
                                                                                                        "Output": [
                                                                                                            "cn.name",
                                                                                                            "mc.movie_id",
                                                                                                            "mc.company_type_id"
                                                                                                        ],
                                                                                                        "Sort Key": [
                                                                                                            "mc.company_type_id"
                                                                                                        ],
                                                                                                        "Sort Method": "quicksort",
                                                                                                        "Sort Space Used": 16219,
                                                                                                        "Sort Space Type": "Memory",
                                                                                                        "Workers": [
                                                                                                            {
                                                                                                                "Worker Number": 0,
                                                                                                                "Actual Startup Time": 303.986,
                                                                                                                "Actual Total Time": 313.791,
                                                                                                                "Actual Rows": 111618,
                                                                                                                "Actual Loops": 1
                                                                                                            }
                                                                                                        ],
                                                                                                        "Plans": [
                                                                                                            {
                                                                                                                "Node Type": "Hash Join",
                                                                                                                "Parent Relationship": "Outer",
                                                                                                                "Parallel Aware": true,
                                                                                                                "Join Type": "Inner",
                                                                                                                "Startup Cost": 20000032015.04,
                                                                                                                "Total Cost": 20001881678.29,
                                                                                                                "Plan Rows": 46989,
                                                                                                                "Plan Width": 27,
                                                                                                                "Actual Startup Time": 229.729,
                                                                                                                "Actual Total Time": 283.724,
                                                                                                                "Actual Rows": 124194,
                                                                                                                "Actual Loops": 2,
                                                                                                                "Output": [
                                                                                                                    "cn.name",
                                                                                                                    "mc.movie_id",
                                                                                                                    "mc.company_type_id"
                                                                                                                ],
                                                                                                                "Inner Unique": false,
                                                                                                                "Hash Cond": "(cn.id = mc.company_id)",
                                                                                                                "Workers": [
                                                                                                                    {
                                                                                                                        "Worker Number": 0,
                                                                                                                        "Actual Startup Time": 229.727,
                                                                                                                        "Actual Total Time": 281.78,
                                                                                                                        "Actual Rows": 111618,
                                                                                                                        "Actual Loops": 1
                                                                                                                    }
                                                                                                                ],
                                                                                                                "Plans": [
                                                                                                                    {
                                                                                                                        "Node Type": "Seq Scan",
                                                                                                                        "Parent Relationship": "Outer",
                                                                                                                        "Parallel Aware": true,
                                                                                                                        "Relation Name": "company_name",
                                                                                                                        "Schema": "public",
                                                                                                                        "Alias": "cn",
                                                                                                                        "Startup Cost": 10000000000.0,
                                                                                                                        "Total Cost": 10000004722.92,
                                                                                                                        "Plan Rows": 74181,
                                                                                                                        "Plan Width": 23,
                                                                                                                        "Actual Startup Time": 0.017,
                                                                                                                        "Actual Total Time": 17.491,
                                                                                                                        "Actual Rows": 63115,
                                                                                                                        "Actual Loops": 2,
                                                                                                                        "Output": [
                                                                                                                            "cn.id",
                                                                                                                            "cn.name",
                                                                                                                            "cn.country_code",
                                                                                                                            "cn.imdb_id",
                                                                                                                            "cn.name_pcode_nf",
                                                                                                                            "cn.name_pcode_sf",
                                                                                                                            "cn.md5sum"
                                                                                                                        ],
                                                                                                                        "Filter": "((cn.country_code)::text <> '[us]'::text)",
                                                                                                                        "Rows Removed by Filter": 54384,
                                                                                                                        "Workers": [
                                                                                                                            {
                                                                                                                                "Worker Number": 0,
                                                                                                                                "Actual Startup Time": 0.025,
                                                                                                                                "Actual Total Time": 18.016,
                                                                                                                                "Actual Rows": 60727,
                                                                                                                                "Actual Loops": 1
                                                                                                                            }
                                                                                                                        ]
                                                                                                                    },
                                                                                                                    {
                                                                                                                        "Node Type": "Hash",
                                                                                                                        "Parent Relationship": "Inner",
                                                                                                                        "Parallel Aware": true,
                                                                                                                        "Startup Cost": 10000031414.82,
                                                                                                                        "Total Cost": 10000031414.82,
                                                                                                                        "Plan Rows": 48018,
                                                                                                                        "Plan Width": 12,
                                                                                                                        "Actual Startup Time": 229.121,
                                                                                                                        "Actual Total Time": 229.123,
                                                                                                                        "Actual Rows": 151636,
                                                                                                                        "Actual Loops": 2,
                                                                                                                        "Output": [
                                                                                                                            "mc.movie_id",
                                                                                                                            "mc.company_type_id",
                                                                                                                            "mc.company_id"
                                                                                                                        ],
                                                                                                                        "Hash Buckets": 524288,
                                                                                                                        "Original Hash Buckets": 262144,
                                                                                                                        "Hash Batches": 1,
                                                                                                                        "Original Hash Batches": 1,
                                                                                                                        "Peak Memory Usage": 20384,
                                                                                                                        "Workers": [
                                                                                                                            {
                                                                                                                                "Worker Number": 0,
                                                                                                                                "Actual Startup Time": 229.647,
                                                                                                                                "Actual Total Time": 229.649,
                                                                                                                                "Actual Rows": 149331,
                                                                                                                                "Actual Loops": 1
                                                                                                                            }
                                                                                                                        ],
                                                                                                                        "Plans": [
                                                                                                                            {
                                                                                                                                "Node Type": "Seq Scan",
                                                                                                                                "Parent Relationship": "Outer",
                                                                                                                                "Parallel Aware": true,
                                                                                                                                "Relation Name": "movie_companies",
                                                                                                                                "Schema": "public",
                                                                                                                                "Alias": "mc",
                                                                                                                                "Startup Cost": 10000000000.0,
                                                                                                                                "Total Cost": 10000031414.82,
                                                                                                                                "Plan Rows": 48018,
                                                                                                                                "Plan Width": 12,
                                                                                                                                "Actual Startup Time": 0.035,
                                                                                                                                "Actual Total Time": 187.741,
                                                                                                                                "Actual Rows": 151636,
                                                                                                                                "Actual Loops": 2,
                                                                                                                                "Output": [
                                                                                                                                    "mc.movie_id",
                                                                                                                                    "mc.company_type_id",
                                                                                                                                    "mc.company_id"
                                                                                                                                ],
                                                                                                                                "Filter": "((mc.note !~~ '%(USA)%'::text) AND (mc.note ~~ '%(200%)%'::text))",
                                                                                                                                "Rows Removed by Filter": 1152929,
                                                                                                                                "Workers": [
                                                                                                                                    {
                                                                                                                                        "Worker Number": 0,
                                                                                                                                        "Actual Startup Time": 0.045,
                                                                                                                                        "Actual Total Time": 187.526,
                                                                                                                                        "Actual Rows": 149331,
                                                                                                                                        "Actual Loops": 1
                                                                                                                                    }
                                                                                                                                ]
                                                                                                                            }
                                                                                                                        ]
                                                                                                                    }
                                                                                                                ]
                                                                                                            }
                                                                                                        ]
                                                                                                    },
                                                                                                    {
                                                                                                        "Node Type": "Sort",
                                                                                                        "Parent Relationship": "Inner",
                                                                                                        "Parallel Aware": false,
                                                                                                        "Startup Cost": 1.08,
                                                                                                        "Total Cost": 1.09,
                                                                                                        "Plan Rows": 4,
                                                                                                        "Plan Width": 4,
                                                                                                        "Actual Startup Time": 0.052,
                                                                                                        "Actual Total Time": 7.576,
                                                                                                        "Actual Rows": 124195,
                                                                                                        "Actual Loops": 2,
                                                                                                        "Output": [
                                                                                                            "ct.id"
                                                                                                        ],
                                                                                                        "Sort Key": [
                                                                                                            "ct.id"
                                                                                                        ],
                                                                                                        "Sort Method": "quicksort",
                                                                                                        "Sort Space Used": 25,
                                                                                                        "Sort Space Type": "Memory",
                                                                                                        "Workers": [
                                                                                                            {
                                                                                                                "Worker Number": 0,
                                                                                                                "Actual Startup Time": 0.07,
                                                                                                                "Actual Total Time": 6.568,
                                                                                                                "Actual Rows": 111619,
                                                                                                                "Actual Loops": 1
                                                                                                            }
                                                                                                        ],
                                                                                                        "Plans": [
                                                                                                            {
                                                                                                                "Node Type": "Seq Scan",
                                                                                                                "Parent Relationship": "Outer",
                                                                                                                "Parallel Aware": false,
                                                                                                                "Relation Name": "company_type",
                                                                                                                "Schema": "public",
                                                                                                                "Alias": "ct",
                                                                                                                "Startup Cost": 0.0,
                                                                                                                "Total Cost": 1.04,
                                                                                                                "Plan Rows": 4,
                                                                                                                "Plan Width": 4,
                                                                                                                "Actual Startup Time": 0.039,
                                                                                                                "Actual Total Time": 0.04,
                                                                                                                "Actual Rows": 4,
                                                                                                                "Actual Loops": 2,
                                                                                                                "Output": [
                                                                                                                    "ct.id"
                                                                                                                ],
                                                                                                                "Workers": [
                                                                                                                    {
                                                                                                                        "Worker Number": 0,
                                                                                                                        "Actual Startup Time": 0.059,
                                                                                                                        "Actual Total Time": 0.06,
                                                                                                                        "Actual Rows": 4,
                                                                                                                        "Actual Loops": 1
                                                                                                                    }
                                                                                                                ]
                                                                                                            }
                                                                                                        ]
                                                                                                    }
                                                                                                ]
                                                                                            },
                                                                                            {
                                                                                                "Node Type": "Hash",
                                                                                                "Parent Relationship": "Inner",
                                                                                                "Parallel Aware": false,
                                                                                                "Startup Cost": 4164.71,
                                                                                                "Total Cost": 4164.71,
                                                                                                "Plan Rows": 135086,
                                                                                                "Plan Width": 12,
                                                                                                "Actual Startup Time": 59.715,
                                                                                                "Actual Total Time": 59.716,
                                                                                                "Actual Rows": 135086,
                                                                                                "Actual Loops": 2,
                                                                                                "Output": [
                                                                                                    "cc.movie_id",
                                                                                                    "cc.subject_id",
                                                                                                    "cc.status_id"
                                                                                                ],
                                                                                                "Hash Buckets": 262144,
                                                                                                "Original Hash Buckets": 262144,
                                                                                                "Hash Batches": 1,
                                                                                                "Original Hash Batches": 1,
                                                                                                "Peak Memory Usage": 7853,
                                                                                                "Workers": [
                                                                                                    {
                                                                                                        "Worker Number": 0,
                                                                                                        "Actual Startup Time": 59.359,
                                                                                                        "Actual Total Time": 59.36,
                                                                                                        "Actual Rows": 135086,
                                                                                                        "Actual Loops": 1
                                                                                                    }
                                                                                                ],
                                                                                                "Plans": [
                                                                                                    {
                                                                                                        "Node Type": "Index Scan",
                                                                                                        "Parent Relationship": "Outer",
                                                                                                        "Parallel Aware": false,
                                                                                                        "Scan Direction": "Forward",
                                                                                                        "Index Name": "subject_id_complete_cast",
                                                                                                        "Relation Name": "complete_cast",
                                                                                                        "Schema": "public",
                                                                                                        "Alias": "cc",
                                                                                                        "Startup Cost": 0.42,
                                                                                                        "Total Cost": 4164.71,
                                                                                                        "Plan Rows": 135086,
                                                                                                        "Plan Width": 12,
                                                                                                        "Actual Startup Time": 0.102,
                                                                                                        "Actual Total Time": 36.807,
                                                                                                        "Actual Rows": 135086,
                                                                                                        "Actual Loops": 2,
                                                                                                        "Output": [
                                                                                                            "cc.movie_id",
                                                                                                            "cc.subject_id",
                                                                                                            "cc.status_id"
                                                                                                        ],
                                                                                                        "Workers": [
                                                                                                            {
                                                                                                                "Worker Number": 0,
                                                                                                                "Actual Startup Time": 0.12,
                                                                                                                "Actual Total Time": 33.295,
                                                                                                                "Actual Rows": 135086,
                                                                                                                "Actual Loops": 1
                                                                                                            }
                                                                                                        ]
                                                                                                    }
                                                                                                ]
                                                                                            }
                                                                                        ]
                                                                                    },
                                                                                    {
                                                                                        "Node Type": "Bitmap Heap Scan",
                                                                                        "Parent Relationship": "Inner",
                                                                                        "Parallel Aware": false,
                                                                                        "Relation Name": "comp_cast_type",
                                                                                        "Schema": "public",
                                                                                        "Alias": "cct1",
                                                                                        "Startup Cost": 0.14,
                                                                                        "Total Cost": 4.15,
                                                                                        "Plan Rows": 1,
                                                                                        "Plan Width": 4,
                                                                                        "Actual Startup Time": 0.002,
                                                                                        "Actual Total Time": 0.002,
                                                                                        "Actual Rows": 0,
                                                                                        "Actual Loops": 94816,
                                                                                        "Output": [
                                                                                            "cct1.id",
                                                                                            "cct1.kind"
                                                                                        ],
                                                                                        "Recheck Cond": "(cct1.id = cc.subject_id)",
                                                                                        "Rows Removed by Index Recheck": 0,
                                                                                        "Filter": "((cct1.kind)::text = 'crew'::text)",
                                                                                        "Rows Removed by Filter": 1,
                                                                                        "Exact Heap Blocks": 50187,
                                                                                        "Lossy Heap Blocks": 0,
                                                                                        "Workers": [
                                                                                            {
                                                                                                "Worker Number": 0,
                                                                                                "Actual Startup Time": 0.002,
                                                                                                "Actual Total Time": 0.002,
                                                                                                "Actual Rows": 0,
                                                                                                "Actual Loops": 44629
                                                                                            }
                                                                                        ],
                                                                                        "Plans": [
                                                                                            {
                                                                                                "Node Type": "Bitmap Index Scan",
                                                                                                "Parent Relationship": "Outer",
                                                                                                "Parallel Aware": false,
                                                                                                "Index Name": "comp_cast_type_pkey",
                                                                                                "Startup Cost": 0.0,
                                                                                                "Total Cost": 0.14,
                                                                                                "Plan Rows": 1,
                                                                                                "Plan Width": 0,
                                                                                                "Actual Startup Time": 0.001,
                                                                                                "Actual Total Time": 0.001,
                                                                                                "Actual Rows": 1,
                                                                                                "Actual Loops": 94816,
                                                                                                "Index Cond": "(cct1.id = cc.subject_id)",
                                                                                                "Workers": [
                                                                                                    {
                                                                                                        "Worker Number": 0,
                                                                                                        "Actual Startup Time": 0.001,
                                                                                                        "Actual Total Time": 0.001,
                                                                                                        "Actual Rows": 1,
                                                                                                        "Actual Loops": 44629
                                                                                                    }
                                                                                                ]
                                                                                            }
                                                                                        ]
                                                                                    }
                                                                                ]
                                                                            },
                                                                            {
                                                                                "Node Type": "Hash",
                                                                                "Parent Relationship": "Inner",
                                                                                "Parallel Aware": true,
                                                                                "Startup Cost": 932278.41,
                                                                                "Total Cost": 932278.41,
                                                                                "Plan Rows": 176183,
                                                                                "Plan Width": 8,
                                                                                "Actual Startup Time": 2983.155,
                                                                                "Actual Total Time": 2983.156,
                                                                                "Actual Rows": 468090,
                                                                                "Actual Loops": 2,
                                                                                "Output": [
                                                                                    "mi.movie_id",
                                                                                    "mi.info_type_id"
                                                                                ],
                                                                                "Hash Buckets": 1048576,
                                                                                "Original Hash Buckets": 1048576,
                                                                                "Hash Batches": 1,
                                                                                "Original Hash Batches": 1,
                                                                                "Peak Memory Usage": 44832,
                                                                                "Workers": [
                                                                                    {
                                                                                        "Worker Number": 0,
                                                                                        "Actual Startup Time": 2980.965,
                                                                                        "Actual Total Time": 2980.966,
                                                                                        "Actual Rows": 378352,
                                                                                        "Actual Loops": 1
                                                                                    }
                                                                                ],
                                                                                "Plans": [
                                                                                    {
                                                                                        "Node Type": "Index Scan",
                                                                                        "Parent Relationship": "Outer",
                                                                                        "Parallel Aware": true,
                                                                                        "Scan Direction": "Forward",
                                                                                        "Index Name": "info_type_id_movie_info",
                                                                                        "Relation Name": "movie_info",
                                                                                        "Schema": "public",
                                                                                        "Alias": "mi",
                                                                                        "Startup Cost": 0.43,
                                                                                        "Total Cost": 932278.41,
                                                                                        "Plan Rows": 176183,
                                                                                        "Plan Width": 8,
                                                                                        "Actual Startup Time": 701.167,
                                                                                        "Actual Total Time": 2826.894,
                                                                                        "Actual Rows": 468090,
                                                                                        "Actual Loops": 2,
                                                                                        "Output": [
                                                                                            "mi.movie_id",
                                                                                            "mi.info_type_id"
                                                                                        ],
                                                                                        "Filter": "(mi.info = ANY ('{Denmark,Bulgaria,Germany,German,Sweden,Danish,Denish,America,English,Norwegian}'::text[]))",
                                                                                        "Rows Removed by Filter": 6949770,
                                                                                        "Workers": [
                                                                                            {
                                                                                                "Worker Number": 0,
                                                                                                "Actual Startup Time": 698.954,
                                                                                                "Actual Total Time": 2833.373,
                                                                                                "Actual Rows": 378352,
                                                                                                "Actual Loops": 1
                                                                                            }
                                                                                        ]
                                                                                    }
                                                                                ]
                                                                            }
                                                                        ]
                                                                    }
                                                                ]
                                                            }
                                                        ]
                                                    }
                                                ]
                                            },
                                            {
                                                "Node Type": "Hash",
                                                "Parent Relationship": "Inner",
                                                "Parallel Aware": false,
                                                "Startup Cost": 10000000014.12,
                                                "Total Cost": 10000000014.12,
                                                "Plan Rows": 1,
                                                "Plan Width": 4,
                                                "Actual Startup Time": 0.048,
                                                "Actual Total Time": 0.05,
                                                "Actual Rows": 1,
                                                "Actual Loops": 1,
                                                "Output": [
                                                    "it1.id"
                                                ],
                                                "Hash Buckets": 1024,
                                                "Original Hash Buckets": 1024,
                                                "Hash Batches": 1,
                                                "Original Hash Batches": 1,
                                                "Peak Memory Usage": 9,
                                                "Plans": [
                                                    {
                                                        "Node Type": "Index Scan",
                                                        "Parent Relationship": "Outer",
                                                        "Parallel Aware": false,
                                                        "Scan Direction": "Forward",
                                                        "Index Name": "info_type_pkey",
                                                        "Relation Name": "info_type",
                                                        "Schema": "public",
                                                        "Alias": "it1",
                                                        "Startup Cost": 10000000000.14,
                                                        "Total Cost": 10000000014.12,
                                                        "Plan Rows": 1,
                                                        "Plan Width": 4,
                                                        "Actual Startup Time": 0.03,
                                                        "Actual Total Time": 0.041,
                                                        "Actual Rows": 1,
                                                        "Actual Loops": 1,
                                                        "Output": [
                                                            "it1.id"
                                                        ],
                                                        "Filter": "((it1.info)::text = 'countries'::text)",
                                                        "Rows Removed by Filter": 112
                                                    }
                                                ]
                                            }
                                        ]
                                    }
                                ]
                            }
                        ]
                    },
                    {
                        "Node Type": "Bitmap Heap Scan",
                        "Parent Relationship": "Inner",
                        "Parallel Aware": false,
                        "Relation Name": "info_type",
                        "Schema": "public",
                        "Alias": "it2",
                        "Startup Cost": 0.15,
                        "Total Cost": 4.17,
                        "Plan Rows": 1,
                        "Plan Width": 4,
                        "Actual Startup Time": 0.002,
                        "Actual Total Time": 0.002,
                        "Actual Rows": 0,
                        "Actual Loops": 4482,
                        "Output": [
                            "it2.id",
                            "it2.info"
                        ],
                        "Recheck Cond": "(it2.id = mi_idx.info_type_id)",
                        "Rows Removed by Index Recheck": 0,
                        "Filter": "((it2.info)::text = 'rating'::text)",
                        "Rows Removed by Filter": 1,
                        "Exact Heap Blocks": 4482,
                        "Lossy Heap Blocks": 0,
                        "Plans": [
                            {
                                "Node Type": "Bitmap Index Scan",
                                "Parent Relationship": "Outer",
                                "Parallel Aware": false,
                                "Index Name": "info_type_pkey",
                                "Startup Cost": 0.0,
                                "Total Cost": 0.15,
                                "Plan Rows": 1,
                                "Plan Width": 0,
                                "Actual Startup Time": 0.001,
                                "Actual Total Time": 0.001,
                                "Actual Rows": 1,
                                "Actual Loops": 4482,
                                "Index Cond": "(it2.id = mi_idx.info_type_id)"
                            }
                        ]
                    }
                ]
            }
        ]
    },
    "Planning Time": 112.219,
    "Triggers": [],
    "Execution Time": 8371.335
}