[
  {
    "Plan": {
      "Node Type": "Aggregate",
      "Strategy": "Plain",
      "Partial Mode": "Finalize",
      "Parallel Aware": false,
      "Startup Cost": 106662.04,
      "Total Cost": 106662.05,
      "Plan Rows": 1,
      "Plan Width": 8,
      "Actual Startup Time": 354.291,
      "Actual Total Time": 390.179,
      "Actual Rows": 1,
      "Actual Loops": 1,
      "Plans": [
        {
          "Node Type": "Gather",
          "Parent Relationship": "Outer",
          "Parallel Aware": false,
          "Startup Cost": 106661.72,
          "Total Cost": 106662.03,
          "Plan Rows": 3,
          "Plan Width": 8,
          "Actual Startup Time": 353.985,
          "Actual Total Time": 390.165,
          "Actual Rows": 4,
          "Actual Loops": 1,
          "Workers Planned": 3,
          "Workers Launched": 3,
          "Single Copy": false,
          "Plans": [
            {
              "Node Type": "Aggregate",
              "Strategy": "Plain",
              "Partial Mode": "Partial",
              "Parent Relationship": "Outer",
              "Parallel Aware": false,
              "Startup Cost": 105661.72,
              "Total Cost": 105661.73,
              "Plan Rows": 1,
              "Plan Width": 8,
              "Actual Startup Time": 344.942,
              "Actual Total Time": 344.945,
              "Actual Rows": 1,
              "Actual Loops": 4,
              "Plans": [
                {
                  "Node Type": "Nested Loop",
                  "Parent Relationship": "Outer",
                  "Parallel Aware": false,
                  "Join Type": "Inner",
                  "Startup Cost": 45604.85,
                  "Total Cost": 105183.99,
                  "Plan Rows": 191094,
                  "Plan Width": 0,
                  "Actual Startup Time": 94.651,
                  "Actual Total Time": 339.158,
                  "Actual Rows": 115200,
                  "Actual Loops": 4,
                  "Inner Unique": false,
                  "Join Filter": "(t.id = ci.movie_id)",
                  "Rows Removed by Join Filter": 0,
                  "Plans": [
                    {
                      "Node Type": "Hash Join",
                      "Parent Relationship": "Outer",
                      "Parallel Aware": true,
                      "Join Type": "Inner",
                      "Startup Cost": 45604.29,
                      "Total Cost": 75020.18,
                      "Plan Rows": 13336,
                      "Plan Width": 8,
                      "Actual Startup Time": 94.563,
                      "Actual Total Time": 206.971,
                      "Actual Rows": 3327,
                      "Actual Loops": 4,
                      "Inner Unique": true,
                      "Hash Cond": "(mc.movie_id = t.id)",
                      "Plans": [
                        {
                          "Node Type": "Seq Scan",
                          "Parent Relationship": "Outer",
                          "Parallel Aware": true,
                          "Relation Name": "movie_companies",
                          "Alias": "mc",
                          "Startup Cost": 0.0,
                          "Total Cost": 27206.55,
                          "Plan Rows": 841655,
                          "Plan Width": 4,
                          "Actual Startup Time": 0.017,
                          "Actual Total Time": 50.727,
                          "Actual Rows": 652282,
                          "Actual Loops": 4
                        },
                        {
                          "Node Type": "Hash",
                          "Parent Relationship": "Inner",
                          "Parallel Aware": true,
                          "Startup Cost": 45479.1,
                          "Total Cost": 45479.1,
                          "Plan Rows": 10015,
                          "Plan Width": 4,
                          "Actual Startup Time": 92.839,
                          "Actual Total Time": 92.839,
                          "Actual Rows": 10030,
                          "Actual Loops": 4,
                          "Hash Buckets": 65536,
                          "Original Hash Buckets": 65536,
                          "Hash Batches": 1,
                          "Original Hash Batches": 1,
                          "Peak Memory Usage": 2176,
                          "Plans": [
                            {
                              "Node Type": "Seq Scan",
                              "Parent Relationship": "Outer",
                              "Parallel Aware": true,
                              "Relation Name": "title",
                              "Alias": "t",
                              "Startup Cost": 0.0,
                              "Total Cost": 45479.1,
                              "Plan Rows": 10015,
                              "Plan Width": 4,
                              "Actual Startup Time": 0.053,
                              "Actual Total Time": 88.413,
                              "Actual Rows": 10030,
                              "Actual Loops": 4,
                              "Filter": "((kind_id = 7) AND (production_year = 2013))",
                              "Rows Removed by Filter": 622048
                            }
                          ]
                        }
                      ]
                    },
                    {
                      "Node Type": "Index Only Scan",
                      "Parent Relationship": "Inner",
                      "Parallel Aware": false,
                      "Scan Direction": "Forward",
                      "Index Name": "movie_id_cast_info",
                      "Relation Name": "cast_info",
                      "Alias": "ci",
                      "Startup Cost": 0.56,
                      "Total Cost": 1.8,
                      "Plan Rows": 37,
                      "Plan Width": 4,
                      "Actual Startup Time": 0.005,
                      "Actual Total Time": 0.036,
                      "Actual Rows": 35,
                      "Actual Loops": 13309,
                      "Index Cond": "(movie_id = mc.movie_id)",
                      "Rows Removed by Index Recheck": 0,
                      "Heap Fetches": 460800
                    }
                  ]
                }
              ]
            }
          ]
        }
      ]
    },
    "Planning Time": 1.34,
    "Triggers": [],
    "Execution Time": 390.273
  }
]