[
  {
    "Plan": {
      "Node Type": "Aggregate",
      "Strategy": "Plain",
      "Partial Mode": "Finalize",
      "Parallel Aware": false,
      "Startup Cost": 32560.37,
      "Total Cost": 32560.38,
      "Plan Rows": 1,
      "Plan Width": 8,
      "Actual Startup Time": 102.129,
      "Actual Total Time": 109.346,
      "Actual Rows": 1,
      "Actual Loops": 1,
      "Plans": [
        {
          "Node Type": "Gather",
          "Parent Relationship": "Outer",
          "Parallel Aware": false,
          "Startup Cost": 32560.05,
          "Total Cost": 32560.36,
          "Plan Rows": 3,
          "Plan Width": 8,
          "Actual Startup Time": 101.884,
          "Actual Total Time": 109.338,
          "Actual Rows": 4,
          "Actual Loops": 1,
          "Workers Planned": 3,
          "Workers Launched": 3,
          "Single Copy": false,
          "Plans": [
            {
              "Node Type": "Aggregate",
              "Strategy": "Plain",
              "Partial Mode": "Partial",
              "Parent Relationship": "Outer",
              "Parallel Aware": false,
              "Startup Cost": 31560.05,
              "Total Cost": 31560.06,
              "Plan Rows": 1,
              "Plan Width": 8,
              "Actual Startup Time": 94.75,
              "Actual Total Time": 94.752,
              "Actual Rows": 1,
              "Actual Loops": 4,
              "Plans": [
                {
                  "Node Type": "Bitmap Heap Scan",
                  "Parent Relationship": "Outer",
                  "Parallel Aware": true,
                  "Relation Name": "movie_keyword",
                  "Alias": "mk",
                  "Startup Cost": 5786.28,
                  "Total Cost": 31340.09,
                  "Plan Rows": 87985,
                  "Plan Width": 0,
                  "Actual Startup Time": 32.751,
                  "Actual Total Time": 90.578,
                  "Actual Rows": 67116,
                  "Actual Loops": 4,
                  "Recheck Cond": "(keyword_id > 58514)",
                  "Rows Removed by Index Recheck": 0,
                  "Exact Heap Blocks": 10886,
                  "Lossy Heap Blocks": 0,
                  "Plans": [
                    {
                      "Node Type": "Bitmap Index Scan",
                      "Parent Relationship": "Outer",
                      "Parallel Aware": false,
                      "Index Name": "keyword_id_movie_keyword",
                      "Startup Cost": 0.0,
                      "Total Cost": 5718.09,
                      "Plan Rows": 272754,
                      "Plan Width": 0,
                      "Actual Startup Time": 34.54,
                      "Actual Total Time": 34.541,
                      "Actual Rows": 268466,
                      "Actual Loops": 1,
                      "Index Cond": "(keyword_id > 58514)"
                    }
                  ]
                }
              ]
            }
          ]
        }
      ]
    },
    "Planning Time": 0.181,
    "Triggers": [],
    "Execution Time": 109.423
  }
]