{
  "Plan": {
    "Node Type": "Aggregate",
    "Strategy": "Plain",
    "Partial Mode": "Finalize",
    "Parallel Aware": false,
    "Startup Cost": 1227357.18,
    "Total Cost": 1227357.19,
    "Plan Rows": 1,
    "Plan Width": 8,
    "Actual Startup Time": 16350.988,
    "Actual Total Time": 16447.97,
    "Actual Rows": 1,
    "Actual Loops": 1,
    "Plans": [
      {
        "Node Type": "Gather",
        "Parent Relationship": "Outer",
        "Parallel Aware": false,
        "Startup Cost": 1227357.07,
        "Total Cost": 1227357.18,
        "Plan Rows": 1,
        "Plan Width": 8,
        "Actual Startup Time": 16332.641,
        "Actual Total Time": 16447.959,
        "Actual Rows": 2,
        "Actual Loops": 1,
        "Workers Planned": 1,
        "Workers Launched": 1,
        "Single Copy": false,
        "Plans": [
          {
            "Node Type": "Aggregate",
            "Strategy": "Plain",
            "Partial Mode": "Partial",
            "Parent Relationship": "Outer",
            "Parallel Aware": false,
            "Startup Cost": 1226357.07,
            "Total Cost": 1226357.08,
            "Plan Rows": 1,
            "Plan Width": 8,
            "Actual Startup Time": 16315.578,
            "Actual Total Time": 16316.816,
            "Actual Rows": 1,
            "Actual Loops": 2,
            "Plans": [
              {
                "Node Type": "Hash Join",
                "Parent Relationship": "Outer",
                "Parallel Aware": true,
                "Join Type": "Inner",
                "Startup Cost": 673157.01,
                "Total Cost": 1158311.75,
                "Plan Rows": 27218125,
                "Plan Width": 0,
                "Actual Startup Time": 5320.652,
                "Actual Total Time": 14125.351,
                "Actual Rows": 55102065,
                "Actual Loops": 2,
                "Inner Unique": false,
                "Hash Cond": "(mi.movie_id = t.id)",
                "Plans": [
                  {
                    "Node Type": "Seq Scan",
                    "Parent Relationship": "Outer",
                    "Parallel Aware": true,
                    "Relation Name": "movie_info",
                    "Alias": "mi",
                    "Startup Cost": 0.0,
                    "Total Cost": 248955.74,
                    "Plan Rows": 8696274,
                    "Plan Width": 4,
                    "Actual Startup Time": 0.016,
                    "Actual Total Time": 652.487,
                    "Actual Rows": 7417860,
                    "Actual Loops": 2
                  },
                  {
                    "Node Type": "Hash",
                    "Parent Relationship": "Inner",
                    "Parallel Aware": true,
                    "Startup Cost": 614971.69,
                    "Total Cost": 614971.69,
                    "Plan Rows": 4654826,
                    "Plan Width": 8,
                    "Actual Startup Time": 5287.856,
                    "Actual Total Time": 5289.091,
                    "Actual Rows": 4416844,
                    "Actual Loops": 2,
                    "Hash Buckets": 16777216,
                    "Original Hash Buckets": 8388608,
                    "Hash Batches": 1,
                    "Original Hash Batches": 1,
                    "Peak Memory Usage": 542208,
                    "Plans": [
                      {
                        "Node Type": "Hash Join",
                        "Parent Relationship": "Outer",
                        "Parallel Aware": true,
                        "Join Type": "Inner",
                        "Startup Cost": 269880.78,
                        "Total Cost": 614971.69,
                        "Plan Rows": 4654826,
                        "Plan Width": 8,
                        "Actual Startup Time": 940.583,
                        "Actual Total Time": 3600.384,
                        "Actual Rows": 4416844,
                        "Actual Loops": 2,
                        "Inner Unique": true,
                        "Hash Cond": "(ci.movie_id = t.id)",
                        "Plans": [
                          {
                            "Node Type": "Bitmap Heap Scan",
                            "Parent Relationship": "Outer",
                            "Parallel Aware": true,
                            "Relation Name": "cast_info",
                            "Alias": "ci",
                            "Startup Cost": 200420.08,
                            "Total Cost": 533292.05,
                            "Plan Rows": 4654826,
                            "Plan Width": 4,
                            "Actual Startup Time": 429.276,
                            "Actual Total Time": 1120.595,
                            "Actual Rows": 4416844,
                            "Actual Loops": 2,
                            "Recheck Cond": "(person_id < 908593)",
                            "Rows Removed by Index Recheck": 0,
                            "Filter": "(role_id < 10)",
                            "Rows Removed by Filter": 200076,
                            "Exact Heap Blocks": 51654,
                            "Lossy Heap Blocks": 0,
                            "Plans": [
                              {
                                "Node Type": "Bitmap Index Scan",
                                "Parent Relationship": "Outer",
                                "Parallel Aware": false,
                                "Index Name": "person_id_cast_info",
                                "Startup Cost": 0.0,
                                "Total Cost": 198441.78,
                                "Plan Rows": 9087629,
                                "Plan Width": 0,
                                "Actual Startup Time": 412.484,
                                "Actual Total Time": 412.484,
                                "Actual Rows": 9233840,
                                "Actual Loops": 1,
                                "Index Cond": "(person_id < 908593)"
                              }
                            ]
                          },
                          {
                            "Node Type": "Hash",
                            "Parent Relationship": "Inner",
                            "Parallel Aware": true,
                            "Startup Cost": 50870.31,
                            "Total Cost": 50870.31,
                            "Plan Rows": 1487231,
                            "Plan Width": 4,
                            "Actual Startup Time": 500.298,
                            "Actual Total Time": 500.303,
                            "Actual Rows": 1264156,
                            "Actual Loops": 2,
                            "Hash Buckets": 4194304,
                            "Original Hash Buckets": 4194304,
                            "Hash Batches": 1,
                            "Original Hash Batches": 1,
                            "Peak Memory Usage": 131712,
                            "Plans": [
                              {
                                "Node Type": "Seq Scan",
                                "Parent Relationship": "Outer",
                                "Parallel Aware": true,
                                "Relation Name": "title",
                                "Alias": "t",
                                "Startup Cost": 0.0,
                                "Total Cost": 50870.31,
                                "Plan Rows": 1487231,
                                "Plan Width": 4,
                                "Actual Startup Time": 0.038,
                                "Actual Total Time": 150.324,
                                "Actual Rows": 1264156,
                                "Actual Loops": 2
                              }
                            ]
                          }
                        ]
                      }
                    ]
                  }
                ]
              }
            ]
          }
        ]
      }
    ]
  },
  "Planning Time": 0.961,
  "Triggers": [],
  "Execution Time": 16448.099
}