[
  {
    "Plan": {
      "Node Type": "Aggregate",
      "Strategy": "Plain",
      "Partial Mode": "Finalize",
      "Parallel Aware": false,
      "Startup Cost": 94547.17,
      "Total Cost": 94547.18,
      "Plan Rows": 1,
      "Plan Width": 8,
      "Actual Startup Time": 555.252,
      "Actual Total Time": 570.813,
      "Actual Rows": 1,
      "Actual Loops": 1,
      "Plans": [
        {
          "Node Type": "Gather",
          "Parent Relationship": "Outer",
          "Parallel Aware": false,
          "Startup Cost": 94546.86,
          "Total Cost": 94547.17,
          "Plan Rows": 3,
          "Plan Width": 8,
          "Actual Startup Time": 547.985,
          "Actual Total Time": 570.8,
          "Actual Rows": 4,
          "Actual Loops": 1,
          "Workers Planned": 3,
          "Workers Launched": 3,
          "Single Copy": false,
          "Plans": [
            {
              "Node Type": "Aggregate",
              "Strategy": "Plain",
              "Partial Mode": "Partial",
              "Parent Relationship": "Outer",
              "Parallel Aware": false,
              "Startup Cost": 93546.86,
              "Total Cost": 93546.87,
              "Plan Rows": 1,
              "Plan Width": 8,
              "Actual Startup Time": 540.253,
              "Actual Total Time": 540.257,
              "Actual Rows": 1,
              "Actual Loops": 4,
              "Plans": [
                {
                  "Node Type": "Hash Join",
                  "Parent Relationship": "Outer",
                  "Parallel Aware": true,
                  "Join Type": "Inner",
                  "Startup Cost": 49125.55,
                  "Total Cost": 92879.92,
                  "Plan Rows": 266773,
                  "Plan Width": 0,
                  "Actual Startup Time": 320.088,
                  "Actual Total Time": 525.883,
                  "Actual Rows": 245883,
                  "Actual Loops": 4,
                  "Inner Unique": true,
                  "Hash Cond": "(mk.movie_id = t.id)",
                  "Plans": [
                    {
                      "Node Type": "Seq Scan",
                      "Parent Relationship": "Outer",
                      "Parallel Aware": true,
                      "Relation Name": "movie_keyword",
                      "Alias": "mk",
                      "Startup Cost": 0.0,
                      "Total Cost": 42695.65,
                      "Plan Rows": 403323,
                      "Plan Width": 4,
                      "Actual Startup Time": 1.196,
                      "Actual Total Time": 121.441,
                      "Actual Rows": 313308,
                      "Actual Loops": 4,
                      "Filter": "(keyword_id > 14369)",
                      "Rows Removed by Filter": 817675
                    },
                    {
                      "Node Type": "Hash",
                      "Parent Relationship": "Inner",
                      "Parallel Aware": true,
                      "Startup Cost": 43899.32,
                      "Total Cost": 43899.32,
                      "Plan Rows": 418098,
                      "Plan Width": 4,
                      "Actual Startup Time": 313.528,
                      "Actual Total Time": 313.53,
                      "Actual Rows": 417823,
                      "Actual Loops": 4,
                      "Hash Buckets": 2097152,
                      "Original Hash Buckets": 2097152,
                      "Hash Batches": 1,
                      "Original Hash Batches": 1,
                      "Peak Memory Usage": 81856,
                      "Plans": [
                        {
                          "Node Type": "Seq Scan",
                          "Parent Relationship": "Outer",
                          "Parallel Aware": true,
                          "Relation Name": "title",
                          "Alias": "t",
                          "Startup Cost": 0.0,
                          "Total Cost": 43899.32,
                          "Plan Rows": 418098,
                          "Plan Width": 4,
                          "Actual Startup Time": 0.051,
                          "Actual Total Time": 132.661,
                          "Actual Rows": 417823,
                          "Actual Loops": 4,
                          "Filter": "(production_year < 2008)",
                          "Rows Removed by Filter": 214255
                        }
                      ]
                    }
                  ]
                }
              ]
            }
          ]
        }
      ]
    },
    "Planning Time": 0.28,
    "Triggers": [],
    "Execution Time": 570.854
  }
]