[
  {
    "Plan": {
      "Node Type": "Aggregate",
      "Strategy": "Plain",
      "Partial Mode": "Finalize",
      "Parallel Aware": false,
      "Startup Cost": 73599.5,
      "Total Cost": 73599.51,
      "Plan Rows": 1,
      "Plan Width": 8,
      "Actual Startup Time": 225.744,
      "Actual Total Time": 241.591,
      "Actual Rows": 1,
      "Actual Loops": 1,
      "Plans": [
        {
          "Node Type": "Gather",
          "Parent Relationship": "Outer",
          "Parallel Aware": false,
          "Startup Cost": 73599.18,
          "Total Cost": 73599.49,
          "Plan Rows": 3,
          "Plan Width": 8,
          "Actual Startup Time": 223.176,
          "Actual Total Time": 241.581,
          "Actual Rows": 4,
          "Actual Loops": 1,
          "Workers Planned": 3,
          "Workers Launched": 3,
          "Single Copy": false,
          "Plans": [
            {
              "Node Type": "Aggregate",
              "Strategy": "Plain",
              "Partial Mode": "Partial",
              "Parent Relationship": "Outer",
              "Parallel Aware": false,
              "Startup Cost": 72599.18,
              "Total Cost": 72599.19,
              "Plan Rows": 1,
              "Plan Width": 8,
              "Actual Startup Time": 214.377,
              "Actual Total Time": 214.38,
              "Actual Rows": 1,
              "Actual Loops": 4,
              "Plans": [
                {
                  "Node Type": "Hash Join",
                  "Parent Relationship": "Outer",
                  "Parallel Aware": true,
                  "Join Type": "Inner",
                  "Startup Cost": 46708.82,
                  "Total Cost": 72591.85,
                  "Plan Rows": 2935,
                  "Plan Width": 0,
                  "Actual Startup Time": 185.949,
                  "Actual Total Time": 213.711,
                  "Actual Rows": 7676,
                  "Actual Loops": 4,
                  "Inner Unique": true,
                  "Hash Cond": "(mk.movie_id = t.id)",
                  "Plans": [
                    {
                      "Node Type": "Bitmap Heap Scan",
                      "Parent Relationship": "Outer",
                      "Parallel Aware": true,
                      "Relation Name": "movie_keyword",
                      "Alias": "mk",
                      "Startup Cost": 737.23,
                      "Total Cost": 26590.89,
                      "Plan Rows": 11188,
                      "Plan Width": 4,
                      "Actual Startup Time": 13.328,
                      "Actual Total Time": 35.058,
                      "Actual Rows": 8678,
                      "Actual Loops": 4,
                      "Recheck Cond": "(keyword_id = 2488)",
                      "Rows Removed by Index Recheck": 0,
                      "Exact Heap Blocks": 5815,
                      "Lossy Heap Blocks": 0,
                      "Plans": [
                        {
                          "Node Type": "Bitmap Index Scan",
                          "Parent Relationship": "Outer",
                          "Parallel Aware": false,
                          "Index Name": "keyword_id_movie_keyword",
                          "Startup Cost": 0.0,
                          "Total Cost": 728.55,
                          "Plan Rows": 34683,
                          "Plan Width": 0,
                          "Actual Startup Time": 9.935,
                          "Actual Total Time": 9.936,
                          "Actual Rows": 34710,
                          "Actual Loops": 1,
                          "Index Cond": "(keyword_id = 2488)"
                        }
                      ]
                    },
                    {
                      "Node Type": "Hash",
                      "Parent Relationship": "Inner",
                      "Parallel Aware": true,
                      "Startup Cost": 43898.92,
                      "Total Cost": 43898.92,
                      "Plan Rows": 165814,
                      "Plan Width": 4,
                      "Actual Startup Time": 166.809,
                      "Actual Total Time": 166.81,
                      "Actual Rows": 165706,
                      "Actual Loops": 4,
                      "Hash Buckets": 1048576,
                      "Original Hash Buckets": 1048576,
                      "Hash Batches": 1,
                      "Original Hash Batches": 1,
                      "Peak Memory Usage": 34176,
                      "Plans": [
                        {
                          "Node Type": "Seq Scan",
                          "Parent Relationship": "Outer",
                          "Parallel Aware": true,
                          "Relation Name": "title",
                          "Alias": "t",
                          "Startup Cost": 0.0,
                          "Total Cost": 43898.92,
                          "Plan Rows": 165814,
                          "Plan Width": 4,
                          "Actual Startup Time": 48.051,
                          "Actual Total Time": 107.987,
                          "Actual Rows": 165706,
                          "Actual Loops": 4,
                          "Filter": "(kind_id = 1)",
                          "Rows Removed by Filter": 466372
                        }
                      ]
                    }
                  ]
                }
              ]
            }
          ]
        }
      ]
    },
    "Planning Time": 0.602,
    "Triggers": [],
    "Execution Time": 241.683
  }
]