{
  "Plan": {
    "Node Type": "Aggregate",
    "Strategy": "Plain",
    "Partial Mode": "Finalize",
    "Parallel Aware": false,
    "Startup Cost": 91423.04,
    "Total Cost": 91423.05,
    "Plan Rows": 1,
    "Plan Width": 8,
    "Actual Startup Time": 79.923,
    "Actual Total Time": 87.349,
    "Actual Rows": 1,
    "Actual Loops": 1,
    "Plans": [
      {
        "Node Type": "Gather",
        "Parent Relationship": "Outer",
        "Parallel Aware": false,
        "Startup Cost": 91422.93,
        "Total Cost": 91423.04,
        "Plan Rows": 1,
        "Plan Width": 8,
        "Actual Startup Time": 79.795,
        "Actual Total Time": 87.343,
        "Actual Rows": 2,
        "Actual Loops": 1,
        "Workers Planned": 1,
        "Workers Launched": 1,
        "Single Copy": false,
        "Plans": [
          {
            "Node Type": "Aggregate",
            "Strategy": "Plain",
            "Partial Mode": "Partial",
            "Parent Relationship": "Outer",
            "Parallel Aware": false,
            "Startup Cost": 90422.93,
            "Total Cost": 90422.94,
            "Plan Rows": 1,
            "Plan Width": 8,
            "Actual Startup Time": 73.749,
            "Actual Total Time": 73.75,
            "Actual Rows": 1,
            "Actual Loops": 2,
            "Plans": [
              {
                "Node Type": "Nested Loop",
                "Parent Relationship": "Outer",
                "Parallel Aware": false,
                "Join Type": "Inner",
                "Startup Cost": 1617.11,
                "Total Cost": 90418.18,
                "Plan Rows": 1902,
                "Plan Width": 0,
                "Actual Startup Time": 24.555,
                "Actual Total Time": 73.559,
                "Actual Rows": 2328,
                "Actual Loops": 2,
                "Inner Unique": false,
                "Plans": [
                  {
                    "Node Type": "Bitmap Heap Scan",
                    "Parent Relationship": "Outer",
                    "Parallel Aware": true,
                    "Relation Name": "title",
                    "Alias": "t",
                    "Startup Cost": 1616.68,
                    "Total Cost": 38414.8,
                    "Plan Rows": 325,
                    "Plan Width": 4,
                    "Actual Startup Time": 24.395,
                    "Actual Total Time": 65.285,
                    "Actual Rows": 278,
                    "Actual Loops": 2,
                    "Recheck Cond": "(kind_id = 2)",
                    "Rows Removed by Index Recheck": 0,
                    "Filter": "(production_year = 1971)",
                    "Rows Removed by Filter": 45148,
                    "Exact Heap Blocks": 20389,
                    "Lossy Heap Blocks": 0,
                    "Plans": [
                      {
                        "Node Type": "Bitmap Index Scan",
                        "Parent Relationship": "Outer",
                        "Parallel Aware": false,
                        "Index Name": "kind_id_title",
                        "Startup Cost": 0.0,
                        "Total Cost": 1616.54,
                        "Plan Rows": 90681,
                        "Plan Width": 0,
                        "Actual Startup Time": 21.384,
                        "Actual Total Time": 21.384,
                        "Actual Rows": 90852,
                        "Actual Loops": 1,
                        "Index Cond": "(kind_id = 2)"
                      }
                    ]
                  },
                  {
                    "Node Type": "Index Only Scan",
                    "Parent Relationship": "Inner",
                    "Parallel Aware": false,
                    "Scan Direction": "Forward",
                    "Index Name": "movie_id_movie_info",
                    "Relation Name": "movie_info",
                    "Alias": "mi",
                    "Startup Cost": 0.43,
                    "Total Cost": 159.59,
                    "Plan Rows": 42,
                    "Plan Width": 4,
                    "Actual Startup Time": 0.013,
                    "Actual Total Time": 0.028,
                    "Actual Rows": 8,
                    "Actual Loops": 556,
                    "Index Cond": "(movie_id = t.id)",
                    "Rows Removed by Index Recheck": 0,
                    "Heap Fetches": 4656
                  }
                ]
              }
            ]
          }
        ]
      }
    ]
  },
  "Planning Time": 0.448,
  "Triggers": [],
  "Execution Time": 87.49
}