[
  {
    "Plan": {
      "Node Type": "Aggregate",
      "Strategy": "Plain",
      "Partial Mode": "Finalize",
      "Parallel Aware": false,
      "Startup Cost": 46487.71,
      "Total Cost": 46487.72,
      "Plan Rows": 1,
      "Plan Width": 8,
      "Actual Startup Time": 95.047,
      "Actual Total Time": 105.226,
      "Actual Rows": 1,
      "Actual Loops": 1,
      "Plans": [
        {
          "Node Type": "Gather",
          "Parent Relationship": "Outer",
          "Parallel Aware": false,
          "Startup Cost": 46487.29,
          "Total Cost": 46487.7,
          "Plan Rows": 4,
          "Plan Width": 8,
          "Actual Startup Time": 94.897,
          "Actual Total Time": 105.215,
          "Actual Rows": 5,
          "Actual Loops": 1,
          "Workers Planned": 4,
          "Workers Launched": 4,
          "Single Copy": false,
          "Plans": [
            {
              "Node Type": "Aggregate",
              "Strategy": "Plain",
              "Partial Mode": "Partial",
              "Parent Relationship": "Outer",
              "Parallel Aware": false,
              "Startup Cost": 45487.29,
              "Total Cost": 45487.3,
              "Plan Rows": 1,
              "Plan Width": 8,
              "Actual Startup Time": 87.597,
              "Actual Total Time": 87.598,
              "Actual Rows": 1,
              "Actual Loops": 5,
              "Plans": [
                {
                  "Node Type": "Seq Scan",
                  "Parent Relationship": "Outer",
                  "Parallel Aware": true,
                  "Relation Name": "title",
                  "Alias": "t",
                  "Startup Cost": 0.0,
                  "Total Cost": 45479.59,
                  "Plan Rows": 3082,
                  "Plan Width": 0,
                  "Actual Startup Time": 0.671,
                  "Actual Total Time": 87.361,
                  "Actual Rows": 1832,
                  "Actual Loops": 5,
                  "Filter": "((kind_id < 4) AND (production_year = 1995))",
                  "Rows Removed by Filter": 503831
                }
              ]
            }
          ]
        }
      ]
    },
    "Planning Time": 0.159,
    "Triggers": [],
    "Execution Time": 105.278
  }
]