[
  {
    "Plan": {
      "Node Type": "Aggregate",
      "Strategy": "Plain",
      "Partial Mode": "Finalize",
      "Parallel Aware": false,
      "Startup Cost": 44907.29,
      "Total Cost": 44907.3,
      "Plan Rows": 1,
      "Plan Width": 8,
      "Actual Startup Time": 97.437,
      "Actual Total Time": 109.483,
      "Actual Rows": 1,
      "Actual Loops": 1,
      "Plans": [
        {
          "Node Type": "Gather",
          "Parent Relationship": "Outer",
          "Parallel Aware": false,
          "Startup Cost": 44906.87,
          "Total Cost": 44907.28,
          "Plan Rows": 4,
          "Plan Width": 8,
          "Actual Startup Time": 97.31,
          "Actual Total Time": 109.473,
          "Actual Rows": 5,
          "Actual Loops": 1,
          "Workers Planned": 4,
          "Workers Launched": 4,
          "Single Copy": false,
          "Plans": [
            {
              "Node Type": "Aggregate",
              "Strategy": "Plain",
              "Partial Mode": "Partial",
              "Parent Relationship": "Outer",
              "Parallel Aware": false,
              "Startup Cost": 43906.87,
              "Total Cost": 43906.88,
              "Plan Rows": 1,
              "Plan Width": 8,
              "Actual Startup Time": 87.948,
              "Actual Total Time": 87.949,
              "Actual Rows": 1,
              "Actual Loops": 5,
              "Plans": [
                {
                  "Node Type": "Seq Scan",
                  "Parent Relationship": "Outer",
                  "Parallel Aware": true,
                  "Relation Name": "title",
                  "Alias": "t",
                  "Startup Cost": 0.0,
                  "Total Cost": 43898.92,
                  "Plan Rows": 3182,
                  "Plan Width": 0,
                  "Actual Startup Time": 0.146,
                  "Actual Total Time": 87.545,
                  "Actual Rows": 2956,
                  "Actual Loops": 5,
                  "Filter": "(production_year = 1980)",
                  "Rows Removed by Filter": 502707
                }
              ]
            }
          ]
        }
      ]
    },
    "Planning Time": 0.149,
    "Triggers": [],
    "Execution Time": 109.539
  }
]