[
  {
    "Plan": {
      "Node Type": "Aggregate",
      "Strategy": "Plain",
      "Partial Mode": "Finalize",
      "Parallel Aware": false,
      "Startup Cost": 76763.4,
      "Total Cost": 76763.41,
      "Plan Rows": 1,
      "Plan Width": 8,
      "Actual Startup Time": 278.059,
      "Actual Total Time": 292.758,
      "Actual Rows": 1,
      "Actual Loops": 1,
      "Plans": [
        {
          "Node Type": "Gather",
          "Parent Relationship": "Outer",
          "Parallel Aware": false,
          "Startup Cost": 76763.08,
          "Total Cost": 76763.39,
          "Plan Rows": 3,
          "Plan Width": 8,
          "Actual Startup Time": 277.591,
          "Actual Total Time": 292.735,
          "Actual Rows": 4,
          "Actual Loops": 1,
          "Workers Planned": 3,
          "Workers Launched": 3,
          "Single Copy": false,
          "Plans": [
            {
              "Node Type": "Aggregate",
              "Strategy": "Plain",
              "Partial Mode": "Partial",
              "Parent Relationship": "Outer",
              "Parallel Aware": false,
              "Startup Cost": 75763.08,
              "Total Cost": 75763.09,
              "Plan Rows": 1,
              "Plan Width": 8,
              "Actual Startup Time": 270.548,
              "Actual Total Time": 270.551,
              "Actual Rows": 1,
              "Actual Loops": 4,
              "Plans": [
                {
                  "Node Type": "Hash Join",
                  "Parent Relationship": "Outer",
                  "Parallel Aware": true,
                  "Join Type": "Inner",
                  "Startup Cost": 46164.62,
                  "Total Cost": 75580.51,
                  "Plan Rows": 73026,
                  "Plan Width": 0,
                  "Actual Startup Time": 121.57,
                  "Actual Total Time": 268.666,
                  "Actual Rows": 33367,
                  "Actual Loops": 4,
                  "Inner Unique": true,
                  "Hash Cond": "(mc.movie_id = t.id)",
                  "Plans": [
                    {
                      "Node Type": "Seq Scan",
                      "Parent Relationship": "Outer",
                      "Parallel Aware": true,
                      "Relation Name": "movie_companies",
                      "Alias": "mc",
                      "Startup Cost": 0.0,
                      "Total Cost": 27206.55,
                      "Plan Rows": 841655,
                      "Plan Width": 4,
                      "Actual Startup Time": 0.022,
                      "Actual Total Time": 66.323,
                      "Actual Rows": 652282,
                      "Actual Loops": 4
                    },
                    {
                      "Node Type": "Hash",
                      "Parent Relationship": "Inner",
                      "Parallel Aware": true,
                      "Startup Cost": 45479.1,
                      "Total Cost": 45479.1,
                      "Plan Rows": 54842,
                      "Plan Width": 4,
                      "Actual Startup Time": 118.996,
                      "Actual Total Time": 118.997,
                      "Actual Rows": 24946,
                      "Actual Loops": 4,
                      "Hash Buckets": 262144,
                      "Original Hash Buckets": 262144,
                      "Hash Batches": 1,
                      "Original Hash Batches": 1,
                      "Peak Memory Usage": 6016,
                      "Plans": [
                        {
                          "Node Type": "Seq Scan",
                          "Parent Relationship": "Outer",
                          "Parallel Aware": true,
                          "Relation Name": "title",
                          "Alias": "t",
                          "Startup Cost": 0.0,
                          "Total Cost": 45479.1,
                          "Plan Rows": 54842,
                          "Plan Width": 4,
                          "Actual Startup Time": 0.03,
                          "Actual Total Time": 108.202,
                          "Actual Rows": 24946,
                          "Actual Loops": 4,
                          "Filter": "((kind_id > 1) AND (production_year < 1966))",
                          "Rows Removed by Filter": 607132
                        }
                      ]
                    }
                  ]
                }
              ]
            }
          ]
        }
      ]
    },
    "Planning Time": 0.649,
    "Triggers": [],
    "Execution Time": 292.835
  }
]