{
    "Plan": {
        "Node Type": "Aggregate",
        "Strategy": "Plain",
        "Partial Mode": "Finalize",
        "Parallel Aware": false,
        "Startup Cost": 247041.01,
        "Total Cost": 247041.02,
        "Plan Rows": 1,
        "Plan Width": 8,
        "Actual Startup Time": 417.071,
        "Actual Total Time": 458.11,
        "Actual Rows": 1,
        "Actual Loops": 1,
        "Output": [
            "count(*)"
        ],
        "Plans": [
            {
                "Node Type": "Gather",
                "Parent Relationship": "Outer",
                "Parallel Aware": false,
                "Startup Cost": 247040.49,
                "Total Cost": 247041.0,
                "Plan Rows": 5,
                "Plan Width": 8,
                "Actual Startup Time": 415.73,
                "Actual Total Time": 458.098,
                "Actual Rows": 6,
                "Actual Loops": 1,
                "Output": [
                    "(PARTIAL count(*))"
                ],
                "Workers Planned": 5,
                "Workers Launched": 5,
                "Single Copy": false,
                "Plans": [
                    {
                        "Node Type": "Aggregate",
                        "Strategy": "Plain",
                        "Partial Mode": "Partial",
                        "Parent Relationship": "Outer",
                        "Parallel Aware": false,
                        "Startup Cost": 246040.49,
                        "Total Cost": 246040.5,
                        "Plan Rows": 1,
                        "Plan Width": 8,
                        "Actual Startup Time": 406.22,
                        "Actual Total Time": 406.223,
                        "Actual Rows": 1,
                        "Actual Loops": 6,
                        "Output": [
                            "PARTIAL count(*)"
                        ],
                        "Workers": [
                            {
                                "Worker Number": 0,
                                "Actual Startup Time": 403.308,
                                "Actual Total Time": 403.31,
                                "Actual Rows": 1,
                                "Actual Loops": 1
                            },
                            {
                                "Worker Number": 1,
                                "Actual Startup Time": 403.843,
                                "Actual Total Time": 403.847,
                                "Actual Rows": 1,
                                "Actual Loops": 1
                            },
                            {
                                "Worker Number": 2,
                                "Actual Startup Time": 404.121,
                                "Actual Total Time": 404.124,
                                "Actual Rows": 1,
                                "Actual Loops": 1
                            },
                            {
                                "Worker Number": 3,
                                "Actual Startup Time": 404.59,
                                "Actual Total Time": 404.593,
                                "Actual Rows": 1,
                                "Actual Loops": 1
                            },
                            {
                                "Worker Number": 4,
                                "Actual Startup Time": 406.549,
                                "Actual Total Time": 406.552,
                                "Actual Rows": 1,
                                "Actual Loops": 1
                            }
                        ],
                        "Plans": [
                            {
                                "Node Type": "Hash Join",
                                "Parent Relationship": "Outer",
                                "Parallel Aware": true,
                                "Join Type": "Inner",
                                "Startup Cost": 46708.23,
                                "Total Cost": 245982.23,
                                "Plan Rows": 23304,
                                "Plan Width": 0,
                                "Actual Startup Time": 137.405,
                                "Actual Total Time": 404.585,
                                "Actual Rows": 40763,
                                "Actual Loops": 6,
                                "Inner Unique": true,
                                "Hash Cond": "(mi.movie_id = t.id)",
                                "Workers": [
                                    {
                                        "Worker Number": 0,
                                        "Actual Startup Time": 136.441,
                                        "Actual Total Time": 401.691,
                                        "Actual Rows": 41166,
                                        "Actual Loops": 1
                                    },
                                    {
                                        "Worker Number": 1,
                                        "Actual Startup Time": 136.957,
                                        "Actual Total Time": 402.282,
                                        "Actual Rows": 39583,
                                        "Actual Loops": 1
                                    },
                                    {
                                        "Worker Number": 2,
                                        "Actual Startup Time": 137.256,
                                        "Actual Total Time": 402.572,
                                        "Actual Rows": 39436,
                                        "Actual Loops": 1
                                    },
                                    {
                                        "Worker Number": 3,
                                        "Actual Startup Time": 137.472,
                                        "Actual Total Time": 403.005,
                                        "Actual Rows": 36699,
                                        "Actual Loops": 1
                                    },
                                    {
                                        "Worker Number": 4,
                                        "Actual Startup Time": 128.245,
                                        "Actual Total Time": 404.91,
                                        "Actual Rows": 41202,
                                        "Actual Loops": 1
                                    }
                                ],
                                "Plans": [
                                    {
                                        "Node Type": "Seq Scan",
                                        "Parent Relationship": "Outer",
                                        "Parallel Aware": true,
                                        "Relation Name": "movie_info",
                                        "Schema": "public",
                                        "Alias": "mi",
                                        "Startup Cost": 0.0,
                                        "Total Cost": 198880.74,
                                        "Plan Rows": 149813,
                                        "Plan Width": 4,
                                        "Actual Startup Time": 27.478,
                                        "Actual Total Time": 278.129,
                                        "Actual Rows": 133690,
                                        "Actual Loops": 6,
                                        "Output": [
                                            "mi.id",
                                            "mi.movie_id",
                                            "mi.info_type_id",
                                            "mi.info",
                                            "mi.note"
                                        ],
                                        "Filter": "(mi.info_type_id = 1)",
                                        "Rows Removed by Filter": 2338930,
                                        "Workers": [
                                            {
                                                "Worker Number": 0,
                                                "Actual Startup Time": 27.483,
                                                "Actual Total Time": 278.279,
                                                "Actual Rows": 138450,
                                                "Actual Loops": 1
                                            },
                                            {
                                                "Worker Number": 1,
                                                "Actual Startup Time": 27.465,
                                                "Actual Total Time": 278.234,
                                                "Actual Rows": 129758,
                                                "Actual Loops": 1
                                            },
                                            {
                                                "Worker Number": 2,
                                                "Actual Startup Time": 27.485,
                                                "Actual Total Time": 278.117,
                                                "Actual Rows": 129652,
                                                "Actual Loops": 1
                                            },
                                            {
                                                "Worker Number": 3,
                                                "Actual Startup Time": 27.488,
                                                "Actual Total Time": 279.063,
                                                "Actual Rows": 112611,
                                                "Actual Loops": 1
                                            },
                                            {
                                                "Worker Number": 4,
                                                "Actual Startup Time": 27.485,
                                                "Actual Total Time": 278.231,
                                                "Actual Rows": 136304,
                                                "Actual Loops": 1
                                            }
                                        ]
                                    },
                                    {
                                        "Node Type": "Hash",
                                        "Parent Relationship": "Inner",
                                        "Parallel Aware": true,
                                        "Startup Cost": 45479.21,
                                        "Total Cost": 45479.21,
                                        "Plan Rows": 98322,
                                        "Plan Width": 4,
                                        "Actual Startup Time": 95.623,
                                        "Actual Total Time": 95.625,
                                        "Actual Rows": 48282,
                                        "Actual Loops": 6,
                                        "Output": [
                                            "t.id"
                                        ],
                                        "Hash Buckets": 524288,
                                        "Original Hash Buckets": 524288,
                                        "Hash Batches": 1,
                                        "Original Hash Batches": 1,
                                        "Peak Memory Usage": 15520,
                                        "Workers": [
                                            {
                                                "Worker Number": 0,
                                                "Actual Startup Time": 94.675,
                                                "Actual Total Time": 94.676,
                                                "Actual Rows": 48130,
                                                "Actual Loops": 1
                                            },
                                            {
                                                "Worker Number": 1,
                                                "Actual Startup Time": 95.223,
                                                "Actual Total Time": 95.224,
                                                "Actual Rows": 45539,
                                                "Actual Loops": 1
                                            },
                                            {
                                                "Worker Number": 2,
                                                "Actual Startup Time": 95.513,
                                                "Actual Total Time": 95.515,
                                                "Actual Rows": 44673,
                                                "Actual Loops": 1
                                            },
                                            {
                                                "Worker Number": 3,
                                                "Actual Startup Time": 95.627,
                                                "Actual Total Time": 95.628,
                                                "Actual Rows": 44648,
                                                "Actual Loops": 1
                                            },
                                            {
                                                "Worker Number": 4,
                                                "Actual Startup Time": 98.019,
                                                "Actual Total Time": 98.02,
                                                "Actual Rows": 48316,
                                                "Actual Loops": 1
                                            }
                                        ],
                                        "Plans": [
                                            {
                                                "Node Type": "Seq Scan",
                                                "Parent Relationship": "Outer",
                                                "Parallel Aware": true,
                                                "Relation Name": "title",
                                                "Schema": "public",
                                                "Alias": "t",
                                                "Startup Cost": 0.0,
                                                "Total Cost": 45479.21,
                                                "Plan Rows": 98322,
                                                "Plan Width": 4,
                                                "Actual Startup Time": 42.099,
                                                "Actual Total Time": 76.917,
                                                "Actual Rows": 48282,
                                                "Actual Loops": 6,
                                                "Output": [
                                                    "t.id"
                                                ],
                                                "Filter": "((t.production_year > 1998) AND (t.kind_id = 1))",
                                                "Rows Removed by Filter": 373103,
                                                "Workers": [
                                                    {
                                                        "Worker Number": 0,
                                                        "Actual Startup Time": 49.128,
                                                        "Actual Total Time": 77.297,
                                                        "Actual Rows": 48130,
                                                        "Actual Loops": 1
                                                    },
                                                    {
                                                        "Worker Number": 1,
                                                        "Actual Startup Time": 48.864,
                                                        "Actual Total Time": 77.132,
                                                        "Actual Rows": 45539,
                                                        "Actual Loops": 1
                                                    },
                                                    {
                                                        "Worker Number": 2,
                                                        "Actual Startup Time": 49.216,
                                                        "Actual Total Time": 77.085,
                                                        "Actual Rows": 44673,
                                                        "Actual Loops": 1
                                                    },
                                                    {
                                                        "Worker Number": 3,
                                                        "Actual Startup Time": 49.339,
                                                        "Actual Total Time": 77.177,
                                                        "Actual Rows": 44648,
                                                        "Actual Loops": 1
                                                    },
                                                    {
                                                        "Worker Number": 4,
                                                        "Actual Startup Time": 6.914,
                                                        "Actual Total Time": 77.582,
                                                        "Actual Rows": 48316,
                                                        "Actual Loops": 1
                                                    }
                                                ]
                                            }
                                        ]
                                    }
                                ]
                            }
                        ]
                    }
                ]
            }
        ]
    },
    "Planning Time": 0.706,
    "Triggers": [],
    "Execution Time": 458.189
}