[
    {
        "Bao": {
            "Bao prediction": "NaN",
            "Bao recommended hint": "(no hint)"
        }
    },
    {
        "Plan": {
            "Node Type": "Aggregate",
            "Strategy": "Plain",
            "Partial Mode": "Finalize",
            "Parallel Aware": false,
            "Startup Cost": 33126.44,
            "Total Cost": 33126.45,
            "Plan Rows": 1,
            "Plan Width": 8,
            "Actual Startup Time": 104.202,
            "Actual Total Time": 110.283,
            "Actual Rows": 1,
            "Actual Loops": 1,
            "Output": [
                "count(*)"
            ],
            "Plans": [
                {
                    "Node Type": "Gather",
                    "Parent Relationship": "Outer",
                    "Parallel Aware": false,
                    "Startup Cost": 33126.12,
                    "Total Cost": 33126.43,
                    "Plan Rows": 3,
                    "Plan Width": 8,
                    "Actual Startup Time": 104.139,
                    "Actual Total Time": 110.274,
                    "Actual Rows": 4,
                    "Actual Loops": 1,
                    "Output": [
                        "(PARTIAL count(*))"
                    ],
                    "Workers Planned": 3,
                    "Workers Launched": 3,
                    "Single Copy": false,
                    "Plans": [
                        {
                            "Node Type": "Aggregate",
                            "Strategy": "Plain",
                            "Partial Mode": "Partial",
                            "Parent Relationship": "Outer",
                            "Parallel Aware": false,
                            "Startup Cost": 32126.12,
                            "Total Cost": 32126.13,
                            "Plan Rows": 1,
                            "Plan Width": 8,
                            "Actual Startup Time": 96.024,
                            "Actual Total Time": 96.026,
                            "Actual Rows": 1,
                            "Actual Loops": 4,
                            "Output": [
                                "PARTIAL count(*)"
                            ],
                            "Workers": [
                                {
                                    "Worker Number": 0,
                                    "Actual Startup Time": 92.968,
                                    "Actual Total Time": 92.97,
                                    "Actual Rows": 1,
                                    "Actual Loops": 1
                                },
                                {
                                    "Worker Number": 1,
                                    "Actual Startup Time": 93.537,
                                    "Actual Total Time": 93.539,
                                    "Actual Rows": 1,
                                    "Actual Loops": 1
                                },
                                {
                                    "Worker Number": 2,
                                    "Actual Startup Time": 93.856,
                                    "Actual Total Time": 93.857,
                                    "Actual Rows": 1,
                                    "Actual Loops": 1
                                }
                            ],
                            "Plans": [
                                {
                                    "Node Type": "Seq Scan",
                                    "Parent Relationship": "Outer",
                                    "Parallel Aware": true,
                                    "Relation Name": "movie_companies",
                                    "Schema": "public",
                                    "Alias": "mc",
                                    "Startup Cost": 0.0,
                                    "Total Cost": 31414.82,
                                    "Plan Rows": 284520,
                                    "Plan Width": 0,
                                    "Actual Startup Time": 46.699,
                                    "Actual Total Time": 83.84,
                                    "Actual Rows": 269521,
                                    "Actual Loops": 4,
                                    "Output": [
                                        "id",
                                        "movie_id",
                                        "company_id",
                                        "company_type_id",
                                        "note"
                                    ],
                                    "Filter": "((mc.company_id > 2586) AND (mc.company_type_id > 1))",
                                    "Rows Removed by Filter": 382762,
                                    "Workers": [
                                        {
                                            "Worker Number": 0,
                                            "Actual Startup Time": 43.646,
                                            "Actual Total Time": 81.227,
                                            "Actual Rows": 288330,
                                            "Actual Loops": 1
                                        },
                                        {
                                            "Worker Number": 1,
                                            "Actual Startup Time": 44.22,
                                            "Actual Total Time": 81.909,
                                            "Actual Rows": 287803,
                                            "Actual Loops": 1
                                        },
                                        {
                                            "Worker Number": 2,
                                            "Actual Startup Time": 44.53,
                                            "Actual Total Time": 82.151,
                                            "Actual Rows": 289329,
                                            "Actual Loops": 1
                                        }
                                    ]
                                }
                            ]
                        }
                    ]
                }
            ]
        },
        "Planning Time": 282.584,
        "Triggers": [],
        "Execution Time": 110.351
    }
]