[
  {
    "Plan": {
      "Node Type": "Aggregate",
      "Strategy": "Plain",
      "Partial Mode": "Finalize",
      "Parallel Aware": false,
      "Startup Cost": 146132.49,
      "Total Cost": 146132.5,
      "Plan Rows": 1,
      "Plan Width": 8,
      "Actual Startup Time": 838.606,
      "Actual Total Time": 867.492,
      "Actual Rows": 1,
      "Actual Loops": 1,
      "Plans": [
        {
          "Node Type": "Gather",
          "Parent Relationship": "Outer",
          "Parallel Aware": false,
          "Startup Cost": 146132.17,
          "Total Cost": 146132.48,
          "Plan Rows": 3,
          "Plan Width": 8,
          "Actual Startup Time": 838.597,
          "Actual Total Time": 867.486,
          "Actual Rows": 4,
          "Actual Loops": 1,
          "Workers Planned": 3,
          "Workers Launched": 3,
          "Single Copy": false,
          "Plans": [
            {
              "Node Type": "Aggregate",
              "Strategy": "Plain",
              "Partial Mode": "Partial",
              "Parent Relationship": "Outer",
              "Parallel Aware": false,
              "Startup Cost": 145132.17,
              "Total Cost": 145132.18,
              "Plan Rows": 1,
              "Plan Width": 8,
              "Actual Startup Time": 826.918,
              "Actual Total Time": 826.921,
              "Actual Rows": 1,
              "Actual Loops": 4,
              "Plans": [
                {
                  "Node Type": "Nested Loop",
                  "Parent Relationship": "Outer",
                  "Parallel Aware": false,
                  "Join Type": "Inner",
                  "Startup Cost": 44070.01,
                  "Total Cost": 144714.33,
                  "Plan Rows": 167136,
                  "Plan Width": 0,
                  "Actual Startup Time": 100.366,
                  "Actual Total Time": 766.38,
                  "Actual Rows": 1489649,
                  "Actual Loops": 4,
                  "Inner Unique": false,
                  "Join Filter": "(t.id = mi.movie_id)",
                  "Rows Removed by Join Filter": 0,
                  "Plans": [
                    {
                      "Node Type": "Hash Join",
                      "Parent Relationship": "Outer",
                      "Parallel Aware": true,
                      "Join Type": "Inner",
                      "Startup Cost": 44069.58,
                      "Total Cost": 90238.94,
                      "Plan Rows": 28584,
                      "Plan Width": 8,
                      "Actual Startup Time": 100.284,
                      "Actual Total Time": 270.172,
                      "Actual Rows": 22441,
                      "Actual Loops": 4,
                      "Inner Unique": true,
                      "Hash Cond": "(mk.movie_id = t.id)",
                      "Plans": [
                        {
                          "Node Type": "Seq Scan",
                          "Parent Relationship": "Outer",
                          "Parallel Aware": true,
                          "Relation Name": "movie_keyword",
                          "Alias": "mk",
                          "Startup Cost": 0.0,
                          "Total Cost": 42695.65,
                          "Plan Rows": 1323314,
                          "Plan Width": 4,
                          "Actual Startup Time": 0.037,
                          "Actual Total Time": 102.961,
                          "Actual Rows": 1021936,
                          "Actual Loops": 4,
                          "Filter": "(keyword_id > 335)",
                          "Rows Removed by Filter": 109047
                        },
                        {
                          "Node Type": "Hash",
                          "Parent Relationship": "Inner",
                          "Parallel Aware": true,
                          "Startup Cost": 43898.92,
                          "Total Cost": 43898.92,
                          "Plan Rows": 13653,
                          "Plan Width": 4,
                          "Actual Startup Time": 98.779,
                          "Actual Total Time": 98.78,
                          "Actual Rows": 12641,
                          "Actual Loops": 4,
                          "Hash Buckets": 65536,
                          "Original Hash Buckets": 65536,
                          "Hash Batches": 1,
                          "Original Hash Batches": 1,
                          "Peak Memory Usage": 2528,
                          "Plans": [
                            {
                              "Node Type": "Seq Scan",
                              "Parent Relationship": "Outer",
                              "Parallel Aware": true,
                              "Relation Name": "title",
                              "Alias": "t",
                              "Startup Cost": 0.0,
                              "Total Cost": 43898.92,
                              "Plan Rows": 13653,
                              "Plan Width": 4,
                              "Actual Startup Time": 0.044,
                              "Actual Total Time": 92.903,
                              "Actual Rows": 12641,
                              "Actual Loops": 4,
                              "Filter": "(production_year = 1999)",
                              "Rows Removed by Filter": 619437
                            }
                          ]
                        }
                      ]
                    },
                    {
                      "Node Type": "Index Only Scan",
                      "Parent Relationship": "Inner",
                      "Parallel Aware": false,
                      "Scan Direction": "Forward",
                      "Index Name": "movie_id_movie_info",
                      "Relation Name": "movie_info",
                      "Alias": "mi",
                      "Startup Cost": 0.43,
                      "Total Cost": 1.38,
                      "Plan Rows": 42,
                      "Plan Width": 4,
                      "Actual Startup Time": 0.004,
                      "Actual Total Time": 0.017,
                      "Actual Rows": 66,
                      "Actual Loops": 89765,
                      "Index Cond": "(movie_id = mk.movie_id)",
                      "Rows Removed by Index Recheck": 0,
                      "Heap Fetches": 5958595
                    }
                  ]
                }
              ]
            }
          ]
        }
      ]
    },
    "Planning Time": 1.343,
    "Triggers": [],
    "Execution Time": 867.581
  }
]