[
  {
    "Plan": {
      "Node Type": "Aggregate",
      "Strategy": "Plain",
      "Partial Mode": "Finalize",
      "Parallel Aware": false,
      "Startup Cost": 352358.7,
      "Total Cost": 352358.71,
      "Plan Rows": 1,
      "Plan Width": 8,
      "Actual Startup Time": 1059.447,
      "Actual Total Time": 1125.612,
      "Actual Rows": 1,
      "Actual Loops": 1,
      "Plans": [
        {
          "Node Type": "Gather",
          "Parent Relationship": "Outer",
          "Parallel Aware": false,
          "Startup Cost": 352358.08,
          "Total Cost": 352358.69,
          "Plan Rows": 6,
          "Plan Width": 8,
          "Actual Startup Time": 1059.279,
          "Actual Total Time": 1125.6,
          "Actual Rows": 7,
          "Actual Loops": 1,
          "Workers Planned": 6,
          "Workers Launched": 6,
          "Single Copy": false,
          "Plans": [
            {
              "Node Type": "Aggregate",
              "Strategy": "Plain",
              "Partial Mode": "Partial",
              "Parent Relationship": "Outer",
              "Parallel Aware": false,
              "Startup Cost": 351358.08,
              "Total Cost": 351358.09,
              "Plan Rows": 1,
              "Plan Width": 8,
              "Actual Startup Time": 1049.282,
              "Actual Total Time": 1049.283,
              "Actual Rows": 1,
              "Actual Loops": 7,
              "Plans": [
                {
                  "Node Type": "Seq Scan",
                  "Parent Relationship": "Outer",
                  "Parallel Aware": true,
                  "Relation Name": "cast_info",
                  "Alias": "ci",
                  "Startup Cost": 0.0,
                  "Total Cost": 343257.03,
                  "Plan Rows": 3240420,
                  "Plan Width": 0,
                  "Actual Startup Time": 0.053,
                  "Actual Total Time": 864.4,
                  "Actual Rows": 3387754,
                  "Actual Loops": 7,
                  "Filter": "((person_id < 3000674) AND (role_id < 4))",
                  "Rows Removed by Filter": 1790010
                }
              ]
            }
          ]
        }
      ]
    },
    "Planning Time": 0.227,
    "Triggers": [],
    "Execution Time": 1125.688
  }
]