[
  {
    "Plan": {
      "Node Type": "Aggregate",
      "Strategy": "Plain",
      "Partial Mode": "Finalize",
      "Parallel Aware": false,
      "Startup Cost": 341845.47,
      "Total Cost": 341845.48,
      "Plan Rows": 1,
      "Plan Width": 8,
      "Actual Startup Time": 898.44,
      "Actual Total Time": 941.095,
      "Actual Rows": 1,
      "Actual Loops": 1,
      "Plans": [
        {
          "Node Type": "Gather",
          "Parent Relationship": "Outer",
          "Parallel Aware": false,
          "Startup Cost": 341844.85,
          "Total Cost": 341845.46,
          "Plan Rows": 6,
          "Plan Width": 8,
          "Actual Startup Time": 898.281,
          "Actual Total Time": 941.078,
          "Actual Rows": 7,
          "Actual Loops": 1,
          "Workers Planned": 6,
          "Workers Launched": 6,
          "Single Copy": false,
          "Plans": [
            {
              "Node Type": "Aggregate",
              "Strategy": "Plain",
              "Partial Mode": "Partial",
              "Parent Relationship": "Outer",
              "Parallel Aware": false,
              "Startup Cost": 340844.85,
              "Total Cost": 340844.86,
              "Plan Rows": 1,
              "Plan Width": 8,
              "Actual Startup Time": 891.52,
              "Actual Total Time": 891.521,
              "Actual Rows": 1,
              "Actual Loops": 7,
              "Plans": [
                {
                  "Node Type": "Seq Scan",
                  "Parent Relationship": "Outer",
                  "Parallel Aware": true,
                  "Relation Name": "cast_info",
                  "Alias": "ci",
                  "Startup Cost": 0.0,
                  "Total Cost": 328211.39,
                  "Plan Rows": 5053382,
                  "Plan Width": 0,
                  "Actual Startup Time": 0.042,
                  "Actual Total Time": 667.948,
                  "Actual Rows": 4343339,
                  "Actual Loops": 7,
                  "Filter": "(person_id < 3060239)",
                  "Rows Removed by Filter": 834424
                }
              ]
            }
          ]
        }
      ]
    },
    "Planning Time": 0.161,
    "Triggers": [],
    "Execution Time": 941.155
  }
]