[
  {
    "Plan": {
      "Node Type": "Aggregate",
      "Strategy": "Plain",
      "Partial Mode": "Finalize",
      "Parallel Aware": false,
      "Startup Cost": 341741.36,
      "Total Cost": 341741.37,
      "Plan Rows": 1,
      "Plan Width": 8,
      "Actual Startup Time": 778.239,
      "Actual Total Time": 833.531,
      "Actual Rows": 1,
      "Actual Loops": 1,
      "Plans": [
        {
          "Node Type": "Gather",
          "Parent Relationship": "Outer",
          "Parallel Aware": false,
          "Startup Cost": 341740.74,
          "Total Cost": 341741.35,
          "Plan Rows": 6,
          "Plan Width": 8,
          "Actual Startup Time": 778.096,
          "Actual Total Time": 833.522,
          "Actual Rows": 7,
          "Actual Loops": 1,
          "Workers Planned": 6,
          "Workers Launched": 6,
          "Single Copy": false,
          "Plans": [
            {
              "Node Type": "Aggregate",
              "Strategy": "Plain",
              "Partial Mode": "Partial",
              "Parent Relationship": "Outer",
              "Parallel Aware": false,
              "Startup Cost": 340740.74,
              "Total Cost": 340740.75,
              "Plan Rows": 1,
              "Plan Width": 8,
              "Actual Startup Time": 769.586,
              "Actual Total Time": 769.587,
              "Actual Rows": 1,
              "Actual Loops": 7,
              "Plans": [
                {
                  "Node Type": "Seq Scan",
                  "Parent Relationship": "Outer",
                  "Parallel Aware": true,
                  "Relation Name": "cast_info",
                  "Alias": "ci",
                  "Startup Cost": 0.0,
                  "Total Cost": 328162.03,
                  "Plan Rows": 5031485,
                  "Plan Width": 0,
                  "Actual Startup Time": 0.045,
                  "Actual Total Time": 599.947,
                  "Actual Rows": 4343339,
                  "Actual Loops": 7,
                  "Filter": "(person_id < 3060239)",
                  "Rows Removed by Filter": 834424
                }
              ]
            }
          ]
        }
      ]
    },
    "Planning Time": 0.208,
    "Triggers": [],
    "Execution Time": 833.593
  }
]