[
    {
        "Bao": {
            "Bao prediction": "NaN",
            "Bao recommended hint": "(no hint)"
        }
    },
    {
        "Plan": {
            "Node Type": "Aggregate",
            "Strategy": "Plain",
            "Partial Mode": "Finalize",
            "Parallel Aware": false,
            "Startup Cost": 291722.62,
            "Total Cost": 291722.63,
            "Plan Rows": 1,
            "Plan Width": 8,
            "Actual Startup Time": 132.53,
            "Actual Total Time": 136.505,
            "Actual Rows": 1,
            "Actual Loops": 1,
            "Output": [
                "count(*)"
            ],
            "Plans": [
                {
                    "Node Type": "Gather",
                    "Parent Relationship": "Outer",
                    "Parallel Aware": false,
                    "Startup Cost": 291721.99,
                    "Total Cost": 291722.6,
                    "Plan Rows": 6,
                    "Plan Width": 8,
                    "Actual Startup Time": 132.001,
                    "Actual Total Time": 136.497,
                    "Actual Rows": 7,
                    "Actual Loops": 1,
                    "Output": [
                        "(PARTIAL count(*))"
                    ],
                    "Workers Planned": 6,
                    "Workers Launched": 6,
                    "Single Copy": false,
                    "Plans": [
                        {
                            "Node Type": "Aggregate",
                            "Strategy": "Plain",
                            "Partial Mode": "Partial",
                            "Parent Relationship": "Outer",
                            "Parallel Aware": false,
                            "Startup Cost": 290721.99,
                            "Total Cost": 290722.0,
                            "Plan Rows": 1,
                            "Plan Width": 8,
                            "Actual Startup Time": 121.842,
                            "Actual Total Time": 121.843,
                            "Actual Rows": 1,
                            "Actual Loops": 7,
                            "Output": [
                                "PARTIAL count(*)"
                            ],
                            "Workers": [
                                {
                                    "Worker Number": 0,
                                    "Actual Startup Time": 119.49,
                                    "Actual Total Time": 119.491,
                                    "Actual Rows": 1,
                                    "Actual Loops": 1
                                },
                                {
                                    "Worker Number": 1,
                                    "Actual Startup Time": 119.683,
                                    "Actual Total Time": 119.684,
                                    "Actual Rows": 1,
                                    "Actual Loops": 1
                                },
                                {
                                    "Worker Number": 2,
                                    "Actual Startup Time": 119.806,
                                    "Actual Total Time": 119.807,
                                    "Actual Rows": 1,
                                    "Actual Loops": 1
                                },
                                {
                                    "Worker Number": 3,
                                    "Actual Startup Time": 120.603,
                                    "Actual Total Time": 120.604,
                                    "Actual Rows": 1,
                                    "Actual Loops": 1
                                },
                                {
                                    "Worker Number": 4,
                                    "Actual Startup Time": 120.753,
                                    "Actual Total Time": 120.755,
                                    "Actual Rows": 1,
                                    "Actual Loops": 1
                                },
                                {
                                    "Worker Number": 5,
                                    "Actual Startup Time": 121.09,
                                    "Actual Total Time": 121.091,
                                    "Actual Rows": 1,
                                    "Actual Loops": 1
                                }
                            ],
                            "Plans": [
                                {
                                    "Node Type": "Bitmap Heap Scan",
                                    "Parent Relationship": "Outer",
                                    "Parallel Aware": true,
                                    "Relation Name": "cast_info",
                                    "Schema": "public",
                                    "Alias": "ci",
                                    "Startup Cost": 34166.11,
                                    "Total Cost": 290077.18,
                                    "Plan Rows": 257926,
                                    "Plan Width": 0,
                                    "Actual Startup Time": 48.402,
                                    "Actual Total Time": 107.2,
                                    "Actual Rows": 223402,
                                    "Actual Loops": 7,
                                    "Recheck Cond": "(ci.person_id < 155831)",
                                    "Rows Removed by Index Recheck": 0,
                                    "Exact Heap Blocks": 4445,
                                    "Lossy Heap Blocks": 0,
                                    "Workers": [
                                        {
                                            "Worker Number": 0,
                                            "Actual Startup Time": 46.016,
                                            "Actual Total Time": 105.147,
                                            "Actual Rows": 160703,
                                            "Actual Loops": 1
                                        },
                                        {
                                            "Worker Number": 1,
                                            "Actual Startup Time": 46.19,
                                            "Actual Total Time": 105.61,
                                            "Actual Rows": 192994,
                                            "Actual Loops": 1
                                        },
                                        {
                                            "Worker Number": 2,
                                            "Actual Startup Time": 46.551,
                                            "Actual Total Time": 105.329,
                                            "Actual Rows": 161257,
                                            "Actual Loops": 1
                                        },
                                        {
                                            "Worker Number": 3,
                                            "Actual Startup Time": 47.456,
                                            "Actual Total Time": 106.609,
                                            "Actual Rows": 199605,
                                            "Actual Loops": 1
                                        },
                                        {
                                            "Worker Number": 4,
                                            "Actual Startup Time": 47.414,
                                            "Actual Total Time": 106.763,
                                            "Actual Rows": 193740,
                                            "Actual Loops": 1
                                        },
                                        {
                                            "Worker Number": 5,
                                            "Actual Startup Time": 47.598,
                                            "Actual Total Time": 106.817,
                                            "Actual Rows": 200669,
                                            "Actual Loops": 1
                                        }
                                    ],
                                    "Plans": [
                                        {
                                            "Node Type": "Bitmap Index Scan",
                                            "Parent Relationship": "Outer",
                                            "Parallel Aware": false,
                                            "Index Name": "person_id_cast_info",
                                            "Startup Cost": 0.0,
                                            "Total Cost": 33779.22,
                                            "Plan Rows": 1547554,
                                            "Plan Width": 0,
                                            "Actual Startup Time": 55.168,
                                            "Actual Total Time": 55.168,
                                            "Actual Rows": 1563815,
                                            "Actual Loops": 1,
                                            "Index Cond": "(ci.person_id < 155831)"
                                        }
                                    ]
                                }
                            ]
                        }
                    ]
                }
            ]
        },
        "Planning Time": 179.649,
        "Triggers": [],
        "Execution Time": 136.618
    }
]