[
  {
    "Plan": {
      "Node Type": "Aggregate",
      "Strategy": "Plain",
      "Partial Mode": "Finalize",
      "Parallel Aware": false,
      "Startup Cost": 78708.25,
      "Total Cost": 78708.26,
      "Plan Rows": 1,
      "Plan Width": 8,
      "Actual Startup Time": 268.916,
      "Actual Total Time": 285.676,
      "Actual Rows": 1,
      "Actual Loops": 1,
      "Plans": [
        {
          "Node Type": "Gather",
          "Parent Relationship": "Outer",
          "Parallel Aware": false,
          "Startup Cost": 78707.93,
          "Total Cost": 78708.24,
          "Plan Rows": 3,
          "Plan Width": 8,
          "Actual Startup Time": 267.456,
          "Actual Total Time": 285.656,
          "Actual Rows": 4,
          "Actual Loops": 1,
          "Workers Planned": 3,
          "Workers Launched": 3,
          "Single Copy": false,
          "Plans": [
            {
              "Node Type": "Aggregate",
              "Strategy": "Plain",
              "Partial Mode": "Partial",
              "Parent Relationship": "Outer",
              "Parallel Aware": false,
              "Startup Cost": 77707.93,
              "Total Cost": 77707.94,
              "Plan Rows": 1,
              "Plan Width": 8,
              "Actual Startup Time": 258.838,
              "Actual Total Time": 258.841,
              "Actual Rows": 1,
              "Actual Loops": 4,
              "Plans": [
                {
                  "Node Type": "Hash Join",
                  "Parent Relationship": "Outer",
                  "Parallel Aware": true,
                  "Join Type": "Inner",
                  "Startup Cost": 47061.52,
                  "Total Cost": 77493.96,
                  "Plan Rows": 85588,
                  "Plan Width": 0,
                  "Actual Startup Time": 197.289,
                  "Actual Total Time": 255.162,
                  "Actual Rows": 92282,
                  "Actual Loops": 4,
                  "Inner Unique": true,
                  "Hash Cond": "(mc.movie_id = t.id)",
                  "Plans": [
                    {
                      "Node Type": "Seq Scan",
                      "Parent Relationship": "Outer",
                      "Parallel Aware": true,
                      "Relation Name": "movie_companies",
                      "Alias": "mc",
                      "Startup Cost": 0.0,
                      "Total Cost": 29310.68,
                      "Plan Rows": 427336,
                      "Plan Width": 4,
                      "Actual Startup Time": 28.134,
                      "Actual Total Time": 63.179,
                      "Actual Rows": 333721,
                      "Actual Loops": 4,
                      "Filter": "(company_type_id = 2)",
                      "Rows Removed by Filter": 318562
                    },
                    {
                      "Node Type": "Hash",
                      "Parent Relationship": "Inner",
                      "Parallel Aware": true,
                      "Startup Cost": 45479.1,
                      "Total Cost": 45479.1,
                      "Plan Rows": 126594,
                      "Plan Width": 4,
                      "Actual Startup Time": 130.604,
                      "Actual Total Time": 130.605,
                      "Actual Rows": 94480,
                      "Actual Loops": 4,
                      "Hash Buckets": 524288,
                      "Original Hash Buckets": 524288,
                      "Hash Batches": 1,
                      "Original Hash Batches": 1,
                      "Peak Memory Usage": 18944,
                      "Plans": [
                        {
                          "Node Type": "Seq Scan",
                          "Parent Relationship": "Outer",
                          "Parallel Aware": true,
                          "Relation Name": "title",
                          "Alias": "t",
                          "Startup Cost": 0.0,
                          "Total Cost": 45479.1,
                          "Plan Rows": 126594,
                          "Plan Width": 4,
                          "Actual Startup Time": 46.655,
                          "Actual Total Time": 100.178,
                          "Actual Rows": 94480,
                          "Actual Loops": 4,
                          "Filter": "((production_year > 1981) AND (kind_id = 1))",
                          "Rows Removed by Filter": 537598
                        }
                      ]
                    }
                  ]
                }
              ]
            }
          ]
        }
      ]
    },
    "Planning Time": 0.694,
    "Triggers": [],
    "Execution Time": 285.744
  }
]