[
  {
    "Plan": {
      "Node Type": "Aggregate",
      "Strategy": "Plain",
      "Partial Mode": "Finalize",
      "Parallel Aware": false,
      "Startup Cost": 350638.3,
      "Total Cost": 350638.31,
      "Plan Rows": 1,
      "Plan Width": 8,
      "Actual Startup Time": 501.885,
      "Actual Total Time": 521.56,
      "Actual Rows": 1,
      "Actual Loops": 1,
      "Plans": [
        {
          "Node Type": "Gather",
          "Parent Relationship": "Outer",
          "Parallel Aware": false,
          "Startup Cost": 350637.67,
          "Total Cost": 350638.28,
          "Plan Rows": 6,
          "Plan Width": 8,
          "Actual Startup Time": 497.374,
          "Actual Total Time": 521.549,
          "Actual Rows": 7,
          "Actual Loops": 1,
          "Workers Planned": 6,
          "Workers Launched": 6,
          "Single Copy": false,
          "Plans": [
            {
              "Node Type": "Aggregate",
              "Strategy": "Plain",
              "Partial Mode": "Partial",
              "Parent Relationship": "Outer",
              "Parallel Aware": false,
              "Startup Cost": 349637.67,
              "Total Cost": 349637.68,
              "Plan Rows": 1,
              "Plan Width": 8,
              "Actual Startup Time": 482.556,
              "Actual Total Time": 482.561,
              "Actual Rows": 1,
              "Actual Loops": 7,
              "Plans": [
                {
                  "Node Type": "Nested Loop",
                  "Parent Relationship": "Outer",
                  "Parallel Aware": false,
                  "Join Type": "Inner",
                  "Startup Cost": 74145.73,
                  "Total Cost": 349561.54,
                  "Plan Rows": 30452,
                  "Plan Width": 0,
                  "Actual Startup Time": 218.069,
                  "Actual Total Time": 479.489,
                  "Actual Rows": 55843,
                  "Actual Loops": 7,
                  "Inner Unique": false,
                  "Plans": [
                    {
                      "Node Type": "Hash Join",
                      "Parent Relationship": "Outer",
                      "Parallel Aware": true,
                      "Join Type": "Inner",
                      "Startup Cost": 74145.3,
                      "Total Cost": 329869.57,
                      "Plan Rows": 29509,
                      "Plan Width": 8,
                      "Actual Startup Time": 217.645,
                      "Actual Total Time": 308.934,
                      "Actual Rows": 55001,
                      "Actual Loops": 7,
                      "Inner Unique": true,
                      "Hash Cond": "(ci.movie_id = t.id)",
                      "Plans": [
                        {
                          "Node Type": "Bitmap Heap Scan",
                          "Parent Relationship": "Outer",
                          "Parallel Aware": true,
                          "Relation Name": "cast_info",
                          "Alias": "ci",
                          "Startup Cost": 25121.1,
                          "Total Cost": 280672.73,
                          "Plan Rows": 65766,
                          "Plan Width": 4,
                          "Actual Startup Time": 42.283,
                          "Actual Total Time": 76.045,
                          "Actual Rows": 120422,
                          "Actual Loops": 7,
                          "Recheck Cond": "(person_id < 118307)",
                          "Rows Removed by Index Recheck": 0,
                          "Filter": "(role_id = 1)",
                          "Rows Removed by Filter": 45177,
                          "Exact Heap Blocks": 2255,
                          "Lossy Heap Blocks": 0,
                          "Plans": [
                            {
                              "Node Type": "Bitmap Index Scan",
                              "Parent Relationship": "Outer",
                              "Parallel Aware": false,
                              "Index Name": "person_id_cast_info",
                              "Startup Cost": 0.0,
                              "Total Cost": 25022.45,
                              "Plan Rows": 1145852,
                              "Plan Width": 0,
                              "Actual Startup Time": 40.545,
                              "Actual Total Time": 40.546,
                              "Actual Rows": 1159191,
                              "Actual Loops": 1,
                              "Index Cond": "(person_id < 118307)"
                            }
                          ]
                        },
                        {
                          "Node Type": "Hash",
                          "Parent Relationship": "Inner",
                          "Parallel Aware": true,
                          "Startup Cost": 45479.1,
                          "Total Cost": 45479.1,
                          "Plan Rows": 283608,
                          "Plan Width": 4,
                          "Actual Startup Time": 170.772,
                          "Actual Total Time": 170.773,
                          "Actual Rows": 176406,
                          "Actual Loops": 7,
                          "Hash Buckets": 2097152,
                          "Original Hash Buckets": 2097152,
                          "Hash Batches": 1,
                          "Original Hash Batches": 1,
                          "Peak Memory Usage": 64864,
                          "Plans": [
                            {
                              "Node Type": "Seq Scan",
                              "Parent Relationship": "Outer",
                              "Parallel Aware": true,
                              "Relation Name": "title",
                              "Alias": "t",
                              "Startup Cost": 0.0,
                              "Total Cost": 45479.1,
                              "Plan Rows": 283608,
                              "Plan Width": 4,
                              "Actual Startup Time": 0.044,
                              "Actual Total Time": 76.977,
                              "Actual Rows": 176406,
                              "Actual Loops": 7,
                              "Filter": "((kind_id > 1) AND (production_year > 1997))",
                              "Rows Removed by Filter": 184781
                            }
                          ]
                        }
                      ]
                    },
                    {
                      "Node Type": "Index Only Scan",
                      "Parent Relationship": "Inner",
                      "Parallel Aware": false,
                      "Scan Direction": "Forward",
                      "Index Name": "movie_id_movie_companies",
                      "Relation Name": "movie_companies",
                      "Alias": "mc",
                      "Startup Cost": 0.43,
                      "Total Cost": 0.62,
                      "Plan Rows": 5,
                      "Plan Width": 4,
                      "Actual Startup Time": 0.002,
                      "Actual Total Time": 0.003,
                      "Actual Rows": 1,
                      "Actual Loops": 385006,
                      "Index Cond": "(movie_id = t.id)",
                      "Rows Removed by Index Recheck": 0,
                      "Heap Fetches": 390904
                    }
                  ]
                }
              ]
            }
          ]
        }
      ]
    },
    "Planning Time": 1.755,
    "Triggers": [],
    "Execution Time": 521.671
  }
]