{
  "Plan": {
    "Node Type": "Aggregate",
    "Strategy": "Plain",
    "Partial Mode": "Finalize",
    "Parallel Aware": false,
    "Startup Cost": 579078.03,
    "Total Cost": 579078.04,
    "Plan Rows": 1,
    "Plan Width": 8,
    "Actual Startup Time": 4228.183,
    "Actual Total Time": 4277.081,
    "Actual Rows": 1,
    "Actual Loops": 1,
    "Plans": [
      {
        "Node Type": "Gather",
        "Parent Relationship": "Outer",
        "Parallel Aware": false,
        "Startup Cost": 579077.92,
        "Total Cost": 579078.03,
        "Plan Rows": 1,
        "Plan Width": 8,
        "Actual Startup Time": 4227.42,
        "Actual Total Time": 4277.071,
        "Actual Rows": 2,
        "Actual Loops": 1,
        "Workers Planned": 1,
        "Workers Launched": 1,
        "Single Copy": false,
        "Plans": [
          {
            "Node Type": "Aggregate",
            "Strategy": "Plain",
            "Partial Mode": "Partial",
            "Parent Relationship": "Outer",
            "Parallel Aware": false,
            "Startup Cost": 578077.92,
            "Total Cost": 578077.93,
            "Plan Rows": 1,
            "Plan Width": 8,
            "Actual Startup Time": 4221.329,
            "Actual Total Time": 4221.476,
            "Actual Rows": 1,
            "Actual Loops": 2,
            "Plans": [
              {
                "Node Type": "Hash Join",
                "Parent Relationship": "Outer",
                "Parallel Aware": true,
                "Join Type": "Inner",
                "Startup Cost": 54381.42,
                "Total Cost": 576114.78,
                "Plan Rows": 785256,
                "Plan Width": 0,
                "Actual Startup Time": 133.745,
                "Actual Total Time": 4159.429,
                "Actual Rows": 1282318,
                "Actual Loops": 2,
                "Inner Unique": true,
                "Hash Cond": "(ci.movie_id = t.id)",
                "Plans": [
                  {
                    "Node Type": "Seq Scan",
                    "Parent Relationship": "Outer",
                    "Parallel Aware": true,
                    "Relation Name": "cast_info",
                    "Alias": "ci",
                    "Startup Cost": 0.0,
                    "Total Cost": 465792.95,
                    "Plan Rows": 21310595,
                    "Plan Width": 4,
                    "Actual Startup Time": 0.015,
                    "Actual Total Time": 1402.054,
                    "Actual Rows": 18122172,
                    "Actual Loops": 2
                  },
                  {
                    "Node Type": "Hash",
                    "Parent Relationship": "Inner",
                    "Parallel Aware": true,
                    "Startup Cost": 53696.4,
                    "Total Cost": 53696.4,
                    "Plan Rows": 54802,
                    "Plan Width": 4,
                    "Actual Startup Time": 131.397,
                    "Actual Total Time": 131.398,
                    "Actual Rows": 113228,
                    "Actual Loops": 2,
                    "Hash Buckets": 262144,
                    "Original Hash Buckets": 131072,
                    "Hash Batches": 1,
                    "Original Hash Batches": 1,
                    "Peak Memory Usage": 11968,
                    "Plans": [
                      {
                        "Node Type": "Bitmap Heap Scan",
                        "Parent Relationship": "Outer",
                        "Parallel Aware": true,
                        "Relation Name": "title",
                        "Alias": "t",
                        "Startup Cost": 11846.14,
                        "Total Cost": 53696.4,
                        "Plan Rows": 54802,
                        "Plan Width": 4,
                        "Actual Startup Time": 36.408,
                        "Actual Total Time": 101.856,
                        "Actual Rows": 113228,
                        "Actual Loops": 2,
                        "Recheck Cond": "(kind_id < 2)",
                        "Rows Removed by Index Recheck": 0,
                        "Filter": "(production_year < 1970)",
                        "Rows Removed by Filter": 218184,
                        "Exact Heap Blocks": 9238,
                        "Lossy Heap Blocks": 0,
                        "Plans": [
                          {
                            "Node Type": "Bitmap Index Scan",
                            "Parent Relationship": "Outer",
                            "Parallel Aware": false,
                            "Index Name": "kind_id_title",
                            "Startup Cost": 0.0,
                            "Total Cost": 11822.85,
                            "Plan Rows": 663256,
                            "Plan Width": 0,
                            "Actual Startup Time": 38.04,
                            "Actual Total Time": 38.041,
                            "Actual Rows": 662825,
                            "Actual Loops": 1,
                            "Index Cond": "(kind_id < 2)"
                          }
                        ]
                      }
                    ]
                  }
                ]
              }
            ]
          }
        ]
      }
    ]
  },
  "Planning Time": 0.667,
  "Triggers": [],
  "Execution Time": 4277.184
}