{
    "Plan": {
        "Node Type": "Aggregate",
        "Strategy": "Plain",
        "Partial Mode": "Finalize",
        "Parallel Aware": false,
        "Startup Cost": 398090.02,
        "Total Cost": 398090.03,
        "Plan Rows": 1,
        "Plan Width": 8,
        "Actual Startup Time": 1089.705,
        "Actual Total Time": 1140.415,
        "Actual Rows": 1,
        "Actual Loops": 1,
        "Output": [
            "count(*)"
        ],
        "Plans": [
            {
                "Node Type": "Gather",
                "Parent Relationship": "Outer",
                "Parallel Aware": false,
                "Startup Cost": 398089.4,
                "Total Cost": 398090.01,
                "Plan Rows": 6,
                "Plan Width": 8,
                "Actual Startup Time": 1086.292,
                "Actual Total Time": 1140.401,
                "Actual Rows": 7,
                "Actual Loops": 1,
                "Output": [
                    "(PARTIAL count(*))"
                ],
                "Workers Planned": 6,
                "Workers Launched": 6,
                "Single Copy": false,
                "Plans": [
                    {
                        "Node Type": "Aggregate",
                        "Strategy": "Plain",
                        "Partial Mode": "Partial",
                        "Parent Relationship": "Outer",
                        "Parallel Aware": false,
                        "Startup Cost": 397089.4,
                        "Total Cost": 397089.41,
                        "Plan Rows": 1,
                        "Plan Width": 8,
                        "Actual Startup Time": 1075.611,
                        "Actual Total Time": 1075.614,
                        "Actual Rows": 1,
                        "Actual Loops": 7,
                        "Output": [
                            "PARTIAL count(*)"
                        ],
                        "Workers": [
                            {
                                "Worker Number": 0,
                                "Actual Startup Time": 1073.261,
                                "Actual Total Time": 1073.264,
                                "Actual Rows": 1,
                                "Actual Loops": 1
                            },
                            {
                                "Worker Number": 1,
                                "Actual Startup Time": 1073.567,
                                "Actual Total Time": 1073.569,
                                "Actual Rows": 1,
                                "Actual Loops": 1
                            },
                            {
                                "Worker Number": 2,
                                "Actual Startup Time": 1073.555,
                                "Actual Total Time": 1073.557,
                                "Actual Rows": 1,
                                "Actual Loops": 1
                            },
                            {
                                "Worker Number": 3,
                                "Actual Startup Time": 1074.421,
                                "Actual Total Time": 1074.426,
                                "Actual Rows": 1,
                                "Actual Loops": 1
                            },
                            {
                                "Worker Number": 4,
                                "Actual Startup Time": 1074.447,
                                "Actual Total Time": 1074.45,
                                "Actual Rows": 1,
                                "Actual Loops": 1
                            },
                            {
                                "Worker Number": 5,
                                "Actual Startup Time": 1074.685,
                                "Actual Total Time": 1074.687,
                                "Actual Rows": 1,
                                "Actual Loops": 1
                            }
                        ],
                        "Plans": [
                            {
                                "Node Type": "Hash Join",
                                "Parent Relationship": "Outer",
                                "Parallel Aware": true,
                                "Join Type": "Inner",
                                "Startup Cost": 46963.1,
                                "Total Cost": 396056.53,
                                "Plan Rows": 413145,
                                "Plan Width": 0,
                                "Actual Startup Time": 302.365,
                                "Actual Total Time": 1062.06,
                                "Actual Rows": 280537,
                                "Actual Loops": 7,
                                "Inner Unique": true,
                                "Hash Cond": "(ci.movie_id = t.id)",
                                "Workers": [
                                    {
                                        "Worker Number": 0,
                                        "Actual Startup Time": 300.038,
                                        "Actual Total Time": 1058.271,
                                        "Actual Rows": 213926,
                                        "Actual Loops": 1
                                    },
                                    {
                                        "Worker Number": 1,
                                        "Actual Startup Time": 300.675,
                                        "Actual Total Time": 1060.353,
                                        "Actual Rows": 309980,
                                        "Actual Loops": 1
                                    },
                                    {
                                        "Worker Number": 2,
                                        "Actual Startup Time": 300.339,
                                        "Actual Total Time": 1060.307,
                                        "Actual Rows": 306732,
                                        "Actual Loops": 1
                                    },
                                    {
                                        "Worker Number": 3,
                                        "Actual Startup Time": 300.643,
                                        "Actual Total Time": 1060.666,
                                        "Actual Rows": 195884,
                                        "Actual Loops": 1
                                    },
                                    {
                                        "Worker Number": 4,
                                        "Actual Startup Time": 301.222,
                                        "Actual Total Time": 1061.023,
                                        "Actual Rows": 315413,
                                        "Actual Loops": 1
                                    },
                                    {
                                        "Worker Number": 5,
                                        "Actual Startup Time": 301.496,
                                        "Actual Total Time": 1061.227,
                                        "Actual Rows": 312230,
                                        "Actual Loops": 1
                                    }
                                ],
                                "Plans": [
                                    {
                                        "Node Type": "Seq Scan",
                                        "Parent Relationship": "Outer",
                                        "Parallel Aware": true,
                                        "Relation Name": "cast_info",
                                        "Schema": "public",
                                        "Alias": "ci",
                                        "Startup Cost": 0.0,
                                        "Total Cost": 343318.94,
                                        "Plan Rows": 2199805,
                                        "Plan Width": 4,
                                        "Actual Startup Time": 198.825,
                                        "Actual Total Time": 643.608,
                                        "Actual Rows": 1570358,
                                        "Actual Loops": 7,
                                        "Output": [
                                            "ci.id",
                                            "ci.person_id",
                                            "ci.movie_id",
                                            "ci.person_role_id",
                                            "ci.note",
                                            "ci.nr_order",
                                            "ci.role_id"
                                        ],
                                        "Filter": "((ci.person_id > 1629323) AND (ci.role_id < 4))",
                                        "Rows Removed by Filter": 3607406,
                                        "Workers": [
                                            {
                                                "Worker Number": 0,
                                                "Actual Startup Time": 198.85,
                                                "Actual Total Time": 654.738,
                                                "Actual Rows": 1187041,
                                                "Actual Loops": 1
                                            },
                                            {
                                                "Worker Number": 1,
                                                "Actual Startup Time": 198.842,
                                                "Actual Total Time": 647.029,
                                                "Actual Rows": 1749379,
                                                "Actual Loops": 1
                                            },
                                            {
                                                "Worker Number": 2,
                                                "Actual Startup Time": 198.815,
                                                "Actual Total Time": 646.379,
                                                "Actual Rows": 1717999,
                                                "Actual Loops": 1
                                            },
                                            {
                                                "Worker Number": 3,
                                                "Actual Startup Time": 198.802,
                                                "Actual Total Time": 646.235,
                                                "Actual Rows": 1092487,
                                                "Actual Loops": 1
                                            },
                                            {
                                                "Worker Number": 4,
                                                "Actual Startup Time": 198.831,
                                                "Actual Total Time": 647.093,
                                                "Actual Rows": 1768905,
                                                "Actual Loops": 1
                                            },
                                            {
                                                "Worker Number": 5,
                                                "Actual Startup Time": 198.818,
                                                "Actual Total Time": 647.163,
                                                "Actual Rows": 1744927,
                                                "Actual Loops": 1
                                            }
                                        ]
                                    },
                                    {
                                        "Node Type": "Hash",
                                        "Parent Relationship": "Inner",
                                        "Parallel Aware": true,
                                        "Startup Cost": 45479.21,
                                        "Total Cost": 45479.21,
                                        "Plan Rows": 118711,
                                        "Plan Width": 4,
                                        "Actual Startup Time": 101.059,
                                        "Actual Total Time": 101.06,
                                        "Actual Rows": 70861,
                                        "Actual Loops": 7,
                                        "Output": [
                                            "t.id"
                                        ],
                                        "Hash Buckets": 524288,
                                        "Original Hash Buckets": 524288,
                                        "Hash Batches": 1,
                                        "Original Hash Batches": 1,
                                        "Peak Memory Usage": 23648,
                                        "Workers": [
                                            {
                                                "Worker Number": 0,
                                                "Actual Startup Time": 100.565,
                                                "Actual Total Time": 100.566,
                                                "Actual Rows": 53879,
                                                "Actual Loops": 1
                                            },
                                            {
                                                "Worker Number": 1,
                                                "Actual Startup Time": 100.834,
                                                "Actual Total Time": 100.835,
                                                "Actual Rows": 78642,
                                                "Actual Loops": 1
                                            },
                                            {
                                                "Worker Number": 2,
                                                "Actual Startup Time": 100.826,
                                                "Actual Total Time": 100.827,
                                                "Actual Rows": 77773,
                                                "Actual Loops": 1
                                            },
                                            {
                                                "Worker Number": 3,
                                                "Actual Startup Time": 101.131,
                                                "Actual Total Time": 101.132,
                                                "Actual Rows": 49426,
                                                "Actual Loops": 1
                                            },
                                            {
                                                "Worker Number": 4,
                                                "Actual Startup Time": 101.795,
                                                "Actual Total Time": 101.795,
                                                "Actual Rows": 78551,
                                                "Actual Loops": 1
                                            },
                                            {
                                                "Worker Number": 5,
                                                "Actual Startup Time": 102.001,
                                                "Actual Total Time": 102.002,
                                                "Actual Rows": 78155,
                                                "Actual Loops": 1
                                            }
                                        ],
                                        "Plans": [
                                            {
                                                "Node Type": "Seq Scan",
                                                "Parent Relationship": "Outer",
                                                "Parallel Aware": true,
                                                "Relation Name": "title",
                                                "Schema": "public",
                                                "Alias": "t",
                                                "Startup Cost": 0.0,
                                                "Total Cost": 45479.21,
                                                "Plan Rows": 118711,
                                                "Plan Width": 4,
                                                "Actual Startup Time": 47.204,
                                                "Actual Total Time": 75.333,
                                                "Actual Rows": 70861,
                                                "Actual Loops": 7,
                                                "Output": [
                                                    "t.id"
                                                ],
                                                "Filter": "((t.production_year < 2009) AND (t.kind_id = 1))",
                                                "Rows Removed by Filter": 290327,
                                                "Workers": [
                                                    {
                                                        "Worker Number": 0,
                                                        "Actual Startup Time": 47.415,
                                                        "Actual Total Time": 76.138,
                                                        "Actual Rows": 53879,
                                                        "Actual Loops": 1
                                                    },
                                                    {
                                                        "Worker Number": 1,
                                                        "Actual Startup Time": 47.256,
                                                        "Actual Total Time": 75.595,
                                                        "Actual Rows": 78642,
                                                        "Actual Loops": 1
                                                    },
                                                    {
                                                        "Worker Number": 2,
                                                        "Actual Startup Time": 47.084,
                                                        "Actual Total Time": 75.72,
                                                        "Actual Rows": 77773,
                                                        "Actual Loops": 1
                                                    },
                                                    {
                                                        "Worker Number": 3,
                                                        "Actual Startup Time": 47.078,
                                                        "Actual Total Time": 76.002,
                                                        "Actual Rows": 49426,
                                                        "Actual Loops": 1
                                                    },
                                                    {
                                                        "Worker Number": 4,
                                                        "Actual Startup Time": 47.18,
                                                        "Actual Total Time": 75.693,
                                                        "Actual Rows": 78551,
                                                        "Actual Loops": 1
                                                    },
                                                    {
                                                        "Worker Number": 5,
                                                        "Actual Startup Time": 47.105,
                                                        "Actual Total Time": 75.542,
                                                        "Actual Rows": 78155,
                                                        "Actual Loops": 1
                                                    }
                                                ]
                                            }
                                        ]
                                    }
                                ]
                            }
                        ]
                    }
                ]
            }
        ]
    },
    "Planning Time": 0.792,
    "Triggers": [],
    "Execution Time": 1140.515
}