[
  {
    "Plan": {
      "Node Type": "Aggregate",
      "Strategy": "Plain",
      "Partial Mode": "Finalize",
      "Parallel Aware": false,
      "Startup Cost": 46401.48,
      "Total Cost": 46401.49,
      "Plan Rows": 1,
      "Plan Width": 8,
      "Actual Startup Time": 148.813,
      "Actual Total Time": 158.276,
      "Actual Rows": 1,
      "Actual Loops": 1,
      "Plans": [
        {
          "Node Type": "Gather",
          "Parent Relationship": "Outer",
          "Parallel Aware": false,
          "Startup Cost": 46401.16,
          "Total Cost": 46401.47,
          "Plan Rows": 3,
          "Plan Width": 8,
          "Actual Startup Time": 148.68,
          "Actual Total Time": 158.266,
          "Actual Rows": 4,
          "Actual Loops": 1,
          "Workers Planned": 3,
          "Workers Launched": 3,
          "Single Copy": false,
          "Plans": [
            {
              "Node Type": "Aggregate",
              "Strategy": "Plain",
              "Partial Mode": "Partial",
              "Parent Relationship": "Outer",
              "Parallel Aware": false,
              "Startup Cost": 45401.16,
              "Total Cost": 45401.17,
              "Plan Rows": 1,
              "Plan Width": 8,
              "Actual Startup Time": 145.164,
              "Actual Total Time": 145.165,
              "Actual Rows": 1,
              "Actual Loops": 4,
              "Plans": [
                {
                  "Node Type": "Seq Scan",
                  "Parent Relationship": "Outer",
                  "Parallel Aware": true,
                  "Relation Name": "movie_keyword",
                  "Alias": "mk",
                  "Startup Cost": 0.0,
                  "Total Cost": 42695.65,
                  "Plan Rows": 1082202,
                  "Plan Width": 0,
                  "Actual Startup Time": 0.029,
                  "Actual Total Time": 110.853,
                  "Actual Rows": 836204,
                  "Actual Loops": 4,
                  "Filter": "(keyword_id < 15831)",
                  "Rows Removed by Filter": 294778
                }
              ]
            }
          ]
        }
      ]
    },
    "Planning Time": 0.143,
    "Triggers": [],
    "Execution Time": 158.32
  }
]