[
  {
    "Plan": {
      "Node Type": "Aggregate",
      "Strategy": "Plain",
      "Partial Mode": "Finalize",
      "Parallel Aware": false,
      "Startup Cost": 32901.13,
      "Total Cost": 32901.14,
      "Plan Rows": 1,
      "Plan Width": 8,
      "Actual Startup Time": 105.007,
      "Actual Total Time": 114.112,
      "Actual Rows": 1,
      "Actual Loops": 1,
      "Plans": [
        {
          "Node Type": "Gather",
          "Parent Relationship": "Outer",
          "Parallel Aware": false,
          "Startup Cost": 32900.81,
          "Total Cost": 32901.12,
          "Plan Rows": 3,
          "Plan Width": 8,
          "Actual Startup Time": 104.833,
          "Actual Total Time": 114.102,
          "Actual Rows": 4,
          "Actual Loops": 1,
          "Workers Planned": 3,
          "Workers Launched": 3,
          "Single Copy": false,
          "Plans": [
            {
              "Node Type": "Aggregate",
              "Strategy": "Plain",
              "Partial Mode": "Partial",
              "Parent Relationship": "Outer",
              "Parallel Aware": false,
              "Startup Cost": 31900.81,
              "Total Cost": 31900.82,
              "Plan Rows": 1,
              "Plan Width": 8,
              "Actual Startup Time": 99.397,
              "Actual Total Time": 99.398,
              "Actual Rows": 1,
              "Actual Loops": 4,
              "Plans": [
                {
                  "Node Type": "Seq Scan",
                  "Parent Relationship": "Outer",
                  "Parallel Aware": true,
                  "Relation Name": "movie_companies",
                  "Alias": "mc",
                  "Startup Cost": 0.0,
                  "Total Cost": 31414.82,
                  "Plan Rows": 194398,
                  "Plan Width": 0,
                  "Actual Startup Time": 43.067,
                  "Actual Total Time": 87.166,
                  "Actual Rows": 218894,
                  "Actual Loops": 4,
                  "Filter": "((company_id > 12784) AND (company_type_id = 2))",
                  "Rows Removed by Filter": 433389
                }
              ]
            }
          ]
        }
      ]
    },
    "Planning Time": 0.215,
    "Triggers": [],
    "Execution Time": 114.141
  }
]