[
  {
    "Plan": {
      "Node Type": "Aggregate",
      "Strategy": "Plain",
      "Partial Mode": "Finalize",
      "Parallel Aware": false,
      "Startup Cost": 296309.52,
      "Total Cost": 296309.53,
      "Plan Rows": 1,
      "Plan Width": 8,
      "Actual Startup Time": 1098.059,
      "Actual Total Time": 1147.735,
      "Actual Rows": 1,
      "Actual Loops": 1,
      "Plans": [
        {
          "Node Type": "Gather",
          "Parent Relationship": "Outer",
          "Parallel Aware": false,
          "Startup Cost": 296309.0,
          "Total Cost": 296309.51,
          "Plan Rows": 5,
          "Plan Width": 8,
          "Actual Startup Time": 1081.445,
          "Actual Total Time": 1147.718,
          "Actual Rows": 6,
          "Actual Loops": 1,
          "Workers Planned": 5,
          "Workers Launched": 5,
          "Single Copy": false,
          "Plans": [
            {
              "Node Type": "Aggregate",
              "Strategy": "Plain",
              "Partial Mode": "Partial",
              "Parent Relationship": "Outer",
              "Parallel Aware": false,
              "Startup Cost": 295309.0,
              "Total Cost": 295309.01,
              "Plan Rows": 1,
              "Plan Width": 8,
              "Actual Startup Time": 1071.495,
              "Actual Total Time": 1071.7,
              "Actual Rows": 1,
              "Actual Loops": 6,
              "Plans": [
                {
                  "Node Type": "Hash Join",
                  "Parent Relationship": "Outer",
                  "Parallel Aware": true,
                  "Join Type": "Inner",
                  "Startup Cost": 85464.89,
                  "Total Cost": 293682.71,
                  "Plan Rows": 650518,
                  "Plan Width": 0,
                  "Actual Startup Time": 415.825,
                  "Actual Total Time": 1042.723,
                  "Actual Rows": 615190,
                  "Actual Loops": 6,
                  "Inner Unique": false,
                  "Hash Cond": "(mi.movie_id = t.id)",
                  "Plans": [
                    {
                      "Node Type": "Seq Scan",
                      "Parent Relationship": "Outer",
                      "Parallel Aware": true,
                      "Relation Name": "movie_info",
                      "Alias": "mi",
                      "Startup Cost": 0.0,
                      "Total Cost": 199108.24,
                      "Plan Rows": 1869633,
                      "Plan Width": 4,
                      "Actual Startup Time": 17.599,
                      "Actual Total Time": 365.001,
                      "Actual Rows": 1570867,
                      "Actual Loops": 6,
                      "Filter": "(info_type_id > 5)",
                      "Rows Removed by Filter": 901753
                    },
                    {
                      "Node Type": "Hash",
                      "Parent Relationship": "Inner",
                      "Parallel Aware": true,
                      "Startup Cost": 81917.56,
                      "Total Cost": 81917.56,
                      "Plan Rows": 283786,
                      "Plan Width": 8,
                      "Actual Startup Time": 394.447,
                      "Actual Total Time": 394.65,
                      "Actual Rows": 85200,
                      "Actual Loops": 6,
                      "Hash Buckets": 1048576,
                      "Original Hash Buckets": 1048576,
                      "Hash Batches": 1,
                      "Original Hash Batches": 1,
                      "Peak Memory Usage": 28320,
                      "Plans": [
                        {
                          "Node Type": "Hash Join",
                          "Parent Relationship": "Outer",
                          "Parallel Aware": true,
                          "Join Type": "Inner",
                          "Startup Cost": 49440.52,
                          "Total Cost": 81917.56,
                          "Plan Rows": 283786,
                          "Plan Width": 8,
                          "Actual Startup Time": 235.487,
                          "Actual Total Time": 358.467,
                          "Actual Rows": 85200,
                          "Actual Loops": 6,
                          "Inner Unique": true,
                          "Hash Cond": "(mc.movie_id = t.id)",
                          "Plans": [
                            {
                              "Node Type": "Seq Scan",
                              "Parent Relationship": "Outer",
                              "Parallel Aware": true,
                              "Relation Name": "movie_companies",
                              "Alias": "mc",
                              "Startup Cost": 0.0,
                              "Total Cost": 31414.82,
                              "Plan Rows": 404657,
                              "Plan Width": 4,
                              "Actual Startup Time": 0.016,
                              "Actual Total Time": 56.661,
                              "Actual Rows": 212374,
                              "Actual Loops": 6,
                              "Filter": "((company_id < 196929) AND (company_type_id < 2))",
                              "Rows Removed by Filter": 222480
                            },
                            {
                              "Node Type": "Hash",
                              "Parent Relationship": "Inner",
                              "Parallel Aware": true,
                              "Startup Cost": 43899.32,
                              "Total Cost": 43899.32,
                              "Plan Rows": 443296,
                              "Plan Width": 4,
                              "Actual Startup Time": 232.203,
                              "Actual Total Time": 232.206,
                              "Actual Rows": 295772,
                              "Actual Loops": 6,
                              "Hash Buckets": 2097152,
                              "Original Hash Buckets": 2097152,
                              "Hash Batches": 1,
                              "Original Hash Batches": 1,
                              "Peak Memory Usage": 85888,
                              "Plans": [
                                {
                                  "Node Type": "Seq Scan",
                                  "Parent Relationship": "Outer",
                                  "Parallel Aware": true,
                                  "Relation Name": "title",
                                  "Alias": "t",
                                  "Startup Cost": 0.0,
                                  "Total Cost": 43899.32,
                                  "Plan Rows": 443296,
                                  "Plan Width": 4,
                                  "Actual Startup Time": 0.056,
                                  "Actual Total Time": 91.247,
                                  "Actual Rows": 295772,
                                  "Actual Loops": 6,
                                  "Filter": "(kind_id > 2)",
                                  "Rows Removed by Filter": 125613
                                }
                              ]
                            }
                          ]
                        }
                      ]
                    }
                  ]
                }
              ]
            }
          ]
        }
      ]
    },
    "Planning Time": 1.496,
    "Triggers": [],
    "Execution Time": 1147.823
  }
]