[
  {
    "Plan": {
      "Node Type": "Aggregate",
      "Strategy": "Plain",
      "Partial Mode": "Finalize",
      "Parallel Aware": false,
      "Startup Cost": 210173.44,
      "Total Cost": 210173.45,
      "Plan Rows": 1,
      "Plan Width": 8,
      "Actual Startup Time": 256.148,
      "Actual Total Time": 271.941,
      "Actual Rows": 1,
      "Actual Loops": 1,
      "Plans": [
        {
          "Node Type": "Gather",
          "Parent Relationship": "Outer",
          "Parallel Aware": false,
          "Startup Cost": 210172.81,
          "Total Cost": 210173.42,
          "Plan Rows": 6,
          "Plan Width": 8,
          "Actual Startup Time": 256.039,
          "Actual Total Time": 271.932,
          "Actual Rows": 7,
          "Actual Loops": 1,
          "Workers Planned": 6,
          "Workers Launched": 6,
          "Single Copy": false,
          "Plans": [
            {
              "Node Type": "Aggregate",
              "Strategy": "Plain",
              "Partial Mode": "Partial",
              "Parent Relationship": "Outer",
              "Parallel Aware": false,
              "Startup Cost": 209172.81,
              "Total Cost": 209172.82,
              "Plan Rows": 1,
              "Plan Width": 8,
              "Actual Startup Time": 246.067,
              "Actual Total Time": 246.068,
              "Actual Rows": 1,
              "Actual Loops": 7,
              "Plans": [
                {
                  "Node Type": "Index Scan",
                  "Parent Relationship": "Outer",
                  "Parallel Aware": true,
                  "Scan Direction": "Forward",
                  "Index Name": "role_id_cast_info",
                  "Relation Name": "cast_info",
                  "Alias": "ci",
                  "Startup Cost": 0.56,
                  "Total Cost": 209040.78,
                  "Plan Rows": 52811,
                  "Plan Width": 0,
                  "Actual Startup Time": 160.819,
                  "Actual Total Time": 236.354,
                  "Actual Rows": 207289,
                  "Actual Loops": 7,
                  "Index Cond": "(role_id > 6)",
                  "Rows Removed by Index Recheck": 0,
                  "Filter": "(person_id > 3777400)",
                  "Rows Removed by Filter": 894517
                }
              ]
            }
          ]
        }
      ]
    },
    "Planning Time": 0.231,
    "Triggers": [],
    "Execution Time": 272.006
  }
]