[
    {
        "Bao": {
            "Bao prediction": "NaN",
            "Bao recommended hint": "(no hint)"
        }
    },
    {
        "Plan": {
            "Node Type": "Aggregate",
            "Strategy": "Plain",
            "Partial Mode": "Finalize",
            "Parallel Aware": false,
            "Startup Cost": 80218.17,
            "Total Cost": 80218.18,
            "Plan Rows": 1,
            "Plan Width": 8,
            "Actual Startup Time": 240.757,
            "Actual Total Time": 248.807,
            "Actual Rows": 1,
            "Actual Loops": 1,
            "Output": [
                "count(*)"
            ],
            "Plans": [
                {
                    "Node Type": "Gather",
                    "Parent Relationship": "Outer",
                    "Parallel Aware": false,
                    "Startup Cost": 80217.85,
                    "Total Cost": 80218.16,
                    "Plan Rows": 3,
                    "Plan Width": 8,
                    "Actual Startup Time": 238.362,
                    "Actual Total Time": 248.8,
                    "Actual Rows": 4,
                    "Actual Loops": 1,
                    "Output": [
                        "(PARTIAL count(*))"
                    ],
                    "Workers Planned": 3,
                    "Workers Launched": 3,
                    "Single Copy": false,
                    "Plans": [
                        {
                            "Node Type": "Aggregate",
                            "Strategy": "Plain",
                            "Partial Mode": "Partial",
                            "Parent Relationship": "Outer",
                            "Parallel Aware": false,
                            "Startup Cost": 79217.85,
                            "Total Cost": 79217.86,
                            "Plan Rows": 1,
                            "Plan Width": 8,
                            "Actual Startup Time": 229.469,
                            "Actual Total Time": 229.472,
                            "Actual Rows": 1,
                            "Actual Loops": 4,
                            "Output": [
                                "PARTIAL count(*)"
                            ],
                            "Workers": [
                                {
                                    "Worker Number": 0,
                                    "Actual Startup Time": 226.412,
                                    "Actual Total Time": 226.416,
                                    "Actual Rows": 1,
                                    "Actual Loops": 1
                                },
                                {
                                    "Worker Number": 1,
                                    "Actual Startup Time": 226.773,
                                    "Actual Total Time": 226.776,
                                    "Actual Rows": 1,
                                    "Actual Loops": 1
                                },
                                {
                                    "Worker Number": 2,
                                    "Actual Startup Time": 226.782,
                                    "Actual Total Time": 226.785,
                                    "Actual Rows": 1,
                                    "Actual Loops": 1
                                }
                            ],
                            "Plans": [
                                {
                                    "Node Type": "Hash Join",
                                    "Parent Relationship": "Outer",
                                    "Parallel Aware": true,
                                    "Join Type": "Inner",
                                    "Startup Cost": 53328.91,
                                    "Total Cost": 79164.59,
                                    "Plan Rows": 21304,
                                    "Plan Width": 0,
                                    "Actual Startup Time": 174.266,
                                    "Actual Total Time": 226.903,
                                    "Actual Rows": 50677,
                                    "Actual Loops": 4,
                                    "Inner Unique": true,
                                    "Hash Cond": "(mk.movie_id = t.id)",
                                    "Workers": [
                                        {
                                            "Worker Number": 0,
                                            "Actual Startup Time": 170.961,
                                            "Actual Total Time": 224.265,
                                            "Actual Rows": 38538,
                                            "Actual Loops": 1
                                        },
                                        {
                                            "Worker Number": 1,
                                            "Actual Startup Time": 171.679,
                                            "Actual Total Time": 224.197,
                                            "Actual Rows": 47070,
                                            "Actual Loops": 1
                                        },
                                        {
                                            "Worker Number": 2,
                                            "Actual Startup Time": 171.647,
                                            "Actual Total Time": 224.226,
                                            "Actual Rows": 47085,
                                            "Actual Loops": 1
                                        }
                                    ],
                                    "Plans": [
                                        {
                                            "Node Type": "Bitmap Heap Scan",
                                            "Parent Relationship": "Outer",
                                            "Parallel Aware": true,
                                            "Relation Name": "movie_keyword",
                                            "Schema": "public",
                                            "Alias": "mk",
                                            "Startup Cost": 6007.13,
                                            "Total Cost": 31603.01,
                                            "Plan Rows": 91351,
                                            "Plan Width": 4,
                                            "Actual Startup Time": 20.483,
                                            "Actual Total Time": 59.954,
                                            "Actual Rows": 70578,
                                            "Actual Loops": 4,
                                            "Output": [
                                                "mk.id",
                                                "mk.movie_id",
                                                "mk.keyword_id"
                                            ],
                                            "Recheck Cond": "(mk.keyword_id > 56661)",
                                            "Rows Removed by Index Recheck": 0,
                                            "Exact Heap Blocks": 7689,
                                            "Lossy Heap Blocks": 0,
                                            "Workers": [
                                                {
                                                    "Worker Number": 0,
                                                    "Actual Startup Time": 20.509,
                                                    "Actual Total Time": 62.196,
                                                    "Actual Rows": 53578,
                                                    "Actual Loops": 1
                                                },
                                                {
                                                    "Worker Number": 1,
                                                    "Actual Startup Time": 20.505,
                                                    "Actual Total Time": 60.958,
                                                    "Actual Rows": 64443,
                                                    "Actual Loops": 1
                                                },
                                                {
                                                    "Worker Number": 2,
                                                    "Actual Startup Time": 20.579,
                                                    "Actual Total Time": 61.037,
                                                    "Actual Rows": 64099,
                                                    "Actual Loops": 1
                                                }
                                            ],
                                            "Plans": [
                                                {
                                                    "Node Type": "Bitmap Index Scan",
                                                    "Parent Relationship": "Outer",
                                                    "Parallel Aware": false,
                                                    "Index Name": "keyword_id_movie_keyword",
                                                    "Startup Cost": 0.0,
                                                    "Total Cost": 5936.34,
                                                    "Plan Rows": 283187,
                                                    "Plan Width": 0,
                                                    "Actual Startup Time": 17.204,
                                                    "Actual Total Time": 17.204,
                                                    "Actual Rows": 282310,
                                                    "Actual Loops": 1,
                                                    "Index Cond": "(mk.keyword_id > 56661)"
                                                }
                                            ]
                                        },
                                        {
                                            "Node Type": "Hash",
                                            "Parent Relationship": "Inner",
                                            "Parallel Aware": true,
                                            "Startup Cost": 45479.21,
                                            "Total Cost": 45479.21,
                                            "Plan Rows": 147406,
                                            "Plan Width": 4,
                                            "Actual Startup Time": 143.351,
                                            "Actual Total Time": 143.351,
                                            "Actual Rows": 148682,
                                            "Actual Loops": 4,
                                            "Output": [
                                                "t.id"
                                            ],
                                            "Hash Buckets": 1048576,
                                            "Original Hash Buckets": 1048576,
                                            "Hash Batches": 1,
                                            "Original Hash Batches": 1,
                                            "Peak Memory Usage": 31520,
                                            "Workers": [
                                                {
                                                    "Worker Number": 0,
                                                    "Actual Startup Time": 144.017,
                                                    "Actual Total Time": 144.018,
                                                    "Actual Rows": 128598,
                                                    "Actual Loops": 1
                                                },
                                                {
                                                    "Worker Number": 1,
                                                    "Actual Startup Time": 144.592,
                                                    "Actual Total Time": 144.593,
                                                    "Actual Rows": 147987,
                                                    "Actual Loops": 1
                                                },
                                                {
                                                    "Worker Number": 2,
                                                    "Actual Startup Time": 144.618,
                                                    "Actual Total Time": 144.619,
                                                    "Actual Rows": 147662,
                                                    "Actual Loops": 1
                                                }
                                            ],
                                            "Plans": [
                                                {
                                                    "Node Type": "Seq Scan",
                                                    "Parent Relationship": "Outer",
                                                    "Parallel Aware": true,
                                                    "Relation Name": "title",
                                                    "Schema": "public",
                                                    "Alias": "t",
                                                    "Startup Cost": 0.0,
                                                    "Total Cost": 45479.21,
                                                    "Plan Rows": 147406,
                                                    "Plan Width": 4,
                                                    "Actual Startup Time": 56.937,
                                                    "Actual Total Time": 97.232,
                                                    "Actual Rows": 148682,
                                                    "Actual Loops": 4,
                                                    "Output": [
                                                        "t.id"
                                                    ],
                                                    "Filter": "((t.production_year < 2012) AND (t.kind_id = 1))",
                                                    "Rows Removed by Filter": 483396,
                                                    "Workers": [
                                                        {
                                                            "Worker Number": 0,
                                                            "Actual Startup Time": 56.857,
                                                            "Actual Total Time": 95.63,
                                                            "Actual Rows": 128598,
                                                            "Actual Loops": 1
                                                        },
                                                        {
                                                            "Worker Number": 1,
                                                            "Actual Startup Time": 56.828,
                                                            "Actual Total Time": 98.934,
                                                            "Actual Rows": 147987,
                                                            "Actual Loops": 1
                                                        },
                                                        {
                                                            "Worker Number": 2,
                                                            "Actual Startup Time": 57.093,
                                                            "Actual Total Time": 98.855,
                                                            "Actual Rows": 147662,
                                                            "Actual Loops": 1
                                                        }
                                                    ]
                                                }
                                            ]
                                        }
                                    ]
                                }
                            ]
                        }
                    ]
                }
            ]
        },
        "Planning Time": 189.955,
        "Triggers": [],
        "Execution Time": 248.894
    }
]