[
  {
    "Plan": {
      "Node Type": "Aggregate",
      "Strategy": "Plain",
      "Partial Mode": "Finalize",
      "Parallel Aware": false,
      "Startup Cost": 32232.42,
      "Total Cost": 32232.43,
      "Plan Rows": 1,
      "Plan Width": 8,
      "Actual Startup Time": 104.141,
      "Actual Total Time": 112.331,
      "Actual Rows": 1,
      "Actual Loops": 1,
      "Plans": [
        {
          "Node Type": "Gather",
          "Parent Relationship": "Outer",
          "Parallel Aware": false,
          "Startup Cost": 32232.1,
          "Total Cost": 32232.41,
          "Plan Rows": 3,
          "Plan Width": 8,
          "Actual Startup Time": 104.026,
          "Actual Total Time": 112.324,
          "Actual Rows": 4,
          "Actual Loops": 1,
          "Workers Planned": 3,
          "Workers Launched": 3,
          "Single Copy": false,
          "Plans": [
            {
              "Node Type": "Aggregate",
              "Strategy": "Plain",
              "Partial Mode": "Partial",
              "Parent Relationship": "Outer",
              "Parallel Aware": false,
              "Startup Cost": 31232.1,
              "Total Cost": 31232.11,
              "Plan Rows": 1,
              "Plan Width": 8,
              "Actual Startup Time": 100.196,
              "Actual Total Time": 100.197,
              "Actual Rows": 1,
              "Actual Loops": 4,
              "Plans": [
                {
                  "Node Type": "Seq Scan",
                  "Parent Relationship": "Outer",
                  "Parallel Aware": true,
                  "Relation Name": "movie_companies",
                  "Alias": "mc",
                  "Startup Cost": 0.0,
                  "Total Cost": 29310.68,
                  "Plan Rows": 768568,
                  "Plan Width": 0,
                  "Actual Startup Time": 0.031,
                  "Actual Total Time": 75.284,
                  "Actual Rows": 596694,
                  "Actual Loops": 4,
                  "Filter": "(company_id > 77)",
                  "Rows Removed by Filter": 55588
                }
              ]
            }
          ]
        }
      ]
    },
    "Planning Time": 0.139,
    "Triggers": [],
    "Execution Time": 112.369
  }
]