[
  {
    "Plan": {
      "Node Type": "Aggregate",
      "Strategy": "Plain",
      "Partial Mode": "Finalize",
      "Parallel Aware": false,
      "Startup Cost": 31613.12,
      "Total Cost": 31613.13,
      "Plan Rows": 1,
      "Plan Width": 8,
      "Actual Startup Time": 69.184,
      "Actual Total Time": 81.89,
      "Actual Rows": 1,
      "Actual Loops": 1,
      "Plans": [
        {
          "Node Type": "Gather",
          "Parent Relationship": "Outer",
          "Parallel Aware": false,
          "Startup Cost": 31612.9,
          "Total Cost": 31613.11,
          "Plan Rows": 2,
          "Plan Width": 8,
          "Actual Startup Time": 69.057,
          "Actual Total Time": 81.881,
          "Actual Rows": 3,
          "Actual Loops": 1,
          "Workers Planned": 2,
          "Workers Launched": 2,
          "Single Copy": false,
          "Plans": [
            {
              "Node Type": "Aggregate",
              "Strategy": "Plain",
              "Partial Mode": "Partial",
              "Parent Relationship": "Outer",
              "Parallel Aware": false,
              "Startup Cost": 30612.9,
              "Total Cost": 30612.91,
              "Plan Rows": 1,
              "Plan Width": 8,
              "Actual Startup Time": 60.621,
              "Actual Total Time": 60.623,
              "Actual Rows": 1,
              "Actual Loops": 3,
              "Plans": [
                {
                  "Node Type": "Nested Loop",
                  "Parent Relationship": "Outer",
                  "Parallel Aware": false,
                  "Join Type": "Inner",
                  "Startup Cost": 113.03,
                  "Total Cost": 30608.65,
                  "Plan Rows": 1701,
                  "Plan Width": 0,
                  "Actual Startup Time": 2.911,
                  "Actual Total Time": 60.377,
                  "Actual Rows": 1512,
                  "Actual Loops": 3,
                  "Inner Unique": false,
                  "Plans": [
                    {
                      "Node Type": "Nested Loop",
                      "Parent Relationship": "Outer",
                      "Parallel Aware": false,
                      "Join Type": "Inner",
                      "Startup Cost": 112.6,
                      "Total Cost": 28232.24,
                      "Plan Rows": 1197,
                      "Plan Width": 8,
                      "Actual Startup Time": 2.595,
                      "Actual Total Time": 30.75,
                      "Actual Rows": 531,
                      "Actual Loops": 3,
                      "Inner Unique": true,
                      "Plans": [
                        {
                          "Node Type": "Bitmap Heap Scan",
                          "Parent Relationship": "Outer",
                          "Parallel Aware": true,
                          "Relation Name": "movie_keyword",
                          "Alias": "mk",
                          "Startup Cost": 112.17,
                          "Total Cost": 12637.41,
                          "Plan Rows": 2136,
                          "Plan Width": 4,
                          "Actual Startup Time": 2.451,
                          "Actual Total Time": 11.055,
                          "Actual Rows": 1872,
                          "Actual Loops": 3,
                          "Recheck Cond": "(keyword_id = 1603)",
                          "Rows Removed by Index Recheck": 0,
                          "Exact Heap Blocks": 2796,
                          "Lossy Heap Blocks": 0,
                          "Plans": [
                            {
                              "Node Type": "Bitmap Index Scan",
                              "Parent Relationship": "Outer",
                              "Parallel Aware": false,
                              "Index Name": "keyword_id_movie_keyword",
                              "Startup Cost": 0.0,
                              "Total Cost": 110.89,
                              "Plan Rows": 5127,
                              "Plan Width": 0,
                              "Actual Startup Time": 4.548,
                              "Actual Total Time": 4.549,
                              "Actual Rows": 5617,
                              "Actual Loops": 1,
                              "Index Cond": "(keyword_id = 1603)"
                            }
                          ]
                        },
                        {
                          "Node Type": "Index Scan",
                          "Parent Relationship": "Inner",
                          "Parallel Aware": false,
                          "Scan Direction": "Forward",
                          "Index Name": "title_pkey",
                          "Relation Name": "title",
                          "Alias": "t",
                          "Startup Cost": 0.43,
                          "Total Cost": 7.3,
                          "Plan Rows": 1,
                          "Plan Width": 4,
                          "Actual Startup Time": 0.01,
                          "Actual Total Time": 0.01,
                          "Actual Rows": 0,
                          "Actual Loops": 5617,
                          "Index Cond": "(id = mk.movie_id)",
                          "Rows Removed by Index Recheck": 0,
                          "Filter": "((kind_id > 1) AND (production_year < 2010))",
                          "Rows Removed by Filter": 1
                        }
                      ]
                    },
                    {
                      "Node Type": "Index Scan",
                      "Parent Relationship": "Inner",
                      "Parallel Aware": false,
                      "Scan Direction": "Forward",
                      "Index Name": "movie_id_movie_info",
                      "Relation Name": "movie_info",
                      "Alias": "mi",
                      "Startup Cost": 0.43,
                      "Total Cost": 1.89,
                      "Plan Rows": 10,
                      "Plan Width": 4,
                      "Actual Startup Time": 0.03,
                      "Actual Total Time": 0.055,
                      "Actual Rows": 3,
                      "Actual Loops": 1592,
                      "Index Cond": "(movie_id = t.id)",
                      "Rows Removed by Index Recheck": 0,
                      "Filter": "(info_type_id < 4)",
                      "Rows Removed by Filter": 14
                    }
                  ]
                }
              ]
            }
          ]
        }
      ]
    },
    "Planning Time": 1.513,
    "Triggers": [],
    "Execution Time": 81.997
  }
]