{
  "Plan": {
    "Node Type": "Aggregate",
    "Strategy": "Plain",
    "Partial Mode": "Finalize",
    "Parallel Aware": false,
    "Startup Cost": 124591.66,
    "Total Cost": 124591.67,
    "Plan Rows": 1,
    "Plan Width": 8,
    "Actual Startup Time": 729.459,
    "Actual Total Time": 747.933,
    "Actual Rows": 1,
    "Actual Loops": 1,
    "Plans": [
      {
        "Node Type": "Gather",
        "Parent Relationship": "Outer",
        "Parallel Aware": false,
        "Startup Cost": 124591.54,
        "Total Cost": 124591.65,
        "Plan Rows": 1,
        "Plan Width": 8,
        "Actual Startup Time": 729.015,
        "Actual Total Time": 747.925,
        "Actual Rows": 2,
        "Actual Loops": 1,
        "Workers Planned": 1,
        "Workers Launched": 1,
        "Single Copy": false,
        "Plans": [
          {
            "Node Type": "Aggregate",
            "Strategy": "Plain",
            "Partial Mode": "Partial",
            "Parent Relationship": "Outer",
            "Parallel Aware": false,
            "Startup Cost": 123591.54,
            "Total Cost": 123591.55,
            "Plan Rows": 1,
            "Plan Width": 8,
            "Actual Startup Time": 723.19,
            "Actual Total Time": 723.192,
            "Actual Rows": 1,
            "Actual Loops": 2,
            "Plans": [
              {
                "Node Type": "Merge Join",
                "Parent Relationship": "Outer",
                "Parallel Aware": false,
                "Join Type": "Inner",
                "Startup Cost": 18880.52,
                "Total Cost": 123453.48,
                "Plan Rows": 55225,
                "Plan Width": 0,
                "Actual Startup Time": 68.705,
                "Actual Total Time": 721.926,
                "Actual Rows": 22656,
                "Actual Loops": 2,
                "Inner Unique": false,
                "Merge Cond": "(t.id = ci.movie_id)",
                "Plans": [
                  {
                    "Node Type": "Index Only Scan",
                    "Parent Relationship": "Outer",
                    "Parallel Aware": true,
                    "Scan Direction": "Forward",
                    "Index Name": "title_pkey",
                    "Relation Name": "title",
                    "Alias": "t",
                    "Startup Cost": 0.43,
                    "Total Cost": 99929.35,
                    "Plan Rows": 1487231,
                    "Plan Width": 4,
                    "Actual Startup Time": 0.126,
                    "Actual Total Time": 582.471,
                    "Actual Rows": 1262898,
                    "Actual Loops": 2,
                    "Heap Fetches": 2525797
                  },
                  {
                    "Node Type": "Sort",
                    "Parent Relationship": "Inner",
                    "Parallel Aware": false,
                    "Startup Cost": 18880.08,
                    "Total Cost": 19114.79,
                    "Plan Rows": 93882,
                    "Plan Width": 4,
                    "Actual Startup Time": 68.55,
                    "Actual Total Time": 74.27,
                    "Actual Rows": 45313,
                    "Actual Loops": 2,
                    "Sort Key": [
                      "ci.movie_id"
                    ],
                    "Sort Method": "quicksort",
                    "Sort Space Used": 3661,
                    "Sort Space Type": "Memory",
                    "Workers": [
                      {
                        "Worker Number": 0,
                        "Sort Method": "quicksort",
                        "Sort Space Used": 3661,
                        "Sort Space Type": "Memory"
                      }
                    ],
                    "Plans": [
                      {
                        "Node Type": "Index Scan",
                        "Parent Relationship": "Outer",
                        "Parallel Aware": false,
                        "Scan Direction": "Forward",
                        "Index Name": "role_id_cast_info",
                        "Relation Name": "cast_info",
                        "Alias": "ci",
                        "Startup Cost": 0.56,
                        "Total Cost": 11126.1,
                        "Plan Rows": 93882,
                        "Plan Width": 4,
                        "Actual Startup Time": 0.202,
                        "Actual Total Time": 54.494,
                        "Actual Rows": 45313,
                        "Actual Loops": 2,
                        "Index Cond": "(role_id = 11)",
                        "Rows Removed by Index Recheck": 0,
                        "Filter": "(person_id < 1120644)",
                        "Rows Removed by Filter": 270805
                      }
                    ]
                  }
                ]
              }
            ]
          }
        ]
      }
    ]
  },
  "Planning Time": 0.765,
  "Triggers": [],
  "Execution Time": 748.015
}