[
  {
    "Plan": {
      "Node Type": "Aggregate",
      "Strategy": "Plain",
      "Partial Mode": "Finalize",
      "Parallel Aware": false,
      "Startup Cost": 80683.7,
      "Total Cost": 80683.71,
      "Plan Rows": 1,
      "Plan Width": 8,
      "Actual Startup Time": 263.327,
      "Actual Total Time": 280.278,
      "Actual Rows": 1,
      "Actual Loops": 1,
      "Plans": [
        {
          "Node Type": "Gather",
          "Parent Relationship": "Outer",
          "Parallel Aware": false,
          "Startup Cost": 80683.28,
          "Total Cost": 80683.69,
          "Plan Rows": 4,
          "Plan Width": 8,
          "Actual Startup Time": 259.698,
          "Actual Total Time": 280.27,
          "Actual Rows": 5,
          "Actual Loops": 1,
          "Workers Planned": 4,
          "Workers Launched": 4,
          "Single Copy": false,
          "Plans": [
            {
              "Node Type": "Aggregate",
              "Strategy": "Plain",
              "Partial Mode": "Partial",
              "Parent Relationship": "Outer",
              "Parallel Aware": false,
              "Startup Cost": 79683.28,
              "Total Cost": 79683.29,
              "Plan Rows": 1,
              "Plan Width": 8,
              "Actual Startup Time": 251.299,
              "Actual Total Time": 251.303,
              "Actual Rows": 1,
              "Actual Loops": 5,
              "Plans": [
                {
                  "Node Type": "Hash Join",
                  "Parent Relationship": "Outer",
                  "Parallel Aware": true,
                  "Join Type": "Inner",
                  "Startup Cost": 33687.76,
                  "Total Cost": 79497.09,
                  "Plan Rows": 74474,
                  "Plan Width": 0,
                  "Actual Startup Time": 181.714,
                  "Actual Total Time": 249.406,
                  "Actual Rows": 37923,
                  "Actual Loops": 5,
                  "Inner Unique": false,
                  "Hash Cond": "(t.id = mc.movie_id)",
                  "Plans": [
                    {
                      "Node Type": "Seq Scan",
                      "Parent Relationship": "Outer",
                      "Parallel Aware": true,
                      "Relation Name": "title",
                      "Alias": "t",
                      "Startup Cost": 0.0,
                      "Total Cost": 43898.92,
                      "Plan Rows": 334036,
                      "Plan Width": 4,
                      "Actual Startup Time": 0.017,
                      "Actual Total Time": 86.118,
                      "Actual Rows": 269659,
                      "Actual Loops": 5,
                      "Filter": "(production_year < 2005)",
                      "Rows Removed by Filter": 236004
                    },
                    {
                      "Node Type": "Hash",
                      "Parent Relationship": "Inner",
                      "Parallel Aware": true,
                      "Startup Cost": 31414.82,
                      "Total Cost": 31414.82,
                      "Plan Rows": 181835,
                      "Plan Width": 4,
                      "Actual Startup Time": 99.037,
                      "Actual Total Time": 99.038,
                      "Actual Rows": 55836,
                      "Actual Loops": 5,
                      "Hash Buckets": 1048576,
                      "Original Hash Buckets": 1048576,
                      "Hash Batches": 1,
                      "Original Hash Batches": 1,
                      "Peak Memory Usage": 19168,
                      "Plans": [
                        {
                          "Node Type": "Seq Scan",
                          "Parent Relationship": "Outer",
                          "Parallel Aware": true,
                          "Relation Name": "movie_companies",
                          "Alias": "mc",
                          "Startup Cost": 0.0,
                          "Total Cost": 31414.82,
                          "Plan Rows": 181835,
                          "Plan Width": 4,
                          "Actual Startup Time": 20.225,
                          "Actual Total Time": 73.543,
                          "Actual Rows": 55836,
                          "Actual Loops": 5,
                          "Filter": "((company_id > 13167) AND (company_type_id = 1))",
                          "Rows Removed by Filter": 465990
                        }
                      ]
                    }
                  ]
                }
              ]
            }
          ]
        }
      ]
    },
    "Planning Time": 0.488,
    "Triggers": [],
    "Execution Time": 280.332
  }
]