[
  {
    "Plan": {
      "Node Type": "Aggregate",
      "Strategy": "Plain",
      "Partial Mode": "Finalize",
      "Parallel Aware": false,
      "Startup Cost": 44935.69,
      "Total Cost": 44935.7,
      "Plan Rows": 1,
      "Plan Width": 8,
      "Actual Startup Time": 96.934,
      "Actual Total Time": 109.916,
      "Actual Rows": 1,
      "Actual Loops": 1,
      "Plans": [
        {
          "Node Type": "Gather",
          "Parent Relationship": "Outer",
          "Parallel Aware": false,
          "Startup Cost": 44935.27,
          "Total Cost": 44935.68,
          "Plan Rows": 4,
          "Plan Width": 8,
          "Actual Startup Time": 96.679,
          "Actual Total Time": 109.902,
          "Actual Rows": 5,
          "Actual Loops": 1,
          "Workers Planned": 4,
          "Workers Launched": 4,
          "Single Copy": false,
          "Plans": [
            {
              "Node Type": "Aggregate",
              "Strategy": "Plain",
              "Partial Mode": "Partial",
              "Parent Relationship": "Outer",
              "Parallel Aware": false,
              "Startup Cost": 43935.27,
              "Total Cost": 43935.28,
              "Plan Rows": 1,
              "Plan Width": 8,
              "Actual Startup Time": 88.323,
              "Actual Total Time": 88.324,
              "Actual Rows": 1,
              "Actual Loops": 5,
              "Plans": [
                {
                  "Node Type": "Seq Scan",
                  "Parent Relationship": "Outer",
                  "Parallel Aware": true,
                  "Relation Name": "title",
                  "Alias": "t",
                  "Startup Cost": 0.0,
                  "Total Cost": 43899.32,
                  "Plan Rows": 14378,
                  "Plan Width": 0,
                  "Actual Startup Time": 55.424,
                  "Actual Total Time": 87.559,
                  "Actual Rows": 11969,
                  "Actual Loops": 5,
                  "Filter": "(production_year < 1915)",
                  "Rows Removed by Filter": 493693
                }
              ]
            }
          ]
        }
      ]
    },
    "Planning Time": 0.17,
    "Triggers": [],
    "Execution Time": 110.028
  }
]