[
  {
    "Plan": {
      "Node Type": "Aggregate",
      "Strategy": "Plain",
      "Partial Mode": "Finalize",
      "Parallel Aware": false,
      "Startup Cost": 305768.12,
      "Total Cost": 305768.13,
      "Plan Rows": 1,
      "Plan Width": 8,
      "Actual Startup Time": 2399.687,
      "Actual Total Time": 2467.441,
      "Actual Rows": 1,
      "Actual Loops": 1,
      "Plans": [
        {
          "Node Type": "Gather",
          "Parent Relationship": "Outer",
          "Parallel Aware": false,
          "Startup Cost": 305767.8,
          "Total Cost": 305768.11,
          "Plan Rows": 3,
          "Plan Width": 8,
          "Actual Startup Time": 2385.515,
          "Actual Total Time": 2467.433,
          "Actual Rows": 4,
          "Actual Loops": 1,
          "Workers Planned": 3,
          "Workers Launched": 3,
          "Single Copy": false,
          "Plans": [
            {
              "Node Type": "Aggregate",
              "Strategy": "Plain",
              "Partial Mode": "Partial",
              "Parent Relationship": "Outer",
              "Parallel Aware": false,
              "Startup Cost": 304767.8,
              "Total Cost": 304767.81,
              "Plan Rows": 1,
              "Plan Width": 8,
              "Actual Startup Time": 2372.571,
              "Actual Total Time": 2372.577,
              "Actual Rows": 1,
              "Actual Loops": 4,
              "Plans": [
                {
                  "Node Type": "Hash Join",
                  "Parent Relationship": "Outer",
                  "Parallel Aware": true,
                  "Join Type": "Inner",
                  "Startup Cost": 254542.73,
                  "Total Cost": 301598.22,
                  "Plan Rows": 1267833,
                  "Plan Width": 0,
                  "Actual Startup Time": 1320.656,
                  "Actual Total Time": 2070.672,
                  "Actual Rows": 5797184,
                  "Actual Loops": 4,
                  "Inner Unique": false,
                  "Hash Cond": "(mk.movie_id = t.id)",
                  "Plans": [
                    {
                      "Node Type": "Seq Scan",
                      "Parent Relationship": "Outer",
                      "Parallel Aware": true,
                      "Relation Name": "movie_keyword",
                      "Alias": "mk",
                      "Startup Cost": 0.0,
                      "Total Cost": 39047.32,
                      "Plan Rows": 1459332,
                      "Plan Width": 4,
                      "Actual Startup Time": 0.033,
                      "Actual Total Time": 100.296,
                      "Actual Rows": 1130982,
                      "Actual Loops": 4
                    },
                    {
                      "Node Type": "Hash",
                      "Parent Relationship": "Inner",
                      "Parallel Aware": true,
                      "Startup Cost": 249051.15,
                      "Total Cost": 249051.15,
                      "Plan Rows": 439327,
                      "Plan Width": 8,
                      "Actual Startup Time": 1313.009,
                      "Actual Total Time": 1313.013,
                      "Actual Rows": 653322,
                      "Actual Loops": 4,
                      "Hash Buckets": 4194304,
                      "Original Hash Buckets": 4194304,
                      "Hash Batches": 1,
                      "Original Hash Batches": 1,
                      "Peak Memory Usage": 135072,
                      "Plans": [
                        {
                          "Node Type": "Hash Join",
                          "Parent Relationship": "Outer",
                          "Parallel Aware": true,
                          "Join Type": "Inner",
                          "Startup Cost": 47059.56,
                          "Total Cost": 249051.15,
                          "Plan Rows": 439327,
                          "Plan Width": 8,
                          "Actual Startup Time": 195.557,
                          "Actual Total Time": 1064.094,
                          "Actual Rows": 653322,
                          "Actual Loops": 4,
                          "Inner Unique": true,
                          "Hash Cond": "(mi.movie_id = t.id)",
                          "Plans": [
                            {
                              "Node Type": "Seq Scan",
                              "Parent Relationship": "Outer",
                              "Parallel Aware": true,
                              "Relation Name": "movie_info",
                              "Alias": "mi",
                              "Startup Cost": 0.0,
                              "Total Cost": 199108.24,
                              "Plan Rows": 1098417,
                              "Plan Width": 4,
                              "Actual Startup Time": 0.029,
                              "Actual Total Time": 443.126,
                              "Actual Rows": 1352630,
                              "Actual Loops": 4,
                              "Filter": "(info_type_id < 6)",
                              "Rows Removed by Filter": 2356300
                            },
                            {
                              "Node Type": "Hash",
                              "Parent Relationship": "Inner",
                              "Parallel Aware": true,
                              "Startup Cost": 43899.32,
                              "Total Cost": 43899.32,
                              "Plan Rows": 252819,
                              "Plan Width": 4,
                              "Actual Startup Time": 193.877,
                              "Actual Total Time": 193.878,
                              "Actual Rows": 255438,
                              "Actual Loops": 4,
                              "Hash Buckets": 1048576,
                              "Original Hash Buckets": 1048576,
                              "Hash Batches": 1,
                              "Original Hash Batches": 1,
                              "Peak Memory Usage": 48224,
                              "Plans": [
                                {
                                  "Node Type": "Seq Scan",
                                  "Parent Relationship": "Outer",
                                  "Parallel Aware": true,
                                  "Relation Name": "title",
                                  "Alias": "t",
                                  "Startup Cost": 0.0,
                                  "Total Cost": 43899.32,
                                  "Plan Rows": 252819,
                                  "Plan Width": 4,
                                  "Actual Startup Time": 0.036,
                                  "Actual Total Time": 109.938,
                                  "Actual Rows": 255438,
                                  "Actual Loops": 4,
                                  "Filter": "(production_year < 2000)",
                                  "Rows Removed by Filter": 376640
                                }
                              ]
                            }
                          ]
                        }
                      ]
                    }
                  ]
                }
              ]
            }
          ]
        }
      ]
    },
    "Planning Time": 0.519,
    "Triggers": [],
    "Execution Time": 2467.494
  }
]