{
  "Plan": {
    "Node Type": "Aggregate",
    "Strategy": "Plain",
    "Partial Mode": "Finalize",
    "Parallel Aware": false,
    "Startup Cost": 142606.85,
    "Total Cost": 142606.86,
    "Plan Rows": 1,
    "Plan Width": 8,
    "Actual Startup Time": 852.215,
    "Actual Total Time": 916.061,
    "Actual Rows": 1,
    "Actual Loops": 1,
    "Plans": [
      {
        "Node Type": "Gather",
        "Parent Relationship": "Outer",
        "Parallel Aware": false,
        "Startup Cost": 142606.74,
        "Total Cost": 142606.85,
        "Plan Rows": 1,
        "Plan Width": 8,
        "Actual Startup Time": 852.057,
        "Actual Total Time": 916.054,
        "Actual Rows": 2,
        "Actual Loops": 1,
        "Workers Planned": 1,
        "Workers Launched": 1,
        "Single Copy": false,
        "Plans": [
          {
            "Node Type": "Aggregate",
            "Strategy": "Plain",
            "Partial Mode": "Partial",
            "Parent Relationship": "Outer",
            "Parallel Aware": false,
            "Startup Cost": 141606.74,
            "Total Cost": 141606.75,
            "Plan Rows": 1,
            "Plan Width": 8,
            "Actual Startup Time": 845.759,
            "Actual Total Time": 845.763,
            "Actual Rows": 1,
            "Actual Loops": 2,
            "Plans": [
              {
                "Node Type": "Nested Loop",
                "Parent Relationship": "Outer",
                "Parallel Aware": false,
                "Join Type": "Inner",
                "Startup Cost": 58548.4,
                "Total Cost": 141095.95,
                "Plan Rows": 204315,
                "Plan Width": 0,
                "Actual Startup Time": 170.957,
                "Actual Total Time": 831.087,
                "Actual Rows": 233144,
                "Actual Loops": 2,
                "Inner Unique": false,
                "Join Filter": "(t.id = ci.movie_id)",
                "Rows Removed by Join Filter": 0,
                "Plans": [
                  {
                    "Node Type": "Hash Join",
                    "Parent Relationship": "Outer",
                    "Parallel Aware": true,
                    "Join Type": "Inner",
                    "Startup Cost": 58547.83,
                    "Total Cost": 100054.57,
                    "Plan Rows": 17469,
                    "Plan Width": 8,
                    "Actual Startup Time": 170.847,
                    "Actual Total Time": 435.977,
                    "Actual Rows": 11210,
                    "Actual Loops": 2,
                    "Inner Unique": true,
                    "Hash Cond": "(mc.movie_id = t.id)",
                    "Plans": [
                      {
                        "Node Type": "Seq Scan",
                        "Parent Relationship": "Outer",
                        "Parallel Aware": true,
                        "Relation Name": "movie_companies",
                        "Alias": "mc",
                        "Startup Cost": 0.0,
                        "Total Cost": 37974.77,
                        "Plan Rows": 1345508,
                        "Plan Width": 4,
                        "Actual Startup Time": 0.017,
                        "Actual Total Time": 147.239,
                        "Actual Rows": 1141878,
                        "Actual Loops": 2,
                        "Filter": "(company_id < 91400)",
                        "Rows Removed by Filter": 162686
                      },
                      {
                        "Node Type": "Hash",
                        "Parent Relationship": "Inner",
                        "Parallel Aware": true,
                        "Startup Cost": 58306.47,
                        "Total Cost": 58306.47,
                        "Plan Rows": 19309,
                        "Plan Width": 4,
                        "Actual Startup Time": 170.017,
                        "Actual Total Time": 170.018,
                        "Actual Rows": 19754,
                        "Actual Loops": 2,
                        "Hash Buckets": 65536,
                        "Original Hash Buckets": 65536,
                        "Hash Batches": 1,
                        "Original Hash Batches": 1,
                        "Peak Memory Usage": 2080,
                        "Plans": [
                          {
                            "Node Type": "Seq Scan",
                            "Parent Relationship": "Outer",
                            "Parallel Aware": true,
                            "Relation Name": "title",
                            "Alias": "t",
                            "Startup Cost": 0.0,
                            "Total Cost": 58306.47,
                            "Plan Rows": 19309,
                            "Plan Width": 4,
                            "Actual Startup Time": 0.034,
                            "Actual Total Time": 161.992,
                            "Actual Rows": 19754,
                            "Actual Loops": 2,
                            "Filter": "((kind_id > 1) AND (production_year = 1998))",
                            "Rows Removed by Filter": 1244402
                          }
                        ]
                      }
                    ]
                  },
                  {
                    "Node Type": "Index Scan",
                    "Parent Relationship": "Inner",
                    "Parallel Aware": false,
                    "Scan Direction": "Forward",
                    "Index Name": "movie_id_cast_info",
                    "Relation Name": "cast_info",
                    "Alias": "ci",
                    "Startup Cost": 0.56,
                    "Total Cost": 1.97,
                    "Plan Rows": 30,
                    "Plan Width": 4,
                    "Actual Startup Time": 0.01,
                    "Actual Total Time": 0.032,
                    "Actual Rows": 21,
                    "Actual Loops": 22419,
                    "Index Cond": "(movie_id = mc.movie_id)",
                    "Rows Removed by Index Recheck": 0,
                    "Filter": "(person_id > 662617)",
                    "Rows Removed by Filter": 5
                  }
                ]
              }
            ]
          }
        ]
      }
    ]
  },
  "Planning Time": 0.607,
  "Triggers": [],
  "Execution Time": 916.135
}