[
  {
    "Plan": {
      "Node Type": "Aggregate",
      "Strategy": "Plain",
      "Partial Mode": "Finalize",
      "Parallel Aware": false,
      "Startup Cost": 29908.72,
      "Total Cost": 29908.73,
      "Plan Rows": 1,
      "Plan Width": 8,
      "Actual Startup Time": 96.629,
      "Actual Total Time": 100.699,
      "Actual Rows": 1,
      "Actual Loops": 1,
      "Plans": [
        {
          "Node Type": "Gather",
          "Parent Relationship": "Outer",
          "Parallel Aware": false,
          "Startup Cost": 29908.4,
          "Total Cost": 29908.71,
          "Plan Rows": 3,
          "Plan Width": 8,
          "Actual Startup Time": 96.44,
          "Actual Total Time": 100.69,
          "Actual Rows": 4,
          "Actual Loops": 1,
          "Workers Planned": 3,
          "Workers Launched": 3,
          "Single Copy": false,
          "Plans": [
            {
              "Node Type": "Aggregate",
              "Strategy": "Plain",
              "Partial Mode": "Partial",
              "Parent Relationship": "Outer",
              "Parallel Aware": false,
              "Startup Cost": 28908.4,
              "Total Cost": 28908.41,
              "Plan Rows": 1,
              "Plan Width": 8,
              "Actual Startup Time": 86.982,
              "Actual Total Time": 86.984,
              "Actual Rows": 1,
              "Actual Loops": 4,
              "Plans": [
                {
                  "Node Type": "Bitmap Heap Scan",
                  "Parent Relationship": "Outer",
                  "Parallel Aware": true,
                  "Relation Name": "movie_companies",
                  "Alias": "mc",
                  "Startup Cost": 8136.56,
                  "Total Cost": 28753.78,
                  "Plan Rows": 61849,
                  "Plan Width": 0,
                  "Actual Startup Time": 72.642,
                  "Actual Total Time": 85.693,
                  "Actual Rows": 21596,
                  "Actual Loops": 4,
                  "Recheck Cond": "(company_id < 219)",
                  "Rows Removed by Index Recheck": 0,
                  "Filter": "(company_type_id = 2)",
                  "Rows Removed by Filter": 72084,
                  "Exact Heap Blocks": 8095,
                  "Lossy Heap Blocks": 0,
                  "Plans": [
                    {
                      "Node Type": "Bitmap Index Scan",
                      "Parent Relationship": "Outer",
                      "Parallel Aware": false,
                      "Index Name": "company_id_movie_companies",
                      "Startup Cost": 0.0,
                      "Total Cost": 8088.62,
                      "Plan Rows": 377626,
                      "Plan Width": 0,
                      "Actual Startup Time": 38.174,
                      "Actual Total Time": 38.175,
                      "Actual Rows": 374721,
                      "Actual Loops": 1,
                      "Index Cond": "(company_id < 219)"
                    }
                  ]
                }
              ]
            }
          ]
        }
      ]
    },
    "Planning Time": 0.195,
    "Triggers": [],
    "Execution Time": 100.775
  }
]