[
  {
    "Plan": {
      "Node Type": "Aggregate",
      "Strategy": "Plain",
      "Partial Mode": "Finalize",
      "Parallel Aware": false,
      "Startup Cost": 78759.08,
      "Total Cost": 78759.09,
      "Plan Rows": 1,
      "Plan Width": 8,
      "Actual Startup Time": 316.711,
      "Actual Total Time": 333.658,
      "Actual Rows": 1,
      "Actual Loops": 1,
      "Plans": [
        {
          "Node Type": "Gather",
          "Parent Relationship": "Outer",
          "Parallel Aware": false,
          "Startup Cost": 78758.76,
          "Total Cost": 78759.07,
          "Plan Rows": 3,
          "Plan Width": 8,
          "Actual Startup Time": 315.826,
          "Actual Total Time": 333.646,
          "Actual Rows": 4,
          "Actual Loops": 1,
          "Workers Planned": 3,
          "Workers Launched": 3,
          "Single Copy": false,
          "Plans": [
            {
              "Node Type": "Aggregate",
              "Strategy": "Plain",
              "Partial Mode": "Partial",
              "Parent Relationship": "Outer",
              "Parallel Aware": false,
              "Startup Cost": 77758.76,
              "Total Cost": 77758.77,
              "Plan Rows": 1,
              "Plan Width": 8,
              "Actual Startup Time": 306.903,
              "Actual Total Time": 306.91,
              "Actual Rows": 1,
              "Actual Loops": 4,
              "Plans": [
                {
                  "Node Type": "Hash Join",
                  "Parent Relationship": "Outer",
                  "Parallel Aware": true,
                  "Join Type": "Inner",
                  "Startup Cost": 46098.21,
                  "Total Cost": 77595.57,
                  "Plan Rows": 65275,
                  "Plan Width": 0,
                  "Actual Startup Time": 127.611,
                  "Actual Total Time": 303.457,
                  "Actual Rows": 66096,
                  "Actual Loops": 4,
                  "Inner Unique": true,
                  "Hash Cond": "(mc.movie_id = t.id)",
                  "Plans": [
                    {
                      "Node Type": "Seq Scan",
                      "Parent Relationship": "Outer",
                      "Parallel Aware": true,
                      "Relation Name": "movie_companies",
                      "Alias": "mc",
                      "Startup Cost": 0.0,
                      "Total Cost": 29310.68,
                      "Plan Rows": 833021,
                      "Plan Width": 4,
                      "Actual Startup Time": 0.019,
                      "Actual Total Time": 84.735,
                      "Actual Rows": 646115,
                      "Actual Loops": 4,
                      "Filter": "(company_id < 212287)",
                      "Rows Removed by Filter": 6168
                    },
                    {
                      "Node Type": "Hash",
                      "Parent Relationship": "Inner",
                      "Parallel Aware": true,
                      "Startup Cost": 45479.1,
                      "Total Cost": 45479.1,
                      "Plan Rows": 49529,
                      "Plan Width": 4,
                      "Actual Startup Time": 124.961,
                      "Actual Total Time": 124.962,
                      "Actual Rows": 45506,
                      "Actual Loops": 4,
                      "Hash Buckets": 262144,
                      "Original Hash Buckets": 262144,
                      "Hash Batches": 1,
                      "Original Hash Batches": 1,
                      "Peak Memory Usage": 9216,
                      "Plans": [
                        {
                          "Node Type": "Seq Scan",
                          "Parent Relationship": "Outer",
                          "Parallel Aware": true,
                          "Relation Name": "title",
                          "Alias": "t",
                          "Startup Cost": 0.0,
                          "Total Cost": 45479.1,
                          "Plan Rows": 49529,
                          "Plan Width": 4,
                          "Actual Startup Time": 0.058,
                          "Actual Total Time": 106.895,
                          "Actual Rows": 45506,
                          "Actual Loops": 4,
                          "Filter": "((kind_id < 3) AND (production_year > 2008))",
                          "Rows Removed by Filter": 586572
                        }
                      ]
                    }
                  ]
                }
              ]
            }
          ]
        }
      ]
    },
    "Planning Time": 0.685,
    "Triggers": [],
    "Execution Time": 333.727
  }
]