[
  {
    "Plan": {
      "Node Type": "Aggregate",
      "Strategy": "Plain",
      "Partial Mode": "Finalize",
      "Parallel Aware": false,
      "Startup Cost": 46158.59,
      "Total Cost": 46158.6,
      "Plan Rows": 1,
      "Plan Width": 8,
      "Actual Startup Time": 154.834,
      "Actual Total Time": 162.383,
      "Actual Rows": 1,
      "Actual Loops": 1,
      "Plans": [
        {
          "Node Type": "Gather",
          "Parent Relationship": "Outer",
          "Parallel Aware": false,
          "Startup Cost": 46158.27,
          "Total Cost": 46158.58,
          "Plan Rows": 3,
          "Plan Width": 8,
          "Actual Startup Time": 154.692,
          "Actual Total Time": 162.375,
          "Actual Rows": 4,
          "Actual Loops": 1,
          "Workers Planned": 3,
          "Workers Launched": 3,
          "Single Copy": false,
          "Plans": [
            {
              "Node Type": "Aggregate",
              "Strategy": "Plain",
              "Partial Mode": "Partial",
              "Parent Relationship": "Outer",
              "Parallel Aware": false,
              "Startup Cost": 45158.27,
              "Total Cost": 45158.28,
              "Plan Rows": 1,
              "Plan Width": 8,
              "Actual Startup Time": 148.693,
              "Actual Total Time": 148.693,
              "Actual Rows": 1,
              "Actual Loops": 4,
              "Plans": [
                {
                  "Node Type": "Seq Scan",
                  "Parent Relationship": "Outer",
                  "Parallel Aware": true,
                  "Relation Name": "movie_keyword",
                  "Alias": "mk",
                  "Startup Cost": 0.0,
                  "Total Cost": 42695.65,
                  "Plan Rows": 985047,
                  "Plan Width": 0,
                  "Actual Startup Time": 0.044,
                  "Actual Total Time": 113.926,
                  "Actual Rows": 765308,
                  "Actual Loops": 4,
                  "Filter": "(keyword_id < 11341)",
                  "Rows Removed by Filter": 365674
                }
              ]
            }
          ]
        }
      ]
    },
    "Planning Time": 0.089,
    "Triggers": [],
    "Execution Time": 162.415
  }
]