[
  {
    "Plan": {
      "Node Type": "Aggregate",
      "Strategy": "Plain",
      "Partial Mode": "Finalize",
      "Parallel Aware": false,
      "Startup Cost": 102612.96,
      "Total Cost": 102612.97,
      "Plan Rows": 1,
      "Plan Width": 8,
      "Actual Startup Time": 543.329,
      "Actual Total Time": 600.516,
      "Actual Rows": 1,
      "Actual Loops": 1,
      "Plans": [
        {
          "Node Type": "Gather",
          "Parent Relationship": "Outer",
          "Parallel Aware": false,
          "Startup Cost": 102612.65,
          "Total Cost": 102612.96,
          "Plan Rows": 3,
          "Plan Width": 8,
          "Actual Startup Time": 543.316,
          "Actual Total Time": 600.508,
          "Actual Rows": 4,
          "Actual Loops": 1,
          "Workers Planned": 3,
          "Workers Launched": 3,
          "Single Copy": false,
          "Plans": [
            {
              "Node Type": "Aggregate",
              "Strategy": "Plain",
              "Partial Mode": "Partial",
              "Parent Relationship": "Outer",
              "Parallel Aware": false,
              "Startup Cost": 101612.65,
              "Total Cost": 101612.66,
              "Plan Rows": 1,
              "Plan Width": 8,
              "Actual Startup Time": 538.252,
              "Actual Total Time": 538.257,
              "Actual Rows": 1,
              "Actual Loops": 4,
              "Plans": [
                {
                  "Node Type": "Nested Loop",
                  "Parent Relationship": "Outer",
                  "Parallel Aware": false,
                  "Join Type": "Inner",
                  "Startup Cost": 38196.02,
                  "Total Cost": 101478.06,
                  "Plan Rows": 53835,
                  "Plan Width": 0,
                  "Actual Startup Time": 88.807,
                  "Actual Total Time": 531.081,
                  "Actual Rows": 119010,
                  "Actual Loops": 4,
                  "Inner Unique": false,
                  "Join Filter": "(t.id = ci.movie_id)",
                  "Rows Removed by Join Filter": 0,
                  "Plans": [
                    {
                      "Node Type": "Hash Join",
                      "Parent Relationship": "Outer",
                      "Parallel Aware": true,
                      "Join Type": "Inner",
                      "Startup Cost": 38195.45,
                      "Total Cost": 82691.56,
                      "Plan Rows": 8647,
                      "Plan Width": 8,
                      "Actual Startup Time": 88.571,
                      "Actual Total Time": 212.64,
                      "Actual Rows": 10527,
                      "Actual Loops": 4,
                      "Inner Unique": true,
                      "Hash Cond": "(mk.movie_id = t.id)",
                      "Plans": [
                        {
                          "Node Type": "Seq Scan",
                          "Parent Relationship": "Outer",
                          "Parallel Aware": true,
                          "Relation Name": "movie_keyword",
                          "Alias": "mk",
                          "Startup Cost": 0.0,
                          "Total Cost": 42695.65,
                          "Plan Rows": 685890,
                          "Plan Width": 4,
                          "Actual Startup Time": 0.358,
                          "Actual Total Time": 106.973,
                          "Actual Rows": 528256,
                          "Actual Loops": 4,
                          "Filter": "(keyword_id > 5651)",
                          "Rows Removed by Filter": 602726
                        },
                        {
                          "Node Type": "Hash",
                          "Parent Relationship": "Inner",
                          "Parallel Aware": true,
                          "Startup Cost": 38095.84,
                          "Total Cost": 38095.84,
                          "Plan Rows": 7969,
                          "Plan Width": 4,
                          "Actual Startup Time": 58.86,
                          "Actual Total Time": 58.862,
                          "Actual Rows": 11255,
                          "Actual Loops": 4,
                          "Hash Buckets": 65536,
                          "Original Hash Buckets": 32768,
                          "Hash Batches": 1,
                          "Original Hash Batches": 1,
                          "Peak Memory Usage": 2592,
                          "Plans": [
                            {
                              "Node Type": "Bitmap Heap Scan",
                              "Parent Relationship": "Outer",
                              "Parallel Aware": true,
                              "Relation Name": "title",
                              "Alias": "t",
                              "Startup Cost": 1734.69,
                              "Total Cost": 38095.84,
                              "Plan Rows": 7969,
                              "Plan Width": 4,
                              "Actual Startup Time": 18.887,
                              "Actual Total Time": 51.869,
                              "Actual Rows": 11255,
                              "Actual Loops": 4,
                              "Recheck Cond": "(kind_id = 3)",
                              "Rows Removed by Index Recheck": 0,
                              "Filter": "(production_year < 1996)",
                              "Rows Removed by Filter": 13879,
                              "Exact Heap Blocks": 5917,
                              "Lossy Heap Blocks": 0,
                              "Plans": [
                                {
                                  "Node Type": "Bitmap Index Scan",
                                  "Parent Relationship": "Outer",
                                  "Parallel Aware": false,
                                  "Index Name": "kind_id_title",
                                  "Startup Cost": 0.0,
                                  "Total Cost": 1726.72,
                                  "Plan Rows": 96839,
                                  "Plan Width": 0,
                                  "Actual Startup Time": 15.83,
                                  "Actual Total Time": 15.833,
                                  "Actual Rows": 100537,
                                  "Actual Loops": 1,
                                  "Index Cond": "(kind_id = 3)"
                                }
                              ]
                            }
                          ]
                        }
                      ]
                    },
                    {
                      "Node Type": "Index Scan",
                      "Parent Relationship": "Inner",
                      "Parallel Aware": false,
                      "Scan Direction": "Forward",
                      "Index Name": "movie_id_cast_info",
                      "Relation Name": "cast_info",
                      "Alias": "ci",
                      "Startup Cost": 0.56,
                      "Total Cost": 1.99,
                      "Plan Rows": 15,
                      "Plan Width": 4,
                      "Actual Startup Time": 0.017,
                      "Actual Total Time": 0.029,
                      "Actual Rows": 11,
                      "Actual Loops": 42109,
                      "Index Cond": "(movie_id = mk.movie_id)",
                      "Rows Removed by Index Recheck": 0,
                      "Filter": "(person_id > 2095902)",
                      "Rows Removed by Filter": 22
                    }
                  ]
                }
              ]
            }
          ]
        }
      ]
    },
    "Planning Time": 1.276,
    "Triggers": [],
    "Execution Time": 600.633
  }
]