[
  {
    "Plan": {
      "Node Type": "Aggregate",
      "Strategy": "Plain",
      "Partial Mode": "Finalize",
      "Parallel Aware": false,
      "Startup Cost": 91545.95,
      "Total Cost": 91545.96,
      "Plan Rows": 1,
      "Plan Width": 8,
      "Actual Startup Time": 293.039,
      "Actual Total Time": 310.484,
      "Actual Rows": 1,
      "Actual Loops": 1,
      "Plans": [
        {
          "Node Type": "Gather",
          "Parent Relationship": "Outer",
          "Parallel Aware": false,
          "Startup Cost": 91545.63,
          "Total Cost": 91545.94,
          "Plan Rows": 3,
          "Plan Width": 8,
          "Actual Startup Time": 292.009,
          "Actual Total Time": 310.47,
          "Actual Rows": 4,
          "Actual Loops": 1,
          "Workers Planned": 3,
          "Workers Launched": 3,
          "Single Copy": false,
          "Plans": [
            {
              "Node Type": "Aggregate",
              "Strategy": "Plain",
              "Partial Mode": "Partial",
              "Parent Relationship": "Outer",
              "Parallel Aware": false,
              "Startup Cost": 90545.63,
              "Total Cost": 90545.64,
              "Plan Rows": 1,
              "Plan Width": 8,
              "Actual Startup Time": 288.608,
              "Actual Total Time": 288.611,
              "Actual Rows": 1,
              "Actual Loops": 4,
              "Plans": [
                {
                  "Node Type": "Hash Join",
                  "Parent Relationship": "Outer",
                  "Parallel Aware": true,
                  "Join Type": "Inner",
                  "Startup Cost": 44526.21,
                  "Total Cost": 90312.13,
                  "Plan Rows": 93402,
                  "Plan Width": 0,
                  "Actual Startup Time": 104.636,
                  "Actual Total Time": 283.166,
                  "Actual Rows": 134005,
                  "Actual Loops": 4,
                  "Inner Unique": true,
                  "Hash Cond": "(mk.movie_id = t.id)",
                  "Plans": [
                    {
                      "Node Type": "Seq Scan",
                      "Parent Relationship": "Outer",
                      "Parallel Aware": true,
                      "Relation Name": "movie_keyword",
                      "Alias": "mk",
                      "Startup Cost": 0.0,
                      "Total Cost": 42695.65,
                      "Plan Rows": 1177243,
                      "Plan Width": 4,
                      "Actual Startup Time": 0.055,
                      "Actual Total Time": 105.063,
                      "Actual Rows": 911966,
                      "Actual Loops": 4,
                      "Filter": "(keyword_id > 830)",
                      "Rows Removed by Filter": 219016
                    },
                    {
                      "Node Type": "Hash",
                      "Parent Relationship": "Inner",
                      "Parallel Aware": true,
                      "Startup Cost": 43899.32,
                      "Total Cost": 43899.32,
                      "Plan Rows": 50151,
                      "Plan Width": 4,
                      "Actual Startup Time": 102.903,
                      "Actual Total Time": 102.904,
                      "Actual Rows": 52906,
                      "Actual Loops": 4,
                      "Hash Buckets": 262144,
                      "Original Hash Buckets": 262144,
                      "Hash Batches": 1,
                      "Original Hash Batches": 1,
                      "Peak Memory Usage": 10368,
                      "Plans": [
                        {
                          "Node Type": "Seq Scan",
                          "Parent Relationship": "Outer",
                          "Parallel Aware": true,
                          "Relation Name": "title",
                          "Alias": "t",
                          "Startup Cost": 0.0,
                          "Total Cost": 43899.32,
                          "Plan Rows": 50151,
                          "Plan Width": 4,
                          "Actual Startup Time": 0.037,
                          "Actual Total Time": 84.691,
                          "Actual Rows": 52906,
                          "Actual Loops": 4,
                          "Filter": "(production_year < 1957)",
                          "Rows Removed by Filter": 579172
                        }
                      ]
                    }
                  ]
                }
              ]
            }
          ]
        }
      ]
    },
    "Planning Time": 0.201,
    "Triggers": [],
    "Execution Time": 310.524
  }
]