[
  {
    "Plan": {
      "Node Type": "Aggregate",
      "Strategy": "Plain",
      "Partial Mode": "Finalize",
      "Parallel Aware": false,
      "Startup Cost": 93691.14,
      "Total Cost": 93691.15,
      "Plan Rows": 1,
      "Plan Width": 8,
      "Actual Startup Time": 371.604,
      "Actual Total Time": 391.279,
      "Actual Rows": 1,
      "Actual Loops": 1,
      "Plans": [
        {
          "Node Type": "Gather",
          "Parent Relationship": "Outer",
          "Parallel Aware": false,
          "Startup Cost": 93690.82,
          "Total Cost": 93691.13,
          "Plan Rows": 3,
          "Plan Width": 8,
          "Actual Startup Time": 369.236,
          "Actual Total Time": 391.266,
          "Actual Rows": 4,
          "Actual Loops": 1,
          "Workers Planned": 3,
          "Workers Launched": 3,
          "Single Copy": false,
          "Plans": [
            {
              "Node Type": "Aggregate",
              "Strategy": "Plain",
              "Partial Mode": "Partial",
              "Parent Relationship": "Outer",
              "Parallel Aware": false,
              "Startup Cost": 92690.82,
              "Total Cost": 92690.83,
              "Plan Rows": 1,
              "Plan Width": 8,
              "Actual Startup Time": 364.187,
              "Actual Total Time": 364.192,
              "Actual Rows": 1,
              "Actual Loops": 4,
              "Plans": [
                {
                  "Node Type": "Nested Loop",
                  "Parent Relationship": "Outer",
                  "Parallel Aware": false,
                  "Join Type": "Inner",
                  "Startup Cost": 45568.11,
                  "Total Cost": 92648.85,
                  "Plan Rows": 16789,
                  "Plan Width": 0,
                  "Actual Startup Time": 116.917,
                  "Actual Total Time": 349.034,
                  "Actual Rows": 308825,
                  "Actual Loops": 4,
                  "Inner Unique": false,
                  "Join Filter": "(t.id = mk.movie_id)",
                  "Rows Removed by Join Filter": 0,
                  "Plans": [
                    {
                      "Node Type": "Hash Join",
                      "Parent Relationship": "Outer",
                      "Parallel Aware": true,
                      "Join Type": "Inner",
                      "Startup Cost": 45567.67,
                      "Total Cost": 74983.56,
                      "Plan Rows": 9384,
                      "Plan Width": 8,
                      "Actual Startup Time": 116.749,
                      "Actual Total Time": 221.871,
                      "Actual Rows": 9382,
                      "Actual Loops": 4,
                      "Inner Unique": true,
                      "Hash Cond": "(mc.movie_id = t.id)",
                      "Plans": [
                        {
                          "Node Type": "Seq Scan",
                          "Parent Relationship": "Outer",
                          "Parallel Aware": true,
                          "Relation Name": "movie_companies",
                          "Alias": "mc",
                          "Startup Cost": 0.0,
                          "Total Cost": 27206.55,
                          "Plan Rows": 841655,
                          "Plan Width": 4,
                          "Actual Startup Time": 0.014,
                          "Actual Total Time": 60.934,
                          "Actual Rows": 652282,
                          "Actual Loops": 4
                        },
                        {
                          "Node Type": "Hash",
                          "Parent Relationship": "Inner",
                          "Parallel Aware": true,
                          "Startup Cost": 45479.59,
                          "Total Cost": 45479.59,
                          "Plan Rows": 7047,
                          "Plan Width": 4,
                          "Actual Startup Time": 95.047,
                          "Actual Total Time": 95.049,
                          "Actual Rows": 4029,
                          "Actual Loops": 4,
                          "Hash Buckets": 32768,
                          "Original Hash Buckets": 32768,
                          "Hash Batches": 1,
                          "Original Hash Batches": 1,
                          "Peak Memory Usage": 960,
                          "Plans": [
                            {
                              "Node Type": "Seq Scan",
                              "Parent Relationship": "Outer",
                              "Parallel Aware": true,
                              "Relation Name": "title",
                              "Alias": "t",
                              "Startup Cost": 0.0,
                              "Total Cost": 45479.59,
                              "Plan Rows": 7047,
                              "Plan Width": 4,
                              "Actual Startup Time": 54.841,
                              "Actual Total Time": 93.156,
                              "Actual Rows": 4029,
                              "Actual Loops": 4,
                              "Filter": "((kind_id < 2) AND (production_year = 2006))",
                              "Rows Removed by Filter": 628049
                            }
                          ]
                        }
                      ]
                    },
                    {
                      "Node Type": "Index Only Scan",
                      "Parent Relationship": "Inner",
                      "Parallel Aware": false,
                      "Scan Direction": "Forward",
                      "Index Name": "movie_id_movie_keyword",
                      "Relation Name": "movie_keyword",
                      "Alias": "mk",
                      "Startup Cost": 0.43,
                      "Total Cost": 1.31,
                      "Plan Rows": 46,
                      "Plan Width": 4,
                      "Actual Startup Time": 0.005,
                      "Actual Total Time": 0.01,
                      "Actual Rows": 33,
                      "Actual Loops": 37527,
                      "Index Cond": "(movie_id = mc.movie_id)",
                      "Rows Removed by Index Recheck": 0,
                      "Heap Fetches": 1235301
                    }
                  ]
                }
              ]
            }
          ]
        }
      ]
    },
    "Planning Time": 0.721,
    "Triggers": [],
    "Execution Time": 391.331
  }
]