[
  {
    "Plan": {
      "Node Type": "Aggregate",
      "Strategy": "Plain",
      "Partial Mode": "Finalize",
      "Parallel Aware": false,
      "Startup Cost": 32836.46,
      "Total Cost": 32836.47,
      "Plan Rows": 1,
      "Plan Width": 8,
      "Actual Startup Time": 84.884,
      "Actual Total Time": 90.838,
      "Actual Rows": 1,
      "Actual Loops": 1,
      "Plans": [
        {
          "Node Type": "Gather",
          "Parent Relationship": "Outer",
          "Parallel Aware": false,
          "Startup Cost": 32836.14,
          "Total Cost": 32836.45,
          "Plan Rows": 3,
          "Plan Width": 8,
          "Actual Startup Time": 84.645,
          "Actual Total Time": 90.829,
          "Actual Rows": 4,
          "Actual Loops": 1,
          "Workers Planned": 3,
          "Workers Launched": 3,
          "Single Copy": false,
          "Plans": [
            {
              "Node Type": "Aggregate",
              "Strategy": "Plain",
              "Partial Mode": "Partial",
              "Parent Relationship": "Outer",
              "Parallel Aware": false,
              "Startup Cost": 31836.14,
              "Total Cost": 31836.15,
              "Plan Rows": 1,
              "Plan Width": 8,
              "Actual Startup Time": 79.339,
              "Actual Total Time": 79.34,
              "Actual Rows": 1,
              "Actual Loops": 4,
              "Plans": [
                {
                  "Node Type": "Seq Scan",
                  "Parent Relationship": "Outer",
                  "Parallel Aware": true,
                  "Relation Name": "movie_companies",
                  "Alias": "mc",
                  "Startup Cost": 0.0,
                  "Total Cost": 31414.82,
                  "Plan Rows": 168529,
                  "Plan Width": 0,
                  "Actual Startup Time": 44.256,
                  "Actual Total Time": 75.584,
                  "Actual Rows": 78128,
                  "Actual Loops": 4,
                  "Filter": "((company_id < 5541) AND (company_type_id > 1))",
                  "Rows Removed by Filter": 574154
                }
              ]
            }
          ]
        }
      ]
    },
    "Planning Time": 0.218,
    "Triggers": [],
    "Execution Time": 90.887
  }
]