[
  {
    "Plan": {
      "Node Type": "Aggregate",
      "Strategy": "Plain",
      "Partial Mode": "Finalize",
      "Parallel Aware": false,
      "Startup Cost": 47113.11,
      "Total Cost": 47113.12,
      "Plan Rows": 1,
      "Plan Width": 8,
      "Actual Startup Time": 214.7,
      "Actual Total Time": 223.556,
      "Actual Rows": 1,
      "Actual Loops": 1,
      "Plans": [
        {
          "Node Type": "Gather",
          "Parent Relationship": "Outer",
          "Parallel Aware": false,
          "Startup Cost": 47112.79,
          "Total Cost": 47113.1,
          "Plan Rows": 3,
          "Plan Width": 8,
          "Actual Startup Time": 214.562,
          "Actual Total Time": 223.544,
          "Actual Rows": 4,
          "Actual Loops": 1,
          "Workers Planned": 3,
          "Workers Launched": 3,
          "Single Copy": false,
          "Plans": [
            {
              "Node Type": "Aggregate",
              "Strategy": "Plain",
              "Partial Mode": "Partial",
              "Parent Relationship": "Outer",
              "Parallel Aware": false,
              "Startup Cost": 46112.79,
              "Total Cost": 46112.8,
              "Plan Rows": 1,
              "Plan Width": 8,
              "Actual Startup Time": 209.634,
              "Actual Total Time": 209.635,
              "Actual Rows": 1,
              "Actual Loops": 4,
              "Plans": [
                {
                  "Node Type": "Seq Scan",
                  "Parent Relationship": "Outer",
                  "Parallel Aware": true,
                  "Relation Name": "movie_keyword",
                  "Alias": "mk",
                  "Startup Cost": 0.0,
                  "Total Cost": 42695.65,
                  "Plan Rows": 1366855,
                  "Plan Width": 0,
                  "Actual Startup Time": 0.051,
                  "Actual Total Time": 149.08,
                  "Actual Rows": 1060954,
                  "Actual Loops": 4,
                  "Filter": "(keyword_id > 231)",
                  "Rows Removed by Filter": 70028
                }
              ]
            }
          ]
        }
      ]
    },
    "Planning Time": 0.197,
    "Triggers": [],
    "Execution Time": 223.622
  }
]