[
  {
    "Plan": {
      "Node Type": "Aggregate",
      "Strategy": "Plain",
      "Partial Mode": "Finalize",
      "Parallel Aware": false,
      "Startup Cost": 47128.06,
      "Total Cost": 47128.07,
      "Plan Rows": 1,
      "Plan Width": 8,
      "Actual Startup Time": 220.569,
      "Actual Total Time": 233.508,
      "Actual Rows": 1,
      "Actual Loops": 1,
      "Plans": [
        {
          "Node Type": "Gather",
          "Parent Relationship": "Outer",
          "Parallel Aware": false,
          "Startup Cost": 47127.74,
          "Total Cost": 47128.05,
          "Plan Rows": 3,
          "Plan Width": 8,
          "Actual Startup Time": 220.442,
          "Actual Total Time": 233.499,
          "Actual Rows": 4,
          "Actual Loops": 1,
          "Workers Planned": 3,
          "Workers Launched": 3,
          "Single Copy": false,
          "Plans": [
            {
              "Node Type": "Aggregate",
              "Strategy": "Plain",
              "Partial Mode": "Partial",
              "Parent Relationship": "Outer",
              "Parallel Aware": false,
              "Startup Cost": 46127.74,
              "Total Cost": 46127.75,
              "Plan Rows": 1,
              "Plan Width": 8,
              "Actual Startup Time": 212.708,
              "Actual Total Time": 212.709,
              "Actual Rows": 1,
              "Actual Loops": 4,
              "Plans": [
                {
                  "Node Type": "Seq Scan",
                  "Parent Relationship": "Outer",
                  "Parallel Aware": true,
                  "Relation Name": "movie_keyword",
                  "Alias": "mk",
                  "Startup Cost": 0.0,
                  "Total Cost": 42695.65,
                  "Plan Rows": 1372836,
                  "Plan Width": 0,
                  "Actual Startup Time": 0.065,
                  "Actual Total Time": 154.142,
                  "Actual Rows": 1060954,
                  "Actual Loops": 4,
                  "Filter": "(keyword_id > 231)",
                  "Rows Removed by Filter": 70028
                }
              ]
            }
          ]
        }
      ]
    },
    "Planning Time": 0.097,
    "Triggers": [],
    "Execution Time": 233.54
  }
]