[
  {
    "Plan": {
      "Node Type": "Aggregate",
      "Strategy": "Plain",
      "Partial Mode": "Finalize",
      "Parallel Aware": false,
      "Startup Cost": 46103.18,
      "Total Cost": 46103.19,
      "Plan Rows": 1,
      "Plan Width": 8,
      "Actual Startup Time": 154.044,
      "Actual Total Time": 163.661,
      "Actual Rows": 1,
      "Actual Loops": 1,
      "Plans": [
        {
          "Node Type": "Gather",
          "Parent Relationship": "Outer",
          "Parallel Aware": false,
          "Startup Cost": 46102.86,
          "Total Cost": 46103.17,
          "Plan Rows": 3,
          "Plan Width": 8,
          "Actual Startup Time": 153.913,
          "Actual Total Time": 163.653,
          "Actual Rows": 4,
          "Actual Loops": 1,
          "Workers Planned": 3,
          "Workers Launched": 3,
          "Single Copy": false,
          "Plans": [
            {
              "Node Type": "Aggregate",
              "Strategy": "Plain",
              "Partial Mode": "Partial",
              "Parent Relationship": "Outer",
              "Parallel Aware": false,
              "Startup Cost": 45102.86,
              "Total Cost": 45102.87,
              "Plan Rows": 1,
              "Plan Width": 8,
              "Actual Startup Time": 147.15,
              "Actual Total Time": 147.151,
              "Actual Rows": 1,
              "Actual Loops": 4,
              "Plans": [
                {
                  "Node Type": "Seq Scan",
                  "Parent Relationship": "Outer",
                  "Parallel Aware": true,
                  "Relation Name": "movie_keyword",
                  "Alias": "mk",
                  "Startup Cost": 0.0,
                  "Total Cost": 42695.65,
                  "Plan Rows": 962884,
                  "Plan Width": 0,
                  "Actual Startup Time": 0.057,
                  "Actual Total Time": 115.221,
                  "Actual Rows": 745302,
                  "Actual Loops": 4,
                  "Filter": "(keyword_id < 10266)",
                  "Rows Removed by Filter": 385681
                }
              ]
            }
          ]
        }
      ]
    },
    "Planning Time": 0.095,
    "Triggers": [],
    "Execution Time": 163.693
  }
]