[
  {
    "Plan": {
      "Node Type": "Aggregate",
      "Strategy": "Plain",
      "Partial Mode": "Simple",
      "Parallel Aware": false,
      "Startup Cost": 971.18,
      "Total Cost": 971.19,
      "Plan Rows": 1,
      "Plan Width": 8,
      "Actual Startup Time": 1.705,
      "Actual Total Time": 1.706,
      "Actual Rows": 1,
      "Actual Loops": 1,
      "Plans": [
        {
          "Node Type": "Index Scan",
          "Parent Relationship": "Outer",
          "Parallel Aware": false,
          "Scan Direction": "Forward",
          "Index Name": "company_id_movie_companies",
          "Relation Name": "movie_companies",
          "Alias": "mc",
          "Startup Cost": 0.43,
          "Total Cost": 970.73,
          "Plan Rows": 180,
          "Plan Width": 0,
          "Actual Startup Time": 0.029,
          "Actual Total Time": 1.56,
          "Actual Rows": 788,
          "Actual Loops": 1,
          "Index Cond": "(company_id < 2)",
          "Rows Removed by Index Recheck": 0,
          "Filter": "(company_type_id < 2)",
          "Rows Removed by Filter": 507
        }
      ]
    },
    "Planning Time": 0.282,
    "Triggers": [],
    "Execution Time": 1.757
  }
]