[
  {
    "Plan": {
      "Node Type": "Aggregate",
      "Strategy": "Plain",
      "Partial Mode": "Finalize",
      "Parallel Aware": false,
      "Startup Cost": 31338.29,
      "Total Cost": 31338.3,
      "Plan Rows": 1,
      "Plan Width": 8,
      "Actual Startup Time": 98.192,
      "Actual Total Time": 106.089,
      "Actual Rows": 1,
      "Actual Loops": 1,
      "Plans": [
        {
          "Node Type": "Gather",
          "Parent Relationship": "Outer",
          "Parallel Aware": false,
          "Startup Cost": 31337.97,
          "Total Cost": 31338.28,
          "Plan Rows": 3,
          "Plan Width": 8,
          "Actual Startup Time": 98.085,
          "Actual Total Time": 106.08,
          "Actual Rows": 4,
          "Actual Loops": 1,
          "Workers Planned": 3,
          "Workers Launched": 3,
          "Single Copy": false,
          "Plans": [
            {
              "Node Type": "Aggregate",
              "Strategy": "Plain",
              "Partial Mode": "Partial",
              "Parent Relationship": "Outer",
              "Parallel Aware": false,
              "Startup Cost": 30337.97,
              "Total Cost": 30337.98,
              "Plan Rows": 1,
              "Plan Width": 8,
              "Actual Startup Time": 91.366,
              "Actual Total Time": 91.366,
              "Actual Rows": 1,
              "Actual Loops": 4,
              "Plans": [
                {
                  "Node Type": "Seq Scan",
                  "Parent Relationship": "Outer",
                  "Parallel Aware": true,
                  "Relation Name": "movie_companies",
                  "Alias": "mc",
                  "Startup Cost": 0.0,
                  "Total Cost": 29310.68,
                  "Plan Rows": 410916,
                  "Plan Width": 0,
                  "Actual Startup Time": 20.745,
                  "Actual Total Time": 77.897,
                  "Actual Rows": 318794,
                  "Actual Loops": 4,
                  "Filter": "(company_id > 11412)",
                  "Rows Removed by Filter": 333488
                }
              ]
            }
          ]
        }
      ]
    },
    "Planning Time": 0.186,
    "Triggers": [],
    "Execution Time": 106.145
  }
]