[
  {
    "Plan": {
      "Node Type": "Aggregate",
      "Strategy": "Plain",
      "Partial Mode": "Finalize",
      "Parallel Aware": false,
      "Startup Cost": 46848.34,
      "Total Cost": 46848.35,
      "Plan Rows": 1,
      "Plan Width": 8,
      "Actual Startup Time": 100.957,
      "Actual Total Time": 113.46,
      "Actual Rows": 1,
      "Actual Loops": 1,
      "Plans": [
        {
          "Node Type": "Gather",
          "Parent Relationship": "Outer",
          "Parallel Aware": false,
          "Startup Cost": 46847.92,
          "Total Cost": 46848.33,
          "Plan Rows": 4,
          "Plan Width": 8,
          "Actual Startup Time": 100.77,
          "Actual Total Time": 113.449,
          "Actual Rows": 5,
          "Actual Loops": 1,
          "Workers Planned": 4,
          "Workers Launched": 4,
          "Single Copy": false,
          "Plans": [
            {
              "Node Type": "Aggregate",
              "Strategy": "Plain",
              "Partial Mode": "Partial",
              "Parent Relationship": "Outer",
              "Parallel Aware": false,
              "Startup Cost": 45847.92,
              "Total Cost": 45847.93,
              "Plan Rows": 1,
              "Plan Width": 8,
              "Actual Startup Time": 94.389,
              "Actual Total Time": 94.39,
              "Actual Rows": 1,
              "Actual Loops": 5,
              "Plans": [
                {
                  "Node Type": "Seq Scan",
                  "Parent Relationship": "Outer",
                  "Parallel Aware": true,
                  "Relation Name": "title",
                  "Alias": "t",
                  "Startup Cost": 0.0,
                  "Total Cost": 45479.59,
                  "Plan Rows": 147335,
                  "Plan Width": 0,
                  "Actual Startup Time": 0.037,
                  "Actual Total Time": 88.367,
                  "Actual Rows": 98533,
                  "Actual Loops": 5,
                  "Filter": "((kind_id > 4) AND (production_year < 1999))",
                  "Rows Removed by Filter": 407130
                }
              ]
            }
          ]
        }
      ]
    },
    "Planning Time": 0.166,
    "Triggers": [],
    "Execution Time": 113.54
  }
]