[
  {
    "Plan": {
      "Node Type": "Aggregate",
      "Strategy": "Plain",
      "Partial Mode": "Finalize",
      "Parallel Aware": false,
      "Startup Cost": 96418.74,
      "Total Cost": 96418.75,
      "Plan Rows": 1,
      "Plan Width": 8,
      "Actual Startup Time": 509.386,
      "Actual Total Time": 527.443,
      "Actual Rows": 1,
      "Actual Loops": 1,
      "Plans": [
        {
          "Node Type": "Gather",
          "Parent Relationship": "Outer",
          "Parallel Aware": false,
          "Startup Cost": 96418.42,
          "Total Cost": 96418.73,
          "Plan Rows": 3,
          "Plan Width": 8,
          "Actual Startup Time": 505.057,
          "Actual Total Time": 527.431,
          "Actual Rows": 4,
          "Actual Loops": 1,
          "Workers Planned": 3,
          "Workers Launched": 3,
          "Single Copy": false,
          "Plans": [
            {
              "Node Type": "Aggregate",
              "Strategy": "Plain",
              "Partial Mode": "Partial",
              "Parent Relationship": "Outer",
              "Parallel Aware": false,
              "Startup Cost": 95418.42,
              "Total Cost": 95418.43,
              "Plan Rows": 1,
              "Plan Width": 8,
              "Actual Startup Time": 501.48,
              "Actual Total Time": 501.596,
              "Actual Rows": 1,
              "Actual Loops": 4,
              "Plans": [
                {
                  "Node Type": "Hash Join",
                  "Parent Relationship": "Outer",
                  "Parallel Aware": true,
                  "Join Type": "Inner",
                  "Startup Cost": 64316.42,
                  "Total Cost": 95141.2,
                  "Plan Rows": 110888,
                  "Plan Width": 0,
                  "Actual Startup Time": 316.293,
                  "Actual Total Time": 479.499,
                  "Actual Rows": 552100,
                  "Actual Loops": 4,
                  "Inner Unique": false,
                  "Hash Cond": "(mc.movie_id = t.id)",
                  "Plans": [
                    {
                      "Node Type": "Seq Scan",
                      "Parent Relationship": "Outer",
                      "Parallel Aware": true,
                      "Relation Name": "movie_companies",
                      "Alias": "mc",
                      "Startup Cost": 0.0,
                      "Total Cost": 27206.55,
                      "Plan Rows": 841655,
                      "Plan Width": 4,
                      "Actual Startup Time": 0.027,
                      "Actual Total Time": 56.973,
                      "Actual Rows": 652282,
                      "Actual Loops": 4
                    },
                    {
                      "Node Type": "Hash",
                      "Parent Relationship": "Inner",
                      "Parallel Aware": true,
                      "Startup Cost": 62581.42,
                      "Total Cost": 62581.42,
                      "Plan Rows": 138800,
                      "Plan Width": 8,
                      "Actual Startup Time": 288.858,
                      "Actual Total Time": 288.973,
                      "Actual Rows": 147673,
                      "Actual Loops": 4,
                      "Hash Buckets": 1048576,
                      "Original Hash Buckets": 524288,
                      "Hash Batches": 1,
                      "Original Hash Batches": 1,
                      "Peak Memory Usage": 35456,
                      "Plans": [
                        {
                          "Node Type": "Hash Join",
                          "Parent Relationship": "Outer",
                          "Parallel Aware": true,
                          "Join Type": "Inner",
                          "Startup Cost": 47386.86,
                          "Total Cost": 62581.42,
                          "Plan Rows": 138800,
                          "Plan Width": 8,
                          "Actual Startup Time": 173.543,
                          "Actual Total Time": 235.392,
                          "Actual Rows": 147673,
                          "Actual Loops": 4,
                          "Inner Unique": true,
                          "Hash Cond": "(mi_idx.movie_id = t.id)",
                          "Plans": [
                            {
                              "Node Type": "Seq Scan",
                              "Parent Relationship": "Outer",
                              "Parallel Aware": true,
                              "Relation Name": "movie_info_idx",
                              "Alias": "mi_idx",
                              "Startup Cost": 0.0,
                              "Total Cost": 13685.15,
                              "Plan Rows": 575015,
                              "Plan Width": 4,
                              "Actual Startup Time": 0.011,
                              "Actual Total Time": 29.814,
                              "Actual Rows": 345009,
                              "Actual Loops": 4
                            },
                            {
                              "Node Type": "Hash",
                              "Parent Relationship": "Inner",
                              "Parallel Aware": true,
                              "Startup Cost": 45479.59,
                              "Total Cost": 45479.59,
                              "Plan Rows": 152582,
                              "Plan Width": 4,
                              "Actual Startup Time": 143.347,
                              "Actual Total Time": 143.348,
                              "Actual Rows": 132116,
                              "Actual Loops": 4,
                              "Hash Buckets": 1048576,
                              "Original Hash Buckets": 1048576,
                              "Hash Batches": 1,
                              "Original Hash Batches": 1,
                              "Peak Memory Usage": 28960,
                              "Plans": [
                                {
                                  "Node Type": "Seq Scan",
                                  "Parent Relationship": "Outer",
                                  "Parallel Aware": true,
                                  "Relation Name": "title",
                                  "Alias": "t",
                                  "Startup Cost": 0.0,
                                  "Total Cost": 45479.59,
                                  "Plan Rows": 152582,
                                  "Plan Width": 4,
                                  "Actual Startup Time": 40.351,
                                  "Actual Total Time": 95.554,
                                  "Actual Rows": 132116,
                                  "Actual Loops": 4,
                                  "Filter": "((production_year > 1934) AND (kind_id = 1))",
                                  "Rows Removed by Filter": 499962
                                }
                              ]
                            }
                          ]
                        }
                      ]
                    }
                  ]
                }
              ]
            }
          ]
        }
      ]
    },
    "Planning Time": 0.568,
    "Triggers": [],
    "Execution Time": 527.495
  }
]