[
  {
    "Plan": {
      "Node Type": "Aggregate",
      "Strategy": "Plain",
      "Partial Mode": "Finalize",
      "Parallel Aware": false,
      "Startup Cost": 335814.14,
      "Total Cost": 335814.15,
      "Plan Rows": 1,
      "Plan Width": 8,
      "Actual Startup Time": 5003.205,
      "Actual Total Time": 5045.247,
      "Actual Rows": 1,
      "Actual Loops": 1,
      "Plans": [
        {
          "Node Type": "Gather",
          "Parent Relationship": "Outer",
          "Parallel Aware": false,
          "Startup Cost": 335813.61,
          "Total Cost": 335814.12,
          "Plan Rows": 5,
          "Plan Width": 8,
          "Actual Startup Time": 4980.894,
          "Actual Total Time": 5045.234,
          "Actual Rows": 6,
          "Actual Loops": 1,
          "Workers Planned": 5,
          "Workers Launched": 5,
          "Single Copy": false,
          "Plans": [
            {
              "Node Type": "Aggregate",
              "Strategy": "Plain",
              "Partial Mode": "Partial",
              "Parent Relationship": "Outer",
              "Parallel Aware": false,
              "Startup Cost": 334813.61,
              "Total Cost": 334813.62,
              "Plan Rows": 1,
              "Plan Width": 8,
              "Actual Startup Time": 4964.457,
              "Actual Total Time": 4965.14,
              "Actual Rows": 1,
              "Actual Loops": 6,
              "Plans": [
                {
                  "Node Type": "Hash Join",
                  "Parent Relationship": "Outer",
                  "Parallel Aware": true,
                  "Join Type": "Inner",
                  "Startup Cost": 109924.14,
                  "Total Cost": 325177.55,
                  "Plan Rows": 3854427,
                  "Plan Width": 0,
                  "Actual Startup Time": 688.864,
                  "Actual Total Time": 3660.482,
                  "Actual Rows": 30200291,
                  "Actual Loops": 6,
                  "Inner Unique": false,
                  "Hash Cond": "(mi.movie_id = t.id)",
                  "Plans": [
                    {
                      "Node Type": "Seq Scan",
                      "Parent Relationship": "Outer",
                      "Parallel Aware": true,
                      "Relation Name": "movie_info",
                      "Alias": "mi",
                      "Startup Cost": 0.0,
                      "Total Cost": 191685.19,
                      "Plan Rows": 2969219,
                      "Plan Width": 4,
                      "Actual Startup Time": 0.049,
                      "Actual Total Time": 300.659,
                      "Actual Rows": 2472620,
                      "Actual Loops": 6
                    },
                    {
                      "Node Type": "Hash",
                      "Parent Relationship": "Inner",
                      "Parallel Aware": true,
                      "Startup Cost": 96689.39,
                      "Total Cost": 96689.39,
                      "Plan Rows": 1058780,
                      "Plan Width": 8,
                      "Actual Startup Time": 681.778,
                      "Actual Total Time": 682.46,
                      "Actual Rows": 517581,
                      "Actual Loops": 6,
                      "Hash Buckets": 4194304,
                      "Original Hash Buckets": 4194304,
                      "Hash Batches": 1,
                      "Original Hash Batches": 1,
                      "Peak Memory Usage": 154336,
                      "Plans": [
                        {
                          "Node Type": "Hash Join",
                          "Parent Relationship": "Outer",
                          "Parallel Aware": true,
                          "Join Type": "Inner",
                          "Startup Cost": 50821.15,
                          "Total Cost": 96689.39,
                          "Plan Rows": 1058780,
                          "Plan Width": 8,
                          "Actual Startup Time": 303.462,
                          "Actual Total Time": 521.55,
                          "Actual Rows": 517581,
                          "Actual Loops": 6,
                          "Inner Unique": true,
                          "Hash Cond": "(mk.movie_id = t.id)",
                          "Plans": [
                            {
                              "Node Type": "Seq Scan",
                              "Parent Relationship": "Outer",
                              "Parallel Aware": true,
                              "Relation Name": "movie_keyword",
                              "Alias": "mk",
                              "Startup Cost": 0.0,
                              "Total Cost": 42695.65,
                              "Plan Rows": 1208606,
                              "Plan Width": 4,
                              "Actual Startup Time": 0.06,
                              "Actual Total Time": 96.61,
                              "Actual Rows": 624100,
                              "Actual Loops": 6,
                              "Filter": "(keyword_id > 743)",
                              "Rows Removed by Filter": 129889
                            },
                            {
                              "Node Type": "Hash",
                              "Parent Relationship": "Inner",
                              "Parallel Aware": true,
                              "Startup Cost": 43899.32,
                              "Total Cost": 43899.32,
                              "Plan Rows": 553746,
                              "Plan Width": 4,
                              "Actual Startup Time": 298.364,
                              "Actual Total Time": 298.365,
                              "Actual Rows": 367283,
                              "Actual Loops": 6,
                              "Hash Buckets": 4194304,
                              "Original Hash Buckets": 4194304,
                              "Hash Batches": 1,
                              "Original Hash Batches": 1,
                              "Peak Memory Usage": 119072,
                              "Plans": [
                                {
                                  "Node Type": "Seq Scan",
                                  "Parent Relationship": "Outer",
                                  "Parallel Aware": true,
                                  "Relation Name": "title",
                                  "Alias": "t",
                                  "Startup Cost": 0.0,
                                  "Total Cost": 43899.32,
                                  "Plan Rows": 553746,
                                  "Plan Width": 4,
                                  "Actual Startup Time": 0.061,
                                  "Actual Total Time": 101.214,
                                  "Actual Rows": 367283,
                                  "Actual Loops": 6,
                                  "Filter": "(production_year > 1960)",
                                  "Rows Removed by Filter": 54102
                                }
                              ]
                            }
                          ]
                        }
                      ]
                    }
                  ]
                }
              ]
            }
          ]
        }
      ]
    },
    "Planning Time": 0.703,
    "Triggers": [],
    "Execution Time": 5045.304
  }
]