[
  {
    "Plan": {
      "Node Type": "Aggregate",
      "Strategy": "Plain",
      "Partial Mode": "Finalize",
      "Parallel Aware": false,
      "Startup Cost": 305635.69,
      "Total Cost": 305635.7,
      "Plan Rows": 1,
      "Plan Width": 8,
      "Actual Startup Time": 182.341,
      "Actual Total Time": 193.904,
      "Actual Rows": 1,
      "Actual Loops": 1,
      "Plans": [
        {
          "Node Type": "Gather",
          "Parent Relationship": "Outer",
          "Parallel Aware": false,
          "Startup Cost": 305635.06,
          "Total Cost": 305635.67,
          "Plan Rows": 6,
          "Plan Width": 8,
          "Actual Startup Time": 181.527,
          "Actual Total Time": 193.892,
          "Actual Rows": 7,
          "Actual Loops": 1,
          "Workers Planned": 6,
          "Workers Launched": 6,
          "Single Copy": false,
          "Plans": [
            {
              "Node Type": "Aggregate",
              "Strategy": "Plain",
              "Partial Mode": "Partial",
              "Parent Relationship": "Outer",
              "Parallel Aware": false,
              "Startup Cost": 304635.06,
              "Total Cost": 304635.07,
              "Plan Rows": 1,
              "Plan Width": 8,
              "Actual Startup Time": 171.875,
              "Actual Total Time": 171.878,
              "Actual Rows": 1,
              "Actual Loops": 7,
              "Plans": [
                {
                  "Node Type": "Bitmap Heap Scan",
                  "Parent Relationship": "Outer",
                  "Parallel Aware": true,
                  "Relation Name": "cast_info",
                  "Alias": "ci",
                  "Startup Cost": 46664.28,
                  "Total Cost": 303754.43,
                  "Plan Rows": 352252,
                  "Plan Width": 0,
                  "Actual Startup Time": 68.062,
                  "Actual Total Time": 153.102,
                  "Actual Rows": 309858,
                  "Actual Loops": 7,
                  "Recheck Cond": "(person_id < 212443)",
                  "Rows Removed by Index Recheck": 0,
                  "Exact Heap Blocks": 5857,
                  "Lossy Heap Blocks": 0,
                  "Plans": [
                    {
                      "Node Type": "Bitmap Index Scan",
                      "Parent Relationship": "Outer",
                      "Parallel Aware": false,
                      "Index Name": "person_id_cast_info",
                      "Startup Cost": 0.0,
                      "Total Cost": 46135.9,
                      "Plan Rows": 2113512,
                      "Plan Width": 0,
                      "Actual Startup Time": 73.542,
                      "Actual Total Time": 73.543,
                      "Actual Rows": 2169005,
                      "Actual Loops": 1,
                      "Index Cond": "(person_id < 212443)"
                    }
                  ]
                }
              ]
            }
          ]
        }
      ]
    },
    "Planning Time": 0.21,
    "Triggers": [],
    "Execution Time": 193.985
  }
]