[
  {
    "Plan": {
      "Node Type": "Aggregate",
      "Strategy": "Plain",
      "Partial Mode": "Simple",
      "Parallel Aware": false,
      "Startup Cost": 25873.04,
      "Total Cost": 25873.05,
      "Plan Rows": 1,
      "Plan Width": 8,
      "Actual Startup Time": 15.363,
      "Actual Total Time": 15.364,
      "Actual Rows": 1,
      "Actual Loops": 1,
      "Plans": [
        {
          "Node Type": "Bitmap Heap Scan",
          "Parent Relationship": "Outer",
          "Parallel Aware": false,
          "Relation Name": "movie_keyword",
          "Alias": "mk",
          "Startup Cost": 490.64,
          "Total Cost": 25815.55,
          "Plan Rows": 22995,
          "Plan Width": 0,
          "Actual Startup Time": 2.484,
          "Actual Total Time": 14.437,
          "Actual Rows": 21996,
          "Actual Loops": 1,
          "Recheck Cond": "(keyword_id > 115875)",
          "Rows Removed by Index Recheck": 0,
          "Exact Heap Blocks": 6585,
          "Lossy Heap Blocks": 0,
          "Plans": [
            {
              "Node Type": "Bitmap Index Scan",
              "Parent Relationship": "Outer",
              "Parallel Aware": false,
              "Index Name": "keyword_id_movie_keyword",
              "Startup Cost": 0.0,
              "Total Cost": 484.89,
              "Plan Rows": 22995,
              "Plan Width": 0,
              "Actual Startup Time": 1.697,
              "Actual Total Time": 1.698,
              "Actual Rows": 21996,
              "Actual Loops": 1,
              "Index Cond": "(keyword_id > 115875)"
            }
          ]
        }
      ]
    },
    "Planning Time": 0.122,
    "Triggers": [],
    "Execution Time": 15.391
  }
]