[
  {
    "Plan": {
      "Node Type": "Aggregate",
      "Strategy": "Plain",
      "Partial Mode": "Finalize",
      "Parallel Aware": false,
      "Startup Cost": 297661.13,
      "Total Cost": 297661.14,
      "Plan Rows": 1,
      "Plan Width": 8,
      "Actual Startup Time": 1045.217,
      "Actual Total Time": 1095.956,
      "Actual Rows": 1,
      "Actual Loops": 1,
      "Plans": [
        {
          "Node Type": "Gather",
          "Parent Relationship": "Outer",
          "Parallel Aware": false,
          "Startup Cost": 297660.61,
          "Total Cost": 297661.12,
          "Plan Rows": 5,
          "Plan Width": 8,
          "Actual Startup Time": 1030.428,
          "Actual Total Time": 1095.942,
          "Actual Rows": 6,
          "Actual Loops": 1,
          "Workers Planned": 5,
          "Workers Launched": 5,
          "Single Copy": false,
          "Plans": [
            {
              "Node Type": "Aggregate",
              "Strategy": "Plain",
              "Partial Mode": "Partial",
              "Parent Relationship": "Outer",
              "Parallel Aware": false,
              "Startup Cost": 296660.61,
              "Total Cost": 296660.62,
              "Plan Rows": 1,
              "Plan Width": 8,
              "Actual Startup Time": 1019.643,
              "Actual Total Time": 1019.925,
              "Actual Rows": 1,
              "Actual Loops": 6,
              "Plans": [
                {
                  "Node Type": "Hash Join",
                  "Parent Relationship": "Outer",
                  "Parallel Aware": true,
                  "Join Type": "Inner",
                  "Startup Cost": 84380.93,
                  "Total Cost": 295171.21,
                  "Plan Rows": 595757,
                  "Plan Width": 0,
                  "Actual Startup Time": 351.773,
                  "Actual Total Time": 1004.897,
                  "Actual Rows": 335947,
                  "Actual Loops": 6,
                  "Inner Unique": false,
                  "Hash Cond": "(mi.movie_id = t.id)",
                  "Plans": [
                    {
                      "Node Type": "Seq Scan",
                      "Parent Relationship": "Outer",
                      "Parallel Aware": true,
                      "Relation Name": "movie_info",
                      "Alias": "mi",
                      "Startup Cost": 0.0,
                      "Total Cost": 199108.24,
                      "Plan Rows": 2602732,
                      "Plan Width": 4,
                      "Actual Startup Time": 0.038,
                      "Actual Total Time": 381.225,
                      "Actual Rows": 2161681,
                      "Actual Loops": 6,
                      "Filter": "(info_type_id < 18)",
                      "Rows Removed by Filter": 310939
                    },
                    {
                      "Node Type": "Hash",
                      "Parent Relationship": "Inner",
                      "Parallel Aware": true,
                      "Startup Cost": 82047.26,
                      "Total Cost": 82047.26,
                      "Plan Rows": 186693,
                      "Plan Width": 8,
                      "Actual Startup Time": 347.221,
                      "Actual Total Time": 347.501,
                      "Actual Rows": 48717,
                      "Actual Loops": 6,
                      "Hash Buckets": 1048576,
                      "Original Hash Buckets": 1048576,
                      "Hash Batches": 1,
                      "Original Hash Batches": 1,
                      "Peak Memory Usage": 19712,
                      "Plans": [
                        {
                          "Node Type": "Hash Join",
                          "Parent Relationship": "Outer",
                          "Parallel Aware": true,
                          "Join Type": "Inner",
                          "Startup Cost": 49719.09,
                          "Total Cost": 82047.26,
                          "Plan Rows": 186693,
                          "Plan Width": 8,
                          "Actual Startup Time": 234.833,
                          "Actual Total Time": 321.528,
                          "Actual Rows": 48717,
                          "Actual Loops": 6,
                          "Inner Unique": true,
                          "Hash Cond": "(mc.movie_id = t.id)",
                          "Plans": [
                            {
                              "Node Type": "Seq Scan",
                              "Parent Relationship": "Outer",
                              "Parallel Aware": true,
                              "Relation Name": "movie_companies",
                              "Alias": "mc",
                              "Startup Cost": 0.0,
                              "Total Cost": 31414.82,
                              "Plan Rows": 347947,
                              "Plan Width": 4,
                              "Actual Startup Time": 25.494,
                              "Actual Total Time": 54.456,
                              "Actual Rows": 200525,
                              "Actual Loops": 6,
                              "Filter": "((company_id > 428) AND (company_type_id = 2))",
                              "Rows Removed by Filter": 234330
                            },
                            {
                              "Node Type": "Hash",
                              "Parent Relationship": "Inner",
                              "Parallel Aware": true,
                              "Startup Cost": 45479.59,
                              "Total Cost": 45479.59,
                              "Plan Rows": 339160,
                              "Plan Width": 4,
                              "Actual Startup Time": 206.126,
                              "Actual Total Time": 206.128,
                              "Actual Rows": 221297,
                              "Actual Loops": 6,
                              "Hash Buckets": 2097152,
                              "Original Hash Buckets": 2097152,
                              "Hash Batches": 1,
                              "Original Hash Batches": 1,
                              "Peak Memory Usage": 68416,
                              "Plans": [
                                {
                                  "Node Type": "Seq Scan",
                                  "Parent Relationship": "Outer",
                                  "Parallel Aware": true,
                                  "Relation Name": "title",
                                  "Alias": "t",
                                  "Startup Cost": 0.0,
                                  "Total Cost": 45479.59,
                                  "Plan Rows": 339160,
                                  "Plan Width": 4,
                                  "Actual Startup Time": 0.055,
                                  "Actual Total Time": 92.428,
                                  "Actual Rows": 221297,
                                  "Actual Loops": 6,
                                  "Filter": "((production_year < 2012) AND (kind_id = 7))",
                                  "Rows Removed by Filter": 200088
                                }
                              ]
                            }
                          ]
                        }
                      ]
                    }
                  ]
                }
              ]
            }
          ]
        }
      ]
    },
    "Planning Time": 1.627,
    "Triggers": [],
    "Execution Time": 1096.09
  }
]