[
  {
    "Plan": {
      "Node Type": "Aggregate",
      "Strategy": "Plain",
      "Partial Mode": "Finalize",
      "Parallel Aware": false,
      "Startup Cost": 604095.68,
      "Total Cost": 604095.69,
      "Plan Rows": 1,
      "Plan Width": 8,
      "Actual Startup Time": 2554.921,
      "Actual Total Time": 2647.307,
      "Actual Rows": 1,
      "Actual Loops": 1,
      "Plans": [
        {
          "Node Type": "Gather",
          "Parent Relationship": "Outer",
          "Parallel Aware": false,
          "Startup Cost": 604095.16,
          "Total Cost": 604095.67,
          "Plan Rows": 5,
          "Plan Width": 8,
          "Actual Startup Time": 2520.392,
          "Actual Total Time": 2647.292,
          "Actual Rows": 6,
          "Actual Loops": 1,
          "Workers Planned": 5,
          "Workers Launched": 5,
          "Single Copy": false,
          "Plans": [
            {
              "Node Type": "Aggregate",
              "Strategy": "Plain",
              "Partial Mode": "Partial",
              "Parent Relationship": "Outer",
              "Parallel Aware": false,
              "Startup Cost": 603095.16,
              "Total Cost": 603095.17,
              "Plan Rows": 1,
              "Plan Width": 8,
              "Actual Startup Time": 2500.529,
              "Actual Total Time": 2501.364,
              "Actual Rows": 1,
              "Actual Loops": 6,
              "Plans": [
                {
                  "Node Type": "Hash Join",
                  "Parent Relationship": "Outer",
                  "Parallel Aware": true,
                  "Join Type": "Inner",
                  "Startup Cost": 387032.3,
                  "Total Cost": 597097.08,
                  "Plan Rows": 2399231,
                  "Plan Width": 0,
                  "Actual Startup Time": 1499.027,
                  "Actual Total Time": 2447.576,
                  "Actual Rows": 1292159,
                  "Actual Loops": 6,
                  "Inner Unique": false,
                  "Hash Cond": "(mi.movie_id = t.id)",
                  "Plans": [
                    {
                      "Node Type": "Seq Scan",
                      "Parent Relationship": "Outer",
                      "Parallel Aware": true,
                      "Relation Name": "movie_info",
                      "Alias": "mi",
                      "Startup Cost": 0.0,
                      "Total Cost": 198952.16,
                      "Plan Rows": 1897040,
                      "Plan Width": 4,
                      "Actual Startup Time": 0.034,
                      "Actual Total Time": 346.484,
                      "Actual Rows": 1594192,
                      "Actual Loops": 6,
                      "Filter": "(info_type_id < 16)",
                      "Rows Removed by Filter": 878428
                    },
                    {
                      "Node Type": "Hash",
                      "Parent Relationship": "Inner",
                      "Parallel Aware": true,
                      "Startup Cost": 380370.65,
                      "Total Cost": 380370.65,
                      "Plan Rows": 532932,
                      "Plan Width": 8,
                      "Actual Startup Time": 1491.374,
                      "Actual Total Time": 1492.207,
                      "Actual Rows": 568616,
                      "Actual Loops": 6,
                      "Hash Buckets": 4194304,
                      "Original Hash Buckets": 4194304,
                      "Hash Batches": 1,
                      "Original Hash Batches": 1,
                      "Peak Memory Usage": 166304,
                      "Plans": [
                        {
                          "Node Type": "Hash Join",
                          "Parent Relationship": "Outer",
                          "Parallel Aware": true,
                          "Join Type": "Inner",
                          "Startup Cost": 49362.19,
                          "Total Cost": 380370.65,
                          "Plan Rows": 532932,
                          "Plan Width": 8,
                          "Actual Startup Time": 190.002,
                          "Actual Total Time": 1240.99,
                          "Actual Rows": 568616,
                          "Actual Loops": 6,
                          "Inner Unique": true,
                          "Hash Cond": "(ci.movie_id = t.id)",
                          "Plans": [
                            {
                              "Node Type": "Seq Scan",
                              "Parent Relationship": "Outer",
                              "Parallel Aware": true,
                              "Relation Name": "cast_info",
                              "Alias": "ci",
                              "Startup Cost": 0.0,
                              "Total Cost": 328162.03,
                              "Plan Rows": 1084356,
                              "Plan Width": 4,
                              "Actual Startup Time": 0.027,
                              "Actual Total Time": 623.479,
                              "Actual Rows": 1117699,
                              "Actual Loops": 6,
                              "Filter": "(person_id < 648010)",
                              "Rows Removed by Filter": 4923025
                            },
                            {
                              "Node Type": "Hash",
                              "Parent Relationship": "Inner",
                              "Parallel Aware": true,
                              "Startup Cost": 45479.1,
                              "Total Cost": 45479.1,
                              "Plan Rows": 310647,
                              "Plan Width": 4,
                              "Actual Startup Time": 187.824,
                              "Actual Total Time": 187.825,
                              "Actual Rows": 220763,
                              "Actual Loops": 6,
                              "Hash Buckets": 2097152,
                              "Original Hash Buckets": 2097152,
                              "Hash Batches": 1,
                              "Original Hash Batches": 1,
                              "Peak Memory Usage": 68288,
                              "Plans": [
                                {
                                  "Node Type": "Seq Scan",
                                  "Parent Relationship": "Outer",
                                  "Parallel Aware": true,
                                  "Relation Name": "title",
                                  "Alias": "t",
                                  "Startup Cost": 0.0,
                                  "Total Cost": 45479.1,
                                  "Plan Rows": 310647,
                                  "Plan Width": 4,
                                  "Actual Startup Time": 0.051,
                                  "Actual Total Time": 88.196,
                                  "Actual Rows": 220763,
                                  "Actual Loops": 6,
                                  "Filter": "((production_year > 1973) AND (kind_id = 7))",
                                  "Rows Removed by Filter": 200623
                                }
                              ]
                            }
                          ]
                        }
                      ]
                    }
                  ]
                }
              ]
            }
          ]
        }
      ]
    },
    "Planning Time": 1.384,
    "Triggers": [],
    "Execution Time": 2647.406
  }
]