[
  {
    "Plan": {
      "Node Type": "Aggregate",
      "Strategy": "Plain",
      "Partial Mode": "Finalize",
      "Parallel Aware": false,
      "Startup Cost": 31097.33,
      "Total Cost": 31097.34,
      "Plan Rows": 1,
      "Plan Width": 8,
      "Actual Startup Time": 100.222,
      "Actual Total Time": 107.141,
      "Actual Rows": 1,
      "Actual Loops": 1,
      "Plans": [
        {
          "Node Type": "Gather",
          "Parent Relationship": "Outer",
          "Parallel Aware": false,
          "Startup Cost": 31097.01,
          "Total Cost": 31097.32,
          "Plan Rows": 3,
          "Plan Width": 8,
          "Actual Startup Time": 100.076,
          "Actual Total Time": 107.131,
          "Actual Rows": 4,
          "Actual Loops": 1,
          "Workers Planned": 3,
          "Workers Launched": 3,
          "Single Copy": false,
          "Plans": [
            {
              "Node Type": "Aggregate",
              "Strategy": "Plain",
              "Partial Mode": "Partial",
              "Parent Relationship": "Outer",
              "Parallel Aware": false,
              "Startup Cost": 30097.01,
              "Total Cost": 30097.02,
              "Plan Rows": 1,
              "Plan Width": 8,
              "Actual Startup Time": 91.688,
              "Actual Total Time": 91.689,
              "Actual Rows": 1,
              "Actual Loops": 4,
              "Plans": [
                {
                  "Node Type": "Seq Scan",
                  "Parent Relationship": "Outer",
                  "Parallel Aware": true,
                  "Relation Name": "movie_companies",
                  "Alias": "mc",
                  "Startup Cost": 0.0,
                  "Total Cost": 29310.68,
                  "Plan Rows": 314533,
                  "Plan Width": 0,
                  "Actual Startup Time": 0.046,
                  "Actual Total Time": 76.511,
                  "Actual Rows": 243802,
                  "Actual Loops": 4,
                  "Filter": "(company_id < 4246)",
                  "Rows Removed by Filter": 408480
                }
              ]
            }
          ]
        }
      ]
    },
    "Planning Time": 0.171,
    "Triggers": [],
    "Execution Time": 107.206
  }
]