[
  {
    "Plan": {
      "Node Type": "Aggregate",
      "Strategy": "Plain",
      "Partial Mode": "Finalize",
      "Parallel Aware": false,
      "Startup Cost": 32743.8,
      "Total Cost": 32743.81,
      "Plan Rows": 1,
      "Plan Width": 8,
      "Actual Startup Time": 92.611,
      "Actual Total Time": 100.295,
      "Actual Rows": 1,
      "Actual Loops": 1,
      "Plans": [
        {
          "Node Type": "Gather",
          "Parent Relationship": "Outer",
          "Parallel Aware": false,
          "Startup Cost": 32743.48,
          "Total Cost": 32743.79,
          "Plan Rows": 3,
          "Plan Width": 8,
          "Actual Startup Time": 92.502,
          "Actual Total Time": 100.288,
          "Actual Rows": 4,
          "Actual Loops": 1,
          "Workers Planned": 3,
          "Workers Launched": 3,
          "Single Copy": false,
          "Plans": [
            {
              "Node Type": "Aggregate",
              "Strategy": "Plain",
              "Partial Mode": "Partial",
              "Parent Relationship": "Outer",
              "Parallel Aware": false,
              "Startup Cost": 31743.48,
              "Total Cost": 31743.49,
              "Plan Rows": 1,
              "Plan Width": 8,
              "Actual Startup Time": 85.182,
              "Actual Total Time": 85.183,
              "Actual Rows": 1,
              "Actual Loops": 4,
              "Plans": [
                {
                  "Node Type": "Seq Scan",
                  "Parent Relationship": "Outer",
                  "Parallel Aware": true,
                  "Relation Name": "movie_companies",
                  "Alias": "mc",
                  "Startup Cost": 0.0,
                  "Total Cost": 31414.82,
                  "Plan Rows": 131465,
                  "Plan Width": 0,
                  "Actual Startup Time": 0.042,
                  "Actual Total Time": 75.757,
                  "Actual Rows": 145713,
                  "Actual Loops": 4,
                  "Filter": "((company_id < 1986) AND (company_type_id < 2))",
                  "Rows Removed by Filter": 506570
                }
              ]
            }
          ]
        }
      ]
    },
    "Planning Time": 0.214,
    "Triggers": [],
    "Execution Time": 100.35
  }
]