[
  {
    "Plan": {
      "Node Type": "Aggregate",
      "Strategy": "Plain",
      "Partial Mode": "Finalize",
      "Parallel Aware": false,
      "Startup Cost": 348157.11,
      "Total Cost": 348157.12,
      "Plan Rows": 1,
      "Plan Width": 8,
      "Actual Startup Time": 453.425,
      "Actual Total Time": 474.642,
      "Actual Rows": 1,
      "Actual Loops": 1,
      "Plans": [
        {
          "Node Type": "Gather",
          "Parent Relationship": "Outer",
          "Parallel Aware": false,
          "Startup Cost": 348156.48,
          "Total Cost": 348157.09,
          "Plan Rows": 6,
          "Plan Width": 8,
          "Actual Startup Time": 453.241,
          "Actual Total Time": 474.634,
          "Actual Rows": 7,
          "Actual Loops": 1,
          "Workers Planned": 6,
          "Workers Launched": 6,
          "Single Copy": false,
          "Plans": [
            {
              "Node Type": "Aggregate",
              "Strategy": "Plain",
              "Partial Mode": "Partial",
              "Parent Relationship": "Outer",
              "Parallel Aware": false,
              "Startup Cost": 347156.48,
              "Total Cost": 347156.49,
              "Plan Rows": 1,
              "Plan Width": 8,
              "Actual Startup Time": 447.985,
              "Actual Total Time": 447.986,
              "Actual Rows": 1,
              "Actual Loops": 7,
              "Plans": [
                {
                  "Node Type": "Index Scan",
                  "Parent Relationship": "Outer",
                  "Parallel Aware": true,
                  "Scan Direction": "Forward",
                  "Index Name": "role_id_cast_info",
                  "Relation Name": "cast_info",
                  "Alias": "ci",
                  "Startup Cost": 0.56,
                  "Total Cost": 342814.42,
                  "Plan Rows": 1736823,
                  "Plan Width": 0,
                  "Actual Startup Time": 168.132,
                  "Actual Total Time": 394.327,
                  "Actual Rows": 1105756,
                  "Actual Loops": 7,
                  "Index Cond": "(role_id = 1)",
                  "Rows Removed by Index Recheck": 0,
                  "Filter": "(person_id > 662255)",
                  "Rows Removed by Filter": 704343
                }
              ]
            }
          ]
        }
      ]
    },
    "Planning Time": 0.211,
    "Triggers": [],
    "Execution Time": 474.705
  }
]