[
  {
    "Plan": {
      "Node Type": "Aggregate",
      "Strategy": "Plain",
      "Partial Mode": "Finalize",
      "Parallel Aware": false,
      "Startup Cost": 78001.98,
      "Total Cost": 78001.99,
      "Plan Rows": 1,
      "Plan Width": 8,
      "Actual Startup Time": 356.883,
      "Actual Total Time": 372.98,
      "Actual Rows": 1,
      "Actual Loops": 1,
      "Plans": [
        {
          "Node Type": "Gather",
          "Parent Relationship": "Outer",
          "Parallel Aware": false,
          "Startup Cost": 78001.66,
          "Total Cost": 78001.97,
          "Plan Rows": 3,
          "Plan Width": 8,
          "Actual Startup Time": 355.353,
          "Actual Total Time": 372.969,
          "Actual Rows": 4,
          "Actual Loops": 1,
          "Workers Planned": 3,
          "Workers Launched": 3,
          "Single Copy": false,
          "Plans": [
            {
              "Node Type": "Aggregate",
              "Strategy": "Plain",
              "Partial Mode": "Partial",
              "Parent Relationship": "Outer",
              "Parallel Aware": false,
              "Startup Cost": 77001.66,
              "Total Cost": 77001.67,
              "Plan Rows": 1,
              "Plan Width": 8,
              "Actual Startup Time": 346.337,
              "Actual Total Time": 346.34,
              "Actual Rows": 1,
              "Actual Loops": 4,
              "Plans": [
                {
                  "Node Type": "Hash Join",
                  "Parent Relationship": "Outer",
                  "Parallel Aware": true,
                  "Join Type": "Inner",
                  "Startup Cost": 47142.72,
                  "Total Cost": 76558.61,
                  "Plan Rows": 177219,
                  "Plan Width": 0,
                  "Actual Startup Time": 181.845,
                  "Actual Total Time": 336.477,
                  "Actual Rows": 193194,
                  "Actual Loops": 4,
                  "Inner Unique": true,
                  "Hash Cond": "(mc.movie_id = t.id)",
                  "Plans": [
                    {
                      "Node Type": "Seq Scan",
                      "Parent Relationship": "Outer",
                      "Parallel Aware": true,
                      "Relation Name": "movie_companies",
                      "Alias": "mc",
                      "Startup Cost": 0.0,
                      "Total Cost": 27206.55,
                      "Plan Rows": 841655,
                      "Plan Width": 4,
                      "Actual Startup Time": 0.019,
                      "Actual Total Time": 62.708,
                      "Actual Rows": 652282,
                      "Actual Loops": 4
                    },
                    {
                      "Node Type": "Hash",
                      "Parent Relationship": "Inner",
                      "Parallel Aware": true,
                      "Startup Cost": 45479.1,
                      "Total Cost": 45479.1,
                      "Plan Rows": 133090,
                      "Plan Width": 4,
                      "Actual Startup Time": 148.064,
                      "Actual Total Time": 148.065,
                      "Actual Rows": 102025,
                      "Actual Loops": 4,
                      "Hash Buckets": 1048576,
                      "Original Hash Buckets": 1048576,
                      "Hash Batches": 1,
                      "Original Hash Batches": 1,
                      "Peak Memory Usage": 24224,
                      "Plans": [
                        {
                          "Node Type": "Seq Scan",
                          "Parent Relationship": "Outer",
                          "Parallel Aware": true,
                          "Relation Name": "title",
                          "Alias": "t",
                          "Startup Cost": 0.0,
                          "Total Cost": 45479.1,
                          "Plan Rows": 133090,
                          "Plan Width": 4,
                          "Actual Startup Time": 50.658,
                          "Actual Total Time": 110.225,
                          "Actual Rows": 102025,
                          "Actual Loops": 4,
                          "Filter": "((production_year > 1974) AND (kind_id = 1))",
                          "Rows Removed by Filter": 530053
                        }
                      ]
                    }
                  ]
                }
              ]
            }
          ]
        }
      ]
    },
    "Planning Time": 0.647,
    "Triggers": [],
    "Execution Time": 373.053
  }
]