{
  "Plan": {
    "Node Type": "Aggregate",
    "Strategy": "Plain",
    "Partial Mode": "Finalize",
    "Parallel Aware": false,
    "Startup Cost": 617458.71,
    "Total Cost": 617458.72,
    "Plan Rows": 1,
    "Plan Width": 8,
    "Actual Startup Time": 346.262,
    "Actual Total Time": 396.402,
    "Actual Rows": 1,
    "Actual Loops": 1,
    "Plans": [
      {
        "Node Type": "Gather",
        "Parent Relationship": "Outer",
        "Parallel Aware": false,
        "Startup Cost": 617458.6,
        "Total Cost": 617458.71,
        "Plan Rows": 1,
        "Plan Width": 8,
        "Actual Startup Time": 346.03,
        "Actual Total Time": 396.389,
        "Actual Rows": 2,
        "Actual Loops": 1,
        "Workers Planned": 1,
        "Workers Launched": 1,
        "Single Copy": false,
        "Plans": [
          {
            "Node Type": "Aggregate",
            "Strategy": "Plain",
            "Partial Mode": "Partial",
            "Parent Relationship": "Outer",
            "Parallel Aware": false,
            "Startup Cost": 616458.6,
            "Total Cost": 616458.61,
            "Plan Rows": 1,
            "Plan Width": 8,
            "Actual Startup Time": 340.123,
            "Actual Total Time": 340.125,
            "Actual Rows": 1,
            "Actual Loops": 2,
            "Plans": [
              {
                "Node Type": "Nested Loop",
                "Parent Relationship": "Outer",
                "Parallel Aware": false,
                "Join Type": "Inner",
                "Startup Cost": 0.56,
                "Total Cost": 616333.96,
                "Plan Rows": 49855,
                "Plan Width": 0,
                "Actual Startup Time": 0.495,
                "Actual Total Time": 336.289,
                "Actual Rows": 53932,
                "Actual Loops": 2,
                "Inner Unique": false,
                "Plans": [
                  {
                    "Node Type": "Seq Scan",
                    "Parent Relationship": "Outer",
                    "Parallel Aware": true,
                    "Relation Name": "title",
                    "Alias": "t",
                    "Startup Cost": 0.0,
                    "Total Cost": 54588.39,
                    "Plan Rows": 6395,
                    "Plan Width": 4,
                    "Actual Startup Time": 0.292,
                    "Actual Total Time": 129.511,
                    "Actual Rows": 5708,
                    "Actual Loops": 2,
                    "Filter": "(production_year = 1964)",
                    "Rows Removed by Filter": 1258448
                  },
                  {
                    "Node Type": "Index Scan",
                    "Parent Relationship": "Inner",
                    "Parallel Aware": false,
                    "Scan Direction": "Forward",
                    "Index Name": "movie_id_cast_info",
                    "Relation Name": "cast_info",
                    "Alias": "ci",
                    "Startup Cost": 0.56,
                    "Total Cost": 87.64,
                    "Plan Rows": 20,
                    "Plan Width": 4,
                    "Actual Startup Time": 0.01,
                    "Actual Total Time": 0.035,
                    "Actual Rows": 9,
                    "Actual Loops": 11416,
                    "Index Cond": "(movie_id = t.id)",
                    "Rows Removed by Index Recheck": 0,
                    "Filter": "((person_id < 2566042) AND (role_id < 8))",
                    "Rows Removed by Filter": 4
                  }
                ]
              }
            ]
          }
        ]
      }
    ]
  },
  "Planning Time": 0.541,
  "Triggers": [],
  "Execution Time": 396.561
}