{
  "Plan": {
    "Node Type": "Aggregate",
    "Strategy": "Plain",
    "Partial Mode": "Finalize",
    "Parallel Aware": false,
    "Startup Cost": 129965.12,
    "Total Cost": 129965.13,
    "Plan Rows": 1,
    "Plan Width": 8,
    "Actual Startup Time": 977.964,
    "Actual Total Time": 1002.952,
    "Actual Rows": 1,
    "Actual Loops": 1,
    "Plans": [
      {
        "Node Type": "Gather",
        "Parent Relationship": "Outer",
        "Parallel Aware": false,
        "Startup Cost": 129965.01,
        "Total Cost": 129965.12,
        "Plan Rows": 1,
        "Plan Width": 8,
        "Actual Startup Time": 973.082,
        "Actual Total Time": 1002.943,
        "Actual Rows": 2,
        "Actual Loops": 1,
        "Workers Planned": 1,
        "Workers Launched": 1,
        "Single Copy": false,
        "Plans": [
          {
            "Node Type": "Aggregate",
            "Strategy": "Plain",
            "Partial Mode": "Partial",
            "Parent Relationship": "Outer",
            "Parallel Aware": false,
            "Startup Cost": 128965.01,
            "Total Cost": 128965.02,
            "Plan Rows": 1,
            "Plan Width": 8,
            "Actual Startup Time": 958.038,
            "Actual Total Time": 958.042,
            "Actual Rows": 1,
            "Actual Loops": 2,
            "Plans": [
              {
                "Node Type": "Hash Join",
                "Parent Relationship": "Outer",
                "Parallel Aware": true,
                "Join Type": "Inner",
                "Startup Cost": 93489.54,
                "Total Cost": 127601.73,
                "Plan Rows": 545312,
                "Plan Width": 0,
                "Actual Startup Time": 695.752,
                "Actual Total Time": 933.952,
                "Actual Rows": 438318,
                "Actual Loops": 2,
                "Inner Unique": true,
                "Hash Cond": "(mk.movie_id = t.id)",
                "Plans": [
                  {
                    "Node Type": "Bitmap Heap Scan",
                    "Parent Relationship": "Outer",
                    "Parallel Aware": true,
                    "Relation Name": "movie_keyword",
                    "Alias": "mk",
                    "Startup Cost": 23025.43,
                    "Total Cost": 55461.4,
                    "Plan Rows": 638558,
                    "Plan Width": 4,
                    "Actual Startup Time": 105.841,
                    "Actual Total Time": 211.423,
                    "Actual Rows": 544118,
                    "Actual Loops": 2,
                    "Recheck Cond": "(keyword_id > 16264)",
                    "Rows Removed by Index Recheck": 0,
                    "Exact Heap Blocks": 10217,
                    "Lossy Heap Blocks": 0,
                    "Plans": [
                      {
                        "Node Type": "Bitmap Index Scan",
                        "Parent Relationship": "Outer",
                        "Parallel Aware": false,
                        "Index Name": "keyword_id_movie_keyword",
                        "Startup Cost": 0.0,
                        "Total Cost": 22754.04,
                        "Plan Rows": 1085548,
                        "Plan Width": 0,
                        "Actual Startup Time": 100.105,
                        "Actual Total Time": 100.106,
                        "Actual Rows": 1088237,
                        "Actual Loops": 1,
                        "Index Cond": "(keyword_id > 16264)"
                      }
                    ]
                  },
                  {
                    "Node Type": "Hash",
                    "Parent Relationship": "Inner",
                    "Parallel Aware": true,
                    "Startup Cost": 54588.39,
                    "Total Cost": 54588.39,
                    "Plan Rows": 1270058,
                    "Plan Width": 4,
                    "Actual Startup Time": 565.167,
                    "Actual Total Time": 565.167,
                    "Actual Rows": 1073342,
                    "Actual Loops": 2,
                    "Hash Buckets": 4194304,
                    "Original Hash Buckets": 4194304,
                    "Hash Batches": 1,
                    "Original Hash Batches": 1,
                    "Peak Memory Usage": 116800,
                    "Plans": [
                      {
                        "Node Type": "Seq Scan",
                        "Parent Relationship": "Outer",
                        "Parallel Aware": true,
                        "Relation Name": "title",
                        "Alias": "t",
                        "Startup Cost": 0.0,
                        "Total Cost": 54588.39,
                        "Plan Rows": 1270058,
                        "Plan Width": 4,
                        "Actual Startup Time": 0.031,
                        "Actual Total Time": 207.992,
                        "Actual Rows": 1073342,
                        "Actual Loops": 2,
                        "Filter": "(production_year > 1965)",
                        "Rows Removed by Filter": 190814
                      }
                    ]
                  }
                ]
              }
            ]
          }
        ]
      }
    ]
  },
  "Planning Time": 0.67,
  "Triggers": [],
  "Execution Time": 1003.074
}