{
  "Plan": {
    "Node Type": "Aggregate",
    "Strategy": "Plain",
    "Partial Mode": "Finalize",
    "Parallel Aware": false,
    "Startup Cost": 109768.67,
    "Total Cost": 109768.68,
    "Plan Rows": 1,
    "Plan Width": 8,
    "Actual Startup Time": 752.621,
    "Actual Total Time": 769.512,
    "Actual Rows": 1,
    "Actual Loops": 1,
    "Plans": [
      {
        "Node Type": "Gather",
        "Parent Relationship": "Outer",
        "Parallel Aware": false,
        "Startup Cost": 109768.55,
        "Total Cost": 109768.66,
        "Plan Rows": 1,
        "Plan Width": 8,
        "Actual Startup Time": 749.203,
        "Actual Total Time": 769.505,
        "Actual Rows": 2,
        "Actual Loops": 1,
        "Workers Planned": 1,
        "Workers Launched": 1,
        "Single Copy": false,
        "Plans": [
          {
            "Node Type": "Aggregate",
            "Strategy": "Plain",
            "Partial Mode": "Partial",
            "Parent Relationship": "Outer",
            "Parallel Aware": false,
            "Startup Cost": 108768.55,
            "Total Cost": 108768.56,
            "Plan Rows": 1,
            "Plan Width": 8,
            "Actual Startup Time": 741.337,
            "Actual Total Time": 741.34,
            "Actual Rows": 1,
            "Actual Loops": 2,
            "Plans": [
              {
                "Node Type": "Hash Join",
                "Parent Relationship": "Outer",
                "Parallel Aware": true,
                "Join Type": "Inner",
                "Startup Cost": 64789.91,
                "Total Cost": 107943.18,
                "Plan Rows": 330148,
                "Plan Width": 0,
                "Actual Startup Time": 425.257,
                "Actual Total Time": 727.029,
                "Actual Rows": 275092,
                "Actual Loops": 2,
                "Inner Unique": true,
                "Hash Cond": "(mc.movie_id = t.id)",
                "Plans": [
                  {
                    "Node Type": "Index Scan",
                    "Parent Relationship": "Outer",
                    "Parallel Aware": true,
                    "Scan Direction": "Forward",
                    "Index Name": "company_type_id_movie_companies",
                    "Relation Name": "movie_companies",
                    "Alias": "mc",
                    "Startup Cost": 0.43,
                    "Total Cost": 41574.35,
                    "Plan Rows": 601658,
                    "Plan Width": 4,
                    "Actual Startup Time": 0.052,
                    "Actual Total Time": 134.738,
                    "Actual Rows": 637123,
                    "Actual Loops": 2,
                    "Index Cond": "(company_type_id = 1)",
                    "Rows Removed by Index Recheck": 0,
                    "Filter": "(company_id < 72205)",
                    "Rows Removed by Filter": 0
                  },
                  {
                    "Node Type": "Hash",
                    "Parent Relationship": "Inner",
                    "Parallel Aware": true,
                    "Startup Cost": 54588.39,
                    "Total Cost": 54588.39,
                    "Plan Rows": 816087,
                    "Plan Width": 4,
                    "Actual Startup Time": 410.753,
                    "Actual Total Time": 410.754,
                    "Actual Rows": 690726,
                    "Actual Loops": 2,
                    "Hash Buckets": 2097152,
                    "Original Hash Buckets": 2097152,
                    "Hash Batches": 1,
                    "Original Hash Batches": 1,
                    "Peak Memory Usage": 70464,
                    "Plans": [
                      {
                        "Node Type": "Seq Scan",
                        "Parent Relationship": "Outer",
                        "Parallel Aware": true,
                        "Relation Name": "title",
                        "Alias": "t",
                        "Startup Cost": 0.0,
                        "Total Cost": 54588.39,
                        "Plan Rows": 816087,
                        "Plan Width": 4,
                        "Actual Startup Time": 0.027,
                        "Actual Total Time": 195.825,
                        "Actual Rows": 690726,
                        "Actual Loops": 2,
                        "Filter": "(production_year > 2000)",
                        "Rows Removed by Filter": 573430
                      }
                    ]
                  }
                ]
              }
            ]
          }
        ]
      }
    ]
  },
  "Planning Time": 0.646,
  "Triggers": [],
  "Execution Time": 769.589
}