[
    {
        "Bao": {
            "Bao prediction": "NaN",
            "Bao recommended hint": "(no hint)"
        }
    },
    {
        "Plan": {
            "Node Type": "Aggregate",
            "Strategy": "Plain",
            "Partial Mode": "Finalize",
            "Parallel Aware": false,
            "Startup Cost": 236212.62,
            "Total Cost": 236212.63,
            "Plan Rows": 1,
            "Plan Width": 8,
            "Actual Startup Time": 338.547,
            "Actual Total Time": 382.421,
            "Actual Rows": 1,
            "Actual Loops": 1,
            "Output": [
                "count(*)"
            ],
            "Plans": [
                {
                    "Node Type": "Gather",
                    "Parent Relationship": "Outer",
                    "Parallel Aware": false,
                    "Startup Cost": 236212.2,
                    "Total Cost": 236212.61,
                    "Plan Rows": 4,
                    "Plan Width": 8,
                    "Actual Startup Time": 338.327,
                    "Actual Total Time": 382.41,
                    "Actual Rows": 5,
                    "Actual Loops": 1,
                    "Output": [
                        "(PARTIAL count(*))"
                    ],
                    "Workers Planned": 4,
                    "Workers Launched": 4,
                    "Single Copy": false,
                    "Plans": [
                        {
                            "Node Type": "Aggregate",
                            "Strategy": "Plain",
                            "Partial Mode": "Partial",
                            "Parent Relationship": "Outer",
                            "Parallel Aware": false,
                            "Startup Cost": 235212.2,
                            "Total Cost": 235212.21,
                            "Plan Rows": 1,
                            "Plan Width": 8,
                            "Actual Startup Time": 328.635,
                            "Actual Total Time": 328.637,
                            "Actual Rows": 1,
                            "Actual Loops": 5,
                            "Output": [
                                "PARTIAL count(*)"
                            ],
                            "Workers": [
                                {
                                    "Worker Number": 0,
                                    "Actual Startup Time": 325.449,
                                    "Actual Total Time": 325.451,
                                    "Actual Rows": 1,
                                    "Actual Loops": 1
                                },
                                {
                                    "Worker Number": 1,
                                    "Actual Startup Time": 326.49,
                                    "Actual Total Time": 326.491,
                                    "Actual Rows": 1,
                                    "Actual Loops": 1
                                },
                                {
                                    "Worker Number": 2,
                                    "Actual Startup Time": 326.632,
                                    "Actual Total Time": 326.634,
                                    "Actual Rows": 1,
                                    "Actual Loops": 1
                                },
                                {
                                    "Worker Number": 3,
                                    "Actual Startup Time": 326.905,
                                    "Actual Total Time": 326.907,
                                    "Actual Rows": 1,
                                    "Actual Loops": 1
                                }
                            ],
                            "Plans": [
                                {
                                    "Node Type": "Nested Loop",
                                    "Parent Relationship": "Outer",
                                    "Parallel Aware": false,
                                    "Join Type": "Inner",
                                    "Startup Cost": 1.0,
                                    "Total Cost": 235136.11,
                                    "Plan Rows": 30433,
                                    "Plan Width": 0,
                                    "Actual Startup Time": 0.975,
                                    "Actual Total Time": 324.074,
                                    "Actual Rows": 45299,
                                    "Actual Loops": 5,
                                    "Inner Unique": false,
                                    "Join Filter": "(t.id = ci.movie_id)",
                                    "Rows Removed by Join Filter": 0,
                                    "Workers": [
                                        {
                                            "Worker Number": 0,
                                            "Actual Startup Time": 0.87,
                                            "Actual Total Time": 321.331,
                                            "Actual Rows": 26595,
                                            "Actual Loops": 1
                                        },
                                        {
                                            "Worker Number": 1,
                                            "Actual Startup Time": 1.285,
                                            "Actual Total Time": 322.231,
                                            "Actual Rows": 46228,
                                            "Actual Loops": 1
                                        },
                                        {
                                            "Worker Number": 2,
                                            "Actual Startup Time": 1.631,
                                            "Actual Total Time": 322.063,
                                            "Actual Rows": 29697,
                                            "Actual Loops": 1
                                        },
                                        {
                                            "Worker Number": 3,
                                            "Actual Startup Time": 0.937,
                                            "Actual Total Time": 322.894,
                                            "Actual Rows": 44112,
                                            "Actual Loops": 1
                                        }
                                    ],
                                    "Plans": [
                                        {
                                            "Node Type": "Nested Loop",
                                            "Parent Relationship": "Outer",
                                            "Parallel Aware": false,
                                            "Join Type": "Inner",
                                            "Startup Cost": 0.43,
                                            "Total Cost": 227826.52,
                                            "Plan Rows": 2525,
                                            "Plan Width": 8,
                                            "Actual Startup Time": 0.65,
                                            "Actual Total Time": 149.605,
                                            "Actual Rows": 2901,
                                            "Actual Loops": 5,
                                            "Output": [
                                                "t.id",
                                                "mi.movie_id"
                                            ],
                                            "Inner Unique": false,
                                            "Workers": [
                                                {
                                                    "Worker Number": 0,
                                                    "Actual Startup Time": 0.634,
                                                    "Actual Total Time": 144.832,
                                                    "Actual Rows": 1745,
                                                    "Actual Loops": 1
                                                },
                                                {
                                                    "Worker Number": 1,
                                                    "Actual Startup Time": 1.069,
                                                    "Actual Total Time": 137.822,
                                                    "Actual Rows": 2820,
                                                    "Actual Loops": 1
                                                },
                                                {
                                                    "Worker Number": 2,
                                                    "Actual Startup Time": 0.859,
                                                    "Actual Total Time": 143.25,
                                                    "Actual Rows": 1944,
                                                    "Actual Loops": 1
                                                },
                                                {
                                                    "Worker Number": 3,
                                                    "Actual Startup Time": 0.567,
                                                    "Actual Total Time": 142.961,
                                                    "Actual Rows": 2885,
                                                    "Actual Loops": 1
                                                }
                                            ],
                                            "Plans": [
                                                {
                                                    "Node Type": "Seq Scan",
                                                    "Parent Relationship": "Outer",
                                                    "Parallel Aware": true,
                                                    "Relation Name": "title",
                                                    "Schema": "public",
                                                    "Alias": "t",
                                                    "Startup Cost": 0.0,
                                                    "Total Cost": 45479.21,
                                                    "Plan Rows": 4878,
                                                    "Plan Width": 4,
                                                    "Actual Startup Time": 0.386,
                                                    "Actual Total Time": 67.824,
                                                    "Actual Rows": 3158,
                                                    "Actual Loops": 5,
                                                    "Output": [
                                                        "t.id",
                                                        "t.title",
                                                        "t.imdb_index",
                                                        "t.kind_id",
                                                        "t.production_year",
                                                        "t.imdb_id",
                                                        "t.phonetic_code",
                                                        "t.episode_of_id",
                                                        "t.season_nr",
                                                        "t.episode_nr",
                                                        "t.series_years",
                                                        "t.md5sum"
                                                    ],
                                                    "Filter": "((t.kind_id < 7) AND (t.production_year = 1999))",
                                                    "Rows Removed by Filter": 502504,
                                                    "Workers": [
                                                        {
                                                            "Worker Number": 0,
                                                            "Actual Startup Time": 0.176,
                                                            "Actual Total Time": 57.565,
                                                            "Actual Rows": 1893,
                                                            "Actual Loops": 1
                                                        },
                                                        {
                                                            "Worker Number": 1,
                                                            "Actual Startup Time": 0.789,
                                                            "Actual Total Time": 55.031,
                                                            "Actual Rows": 3043,
                                                            "Actual Loops": 1
                                                        },
                                                        {
                                                            "Worker Number": 2,
                                                            "Actual Startup Time": 0.599,
                                                            "Actual Total Time": 59.679,
                                                            "Actual Rows": 2122,
                                                            "Actual Loops": 1
                                                        },
                                                        {
                                                            "Worker Number": 3,
                                                            "Actual Startup Time": 0.295,
                                                            "Actual Total Time": 58.851,
                                                            "Actual Rows": 3150,
                                                            "Actual Loops": 1
                                                        }
                                                    ]
                                                },
                                                {
                                                    "Node Type": "Index Scan",
                                                    "Parent Relationship": "Inner",
                                                    "Parallel Aware": false,
                                                    "Scan Direction": "Forward",
                                                    "Index Name": "movie_id_movie_info",
                                                    "Relation Name": "movie_info",
                                                    "Schema": "public",
                                                    "Alias": "mi",
                                                    "Startup Cost": 0.43,
                                                    "Total Cost": 37.35,
                                                    "Plan Rows": 3,
                                                    "Plan Width": 4,
                                                    "Actual Startup Time": 0.021,
                                                    "Actual Total Time": 0.025,
                                                    "Actual Rows": 1,
                                                    "Actual Loops": 15791,
                                                    "Output": [
                                                        "mi.id",
                                                        "mi.movie_id",
                                                        "mi.info_type_id",
                                                        "mi.info",
                                                        "mi.note"
                                                    ],
                                                    "Index Cond": "(mi.movie_id = t.id)",
                                                    "Rows Removed by Index Recheck": 0,
                                                    "Filter": "(mi.info_type_id = 2)",
                                                    "Rows Removed by Filter": 11,
                                                    "Workers": [
                                                        {
                                                            "Worker Number": 0,
                                                            "Actual Startup Time": 0.037,
                                                            "Actual Total Time": 0.045,
                                                            "Actual Rows": 1,
                                                            "Actual Loops": 1893
                                                        },
                                                        {
                                                            "Worker Number": 1,
                                                            "Actual Startup Time": 0.022,
                                                            "Actual Total Time": 0.027,
                                                            "Actual Rows": 1,
                                                            "Actual Loops": 3043
                                                        },
                                                        {
                                                            "Worker Number": 2,
                                                            "Actual Startup Time": 0.032,
                                                            "Actual Total Time": 0.038,
                                                            "Actual Rows": 1,
                                                            "Actual Loops": 2122
                                                        },
                                                        {
                                                            "Worker Number": 3,
                                                            "Actual Startup Time": 0.022,
                                                            "Actual Total Time": 0.026,
                                                            "Actual Rows": 1,
                                                            "Actual Loops": 3150
                                                        }
                                                    ]
                                                }
                                            ]
                                        },
                                        {
                                            "Node Type": "Index Scan",
                                            "Parent Relationship": "Inner",
                                            "Parallel Aware": false,
                                            "Scan Direction": "Forward",
                                            "Index Name": "movie_id_cast_info",
                                            "Relation Name": "cast_info",
                                            "Schema": "public",
                                            "Alias": "ci",
                                            "Startup Cost": 0.56,
                                            "Total Cost": 2.49,
                                            "Plan Rows": 32,
                                            "Plan Width": 4,
                                            "Actual Startup Time": 0.018,
                                            "Actual Total Time": 0.057,
                                            "Actual Rows": 16,
                                            "Actual Loops": 14506,
                                            "Output": [
                                                "ci.id",
                                                "ci.person_id",
                                                "ci.movie_id",
                                                "ci.person_role_id",
                                                "ci.note",
                                                "ci.nr_order",
                                                "ci.role_id"
                                            ],
                                            "Index Cond": "(ci.movie_id = mi.movie_id)",
                                            "Rows Removed by Index Recheck": 0,
                                            "Filter": "(ci.person_id > 577597)",
                                            "Rows Removed by Filter": 3,
                                            "Workers": [
                                                {
                                                    "Worker Number": 0,
                                                    "Actual Startup Time": 0.031,
                                                    "Actual Total Time": 0.097,
                                                    "Actual Rows": 15,
                                                    "Actual Loops": 1745
                                                },
                                                {
                                                    "Worker Number": 1,
                                                    "Actual Startup Time": 0.02,
                                                    "Actual Total Time": 0.063,
                                                    "Actual Rows": 16,
                                                    "Actual Loops": 2820
                                                },
                                                {
                                                    "Worker Number": 2,
                                                    "Actual Startup Time": 0.028,
                                                    "Actual Total Time": 0.088,
                                                    "Actual Rows": 15,
                                                    "Actual Loops": 1944
                                                },
                                                {
                                                    "Worker Number": 3,
                                                    "Actual Startup Time": 0.02,
                                                    "Actual Total Time": 0.06,
                                                    "Actual Rows": 15,
                                                    "Actual Loops": 2885
                                                }
                                            ]
                                        }
                                    ]
                                }
                            ]
                        }
                    ]
                }
            ]
        },
        "Planning Time": 308.613,
        "Triggers": [],
        "Execution Time": 382.645
    }
]