{
  "Plan": {
    "Node Type": "Aggregate",
    "Strategy": "Plain",
    "Partial Mode": "Simple",
    "Parallel Aware": false,
    "Startup Cost": 1969.76,
    "Total Cost": 1969.77,
    "Plan Rows": 1,
    "Plan Width": 8,
    "Actual Startup Time": 1.032,
    "Actual Total Time": 1.035,
    "Actual Rows": 1,
    "Actual Loops": 1,
    "Plans": [
      {
        "Node Type": "Nested Loop",
        "Parent Relationship": "Outer",
        "Parallel Aware": false,
        "Join Type": "Inner",
        "Startup Cost": 1.43,
        "Total Cost": 1969.73,
        "Plan Rows": 10,
        "Plan Width": 0,
        "Actual Startup Time": 0.634,
        "Actual Total Time": 1.024,
        "Actual Rows": 6,
        "Actual Loops": 1,
        "Inner Unique": false,
        "Plans": [
          {
            "Node Type": "Nested Loop",
            "Parent Relationship": "Outer",
            "Parallel Aware": false,
            "Join Type": "Inner",
            "Startup Cost": 0.99,
            "Total Cost": 1913.37,
            "Plan Rows": 16,
            "Plan Width": 8,
            "Actual Startup Time": 0.58,
            "Actual Total Time": 0.862,
            "Actual Rows": 3,
            "Actual Loops": 1,
            "Inner Unique": true,
            "Plans": [
              {
                "Node Type": "Index Scan",
                "Parent Relationship": "Outer",
                "Parallel Aware": false,
                "Scan Direction": "Forward",
                "Index Name": "person_id_cast_info",
                "Relation Name": "cast_info",
                "Alias": "ci",
                "Startup Cost": 0.56,
                "Total Cost": 1059.67,
                "Plan Rows": 101,
                "Plan Width": 4,
                "Actual Startup Time": 0.55,
                "Actual Total Time": 0.565,
                "Actual Rows": 19,
                "Actual Loops": 1,
                "Index Cond": "(person_id = 2092619)",
                "Rows Removed by Index Recheck": 0,
                "Filter": "(role_id = 2)",
                "Rows Removed by Filter": 0
              },
              {
                "Node Type": "Index Scan",
                "Parent Relationship": "Inner",
                "Parallel Aware": false,
                "Scan Direction": "Forward",
                "Index Name": "title_pkey",
                "Relation Name": "title",
                "Alias": "t",
                "Startup Cost": 0.43,
                "Total Cost": 8.45,
                "Plan Rows": 1,
                "Plan Width": 4,
                "Actual Startup Time": 0.014,
                "Actual Total Time": 0.014,
                "Actual Rows": 0,
                "Actual Loops": 19,
                "Index Cond": "(id = ci.movie_id)",
                "Rows Removed by Index Recheck": 0,
                "Filter": "((production_year > 1998) AND (kind_id = 1))",
                "Rows Removed by Filter": 1
              }
            ]
          },
          {
            "Node Type": "Index Scan",
            "Parent Relationship": "Inner",
            "Parallel Aware": false,
            "Scan Direction": "Forward",
            "Index Name": "movie_id_movie_info",
            "Relation Name": "movie_info",
            "Alias": "mi",
            "Startup Cost": 0.43,
            "Total Cost": 3.48,
            "Plan Rows": 4,
            "Plan Width": 4,
            "Actual Startup Time": 0.05,
            "Actual Total Time": 0.052,
            "Actual Rows": 2,
            "Actual Loops": 3,
            "Index Cond": "(movie_id = t.id)",
            "Rows Removed by Index Recheck": 0,
            "Filter": "(info_type_id = 3)",
            "Rows Removed by Filter": 15
          }
        ]
      }
    ]
  },
  "Planning Time": 0.978,
  "Triggers": [],
  "Execution Time": 1.113
}