[
  {
    "Plan": {
      "Node Type": "Aggregate",
      "Strategy": "Plain",
      "Partial Mode": "Finalize",
      "Parallel Aware": false,
      "Startup Cost": 430478.76,
      "Total Cost": 430478.77,
      "Plan Rows": 1,
      "Plan Width": 8,
      "Actual Startup Time": 2642.974,
      "Actual Total Time": 2706.016,
      "Actual Rows": 1,
      "Actual Loops": 1,
      "Plans": [
        {
          "Node Type": "Gather",
          "Parent Relationship": "Outer",
          "Parallel Aware": false,
          "Startup Cost": 430478.14,
          "Total Cost": 430478.75,
          "Plan Rows": 6,
          "Plan Width": 8,
          "Actual Startup Time": 2628.845,
          "Actual Total Time": 2706.003,
          "Actual Rows": 7,
          "Actual Loops": 1,
          "Workers Planned": 6,
          "Workers Launched": 6,
          "Single Copy": false,
          "Plans": [
            {
              "Node Type": "Aggregate",
              "Strategy": "Plain",
              "Partial Mode": "Partial",
              "Parent Relationship": "Outer",
              "Parallel Aware": false,
              "Startup Cost": 429478.14,
              "Total Cost": 429478.15,
              "Plan Rows": 1,
              "Plan Width": 8,
              "Actual Startup Time": 2619.936,
              "Actual Total Time": 2620.304,
              "Actual Rows": 1,
              "Actual Loops": 7,
              "Plans": [
                {
                  "Node Type": "Hash Join",
                  "Parent Relationship": "Outer",
                  "Parallel Aware": true,
                  "Join Type": "Inner",
                  "Startup Cost": 83239.03,
                  "Total Cost": 424880.71,
                  "Plan Rows": 1838970,
                  "Plan Width": 0,
                  "Actual Startup Time": 383.404,
                  "Actual Total Time": 2431.483,
                  "Actual Rows": 3962076,
                  "Actual Loops": 7,
                  "Inner Unique": false,
                  "Hash Cond": "(ci.movie_id = t.id)",
                  "Plans": [
                    {
                      "Node Type": "Seq Scan",
                      "Parent Relationship": "Outer",
                      "Parallel Aware": true,
                      "Relation Name": "cast_info",
                      "Alias": "ci",
                      "Startup Cost": 0.0,
                      "Total Cost": 313067.02,
                      "Plan Rows": 6038002,
                      "Plan Width": 4,
                      "Actual Startup Time": 0.028,
                      "Actual Total Time": 594.705,
                      "Actual Rows": 5177763,
                      "Actual Loops": 7
                    },
                    {
                      "Node Type": "Hash",
                      "Parent Relationship": "Inner",
                      "Parallel Aware": true,
                      "Startup Cost": 80134.07,
                      "Total Cost": 80134.07,
                      "Plan Rows": 248397,
                      "Plan Width": 8,
                      "Actual Startup Time": 380.483,
                      "Actual Total Time": 380.85,
                      "Actual Rows": 97263,
                      "Actual Loops": 7,
                      "Hash Buckets": 1048576,
                      "Original Hash Buckets": 1048576,
                      "Hash Batches": 1,
                      "Original Hash Batches": 1,
                      "Peak Memory Usage": 34944,
                      "Plans": [
                        {
                          "Node Type": "Hash Join",
                          "Parent Relationship": "Outer",
                          "Parallel Aware": true,
                          "Join Type": "Inner",
                          "Startup Cost": 49975.6,
                          "Total Cost": 80134.07,
                          "Plan Rows": 248397,
                          "Plan Width": 8,
                          "Actual Startup Time": 227.646,
                          "Actual Total Time": 340.453,
                          "Actual Rows": 97263,
                          "Actual Loops": 7,
                          "Inner Unique": true,
                          "Hash Cond": "(mc.movie_id = t.id)",
                          "Plans": [
                            {
                              "Node Type": "Seq Scan",
                              "Parent Relationship": "Outer",
                              "Parallel Aware": true,
                              "Relation Name": "movie_companies",
                              "Alias": "mc",
                              "Startup Cost": 0.0,
                              "Total Cost": 29310.68,
                              "Plan Rows": 322966,
                              "Plan Width": 4,
                              "Actual Startup Time": 0.023,
                              "Actual Total Time": 50.071,
                              "Actual Rows": 142961,
                              "Actual Loops": 7,
                              "Filter": "(company_id < 4651)",
                              "Rows Removed by Filter": 229771
                            },
                            {
                              "Node Type": "Hash",
                              "Parent Relationship": "Inner",
                              "Parallel Aware": true,
                              "Startup Cost": 43898.92,
                              "Total Cost": 43898.92,
                              "Plan Rows": 486135,
                              "Plan Width": 4,
                              "Actual Startup Time": 225.15,
                              "Actual Total Time": 225.152,
                              "Actual Rows": 276069,
                              "Actual Loops": 7,
                              "Hash Buckets": 2097152,
                              "Original Hash Buckets": 2097152,
                              "Hash Batches": 1,
                              "Original Hash Batches": 1,
                              "Peak Memory Usage": 92096,
                              "Plans": [
                                {
                                  "Node Type": "Seq Scan",
                                  "Parent Relationship": "Outer",
                                  "Parallel Aware": true,
                                  "Relation Name": "title",
                                  "Alias": "t",
                                  "Startup Cost": 0.0,
                                  "Total Cost": 43898.92,
                                  "Plan Rows": 486135,
                                  "Plan Width": 4,
                                  "Actual Startup Time": 0.041,
                                  "Actual Total Time": 87.372,
                                  "Actual Rows": 276069,
                                  "Actual Loops": 7,
                                  "Filter": "(production_year > 1980)",
                                  "Rows Removed by Filter": 85118
                                }
                              ]
                            }
                          ]
                        }
                      ]
                    }
                  ]
                }
              ]
            }
          ]
        }
      ]
    },
    "Planning Time": 0.81,
    "Triggers": [],
    "Execution Time": 2706.09
  }
]