[
  {
    "Plan": {
      "Node Type": "Aggregate",
      "Strategy": "Plain",
      "Partial Mode": "Finalize",
      "Parallel Aware": false,
      "Startup Cost": 17614.65,
      "Total Cost": 17614.66,
      "Plan Rows": 1,
      "Plan Width": 8,
      "Actual Startup Time": 51.896,
      "Actual Total Time": 58.394,
      "Actual Rows": 1,
      "Actual Loops": 1,
      "Plans": [
        {
          "Node Type": "Gather",
          "Parent Relationship": "Outer",
          "Parallel Aware": false,
          "Startup Cost": 17614.44,
          "Total Cost": 17614.65,
          "Plan Rows": 2,
          "Plan Width": 8,
          "Actual Startup Time": 51.683,
          "Actual Total Time": 58.389,
          "Actual Rows": 3,
          "Actual Loops": 1,
          "Workers Planned": 2,
          "Workers Launched": 2,
          "Single Copy": false,
          "Plans": [
            {
              "Node Type": "Aggregate",
              "Strategy": "Plain",
              "Partial Mode": "Partial",
              "Parent Relationship": "Outer",
              "Parallel Aware": false,
              "Startup Cost": 16614.44,
              "Total Cost": 16614.45,
              "Plan Rows": 1,
              "Plan Width": 8,
              "Actual Startup Time": 43.708,
              "Actual Total Time": 43.71,
              "Actual Rows": 1,
              "Actual Loops": 3,
              "Plans": [
                {
                  "Node Type": "Nested Loop",
                  "Parent Relationship": "Outer",
                  "Parallel Aware": false,
                  "Join Type": "Inner",
                  "Startup Cost": 87.13,
                  "Total Cost": 16613.04,
                  "Plan Rows": 557,
                  "Plan Width": 0,
                  "Actual Startup Time": 1.385,
                  "Actual Total Time": 41.526,
                  "Actual Rows": 35572,
                  "Actual Loops": 3,
                  "Inner Unique": false,
                  "Plans": [
                    {
                      "Node Type": "Nested Loop",
                      "Parent Relationship": "Outer",
                      "Parallel Aware": false,
                      "Join Type": "Inner",
                      "Startup Cost": 86.69,
                      "Total Cost": 16027.55,
                      "Plan Rows": 311,
                      "Plan Width": 8,
                      "Actual Startup Time": 1.064,
                      "Actual Total Time": 17.498,
                      "Actual Rows": 1112,
                      "Actual Loops": 3,
                      "Inner Unique": true,
                      "Plans": [
                        {
                          "Node Type": "Bitmap Heap Scan",
                          "Parent Relationship": "Outer",
                          "Parallel Aware": true,
                          "Relation Name": "movie_companies",
                          "Alias": "mc",
                          "Startup Cost": 86.26,
                          "Total Cost": 9671.36,
                          "Plan Rows": 798,
                          "Plan Width": 4,
                          "Actual Startup Time": 0.877,
                          "Actual Total Time": 5.823,
                          "Actual Rows": 1309,
                          "Actual Loops": 3,
                          "Recheck Cond": "(company_id = 1684)",
                          "Rows Removed by Index Recheck": 0,
                          "Filter": "(company_type_id = 1)",
                          "Rows Removed by Filter": 19,
                          "Exact Heap Blocks": 1653,
                          "Lossy Heap Blocks": 0,
                          "Plans": [
                            {
                              "Node Type": "Bitmap Index Scan",
                              "Parent Relationship": "Outer",
                              "Parallel Aware": false,
                              "Index Name": "company_id_movie_companies",
                              "Startup Cost": 0.0,
                              "Total Cost": 85.79,
                              "Plan Rows": 3914,
                              "Plan Width": 0,
                              "Actual Startup Time": 1.824,
                              "Actual Total Time": 1.824,
                              "Actual Rows": 3986,
                              "Actual Loops": 1,
                              "Index Cond": "(company_id = 1684)"
                            }
                          ]
                        },
                        {
                          "Node Type": "Index Scan",
                          "Parent Relationship": "Inner",
                          "Parallel Aware": false,
                          "Scan Direction": "Forward",
                          "Index Name": "title_pkey",
                          "Relation Name": "title",
                          "Alias": "t",
                          "Startup Cost": 0.43,
                          "Total Cost": 7.97,
                          "Plan Rows": 1,
                          "Plan Width": 4,
                          "Actual Startup Time": 0.008,
                          "Actual Total Time": 0.008,
                          "Actual Rows": 1,
                          "Actual Loops": 3928,
                          "Index Cond": "(id = mc.movie_id)",
                          "Rows Removed by Index Recheck": 0,
                          "Filter": "(kind_id < 7)",
                          "Rows Removed by Filter": 0
                        }
                      ]
                    },
                    {
                      "Node Type": "Index Only Scan",
                      "Parent Relationship": "Inner",
                      "Parallel Aware": false,
                      "Scan Direction": "Forward",
                      "Index Name": "movie_id_movie_keyword",
                      "Relation Name": "movie_keyword",
                      "Alias": "mk",
                      "Startup Cost": 0.43,
                      "Total Cost": 1.42,
                      "Plan Rows": 46,
                      "Plan Width": 4,
                      "Actual Startup Time": 0.012,
                      "Actual Total Time": 0.018,
                      "Actual Rows": 32,
                      "Actual Loops": 3336,
                      "Index Cond": "(movie_id = t.id)",
                      "Rows Removed by Index Recheck": 0,
                      "Heap Fetches": 106717
                    }
                  ]
                }
              ]
            }
          ]
        }
      ]
    },
    "Planning Time": 0.582,
    "Triggers": [],
    "Execution Time": 58.442
  }
]