{
  "Plan": {
    "Node Type": "Aggregate",
    "Strategy": "Plain",
    "Partial Mode": "Finalize",
    "Parallel Aware": false,
    "Startup Cost": 83675.79,
    "Total Cost": 83675.8,
    "Plan Rows": 1,
    "Plan Width": 8,
    "Actual Startup Time": 191.632,
    "Actual Total Time": 199.451,
    "Actual Rows": 1,
    "Actual Loops": 1,
    "Plans": [
      {
        "Node Type": "Gather",
        "Parent Relationship": "Outer",
        "Parallel Aware": false,
        "Startup Cost": 83675.68,
        "Total Cost": 83675.79,
        "Plan Rows": 1,
        "Plan Width": 8,
        "Actual Startup Time": 191.282,
        "Actual Total Time": 199.444,
        "Actual Rows": 2,
        "Actual Loops": 1,
        "Workers Planned": 1,
        "Workers Launched": 1,
        "Single Copy": false,
        "Plans": [
          {
            "Node Type": "Aggregate",
            "Strategy": "Plain",
            "Partial Mode": "Partial",
            "Parent Relationship": "Outer",
            "Parallel Aware": false,
            "Startup Cost": 82675.68,
            "Total Cost": 82675.69,
            "Plan Rows": 1,
            "Plan Width": 8,
            "Actual Startup Time": 184.767,
            "Actual Total Time": 184.774,
            "Actual Rows": 1,
            "Actual Loops": 2,
            "Plans": [
              {
                "Node Type": "Nested Loop",
                "Parent Relationship": "Outer",
                "Parallel Aware": false,
                "Join Type": "Inner",
                "Startup Cost": 33193.18,
                "Total Cost": 82661.71,
                "Plan Rows": 5588,
                "Plan Width": 0,
                "Actual Startup Time": 71.546,
                "Actual Total Time": 184.551,
                "Actual Rows": 2938,
                "Actual Loops": 2,
                "Inner Unique": false,
                "Plans": [
                  {
                    "Node Type": "Hash Join",
                    "Parent Relationship": "Outer",
                    "Parallel Aware": true,
                    "Join Type": "Inner",
                    "Startup Cost": 33192.75,
                    "Total Cost": 76566.3,
                    "Plan Rows": 10236,
                    "Plan Width": 8,
                    "Actual Startup Time": 71.431,
                    "Actual Total Time": 171.136,
                    "Actual Rows": 1200,
                    "Actual Loops": 2,
                    "Inner Unique": false,
                    "Hash Cond": "(t.id = mc.movie_id)",
                    "Plans": [
                      {
                        "Node Type": "Bitmap Heap Scan",
                        "Parent Relationship": "Outer",
                        "Parallel Aware": true,
                        "Relation Name": "title",
                        "Alias": "t",
                        "Startup Cost": 11988.66,
                        "Total Cost": 52863.55,
                        "Plan Rows": 390151,
                        "Plan Width": 4,
                        "Actual Startup Time": 24.328,
                        "Actual Total Time": 80.029,
                        "Actual Rows": 331412,
                        "Actual Loops": 2,
                        "Recheck Cond": "(kind_id = 1)",
                        "Rows Removed by Index Recheck": 0,
                        "Exact Heap Blocks": 7865,
                        "Lossy Heap Blocks": 0,
                        "Plans": [
                          {
                            "Node Type": "Bitmap Index Scan",
                            "Parent Relationship": "Outer",
                            "Parallel Aware": false,
                            "Index Name": "kind_id_title",
                            "Startup Cost": 0.0,
                            "Total Cost": 11822.85,
                            "Plan Rows": 663256,
                            "Plan Width": 0,
                            "Actual Startup Time": 22.438,
                            "Actual Total Time": 22.438,
                            "Actual Rows": 662825,
                            "Actual Loops": 1,
                            "Index Cond": "(kind_id = 1)"
                          }
                        ]
                      },
                      {
                        "Node Type": "Hash",
                        "Parent Relationship": "Inner",
                        "Parallel Aware": true,
                        "Startup Cost": 20716.31,
                        "Total Cost": 20716.31,
                        "Plan Rows": 39022,
                        "Plan Width": 4,
                        "Actual Startup Time": 43.718,
                        "Actual Total Time": 43.719,
                        "Actual Rows": 34964,
                        "Actual Loops": 2,
                        "Hash Buckets": 131072,
                        "Original Hash Buckets": 131072,
                        "Hash Batches": 1,
                        "Original Hash Batches": 1,
                        "Peak Memory Usage": 3776,
                        "Plans": [
                          {
                            "Node Type": "Bitmap Heap Scan",
                            "Parent Relationship": "Outer",
                            "Parallel Aware": true,
                            "Relation Name": "movie_companies",
                            "Alias": "mc",
                            "Startup Cost": 1438.54,
                            "Total Cost": 20716.31,
                            "Plan Rows": 39022,
                            "Plan Width": 4,
                            "Actual Startup Time": 8.162,
                            "Actual Total Time": 31.027,
                            "Actual Rows": 34964,
                            "Actual Loops": 2,
                            "Recheck Cond": "(company_id < 11)",
                            "Rows Removed by Index Recheck": 0,
                            "Exact Heap Blocks": 5599,
                            "Lossy Heap Blocks": 0,
                            "Plans": [
                              {
                                "Node Type": "Bitmap Index Scan",
                                "Parent Relationship": "Outer",
                                "Parallel Aware": false,
                                "Index Name": "company_id_movie_companies",
                                "Startup Cost": 0.0,
                                "Total Cost": 1421.96,
                                "Plan Rows": 66337,
                                "Plan Width": 0,
                                "Actual Startup Time": 9.608,
                                "Actual Total Time": 9.608,
                                "Actual Rows": 69928,
                                "Actual Loops": 1,
                                "Index Cond": "(company_id < 11)"
                              }
                            ]
                          }
                        ]
                      }
                    ]
                  },
                  {
                    "Node Type": "Index Only Scan",
                    "Parent Relationship": "Inner",
                    "Parallel Aware": false,
                    "Scan Direction": "Forward",
                    "Index Name": "movie_id_movie_info_idx",
                    "Relation Name": "movie_info_idx",
                    "Alias": "mi_idx",
                    "Startup Cost": 0.43,
                    "Total Cost": 0.57,
                    "Plan Rows": 3,
                    "Plan Width": 4,
                    "Actual Startup Time": 0.01,
                    "Actual Total Time": 0.011,
                    "Actual Rows": 2,
                    "Actual Loops": 2401,
                    "Index Cond": "(movie_id = t.id)",
                    "Rows Removed by Index Recheck": 0,
                    "Heap Fetches": 5875
                  }
                ]
              }
            ]
          }
        ]
      }
    ]
  },
  "Planning Time": 1.164,
  "Triggers": [],
  "Execution Time": 199.593
}