[
  {
    "Plan": {
      "Node Type": "Aggregate",
      "Strategy": "Plain",
      "Partial Mode": "Finalize",
      "Parallel Aware": false,
      "Startup Cost": 330950.29,
      "Total Cost": 330950.3,
      "Plan Rows": 1,
      "Plan Width": 8,
      "Actual Startup Time": 603.138,
      "Actual Total Time": 647.742,
      "Actual Rows": 1,
      "Actual Loops": 1,
      "Plans": [
        {
          "Node Type": "Gather",
          "Parent Relationship": "Outer",
          "Parallel Aware": false,
          "Startup Cost": 330949.66,
          "Total Cost": 330950.27,
          "Plan Rows": 6,
          "Plan Width": 8,
          "Actual Startup Time": 602.939,
          "Actual Total Time": 647.723,
          "Actual Rows": 7,
          "Actual Loops": 1,
          "Workers Planned": 6,
          "Workers Launched": 6,
          "Single Copy": false,
          "Plans": [
            {
              "Node Type": "Aggregate",
              "Strategy": "Plain",
              "Partial Mode": "Partial",
              "Parent Relationship": "Outer",
              "Parallel Aware": false,
              "Startup Cost": 329949.66,
              "Total Cost": 329949.67,
              "Plan Rows": 1,
              "Plan Width": 8,
              "Actual Startup Time": 596.079,
              "Actual Total Time": 596.081,
              "Actual Rows": 1,
              "Actual Loops": 7,
              "Plans": [
                {
                  "Node Type": "Seq Scan",
                  "Parent Relationship": "Outer",
                  "Parallel Aware": true,
                  "Relation Name": "cast_info",
                  "Alias": "ci",
                  "Startup Cost": 0.0,
                  "Total Cost": 328211.39,
                  "Plan Rows": 695308,
                  "Plan Width": 0,
                  "Actual Startup Time": 0.04,
                  "Actual Total Time": 563.592,
                  "Actual Rows": 619180,
                  "Actual Loops": 7,
                  "Filter": "(person_id < 418075)",
                  "Rows Removed by Filter": 4558584
                }
              ]
            }
          ]
        }
      ]
    },
    "Planning Time": 0.078,
    "Triggers": [],
    "Execution Time": 647.781
  }
]