[
  {
    "Plan": {
      "Node Type": "Aggregate",
      "Strategy": "Plain",
      "Partial Mode": "Finalize",
      "Parallel Aware": false,
      "Startup Cost": 330922.74,
      "Total Cost": 330922.75,
      "Plan Rows": 1,
      "Plan Width": 8,
      "Actual Startup Time": 620.795,
      "Actual Total Time": 677.835,
      "Actual Rows": 1,
      "Actual Loops": 1,
      "Plans": [
        {
          "Node Type": "Gather",
          "Parent Relationship": "Outer",
          "Parallel Aware": false,
          "Startup Cost": 330922.11,
          "Total Cost": 330922.72,
          "Plan Rows": 6,
          "Plan Width": 8,
          "Actual Startup Time": 620.496,
          "Actual Total Time": 677.824,
          "Actual Rows": 7,
          "Actual Loops": 1,
          "Workers Planned": 6,
          "Workers Launched": 6,
          "Single Copy": false,
          "Plans": [
            {
              "Node Type": "Aggregate",
              "Strategy": "Plain",
              "Partial Mode": "Partial",
              "Parent Relationship": "Outer",
              "Parallel Aware": false,
              "Startup Cost": 329922.11,
              "Total Cost": 329922.12,
              "Plan Rows": 1,
              "Plan Width": 8,
              "Actual Startup Time": 610.184,
              "Actual Total Time": 610.185,
              "Actual Rows": 1,
              "Actual Loops": 7,
              "Plans": [
                {
                  "Node Type": "Seq Scan",
                  "Parent Relationship": "Outer",
                  "Parallel Aware": true,
                  "Relation Name": "cast_info",
                  "Alias": "ci",
                  "Startup Cost": 0.0,
                  "Total Cost": 328162.03,
                  "Plan Rows": 704035,
                  "Plan Width": 0,
                  "Actual Startup Time": 0.051,
                  "Actual Total Time": 577.725,
                  "Actual Rows": 619180,
                  "Actual Loops": 7,
                  "Filter": "(person_id < 418075)",
                  "Rows Removed by Filter": 4558584
                }
              ]
            }
          ]
        }
      ]
    },
    "Planning Time": 0.178,
    "Triggers": [],
    "Execution Time": 677.902
  }
]