[
  {
    "Plan": {
      "Node Type": "Aggregate",
      "Strategy": "Plain",
      "Partial Mode": "Finalize",
      "Parallel Aware": false,
      "Startup Cost": 87818.91,
      "Total Cost": 87818.92,
      "Plan Rows": 1,
      "Plan Width": 8,
      "Actual Startup Time": 392.524,
      "Actual Total Time": 409.259,
      "Actual Rows": 1,
      "Actual Loops": 1,
      "Plans": [
        {
          "Node Type": "Gather",
          "Parent Relationship": "Outer",
          "Parallel Aware": false,
          "Startup Cost": 87818.59,
          "Total Cost": 87818.9,
          "Plan Rows": 3,
          "Plan Width": 8,
          "Actual Startup Time": 386.832,
          "Actual Total Time": 409.249,
          "Actual Rows": 4,
          "Actual Loops": 1,
          "Workers Planned": 3,
          "Workers Launched": 3,
          "Single Copy": false,
          "Plans": [
            {
              "Node Type": "Aggregate",
              "Strategy": "Plain",
              "Partial Mode": "Partial",
              "Parent Relationship": "Outer",
              "Parallel Aware": false,
              "Startup Cost": 86818.59,
              "Total Cost": 86818.6,
              "Plan Rows": 1,
              "Plan Width": 8,
              "Actual Startup Time": 373.606,
              "Actual Total Time": 373.61,
              "Actual Rows": 1,
              "Actual Loops": 4,
              "Plans": [
                {
                  "Node Type": "Hash Join",
                  "Parent Relationship": "Outer",
                  "Parallel Aware": true,
                  "Join Type": "Inner",
                  "Startup Cost": 59605.11,
                  "Total Cost": 86566.65,
                  "Plan Rows": 100777,
                  "Plan Width": 0,
                  "Actual Startup Time": 285.849,
                  "Actual Total Time": 372.469,
                  "Actual Rows": 15409,
                  "Actual Loops": 4,
                  "Inner Unique": true,
                  "Hash Cond": "(mk.movie_id = t.id)",
                  "Plans": [
                    {
                      "Node Type": "Bitmap Heap Scan",
                      "Parent Relationship": "Outer",
                      "Parallel Aware": true,
                      "Relation Name": "movie_keyword",
                      "Alias": "mk",
                      "Startup Cost": 10903.49,
                      "Total Cost": 37429.84,
                      "Plan Rows": 165788,
                      "Plan Width": 4,
                      "Actual Startup Time": 29.32,
                      "Actual Total Time": 83.85,
                      "Actual Rows": 125242,
                      "Actual Loops": 4,
                      "Recheck Cond": "(keyword_id > 36069)",
                      "Rows Removed by Index Recheck": 0,
                      "Exact Heap Blocks": 7879,
                      "Lossy Heap Blocks": 0,
                      "Plans": [
                        {
                          "Node Type": "Bitmap Index Scan",
                          "Parent Relationship": "Outer",
                          "Parallel Aware": false,
                          "Index Name": "keyword_id_movie_keyword",
                          "Startup Cost": 0.0,
                          "Total Cost": 10775.01,
                          "Plan Rows": 513943,
                          "Plan Width": 0,
                          "Actual Startup Time": 25.893,
                          "Actual Total Time": 25.894,
                          "Actual Rows": 500966,
                          "Actual Loops": 1,
                          "Index Cond": "(keyword_id > 36069)"
                        }
                      ]
                    },
                    {
                      "Node Type": "Hash",
                      "Parent Relationship": "Inner",
                      "Parallel Aware": true,
                      "Startup Cost": 43898.92,
                      "Total Cost": 43898.92,
                      "Plan Rows": 384216,
                      "Plan Width": 4,
                      "Actual Startup Time": 248.544,
                      "Actual Total Time": 248.545,
                      "Actual Rows": 385816,
                      "Actual Loops": 4,
                      "Hash Buckets": 2097152,
                      "Original Hash Buckets": 2097152,
                      "Hash Batches": 1,
                      "Original Hash Batches": 1,
                      "Peak Memory Usage": 76800,
                      "Plans": [
                        {
                          "Node Type": "Seq Scan",
                          "Parent Relationship": "Outer",
                          "Parallel Aware": true,
                          "Relation Name": "title",
                          "Alias": "t",
                          "Startup Cost": 0.0,
                          "Total Cost": 43898.92,
                          "Plan Rows": 384216,
                          "Plan Width": 4,
                          "Actual Startup Time": 0.04,
                          "Actual Total Time": 100.412,
                          "Actual Rows": 385816,
                          "Actual Loops": 4,
                          "Filter": "(kind_id = 7)",
                          "Rows Removed by Filter": 246262
                        }
                      ]
                    }
                  ]
                }
              ]
            }
          ]
        }
      ]
    },
    "Planning Time": 0.59,
    "Triggers": [],
    "Execution Time": 409.347
  }
]