{
  "Plan": {
    "Node Type": "Aggregate",
    "Strategy": "Plain",
    "Partial Mode": "Simple",
    "Parallel Aware": false,
    "Startup Cost": 2500.94,
    "Total Cost": 2500.95,
    "Plan Rows": 1,
    "Plan Width": 8,
    "Actual Startup Time": 0.628,
    "Actual Total Time": 0.63,
    "Actual Rows": 1,
    "Actual Loops": 1,
    "Plans": [
      {
        "Node Type": "Nested Loop",
        "Parent Relationship": "Outer",
        "Parallel Aware": false,
        "Join Type": "Inner",
        "Startup Cost": 0.99,
        "Total Cost": 2500.62,
        "Plan Rows": 126,
        "Plan Width": 0,
        "Actual Startup Time": 0.182,
        "Actual Total Time": 0.623,
        "Actual Rows": 1,
        "Actual Loops": 1,
        "Inner Unique": true,
        "Plans": [
          {
            "Node Type": "Index Scan",
            "Parent Relationship": "Outer",
            "Parallel Aware": false,
            "Scan Direction": "Forward",
            "Index Name": "person_id_cast_info",
            "Relation Name": "cast_info",
            "Alias": "ci",
            "Startup Cost": 0.56,
            "Total Cost": 1059.67,
            "Plan Rows": 171,
            "Plan Width": 4,
            "Actual Startup Time": 0.142,
            "Actual Total Time": 0.551,
            "Actual Rows": 2,
            "Actual Loops": 1,
            "Index Cond": "(person_id = 679131)",
            "Rows Removed by Index Recheck": 0,
            "Filter": "(role_id < 2)",
            "Rows Removed by Filter": 847
          },
          {
            "Node Type": "Index Scan",
            "Parent Relationship": "Inner",
            "Parallel Aware": false,
            "Scan Direction": "Forward",
            "Index Name": "title_pkey",
            "Relation Name": "title",
            "Alias": "t",
            "Startup Cost": 0.43,
            "Total Cost": 8.43,
            "Plan Rows": 1,
            "Plan Width": 4,
            "Actual Startup Time": 0.032,
            "Actual Total Time": 0.032,
            "Actual Rows": 0,
            "Actual Loops": 2,
            "Index Cond": "(id = ci.movie_id)",
            "Rows Removed by Index Recheck": 0,
            "Filter": "(kind_id > 1)",
            "Rows Removed by Filter": 0
          }
        ]
      }
    ]
  },
  "Planning Time": 0.733,
  "Triggers": [],
  "Execution Time": 0.695
}