[
  {
    "Plan": {
      "Node Type": "Aggregate",
      "Strategy": "Plain",
      "Partial Mode": "Finalize",
      "Parallel Aware": false,
      "Startup Cost": 135145.35,
      "Total Cost": 135145.36,
      "Plan Rows": 1,
      "Plan Width": 8,
      "Actual Startup Time": 893.001,
      "Actual Total Time": 916.342,
      "Actual Rows": 1,
      "Actual Loops": 1,
      "Plans": [
        {
          "Node Type": "Gather",
          "Parent Relationship": "Outer",
          "Parallel Aware": false,
          "Startup Cost": 135145.03,
          "Total Cost": 135145.34,
          "Plan Rows": 3,
          "Plan Width": 8,
          "Actual Startup Time": 880.713,
          "Actual Total Time": 916.33,
          "Actual Rows": 4,
          "Actual Loops": 1,
          "Workers Planned": 3,
          "Workers Launched": 3,
          "Single Copy": false,
          "Plans": [
            {
              "Node Type": "Aggregate",
              "Strategy": "Plain",
              "Partial Mode": "Partial",
              "Parent Relationship": "Outer",
              "Parallel Aware": false,
              "Startup Cost": 134145.03,
              "Total Cost": 134145.04,
              "Plan Rows": 1,
              "Plan Width": 8,
              "Actual Startup Time": 873.634,
              "Actual Total Time": 874.168,
              "Actual Rows": 1,
              "Actual Loops": 4,
              "Plans": [
                {
                  "Node Type": "Hash Join",
                  "Parent Relationship": "Outer",
                  "Parallel Aware": true,
                  "Join Type": "Inner",
                  "Startup Cost": 85985.65,
                  "Total Cost": 133310.08,
                  "Plan Rows": 333980,
                  "Plan Width": 0,
                  "Actual Startup Time": 596.531,
                  "Actual Total Time": 846.957,
                  "Actual Rows": 547193,
                  "Actual Loops": 4,
                  "Inner Unique": false,
                  "Hash Cond": "(mk.movie_id = t.id)",
                  "Plans": [
                    {
                      "Node Type": "Seq Scan",
                      "Parent Relationship": "Outer",
                      "Parallel Aware": true,
                      "Relation Name": "movie_keyword",
                      "Alias": "mk",
                      "Startup Cost": 0.0,
                      "Total Cost": 42695.65,
                      "Plan Rows": 947045,
                      "Plan Width": 4,
                      "Actual Startup Time": 0.04,
                      "Actual Total Time": 125.39,
                      "Actual Rows": 735648,
                      "Actual Loops": 4,
                      "Filter": "(keyword_id < 9849)",
                      "Rows Removed by Filter": 395335
                    },
                    {
                      "Node Type": "Hash",
                      "Parent Relationship": "Inner",
                      "Parallel Aware": true,
                      "Startup Cost": 82390.24,
                      "Total Cost": 82390.24,
                      "Plan Rows": 287633,
                      "Plan Width": 8,
                      "Actual Startup Time": 592.632,
                      "Actual Total Time": 593.165,
                      "Actual Rows": 144477,
                      "Actual Loops": 4,
                      "Hash Buckets": 1048576,
                      "Original Hash Buckets": 1048576,
                      "Hash Batches": 1,
                      "Original Hash Batches": 1,
                      "Peak Memory Usage": 30880,
                      "Plans": [
                        {
                          "Node Type": "Hash Join",
                          "Parent Relationship": "Outer",
                          "Parallel Aware": true,
                          "Join Type": "Inner",
                          "Startup Cost": 50220.38,
                          "Total Cost": 82390.24,
                          "Plan Rows": 287633,
                          "Plan Width": 8,
                          "Actual Startup Time": 423.292,
                          "Actual Total Time": 541.55,
                          "Actual Rows": 144477,
                          "Actual Loops": 4,
                          "Inner Unique": true,
                          "Hash Cond": "(mc.movie_id = t.id)",
                          "Plans": [
                            {
                              "Node Type": "Seq Scan",
                              "Parent Relationship": "Outer",
                              "Parallel Aware": true,
                              "Relation Name": "movie_companies",
                              "Alias": "mc",
                              "Startup Cost": 0.0,
                              "Total Cost": 31414.82,
                              "Plan Rows": 287633,
                              "Plan Width": 4,
                              "Actual Startup Time": 36.161,
                              "Actual Total Time": 77.852,
                              "Actual Rows": 144477,
                              "Actual Loops": 4,
                              "Filter": "((company_id < 24806) AND (company_type_id > 1))",
                              "Rows Removed by Filter": 507806
                            },
                            {
                              "Node Type": "Hash",
                              "Parent Relationship": "Inner",
                              "Parallel Aware": true,
                              "Startup Cost": 42319.06,
                              "Total Cost": 42319.06,
                              "Plan Rows": 632106,
                              "Plan Width": 4,
                              "Actual Startup Time": 379.938,
                              "Actual Total Time": 379.939,
                              "Actual Rows": 632078,
                              "Actual Loops": 4,
                              "Hash Buckets": 4194304,
                              "Original Hash Buckets": 4194304,
                              "Hash Batches": 1,
                              "Original Hash Batches": 1,
                              "Peak Memory Usage": 131776,
                              "Plans": [
                                {
                                  "Node Type": "Seq Scan",
                                  "Parent Relationship": "Outer",
                                  "Parallel Aware": true,
                                  "Relation Name": "title",
                                  "Alias": "t",
                                  "Startup Cost": 0.0,
                                  "Total Cost": 42319.06,
                                  "Plan Rows": 632106,
                                  "Plan Width": 4,
                                  "Actual Startup Time": 0.05,
                                  "Actual Total Time": 112.109,
                                  "Actual Rows": 632078,
                                  "Actual Loops": 4
                                }
                              ]
                            }
                          ]
                        }
                      ]
                    }
                  ]
                }
              ]
            }
          ]
        }
      ]
    },
    "Planning Time": 0.597,
    "Triggers": [],
    "Execution Time": 916.389
  }
]