[
  {
    "Plan": {
      "Node Type": "Aggregate",
      "Strategy": "Plain",
      "Partial Mode": "Finalize",
      "Parallel Aware": false,
      "Startup Cost": 251451.26,
      "Total Cost": 251451.27,
      "Plan Rows": 1,
      "Plan Width": 8,
      "Actual Startup Time": 1193.913,
      "Actual Total Time": 1233.748,
      "Actual Rows": 1,
      "Actual Loops": 1,
      "Plans": [
        {
          "Node Type": "Gather",
          "Parent Relationship": "Outer",
          "Parallel Aware": false,
          "Startup Cost": 251450.74,
          "Total Cost": 251451.25,
          "Plan Rows": 5,
          "Plan Width": 8,
          "Actual Startup Time": 1186.486,
          "Actual Total Time": 1233.737,
          "Actual Rows": 6,
          "Actual Loops": 1,
          "Workers Planned": 5,
          "Workers Launched": 5,
          "Single Copy": false,
          "Plans": [
            {
              "Node Type": "Aggregate",
              "Strategy": "Plain",
              "Partial Mode": "Partial",
              "Parent Relationship": "Outer",
              "Parallel Aware": false,
              "Startup Cost": 250450.74,
              "Total Cost": 250450.75,
              "Plan Rows": 1,
              "Plan Width": 8,
              "Actual Startup Time": 1175.639,
              "Actual Total Time": 1175.643,
              "Actual Rows": 1,
              "Actual Loops": 6,
              "Plans": [
                {
                  "Node Type": "Hash Join",
                  "Parent Relationship": "Outer",
                  "Parallel Aware": true,
                  "Join Type": "Inner",
                  "Startup Cost": 48311.16,
                  "Total Cost": 247790.57,
                  "Plan Rows": 1064070,
                  "Plan Width": 0,
                  "Actual Startup Time": 165.117,
                  "Actual Total Time": 1101.436,
                  "Actual Rows": 1541181,
                  "Actual Loops": 6,
                  "Inner Unique": true,
                  "Hash Cond": "(mi.movie_id = t.id)",
                  "Plans": [
                    {
                      "Node Type": "Seq Scan",
                      "Parent Relationship": "Outer",
                      "Parallel Aware": true,
                      "Relation Name": "movie_info",
                      "Alias": "mi",
                      "Startup Cost": 0.0,
                      "Total Cost": 191685.19,
                      "Plan Rows": 2969219,
                      "Plan Width": 4,
                      "Actual Startup Time": 0.036,
                      "Actual Total Time": 317.835,
                      "Actual Rows": 2472620,
                      "Actual Loops": 6
                    },
                    {
                      "Node Type": "Hash",
                      "Parent Relationship": "Inner",
                      "Parallel Aware": true,
                      "Startup Cost": 45479.59,
                      "Total Cost": 45479.59,
                      "Plan Rows": 226526,
                      "Plan Width": 4,
                      "Actual Startup Time": 159.008,
                      "Actual Total Time": 159.009,
                      "Actual Rows": 139447,
                      "Actual Loops": 6,
                      "Hash Buckets": 1048576,
                      "Original Hash Buckets": 1048576,
                      "Hash Batches": 1,
                      "Original Hash Batches": 1,
                      "Peak Memory Usage": 41056,
                      "Plans": [
                        {
                          "Node Type": "Seq Scan",
                          "Parent Relationship": "Outer",
                          "Parallel Aware": true,
                          "Relation Name": "title",
                          "Alias": "t",
                          "Startup Cost": 0.0,
                          "Total Cost": 45479.59,
                          "Plan Rows": 226526,
                          "Plan Width": 4,
                          "Actual Startup Time": 0.05,
                          "Actual Total Time": 92.837,
                          "Actual Rows": 139447,
                          "Actual Loops": 6,
                          "Filter": "((kind_id < 7) AND (production_year > 1939))",
                          "Rows Removed by Filter": 281939
                        }
                      ]
                    }
                  ]
                }
              ]
            }
          ]
        }
      ]
    },
    "Planning Time": 0.716,
    "Triggers": [],
    "Execution Time": 1233.831
  }
]