[
  {
    "Plan": {
      "Node Type": "Aggregate",
      "Strategy": "Plain",
      "Partial Mode": "Finalize",
      "Parallel Aware": false,
      "Startup Cost": 354025.62,
      "Total Cost": 354025.63,
      "Plan Rows": 1,
      "Plan Width": 8,
      "Actual Startup Time": 844.479,
      "Actual Total Time": 900.897,
      "Actual Rows": 1,
      "Actual Loops": 1,
      "Plans": [
        {
          "Node Type": "Gather",
          "Parent Relationship": "Outer",
          "Parallel Aware": false,
          "Startup Cost": 354025.0,
          "Total Cost": 354025.61,
          "Plan Rows": 6,
          "Plan Width": 8,
          "Actual Startup Time": 844.355,
          "Actual Total Time": 900.888,
          "Actual Rows": 7,
          "Actual Loops": 1,
          "Workers Planned": 6,
          "Workers Launched": 6,
          "Single Copy": false,
          "Plans": [
            {
              "Node Type": "Aggregate",
              "Strategy": "Plain",
              "Partial Mode": "Partial",
              "Parent Relationship": "Outer",
              "Parallel Aware": false,
              "Startup Cost": 353025.0,
              "Total Cost": 353025.01,
              "Plan Rows": 1,
              "Plan Width": 8,
              "Actual Startup Time": 833.618,
              "Actual Total Time": 833.619,
              "Actual Rows": 1,
              "Actual Loops": 7,
              "Plans": [
                {
                  "Node Type": "Seq Scan",
                  "Parent Relationship": "Outer",
                  "Parallel Aware": true,
                  "Relation Name": "cast_info",
                  "Alias": "ci",
                  "Startup Cost": 0.0,
                  "Total Cost": 343257.03,
                  "Plan Rows": 3907188,
                  "Plan Width": 0,
                  "Actual Startup Time": 224.035,
                  "Actual Total Time": 697.863,
                  "Actual Rows": 3303539,
                  "Actual Loops": 7,
                  "Filter": "((person_id < 3976408) AND (role_id > 1))",
                  "Rows Removed by Filter": 1874225
                }
              ]
            }
          ]
        }
      ]
    },
    "Planning Time": 0.3,
    "Triggers": [],
    "Execution Time": 900.967
  }
]