[
  {
    "Plan": {
      "Node Type": "Aggregate",
      "Strategy": "Plain",
      "Partial Mode": "Finalize",
      "Parallel Aware": false,
      "Startup Cost": 217442.93,
      "Total Cost": 217442.94,
      "Plan Rows": 1,
      "Plan Width": 8,
      "Actual Startup Time": 129.714,
      "Actual Total Time": 151.53,
      "Actual Rows": 1,
      "Actual Loops": 1,
      "Plans": [
        {
          "Node Type": "Gather",
          "Parent Relationship": "Outer",
          "Parallel Aware": false,
          "Startup Cost": 217442.51,
          "Total Cost": 217442.92,
          "Plan Rows": 4,
          "Plan Width": 8,
          "Actual Startup Time": 129.585,
          "Actual Total Time": 151.521,
          "Actual Rows": 5,
          "Actual Loops": 1,
          "Workers Planned": 4,
          "Workers Launched": 4,
          "Single Copy": false,
          "Plans": [
            {
              "Node Type": "Aggregate",
              "Strategy": "Plain",
              "Partial Mode": "Partial",
              "Parent Relationship": "Outer",
              "Parallel Aware": false,
              "Startup Cost": 216442.51,
              "Total Cost": 216442.52,
              "Plan Rows": 1,
              "Plan Width": 8,
              "Actual Startup Time": 122.897,
              "Actual Total Time": 122.9,
              "Actual Rows": 1,
              "Actual Loops": 5,
              "Plans": [
                {
                  "Node Type": "Nested Loop",
                  "Parent Relationship": "Outer",
                  "Parallel Aware": false,
                  "Join Type": "Inner",
                  "Startup Cost": 0.43,
                  "Total Cost": 216427.09,
                  "Plan Rows": 6170,
                  "Plan Width": 0,
                  "Actual Startup Time": 0.985,
                  "Actual Total Time": 122.217,
                  "Actual Rows": 9350,
                  "Actual Loops": 5,
                  "Inner Unique": false,
                  "Plans": [
                    {
                      "Node Type": "Seq Scan",
                      "Parent Relationship": "Outer",
                      "Parallel Aware": true,
                      "Relation Name": "title",
                      "Alias": "t",
                      "Startup Cost": 0.0,
                      "Total Cost": 45479.59,
                      "Plan Rows": 2088,
                      "Plan Width": 4,
                      "Actual Startup Time": 0.755,
                      "Actual Total Time": 69.996,
                      "Actual Rows": 1540,
                      "Actual Loops": 5,
                      "Filter": "((kind_id < 4) AND (production_year = 1991))",
                      "Rows Removed by Filter": 504122
                    },
                    {
                      "Node Type": "Index Scan",
                      "Parent Relationship": "Inner",
                      "Parallel Aware": false,
                      "Scan Direction": "Forward",
                      "Index Name": "movie_id_movie_info",
                      "Relation Name": "movie_info",
                      "Alias": "mi",
                      "Startup Cost": 0.43,
                      "Total Cost": 81.66,
                      "Plan Rows": 21,
                      "Plan Width": 4,
                      "Actual Startup Time": 0.018,
                      "Actual Total Time": 0.033,
                      "Actual Rows": 6,
                      "Actual Loops": 7702,
                      "Index Cond": "(movie_id = t.id)",
                      "Rows Removed by Index Recheck": 0,
                      "Filter": "(info_type_id > 7)",
                      "Rows Removed by Filter": 5
                    }
                  ]
                }
              ]
            }
          ]
        }
      ]
    },
    "Planning Time": 0.249,
    "Triggers": [],
    "Execution Time": 151.585
  }
]