[
  {
    "Plan": {
      "Node Type": "Aggregate",
      "Strategy": "Plain",
      "Partial Mode": "Finalize",
      "Parallel Aware": false,
      "Startup Cost": 217120.78,
      "Total Cost": 217120.79,
      "Plan Rows": 1,
      "Plan Width": 8,
      "Actual Startup Time": 151.305,
      "Actual Total Time": 174.791,
      "Actual Rows": 1,
      "Actual Loops": 1,
      "Plans": [
        {
          "Node Type": "Gather",
          "Parent Relationship": "Outer",
          "Parallel Aware": false,
          "Startup Cost": 217120.36,
          "Total Cost": 217120.77,
          "Plan Rows": 4,
          "Plan Width": 8,
          "Actual Startup Time": 151.181,
          "Actual Total Time": 174.782,
          "Actual Rows": 5,
          "Actual Loops": 1,
          "Workers Planned": 4,
          "Workers Launched": 4,
          "Single Copy": false,
          "Plans": [
            {
              "Node Type": "Aggregate",
              "Strategy": "Plain",
              "Partial Mode": "Partial",
              "Parent Relationship": "Outer",
              "Parallel Aware": false,
              "Startup Cost": 216120.36,
              "Total Cost": 216120.37,
              "Plan Rows": 1,
              "Plan Width": 8,
              "Actual Startup Time": 141.492,
              "Actual Total Time": 141.494,
              "Actual Rows": 1,
              "Actual Loops": 5,
              "Plans": [
                {
                  "Node Type": "Nested Loop",
                  "Parent Relationship": "Outer",
                  "Parallel Aware": false,
                  "Join Type": "Inner",
                  "Startup Cost": 0.43,
                  "Total Cost": 216104.52,
                  "Plan Rows": 6337,
                  "Plan Width": 0,
                  "Actual Startup Time": 0.803,
                  "Actual Total Time": 140.67,
                  "Actual Rows": 9350,
                  "Actual Loops": 5,
                  "Inner Unique": false,
                  "Plans": [
                    {
                      "Node Type": "Seq Scan",
                      "Parent Relationship": "Outer",
                      "Parallel Aware": true,
                      "Relation Name": "title",
                      "Alias": "t",
                      "Startup Cost": 0.0,
                      "Total Cost": 45479.1,
                      "Plan Rows": 2105,
                      "Plan Width": 4,
                      "Actual Startup Time": 0.582,
                      "Actual Total Time": 83.426,
                      "Actual Rows": 1540,
                      "Actual Loops": 5,
                      "Filter": "((kind_id < 4) AND (production_year = 1991))",
                      "Rows Removed by Filter": 504122
                    },
                    {
                      "Node Type": "Index Scan",
                      "Parent Relationship": "Inner",
                      "Parallel Aware": false,
                      "Scan Direction": "Forward",
                      "Index Name": "movie_id_movie_info",
                      "Relation Name": "movie_info",
                      "Alias": "mi",
                      "Startup Cost": 0.43,
                      "Total Cost": 80.84,
                      "Plan Rows": 22,
                      "Plan Width": 4,
                      "Actual Startup Time": 0.02,
                      "Actual Total Time": 0.036,
                      "Actual Rows": 6,
                      "Actual Loops": 7702,
                      "Index Cond": "(movie_id = t.id)",
                      "Rows Removed by Index Recheck": 0,
                      "Filter": "(info_type_id > 7)",
                      "Rows Removed by Filter": 5
                    }
                  ]
                }
              ]
            }
          ]
        }
      ]
    },
    "Planning Time": 0.626,
    "Triggers": [],
    "Execution Time": 174.867
  }
]