[
  {
    "Plan": {
      "Node Type": "Hash Join",
      "Parallel Aware": false,
      "Join Type": "Inner",
      "Startup Cost": 101168.78,
      "Total Cost": 201681.3,
      "Plan Rows": 1053921,
      "Plan Width": 40,
      "Actual Startup Time": 1959.629,
      "Actual Total Time": 3553.307,
      "Actual Rows": 1043520,
      "Actual Loops": 1,
      "Inner Unique": true,
      "Hash Cond": "(t.kind_id = kt.id)",
      "Plans": [
        {
          "Node Type": "Hash Join",
          "Parent Relationship": "Outer",
          "Parallel Aware": false,
          "Join Type": "Inner",
          "Startup Cost": 101167.62,
          "Total Cost": 197238.62,
          "Plan Rows": 1053921,
          "Plan Width": 44,
          "Actual Startup Time": 1959.503,
          "Actual Total Time": 3394.317,
          "Actual Rows": 1043520,
          "Actual Loops": 1,
          "Inner Unique": true,
          "Hash Cond": "(mc.company_type_id = ct.id)",
          "Plans": [
            {
              "Node Type": "Hash Join",
              "Parent Relationship": "Outer",
              "Parallel Aware": false,
              "Join Type": "Inner",
              "Startup Cost": 101166.53,
              "Total Cost": 191539.77,
              "Plan Rows": 1053921,
              "Plan Width": 44,
              "Actual Startup Time": 1959.428,
              "Actual Total Time": 3238.962,
              "Actual Rows": 1043520,
              "Actual Loops": 1,
              "Inner Unique": true,
              "Hash Cond": "(mc.movie_id = t.id)",
              "Plans": [
                {
                  "Node Type": "Hash Join",
                  "Parent Relationship": "Outer",
                  "Parallel Aware": false,
                  "Join Type": "Inner",
                  "Startup Cost": 8282.86,
                  "Total Cost": 95889.56,
                  "Plan Rows": 1053921,
                  "Plan Width": 40,
                  "Actual Startup Time": 111.904,
                  "Actual Total Time": 808.958,
                  "Actual Rows": 1043520,
                  "Actual Loops": 1,
                  "Inner Unique": true,
                  "Hash Cond": "(mc.company_id = cn.id)",
                  "Plans": [
                    {
                      "Node Type": "Index Scan",
                      "Parent Relationship": "Outer",
                      "Parallel Aware": false,
                      "Scan Direction": "Forward",
                      "Index Name": "company_id_movie_companies",
                      "Relation Name": "movie_companies",
                      "Alias": "mc",
                      "Startup Cost": 0.43,
                      "Total Cost": 84840.54,
                      "Plan Rows": 1053921,
                      "Plan Width": 40,
                      "Actual Startup Time": 0.036,
                      "Actual Total Time": 499.551,
                      "Actual Rows": 1043520,
                      "Actual Loops": 1,
                      "Index Cond": "(company_id < 6029)",
                      "Rows Removed by Index Recheck": 0
                    },
                    {
                      "Node Type": "Hash",
                      "Parent Relationship": "Inner",
                      "Parallel Aware": false,
                      "Startup Cost": 5344.97,
                      "Total Cost": 5344.97,
                      "Plan Rows": 234997,
                      "Plan Width": 4,
                      "Actual Startup Time": 108.943,
                      "Actual Total Time": 108.945,
                      "Actual Rows": 234997,
                      "Actual Loops": 1,
                      "Hash Buckets": 262144,
                      "Original Hash Buckets": 262144,
                      "Hash Batches": 1,
                      "Original Hash Batches": 1,
                      "Peak Memory Usage": 10310,
                      "Plans": [
                        {
                          "Node Type": "Seq Scan",
                          "Parent Relationship": "Outer",
                          "Parallel Aware": false,
                          "Relation Name": "company_name",
                          "Alias": "cn",
                          "Startup Cost": 0.0,
                          "Total Cost": 5344.97,
                          "Plan Rows": 234997,
                          "Plan Width": 4,
                          "Actual Startup Time": 0.061,
                          "Actual Total Time": 52.149,
                          "Actual Rows": 234997,
                          "Actual Loops": 1
                        }
                      ]
                    }
                  ]
                },
                {
                  "Node Type": "Hash",
                  "Parent Relationship": "Inner",
                  "Parallel Aware": false,
                  "Startup Cost": 61280.52,
                  "Total Cost": 61280.52,
                  "Plan Rows": 2528252,
                  "Plan Width": 8,
                  "Actual Startup Time": 1821.321,
                  "Actual Total Time": 1821.322,
                  "Actual Rows": 2528312,
                  "Actual Loops": 1,
                  "Hash Buckets": 4194304,
                  "Original Hash Buckets": 4194304,
                  "Hash Batches": 1,
                  "Original Hash Batches": 1,
                  "Peak Memory Usage": 131531,
                  "Plans": [
                    {
                      "Node Type": "Seq Scan",
                      "Parent Relationship": "Outer",
                      "Parallel Aware": false,
                      "Relation Name": "title",
                      "Alias": "t",
                      "Startup Cost": 0.0,
                      "Total Cost": 61280.52,
                      "Plan Rows": 2528252,
                      "Plan Width": 8,
                      "Actual Startup Time": 0.044,
                      "Actual Total Time": 659.729,
                      "Actual Rows": 2528312,
                      "Actual Loops": 1
                    }
                  ]
                }
              ]
            },
            {
              "Node Type": "Hash",
              "Parent Relationship": "Inner",
              "Parallel Aware": false,
              "Startup Cost": 1.04,
              "Total Cost": 1.04,
              "Plan Rows": 4,
              "Plan Width": 4,
              "Actual Startup Time": 0.026,
              "Actual Total Time": 0.027,
              "Actual Rows": 4,
              "Actual Loops": 1,
              "Hash Buckets": 1024,
              "Original Hash Buckets": 1024,
              "Hash Batches": 1,
              "Original Hash Batches": 1,
              "Peak Memory Usage": 9,
              "Plans": [
                {
                  "Node Type": "Seq Scan",
                  "Parent Relationship": "Outer",
                  "Parallel Aware": false,
                  "Relation Name": "company_type",
                  "Alias": "ct",
                  "Startup Cost": 0.0,
                  "Total Cost": 1.04,
                  "Plan Rows": 4,
                  "Plan Width": 4,
                  "Actual Startup Time": 0.008,
                  "Actual Total Time": 0.011,
                  "Actual Rows": 4,
                  "Actual Loops": 1
                }
              ]
            }
          ]
        },
        {
          "Node Type": "Hash",
          "Parent Relationship": "Inner",
          "Parallel Aware": false,
          "Startup Cost": 1.07,
          "Total Cost": 1.07,
          "Plan Rows": 7,
          "Plan Width": 4,
          "Actual Startup Time": 0.047,
          "Actual Total Time": 0.048,
          "Actual Rows": 7,
          "Actual Loops": 1,
          "Hash Buckets": 1024,
          "Original Hash Buckets": 1024,
          "Hash Batches": 1,
          "Original Hash Batches": 1,
          "Peak Memory Usage": 9,
          "Plans": [
            {
              "Node Type": "Seq Scan",
              "Parent Relationship": "Outer",
              "Parallel Aware": false,
              "Relation Name": "kind_type",
              "Alias": "kt",
              "Startup Cost": 0.0,
              "Total Cost": 1.07,
              "Plan Rows": 7,
              "Plan Width": 4,
              "Actual Startup Time": 0.019,
              "Actual Total Time": 0.022,
              "Actual Rows": 7,
              "Actual Loops": 1
            }
          ]
        }
      ]
    },
    "Planning Time": 6.215,
    "Triggers": [],
    "Execution Time": 3603.676
  }
]