{
    "Plan": {
        "Node Type": "Aggregate",
        "Strategy": "Plain",
        "Partial Mode": "Finalize",
        "Parallel Aware": false,
        "Startup Cost": 201710.93,
        "Total Cost": 201710.94,
        "Plan Rows": 1,
        "Plan Width": 8,
        "Actual Startup Time": 621.492,
        "Actual Total Time": 651.041,
        "Actual Rows": 1,
        "Actual Loops": 1,
        "Output": [
            "count(*)"
        ],
        "Plans": [
            {
                "Node Type": "Gather",
                "Parent Relationship": "Outer",
                "Parallel Aware": false,
                "Startup Cost": 201710.4,
                "Total Cost": 201710.91,
                "Plan Rows": 5,
                "Plan Width": 8,
                "Actual Startup Time": 615.284,
                "Actual Total Time": 651.031,
                "Actual Rows": 6,
                "Actual Loops": 1,
                "Output": [
                    "(PARTIAL count(*))"
                ],
                "Workers Planned": 5,
                "Workers Launched": 5,
                "Single Copy": false,
                "Plans": [
                    {
                        "Node Type": "Aggregate",
                        "Strategy": "Plain",
                        "Partial Mode": "Partial",
                        "Parent Relationship": "Outer",
                        "Parallel Aware": false,
                        "Startup Cost": 200710.4,
                        "Total Cost": 200710.41,
                        "Plan Rows": 1,
                        "Plan Width": 8,
                        "Actual Startup Time": 604.896,
                        "Actual Total Time": 604.996,
                        "Actual Rows": 1,
                        "Actual Loops": 6,
                        "Output": [
                            "PARTIAL count(*)"
                        ],
                        "Workers": [
                            {
                                "Worker Number": 0,
                                "Actual Startup Time": 601.923,
                                "Actual Total Time": 601.927,
                                "Actual Rows": 1,
                                "Actual Loops": 1
                            },
                            {
                                "Worker Number": 1,
                                "Actual Startup Time": 603.72,
                                "Actual Total Time": 603.725,
                                "Actual Rows": 1,
                                "Actual Loops": 1
                            },
                            {
                                "Worker Number": 2,
                                "Actual Startup Time": 602.798,
                                "Actual Total Time": 602.804,
                                "Actual Rows": 1,
                                "Actual Loops": 1
                            },
                            {
                                "Worker Number": 3,
                                "Actual Startup Time": 603.136,
                                "Actual Total Time": 603.142,
                                "Actual Rows": 1,
                                "Actual Loops": 1
                            },
                            {
                                "Worker Number": 4,
                                "Actual Startup Time": 603.399,
                                "Actual Total Time": 603.406,
                                "Actual Rows": 1,
                                "Actual Loops": 1
                            }
                        ],
                        "Plans": [
                            {
                                "Node Type": "Hash Join",
                                "Parent Relationship": "Outer",
                                "Parallel Aware": true,
                                "Join Type": "Inner",
                                "Startup Cost": 89992.45,
                                "Total Cost": 200486.45,
                                "Plan Rows": 89581,
                                "Plan Width": 0,
                                "Actual Startup Time": 311.36,
                                "Actual Total Time": 595.916,
                                "Actual Rows": 202050,
                                "Actual Loops": 6,
                                "Inner Unique": false,
                                "Hash Cond": "(ci.movie_id = t.id)",
                                "Workers": [
                                    {
                                        "Worker Number": 0,
                                        "Actual Startup Time": 308.69,
                                        "Actual Total Time": 592.954,
                                        "Actual Rows": 213492,
                                        "Actual Loops": 1
                                    },
                                    {
                                        "Worker Number": 1,
                                        "Actual Startup Time": 308.652,
                                        "Actual Total Time": 595.268,
                                        "Actual Rows": 200512,
                                        "Actual Loops": 1
                                    },
                                    {
                                        "Worker Number": 2,
                                        "Actual Startup Time": 309.348,
                                        "Actual Total Time": 594.106,
                                        "Actual Rows": 206322,
                                        "Actual Loops": 1
                                    },
                                    {
                                        "Worker Number": 3,
                                        "Actual Startup Time": 309.96,
                                        "Actual Total Time": 594.273,
                                        "Actual Rows": 211153,
                                        "Actual Loops": 1
                                    },
                                    {
                                        "Worker Number": 4,
                                        "Actual Startup Time": 310.56,
                                        "Actual Total Time": 593.758,
                                        "Actual Rows": 153215,
                                        "Actual Loops": 1
                                    }
                                ],
                                "Plans": [
                                    {
                                        "Node Type": "Index Scan",
                                        "Parent Relationship": "Outer",
                                        "Parallel Aware": true,
                                        "Scan Direction": "Forward",
                                        "Index Name": "role_id_cast_info",
                                        "Relation Name": "cast_info",
                                        "Schema": "public",
                                        "Alias": "ci",
                                        "Startup Cost": 0.56,
                                        "Total Cost": 107202.96,
                                        "Plan Rows": 800703,
                                        "Plan Width": 4,
                                        "Actual Startup Time": 0.216,
                                        "Actual Total Time": 137.565,
                                        "Actual Rows": 668006,
                                        "Actual Loops": 6,
                                        "Output": [
                                            "ci.id",
                                            "ci.person_id",
                                            "ci.movie_id",
                                            "ci.person_role_id",
                                            "ci.note",
                                            "ci.nr_order",
                                            "ci.role_id"
                                        ],
                                        "Index Cond": "(ci.role_id = 3)",
                                        "Rows Removed by Index Recheck": 0,
                                        "Workers": [
                                            {
                                                "Worker Number": 0,
                                                "Actual Startup Time": 0.292,
                                                "Actual Total Time": 140.065,
                                                "Actual Rows": 688386,
                                                "Actual Loops": 1
                                            },
                                            {
                                                "Worker Number": 1,
                                                "Actual Startup Time": 0.273,
                                                "Actual Total Time": 134.731,
                                                "Actual Rows": 614267,
                                                "Actual Loops": 1
                                            },
                                            {
                                                "Worker Number": 2,
                                                "Actual Startup Time": 0.121,
                                                "Actual Total Time": 141.314,
                                                "Actual Rows": 693444,
                                                "Actual Loops": 1
                                            },
                                            {
                                                "Worker Number": 3,
                                                "Actual Startup Time": 0.256,
                                                "Actual Total Time": 140.875,
                                                "Actual Rows": 693051,
                                                "Actual Loops": 1
                                            },
                                            {
                                                "Worker Number": 4,
                                                "Actual Startup Time": 0.214,
                                                "Actual Total Time": 144.525,
                                                "Actual Rows": 496880,
                                                "Actual Loops": 1
                                            }
                                        ]
                                    },
                                    {
                                        "Node Type": "Hash",
                                        "Parent Relationship": "Inner",
                                        "Parallel Aware": true,
                                        "Startup Cost": 88851.31,
                                        "Total Cost": 88851.31,
                                        "Plan Rows": 91246,
                                        "Plan Width": 8,
                                        "Actual Startup Time": 308.599,
                                        "Actual Total Time": 308.698,
                                        "Actual Rows": 155017,
                                        "Actual Loops": 6,
                                        "Output": [
                                            "t.id",
                                            "mk.movie_id"
                                        ],
                                        "Hash Buckets": 1048576,
                                        "Original Hash Buckets": 524288,
                                        "Hash Batches": 1,
                                        "Original Hash Batches": 1,
                                        "Peak Memory Usage": 48768,
                                        "Workers": [
                                            {
                                                "Worker Number": 0,
                                                "Actual Startup Time": 307.909,
                                                "Actual Total Time": 307.912,
                                                "Actual Rows": 160479,
                                                "Actual Loops": 1
                                            },
                                            {
                                                "Worker Number": 1,
                                                "Actual Startup Time": 307.756,
                                                "Actual Total Time": 307.759,
                                                "Actual Rows": 154501,
                                                "Actual Loops": 1
                                            },
                                            {
                                                "Worker Number": 2,
                                                "Actual Startup Time": 308.799,
                                                "Actual Total Time": 308.803,
                                                "Actual Rows": 158490,
                                                "Actual Loops": 1
                                            },
                                            {
                                                "Worker Number": 3,
                                                "Actual Startup Time": 309.128,
                                                "Actual Total Time": 309.132,
                                                "Actual Rows": 158807,
                                                "Actual Loops": 1
                                            },
                                            {
                                                "Worker Number": 4,
                                                "Actual Startup Time": 309.379,
                                                "Actual Total Time": 309.384,
                                                "Actual Rows": 112150,
                                                "Actual Loops": 1
                                            }
                                        ],
                                        "Plans": [
                                            {
                                                "Node Type": "Hash Join",
                                                "Parent Relationship": "Outer",
                                                "Parallel Aware": true,
                                                "Join Type": "Inner",
                                                "Startup Cost": 45973.23,
                                                "Total Cost": 88851.31,
                                                "Plan Rows": 91246,
                                                "Plan Width": 8,
                                                "Actual Startup Time": 95.193,
                                                "Actual Total Time": 262.823,
                                                "Actual Rows": 155017,
                                                "Actual Loops": 6,
                                                "Output": [
                                                    "t.id",
                                                    "mk.movie_id"
                                                ],
                                                "Inner Unique": true,
                                                "Hash Cond": "(mk.movie_id = t.id)",
                                                "Workers": [
                                                    {
                                                        "Worker Number": 0,
                                                        "Actual Startup Time": 94.716,
                                                        "Actual Total Time": 263.876,
                                                        "Actual Rows": 160479,
                                                        "Actual Loops": 1
                                                    },
                                                    {
                                                        "Worker Number": 1,
                                                        "Actual Startup Time": 94.622,
                                                        "Actual Total Time": 263.581,
                                                        "Actual Rows": 154501,
                                                        "Actual Loops": 1
                                                    },
                                                    {
                                                        "Worker Number": 2,
                                                        "Actual Startup Time": 95.52,
                                                        "Actual Total Time": 262.402,
                                                        "Actual Rows": 158490,
                                                        "Actual Loops": 1
                                                    },
                                                    {
                                                        "Worker Number": 3,
                                                        "Actual Startup Time": 95.366,
                                                        "Actual Total Time": 262.353,
                                                        "Actual Rows": 158807,
                                                        "Actual Loops": 1
                                                    },
                                                    {
                                                        "Worker Number": 4,
                                                        "Actual Startup Time": 95.385,
                                                        "Actual Total Time": 264.187,
                                                        "Actual Rows": 112150,
                                                        "Actual Loops": 1
                                                    }
                                                ],
                                                "Plans": [
                                                    {
                                                        "Node Type": "Seq Scan",
                                                        "Parent Relationship": "Outer",
                                                        "Parallel Aware": true,
                                                        "Relation Name": "movie_keyword",
                                                        "Schema": "public",
                                                        "Alias": "mk",
                                                        "Startup Cost": 0.0,
                                                        "Total Cost": 39047.32,
                                                        "Plan Rows": 1459332,
                                                        "Plan Width": 4,
                                                        "Actual Startup Time": 0.011,
                                                        "Actual Total Time": 80.407,
                                                        "Actual Rows": 753988,
                                                        "Actual Loops": 6,
                                                        "Output": [
                                                            "mk.id",
                                                            "mk.movie_id",
                                                            "mk.keyword_id"
                                                        ],
                                                        "Workers": [
                                                            {
                                                                "Worker Number": 0,
                                                                "Actual Startup Time": 0.006,
                                                                "Actual Total Time": 84.013,
                                                                "Actual Rows": 771760,
                                                                "Actual Loops": 1
                                                            },
                                                            {
                                                                "Worker Number": 1,
                                                                "Actual Startup Time": 0.015,
                                                                "Actual Total Time": 84.045,
                                                                "Actual Rows": 746660,
                                                                "Actual Loops": 1
                                                            },
                                                            {
                                                                "Worker Number": 2,
                                                                "Actual Startup Time": 0.007,
                                                                "Actual Total Time": 82.914,
                                                                "Actual Rows": 766455,
                                                                "Actual Loops": 1
                                                            },
                                                            {
                                                                "Worker Number": 3,
                                                                "Actual Startup Time": 0.013,
                                                                "Actual Total Time": 82.97,
                                                                "Actual Rows": 769415,
                                                                "Actual Loops": 1
                                                            },
                                                            {
                                                                "Worker Number": 4,
                                                                "Actual Startup Time": 0.022,
                                                                "Actual Total Time": 82.982,
                                                                "Actual Rows": 534835,
                                                                "Actual Loops": 1
                                                            }
                                                        ]
                                                    },
                                                    {
                                                        "Node Type": "Hash",
                                                        "Parent Relationship": "Inner",
                                                        "Parallel Aware": true,
                                                        "Startup Cost": 45479.21,
                                                        "Total Cost": 45479.21,
                                                        "Plan Rows": 39522,
                                                        "Plan Width": 4,
                                                        "Actual Startup Time": 94.45,
                                                        "Actual Total Time": 94.451,
                                                        "Actual Rows": 43008,
                                                        "Actual Loops": 6,
                                                        "Output": [
                                                            "t.id"
                                                        ],
                                                        "Hash Buckets": 262144,
                                                        "Original Hash Buckets": 262144,
                                                        "Hash Batches": 1,
                                                        "Original Hash Batches": 1,
                                                        "Peak Memory Usage": 12256,
                                                        "Workers": [
                                                            {
                                                                "Worker Number": 0,
                                                                "Actual Startup Time": 94.548,
                                                                "Actual Total Time": 94.549,
                                                                "Actual Rows": 45040,
                                                                "Actual Loops": 1
                                                            },
                                                            {
                                                                "Worker Number": 1,
                                                                "Actual Startup Time": 94.484,
                                                                "Actual Total Time": 94.485,
                                                                "Actual Rows": 37540,
                                                                "Actual Loops": 1
                                                            },
                                                            {
                                                                "Worker Number": 2,
                                                                "Actual Startup Time": 95.247,
                                                                "Actual Total Time": 95.249,
                                                                "Actual Rows": 44401,
                                                                "Actual Loops": 1
                                                            },
                                                            {
                                                                "Worker Number": 3,
                                                                "Actual Startup Time": 95.088,
                                                                "Actual Total Time": 95.089,
                                                                "Actual Rows": 44106,
                                                                "Actual Loops": 1
                                                            },
                                                            {
                                                                "Worker Number": 4,
                                                                "Actual Startup Time": 95.224,
                                                                "Actual Total Time": 95.225,
                                                                "Actual Rows": 31161,
                                                                "Actual Loops": 1
                                                            }
                                                        ],
                                                        "Plans": [
                                                            {
                                                                "Node Type": "Seq Scan",
                                                                "Parent Relationship": "Outer",
                                                                "Parallel Aware": true,
                                                                "Relation Name": "title",
                                                                "Schema": "public",
                                                                "Alias": "t",
                                                                "Startup Cost": 0.0,
                                                                "Total Cost": 45479.21,
                                                                "Plan Rows": 39522,
                                                                "Plan Width": 4,
                                                                "Actual Startup Time": 0.18,
                                                                "Actual Total Time": 77.495,
                                                                "Actual Rows": 43008,
                                                                "Actual Loops": 6,
                                                                "Output": [
                                                                    "t.id"
                                                                ],
                                                                "Filter": "((t.kind_id < 7) AND (t.production_year < 1972))",
                                                                "Rows Removed by Filter": 378377,
                                                                "Workers": [
                                                                    {
                                                                        "Worker Number": 0,
                                                                        "Actual Startup Time": 0.103,
                                                                        "Actual Total Time": 77.946,
                                                                        "Actual Rows": 45040,
                                                                        "Actual Loops": 1
                                                                    },
                                                                    {
                                                                        "Worker Number": 1,
                                                                        "Actual Startup Time": 0.165,
                                                                        "Actual Total Time": 76.294,
                                                                        "Actual Rows": 37540,
                                                                        "Actual Loops": 1
                                                                    },
                                                                    {
                                                                        "Worker Number": 2,
                                                                        "Actual Startup Time": 0.206,
                                                                        "Actual Total Time": 77.807,
                                                                        "Actual Rows": 44401,
                                                                        "Actual Loops": 1
                                                                    },
                                                                    {
                                                                        "Worker Number": 3,
                                                                        "Actual Startup Time": 0.217,
                                                                        "Actual Total Time": 77.946,
                                                                        "Actual Rows": 44106,
                                                                        "Actual Loops": 1
                                                                    },
                                                                    {
                                                                        "Worker Number": 4,
                                                                        "Actual Startup Time": 0.301,
                                                                        "Actual Total Time": 78.795,
                                                                        "Actual Rows": 31161,
                                                                        "Actual Loops": 1
                                                                    }
                                                                ]
                                                            }
                                                        ]
                                                    }
                                                ]
                                            }
                                        ]
                                    }
                                ]
                            }
                        ]
                    }
                ]
            }
        ]
    },
    "Planning Time": 1.522,
    "Triggers": [],
    "Execution Time": 651.164
}