[
  {
    "Plan": {
      "Node Type": "Aggregate",
      "Strategy": "Plain",
      "Partial Mode": "Finalize",
      "Parallel Aware": false,
      "Startup Cost": 47334.74,
      "Total Cost": 47334.75,
      "Plan Rows": 1,
      "Plan Width": 8,
      "Actual Startup Time": 204.515,
      "Actual Total Time": 214.102,
      "Actual Rows": 1,
      "Actual Loops": 1,
      "Plans": [
        {
          "Node Type": "Gather",
          "Parent Relationship": "Outer",
          "Parallel Aware": false,
          "Startup Cost": 47334.43,
          "Total Cost": 47334.74,
          "Plan Rows": 3,
          "Plan Width": 8,
          "Actual Startup Time": 204.385,
          "Actual Total Time": 214.089,
          "Actual Rows": 4,
          "Actual Loops": 1,
          "Workers Planned": 3,
          "Workers Launched": 3,
          "Single Copy": false,
          "Plans": [
            {
              "Node Type": "Aggregate",
              "Strategy": "Plain",
              "Partial Mode": "Partial",
              "Parent Relationship": "Outer",
              "Parallel Aware": false,
              "Startup Cost": 46334.43,
              "Total Cost": 46334.44,
              "Plan Rows": 1,
              "Plan Width": 8,
              "Actual Startup Time": 197.092,
              "Actual Total Time": 197.093,
              "Actual Rows": 1,
              "Actual Loops": 4,
              "Plans": [
                {
                  "Node Type": "Seq Scan",
                  "Parent Relationship": "Outer",
                  "Parallel Aware": true,
                  "Relation Name": "movie_keyword",
                  "Alias": "mk",
                  "Startup Cost": 0.0,
                  "Total Cost": 42695.65,
                  "Plan Rows": 1455509,
                  "Plan Width": 0,
                  "Actual Startup Time": 0.051,
                  "Actual Total Time": 138.665,
                  "Actual Rows": 1128436,
                  "Actual Loops": 4,
                  "Filter": "(keyword_id < 124939)",
                  "Rows Removed by Filter": 2546
                }
              ]
            }
          ]
        }
      ]
    },
    "Planning Time": 0.136,
    "Triggers": [],
    "Execution Time": 214.143
  }
]