[
    {
        "Bao": {
            "Bao prediction": "NaN",
            "Bao recommended hint": "(no hint)"
        }
    },
    {
        "Plan": {
            "Node Type": "Aggregate",
            "Strategy": "Plain",
            "Partial Mode": "Finalize",
            "Parallel Aware": false,
            "Startup Cost": 406601.11,
            "Total Cost": 406601.12,
            "Plan Rows": 1,
            "Plan Width": 8,
            "Actual Startup Time": 1533.935,
            "Actual Total Time": 1575.087,
            "Actual Rows": 1,
            "Actual Loops": 1,
            "Output": [
                "count(*)"
            ],
            "Plans": [
                {
                    "Node Type": "Gather",
                    "Parent Relationship": "Outer",
                    "Parallel Aware": false,
                    "Startup Cost": 406600.48,
                    "Total Cost": 406601.09,
                    "Plan Rows": 6,
                    "Plan Width": 8,
                    "Actual Startup Time": 1517.676,
                    "Actual Total Time": 1574.999,
                    "Actual Rows": 7,
                    "Actual Loops": 1,
                    "Output": [
                        "(PARTIAL count(*))"
                    ],
                    "Workers Planned": 6,
                    "Workers Launched": 6,
                    "Single Copy": false,
                    "Plans": [
                        {
                            "Node Type": "Aggregate",
                            "Strategy": "Plain",
                            "Partial Mode": "Partial",
                            "Parent Relationship": "Outer",
                            "Parallel Aware": false,
                            "Startup Cost": 405600.48,
                            "Total Cost": 405600.49,
                            "Plan Rows": 1,
                            "Plan Width": 8,
                            "Actual Startup Time": 1503.423,
                            "Actual Total Time": 1503.426,
                            "Actual Rows": 1,
                            "Actual Loops": 7,
                            "Output": [
                                "PARTIAL count(*)"
                            ],
                            "Workers": [
                                {
                                    "Worker Number": 0,
                                    "Actual Startup Time": 1502.759,
                                    "Actual Total Time": 1502.762,
                                    "Actual Rows": 1,
                                    "Actual Loops": 1
                                },
                                {
                                    "Worker Number": 1,
                                    "Actual Startup Time": 1500.72,
                                    "Actual Total Time": 1500.723,
                                    "Actual Rows": 1,
                                    "Actual Loops": 1
                                },
                                {
                                    "Worker Number": 2,
                                    "Actual Startup Time": 1500.811,
                                    "Actual Total Time": 1500.813,
                                    "Actual Rows": 1,
                                    "Actual Loops": 1
                                },
                                {
                                    "Worker Number": 3,
                                    "Actual Startup Time": 1500.728,
                                    "Actual Total Time": 1500.731,
                                    "Actual Rows": 1,
                                    "Actual Loops": 1
                                },
                                {
                                    "Worker Number": 4,
                                    "Actual Startup Time": 1500.826,
                                    "Actual Total Time": 1500.828,
                                    "Actual Rows": 1,
                                    "Actual Loops": 1
                                },
                                {
                                    "Worker Number": 5,
                                    "Actual Startup Time": 1500.818,
                                    "Actual Total Time": 1500.82,
                                    "Actual Rows": 1,
                                    "Actual Loops": 1
                                }
                            ],
                            "Plans": [
                                {
                                    "Node Type": "Hash Join",
                                    "Parent Relationship": "Outer",
                                    "Parallel Aware": true,
                                    "Join Type": "Inner",
                                    "Startup Cost": 50219.81,
                                    "Total Cost": 399716.71,
                                    "Plan Rows": 2353508,
                                    "Plan Width": 0,
                                    "Actual Startup Time": 441.361,
                                    "Actual Total Time": 1442.339,
                                    "Actual Rows": 1287102,
                                    "Actual Loops": 7,
                                    "Inner Unique": true,
                                    "Hash Cond": "(ci.movie_id = t.id)",
                                    "Workers": [
                                        {
                                            "Worker Number": 0,
                                            "Actual Startup Time": 438.908,
                                            "Actual Total Time": 1432.696,
                                            "Actual Rows": 958478,
                                            "Actual Loops": 1
                                        },
                                        {
                                            "Worker Number": 1,
                                            "Actual Startup Time": 438.965,
                                            "Actual Total Time": 1440.3,
                                            "Actual Rows": 1341260,
                                            "Actual Loops": 1
                                        },
                                        {
                                            "Worker Number": 2,
                                            "Actual Startup Time": 439.056,
                                            "Actual Total Time": 1440.58,
                                            "Actual Rows": 1334748,
                                            "Actual Loops": 1
                                        },
                                        {
                                            "Worker Number": 3,
                                            "Actual Startup Time": 438.974,
                                            "Actual Total Time": 1440.582,
                                            "Actual Rows": 1296175,
                                            "Actual Loops": 1
                                        },
                                        {
                                            "Worker Number": 4,
                                            "Actual Startup Time": 439.04,
                                            "Actual Total Time": 1440.439,
                                            "Actual Rows": 1339216,
                                            "Actual Loops": 1
                                        },
                                        {
                                            "Worker Number": 5,
                                            "Actual Startup Time": 439.038,
                                            "Actual Total Time": 1441.014,
                                            "Actual Rows": 1327672,
                                            "Actual Loops": 1
                                        }
                                    ],
                                    "Plans": [
                                        {
                                            "Node Type": "Seq Scan",
                                            "Parent Relationship": "Outer",
                                            "Parallel Aware": true,
                                            "Relation Name": "cast_info",
                                            "Schema": "public",
                                            "Alias": "ci",
                                            "Startup Cost": 0.0,
                                            "Total Cost": 343318.94,
                                            "Plan Rows": 2353508,
                                            "Plan Width": 4,
                                            "Actual Startup Time": 199.347,
                                            "Actual Total Time": 584.817,
                                            "Actual Rows": 1287102,
                                            "Actual Loops": 7,
                                            "Output": [
                                                "ci.id",
                                                "ci.person_id",
                                                "ci.movie_id",
                                                "ci.person_role_id",
                                                "ci.note",
                                                "ci.nr_order",
                                                "ci.role_id"
                                            ],
                                            "Filter": "((ci.person_id < 2202067) AND (ci.role_id > 1))",
                                            "Rows Removed by Filter": 3890662,
                                            "Workers": [
                                                {
                                                    "Worker Number": 0,
                                                    "Actual Startup Time": 199.332,
                                                    "Actual Total Time": 616.593,
                                                    "Actual Rows": 958478,
                                                    "Actual Loops": 1
                                                },
                                                {
                                                    "Worker Number": 1,
                                                    "Actual Startup Time": 199.415,
                                                    "Actual Total Time": 585.591,
                                                    "Actual Rows": 1341260,
                                                    "Actual Loops": 1
                                                },
                                                {
                                                    "Worker Number": 2,
                                                    "Actual Startup Time": 199.329,
                                                    "Actual Total Time": 586.296,
                                                    "Actual Rows": 1334748,
                                                    "Actual Loops": 1
                                                },
                                                {
                                                    "Worker Number": 3,
                                                    "Actual Startup Time": 199.319,
                                                    "Actual Total Time": 583.065,
                                                    "Actual Rows": 1296175,
                                                    "Actual Loops": 1
                                                },
                                                {
                                                    "Worker Number": 4,
                                                    "Actual Startup Time": 199.311,
                                                    "Actual Total Time": 588.191,
                                                    "Actual Rows": 1339216,
                                                    "Actual Loops": 1
                                                },
                                                {
                                                    "Worker Number": 5,
                                                    "Actual Startup Time": 199.397,
                                                    "Actual Total Time": 586.44,
                                                    "Actual Rows": 1327672,
                                                    "Actual Loops": 1
                                                }
                                            ]
                                        },
                                        {
                                            "Node Type": "Hash",
                                            "Parent Relationship": "Inner",
                                            "Parallel Aware": true,
                                            "Startup Cost": 42318.81,
                                            "Total Cost": 42318.81,
                                            "Plan Rows": 632080,
                                            "Plan Width": 4,
                                            "Actual Startup Time": 236.92,
                                            "Actual Total Time": 236.921,
                                            "Actual Rows": 361187,
                                            "Actual Loops": 7,
                                            "Output": [
                                                "t.id"
                                            ],
                                            "Hash Buckets": 4194304,
                                            "Original Hash Buckets": 4194304,
                                            "Hash Batches": 1,
                                            "Original Hash Batches": 1,
                                            "Peak Memory Usage": 131776,
                                            "Workers": [
                                                {
                                                    "Worker Number": 0,
                                                    "Actual Startup Time": 238.537,
                                                    "Actual Total Time": 238.538,
                                                    "Actual Rows": 267797,
                                                    "Actual Loops": 1
                                                },
                                                {
                                                    "Worker Number": 1,
                                                    "Actual Startup Time": 238.754,
                                                    "Actual Total Time": 238.755,
                                                    "Actual Rows": 356928,
                                                    "Actual Loops": 1
                                                },
                                                {
                                                    "Worker Number": 2,
                                                    "Actual Startup Time": 238.697,
                                                    "Actual Total Time": 238.698,
                                                    "Actual Rows": 356806,
                                                    "Actual Loops": 1
                                                },
                                                {
                                                    "Worker Number": 3,
                                                    "Actual Startup Time": 238.579,
                                                    "Actual Total Time": 238.58,
                                                    "Actual Rows": 358948,
                                                    "Actual Loops": 1
                                                },
                                                {
                                                    "Worker Number": 4,
                                                    "Actual Startup Time": 238.641,
                                                    "Actual Total Time": 238.642,
                                                    "Actual Rows": 355264,
                                                    "Actual Loops": 1
                                                },
                                                {
                                                    "Worker Number": 5,
                                                    "Actual Startup Time": 238.77,
                                                    "Actual Total Time": 238.771,
                                                    "Actual Rows": 350042,
                                                    "Actual Loops": 1
                                                }
                                            ],
                                            "Plans": [
                                                {
                                                    "Node Type": "Seq Scan",
                                                    "Parent Relationship": "Outer",
                                                    "Parallel Aware": true,
                                                    "Relation Name": "title",
                                                    "Schema": "public",
                                                    "Alias": "t",
                                                    "Startup Cost": 0.0,
                                                    "Total Cost": 42318.81,
                                                    "Plan Rows": 632080,
                                                    "Plan Width": 4,
                                                    "Actual Startup Time": 0.061,
                                                    "Actual Total Time": 67.015,
                                                    "Actual Rows": 361187,
                                                    "Actual Loops": 7,
                                                    "Output": [
                                                        "t.id"
                                                    ],
                                                    "Workers": [
                                                        {
                                                            "Worker Number": 0,
                                                            "Actual Startup Time": 0.047,
                                                            "Actual Total Time": 73.828,
                                                            "Actual Rows": 267797,
                                                            "Actual Loops": 1
                                                        },
                                                        {
                                                            "Worker Number": 1,
                                                            "Actual Startup Time": 0.078,
                                                            "Actual Total Time": 68.578,
                                                            "Actual Rows": 356928,
                                                            "Actual Loops": 1
                                                        },
                                                        {
                                                            "Worker Number": 2,
                                                            "Actual Startup Time": 0.026,
                                                            "Actual Total Time": 68.4,
                                                            "Actual Rows": 356806,
                                                            "Actual Loops": 1
                                                        },
                                                        {
                                                            "Worker Number": 3,
                                                            "Actual Startup Time": 0.087,
                                                            "Actual Total Time": 68.226,
                                                            "Actual Rows": 358948,
                                                            "Actual Loops": 1
                                                        },
                                                        {
                                                            "Worker Number": 4,
                                                            "Actual Startup Time": 0.092,
                                                            "Actual Total Time": 68.578,
                                                            "Actual Rows": 355264,
                                                            "Actual Loops": 1
                                                        },
                                                        {
                                                            "Worker Number": 5,
                                                            "Actual Startup Time": 0.082,
                                                            "Actual Total Time": 67.955,
                                                            "Actual Rows": 350042,
                                                            "Actual Loops": 1
                                                        }
                                                    ]
                                                }
                                            ]
                                        }
                                    ]
                                }
                            ]
                        }
                    ]
                }
            ]
        },
        "Planning Time": 182.169,
        "Triggers": [],
        "Execution Time": 1575.165
    }
]