[
  {
    "Plan": {
      "Node Type": "Aggregate",
      "Strategy": "Plain",
      "Partial Mode": "Finalize",
      "Parallel Aware": false,
      "Startup Cost": 81236.03,
      "Total Cost": 81236.04,
      "Plan Rows": 1,
      "Plan Width": 8,
      "Actual Startup Time": 393.106,
      "Actual Total Time": 409.662,
      "Actual Rows": 1,
      "Actual Loops": 1,
      "Plans": [
        {
          "Node Type": "Gather",
          "Parent Relationship": "Outer",
          "Parallel Aware": false,
          "Startup Cost": 81235.71,
          "Total Cost": 81236.02,
          "Plan Rows": 3,
          "Plan Width": 8,
          "Actual Startup Time": 388.35,
          "Actual Total Time": 409.64,
          "Actual Rows": 4,
          "Actual Loops": 1,
          "Workers Planned": 3,
          "Workers Launched": 3,
          "Single Copy": false,
          "Plans": [
            {
              "Node Type": "Aggregate",
              "Strategy": "Plain",
              "Partial Mode": "Partial",
              "Parent Relationship": "Outer",
              "Parallel Aware": false,
              "Startup Cost": 80235.71,
              "Total Cost": 80235.72,
              "Plan Rows": 1,
              "Plan Width": 8,
              "Actual Startup Time": 377.355,
              "Actual Total Time": 377.358,
              "Actual Rows": 1,
              "Actual Loops": 4,
              "Plans": [
                {
                  "Node Type": "Hash Join",
                  "Parent Relationship": "Outer",
                  "Parallel Aware": true,
                  "Join Type": "Inner",
                  "Startup Cost": 48100.0,
                  "Total Cost": 79993.4,
                  "Plan Rows": 96927,
                  "Plan Width": 0,
                  "Actual Startup Time": 286.276,
                  "Actual Total Time": 374.86,
                  "Actual Rows": 47403,
                  "Actual Loops": 4,
                  "Inner Unique": true,
                  "Hash Cond": "(mc.movie_id = t.id)",
                  "Plans": [
                    {
                      "Node Type": "Seq Scan",
                      "Parent Relationship": "Outer",
                      "Parallel Aware": true,
                      "Relation Name": "movie_companies",
                      "Alias": "mc",
                      "Startup Cost": 0.0,
                      "Total Cost": 31414.82,
                      "Plan Rows": 182317,
                      "Plan Width": 4,
                      "Actual Startup Time": 10.981,
                      "Actual Total Time": 70.573,
                      "Actual Rows": 69795,
                      "Actual Loops": 4,
                      "Filter": "((company_id > 13167) AND (company_type_id = 1))",
                      "Rows Removed by Filter": 582487
                    },
                    {
                      "Node Type": "Hash",
                      "Parent Relationship": "Inner",
                      "Parallel Aware": true,
                      "Startup Cost": 43899.32,
                      "Total Cost": 43899.32,
                      "Plan Rows": 336054,
                      "Plan Width": 4,
                      "Actual Startup Time": 268.267,
                      "Actual Total Time": 268.268,
                      "Actual Rows": 337073,
                      "Actual Loops": 4,
                      "Hash Buckets": 2097152,
                      "Original Hash Buckets": 2097152,
                      "Hash Batches": 1,
                      "Original Hash Batches": 1,
                      "Peak Memory Usage": 69184,
                      "Plans": [
                        {
                          "Node Type": "Seq Scan",
                          "Parent Relationship": "Outer",
                          "Parallel Aware": true,
                          "Relation Name": "title",
                          "Alias": "t",
                          "Startup Cost": 0.0,
                          "Total Cost": 43899.32,
                          "Plan Rows": 336054,
                          "Plan Width": 4,
                          "Actual Startup Time": 0.048,
                          "Actual Total Time": 122.756,
                          "Actual Rows": 337073,
                          "Actual Loops": 4,
                          "Filter": "(production_year < 2005)",
                          "Rows Removed by Filter": 295005
                        }
                      ]
                    }
                  ]
                }
              ]
            }
          ]
        }
      ]
    },
    "Planning Time": 0.621,
    "Triggers": [],
    "Execution Time": 409.722
  }
]