{
  "Plan": {
    "Node Type": "Aggregate",
    "Strategy": "Plain",
    "Partial Mode": "Finalize",
    "Parallel Aware": false,
    "Startup Cost": 119552.26,
    "Total Cost": 119552.27,
    "Plan Rows": 1,
    "Plan Width": 8,
    "Actual Startup Time": 510.932,
    "Actual Total Time": 524.406,
    "Actual Rows": 1,
    "Actual Loops": 1,
    "Plans": [
      {
        "Node Type": "Gather",
        "Parent Relationship": "Outer",
        "Parallel Aware": false,
        "Startup Cost": 119552.14,
        "Total Cost": 119552.25,
        "Plan Rows": 1,
        "Plan Width": 8,
        "Actual Startup Time": 510.315,
        "Actual Total Time": 524.397,
        "Actual Rows": 2,
        "Actual Loops": 1,
        "Workers Planned": 1,
        "Workers Launched": 1,
        "Single Copy": false,
        "Plans": [
          {
            "Node Type": "Aggregate",
            "Strategy": "Plain",
            "Partial Mode": "Partial",
            "Parent Relationship": "Outer",
            "Parallel Aware": false,
            "Startup Cost": 118552.14,
            "Total Cost": 118552.15,
            "Plan Rows": 1,
            "Plan Width": 8,
            "Actual Startup Time": 504.119,
            "Actual Total Time": 504.125,
            "Actual Rows": 1,
            "Actual Loops": 2,
            "Plans": [
              {
                "Node Type": "Hash Join",
                "Parent Relationship": "Outer",
                "Parallel Aware": true,
                "Join Type": "Inner",
                "Startup Cost": 99331.09,
                "Total Cost": 118515.16,
                "Plan Rows": 14794,
                "Plan Width": 0,
                "Actual Startup Time": 378.718,
                "Actual Total Time": 501.767,
                "Actual Rows": 47942,
                "Actual Loops": 2,
                "Inner Unique": false,
                "Hash Cond": "(mi_idx.movie_id = t.id)",
                "Plans": [
                  {
                    "Node Type": "Seq Scan",
                    "Parent Relationship": "Outer",
                    "Parallel Aware": true,
                    "Relation Name": "movie_info_idx",
                    "Alias": "mi_idx",
                    "Startup Cost": 0.0,
                    "Total Cost": 16052.85,
                    "Plan Rows": 811785,
                    "Plan Width": 4,
                    "Actual Startup Time": 0.021,
                    "Actual Total Time": 59.164,
                    "Actual Rows": 690018,
                    "Actual Loops": 2
                  },
                  {
                    "Node Type": "Hash",
                    "Parent Relationship": "Inner",
                    "Parallel Aware": true,
                    "Startup Cost": 98992.32,
                    "Total Cost": 98992.32,
                    "Plan Rows": 27102,
                    "Plan Width": 8,
                    "Actual Startup Time": 374.465,
                    "Actual Total Time": 374.47,
                    "Actual Rows": 19160,
                    "Actual Loops": 2,
                    "Hash Buckets": 65536,
                    "Original Hash Buckets": 65536,
                    "Hash Batches": 1,
                    "Original Hash Batches": 1,
                    "Peak Memory Usage": 2016,
                    "Plans": [
                      {
                        "Node Type": "Hash Join",
                        "Parent Relationship": "Outer",
                        "Parallel Aware": true,
                        "Join Type": "Inner",
                        "Startup Cost": 39021.85,
                        "Total Cost": 98992.32,
                        "Plan Rows": 27102,
                        "Plan Width": 8,
                        "Actual Startup Time": 93.309,
                        "Actual Total Time": 369.771,
                        "Actual Rows": 19160,
                        "Actual Loops": 2,
                        "Inner Unique": true,
                        "Hash Cond": "(mk.movie_id = t.id)",
                        "Plans": [
                          {
                            "Node Type": "Seq Scan",
                            "Parent Relationship": "Outer",
                            "Parallel Aware": true,
                            "Relation Name": "movie_keyword",
                            "Alias": "mk",
                            "Startup Cost": 0.0,
                            "Total Cost": 57718.19,
                            "Plan Rows": 858008,
                            "Plan Width": 4,
                            "Actual Startup Time": 1.374,
                            "Actual Total Time": 204.555,
                            "Actual Rows": 732672,
                            "Actual Loops": 2,
                            "Filter": "(keyword_id > 11287)",
                            "Rows Removed by Filter": 1529292
                          },
                          {
                            "Node Type": "Hash",
                            "Parent Relationship": "Inner",
                            "Parallel Aware": true,
                            "Startup Cost": 38434.63,
                            "Total Cost": 38434.63,
                            "Plan Rows": 46978,
                            "Plan Width": 4,
                            "Actual Startup Time": 90.64,
                            "Actual Total Time": 90.642,
                            "Actual Rows": 41402,
                            "Actual Loops": 2,
                            "Hash Buckets": 131072,
                            "Original Hash Buckets": 131072,
                            "Hash Batches": 1,
                            "Original Hash Batches": 1,
                            "Peak Memory Usage": 4288,
                            "Plans": [
                              {
                                "Node Type": "Bitmap Heap Scan",
                                "Parent Relationship": "Outer",
                                "Parallel Aware": true,
                                "Relation Name": "title",
                                "Alias": "t",
                                "Startup Cost": 1636.5,
                                "Total Cost": 38434.63,
                                "Plan Rows": 46978,
                                "Plan Width": 4,
                                "Actual Startup Time": 22.181,
                                "Actual Total Time": 77.409,
                                "Actual Rows": 41402,
                                "Actual Loops": 2,
                                "Recheck Cond": "(kind_id = 2)",
                                "Rows Removed by Index Recheck": 0,
                                "Filter": "(production_year < 2012)",
                                "Rows Removed by Filter": 4024,
                                "Exact Heap Blocks": 16600,
                                "Lossy Heap Blocks": 0,
                                "Plans": [
                                  {
                                    "Node Type": "Bitmap Index Scan",
                                    "Parent Relationship": "Outer",
                                    "Parallel Aware": false,
                                    "Index Name": "kind_id_title",
                                    "Startup Cost": 0.0,
                                    "Total Cost": 1616.54,
                                    "Plan Rows": 90681,
                                    "Plan Width": 0,
                                    "Actual Startup Time": 18.294,
                                    "Actual Total Time": 18.294,
                                    "Actual Rows": 90852,
                                    "Actual Loops": 1,
                                    "Index Cond": "(kind_id = 2)"
                                  }
                                ]
                              }
                            ]
                          }
                        ]
                      }
                    ]
                  }
                ]
              }
            ]
          }
        ]
      }
    ]
  },
  "Planning Time": 1.045,
  "Triggers": [],
  "Execution Time": 524.509
}