{
  "Plan": {
    "Node Type": "Aggregate",
    "Strategy": "Plain",
    "Partial Mode": "Finalize",
    "Parallel Aware": false,
    "Startup Cost": 785223.66,
    "Total Cost": 785223.67,
    "Plan Rows": 1,
    "Plan Width": 8,
    "Actual Startup Time": 4286.858,
    "Actual Total Time": 4333.728,
    "Actual Rows": 1,
    "Actual Loops": 1,
    "Plans": [
      {
        "Node Type": "Gather",
        "Parent Relationship": "Outer",
        "Parallel Aware": false,
        "Startup Cost": 785223.55,
        "Total Cost": 785223.66,
        "Plan Rows": 1,
        "Plan Width": 8,
        "Actual Startup Time": 4284.631,
        "Actual Total Time": 4333.718,
        "Actual Rows": 2,
        "Actual Loops": 1,
        "Workers Planned": 1,
        "Workers Launched": 1,
        "Single Copy": false,
        "Plans": [
          {
            "Node Type": "Aggregate",
            "Strategy": "Plain",
            "Partial Mode": "Partial",
            "Parent Relationship": "Outer",
            "Parallel Aware": false,
            "Startup Cost": 784223.55,
            "Total Cost": 784223.56,
            "Plan Rows": 1,
            "Plan Width": 8,
            "Actual Startup Time": 4272.385,
            "Actual Total Time": 4272.389,
            "Actual Rows": 1,
            "Actual Loops": 2,
            "Plans": [
              {
                "Node Type": "Hash Join",
                "Parent Relationship": "Outer",
                "Parallel Aware": true,
                "Join Type": "Inner",
                "Startup Cost": 320602.4,
                "Total Cost": 771839.98,
                "Plan Rows": 4953425,
                "Plan Width": 0,
                "Actual Startup Time": 1856.828,
                "Actual Total Time": 4158.475,
                "Actual Rows": 2831106,
                "Actual Loops": 2,
                "Inner Unique": false,
                "Hash Cond": "(ci.movie_id = t.id)",
                "Plans": [
                  {
                    "Node Type": "Index Scan",
                    "Parent Relationship": "Outer",
                    "Parallel Aware": true,
                    "Scan Direction": "Forward",
                    "Index Name": "role_id_cast_info",
                    "Relation Name": "cast_info",
                    "Alias": "ci",
                    "Startup Cost": 0.56,
                    "Total Cost": 400977.7,
                    "Plan Rows": 5632710,
                    "Plan Width": 4,
                    "Actual Startup Time": 0.111,
                    "Actual Total Time": 976.549,
                    "Actual Rows": 6335344,
                    "Actual Loops": 2,
                    "Index Cond": "(role_id = 1)",
                    "Rows Removed by Index Recheck": 0,
                    "Filter": "(person_id < 2850488)",
                    "Rows Removed by Filter": 0
                  },
                  {
                    "Node Type": "Hash",
                    "Parent Relationship": "Inner",
                    "Parallel Aware": true,
                    "Startup Cost": 304253.38,
                    "Total Cost": 304253.38,
                    "Plan Rows": 1307876,
                    "Plan Width": 8,
                    "Actual Startup Time": 1834.958,
                    "Actual Total Time": 1834.96,
                    "Actual Rows": 275814,
                    "Actual Loops": 2,
                    "Hash Buckets": 4194304,
                    "Original Hash Buckets": 4194304,
                    "Hash Batches": 1,
                    "Original Hash Batches": 1,
                    "Peak Memory Usage": 54368,
                    "Plans": [
                      {
                        "Node Type": "Merge Join",
                        "Parent Relationship": "Outer",
                        "Parallel Aware": false,
                        "Join Type": "Inner",
                        "Startup Cost": 14.66,
                        "Total Cost": 304253.38,
                        "Plan Rows": 1307876,
                        "Plan Width": 8,
                        "Actual Startup Time": 5.361,
                        "Actual Total Time": 1770.157,
                        "Actual Rows": 275814,
                        "Actual Loops": 2,
                        "Inner Unique": true,
                        "Merge Cond": "(mk.movie_id = t.id)",
                        "Plans": [
                          {
                            "Node Type": "Index Only Scan",
                            "Parent Relationship": "Outer",
                            "Parallel Aware": true,
                            "Scan Direction": "Forward",
                            "Index Name": "movie_id_movie_keyword",
                            "Relation Name": "movie_keyword",
                            "Alias": "mk",
                            "Startup Cost": 0.43,
                            "Total Cost": 158560.11,
                            "Plan Rows": 2661135,
                            "Plan Width": 4,
                            "Actual Startup Time": 0.088,
                            "Actual Total Time": 428.174,
                            "Actual Rows": 2261965,
                            "Actual Loops": 2,
                            "Heap Fetches": 4523930
                          },
                          {
                            "Node Type": "Index Scan",
                            "Parent Relationship": "Inner",
                            "Parallel Aware": false,
                            "Scan Direction": "Forward",
                            "Index Name": "title_pkey",
                            "Relation Name": "title",
                            "Alias": "t",
                            "Startup Cost": 0.43,
                            "Total Cost": 122981.43,
                            "Plan Rows": 1242588,
                            "Plan Width": 4,
                            "Actual Startup Time": 0.124,
                            "Actual Total Time": 1146.46,
                            "Actual Rows": 1324570,
                            "Actual Loops": 2,
                            "Filter": "((production_year > 1973) AND (kind_id = 7))",
                            "Rows Removed by Filter": 1201734
                          }
                        ]
                      }
                    ]
                  }
                ]
              }
            ]
          }
        ]
      }
    ]
  },
  "Planning Time": 0.924,
  "Triggers": [],
  "Execution Time": 4333.836
}