[
  {
    "Plan": {
      "Node Type": "Aggregate",
      "Strategy": "Plain",
      "Partial Mode": "Finalize",
      "Parallel Aware": false,
      "Startup Cost": 93305.53,
      "Total Cost": 93305.54,
      "Plan Rows": 1,
      "Plan Width": 8,
      "Actual Startup Time": 350.919,
      "Actual Total Time": 366.758,
      "Actual Rows": 1,
      "Actual Loops": 1,
      "Plans": [
        {
          "Node Type": "Gather",
          "Parent Relationship": "Outer",
          "Parallel Aware": false,
          "Startup Cost": 93305.21,
          "Total Cost": 93305.52,
          "Plan Rows": 3,
          "Plan Width": 8,
          "Actual Startup Time": 346.155,
          "Actual Total Time": 366.748,
          "Actual Rows": 4,
          "Actual Loops": 1,
          "Workers Planned": 3,
          "Workers Launched": 3,
          "Single Copy": false,
          "Plans": [
            {
              "Node Type": "Aggregate",
              "Strategy": "Plain",
              "Partial Mode": "Partial",
              "Parent Relationship": "Outer",
              "Parallel Aware": false,
              "Startup Cost": 92305.21,
              "Total Cost": 92305.22,
              "Plan Rows": 1,
              "Plan Width": 8,
              "Actual Startup Time": 337.212,
              "Actual Total Time": 337.215,
              "Actual Rows": 1,
              "Actual Loops": 4,
              "Plans": [
                {
                  "Node Type": "Hash Join",
                  "Parent Relationship": "Outer",
                  "Parallel Aware": true,
                  "Join Type": "Inner",
                  "Startup Cost": 47812.9,
                  "Total Cost": 91910.83,
                  "Plan Rows": 157753,
                  "Plan Width": 0,
                  "Actual Startup Time": 182.245,
                  "Actual Total Time": 335.059,
                  "Actual Rows": 49590,
                  "Actual Loops": 4,
                  "Inner Unique": true,
                  "Hash Cond": "(mk.movie_id = t.id)",
                  "Plans": [
                    {
                      "Node Type": "Seq Scan",
                      "Parent Relationship": "Outer",
                      "Parallel Aware": true,
                      "Relation Name": "movie_keyword",
                      "Alias": "mk",
                      "Startup Cost": 0.0,
                      "Total Cost": 42695.65,
                      "Plan Rows": 534201,
                      "Plan Width": 4,
                      "Actual Startup Time": 0.019,
                      "Actual Total Time": 95.8,
                      "Actual Rows": 413868,
                      "Actual Loops": 4,
                      "Filter": "(keyword_id < 2529)",
                      "Rows Removed by Filter": 717114
                    },
                    {
                      "Node Type": "Hash",
                      "Parent Relationship": "Inner",
                      "Parallel Aware": true,
                      "Startup Cost": 45479.59,
                      "Total Cost": 45479.59,
                      "Plan Rows": 186665,
                      "Plan Width": 4,
                      "Actual Startup Time": 177.629,
                      "Actual Total Time": 177.63,
                      "Actual Rows": 199160,
                      "Actual Loops": 4,
                      "Hash Buckets": 1048576,
                      "Original Hash Buckets": 1048576,
                      "Hash Batches": 1,
                      "Original Hash Batches": 1,
                      "Peak Memory Usage": 39456,
                      "Plans": [
                        {
                          "Node Type": "Seq Scan",
                          "Parent Relationship": "Outer",
                          "Parallel Aware": true,
                          "Relation Name": "title",
                          "Alias": "t",
                          "Startup Cost": 0.0,
                          "Total Cost": 45479.59,
                          "Plan Rows": 186665,
                          "Plan Width": 4,
                          "Actual Startup Time": 0.052,
                          "Actual Total Time": 105.859,
                          "Actual Rows": 199160,
                          "Actual Loops": 4,
                          "Filter": "((kind_id > 1) AND (production_year > 2005))",
                          "Rows Removed by Filter": 432918
                        }
                      ]
                    }
                  ]
                }
              ]
            }
          ]
        }
      ]
    },
    "Planning Time": 0.399,
    "Triggers": [],
    "Execution Time": 366.808
  }
]