{
  "Plan": {
    "Node Type": "Aggregate",
    "Strategy": "Plain",
    "Partial Mode": "Finalize",
    "Parallel Aware": false,
    "Startup Cost": 703282.9,
    "Total Cost": 703282.91,
    "Plan Rows": 1,
    "Plan Width": 8,
    "Actual Startup Time": 6326.661,
    "Actual Total Time": 6394.573,
    "Actual Rows": 1,
    "Actual Loops": 1,
    "Plans": [
      {
        "Node Type": "Gather",
        "Parent Relationship": "Outer",
        "Parallel Aware": false,
        "Startup Cost": 703282.79,
        "Total Cost": 703282.9,
        "Plan Rows": 1,
        "Plan Width": 8,
        "Actual Startup Time": 6321.168,
        "Actual Total Time": 6394.563,
        "Actual Rows": 2,
        "Actual Loops": 1,
        "Workers Planned": 1,
        "Workers Launched": 1,
        "Single Copy": false,
        "Plans": [
          {
            "Node Type": "Aggregate",
            "Strategy": "Plain",
            "Partial Mode": "Partial",
            "Parent Relationship": "Outer",
            "Parallel Aware": false,
            "Startup Cost": 702282.79,
            "Total Cost": 702282.8,
            "Plan Rows": 1,
            "Plan Width": 8,
            "Actual Startup Time": 6315.538,
            "Actual Total Time": 6316.811,
            "Actual Rows": 1,
            "Actual Loops": 2,
            "Plans": [
              {
                "Node Type": "Hash Join",
                "Parent Relationship": "Outer",
                "Parallel Aware": true,
                "Join Type": "Inner",
                "Startup Cost": 127580.14,
                "Total Cost": 695250.88,
                "Plan Rows": 2812764,
                "Plan Width": 0,
                "Actual Startup Time": 767.303,
                "Actual Total Time": 5311.197,
                "Actual Rows": 24263986,
                "Actual Loops": 2,
                "Inner Unique": false,
                "Hash Cond": "(ci.movie_id = t.id)",
                "Plans": [
                  {
                    "Node Type": "Seq Scan",
                    "Parent Relationship": "Outer",
                    "Parallel Aware": true,
                    "Relation Name": "cast_info",
                    "Alias": "ci",
                    "Startup Cost": 0.0,
                    "Total Cost": 519069.44,
                    "Plan Rows": 8548165,
                    "Plan Width": 4,
                    "Actual Startup Time": 0.016,
                    "Actual Total Time": 1399.476,
                    "Actual Rows": 7268296,
                    "Actual Loops": 2,
                    "Filter": "(person_id < 1432139)",
                    "Rows Removed by Filter": 10853876
                  },
                  {
                    "Node Type": "Hash",
                    "Parent Relationship": "Inner",
                    "Parallel Aware": true,
                    "Startup Cost": 121462.99,
                    "Total Cost": 121462.99,
                    "Plan Rows": 489372,
                    "Plan Width": 8,
                    "Actual Startup Time": 758.258,
                    "Actual Total Time": 759.53,
                    "Actual Rows": 872720,
                    "Actual Loops": 2,
                    "Hash Buckets": 2097152,
                    "Original Hash Buckets": 1048576,
                    "Hash Batches": 1,
                    "Original Hash Batches": 1,
                    "Peak Memory Usage": 92896,
                    "Plans": [
                      {
                        "Node Type": "Hash Join",
                        "Parent Relationship": "Outer",
                        "Parallel Aware": true,
                        "Join Type": "Inner",
                        "Startup Cost": 57892.54,
                        "Total Cost": 121462.99,
                        "Plan Rows": 489372,
                        "Plan Width": 8,
                        "Actual Startup Time": 221.952,
                        "Actual Total Time": 590.28,
                        "Actual Rows": 872720,
                        "Actual Loops": 2,
                        "Inner Unique": true,
                        "Hash Cond": "(mk.movie_id = t.id)",
                        "Plans": [
                          {
                            "Node Type": "Seq Scan",
                            "Parent Relationship": "Outer",
                            "Parallel Aware": true,
                            "Relation Name": "movie_keyword",
                            "Alias": "mk",
                            "Startup Cost": 0.0,
                            "Total Cost": 57718.19,
                            "Plan Rows": 2229428,
                            "Plan Width": 4,
                            "Actual Startup Time": 0.05,
                            "Actual Total Time": 207.312,
                            "Actual Rows": 1890326,
                            "Actual Loops": 2,
                            "Filter": "(keyword_id > 674)",
                            "Rows Removed by Filter": 371640
                          },
                          {
                            "Node Type": "Hash",
                            "Parent Relationship": "Inner",
                            "Parallel Aware": true,
                            "Startup Cost": 53811.85,
                            "Total Cost": 53811.85,
                            "Plan Rows": 326455,
                            "Plan Width": 4,
                            "Actual Startup Time": 152.808,
                            "Actual Total Time": 152.81,
                            "Actual Rows": 217078,
                            "Actual Loops": 2,
                            "Hash Buckets": 1048576,
                            "Original Hash Buckets": 1048576,
                            "Hash Batches": 1,
                            "Original Hash Batches": 1,
                            "Peak Memory Usage": 25184,
                            "Plans": [
                              {
                                "Node Type": "Bitmap Heap Scan",
                                "Parent Relationship": "Outer",
                                "Parallel Aware": true,
                                "Relation Name": "title",
                                "Alias": "t",
                                "Startup Cost": 11961.59,
                                "Total Cost": 53811.85,
                                "Plan Rows": 326455,
                                "Plan Width": 4,
                                "Actual Startup Time": 25.34,
                                "Actual Total Time": 93.943,
                                "Actual Rows": 217078,
                                "Actual Loops": 2,
                                "Recheck Cond": "(kind_id = 1)",
                                "Rows Removed by Index Recheck": 0,
                                "Filter": "(production_year > 1968)",
                                "Rows Removed by Filter": 114334,
                                "Exact Heap Blocks": 7974,
                                "Lossy Heap Blocks": 0,
                                "Plans": [
                                  {
                                    "Node Type": "Bitmap Index Scan",
                                    "Parent Relationship": "Outer",
                                    "Parallel Aware": false,
                                    "Index Name": "kind_id_title",
                                    "Startup Cost": 0.0,
                                    "Total Cost": 11822.85,
                                    "Plan Rows": 663256,
                                    "Plan Width": 0,
                                    "Actual Startup Time": 23.454,
                                    "Actual Total Time": 23.454,
                                    "Actual Rows": 662825,
                                    "Actual Loops": 1,
                                    "Index Cond": "(kind_id = 1)"
                                  }
                                ]
                              }
                            ]
                          }
                        ]
                      }
                    ]
                  }
                ]
              }
            ]
          }
        ]
      }
    ]
  },
  "Planning Time": 0.987,
  "Triggers": [],
  "Execution Time": 6394.688
}