[
  {
    "Plan": {
      "Node Type": "Aggregate",
      "Strategy": "Plain",
      "Partial Mode": "Finalize",
      "Parallel Aware": false,
      "Startup Cost": 76463.98,
      "Total Cost": 76463.99,
      "Plan Rows": 1,
      "Plan Width": 8,
      "Actual Startup Time": 490.08,
      "Actual Total Time": 507.621,
      "Actual Rows": 1,
      "Actual Loops": 1,
      "Plans": [
        {
          "Node Type": "Gather",
          "Parent Relationship": "Outer",
          "Parallel Aware": false,
          "Startup Cost": 76463.67,
          "Total Cost": 76463.98,
          "Plan Rows": 3,
          "Plan Width": 8,
          "Actual Startup Time": 476.712,
          "Actual Total Time": 507.613,
          "Actual Rows": 4,
          "Actual Loops": 1,
          "Workers Planned": 3,
          "Workers Launched": 3,
          "Single Copy": false,
          "Plans": [
            {
              "Node Type": "Aggregate",
              "Strategy": "Plain",
              "Partial Mode": "Partial",
              "Parent Relationship": "Outer",
              "Parallel Aware": false,
              "Startup Cost": 75463.67,
              "Total Cost": 75463.68,
              "Plan Rows": 1,
              "Plan Width": 8,
              "Actual Startup Time": 464.984,
              "Actual Total Time": 464.988,
              "Actual Rows": 1,
              "Actual Loops": 4,
              "Plans": [
                {
                  "Node Type": "Hash Join",
                  "Parent Relationship": "Outer",
                  "Parallel Aware": true,
                  "Join Type": "Inner",
                  "Startup Cost": 55332.7,
                  "Total Cost": 75273.46,
                  "Plan Rows": 76083,
                  "Plan Width": 0,
                  "Actual Startup Time": 414.424,
                  "Actual Total Time": 461.39,
                  "Actual Rows": 58302,
                  "Actual Loops": 4,
                  "Inner Unique": true,
                  "Hash Cond": "(mc.movie_id = t.id)",
                  "Plans": [
                    {
                      "Node Type": "Bitmap Heap Scan",
                      "Parent Relationship": "Outer",
                      "Parallel Aware": true,
                      "Relation Name": "movie_companies",
                      "Alias": "mc",
                      "Startup Cost": 5112.32,
                      "Total Cost": 24853.36,
                      "Plan Rows": 76083,
                      "Plan Width": 4,
                      "Actual Startup Time": 15.819,
                      "Actual Total Time": 31.985,
                      "Actual Rows": 58302,
                      "Actual Loops": 4,
                      "Recheck Cond": "(company_id > 104665)",
                      "Rows Removed by Index Recheck": 0,
                      "Exact Heap Blocks": 1477,
                      "Lossy Heap Blocks": 0,
                      "Plans": [
                        {
                          "Node Type": "Bitmap Index Scan",
                          "Parent Relationship": "Outer",
                          "Parallel Aware": false,
                          "Index Name": "company_id_movie_companies",
                          "Startup Cost": 0.0,
                          "Total Cost": 5053.36,
                          "Plan Rows": 235857,
                          "Plan Width": 0,
                          "Actual Startup Time": 14.764,
                          "Actual Total Time": 14.765,
                          "Actual Rows": 233210,
                          "Actual Loops": 1,
                          "Index Cond": "(company_id > 104665)"
                        }
                      ]
                    },
                    {
                      "Node Type": "Hash",
                      "Parent Relationship": "Inner",
                      "Parallel Aware": true,
                      "Startup Cost": 42319.06,
                      "Total Cost": 42319.06,
                      "Plan Rows": 632106,
                      "Plan Width": 4,
                      "Actual Startup Time": 389.914,
                      "Actual Total Time": 389.915,
                      "Actual Rows": 632078,
                      "Actual Loops": 4,
                      "Hash Buckets": 4194304,
                      "Original Hash Buckets": 4194304,
                      "Hash Batches": 1,
                      "Original Hash Batches": 1,
                      "Peak Memory Usage": 131744,
                      "Plans": [
                        {
                          "Node Type": "Seq Scan",
                          "Parent Relationship": "Outer",
                          "Parallel Aware": true,
                          "Relation Name": "title",
                          "Alias": "t",
                          "Startup Cost": 0.0,
                          "Total Cost": 42319.06,
                          "Plan Rows": 632106,
                          "Plan Width": 4,
                          "Actual Startup Time": 0.037,
                          "Actual Total Time": 118.676,
                          "Actual Rows": 632078,
                          "Actual Loops": 4
                        }
                      ]
                    }
                  ]
                }
              ]
            }
          ]
        }
      ]
    },
    "Planning Time": 0.301,
    "Triggers": [],
    "Execution Time": 507.67
  }
]