{
  "Plan": {
    "Node Type": "Aggregate",
    "Strategy": "Plain",
    "Partial Mode": "Finalize",
    "Parallel Aware": false,
    "Startup Cost": 71658.85,
    "Total Cost": 71658.86,
    "Plan Rows": 1,
    "Plan Width": 8,
    "Actual Startup Time": 53.195,
    "Actual Total Time": 59.056,
    "Actual Rows": 1,
    "Actual Loops": 1,
    "Plans": [
      {
        "Node Type": "Gather",
        "Parent Relationship": "Outer",
        "Parallel Aware": false,
        "Startup Cost": 71658.74,
        "Total Cost": 71658.85,
        "Plan Rows": 1,
        "Plan Width": 8,
        "Actual Startup Time": 52.783,
        "Actual Total Time": 59.049,
        "Actual Rows": 2,
        "Actual Loops": 1,
        "Workers Planned": 1,
        "Workers Launched": 1,
        "Single Copy": false,
        "Plans": [
          {
            "Node Type": "Aggregate",
            "Strategy": "Plain",
            "Partial Mode": "Partial",
            "Parent Relationship": "Outer",
            "Parallel Aware": false,
            "Startup Cost": 70658.74,
            "Total Cost": 70658.75,
            "Plan Rows": 1,
            "Plan Width": 8,
            "Actual Startup Time": 46.624,
            "Actual Total Time": 46.626,
            "Actual Rows": 1,
            "Actual Loops": 2,
            "Plans": [
              {
                "Node Type": "Nested Loop",
                "Parent Relationship": "Outer",
                "Parallel Aware": false,
                "Join Type": "Inner",
                "Startup Cost": 298.38,
                "Total Cost": 70651.32,
                "Plan Rows": 2968,
                "Plan Width": 0,
                "Actual Startup Time": 2.951,
                "Actual Total Time": 45.996,
                "Actual Rows": 5744,
                "Actual Loops": 2,
                "Inner Unique": false,
                "Plans": [
                  {
                    "Node Type": "Nested Loop",
                    "Parent Relationship": "Outer",
                    "Parallel Aware": false,
                    "Join Type": "Inner",
                    "Startup Cost": 297.94,
                    "Total Cost": 67124.99,
                    "Plan Rows": 508,
                    "Plan Width": 8,
                    "Actual Startup Time": 2.819,
                    "Actual Total Time": 30.209,
                    "Actual Rows": 439,
                    "Actual Loops": 2,
                    "Inner Unique": true,
                    "Plans": [
                      {
                        "Node Type": "Bitmap Heap Scan",
                        "Parent Relationship": "Outer",
                        "Parallel Aware": true,
                        "Relation Name": "movie_companies",
                        "Alias": "mc",
                        "Startup Cost": 297.51,
                        "Total Cost": 18485.72,
                        "Plan Rows": 7976,
                        "Plan Width": 4,
                        "Actual Startup Time": 1.709,
                        "Actual Total Time": 4.582,
                        "Actual Rows": 6189,
                        "Actual Loops": 2,
                        "Recheck Cond": "(company_id > 223271)",
                        "Rows Removed by Index Recheck": 0,
                        "Exact Heap Blocks": 411,
                        "Lossy Heap Blocks": 0,
                        "Plans": [
                          {
                            "Node Type": "Bitmap Index Scan",
                            "Parent Relationship": "Outer",
                            "Parallel Aware": false,
                            "Index Name": "company_id_movie_companies",
                            "Startup Cost": 0.0,
                            "Total Cost": 294.12,
                            "Plan Rows": 13559,
                            "Plan Width": 0,
                            "Actual Startup Time": 3.016,
                            "Actual Total Time": 3.017,
                            "Actual Rows": 12378,
                            "Actual Loops": 1,
                            "Index Cond": "(company_id > 223271)"
                          }
                        ]
                      },
                      {
                        "Node Type": "Index Scan",
                        "Parent Relationship": "Inner",
                        "Parallel Aware": false,
                        "Scan Direction": "Forward",
                        "Index Name": "title_pkey",
                        "Relation Name": "title",
                        "Alias": "t",
                        "Startup Cost": 0.43,
                        "Total Cost": 6.1,
                        "Plan Rows": 1,
                        "Plan Width": 4,
                        "Actual Startup Time": 0.004,
                        "Actual Total Time": 0.004,
                        "Actual Rows": 0,
                        "Actual Loops": 12378,
                        "Index Cond": "(id = mc.movie_id)",
                        "Rows Removed by Index Recheck": 0,
                        "Filter": "(production_year = 2012)",
                        "Rows Removed by Filter": 1
                      }
                    ]
                  },
                  {
                    "Node Type": "Index Only Scan",
                    "Parent Relationship": "Inner",
                    "Parallel Aware": false,
                    "Scan Direction": "Forward",
                    "Index Name": "movie_id_movie_info",
                    "Relation Name": "movie_info",
                    "Alias": "mi",
                    "Startup Cost": 0.43,
                    "Total Cost": 6.52,
                    "Plan Rows": 42,
                    "Plan Width": 4,
                    "Actual Startup Time": 0.01,
                    "Actual Total Time": 0.033,
                    "Actual Rows": 13,
                    "Actual Loops": 878,
                    "Index Cond": "(movie_id = t.id)",
                    "Rows Removed by Index Recheck": 0,
                    "Heap Fetches": 11487
                  }
                ]
              }
            ]
          }
        ]
      }
    ]
  },
  "Planning Time": 1.03,
  "Triggers": [],
  "Execution Time": 59.15
}