[
  {
    "Plan": {
      "Node Type": "Aggregate",
      "Strategy": "Plain",
      "Partial Mode": "Finalize",
      "Parallel Aware": false,
      "Startup Cost": 106416.29,
      "Total Cost": 106416.3,
      "Plan Rows": 1,
      "Plan Width": 8,
      "Actual Startup Time": 131.724,
      "Actual Total Time": 155.199,
      "Actual Rows": 1,
      "Actual Loops": 1,
      "Plans": [
        {
          "Node Type": "Gather",
          "Parent Relationship": "Outer",
          "Parallel Aware": false,
          "Startup Cost": 106415.87,
          "Total Cost": 106416.28,
          "Plan Rows": 4,
          "Plan Width": 8,
          "Actual Startup Time": 131.618,
          "Actual Total Time": 155.192,
          "Actual Rows": 5,
          "Actual Loops": 1,
          "Workers Planned": 4,
          "Workers Launched": 4,
          "Single Copy": false,
          "Plans": [
            {
              "Node Type": "Aggregate",
              "Strategy": "Plain",
              "Partial Mode": "Partial",
              "Parent Relationship": "Outer",
              "Parallel Aware": false,
              "Startup Cost": 105415.87,
              "Total Cost": 105415.88,
              "Plan Rows": 1,
              "Plan Width": 8,
              "Actual Startup Time": 121.772,
              "Actual Total Time": 121.773,
              "Actual Rows": 1,
              "Actual Loops": 5,
              "Plans": [
                {
                  "Node Type": "Nested Loop",
                  "Parent Relationship": "Outer",
                  "Parallel Aware": false,
                  "Join Type": "Inner",
                  "Startup Cost": 0.56,
                  "Total Cost": 105410.29,
                  "Plan Rows": 2233,
                  "Plan Width": 0,
                  "Actual Startup Time": 42.824,
                  "Actual Total Time": 121.325,
                  "Actual Rows": 5483,
                  "Actual Loops": 5,
                  "Inner Unique": false,
                  "Plans": [
                    {
                      "Node Type": "Seq Scan",
                      "Parent Relationship": "Outer",
                      "Parallel Aware": true,
                      "Relation Name": "title",
                      "Alias": "t",
                      "Startup Cost": 0.0,
                      "Total Cost": 43898.92,
                      "Plan Rows": 452,
                      "Plan Width": 4,
                      "Actual Startup Time": 35.953,
                      "Actual Total Time": 77.773,
                      "Actual Rows": 560,
                      "Actual Loops": 5,
                      "Filter": "(production_year = 1936)",
                      "Rows Removed by Filter": 505103
                    },
                    {
                      "Node Type": "Index Scan",
                      "Parent Relationship": "Inner",
                      "Parallel Aware": false,
                      "Scan Direction": "Forward",
                      "Index Name": "movie_id_cast_info",
                      "Relation Name": "cast_info",
                      "Alias": "ci",
                      "Startup Cost": 0.56,
                      "Total Cost": 135.96,
                      "Plan Rows": 13,
                      "Plan Width": 4,
                      "Actual Startup Time": 0.014,
                      "Actual Total Time": 0.076,
                      "Actual Rows": 10,
                      "Actual Loops": 2798,
                      "Index Cond": "(movie_id = t.id)",
                      "Rows Removed by Index Recheck": 0,
                      "Filter": "(role_id = 1)",
                      "Rows Removed by Filter": 9
                    }
                  ]
                }
              ]
            }
          ]
        }
      ]
    },
    "Planning Time": 0.641,
    "Triggers": [],
    "Execution Time": 155.275
  }
]