[
  {
    "Plan": {
      "Node Type": "Aggregate",
      "Strategy": "Plain",
      "Partial Mode": "Finalize",
      "Parallel Aware": false,
      "Startup Cost": 79516.31,
      "Total Cost": 79516.32,
      "Plan Rows": 1,
      "Plan Width": 8,
      "Actual Startup Time": 208.038,
      "Actual Total Time": 222.453,
      "Actual Rows": 1,
      "Actual Loops": 1,
      "Plans": [
        {
          "Node Type": "Gather",
          "Parent Relationship": "Outer",
          "Parallel Aware": false,
          "Startup Cost": 79515.99,
          "Total Cost": 79516.3,
          "Plan Rows": 3,
          "Plan Width": 8,
          "Actual Startup Time": 206.291,
          "Actual Total Time": 222.444,
          "Actual Rows": 4,
          "Actual Loops": 1,
          "Workers Planned": 3,
          "Workers Launched": 3,
          "Single Copy": false,
          "Plans": [
            {
              "Node Type": "Aggregate",
              "Strategy": "Plain",
              "Partial Mode": "Partial",
              "Parent Relationship": "Outer",
              "Parallel Aware": false,
              "Startup Cost": 78515.99,
              "Total Cost": 78516.0,
              "Plan Rows": 1,
              "Plan Width": 8,
              "Actual Startup Time": 197.987,
              "Actual Total Time": 197.99,
              "Actual Rows": 1,
              "Actual Loops": 4,
              "Plans": [
                {
                  "Node Type": "Hash Join",
                  "Parent Relationship": "Outer",
                  "Parallel Aware": true,
                  "Join Type": "Inner",
                  "Startup Cost": 46779.64,
                  "Total Cost": 78472.43,
                  "Plan Rows": 17424,
                  "Plan Width": 0,
                  "Actual Startup Time": 155.386,
                  "Actual Total Time": 197.842,
                  "Actual Rows": 2132,
                  "Actual Loops": 4,
                  "Inner Unique": true,
                  "Hash Cond": "(mc.movie_id = t.id)",
                  "Plans": [
                    {
                      "Node Type": "Seq Scan",
                      "Parent Relationship": "Outer",
                      "Parallel Aware": true,
                      "Relation Name": "movie_companies",
                      "Alias": "mc",
                      "Startup Cost": 0.0,
                      "Total Cost": 31414.82,
                      "Plan Rows": 105897,
                      "Plan Width": 4,
                      "Actual Startup Time": 19.868,
                      "Actual Total Time": 58.48,
                      "Actual Rows": 6088,
                      "Actual Loops": 4,
                      "Filter": "((company_id > 51471) AND (company_type_id < 2))",
                      "Rows Removed by Filter": 646194
                    },
                    {
                      "Node Type": "Hash",
                      "Parent Relationship": "Inner",
                      "Parallel Aware": true,
                      "Startup Cost": 45479.59,
                      "Total Cost": 45479.59,
                      "Plan Rows": 104004,
                      "Plan Width": 4,
                      "Actual Startup Time": 133.284,
                      "Actual Total Time": 133.285,
                      "Actual Rows": 129492,
                      "Actual Loops": 4,
                      "Hash Buckets": 524288,
                      "Original Hash Buckets": 524288,
                      "Hash Batches": 1,
                      "Original Hash Batches": 1,
                      "Peak Memory Usage": 24416,
                      "Plans": [
                        {
                          "Node Type": "Seq Scan",
                          "Parent Relationship": "Outer",
                          "Parallel Aware": true,
                          "Relation Name": "title",
                          "Alias": "t",
                          "Startup Cost": 0.0,
                          "Total Cost": 45479.59,
                          "Plan Rows": 104004,
                          "Plan Width": 4,
                          "Actual Startup Time": 0.066,
                          "Actual Total Time": 97.799,
                          "Actual Rows": 129492,
                          "Actual Loops": 4,
                          "Filter": "((kind_id < 7) AND (production_year < 2001))",
                          "Rows Removed by Filter": 502586
                        }
                      ]
                    }
                  ]
                }
              ]
            }
          ]
        }
      ]
    },
    "Planning Time": 0.286,
    "Triggers": [],
    "Execution Time": 222.487
  }
]