[
  {
    "Plan": {
      "Node Type": "Aggregate",
      "Strategy": "Plain",
      "Partial Mode": "Finalize",
      "Parallel Aware": false,
      "Startup Cost": 81693.34,
      "Total Cost": 81693.35,
      "Plan Rows": 1,
      "Plan Width": 8,
      "Actual Startup Time": 273.803,
      "Actual Total Time": 287.138,
      "Actual Rows": 1,
      "Actual Loops": 1,
      "Plans": [
        {
          "Node Type": "Gather",
          "Parent Relationship": "Outer",
          "Parallel Aware": false,
          "Startup Cost": 81693.02,
          "Total Cost": 81693.33,
          "Plan Rows": 3,
          "Plan Width": 8,
          "Actual Startup Time": 271.381,
          "Actual Total Time": 287.131,
          "Actual Rows": 4,
          "Actual Loops": 1,
          "Workers Planned": 3,
          "Workers Launched": 3,
          "Single Copy": false,
          "Plans": [
            {
              "Node Type": "Aggregate",
              "Strategy": "Plain",
              "Partial Mode": "Partial",
              "Parent Relationship": "Outer",
              "Parallel Aware": false,
              "Startup Cost": 80693.02,
              "Total Cost": 80693.03,
              "Plan Rows": 1,
              "Plan Width": 8,
              "Actual Startup Time": 261.534,
              "Actual Total Time": 261.538,
              "Actual Rows": 1,
              "Actual Loops": 4,
              "Plans": [
                {
                  "Node Type": "Nested Loop",
                  "Parent Relationship": "Outer",
                  "Parallel Aware": false,
                  "Join Type": "Inner",
                  "Startup Cost": 21699.76,
                  "Total Cost": 80668.63,
                  "Plan Rows": 9756,
                  "Plan Width": 0,
                  "Actual Startup Time": 131.902,
                  "Actual Total Time": 259.66,
                  "Actual Rows": 34038,
                  "Actual Loops": 4,
                  "Inner Unique": true,
                  "Plans": [
                    {
                      "Node Type": "Hash Join",
                      "Parent Relationship": "Outer",
                      "Parallel Aware": true,
                      "Join Type": "Inner",
                      "Startup Cost": 21699.33,
                      "Total Cost": 46806.26,
                      "Plan Rows": 52744,
                      "Plan Width": 8,
                      "Actual Startup Time": 131.827,
                      "Actual Total Time": 165.945,
                      "Actual Rows": 34038,
                      "Actual Loops": 4,
                      "Inner Unique": false,
                      "Hash Cond": "(mk.movie_id = mi_idx.movie_id)",
                      "Plans": [
                        {
                          "Node Type": "Bitmap Heap Scan",
                          "Parent Relationship": "Outer",
                          "Parallel Aware": true,
                          "Relation Name": "movie_keyword",
                          "Alias": "mk",
                          "Startup Cost": 1756.84,
                          "Total Cost": 26544.04,
                          "Plan Rows": 26656,
                          "Plan Width": 4,
                          "Actual Startup Time": 8.904,
                          "Actual Total Time": 31.193,
                          "Actual Rows": 20306,
                          "Actual Loops": 4,
                          "Recheck Cond": "(keyword_id > 87437)",
                          "Rows Removed by Index Recheck": 0,
                          "Exact Heap Blocks": 4974,
                          "Lossy Heap Blocks": 0,
                          "Plans": [
                            {
                              "Node Type": "Bitmap Index Scan",
                              "Parent Relationship": "Outer",
                              "Parallel Aware": false,
                              "Index Name": "keyword_id_movie_keyword",
                              "Startup Cost": 0.0,
                              "Total Cost": 1736.18,
                              "Plan Rows": 82633,
                              "Plan Width": 0,
                              "Actual Startup Time": 6.529,
                              "Actual Total Time": 6.53,
                              "Actual Rows": 81222,
                              "Actual Loops": 1,
                              "Index Cond": "(keyword_id > 87437)"
                            }
                          ]
                        },
                        {
                          "Node Type": "Hash",
                          "Parent Relationship": "Inner",
                          "Parallel Aware": true,
                          "Startup Cost": 15122.68,
                          "Total Cost": 15122.68,
                          "Plan Rows": 385585,
                          "Plan Width": 4,
                          "Actual Startup Time": 118.123,
                          "Actual Total Time": 118.124,
                          "Actual Rows": 230028,
                          "Actual Loops": 4,
                          "Hash Buckets": 1048576,
                          "Original Hash Buckets": 1048576,
                          "Hash Batches": 1,
                          "Original Hash Batches": 1,
                          "Peak Memory Usage": 44256,
                          "Plans": [
                            {
                              "Node Type": "Seq Scan",
                              "Parent Relationship": "Outer",
                              "Parallel Aware": true,
                              "Relation Name": "movie_info_idx",
                              "Alias": "mi_idx",
                              "Startup Cost": 0.0,
                              "Total Cost": 15122.68,
                              "Plan Rows": 385585,
                              "Plan Width": 4,
                              "Actual Startup Time": 0.065,
                              "Actual Total Time": 49.511,
                              "Actual Rows": 230028,
                              "Actual Loops": 4,
                              "Filter": "(info_type_id > 99)",
                              "Rows Removed by Filter": 114981
                            }
                          ]
                        }
                      ]
                    },
                    {
                      "Node Type": "Index Only Scan",
                      "Parent Relationship": "Inner",
                      "Parallel Aware": false,
                      "Scan Direction": "Forward",
                      "Index Name": "title_pkey",
                      "Relation Name": "title",
                      "Alias": "t",
                      "Startup Cost": 0.43,
                      "Total Cost": 0.64,
                      "Plan Rows": 1,
                      "Plan Width": 4,
                      "Actual Startup Time": 0.002,
                      "Actual Total Time": 0.002,
                      "Actual Rows": 1,
                      "Actual Loops": 136151,
                      "Index Cond": "(id = mi_idx.movie_id)",
                      "Rows Removed by Index Recheck": 0,
                      "Heap Fetches": 136151
                    }
                  ]
                }
              ]
            }
          ]
        }
      ]
    },
    "Planning Time": 1.296,
    "Triggers": [],
    "Execution Time": 287.255
  }
]