[
    {
        "Bao": {
            "Bao prediction": "NaN",
            "Bao recommended hint": "(no hint)"
        }
    },
    {
        "Plan": {
            "Node Type": "Aggregate",
            "Strategy": "Plain",
            "Partial Mode": "Finalize",
            "Parallel Aware": false,
            "Startup Cost": 169202.16,
            "Total Cost": 169202.17,
            "Plan Rows": 1,
            "Plan Width": 8,
            "Actual Startup Time": 105.616,
            "Actual Total Time": 113.094,
            "Actual Rows": 1,
            "Actual Loops": 1,
            "Output": [
                "count(*)"
            ],
            "Plans": [
                {
                    "Node Type": "Gather",
                    "Parent Relationship": "Outer",
                    "Parallel Aware": false,
                    "Startup Cost": 169201.74,
                    "Total Cost": 169202.15,
                    "Plan Rows": 4,
                    "Plan Width": 8,
                    "Actual Startup Time": 105.094,
                    "Actual Total Time": 113.086,
                    "Actual Rows": 5,
                    "Actual Loops": 1,
                    "Output": [
                        "(PARTIAL count(*))"
                    ],
                    "Workers Planned": 4,
                    "Workers Launched": 4,
                    "Single Copy": false,
                    "Plans": [
                        {
                            "Node Type": "Aggregate",
                            "Strategy": "Plain",
                            "Partial Mode": "Partial",
                            "Parent Relationship": "Outer",
                            "Parallel Aware": false,
                            "Startup Cost": 168201.74,
                            "Total Cost": 168201.75,
                            "Plan Rows": 1,
                            "Plan Width": 8,
                            "Actual Startup Time": 95.021,
                            "Actual Total Time": 95.024,
                            "Actual Rows": 1,
                            "Actual Loops": 5,
                            "Output": [
                                "PARTIAL count(*)"
                            ],
                            "Workers": [
                                {
                                    "Worker Number": 0,
                                    "Actual Startup Time": 92.166,
                                    "Actual Total Time": 92.169,
                                    "Actual Rows": 1,
                                    "Actual Loops": 1
                                },
                                {
                                    "Worker Number": 1,
                                    "Actual Startup Time": 92.134,
                                    "Actual Total Time": 92.138,
                                    "Actual Rows": 1,
                                    "Actual Loops": 1
                                },
                                {
                                    "Worker Number": 2,
                                    "Actual Startup Time": 92.879,
                                    "Actual Total Time": 92.882,
                                    "Actual Rows": 1,
                                    "Actual Loops": 1
                                },
                                {
                                    "Worker Number": 3,
                                    "Actual Startup Time": 93.278,
                                    "Actual Total Time": 93.28,
                                    "Actual Rows": 1,
                                    "Actual Loops": 1
                                }
                            ],
                            "Plans": [
                                {
                                    "Node Type": "Hash Join",
                                    "Parent Relationship": "Outer",
                                    "Parallel Aware": true,
                                    "Join Type": "Inner",
                                    "Startup Cost": 46826.31,
                                    "Total Cost": 168200.76,
                                    "Plan Rows": 391,
                                    "Plan Width": 0,
                                    "Actual Startup Time": 89.635,
                                    "Actual Total Time": 94.993,
                                    "Actual Rows": 264,
                                    "Actual Loops": 5,
                                    "Inner Unique": true,
                                    "Hash Cond": "(mi.movie_id = t.id)",
                                    "Workers": [
                                        {
                                            "Worker Number": 0,
                                            "Actual Startup Time": 87.316,
                                            "Actual Total Time": 92.136,
                                            "Actual Rows": 170,
                                            "Actual Loops": 1
                                        },
                                        {
                                            "Worker Number": 1,
                                            "Actual Startup Time": 87.152,
                                            "Actual Total Time": 92.105,
                                            "Actual Rows": 181,
                                            "Actual Loops": 1
                                        },
                                        {
                                            "Worker Number": 2,
                                            "Actual Startup Time": 87.36,
                                            "Actual Total Time": 92.853,
                                            "Actual Rows": 269,
                                            "Actual Loops": 1
                                        },
                                        {
                                            "Worker Number": 3,
                                            "Actual Startup Time": 86.522,
                                            "Actual Total Time": 93.251,
                                            "Actual Rows": 277,
                                            "Actual Loops": 1
                                        }
                                    ],
                                    "Plans": [
                                        {
                                            "Node Type": "Bitmap Heap Scan",
                                            "Parent Relationship": "Outer",
                                            "Parallel Aware": true,
                                            "Relation Name": "movie_info",
                                            "Schema": "public",
                                            "Alias": "mi",
                                            "Startup Cost": 1152.15,
                                            "Total Cost": 122484.97,
                                            "Plan Rows": 15862,
                                            "Plan Width": 4,
                                            "Actual Startup Time": 3.564,
                                            "Actual Total Time": 11.356,
                                            "Actual Rows": 12226,
                                            "Actual Loops": 5,
                                            "Output": [
                                                "mi.id",
                                                "mi.movie_id",
                                                "mi.info_type_id",
                                                "mi.info",
                                                "mi.note"
                                            ],
                                            "Recheck Cond": "(mi.info_type_id = 103)",
                                            "Rows Removed by Index Recheck": 0,
                                            "Exact Heap Blocks": 1734,
                                            "Lossy Heap Blocks": 0,
                                            "Workers": [
                                                {
                                                    "Worker Number": 0,
                                                    "Actual Startup Time": 3.634,
                                                    "Actual Total Time": 11.633,
                                                    "Actual Rows": 8642,
                                                    "Actual Loops": 1
                                                },
                                                {
                                                    "Worker Number": 1,
                                                    "Actual Startup Time": 3.631,
                                                    "Actual Total Time": 11.467,
                                                    "Actual Rows": 6806,
                                                    "Actual Loops": 1
                                                },
                                                {
                                                    "Worker Number": 2,
                                                    "Actual Startup Time": 3.43,
                                                    "Actual Total Time": 11.414,
                                                    "Actual Rows": 13206,
                                                    "Actual Loops": 1
                                                },
                                                {
                                                    "Worker Number": 3,
                                                    "Actual Startup Time": 3.629,
                                                    "Actual Total Time": 11.522,
                                                    "Actual Rows": 13502,
                                                    "Actual Loops": 1
                                                }
                                            ],
                                            "Plans": [
                                                {
                                                    "Node Type": "Bitmap Index Scan",
                                                    "Parent Relationship": "Outer",
                                                    "Parallel Aware": false,
                                                    "Index Name": "info_type_id_movie_info",
                                                    "Startup Cost": 0.0,
                                                    "Total Cost": 1136.29,
                                                    "Plan Rows": 63447,
                                                    "Plan Width": 0,
                                                    "Actual Startup Time": 2.833,
                                                    "Actual Total Time": 2.834,
                                                    "Actual Rows": 61128,
                                                    "Actual Loops": 1,
                                                    "Index Cond": "(mi.info_type_id = 103)"
                                                }
                                            ]
                                        },
                                        {
                                            "Node Type": "Hash",
                                            "Parent Relationship": "Inner",
                                            "Parallel Aware": true,
                                            "Startup Cost": 45479.21,
                                            "Total Cost": 45479.21,
                                            "Plan Rows": 15596,
                                            "Plan Width": 4,
                                            "Actual Startup Time": 80.357,
                                            "Actual Total Time": 80.358,
                                            "Actual Rows": 10754,
                                            "Actual Loops": 5,
                                            "Output": [
                                                "t.id"
                                            ],
                                            "Hash Buckets": 65536,
                                            "Original Hash Buckets": 65536,
                                            "Hash Batches": 1,
                                            "Original Hash Batches": 1,
                                            "Peak Memory Usage": 2688,
                                            "Workers": [
                                                {
                                                    "Worker Number": 0,
                                                    "Actual Startup Time": 77.514,
                                                    "Actual Total Time": 77.515,
                                                    "Actual Rows": 7206,
                                                    "Actual Loops": 1
                                                },
                                                {
                                                    "Worker Number": 1,
                                                    "Actual Startup Time": 77.482,
                                                    "Actual Total Time": 77.483,
                                                    "Actual Rows": 6612,
                                                    "Actual Loops": 1
                                                },
                                                {
                                                    "Worker Number": 2,
                                                    "Actual Startup Time": 78.255,
                                                    "Actual Total Time": 78.255,
                                                    "Actual Rows": 11155,
                                                    "Actual Loops": 1
                                                },
                                                {
                                                    "Worker Number": 3,
                                                    "Actual Startup Time": 78.637,
                                                    "Actual Total Time": 78.637,
                                                    "Actual Rows": 11240,
                                                    "Actual Loops": 1
                                                }
                                            ],
                                            "Plans": [
                                                {
                                                    "Node Type": "Seq Scan",
                                                    "Parent Relationship": "Outer",
                                                    "Parallel Aware": true,
                                                    "Relation Name": "title",
                                                    "Schema": "public",
                                                    "Alias": "t",
                                                    "Startup Cost": 0.0,
                                                    "Total Cost": 45479.21,
                                                    "Plan Rows": 15596,
                                                    "Plan Width": 4,
                                                    "Actual Startup Time": 0.223,
                                                    "Actual Total Time": 76.487,
                                                    "Actual Rows": 10754,
                                                    "Actual Loops": 5,
                                                    "Output": [
                                                        "t.id"
                                                    ],
                                                    "Filter": "((t.kind_id < 7) AND (t.production_year = 2011))",
                                                    "Rows Removed by Filter": 494908,
                                                    "Workers": [
                                                        {
                                                            "Worker Number": 0,
                                                            "Actual Startup Time": 0.051,
                                                            "Actual Total Time": 73.972,
                                                            "Actual Rows": 7206,
                                                            "Actual Loops": 1
                                                        },
                                                        {
                                                            "Worker Number": 1,
                                                            "Actual Startup Time": 0.723,
                                                            "Actual Total Time": 73.774,
                                                            "Actual Rows": 6612,
                                                            "Actual Loops": 1
                                                        },
                                                        {
                                                            "Worker Number": 2,
                                                            "Actual Startup Time": 0.232,
                                                            "Actual Total Time": 74.382,
                                                            "Actual Rows": 11155,
                                                            "Actual Loops": 1
                                                        },
                                                        {
                                                            "Worker Number": 3,
                                                            "Actual Startup Time": 0.068,
                                                            "Actual Total Time": 74.683,
                                                            "Actual Rows": 11240,
                                                            "Actual Loops": 1
                                                        }
                                                    ]
                                                }
                                            ]
                                        }
                                    ]
                                }
                            ]
                        }
                    ]
                }
            ]
        },
        "Planning Time": 180.391,
        "Triggers": [],
        "Execution Time": 113.226
    }
]