[
  {
    "Plan": {
      "Node Type": "Aggregate",
      "Strategy": "Plain",
      "Partial Mode": "Finalize",
      "Parallel Aware": false,
      "Startup Cost": 530981.53,
      "Total Cost": 530981.54,
      "Plan Rows": 1,
      "Plan Width": 32,
      "Actual Startup Time": 3311.747,
      "Actual Total Time": 3441.419,
      "Actual Rows": 1,
      "Actual Loops": 1,
      "Plans": [
        {
          "Node Type": "Gather",
          "Parent Relationship": "Outer",
          "Parallel Aware": false,
          "Startup Cost": 530981.21,
          "Total Cost": 530981.52,
          "Plan Rows": 3,
          "Plan Width": 32,
          "Actual Startup Time": 3307.377,
          "Actual Total Time": 3441.401,
          "Actual Rows": 4,
          "Actual Loops": 1,
          "Workers Planned": 3,
          "Workers Launched": 3,
          "Single Copy": false,
          "Plans": [
            {
              "Node Type": "Aggregate",
              "Strategy": "Plain",
              "Partial Mode": "Partial",
              "Parent Relationship": "Outer",
              "Parallel Aware": false,
              "Startup Cost": 529981.21,
              "Total Cost": 529981.22,
              "Plan Rows": 1,
              "Plan Width": 32,
              "Actual Startup Time": 3297.23,
              "Actual Total Time": 3297.41,
              "Actual Rows": 1,
              "Actual Loops": 4,
              "Plans": [
                {
                  "Node Type": "Hash Join",
                  "Parent Relationship": "Outer",
                  "Parallel Aware": true,
                  "Join Type": "Inner",
                  "Startup Cost": 499617.44,
                  "Total Cost": 529980.84,
                  "Plan Rows": 149,
                  "Plan Width": 15,
                  "Actual Startup Time": 3077.289,
                  "Actual Total Time": 3280.858,
                  "Actual Rows": 278280,
                  "Actual Loops": 4,
                  "Inner Unique": true,
                  "Hash Cond": "(mc.company_id = cn.id)",
                  "Plans": [
                    {
                      "Node Type": "Hash Join",
                      "Parent Relationship": "Outer",
                      "Parallel Aware": true,
                      "Join Type": "Inner",
                      "Startup Cost": 493512.18,
                      "Total Cost": 523875.18,
                      "Plan Rows": 149,
                      "Plan Width": 19,
                      "Actual Startup Time": 3031.607,
                      "Actual Total Time": 3195.133,
                      "Actual Rows": 278280,
                      "Actual Loops": 4,
                      "Inner Unique": false,
                      "Hash Cond": "(mc.movie_id = ci.movie_id)",
                      "Plans": [
                        {
                          "Node Type": "Seq Scan",
                          "Parent Relationship": "Outer",
                          "Parallel Aware": true,
                          "Relation Name": "movie_companies",
                          "Alias": "mc",
                          "Startup Cost": 0.0,
                          "Total Cost": 27206.55,
                          "Plan Rows": 841655,
                          "Plan Width": 8,
                          "Actual Startup Time": 0.018,
                          "Actual Total Time": 63.598,
                          "Actual Rows": 652282,
                          "Actual Loops": 4
                        },
                        {
                          "Node Type": "Hash",
                          "Parent Relationship": "Inner",
                          "Parallel Aware": true,
                          "Startup Cost": 493511.8,
                          "Total Cost": 493511.8,
                          "Plan Rows": 31,
                          "Plan Width": 27,
                          "Actual Startup Time": 3031.304,
                          "Actual Total Time": 3031.48,
                          "Actual Rows": 37374,
                          "Actual Loops": 4,
                          "Hash Buckets": 262144,
                          "Original Hash Buckets": 1024,
                          "Hash Batches": 1,
                          "Original Hash Batches": 1,
                          "Peak Memory Usage": 13400,
                          "Plans": [
                            {
                              "Node Type": "Hash Join",
                              "Parent Relationship": "Outer",
                              "Parallel Aware": true,
                              "Join Type": "Inner",
                              "Startup Cost": 160933.52,
                              "Total Cost": 493511.8,
                              "Plan Rows": 31,
                              "Plan Width": 27,
                              "Actual Startup Time": 803.569,
                              "Actual Total Time": 2972.099,
                              "Actual Rows": 37374,
                              "Actual Loops": 4,
                              "Inner Unique": false,
                              "Hash Cond": "(ci.movie_id = t.id)",
                              "Plans": [
                                {
                                  "Node Type": "Hash Join",
                                  "Parent Relationship": "Outer",
                                  "Parallel Aware": true,
                                  "Join Type": "Inner",
                                  "Startup Cost": 70740.25,
                                  "Total Cost": 399659.0,
                                  "Plan Rows": 975864,
                                  "Plan Width": 19,
                                  "Actual Startup Time": 281.293,
                                  "Actual Total Time": 2293.814,
                                  "Actual Rows": 1214420,
                                  "Actual Loops": 4,
                                  "Inner Unique": true,
                                  "Hash Cond": "(ci.person_id = n.id)",
                                  "Plans": [
                                    {
                                      "Node Type": "Seq Scan",
                                      "Parent Relationship": "Outer",
                                      "Parallel Aware": true,
                                      "Relation Name": "cast_info",
                                      "Alias": "ci",
                                      "Startup Cost": 0.0,
                                      "Total Cost": 313068.58,
                                      "Plan Rows": 6038158,
                                      "Plan Width": 8,
                                      "Actual Startup Time": 0.016,
                                      "Actual Total Time": 983.641,
                                      "Actual Rows": 9061086,
                                      "Actual Loops": 4
                                    },
                                    {
                                      "Node Type": "Hash",
                                      "Parent Relationship": "Inner",
                                      "Parallel Aware": true,
                                      "Startup Cost": 68635.58,
                                      "Total Cost": 68635.58,
                                      "Plan Rows": 168373,
                                      "Plan Width": 19,
                                      "Actual Startup Time": 279.393,
                                      "Actual Total Time": 279.395,
                                      "Actual Rows": 134179,
                                      "Actual Loops": 4,
                                      "Hash Buckets": 1048576,
                                      "Original Hash Buckets": 1048576,
                                      "Hash Batches": 1,
                                      "Original Hash Batches": 1,
                                      "Peak Memory Usage": 37440,
                                      "Plans": [
                                        {
                                          "Node Type": "Seq Scan",
                                          "Parent Relationship": "Outer",
                                          "Parallel Aware": true,
                                          "Relation Name": "name",
                                          "Alias": "n",
                                          "Startup Cost": 0.0,
                                          "Total Cost": 68635.58,
                                          "Plan Rows": 168373,
                                          "Plan Width": 19,
                                          "Actual Startup Time": 0.043,
                                          "Actual Total Time": 208.605,
                                          "Actual Rows": 134179,
                                          "Actual Loops": 4,
                                          "Filter": "(name ~~ '%B%'::text)",
                                          "Rows Removed by Filter": 907694
                                        }
                                      ]
                                    }
                                  ]
                                },
                                {
                                  "Node Type": "Hash",
                                  "Parent Relationship": "Inner",
                                  "Parallel Aware": true,
                                  "Startup Cost": 90193.17,
                                  "Total Cost": 90193.17,
                                  "Plan Rows": 8,
                                  "Plan Width": 8,
                                  "Actual Startup Time": 521.841,
                                  "Actual Total Time": 521.849,
                                  "Actual Rows": 10460,
                                  "Actual Loops": 4,
                                  "Hash Buckets": 65536,
                                  "Original Hash Buckets": 1024,
                                  "Hash Batches": 1,
                                  "Original Hash Batches": 1,
                                  "Peak Memory Usage": 2744,
                                  "Plans": [
                                    {
                                      "Node Type": "Hash Join",
                                      "Parent Relationship": "Outer",
                                      "Parallel Aware": true,
                                      "Join Type": "Inner",
                                      "Startup Cost": 45504.47,
                                      "Total Cost": 90193.17,
                                      "Plan Rows": 8,
                                      "Plan Width": 8,
                                      "Actual Startup Time": 274.631,
                                      "Actual Total Time": 480.233,
                                      "Actual Rows": 10460,
                                      "Actual Loops": 4,
                                      "Inner Unique": false,
                                      "Hash Cond": "(t.id = mk.movie_id)",
                                      "Plans": [
                                        {
                                          "Node Type": "Seq Scan",
                                          "Parent Relationship": "Outer",
                                          "Parallel Aware": true,
                                          "Relation Name": "title",
                                          "Alias": "t",
                                          "Startup Cost": 0.0,
                                          "Total Cost": 42318.49,
                                          "Plan Rows": 632049,
                                          "Plan Width": 4,
                                          "Actual Startup Time": 0.02,
                                          "Actual Total Time": 115.267,
                                          "Actual Rows": 632078,
                                          "Actual Loops": 4
                                        },
                                        {
                                          "Node Type": "Hash",
                                          "Parent Relationship": "Inner",
                                          "Parallel Aware": true,
                                          "Startup Cost": 45504.33,
                                          "Total Cost": 45504.33,
                                          "Plan Rows": 11,
                                          "Plan Width": 4,
                                          "Actual Startup Time": 274.46,
                                          "Actual Total Time": 274.463,
                                          "Actual Rows": 10460,
                                          "Actual Loops": 4,
                                          "Hash Buckets": 65536,
                                          "Original Hash Buckets": 1024,
                                          "Hash Batches": 1,
                                          "Original Hash Batches": 1,
                                          "Peak Memory Usage": 2744,
                                          "Plans": [
                                            {
                                              "Node Type": "Hash Join",
                                              "Parent Relationship": "Outer",
                                              "Parallel Aware": false,
                                              "Join Type": "Inner",
                                              "Startup Cost": 2626.14,
                                              "Total Cost": 45504.33,
                                              "Plan Rows": 11,
                                              "Plan Width": 4,
                                              "Actual Startup Time": 16.88,
                                              "Actual Total Time": 243.475,
                                              "Actual Rows": 10460,
                                              "Actual Loops": 4,
                                              "Inner Unique": true,
                                              "Hash Cond": "(mk.keyword_id = k.id)",
                                              "Plans": [
                                                {
                                                  "Node Type": "Seq Scan",
                                                  "Parent Relationship": "Outer",
                                                  "Parallel Aware": true,
                                                  "Relation Name": "movie_keyword",
                                                  "Alias": "mk",
                                                  "Startup Cost": 0.0,
                                                  "Total Cost": 39047.32,
                                                  "Plan Rows": 1459332,
                                                  "Plan Width": 8,
                                                  "Actual Startup Time": 0.038,
                                                  "Actual Total Time": 135.035,
                                                  "Actual Rows": 1130982,
                                                  "Actual Loops": 4
                                                },
                                                {
                                                  "Node Type": "Hash",
                                                  "Parent Relationship": "Inner",
                                                  "Parallel Aware": false,
                                                  "Startup Cost": 2626.12,
                                                  "Total Cost": 2626.12,
                                                  "Plan Rows": 1,
                                                  "Plan Width": 4,
                                                  "Actual Startup Time": 16.78,
                                                  "Actual Total Time": 16.781,
                                                  "Actual Rows": 1,
                                                  "Actual Loops": 4,
                                                  "Hash Buckets": 1024,
                                                  "Original Hash Buckets": 1024,
                                                  "Hash Batches": 1,
                                                  "Original Hash Batches": 1,
                                                  "Peak Memory Usage": 9,
                                                  "Plans": [
                                                    {
                                                      "Node Type": "Seq Scan",
                                                      "Parent Relationship": "Outer",
                                                      "Parallel Aware": false,
                                                      "Relation Name": "keyword",
                                                      "Alias": "k",
                                                      "Startup Cost": 0.0,
                                                      "Total Cost": 2626.12,
                                                      "Plan Rows": 1,
                                                      "Plan Width": 4,
                                                      "Actual Startup Time": 0.927,
                                                      "Actual Total Time": 16.775,
                                                      "Actual Rows": 1,
                                                      "Actual Loops": 4,
                                                      "Filter": "(keyword = 'character-name-in-title'::text)",
                                                      "Rows Removed by Filter": 134169
                                                    }
                                                  ]
                                                }
                                              ]
                                            }
                                          ]
                                        }
                                      ]
                                    }
                                  ]
                                }
                              ]
                            }
                          ]
                        }
                      ]
                    },
                    {
                      "Node Type": "Hash",
                      "Parent Relationship": "Inner",
                      "Parallel Aware": true,
                      "Startup Cost": 4377.34,
                      "Total Cost": 4377.34,
                      "Plan Rows": 138234,
                      "Plan Width": 4,
                      "Actual Startup Time": 43.813,
                      "Actual Total Time": 43.814,
                      "Actual Rows": 58749,
                      "Actual Loops": 4,
                      "Hash Buckets": 262144,
                      "Original Hash Buckets": 262144,
                      "Hash Batches": 1,
                      "Original Hash Batches": 1,
                      "Peak Memory Usage": 11328,
                      "Plans": [
                        {
                          "Node Type": "Seq Scan",
                          "Parent Relationship": "Outer",
                          "Parallel Aware": true,
                          "Relation Name": "company_name",
                          "Alias": "cn",
                          "Startup Cost": 0.0,
                          "Total Cost": 4377.34,
                          "Plan Rows": 138234,
                          "Plan Width": 4,
                          "Actual Startup Time": 0.058,
                          "Actual Total Time": 21.369,
                          "Actual Rows": 58749,
                          "Actual Loops": 4
                        }
                      ]
                    }
                  ]
                }
              ]
            }
          ]
        }
      ]
    },
    "Planning Time": 14.794,
    "Triggers": [],
    "Execution Time": 3442.043
  }
]