{
  "Plan": {
    "Node Type": "Aggregate",
    "Strategy": "Plain",
    "Partial Mode": "Finalize",
    "Parallel Aware": false,
    "Startup Cost": 422077.91,
    "Total Cost": 422077.92,
    "Plan Rows": 1,
    "Plan Width": 8,
    "Actual Startup Time": 4386.429,
    "Actual Total Time": 4441.745,
    "Actual Rows": 1,
    "Actual Loops": 1,
    "Plans": [
      {
        "Node Type": "Gather",
        "Parent Relationship": "Outer",
        "Parallel Aware": false,
        "Startup Cost": 422077.8,
        "Total Cost": 422077.91,
        "Plan Rows": 1,
        "Plan Width": 8,
        "Actual Startup Time": 4380.182,
        "Actual Total Time": 4441.735,
        "Actual Rows": 2,
        "Actual Loops": 1,
        "Workers Planned": 1,
        "Workers Launched": 1,
        "Single Copy": false,
        "Plans": [
          {
            "Node Type": "Aggregate",
            "Strategy": "Plain",
            "Partial Mode": "Partial",
            "Parent Relationship": "Outer",
            "Parallel Aware": false,
            "Startup Cost": 421077.8,
            "Total Cost": 421077.81,
            "Plan Rows": 1,
            "Plan Width": 8,
            "Actual Startup Time": 4374.054,
            "Actual Total Time": 4374.329,
            "Actual Rows": 1,
            "Actual Loops": 2,
            "Plans": [
              {
                "Node Type": "Hash Join",
                "Parent Relationship": "Outer",
                "Parallel Aware": true,
                "Join Type": "Inner",
                "Startup Cost": 119681.51,
                "Total Cost": 415163.73,
                "Plan Rows": 2365628,
                "Plan Width": 0,
                "Actual Startup Time": 808.984,
                "Actual Total Time": 3650.775,
                "Actual Rows": 18378972,
                "Actual Loops": 2,
                "Inner Unique": false,
                "Hash Cond": "(mi.movie_id = t.id)",
                "Plans": [
                  {
                    "Node Type": "Seq Scan",
                    "Parent Relationship": "Outer",
                    "Parallel Aware": true,
                    "Relation Name": "movie_info",
                    "Alias": "mi",
                    "Startup Cost": 0.0,
                    "Total Cost": 248955.74,
                    "Plan Rows": 8696274,
                    "Plan Width": 4,
                    "Actual Startup Time": 0.016,
                    "Actual Total Time": 628.595,
                    "Actual Rows": 7417860,
                    "Actual Loops": 2
                  },
                  {
                    "Node Type": "Hash",
                    "Parent Relationship": "Inner",
                    "Parallel Aware": true,
                    "Startup Cost": 114624.41,
                    "Total Cost": 114624.41,
                    "Plan Rows": 404568,
                    "Plan Width": 8,
                    "Actual Startup Time": 798.688,
                    "Actual Total Time": 798.96,
                    "Actual Rows": 337126,
                    "Actual Loops": 2,
                    "Hash Buckets": 1048576,
                    "Original Hash Buckets": 1048576,
                    "Hash Batches": 1,
                    "Original Hash Batches": 1,
                    "Peak Memory Usage": 34592,
                    "Plans": [
                      {
                        "Node Type": "Hash Join",
                        "Parent Relationship": "Outer",
                        "Parallel Aware": true,
                        "Join Type": "Inner",
                        "Startup Cost": 84051.32,
                        "Total Cost": 114624.41,
                        "Plan Rows": 404568,
                        "Plan Width": 8,
                        "Actual Startup Time": 561.65,
                        "Actual Total Time": 724.536,
                        "Actual Rows": 337126,
                        "Actual Loops": 2,
                        "Inner Unique": true,
                        "Hash Cond": "(mk.movie_id = t.id)",
                        "Plans": [
                          {
                            "Node Type": "Bitmap Heap Scan",
                            "Parent Relationship": "Outer",
                            "Parallel Aware": true,
                            "Relation Name": "movie_keyword",
                            "Alias": "mk",
                            "Startup Cost": 14590.62,
                            "Total Cost": 44101.72,
                            "Plan Rows": 404568,
                            "Plan Width": 4,
                            "Actual Startup Time": 43.458,
                            "Actual Total Time": 119.223,
                            "Actual Rows": 337126,
                            "Actual Loops": 2,
                            "Recheck Cond": "(keyword_id > 27803)",
                            "Rows Removed by Index Recheck": 0,
                            "Exact Heap Blocks": 12823,
                            "Lossy Heap Blocks": 0,
                            "Plans": [
                              {
                                "Node Type": "Bitmap Index Scan",
                                "Parent Relationship": "Outer",
                                "Parallel Aware": false,
                                "Index Name": "keyword_id_movie_keyword",
                                "Startup Cost": 0.0,
                                "Total Cost": 14418.68,
                                "Plan Rows": 687766,
                                "Plan Width": 0,
                                "Actual Startup Time": 37.379,
                                "Actual Total Time": 37.38,
                                "Actual Rows": 674251,
                                "Actual Loops": 1,
                                "Index Cond": "(keyword_id > 27803)"
                              }
                            ]
                          },
                          {
                            "Node Type": "Hash",
                            "Parent Relationship": "Inner",
                            "Parallel Aware": true,
                            "Startup Cost": 50870.31,
                            "Total Cost": 50870.31,
                            "Plan Rows": 1487231,
                            "Plan Width": 4,
                            "Actual Startup Time": 501.582,
                            "Actual Total Time": 501.582,
                            "Actual Rows": 1264156,
                            "Actual Loops": 2,
                            "Hash Buckets": 4194304,
                            "Original Hash Buckets": 4194304,
                            "Hash Batches": 1,
                            "Original Hash Batches": 1,
                            "Peak Memory Usage": 131712,
                            "Plans": [
                              {
                                "Node Type": "Seq Scan",
                                "Parent Relationship": "Outer",
                                "Parallel Aware": true,
                                "Relation Name": "title",
                                "Alias": "t",
                                "Startup Cost": 0.0,
                                "Total Cost": 50870.31,
                                "Plan Rows": 1487231,
                                "Plan Width": 4,
                                "Actual Startup Time": 0.032,
                                "Actual Total Time": 155.152,
                                "Actual Rows": 1264156,
                                "Actual Loops": 2
                              }
                            ]
                          }
                        ]
                      }
                    ]
                  }
                ]
              }
            ]
          }
        ]
      }
    ]
  },
  "Planning Time": 0.84,
  "Triggers": [],
  "Execution Time": 4441.856
}