[
  {
    "Plan": {
      "Node Type": "Aggregate",
      "Strategy": "Plain",
      "Partial Mode": "Finalize",
      "Parallel Aware": false,
      "Startup Cost": 82205.07,
      "Total Cost": 82205.08,
      "Plan Rows": 1,
      "Plan Width": 8,
      "Actual Startup Time": 328.743,
      "Actual Total Time": 342.854,
      "Actual Rows": 1,
      "Actual Loops": 1,
      "Plans": [
        {
          "Node Type": "Gather",
          "Parent Relationship": "Outer",
          "Parallel Aware": false,
          "Startup Cost": 82204.65,
          "Total Cost": 82205.06,
          "Plan Rows": 4,
          "Plan Width": 8,
          "Actual Startup Time": 327.655,
          "Actual Total Time": 342.844,
          "Actual Rows": 5,
          "Actual Loops": 1,
          "Workers Planned": 4,
          "Workers Launched": 4,
          "Single Copy": false,
          "Plans": [
            {
              "Node Type": "Aggregate",
              "Strategy": "Plain",
              "Partial Mode": "Partial",
              "Parent Relationship": "Outer",
              "Parallel Aware": false,
              "Startup Cost": 81204.65,
              "Total Cost": 81204.66,
              "Plan Rows": 1,
              "Plan Width": 8,
              "Actual Startup Time": 317.392,
              "Actual Total Time": 317.435,
              "Actual Rows": 1,
              "Actual Loops": 5,
              "Plans": [
                {
                  "Node Type": "Nested Loop",
                  "Parent Relationship": "Outer",
                  "Parallel Aware": false,
                  "Join Type": "Inner",
                  "Startup Cost": 23775.22,
                  "Total Cost": 81174.28,
                  "Plan Rows": 12147,
                  "Plan Width": 0,
                  "Actual Startup Time": 159.58,
                  "Actual Total Time": 314.631,
                  "Actual Rows": 49713,
                  "Actual Loops": 5,
                  "Inner Unique": false,
                  "Plans": [
                    {
                      "Node Type": "Hash Join",
                      "Parent Relationship": "Outer",
                      "Parallel Aware": true,
                      "Join Type": "Inner",
                      "Startup Cost": 23774.79,
                      "Total Cost": 69325.67,
                      "Plan Rows": 22254,
                      "Plan Width": 8,
                      "Actual Startup Time": 157.987,
                      "Actual Total Time": 215.86,
                      "Actual Rows": 34193,
                      "Actual Loops": 5,
                      "Inner Unique": false,
                      "Hash Cond": "(t.id = mc.movie_id)",
                      "Plans": [
                        {
                          "Node Type": "Seq Scan",
                          "Parent Relationship": "Outer",
                          "Parallel Aware": true,
                          "Relation Name": "title",
                          "Alias": "t",
                          "Startup Cost": 0.0,
                          "Total Cost": 42318.73,
                          "Plan Rows": 632073,
                          "Plan Width": 4,
                          "Actual Startup Time": 0.013,
                          "Actual Total Time": 72.413,
                          "Actual Rows": 505662,
                          "Actual Loops": 5
                        },
                        {
                          "Node Type": "Hash",
                          "Parent Relationship": "Inner",
                          "Parallel Aware": true,
                          "Startup Cost": 23415.87,
                          "Total Cost": 23415.87,
                          "Plan Rows": 28714,
                          "Plan Width": 4,
                          "Actual Startup Time": 56.325,
                          "Actual Total Time": 56.327,
                          "Actual Rows": 34193,
                          "Actual Loops": 5,
                          "Hash Buckets": 262144,
                          "Original Hash Buckets": 131072,
                          "Hash Batches": 1,
                          "Original Hash Batches": 1,
                          "Peak Memory Usage": 9888,
                          "Plans": [
                            {
                              "Node Type": "Bitmap Heap Scan",
                              "Parent Relationship": "Outer",
                              "Parallel Aware": true,
                              "Relation Name": "movie_companies",
                              "Alias": "mc",
                              "Startup Cost": 3777.56,
                              "Total Cost": 23415.87,
                              "Plan Rows": 28714,
                              "Plan Width": 4,
                              "Actual Startup Time": 13.388,
                              "Actual Total Time": 38.011,
                              "Actual Rows": 34193,
                              "Actual Loops": 5,
                              "Recheck Cond": "(company_id > 123505)",
                              "Rows Removed by Index Recheck": 0,
                              "Filter": "(company_type_id = 2)",
                              "Rows Removed by Filter": 0,
                              "Exact Heap Blocks": 1755,
                              "Lossy Heap Blocks": 0,
                              "Plans": [
                                {
                                  "Node Type": "Bitmap Index Scan",
                                  "Parent Relationship": "Outer",
                                  "Parallel Aware": false,
                                  "Index Name": "company_id_movie_companies",
                                  "Startup Cost": 0.0,
                                  "Total Cost": 3755.31,
                                  "Plan Rows": 175317,
                                  "Plan Width": 0,
                                  "Actual Startup Time": 17.328,
                                  "Actual Total Time": 17.329,
                                  "Actual Rows": 170964,
                                  "Actual Loops": 1,
                                  "Index Cond": "(company_id > 123505)"
                                }
                              ]
                            }
                          ]
                        }
                      ]
                    },
                    {
                      "Node Type": "Index Only Scan",
                      "Parent Relationship": "Inner",
                      "Parallel Aware": false,
                      "Scan Direction": "Forward",
                      "Index Name": "movie_id_movie_info_idx",
                      "Relation Name": "movie_info_idx",
                      "Alias": "mi_idx",
                      "Startup Cost": 0.43,
                      "Total Cost": 0.5,
                      "Plan Rows": 3,
                      "Plan Width": 4,
                      "Actual Startup Time": 0.002,
                      "Actual Total Time": 0.003,
                      "Actual Rows": 1,
                      "Actual Loops": 170964,
                      "Index Cond": "(movie_id = t.id)",
                      "Rows Removed by Index Recheck": 0,
                      "Heap Fetches": 248566
                    }
                  ]
                }
              ]
            }
          ]
        }
      ]
    },
    "Planning Time": 1.419,
    "Triggers": [],
    "Execution Time": 342.964
  }
]