[
  {
    "Plan": {
      "Node Type": "Aggregate",
      "Strategy": "Plain",
      "Partial Mode": "Finalize",
      "Parallel Aware": false,
      "Startup Cost": 332950.46,
      "Total Cost": 332950.47,
      "Plan Rows": 1,
      "Plan Width": 8,
      "Actual Startup Time": 595.804,
      "Actual Total Time": 652.688,
      "Actual Rows": 1,
      "Actual Loops": 1,
      "Plans": [
        {
          "Node Type": "Gather",
          "Parent Relationship": "Outer",
          "Parallel Aware": false,
          "Startup Cost": 332949.83,
          "Total Cost": 332950.44,
          "Plan Rows": 6,
          "Plan Width": 8,
          "Actual Startup Time": 595.695,
          "Actual Total Time": 652.678,
          "Actual Rows": 7,
          "Actual Loops": 1,
          "Workers Planned": 6,
          "Workers Launched": 6,
          "Single Copy": false,
          "Plans": [
            {
              "Node Type": "Aggregate",
              "Strategy": "Plain",
              "Partial Mode": "Partial",
              "Parent Relationship": "Outer",
              "Parallel Aware": false,
              "Startup Cost": 331949.83,
              "Total Cost": 331949.84,
              "Plan Rows": 1,
              "Plan Width": 8,
              "Actual Startup Time": 587.93,
              "Actual Total Time": 587.931,
              "Actual Rows": 1,
              "Actual Loops": 7,
              "Plans": [
                {
                  "Node Type": "Seq Scan",
                  "Parent Relationship": "Outer",
                  "Parallel Aware": true,
                  "Relation Name": "cast_info",
                  "Alias": "ci",
                  "Startup Cost": 0.0,
                  "Total Cost": 328162.03,
                  "Plan Rows": 1515123,
                  "Plan Width": 0,
                  "Actual Startup Time": 295.164,
                  "Actual Total Time": 536.378,
                  "Actual Rows": 1288855,
                  "Actual Loops": 7,
                  "Filter": "(person_id > 2794519)",
                  "Rows Removed by Filter": 3888909
                }
              ]
            }
          ]
        }
      ]
    },
    "Planning Time": 0.204,
    "Triggers": [],
    "Execution Time": 652.805
  }
]