{
  "Plan": {
    "Node Type": "Aggregate",
    "Strategy": "Plain",
    "Partial Mode": "Finalize",
    "Parallel Aware": false,
    "Startup Cost": 98389.34,
    "Total Cost": 98389.35,
    "Plan Rows": 1,
    "Plan Width": 8,
    "Actual Startup Time": 517.521,
    "Actual Total Time": 527.782,
    "Actual Rows": 1,
    "Actual Loops": 1,
    "Plans": [
      {
        "Node Type": "Gather",
        "Parent Relationship": "Outer",
        "Parallel Aware": false,
        "Startup Cost": 98389.23,
        "Total Cost": 98389.34,
        "Plan Rows": 1,
        "Plan Width": 8,
        "Actual Startup Time": 515.749,
        "Actual Total Time": 527.773,
        "Actual Rows": 2,
        "Actual Loops": 1,
        "Workers Planned": 1,
        "Workers Launched": 1,
        "Single Copy": false,
        "Plans": [
          {
            "Node Type": "Aggregate",
            "Strategy": "Plain",
            "Partial Mode": "Partial",
            "Parent Relationship": "Outer",
            "Parallel Aware": false,
            "Startup Cost": 97389.23,
            "Total Cost": 97389.24,
            "Plan Rows": 1,
            "Plan Width": 8,
            "Actual Startup Time": 509.831,
            "Actual Total Time": 509.836,
            "Actual Rows": 1,
            "Actual Loops": 2,
            "Plans": [
              {
                "Node Type": "Hash Join",
                "Parent Relationship": "Outer",
                "Parallel Aware": true,
                "Join Type": "Inner",
                "Startup Cost": 37705.77,
                "Total Cost": 97191.72,
                "Plan Rows": 79003,
                "Plan Width": 0,
                "Actual Startup Time": 192.313,
                "Actual Total Time": 504.321,
                "Actual Rows": 126143,
                "Actual Loops": 2,
                "Inner Unique": false,
                "Hash Cond": "(t.id = mc.movie_id)",
                "Plans": [
                  {
                    "Node Type": "Seq Scan",
                    "Parent Relationship": "Outer",
                    "Parallel Aware": true,
                    "Relation Name": "title",
                    "Alias": "t",
                    "Startup Cost": 0.0,
                    "Total Cost": 54588.39,
                    "Plan Rows": 709255,
                    "Plan Width": 4,
                    "Actual Startup Time": 0.013,
                    "Actual Total Time": 148.926,
                    "Actual Rows": 596259,
                    "Actual Loops": 2,
                    "Filter": "(production_year > 2003)",
                    "Rows Removed by Filter": 667897
                  },
                  {
                    "Node Type": "Hash",
                    "Parent Relationship": "Inner",
                    "Parallel Aware": true,
                    "Startup Cost": 35635.01,
                    "Total Cost": 35635.01,
                    "Plan Rows": 165661,
                    "Plan Width": 4,
                    "Actual Startup Time": 186.689,
                    "Actual Total Time": 186.69,
                    "Actual Rows": 284443,
                    "Actual Loops": 2,
                    "Hash Buckets": 1048576,
                    "Original Hash Buckets": 524288,
                    "Hash Batches": 1,
                    "Original Hash Batches": 1,
                    "Peak Memory Usage": 34592,
                    "Plans": [
                      {
                        "Node Type": "Bitmap Heap Scan",
                        "Parent Relationship": "Outer",
                        "Parallel Aware": true,
                        "Relation Name": "movie_companies",
                        "Alias": "mc",
                        "Startup Cost": 11950.86,
                        "Total Cost": 35635.01,
                        "Plan Rows": 165661,
                        "Plan Width": 4,
                        "Actual Startup Time": 38.054,
                        "Actual Total Time": 97.711,
                        "Actual Rows": 284443,
                        "Actual Loops": 2,
                        "Recheck Cond": "(company_id > 71403)",
                        "Rows Removed by Index Recheck": 0,
                        "Filter": "(company_type_id > 1)",
                        "Rows Removed by Filter": 0,
                        "Exact Heap Blocks": 4344,
                        "Lossy Heap Blocks": 0,
                        "Plans": [
                          {
                            "Node Type": "Bitmap Index Scan",
                            "Parent Relationship": "Outer",
                            "Parallel Aware": false,
                            "Index Name": "company_id_movie_companies",
                            "Startup Cost": 0.0,
                            "Total Cost": 11880.45,
                            "Plan Rows": 554670,
                            "Plan Width": 0,
                            "Actual Startup Time": 37.093,
                            "Actual Total Time": 37.093,
                            "Actual Rows": 568886,
                            "Actual Loops": 1,
                            "Index Cond": "(company_id > 71403)"
                          }
                        ]
                      }
                    ]
                  }
                ]
              }
            ]
          }
        ]
      }
    ]
  },
  "Planning Time": 0.465,
  "Triggers": [],
  "Execution Time": 527.876
}