[
  {
    "Plan": {
      "Node Type": "Aggregate",
      "Strategy": "Plain",
      "Partial Mode": "Finalize",
      "Parallel Aware": false,
      "Startup Cost": 39247.91,
      "Total Cost": 39247.92,
      "Plan Rows": 1,
      "Plan Width": 8,
      "Actual Startup Time": 133.055,
      "Actual Total Time": 142.49,
      "Actual Rows": 1,
      "Actual Loops": 1,
      "Plans": [
        {
          "Node Type": "Gather",
          "Parent Relationship": "Outer",
          "Parallel Aware": false,
          "Startup Cost": 39247.59,
          "Total Cost": 39247.9,
          "Plan Rows": 3,
          "Plan Width": 8,
          "Actual Startup Time": 132.634,
          "Actual Total Time": 142.476,
          "Actual Rows": 4,
          "Actual Loops": 1,
          "Workers Planned": 3,
          "Workers Launched": 3,
          "Single Copy": false,
          "Plans": [
            {
              "Node Type": "Aggregate",
              "Strategy": "Plain",
              "Partial Mode": "Partial",
              "Parent Relationship": "Outer",
              "Parallel Aware": false,
              "Startup Cost": 38247.59,
              "Total Cost": 38247.6,
              "Plan Rows": 1,
              "Plan Width": 8,
              "Actual Startup Time": 127.039,
              "Actual Total Time": 127.04,
              "Actual Rows": 1,
              "Actual Loops": 4,
              "Plans": [
                {
                  "Node Type": "Bitmap Heap Scan",
                  "Parent Relationship": "Outer",
                  "Parallel Aware": true,
                  "Relation Name": "movie_keyword",
                  "Alias": "mk",
                  "Startup Cost": 11231.71,
                  "Total Cost": 37820.61,
                  "Plan Rows": 170792,
                  "Plan Width": 0,
                  "Actual Startup Time": 46.659,
                  "Actual Total Time": 119.682,
                  "Actual Rows": 132006,
                  "Actual Loops": 4,
                  "Recheck Cond": "(keyword_id > 34482)",
                  "Rows Removed by Index Recheck": 0,
                  "Exact Heap Blocks": 10355,
                  "Lossy Heap Blocks": 0,
                  "Plans": [
                    {
                      "Node Type": "Bitmap Index Scan",
                      "Parent Relationship": "Outer",
                      "Parallel Aware": false,
                      "Index Name": "keyword_id_movie_keyword",
                      "Startup Cost": 0.0,
                      "Total Cost": 11099.35,
                      "Plan Rows": 529455,
                      "Plan Width": 0,
                      "Actual Startup Time": 48.031,
                      "Actual Total Time": 48.032,
                      "Actual Rows": 528023,
                      "Actual Loops": 1,
                      "Index Cond": "(keyword_id > 34482)"
                    }
                  ]
                }
              ]
            }
          ]
        }
      ]
    },
    "Planning Time": 0.184,
    "Triggers": [],
    "Execution Time": 142.566
  }
]