[
  {
    "Plan": {
      "Node Type": "Aggregate",
      "Strategy": "Plain",
      "Partial Mode": "Finalize",
      "Parallel Aware": false,
      "Startup Cost": 46595.64,
      "Total Cost": 46595.65,
      "Plan Rows": 1,
      "Plan Width": 8,
      "Actual Startup Time": 175.272,
      "Actual Total Time": 185.334,
      "Actual Rows": 1,
      "Actual Loops": 1,
      "Plans": [
        {
          "Node Type": "Gather",
          "Parent Relationship": "Outer",
          "Parallel Aware": false,
          "Startup Cost": 46595.33,
          "Total Cost": 46595.64,
          "Plan Rows": 3,
          "Plan Width": 8,
          "Actual Startup Time": 175.127,
          "Actual Total Time": 185.326,
          "Actual Rows": 4,
          "Actual Loops": 1,
          "Workers Planned": 3,
          "Workers Launched": 3,
          "Single Copy": false,
          "Plans": [
            {
              "Node Type": "Aggregate",
              "Strategy": "Plain",
              "Partial Mode": "Partial",
              "Parent Relationship": "Outer",
              "Parallel Aware": false,
              "Startup Cost": 45595.33,
              "Total Cost": 45595.34,
              "Plan Rows": 1,
              "Plan Width": 8,
              "Actual Startup Time": 166.456,
              "Actual Total Time": 166.457,
              "Actual Rows": 1,
              "Actual Loops": 4,
              "Plans": [
                {
                  "Node Type": "Seq Scan",
                  "Parent Relationship": "Outer",
                  "Parallel Aware": true,
                  "Relation Name": "movie_keyword",
                  "Alias": "mk",
                  "Startup Cost": 0.0,
                  "Total Cost": 42695.65,
                  "Plan Rows": 1159869,
                  "Plan Width": 0,
                  "Actual Startup Time": 0.045,
                  "Actual Total Time": 124.148,
                  "Actual Rows": 903675,
                  "Actual Loops": 4,
                  "Filter": "(keyword_id < 20344)",
                  "Rows Removed by Filter": 227308
                }
              ]
            }
          ]
        }
      ]
    },
    "Planning Time": 0.143,
    "Triggers": [],
    "Execution Time": 185.375
  }
]