{
    "Plan": {
        "Node Type": "Aggregate",
        "Strategy": "Plain",
        "Partial Mode": "Finalize",
        "Parallel Aware": false,
        "Startup Cost": 90227.97,
        "Total Cost": 90227.98,
        "Plan Rows": 1,
        "Plan Width": 8,
        "Actual Startup Time": 316.444,
        "Actual Total Time": 337.499,
        "Actual Rows": 1,
        "Actual Loops": 1,
        "Output": [
            "count(*)"
        ],
        "Plans": [
            {
                "Node Type": "Gather",
                "Parent Relationship": "Outer",
                "Parallel Aware": false,
                "Startup Cost": 90227.65,
                "Total Cost": 90227.96,
                "Plan Rows": 3,
                "Plan Width": 8,
                "Actual Startup Time": 314.76,
                "Actual Total Time": 337.479,
                "Actual Rows": 4,
                "Actual Loops": 1,
                "Output": [
                    "(PARTIAL count(*))"
                ],
                "Workers Planned": 3,
                "Workers Launched": 3,
                "Single Copy": false,
                "Plans": [
                    {
                        "Node Type": "Aggregate",
                        "Strategy": "Plain",
                        "Partial Mode": "Partial",
                        "Parent Relationship": "Outer",
                        "Parallel Aware": false,
                        "Startup Cost": 89227.65,
                        "Total Cost": 89227.66,
                        "Plan Rows": 1,
                        "Plan Width": 8,
                        "Actual Startup Time": 305.961,
                        "Actual Total Time": 305.963,
                        "Actual Rows": 1,
                        "Actual Loops": 4,
                        "Output": [
                            "PARTIAL count(*)"
                        ],
                        "Workers": [
                            {
                                "Worker Number": 0,
                                "Actual Startup Time": 304.122,
                                "Actual Total Time": 304.125,
                                "Actual Rows": 1,
                                "Actual Loops": 1
                            },
                            {
                                "Worker Number": 1,
                                "Actual Startup Time": 303.637,
                                "Actual Total Time": 303.64,
                                "Actual Rows": 1,
                                "Actual Loops": 1
                            },
                            {
                                "Worker Number": 2,
                                "Actual Startup Time": 303.332,
                                "Actual Total Time": 303.335,
                                "Actual Rows": 1,
                                "Actual Loops": 1
                            }
                        ],
                        "Plans": [
                            {
                                "Node Type": "Hash Join",
                                "Parent Relationship": "Outer",
                                "Parallel Aware": true,
                                "Join Type": "Inner",
                                "Startup Cost": 45120.48,
                                "Total Cost": 89046.5,
                                "Plan Rows": 72462,
                                "Plan Width": 0,
                                "Actual Startup Time": 139.101,
                                "Actual Total Time": 304.398,
                                "Actual Rows": 25777,
                                "Actual Loops": 4,
                                "Inner Unique": true,
                                "Hash Cond": "(mk.movie_id = t.id)",
                                "Workers": [
                                    {
                                        "Worker Number": 0,
                                        "Actual Startup Time": 137.064,
                                        "Actual Total Time": 302.513,
                                        "Actual Rows": 18915,
                                        "Actual Loops": 1
                                    },
                                    {
                                        "Worker Number": 1,
                                        "Actual Startup Time": 136.837,
                                        "Actual Total Time": 302.026,
                                        "Actual Rows": 19594,
                                        "Actual Loops": 1
                                    },
                                    {
                                        "Worker Number": 2,
                                        "Actual Startup Time": 136.549,
                                        "Actual Total Time": 301.873,
                                        "Actual Rows": 28348,
                                        "Actual Loops": 1
                                    }
                                ],
                                "Plans": [
                                    {
                                        "Node Type": "Seq Scan",
                                        "Parent Relationship": "Outer",
                                        "Parallel Aware": true,
                                        "Relation Name": "movie_keyword",
                                        "Schema": "public",
                                        "Alias": "mk",
                                        "Startup Cost": 0.0,
                                        "Total Cost": 42695.65,
                                        "Plan Rows": 468709,
                                        "Plan Width": 4,
                                        "Actual Startup Time": 0.686,
                                        "Actual Total Time": 119.535,
                                        "Actual Rows": 357283,
                                        "Actual Loops": 4,
                                        "Output": [
                                            "mk.id",
                                            "mk.movie_id",
                                            "mk.keyword_id"
                                        ],
                                        "Filter": "(mk.keyword_id > 11662)",
                                        "Rows Removed by Filter": 773699,
                                        "Workers": [
                                            {
                                                "Worker Number": 0,
                                                "Actual Startup Time": 0.72,
                                                "Actual Total Time": 122.495,
                                                "Actual Rows": 265284,
                                                "Actual Loops": 1
                                            },
                                            {
                                                "Worker Number": 1,
                                                "Actual Startup Time": 0.69,
                                                "Actual Total Time": 122.39,
                                                "Actual Rows": 265296,
                                                "Actual Loops": 1
                                            },
                                            {
                                                "Worker Number": 2,
                                                "Actual Startup Time": 0.678,
                                                "Actual Total Time": 120.999,
                                                "Actual Rows": 393835,
                                                "Actual Loops": 1
                                            }
                                        ]
                                    },
                                    {
                                        "Node Type": "Hash",
                                        "Parent Relationship": "Inner",
                                        "Parallel Aware": true,
                                        "Startup Cost": 43899.01,
                                        "Total Cost": 43899.01,
                                        "Plan Rows": 97718,
                                        "Plan Width": 4,
                                        "Actual Startup Time": 135.261,
                                        "Actual Total Time": 135.262,
                                        "Actual Rows": 97916,
                                        "Actual Loops": 4,
                                        "Output": [
                                            "t.id"
                                        ],
                                        "Hash Buckets": 524288,
                                        "Original Hash Buckets": 524288,
                                        "Hash Batches": 1,
                                        "Original Hash Batches": 1,
                                        "Peak Memory Usage": 19488,
                                        "Workers": [
                                            {
                                                "Worker Number": 0,
                                                "Actual Startup Time": 135.692,
                                                "Actual Total Time": 135.692,
                                                "Actual Rows": 73363,
                                                "Actual Loops": 1
                                            },
                                            {
                                                "Worker Number": 1,
                                                "Actual Startup Time": 135.467,
                                                "Actual Total Time": 135.467,
                                                "Actual Rows": 72334,
                                                "Actual Loops": 1
                                            },
                                            {
                                                "Worker Number": 2,
                                                "Actual Startup Time": 135.227,
                                                "Actual Total Time": 135.228,
                                                "Actual Rows": 102524,
                                                "Actual Loops": 1
                                            }
                                        ],
                                        "Plans": [
                                            {
                                                "Node Type": "Seq Scan",
                                                "Parent Relationship": "Outer",
                                                "Parallel Aware": true,
                                                "Relation Name": "title",
                                                "Schema": "public",
                                                "Alias": "t",
                                                "Startup Cost": 0.0,
                                                "Total Cost": 43899.01,
                                                "Plan Rows": 97718,
                                                "Plan Width": 4,
                                                "Actual Startup Time": 0.07,
                                                "Actual Total Time": 101.282,
                                                "Actual Rows": 97916,
                                                "Actual Loops": 4,
                                                "Output": [
                                                    "t.id"
                                                ],
                                                "Filter": "(t.production_year > 2010)",
                                                "Rows Removed by Filter": 534162,
                                                "Workers": [
                                                    {
                                                        "Worker Number": 0,
                                                        "Actual Startup Time": 0.087,
                                                        "Actual Total Time": 103.409,
                                                        "Actual Rows": 73363,
                                                        "Actual Loops": 1
                                                    },
                                                    {
                                                        "Worker Number": 1,
                                                        "Actual Startup Time": 0.084,
                                                        "Actual Total Time": 102.845,
                                                        "Actual Rows": 72334,
                                                        "Actual Loops": 1
                                                    },
                                                    {
                                                        "Worker Number": 2,
                                                        "Actual Startup Time": 0.086,
                                                        "Actual Total Time": 102.26,
                                                        "Actual Rows": 102524,
                                                        "Actual Loops": 1
                                                    }
                                                ]
                                            }
                                        ]
                                    }
                                ]
                            }
                        ]
                    }
                ]
            }
        ]
    },
    "Planning Time": 0.699,
    "Triggers": [],
    "Execution Time": 337.57
}