[
  {
    "Plan": {
      "Node Type": "Aggregate",
      "Strategy": "Plain",
      "Partial Mode": "Finalize",
      "Parallel Aware": false,
      "Startup Cost": 120122.29,
      "Total Cost": 120122.3,
      "Plan Rows": 1,
      "Plan Width": 8,
      "Actual Startup Time": 386.321,
      "Actual Total Time": 418.222,
      "Actual Rows": 1,
      "Actual Loops": 1,
      "Plans": [
        {
          "Node Type": "Gather",
          "Parent Relationship": "Outer",
          "Parallel Aware": false,
          "Startup Cost": 120121.97,
          "Total Cost": 120122.28,
          "Plan Rows": 3,
          "Plan Width": 8,
          "Actual Startup Time": 385.899,
          "Actual Total Time": 418.213,
          "Actual Rows": 4,
          "Actual Loops": 1,
          "Workers Planned": 3,
          "Workers Launched": 3,
          "Single Copy": false,
          "Plans": [
            {
              "Node Type": "Aggregate",
              "Strategy": "Plain",
              "Partial Mode": "Partial",
              "Parent Relationship": "Outer",
              "Parallel Aware": false,
              "Startup Cost": 119121.97,
              "Total Cost": 119121.98,
              "Plan Rows": 1,
              "Plan Width": 8,
              "Actual Startup Time": 376.915,
              "Actual Total Time": 376.919,
              "Actual Rows": 1,
              "Actual Loops": 4,
              "Plans": [
                {
                  "Node Type": "Nested Loop",
                  "Parent Relationship": "Outer",
                  "Parallel Aware": false,
                  "Join Type": "Inner",
                  "Startup Cost": 45581.01,
                  "Total Cost": 119105.05,
                  "Plan Rows": 6767,
                  "Plan Width": 0,
                  "Actual Startup Time": 109.183,
                  "Actual Total Time": 376.741,
                  "Actual Rows": 1766,
                  "Actual Loops": 4,
                  "Inner Unique": false,
                  "Join Filter": "(t.id = ci.movie_id)",
                  "Rows Removed by Join Filter": 0,
                  "Plans": [
                    {
                      "Node Type": "Hash Join",
                      "Parent Relationship": "Outer",
                      "Parallel Aware": true,
                      "Join Type": "Inner",
                      "Startup Cost": 45580.45,
                      "Total Cost": 91486.77,
                      "Plan Rows": 15614,
                      "Plan Width": 8,
                      "Actual Startup Time": 107.712,
                      "Actual Total Time": 304.354,
                      "Actual Rows": 2774,
                      "Actual Loops": 4,
                      "Inner Unique": true,
                      "Hash Cond": "(mk.movie_id = t.id)",
                      "Plans": [
                        {
                          "Node Type": "Seq Scan",
                          "Parent Relationship": "Outer",
                          "Parallel Aware": true,
                          "Relation Name": "movie_keyword",
                          "Alias": "mk",
                          "Startup Cost": 0.0,
                          "Total Cost": 42695.65,
                          "Plan Rows": 1223111,
                          "Plan Width": 4,
                          "Actual Startup Time": 0.053,
                          "Actual Total Time": 125.529,
                          "Actual Rows": 947822,
                          "Actual Loops": 4,
                          "Filter": "(keyword_id > 651)",
                          "Rows Removed by Filter": 183161
                        },
                        {
                          "Node Type": "Hash",
                          "Parent Relationship": "Inner",
                          "Parallel Aware": true,
                          "Startup Cost": 45479.59,
                          "Total Cost": 45479.59,
                          "Plan Rows": 8069,
                          "Plan Width": 4,
                          "Actual Startup Time": 106.692,
                          "Actual Total Time": 106.693,
                          "Actual Rows": 8693,
                          "Actual Loops": 4,
                          "Hash Buckets": 32768,
                          "Original Hash Buckets": 32768,
                          "Hash Batches": 1,
                          "Original Hash Batches": 1,
                          "Peak Memory Usage": 1632,
                          "Plans": [
                            {
                              "Node Type": "Seq Scan",
                              "Parent Relationship": "Outer",
                              "Parallel Aware": true,
                              "Relation Name": "title",
                              "Alias": "t",
                              "Startup Cost": 0.0,
                              "Total Cost": 45479.59,
                              "Plan Rows": 8069,
                              "Plan Width": 4,
                              "Actual Startup Time": 0.045,
                              "Actual Total Time": 102.288,
                              "Actual Rows": 8693,
                              "Actual Loops": 4,
                              "Filter": "((kind_id = 7) AND (production_year = 1999))",
                              "Rows Removed by Filter": 623385
                            }
                          ]
                        }
                      ]
                    },
                    {
                      "Node Type": "Index Scan",
                      "Parent Relationship": "Inner",
                      "Parallel Aware": false,
                      "Scan Direction": "Forward",
                      "Index Name": "movie_id_cast_info",
                      "Relation Name": "cast_info",
                      "Alias": "ci",
                      "Startup Cost": 0.56,
                      "Total Cost": 1.76,
                      "Plan Rows": 1,
                      "Plan Width": 4,
                      "Actual Startup Time": 0.022,
                      "Actual Total Time": 0.026,
                      "Actual Rows": 1,
                      "Actual Loops": 11097,
                      "Index Cond": "(movie_id = mk.movie_id)",
                      "Rows Removed by Index Recheck": 0,
                      "Filter": "((person_id < 422185) AND (role_id > 4))",
                      "Rows Removed by Filter": 28
                    }
                  ]
                }
              ]
            }
          ]
        }
      ]
    },
    "Planning Time": 0.635,
    "Triggers": [],
    "Execution Time": 418.283
  }
]