[
  {
    "Plan": {
      "Node Type": "Aggregate",
      "Strategy": "Plain",
      "Partial Mode": "Finalize",
      "Parallel Aware": false,
      "Startup Cost": 337125.34,
      "Total Cost": 337125.35,
      "Plan Rows": 1,
      "Plan Width": 8,
      "Actual Startup Time": 688.94,
      "Actual Total Time": 746.156,
      "Actual Rows": 1,
      "Actual Loops": 1,
      "Plans": [
        {
          "Node Type": "Gather",
          "Parent Relationship": "Outer",
          "Parallel Aware": false,
          "Startup Cost": 337124.72,
          "Total Cost": 337125.33,
          "Plan Rows": 6,
          "Plan Width": 8,
          "Actual Startup Time": 688.828,
          "Actual Total Time": 746.147,
          "Actual Rows": 7,
          "Actual Loops": 1,
          "Workers Planned": 6,
          "Workers Launched": 6,
          "Single Copy": false,
          "Plans": [
            {
              "Node Type": "Aggregate",
              "Strategy": "Plain",
              "Partial Mode": "Partial",
              "Parent Relationship": "Outer",
              "Parallel Aware": false,
              "Startup Cost": 336124.72,
              "Total Cost": 336124.73,
              "Plan Rows": 1,
              "Plan Width": 8,
              "Actual Startup Time": 680.133,
              "Actual Total Time": 680.134,
              "Actual Rows": 1,
              "Actual Loops": 7,
              "Plans": [
                {
                  "Node Type": "Seq Scan",
                  "Parent Relationship": "Outer",
                  "Parallel Aware": true,
                  "Relation Name": "cast_info",
                  "Alias": "ci",
                  "Startup Cost": 0.0,
                  "Total Cost": 328162.03,
                  "Plan Rows": 3185077,
                  "Plan Width": 0,
                  "Actual Startup Time": 180.324,
                  "Actual Total Time": 570.863,
                  "Actual Rows": 2722125,
                  "Actual Loops": 7,
                  "Filter": "(person_id > 1698044)",
                  "Rows Removed by Filter": 2455638
                }
              ]
            }
          ]
        }
      ]
    },
    "Planning Time": 0.194,
    "Triggers": [],
    "Execution Time": 746.226
  }
]