[
  {
    "Plan": {
      "Node Type": "Aggregate",
      "Strategy": "Plain",
      "Partial Mode": "Finalize",
      "Parallel Aware": false,
      "Startup Cost": 43220.74,
      "Total Cost": 43220.75,
      "Plan Rows": 1,
      "Plan Width": 8,
      "Actual Startup Time": 92.572,
      "Actual Total Time": 97.503,
      "Actual Rows": 1,
      "Actual Loops": 1,
      "Plans": [
        {
          "Node Type": "Gather",
          "Parent Relationship": "Outer",
          "Parallel Aware": false,
          "Startup Cost": 43220.53,
          "Total Cost": 43220.74,
          "Plan Rows": 2,
          "Plan Width": 8,
          "Actual Startup Time": 92.294,
          "Actual Total Time": 97.498,
          "Actual Rows": 3,
          "Actual Loops": 1,
          "Workers Planned": 2,
          "Workers Launched": 2,
          "Single Copy": false,
          "Plans": [
            {
              "Node Type": "Aggregate",
              "Strategy": "Plain",
              "Partial Mode": "Partial",
              "Parent Relationship": "Outer",
              "Parallel Aware": false,
              "Startup Cost": 42220.53,
              "Total Cost": 42220.54,
              "Plan Rows": 1,
              "Plan Width": 8,
              "Actual Startup Time": 84.209,
              "Actual Total Time": 84.211,
              "Actual Rows": 1,
              "Actual Loops": 3,
              "Plans": [
                {
                  "Node Type": "Hash Join",
                  "Parent Relationship": "Outer",
                  "Parallel Aware": true,
                  "Join Type": "Inner",
                  "Startup Cost": 26092.37,
                  "Total Cost": 42216.8,
                  "Plan Rows": 1490,
                  "Plan Width": 0,
                  "Actual Startup Time": 46.204,
                  "Actual Total Time": 84.046,
                  "Actual Rows": 3329,
                  "Actual Loops": 3,
                  "Inner Unique": true,
                  "Hash Cond": "(mi_idx.movie_id = t.id)",
                  "Plans": [
                    {
                      "Node Type": "Seq Scan",
                      "Parent Relationship": "Outer",
                      "Parallel Aware": true,
                      "Relation Name": "movie_info_idx",
                      "Alias": "mi_idx",
                      "Startup Cost": 0.0,
                      "Total Cost": 15122.68,
                      "Plan Rows": 381618,
                      "Plan Width": 4,
                      "Actual Startup Time": 0.031,
                      "Actual Total Time": 46.39,
                      "Actual Rows": 306617,
                      "Actual Loops": 3,
                      "Filter": "(info_type_id < 101)",
                      "Rows Removed by Filter": 153395
                    },
                    {
                      "Node Type": "Hash",
                      "Parent Relationship": "Inner",
                      "Parallel Aware": true,
                      "Startup Cost": 26052.56,
                      "Total Cost": 26052.56,
                      "Plan Rows": 3185,
                      "Plan Width": 4,
                      "Actual Startup Time": 13.976,
                      "Actual Total Time": 13.977,
                      "Actual Rows": 3684,
                      "Actual Loops": 3,
                      "Hash Buckets": 16384,
                      "Original Hash Buckets": 16384,
                      "Hash Batches": 1,
                      "Original Hash Batches": 1,
                      "Peak Memory Usage": 608,
                      "Plans": [
                        {
                          "Node Type": "Bitmap Heap Scan",
                          "Parent Relationship": "Outer",
                          "Parallel Aware": true,
                          "Relation Name": "title",
                          "Alias": "t",
                          "Startup Cost": 236.24,
                          "Total Cost": 26052.56,
                          "Plan Rows": 3185,
                          "Plan Width": 4,
                          "Actual Startup Time": 1.716,
                          "Actual Total Time": 12.928,
                          "Actual Rows": 3684,
                          "Actual Loops": 3,
                          "Recheck Cond": "(kind_id = 6)",
                          "Rows Removed by Index Recheck": 0,
                          "Filter": "(production_year < 2010)",
                          "Rows Removed by Filter": 516,
                          "Exact Heap Blocks": 7466,
                          "Lossy Heap Blocks": 0,
                          "Plans": [
                            {
                              "Node Type": "Bitmap Index Scan",
                              "Parent Relationship": "Outer",
                              "Parallel Aware": false,
                              "Index Name": "kind_id_title",
                              "Startup Cost": 0.0,
                              "Total Cost": 233.77,
                              "Plan Rows": 12979,
                              "Plan Width": 0,
                              "Actual Startup Time": 2.961,
                              "Actual Total Time": 2.961,
                              "Actual Rows": 12600,
                              "Actual Loops": 1,
                              "Index Cond": "(kind_id = 6)"
                            }
                          ]
                        }
                      ]
                    }
                  ]
                }
              ]
            }
          ]
        }
      ]
    },
    "Planning Time": 0.606,
    "Triggers": [],
    "Execution Time": 97.547
  }
]