[
  {
    "Plan": {
      "Node Type": "Aggregate",
      "Strategy": "Plain",
      "Partial Mode": "Finalize",
      "Parallel Aware": false,
      "Startup Cost": 334985.78,
      "Total Cost": 334985.79,
      "Plan Rows": 1,
      "Plan Width": 8,
      "Actual Startup Time": 680.026,
      "Actual Total Time": 727.814,
      "Actual Rows": 1,
      "Actual Loops": 1,
      "Plans": [
        {
          "Node Type": "Gather",
          "Parent Relationship": "Outer",
          "Parallel Aware": false,
          "Startup Cost": 334985.16,
          "Total Cost": 334985.77,
          "Plan Rows": 6,
          "Plan Width": 8,
          "Actual Startup Time": 679.811,
          "Actual Total Time": 727.802,
          "Actual Rows": 7,
          "Actual Loops": 1,
          "Workers Planned": 6,
          "Workers Launched": 6,
          "Single Copy": false,
          "Plans": [
            {
              "Node Type": "Aggregate",
              "Strategy": "Plain",
              "Partial Mode": "Partial",
              "Parent Relationship": "Outer",
              "Parallel Aware": false,
              "Startup Cost": 333985.16,
              "Total Cost": 333985.17,
              "Plan Rows": 1,
              "Plan Width": 8,
              "Actual Startup Time": 672.725,
              "Actual Total Time": 672.727,
              "Actual Rows": 1,
              "Actual Loops": 7,
              "Plans": [
                {
                  "Node Type": "Seq Scan",
                  "Parent Relationship": "Outer",
                  "Parallel Aware": true,
                  "Relation Name": "cast_info",
                  "Alias": "ci",
                  "Startup Cost": 0.0,
                  "Total Cost": 328211.39,
                  "Plan Rows": 2309506,
                  "Plan Width": 0,
                  "Actual Startup Time": 256.725,
                  "Actual Total Time": 583.829,
                  "Actual Rows": 1940301,
                  "Actual Loops": 7,
                  "Filter": "(person_id > 2312922)",
                  "Rows Removed by Filter": 3237462
                }
              ]
            }
          ]
        }
      ]
    },
    "Planning Time": 0.091,
    "Triggers": [],
    "Execution Time": 727.854
  }
]