[
  {
    "Plan": {
      "Node Type": "Aggregate",
      "Strategy": "Plain",
      "Partial Mode": "Finalize",
      "Parallel Aware": false,
      "Startup Cost": 80341.7,
      "Total Cost": 80341.71,
      "Plan Rows": 1,
      "Plan Width": 8,
      "Actual Startup Time": 312.138,
      "Actual Total Time": 327.398,
      "Actual Rows": 1,
      "Actual Loops": 1,
      "Plans": [
        {
          "Node Type": "Gather",
          "Parent Relationship": "Outer",
          "Parallel Aware": false,
          "Startup Cost": 80341.28,
          "Total Cost": 80341.69,
          "Plan Rows": 4,
          "Plan Width": 8,
          "Actual Startup Time": 308.967,
          "Actual Total Time": 327.387,
          "Actual Rows": 5,
          "Actual Loops": 1,
          "Workers Planned": 4,
          "Workers Launched": 4,
          "Single Copy": false,
          "Plans": [
            {
              "Node Type": "Aggregate",
              "Strategy": "Plain",
              "Partial Mode": "Partial",
              "Parent Relationship": "Outer",
              "Parallel Aware": false,
              "Startup Cost": 79341.28,
              "Total Cost": 79341.29,
              "Plan Rows": 1,
              "Plan Width": 8,
              "Actual Startup Time": 299.652,
              "Actual Total Time": 299.743,
              "Actual Rows": 1,
              "Actual Loops": 5,
              "Plans": [
                {
                  "Node Type": "Hash Join",
                  "Parent Relationship": "Outer",
                  "Parallel Aware": true,
                  "Join Type": "Inner",
                  "Startup Cost": 33220.99,
                  "Total Cost": 79061.32,
                  "Plan Rows": 111983,
                  "Plan Width": 0,
                  "Actual Startup Time": 118.487,
                  "Actual Total Time": 294.186,
                  "Actual Rows": 128664,
                  "Actual Loops": 5,
                  "Inner Unique": false,
                  "Hash Cond": "(t.id = mc.movie_id)",
                  "Plans": [
                    {
                      "Node Type": "Seq Scan",
                      "Parent Relationship": "Outer",
                      "Parallel Aware": true,
                      "Relation Name": "title",
                      "Alias": "t",
                      "Startup Cost": 0.0,
                      "Total Cost": 42318.73,
                      "Plan Rows": 632073,
                      "Plan Width": 4,
                      "Actual Startup Time": 0.011,
                      "Actual Total Time": 61.123,
                      "Actual Rows": 505662,
                      "Actual Loops": 5
                    },
                    {
                      "Node Type": "Hash",
                      "Parent Relationship": "Inner",
                      "Parallel Aware": true,
                      "Startup Cost": 31414.82,
                      "Total Cost": 31414.82,
                      "Plan Rows": 144494,
                      "Plan Width": 4,
                      "Actual Startup Time": 115.466,
                      "Actual Total Time": 115.466,
                      "Actual Rows": 128664,
                      "Actual Loops": 5,
                      "Hash Buckets": 1048576,
                      "Original Hash Buckets": 524288,
                      "Hash Batches": 1,
                      "Original Hash Batches": 1,
                      "Peak Memory Usage": 37568,
                      "Plans": [
                        {
                          "Node Type": "Seq Scan",
                          "Parent Relationship": "Outer",
                          "Parallel Aware": true,
                          "Relation Name": "movie_companies",
                          "Alias": "mc",
                          "Startup Cost": 0.0,
                          "Total Cost": 31414.82,
                          "Plan Rows": 144494,
                          "Plan Width": 4,
                          "Actual Startup Time": 0.048,
                          "Actual Total Time": 63.285,
                          "Actual Rows": 128664,
                          "Actual Loops": 5,
                          "Filter": "((company_id < 2994) AND (company_type_id < 2))",
                          "Rows Removed by Filter": 393162
                        }
                      ]
                    }
                  ]
                }
              ]
            }
          ]
        }
      ]
    },
    "Planning Time": 0.552,
    "Triggers": [],
    "Execution Time": 327.461
  }
]