[
  {
    "Plan": {
      "Node Type": "Aggregate",
      "Strategy": "Plain",
      "Partial Mode": "Finalize",
      "Parallel Aware": false,
      "Startup Cost": 328730.31,
      "Total Cost": 328730.32,
      "Plan Rows": 1,
      "Plan Width": 8,
      "Actual Startup Time": 250.758,
      "Actual Total Time": 257.464,
      "Actual Rows": 1,
      "Actual Loops": 1,
      "Plans": [
        {
          "Node Type": "Gather",
          "Parent Relationship": "Outer",
          "Parallel Aware": false,
          "Startup Cost": 328729.89,
          "Total Cost": 328730.3,
          "Plan Rows": 4,
          "Plan Width": 8,
          "Actual Startup Time": 248.413,
          "Actual Total Time": 257.456,
          "Actual Rows": 5,
          "Actual Loops": 1,
          "Workers Planned": 4,
          "Workers Launched": 4,
          "Single Copy": false,
          "Plans": [
            {
              "Node Type": "Aggregate",
              "Strategy": "Plain",
              "Partial Mode": "Partial",
              "Parent Relationship": "Outer",
              "Parallel Aware": false,
              "Startup Cost": 327729.89,
              "Total Cost": 327729.9,
              "Plan Rows": 1,
              "Plan Width": 8,
              "Actual Startup Time": 240.042,
              "Actual Total Time": 240.045,
              "Actual Rows": 1,
              "Actual Loops": 5,
              "Plans": [
                {
                  "Node Type": "Hash Join",
                  "Parent Relationship": "Outer",
                  "Parallel Aware": true,
                  "Join Type": "Inner",
                  "Startup Cost": 278165.49,
                  "Total Cost": 327498.25,
                  "Plan Rows": 92659,
                  "Plan Width": 0,
                  "Actual Startup Time": 99.666,
                  "Actual Total Time": 237.558,
                  "Actual Rows": 49718,
                  "Actual Loops": 5,
                  "Inner Unique": false,
                  "Hash Cond": "(t.id = ci.movie_id)",
                  "Plans": [
                    {
                      "Node Type": "Seq Scan",
                      "Parent Relationship": "Outer",
                      "Parallel Aware": true,
                      "Relation Name": "title",
                      "Alias": "t",
                      "Startup Cost": 0.0,
                      "Total Cost": 43899.01,
                      "Plan Rows": 527932,
                      "Plan Width": 4,
                      "Actual Startup Time": 0.01,
                      "Actual Total Time": 72.023,
                      "Actual Rows": 423674,
                      "Actual Loops": 5,
                      "Filter": "(production_year > 1967)",
                      "Rows Removed by Filter": 81988
                    },
                    {
                      "Node Type": "Hash",
                      "Parent Relationship": "Inner",
                      "Parallel Aware": true,
                      "Startup Cost": 277241.0,
                      "Total Cost": 277241.0,
                      "Plan Rows": 73959,
                      "Plan Width": 4,
                      "Actual Startup Time": 98.371,
                      "Actual Total Time": 98.372,
                      "Actual Rows": 55972,
                      "Actual Loops": 5,
                      "Hash Buckets": 524288,
                      "Original Hash Buckets": 524288,
                      "Hash Batches": 1,
                      "Original Hash Batches": 1,
                      "Peak Memory Usage": 15136,
                      "Plans": [
                        {
                          "Node Type": "Bitmap Heap Scan",
                          "Parent Relationship": "Outer",
                          "Parallel Aware": true,
                          "Relation Name": "cast_info",
                          "Alias": "ci",
                          "Startup Cost": 22042.38,
                          "Total Cost": 277241.0,
                          "Plan Rows": 73959,
                          "Plan Width": 4,
                          "Actual Startup Time": 65.51,
                          "Actual Total Time": 80.363,
                          "Actual Rows": 55972,
                          "Actual Loops": 5,
                          "Recheck Cond": "(person_id < 106100)",
                          "Rows Removed by Index Recheck": 0,
                          "Filter": "(role_id > 2)",
                          "Rows Removed by Filter": 151732,
                          "Exact Heap Blocks": 4041,
                          "Lossy Heap Blocks": 0,
                          "Plans": [
                            {
                              "Node Type": "Bitmap Index Scan",
                              "Parent Relationship": "Outer",
                              "Parallel Aware": false,
                              "Index Name": "person_id_cast_info",
                              "Startup Cost": 0.0,
                              "Total Cost": 21931.44,
                              "Plan Rows": 1004650,
                              "Plan Width": 0,
                              "Actual Startup Time": 33.37,
                              "Actual Total Time": 33.371,
                              "Actual Rows": 1038521,
                              "Actual Loops": 1,
                              "Index Cond": "(person_id < 106100)"
                            }
                          ]
                        }
                      ]
                    }
                  ]
                }
              ]
            }
          ]
        }
      ]
    },
    "Planning Time": 0.229,
    "Triggers": [],
    "Execution Time": 257.518
  }
]