[
  {
    "Plan": {
      "Node Type": "Aggregate",
      "Strategy": "Plain",
      "Partial Mode": "Finalize",
      "Parallel Aware": false,
      "Startup Cost": 34460.18,
      "Total Cost": 34460.19,
      "Plan Rows": 1,
      "Plan Width": 8,
      "Actual Startup Time": 32.325,
      "Actual Total Time": 38.305,
      "Actual Rows": 1,
      "Actual Loops": 1,
      "Plans": [
        {
          "Node Type": "Gather",
          "Parent Relationship": "Outer",
          "Parallel Aware": false,
          "Startup Cost": 34459.97,
          "Total Cost": 34460.18,
          "Plan Rows": 2,
          "Plan Width": 8,
          "Actual Startup Time": 32.185,
          "Actual Total Time": 38.3,
          "Actual Rows": 3,
          "Actual Loops": 1,
          "Workers Planned": 2,
          "Workers Launched": 2,
          "Single Copy": false,
          "Plans": [
            {
              "Node Type": "Aggregate",
              "Strategy": "Plain",
              "Partial Mode": "Partial",
              "Parent Relationship": "Outer",
              "Parallel Aware": false,
              "Startup Cost": 33459.97,
              "Total Cost": 33459.98,
              "Plan Rows": 1,
              "Plan Width": 8,
              "Actual Startup Time": 28.814,
              "Actual Total Time": 28.816,
              "Actual Rows": 1,
              "Actual Loops": 3,
              "Plans": [
                {
                  "Node Type": "Nested Loop",
                  "Parent Relationship": "Outer",
                  "Parallel Aware": false,
                  "Join Type": "Inner",
                  "Startup Cost": 138.38,
                  "Total Cost": 33459.74,
                  "Plan Rows": 90,
                  "Plan Width": 0,
                  "Actual Startup Time": 3.66,
                  "Actual Total Time": 28.788,
                  "Actual Rows": 185,
                  "Actual Loops": 3,
                  "Inner Unique": false,
                  "Plans": [
                    {
                      "Node Type": "Nested Loop",
                      "Parent Relationship": "Outer",
                      "Parallel Aware": false,
                      "Join Type": "Inner",
                      "Startup Cost": 137.95,
                      "Total Cost": 33245.57,
                      "Plan Rows": 172,
                      "Plan Width": 8,
                      "Actual Startup Time": 3.603,
                      "Actual Total Time": 27.831,
                      "Actual Rows": 44,
                      "Actual Loops": 3,
                      "Inner Unique": true,
                      "Plans": [
                        {
                          "Node Type": "Bitmap Heap Scan",
                          "Parent Relationship": "Outer",
                          "Parallel Aware": true,
                          "Relation Name": "movie_keyword",
                          "Alias": "mk",
                          "Startup Cost": 137.52,
                          "Total Cost": 14545.79,
                          "Plan Rows": 2639,
                          "Plan Width": 4,
                          "Actual Startup Time": 3.146,
                          "Actual Total Time": 10.57,
                          "Actual Rows": 1797,
                          "Actual Loops": 3,
                          "Recheck Cond": "(keyword_id = 460)",
                          "Rows Removed by Index Recheck": 0,
                          "Exact Heap Blocks": 2965,
                          "Lossy Heap Blocks": 0,
                          "Plans": [
                            {
                              "Node Type": "Bitmap Index Scan",
                              "Parent Relationship": "Outer",
                              "Parallel Aware": false,
                              "Index Name": "keyword_id_movie_keyword",
                              "Startup Cost": 0.0,
                              "Total Cost": 135.94,
                              "Plan Rows": 6334,
                              "Plan Width": 0,
                              "Actual Startup Time": 3.871,
                              "Actual Total Time": 3.872,
                              "Actual Rows": 5392,
                              "Actual Loops": 1,
                              "Index Cond": "(keyword_id = 460)"
                            }
                          ]
                        },
                        {
                          "Node Type": "Index Scan",
                          "Parent Relationship": "Inner",
                          "Parallel Aware": false,
                          "Scan Direction": "Forward",
                          "Index Name": "title_pkey",
                          "Relation Name": "title",
                          "Alias": "t",
                          "Startup Cost": 0.43,
                          "Total Cost": 7.09,
                          "Plan Rows": 1,
                          "Plan Width": 4,
                          "Actual Startup Time": 0.009,
                          "Actual Total Time": 0.009,
                          "Actual Rows": 0,
                          "Actual Loops": 5392,
                          "Index Cond": "(id = mk.movie_id)",
                          "Rows Removed by Index Recheck": 0,
                          "Filter": "(production_year = 2012)",
                          "Rows Removed by Filter": 1
                        }
                      ]
                    },
                    {
                      "Node Type": "Index Scan",
                      "Parent Relationship": "Inner",
                      "Parallel Aware": false,
                      "Scan Direction": "Forward",
                      "Index Name": "movie_id_movie_companies",
                      "Relation Name": "movie_companies",
                      "Alias": "mc",
                      "Startup Cost": 0.43,
                      "Total Cost": 1.22,
                      "Plan Rows": 3,
                      "Plan Width": 4,
                      "Actual Startup Time": 0.016,
                      "Actual Total Time": 0.021,
                      "Actual Rows": 4,
                      "Actual Loops": 132,
                      "Index Cond": "(movie_id = t.id)",
                      "Rows Removed by Index Recheck": 0,
                      "Filter": "(company_id < 11373)",
                      "Rows Removed by Filter": 4
                    }
                  ]
                }
              ]
            }
          ]
        }
      ]
    },
    "Planning Time": 1.172,
    "Triggers": [],
    "Execution Time": 38.379
  }
]