{
  "Plan": {
    "Node Type": "Aggregate",
    "Strategy": "Plain",
    "Partial Mode": "Finalize",
    "Parallel Aware": false,
    "Startup Cost": 405388.34,
    "Total Cost": 405388.35,
    "Plan Rows": 1,
    "Plan Width": 8,
    "Actual Startup Time": 2138.056,
    "Actual Total Time": 2192.909,
    "Actual Rows": 1,
    "Actual Loops": 1,
    "Plans": [
      {
        "Node Type": "Gather",
        "Parent Relationship": "Outer",
        "Parallel Aware": false,
        "Startup Cost": 405388.23,
        "Total Cost": 405388.34,
        "Plan Rows": 1,
        "Plan Width": 8,
        "Actual Startup Time": 2135.714,
        "Actual Total Time": 2192.901,
        "Actual Rows": 2,
        "Actual Loops": 1,
        "Workers Planned": 1,
        "Workers Launched": 1,
        "Single Copy": false,
        "Plans": [
          {
            "Node Type": "Aggregate",
            "Strategy": "Plain",
            "Partial Mode": "Partial",
            "Parent Relationship": "Outer",
            "Parallel Aware": false,
            "Startup Cost": 404388.23,
            "Total Cost": 404388.24,
            "Plan Rows": 1,
            "Plan Width": 8,
            "Actual Startup Time": 2129.651,
            "Actual Total Time": 2129.656,
            "Actual Rows": 1,
            "Actual Loops": 2,
            "Plans": [
              {
                "Node Type": "Hash Join",
                "Parent Relationship": "Outer",
                "Parallel Aware": true,
                "Join Type": "Inner",
                "Startup Cost": 108097.84,
                "Total Cost": 399996.97,
                "Plan Rows": 1756502,
                "Plan Width": 0,
                "Actual Startup Time": 555.071,
                "Actual Total Time": 2077.604,
                "Actual Rows": 1227682,
                "Actual Loops": 2,
                "Inner Unique": false,
                "Hash Cond": "(mi.movie_id = t.id)",
                "Plans": [
                  {
                    "Node Type": "Seq Scan",
                    "Parent Relationship": "Outer",
                    "Parallel Aware": true,
                    "Relation Name": "movie_info",
                    "Alias": "mi",
                    "Startup Cost": 0.0,
                    "Total Cost": 248955.74,
                    "Plan Rows": 8696274,
                    "Plan Width": 4,
                    "Actual Startup Time": 0.017,
                    "Actual Total Time": 613.219,
                    "Actual Rows": 7417860,
                    "Actual Loops": 2
                  },
                  {
                    "Node Type": "Hash",
                    "Parent Relationship": "Inner",
                    "Parallel Aware": true,
                    "Startup Cost": 104342.89,
                    "Total Cost": 104342.89,
                    "Plan Rows": 300396,
                    "Plan Width": 8,
                    "Actual Startup Time": 549.021,
                    "Actual Total Time": 549.024,
                    "Actual Rows": 142864,
                    "Actual Loops": 2,
                    "Hash Buckets": 524288,
                    "Original Hash Buckets": 524288,
                    "Hash Batches": 1,
                    "Original Hash Batches": 1,
                    "Peak Memory Usage": 15296,
                    "Plans": [
                      {
                        "Node Type": "Hash Join",
                        "Parent Relationship": "Outer",
                        "Parallel Aware": true,
                        "Join Type": "Inner",
                        "Startup Cost": 63597.58,
                        "Total Cost": 104342.89,
                        "Plan Rows": 300396,
                        "Plan Width": 8,
                        "Actual Startup Time": 240.385,
                        "Actual Total Time": 515.449,
                        "Actual Rows": 142864,
                        "Actual Loops": 2,
                        "Inner Unique": true,
                        "Hash Cond": "(mc.movie_id = t.id)",
                        "Plans": [
                          {
                            "Node Type": "Seq Scan",
                            "Parent Relationship": "Outer",
                            "Parallel Aware": true,
                            "Relation Name": "movie_companies",
                            "Alias": "mc",
                            "Startup Cost": 0.0,
                            "Total Cost": 37974.77,
                            "Plan Rows": 1055443,
                            "Plan Width": 4,
                            "Actual Startup Time": 0.017,
                            "Actual Total Time": 117.905,
                            "Actual Rows": 890040,
                            "Actual Loops": 2,
                            "Filter": "(company_id < 27465)",
                            "Rows Removed by Filter": 414524
                          },
                          {
                            "Node Type": "Hash",
                            "Parent Relationship": "Inner",
                            "Parallel Aware": true,
                            "Startup Cost": 58306.47,
                            "Total Cost": 58306.47,
                            "Plan Rows": 423289,
                            "Plan Width": 4,
                            "Actual Startup Time": 233.887,
                            "Actual Total Time": 233.888,
                            "Actual Rows": 319215,
                            "Actual Loops": 2,
                            "Hash Buckets": 1048576,
                            "Original Hash Buckets": 1048576,
                            "Hash Batches": 1,
                            "Original Hash Batches": 1,
                            "Peak Memory Usage": 33184,
                            "Plans": [
                              {
                                "Node Type": "Seq Scan",
                                "Parent Relationship": "Outer",
                                "Parallel Aware": true,
                                "Relation Name": "title",
                                "Alias": "t",
                                "Startup Cost": 0.0,
                                "Total Cost": 58306.47,
                                "Plan Rows": 423289,
                                "Plan Width": 4,
                                "Actual Startup Time": 0.039,
                                "Actual Total Time": 152.935,
                                "Actual Rows": 319215,
                                "Actual Loops": 2,
                                "Filter": "((production_year < 2003) AND (kind_id = 7))",
                                "Rows Removed by Filter": 944941
                              }
                            ]
                          }
                        ]
                      }
                    ]
                  }
                ]
              }
            ]
          }
        ]
      }
    ]
  },
  "Planning Time": 1.026,
  "Triggers": [],
  "Execution Time": 2193.028
}