[
    {
        "Bao": {
            "Bao prediction": "NaN",
            "Bao recommended hint": "(no hint)"
        }
    },
    {
        "Plan": {
            "Node Type": "Aggregate",
            "Strategy": "Plain",
            "Partial Mode": "Finalize",
            "Parallel Aware": false,
            "Startup Cost": 338515.96,
            "Total Cost": 338515.97,
            "Plan Rows": 1,
            "Plan Width": 8,
            "Actual Startup Time": 850.825,
            "Actual Total Time": 881.69,
            "Actual Rows": 1,
            "Actual Loops": 1,
            "Output": [
                "count(*)"
            ],
            "Plans": [
                {
                    "Node Type": "Gather",
                    "Parent Relationship": "Outer",
                    "Parallel Aware": false,
                    "Startup Cost": 338515.34,
                    "Total Cost": 338515.95,
                    "Plan Rows": 6,
                    "Plan Width": 8,
                    "Actual Startup Time": 850.758,
                    "Actual Total Time": 881.679,
                    "Actual Rows": 7,
                    "Actual Loops": 1,
                    "Output": [
                        "(PARTIAL count(*))"
                    ],
                    "Workers Planned": 6,
                    "Workers Launched": 6,
                    "Single Copy": false,
                    "Plans": [
                        {
                            "Node Type": "Aggregate",
                            "Strategy": "Plain",
                            "Partial Mode": "Partial",
                            "Parent Relationship": "Outer",
                            "Parallel Aware": false,
                            "Startup Cost": 337515.34,
                            "Total Cost": 337515.35,
                            "Plan Rows": 1,
                            "Plan Width": 8,
                            "Actual Startup Time": 840.508,
                            "Actual Total Time": 840.509,
                            "Actual Rows": 1,
                            "Actual Loops": 7,
                            "Output": [
                                "PARTIAL count(*)"
                            ],
                            "Workers": [
                                {
                                    "Worker Number": 0,
                                    "Actual Startup Time": 838.0,
                                    "Actual Total Time": 838.001,
                                    "Actual Rows": 1,
                                    "Actual Loops": 1
                                },
                                {
                                    "Worker Number": 1,
                                    "Actual Startup Time": 837.847,
                                    "Actual Total Time": 837.848,
                                    "Actual Rows": 1,
                                    "Actual Loops": 1
                                },
                                {
                                    "Worker Number": 2,
                                    "Actual Startup Time": 838.848,
                                    "Actual Total Time": 838.849,
                                    "Actual Rows": 1,
                                    "Actual Loops": 1
                                },
                                {
                                    "Worker Number": 3,
                                    "Actual Startup Time": 839.123,
                                    "Actual Total Time": 839.124,
                                    "Actual Rows": 1,
                                    "Actual Loops": 1
                                },
                                {
                                    "Worker Number": 4,
                                    "Actual Startup Time": 839.746,
                                    "Actual Total Time": 839.747,
                                    "Actual Rows": 1,
                                    "Actual Loops": 1
                                },
                                {
                                    "Worker Number": 5,
                                    "Actual Startup Time": 839.955,
                                    "Actual Total Time": 839.956,
                                    "Actual Rows": 1,
                                    "Actual Loops": 1
                                }
                            ],
                            "Plans": [
                                {
                                    "Node Type": "Seq Scan",
                                    "Parent Relationship": "Outer",
                                    "Parallel Aware": true,
                                    "Relation Name": "cast_info",
                                    "Schema": "public",
                                    "Alias": "ci",
                                    "Startup Cost": 0.0,
                                    "Total Cost": 328213.62,
                                    "Plan Rows": 3720688,
                                    "Plan Width": 0,
                                    "Actual Startup Time": 163.015,
                                    "Actual Total Time": 663.323,
                                    "Actual Rows": 3192552,
                                    "Actual Loops": 7,
                                    "Output": [
                                        "id",
                                        "person_id",
                                        "movie_id",
                                        "person_role_id",
                                        "note",
                                        "nr_order",
                                        "role_id"
                                    ],
                                    "Filter": "(ci.person_id > 1369086)",
                                    "Rows Removed by Filter": 1985212,
                                    "Workers": [
                                        {
                                            "Worker Number": 0,
                                            "Actual Startup Time": 160.528,
                                            "Actual Total Time": 664.407,
                                            "Actual Rows": 2632348,
                                            "Actual Loops": 1
                                        },
                                        {
                                            "Worker Number": 1,
                                            "Actual Startup Time": 160.365,
                                            "Actual Total Time": 663.199,
                                            "Actual Rows": 2590312,
                                            "Actual Loops": 1
                                        },
                                        {
                                            "Worker Number": 2,
                                            "Actual Startup Time": 161.339,
                                            "Actual Total Time": 664.612,
                                            "Actual Rows": 2641193,
                                            "Actual Loops": 1
                                        },
                                        {
                                            "Worker Number": 3,
                                            "Actual Startup Time": 161.636,
                                            "Actual Total Time": 667.011,
                                            "Actual Rows": 2607495,
                                            "Actual Loops": 1
                                        },
                                        {
                                            "Worker Number": 4,
                                            "Actual Startup Time": 162.262,
                                            "Actual Total Time": 667.477,
                                            "Actual Rows": 4248349,
                                            "Actual Loops": 1
                                        },
                                        {
                                            "Worker Number": 5,
                                            "Actual Startup Time": 162.453,
                                            "Actual Total Time": 667.695,
                                            "Actual Rows": 4262457,
                                            "Actual Loops": 1
                                        }
                                    ]
                                }
                            ]
                        }
                    ]
                }
            ]
        },
        "Planning Time": 289.065,
        "Triggers": [],
        "Execution Time": 881.772
    }
]