[
  {
    "Plan": {
      "Node Type": "Aggregate",
      "Strategy": "Plain",
      "Partial Mode": "Finalize",
      "Parallel Aware": false,
      "Startup Cost": 46510.27,
      "Total Cost": 46510.28,
      "Plan Rows": 1,
      "Plan Width": 8,
      "Actual Startup Time": 111.326,
      "Actual Total Time": 124.275,
      "Actual Rows": 1,
      "Actual Loops": 1,
      "Plans": [
        {
          "Node Type": "Gather",
          "Parent Relationship": "Outer",
          "Parallel Aware": false,
          "Startup Cost": 46509.85,
          "Total Cost": 46510.26,
          "Plan Rows": 4,
          "Plan Width": 8,
          "Actual Startup Time": 111.203,
          "Actual Total Time": 124.264,
          "Actual Rows": 5,
          "Actual Loops": 1,
          "Workers Planned": 4,
          "Workers Launched": 4,
          "Single Copy": false,
          "Plans": [
            {
              "Node Type": "Aggregate",
              "Strategy": "Plain",
              "Partial Mode": "Partial",
              "Parent Relationship": "Outer",
              "Parallel Aware": false,
              "Startup Cost": 45509.85,
              "Total Cost": 45509.86,
              "Plan Rows": 1,
              "Plan Width": 8,
              "Actual Startup Time": 106.494,
              "Actual Total Time": 106.495,
              "Actual Rows": 1,
              "Actual Loops": 5,
              "Plans": [
                {
                  "Node Type": "Seq Scan",
                  "Parent Relationship": "Outer",
                  "Parallel Aware": true,
                  "Relation Name": "title",
                  "Alias": "t",
                  "Startup Cost": 0.0,
                  "Total Cost": 45479.59,
                  "Plan Rows": 12104,
                  "Plan Width": 0,
                  "Actual Startup Time": 0.127,
                  "Actual Total Time": 105.584,
                  "Actual Rows": 8717,
                  "Actual Loops": 5,
                  "Filter": "((kind_id < 6) AND (production_year = 2009))",
                  "Rows Removed by Filter": 496945
                }
              ]
            }
          ]
        }
      ]
    },
    "Planning Time": 0.103,
    "Triggers": [],
    "Execution Time": 124.321
  }
]