{
  "Plan": {
    "Node Type": "Aggregate",
    "Strategy": "Plain",
    "Partial Mode": "Finalize",
    "Parallel Aware": false,
    "Startup Cost": 475398.05,
    "Total Cost": 475398.06,
    "Plan Rows": 1,
    "Plan Width": 8,
    "Actual Startup Time": 2303.118,
    "Actual Total Time": 2332.255,
    "Actual Rows": 1,
    "Actual Loops": 1,
    "Plans": [
      {
        "Node Type": "Gather",
        "Parent Relationship": "Outer",
        "Parallel Aware": false,
        "Startup Cost": 475397.94,
        "Total Cost": 475398.05,
        "Plan Rows": 1,
        "Plan Width": 8,
        "Actual Startup Time": 2302.051,
        "Actual Total Time": 2332.247,
        "Actual Rows": 2,
        "Actual Loops": 1,
        "Workers Planned": 1,
        "Workers Launched": 1,
        "Single Copy": false,
        "Plans": [
          {
            "Node Type": "Aggregate",
            "Strategy": "Plain",
            "Partial Mode": "Partial",
            "Parent Relationship": "Outer",
            "Parallel Aware": false,
            "Startup Cost": 474397.94,
            "Total Cost": 474397.95,
            "Plan Rows": 1,
            "Plan Width": 8,
            "Actual Startup Time": 2296.108,
            "Actual Total Time": 2296.111,
            "Actual Rows": 1,
            "Actual Loops": 2,
            "Plans": [
              {
                "Node Type": "Hash Join",
                "Parent Relationship": "Outer",
                "Parallel Aware": true,
                "Join Type": "Inner",
                "Startup Cost": 63506.2,
                "Total Cost": 472312.6,
                "Plan Rows": 834135,
                "Plan Width": 0,
                "Actual Startup Time": 238.384,
                "Actual Total Time": 2241.42,
                "Actual Rows": 1250660,
                "Actual Loops": 2,
                "Inner Unique": true,
                "Hash Cond": "(ci.movie_id = t.id)",
                "Plans": [
                  {
                    "Node Type": "Index Scan",
                    "Parent Relationship": "Outer",
                    "Parallel Aware": true,
                    "Scan Direction": "Forward",
                    "Index Name": "role_id_cast_info",
                    "Relation Name": "cast_info",
                    "Alias": "ci",
                    "Startup Cost": 0.56,
                    "Total Cost": 400977.7,
                    "Plan Rows": 2982574,
                    "Plan Width": 4,
                    "Actual Startup Time": 0.074,
                    "Actual Total Time": 958.308,
                    "Actual Rows": 5306410,
                    "Actual Loops": 2,
                    "Index Cond": "(role_id = 1)",
                    "Rows Removed by Index Recheck": 0,
                    "Filter": "(person_id < 1451306)",
                    "Rows Removed by Filter": 1028934
                  },
                  {
                    "Node Type": "Hash",
                    "Parent Relationship": "Inner",
                    "Parallel Aware": true,
                    "Startup Cost": 58306.47,
                    "Total Cost": 58306.47,
                    "Plan Rows": 415933,
                    "Plan Width": 4,
                    "Actual Startup Time": 228.977,
                    "Actual Total Time": 228.978,
                    "Actual Rows": 297214,
                    "Actual Loops": 2,
                    "Hash Buckets": 1048576,
                    "Original Hash Buckets": 1048576,
                    "Hash Batches": 1,
                    "Original Hash Batches": 1,
                    "Peak Memory Usage": 31488,
                    "Plans": [
                      {
                        "Node Type": "Seq Scan",
                        "Parent Relationship": "Outer",
                        "Parallel Aware": true,
                        "Relation Name": "title",
                        "Alias": "t",
                        "Startup Cost": 0.0,
                        "Total Cost": 58306.47,
                        "Plan Rows": 415933,
                        "Plan Width": 4,
                        "Actual Startup Time": 0.029,
                        "Actual Total Time": 149.034,
                        "Actual Rows": 297214,
                        "Actual Loops": 2,
                        "Filter": "((kind_id > 3) AND (production_year < 2001))",
                        "Rows Removed by Filter": 966942
                      }
                    ]
                  }
                ]
              }
            ]
          }
        ]
      }
    ]
  },
  "Planning Time": 0.724,
  "Triggers": [],
  "Execution Time": 2332.364
}