[
  {
    "Plan": {
      "Node Type": "Aggregate",
      "Strategy": "Plain",
      "Partial Mode": "Finalize",
      "Parallel Aware": false,
      "Startup Cost": 42156.53,
      "Total Cost": 42156.54,
      "Plan Rows": 1,
      "Plan Width": 8,
      "Actual Startup Time": 142.322,
      "Actual Total Time": 150.706,
      "Actual Rows": 1,
      "Actual Loops": 1,
      "Plans": [
        {
          "Node Type": "Gather",
          "Parent Relationship": "Outer",
          "Parallel Aware": false,
          "Startup Cost": 42156.21,
          "Total Cost": 42156.52,
          "Plan Rows": 3,
          "Plan Width": 8,
          "Actual Startup Time": 141.983,
          "Actual Total Time": 150.697,
          "Actual Rows": 4,
          "Actual Loops": 1,
          "Workers Planned": 3,
          "Workers Launched": 3,
          "Single Copy": false,
          "Plans": [
            {
              "Node Type": "Aggregate",
              "Strategy": "Plain",
              "Partial Mode": "Partial",
              "Parent Relationship": "Outer",
              "Parallel Aware": false,
              "Startup Cost": 41156.21,
              "Total Cost": 41156.22,
              "Plan Rows": 1,
              "Plan Width": 8,
              "Actual Startup Time": 135.127,
              "Actual Total Time": 135.128,
              "Actual Rows": 1,
              "Actual Loops": 4,
              "Plans": [
                {
                  "Node Type": "Bitmap Heap Scan",
                  "Parent Relationship": "Outer",
                  "Parallel Aware": true,
                  "Relation Name": "movie_keyword",
                  "Alias": "mk",
                  "Startup Cost": 13600.44,
                  "Total Cost": 40639.25,
                  "Plan Rows": 206785,
                  "Plan Width": 0,
                  "Actual Startup Time": 51.86,
                  "Actual Total Time": 126.641,
                  "Actual Rows": 156266,
                  "Actual Loops": 4,
                  "Recheck Cond": "(keyword_id > 29318)",
                  "Rows Removed by Index Recheck": 0,
                  "Exact Heap Blocks": 10016,
                  "Lossy Heap Blocks": 0,
                  "Plans": [
                    {
                      "Node Type": "Bitmap Index Scan",
                      "Parent Relationship": "Outer",
                      "Parallel Aware": false,
                      "Index Name": "keyword_id_movie_keyword",
                      "Startup Cost": 0.0,
                      "Total Cost": 13440.18,
                      "Plan Rows": 641033,
                      "Plan Width": 0,
                      "Actual Startup Time": 54.489,
                      "Actual Total Time": 54.489,
                      "Actual Rows": 625066,
                      "Actual Loops": 1,
                      "Index Cond": "(keyword_id > 29318)"
                    }
                  ]
                }
              ]
            }
          ]
        }
      ]
    },
    "Planning Time": 0.145,
    "Triggers": [],
    "Execution Time": 150.766
  }
]