{
  "Plan": {
    "Node Type": "Aggregate",
    "Strategy": "Plain",
    "Partial Mode": "Finalize",
    "Parallel Aware": false,
    "Startup Cost": 37889.07,
    "Total Cost": 37889.08,
    "Plan Rows": 1,
    "Plan Width": 8,
    "Actual Startup Time": 62.934,
    "Actual Total Time": 71.236,
    "Actual Rows": 1,
    "Actual Loops": 1,
    "Plans": [
      {
        "Node Type": "Gather",
        "Parent Relationship": "Outer",
        "Parallel Aware": false,
        "Startup Cost": 37888.96,
        "Total Cost": 37889.07,
        "Plan Rows": 1,
        "Plan Width": 8,
        "Actual Startup Time": 60.933,
        "Actual Total Time": 71.229,
        "Actual Rows": 2,
        "Actual Loops": 1,
        "Workers Planned": 1,
        "Workers Launched": 1,
        "Single Copy": false,
        "Plans": [
          {
            "Node Type": "Aggregate",
            "Strategy": "Plain",
            "Partial Mode": "Partial",
            "Parent Relationship": "Outer",
            "Parallel Aware": false,
            "Startup Cost": 36888.96,
            "Total Cost": 36888.97,
            "Plan Rows": 1,
            "Plan Width": 8,
            "Actual Startup Time": 54.733,
            "Actual Total Time": 54.735,
            "Actual Rows": 1,
            "Actual Loops": 2,
            "Plans": [
              {
                "Node Type": "Nested Loop",
                "Parent Relationship": "Outer",
                "Parallel Aware": false,
                "Join Type": "Inner",
                "Startup Cost": 113.06,
                "Total Cost": 36886.82,
                "Plan Rows": 856,
                "Plan Width": 0,
                "Actual Startup Time": 3.81,
                "Actual Total Time": 54.67,
                "Actual Rows": 309,
                "Actual Loops": 2,
                "Inner Unique": false,
                "Plans": [
                  {
                    "Node Type": "Nested Loop",
                    "Parent Relationship": "Outer",
                    "Parallel Aware": false,
                    "Join Type": "Inner",
                    "Startup Cost": 112.63,
                    "Total Cost": 33595.01,
                    "Plan Rows": 1718,
                    "Plan Width": 8,
                    "Actual Startup Time": 3.09,
                    "Actual Total Time": 27.148,
                    "Actual Rows": 320,
                    "Actual Loops": 2,
                    "Inner Unique": true,
                    "Plans": [
                      {
                        "Node Type": "Bitmap Heap Scan",
                        "Parent Relationship": "Outer",
                        "Parallel Aware": true,
                        "Relation Name": "movie_companies",
                        "Alias": "mc",
                        "Startup Cost": 112.2,
                        "Total Cost": 11570.28,
                        "Plan Rows": 3018,
                        "Plan Width": 4,
                        "Actual Startup Time": 2.948,
                        "Actual Total Time": 9.534,
                        "Actual Rows": 2540,
                        "Actual Loops": 2,
                        "Recheck Cond": "(company_id = 475)",
                        "Rows Removed by Index Recheck": 0,
                        "Exact Heap Blocks": 2925,
                        "Lossy Heap Blocks": 0,
                        "Plans": [
                          {
                            "Node Type": "Bitmap Index Scan",
                            "Parent Relationship": "Outer",
                            "Parallel Aware": false,
                            "Index Name": "company_id_movie_companies",
                            "Startup Cost": 0.0,
                            "Total Cost": 110.91,
                            "Plan Rows": 5131,
                            "Plan Width": 0,
                            "Actual Startup Time": 3.857,
                            "Actual Total Time": 3.858,
                            "Actual Rows": 5080,
                            "Actual Loops": 1,
                            "Index Cond": "(company_id = 475)"
                          }
                        ]
                      },
                      {
                        "Node Type": "Index Scan",
                        "Parent Relationship": "Inner",
                        "Parallel Aware": false,
                        "Scan Direction": "Forward",
                        "Index Name": "title_pkey",
                        "Relation Name": "title",
                        "Alias": "t",
                        "Startup Cost": 0.43,
                        "Total Cost": 7.3,
                        "Plan Rows": 1,
                        "Plan Width": 4,
                        "Actual Startup Time": 0.006,
                        "Actual Total Time": 0.006,
                        "Actual Rows": 0,
                        "Actual Loops": 5080,
                        "Index Cond": "(id = mc.movie_id)",
                        "Rows Removed by Index Recheck": 0,
                        "Filter": "(production_year > 1999)",
                        "Rows Removed by Filter": 1
                      }
                    ]
                  },
                  {
                    "Node Type": "Index Scan",
                    "Parent Relationship": "Inner",
                    "Parallel Aware": false,
                    "Scan Direction": "Forward",
                    "Index Name": "movie_id_movie_info",
                    "Relation Name": "movie_info",
                    "Alias": "mi",
                    "Startup Cost": 0.43,
                    "Total Cost": 1.88,
                    "Plan Rows": 4,
                    "Plan Width": 4,
                    "Actual Startup Time": 0.079,
                    "Actual Total Time": 0.085,
                    "Actual Rows": 1,
                    "Actual Loops": 641,
                    "Index Cond": "(movie_id = t.id)",
                    "Rows Removed by Index Recheck": 0,
                    "Filter": "(info_type_id = 2)",
                    "Rows Removed by Filter": 151
                  }
                ]
              }
            ]
          }
        ]
      }
    ]
  },
  "Planning Time": 1.033,
  "Triggers": [],
  "Execution Time": 71.332
}