[
  {
    "Plan": {
      "Node Type": "Aggregate",
      "Strategy": "Plain",
      "Partial Mode": "Simple",
      "Parallel Aware": false,
      "Startup Cost": 2720.75,
      "Total Cost": 2720.76,
      "Plan Rows": 1,
      "Plan Width": 8,
      "Actual Startup Time": 15.855,
      "Actual Total Time": 15.859,
      "Actual Rows": 1,
      "Actual Loops": 1,
      "Plans": [
        {
          "Node Type": "Nested Loop",
          "Parent Relationship": "Outer",
          "Parallel Aware": false,
          "Join Type": "Inner",
          "Startup Cost": 1.43,
          "Total Cost": 2719.99,
          "Plan Rows": 304,
          "Plan Width": 0,
          "Actual Startup Time": 15.107,
          "Actual Total Time": 15.819,
          "Actual Rows": 175,
          "Actual Loops": 1,
          "Inner Unique": false,
          "Plans": [
            {
              "Node Type": "Nested Loop",
              "Parent Relationship": "Outer",
              "Parallel Aware": false,
              "Join Type": "Inner",
              "Startup Cost": 0.99,
              "Total Cost": 2419.14,
              "Plan Rows": 170,
              "Plan Width": 8,
              "Actual Startup Time": 15.015,
              "Actual Total Time": 15.436,
              "Actual Rows": 18,
              "Actual Loops": 1,
              "Inner Unique": true,
              "Plans": [
                {
                  "Node Type": "Index Scan",
                  "Parent Relationship": "Outer",
                  "Parallel Aware": false,
                  "Scan Direction": "Forward",
                  "Index Name": "person_id_cast_info",
                  "Relation Name": "cast_info",
                  "Alias": "ci",
                  "Startup Cost": 0.56,
                  "Total Cost": 987.07,
                  "Plan Rows": 170,
                  "Plan Width": 4,
                  "Actual Startup Time": 14.977,
                  "Actual Total Time": 15.129,
                  "Actual Rows": 18,
                  "Actual Loops": 1,
                  "Index Cond": "(person_id = 644890)",
                  "Rows Removed by Index Recheck": 0,
                  "Filter": "(role_id = 1)",
                  "Rows Removed by Filter": 254
                },
                {
                  "Node Type": "Index Only Scan",
                  "Parent Relationship": "Inner",
                  "Parallel Aware": false,
                  "Scan Direction": "Forward",
                  "Index Name": "title_pkey",
                  "Relation Name": "title",
                  "Alias": "t",
                  "Startup Cost": 0.43,
                  "Total Cost": 8.42,
                  "Plan Rows": 1,
                  "Plan Width": 4,
                  "Actual Startup Time": 0.016,
                  "Actual Total Time": 0.016,
                  "Actual Rows": 1,
                  "Actual Loops": 18,
                  "Index Cond": "(id = ci.movie_id)",
                  "Rows Removed by Index Recheck": 0,
                  "Heap Fetches": 18
                }
              ]
            },
            {
              "Node Type": "Index Only Scan",
              "Parent Relationship": "Inner",
              "Parallel Aware": false,
              "Scan Direction": "Forward",
              "Index Name": "movie_id_movie_keyword",
              "Relation Name": "movie_keyword",
              "Alias": "mk",
              "Startup Cost": 0.43,
              "Total Cost": 1.31,
              "Plan Rows": 46,
              "Plan Width": 4,
              "Actual Startup Time": 0.013,
              "Actual Total Time": 0.018,
              "Actual Rows": 10,
              "Actual Loops": 18,
              "Index Cond": "(movie_id = t.id)",
              "Rows Removed by Index Recheck": 0,
              "Heap Fetches": 175
            }
          ]
        }
      ]
    },
    "Planning Time": 0.972,
    "Triggers": [],
    "Execution Time": 15.92
  }
]