[
  {
    "Plan": {
      "Node Type": "Aggregate",
      "Strategy": "Plain",
      "Partial Mode": "Finalize",
      "Parallel Aware": false,
      "Startup Cost": 341285.17,
      "Total Cost": 341285.18,
      "Plan Rows": 1,
      "Plan Width": 8,
      "Actual Startup Time": 833.305,
      "Actual Total Time": 886.614,
      "Actual Rows": 1,
      "Actual Loops": 1,
      "Plans": [
        {
          "Node Type": "Gather",
          "Parent Relationship": "Outer",
          "Parallel Aware": false,
          "Startup Cost": 341284.54,
          "Total Cost": 341285.15,
          "Plan Rows": 6,
          "Plan Width": 8,
          "Actual Startup Time": 833.137,
          "Actual Total Time": 886.603,
          "Actual Rows": 7,
          "Actual Loops": 1,
          "Workers Planned": 6,
          "Workers Launched": 6,
          "Single Copy": false,
          "Plans": [
            {
              "Node Type": "Aggregate",
              "Strategy": "Plain",
              "Partial Mode": "Partial",
              "Parent Relationship": "Outer",
              "Parallel Aware": false,
              "Startup Cost": 340284.54,
              "Total Cost": 340284.55,
              "Plan Rows": 1,
              "Plan Width": 8,
              "Actual Startup Time": 827.425,
              "Actual Total Time": 827.426,
              "Actual Rows": 1,
              "Actual Loops": 7,
              "Plans": [
                {
                  "Node Type": "Seq Scan",
                  "Parent Relationship": "Outer",
                  "Parallel Aware": true,
                  "Relation Name": "cast_info",
                  "Alias": "ci",
                  "Startup Cost": 0.0,
                  "Total Cost": 328211.39,
                  "Plan Rows": 4829260,
                  "Plan Width": 0,
                  "Actual Startup Time": 92.575,
                  "Actual Total Time": 643.854,
                  "Actual Rows": 4119321,
                  "Actual Loops": 7,
                  "Filter": "(person_id > 717034)",
                  "Rows Removed by Filter": 1058442
                }
              ]
            }
          ]
        }
      ]
    },
    "Planning Time": 0.101,
    "Triggers": [],
    "Execution Time": 886.663
  }
]