[
  {
    "Plan": {
      "Node Type": "Aggregate",
      "Strategy": "Plain",
      "Partial Mode": "Finalize",
      "Parallel Aware": false,
      "Startup Cost": 341250.93,
      "Total Cost": 341250.94,
      "Plan Rows": 1,
      "Plan Width": 8,
      "Actual Startup Time": 800.918,
      "Actual Total Time": 855.27,
      "Actual Rows": 1,
      "Actual Loops": 1,
      "Plans": [
        {
          "Node Type": "Gather",
          "Parent Relationship": "Outer",
          "Parallel Aware": false,
          "Startup Cost": 341250.31,
          "Total Cost": 341250.92,
          "Plan Rows": 6,
          "Plan Width": 8,
          "Actual Startup Time": 800.811,
          "Actual Total Time": 855.25,
          "Actual Rows": 7,
          "Actual Loops": 1,
          "Workers Planned": 6,
          "Workers Launched": 6,
          "Single Copy": false,
          "Plans": [
            {
              "Node Type": "Aggregate",
              "Strategy": "Plain",
              "Partial Mode": "Partial",
              "Parent Relationship": "Outer",
              "Parallel Aware": false,
              "Startup Cost": 340250.31,
              "Total Cost": 340250.32,
              "Plan Rows": 1,
              "Plan Width": 8,
              "Actual Startup Time": 791.456,
              "Actual Total Time": 791.457,
              "Actual Rows": 1,
              "Actual Loops": 7,
              "Plans": [
                {
                  "Node Type": "Seq Scan",
                  "Parent Relationship": "Outer",
                  "Parallel Aware": true,
                  "Relation Name": "cast_info",
                  "Alias": "ci",
                  "Startup Cost": 0.0,
                  "Total Cost": 328162.03,
                  "Plan Rows": 4835313,
                  "Plan Width": 0,
                  "Actual Startup Time": 89.806,
                  "Actual Total Time": 621.007,
                  "Actual Rows": 4119321,
                  "Actual Loops": 7,
                  "Filter": "(person_id > 717034)",
                  "Rows Removed by Filter": 1058442
                }
              ]
            }
          ]
        }
      ]
    },
    "Planning Time": 0.135,
    "Triggers": [],
    "Execution Time": 855.328
  }
]