[
  {
    "Plan": {
      "Node Type": "Aggregate",
      "Strategy": "Plain",
      "Partial Mode": "Finalize",
      "Parallel Aware": false,
      "Startup Cost": 385959.05,
      "Total Cost": 385959.06,
      "Plan Rows": 1,
      "Plan Width": 8,
      "Actual Startup Time": 2792.433,
      "Actual Total Time": 2861.205,
      "Actual Rows": 1,
      "Actual Loops": 1,
      "Plans": [
        {
          "Node Type": "Gather",
          "Parent Relationship": "Outer",
          "Parallel Aware": false,
          "Startup Cost": 385958.42,
          "Total Cost": 385959.03,
          "Plan Rows": 6,
          "Plan Width": 8,
          "Actual Startup Time": 2782.255,
          "Actual Total Time": 2861.19,
          "Actual Rows": 7,
          "Actual Loops": 1,
          "Workers Planned": 6,
          "Workers Launched": 6,
          "Single Copy": false,
          "Plans": [
            {
              "Node Type": "Aggregate",
              "Strategy": "Plain",
              "Partial Mode": "Partial",
              "Parent Relationship": "Outer",
              "Parallel Aware": false,
              "Startup Cost": 384958.42,
              "Total Cost": 384958.43,
              "Plan Rows": 1,
              "Plan Width": 8,
              "Actual Startup Time": 2766.834,
              "Actual Total Time": 2766.837,
              "Actual Rows": 1,
              "Actual Loops": 7,
              "Plans": [
                {
                  "Node Type": "Hash Join",
                  "Parent Relationship": "Outer",
                  "Parallel Aware": true,
                  "Join Type": "Inner",
                  "Startup Cost": 49108.16,
                  "Total Cost": 378024.96,
                  "Plan Rows": 2773386,
                  "Plan Width": 0,
                  "Actual Startup Time": 196.266,
                  "Actual Total Time": 2625.725,
                  "Actual Rows": 2661437,
                  "Actual Loops": 7,
                  "Inner Unique": true,
                  "Hash Cond": "(ci.movie_id = t.id)",
                  "Plans": [
                    {
                      "Node Type": "Seq Scan",
                      "Parent Relationship": "Outer",
                      "Parallel Aware": true,
                      "Relation Name": "cast_info",
                      "Alias": "ci",
                      "Startup Cost": 0.0,
                      "Total Cost": 313067.02,
                      "Plan Rows": 6038002,
                      "Plan Width": 4,
                      "Actual Startup Time": 0.026,
                      "Actual Total Time": 609.52,
                      "Actual Rows": 5177763,
                      "Actual Loops": 7
                    },
                    {
                      "Node Type": "Hash",
                      "Parent Relationship": "Inner",
                      "Parallel Aware": true,
                      "Startup Cost": 45479.1,
                      "Total Cost": 45479.1,
                      "Plan Rows": 290325,
                      "Plan Width": 4,
                      "Actual Startup Time": 191.155,
                      "Actual Total Time": 191.156,
                      "Actual Rows": 183403,
                      "Actual Loops": 7,
                      "Hash Buckets": 2097152,
                      "Original Hash Buckets": 2097152,
                      "Hash Batches": 1,
                      "Original Hash Batches": 1,
                      "Peak Memory Usage": 66720,
                      "Plans": [
                        {
                          "Node Type": "Seq Scan",
                          "Parent Relationship": "Outer",
                          "Parallel Aware": true,
                          "Relation Name": "title",
                          "Alias": "t",
                          "Startup Cost": 0.0,
                          "Total Cost": 45479.1,
                          "Plan Rows": 290325,
                          "Plan Width": 4,
                          "Actual Startup Time": 0.038,
                          "Actual Total Time": 88.832,
                          "Actual Rows": 183403,
                          "Actual Loops": 7,
                          "Filter": "((kind_id > 3) AND (production_year > 1990))",
                          "Rows Removed by Filter": 177784
                        }
                      ]
                    }
                  ]
                }
              ]
            }
          ]
        }
      ]
    },
    "Planning Time": 0.63,
    "Triggers": [],
    "Execution Time": 2861.301
  }
]