{
  "Plan": {
    "Node Type": "Aggregate",
    "Strategy": "Plain",
    "Partial Mode": "Finalize",
    "Parallel Aware": false,
    "Startup Cost": 675278.86,
    "Total Cost": 675278.87,
    "Plan Rows": 1,
    "Plan Width": 8,
    "Actual Startup Time": 3722.335,
    "Actual Total Time": 3797.6,
    "Actual Rows": 1,
    "Actual Loops": 1,
    "Plans": [
      {
        "Node Type": "Gather",
        "Parent Relationship": "Outer",
        "Parallel Aware": false,
        "Startup Cost": 675278.75,
        "Total Cost": 675278.86,
        "Plan Rows": 1,
        "Plan Width": 8,
        "Actual Startup Time": 3720.195,
        "Actual Total Time": 3797.591,
        "Actual Rows": 2,
        "Actual Loops": 1,
        "Workers Planned": 1,
        "Workers Launched": 1,
        "Single Copy": false,
        "Plans": [
          {
            "Node Type": "Aggregate",
            "Strategy": "Plain",
            "Partial Mode": "Partial",
            "Parent Relationship": "Outer",
            "Parallel Aware": false,
            "Startup Cost": 674278.75,
            "Total Cost": 674278.76,
            "Plan Rows": 1,
            "Plan Width": 8,
            "Actual Startup Time": 3713.87,
            "Actual Total Time": 3713.876,
            "Actual Rows": 1,
            "Actual Loops": 2,
            "Plans": [
              {
                "Node Type": "Hash Join",
                "Parent Relationship": "Outer",
                "Parallel Aware": true,
                "Join Type": "Inner",
                "Startup Cost": 602343.48,
                "Total Cost": 673014.83,
                "Plan Rows": 505565,
                "Plan Width": 0,
                "Actual Startup Time": 2659.588,
                "Actual Total Time": 3475.225,
                "Actual Rows": 6173607,
                "Actual Loops": 2,
                "Inner Unique": false,
                "Hash Cond": "(mk.movie_id = t.id)",
                "Plans": [
                  {
                    "Node Type": "Seq Scan",
                    "Parent Relationship": "Outer",
                    "Parallel Aware": true,
                    "Relation Name": "movie_keyword",
                    "Alias": "mk",
                    "Startup Cost": 0.0,
                    "Total Cost": 51065.35,
                    "Plan Rows": 2661135,
                    "Plan Width": 4,
                    "Actual Startup Time": 0.024,
                    "Actual Total Time": 154.399,
                    "Actual Rows": 2261965,
                    "Actual Loops": 2
                  },
                  {
                    "Node Type": "Hash",
                    "Parent Relationship": "Inner",
                    "Parallel Aware": true,
                    "Startup Cost": 598811.66,
                    "Total Cost": 598811.66,
                    "Plan Rows": 282545,
                    "Plan Width": 8,
                    "Actual Startup Time": 2653.091,
                    "Actual Total Time": 2653.096,
                    "Actual Rows": 474110,
                    "Actual Loops": 2,
                    "Hash Buckets": 1048576,
                    "Original Hash Buckets": 524288,
                    "Hash Batches": 1,
                    "Original Hash Batches": 1,
                    "Peak Memory Usage": 49408,
                    "Plans": [
                      {
                        "Node Type": "Hash Join",
                        "Parent Relationship": "Outer",
                        "Parallel Aware": true,
                        "Join Type": "Inner",
                        "Startup Cost": 58970.26,
                        "Total Cost": 598811.66,
                        "Plan Rows": 282545,
                        "Plan Width": 8,
                        "Actual Startup Time": 165.458,
                        "Actual Total Time": 2508.399,
                        "Actual Rows": 474110,
                        "Actual Loops": 2,
                        "Inner Unique": true,
                        "Hash Cond": "(ci.movie_id = t.id)",
                        "Plans": [
                          {
                            "Node Type": "Seq Scan",
                            "Parent Relationship": "Outer",
                            "Parallel Aware": true,
                            "Relation Name": "cast_info",
                            "Alias": "ci",
                            "Startup Cost": 0.0,
                            "Total Cost": 519069.44,
                            "Plan Rows": 7913118,
                            "Plan Width": 4,
                            "Actual Startup Time": 0.02,
                            "Actual Total Time": 1371.86,
                            "Actual Rows": 6724919,
                            "Actual Loops": 2,
                            "Filter": "(person_id < 1326200)",
                            "Rows Removed by Filter": 11397253
                          },
                          {
                            "Node Type": "Hash",
                            "Parent Relationship": "Inner",
                            "Parallel Aware": true,
                            "Startup Cost": 58306.47,
                            "Total Cost": 58306.47,
                            "Plan Rows": 53103,
                            "Plan Width": 4,
                            "Actual Startup Time": 164.125,
                            "Actual Total Time": 164.126,
                            "Actual Rows": 97486,
                            "Actual Loops": 2,
                            "Hash Buckets": 262144,
                            "Original Hash Buckets": 131072,
                            "Hash Batches": 1,
                            "Original Hash Batches": 1,
                            "Peak Memory Usage": 10720,
                            "Plans": [
                              {
                                "Node Type": "Seq Scan",
                                "Parent Relationship": "Outer",
                                "Parallel Aware": true,
                                "Relation Name": "title",
                                "Alias": "t",
                                "Startup Cost": 0.0,
                                "Total Cost": 58306.47,
                                "Plan Rows": 53103,
                                "Plan Width": 4,
                                "Actual Startup Time": 0.236,
                                "Actual Total Time": 139.252,
                                "Actual Rows": 97486,
                                "Actual Loops": 2,
                                "Filter": "((kind_id < 7) AND (production_year < 1960))",
                                "Rows Removed by Filter": 1166670
                              }
                            ]
                          }
                        ]
                      }
                    ]
                  }
                ]
              }
            ]
          }
        ]
      }
    ]
  },
  "Planning Time": 1.0,
  "Triggers": [],
  "Execution Time": 3797.704
}