{
  "Plan": {
    "Node Type": "Aggregate",
    "Strategy": "Plain",
    "Partial Mode": "Finalize",
    "Parallel Aware": false,
    "Startup Cost": 1085079.75,
    "Total Cost": 1085079.76,
    "Plan Rows": 1,
    "Plan Width": 8,
    "Actual Startup Time": 7313.767,
    "Actual Total Time": 7402.206,
    "Actual Rows": 1,
    "Actual Loops": 1,
    "Plans": [
      {
        "Node Type": "Gather",
        "Parent Relationship": "Outer",
        "Parallel Aware": false,
        "Startup Cost": 1085079.64,
        "Total Cost": 1085079.75,
        "Plan Rows": 1,
        "Plan Width": 8,
        "Actual Startup Time": 7309.767,
        "Actual Total Time": 7402.198,
        "Actual Rows": 2,
        "Actual Loops": 1,
        "Workers Planned": 1,
        "Workers Launched": 1,
        "Single Copy": false,
        "Plans": [
          {
            "Node Type": "Aggregate",
            "Strategy": "Plain",
            "Partial Mode": "Partial",
            "Parent Relationship": "Outer",
            "Parallel Aware": false,
            "Startup Cost": 1084079.64,
            "Total Cost": 1084079.65,
            "Plan Rows": 1,
            "Plan Width": 8,
            "Actual Startup Time": 7298.93,
            "Actual Total Time": 7298.936,
            "Actual Rows": 1,
            "Actual Loops": 2,
            "Plans": [
              {
                "Node Type": "Hash Join",
                "Parent Relationship": "Outer",
                "Parallel Aware": true,
                "Join Type": "Inner",
                "Startup Cost": 610197.57,
                "Total Cost": 1053526.48,
                "Plan Rows": 12221262,
                "Plan Width": 0,
                "Actual Startup Time": 4180.957,
                "Actual Total Time": 7070.087,
                "Actual Rows": 5705410,
                "Actual Loops": 2,
                "Inner Unique": false,
                "Hash Cond": "(mi.movie_id = t.id)",
                "Plans": [
                  {
                    "Node Type": "Seq Scan",
                    "Parent Relationship": "Outer",
                    "Parallel Aware": true,
                    "Relation Name": "movie_info",
                    "Alias": "mi",
                    "Startup Cost": 0.0,
                    "Total Cost": 270696.42,
                    "Plan Rows": 8059416,
                    "Plan Width": 4,
                    "Actual Startup Time": 0.02,
                    "Actual Total Time": 835.252,
                    "Actual Rows": 6904752,
                    "Actual Loops": 2,
                    "Filter": "(info_type_id < 85)",
                    "Rows Removed by Filter": 513108
                  },
                  {
                    "Node Type": "Hash",
                    "Parent Relationship": "Inner",
                    "Parallel Aware": true,
                    "Startup Cost": 582007.18,
                    "Total Cost": 582007.18,
                    "Plan Rows": 2255231,
                    "Plan Width": 8,
                    "Actual Startup Time": 4158.457,
                    "Actual Total Time": 4158.462,
                    "Actual Rows": 902046,
                    "Actual Loops": 2,
                    "Hash Buckets": 4194304,
                    "Original Hash Buckets": 4194304,
                    "Hash Batches": 1,
                    "Original Hash Batches": 1,
                    "Peak Memory Usage": 103360,
                    "Plans": [
                      {
                        "Node Type": "Hash Join",
                        "Parent Relationship": "Outer",
                        "Parallel Aware": true,
                        "Join Type": "Inner",
                        "Startup Cost": 60273.83,
                        "Total Cost": 582007.18,
                        "Plan Rows": 2255231,
                        "Plan Width": 8,
                        "Actual Startup Time": 168.684,
                        "Actual Total Time": 3828.62,
                        "Actual Rows": 902046,
                        "Actual Loops": 2,
                        "Inner Unique": true,
                        "Hash Cond": "(ci.movie_id = t.id)",
                        "Plans": [
                          {
                            "Node Type": "Seq Scan",
                            "Parent Relationship": "Outer",
                            "Parallel Aware": true,
                            "Relation Name": "cast_info",
                            "Alias": "ci",
                            "Startup Cost": 0.0,
                            "Total Cost": 465792.95,
                            "Plan Rows": 21310595,
                            "Plan Width": 4,
                            "Actual Startup Time": 0.015,
                            "Actual Total Time": 1453.256,
                            "Actual Rows": 18122172,
                            "Actual Loops": 2
                          },
                          {
                            "Node Type": "Hash",
                            "Parent Relationship": "Inner",
                            "Parallel Aware": true,
                            "Startup Cost": 58306.47,
                            "Total Cost": 58306.47,
                            "Plan Rows": 157389,
                            "Plan Width": 4,
                            "Actual Startup Time": 166.905,
                            "Actual Total Time": 166.906,
                            "Actual Rows": 84772,
                            "Actual Loops": 2,
                            "Hash Buckets": 524288,
                            "Original Hash Buckets": 524288,
                            "Hash Batches": 1,
                            "Original Hash Batches": 1,
                            "Peak Memory Usage": 10752,
                            "Plans": [
                              {
                                "Node Type": "Seq Scan",
                                "Parent Relationship": "Outer",
                                "Parallel Aware": true,
                                "Relation Name": "title",
                                "Alias": "t",
                                "Startup Cost": 0.0,
                                "Total Cost": 58306.47,
                                "Plan Rows": 157389,
                                "Plan Width": 4,
                                "Actual Startup Time": 0.042,
                                "Actual Total Time": 138.631,
                                "Actual Rows": 84772,
                                "Actual Loops": 2,
                                "Filter": "((production_year < 1976) AND (kind_id = 7))",
                                "Rows Removed by Filter": 1179384
                              }
                            ]
                          }
                        ]
                      }
                    ]
                  }
                ]
              }
            ]
          }
        ]
      }
    ]
  },
  "Planning Time": 0.584,
  "Triggers": [],
  "Execution Time": 7402.278
}