[
  {
    "Plan": {
      "Node Type": "Aggregate",
      "Strategy": "Plain",
      "Partial Mode": "Finalize",
      "Parallel Aware": false,
      "Startup Cost": 339690.98,
      "Total Cost": 339690.99,
      "Plan Rows": 1,
      "Plan Width": 8,
      "Actual Startup Time": 967.965,
      "Actual Total Time": 1021.487,
      "Actual Rows": 1,
      "Actual Loops": 1,
      "Plans": [
        {
          "Node Type": "Gather",
          "Parent Relationship": "Outer",
          "Parallel Aware": false,
          "Startup Cost": 339690.35,
          "Total Cost": 339690.96,
          "Plan Rows": 6,
          "Plan Width": 8,
          "Actual Startup Time": 967.763,
          "Actual Total Time": 1021.474,
          "Actual Rows": 7,
          "Actual Loops": 1,
          "Workers Planned": 6,
          "Workers Launched": 6,
          "Single Copy": false,
          "Plans": [
            {
              "Node Type": "Aggregate",
              "Strategy": "Plain",
              "Partial Mode": "Partial",
              "Parent Relationship": "Outer",
              "Parallel Aware": false,
              "Startup Cost": 338690.35,
              "Total Cost": 338690.36,
              "Plan Rows": 1,
              "Plan Width": 8,
              "Actual Startup Time": 959.705,
              "Actual Total Time": 959.706,
              "Actual Rows": 1,
              "Actual Loops": 7,
              "Plans": [
                {
                  "Node Type": "Seq Scan",
                  "Parent Relationship": "Outer",
                  "Parallel Aware": true,
                  "Relation Name": "cast_info",
                  "Alias": "ci",
                  "Startup Cost": 0.0,
                  "Total Cost": 328211.39,
                  "Plan Rows": 4191585,
                  "Plan Width": 0,
                  "Actual Startup Time": 0.054,
                  "Actual Total Time": 741.39,
                  "Actual Rows": 3609198,
                  "Actual Loops": 7,
                  "Filter": "(person_id < 2606206)",
                  "Rows Removed by Filter": 1568566
                }
              ]
            }
          ]
        }
      ]
    },
    "Planning Time": 0.202,
    "Triggers": [],
    "Execution Time": 1021.553
  }
]