{
  "Plan": {
    "Node Type": "Aggregate",
    "Strategy": "Plain",
    "Partial Mode": "Finalize",
    "Parallel Aware": false,
    "Startup Cost": 149928.88,
    "Total Cost": 149928.89,
    "Plan Rows": 1,
    "Plan Width": 8,
    "Actual Startup Time": 631.363,
    "Actual Total Time": 651.402,
    "Actual Rows": 1,
    "Actual Loops": 1,
    "Plans": [
      {
        "Node Type": "Gather",
        "Parent Relationship": "Outer",
        "Parallel Aware": false,
        "Startup Cost": 149928.77,
        "Total Cost": 149928.88,
        "Plan Rows": 1,
        "Plan Width": 8,
        "Actual Startup Time": 630.946,
        "Actual Total Time": 651.395,
        "Actual Rows": 2,
        "Actual Loops": 1,
        "Workers Planned": 1,
        "Workers Launched": 1,
        "Single Copy": false,
        "Plans": [
          {
            "Node Type": "Aggregate",
            "Strategy": "Plain",
            "Partial Mode": "Partial",
            "Parent Relationship": "Outer",
            "Parallel Aware": false,
            "Startup Cost": 148928.77,
            "Total Cost": 148928.78,
            "Plan Rows": 1,
            "Plan Width": 8,
            "Actual Startup Time": 624.598,
            "Actual Total Time": 624.604,
            "Actual Rows": 1,
            "Actual Loops": 2,
            "Plans": [
              {
                "Node Type": "Hash Join",
                "Parent Relationship": "Outer",
                "Parallel Aware": true,
                "Join Type": "Inner",
                "Startup Cost": 86976.72,
                "Total Cost": 148658.13,
                "Plan Rows": 108256,
                "Plan Width": 0,
                "Actual Startup Time": 316.856,
                "Actual Total Time": 622.022,
                "Actual Rows": 58380,
                "Actual Loops": 2,
                "Inner Unique": false,
                "Hash Cond": "(mk.movie_id = t.id)",
                "Plans": [
                  {
                    "Node Type": "Seq Scan",
                    "Parent Relationship": "Outer",
                    "Parallel Aware": true,
                    "Relation Name": "movie_keyword",
                    "Alias": "mk",
                    "Startup Cost": 0.0,
                    "Total Cost": 51065.35,
                    "Plan Rows": 2661135,
                    "Plan Width": 4,
                    "Actual Startup Time": 0.007,
                    "Actual Total Time": 152.756,
                    "Actual Rows": 2261965,
                    "Actual Loops": 2
                  },
                  {
                    "Node Type": "Hash",
                    "Parent Relationship": "Inner",
                    "Parallel Aware": true,
                    "Startup Cost": 86220.46,
                    "Total Cost": 86220.46,
                    "Plan Rows": 60501,
                    "Plan Width": 8,
                    "Actual Startup Time": 314.552,
                    "Actual Total Time": 314.556,
                    "Actual Rows": 20564,
                    "Actual Loops": 2,
                    "Hash Buckets": 131072,
                    "Original Hash Buckets": 131072,
                    "Hash Batches": 1,
                    "Original Hash Batches": 1,
                    "Peak Memory Usage": 2688,
                    "Plans": [
                      {
                        "Node Type": "Hash Join",
                        "Parent Relationship": "Outer",
                        "Parallel Aware": true,
                        "Join Type": "Inner",
                        "Startup Cost": 25699.06,
                        "Total Cost": 86220.46,
                        "Plan Rows": 60501,
                        "Plan Width": 8,
                        "Actual Startup Time": 66.359,
                        "Actual Total Time": 307.974,
                        "Actual Rows": 20564,
                        "Actual Loops": 2,
                        "Inner Unique": false,
                        "Hash Cond": "(t.id = mc.movie_id)",
                        "Plans": [
                          {
                            "Node Type": "Seq Scan",
                            "Parent Relationship": "Outer",
                            "Parallel Aware": true,
                            "Relation Name": "title",
                            "Alias": "t",
                            "Startup Cost": 0.0,
                            "Total Cost": 50870.31,
                            "Plan Rows": 1487231,
                            "Plan Width": 4,
                            "Actual Startup Time": 0.014,
                            "Actual Total Time": 119.74,
                            "Actual Rows": 1264156,
                            "Actual Loops": 2
                          },
                          {
                            "Node Type": "Hash",
                            "Parent Relationship": "Inner",
                            "Parallel Aware": true,
                            "Startup Cost": 24942.8,
                            "Total Cost": 24942.8,
                            "Plan Rows": 60501,
                            "Plan Width": 4,
                            "Actual Startup Time": 65.175,
                            "Actual Total Time": 65.177,
                            "Actual Rows": 20564,
                            "Actual Loops": 2,
                            "Hash Buckets": 131072,
                            "Original Hash Buckets": 131072,
                            "Hash Batches": 1,
                            "Original Hash Batches": 1,
                            "Peak Memory Usage": 2688,
                            "Plans": [
                              {
                                "Node Type": "Bitmap Heap Scan",
                                "Parent Relationship": "Outer",
                                "Parallel Aware": true,
                                "Relation Name": "movie_companies",
                                "Alias": "mc",
                                "Startup Cost": 4365.42,
                                "Total Cost": 24942.8,
                                "Plan Rows": 60501,
                                "Plan Width": 4,
                                "Actual Startup Time": 50.2,
                                "Actual Total Time": 60.779,
                                "Actual Rows": 20564,
                                "Actual Loops": 2,
                                "Recheck Cond": "(company_id < 64)",
                                "Rows Removed by Index Recheck": 0,
                                "Filter": "(company_type_id = 2)",
                                "Rows Removed by Filter": 80220,
                                "Exact Heap Blocks": 13349,
                                "Lossy Heap Blocks": 0,
                                "Plans": [
                                  {
                                    "Node Type": "Bitmap Index Scan",
                                    "Parent Relationship": "Outer",
                                    "Parallel Aware": false,
                                    "Index Name": "company_id_movie_companies",
                                    "Startup Cost": 0.0,
                                    "Total Cost": 4339.7,
                                    "Plan Rows": 202570,
                                    "Plan Width": 0,
                                    "Actual Startup Time": 21.597,
                                    "Actual Total Time": 21.598,
                                    "Actual Rows": 201569,
                                    "Actual Loops": 1,
                                    "Index Cond": "(company_id < 64)"
                                  }
                                ]
                              }
                            ]
                          }
                        ]
                      }
                    ]
                  }
                ]
              }
            ]
          }
        ]
      }
    ]
  },
  "Planning Time": 1.111,
  "Triggers": [],
  "Execution Time": 651.508
}