{
  "Plan": {
    "Node Type": "Aggregate",
    "Strategy": "Plain",
    "Partial Mode": "Finalize",
    "Parallel Aware": false,
    "Startup Cost": 102249.68,
    "Total Cost": 102249.69,
    "Plan Rows": 1,
    "Plan Width": 8,
    "Actual Startup Time": 458.428,
    "Actual Total Time": 472.682,
    "Actual Rows": 1,
    "Actual Loops": 1,
    "Plans": [
      {
        "Node Type": "Gather",
        "Parent Relationship": "Outer",
        "Parallel Aware": false,
        "Startup Cost": 102249.56,
        "Total Cost": 102249.67,
        "Plan Rows": 1,
        "Plan Width": 8,
        "Actual Startup Time": 457.811,
        "Actual Total Time": 472.676,
        "Actual Rows": 2,
        "Actual Loops": 1,
        "Workers Planned": 1,
        "Workers Launched": 1,
        "Single Copy": false,
        "Plans": [
          {
            "Node Type": "Aggregate",
            "Strategy": "Plain",
            "Partial Mode": "Partial",
            "Parent Relationship": "Outer",
            "Parallel Aware": false,
            "Startup Cost": 101249.56,
            "Total Cost": 101249.57,
            "Plan Rows": 1,
            "Plan Width": 8,
            "Actual Startup Time": 452.311,
            "Actual Total Time": 452.315,
            "Actual Rows": 1,
            "Actual Loops": 2,
            "Plans": [
              {
                "Node Type": "Hash Join",
                "Parent Relationship": "Outer",
                "Parallel Aware": true,
                "Join Type": "Inner",
                "Startup Cost": 39559.29,
                "Total Cost": 100794.81,
                "Plan Rows": 181902,
                "Plan Width": 0,
                "Actual Startup Time": 127.576,
                "Actual Total Time": 447.472,
                "Actual Rows": 84712,
                "Actual Loops": 2,
                "Inner Unique": false,
                "Hash Cond": "(t.id = mc.movie_id)",
                "Plans": [
                  {
                    "Node Type": "Seq Scan",
                    "Parent Relationship": "Outer",
                    "Parallel Aware": true,
                    "Relation Name": "title",
                    "Alias": "t",
                    "Startup Cost": 0.0,
                    "Total Cost": 50870.31,
                    "Plan Rows": 1487231,
                    "Plan Width": 4,
                    "Actual Startup Time": 0.012,
                    "Actual Total Time": 132.543,
                    "Actual Rows": 1264156,
                    "Actual Loops": 2
                  },
                  {
                    "Node Type": "Hash",
                    "Parent Relationship": "Inner",
                    "Parallel Aware": true,
                    "Startup Cost": 37285.52,
                    "Total Cost": 37285.52,
                    "Plan Rows": 181902,
                    "Plan Width": 4,
                    "Actual Startup Time": 124.257,
                    "Actual Total Time": 124.258,
                    "Actual Rows": 84712,
                    "Actual Loops": 2,
                    "Hash Buckets": 524288,
                    "Original Hash Buckets": 524288,
                    "Hash Batches": 1,
                    "Original Hash Batches": 1,
                    "Peak Memory Usage": 10752,
                    "Plans": [
                      {
                        "Node Type": "Bitmap Heap Scan",
                        "Parent Relationship": "Outer",
                        "Parallel Aware": true,
                        "Relation Name": "movie_companies",
                        "Alias": "mc",
                        "Startup Cost": 13121.58,
                        "Total Cost": 37285.52,
                        "Plan Rows": 181902,
                        "Plan Width": 4,
                        "Actual Startup Time": 77.617,
                        "Actual Total Time": 103.299,
                        "Actual Rows": 84712,
                        "Actual Loops": 2,
                        "Recheck Cond": "(company_id < 699)",
                        "Rows Removed by Index Recheck": 0,
                        "Filter": "(company_type_id = 2)",
                        "Rows Removed by Filter": 217228,
                        "Exact Heap Blocks": 13871,
                        "Lossy Heap Blocks": 0,
                        "Plans": [
                          {
                            "Node Type": "Bitmap Index Scan",
                            "Parent Relationship": "Outer",
                            "Parallel Aware": false,
                            "Index Name": "company_id_movie_companies",
                            "Startup Cost": 0.0,
                            "Total Cost": 13044.28,
                            "Plan Rows": 609046,
                            "Plan Width": 0,
                            "Actual Startup Time": 31.174,
                            "Actual Total Time": 31.175,
                            "Actual Rows": 603880,
                            "Actual Loops": 1,
                            "Index Cond": "(company_id < 699)"
                          }
                        ]
                      }
                    ]
                  }
                ]
              }
            ]
          }
        ]
      }
    ]
  },
  "Planning Time": 0.334,
  "Triggers": [],
  "Execution Time": 472.732
}