[
    {
        "Bao": {
            "Bao prediction": "NaN",
            "Bao recommended hint": "(no hint)"
        }
    },
    {
        "Plan": {
            "Node Type": "Aggregate",
            "Strategy": "Plain",
            "Partial Mode": "Finalize",
            "Parallel Aware": false,
            "Startup Cost": 119738.71,
            "Total Cost": 119738.72,
            "Plan Rows": 1,
            "Plan Width": 8,
            "Actual Startup Time": 453.971,
            "Actual Total Time": 466.04,
            "Actual Rows": 1,
            "Actual Loops": 1,
            "Output": [
                "count(*)"
            ],
            "Plans": [
                {
                    "Node Type": "Gather",
                    "Parent Relationship": "Outer",
                    "Parallel Aware": false,
                    "Startup Cost": 119738.39,
                    "Total Cost": 119738.7,
                    "Plan Rows": 3,
                    "Plan Width": 8,
                    "Actual Startup Time": 450.348,
                    "Actual Total Time": 466.032,
                    "Actual Rows": 4,
                    "Actual Loops": 1,
                    "Output": [
                        "(PARTIAL count(*))"
                    ],
                    "Workers Planned": 3,
                    "Workers Launched": 3,
                    "Single Copy": false,
                    "Plans": [
                        {
                            "Node Type": "Aggregate",
                            "Strategy": "Plain",
                            "Partial Mode": "Partial",
                            "Parent Relationship": "Outer",
                            "Parallel Aware": false,
                            "Startup Cost": 118738.39,
                            "Total Cost": 118738.4,
                            "Plan Rows": 1,
                            "Plan Width": 8,
                            "Actual Startup Time": 441.586,
                            "Actual Total Time": 441.884,
                            "Actual Rows": 1,
                            "Actual Loops": 4,
                            "Output": [
                                "PARTIAL count(*)"
                            ],
                            "Workers": [
                                {
                                    "Worker Number": 0,
                                    "Actual Startup Time": 439.096,
                                    "Actual Total Time": 439.102,
                                    "Actual Rows": 1,
                                    "Actual Loops": 1
                                },
                                {
                                    "Worker Number": 1,
                                    "Actual Startup Time": 438.483,
                                    "Actual Total Time": 438.489,
                                    "Actual Rows": 1,
                                    "Actual Loops": 1
                                },
                                {
                                    "Worker Number": 2,
                                    "Actual Startup Time": 438.735,
                                    "Actual Total Time": 438.74,
                                    "Actual Rows": 1,
                                    "Actual Loops": 1
                                }
                            ],
                            "Plans": [
                                {
                                    "Node Type": "Hash Join",
                                    "Parent Relationship": "Outer",
                                    "Parallel Aware": true,
                                    "Join Type": "Inner",
                                    "Startup Cost": 91411.78,
                                    "Total Cost": 118714.66,
                                    "Plan Rows": 9495,
                                    "Plan Width": 0,
                                    "Actual Startup Time": 345.662,
                                    "Actual Total Time": 434.669,
                                    "Actual Rows": 119133,
                                    "Actual Loops": 4,
                                    "Inner Unique": false,
                                    "Hash Cond": "(mk.movie_id = t.id)",
                                    "Workers": [
                                        {
                                            "Worker Number": 0,
                                            "Actual Startup Time": 342.541,
                                            "Actual Total Time": 431.794,
                                            "Actual Rows": 92074,
                                            "Actual Loops": 1
                                        },
                                        {
                                            "Worker Number": 1,
                                            "Actual Startup Time": 342.651,
                                            "Actual Total Time": 431.054,
                                            "Actual Rows": 94180,
                                            "Actual Loops": 1
                                        },
                                        {
                                            "Worker Number": 2,
                                            "Actual Startup Time": 343.589,
                                            "Actual Total Time": 431.635,
                                            "Actual Rows": 129418,
                                            "Actual Loops": 1
                                        }
                                    ],
                                    "Plans": [
                                        {
                                            "Node Type": "Bitmap Heap Scan",
                                            "Parent Relationship": "Outer",
                                            "Parallel Aware": true,
                                            "Relation Name": "movie_keyword",
                                            "Schema": "public",
                                            "Alias": "mk",
                                            "Startup Cost": 11407.1,
                                            "Total Cost": 38028.98,
                                            "Plan Rows": 173430,
                                            "Plan Width": 4,
                                            "Actual Startup Time": 32.625,
                                            "Actual Total Time": 85.646,
                                            "Actual Rows": 132321,
                                            "Actual Loops": 4,
                                            "Output": [
                                                "mk.id",
                                                "mk.movie_id",
                                                "mk.keyword_id"
                                            ],
                                            "Recheck Cond": "(mk.keyword_id > 34440)",
                                            "Rows Removed by Index Recheck": 0,
                                            "Exact Heap Blocks": 8399,
                                            "Lossy Heap Blocks": 0,
                                            "Workers": [
                                                {
                                                    "Worker Number": 0,
                                                    "Actual Startup Time": 32.648,
                                                    "Actual Total Time": 87.782,
                                                    "Actual Rows": 101306,
                                                    "Actual Loops": 1
                                                },
                                                {
                                                    "Worker Number": 1,
                                                    "Actual Startup Time": 32.722,
                                                    "Actual Total Time": 87.307,
                                                    "Actual Rows": 101032,
                                                    "Actual Loops": 1
                                                },
                                                {
                                                    "Worker Number": 2,
                                                    "Actual Startup Time": 32.658,
                                                    "Actual Total Time": 86.729,
                                                    "Actual Rows": 136622,
                                                    "Actual Loops": 1
                                                }
                                            ],
                                            "Plans": [
                                                {
                                                    "Node Type": "Bitmap Index Scan",
                                                    "Parent Relationship": "Outer",
                                                    "Parallel Aware": false,
                                                    "Index Name": "keyword_id_movie_keyword",
                                                    "Startup Cost": 0.0,
                                                    "Total Cost": 11272.69,
                                                    "Plan Rows": 537634,
                                                    "Plan Width": 0,
                                                    "Actual Startup Time": 29.136,
                                                    "Actual Total Time": 29.137,
                                                    "Actual Rows": 529284,
                                                    "Actual Loops": 1,
                                                    "Index Cond": "(mk.keyword_id > 34440)"
                                                }
                                            ]
                                        },
                                        {
                                            "Node Type": "Hash",
                                            "Parent Relationship": "Inner",
                                            "Parallel Aware": true,
                                            "Startup Cost": 79446.55,
                                            "Total Cost": 79446.55,
                                            "Plan Rows": 44651,
                                            "Plan Width": 8,
                                            "Actual Startup Time": 311.702,
                                            "Actual Total Time": 311.998,
                                            "Actual Rows": 98643,
                                            "Actual Loops": 4,
                                            "Output": [
                                                "t.id",
                                                "mc.movie_id"
                                            ],
                                            "Hash Buckets": 524288,
                                            "Original Hash Buckets": 262144,
                                            "Hash Batches": 1,
                                            "Original Hash Batches": 1,
                                            "Peak Memory Usage": 21632,
                                            "Workers": [
                                                {
                                                    "Worker Number": 0,
                                                    "Actual Startup Time": 309.277,
                                                    "Actual Total Time": 309.28,
                                                    "Actual Rows": 82198,
                                                    "Actual Loops": 1
                                                },
                                                {
                                                    "Worker Number": 1,
                                                    "Actual Startup Time": 309.345,
                                                    "Actual Total Time": 309.349,
                                                    "Actual Rows": 80885,
                                                    "Actual Loops": 1
                                                },
                                                {
                                                    "Worker Number": 2,
                                                    "Actual Startup Time": 309.6,
                                                    "Actual Total Time": 309.603,
                                                    "Actual Rows": 113111,
                                                    "Actual Loops": 1
                                                }
                                            ],
                                            "Plans": [
                                                {
                                                    "Node Type": "Hash Join",
                                                    "Parent Relationship": "Outer",
                                                    "Parallel Aware": true,
                                                    "Join Type": "Inner",
                                                    "Startup Cost": 47593.78,
                                                    "Total Cost": 79446.55,
                                                    "Plan Rows": 44651,
                                                    "Plan Width": 8,
                                                    "Actual Startup Time": 178.152,
                                                    "Actual Total Time": 277.843,
                                                    "Actual Rows": 98643,
                                                    "Actual Loops": 4,
                                                    "Output": [
                                                        "t.id",
                                                        "mc.movie_id"
                                                    ],
                                                    "Inner Unique": true,
                                                    "Hash Cond": "(mc.movie_id = t.id)",
                                                    "Workers": [
                                                        {
                                                            "Worker Number": 0,
                                                            "Actual Startup Time": 175.707,
                                                            "Actual Total Time": 275.146,
                                                            "Actual Rows": 82198,
                                                            "Actual Loops": 1
                                                        },
                                                        {
                                                            "Worker Number": 1,
                                                            "Actual Startup Time": 175.826,
                                                            "Actual Total Time": 275.485,
                                                            "Actual Rows": 80885,
                                                            "Actual Loops": 1
                                                        },
                                                        {
                                                            "Worker Number": 2,
                                                            "Actual Startup Time": 176.035,
                                                            "Actual Total Time": 275.713,
                                                            "Actual Rows": 113111,
                                                            "Actual Loops": 1
                                                        }
                                                    ],
                                                    "Plans": [
                                                        {
                                                            "Node Type": "Seq Scan",
                                                            "Parent Relationship": "Outer",
                                                            "Parallel Aware": true,
                                                            "Relation Name": "movie_companies",
                                                            "Schema": "public",
                                                            "Alias": "mc",
                                                            "Startup Cost": 0.0,
                                                            "Total Cost": 31414.82,
                                                            "Plan Rows": 166838,
                                                            "Plan Width": 4,
                                                            "Actual Startup Time": 30.983,
                                                            "Actual Total Time": 73.13,
                                                            "Actual Rows": 206455,
                                                            "Actual Loops": 4,
                                                            "Output": [
                                                                "mc.id",
                                                                "mc.movie_id",
                                                                "mc.company_id",
                                                                "mc.company_type_id",
                                                                "mc.note"
                                                            ],
                                                            "Filter": "((mc.company_id > 16116) AND (mc.company_type_id > 1))",
                                                            "Rows Removed by Filter": 445827,
                                                            "Workers": [
                                                                {
                                                                    "Worker Number": 0,
                                                                    "Actual Startup Time": 30.98,
                                                                    "Actual Total Time": 75.626,
                                                                    "Actual Rows": 170917,
                                                                    "Actual Loops": 1
                                                                },
                                                                {
                                                                    "Worker Number": 1,
                                                                    "Actual Startup Time": 30.984,
                                                                    "Actual Total Time": 75.533,
                                                                    "Actual Rows": 170784,
                                                                    "Actual Loops": 1
                                                                },
                                                                {
                                                                    "Worker Number": 2,
                                                                    "Actual Startup Time": 30.965,
                                                                    "Actual Total Time": 71.988,
                                                                    "Actual Rows": 236223,
                                                                    "Actual Loops": 1
                                                                }
                                                            ]
                                                        },
                                                        {
                                                            "Node Type": "Hash",
                                                            "Parent Relationship": "Inner",
                                                            "Parallel Aware": true,
                                                            "Startup Cost": 45479.21,
                                                            "Total Cost": 45479.21,
                                                            "Plan Rows": 169166,
                                                            "Plan Width": 4,
                                                            "Actual Startup Time": 145.285,
                                                            "Actual Total Time": 145.286,
                                                            "Actual Rows": 144071,
                                                            "Actual Loops": 4,
                                                            "Output": [
                                                                "t.id"
                                                            ],
                                                            "Hash Buckets": 1048576,
                                                            "Original Hash Buckets": 1048576,
                                                            "Hash Batches": 1,
                                                            "Original Hash Batches": 1,
                                                            "Peak Memory Usage": 30816,
                                                            "Workers": [
                                                                {
                                                                    "Worker Number": 0,
                                                                    "Actual Startup Time": 144.619,
                                                                    "Actual Total Time": 144.62,
                                                                    "Actual Rows": 116421,
                                                                    "Actual Loops": 1
                                                                },
                                                                {
                                                                    "Worker Number": 1,
                                                                    "Actual Startup Time": 144.705,
                                                                    "Actual Total Time": 144.706,
                                                                    "Actual Rows": 113839,
                                                                    "Actual Loops": 1
                                                                },
                                                                {
                                                                    "Worker Number": 2,
                                                                    "Actual Startup Time": 144.955,
                                                                    "Actual Total Time": 144.956,
                                                                    "Actual Rows": 158516,
                                                                    "Actual Loops": 1
                                                                }
                                                            ],
                                                            "Plans": [
                                                                {
                                                                    "Node Type": "Seq Scan",
                                                                    "Parent Relationship": "Outer",
                                                                    "Parallel Aware": true,
                                                                    "Relation Name": "title",
                                                                    "Schema": "public",
                                                                    "Alias": "t",
                                                                    "Startup Cost": 0.0,
                                                                    "Total Cost": 45479.21,
                                                                    "Plan Rows": 169166,
                                                                    "Plan Width": 4,
                                                                    "Actual Startup Time": 0.038,
                                                                    "Actual Total Time": 99.042,
                                                                    "Actual Rows": 144071,
                                                                    "Actual Loops": 4,
                                                                    "Output": [
                                                                        "t.id"
                                                                    ],
                                                                    "Filter": "((t.kind_id < 7) AND (t.production_year > 1991))",
                                                                    "Rows Removed by Filter": 488007,
                                                                    "Workers": [
                                                                        {
                                                                            "Worker Number": 0,
                                                                            "Actual Startup Time": 0.043,
                                                                            "Actual Total Time": 99.651,
                                                                            "Actual Rows": 116421,
                                                                            "Actual Loops": 1
                                                                        },
                                                                        {
                                                                            "Worker Number": 1,
                                                                            "Actual Startup Time": 0.042,
                                                                            "Actual Total Time": 99.823,
                                                                            "Actual Rows": 113839,
                                                                            "Actual Loops": 1
                                                                        },
                                                                        {
                                                                            "Worker Number": 2,
                                                                            "Actual Startup Time": 0.052,
                                                                            "Actual Total Time": 98.6,
                                                                            "Actual Rows": 158516,
                                                                            "Actual Loops": 1
                                                                        }
                                                                    ]
                                                                }
                                                            ]
                                                        }
                                                    ]
                                                }
                                            ]
                                        }
                                    ]
                                }
                            ]
                        }
                    ]
                }
            ]
        },
        "Planning Time": 203.098,
        "Triggers": [],
        "Execution Time": 466.117
    }
]