{
  "Plan": {
    "Node Type": "Aggregate",
    "Strategy": "Plain",
    "Partial Mode": "Finalize",
    "Parallel Aware": false,
    "Startup Cost": 95219.94,
    "Total Cost": 95219.95,
    "Plan Rows": 1,
    "Plan Width": 8,
    "Actual Startup Time": 551.638,
    "Actual Total Time": 567.856,
    "Actual Rows": 1,
    "Actual Loops": 1,
    "Plans": [
      {
        "Node Type": "Gather",
        "Parent Relationship": "Outer",
        "Parallel Aware": false,
        "Startup Cost": 95219.83,
        "Total Cost": 95219.94,
        "Plan Rows": 1,
        "Plan Width": 8,
        "Actual Startup Time": 550.38,
        "Actual Total Time": 567.846,
        "Actual Rows": 2,
        "Actual Loops": 1,
        "Workers Planned": 1,
        "Workers Launched": 1,
        "Single Copy": false,
        "Plans": [
          {
            "Node Type": "Aggregate",
            "Strategy": "Plain",
            "Partial Mode": "Partial",
            "Parent Relationship": "Outer",
            "Parallel Aware": false,
            "Startup Cost": 94219.83,
            "Total Cost": 94219.84,
            "Plan Rows": 1,
            "Plan Width": 8,
            "Actual Startup Time": 544.103,
            "Actual Total Time": 544.107,
            "Actual Rows": 1,
            "Actual Loops": 2,
            "Plans": [
              {
                "Node Type": "Hash Join",
                "Parent Relationship": "Outer",
                "Parallel Aware": true,
                "Join Type": "Inner",
                "Startup Cost": 32232.3,
                "Total Cost": 93676.42,
                "Plan Rows": 217364,
                "Plan Width": 0,
                "Actual Startup Time": 137.63,
                "Actual Total Time": 534.604,
                "Actual Rows": 182062,
                "Actual Loops": 2,
                "Inner Unique": false,
                "Hash Cond": "(t.id = mc.movie_id)",
                "Plans": [
                  {
                    "Node Type": "Seq Scan",
                    "Parent Relationship": "Outer",
                    "Parallel Aware": true,
                    "Relation Name": "title",
                    "Alias": "t",
                    "Startup Cost": 0.0,
                    "Total Cost": 50870.31,
                    "Plan Rows": 1487231,
                    "Plan Width": 4,
                    "Actual Startup Time": 0.01,
                    "Actual Total Time": 142.54,
                    "Actual Rows": 1264156,
                    "Actual Loops": 2
                  },
                  {
                    "Node Type": "Hash",
                    "Parent Relationship": "Inner",
                    "Parallel Aware": true,
                    "Startup Cost": 29515.25,
                    "Total Cost": 29515.25,
                    "Plan Rows": 217364,
                    "Plan Width": 4,
                    "Actual Startup Time": 132.406,
                    "Actual Total Time": 132.408,
                    "Actual Rows": 182062,
                    "Actual Loops": 2,
                    "Hash Buckets": 524288,
                    "Original Hash Buckets": 524288,
                    "Hash Batches": 1,
                    "Original Hash Batches": 1,
                    "Peak Memory Usage": 18368,
                    "Plans": [
                      {
                        "Node Type": "Bitmap Heap Scan",
                        "Parent Relationship": "Outer",
                        "Parallel Aware": true,
                        "Relation Name": "movie_companies",
                        "Alias": "mc",
                        "Startup Cost": 8008.2,
                        "Total Cost": 29515.25,
                        "Plan Rows": 217364,
                        "Plan Width": 4,
                        "Actual Startup Time": 30.092,
                        "Actual Total Time": 91.683,
                        "Actual Rows": 182062,
                        "Actual Loops": 2,
                        "Recheck Cond": "(company_id < 189)",
                        "Rows Removed by Index Recheck": 0,
                        "Exact Heap Blocks": 13041,
                        "Lossy Heap Blocks": 0,
                        "Plans": [
                          {
                            "Node Type": "Bitmap Index Scan",
                            "Parent Relationship": "Outer",
                            "Parallel Aware": false,
                            "Index Name": "company_id_movie_companies",
                            "Startup Cost": 0.0,
                            "Total Cost": 7915.82,
                            "Plan Rows": 369519,
                            "Plan Width": 0,
                            "Actual Startup Time": 28.276,
                            "Actual Total Time": 28.277,
                            "Actual Rows": 364123,
                            "Actual Loops": 1,
                            "Index Cond": "(company_id < 189)"
                          }
                        ]
                      }
                    ]
                  }
                ]
              }
            ]
          }
        ]
      }
    ]
  },
  "Planning Time": 0.666,
  "Triggers": [],
  "Execution Time": 567.949
}