[
  {
    "Plan": {
      "Node Type": "Aggregate",
      "Strategy": "Plain",
      "Partial Mode": "Finalize",
      "Parallel Aware": false,
      "Startup Cost": 98695.81,
      "Total Cost": 98695.82,
      "Plan Rows": 1,
      "Plan Width": 8,
      "Actual Startup Time": 629.489,
      "Actual Total Time": 685.788,
      "Actual Rows": 1,
      "Actual Loops": 1,
      "Plans": [
        {
          "Node Type": "Gather",
          "Parent Relationship": "Outer",
          "Parallel Aware": false,
          "Startup Cost": 98695.6,
          "Total Cost": 98695.81,
          "Plan Rows": 2,
          "Plan Width": 8,
          "Actual Startup Time": 628.078,
          "Actual Total Time": 685.778,
          "Actual Rows": 3,
          "Actual Loops": 1,
          "Workers Planned": 2,
          "Workers Launched": 2,
          "Single Copy": false,
          "Plans": [
            {
              "Node Type": "Aggregate",
              "Strategy": "Plain",
              "Partial Mode": "Partial",
              "Parent Relationship": "Outer",
              "Parallel Aware": false,
              "Startup Cost": 97695.6,
              "Total Cost": 97695.61,
              "Plan Rows": 1,
              "Plan Width": 8,
              "Actual Startup Time": 620.113,
              "Actual Total Time": 620.117,
              "Actual Rows": 1,
              "Actual Loops": 3,
              "Plans": [
                {
                  "Node Type": "Nested Loop",
                  "Parent Relationship": "Outer",
                  "Parallel Aware": false,
                  "Join Type": "Inner",
                  "Startup Cost": 45897.33,
                  "Total Cost": 97549.17,
                  "Plan Rows": 58573,
                  "Plan Width": 0,
                  "Actual Startup Time": 153.595,
                  "Actual Total Time": 599.014,
                  "Actual Rows": 364523,
                  "Actual Loops": 3,
                  "Inner Unique": false,
                  "Join Filter": "(t.id = mi.movie_id)",
                  "Rows Removed by Join Filter": 0,
                  "Plans": [
                    {
                      "Node Type": "Hash Join",
                      "Parent Relationship": "Outer",
                      "Parallel Aware": true,
                      "Join Type": "Inner",
                      "Startup Cost": 45896.9,
                      "Total Cost": 61516.83,
                      "Plan Rows": 10017,
                      "Plan Width": 8,
                      "Actual Startup Time": 153.51,
                      "Actual Total Time": 251.67,
                      "Actual Rows": 18735,
                      "Actual Loops": 3,
                      "Inner Unique": true,
                      "Hash Cond": "(mi_idx.movie_id = t.id)",
                      "Plans": [
                        {
                          "Node Type": "Seq Scan",
                          "Parent Relationship": "Outer",
                          "Parallel Aware": true,
                          "Relation Name": "movie_info_idx",
                          "Alias": "mi_idx",
                          "Startup Cost": 0.0,
                          "Total Cost": 15122.68,
                          "Plan Rows": 189429,
                          "Plan Width": 4,
                          "Actual Startup Time": 0.025,
                          "Actual Total Time": 46.155,
                          "Actual Rows": 153308,
                          "Actual Loops": 3,
                          "Filter": "(info_type_id < 100)",
                          "Rows Removed by Filter": 306703
                        },
                        {
                          "Node Type": "Hash",
                          "Parent Relationship": "Inner",
                          "Parallel Aware": true,
                          "Startup Cost": 45479.1,
                          "Total Cost": 45479.1,
                          "Plan Rows": 33424,
                          "Plan Width": 4,
                          "Actual Startup Time": 150.597,
                          "Actual Total Time": 150.598,
                          "Actual Rows": 79927,
                          "Actual Loops": 3,
                          "Hash Buckets": 262144,
                          "Original Hash Buckets": 262144,
                          "Hash Batches": 1,
                          "Original Hash Batches": 1,
                          "Peak Memory Usage": 11456,
                          "Plans": [
                            {
                              "Node Type": "Seq Scan",
                              "Parent Relationship": "Outer",
                              "Parallel Aware": true,
                              "Relation Name": "title",
                              "Alias": "t",
                              "Startup Cost": 0.0,
                              "Total Cost": 45479.1,
                              "Plan Rows": 33424,
                              "Plan Width": 4,
                              "Actual Startup Time": 0.111,
                              "Actual Total Time": 128.679,
                              "Actual Rows": 79927,
                              "Actual Loops": 3,
                              "Filter": "((kind_id < 7) AND (production_year < 1969))",
                              "Rows Removed by Filter": 762843
                            }
                          ]
                        }
                      ]
                    },
                    {
                      "Node Type": "Index Only Scan",
                      "Parent Relationship": "Inner",
                      "Parallel Aware": false,
                      "Scan Direction": "Forward",
                      "Index Name": "movie_id_movie_info",
                      "Relation Name": "movie_info",
                      "Alias": "mi",
                      "Startup Cost": 0.43,
                      "Total Cost": 3.07,
                      "Plan Rows": 42,
                      "Plan Width": 4,
                      "Actual Startup Time": 0.005,
                      "Actual Total Time": 0.016,
                      "Actual Rows": 19,
                      "Actual Loops": 56205,
                      "Index Cond": "(movie_id = mi_idx.movie_id)",
                      "Rows Removed by Index Recheck": 0,
                      "Heap Fetches": 1093569
                    }
                  ]
                }
              ]
            }
          ]
        }
      ]
    },
    "Planning Time": 1.456,
    "Triggers": [],
    "Execution Time": 685.907
  }
]