[
  {
    "Plan": {
      "Node Type": "Aggregate",
      "Strategy": "Plain",
      "Partial Mode": "Finalize",
      "Parallel Aware": false,
      "Startup Cost": 217637.52,
      "Total Cost": 217637.53,
      "Plan Rows": 1,
      "Plan Width": 8,
      "Actual Startup Time": 213.849,
      "Actual Total Time": 227.515,
      "Actual Rows": 1,
      "Actual Loops": 1,
      "Plans": [
        {
          "Node Type": "Gather",
          "Parent Relationship": "Outer",
          "Parallel Aware": false,
          "Startup Cost": 217637.0,
          "Total Cost": 217637.51,
          "Plan Rows": 5,
          "Plan Width": 8,
          "Actual Startup Time": 208.337,
          "Actual Total Time": 227.506,
          "Actual Rows": 6,
          "Actual Loops": 1,
          "Workers Planned": 5,
          "Workers Launched": 5,
          "Single Copy": false,
          "Plans": [
            {
              "Node Type": "Aggregate",
              "Strategy": "Plain",
              "Partial Mode": "Partial",
              "Parent Relationship": "Outer",
              "Parallel Aware": false,
              "Startup Cost": 216637.0,
              "Total Cost": 216637.01,
              "Plan Rows": 1,
              "Plan Width": 8,
              "Actual Startup Time": 200.421,
              "Actual Total Time": 200.425,
              "Actual Rows": 1,
              "Actual Loops": 6,
              "Plans": [
                {
                  "Node Type": "Hash Join",
                  "Parent Relationship": "Outer",
                  "Parallel Aware": true,
                  "Join Type": "Inner",
                  "Startup Cost": 53493.81,
                  "Total Cost": 216606.31,
                  "Plan Rows": 12273,
                  "Plan Width": 0,
                  "Actual Startup Time": 153.101,
                  "Actual Total Time": 198.341,
                  "Actual Rows": 31608,
                  "Actual Loops": 6,
                  "Inner Unique": true,
                  "Hash Cond": "(mi.movie_id = t.id)",
                  "Plans": [
                    {
                      "Node Type": "Bitmap Heap Scan",
                      "Parent Relationship": "Outer",
                      "Parallel Aware": true,
                      "Relation Name": "movie_info",
                      "Alias": "mi",
                      "Startup Cost": 6704.59,
                      "Total Cost": 169622.8,
                      "Plan Rows": 74017,
                      "Plan Width": 4,
                      "Actual Startup Time": 24.122,
                      "Actual Total Time": 50.53,
                      "Actual Rows": 61370,
                      "Actual Loops": 6,
                      "Recheck Cond": "(info_type_id = 17)",
                      "Rows Removed by Index Recheck": 0,
                      "Exact Heap Blocks": 2817,
                      "Lossy Heap Blocks": 0,
                      "Plans": [
                        {
                          "Node Type": "Bitmap Index Scan",
                          "Parent Relationship": "Outer",
                          "Parallel Aware": false,
                          "Index Name": "info_type_id_movie_info",
                          "Startup Cost": 0.0,
                          "Total Cost": 6612.07,
                          "Plan Rows": 370084,
                          "Plan Width": 0,
                          "Actual Startup Time": 21.406,
                          "Actual Total Time": 21.406,
                          "Actual Rows": 368218,
                          "Actual Loops": 1,
                          "Index Cond": "(info_type_id = 17)"
                        }
                      ]
                    },
                    {
                      "Node Type": "Hash",
                      "Parent Relationship": "Inner",
                      "Parallel Aware": true,
                      "Startup Cost": 45479.1,
                      "Total Cost": 45479.1,
                      "Plan Rows": 104810,
                      "Plan Width": 4,
                      "Actual Startup Time": 126.599,
                      "Actual Total Time": 126.6,
                      "Actual Rows": 86328,
                      "Actual Loops": 6,
                      "Hash Buckets": 524288,
                      "Original Hash Buckets": 524288,
                      "Hash Batches": 1,
                      "Original Hash Batches": 1,
                      "Peak Memory Usage": 24416,
                      "Plans": [
                        {
                          "Node Type": "Seq Scan",
                          "Parent Relationship": "Outer",
                          "Parallel Aware": true,
                          "Relation Name": "title",
                          "Alias": "t",
                          "Startup Cost": 0.0,
                          "Total Cost": 45479.1,
                          "Plan Rows": 104810,
                          "Plan Width": 4,
                          "Actual Startup Time": 0.039,
                          "Actual Total Time": 89.722,
                          "Actual Rows": 86328,
                          "Actual Loops": 6,
                          "Filter": "((kind_id < 7) AND (production_year < 2001))",
                          "Rows Removed by Filter": 335057
                        }
                      ]
                    }
                  ]
                }
              ]
            }
          ]
        }
      ]
    },
    "Planning Time": 0.48,
    "Triggers": [],
    "Execution Time": 227.584
  }
]