[
  {
    "Plan": {
      "Node Type": "Aggregate",
      "Strategy": "Plain",
      "Partial Mode": "Finalize",
      "Parallel Aware": false,
      "Startup Cost": 33008.96,
      "Total Cost": 33008.97,
      "Plan Rows": 1,
      "Plan Width": 8,
      "Actual Startup Time": 73.639,
      "Actual Total Time": 81.326,
      "Actual Rows": 1,
      "Actual Loops": 1,
      "Plans": [
        {
          "Node Type": "Gather",
          "Parent Relationship": "Outer",
          "Parallel Aware": false,
          "Startup Cost": 33008.64,
          "Total Cost": 33008.95,
          "Plan Rows": 3,
          "Plan Width": 8,
          "Actual Startup Time": 73.509,
          "Actual Total Time": 81.317,
          "Actual Rows": 4,
          "Actual Loops": 1,
          "Workers Planned": 3,
          "Workers Launched": 3,
          "Single Copy": false,
          "Plans": [
            {
              "Node Type": "Aggregate",
              "Strategy": "Plain",
              "Partial Mode": "Partial",
              "Parent Relationship": "Outer",
              "Parallel Aware": false,
              "Startup Cost": 32008.64,
              "Total Cost": 32008.65,
              "Plan Rows": 1,
              "Plan Width": 8,
              "Actual Startup Time": 70.419,
              "Actual Total Time": 70.42,
              "Actual Rows": 1,
              "Actual Loops": 4,
              "Plans": [
                {
                  "Node Type": "Seq Scan",
                  "Parent Relationship": "Outer",
                  "Parallel Aware": true,
                  "Relation Name": "movie_companies",
                  "Alias": "mc",
                  "Startup Cost": 0.0,
                  "Total Cost": 31414.82,
                  "Plan Rows": 237528,
                  "Plan Width": 0,
                  "Actual Startup Time": 34.144,
                  "Actual Total Time": 65.388,
                  "Actual Rows": 115967,
                  "Actual Loops": 4,
                  "Filter": "((company_id < 13015) AND (company_type_id = 2))",
                  "Rows Removed by Filter": 536315
                }
              ]
            }
          ]
        }
      ]
    },
    "Planning Time": 0.099,
    "Triggers": [],
    "Execution Time": 81.357
  }
]