[
  {
    "Plan": {
      "Node Type": "Aggregate",
      "Strategy": "Plain",
      "Partial Mode": "Finalize",
      "Parallel Aware": false,
      "Startup Cost": 33010.56,
      "Total Cost": 33010.57,
      "Plan Rows": 1,
      "Plan Width": 8,
      "Actual Startup Time": 92.579,
      "Actual Total Time": 100.452,
      "Actual Rows": 1,
      "Actual Loops": 1,
      "Plans": [
        {
          "Node Type": "Gather",
          "Parent Relationship": "Outer",
          "Parallel Aware": false,
          "Startup Cost": 33010.24,
          "Total Cost": 33010.55,
          "Plan Rows": 3,
          "Plan Width": 8,
          "Actual Startup Time": 92.486,
          "Actual Total Time": 100.445,
          "Actual Rows": 4,
          "Actual Loops": 1,
          "Workers Planned": 3,
          "Workers Launched": 3,
          "Single Copy": false,
          "Plans": [
            {
              "Node Type": "Aggregate",
              "Strategy": "Plain",
              "Partial Mode": "Partial",
              "Parent Relationship": "Outer",
              "Parallel Aware": false,
              "Startup Cost": 32010.24,
              "Total Cost": 32010.25,
              "Plan Rows": 1,
              "Plan Width": 8,
              "Actual Startup Time": 85.068,
              "Actual Total Time": 85.069,
              "Actual Rows": 1,
              "Actual Loops": 4,
              "Plans": [
                {
                  "Node Type": "Seq Scan",
                  "Parent Relationship": "Outer",
                  "Parallel Aware": true,
                  "Relation Name": "movie_companies",
                  "Alias": "mc",
                  "Startup Cost": 0.0,
                  "Total Cost": 31414.82,
                  "Plan Rows": 238170,
                  "Plan Width": 0,
                  "Actual Startup Time": 50.486,
                  "Actual Total Time": 80.371,
                  "Actual Rows": 115967,
                  "Actual Loops": 4,
                  "Filter": "((company_id < 13015) AND (company_type_id = 2))",
                  "Rows Removed by Filter": 536315
                }
              ]
            }
          ]
        }
      ]
    },
    "Planning Time": 0.223,
    "Triggers": [],
    "Execution Time": 100.508
  }
]