[
  {
    "Plan": {
      "Node Type": "Aggregate",
      "Strategy": "Plain",
      "Partial Mode": "Finalize",
      "Parallel Aware": false,
      "Startup Cost": 334115.3,
      "Total Cost": 334115.31,
      "Plan Rows": 1,
      "Plan Width": 8,
      "Actual Startup Time": 657.153,
      "Actual Total Time": 703.493,
      "Actual Rows": 1,
      "Actual Loops": 1,
      "Plans": [
        {
          "Node Type": "Gather",
          "Parent Relationship": "Outer",
          "Parallel Aware": false,
          "Startup Cost": 334114.67,
          "Total Cost": 334115.28,
          "Plan Rows": 6,
          "Plan Width": 8,
          "Actual Startup Time": 656.663,
          "Actual Total Time": 703.478,
          "Actual Rows": 7,
          "Actual Loops": 1,
          "Workers Planned": 6,
          "Workers Launched": 6,
          "Single Copy": false,
          "Plans": [
            {
              "Node Type": "Aggregate",
              "Strategy": "Plain",
              "Partial Mode": "Partial",
              "Parent Relationship": "Outer",
              "Parallel Aware": false,
              "Startup Cost": 333114.67,
              "Total Cost": 333114.68,
              "Plan Rows": 1,
              "Plan Width": 8,
              "Actual Startup Time": 649.542,
              "Actual Total Time": 649.544,
              "Actual Rows": 1,
              "Actual Loops": 7,
              "Plans": [
                {
                  "Node Type": "Seq Scan",
                  "Parent Relationship": "Outer",
                  "Parallel Aware": true,
                  "Relation Name": "cast_info",
                  "Alias": "ci",
                  "Startup Cost": 0.0,
                  "Total Cost": 328211.39,
                  "Plan Rows": 1961312,
                  "Plan Width": 0,
                  "Actual Startup Time": 0.043,
                  "Actual Total Time": 570.552,
                  "Actual Rows": 1698060,
                  "Actual Loops": 7,
                  "Filter": "(person_id < 1168133)",
                  "Rows Removed by Filter": 3479703
                }
              ]
            }
          ]
        }
      ]
    },
    "Planning Time": 0.157,
    "Triggers": [],
    "Execution Time": 703.538
  }
]