{
  "Plan": {
    "Node Type": "Aggregate",
    "Strategy": "Plain",
    "Partial Mode": "Simple",
    "Parallel Aware": false,
    "Startup Cost": 1478245.1,
    "Total Cost": 1478245.11,
    "Plan Rows": 1,
    "Plan Width": 96,
    "Actual Startup Time": 5389.086,
    "Actual Total Time": 5391.089,
    "Actual Rows": 1,
    "Actual Loops": 1,
    "Plans": [
      {
        "Node Type": "Hash Join",
        "Parent Relationship": "Outer",
        "Parallel Aware": false,
        "Join Type": "Inner",
        "Startup Cost": 1478239.21,
        "Total Cost": 1478244.92,
        "Plan Rows": 23,
        "Plan Width": 66,
        "Actual Startup Time": 5363.528,
        "Actual Total Time": 5387.975,
        "Actual Rows": 28073,
        "Actual Loops": 1,
        "Inner Unique": true,
        "Hash Cond": "(ci.person_id = n.id)",
        "Plans": [
          {
            "Node Type": "Hash Join",
            "Parent Relationship": "Outer",
            "Parallel Aware": false,
            "Join Type": "Inner",
            "Startup Cost": 1348693.48,
            "Total Cost": 1348699.04,
            "Plan Rows": 55,
            "Plan Width": 70,
            "Actual Startup Time": 3738.307,
            "Actual Total Time": 3745.667,
            "Actual Rows": 54155,
            "Actual Loops": 1,
            "Inner Unique": false,
            "Hash Cond": "(it2.id = mi_idx.info_type_id)",
            "Plans": [
              {
                "Node Type": "Seq Scan",
                "Parent Relationship": "Outer",
                "Parallel Aware": false,
                "Relation Name": "info_type",
                "Alias": "it2",
                "Startup Cost": 0.0,
                "Total Cost": 2.41,
                "Plan Rows": 1,
                "Plan Width": 4,
                "Actual Startup Time": 0.059,
                "Actual Total Time": 0.062,
                "Actual Rows": 1,
                "Actual Loops": 1,
                "Filter": "((info)::text = 'votes'::text)",
                "Rows Removed by Filter": 112
              },
              {
                "Node Type": "Hash",
                "Parent Relationship": "Inner",
                "Parallel Aware": false,
                "Startup Cost": 1348616.36,
                "Total Cost": 1348616.36,
                "Plan Rows": 6169,
                "Plan Width": 74,
                "Actual Startup Time": 3738.147,
                "Actual Total Time": 3740.147,
                "Actual Rows": 162621,
                "Actual Loops": 1,
                "Hash Buckets": 262144,
                "Original Hash Buckets": 8192,
                "Hash Batches": 1,
                "Original Hash Batches": 1,
                "Peak Memory Usage": 13504,
                "Plans": [
                  {
                    "Node Type": "Hash Join",
                    "Parent Relationship": "Outer",
                    "Parallel Aware": false,
                    "Join Type": "Inner",
                    "Startup Cost": 1347565.64,
                    "Total Cost": 1348616.36,
                    "Plan Rows": 6169,
                    "Plan Width": 74,
                    "Actual Startup Time": 3605.895,
                    "Actual Total Time": 3703.195,
                    "Actual Rows": 162621,
                    "Actual Loops": 1,
                    "Inner Unique": false,
                    "Hash Cond": "(t.id = ci.movie_id)",
                    "Plans": [
                      {
                        "Node Type": "Hash Join",
                        "Parent Relationship": "Outer",
                        "Parallel Aware": false,
                        "Join Type": "Inner",
                        "Startup Cost": 864336.39,
                        "Total Cost": 865113.77,
                        "Plan Rows": 5122,
                        "Plan Width": 82,
                        "Actual Startup Time": 2429.559,
                        "Actual Total Time": 2466.5,
                        "Actual Rows": 307785,
                        "Actual Loops": 1,
                        "Inner Unique": false,
                        "Hash Cond": "(it1.id = mi.info_type_id)",
                        "Plans": [
                          {
                            "Node Type": "Seq Scan",
                            "Parent Relationship": "Outer",
                            "Parallel Aware": false,
                            "Relation Name": "info_type",
                            "Alias": "it1",
                            "Startup Cost": 0.0,
                            "Total Cost": 2.41,
                            "Plan Rows": 1,
                            "Plan Width": 4,
                            "Actual Startup Time": 0.023,
                            "Actual Total Time": 0.034,
                            "Actual Rows": 1,
                            "Actual Loops": 1,
                            "Filter": "((info)::text = 'genres'::text)",
                            "Rows Removed by Filter": 112
                          },
                          {
                            "Node Type": "Hash",
                            "Parent Relationship": "Inner",
                            "Parallel Aware": false,
                            "Startup Cost": 857099.22,
                            "Total Cost": 857099.22,
                            "Plan Rows": 578974,
                            "Plan Width": 86,
                            "Actual Startup Time": 2423.958,
                            "Actual Total Time": 2425.879,
                            "Actual Rows": 315079,
                            "Actual Loops": 1,
                            "Hash Buckets": 1048576,
                            "Original Hash Buckets": 1048576,
                            "Hash Batches": 1,
                            "Original Hash Batches": 1,
                            "Peak Memory Usage": 34837,
                            "Plans": [
                              {
                                "Node Type": "Hash Join",
                                "Parent Relationship": "Outer",
                                "Parallel Aware": false,
                                "Join Type": "Inner",
                                "Startup Cost": 829156.06,
                                "Total Cost": 857099.22,
                                "Plan Rows": 578974,
                                "Plan Width": 86,
                                "Actual Startup Time": 2050.861,
                                "Actual Total Time": 2344.601,
                                "Actual Rows": 315079,
                                "Actual Loops": 1,
                                "Inner Unique": false,
                                "Hash Cond": "(mi_idx.movie_id = t.id)",
                                "Plans": [
                                  {
                                    "Node Type": "Seq Scan",
                                    "Parent Relationship": "Outer",
                                    "Parallel Aware": false,
                                    "Relation Name": "movie_info_idx",
                                    "Alias": "mi_idx",
                                    "Startup Cost": 0.0,
                                    "Total Cost": 21735.35,
                                    "Plan Rows": 1380035,
                                    "Plan Width": 14,
                                    "Actual Startup Time": 0.024,
                                    "Actual Total Time": 107.324,
                                    "Actual Rows": 1380035,
                                    "Actual Loops": 1
                                  },
                                  {
                                    "Node Type": "Hash",
                                    "Parent Relationship": "Inner",
                                    "Parallel Aware": false,
                                    "Startup Cost": 826790.96,
                                    "Total Cost": 826790.96,
                                    "Plan Rows": 189208,
                                    "Plan Width": 72,
                                    "Actual Startup Time": 2049.401,
                                    "Actual Total Time": 2051.321,
                                    "Actual Rows": 188971,
                                    "Actual Loops": 1,
                                    "Hash Buckets": 262144,
                                    "Original Hash Buckets": 262144,
                                    "Hash Batches": 1,
                                    "Original Hash Batches": 1,
                                    "Peak Memory Usage": 15214,
                                    "Plans": [
                                      {
                                        "Node Type": "Gather",
                                        "Parent Relationship": "Outer",
                                        "Parallel Aware": false,
                                        "Startup Cost": 215505.8,
                                        "Total Cost": 826790.96,
                                        "Plan Rows": 189208,
                                        "Plan Width": 72,
                                        "Actual Startup Time": 1552.402,
                                        "Actual Total Time": 2001.757,
                                        "Actual Rows": 188971,
                                        "Actual Loops": 1,
                                        "Workers Planned": 4,
                                        "Workers Launched": 1,
                                        "Single Copy": false,
                                        "Plans": [
                                          {
                                            "Node Type": "Hash Join",
                                            "Parent Relationship": "Outer",
                                            "Parallel Aware": true,
                                            "Join Type": "Inner",
                                            "Startup Cost": 214505.8,
                                            "Total Cost": 806870.16,
                                            "Plan Rows": 47302,
                                            "Plan Width": 72,
                                            "Actual Startup Time": 1546.734,
                                            "Actual Total Time": 1977.352,
                                            "Actual Rows": 94486,
                                            "Actual Loops": 2,
                                            "Inner Unique": false,
                                            "Hash Cond": "(t.id = mi.movie_id)",
                                            "Plans": [
                                              {
                                                "Node Type": "Seq Scan",
                                                "Parent Relationship": "Outer",
                                                "Parallel Aware": true,
                                                "Relation Name": "title",
                                                "Alias": "t",
                                                "Startup Cost": 0.0,
                                                "Total Cost": 42319.27,
                                                "Plan Rows": 632127,
                                                "Plan Width": 21,
                                                "Actual Startup Time": 0.025,
                                                "Actual Total Time": 184.579,
                                                "Actual Rows": 1264156,
                                                "Actual Loops": 2
                                              },
                                              {
                                                "Node Type": "Hash",
                                                "Parent Relationship": "Inner",
                                                "Parallel Aware": true,
                                                "Startup Cost": 214032.77,
                                                "Total Cost": 214032.77,
                                                "Plan Rows": 37842,
                                                "Plan Width": 51,
                                                "Actual Startup Time": 1544.32,
                                                "Actual Total Time": 1544.321,
                                                "Actual Rows": 94486,
                                                "Actual Loops": 2,
                                                "Hash Buckets": 262144,
                                                "Original Hash Buckets": 262144,
                                                "Hash Batches": 1,
                                                "Original Hash Batches": 1,
                                                "Peak Memory Usage": 11264,
                                                "Plans": [
                                                  {
                                                    "Node Type": "Seq Scan",
                                                    "Parent Relationship": "Outer",
                                                    "Parallel Aware": true,
                                                    "Relation Name": "movie_info",
                                                    "Alias": "mi",
                                                    "Startup Cost": 0.0,
                                                    "Total Cost": 214032.77,
                                                    "Plan Rows": 37842,
                                                    "Plan Width": 51,
                                                    "Actual Startup Time": 827.443,
                                                    "Actual Total Time": 1512.197,
                                                    "Actual Rows": 94486,
                                                    "Actual Loops": 2,
                                                    "Filter": "(info = ANY ('{Horror,Action,Sci-Fi,Thriller,Crime,War}'::text[]))",
                                                    "Rows Removed by Filter": 7323374
                                                  }
                                                ]
                                              }
                                            ]
                                          }
                                        ]
                                      }
                                    ]
                                  }
                                ]
                              }
                            ]
                          }
                        ]
                      },
                      {
                        "Node Type": "Hash",
                        "Parent Relationship": "Inner",
                        "Parallel Aware": false,
                        "Startup Cost": 468635.47,
                        "Total Cost": 468635.47,
                        "Plan Rows": 1167502,
                        "Plan Width": 8,
                        "Actual Startup Time": 1162.005,
                        "Actual Total Time": 1162.081,
                        "Actual Rows": 1244716,
                        "Actual Loops": 1,
                        "Hash Buckets": 2097152,
                        "Original Hash Buckets": 2097152,
                        "Hash Batches": 1,
                        "Original Hash Batches": 1,
                        "Peak Memory Usage": 65006,
                        "Plans": [
                          {
                            "Node Type": "Gather",
                            "Parent Relationship": "Outer",
                            "Parallel Aware": false,
                            "Startup Cost": 1000.0,
                            "Total Cost": 468635.47,
                            "Plan Rows": 1167502,
                            "Plan Width": 8,
                            "Actual Startup Time": 48.444,
                            "Actual Total Time": 934.639,
                            "Actual Rows": 1244716,
                            "Actual Loops": 1,
                            "Workers Planned": 6,
                            "Workers Launched": 6,
                            "Single Copy": false,
                            "Plans": [
                              {
                                "Node Type": "Seq Scan",
                                "Parent Relationship": "Outer",
                                "Parallel Aware": true,
                                "Relation Name": "cast_info",
                                "Alias": "ci",
                                "Startup Cost": 0.0,
                                "Total Cost": 350885.27,
                                "Plan Rows": 194584,
                                "Plan Width": 8,
                                "Actual Startup Time": 120.144,
                                "Actual Total Time": 951.478,
                                "Actual Rows": 177817,
                                "Actual Loops": 7,
                                "Filter": "(note = ANY ('{(writer),\"(head writer)\",\"(written by)\",(story),\"(story editor)\"}'::text[]))",
                                "Rows Removed by Filter": 4999947
                              }
                            ]
                          }
                        ]
                      }
                    ]
                  }
                ]
              }
            ]
          },
          {
            "Node Type": "Hash",
            "Parent Relationship": "Inner",
            "Parallel Aware": false,
            "Startup Cost": 107705.21,
            "Total Cost": 107705.21,
            "Plan Rows": 1747242,
            "Plan Width": 4,
            "Actual Startup Time": 1607.364,
            "Actual Total Time": 1607.365,
            "Actual Rows": 1739579,
            "Actual Loops": 1,
            "Hash Buckets": 2097152,
            "Original Hash Buckets": 2097152,
            "Hash Batches": 1,
            "Original Hash Batches": 1,
            "Peak Memory Usage": 77542,
            "Plans": [
              {
                "Node Type": "Seq Scan",
                "Parent Relationship": "Outer",
                "Parallel Aware": false,
                "Relation Name": "name",
                "Alias": "n",
                "Startup Cost": 0.0,
                "Total Cost": 107705.21,
                "Plan Rows": 1747242,
                "Plan Width": 4,
                "Actual Startup Time": 0.051,
                "Actual Total Time": 947.85,
                "Actual Rows": 1739579,
                "Actual Loops": 1,
                "Filter": "((gender)::text = 'm'::text)",
                "Rows Removed by Filter": 2427912
              }
            ]
          }
        ]
      }
    ]
  },
  "Planning Time": 11.622,
  "Triggers": [],
  "Execution Time": 5398.344
}