[
  {
    "Plan": {
      "Node Type": "Aggregate",
      "Strategy": "Plain",
      "Partial Mode": "Finalize",
      "Parallel Aware": false,
      "Startup Cost": 77499.3,
      "Total Cost": 77499.31,
      "Plan Rows": 1,
      "Plan Width": 8,
      "Actual Startup Time": 235.735,
      "Actual Total Time": 250.875,
      "Actual Rows": 1,
      "Actual Loops": 1,
      "Plans": [
        {
          "Node Type": "Gather",
          "Parent Relationship": "Outer",
          "Parallel Aware": false,
          "Startup Cost": 77498.88,
          "Total Cost": 77499.29,
          "Plan Rows": 4,
          "Plan Width": 8,
          "Actual Startup Time": 234.167,
          "Actual Total Time": 250.865,
          "Actual Rows": 5,
          "Actual Loops": 1,
          "Workers Planned": 4,
          "Workers Launched": 4,
          "Single Copy": false,
          "Plans": [
            {
              "Node Type": "Aggregate",
              "Strategy": "Plain",
              "Partial Mode": "Partial",
              "Parent Relationship": "Outer",
              "Parallel Aware": false,
              "Startup Cost": 76498.88,
              "Total Cost": 76498.89,
              "Plan Rows": 1,
              "Plan Width": 8,
              "Actual Startup Time": 224.876,
              "Actual Total Time": 224.879,
              "Actual Rows": 1,
              "Actual Loops": 5,
              "Plans": [
                {
                  "Node Type": "Hash Join",
                  "Parent Relationship": "Outer",
                  "Parallel Aware": true,
                  "Join Type": "Inner",
                  "Startup Cost": 29574.43,
                  "Total Cost": 76392.91,
                  "Plan Rows": 42388,
                  "Plan Width": 0,
                  "Actual Startup Time": 88.527,
                  "Actual Total Time": 223.775,
                  "Actual Rows": 15431,
                  "Actual Loops": 5,
                  "Inner Unique": false,
                  "Hash Cond": "(t.id = mc.movie_id)",
                  "Plans": [
                    {
                      "Node Type": "Seq Scan",
                      "Parent Relationship": "Outer",
                      "Parallel Aware": true,
                      "Relation Name": "title",
                      "Alias": "t",
                      "Startup Cost": 0.0,
                      "Total Cost": 43898.92,
                      "Plan Rows": 556566,
                      "Plan Width": 4,
                      "Actual Startup Time": 0.018,
                      "Actual Total Time": 81.117,
                      "Actual Rows": 442964,
                      "Actual Loops": 5,
                      "Filter": "(production_year > 1959)",
                      "Rows Removed by Filter": 62699
                    },
                    {
                      "Node Type": "Hash",
                      "Parent Relationship": "Inner",
                      "Parallel Aware": true,
                      "Startup Cost": 28797.99,
                      "Total Cost": 28797.99,
                      "Plan Rows": 62115,
                      "Plan Width": 4,
                      "Actual Startup Time": 86.486,
                      "Actual Total Time": 86.487,
                      "Actual Rows": 17407,
                      "Actual Loops": 5,
                      "Hash Buckets": 262144,
                      "Original Hash Buckets": 262144,
                      "Hash Batches": 1,
                      "Original Hash Batches": 1,
                      "Peak Memory Usage": 5536,
                      "Plans": [
                        {
                          "Node Type": "Bitmap Heap Scan",
                          "Parent Relationship": "Outer",
                          "Parallel Aware": true,
                          "Relation Name": "movie_companies",
                          "Alias": "mc",
                          "Startup Cost": 8172.92,
                          "Total Cost": 28797.99,
                          "Plan Rows": 62115,
                          "Plan Width": 4,
                          "Actual Startup Time": 67.594,
                          "Actual Total Time": 80.42,
                          "Actual Rows": 17407,
                          "Actual Loops": 5,
                          "Recheck Cond": "(company_id < 225)",
                          "Rows Removed by Index Recheck": 0,
                          "Filter": "(company_type_id > 1)",
                          "Rows Removed by Filter": 57918,
                          "Exact Heap Blocks": 8700,
                          "Lossy Heap Blocks": 0,
                          "Plans": [
                            {
                              "Node Type": "Bitmap Index Scan",
                              "Parent Relationship": "Outer",
                              "Parallel Aware": false,
                              "Index Name": "company_id_movie_companies",
                              "Startup Cost": 0.0,
                              "Total Cost": 8124.78,
                              "Plan Rows": 379247,
                              "Plan Width": 0,
                              "Actual Startup Time": 29.905,
                              "Actual Total Time": 29.905,
                              "Actual Rows": 376622,
                              "Actual Loops": 1,
                              "Index Cond": "(company_id < 225)"
                            }
                          ]
                        }
                      ]
                    }
                  ]
                }
              ]
            }
          ]
        }
      ]
    },
    "Planning Time": 0.648,
    "Triggers": [],
    "Execution Time": 250.964
  }
]