{
  "Plan": {
    "Node Type": "Aggregate",
    "Strategy": "Plain",
    "Partial Mode": "Finalize",
    "Parallel Aware": false,
    "Startup Cost": 658261.68,
    "Total Cost": 658261.69,
    "Plan Rows": 1,
    "Plan Width": 8,
    "Actual Startup Time": 3611.503,
    "Actual Total Time": 3673.218,
    "Actual Rows": 1,
    "Actual Loops": 1,
    "Plans": [
      {
        "Node Type": "Gather",
        "Parent Relationship": "Outer",
        "Parallel Aware": false,
        "Startup Cost": 658261.57,
        "Total Cost": 658261.68,
        "Plan Rows": 1,
        "Plan Width": 8,
        "Actual Startup Time": 3610.105,
        "Actual Total Time": 3673.206,
        "Actual Rows": 2,
        "Actual Loops": 1,
        "Workers Planned": 1,
        "Workers Launched": 1,
        "Single Copy": false,
        "Plans": [
          {
            "Node Type": "Aggregate",
            "Strategy": "Plain",
            "Partial Mode": "Partial",
            "Parent Relationship": "Outer",
            "Parallel Aware": false,
            "Startup Cost": 657261.57,
            "Total Cost": 657261.58,
            "Plan Rows": 1,
            "Plan Width": 8,
            "Actual Startup Time": 3606.382,
            "Actual Total Time": 3606.387,
            "Actual Rows": 1,
            "Actual Loops": 2,
            "Plans": [
              {
                "Node Type": "Hash Join",
                "Parent Relationship": "Outer",
                "Parallel Aware": true,
                "Join Type": "Inner",
                "Startup Cost": 56755.36,
                "Total Cost": 653530.91,
                "Plan Rows": 1492262,
                "Plan Width": 0,
                "Actual Startup Time": 151.191,
                "Actual Total Time": 3523.968,
                "Actual Rows": 1964034,
                "Actual Loops": 2,
                "Inner Unique": true,
                "Hash Cond": "(ci.movie_id = t.id)",
                "Plans": [
                  {
                    "Node Type": "Seq Scan",
                    "Parent Relationship": "Outer",
                    "Parallel Aware": true,
                    "Relation Name": "cast_info",
                    "Alias": "ci",
                    "Startup Cost": 0.0,
                    "Total Cost": 572345.93,
                    "Plan Rows": 9306506,
                    "Plan Width": 4,
                    "Actual Startup Time": 0.016,
                    "Actual Total Time": 1737.761,
                    "Actual Rows": 9965750,
                    "Actual Loops": 2,
                    "Filter": "((person_id < 2466522) AND (role_id < 4))",
                    "Rows Removed by Filter": 8156422
                  },
                  {
                    "Node Type": "Hash",
                    "Parent Relationship": "Inner",
                    "Parallel Aware": true,
                    "Startup Cost": 53774.46,
                    "Total Cost": 53774.46,
                    "Plan Rows": 238472,
                    "Plan Width": 4,
                    "Actual Startup Time": 146.879,
                    "Actual Total Time": 146.88,
                    "Actual Rows": 228073,
                    "Actual Loops": 2,
                    "Hash Buckets": 524288,
                    "Original Hash Buckets": 524288,
                    "Hash Batches": 1,
                    "Original Hash Batches": 1,
                    "Peak Memory Usage": 21984,
                    "Plans": [
                      {
                        "Node Type": "Bitmap Heap Scan",
                        "Parent Relationship": "Outer",
                        "Parallel Aware": true,
                        "Relation Name": "title",
                        "Alias": "t",
                        "Startup Cost": 11924.2,
                        "Total Cost": 53774.46,
                        "Plan Rows": 238472,
                        "Plan Width": 4,
                        "Actual Startup Time": 34.029,
                        "Actual Total Time": 100.129,
                        "Actual Rows": 228073,
                        "Actual Loops": 2,
                        "Recheck Cond": "(kind_id = 1)",
                        "Rows Removed by Index Recheck": 0,
                        "Filter": "(production_year < 2007)",
                        "Rows Removed by Filter": 103340,
                        "Exact Heap Blocks": 8011,
                        "Lossy Heap Blocks": 0,
                        "Plans": [
                          {
                            "Node Type": "Bitmap Index Scan",
                            "Parent Relationship": "Outer",
                            "Parallel Aware": false,
                            "Index Name": "kind_id_title",
                            "Startup Cost": 0.0,
                            "Total Cost": 11822.85,
                            "Plan Rows": 663256,
                            "Plan Width": 0,
                            "Actual Startup Time": 32.128,
                            "Actual Total Time": 32.128,
                            "Actual Rows": 662825,
                            "Actual Loops": 1,
                            "Index Cond": "(kind_id = 1)"
                          }
                        ]
                      }
                    ]
                  }
                ]
              }
            ]
          }
        ]
      }
    ]
  },
  "Planning Time": 0.649,
  "Triggers": [],
  "Execution Time": 3673.313
}