{
  "Plan": {
    "Node Type": "Aggregate",
    "Strategy": "Plain",
    "Partial Mode": "Simple",
    "Parallel Aware": false,
    "Startup Cost": 84666.41,
    "Total Cost": 84666.42,
    "Plan Rows": 1,
    "Plan Width": 64,
    "Actual Startup Time": 555.734,
    "Actual Total Time": 571.377,
    "Actual Rows": 1,
    "Actual Loops": 1,
    "Plans": [
      {
        "Node Type": "Gather",
        "Parent Relationship": "Outer",
        "Parallel Aware": false,
        "Startup Cost": 79755.36,
        "Total Cost": 84666.4,
        "Plan Rows": 1,
        "Plan Width": 27,
        "Actual Startup Time": 550.419,
        "Actual Total Time": 571.353,
        "Actual Rows": 16,
        "Actual Loops": 1,
        "Workers Planned": 1,
        "Workers Launched": 1,
        "Single Copy": false,
        "Plans": [
          {
            "Node Type": "Hash Join",
            "Parent Relationship": "Outer",
            "Parallel Aware": true,
            "Join Type": "Inner",
            "Startup Cost": 78755.36,
            "Total Cost": 83666.3,
            "Plan Rows": 1,
            "Plan Width": 27,
            "Actual Startup Time": 544.823,
            "Actual Total Time": 547.271,
            "Actual Rows": 8,
            "Actual Loops": 2,
            "Inner Unique": false,
            "Hash Cond": "(cn.id = mc.company_id)",
            "Plans": [
              {
                "Node Type": "Seq Scan",
                "Parent Relationship": "Outer",
                "Parallel Aware": true,
                "Relation Name": "company_name",
                "Alias": "cn",
                "Startup Cost": 0.0,
                "Total Cost": 4722.92,
                "Plan Rows": 50137,
                "Plan Width": 4,
                "Actual Startup Time": 0.012,
                "Actual Total Time": 16.667,
                "Actual Rows": 42422,
                "Actual Loops": 2,
                "Filter": "((country_code)::text = '[us]'::text)",
                "Rows Removed by Filter": 75077
              },
              {
                "Node Type": "Hash",
                "Parent Relationship": "Inner",
                "Parallel Aware": true,
                "Startup Cost": 78755.35,
                "Total Cost": 78755.35,
                "Plan Rows": 1,
                "Plan Width": 31,
                "Actual Startup Time": 526.451,
                "Actual Total Time": 526.463,
                "Actual Rows": 8,
                "Actual Loops": 2,
                "Hash Buckets": 1024,
                "Original Hash Buckets": 1024,
                "Hash Batches": 1,
                "Original Hash Batches": 1,
                "Peak Memory Usage": 40,
                "Plans": [
                  {
                    "Node Type": "Hash Join",
                    "Parent Relationship": "Outer",
                    "Parallel Aware": false,
                    "Join Type": "Inner",
                    "Startup Cost": 6199.65,
                    "Total Cost": 78755.35,
                    "Plan Rows": 1,
                    "Plan Width": 31,
                    "Actual Startup Time": 478.627,
                    "Actual Total Time": 526.366,
                    "Actual Rows": 8,
                    "Actual Loops": 2,
                    "Inner Unique": true,
                    "Hash Cond": "(mc.company_type_id = ct.id)",
                    "Plans": [
                      {
                        "Node Type": "Nested Loop",
                        "Parent Relationship": "Outer",
                        "Parallel Aware": false,
                        "Join Type": "Inner",
                        "Startup Cost": 6198.56,
                        "Total Cost": 78754.25,
                        "Plan Rows": 1,
                        "Plan Width": 35,
                        "Actual Startup Time": 478.528,
                        "Actual Total Time": 526.264,
                        "Actual Rows": 8,
                        "Actual Loops": 2,
                        "Inner Unique": false,
                        "Plans": [
                          {
                            "Node Type": "Nested Loop",
                            "Parent Relationship": "Outer",
                            "Parallel Aware": false,
                            "Join Type": "Inner",
                            "Startup Cost": 6198.13,
                            "Total Cost": 78753.66,
                            "Plan Rows": 1,
                            "Plan Width": 43,
                            "Actual Startup Time": 478.519,
                            "Actual Total Time": 526.243,
                            "Actual Rows": 8,
                            "Actual Loops": 2,
                            "Inner Unique": true,
                            "Plans": [
                              {
                                "Node Type": "Nested Loop",
                                "Parent Relationship": "Outer",
                                "Parallel Aware": false,
                                "Join Type": "Inner",
                                "Startup Cost": 6197.98,
                                "Total Cost": 78753.43,
                                "Plan Rows": 1,
                                "Plan Width": 47,
                                "Actual Startup Time": 478.513,
                                "Actual Total Time": 526.23,
                                "Actual Rows": 8,
                                "Actual Loops": 2,
                                "Inner Unique": true,
                                "Plans": [
                                  {
                                    "Node Type": "Nested Loop",
                                    "Parent Relationship": "Outer",
                                    "Parallel Aware": false,
                                    "Join Type": "Inner",
                                    "Startup Cost": 6197.85,
                                    "Total Cost": 78753.26,
                                    "Plan Rows": 1,
                                    "Plan Width": 41,
                                    "Actual Startup Time": 478.505,
                                    "Actual Total Time": 526.213,
                                    "Actual Rows": 8,
                                    "Actual Loops": 2,
                                    "Inner Unique": false,
                                    "Plans": [
                                      {
                                        "Node Type": "Nested Loop",
                                        "Parent Relationship": "Outer",
                                        "Parallel Aware": false,
                                        "Join Type": "Inner",
                                        "Startup Cost": 6197.42,
                                        "Total Cost": 78729.04,
                                        "Plan Rows": 16,
                                        "Plan Width": 33,
                                        "Actual Startup Time": 142.361,
                                        "Actual Total Time": 520.147,
                                        "Actual Rows": 40,
                                        "Actual Loops": 2,
                                        "Inner Unique": true,
                                        "Plans": [
                                          {
                                            "Node Type": "Hash Join",
                                            "Parent Relationship": "Outer",
                                            "Parallel Aware": false,
                                            "Join Type": "Inner",
                                            "Startup Cost": 6196.99,
                                            "Total Cost": 78715.82,
                                            "Plan Rows": 27,
                                            "Plan Width": 8,
                                            "Actual Startup Time": 138.963,
                                            "Actual Total Time": 518.449,
                                            "Actual Rows": 159,
                                            "Actual Loops": 2,
                                            "Inner Unique": true,
                                            "Hash Cond": "(mk.keyword_id = k.id)",
                                            "Plans": [
                                              {
                                                "Node Type": "Hash Join",
                                                "Parent Relationship": "Outer",
                                                "Parallel Aware": false,
                                                "Join Type": "Inner",
                                                "Startup Cost": 3235.39,
                                                "Total Cost": 73368.43,
                                                "Plan Rows": 908843,
                                                "Plan Width": 12,
                                                "Actual Startup Time": 33.564,
                                                "Actual Total Time": 452.809,
                                                "Actual Rows": 511902,
                                                "Actual Loops": 2,
                                                "Inner Unique": false,
                                                "Hash Cond": "(mk.movie_id = cc.movie_id)",
                                                "Plans": [
                                                  {
                                                    "Node Type": "Seq Scan",
                                                    "Parent Relationship": "Outer",
                                                    "Parallel Aware": true,
                                                    "Relation Name": "movie_keyword",
                                                    "Alias": "mk",
                                                    "Startup Cost": 0.0,
                                                    "Total Cost": 51065.35,
                                                    "Plan Rows": 2661135,
                                                    "Plan Width": 8,
                                                    "Actual Startup Time": 0.023,
                                                    "Actual Total Time": 193.799,
                                                    "Actual Rows": 2261965,
                                                    "Actual Loops": 2
                                                  },
                                                  {
                                                    "Node Type": "Hash",
                                                    "Parent Relationship": "Inner",
                                                    "Parallel Aware": false,
                                                    "Startup Cost": 2813.24,
                                                    "Total Cost": 2813.24,
                                                    "Plan Rows": 33772,
                                                    "Plan Width": 4,
                                                    "Actual Startup Time": 32.915,
                                                    "Actual Total Time": 32.918,
                                                    "Actual Rows": 24592,
                                                    "Actual Loops": 2,
                                                    "Hash Buckets": 65536,
                                                    "Original Hash Buckets": 65536,
                                                    "Hash Batches": 1,
                                                    "Original Hash Batches": 1,
                                                    "Peak Memory Usage": 1377,
                                                    "Plans": [
                                                      {
                                                        "Node Type": "Hash Join",
                                                        "Parent Relationship": "Outer",
                                                        "Parallel Aware": false,
                                                        "Join Type": "Inner",
                                                        "Startup Cost": 1.06,
                                                        "Total Cost": 2813.24,
                                                        "Plan Rows": 33772,
                                                        "Plan Width": 4,
                                                        "Actual Startup Time": 0.075,
                                                        "Actual Total Time": 28.246,
                                                        "Actual Rows": 24592,
                                                        "Actual Loops": 2,
                                                        "Inner Unique": true,
                                                        "Hash Cond": "(cc.status_id = cct1.id)",
                                                        "Plans": [
                                                          {
                                                            "Node Type": "Seq Scan",
                                                            "Parent Relationship": "Outer",
                                                            "Parallel Aware": false,
                                                            "Relation Name": "complete_cast",
                                                            "Alias": "cc",
                                                            "Startup Cost": 0.0,
                                                            "Total Cost": 2081.86,
                                                            "Plan Rows": 135086,
                                                            "Plan Width": 8,
                                                            "Actual Startup Time": 0.032,
                                                            "Actual Total Time": 13.923,
                                                            "Actual Rows": 135086,
                                                            "Actual Loops": 2
                                                          },
                                                          {
                                                            "Node Type": "Hash",
                                                            "Parent Relationship": "Inner",
                                                            "Parallel Aware": false,
                                                            "Startup Cost": 1.05,
                                                            "Total Cost": 1.05,
                                                            "Plan Rows": 1,
                                                            "Plan Width": 4,
                                                            "Actual Startup Time": 0.023,
                                                            "Actual Total Time": 0.024,
                                                            "Actual Rows": 1,
                                                            "Actual Loops": 2,
                                                            "Hash Buckets": 1024,
                                                            "Original Hash Buckets": 1024,
                                                            "Hash Batches": 1,
                                                            "Original Hash Batches": 1,
                                                            "Peak Memory Usage": 9,
                                                            "Plans": [
                                                              {
                                                                "Node Type": "Seq Scan",
                                                                "Parent Relationship": "Outer",
                                                                "Parallel Aware": false,
                                                                "Relation Name": "comp_cast_type",
                                                                "Alias": "cct1",
                                                                "Startup Cost": 0.0,
                                                                "Total Cost": 1.05,
                                                                "Plan Rows": 1,
                                                                "Plan Width": 4,
                                                                "Actual Startup Time": 0.017,
                                                                "Actual Total Time": 0.018,
                                                                "Actual Rows": 1,
                                                                "Actual Loops": 2,
                                                                "Filter": "((kind)::text = 'complete+verified'::text)",
                                                                "Rows Removed by Filter": 3
                                                              }
                                                            ]
                                                          }
                                                        ]
                                                      }
                                                    ]
                                                  }
                                                ]
                                              },
                                              {
                                                "Node Type": "Hash",
                                                "Parent Relationship": "Inner",
                                                "Parallel Aware": false,
                                                "Startup Cost": 2961.55,
                                                "Total Cost": 2961.55,
                                                "Plan Rows": 4,
                                                "Plan Width": 4,
                                                "Actual Startup Time": 33.181,
                                                "Actual Total Time": 33.182,
                                                "Actual Rows": 4,
                                                "Actual Loops": 2,
                                                "Hash Buckets": 1024,
                                                "Original Hash Buckets": 1024,
                                                "Hash Batches": 1,
                                                "Original Hash Batches": 1,
                                                "Peak Memory Usage": 9,
                                                "Plans": [
                                                  {
                                                    "Node Type": "Seq Scan",
                                                    "Parent Relationship": "Outer",
                                                    "Parallel Aware": false,
                                                    "Relation Name": "keyword",
                                                    "Alias": "k",
                                                    "Startup Cost": 0.0,
                                                    "Total Cost": 2961.55,
                                                    "Plan Rows": 4,
                                                    "Plan Width": 4,
                                                    "Actual Startup Time": 1.52,
                                                    "Actual Total Time": 33.169,
                                                    "Actual Rows": 4,
                                                    "Actual Loops": 2,
                                                    "Filter": "(keyword = ANY ('{nerd,loner,alienation,dignity}'::text[]))",
                                                    "Rows Removed by Filter": 134166
                                                  }
                                                ]
                                              }
                                            ]
                                          },
                                          {
                                            "Node Type": "Index Scan",
                                            "Parent Relationship": "Inner",
                                            "Parallel Aware": false,
                                            "Scan Direction": "Forward",
                                            "Index Name": "title_pkey",
                                            "Relation Name": "title",
                                            "Alias": "t",
                                            "Startup Cost": 0.43,
                                            "Total Cost": 0.49,
                                            "Plan Rows": 1,
                                            "Plan Width": 25,
                                            "Actual Startup Time": 0.01,
                                            "Actual Total Time": 0.01,
                                            "Actual Rows": 0,
                                            "Actual Loops": 318,
                                            "Index Cond": "(id = mk.movie_id)",
                                            "Rows Removed by Index Recheck": 0,
                                            "Filter": "(production_year > 1998)",
                                            "Rows Removed by Filter": 1
                                          }
                                        ]
                                      },
                                      {
                                        "Node Type": "Index Scan",
                                        "Parent Relationship": "Inner",
                                        "Parallel Aware": false,
                                        "Scan Direction": "Forward",
                                        "Index Name": "movie_id_movie_info",
                                        "Relation Name": "movie_info",
                                        "Alias": "mi",
                                        "Startup Cost": 0.43,
                                        "Total Cost": 1.5,
                                        "Plan Rows": 1,
                                        "Plan Width": 8,
                                        "Actual Startup Time": 0.15,
                                        "Actual Total Time": 0.151,
                                        "Actual Rows": 0,
                                        "Actual Loops": 80,
                                        "Index Cond": "(movie_id = mk.movie_id)",
                                        "Rows Removed by Index Recheck": 0,
                                        "Filter": "((note ~~ '%internet%'::text) AND (info ~~ 'USA:% 200%'::text))",
                                        "Rows Removed by Filter": 233
                                      }
                                    ]
                                  },
                                  {
                                    "Node Type": "Index Scan",
                                    "Parent Relationship": "Inner",
                                    "Parallel Aware": false,
                                    "Scan Direction": "Forward",
                                    "Index Name": "kind_type_pkey",
                                    "Relation Name": "kind_type",
                                    "Alias": "kt",
                                    "Startup Cost": 0.13,
                                    "Total Cost": 0.15,
                                    "Plan Rows": 1,
                                    "Plan Width": 14,
                                    "Actual Startup Time": 0.001,
                                    "Actual Total Time": 0.001,
                                    "Actual Rows": 1,
                                    "Actual Loops": 16,
                                    "Index Cond": "(id = t.kind_id)",
                                    "Rows Removed by Index Recheck": 0,
                                    "Filter": "((kind)::text = 'movie'::text)",
                                    "Rows Removed by Filter": 0
                                  }
                                ]
                              },
                              {
                                "Node Type": "Index Scan",
                                "Parent Relationship": "Inner",
                                "Parallel Aware": false,
                                "Scan Direction": "Forward",
                                "Index Name": "info_type_pkey",
                                "Relation Name": "info_type",
                                "Alias": "it1",
                                "Startup Cost": 0.14,
                                "Total Cost": 0.19,
                                "Plan Rows": 1,
                                "Plan Width": 4,
                                "Actual Startup Time": 0.001,
                                "Actual Total Time": 0.001,
                                "Actual Rows": 1,
                                "Actual Loops": 16,
                                "Index Cond": "(id = mi.info_type_id)",
                                "Rows Removed by Index Recheck": 0,
                                "Filter": "((info)::text = 'release dates'::text)",
                                "Rows Removed by Filter": 0
                              }
                            ]
                          },
                          {
                            "Node Type": "Index Scan",
                            "Parent Relationship": "Inner",
                            "Parallel Aware": false,
                            "Scan Direction": "Forward",
                            "Index Name": "movie_id_movie_companies",
                            "Relation Name": "movie_companies",
                            "Alias": "mc",
                            "Startup Cost": 0.43,
                            "Total Cost": 0.54,
                            "Plan Rows": 5,
                            "Plan Width": 12,
                            "Actual Startup Time": 0.002,
                            "Actual Total Time": 0.002,
                            "Actual Rows": 1,
                            "Actual Loops": 16,
                            "Index Cond": "(movie_id = mk.movie_id)",
                            "Rows Removed by Index Recheck": 0
                          }
                        ]
                      },
                      {
                        "Node Type": "Hash",
                        "Parent Relationship": "Inner",
                        "Parallel Aware": false,
                        "Startup Cost": 1.04,
                        "Total Cost": 1.04,
                        "Plan Rows": 4,
                        "Plan Width": 4,
                        "Actual Startup Time": 0.071,
                        "Actual Total Time": 0.072,
                        "Actual Rows": 4,
                        "Actual Loops": 2,
                        "Hash Buckets": 1024,
                        "Original Hash Buckets": 1024,
                        "Hash Batches": 1,
                        "Original Hash Batches": 1,
                        "Peak Memory Usage": 9,
                        "Plans": [
                          {
                            "Node Type": "Seq Scan",
                            "Parent Relationship": "Outer",
                            "Parallel Aware": false,
                            "Relation Name": "company_type",
                            "Alias": "ct",
                            "Startup Cost": 0.0,
                            "Total Cost": 1.04,
                            "Plan Rows": 4,
                            "Plan Width": 4,
                            "Actual Startup Time": 0.052,
                            "Actual Total Time": 0.055,
                            "Actual Rows": 4,
                            "Actual Loops": 2
                          }
                        ]
                      }
                    ]
                  }
                ]
              }
            ]
          }
        ]
      }
    ]
  },
  "Planning Time": 3.487,
  "Triggers": [],
  "Execution Time": 571.592
}