{
  "Plan": {
    "Node Type": "Aggregate",
    "Strategy": "Plain",
    "Partial Mode": "Finalize",
    "Parallel Aware": false,
    "Startup Cost": 130258.91,
    "Total Cost": 130258.92,
    "Plan Rows": 1,
    "Plan Width": 8,
    "Actual Startup Time": 1058.878,
    "Actual Total Time": 1084.882,
    "Actual Rows": 1,
    "Actual Loops": 1,
    "Plans": [
      {
        "Node Type": "Gather",
        "Parent Relationship": "Outer",
        "Parallel Aware": false,
        "Startup Cost": 130258.79,
        "Total Cost": 130258.9,
        "Plan Rows": 1,
        "Plan Width": 8,
        "Actual Startup Time": 1054.022,
        "Actual Total Time": 1084.872,
        "Actual Rows": 2,
        "Actual Loops": 1,
        "Workers Planned": 1,
        "Workers Launched": 1,
        "Single Copy": false,
        "Plans": [
          {
            "Node Type": "Aggregate",
            "Strategy": "Plain",
            "Partial Mode": "Partial",
            "Parent Relationship": "Outer",
            "Parallel Aware": false,
            "Startup Cost": 129258.79,
            "Total Cost": 129258.8,
            "Plan Rows": 1,
            "Plan Width": 8,
            "Actual Startup Time": 1041.624,
            "Actual Total Time": 1041.628,
            "Actual Rows": 1,
            "Actual Loops": 2,
            "Plans": [
              {
                "Node Type": "Hash Join",
                "Parent Relationship": "Outer",
                "Parallel Aware": true,
                "Join Type": "Inner",
                "Startup Cost": 93819.58,
                "Total Cost": 127863.1,
                "Plan Rows": 558278,
                "Plan Width": 0,
                "Actual Startup Time": 758.999,
                "Actual Total Time": 1017.285,
                "Actual Rows": 448542,
                "Actual Loops": 2,
                "Inner Unique": true,
                "Hash Cond": "(mk.movie_id = t.id)",
                "Plans": [
                  {
                    "Node Type": "Bitmap Heap Scan",
                    "Parent Relationship": "Outer",
                    "Parallel Aware": true,
                    "Relation Name": "movie_keyword",
                    "Alias": "mk",
                    "Startup Cost": 22861.61,
                    "Total Cost": 55240.84,
                    "Plan Rows": 634018,
                    "Plan Width": 4,
                    "Actual Startup Time": 108.145,
                    "Actual Total Time": 228.667,
                    "Actual Rows": 539233,
                    "Actual Loops": 2,
                    "Recheck Cond": "(keyword_id > 16402)",
                    "Rows Removed by Index Recheck": 0,
                    "Exact Heap Blocks": 10814,
                    "Lossy Heap Blocks": 0,
                    "Plans": [
                      {
                        "Node Type": "Bitmap Index Scan",
                        "Parent Relationship": "Outer",
                        "Parallel Aware": false,
                        "Index Name": "keyword_id_movie_keyword",
                        "Startup Cost": 0.0,
                        "Total Cost": 22592.16,
                        "Plan Rows": 1077830,
                        "Plan Width": 0,
                        "Actual Startup Time": 102.391,
                        "Actual Total Time": 102.392,
                        "Actual Rows": 1078466,
                        "Actual Loops": 1,
                        "Index Cond": "(keyword_id > 16402)"
                      }
                    ]
                  },
                  {
                    "Node Type": "Hash",
                    "Parent Relationship": "Inner",
                    "Parallel Aware": true,
                    "Startup Cost": 54588.39,
                    "Total Cost": 54588.39,
                    "Plan Rows": 1309566,
                    "Plan Width": 4,
                    "Actual Startup Time": 627.619,
                    "Actual Total Time": 627.62,
                    "Actual Rows": 1107409,
                    "Actual Loops": 2,
                    "Hash Buckets": 4194304,
                    "Original Hash Buckets": 4194304,
                    "Hash Batches": 1,
                    "Original Hash Batches": 1,
                    "Peak Memory Usage": 119424,
                    "Plans": [
                      {
                        "Node Type": "Seq Scan",
                        "Parent Relationship": "Outer",
                        "Parallel Aware": true,
                        "Relation Name": "title",
                        "Alias": "t",
                        "Startup Cost": 0.0,
                        "Total Cost": 54588.39,
                        "Plan Rows": 1309566,
                        "Plan Width": 4,
                        "Actual Startup Time": 0.038,
                        "Actual Total Time": 226.9,
                        "Actual Rows": 1107409,
                        "Actual Loops": 2,
                        "Filter": "(production_year > 1959)",
                        "Rows Removed by Filter": 156747
                      }
                    ]
                  }
                ]
              }
            ]
          }
        ]
      }
    ]
  },
  "Planning Time": 0.492,
  "Triggers": [],
  "Execution Time": 1084.981
}