[
  {
    "Plan": {
      "Node Type": "Aggregate",
      "Strategy": "Plain",
      "Partial Mode": "Finalize",
      "Parallel Aware": false,
      "Startup Cost": 46743.38,
      "Total Cost": 46743.39,
      "Plan Rows": 1,
      "Plan Width": 8,
      "Actual Startup Time": 168.748,
      "Actual Total Time": 179.738,
      "Actual Rows": 1,
      "Actual Loops": 1,
      "Plans": [
        {
          "Node Type": "Gather",
          "Parent Relationship": "Outer",
          "Parallel Aware": false,
          "Startup Cost": 46743.06,
          "Total Cost": 46743.37,
          "Plan Rows": 3,
          "Plan Width": 8,
          "Actual Startup Time": 168.515,
          "Actual Total Time": 179.729,
          "Actual Rows": 4,
          "Actual Loops": 1,
          "Workers Planned": 3,
          "Workers Launched": 3,
          "Single Copy": false,
          "Plans": [
            {
              "Node Type": "Aggregate",
              "Strategy": "Plain",
              "Partial Mode": "Partial",
              "Parent Relationship": "Outer",
              "Parallel Aware": false,
              "Startup Cost": 45743.06,
              "Total Cost": 45743.07,
              "Plan Rows": 1,
              "Plan Width": 8,
              "Actual Startup Time": 164.64,
              "Actual Total Time": 164.641,
              "Actual Rows": 1,
              "Actual Loops": 4,
              "Plans": [
                {
                  "Node Type": "Seq Scan",
                  "Parent Relationship": "Outer",
                  "Parallel Aware": true,
                  "Relation Name": "movie_keyword",
                  "Alias": "mk",
                  "Startup Cost": 0.0,
                  "Total Cost": 42695.65,
                  "Plan Rows": 1218963,
                  "Plan Width": 0,
                  "Actual Startup Time": 0.034,
                  "Actual Total Time": 122.032,
                  "Actual Rows": 945438,
                  "Actual Loops": 4,
                  "Filter": "(keyword_id < 25302)",
                  "Rows Removed by Filter": 185545
                }
              ]
            }
          ]
        }
      ]
    },
    "Planning Time": 0.047,
    "Triggers": [],
    "Execution Time": 179.761
  }
]