[
  {
    "Plan": {
      "Node Type": "Aggregate",
      "Strategy": "Plain",
      "Partial Mode": "Finalize",
      "Parallel Aware": false,
      "Startup Cost": 46738.45,
      "Total Cost": 46738.46,
      "Plan Rows": 1,
      "Plan Width": 8,
      "Actual Startup Time": 167.309,
      "Actual Total Time": 176.765,
      "Actual Rows": 1,
      "Actual Loops": 1,
      "Plans": [
        {
          "Node Type": "Gather",
          "Parent Relationship": "Outer",
          "Parallel Aware": false,
          "Startup Cost": 46738.13,
          "Total Cost": 46738.44,
          "Plan Rows": 3,
          "Plan Width": 8,
          "Actual Startup Time": 167.194,
          "Actual Total Time": 176.756,
          "Actual Rows": 4,
          "Actual Loops": 1,
          "Workers Planned": 3,
          "Workers Launched": 3,
          "Single Copy": false,
          "Plans": [
            {
              "Node Type": "Aggregate",
              "Strategy": "Plain",
              "Partial Mode": "Partial",
              "Parent Relationship": "Outer",
              "Parallel Aware": false,
              "Startup Cost": 45738.13,
              "Total Cost": 45738.14,
              "Plan Rows": 1,
              "Plan Width": 8,
              "Actual Startup Time": 161.095,
              "Actual Total Time": 161.096,
              "Actual Rows": 1,
              "Actual Loops": 4,
              "Plans": [
                {
                  "Node Type": "Seq Scan",
                  "Parent Relationship": "Outer",
                  "Parallel Aware": true,
                  "Relation Name": "movie_keyword",
                  "Alias": "mk",
                  "Startup Cost": 0.0,
                  "Total Cost": 42695.65,
                  "Plan Rows": 1216991,
                  "Plan Width": 0,
                  "Actual Startup Time": 0.052,
                  "Actual Total Time": 120.553,
                  "Actual Rows": 945438,
                  "Actual Loops": 4,
                  "Filter": "(keyword_id < 25302)",
                  "Rows Removed by Filter": 185545
                }
              ]
            }
          ]
        }
      ]
    },
    "Planning Time": 0.185,
    "Triggers": [],
    "Execution Time": 176.82
  }
]