[
  {
    "Plan": {
      "Node Type": "Aggregate",
      "Strategy": "Plain",
      "Partial Mode": "Finalize",
      "Parallel Aware": false,
      "Startup Cost": 348485.47,
      "Total Cost": 348485.48,
      "Plan Rows": 1,
      "Plan Width": 8,
      "Actual Startup Time": 667.09,
      "Actual Total Time": 727.234,
      "Actual Rows": 1,
      "Actual Loops": 1,
      "Plans": [
        {
          "Node Type": "Gather",
          "Parent Relationship": "Outer",
          "Parallel Aware": false,
          "Startup Cost": 348484.85,
          "Total Cost": 348485.46,
          "Plan Rows": 6,
          "Plan Width": 8,
          "Actual Startup Time": 666.973,
          "Actual Total Time": 727.223,
          "Actual Rows": 7,
          "Actual Loops": 1,
          "Workers Planned": 6,
          "Workers Launched": 6,
          "Single Copy": false,
          "Plans": [
            {
              "Node Type": "Aggregate",
              "Strategy": "Plain",
              "Partial Mode": "Partial",
              "Parent Relationship": "Outer",
              "Parallel Aware": false,
              "Startup Cost": 347484.85,
              "Total Cost": 347484.86,
              "Plan Rows": 1,
              "Plan Width": 8,
              "Actual Startup Time": 657.918,
              "Actual Total Time": 657.919,
              "Actual Rows": 1,
              "Actual Loops": 7,
              "Plans": [
                {
                  "Node Type": "Seq Scan",
                  "Parent Relationship": "Outer",
                  "Parallel Aware": true,
                  "Relation Name": "cast_info",
                  "Alias": "ci",
                  "Startup Cost": 0.0,
                  "Total Cost": 343257.03,
                  "Plan Rows": 1691128,
                  "Plan Width": 0,
                  "Actual Startup Time": 212.805,
                  "Actual Total Time": 615.873,
                  "Actual Rows": 1043877,
                  "Actual Loops": 7,
                  "Filter": "((person_id > 1757523) AND (role_id < 3))",
                  "Rows Removed by Filter": 4133887
                }
              ]
            }
          ]
        }
      ]
    },
    "Planning Time": 0.152,
    "Triggers": [],
    "Execution Time": 727.288
  }
]