{
  "Plan": {
    "Node Type": "Aggregate",
    "Strategy": "Plain",
    "Partial Mode": "Finalize",
    "Parallel Aware": false,
    "Startup Cost": 193196.99,
    "Total Cost": 193197.0,
    "Plan Rows": 1,
    "Plan Width": 8,
    "Actual Startup Time": 2018.831,
    "Actual Total Time": 2051.915,
    "Actual Rows": 1,
    "Actual Loops": 1,
    "Plans": [
      {
        "Node Type": "Gather",
        "Parent Relationship": "Outer",
        "Parallel Aware": false,
        "Startup Cost": 193196.87,
        "Total Cost": 193196.98,
        "Plan Rows": 1,
        "Plan Width": 8,
        "Actual Startup Time": 2009.259,
        "Actual Total Time": 2051.909,
        "Actual Rows": 2,
        "Actual Loops": 1,
        "Workers Planned": 1,
        "Workers Launched": 1,
        "Single Copy": false,
        "Plans": [
          {
            "Node Type": "Aggregate",
            "Strategy": "Plain",
            "Partial Mode": "Partial",
            "Parent Relationship": "Outer",
            "Parallel Aware": false,
            "Startup Cost": 192196.87,
            "Total Cost": 192196.88,
            "Plan Rows": 1,
            "Plan Width": 8,
            "Actual Startup Time": 2002.142,
            "Actual Total Time": 2002.148,
            "Actual Rows": 1,
            "Actual Loops": 2,
            "Plans": [
              {
                "Node Type": "Hash Join",
                "Parent Relationship": "Outer",
                "Parallel Aware": true,
                "Join Type": "Inner",
                "Startup Cost": 143720.56,
                "Total Cost": 190249.52,
                "Plan Rows": 778941,
                "Plan Width": 0,
                "Actual Startup Time": 1150.79,
                "Actual Total Time": 1806.579,
                "Actual Rows": 4902592,
                "Actual Loops": 2,
                "Inner Unique": false,
                "Hash Cond": "(mc.movie_id = t.id)",
                "Plans": [
                  {
                    "Node Type": "Seq Scan",
                    "Parent Relationship": "Outer",
                    "Parallel Aware": true,
                    "Relation Name": "movie_companies",
                    "Alias": "mc",
                    "Startup Cost": 0.0,
                    "Total Cost": 37974.77,
                    "Plan Rows": 1059251,
                    "Plan Width": 4,
                    "Actual Startup Time": 0.711,
                    "Actual Total Time": 121.431,
                    "Actual Rows": 903142,
                    "Actual Loops": 2,
                    "Filter": "(company_id > 1772)",
                    "Rows Removed by Filter": 401422
                  },
                  {
                    "Node Type": "Hash",
                    "Parent Relationship": "Inner",
                    "Parallel Aware": true,
                    "Startup Cost": 130049.76,
                    "Total Cost": 130049.76,
                    "Plan Rows": 1093664,
                    "Plan Width": 8,
                    "Actual Startup Time": 1137.163,
                    "Actual Total Time": 1137.167,
                    "Actual Rows": 931505,
                    "Actual Loops": 2,
                    "Hash Buckets": 2097152,
                    "Original Hash Buckets": 2097152,
                    "Hash Batches": 1,
                    "Original Hash Batches": 1,
                    "Peak Memory Usage": 89280,
                    "Plans": [
                      {
                        "Node Type": "Hash Join",
                        "Parent Relationship": "Outer",
                        "Parallel Aware": true,
                        "Join Type": "Inner",
                        "Startup Cost": 69460.7,
                        "Total Cost": 130049.76,
                        "Plan Rows": 1093664,
                        "Plan Width": 8,
                        "Actual Startup Time": 560.347,
                        "Actual Total Time": 950.899,
                        "Actual Rows": 931505,
                        "Actual Loops": 2,
                        "Inner Unique": true,
                        "Hash Cond": "(mk.movie_id = t.id)",
                        "Plans": [
                          {
                            "Node Type": "Seq Scan",
                            "Parent Relationship": "Outer",
                            "Parallel Aware": true,
                            "Relation Name": "movie_keyword",
                            "Alias": "mk",
                            "Startup Cost": 0.0,
                            "Total Cost": 57718.19,
                            "Plan Rows": 1093664,
                            "Plan Width": 4,
                            "Actual Startup Time": 0.012,
                            "Actual Total Time": 187.773,
                            "Actual Rows": 931505,
                            "Actual Loops": 2,
                            "Filter": "(keyword_id < 3142)",
                            "Rows Removed by Filter": 1330460
                          },
                          {
                            "Node Type": "Hash",
                            "Parent Relationship": "Inner",
                            "Parallel Aware": true,
                            "Startup Cost": 50870.31,
                            "Total Cost": 50870.31,
                            "Plan Rows": 1487231,
                            "Plan Width": 4,
                            "Actual Startup Time": 547.237,
                            "Actual Total Time": 547.238,
                            "Actual Rows": 1264156,
                            "Actual Loops": 2,
                            "Hash Buckets": 4194304,
                            "Original Hash Buckets": 4194304,
                            "Hash Batches": 1,
                            "Original Hash Batches": 1,
                            "Peak Memory Usage": 131712,
                            "Plans": [
                              {
                                "Node Type": "Seq Scan",
                                "Parent Relationship": "Outer",
                                "Parallel Aware": true,
                                "Relation Name": "title",
                                "Alias": "t",
                                "Startup Cost": 0.0,
                                "Total Cost": 50870.31,
                                "Plan Rows": 1487231,
                                "Plan Width": 4,
                                "Actual Startup Time": 0.027,
                                "Actual Total Time": 152.801,
                                "Actual Rows": 1264156,
                                "Actual Loops": 2
                              }
                            ]
                          }
                        ]
                      }
                    ]
                  }
                ]
              }
            ]
          }
        ]
      }
    ]
  },
  "Planning Time": 0.556,
  "Triggers": [],
  "Execution Time": 2051.98
}