{
  "Plan": {
    "Node Type": "Aggregate",
    "Strategy": "Plain",
    "Partial Mode": "Finalize",
    "Parallel Aware": false,
    "Startup Cost": 780307.04,
    "Total Cost": 780307.05,
    "Plan Rows": 1,
    "Plan Width": 8,
    "Actual Startup Time": 12947.724,
    "Actual Total Time": 13004.319,
    "Actual Rows": 1,
    "Actual Loops": 1,
    "Plans": [
      {
        "Node Type": "Gather",
        "Parent Relationship": "Outer",
        "Parallel Aware": false,
        "Startup Cost": 780306.92,
        "Total Cost": 780307.03,
        "Plan Rows": 1,
        "Plan Width": 8,
        "Actual Startup Time": 12940.381,
        "Actual Total Time": 13004.31,
        "Actual Rows": 2,
        "Actual Loops": 1,
        "Workers Planned": 1,
        "Workers Launched": 1,
        "Single Copy": false,
        "Plans": [
          {
            "Node Type": "Aggregate",
            "Strategy": "Plain",
            "Partial Mode": "Partial",
            "Parent Relationship": "Outer",
            "Parallel Aware": false,
            "Startup Cost": 779306.92,
            "Total Cost": 779306.93,
            "Plan Rows": 1,
            "Plan Width": 8,
            "Actual Startup Time": 12935.116,
            "Actual Total Time": 12937.204,
            "Actual Rows": 1,
            "Actual Loops": 2,
            "Plans": [
              {
                "Node Type": "Hash Join",
                "Parent Relationship": "Outer",
                "Parallel Aware": true,
                "Join Type": "Inner",
                "Startup Cost": 132940.04,
                "Total Cost": 757999.58,
                "Plan Rows": 8522936,
                "Plan Width": 0,
                "Actual Startup Time": 1340.063,
                "Actual Total Time": 10385.09,
                "Actual Rows": 61163771,
                "Actual Loops": 2,
                "Inner Unique": false,
                "Hash Cond": "(ci.movie_id = t.id)",
                "Plans": [
                  {
                    "Node Type": "Seq Scan",
                    "Parent Relationship": "Outer",
                    "Parallel Aware": true,
                    "Relation Name": "cast_info",
                    "Alias": "ci",
                    "Startup Cost": 0.0,
                    "Total Cost": 519069.44,
                    "Plan Rows": 14894714,
                    "Plan Width": 4,
                    "Actual Startup Time": 239.518,
                    "Actual Total Time": 1526.063,
                    "Actual Rows": 12663474,
                    "Actual Loops": 2,
                    "Filter": "(person_id > 1072560)",
                    "Rows Removed by Filter": 5458698
                  },
                  {
                    "Node Type": "Hash",
                    "Parent Relationship": "Inner",
                    "Parallel Aware": true,
                    "Startup Cost": 122302.39,
                    "Total Cost": 122302.39,
                    "Plan Rows": 851012,
                    "Plan Width": 8,
                    "Actual Startup Time": 1087.764,
                    "Actual Total Time": 1089.851,
                    "Actual Rows": 1639668,
                    "Actual Loops": 2,
                    "Hash Buckets": 4194304,
                    "Original Hash Buckets": 2097152,
                    "Hash Batches": 1,
                    "Original Hash Batches": 1,
                    "Peak Memory Usage": 177472,
                    "Plans": [
                      {
                        "Node Type": "Hash Join",
                        "Parent Relationship": "Outer",
                        "Parallel Aware": true,
                        "Join Type": "Inner",
                        "Startup Cost": 64251.54,
                        "Total Cost": 122302.39,
                        "Plan Rows": 851012,
                        "Plan Width": 8,
                        "Actual Startup Time": 251.358,
                        "Actual Total Time": 759.348,
                        "Actual Rows": 1639668,
                        "Actual Loops": 2,
                        "Inner Unique": true,
                        "Hash Cond": "(mk.movie_id = t.id)",
                        "Plans": [
                          {
                            "Node Type": "Seq Scan",
                            "Parent Relationship": "Outer",
                            "Parallel Aware": true,
                            "Relation Name": "movie_keyword",
                            "Alias": "mk",
                            "Startup Cost": 0.0,
                            "Total Cost": 51065.35,
                            "Plan Rows": 2661135,
                            "Plan Width": 4,
                            "Actual Startup Time": 0.014,
                            "Actual Total Time": 156.205,
                            "Actual Rows": 2261965,
                            "Actual Loops": 2
                          },
                          {
                            "Node Type": "Hash",
                            "Parent Relationship": "Inner",
                            "Parallel Aware": true,
                            "Startup Cost": 58306.47,
                            "Total Cost": 58306.47,
                            "Plan Rows": 475606,
                            "Plan Width": 4,
                            "Actual Startup Time": 247.366,
                            "Actual Total Time": 247.367,
                            "Actual Rows": 410820,
                            "Actual Loops": 2,
                            "Hash Buckets": 1048576,
                            "Original Hash Buckets": 1048576,
                            "Hash Batches": 1,
                            "Original Hash Batches": 1,
                            "Peak Memory Usage": 40384,
                            "Plans": [
                              {
                                "Node Type": "Seq Scan",
                                "Parent Relationship": "Outer",
                                "Parallel Aware": true,
                                "Relation Name": "title",
                                "Alias": "t",
                                "Startup Cost": 0.0,
                                "Total Cost": 58306.47,
                                "Plan Rows": 475606,
                                "Plan Width": 4,
                                "Actual Startup Time": 0.028,
                                "Actual Total Time": 148.931,
                                "Actual Rows": 410820,
                                "Actual Loops": 2,
                                "Filter": "((kind_id < 4) AND (production_year < 2013))",
                                "Rows Removed by Filter": 853336
                              }
                            ]
                          }
                        ]
                      }
                    ]
                  }
                ]
              }
            ]
          }
        ]
      }
    ]
  },
  "Planning Time": 0.535,
  "Triggers": [],
  "Execution Time": 13004.385
}