[
  {
    "Plan": {
      "Node Type": "Aggregate",
      "Strategy": "Plain",
      "Partial Mode": "Finalize",
      "Parallel Aware": false,
      "Startup Cost": 39652.03,
      "Total Cost": 39652.04,
      "Plan Rows": 1,
      "Plan Width": 8,
      "Actual Startup Time": 61.01,
      "Actual Total Time": 66.884,
      "Actual Rows": 1,
      "Actual Loops": 1,
      "Plans": [
        {
          "Node Type": "Gather",
          "Parent Relationship": "Outer",
          "Parallel Aware": false,
          "Startup Cost": 39651.61,
          "Total Cost": 39652.02,
          "Plan Rows": 4,
          "Plan Width": 8,
          "Actual Startup Time": 60.807,
          "Actual Total Time": 66.878,
          "Actual Rows": 5,
          "Actual Loops": 1,
          "Workers Planned": 4,
          "Workers Launched": 4,
          "Single Copy": false,
          "Plans": [
            {
              "Node Type": "Aggregate",
              "Strategy": "Plain",
              "Partial Mode": "Partial",
              "Parent Relationship": "Outer",
              "Parallel Aware": false,
              "Startup Cost": 38651.61,
              "Total Cost": 38651.62,
              "Plan Rows": 1,
              "Plan Width": 8,
              "Actual Startup Time": 53.425,
              "Actual Total Time": 53.426,
              "Actual Rows": 1,
              "Actual Loops": 5,
              "Plans": [
                {
                  "Node Type": "Bitmap Heap Scan",
                  "Parent Relationship": "Outer",
                  "Parallel Aware": true,
                  "Relation Name": "title",
                  "Alias": "t",
                  "Startup Cost": 2185.06,
                  "Total Cost": 38641.31,
                  "Plan Rows": 4120,
                  "Plan Width": 0,
                  "Actual Startup Time": 38.402,
                  "Actual Total Time": 53.418,
                  "Actual Rows": 2,
                  "Actual Loops": 5,
                  "Recheck Cond": "(kind_id = 4)",
                  "Rows Removed by Index Recheck": 0,
                  "Filter": "(production_year < 1969)",
                  "Rows Removed by Filter": 23645,
                  "Exact Heap Blocks": 7512,
                  "Lossy Heap Blocks": 0,
                  "Plans": [
                    {
                      "Node Type": "Bitmap Index Scan",
                      "Parent Relationship": "Outer",
                      "Parallel Aware": false,
                      "Index Name": "kind_id_title",
                      "Startup Cost": 0.0,
                      "Total Cost": 2180.94,
                      "Plan Rows": 122201,
                      "Plan Width": 0,
                      "Actual Startup Time": 19.268,
                      "Actual Total Time": 19.269,
                      "Actual Rows": 118234,
                      "Actual Loops": 1,
                      "Index Cond": "(kind_id = 4)"
                    }
                  ]
                }
              ]
            }
          ]
        }
      ]
    },
    "Planning Time": 0.163,
    "Triggers": [],
    "Execution Time": 66.947
  }
]