[
  {
    "Plan": {
      "Node Type": "Aggregate",
      "Strategy": "Plain",
      "Partial Mode": "Finalize",
      "Parallel Aware": false,
      "Startup Cost": 31327.86,
      "Total Cost": 31327.87,
      "Plan Rows": 1,
      "Plan Width": 8,
      "Actual Startup Time": 108.304,
      "Actual Total Time": 116.35,
      "Actual Rows": 1,
      "Actual Loops": 1,
      "Plans": [
        {
          "Node Type": "Gather",
          "Parent Relationship": "Outer",
          "Parallel Aware": false,
          "Startup Cost": 31327.55,
          "Total Cost": 31327.86,
          "Plan Rows": 3,
          "Plan Width": 8,
          "Actual Startup Time": 108.16,
          "Actual Total Time": 116.341,
          "Actual Rows": 4,
          "Actual Loops": 1,
          "Workers Planned": 3,
          "Workers Launched": 3,
          "Single Copy": false,
          "Plans": [
            {
              "Node Type": "Aggregate",
              "Strategy": "Plain",
              "Partial Mode": "Partial",
              "Parent Relationship": "Outer",
              "Parallel Aware": false,
              "Startup Cost": 30327.55,
              "Total Cost": 30327.56,
              "Plan Rows": 1,
              "Plan Width": 8,
              "Actual Startup Time": 101.297,
              "Actual Total Time": 101.298,
              "Actual Rows": 1,
              "Actual Loops": 4,
              "Plans": [
                {
                  "Node Type": "Seq Scan",
                  "Parent Relationship": "Outer",
                  "Parallel Aware": true,
                  "Relation Name": "movie_companies",
                  "Alias": "mc",
                  "Startup Cost": 0.0,
                  "Total Cost": 29310.68,
                  "Plan Rows": 406746,
                  "Plan Width": 0,
                  "Actual Startup Time": 17.433,
                  "Actual Total Time": 85.016,
                  "Actual Rows": 313700,
                  "Actual Loops": 4,
                  "Filter": "(company_id > 11638)",
                  "Rows Removed by Filter": 338582
                }
              ]
            }
          ]
        }
      ]
    },
    "Planning Time": 0.129,
    "Triggers": [],
    "Execution Time": 116.392
  }
]