[
  {
    "Plan": {
      "Node Type": "Aggregate",
      "Strategy": "Plain",
      "Partial Mode": "Finalize",
      "Parallel Aware": false,
      "Startup Cost": 31317.9,
      "Total Cost": 31317.91,
      "Plan Rows": 1,
      "Plan Width": 8,
      "Actual Startup Time": 109.508,
      "Actual Total Time": 116.41,
      "Actual Rows": 1,
      "Actual Loops": 1,
      "Plans": [
        {
          "Node Type": "Gather",
          "Parent Relationship": "Outer",
          "Parallel Aware": false,
          "Startup Cost": 31317.58,
          "Total Cost": 31317.89,
          "Plan Rows": 3,
          "Plan Width": 8,
          "Actual Startup Time": 109.256,
          "Actual Total Time": 116.401,
          "Actual Rows": 4,
          "Actual Loops": 1,
          "Workers Planned": 3,
          "Workers Launched": 3,
          "Single Copy": false,
          "Plans": [
            {
              "Node Type": "Aggregate",
              "Strategy": "Plain",
              "Partial Mode": "Partial",
              "Parent Relationship": "Outer",
              "Parallel Aware": false,
              "Startup Cost": 30317.58,
              "Total Cost": 30317.59,
              "Plan Rows": 1,
              "Plan Width": 8,
              "Actual Startup Time": 100.968,
              "Actual Total Time": 100.969,
              "Actual Rows": 1,
              "Actual Loops": 4,
              "Plans": [
                {
                  "Node Type": "Seq Scan",
                  "Parent Relationship": "Outer",
                  "Parallel Aware": true,
                  "Relation Name": "movie_companies",
                  "Alias": "mc",
                  "Startup Cost": 0.0,
                  "Total Cost": 29310.68,
                  "Plan Rows": 402759,
                  "Plan Width": 0,
                  "Actual Startup Time": 23.497,
                  "Actual Total Time": 86.293,
                  "Actual Rows": 313700,
                  "Actual Loops": 4,
                  "Filter": "(company_id > 11638)",
                  "Rows Removed by Filter": 338582
                }
              ]
            }
          ]
        }
      ]
    },
    "Planning Time": 0.179,
    "Triggers": [],
    "Execution Time": 116.466
  }
]