[
  {
    "Plan": {
      "Node Type": "Aggregate",
      "Strategy": "Plain",
      "Partial Mode": "Finalize",
      "Parallel Aware": false,
      "Startup Cost": 335419.36,
      "Total Cost": 335419.37,
      "Plan Rows": 1,
      "Plan Width": 8,
      "Actual Startup Time": 763.577,
      "Actual Total Time": 828.964,
      "Actual Rows": 1,
      "Actual Loops": 1,
      "Plans": [
        {
          "Node Type": "Gather",
          "Parent Relationship": "Outer",
          "Parallel Aware": false,
          "Startup Cost": 335418.74,
          "Total Cost": 335419.35,
          "Plan Rows": 6,
          "Plan Width": 8,
          "Actual Startup Time": 763.3,
          "Actual Total Time": 828.943,
          "Actual Rows": 7,
          "Actual Loops": 1,
          "Workers Planned": 6,
          "Workers Launched": 6,
          "Single Copy": false,
          "Plans": [
            {
              "Node Type": "Aggregate",
              "Strategy": "Plain",
              "Partial Mode": "Partial",
              "Parent Relationship": "Outer",
              "Parallel Aware": false,
              "Startup Cost": 334418.74,
              "Total Cost": 334418.75,
              "Plan Rows": 1,
              "Plan Width": 8,
              "Actual Startup Time": 755.311,
              "Actual Total Time": 755.312,
              "Actual Rows": 1,
              "Actual Loops": 7,
              "Plans": [
                {
                  "Node Type": "Seq Scan",
                  "Parent Relationship": "Outer",
                  "Parallel Aware": true,
                  "Relation Name": "cast_info",
                  "Alias": "ci",
                  "Startup Cost": 0.0,
                  "Total Cost": 328211.39,
                  "Plan Rows": 2482938,
                  "Plan Width": 0,
                  "Actual Startup Time": 0.039,
                  "Actual Total Time": 643.957,
                  "Actual Rows": 2147651,
                  "Actual Loops": 7,
                  "Filter": "(person_id < 1483454)",
                  "Rows Removed by Filter": 3030113
                }
              ]
            }
          ]
        }
      ]
    },
    "Planning Time": 0.207,
    "Triggers": [],
    "Execution Time": 829.035
  }
]