[
    {
        "Bao": {
            "Bao prediction": "NaN",
            "Bao recommended hint": "(no hint)"
        }
    },
    {
        "Plan": {
            "Node Type": "Aggregate",
            "Strategy": "Plain",
            "Partial Mode": "Finalize",
            "Parallel Aware": false,
            "Startup Cost": 32886.26,
            "Total Cost": 32886.27,
            "Plan Rows": 1,
            "Plan Width": 8,
            "Actual Startup Time": 82.756,
            "Actual Total Time": 88.469,
            "Actual Rows": 1,
            "Actual Loops": 1,
            "Output": [
                "count(*)"
            ],
            "Plans": [
                {
                    "Node Type": "Gather",
                    "Parent Relationship": "Outer",
                    "Parallel Aware": false,
                    "Startup Cost": 32885.95,
                    "Total Cost": 32886.26,
                    "Plan Rows": 3,
                    "Plan Width": 8,
                    "Actual Startup Time": 82.668,
                    "Actual Total Time": 88.462,
                    "Actual Rows": 4,
                    "Actual Loops": 1,
                    "Output": [
                        "(PARTIAL count(*))"
                    ],
                    "Workers Planned": 3,
                    "Workers Launched": 3,
                    "Single Copy": false,
                    "Plans": [
                        {
                            "Node Type": "Aggregate",
                            "Strategy": "Plain",
                            "Partial Mode": "Partial",
                            "Parent Relationship": "Outer",
                            "Parallel Aware": false,
                            "Startup Cost": 31885.95,
                            "Total Cost": 31885.96,
                            "Plan Rows": 1,
                            "Plan Width": 8,
                            "Actual Startup Time": 74.686,
                            "Actual Total Time": 74.687,
                            "Actual Rows": 1,
                            "Actual Loops": 4,
                            "Output": [
                                "PARTIAL count(*)"
                            ],
                            "Workers": [
                                {
                                    "Worker Number": 0,
                                    "Actual Startup Time": 71.783,
                                    "Actual Total Time": 71.783,
                                    "Actual Rows": 1,
                                    "Actual Loops": 1
                                },
                                {
                                    "Worker Number": 1,
                                    "Actual Startup Time": 72.113,
                                    "Actual Total Time": 72.114,
                                    "Actual Rows": 1,
                                    "Actual Loops": 1
                                },
                                {
                                    "Worker Number": 2,
                                    "Actual Startup Time": 72.421,
                                    "Actual Total Time": 72.422,
                                    "Actual Rows": 1,
                                    "Actual Loops": 1
                                }
                            ],
                            "Plans": [
                                {
                                    "Node Type": "Seq Scan",
                                    "Parent Relationship": "Outer",
                                    "Parallel Aware": true,
                                    "Relation Name": "movie_companies",
                                    "Schema": "public",
                                    "Alias": "mc",
                                    "Startup Cost": 0.0,
                                    "Total Cost": 31414.82,
                                    "Plan Rows": 188451,
                                    "Plan Width": 0,
                                    "Actual Startup Time": 42.247,
                                    "Actual Total Time": 70.815,
                                    "Actual Rows": 93110,
                                    "Actual Loops": 4,
                                    "Output": [
                                        "id",
                                        "movie_id",
                                        "company_id",
                                        "company_type_id",
                                        "note"
                                    ],
                                    "Filter": "((mc.company_id < 8754) AND (mc.company_type_id = 2))",
                                    "Rows Removed by Filter": 559173,
                                    "Workers": [
                                        {
                                            "Worker Number": 0,
                                            "Actual Startup Time": 39.344,
                                            "Actual Total Time": 68.07,
                                            "Actual Rows": 88058,
                                            "Actual Loops": 1
                                        },
                                        {
                                            "Worker Number": 1,
                                            "Actual Startup Time": 39.668,
                                            "Actual Total Time": 68.361,
                                            "Actual Rows": 89560,
                                            "Actual Loops": 1
                                        },
                                        {
                                            "Worker Number": 2,
                                            "Actual Startup Time": 39.985,
                                            "Actual Total Time": 68.71,
                                            "Actual Rows": 86013,
                                            "Actual Loops": 1
                                        }
                                    ]
                                }
                            ]
                        }
                    ]
                }
            ]
        },
        "Planning Time": 179.517,
        "Triggers": [],
        "Execution Time": 88.508
    }
]