[
  {
    "Plan": {
      "Node Type": "Aggregate",
      "Strategy": "Plain",
      "Partial Mode": "Finalize",
      "Parallel Aware": false,
      "Startup Cost": 347423.89,
      "Total Cost": 347423.9,
      "Plan Rows": 1,
      "Plan Width": 8,
      "Actual Startup Time": 1052.695,
      "Actual Total Time": 1079.943,
      "Actual Rows": 1,
      "Actual Loops": 1,
      "Plans": [
        {
          "Node Type": "Gather",
          "Parent Relationship": "Outer",
          "Parallel Aware": false,
          "Startup Cost": 347423.26,
          "Total Cost": 347423.87,
          "Plan Rows": 6,
          "Plan Width": 8,
          "Actual Startup Time": 1038.598,
          "Actual Total Time": 1079.932,
          "Actual Rows": 7,
          "Actual Loops": 1,
          "Workers Planned": 6,
          "Workers Launched": 6,
          "Single Copy": false,
          "Plans": [
            {
              "Node Type": "Aggregate",
              "Strategy": "Plain",
              "Partial Mode": "Partial",
              "Parent Relationship": "Outer",
              "Parallel Aware": false,
              "Startup Cost": 346423.26,
              "Total Cost": 346423.27,
              "Plan Rows": 1,
              "Plan Width": 8,
              "Actual Startup Time": 1026.839,
              "Actual Total Time": 1027.189,
              "Actual Rows": 1,
              "Actual Loops": 7,
              "Plans": [
                {
                  "Node Type": "Hash Join",
                  "Parent Relationship": "Outer",
                  "Parallel Aware": true,
                  "Join Type": "Inner",
                  "Startup Cost": 83686.29,
                  "Total Cost": 345236.49,
                  "Plan Rows": 474709,
                  "Plan Width": 0,
                  "Actual Startup Time": 438.17,
                  "Actual Total Time": 999.14,
                  "Actual Rows": 659827,
                  "Actual Loops": 7,
                  "Inner Unique": false,
                  "Hash Cond": "(ci.movie_id = t.id)",
                  "Plans": [
                    {
                      "Node Type": "Index Scan",
                      "Parent Relationship": "Outer",
                      "Parallel Aware": true,
                      "Scan Direction": "Forward",
                      "Index Name": "role_id_cast_info",
                      "Relation Name": "cast_info",
                      "Alias": "ci",
                      "Startup Cost": 0.56,
                      "Total Cost": 255086.64,
                      "Plan Rows": 1407296,
                      "Plan Width": 4,
                      "Actual Startup Time": 0.101,
                      "Actual Total Time": 254.138,
                      "Actual Rows": 798100,
                      "Actual Loops": 7,
                      "Index Cond": "(role_id > 4)",
                      "Rows Removed by Index Recheck": 0,
                      "Filter": "(person_id < 3366834)",
                      "Rows Removed by Filter": 542571
                    },
                    {
                      "Node Type": "Hash",
                      "Parent Relationship": "Inner",
                      "Parallel Aware": true,
                      "Startup Cost": 81020.58,
                      "Total Cost": 81020.58,
                      "Plan Rows": 213211,
                      "Plan Width": 8,
                      "Actual Startup Time": 433.344,
                      "Actual Total Time": 433.692,
                      "Actual Rows": 151747,
                      "Actual Loops": 7,
                      "Hash Buckets": 2097152,
                      "Original Hash Buckets": 1048576,
                      "Hash Batches": 1,
                      "Original Hash Batches": 1,
                      "Peak Memory Usage": 66240,
                      "Plans": [
                        {
                          "Node Type": "Hash Join",
                          "Parent Relationship": "Outer",
                          "Parallel Aware": true,
                          "Join Type": "Inner",
                          "Startup Cost": 34853.71,
                          "Total Cost": 81020.58,
                          "Plan Rows": 213211,
                          "Plan Width": 8,
                          "Actual Startup Time": 154.683,
                          "Actual Total Time": 339.761,
                          "Actual Rows": 151747,
                          "Actual Loops": 7,
                          "Inner Unique": false,
                          "Hash Cond": "(t.id = mc.movie_id)",
                          "Plans": [
                            {
                              "Node Type": "Seq Scan",
                              "Parent Relationship": "Outer",
                              "Parallel Aware": true,
                              "Relation Name": "title",
                              "Alias": "t",
                              "Startup Cost": 0.0,
                              "Total Cost": 42318.73,
                              "Plan Rows": 632073,
                              "Plan Width": 4,
                              "Actual Startup Time": 0.019,
                              "Actual Total Time": 56.086,
                              "Actual Rows": 361187,
                              "Actual Loops": 7
                            },
                            {
                              "Node Type": "Hash",
                              "Parent Relationship": "Inner",
                              "Parallel Aware": true,
                              "Startup Cost": 31414.82,
                              "Total Cost": 31414.82,
                              "Plan Rows": 275111,
                              "Plan Width": 4,
                              "Actual Startup Time": 152.969,
                              "Actual Total Time": 152.97,
                              "Actual Rows": 151747,
                              "Actual Loops": 7,
                              "Hash Buckets": 2097152,
                              "Original Hash Buckets": 1048576,
                              "Hash Batches": 1,
                              "Original Hash Batches": 1,
                              "Peak Memory Usage": 66272,
                              "Plans": [
                                {
                                  "Node Type": "Seq Scan",
                                  "Parent Relationship": "Outer",
                                  "Parallel Aware": true,
                                  "Relation Name": "movie_companies",
                                  "Alias": "mc",
                                  "Startup Cost": 0.0,
                                  "Total Cost": 31414.82,
                                  "Plan Rows": 275111,
                                  "Plan Width": 4,
                                  "Actual Startup Time": 40.112,
                                  "Actual Total Time": 67.557,
                                  "Actual Rows": 151747,
                                  "Actual Loops": 7,
                                  "Filter": "((company_id > 3309) AND (company_type_id = 2))",
                                  "Rows Removed by Filter": 220985
                                }
                              ]
                            }
                          ]
                        }
                      ]
                    }
                  ]
                }
              ]
            }
          ]
        }
      ]
    },
    "Planning Time": 1.559,
    "Triggers": [],
    "Execution Time": 1080.048
  }
]