{
  "Plan": {
    "Node Type": "Aggregate",
    "Strategy": "Plain",
    "Partial Mode": "Finalize",
    "Parallel Aware": false,
    "Startup Cost": 302776.98,
    "Total Cost": 302776.99,
    "Plan Rows": 1,
    "Plan Width": 8,
    "Actual Startup Time": 1135.445,
    "Actual Total Time": 1159.282,
    "Actual Rows": 1,
    "Actual Loops": 1,
    "Plans": [
      {
        "Node Type": "Gather",
        "Parent Relationship": "Outer",
        "Parallel Aware": false,
        "Startup Cost": 302776.87,
        "Total Cost": 302776.98,
        "Plan Rows": 1,
        "Plan Width": 8,
        "Actual Startup Time": 1130.052,
        "Actual Total Time": 1159.274,
        "Actual Rows": 2,
        "Actual Loops": 1,
        "Workers Planned": 1,
        "Workers Launched": 1,
        "Single Copy": false,
        "Plans": [
          {
            "Node Type": "Aggregate",
            "Strategy": "Plain",
            "Partial Mode": "Partial",
            "Parent Relationship": "Outer",
            "Parallel Aware": false,
            "Startup Cost": 301776.87,
            "Total Cost": 301776.88,
            "Plan Rows": 1,
            "Plan Width": 8,
            "Actual Startup Time": 1125.825,
            "Actual Total Time": 1125.831,
            "Actual Rows": 1,
            "Actual Loops": 2,
            "Plans": [
              {
                "Node Type": "Hash Join",
                "Parent Relationship": "Outer",
                "Parallel Aware": true,
                "Join Type": "Inner",
                "Startup Cost": 258822.46,
                "Total Cost": 301163.25,
                "Plan Rows": 245447,
                "Plan Width": 0,
                "Actual Startup Time": 897.969,
                "Actual Total Time": 1107.913,
                "Actual Rows": 441118,
                "Actual Loops": 2,
                "Inner Unique": false,
                "Hash Cond": "(mc.movie_id = t.id)",
                "Plans": [
                  {
                    "Node Type": "Seq Scan",
                    "Parent Relationship": "Outer",
                    "Parallel Aware": true,
                    "Relation Name": "movie_companies",
                    "Alias": "mc",
                    "Startup Cost": 0.0,
                    "Total Cost": 37974.77,
                    "Plan Rows": 779260,
                    "Plan Width": 4,
                    "Actual Startup Time": 44.217,
                    "Actual Total Time": 107.027,
                    "Actual Rows": 667442,
                    "Actual Loops": 2,
                    "Filter": "(company_type_id = 2)",
                    "Rows Removed by Filter": 637123
                  },
                  {
                    "Node Type": "Hash",
                    "Parent Relationship": "Inner",
                    "Parallel Aware": true,
                    "Startup Cost": 252966.97,
                    "Total Cost": 252966.97,
                    "Plan Rows": 468439,
                    "Plan Width": 8,
                    "Actual Startup Time": 846.367,
                    "Actual Total Time": 846.371,
                    "Actual Rows": 401070,
                    "Actual Loops": 2,
                    "Hash Buckets": 1048576,
                    "Original Hash Buckets": 1048576,
                    "Hash Batches": 1,
                    "Original Hash Batches": 1,
                    "Peak Memory Usage": 39584,
                    "Plans": [
                      {
                        "Node Type": "Hash Join",
                        "Parent Relationship": "Outer",
                        "Parallel Aware": true,
                        "Join Type": "Inner",
                        "Startup Cost": 83888.82,
                        "Total Cost": 252966.97,
                        "Plan Rows": 468439,
                        "Plan Width": 8,
                        "Actual Startup Time": 541.432,
                        "Actual Total Time": 743.78,
                        "Actual Rows": 401070,
                        "Actual Loops": 2,
                        "Inner Unique": true,
                        "Hash Cond": "(mi.movie_id = t.id)",
                        "Plans": [
                          {
                            "Node Type": "Bitmap Heap Scan",
                            "Parent Relationship": "Outer",
                            "Parallel Aware": true,
                            "Relation Name": "movie_info",
                            "Alias": "mi",
                            "Startup Cost": 14428.12,
                            "Total Cost": 182276.62,
                            "Plan Rows": 468439,
                            "Plan Width": 4,
                            "Actual Startup Time": 21.915,
                            "Actual Total Time": 57.325,
                            "Actual Rows": 401070,
                            "Actual Loops": 2,
                            "Recheck Cond": "(info_type_id < 2)",
                            "Rows Removed by Index Recheck": 0,
                            "Exact Heap Blocks": 2477,
                            "Lossy Heap Blocks": 0,
                            "Plans": [
                              {
                                "Node Type": "Bitmap Index Scan",
                                "Parent Relationship": "Outer",
                                "Parallel Aware": false,
                                "Index Name": "info_type_id_movie_info",
                                "Startup Cost": 0.0,
                                "Total Cost": 14229.04,
                                "Plan Rows": 796347,
                                "Plan Width": 0,
                                "Actual Startup Time": 21.184,
                                "Actual Total Time": 21.184,
                                "Actual Rows": 802140,
                                "Actual Loops": 1,
                                "Index Cond": "(info_type_id < 2)"
                              }
                            ]
                          },
                          {
                            "Node Type": "Hash",
                            "Parent Relationship": "Inner",
                            "Parallel Aware": true,
                            "Startup Cost": 50870.31,
                            "Total Cost": 50870.31,
                            "Plan Rows": 1487231,
                            "Plan Width": 4,
                            "Actual Startup Time": 504.569,
                            "Actual Total Time": 504.569,
                            "Actual Rows": 1264156,
                            "Actual Loops": 2,
                            "Hash Buckets": 4194304,
                            "Original Hash Buckets": 4194304,
                            "Hash Batches": 1,
                            "Original Hash Batches": 1,
                            "Peak Memory Usage": 131712,
                            "Plans": [
                              {
                                "Node Type": "Seq Scan",
                                "Parent Relationship": "Outer",
                                "Parallel Aware": true,
                                "Relation Name": "title",
                                "Alias": "t",
                                "Startup Cost": 0.0,
                                "Total Cost": 50870.31,
                                "Plan Rows": 1487231,
                                "Plan Width": 4,
                                "Actual Startup Time": 0.027,
                                "Actual Total Time": 142.682,
                                "Actual Rows": 1264156,
                                "Actual Loops": 2
                              }
                            ]
                          }
                        ]
                      }
                    ]
                  }
                ]
              }
            ]
          }
        ]
      }
    ]
  },
  "Planning Time": 0.531,
  "Triggers": [],
  "Execution Time": 1159.37
}