{
  "Plan": {
    "Node Type": "Aggregate",
    "Strategy": "Plain",
    "Partial Mode": "Finalize",
    "Parallel Aware": false,
    "Startup Cost": 171551.3,
    "Total Cost": 171551.31,
    "Plan Rows": 1,
    "Plan Width": 8,
    "Actual Startup Time": 1246.86,
    "Actual Total Time": 1272.55,
    "Actual Rows": 1,
    "Actual Loops": 1,
    "Plans": [
      {
        "Node Type": "Gather",
        "Parent Relationship": "Outer",
        "Parallel Aware": false,
        "Startup Cost": 171551.19,
        "Total Cost": 171551.3,
        "Plan Rows": 1,
        "Plan Width": 8,
        "Actual Startup Time": 1245.423,
        "Actual Total Time": 1272.541,
        "Actual Rows": 2,
        "Actual Loops": 1,
        "Workers Planned": 1,
        "Workers Launched": 1,
        "Single Copy": false,
        "Plans": [
          {
            "Node Type": "Aggregate",
            "Strategy": "Plain",
            "Partial Mode": "Partial",
            "Parent Relationship": "Outer",
            "Parallel Aware": false,
            "Startup Cost": 170551.19,
            "Total Cost": 170551.2,
            "Plan Rows": 1,
            "Plan Width": 8,
            "Actual Startup Time": 1239.268,
            "Actual Total Time": 1239.271,
            "Actual Rows": 1,
            "Actual Loops": 2,
            "Plans": [
              {
                "Node Type": "Nested Loop",
                "Parent Relationship": "Outer",
                "Parallel Aware": false,
                "Join Type": "Inner",
                "Startup Cost": 83550.98,
                "Total Cost": 170352.54,
                "Plan Rows": 79461,
                "Plan Width": 0,
                "Actual Startup Time": 268.222,
                "Actual Total Time": 1180.359,
                "Actual Rows": 1391822,
                "Actual Loops": 2,
                "Inner Unique": false,
                "Join Filter": "(t.id = mc.movie_id)",
                "Rows Removed by Join Filter": 0,
                "Plans": [
                  {
                    "Node Type": "Hash Join",
                    "Parent Relationship": "Outer",
                    "Parallel Aware": true,
                    "Join Type": "Inner",
                    "Startup Cost": 83550.55,
                    "Total Cost": 117651.72,
                    "Plan Rows": 76999,
                    "Plan Width": 8,
                    "Actual Startup Time": 268.164,
                    "Actual Total Time": 470.401,
                    "Actual Rows": 216160,
                    "Actual Loops": 2,
                    "Inner Unique": true,
                    "Hash Cond": "(mk.movie_id = t.id)",
                    "Plans": [
                      {
                        "Node Type": "Bitmap Heap Scan",
                        "Parent Relationship": "Outer",
                        "Parallel Aware": true,
                        "Relation Name": "movie_keyword",
                        "Alias": "mk",
                        "Startup Cost": 22999.83,
                        "Total Cost": 55426.7,
                        "Plan Rows": 637829,
                        "Plan Width": 4,
                        "Actual Startup Time": 71.48,
                        "Actual Total Time": 163.52,
                        "Actual Rows": 549244,
                        "Actual Loops": 2,
                        "Recheck Cond": "(keyword_id < 1127)",
                        "Rows Removed by Index Recheck": 0,
                        "Exact Heap Blocks": 12425,
                        "Lossy Heap Blocks": 0,
                        "Plans": [
                          {
                            "Node Type": "Bitmap Index Scan",
                            "Parent Relationship": "Outer",
                            "Parallel Aware": false,
                            "Index Name": "keyword_id_movie_keyword",
                            "Startup Cost": 0.0,
                            "Total Cost": 22728.76,
                            "Plan Rows": 1084310,
                            "Plan Width": 0,
                            "Actual Startup Time": 67.797,
                            "Actual Total Time": 67.798,
                            "Actual Rows": 1098488,
                            "Actual Loops": 1,
                            "Index Cond": "(keyword_id < 1127)"
                          }
                        ]
                      },
                      {
                        "Node Type": "Hash",
                        "Parent Relationship": "Inner",
                        "Parallel Aware": true,
                        "Startup Cost": 58306.47,
                        "Total Cost": 58306.47,
                        "Plan Rows": 179540,
                        "Plan Width": 4,
                        "Actual Startup Time": 190.892,
                        "Actual Total Time": 190.893,
                        "Actual Rows": 211109,
                        "Actual Loops": 2,
                        "Hash Buckets": 524288,
                        "Original Hash Buckets": 524288,
                        "Hash Batches": 1,
                        "Original Hash Batches": 1,
                        "Peak Memory Usage": 20640,
                        "Plans": [
                          {
                            "Node Type": "Seq Scan",
                            "Parent Relationship": "Outer",
                            "Parallel Aware": true,
                            "Relation Name": "title",
                            "Alias": "t",
                            "Startup Cost": 0.0,
                            "Total Cost": 58306.47,
                            "Plan Rows": 179540,
                            "Plan Width": 4,
                            "Actual Startup Time": 0.042,
                            "Actual Total Time": 145.052,
                            "Actual Rows": 211109,
                            "Actual Loops": 2,
                            "Filter": "((kind_id < 7) AND (production_year < 1994))",
                            "Rows Removed by Filter": 1053047
                          }
                        ]
                      }
                    ]
                  },
                  {
                    "Node Type": "Index Only Scan",
                    "Parent Relationship": "Inner",
                    "Parallel Aware": false,
                    "Scan Direction": "Forward",
                    "Index Name": "movie_id_movie_companies",
                    "Relation Name": "movie_companies",
                    "Alias": "mc",
                    "Startup Cost": 0.43,
                    "Total Cost": 0.62,
                    "Plan Rows": 5,
                    "Plan Width": 4,
                    "Actual Startup Time": 0.001,
                    "Actual Total Time": 0.003,
                    "Actual Rows": 6,
                    "Actual Loops": 432320,
                    "Index Cond": "(movie_id = mk.movie_id)",
                    "Rows Removed by Index Recheck": 0,
                    "Heap Fetches": 2783643
                  }
                ]
              }
            ]
          }
        ]
      }
    ]
  },
  "Planning Time": 1.043,
  "Triggers": [],
  "Execution Time": 1272.658
}