[
  {
    "Plan": {
      "Node Type": "Aggregate",
      "Strategy": "Plain",
      "Partial Mode": "Finalize",
      "Parallel Aware": false,
      "Startup Cost": 276637.08,
      "Total Cost": 276637.09,
      "Plan Rows": 1,
      "Plan Width": 8,
      "Actual Startup Time": 6942.066,
      "Actual Total Time": 7030.658,
      "Actual Rows": 1,
      "Actual Loops": 1,
      "Plans": [
        {
          "Node Type": "Gather",
          "Parent Relationship": "Outer",
          "Parallel Aware": false,
          "Startup Cost": 276636.76,
          "Total Cost": 276637.07,
          "Plan Rows": 3,
          "Plan Width": 8,
          "Actual Startup Time": 6939.563,
          "Actual Total Time": 7030.645,
          "Actual Rows": 4,
          "Actual Loops": 1,
          "Workers Planned": 3,
          "Workers Launched": 3,
          "Single Copy": false,
          "Plans": [
            {
              "Node Type": "Aggregate",
              "Strategy": "Plain",
              "Partial Mode": "Partial",
              "Parent Relationship": "Outer",
              "Parallel Aware": false,
              "Startup Cost": 275636.76,
              "Total Cost": 275636.77,
              "Plan Rows": 1,
              "Plan Width": 8,
              "Actual Startup Time": 6934.51,
              "Actual Total Time": 6934.64,
              "Actual Rows": 1,
              "Actual Loops": 4,
              "Plans": [
                {
                  "Node Type": "Nested Loop",
                  "Parent Relationship": "Outer",
                  "Parallel Aware": false,
                  "Join Type": "Inner",
                  "Startup Cost": 46187.71,
                  "Total Cost": 272596.18,
                  "Plan Rows": 1216234,
                  "Plan Width": 0,
                  "Actual Startup Time": 159.341,
                  "Actual Total Time": 6434.681,
                  "Actual Rows": 11467289,
                  "Actual Loops": 4,
                  "Inner Unique": false,
                  "Join Filter": "(t.id = ci.movie_id)",
                  "Rows Removed by Join Filter": 0,
                  "Plans": [
                    {
                      "Node Type": "Hash Join",
                      "Parent Relationship": "Outer",
                      "Parallel Aware": true,
                      "Join Type": "Inner",
                      "Startup Cost": 46187.15,
                      "Total Cost": 91369.39,
                      "Plan Rows": 84828,
                      "Plan Width": 8,
                      "Actual Startup Time": 159.203,
                      "Actual Total Time": 356.281,
                      "Actual Rows": 267779,
                      "Actual Loops": 4,
                      "Inner Unique": true,
                      "Hash Cond": "(mk.movie_id = t.id)",
                      "Plans": [
                        {
                          "Node Type": "Seq Scan",
                          "Parent Relationship": "Outer",
                          "Parallel Aware": true,
                          "Relation Name": "movie_keyword",
                          "Alias": "mk",
                          "Startup Cost": 0.0,
                          "Total Cost": 42695.65,
                          "Plan Rows": 947273,
                          "Plan Width": 4,
                          "Actual Startup Time": 0.026,
                          "Actual Total Time": 115.849,
                          "Actual Rows": 736047,
                          "Actual Loops": 4,
                          "Filter": "(keyword_id < 9857)",
                          "Rows Removed by Filter": 394935
                        },
                        {
                          "Node Type": "Hash",
                          "Parent Relationship": "Inner",
                          "Parallel Aware": true,
                          "Startup Cost": 45479.59,
                          "Total Cost": 45479.59,
                          "Plan Rows": 56605,
                          "Plan Width": 4,
                          "Actual Startup Time": 124.596,
                          "Actual Total Time": 124.598,
                          "Actual Rows": 88269,
                          "Actual Loops": 4,
                          "Hash Buckets": 524288,
                          "Original Hash Buckets": 262144,
                          "Hash Batches": 1,
                          "Original Hash Batches": 1,
                          "Peak Memory Usage": 20032,
                          "Plans": [
                            {
                              "Node Type": "Seq Scan",
                              "Parent Relationship": "Outer",
                              "Parallel Aware": true,
                              "Relation Name": "title",
                              "Alias": "t",
                              "Startup Cost": 0.0,
                              "Total Cost": 45479.59,
                              "Plan Rows": 56605,
                              "Plan Width": 4,
                              "Actual Startup Time": 47.683,
                              "Actual Total Time": 90.393,
                              "Actual Rows": 88269,
                              "Actual Loops": 4,
                              "Filter": "((kind_id < 2) AND (production_year < 1997))",
                              "Rows Removed by Filter": 543809
                            }
                          ]
                        }
                      ]
                    },
                    {
                      "Node Type": "Index Only Scan",
                      "Parent Relationship": "Inner",
                      "Parallel Aware": false,
                      "Scan Direction": "Forward",
                      "Index Name": "movie_id_cast_info",
                      "Relation Name": "cast_info",
                      "Alias": "ci",
                      "Startup Cost": 0.56,
                      "Total Cost": 1.7,
                      "Plan Rows": 35,
                      "Plan Width": 4,
                      "Actual Startup Time": 0.003,
                      "Actual Total Time": 0.019,
                      "Actual Rows": 43,
                      "Actual Loops": 1071115,
                      "Index Cond": "(movie_id = mk.movie_id)",
                      "Rows Removed by Index Recheck": 0,
                      "Heap Fetches": 45869157
                    }
                  ]
                }
              ]
            }
          ]
        }
      ]
    },
    "Planning Time": 0.493,
    "Triggers": [],
    "Execution Time": 7030.726
  }
]