[
  {
    "Plan": {
      "Node Type": "Aggregate",
      "Strategy": "Plain",
      "Partial Mode": "Finalize",
      "Parallel Aware": false,
      "Startup Cost": 435216.51,
      "Total Cost": 435216.52,
      "Plan Rows": 1,
      "Plan Width": 8,
      "Actual Startup Time": 1347.425,
      "Actual Total Time": 1407.308,
      "Actual Rows": 1,
      "Actual Loops": 1,
      "Plans": [
        {
          "Node Type": "Gather",
          "Parent Relationship": "Outer",
          "Parallel Aware": false,
          "Startup Cost": 435215.89,
          "Total Cost": 435216.5,
          "Plan Rows": 6,
          "Plan Width": 8,
          "Actual Startup Time": 1334.344,
          "Actual Total Time": 1407.292,
          "Actual Rows": 7,
          "Actual Loops": 1,
          "Workers Planned": 6,
          "Workers Launched": 6,
          "Single Copy": false,
          "Plans": [
            {
              "Node Type": "Aggregate",
              "Strategy": "Plain",
              "Partial Mode": "Partial",
              "Parent Relationship": "Outer",
              "Parallel Aware": false,
              "Startup Cost": 434215.89,
              "Total Cost": 434215.9,
              "Plan Rows": 1,
              "Plan Width": 8,
              "Actual Startup Time": 1325.177,
              "Actual Total Time": 1325.555,
              "Actual Rows": 1,
              "Actual Loops": 7,
              "Plans": [
                {
                  "Node Type": "Hash Join",
                  "Parent Relationship": "Outer",
                  "Parallel Aware": true,
                  "Join Type": "Inner",
                  "Startup Cost": 84970.32,
                  "Total Cost": 433459.47,
                  "Plan Rows": 302566,
                  "Plan Width": 0,
                  "Actual Startup Time": 396.806,
                  "Actual Total Time": 1299.815,
                  "Actual Rows": 504497,
                  "Actual Loops": 7,
                  "Inner Unique": false,
                  "Hash Cond": "(ci.movie_id = t.id)",
                  "Plans": [
                    {
                      "Node Type": "Seq Scan",
                      "Parent Relationship": "Outer",
                      "Parallel Aware": true,
                      "Relation Name": "cast_info",
                      "Alias": "ci",
                      "Startup Cost": 0.0,
                      "Total Cost": 343316.27,
                      "Plan Rows": 1119162,
                      "Plan Width": 4,
                      "Actual Startup Time": 0.044,
                      "Actual Total Time": 652.253,
                      "Actual Rows": 1153878,
                      "Actual Loops": 7,
                      "Filter": "((person_id < 995049) AND (role_id < 4))",
                      "Rows Removed by Filter": 4023886
                    },
                    {
                      "Node Type": "Hash",
                      "Parent Relationship": "Inner",
                      "Parallel Aware": true,
                      "Startup Cost": 82214.02,
                      "Total Cost": 82214.02,
                      "Plan Rows": 220504,
                      "Plan Width": 8,
                      "Actual Startup Time": 394.388,
                      "Actual Total Time": 394.76,
                      "Actual Rows": 64910,
                      "Actual Loops": 7,
                      "Hash Buckets": 1048576,
                      "Original Hash Buckets": 1048576,
                      "Hash Batches": 1,
                      "Original Hash Batches": 1,
                      "Peak Memory Usage": 26048,
                      "Plans": [
                        {
                          "Node Type": "Hash Join",
                          "Parent Relationship": "Outer",
                          "Parallel Aware": true,
                          "Join Type": "Inner",
                          "Startup Cost": 50220.38,
                          "Total Cost": 82214.02,
                          "Plan Rows": 220504,
                          "Plan Width": 8,
                          "Actual Startup Time": 295.159,
                          "Actual Total Time": 364.031,
                          "Actual Rows": 64910,
                          "Actual Loops": 7,
                          "Inner Unique": true,
                          "Hash Cond": "(mc.movie_id = t.id)",
                          "Plans": [
                            {
                              "Node Type": "Seq Scan",
                              "Parent Relationship": "Outer",
                              "Parallel Aware": true,
                              "Relation Name": "movie_companies",
                              "Alias": "mc",
                              "Startup Cost": 0.0,
                              "Total Cost": 31414.82,
                              "Plan Rows": 220504,
                              "Plan Width": 4,
                              "Actual Startup Time": 7.525,
                              "Actual Total Time": 47.822,
                              "Actual Rows": 64910,
                              "Actual Loops": 7,
                              "Filter": "((company_id > 11137) AND (company_type_id < 2))",
                              "Rows Removed by Filter": 307823
                            },
                            {
                              "Node Type": "Hash",
                              "Parent Relationship": "Inner",
                              "Parallel Aware": true,
                              "Startup Cost": 42319.06,
                              "Total Cost": 42319.06,
                              "Plan Rows": 632106,
                              "Plan Width": 4,
                              "Actual Startup Time": 282.319,
                              "Actual Total Time": 282.321,
                              "Actual Rows": 361187,
                              "Actual Loops": 7,
                              "Hash Buckets": 4194304,
                              "Original Hash Buckets": 4194304,
                              "Hash Batches": 1,
                              "Original Hash Batches": 1,
                              "Peak Memory Usage": 131776,
                              "Plans": [
                                {
                                  "Node Type": "Seq Scan",
                                  "Parent Relationship": "Outer",
                                  "Parallel Aware": true,
                                  "Relation Name": "title",
                                  "Alias": "t",
                                  "Startup Cost": 0.0,
                                  "Total Cost": 42319.06,
                                  "Plan Rows": 632106,
                                  "Plan Width": 4,
                                  "Actual Startup Time": 0.056,
                                  "Actual Total Time": 79.231,
                                  "Actual Rows": 361187,
                                  "Actual Loops": 7
                                }
                              ]
                            }
                          ]
                        }
                      ]
                    }
                  ]
                }
              ]
            }
          ]
        }
      ]
    },
    "Planning Time": 0.712,
    "Triggers": [],
    "Execution Time": 1407.39
  }
]