[
  {
    "Plan": {
      "Node Type": "Aggregate",
      "Strategy": "Plain",
      "Partial Mode": "Finalize",
      "Parallel Aware": false,
      "Startup Cost": 379232.21,
      "Total Cost": 379232.22,
      "Plan Rows": 1,
      "Plan Width": 8,
      "Actual Startup Time": 1937.763,
      "Actual Total Time": 1991.951,
      "Actual Rows": 1,
      "Actual Loops": 1,
      "Plans": [
        {
          "Node Type": "Gather",
          "Parent Relationship": "Outer",
          "Parallel Aware": false,
          "Startup Cost": 379231.59,
          "Total Cost": 379232.2,
          "Plan Rows": 6,
          "Plan Width": 8,
          "Actual Startup Time": 1933.652,
          "Actual Total Time": 1991.935,
          "Actual Rows": 7,
          "Actual Loops": 1,
          "Workers Planned": 6,
          "Workers Launched": 6,
          "Single Copy": false,
          "Plans": [
            {
              "Node Type": "Aggregate",
              "Strategy": "Plain",
              "Partial Mode": "Partial",
              "Parent Relationship": "Outer",
              "Parallel Aware": false,
              "Startup Cost": 378231.59,
              "Total Cost": 378231.6,
              "Plan Rows": 1,
              "Plan Width": 8,
              "Actual Startup Time": 1925.646,
              "Actual Total Time": 1925.649,
              "Actual Rows": 1,
              "Actual Loops": 7,
              "Plans": [
                {
                  "Node Type": "Hash Join",
                  "Parent Relationship": "Outer",
                  "Parallel Aware": true,
                  "Join Type": "Inner",
                  "Startup Cost": 46779.64,
                  "Total Cost": 375746.29,
                  "Plan Rows": 994117,
                  "Plan Width": 0,
                  "Actual Startup Time": 107.907,
                  "Actual Total Time": 1871.697,
                  "Actual Rows": 1040867,
                  "Actual Loops": 7,
                  "Inner Unique": true,
                  "Hash Cond": "(ci.movie_id = t.id)",
                  "Plans": [
                    {
                      "Node Type": "Seq Scan",
                      "Parent Relationship": "Outer",
                      "Parallel Aware": true,
                      "Relation Name": "cast_info",
                      "Alias": "ci",
                      "Startup Cost": 0.0,
                      "Total Cost": 313106.51,
                      "Plan Rows": 6041951,
                      "Plan Width": 4,
                      "Actual Startup Time": 0.035,
                      "Actual Total Time": 575.599,
                      "Actual Rows": 5177763,
                      "Actual Loops": 7
                    },
                    {
                      "Node Type": "Hash",
                      "Parent Relationship": "Inner",
                      "Parallel Aware": true,
                      "Startup Cost": 45479.59,
                      "Total Cost": 45479.59,
                      "Plan Rows": 104004,
                      "Plan Width": 4,
                      "Actual Startup Time": 106.275,
                      "Actual Total Time": 106.276,
                      "Actual Rows": 73995,
                      "Actual Loops": 7,
                      "Hash Buckets": 524288,
                      "Original Hash Buckets": 524288,
                      "Hash Batches": 1,
                      "Original Hash Batches": 1,
                      "Peak Memory Usage": 24512,
                      "Plans": [
                        {
                          "Node Type": "Seq Scan",
                          "Parent Relationship": "Outer",
                          "Parallel Aware": true,
                          "Relation Name": "title",
                          "Alias": "t",
                          "Startup Cost": 0.0,
                          "Total Cost": 45479.59,
                          "Plan Rows": 104004,
                          "Plan Width": 4,
                          "Actual Startup Time": 0.058,
                          "Actual Total Time": 74.333,
                          "Actual Rows": 73995,
                          "Actual Loops": 7,
                          "Filter": "((kind_id < 7) AND (production_year < 2001))",
                          "Rows Removed by Filter": 287192
                        }
                      ]
                    }
                  ]
                }
              ]
            }
          ]
        }
      ]
    },
    "Planning Time": 0.244,
    "Triggers": [],
    "Execution Time": 1992.009
  }
]