[
  {
    "Plan": {
      "Node Type": "Aggregate",
      "Strategy": "Plain",
      "Partial Mode": "Finalize",
      "Parallel Aware": false,
      "Startup Cost": 54496.3,
      "Total Cost": 54496.31,
      "Plan Rows": 1,
      "Plan Width": 8,
      "Actual Startup Time": 32.634,
      "Actual Total Time": 37.293,
      "Actual Rows": 1,
      "Actual Loops": 1,
      "Plans": [
        {
          "Node Type": "Gather",
          "Parent Relationship": "Outer",
          "Parallel Aware": false,
          "Startup Cost": 54496.09,
          "Total Cost": 54496.3,
          "Plan Rows": 2,
          "Plan Width": 8,
          "Actual Startup Time": 32.396,
          "Actual Total Time": 37.286,
          "Actual Rows": 3,
          "Actual Loops": 1,
          "Workers Planned": 2,
          "Workers Launched": 2,
          "Single Copy": false,
          "Plans": [
            {
              "Node Type": "Aggregate",
              "Strategy": "Plain",
              "Partial Mode": "Partial",
              "Parent Relationship": "Outer",
              "Parallel Aware": false,
              "Startup Cost": 53496.09,
              "Total Cost": 53496.1,
              "Plan Rows": 1,
              "Plan Width": 8,
              "Actual Startup Time": 25.179,
              "Actual Total Time": 25.18,
              "Actual Rows": 1,
              "Actual Loops": 3,
              "Plans": [
                {
                  "Node Type": "Nested Loop",
                  "Parent Relationship": "Outer",
                  "Parallel Aware": false,
                  "Join Type": "Inner",
                  "Startup Cost": 161.61,
                  "Total Cost": 53486.85,
                  "Plan Rows": 3696,
                  "Plan Width": 0,
                  "Actual Startup Time": 1.319,
                  "Actual Total Time": 24.817,
                  "Actual Rows": 2207,
                  "Actual Loops": 3,
                  "Inner Unique": true,
                  "Plans": [
                    {
                      "Node Type": "Bitmap Heap Scan",
                      "Parent Relationship": "Outer",
                      "Parallel Aware": true,
                      "Relation Name": "movie_info",
                      "Alias": "mi",
                      "Startup Cost": 161.18,
                      "Total Cost": 28763.51,
                      "Plan Rows": 3696,
                      "Plan Width": 4,
                      "Actual Startup Time": 1.151,
                      "Actual Total Time": 4.76,
                      "Actual Rows": 2207,
                      "Actual Loops": 3,
                      "Recheck Cond": "(info_type_id = 85)",
                      "Rows Removed by Index Recheck": 0,
                      "Exact Heap Blocks": 1053,
                      "Lossy Heap Blocks": 0,
                      "Plans": [
                        {
                          "Node Type": "Bitmap Index Scan",
                          "Parent Relationship": "Outer",
                          "Parallel Aware": false,
                          "Index Name": "info_type_id_movie_info",
                          "Startup Cost": 0.0,
                          "Total Cost": 158.96,
                          "Plan Rows": 8870,
                          "Plan Width": 0,
                          "Actual Startup Time": 2.673,
                          "Actual Total Time": 2.674,
                          "Actual Rows": 6621,
                          "Actual Loops": 1,
                          "Index Cond": "(info_type_id = 85)"
                        }
                      ]
                    },
                    {
                      "Node Type": "Index Only Scan",
                      "Parent Relationship": "Inner",
                      "Parallel Aware": false,
                      "Scan Direction": "Forward",
                      "Index Name": "title_pkey",
                      "Relation Name": "title",
                      "Alias": "t",
                      "Startup Cost": 0.43,
                      "Total Cost": 6.69,
                      "Plan Rows": 1,
                      "Plan Width": 4,
                      "Actual Startup Time": 0.008,
                      "Actual Total Time": 0.008,
                      "Actual Rows": 1,
                      "Actual Loops": 6621,
                      "Index Cond": "(id = mi.movie_id)",
                      "Rows Removed by Index Recheck": 0,
                      "Heap Fetches": 6621
                    }
                  ]
                }
              ]
            }
          ]
        }
      ]
    },
    "Planning Time": 0.539,
    "Triggers": [],
    "Execution Time": 37.362
  }
]