[
  {
    "Plan": {
      "Node Type": "Aggregate",
      "Strategy": "Plain",
      "Partial Mode": "Finalize",
      "Parallel Aware": false,
      "Startup Cost": 344245.68,
      "Total Cost": 344245.69,
      "Plan Rows": 1,
      "Plan Width": 8,
      "Actual Startup Time": 900.818,
      "Actual Total Time": 959.873,
      "Actual Rows": 1,
      "Actual Loops": 1,
      "Plans": [
        {
          "Node Type": "Gather",
          "Parent Relationship": "Outer",
          "Parallel Aware": false,
          "Startup Cost": 344245.05,
          "Total Cost": 344245.66,
          "Plan Rows": 6,
          "Plan Width": 8,
          "Actual Startup Time": 900.684,
          "Actual Total Time": 959.864,
          "Actual Rows": 7,
          "Actual Loops": 1,
          "Workers Planned": 6,
          "Workers Launched": 6,
          "Single Copy": false,
          "Plans": [
            {
              "Node Type": "Aggregate",
              "Strategy": "Plain",
              "Partial Mode": "Partial",
              "Parent Relationship": "Outer",
              "Parallel Aware": false,
              "Startup Cost": 343245.05,
              "Total Cost": 343245.06,
              "Plan Rows": 1,
              "Plan Width": 8,
              "Actual Startup Time": 891.607,
              "Actual Total Time": 891.608,
              "Actual Rows": 1,
              "Actual Loops": 7,
              "Plans": [
                {
                  "Node Type": "Seq Scan",
                  "Parent Relationship": "Outer",
                  "Parallel Aware": true,
                  "Relation Name": "cast_info",
                  "Alias": "ci",
                  "Startup Cost": 0.0,
                  "Total Cost": 328162.03,
                  "Plan Rows": 6033210,
                  "Plan Width": 0,
                  "Actual Startup Time": 0.757,
                  "Actual Total Time": 666.662,
                  "Actual Rows": 5174325,
                  "Actual Loops": 7,
                  "Filter": "(person_id > 3421)",
                  "Rows Removed by Filter": 3439
                }
              ]
            }
          ]
        }
      ]
    },
    "Planning Time": 0.305,
    "Triggers": [],
    "Execution Time": 959.961
  }
]