[
  {
    "Plan": {
      "Node Type": "Aggregate",
      "Strategy": "Plain",
      "Partial Mode": "Finalize",
      "Parallel Aware": false,
      "Startup Cost": 47693.23,
      "Total Cost": 47693.24,
      "Plan Rows": 1,
      "Plan Width": 8,
      "Actual Startup Time": 104.466,
      "Actual Total Time": 118.695,
      "Actual Rows": 1,
      "Actual Loops": 1,
      "Plans": [
        {
          "Node Type": "Gather",
          "Parent Relationship": "Outer",
          "Parallel Aware": false,
          "Startup Cost": 47692.81,
          "Total Cost": 47693.22,
          "Plan Rows": 4,
          "Plan Width": 8,
          "Actual Startup Time": 104.272,
          "Actual Total Time": 118.687,
          "Actual Rows": 5,
          "Actual Loops": 1,
          "Workers Planned": 4,
          "Workers Launched": 4,
          "Single Copy": false,
          "Plans": [
            {
              "Node Type": "Aggregate",
              "Strategy": "Plain",
              "Partial Mode": "Partial",
              "Parent Relationship": "Outer",
              "Parallel Aware": false,
              "Startup Cost": 46692.81,
              "Total Cost": 46692.82,
              "Plan Rows": 1,
              "Plan Width": 8,
              "Actual Startup Time": 94.347,
              "Actual Total Time": 94.349,
              "Actual Rows": 1,
              "Actual Loops": 5,
              "Plans": [
                {
                  "Node Type": "Nested Loop",
                  "Parent Relationship": "Outer",
                  "Parallel Aware": false,
                  "Join Type": "Inner",
                  "Startup Cost": 0.43,
                  "Total Cost": 46692.68,
                  "Plan Rows": 54,
                  "Plan Width": 0,
                  "Actual Startup Time": 61.845,
                  "Actual Total Time": 94.294,
                  "Actual Rows": 415,
                  "Actual Loops": 5,
                  "Inner Unique": false,
                  "Plans": [
                    {
                      "Node Type": "Seq Scan",
                      "Parent Relationship": "Outer",
                      "Parallel Aware": true,
                      "Relation Name": "title",
                      "Alias": "t",
                      "Startup Cost": 0.0,
                      "Total Cost": 45479.59,
                      "Plan Rows": 148,
                      "Plan Width": 4,
                      "Actual Startup Time": 61.261,
                      "Actual Total Time": 88.802,
                      "Actual Rows": 435,
                      "Actual Loops": 5,
                      "Filter": "((kind_id < 7) AND (production_year = 1942))",
                      "Rows Removed by Filter": 505227
                    },
                    {
                      "Node Type": "Index Scan",
                      "Parent Relationship": "Inner",
                      "Parallel Aware": false,
                      "Scan Direction": "Forward",
                      "Index Name": "movie_id_movie_info_idx",
                      "Relation Name": "movie_info_idx",
                      "Alias": "mi_idx",
                      "Startup Cost": 0.43,
                      "Total Cost": 8.18,
                      "Plan Rows": 2,
                      "Plan Width": 4,
                      "Actual Startup Time": 0.012,
                      "Actual Total Time": 0.012,
                      "Actual Rows": 1,
                      "Actual Loops": 2177,
                      "Index Cond": "(movie_id = t.id)",
                      "Rows Removed by Index Recheck": 0,
                      "Filter": "(info_type_id < 101)",
                      "Rows Removed by Filter": 0
                    }
                  ]
                }
              ]
            }
          ]
        }
      ]
    },
    "Planning Time": 0.307,
    "Triggers": [],
    "Execution Time": 118.751
  }
]