{
  "Plan": {
    "Node Type": "Aggregate",
    "Strategy": "Plain",
    "Partial Mode": "Finalize",
    "Parallel Aware": false,
    "Startup Cost": 331431.68,
    "Total Cost": 331431.69,
    "Plan Rows": 1,
    "Plan Width": 8,
    "Actual Startup Time": 1376.953,
    "Actual Total Time": 1425.908,
    "Actual Rows": 1,
    "Actual Loops": 1,
    "Plans": [
      {
        "Node Type": "Gather",
        "Parent Relationship": "Outer",
        "Parallel Aware": false,
        "Startup Cost": 331431.57,
        "Total Cost": 331431.68,
        "Plan Rows": 1,
        "Plan Width": 8,
        "Actual Startup Time": 1376.689,
        "Actual Total Time": 1425.898,
        "Actual Rows": 2,
        "Actual Loops": 1,
        "Workers Planned": 1,
        "Workers Launched": 1,
        "Single Copy": false,
        "Plans": [
          {
            "Node Type": "Aggregate",
            "Strategy": "Plain",
            "Partial Mode": "Partial",
            "Parent Relationship": "Outer",
            "Parallel Aware": false,
            "Startup Cost": 330431.57,
            "Total Cost": 330431.58,
            "Plan Rows": 1,
            "Plan Width": 8,
            "Actual Startup Time": 1370.981,
            "Actual Total Time": 1370.988,
            "Actual Rows": 1,
            "Actual Loops": 2,
            "Plans": [
              {
                "Node Type": "Hash Join",
                "Parent Relationship": "Outer",
                "Parallel Aware": true,
                "Join Type": "Inner",
                "Startup Cost": 58463.93,
                "Total Cost": 330247.42,
                "Plan Rows": 73659,
                "Plan Width": 0,
                "Actual Startup Time": 139.836,
                "Actual Total Time": 1366.549,
                "Actual Rows": 92528,
                "Actual Loops": 2,
                "Inner Unique": true,
                "Hash Cond": "(mi.movie_id = t.id)",
                "Plans": [
                  {
                    "Node Type": "Seq Scan",
                    "Parent Relationship": "Outer",
                    "Parallel Aware": true,
                    "Relation Name": "movie_info",
                    "Alias": "mi",
                    "Startup Cost": 0.0,
                    "Total Cost": 248955.74,
                    "Plan Rows": 8696274,
                    "Plan Width": 4,
                    "Actual Startup Time": 0.009,
                    "Actual Total Time": 653.032,
                    "Actual Rows": 7417860,
                    "Actual Loops": 2
                  },
                  {
                    "Node Type": "Hash",
                    "Parent Relationship": "Inner",
                    "Parallel Aware": true,
                    "Startup Cost": 58306.47,
                    "Total Cost": 58306.47,
                    "Plan Rows": 12597,
                    "Plan Width": 4,
                    "Actual Startup Time": 137.934,
                    "Actual Total Time": 137.938,
                    "Actual Rows": 7896,
                    "Actual Loops": 2,
                    "Hash Buckets": 32768,
                    "Original Hash Buckets": 32768,
                    "Hash Batches": 1,
                    "Original Hash Batches": 1,
                    "Peak Memory Usage": 896,
                    "Plans": [
                      {
                        "Node Type": "Seq Scan",
                        "Parent Relationship": "Outer",
                        "Parallel Aware": true,
                        "Relation Name": "title",
                        "Alias": "t",
                        "Startup Cost": 0.0,
                        "Total Cost": 58306.47,
                        "Plan Rows": 12597,
                        "Plan Width": 4,
                        "Actual Startup Time": 0.323,
                        "Actual Total Time": 135.489,
                        "Actual Rows": 7896,
                        "Actual Loops": 2,
                        "Filter": "((kind_id < 7) AND (production_year = 1999))",
                        "Rows Removed by Filter": 1256260
                      }
                    ]
                  }
                ]
              }
            ]
          }
        ]
      }
    ]
  },
  "Planning Time": 0.451,
  "Triggers": [],
  "Execution Time": 1425.994
}