[
  {
    "Plan": {
      "Node Type": "Aggregate",
      "Strategy": "Plain",
      "Partial Mode": "Finalize",
      "Parallel Aware": false,
      "Startup Cost": 126033.65,
      "Total Cost": 126033.66,
      "Plan Rows": 1,
      "Plan Width": 8,
      "Actual Startup Time": 1023.903,
      "Actual Total Time": 1044.544,
      "Actual Rows": 1,
      "Actual Loops": 1,
      "Plans": [
        {
          "Node Type": "Gather",
          "Parent Relationship": "Outer",
          "Parallel Aware": false,
          "Startup Cost": 126033.33,
          "Total Cost": 126033.64,
          "Plan Rows": 3,
          "Plan Width": 8,
          "Actual Startup Time": 1013.714,
          "Actual Total Time": 1044.534,
          "Actual Rows": 4,
          "Actual Loops": 1,
          "Workers Planned": 3,
          "Workers Launched": 3,
          "Single Copy": false,
          "Plans": [
            {
              "Node Type": "Aggregate",
              "Strategy": "Plain",
              "Partial Mode": "Partial",
              "Parent Relationship": "Outer",
              "Parallel Aware": false,
              "Startup Cost": 125033.33,
              "Total Cost": 125033.34,
              "Plan Rows": 1,
              "Plan Width": 8,
              "Actual Startup Time": 1008.285,
              "Actual Total Time": 1008.432,
              "Actual Rows": 1,
              "Actual Loops": 4,
              "Plans": [
                {
                  "Node Type": "Hash Join",
                  "Parent Relationship": "Outer",
                  "Parallel Aware": true,
                  "Join Type": "Inner",
                  "Startup Cost": 93766.08,
                  "Total Cost": 124638.41,
                  "Plan Rows": 157970,
                  "Plan Width": 0,
                  "Actual Startup Time": 479.853,
                  "Actual Total Time": 880.013,
                  "Actual Rows": 2817947,
                  "Actual Loops": 4,
                  "Inner Unique": false,
                  "Hash Cond": "(mc.movie_id = t.id)",
                  "Plans": [
                    {
                      "Node Type": "Seq Scan",
                      "Parent Relationship": "Outer",
                      "Parallel Aware": true,
                      "Relation Name": "movie_companies",
                      "Alias": "mc",
                      "Startup Cost": 0.0,
                      "Total Cost": 27206.55,
                      "Plan Rows": 841655,
                      "Plan Width": 4,
                      "Actual Startup Time": 0.017,
                      "Actual Total Time": 63.042,
                      "Actual Rows": 652282,
                      "Actual Loops": 4
                    },
                    {
                      "Node Type": "Hash",
                      "Parent Relationship": "Inner",
                      "Parallel Aware": true,
                      "Startup Cost": 91852.53,
                      "Total Cost": 91852.53,
                      "Plan Rows": 153084,
                      "Plan Width": 8,
                      "Actual Startup Time": 476.487,
                      "Actual Total Time": 476.631,
                      "Actual Rows": 264087,
                      "Actual Loops": 4,
                      "Hash Buckets": 2097152,
                      "Original Hash Buckets": 524288,
                      "Hash Batches": 1,
                      "Original Hash Batches": 1,
                      "Peak Memory Usage": 70048,
                      "Plans": [
                        {
                          "Node Type": "Hash Join",
                          "Parent Relationship": "Outer",
                          "Parallel Aware": true,
                          "Join Type": "Inner",
                          "Startup Cost": 47771.56,
                          "Total Cost": 91852.53,
                          "Plan Rows": 153084,
                          "Plan Width": 8,
                          "Actual Startup Time": 178.464,
                          "Actual Total Time": 366.493,
                          "Actual Rows": 264087,
                          "Actual Loops": 4,
                          "Inner Unique": true,
                          "Hash Cond": "(mk.movie_id = t.id)",
                          "Plans": [
                            {
                              "Node Type": "Seq Scan",
                              "Parent Relationship": "Outer",
                              "Parallel Aware": true,
                              "Relation Name": "movie_keyword",
                              "Alias": "mk",
                              "Startup Cost": 0.0,
                              "Total Cost": 42695.65,
                              "Plan Rows": 527738,
                              "Plan Width": 4,
                              "Actual Startup Time": 0.584,
                              "Actual Total Time": 109.179,
                              "Actual Rows": 406153,
                              "Actual Loops": 4,
                              "Filter": "(keyword_id > 9224)",
                              "Rows Removed by Filter": 724830
                            },
                            {
                              "Node Type": "Hash",
                              "Parent Relationship": "Inner",
                              "Parallel Aware": true,
                              "Startup Cost": 45479.59,
                              "Total Cost": 45479.59,
                              "Plan Rows": 183358,
                              "Plan Width": 4,
                              "Actual Startup Time": 175.818,
                              "Actual Total Time": 175.819,
                              "Actual Rows": 186742,
                              "Actual Loops": 4,
                              "Hash Buckets": 1048576,
                              "Original Hash Buckets": 1048576,
                              "Hash Batches": 1,
                              "Original Hash Batches": 1,
                              "Peak Memory Usage": 37472,
                              "Plans": [
                                {
                                  "Node Type": "Seq Scan",
                                  "Parent Relationship": "Outer",
                                  "Parallel Aware": true,
                                  "Relation Name": "title",
                                  "Alias": "t",
                                  "Startup Cost": 0.0,
                                  "Total Cost": 45479.59,
                                  "Plan Rows": 183358,
                                  "Plan Width": 4,
                                  "Actual Startup Time": 0.047,
                                  "Actual Total Time": 104.793,
                                  "Actual Rows": 186742,
                                  "Actual Loops": 4,
                                  "Filter": "((kind_id < 3) AND (production_year > 0))",
                                  "Rows Removed by Filter": 445336
                                }
                              ]
                            }
                          ]
                        }
                      ]
                    }
                  ]
                }
              ]
            }
          ]
        }
      ]
    },
    "Planning Time": 0.441,
    "Triggers": [],
    "Execution Time": 1044.591
  }
]