{
  "Plan": {
    "Node Type": "Aggregate",
    "Strategy": "Plain",
    "Partial Mode": "Finalize",
    "Parallel Aware": false,
    "Startup Cost": 366227.0,
    "Total Cost": 366227.01,
    "Plan Rows": 1,
    "Plan Width": 8,
    "Actual Startup Time": 1595.086,
    "Actual Total Time": 1679.654,
    "Actual Rows": 1,
    "Actual Loops": 1,
    "Plans": [
      {
        "Node Type": "Gather",
        "Parent Relationship": "Outer",
        "Parallel Aware": false,
        "Startup Cost": 366226.89,
        "Total Cost": 366227.0,
        "Plan Rows": 1,
        "Plan Width": 8,
        "Actual Startup Time": 1594.78,
        "Actual Total Time": 1679.645,
        "Actual Rows": 2,
        "Actual Loops": 1,
        "Workers Planned": 1,
        "Workers Launched": 1,
        "Single Copy": false,
        "Plans": [
          {
            "Node Type": "Aggregate",
            "Strategy": "Plain",
            "Partial Mode": "Partial",
            "Parent Relationship": "Outer",
            "Parallel Aware": false,
            "Startup Cost": 365226.89,
            "Total Cost": 365226.9,
            "Plan Rows": 1,
            "Plan Width": 8,
            "Actual Startup Time": 1588.687,
            "Actual Total Time": 1588.691,
            "Actual Rows": 1,
            "Actual Loops": 2,
            "Plans": [
              {
                "Node Type": "Nested Loop",
                "Parent Relationship": "Outer",
                "Parallel Aware": false,
                "Join Type": "Inner",
                "Startup Cost": 54684.39,
                "Total Cost": 364910.3,
                "Plan Rows": 126635,
                "Plan Width": 0,
                "Actual Startup Time": 155.673,
                "Actual Total Time": 1579.239,
                "Actual Rows": 169450,
                "Actual Loops": 2,
                "Inner Unique": false,
                "Join Filter": "(t.id = ci.movie_id)",
                "Rows Removed by Join Filter": 0,
                "Plans": [
                  {
                    "Node Type": "Hash Join",
                    "Parent Relationship": "Outer",
                    "Parallel Aware": true,
                    "Join Type": "Inner",
                    "Startup Cost": 54683.83,
                    "Total Cost": 333648.46,
                    "Plan Rows": 16169,
                    "Plan Width": 8,
                    "Actual Startup Time": 155.466,
                    "Actual Total Time": 1090.653,
                    "Actual Rows": 16854,
                    "Actual Loops": 2,
                    "Inner Unique": true,
                    "Hash Cond": "(mi.movie_id = t.id)",
                    "Plans": [
                      {
                        "Node Type": "Seq Scan",
                        "Parent Relationship": "Outer",
                        "Parallel Aware": true,
                        "Relation Name": "movie_info",
                        "Alias": "mi",
                        "Startup Cost": 0.0,
                        "Total Cost": 270696.42,
                        "Plan Rows": 3149790,
                        "Plan Width": 4,
                        "Actual Startup Time": 0.013,
                        "Actual Total Time": 700.375,
                        "Actual Rows": 2705260,
                        "Actual Loops": 2,
                        "Filter": "(info_type_id < 6)",
                        "Rows Removed by Filter": 4712600
                      },
                      {
                        "Node Type": "Hash",
                        "Parent Relationship": "Inner",
                        "Parallel Aware": true,
                        "Startup Cost": 54588.39,
                        "Total Cost": 54588.39,
                        "Plan Rows": 7635,
                        "Plan Width": 4,
                        "Actual Startup Time": 153.514,
                        "Actual Total Time": 153.514,
                        "Actual Rows": 7027,
                        "Actual Loops": 2,
                        "Hash Buckets": 16384,
                        "Original Hash Buckets": 16384,
                        "Hash Batches": 1,
                        "Original Hash Batches": 1,
                        "Peak Memory Usage": 704,
                        "Plans": [
                          {
                            "Node Type": "Seq Scan",
                            "Parent Relationship": "Outer",
                            "Parallel Aware": true,
                            "Relation Name": "title",
                            "Alias": "t",
                            "Startup Cost": 0.0,
                            "Total Cost": 54588.39,
                            "Plan Rows": 7635,
                            "Plan Width": 4,
                            "Actual Startup Time": 0.203,
                            "Actual Total Time": 150.553,
                            "Actual Rows": 7027,
                            "Actual Loops": 2,
                            "Filter": "(production_year = 1975)",
                            "Rows Removed by Filter": 1257129
                          }
                        ]
                      }
                    ]
                  },
                  {
                    "Node Type": "Index Scan",
                    "Parent Relationship": "Inner",
                    "Parallel Aware": false,
                    "Scan Direction": "Forward",
                    "Index Name": "movie_id_cast_info",
                    "Relation Name": "cast_info",
                    "Alias": "ci",
                    "Startup Cost": 0.56,
                    "Total Cost": 1.68,
                    "Plan Rows": 20,
                    "Plan Width": 4,
                    "Actual Startup Time": 0.016,
                    "Actual Total Time": 0.028,
                    "Actual Rows": 10,
                    "Actual Loops": 33707,
                    "Index Cond": "(movie_id = mi.movie_id)",
                    "Rows Removed by Index Recheck": 0,
                    "Filter": "((person_id > 598570) AND (role_id > 1))",
                    "Rows Removed by Filter": 10
                  }
                ]
              }
            ]
          }
        ]
      }
    ]
  },
  "Planning Time": 0.838,
  "Triggers": [],
  "Execution Time": 1679.75
}