[
  {
    "Plan": {
      "Node Type": "Aggregate",
      "Strategy": "Plain",
      "Partial Mode": "Finalize",
      "Parallel Aware": false,
      "Startup Cost": 340071.15,
      "Total Cost": 340071.16,
      "Plan Rows": 1,
      "Plan Width": 8,
      "Actual Startup Time": 783.374,
      "Actual Total Time": 843.751,
      "Actual Rows": 1,
      "Actual Loops": 1,
      "Plans": [
        {
          "Node Type": "Gather",
          "Parent Relationship": "Outer",
          "Parallel Aware": false,
          "Startup Cost": 340070.52,
          "Total Cost": 340071.13,
          "Plan Rows": 6,
          "Plan Width": 8,
          "Actual Startup Time": 783.229,
          "Actual Total Time": 843.74,
          "Actual Rows": 7,
          "Actual Loops": 1,
          "Workers Planned": 6,
          "Workers Launched": 6,
          "Single Copy": false,
          "Plans": [
            {
              "Node Type": "Aggregate",
              "Strategy": "Plain",
              "Partial Mode": "Partial",
              "Parent Relationship": "Outer",
              "Parallel Aware": false,
              "Startup Cost": 339070.52,
              "Total Cost": 339070.53,
              "Plan Rows": 1,
              "Plan Width": 8,
              "Actual Startup Time": 773.484,
              "Actual Total Time": 773.485,
              "Actual Rows": 1,
              "Actual Loops": 7,
              "Plans": [
                {
                  "Node Type": "Seq Scan",
                  "Parent Relationship": "Outer",
                  "Parallel Aware": true,
                  "Relation Name": "cast_info",
                  "Alias": "ci",
                  "Startup Cost": 0.0,
                  "Total Cost": 328162.03,
                  "Plan Rows": 4363399,
                  "Plan Width": 0,
                  "Actual Startup Time": 0.054,
                  "Actual Total Time": 613.784,
                  "Actual Rows": 3757684,
                  "Actual Loops": 7,
                  "Filter": "(person_id < 2719921)",
                  "Rows Removed by Filter": 1420079
                }
              ]
            }
          ]
        }
      ]
    },
    "Planning Time": 0.197,
    "Triggers": [],
    "Execution Time": 843.828
  }
]