{
  "Plan": {
    "Node Type": "Aggregate",
    "Strategy": "Plain",
    "Partial Mode": "Finalize",
    "Parallel Aware": false,
    "Startup Cost": 214303.28,
    "Total Cost": 214303.29,
    "Plan Rows": 1,
    "Plan Width": 8,
    "Actual Startup Time": 860.302,
    "Actual Total Time": 883.475,
    "Actual Rows": 1,
    "Actual Loops": 1,
    "Plans": [
      {
        "Node Type": "Gather",
        "Parent Relationship": "Outer",
        "Parallel Aware": false,
        "Startup Cost": 214303.16,
        "Total Cost": 214303.27,
        "Plan Rows": 1,
        "Plan Width": 8,
        "Actual Startup Time": 859.615,
        "Actual Total Time": 883.465,
        "Actual Rows": 2,
        "Actual Loops": 1,
        "Workers Planned": 1,
        "Workers Launched": 1,
        "Single Copy": false,
        "Plans": [
          {
            "Node Type": "Aggregate",
            "Strategy": "Plain",
            "Partial Mode": "Partial",
            "Parent Relationship": "Outer",
            "Parallel Aware": false,
            "Startup Cost": 213303.16,
            "Total Cost": 213303.17,
            "Plan Rows": 1,
            "Plan Width": 8,
            "Actual Startup Time": 853.612,
            "Actual Total Time": 853.775,
            "Actual Rows": 1,
            "Actual Loops": 2,
            "Plans": [
              {
                "Node Type": "Hash Join",
                "Parent Relationship": "Outer",
                "Parallel Aware": true,
                "Join Type": "Inner",
                "Startup Cost": 151412.46,
                "Total Cost": 213050.82,
                "Plan Rows": 100936,
                "Plan Width": 0,
                "Actual Startup Time": 528.79,
                "Actual Total Time": 850.983,
                "Actual Rows": 71249,
                "Actual Loops": 2,
                "Inner Unique": false,
                "Hash Cond": "(mk.movie_id = t.id)",
                "Plans": [
                  {
                    "Node Type": "Seq Scan",
                    "Parent Relationship": "Outer",
                    "Parallel Aware": true,
                    "Relation Name": "movie_keyword",
                    "Alias": "mk",
                    "Startup Cost": 0.0,
                    "Total Cost": 51065.35,
                    "Plan Rows": 2661135,
                    "Plan Width": 4,
                    "Actual Startup Time": 0.015,
                    "Actual Total Time": 149.688,
                    "Actual Rows": 2261965,
                    "Actual Loops": 2
                  },
                  {
                    "Node Type": "Hash",
                    "Parent Relationship": "Inner",
                    "Parallel Aware": true,
                    "Startup Cost": 150707.33,
                    "Total Cost": 150707.33,
                    "Plan Rows": 56411,
                    "Plan Width": 8,
                    "Actual Startup Time": 526.283,
                    "Actual Total Time": 526.445,
                    "Actual Rows": 61734,
                    "Actual Loops": 2,
                    "Hash Buckets": 131072,
                    "Original Hash Buckets": 131072,
                    "Hash Batches": 1,
                    "Original Hash Batches": 1,
                    "Peak Memory Usage": 5888,
                    "Plans": [
                      {
                        "Node Type": "Hash Join",
                        "Parent Relationship": "Outer",
                        "Parallel Aware": true,
                        "Join Type": "Inner",
                        "Startup Cost": 58932.85,
                        "Total Cost": 150707.33,
                        "Plan Rows": 56411,
                        "Plan Width": 8,
                        "Actual Startup Time": 153.956,
                        "Actual Total Time": 512.216,
                        "Actual Rows": 61734,
                        "Actual Loops": 2,
                        "Inner Unique": true,
                        "Hash Cond": "(ci.movie_id = t.id)",
                        "Plans": [
                          {
                            "Node Type": "Index Scan",
                            "Parent Relationship": "Outer",
                            "Parallel Aware": true,
                            "Scan Direction": "Forward",
                            "Index Name": "role_id_cast_info",
                            "Relation Name": "cast_info",
                            "Alias": "ci",
                            "Startup Cost": 0.56,
                            "Total Cost": 87376.26,
                            "Plan Rows": 1675723,
                            "Plan Width": 4,
                            "Actual Startup Time": 0.161,
                            "Actual Total Time": 183.259,
                            "Actual Rows": 1364472,
                            "Actual Loops": 2,
                            "Index Cond": "(role_id = 4)",
                            "Rows Removed by Index Recheck": 0
                          },
                          {
                            "Node Type": "Hash",
                            "Parent Relationship": "Inner",
                            "Parallel Aware": true,
                            "Startup Cost": 58306.47,
                            "Total Cost": 58306.47,
                            "Plan Rows": 50065,
                            "Plan Width": 4,
                            "Actual Startup Time": 152.371,
                            "Actual Total Time": 152.373,
                            "Actual Rows": 46430,
                            "Actual Loops": 2,
                            "Hash Buckets": 131072,
                            "Original Hash Buckets": 131072,
                            "Hash Batches": 1,
                            "Original Hash Batches": 1,
                            "Peak Memory Usage": 4704,
                            "Plans": [
                              {
                                "Node Type": "Seq Scan",
                                "Parent Relationship": "Outer",
                                "Parallel Aware": true,
                                "Relation Name": "title",
                                "Alias": "t",
                                "Startup Cost": 0.0,
                                "Total Cost": 58306.47,
                                "Plan Rows": 50065,
                                "Plan Width": 4,
                                "Actual Startup Time": 0.036,
                                "Actual Total Time": 139.31,
                                "Actual Rows": 46430,
                                "Actual Loops": 2,
                                "Filter": "((kind_id > 3) AND (production_year = 2009))",
                                "Rows Removed by Filter": 1217726
                              }
                            ]
                          }
                        ]
                      }
                    ]
                  }
                ]
              }
            ]
          }
        ]
      }
    ]
  },
  "Planning Time": 0.886,
  "Triggers": [],
  "Execution Time": 883.557
}