[
  {
    "Plan": {
      "Node Type": "Aggregate",
      "Strategy": "Plain",
      "Partial Mode": "Finalize",
      "Parallel Aware": false,
      "Startup Cost": 108988.21,
      "Total Cost": 108988.22,
      "Plan Rows": 1,
      "Plan Width": 8,
      "Actual Startup Time": 465.141,
      "Actual Total Time": 483.449,
      "Actual Rows": 1,
      "Actual Loops": 1,
      "Plans": [
        {
          "Node Type": "Gather",
          "Parent Relationship": "Outer",
          "Parallel Aware": false,
          "Startup Cost": 108987.89,
          "Total Cost": 108988.2,
          "Plan Rows": 3,
          "Plan Width": 8,
          "Actual Startup Time": 461.214,
          "Actual Total Time": 483.438,
          "Actual Rows": 4,
          "Actual Loops": 1,
          "Workers Planned": 3,
          "Workers Launched": 3,
          "Single Copy": false,
          "Plans": [
            {
              "Node Type": "Aggregate",
              "Strategy": "Plain",
              "Partial Mode": "Partial",
              "Parent Relationship": "Outer",
              "Parallel Aware": false,
              "Startup Cost": 107987.89,
              "Total Cost": 107987.9,
              "Plan Rows": 1,
              "Plan Width": 8,
              "Actual Startup Time": 455.534,
              "Actual Total Time": 455.594,
              "Actual Rows": 1,
              "Actual Loops": 4,
              "Plans": [
                {
                  "Node Type": "Hash Join",
                  "Parent Relationship": "Outer",
                  "Parallel Aware": true,
                  "Join Type": "Inner",
                  "Startup Cost": 62740.78,
                  "Total Cost": 107715.16,
                  "Plan Rows": 109093,
                  "Plan Width": 0,
                  "Actual Startup Time": 231.824,
                  "Actual Total Time": 428.649,
                  "Actual Rows": 631204,
                  "Actual Loops": 4,
                  "Inner Unique": false,
                  "Hash Cond": "(mk.movie_id = t.id)",
                  "Plans": [
                    {
                      "Node Type": "Seq Scan",
                      "Parent Relationship": "Outer",
                      "Parallel Aware": true,
                      "Relation Name": "movie_keyword",
                      "Alias": "mk",
                      "Startup Cost": 0.0,
                      "Total Cost": 39047.32,
                      "Plan Rows": 1459332,
                      "Plan Width": 4,
                      "Actual Startup Time": 0.027,
                      "Actual Total Time": 91.007,
                      "Actual Rows": 1130982,
                      "Actual Loops": 4
                    },
                    {
                      "Node Type": "Hash",
                      "Parent Relationship": "Inner",
                      "Parallel Aware": true,
                      "Startup Cost": 61756.33,
                      "Total Cost": 61756.33,
                      "Plan Rows": 78756,
                      "Plan Width": 8,
                      "Actual Startup Time": 197.342,
                      "Actual Total Time": 197.401,
                      "Actual Rows": 61607,
                      "Actual Loops": 4,
                      "Hash Buckets": 262144,
                      "Original Hash Buckets": 262144,
                      "Hash Batches": 1,
                      "Original Hash Batches": 1,
                      "Peak Memory Usage": 11744,
                      "Plans": [
                        {
                          "Node Type": "Hash Join",
                          "Parent Relationship": "Outer",
                          "Parallel Aware": true,
                          "Join Type": "Inner",
                          "Startup Cost": 46561.77,
                          "Total Cost": 61756.33,
                          "Plan Rows": 78756,
                          "Plan Width": 8,
                          "Actual Startup Time": 138.424,
                          "Actual Total Time": 183.494,
                          "Actual Rows": 61607,
                          "Actual Loops": 4,
                          "Inner Unique": true,
                          "Hash Cond": "(mi_idx.movie_id = t.id)",
                          "Plans": [
                            {
                              "Node Type": "Seq Scan",
                              "Parent Relationship": "Outer",
                              "Parallel Aware": true,
                              "Relation Name": "movie_info_idx",
                              "Alias": "mi_idx",
                              "Startup Cost": 0.0,
                              "Total Cost": 13685.15,
                              "Plan Rows": 575015,
                              "Plan Width": 4,
                              "Actual Startup Time": 0.008,
                              "Actual Total Time": 28.335,
                              "Actual Rows": 345009,
                              "Actual Loops": 4
                            },
                            {
                              "Node Type": "Hash",
                              "Parent Relationship": "Inner",
                              "Parallel Aware": true,
                              "Startup Cost": 45479.59,
                              "Total Cost": 45479.59,
                              "Plan Rows": 86575,
                              "Plan Width": 4,
                              "Actual Startup Time": 111.911,
                              "Actual Total Time": 111.912,
                              "Actual Rows": 66319,
                              "Actual Loops": 4,
                              "Hash Buckets": 524288,
                              "Original Hash Buckets": 524288,
                              "Hash Batches": 1,
                              "Original Hash Batches": 1,
                              "Peak Memory Usage": 14528,
                              "Plans": [
                                {
                                  "Node Type": "Seq Scan",
                                  "Parent Relationship": "Outer",
                                  "Parallel Aware": true,
                                  "Relation Name": "title",
                                  "Alias": "t",
                                  "Startup Cost": 0.0,
                                  "Total Cost": 45479.59,
                                  "Plan Rows": 86575,
                                  "Plan Width": 4,
                                  "Actual Startup Time": 38.645,
                                  "Actual Total Time": 89.853,
                                  "Actual Rows": 66319,
                                  "Actual Loops": 4,
                                  "Filter": "((kind_id < 2) AND (production_year > 2001))",
                                  "Rows Removed by Filter": 565759
                                }
                              ]
                            }
                          ]
                        }
                      ]
                    }
                  ]
                }
              ]
            }
          ]
        }
      ]
    },
    "Planning Time": 0.705,
    "Triggers": [],
    "Execution Time": 483.493
  }
]