[
  {
    "Plan": {
      "Node Type": "Aggregate",
      "Strategy": "Plain",
      "Partial Mode": "Finalize",
      "Parallel Aware": false,
      "Startup Cost": 125272.58,
      "Total Cost": 125272.59,
      "Plan Rows": 1,
      "Plan Width": 8,
      "Actual Startup Time": 1052.498,
      "Actual Total Time": 1071.944,
      "Actual Rows": 1,
      "Actual Loops": 1,
      "Plans": [
        {
          "Node Type": "Gather",
          "Parent Relationship": "Outer",
          "Parallel Aware": false,
          "Startup Cost": 125272.27,
          "Total Cost": 125272.58,
          "Plan Rows": 3,
          "Plan Width": 8,
          "Actual Startup Time": 1047.921,
          "Actual Total Time": 1071.933,
          "Actual Rows": 4,
          "Actual Loops": 1,
          "Workers Planned": 3,
          "Workers Launched": 3,
          "Single Copy": false,
          "Plans": [
            {
              "Node Type": "Aggregate",
              "Strategy": "Plain",
              "Partial Mode": "Partial",
              "Parent Relationship": "Outer",
              "Parallel Aware": false,
              "Startup Cost": 124272.27,
              "Total Cost": 124272.28,
              "Plan Rows": 1,
              "Plan Width": 8,
              "Actual Startup Time": 1038.665,
              "Actual Total Time": 1038.811,
              "Actual Rows": 1,
              "Actual Loops": 4,
              "Plans": [
                {
                  "Node Type": "Hash Join",
                  "Parent Relationship": "Outer",
                  "Parallel Aware": true,
                  "Join Type": "Inner",
                  "Startup Cost": 78203.68,
                  "Total Cost": 123596.04,
                  "Plan Rows": 270489,
                  "Plan Width": 0,
                  "Actual Startup Time": 388.682,
                  "Actual Total Time": 854.607,
                  "Actual Rows": 4608376,
                  "Actual Loops": 4,
                  "Inner Unique": false,
                  "Hash Cond": "(mk.movie_id = t.id)",
                  "Plans": [
                    {
                      "Node Type": "Seq Scan",
                      "Parent Relationship": "Outer",
                      "Parallel Aware": true,
                      "Relation Name": "movie_keyword",
                      "Alias": "mk",
                      "Startup Cost": 0.0,
                      "Total Cost": 39047.32,
                      "Plan Rows": 1459332,
                      "Plan Width": 4,
                      "Actual Startup Time": 0.029,
                      "Actual Total Time": 91.468,
                      "Actual Rows": 1130982,
                      "Actual Loops": 4
                    },
                    {
                      "Node Type": "Hash",
                      "Parent Relationship": "Inner",
                      "Parallel Aware": true,
                      "Startup Cost": 76314.06,
                      "Total Cost": 76314.06,
                      "Plan Rows": 151169,
                      "Plan Width": 8,
                      "Actual Startup Time": 349.721,
                      "Actual Total Time": 349.865,
                      "Actual Rows": 153626,
                      "Actual Loops": 4,
                      "Hash Buckets": 1048576,
                      "Original Hash Buckets": 524288,
                      "Hash Batches": 1,
                      "Original Hash Batches": 1,
                      "Peak Memory Usage": 36384,
                      "Plans": [
                        {
                          "Node Type": "Hash Join",
                          "Parent Relationship": "Outer",
                          "Parallel Aware": true,
                          "Join Type": "Inner",
                          "Startup Cost": 46898.17,
                          "Total Cost": 76314.06,
                          "Plan Rows": 151169,
                          "Plan Width": 8,
                          "Actual Startup Time": 162.56,
                          "Actual Total Time": 301.512,
                          "Actual Rows": 153626,
                          "Actual Loops": 4,
                          "Inner Unique": true,
                          "Hash Cond": "(mc.movie_id = t.id)",
                          "Plans": [
                            {
                              "Node Type": "Seq Scan",
                              "Parent Relationship": "Outer",
                              "Parallel Aware": true,
                              "Relation Name": "movie_companies",
                              "Alias": "mc",
                              "Startup Cost": 0.0,
                              "Total Cost": 27206.55,
                              "Plan Rows": 841655,
                              "Plan Width": 4,
                              "Actual Startup Time": 0.019,
                              "Actual Total Time": 58.438,
                              "Actual Rows": 652282,
                              "Actual Loops": 4
                            },
                            {
                              "Node Type": "Hash",
                              "Parent Relationship": "Inner",
                              "Parallel Aware": true,
                              "Startup Cost": 45479.1,
                              "Total Cost": 45479.1,
                              "Plan Rows": 113526,
                              "Plan Width": 4,
                              "Actual Startup Time": 133.226,
                              "Actual Total Time": 133.227,
                              "Actual Rows": 82570,
                              "Actual Loops": 4,
                              "Hash Buckets": 524288,
                              "Original Hash Buckets": 524288,
                              "Hash Batches": 1,
                              "Original Hash Batches": 1,
                              "Peak Memory Usage": 17088,
                              "Plans": [
                                {
                                  "Node Type": "Seq Scan",
                                  "Parent Relationship": "Outer",
                                  "Parallel Aware": true,
                                  "Relation Name": "title",
                                  "Alias": "t",
                                  "Startup Cost": 0.0,
                                  "Total Cost": 45479.1,
                                  "Plan Rows": 113526,
                                  "Plan Width": 4,
                                  "Actual Startup Time": 48.693,
                                  "Actual Total Time": 103.581,
                                  "Actual Rows": 82570,
                                  "Actual Loops": 4,
                                  "Filter": "((kind_id < 2) AND (production_year > 1991))",
                                  "Rows Removed by Filter": 549508
                                }
                              ]
                            }
                          ]
                        }
                      ]
                    }
                  ]
                }
              ]
            }
          ]
        }
      ]
    },
    "Planning Time": 1.461,
    "Triggers": [],
    "Execution Time": 1072.03
  }
]