[
  {
    "Plan": {
      "Node Type": "Aggregate",
      "Strategy": "Plain",
      "Partial Mode": "Finalize",
      "Parallel Aware": false,
      "Startup Cost": 339540.85,
      "Total Cost": 339540.86,
      "Plan Rows": 1,
      "Plan Width": 8,
      "Actual Startup Time": 760.009,
      "Actual Total Time": 802.927,
      "Actual Rows": 1,
      "Actual Loops": 1,
      "Plans": [
        {
          "Node Type": "Gather",
          "Parent Relationship": "Outer",
          "Parallel Aware": false,
          "Startup Cost": 339540.23,
          "Total Cost": 339540.84,
          "Plan Rows": 6,
          "Plan Width": 8,
          "Actual Startup Time": 759.825,
          "Actual Total Time": 802.907,
          "Actual Rows": 7,
          "Actual Loops": 1,
          "Workers Planned": 6,
          "Workers Launched": 6,
          "Single Copy": false,
          "Plans": [
            {
              "Node Type": "Aggregate",
              "Strategy": "Plain",
              "Partial Mode": "Partial",
              "Parent Relationship": "Outer",
              "Parallel Aware": false,
              "Startup Cost": 338540.23,
              "Total Cost": 338540.24,
              "Plan Rows": 1,
              "Plan Width": 8,
              "Actual Startup Time": 754.758,
              "Actual Total Time": 754.76,
              "Actual Rows": 1,
              "Actual Loops": 7,
              "Plans": [
                {
                  "Node Type": "Seq Scan",
                  "Parent Relationship": "Outer",
                  "Parallel Aware": true,
                  "Relation Name": "cast_info",
                  "Alias": "ci",
                  "Startup Cost": 0.0,
                  "Total Cost": 328211.39,
                  "Plan Rows": 4131535,
                  "Plan Width": 0,
                  "Actual Startup Time": 128.511,
                  "Actual Total Time": 594.237,
                  "Actual Rows": 3529438,
                  "Actual Loops": 7,
                  "Filter": "(person_id > 1135625)",
                  "Rows Removed by Filter": 1648326
                }
              ]
            }
          ]
        }
      ]
    },
    "Planning Time": 0.205,
    "Triggers": [],
    "Execution Time": 802.996
  }
]