{
  "Plan": {
    "Node Type": "Aggregate",
    "Strategy": "Plain",
    "Partial Mode": "Finalize",
    "Parallel Aware": false,
    "Startup Cost": 75756.68,
    "Total Cost": 75756.69,
    "Plan Rows": 1,
    "Plan Width": 8,
    "Actual Startup Time": 151.133,
    "Actual Total Time": 165.315,
    "Actual Rows": 1,
    "Actual Loops": 1,
    "Plans": [
      {
        "Node Type": "Gather",
        "Parent Relationship": "Outer",
        "Parallel Aware": false,
        "Startup Cost": 75756.57,
        "Total Cost": 75756.68,
        "Plan Rows": 1,
        "Plan Width": 8,
        "Actual Startup Time": 151.025,
        "Actual Total Time": 165.307,
        "Actual Rows": 2,
        "Actual Loops": 1,
        "Workers Planned": 1,
        "Workers Launched": 1,
        "Single Copy": false,
        "Plans": [
          {
            "Node Type": "Aggregate",
            "Strategy": "Plain",
            "Partial Mode": "Partial",
            "Parent Relationship": "Outer",
            "Parallel Aware": false,
            "Startup Cost": 74756.57,
            "Total Cost": 74756.58,
            "Plan Rows": 1,
            "Plan Width": 8,
            "Actual Startup Time": 145.224,
            "Actual Total Time": 145.226,
            "Actual Rows": 1,
            "Actual Loops": 2,
            "Plans": [
              {
                "Node Type": "Nested Loop",
                "Parent Relationship": "Outer",
                "Parallel Aware": false,
                "Join Type": "Inner",
                "Startup Cost": 0.43,
                "Total Cost": 74746.64,
                "Plan Rows": 3972,
                "Plan Width": 0,
                "Actual Startup Time": 91.725,
                "Actual Total Time": 145.151,
                "Actual Rows": 865,
                "Actual Loops": 2,
                "Inner Unique": false,
                "Plans": [
                  {
                    "Node Type": "Seq Scan",
                    "Parent Relationship": "Outer",
                    "Parallel Aware": true,
                    "Relation Name": "title",
                    "Alias": "t",
                    "Startup Cost": 0.0,
                    "Total Cost": 54588.39,
                    "Plan Rows": 2220,
                    "Plan Width": 4,
                    "Actual Startup Time": 91.504,
                    "Actual Total Time": 132.697,
                    "Actual Rows": 2042,
                    "Actual Loops": 2,
                    "Filter": "(production_year < 1899)",
                    "Rows Removed by Filter": 1262114
                  },
                  {
                    "Node Type": "Index Only Scan",
                    "Parent Relationship": "Inner",
                    "Parallel Aware": false,
                    "Scan Direction": "Forward",
                    "Index Name": "movie_id_movie_keyword",
                    "Relation Name": "movie_keyword",
                    "Alias": "mk",
                    "Startup Cost": 0.43,
                    "Total Cost": 8.63,
                    "Plan Rows": 45,
                    "Plan Width": 4,
                    "Actual Startup Time": 0.006,
                    "Actual Total Time": 0.006,
                    "Actual Rows": 0,
                    "Actual Loops": 4085,
                    "Index Cond": "(movie_id = t.id)",
                    "Rows Removed by Index Recheck": 0,
                    "Heap Fetches": 1730
                  }
                ]
              }
            ]
          }
        ]
      }
    ]
  },
  "Planning Time": 0.461,
  "Triggers": [],
  "Execution Time": 165.388
}