[
  {
    "Plan": {
      "Node Type": "Aggregate",
      "Strategy": "Plain",
      "Partial Mode": "Finalize",
      "Parallel Aware": false,
      "Startup Cost": 365946.29,
      "Total Cost": 365946.3,
      "Plan Rows": 1,
      "Plan Width": 8,
      "Actual Startup Time": 687.894,
      "Actual Total Time": 746.269,
      "Actual Rows": 1,
      "Actual Loops": 1,
      "Plans": [
        {
          "Node Type": "Gather",
          "Parent Relationship": "Outer",
          "Parallel Aware": false,
          "Startup Cost": 365945.87,
          "Total Cost": 365946.28,
          "Plan Rows": 4,
          "Plan Width": 8,
          "Actual Startup Time": 687.746,
          "Actual Total Time": 746.262,
          "Actual Rows": 5,
          "Actual Loops": 1,
          "Workers Planned": 4,
          "Workers Launched": 4,
          "Single Copy": false,
          "Plans": [
            {
              "Node Type": "Aggregate",
              "Strategy": "Plain",
              "Partial Mode": "Partial",
              "Parent Relationship": "Outer",
              "Parallel Aware": false,
              "Startup Cost": 364945.87,
              "Total Cost": 364945.88,
              "Plan Rows": 1,
              "Plan Width": 8,
              "Actual Startup Time": 681.812,
              "Actual Total Time": 681.813,
              "Actual Rows": 1,
              "Actual Loops": 5,
              "Plans": [
                {
                  "Node Type": "Nested Loop",
                  "Parent Relationship": "Outer",
                  "Parallel Aware": false,
                  "Join Type": "Inner",
                  "Startup Cost": 0.56,
                  "Total Cost": 364463.32,
                  "Plan Rows": 193020,
                  "Plan Width": 0,
                  "Actual Startup Time": 42.777,
                  "Actual Total Time": 661.673,
                  "Actual Rows": 351514,
                  "Actual Loops": 5,
                  "Inner Unique": false,
                  "Plans": [
                    {
                      "Node Type": "Seq Scan",
                      "Parent Relationship": "Outer",
                      "Parallel Aware": true,
                      "Relation Name": "title",
                      "Alias": "t",
                      "Startup Cost": 0.0,
                      "Total Cost": 45479.21,
                      "Plan Rows": 13462,
                      "Plan Width": 4,
                      "Actual Startup Time": 42.692,
                      "Actual Total Time": 72.893,
                      "Actual Rows": 35440,
                      "Actual Loops": 5,
                      "Filter": "((production_year < 1956) AND (kind_id = 1))",
                      "Rows Removed by Filter": 470223
                    },
                    {
                      "Node Type": "Index Only Scan",
                      "Parent Relationship": "Inner",
                      "Parallel Aware": false,
                      "Scan Direction": "Forward",
                      "Index Name": "movie_id_cast_info",
                      "Relation Name": "cast_info",
                      "Alias": "ci",
                      "Startup Cost": 0.56,
                      "Total Cost": 23.32,
                      "Plan Rows": 38,
                      "Plan Width": 4,
                      "Actual Startup Time": 0.006,
                      "Actual Total Time": 0.016,
                      "Actual Rows": 10,
                      "Actual Loops": 177199,
                      "Index Cond": "(movie_id = t.id)",
                      "Rows Removed by Index Recheck": 0,
                      "Heap Fetches": 1757569
                    }
                  ]
                }
              ]
            }
          ]
        }
      ]
    },
    "Planning Time": 0.179,
    "Triggers": [],
    "Execution Time": 746.316
  }
]