[
  {
    "Plan": {
      "Node Type": "Aggregate",
      "Strategy": "Plain",
      "Partial Mode": "Finalize",
      "Parallel Aware": false,
      "Startup Cost": 81517.07,
      "Total Cost": 81517.08,
      "Plan Rows": 1,
      "Plan Width": 8,
      "Actual Startup Time": 436.164,
      "Actual Total Time": 451.875,
      "Actual Rows": 1,
      "Actual Loops": 1,
      "Plans": [
        {
          "Node Type": "Gather",
          "Parent Relationship": "Outer",
          "Parallel Aware": false,
          "Startup Cost": 81516.65,
          "Total Cost": 81517.06,
          "Plan Rows": 4,
          "Plan Width": 8,
          "Actual Startup Time": 428.501,
          "Actual Total Time": 451.85,
          "Actual Rows": 5,
          "Actual Loops": 1,
          "Workers Planned": 4,
          "Workers Launched": 4,
          "Single Copy": false,
          "Plans": [
            {
              "Node Type": "Aggregate",
              "Strategy": "Plain",
              "Partial Mode": "Partial",
              "Parent Relationship": "Outer",
              "Parallel Aware": false,
              "Startup Cost": 80516.65,
              "Total Cost": 80516.66,
              "Plan Rows": 1,
              "Plan Width": 8,
              "Actual Startup Time": 419.239,
              "Actual Total Time": 419.481,
              "Actual Rows": 1,
              "Actual Loops": 5,
              "Plans": [
                {
                  "Node Type": "Hash Join",
                  "Parent Relationship": "Outer",
                  "Parallel Aware": true,
                  "Join Type": "Inner",
                  "Startup Cost": 33537.16,
                  "Total Cost": 79861.54,
                  "Plan Rows": 262042,
                  "Plan Width": 0,
                  "Actual Startup Time": 178.019,
                  "Actual Total Time": 409.62,
                  "Actual Rows": 211718,
                  "Actual Loops": 5,
                  "Inner Unique": false,
                  "Hash Cond": "(t.id = mc.movie_id)",
                  "Plans": [
                    {
                      "Node Type": "Seq Scan",
                      "Parent Relationship": "Outer",
                      "Parallel Aware": true,
                      "Relation Name": "title",
                      "Alias": "t",
                      "Startup Cost": 0.0,
                      "Total Cost": 42318.73,
                      "Plan Rows": 632073,
                      "Plan Width": 4,
                      "Actual Startup Time": 0.011,
                      "Actual Total Time": 66.655,
                      "Actual Rows": 505662,
                      "Actual Loops": 5
                    },
                    {
                      "Node Type": "Hash",
                      "Parent Relationship": "Inner",
                      "Parallel Aware": true,
                      "Startup Cost": 29310.68,
                      "Total Cost": 29310.68,
                      "Plan Rows": 338118,
                      "Plan Width": 4,
                      "Actual Startup Time": 173.668,
                      "Actual Total Time": 173.669,
                      "Actual Rows": 211718,
                      "Actual Loops": 5,
                      "Hash Buckets": 2097152,
                      "Original Hash Buckets": 1048576,
                      "Hash Batches": 1,
                      "Original Hash Batches": 1,
                      "Peak Memory Usage": 66048,
                      "Plans": [
                        {
                          "Node Type": "Seq Scan",
                          "Parent Relationship": "Outer",
                          "Parallel Aware": true,
                          "Relation Name": "movie_companies",
                          "Alias": "mc",
                          "Startup Cost": 0.0,
                          "Total Cost": 29310.68,
                          "Plan Rows": 338118,
                          "Plan Width": 4,
                          "Actual Startup Time": 20.658,
                          "Actual Total Time": 76.967,
                          "Actual Rows": 211718,
                          "Actual Loops": 5,
                          "Filter": "(company_id > 14778)",
                          "Rows Removed by Filter": 310108
                        }
                      ]
                    }
                  ]
                }
              ]
            }
          ]
        }
      ]
    },
    "Planning Time": 0.554,
    "Triggers": [],
    "Execution Time": 451.963
  }
]