[
  {
    "Plan": {
      "Node Type": "Aggregate",
      "Strategy": "Plain",
      "Partial Mode": "Finalize",
      "Parallel Aware": false,
      "Startup Cost": 81815.65,
      "Total Cost": 81815.66,
      "Plan Rows": 1,
      "Plan Width": 8,
      "Actual Startup Time": 400.74,
      "Actual Total Time": 413.205,
      "Actual Rows": 1,
      "Actual Loops": 1,
      "Plans": [
        {
          "Node Type": "Gather",
          "Parent Relationship": "Outer",
          "Parallel Aware": false,
          "Startup Cost": 81815.33,
          "Total Cost": 81815.64,
          "Plan Rows": 3,
          "Plan Width": 8,
          "Actual Startup Time": 393.658,
          "Actual Total Time": 413.196,
          "Actual Rows": 4,
          "Actual Loops": 1,
          "Workers Planned": 3,
          "Workers Launched": 3,
          "Single Copy": false,
          "Plans": [
            {
              "Node Type": "Aggregate",
              "Strategy": "Plain",
              "Partial Mode": "Partial",
              "Parent Relationship": "Outer",
              "Parallel Aware": false,
              "Startup Cost": 80815.33,
              "Total Cost": 80815.34,
              "Plan Rows": 1,
              "Plan Width": 8,
              "Actual Startup Time": 386.476,
              "Actual Total Time": 386.48,
              "Actual Rows": 1,
              "Actual Loops": 4,
              "Plans": [
                {
                  "Node Type": "Hash Join",
                  "Parent Relationship": "Outer",
                  "Parallel Aware": true,
                  "Join Type": "Inner",
                  "Startup Cost": 59579.46,
                  "Total Cost": 80672.51,
                  "Plan Rows": 57130,
                  "Plan Width": 0,
                  "Actual Startup Time": 309.638,
                  "Actual Total Time": 382.886,
                  "Actual Rows": 77246,
                  "Actual Loops": 4,
                  "Inner Unique": true,
                  "Hash Cond": "(mc.movie_id = t.id)",
                  "Plans": [
                    {
                      "Node Type": "Bitmap Heap Scan",
                      "Parent Relationship": "Outer",
                      "Parallel Aware": true,
                      "Relation Name": "movie_companies",
                      "Alias": "mc",
                      "Startup Cost": 9412.92,
                      "Total Cost": 30316.9,
                      "Plan Rows": 72025,
                      "Plan Width": 4,
                      "Actual Startup Time": 30.189,
                      "Actual Total Time": 54.885,
                      "Actual Rows": 108887,
                      "Actual Loops": 4,
                      "Recheck Cond": "(company_id > 78660)",
                      "Rows Removed by Index Recheck": 0,
                      "Filter": "(company_type_id > 1)",
                      "Rows Removed by Filter": 0,
                      "Exact Heap Blocks": 2076,
                      "Lossy Heap Blocks": 0,
                      "Plans": [
                        {
                          "Node Type": "Bitmap Index Scan",
                          "Parent Relationship": "Outer",
                          "Parallel Aware": false,
                          "Index Name": "company_id_movie_companies",
                          "Startup Cost": 0.0,
                          "Total Cost": 9357.1,
                          "Plan Rows": 436889,
                          "Plan Width": 0,
                          "Actual Startup Time": 29.192,
                          "Actual Total Time": 29.193,
                          "Actual Rows": 435549,
                          "Actual Loops": 1,
                          "Index Cond": "(company_id > 78660)"
                        }
                      ]
                    },
                    {
                      "Node Type": "Hash",
                      "Parent Relationship": "Inner",
                      "Parallel Aware": true,
                      "Startup Cost": 43899.32,
                      "Total Cost": 43899.32,
                      "Plan Rows": 501378,
                      "Plan Width": 4,
                      "Actual Startup Time": 274.711,
                      "Actual Total Time": 274.712,
                      "Actual Rows": 497664,
                      "Actual Loops": 4,
                      "Hash Buckets": 2097152,
                      "Original Hash Buckets": 2097152,
                      "Hash Batches": 1,
                      "Original Hash Batches": 1,
                      "Peak Memory Usage": 94336,
                      "Plans": [
                        {
                          "Node Type": "Seq Scan",
                          "Parent Relationship": "Outer",
                          "Parallel Aware": true,
                          "Relation Name": "title",
                          "Alias": "t",
                          "Startup Cost": 0.0,
                          "Total Cost": 43899.32,
                          "Plan Rows": 501378,
                          "Plan Width": 4,
                          "Actual Startup Time": 0.034,
                          "Actual Total Time": 107.76,
                          "Actual Rows": 497664,
                          "Actual Loops": 4,
                          "Filter": "(production_year > 1976)",
                          "Rows Removed by Filter": 134414
                        }
                      ]
                    }
                  ]
                }
              ]
            }
          ]
        }
      ]
    },
    "Planning Time": 0.265,
    "Triggers": [],
    "Execution Time": 413.252
  }
]