[
  {
    "Plan": {
      "Node Type": "Aggregate",
      "Strategy": "Plain",
      "Partial Mode": "Finalize",
      "Parallel Aware": false,
      "Startup Cost": 78601.38,
      "Total Cost": 78601.39,
      "Plan Rows": 1,
      "Plan Width": 8,
      "Actual Startup Time": 337.923,
      "Actual Total Time": 349.744,
      "Actual Rows": 1,
      "Actual Loops": 1,
      "Plans": [
        {
          "Node Type": "Gather",
          "Parent Relationship": "Outer",
          "Parallel Aware": false,
          "Startup Cost": 78600.96,
          "Total Cost": 78601.37,
          "Plan Rows": 4,
          "Plan Width": 8,
          "Actual Startup Time": 334.412,
          "Actual Total Time": 349.732,
          "Actual Rows": 5,
          "Actual Loops": 1,
          "Workers Planned": 4,
          "Workers Launched": 4,
          "Single Copy": false,
          "Plans": [
            {
              "Node Type": "Aggregate",
              "Strategy": "Plain",
              "Partial Mode": "Partial",
              "Parent Relationship": "Outer",
              "Parallel Aware": false,
              "Startup Cost": 77600.96,
              "Total Cost": 77600.97,
              "Plan Rows": 1,
              "Plan Width": 8,
              "Actual Startup Time": 326.298,
              "Actual Total Time": 326.376,
              "Actual Rows": 1,
              "Actual Loops": 5,
              "Plans": [
                {
                  "Node Type": "Hash Join",
                  "Parent Relationship": "Outer",
                  "Parallel Aware": true,
                  "Join Type": "Inner",
                  "Startup Cost": 30954.68,
                  "Total Cost": 77493.52,
                  "Plan Rows": 42975,
                  "Plan Width": 0,
                  "Actual Startup Time": 141.387,
                  "Actual Total Time": 322.612,
                  "Actual Rows": 61797,
                  "Actual Loops": 5,
                  "Inner Unique": false,
                  "Hash Cond": "(t.id = mc.movie_id)",
                  "Plans": [
                    {
                      "Node Type": "Seq Scan",
                      "Parent Relationship": "Outer",
                      "Parallel Aware": true,
                      "Relation Name": "title",
                      "Alias": "t",
                      "Startup Cost": 0.0,
                      "Total Cost": 43898.92,
                      "Plan Rows": 500258,
                      "Plan Width": 4,
                      "Actual Startup Time": 0.014,
                      "Actual Total Time": 93.524,
                      "Actual Rows": 398131,
                      "Actual Loops": 5,
                      "Filter": "(production_year > 1976)",
                      "Rows Removed by Filter": 107531
                    },
                    {
                      "Node Type": "Hash",
                      "Parent Relationship": "Inner",
                      "Parallel Aware": true,
                      "Startup Cost": 30078.9,
                      "Total Cost": 30078.9,
                      "Plan Rows": 70063,
                      "Plan Width": 4,
                      "Actual Startup Time": 124.348,
                      "Actual Total Time": 124.349,
                      "Actual Rows": 87110,
                      "Actual Loops": 5,
                      "Hash Buckets": 524288,
                      "Original Hash Buckets": 262144,
                      "Hash Batches": 1,
                      "Original Hash Batches": 1,
                      "Peak Memory Usage": 23264,
                      "Plans": [
                        {
                          "Node Type": "Bitmap Heap Scan",
                          "Parent Relationship": "Outer",
                          "Parallel Aware": true,
                          "Relation Name": "movie_companies",
                          "Alias": "mc",
                          "Startup Cost": 9219.03,
                          "Total Cost": 30078.9,
                          "Plan Rows": 70063,
                          "Plan Width": 4,
                          "Actual Startup Time": 45.086,
                          "Actual Total Time": 83.337,
                          "Actual Rows": 87110,
                          "Actual Loops": 5,
                          "Recheck Cond": "(company_id > 78660)",
                          "Rows Removed by Index Recheck": 0,
                          "Filter": "(company_type_id > 1)",
                          "Rows Removed by Filter": 0,
                          "Exact Heap Blocks": 2045,
                          "Lossy Heap Blocks": 0,
                          "Plans": [
                            {
                              "Node Type": "Bitmap Index Scan",
                              "Parent Relationship": "Outer",
                              "Parallel Aware": false,
                              "Index Name": "company_id_movie_companies",
                              "Startup Cost": 0.0,
                              "Total Cost": 9164.73,
                              "Plan Rows": 427773,
                              "Plan Width": 0,
                              "Actual Startup Time": 45.015,
                              "Actual Total Time": 45.015,
                              "Actual Rows": 435549,
                              "Actual Loops": 1,
                              "Index Cond": "(company_id > 78660)"
                            }
                          ]
                        }
                      ]
                    }
                  ]
                }
              ]
            }
          ]
        }
      ]
    },
    "Planning Time": 0.669,
    "Triggers": [],
    "Execution Time": 349.839
  }
]