[
  {
    "Plan": {
      "Node Type": "Aggregate",
      "Strategy": "Plain",
      "Partial Mode": "Simple",
      "Parallel Aware": false,
      "Startup Cost": 278966.1,
      "Total Cost": 278966.11,
      "Plan Rows": 1,
      "Plan Width": 32,
      "Actual Startup Time": 111.997,
      "Actual Total Time": 123.914,
      "Actual Rows": 1,
      "Actual Loops": 1,
      "Plans": [
        {
          "Node Type": "Hash Join",
          "Parent Relationship": "Outer",
          "Parallel Aware": false,
          "Join Type": "Inner",
          "Startup Cost": 233674.81,
          "Total Cost": 278966.1,
          "Plan Rows": 1,
          "Plan Width": 17,
          "Actual Startup Time": 111.986,
          "Actual Total Time": 123.903,
          "Actual Rows": 0,
          "Actual Loops": 1,
          "Inner Unique": true,
          "Hash Cond": "(mi.info_type_id = it.id)",
          "Plans": [
            {
              "Node Type": "Gather",
              "Parent Relationship": "Outer",
              "Parallel Aware": false,
              "Startup Cost": 233671.26,
              "Total Cost": 278962.55,
              "Plan Rows": 1,
              "Plan Width": 21,
              "Actual Startup Time": 111.754,
              "Actual Total Time": 123.668,
              "Actual Rows": 0,
              "Actual Loops": 1,
              "Workers Planned": 4,
              "Workers Launched": 4,
              "Single Copy": false,
              "Plans": [
                {
                  "Node Type": "Hash Join",
                  "Parent Relationship": "Outer",
                  "Parallel Aware": true,
                  "Join Type": "Inner",
                  "Startup Cost": 232671.26,
                  "Total Cost": 277962.45,
                  "Plan Rows": 1,
                  "Plan Width": 21,
                  "Actual Startup Time": 102.103,
                  "Actual Total Time": 102.111,
                  "Actual Rows": 0,
                  "Actual Loops": 5,
                  "Inner Unique": false,
                  "Hash Cond": "(t.id = mi.movie_id)",
                  "Plans": [
                    {
                      "Node Type": "Seq Scan",
                      "Parent Relationship": "Outer",
                      "Parallel Aware": true,
                      "Relation Name": "title",
                      "Alias": "t",
                      "Startup Cost": 0.0,
                      "Total Cost": 43898.62,
                      "Plan Rows": 371350,
                      "Plan Width": 21,
                      "Actual Startup Time": 0.0,
                      "Actual Total Time": 0.0,
                      "Actual Rows": 0,
                      "Actual Loops": 0,
                      "Filter": "(production_year > 1998)",
                      "Rows Removed by Filter": 0
                    },
                    {
                      "Node Type": "Hash",
                      "Parent Relationship": "Inner",
                      "Parallel Aware": true,
                      "Startup Cost": 232671.25,
                      "Total Cost": 232671.25,
                      "Plan Rows": 1,
                      "Plan Width": 12,
                      "Actual Startup Time": 100.952,
                      "Actual Total Time": 100.958,
                      "Actual Rows": 0,
                      "Actual Loops": 5,
                      "Hash Buckets": 1024,
                      "Original Hash Buckets": 1024,
                      "Hash Batches": 1,
                      "Original Hash Batches": 1,
                      "Peak Memory Usage": 0,
                      "Plans": [
                        {
                          "Node Type": "Hash Join",
                          "Parent Relationship": "Outer",
                          "Parallel Aware": true,
                          "Join Type": "Inner",
                          "Startup Cost": 33520.18,
                          "Total Cost": 232671.25,
                          "Plan Rows": 1,
                          "Plan Width": 12,
                          "Actual Startup Time": 100.856,
                          "Actual Total Time": 100.862,
                          "Actual Rows": 0,
                          "Actual Loops": 5,
                          "Inner Unique": false,
                          "Hash Cond": "(mi.movie_id = mc.movie_id)",
                          "Plans": [
                            {
                              "Node Type": "Seq Scan",
                              "Parent Relationship": "Outer",
                              "Parallel Aware": true,
                              "Relation Name": "movie_info",
                              "Alias": "mi",
                              "Startup Cost": 0.0,
                              "Total Cost": 199090.3,
                              "Plan Rows": 16201,
                              "Plan Width": 8,
                              "Actual Startup Time": 0.0,
                              "Actual Total Time": 0.0,
                              "Actual Rows": 0,
                              "Actual Loops": 0,
                              "Filter": "(info = ANY ('{German,Swedish}'::text[]))",
                              "Rows Removed by Filter": 0
                            },
                            {
                              "Node Type": "Hash",
                              "Parent Relationship": "Inner",
                              "Parallel Aware": true,
                              "Startup Cost": 33520.12,
                              "Total Cost": 33520.12,
                              "Plan Rows": 5,
                              "Plan Width": 4,
                              "Actual Startup Time": 100.84,
                              "Actual Total Time": 100.845,
                              "Actual Rows": 0,
                              "Actual Loops": 5,
                              "Hash Buckets": 1024,
                              "Original Hash Buckets": 1024,
                              "Hash Batches": 1,
                              "Original Hash Batches": 1,
                              "Peak Memory Usage": 0,
                              "Plans": [
                                {
                                  "Node Type": "Hash Join",
                                  "Parent Relationship": "Outer",
                                  "Parallel Aware": false,
                                  "Join Type": "Inner",
                                  "Startup Cost": 1.06,
                                  "Total Cost": 33520.12,
                                  "Plan Rows": 5,
                                  "Plan Width": 4,
                                  "Actual Startup Time": 100.82,
                                  "Actual Total Time": 100.825,
                                  "Actual Rows": 0,
                                  "Actual Loops": 5,
                                  "Inner Unique": true,
                                  "Hash Cond": "(mc.company_type_id = ct.id)",
                                  "Plans": [
                                    {
                                      "Node Type": "Seq Scan",
                                      "Parent Relationship": "Outer",
                                      "Parallel Aware": true,
                                      "Relation Name": "movie_companies",
                                      "Alias": "mc",
                                      "Startup Cost": 0.0,
                                      "Total Cost": 33518.95,
                                      "Plan Rows": 19,
                                      "Plan Width": 8,
                                      "Actual Startup Time": 7.191,
                                      "Actual Total Time": 100.62,
                                      "Actual Rows": 284,
                                      "Actual Loops": 5,
                                      "Filter": "((note ~~ '%(VHS)%'::text) AND (note ~~ '%(USA)%'::text) AND (note ~~ '%(1994)%'::text))",
                                      "Rows Removed by Filter": 521542
                                    },
                                    {
                                      "Node Type": "Hash",
                                      "Parent Relationship": "Inner",
                                      "Parallel Aware": false,
                                      "Startup Cost": 1.05,
                                      "Total Cost": 1.05,
                                      "Plan Rows": 1,
                                      "Plan Width": 4,
                                      "Actual Startup Time": 0.075,
                                      "Actual Total Time": 0.076,
                                      "Actual Rows": 1,
                                      "Actual Loops": 5,
                                      "Hash Buckets": 1024,
                                      "Original Hash Buckets": 1024,
                                      "Hash Batches": 1,
                                      "Original Hash Batches": 1,
                                      "Peak Memory Usage": 9,
                                      "Plans": [
                                        {
                                          "Node Type": "Seq Scan",
                                          "Parent Relationship": "Outer",
                                          "Parallel Aware": false,
                                          "Relation Name": "company_type",
                                          "Alias": "ct",
                                          "Startup Cost": 0.0,
                                          "Total Cost": 1.05,
                                          "Plan Rows": 1,
                                          "Plan Width": 4,
                                          "Actual Startup Time": 0.054,
                                          "Actual Total Time": 0.056,
                                          "Actual Rows": 1,
                                          "Actual Loops": 5,
                                          "Filter": "((kind)::text = 'production companies'::text)",
                                          "Rows Removed by Filter": 3
                                        }
                                      ]
                                    }
                                  ]
                                }
                              ]
                            }
                          ]
                        }
                      ]
                    }
                  ]
                }
              ]
            },
            {
              "Node Type": "Hash",
              "Parent Relationship": "Inner",
              "Parallel Aware": false,
              "Startup Cost": 2.13,
              "Total Cost": 2.13,
              "Plan Rows": 113,
              "Plan Width": 4,
              "Actual Startup Time": 0.175,
              "Actual Total Time": 0.176,
              "Actual Rows": 113,
              "Actual Loops": 1,
              "Hash Buckets": 1024,
              "Original Hash Buckets": 1024,
              "Hash Batches": 1,
              "Original Hash Batches": 1,
              "Peak Memory Usage": 12,
              "Plans": [
                {
                  "Node Type": "Seq Scan",
                  "Parent Relationship": "Outer",
                  "Parallel Aware": false,
                  "Relation Name": "info_type",
                  "Alias": "it",
                  "Startup Cost": 0.0,
                  "Total Cost": 2.13,
                  "Plan Rows": 113,
                  "Plan Width": 4,
                  "Actual Startup Time": 0.07,
                  "Actual Total Time": 0.125,
                  "Actual Rows": 113,
                  "Actual Loops": 1
                }
              ]
            }
          ]
        }
      ]
    },
    "Planning Time": 4.602,
    "Triggers": [],
    "Execution Time": 124.272
  }
]