[
  {
    "Plan": {
      "Node Type": "Aggregate",
      "Strategy": "Plain",
      "Partial Mode": "Finalize",
      "Parallel Aware": false,
      "Startup Cost": 38590.37,
      "Total Cost": 38590.38,
      "Plan Rows": 1,
      "Plan Width": 8,
      "Actual Startup Time": 137.488,
      "Actual Total Time": 146.153,
      "Actual Rows": 1,
      "Actual Loops": 1,
      "Plans": [
        {
          "Node Type": "Gather",
          "Parent Relationship": "Outer",
          "Parallel Aware": false,
          "Startup Cost": 38590.05,
          "Total Cost": 38590.36,
          "Plan Rows": 3,
          "Plan Width": 8,
          "Actual Startup Time": 137.164,
          "Actual Total Time": 146.143,
          "Actual Rows": 4,
          "Actual Loops": 1,
          "Workers Planned": 3,
          "Workers Launched": 3,
          "Single Copy": false,
          "Plans": [
            {
              "Node Type": "Aggregate",
              "Strategy": "Plain",
              "Partial Mode": "Partial",
              "Parent Relationship": "Outer",
              "Parallel Aware": false,
              "Startup Cost": 37590.05,
              "Total Cost": 37590.06,
              "Plan Rows": 1,
              "Plan Width": 8,
              "Actual Startup Time": 128.442,
              "Actual Total Time": 128.443,
              "Actual Rows": 1,
              "Actual Loops": 4,
              "Plans": [
                {
                  "Node Type": "Bitmap Heap Scan",
                  "Parent Relationship": "Outer",
                  "Parallel Aware": true,
                  "Relation Name": "movie_keyword",
                  "Alias": "mk",
                  "Startup Cost": 10696.22,
                  "Total Cost": 37183.41,
                  "Plan Rows": 162655,
                  "Plan Width": 0,
                  "Actual Startup Time": 45.523,
                  "Actual Total Time": 120.811,
                  "Actual Rows": 122988,
                  "Actual Loops": 4,
                  "Recheck Cond": "(keyword_id > 36621)",
                  "Rows Removed by Index Recheck": 0,
                  "Exact Heap Blocks": 10686,
                  "Lossy Heap Blocks": 0,
                  "Plans": [
                    {
                      "Node Type": "Bitmap Index Scan",
                      "Parent Relationship": "Outer",
                      "Parallel Aware": false,
                      "Index Name": "keyword_id_movie_keyword",
                      "Startup Cost": 0.0,
                      "Total Cost": 10570.17,
                      "Plan Rows": 504231,
                      "Plan Width": 0,
                      "Actual Startup Time": 49.92,
                      "Actual Total Time": 49.92,
                      "Actual Rows": 491954,
                      "Actual Loops": 1,
                      "Index Cond": "(keyword_id > 36621)"
                    }
                  ]
                }
              ]
            }
          ]
        }
      ]
    },
    "Planning Time": 0.162,
    "Triggers": [],
    "Execution Time": 146.225
  }
]