[
  {
    "Plan": {
      "Node Type": "Aggregate",
      "Strategy": "Plain",
      "Partial Mode": "Finalize",
      "Parallel Aware": false,
      "Startup Cost": 341856.11,
      "Total Cost": 341856.12,
      "Plan Rows": 1,
      "Plan Width": 8,
      "Actual Startup Time": 937.636,
      "Actual Total Time": 984.694,
      "Actual Rows": 1,
      "Actual Loops": 1,
      "Plans": [
        {
          "Node Type": "Gather",
          "Parent Relationship": "Outer",
          "Parallel Aware": false,
          "Startup Cost": 341855.48,
          "Total Cost": 341856.09,
          "Plan Rows": 6,
          "Plan Width": 8,
          "Actual Startup Time": 937.236,
          "Actual Total Time": 984.683,
          "Actual Rows": 7,
          "Actual Loops": 1,
          "Workers Planned": 6,
          "Workers Launched": 6,
          "Single Copy": false,
          "Plans": [
            {
              "Node Type": "Aggregate",
              "Strategy": "Plain",
              "Partial Mode": "Partial",
              "Parent Relationship": "Outer",
              "Parallel Aware": false,
              "Startup Cost": 340855.48,
              "Total Cost": 340855.49,
              "Plan Rows": 1,
              "Plan Width": 8,
              "Actual Startup Time": 926.505,
              "Actual Total Time": 926.516,
              "Actual Rows": 1,
              "Actual Loops": 7,
              "Plans": [
                {
                  "Node Type": "Seq Scan",
                  "Parent Relationship": "Outer",
                  "Parallel Aware": true,
                  "Relation Name": "cast_info",
                  "Alias": "ci",
                  "Startup Cost": 0.0,
                  "Total Cost": 328211.39,
                  "Plan Rows": 5057636,
                  "Plan Width": 0,
                  "Actual Startup Time": 0.067,
                  "Actual Total Time": 692.37,
                  "Actual Rows": 4347362,
                  "Actual Loops": 7,
                  "Filter": "(person_id < 3062924)",
                  "Rows Removed by Filter": 830401
                }
              ]
            }
          ]
        }
      ]
    },
    "Planning Time": 0.078,
    "Triggers": [],
    "Execution Time": 984.735
  }
]