[
  {
    "Plan": {
      "Node Type": "Aggregate",
      "Strategy": "Plain",
      "Partial Mode": "Finalize",
      "Parallel Aware": false,
      "Startup Cost": 46792.01,
      "Total Cost": 46792.02,
      "Plan Rows": 1,
      "Plan Width": 8,
      "Actual Startup Time": 109.865,
      "Actual Total Time": 121.247,
      "Actual Rows": 1,
      "Actual Loops": 1,
      "Plans": [
        {
          "Node Type": "Gather",
          "Parent Relationship": "Outer",
          "Parallel Aware": false,
          "Startup Cost": 46791.59,
          "Total Cost": 46792.0,
          "Plan Rows": 4,
          "Plan Width": 8,
          "Actual Startup Time": 109.699,
          "Actual Total Time": 121.238,
          "Actual Rows": 5,
          "Actual Loops": 1,
          "Workers Planned": 4,
          "Workers Launched": 4,
          "Single Copy": false,
          "Plans": [
            {
              "Node Type": "Aggregate",
              "Strategy": "Plain",
              "Partial Mode": "Partial",
              "Parent Relationship": "Outer",
              "Parallel Aware": false,
              "Startup Cost": 45791.59,
              "Total Cost": 45791.6,
              "Plan Rows": 1,
              "Plan Width": 8,
              "Actual Startup Time": 100.529,
              "Actual Total Time": 100.53,
              "Actual Rows": 1,
              "Actual Loops": 5,
              "Plans": [
                {
                  "Node Type": "Seq Scan",
                  "Parent Relationship": "Outer",
                  "Parallel Aware": true,
                  "Relation Name": "title",
                  "Alias": "t",
                  "Startup Cost": 0.0,
                  "Total Cost": 45479.1,
                  "Plan Rows": 124995,
                  "Plan Width": 0,
                  "Actual Startup Time": 0.042,
                  "Actual Total Time": 95.284,
                  "Actual Rows": 73716,
                  "Actual Loops": 5,
                  "Filter": "((kind_id > 1) AND (production_year < 1990))",
                  "Rows Removed by Filter": 431946
                }
              ]
            }
          ]
        }
      ]
    },
    "Planning Time": 0.189,
    "Triggers": [],
    "Execution Time": 121.309
  }
]