{
  "Plan": {
    "Node Type": "Aggregate",
    "Strategy": "Plain",
    "Partial Mode": "Finalize",
    "Parallel Aware": false,
    "Startup Cost": 43470.6,
    "Total Cost": 43470.61,
    "Plan Rows": 1,
    "Plan Width": 8,
    "Actual Startup Time": 48.918,
    "Actual Total Time": 54.725,
    "Actual Rows": 1,
    "Actual Loops": 1,
    "Plans": [
      {
        "Node Type": "Gather",
        "Parent Relationship": "Outer",
        "Parallel Aware": false,
        "Startup Cost": 43470.49,
        "Total Cost": 43470.6,
        "Plan Rows": 1,
        "Plan Width": 8,
        "Actual Startup Time": 48.813,
        "Actual Total Time": 54.718,
        "Actual Rows": 2,
        "Actual Loops": 1,
        "Workers Planned": 1,
        "Workers Launched": 1,
        "Single Copy": false,
        "Plans": [
          {
            "Node Type": "Aggregate",
            "Strategy": "Plain",
            "Partial Mode": "Partial",
            "Parent Relationship": "Outer",
            "Parallel Aware": false,
            "Startup Cost": 42470.49,
            "Total Cost": 42470.5,
            "Plan Rows": 1,
            "Plan Width": 8,
            "Actual Startup Time": 42.78,
            "Actual Total Time": 42.781,
            "Actual Rows": 1,
            "Actual Loops": 2,
            "Plans": [
              {
                "Node Type": "Nested Loop",
                "Parent Relationship": "Outer",
                "Parallel Aware": false,
                "Join Type": "Inner",
                "Startup Cost": 144.28,
                "Total Cost": 42468.61,
                "Plan Rows": 753,
                "Plan Width": 0,
                "Actual Startup Time": 7.979,
                "Actual Total Time": 42.573,
                "Actual Rows": 1207,
                "Actual Loops": 2,
                "Inner Unique": true,
                "Plans": [
                  {
                    "Node Type": "Bitmap Heap Scan",
                    "Parent Relationship": "Outer",
                    "Parallel Aware": true,
                    "Relation Name": "movie_keyword",
                    "Alias": "mk",
                    "Startup Cost": 143.85,
                    "Total Cost": 14996.23,
                    "Plan Rows": 3903,
                    "Plan Width": 4,
                    "Actual Startup Time": 3.473,
                    "Actual Total Time": 14.217,
                    "Actual Rows": 3395,
                    "Actual Loops": 2,
                    "Recheck Cond": "(keyword_id = 495)",
                    "Rows Removed by Index Recheck": 0,
                    "Exact Heap Blocks": 3874,
                    "Lossy Heap Blocks": 0,
                    "Plans": [
                      {
                        "Node Type": "Bitmap Index Scan",
                        "Parent Relationship": "Outer",
                        "Parallel Aware": false,
                        "Index Name": "keyword_id_movie_keyword",
                        "Startup Cost": 0.0,
                        "Total Cost": 142.19,
                        "Plan Rows": 6635,
                        "Plan Width": 0,
                        "Actual Startup Time": 4.17,
                        "Actual Total Time": 4.17,
                        "Actual Rows": 6790,
                        "Actual Loops": 1,
                        "Index Cond": "(keyword_id = 495)"
                      }
                    ]
                  },
                  {
                    "Node Type": "Index Scan",
                    "Parent Relationship": "Inner",
                    "Parallel Aware": false,
                    "Scan Direction": "Forward",
                    "Index Name": "title_pkey",
                    "Relation Name": "title",
                    "Alias": "t",
                    "Startup Cost": 0.43,
                    "Total Cost": 7.04,
                    "Plan Rows": 1,
                    "Plan Width": 4,
                    "Actual Startup Time": 0.008,
                    "Actual Total Time": 0.008,
                    "Actual Rows": 0,
                    "Actual Loops": 6790,
                    "Index Cond": "(id = mk.movie_id)",
                    "Rows Removed by Index Recheck": 0,
                    "Filter": "((production_year > 1985) AND (kind_id = 1))",
                    "Rows Removed by Filter": 1
                  }
                ]
              }
            ]
          }
        ]
      }
    ]
  },
  "Planning Time": 0.507,
  "Triggers": [],
  "Execution Time": 54.831
}