[
  {
    "Plan": {
      "Node Type": "Aggregate",
      "Strategy": "Plain",
      "Partial Mode": "Finalize",
      "Parallel Aware": false,
      "Startup Cost": 85976.49,
      "Total Cost": 85976.5,
      "Plan Rows": 1,
      "Plan Width": 8,
      "Actual Startup Time": 423.446,
      "Actual Total Time": 445.698,
      "Actual Rows": 1,
      "Actual Loops": 1,
      "Plans": [
        {
          "Node Type": "Gather",
          "Parent Relationship": "Outer",
          "Parallel Aware": false,
          "Startup Cost": 85976.17,
          "Total Cost": 85976.48,
          "Plan Rows": 3,
          "Plan Width": 8,
          "Actual Startup Time": 418.889,
          "Actual Total Time": 445.688,
          "Actual Rows": 4,
          "Actual Loops": 1,
          "Workers Planned": 3,
          "Workers Launched": 3,
          "Single Copy": false,
          "Plans": [
            {
              "Node Type": "Aggregate",
              "Strategy": "Plain",
              "Partial Mode": "Partial",
              "Parent Relationship": "Outer",
              "Parallel Aware": false,
              "Startup Cost": 84976.17,
              "Total Cost": 84976.18,
              "Plan Rows": 1,
              "Plan Width": 8,
              "Actual Startup Time": 414.053,
              "Actual Total Time": 414.057,
              "Actual Rows": 1,
              "Actual Loops": 4,
              "Plans": [
                {
                  "Node Type": "Nested Loop",
                  "Parent Relationship": "Outer",
                  "Parallel Aware": false,
                  "Join Type": "Inner",
                  "Startup Cost": 49541.44,
                  "Total Cost": 84937.02,
                  "Plan Rows": 15660,
                  "Plan Width": 0,
                  "Actual Startup Time": 201.249,
                  "Actual Total Time": 404.712,
                  "Actual Rows": 181057,
                  "Actual Loops": 4,
                  "Inner Unique": false,
                  "Plans": [
                    {
                      "Node Type": "Hash Join",
                      "Parent Relationship": "Outer",
                      "Parallel Aware": true,
                      "Join Type": "Inner",
                      "Startup Cost": 49541.01,
                      "Total Cost": 74583.29,
                      "Plan Rows": 15175,
                      "Plan Width": 8,
                      "Actual Startup Time": 201.175,
                      "Actual Total Time": 250.758,
                      "Actual Rows": 25746,
                      "Actual Loops": 4,
                      "Inner Unique": true,
                      "Hash Cond": "(mk.movie_id = t.id)",
                      "Plans": [
                        {
                          "Node Type": "Bitmap Heap Scan",
                          "Parent Relationship": "Outer",
                          "Parallel Aware": true,
                          "Relation Name": "movie_keyword",
                          "Alias": "mk",
                          "Startup Cost": 2558.87,
                          "Total Cost": 27499.04,
                          "Plan Rows": 38894,
                          "Plan Width": 4,
                          "Actual Startup Time": 16.726,
                          "Actual Total Time": 47.813,
                          "Actual Rows": 30480,
                          "Actual Loops": 4,
                          "Recheck Cond": "(keyword_id < 117)",
                          "Rows Removed by Index Recheck": 0,
                          "Exact Heap Blocks": 5677,
                          "Lossy Heap Blocks": 0,
                          "Plans": [
                            {
                              "Node Type": "Bitmap Index Scan",
                              "Parent Relationship": "Outer",
                              "Parallel Aware": false,
                              "Index Name": "keyword_id_movie_keyword",
                              "Startup Cost": 0.0,
                              "Total Cost": 2528.72,
                              "Plan Rows": 120572,
                              "Plan Width": 0,
                              "Actual Startup Time": 11.348,
                              "Actual Total Time": 11.349,
                              "Actual Rows": 121921,
                              "Actual Loops": 1,
                              "Index Cond": "(keyword_id < 117)"
                            }
                          ]
                        },
                        {
                          "Node Type": "Hash",
                          "Parent Relationship": "Inner",
                          "Parallel Aware": true,
                          "Startup Cost": 43899.32,
                          "Total Cost": 43899.32,
                          "Plan Rows": 246626,
                          "Plan Width": 4,
                          "Actual Startup Time": 181.507,
                          "Actual Total Time": 181.508,
                          "Actual Rows": 246262,
                          "Actual Loops": 4,
                          "Hash Buckets": 1048576,
                          "Original Hash Buckets": 1048576,
                          "Hash Batches": 1,
                          "Original Hash Batches": 1,
                          "Peak Memory Usage": 46816,
                          "Plans": [
                            {
                              "Node Type": "Seq Scan",
                              "Parent Relationship": "Outer",
                              "Parallel Aware": true,
                              "Relation Name": "title",
                              "Alias": "t",
                              "Startup Cost": 0.0,
                              "Total Cost": 43899.32,
                              "Plan Rows": 246626,
                              "Plan Width": 4,
                              "Actual Startup Time": 0.021,
                              "Actual Total Time": 99.738,
                              "Actual Rows": 246262,
                              "Actual Loops": 4,
                              "Filter": "(kind_id < 7)",
                              "Rows Removed by Filter": 385816
                            }
                          ]
                        }
                      ]
                    },
                    {
                      "Node Type": "Index Only Scan",
                      "Parent Relationship": "Inner",
                      "Parallel Aware": false,
                      "Scan Direction": "Forward",
                      "Index Name": "movie_id_movie_companies",
                      "Relation Name": "movie_companies",
                      "Alias": "mc",
                      "Startup Cost": 0.43,
                      "Total Cost": 0.63,
                      "Plan Rows": 5,
                      "Plan Width": 4,
                      "Actual Startup Time": 0.003,
                      "Actual Total Time": 0.005,
                      "Actual Rows": 7,
                      "Actual Loops": 102982,
                      "Index Cond": "(movie_id = t.id)",
                      "Rows Removed by Index Recheck": 0,
                      "Heap Fetches": 724229
                    }
                  ]
                }
              ]
            }
          ]
        }
      ]
    },
    "Planning Time": 0.647,
    "Triggers": [],
    "Execution Time": 445.768
  }
]