[
  {
    "Plan": {
      "Node Type": "Aggregate",
      "Strategy": "Plain",
      "Partial Mode": "Finalize",
      "Parallel Aware": false,
      "Startup Cost": 350228.61,
      "Total Cost": 350228.62,
      "Plan Rows": 1,
      "Plan Width": 8,
      "Actual Startup Time": 700.682,
      "Actual Total Time": 764.956,
      "Actual Rows": 1,
      "Actual Loops": 1,
      "Plans": [
        {
          "Node Type": "Gather",
          "Parent Relationship": "Outer",
          "Parallel Aware": false,
          "Startup Cost": 350227.98,
          "Total Cost": 350228.59,
          "Plan Rows": 6,
          "Plan Width": 8,
          "Actual Startup Time": 700.564,
          "Actual Total Time": 764.946,
          "Actual Rows": 7,
          "Actual Loops": 1,
          "Workers Planned": 6,
          "Workers Launched": 6,
          "Single Copy": false,
          "Plans": [
            {
              "Node Type": "Aggregate",
              "Strategy": "Plain",
              "Partial Mode": "Partial",
              "Parent Relationship": "Outer",
              "Parallel Aware": false,
              "Startup Cost": 349227.98,
              "Total Cost": 349227.99,
              "Plan Rows": 1,
              "Plan Width": 8,
              "Actual Startup Time": 691.536,
              "Actual Total Time": 691.537,
              "Actual Rows": 1,
              "Actual Loops": 7,
              "Plans": [
                {
                  "Node Type": "Seq Scan",
                  "Parent Relationship": "Outer",
                  "Parallel Aware": true,
                  "Relation Name": "cast_info",
                  "Alias": "ci",
                  "Startup Cost": 0.0,
                  "Total Cost": 343257.03,
                  "Plan Rows": 2388382,
                  "Plan Width": 0,
                  "Actual Startup Time": 227.148,
                  "Actual Total Time": 635.66,
                  "Actual Rows": 1322249,
                  "Actual Loops": 7,
                  "Filter": "((person_id < 2230846) AND (role_id > 1))",
                  "Rows Removed by Filter": 3855514
                }
              ]
            }
          ]
        }
      ]
    },
    "Planning Time": 0.229,
    "Triggers": [],
    "Execution Time": 765.032
  }
]