{
    "Plan": {
        "Node Type": "Aggregate",
        "Strategy": "Plain",
        "Partial Mode": "Finalize",
        "Parallel Aware": false,
        "Startup Cost": 705526.41,
        "Total Cost": 705526.42,
        "Plan Rows": 1,
        "Plan Width": 8,
        "Actual Startup Time": 13876.008,
        "Actual Total Time": 14028.243,
        "Actual Rows": 1,
        "Actual Loops": 1,
        "Output": [
            "count(*)"
        ],
        "Plans": [
            {
                "Node Type": "Gather",
                "Parent Relationship": "Outer",
                "Parallel Aware": false,
                "Startup Cost": 705525.89,
                "Total Cost": 705526.4,
                "Plan Rows": 5,
                "Plan Width": 8,
                "Actual Startup Time": 13665.171,
                "Actual Total Time": 14028.195,
                "Actual Rows": 6,
                "Actual Loops": 1,
                "Output": [
                    "(PARTIAL count(*))"
                ],
                "Workers Planned": 5,
                "Workers Launched": 5,
                "Single Copy": false,
                "Plans": [
                    {
                        "Node Type": "Aggregate",
                        "Strategy": "Plain",
                        "Partial Mode": "Partial",
                        "Parent Relationship": "Outer",
                        "Parallel Aware": false,
                        "Startup Cost": 704525.89,
                        "Total Cost": 704525.9,
                        "Plan Rows": 1,
                        "Plan Width": 8,
                        "Actual Startup Time": 13623.19,
                        "Actual Total Time": 13629.196,
                        "Actual Rows": 1,
                        "Actual Loops": 6,
                        "Output": [
                            "PARTIAL count(*)"
                        ],
                        "Workers": [
                            {
                                "Worker Number": 0,
                                "Actual Startup Time": 13611.597,
                                "Actual Total Time": 13611.601,
                                "Actual Rows": 1,
                                "Actual Loops": 1
                            },
                            {
                                "Worker Number": 1,
                                "Actual Startup Time": 13628.611,
                                "Actual Total Time": 13628.616,
                                "Actual Rows": 1,
                                "Actual Loops": 1
                            },
                            {
                                "Worker Number": 2,
                                "Actual Startup Time": 13611.617,
                                "Actual Total Time": 13611.62,
                                "Actual Rows": 1,
                                "Actual Loops": 1
                            },
                            {
                                "Worker Number": 3,
                                "Actual Startup Time": 13611.413,
                                "Actual Total Time": 13611.418,
                                "Actual Rows": 1,
                                "Actual Loops": 1
                            },
                            {
                                "Worker Number": 4,
                                "Actual Startup Time": 13611.623,
                                "Actual Total Time": 13611.629,
                                "Actual Rows": 1,
                                "Actual Loops": 1
                            }
                        ],
                        "Plans": [
                            {
                                "Node Type": "Hash Join",
                                "Parent Relationship": "Outer",
                                "Parallel Aware": true,
                                "Join Type": "Inner",
                                "Startup Cost": 429291.78,
                                "Total Cost": 663140.39,
                                "Plan Rows": 16554198,
                                "Plan Width": 0,
                                "Actual Startup Time": 5218.359,
                                "Actual Total Time": 11975.642,
                                "Actual Rows": 40630308,
                                "Actual Loops": 6,
                                "Inner Unique": false,
                                "Hash Cond": "(mi.movie_id = t.id)",
                                "Workers": [
                                    {
                                        "Worker Number": 0,
                                        "Actual Startup Time": 5209.513,
                                        "Actual Total Time": 11856.759,
                                        "Actual Rows": 33843536,
                                        "Actual Loops": 1
                                    },
                                    {
                                        "Worker Number": 1,
                                        "Actual Startup Time": 5209.499,
                                        "Actual Total Time": 12034.849,
                                        "Actual Rows": 40813027,
                                        "Actual Loops": 1
                                    },
                                    {
                                        "Worker Number": 2,
                                        "Actual Startup Time": 5209.512,
                                        "Actual Total Time": 11959.406,
                                        "Actual Rows": 43340525,
                                        "Actual Loops": 1
                                    },
                                    {
                                        "Worker Number": 3,
                                        "Actual Startup Time": 5209.515,
                                        "Actual Total Time": 11976.622,
                                        "Actual Rows": 42793039,
                                        "Actual Loops": 1
                                    },
                                    {
                                        "Worker Number": 4,
                                        "Actual Startup Time": 5209.765,
                                        "Actual Total Time": 12010.984,
                                        "Actual Rows": 40689295,
                                        "Actual Loops": 1
                                    }
                                ],
                                "Plans": [
                                    {
                                        "Node Type": "Seq Scan",
                                        "Parent Relationship": "Outer",
                                        "Parallel Aware": true,
                                        "Relation Name": "movie_info",
                                        "Schema": "public",
                                        "Alias": "mi",
                                        "Startup Cost": 0.0,
                                        "Total Cost": 191503.19,
                                        "Plan Rows": 2951019,
                                        "Plan Width": 4,
                                        "Actual Startup Time": 0.037,
                                        "Actual Total Time": 308.118,
                                        "Actual Rows": 2472620,
                                        "Actual Loops": 6,
                                        "Output": [
                                            "mi.id",
                                            "mi.movie_id",
                                            "mi.info_type_id",
                                            "mi.info",
                                            "mi.note"
                                        ],
                                        "Workers": [
                                            {
                                                "Worker Number": 0,
                                                "Actual Startup Time": 0.045,
                                                "Actual Total Time": 329.503,
                                                "Actual Rows": 2118680,
                                                "Actual Loops": 1
                                            },
                                            {
                                                "Worker Number": 1,
                                                "Actual Startup Time": 0.055,
                                                "Actual Total Time": 325.451,
                                                "Actual Rows": 2481974,
                                                "Actual Loops": 1
                                            },
                                            {
                                                "Worker Number": 2,
                                                "Actual Startup Time": 0.038,
                                                "Actual Total Time": 328.513,
                                                "Actual Rows": 2606405,
                                                "Actual Loops": 1
                                            },
                                            {
                                                "Worker Number": 3,
                                                "Actual Startup Time": 0.037,
                                                "Actual Total Time": 321.519,
                                                "Actual Rows": 2585360,
                                                "Actual Loops": 1
                                            },
                                            {
                                                "Worker Number": 4,
                                                "Actual Startup Time": 0.038,
                                                "Actual Total Time": 324.232,
                                                "Actual Rows": 2463799,
                                                "Actual Loops": 1
                                            }
                                        ]
                                    },
                                    {
                                        "Node Type": "Hash",
                                        "Parent Relationship": "Inner",
                                        "Parallel Aware": true,
                                        "Startup Cost": 399743.83,
                                        "Total Cost": 399743.83,
                                        "Plan Rows": 2363836,
                                        "Plan Width": 8,
                                        "Actual Startup Time": 5199.312,
                                        "Actual Total Time": 5205.316,
                                        "Actual Rows": 3263157,
                                        "Actual Loops": 6,
                                        "Output": [
                                            "t.id",
                                            "ci.movie_id"
                                        ],
                                        "Hash Buckets": 33554432,
                                        "Original Hash Buckets": 16777216,
                                        "Hash Batches": 1,
                                        "Original Hash Batches": 1,
                                        "Peak Memory Usage": 1159264,
                                        "Workers": [
                                            {
                                                "Worker Number": 0,
                                                "Actual Startup Time": 5208.742,
                                                "Actual Total Time": 5208.745,
                                                "Actual Rows": 2663601,
                                                "Actual Loops": 1
                                            },
                                            {
                                                "Worker Number": 1,
                                                "Actual Startup Time": 5208.761,
                                                "Actual Total Time": 5208.765,
                                                "Actual Rows": 3355744,
                                                "Actual Loops": 1
                                            },
                                            {
                                                "Worker Number": 2,
                                                "Actual Startup Time": 5208.828,
                                                "Actual Total Time": 5208.83,
                                                "Actual Rows": 3033268,
                                                "Actual Loops": 1
                                            },
                                            {
                                                "Worker Number": 3,
                                                "Actual Startup Time": 5208.831,
                                                "Actual Total Time": 5208.834,
                                                "Actual Rows": 3557450,
                                                "Actual Loops": 1
                                            },
                                            {
                                                "Worker Number": 4,
                                                "Actual Startup Time": 5208.915,
                                                "Actual Total Time": 5208.919,
                                                "Actual Rows": 3326322,
                                                "Actual Loops": 1
                                            }
                                        ],
                                        "Plans": [
                                            {
                                                "Node Type": "Hash Join",
                                                "Parent Relationship": "Outer",
                                                "Parallel Aware": true,
                                                "Join Type": "Inner",
                                                "Startup Cost": 50219.81,
                                                "Total Cost": 399743.83,
                                                "Plan Rows": 2363836,
                                                "Plan Width": 8,
                                                "Actual Startup Time": 516.955,
                                                "Actual Total Time": 2880.093,
                                                "Actual Rows": 3263157,
                                                "Actual Loops": 6,
                                                "Output": [
                                                    "t.id",
                                                    "ci.movie_id"
                                                ],
                                                "Inner Unique": true,
                                                "Hash Cond": "(ci.movie_id = t.id)",
                                                "Workers": [
                                                    {
                                                        "Worker Number": 0,
                                                        "Actual Startup Time": 516.948,
                                                        "Actual Total Time": 2879.751,
                                                        "Actual Rows": 2663601,
                                                        "Actual Loops": 1
                                                    },
                                                    {
                                                        "Worker Number": 1,
                                                        "Actual Startup Time": 516.919,
                                                        "Actual Total Time": 2885.828,
                                                        "Actual Rows": 3355744,
                                                        "Actual Loops": 1
                                                    },
                                                    {
                                                        "Worker Number": 2,
                                                        "Actual Startup Time": 516.937,
                                                        "Actual Total Time": 2876.133,
                                                        "Actual Rows": 3033268,
                                                        "Actual Loops": 1
                                                    },
                                                    {
                                                        "Worker Number": 3,
                                                        "Actual Startup Time": 516.925,
                                                        "Actual Total Time": 2874.926,
                                                        "Actual Rows": 3557450,
                                                        "Actual Loops": 1
                                                    },
                                                    {
                                                        "Worker Number": 4,
                                                        "Actual Startup Time": 516.914,
                                                        "Actual Total Time": 2886.275,
                                                        "Actual Rows": 3326322,
                                                        "Actual Loops": 1
                                                    }
                                                ],
                                                "Plans": [
                                                    {
                                                        "Node Type": "Seq Scan",
                                                        "Parent Relationship": "Outer",
                                                        "Parallel Aware": true,
                                                        "Relation Name": "cast_info",
                                                        "Schema": "public",
                                                        "Alias": "ci",
                                                        "Startup Cost": 0.0,
                                                        "Total Cost": 343318.94,
                                                        "Plan Rows": 2363836,
                                                        "Plan Width": 4,
                                                        "Actual Startup Time": 246.876,
                                                        "Actual Total Time": 888.453,
                                                        "Actual Rows": 3263157,
                                                        "Actual Loops": 6,
                                                        "Output": [
                                                            "ci.id",
                                                            "ci.person_id",
                                                            "ci.movie_id",
                                                            "ci.person_role_id",
                                                            "ci.note",
                                                            "ci.nr_order",
                                                            "ci.role_id"
                                                        ],
                                                        "Filter": "((ci.person_id > 1413655) AND (ci.role_id > 1))",
                                                        "Rows Removed by Filter": 2777567,
                                                        "Workers": [
                                                            {
                                                                "Worker Number": 0,
                                                                "Actual Startup Time": 246.87,
                                                                "Actual Total Time": 962.479,
                                                                "Actual Rows": 2663601,
                                                                "Actual Loops": 1
                                                            },
                                                            {
                                                                "Worker Number": 1,
                                                                "Actual Startup Time": 246.867,
                                                                "Actual Total Time": 873.612,
                                                                "Actual Rows": 3355744,
                                                                "Actual Loops": 1
                                                            },
                                                            {
                                                                "Worker Number": 2,
                                                                "Actual Startup Time": 246.879,
                                                                "Actual Total Time": 941.328,
                                                                "Actual Rows": 3033268,
                                                                "Actual Loops": 1
                                                            },
                                                            {
                                                                "Worker Number": 3,
                                                                "Actual Startup Time": 246.88,
                                                                "Actual Total Time": 879.073,
                                                                "Actual Rows": 3557450,
                                                                "Actual Loops": 1
                                                            },
                                                            {
                                                                "Worker Number": 4,
                                                                "Actual Startup Time": 246.884,
                                                                "Actual Total Time": 870.338,
                                                                "Actual Rows": 3326322,
                                                                "Actual Loops": 1
                                                            }
                                                        ]
                                                    },
                                                    {
                                                        "Node Type": "Hash",
                                                        "Parent Relationship": "Inner",
                                                        "Parallel Aware": true,
                                                        "Startup Cost": 42318.81,
                                                        "Total Cost": 42318.81,
                                                        "Plan Rows": 632080,
                                                        "Plan Width": 4,
                                                        "Actual Startup Time": 266.307,
                                                        "Actual Total Time": 266.308,
                                                        "Actual Rows": 421385,
                                                        "Actual Loops": 6,
                                                        "Output": [
                                                            "t.id"
                                                        ],
                                                        "Hash Buckets": 4194304,
                                                        "Original Hash Buckets": 4194304,
                                                        "Hash Batches": 1,
                                                        "Original Hash Batches": 1,
                                                        "Peak Memory Usage": 131808,
                                                        "Workers": [
                                                            {
                                                                "Worker Number": 0,
                                                                "Actual Startup Time": 269.931,
                                                                "Actual Total Time": 269.932,
                                                                "Actual Rows": 317518,
                                                                "Actual Loops": 1
                                                            },
                                                            {
                                                                "Worker Number": 1,
                                                                "Actual Startup Time": 269.954,
                                                                "Actual Total Time": 269.955,
                                                                "Actual Rows": 395506,
                                                                "Actual Loops": 1
                                                            },
                                                            {
                                                                "Worker Number": 2,
                                                                "Actual Startup Time": 269.916,
                                                                "Actual Total Time": 269.917,
                                                                "Actual Rows": 418028,
                                                                "Actual Loops": 1
                                                            },
                                                            {
                                                                "Worker Number": 3,
                                                                "Actual Startup Time": 269.98,
                                                                "Actual Total Time": 269.981,
                                                                "Actual Rows": 435259,
                                                                "Actual Loops": 1
                                                            },
                                                            {
                                                                "Worker Number": 4,
                                                                "Actual Startup Time": 269.86,
                                                                "Actual Total Time": 269.861,
                                                                "Actual Rows": 394616,
                                                                "Actual Loops": 1
                                                            }
                                                        ],
                                                        "Plans": [
                                                            {
                                                                "Node Type": "Seq Scan",
                                                                "Parent Relationship": "Outer",
                                                                "Parallel Aware": true,
                                                                "Relation Name": "title",
                                                                "Schema": "public",
                                                                "Alias": "t",
                                                                "Startup Cost": 0.0,
                                                                "Total Cost": 42318.81,
                                                                "Plan Rows": 632080,
                                                                "Plan Width": 4,
                                                                "Actual Startup Time": 0.077,
                                                                "Actual Total Time": 78.631,
                                                                "Actual Rows": 421385,
                                                                "Actual Loops": 6,
                                                                "Output": [
                                                                    "t.id"
                                                                ],
                                                                "Workers": [
                                                                    {
                                                                        "Worker Number": 0,
                                                                        "Actual Startup Time": 0.084,
                                                                        "Actual Total Time": 86.474,
                                                                        "Actual Rows": 317518,
                                                                        "Actual Loops": 1
                                                                    },
                                                                    {
                                                                        "Worker Number": 1,
                                                                        "Actual Startup Time": 0.096,
                                                                        "Actual Total Time": 80.576,
                                                                        "Actual Rows": 395506,
                                                                        "Actual Loops": 1
                                                                    },
                                                                    {
                                                                        "Worker Number": 2,
                                                                        "Actual Startup Time": 0.095,
                                                                        "Actual Total Time": 80.222,
                                                                        "Actual Rows": 418028,
                                                                        "Actual Loops": 1
                                                                    },
                                                                    {
                                                                        "Worker Number": 3,
                                                                        "Actual Startup Time": 0.086,
                                                                        "Actual Total Time": 80.476,
                                                                        "Actual Rows": 435259,
                                                                        "Actual Loops": 1
                                                                    },
                                                                    {
                                                                        "Worker Number": 4,
                                                                        "Actual Startup Time": 0.085,
                                                                        "Actual Total Time": 80.543,
                                                                        "Actual Rows": 394616,
                                                                        "Actual Loops": 1
                                                                    }
                                                                ]
                                                            }
                                                        ]
                                                    }
                                                ]
                                            }
                                        ]
                                    }
                                ]
                            }
                        ]
                    }
                ]
            }
        ]
    },
    "Planning Time": 1.477,
    "Triggers": [],
    "Execution Time": 14028.333
}