[
  {
    "Plan": {
      "Node Type": "Aggregate",
      "Strategy": "Plain",
      "Partial Mode": "Finalize",
      "Parallel Aware": false,
      "Startup Cost": 54065.35,
      "Total Cost": 54065.36,
      "Plan Rows": 1,
      "Plan Width": 8,
      "Actual Startup Time": 234.619,
      "Actual Total Time": 253.081,
      "Actual Rows": 1,
      "Actual Loops": 1,
      "Plans": [
        {
          "Node Type": "Gather",
          "Parent Relationship": "Outer",
          "Parallel Aware": false,
          "Startup Cost": 54065.03,
          "Total Cost": 54065.34,
          "Plan Rows": 3,
          "Plan Width": 8,
          "Actual Startup Time": 233.249,
          "Actual Total Time": 253.071,
          "Actual Rows": 4,
          "Actual Loops": 1,
          "Workers Planned": 3,
          "Workers Launched": 3,
          "Single Copy": false,
          "Plans": [
            {
              "Node Type": "Aggregate",
              "Strategy": "Plain",
              "Partial Mode": "Partial",
              "Parent Relationship": "Outer",
              "Parallel Aware": false,
              "Startup Cost": 53065.03,
              "Total Cost": 53065.04,
              "Plan Rows": 1,
              "Plan Width": 8,
              "Actual Startup Time": 223.884,
              "Actual Total Time": 223.888,
              "Actual Rows": 1,
              "Actual Loops": 4,
              "Plans": [
                {
                  "Node Type": "Nested Loop",
                  "Parent Relationship": "Outer",
                  "Parallel Aware": false,
                  "Join Type": "Inner",
                  "Startup Cost": 33172.65,
                  "Total Cost": 53052.45,
                  "Plan Rows": 5033,
                  "Plan Width": 0,
                  "Actual Startup Time": 109.6,
                  "Actual Total Time": 222.445,
                  "Actual Rows": 13142,
                  "Actual Loops": 4,
                  "Inner Unique": true,
                  "Plans": [
                    {
                      "Node Type": "Hash Join",
                      "Parent Relationship": "Outer",
                      "Parallel Aware": true,
                      "Join Type": "Inner",
                      "Startup Cost": 33172.22,
                      "Total Cost": 41959.63,
                      "Plan Rows": 12889,
                      "Plan Width": 8,
                      "Actual Startup Time": 109.512,
                      "Actual Total Time": 146.913,
                      "Actual Rows": 13142,
                      "Actual Loops": 4,
                      "Inner Unique": false,
                      "Hash Cond": "(ci.movie_id = mc.movie_id)",
                      "Plans": [
                        {
                          "Node Type": "Index Scan",
                          "Parent Relationship": "Outer",
                          "Parallel Aware": true,
                          "Scan Direction": "Forward",
                          "Index Name": "role_id_cast_info",
                          "Relation Name": "cast_info",
                          "Alias": "ci",
                          "Startup Cost": 0.56,
                          "Total Cost": 8600.37,
                          "Plan Rows": 29205,
                          "Plan Width": 4,
                          "Actual Startup Time": 0.265,
                          "Actual Total Time": 17.568,
                          "Actual Rows": 58284,
                          "Actual Loops": 4,
                          "Index Cond": "(role_id > 10)",
                          "Rows Removed by Index Recheck": 0,
                          "Filter": "(person_id > 2616485)",
                          "Rows Removed by Filter": 20745
                        },
                        {
                          "Node Type": "Hash",
                          "Parent Relationship": "Inner",
                          "Parallel Aware": true,
                          "Startup Cost": 31414.82,
                          "Total Cost": 31414.82,
                          "Plan Rows": 140547,
                          "Plan Width": 4,
                          "Actual Startup Time": 105.917,
                          "Actual Total Time": 105.918,
                          "Actual Rows": 62475,
                          "Actual Loops": 4,
                          "Hash Buckets": 524288,
                          "Original Hash Buckets": 524288,
                          "Hash Batches": 1,
                          "Original Hash Batches": 1,
                          "Peak Memory Usage": 13920,
                          "Plans": [
                            {
                              "Node Type": "Seq Scan",
                              "Parent Relationship": "Outer",
                              "Parallel Aware": true,
                              "Relation Name": "movie_companies",
                              "Alias": "mc",
                              "Startup Cost": 0.0,
                              "Total Cost": 31414.82,
                              "Plan Rows": 140547,
                              "Plan Width": 4,
                              "Actual Startup Time": 50.373,
                              "Actual Total Time": 86.346,
                              "Actual Rows": 62475,
                              "Actual Loops": 4,
                              "Filter": "((company_id < 2394) AND (company_type_id = 2))",
                              "Rows Removed by Filter": 589807
                            }
                          ]
                        }
                      ]
                    },
                    {
                      "Node Type": "Index Only Scan",
                      "Parent Relationship": "Inner",
                      "Parallel Aware": false,
                      "Scan Direction": "Forward",
                      "Index Name": "title_pkey",
                      "Relation Name": "title",
                      "Alias": "t",
                      "Startup Cost": 0.43,
                      "Total Cost": 0.86,
                      "Plan Rows": 1,
                      "Plan Width": 4,
                      "Actual Startup Time": 0.005,
                      "Actual Total Time": 0.005,
                      "Actual Rows": 1,
                      "Actual Loops": 52567,
                      "Index Cond": "(id = mc.movie_id)",
                      "Rows Removed by Index Recheck": 0,
                      "Heap Fetches": 52567
                    }
                  ]
                }
              ]
            }
          ]
        }
      ]
    },
    "Planning Time": 1.526,
    "Triggers": [],
    "Execution Time": 253.183
  }
]