{
    "Plan": {
        "Node Type": "Aggregate",
        "Strategy": "Plain",
        "Partial Mode": "Finalize",
        "Parallel Aware": false,
        "Startup Cost": 43349.93,
        "Total Cost": 43349.94,
        "Plan Rows": 1,
        "Plan Width": 8,
        "Actual Startup Time": 102.871,
        "Actual Total Time": 114.585,
        "Actual Rows": 1,
        "Actual Loops": 1,
        "Output": [
            "count(*)"
        ],
        "Plans": [
            {
                "Node Type": "Gather",
                "Parent Relationship": "Outer",
                "Parallel Aware": false,
                "Startup Cost": 43349.61,
                "Total Cost": 43349.92,
                "Plan Rows": 3,
                "Plan Width": 8,
                "Actual Startup Time": 102.596,
                "Actual Total Time": 114.548,
                "Actual Rows": 4,
                "Actual Loops": 1,
                "Output": [
                    "(PARTIAL count(*))"
                ],
                "Workers Planned": 3,
                "Workers Launched": 3,
                "Single Copy": false,
                "Plans": [
                    {
                        "Node Type": "Aggregate",
                        "Strategy": "Plain",
                        "Partial Mode": "Partial",
                        "Parent Relationship": "Outer",
                        "Parallel Aware": false,
                        "Startup Cost": 42349.61,
                        "Total Cost": 42349.62,
                        "Plan Rows": 1,
                        "Plan Width": 8,
                        "Actual Startup Time": 93.265,
                        "Actual Total Time": 93.267,
                        "Actual Rows": 1,
                        "Actual Loops": 4,
                        "Output": [
                            "PARTIAL count(*)"
                        ],
                        "Workers": [
                            {
                                "Worker Number": 0,
                                "Actual Startup Time": 89.744,
                                "Actual Total Time": 89.746,
                                "Actual Rows": 1,
                                "Actual Loops": 1
                            },
                            {
                                "Worker Number": 1,
                                "Actual Startup Time": 90.694,
                                "Actual Total Time": 90.696,
                                "Actual Rows": 1,
                                "Actual Loops": 1
                            },
                            {
                                "Worker Number": 2,
                                "Actual Startup Time": 90.759,
                                "Actual Total Time": 90.761,
                                "Actual Rows": 1,
                                "Actual Loops": 1
                            }
                        ],
                        "Plans": [
                            {
                                "Node Type": "Nested Loop",
                                "Parent Relationship": "Outer",
                                "Parallel Aware": false,
                                "Join Type": "Inner",
                                "Startup Cost": 0.86,
                                "Total Cost": 42349.16,
                                "Plan Rows": 181,
                                "Plan Width": 0,
                                "Actual Startup Time": 25.286,
                                "Actual Total Time": 93.186,
                                "Actual Rows": 1155,
                                "Actual Loops": 4,
                                "Inner Unique": false,
                                "Workers": [
                                    {
                                        "Worker Number": 0,
                                        "Actual Startup Time": 30.377,
                                        "Actual Total Time": 89.687,
                                        "Actual Rows": 769,
                                        "Actual Loops": 1
                                    },
                                    {
                                        "Worker Number": 1,
                                        "Actual Startup Time": 30.512,
                                        "Actual Total Time": 90.607,
                                        "Actual Rows": 1273,
                                        "Actual Loops": 1
                                    },
                                    {
                                        "Worker Number": 2,
                                        "Actual Startup Time": 2.272,
                                        "Actual Total Time": 90.668,
                                        "Actual Rows": 1391,
                                        "Actual Loops": 1
                                    }
                                ],
                                "Plans": [
                                    {
                                        "Node Type": "Nested Loop",
                                        "Parent Relationship": "Outer",
                                        "Parallel Aware": false,
                                        "Join Type": "Inner",
                                        "Startup Cost": 0.43,
                                        "Total Cost": 41864.22,
                                        "Plan Rows": 31,
                                        "Plan Width": 8,
                                        "Actual Startup Time": 25.122,
                                        "Actual Total Time": 90.96,
                                        "Actual Rows": 8,
                                        "Actual Loops": 4,
                                        "Output": [
                                            "t.id",
                                            "mc.movie_id"
                                        ],
                                        "Inner Unique": true,
                                        "Workers": [
                                            {
                                                "Worker Number": 0,
                                                "Actual Startup Time": 30.219,
                                                "Actual Total Time": 87.49,
                                                "Actual Rows": 7,
                                                "Actual Loops": 1
                                            },
                                            {
                                                "Worker Number": 1,
                                                "Actual Startup Time": 30.363,
                                                "Actual Total Time": 87.742,
                                                "Actual Rows": 8,
                                                "Actual Loops": 1
                                            },
                                            {
                                                "Worker Number": 2,
                                                "Actual Startup Time": 1.942,
                                                "Actual Total Time": 87.693,
                                                "Actual Rows": 9,
                                                "Actual Loops": 1
                                            }
                                        ],
                                        "Plans": [
                                            {
                                                "Node Type": "Seq Scan",
                                                "Parent Relationship": "Outer",
                                                "Parallel Aware": true,
                                                "Relation Name": "movie_companies",
                                                "Schema": "public",
                                                "Alias": "mc",
                                                "Startup Cost": 0.0,
                                                "Total Cost": 31414.82,
                                                "Plan Rows": 1403,
                                                "Plan Width": 4,
                                                "Actual Startup Time": 1.538,
                                                "Actual Total Time": 74.747,
                                                "Actual Rows": 1502,
                                                "Actual Loops": 4,
                                                "Output": [
                                                    "mc.id",
                                                    "mc.movie_id",
                                                    "mc.company_id",
                                                    "mc.company_type_id",
                                                    "mc.note"
                                                ],
                                                "Filter": "((mc.company_type_id < 2) AND (mc.company_id = 846))",
                                                "Rows Removed by Filter": 650780,
                                                "Workers": [
                                                    {
                                                        "Worker Number": 0,
                                                        "Actual Startup Time": 0.299,
                                                        "Actual Total Time": 68.735,
                                                        "Actual Rows": 1266,
                                                        "Actual Loops": 1
                                                    },
                                                    {
                                                        "Worker Number": 1,
                                                        "Actual Startup Time": 1.972,
                                                        "Actual Total Time": 70.075,
                                                        "Actual Rows": 1331,
                                                        "Actual Loops": 1
                                                    },
                                                    {
                                                        "Worker Number": 2,
                                                        "Actual Startup Time": 1.699,
                                                        "Actual Total Time": 69.473,
                                                        "Actual Rows": 1406,
                                                        "Actual Loops": 1
                                                    }
                                                ]
                                            },
                                            {
                                                "Node Type": "Index Scan",
                                                "Parent Relationship": "Inner",
                                                "Parallel Aware": false,
                                                "Scan Direction": "Forward",
                                                "Index Name": "title_pkey",
                                                "Relation Name": "title",
                                                "Schema": "public",
                                                "Alias": "t",
                                                "Startup Cost": 0.43,
                                                "Total Cost": 7.45,
                                                "Plan Rows": 1,
                                                "Plan Width": 4,
                                                "Actual Startup Time": 0.01,
                                                "Actual Total Time": 0.01,
                                                "Actual Rows": 0,
                                                "Actual Loops": 6008,
                                                "Output": [
                                                    "t.id",
                                                    "t.title",
                                                    "t.imdb_index",
                                                    "t.kind_id",
                                                    "t.production_year",
                                                    "t.imdb_id",
                                                    "t.phonetic_code",
                                                    "t.episode_of_id",
                                                    "t.season_nr",
                                                    "t.episode_nr",
                                                    "t.series_years",
                                                    "t.md5sum"
                                                ],
                                                "Index Cond": "(t.id = mc.movie_id)",
                                                "Rows Removed by Index Recheck": 0,
                                                "Filter": "((t.kind_id < 7) AND (t.production_year = 2010))",
                                                "Rows Removed by Filter": 1,
                                                "Workers": [
                                                    {
                                                        "Worker Number": 0,
                                                        "Actual Startup Time": 0.014,
                                                        "Actual Total Time": 0.014,
                                                        "Actual Rows": 0,
                                                        "Actual Loops": 1266
                                                    },
                                                    {
                                                        "Worker Number": 1,
                                                        "Actual Startup Time": 0.013,
                                                        "Actual Total Time": 0.013,
                                                        "Actual Rows": 0,
                                                        "Actual Loops": 1331
                                                    },
                                                    {
                                                        "Worker Number": 2,
                                                        "Actual Startup Time": 0.012,
                                                        "Actual Total Time": 0.012,
                                                        "Actual Rows": 0,
                                                        "Actual Loops": 1406
                                                    }
                                                ]
                                            }
                                        ]
                                    },
                                    {
                                        "Node Type": "Index Only Scan",
                                        "Parent Relationship": "Inner",
                                        "Parallel Aware": false,
                                        "Scan Direction": "Forward",
                                        "Index Name": "movie_id_movie_info",
                                        "Relation Name": "movie_info",
                                        "Schema": "public",
                                        "Alias": "mi",
                                        "Startup Cost": 0.43,
                                        "Total Cost": 15.25,
                                        "Plan Rows": 39,
                                        "Plan Width": 4,
                                        "Actual Startup Time": 0.064,
                                        "Actual Total Time": 0.273,
                                        "Actual Rows": 149,
                                        "Actual Loops": 31,
                                        "Output": [
                                            "mi.movie_id"
                                        ],
                                        "Index Cond": "(mi.movie_id = t.id)",
                                        "Rows Removed by Index Recheck": 0,
                                        "Heap Fetches": 4621,
                                        "Workers": [
                                            {
                                                "Worker Number": 0,
                                                "Actual Startup Time": 0.071,
                                                "Actual Total Time": 0.303,
                                                "Actual Rows": 110,
                                                "Actual Loops": 7
                                            },
                                            {
                                                "Worker Number": 1,
                                                "Actual Startup Time": 0.067,
                                                "Actual Total Time": 0.343,
                                                "Actual Rows": 159,
                                                "Actual Loops": 8
                                            },
                                            {
                                                "Worker Number": 2,
                                                "Actual Startup Time": 0.085,
                                                "Actual Total Time": 0.317,
                                                "Actual Rows": 155,
                                                "Actual Loops": 9
                                            }
                                        ]
                                    }
                                ]
                            }
                        ]
                    }
                ]
            }
        ]
    },
    "Planning Time": 1.617,
    "Triggers": [],
    "Execution Time": 114.679
}