{
  "Plan": {
    "Node Type": "Aggregate",
    "Strategy": "Plain",
    "Partial Mode": "Finalize",
    "Parallel Aware": false,
    "Startup Cost": 210927.32,
    "Total Cost": 210927.33,
    "Plan Rows": 1,
    "Plan Width": 8,
    "Actual Startup Time": 2312.289,
    "Actual Total Time": 2372.062,
    "Actual Rows": 1,
    "Actual Loops": 1,
    "Plans": [
      {
        "Node Type": "Gather",
        "Parent Relationship": "Outer",
        "Parallel Aware": false,
        "Startup Cost": 210927.21,
        "Total Cost": 210927.32,
        "Plan Rows": 1,
        "Plan Width": 8,
        "Actual Startup Time": 2312.244,
        "Actual Total Time": 2372.054,
        "Actual Rows": 2,
        "Actual Loops": 1,
        "Workers Planned": 1,
        "Workers Launched": 1,
        "Single Copy": false,
        "Plans": [
          {
            "Node Type": "Aggregate",
            "Strategy": "Plain",
            "Partial Mode": "Partial",
            "Parent Relationship": "Outer",
            "Parallel Aware": false,
            "Startup Cost": 209927.21,
            "Total Cost": 209927.22,
            "Plan Rows": 1,
            "Plan Width": 8,
            "Actual Startup Time": 2306.16,
            "Actual Total Time": 2306.163,
            "Actual Rows": 1,
            "Actual Loops": 2,
            "Plans": [
              {
                "Node Type": "Nested Loop",
                "Parent Relationship": "Outer",
                "Parallel Aware": false,
                "Join Type": "Inner",
                "Startup Cost": 58665.46,
                "Total Cost": 209628.34,
                "Plan Rows": 119549,
                "Plan Width": 0,
                "Actual Startup Time": 144.865,
                "Actual Total Time": 2271.039,
                "Actual Rows": 763816,
                "Actual Loops": 2,
                "Inner Unique": false,
                "Join Filter": "(t.id = ci.movie_id)",
                "Rows Removed by Join Filter": 0,
                "Plans": [
                  {
                    "Node Type": "Hash Join",
                    "Parent Relationship": "Outer",
                    "Parallel Aware": true,
                    "Join Type": "Inner",
                    "Startup Cost": 58664.89,
                    "Total Cost": 116715.74,
                    "Plan Rows": 51306,
                    "Plan Width": 8,
                    "Actual Startup Time": 144.413,
                    "Actual Total Time": 476.92,
                    "Actual Rows": 77196,
                    "Actual Loops": 2,
                    "Inner Unique": true,
                    "Hash Cond": "(mk.movie_id = t.id)",
                    "Plans": [
                      {
                        "Node Type": "Seq Scan",
                        "Parent Relationship": "Outer",
                        "Parallel Aware": true,
                        "Relation Name": "movie_keyword",
                        "Alias": "mk",
                        "Startup Cost": 0.0,
                        "Total Cost": 51065.35,
                        "Plan Rows": 2661135,
                        "Plan Width": 4,
                        "Actual Startup Time": 0.011,
                        "Actual Total Time": 160.101,
                        "Actual Rows": 2261965,
                        "Actual Loops": 2
                      },
                      {
                        "Node Type": "Hash",
                        "Parent Relationship": "Inner",
                        "Parallel Aware": true,
                        "Startup Cost": 58306.47,
                        "Total Cost": 58306.47,
                        "Plan Rows": 28674,
                        "Plan Width": 4,
                        "Actual Startup Time": 143.098,
                        "Actual Total Time": 143.099,
                        "Actual Rows": 17744,
                        "Actual Loops": 2,
                        "Hash Buckets": 65536,
                        "Original Hash Buckets": 65536,
                        "Hash Batches": 1,
                        "Original Hash Batches": 1,
                        "Peak Memory Usage": 1920,
                        "Plans": [
                          {
                            "Node Type": "Seq Scan",
                            "Parent Relationship": "Outer",
                            "Parallel Aware": true,
                            "Relation Name": "title",
                            "Alias": "t",
                            "Startup Cost": 0.0,
                            "Total Cost": 58306.47,
                            "Plan Rows": 28674,
                            "Plan Width": 4,
                            "Actual Startup Time": 0.26,
                            "Actual Total Time": 138.258,
                            "Actual Rows": 17744,
                            "Actual Loops": 2,
                            "Filter": "((kind_id < 7) AND (production_year = 2007))",
                            "Rows Removed by Filter": 1246412
                          }
                        ]
                      }
                    ]
                  },
                  {
                    "Node Type": "Index Scan",
                    "Parent Relationship": "Inner",
                    "Parallel Aware": false,
                    "Scan Direction": "Forward",
                    "Index Name": "movie_id_cast_info",
                    "Relation Name": "cast_info",
                    "Alias": "ci",
                    "Startup Cost": 0.56,
                    "Total Cost": 1.74,
                    "Plan Rows": 6,
                    "Plan Width": 4,
                    "Actual Startup Time": 0.009,
                    "Actual Total Time": 0.022,
                    "Actual Rows": 10,
                    "Actual Loops": 154392,
                    "Index Cond": "(movie_id = mk.movie_id)",
                    "Rows Removed by Index Recheck": 0,
                    "Filter": "((person_id > 720251) AND (role_id = 2))",
                    "Rows Removed by Filter": 53
                  }
                ]
              }
            ]
          }
        ]
      }
    ]
  },
  "Planning Time": 1.01,
  "Triggers": [],
  "Execution Time": 2372.175
}