[
  {
    "Plan": {
      "Node Type": "Aggregate",
      "Strategy": "Plain",
      "Partial Mode": "Finalize",
      "Parallel Aware": false,
      "Startup Cost": 352400.58,
      "Total Cost": 352400.59,
      "Plan Rows": 1,
      "Plan Width": 8,
      "Actual Startup Time": 899.786,
      "Actual Total Time": 957.9,
      "Actual Rows": 1,
      "Actual Loops": 1,
      "Plans": [
        {
          "Node Type": "Gather",
          "Parent Relationship": "Outer",
          "Parallel Aware": false,
          "Startup Cost": 352399.95,
          "Total Cost": 352400.56,
          "Plan Rows": 6,
          "Plan Width": 8,
          "Actual Startup Time": 899.641,
          "Actual Total Time": 957.889,
          "Actual Rows": 7,
          "Actual Loops": 1,
          "Workers Planned": 6,
          "Workers Launched": 6,
          "Single Copy": false,
          "Plans": [
            {
              "Node Type": "Aggregate",
              "Strategy": "Plain",
              "Partial Mode": "Partial",
              "Parent Relationship": "Outer",
              "Parallel Aware": false,
              "Startup Cost": 351399.95,
              "Total Cost": 351399.96,
              "Plan Rows": 1,
              "Plan Width": 8,
              "Actual Startup Time": 889.288,
              "Actual Total Time": 889.289,
              "Actual Rows": 1,
              "Actual Loops": 7,
              "Plans": [
                {
                  "Node Type": "Seq Scan",
                  "Parent Relationship": "Outer",
                  "Parallel Aware": true,
                  "Relation Name": "cast_info",
                  "Alias": "ci",
                  "Startup Cost": 0.0,
                  "Total Cost": 343257.03,
                  "Plan Rows": 3257169,
                  "Plan Width": 0,
                  "Actual Startup Time": 252.317,
                  "Actual Total Time": 767.584,
                  "Actual Rows": 2475307,
                  "Actual Loops": 7,
                  "Filter": "((person_id < 3027005) AND (role_id > 1))",
                  "Rows Removed by Filter": 2702457
                }
              ]
            }
          ]
        }
      ]
    },
    "Planning Time": 0.155,
    "Triggers": [],
    "Execution Time": 957.96
  }
]