[
  {
    "Plan": {
      "Node Type": "Aggregate",
      "Strategy": "Plain",
      "Partial Mode": "Finalize",
      "Parallel Aware": false,
      "Startup Cost": 225381.83,
      "Total Cost": 225381.84,
      "Plan Rows": 1,
      "Plan Width": 8,
      "Actual Startup Time": 160.889,
      "Actual Total Time": 173.17,
      "Actual Rows": 1,
      "Actual Loops": 1,
      "Plans": [
        {
          "Node Type": "Gather",
          "Parent Relationship": "Outer",
          "Parallel Aware": false,
          "Startup Cost": 225381.31,
          "Total Cost": 225381.82,
          "Plan Rows": 5,
          "Plan Width": 8,
          "Actual Startup Time": 160.357,
          "Actual Total Time": 173.162,
          "Actual Rows": 6,
          "Actual Loops": 1,
          "Workers Planned": 5,
          "Workers Launched": 5,
          "Single Copy": false,
          "Plans": [
            {
              "Node Type": "Aggregate",
              "Strategy": "Plain",
              "Partial Mode": "Partial",
              "Parent Relationship": "Outer",
              "Parallel Aware": false,
              "Startup Cost": 224381.31,
              "Total Cost": 224381.32,
              "Plan Rows": 1,
              "Plan Width": 8,
              "Actual Startup Time": 149.872,
              "Actual Total Time": 149.877,
              "Actual Rows": 1,
              "Actual Loops": 6,
              "Plans": [
                {
                  "Node Type": "Hash Join",
                  "Parent Relationship": "Outer",
                  "Parallel Aware": true,
                  "Join Type": "Inner",
                  "Startup Cost": 59975.9,
                  "Total Cost": 224377.85,
                  "Plan Rows": 1384,
                  "Plan Width": 0,
                  "Actual Startup Time": 108.982,
                  "Actual Total Time": 149.831,
                  "Actual Rows": 459,
                  "Actual Loops": 6,
                  "Inner Unique": true,
                  "Hash Cond": "(mi.movie_id = t.id)",
                  "Plans": [
                    {
                      "Node Type": "Bitmap Heap Scan",
                      "Parent Relationship": "Outer",
                      "Parallel Aware": true,
                      "Relation Name": "movie_info",
                      "Alias": "mi",
                      "Startup Cost": 14428.12,
                      "Total Cost": 178411.99,
                      "Plan Rows": 159269,
                      "Plan Width": 4,
                      "Actual Startup Time": 22.825,
                      "Actual Total Time": 45.57,
                      "Actual Rows": 133690,
                      "Actual Loops": 6,
                      "Recheck Cond": "(info_type_id < 2)",
                      "Rows Removed by Index Recheck": 0,
                      "Exact Heap Blocks": 1319,
                      "Lossy Heap Blocks": 0,
                      "Plans": [
                        {
                          "Node Type": "Bitmap Index Scan",
                          "Parent Relationship": "Outer",
                          "Parallel Aware": false,
                          "Index Name": "info_type_id_movie_info",
                          "Startup Cost": 0.0,
                          "Total Cost": 14229.04,
                          "Plan Rows": 796347,
                          "Plan Width": 0,
                          "Actual Startup Time": 22.05,
                          "Actual Total Time": 22.051,
                          "Actual Rows": 802140,
                          "Actual Loops": 1,
                          "Index Cond": "(info_type_id < 2)"
                        }
                      ]
                    },
                    {
                      "Node Type": "Hash",
                      "Parent Relationship": "Inner",
                      "Parallel Aware": true,
                      "Startup Cost": 45479.1,
                      "Total Cost": 45479.1,
                      "Plan Rows": 5494,
                      "Plan Width": 4,
                      "Actual Startup Time": 84.441,
                      "Actual Total Time": 84.442,
                      "Actual Rows": 4100,
                      "Actual Loops": 6,
                      "Hash Buckets": 32768,
                      "Original Hash Buckets": 32768,
                      "Hash Batches": 1,
                      "Original Hash Batches": 1,
                      "Peak Memory Usage": 1312,
                      "Plans": [
                        {
                          "Node Type": "Seq Scan",
                          "Parent Relationship": "Outer",
                          "Parallel Aware": true,
                          "Relation Name": "title",
                          "Alias": "t",
                          "Startup Cost": 0.0,
                          "Total Cost": 45479.1,
                          "Plan Rows": 5494,
                          "Plan Width": 4,
                          "Actual Startup Time": 0.07,
                          "Actual Total Time": 81.776,
                          "Actual Rows": 4100,
                          "Actual Loops": 6,
                          "Filter": "((kind_id = 7) AND (production_year = 1995))",
                          "Rows Removed by Filter": 417285
                        }
                      ]
                    }
                  ]
                }
              ]
            }
          ]
        }
      ]
    },
    "Planning Time": 0.632,
    "Triggers": [],
    "Execution Time": 173.26
  }
]