[
  {
    "Plan": {
      "Node Type": "Aggregate",
      "Strategy": "Plain",
      "Partial Mode": "Simple",
      "Parallel Aware": false,
      "Startup Cost": 123493.67,
      "Total Cost": 123493.68,
      "Plan Rows": 1,
      "Plan Width": 64,
      "Actual Startup Time": 3844.088,
      "Actual Total Time": 3844.093,
      "Actual Rows": 1,
      "Actual Loops": 1,
      "Plans": [
        {
          "Node Type": "Nested Loop",
          "Parent Relationship": "Outer",
          "Parallel Aware": false,
          "Join Type": "Inner",
          "Startup Cost": 2406.67,
          "Total Cost": 123493.24,
          "Plan Rows": 86,
          "Plan Width": 112,
          "Actual Startup Time": 43.134,
          "Actual Total Time": 3843.091,
          "Actual Rows": 1943,
          "Actual Loops": 1,
          "Inner Unique": false,
          "Plans": [
            {
              "Node Type": "Seq Scan",
              "Parent Relationship": "Outer",
              "Parallel Aware": false,
              "Relation Name": "info_type",
              "Alias": "it2",
              "Startup Cost": 0.0,
              "Total Cost": 2.41,
              "Plan Rows": 1,
              "Plan Width": 4,
              "Actual Startup Time": 0.027,
              "Actual Total Time": 0.035,
              "Actual Rows": 1,
              "Actual Loops": 1,
              "Filter": "(id = 3)",
              "Rows Removed by Filter": 112
            },
            {
              "Node Type": "Nested Loop",
              "Parent Relationship": "Inner",
              "Parallel Aware": false,
              "Join Type": "Inner",
              "Startup Cost": 2406.67,
              "Total Cost": 123489.97,
              "Plan Rows": 86,
              "Plan Width": 116,
              "Actual Startup Time": 43.104,
              "Actual Total Time": 3842.624,
              "Actual Rows": 1943,
              "Actual Loops": 1,
              "Inner Unique": true,
              "Join Filter": "(mi.movie_id = t.id)",
              "Rows Removed by Join Filter": 0,
              "Plans": [
                {
                  "Node Type": "Nested Loop",
                  "Parent Relationship": "Outer",
                  "Parallel Aware": false,
                  "Join Type": "Inner",
                  "Startup Cost": 2406.24,
                  "Total Cost": 123392.32,
                  "Plan Rows": 210,
                  "Plan Width": 107,
                  "Actual Startup Time": 43.062,
                  "Actual Total Time": 3822.231,
                  "Actual Rows": 1943,
                  "Actual Loops": 1,
                  "Inner Unique": false,
                  "Plans": [
                    {
                      "Node Type": "Nested Loop",
                      "Parent Relationship": "Outer",
                      "Parallel Aware": false,
                      "Join Type": "Inner",
                      "Startup Cost": 2405.8,
                      "Total Cost": 94079.27,
                      "Plan Rows": 21068,
                      "Plan Width": 99,
                      "Actual Startup Time": 37.261,
                      "Actual Total Time": 679.156,
                      "Actual Rows": 252688,
                      "Actual Loops": 1,
                      "Inner Unique": false,
                      "Plans": [
                        {
                          "Node Type": "Nested Loop",
                          "Parent Relationship": "Outer",
                          "Parallel Aware": false,
                          "Join Type": "Inner",
                          "Startup Cost": 2405.24,
                          "Total Cost": 59185.16,
                          "Plan Rows": 2422,
                          "Plan Width": 103,
                          "Actual Startup Time": 37.205,
                          "Actual Total Time": 401.007,
                          "Actual Rows": 9858,
                          "Actual Loops": 1,
                          "Inner Unique": true,
                          "Plans": [
                            {
                              "Node Type": "Nested Loop",
                              "Parent Relationship": "Outer",
                              "Parallel Aware": false,
                              "Join Type": "Inner",
                              "Startup Cost": 2404.81,
                              "Total Cost": 55601.14,
                              "Plan Rows": 2422,
                              "Plan Width": 99,
                              "Actual Startup Time": 37.167,
                              "Actual Total Time": 297.656,
                              "Actual Rows": 9858,
                              "Actual Loops": 1,
                              "Inner Unique": false,
                              "Plans": [
                                {
                                  "Node Type": "Seq Scan",
                                  "Parent Relationship": "Outer",
                                  "Parallel Aware": false,
                                  "Relation Name": "info_type",
                                  "Alias": "it1",
                                  "Startup Cost": 0.0,
                                  "Total Cost": 2.41,
                                  "Plan Rows": 1,
                                  "Plan Width": 4,
                                  "Actual Startup Time": 0.024,
                                  "Actual Total Time": 0.055,
                                  "Actual Rows": 1,
                                  "Actual Loops": 1,
                                  "Filter": "((info)::text ~~* 'birth date'::text)",
                                  "Rows Removed by Filter": 112
                                },
                                {
                                  "Node Type": "Bitmap Heap Scan",
                                  "Parent Relationship": "Inner",
                                  "Parallel Aware": false,
                                  "Relation Name": "person_info",
                                  "Alias": "pi",
                                  "Startup Cost": 2404.81,
                                  "Total Cost": 55474.34,
                                  "Plan Rows": 12439,
                                  "Plan Width": 103,
                                  "Actual Startup Time": 37.13,
                                  "Actual Total Time": 295.115,
                                  "Actual Rows": 9858,
                                  "Actual Loops": 1,
                                  "Recheck Cond": "(info_type_id = it1.id)",
                                  "Rows Removed by Index Recheck": 0,
                                  "Filter": "(info ~~* '%199%'::text)",
                                  "Rows Removed by Filter": 343424,
                                  "Exact Heap Blocks": 46437,
                                  "Lossy Heap Blocks": 0,
                                  "Plans": [
                                    {
                                      "Node Type": "Bitmap Index Scan",
                                      "Parent Relationship": "Outer",
                                      "Parallel Aware": false,
                                      "Index Name": "info_type_id_person_info",
                                      "Startup Cost": 0.0,
                                      "Total Cost": 2401.7,
                                      "Plan Rows": 134569,
                                      "Plan Width": 0,
                                      "Actual Startup Time": 30.471,
                                      "Actual Total Time": 30.471,
                                      "Actual Rows": 353282,
                                      "Actual Loops": 1,
                                      "Index Cond": "(info_type_id = it1.id)"
                                    }
                                  ]
                                }
                              ]
                            },
                            {
                              "Node Type": "Index Only Scan",
                              "Parent Relationship": "Inner",
                              "Parallel Aware": false,
                              "Scan Direction": "Forward",
                              "Index Name": "name_pkey",
                              "Relation Name": "name",
                              "Alias": "n",
                              "Startup Cost": 0.43,
                              "Total Cost": 1.48,
                              "Plan Rows": 1,
                              "Plan Width": 4,
                              "Actual Startup Time": 0.01,
                              "Actual Total Time": 0.01,
                              "Actual Rows": 1,
                              "Actual Loops": 9858,
                              "Index Cond": "(id = pi.person_id)",
                              "Rows Removed by Index Recheck": 0,
                              "Heap Fetches": 9858
                            }
                          ]
                        },
                        {
                          "Node Type": "Index Scan",
                          "Parent Relationship": "Inner",
                          "Parallel Aware": false,
                          "Scan Direction": "Forward",
                          "Index Name": "person_id_cast_info",
                          "Relation Name": "cast_info",
                          "Alias": "ci",
                          "Startup Cost": 0.56,
                          "Total Cost": 9.51,
                          "Plan Rows": 490,
                          "Plan Width": 8,
                          "Actual Startup Time": 0.017,
                          "Actual Total Time": 0.024,
                          "Actual Rows": 26,
                          "Actual Loops": 9858,
                          "Index Cond": "(person_id = n.id)",
                          "Rows Removed by Index Recheck": 0
                        }
                      ]
                    },
                    {
                      "Node Type": "Index Scan",
                      "Parent Relationship": "Inner",
                      "Parallel Aware": false,
                      "Scan Direction": "Forward",
                      "Index Name": "movie_id_movie_info",
                      "Relation Name": "movie_info",
                      "Alias": "mi",
                      "Startup Cost": 0.43,
                      "Total Cost": 1.38,
                      "Plan Rows": 1,
                      "Plan Width": 8,
                      "Actual Startup Time": 0.012,
                      "Actual Total Time": 0.012,
                      "Actual Rows": 0,
                      "Actual Loops": 252688,
                      "Index Cond": "(movie_id = ci.movie_id)",
                      "Rows Removed by Index Recheck": 0,
                      "Filter": "((info ~~* '%sci%'::text) AND (info_type_id = 3))",
                      "Rows Removed by Filter": 9
                    }
                  ]
                },
                {
                  "Node Type": "Index Scan",
                  "Parent Relationship": "Inner",
                  "Parallel Aware": false,
                  "Scan Direction": "Forward",
                  "Index Name": "title_pkey",
                  "Relation Name": "title",
                  "Alias": "t",
                  "Startup Cost": 0.43,
                  "Total Cost": 0.45,
                  "Plan Rows": 1,
                  "Plan Width": 21,
                  "Actual Startup Time": 0.01,
                  "Actual Total Time": 0.01,
                  "Actual Rows": 1,
                  "Actual Loops": 1943,
                  "Index Cond": "(id = ci.movie_id)",
                  "Rows Removed by Index Recheck": 0
                }
              ]
            }
          ]
        }
      ]
    },
    "Planning Time": 11.712,
    "Triggers": [],
    "Execution Time": 3845.166
  }
]