[
  {
    "Plan": {
      "Node Type": "Aggregate",
      "Strategy": "Plain",
      "Partial Mode": "Simple",
      "Parallel Aware": false,
      "Startup Cost": 27767.69,
      "Total Cost": 27767.7,
      "Plan Rows": 1,
      "Plan Width": 8,
      "Actual Startup Time": 86.674,
      "Actual Total Time": 86.675,
      "Actual Rows": 1,
      "Actual Loops": 1,
      "Plans": [
        {
          "Node Type": "Bitmap Heap Scan",
          "Parent Relationship": "Outer",
          "Parallel Aware": false,
          "Relation Name": "movie_keyword",
          "Alias": "mk",
          "Startup Cost": 1941.43,
          "Total Cost": 27538.98,
          "Plan Rows": 91484,
          "Plan Width": 0,
          "Actual Startup Time": 25.513,
          "Actual Total Time": 80.134,
          "Actual Rows": 102400,
          "Actual Loops": 1,
          "Recheck Cond": "(keyword_id < 103)",
          "Rows Removed by Index Recheck": 0,
          "Exact Heap Blocks": 21851,
          "Lossy Heap Blocks": 0,
          "Plans": [
            {
              "Node Type": "Bitmap Index Scan",
              "Parent Relationship": "Outer",
              "Parallel Aware": false,
              "Index Name": "keyword_id_movie_keyword",
              "Startup Cost": 0.0,
              "Total Cost": 1918.56,
              "Plan Rows": 91484,
              "Plan Width": 0,
              "Actual Startup Time": 17.809,
              "Actual Total Time": 17.81,
              "Actual Rows": 102400,
              "Actual Loops": 1,
              "Index Cond": "(keyword_id < 103)"
            }
          ]
        }
      ]
    },
    "Planning Time": 0.2,
    "Triggers": [],
    "Execution Time": 86.739
  }
]