[
  {
    "Plan": {
      "Node Type": "Aggregate",
      "Strategy": "Plain",
      "Partial Mode": "Finalize",
      "Parallel Aware": false,
      "Startup Cost": 390430.41,
      "Total Cost": 390430.42,
      "Plan Rows": 1,
      "Plan Width": 8,
      "Actual Startup Time": 1740.586,
      "Actual Total Time": 1813.302,
      "Actual Rows": 1,
      "Actual Loops": 1,
      "Plans": [
        {
          "Node Type": "Gather",
          "Parent Relationship": "Outer",
          "Parallel Aware": false,
          "Startup Cost": 390429.78,
          "Total Cost": 390430.39,
          "Plan Rows": 6,
          "Plan Width": 8,
          "Actual Startup Time": 1737.58,
          "Actual Total Time": 1813.268,
          "Actual Rows": 7,
          "Actual Loops": 1,
          "Workers Planned": 6,
          "Workers Launched": 6,
          "Single Copy": false,
          "Plans": [
            {
              "Node Type": "Aggregate",
              "Strategy": "Plain",
              "Partial Mode": "Partial",
              "Parent Relationship": "Outer",
              "Parallel Aware": false,
              "Startup Cost": 389429.78,
              "Total Cost": 389429.79,
              "Plan Rows": 1,
              "Plan Width": 8,
              "Actual Startup Time": 1726.498,
              "Actual Total Time": 1726.504,
              "Actual Rows": 1,
              "Actual Loops": 7,
              "Plans": [
                {
                  "Node Type": "Hash Join",
                  "Parent Relationship": "Outer",
                  "Parallel Aware": true,
                  "Join Type": "Inner",
                  "Startup Cost": 46937.59,
                  "Total Cost": 387295.21,
                  "Plan Rows": 853828,
                  "Plan Width": 0,
                  "Actual Startup Time": 129.152,
                  "Actual Total Time": 1693.332,
                  "Actual Rows": 664976,
                  "Actual Loops": 7,
                  "Inner Unique": true,
                  "Hash Cond": "(ci.movie_id = t.id)",
                  "Plans": [
                    {
                      "Node Type": "Seq Scan",
                      "Parent Relationship": "Outer",
                      "Parallel Aware": true,
                      "Relation Name": "cast_info",
                      "Alias": "ci",
                      "Startup Cost": 0.0,
                      "Total Cost": 328211.39,
                      "Plan Rows": 4627128,
                      "Plan Width": 4,
                      "Actual Startup Time": 0.042,
                      "Actual Total Time": 818.069,
                      "Actual Rows": 3965433,
                      "Actual Loops": 7,
                      "Filter": "(role_id < 6)",
                      "Rows Removed by Filter": 1212331
                    },
                    {
                      "Node Type": "Hash",
                      "Parent Relationship": "Inner",
                      "Parallel Aware": true,
                      "Startup Cost": 45479.59,
                      "Total Cost": 45479.59,
                      "Plan Rows": 116640,
                      "Plan Width": 4,
                      "Actual Startup Time": 126.472,
                      "Actual Total Time": 126.473,
                      "Actual Rows": 56623,
                      "Actual Loops": 7,
                      "Hash Buckets": 524288,
                      "Original Hash Buckets": 524288,
                      "Hash Batches": 1,
                      "Original Hash Batches": 1,
                      "Peak Memory Usage": 19712,
                      "Plans": [
                        {
                          "Node Type": "Seq Scan",
                          "Parent Relationship": "Outer",
                          "Parallel Aware": true,
                          "Relation Name": "title",
                          "Alias": "t",
                          "Startup Cost": 0.0,
                          "Total Cost": 45479.59,
                          "Plan Rows": 116640,
                          "Plan Width": 4,
                          "Actual Startup Time": 0.07,
                          "Actual Total Time": 96.585,
                          "Actual Rows": 56623,
                          "Actual Loops": 7,
                          "Filter": "((kind_id < 7) AND (production_year > 2003))",
                          "Rows Removed by Filter": 304565
                        }
                      ]
                    }
                  ]
                }
              ]
            }
          ]
        }
      ]
    },
    "Planning Time": 0.62,
    "Triggers": [],
    "Execution Time": 1813.407
  }
]