{
  "Plan": {
    "Node Type": "Aggregate",
    "Strategy": "Plain",
    "Partial Mode": "Simple",
    "Parallel Aware": false,
    "Startup Cost": 683891.12,
    "Total Cost": 683891.13,
    "Plan Rows": 1,
    "Plan Width": 128,
    "Actual Startup Time": 69744.657,
    "Actual Total Time": 69744.793,
    "Actual Rows": 1,
    "Actual Loops": 1,
    "Plans": [
      {
        "Node Type": "Nested Loop",
        "Parent Relationship": "Outer",
        "Parallel Aware": false,
        "Join Type": "Inner",
        "Startup Cost": 533374.31,
        "Total Cost": 683891.11,
        "Plan Rows": 1,
        "Plan Width": 81,
        "Actual Startup Time": 67629.277,
        "Actual Total Time": 69740.72,
        "Actual Rows": 26153,
        "Actual Loops": 1,
        "Inner Unique": false,
        "Join Filter": "(mk.keyword_id = k.id)",
        "Rows Removed by Join Filter": 6561218,
        "Plans": [
          {
            "Node Type": "Seq Scan",
            "Parent Relationship": "Outer",
            "Parallel Aware": false,
            "Relation Name": "keyword",
            "Alias": "k",
            "Startup Cost": 0.0,
            "Total Cost": 3464.69,
            "Plan Rows": 7,
            "Plan Width": 4,
            "Actual Startup Time": 1.423,
            "Actual Total Time": 23.254,
            "Actual Rows": 7,
            "Actual Loops": 1,
            "Filter": "(keyword = ANY ('{murder,violence,blood,gore,death,female-nudity,hospital}'::text[]))",
            "Rows Removed by Filter": 134163
          },
          {
            "Node Type": "Materialize",
            "Parent Relationship": "Inner",
            "Parallel Aware": false,
            "Startup Cost": 533374.31,
            "Total Cost": 680396.8,
            "Plan Rows": 289,
            "Plan Width": 85,
            "Actual Startup Time": 9661.115,
            "Actual Total Time": 9907.644,
            "Actual Rows": 941053,
            "Actual Loops": 7,
            "Plans": [
              {
                "Node Type": "Hash Join",
                "Parent Relationship": "Outer",
                "Parallel Aware": false,
                "Join Type": "Inner",
                "Startup Cost": 533374.31,
                "Total Cost": 680395.36,
                "Plan Rows": 289,
                "Plan Width": 85,
                "Actual Startup Time": 67627.787,
                "Actual Total Time": 68804.84,
                "Actual Rows": 941053,
                "Actual Loops": 1,
                "Inner Unique": false,
                "Hash Cond": "(n.id = ci.person_id)",
                "Plans": [
                  {
                    "Node Type": "Seq Scan",
                    "Parent Relationship": "Outer",
                    "Parallel Aware": false,
                    "Relation Name": "name",
                    "Alias": "n",
                    "Startup Cost": 0.0,
                    "Total Cost": 107705.21,
                    "Plan Rows": 1747242,
                    "Plan Width": 19,
                    "Actual Startup Time": 0.051,
                    "Actual Total Time": 669.001,
                    "Actual Rows": 1739579,
                    "Actual Loops": 1,
                    "Filter": "((gender)::text = 'm'::text)",
                    "Rows Removed by Filter": 2427912
                  },
                  {
                    "Node Type": "Hash",
                    "Parent Relationship": "Inner",
                    "Parallel Aware": false,
                    "Startup Cost": 533365.7,
                    "Total Cost": 533365.7,
                    "Plan Rows": 689,
                    "Plan Width": 74,
                    "Actual Startup Time": 67627.231,
                    "Actual Total Time": 67627.364,
                    "Actual Rows": 1515077,
                    "Actual Loops": 1,
                    "Hash Buckets": 2097152,
                    "Original Hash Buckets": 1024,
                    "Hash Batches": 1,
                    "Original Hash Batches": 1,
                    "Peak Memory Usage": 121096,
                    "Plans": [
                      {
                        "Node Type": "Nested Loop",
                        "Parent Relationship": "Outer",
                        "Parallel Aware": false,
                        "Join Type": "Inner",
                        "Startup Cost": 250541.91,
                        "Total Cost": 533365.7,
                        "Plan Rows": 689,
                        "Plan Width": 74,
                        "Actual Startup Time": 909.276,
                        "Actual Total Time": 67129.098,
                        "Actual Rows": 1515077,
                        "Actual Loops": 1,
                        "Inner Unique": true,
                        "Join Filter": "(mi.movie_id = t.id)",
                        "Rows Removed by Join Filter": 0,
                        "Plans": [
                          {
                            "Node Type": "Nested Loop",
                            "Parent Relationship": "Outer",
                            "Parallel Aware": false,
                            "Join Type": "Inner",
                            "Startup Cost": 250541.48,
                            "Total Cost": 533021.34,
                            "Plan Rows": 689,
                            "Plan Width": 73,
                            "Actual Startup Time": 909.223,
                            "Actual Total Time": 65075.315,
                            "Actual Rows": 1515077,
                            "Actual Loops": 1,
                            "Inner Unique": false,
                            "Join Filter": "(mi_idx.info_type_id = it2.id)",
                            "Rows Removed by Join Filter": 3060768,
                            "Plans": [
                              {
                                "Node Type": "Seq Scan",
                                "Parent Relationship": "Outer",
                                "Parallel Aware": false,
                                "Relation Name": "info_type",
                                "Alias": "it2",
                                "Startup Cost": 0.0,
                                "Total Cost": 2.41,
                                "Plan Rows": 1,
                                "Plan Width": 4,
                                "Actual Startup Time": 0.02,
                                "Actual Total Time": 0.024,
                                "Actual Rows": 1,
                                "Actual Loops": 1,
                                "Filter": "((info)::text = 'votes'::text)",
                                "Rows Removed by Filter": 112
                              },
                              {
                                "Node Type": "Nested Loop",
                                "Parent Relationship": "Inner",
                                "Parallel Aware": false,
                                "Join Type": "Inner",
                                "Startup Cost": 250541.48,
                                "Total Cost": 532052.67,
                                "Plan Rows": 77301,
                                "Plan Width": 77,
                                "Actual Startup Time": 909.197,
                                "Actual Total Time": 64695.58,
                                "Actual Rows": 4575845,
                                "Actual Loops": 1,
                                "Inner Unique": false,
                                "Join Filter": "(mi.movie_id = mi_idx.movie_id)",
                                "Rows Removed by Join Filter": 0,
                                "Plans": [
                                  {
                                    "Node Type": "Nested Loop",
                                    "Parent Relationship": "Outer",
                                    "Parallel Aware": false,
                                    "Join Type": "Inner",
                                    "Startup Cost": 250541.05,
                                    "Total Cost": 518662.97,
                                    "Plan Rows": 25262,
                                    "Plan Width": 63,
                                    "Actual Startup Time": 897.155,
                                    "Actual Total Time": 61571.052,
                                    "Actual Rows": 1576977,
                                    "Actual Loops": 1,
                                    "Inner Unique": false,
                                    "Join Filter": "(mi.movie_id = ci.movie_id)",
                                    "Rows Removed by Join Filter": 0,
                                    "Plans": [
                                      {
                                        "Node Type": "Hash Join",
                                        "Parent Relationship": "Outer",
                                        "Parallel Aware": false,
                                        "Join Type": "Inner",
                                        "Startup Cost": 250540.48,
                                        "Total Cost": 481017.34,
                                        "Plan Rows": 20976,
                                        "Plan Width": 55,
                                        "Actual Startup Time": 888.83,
                                        "Actual Total Time": 3035.056,
                                        "Actual Rows": 2394761,
                                        "Actual Loops": 1,
                                        "Inner Unique": true,
                                        "Hash Cond": "(mi.info_type_id = it1.id)",
                                        "Plans": [
                                          {
                                            "Node Type": "Merge Join",
                                            "Parent Relationship": "Outer",
                                            "Parallel Aware": false,
                                            "Join Type": "Inner",
                                            "Startup Cost": 250538.06,
                                            "Total Cost": 474557.95,
                                            "Plan Rows": 2370878,
                                            "Plan Width": 59,
                                            "Actual Startup Time": 888.762,
                                            "Actual Total Time": 2614.745,
                                            "Actual Rows": 2615151,
                                            "Actual Loops": 1,
                                            "Inner Unique": false,
                                            "Merge Cond": "(mk.movie_id = mi.movie_id)",
                                            "Plans": [
                                              {
                                                "Node Type": "Index Scan",
                                                "Parent Relationship": "Outer",
                                                "Parallel Aware": false,
                                                "Scan Direction": "Forward",
                                                "Index Name": "movie_id_movie_keyword",
                                                "Relation Name": "movie_keyword",
                                                "Alias": "mk",
                                                "Startup Cost": 0.43,
                                                "Total Cost": 177148.48,
                                                "Plan Rows": 4523930,
                                                "Plan Width": 8,
                                                "Actual Startup Time": 0.023,
                                                "Actual Total Time": 864.115,
                                                "Actual Rows": 4523925,
                                                "Actual Loops": 1
                                              },
                                              {
                                                "Node Type": "Sort",
                                                "Parent Relationship": "Inner",
                                                "Parallel Aware": false,
                                                "Startup Cost": 250537.29,
                                                "Total Cost": 251010.31,
                                                "Plan Rows": 189208,
                                                "Plan Width": 51,
                                                "Actual Startup Time": 888.689,
                                                "Actual Total Time": 1043.224,
                                                "Actual Rows": 2702815,
                                                "Actual Loops": 1,
                                                "Sort Key": [
                                                  "mi.movie_id"
                                                ],
                                                "Sort Method": "quicksort",
                                                "Sort Space Used": 16323,
                                                "Sort Space Type": "Memory",
                                                "Plans": [
                                                  {
                                                    "Node Type": "Gather",
                                                    "Parent Relationship": "Outer",
                                                    "Parallel Aware": false,
                                                    "Startup Cost": 1000.0,
                                                    "Total Cost": 233953.57,
                                                    "Plan Rows": 189208,
                                                    "Plan Width": 51,
                                                    "Actual Startup Time": 545.862,
                                                    "Actual Total Time": 829.838,
                                                    "Actual Rows": 188971,
                                                    "Actual Loops": 1,
                                                    "Workers Planned": 5,
                                                    "Workers Launched": 5,
                                                    "Single Copy": false,
                                                    "Plans": [
                                                      {
                                                        "Node Type": "Seq Scan",
                                                        "Parent Relationship": "Outer",
                                                        "Parallel Aware": true,
                                                        "Relation Name": "movie_info",
                                                        "Alias": "mi",
                                                        "Startup Cost": 0.0,
                                                        "Total Cost": 214032.77,
                                                        "Plan Rows": 37842,
                                                        "Plan Width": 51,
                                                        "Actual Startup Time": 502.575,
                                                        "Actual Total Time": 829.739,
                                                        "Actual Rows": 31495,
                                                        "Actual Loops": 6,
                                                        "Filter": "(info = ANY ('{Horror,Action,Sci-Fi,Thriller,Crime,War}'::text[]))",
                                                        "Rows Removed by Filter": 2441125
                                                      }
                                                    ]
                                                  }
                                                ]
                                              }
                                            ]
                                          },
                                          {
                                            "Node Type": "Hash",
                                            "Parent Relationship": "Inner",
                                            "Parallel Aware": false,
                                            "Startup Cost": 2.41,
                                            "Total Cost": 2.41,
                                            "Plan Rows": 1,
                                            "Plan Width": 4,
                                            "Actual Startup Time": 0.027,
                                            "Actual Total Time": 0.028,
                                            "Actual Rows": 1,
                                            "Actual Loops": 1,
                                            "Hash Buckets": 1024,
                                            "Original Hash Buckets": 1024,
                                            "Hash Batches": 1,
                                            "Original Hash Batches": 1,
                                            "Peak Memory Usage": 9,
                                            "Plans": [
                                              {
                                                "Node Type": "Seq Scan",
                                                "Parent Relationship": "Outer",
                                                "Parallel Aware": false,
                                                "Relation Name": "info_type",
                                                "Alias": "it1",
                                                "Startup Cost": 0.0,
                                                "Total Cost": 2.41,
                                                "Plan Rows": 1,
                                                "Plan Width": 4,
                                                "Actual Startup Time": 0.008,
                                                "Actual Total Time": 0.019,
                                                "Actual Rows": 1,
                                                "Actual Loops": 1,
                                                "Filter": "((info)::text = 'genres'::text)",
                                                "Rows Removed by Filter": 112
                                              }
                                            ]
                                          }
                                        ]
                                      },
                                      {
                                        "Node Type": "Index Scan",
                                        "Parent Relationship": "Inner",
                                        "Parallel Aware": false,
                                        "Scan Direction": "Forward",
                                        "Index Name": "movie_id_cast_info",
                                        "Relation Name": "cast_info",
                                        "Alias": "ci",
                                        "Startup Cost": 0.56,
                                        "Total Cost": 1.78,
                                        "Plan Rows": 1,
                                        "Plan Width": 8,
                                        "Actual Startup Time": 0.019,
                                        "Actual Total Time": 0.024,
                                        "Actual Rows": 1,
                                        "Actual Loops": 2394761,
                                        "Index Cond": "(movie_id = mk.movie_id)",
                                        "Rows Removed by Index Recheck": 0,
                                        "Filter": "(note = ANY ('{(writer),\"(head writer)\",\"(written by)\",(story),\"(story editor)\"}'::text[]))",
                                        "Rows Removed by Filter": 70
                                      }
                                    ]
                                  },
                                  {
                                    "Node Type": "Index Scan",
                                    "Parent Relationship": "Inner",
                                    "Parallel Aware": false,
                                    "Scan Direction": "Forward",
                                    "Index Name": "movie_id_movie_info_idx",
                                    "Relation Name": "movie_info_idx",
                                    "Alias": "mi_idx",
                                    "Startup Cost": 0.43,
                                    "Total Cost": 0.49,
                                    "Plan Rows": 3,
                                    "Plan Width": 14,
                                    "Actual Startup Time": 0.001,
                                    "Actual Total Time": 0.001,
                                    "Actual Rows": 3,
                                    "Actual Loops": 1576977,
                                    "Index Cond": "(movie_id = mk.movie_id)",
                                    "Rows Removed by Index Recheck": 0
                                  }
                                ]
                              }
                            ]
                          },
                          {
                            "Node Type": "Index Scan",
                            "Parent Relationship": "Inner",
                            "Parallel Aware": false,
                            "Scan Direction": "Forward",
                            "Index Name": "title_pkey",
                            "Relation Name": "title",
                            "Alias": "t",
                            "Startup Cost": 0.43,
                            "Total Cost": 0.49,
                            "Plan Rows": 1,
                            "Plan Width": 21,
                            "Actual Startup Time": 0.001,
                            "Actual Total Time": 0.001,
                            "Actual Rows": 1,
                            "Actual Loops": 1515077,
                            "Index Cond": "(id = mk.movie_id)",
                            "Rows Removed by Index Recheck": 0
                          }
                        ]
                      }
                    ]
                  }
                ]
              }
            ]
          }
        ]
      }
    ]
  },
  "Planning Time": 24.586,
  "Triggers": [],
  "Execution Time": 69774.482
}