[
  {
    "Plan": {
      "Node Type": "Aggregate",
      "Strategy": "Plain",
      "Partial Mode": "Finalize",
      "Parallel Aware": false,
      "Startup Cost": 79795.23,
      "Total Cost": 79795.24,
      "Plan Rows": 1,
      "Plan Width": 8,
      "Actual Startup Time": 144.926,
      "Actual Total Time": 152.554,
      "Actual Rows": 1,
      "Actual Loops": 1,
      "Plans": [
        {
          "Node Type": "Gather",
          "Parent Relationship": "Outer",
          "Parallel Aware": false,
          "Startup Cost": 79794.71,
          "Total Cost": 79795.22,
          "Plan Rows": 5,
          "Plan Width": 8,
          "Actual Startup Time": 144.825,
          "Actual Total Time": 152.546,
          "Actual Rows": 6,
          "Actual Loops": 1,
          "Workers Planned": 5,
          "Workers Launched": 5,
          "Single Copy": false,
          "Plans": [
            {
              "Node Type": "Aggregate",
              "Strategy": "Plain",
              "Partial Mode": "Partial",
              "Parent Relationship": "Outer",
              "Parallel Aware": false,
              "Startup Cost": 78794.71,
              "Total Cost": 78794.72,
              "Plan Rows": 1,
              "Plan Width": 8,
              "Actual Startup Time": 133.302,
              "Actual Total Time": 133.303,
              "Actual Rows": 1,
              "Actual Loops": 6,
              "Plans": [
                {
                  "Node Type": "Index Scan",
                  "Parent Relationship": "Outer",
                  "Parallel Aware": true,
                  "Scan Direction": "Forward",
                  "Index Name": "role_id_cast_info",
                  "Relation Name": "cast_info",
                  "Alias": "ci",
                  "Startup Cost": 0.56,
                  "Total Cost": 77740.85,
                  "Plan Rows": 421543,
                  "Plan Width": 0,
                  "Actual Startup Time": 0.199,
                  "Actual Total Time": 117.736,
                  "Actual Rows": 254705,
                  "Actual Loops": 6,
                  "Index Cond": "(role_id = 4)",
                  "Rows Removed by Index Recheck": 0,
                  "Filter": "(person_id < 2769182)",
                  "Rows Removed by Filter": 200118
                }
              ]
            }
          ]
        }
      ]
    },
    "Planning Time": 0.291,
    "Triggers": [],
    "Execution Time": 152.619
  }
]