{
    "Plan": {
        "Node Type": "Aggregate",
        "Strategy": "Plain",
        "Partial Mode": "Finalize",
        "Parallel Aware": false,
        "Startup Cost": 125634.83,
        "Total Cost": 125634.84,
        "Plan Rows": 1,
        "Plan Width": 128,
        "Actual Startup Time": 470.953,
        "Actual Total Time": 506.705,
        "Actual Rows": 1,
        "Actual Loops": 1,
        "Output": [
            "min(an.name)",
            "min(chn.name)",
            "min(n.name)",
            "min(t.title)"
        ],
        "Plans": [
            {
                "Node Type": "Gather",
                "Parent Relationship": "Outer",
                "Parallel Aware": false,
                "Startup Cost": 125634.49,
                "Total Cost": 125634.8,
                "Plan Rows": 3,
                "Plan Width": 128,
                "Actual Startup Time": 470.274,
                "Actual Total Time": 506.685,
                "Actual Rows": 4,
                "Actual Loops": 1,
                "Output": [
                    "(PARTIAL min(an.name))",
                    "(PARTIAL min(chn.name))",
                    "(PARTIAL min(n.name))",
                    "(PARTIAL min(t.title))"
                ],
                "Workers Planned": 3,
                "Workers Launched": 3,
                "Single Copy": false,
                "Plans": [
                    {
                        "Node Type": "Aggregate",
                        "Strategy": "Plain",
                        "Partial Mode": "Partial",
                        "Parent Relationship": "Outer",
                        "Parallel Aware": false,
                        "Startup Cost": 124634.49,
                        "Total Cost": 124634.5,
                        "Plan Rows": 1,
                        "Plan Width": 128,
                        "Actual Startup Time": 459.195,
                        "Actual Total Time": 459.202,
                        "Actual Rows": 1,
                        "Actual Loops": 4,
                        "Output": [
                            "PARTIAL min(an.name)",
                            "PARTIAL min(chn.name)",
                            "PARTIAL min(n.name)",
                            "PARTIAL min(t.title)"
                        ],
                        "Workers": [
                            {
                                "Worker Number": 0,
                                "Actual Startup Time": 455.383,
                                "Actual Total Time": 455.39,
                                "Actual Rows": 1,
                                "Actual Loops": 1
                            },
                            {
                                "Worker Number": 1,
                                "Actual Startup Time": 455.899,
                                "Actual Total Time": 455.905,
                                "Actual Rows": 1,
                                "Actual Loops": 1
                            },
                            {
                                "Worker Number": 2,
                                "Actual Startup Time": 456.206,
                                "Actual Total Time": 456.213,
                                "Actual Rows": 1,
                                "Actual Loops": 1
                            }
                        ],
                        "Plans": [
                            {
                                "Node Type": "Nested Loop",
                                "Parent Relationship": "Outer",
                                "Parallel Aware": false,
                                "Join Type": "Inner",
                                "Startup Cost": 71362.9,
                                "Total Cost": 124629.59,
                                "Plan Rows": 490,
                                "Plan Width": 64,
                                "Actual Startup Time": 265.58,
                                "Actual Total Time": 458.42,
                                "Actual Rows": 2036,
                                "Actual Loops": 4,
                                "Output": [
                                    "an.name",
                                    "chn.name",
                                    "n.name",
                                    "t.title"
                                ],
                                "Inner Unique": true,
                                "Join Filter": "(ci.movie_id = t.id)",
                                "Rows Removed by Join Filter": 0,
                                "Workers": [
                                    {
                                        "Worker Number": 0,
                                        "Actual Startup Time": 262.483,
                                        "Actual Total Time": 454.921,
                                        "Actual Rows": 911,
                                        "Actual Loops": 1
                                    },
                                    {
                                        "Worker Number": 1,
                                        "Actual Startup Time": 263.532,
                                        "Actual Total Time": 454.725,
                                        "Actual Rows": 3207,
                                        "Actual Loops": 1
                                    },
                                    {
                                        "Worker Number": 2,
                                        "Actual Startup Time": 261.456,
                                        "Actual Total Time": 455.503,
                                        "Actual Rows": 1728,
                                        "Actual Loops": 1
                                    }
                                ],
                                "Plans": [
                                    {
                                        "Node Type": "Nested Loop",
                                        "Parent Relationship": "Outer",
                                        "Parallel Aware": false,
                                        "Join Type": "Inner",
                                        "Startup Cost": 71362.47,
                                        "Total Cost": 124370.38,
                                        "Plan Rows": 490,
                                        "Plan Width": 55,
                                        "Actual Startup Time": 265.524,
                                        "Actual Total Time": 449.704,
                                        "Actual Rows": 2036,
                                        "Actual Loops": 4,
                                        "Output": [
                                            "an.name",
                                            "ci.movie_id",
                                            "chn.name",
                                            "mc.movie_id",
                                            "n.name"
                                        ],
                                        "Inner Unique": true,
                                        "Workers": [
                                            {
                                                "Worker Number": 0,
                                                "Actual Startup Time": 262.415,
                                                "Actual Total Time": 448.248,
                                                "Actual Rows": 911,
                                                "Actual Loops": 1
                                            },
                                            {
                                                "Worker Number": 1,
                                                "Actual Startup Time": 263.46,
                                                "Actual Total Time": 441.886,
                                                "Actual Rows": 3207,
                                                "Actual Loops": 1
                                            },
                                            {
                                                "Worker Number": 2,
                                                "Actual Startup Time": 261.396,
                                                "Actual Total Time": 447.348,
                                                "Actual Rows": 1728,
                                                "Actual Loops": 1
                                            }
                                        ],
                                        "Plans": [
                                            {
                                                "Node Type": "Nested Loop",
                                                "Parent Relationship": "Outer",
                                                "Parallel Aware": false,
                                                "Join Type": "Inner",
                                                "Startup Cost": 71362.04,
                                                "Total Cost": 124039.99,
                                                "Plan Rows": 490,
                                                "Plan Width": 43,
                                                "Actual Startup Time": 265.443,
                                                "Actual Total Time": 440.587,
                                                "Actual Rows": 2128,
                                                "Actual Loops": 4,
                                                "Output": [
                                                    "an.name",
                                                    "ci.movie_id",
                                                    "ci.person_role_id",
                                                    "mc.movie_id",
                                                    "n.name"
                                                ],
                                                "Inner Unique": true,
                                                "Workers": [
                                                    {
                                                        "Worker Number": 0,
                                                        "Actual Startup Time": 262.302,
                                                        "Actual Total Time": 440.761,
                                                        "Actual Rows": 975,
                                                        "Actual Loops": 1
                                                    },
                                                    {
                                                        "Worker Number": 1,
                                                        "Actual Startup Time": 263.4,
                                                        "Actual Total Time": 429.265,
                                                        "Actual Rows": 3289,
                                                        "Actual Loops": 1
                                                    },
                                                    {
                                                        "Worker Number": 2,
                                                        "Actual Startup Time": 261.298,
                                                        "Actual Total Time": 438.933,
                                                        "Actual Rows": 1800,
                                                        "Actual Loops": 1
                                                    }
                                                ],
                                                "Plans": [
                                                    {
                                                        "Node Type": "Nested Loop",
                                                        "Parent Relationship": "Outer",
                                                        "Parallel Aware": false,
                                                        "Join Type": "Inner",
                                                        "Startup Cost": 71361.62,
                                                        "Total Cost": 123430.83,
                                                        "Plan Rows": 1366,
                                                        "Plan Width": 47,
                                                        "Actual Startup Time": 264.393,
                                                        "Actual Total Time": 422.343,
                                                        "Actual Rows": 4890,
                                                        "Actual Loops": 4,
                                                        "Output": [
                                                            "an.name",
                                                            "ci.movie_id",
                                                            "ci.person_role_id",
                                                            "mc.movie_id",
                                                            "mc.company_id",
                                                            "n.name"
                                                        ],
                                                        "Inner Unique": false,
                                                        "Workers": [
                                                            {
                                                                "Worker Number": 0,
                                                                "Actual Startup Time": 262.248,
                                                                "Actual Total Time": 425.093,
                                                                "Actual Rows": 2956,
                                                                "Actual Loops": 1
                                                            },
                                                            {
                                                                "Worker Number": 1,
                                                                "Actual Startup Time": 260.15,
                                                                "Actual Total Time": 405.887,
                                                                "Actual Rows": 6485,
                                                                "Actual Loops": 1
                                                            },
                                                            {
                                                                "Worker Number": 2,
                                                                "Actual Startup Time": 261.169,
                                                                "Actual Total Time": 422.646,
                                                                "Actual Rows": 3728,
                                                                "Actual Loops": 1
                                                            }
                                                        ],
                                                        "Plans": [
                                                            {
                                                                "Node Type": "Hash Join",
                                                                "Parent Relationship": "Outer",
                                                                "Parallel Aware": false,
                                                                "Join Type": "Inner",
                                                                "Startup Cost": 71361.19,
                                                                "Total Cost": 123083.97,
                                                                "Plan Rows": 494,
                                                                "Plan Width": 39,
                                                                "Actual Startup Time": 264.327,
                                                                "Actual Total Time": 408.212,
                                                                "Actual Rows": 2051,
                                                                "Actual Loops": 4,
                                                                "Output": [
                                                                    "an.name",
                                                                    "ci.movie_id",
                                                                    "ci.person_role_id",
                                                                    "n.name"
                                                                ],
                                                                "Inner Unique": true,
                                                                "Hash Cond": "(ci.role_id = rt.id)",
                                                                "Workers": [
                                                                    {
                                                                        "Worker Number": 0,
                                                                        "Actual Startup Time": 262.176,
                                                                        "Actual Total Time": 409.387,
                                                                        "Actual Rows": 1821,
                                                                        "Actual Loops": 1
                                                                    },
                                                                    {
                                                                        "Worker Number": 1,
                                                                        "Actual Startup Time": 260.073,
                                                                        "Actual Total Time": 389.756,
                                                                        "Actual Rows": 2219,
                                                                        "Actual Loops": 1
                                                                    },
                                                                    {
                                                                        "Worker Number": 2,
                                                                        "Actual Startup Time": 261.075,
                                                                        "Actual Total Time": 410.206,
                                                                        "Actual Rows": 1239,
                                                                        "Actual Loops": 1
                                                                    }
                                                                ],
                                                                "Plans": [
                                                                    {
                                                                        "Node Type": "Nested Loop",
                                                                        "Parent Relationship": "Outer",
                                                                        "Parallel Aware": false,
                                                                        "Join Type": "Inner",
                                                                        "Startup Cost": 71360.02,
                                                                        "Total Cost": 123061.75,
                                                                        "Plan Rows": 5927,
                                                                        "Plan Width": 43,
                                                                        "Actual Startup Time": 263.953,
                                                                        "Actual Total Time": 407.2,
                                                                        "Actual Rows": 2051,
                                                                        "Actual Loops": 4,
                                                                        "Output": [
                                                                            "an.name",
                                                                            "ci.movie_id",
                                                                            "ci.role_id",
                                                                            "ci.person_role_id",
                                                                            "n.name"
                                                                        ],
                                                                        "Inner Unique": false,
                                                                        "Join Filter": "(n.id = ci.person_id)",
                                                                        "Rows Removed by Join Filter": 0,
                                                                        "Workers": [
                                                                            {
                                                                                "Worker Number": 0,
                                                                                "Actual Startup Time": 261.711,
                                                                                "Actual Total Time": 408.33,
                                                                                "Actual Rows": 1821,
                                                                                "Actual Loops": 1
                                                                            },
                                                                            {
                                                                                "Worker Number": 1,
                                                                                "Actual Startup Time": 259.603,
                                                                                "Actual Total Time": 388.552,
                                                                                "Actual Rows": 2219,
                                                                                "Actual Loops": 1
                                                                            },
                                                                            {
                                                                                "Worker Number": 2,
                                                                                "Actual Startup Time": 260.573,
                                                                                "Actual Total Time": 409.234,
                                                                                "Actual Rows": 1239,
                                                                                "Actual Loops": 1
                                                                            }
                                                                        ],
                                                                        "Plans": [
                                                                            {
                                                                                "Node Type": "Hash Join",
                                                                                "Parent Relationship": "Outer",
                                                                                "Parallel Aware": true,
                                                                                "Join Type": "Inner",
                                                                                "Startup Cost": 71359.46,
                                                                                "Total Cost": 86426.25,
                                                                                "Plan Rows": 2638,
                                                                                "Plan Width": 39,
                                                                                "Actual Startup Time": 261.889,
                                                                                "Actual Total Time": 337.668,
                                                                                "Actual Rows": 2631,
                                                                                "Actual Loops": 4,
                                                                                "Output": [
                                                                                    "an.name",
                                                                                    "an.person_id",
                                                                                    "n.name",
                                                                                    "n.id"
                                                                                ],
                                                                                "Inner Unique": true,
                                                                                "Hash Cond": "(an.person_id = n.id)",
                                                                                "Workers": [
                                                                                    {
                                                                                        "Worker Number": 0,
                                                                                        "Actual Startup Time": 258.005,
                                                                                        "Actual Total Time": 335.536,
                                                                                        "Actual Rows": 2530,
                                                                                        "Actual Loops": 1
                                                                                    },
                                                                                    {
                                                                                        "Worker Number": 1,
                                                                                        "Actual Startup Time": 258.284,
                                                                                        "Actual Total Time": 321.189,
                                                                                        "Actual Rows": 2171,
                                                                                        "Actual Loops": 1
                                                                                    },
                                                                                    {
                                                                                        "Worker Number": 2,
                                                                                        "Actual Startup Time": 259.048,
                                                                                        "Actual Total Time": 335.492,
                                                                                        "Actual Rows": 2400,
                                                                                        "Actual Loops": 1
                                                                                    }
                                                                                ],
                                                                                "Plans": [
                                                                                    {
                                                                                        "Node Type": "Seq Scan",
                                                                                        "Parent Relationship": "Outer",
                                                                                        "Parallel Aware": true,
                                                                                        "Relation Name": "aka_name",
                                                                                        "Schema": "public",
                                                                                        "Alias": "an",
                                                                                        "Startup Cost": 0.0,
                                                                                        "Total Cost": 14303.56,
                                                                                        "Plan Rows": 290756,
                                                                                        "Plan Width": 20,
                                                                                        "Actual Startup Time": 0.019,
                                                                                        "Actual Total Time": 33.256,
                                                                                        "Actual Rows": 225336,
                                                                                        "Actual Loops": 4,
                                                                                        "Output": [
                                                                                            "an.id",
                                                                                            "an.person_id",
                                                                                            "an.name",
                                                                                            "an.imdb_index",
                                                                                            "an.name_pcode_cf",
                                                                                            "an.name_pcode_nf",
                                                                                            "an.surname_pcode",
                                                                                            "an.md5sum"
                                                                                        ],
                                                                                        "Workers": [
                                                                                            {
                                                                                                "Worker Number": 0,
                                                                                                "Actual Startup Time": 0.023,
                                                                                                "Actual Total Time": 34.683,
                                                                                                "Actual Rows": 222196,
                                                                                                "Actual Loops": 1
                                                                                            },
                                                                                            {
                                                                                                "Worker Number": 1,
                                                                                                "Actual Startup Time": 0.019,
                                                                                                "Actual Total Time": 26.476,
                                                                                                "Actual Rows": 172081,
                                                                                                "Actual Loops": 1
                                                                                            },
                                                                                            {
                                                                                                "Worker Number": 2,
                                                                                                "Actual Startup Time": 0.024,
                                                                                                "Actual Total Time": 34.351,
                                                                                                "Actual Rows": 214814,
                                                                                                "Actual Loops": 1
                                                                                            }
                                                                                        ]
                                                                                    },
                                                                                    {
                                                                                        "Node Type": "Hash",
                                                                                        "Parent Relationship": "Inner",
                                                                                        "Parallel Aware": true,
                                                                                        "Startup Cost": 71241.31,
                                                                                        "Total Cost": 71241.31,
                                                                                        "Plan Rows": 9452,
                                                                                        "Plan Width": 19,
                                                                                        "Actual Startup Time": 261.115,
                                                                                        "Actual Total Time": 261.116,
                                                                                        "Actual Rows": 12503,
                                                                                        "Actual Loops": 4,
                                                                                        "Output": [
                                                                                            "n.name",
                                                                                            "n.id"
                                                                                        ],
                                                                                        "Hash Buckets": 65536,
                                                                                        "Original Hash Buckets": 65536,
                                                                                        "Hash Batches": 1,
                                                                                        "Original Hash Batches": 1,
                                                                                        "Peak Memory Usage": 3328,
                                                                                        "Workers": [
                                                                                            {
                                                                                                "Worker Number": 0,
                                                                                                "Actual Startup Time": 257.621,
                                                                                                "Actual Total Time": 257.623,
                                                                                                "Actual Rows": 11705,
                                                                                                "Actual Loops": 1
                                                                                            },
                                                                                            {
                                                                                                "Worker Number": 1,
                                                                                                "Actual Startup Time": 257.801,
                                                                                                "Actual Total Time": 257.802,
                                                                                                "Actual Rows": 11993,
                                                                                                "Actual Loops": 1
                                                                                            },
                                                                                            {
                                                                                                "Worker Number": 2,
                                                                                                "Actual Startup Time": 258.278,
                                                                                                "Actual Total Time": 258.279,
                                                                                                "Actual Rows": 11494,
                                                                                                "Actual Loops": 1
                                                                                            }
                                                                                        ],
                                                                                        "Plans": [
                                                                                            {
                                                                                                "Node Type": "Seq Scan",
                                                                                                "Parent Relationship": "Outer",
                                                                                                "Parallel Aware": true,
                                                                                                "Relation Name": "name",
                                                                                                "Schema": "public",
                                                                                                "Alias": "n",
                                                                                                "Startup Cost": 0.0,
                                                                                                "Total Cost": 71241.31,
                                                                                                "Plan Rows": 9452,
                                                                                                "Plan Width": 19,
                                                                                                "Actual Startup Time": 116.818,
                                                                                                "Actual Total Time": 253.295,
                                                                                                "Actual Rows": 12503,
                                                                                                "Actual Loops": 4,
                                                                                                "Output": [
                                                                                                    "n.name",
                                                                                                    "n.id"
                                                                                                ],
                                                                                                "Filter": "((n.name ~~ '%An%'::text) AND ((n.gender)::text = 'f'::text))",
                                                                                                "Rows Removed by Filter": 1029370,
                                                                                                "Workers": [
                                                                                                    {
                                                                                                        "Worker Number": 0,
                                                                                                        "Actual Startup Time": 113.32,
                                                                                                        "Actual Total Time": 249.937,
                                                                                                        "Actual Rows": 11705,
                                                                                                        "Actual Loops": 1
                                                                                                    },
                                                                                                    {
                                                                                                        "Worker Number": 1,
                                                                                                        "Actual Startup Time": 113.495,
                                                                                                        "Actual Total Time": 250.374,
                                                                                                        "Actual Rows": 11993,
                                                                                                        "Actual Loops": 1
                                                                                                    },
                                                                                                    {
                                                                                                        "Worker Number": 2,
                                                                                                        "Actual Startup Time": 114.006,
                                                                                                        "Actual Total Time": 250.184,
                                                                                                        "Actual Rows": 11494,
                                                                                                        "Actual Loops": 1
                                                                                                    }
                                                                                                ]
                                                                                            }
                                                                                        ]
                                                                                    }
                                                                                ]
                                                                            },
                                                                            {
                                                                                "Node Type": "Index Scan",
                                                                                "Parent Relationship": "Inner",
                                                                                "Parallel Aware": false,
                                                                                "Scan Direction": "Forward",
                                                                                "Index Name": "person_id_cast_info",
                                                                                "Relation Name": "cast_info",
                                                                                "Schema": "public",
                                                                                "Alias": "ci",
                                                                                "Startup Cost": 0.56,
                                                                                "Total Cost": 13.74,
                                                                                "Plan Rows": 12,
                                                                                "Plan Width": 16,
                                                                                "Actual Startup Time": 0.023,
                                                                                "Actual Total Time": 0.026,
                                                                                "Actual Rows": 1,
                                                                                "Actual Loops": 10525,
                                                                                "Output": [
                                                                                    "ci.id",
                                                                                    "ci.person_id",
                                                                                    "ci.movie_id",
                                                                                    "ci.person_role_id",
                                                                                    "ci.note",
                                                                                    "ci.nr_order",
                                                                                    "ci.role_id"
                                                                                ],
                                                                                "Index Cond": "(ci.person_id = an.person_id)",
                                                                                "Rows Removed by Index Recheck": 0,
                                                                                "Filter": "(ci.note = ANY ('{(voice),\"(voice: Japanese version)\",\"(voice) (uncredited)\",\"(voice: English version)\"}'::text[]))",
                                                                                "Rows Removed by Filter": 44,
                                                                                "Workers": [
                                                                                    {
                                                                                        "Worker Number": 0,
                                                                                        "Actual Startup Time": 0.026,
                                                                                        "Actual Total Time": 0.028,
                                                                                        "Actual Rows": 1,
                                                                                        "Actual Loops": 2530
                                                                                    },
                                                                                    {
                                                                                        "Worker Number": 1,
                                                                                        "Actual Startup Time": 0.028,
                                                                                        "Actual Total Time": 0.03,
                                                                                        "Actual Rows": 1,
                                                                                        "Actual Loops": 2171
                                                                                    },
                                                                                    {
                                                                                        "Worker Number": 2,
                                                                                        "Actual Startup Time": 0.027,
                                                                                        "Actual Total Time": 0.03,
                                                                                        "Actual Rows": 1,
                                                                                        "Actual Loops": 2400
                                                                                    }
                                                                                ]
                                                                            }
                                                                        ]
                                                                    },
                                                                    {
                                                                        "Node Type": "Hash",
                                                                        "Parent Relationship": "Inner",
                                                                        "Parallel Aware": false,
                                                                        "Startup Cost": 1.15,
                                                                        "Total Cost": 1.15,
                                                                        "Plan Rows": 1,
                                                                        "Plan Width": 4,
                                                                        "Actual Startup Time": 0.09,
                                                                        "Actual Total Time": 0.091,
                                                                        "Actual Rows": 1,
                                                                        "Actual Loops": 4,
                                                                        "Output": [
                                                                            "rt.id"
                                                                        ],
                                                                        "Hash Buckets": 1024,
                                                                        "Original Hash Buckets": 1024,
                                                                        "Hash Batches": 1,
                                                                        "Original Hash Batches": 1,
                                                                        "Peak Memory Usage": 9,
                                                                        "Workers": [
                                                                            {
                                                                                "Worker Number": 0,
                                                                                "Actual Startup Time": 0.11,
                                                                                "Actual Total Time": 0.11,
                                                                                "Actual Rows": 1,
                                                                                "Actual Loops": 1
                                                                            },
                                                                            {
                                                                                "Worker Number": 1,
                                                                                "Actual Startup Time": 0.114,
                                                                                "Actual Total Time": 0.114,
                                                                                "Actual Rows": 1,
                                                                                "Actual Loops": 1
                                                                            },
                                                                            {
                                                                                "Worker Number": 2,
                                                                                "Actual Startup Time": 0.109,
                                                                                "Actual Total Time": 0.11,
                                                                                "Actual Rows": 1,
                                                                                "Actual Loops": 1
                                                                            }
                                                                        ],
                                                                        "Plans": [
                                                                            {
                                                                                "Node Type": "Seq Scan",
                                                                                "Parent Relationship": "Outer",
                                                                                "Parallel Aware": false,
                                                                                "Relation Name": "role_type",
                                                                                "Schema": "public",
                                                                                "Alias": "rt",
                                                                                "Startup Cost": 0.0,
                                                                                "Total Cost": 1.15,
                                                                                "Plan Rows": 1,
                                                                                "Plan Width": 4,
                                                                                "Actual Startup Time": 0.055,
                                                                                "Actual Total Time": 0.06,
                                                                                "Actual Rows": 1,
                                                                                "Actual Loops": 4,
                                                                                "Output": [
                                                                                    "rt.id"
                                                                                ],
                                                                                "Filter": "((rt.role)::text = 'actress'::text)",
                                                                                "Rows Removed by Filter": 11,
                                                                                "Workers": [
                                                                                    {
                                                                                        "Worker Number": 0,
                                                                                        "Actual Startup Time": 0.065,
                                                                                        "Actual Total Time": 0.071,
                                                                                        "Actual Rows": 1,
                                                                                        "Actual Loops": 1
                                                                                    },
                                                                                    {
                                                                                        "Worker Number": 1,
                                                                                        "Actual Startup Time": 0.069,
                                                                                        "Actual Total Time": 0.074,
                                                                                        "Actual Rows": 1,
                                                                                        "Actual Loops": 1
                                                                                    },
                                                                                    {
                                                                                        "Worker Number": 2,
                                                                                        "Actual Startup Time": 0.066,
                                                                                        "Actual Total Time": 0.072,
                                                                                        "Actual Rows": 1,
                                                                                        "Actual Loops": 1
                                                                                    }
                                                                                ]
                                                                            }
                                                                        ]
                                                                    }
                                                                ]
                                                            },
                                                            {
                                                                "Node Type": "Index Scan",
                                                                "Parent Relationship": "Inner",
                                                                "Parallel Aware": false,
                                                                "Scan Direction": "Forward",
                                                                "Index Name": "movie_id_movie_companies",
                                                                "Relation Name": "movie_companies",
                                                                "Schema": "public",
                                                                "Alias": "mc",
                                                                "Startup Cost": 0.43,
                                                                "Total Cost": 0.65,
                                                                "Plan Rows": 5,
                                                                "Plan Width": 8,
                                                                "Actual Startup Time": 0.005,
                                                                "Actual Total Time": 0.006,
                                                                "Actual Rows": 2,
                                                                "Actual Loops": 8204,
                                                                "Output": [
                                                                    "mc.id",
                                                                    "mc.movie_id",
                                                                    "mc.company_id",
                                                                    "mc.company_type_id",
                                                                    "mc.note"
                                                                ],
                                                                "Index Cond": "(mc.movie_id = ci.movie_id)",
                                                                "Rows Removed by Index Recheck": 0,
                                                                "Workers": [
                                                                    {
                                                                        "Worker Number": 0,
                                                                        "Actual Startup Time": 0.006,
                                                                        "Actual Total Time": 0.008,
                                                                        "Actual Rows": 2,
                                                                        "Actual Loops": 1821
                                                                    },
                                                                    {
                                                                        "Worker Number": 1,
                                                                        "Actual Startup Time": 0.005,
                                                                        "Actual Total Time": 0.006,
                                                                        "Actual Rows": 3,
                                                                        "Actual Loops": 2219
                                                                    },
                                                                    {
                                                                        "Worker Number": 2,
                                                                        "Actual Startup Time": 0.007,
                                                                        "Actual Total Time": 0.009,
                                                                        "Actual Rows": 3,
                                                                        "Actual Loops": 1239
                                                                    }
                                                                ]
                                                            }
                                                        ]
                                                    },
                                                    {
                                                        "Node Type": "Index Scan",
                                                        "Parent Relationship": "Inner",
                                                        "Parallel Aware": false,
                                                        "Scan Direction": "Forward",
                                                        "Index Name": "company_name_pkey",
                                                        "Relation Name": "company_name",
                                                        "Schema": "public",
                                                        "Alias": "cn",
                                                        "Startup Cost": 0.42,
                                                        "Total Cost": 0.45,
                                                        "Plan Rows": 1,
                                                        "Plan Width": 4,
                                                        "Actual Startup Time": 0.003,
                                                        "Actual Total Time": 0.003,
                                                        "Actual Rows": 0,
                                                        "Actual Loops": 19561,
                                                        "Output": [
                                                            "cn.id",
                                                            "cn.name",
                                                            "cn.country_code",
                                                            "cn.imdb_id",
                                                            "cn.name_pcode_nf",
                                                            "cn.name_pcode_sf",
                                                            "cn.md5sum"
                                                        ],
                                                        "Index Cond": "(cn.id = mc.company_id)",
                                                        "Rows Removed by Index Recheck": 0,
                                                        "Filter": "((cn.country_code)::text = '[us]'::text)",
                                                        "Rows Removed by Filter": 1,
                                                        "Workers": [
                                                            {
                                                                "Worker Number": 0,
                                                                "Actual Startup Time": 0.005,
                                                                "Actual Total Time": 0.005,
                                                                "Actual Rows": 0,
                                                                "Actual Loops": 2956
                                                            },
                                                            {
                                                                "Worker Number": 1,
                                                                "Actual Startup Time": 0.003,
                                                                "Actual Total Time": 0.003,
                                                                "Actual Rows": 1,
                                                                "Actual Loops": 6485
                                                            },
                                                            {
                                                                "Worker Number": 2,
                                                                "Actual Startup Time": 0.004,
                                                                "Actual Total Time": 0.004,
                                                                "Actual Rows": 0,
                                                                "Actual Loops": 3728
                                                            }
                                                        ]
                                                    }
                                                ]
                                            },
                                            {
                                                "Node Type": "Index Scan",
                                                "Parent Relationship": "Inner",
                                                "Parallel Aware": false,
                                                "Scan Direction": "Forward",
                                                "Index Name": "char_name_pkey",
                                                "Relation Name": "char_name",
                                                "Schema": "public",
                                                "Alias": "chn",
                                                "Startup Cost": 0.43,
                                                "Total Cost": 0.67,
                                                "Plan Rows": 1,
                                                "Plan Width": 20,
                                                "Actual Startup Time": 0.004,
                                                "Actual Total Time": 0.004,
                                                "Actual Rows": 1,
                                                "Actual Loops": 8514,
                                                "Output": [
                                                    "chn.id",
                                                    "chn.name",
                                                    "chn.imdb_index",
                                                    "chn.imdb_id",
                                                    "chn.name_pcode_nf",
                                                    "chn.surname_pcode",
                                                    "chn.md5sum"
                                                ],
                                                "Index Cond": "(chn.id = ci.person_role_id)",
                                                "Rows Removed by Index Recheck": 0,
                                                "Workers": [
                                                    {
                                                        "Worker Number": 0,
                                                        "Actual Startup Time": 0.007,
                                                        "Actual Total Time": 0.007,
                                                        "Actual Rows": 1,
                                                        "Actual Loops": 975
                                                    },
                                                    {
                                                        "Worker Number": 1,
                                                        "Actual Startup Time": 0.003,
                                                        "Actual Total Time": 0.003,
                                                        "Actual Rows": 1,
                                                        "Actual Loops": 3289
                                                    },
                                                    {
                                                        "Worker Number": 2,
                                                        "Actual Startup Time": 0.004,
                                                        "Actual Total Time": 0.004,
                                                        "Actual Rows": 1,
                                                        "Actual Loops": 1800
                                                    }
                                                ]
                                            }
                                        ]
                                    },
                                    {
                                        "Node Type": "Index Scan",
                                        "Parent Relationship": "Inner",
                                        "Parallel Aware": false,
                                        "Scan Direction": "Forward",
                                        "Index Name": "title_pkey",
                                        "Relation Name": "title",
                                        "Schema": "public",
                                        "Alias": "t",
                                        "Startup Cost": 0.43,
                                        "Total Cost": 0.52,
                                        "Plan Rows": 1,
                                        "Plan Width": 21,
                                        "Actual Startup Time": 0.004,
                                        "Actual Total Time": 0.004,
                                        "Actual Rows": 1,
                                        "Actual Loops": 8144,
                                        "Output": [
                                            "t.id",
                                            "t.title",
                                            "t.imdb_index",
                                            "t.kind_id",
                                            "t.production_year",
                                            "t.imdb_id",
                                            "t.phonetic_code",
                                            "t.episode_of_id",
                                            "t.season_nr",
                                            "t.episode_nr",
                                            "t.series_years",
                                            "t.md5sum"
                                        ],
                                        "Index Cond": "(t.id = mc.movie_id)",
                                        "Rows Removed by Index Recheck": 0,
                                        "Workers": [
                                            {
                                                "Worker Number": 0,
                                                "Actual Startup Time": 0.007,
                                                "Actual Total Time": 0.007,
                                                "Actual Rows": 1,
                                                "Actual Loops": 911
                                            },
                                            {
                                                "Worker Number": 1,
                                                "Actual Startup Time": 0.003,
                                                "Actual Total Time": 0.003,
                                                "Actual Rows": 1,
                                                "Actual Loops": 3207
                                            },
                                            {
                                                "Worker Number": 2,
                                                "Actual Startup Time": 0.004,
                                                "Actual Total Time": 0.004,
                                                "Actual Rows": 1,
                                                "Actual Loops": 1728
                                            }
                                        ]
                                    }
                                ]
                            }
                        ]
                    }
                ]
            }
        ]
    },
    "Planning Time": 14.542,
    "Triggers": [],
    "Execution Time": 506.888
}