[
  {
    "Plan": {
      "Node Type": "Aggregate",
      "Strategy": "Plain",
      "Partial Mode": "Finalize",
      "Parallel Aware": false,
      "Startup Cost": 44534.01,
      "Total Cost": 44534.02,
      "Plan Rows": 1,
      "Plan Width": 8,
      "Actual Startup Time": 133.428,
      "Actual Total Time": 139.553,
      "Actual Rows": 1,
      "Actual Loops": 1,
      "Plans": [
        {
          "Node Type": "Gather",
          "Parent Relationship": "Outer",
          "Parallel Aware": false,
          "Startup Cost": 44533.7,
          "Total Cost": 44534.01,
          "Plan Rows": 3,
          "Plan Width": 8,
          "Actual Startup Time": 133.279,
          "Actual Total Time": 139.544,
          "Actual Rows": 4,
          "Actual Loops": 1,
          "Workers Planned": 3,
          "Workers Launched": 3,
          "Single Copy": false,
          "Plans": [
            {
              "Node Type": "Aggregate",
              "Strategy": "Plain",
              "Partial Mode": "Partial",
              "Parent Relationship": "Outer",
              "Parallel Aware": false,
              "Startup Cost": 43533.7,
              "Total Cost": 43533.71,
              "Plan Rows": 1,
              "Plan Width": 8,
              "Actual Startup Time": 126.385,
              "Actual Total Time": 126.386,
              "Actual Rows": 1,
              "Actual Loops": 4,
              "Plans": [
                {
                  "Node Type": "Seq Scan",
                  "Parent Relationship": "Outer",
                  "Parallel Aware": true,
                  "Relation Name": "movie_keyword",
                  "Alias": "mk",
                  "Startup Cost": 0.0,
                  "Total Cost": 42695.65,
                  "Plan Rows": 335217,
                  "Plan Width": 0,
                  "Actual Startup Time": 2.622,
                  "Actual Total Time": 111.595,
                  "Actual Rows": 258548,
                  "Actual Loops": 4,
                  "Filter": "(keyword_id > 17174)",
                  "Rows Removed by Filter": 872435
                }
              ]
            }
          ]
        }
      ]
    },
    "Planning Time": 0.19,
    "Triggers": [],
    "Execution Time": 139.612
  }
]