[
  {
    "Plan": {
      "Node Type": "Aggregate",
      "Strategy": "Plain",
      "Partial Mode": "Finalize",
      "Parallel Aware": false,
      "Startup Cost": 271892.11,
      "Total Cost": 271892.12,
      "Plan Rows": 1,
      "Plan Width": 8,
      "Actual Startup Time": 99.373,
      "Actual Total Time": 103.892,
      "Actual Rows": 1,
      "Actual Loops": 1,
      "Plans": [
        {
          "Node Type": "Gather",
          "Parent Relationship": "Outer",
          "Parallel Aware": false,
          "Startup Cost": 271891.49,
          "Total Cost": 271892.1,
          "Plan Rows": 6,
          "Plan Width": 8,
          "Actual Startup Time": 99.016,
          "Actual Total Time": 103.882,
          "Actual Rows": 7,
          "Actual Loops": 1,
          "Workers Planned": 6,
          "Workers Launched": 6,
          "Single Copy": false,
          "Plans": [
            {
              "Node Type": "Aggregate",
              "Strategy": "Plain",
              "Partial Mode": "Partial",
              "Parent Relationship": "Outer",
              "Parallel Aware": false,
              "Startup Cost": 270891.49,
              "Total Cost": 270891.5,
              "Plan Rows": 1,
              "Plan Width": 8,
              "Actual Startup Time": 89.423,
              "Actual Total Time": 89.424,
              "Actual Rows": 1,
              "Actual Loops": 7,
              "Plans": [
                {
                  "Node Type": "Bitmap Heap Scan",
                  "Parent Relationship": "Outer",
                  "Parallel Aware": true,
                  "Relation Name": "cast_info",
                  "Alias": "ci",
                  "Startup Cost": 16353.77,
                  "Total Cost": 270583.03,
                  "Plan Rows": 123381,
                  "Plan Width": 0,
                  "Actual Startup Time": 43.625,
                  "Actual Total Time": 82.22,
                  "Actual Rows": 100316,
                  "Actual Loops": 7,
                  "Recheck Cond": "(person_id > 3926201)",
                  "Rows Removed by Index Recheck": 0,
                  "Exact Heap Blocks": 3313,
                  "Lossy Heap Blocks": 0,
                  "Plans": [
                    {
                      "Node Type": "Bitmap Index Scan",
                      "Parent Relationship": "Outer",
                      "Parallel Aware": false,
                      "Index Name": "person_id_cast_info",
                      "Startup Cost": 0.0,
                      "Total Cost": 16168.7,
                      "Plan Rows": 740285,
                      "Plan Width": 0,
                      "Actual Startup Time": 50.762,
                      "Actual Total Time": 50.763,
                      "Actual Rows": 702209,
                      "Actual Loops": 1,
                      "Index Cond": "(person_id > 3926201)"
                    }
                  ]
                }
              ]
            }
          ]
        }
      ]
    },
    "Planning Time": 0.179,
    "Triggers": [],
    "Execution Time": 103.965
  }
]