[
  {
    "Plan": {
      "Node Type": "Aggregate",
      "Strategy": "Plain",
      "Partial Mode": "Finalize",
      "Parallel Aware": false,
      "Startup Cost": 45174.37,
      "Total Cost": 45174.38,
      "Plan Rows": 1,
      "Plan Width": 8,
      "Actual Startup Time": 513.266,
      "Actual Total Time": 574.806,
      "Actual Rows": 1,
      "Actual Loops": 1,
      "Plans": [
        {
          "Node Type": "Gather",
          "Parent Relationship": "Outer",
          "Parallel Aware": false,
          "Startup Cost": 45174.16,
          "Total Cost": 45174.37,
          "Plan Rows": 2,
          "Plan Width": 8,
          "Actual Startup Time": 512.951,
          "Actual Total Time": 574.796,
          "Actual Rows": 3,
          "Actual Loops": 1,
          "Workers Planned": 2,
          "Workers Launched": 2,
          "Single Copy": false,
          "Plans": [
            {
              "Node Type": "Aggregate",
              "Strategy": "Plain",
              "Partial Mode": "Partial",
              "Parent Relationship": "Outer",
              "Parallel Aware": false,
              "Startup Cost": 44174.16,
              "Total Cost": 44174.17,
              "Plan Rows": 1,
              "Plan Width": 8,
              "Actual Startup Time": 506.686,
              "Actual Total Time": 506.688,
              "Actual Rows": 1,
              "Actual Loops": 3,
              "Plans": [
                {
                  "Node Type": "Nested Loop",
                  "Parent Relationship": "Outer",
                  "Parallel Aware": false,
                  "Join Type": "Inner",
                  "Startup Cost": 163.86,
                  "Total Cost": 44156.53,
                  "Plan Rows": 7050,
                  "Plan Width": 0,
                  "Actual Startup Time": 111.503,
                  "Actual Total Time": 505.124,
                  "Actual Rows": 12874,
                  "Actual Loops": 3,
                  "Inner Unique": false,
                  "Plans": [
                    {
                      "Node Type": "Nested Loop",
                      "Parent Relationship": "Outer",
                      "Parallel Aware": false,
                      "Join Type": "Inner",
                      "Startup Cost": 163.3,
                      "Total Cost": 37847.19,
                      "Plan Rows": 3142,
                      "Plan Width": 8,
                      "Actual Startup Time": 110.619,
                      "Actual Total Time": 141.568,
                      "Actual Rows": 2779,
                      "Actual Loops": 3,
                      "Inner Unique": true,
                      "Plans": [
                        {
                          "Node Type": "Bitmap Heap Scan",
                          "Parent Relationship": "Outer",
                          "Parallel Aware": true,
                          "Relation Name": "movie_keyword",
                          "Alias": "mk",
                          "Startup Cost": 162.87,
                          "Total Cost": 16204.0,
                          "Plan Rows": 3142,
                          "Plan Width": 4,
                          "Actual Startup Time": 110.429,
                          "Actual Total Time": 120.417,
                          "Actual Rows": 2779,
                          "Actual Loops": 3,
                          "Recheck Cond": "(keyword_id = 865)",
                          "Rows Removed by Index Recheck": 0,
                          "Exact Heap Blocks": 3383,
                          "Lossy Heap Blocks": 0,
                          "Plans": [
                            {
                              "Node Type": "Bitmap Index Scan",
                              "Parent Relationship": "Outer",
                              "Parallel Aware": false,
                              "Index Name": "keyword_id_movie_keyword",
                              "Startup Cost": 0.0,
                              "Total Cost": 160.98,
                              "Plan Rows": 7540,
                              "Plan Width": 0,
                              "Actual Startup Time": 112.083,
                              "Actual Total Time": 112.084,
                              "Actual Rows": 8337,
                              "Actual Loops": 1,
                              "Index Cond": "(keyword_id = 865)"
                            }
                          ]
                        },
                        {
                          "Node Type": "Index Only Scan",
                          "Parent Relationship": "Inner",
                          "Parallel Aware": false,
                          "Scan Direction": "Forward",
                          "Index Name": "title_pkey",
                          "Relation Name": "title",
                          "Alias": "t",
                          "Startup Cost": 0.43,
                          "Total Cost": 6.89,
                          "Plan Rows": 1,
                          "Plan Width": 4,
                          "Actual Startup Time": 0.007,
                          "Actual Total Time": 0.007,
                          "Actual Rows": 1,
                          "Actual Loops": 8337,
                          "Index Cond": "(id = mk.movie_id)",
                          "Rows Removed by Index Recheck": 0,
                          "Heap Fetches": 8337
                        }
                      ]
                    },
                    {
                      "Node Type": "Index Scan",
                      "Parent Relationship": "Inner",
                      "Parallel Aware": false,
                      "Scan Direction": "Forward",
                      "Index Name": "movie_id_cast_info",
                      "Relation Name": "cast_info",
                      "Alias": "ci",
                      "Startup Cost": 0.56,
                      "Total Cost": 1.96,
                      "Plan Rows": 5,
                      "Plan Width": 4,
                      "Actual Startup Time": 0.079,
                      "Actual Total Time": 0.13,
                      "Actual Rows": 5,
                      "Actual Loops": 8337,
                      "Index Cond": "(movie_id = t.id)",
                      "Rows Removed by Index Recheck": 0,
                      "Filter": "((person_id < 865464) AND (role_id > 1))",
                      "Rows Removed by Filter": 56
                    }
                  ]
                }
              ]
            }
          ]
        }
      ]
    },
    "Planning Time": 1.364,
    "Triggers": [],
    "Execution Time": 574.931
  }
]