[
  {
    "Plan": {
      "Node Type": "Aggregate",
      "Strategy": "Plain",
      "Partial Mode": "Simple",
      "Parallel Aware": false,
      "Startup Cost": 8160.64,
      "Total Cost": 8160.65,
      "Plan Rows": 1,
      "Plan Width": 8,
      "Actual Startup Time": 3.613,
      "Actual Total Time": 3.615,
      "Actual Rows": 1,
      "Actual Loops": 1,
      "Plans": [
        {
          "Node Type": "Index Only Scan",
          "Parent Relationship": "Outer",
          "Parallel Aware": false,
          "Scan Direction": "Forward",
          "Index Name": "company_id_movie_companies",
          "Relation Name": "movie_companies",
          "Alias": "mc",
          "Startup Cost": 0.43,
          "Total Cost": 8152.16,
          "Plan Rows": 3392,
          "Plan Width": 0,
          "Actual Startup Time": 0.111,
          "Actual Total Time": 3.04,
          "Actual Rows": 3415,
          "Actual Loops": 1,
          "Index Cond": "(company_id = 122)",
          "Rows Removed by Index Recheck": 0,
          "Heap Fetches": 3415
        }
      ]
    },
    "Planning Time": 0.152,
    "Triggers": [],
    "Execution Time": 3.66
  }
]