[
  {
    "Plan": {
      "Node Type": "Aggregate",
      "Strategy": "Plain",
      "Partial Mode": "Finalize",
      "Parallel Aware": false,
      "Startup Cost": 218923.39,
      "Total Cost": 218923.4,
      "Plan Rows": 1,
      "Plan Width": 8,
      "Actual Startup Time": 244.462,
      "Actual Total Time": 267.734,
      "Actual Rows": 1,
      "Actual Loops": 1,
      "Plans": [
        {
          "Node Type": "Gather",
          "Parent Relationship": "Outer",
          "Parallel Aware": false,
          "Startup Cost": 218922.87,
          "Total Cost": 218923.38,
          "Plan Rows": 5,
          "Plan Width": 8,
          "Actual Startup Time": 243.974,
          "Actual Total Time": 267.724,
          "Actual Rows": 6,
          "Actual Loops": 1,
          "Workers Planned": 5,
          "Workers Launched": 5,
          "Single Copy": false,
          "Plans": [
            {
              "Node Type": "Aggregate",
              "Strategy": "Plain",
              "Partial Mode": "Partial",
              "Parent Relationship": "Outer",
              "Parallel Aware": false,
              "Startup Cost": 217922.87,
              "Total Cost": 217922.88,
              "Plan Rows": 1,
              "Plan Width": 8,
              "Actual Startup Time": 232.578,
              "Actual Total Time": 232.583,
              "Actual Rows": 1,
              "Actual Loops": 6,
              "Plans": [
                {
                  "Node Type": "Nested Loop",
                  "Parent Relationship": "Outer",
                  "Parallel Aware": false,
                  "Join Type": "Inner",
                  "Startup Cost": 49341.13,
                  "Total Cost": 217889.33,
                  "Plan Rows": 13416,
                  "Plan Width": 0,
                  "Actual Startup Time": 102.906,
                  "Actual Total Time": 230.089,
                  "Actual Rows": 34571,
                  "Actual Loops": 6,
                  "Inner Unique": false,
                  "Join Filter": "(t.id = ci.movie_id)",
                  "Rows Removed by Join Filter": 0,
                  "Plans": [
                    {
                      "Node Type": "Hash Join",
                      "Parent Relationship": "Outer",
                      "Parallel Aware": true,
                      "Join Type": "Inner",
                      "Startup Cost": 49340.56,
                      "Total Cost": 215200.4,
                      "Plan Rows": 936,
                      "Plan Width": 8,
                      "Actual Startup Time": 102.631,
                      "Actual Total Time": 143.631,
                      "Actual Rows": 1762,
                      "Actual Loops": 6,
                      "Inner Unique": true,
                      "Hash Cond": "(mi.movie_id = t.id)",
                      "Plans": [
                        {
                          "Node Type": "Bitmap Heap Scan",
                          "Parent Relationship": "Outer",
                          "Parallel Aware": true,
                          "Relation Name": "movie_info",
                          "Alias": "mi",
                          "Startup Cost": 23159.21,
                          "Total Cost": 188347.95,
                          "Plan Rows": 255659,
                          "Plan Width": 4,
                          "Actual Startup Time": 61.872,
                          "Actual Total Time": 93.723,
                          "Actual Rows": 216498,
                          "Actual Loops": 6,
                          "Recheck Cond": "(info_type_id = 4)",
                          "Rows Removed by Index Recheck": 0,
                          "Exact Heap Blocks": 2861,
                          "Lossy Heap Blocks": 0,
                          "Plans": [
                            {
                              "Node Type": "Bitmap Index Scan",
                              "Parent Relationship": "Outer",
                              "Parallel Aware": false,
                              "Index Name": "info_type_id_movie_info",
                              "Startup Cost": 0.0,
                              "Total Cost": 22839.64,
                              "Plan Rows": 1278294,
                              "Plan Width": 0,
                              "Actual Startup Time": 60.296,
                              "Actual Total Time": 60.297,
                              "Actual Rows": 1298989,
                              "Actual Loops": 1,
                              "Index Cond": "(info_type_id = 4)"
                            }
                          ]
                        },
                        {
                          "Node Type": "Hash",
                          "Parent Relationship": "Inner",
                          "Parallel Aware": true,
                          "Startup Cost": 26144.01,
                          "Total Cost": 26144.01,
                          "Plan Rows": 2987,
                          "Plan Width": 4,
                          "Actual Startup Time": 21.595,
                          "Actual Total Time": 21.596,
                          "Actual Rows": 1771,
                          "Actual Loops": 6,
                          "Hash Buckets": 16384,
                          "Original Hash Buckets": 16384,
                          "Hash Batches": 1,
                          "Original Hash Batches": 1,
                          "Peak Memory Usage": 704,
                          "Plans": [
                            {
                              "Node Type": "Bitmap Heap Scan",
                              "Parent Relationship": "Outer",
                              "Parallel Aware": true,
                              "Relation Name": "title",
                              "Alias": "t",
                              "Startup Cost": 236.72,
                              "Total Cost": 26144.01,
                              "Plan Rows": 2987,
                              "Plan Width": 4,
                              "Actual Startup Time": 2.381,
                              "Actual Total Time": 20.162,
                              "Actual Rows": 1771,
                              "Actual Loops": 6,
                              "Recheck Cond": "(kind_id = 6)",
                              "Rows Removed by Index Recheck": 0,
                              "Filter": "(production_year < 2009)",
                              "Rows Removed by Filter": 329,
                              "Exact Heap Blocks": 4526,
                              "Lossy Heap Blocks": 0,
                              "Plans": [
                                {
                                  "Node Type": "Bitmap Index Scan",
                                  "Parent Relationship": "Outer",
                                  "Parallel Aware": false,
                                  "Index Name": "kind_id_title",
                                  "Startup Cost": 0.0,
                                  "Total Cost": 234.4,
                                  "Plan Rows": 13063,
                                  "Plan Width": 0,
                                  "Actual Startup Time": 5.477,
                                  "Actual Total Time": 5.477,
                                  "Actual Rows": 12600,
                                  "Actual Loops": 1,
                                  "Index Cond": "(kind_id = 6)"
                                }
                              ]
                            }
                          ]
                        }
                      ]
                    },
                    {
                      "Node Type": "Index Only Scan",
                      "Parent Relationship": "Inner",
                      "Parallel Aware": false,
                      "Scan Direction": "Forward",
                      "Index Name": "movie_id_cast_info",
                      "Relation Name": "cast_info",
                      "Alias": "ci",
                      "Startup Cost": 0.56,
                      "Total Cost": 2.41,
                      "Plan Rows": 37,
                      "Plan Width": 4,
                      "Actual Startup Time": 0.009,
                      "Actual Total Time": 0.046,
                      "Actual Rows": 20,
                      "Actual Loops": 10570,
                      "Index Cond": "(movie_id = mi.movie_id)",
                      "Rows Removed by Index Recheck": 0,
                      "Heap Fetches": 207425
                    }
                  ]
                }
              ]
            }
          ]
        }
      ]
    },
    "Planning Time": 1.423,
    "Triggers": [],
    "Execution Time": 267.862
  }
]