[
  {
    "Plan": {
      "Node Type": "Aggregate",
      "Strategy": "Plain",
      "Partial Mode": "Finalize",
      "Parallel Aware": false,
      "Startup Cost": 31149.73,
      "Total Cost": 31149.74,
      "Plan Rows": 1,
      "Plan Width": 8,
      "Actual Startup Time": 113.259,
      "Actual Total Time": 123.627,
      "Actual Rows": 1,
      "Actual Loops": 1,
      "Plans": [
        {
          "Node Type": "Gather",
          "Parent Relationship": "Outer",
          "Parallel Aware": false,
          "Startup Cost": 31149.42,
          "Total Cost": 31149.73,
          "Plan Rows": 3,
          "Plan Width": 8,
          "Actual Startup Time": 113.082,
          "Actual Total Time": 123.619,
          "Actual Rows": 4,
          "Actual Loops": 1,
          "Workers Planned": 3,
          "Workers Launched": 3,
          "Single Copy": false,
          "Plans": [
            {
              "Node Type": "Aggregate",
              "Strategy": "Plain",
              "Partial Mode": "Partial",
              "Parent Relationship": "Outer",
              "Parallel Aware": false,
              "Startup Cost": 30149.42,
              "Total Cost": 30149.43,
              "Plan Rows": 1,
              "Plan Width": 8,
              "Actual Startup Time": 104.517,
              "Actual Total Time": 104.518,
              "Actual Rows": 1,
              "Actual Loops": 4,
              "Plans": [
                {
                  "Node Type": "Seq Scan",
                  "Parent Relationship": "Outer",
                  "Parallel Aware": true,
                  "Relation Name": "movie_companies",
                  "Alias": "mc",
                  "Startup Cost": 0.0,
                  "Total Cost": 29310.68,
                  "Plan Rows": 335494,
                  "Plan Width": 0,
                  "Actual Startup Time": 20.044,
                  "Actual Total Time": 89.72,
                  "Actual Rows": 258519,
                  "Actual Loops": 4,
                  "Filter": "(company_id > 15443)",
                  "Rows Removed by Filter": 393763
                }
              ]
            }
          ]
        }
      ]
    },
    "Planning Time": 0.132,
    "Triggers": [],
    "Execution Time": 123.666
  }
]