[
  {
    "Plan": {
      "Node Type": "Aggregate",
      "Strategy": "Plain",
      "Partial Mode": "Finalize",
      "Parallel Aware": false,
      "Startup Cost": 86303.33,
      "Total Cost": 86303.34,
      "Plan Rows": 1,
      "Plan Width": 8,
      "Actual Startup Time": 233.435,
      "Actual Total Time": 252.428,
      "Actual Rows": 1,
      "Actual Loops": 1,
      "Plans": [
        {
          "Node Type": "Gather",
          "Parent Relationship": "Outer",
          "Parallel Aware": false,
          "Startup Cost": 86303.01,
          "Total Cost": 86303.32,
          "Plan Rows": 3,
          "Plan Width": 8,
          "Actual Startup Time": 232.856,
          "Actual Total Time": 252.42,
          "Actual Rows": 4,
          "Actual Loops": 1,
          "Workers Planned": 3,
          "Workers Launched": 3,
          "Single Copy": false,
          "Plans": [
            {
              "Node Type": "Aggregate",
              "Strategy": "Plain",
              "Partial Mode": "Partial",
              "Parent Relationship": "Outer",
              "Parallel Aware": false,
              "Startup Cost": 85303.01,
              "Total Cost": 85303.02,
              "Plan Rows": 1,
              "Plan Width": 8,
              "Actual Startup Time": 223.794,
              "Actual Total Time": 223.797,
              "Actual Rows": 1,
              "Actual Loops": 4,
              "Plans": [
                {
                  "Node Type": "Hash Join",
                  "Parent Relationship": "Outer",
                  "Parallel Aware": true,
                  "Join Type": "Inner",
                  "Startup Cost": 57708.56,
                  "Total Cost": 85288.94,
                  "Plan Rows": 5629,
                  "Plan Width": 0,
                  "Actual Startup Time": 141.539,
                  "Actual Total Time": 223.613,
                  "Actual Rows": 1913,
                  "Actual Loops": 4,
                  "Inner Unique": true,
                  "Hash Cond": "(mk.movie_id = t.id)",
                  "Plans": [
                    {
                      "Node Type": "Bitmap Heap Scan",
                      "Parent Relationship": "Outer",
                      "Parallel Aware": true,
                      "Relation Name": "movie_keyword",
                      "Alias": "mk",
                      "Startup Cost": 13594.48,
                      "Total Cost": 40632.27,
                      "Plan Rows": 206703,
                      "Plan Width": 4,
                      "Actual Startup Time": 40.367,
                      "Actual Total Time": 103.226,
                      "Actual Rows": 155728,
                      "Actual Loops": 4,
                      "Recheck Cond": "(keyword_id > 29329)",
                      "Rows Removed by Index Recheck": 0,
                      "Exact Heap Blocks": 8446,
                      "Lossy Heap Blocks": 0,
                      "Plans": [
                        {
                          "Node Type": "Bitmap Index Scan",
                          "Parent Relationship": "Outer",
                          "Parallel Aware": false,
                          "Index Name": "keyword_id_movie_keyword",
                          "Startup Cost": 0.0,
                          "Total Cost": 13434.28,
                          "Plan Rows": 640780,
                          "Plan Width": 0,
                          "Actual Startup Time": 36.763,
                          "Actual Total Time": 36.763,
                          "Actual Rows": 622914,
                          "Actual Loops": 1,
                          "Index Cond": "(keyword_id > 29329)"
                        }
                      ]
                    },
                    {
                      "Node Type": "Hash",
                      "Parent Relationship": "Inner",
                      "Parallel Aware": true,
                      "Startup Cost": 43898.92,
                      "Total Cost": 43898.92,
                      "Plan Rows": 17213,
                      "Plan Width": 4,
                      "Actual Startup Time": 98.971,
                      "Actual Total Time": 98.972,
                      "Actual Rows": 16836,
                      "Actual Loops": 4,
                      "Hash Buckets": 131072,
                      "Original Hash Buckets": 131072,
                      "Hash Batches": 1,
                      "Original Hash Batches": 1,
                      "Peak Memory Usage": 3712,
                      "Plans": [
                        {
                          "Node Type": "Seq Scan",
                          "Parent Relationship": "Outer",
                          "Parallel Aware": true,
                          "Relation Name": "title",
                          "Alias": "t",
                          "Startup Cost": 0.0,
                          "Total Cost": 43898.92,
                          "Plan Rows": 17213,
                          "Plan Width": 4,
                          "Actual Startup Time": 0.055,
                          "Actual Total Time": 91.71,
                          "Actual Rows": 16836,
                          "Actual Loops": 4,
                          "Filter": "(production_year > 2012)",
                          "Rows Removed by Filter": 615242
                        }
                      ]
                    }
                  ]
                }
              ]
            }
          ]
        }
      ]
    },
    "Planning Time": 0.592,
    "Triggers": [],
    "Execution Time": 252.519
  }
]