[
  {
    "Plan": {
      "Node Type": "Aggregate",
      "Strategy": "Plain",
      "Partial Mode": "Finalize",
      "Parallel Aware": false,
      "Startup Cost": 45854.13,
      "Total Cost": 45854.14,
      "Plan Rows": 1,
      "Plan Width": 8,
      "Actual Startup Time": 163.68,
      "Actual Total Time": 172.238,
      "Actual Rows": 1,
      "Actual Loops": 1,
      "Plans": [
        {
          "Node Type": "Gather",
          "Parent Relationship": "Outer",
          "Parallel Aware": false,
          "Startup Cost": 45853.82,
          "Total Cost": 45854.13,
          "Plan Rows": 3,
          "Plan Width": 8,
          "Actual Startup Time": 163.527,
          "Actual Total Time": 172.231,
          "Actual Rows": 4,
          "Actual Loops": 1,
          "Workers Planned": 3,
          "Workers Launched": 3,
          "Single Copy": false,
          "Plans": [
            {
              "Node Type": "Aggregate",
              "Strategy": "Plain",
              "Partial Mode": "Partial",
              "Parent Relationship": "Outer",
              "Parallel Aware": false,
              "Startup Cost": 44853.82,
              "Total Cost": 44853.83,
              "Plan Rows": 1,
              "Plan Width": 8,
              "Actual Startup Time": 155.515,
              "Actual Total Time": 155.516,
              "Actual Rows": 1,
              "Actual Loops": 4,
              "Plans": [
                {
                  "Node Type": "Seq Scan",
                  "Parent Relationship": "Outer",
                  "Parallel Aware": true,
                  "Relation Name": "movie_keyword",
                  "Alias": "mk",
                  "Startup Cost": 0.0,
                  "Total Cost": 42695.65,
                  "Plan Rows": 863265,
                  "Plan Width": 0,
                  "Actual Startup Time": 0.489,
                  "Actual Total Time": 123.095,
                  "Actual Rows": 668536,
                  "Actual Loops": 4,
                  "Filter": "(keyword_id > 3077)",
                  "Rows Removed by Filter": 462446
                }
              ]
            }
          ]
        }
      ]
    },
    "Planning Time": 0.153,
    "Triggers": [],
    "Execution Time": 172.287
  }
]