[
  {
    "Plan": {
      "Node Type": "Aggregate",
      "Strategy": "Plain",
      "Partial Mode": "Finalize",
      "Parallel Aware": false,
      "Startup Cost": 71776.37,
      "Total Cost": 71776.38,
      "Plan Rows": 1,
      "Plan Width": 8,
      "Actual Startup Time": 395.987,
      "Actual Total Time": 413.312,
      "Actual Rows": 1,
      "Actual Loops": 1,
      "Plans": [
        {
          "Node Type": "Gather",
          "Parent Relationship": "Outer",
          "Parallel Aware": false,
          "Startup Cost": 71776.06,
          "Total Cost": 71776.37,
          "Plan Rows": 3,
          "Plan Width": 8,
          "Actual Startup Time": 385.576,
          "Actual Total Time": 413.305,
          "Actual Rows": 4,
          "Actual Loops": 1,
          "Workers Planned": 3,
          "Workers Launched": 3,
          "Single Copy": false,
          "Plans": [
            {
              "Node Type": "Aggregate",
              "Strategy": "Plain",
              "Partial Mode": "Partial",
              "Parent Relationship": "Outer",
              "Parallel Aware": false,
              "Startup Cost": 70776.06,
              "Total Cost": 70776.07,
              "Plan Rows": 1,
              "Plan Width": 8,
              "Actual Startup Time": 375.818,
              "Actual Total Time": 375.822,
              "Actual Rows": 1,
              "Actual Loops": 4,
              "Plans": [
                {
                  "Node Type": "Hash Join",
                  "Parent Relationship": "Outer",
                  "Parallel Aware": true,
                  "Join Type": "Inner",
                  "Startup Cost": 51619.91,
                  "Total Cost": 70724.12,
                  "Plan Rows": 20774,
                  "Plan Width": 0,
                  "Actual Startup Time": 361.032,
                  "Actual Total Time": 375.048,
                  "Actual Rows": 15881,
                  "Actual Loops": 4,
                  "Inner Unique": true,
                  "Hash Cond": "(mc.movie_id = t.id)",
                  "Plans": [
                    {
                      "Node Type": "Bitmap Heap Scan",
                      "Parent Relationship": "Outer",
                      "Parallel Aware": true,
                      "Relation Name": "movie_companies",
                      "Alias": "mc",
                      "Startup Cost": 1399.53,
                      "Total Cost": 20449.21,
                      "Plan Rows": 20774,
                      "Plan Width": 4,
                      "Actual Startup Time": 3.147,
                      "Actual Total Time": 8.835,
                      "Actual Rows": 15881,
                      "Actual Loops": 4,
                      "Recheck Cond": "(company_id > 181234)",
                      "Rows Removed by Index Recheck": 0,
                      "Exact Heap Blocks": 715,
                      "Lossy Heap Blocks": 0,
                      "Plans": [
                        {
                          "Node Type": "Bitmap Index Scan",
                          "Parent Relationship": "Outer",
                          "Parallel Aware": false,
                          "Index Name": "company_id_movie_companies",
                          "Startup Cost": 0.0,
                          "Total Cost": 1383.43,
                          "Plan Rows": 64400,
                          "Plan Width": 0,
                          "Actual Startup Time": 2.755,
                          "Actual Total Time": 2.755,
                          "Actual Rows": 63523,
                          "Actual Loops": 1,
                          "Index Cond": "(company_id > 181234)"
                        }
                      ]
                    },
                    {
                      "Node Type": "Hash",
                      "Parent Relationship": "Inner",
                      "Parallel Aware": true,
                      "Startup Cost": 42319.06,
                      "Total Cost": 42319.06,
                      "Plan Rows": 632106,
                      "Plan Width": 4,
                      "Actual Startup Time": 350.588,
                      "Actual Total Time": 350.589,
                      "Actual Rows": 632078,
                      "Actual Loops": 4,
                      "Hash Buckets": 4194304,
                      "Original Hash Buckets": 4194304,
                      "Hash Batches": 1,
                      "Original Hash Batches": 1,
                      "Peak Memory Usage": 131712,
                      "Plans": [
                        {
                          "Node Type": "Seq Scan",
                          "Parent Relationship": "Outer",
                          "Parallel Aware": true,
                          "Relation Name": "title",
                          "Alias": "t",
                          "Startup Cost": 0.0,
                          "Total Cost": 42319.06,
                          "Plan Rows": 632106,
                          "Plan Width": 4,
                          "Actual Startup Time": 0.042,
                          "Actual Total Time": 102.415,
                          "Actual Rows": 632078,
                          "Actual Loops": 4
                        }
                      ]
                    }
                  ]
                }
              ]
            }
          ]
        }
      ]
    },
    "Planning Time": 0.221,
    "Triggers": [],
    "Execution Time": 413.351
  }
]