[
  {
    "Plan": {
      "Node Type": "Aggregate",
      "Strategy": "Plain",
      "Partial Mode": "Finalize",
      "Parallel Aware": false,
      "Startup Cost": 38937.12,
      "Total Cost": 38937.13,
      "Plan Rows": 1,
      "Plan Width": 8,
      "Actual Startup Time": 112.114,
      "Actual Total Time": 120.615,
      "Actual Rows": 1,
      "Actual Loops": 1,
      "Plans": [
        {
          "Node Type": "Gather",
          "Parent Relationship": "Outer",
          "Parallel Aware": false,
          "Startup Cost": 38936.8,
          "Total Cost": 38937.11,
          "Plan Rows": 3,
          "Plan Width": 8,
          "Actual Startup Time": 111.824,
          "Actual Total Time": 120.607,
          "Actual Rows": 4,
          "Actual Loops": 1,
          "Workers Planned": 3,
          "Workers Launched": 3,
          "Single Copy": false,
          "Plans": [
            {
              "Node Type": "Aggregate",
              "Strategy": "Plain",
              "Partial Mode": "Partial",
              "Parent Relationship": "Outer",
              "Parallel Aware": false,
              "Startup Cost": 37936.8,
              "Total Cost": 37936.81,
              "Plan Rows": 1,
              "Plan Width": 8,
              "Actual Startup Time": 107.172,
              "Actual Total Time": 107.174,
              "Actual Rows": 1,
              "Actual Loops": 4,
              "Plans": [
                {
                  "Node Type": "Bitmap Heap Scan",
                  "Parent Relationship": "Outer",
                  "Parallel Aware": true,
                  "Relation Name": "movie_keyword",
                  "Alias": "mk",
                  "Startup Cost": 10978.88,
                  "Total Cost": 37519.48,
                  "Plan Rows": 166928,
                  "Plan Width": 0,
                  "Actual Startup Time": 29.811,
                  "Actual Total Time": 99.969,
                  "Actual Rows": 129104,
                  "Actual Loops": 4,
                  "Recheck Cond": "(keyword_id > 35061)",
                  "Rows Removed by Index Recheck": 0,
                  "Exact Heap Blocks": 10845,
                  "Lossy Heap Blocks": 0,
                  "Plans": [
                    {
                      "Node Type": "Bitmap Index Scan",
                      "Parent Relationship": "Outer",
                      "Parallel Aware": false,
                      "Index Name": "keyword_id_movie_keyword",
                      "Startup Cost": 0.0,
                      "Total Cost": 10849.51,
                      "Plan Rows": 517477,
                      "Plan Width": 0,
                      "Actual Startup Time": 30.321,
                      "Actual Total Time": 30.321,
                      "Actual Rows": 516416,
                      "Actual Loops": 1,
                      "Index Cond": "(keyword_id > 35061)"
                    }
                  ]
                }
              ]
            }
          ]
        }
      ]
    },
    "Planning Time": 0.183,
    "Triggers": [],
    "Execution Time": 120.697
  }
]