[
  {
    "Plan": {
      "Node Type": "Aggregate",
      "Strategy": "Plain",
      "Partial Mode": "Finalize",
      "Parallel Aware": false,
      "Startup Cost": 203101.51,
      "Total Cost": 203101.52,
      "Plan Rows": 1,
      "Plan Width": 8,
      "Actual Startup Time": 409.337,
      "Actual Total Time": 448.139,
      "Actual Rows": 1,
      "Actual Loops": 1,
      "Plans": [
        {
          "Node Type": "Gather",
          "Parent Relationship": "Outer",
          "Parallel Aware": false,
          "Startup Cost": 203100.99,
          "Total Cost": 203101.5,
          "Plan Rows": 5,
          "Plan Width": 8,
          "Actual Startup Time": 409.176,
          "Actual Total Time": 448.13,
          "Actual Rows": 6,
          "Actual Loops": 1,
          "Workers Planned": 5,
          "Workers Launched": 5,
          "Single Copy": false,
          "Plans": [
            {
              "Node Type": "Aggregate",
              "Strategy": "Plain",
              "Partial Mode": "Partial",
              "Parent Relationship": "Outer",
              "Parallel Aware": false,
              "Startup Cost": 202100.99,
              "Total Cost": 202101.0,
              "Plan Rows": 1,
              "Plan Width": 8,
              "Actual Startup Time": 402.943,
              "Actual Total Time": 402.944,
              "Actual Rows": 1,
              "Actual Loops": 6,
              "Plans": [
                {
                  "Node Type": "Seq Scan",
                  "Parent Relationship": "Outer",
                  "Parallel Aware": true,
                  "Relation Name": "movie_info",
                  "Alias": "mi",
                  "Startup Cost": 0.0,
                  "Total Cost": 199108.24,
                  "Plan Rows": 1197099,
                  "Plan Width": 0,
                  "Actual Startup Time": 20.788,
                  "Actual Total Time": 354.402,
                  "Actual Rows": 1008190,
                  "Actual Loops": 6,
                  "Filter": "(info_type_id > 12)",
                  "Rows Removed by Filter": 1464430
                }
              ]
            }
          ]
        }
      ]
    },
    "Planning Time": 0.132,
    "Triggers": [],
    "Execution Time": 448.178
  }
]