{
  "Plan": {
    "Node Type": "Aggregate",
    "Strategy": "Plain",
    "Partial Mode": "Finalize",
    "Parallel Aware": false,
    "Startup Cost": 106283.45,
    "Total Cost": 106283.46,
    "Plan Rows": 1,
    "Plan Width": 8,
    "Actual Startup Time": 374.95,
    "Actual Total Time": 392.045,
    "Actual Rows": 1,
    "Actual Loops": 1,
    "Plans": [
      {
        "Node Type": "Gather",
        "Parent Relationship": "Outer",
        "Parallel Aware": false,
        "Startup Cost": 106283.34,
        "Total Cost": 106283.45,
        "Plan Rows": 1,
        "Plan Width": 8,
        "Actual Startup Time": 374.013,
        "Actual Total Time": 392.039,
        "Actual Rows": 2,
        "Actual Loops": 1,
        "Workers Planned": 1,
        "Workers Launched": 1,
        "Single Copy": false,
        "Plans": [
          {
            "Node Type": "Aggregate",
            "Strategy": "Plain",
            "Partial Mode": "Partial",
            "Parent Relationship": "Outer",
            "Parallel Aware": false,
            "Startup Cost": 105283.34,
            "Total Cost": 105283.35,
            "Plan Rows": 1,
            "Plan Width": 8,
            "Actual Startup Time": 367.967,
            "Actual Total Time": 367.971,
            "Actual Rows": 1,
            "Actual Loops": 2,
            "Plans": [
              {
                "Node Type": "Hash Join",
                "Parent Relationship": "Outer",
                "Parallel Aware": true,
                "Join Type": "Inner",
                "Startup Cost": 73540.64,
                "Total Cost": 105164.89,
                "Plan Rows": 47380,
                "Plan Width": 0,
                "Actual Startup Time": 230.706,
                "Actual Total Time": 364.683,
                "Actual Rows": 72416,
                "Actual Loops": 2,
                "Inner Unique": true,
                "Hash Cond": "(mk.movie_id = t.id)",
                "Plans": [
                  {
                    "Node Type": "Bitmap Heap Scan",
                    "Parent Relationship": "Outer",
                    "Parallel Aware": true,
                    "Relation Name": "movie_keyword",
                    "Alias": "mk",
                    "Startup Cost": 17094.26,
                    "Total Cost": 47474.09,
                    "Plan Rows": 474066,
                    "Plan Width": 4,
                    "Actual Startup Time": 45.305,
                    "Actual Total Time": 128.833,
                    "Actual Rows": 397321,
                    "Actual Loops": 2,
                    "Recheck Cond": "(keyword_id > 23419)",
                    "Rows Removed by Index Recheck": 0,
                    "Exact Heap Blocks": 14356,
                    "Lossy Heap Blocks": 0,
                    "Plans": [
                      {
                        "Node Type": "Bitmap Index Scan",
                        "Parent Relationship": "Outer",
                        "Parallel Aware": false,
                        "Index Name": "keyword_id_movie_keyword",
                        "Startup Cost": 0.0,
                        "Total Cost": 16892.78,
                        "Plan Rows": 805913,
                        "Plan Width": 0,
                        "Actual Startup Time": 41.676,
                        "Actual Total Time": 41.676,
                        "Actual Rows": 794642,
                        "Actual Loops": 1,
                        "Index Cond": "(keyword_id > 23419)"
                      }
                    ]
                  },
                  {
                    "Node Type": "Hash",
                    "Parent Relationship": "Inner",
                    "Parallel Aware": true,
                    "Startup Cost": 54588.39,
                    "Total Cost": 54588.39,
                    "Plan Rows": 148639,
                    "Plan Width": 4,
                    "Actual Startup Time": 181.526,
                    "Actual Total Time": 181.527,
                    "Actual Rows": 131797,
                    "Actual Loops": 2,
                    "Hash Buckets": 524288,
                    "Original Hash Buckets": 262144,
                    "Hash Batches": 1,
                    "Original Hash Batches": 1,
                    "Peak Memory Usage": 16512,
                    "Plans": [
                      {
                        "Node Type": "Seq Scan",
                        "Parent Relationship": "Outer",
                        "Parallel Aware": true,
                        "Relation Name": "title",
                        "Alias": "t",
                        "Startup Cost": 0.0,
                        "Total Cost": 54588.39,
                        "Plan Rows": 148639,
                        "Plan Width": 4,
                        "Actual Startup Time": 0.036,
                        "Actual Total Time": 145.69,
                        "Actual Rows": 131797,
                        "Actual Loops": 2,
                        "Filter": "(production_year < 1962)",
                        "Rows Removed by Filter": 1132359
                      }
                    ]
                  }
                ]
              }
            ]
          }
        ]
      }
    ]
  },
  "Planning Time": 0.448,
  "Triggers": [],
  "Execution Time": 392.139
}