[
  {
    "Plan": {
      "Node Type": "Aggregate",
      "Strategy": "Plain",
      "Partial Mode": "Finalize",
      "Parallel Aware": false,
      "Startup Cost": 40788.69,
      "Total Cost": 40788.7,
      "Plan Rows": 1,
      "Plan Width": 8,
      "Actual Startup Time": 113.856,
      "Actual Total Time": 120.353,
      "Actual Rows": 1,
      "Actual Loops": 1,
      "Plans": [
        {
          "Node Type": "Gather",
          "Parent Relationship": "Outer",
          "Parallel Aware": false,
          "Startup Cost": 40788.37,
          "Total Cost": 40788.68,
          "Plan Rows": 3,
          "Plan Width": 8,
          "Actual Startup Time": 113.66,
          "Actual Total Time": 120.345,
          "Actual Rows": 4,
          "Actual Loops": 1,
          "Workers Planned": 3,
          "Workers Launched": 3,
          "Single Copy": false,
          "Plans": [
            {
              "Node Type": "Aggregate",
              "Strategy": "Plain",
              "Partial Mode": "Partial",
              "Parent Relationship": "Outer",
              "Parallel Aware": false,
              "Startup Cost": 39788.37,
              "Total Cost": 39788.38,
              "Plan Rows": 1,
              "Plan Width": 8,
              "Actual Startup Time": 105.292,
              "Actual Total Time": 105.293,
              "Actual Rows": 1,
              "Actual Loops": 4,
              "Plans": [
                {
                  "Node Type": "Bitmap Heap Scan",
                  "Parent Relationship": "Outer",
                  "Parallel Aware": true,
                  "Relation Name": "movie_keyword",
                  "Alias": "mk",
                  "Startup Cost": 12486.22,
                  "Total Cost": 39313.68,
                  "Plan Rows": 189877,
                  "Plan Width": 0,
                  "Actual Startup Time": 31.503,
                  "Actual Total Time": 97.303,
                  "Actual Rows": 144304,
                  "Actual Loops": 4,
                  "Recheck Cond": "(keyword_id > 31788)",
                  "Rows Removed by Index Recheck": 0,
                  "Exact Heap Blocks": 9951,
                  "Lossy Heap Blocks": 0,
                  "Plans": [
                    {
                      "Node Type": "Bitmap Index Scan",
                      "Parent Relationship": "Outer",
                      "Parallel Aware": false,
                      "Index Name": "keyword_id_movie_keyword",
                      "Startup Cost": 0.0,
                      "Total Cost": 12339.07,
                      "Plan Rows": 588618,
                      "Plan Width": 0,
                      "Actual Startup Time": 35.867,
                      "Actual Total Time": 35.867,
                      "Actual Rows": 577218,
                      "Actual Loops": 1,
                      "Index Cond": "(keyword_id > 31788)"
                    }
                  ]
                }
              ]
            }
          ]
        }
      ]
    },
    "Planning Time": 0.076,
    "Triggers": [],
    "Execution Time": 120.39
  }
]