[
  {
    "Plan": {
      "Node Type": "Aggregate",
      "Strategy": "Plain",
      "Partial Mode": "Finalize",
      "Parallel Aware": false,
      "Startup Cost": 46387.57,
      "Total Cost": 46387.58,
      "Plan Rows": 1,
      "Plan Width": 8,
      "Actual Startup Time": 161.689,
      "Actual Total Time": 171.449,
      "Actual Rows": 1,
      "Actual Loops": 1,
      "Plans": [
        {
          "Node Type": "Gather",
          "Parent Relationship": "Outer",
          "Parallel Aware": false,
          "Startup Cost": 46387.25,
          "Total Cost": 46387.56,
          "Plan Rows": 3,
          "Plan Width": 8,
          "Actual Startup Time": 161.555,
          "Actual Total Time": 171.442,
          "Actual Rows": 4,
          "Actual Loops": 1,
          "Workers Planned": 3,
          "Workers Launched": 3,
          "Single Copy": false,
          "Plans": [
            {
              "Node Type": "Aggregate",
              "Strategy": "Plain",
              "Partial Mode": "Partial",
              "Parent Relationship": "Outer",
              "Parallel Aware": false,
              "Startup Cost": 45387.25,
              "Total Cost": 45387.26,
              "Plan Rows": 1,
              "Plan Width": 8,
              "Actual Startup Time": 154.7,
              "Actual Total Time": 154.702,
              "Actual Rows": 1,
              "Actual Loops": 4,
              "Plans": [
                {
                  "Node Type": "Seq Scan",
                  "Parent Relationship": "Outer",
                  "Parallel Aware": true,
                  "Relation Name": "movie_keyword",
                  "Alias": "mk",
                  "Startup Cost": 0.0,
                  "Total Cost": 42695.65,
                  "Plan Rows": 1076639,
                  "Plan Width": 0,
                  "Actual Startup Time": 0.179,
                  "Actual Total Time": 118.167,
                  "Actual Rows": 831164,
                  "Actual Loops": 4,
                  "Filter": "(keyword_id > 1461)",
                  "Rows Removed by Filter": 299818
                }
              ]
            }
          ]
        }
      ]
    },
    "Planning Time": 0.158,
    "Triggers": [],
    "Execution Time": 171.497
  }
]