[
  {
    "Plan": {
      "Node Type": "Hash Join",
      "Parallel Aware": false,
      "Join Type": "Inner",
      "Startup Cost": 19671.82,
      "Total Cost": 46410.68,
      "Plan Rows": 525543,
      "Plan Width": 40,
      "Actual Startup Time": 114.822,
      "Actual Total Time": 279.424,
      "Actual Rows": 521808,
      "Actual Loops": 1,
      "Inner Unique": true,
      "Hash Cond": "(mc.company_id = cn.id)",
      "Plans": [
        {
          "Node Type": "Bitmap Heap Scan",
          "Parent Relationship": "Outer",
          "Parallel Aware": false,
          "Relation Name": "movie_companies",
          "Alias": "mc",
          "Startup Cost": 11389.39,
          "Total Cost": 36748.68,
          "Plan Rows": 525543,
          "Plan Width": 40,
          "Actual Startup Time": 31.131,
          "Actual Total Time": 110.543,
          "Actual Rows": 521808,
          "Actual Loops": 1,
          "Recheck Cond": "(company_id < 476)",
          "Rows Removed by Index Recheck": 0,
          "Exact Heap Blocks": 18355,
          "Lossy Heap Blocks": 0,
          "Plans": [
            {
              "Node Type": "Bitmap Index Scan",
              "Parent Relationship": "Outer",
              "Parallel Aware": false,
              "Index Name": "company_id_movie_companies",
              "Startup Cost": 0.0,
              "Total Cost": 11258.0,
              "Plan Rows": 525543,
              "Plan Width": 0,
              "Actual Startup Time": 28.878,
              "Actual Total Time": 28.879,
              "Actual Rows": 521808,
              "Actual Loops": 1,
              "Index Cond": "(company_id < 476)"
            }
          ]
        },
        {
          "Node Type": "Hash",
          "Parent Relationship": "Inner",
          "Parallel Aware": false,
          "Startup Cost": 5344.97,
          "Total Cost": 5344.97,
          "Plan Rows": 234997,
          "Plan Width": 4,
          "Actual Startup Time": 80.211,
          "Actual Total Time": 80.211,
          "Actual Rows": 234997,
          "Actual Loops": 1,
          "Hash Buckets": 262144,
          "Original Hash Buckets": 262144,
          "Hash Batches": 1,
          "Original Hash Batches": 1,
          "Peak Memory Usage": 10310,
          "Plans": [
            {
              "Node Type": "Seq Scan",
              "Parent Relationship": "Outer",
              "Parallel Aware": false,
              "Relation Name": "company_name",
              "Alias": "cn",
              "Startup Cost": 0.0,
              "Total Cost": 5344.97,
              "Plan Rows": 234997,
              "Plan Width": 4,
              "Actual Startup Time": 0.075,
              "Actual Total Time": 38.477,
              "Actual Rows": 234997,
              "Actual Loops": 1
            }
          ]
        }
      ]
    },
    "Planning Time": 3.517,
    "Triggers": [],
    "Execution Time": 295.029
  }
]