{
  "Plan": {
    "Node Type": "Aggregate",
    "Strategy": "Plain",
    "Partial Mode": "Finalize",
    "Parallel Aware": false,
    "Startup Cost": 35846.64,
    "Total Cost": 35846.65,
    "Plan Rows": 1,
    "Plan Width": 8,
    "Actual Startup Time": 36.439,
    "Actual Total Time": 40.49,
    "Actual Rows": 1,
    "Actual Loops": 1,
    "Plans": [
      {
        "Node Type": "Gather",
        "Parent Relationship": "Outer",
        "Parallel Aware": false,
        "Startup Cost": 35846.53,
        "Total Cost": 35846.64,
        "Plan Rows": 1,
        "Plan Width": 8,
        "Actual Startup Time": 36.297,
        "Actual Total Time": 40.483,
        "Actual Rows": 2,
        "Actual Loops": 1,
        "Workers Planned": 1,
        "Workers Launched": 1,
        "Single Copy": false,
        "Plans": [
          {
            "Node Type": "Aggregate",
            "Strategy": "Plain",
            "Partial Mode": "Partial",
            "Parent Relationship": "Outer",
            "Parallel Aware": false,
            "Startup Cost": 34846.53,
            "Total Cost": 34846.54,
            "Plan Rows": 1,
            "Plan Width": 8,
            "Actual Startup Time": 30.002,
            "Actual Total Time": 30.003,
            "Actual Rows": 1,
            "Actual Loops": 2,
            "Plans": [
              {
                "Node Type": "Nested Loop",
                "Parent Relationship": "Outer",
                "Parallel Aware": false,
                "Join Type": "Inner",
                "Startup Cost": 83.24,
                "Total Cost": 34841.71,
                "Plan Rows": 1925,
                "Plan Width": 0,
                "Actual Startup Time": 4.213,
                "Actual Total Time": 29.915,
                "Actual Rows": 326,
                "Actual Loops": 2,
                "Inner Unique": true,
                "Plans": [
                  {
                    "Node Type": "Bitmap Heap Scan",
                    "Parent Relationship": "Outer",
                    "Parallel Aware": true,
                    "Relation Name": "movie_info",
                    "Alias": "mi",
                    "Startup Cost": 82.81,
                    "Total Cost": 15461.73,
                    "Plan Rows": 2609,
                    "Plan Width": 4,
                    "Actual Startup Time": 1.728,
                    "Actual Total Time": 5.911,
                    "Actual Rows": 3220,
                    "Actual Loops": 2,
                    "Recheck Cond": "(info_type_id = 64)",
                    "Rows Removed by Index Recheck": 0,
                    "Exact Heap Blocks": 1124,
                    "Lossy Heap Blocks": 0,
                    "Plans": [
                      {
                        "Node Type": "Bitmap Index Scan",
                        "Parent Relationship": "Outer",
                        "Parallel Aware": false,
                        "Index Name": "info_type_id_movie_info",
                        "Startup Cost": 0.0,
                        "Total Cost": 81.7,
                        "Plan Rows": 4435,
                        "Plan Width": 0,
                        "Actual Startup Time": 2.645,
                        "Actual Total Time": 2.645,
                        "Actual Rows": 6440,
                        "Actual Loops": 1,
                        "Index Cond": "(info_type_id = 64)"
                      }
                    ]
                  },
                  {
                    "Node Type": "Index Scan",
                    "Parent Relationship": "Inner",
                    "Parallel Aware": false,
                    "Scan Direction": "Forward",
                    "Index Name": "title_pkey",
                    "Relation Name": "title",
                    "Alias": "t",
                    "Startup Cost": 0.43,
                    "Total Cost": 7.43,
                    "Plan Rows": 1,
                    "Plan Width": 4,
                    "Actual Startup Time": 0.007,
                    "Actual Total Time": 0.007,
                    "Actual Rows": 0,
                    "Actual Loops": 6440,
                    "Index Cond": "(id = mi.movie_id)",
                    "Rows Removed by Index Recheck": 0,
                    "Filter": "(kind_id > 1)",
                    "Rows Removed by Filter": 1
                  }
                ]
              }
            ]
          }
        ]
      }
    ]
  },
  "Planning Time": 0.475,
  "Triggers": [],
  "Execution Time": 40.579
}