{
    "Plan": {
        "Node Type": "Aggregate",
        "Strategy": "Plain",
        "Partial Mode": "Simple",
        "Parallel Aware": false,
        "Startup Cost": 80001313345.85,
        "Total Cost": 80001313345.86,
        "Plan Rows": 1,
        "Plan Width": 96,
        "Actual Startup Time": 6076.34,
        "Actual Total Time": 6076.346,
        "Actual Rows": 1,
        "Actual Loops": 1,
        "Output": [
            "min(cn.name)",
            "min(mi_idx.info)",
            "min(t.title)"
        ],
        "Plans": [
            {
                "Node Type": "Nested Loop",
                "Parent Relationship": "Outer",
                "Parallel Aware": false,
                "Join Type": "Inner",
                "Startup Cost": 80000000003.32,
                "Total Cost": 80001313345.84,
                "Plan Rows": 1,
                "Plan Width": 41,
                "Actual Startup Time": 9.623,
                "Actual Total Time": 6075.45,
                "Actual Rows": 1742,
                "Actual Loops": 1,
                "Output": [
                    "cn.name",
                    "mi_idx.info",
                    "t.title"
                ],
                "Inner Unique": true,
                "Join Filter": "(mi.movie_id = t.id)",
                "Rows Removed by Join Filter": 0,
                "Plans": [
                    {
                        "Node Type": "Nested Loop",
                        "Parent Relationship": "Outer",
                        "Parallel Aware": false,
                        "Join Type": "Inner",
                        "Startup Cost": 70000000002.87,
                        "Total Cost": 70001313341.36,
                        "Plan Rows": 1,
                        "Plan Width": 36,
                        "Actual Startup Time": 5.075,
                        "Actual Total Time": 6031.568,
                        "Actual Rows": 4337,
                        "Actual Loops": 1,
                        "Output": [
                            "cn.name",
                            "mc.movie_id",
                            "mi.movie_id",
                            "mi_idx.info",
                            "mi_idx.movie_id"
                        ],
                        "Inner Unique": true,
                        "Plans": [
                            {
                                "Node Type": "Nested Loop",
                                "Parent Relationship": "Outer",
                                "Parallel Aware": false,
                                "Join Type": "Inner",
                                "Startup Cost": 60000000002.44,
                                "Total Cost": 60001313323.59,
                                "Plan Rows": 4,
                                "Plan Width": 21,
                                "Actual Startup Time": 4.996,
                                "Actual Total Time": 5961.899,
                                "Actual Rows": 8428,
                                "Actual Loops": 1,
                                "Output": [
                                    "mc.movie_id",
                                    "mc.company_id",
                                    "mi.movie_id",
                                    "mi_idx.info",
                                    "mi_idx.movie_id"
                                ],
                                "Inner Unique": true,
                                "Plans": [
                                    {
                                        "Node Type": "Nested Loop",
                                        "Parent Relationship": "Outer",
                                        "Parallel Aware": false,
                                        "Join Type": "Inner",
                                        "Startup Cost": 50000000002.3,
                                        "Total Cost": 50001313265.41,
                                        "Plan Rows": 14,
                                        "Plan Width": 25,
                                        "Actual Startup Time": 4.943,
                                        "Actual Total Time": 5844.021,
                                        "Actual Rows": 34990,
                                        "Actual Loops": 1,
                                        "Output": [
                                            "mi.movie_id",
                                            "mc.movie_id",
                                            "mc.company_type_id",
                                            "mc.company_id",
                                            "mi_idx.info",
                                            "mi_idx.movie_id"
                                        ],
                                        "Inner Unique": false,
                                        "Join Filter": "(mi.movie_id = mc.movie_id)",
                                        "Rows Removed by Join Filter": 0,
                                        "Plans": [
                                            {
                                                "Node Type": "Nested Loop",
                                                "Parent Relationship": "Outer",
                                                "Parallel Aware": false,
                                                "Join Type": "Inner",
                                                "Startup Cost": 40000000001.72,
                                                "Total Cost": 40001313251.3,
                                                "Plan Rows": 3,
                                                "Plan Width": 13,
                                                "Actual Startup Time": 4.857,
                                                "Actual Total Time": 5757.9,
                                                "Actual Rows": 5977,
                                                "Actual Loops": 1,
                                                "Output": [
                                                    "mi.movie_id",
                                                    "mi_idx.info",
                                                    "mi_idx.movie_id"
                                                ],
                                                "Inner Unique": true,
                                                "Plans": [
                                                    {
                                                        "Node Type": "Nested Loop",
                                                        "Parent Relationship": "Outer",
                                                        "Parallel Aware": false,
                                                        "Join Type": "Inner",
                                                        "Startup Cost": 30000000001.57,
                                                        "Total Cost": 30001312026.68,
                                                        "Plan Rows": 294,
                                                        "Plan Width": 17,
                                                        "Actual Startup Time": 4.791,
                                                        "Actual Total Time": 5716.066,
                                                        "Actual Rows": 11070,
                                                        "Actual Loops": 1,
                                                        "Output": [
                                                            "mi.movie_id",
                                                            "mi_idx.info",
                                                            "mi_idx.movie_id",
                                                            "mi_idx.info_type_id"
                                                        ],
                                                        "Inner Unique": false,
                                                        "Plans": [
                                                            {
                                                                "Node Type": "Nested Loop",
                                                                "Parent Relationship": "Outer",
                                                                "Parallel Aware": false,
                                                                "Join Type": "Inner",
                                                                "Startup Cost": 20000000000.59,
                                                                "Total Cost": 20001309945.38,
                                                                "Plan Rows": 413,
                                                                "Plan Width": 4,
                                                                "Actual Startup Time": 4.728,
                                                                "Actual Total Time": 5477.294,
                                                                "Actual Rows": 43887,
                                                                "Actual Loops": 1,
                                                                "Output": [
                                                                    "mi.movie_id"
                                                                ],
                                                                "Inner Unique": true,
                                                                "Plans": [
                                                                    {
                                                                        "Node Type": "Index Scan",
                                                                        "Parent Relationship": "Outer",
                                                                        "Parallel Aware": false,
                                                                        "Scan Direction": "Forward",
                                                                        "Index Name": "movie_id_movie_info",
                                                                        "Relation Name": "movie_info",
                                                                        "Schema": "public",
                                                                        "Alias": "mi",
                                                                        "Startup Cost": 10000000000.43,
                                                                        "Total Cost": 10001115316.11,
                                                                        "Plan Rows": 46724,
                                                                        "Plan Width": 8,
                                                                        "Actual Startup Time": 4.709,
                                                                        "Actual Total Time": 5301.391,
                                                                        "Actual Rows": 44408,
                                                                        "Actual Loops": 1,
                                                                        "Output": [
                                                                            "mi.id",
                                                                            "mi.movie_id",
                                                                            "mi.info_type_id",
                                                                            "mi.info",
                                                                            "mi.note"
                                                                        ],
                                                                        "Filter": "(mi.info = ANY ('{Western,Horror}'::text[]))",
                                                                        "Rows Removed by Filter": 14791312
                                                                    },
                                                                    {
                                                                        "Node Type": "Bitmap Heap Scan",
                                                                        "Parent Relationship": "Inner",
                                                                        "Parallel Aware": false,
                                                                        "Relation Name": "info_type",
                                                                        "Schema": "public",
                                                                        "Alias": "it1",
                                                                        "Startup Cost": 0.15,
                                                                        "Total Cost": 4.17,
                                                                        "Plan Rows": 1,
                                                                        "Plan Width": 4,
                                                                        "Actual Startup Time": 0.002,
                                                                        "Actual Total Time": 0.002,
                                                                        "Actual Rows": 1,
                                                                        "Actual Loops": 44408,
                                                                        "Output": [
                                                                            "it1.id",
                                                                            "it1.info"
                                                                        ],
                                                                        "Recheck Cond": "(it1.id = mi.info_type_id)",
                                                                        "Rows Removed by Index Recheck": 0,
                                                                        "Filter": "((it1.info)::text = 'genres'::text)",
                                                                        "Rows Removed by Filter": 0,
                                                                        "Exact Heap Blocks": 44408,
                                                                        "Lossy Heap Blocks": 0,
                                                                        "Plans": [
                                                                            {
                                                                                "Node Type": "Bitmap Index Scan",
                                                                                "Parent Relationship": "Outer",
                                                                                "Parallel Aware": false,
                                                                                "Index Name": "info_type_pkey",
                                                                                "Startup Cost": 0.0,
                                                                                "Total Cost": 0.15,
                                                                                "Plan Rows": 1,
                                                                                "Plan Width": 0,
                                                                                "Actual Startup Time": 0.001,
                                                                                "Actual Total Time": 0.001,
                                                                                "Actual Rows": 1,
                                                                                "Actual Loops": 44408,
                                                                                "Index Cond": "(it1.id = mi.info_type_id)"
                                                                            }
                                                                        ]
                                                                    }
                                                                ]
                                                            },
                                                            {
                                                                "Node Type": "Bitmap Heap Scan",
                                                                "Parent Relationship": "Inner",
                                                                "Parallel Aware": false,
                                                                "Relation Name": "movie_info_idx",
                                                                "Schema": "public",
                                                                "Alias": "mi_idx",
                                                                "Startup Cost": 0.98,
                                                                "Total Cost": 5.03,
                                                                "Plan Rows": 1,
                                                                "Plan Width": 13,
                                                                "Actual Startup Time": 0.004,
                                                                "Actual Total Time": 0.004,
                                                                "Actual Rows": 0,
                                                                "Actual Loops": 43887,
                                                                "Output": [
                                                                    "mi_idx.id",
                                                                    "mi_idx.movie_id",
                                                                    "mi_idx.info_type_id",
                                                                    "mi_idx.info",
                                                                    "mi_idx.note"
                                                                ],
                                                                "Recheck Cond": "(mi_idx.movie_id = mi.movie_id)",
                                                                "Rows Removed by Index Recheck": 0,
                                                                "Filter": "(mi_idx.info > '6.2'::text)",
                                                                "Rows Removed by Filter": 1,
                                                                "Exact Heap Blocks": 22309,
                                                                "Lossy Heap Blocks": 0,
                                                                "Plans": [
                                                                    {
                                                                        "Node Type": "Bitmap Index Scan",
                                                                        "Parent Relationship": "Outer",
                                                                        "Parallel Aware": false,
                                                                        "Index Name": "movie_id_movie_info_idx",
                                                                        "Startup Cost": 0.0,
                                                                        "Total Cost": 0.98,
                                                                        "Plan Rows": 3,
                                                                        "Plan Width": 0,
                                                                        "Actual Startup Time": 0.003,
                                                                        "Actual Total Time": 0.003,
                                                                        "Actual Rows": 2,
                                                                        "Actual Loops": 43887,
                                                                        "Index Cond": "(mi_idx.movie_id = mi.movie_id)"
                                                                    }
                                                                ]
                                                            }
                                                        ]
                                                    },
                                                    {
                                                        "Node Type": "Bitmap Heap Scan",
                                                        "Parent Relationship": "Inner",
                                                        "Parallel Aware": false,
                                                        "Relation Name": "info_type",
                                                        "Schema": "public",
                                                        "Alias": "it2",
                                                        "Startup Cost": 0.15,
                                                        "Total Cost": 4.17,
                                                        "Plan Rows": 1,
                                                        "Plan Width": 4,
                                                        "Actual Startup Time": 0.002,
                                                        "Actual Total Time": 0.002,
                                                        "Actual Rows": 1,
                                                        "Actual Loops": 11070,
                                                        "Output": [
                                                            "it2.id",
                                                            "it2.info"
                                                        ],
                                                        "Recheck Cond": "(it2.id = mi_idx.info_type_id)",
                                                        "Rows Removed by Index Recheck": 0,
                                                        "Filter": "((it2.info)::text = 'rating'::text)",
                                                        "Rows Removed by Filter": 0,
                                                        "Exact Heap Blocks": 11070,
                                                        "Lossy Heap Blocks": 0,
                                                        "Plans": [
                                                            {
                                                                "Node Type": "Bitmap Index Scan",
                                                                "Parent Relationship": "Outer",
                                                                "Parallel Aware": false,
                                                                "Index Name": "info_type_pkey",
                                                                "Startup Cost": 0.0,
                                                                "Total Cost": 0.15,
                                                                "Plan Rows": 1,
                                                                "Plan Width": 0,
                                                                "Actual Startup Time": 0.001,
                                                                "Actual Total Time": 0.001,
                                                                "Actual Rows": 1,
                                                                "Actual Loops": 11070,
                                                                "Index Cond": "(it2.id = mi_idx.info_type_id)"
                                                            }
                                                        ]
                                                    }
                                                ]
                                            },
                                            {
                                                "Node Type": "Bitmap Heap Scan",
                                                "Parent Relationship": "Inner",
                                                "Parallel Aware": false,
                                                "Relation Name": "movie_companies",
                                                "Schema": "public",
                                                "Alias": "mc",
                                                "Startup Cost": 0.58,
                                                "Total Cost": 4.64,
                                                "Plan Rows": 5,
                                                "Plan Width": 12,
                                                "Actual Startup Time": 0.009,
                                                "Actual Total Time": 0.012,
                                                "Actual Rows": 6,
                                                "Actual Loops": 5977,
                                                "Output": [
                                                    "mc.id",
                                                    "mc.movie_id",
                                                    "mc.company_id",
                                                    "mc.company_type_id",
                                                    "mc.note"
                                                ],
                                                "Recheck Cond": "(mc.movie_id = mi_idx.movie_id)",
                                                "Rows Removed by Index Recheck": 0,
                                                "Exact Heap Blocks": 10120,
                                                "Lossy Heap Blocks": 0,
                                                "Plans": [
                                                    {
                                                        "Node Type": "Bitmap Index Scan",
                                                        "Parent Relationship": "Outer",
                                                        "Parallel Aware": false,
                                                        "Index Name": "movie_id_movie_companies",
                                                        "Startup Cost": 0.0,
                                                        "Total Cost": 0.58,
                                                        "Plan Rows": 5,
                                                        "Plan Width": 0,
                                                        "Actual Startup Time": 0.006,
                                                        "Actual Total Time": 0.006,
                                                        "Actual Rows": 6,
                                                        "Actual Loops": 5977,
                                                        "Index Cond": "(mc.movie_id = mi_idx.movie_id)"
                                                    }
                                                ]
                                            }
                                        ]
                                    },
                                    {
                                        "Node Type": "Bitmap Heap Scan",
                                        "Parent Relationship": "Inner",
                                        "Parallel Aware": false,
                                        "Relation Name": "company_type",
                                        "Schema": "public",
                                        "Alias": "ct",
                                        "Startup Cost": 0.14,
                                        "Total Cost": 4.15,
                                        "Plan Rows": 1,
                                        "Plan Width": 4,
                                        "Actual Startup Time": 0.002,
                                        "Actual Total Time": 0.002,
                                        "Actual Rows": 0,
                                        "Actual Loops": 34990,
                                        "Output": [
                                            "ct.id",
                                            "ct.kind"
                                        ],
                                        "Recheck Cond": "(ct.id = mc.company_type_id)",
                                        "Rows Removed by Index Recheck": 0,
                                        "Filter": "((ct.kind)::text = 'production companies'::text)",
                                        "Rows Removed by Filter": 1,
                                        "Exact Heap Blocks": 34990,
                                        "Lossy Heap Blocks": 0,
                                        "Plans": [
                                            {
                                                "Node Type": "Bitmap Index Scan",
                                                "Parent Relationship": "Outer",
                                                "Parallel Aware": false,
                                                "Index Name": "company_type_pkey",
                                                "Startup Cost": 0.0,
                                                "Total Cost": 0.14,
                                                "Plan Rows": 1,
                                                "Plan Width": 0,
                                                "Actual Startup Time": 0.001,
                                                "Actual Total Time": 0.001,
                                                "Actual Rows": 1,
                                                "Actual Loops": 34990,
                                                "Index Cond": "(ct.id = mc.company_type_id)"
                                            }
                                        ]
                                    }
                                ]
                            },
                            {
                                "Node Type": "Bitmap Heap Scan",
                                "Parent Relationship": "Inner",
                                "Parallel Aware": false,
                                "Relation Name": "company_name",
                                "Schema": "public",
                                "Alias": "cn",
                                "Startup Cost": 0.43,
                                "Total Cost": 4.44,
                                "Plan Rows": 1,
                                "Plan Width": 23,
                                "Actual Startup Time": 0.007,
                                "Actual Total Time": 0.007,
                                "Actual Rows": 1,
                                "Actual Loops": 8428,
                                "Output": [
                                    "cn.id",
                                    "cn.name",
                                    "cn.country_code",
                                    "cn.imdb_id",
                                    "cn.name_pcode_nf",
                                    "cn.name_pcode_sf",
                                    "cn.md5sum"
                                ],
                                "Recheck Cond": "(cn.id = mc.company_id)",
                                "Rows Removed by Index Recheck": 0,
                                "Filter": "((cn.country_code)::text = '[us]'::text)",
                                "Rows Removed by Filter": 0,
                                "Exact Heap Blocks": 8428,
                                "Lossy Heap Blocks": 0,
                                "Plans": [
                                    {
                                        "Node Type": "Bitmap Index Scan",
                                        "Parent Relationship": "Outer",
                                        "Parallel Aware": false,
                                        "Index Name": "company_name_pkey",
                                        "Startup Cost": 0.0,
                                        "Total Cost": 0.43,
                                        "Plan Rows": 1,
                                        "Plan Width": 0,
                                        "Actual Startup Time": 0.004,
                                        "Actual Total Time": 0.004,
                                        "Actual Rows": 1,
                                        "Actual Loops": 8428,
                                        "Index Cond": "(cn.id = mc.company_id)"
                                    }
                                ]
                            }
                        ]
                    },
                    {
                        "Node Type": "Bitmap Heap Scan",
                        "Parent Relationship": "Inner",
                        "Parallel Aware": false,
                        "Relation Name": "title",
                        "Schema": "public",
                        "Alias": "t",
                        "Startup Cost": 0.45,
                        "Total Cost": 4.47,
                        "Plan Rows": 1,
                        "Plan Width": 21,
                        "Actual Startup Time": 0.008,
                        "Actual Total Time": 0.008,
                        "Actual Rows": 0,
                        "Actual Loops": 4337,
                        "Output": [
                            "t.id",
                            "t.title",
                            "t.imdb_index",
                            "t.kind_id",
                            "t.production_year",
                            "t.imdb_id",
                            "t.phonetic_code",
                            "t.episode_of_id",
                            "t.season_nr",
                            "t.episode_nr",
                            "t.series_years",
                            "t.md5sum"
                        ],
                        "Recheck Cond": "(t.id = mc.movie_id)",
                        "Rows Removed by Index Recheck": 0,
                        "Filter": "((t.production_year >= 1994) AND (t.production_year <= 2013))",
                        "Rows Removed by Filter": 1,
                        "Exact Heap Blocks": 4337,
                        "Lossy Heap Blocks": 0,
                        "Plans": [
                            {
                                "Node Type": "Bitmap Index Scan",
                                "Parent Relationship": "Outer",
                                "Parallel Aware": false,
                                "Index Name": "title_pkey",
                                "Startup Cost": 0.0,
                                "Total Cost": 0.45,
                                "Plan Rows": 1,
                                "Plan Width": 0,
                                "Actual Startup Time": 0.004,
                                "Actual Total Time": 0.004,
                                "Actual Rows": 1,
                                "Actual Loops": 4337,
                                "Index Cond": "(t.id = mc.movie_id)"
                            }
                        ]
                    }
                ]
            }
        ]
    },
    "Planning Time": 13.187,
    "Triggers": [],
    "Execution Time": 6077.024
}