[
  {
    "Plan": {
      "Node Type": "Aggregate",
      "Strategy": "Plain",
      "Partial Mode": "Finalize",
      "Parallel Aware": false,
      "Startup Cost": 352210.55,
      "Total Cost": 352210.56,
      "Plan Rows": 1,
      "Plan Width": 96,
      "Actual Startup Time": 1441.581,
      "Actual Total Time": 1525.755,
      "Actual Rows": 1,
      "Actual Loops": 1,
      "Plans": [
        {
          "Node Type": "Gather",
          "Parent Relationship": "Outer",
          "Parallel Aware": false,
          "Startup Cost": 352210.11,
          "Total Cost": 352210.52,
          "Plan Rows": 4,
          "Plan Width": 96,
          "Actual Startup Time": 1439.17,
          "Actual Total Time": 1525.729,
          "Actual Rows": 5,
          "Actual Loops": 1,
          "Workers Planned": 4,
          "Workers Launched": 4,
          "Single Copy": false,
          "Plans": [
            {
              "Node Type": "Aggregate",
              "Strategy": "Plain",
              "Partial Mode": "Partial",
              "Parent Relationship": "Outer",
              "Parallel Aware": false,
              "Startup Cost": 351210.11,
              "Total Cost": 351210.12,
              "Plan Rows": 1,
              "Plan Width": 96,
              "Actual Startup Time": 1427.564,
              "Actual Total Time": 1427.634,
              "Actual Rows": 1,
              "Actual Loops": 5,
              "Plans": [
                {
                  "Node Type": "Hash Join",
                  "Parent Relationship": "Outer",
                  "Parallel Aware": false,
                  "Join Type": "Inner",
                  "Startup Cost": 305770.67,
                  "Total Cost": 351210.1,
                  "Plan Rows": 1,
                  "Plan Width": 42,
                  "Actual Startup Time": 1282.284,
                  "Actual Total Time": 1426.672,
                  "Actual Rows": 6438,
                  "Actual Loops": 5,
                  "Inner Unique": true,
                  "Hash Cond": "(t.kind_id = kt.id)",
                  "Plans": [
                    {
                      "Node Type": "Hash Join",
                      "Parent Relationship": "Outer",
                      "Parallel Aware": true,
                      "Join Type": "Inner",
                      "Startup Cost": 305769.56,
                      "Total Cost": 351208.99,
                      "Plan Rows": 1,
                      "Plan Width": 46,
                      "Actual Startup Time": 1277.661,
                      "Actual Total Time": 1424.844,
                      "Actual Rows": 7013,
                      "Actual Loops": 5,
                      "Inner Unique": false,
                      "Hash Cond": "(t.id = mi.movie_id)",
                      "Plans": [
                        {
                          "Node Type": "Seq Scan",
                          "Parent Relationship": "Outer",
                          "Parallel Aware": true,
                          "Relation Name": "title",
                          "Alias": "t",
                          "Startup Cost": 0.0,
                          "Total Cost": 43898.62,
                          "Plan Rows": 410881,
                          "Plan Width": 25,
                          "Actual Startup Time": 0.035,
                          "Actual Total Time": 108.707,
                          "Actual Rows": 328703,
                          "Actual Loops": 5,
                          "Filter": "(production_year > 1994)",
                          "Rows Removed by Filter": 176960
                        },
                        {
                          "Node Type": "Hash",
                          "Parent Relationship": "Inner",
                          "Parallel Aware": true,
                          "Startup Cost": 305769.55,
                          "Total Cost": 305769.55,
                          "Plan Rows": 1,
                          "Plan Width": 41,
                          "Actual Startup Time": 1269.327,
                          "Actual Total Time": 1269.393,
                          "Actual Rows": 8037,
                          "Actual Loops": 5,
                          "Hash Buckets": 65536,
                          "Original Hash Buckets": 1024,
                          "Hash Batches": 1,
                          "Original Hash Batches": 1,
                          "Peak Memory Usage": 4120,
                          "Plans": [
                            {
                              "Node Type": "Hash Join",
                              "Parent Relationship": "Outer",
                              "Parallel Aware": false,
                              "Join Type": "Inner",
                              "Startup Cost": 300768.77,
                              "Total Cost": 305769.55,
                              "Plan Rows": 1,
                              "Plan Width": 41,
                              "Actual Startup Time": 1241.83,
                              "Actual Total Time": 1259.84,
                              "Actual Rows": 8037,
                              "Actual Loops": 5,
                              "Inner Unique": true,
                              "Hash Cond": "(mc.company_type_id = ct.id)",
                              "Plans": [
                                {
                                  "Node Type": "Hash Join",
                                  "Parent Relationship": "Outer",
                                  "Parallel Aware": true,
                                  "Join Type": "Inner",
                                  "Startup Cost": 300767.68,
                                  "Total Cost": 305768.45,
                                  "Plan Rows": 1,
                                  "Plan Width": 45,
                                  "Actual Startup Time": 1241.708,
                                  "Actual Total Time": 1258.293,
                                  "Actual Rows": 8037,
                                  "Actual Loops": 5,
                                  "Inner Unique": false,
                                  "Hash Cond": "(cn.id = mc.company_id)",
                                  "Plans": [
                                    {
                                      "Node Type": "Seq Scan",
                                      "Parent Relationship": "Outer",
                                      "Parallel Aware": true,
                                      "Relation Name": "company_name",
                                      "Alias": "cn",
                                      "Startup Cost": 0.0,
                                      "Total Cost": 4722.92,
                                      "Plan Rows": 74093,
                                      "Plan Width": 23,
                                      "Actual Startup Time": 0.026,
                                      "Actual Total Time": 10.311,
                                      "Actual Rows": 25246,
                                      "Actual Loops": 5,
                                      "Filter": "((country_code)::text <> '[us]'::text)",
                                      "Rows Removed by Filter": 21753
                                    },
                                    {
                                      "Node Type": "Hash",
                                      "Parent Relationship": "Inner",
                                      "Parallel Aware": true,
                                      "Startup Cost": 300767.66,
                                      "Total Cost": 300767.66,
                                      "Plan Rows": 1,
                                      "Plan Width": 30,
                                      "Actual Startup Time": 1241.512,
                                      "Actual Total Time": 1241.569,
                                      "Actual Rows": 8843,
                                      "Actual Loops": 5,
                                      "Hash Buckets": 65536,
                                      "Original Hash Buckets": 1024,
                                      "Hash Batches": 1,
                                      "Original Hash Batches": 1,
                                      "Peak Memory Usage": 3896,
                                      "Plans": [
                                        {
                                          "Node Type": "Hash Join",
                                          "Parent Relationship": "Outer",
                                          "Parallel Aware": true,
                                          "Join Type": "Inner",
                                          "Startup Cost": 269174.21,
                                          "Total Cost": 300767.66,
                                          "Plan Rows": 1,
                                          "Plan Width": 30,
                                          "Actual Startup Time": 1102.999,
                                          "Actual Total Time": 1221.387,
                                          "Actual Rows": 8843,
                                          "Actual Loops": 5,
                                          "Inner Unique": false,
                                          "Hash Cond": "(mc.movie_id = mi.movie_id)",
                                          "Plans": [
                                            {
                                              "Node Type": "Seq Scan",
                                              "Parent Relationship": "Outer",
                                              "Parallel Aware": true,
                                              "Relation Name": "movie_companies",
                                              "Alias": "mc",
                                              "Startup Cost": 0.0,
                                              "Total Cost": 31414.82,
                                              "Plan Rows": 47635,
                                              "Plan Width": 12,
                                              "Actual Startup Time": 0.047,
                                              "Actual Total Time": 108.774,
                                              "Actual Rows": 60654,
                                              "Actual Loops": 5,
                                              "Filter": "((note !~~ '%(USA)%'::text) AND (note ~~ '%(200%)%'::text))",
                                              "Rows Removed by Filter": 461172
                                            },
                                            {
                                              "Node Type": "Hash",
                                              "Parent Relationship": "Inner",
                                              "Parallel Aware": true,
                                              "Startup Cost": 269174.19,
                                              "Total Cost": 269174.19,
                                              "Plan Rows": 1,
                                              "Plan Width": 18,
                                              "Actual Startup Time": 1101.617,
                                              "Actual Total Time": 1101.67,
                                              "Actual Rows": 3217,
                                              "Actual Loops": 5,
                                              "Hash Buckets": 16384,
                                              "Original Hash Buckets": 1024,
                                              "Hash Batches": 1,
                                              "Original Hash Batches": 1,
                                              "Peak Memory Usage": 1112,
                                              "Plans": [
                                                {
                                                  "Node Type": "Hash Join",
                                                  "Parent Relationship": "Outer",
                                                  "Parallel Aware": true,
                                                  "Join Type": "Inner",
                                                  "Startup Cost": 62315.43,
                                                  "Total Cost": 269174.19,
                                                  "Plan Rows": 1,
                                                  "Plan Width": 18,
                                                  "Actual Startup Time": 905.197,
                                                  "Actual Total Time": 1064.419,
                                                  "Actual Rows": 3217,
                                                  "Actual Loops": 5,
                                                  "Inner Unique": false,
                                                  "Hash Cond": "(mi.movie_id = mk.movie_id)",
                                                  "Plans": [
                                                    {
                                                      "Node Type": "Hash Join",
                                                      "Parent Relationship": "Outer",
                                                      "Parallel Aware": false,
                                                      "Join Type": "Inner",
                                                      "Startup Cost": 2.43,
                                                      "Total Cost": 206856.98,
                                                      "Plan Rows": 1120,
                                                      "Plan Width": 4,
                                                      "Actual Startup Time": 522.905,
                                                      "Actual Total Time": 664.218,
                                                      "Actual Rows": 117753,
                                                      "Actual Loops": 5,
                                                      "Inner Unique": true,
                                                      "Hash Cond": "(mi.info_type_id = it1.id)",
                                                      "Plans": [
                                                        {
                                                          "Node Type": "Seq Scan",
                                                          "Parent Relationship": "Outer",
                                                          "Parallel Aware": true,
                                                          "Relation Name": "movie_info",
                                                          "Alias": "mi",
                                                          "Startup Cost": 0.0,
                                                          "Total Cost": 206509.76,
                                                          "Plan Rows": 126602,
                                                          "Plan Width": 8,
                                                          "Actual Startup Time": 0.276,
                                                          "Actual Total Time": 641.404,
                                                          "Actual Rows": 133867,
                                                          "Actual Loops": 5,
                                                          "Filter": "(info = ANY ('{Germany,German,USA,American}'::text[]))",
                                                          "Rows Removed by Filter": 2833277
                                                        },
                                                        {
                                                          "Node Type": "Hash",
                                                          "Parent Relationship": "Inner",
                                                          "Parallel Aware": false,
                                                          "Startup Cost": 2.41,
                                                          "Total Cost": 2.41,
                                                          "Plan Rows": 1,
                                                          "Plan Width": 4,
                                                          "Actual Startup Time": 0.026,
                                                          "Actual Total Time": 0.027,
                                                          "Actual Rows": 1,
                                                          "Actual Loops": 5,
                                                          "Hash Buckets": 1024,
                                                          "Original Hash Buckets": 1024,
                                                          "Hash Batches": 1,
                                                          "Original Hash Batches": 1,
                                                          "Peak Memory Usage": 9,
                                                          "Plans": [
                                                            {
                                                              "Node Type": "Seq Scan",
                                                              "Parent Relationship": "Outer",
                                                              "Parallel Aware": false,
                                                              "Relation Name": "info_type",
                                                              "Alias": "it1",
                                                              "Startup Cost": 0.0,
                                                              "Total Cost": 2.41,
                                                              "Plan Rows": 1,
                                                              "Plan Width": 4,
                                                              "Actual Startup Time": 0.012,
                                                              "Actual Total Time": 0.019,
                                                              "Actual Rows": 1,
                                                              "Actual Loops": 5,
                                                              "Filter": "((info)::text = 'countries'::text)",
                                                              "Rows Removed by Filter": 112
                                                            }
                                                          ]
                                                        }
                                                      ]
                                                    },
                                                    {
                                                      "Node Type": "Hash",
                                                      "Parent Relationship": "Inner",
                                                      "Parallel Aware": true,
                                                      "Startup Cost": 62312.99,
                                                      "Total Cost": 62312.99,
                                                      "Plan Rows": 1,
                                                      "Plan Width": 14,
                                                      "Actual Startup Time": 381.606,
                                                      "Actual Total Time": 381.65,
                                                      "Actual Rows": 4960,
                                                      "Actual Loops": 5,
                                                      "Hash Buckets": 32768,
                                                      "Original Hash Buckets": 1024,
                                                      "Hash Batches": 1,
                                                      "Original Hash Batches": 1,
                                                      "Peak Memory Usage": 1752,
                                                      "Plans": [
                                                        {
                                                          "Node Type": "Hash Join",
                                                          "Parent Relationship": "Outer",
                                                          "Parallel Aware": true,
                                                          "Join Type": "Inner",
                                                          "Startup Cost": 45842.77,
                                                          "Total Cost": 62312.99,
                                                          "Plan Rows": 1,
                                                          "Plan Width": 14,
                                                          "Actual Startup Time": 273.2,
                                                          "Actual Total Time": 359.121,
                                                          "Actual Rows": 4960,
                                                          "Actual Loops": 5,
                                                          "Inner Unique": false,
                                                          "Hash Cond": "(mi_idx.movie_id = mk.movie_id)",
                                                          "Plans": [
                                                            {
                                                              "Node Type": "Hash Join",
                                                              "Parent Relationship": "Outer",
                                                              "Parallel Aware": false,
                                                              "Join Type": "Inner",
                                                              "Startup Cost": 2.43,
                                                              "Total Cost": 16456.42,
                                                              "Plan Rows": 4326,
                                                              "Plan Width": 10,
                                                              "Actual Startup Time": 0.152,
                                                              "Actual Total Time": 75.295,
                                                              "Actual Rows": 64823,
                                                              "Actual Loops": 5,
                                                              "Inner Unique": true,
                                                              "Hash Cond": "(mi_idx.info_type_id = it2.id)",
                                                              "Plans": [
                                                                {
                                                                  "Node Type": "Seq Scan",
                                                                  "Parent Relationship": "Outer",
                                                                  "Parallel Aware": true,
                                                                  "Relation Name": "movie_info_idx",
                                                                  "Alias": "mi_idx",
                                                                  "Startup Cost": 0.0,
                                                                  "Total Cost": 15122.68,
                                                                  "Plan Rows": 488832,
                                                                  "Plan Width": 14,
                                                                  "Actual Startup Time": 0.031,
                                                                  "Actual Total Time": 52.454,
                                                                  "Actual Rows": 234592,
                                                                  "Actual Loops": 5,
                                                                  "Filter": "(info < '7.0'::text)",
                                                                  "Rows Removed by Filter": 41415
                                                                },
                                                                {
                                                                  "Node Type": "Hash",
                                                                  "Parent Relationship": "Inner",
                                                                  "Parallel Aware": false,
                                                                  "Startup Cost": 2.41,
                                                                  "Total Cost": 2.41,
                                                                  "Plan Rows": 1,
                                                                  "Plan Width": 4,
                                                                  "Actual Startup Time": 0.062,
                                                                  "Actual Total Time": 0.063,
                                                                  "Actual Rows": 1,
                                                                  "Actual Loops": 5,
                                                                  "Hash Buckets": 1024,
                                                                  "Original Hash Buckets": 1024,
                                                                  "Hash Batches": 1,
                                                                  "Original Hash Batches": 1,
                                                                  "Peak Memory Usage": 9,
                                                                  "Plans": [
                                                                    {
                                                                      "Node Type": "Seq Scan",
                                                                      "Parent Relationship": "Outer",
                                                                      "Parallel Aware": false,
                                                                      "Relation Name": "info_type",
                                                                      "Alias": "it2",
                                                                      "Startup Cost": 0.0,
                                                                      "Total Cost": 2.41,
                                                                      "Plan Rows": 1,
                                                                      "Plan Width": 4,
                                                                      "Actual Startup Time": 0.053,
                                                                      "Actual Total Time": 0.056,
                                                                      "Actual Rows": 1,
                                                                      "Actual Loops": 5,
                                                                      "Filter": "((info)::text = 'rating'::text)",
                                                                      "Rows Removed by Filter": 112
                                                                    }
                                                                  ]
                                                                }
                                                              ]
                                                            },
                                                            {
                                                              "Node Type": "Hash",
                                                              "Parent Relationship": "Inner",
                                                              "Parallel Aware": true,
                                                              "Startup Cost": 45839.79,
                                                              "Total Cost": 45839.79,
                                                              "Plan Rows": 44,
                                                              "Plan Width": 4,
                                                              "Actual Startup Time": 272.553,
                                                              "Actual Total Time": 272.557,
                                                              "Actual Rows": 7418,
                                                              "Actual Loops": 5,
                                                              "Hash Buckets": 65536,
                                                              "Original Hash Buckets": 1024,
                                                              "Hash Batches": 1,
                                                              "Original Hash Batches": 1,
                                                              "Peak Memory Usage": 2616,
                                                              "Plans": [
                                                                {
                                                                  "Node Type": "Hash Join",
                                                                  "Parent Relationship": "Outer",
                                                                  "Parallel Aware": false,
                                                                  "Join Type": "Inner",
                                                                  "Startup Cost": 2961.6,
                                                                  "Total Cost": 45839.79,
                                                                  "Plan Rows": 44,
                                                                  "Plan Width": 4,
                                                                  "Actual Startup Time": 35.992,
                                                                  "Actual Total Time": 232.543,
                                                                  "Actual Rows": 7418,
                                                                  "Actual Loops": 5,
                                                                  "Inner Unique": true,
                                                                  "Hash Cond": "(mk.keyword_id = k.id)",
                                                                  "Plans": [
                                                                    {
                                                                      "Node Type": "Seq Scan",
                                                                      "Parent Relationship": "Outer",
                                                                      "Parallel Aware": true,
                                                                      "Relation Name": "movie_keyword",
                                                                      "Alias": "mk",
                                                                      "Startup Cost": 0.0,
                                                                      "Total Cost": 39047.32,
                                                                      "Plan Rows": 1459332,
                                                                      "Plan Width": 8,
                                                                      "Actual Startup Time": 0.066,
                                                                      "Actual Total Time": 118.578,
                                                                      "Actual Rows": 904786,
                                                                      "Actual Loops": 5
                                                                    },
                                                                    {
                                                                      "Node Type": "Hash",
                                                                      "Parent Relationship": "Inner",
                                                                      "Parallel Aware": false,
                                                                      "Startup Cost": 2961.55,
                                                                      "Total Cost": 2961.55,
                                                                      "Plan Rows": 4,
                                                                      "Plan Width": 4,
                                                                      "Actual Startup Time": 35.431,
                                                                      "Actual Total Time": 35.432,
                                                                      "Actual Rows": 3,
                                                                      "Actual Loops": 5,
                                                                      "Hash Buckets": 1024,
                                                                      "Original Hash Buckets": 1024,
                                                                      "Hash Batches": 1,
                                                                      "Original Hash Batches": 1,
                                                                      "Peak Memory Usage": 9,
                                                                      "Plans": [
                                                                        {
                                                                          "Node Type": "Seq Scan",
                                                                          "Parent Relationship": "Outer",
                                                                          "Parallel Aware": false,
                                                                          "Relation Name": "keyword",
                                                                          "Alias": "k",
                                                                          "Startup Cost": 0.0,
                                                                          "Total Cost": 2961.55,
                                                                          "Plan Rows": 4,
                                                                          "Plan Width": 4,
                                                                          "Actual Startup Time": 3.32,
                                                                          "Actual Total Time": 35.416,
                                                                          "Actual Rows": 3,
                                                                          "Actual Loops": 5,
                                                                          "Filter": "(keyword = ANY ('{murder,murder-in-title,blood,violence}'::text[]))",
                                                                          "Rows Removed by Filter": 134167
                                                                        }
                                                                      ]
                                                                    }
                                                                  ]
                                                                }
                                                              ]
                                                            }
                                                          ]
                                                        }
                                                      ]
                                                    }
                                                  ]
                                                }
                                              ]
                                            }
                                          ]
                                        }
                                      ]
                                    }
                                  ]
                                },
                                {
                                  "Node Type": "Hash",
                                  "Parent Relationship": "Inner",
                                  "Parallel Aware": false,
                                  "Startup Cost": 1.04,
                                  "Total Cost": 1.04,
                                  "Plan Rows": 4,
                                  "Plan Width": 4,
                                  "Actual Startup Time": 0.072,
                                  "Actual Total Time": 0.074,
                                  "Actual Rows": 4,
                                  "Actual Loops": 5,
                                  "Hash Buckets": 1024,
                                  "Original Hash Buckets": 1024,
                                  "Hash Batches": 1,
                                  "Original Hash Batches": 1,
                                  "Peak Memory Usage": 9,
                                  "Plans": [
                                    {
                                      "Node Type": "Seq Scan",
                                      "Parent Relationship": "Outer",
                                      "Parallel Aware": false,
                                      "Relation Name": "company_type",
                                      "Alias": "ct",
                                      "Startup Cost": 0.0,
                                      "Total Cost": 1.04,
                                      "Plan Rows": 4,
                                      "Plan Width": 4,
                                      "Actual Startup Time": 0.054,
                                      "Actual Total Time": 0.057,
                                      "Actual Rows": 4,
                                      "Actual Loops": 5
                                    }
                                  ]
                                }
                              ]
                            }
                          ]
                        }
                      ]
                    },
                    {
                      "Node Type": "Hash",
                      "Parent Relationship": "Inner",
                      "Parallel Aware": false,
                      "Startup Cost": 1.09,
                      "Total Cost": 1.09,
                      "Plan Rows": 2,
                      "Plan Width": 4,
                      "Actual Startup Time": 0.12,
                      "Actual Total Time": 0.121,
                      "Actual Rows": 2,
                      "Actual Loops": 5,
                      "Hash Buckets": 1024,
                      "Original Hash Buckets": 1024,
                      "Hash Batches": 1,
                      "Original Hash Batches": 1,
                      "Peak Memory Usage": 9,
                      "Plans": [
                        {
                          "Node Type": "Seq Scan",
                          "Parent Relationship": "Outer",
                          "Parallel Aware": false,
                          "Relation Name": "kind_type",
                          "Alias": "kt",
                          "Startup Cost": 0.0,
                          "Total Cost": 1.09,
                          "Plan Rows": 2,
                          "Plan Width": 4,
                          "Actual Startup Time": 0.091,
                          "Actual Total Time": 0.097,
                          "Actual Rows": 2,
                          "Actual Loops": 5,
                          "Filter": "((kind)::text = ANY ('{movie,episode}'::text[]))",
                          "Rows Removed by Filter": 5
                        }
                      ]
                    }
                  ]
                }
              ]
            }
          ]
        }
      ]
    },
    "Planning Time": 38.474,
    "Triggers": [],
    "Execution Time": 1526.262
  }
]