[
  {
    "Plan": {
      "Node Type": "Aggregate",
      "Strategy": "Plain",
      "Partial Mode": "Simple",
      "Parallel Aware": false,
      "Startup Cost": 168506.01,
      "Total Cost": 168506.02,
      "Plan Rows": 1,
      "Plan Width": 8,
      "Actual Startup Time": 37.464,
      "Actual Total Time": 37.465,
      "Actual Rows": 1,
      "Actual Loops": 1,
      "Plans": [
        {
          "Node Type": "Bitmap Heap Scan",
          "Parent Relationship": "Outer",
          "Parallel Aware": false,
          "Relation Name": "movie_info",
          "Alias": "mi",
          "Startup Cost": 2584.16,
          "Total Cost": 168149.97,
          "Plan Rows": 142416,
          "Plan Width": 0,
          "Actual Startup Time": 13.799,
          "Actual Total Time": 30.465,
          "Actual Rows": 140065,
          "Actual Loops": 1,
          "Recheck Cond": "(info_type_id = 9)",
          "Rows Removed by Index Recheck": 0,
          "Exact Heap Blocks": 1685,
          "Lossy Heap Blocks": 0,
          "Plans": [
            {
              "Node Type": "Bitmap Index Scan",
              "Parent Relationship": "Outer",
              "Parallel Aware": false,
              "Index Name": "info_type_id_movie_info",
              "Startup Cost": 0.0,
              "Total Cost": 2548.55,
              "Plan Rows": 142416,
              "Plan Width": 0,
              "Actual Startup Time": 13.434,
              "Actual Total Time": 13.434,
              "Actual Rows": 140065,
              "Actual Loops": 1,
              "Index Cond": "(info_type_id = 9)"
            }
          ]
        }
      ]
    },
    "Planning Time": 0.171,
    "Triggers": [],
    "Execution Time": 37.522
  }
]