{
  "Plan": {
    "Node Type": "Aggregate",
    "Strategy": "Plain",
    "Partial Mode": "Finalize",
    "Parallel Aware": false,
    "Startup Cost": 132336.89,
    "Total Cost": 132336.9,
    "Plan Rows": 1,
    "Plan Width": 8,
    "Actual Startup Time": 775.678,
    "Actual Total Time": 788.958,
    "Actual Rows": 1,
    "Actual Loops": 1,
    "Plans": [
      {
        "Node Type": "Gather",
        "Parent Relationship": "Outer",
        "Parallel Aware": false,
        "Startup Cost": 132336.78,
        "Total Cost": 132336.89,
        "Plan Rows": 1,
        "Plan Width": 8,
        "Actual Startup Time": 773.638,
        "Actual Total Time": 788.949,
        "Actual Rows": 2,
        "Actual Loops": 1,
        "Workers Planned": 1,
        "Workers Launched": 1,
        "Single Copy": false,
        "Plans": [
          {
            "Node Type": "Aggregate",
            "Strategy": "Plain",
            "Partial Mode": "Partial",
            "Parent Relationship": "Outer",
            "Parallel Aware": false,
            "Startup Cost": 131336.78,
            "Total Cost": 131336.79,
            "Plan Rows": 1,
            "Plan Width": 8,
            "Actual Startup Time": 765.902,
            "Actual Total Time": 765.908,
            "Actual Rows": 1,
            "Actual Loops": 2,
            "Plans": [
              {
                "Node Type": "Hash Join",
                "Parent Relationship": "Outer",
                "Parallel Aware": true,
                "Join Type": "Inner",
                "Startup Cost": 68498.38,
                "Total Cost": 129580.42,
                "Plan Rows": 702543,
                "Plan Width": 0,
                "Actual Startup Time": 426.53,
                "Actual Total Time": 751.92,
                "Actual Rows": 333630,
                "Actual Loops": 2,
                "Inner Unique": true,
                "Hash Cond": "(mk.movie_id = t.id)",
                "Plans": [
                  {
                    "Node Type": "Seq Scan",
                    "Parent Relationship": "Outer",
                    "Parallel Aware": true,
                    "Relation Name": "movie_keyword",
                    "Alias": "mk",
                    "Startup Cost": 0.0,
                    "Total Cost": 57718.19,
                    "Plan Rows": 1281462,
                    "Plan Width": 4,
                    "Actual Startup Time": 0.481,
                    "Actual Total Time": 183.63,
                    "Actual Rows": 1089495,
                    "Actual Loops": 2,
                    "Filter": "(keyword_id > 5222)",
                    "Rows Removed by Filter": 1172470
                  },
                  {
                    "Node Type": "Hash",
                    "Parent Relationship": "Inner",
                    "Parallel Aware": true,
                    "Startup Cost": 58306.47,
                    "Total Cost": 58306.47,
                    "Plan Rows": 815353,
                    "Plan Width": 4,
                    "Actual Startup Time": 411.653,
                    "Actual Total Time": 411.654,
                    "Actual Rows": 753268,
                    "Actual Loops": 2,
                    "Hash Buckets": 2097152,
                    "Original Hash Buckets": 2097152,
                    "Hash Batches": 1,
                    "Original Hash Batches": 1,
                    "Peak Memory Usage": 75360,
                    "Plans": [
                      {
                        "Node Type": "Seq Scan",
                        "Parent Relationship": "Outer",
                        "Parallel Aware": true,
                        "Relation Name": "title",
                        "Alias": "t",
                        "Startup Cost": 0.0,
                        "Total Cost": 58306.47,
                        "Plan Rows": 815353,
                        "Plan Width": 4,
                        "Actual Startup Time": 0.043,
                        "Actual Total Time": 175.966,
                        "Actual Rows": 753268,
                        "Actual Loops": 2,
                        "Filter": "((kind_id > 1) AND (production_year > 1984))",
                        "Rows Removed by Filter": 510888
                      }
                    ]
                  }
                ]
              }
            ]
          }
        ]
      }
    ]
  },
  "Planning Time": 0.663,
  "Triggers": [],
  "Execution Time": 789.027
}