{
  "Plan": {
    "Node Type": "Aggregate",
    "Strategy": "Plain",
    "Partial Mode": "Finalize",
    "Parallel Aware": false,
    "Startup Cost": 597359.44,
    "Total Cost": 597359.45,
    "Plan Rows": 1,
    "Plan Width": 8,
    "Actual Startup Time": 2407.637,
    "Actual Total Time": 2457.667,
    "Actual Rows": 1,
    "Actual Loops": 1,
    "Plans": [
      {
        "Node Type": "Gather",
        "Parent Relationship": "Outer",
        "Parallel Aware": false,
        "Startup Cost": 597359.33,
        "Total Cost": 597359.44,
        "Plan Rows": 1,
        "Plan Width": 8,
        "Actual Startup Time": 2406.708,
        "Actual Total Time": 2457.657,
        "Actual Rows": 2,
        "Actual Loops": 1,
        "Workers Planned": 1,
        "Workers Launched": 1,
        "Single Copy": false,
        "Plans": [
          {
            "Node Type": "Aggregate",
            "Strategy": "Plain",
            "Partial Mode": "Partial",
            "Parent Relationship": "Outer",
            "Parallel Aware": false,
            "Startup Cost": 596359.33,
            "Total Cost": 596359.34,
            "Plan Rows": 1,
            "Plan Width": 8,
            "Actual Startup Time": 2400.795,
            "Actual Total Time": 2400.798,
            "Actual Rows": 1,
            "Actual Loops": 2,
            "Plans": [
              {
                "Node Type": "Hash Join",
                "Parent Relationship": "Outer",
                "Parallel Aware": true,
                "Join Type": "Inner",
                "Startup Cost": 57125.63,
                "Total Cost": 593413.94,
                "Plan Rows": 1178155,
                "Plan Width": 0,
                "Actual Startup Time": 141.875,
                "Actual Total Time": 2362.332,
                "Actual Rows": 891576,
                "Actual Loops": 2,
                "Inner Unique": true,
                "Hash Cond": "(ci.movie_id = t.id)",
                "Plans": [
                  {
                    "Node Type": "Seq Scan",
                    "Parent Relationship": "Outer",
                    "Parallel Aware": true,
                    "Relation Name": "cast_info",
                    "Alias": "ci",
                    "Startup Cost": 0.0,
                    "Total Cost": 519069.44,
                    "Plan Rows": 6559556,
                    "Plan Width": 4,
                    "Actual Startup Time": 0.016,
                    "Actual Total Time": 1285.708,
                    "Actual Rows": 5581798,
                    "Actual Loops": 2,
                    "Filter": "(person_id < 1095557)",
                    "Rows Removed by Filter": 12540374
                  },
                  {
                    "Node Type": "Hash",
                    "Parent Relationship": "Inner",
                    "Parallel Aware": true,
                    "Startup Cost": 53786.63,
                    "Total Cost": 53786.63,
                    "Plan Rows": 267120,
                    "Plan Width": 4,
                    "Actual Startup Time": 136.041,
                    "Actual Total Time": 136.042,
                    "Actual Rows": 165140,
                    "Actual Loops": 2,
                    "Hash Buckets": 524288,
                    "Original Hash Buckets": 524288,
                    "Hash Batches": 1,
                    "Original Hash Batches": 1,
                    "Peak Memory Usage": 17024,
                    "Plans": [
                      {
                        "Node Type": "Bitmap Heap Scan",
                        "Parent Relationship": "Outer",
                        "Parallel Aware": true,
                        "Relation Name": "title",
                        "Alias": "t",
                        "Startup Cost": 11936.38,
                        "Total Cost": 53786.63,
                        "Plan Rows": 267120,
                        "Plan Width": 4,
                        "Actual Startup Time": 35.748,
                        "Actual Total Time": 99.253,
                        "Actual Rows": 165140,
                        "Actual Loops": 2,
                        "Recheck Cond": "(kind_id < 2)",
                        "Rows Removed by Index Recheck": 0,
                        "Filter": "(production_year > 1991)",
                        "Rows Removed by Filter": 166273,
                        "Exact Heap Blocks": 8072,
                        "Lossy Heap Blocks": 0,
                        "Plans": [
                          {
                            "Node Type": "Bitmap Index Scan",
                            "Parent Relationship": "Outer",
                            "Parallel Aware": false,
                            "Index Name": "kind_id_title",
                            "Startup Cost": 0.0,
                            "Total Cost": 11822.85,
                            "Plan Rows": 663256,
                            "Plan Width": 0,
                            "Actual Startup Time": 33.791,
                            "Actual Total Time": 33.791,
                            "Actual Rows": 662825,
                            "Actual Loops": 1,
                            "Index Cond": "(kind_id < 2)"
                          }
                        ]
                      }
                    ]
                  }
                ]
              }
            ]
          }
        ]
      }
    ]
  },
  "Planning Time": 0.684,
  "Triggers": [],
  "Execution Time": 2457.769
}