[
  {
    "Plan": {
      "Node Type": "Aggregate",
      "Strategy": "Plain",
      "Partial Mode": "Finalize",
      "Parallel Aware": false,
      "Startup Cost": 71997.82,
      "Total Cost": 71997.83,
      "Plan Rows": 1,
      "Plan Width": 8,
      "Actual Startup Time": 248.819,
      "Actual Total Time": 260.092,
      "Actual Rows": 1,
      "Actual Loops": 1,
      "Plans": [
        {
          "Node Type": "Gather",
          "Parent Relationship": "Outer",
          "Parallel Aware": false,
          "Startup Cost": 71997.51,
          "Total Cost": 71997.82,
          "Plan Rows": 3,
          "Plan Width": 8,
          "Actual Startup Time": 245.963,
          "Actual Total Time": 260.081,
          "Actual Rows": 4,
          "Actual Loops": 1,
          "Workers Planned": 3,
          "Workers Launched": 3,
          "Single Copy": false,
          "Plans": [
            {
              "Node Type": "Aggregate",
              "Strategy": "Plain",
              "Partial Mode": "Partial",
              "Parent Relationship": "Outer",
              "Parallel Aware": false,
              "Startup Cost": 70997.51,
              "Total Cost": 70997.52,
              "Plan Rows": 1,
              "Plan Width": 8,
              "Actual Startup Time": 240.274,
              "Actual Total Time": 240.277,
              "Actual Rows": 1,
              "Actual Loops": 4,
              "Plans": [
                {
                  "Node Type": "Hash Join",
                  "Parent Relationship": "Outer",
                  "Parallel Aware": true,
                  "Join Type": "Inner",
                  "Startup Cost": 51210.75,
                  "Total Cost": 70935.74,
                  "Plan Rows": 24706,
                  "Plan Width": 0,
                  "Actual Startup Time": 196.733,
                  "Actual Total Time": 239.705,
                  "Actual Rows": 9346,
                  "Actual Loops": 4,
                  "Inner Unique": true,
                  "Hash Cond": "(mc.movie_id = t.id)",
                  "Plans": [
                    {
                      "Node Type": "Bitmap Heap Scan",
                      "Parent Relationship": "Outer",
                      "Parallel Aware": true,
                      "Relation Name": "movie_companies",
                      "Alias": "mc",
                      "Startup Cost": 4153.6,
                      "Total Cost": 23716.32,
                      "Plan Rows": 61818,
                      "Plan Width": 4,
                      "Actual Startup Time": 13.238,
                      "Actual Total Time": 36.468,
                      "Actual Rows": 46511,
                      "Actual Loops": 4,
                      "Recheck Cond": "(company_id < 49)",
                      "Rows Removed by Index Recheck": 0,
                      "Exact Heap Blocks": 4574,
                      "Lossy Heap Blocks": 0,
                      "Plans": [
                        {
                          "Node Type": "Bitmap Index Scan",
                          "Parent Relationship": "Outer",
                          "Parallel Aware": false,
                          "Index Name": "company_id_movie_companies",
                          "Startup Cost": 0.0,
                          "Total Cost": 4105.69,
                          "Plan Rows": 191635,
                          "Plan Width": 0,
                          "Actual Startup Time": 10.986,
                          "Actual Total Time": 10.987,
                          "Actual Rows": 186044,
                          "Actual Loops": 1,
                          "Index Cond": "(company_id < 49)"
                        }
                      ]
                    },
                    {
                      "Node Type": "Hash",
                      "Parent Relationship": "Inner",
                      "Parallel Aware": true,
                      "Startup Cost": 43899.32,
                      "Total Cost": 43899.32,
                      "Plan Rows": 252626,
                      "Plan Width": 4,
                      "Actual Startup Time": 180.536,
                      "Actual Total Time": 180.537,
                      "Actual Rows": 253230,
                      "Actual Loops": 4,
                      "Hash Buckets": 1048576,
                      "Original Hash Buckets": 1048576,
                      "Hash Batches": 1,
                      "Original Hash Batches": 1,
                      "Peak Memory Usage": 47904,
                      "Plans": [
                        {
                          "Node Type": "Seq Scan",
                          "Parent Relationship": "Outer",
                          "Parallel Aware": true,
                          "Relation Name": "title",
                          "Alias": "t",
                          "Startup Cost": 0.0,
                          "Total Cost": 43899.32,
                          "Plan Rows": 252626,
                          "Plan Width": 4,
                          "Actual Startup Time": 0.045,
                          "Actual Total Time": 96.41,
                          "Actual Rows": 253230,
                          "Actual Loops": 4,
                          "Filter": "(production_year > 2005)",
                          "Rows Removed by Filter": 378848
                        }
                      ]
                    }
                  ]
                }
              ]
            }
          ]
        }
      ]
    },
    "Planning Time": 0.327,
    "Triggers": [],
    "Execution Time": 260.155
  }
]