[
  {
    "Plan": {
      "Node Type": "Aggregate",
      "Strategy": "Plain",
      "Partial Mode": "Finalize",
      "Parallel Aware": false,
      "Startup Cost": 153783.69,
      "Total Cost": 153783.7,
      "Plan Rows": 1,
      "Plan Width": 8,
      "Actual Startup Time": 704.081,
      "Actual Total Time": 733.495,
      "Actual Rows": 1,
      "Actual Loops": 1,
      "Plans": [
        {
          "Node Type": "Gather",
          "Parent Relationship": "Outer",
          "Parallel Aware": false,
          "Startup Cost": 153783.37,
          "Total Cost": 153783.68,
          "Plan Rows": 3,
          "Plan Width": 8,
          "Actual Startup Time": 701.78,
          "Actual Total Time": 733.485,
          "Actual Rows": 4,
          "Actual Loops": 1,
          "Workers Planned": 3,
          "Workers Launched": 3,
          "Single Copy": false,
          "Plans": [
            {
              "Node Type": "Aggregate",
              "Strategy": "Plain",
              "Partial Mode": "Partial",
              "Parent Relationship": "Outer",
              "Parallel Aware": false,
              "Startup Cost": 152783.37,
              "Total Cost": 152783.38,
              "Plan Rows": 1,
              "Plan Width": 8,
              "Actual Startup Time": 692.83,
              "Actual Total Time": 692.833,
              "Actual Rows": 1,
              "Actual Loops": 4,
              "Plans": [
                {
                  "Node Type": "Nested Loop",
                  "Parent Relationship": "Outer",
                  "Parallel Aware": false,
                  "Join Type": "Inner",
                  "Startup Cost": 45667.96,
                  "Total Cost": 152458.84,
                  "Plan Rows": 129813,
                  "Plan Width": 0,
                  "Actual Startup Time": 134.559,
                  "Actual Total Time": 650.233,
                  "Actual Rows": 1047506,
                  "Actual Loops": 4,
                  "Inner Unique": false,
                  "Join Filter": "(t.id = mi.movie_id)",
                  "Rows Removed by Join Filter": 0,
                  "Plans": [
                    {
                      "Node Type": "Hash Join",
                      "Parent Relationship": "Outer",
                      "Parallel Aware": true,
                      "Join Type": "Inner",
                      "Startup Cost": 45667.52,
                      "Total Cost": 92007.22,
                      "Plan Rows": 33107,
                      "Plan Width": 8,
                      "Actual Startup Time": 134.474,
                      "Actual Total Time": 274.868,
                      "Actual Rows": 19805,
                      "Actual Loops": 4,
                      "Inner Unique": true,
                      "Hash Cond": "(mk.movie_id = t.id)",
                      "Plans": [
                        {
                          "Node Type": "Seq Scan",
                          "Parent Relationship": "Outer",
                          "Parallel Aware": true,
                          "Relation Name": "movie_keyword",
                          "Alias": "mk",
                          "Startup Cost": 0.0,
                          "Total Cost": 42695.65,
                          "Plan Rows": 1388204,
                          "Plan Width": 4,
                          "Actual Startup Time": 0.027,
                          "Actual Total Time": 104.884,
                          "Actual Rows": 1077918,
                          "Actual Loops": 4,
                          "Filter": "(keyword_id < 66181)",
                          "Rows Removed by Filter": 53065
                        },
                        {
                          "Node Type": "Hash",
                          "Parent Relationship": "Inner",
                          "Parallel Aware": true,
                          "Startup Cost": 45479.1,
                          "Total Cost": 45479.1,
                          "Plan Rows": 15074,
                          "Plan Width": 4,
                          "Actual Startup Time": 97.983,
                          "Actual Total Time": 97.984,
                          "Actual Rows": 15395,
                          "Actual Loops": 4,
                          "Hash Buckets": 65536,
                          "Original Hash Buckets": 65536,
                          "Hash Batches": 1,
                          "Original Hash Batches": 1,
                          "Peak Memory Usage": 3008,
                          "Plans": [
                            {
                              "Node Type": "Seq Scan",
                              "Parent Relationship": "Outer",
                              "Parallel Aware": true,
                              "Relation Name": "title",
                              "Alias": "t",
                              "Startup Cost": 0.0,
                              "Total Cost": 45479.1,
                              "Plan Rows": 15074,
                              "Plan Width": 4,
                              "Actual Startup Time": 46.039,
                              "Actual Total Time": 92.813,
                              "Actual Rows": 15395,
                              "Actual Loops": 4,
                              "Filter": "((production_year > 2011) AND (kind_id = 1))",
                              "Rows Removed by Filter": 616683
                            }
                          ]
                        }
                      ]
                    },
                    {
                      "Node Type": "Index Scan",
                      "Parent Relationship": "Inner",
                      "Parallel Aware": false,
                      "Scan Direction": "Forward",
                      "Index Name": "movie_id_movie_info",
                      "Relation Name": "movie_info",
                      "Alias": "mi",
                      "Startup Cost": 0.43,
                      "Total Cost": 1.48,
                      "Plan Rows": 28,
                      "Plan Width": 4,
                      "Actual Startup Time": 0.004,
                      "Actual Total Time": 0.015,
                      "Actual Rows": 53,
                      "Actual Loops": 79221,
                      "Index Cond": "(movie_id = mk.movie_id)",
                      "Rows Removed by Index Recheck": 0,
                      "Filter": "(info_type_id > 4)",
                      "Rows Removed by Filter": 5
                    }
                  ]
                }
              ]
            }
          ]
        }
      ]
    },
    "Planning Time": 1.477,
    "Triggers": [],
    "Execution Time": 733.584
  }
]