{
  "Plan": {
    "Node Type": "Aggregate",
    "Strategy": "Plain",
    "Partial Mode": "Finalize",
    "Parallel Aware": false,
    "Startup Cost": 114929.76,
    "Total Cost": 114929.77,
    "Plan Rows": 1,
    "Plan Width": 8,
    "Actual Startup Time": 631.438,
    "Actual Total Time": 647.997,
    "Actual Rows": 1,
    "Actual Loops": 1,
    "Plans": [
      {
        "Node Type": "Gather",
        "Parent Relationship": "Outer",
        "Parallel Aware": false,
        "Startup Cost": 114929.65,
        "Total Cost": 114929.76,
        "Plan Rows": 1,
        "Plan Width": 8,
        "Actual Startup Time": 628.63,
        "Actual Total Time": 647.987,
        "Actual Rows": 2,
        "Actual Loops": 1,
        "Workers Planned": 1,
        "Workers Launched": 1,
        "Single Copy": false,
        "Plans": [
          {
            "Node Type": "Aggregate",
            "Strategy": "Plain",
            "Partial Mode": "Partial",
            "Parent Relationship": "Outer",
            "Parallel Aware": false,
            "Startup Cost": 113929.65,
            "Total Cost": 113929.66,
            "Plan Rows": 1,
            "Plan Width": 8,
            "Actual Startup Time": 619.756,
            "Actual Total Time": 619.76,
            "Actual Rows": 1,
            "Actual Loops": 2,
            "Plans": [
              {
                "Node Type": "Hash Join",
                "Parent Relationship": "Outer",
                "Parallel Aware": true,
                "Join Type": "Inner",
                "Startup Cost": 82810.76,
                "Total Cost": 113390.46,
                "Plan Rows": 215676,
                "Plan Width": 0,
                "Actual Startup Time": 448.468,
                "Actual Total Time": 617.838,
                "Actual Rows": 35969,
                "Actual Loops": 2,
                "Inner Unique": true,
                "Hash Cond": "(mk.movie_id = t.id)",
                "Plans": [
                  {
                    "Node Type": "Bitmap Heap Scan",
                    "Parent Relationship": "Outer",
                    "Parallel Aware": true,
                    "Relation Name": "movie_keyword",
                    "Alias": "mk",
                    "Startup Cost": 14604.37,
                    "Total Cost": 44120.93,
                    "Plan Rows": 405005,
                    "Plan Width": 4,
                    "Actual Startup Time": 36.448,
                    "Actual Total Time": 123.879,
                    "Actual Rows": 347818,
                    "Actual Loops": 2,
                    "Recheck Cond": "(keyword_id < 577)",
                    "Rows Removed by Index Recheck": 0,
                    "Exact Heap Blocks": 12613,
                    "Lossy Heap Blocks": 0,
                    "Plans": [
                      {
                        "Node Type": "Bitmap Index Scan",
                        "Parent Relationship": "Outer",
                        "Parallel Aware": false,
                        "Index Name": "keyword_id_movie_keyword",
                        "Startup Cost": 0.0,
                        "Total Cost": 14432.24,
                        "Plan Rows": 688508,
                        "Plan Width": 0,
                        "Actual Startup Time": 32.894,
                        "Actual Total Time": 32.895,
                        "Actual Rows": 695635,
                        "Actual Loops": 1,
                        "Index Cond": "(keyword_id < 577)"
                      }
                    ]
                  },
                  {
                    "Node Type": "Hash",
                    "Parent Relationship": "Inner",
                    "Parallel Aware": true,
                    "Startup Cost": 58306.47,
                    "Total Cost": 58306.47,
                    "Plan Rows": 791994,
                    "Plan Width": 4,
                    "Actual Startup Time": 397.43,
                    "Actual Total Time": 397.431,
                    "Actual Rows": 712507,
                    "Actual Loops": 2,
                    "Hash Buckets": 2097152,
                    "Original Hash Buckets": 2097152,
                    "Hash Batches": 1,
                    "Original Hash Batches": 1,
                    "Peak Memory Usage": 72160,
                    "Plans": [
                      {
                        "Node Type": "Seq Scan",
                        "Parent Relationship": "Outer",
                        "Parallel Aware": true,
                        "Relation Name": "title",
                        "Alias": "t",
                        "Startup Cost": 0.0,
                        "Total Cost": 58306.47,
                        "Plan Rows": 791994,
                        "Plan Width": 4,
                        "Actual Startup Time": 0.03,
                        "Actual Total Time": 177.855,
                        "Actual Rows": 712507,
                        "Actual Loops": 2,
                        "Filter": "((production_year > 1960) AND (kind_id = 7))",
                        "Rows Removed by Filter": 551649
                      }
                    ]
                  }
                ]
              }
            ]
          }
        ]
      }
    ]
  },
  "Planning Time": 0.747,
  "Triggers": [],
  "Execution Time": 648.096
}