{
  "Plan": {
    "Node Type": "Aggregate",
    "Strategy": "Plain",
    "Partial Mode": "Finalize",
    "Parallel Aware": false,
    "Startup Cost": 95003.55,
    "Total Cost": 95003.56,
    "Plan Rows": 1,
    "Plan Width": 8,
    "Actual Startup Time": 496.017,
    "Actual Total Time": 512.822,
    "Actual Rows": 1,
    "Actual Loops": 1,
    "Plans": [
      {
        "Node Type": "Gather",
        "Parent Relationship": "Outer",
        "Parallel Aware": false,
        "Startup Cost": 95003.44,
        "Total Cost": 95003.55,
        "Plan Rows": 1,
        "Plan Width": 8,
        "Actual Startup Time": 495.693,
        "Actual Total Time": 512.812,
        "Actual Rows": 2,
        "Actual Loops": 1,
        "Workers Planned": 1,
        "Workers Launched": 1,
        "Single Copy": false,
        "Plans": [
          {
            "Node Type": "Aggregate",
            "Strategy": "Plain",
            "Partial Mode": "Partial",
            "Parent Relationship": "Outer",
            "Parallel Aware": false,
            "Startup Cost": 94003.44,
            "Total Cost": 94003.45,
            "Plan Rows": 1,
            "Plan Width": 8,
            "Actual Startup Time": 490.746,
            "Actual Total Time": 490.752,
            "Actual Rows": 1,
            "Actual Loops": 2,
            "Plans": [
              {
                "Node Type": "Nested Loop",
                "Parent Relationship": "Outer",
                "Parallel Aware": false,
                "Join Type": "Inner",
                "Startup Cost": 21534.98,
                "Total Cost": 93992.93,
                "Plan Rows": 4204,
                "Plan Width": 0,
                "Actual Startup Time": 57.948,
                "Actual Total Time": 489.427,
                "Actual Rows": 13026,
                "Actual Loops": 2,
                "Inner Unique": false,
                "Plans": [
                  {
                    "Node Type": "Hash Join",
                    "Parent Relationship": "Outer",
                    "Parallel Aware": true,
                    "Join Type": "Inner",
                    "Startup Cost": 21534.55,
                    "Total Cost": 81837.57,
                    "Plan Rows": 23379,
                    "Plan Width": 8,
                    "Actual Startup Time": 57.639,
                    "Actual Total Time": 393.724,
                    "Actual Rows": 33260,
                    "Actual Loops": 2,
                    "Inner Unique": false,
                    "Hash Cond": "(t.id = mc.movie_id)",
                    "Plans": [
                      {
                        "Node Type": "Seq Scan",
                        "Parent Relationship": "Outer",
                        "Parallel Aware": true,
                        "Relation Name": "title",
                        "Alias": "t",
                        "Startup Cost": 0.0,
                        "Total Cost": 50870.31,
                        "Plan Rows": 1487231,
                        "Plan Width": 4,
                        "Actual Startup Time": 0.012,
                        "Actual Total Time": 140.048,
                        "Actual Rows": 1264156,
                        "Actual Loops": 2
                      },
                      {
                        "Node Type": "Hash",
                        "Parent Relationship": "Inner",
                        "Parallel Aware": true,
                        "Startup Cost": 21242.31,
                        "Total Cost": 21242.31,
                        "Plan Rows": 23379,
                        "Plan Width": 4,
                        "Actual Startup Time": 56.184,
                        "Actual Total Time": 56.186,
                        "Actual Rows": 33260,
                        "Actual Loops": 2,
                        "Hash Buckets": 65536,
                        "Original Hash Buckets": 65536,
                        "Hash Batches": 1,
                        "Original Hash Batches": 1,
                        "Peak Memory Usage": 3136,
                        "Plans": [
                          {
                            "Node Type": "Bitmap Heap Scan",
                            "Parent Relationship": "Outer",
                            "Parallel Aware": true,
                            "Relation Name": "movie_companies",
                            "Alias": "mc",
                            "Startup Cost": 1739.91,
                            "Total Cost": 21242.31,
                            "Plan Rows": 23379,
                            "Plan Width": 4,
                            "Actual Startup Time": 13.79,
                            "Actual Total Time": 43.463,
                            "Actual Rows": 33260,
                            "Actual Loops": 2,
                            "Recheck Cond": "(company_id < 19)",
                            "Rows Removed by Index Recheck": 0,
                            "Filter": "(company_type_id < 2)",
                            "Rows Removed by Filter": 8776,
                            "Exact Heap Blocks": 6446,
                            "Lossy Heap Blocks": 0,
                            "Plans": [
                              {
                                "Node Type": "Bitmap Index Scan",
                                "Parent Relationship": "Outer",
                                "Parallel Aware": false,
                                "Index Name": "company_id_movie_companies",
                                "Startup Cost": 0.0,
                                "Total Cost": 1729.97,
                                "Plan Rows": 80739,
                                "Plan Width": 0,
                                "Actual Startup Time": 13.621,
                                "Actual Total Time": 13.622,
                                "Actual Rows": 84071,
                                "Actual Loops": 1,
                                "Index Cond": "(company_id < 19)"
                              }
                            ]
                          }
                        ]
                      }
                    ]
                  },
                  {
                    "Node Type": "Index Scan",
                    "Parent Relationship": "Inner",
                    "Parallel Aware": false,
                    "Scan Direction": "Forward",
                    "Index Name": "movie_id_movie_info_idx",
                    "Relation Name": "movie_info_idx",
                    "Alias": "mi_idx",
                    "Startup Cost": 0.43,
                    "Total Cost": 0.51,
                    "Plan Rows": 1,
                    "Plan Width": 4,
                    "Actual Startup Time": 0.002,
                    "Actual Total Time": 0.003,
                    "Actual Rows": 0,
                    "Actual Loops": 66520,
                    "Index Cond": "(movie_id = t.id)",
                    "Rows Removed by Index Recheck": 0,
                    "Filter": "(info_type_id = 99)",
                    "Rows Removed by Filter": 1
                  }
                ]
              }
            ]
          }
        ]
      }
    ]
  },
  "Planning Time": 0.899,
  "Triggers": [],
  "Execution Time": 512.93
}