{
  "Plan": {
    "Node Type": "Aggregate",
    "Strategy": "Plain",
    "Partial Mode": "Finalize",
    "Parallel Aware": false,
    "Startup Cost": 113177.12,
    "Total Cost": 113177.13,
    "Plan Rows": 1,
    "Plan Width": 8,
    "Actual Startup Time": 594.761,
    "Actual Total Time": 611.039,
    "Actual Rows": 1,
    "Actual Loops": 1,
    "Plans": [
      {
        "Node Type": "Gather",
        "Parent Relationship": "Outer",
        "Parallel Aware": false,
        "Startup Cost": 113177.01,
        "Total Cost": 113177.12,
        "Plan Rows": 1,
        "Plan Width": 8,
        "Actual Startup Time": 593.23,
        "Actual Total Time": 611.03,
        "Actual Rows": 2,
        "Actual Loops": 1,
        "Workers Planned": 1,
        "Workers Launched": 1,
        "Single Copy": false,
        "Plans": [
          {
            "Node Type": "Aggregate",
            "Strategy": "Plain",
            "Partial Mode": "Partial",
            "Parent Relationship": "Outer",
            "Parallel Aware": false,
            "Startup Cost": 112177.01,
            "Total Cost": 112177.02,
            "Plan Rows": 1,
            "Plan Width": 8,
            "Actual Startup Time": 587.632,
            "Actual Total Time": 587.635,
            "Actual Rows": 1,
            "Actual Loops": 2,
            "Plans": [
              {
                "Node Type": "Hash Join",
                "Parent Relationship": "Outer",
                "Parallel Aware": true,
                "Join Type": "Inner",
                "Startup Cost": 47917.23,
                "Total Cost": 110955.91,
                "Plan Rows": 488440,
                "Plan Width": 0,
                "Actual Startup Time": 193.75,
                "Actual Total Time": 577.02,
                "Actual Rows": 260952,
                "Actual Loops": 2,
                "Inner Unique": false,
                "Hash Cond": "(t.id = mc.movie_id)",
                "Plans": [
                  {
                    "Node Type": "Seq Scan",
                    "Parent Relationship": "Outer",
                    "Parallel Aware": true,
                    "Relation Name": "title",
                    "Alias": "t",
                    "Startup Cost": 0.0,
                    "Total Cost": 50870.31,
                    "Plan Rows": 1487231,
                    "Plan Width": 4,
                    "Actual Startup Time": 0.009,
                    "Actual Total Time": 117.457,
                    "Actual Rows": 1264156,
                    "Actual Loops": 2
                  },
                  {
                    "Node Type": "Hash",
                    "Parent Relationship": "Inner",
                    "Parallel Aware": true,
                    "Startup Cost": 41811.73,
                    "Total Cost": 41811.73,
                    "Plan Rows": 488440,
                    "Plan Width": 4,
                    "Actual Startup Time": 184.912,
                    "Actual Total Time": 184.913,
                    "Actual Rows": 260952,
                    "Actual Loops": 2,
                    "Hash Buckets": 1048576,
                    "Original Hash Buckets": 1048576,
                    "Hash Batches": 1,
                    "Original Hash Batches": 1,
                    "Peak Memory Usage": 28640,
                    "Plans": [
                      {
                        "Node Type": "Seq Scan",
                        "Parent Relationship": "Outer",
                        "Parallel Aware": true,
                        "Relation Name": "movie_companies",
                        "Alias": "mc",
                        "Startup Cost": 0.0,
                        "Total Cost": 41811.73,
                        "Plan Rows": 488440,
                        "Plan Width": 4,
                        "Actual Startup Time": 66.479,
                        "Actual Total Time": 126.381,
                        "Actual Rows": 260952,
                        "Actual Loops": 2,
                        "Filter": "((company_id < 17165) AND (company_type_id = 2))",
                        "Rows Removed by Filter": 1043613
                      }
                    ]
                  }
                ]
              }
            ]
          }
        ]
      }
    ]
  },
  "Planning Time": 0.758,
  "Triggers": [],
  "Execution Time": 611.112
}