[
    {
        "Bao": {
            "Bao prediction": "NaN",
            "Bao recommended hint": "(no hint)"
        }
    },
    {
        "Plan": {
            "Node Type": "Aggregate",
            "Strategy": "Plain",
            "Partial Mode": "Finalize",
            "Parallel Aware": false,
            "Startup Cost": 32726.03,
            "Total Cost": 32726.04,
            "Plan Rows": 1,
            "Plan Width": 8,
            "Actual Startup Time": 95.946,
            "Actual Total Time": 101.347,
            "Actual Rows": 1,
            "Actual Loops": 1,
            "Output": [
                "count(*)"
            ],
            "Plans": [
                {
                    "Node Type": "Gather",
                    "Parent Relationship": "Outer",
                    "Parallel Aware": false,
                    "Startup Cost": 32725.71,
                    "Total Cost": 32726.02,
                    "Plan Rows": 3,
                    "Plan Width": 8,
                    "Actual Startup Time": 95.86,
                    "Actual Total Time": 101.341,
                    "Actual Rows": 4,
                    "Actual Loops": 1,
                    "Output": [
                        "(PARTIAL count(*))"
                    ],
                    "Workers Planned": 3,
                    "Workers Launched": 3,
                    "Single Copy": false,
                    "Plans": [
                        {
                            "Node Type": "Aggregate",
                            "Strategy": "Plain",
                            "Partial Mode": "Partial",
                            "Parent Relationship": "Outer",
                            "Parallel Aware": false,
                            "Startup Cost": 31725.71,
                            "Total Cost": 31725.72,
                            "Plan Rows": 1,
                            "Plan Width": 8,
                            "Actual Startup Time": 87.854,
                            "Actual Total Time": 87.855,
                            "Actual Rows": 1,
                            "Actual Loops": 4,
                            "Output": [
                                "PARTIAL count(*)"
                            ],
                            "Workers": [
                                {
                                    "Worker Number": 0,
                                    "Actual Startup Time": 85.01,
                                    "Actual Total Time": 85.011,
                                    "Actual Rows": 1,
                                    "Actual Loops": 1
                                },
                                {
                                    "Worker Number": 1,
                                    "Actual Startup Time": 85.343,
                                    "Actual Total Time": 85.344,
                                    "Actual Rows": 1,
                                    "Actual Loops": 1
                                },
                                {
                                    "Worker Number": 2,
                                    "Actual Startup Time": 85.487,
                                    "Actual Total Time": 85.488,
                                    "Actual Rows": 1,
                                    "Actual Loops": 1
                                }
                            ],
                            "Plans": [
                                {
                                    "Node Type": "Seq Scan",
                                    "Parent Relationship": "Outer",
                                    "Parallel Aware": true,
                                    "Relation Name": "movie_companies",
                                    "Schema": "public",
                                    "Alias": "mc",
                                    "Startup Cost": 0.0,
                                    "Total Cost": 31414.82,
                                    "Plan Rows": 124358,
                                    "Plan Width": 0,
                                    "Actual Startup Time": 40.76,
                                    "Actual Total Time": 79.057,
                                    "Actual Rows": 175700,
                                    "Actual Loops": 4,
                                    "Output": [
                                        "id",
                                        "movie_id",
                                        "company_id",
                                        "company_type_id",
                                        "note"
                                    ],
                                    "Filter": "((mc.company_id > 35769) AND (mc.company_type_id = 2))",
                                    "Rows Removed by Filter": 476583,
                                    "Workers": [
                                        {
                                            "Worker Number": 0,
                                            "Actual Startup Time": 37.926,
                                            "Actual Total Time": 76.473,
                                            "Actual Rows": 203378,
                                            "Actual Loops": 1
                                        },
                                        {
                                            "Worker Number": 1,
                                            "Actual Startup Time": 38.245,
                                            "Actual Total Time": 76.685,
                                            "Actual Rows": 130621,
                                            "Actual Loops": 1
                                        },
                                        {
                                            "Worker Number": 2,
                                            "Actual Startup Time": 38.386,
                                            "Actual Total Time": 76.855,
                                            "Actual Rows": 129888,
                                            "Actual Loops": 1
                                        }
                                    ]
                                }
                            ]
                        }
                    ]
                }
            ]
        },
        "Planning Time": 179.563,
        "Triggers": [],
        "Execution Time": 101.393
    }
]