[
  {
    "Plan": {
      "Node Type": "Aggregate",
      "Strategy": "Plain",
      "Partial Mode": "Finalize",
      "Parallel Aware": false,
      "Startup Cost": 287340.18,
      "Total Cost": 287340.19,
      "Plan Rows": 1,
      "Plan Width": 8,
      "Actual Startup Time": 140.822,
      "Actual Total Time": 148.574,
      "Actual Rows": 1,
      "Actual Loops": 1,
      "Plans": [
        {
          "Node Type": "Gather",
          "Parent Relationship": "Outer",
          "Parallel Aware": false,
          "Startup Cost": 287339.56,
          "Total Cost": 287340.17,
          "Plan Rows": 6,
          "Plan Width": 8,
          "Actual Startup Time": 140.206,
          "Actual Total Time": 148.561,
          "Actual Rows": 7,
          "Actual Loops": 1,
          "Workers Planned": 6,
          "Workers Launched": 6,
          "Single Copy": false,
          "Plans": [
            {
              "Node Type": "Aggregate",
              "Strategy": "Plain",
              "Partial Mode": "Partial",
              "Parent Relationship": "Outer",
              "Parallel Aware": false,
              "Startup Cost": 286339.56,
              "Total Cost": 286339.57,
              "Plan Rows": 1,
              "Plan Width": 8,
              "Actual Startup Time": 133.804,
              "Actual Total Time": 133.807,
              "Actual Rows": 1,
              "Actual Loops": 7,
              "Plans": [
                {
                  "Node Type": "Bitmap Heap Scan",
                  "Parent Relationship": "Outer",
                  "Parallel Aware": true,
                  "Relation Name": "cast_info",
                  "Alias": "ci",
                  "Startup Cost": 30035.13,
                  "Total Cost": 286148.84,
                  "Plan Rows": 76286,
                  "Plan Width": 0,
                  "Actual Startup Time": 116.488,
                  "Actual Total Time": 131.801,
                  "Actual Rows": 40420,
                  "Actual Loops": 7,
                  "Recheck Cond": "(person_id < 141494)",
                  "Rows Removed by Index Recheck": 0,
                  "Filter": "(role_id > 3)",
                  "Rows Removed by Filter": 160938,
                  "Exact Heap Blocks": 3277,
                  "Lossy Heap Blocks": 0,
                  "Plans": [
                    {
                      "Node Type": "Bitmap Index Scan",
                      "Parent Relationship": "Outer",
                      "Parallel Aware": false,
                      "Index Name": "person_id_cast_info",
                      "Startup Cost": 0.0,
                      "Total Cost": 29920.7,
                      "Plan Rows": 1370685,
                      "Plan Width": 0,
                      "Actual Startup Time": 66.771,
                      "Actual Total Time": 66.772,
                      "Actual Rows": 1409503,
                      "Actual Loops": 1,
                      "Index Cond": "(person_id < 141494)"
                    }
                  ]
                }
              ]
            }
          ]
        }
      ]
    },
    "Planning Time": 0.116,
    "Triggers": [],
    "Execution Time": 148.619
  }
]