[
  {
    "Plan": {
      "Node Type": "Aggregate",
      "Strategy": "Plain",
      "Partial Mode": "Finalize",
      "Parallel Aware": false,
      "Startup Cost": 287358.84,
      "Total Cost": 287358.85,
      "Plan Rows": 1,
      "Plan Width": 8,
      "Actual Startup Time": 158.268,
      "Actual Total Time": 165.062,
      "Actual Rows": 1,
      "Actual Loops": 1,
      "Plans": [
        {
          "Node Type": "Gather",
          "Parent Relationship": "Outer",
          "Parallel Aware": false,
          "Startup Cost": 287358.21,
          "Total Cost": 287358.82,
          "Plan Rows": 6,
          "Plan Width": 8,
          "Actual Startup Time": 157.612,
          "Actual Total Time": 165.054,
          "Actual Rows": 7,
          "Actual Loops": 1,
          "Workers Planned": 6,
          "Workers Launched": 6,
          "Single Copy": false,
          "Plans": [
            {
              "Node Type": "Aggregate",
              "Strategy": "Plain",
              "Partial Mode": "Partial",
              "Parent Relationship": "Outer",
              "Parallel Aware": false,
              "Startup Cost": 286358.21,
              "Total Cost": 286358.22,
              "Plan Rows": 1,
              "Plan Width": 8,
              "Actual Startup Time": 148.861,
              "Actual Total Time": 148.862,
              "Actual Rows": 1,
              "Actual Loops": 7,
              "Plans": [
                {
                  "Node Type": "Bitmap Heap Scan",
                  "Parent Relationship": "Outer",
                  "Parallel Aware": true,
                  "Relation Name": "cast_info",
                  "Alias": "ci",
                  "Startup Cost": 30049.81,
                  "Total Cost": 286163.65,
                  "Plan Rows": 77827,
                  "Plan Width": 0,
                  "Actual Startup Time": 132.238,
                  "Actual Total Time": 146.915,
                  "Actual Rows": 40420,
                  "Actual Loops": 7,
                  "Recheck Cond": "(person_id < 141494)",
                  "Rows Removed by Index Recheck": 0,
                  "Filter": "(role_id > 3)",
                  "Rows Removed by Filter": 160938,
                  "Exact Heap Blocks": 3122,
                  "Lossy Heap Blocks": 0,
                  "Plans": [
                    {
                      "Node Type": "Bitmap Index Scan",
                      "Parent Relationship": "Outer",
                      "Parallel Aware": false,
                      "Index Name": "person_id_cast_info",
                      "Startup Cost": 0.0,
                      "Total Cost": 29933.07,
                      "Plan Rows": 1370734,
                      "Plan Width": 0,
                      "Actual Startup Time": 83.238,
                      "Actual Total Time": 83.239,
                      "Actual Rows": 1409503,
                      "Actual Loops": 1,
                      "Index Cond": "(person_id < 141494)"
                    }
                  ]
                }
              ]
            }
          ]
        }
      ]
    },
    "Planning Time": 0.197,
    "Triggers": [],
    "Execution Time": 165.136
  }
]