[
  {
    "Plan": {
      "Node Type": "Aggregate",
      "Strategy": "Plain",
      "Partial Mode": "Finalize",
      "Parallel Aware": false,
      "Startup Cost": 111714.66,
      "Total Cost": 111714.67,
      "Plan Rows": 1,
      "Plan Width": 8,
      "Actual Startup Time": 725.785,
      "Actual Total Time": 745.704,
      "Actual Rows": 1,
      "Actual Loops": 1,
      "Plans": [
        {
          "Node Type": "Gather",
          "Parent Relationship": "Outer",
          "Parallel Aware": false,
          "Startup Cost": 111714.34,
          "Total Cost": 111714.65,
          "Plan Rows": 3,
          "Plan Width": 8,
          "Actual Startup Time": 715.68,
          "Actual Total Time": 745.697,
          "Actual Rows": 4,
          "Actual Loops": 1,
          "Workers Planned": 3,
          "Workers Launched": 3,
          "Single Copy": false,
          "Plans": [
            {
              "Node Type": "Aggregate",
              "Strategy": "Plain",
              "Partial Mode": "Partial",
              "Parent Relationship": "Outer",
              "Parallel Aware": false,
              "Startup Cost": 110714.34,
              "Total Cost": 110714.35,
              "Plan Rows": 1,
              "Plan Width": 8,
              "Actual Startup Time": 703.615,
              "Actual Total Time": 703.621,
              "Actual Rows": 1,
              "Actual Loops": 4,
              "Plans": [
                {
                  "Node Type": "Hash Join",
                  "Parent Relationship": "Outer",
                  "Parallel Aware": true,
                  "Join Type": "Inner",
                  "Startup Cost": 80013.98,
                  "Total Cost": 110566.93,
                  "Plan Rows": 58962,
                  "Plan Width": 0,
                  "Actual Startup Time": 533.346,
                  "Actual Total Time": 684.124,
                  "Actual Rows": 412117,
                  "Actual Loops": 4,
                  "Inner Unique": false,
                  "Hash Cond": "(mc.movie_id = t.id)",
                  "Plans": [
                    {
                      "Node Type": "Seq Scan",
                      "Parent Relationship": "Outer",
                      "Parallel Aware": true,
                      "Relation Name": "movie_companies",
                      "Alias": "mc",
                      "Startup Cost": 0.0,
                      "Total Cost": 27206.55,
                      "Plan Rows": 841655,
                      "Plan Width": 4,
                      "Actual Startup Time": 0.018,
                      "Actual Total Time": 64.54,
                      "Actual Rows": 652282,
                      "Actual Loops": 4
                    },
                    {
                      "Node Type": "Hash",
                      "Parent Relationship": "Inner",
                      "Parallel Aware": true,
                      "Startup Cost": 79299.76,
                      "Total Cost": 79299.76,
                      "Plan Rows": 57138,
                      "Plan Width": 8,
                      "Actual Startup Time": 502.281,
                      "Actual Total Time": 502.286,
                      "Actual Rows": 44641,
                      "Actual Loops": 4,
                      "Hash Buckets": 262144,
                      "Original Hash Buckets": 262144,
                      "Hash Batches": 1,
                      "Original Hash Batches": 1,
                      "Peak Memory Usage": 9088,
                      "Plans": [
                        {
                          "Node Type": "Hash Join",
                          "Parent Relationship": "Outer",
                          "Parallel Aware": true,
                          "Join Type": "Inner",
                          "Startup Cost": 53981.55,
                          "Total Cost": 79299.76,
                          "Plan Rows": 57138,
                          "Plan Width": 8,
                          "Actual Startup Time": 417.423,
                          "Actual Total Time": 478.074,
                          "Actual Rows": 44641,
                          "Actual Loops": 4,
                          "Inner Unique": true,
                          "Hash Cond": "(mk.movie_id = t.id)",
                          "Plans": [
                            {
                              "Node Type": "Bitmap Heap Scan",
                              "Parent Relationship": "Outer",
                              "Parallel Aware": true,
                              "Relation Name": "movie_keyword",
                              "Alias": "mk",
                              "Startup Cost": 3761.17,
                              "Total Cost": 28929.39,
                              "Plan Rows": 57138,
                              "Plan Width": 4,
                              "Actual Startup Time": 13.615,
                              "Actual Total Time": 52.55,
                              "Actual Rows": 44641,
                              "Actual Loops": 4,
                              "Recheck Cond": "(keyword_id > 71708)",
                              "Rows Removed by Index Recheck": 0,
                              "Exact Heap Blocks": 7083,
                              "Lossy Heap Blocks": 0,
                              "Plans": [
                                {
                                  "Node Type": "Bitmap Index Scan",
                                  "Parent Relationship": "Outer",
                                  "Parallel Aware": false,
                                  "Index Name": "keyword_id_movie_keyword",
                                  "Startup Cost": 0.0,
                                  "Total Cost": 3716.88,
                                  "Plan Rows": 177127,
                                  "Plan Width": 0,
                                  "Actual Startup Time": 10.717,
                                  "Actual Total Time": 10.718,
                                  "Actual Rows": 178564,
                                  "Actual Loops": 1,
                                  "Index Cond": "(keyword_id > 71708)"
                                }
                              ]
                            },
                            {
                              "Node Type": "Hash",
                              "Parent Relationship": "Inner",
                              "Parallel Aware": true,
                              "Startup Cost": 42319.06,
                              "Total Cost": 42319.06,
                              "Plan Rows": 632106,
                              "Plan Width": 4,
                              "Actual Startup Time": 396.935,
                              "Actual Total Time": 396.936,
                              "Actual Rows": 632078,
                              "Actual Loops": 4,
                              "Hash Buckets": 4194304,
                              "Original Hash Buckets": 4194304,
                              "Hash Batches": 1,
                              "Original Hash Batches": 1,
                              "Peak Memory Usage": 131712,
                              "Plans": [
                                {
                                  "Node Type": "Seq Scan",
                                  "Parent Relationship": "Outer",
                                  "Parallel Aware": true,
                                  "Relation Name": "title",
                                  "Alias": "t",
                                  "Startup Cost": 0.0,
                                  "Total Cost": 42319.06,
                                  "Plan Rows": 632106,
                                  "Plan Width": 4,
                                  "Actual Startup Time": 0.037,
                                  "Actual Total Time": 118.295,
                                  "Actual Rows": 632078,
                                  "Actual Loops": 4
                                }
                              ]
                            }
                          ]
                        }
                      ]
                    }
                  ]
                }
              ]
            }
          ]
        }
      ]
    },
    "Planning Time": 0.448,
    "Triggers": [],
    "Execution Time": 745.751
  }
]