[
  {
    "Plan": {
      "Node Type": "Aggregate",
      "Strategy": "Plain",
      "Partial Mode": "Finalize",
      "Parallel Aware": false,
      "Startup Cost": 100616.76,
      "Total Cost": 100616.77,
      "Plan Rows": 1,
      "Plan Width": 8,
      "Actual Startup Time": 504.503,
      "Actual Total Time": 564.72,
      "Actual Rows": 1,
      "Actual Loops": 1,
      "Plans": [
        {
          "Node Type": "Gather",
          "Parent Relationship": "Outer",
          "Parallel Aware": false,
          "Startup Cost": 100616.44,
          "Total Cost": 100616.75,
          "Plan Rows": 3,
          "Plan Width": 8,
          "Actual Startup Time": 504.172,
          "Actual Total Time": 564.709,
          "Actual Rows": 4,
          "Actual Loops": 1,
          "Workers Planned": 3,
          "Workers Launched": 3,
          "Single Copy": false,
          "Plans": [
            {
              "Node Type": "Aggregate",
              "Strategy": "Plain",
              "Partial Mode": "Partial",
              "Parent Relationship": "Outer",
              "Parallel Aware": false,
              "Startup Cost": 99616.44,
              "Total Cost": 99616.45,
              "Plan Rows": 1,
              "Plan Width": 8,
              "Actual Startup Time": 495.306,
              "Actual Total Time": 495.309,
              "Actual Rows": 1,
              "Actual Loops": 4,
              "Plans": [
                {
                  "Node Type": "Nested Loop",
                  "Parent Relationship": "Outer",
                  "Parallel Aware": false,
                  "Join Type": "Inner",
                  "Startup Cost": 45582.24,
                  "Total Cost": 99336.33,
                  "Plan Rows": 112044,
                  "Plan Width": 0,
                  "Actual Startup Time": 106.539,
                  "Actual Total Time": 487.926,
                  "Actual Rows": 116572,
                  "Actual Loops": 4,
                  "Inner Unique": false,
                  "Join Filter": "(t.id = ci.movie_id)",
                  "Rows Removed by Join Filter": 0,
                  "Plans": [
                    {
                      "Node Type": "Hash Join",
                      "Parent Relationship": "Outer",
                      "Parallel Aware": true,
                      "Join Type": "Inner",
                      "Startup Cost": 45581.67,
                      "Total Cost": 76829.24,
                      "Plan Rows": 9580,
                      "Plan Width": 8,
                      "Actual Startup Time": 106.378,
                      "Actual Total Time": 241.535,
                      "Actual Rows": 5605,
                      "Actual Loops": 4,
                      "Inner Unique": true,
                      "Hash Cond": "(mc.movie_id = t.id)",
                      "Plans": [
                        {
                          "Node Type": "Seq Scan",
                          "Parent Relationship": "Outer",
                          "Parallel Aware": true,
                          "Relation Name": "movie_companies",
                          "Alias": "mc",
                          "Startup Cost": 0.0,
                          "Total Cost": 29310.68,
                          "Plan Rows": 737859,
                          "Plan Width": 4,
                          "Actual Startup Time": 0.02,
                          "Actual Total Time": 75.181,
                          "Actual Rows": 570939,
                          "Actual Loops": 4,
                          "Filter": "(company_id < 91400)",
                          "Rows Removed by Filter": 81343
                        },
                        {
                          "Node Type": "Hash",
                          "Parent Relationship": "Inner",
                          "Parallel Aware": true,
                          "Startup Cost": 45479.1,
                          "Total Cost": 45479.1,
                          "Plan Rows": 8206,
                          "Plan Width": 4,
                          "Actual Startup Time": 104.845,
                          "Actual Total Time": 104.846,
                          "Actual Rows": 9877,
                          "Actual Loops": 4,
                          "Hash Buckets": 65536,
                          "Original Hash Buckets": 65536,
                          "Hash Batches": 1,
                          "Original Hash Batches": 1,
                          "Peak Memory Usage": 2112,
                          "Plans": [
                            {
                              "Node Type": "Seq Scan",
                              "Parent Relationship": "Outer",
                              "Parallel Aware": true,
                              "Relation Name": "title",
                              "Alias": "t",
                              "Startup Cost": 0.0,
                              "Total Cost": 45479.1,
                              "Plan Rows": 8206,
                              "Plan Width": 4,
                              "Actual Startup Time": 0.068,
                              "Actual Total Time": 99.617,
                              "Actual Rows": 9877,
                              "Actual Loops": 4,
                              "Filter": "((kind_id > 1) AND (production_year = 1998))",
                              "Rows Removed by Filter": 622201
                            }
                          ]
                        }
                      ]
                    },
                    {
                      "Node Type": "Index Scan",
                      "Parent Relationship": "Inner",
                      "Parallel Aware": false,
                      "Scan Direction": "Forward",
                      "Index Name": "movie_id_cast_info",
                      "Relation Name": "cast_info",
                      "Alias": "ci",
                      "Startup Cost": 0.56,
                      "Total Cost": 1.97,
                      "Plan Rows": 30,
                      "Plan Width": 4,
                      "Actual Startup Time": 0.012,
                      "Actual Total Time": 0.041,
                      "Actual Rows": 21,
                      "Actual Loops": 22419,
                      "Index Cond": "(movie_id = mc.movie_id)",
                      "Rows Removed by Index Recheck": 0,
                      "Filter": "(person_id > 662617)",
                      "Rows Removed by Filter": 5
                    }
                  ]
                }
              ]
            }
          ]
        }
      ]
    },
    "Planning Time": 1.432,
    "Triggers": [],
    "Execution Time": 564.833
  }
]