[
  {
    "Plan": {
      "Node Type": "Aggregate",
      "Strategy": "Plain",
      "Partial Mode": "Finalize",
      "Parallel Aware": false,
      "Startup Cost": 32710.02,
      "Total Cost": 32710.03,
      "Plan Rows": 1,
      "Plan Width": 8,
      "Actual Startup Time": 74.05,
      "Actual Total Time": 81.988,
      "Actual Rows": 1,
      "Actual Loops": 1,
      "Plans": [
        {
          "Node Type": "Gather",
          "Parent Relationship": "Outer",
          "Parallel Aware": false,
          "Startup Cost": 32709.7,
          "Total Cost": 32710.01,
          "Plan Rows": 3,
          "Plan Width": 8,
          "Actual Startup Time": 73.941,
          "Actual Total Time": 81.981,
          "Actual Rows": 4,
          "Actual Loops": 1,
          "Workers Planned": 3,
          "Workers Launched": 3,
          "Single Copy": false,
          "Plans": [
            {
              "Node Type": "Aggregate",
              "Strategy": "Plain",
              "Partial Mode": "Partial",
              "Parent Relationship": "Outer",
              "Parallel Aware": false,
              "Startup Cost": 31709.7,
              "Total Cost": 31709.71,
              "Plan Rows": 1,
              "Plan Width": 8,
              "Actual Startup Time": 70.135,
              "Actual Total Time": 70.136,
              "Actual Rows": 1,
              "Actual Loops": 4,
              "Plans": [
                {
                  "Node Type": "Seq Scan",
                  "Parent Relationship": "Outer",
                  "Parallel Aware": true,
                  "Relation Name": "movie_companies",
                  "Alias": "mc",
                  "Startup Cost": 0.0,
                  "Total Cost": 31414.82,
                  "Plan Rows": 117953,
                  "Plan Width": 0,
                  "Actual Startup Time": 21.876,
                  "Actual Total Time": 69.465,
                  "Actual Rows": 12149,
                  "Actual Loops": 4,
                  "Filter": "((company_id > 38436) AND (company_type_id = 1))",
                  "Rows Removed by Filter": 640133
                }
              ]
            }
          ]
        }
      ]
    },
    "Planning Time": 0.114,
    "Triggers": [],
    "Execution Time": 82.021
  }
]