[
  {
    "Plan": {
      "Node Type": "Aggregate",
      "Strategy": "Plain",
      "Partial Mode": "Finalize",
      "Parallel Aware": false,
      "Startup Cost": 124641.01,
      "Total Cost": 124641.02,
      "Plan Rows": 1,
      "Plan Width": 8,
      "Actual Startup Time": 473.604,
      "Actual Total Time": 494.87,
      "Actual Rows": 1,
      "Actual Loops": 1,
      "Plans": [
        {
          "Node Type": "Gather",
          "Parent Relationship": "Outer",
          "Parallel Aware": false,
          "Startup Cost": 124640.69,
          "Total Cost": 124641.0,
          "Plan Rows": 3,
          "Plan Width": 8,
          "Actual Startup Time": 469.103,
          "Actual Total Time": 494.851,
          "Actual Rows": 4,
          "Actual Loops": 1,
          "Workers Planned": 3,
          "Workers Launched": 3,
          "Single Copy": false,
          "Plans": [
            {
              "Node Type": "Aggregate",
              "Strategy": "Plain",
              "Partial Mode": "Partial",
              "Parent Relationship": "Outer",
              "Parallel Aware": false,
              "Startup Cost": 123640.69,
              "Total Cost": 123640.7,
              "Plan Rows": 1,
              "Plan Width": 8,
              "Actual Startup Time": 457.277,
              "Actual Total Time": 457.282,
              "Actual Rows": 1,
              "Actual Loops": 4,
              "Plans": [
                {
                  "Node Type": "Hash Join",
                  "Parent Relationship": "Outer",
                  "Parallel Aware": true,
                  "Join Type": "Inner",
                  "Startup Cost": 78677.8,
                  "Total Cost": 123447.23,
                  "Plan Rows": 77384,
                  "Plan Width": 0,
                  "Actual Startup Time": 271.456,
                  "Actual Total Time": 454.874,
                  "Actual Rows": 54300,
                  "Actual Loops": 4,
                  "Inner Unique": false,
                  "Hash Cond": "(mk.movie_id = t.id)",
                  "Plans": [
                    {
                      "Node Type": "Seq Scan",
                      "Parent Relationship": "Outer",
                      "Parallel Aware": true,
                      "Relation Name": "movie_keyword",
                      "Alias": "mk",
                      "Startup Cost": 0.0,
                      "Total Cost": 39047.32,
                      "Plan Rows": 1459332,
                      "Plan Width": 4,
                      "Actual Startup Time": 0.033,
                      "Actual Total Time": 95.002,
                      "Actual Rows": 1130982,
                      "Actual Loops": 4
                    },
                    {
                      "Node Type": "Hash",
                      "Parent Relationship": "Inner",
                      "Parallel Aware": true,
                      "Startup Cost": 78137.21,
                      "Total Cost": 78137.21,
                      "Plan Rows": 43247,
                      "Plan Width": 8,
                      "Actual Startup Time": 268.859,
                      "Actual Total Time": 268.863,
                      "Actual Rows": 13633,
                      "Actual Loops": 4,
                      "Hash Buckets": 262144,
                      "Original Hash Buckets": 262144,
                      "Hash Batches": 1,
                      "Original Hash Batches": 1,
                      "Peak Memory Usage": 4256,
                      "Plans": [
                        {
                          "Node Type": "Hash Join",
                          "Parent Relationship": "Outer",
                          "Parallel Aware": true,
                          "Join Type": "Inner",
                          "Startup Cost": 46357.58,
                          "Total Cost": 78137.21,
                          "Plan Rows": 43247,
                          "Plan Width": 8,
                          "Actual Startup Time": 210.261,
                          "Actual Total Time": 264.024,
                          "Actual Rows": 13633,
                          "Actual Loops": 4,
                          "Inner Unique": true,
                          "Hash Cond": "(mc.movie_id = t.id)",
                          "Plans": [
                            {
                              "Node Type": "Seq Scan",
                              "Parent Relationship": "Outer",
                              "Parallel Aware": true,
                              "Relation Name": "movie_companies",
                              "Alias": "mc",
                              "Startup Cost": 0.0,
                              "Total Cost": 31414.82,
                              "Plan Rows": 138976,
                              "Plan Width": 4,
                              "Actual Startup Time": 31.898,
                              "Actual Total Time": 62.674,
                              "Actual Rows": 61621,
                              "Actual Loops": 4,
                              "Filter": "((company_id < 2253) AND (company_type_id > 1))",
                              "Rows Removed by Filter": 590662
                            },
                            {
                              "Node Type": "Hash",
                              "Parent Relationship": "Inner",
                              "Parallel Aware": true,
                              "Startup Cost": 43898.92,
                              "Total Cost": 43898.92,
                              "Plan Rows": 196693,
                              "Plan Width": 4,
                              "Actual Startup Time": 174.906,
                              "Actual Total Time": 174.907,
                              "Actual Rows": 196232,
                              "Actual Loops": 4,
                              "Hash Buckets": 1048576,
                              "Original Hash Buckets": 1048576,
                              "Hash Batches": 1,
                              "Original Hash Batches": 1,
                              "Peak Memory Usage": 38944,
                              "Plans": [
                                {
                                  "Node Type": "Seq Scan",
                                  "Parent Relationship": "Outer",
                                  "Parallel Aware": true,
                                  "Relation Name": "title",
                                  "Alias": "t",
                                  "Startup Cost": 0.0,
                                  "Total Cost": 43898.92,
                                  "Plan Rows": 196693,
                                  "Plan Width": 4,
                                  "Actual Startup Time": 0.036,
                                  "Actual Total Time": 105.895,
                                  "Actual Rows": 196232,
                                  "Actual Loops": 4,
                                  "Filter": "(production_year > 2007)",
                                  "Rows Removed by Filter": 435846
                                }
                              ]
                            }
                          ]
                        }
                      ]
                    }
                  ]
                }
              ]
            }
          ]
        }
      ]
    },
    "Planning Time": 1.418,
    "Triggers": [],
    "Execution Time": 494.946
  }
]