[
  {
    "Plan": {
      "Node Type": "Aggregate",
      "Strategy": "Plain",
      "Partial Mode": "Finalize",
      "Parallel Aware": false,
      "Startup Cost": 44877.51,
      "Total Cost": 44877.52,
      "Plan Rows": 1,
      "Plan Width": 8,
      "Actual Startup Time": 171.159,
      "Actual Total Time": 202.867,
      "Actual Rows": 1,
      "Actual Loops": 1,
      "Plans": [
        {
          "Node Type": "Gather",
          "Parent Relationship": "Outer",
          "Parallel Aware": false,
          "Startup Cost": 44877.3,
          "Total Cost": 44877.51,
          "Plan Rows": 2,
          "Plan Width": 8,
          "Actual Startup Time": 170.94,
          "Actual Total Time": 202.84,
          "Actual Rows": 3,
          "Actual Loops": 1,
          "Workers Planned": 2,
          "Workers Launched": 2,
          "Single Copy": false,
          "Plans": [
            {
              "Node Type": "Aggregate",
              "Strategy": "Plain",
              "Partial Mode": "Partial",
              "Parent Relationship": "Outer",
              "Parallel Aware": false,
              "Startup Cost": 43877.3,
              "Total Cost": 43877.31,
              "Plan Rows": 1,
              "Plan Width": 8,
              "Actual Startup Time": 167.41,
              "Actual Total Time": 167.413,
              "Actual Rows": 1,
              "Actual Loops": 3,
              "Plans": [
                {
                  "Node Type": "Nested Loop",
                  "Parent Relationship": "Outer",
                  "Parallel Aware": false,
                  "Join Type": "Inner",
                  "Startup Cost": 163.73,
                  "Total Cost": 43831.18,
                  "Plan Rows": 18447,
                  "Plan Width": 0,
                  "Actual Startup Time": 4.968,
                  "Actual Total Time": 160.144,
                  "Actual Rows": 136771,
                  "Actual Loops": 3,
                  "Inner Unique": false,
                  "Plans": [
                    {
                      "Node Type": "Nested Loop",
                      "Parent Relationship": "Outer",
                      "Parallel Aware": false,
                      "Join Type": "Inner",
                      "Startup Cost": 163.3,
                      "Total Cost": 37847.19,
                      "Plan Rows": 3142,
                      "Plan Width": 8,
                      "Actual Startup Time": 4.865,
                      "Actual Total Time": 36.689,
                      "Actual Rows": 2568,
                      "Actual Loops": 3,
                      "Inner Unique": true,
                      "Plans": [
                        {
                          "Node Type": "Bitmap Heap Scan",
                          "Parent Relationship": "Outer",
                          "Parallel Aware": true,
                          "Relation Name": "movie_keyword",
                          "Alias": "mk",
                          "Startup Cost": 162.87,
                          "Total Cost": 16204.0,
                          "Plan Rows": 3142,
                          "Plan Width": 4,
                          "Actual Startup Time": 4.756,
                          "Actual Total Time": 14.26,
                          "Actual Rows": 2568,
                          "Actual Loops": 3,
                          "Recheck Cond": "(keyword_id = 797)",
                          "Rows Removed by Index Recheck": 0,
                          "Exact Heap Blocks": 2863,
                          "Lossy Heap Blocks": 0,
                          "Plans": [
                            {
                              "Node Type": "Bitmap Index Scan",
                              "Parent Relationship": "Outer",
                              "Parallel Aware": false,
                              "Index Name": "keyword_id_movie_keyword",
                              "Startup Cost": 0.0,
                              "Total Cost": 160.98,
                              "Plan Rows": 7540,
                              "Plan Width": 0,
                              "Actual Startup Time": 5.224,
                              "Actual Total Time": 5.225,
                              "Actual Rows": 7704,
                              "Actual Loops": 1,
                              "Index Cond": "(keyword_id = 797)"
                            }
                          ]
                        },
                        {
                          "Node Type": "Index Only Scan",
                          "Parent Relationship": "Inner",
                          "Parallel Aware": false,
                          "Scan Direction": "Forward",
                          "Index Name": "title_pkey",
                          "Relation Name": "title",
                          "Alias": "t",
                          "Startup Cost": 0.43,
                          "Total Cost": 6.89,
                          "Plan Rows": 1,
                          "Plan Width": 4,
                          "Actual Startup Time": 0.008,
                          "Actual Total Time": 0.008,
                          "Actual Rows": 1,
                          "Actual Loops": 7704,
                          "Index Cond": "(id = mk.movie_id)",
                          "Rows Removed by Index Recheck": 0,
                          "Heap Fetches": 7704
                        }
                      ]
                    },
                    {
                      "Node Type": "Index Only Scan",
                      "Parent Relationship": "Inner",
                      "Parallel Aware": false,
                      "Scan Direction": "Forward",
                      "Index Name": "movie_id_movie_info",
                      "Relation Name": "movie_info",
                      "Alias": "mi",
                      "Startup Cost": 0.43,
                      "Total Cost": 1.49,
                      "Plan Rows": 41,
                      "Plan Width": 4,
                      "Actual Startup Time": 0.01,
                      "Actual Total Time": 0.044,
                      "Actual Rows": 53,
                      "Actual Loops": 7704,
                      "Index Cond": "(movie_id = t.id)",
                      "Rows Removed by Index Recheck": 0,
                      "Heap Fetches": 410314
                    }
                  ]
                }
              ]
            }
          ]
        }
      ]
    },
    "Planning Time": 1.185,
    "Triggers": [],
    "Execution Time": 202.964
  }
]