[
  {
    "Plan": {
      "Node Type": "Aggregate",
      "Strategy": "Plain",
      "Partial Mode": "Finalize",
      "Parallel Aware": false,
      "Startup Cost": 42907.78,
      "Total Cost": 42907.79,
      "Plan Rows": 1,
      "Plan Width": 8,
      "Actual Startup Time": 164.988,
      "Actual Total Time": 192.716,
      "Actual Rows": 1,
      "Actual Loops": 1,
      "Plans": [
        {
          "Node Type": "Gather",
          "Parent Relationship": "Outer",
          "Parallel Aware": false,
          "Startup Cost": 42907.56,
          "Total Cost": 42907.77,
          "Plan Rows": 2,
          "Plan Width": 8,
          "Actual Startup Time": 164.813,
          "Actual Total Time": 192.707,
          "Actual Rows": 3,
          "Actual Loops": 1,
          "Workers Planned": 2,
          "Workers Launched": 2,
          "Single Copy": false,
          "Plans": [
            {
              "Node Type": "Aggregate",
              "Strategy": "Plain",
              "Partial Mode": "Partial",
              "Parent Relationship": "Outer",
              "Parallel Aware": false,
              "Startup Cost": 41907.56,
              "Total Cost": 41907.57,
              "Plan Rows": 1,
              "Plan Width": 8,
              "Actual Startup Time": 156.516,
              "Actual Total Time": 156.518,
              "Actual Rows": 1,
              "Actual Loops": 3,
              "Plans": [
                {
                  "Node Type": "Nested Loop",
                  "Parent Relationship": "Outer",
                  "Parallel Aware": false,
                  "Join Type": "Inner",
                  "Startup Cost": 152.22,
                  "Total Cost": 41864.4,
                  "Plan Rows": 17267,
                  "Plan Width": 0,
                  "Actual Startup Time": 3.341,
                  "Actual Total Time": 149.217,
                  "Actual Rows": 136771,
                  "Actual Loops": 3,
                  "Inner Unique": false,
                  "Plans": [
                    {
                      "Node Type": "Nested Loop",
                      "Parent Relationship": "Outer",
                      "Parallel Aware": false,
                      "Join Type": "Inner",
                      "Startup Cost": 151.79,
                      "Total Cost": 36159.1,
                      "Plan Rows": 2953,
                      "Plan Width": 8,
                      "Actual Startup Time": 3.208,
                      "Actual Total Time": 31.83,
                      "Actual Rows": 2568,
                      "Actual Loops": 3,
                      "Inner Unique": true,
                      "Plans": [
                        {
                          "Node Type": "Bitmap Heap Scan",
                          "Parent Relationship": "Outer",
                          "Parallel Aware": true,
                          "Relation Name": "movie_keyword",
                          "Alias": "mk",
                          "Startup Cost": 151.36,
                          "Total Cost": 15607.09,
                          "Plan Rows": 2953,
                          "Plan Width": 4,
                          "Actual Startup Time": 3.033,
                          "Actual Total Time": 11.873,
                          "Actual Rows": 2568,
                          "Actual Loops": 3,
                          "Recheck Cond": "(keyword_id = 797)",
                          "Rows Removed by Index Recheck": 0,
                          "Exact Heap Blocks": 3381,
                          "Lossy Heap Blocks": 0,
                          "Plans": [
                            {
                              "Node Type": "Bitmap Index Scan",
                              "Parent Relationship": "Outer",
                              "Parallel Aware": false,
                              "Index Name": "keyword_id_movie_keyword",
                              "Startup Cost": 0.0,
                              "Total Cost": 149.59,
                              "Plan Rows": 7087,
                              "Plan Width": 0,
                              "Actual Startup Time": 5.646,
                              "Actual Total Time": 5.647,
                              "Actual Rows": 7704,
                              "Actual Loops": 1,
                              "Index Cond": "(keyword_id = 797)"
                            }
                          ]
                        },
                        {
                          "Node Type": "Index Only Scan",
                          "Parent Relationship": "Inner",
                          "Parallel Aware": false,
                          "Scan Direction": "Forward",
                          "Index Name": "title_pkey",
                          "Relation Name": "title",
                          "Alias": "t",
                          "Startup Cost": 0.43,
                          "Total Cost": 6.96,
                          "Plan Rows": 1,
                          "Plan Width": 4,
                          "Actual Startup Time": 0.007,
                          "Actual Total Time": 0.007,
                          "Actual Rows": 1,
                          "Actual Loops": 7704,
                          "Index Cond": "(id = mk.movie_id)",
                          "Rows Removed by Index Recheck": 0,
                          "Heap Fetches": 7704
                        }
                      ]
                    },
                    {
                      "Node Type": "Index Only Scan",
                      "Parent Relationship": "Inner",
                      "Parallel Aware": false,
                      "Scan Direction": "Forward",
                      "Index Name": "movie_id_movie_info",
                      "Relation Name": "movie_info",
                      "Alias": "mi",
                      "Startup Cost": 0.43,
                      "Total Cost": 1.51,
                      "Plan Rows": 42,
                      "Plan Width": 4,
                      "Actual Startup Time": 0.01,
                      "Actual Total Time": 0.042,
                      "Actual Rows": 53,
                      "Actual Loops": 7704,
                      "Index Cond": "(movie_id = t.id)",
                      "Rows Removed by Index Recheck": 0,
                      "Heap Fetches": 410314
                    }
                  ]
                }
              ]
            }
          ]
        }
      ]
    },
    "Planning Time": 1.443,
    "Triggers": [],
    "Execution Time": 192.828
  }
]