{
  "Plan": {
    "Node Type": "Aggregate",
    "Strategy": "Plain",
    "Partial Mode": "Finalize",
    "Parallel Aware": false,
    "Startup Cost": 164224.7,
    "Total Cost": 164224.71,
    "Plan Rows": 1,
    "Plan Width": 8,
    "Actual Startup Time": 1387.045,
    "Actual Total Time": 1412.47,
    "Actual Rows": 1,
    "Actual Loops": 1,
    "Plans": [
      {
        "Node Type": "Gather",
        "Parent Relationship": "Outer",
        "Parallel Aware": false,
        "Startup Cost": 164224.58,
        "Total Cost": 164224.69,
        "Plan Rows": 1,
        "Plan Width": 8,
        "Actual Startup Time": 1379.554,
        "Actual Total Time": 1412.464,
        "Actual Rows": 2,
        "Actual Loops": 1,
        "Workers Planned": 1,
        "Workers Launched": 1,
        "Single Copy": false,
        "Plans": [
          {
            "Node Type": "Aggregate",
            "Strategy": "Plain",
            "Partial Mode": "Partial",
            "Parent Relationship": "Outer",
            "Parallel Aware": false,
            "Startup Cost": 163224.58,
            "Total Cost": 163224.59,
            "Plan Rows": 1,
            "Plan Width": 8,
            "Actual Startup Time": 1371.195,
            "Actual Total Time": 1371.201,
            "Actual Rows": 1,
            "Actual Loops": 2,
            "Plans": [
              {
                "Node Type": "Hash Join",
                "Parent Relationship": "Outer",
                "Parallel Aware": true,
                "Join Type": "Inner",
                "Startup Cost": 97595.7,
                "Total Cost": 162013.95,
                "Plan Rows": 484254,
                "Plan Width": 0,
                "Actual Startup Time": 917.091,
                "Actual Total Time": 1309.556,
                "Actual Rows": 1645238,
                "Actual Loops": 2,
                "Inner Unique": false,
                "Hash Cond": "(mk.movie_id = t.id)",
                "Plans": [
                  {
                    "Node Type": "Seq Scan",
                    "Parent Relationship": "Outer",
                    "Parallel Aware": true,
                    "Relation Name": "movie_keyword",
                    "Alias": "mk",
                    "Startup Cost": 0.0,
                    "Total Cost": 57718.19,
                    "Plan Rows": 1027068,
                    "Plan Width": 4,
                    "Actual Startup Time": 0.719,
                    "Actual Total Time": 178.238,
                    "Actual Rows": 875860,
                    "Actual Loops": 2,
                    "Filter": "(keyword_id > 7949)",
                    "Rows Removed by Filter": 1386105
                  },
                  {
                    "Node Type": "Hash",
                    "Parent Relationship": "Inner",
                    "Parallel Aware": true,
                    "Startup Cost": 88830.49,
                    "Total Cost": 88830.49,
                    "Plan Rows": 701217,
                    "Plan Width": 8,
                    "Actual Startup Time": 900.974,
                    "Actual Total Time": 900.978,
                    "Actual Rows": 609040,
                    "Actual Loops": 2,
                    "Hash Buckets": 2097152,
                    "Original Hash Buckets": 2097152,
                    "Hash Batches": 1,
                    "Original Hash Batches": 1,
                    "Peak Memory Usage": 64096,
                    "Plans": [
                      {
                        "Node Type": "Hash Join",
                        "Parent Relationship": "Outer",
                        "Parallel Aware": true,
                        "Join Type": "Inner",
                        "Startup Cost": 70646.7,
                        "Total Cost": 88830.49,
                        "Plan Rows": 701217,
                        "Plan Width": 8,
                        "Actual Startup Time": 534.035,
                        "Actual Total Time": 764.829,
                        "Actual Rows": 609040,
                        "Actual Loops": 2,
                        "Inner Unique": true,
                        "Hash Cond": "(mi_idx.movie_id = t.id)",
                        "Plans": [
                          {
                            "Node Type": "Seq Scan",
                            "Parent Relationship": "Outer",
                            "Parallel Aware": true,
                            "Relation Name": "movie_info_idx",
                            "Alias": "mi_idx",
                            "Startup Cost": 0.0,
                            "Total Cost": 16052.85,
                            "Plan Rows": 811785,
                            "Plan Width": 4,
                            "Actual Startup Time": 0.019,
                            "Actual Total Time": 52.868,
                            "Actual Rows": 690018,
                            "Actual Loops": 2
                          },
                          {
                            "Node Type": "Hash",
                            "Parent Relationship": "Inner",
                            "Parallel Aware": true,
                            "Startup Cost": 54588.39,
                            "Total Cost": 54588.39,
                            "Plan Rows": 1284665,
                            "Plan Width": 4,
                            "Actual Startup Time": 519.978,
                            "Actual Total Time": 519.979,
                            "Actual Rows": 1085582,
                            "Actual Loops": 2,
                            "Hash Buckets": 4194304,
                            "Original Hash Buckets": 4194304,
                            "Hash Batches": 1,
                            "Original Hash Batches": 1,
                            "Peak Memory Usage": 117760,
                            "Plans": [
                              {
                                "Node Type": "Seq Scan",
                                "Parent Relationship": "Outer",
                                "Parallel Aware": true,
                                "Relation Name": "title",
                                "Alias": "t",
                                "Startup Cost": 0.0,
                                "Total Cost": 54588.39,
                                "Plan Rows": 1284665,
                                "Plan Width": 4,
                                "Actual Startup Time": 0.029,
                                "Actual Total Time": 183.018,
                                "Actual Rows": 1085582,
                                "Actual Loops": 2,
                                "Filter": "(production_year > 1963)",
                                "Rows Removed by Filter": 178574
                              }
                            ]
                          }
                        ]
                      }
                    ]
                  }
                ]
              }
            ]
          }
        ]
      }
    ]
  },
  "Planning Time": 0.953,
  "Triggers": [],
  "Execution Time": 1412.544
}