{
  "Plan": {
    "Node Type": "Aggregate",
    "Strategy": "Plain",
    "Partial Mode": "Finalize",
    "Parallel Aware": false,
    "Startup Cost": 91246.85,
    "Total Cost": 91246.86,
    "Plan Rows": 1,
    "Plan Width": 8,
    "Actual Startup Time": 467.882,
    "Actual Total Time": 480.299,
    "Actual Rows": 1,
    "Actual Loops": 1,
    "Plans": [
      {
        "Node Type": "Gather",
        "Parent Relationship": "Outer",
        "Parallel Aware": false,
        "Startup Cost": 91246.74,
        "Total Cost": 91246.85,
        "Plan Rows": 1,
        "Plan Width": 8,
        "Actual Startup Time": 466.979,
        "Actual Total Time": 480.289,
        "Actual Rows": 2,
        "Actual Loops": 1,
        "Workers Planned": 1,
        "Workers Launched": 1,
        "Single Copy": false,
        "Plans": [
          {
            "Node Type": "Aggregate",
            "Strategy": "Plain",
            "Partial Mode": "Partial",
            "Parent Relationship": "Outer",
            "Parallel Aware": false,
            "Startup Cost": 90246.74,
            "Total Cost": 90246.75,
            "Plan Rows": 1,
            "Plan Width": 8,
            "Actual Startup Time": 461.083,
            "Actual Total Time": 461.087,
            "Actual Rows": 1,
            "Actual Loops": 2,
            "Plans": [
              {
                "Node Type": "Hash Join",
                "Parent Relationship": "Outer",
                "Parallel Aware": true,
                "Join Type": "Inner",
                "Startup Cost": 28733.28,
                "Total Cost": 89844.72,
                "Plan Rows": 160808,
                "Plan Width": 0,
                "Actual Startup Time": 123.804,
                "Actual Total Time": 455.347,
                "Actual Rows": 135716,
                "Actual Loops": 2,
                "Inner Unique": false,
                "Hash Cond": "(t.id = mc.movie_id)",
                "Plans": [
                  {
                    "Node Type": "Seq Scan",
                    "Parent Relationship": "Outer",
                    "Parallel Aware": true,
                    "Relation Name": "title",
                    "Alias": "t",
                    "Startup Cost": 0.0,
                    "Total Cost": 50870.31,
                    "Plan Rows": 1487231,
                    "Plan Width": 4,
                    "Actual Startup Time": 0.011,
                    "Actual Total Time": 122.946,
                    "Actual Rows": 1264156,
                    "Actual Loops": 2
                  },
                  {
                    "Node Type": "Hash",
                    "Parent Relationship": "Inner",
                    "Parallel Aware": true,
                    "Startup Cost": 26723.18,
                    "Total Cost": 26723.18,
                    "Plan Rows": 160808,
                    "Plan Width": 4,
                    "Actual Startup Time": 118.232,
                    "Actual Total Time": 118.233,
                    "Actual Rows": 135716,
                    "Actual Loops": 2,
                    "Hash Buckets": 524288,
                    "Original Hash Buckets": 524288,
                    "Hash Batches": 1,
                    "Original Hash Batches": 1,
                    "Peak Memory Usage": 14752,
                    "Plans": [
                      {
                        "Node Type": "Bitmap Heap Scan",
                        "Parent Relationship": "Outer",
                        "Parallel Aware": true,
                        "Relation Name": "movie_companies",
                        "Alias": "mc",
                        "Startup Cost": 5923.08,
                        "Total Cost": 26723.18,
                        "Plan Rows": 160808,
                        "Plan Width": 4,
                        "Actual Startup Time": 28.008,
                        "Actual Total Time": 81.809,
                        "Actual Rows": 135716,
                        "Actual Loops": 2,
                        "Recheck Cond": "(company_id < 145)",
                        "Rows Removed by Index Recheck": 0,
                        "Exact Heap Blocks": 11313,
                        "Lossy Heap Blocks": 0,
                        "Plans": [
                          {
                            "Node Type": "Bitmap Index Scan",
                            "Parent Relationship": "Outer",
                            "Parallel Aware": false,
                            "Index Name": "company_id_movie_companies",
                            "Startup Cost": 0.0,
                            "Total Cost": 5854.74,
                            "Plan Rows": 273374,
                            "Plan Width": 0,
                            "Actual Startup Time": 24.783,
                            "Actual Total Time": 24.784,
                            "Actual Rows": 271432,
                            "Actual Loops": 1,
                            "Index Cond": "(company_id < 145)"
                          }
                        ]
                      }
                    ]
                  }
                ]
              }
            ]
          }
        ]
      }
    ]
  },
  "Planning Time": 0.664,
  "Triggers": [],
  "Execution Time": 480.391
}