[
  {
    "Plan": {
      "Node Type": "Aggregate",
      "Strategy": "Plain",
      "Partial Mode": "Finalize",
      "Parallel Aware": false,
      "Startup Cost": 334792.21,
      "Total Cost": 334792.22,
      "Plan Rows": 1,
      "Plan Width": 8,
      "Actual Startup Time": 714.6,
      "Actual Total Time": 755.151,
      "Actual Rows": 1,
      "Actual Loops": 1,
      "Plans": [
        {
          "Node Type": "Gather",
          "Parent Relationship": "Outer",
          "Parallel Aware": false,
          "Startup Cost": 334791.58,
          "Total Cost": 334792.19,
          "Plan Rows": 6,
          "Plan Width": 8,
          "Actual Startup Time": 714.427,
          "Actual Total Time": 755.137,
          "Actual Rows": 7,
          "Actual Loops": 1,
          "Workers Planned": 6,
          "Workers Launched": 6,
          "Single Copy": false,
          "Plans": [
            {
              "Node Type": "Aggregate",
              "Strategy": "Plain",
              "Partial Mode": "Partial",
              "Parent Relationship": "Outer",
              "Parallel Aware": false,
              "Startup Cost": 333791.58,
              "Total Cost": 333791.59,
              "Plan Rows": 1,
              "Plan Width": 8,
              "Actual Startup Time": 706.88,
              "Actual Total Time": 706.881,
              "Actual Rows": 1,
              "Actual Loops": 7,
              "Plans": [
                {
                  "Node Type": "Seq Scan",
                  "Parent Relationship": "Outer",
                  "Parallel Aware": true,
                  "Relation Name": "cast_info",
                  "Alias": "ci",
                  "Startup Cost": 0.0,
                  "Total Cost": 328211.39,
                  "Plan Rows": 2232077,
                  "Plan Width": 0,
                  "Actual Startup Time": 267.325,
                  "Actual Total Time": 603.451,
                  "Actual Rows": 1884333,
                  "Actual Loops": 7,
                  "Filter": "(person_id > 2355687)",
                  "Rows Removed by Filter": 3293431
                }
              ]
            }
          ]
        }
      ]
    },
    "Planning Time": 0.208,
    "Triggers": [],
    "Execution Time": 755.221
  }
]