{
    "Plan": {
        "Node Type": "Aggregate",
        "Strategy": "Plain",
        "Partial Mode": "Simple",
        "Parallel Aware": false,
        "Startup Cost": 10000002959.39,
        "Total Cost": 10000002959.4,
        "Plan Rows": 1,
        "Plan Width": 8,
        "Actual Startup Time": 24.185,
        "Actual Total Time": 24.187,
        "Actual Rows": 1,
        "Actual Loops": 1,
        "Output": [
            "count(*)"
        ],
        "Plans": [
            {
                "Node Type": "Nested Loop",
                "Parent Relationship": "Outer",
                "Parallel Aware": false,
                "Join Type": "Inner",
                "Startup Cost": 10000000010.71,
                "Total Cost": 10000002959.17,
                "Plan Rows": 87,
                "Plan Width": 0,
                "Actual Startup Time": 0.81,
                "Actual Total Time": 24.168,
                "Actual Rows": 21,
                "Actual Loops": 1,
                "Inner Unique": true,
                "Plans": [
                    {
                        "Node Type": "Bitmap Heap Scan",
                        "Parent Relationship": "Outer",
                        "Parallel Aware": false,
                        "Relation Name": "movie_keyword",
                        "Schema": "public",
                        "Alias": "mk",
                        "Startup Cost": 6.32,
                        "Total Cost": 908.7,
                        "Plan Rows": 244,
                        "Plan Width": 4,
                        "Actual Startup Time": 0.612,
                        "Actual Total Time": 6.766,
                        "Actual Rows": 335,
                        "Actual Loops": 1,
                        "Output": [
                            "mk.id",
                            "mk.movie_id",
                            "mk.keyword_id"
                        ],
                        "Recheck Cond": "(mk.keyword_id = 18430)",
                        "Rows Removed by Index Recheck": 0,
                        "Exact Heap Blocks": 315,
                        "Lossy Heap Blocks": 0,
                        "Plans": [
                            {
                                "Node Type": "Bitmap Index Scan",
                                "Parent Relationship": "Outer",
                                "Parallel Aware": false,
                                "Index Name": "keyword_id_movie_keyword",
                                "Startup Cost": 0.0,
                                "Total Cost": 6.26,
                                "Plan Rows": 244,
                                "Plan Width": 0,
                                "Actual Startup Time": 0.432,
                                "Actual Total Time": 0.432,
                                "Actual Rows": 335,
                                "Actual Loops": 1,
                                "Index Cond": "(mk.keyword_id = 18430)"
                            }
                        ]
                    },
                    {
                        "Node Type": "Bitmap Heap Scan",
                        "Parent Relationship": "Inner",
                        "Parallel Aware": false,
                        "Relation Name": "title",
                        "Schema": "public",
                        "Alias": "t",
                        "Startup Cost": 4.39,
                        "Total Cost": 8.4,
                        "Plan Rows": 1,
                        "Plan Width": 4,
                        "Actual Startup Time": 0.047,
                        "Actual Total Time": 0.047,
                        "Actual Rows": 0,
                        "Actual Loops": 335,
                        "Output": [
                            "t.id",
                            "t.title",
                            "t.imdb_index",
                            "t.kind_id",
                            "t.production_year",
                            "t.imdb_id",
                            "t.phonetic_code",
                            "t.episode_of_id",
                            "t.season_nr",
                            "t.episode_nr",
                            "t.series_years",
                            "t.md5sum"
                        ],
                        "Recheck Cond": "(t.id = mk.movie_id)",
                        "Rows Removed by Index Recheck": 0,
                        "Filter": "(t.production_year > 2006)",
                        "Rows Removed by Filter": 1,
                        "Exact Heap Blocks": 335,
                        "Lossy Heap Blocks": 0,
                        "Plans": [
                            {
                                "Node Type": "Bitmap Index Scan",
                                "Parent Relationship": "Outer",
                                "Parallel Aware": false,
                                "Index Name": "title_pkey",
                                "Startup Cost": 0.0,
                                "Total Cost": 4.39,
                                "Plan Rows": 1,
                                "Plan Width": 0,
                                "Actual Startup Time": 0.026,
                                "Actual Total Time": 0.026,
                                "Actual Rows": 1,
                                "Actual Loops": 335,
                                "Index Cond": "(t.id = mk.movie_id)"
                            }
                        ]
                    }
                ]
            }
        ]
    },
    "Planning Time": 2.849,
    "Triggers": [],
    "Execution Time": 24.572
}