[
  {
    "Plan": {
      "Node Type": "Aggregate",
      "Strategy": "Plain",
      "Partial Mode": "Finalize",
      "Parallel Aware": false,
      "Startup Cost": 335484.66,
      "Total Cost": 335484.67,
      "Plan Rows": 1,
      "Plan Width": 8,
      "Actual Startup Time": 668.373,
      "Actual Total Time": 725.676,
      "Actual Rows": 1,
      "Actual Loops": 1,
      "Plans": [
        {
          "Node Type": "Gather",
          "Parent Relationship": "Outer",
          "Parallel Aware": false,
          "Startup Cost": 335484.04,
          "Total Cost": 335484.65,
          "Plan Rows": 6,
          "Plan Width": 8,
          "Actual Startup Time": 668.242,
          "Actual Total Time": 725.668,
          "Actual Rows": 7,
          "Actual Loops": 1,
          "Workers Planned": 6,
          "Workers Launched": 6,
          "Single Copy": false,
          "Plans": [
            {
              "Node Type": "Aggregate",
              "Strategy": "Plain",
              "Partial Mode": "Partial",
              "Parent Relationship": "Outer",
              "Parallel Aware": false,
              "Startup Cost": 334484.04,
              "Total Cost": 334484.05,
              "Plan Rows": 1,
              "Plan Width": 8,
              "Actual Startup Time": 658.763,
              "Actual Total Time": 658.764,
              "Actual Rows": 1,
              "Actual Loops": 7,
              "Plans": [
                {
                  "Node Type": "Seq Scan",
                  "Parent Relationship": "Outer",
                  "Parallel Aware": true,
                  "Relation Name": "cast_info",
                  "Alias": "ci",
                  "Startup Cost": 0.0,
                  "Total Cost": 328162.03,
                  "Plan Rows": 2528805,
                  "Plan Width": 0,
                  "Actual Startup Time": 229.81,
                  "Actual Total Time": 570.194,
                  "Actual Rows": 2160967,
                  "Actual Loops": 7,
                  "Filter": "(person_id > 2132516)",
                  "Rows Removed by Filter": 3016796
                }
              ]
            }
          ]
        }
      ]
    },
    "Planning Time": 0.16,
    "Triggers": [],
    "Execution Time": 725.739
  }
]