{
  "Plan": {
    "Node Type": "Aggregate",
    "Strategy": "Plain",
    "Partial Mode": "Finalize",
    "Parallel Aware": false,
    "Startup Cost": 578409.68,
    "Total Cost": 578409.69,
    "Plan Rows": 1,
    "Plan Width": 8,
    "Actual Startup Time": 286.133,
    "Actual Total Time": 319.992,
    "Actual Rows": 1,
    "Actual Loops": 1,
    "Plans": [
      {
        "Node Type": "Gather",
        "Parent Relationship": "Outer",
        "Parallel Aware": false,
        "Startup Cost": 578409.57,
        "Total Cost": 578409.68,
        "Plan Rows": 1,
        "Plan Width": 8,
        "Actual Startup Time": 286.015,
        "Actual Total Time": 319.985,
        "Actual Rows": 2,
        "Actual Loops": 1,
        "Workers Planned": 1,
        "Workers Launched": 1,
        "Single Copy": false,
        "Plans": [
          {
            "Node Type": "Aggregate",
            "Strategy": "Plain",
            "Partial Mode": "Partial",
            "Parent Relationship": "Outer",
            "Parallel Aware": false,
            "Startup Cost": 577409.57,
            "Total Cost": 577409.58,
            "Plan Rows": 1,
            "Plan Width": 8,
            "Actual Startup Time": 280.184,
            "Actual Total Time": 280.185,
            "Actual Rows": 1,
            "Actual Loops": 2,
            "Plans": [
              {
                "Node Type": "Nested Loop",
                "Parent Relationship": "Outer",
                "Parallel Aware": false,
                "Join Type": "Inner",
                "Startup Cost": 0.56,
                "Total Cost": 577208.92,
                "Plan Rows": 80259,
                "Plan Width": 0,
                "Actual Startup Time": 0.298,
                "Actual Total Time": 276.034,
                "Actual Rows": 66236,
                "Actual Loops": 2,
                "Inner Unique": false,
                "Plans": [
                  {
                    "Node Type": "Seq Scan",
                    "Parent Relationship": "Outer",
                    "Parallel Aware": true,
                    "Relation Name": "title",
                    "Alias": "t",
                    "Startup Cost": 0.0,
                    "Total Cost": 58306.47,
                    "Plan Rows": 5601,
                    "Plan Width": 4,
                    "Actual Startup Time": 0.104,
                    "Actual Total Time": 130.073,
                    "Actual Rows": 4713,
                    "Actual Loops": 2,
                    "Filter": "((kind_id > 2) AND (production_year = 1978))",
                    "Rows Removed by Filter": 1259443
                  },
                  {
                    "Node Type": "Index Only Scan",
                    "Parent Relationship": "Inner",
                    "Parallel Aware": false,
                    "Scan Direction": "Forward",
                    "Index Name": "movie_id_cast_info",
                    "Relation Name": "cast_info",
                    "Alias": "ci",
                    "Startup Cost": 0.56,
                    "Total Cost": 92.27,
                    "Plan Rows": 37,
                    "Plan Width": 4,
                    "Actual Startup Time": 0.007,
                    "Actual Total Time": 0.029,
                    "Actual Rows": 14,
                    "Actual Loops": 9426,
                    "Index Cond": "(movie_id = t.id)",
                    "Rows Removed by Index Recheck": 0,
                    "Heap Fetches": 132473
                  }
                ]
              }
            ]
          }
        ]
      }
    ]
  },
  "Planning Time": 0.497,
  "Triggers": [],
  "Execution Time": 320.072
}