{
  "Plan": {
    "Node Type": "Aggregate",
    "Strategy": "Plain",
    "Partial Mode": "Finalize",
    "Parallel Aware": false,
    "Startup Cost": 841940.43,
    "Total Cost": 841940.44,
    "Plan Rows": 1,
    "Plan Width": 8,
    "Actual Startup Time": 3433.378,
    "Actual Total Time": 3467.6,
    "Actual Rows": 1,
    "Actual Loops": 1,
    "Plans": [
      {
        "Node Type": "Gather",
        "Parent Relationship": "Outer",
        "Parallel Aware": false,
        "Startup Cost": 841940.32,
        "Total Cost": 841940.43,
        "Plan Rows": 1,
        "Plan Width": 8,
        "Actual Startup Time": 3433.37,
        "Actual Total Time": 3467.595,
        "Actual Rows": 2,
        "Actual Loops": 1,
        "Workers Planned": 1,
        "Workers Launched": 1,
        "Single Copy": false,
        "Plans": [
          {
            "Node Type": "Aggregate",
            "Strategy": "Plain",
            "Partial Mode": "Partial",
            "Parent Relationship": "Outer",
            "Parallel Aware": false,
            "Startup Cost": 840940.32,
            "Total Cost": 840940.33,
            "Plan Rows": 1,
            "Plan Width": 8,
            "Actual Startup Time": 3416.736,
            "Actual Total Time": 3416.743,
            "Actual Rows": 1,
            "Actual Loops": 2,
            "Plans": [
              {
                "Node Type": "Merge Join",
                "Parent Relationship": "Outer",
                "Parallel Aware": false,
                "Join Type": "Inner",
                "Startup Cost": 803152.49,
                "Total Cost": 837258.52,
                "Plan Rows": 1472722,
                "Plan Width": 0,
                "Actual Startup Time": 2785.698,
                "Actual Total Time": 3324.921,
                "Actual Rows": 2322656,
                "Actual Loops": 2,
                "Inner Unique": false,
                "Merge Cond": "(t.id = mc.movie_id)",
                "Plans": [
                  {
                    "Node Type": "Sort",
                    "Parent Relationship": "Outer",
                    "Parallel Aware": false,
                    "Startup Cost": 570415.56,
                    "Total Cost": 575738.45,
                    "Plan Rows": 2129157,
                    "Plan Width": 8,
                    "Actual Startup Time": 2198.891,
                    "Actual Total Time": 2260.566,
                    "Actual Rows": 1680188,
                    "Actual Loops": 2,
                    "Sort Key": [
                      "mi.movie_id"
                    ],
                    "Sort Method": "quicksort",
                    "Sort Space Used": 129943,
                    "Sort Space Type": "Memory",
                    "Workers": [
                      {
                        "Worker Number": 0,
                        "Sort Method": "quicksort",
                        "Sort Space Used": 125890,
                        "Sort Space Type": "Memory"
                      }
                    ],
                    "Plans": [
                      {
                        "Node Type": "Hash Join",
                        "Parent Relationship": "Outer",
                        "Parallel Aware": true,
                        "Join Type": "Inner",
                        "Startup Cost": 68404.81,
                        "Total Cost": 346621.46,
                        "Plan Rows": 2129157,
                        "Plan Width": 8,
                        "Actual Startup Time": 408.421,
                        "Actual Total Time": 1840.092,
                        "Actual Rows": 1680290,
                        "Actual Loops": 2,
                        "Inner Unique": true,
                        "Hash Cond": "(mi.movie_id = t.id)",
                        "Plans": [
                          {
                            "Node Type": "Seq Scan",
                            "Parent Relationship": "Outer",
                            "Parallel Aware": true,
                            "Relation Name": "movie_info",
                            "Alias": "mi",
                            "Startup Cost": 0.0,
                            "Total Cost": 270696.42,
                            "Plan Rows": 2864842,
                            "Plan Width": 4,
                            "Actual Startup Time": 0.01,
                            "Actual Total Time": 644.585,
                            "Actual Rows": 2461983,
                            "Actual Loops": 2,
                            "Filter": "(info_type_id < 5)",
                            "Rows Removed by Filter": 4955877
                          },
                          {
                            "Node Type": "Hash",
                            "Parent Relationship": "Inner",
                            "Parallel Aware": true,
                            "Startup Cost": 54588.39,
                            "Total Cost": 54588.39,
                            "Plan Rows": 1105314,
                            "Plan Width": 4,
                            "Actual Startup Time": 399.584,
                            "Actual Total Time": 399.586,
                            "Actual Rows": 935599,
                            "Actual Loops": 2,
                            "Hash Buckets": 2097152,
                            "Original Hash Buckets": 2097152,
                            "Hash Batches": 1,
                            "Original Hash Batches": 1,
                            "Peak Memory Usage": 89600,
                            "Plans": [
                              {
                                "Node Type": "Seq Scan",
                                "Parent Relationship": "Outer",
                                "Parallel Aware": true,
                                "Relation Name": "title",
                                "Alias": "t",
                                "Startup Cost": 0.0,
                                "Total Cost": 54588.39,
                                "Plan Rows": 1105314,
                                "Plan Width": 4,
                                "Actual Startup Time": 0.029,
                                "Actual Total Time": 169.196,
                                "Actual Rows": 935599,
                                "Actual Loops": 2,
                                "Filter": "(production_year > 1984)",
                                "Rows Removed by Filter": 328557
                              }
                            ]
                          }
                        ]
                      }
                    ]
                  },
                  {
                    "Node Type": "Sort",
                    "Parent Relationship": "Inner",
                    "Parallel Aware": false,
                    "Startup Cost": 232736.72,
                    "Total Cost": 237108.72,
                    "Plan Rows": 1748801,
                    "Plan Width": 4,
                    "Actual Startup Time": 586.793,
                    "Actual Total Time": 696.726,
                    "Actual Rows": 3172312,
                    "Actual Loops": 2,
                    "Sort Key": [
                      "mc.movie_id"
                    ],
                    "Sort Method": "quicksort",
                    "Sort Space Used": 131365,
                    "Sort Space Type": "Memory",
                    "Workers": [
                      {
                        "Worker Number": 0,
                        "Sort Method": "quicksort",
                        "Sort Space Used": 131365,
                        "Sort Space Type": "Memory"
                      }
                    ],
                    "Plans": [
                      {
                        "Node Type": "Seq Scan",
                        "Parent Relationship": "Outer",
                        "Parallel Aware": false,
                        "Relation Name": "movie_companies",
                        "Alias": "mc",
                        "Startup Cost": 0.0,
                        "Total Cost": 51404.11,
                        "Plan Rows": 1748801,
                        "Plan Width": 4,
                        "Actual Startup Time": 1.964,
                        "Actual Total Time": 236.06,
                        "Actual Rows": 1753865,
                        "Actual Loops": 2,
                        "Filter": "(company_id > 2425)",
                        "Rows Removed by Filter": 855264
                      }
                    ]
                  }
                ]
              }
            ]
          }
        ]
      }
    ]
  },
  "Planning Time": 0.418,
  "Triggers": [],
  "Execution Time": 3479.273
}