{
  "Plan": {
    "Node Type": "Aggregate",
    "Strategy": "Plain",
    "Partial Mode": "Finalize",
    "Parallel Aware": false,
    "Startup Cost": 270895.06,
    "Total Cost": 270895.07,
    "Plan Rows": 1,
    "Plan Width": 8,
    "Actual Startup Time": 172.094,
    "Actual Total Time": 194.001,
    "Actual Rows": 1,
    "Actual Loops": 1,
    "Plans": [
      {
        "Node Type": "Gather",
        "Parent Relationship": "Outer",
        "Parallel Aware": false,
        "Startup Cost": 270894.95,
        "Total Cost": 270895.06,
        "Plan Rows": 1,
        "Plan Width": 8,
        "Actual Startup Time": 171.985,
        "Actual Total Time": 193.994,
        "Actual Rows": 2,
        "Actual Loops": 1,
        "Workers Planned": 1,
        "Workers Launched": 1,
        "Single Copy": false,
        "Plans": [
          {
            "Node Type": "Aggregate",
            "Strategy": "Plain",
            "Partial Mode": "Partial",
            "Parent Relationship": "Outer",
            "Parallel Aware": false,
            "Startup Cost": 269894.95,
            "Total Cost": 269894.96,
            "Plan Rows": 1,
            "Plan Width": 8,
            "Actual Startup Time": 166.193,
            "Actual Total Time": 166.195,
            "Actual Rows": 1,
            "Actual Loops": 2,
            "Plans": [
              {
                "Node Type": "Nested Loop",
                "Parent Relationship": "Outer",
                "Parallel Aware": false,
                "Join Type": "Inner",
                "Startup Cost": 0.43,
                "Total Cost": 269889.89,
                "Plan Rows": 2026,
                "Plan Width": 0,
                "Actual Startup Time": 1.55,
                "Actual Total Time": 166.056,
                "Actual Rows": 1230,
                "Actual Loops": 2,
                "Inner Unique": false,
                "Plans": [
                  {
                    "Node Type": "Seq Scan",
                    "Parent Relationship": "Outer",
                    "Parallel Aware": true,
                    "Relation Name": "title",
                    "Alias": "t",
                    "Startup Cost": 0.0,
                    "Total Cost": 54588.39,
                    "Plan Rows": 1718,
                    "Plan Width": 4,
                    "Actual Startup Time": 1.389,
                    "Actual Total Time": 130.64,
                    "Actual Rows": 1758,
                    "Actual Loops": 2,
                    "Filter": "(production_year > 2013)",
                    "Rows Removed by Filter": 1262398
                  },
                  {
                    "Node Type": "Index Scan",
                    "Parent Relationship": "Inner",
                    "Parallel Aware": false,
                    "Scan Direction": "Forward",
                    "Index Name": "movie_id_movie_info",
                    "Relation Name": "movie_info",
                    "Alias": "mi",
                    "Startup Cost": 0.43,
                    "Total Cost": 125.24,
                    "Plan Rows": 8,
                    "Plan Width": 4,
                    "Actual Startup Time": 0.014,
                    "Actual Total Time": 0.02,
                    "Actual Rows": 1,
                    "Actual Loops": 3515,
                    "Index Cond": "(movie_id = t.id)",
                    "Rows Removed by Index Recheck": 0,
                    "Filter": "(info_type_id = 16)",
                    "Rows Removed by Filter": 6
                  }
                ]
              }
            ]
          }
        ]
      }
    ]
  },
  "Planning Time": 0.484,
  "Triggers": [],
  "Execution Time": 194.075
}