[
  {
    "Plan": {
      "Node Type": "Aggregate",
      "Strategy": "Plain",
      "Partial Mode": "Finalize",
      "Parallel Aware": false,
      "Startup Cost": 27175.85,
      "Total Cost": 27175.86,
      "Plan Rows": 1,
      "Plan Width": 8,
      "Actual Startup Time": 63.279,
      "Actual Total Time": 70.294,
      "Actual Rows": 1,
      "Actual Loops": 1,
      "Plans": [
        {
          "Node Type": "Gather",
          "Parent Relationship": "Outer",
          "Parallel Aware": false,
          "Startup Cost": 27175.53,
          "Total Cost": 27175.84,
          "Plan Rows": 3,
          "Plan Width": 8,
          "Actual Startup Time": 62.877,
          "Actual Total Time": 70.284,
          "Actual Rows": 4,
          "Actual Loops": 1,
          "Workers Planned": 3,
          "Workers Launched": 3,
          "Single Copy": false,
          "Plans": [
            {
              "Node Type": "Aggregate",
              "Strategy": "Plain",
              "Partial Mode": "Partial",
              "Parent Relationship": "Outer",
              "Parallel Aware": false,
              "Startup Cost": 26175.53,
              "Total Cost": 26175.54,
              "Plan Rows": 1,
              "Plan Width": 8,
              "Actual Startup Time": 55.64,
              "Actual Total Time": 55.643,
              "Actual Rows": 1,
              "Actual Loops": 4,
              "Plans": [
                {
                  "Node Type": "Bitmap Heap Scan",
                  "Parent Relationship": "Outer",
                  "Parallel Aware": true,
                  "Relation Name": "movie_companies",
                  "Alias": "mc",
                  "Startup Cost": 5942.42,
                  "Total Cost": 26066.8,
                  "Plan Rows": 43495,
                  "Plan Width": 0,
                  "Actual Startup Time": 7.133,
                  "Actual Total Time": 51.929,
                  "Actual Rows": 51856,
                  "Actual Loops": 4,
                  "Recheck Cond": "(company_id < 145)",
                  "Rows Removed by Index Recheck": 0,
                  "Filter": "(company_type_id = 1)",
                  "Rows Removed by Filter": 16002,
                  "Exact Heap Blocks": 9597,
                  "Lossy Heap Blocks": 0,
                  "Plans": [
                    {
                      "Node Type": "Bitmap Index Scan",
                      "Parent Relationship": "Outer",
                      "Parallel Aware": false,
                      "Index Name": "company_id_movie_companies",
                      "Startup Cost": 0.0,
                      "Total Cost": 5908.71,
                      "Plan Rows": 275771,
                      "Plan Width": 0,
                      "Actual Startup Time": 11.527,
                      "Actual Total Time": 11.528,
                      "Actual Rows": 271432,
                      "Actual Loops": 1,
                      "Index Cond": "(company_id < 145)"
                    }
                  ]
                }
              ]
            }
          ]
        }
      ]
    },
    "Planning Time": 0.086,
    "Triggers": [],
    "Execution Time": 70.327
  }
]