[
  {
    "Plan": {
      "Node Type": "Aggregate",
      "Strategy": "Plain",
      "Partial Mode": "Finalize",
      "Parallel Aware": false,
      "Startup Cost": 131559.6,
      "Total Cost": 131559.61,
      "Plan Rows": 1,
      "Plan Width": 8,
      "Actual Startup Time": 678.976,
      "Actual Total Time": 698.092,
      "Actual Rows": 1,
      "Actual Loops": 1,
      "Plans": [
        {
          "Node Type": "Gather",
          "Parent Relationship": "Outer",
          "Parallel Aware": false,
          "Startup Cost": 131559.29,
          "Total Cost": 131559.6,
          "Plan Rows": 3,
          "Plan Width": 8,
          "Actual Startup Time": 672.213,
          "Actual Total Time": 698.079,
          "Actual Rows": 4,
          "Actual Loops": 1,
          "Workers Planned": 3,
          "Workers Launched": 3,
          "Single Copy": false,
          "Plans": [
            {
              "Node Type": "Aggregate",
              "Strategy": "Plain",
              "Partial Mode": "Partial",
              "Parent Relationship": "Outer",
              "Parallel Aware": false,
              "Startup Cost": 130559.29,
              "Total Cost": 130559.3,
              "Plan Rows": 1,
              "Plan Width": 8,
              "Actual Startup Time": 663.463,
              "Actual Total Time": 663.85,
              "Actual Rows": 1,
              "Actual Loops": 4,
              "Plans": [
                {
                  "Node Type": "Hash Join",
                  "Parent Relationship": "Outer",
                  "Parallel Aware": true,
                  "Join Type": "Inner",
                  "Startup Cost": 81230.15,
                  "Total Cost": 129853.72,
                  "Plan Rows": 282228,
                  "Plan Width": 0,
                  "Actual Startup Time": 454.555,
                  "Actual Total Time": 658.939,
                  "Actual Rows": 109468,
                  "Actual Loops": 4,
                  "Inner Unique": false,
                  "Hash Cond": "(mk.movie_id = t.id)",
                  "Plans": [
                    {
                      "Node Type": "Seq Scan",
                      "Parent Relationship": "Outer",
                      "Parallel Aware": true,
                      "Relation Name": "movie_keyword",
                      "Alias": "mk",
                      "Startup Cost": 0.0,
                      "Total Cost": 42695.65,
                      "Plan Rows": 1338000,
                      "Plan Width": 4,
                      "Actual Startup Time": 0.022,
                      "Actual Total Time": 119.132,
                      "Actual Rows": 1036817,
                      "Actual Loops": 4,
                      "Filter": "(keyword_id < 45185)",
                      "Rows Removed by Filter": 94166
                    },
                    {
                      "Node Type": "Hash",
                      "Parent Relationship": "Inner",
                      "Parallel Aware": true,
                      "Startup Cost": 79079.64,
                      "Total Cost": 79079.64,
                      "Plan Rows": 172041,
                      "Plan Width": 8,
                      "Actual Startup Time": 448.419,
                      "Actual Total Time": 448.803,
                      "Actual Rows": 55891,
                      "Actual Loops": 4,
                      "Hash Buckets": 1048576,
                      "Original Hash Buckets": 1048576,
                      "Hash Batches": 1,
                      "Original Hash Batches": 1,
                      "Peak Memory Usage": 16992,
                      "Plans": [
                        {
                          "Node Type": "Hash Join",
                          "Parent Relationship": "Outer",
                          "Parallel Aware": true,
                          "Join Type": "Inner",
                          "Startup Cost": 48639.84,
                          "Total Cost": 79079.64,
                          "Plan Rows": 172041,
                          "Plan Width": 8,
                          "Actual Startup Time": 304.139,
                          "Actual Total Time": 422.717,
                          "Actual Rows": 55891,
                          "Actual Loops": 4,
                          "Inner Unique": true,
                          "Hash Cond": "(mc.movie_id = t.id)",
                          "Plans": [
                            {
                              "Node Type": "Seq Scan",
                              "Parent Relationship": "Outer",
                              "Parallel Aware": true,
                              "Relation Name": "movie_companies",
                              "Alias": "mc",
                              "Startup Cost": 0.0,
                              "Total Cost": 29310.68,
                              "Plan Rows": 430142,
                              "Plan Width": 4,
                              "Actual Startup Time": 31.811,
                              "Actual Total Time": 71.626,
                              "Actual Rows": 333721,
                              "Actual Loops": 4,
                              "Filter": "(company_type_id = 2)",
                              "Rows Removed by Filter": 318562
                            },
                            {
                              "Node Type": "Hash",
                              "Parent Relationship": "Inner",
                              "Parallel Aware": true,
                              "Startup Cost": 45479.59,
                              "Total Cost": 45479.59,
                              "Plan Rows": 252820,
                              "Plan Width": 4,
                              "Actual Startup Time": 269.491,
                              "Actual Total Time": 269.493,
                              "Actual Rows": 274774,
                              "Actual Loops": 4,
                              "Hash Buckets": 2097152,
                              "Original Hash Buckets": 1048576,
                              "Hash Batches": 1,
                              "Original Hash Batches": 1,
                              "Peak Memory Usage": 67648,
                              "Plans": [
                                {
                                  "Node Type": "Seq Scan",
                                  "Parent Relationship": "Outer",
                                  "Parallel Aware": true,
                                  "Relation Name": "title",
                                  "Alias": "t",
                                  "Startup Cost": 0.0,
                                  "Total Cost": 45479.59,
                                  "Plan Rows": 252820,
                                  "Plan Width": 4,
                                  "Actual Startup Time": 0.033,
                                  "Actual Total Time": 117.237,
                                  "Actual Rows": 274774,
                                  "Actual Loops": 4,
                                  "Filter": "((production_year > 1994) AND (kind_id = 7))",
                                  "Rows Removed by Filter": 357304
                                }
                              ]
                            }
                          ]
                        }
                      ]
                    }
                  ]
                }
              ]
            }
          ]
        }
      ]
    },
    "Planning Time": 1.469,
    "Triggers": [],
    "Execution Time": 698.172
  }
]