[
  {
    "Plan": {
      "Node Type": "Aggregate",
      "Strategy": "Plain",
      "Partial Mode": "Finalize",
      "Parallel Aware": false,
      "Startup Cost": 345731.89,
      "Total Cost": 345731.9,
      "Plan Rows": 1,
      "Plan Width": 8,
      "Actual Startup Time": 621.639,
      "Actual Total Time": 688.153,
      "Actual Rows": 1,
      "Actual Loops": 1,
      "Plans": [
        {
          "Node Type": "Gather",
          "Parent Relationship": "Outer",
          "Parallel Aware": false,
          "Startup Cost": 345731.27,
          "Total Cost": 345731.88,
          "Plan Rows": 6,
          "Plan Width": 8,
          "Actual Startup Time": 621.532,
          "Actual Total Time": 688.14,
          "Actual Rows": 7,
          "Actual Loops": 1,
          "Workers Planned": 6,
          "Workers Launched": 6,
          "Single Copy": false,
          "Plans": [
            {
              "Node Type": "Aggregate",
              "Strategy": "Plain",
              "Partial Mode": "Partial",
              "Parent Relationship": "Outer",
              "Parallel Aware": false,
              "Startup Cost": 344731.27,
              "Total Cost": 344731.28,
              "Plan Rows": 1,
              "Plan Width": 8,
              "Actual Startup Time": 611.088,
              "Actual Total Time": 611.089,
              "Actual Rows": 1,
              "Actual Loops": 7,
              "Plans": [
                {
                  "Node Type": "Seq Scan",
                  "Parent Relationship": "Outer",
                  "Parallel Aware": true,
                  "Relation Name": "cast_info",
                  "Alias": "ci",
                  "Startup Cost": 0.0,
                  "Total Cost": 343257.03,
                  "Plan Rows": 589695,
                  "Plan Width": 0,
                  "Actual Startup Time": 223.942,
                  "Actual Total Time": 601.482,
                  "Actual Rows": 220186,
                  "Actual Loops": 7,
                  "Filter": "((person_id < 536710) AND (role_id > 1))",
                  "Rows Removed by Filter": 4957578
                }
              ]
            }
          ]
        }
      ]
    },
    "Planning Time": 0.215,
    "Triggers": [],
    "Execution Time": 688.224
  }
]