{
    "Plan": {
        "Node Type": "Aggregate",
        "Strategy": "Plain",
        "Partial Mode": "Simple",
        "Parallel Aware": false,
        "Startup Cost": 80001557363.29,
        "Total Cost": 80001557363.3,
        "Plan Rows": 1,
        "Plan Width": 128,
        "Actual Startup Time": 8544.44,
        "Actual Total Time": 8544.456,
        "Actual Rows": 1,
        "Actual Loops": 1,
        "Output": [
            "min(mi.info)",
            "min(mi_idx.info)",
            "min(n.name)",
            "min(t.title)"
        ],
        "Plans": [
            {
                "Node Type": "Nested Loop",
                "Parent Relationship": "Outer",
                "Parallel Aware": false,
                "Join Type": "Inner",
                "Startup Cost": 80001443134.4,
                "Total Cost": 80001557363.28,
                "Plan Rows": 1,
                "Plan Width": 80,
                "Actual Startup Time": 7951.051,
                "Actual Total Time": 8544.44,
                "Actual Rows": 1,
                "Actual Loops": 1,
                "Output": [
                    "mi.info",
                    "mi_idx.info",
                    "n.name",
                    "t.title"
                ],
                "Inner Unique": true,
                "Plans": [
                    {
                        "Node Type": "Nested Loop",
                        "Parent Relationship": "Outer",
                        "Parallel Aware": false,
                        "Join Type": "Inner",
                        "Startup Cost": 70001443134.25,
                        "Total Cost": 70001557355.1,
                        "Plan Rows": 1,
                        "Plan Width": 84,
                        "Actual Startup Time": 7951.037,
                        "Actual Total Time": 8544.419,
                        "Actual Rows": 3,
                        "Actual Loops": 1,
                        "Output": [
                            "mi.info",
                            "mi_idx.info",
                            "mi_idx.info_type_id",
                            "n.name",
                            "t.title"
                        ],
                        "Inner Unique": false,
                        "Join Filter": "(t.id = mi_idx.movie_id)",
                        "Rows Removed by Join Filter": 0,
                        "Plans": [
                            {
                                "Node Type": "Nested Loop",
                                "Parent Relationship": "Outer",
                                "Parallel Aware": false,
                                "Join Type": "Inner",
                                "Startup Cost": 60001443133.79,
                                "Total Cost": 60001557350.57,
                                "Plan Rows": 1,
                                "Plan Width": 91,
                                "Actual Startup Time": 7951.012,
                                "Actual Total Time": 8544.392,
                                "Actual Rows": 1,
                                "Actual Loops": 1,
                                "Output": [
                                    "ci.movie_id",
                                    "mi.info",
                                    "mi.movie_id",
                                    "mk.movie_id",
                                    "n.name",
                                    "t.title",
                                    "t.id"
                                ],
                                "Inner Unique": true,
                                "Plans": [
                                    {
                                        "Node Type": "Hash Join",
                                        "Parent Relationship": "Outer",
                                        "Parallel Aware": false,
                                        "Join Type": "Inner",
                                        "Startup Cost": 50001443133.64,
                                        "Total Cost": 50001557342.39,
                                        "Plan Rows": 1,
                                        "Plan Width": 95,
                                        "Actual Startup Time": 7950.976,
                                        "Actual Total Time": 8544.353,
                                        "Actual Rows": 1,
                                        "Actual Loops": 1,
                                        "Output": [
                                            "ci.movie_id",
                                            "mi.info",
                                            "mi.movie_id",
                                            "mi.info_type_id",
                                            "mk.movie_id",
                                            "n.name",
                                            "t.title",
                                            "t.id"
                                        ],
                                        "Inner Unique": false,
                                        "Hash Cond": "(n.id = ci.person_id)",
                                        "Plans": [
                                            {
                                                "Node Type": "Seq Scan",
                                                "Parent Relationship": "Outer",
                                                "Parallel Aware": false,
                                                "Relation Name": "name",
                                                "Schema": "public",
                                                "Alias": "n",
                                                "Startup Cost": 0.0,
                                                "Total Cost": 107707.36,
                                                "Plan Rows": 1733700,
                                                "Plan Width": 19,
                                                "Actual Startup Time": 0.051,
                                                "Actual Total Time": 626.513,
                                                "Actual Rows": 1739579,
                                                "Actual Loops": 1,
                                                "Output": [
                                                    "n.id",
                                                    "n.name",
                                                    "n.imdb_index",
                                                    "n.imdb_id",
                                                    "n.gender",
                                                    "n.name_pcode_cf",
                                                    "n.name_pcode_nf",
                                                    "n.surname_pcode",
                                                    "n.md5sum"
                                                ],
                                                "Filter": "((n.gender)::text = 'm'::text)",
                                                "Rows Removed by Filter": 2427912
                                            },
                                            {
                                                "Node Type": "Hash",
                                                "Parent Relationship": "Inner",
                                                "Parallel Aware": false,
                                                "Startup Cost": 50001443133.63,
                                                "Total Cost": 50001443133.63,
                                                "Plan Rows": 1,
                                                "Plan Width": 84,
                                                "Actual Startup Time": 7828.751,
                                                "Actual Total Time": 7828.761,
                                                "Actual Rows": 1,
                                                "Actual Loops": 1,
                                                "Output": [
                                                    "ci.movie_id",
                                                    "ci.person_id",
                                                    "mi.info",
                                                    "mi.movie_id",
                                                    "mi.info_type_id",
                                                    "mk.movie_id",
                                                    "t.title",
                                                    "t.id"
                                                ],
                                                "Hash Buckets": 1024,
                                                "Original Hash Buckets": 1024,
                                                "Hash Batches": 1,
                                                "Original Hash Batches": 1,
                                                "Peak Memory Usage": 9,
                                                "Plans": [
                                                    {
                                                        "Node Type": "Merge Join",
                                                        "Parent Relationship": "Outer",
                                                        "Parallel Aware": false,
                                                        "Join Type": "Inner",
                                                        "Startup Cost": 50001435236.0,
                                                        "Total Cost": 50001443133.63,
                                                        "Plan Rows": 1,
                                                        "Plan Width": 84,
                                                        "Actual Startup Time": 7828.74,
                                                        "Actual Total Time": 7828.751,
                                                        "Actual Rows": 1,
                                                        "Actual Loops": 1,
                                                        "Output": [
                                                            "ci.movie_id",
                                                            "ci.person_id",
                                                            "mi.info",
                                                            "mi.movie_id",
                                                            "mi.info_type_id",
                                                            "mk.movie_id",
                                                            "t.title",
                                                            "t.id"
                                                        ],
                                                        "Inner Unique": false,
                                                        "Merge Cond": "(mi.movie_id = t.id)",
                                                        "Plans": [
                                                            {
                                                                "Node Type": "Sort",
                                                                "Parent Relationship": "Outer",
                                                                "Parallel Aware": false,
                                                                "Startup Cost": 10000380294.45,
                                                                "Total Cost": 10000381210.49,
                                                                "Plan Rows": 366418,
                                                                "Plan Width": 51,
                                                                "Actual Startup Time": 1885.651,
                                                                "Actual Total Time": 1885.654,
                                                                "Actual Rows": 4,
                                                                "Actual Loops": 1,
                                                                "Output": [
                                                                    "mi.info",
                                                                    "mi.movie_id",
                                                                    "mi.info_type_id"
                                                                ],
                                                                "Sort Key": [
                                                                    "mi.movie_id"
                                                                ],
                                                                "Sort Method": "quicksort",
                                                                "Sort Space Used": 29203,
                                                                "Sort Space Type": "Memory",
                                                                "Plans": [
                                                                    {
                                                                        "Node Type": "Seq Scan",
                                                                        "Parent Relationship": "Outer",
                                                                        "Parallel Aware": false,
                                                                        "Relation Name": "movie_info",
                                                                        "Schema": "public",
                                                                        "Alias": "mi",
                                                                        "Startup Cost": 10000000000.0,
                                                                        "Total Cost": 10000346431.69,
                                                                        "Plan Rows": 366418,
                                                                        "Plan Width": 51,
                                                                        "Actual Startup Time": 1540.814,
                                                                        "Actual Total Time": 1778.647,
                                                                        "Actual Rows": 360844,
                                                                        "Actual Loops": 1,
                                                                        "Output": [
                                                                            "mi.info",
                                                                            "mi.movie_id",
                                                                            "mi.info_type_id"
                                                                        ],
                                                                        "Filter": "(mi.info = 'Short'::text)",
                                                                        "Rows Removed by Filter": 14474876
                                                                    }
                                                                ]
                                                            },
                                                            {
                                                                "Node Type": "Materialize",
                                                                "Parent Relationship": "Inner",
                                                                "Parallel Aware": false,
                                                                "Startup Cost": 40001054941.37,
                                                                "Total Cost": 40001061007.08,
                                                                "Plan Rows": 1,
                                                                "Plan Width": 33,
                                                                "Actual Startup Time": 5943.067,
                                                                "Actual Total Time": 5943.075,
                                                                "Actual Rows": 1,
                                                                "Actual Loops": 1,
                                                                "Output": [
                                                                    "ci.movie_id",
                                                                    "ci.person_id",
                                                                    "mk.movie_id",
                                                                    "t.title",
                                                                    "t.id"
                                                                ],
                                                                "Plans": [
                                                                    {
                                                                        "Node Type": "Merge Join",
                                                                        "Parent Relationship": "Outer",
                                                                        "Parallel Aware": false,
                                                                        "Join Type": "Inner",
                                                                        "Startup Cost": 40001054941.37,
                                                                        "Total Cost": 40001061007.08,
                                                                        "Plan Rows": 1,
                                                                        "Plan Width": 33,
                                                                        "Actual Startup Time": 5943.055,
                                                                        "Actual Total Time": 5943.062,
                                                                        "Actual Rows": 1,
                                                                        "Actual Loops": 1,
                                                                        "Output": [
                                                                            "ci.movie_id",
                                                                            "ci.person_id",
                                                                            "mk.movie_id",
                                                                            "t.title",
                                                                            "t.id"
                                                                        ],
                                                                        "Inner Unique": false,
                                                                        "Merge Cond": "(t.id = ci.movie_id)",
                                                                        "Plans": [
                                                                            {
                                                                                "Node Type": "Sort",
                                                                                "Parent Relationship": "Outer",
                                                                                "Parallel Aware": false,
                                                                                "Startup Cost": 30000090543.45,
                                                                                "Total Cost": 30000090543.46,
                                                                                "Plan Rows": 1,
                                                                                "Plan Width": 25,
                                                                                "Actual Startup Time": 1177.503,
                                                                                "Actual Total Time": 1177.508,
                                                                                "Actual Rows": 1,
                                                                                "Actual Loops": 1,
                                                                                "Output": [
                                                                                    "mk.movie_id",
                                                                                    "t.title",
                                                                                    "t.id"
                                                                                ],
                                                                                "Sort Key": [
                                                                                    "mk.movie_id"
                                                                                ],
                                                                                "Sort Method": "quicksort",
                                                                                "Sort Space Used": 25,
                                                                                "Sort Space Type": "Memory",
                                                                                "Plans": [
                                                                                    {
                                                                                        "Node Type": "Nested Loop",
                                                                                        "Parent Relationship": "Outer",
                                                                                        "Parallel Aware": false,
                                                                                        "Join Type": "Inner",
                                                                                        "Startup Cost": 30000003129.77,
                                                                                        "Total Cost": 30000090543.44,
                                                                                        "Plan Rows": 1,
                                                                                        "Plan Width": 25,
                                                                                        "Actual Startup Time": 24.389,
                                                                                        "Actual Total Time": 1177.494,
                                                                                        "Actual Rows": 1,
                                                                                        "Actual Loops": 1,
                                                                                        "Output": [
                                                                                            "mk.movie_id",
                                                                                            "t.title",
                                                                                            "t.id"
                                                                                        ],
                                                                                        "Inner Unique": true,
                                                                                        "Plans": [
                                                                                            {
                                                                                                "Node Type": "Hash Join",
                                                                                                "Parent Relationship": "Outer",
                                                                                                "Parallel Aware": false,
                                                                                                "Join Type": "Inner",
                                                                                                "Startup Cost": 20000003129.33,
                                                                                                "Total Cost": 20000089789.05,
                                                                                                "Plan Rows": 169,
                                                                                                "Plan Width": 4,
                                                                                                "Actual Startup Time": 24.145,
                                                                                                "Actual Total Time": 818.512,
                                                                                                "Actual Rows": 49764,
                                                                                                "Actual Loops": 1,
                                                                                                "Output": [
                                                                                                    "mk.movie_id"
                                                                                                ],
                                                                                                "Inner Unique": false,
                                                                                                "Hash Cond": "(mk.keyword_id = k.id)",
                                                                                                "Plans": [
                                                                                                    {
                                                                                                        "Node Type": "Seq Scan",
                                                                                                        "Parent Relationship": "Outer",
                                                                                                        "Parallel Aware": false,
                                                                                                        "Relation Name": "movie_keyword",
                                                                                                        "Schema": "public",
                                                                                                        "Alias": "mk",
                                                                                                        "Startup Cost": 10000000000.0,
                                                                                                        "Total Cost": 10000069693.3,
                                                                                                        "Plan Rows": 4523930,
                                                                                                        "Plan Width": 8,
                                                                                                        "Actual Startup Time": 0.033,
                                                                                                        "Actual Total Time": 401.683,
                                                                                                        "Actual Rows": 4523930,
                                                                                                        "Actual Loops": 1,
                                                                                                        "Output": [
                                                                                                            "mk.id",
                                                                                                            "mk.movie_id",
                                                                                                            "mk.keyword_id"
                                                                                                        ]
                                                                                                    },
                                                                                                    {
                                                                                                        "Node Type": "Hash",
                                                                                                        "Parent Relationship": "Inner",
                                                                                                        "Parallel Aware": false,
                                                                                                        "Startup Cost": 10000003129.26,
                                                                                                        "Total Cost": 10000003129.26,
                                                                                                        "Plan Rows": 5,
                                                                                                        "Plan Width": 4,
                                                                                                        "Actual Startup Time": 24.012,
                                                                                                        "Actual Total Time": 24.012,
                                                                                                        "Actual Rows": 5,
                                                                                                        "Actual Loops": 1,
                                                                                                        "Output": [
                                                                                                            "k.id"
                                                                                                        ],
                                                                                                        "Hash Buckets": 1024,
                                                                                                        "Original Hash Buckets": 1024,
                                                                                                        "Hash Batches": 1,
                                                                                                        "Original Hash Batches": 1,
                                                                                                        "Peak Memory Usage": 9,
                                                                                                        "Plans": [
                                                                                                            {
                                                                                                                "Node Type": "Seq Scan",
                                                                                                                "Parent Relationship": "Outer",
                                                                                                                "Parallel Aware": false,
                                                                                                                "Relation Name": "keyword",
                                                                                                                "Schema": "public",
                                                                                                                "Alias": "k",
                                                                                                                "Startup Cost": 10000000000.0,
                                                                                                                "Total Cost": 10000003129.26,
                                                                                                                "Plan Rows": 5,
                                                                                                                "Plan Width": 4,
                                                                                                                "Actual Startup Time": 0.164,
                                                                                                                "Actual Total Time": 24.004,
                                                                                                                "Actual Rows": 5,
                                                                                                                "Actual Loops": 1,
                                                                                                                "Output": [
                                                                                                                    "k.id"
                                                                                                                ],
                                                                                                                "Filter": "(k.keyword = ANY ('{based-on-novel,gore,sequel,fight,attraction}'::text[]))",
                                                                                                                "Rows Removed by Filter": 134165
                                                                                                            }
                                                                                                        ]
                                                                                                    }
                                                                                                ]
                                                                                            },
                                                                                            {
                                                                                                "Node Type": "Bitmap Heap Scan",
                                                                                                "Parent Relationship": "Inner",
                                                                                                "Parallel Aware": false,
                                                                                                "Relation Name": "title",
                                                                                                "Schema": "public",
                                                                                                "Alias": "t",
                                                                                                "Startup Cost": 0.45,
                                                                                                "Total Cost": 4.46,
                                                                                                "Plan Rows": 1,
                                                                                                "Plan Width": 21,
                                                                                                "Actual Startup Time": 0.005,
                                                                                                "Actual Total Time": 0.005,
                                                                                                "Actual Rows": 0,
                                                                                                "Actual Loops": 49764,
                                                                                                "Output": [
                                                                                                    "t.id",
                                                                                                    "t.title",
                                                                                                    "t.imdb_index",
                                                                                                    "t.kind_id",
                                                                                                    "t.production_year",
                                                                                                    "t.imdb_id",
                                                                                                    "t.phonetic_code",
                                                                                                    "t.episode_of_id",
                                                                                                    "t.season_nr",
                                                                                                    "t.episode_nr",
                                                                                                    "t.series_years",
                                                                                                    "t.md5sum"
                                                                                                ],
                                                                                                "Recheck Cond": "(t.id = mk.movie_id)",
                                                                                                "Rows Removed by Index Recheck": 0,
                                                                                                "Filter": "((t.title ~~ 'Statuesque%'::text) AND (t.production_year > 2007))",
                                                                                                "Rows Removed by Filter": 1,
                                                                                                "Exact Heap Blocks": 49764,
                                                                                                "Lossy Heap Blocks": 0,
                                                                                                "Plans": [
                                                                                                    {
                                                                                                        "Node Type": "Bitmap Index Scan",
                                                                                                        "Parent Relationship": "Outer",
                                                                                                        "Parallel Aware": false,
                                                                                                        "Index Name": "title_pkey",
                                                                                                        "Startup Cost": 0.0,
                                                                                                        "Total Cost": 0.45,
                                                                                                        "Plan Rows": 1,
                                                                                                        "Plan Width": 0,
                                                                                                        "Actual Startup Time": 0.003,
                                                                                                        "Actual Total Time": 0.003,
                                                                                                        "Actual Rows": 1,
                                                                                                        "Actual Loops": 49764,
                                                                                                        "Index Cond": "(t.id = mk.movie_id)"
                                                                                                    }
                                                                                                ]
                                                                                            }
                                                                                        ]
                                                                                    }
                                                                                ]
                                                                            },
                                                                            {
                                                                                "Node Type": "Sort",
                                                                                "Parent Relationship": "Inner",
                                                                                "Parallel Aware": false,
                                                                                "Startup Cost": 10000964397.31,
                                                                                "Total Cost": 10000967430.46,
                                                                                "Plan Rows": 1213260,
                                                                                "Plan Width": 8,
                                                                                "Actual Startup Time": 4765.385,
                                                                                "Actual Total Time": 4765.487,
                                                                                "Actual Rows": 819,
                                                                                "Actual Loops": 1,
                                                                                "Output": [
                                                                                    "ci.movie_id",
                                                                                    "ci.person_id"
                                                                                ],
                                                                                "Sort Key": [
                                                                                    "ci.movie_id"
                                                                                ],
                                                                                "Sort Method": "quicksort",
                                                                                "Sort Space Used": 107499,
                                                                                "Sort Space Type": "Memory",
                                                                                "Plans": [
                                                                                    {
                                                                                        "Node Type": "Seq Scan",
                                                                                        "Parent Relationship": "Outer",
                                                                                        "Parallel Aware": false,
                                                                                        "Relation Name": "cast_info",
                                                                                        "Schema": "public",
                                                                                        "Alias": "ci",
                                                                                        "Startup Cost": 10000000000.0,
                                                                                        "Total Cost": 10000841794.61,
                                                                                        "Plan Rows": 1213260,
                                                                                        "Plan Width": 8,
                                                                                        "Actual Startup Time": 116.681,
                                                                                        "Actual Total Time": 4481.373,
                                                                                        "Actual Rows": 1244716,
                                                                                        "Actual Loops": 1,
                                                                                        "Output": [
                                                                                            "ci.movie_id",
                                                                                            "ci.person_id"
                                                                                        ],
                                                                                        "Filter": "(ci.note = ANY ('{(writer),\"(head writer)\",\"(written by)\",(story),\"(story editor)\"}'::text[]))",
                                                                                        "Rows Removed by Filter": 34999628
                                                                                    }
                                                                                ]
                                                                            }
                                                                        ]
                                                                    }
                                                                ]
                                                            }
                                                        ]
                                                    }
                                                ]
                                            }
                                        ]
                                    },
                                    {
                                        "Node Type": "Bitmap Heap Scan",
                                        "Parent Relationship": "Inner",
                                        "Parallel Aware": false,
                                        "Relation Name": "info_type",
                                        "Schema": "public",
                                        "Alias": "it1",
                                        "Startup Cost": 0.15,
                                        "Total Cost": 4.17,
                                        "Plan Rows": 1,
                                        "Plan Width": 4,
                                        "Actual Startup Time": 0.019,
                                        "Actual Total Time": 0.02,
                                        "Actual Rows": 1,
                                        "Actual Loops": 1,
                                        "Output": [
                                            "it1.id",
                                            "it1.info"
                                        ],
                                        "Recheck Cond": "(it1.id = mi.info_type_id)",
                                        "Rows Removed by Index Recheck": 0,
                                        "Filter": "((it1.info)::text = 'genres'::text)",
                                        "Rows Removed by Filter": 0,
                                        "Exact Heap Blocks": 1,
                                        "Lossy Heap Blocks": 0,
                                        "Plans": [
                                            {
                                                "Node Type": "Bitmap Index Scan",
                                                "Parent Relationship": "Outer",
                                                "Parallel Aware": false,
                                                "Index Name": "info_type_pkey",
                                                "Startup Cost": 0.0,
                                                "Total Cost": 0.15,
                                                "Plan Rows": 1,
                                                "Plan Width": 0,
                                                "Actual Startup Time": 0.01,
                                                "Actual Total Time": 0.011,
                                                "Actual Rows": 1,
                                                "Actual Loops": 1,
                                                "Index Cond": "(it1.id = mi.info_type_id)"
                                            }
                                        ]
                                    }
                                ]
                            },
                            {
                                "Node Type": "Bitmap Heap Scan",
                                "Parent Relationship": "Inner",
                                "Parallel Aware": false,
                                "Relation Name": "movie_info_idx",
                                "Schema": "public",
                                "Alias": "mi_idx",
                                "Startup Cost": 0.46,
                                "Total Cost": 4.49,
                                "Plan Rows": 3,
                                "Plan Width": 13,
                                "Actual Startup Time": 0.017,
                                "Actual Total Time": 0.019,
                                "Actual Rows": 3,
                                "Actual Loops": 1,
                                "Output": [
                                    "mi_idx.id",
                                    "mi_idx.movie_id",
                                    "mi_idx.info_type_id",
                                    "mi_idx.info",
                                    "mi_idx.note"
                                ],
                                "Recheck Cond": "(mi_idx.movie_id = mk.movie_id)",
                                "Rows Removed by Index Recheck": 0,
                                "Exact Heap Blocks": 1,
                                "Lossy Heap Blocks": 0,
                                "Plans": [
                                    {
                                        "Node Type": "Bitmap Index Scan",
                                        "Parent Relationship": "Outer",
                                        "Parallel Aware": false,
                                        "Index Name": "movie_id_movie_info_idx",
                                        "Startup Cost": 0.0,
                                        "Total Cost": 0.46,
                                        "Plan Rows": 3,
                                        "Plan Width": 0,
                                        "Actual Startup Time": 0.014,
                                        "Actual Total Time": 0.014,
                                        "Actual Rows": 3,
                                        "Actual Loops": 1,
                                        "Index Cond": "(mi_idx.movie_id = mk.movie_id)"
                                    }
                                ]
                            }
                        ]
                    },
                    {
                        "Node Type": "Bitmap Heap Scan",
                        "Parent Relationship": "Inner",
                        "Parallel Aware": false,
                        "Relation Name": "info_type",
                        "Schema": "public",
                        "Alias": "it2",
                        "Startup Cost": 0.15,
                        "Total Cost": 4.17,
                        "Plan Rows": 1,
                        "Plan Width": 4,
                        "Actual Startup Time": 0.003,
                        "Actual Total Time": 0.004,
                        "Actual Rows": 0,
                        "Actual Loops": 3,
                        "Output": [
                            "it2.id",
                            "it2.info"
                        ],
                        "Recheck Cond": "(it2.id = mi_idx.info_type_id)",
                        "Rows Removed by Index Recheck": 0,
                        "Filter": "((it2.info)::text = 'votes'::text)",
                        "Rows Removed by Filter": 1,
                        "Exact Heap Blocks": 3,
                        "Lossy Heap Blocks": 0,
                        "Plans": [
                            {
                                "Node Type": "Bitmap Index Scan",
                                "Parent Relationship": "Outer",
                                "Parallel Aware": false,
                                "Index Name": "info_type_pkey",
                                "Startup Cost": 0.0,
                                "Total Cost": 0.15,
                                "Plan Rows": 1,
                                "Plan Width": 0,
                                "Actual Startup Time": 0.001,
                                "Actual Total Time": 0.002,
                                "Actual Rows": 1,
                                "Actual Loops": 3,
                                "Index Cond": "(it2.id = mi_idx.info_type_id)"
                            }
                        ]
                    }
                ]
            }
        ]
    },
    "Planning Time": 11.847,
    "Triggers": [],
    "Execution Time": 8544.746
}