[
    {
        "Bao": {
            "Bao prediction": 480.821,
            "Bao recommended hint": "(no hint)"
        }
    },
    {
        "Plan": {
            "Node Type": "Aggregate",
            "Strategy": "Plain",
            "Partial Mode": "Finalize",
            "Parallel Aware": false,
            "Startup Cost": 31654.73,
            "Total Cost": 31654.74,
            "Plan Rows": 1,
            "Plan Width": 8,
            "Actual Startup Time": 140.315,
            "Actual Total Time": 146.586,
            "Actual Rows": 1,
            "Actual Loops": 1,
            "Output": [
                "count(*)"
            ],
            "Plans": [
                {
                    "Node Type": "Gather",
                    "Parent Relationship": "Outer",
                    "Parallel Aware": false,
                    "Startup Cost": 31654.41,
                    "Total Cost": 31654.72,
                    "Plan Rows": 3,
                    "Plan Width": 8,
                    "Actual Startup Time": 140.207,
                    "Actual Total Time": 146.578,
                    "Actual Rows": 4,
                    "Actual Loops": 1,
                    "Output": [
                        "(PARTIAL count(*))"
                    ],
                    "Workers Planned": 3,
                    "Workers Launched": 3,
                    "Single Copy": false,
                    "Plans": [
                        {
                            "Node Type": "Aggregate",
                            "Strategy": "Plain",
                            "Partial Mode": "Partial",
                            "Parent Relationship": "Outer",
                            "Parallel Aware": false,
                            "Startup Cost": 30654.41,
                            "Total Cost": 30654.42,
                            "Plan Rows": 1,
                            "Plan Width": 8,
                            "Actual Startup Time": 132.375,
                            "Actual Total Time": 132.376,
                            "Actual Rows": 1,
                            "Actual Loops": 4,
                            "Output": [
                                "PARTIAL count(*)"
                            ],
                            "Workers": [
                                {
                                    "Worker Number": 0,
                                    "Actual Startup Time": 129.934,
                                    "Actual Total Time": 129.936,
                                    "Actual Rows": 1,
                                    "Actual Loops": 1
                                },
                                {
                                    "Worker Number": 1,
                                    "Actual Startup Time": 129.961,
                                    "Actual Total Time": 129.963,
                                    "Actual Rows": 1,
                                    "Actual Loops": 1
                                },
                                {
                                    "Worker Number": 2,
                                    "Actual Startup Time": 129.984,
                                    "Actual Total Time": 129.985,
                                    "Actual Rows": 1,
                                    "Actual Loops": 1
                                }
                            ],
                            "Plans": [
                                {
                                    "Node Type": "Seq Scan",
                                    "Parent Relationship": "Outer",
                                    "Parallel Aware": true,
                                    "Relation Name": "movie_companies",
                                    "Schema": "public",
                                    "Alias": "mc",
                                    "Startup Cost": 0.0,
                                    "Total Cost": 29310.68,
                                    "Plan Rows": 537491,
                                    "Plan Width": 0,
                                    "Actual Startup Time": 3.567,
                                    "Actual Total Time": 104.041,
                                    "Actual Rows": 416458,
                                    "Actual Loops": 4,
                                    "Output": [
                                        "id",
                                        "movie_id",
                                        "company_id",
                                        "company_type_id",
                                        "note"
                                    ],
                                    "Filter": "(mc.company_id > 3538)",
                                    "Rows Removed by Filter": 235824,
                                    "Workers": [
                                        {
                                            "Worker Number": 0,
                                            "Actual Startup Time": 1.154,
                                            "Actual Total Time": 102.366,
                                            "Actual Rows": 400319,
                                            "Actual Loops": 1
                                        },
                                        {
                                            "Worker Number": 1,
                                            "Actual Startup Time": 1.178,
                                            "Actual Total Time": 102.321,
                                            "Actual Rows": 401013,
                                            "Actual Loops": 1
                                        },
                                        {
                                            "Worker Number": 2,
                                            "Actual Startup Time": 1.159,
                                            "Actual Total Time": 102.845,
                                            "Actual Rows": 391228,
                                            "Actual Loops": 1
                                        }
                                    ]
                                }
                            ]
                        }
                    ]
                }
            ]
        },
        "Planning Time": 2591.774,
        "Triggers": [],
        "Execution Time": 146.697
    }
]