[
  {
    "Plan": {
      "Node Type": "Aggregate",
      "Strategy": "Plain",
      "Partial Mode": "Simple",
      "Parallel Aware": false,
      "Startup Cost": 3902.48,
      "Total Cost": 3902.49,
      "Plan Rows": 1,
      "Plan Width": 192,
      "Actual Startup Time": 200.205,
      "Actual Total Time": 200.216,
      "Actual Rows": 1,
      "Actual Loops": 1,
      "Output": [
        "min(cn1.name)",
        "min(cn2.name)",
        "min(mi_idx1.info)",
        "min(mi_idx2.info)",
        "min(t1.title)",
        "min(t2.title)"
      ],
      "Plans": [
        {
          "Node Type": "Nested Loop",
          "Parent Relationship": "Outer",
          "Parallel Aware": false,
          "Join Type": "Inner",
          "Startup Cost": 878.23,
          "Total Cost": 3902.46,
          "Plan Rows": 1,
          "Plan Width": 82,
          "Actual Startup Time": 42.897,
          "Actual Total Time": 199.927,
          "Actual Rows": 536,
          "Actual Loops": 1,
          "Output": [
            "cn1.name",
            "cn2.name",
            "mi_idx1.info",
            "mi_idx2.info",
            "t1.title",
            "t2.title"
          ],
          "Inner Unique": true,
          "Plans": [
            {
              "Node Type": "Nested Loop",
              "Parent Relationship": "Outer",
              "Parallel Aware": false,
              "Join Type": "Inner",
              "Startup Cost": 877.81,
              "Total Cost": 3902.02,
              "Plan Rows": 1,
              "Plan Width": 67,
              "Actual Startup Time": 42.888,
              "Actual Total Time": 197.011,
              "Actual Rows": 536,
              "Actual Loops": 1,
              "Output": [
                "cn1.name",
                "mi_idx1.info",
                "mi_idx2.info",
                "mc2.company_id",
                "t1.title",
                "t2.title"
              ],
              "Inner Unique": false,
              "Plans": [
                {
                  "Node Type": "Nested Loop",
                  "Parent Relationship": "Outer",
                  "Parallel Aware": false,
                  "Join Type": "Inner",
                  "Startup Cost": 877.38,
                  "Total Cost": 3901.38,
                  "Plan Rows": 1,
                  "Plan Width": 75,
                  "Actual Startup Time": 42.832,
                  "Actual Total Time": 193.69,
                  "Actual Rows": 156,
                  "Actual Loops": 1,
                  "Output": [
                    "cn1.name",
                    "mi_idx1.info",
                    "mi_idx2.info",
                    "mi_idx2.movie_id",
                    "ml.linked_movie_id",
                    "t1.title",
                    "t2.title",
                    "t2.id"
                  ],
                  "Inner Unique": true,
                  "Plans": [
                    {
                      "Node Type": "Nested Loop",
                      "Parent Relationship": "Outer",
                      "Parallel Aware": false,
                      "Join Type": "Inner",
                      "Startup Cost": 876.96,
                      "Total Cost": 3900.93,
                      "Plan Rows": 1,
                      "Plan Width": 60,
                      "Actual Startup Time": 31.735,
                      "Actual Total Time": 178.168,
                      "Actual Rows": 3960,
                      "Actual Loops": 1,
                      "Output": [
                        "mi_idx1.info",
                        "mc1.company_id",
                        "mi_idx2.info",
                        "mi_idx2.movie_id",
                        "ml.linked_movie_id",
                        "t1.title",
                        "t2.title",
                        "t2.id"
                      ],
                      "Inner Unique": false,
                      "Plans": [
                        {
                          "Node Type": "Nested Loop",
                          "Parent Relationship": "Outer",
                          "Parallel Aware": false,
                          "Join Type": "Inner",
                          "Startup Cost": 876.53,
                          "Total Cost": 3900.32,
                          "Plan Rows": 1,
                          "Plan Width": 68,
                          "Actual Startup Time": 31.65,
                          "Actual Total Time": 170.229,
                          "Actual Rows": 947,
                          "Actual Loops": 1,
                          "Output": [
                            "mi_idx1.info",
                            "mi_idx1.movie_id",
                            "mi_idx2.info",
                            "mi_idx2.movie_id",
                            "ml.movie_id",
                            "ml.linked_movie_id",
                            "t1.title",
                            "t1.id",
                            "t2.title",
                            "t2.id"
                          ],
                          "Inner Unique": true,
                          "Join Filter": "((ml.linked_movie_id = t2.id) AND (kt2.id = t2.kind_id))",
                          "Rows Removed by Join Filter": 132,
                          "Plans": [
                            {
                              "Node Type": "Nested Loop",
                              "Parent Relationship": "Outer",
                              "Parallel Aware": false,
                              "Join Type": "Inner",
                              "Startup Cost": 876.1,
                              "Total Cost": 3899.71,
                              "Plan Rows": 1,
                              "Plan Width": 51,
                              "Actual Startup Time": 28.933,
                              "Actual Total Time": 137.962,
                              "Actual Rows": 1507,
                              "Actual Loops": 1,
                              "Output": [
                                "mi_idx1.info",
                                "mi_idx1.movie_id",
                                "mi_idx2.info",
                                "mi_idx2.movie_id",
                                "ml.movie_id",
                                "ml.linked_movie_id",
                                "t1.title",
                                "t1.id",
                                "kt2.id"
                              ],
                              "Inner Unique": false,
                              "Plans": [
                                {
                                  "Node Type": "Index Scan",
                                  "Parent Relationship": "Outer",
                                  "Parallel Aware": false,
                                  "Scan Direction": "Forward",
                                  "Index Name": "kind_type_pkey",
                                  "Relation Name": "kind_type",
                                  "Schema": "public",
                                  "Alias": "kt2",
                                  "Startup Cost": 0.13,
                                  "Total Cost": 12.26,
                                  "Plan Rows": 1,
                                  "Plan Width": 4,
                                  "Actual Startup Time": 0.025,
                                  "Actual Total Time": 0.028,
                                  "Actual Rows": 1,
                                  "Actual Loops": 1,
                                  "Output": [
                                    "kt2.id",
                                    "kt2.kind"
                                  ],
                                  "Filter": "((kt2.kind)::text = 'tv series'::text COLLATE \"C\")",
                                  "Rows Removed by Filter": 6
                                },
                                {
                                  "Node Type": "Hash Join",
                                  "Parent Relationship": "Inner",
                                  "Parallel Aware": false,
                                  "Join Type": "Inner",
                                  "Startup Cost": 875.97,
                                  "Total Cost": 3886.46,
                                  "Plan Rows": 100,
                                  "Plan Width": 47,
                                  "Actual Startup Time": 28.903,
                                  "Actual Total Time": 137.581,
                                  "Actual Rows": 1507,
                                  "Actual Loops": 1,
                                  "Output": [
                                    "mi_idx1.info",
                                    "mi_idx1.movie_id",
                                    "mi_idx2.info",
                                    "mi_idx2.movie_id",
                                    "ml.movie_id",
                                    "ml.linked_movie_id",
                                    "t1.title",
                                    "t1.id"
                                  ],
                                  "Inner Unique": true,
                                  "Hash Cond": "(mi_idx2.info_type_id = it2.id)",
                                  "Plans": [
                                    {
                                      "Node Type": "Nested Loop",
                                      "Parent Relationship": "Outer",
                                      "Parallel Aware": false,
                                      "Join Type": "Inner",
                                      "Startup Cost": 873.54,
                                      "Total Cost": 3883.9,
                                      "Plan Rows": 49,
                                      "Plan Width": 51,
                                      "Actual Startup Time": 28.728,
                                      "Actual Total Time": 136.296,
                                      "Actual Rows": 4418,
                                      "Actual Loops": 1,
                                      "Output": [
                                        "mi_idx1.info",
                                        "mi_idx1.movie_id",
                                        "ml.movie_id",
                                        "ml.linked_movie_id",
                                        "mi_idx2.info",
                                        "mi_idx2.info_type_id",
                                        "mi_idx2.movie_id",
                                        "t1.title",
                                        "t1.id"
                                      ],
                                      "Inner Unique": false,
                                      "Plans": [
                                        {
                                          "Node Type": "Hash Join",
                                          "Parent Relationship": "Outer",
                                          "Parallel Aware": false,
                                          "Join Type": "Inner",
                                          "Startup Cost": 873.12,
                                          "Total Cost": 3838.16,
                                          "Plan Rows": 19,
                                          "Plan Width": 38,
                                          "Actual Startup Time": 28.451,
                                          "Actual Total Time": 107.828,
                                          "Actual Rows": 1909,
                                          "Actual Loops": 1,
                                          "Output": [
                                            "mi_idx1.info",
                                            "mi_idx1.movie_id",
                                            "ml.movie_id",
                                            "ml.linked_movie_id",
                                            "t1.title",
                                            "t1.id"
                                          ],
                                          "Inner Unique": true,
                                          "Hash Cond": "(t1.kind_id = kt1.id)",
                                          "Plans": [
                                            {
                                              "Node Type": "Nested Loop",
                                              "Parent Relationship": "Outer",
                                              "Parallel Aware": false,
                                              "Join Type": "Inner",
                                              "Startup Cost": 872.02,
                                              "Total Cost": 3836.5,
                                              "Plan Rows": 130,
                                              "Plan Width": 42,
                                              "Actual Startup Time": 27.888,
                                              "Actual Total Time": 106.2,
                                              "Actual Rows": 7566,
                                              "Actual Loops": 1,
                                              "Output": [
                                                "mi_idx1.info",
                                                "mi_idx1.movie_id",
                                                "ml.movie_id",
                                                "ml.linked_movie_id",
                                                "t1.title",
                                                "t1.id",
                                                "t1.kind_id"
                                              ],
                                              "Inner Unique": true,
                                              "Join Filter": "(ml.movie_id = t1.id)",
                                              "Rows Removed by Join Filter": 0,
                                              "Plans": [
                                                {
                                                  "Node Type": "Hash Join",
                                                  "Parent Relationship": "Outer",
                                                  "Parallel Aware": false,
                                                  "Join Type": "Inner",
                                                  "Startup Cost": 871.59,
                                                  "Total Cost": 3759.75,
                                                  "Plan Rows": 130,
                                                  "Plan Width": 17,
                                                  "Actual Startup Time": 27.835,
                                                  "Actual Total Time": 59.292,
                                                  "Actual Rows": 7566,
                                                  "Actual Loops": 1,
                                                  "Output": [
                                                    "mi_idx1.info",
                                                    "mi_idx1.movie_id",
                                                    "ml.movie_id",
                                                    "ml.linked_movie_id"
                                                  ],
                                                  "Inner Unique": true,
                                                  "Hash Cond": "(mi_idx1.info_type_id = it1.id)",
                                                  "Plans": [
                                                    {
                                                      "Node Type": "Merge Join",
                                                      "Parent Relationship": "Outer",
                                                      "Parallel Aware": false,
                                                      "Join Type": "Inner",
                                                      "Startup Cost": 869.16,
                                                      "Total Cost": 3717.13,
                                                      "Plan Rows": 14754,
                                                      "Plan Width": 21,
                                                      "Actual Startup Time": 27.736,
                                                      "Actual Total Time": 55.772,
                                                      "Actual Rows": 22698,
                                                      "Actual Loops": 1,
                                                      "Output": [
                                                        "ml.movie_id",
                                                        "ml.linked_movie_id",
                                                        "mi_idx1.info",
                                                        "mi_idx1.info_type_id",
                                                        "mi_idx1.movie_id"
                                                      ],
                                                      "Inner Unique": false,
                                                      "Merge Cond": "(mi_idx1.movie_id = ml.movie_id)",
                                                      "Plans": [
                                                        {
                                                          "Node Type": "Index Scan",
                                                          "Parent Relationship": "Outer",
                                                          "Parallel Aware": false,
                                                          "Scan Direction": "Forward",
                                                          "Index Name": "movie_id_movie_info_idx",
                                                          "Relation Name": "movie_info_idx",
                                                          "Schema": "public",
                                                          "Alias": "mi_idx1",
                                                          "Startup Cost": 0.43,
                                                          "Total Cost": 53620.22,
                                                          "Plan Rows": 1380035,
                                                          "Plan Width": 13,
                                                          "Actual Startup Time": 0.046,
                                                          "Actual Total Time": 15.042,
                                                          "Actual Rows": 55234,
                                                          "Actual Loops": 1,
                                                          "Output": [
                                                            "mi_idx1.id",
                                                            "mi_idx1.movie_id",
                                                            "mi_idx1.info_type_id",
                                                            "mi_idx1.info",
                                                            "mi_idx1.note"
                                                          ]
                                                        },
                                                        {
                                                          "Node Type": "Sort",
                                                          "Parent Relationship": "Inner",
                                                          "Parallel Aware": false,
                                                          "Startup Cost": 868.72,
                                                          "Total Cost": 881.22,
                                                          "Plan Rows": 5000,
                                                          "Plan Width": 8,
                                                          "Actual Startup Time": 27.656,
                                                          "Actual Total Time": 29.612,
                                                          "Actual Rows": 27313,
                                                          "Actual Loops": 1,
                                                          "Output": [
                                                            "ml.movie_id",
                                                            "ml.linked_movie_id"
                                                          ],
                                                          "Sort Key": [
                                                            "ml.movie_id"
                                                          ],
                                                          "Sort Method": "quicksort",
                                                          "Sort Space Used": 955,
                                                          "Sort Space Type": "Memory",
                                                          "Plans": [
                                                            {
                                                              "Node Type": "Hash Join",
                                                              "Parent Relationship": "Outer",
                                                              "Parallel Aware": false,
                                                              "Join Type": "Inner",
                                                              "Startup Cost": 1.29,
                                                              "Total Cost": 561.53,
                                                              "Plan Rows": 5000,
                                                              "Plan Width": 8,
                                                              "Actual Startup Time": 0.145,
                                                              "Actual Total Time": 21.186,
                                                              "Actual Rows": 12181,
                                                              "Actual Loops": 1,
                                                              "Output": [
                                                                "ml.movie_id",
                                                                "ml.linked_movie_id"
                                                              ],
                                                              "Inner Unique": true,
                                                              "Hash Cond": "(ml.link_type_id = lt.id)",
                                                              "Plans": [
                                                                {
                                                                  "Node Type": "Seq Scan",
                                                                  "Parent Relationship": "Outer",
                                                                  "Parallel Aware": false,
                                                                  "Relation Name": "movie_link",
                                                                  "Schema": "public",
                                                                  "Alias": "ml",
                                                                  "Startup Cost": 0.0,
                                                                  "Total Cost": 462.97,
                                                                  "Plan Rows": 29997,
                                                                  "Plan Width": 12,
                                                                  "Actual Startup Time": 0.036,
                                                                  "Actual Total Time": 11.38,
                                                                  "Actual Rows": 29997,
                                                                  "Actual Loops": 1,
                                                                  "Output": [
                                                                    "ml.id",
                                                                    "ml.movie_id",
                                                                    "ml.linked_movie_id",
                                                                    "ml.link_type_id"
                                                                  ]
                                                                },
                                                                {
                                                                  "Node Type": "Hash",
                                                                  "Parent Relationship": "Inner",
                                                                  "Parallel Aware": false,
                                                                  "Startup Cost": 1.25,
                                                                  "Total Cost": 1.25,
                                                                  "Plan Rows": 3,
                                                                  "Plan Width": 4,
                                                                  "Actual Startup Time": 0.058,
                                                                  "Actual Total Time": 0.059,
                                                                  "Actual Rows": 3,
                                                                  "Actual Loops": 1,
                                                                  "Output": [
                                                                    "lt.id"
                                                                  ],
                                                                  "Hash Buckets": 1024,
                                                                  "Original Hash Buckets": 1024,
                                                                  "Hash Batches": 1,
                                                                  "Original Hash Batches": 1,
                                                                  "Peak Memory Usage": 9,
                                                                  "Plans": [
                                                                    {
                                                                      "Node Type": "Seq Scan",
                                                                      "Parent Relationship": "Outer",
                                                                      "Parallel Aware": false,
                                                                      "Relation Name": "link_type",
                                                                      "Schema": "public",
                                                                      "Alias": "lt",
                                                                      "Startup Cost": 0.0,
                                                                      "Total Cost": 1.25,
                                                                      "Plan Rows": 3,
                                                                      "Plan Width": 4,
                                                                      "Actual Startup Time": 0.036,
                                                                      "Actual Total Time": 0.045,
                                                                      "Actual Rows": 3,
                                                                      "Actual Loops": 1,
                                                                      "Output": [
                                                                        "lt.id"
                                                                      ],
                                                                      "Filter": "((lt.link)::text = ANY ('{\"spin off\",references,\"version of\"}'::text[]))",
                                                                      "Rows Removed by Filter": 15
                                                                    }
                                                                  ]
                                                                }
                                                              ]
                                                            }
                                                          ]
                                                        }
                                                      ]
                                                    },
                                                    {
                                                      "Node Type": "Hash",
                                                      "Parent Relationship": "Inner",
                                                      "Parallel Aware": false,
                                                      "Startup Cost": 2.41,
                                                      "Total Cost": 2.41,
                                                      "Plan Rows": 1,
                                                      "Plan Width": 4,
                                                      "Actual Startup Time": 0.049,
                                                      "Actual Total Time": 0.049,
                                                      "Actual Rows": 1,
                                                      "Actual Loops": 1,
                                                      "Output": [
                                                        "it1.id"
                                                      ],
                                                      "Hash Buckets": 1024,
                                                      "Original Hash Buckets": 1024,
                                                      "Hash Batches": 1,
                                                      "Original Hash Batches": 1,
                                                      "Peak Memory Usage": 9,
                                                      "Plans": [
                                                        {
                                                          "Node Type": "Seq Scan",
                                                          "Parent Relationship": "Outer",
                                                          "Parallel Aware": false,
                                                          "Relation Name": "info_type",
                                                          "Schema": "public",
                                                          "Alias": "it1",
                                                          "Startup Cost": 0.0,
                                                          "Total Cost": 2.41,
                                                          "Plan Rows": 1,
                                                          "Plan Width": 4,
                                                          "Actual Startup Time": 0.033,
                                                          "Actual Total Time": 0.038,
                                                          "Actual Rows": 1,
                                                          "Actual Loops": 1,
                                                          "Output": [
                                                            "it1.id"
                                                          ],
                                                          "Filter": "((it1.info)::text = 'rating'::text COLLATE \"C\")",
                                                          "Rows Removed by Filter": 112
                                                        }
                                                      ]
                                                    }
                                                  ]
                                                },
                                                {
                                                  "Node Type": "Index Scan",
                                                  "Parent Relationship": "Inner",
                                                  "Parallel Aware": false,
                                                  "Scan Direction": "Forward",
                                                  "Index Name": "title_pkey",
                                                  "Relation Name": "title",
                                                  "Schema": "public",
                                                  "Alias": "t1",
                                                  "Startup Cost": 0.43,
                                                  "Total Cost": 0.58,
                                                  "Plan Rows": 1,
                                                  "Plan Width": 25,
                                                  "Actual Startup Time": 0.006,
                                                  "Actual Total Time": 0.006,
                                                  "Actual Rows": 1,
                                                  "Actual Loops": 7566,
                                                  "Output": [
                                                    "t1.id",
                                                    "t1.title",
                                                    "t1.imdb_index",
                                                    "t1.kind_id",
                                                    "t1.production_year",
                                                    "t1.imdb_id",
                                                    "t1.phonetic_code",
                                                    "t1.episode_of_id",
                                                    "t1.season_nr",
                                                    "t1.episode_nr",
                                                    "t1.series_years",
                                                    "t1.md5sum"
                                                  ],
                                                  "Index Cond": "(t1.id = mi_idx1.movie_id)",
                                                  "Rows Removed by Index Recheck": 0
                                                }
                                              ]
                                            },
                                            {
                                              "Node Type": "Hash",
                                              "Parent Relationship": "Inner",
                                              "Parallel Aware": false,
                                              "Startup Cost": 1.09,
                                              "Total Cost": 1.09,
                                              "Plan Rows": 1,
                                              "Plan Width": 4,
                                              "Actual Startup Time": 0.027,
                                              "Actual Total Time": 0.027,
                                              "Actual Rows": 1,
                                              "Actual Loops": 1,
                                              "Output": [
                                                "kt1.id"
                                              ],
                                              "Hash Buckets": 1024,
                                              "Original Hash Buckets": 1024,
                                              "Hash Batches": 1,
                                              "Original Hash Batches": 1,
                                              "Peak Memory Usage": 9,
                                              "Plans": [
                                                {
                                                  "Node Type": "Seq Scan",
                                                  "Parent Relationship": "Outer",
                                                  "Parallel Aware": false,
                                                  "Relation Name": "kind_type",
                                                  "Schema": "public",
                                                  "Alias": "kt1",
                                                  "Startup Cost": 0.0,
                                                  "Total Cost": 1.09,
                                                  "Plan Rows": 1,
                                                  "Plan Width": 4,
                                                  "Actual Startup Time": 0.012,
                                                  "Actual Total Time": 0.016,
                                                  "Actual Rows": 1,
                                                  "Actual Loops": 1,
                                                  "Output": [
                                                    "kt1.id"
                                                  ],
                                                  "Filter": "((kt1.kind)::text = 'tv series'::text COLLATE \"C\")",
                                                  "Rows Removed by Filter": 6
                                                }
                                              ]
                                            }
                                          ]
                                        },
                                        {
                                          "Node Type": "Index Scan",
                                          "Parent Relationship": "Inner",
                                          "Parallel Aware": false,
                                          "Scan Direction": "Forward",
                                          "Index Name": "movie_id_movie_info_idx",
                                          "Relation Name": "movie_info_idx",
                                          "Schema": "public",
                                          "Alias": "mi_idx2",
                                          "Startup Cost": 0.43,
                                          "Total Cost": 2.38,
                                          "Plan Rows": 3,
                                          "Plan Width": 13,
                                          "Actual Startup Time": 0.013,
                                          "Actual Total Time": 0.014,
                                          "Actual Rows": 2,
                                          "Actual Loops": 1909,
                                          "Output": [
                                            "mi_idx2.id",
                                            "mi_idx2.movie_id",
                                            "mi_idx2.info_type_id",
                                            "mi_idx2.info",
                                            "mi_idx2.note"
                                          ],
                                          "Index Cond": "(mi_idx2.movie_id = ml.linked_movie_id)",
                                          "Rows Removed by Index Recheck": 0,
                                          "Filter": "(mi_idx2.info < '7.6'::text)",
                                          "Rows Removed by Filter": 0
                                        }
                                      ]
                                    },
                                    {
                                      "Node Type": "Hash",
                                      "Parent Relationship": "Inner",
                                      "Parallel Aware": false,
                                      "Startup Cost": 2.41,
                                      "Total Cost": 2.41,
                                      "Plan Rows": 1,
                                      "Plan Width": 4,
                                      "Actual Startup Time": 0.077,
                                      "Actual Total Time": 0.078,
                                      "Actual Rows": 1,
                                      "Actual Loops": 1,
                                      "Output": [
                                        "it2.id"
                                      ],
                                      "Hash Buckets": 1024,
                                      "Original Hash Buckets": 1024,
                                      "Hash Batches": 1,
                                      "Original Hash Batches": 1,
                                      "Peak Memory Usage": 9,
                                      "Plans": [
                                        {
                                          "Node Type": "Seq Scan",
                                          "Parent Relationship": "Outer",
                                          "Parallel Aware": false,
                                          "Relation Name": "info_type",
                                          "Schema": "public",
                                          "Alias": "it2",
                                          "Startup Cost": 0.0,
                                          "Total Cost": 2.41,
                                          "Plan Rows": 1,
                                          "Plan Width": 4,
                                          "Actual Startup Time": 0.045,
                                          "Actual Total Time": 0.051,
                                          "Actual Rows": 1,
                                          "Actual Loops": 1,
                                          "Output": [
                                            "it2.id"
                                          ],
                                          "Filter": "((it2.info)::text = 'rating'::text COLLATE \"C\")",
                                          "Rows Removed by Filter": 112
                                        }
                                      ]
                                    }
                                  ]
                                }
                              ]
                            },
                            {
                              "Node Type": "Index Scan",
                              "Parent Relationship": "Inner",
                              "Parallel Aware": false,
                              "Scan Direction": "Forward",
                              "Index Name": "title_pkey",
                              "Relation Name": "title",
                              "Schema": "public",
                              "Alias": "t2",
                              "Startup Cost": 0.43,
                              "Total Cost": 0.6,
                              "Plan Rows": 1,
                              "Plan Width": 25,
                              "Actual Startup Time": 0.021,
                              "Actual Total Time": 0.021,
                              "Actual Rows": 1,
                              "Actual Loops": 1507,
                              "Output": [
                                "t2.id",
                                "t2.title",
                                "t2.imdb_index",
                                "t2.kind_id",
                                "t2.production_year",
                                "t2.imdb_id",
                                "t2.phonetic_code",
                                "t2.episode_of_id",
                                "t2.season_nr",
                                "t2.episode_nr",
                                "t2.series_years",
                                "t2.md5sum"
                              ],
                              "Index Cond": "(t2.id = mi_idx2.movie_id)",
                              "Rows Removed by Index Recheck": 0,
                              "Filter": "((t2.production_year >= 1995) AND (t2.production_year <= 2013))",
                              "Rows Removed by Filter": 0
                            }
                          ]
                        },
                        {
                          "Node Type": "Index Scan",
                          "Parent Relationship": "Inner",
                          "Parallel Aware": false,
                          "Scan Direction": "Forward",
                          "Index Name": "movie_id_movie_companies",
                          "Relation Name": "movie_companies",
                          "Schema": "public",
                          "Alias": "mc1",
                          "Startup Cost": 0.43,
                          "Total Cost": 0.56,
                          "Plan Rows": 5,
                          "Plan Width": 8,
                          "Actual Startup Time": 0.005,
                          "Actual Total Time": 0.007,
                          "Actual Rows": 4,
                          "Actual Loops": 947,
                          "Output": [
                            "mc1.id",
                            "mc1.movie_id",
                            "mc1.company_id",
                            "mc1.company_type_id",
                            "mc1.note"
                          ],
                          "Index Cond": "(mc1.movie_id = t1.id)",
                          "Rows Removed by Index Recheck": 0
                        }
                      ]
                    },
                    {
                      "Node Type": "Index Scan",
                      "Parent Relationship": "Inner",
                      "Parallel Aware": false,
                      "Scan Direction": "Forward",
                      "Index Name": "company_name_pkey",
                      "Relation Name": "company_name",
                      "Schema": "public",
                      "Alias": "cn1",
                      "Startup Cost": 0.42,
                      "Total Cost": 0.45,
                      "Plan Rows": 1,
                      "Plan Width": 23,
                      "Actual Startup Time": 0.004,
                      "Actual Total Time": 0.004,
                      "Actual Rows": 0,
                      "Actual Loops": 3960,
                      "Output": [
                        "cn1.id",
                        "cn1.name",
                        "cn1.country_code",
                        "cn1.imdb_id",
                        "cn1.name_pcode_nf",
                        "cn1.name_pcode_sf",
                        "cn1.md5sum"
                      ],
                      "Index Cond": "(cn1.id = mc1.company_id)",
                      "Rows Removed by Index Recheck": 0,
                      "Filter": "((cn1.country_code)::text = '[de]'::text)",
                      "Rows Removed by Filter": 1
                    }
                  ]
                },
                {
                  "Node Type": "Index Scan",
                  "Parent Relationship": "Inner",
                  "Parallel Aware": false,
                  "Scan Direction": "Forward",
                  "Index Name": "movie_id_movie_companies",
                  "Relation Name": "movie_companies",
                  "Schema": "public",
                  "Alias": "mc2",
                  "Startup Cost": 0.43,
                  "Total Cost": 0.59,
                  "Plan Rows": 5,
                  "Plan Width": 8,
                  "Actual Startup Time": 0.014,
                  "Actual Total Time": 0.02,
                  "Actual Rows": 3,
                  "Actual Loops": 156,
                  "Output": [
                    "mc2.id",
                    "mc2.movie_id",
                    "mc2.company_id",
                    "mc2.company_type_id",
                    "mc2.note"
                  ],
                  "Index Cond": "(mc2.movie_id = t2.id)",
                  "Rows Removed by Index Recheck": 0
                }
              ]
            },
            {
              "Node Type": "Index Scan",
              "Parent Relationship": "Inner",
              "Parallel Aware": false,
              "Scan Direction": "Forward",
              "Index Name": "company_name_pkey",
              "Relation Name": "company_name",
              "Schema": "public",
              "Alias": "cn2",
              "Startup Cost": 0.42,
              "Total Cost": 0.44,
              "Plan Rows": 1,
              "Plan Width": 23,
              "Actual Startup Time": 0.005,
              "Actual Total Time": 0.005,
              "Actual Rows": 1,
              "Actual Loops": 536,
              "Output": [
                "cn2.id",
                "cn2.name",
                "cn2.country_code",
                "cn2.imdb_id",
                "cn2.name_pcode_nf",
                "cn2.name_pcode_sf",
                "cn2.md5sum"
              ],
              "Index Cond": "(cn2.id = mc2.company_id)",
              "Rows Removed by Index Recheck": 0
            }
          ]
        }
      ]
    },
    "Planning Time": 132051.017,
    "Triggers": [],
    "Execution Time": 201.012
  }
]