[
  {
    "Plan": {
      "Node Type": "Aggregate",
      "Strategy": "Plain",
      "Partial Mode": "Finalize",
      "Parallel Aware": false,
      "Startup Cost": 46783.27,
      "Total Cost": 46783.28,
      "Plan Rows": 1,
      "Plan Width": 8,
      "Actual Startup Time": 92.156,
      "Actual Total Time": 102.492,
      "Actual Rows": 1,
      "Actual Loops": 1,
      "Plans": [
        {
          "Node Type": "Gather",
          "Parent Relationship": "Outer",
          "Parallel Aware": false,
          "Startup Cost": 46782.85,
          "Total Cost": 46783.26,
          "Plan Rows": 4,
          "Plan Width": 8,
          "Actual Startup Time": 92.02,
          "Actual Total Time": 102.482,
          "Actual Rows": 5,
          "Actual Loops": 1,
          "Workers Planned": 4,
          "Workers Launched": 4,
          "Single Copy": false,
          "Plans": [
            {
              "Node Type": "Aggregate",
              "Strategy": "Plain",
              "Partial Mode": "Partial",
              "Parent Relationship": "Outer",
              "Parallel Aware": false,
              "Startup Cost": 45782.85,
              "Total Cost": 45782.86,
              "Plan Rows": 1,
              "Plan Width": 8,
              "Actual Startup Time": 87.018,
              "Actual Total Time": 87.019,
              "Actual Rows": 1,
              "Actual Loops": 5,
              "Plans": [
                {
                  "Node Type": "Seq Scan",
                  "Parent Relationship": "Outer",
                  "Parallel Aware": true,
                  "Relation Name": "title",
                  "Alias": "t",
                  "Startup Cost": 0.0,
                  "Total Cost": 45479.59,
                  "Plan Rows": 121304,
                  "Plan Width": 0,
                  "Actual Startup Time": 0.027,
                  "Actual Total Time": 82.634,
                  "Actual Rows": 75869,
                  "Actual Loops": 5,
                  "Filter": "((production_year < 1995) AND (kind_id = 7))",
                  "Rows Removed by Filter": 429793
                }
              ]
            }
          ]
        }
      ]
    },
    "Planning Time": 0.181,
    "Triggers": [],
    "Execution Time": 102.554
  }
]