[
  {
    "Plan": {
      "Node Type": "Aggregate",
      "Strategy": "Plain",
      "Partial Mode": "Finalize",
      "Parallel Aware": false,
      "Startup Cost": 40486.38,
      "Total Cost": 40486.39,
      "Plan Rows": 1,
      "Plan Width": 8,
      "Actual Startup Time": 48.218,
      "Actual Total Time": 54.521,
      "Actual Rows": 1,
      "Actual Loops": 1,
      "Plans": [
        {
          "Node Type": "Gather",
          "Parent Relationship": "Outer",
          "Parallel Aware": false,
          "Startup Cost": 40486.17,
          "Total Cost": 40486.38,
          "Plan Rows": 2,
          "Plan Width": 8,
          "Actual Startup Time": 48.074,
          "Actual Total Time": 54.514,
          "Actual Rows": 3,
          "Actual Loops": 1,
          "Workers Planned": 2,
          "Workers Launched": 2,
          "Single Copy": false,
          "Plans": [
            {
              "Node Type": "Aggregate",
              "Strategy": "Plain",
              "Partial Mode": "Partial",
              "Parent Relationship": "Outer",
              "Parallel Aware": false,
              "Startup Cost": 39486.17,
              "Total Cost": 39486.18,
              "Plan Rows": 1,
              "Plan Width": 8,
              "Actual Startup Time": 40.238,
              "Actual Total Time": 40.239,
              "Actual Rows": 1,
              "Actual Loops": 3,
              "Plans": [
                {
                  "Node Type": "Nested Loop",
                  "Parent Relationship": "Outer",
                  "Parallel Aware": false,
                  "Join Type": "Inner",
                  "Startup Cost": 170.8,
                  "Total Cost": 39483.17,
                  "Plan Rows": 1200,
                  "Plan Width": 0,
                  "Actual Startup Time": 3.235,
                  "Actual Total Time": 40.124,
                  "Actual Rows": 514,
                  "Actual Loops": 3,
                  "Inner Unique": true,
                  "Plans": [
                    {
                      "Node Type": "Bitmap Heap Scan",
                      "Parent Relationship": "Outer",
                      "Parallel Aware": true,
                      "Relation Name": "movie_keyword",
                      "Alias": "mk",
                      "Startup Cost": 170.37,
                      "Total Cost": 16768.0,
                      "Plan Rows": 3330,
                      "Plan Width": 4,
                      "Actual Startup Time": 2.795,
                      "Actual Total Time": 14.359,
                      "Actual Rows": 2443,
                      "Actual Loops": 3,
                      "Recheck Cond": "(keyword_id = 229)",
                      "Rows Removed by Index Recheck": 0,
                      "Exact Heap Blocks": 4421,
                      "Lossy Heap Blocks": 0,
                      "Plans": [
                        {
                          "Node Type": "Bitmap Index Scan",
                          "Parent Relationship": "Outer",
                          "Parallel Aware": false,
                          "Index Name": "keyword_id_movie_keyword",
                          "Startup Cost": 0.0,
                          "Total Cost": 168.37,
                          "Plan Rows": 7992,
                          "Plan Width": 0,
                          "Actual Startup Time": 4.728,
                          "Actual Total Time": 4.728,
                          "Actual Rows": 7328,
                          "Actual Loops": 1,
                          "Index Cond": "(keyword_id = 229)"
                        }
                      ]
                    },
                    {
                      "Node Type": "Index Scan",
                      "Parent Relationship": "Inner",
                      "Parallel Aware": false,
                      "Scan Direction": "Forward",
                      "Index Name": "title_pkey",
                      "Relation Name": "title",
                      "Alias": "t",
                      "Startup Cost": 0.43,
                      "Total Cost": 6.82,
                      "Plan Rows": 1,
                      "Plan Width": 4,
                      "Actual Startup Time": 0.01,
                      "Actual Total Time": 0.01,
                      "Actual Rows": 0,
                      "Actual Loops": 7328,
                      "Index Cond": "(id = mk.movie_id)",
                      "Rows Removed by Index Recheck": 0,
                      "Filter": "(production_year > 2006)",
                      "Rows Removed by Filter": 1
                    }
                  ]
                }
              ]
            }
          ]
        }
      ]
    },
    "Planning Time": 0.648,
    "Triggers": [],
    "Execution Time": 54.611
  }
]