{
  "Plan": {
    "Node Type": "Aggregate",
    "Strategy": "Plain",
    "Partial Mode": "Finalize",
    "Parallel Aware": false,
    "Startup Cost": 44236.22,
    "Total Cost": 44236.23,
    "Plan Rows": 1,
    "Plan Width": 8,
    "Actual Startup Time": 206.8,
    "Actual Total Time": 212.541,
    "Actual Rows": 1,
    "Actual Loops": 1,
    "Plans": [
      {
        "Node Type": "Gather",
        "Parent Relationship": "Outer",
        "Parallel Aware": false,
        "Startup Cost": 44236.1,
        "Total Cost": 44236.21,
        "Plan Rows": 1,
        "Plan Width": 8,
        "Actual Startup Time": 206.532,
        "Actual Total Time": 212.534,
        "Actual Rows": 2,
        "Actual Loops": 1,
        "Workers Planned": 1,
        "Workers Launched": 1,
        "Single Copy": false,
        "Plans": [
          {
            "Node Type": "Aggregate",
            "Strategy": "Plain",
            "Partial Mode": "Partial",
            "Parent Relationship": "Outer",
            "Parallel Aware": false,
            "Startup Cost": 43236.1,
            "Total Cost": 43236.11,
            "Plan Rows": 1,
            "Plan Width": 8,
            "Actual Startup Time": 200.443,
            "Actual Total Time": 200.447,
            "Actual Rows": 1,
            "Actual Loops": 2,
            "Plans": [
              {
                "Node Type": "Hash Join",
                "Parent Relationship": "Outer",
                "Parallel Aware": false,
                "Join Type": "Inner",
                "Startup Cost": 3340.79,
                "Total Cost": 43235.69,
                "Plan Rows": 165,
                "Plan Width": 0,
                "Actual Startup Time": 144.311,
                "Actual Total Time": 200.439,
                "Actual Rows": 10,
                "Actual Loops": 2,
                "Inner Unique": false,
                "Hash Cond": "(mc.movie_id = t.id)",
                "Plans": [
                  {
                    "Node Type": "Seq Scan",
                    "Parent Relationship": "Outer",
                    "Parallel Aware": true,
                    "Relation Name": "movie_companies",
                    "Alias": "mc",
                    "Startup Cost": 0.0,
                    "Total Cost": 34137.82,
                    "Plan Rows": 1534782,
                    "Plan Width": 4,
                    "Actual Startup Time": 0.027,
                    "Actual Total Time": 114.379,
                    "Actual Rows": 1304564,
                    "Actual Loops": 2
                  },
                  {
                    "Node Type": "Hash",
                    "Parent Relationship": "Inner",
                    "Parallel Aware": false,
                    "Startup Cost": 3337.39,
                    "Total Cost": 3337.39,
                    "Plan Rows": 272,
                    "Plan Width": 8,
                    "Actual Startup Time": 0.37,
                    "Actual Total Time": 0.372,
                    "Actual Rows": 1,
                    "Actual Loops": 2,
                    "Hash Buckets": 1024,
                    "Original Hash Buckets": 1024,
                    "Hash Batches": 1,
                    "Original Hash Batches": 1,
                    "Peak Memory Usage": 9,
                    "Plans": [
                      {
                        "Node Type": "Nested Loop",
                        "Parent Relationship": "Outer",
                        "Parallel Aware": false,
                        "Join Type": "Inner",
                        "Startup Cost": 0.99,
                        "Total Cost": 3337.39,
                        "Plan Rows": 272,
                        "Plan Width": 8,
                        "Actual Startup Time": 0.357,
                        "Actual Total Time": 0.361,
                        "Actual Rows": 1,
                        "Actual Loops": 2,
                        "Inner Unique": true,
                        "Plans": [
                          {
                            "Node Type": "Index Scan",
                            "Parent Relationship": "Outer",
                            "Parallel Aware": false,
                            "Scan Direction": "Forward",
                            "Index Name": "person_id_cast_info",
                            "Relation Name": "cast_info",
                            "Alias": "ci",
                            "Startup Cost": 0.56,
                            "Total Cost": 1059.67,
                            "Plan Rows": 272,
                            "Plan Width": 4,
                            "Actual Startup Time": 0.215,
                            "Actual Total Time": 0.218,
                            "Actual Rows": 1,
                            "Actual Loops": 2,
                            "Index Cond": "(person_id = 1927008)",
                            "Rows Removed by Index Recheck": 0,
                            "Filter": "(role_id < 3)",
                            "Rows Removed by Filter": 0
                          },
                          {
                            "Node Type": "Index Only Scan",
                            "Parent Relationship": "Inner",
                            "Parallel Aware": false,
                            "Scan Direction": "Forward",
                            "Index Name": "title_pkey",
                            "Relation Name": "title",
                            "Alias": "t",
                            "Startup Cost": 0.43,
                            "Total Cost": 8.37,
                            "Plan Rows": 1,
                            "Plan Width": 4,
                            "Actual Startup Time": 0.135,
                            "Actual Total Time": 0.135,
                            "Actual Rows": 1,
                            "Actual Loops": 2,
                            "Index Cond": "(id = ci.movie_id)",
                            "Rows Removed by Index Recheck": 0,
                            "Heap Fetches": 2
                          }
                        ]
                      }
                    ]
                  }
                ]
              }
            ]
          }
        ]
      }
    ]
  },
  "Planning Time": 1.148,
  "Triggers": [],
  "Execution Time": 212.633
}