[
  {
    "Plan": {
      "Node Type": "Aggregate",
      "Strategy": "Plain",
      "Partial Mode": "Finalize",
      "Parallel Aware": false,
      "Startup Cost": 63907.06,
      "Total Cost": 63907.07,
      "Plan Rows": 1,
      "Plan Width": 8,
      "Actual Startup Time": 303.485,
      "Actual Total Time": 318.29,
      "Actual Rows": 1,
      "Actual Loops": 1,
      "Plans": [
        {
          "Node Type": "Gather",
          "Parent Relationship": "Outer",
          "Parallel Aware": false,
          "Startup Cost": 63906.84,
          "Total Cost": 63907.05,
          "Plan Rows": 2,
          "Plan Width": 8,
          "Actual Startup Time": 300.749,
          "Actual Total Time": 318.279,
          "Actual Rows": 3,
          "Actual Loops": 1,
          "Workers Planned": 2,
          "Workers Launched": 2,
          "Single Copy": false,
          "Plans": [
            {
              "Node Type": "Aggregate",
              "Strategy": "Plain",
              "Partial Mode": "Partial",
              "Parent Relationship": "Outer",
              "Parallel Aware": false,
              "Startup Cost": 62906.84,
              "Total Cost": 62906.85,
              "Plan Rows": 1,
              "Plan Width": 8,
              "Actual Startup Time": 292.466,
              "Actual Total Time": 292.47,
              "Actual Rows": 1,
              "Actual Loops": 3,
              "Plans": [
                {
                  "Node Type": "Hash Join",
                  "Parent Relationship": "Outer",
                  "Parallel Aware": true,
                  "Join Type": "Inner",
                  "Startup Cost": 47183.74,
                  "Total Cost": 62804.53,
                  "Plan Rows": 40926,
                  "Plan Width": 0,
                  "Actual Startup Time": 233.397,
                  "Actual Total Time": 290.045,
                  "Actual Rows": 51520,
                  "Actual Loops": 3,
                  "Inner Unique": true,
                  "Hash Cond": "(mi_idx.movie_id = t.id)",
                  "Plans": [
                    {
                      "Node Type": "Seq Scan",
                      "Parent Relationship": "Outer",
                      "Parallel Aware": true,
                      "Relation Name": "movie_info_idx",
                      "Alias": "mi_idx",
                      "Startup Cost": 0.0,
                      "Total Cost": 15122.68,
                      "Plan Rows": 189755,
                      "Plan Width": 4,
                      "Actual Startup Time": 0.01,
                      "Actual Total Time": 43.013,
                      "Actual Rows": 153308,
                      "Actual Loops": 3,
                      "Filter": "(info_type_id < 100)",
                      "Rows Removed by Filter": 306703
                    },
                    {
                      "Node Type": "Hash",
                      "Parent Relationship": "Inner",
                      "Parallel Aware": true,
                      "Startup Cost": 45479.59,
                      "Total Cost": 45479.59,
                      "Plan Rows": 136332,
                      "Plan Width": 4,
                      "Actual Startup Time": 194.898,
                      "Actual Total Time": 194.899,
                      "Actual Rows": 141750,
                      "Actual Loops": 3,
                      "Hash Buckets": 1048576,
                      "Original Hash Buckets": 1048576,
                      "Hash Batches": 1,
                      "Original Hash Batches": 1,
                      "Peak Memory Usage": 24864,
                      "Plans": [
                        {
                          "Node Type": "Seq Scan",
                          "Parent Relationship": "Outer",
                          "Parallel Aware": true,
                          "Relation Name": "title",
                          "Alias": "t",
                          "Startup Cost": 0.0,
                          "Total Cost": 45479.59,
                          "Plan Rows": 136332,
                          "Plan Width": 4,
                          "Actual Startup Time": 58.889,
                          "Actual Total Time": 142.817,
                          "Actual Rows": 141750,
                          "Actual Loops": 3,
                          "Filter": "((production_year > 1970) AND (kind_id = 1))",
                          "Rows Removed by Filter": 701021
                        }
                      ]
                    }
                  ]
                }
              ]
            }
          ]
        }
      ]
    },
    "Planning Time": 0.525,
    "Triggers": [],
    "Execution Time": 318.356
  }
]