[
  {
    "Plan": {
      "Node Type": "Aggregate",
      "Strategy": "Plain",
      "Partial Mode": "Finalize",
      "Parallel Aware": false,
      "Startup Cost": 44562.75,
      "Total Cost": 44562.76,
      "Plan Rows": 1,
      "Plan Width": 8,
      "Actual Startup Time": 126.424,
      "Actual Total Time": 133.315,
      "Actual Rows": 1,
      "Actual Loops": 1,
      "Plans": [
        {
          "Node Type": "Gather",
          "Parent Relationship": "Outer",
          "Parallel Aware": false,
          "Startup Cost": 44562.43,
          "Total Cost": 44562.74,
          "Plan Rows": 3,
          "Plan Width": 8,
          "Actual Startup Time": 126.296,
          "Actual Total Time": 133.308,
          "Actual Rows": 4,
          "Actual Loops": 1,
          "Workers Planned": 3,
          "Workers Launched": 3,
          "Single Copy": false,
          "Plans": [
            {
              "Node Type": "Aggregate",
              "Strategy": "Plain",
              "Partial Mode": "Partial",
              "Parent Relationship": "Outer",
              "Parallel Aware": false,
              "Startup Cost": 43562.43,
              "Total Cost": 43562.44,
              "Plan Rows": 1,
              "Plan Width": 8,
              "Actual Startup Time": 117.82,
              "Actual Total Time": 117.821,
              "Actual Rows": 1,
              "Actual Loops": 4,
              "Plans": [
                {
                  "Node Type": "Seq Scan",
                  "Parent Relationship": "Outer",
                  "Parallel Aware": true,
                  "Relation Name": "movie_keyword",
                  "Alias": "mk",
                  "Startup Cost": 0.0,
                  "Total Cost": 42695.65,
                  "Plan Rows": 346712,
                  "Plan Width": 0,
                  "Actual Startup Time": 0.071,
                  "Actual Total Time": 104.048,
                  "Actual Rows": 271134,
                  "Actual Loops": 4,
                  "Filter": "(keyword_id < 1096)",
                  "Rows Removed by Filter": 859849
                }
              ]
            }
          ]
        }
      ]
    },
    "Planning Time": 0.163,
    "Triggers": [],
    "Execution Time": 133.372
  }
]