[
  {
    "Plan": {
      "Node Type": "Aggregate",
      "Strategy": "Plain",
      "Partial Mode": "Finalize",
      "Parallel Aware": false,
      "Startup Cost": 46484.05,
      "Total Cost": 46484.06,
      "Plan Rows": 1,
      "Plan Width": 8,
      "Actual Startup Time": 99.291,
      "Actual Total Time": 111.721,
      "Actual Rows": 1,
      "Actual Loops": 1,
      "Plans": [
        {
          "Node Type": "Gather",
          "Parent Relationship": "Outer",
          "Parallel Aware": false,
          "Startup Cost": 46483.63,
          "Total Cost": 46484.04,
          "Plan Rows": 4,
          "Plan Width": 8,
          "Actual Startup Time": 99.086,
          "Actual Total Time": 111.706,
          "Actual Rows": 5,
          "Actual Loops": 1,
          "Workers Planned": 4,
          "Workers Launched": 4,
          "Single Copy": false,
          "Plans": [
            {
              "Node Type": "Aggregate",
              "Strategy": "Plain",
              "Partial Mode": "Partial",
              "Parent Relationship": "Outer",
              "Parallel Aware": false,
              "Startup Cost": 45483.63,
              "Total Cost": 45483.64,
              "Plan Rows": 1,
              "Plan Width": 8,
              "Actual Startup Time": 94.159,
              "Actual Total Time": 94.162,
              "Actual Rows": 1,
              "Actual Loops": 5,
              "Plans": [
                {
                  "Node Type": "Seq Scan",
                  "Parent Relationship": "Outer",
                  "Parallel Aware": true,
                  "Relation Name": "title",
                  "Alias": "t",
                  "Startup Cost": 0.0,
                  "Total Cost": 45479.59,
                  "Plan Rows": 1618,
                  "Plan Width": 0,
                  "Actual Startup Time": 62.015,
                  "Actual Total Time": 94.021,
                  "Actual Rows": 1001,
                  "Actual Loops": 5,
                  "Filter": "((kind_id = 1) AND (production_year = 1991))",
                  "Rows Removed by Filter": 504661
                }
              ]
            }
          ]
        }
      ]
    },
    "Planning Time": 0.122,
    "Triggers": [],
    "Execution Time": 111.761
  }
]