[
  {
    "Plan": {
      "Node Type": "Aggregate",
      "Strategy": "Plain",
      "Partial Mode": "Finalize",
      "Parallel Aware": false,
      "Startup Cost": 73563.39,
      "Total Cost": 73563.4,
      "Plan Rows": 1,
      "Plan Width": 8,
      "Actual Startup Time": 248.989,
      "Actual Total Time": 259.809,
      "Actual Rows": 1,
      "Actual Loops": 1,
      "Plans": [
        {
          "Node Type": "Gather",
          "Parent Relationship": "Outer",
          "Parallel Aware": false,
          "Startup Cost": 73562.97,
          "Total Cost": 73563.38,
          "Plan Rows": 4,
          "Plan Width": 8,
          "Actual Startup Time": 247.735,
          "Actual Total Time": 259.797,
          "Actual Rows": 5,
          "Actual Loops": 1,
          "Workers Planned": 4,
          "Workers Launched": 4,
          "Single Copy": false,
          "Plans": [
            {
              "Node Type": "Aggregate",
              "Strategy": "Plain",
              "Partial Mode": "Partial",
              "Parent Relationship": "Outer",
              "Parallel Aware": false,
              "Startup Cost": 72562.97,
              "Total Cost": 72562.98,
              "Plan Rows": 1,
              "Plan Width": 8,
              "Actual Startup Time": 240.122,
              "Actual Total Time": 240.126,
              "Actual Rows": 1,
              "Actual Loops": 5,
              "Plans": [
                {
                  "Node Type": "Hash Join",
                  "Parent Relationship": "Outer",
                  "Parallel Aware": true,
                  "Join Type": "Inner",
                  "Startup Cost": 26702.94,
                  "Total Cost": 72396.65,
                  "Plan Rows": 66529,
                  "Plan Width": 0,
                  "Actual Startup Time": 164.725,
                  "Actual Total Time": 237.358,
                  "Actual Rows": 52959,
                  "Actual Loops": 5,
                  "Inner Unique": false,
                  "Hash Cond": "(t.id = mc.movie_id)",
                  "Plans": [
                    {
                      "Node Type": "Seq Scan",
                      "Parent Relationship": "Outer",
                      "Parallel Aware": true,
                      "Relation Name": "title",
                      "Alias": "t",
                      "Startup Cost": 0.0,
                      "Total Cost": 42318.73,
                      "Plan Rows": 632073,
                      "Plan Width": 4,
                      "Actual Startup Time": 0.013,
                      "Actual Total Time": 68.574,
                      "Actual Rows": 505662,
                      "Actual Loops": 5
                    },
                    {
                      "Node Type": "Hash",
                      "Parent Relationship": "Inner",
                      "Parallel Aware": true,
                      "Startup Cost": 25629.89,
                      "Total Cost": 25629.89,
                      "Plan Rows": 85844,
                      "Plan Width": 4,
                      "Actual Startup Time": 74.192,
                      "Actual Total Time": 74.193,
                      "Actual Rows": 52959,
                      "Actual Loops": 5,
                      "Hash Buckets": 524288,
                      "Original Hash Buckets": 524288,
                      "Hash Batches": 1,
                      "Original Hash Batches": 1,
                      "Peak Memory Usage": 14528,
                      "Plans": [
                        {
                          "Node Type": "Bitmap Heap Scan",
                          "Parent Relationship": "Outer",
                          "Parallel Aware": true,
                          "Relation Name": "movie_companies",
                          "Alias": "mc",
                          "Startup Cost": 5766.84,
                          "Total Cost": 25629.89,
                          "Plan Rows": 85844,
                          "Plan Width": 4,
                          "Actual Startup Time": 21.879,
                          "Actual Total Time": 47.968,
                          "Actual Rows": 52959,
                          "Actual Loops": 5,
                          "Recheck Cond": "(company_id > 98633)",
                          "Rows Removed by Index Recheck": 0,
                          "Exact Heap Blocks": 1777,
                          "Lossy Heap Blocks": 0,
                          "Plans": [
                            {
                              "Node Type": "Bitmap Index Scan",
                              "Parent Relationship": "Outer",
                              "Parallel Aware": false,
                              "Index Name": "company_id_movie_companies",
                              "Startup Cost": 0.0,
                              "Total Cost": 5700.31,
                              "Plan Rows": 266117,
                              "Plan Width": 0,
                              "Actual Startup Time": 20.699,
                              "Actual Total Time": 20.699,
                              "Actual Rows": 264797,
                              "Actual Loops": 1,
                              "Index Cond": "(company_id > 98633)"
                            }
                          ]
                        }
                      ]
                    }
                  ]
                }
              ]
            }
          ]
        }
      ]
    },
    "Planning Time": 0.632,
    "Triggers": [],
    "Execution Time": 259.906
  }
]