[
  {
    "Plan": {
      "Node Type": "Aggregate",
      "Strategy": "Plain",
      "Partial Mode": "Finalize",
      "Parallel Aware": false,
      "Startup Cost": 25604.83,
      "Total Cost": 25604.84,
      "Plan Rows": 1,
      "Plan Width": 8,
      "Actual Startup Time": 53.693,
      "Actual Total Time": 67.0,
      "Actual Rows": 1,
      "Actual Loops": 1,
      "Plans": [
        {
          "Node Type": "Gather",
          "Parent Relationship": "Outer",
          "Parallel Aware": false,
          "Startup Cost": 25604.72,
          "Total Cost": 25604.83,
          "Plan Rows": 1,
          "Plan Width": 8,
          "Actual Startup Time": 53.627,
          "Actual Total Time": 66.994,
          "Actual Rows": 2,
          "Actual Loops": 1,
          "Workers Planned": 1,
          "Workers Launched": 1,
          "Single Copy": false,
          "Plans": [
            {
              "Node Type": "Aggregate",
              "Strategy": "Plain",
              "Partial Mode": "Partial",
              "Parent Relationship": "Outer",
              "Parallel Aware": false,
              "Startup Cost": 24604.72,
              "Total Cost": 24604.73,
              "Plan Rows": 1,
              "Plan Width": 8,
              "Actual Startup Time": 50.915,
              "Actual Total Time": 50.917,
              "Actual Rows": 1,
              "Actual Loops": 2,
              "Plans": [
                {
                  "Node Type": "Nested Loop",
                  "Parent Relationship": "Outer",
                  "Parallel Aware": false,
                  "Join Type": "Inner",
                  "Startup Cost": 74.36,
                  "Total Cost": 24595.58,
                  "Plan Rows": 3654,
                  "Plan Width": 0,
                  "Actual Startup Time": 1.005,
                  "Actual Total Time": 49.944,
                  "Actual Rows": 11307,
                  "Actual Loops": 2,
                  "Inner Unique": false,
                  "Plans": [
                    {
                      "Node Type": "Nested Loop",
                      "Parent Relationship": "Outer",
                      "Parallel Aware": false,
                      "Join Type": "Inner",
                      "Startup Cost": 73.8,
                      "Total Cost": 22955.92,
                      "Plan Rows": 318,
                      "Plan Width": 8,
                      "Actual Startup Time": 0.905,
                      "Actual Total Time": 13.766,
                      "Actual Rows": 792,
                      "Actual Loops": 2,
                      "Inner Unique": true,
                      "Plans": [
                        {
                          "Node Type": "Bitmap Heap Scan",
                          "Parent Relationship": "Outer",
                          "Parallel Aware": true,
                          "Relation Name": "movie_companies",
                          "Alias": "mc",
                          "Startup Cost": 73.37,
                          "Total Cost": 8423.61,
                          "Plan Rows": 1893,
                          "Plan Width": 4,
                          "Actual Startup Time": 0.79,
                          "Actual Total Time": 3.547,
                          "Actual Rows": 1681,
                          "Actual Loops": 2,
                          "Recheck Cond": "(company_id = 401)",
                          "Rows Removed by Index Recheck": 0,
                          "Exact Heap Blocks": 1318,
                          "Lossy Heap Blocks": 0,
                          "Plans": [
                            {
                              "Node Type": "Bitmap Index Scan",
                              "Parent Relationship": "Outer",
                              "Parallel Aware": false,
                              "Index Name": "company_id_movie_companies",
                              "Startup Cost": 0.0,
                              "Total Cost": 72.56,
                              "Plan Rows": 3218,
                              "Plan Width": 0,
                              "Actual Startup Time": 1.211,
                              "Actual Total Time": 1.211,
                              "Actual Rows": 3362,
                              "Actual Loops": 1,
                              "Index Cond": "(company_id = 401)"
                            }
                          ]
                        },
                        {
                          "Node Type": "Index Scan",
                          "Parent Relationship": "Inner",
                          "Parallel Aware": false,
                          "Scan Direction": "Forward",
                          "Index Name": "title_pkey",
                          "Relation Name": "title",
                          "Alias": "t",
                          "Startup Cost": 0.43,
                          "Total Cost": 7.68,
                          "Plan Rows": 1,
                          "Plan Width": 4,
                          "Actual Startup Time": 0.006,
                          "Actual Total Time": 0.006,
                          "Actual Rows": 0,
                          "Actual Loops": 3362,
                          "Index Cond": "(id = mc.movie_id)",
                          "Rows Removed by Index Recheck": 0,
                          "Filter": "((kind_id < 4) AND (production_year < 2004))",
                          "Rows Removed by Filter": 1
                        }
                      ]
                    },
                    {
                      "Node Type": "Index Scan",
                      "Parent Relationship": "Inner",
                      "Parallel Aware": false,
                      "Scan Direction": "Forward",
                      "Index Name": "movie_id_cast_info",
                      "Relation Name": "cast_info",
                      "Alias": "ci",
                      "Startup Cost": 0.56,
                      "Total Cost": 4.88,
                      "Plan Rows": 28,
                      "Plan Width": 4,
                      "Actual Startup Time": 0.009,
                      "Actual Total Time": 0.044,
                      "Actual Rows": 14,
                      "Actual Loops": 1584,
                      "Index Cond": "(movie_id = t.id)",
                      "Rows Removed by Index Recheck": 0,
                      "Filter": "(person_id < 2958907)",
                      "Rows Removed by Filter": 3
                    }
                  ]
                }
              ]
            }
          ]
        }
      ]
    },
    "Planning Time": 0.62,
    "Triggers": [],
    "Execution Time": 67.057
  }
]