[
  {
    "Plan": {
      "Node Type": "Aggregate",
      "Strategy": "Plain",
      "Partial Mode": "Finalize",
      "Parallel Aware": false,
      "Startup Cost": 89731.84,
      "Total Cost": 89731.85,
      "Plan Rows": 1,
      "Plan Width": 8,
      "Actual Startup Time": 298.572,
      "Actual Total Time": 318.563,
      "Actual Rows": 1,
      "Actual Loops": 1,
      "Plans": [
        {
          "Node Type": "Gather",
          "Parent Relationship": "Outer",
          "Parallel Aware": false,
          "Startup Cost": 89731.52,
          "Total Cost": 89731.83,
          "Plan Rows": 3,
          "Plan Width": 8,
          "Actual Startup Time": 296.413,
          "Actual Total Time": 318.553,
          "Actual Rows": 4,
          "Actual Loops": 1,
          "Workers Planned": 3,
          "Workers Launched": 3,
          "Single Copy": false,
          "Plans": [
            {
              "Node Type": "Aggregate",
              "Strategy": "Plain",
              "Partial Mode": "Partial",
              "Parent Relationship": "Outer",
              "Parallel Aware": false,
              "Startup Cost": 88731.52,
              "Total Cost": 88731.53,
              "Plan Rows": 1,
              "Plan Width": 8,
              "Actual Startup Time": 290.496,
              "Actual Total Time": 290.499,
              "Actual Rows": 1,
              "Actual Loops": 4,
              "Plans": [
                {
                  "Node Type": "Hash Join",
                  "Parent Relationship": "Outer",
                  "Parallel Aware": true,
                  "Join Type": "Inner",
                  "Startup Cost": 45085.65,
                  "Total Cost": 88612.64,
                  "Plan Rows": 47551,
                  "Plan Width": 0,
                  "Actual Startup Time": 146.318,
                  "Actual Total Time": 287.574,
                  "Actual Rows": 55598,
                  "Actual Loops": 4,
                  "Inner Unique": true,
                  "Hash Cond": "(mk.movie_id = t.id)",
                  "Plans": [
                    {
                      "Node Type": "Seq Scan",
                      "Parent Relationship": "Outer",
                      "Parallel Aware": true,
                      "Relation Name": "movie_keyword",
                      "Alias": "mk",
                      "Startup Cost": 0.0,
                      "Total Cost": 42695.65,
                      "Plan Rows": 316702,
                      "Plan Width": 4,
                      "Actual Startup Time": 1.559,
                      "Actual Total Time": 103.633,
                      "Actual Rows": 244347,
                      "Actual Loops": 4,
                      "Filter": "(keyword_id > 19107)",
                      "Rows Removed by Filter": 886636
                    },
                    {
                      "Node Type": "Hash",
                      "Parent Relationship": "Inner",
                      "Parallel Aware": true,
                      "Startup Cost": 43899.32,
                      "Total Cost": 43899.32,
                      "Plan Rows": 94906,
                      "Plan Width": 4,
                      "Actual Startup Time": 141.774,
                      "Actual Total Time": 141.775,
                      "Actual Rows": 98968,
                      "Actual Loops": 4,
                      "Hash Buckets": 524288,
                      "Original Hash Buckets": 524288,
                      "Hash Batches": 1,
                      "Original Hash Batches": 1,
                      "Peak Memory Usage": 19648,
                      "Plans": [
                        {
                          "Node Type": "Seq Scan",
                          "Parent Relationship": "Outer",
                          "Parallel Aware": true,
                          "Relation Name": "title",
                          "Alias": "t",
                          "Startup Cost": 0.0,
                          "Total Cost": 43899.32,
                          "Plan Rows": 94906,
                          "Plan Width": 4,
                          "Actual Startup Time": 0.035,
                          "Actual Total Time": 104.088,
                          "Actual Rows": 98968,
                          "Actual Loops": 4,
                          "Filter": "(production_year < 1972)",
                          "Rows Removed by Filter": 533110
                        }
                      ]
                    }
                  ]
                }
              ]
            }
          ]
        }
      ]
    },
    "Planning Time": 0.443,
    "Triggers": [],
    "Execution Time": 318.625
  }
]