[
  {
    "Plan": {
      "Node Type": "Aggregate",
      "Strategy": "Plain",
      "Partial Mode": "Finalize",
      "Parallel Aware": false,
      "Startup Cost": 210564.5,
      "Total Cost": 210564.51,
      "Plan Rows": 1,
      "Plan Width": 8,
      "Actual Startup Time": 113.295,
      "Actual Total Time": 120.264,
      "Actual Rows": 1,
      "Actual Loops": 1,
      "Plans": [
        {
          "Node Type": "Gather",
          "Parent Relationship": "Outer",
          "Parallel Aware": false,
          "Startup Cost": 210563.98,
          "Total Cost": 210564.49,
          "Plan Rows": 5,
          "Plan Width": 8,
          "Actual Startup Time": 112.909,
          "Actual Total Time": 120.241,
          "Actual Rows": 6,
          "Actual Loops": 1,
          "Workers Planned": 5,
          "Workers Launched": 5,
          "Single Copy": false,
          "Plans": [
            {
              "Node Type": "Aggregate",
              "Strategy": "Plain",
              "Partial Mode": "Partial",
              "Parent Relationship": "Outer",
              "Parallel Aware": false,
              "Startup Cost": 209563.98,
              "Total Cost": 209563.99,
              "Plan Rows": 1,
              "Plan Width": 8,
              "Actual Startup Time": 104.01,
              "Actual Total Time": 104.015,
              "Actual Rows": 1,
              "Actual Loops": 6,
              "Plans": [
                {
                  "Node Type": "Hash Join",
                  "Parent Relationship": "Outer",
                  "Parallel Aware": true,
                  "Join Type": "Inner",
                  "Startup Cost": 46300.23,
                  "Total Cost": 209561.48,
                  "Plan Rows": 1001,
                  "Plan Width": 0,
                  "Actual Startup Time": 79.797,
                  "Actual Total Time": 104.001,
                  "Actual Rows": 17,
                  "Actual Loops": 6,
                  "Inner Unique": true,
                  "Hash Cond": "(mi.movie_id = t.id)",
                  "Plans": [
                    {
                      "Node Type": "Bitmap Heap Scan",
                      "Parent Relationship": "Outer",
                      "Parallel Aware": true,
                      "Relation Name": "movie_info",
                      "Alias": "mi",
                      "Startup Cost": 7577.65,
                      "Total Cost": 170618.78,
                      "Plan Rows": 83851,
                      "Plan Width": 4,
                      "Actual Startup Time": 22.581,
                      "Actual Total Time": 45.31,
                      "Actual Rows": 71442,
                      "Actual Loops": 6,
                      "Recheck Cond": "(info_type_id > 104)",
                      "Rows Removed by Index Recheck": 0,
                      "Exact Heap Blocks": 1312,
                      "Lossy Heap Blocks": 0,
                      "Plans": [
                        {
                          "Node Type": "Bitmap Index Scan",
                          "Parent Relationship": "Outer",
                          "Parallel Aware": false,
                          "Index Name": "info_type_id_movie_info",
                          "Startup Cost": 0.0,
                          "Total Cost": 7472.83,
                          "Plan Rows": 419253,
                          "Plan Width": 0,
                          "Actual Startup Time": 21.311,
                          "Actual Total Time": 21.311,
                          "Actual Rows": 428651,
                          "Actual Loops": 1,
                          "Index Cond": "(info_type_id > 104)"
                        }
                      ]
                    },
                    {
                      "Node Type": "Hash",
                      "Parent Relationship": "Inner",
                      "Parallel Aware": true,
                      "Startup Cost": 38628.28,
                      "Total Cost": 38628.28,
                      "Plan Rows": 7545,
                      "Plan Width": 4,
                      "Actual Startup Time": 48.184,
                      "Actual Total Time": 48.186,
                      "Actual Rows": 521,
                      "Actual Loops": 6,
                      "Hash Buckets": 32768,
                      "Original Hash Buckets": 32768,
                      "Hash Batches": 1,
                      "Original Hash Batches": 1,
                      "Peak Memory Usage": 480,
                      "Plans": [
                        {
                          "Node Type": "Bitmap Heap Scan",
                          "Parent Relationship": "Outer",
                          "Parallel Aware": true,
                          "Relation Name": "title",
                          "Alias": "t",
                          "Startup Cost": 2174.84,
                          "Total Cost": 38628.28,
                          "Plan Rows": 7545,
                          "Plan Width": 4,
                          "Actual Startup Time": 12.273,
                          "Actual Total Time": 47.55,
                          "Actual Rows": 521,
                          "Actual Loops": 6,
                          "Recheck Cond": "(kind_id = 4)",
                          "Rows Removed by Index Recheck": 0,
                          "Filter": "(production_year < 1988)",
                          "Rows Removed by Filter": 19185,
                          "Exact Heap Blocks": 5329,
                          "Lossy Heap Blocks": 0,
                          "Plans": [
                            {
                              "Node Type": "Bitmap Index Scan",
                              "Parent Relationship": "Outer",
                              "Parallel Aware": false,
                              "Index Name": "kind_id_title",
                              "Startup Cost": 0.0,
                              "Total Cost": 2167.3,
                              "Plan Rows": 121449,
                              "Plan Width": 0,
                              "Actual Startup Time": 13.522,
                              "Actual Total Time": 13.523,
                              "Actual Rows": 118234,
                              "Actual Loops": 1,
                              "Index Cond": "(kind_id = 4)"
                            }
                          ]
                        }
                      ]
                    }
                  ]
                }
              ]
            }
          ]
        }
      ]
    },
    "Planning Time": 0.509,
    "Triggers": [],
    "Execution Time": 120.345
  }
]