[
  {
    "Plan": {
      "Node Type": "Aggregate",
      "Strategy": "Plain",
      "Partial Mode": "Finalize",
      "Parallel Aware": false,
      "Startup Cost": 28981.02,
      "Total Cost": 28981.03,
      "Plan Rows": 1,
      "Plan Width": 8,
      "Actual Startup Time": 82.109,
      "Actual Total Time": 88.241,
      "Actual Rows": 1,
      "Actual Loops": 1,
      "Plans": [
        {
          "Node Type": "Gather",
          "Parent Relationship": "Outer",
          "Parallel Aware": false,
          "Startup Cost": 28980.7,
          "Total Cost": 28981.01,
          "Plan Rows": 3,
          "Plan Width": 8,
          "Actual Startup Time": 81.821,
          "Actual Total Time": 88.233,
          "Actual Rows": 4,
          "Actual Loops": 1,
          "Workers Planned": 3,
          "Workers Launched": 3,
          "Single Copy": false,
          "Plans": [
            {
              "Node Type": "Aggregate",
              "Strategy": "Plain",
              "Partial Mode": "Partial",
              "Parent Relationship": "Outer",
              "Parallel Aware": false,
              "Startup Cost": 27980.7,
              "Total Cost": 27980.71,
              "Plan Rows": 1,
              "Plan Width": 8,
              "Actual Startup Time": 75.506,
              "Actual Total Time": 75.507,
              "Actual Rows": 1,
              "Actual Loops": 4,
              "Plans": [
                {
                  "Node Type": "Bitmap Heap Scan",
                  "Parent Relationship": "Outer",
                  "Parallel Aware": true,
                  "Relation Name": "movie_keyword",
                  "Alias": "mk",
                  "Startup Cost": 2872.4,
                  "Total Cost": 27871.65,
                  "Plan Rows": 43620,
                  "Plan Width": 0,
                  "Actual Startup Time": 26.321,
                  "Actual Total Time": 72.973,
                  "Actual Rows": 32890,
                  "Actual Loops": 4,
                  "Recheck Cond": "(keyword_id > 76134)",
                  "Rows Removed by Index Recheck": 0,
                  "Exact Heap Blocks": 11397,
                  "Lossy Heap Blocks": 0,
                  "Plans": [
                    {
                      "Node Type": "Bitmap Index Scan",
                      "Parent Relationship": "Outer",
                      "Parallel Aware": false,
                      "Index Name": "keyword_id_movie_keyword",
                      "Startup Cost": 0.0,
                      "Total Cost": 2838.6,
                      "Plan Rows": 135222,
                      "Plan Width": 0,
                      "Actual Startup Time": 26.373,
                      "Actual Total Time": 26.373,
                      "Actual Rows": 131558,
                      "Actual Loops": 1,
                      "Index Cond": "(keyword_id > 76134)"
                    }
                  ]
                }
              ]
            }
          ]
        }
      ]
    },
    "Planning Time": 0.194,
    "Triggers": [],
    "Execution Time": 88.316
  }
]