[
  {
    "Plan": {
      "Node Type": "Aggregate",
      "Strategy": "Plain",
      "Partial Mode": "Finalize",
      "Parallel Aware": false,
      "Startup Cost": 33218.15,
      "Total Cost": 33218.16,
      "Plan Rows": 1,
      "Plan Width": 8,
      "Actual Startup Time": 81.173,
      "Actual Total Time": 88.831,
      "Actual Rows": 1,
      "Actual Loops": 1,
      "Plans": [
        {
          "Node Type": "Gather",
          "Parent Relationship": "Outer",
          "Parallel Aware": false,
          "Startup Cost": 33217.83,
          "Total Cost": 33218.14,
          "Plan Rows": 3,
          "Plan Width": 8,
          "Actual Startup Time": 81.077,
          "Actual Total Time": 88.824,
          "Actual Rows": 4,
          "Actual Loops": 1,
          "Workers Planned": 3,
          "Workers Launched": 3,
          "Single Copy": false,
          "Plans": [
            {
              "Node Type": "Aggregate",
              "Strategy": "Plain",
              "Partial Mode": "Partial",
              "Parent Relationship": "Outer",
              "Parallel Aware": false,
              "Startup Cost": 32217.83,
              "Total Cost": 32217.84,
              "Plan Rows": 1,
              "Plan Width": 8,
              "Actual Startup Time": 75.911,
              "Actual Total Time": 75.912,
              "Actual Rows": 1,
              "Actual Loops": 4,
              "Plans": [
                {
                  "Node Type": "Seq Scan",
                  "Parent Relationship": "Outer",
                  "Parallel Aware": true,
                  "Relation Name": "movie_companies",
                  "Alias": "mc",
                  "Startup Cost": 0.0,
                  "Total Cost": 31414.82,
                  "Plan Rows": 321204,
                  "Plan Width": 0,
                  "Actual Startup Time": 36.229,
                  "Actual Total Time": 68.621,
                  "Actual Rows": 175373,
                  "Actual Loops": 4,
                  "Filter": "((company_id < 53811) AND (company_type_id = 2))",
                  "Rows Removed by Filter": 476910
                }
              ]
            }
          ]
        }
      ]
    },
    "Planning Time": 0.217,
    "Triggers": [],
    "Execution Time": 88.882
  }
]