[
  {
    "Plan": {
      "Node Type": "Aggregate",
      "Strategy": "Plain",
      "Partial Mode": "Finalize",
      "Parallel Aware": false,
      "Startup Cost": 62519.46,
      "Total Cost": 62519.47,
      "Plan Rows": 1,
      "Plan Width": 8,
      "Actual Startup Time": 195.057,
      "Actual Total Time": 215.329,
      "Actual Rows": 1,
      "Actual Loops": 1,
      "Plans": [
        {
          "Node Type": "Gather",
          "Parent Relationship": "Outer",
          "Parallel Aware": false,
          "Startup Cost": 62519.14,
          "Total Cost": 62519.45,
          "Plan Rows": 3,
          "Plan Width": 8,
          "Actual Startup Time": 194.326,
          "Actual Total Time": 215.32,
          "Actual Rows": 4,
          "Actual Loops": 1,
          "Workers Planned": 3,
          "Workers Launched": 3,
          "Single Copy": false,
          "Plans": [
            {
              "Node Type": "Aggregate",
              "Strategy": "Plain",
              "Partial Mode": "Partial",
              "Parent Relationship": "Outer",
              "Parallel Aware": false,
              "Startup Cost": 61519.14,
              "Total Cost": 61519.15,
              "Plan Rows": 1,
              "Plan Width": 8,
              "Actual Startup Time": 188.189,
              "Actual Total Time": 188.193,
              "Actual Rows": 1,
              "Actual Loops": 4,
              "Plans": [
                {
                  "Node Type": "Nested Loop",
                  "Parent Relationship": "Outer",
                  "Parallel Aware": false,
                  "Join Type": "Inner",
                  "Startup Cost": 46016.21,
                  "Total Cost": 61510.05,
                  "Plan Rows": 3637,
                  "Plan Width": 0,
                  "Actual Startup Time": 106.274,
                  "Actual Total Time": 187.494,
                  "Actual Rows": 10768,
                  "Actual Loops": 4,
                  "Inner Unique": false,
                  "Join Filter": "(t.id = mc.movie_id)",
                  "Rows Removed by Join Filter": 0,
                  "Plans": [
                    {
                      "Node Type": "Hash Join",
                      "Parent Relationship": "Outer",
                      "Parallel Aware": true,
                      "Join Type": "Inner",
                      "Startup Cost": 46015.78,
                      "Total Cost": 55119.65,
                      "Plan Rows": 6897,
                      "Plan Width": 8,
                      "Actual Startup Time": 106.123,
                      "Actual Total Time": 140.705,
                      "Actual Rows": 8137,
                      "Actual Loops": 4,
                      "Inner Unique": true,
                      "Hash Cond": "(ci.movie_id = t.id)",
                      "Plans": [
                        {
                          "Node Type": "Index Scan",
                          "Parent Relationship": "Outer",
                          "Parallel Aware": true,
                          "Scan Direction": "Forward",
                          "Index Name": "role_id_cast_info",
                          "Relation Name": "cast_info",
                          "Alias": "ci",
                          "Startup Cost": 0.56,
                          "Total Cost": 8837.38,
                          "Plan Rows": 101739,
                          "Plan Width": 4,
                          "Actual Startup Time": 0.143,
                          "Actual Total Time": 14.402,
                          "Actual Rows": 79030,
                          "Actual Loops": 4,
                          "Index Cond": "(role_id > 10)",
                          "Rows Removed by Index Recheck": 0
                        },
                        {
                          "Node Type": "Hash",
                          "Parent Relationship": "Inner",
                          "Parallel Aware": true,
                          "Startup Cost": 45479.59,
                          "Total Cost": 45479.59,
                          "Plan Rows": 42850,
                          "Plan Width": 4,
                          "Actual Startup Time": 104.907,
                          "Actual Total Time": 104.908,
                          "Actual Rows": 40072,
                          "Actual Loops": 4,
                          "Hash Buckets": 262144,
                          "Original Hash Buckets": 262144,
                          "Hash Batches": 1,
                          "Original Hash Batches": 1,
                          "Peak Memory Usage": 8384,
                          "Plans": [
                            {
                              "Node Type": "Seq Scan",
                              "Parent Relationship": "Outer",
                              "Parallel Aware": true,
                              "Relation Name": "title",
                              "Alias": "t",
                              "Startup Cost": 0.0,
                              "Total Cost": 45479.59,
                              "Plan Rows": 42850,
                              "Plan Width": 4,
                              "Actual Startup Time": 41.086,
                              "Actual Total Time": 91.748,
                              "Actual Rows": 40072,
                              "Actual Loops": 4,
                              "Filter": "((production_year > 2008) AND (kind_id = 1))",
                              "Rows Removed by Filter": 592006
                            }
                          ]
                        }
                      ]
                    },
                    {
                      "Node Type": "Index Scan",
                      "Parent Relationship": "Inner",
                      "Parallel Aware": false,
                      "Scan Direction": "Forward",
                      "Index Name": "movie_id_movie_companies",
                      "Relation Name": "movie_companies",
                      "Alias": "mc",
                      "Startup Cost": 0.43,
                      "Total Cost": 0.89,
                      "Plan Rows": 3,
                      "Plan Width": 4,
                      "Actual Startup Time": 0.005,
                      "Actual Total Time": 0.005,
                      "Actual Rows": 1,
                      "Actual Loops": 32548,
                      "Index Cond": "(movie_id = ci.movie_id)",
                      "Rows Removed by Index Recheck": 0,
                      "Filter": "(company_type_id > 1)",
                      "Rows Removed by Filter": 2
                    }
                  ]
                }
              ]
            }
          ]
        }
      ]
    },
    "Planning Time": 0.483,
    "Triggers": [],
    "Execution Time": 215.385
  }
]