[
  {
    "Plan": {
      "Node Type": "Aggregate",
      "Strategy": "Plain",
      "Partial Mode": "Finalize",
      "Parallel Aware": false,
      "Startup Cost": 354044.52,
      "Total Cost": 354044.53,
      "Plan Rows": 1,
      "Plan Width": 8,
      "Actual Startup Time": 758.184,
      "Actual Total Time": 816.509,
      "Actual Rows": 1,
      "Actual Loops": 1,
      "Plans": [
        {
          "Node Type": "Gather",
          "Parent Relationship": "Outer",
          "Parallel Aware": false,
          "Startup Cost": 354044.0,
          "Total Cost": 354044.51,
          "Plan Rows": 5,
          "Plan Width": 8,
          "Actual Startup Time": 758.009,
          "Actual Total Time": 816.498,
          "Actual Rows": 6,
          "Actual Loops": 1,
          "Workers Planned": 5,
          "Workers Launched": 5,
          "Single Copy": false,
          "Plans": [
            {
              "Node Type": "Aggregate",
              "Strategy": "Plain",
              "Partial Mode": "Partial",
              "Parent Relationship": "Outer",
              "Parallel Aware": false,
              "Startup Cost": 353044.0,
              "Total Cost": 353044.01,
              "Plan Rows": 1,
              "Plan Width": 8,
              "Actual Startup Time": 747.108,
              "Actual Total Time": 747.111,
              "Actual Rows": 1,
              "Actual Loops": 6,
              "Plans": [
                {
                  "Node Type": "Nested Loop",
                  "Parent Relationship": "Outer",
                  "Parallel Aware": false,
                  "Join Type": "Inner",
                  "Startup Cost": 6111.07,
                  "Total Cost": 352763.48,
                  "Plan Rows": 112206,
                  "Plan Width": 0,
                  "Actual Startup Time": 17.613,
                  "Actual Total Time": 723.127,
                  "Actual Rows": 427578,
                  "Actual Loops": 6,
                  "Inner Unique": false,
                  "Plans": [
                    {
                      "Node Type": "Nested Loop",
                      "Parent Relationship": "Outer",
                      "Parallel Aware": false,
                      "Join Type": "Inner",
                      "Startup Cost": 6110.63,
                      "Total Cost": 315689.7,
                      "Plan Rows": 19189,
                      "Plan Width": 8,
                      "Actual Startup Time": 17.384,
                      "Actual Total Time": 198.85,
                      "Actual Rows": 35113,
                      "Actual Loops": 6,
                      "Inner Unique": true,
                      "Plans": [
                        {
                          "Node Type": "Bitmap Heap Scan",
                          "Parent Relationship": "Outer",
                          "Parallel Aware": true,
                          "Relation Name": "cast_info",
                          "Alias": "ci",
                          "Startup Cost": 6110.2,
                          "Total Cost": 271102.57,
                          "Plan Rows": 19189,
                          "Plan Width": 4,
                          "Actual Startup Time": 17.169,
                          "Actual Total Time": 27.145,
                          "Actual Rows": 35113,
                          "Actual Loops": 6,
                          "Recheck Cond": "(person_id < 32700)",
                          "Rows Removed by Index Recheck": 0,
                          "Filter": "(role_id = 1)",
                          "Rows Removed by Filter": 11464,
                          "Exact Heap Blocks": 367,
                          "Lossy Heap Blocks": 0,
                          "Plans": [
                            {
                              "Node Type": "Bitmap Index Scan",
                              "Parent Relationship": "Outer",
                              "Parallel Aware": false,
                              "Index Name": "person_id_cast_info",
                              "Startup Cost": 0.0,
                              "Total Cost": 6086.21,
                              "Plan Rows": 278620,
                              "Plan Width": 0,
                              "Actual Startup Time": 26.152,
                              "Actual Total Time": 26.153,
                              "Actual Rows": 279462,
                              "Actual Loops": 1,
                              "Index Cond": "(person_id < 32700)"
                            }
                          ]
                        },
                        {
                          "Node Type": "Index Only Scan",
                          "Parent Relationship": "Inner",
                          "Parallel Aware": false,
                          "Scan Direction": "Forward",
                          "Index Name": "title_pkey",
                          "Relation Name": "title",
                          "Alias": "t",
                          "Startup Cost": 0.43,
                          "Total Cost": 2.32,
                          "Plan Rows": 1,
                          "Plan Width": 4,
                          "Actual Startup Time": 0.005,
                          "Actual Total Time": 0.005,
                          "Actual Rows": 1,
                          "Actual Loops": 210680,
                          "Index Cond": "(id = ci.movie_id)",
                          "Rows Removed by Index Recheck": 0,
                          "Heap Fetches": 210680
                        }
                      ]
                    },
                    {
                      "Node Type": "Index Only Scan",
                      "Parent Relationship": "Inner",
                      "Parallel Aware": false,
                      "Scan Direction": "Forward",
                      "Index Name": "movie_id_movie_info",
                      "Relation Name": "movie_info",
                      "Alias": "mi",
                      "Startup Cost": 0.43,
                      "Total Cost": 1.51,
                      "Plan Rows": 42,
                      "Plan Width": 4,
                      "Actual Startup Time": 0.005,
                      "Actual Total Time": 0.014,
                      "Actual Rows": 12,
                      "Actual Loops": 210680,
                      "Index Cond": "(movie_id = t.id)",
                      "Rows Removed by Index Recheck": 0,
                      "Heap Fetches": 2565469
                    }
                  ]
                }
              ]
            }
          ]
        }
      ]
    },
    "Planning Time": 1.408,
    "Triggers": [],
    "Execution Time": 816.636
  }
]