[
  {
    "Plan": {
      "Node Type": "Aggregate",
      "Strategy": "Plain",
      "Partial Mode": "Finalize",
      "Parallel Aware": false,
      "Startup Cost": 30927.15,
      "Total Cost": 30927.16,
      "Plan Rows": 1,
      "Plan Width": 8,
      "Actual Startup Time": 102.418,
      "Actual Total Time": 107.524,
      "Actual Rows": 1,
      "Actual Loops": 1,
      "Plans": [
        {
          "Node Type": "Gather",
          "Parent Relationship": "Outer",
          "Parallel Aware": false,
          "Startup Cost": 30926.93,
          "Total Cost": 30927.14,
          "Plan Rows": 2,
          "Plan Width": 8,
          "Actual Startup Time": 102.154,
          "Actual Total Time": 107.517,
          "Actual Rows": 3,
          "Actual Loops": 1,
          "Workers Planned": 2,
          "Workers Launched": 2,
          "Single Copy": false,
          "Plans": [
            {
              "Node Type": "Aggregate",
              "Strategy": "Plain",
              "Partial Mode": "Partial",
              "Parent Relationship": "Outer",
              "Parallel Aware": false,
              "Startup Cost": 29926.93,
              "Total Cost": 29926.94,
              "Plan Rows": 1,
              "Plan Width": 8,
              "Actual Startup Time": 94.504,
              "Actual Total Time": 94.506,
              "Actual Rows": 1,
              "Actual Loops": 3,
              "Plans": [
                {
                  "Node Type": "Nested Loop",
                  "Parent Relationship": "Outer",
                  "Parallel Aware": false,
                  "Join Type": "Inner",
                  "Startup Cost": 119.37,
                  "Total Cost": 29926.27,
                  "Plan Rows": 264,
                  "Plan Width": 0,
                  "Actual Startup Time": 65.862,
                  "Actual Total Time": 94.49,
                  "Actual Rows": 20,
                  "Actual Loops": 3,
                  "Inner Unique": false,
                  "Plans": [
                    {
                      "Node Type": "Nested Loop",
                      "Parent Relationship": "Outer",
                      "Parallel Aware": false,
                      "Join Type": "Inner",
                      "Startup Cost": 118.94,
                      "Total Cost": 29532.05,
                      "Plan Rows": 523,
                      "Plan Width": 8,
                      "Actual Startup Time": 65.742,
                      "Actual Total Time": 93.916,
                      "Actual Rows": 13,
                      "Actual Loops": 3,
                      "Inner Unique": true,
                      "Plans": [
                        {
                          "Node Type": "Bitmap Heap Scan",
                          "Parent Relationship": "Outer",
                          "Parallel Aware": true,
                          "Relation Name": "movie_keyword",
                          "Alias": "mk",
                          "Startup Cost": 118.51,
                          "Total Cost": 13140.73,
                          "Plan Rows": 2262,
                          "Plan Width": 4,
                          "Actual Startup Time": 65.159,
                          "Actual Total Time": 73.803,
                          "Actual Rows": 1400,
                          "Actual Loops": 3,
                          "Recheck Cond": "(keyword_id = 1002)",
                          "Rows Removed by Index Recheck": 0,
                          "Exact Heap Blocks": 2800,
                          "Lossy Heap Blocks": 0,
                          "Plans": [
                            {
                              "Node Type": "Bitmap Index Scan",
                              "Parent Relationship": "Outer",
                              "Parallel Aware": false,
                              "Index Name": "keyword_id_movie_keyword",
                              "Startup Cost": 0.0,
                              "Total Cost": 117.15,
                              "Plan Rows": 5429,
                              "Plan Width": 0,
                              "Actual Startup Time": 70.159,
                              "Actual Total Time": 70.159,
                              "Actual Rows": 4200,
                              "Actual Loops": 1,
                              "Index Cond": "(keyword_id = 1002)"
                            }
                          ]
                        },
                        {
                          "Node Type": "Index Scan",
                          "Parent Relationship": "Inner",
                          "Parallel Aware": false,
                          "Scan Direction": "Forward",
                          "Index Name": "title_pkey",
                          "Relation Name": "title",
                          "Alias": "t",
                          "Startup Cost": 0.43,
                          "Total Cost": 7.25,
                          "Plan Rows": 1,
                          "Plan Width": 4,
                          "Actual Startup Time": 0.014,
                          "Actual Total Time": 0.014,
                          "Actual Rows": 0,
                          "Actual Loops": 4200,
                          "Index Cond": "(id = mk.movie_id)",
                          "Rows Removed by Index Recheck": 0,
                          "Filter": "((production_year < 1999) AND (kind_id = 7))",
                          "Rows Removed by Filter": 1
                        }
                      ]
                    },
                    {
                      "Node Type": "Index Scan",
                      "Parent Relationship": "Inner",
                      "Parallel Aware": false,
                      "Scan Direction": "Forward",
                      "Index Name": "movie_id_movie_companies",
                      "Relation Name": "movie_companies",
                      "Alias": "mc",
                      "Startup Cost": 0.43,
                      "Total Cost": 0.72,
                      "Plan Rows": 3,
                      "Plan Width": 4,
                      "Actual Startup Time": 0.034,
                      "Actual Total Time": 0.043,
                      "Actual Rows": 2,
                      "Actual Loops": 38,
                      "Index Cond": "(movie_id = t.id)",
                      "Rows Removed by Index Recheck": 0,
                      "Filter": "(company_type_id < 2)",
                      "Rows Removed by Filter": 2
                    }
                  ]
                }
              ]
            }
          ]
        }
      ]
    },
    "Planning Time": 0.464,
    "Triggers": [],
    "Execution Time": 107.564
  }
]