[
  {
    "Plan": {
      "Node Type": "Aggregate",
      "Strategy": "Plain",
      "Partial Mode": "Finalize",
      "Parallel Aware": false,
      "Startup Cost": 32301.59,
      "Total Cost": 32301.6,
      "Plan Rows": 1,
      "Plan Width": 8,
      "Actual Startup Time": 125.806,
      "Actual Total Time": 133.871,
      "Actual Rows": 1,
      "Actual Loops": 1,
      "Plans": [
        {
          "Node Type": "Gather",
          "Parent Relationship": "Outer",
          "Parallel Aware": false,
          "Startup Cost": 32301.27,
          "Total Cost": 32301.58,
          "Plan Rows": 3,
          "Plan Width": 8,
          "Actual Startup Time": 125.7,
          "Actual Total Time": 133.863,
          "Actual Rows": 4,
          "Actual Loops": 1,
          "Workers Planned": 3,
          "Workers Launched": 3,
          "Single Copy": false,
          "Plans": [
            {
              "Node Type": "Aggregate",
              "Strategy": "Plain",
              "Partial Mode": "Partial",
              "Parent Relationship": "Outer",
              "Parallel Aware": false,
              "Startup Cost": 31301.27,
              "Total Cost": 31301.28,
              "Plan Rows": 1,
              "Plan Width": 8,
              "Actual Startup Time": 119.651,
              "Actual Total Time": 119.652,
              "Actual Rows": 1,
              "Actual Loops": 4,
              "Plans": [
                {
                  "Node Type": "Seq Scan",
                  "Parent Relationship": "Outer",
                  "Parallel Aware": true,
                  "Relation Name": "movie_companies",
                  "Alias": "mc",
                  "Startup Cost": 0.0,
                  "Total Cost": 29310.68,
                  "Plan Rows": 796235,
                  "Plan Width": 0,
                  "Actual Startup Time": 0.038,
                  "Actual Total Time": 87.686,
                  "Actual Rows": 617891,
                  "Actual Loops": 4,
                  "Filter": "(company_id < 137482)",
                  "Rows Removed by Filter": 34391
                }
              ]
            }
          ]
        }
      ]
    },
    "Planning Time": 0.163,
    "Triggers": [],
    "Execution Time": 133.922
  }
]