[
    {
        "Bao": {
            "Bao prediction": "NaN",
            "Bao recommended hint": "(no hint)"
        }
    },
    {
        "Plan": {
            "Node Type": "Aggregate",
            "Strategy": "Plain",
            "Partial Mode": "Finalize",
            "Parallel Aware": false,
            "Startup Cost": 312618.81,
            "Total Cost": 312618.82,
            "Plan Rows": 1,
            "Plan Width": 8,
            "Actual Startup Time": 2229.418,
            "Actual Total Time": 2286.439,
            "Actual Rows": 1,
            "Actual Loops": 1,
            "Output": [
                "count(*)"
            ],
            "Plans": [
                {
                    "Node Type": "Gather",
                    "Parent Relationship": "Outer",
                    "Parallel Aware": false,
                    "Startup Cost": 312618.29,
                    "Total Cost": 312618.8,
                    "Plan Rows": 5,
                    "Plan Width": 8,
                    "Actual Startup Time": 2225.694,
                    "Actual Total Time": 2286.43,
                    "Actual Rows": 6,
                    "Actual Loops": 1,
                    "Output": [
                        "(PARTIAL count(*))"
                    ],
                    "Workers Planned": 5,
                    "Workers Launched": 5,
                    "Single Copy": false,
                    "Plans": [
                        {
                            "Node Type": "Aggregate",
                            "Strategy": "Plain",
                            "Partial Mode": "Partial",
                            "Parent Relationship": "Outer",
                            "Parallel Aware": false,
                            "Startup Cost": 311618.29,
                            "Total Cost": 311618.3,
                            "Plan Rows": 1,
                            "Plan Width": 8,
                            "Actual Startup Time": 2215.494,
                            "Actual Total Time": 2215.497,
                            "Actual Rows": 1,
                            "Actual Loops": 6,
                            "Output": [
                                "PARTIAL count(*)"
                            ],
                            "Workers": [
                                {
                                    "Worker Number": 0,
                                    "Actual Startup Time": 2213.412,
                                    "Actual Total Time": 2213.415,
                                    "Actual Rows": 1,
                                    "Actual Loops": 1
                                },
                                {
                                    "Worker Number": 1,
                                    "Actual Startup Time": 2213.766,
                                    "Actual Total Time": 2213.769,
                                    "Actual Rows": 1,
                                    "Actual Loops": 1
                                },
                                {
                                    "Worker Number": 2,
                                    "Actual Startup Time": 2213.351,
                                    "Actual Total Time": 2213.354,
                                    "Actual Rows": 1,
                                    "Actual Loops": 1
                                },
                                {
                                    "Worker Number": 3,
                                    "Actual Startup Time": 2213.35,
                                    "Actual Total Time": 2213.353,
                                    "Actual Rows": 1,
                                    "Actual Loops": 1
                                },
                                {
                                    "Worker Number": 4,
                                    "Actual Startup Time": 2214.049,
                                    "Actual Total Time": 2214.051,
                                    "Actual Rows": 1,
                                    "Actual Loops": 1
                                }
                            ],
                            "Plans": [
                                {
                                    "Node Type": "Nested Loop",
                                    "Parent Relationship": "Outer",
                                    "Parallel Aware": false,
                                    "Join Type": "Inner",
                                    "Startup Cost": 69922.84,
                                    "Total Cost": 310900.55,
                                    "Plan Rows": 287096,
                                    "Plan Width": 0,
                                    "Actual Startup Time": 225.073,
                                    "Actual Total Time": 2180.364,
                                    "Actual Rows": 744965,
                                    "Actual Loops": 6,
                                    "Inner Unique": false,
                                    "Workers": [
                                        {
                                            "Worker Number": 0,
                                            "Actual Startup Time": 234.322,
                                            "Actual Total Time": 2177.054,
                                            "Actual Rows": 757418,
                                            "Actual Loops": 1
                                        },
                                        {
                                            "Worker Number": 1,
                                            "Actual Startup Time": 234.42,
                                            "Actual Total Time": 2177.632,
                                            "Actual Rows": 740651,
                                            "Actual Loops": 1
                                        },
                                        {
                                            "Worker Number": 2,
                                            "Actual Startup Time": 233.896,
                                            "Actual Total Time": 2180.801,
                                            "Actual Rows": 692518,
                                            "Actual Loops": 1
                                        },
                                        {
                                            "Worker Number": 3,
                                            "Actual Startup Time": 234.131,
                                            "Actual Total Time": 2180.389,
                                            "Actual Rows": 696227,
                                            "Actual Loops": 1
                                        },
                                        {
                                            "Worker Number": 4,
                                            "Actual Startup Time": 235.56,
                                            "Actual Total Time": 2178.454,
                                            "Actual Rows": 740031,
                                            "Actual Loops": 1
                                        }
                                    ],
                                    "Plans": [
                                        {
                                            "Node Type": "Merge Join",
                                            "Parent Relationship": "Outer",
                                            "Parallel Aware": false,
                                            "Join Type": "Inner",
                                            "Startup Cost": 69922.27,
                                            "Total Cost": 163714.9,
                                            "Plan Rows": 72129,
                                            "Plan Width": 8,
                                            "Actual Startup Time": 224.956,
                                            "Actual Total Time": 566.239,
                                            "Actual Rows": 60615,
                                            "Actual Loops": 6,
                                            "Output": [
                                                "t.id",
                                                "mk.movie_id"
                                            ],
                                            "Inner Unique": false,
                                            "Merge Cond": "(t.id = mk.movie_id)",
                                            "Workers": [
                                                {
                                                    "Worker Number": 0,
                                                    "Actual Startup Time": 234.214,
                                                    "Actual Total Time": 567.003,
                                                    "Actual Rows": 60424,
                                                    "Actual Loops": 1
                                                },
                                                {
                                                    "Worker Number": 1,
                                                    "Actual Startup Time": 234.278,
                                                    "Actual Total Time": 565.769,
                                                    "Actual Rows": 59763,
                                                    "Actual Loops": 1
                                                },
                                                {
                                                    "Worker Number": 2,
                                                    "Actual Startup Time": 233.803,
                                                    "Actual Total Time": 565.132,
                                                    "Actual Rows": 55610,
                                                    "Actual Loops": 1
                                                },
                                                {
                                                    "Worker Number": 3,
                                                    "Actual Startup Time": 234.053,
                                                    "Actual Total Time": 571.299,
                                                    "Actual Rows": 56395,
                                                    "Actual Loops": 1
                                                },
                                                {
                                                    "Worker Number": 4,
                                                    "Actual Startup Time": 235.307,
                                                    "Actual Total Time": 561.677,
                                                    "Actual Rows": 59394,
                                                    "Actual Loops": 1
                                                }
                                            ],
                                            "Plans": [
                                                {
                                                    "Node Type": "Index Only Scan",
                                                    "Parent Relationship": "Outer",
                                                    "Parallel Aware": true,
                                                    "Scan Direction": "Forward",
                                                    "Index Name": "title_pkey",
                                                    "Relation Name": "title",
                                                    "Schema": "public",
                                                    "Alias": "t",
                                                    "Startup Cost": 0.43,
                                                    "Total Cost": 90115.52,
                                                    "Plan Rows": 505664,
                                                    "Plan Width": 4,
                                                    "Actual Startup Time": 0.153,
                                                    "Actual Total Time": 274.147,
                                                    "Actual Rows": 420965,
                                                    "Actual Loops": 6,
                                                    "Output": [
                                                        "t.id"
                                                    ],
                                                    "Heap Fetches": 2525791,
                                                    "Workers": [
                                                        {
                                                            "Worker Number": 0,
                                                            "Actual Startup Time": 0.178,
                                                            "Actual Total Time": 265.027,
                                                            "Actual Rows": 413039,
                                                            "Actual Loops": 1
                                                        },
                                                        {
                                                            "Worker Number": 1,
                                                            "Actual Startup Time": 0.28,
                                                            "Actual Total Time": 263.532,
                                                            "Actual Rows": 403532,
                                                            "Actual Loops": 1
                                                        },
                                                        {
                                                            "Worker Number": 2,
                                                            "Actual Startup Time": 0.156,
                                                            "Actual Total Time": 268.043,
                                                            "Actual Rows": 367199,
                                                            "Actual Loops": 1
                                                        },
                                                        {
                                                            "Worker Number": 3,
                                                            "Actual Startup Time": 0.137,
                                                            "Actual Total Time": 272.984,
                                                            "Actual Rows": 380098,
                                                            "Actual Loops": 1
                                                        },
                                                        {
                                                            "Worker Number": 4,
                                                            "Actual Startup Time": 0.152,
                                                            "Actual Total Time": 259.504,
                                                            "Actual Rows": 396055,
                                                            "Actual Loops": 1
                                                        }
                                                    ]
                                                },
                                                {
                                                    "Node Type": "Sort",
                                                    "Parent Relationship": "Inner",
                                                    "Parallel Aware": false,
                                                    "Startup Cost": 69901.42,
                                                    "Total Cost": 70803.04,
                                                    "Plan Rows": 360645,
                                                    "Plan Width": 4,
                                                    "Actual Startup Time": 224.662,
                                                    "Actual Total Time": 243.939,
                                                    "Actual Rows": 363692,
                                                    "Actual Loops": 6,
                                                    "Output": [
                                                        "mk.movie_id"
                                                    ],
                                                    "Sort Key": [
                                                        "mk.movie_id"
                                                    ],
                                                    "Sort Method": "quicksort",
                                                    "Sort Space Used": 29337,
                                                    "Sort Space Type": "Memory",
                                                    "Workers": [
                                                        {
                                                            "Worker Number": 0,
                                                            "Actual Startup Time": 233.811,
                                                            "Actual Total Time": 253.392,
                                                            "Actual Rows": 363692,
                                                            "Actual Loops": 1
                                                        },
                                                        {
                                                            "Worker Number": 1,
                                                            "Actual Startup Time": 233.784,
                                                            "Actual Total Time": 253.48,
                                                            "Actual Rows": 363692,
                                                            "Actual Loops": 1
                                                        },
                                                        {
                                                            "Worker Number": 2,
                                                            "Actual Startup Time": 233.501,
                                                            "Actual Total Time": 252.383,
                                                            "Actual Rows": 363692,
                                                            "Actual Loops": 1
                                                        },
                                                        {
                                                            "Worker Number": 3,
                                                            "Actual Startup Time": 233.768,
                                                            "Actual Total Time": 252.721,
                                                            "Actual Rows": 363692,
                                                            "Actual Loops": 1
                                                        },
                                                        {
                                                            "Worker Number": 4,
                                                            "Actual Startup Time": 235.06,
                                                            "Actual Total Time": 254.759,
                                                            "Actual Rows": 363692,
                                                            "Actual Loops": 1
                                                        }
                                                    ],
                                                    "Plans": [
                                                        {
                                                            "Node Type": "Bitmap Heap Scan",
                                                            "Parent Relationship": "Outer",
                                                            "Parallel Aware": false,
                                                            "Relation Name": "movie_keyword",
                                                            "Schema": "public",
                                                            "Alias": "mk",
                                                            "Startup Cost": 7651.43,
                                                            "Total Cost": 36613.49,
                                                            "Plan Rows": 360645,
                                                            "Plan Width": 4,
                                                            "Actual Startup Time": 44.371,
                                                            "Actual Total Time": 152.831,
                                                            "Actual Rows": 363692,
                                                            "Actual Loops": 6,
                                                            "Output": [
                                                                "mk.movie_id"
                                                            ],
                                                            "Recheck Cond": "(mk.keyword_id < 335)",
                                                            "Rows Removed by Index Recheck": 0,
                                                            "Exact Heap Blocks": 24238,
                                                            "Lossy Heap Blocks": 0,
                                                            "Workers": [
                                                                {
                                                                    "Worker Number": 0,
                                                                    "Actual Startup Time": 48.133,
                                                                    "Actual Total Time": 161.956,
                                                                    "Actual Rows": 363692,
                                                                    "Actual Loops": 1
                                                                },
                                                                {
                                                                    "Worker Number": 1,
                                                                    "Actual Startup Time": 48.03,
                                                                    "Actual Total Time": 161.165,
                                                                    "Actual Rows": 363692,
                                                                    "Actual Loops": 1
                                                                },
                                                                {
                                                                    "Worker Number": 2,
                                                                    "Actual Startup Time": 49.509,
                                                                    "Actual Total Time": 162.424,
                                                                    "Actual Rows": 363692,
                                                                    "Actual Loops": 1
                                                                },
                                                                {
                                                                    "Worker Number": 3,
                                                                    "Actual Startup Time": 49.759,
                                                                    "Actual Total Time": 162.914,
                                                                    "Actual Rows": 363692,
                                                                    "Actual Loops": 1
                                                                },
                                                                {
                                                                    "Worker Number": 4,
                                                                    "Actual Startup Time": 49.449,
                                                                    "Actual Total Time": 162.998,
                                                                    "Actual Rows": 363692,
                                                                    "Actual Loops": 1
                                                                }
                                                            ],
                                                            "Plans": [
                                                                {
                                                                    "Node Type": "Bitmap Index Scan",
                                                                    "Parent Relationship": "Outer",
                                                                    "Parallel Aware": false,
                                                                    "Index Name": "keyword_id_movie_keyword",
                                                                    "Startup Cost": 0.0,
                                                                    "Total Cost": 7561.27,
                                                                    "Plan Rows": 360645,
                                                                    "Plan Width": 0,
                                                                    "Actual Startup Time": 41.378,
                                                                    "Actual Total Time": 41.378,
                                                                    "Actual Rows": 363692,
                                                                    "Actual Loops": 6,
                                                                    "Index Cond": "(mk.keyword_id < 335)",
                                                                    "Workers": [
                                                                        {
                                                                            "Worker Number": 0,
                                                                            "Actual Startup Time": 45.134,
                                                                            "Actual Total Time": 45.135,
                                                                            "Actual Rows": 363692,
                                                                            "Actual Loops": 1
                                                                        },
                                                                        {
                                                                            "Worker Number": 1,
                                                                            "Actual Startup Time": 45.026,
                                                                            "Actual Total Time": 45.027,
                                                                            "Actual Rows": 363692,
                                                                            "Actual Loops": 1
                                                                        },
                                                                        {
                                                                            "Worker Number": 2,
                                                                            "Actual Startup Time": 46.502,
                                                                            "Actual Total Time": 46.502,
                                                                            "Actual Rows": 363692,
                                                                            "Actual Loops": 1
                                                                        },
                                                                        {
                                                                            "Worker Number": 3,
                                                                            "Actual Startup Time": 46.772,
                                                                            "Actual Total Time": 46.772,
                                                                            "Actual Rows": 363692,
                                                                            "Actual Loops": 1
                                                                        },
                                                                        {
                                                                            "Worker Number": 4,
                                                                            "Actual Startup Time": 46.425,
                                                                            "Actual Total Time": 46.425,
                                                                            "Actual Rows": 363692,
                                                                            "Actual Loops": 1
                                                                        }
                                                                    ]
                                                                }
                                                            ]
                                                        }
                                                    ]
                                                }
                                            ]
                                        },
                                        {
                                            "Node Type": "Index Scan",
                                            "Parent Relationship": "Inner",
                                            "Parallel Aware": false,
                                            "Scan Direction": "Forward",
                                            "Index Name": "movie_id_cast_info",
                                            "Relation Name": "cast_info",
                                            "Schema": "public",
                                            "Alias": "ci",
                                            "Startup Cost": 0.56,
                                            "Total Cost": 1.93,
                                            "Plan Rows": 11,
                                            "Plan Width": 4,
                                            "Actual Startup Time": 0.017,
                                            "Actual Total Time": 0.026,
                                            "Actual Rows": 12,
                                            "Actual Loops": 363692,
                                            "Output": [
                                                "ci.id",
                                                "ci.person_id",
                                                "ci.movie_id",
                                                "ci.person_role_id",
                                                "ci.note",
                                                "ci.nr_order",
                                                "ci.role_id"
                                            ],
                                            "Index Cond": "(ci.movie_id = t.id)",
                                            "Rows Removed by Index Recheck": 0,
                                            "Filter": "(ci.person_id > 2706833)",
                                            "Rows Removed by Filter": 31,
                                            "Workers": [
                                                {
                                                    "Worker Number": 0,
                                                    "Actual Startup Time": 0.017,
                                                    "Actual Total Time": 0.026,
                                                    "Actual Rows": 13,
                                                    "Actual Loops": 60424
                                                },
                                                {
                                                    "Worker Number": 1,
                                                    "Actual Startup Time": 0.017,
                                                    "Actual Total Time": 0.026,
                                                    "Actual Rows": 12,
                                                    "Actual Loops": 59763
                                                },
                                                {
                                                    "Worker Number": 2,
                                                    "Actual Startup Time": 0.018,
                                                    "Actual Total Time": 0.028,
                                                    "Actual Rows": 12,
                                                    "Actual Loops": 55610
                                                },
                                                {
                                                    "Worker Number": 3,
                                                    "Actual Startup Time": 0.018,
                                                    "Actual Total Time": 0.027,
                                                    "Actual Rows": 12,
                                                    "Actual Loops": 56395
                                                },
                                                {
                                                    "Worker Number": 4,
                                                    "Actual Startup Time": 0.017,
                                                    "Actual Total Time": 0.026,
                                                    "Actual Rows": 12,
                                                    "Actual Loops": 59394
                                                }
                                            ]
                                        }
                                    ]
                                }
                            ]
                        }
                    ]
                }
            ]
        },
        "Planning Time": 178.951,
        "Triggers": [],
        "Execution Time": 2292.043
    }
]