[
  {
    "Plan": {
      "Node Type": "Aggregate",
      "Strategy": "Plain",
      "Partial Mode": "Finalize",
      "Parallel Aware": false,
      "Startup Cost": 305656.19,
      "Total Cost": 305656.2,
      "Plan Rows": 1,
      "Plan Width": 8,
      "Actual Startup Time": 466.318,
      "Actual Total Time": 491.783,
      "Actual Rows": 1,
      "Actual Loops": 1,
      "Plans": [
        {
          "Node Type": "Gather",
          "Parent Relationship": "Outer",
          "Parallel Aware": false,
          "Startup Cost": 305655.56,
          "Total Cost": 305656.17,
          "Plan Rows": 6,
          "Plan Width": 8,
          "Actual Startup Time": 465.972,
          "Actual Total Time": 491.775,
          "Actual Rows": 7,
          "Actual Loops": 1,
          "Workers Planned": 6,
          "Workers Launched": 6,
          "Single Copy": false,
          "Plans": [
            {
              "Node Type": "Aggregate",
              "Strategy": "Plain",
              "Partial Mode": "Partial",
              "Parent Relationship": "Outer",
              "Parallel Aware": false,
              "Startup Cost": 304655.56,
              "Total Cost": 304655.57,
              "Plan Rows": 1,
              "Plan Width": 8,
              "Actual Startup Time": 455.148,
              "Actual Total Time": 455.151,
              "Actual Rows": 1,
              "Actual Loops": 7,
              "Plans": [
                {
                  "Node Type": "Hash Join",
                  "Parent Relationship": "Outer",
                  "Parallel Aware": true,
                  "Join Type": "Inner",
                  "Startup Cost": 45598.13,
                  "Total Cost": 304599.65,
                  "Plan Rows": 22365,
                  "Plan Width": 0,
                  "Actual Startup Time": 77.667,
                  "Actual Total Time": 454.464,
                  "Actual Rows": 13243,
                  "Actual Loops": 7,
                  "Inner Unique": true,
                  "Hash Cond": "(ci.movie_id = t.id)",
                  "Plans": [
                    {
                      "Node Type": "Index Scan",
                      "Parent Relationship": "Outer",
                      "Parallel Aware": true,
                      "Scan Direction": "Forward",
                      "Index Name": "role_id_cast_info",
                      "Relation Name": "cast_info",
                      "Alias": "ci",
                      "Startup Cost": 0.56,
                      "Total Cost": 255086.64,
                      "Plan Rows": 1491596,
                      "Plan Width": 4,
                      "Actual Startup Time": 0.386,
                      "Actual Total Time": 256.879,
                      "Actual Rows": 1056243,
                      "Actual Loops": 7,
                      "Index Cond": "(role_id > 4)",
                      "Rows Removed by Index Recheck": 0,
                      "Filter": "(person_id < 3670552)",
                      "Rows Removed by Filter": 284429
                    },
                    {
                      "Node Type": "Hash",
                      "Parent Relationship": "Inner",
                      "Parallel Aware": true,
                      "Startup Cost": 45479.1,
                      "Total Cost": 45479.1,
                      "Plan Rows": 9477,
                      "Plan Width": 4,
                      "Actual Startup Time": 75.485,
                      "Actual Total Time": 75.487,
                      "Actual Rows": 5991,
                      "Actual Loops": 7,
                      "Hash Buckets": 65536,
                      "Original Hash Buckets": 65536,
                      "Hash Batches": 1,
                      "Original Hash Batches": 1,
                      "Peak Memory Usage": 2304,
                      "Plans": [
                        {
                          "Node Type": "Seq Scan",
                          "Parent Relationship": "Outer",
                          "Parallel Aware": true,
                          "Relation Name": "title",
                          "Alias": "t",
                          "Startup Cost": 0.0,
                          "Total Cost": 45479.1,
                          "Plan Rows": 9477,
                          "Plan Width": 4,
                          "Actual Startup Time": 0.049,
                          "Actual Total Time": 71.927,
                          "Actual Rows": 5991,
                          "Actual Loops": 7,
                          "Filter": "((kind_id = 7) AND (production_year = 2002))",
                          "Rows Removed by Filter": 355197
                        }
                      ]
                    }
                  ]
                }
              ]
            }
          ]
        }
      ]
    },
    "Planning Time": 0.681,
    "Triggers": [],
    "Execution Time": 491.865
  }
]