[
  {
    "Plan": {
      "Node Type": "Aggregate",
      "Strategy": "Plain",
      "Partial Mode": "Finalize",
      "Parallel Aware": false,
      "Startup Cost": 31308.73,
      "Total Cost": 31308.74,
      "Plan Rows": 1,
      "Plan Width": 8,
      "Actual Startup Time": 81.435,
      "Actual Total Time": 89.66,
      "Actual Rows": 1,
      "Actual Loops": 1,
      "Plans": [
        {
          "Node Type": "Gather",
          "Parent Relationship": "Outer",
          "Parallel Aware": false,
          "Startup Cost": 31308.41,
          "Total Cost": 31308.72,
          "Plan Rows": 3,
          "Plan Width": 8,
          "Actual Startup Time": 81.327,
          "Actual Total Time": 89.653,
          "Actual Rows": 4,
          "Actual Loops": 1,
          "Workers Planned": 3,
          "Workers Launched": 3,
          "Single Copy": false,
          "Plans": [
            {
              "Node Type": "Aggregate",
              "Strategy": "Plain",
              "Partial Mode": "Partial",
              "Parent Relationship": "Outer",
              "Parallel Aware": false,
              "Startup Cost": 30308.41,
              "Total Cost": 30308.42,
              "Plan Rows": 1,
              "Plan Width": 8,
              "Actual Startup Time": 77.883,
              "Actual Total Time": 77.884,
              "Actual Rows": 1,
              "Actual Loops": 4,
              "Plans": [
                {
                  "Node Type": "Seq Scan",
                  "Parent Relationship": "Outer",
                  "Parallel Aware": true,
                  "Relation Name": "movie_companies",
                  "Alias": "mc",
                  "Startup Cost": 0.0,
                  "Total Cost": 29310.68,
                  "Plan Rows": 399091,
                  "Plan Width": 0,
                  "Actual Startup Time": 10.218,
                  "Actual Total Time": 65.349,
                  "Actual Rows": 307152,
                  "Actual Loops": 4,
                  "Filter": "(company_id > 11935)",
                  "Rows Removed by Filter": 345130
                }
              ]
            }
          ]
        }
      ]
    },
    "Planning Time": 0.192,
    "Triggers": [],
    "Execution Time": 89.714
  }
]