[
  {
    "Plan": {
      "Node Type": "Aggregate",
      "Strategy": "Plain",
      "Partial Mode": "Finalize",
      "Parallel Aware": false,
      "Startup Cost": 31392.27,
      "Total Cost": 31392.28,
      "Plan Rows": 1,
      "Plan Width": 8,
      "Actual Startup Time": 109.315,
      "Actual Total Time": 117.935,
      "Actual Rows": 1,
      "Actual Loops": 1,
      "Plans": [
        {
          "Node Type": "Gather",
          "Parent Relationship": "Outer",
          "Parallel Aware": false,
          "Startup Cost": 31391.95,
          "Total Cost": 31392.26,
          "Plan Rows": 3,
          "Plan Width": 8,
          "Actual Startup Time": 109.198,
          "Actual Total Time": 117.927,
          "Actual Rows": 4,
          "Actual Loops": 1,
          "Workers Planned": 3,
          "Workers Launched": 3,
          "Single Copy": false,
          "Plans": [
            {
              "Node Type": "Aggregate",
              "Strategy": "Plain",
              "Partial Mode": "Partial",
              "Parent Relationship": "Outer",
              "Parallel Aware": false,
              "Startup Cost": 30391.95,
              "Total Cost": 30391.96,
              "Plan Rows": 1,
              "Plan Width": 8,
              "Actual Startup Time": 103.222,
              "Actual Total Time": 103.223,
              "Actual Rows": 1,
              "Actual Loops": 4,
              "Plans": [
                {
                  "Node Type": "Seq Scan",
                  "Parent Relationship": "Outer",
                  "Parallel Aware": true,
                  "Relation Name": "movie_companies",
                  "Alias": "mc",
                  "Startup Cost": 0.0,
                  "Total Cost": 29310.68,
                  "Plan Rows": 432507,
                  "Plan Width": 0,
                  "Actual Startup Time": 18.818,
                  "Actual Total Time": 85.67,
                  "Actual Rows": 332054,
                  "Actual Loops": 4,
                  "Filter": "(company_id > 11219)",
                  "Rows Removed by Filter": 320228
                }
              ]
            }
          ]
        }
      ]
    },
    "Planning Time": 0.132,
    "Triggers": [],
    "Execution Time": 117.977
  }
]