[
  {
    "Plan": {
      "Node Type": "Aggregate",
      "Strategy": "Plain",
      "Partial Mode": "Finalize",
      "Parallel Aware": false,
      "Startup Cost": 44903.74,
      "Total Cost": 44903.75,
      "Plan Rows": 1,
      "Plan Width": 8,
      "Actual Startup Time": 89.852,
      "Actual Total Time": 101.582,
      "Actual Rows": 1,
      "Actual Loops": 1,
      "Plans": [
        {
          "Node Type": "Gather",
          "Parent Relationship": "Outer",
          "Parallel Aware": false,
          "Startup Cost": 44903.32,
          "Total Cost": 44903.73,
          "Plan Rows": 4,
          "Plan Width": 8,
          "Actual Startup Time": 89.596,
          "Actual Total Time": 101.575,
          "Actual Rows": 5,
          "Actual Loops": 1,
          "Workers Planned": 4,
          "Workers Launched": 4,
          "Single Copy": false,
          "Plans": [
            {
              "Node Type": "Aggregate",
              "Strategy": "Plain",
              "Partial Mode": "Partial",
              "Parent Relationship": "Outer",
              "Parallel Aware": false,
              "Startup Cost": 43903.32,
              "Total Cost": 43903.33,
              "Plan Rows": 1,
              "Plan Width": 8,
              "Actual Startup Time": 82.889,
              "Actual Total Time": 82.89,
              "Actual Rows": 1,
              "Actual Loops": 5,
              "Plans": [
                {
                  "Node Type": "Seq Scan",
                  "Parent Relationship": "Outer",
                  "Parallel Aware": true,
                  "Relation Name": "title",
                  "Alias": "t",
                  "Startup Cost": 0.0,
                  "Total Cost": 43899.32,
                  "Plan Rows": 1601,
                  "Plan Width": 0,
                  "Actual Startup Time": 0.119,
                  "Actual Total Time": 82.715,
                  "Actual Rows": 1269,
                  "Actual Loops": 5,
                  "Filter": "(production_year = 1952)",
                  "Rows Removed by Filter": 504393
                }
              ]
            }
          ]
        }
      ]
    },
    "Planning Time": 0.093,
    "Triggers": [],
    "Execution Time": 101.626
  }
]