[
  {
    "Plan": {
      "Node Type": "Aggregate",
      "Strategy": "Plain",
      "Partial Mode": "Finalize",
      "Parallel Aware": false,
      "Startup Cost": 33658.23,
      "Total Cost": 33658.24,
      "Plan Rows": 1,
      "Plan Width": 8,
      "Actual Startup Time": 108.789,
      "Actual Total Time": 114.72,
      "Actual Rows": 1,
      "Actual Loops": 1,
      "Plans": [
        {
          "Node Type": "Gather",
          "Parent Relationship": "Outer",
          "Parallel Aware": false,
          "Startup Cost": 33657.91,
          "Total Cost": 33658.22,
          "Plan Rows": 3,
          "Plan Width": 8,
          "Actual Startup Time": 108.489,
          "Actual Total Time": 114.71,
          "Actual Rows": 4,
          "Actual Loops": 1,
          "Workers Planned": 3,
          "Workers Launched": 3,
          "Single Copy": false,
          "Plans": [
            {
              "Node Type": "Aggregate",
              "Strategy": "Plain",
              "Partial Mode": "Partial",
              "Parent Relationship": "Outer",
              "Parallel Aware": false,
              "Startup Cost": 32657.91,
              "Total Cost": 32657.92,
              "Plan Rows": 1,
              "Plan Width": 8,
              "Actual Startup Time": 100.842,
              "Actual Total Time": 100.844,
              "Actual Rows": 1,
              "Actual Loops": 4,
              "Plans": [
                {
                  "Node Type": "Bitmap Heap Scan",
                  "Parent Relationship": "Outer",
                  "Parallel Aware": true,
                  "Relation Name": "movie_keyword",
                  "Alias": "mk",
                  "Startup Cost": 6680.47,
                  "Total Cost": 32404.01,
                  "Plan Rows": 101563,
                  "Plan Width": 0,
                  "Actual Startup Time": 36.992,
                  "Actual Total Time": 95.655,
                  "Actual Rows": 78872,
                  "Actual Loops": 4,
                  "Recheck Cond": "(keyword_id > 51672)",
                  "Rows Removed by Index Recheck": 0,
                  "Exact Heap Blocks": 11512,
                  "Lossy Heap Blocks": 0,
                  "Plans": [
                    {
                      "Node Type": "Bitmap Index Scan",
                      "Parent Relationship": "Outer",
                      "Parallel Aware": false,
                      "Index Name": "keyword_id_movie_keyword",
                      "Startup Cost": 0.0,
                      "Total Cost": 6601.76,
                      "Plan Rows": 314844,
                      "Plan Width": 0,
                      "Actual Startup Time": 40.531,
                      "Actual Total Time": 40.531,
                      "Actual Rows": 315486,
                      "Actual Loops": 1,
                      "Index Cond": "(keyword_id > 51672)"
                    }
                  ]
                }
              ]
            }
          ]
        }
      ]
    },
    "Planning Time": 0.277,
    "Triggers": [],
    "Execution Time": 114.798
  }
]