[
  {
    "Plan": {
      "Node Type": "Aggregate",
      "Strategy": "Plain",
      "Partial Mode": "Finalize",
      "Parallel Aware": false,
      "Startup Cost": 337018.31,
      "Total Cost": 337018.32,
      "Plan Rows": 1,
      "Plan Width": 8,
      "Actual Startup Time": 888.535,
      "Actual Total Time": 939.313,
      "Actual Rows": 1,
      "Actual Loops": 1,
      "Plans": [
        {
          "Node Type": "Gather",
          "Parent Relationship": "Outer",
          "Parallel Aware": false,
          "Startup Cost": 337017.69,
          "Total Cost": 337018.3,
          "Plan Rows": 6,
          "Plan Width": 8,
          "Actual Startup Time": 888.335,
          "Actual Total Time": 939.298,
          "Actual Rows": 7,
          "Actual Loops": 1,
          "Workers Planned": 6,
          "Workers Launched": 6,
          "Single Copy": false,
          "Plans": [
            {
              "Node Type": "Aggregate",
              "Strategy": "Plain",
              "Partial Mode": "Partial",
              "Parent Relationship": "Outer",
              "Parallel Aware": false,
              "Startup Cost": 336017.69,
              "Total Cost": 336017.7,
              "Plan Rows": 1,
              "Plan Width": 8,
              "Actual Startup Time": 877.868,
              "Actual Total Time": 877.871,
              "Actual Rows": 1,
              "Actual Loops": 7,
              "Plans": [
                {
                  "Node Type": "Seq Scan",
                  "Parent Relationship": "Outer",
                  "Parallel Aware": true,
                  "Relation Name": "cast_info",
                  "Alias": "ci",
                  "Startup Cost": 0.0,
                  "Total Cost": 328211.39,
                  "Plan Rows": 3122519,
                  "Plan Width": 0,
                  "Actual Startup Time": 0.066,
                  "Actual Total Time": 712.611,
                  "Actual Rows": 2705591,
                  "Actual Loops": 7,
                  "Filter": "(person_id < 1887996)",
                  "Rows Removed by Filter": 2472173
                }
              ]
            }
          ]
        }
      ]
    },
    "Planning Time": 0.161,
    "Triggers": [],
    "Execution Time": 939.38
  }
]