[
  {
    "Plan": {
      "Node Type": "Aggregate",
      "Strategy": "Plain",
      "Partial Mode": "Finalize",
      "Parallel Aware": false,
      "Startup Cost": 81714.23,
      "Total Cost": 81714.24,
      "Plan Rows": 1,
      "Plan Width": 8,
      "Actual Startup Time": 115.794,
      "Actual Total Time": 133.269,
      "Actual Rows": 1,
      "Actual Loops": 1,
      "Plans": [
        {
          "Node Type": "Gather",
          "Parent Relationship": "Outer",
          "Parallel Aware": false,
          "Startup Cost": 81713.81,
          "Total Cost": 81714.22,
          "Plan Rows": 4,
          "Plan Width": 8,
          "Actual Startup Time": 115.654,
          "Actual Total Time": 133.261,
          "Actual Rows": 5,
          "Actual Loops": 1,
          "Workers Planned": 4,
          "Workers Launched": 4,
          "Single Copy": false,
          "Plans": [
            {
              "Node Type": "Aggregate",
              "Strategy": "Plain",
              "Partial Mode": "Partial",
              "Parent Relationship": "Outer",
              "Parallel Aware": false,
              "Startup Cost": 80713.81,
              "Total Cost": 80713.82,
              "Plan Rows": 1,
              "Plan Width": 8,
              "Actual Startup Time": 106.446,
              "Actual Total Time": 106.447,
              "Actual Rows": 1,
              "Actual Loops": 5,
              "Plans": [
                {
                  "Node Type": "Nested Loop",
                  "Parent Relationship": "Outer",
                  "Parallel Aware": false,
                  "Join Type": "Inner",
                  "Startup Cost": 0.43,
                  "Total Cost": 80699.88,
                  "Plan Rows": 5574,
                  "Plan Width": 0,
                  "Actual Startup Time": 0.643,
                  "Actual Total Time": 106.084,
                  "Actual Rows": 5864,
                  "Actual Loops": 5,
                  "Inner Unique": false,
                  "Plans": [
                    {
                      "Node Type": "Seq Scan",
                      "Parent Relationship": "Outer",
                      "Parallel Aware": true,
                      "Relation Name": "title",
                      "Alias": "t",
                      "Startup Cost": 0.0,
                      "Total Cost": 43898.92,
                      "Plan Rows": 5183,
                      "Plan Width": 4,
                      "Actual Startup Time": 0.056,
                      "Actual Total Time": 76.744,
                      "Actual Rows": 3972,
                      "Actual Loops": 5,
                      "Filter": "(production_year = 1988)",
                      "Rows Removed by Filter": 501690
                    },
                    {
                      "Node Type": "Index Scan",
                      "Parent Relationship": "Inner",
                      "Parallel Aware": false,
                      "Scan Direction": "Forward",
                      "Index Name": "movie_id_movie_keyword",
                      "Relation Name": "movie_keyword",
                      "Alias": "mk",
                      "Startup Cost": 0.43,
                      "Total Cost": 6.83,
                      "Plan Rows": 27,
                      "Plan Width": 4,
                      "Actual Startup Time": 0.006,
                      "Actual Total Time": 0.007,
                      "Actual Rows": 1,
                      "Actual Loops": 19861,
                      "Index Cond": "(movie_id = t.id)",
                      "Rows Removed by Index Recheck": 0,
                      "Filter": "(keyword_id < 7663)",
                      "Rows Removed by Filter": 1
                    }
                  ]
                }
              ]
            }
          ]
        }
      ]
    },
    "Planning Time": 0.611,
    "Triggers": [],
    "Execution Time": 133.339
  }
]