[
  {
    "Plan": {
      "Node Type": "Aggregate",
      "Strategy": "Plain",
      "Partial Mode": "Finalize",
      "Parallel Aware": false,
      "Startup Cost": 33029.65,
      "Total Cost": 33029.66,
      "Plan Rows": 1,
      "Plan Width": 8,
      "Actual Startup Time": 99.547,
      "Actual Total Time": 107.05,
      "Actual Rows": 1,
      "Actual Loops": 1,
      "Plans": [
        {
          "Node Type": "Gather",
          "Parent Relationship": "Outer",
          "Parallel Aware": false,
          "Startup Cost": 33029.33,
          "Total Cost": 33029.64,
          "Plan Rows": 3,
          "Plan Width": 8,
          "Actual Startup Time": 99.387,
          "Actual Total Time": 107.038,
          "Actual Rows": 4,
          "Actual Loops": 1,
          "Workers Planned": 3,
          "Workers Launched": 3,
          "Single Copy": false,
          "Plans": [
            {
              "Node Type": "Aggregate",
              "Strategy": "Plain",
              "Partial Mode": "Partial",
              "Parent Relationship": "Outer",
              "Parallel Aware": false,
              "Startup Cost": 32029.33,
              "Total Cost": 32029.34,
              "Plan Rows": 1,
              "Plan Width": 8,
              "Actual Startup Time": 94.008,
              "Actual Total Time": 94.009,
              "Actual Rows": 1,
              "Actual Loops": 4,
              "Plans": [
                {
                  "Node Type": "Seq Scan",
                  "Parent Relationship": "Outer",
                  "Parallel Aware": true,
                  "Relation Name": "movie_companies",
                  "Alias": "mc",
                  "Startup Cost": 0.0,
                  "Total Cost": 31414.82,
                  "Plan Rows": 245804,
                  "Plan Width": 0,
                  "Actual Startup Time": 43.392,
                  "Actual Total Time": 82.495,
                  "Actual Rows": 243036,
                  "Actual Loops": 4,
                  "Filter": "((company_id > 8008) AND (company_type_id > 1))",
                  "Rows Removed by Filter": 409247
                }
              ]
            }
          ]
        }
      ]
    },
    "Planning Time": 0.178,
    "Triggers": [],
    "Execution Time": 107.098
  }
]