{
  "Plan": {
    "Node Type": "Aggregate",
    "Strategy": "Plain",
    "Partial Mode": "Finalize",
    "Parallel Aware": false,
    "Startup Cost": 110053.58,
    "Total Cost": 110053.59,
    "Plan Rows": 1,
    "Plan Width": 8,
    "Actual Startup Time": 499.061,
    "Actual Total Time": 516.294,
    "Actual Rows": 1,
    "Actual Loops": 1,
    "Plans": [
      {
        "Node Type": "Gather",
        "Parent Relationship": "Outer",
        "Parallel Aware": false,
        "Startup Cost": 110053.47,
        "Total Cost": 110053.58,
        "Plan Rows": 1,
        "Plan Width": 8,
        "Actual Startup Time": 497.195,
        "Actual Total Time": 516.287,
        "Actual Rows": 2,
        "Actual Loops": 1,
        "Workers Planned": 1,
        "Workers Launched": 1,
        "Single Copy": false,
        "Plans": [
          {
            "Node Type": "Aggregate",
            "Strategy": "Plain",
            "Partial Mode": "Partial",
            "Parent Relationship": "Outer",
            "Parallel Aware": false,
            "Startup Cost": 109053.47,
            "Total Cost": 109053.48,
            "Plan Rows": 1,
            "Plan Width": 8,
            "Actual Startup Time": 490.848,
            "Actual Total Time": 490.852,
            "Actual Rows": 1,
            "Actual Loops": 2,
            "Plans": [
              {
                "Node Type": "Hash Join",
                "Parent Relationship": "Outer",
                "Parallel Aware": true,
                "Join Type": "Inner",
                "Startup Cost": 77584.97,
                "Total Cost": 108626.5,
                "Plan Rows": 170789,
                "Plan Width": 0,
                "Actual Startup Time": 315.112,
                "Actual Total Time": 478.275,
                "Actual Rows": 306631,
                "Actual Loops": 2,
                "Inner Unique": true,
                "Hash Cond": "(mk.movie_id = t.id)",
                "Plans": [
                  {
                    "Node Type": "Bitmap Heap Scan",
                    "Parent Relationship": "Outer",
                    "Parallel Aware": true,
                    "Relation Name": "movie_keyword",
                    "Alias": "mk",
                    "Startup Cost": 15706.66,
                    "Total Cost": 45604.91,
                    "Plan Rows": 435539,
                    "Plan Width": 4,
                    "Actual Startup Time": 41.719,
                    "Actual Total Time": 123.311,
                    "Actual Rows": 365612,
                    "Actual Loops": 2,
                    "Recheck Cond": "(keyword_id > 25676)",
                    "Rows Removed by Index Recheck": 0,
                    "Exact Heap Blocks": 13416,
                    "Lossy Heap Blocks": 0,
                    "Plans": [
                      {
                        "Node Type": "Bitmap Index Scan",
                        "Parent Relationship": "Outer",
                        "Parallel Aware": false,
                        "Index Name": "keyword_id_movie_keyword",
                        "Startup Cost": 0.0,
                        "Total Cost": 15521.56,
                        "Plan Rows": 740417,
                        "Plan Width": 0,
                        "Actual Startup Time": 38.069,
                        "Actual Total Time": 38.069,
                        "Actual Rows": 731224,
                        "Actual Loops": 1,
                        "Index Cond": "(keyword_id > 25676)"
                      }
                    ]
                  },
                  {
                    "Node Type": "Hash",
                    "Parent Relationship": "Inner",
                    "Parallel Aware": true,
                    "Startup Cost": 54588.39,
                    "Total Cost": 54588.39,
                    "Plan Rows": 583193,
                    "Plan Width": 4,
                    "Actual Startup Time": 263.95,
                    "Actual Total Time": 263.951,
                    "Actual Rows": 492524,
                    "Actual Loops": 2,
                    "Hash Buckets": 1048576,
                    "Original Hash Buckets": 1048576,
                    "Hash Batches": 1,
                    "Original Hash Batches": 1,
                    "Peak Memory Usage": 46752,
                    "Plans": [
                      {
                        "Node Type": "Seq Scan",
                        "Parent Relationship": "Outer",
                        "Parallel Aware": true,
                        "Relation Name": "title",
                        "Alias": "t",
                        "Startup Cost": 0.0,
                        "Total Cost": 54588.39,
                        "Plan Rows": 583193,
                        "Plan Width": 4,
                        "Actual Startup Time": 0.032,
                        "Actual Total Time": 152.485,
                        "Actual Rows": 492524,
                        "Actual Loops": 2,
                        "Filter": "(kind_id < 7)",
                        "Rows Removed by Filter": 771632
                      }
                    ]
                  }
                ]
              }
            ]
          }
        ]
      }
    ]
  },
  "Planning Time": 0.46,
  "Triggers": [],
  "Execution Time": 516.388
}