[
  {
    "Plan": {
      "Node Type": "Aggregate",
      "Strategy": "Plain",
      "Partial Mode": "Simple",
      "Parallel Aware": false,
      "Startup Cost": 2478.46,
      "Total Cost": 2478.47,
      "Plan Rows": 1,
      "Plan Width": 8,
      "Actual Startup Time": 0.573,
      "Actual Total Time": 0.576,
      "Actual Rows": 1,
      "Actual Loops": 1,
      "Plans": [
        {
          "Node Type": "Nested Loop",
          "Parent Relationship": "Outer",
          "Parallel Aware": false,
          "Join Type": "Inner",
          "Startup Cost": 1.42,
          "Total Cost": 2478.22,
          "Plan Rows": 93,
          "Plan Width": 0,
          "Actual Startup Time": 0.261,
          "Actual Total Time": 0.568,
          "Actual Rows": 1,
          "Actual Loops": 1,
          "Inner Unique": false,
          "Plans": [
            {
              "Node Type": "Nested Loop",
              "Parent Relationship": "Outer",
              "Parallel Aware": false,
              "Join Type": "Inner",
              "Startup Cost": 0.99,
              "Total Cost": 2419.57,
              "Plan Rows": 90,
              "Plan Width": 8,
              "Actual Startup Time": 0.239,
              "Actual Total Time": 0.543,
              "Actual Rows": 1,
              "Actual Loops": 1,
              "Inner Unique": true,
              "Plans": [
                {
                  "Node Type": "Index Scan",
                  "Parent Relationship": "Outer",
                  "Parallel Aware": false,
                  "Scan Direction": "Forward",
                  "Index Name": "person_id_cast_info",
                  "Relation Name": "cast_info",
                  "Alias": "ci",
                  "Startup Cost": 0.56,
                  "Total Cost": 987.07,
                  "Plan Rows": 170,
                  "Plan Width": 4,
                  "Actual Startup Time": 0.214,
                  "Actual Total Time": 0.516,
                  "Actual Rows": 1,
                  "Actual Loops": 1,
                  "Index Cond": "(person_id = 811066)",
                  "Rows Removed by Index Recheck": 0,
                  "Filter": "(role_id = 1)",
                  "Rows Removed by Filter": 554
                },
                {
                  "Node Type": "Index Scan",
                  "Parent Relationship": "Inner",
                  "Parallel Aware": false,
                  "Scan Direction": "Forward",
                  "Index Name": "title_pkey",
                  "Relation Name": "title",
                  "Alias": "t",
                  "Startup Cost": 0.43,
                  "Total Cost": 8.43,
                  "Plan Rows": 1,
                  "Plan Width": 4,
                  "Actual Startup Time": 0.02,
                  "Actual Total Time": 0.02,
                  "Actual Rows": 1,
                  "Actual Loops": 1,
                  "Index Cond": "(id = ci.movie_id)",
                  "Rows Removed by Index Recheck": 0,
                  "Filter": "(production_year < 2005)",
                  "Rows Removed by Filter": 0
                }
              ]
            },
            {
              "Node Type": "Index Only Scan",
              "Parent Relationship": "Inner",
              "Parallel Aware": false,
              "Scan Direction": "Forward",
              "Index Name": "movie_id_movie_companies",
              "Relation Name": "movie_companies",
              "Alias": "mc",
              "Startup Cost": 0.43,
              "Total Cost": 0.6,
              "Plan Rows": 5,
              "Plan Width": 4,
              "Actual Startup Time": 0.019,
              "Actual Total Time": 0.02,
              "Actual Rows": 1,
              "Actual Loops": 1,
              "Index Cond": "(movie_id = t.id)",
              "Rows Removed by Index Recheck": 0,
              "Heap Fetches": 1
            }
          ]
        }
      ]
    },
    "Planning Time": 1.446,
    "Triggers": [],
    "Execution Time": 0.642
  }
]