[
  {
    "Plan": {
      "Node Type": "Aggregate",
      "Strategy": "Plain",
      "Partial Mode": "Simple",
      "Parallel Aware": false,
      "Startup Cost": 3111.65,
      "Total Cost": 3111.66,
      "Plan Rows": 1,
      "Plan Width": 8,
      "Actual Startup Time": 13.582,
      "Actual Total Time": 13.585,
      "Actual Rows": 1,
      "Actual Loops": 1,
      "Plans": [
        {
          "Node Type": "Nested Loop",
          "Parent Relationship": "Outer",
          "Parallel Aware": false,
          "Join Type": "Inner",
          "Startup Cost": 7.21,
          "Total Cost": 3111.63,
          "Plan Rows": 9,
          "Plan Width": 0,
          "Actual Startup Time": 0.926,
          "Actual Total Time": 13.563,
          "Actual Rows": 28,
          "Actual Loops": 1,
          "Inner Unique": false,
          "Plans": [
            {
              "Node Type": "Nested Loop",
              "Parent Relationship": "Outer",
              "Parallel Aware": false,
              "Join Type": "Inner",
              "Startup Cost": 6.78,
              "Total Cost": 3006.58,
              "Plan Rows": 170,
              "Plan Width": 8,
              "Actual Startup Time": 0.574,
              "Actual Total Time": 7.146,
              "Actual Rows": 384,
              "Actual Loops": 1,
              "Inner Unique": true,
              "Plans": [
                {
                  "Node Type": "Bitmap Heap Scan",
                  "Parent Relationship": "Outer",
                  "Parallel Aware": false,
                  "Relation Name": "movie_keyword",
                  "Alias": "mk",
                  "Startup Cost": 6.35,
                  "Total Cost": 922.98,
                  "Plan Rows": 248,
                  "Plan Width": 4,
                  "Actual Startup Time": 0.544,
                  "Actual Total Time": 2.099,
                  "Actual Rows": 509,
                  "Actual Loops": 1,
                  "Recheck Cond": "(keyword_id = 3768)",
                  "Rows Removed by Index Recheck": 0,
                  "Exact Heap Blocks": 500,
                  "Lossy Heap Blocks": 0,
                  "Plans": [
                    {
                      "Node Type": "Bitmap Index Scan",
                      "Parent Relationship": "Outer",
                      "Parallel Aware": false,
                      "Index Name": "keyword_id_movie_keyword",
                      "Startup Cost": 0.0,
                      "Total Cost": 6.29,
                      "Plan Rows": 248,
                      "Plan Width": 0,
                      "Actual Startup Time": 0.356,
                      "Actual Total Time": 0.356,
                      "Actual Rows": 509,
                      "Actual Loops": 1,
                      "Index Cond": "(keyword_id = 3768)"
                    }
                  ]
                },
                {
                  "Node Type": "Index Scan",
                  "Parent Relationship": "Inner",
                  "Parallel Aware": false,
                  "Scan Direction": "Forward",
                  "Index Name": "title_pkey",
                  "Relation Name": "title",
                  "Alias": "t",
                  "Startup Cost": 0.43,
                  "Total Cost": 8.4,
                  "Plan Rows": 1,
                  "Plan Width": 4,
                  "Actual Startup Time": 0.009,
                  "Actual Total Time": 0.009,
                  "Actual Rows": 1,
                  "Actual Loops": 509,
                  "Index Cond": "(id = mk.movie_id)",
                  "Rows Removed by Index Recheck": 0,
                  "Filter": "(production_year > 1991)",
                  "Rows Removed by Filter": 0
                }
              ]
            },
            {
              "Node Type": "Index Scan",
              "Parent Relationship": "Inner",
              "Parallel Aware": false,
              "Scan Direction": "Forward",
              "Index Name": "movie_id_movie_companies",
              "Relation Name": "movie_companies",
              "Alias": "mc",
              "Startup Cost": 0.43,
              "Total Cost": 0.61,
              "Plan Rows": 1,
              "Plan Width": 4,
              "Actual Startup Time": 0.016,
              "Actual Total Time": 0.016,
              "Actual Rows": 0,
              "Actual Loops": 384,
              "Index Cond": "(movie_id = t.id)",
              "Rows Removed by Index Recheck": 0,
              "Filter": "((company_id < 139) AND (company_type_id = 2))",
              "Rows Removed by Filter": 12
            }
          ]
        }
      ]
    },
    "Planning Time": 1.515,
    "Triggers": [],
    "Execution Time": 13.675
  }
]