[
  {
    "Plan": {
      "Node Type": "Aggregate",
      "Strategy": "Plain",
      "Partial Mode": "Finalize",
      "Parallel Aware": false,
      "Startup Cost": 47038.69,
      "Total Cost": 47038.7,
      "Plan Rows": 1,
      "Plan Width": 8,
      "Actual Startup Time": 106.991,
      "Actual Total Time": 119.01,
      "Actual Rows": 1,
      "Actual Loops": 1,
      "Plans": [
        {
          "Node Type": "Gather",
          "Parent Relationship": "Outer",
          "Parallel Aware": false,
          "Startup Cost": 47038.27,
          "Total Cost": 47038.68,
          "Plan Rows": 4,
          "Plan Width": 8,
          "Actual Startup Time": 106.852,
          "Actual Total Time": 119.003,
          "Actual Rows": 5,
          "Actual Loops": 1,
          "Workers Planned": 4,
          "Workers Launched": 4,
          "Single Copy": false,
          "Plans": [
            {
              "Node Type": "Aggregate",
              "Strategy": "Plain",
              "Partial Mode": "Partial",
              "Parent Relationship": "Outer",
              "Parallel Aware": false,
              "Startup Cost": 46038.27,
              "Total Cost": 46038.28,
              "Plan Rows": 1,
              "Plan Width": 8,
              "Actual Startup Time": 98.811,
              "Actual Total Time": 98.812,
              "Actual Rows": 1,
              "Actual Loops": 5,
              "Plans": [
                {
                  "Node Type": "Seq Scan",
                  "Parent Relationship": "Outer",
                  "Parallel Aware": true,
                  "Relation Name": "title",
                  "Alias": "t",
                  "Startup Cost": 0.0,
                  "Total Cost": 45479.1,
                  "Plan Rows": 223670,
                  "Plan Width": 0,
                  "Actual Startup Time": 0.041,
                  "Actual Total Time": 91.134,
                  "Actual Rows": 161411,
                  "Actual Loops": 5,
                  "Filter": "((kind_id < 7) AND (production_year > 1952))",
                  "Rows Removed by Filter": 344251
                }
              ]
            }
          ]
        }
      ]
    },
    "Planning Time": 0.209,
    "Triggers": [],
    "Execution Time": 119.069
  }
]