[
  {
    "Plan": {
      "Node Type": "Aggregate",
      "Strategy": "Plain",
      "Partial Mode": "Finalize",
      "Parallel Aware": false,
      "Startup Cost": 60787.25,
      "Total Cost": 60787.26,
      "Plan Rows": 1,
      "Plan Width": 8,
      "Actual Startup Time": 117.175,
      "Actual Total Time": 131.854,
      "Actual Rows": 1,
      "Actual Loops": 1,
      "Plans": [
        {
          "Node Type": "Gather",
          "Parent Relationship": "Outer",
          "Parallel Aware": false,
          "Startup Cost": 60786.83,
          "Total Cost": 60787.24,
          "Plan Rows": 4,
          "Plan Width": 8,
          "Actual Startup Time": 116.857,
          "Actual Total Time": 131.846,
          "Actual Rows": 5,
          "Actual Loops": 1,
          "Workers Planned": 4,
          "Workers Launched": 4,
          "Single Copy": false,
          "Plans": [
            {
              "Node Type": "Aggregate",
              "Strategy": "Plain",
              "Partial Mode": "Partial",
              "Parent Relationship": "Outer",
              "Parallel Aware": false,
              "Startup Cost": 59786.83,
              "Total Cost": 59786.84,
              "Plan Rows": 1,
              "Plan Width": 8,
              "Actual Startup Time": 106.647,
              "Actual Total Time": 106.648,
              "Actual Rows": 1,
              "Actual Loops": 5,
              "Plans": [
                {
                  "Node Type": "Nested Loop",
                  "Parent Relationship": "Outer",
                  "Parallel Aware": false,
                  "Join Type": "Inner",
                  "Startup Cost": 0.86,
                  "Total Cost": 59786.18,
                  "Plan Rows": 260,
                  "Plan Width": 0,
                  "Actual Startup Time": 2.299,
                  "Actual Total Time": 106.507,
                  "Actual Rows": 1691,
                  "Actual Loops": 5,
                  "Inner Unique": false,
                  "Join Filter": "(t.id = mc.movie_id)",
                  "Rows Removed by Join Filter": 0,
                  "Plans": [
                    {
                      "Node Type": "Nested Loop",
                      "Parent Relationship": "Outer",
                      "Parallel Aware": false,
                      "Join Type": "Inner",
                      "Startup Cost": 0.43,
                      "Total Cost": 59369.79,
                      "Plan Rows": 512,
                      "Plan Width": 8,
                      "Actual Startup Time": 0.859,
                      "Actual Total Time": 93.327,
                      "Actual Rows": 947,
                      "Actual Loops": 5,
                      "Inner Unique": false,
                      "Plans": [
                        {
                          "Node Type": "Seq Scan",
                          "Parent Relationship": "Outer",
                          "Parallel Aware": true,
                          "Relation Name": "title",
                          "Alias": "t",
                          "Startup Cost": 0.0,
                          "Total Cost": 45479.1,
                          "Plan Rows": 2809,
                          "Plan Width": 4,
                          "Actual Startup Time": 0.502,
                          "Actual Total Time": 78.023,
                          "Actual Rows": 2228,
                          "Actual Loops": 5,
                          "Filter": "((kind_id < 7) AND (production_year = 1994))",
                          "Rows Removed by Filter": 503434
                        },
                        {
                          "Node Type": "Index Scan",
                          "Parent Relationship": "Inner",
                          "Parallel Aware": false,
                          "Scan Direction": "Forward",
                          "Index Name": "movie_id_movie_info_idx",
                          "Relation Name": "movie_info_idx",
                          "Alias": "mi_idx",
                          "Startup Cost": 0.43,
                          "Total Cost": 4.94,
                          "Plan Rows": 1,
                          "Plan Width": 4,
                          "Actual Startup Time": 0.006,
                          "Actual Total Time": 0.006,
                          "Actual Rows": 0,
                          "Actual Loops": 11141,
                          "Index Cond": "(movie_id = t.id)",
                          "Rows Removed by Index Recheck": 0,
                          "Filter": "(info_type_id = 101)",
                          "Rows Removed by Filter": 1
                        }
                      ]
                    },
                    {
                      "Node Type": "Index Scan",
                      "Parent Relationship": "Inner",
                      "Parallel Aware": false,
                      "Scan Direction": "Forward",
                      "Index Name": "movie_id_movie_companies",
                      "Relation Name": "movie_companies",
                      "Alias": "mc",
                      "Startup Cost": 0.43,
                      "Total Cost": 0.78,
                      "Plan Rows": 3,
                      "Plan Width": 4,
                      "Actual Startup Time": 0.011,
                      "Actual Total Time": 0.013,
                      "Actual Rows": 2,
                      "Actual Loops": 4737,
                      "Index Cond": "(movie_id = mi_idx.movie_id)",
                      "Rows Removed by Index Recheck": 0,
                      "Filter": "(company_type_id < 2)",
                      "Rows Removed by Filter": 1
                    }
                  ]
                }
              ]
            }
          ]
        }
      ]
    },
    "Planning Time": 1.438,
    "Triggers": [],
    "Execution Time": 131.939
  }
]