{
  "Plan": {
    "Node Type": "Aggregate",
    "Strategy": "Plain",
    "Partial Mode": "Simple",
    "Parallel Aware": false,
    "Startup Cost": 48203.2,
    "Total Cost": 48203.21,
    "Plan Rows": 1,
    "Plan Width": 96,
    "Actual Startup Time": 472.654,
    "Actual Total Time": 472.869,
    "Actual Rows": 1,
    "Actual Loops": 1,
    "Plans": [
      {
        "Node Type": "Gather",
        "Parent Relationship": "Outer",
        "Parallel Aware": false,
        "Startup Cost": 5764.19,
        "Total Cost": 48203.19,
        "Plan Rows": 1,
        "Plan Width": 42,
        "Actual Startup Time": 143.461,
        "Actual Total Time": 472.855,
        "Actual Rows": 9,
        "Actual Loops": 1,
        "Workers Planned": 1,
        "Workers Launched": 0,
        "Single Copy": false,
        "Plans": [
          {
            "Node Type": "Hash Join",
            "Parent Relationship": "Outer",
            "Parallel Aware": false,
            "Join Type": "Inner",
            "Startup Cost": 4764.19,
            "Total Cost": 47203.09,
            "Plan Rows": 1,
            "Plan Width": 42,
            "Actual Startup Time": 142.379,
            "Actual Total Time": 471.566,
            "Actual Rows": 9,
            "Actual Loops": 1,
            "Inner Unique": true,
            "Hash Cond": "(mi.info_type_id = it2.id)",
            "Plans": [
              {
                "Node Type": "Nested Loop",
                "Parent Relationship": "Outer",
                "Parallel Aware": false,
                "Join Type": "Inner",
                "Startup Cost": 4761.77,
                "Total Cost": 47200.66,
                "Plan Rows": 4,
                "Plan Width": 46,
                "Actual Startup Time": 142.301,
                "Actual Total Time": 471.491,
                "Actual Rows": 20,
                "Actual Loops": 1,
                "Inner Unique": false,
                "Plans": [
                  {
                    "Node Type": "Nested Loop",
                    "Parent Relationship": "Outer",
                    "Parallel Aware": false,
                    "Join Type": "Inner",
                    "Startup Cost": 4761.33,
                    "Total Cost": 47198.82,
                    "Plan Rows": 1,
                    "Plan Width": 54,
                    "Actual Startup Time": 142.285,
                    "Actual Total Time": 471.449,
                    "Actual Rows": 1,
                    "Actual Loops": 1,
                    "Inner Unique": true,
                    "Plans": [
                      {
                        "Node Type": "Hash Join",
                        "Parent Relationship": "Outer",
                        "Parallel Aware": false,
                        "Join Type": "Inner",
                        "Startup Cost": 4761.19,
                        "Total Cost": 47198.63,
                        "Plan Rows": 1,
                        "Plan Width": 58,
                        "Actual Startup Time": 142.267,
                        "Actual Total Time": 471.431,
                        "Actual Rows": 3,
                        "Actual Loops": 1,
                        "Inner Unique": true,
                        "Hash Cond": "(t.kind_id = kt.id)",
                        "Plans": [
                          {
                            "Node Type": "Nested Loop",
                            "Parent Relationship": "Outer",
                            "Parallel Aware": false,
                            "Join Type": "Inner",
                            "Startup Cost": 4760.09,
                            "Total Cost": 47197.53,
                            "Plan Rows": 1,
                            "Plan Width": 62,
                            "Actual Startup Time": 142.238,
                            "Actual Total Time": 471.399,
                            "Actual Rows": 6,
                            "Actual Loops": 1,
                            "Inner Unique": false,
                            "Plans": [
                              {
                                "Node Type": "Nested Loop",
                                "Parent Relationship": "Outer",
                                "Parallel Aware": false,
                                "Join Type": "Inner",
                                "Startup Cost": 4759.66,
                                "Total Cost": 47197.0,
                                "Plan Rows": 1,
                                "Plan Width": 48,
                                "Actual Startup Time": 50.374,
                                "Actual Total Time": 471.358,
                                "Actual Rows": 4,
                                "Actual Loops": 1,
                                "Inner Unique": true,
                                "Plans": [
                                  {
                                    "Node Type": "Hash Join",
                                    "Parent Relationship": "Outer",
                                    "Parallel Aware": false,
                                    "Join Type": "Inner",
                                    "Startup Cost": 4759.23,
                                    "Total Cost": 43095.21,
                                    "Plan Rows": 7828,
                                    "Plan Width": 23,
                                    "Actual Startup Time": 40.049,
                                    "Actual Total Time": 411.889,
                                    "Actual Rows": 23369,
                                    "Actual Loops": 1,
                                    "Inner Unique": true,
                                    "Hash Cond": "(mc.company_type_id = ct.id)",
                                    "Plans": [
                                      {
                                        "Node Type": "Hash Join",
                                        "Parent Relationship": "Outer",
                                        "Parallel Aware": true,
                                        "Join Type": "Inner",
                                        "Startup Cost": 4758.17,
                                        "Total Cost": 42924.87,
                                        "Plan Rows": 31310,
                                        "Plan Width": 27,
                                        "Actual Startup Time": 40.022,
                                        "Actual Total Time": 407.853,
                                        "Actual Rows": 41871,
                                        "Actual Loops": 1,
                                        "Inner Unique": true,
                                        "Hash Cond": "(mc.company_id = cn.id)",
                                        "Plans": [
                                          {
                                            "Node Type": "Seq Scan",
                                            "Parent Relationship": "Outer",
                                            "Parallel Aware": true,
                                            "Relation Name": "movie_companies",
                                            "Alias": "mc",
                                            "Startup Cost": 0.0,
                                            "Total Cost": 34137.82,
                                            "Plan Rows": 1534782,
                                            "Plan Width": 12,
                                            "Actual Startup Time": 0.006,
                                            "Actual Total Time": 175.251,
                                            "Actual Rows": 2609129,
                                            "Actual Loops": 1
                                          },
                                          {
                                            "Node Type": "Hash",
                                            "Parent Relationship": "Inner",
                                            "Parallel Aware": true,
                                            "Startup Cost": 4722.92,
                                            "Total Cost": 4722.92,
                                            "Plan Rows": 2820,
                                            "Plan Width": 23,
                                            "Actual Startup Time": 39.09,
                                            "Actual Total Time": 39.091,
                                            "Actual Rows": 4734,
                                            "Actual Loops": 1,
                                            "Hash Buckets": 8192,
                                            "Original Hash Buckets": 8192,
                                            "Hash Batches": 1,
                                            "Original Hash Batches": 1,
                                            "Peak Memory Usage": 352,
                                            "Plans": [
                                              {
                                                "Node Type": "Seq Scan",
                                                "Parent Relationship": "Outer",
                                                "Parallel Aware": true,
                                                "Relation Name": "company_name",
                                                "Alias": "cn",
                                                "Startup Cost": 0.0,
                                                "Total Cost": 4722.92,
                                                "Plan Rows": 2820,
                                                "Plan Width": 23,
                                                "Actual Startup Time": 0.032,
                                                "Actual Total Time": 36.921,
                                                "Actual Rows": 4734,
                                                "Actual Loops": 1,
                                                "Filter": "((country_code)::text = '[au]'::text)",
                                                "Rows Removed by Filter": 230263
                                              }
                                            ]
                                          }
                                        ]
                                      },
                                      {
                                        "Node Type": "Hash",
                                        "Parent Relationship": "Inner",
                                        "Parallel Aware": false,
                                        "Startup Cost": 1.05,
                                        "Total Cost": 1.05,
                                        "Plan Rows": 1,
                                        "Plan Width": 4,
                                        "Actual Startup Time": 0.017,
                                        "Actual Total Time": 0.018,
                                        "Actual Rows": 1,
                                        "Actual Loops": 1,
                                        "Hash Buckets": 1024,
                                        "Original Hash Buckets": 1024,
                                        "Hash Batches": 1,
                                        "Original Hash Batches": 1,
                                        "Peak Memory Usage": 9,
                                        "Plans": [
                                          {
                                            "Node Type": "Seq Scan",
                                            "Parent Relationship": "Outer",
                                            "Parallel Aware": false,
                                            "Relation Name": "company_type",
                                            "Alias": "ct",
                                            "Startup Cost": 0.0,
                                            "Total Cost": 1.05,
                                            "Plan Rows": 1,
                                            "Plan Width": 4,
                                            "Actual Startup Time": 0.012,
                                            "Actual Total Time": 0.013,
                                            "Actual Rows": 1,
                                            "Actual Loops": 1,
                                            "Filter": "((kind)::text = 'distributors'::text)",
                                            "Rows Removed by Filter": 3
                                          }
                                        ]
                                      }
                                    ]
                                  },
                                  {
                                    "Node Type": "Index Scan",
                                    "Parent Relationship": "Inner",
                                    "Parallel Aware": false,
                                    "Scan Direction": "Forward",
                                    "Index Name": "title_pkey",
                                    "Relation Name": "title",
                                    "Alias": "t",
                                    "Startup Cost": 0.43,
                                    "Total Cost": 0.52,
                                    "Plan Rows": 1,
                                    "Plan Width": 25,
                                    "Actual Startup Time": 0.002,
                                    "Actual Total Time": 0.002,
                                    "Actual Rows": 0,
                                    "Actual Loops": 23369,
                                    "Index Cond": "(id = mc.movie_id)",
                                    "Rows Removed by Index Recheck": 0,
                                    "Filter": "((title <> ''::text) AND ((title ~~ 'Champion%'::text) OR (title ~~ 'Loser%'::text)))",
                                    "Rows Removed by Filter": 1
                                  }
                                ]
                              },
                              {
                                "Node Type": "Index Scan",
                                "Parent Relationship": "Inner",
                                "Parallel Aware": false,
                                "Scan Direction": "Forward",
                                "Index Name": "movie_id_movie_info_idx",
                                "Relation Name": "movie_info_idx",
                                "Alias": "miidx",
                                "Startup Cost": 0.43,
                                "Total Cost": 0.5,
                                "Plan Rows": 3,
                                "Plan Width": 14,
                                "Actual Startup Time": 0.007,
                                "Actual Total Time": 0.008,
                                "Actual Rows": 2,
                                "Actual Loops": 4,
                                "Index Cond": "(movie_id = mc.movie_id)",
                                "Rows Removed by Index Recheck": 0
                              }
                            ]
                          },
                          {
                            "Node Type": "Hash",
                            "Parent Relationship": "Inner",
                            "Parallel Aware": false,
                            "Startup Cost": 1.09,
                            "Total Cost": 1.09,
                            "Plan Rows": 1,
                            "Plan Width": 4,
                            "Actual Startup Time": 0.019,
                            "Actual Total Time": 0.019,
                            "Actual Rows": 1,
                            "Actual Loops": 1,
                            "Hash Buckets": 1024,
                            "Original Hash Buckets": 1024,
                            "Hash Batches": 1,
                            "Original Hash Batches": 1,
                            "Peak Memory Usage": 9,
                            "Plans": [
                              {
                                "Node Type": "Seq Scan",
                                "Parent Relationship": "Outer",
                                "Parallel Aware": false,
                                "Relation Name": "kind_type",
                                "Alias": "kt",
                                "Startup Cost": 0.0,
                                "Total Cost": 1.09,
                                "Plan Rows": 1,
                                "Plan Width": 4,
                                "Actual Startup Time": 0.013,
                                "Actual Total Time": 0.015,
                                "Actual Rows": 1,
                                "Actual Loops": 1,
                                "Filter": "((kind)::text = 'movie'::text)",
                                "Rows Removed by Filter": 6
                              }
                            ]
                          }
                        ]
                      },
                      {
                        "Node Type": "Index Scan",
                        "Parent Relationship": "Inner",
                        "Parallel Aware": false,
                        "Scan Direction": "Forward",
                        "Index Name": "info_type_pkey",
                        "Relation Name": "info_type",
                        "Alias": "it",
                        "Startup Cost": 0.14,
                        "Total Cost": 0.16,
                        "Plan Rows": 1,
                        "Plan Width": 4,
                        "Actual Startup Time": 0.004,
                        "Actual Total Time": 0.004,
                        "Actual Rows": 0,
                        "Actual Loops": 3,
                        "Index Cond": "(id = miidx.info_type_id)",
                        "Rows Removed by Index Recheck": 0,
                        "Filter": "((info)::text = 'rating'::text)",
                        "Rows Removed by Filter": 1
                      }
                    ]
                  },
                  {
                    "Node Type": "Index Scan",
                    "Parent Relationship": "Inner",
                    "Parallel Aware": false,
                    "Scan Direction": "Forward",
                    "Index Name": "movie_id_movie_info",
                    "Relation Name": "movie_info",
                    "Alias": "mi",
                    "Startup Cost": 0.43,
                    "Total Cost": 1.45,
                    "Plan Rows": 39,
                    "Plan Width": 8,
                    "Actual Startup Time": 0.013,
                    "Actual Total Time": 0.036,
                    "Actual Rows": 20,
                    "Actual Loops": 1,
                    "Index Cond": "(movie_id = mc.movie_id)",
                    "Rows Removed by Index Recheck": 0
                  }
                ]
              },
              {
                "Node Type": "Hash",
                "Parent Relationship": "Inner",
                "Parallel Aware": false,
                "Startup Cost": 2.41,
                "Total Cost": 2.41,
                "Plan Rows": 1,
                "Plan Width": 4,
                "Actual Startup Time": 0.056,
                "Actual Total Time": 0.056,
                "Actual Rows": 1,
                "Actual Loops": 1,
                "Hash Buckets": 1024,
                "Original Hash Buckets": 1024,
                "Hash Batches": 1,
                "Original Hash Batches": 1,
                "Peak Memory Usage": 9,
                "Plans": [
                  {
                    "Node Type": "Seq Scan",
                    "Parent Relationship": "Outer",
                    "Parallel Aware": false,
                    "Relation Name": "info_type",
                    "Alias": "it2",
                    "Startup Cost": 0.0,
                    "Total Cost": 2.41,
                    "Plan Rows": 1,
                    "Plan Width": 4,
                    "Actual Startup Time": 0.03,
                    "Actual Total Time": 0.048,
                    "Actual Rows": 1,
                    "Actual Loops": 1,
                    "Filter": "((info)::text = 'release dates'::text)",
                    "Rows Removed by Filter": 112
                  }
                ]
              }
            ]
          }
        ]
      }
    ]
  },
  "Planning Time": 2.951,
  "Triggers": [],
  "Execution Time": 473.046
}