{
  "Plan": {
    "Node Type": "Aggregate",
    "Strategy": "Plain",
    "Partial Mode": "Finalize",
    "Parallel Aware": false,
    "Startup Cost": 97586.43,
    "Total Cost": 97586.44,
    "Plan Rows": 1,
    "Plan Width": 8,
    "Actual Startup Time": 354.58,
    "Actual Total Time": 370.136,
    "Actual Rows": 1,
    "Actual Loops": 1,
    "Plans": [
      {
        "Node Type": "Gather",
        "Parent Relationship": "Outer",
        "Parallel Aware": false,
        "Startup Cost": 97586.32,
        "Total Cost": 97586.43,
        "Plan Rows": 1,
        "Plan Width": 8,
        "Actual Startup Time": 354.318,
        "Actual Total Time": 370.126,
        "Actual Rows": 2,
        "Actual Loops": 1,
        "Workers Planned": 1,
        "Workers Launched": 1,
        "Single Copy": false,
        "Plans": [
          {
            "Node Type": "Aggregate",
            "Strategy": "Plain",
            "Partial Mode": "Partial",
            "Parent Relationship": "Outer",
            "Parallel Aware": false,
            "Startup Cost": 96586.32,
            "Total Cost": 96586.33,
            "Plan Rows": 1,
            "Plan Width": 8,
            "Actual Startup Time": 348.591,
            "Actual Total Time": 348.595,
            "Actual Rows": 1,
            "Actual Loops": 2,
            "Plans": [
              {
                "Node Type": "Hash Join",
                "Parent Relationship": "Outer",
                "Parallel Aware": true,
                "Join Type": "Inner",
                "Startup Cost": 58400.32,
                "Total Cost": 96566.95,
                "Plan Rows": 7748,
                "Plan Width": 0,
                "Actual Startup Time": 149.775,
                "Actual Total Time": 348.374,
                "Actual Rows": 4309,
                "Actual Loops": 2,
                "Inner Unique": true,
                "Hash Cond": "(mc.movie_id = t.id)",
                "Plans": [
                  {
                    "Node Type": "Seq Scan",
                    "Parent Relationship": "Outer",
                    "Parallel Aware": true,
                    "Relation Name": "movie_companies",
                    "Alias": "mc",
                    "Startup Cost": 0.0,
                    "Total Cost": 34137.82,
                    "Plan Rows": 1534782,
                    "Plan Width": 4,
                    "Actual Startup Time": 0.013,
                    "Actual Total Time": 95.882,
                    "Actual Rows": 1304564,
                    "Actual Loops": 2
                  },
                  {
                    "Node Type": "Hash",
                    "Parent Relationship": "Inner",
                    "Parallel Aware": true,
                    "Startup Cost": 58306.47,
                    "Total Cost": 58306.47,
                    "Plan Rows": 7508,
                    "Plan Width": 4,
                    "Actual Startup Time": 148.233,
                    "Actual Total Time": 148.234,
                    "Actual Rows": 5738,
                    "Actual Loops": 2,
                    "Hash Buckets": 16384,
                    "Original Hash Buckets": 16384,
                    "Hash Batches": 1,
                    "Original Hash Batches": 1,
                    "Peak Memory Usage": 608,
                    "Plans": [
                      {
                        "Node Type": "Seq Scan",
                        "Parent Relationship": "Outer",
                        "Parallel Aware": true,
                        "Relation Name": "title",
                        "Alias": "t",
                        "Startup Cost": 0.0,
                        "Total Cost": 58306.47,
                        "Plan Rows": 7508,
                        "Plan Width": 4,
                        "Actual Startup Time": 0.164,
                        "Actual Total Time": 145.931,
                        "Actual Rows": 5738,
                        "Actual Loops": 2,
                        "Filter": "((kind_id > 3) AND (production_year = 1985))",
                        "Rows Removed by Filter": 1258418
                      }
                    ]
                  }
                ]
              }
            ]
          }
        ]
      }
    ]
  },
  "Planning Time": 0.499,
  "Triggers": [],
  "Execution Time": 370.212
}