{
  "Plan": {
    "Node Type": "Aggregate",
    "Strategy": "Plain",
    "Partial Mode": "Finalize",
    "Parallel Aware": false,
    "Startup Cost": 765253.86,
    "Total Cost": 765253.87,
    "Plan Rows": 1,
    "Plan Width": 8,
    "Actual Startup Time": 4357.587,
    "Actual Total Time": 4427.696,
    "Actual Rows": 1,
    "Actual Loops": 1,
    "Plans": [
      {
        "Node Type": "Gather",
        "Parent Relationship": "Outer",
        "Parallel Aware": false,
        "Startup Cost": 765253.74,
        "Total Cost": 765253.85,
        "Plan Rows": 1,
        "Plan Width": 8,
        "Actual Startup Time": 4352.733,
        "Actual Total Time": 4427.684,
        "Actual Rows": 2,
        "Actual Loops": 1,
        "Workers Planned": 1,
        "Workers Launched": 1,
        "Single Copy": false,
        "Plans": [
          {
            "Node Type": "Aggregate",
            "Strategy": "Plain",
            "Partial Mode": "Partial",
            "Parent Relationship": "Outer",
            "Parallel Aware": false,
            "Startup Cost": 764253.74,
            "Total Cost": 764253.75,
            "Plan Rows": 1,
            "Plan Width": 8,
            "Actual Startup Time": 4344.792,
            "Actual Total Time": 4345.748,
            "Actual Rows": 1,
            "Actual Loops": 2,
            "Plans": [
              {
                "Node Type": "Hash Join",
                "Parent Relationship": "Outer",
                "Parallel Aware": true,
                "Join Type": "Inner",
                "Startup Cost": 113918.22,
                "Total Cost": 752256.02,
                "Plan Rows": 4799088,
                "Plan Width": 0,
                "Actual Startup Time": 1369.505,
                "Actual Total Time": 4223.158,
                "Actual Rows": 2967706,
                "Actual Loops": 2,
                "Inner Unique": false,
                "Hash Cond": "(ci.movie_id = t.id)",
                "Plans": [
                  {
                    "Node Type": "Seq Scan",
                    "Parent Relationship": "Outer",
                    "Parallel Aware": true,
                    "Relation Name": "cast_info",
                    "Alias": "ci",
                    "Startup Cost": 0.0,
                    "Total Cost": 572345.93,
                    "Plan Rows": 10069848,
                    "Plan Width": 4,
                    "Actual Startup Time": 487.009,
                    "Actual Total Time": 1746.432,
                    "Actual Rows": 7869974,
                    "Actual Loops": 2,
                    "Filter": "((person_id > 1640695) AND (role_id < 10))",
                    "Rows Removed by Filter": 10252198
                  },
                  {
                    "Node Type": "Hash",
                    "Parent Relationship": "Inner",
                    "Parallel Aware": true,
                    "Startup Cost": 105058.41,
                    "Total Cost": 105058.41,
                    "Plan Rows": 708785,
                    "Plan Width": 8,
                    "Actual Startup Time": 867.36,
                    "Actual Total Time": 868.314,
                    "Actual Rows": 279442,
                    "Actual Loops": 2,
                    "Hash Buckets": 2097152,
                    "Original Hash Buckets": 2097152,
                    "Hash Batches": 1,
                    "Original Hash Batches": 1,
                    "Peak Memory Usage": 38272,
                    "Plans": [
                      {
                        "Node Type": "Hash Join",
                        "Parent Relationship": "Outer",
                        "Parallel Aware": true,
                        "Join Type": "Inner",
                        "Startup Cost": 66891.78,
                        "Total Cost": 105058.41,
                        "Plan Rows": 708785,
                        "Plan Width": 8,
                        "Actual Startup Time": 358.95,
                        "Actual Total Time": 781.886,
                        "Actual Rows": 279442,
                        "Actual Loops": 2,
                        "Inner Unique": true,
                        "Hash Cond": "(mc.movie_id = t.id)",
                        "Plans": [
                          {
                            "Node Type": "Seq Scan",
                            "Parent Relationship": "Outer",
                            "Parallel Aware": true,
                            "Relation Name": "movie_companies",
                            "Alias": "mc",
                            "Startup Cost": 0.0,
                            "Total Cost": 34137.82,
                            "Plan Rows": 1534782,
                            "Plan Width": 4,
                            "Actual Startup Time": 0.014,
                            "Actual Total Time": 105.385,
                            "Actual Rows": 1304564,
                            "Actual Loops": 2
                          },
                          {
                            "Node Type": "Hash",
                            "Parent Relationship": "Inner",
                            "Parallel Aware": true,
                            "Startup Cost": 58306.47,
                            "Total Cost": 58306.47,
                            "Plan Rows": 686825,
                            "Plan Width": 4,
                            "Actual Startup Time": 351.187,
                            "Actual Total Time": 351.188,
                            "Actual Rows": 564453,
                            "Actual Loops": 2,
                            "Hash Buckets": 2097152,
                            "Original Hash Buckets": 2097152,
                            "Hash Batches": 1,
                            "Original Hash Batches": 1,
                            "Peak Memory Usage": 60576,
                            "Plans": [
                              {
                                "Node Type": "Seq Scan",
                                "Parent Relationship": "Outer",
                                "Parallel Aware": true,
                                "Relation Name": "title",
                                "Alias": "t",
                                "Startup Cost": 0.0,
                                "Total Cost": 58306.47,
                                "Plan Rows": 686825,
                                "Plan Width": 4,
                                "Actual Startup Time": 0.032,
                                "Actual Total Time": 170.084,
                                "Actual Rows": 564453,
                                "Actual Loops": 2,
                                "Filter": "((production_year < 2010) AND (kind_id = 7))",
                                "Rows Removed by Filter": 699703
                              }
                            ]
                          }
                        ]
                      }
                    ]
                  }
                ]
              }
            ]
          }
        ]
      }
    ]
  },
  "Planning Time": 1.085,
  "Triggers": [],
  "Execution Time": 4427.795
}