[
  {
    "Plan": {
      "Node Type": "Aggregate",
      "Strategy": "Plain",
      "Partial Mode": "Finalize",
      "Parallel Aware": false,
      "Startup Cost": 118109.01,
      "Total Cost": 118109.02,
      "Plan Rows": 1,
      "Plan Width": 8,
      "Actual Startup Time": 932.315,
      "Actual Total Time": 984.376,
      "Actual Rows": 1,
      "Actual Loops": 1,
      "Plans": [
        {
          "Node Type": "Gather",
          "Parent Relationship": "Outer",
          "Parallel Aware": false,
          "Startup Cost": 118108.69,
          "Total Cost": 118109.0,
          "Plan Rows": 3,
          "Plan Width": 8,
          "Actual Startup Time": 932.307,
          "Actual Total Time": 984.37,
          "Actual Rows": 4,
          "Actual Loops": 1,
          "Workers Planned": 3,
          "Workers Launched": 3,
          "Single Copy": false,
          "Plans": [
            {
              "Node Type": "Aggregate",
              "Strategy": "Plain",
              "Partial Mode": "Partial",
              "Parent Relationship": "Outer",
              "Parallel Aware": false,
              "Startup Cost": 117108.69,
              "Total Cost": 117108.7,
              "Plan Rows": 1,
              "Plan Width": 8,
              "Actual Startup Time": 917.815,
              "Actual Total Time": 917.818,
              "Actual Rows": 1,
              "Actual Loops": 4,
              "Plans": [
                {
                  "Node Type": "Nested Loop",
                  "Parent Relationship": "Outer",
                  "Parallel Aware": false,
                  "Join Type": "Inner",
                  "Startup Cost": 45583.88,
                  "Total Cost": 117079.8,
                  "Plan Rows": 11556,
                  "Plan Width": 0,
                  "Actual Startup Time": 97.18,
                  "Actual Total Time": 913.485,
                  "Actual Rows": 87320,
                  "Actual Loops": 4,
                  "Inner Unique": false,
                  "Join Filter": "(t.id = ci.movie_id)",
                  "Rows Removed by Join Filter": 0,
                  "Plans": [
                    {
                      "Node Type": "Hash Join",
                      "Parent Relationship": "Outer",
                      "Parallel Aware": true,
                      "Join Type": "Inner",
                      "Startup Cost": 45583.31,
                      "Total Cost": 91014.18,
                      "Plan Rows": 13744,
                      "Plan Width": 8,
                      "Actual Startup Time": 96.822,
                      "Actual Total Time": 244.545,
                      "Actual Rows": 17424,
                      "Actual Loops": 4,
                      "Inner Unique": true,
                      "Hash Cond": "(mk.movie_id = t.id)",
                      "Plans": [
                        {
                          "Node Type": "Seq Scan",
                          "Parent Relationship": "Outer",
                          "Parallel Aware": true,
                          "Relation Name": "movie_keyword",
                          "Alias": "mk",
                          "Startup Cost": 0.0,
                          "Total Cost": 42695.65,
                          "Plan Rows": 1041985,
                          "Plan Width": 4,
                          "Actual Startup Time": 0.095,
                          "Actual Total Time": 99.253,
                          "Actual Rows": 804811,
                          "Actual Loops": 4,
                          "Filter": "(keyword_id > 1710)",
                          "Rows Removed by Filter": 326172
                        },
                        {
                          "Node Type": "Hash",
                          "Parent Relationship": "Inner",
                          "Parallel Aware": true,
                          "Startup Cost": 45479.1,
                          "Total Cost": 45479.1,
                          "Plan Rows": 8337,
                          "Plan Width": 4,
                          "Actual Startup Time": 95.237,
                          "Actual Total Time": 95.238,
                          "Actual Rows": 5052,
                          "Actual Loops": 4,
                          "Hash Buckets": 65536,
                          "Original Hash Buckets": 65536,
                          "Hash Batches": 1,
                          "Original Hash Batches": 1,
                          "Peak Memory Usage": 1376,
                          "Plans": [
                            {
                              "Node Type": "Seq Scan",
                              "Parent Relationship": "Outer",
                              "Parallel Aware": true,
                              "Relation Name": "title",
                              "Alias": "t",
                              "Startup Cost": 0.0,
                              "Total Cost": 45479.1,
                              "Plan Rows": 8337,
                              "Plan Width": 4,
                              "Actual Startup Time": 0.328,
                              "Actual Total Time": 92.811,
                              "Actual Rows": 5052,
                              "Actual Loops": 4,
                              "Filter": "((kind_id < 3) AND (production_year = 2006))",
                              "Rows Removed by Filter": 627026
                            }
                          ]
                        }
                      ]
                    },
                    {
                      "Node Type": "Index Scan",
                      "Parent Relationship": "Inner",
                      "Parallel Aware": false,
                      "Scan Direction": "Forward",
                      "Index Name": "movie_id_cast_info",
                      "Relation Name": "cast_info",
                      "Alias": "ci",
                      "Startup Cost": 0.56,
                      "Total Cost": 1.87,
                      "Plan Rows": 2,
                      "Plan Width": 4,
                      "Actual Startup Time": 0.006,
                      "Actual Total Time": 0.038,
                      "Actual Rows": 5,
                      "Actual Loops": 69696,
                      "Index Cond": "(movie_id = mk.movie_id)",
                      "Rows Removed by Index Recheck": 0,
                      "Filter": "((person_id < 319322) AND (role_id < 4))",
                      "Rows Removed by Filter": 77
                    }
                  ]
                }
              ]
            }
          ]
        }
      ]
    },
    "Planning Time": 1.386,
    "Triggers": [],
    "Execution Time": 984.479
  }
]