[
  {
    "Plan": {
      "Node Type": "Aggregate",
      "Strategy": "Plain",
      "Partial Mode": "Finalize",
      "Parallel Aware": false,
      "Startup Cost": 9742.24,
      "Total Cost": 9742.25,
      "Plan Rows": 1,
      "Plan Width": 8,
      "Actual Startup Time": 45.041,
      "Actual Total Time": 47.645,
      "Actual Rows": 1,
      "Actual Loops": 1,
      "Plans": [
        {
          "Node Type": "Gather",
          "Parent Relationship": "Outer",
          "Parallel Aware": false,
          "Startup Cost": 9741.92,
          "Total Cost": 9742.23,
          "Plan Rows": 3,
          "Plan Width": 8,
          "Actual Startup Time": 44.905,
          "Actual Total Time": 47.638,
          "Actual Rows": 4,
          "Actual Loops": 1,
          "Workers Planned": 3,
          "Workers Launched": 3,
          "Single Copy": false,
          "Plans": [
            {
              "Node Type": "Aggregate",
              "Strategy": "Plain",
              "Partial Mode": "Partial",
              "Parent Relationship": "Outer",
              "Parallel Aware": false,
              "Startup Cost": 8741.92,
              "Total Cost": 8741.93,
              "Plan Rows": 1,
              "Plan Width": 8,
              "Actual Startup Time": 36.559,
              "Actual Total Time": 36.56,
              "Actual Rows": 1,
              "Actual Loops": 4,
              "Plans": [
                {
                  "Node Type": "Index Scan",
                  "Parent Relationship": "Outer",
                  "Parallel Aware": true,
                  "Scan Direction": "Forward",
                  "Index Name": "role_id_cast_info",
                  "Relation Name": "cast_info",
                  "Alias": "ci",
                  "Startup Cost": 0.56,
                  "Total Cost": 8600.37,
                  "Plan Rows": 56620,
                  "Plan Width": 0,
                  "Actual Startup Time": 0.241,
                  "Actual Total Time": 30.526,
                  "Actual Rows": 64626,
                  "Actual Loops": 4,
                  "Index Cond": "(role_id > 10)",
                  "Rows Removed by Index Recheck": 0,
                  "Filter": "(person_id > 1469619)",
                  "Rows Removed by Filter": 14404
                }
              ]
            }
          ]
        }
      ]
    },
    "Planning Time": 0.234,
    "Triggers": [],
    "Execution Time": 47.708
  }
]