[
  {
    "Plan": {
      "Node Type": "Aggregate",
      "Strategy": "Plain",
      "Partial Mode": "Finalize",
      "Parallel Aware": false,
      "Startup Cost": 64090.49,
      "Total Cost": 64090.5,
      "Plan Rows": 1,
      "Plan Width": 8,
      "Actual Startup Time": 284.078,
      "Actual Total Time": 296.531,
      "Actual Rows": 1,
      "Actual Loops": 1,
      "Plans": [
        {
          "Node Type": "Gather",
          "Parent Relationship": "Outer",
          "Parallel Aware": false,
          "Startup Cost": 64090.27,
          "Total Cost": 64090.48,
          "Plan Rows": 2,
          "Plan Width": 8,
          "Actual Startup Time": 282.023,
          "Actual Total Time": 296.519,
          "Actual Rows": 3,
          "Actual Loops": 1,
          "Workers Planned": 2,
          "Workers Launched": 2,
          "Single Copy": false,
          "Plans": [
            {
              "Node Type": "Aggregate",
              "Strategy": "Plain",
              "Partial Mode": "Partial",
              "Parent Relationship": "Outer",
              "Parallel Aware": false,
              "Startup Cost": 63090.27,
              "Total Cost": 63090.28,
              "Plan Rows": 1,
              "Plan Width": 8,
              "Actual Startup Time": 274.489,
              "Actual Total Time": 274.493,
              "Actual Rows": 1,
              "Actual Loops": 3,
              "Plans": [
                {
                  "Node Type": "Hash Join",
                  "Parent Relationship": "Outer",
                  "Parallel Aware": true,
                  "Join Type": "Inner",
                  "Startup Cost": 47345.35,
                  "Total Cost": 62976.0,
                  "Plan Rows": 45709,
                  "Plan Width": 0,
                  "Actual Startup Time": 221.069,
                  "Actual Total Time": 272.084,
                  "Actual Rows": 59379,
                  "Actual Loops": 3,
                  "Inner Unique": true,
                  "Hash Cond": "(mi_idx.movie_id = t.id)",
                  "Plans": [
                    {
                      "Node Type": "Seq Scan",
                      "Parent Relationship": "Outer",
                      "Parallel Aware": true,
                      "Relation Name": "movie_info_idx",
                      "Alias": "mi_idx",
                      "Startup Cost": 0.0,
                      "Total Cost": 15122.68,
                      "Plan Rows": 193512,
                      "Plan Width": 4,
                      "Actual Startup Time": 0.024,
                      "Actual Total Time": 37.293,
                      "Actual Rows": 153308,
                      "Actual Loops": 3,
                      "Filter": "(info_type_id = 100)",
                      "Rows Removed by Filter": 306703
                    },
                    {
                      "Node Type": "Hash",
                      "Parent Relationship": "Inner",
                      "Parallel Aware": true,
                      "Startup Cost": 45479.1,
                      "Total Cost": 45479.1,
                      "Plan Rows": 149300,
                      "Plan Width": 4,
                      "Actual Startup Time": 185.061,
                      "Actual Total Time": 185.062,
                      "Actual Rows": 161542,
                      "Actual Loops": 3,
                      "Hash Buckets": 1048576,
                      "Original Hash Buckets": 1048576,
                      "Hash Batches": 1,
                      "Original Hash Batches": 1,
                      "Peak Memory Usage": 27200,
                      "Plans": [
                        {
                          "Node Type": "Seq Scan",
                          "Parent Relationship": "Outer",
                          "Parallel Aware": true,
                          "Relation Name": "title",
                          "Alias": "t",
                          "Startup Cost": 0.0,
                          "Total Cost": 45479.1,
                          "Plan Rows": 149300,
                          "Plan Width": 4,
                          "Actual Startup Time": 50.99,
                          "Actual Total Time": 127.434,
                          "Actual Rows": 161542,
                          "Actual Loops": 3,
                          "Filter": "((production_year > 1953) AND (kind_id = 1))",
                          "Rows Removed by Filter": 681229
                        }
                      ]
                    }
                  ]
                }
              ]
            }
          ]
        }
      ]
    },
    "Planning Time": 0.678,
    "Triggers": [],
    "Execution Time": 296.615
  }
]