{
  "Plan": {
    "Node Type": "Aggregate",
    "Strategy": "Plain",
    "Partial Mode": "Finalize",
    "Parallel Aware": false,
    "Startup Cost": 591988.02,
    "Total Cost": 591988.03,
    "Plan Rows": 1,
    "Plan Width": 8,
    "Actual Startup Time": 1937.389,
    "Actual Total Time": 1978.338,
    "Actual Rows": 1,
    "Actual Loops": 1,
    "Plans": [
      {
        "Node Type": "Gather",
        "Parent Relationship": "Outer",
        "Parallel Aware": false,
        "Startup Cost": 591987.9,
        "Total Cost": 591988.01,
        "Plan Rows": 1,
        "Plan Width": 8,
        "Actual Startup Time": 1934.086,
        "Actual Total Time": 1978.331,
        "Actual Rows": 2,
        "Actual Loops": 1,
        "Workers Planned": 1,
        "Workers Launched": 1,
        "Single Copy": false,
        "Plans": [
          {
            "Node Type": "Aggregate",
            "Strategy": "Plain",
            "Partial Mode": "Partial",
            "Parent Relationship": "Outer",
            "Parallel Aware": false,
            "Startup Cost": 590987.9,
            "Total Cost": 590987.91,
            "Plan Rows": 1,
            "Plan Width": 8,
            "Actual Startup Time": 1927.918,
            "Actual Total Time": 1927.932,
            "Actual Rows": 1,
            "Actual Loops": 2,
            "Plans": [
              {
                "Node Type": "Hash Join",
                "Parent Relationship": "Outer",
                "Parallel Aware": true,
                "Join Type": "Inner",
                "Startup Cost": 251840.74,
                "Total Cost": 587688.22,
                "Plan Rows": 1319875,
                "Plan Width": 0,
                "Actual Startup Time": 1319.474,
                "Actual Total Time": 1904.04,
                "Actual Rows": 492198,
                "Actual Loops": 2,
                "Inner Unique": true,
                "Hash Cond": "(ci.movie_id = t.id)",
                "Plans": [
                  {
                    "Node Type": "Bitmap Heap Scan",
                    "Parent Relationship": "Outer",
                    "Parallel Aware": true,
                    "Relation Name": "cast_info",
                    "Alias": "ci",
                    "Startup Cost": 186009.27,
                    "Total Cost": 513297.32,
                    "Plan Rows": 3260729,
                    "Plan Width": 4,
                    "Actual Startup Time": 943.034,
                    "Actual Total Time": 1173.833,
                    "Actual Rows": 1196906,
                    "Actual Loops": 2,
                    "Recheck Cond": "(person_id < 844547)",
                    "Rows Removed by Index Recheck": 0,
                    "Filter": "(role_id > 1)",
                    "Rows Removed by Filter": 3100955,
                    "Exact Heap Blocks": 55785,
                    "Lossy Heap Blocks": 0,
                    "Plans": [
                      {
                        "Node Type": "Bitmap Index Scan",
                        "Parent Relationship": "Outer",
                        "Parallel Aware": false,
                        "Index Name": "person_id_cast_info",
                        "Startup Cost": 0.0,
                        "Total Cost": 184623.46,
                        "Plan Rows": 8454786,
                        "Plan Width": 0,
                        "Actual Startup Time": 584.781,
                        "Actual Total Time": 584.781,
                        "Actual Rows": 8595723,
                        "Actual Loops": 1,
                        "Index Cond": "(person_id < 844547)"
                      }
                    ]
                  },
                  {
                    "Node Type": "Hash",
                    "Parent Relationship": "Inner",
                    "Parallel Aware": true,
                    "Startup Cost": 58306.47,
                    "Total Cost": 58306.47,
                    "Plan Rows": 602000,
                    "Plan Width": 4,
                    "Actual Startup Time": 367.692,
                    "Actual Total Time": 367.693,
                    "Actual Rows": 553719,
                    "Actual Loops": 2,
                    "Hash Buckets": 2097152,
                    "Original Hash Buckets": 1048576,
                    "Hash Batches": 1,
                    "Original Hash Batches": 1,
                    "Peak Memory Usage": 67936,
                    "Plans": [
                      {
                        "Node Type": "Seq Scan",
                        "Parent Relationship": "Outer",
                        "Parallel Aware": true,
                        "Relation Name": "title",
                        "Alias": "t",
                        "Startup Cost": 0.0,
                        "Total Cost": 58306.47,
                        "Plan Rows": 602000,
                        "Plan Width": 4,
                        "Actual Startup Time": 0.043,
                        "Actual Total Time": 192.86,
                        "Actual Rows": 553719,
                        "Actual Loops": 2,
                        "Filter": "((kind_id > 1) AND (production_year > 2000))",
                        "Rows Removed by Filter": 710437
                      }
                    ]
                  }
                ]
              }
            ]
          }
        ]
      }
    ]
  },
  "Planning Time": 0.527,
  "Triggers": [],
  "Execution Time": 1978.424
}