[
  {
    "Plan": {
      "Node Type": "Aggregate",
      "Strategy": "Plain",
      "Partial Mode": "Finalize",
      "Parallel Aware": false,
      "Startup Cost": 276489.48,
      "Total Cost": 276489.49,
      "Plan Rows": 1,
      "Plan Width": 8,
      "Actual Startup Time": 103.842,
      "Actual Total Time": 109.431,
      "Actual Rows": 1,
      "Actual Loops": 1,
      "Plans": [
        {
          "Node Type": "Gather",
          "Parent Relationship": "Outer",
          "Parallel Aware": false,
          "Startup Cost": 276488.85,
          "Total Cost": 276489.46,
          "Plan Rows": 6,
          "Plan Width": 8,
          "Actual Startup Time": 103.466,
          "Actual Total Time": 109.423,
          "Actual Rows": 7,
          "Actual Loops": 1,
          "Workers Planned": 6,
          "Workers Launched": 6,
          "Single Copy": false,
          "Plans": [
            {
              "Node Type": "Aggregate",
              "Strategy": "Plain",
              "Partial Mode": "Partial",
              "Parent Relationship": "Outer",
              "Parallel Aware": false,
              "Startup Cost": 275488.85,
              "Total Cost": 275488.86,
              "Plan Rows": 1,
              "Plan Width": 8,
              "Actual Startup Time": 94.033,
              "Actual Total Time": 94.034,
              "Actual Rows": 1,
              "Actual Loops": 7,
              "Plans": [
                {
                  "Node Type": "Bitmap Heap Scan",
                  "Parent Relationship": "Outer",
                  "Parallel Aware": true,
                  "Relation Name": "cast_info",
                  "Alias": "ci",
                  "Startup Cost": 20483.49,
                  "Total Cost": 275102.46,
                  "Plan Rows": 154558,
                  "Plan Width": 0,
                  "Actual Startup Time": 38.564,
                  "Actual Total Time": 85.29,
                  "Actual Rows": 128119,
                  "Actual Loops": 7,
                  "Recheck Cond": "(person_id > 3889621)",
                  "Rows Removed by Index Recheck": 0,
                  "Exact Heap Blocks": 4117,
                  "Lossy Heap Blocks": 0,
                  "Plans": [
                    {
                      "Node Type": "Bitmap Index Scan",
                      "Parent Relationship": "Outer",
                      "Parallel Aware": false,
                      "Index Name": "person_id_cast_info",
                      "Startup Cost": 0.0,
                      "Total Cost": 20251.65,
                      "Plan Rows": 927345,
                      "Plan Width": 0,
                      "Actual Startup Time": 45.238,
                      "Actual Total Time": 45.238,
                      "Actual Rows": 896830,
                      "Actual Loops": 1,
                      "Index Cond": "(person_id > 3889621)"
                    }
                  ]
                }
              ]
            }
          ]
        }
      ]
    },
    "Planning Time": 0.162,
    "Triggers": [],
    "Execution Time": 109.494
  }
]