[
  {
    "Plan": {
      "Node Type": "Aggregate",
      "Strategy": "Plain",
      "Partial Mode": "Finalize",
      "Parallel Aware": false,
      "Startup Cost": 44845.14,
      "Total Cost": 44845.15,
      "Plan Rows": 1,
      "Plan Width": 8,
      "Actual Startup Time": 133.864,
      "Actual Total Time": 143.303,
      "Actual Rows": 1,
      "Actual Loops": 1,
      "Plans": [
        {
          "Node Type": "Gather",
          "Parent Relationship": "Outer",
          "Parallel Aware": false,
          "Startup Cost": 44844.82,
          "Total Cost": 44845.13,
          "Plan Rows": 3,
          "Plan Width": 8,
          "Actual Startup Time": 133.746,
          "Actual Total Time": 143.295,
          "Actual Rows": 4,
          "Actual Loops": 1,
          "Workers Planned": 3,
          "Workers Launched": 3,
          "Single Copy": false,
          "Plans": [
            {
              "Node Type": "Aggregate",
              "Strategy": "Plain",
              "Partial Mode": "Partial",
              "Parent Relationship": "Outer",
              "Parallel Aware": false,
              "Startup Cost": 43844.82,
              "Total Cost": 43844.83,
              "Plan Rows": 1,
              "Plan Width": 8,
              "Actual Startup Time": 126.767,
              "Actual Total Time": 126.768,
              "Actual Rows": 1,
              "Actual Loops": 4,
              "Plans": [
                {
                  "Node Type": "Seq Scan",
                  "Parent Relationship": "Outer",
                  "Parallel Aware": true,
                  "Relation Name": "movie_keyword",
                  "Alias": "mk",
                  "Startup Cost": 0.0,
                  "Total Cost": 42695.65,
                  "Plan Rows": 459668,
                  "Plan Width": 0,
                  "Actual Startup Time": 1.919,
                  "Actual Total Time": 109.176,
                  "Actual Rows": 357283,
                  "Actual Loops": 4,
                  "Filter": "(keyword_id > 11662)",
                  "Rows Removed by Filter": 773699
                }
              ]
            }
          ]
        }
      ]
    },
    "Planning Time": 0.183,
    "Triggers": [],
    "Execution Time": 143.358
  }
]