{
  "Plan": {
    "Node Type": "Aggregate",
    "Strategy": "Plain",
    "Partial Mode": "Finalize",
    "Parallel Aware": false,
    "Startup Cost": 574231.96,
    "Total Cost": 574231.97,
    "Plan Rows": 1,
    "Plan Width": 8,
    "Actual Startup Time": 359.543,
    "Actual Total Time": 390.722,
    "Actual Rows": 1,
    "Actual Loops": 1,
    "Plans": [
      {
        "Node Type": "Gather",
        "Parent Relationship": "Outer",
        "Parallel Aware": false,
        "Startup Cost": 574231.85,
        "Total Cost": 574231.96,
        "Plan Rows": 1,
        "Plan Width": 8,
        "Actual Startup Time": 359.4,
        "Actual Total Time": 390.714,
        "Actual Rows": 2,
        "Actual Loops": 1,
        "Workers Planned": 1,
        "Workers Launched": 1,
        "Single Copy": false,
        "Plans": [
          {
            "Node Type": "Aggregate",
            "Strategy": "Plain",
            "Partial Mode": "Partial",
            "Parent Relationship": "Outer",
            "Parallel Aware": false,
            "Startup Cost": 573231.85,
            "Total Cost": 573231.86,
            "Plan Rows": 1,
            "Plan Width": 8,
            "Actual Startup Time": 354.276,
            "Actual Total Time": 354.279,
            "Actual Rows": 1,
            "Actual Loops": 2,
            "Plans": [
              {
                "Node Type": "Nested Loop",
                "Parent Relationship": "Outer",
                "Parallel Aware": false,
                "Join Type": "Inner",
                "Startup Cost": 0.99,
                "Total Cost": 573052.49,
                "Plan Rows": 71744,
                "Plan Width": 0,
                "Actual Startup Time": 2.292,
                "Actual Total Time": 350.248,
                "Actual Rows": 76097,
                "Actual Loops": 2,
                "Inner Unique": false,
                "Join Filter": "(t.id = mc.movie_id)",
                "Rows Removed by Join Filter": 0,
                "Plans": [
                  {
                    "Node Type": "Nested Loop",
                    "Parent Relationship": "Outer",
                    "Parallel Aware": false,
                    "Join Type": "Inner",
                    "Startup Cost": 0.56,
                    "Total Cost": 532513.0,
                    "Plan Rows": 69521,
                    "Plan Width": 8,
                    "Actual Startup Time": 0.318,
                    "Actual Total Time": 243.058,
                    "Actual Rows": 55778,
                    "Actual Loops": 2,
                    "Inner Unique": false,
                    "Plans": [
                      {
                        "Node Type": "Seq Scan",
                        "Parent Relationship": "Outer",
                        "Parallel Aware": true,
                        "Relation Name": "title",
                        "Alias": "t",
                        "Startup Cost": 0.0,
                        "Total Cost": 58306.47,
                        "Plan Rows": 4852,
                        "Plan Width": 4,
                        "Actual Startup Time": 0.168,
                        "Actual Total Time": 126.403,
                        "Actual Rows": 4049,
                        "Actual Loops": 2,
                        "Filter": "((kind_id = 7) AND (production_year = 1978))",
                        "Rows Removed by Filter": 1260107
                      },
                      {
                        "Node Type": "Index Only Scan",
                        "Parent Relationship": "Inner",
                        "Parallel Aware": false,
                        "Scan Direction": "Forward",
                        "Index Name": "movie_id_cast_info",
                        "Relation Name": "cast_info",
                        "Alias": "ci",
                        "Startup Cost": 0.56,
                        "Total Cost": 97.36,
                        "Plan Rows": 37,
                        "Plan Width": 4,
                        "Actual Startup Time": 0.006,
                        "Actual Total Time": 0.027,
                        "Actual Rows": 14,
                        "Actual Loops": 8098,
                        "Index Cond": "(movie_id = t.id)",
                        "Rows Removed by Index Recheck": 0,
                        "Heap Fetches": 111557
                      }
                    ]
                  },
                  {
                    "Node Type": "Index Only Scan",
                    "Parent Relationship": "Inner",
                    "Parallel Aware": false,
                    "Scan Direction": "Forward",
                    "Index Name": "movie_id_movie_companies",
                    "Relation Name": "movie_companies",
                    "Alias": "mc",
                    "Startup Cost": 0.43,
                    "Total Cost": 0.52,
                    "Plan Rows": 5,
                    "Plan Width": 4,
                    "Actual Startup Time": 0.001,
                    "Actual Total Time": 0.002,
                    "Actual Rows": 1,
                    "Actual Loops": 111557,
                    "Index Cond": "(movie_id = ci.movie_id)",
                    "Rows Removed by Index Recheck": 0,
                    "Heap Fetches": 152194
                  }
                ]
              }
            ]
          }
        ]
      }
    ]
  },
  "Planning Time": 0.995,
  "Triggers": [],
  "Execution Time": 390.814
}