[
  {
    "Bao": {
      "Bao prediction": 544.744,
      "Bao recommended hint": "SET enable_nestloop TO off; SET enable_hashjoin TO off; "
    }
  },
  {
    "Plan": {
      "Node Type": "Aggregate",
      "Strategy": "Plain",
      "Partial Mode": "Simple",
      "Parallel Aware": false,
      "Startup Cost": 631113.49,
      "Total Cost": 631113.5,
      "Plan Rows": 1,
      "Plan Width": 96,
      "Actual Startup Time": 3572.884,
      "Actual Total Time": 3573.206,
      "Actual Rows": 1,
      "Actual Loops": 1,
      "Plans": [
        {
          "Node Type": "Merge Join",
          "Parent Relationship": "Outer",
          "Parallel Aware": false,
          "Join Type": "Inner",
          "Startup Cost": 618338.83,
          "Total Cost": 631113.48,
          "Plan Rows": 1,
          "Plan Width": 42,
          "Actual Startup Time": 3541.262,
          "Actual Total Time": 3572.723,
          "Actual Rows": 4803,
          "Actual Loops": 1,
          "Inner Unique": false,
          "Merge Cond": "(cn.id = mc.company_id)",
          "Plans": [
            {
              "Node Type": "Index Scan",
              "Parent Relationship": "Outer",
              "Parallel Aware": false,
              "Scan Direction": "Forward",
              "Index Name": "company_name_pkey",
              "Relation Name": "company_name",
              "Alias": "cn",
              "Startup Cost": 0.42,
              "Total Cost": 12469.43,
              "Plan Rows": 125473,
              "Plan Width": 23,
              "Actual Startup Time": 0.109,
              "Actual Total Time": 28.559,
              "Actual Rows": 35831,
              "Actual Loops": 1,
              "Filter": "((country_code)::text <> '[us]'::text)",
              "Rows Removed by Filter": 28004
            },
            {
              "Node Type": "Sort",
              "Parent Relationship": "Inner",
              "Parallel Aware": false,
              "Startup Cost": 618338.41,
              "Total Cost": 618338.41,
              "Plan Rows": 1,
              "Plan Width": 27,
              "Actual Startup Time": 3541.13,
              "Actual Total Time": 3541.842,
              "Actual Rows": 4955,
              "Actual Loops": 1,
              "Sort Key": [
                "mc.company_id"
              ],
              "Sort Method": "quicksort",
              "Sort Space Used": 541,
              "Sort Space Type": "Memory",
              "Plans": [
                {
                  "Node Type": "Merge Join",
                  "Parent Relationship": "Outer",
                  "Parallel Aware": false,
                  "Join Type": "Inner",
                  "Startup Cost": 618338.36,
                  "Total Cost": 618338.4,
                  "Plan Rows": 1,
                  "Plan Width": 27,
                  "Actual Startup Time": 3539.149,
                  "Actual Total Time": 3540.24,
                  "Actual Rows": 4955,
                  "Actual Loops": 1,
                  "Inner Unique": true,
                  "Merge Cond": "(mc.company_type_id = ct.id)",
                  "Plans": [
                    {
                      "Node Type": "Sort",
                      "Parent Relationship": "Outer",
                      "Parallel Aware": false,
                      "Startup Cost": 618337.28,
                      "Total Cost": 618337.28,
                      "Plan Rows": 1,
                      "Plan Width": 31,
                      "Actual Startup Time": 3539.118,
                      "Actual Total Time": 3539.617,
                      "Actual Rows": 4955,
                      "Actual Loops": 1,
                      "Sort Key": [
                        "mc.company_type_id"
                      ],
                      "Sort Method": "quicksort",
                      "Sort Space Used": 584,
                      "Sort Space Type": "Memory",
                      "Plans": [
                        {
                          "Node Type": "Merge Join",
                          "Parent Relationship": "Outer",
                          "Parallel Aware": false,
                          "Join Type": "Inner",
                          "Startup Cost": 617608.95,
                          "Total Cost": 618337.27,
                          "Plan Rows": 1,
                          "Plan Width": 31,
                          "Actual Startup Time": 3453.725,
                          "Actual Total Time": 3538.475,
                          "Actual Rows": 4955,
                          "Actual Loops": 1,
                          "Inner Unique": false,
                          "Merge Cond": "(t.id = mc.movie_id)",
                          "Plans": [
                            {
                              "Node Type": "Merge Join",
                              "Parent Relationship": "Outer",
                              "Parallel Aware": false,
                              "Join Type": "Inner",
                              "Startup Cost": 560063.94,
                              "Total Cost": 560113.96,
                              "Plan Rows": 1,
                              "Plan Width": 43,
                              "Actual Startup Time": 3245.338,
                              "Actual Total Time": 3303.706,
                              "Actual Rows": 432,
                              "Actual Loops": 1,
                              "Inner Unique": false,
                              "Merge Cond": "(mi.movie_id = t.id)",
                              "Plans": [
                                {
                                  "Node Type": "Merge Join",
                                  "Parent Relationship": "Outer",
                                  "Parallel Aware": false,
                                  "Join Type": "Inner",
                                  "Startup Cost": 472795.53,
                                  "Total Cost": 472825.66,
                                  "Plan Rows": 1,
                                  "Plan Width": 18,
                                  "Actual Startup Time": 2824.333,
                                  "Actual Total Time": 2882.153,
                                  "Actual Rows": 20967,
                                  "Actual Loops": 1,
                                  "Inner Unique": false,
                                  "Merge Cond": "(mi.movie_id = mk.movie_id)",
                                  "Plans": [
                                    {
                                      "Node Type": "Sort",
                                      "Parent Relationship": "Outer",
                                      "Parallel Aware": false,
                                      "Startup Cost": 243187.48,
                                      "Total Cost": 243202.54,
                                      "Plan Rows": 6024,
                                      "Plan Width": 4,
                                      "Actual Startup Time": 1083.914,
                                      "Actual Total Time": 1104.958,
                                      "Actual Rows": 614200,
                                      "Actual Loops": 1,
                                      "Sort Key": [
                                        "mi.movie_id"
                                      ],
                                      "Sort Method": "quicksort",
                                      "Sort Space Used": 53370,
                                      "Sort Space Type": "Memory",
                                      "Plans": [
                                        {
                                          "Node Type": "Gather",
                                          "Parent Relationship": "Outer",
                                          "Parallel Aware": false,
                                          "Startup Cost": 241514.06,
                                          "Total Cost": 242809.28,
                                          "Plan Rows": 6024,
                                          "Plan Width": 4,
                                          "Actual Startup Time": 901.803,
                                          "Actual Total Time": 972.009,
                                          "Actual Rows": 614251,
                                          "Actual Loops": 1,
                                          "Workers Planned": 5,
                                          "Workers Launched": 5,
                                          "Single Copy": false,
                                          "Plans": [
                                            {
                                              "Node Type": "Merge Join",
                                              "Parent Relationship": "Outer",
                                              "Parallel Aware": false,
                                              "Join Type": "Inner",
                                              "Startup Cost": 240514.06,
                                              "Total Cost": 241206.88,
                                              "Plan Rows": 1205,
                                              "Plan Width": 4,
                                              "Actual Startup Time": 890.501,
                                              "Actual Total Time": 912.787,
                                              "Actual Rows": 102375,
                                              "Actual Loops": 6,
                                              "Inner Unique": true,
                                              "Merge Cond": "(mi.info_type_id = it1.id)",
                                              "Plans": [
                                                {
                                                  "Node Type": "Sort",
                                                  "Parent Relationship": "Outer",
                                                  "Parallel Aware": false,
                                                  "Startup Cost": 240511.64,
                                                  "Total Cost": 240852.02,
                                                  "Plan Rows": 136153,
                                                  "Plan Width": 8,
                                                  "Actual Startup Time": 888.599,
                                                  "Actual Total Time": 895.268,
                                                  "Actual Rows": 116706,
                                                  "Actual Loops": 6,
                                                  "Sort Key": [
                                                    "mi.info_type_id"
                                                  ],
                                                  "Sort Method": "quicksort",
                                                  "Sort Space Used": 13969,
                                                  "Sort Space Type": "Memory",
                                                  "Workers": [
                                                    {
                                                      "Worker Number": 0,
                                                      "Sort Method": "quicksort",
                                                      "Sort Space Used": 8126,
                                                      "Sort Space Type": "Memory"
                                                    },
                                                    {
                                                      "Worker Number": 1,
                                                      "Sort Method": "quicksort",
                                                      "Sort Space Used": 8146,
                                                      "Sort Space Type": "Memory"
                                                    },
                                                    {
                                                      "Worker Number": 2,
                                                      "Sort Method": "quicksort",
                                                      "Sort Space Used": 8319,
                                                      "Sort Space Type": "Memory"
                                                    },
                                                    {
                                                      "Worker Number": 3,
                                                      "Sort Method": "quicksort",
                                                      "Sort Space Used": 8245,
                                                      "Sort Space Type": "Memory"
                                                    },
                                                    {
                                                      "Worker Number": 4,
                                                      "Sort Method": "quicksort",
                                                      "Sort Space Used": 8274,
                                                      "Sort Space Type": "Memory"
                                                    }
                                                  ],
                                                  "Plans": [
                                                    {
                                                      "Node Type": "Seq Scan",
                                                      "Parent Relationship": "Outer",
                                                      "Parallel Aware": true,
                                                      "Relation Name": "movie_info",
                                                      "Alias": "mi",
                                                      "Startup Cost": 0.0,
                                                      "Total Cost": 228901.28,
                                                      "Plan Rows": 136153,
                                                      "Plan Width": 8,
                                                      "Actual Startup Time": 0.602,
                                                      "Actual Total Time": 862.155,
                                                      "Actual Rows": 119368,
                                                      "Actual Loops": 6,
                                                      "Filter": "(info = ANY ('{Sweden,Norway,Germany,Denmark,Swedish,Danish,Norwegian,German,USA,American}'::text[]))",
                                                      "Rows Removed by Filter": 2353252
                                                    }
                                                  ]
                                                },
                                                {
                                                  "Node Type": "Sort",
                                                  "Parent Relationship": "Inner",
                                                  "Parallel Aware": false,
                                                  "Startup Cost": 2.42,
                                                  "Total Cost": 2.43,
                                                  "Plan Rows": 1,
                                                  "Plan Width": 4,
                                                  "Actual Startup Time": 0.109,
                                                  "Actual Total Time": 0.11,
                                                  "Actual Rows": 1,
                                                  "Actual Loops": 6,
                                                  "Sort Key": [
                                                    "it1.id"
                                                  ],
                                                  "Sort Method": "quicksort",
                                                  "Sort Space Used": 25,
                                                  "Sort Space Type": "Memory",
                                                  "Workers": [
                                                    {
                                                      "Worker Number": 0,
                                                      "Sort Method": "quicksort",
                                                      "Sort Space Used": 25,
                                                      "Sort Space Type": "Memory"
                                                    },
                                                    {
                                                      "Worker Number": 1,
                                                      "Sort Method": "quicksort",
                                                      "Sort Space Used": 25,
                                                      "Sort Space Type": "Memory"
                                                    },
                                                    {
                                                      "Worker Number": 2,
                                                      "Sort Method": "quicksort",
                                                      "Sort Space Used": 25,
                                                      "Sort Space Type": "Memory"
                                                    },
                                                    {
                                                      "Worker Number": 3,
                                                      "Sort Method": "quicksort",
                                                      "Sort Space Used": 25,
                                                      "Sort Space Type": "Memory"
                                                    },
                                                    {
                                                      "Worker Number": 4,
                                                      "Sort Method": "quicksort",
                                                      "Sort Space Used": 25,
                                                      "Sort Space Type": "Memory"
                                                    }
                                                  ],
                                                  "Plans": [
                                                    {
                                                      "Node Type": "Seq Scan",
                                                      "Parent Relationship": "Outer",
                                                      "Parallel Aware": false,
                                                      "Relation Name": "info_type",
                                                      "Alias": "it1",
                                                      "Startup Cost": 0.0,
                                                      "Total Cost": 2.41,
                                                      "Plan Rows": 1,
                                                      "Plan Width": 4,
                                                      "Actual Startup Time": 0.086,
                                                      "Actual Total Time": 0.093,
                                                      "Actual Rows": 1,
                                                      "Actual Loops": 6,
                                                      "Filter": "((info)::text = 'countries'::text)",
                                                      "Rows Removed by Filter": 112
                                                    }
                                                  ]
                                                }
                                              ]
                                            }
                                          ]
                                        }
                                      ]
                                    },
                                    {
                                      "Node Type": "Sort",
                                      "Parent Relationship": "Inner",
                                      "Parallel Aware": false,
                                      "Startup Cost": 229608.04,
                                      "Total Cost": 229608.05,
                                      "Plan Rows": 4,
                                      "Plan Width": 14,
                                      "Actual Startup Time": 1740.404,
                                      "Actual Total Time": 1743.79,
                                      "Actual Rows": 32826,
                                      "Actual Loops": 1,
                                      "Sort Key": [
                                        "mi_idx.movie_id"
                                      ],
                                      "Sort Method": "quicksort",
                                      "Sort Space Used": 2259,
                                      "Sort Space Type": "Memory",
                                      "Plans": [
                                        {
                                          "Node Type": "Gather",
                                          "Parent Relationship": "Outer",
                                          "Parallel Aware": false,
                                          "Startup Cost": 229416.19,
                                          "Total Cost": 229608.0,
                                          "Plan Rows": 4,
                                          "Plan Width": 14,
                                          "Actual Startup Time": 1661.755,
                                          "Actual Total Time": 1732.417,
                                          "Actual Rows": 31800,
                                          "Actual Loops": 1,
                                          "Workers Planned": 3,
                                          "Workers Launched": 3,
                                          "Single Copy": false,
                                          "Plans": [
                                            {
                                              "Node Type": "Merge Join",
                                              "Parent Relationship": "Outer",
                                              "Parallel Aware": false,
                                              "Join Type": "Inner",
                                              "Startup Cost": 228416.19,
                                              "Total Cost": 228607.6,
                                              "Plan Rows": 1,
                                              "Plan Width": 14,
                                              "Actual Startup Time": 1616.653,
                                              "Actual Total Time": 1663.785,
                                              "Actual Rows": 7950,
                                              "Actual Loops": 4,
                                              "Inner Unique": true,
                                              "Merge Cond": "(mk.keyword_id = k.id)",
                                              "Plans": [
                                                {
                                                  "Node Type": "Sort",
                                                  "Parent Relationship": "Outer",
                                                  "Parallel Aware": false,
                                                  "Startup Cost": 225453.92,
                                                  "Total Cost": 225549.95,
                                                  "Plan Rows": 38412,
                                                  "Plan Width": 18,
                                                  "Actual Startup Time": 1584.321,
                                                  "Actual Total Time": 1616.427,
                                                  "Actual Rows": 166600,
                                                  "Actual Loops": 4,
                                                  "Sort Key": [
                                                    "mk.keyword_id"
                                                  ],
                                                  "Sort Method": "quicksort",
                                                  "Sort Space Used": 119721,
                                                  "Sort Space Type": "Memory",
                                                  "Workers": [
                                                    {
                                                      "Worker Number": 0,
                                                      "Sort Method": "quicksort",
                                                      "Sort Space Used": 54342,
                                                      "Sort Space Type": "Memory"
                                                    },
                                                    {
                                                      "Worker Number": 1,
                                                      "Sort Method": "quicksort",
                                                      "Sort Space Used": 54035,
                                                      "Sort Space Type": "Memory"
                                                    },
                                                    {
                                                      "Worker Number": 2,
                                                      "Sort Method": "quicksort",
                                                      "Sort Space Used": 54324,
                                                      "Sort Space Type": "Memory"
                                                    }
                                                  ],
                                                  "Plans": [
                                                    {
                                                      "Node Type": "Merge Join",
                                                      "Parent Relationship": "Outer",
                                                      "Parallel Aware": false,
                                                      "Join Type": "Inner",
                                                      "Startup Cost": 71834.94,
                                                      "Total Cost": 222528.99,
                                                      "Plan Rows": 38412,
                                                      "Plan Width": 18,
                                                      "Actual Startup Time": 683.409,
                                                      "Actual Total Time": 1295.986,
                                                      "Actual Rows": 850868,
                                                      "Actual Loops": 4,
                                                      "Inner Unique": false,
                                                      "Merge Cond": "(mk.movie_id = mi_idx.movie_id)",
                                                      "Plans": [
                                                        {
                                                          "Node Type": "Index Scan",
                                                          "Parent Relationship": "Outer",
                                                          "Parallel Aware": true,
                                                          "Scan Direction": "Forward",
                                                          "Index Name": "movie_id_movie_keyword",
                                                          "Relation Name": "movie_keyword",
                                                          "Alias": "mk",
                                                          "Startup Cost": 0.43,
                                                          "Total Cost": 146502.5,
                                                          "Plan Rows": 1459332,
                                                          "Plan Width": 8,
                                                          "Actual Startup Time": 0.074,
                                                          "Actual Total Time": 271.704,
                                                          "Actual Rows": 1130981,
                                                          "Actual Loops": 4
                                                        },
                                                        {
                                                          "Node Type": "Sort",
                                                          "Parent Relationship": "Inner",
                                                          "Parallel Aware": false,
                                                          "Startup Cost": 71834.5,
                                                          "Total Cost": 71864.18,
                                                          "Plan Rows": 11871,
                                                          "Plan Width": 10,
                                                          "Actual Startup Time": 683.283,
                                                          "Actual Total Time": 749.533,
                                                          "Actual Rows": 1246984,
                                                          "Actual Loops": 4,
                                                          "Sort Key": [
                                                            "mi_idx.movie_id"
                                                          ],
                                                          "Sort Method": "quicksort",
                                                          "Sort Space Used": 33581,
                                                          "Sort Space Type": "Memory",
                                                          "Workers": [
                                                            {
                                                              "Worker Number": 0,
                                                              "Sort Method": "quicksort",
                                                              "Sort Space Used": 33581,
                                                              "Sort Space Type": "Memory"
                                                            },
                                                            {
                                                              "Worker Number": 1,
                                                              "Sort Method": "quicksort",
                                                              "Sort Space Used": 33581,
                                                              "Sort Space Type": "Memory"
                                                            },
                                                            {
                                                              "Worker Number": 2,
                                                              "Sort Method": "quicksort",
                                                              "Sort Space Used": 33581,
                                                              "Sort Space Type": "Memory"
                                                            }
                                                          ],
                                                          "Plans": [
                                                            {
                                                              "Node Type": "Merge Join",
                                                              "Parent Relationship": "Outer",
                                                              "Parallel Aware": false,
                                                              "Join Type": "Inner",
                                                              "Startup Cost": 2.86,
                                                              "Total Cost": 71031.12,
                                                              "Plan Rows": 11871,
                                                              "Plan Width": 10,
                                                              "Actual Startup Time": 348.794,
                                                              "Actual Total Time": 542.629,
                                                              "Actual Rows": 454230,
                                                              "Actual Loops": 4,
                                                              "Inner Unique": true,
                                                              "Merge Cond": "(mi_idx.info_type_id = it2.id)",
                                                              "Plans": [
                                                                {
                                                                  "Node Type": "Index Scan",
                                                                  "Parent Relationship": "Outer",
                                                                  "Parallel Aware": false,
                                                                  "Scan Direction": "Forward",
                                                                  "Index Name": "info_type_id_movie_info_idx",
                                                                  "Relation Name": "movie_info_idx",
                                                                  "Alias": "mi_idx",
                                                                  "Startup Cost": 0.43,
                                                                  "Total Cost": 67556.34,
                                                                  "Plan Rows": 1341456,
                                                                  "Plan Width": 14,
                                                                  "Actual Startup Time": 0.175,
                                                                  "Actual Total Time": 417.998,
                                                                  "Actual Rows": 1337397,
                                                                  "Actual Loops": 4,
                                                                  "Filter": "(info < '8.5'::text)",
                                                                  "Rows Removed by Filter": 42379
                                                                },
                                                                {
                                                                  "Node Type": "Sort",
                                                                  "Parent Relationship": "Inner",
                                                                  "Parallel Aware": false,
                                                                  "Startup Cost": 2.42,
                                                                  "Total Cost": 2.43,
                                                                  "Plan Rows": 1,
                                                                  "Plan Width": 4,
                                                                  "Actual Startup Time": 0.112,
                                                                  "Actual Total Time": 0.114,
                                                                  "Actual Rows": 1,
                                                                  "Actual Loops": 4,
                                                                  "Sort Key": [
                                                                    "it2.id"
                                                                  ],
                                                                  "Sort Method": "quicksort",
                                                                  "Sort Space Used": 25,
                                                                  "Sort Space Type": "Memory",
                                                                  "Workers": [
                                                                    {
                                                                      "Worker Number": 0,
                                                                      "Sort Method": "quicksort",
                                                                      "Sort Space Used": 25,
                                                                      "Sort Space Type": "Memory"
                                                                    },
                                                                    {
                                                                      "Worker Number": 1,
                                                                      "Sort Method": "quicksort",
                                                                      "Sort Space Used": 25,
                                                                      "Sort Space Type": "Memory"
                                                                    },
                                                                    {
                                                                      "Worker Number": 2,
                                                                      "Sort Method": "quicksort",
                                                                      "Sort Space Used": 25,
                                                                      "Sort Space Type": "Memory"
                                                                    }
                                                                  ],
                                                                  "Plans": [
                                                                    {
                                                                      "Node Type": "Seq Scan",
                                                                      "Parent Relationship": "Outer",
                                                                      "Parallel Aware": false,
                                                                      "Relation Name": "info_type",
                                                                      "Alias": "it2",
                                                                      "Startup Cost": 0.0,
                                                                      "Total Cost": 2.41,
                                                                      "Plan Rows": 1,
                                                                      "Plan Width": 4,
                                                                      "Actual Startup Time": 0.065,
                                                                      "Actual Total Time": 0.068,
                                                                      "Actual Rows": 1,
                                                                      "Actual Loops": 4,
                                                                      "Filter": "((info)::text = 'rating'::text)",
                                                                      "Rows Removed by Filter": 112
                                                                    }
                                                                  ]
                                                                }
                                                              ]
                                                            }
                                                          ]
                                                        }
                                                      ]
                                                    }
                                                  ]
                                                },
                                                {
                                                  "Node Type": "Sort",
                                                  "Parent Relationship": "Inner",
                                                  "Parallel Aware": false,
                                                  "Startup Cost": 2961.59,
                                                  "Total Cost": 2961.6,
                                                  "Plan Rows": 4,
                                                  "Plan Width": 4,
                                                  "Actual Startup Time": 22.956,
                                                  "Actual Total Time": 22.959,
                                                  "Actual Rows": 3,
                                                  "Actual Loops": 4,
                                                  "Sort Key": [
                                                    "k.id"
                                                  ],
                                                  "Sort Method": "quicksort",
                                                  "Sort Space Used": 25,
                                                  "Sort Space Type": "Memory",
                                                  "Workers": [
                                                    {
                                                      "Worker Number": 0,
                                                      "Sort Method": "quicksort",
                                                      "Sort Space Used": 25,
                                                      "Sort Space Type": "Memory"
                                                    },
                                                    {
                                                      "Worker Number": 1,
                                                      "Sort Method": "quicksort",
                                                      "Sort Space Used": 25,
                                                      "Sort Space Type": "Memory"
                                                    },
                                                    {
                                                      "Worker Number": 2,
                                                      "Sort Method": "quicksort",
                                                      "Sort Space Used": 25,
                                                      "Sort Space Type": "Memory"
                                                    }
                                                  ],
                                                  "Plans": [
                                                    {
                                                      "Node Type": "Seq Scan",
                                                      "Parent Relationship": "Outer",
                                                      "Parallel Aware": false,
                                                      "Relation Name": "keyword",
                                                      "Alias": "k",
                                                      "Startup Cost": 0.0,
                                                      "Total Cost": 2961.55,
                                                      "Plan Rows": 4,
                                                      "Plan Width": 4,
                                                      "Actual Startup Time": 1.146,
                                                      "Actual Total Time": 22.939,
                                                      "Actual Rows": 3,
                                                      "Actual Loops": 4,
                                                      "Filter": "(keyword = ANY ('{murder,murder-in-title,blood,violence}'::text[]))",
                                                      "Rows Removed by Filter": 134167
                                                    }
                                                  ]
                                                }
                                              ]
                                            }
                                          ]
                                        }
                                      ]
                                    }
                                  ]
                                },
                                {
                                  "Node Type": "Sort",
                                  "Parent Relationship": "Inner",
                                  "Parallel Aware": false,
                                  "Startup Cost": 87268.42,
                                  "Total Cost": 87278.36,
                                  "Plan Rows": 3978,
                                  "Plan Width": 25,
                                  "Actual Startup Time": 419.091,
                                  "Actual Total Time": 419.792,
                                  "Actual Rows": 13832,
                                  "Actual Loops": 1,
                                  "Sort Key": [
                                    "cc.movie_id"
                                  ],
                                  "Sort Method": "quicksort",
                                  "Sort Space Used": 1370,
                                  "Sort Space Type": "Memory",
                                  "Plans": [
                                    {
                                      "Node Type": "Gather",
                                      "Parent Relationship": "Outer",
                                      "Parallel Aware": false,
                                      "Startup Cost": 86616.2,
                                      "Total Cost": 87030.58,
                                      "Plan Rows": 3978,
                                      "Plan Width": 25,
                                      "Actual Startup Time": 411.891,
                                      "Actual Total Time": 416.333,
                                      "Actual Rows": 13669,
                                      "Actual Loops": 1,
                                      "Workers Planned": 4,
                                      "Workers Launched": 4,
                                      "Single Copy": false,
                                      "Plans": [
                                        {
                                          "Node Type": "Merge Join",
                                          "Parent Relationship": "Outer",
                                          "Parallel Aware": false,
                                          "Join Type": "Inner",
                                          "Startup Cost": 85616.2,
                                          "Total Cost": 85632.78,
                                          "Plan Rows": 994,
                                          "Plan Width": 25,
                                          "Actual Startup Time": 392.044,
                                          "Actual Total Time": 392.723,
                                          "Actual Rows": 2734,
                                          "Actual Loops": 5,
                                          "Inner Unique": true,
                                          "Merge Cond": "(cc.status_id = cct2.id)",
                                          "Plans": [
                                            {
                                              "Node Type": "Sort",
                                              "Parent Relationship": "Outer",
                                              "Parallel Aware": false,
                                              "Startup Cost": 85615.12,
                                              "Total Cost": 85618.43,
                                              "Plan Rows": 1326,
                                              "Plan Width": 29,
                                              "Actual Startup Time": 392.021,
                                              "Actual Total Time": 392.178,
                                              "Actual Rows": 2735,
                                              "Actual Loops": 5,
                                              "Sort Key": [
                                                "cc.status_id"
                                              ],
                                              "Sort Method": "quicksort",
                                              "Sort Space Used": 558,
                                              "Sort Space Type": "Memory",
                                              "Workers": [
                                                {
                                                  "Worker Number": 0,
                                                  "Sort Method": "quicksort",
                                                  "Sort Space Used": 281,
                                                  "Sort Space Type": "Memory"
                                                },
                                                {
                                                  "Worker Number": 1,
                                                  "Sort Method": "quicksort",
                                                  "Sort Space Used": 289,
                                                  "Sort Space Type": "Memory"
                                                },
                                                {
                                                  "Worker Number": 2,
                                                  "Sort Method": "quicksort",
                                                  "Sort Space Used": 285,
                                                  "Sort Space Type": "Memory"
                                                },
                                                {
                                                  "Worker Number": 3,
                                                  "Sort Method": "quicksort",
                                                  "Sort Space Used": 286,
                                                  "Sort Space Type": "Memory"
                                                }
                                              ],
                                              "Plans": [
                                                {
                                                  "Node Type": "Merge Join",
                                                  "Parent Relationship": "Outer",
                                                  "Parallel Aware": false,
                                                  "Join Type": "Inner",
                                                  "Startup Cost": 85509.87,
                                                  "Total Cost": 85546.35,
                                                  "Plan Rows": 1326,
                                                  "Plan Width": 29,
                                                  "Actual Startup Time": 390.566,
                                                  "Actual Total Time": 391.24,
                                                  "Actual Rows": 2774,
                                                  "Actual Loops": 5,
                                                  "Inner Unique": true,
                                                  "Merge Cond": "(t.kind_id = kt.id)",
                                                  "Plans": [
                                                    {
                                                      "Node Type": "Sort",
                                                      "Parent Relationship": "Outer",
                                                      "Parallel Aware": false,
                                                      "Startup Cost": 85508.77,
                                                      "Total Cost": 85520.38,
                                                      "Plan Rows": 4641,
                                                      "Plan Width": 33,
                                                      "Actual Startup Time": 390.508,
                                                      "Actual Total Time": 390.665,
                                                      "Actual Rows": 3033,
                                                      "Actual Loops": 5,
                                                      "Sort Key": [
                                                        "t.kind_id"
                                                      ],
                                                      "Sort Method": "quicksort",
                                                      "Sort Space Used": 604,
                                                      "Sort Space Type": "Memory",
                                                      "Workers": [
                                                        {
                                                          "Worker Number": 0,
                                                          "Sort Method": "quicksort",
                                                          "Sort Space Used": 305,
                                                          "Sort Space Type": "Memory"
                                                        },
                                                        {
                                                          "Worker Number": 1,
                                                          "Sort Method": "quicksort",
                                                          "Sort Space Used": 313,
                                                          "Sort Space Type": "Memory"
                                                        },
                                                        {
                                                          "Worker Number": 2,
                                                          "Sort Method": "quicksort",
                                                          "Sort Space Used": 311,
                                                          "Sort Space Type": "Memory"
                                                        },
                                                        {
                                                          "Worker Number": 3,
                                                          "Sort Method": "quicksort",
                                                          "Sort Space Used": 307,
                                                          "Sort Space Type": "Memory"
                                                        }
                                                      ],
                                                      "Plans": [
                                                        {
                                                          "Node Type": "Merge Join",
                                                          "Parent Relationship": "Outer",
                                                          "Parallel Aware": false,
                                                          "Join Type": "Inner",
                                                          "Startup Cost": 83273.65,
                                                          "Total Cost": 85226.13,
                                                          "Plan Rows": 4641,
                                                          "Plan Width": 33,
                                                          "Actual Startup Time": 313.03,
                                                          "Actual Total Time": 389.481,
                                                          "Actual Rows": 3033,
                                                          "Actual Loops": 5,
                                                          "Inner Unique": false,
                                                          "Merge Cond": "(t.id = cc.movie_id)",
                                                          "Plans": [
                                                            {
                                                              "Node Type": "Sort",
                                                              "Parent Relationship": "Outer",
                                                              "Parallel Aware": false,
                                                              "Startup Cost": 75880.85,
                                                              "Total Cost": 76749.6,
                                                              "Plan Rows": 347497,
                                                              "Plan Width": 25,
                                                              "Actual Startup Time": 250.87,
                                                              "Actual Total Time": 286.978,
                                                              "Actual Rows": 276291,
                                                              "Actual Loops": 5,
                                                              "Sort Key": [
                                                                "t.id"
                                                              ],
                                                              "Sort Method": "quicksort",
                                                              "Sort Space Used": 46051,
                                                              "Sort Space Type": "Memory",
                                                              "Workers": [
                                                                {
                                                                  "Worker Number": 0,
                                                                  "Sort Method": "quicksort",
                                                                  "Sort Space Used": 23633,
                                                                  "Sort Space Type": "Memory"
                                                                },
                                                                {
                                                                  "Worker Number": 1,
                                                                  "Sort Method": "quicksort",
                                                                  "Sort Space Used": 24082,
                                                                  "Sort Space Type": "Memory"
                                                                },
                                                                {
                                                                  "Worker Number": 2,
                                                                  "Sort Method": "quicksort",
                                                                  "Sort Space Used": 23789,
                                                                  "Sort Space Type": "Memory"
                                                                },
                                                                {
                                                                  "Worker Number": 3,
                                                                  "Sort Method": "quicksort",
                                                                  "Sort Space Used": 23890,
                                                                  "Sort Space Type": "Memory"
                                                                }
                                                              ],
                                                              "Plans": [
                                                                {
                                                                  "Node Type": "Seq Scan",
                                                                  "Parent Relationship": "Outer",
                                                                  "Parallel Aware": true,
                                                                  "Relation Name": "title",
                                                                  "Alias": "t",
                                                                  "Startup Cost": 0.0,
                                                                  "Total Cost": 43899.59,
                                                                  "Plan Rows": 347497,
                                                                  "Plan Width": 25,
                                                                  "Actual Startup Time": 0.054,
                                                                  "Actual Total Time": 123.829,
                                                                  "Actual Rows": 276291,
                                                                  "Actual Loops": 5,
                                                                  "Filter": "(production_year > 2000)",
                                                                  "Rows Removed by Filter": 229372
                                                                }
                                                              ]
                                                            },
                                                            {
                                                              "Node Type": "Sort",
                                                              "Parent Relationship": "Inner",
                                                              "Parallel Aware": false,
                                                              "Startup Cost": 7392.6,
                                                              "Total Cost": 7477.03,
                                                              "Plan Rows": 33772,
                                                              "Plan Width": 8,
                                                              "Actual Startup Time": 62.067,
                                                              "Actual Total Time": 65.371,
                                                              "Actual Rows": 49026,
                                                              "Actual Loops": 5,
                                                              "Sort Key": [
                                                                "cc.movie_id"
                                                              ],
                                                              "Sort Method": "quicksort",
                                                              "Sort Space Used": 3840,
                                                              "Sort Space Type": "Memory",
                                                              "Workers": [
                                                                {
                                                                  "Worker Number": 0,
                                                                  "Sort Method": "quicksort",
                                                                  "Sort Space Used": 3840,
                                                                  "Sort Space Type": "Memory"
                                                                },
                                                                {
                                                                  "Worker Number": 1,
                                                                  "Sort Method": "quicksort",
                                                                  "Sort Space Used": 3840,
                                                                  "Sort Space Type": "Memory"
                                                                },
                                                                {
                                                                  "Worker Number": 2,
                                                                  "Sort Method": "quicksort",
                                                                  "Sort Space Used": 3840,
                                                                  "Sort Space Type": "Memory"
                                                                },
                                                                {
                                                                  "Worker Number": 3,
                                                                  "Sort Method": "quicksort",
                                                                  "Sort Space Used": 3840,
                                                                  "Sort Space Type": "Memory"
                                                                }
                                                              ],
                                                              "Plans": [
                                                                {
                                                                  "Node Type": "Merge Join",
                                                                  "Parent Relationship": "Outer",
                                                                  "Parallel Aware": false,
                                                                  "Join Type": "Inner",
                                                                  "Startup Cost": 0.55,
                                                                  "Total Cost": 4852.35,
                                                                  "Plan Rows": 33772,
                                                                  "Plan Width": 8,
                                                                  "Actual Startup Time": 26.017,
                                                                  "Actual Total Time": 47.126,
                                                                  "Actual Rows": 49145,
                                                                  "Actual Loops": 5,
                                                                  "Inner Unique": true,
                                                                  "Merge Cond": "(cc.subject_id = cct1.id)",
                                                                  "Plans": [
                                                                    {
                                                                      "Node Type": "Index Scan",
                                                                      "Parent Relationship": "Outer",
                                                                      "Parallel Aware": false,
                                                                      "Scan Direction": "Forward",
                                                                      "Index Name": "subject_id_complete_cast",
                                                                      "Relation Name": "complete_cast",
                                                                      "Alias": "cc",
                                                                      "Startup Cost": 0.42,
                                                                      "Total Cost": 4164.71,
                                                                      "Plan Rows": 135086,
                                                                      "Plan Width": 12,
                                                                      "Actual Startup Time": 0.059,
                                                                      "Actual Total Time": 30.46,
                                                                      "Actual Rows": 135086,
                                                                      "Actual Loops": 5
                                                                    },
                                                                    {
                                                                      "Node Type": "Index Scan",
                                                                      "Parent Relationship": "Inner",
                                                                      "Parallel Aware": false,
                                                                      "Scan Direction": "Forward",
                                                                      "Index Name": "comp_cast_type_pkey",
                                                                      "Relation Name": "comp_cast_type",
                                                                      "Alias": "cct1",
                                                                      "Startup Cost": 0.13,
                                                                      "Total Cost": 12.2,
                                                                      "Plan Rows": 1,
                                                                      "Plan Width": 4,
                                                                      "Actual Startup Time": 0.017,
                                                                      "Actual Total Time": 0.017,
                                                                      "Actual Rows": 1,
                                                                      "Actual Loops": 5,
                                                                      "Filter": "((kind)::text = 'crew'::text)",
                                                                      "Rows Removed by Filter": 1
                                                                    }
                                                                  ]
                                                                }
                                                              ]
                                                            }
                                                          ]
                                                        }
                                                      ]
                                                    },
                                                    {
                                                      "Node Type": "Sort",
                                                      "Parent Relationship": "Inner",
                                                      "Parallel Aware": false,
                                                      "Startup Cost": 1.1,
                                                      "Total Cost": 1.1,
                                                      "Plan Rows": 2,
                                                      "Plan Width": 4,
                                                      "Actual Startup Time": 0.054,
                                                      "Actual Total Time": 0.054,
                                                      "Actual Rows": 2,
                                                      "Actual Loops": 5,
                                                      "Sort Key": [
                                                        "kt.id"
                                                      ],
                                                      "Sort Method": "quicksort",
                                                      "Sort Space Used": 25,
                                                      "Sort Space Type": "Memory",
                                                      "Workers": [
                                                        {
                                                          "Worker Number": 0,
                                                          "Sort Method": "quicksort",
                                                          "Sort Space Used": 25,
                                                          "Sort Space Type": "Memory"
                                                        },
                                                        {
                                                          "Worker Number": 1,
                                                          "Sort Method": "quicksort",
                                                          "Sort Space Used": 25,
                                                          "Sort Space Type": "Memory"
                                                        },
                                                        {
                                                          "Worker Number": 2,
                                                          "Sort Method": "quicksort",
                                                          "Sort Space Used": 25,
                                                          "Sort Space Type": "Memory"
                                                        },
                                                        {
                                                          "Worker Number": 3,
                                                          "Sort Method": "quicksort",
                                                          "Sort Space Used": 25,
                                                          "Sort Space Type": "Memory"
                                                        }
                                                      ],
                                                      "Plans": [
                                                        {
                                                          "Node Type": "Seq Scan",
                                                          "Parent Relationship": "Outer",
                                                          "Parallel Aware": false,
                                                          "Relation Name": "kind_type",
                                                          "Alias": "kt",
                                                          "Startup Cost": 0.0,
                                                          "Total Cost": 1.09,
                                                          "Plan Rows": 2,
                                                          "Plan Width": 4,
                                                          "Actual Startup Time": 0.044,
                                                          "Actual Total Time": 0.046,
                                                          "Actual Rows": 2,
                                                          "Actual Loops": 5,
                                                          "Filter": "((kind)::text = ANY ('{movie,episode}'::text[]))",
                                                          "Rows Removed by Filter": 5
                                                        }
                                                      ]
                                                    }
                                                  ]
                                                }
                                              ]
                                            },
                                            {
                                              "Node Type": "Sort",
                                              "Parent Relationship": "Inner",
                                              "Parallel Aware": false,
                                              "Startup Cost": 1.07,
                                              "Total Cost": 1.08,
                                              "Plan Rows": 3,
                                              "Plan Width": 4,
                                              "Actual Startup Time": 0.019,
                                              "Actual Total Time": 0.02,
                                              "Actual Rows": 3,
                                              "Actual Loops": 5,
                                              "Sort Key": [
                                                "cct2.id"
                                              ],
                                              "Sort Method": "quicksort",
                                              "Sort Space Used": 25,
                                              "Sort Space Type": "Memory",
                                              "Workers": [
                                                {
                                                  "Worker Number": 0,
                                                  "Sort Method": "quicksort",
                                                  "Sort Space Used": 25,
                                                  "Sort Space Type": "Memory"
                                                },
                                                {
                                                  "Worker Number": 1,
                                                  "Sort Method": "quicksort",
                                                  "Sort Space Used": 25,
                                                  "Sort Space Type": "Memory"
                                                },
                                                {
                                                  "Worker Number": 2,
                                                  "Sort Method": "quicksort",
                                                  "Sort Space Used": 25,
                                                  "Sort Space Type": "Memory"
                                                },
                                                {
                                                  "Worker Number": 3,
                                                  "Sort Method": "quicksort",
                                                  "Sort Space Used": 25,
                                                  "Sort Space Type": "Memory"
                                                }
                                              ],
                                              "Plans": [
                                                {
                                                  "Node Type": "Seq Scan",
                                                  "Parent Relationship": "Outer",
                                                  "Parallel Aware": false,
                                                  "Relation Name": "comp_cast_type",
                                                  "Alias": "cct2",
                                                  "Startup Cost": 0.0,
                                                  "Total Cost": 1.05,
                                                  "Plan Rows": 3,
                                                  "Plan Width": 4,
                                                  "Actual Startup Time": 0.014,
                                                  "Actual Total Time": 0.016,
                                                  "Actual Rows": 3,
                                                  "Actual Loops": 5,
                                                  "Filter": "((kind)::text <> 'complete+verified'::text)",
                                                  "Rows Removed by Filter": 1
                                                }
                                              ]
                                            }
                                          ]
                                        }
                                      ]
                                    }
                                  ]
                                }
                              ]
                            },
                            {
                              "Node Type": "Sort",
                              "Parent Relationship": "Inner",
                              "Parallel Aware": false,
                              "Startup Cost": 57545.01,
                              "Total Cost": 57884.15,
                              "Plan Rows": 135657,
                              "Plan Width": 12,
                              "Actual Startup Time": 207.354,
                              "Actual Total Time": 219.565,
                              "Actual Rows": 305238,
                              "Actual Loops": 1,
                              "Sort Key": [
                                "mc.movie_id"
                              ],
                              "Sort Method": "quicksort",
                              "Sort Space Used": 26504,
                              "Sort Space Type": "Memory",
                              "Plans": [
                                {
                                  "Node Type": "Gather",
                                  "Parent Relationship": "Outer",
                                  "Parallel Aware": false,
                                  "Startup Cost": 1000.0,
                                  "Total Cost": 45980.52,
                                  "Plan Rows": 135657,
                                  "Plan Width": 12,
                                  "Actual Startup Time": 0.483,
                                  "Actual Total Time": 149.385,
                                  "Actual Rows": 303271,
                                  "Actual Loops": 1,
                                  "Workers Planned": 3,
                                  "Workers Launched": 3,
                                  "Single Copy": false,
                                  "Plans": [
                                    {
                                      "Node Type": "Seq Scan",
                                      "Parent Relationship": "Outer",
                                      "Parallel Aware": true,
                                      "Relation Name": "movie_companies",
                                      "Alias": "mc",
                                      "Startup Cost": 0.0,
                                      "Total Cost": 31414.82,
                                      "Plan Rows": 43760,
                                      "Plan Width": 12,
                                      "Actual Startup Time": 0.086,
                                      "Actual Total Time": 135.747,
                                      "Actual Rows": 75818,
                                      "Actual Loops": 4,
                                      "Filter": "((note !~~ '%(USA)%'::text) AND (note ~~ '%(200%)%'::text))",
                                      "Rows Removed by Filter": 576464
                                    }
                                  ]
                                }
                              ]
                            }
                          ]
                        }
                      ]
                    },
                    {
                      "Node Type": "Sort",
                      "Parent Relationship": "Inner",
                      "Parallel Aware": false,
                      "Startup Cost": 1.08,
                      "Total Cost": 1.09,
                      "Plan Rows": 4,
                      "Plan Width": 4,
                      "Actual Startup Time": 0.028,
                      "Actual Total Time": 0.028,
                      "Actual Rows": 1,
                      "Actual Loops": 1,
                      "Sort Key": [
                        "ct.id"
                      ],
                      "Sort Method": "quicksort",
                      "Sort Space Used": 25,
                      "Sort Space Type": "Memory",
                      "Plans": [
                        {
                          "Node Type": "Seq Scan",
                          "Parent Relationship": "Outer",
                          "Parallel Aware": false,
                          "Relation Name": "company_type",
                          "Alias": "ct",
                          "Startup Cost": 0.0,
                          "Total Cost": 1.04,
                          "Plan Rows": 4,
                          "Plan Width": 4,
                          "Actual Startup Time": 0.018,
                          "Actual Total Time": 0.019,
                          "Actual Rows": 4,
                          "Actual Loops": 1
                        }
                      ]
                    }
                  ]
                }
              ]
            }
          ]
        }
      ]
    },
    "Planning Time": 6074.975,
    "Triggers": [],
    "Execution Time": 3587.648
  }
]