[
  {
    "Plan": {
      "Node Type": "Aggregate",
      "Strategy": "Plain",
      "Partial Mode": "Finalize",
      "Parallel Aware": false,
      "Startup Cost": 46250.32,
      "Total Cost": 46250.33,
      "Plan Rows": 1,
      "Plan Width": 8,
      "Actual Startup Time": 129.623,
      "Actual Total Time": 142.386,
      "Actual Rows": 1,
      "Actual Loops": 1,
      "Plans": [
        {
          "Node Type": "Gather",
          "Parent Relationship": "Outer",
          "Parallel Aware": false,
          "Startup Cost": 46249.9,
          "Total Cost": 46250.31,
          "Plan Rows": 4,
          "Plan Width": 8,
          "Actual Startup Time": 129.429,
          "Actual Total Time": 142.372,
          "Actual Rows": 5,
          "Actual Loops": 1,
          "Workers Planned": 4,
          "Workers Launched": 4,
          "Single Copy": false,
          "Plans": [
            {
              "Node Type": "Aggregate",
              "Strategy": "Plain",
              "Partial Mode": "Partial",
              "Parent Relationship": "Outer",
              "Parallel Aware": false,
              "Startup Cost": 45249.9,
              "Total Cost": 45249.91,
              "Plan Rows": 1,
              "Plan Width": 8,
              "Actual Startup Time": 122.975,
              "Actual Total Time": 122.977,
              "Actual Rows": 1,
              "Actual Loops": 5,
              "Plans": [
                {
                  "Node Type": "Seq Scan",
                  "Parent Relationship": "Outer",
                  "Parallel Aware": true,
                  "Relation Name": "title",
                  "Alias": "t",
                  "Startup Cost": 0.0,
                  "Total Cost": 43899.32,
                  "Plan Rows": 540232,
                  "Plan Width": 0,
                  "Actual Startup Time": 0.038,
                  "Actual Total Time": 100.196,
                  "Actual Rows": 429337,
                  "Actual Loops": 5,
                  "Filter": "(production_year > 1965)",
                  "Rows Removed by Filter": 76326
                }
              ]
            }
          ]
        }
      ]
    },
    "Planning Time": 0.085,
    "Triggers": [],
    "Execution Time": 142.419
  }
]