[
  {
    "Plan": {
      "Node Type": "Aggregate",
      "Strategy": "Plain",
      "Partial Mode": "Finalize",
      "Parallel Aware": false,
      "Startup Cost": 113946.09,
      "Total Cost": 113946.1,
      "Plan Rows": 1,
      "Plan Width": 8,
      "Actual Startup Time": 579.547,
      "Actual Total Time": 613.048,
      "Actual Rows": 1,
      "Actual Loops": 1,
      "Plans": [
        {
          "Node Type": "Gather",
          "Parent Relationship": "Outer",
          "Parallel Aware": false,
          "Startup Cost": 113945.77,
          "Total Cost": 113946.08,
          "Plan Rows": 3,
          "Plan Width": 8,
          "Actual Startup Time": 572.172,
          "Actual Total Time": 613.041,
          "Actual Rows": 4,
          "Actual Loops": 1,
          "Workers Planned": 3,
          "Workers Launched": 3,
          "Single Copy": false,
          "Plans": [
            {
              "Node Type": "Aggregate",
              "Strategy": "Plain",
              "Partial Mode": "Partial",
              "Parent Relationship": "Outer",
              "Parallel Aware": false,
              "Startup Cost": 112945.77,
              "Total Cost": 112945.78,
              "Plan Rows": 1,
              "Plan Width": 8,
              "Actual Startup Time": 550.415,
              "Actual Total Time": 550.421,
              "Actual Rows": 1,
              "Actual Loops": 4,
              "Plans": [
                {
                  "Node Type": "Hash Join",
                  "Parent Relationship": "Outer",
                  "Parallel Aware": true,
                  "Join Type": "Inner",
                  "Startup Cost": 81803.63,
                  "Total Cost": 112845.81,
                  "Plan Rows": 39985,
                  "Plan Width": 0,
                  "Actual Startup Time": 487.952,
                  "Actual Total Time": 545.768,
                  "Actual Rows": 118065,
                  "Actual Loops": 4,
                  "Inner Unique": false,
                  "Hash Cond": "(mc.movie_id = t.id)",
                  "Plans": [
                    {
                      "Node Type": "Seq Scan",
                      "Parent Relationship": "Outer",
                      "Parallel Aware": true,
                      "Relation Name": "movie_companies",
                      "Alias": "mc",
                      "Startup Cost": 0.0,
                      "Total Cost": 29310.68,
                      "Plan Rows": 427336,
                      "Plan Width": 4,
                      "Actual Startup Time": 28.634,
                      "Actual Total Time": 63.912,
                      "Actual Rows": 333721,
                      "Actual Loops": 4,
                      "Filter": "(company_type_id = 2)",
                      "Rows Removed by Filter": 318562
                    },
                    {
                      "Node Type": "Hash",
                      "Parent Relationship": "Inner",
                      "Parallel Aware": true,
                      "Startup Cost": 80849.72,
                      "Total Cost": 80849.72,
                      "Plan Rows": 76313,
                      "Plan Width": 8,
                      "Actual Startup Time": 433.475,
                      "Actual Total Time": 433.479,
                      "Actual Rows": 56734,
                      "Actual Loops": 4,
                      "Hash Buckets": 262144,
                      "Original Hash Buckets": 262144,
                      "Hash Batches": 1,
                      "Original Hash Batches": 1,
                      "Peak Memory Usage": 11008,
                      "Plans": [
                        {
                          "Node Type": "Hash Join",
                          "Parent Relationship": "Outer",
                          "Parallel Aware": true,
                          "Join Type": "Inner",
                          "Startup Cost": 55241.49,
                          "Total Cost": 80849.72,
                          "Plan Rows": 76313,
                          "Plan Width": 8,
                          "Actual Startup Time": 354.281,
                          "Actual Total Time": 413.97,
                          "Actual Rows": 56734,
                          "Actual Loops": 4,
                          "Inner Unique": true,
                          "Hash Cond": "(mk.movie_id = t.id)",
                          "Plans": [
                            {
                              "Node Type": "Bitmap Heap Scan",
                              "Parent Relationship": "Outer",
                              "Parallel Aware": true,
                              "Relation Name": "movie_keyword",
                              "Alias": "mk",
                              "Startup Cost": 5021.84,
                              "Total Cost": 30429.75,
                              "Plan Rows": 76313,
                              "Plan Width": 4,
                              "Actual Startup Time": 16.398,
                              "Actual Total Time": 54.329,
                              "Actual Rows": 56734,
                              "Actual Loops": 4,
                              "Recheck Cond": "(keyword_id > 63855)",
                              "Rows Removed by Index Recheck": 0,
                              "Exact Heap Blocks": 6426,
                              "Lossy Heap Blocks": 0,
                              "Plans": [
                                {
                                  "Node Type": "Bitmap Index Scan",
                                  "Parent Relationship": "Outer",
                                  "Parallel Aware": false,
                                  "Index Name": "keyword_id_movie_keyword",
                                  "Startup Cost": 0.0,
                                  "Total Cost": 4962.7,
                                  "Plan Rows": 236569,
                                  "Plan Width": 0,
                                  "Actual Startup Time": 13.373,
                                  "Actual Total Time": 13.373,
                                  "Actual Rows": 226938,
                                  "Actual Loops": 1,
                                  "Index Cond": "(keyword_id > 63855)"
                                }
                              ]
                            },
                            {
                              "Node Type": "Hash",
                              "Parent Relationship": "Inner",
                              "Parallel Aware": true,
                              "Startup Cost": 42318.73,
                              "Total Cost": 42318.73,
                              "Plan Rows": 632073,
                              "Plan Width": 4,
                              "Actual Startup Time": 328.661,
                              "Actual Total Time": 328.662,
                              "Actual Rows": 632078,
                              "Actual Loops": 4,
                              "Hash Buckets": 4194304,
                              "Original Hash Buckets": 4194304,
                              "Hash Batches": 1,
                              "Original Hash Batches": 1,
                              "Peak Memory Usage": 131776,
                              "Plans": [
                                {
                                  "Node Type": "Seq Scan",
                                  "Parent Relationship": "Outer",
                                  "Parallel Aware": true,
                                  "Relation Name": "title",
                                  "Alias": "t",
                                  "Startup Cost": 0.0,
                                  "Total Cost": 42318.73,
                                  "Plan Rows": 632073,
                                  "Plan Width": 4,
                                  "Actual Startup Time": 0.037,
                                  "Actual Total Time": 96.053,
                                  "Actual Rows": 632078,
                                  "Actual Loops": 4
                                }
                              ]
                            }
                          ]
                        }
                      ]
                    }
                  ]
                }
              ]
            }
          ]
        }
      ]
    },
    "Planning Time": 1.425,
    "Triggers": [],
    "Execution Time": 613.159
  }
]