{
  "Plan": {
    "Node Type": "Aggregate",
    "Strategy": "Plain",
    "Partial Mode": "Finalize",
    "Parallel Aware": false,
    "Startup Cost": 99160.23,
    "Total Cost": 99160.24,
    "Plan Rows": 1,
    "Plan Width": 8,
    "Actual Startup Time": 513.903,
    "Actual Total Time": 526.413,
    "Actual Rows": 1,
    "Actual Loops": 1,
    "Plans": [
      {
        "Node Type": "Gather",
        "Parent Relationship": "Outer",
        "Parallel Aware": false,
        "Startup Cost": 99160.12,
        "Total Cost": 99160.23,
        "Plan Rows": 1,
        "Plan Width": 8,
        "Actual Startup Time": 512.895,
        "Actual Total Time": 526.405,
        "Actual Rows": 2,
        "Actual Loops": 1,
        "Workers Planned": 1,
        "Workers Launched": 1,
        "Single Copy": false,
        "Plans": [
          {
            "Node Type": "Aggregate",
            "Strategy": "Plain",
            "Partial Mode": "Partial",
            "Parent Relationship": "Outer",
            "Parallel Aware": false,
            "Startup Cost": 98160.12,
            "Total Cost": 98160.13,
            "Plan Rows": 1,
            "Plan Width": 8,
            "Actual Startup Time": 509.51,
            "Actual Total Time": 509.694,
            "Actual Rows": 1,
            "Actual Loops": 2,
            "Plans": [
              {
                "Node Type": "Hash Join",
                "Parent Relationship": "Outer",
                "Parallel Aware": true,
                "Join Type": "Inner",
                "Startup Cost": 59704.87,
                "Total Cost": 97871.5,
                "Plan Rows": 115449,
                "Plan Width": 0,
                "Actual Startup Time": 202.19,
                "Actual Total Time": 497.426,
                "Actual Rows": 310354,
                "Actual Loops": 2,
                "Inner Unique": true,
                "Hash Cond": "(mc.movie_id = t.id)",
                "Plans": [
                  {
                    "Node Type": "Seq Scan",
                    "Parent Relationship": "Outer",
                    "Parallel Aware": true,
                    "Relation Name": "movie_companies",
                    "Alias": "mc",
                    "Startup Cost": 0.0,
                    "Total Cost": 34137.82,
                    "Plan Rows": 1534782,
                    "Plan Width": 4,
                    "Actual Startup Time": 0.012,
                    "Actual Total Time": 101.83,
                    "Actual Rows": 1304564,
                    "Actual Loops": 2
                  },
                  {
                    "Node Type": "Hash",
                    "Parent Relationship": "Inner",
                    "Parallel Aware": true,
                    "Startup Cost": 58306.47,
                    "Total Cost": 58306.47,
                    "Plan Rows": 111872,
                    "Plan Width": 4,
                    "Actual Startup Time": 198.46,
                    "Actual Total Time": 198.461,
                    "Actual Rows": 150323,
                    "Actual Loops": 2,
                    "Hash Buckets": 524288,
                    "Original Hash Buckets": 262144,
                    "Hash Batches": 1,
                    "Original Hash Batches": 1,
                    "Peak Memory Usage": 17952,
                    "Plans": [
                      {
                        "Node Type": "Seq Scan",
                        "Parent Relationship": "Outer",
                        "Parallel Aware": true,
                        "Relation Name": "title",
                        "Alias": "t",
                        "Startup Cost": 0.0,
                        "Total Cost": 58306.47,
                        "Plan Rows": 111872,
                        "Plan Width": 4,
                        "Actual Startup Time": 0.078,
                        "Actual Total Time": 148.697,
                        "Actual Rows": 150323,
                        "Actual Loops": 2,
                        "Filter": "((kind_id < 7) AND (production_year < 1979))",
                        "Rows Removed by Filter": 1113833
                      }
                    ]
                  }
                ]
              }
            ]
          }
        ]
      }
    ]
  },
  "Planning Time": 0.521,
  "Triggers": [],
  "Execution Time": 526.469
}