[
  {
    "Plan": {
      "Node Type": "Aggregate",
      "Strategy": "Plain",
      "Partial Mode": "Finalize",
      "Parallel Aware": false,
      "Startup Cost": 27125.76,
      "Total Cost": 27125.77,
      "Plan Rows": 1,
      "Plan Width": 8,
      "Actual Startup Time": 16.612,
      "Actual Total Time": 18.75,
      "Actual Rows": 1,
      "Actual Loops": 1,
      "Plans": [
        {
          "Node Type": "Gather",
          "Parent Relationship": "Outer",
          "Parallel Aware": false,
          "Startup Cost": 27125.55,
          "Total Cost": 27125.76,
          "Plan Rows": 2,
          "Plan Width": 8,
          "Actual Startup Time": 16.027,
          "Actual Total Time": 18.736,
          "Actual Rows": 3,
          "Actual Loops": 1,
          "Workers Planned": 2,
          "Workers Launched": 2,
          "Single Copy": false,
          "Plans": [
            {
              "Node Type": "Aggregate",
              "Strategy": "Plain",
              "Partial Mode": "Partial",
              "Parent Relationship": "Outer",
              "Parallel Aware": false,
              "Startup Cost": 26125.55,
              "Total Cost": 26125.56,
              "Plan Rows": 1,
              "Plan Width": 8,
              "Actual Startup Time": 7.968,
              "Actual Total Time": 7.971,
              "Actual Rows": 1,
              "Actual Loops": 3,
              "Plans": [
                {
                  "Node Type": "Nested Loop",
                  "Parent Relationship": "Outer",
                  "Parallel Aware": false,
                  "Join Type": "Inner",
                  "Startup Cost": 101.52,
                  "Total Cost": 26124.82,
                  "Plan Rows": 290,
                  "Plan Width": 0,
                  "Actual Startup Time": 3.596,
                  "Actual Total Time": 7.962,
                  "Actual Rows": 4,
                  "Actual Loops": 3,
                  "Inner Unique": true,
                  "Plans": [
                    {
                      "Node Type": "Nested Loop",
                      "Parent Relationship": "Outer",
                      "Parallel Aware": false,
                      "Join Type": "Inner",
                      "Startup Cost": 101.09,
                      "Total Cost": 24511.56,
                      "Plan Rows": 1919,
                      "Plan Width": 8,
                      "Actual Startup Time": 3.449,
                      "Actual Total Time": 7.767,
                      "Actual Rows": 4,
                      "Actual Loops": 3,
                      "Inner Unique": false,
                      "Plans": [
                        {
                          "Node Type": "Bitmap Heap Scan",
                          "Parent Relationship": "Outer",
                          "Parallel Aware": true,
                          "Relation Name": "movie_keyword",
                          "Alias": "mk",
                          "Startup Cost": 100.66,
                          "Total Cost": 11847.89,
                          "Plan Rows": 1948,
                          "Plan Width": 4,
                          "Actual Startup Time": 0.799,
                          "Actual Total Time": 1.922,
                          "Actual Rows": 1448,
                          "Actual Loops": 3,
                          "Recheck Cond": "(keyword_id = 29029)",
                          "Rows Removed by Index Recheck": 0,
                          "Exact Heap Blocks": 115,
                          "Lossy Heap Blocks": 0,
                          "Plans": [
                            {
                              "Node Type": "Bitmap Index Scan",
                              "Parent Relationship": "Outer",
                              "Parallel Aware": false,
                              "Index Name": "keyword_id_movie_keyword",
                              "Startup Cost": 0.0,
                              "Total Cost": 99.5,
                              "Plan Rows": 4675,
                              "Plan Width": 0,
                              "Actual Startup Time": 2.032,
                              "Actual Total Time": 2.033,
                              "Actual Rows": 4343,
                              "Actual Loops": 1,
                              "Index Cond": "(keyword_id = 29029)"
                            }
                          ]
                        },
                        {
                          "Node Type": "Index Scan",
                          "Parent Relationship": "Inner",
                          "Parallel Aware": false,
                          "Scan Direction": "Forward",
                          "Index Name": "movie_id_movie_info_idx",
                          "Relation Name": "movie_info_idx",
                          "Alias": "mi_idx",
                          "Startup Cost": 0.43,
                          "Total Cost": 6.49,
                          "Plan Rows": 1,
                          "Plan Width": 4,
                          "Actual Startup Time": 0.003,
                          "Actual Total Time": 0.003,
                          "Actual Rows": 0,
                          "Actual Loops": 4343,
                          "Index Cond": "(movie_id = mk.movie_id)",
                          "Rows Removed by Index Recheck": 0,
                          "Filter": "(info_type_id = 101)",
                          "Rows Removed by Filter": 0
                        }
                      ]
                    },
                    {
                      "Node Type": "Index Scan",
                      "Parent Relationship": "Inner",
                      "Parallel Aware": false,
                      "Scan Direction": "Forward",
                      "Index Name": "title_pkey",
                      "Relation Name": "title",
                      "Alias": "t",
                      "Startup Cost": 0.43,
                      "Total Cost": 0.84,
                      "Plan Rows": 1,
                      "Plan Width": 4,
                      "Actual Startup Time": 0.043,
                      "Actual Total Time": 0.043,
                      "Actual Rows": 1,
                      "Actual Loops": 13,
                      "Index Cond": "(id = mi_idx.movie_id)",
                      "Rows Removed by Index Recheck": 0,
                      "Filter": "(production_year < 2011)",
                      "Rows Removed by Filter": 0
                    }
                  ]
                }
              ]
            }
          ]
        }
      ]
    },
    "Planning Time": 1.354,
    "Triggers": [],
    "Execution Time": 18.855
  }
]