[
  {
    "Plan": {
      "Node Type": "Aggregate",
      "Strategy": "Plain",
      "Partial Mode": "Finalize",
      "Parallel Aware": false,
      "Startup Cost": 125959.0,
      "Total Cost": 125959.01,
      "Plan Rows": 1,
      "Plan Width": 8,
      "Actual Startup Time": 567.068,
      "Actual Total Time": 587.797,
      "Actual Rows": 1,
      "Actual Loops": 1,
      "Plans": [
        {
          "Node Type": "Gather",
          "Parent Relationship": "Outer",
          "Parallel Aware": false,
          "Startup Cost": 125958.69,
          "Total Cost": 125959.0,
          "Plan Rows": 3,
          "Plan Width": 8,
          "Actual Startup Time": 559.955,
          "Actual Total Time": 587.789,
          "Actual Rows": 4,
          "Actual Loops": 1,
          "Workers Planned": 3,
          "Workers Launched": 3,
          "Single Copy": false,
          "Plans": [
            {
              "Node Type": "Aggregate",
              "Strategy": "Plain",
              "Partial Mode": "Partial",
              "Parent Relationship": "Outer",
              "Parallel Aware": false,
              "Startup Cost": 124958.69,
              "Total Cost": 124958.7,
              "Plan Rows": 1,
              "Plan Width": 8,
              "Actual Startup Time": 555.987,
              "Actual Total Time": 556.187,
              "Actual Rows": 1,
              "Actual Loops": 4,
              "Plans": [
                {
                  "Node Type": "Hash Join",
                  "Parent Relationship": "Outer",
                  "Parallel Aware": true,
                  "Join Type": "Inner",
                  "Startup Cost": 80882.18,
                  "Total Cost": 124852.92,
                  "Plan Rows": 42305,
                  "Plan Width": 0,
                  "Actual Startup Time": 390.246,
                  "Actual Total Time": 541.269,
                  "Actual Rows": 324671,
                  "Actual Loops": 4,
                  "Inner Unique": false,
                  "Hash Cond": "(mk.movie_id = t.id)",
                  "Plans": [
                    {
                      "Node Type": "Seq Scan",
                      "Parent Relationship": "Outer",
                      "Parallel Aware": true,
                      "Relation Name": "movie_keyword",
                      "Alias": "mk",
                      "Startup Cost": 0.0,
                      "Total Cost": 42695.65,
                      "Plan Rows": 303633,
                      "Plan Width": 4,
                      "Actual Startup Time": 0.039,
                      "Actual Total Time": 92.303,
                      "Actual Rows": 236581,
                      "Actual Loops": 4,
                      "Filter": "(keyword_id < 889)",
                      "Rows Removed by Filter": 894402
                    },
                    {
                      "Node Type": "Hash",
                      "Parent Relationship": "Inner",
                      "Parallel Aware": true,
                      "Startup Cost": 79461.69,
                      "Total Cost": 79461.69,
                      "Plan Rows": 113639,
                      "Plan Width": 8,
                      "Actual Startup Time": 388.305,
                      "Actual Total Time": 388.504,
                      "Actual Rows": 90922,
                      "Actual Loops": 4,
                      "Hash Buckets": 524288,
                      "Original Hash Buckets": 524288,
                      "Hash Batches": 1,
                      "Original Hash Batches": 1,
                      "Peak Memory Usage": 18368,
                      "Plans": [
                        {
                          "Node Type": "Hash Join",
                          "Parent Relationship": "Outer",
                          "Parallel Aware": true,
                          "Join Type": "Inner",
                          "Startup Cost": 47367.21,
                          "Total Cost": 79461.69,
                          "Plan Rows": 113639,
                          "Plan Width": 8,
                          "Actual Startup Time": 221.589,
                          "Actual Total Time": 363.407,
                          "Actual Rows": 90922,
                          "Actual Loops": 4,
                          "Inner Unique": true,
                          "Hash Cond": "(mc.movie_id = t.id)",
                          "Plans": [
                            {
                              "Node Type": "Seq Scan",
                              "Parent Relationship": "Outer",
                              "Parallel Aware": true,
                              "Relation Name": "movie_companies",
                              "Alias": "mc",
                              "Startup Cost": 0.0,
                              "Total Cost": 31414.82,
                              "Plan Rows": 258919,
                              "Plan Width": 4,
                              "Actual Startup Time": 0.01,
                              "Actual Total Time": 73.749,
                              "Actual Rows": 279669,
                              "Actual Loops": 4,
                              "Filter": "((company_id < 18236) AND (company_type_id = 1))",
                              "Rows Removed by Filter": 372614
                            },
                            {
                              "Node Type": "Hash",
                              "Parent Relationship": "Inner",
                              "Parallel Aware": true,
                              "Startup Cost": 43899.32,
                              "Total Cost": 43899.32,
                              "Plan Rows": 277431,
                              "Plan Width": 4,
                              "Actual Startup Time": 217.792,
                              "Actual Total Time": 217.794,
                              "Actual Rows": 276981,
                              "Actual Loops": 4,
                              "Hash Buckets": 2097152,
                              "Original Hash Buckets": 2097152,
                              "Hash Batches": 1,
                              "Original Hash Batches": 1,
                              "Peak Memory Usage": 59776,
                              "Plans": [
                                {
                                  "Node Type": "Seq Scan",
                                  "Parent Relationship": "Outer",
                                  "Parallel Aware": true,
                                  "Relation Name": "title",
                                  "Alias": "t",
                                  "Startup Cost": 0.0,
                                  "Total Cost": 43899.32,
                                  "Plan Rows": 277431,
                                  "Plan Width": 4,
                                  "Actual Startup Time": 0.025,
                                  "Actual Total Time": 106.35,
                                  "Actual Rows": 276981,
                                  "Actual Loops": 4,
                                  "Filter": "(production_year > 2004)",
                                  "Rows Removed by Filter": 355097
                                }
                              ]
                            }
                          ]
                        }
                      ]
                    }
                  ]
                }
              ]
            }
          ]
        }
      ]
    },
    "Planning Time": 0.613,
    "Triggers": [],
    "Execution Time": 587.841
  }
]