[
  {
    "Plan": {
      "Node Type": "Aggregate",
      "Strategy": "Plain",
      "Partial Mode": "Finalize",
      "Parallel Aware": false,
      "Startup Cost": 38110.32,
      "Total Cost": 38110.33,
      "Plan Rows": 1,
      "Plan Width": 8,
      "Actual Startup Time": 133.148,
      "Actual Total Time": 141.041,
      "Actual Rows": 1,
      "Actual Loops": 1,
      "Plans": [
        {
          "Node Type": "Gather",
          "Parent Relationship": "Outer",
          "Parallel Aware": false,
          "Startup Cost": 38110.0,
          "Total Cost": 38110.31,
          "Plan Rows": 3,
          "Plan Width": 8,
          "Actual Startup Time": 132.918,
          "Actual Total Time": 141.03,
          "Actual Rows": 4,
          "Actual Loops": 1,
          "Workers Planned": 3,
          "Workers Launched": 3,
          "Single Copy": false,
          "Plans": [
            {
              "Node Type": "Aggregate",
              "Strategy": "Plain",
              "Partial Mode": "Partial",
              "Parent Relationship": "Outer",
              "Parallel Aware": false,
              "Startup Cost": 37110.0,
              "Total Cost": 37110.01,
              "Plan Rows": 1,
              "Plan Width": 8,
              "Actual Startup Time": 126.131,
              "Actual Total Time": 126.134,
              "Actual Rows": 1,
              "Actual Loops": 4,
              "Plans": [
                {
                  "Node Type": "Bitmap Heap Scan",
                  "Parent Relationship": "Outer",
                  "Parallel Aware": true,
                  "Relation Name": "movie_keyword",
                  "Alias": "mk",
                  "Startup Cost": 10305.37,
                  "Total Cost": 36718.23,
                  "Plan Rows": 156709,
                  "Plan Width": 0,
                  "Actual Startup Time": 46.151,
                  "Actual Total Time": 118.834,
                  "Actual Rows": 118081,
                  "Actual Loops": 4,
                  "Recheck Cond": "(keyword_id > 37703)",
                  "Rows Removed by Index Recheck": 0,
                  "Exact Heap Blocks": 9985,
                  "Lossy Heap Blocks": 0,
                  "Plans": [
                    {
                      "Node Type": "Bitmap Index Scan",
                      "Parent Relationship": "Outer",
                      "Parallel Aware": false,
                      "Index Name": "keyword_id_movie_keyword",
                      "Startup Cost": 0.0,
                      "Total Cost": 10183.92,
                      "Plan Rows": 485798,
                      "Plan Width": 0,
                      "Actual Startup Time": 48.675,
                      "Actual Total Time": 48.676,
                      "Actual Rows": 472325,
                      "Actual Loops": 1,
                      "Index Cond": "(keyword_id > 37703)"
                    }
                  ]
                }
              ]
            }
          ]
        }
      ]
    },
    "Planning Time": 0.198,
    "Triggers": [],
    "Execution Time": 141.121
  }
]