[
    {
        "Bao": {
            "Bao prediction": "NaN",
            "Bao recommended hint": "(no hint)"
        }
    },
    {
        "Plan": {
            "Node Type": "Aggregate",
            "Strategy": "Plain",
            "Partial Mode": "Finalize",
            "Parallel Aware": false,
            "Startup Cost": 294225.14,
            "Total Cost": 294225.15,
            "Plan Rows": 1,
            "Plan Width": 8,
            "Actual Startup Time": 154.911,
            "Actual Total Time": 160.258,
            "Actual Rows": 1,
            "Actual Loops": 1,
            "Output": [
                "count(*)"
            ],
            "Plans": [
                {
                    "Node Type": "Gather",
                    "Parent Relationship": "Outer",
                    "Parallel Aware": false,
                    "Startup Cost": 294224.51,
                    "Total Cost": 294225.12,
                    "Plan Rows": 6,
                    "Plan Width": 8,
                    "Actual Startup Time": 154.098,
                    "Actual Total Time": 160.251,
                    "Actual Rows": 7,
                    "Actual Loops": 1,
                    "Output": [
                        "(PARTIAL count(*))"
                    ],
                    "Workers Planned": 6,
                    "Workers Launched": 6,
                    "Single Copy": false,
                    "Plans": [
                        {
                            "Node Type": "Aggregate",
                            "Strategy": "Plain",
                            "Partial Mode": "Partial",
                            "Parent Relationship": "Outer",
                            "Parallel Aware": false,
                            "Startup Cost": 293224.51,
                            "Total Cost": 293224.52,
                            "Plan Rows": 1,
                            "Plan Width": 8,
                            "Actual Startup Time": 143.629,
                            "Actual Total Time": 143.631,
                            "Actual Rows": 1,
                            "Actual Loops": 7,
                            "Output": [
                                "PARTIAL count(*)"
                            ],
                            "Workers": [
                                {
                                    "Worker Number": 0,
                                    "Actual Startup Time": 141.514,
                                    "Actual Total Time": 141.516,
                                    "Actual Rows": 1,
                                    "Actual Loops": 1
                                },
                                {
                                    "Worker Number": 1,
                                    "Actual Startup Time": 141.748,
                                    "Actual Total Time": 141.75,
                                    "Actual Rows": 1,
                                    "Actual Loops": 1
                                },
                                {
                                    "Worker Number": 2,
                                    "Actual Startup Time": 142.015,
                                    "Actual Total Time": 142.016,
                                    "Actual Rows": 1,
                                    "Actual Loops": 1
                                },
                                {
                                    "Worker Number": 3,
                                    "Actual Startup Time": 141.978,
                                    "Actual Total Time": 141.979,
                                    "Actual Rows": 1,
                                    "Actual Loops": 1
                                },
                                {
                                    "Worker Number": 4,
                                    "Actual Startup Time": 142.443,
                                    "Actual Total Time": 142.445,
                                    "Actual Rows": 1,
                                    "Actual Loops": 1
                                },
                                {
                                    "Worker Number": 5,
                                    "Actual Startup Time": 141.966,
                                    "Actual Total Time": 141.967,
                                    "Actual Rows": 1,
                                    "Actual Loops": 1
                                }
                            ],
                            "Plans": [
                                {
                                    "Node Type": "Bitmap Heap Scan",
                                    "Parent Relationship": "Outer",
                                    "Parallel Aware": true,
                                    "Relation Name": "cast_info",
                                    "Schema": "public",
                                    "Alias": "ci",
                                    "Startup Cost": 36118.47,
                                    "Total Cost": 292921.5,
                                    "Plan Rows": 121204,
                                    "Plan Width": 0,
                                    "Actual Startup Time": 113.743,
                                    "Actual Total Time": 139.816,
                                    "Actual Rows": 66820,
                                    "Actual Loops": 7,
                                    "Recheck Cond": "(ci.person_id < 165380)",
                                    "Rows Removed by Index Recheck": 0,
                                    "Filter": "(ci.role_id > 2)",
                                    "Rows Removed by Filter": 170039,
                                    "Exact Heap Blocks": 5483,
                                    "Lossy Heap Blocks": 0,
                                    "Workers": [
                                        {
                                            "Worker Number": 0,
                                            "Actual Startup Time": 111.638,
                                            "Actual Total Time": 137.686,
                                            "Actual Rows": 54910,
                                            "Actual Loops": 1
                                        },
                                        {
                                            "Worker Number": 1,
                                            "Actual Startup Time": 111.857,
                                            "Actual Total Time": 137.974,
                                            "Actual Rows": 54480,
                                            "Actual Loops": 1
                                        },
                                        {
                                            "Worker Number": 2,
                                            "Actual Startup Time": 112.13,
                                            "Actual Total Time": 138.356,
                                            "Actual Rows": 52311,
                                            "Actual Loops": 1
                                        },
                                        {
                                            "Worker Number": 3,
                                            "Actual Startup Time": 112.086,
                                            "Actual Total Time": 138.31,
                                            "Actual Rows": 53121,
                                            "Actual Loops": 1
                                        },
                                        {
                                            "Worker Number": 4,
                                            "Actual Startup Time": 112.561,
                                            "Actual Total Time": 138.844,
                                            "Actual Rows": 84120,
                                            "Actual Loops": 1
                                        },
                                        {
                                            "Worker Number": 5,
                                            "Actual Startup Time": 112.092,
                                            "Actual Total Time": 138.278,
                                            "Actual Rows": 52544,
                                            "Actual Loops": 1
                                        }
                                    ],
                                    "Plans": [
                                        {
                                            "Node Type": "Bitmap Index Scan",
                                            "Parent Relationship": "Outer",
                                            "Parallel Aware": false,
                                            "Index Name": "person_id_cast_info",
                                            "Startup Cost": 0.0,
                                            "Total Cost": 35936.66,
                                            "Plan Rows": 1646413,
                                            "Plan Width": 0,
                                            "Actual Startup Time": 74.935,
                                            "Actual Total Time": 74.935,
                                            "Actual Rows": 1658014,
                                            "Actual Loops": 1,
                                            "Index Cond": "(ci.person_id < 165380)"
                                        }
                                    ]
                                }
                            ]
                        }
                    ]
                }
            ]
        },
        "Planning Time": 218.813,
        "Triggers": [],
        "Execution Time": 160.317
    }
]