{
  "Plan": {
    "Node Type": "Aggregate",
    "Strategy": "Plain",
    "Partial Mode": "Finalize",
    "Parallel Aware": false,
    "Startup Cost": 576351.04,
    "Total Cost": 576351.05,
    "Plan Rows": 1,
    "Plan Width": 8,
    "Actual Startup Time": 2935.587,
    "Actual Total Time": 2967.252,
    "Actual Rows": 1,
    "Actual Loops": 1,
    "Plans": [
      {
        "Node Type": "Gather",
        "Parent Relationship": "Outer",
        "Parallel Aware": false,
        "Startup Cost": 576350.93,
        "Total Cost": 576351.04,
        "Plan Rows": 1,
        "Plan Width": 8,
        "Actual Startup Time": 2929.919,
        "Actual Total Time": 2967.242,
        "Actual Rows": 2,
        "Actual Loops": 1,
        "Workers Planned": 1,
        "Workers Launched": 1,
        "Single Copy": false,
        "Plans": [
          {
            "Node Type": "Aggregate",
            "Strategy": "Plain",
            "Partial Mode": "Partial",
            "Parent Relationship": "Outer",
            "Parallel Aware": false,
            "Startup Cost": 575350.93,
            "Total Cost": 575350.94,
            "Plan Rows": 1,
            "Plan Width": 8,
            "Actual Startup Time": 2922.181,
            "Actual Total Time": 2922.186,
            "Actual Rows": 1,
            "Actual Loops": 2,
            "Plans": [
              {
                "Node Type": "Hash Join",
                "Parent Relationship": "Outer",
                "Parallel Aware": true,
                "Join Type": "Inner",
                "Startup Cost": 246028.57,
                "Total Cost": 573316.07,
                "Plan Rows": 813942,
                "Plan Width": 0,
                "Actual Startup Time": 818.419,
                "Actual Total Time": 2819.92,
                "Actual Rows": 2652534,
                "Actual Loops": 2,
                "Inner Unique": false,
                "Hash Cond": "(t.id = mi_idx.movie_id)",
                "Plans": [
                  {
                    "Node Type": "Hash Join",
                    "Parent Relationship": "Outer",
                    "Parallel Aware": true,
                    "Join Type": "Inner",
                    "Startup Cost": 219828.4,
                    "Total Cost": 534872.11,
                    "Plan Rows": 1491182,
                    "Plan Width": 8,
                    "Actual Startup Time": 601.522,
                    "Actual Total Time": 1935.196,
                    "Actual Rows": 1408069,
                    "Actual Loops": 2,
                    "Inner Unique": true,
                    "Hash Cond": "(ci.movie_id = t.id)",
                    "Plans": [
                      {
                        "Node Type": "Bitmap Heap Scan",
                        "Parent Relationship": "Outer",
                        "Parallel Aware": true,
                        "Relation Name": "cast_info",
                        "Alias": "ci",
                        "Startup Cost": 154797.87,
                        "Total Cost": 459019.32,
                        "Plan Rows": 4122756,
                        "Plan Width": 4,
                        "Actual Startup Time": 363.365,
                        "Actual Total Time": 720.725,
                        "Actual Rows": 3591574,
                        "Actual Loops": 2,
                        "Recheck Cond": "(person_id < 694163)",
                        "Rows Removed by Index Recheck": 0,
                        "Exact Heap Blocks": 38965,
                        "Lossy Heap Blocks": 0,
                        "Plans": [
                          {
                            "Node Type": "Bitmap Index Scan",
                            "Parent Relationship": "Outer",
                            "Parallel Aware": false,
                            "Index Name": "person_id_cast_info",
                            "Startup Cost": 0.0,
                            "Total Cost": 153045.7,
                            "Plan Rows": 7008685,
                            "Plan Width": 0,
                            "Actual Startup Time": 350.222,
                            "Actual Total Time": 350.223,
                            "Actual Rows": 7183147,
                            "Actual Loops": 1,
                            "Index Cond": "(person_id < 694163)"
                          }
                        ]
                      },
                      {
                        "Node Type": "Hash",
                        "Parent Relationship": "Inner",
                        "Parallel Aware": true,
                        "Startup Cost": 58306.47,
                        "Total Cost": 58306.47,
                        "Plan Rows": 537925,
                        "Plan Width": 4,
                        "Actual Startup Time": 234.38,
                        "Actual Total Time": 234.381,
                        "Actual Rows": 424962,
                        "Actual Loops": 2,
                        "Hash Buckets": 1048576,
                        "Original Hash Buckets": 1048576,
                        "Hash Batches": 1,
                        "Original Hash Batches": 1,
                        "Peak Memory Usage": 41472,
                        "Plans": [
                          {
                            "Node Type": "Seq Scan",
                            "Parent Relationship": "Outer",
                            "Parallel Aware": true,
                            "Relation Name": "title",
                            "Alias": "t",
                            "Startup Cost": 0.0,
                            "Total Cost": 58306.47,
                            "Plan Rows": 537925,
                            "Plan Width": 4,
                            "Actual Startup Time": 0.015,
                            "Actual Total Time": 141.619,
                            "Actual Rows": 424962,
                            "Actual Loops": 2,
                            "Filter": "((kind_id < 7) AND (production_year > 1934))",
                            "Rows Removed by Filter": 839194
                          }
                        ]
                      }
                    ]
                  },
                  {
                    "Node Type": "Hash",
                    "Parent Relationship": "Inner",
                    "Parallel Aware": true,
                    "Startup Cost": 16052.85,
                    "Total Cost": 16052.85,
                    "Plan Rows": 811785,
                    "Plan Width": 4,
                    "Actual Startup Time": 202.776,
                    "Actual Total Time": 202.777,
                    "Actual Rows": 690018,
                    "Actual Loops": 2,
                    "Hash Buckets": 2097152,
                    "Original Hash Buckets": 2097152,
                    "Hash Batches": 1,
                    "Original Hash Batches": 1,
                    "Peak Memory Usage": 70432,
                    "Plans": [
                      {
                        "Node Type": "Seq Scan",
                        "Parent Relationship": "Outer",
                        "Parallel Aware": true,
                        "Relation Name": "movie_info_idx",
                        "Alias": "mi_idx",
                        "Startup Cost": 0.0,
                        "Total Cost": 16052.85,
                        "Plan Rows": 811785,
                        "Plan Width": 4,
                        "Actual Startup Time": 0.062,
                        "Actual Total Time": 69.47,
                        "Actual Rows": 690018,
                        "Actual Loops": 2
                      }
                    ]
                  }
                ]
              }
            ]
          }
        ]
      }
    ]
  },
  "Planning Time": 0.945,
  "Triggers": [],
  "Execution Time": 2967.357
}