[
  {
    "Plan": {
      "Node Type": "Aggregate",
      "Strategy": "Plain",
      "Partial Mode": "Finalize",
      "Parallel Aware": false,
      "Startup Cost": 47039.54,
      "Total Cost": 47039.55,
      "Plan Rows": 1,
      "Plan Width": 8,
      "Actual Startup Time": 180.692,
      "Actual Total Time": 189.398,
      "Actual Rows": 1,
      "Actual Loops": 1,
      "Plans": [
        {
          "Node Type": "Gather",
          "Parent Relationship": "Outer",
          "Parallel Aware": false,
          "Startup Cost": 47039.22,
          "Total Cost": 47039.53,
          "Plan Rows": 3,
          "Plan Width": 8,
          "Actual Startup Time": 180.565,
          "Actual Total Time": 189.39,
          "Actual Rows": 4,
          "Actual Loops": 1,
          "Workers Planned": 3,
          "Workers Launched": 3,
          "Single Copy": false,
          "Plans": [
            {
              "Node Type": "Aggregate",
              "Strategy": "Plain",
              "Partial Mode": "Partial",
              "Parent Relationship": "Outer",
              "Parallel Aware": false,
              "Startup Cost": 46039.22,
              "Total Cost": 46039.23,
              "Plan Rows": 1,
              "Plan Width": 8,
              "Actual Startup Time": 172.177,
              "Actual Total Time": 172.179,
              "Actual Rows": 1,
              "Actual Loops": 4,
              "Plans": [
                {
                  "Node Type": "Seq Scan",
                  "Parent Relationship": "Outer",
                  "Parallel Aware": true,
                  "Relation Name": "movie_keyword",
                  "Alias": "mk",
                  "Startup Cost": 0.0,
                  "Total Cost": 42695.65,
                  "Plan Rows": 1337428,
                  "Plan Width": 0,
                  "Actual Startup Time": 0.057,
                  "Actual Total Time": 124.747,
                  "Actual Rows": 1036312,
                  "Actual Loops": 4,
                  "Filter": "(keyword_id < 45049)",
                  "Rows Removed by Filter": 94671
                }
              ]
            }
          ]
        }
      ]
    },
    "Planning Time": 0.149,
    "Triggers": [],
    "Execution Time": 189.455
  }
]