[
  {
    "Plan": {
      "Node Type": "Aggregate",
      "Strategy": "Plain",
      "Partial Mode": "Finalize",
      "Parallel Aware": false,
      "Startup Cost": 33397.62,
      "Total Cost": 33397.63,
      "Plan Rows": 1,
      "Plan Width": 8,
      "Actual Startup Time": 93.332,
      "Actual Total Time": 101.605,
      "Actual Rows": 1,
      "Actual Loops": 1,
      "Plans": [
        {
          "Node Type": "Gather",
          "Parent Relationship": "Outer",
          "Parallel Aware": false,
          "Startup Cost": 33397.31,
          "Total Cost": 33397.62,
          "Plan Rows": 3,
          "Plan Width": 8,
          "Actual Startup Time": 93.217,
          "Actual Total Time": 101.596,
          "Actual Rows": 4,
          "Actual Loops": 1,
          "Workers Planned": 3,
          "Workers Launched": 3,
          "Single Copy": false,
          "Plans": [
            {
              "Node Type": "Aggregate",
              "Strategy": "Plain",
              "Partial Mode": "Partial",
              "Parent Relationship": "Outer",
              "Parallel Aware": false,
              "Startup Cost": 32397.31,
              "Total Cost": 32397.32,
              "Plan Rows": 1,
              "Plan Width": 8,
              "Actual Startup Time": 89.627,
              "Actual Total Time": 89.628,
              "Actual Rows": 1,
              "Actual Loops": 4,
              "Plans": [
                {
                  "Node Type": "Seq Scan",
                  "Parent Relationship": "Outer",
                  "Parallel Aware": true,
                  "Relation Name": "movie_companies",
                  "Alias": "mc",
                  "Startup Cost": 0.0,
                  "Total Cost": 31414.82,
                  "Plan Rows": 392995,
                  "Plan Width": 0,
                  "Actual Startup Time": 38.488,
                  "Actual Total Time": 76.195,
                  "Actual Rows": 321076,
                  "Actual Loops": 4,
                  "Filter": "((company_id > 73) AND (company_type_id = 2))",
                  "Rows Removed by Filter": 331206
                }
              ]
            }
          ]
        }
      ]
    },
    "Planning Time": 0.131,
    "Triggers": [],
    "Execution Time": 101.641
  }
]