{
  "Plan": {
    "Node Type": "Aggregate",
    "Strategy": "Plain",
    "Partial Mode": "Finalize",
    "Parallel Aware": false,
    "Startup Cost": 283125.66,
    "Total Cost": 283125.67,
    "Plan Rows": 1,
    "Plan Width": 8,
    "Actual Startup Time": 988.442,
    "Actual Total Time": 1009.645,
    "Actual Rows": 1,
    "Actual Loops": 1,
    "Plans": [
      {
        "Node Type": "Gather",
        "Parent Relationship": "Outer",
        "Parallel Aware": false,
        "Startup Cost": 283125.54,
        "Total Cost": 283125.65,
        "Plan Rows": 1,
        "Plan Width": 8,
        "Actual Startup Time": 982.65,
        "Actual Total Time": 1009.634,
        "Actual Rows": 2,
        "Actual Loops": 1,
        "Workers Planned": 1,
        "Workers Launched": 1,
        "Single Copy": false,
        "Plans": [
          {
            "Node Type": "Aggregate",
            "Strategy": "Plain",
            "Partial Mode": "Partial",
            "Parent Relationship": "Outer",
            "Parallel Aware": false,
            "Startup Cost": 282125.54,
            "Total Cost": 282125.55,
            "Plan Rows": 1,
            "Plan Width": 8,
            "Actual Startup Time": 976.294,
            "Actual Total Time": 976.302,
            "Actual Rows": 1,
            "Actual Loops": 2,
            "Plans": [
              {
                "Node Type": "Hash Join",
                "Parent Relationship": "Outer",
                "Parallel Aware": true,
                "Join Type": "Inner",
                "Startup Cost": 257169.12,
                "Total Cost": 281996.43,
                "Plan Rows": 51646,
                "Plan Width": 0,
                "Actual Startup Time": 842.104,
                "Actual Total Time": 967.564,
                "Actual Rows": 179442,
                "Actual Loops": 2,
                "Inner Unique": false,
                "Hash Cond": "(mc.movie_id = t.id)",
                "Plans": [
                  {
                    "Node Type": "Bitmap Heap Scan",
                    "Parent Relationship": "Outer",
                    "Parallel Aware": true,
                    "Relation Name": "movie_companies",
                    "Alias": "mc",
                    "Startup Cost": 12996.98,
                    "Total Cost": 36197.37,
                    "Plan Rows": 352831,
                    "Plan Width": 4,
                    "Actual Startup Time": 31.53,
                    "Actual Total Time": 82.176,
                    "Actual Rows": 306940,
                    "Actual Loops": 2,
                    "Recheck Cond": "(company_id > 63831)",
                    "Rows Removed by Index Recheck": 0,
                    "Exact Heap Blocks": 6063,
                    "Lossy Heap Blocks": 0,
                    "Plans": [
                      {
                        "Node Type": "Bitmap Index Scan",
                        "Parent Relationship": "Outer",
                        "Parallel Aware": false,
                        "Index Name": "company_id_movie_companies",
                        "Startup Cost": 0.0,
                        "Total Cost": 12847.03,
                        "Plan Rows": 599813,
                        "Plan Width": 0,
                        "Actual Startup Time": 30.128,
                        "Actual Total Time": 30.129,
                        "Actual Rows": 613879,
                        "Actual Loops": 1,
                        "Index Cond": "(company_id > 63831)"
                      }
                    ]
                  },
                  {
                    "Node Type": "Hash",
                    "Parent Relationship": "Inner",
                    "Parallel Aware": true,
                    "Startup Cost": 241450.94,
                    "Total Cost": 241450.94,
                    "Plan Rows": 217696,
                    "Plan Width": 8,
                    "Actual Startup Time": 805.574,
                    "Actual Total Time": 805.579,
                    "Actual Rows": 184109,
                    "Actual Loops": 2,
                    "Hash Buckets": 524288,
                    "Original Hash Buckets": 524288,
                    "Hash Batches": 1,
                    "Original Hash Batches": 1,
                    "Peak Memory Usage": 18528,
                    "Plans": [
                      {
                        "Node Type": "Hash Join",
                        "Parent Relationship": "Outer",
                        "Parallel Aware": true,
                        "Join Type": "Inner",
                        "Startup Cost": 76165.29,
                        "Total Cost": 241450.94,
                        "Plan Rows": 217696,
                        "Plan Width": 8,
                        "Actual Startup Time": 653.157,
                        "Actual Total Time": 758.404,
                        "Actual Rows": 184109,
                        "Actual Loops": 2,
                        "Inner Unique": true,
                        "Hash Cond": "(mi.movie_id = t.id)",
                        "Plans": [
                          {
                            "Node Type": "Bitmap Heap Scan",
                            "Parent Relationship": "Outer",
                            "Parallel Aware": true,
                            "Relation Name": "movie_info",
                            "Alias": "mi",
                            "Startup Cost": 6704.59,
                            "Total Cost": 171418.79,
                            "Plan Rows": 217696,
                            "Plan Width": 4,
                            "Actual Startup Time": 20.473,
                            "Actual Total Time": 61.27,
                            "Actual Rows": 184109,
                            "Actual Loops": 2,
                            "Recheck Cond": "(info_type_id = 17)",
                            "Rows Removed by Index Recheck": 0,
                            "Exact Heap Blocks": 6934,
                            "Lossy Heap Blocks": 0,
                            "Plans": [
                              {
                                "Node Type": "Bitmap Index Scan",
                                "Parent Relationship": "Outer",
                                "Parallel Aware": false,
                                "Index Name": "info_type_id_movie_info",
                                "Startup Cost": 0.0,
                                "Total Cost": 6612.07,
                                "Plan Rows": 370084,
                                "Plan Width": 0,
                                "Actual Startup Time": 18.932,
                                "Actual Total Time": 18.932,
                                "Actual Rows": 368218,
                                "Actual Loops": 1,
                                "Index Cond": "(info_type_id = 17)"
                              }
                            ]
                          },
                          {
                            "Node Type": "Hash",
                            "Parent Relationship": "Inner",
                            "Parallel Aware": true,
                            "Startup Cost": 50870.31,
                            "Total Cost": 50870.31,
                            "Plan Rows": 1487231,
                            "Plan Width": 4,
                            "Actual Startup Time": 616.788,
                            "Actual Total Time": 616.789,
                            "Actual Rows": 1264156,
                            "Actual Loops": 2,
                            "Hash Buckets": 4194304,
                            "Original Hash Buckets": 4194304,
                            "Hash Batches": 1,
                            "Original Hash Batches": 1,
                            "Peak Memory Usage": 131680,
                            "Plans": [
                              {
                                "Node Type": "Seq Scan",
                                "Parent Relationship": "Outer",
                                "Parallel Aware": true,
                                "Relation Name": "title",
                                "Alias": "t",
                                "Startup Cost": 0.0,
                                "Total Cost": 50870.31,
                                "Plan Rows": 1487231,
                                "Plan Width": 4,
                                "Actual Startup Time": 0.047,
                                "Actual Total Time": 182.561,
                                "Actual Rows": 1264156,
                                "Actual Loops": 2
                              }
                            ]
                          }
                        ]
                      }
                    ]
                  }
                ]
              }
            ]
          }
        ]
      }
    ]
  },
  "Planning Time": 0.834,
  "Triggers": [],
  "Execution Time": 1009.743
}