[
    {
        "Bao": {
            "Bao prediction": 669.9,
            "Bao recommended hint": "(no hint)"
        }
    },
    {
        "Plan": {
            "Node Type": "Aggregate",
            "Strategy": "Plain",
            "Partial Mode": "Finalize",
            "Parallel Aware": false,
            "Startup Cost": 40950.83,
            "Total Cost": 40950.84,
            "Plan Rows": 1,
            "Plan Width": 8,
            "Actual Startup Time": 162.586,
            "Actual Total Time": 170.77,
            "Actual Rows": 1,
            "Actual Loops": 1,
            "Output": [
                "count(*)"
            ],
            "Plans": [
                {
                    "Node Type": "Gather",
                    "Parent Relationship": "Outer",
                    "Parallel Aware": false,
                    "Startup Cost": 40950.51,
                    "Total Cost": 40950.82,
                    "Plan Rows": 3,
                    "Plan Width": 8,
                    "Actual Startup Time": 162.198,
                    "Actual Total Time": 170.761,
                    "Actual Rows": 4,
                    "Actual Loops": 1,
                    "Output": [
                        "(PARTIAL count(*))"
                    ],
                    "Workers Planned": 3,
                    "Workers Launched": 3,
                    "Single Copy": false,
                    "Plans": [
                        {
                            "Node Type": "Aggregate",
                            "Strategy": "Plain",
                            "Partial Mode": "Partial",
                            "Parent Relationship": "Outer",
                            "Parallel Aware": false,
                            "Startup Cost": 39950.51,
                            "Total Cost": 39950.52,
                            "Plan Rows": 1,
                            "Plan Width": 8,
                            "Actual Startup Time": 153.307,
                            "Actual Total Time": 153.308,
                            "Actual Rows": 1,
                            "Actual Loops": 4,
                            "Output": [
                                "PARTIAL count(*)"
                            ],
                            "Workers": [
                                {
                                    "Worker Number": 0,
                                    "Actual Startup Time": 150.474,
                                    "Actual Total Time": 150.475,
                                    "Actual Rows": 1,
                                    "Actual Loops": 1
                                },
                                {
                                    "Worker Number": 1,
                                    "Actual Startup Time": 150.473,
                                    "Actual Total Time": 150.475,
                                    "Actual Rows": 1,
                                    "Actual Loops": 1
                                },
                                {
                                    "Worker Number": 2,
                                    "Actual Startup Time": 150.637,
                                    "Actual Total Time": 150.638,
                                    "Actual Rows": 1,
                                    "Actual Loops": 1
                                }
                            ],
                            "Plans": [
                                {
                                    "Node Type": "Bitmap Heap Scan",
                                    "Parent Relationship": "Outer",
                                    "Parallel Aware": true,
                                    "Relation Name": "movie_keyword",
                                    "Schema": "public",
                                    "Alias": "mk",
                                    "Startup Cost": 12618.33,
                                    "Total Cost": 39470.81,
                                    "Plan Rows": 191879,
                                    "Plan Width": 0,
                                    "Actual Startup Time": 57.175,
                                    "Actual Total Time": 141.883,
                                    "Actual Rows": 150493,
                                    "Actual Loops": 4,
                                    "Recheck Cond": "(mk.keyword_id < 446)",
                                    "Rows Removed by Index Recheck": 0,
                                    "Exact Heap Blocks": 9665,
                                    "Lossy Heap Blocks": 0,
                                    "Workers": [
                                        {
                                            "Worker Number": 0,
                                            "Actual Startup Time": 54.503,
                                            "Actual Total Time": 139.978,
                                            "Actual Rows": 127565,
                                            "Actual Loops": 1
                                        },
                                        {
                                            "Worker Number": 1,
                                            "Actual Startup Time": 54.461,
                                            "Actual Total Time": 140.129,
                                            "Actual Rows": 125212,
                                            "Actual Loops": 1
                                        },
                                        {
                                            "Worker Number": 2,
                                            "Actual Startup Time": 54.475,
                                            "Actual Total Time": 140.93,
                                            "Actual Rows": 113505,
                                            "Actual Loops": 1
                                        }
                                    ],
                                    "Plans": [
                                        {
                                            "Node Type": "Bitmap Index Scan",
                                            "Parent Relationship": "Outer",
                                            "Parallel Aware": false,
                                            "Index Name": "keyword_id_movie_keyword",
                                            "Startup Cost": 0.0,
                                            "Total Cost": 12469.62,
                                            "Plan Rows": 594825,
                                            "Plan Width": 0,
                                            "Actual Startup Time": 59.539,
                                            "Actual Total Time": 59.539,
                                            "Actual Rows": 601971,
                                            "Actual Loops": 1,
                                            "Index Cond": "(mk.keyword_id < 446)"
                                        }
                                    ]
                                }
                            ]
                        }
                    ]
                }
            ]
        },
        "Planning Time": 1083.539,
        "Triggers": [],
        "Execution Time": 170.887
    }
]