{
  "Plan": {
    "Node Type": "Aggregate",
    "Strategy": "Plain",
    "Partial Mode": "Finalize",
    "Parallel Aware": false,
    "Startup Cost": 662457.53,
    "Total Cost": 662457.54,
    "Plan Rows": 1,
    "Plan Width": 8,
    "Actual Startup Time": 3454.449,
    "Actual Total Time": 3513.316,
    "Actual Rows": 1,
    "Actual Loops": 1,
    "Plans": [
      {
        "Node Type": "Gather",
        "Parent Relationship": "Outer",
        "Parallel Aware": false,
        "Startup Cost": 662457.42,
        "Total Cost": 662457.53,
        "Plan Rows": 1,
        "Plan Width": 8,
        "Actual Startup Time": 3454.259,
        "Actual Total Time": 3513.305,
        "Actual Rows": 2,
        "Actual Loops": 1,
        "Workers Planned": 1,
        "Workers Launched": 1,
        "Single Copy": false,
        "Plans": [
          {
            "Node Type": "Aggregate",
            "Strategy": "Plain",
            "Partial Mode": "Partial",
            "Parent Relationship": "Outer",
            "Parallel Aware": false,
            "Startup Cost": 661457.42,
            "Total Cost": 661457.43,
            "Plan Rows": 1,
            "Plan Width": 8,
            "Actual Startup Time": 3448.373,
            "Actual Total Time": 3448.379,
            "Actual Rows": 1,
            "Actual Loops": 2,
            "Plans": [
              {
                "Node Type": "Hash Join",
                "Parent Relationship": "Outer",
                "Parallel Aware": true,
                "Join Type": "Inner",
                "Startup Cost": 576701.71,
                "Total Cost": 661330.32,
                "Plan Rows": 50841,
                "Plan Width": 0,
                "Actual Startup Time": 3208.597,
                "Actual Total Time": 3448.242,
                "Actual Rows": 2596,
                "Actual Loops": 2,
                "Inner Unique": false,
                "Hash Cond": "(mk.movie_id = t.id)",
                "Plans": [
                  {
                    "Node Type": "Seq Scan",
                    "Parent Relationship": "Outer",
                    "Parallel Aware": true,
                    "Relation Name": "movie_keyword",
                    "Alias": "mk",
                    "Startup Cost": 0.0,
                    "Total Cost": 51065.35,
                    "Plan Rows": 2661135,
                    "Plan Width": 4,
                    "Actual Startup Time": 0.011,
                    "Actual Total Time": 157.535,
                    "Actual Rows": 2261965,
                    "Actual Loops": 2
                  },
                  {
                    "Node Type": "Hash",
                    "Parent Relationship": "Inner",
                    "Parallel Aware": true,
                    "Startup Cost": 576346.53,
                    "Total Cost": 576346.53,
                    "Plan Rows": 28414,
                    "Plan Width": 8,
                    "Actual Startup Time": 3149.416,
                    "Actual Total Time": 3149.42,
                    "Actual Rows": 3826,
                    "Actual Loops": 2,
                    "Hash Buckets": 65536,
                    "Original Hash Buckets": 65536,
                    "Hash Batches": 1,
                    "Original Hash Batches": 1,
                    "Peak Memory Usage": 864,
                    "Plans": [
                      {
                        "Node Type": "Hash Join",
                        "Parent Relationship": "Outer",
                        "Parallel Aware": true,
                        "Join Type": "Inner",
                        "Startup Cost": 54613.18,
                        "Total Cost": 576346.53,
                        "Plan Rows": 28414,
                        "Plan Width": 8,
                        "Actual Startup Time": 167.367,
                        "Actual Total Time": 3147.275,
                        "Actual Rows": 3826,
                        "Actual Loops": 2,
                        "Inner Unique": true,
                        "Hash Cond": "(ci.movie_id = t.id)",
                        "Plans": [
                          {
                            "Node Type": "Seq Scan",
                            "Parent Relationship": "Outer",
                            "Parallel Aware": true,
                            "Relation Name": "cast_info",
                            "Alias": "ci",
                            "Startup Cost": 0.0,
                            "Total Cost": 465792.95,
                            "Plan Rows": 21310595,
                            "Plan Width": 4,
                            "Actual Startup Time": 0.016,
                            "Actual Total Time": 1442.482,
                            "Actual Rows": 18122172,
                            "Actual Loops": 2
                          },
                          {
                            "Node Type": "Hash",
                            "Parent Relationship": "Inner",
                            "Parallel Aware": true,
                            "Startup Cost": 54588.39,
                            "Total Cost": 54588.39,
                            "Plan Rows": 1983,
                            "Plan Width": 4,
                            "Actual Startup Time": 155.499,
                            "Actual Total Time": 155.5,
                            "Actual Rows": 1708,
                            "Actual Loops": 2,
                            "Hash Buckets": 4096,
                            "Original Hash Buckets": 4096,
                            "Hash Batches": 1,
                            "Original Hash Batches": 1,
                            "Peak Memory Usage": 192,
                            "Plans": [
                              {
                                "Node Type": "Seq Scan",
                                "Parent Relationship": "Outer",
                                "Parallel Aware": true,
                                "Relation Name": "title",
                                "Alias": "t",
                                "Startup Cost": 0.0,
                                "Total Cost": 54588.39,
                                "Plan Rows": 1983,
                                "Plan Width": 4,
                                "Actual Startup Time": 104.086,
                                "Actual Total Time": 154.626,
                                "Actual Rows": 1708,
                                "Actual Loops": 2,
                                "Filter": "(production_year = 1909)",
                                "Rows Removed by Filter": 1262448
                              }
                            ]
                          }
                        ]
                      }
                    ]
                  }
                ]
              }
            ]
          }
        ]
      }
    ]
  },
  "Planning Time": 1.142,
  "Triggers": [],
  "Execution Time": 3513.418
}