[
  {
    "Plan": {
      "Node Type": "Aggregate",
      "Strategy": "Plain",
      "Partial Mode": "Finalize",
      "Parallel Aware": false,
      "Startup Cost": 82184.85,
      "Total Cost": 82184.86,
      "Plan Rows": 1,
      "Plan Width": 8,
      "Actual Startup Time": 420.835,
      "Actual Total Time": 436.282,
      "Actual Rows": 1,
      "Actual Loops": 1,
      "Plans": [
        {
          "Node Type": "Gather",
          "Parent Relationship": "Outer",
          "Parallel Aware": false,
          "Startup Cost": 82184.53,
          "Total Cost": 82184.84,
          "Plan Rows": 3,
          "Plan Width": 8,
          "Actual Startup Time": 415.702,
          "Actual Total Time": 436.271,
          "Actual Rows": 4,
          "Actual Loops": 1,
          "Workers Planned": 3,
          "Workers Launched": 3,
          "Single Copy": false,
          "Plans": [
            {
              "Node Type": "Aggregate",
              "Strategy": "Plain",
              "Partial Mode": "Partial",
              "Parent Relationship": "Outer",
              "Parallel Aware": false,
              "Startup Cost": 81184.53,
              "Total Cost": 81184.54,
              "Plan Rows": 1,
              "Plan Width": 8,
              "Actual Startup Time": 403.234,
              "Actual Total Time": 403.237,
              "Actual Rows": 1,
              "Actual Loops": 4,
              "Plans": [
                {
                  "Node Type": "Hash Join",
                  "Parent Relationship": "Outer",
                  "Parallel Aware": true,
                  "Join Type": "Inner",
                  "Startup Cost": 50124.02,
                  "Total Cost": 80556.46,
                  "Plan Rows": 251229,
                  "Plan Width": 0,
                  "Actual Startup Time": 274.532,
                  "Actual Total Time": 399.306,
                  "Actual Rows": 97408,
                  "Actual Loops": 4,
                  "Inner Unique": true,
                  "Hash Cond": "(mc.movie_id = t.id)",
                  "Plans": [
                    {
                      "Node Type": "Seq Scan",
                      "Parent Relationship": "Outer",
                      "Parallel Aware": true,
                      "Relation Name": "movie_companies",
                      "Alias": "mc",
                      "Startup Cost": 0.0,
                      "Total Cost": 29310.68,
                      "Plan Rows": 427336,
                      "Plan Width": 4,
                      "Actual Startup Time": 28.922,
                      "Actual Total Time": 65.006,
                      "Actual Rows": 333721,
                      "Actual Loops": 4,
                      "Filter": "(company_type_id > 1)",
                      "Rows Removed by Filter": 318562
                    },
                    {
                      "Node Type": "Hash",
                      "Parent Relationship": "Inner",
                      "Parallel Aware": true,
                      "Startup Cost": 45479.1,
                      "Total Cost": 45479.1,
                      "Plan Rows": 371594,
                      "Plan Width": 4,
                      "Actual Startup Time": 237.762,
                      "Actual Total Time": 237.763,
                      "Actual Rows": 369610,
                      "Actual Loops": 4,
                      "Hash Buckets": 2097152,
                      "Original Hash Buckets": 2097152,
                      "Hash Batches": 1,
                      "Original Hash Batches": 1,
                      "Peak Memory Usage": 74272,
                      "Plans": [
                        {
                          "Node Type": "Seq Scan",
                          "Parent Relationship": "Outer",
                          "Parallel Aware": true,
                          "Relation Name": "title",
                          "Alias": "t",
                          "Startup Cost": 0.0,
                          "Total Cost": 45479.1,
                          "Plan Rows": 371594,
                          "Plan Width": 4,
                          "Actual Startup Time": 0.043,
                          "Actual Total Time": 106.157,
                          "Actual Rows": 369610,
                          "Actual Loops": 4,
                          "Filter": "((production_year > 1903) AND (kind_id = 7))",
                          "Rows Removed by Filter": 262468
                        }
                      ]
                    }
                  ]
                }
              ]
            }
          ]
        }
      ]
    },
    "Planning Time": 0.693,
    "Triggers": [],
    "Execution Time": 436.352
  }
]