[
  {
    "Plan": {
      "Node Type": "Aggregate",
      "Strategy": "Plain",
      "Partial Mode": "Finalize",
      "Parallel Aware": false,
      "Startup Cost": 94793.08,
      "Total Cost": 94793.09,
      "Plan Rows": 1,
      "Plan Width": 8,
      "Actual Startup Time": 456.842,
      "Actual Total Time": 470.407,
      "Actual Rows": 1,
      "Actual Loops": 1,
      "Plans": [
        {
          "Node Type": "Gather",
          "Parent Relationship": "Outer",
          "Parallel Aware": false,
          "Startup Cost": 94792.87,
          "Total Cost": 94793.08,
          "Plan Rows": 2,
          "Plan Width": 8,
          "Actual Startup Time": 454.437,
          "Actual Total Time": 470.4,
          "Actual Rows": 3,
          "Actual Loops": 1,
          "Workers Planned": 2,
          "Workers Launched": 2,
          "Single Copy": false,
          "Plans": [
            {
              "Node Type": "Aggregate",
              "Strategy": "Plain",
              "Partial Mode": "Partial",
              "Parent Relationship": "Outer",
              "Parallel Aware": false,
              "Startup Cost": 93792.87,
              "Total Cost": 93792.88,
              "Plan Rows": 1,
              "Plan Width": 8,
              "Actual Startup Time": 445.909,
              "Actual Total Time": 445.914,
              "Actual Rows": 1,
              "Actual Loops": 3,
              "Plans": [
                {
                  "Node Type": "Hash Join",
                  "Parent Relationship": "Outer",
                  "Parallel Aware": true,
                  "Join Type": "Inner",
                  "Startup Cost": 77627.32,
                  "Total Cost": 93630.82,
                  "Plan Rows": 64820,
                  "Plan Width": 0,
                  "Actual Startup Time": 379.12,
                  "Actual Total Time": 444.234,
                  "Actual Rows": 42786,
                  "Actual Loops": 3,
                  "Inner Unique": false,
                  "Hash Cond": "(mi_idx.movie_id = t.id)",
                  "Plans": [
                    {
                      "Node Type": "Seq Scan",
                      "Parent Relationship": "Outer",
                      "Parallel Aware": true,
                      "Relation Name": "movie_info_idx",
                      "Alias": "mi_idx",
                      "Startup Cost": 0.0,
                      "Total Cost": 13685.15,
                      "Plan Rows": 575015,
                      "Plan Width": 4,
                      "Actual Startup Time": 0.032,
                      "Actual Total Time": 35.105,
                      "Actual Rows": 460012,
                      "Actual Loops": 3
                    },
                    {
                      "Node Type": "Hash",
                      "Parent Relationship": "Inner",
                      "Parallel Aware": true,
                      "Startup Cost": 76736.67,
                      "Total Cost": 76736.67,
                      "Plan Rows": 71252,
                      "Plan Width": 8,
                      "Actual Startup Time": 358.774,
                      "Actual Total Time": 358.778,
                      "Actual Rows": 33870,
                      "Actual Loops": 3,
                      "Hash Buckets": 524288,
                      "Original Hash Buckets": 524288,
                      "Hash Batches": 1,
                      "Original Hash Batches": 1,
                      "Peak Memory Usage": 8128,
                      "Plans": [
                        {
                          "Node Type": "Hash Join",
                          "Parent Relationship": "Outer",
                          "Parallel Aware": true,
                          "Join Type": "Inner",
                          "Startup Cost": 30276.61,
                          "Total Cost": 76736.67,
                          "Plan Rows": 71252,
                          "Plan Width": 8,
                          "Actual Startup Time": 124.335,
                          "Actual Total Time": 346.723,
                          "Actual Rows": 33870,
                          "Actual Loops": 3,
                          "Inner Unique": false,
                          "Hash Cond": "(t.id = mc.movie_id)",
                          "Plans": [
                            {
                              "Node Type": "Seq Scan",
                              "Parent Relationship": "Outer",
                              "Parallel Aware": true,
                              "Relation Name": "title",
                              "Alias": "t",
                              "Startup Cost": 0.0,
                              "Total Cost": 43898.92,
                              "Plan Rows": 466259,
                              "Plan Width": 4,
                              "Actual Startup Time": 0.019,
                              "Actual Total Time": 111.175,
                              "Actual Rows": 621829,
                              "Actual Loops": 3,
                              "Filter": "(kind_id > 1)",
                              "Rows Removed by Filter": 220942
                            },
                            {
                              "Node Type": "Hash",
                              "Parent Relationship": "Inner",
                              "Parallel Aware": true,
                              "Startup Cost": 28718.68,
                              "Total Cost": 28718.68,
                              "Plan Rows": 124634,
                              "Plan Width": 4,
                              "Actual Startup Time": 111.264,
                              "Actual Total Time": 111.266,
                              "Actual Rows": 131118,
                              "Actual Loops": 3,
                              "Hash Buckets": 524288,
                              "Original Hash Buckets": 524288,
                              "Hash Batches": 1,
                              "Original Hash Batches": 1,
                              "Peak Memory Usage": 19520,
                              "Plans": [
                                {
                                  "Node Type": "Bitmap Heap Scan",
                                  "Parent Relationship": "Outer",
                                  "Parallel Aware": true,
                                  "Relation Name": "movie_companies",
                                  "Alias": "mc",
                                  "Startup Cost": 8370.76,
                                  "Total Cost": 28718.68,
                                  "Plan Rows": 124634,
                                  "Plan Width": 4,
                                  "Actual Startup Time": 31.86,
                                  "Actual Total Time": 68.415,
                                  "Actual Rows": 131118,
                                  "Actual Loops": 3,
                                  "Recheck Cond": "(company_id > 82986)",
                                  "Rows Removed by Index Recheck": 0,
                                  "Exact Heap Blocks": 3216,
                                  "Lossy Heap Blocks": 0,
                                  "Plans": [
                                    {
                                      "Node Type": "Bitmap Index Scan",
                                      "Parent Relationship": "Outer",
                                      "Parallel Aware": false,
                                      "Index Name": "company_id_movie_companies",
                                      "Startup Cost": 0.0,
                                      "Total Cost": 8274.17,
                                      "Plan Rows": 386365,
                                      "Plan Width": 0,
                                      "Actual Startup Time": 30.945,
                                      "Actual Total Time": 30.945,
                                      "Actual Rows": 393354,
                                      "Actual Loops": 1,
                                      "Index Cond": "(company_id > 82986)"
                                    }
                                  ]
                                }
                              ]
                            }
                          ]
                        }
                      ]
                    }
                  ]
                }
              ]
            }
          ]
        }
      ]
    },
    "Planning Time": 1.419,
    "Triggers": [],
    "Execution Time": 470.514
  }
]