[
  {
    "Plan": {
      "Node Type": "Aggregate",
      "Strategy": "Plain",
      "Partial Mode": "Finalize",
      "Parallel Aware": false,
      "Startup Cost": 46031.21,
      "Total Cost": 46031.22,
      "Plan Rows": 1,
      "Plan Width": 8,
      "Actual Startup Time": 142.737,
      "Actual Total Time": 152.057,
      "Actual Rows": 1,
      "Actual Loops": 1,
      "Plans": [
        {
          "Node Type": "Gather",
          "Parent Relationship": "Outer",
          "Parallel Aware": false,
          "Startup Cost": 46030.89,
          "Total Cost": 46031.2,
          "Plan Rows": 3,
          "Plan Width": 8,
          "Actual Startup Time": 142.62,
          "Actual Total Time": 152.047,
          "Actual Rows": 4,
          "Actual Loops": 1,
          "Workers Planned": 3,
          "Workers Launched": 3,
          "Single Copy": false,
          "Plans": [
            {
              "Node Type": "Aggregate",
              "Strategy": "Plain",
              "Partial Mode": "Partial",
              "Parent Relationship": "Outer",
              "Parallel Aware": false,
              "Startup Cost": 45030.89,
              "Total Cost": 45030.9,
              "Plan Rows": 1,
              "Plan Width": 8,
              "Actual Startup Time": 138.056,
              "Actual Total Time": 138.058,
              "Actual Rows": 1,
              "Actual Loops": 4,
              "Plans": [
                {
                  "Node Type": "Seq Scan",
                  "Parent Relationship": "Outer",
                  "Parallel Aware": true,
                  "Relation Name": "movie_keyword",
                  "Alias": "mk",
                  "Startup Cost": 0.0,
                  "Total Cost": 42695.65,
                  "Plan Rows": 934095,
                  "Plan Width": 0,
                  "Actual Startup Time": 0.033,
                  "Actual Total Time": 108.024,
                  "Actual Rows": 726821,
                  "Actual Loops": 4,
                  "Filter": "(keyword_id < 9333)",
                  "Rows Removed by Filter": 404162
                }
              ]
            }
          ]
        }
      ]
    },
    "Planning Time": 0.085,
    "Triggers": [],
    "Execution Time": 152.089
  }
]