[
    {
        "Bao": {
            "Bao prediction": "NaN",
            "Bao recommended hint": "(no hint)"
        }
    },
    {
        "Plan": {
            "Node Type": "Aggregate",
            "Strategy": "Plain",
            "Partial Mode": "Finalize",
            "Parallel Aware": false,
            "Startup Cost": 28822.35,
            "Total Cost": 28822.36,
            "Plan Rows": 1,
            "Plan Width": 8,
            "Actual Startup Time": 75.139,
            "Actual Total Time": 79.928,
            "Actual Rows": 1,
            "Actual Loops": 1,
            "Output": [
                "count(*)"
            ],
            "Plans": [
                {
                    "Node Type": "Gather",
                    "Parent Relationship": "Outer",
                    "Parallel Aware": false,
                    "Startup Cost": 28822.03,
                    "Total Cost": 28822.34,
                    "Plan Rows": 3,
                    "Plan Width": 8,
                    "Actual Startup Time": 74.853,
                    "Actual Total Time": 79.922,
                    "Actual Rows": 4,
                    "Actual Loops": 1,
                    "Output": [
                        "(PARTIAL count(*))"
                    ],
                    "Workers Planned": 3,
                    "Workers Launched": 3,
                    "Single Copy": false,
                    "Plans": [
                        {
                            "Node Type": "Aggregate",
                            "Strategy": "Plain",
                            "Partial Mode": "Partial",
                            "Parent Relationship": "Outer",
                            "Parallel Aware": false,
                            "Startup Cost": 27822.03,
                            "Total Cost": 27822.04,
                            "Plan Rows": 1,
                            "Plan Width": 8,
                            "Actual Startup Time": 66.169,
                            "Actual Total Time": 66.171,
                            "Actual Rows": 1,
                            "Actual Loops": 4,
                            "Output": [
                                "PARTIAL count(*)"
                            ],
                            "Workers": [
                                {
                                    "Worker Number": 0,
                                    "Actual Startup Time": 62.884,
                                    "Actual Total Time": 62.885,
                                    "Actual Rows": 1,
                                    "Actual Loops": 1
                                },
                                {
                                    "Worker Number": 1,
                                    "Actual Startup Time": 63.458,
                                    "Actual Total Time": 63.46,
                                    "Actual Rows": 1,
                                    "Actual Loops": 1
                                },
                                {
                                    "Worker Number": 2,
                                    "Actual Startup Time": 63.764,
                                    "Actual Total Time": 63.766,
                                    "Actual Rows": 1,
                                    "Actual Loops": 1
                                }
                            ],
                            "Plans": [
                                {
                                    "Node Type": "Bitmap Heap Scan",
                                    "Parent Relationship": "Outer",
                                    "Parallel Aware": true,
                                    "Relation Name": "movie_companies",
                                    "Schema": "public",
                                    "Alias": "mc",
                                    "Startup Cost": 7266.97,
                                    "Total Cost": 27688.73,
                                    "Plan Rows": 53322,
                                    "Plan Width": 0,
                                    "Actual Startup Time": 12.406,
                                    "Actual Total Time": 61.187,
                                    "Actual Rows": 64975,
                                    "Actual Loops": 4,
                                    "Recheck Cond": "(mc.company_id < 161)",
                                    "Rows Removed by Index Recheck": 0,
                                    "Filter": "(mc.company_type_id < 2)",
                                    "Rows Removed by Filter": 17278,
                                    "Exact Heap Blocks": 9700,
                                    "Lossy Heap Blocks": 0,
                                    "Workers": [
                                        {
                                            "Worker Number": 0,
                                            "Actual Startup Time": 9.256,
                                            "Actual Total Time": 58.608,
                                            "Actual Rows": 36251,
                                            "Actual Loops": 1
                                        },
                                        {
                                            "Worker Number": 1,
                                            "Actual Startup Time": 9.719,
                                            "Actual Total Time": 59.101,
                                            "Actual Rows": 30772,
                                            "Actual Loops": 1
                                        },
                                        {
                                            "Worker Number": 2,
                                            "Actual Startup Time": 10.051,
                                            "Actual Total Time": 59.443,
                                            "Actual Rows": 30301,
                                            "Actual Loops": 1
                                        }
                                    ],
                                    "Plans": [
                                        {
                                            "Node Type": "Bitmap Index Scan",
                                            "Parent Relationship": "Outer",
                                            "Parallel Aware": false,
                                            "Index Name": "company_id_movie_companies",
                                            "Startup Cost": 0.0,
                                            "Total Cost": 7225.65,
                                            "Plan Rows": 337229,
                                            "Plan Width": 0,
                                            "Actual Startup Time": 17.805,
                                            "Actual Total Time": 17.805,
                                            "Actual Rows": 329013,
                                            "Actual Loops": 1,
                                            "Index Cond": "(mc.company_id < 161)"
                                        }
                                    ]
                                }
                            ]
                        }
                    ]
                }
            ]
        },
        "Planning Time": 179.607,
        "Triggers": [],
        "Execution Time": 79.979
    }
]