[
    {
        "Bao": {
            "Bao prediction": "NaN",
            "Bao recommended hint": "(no hint)"
        }
    },
    {
        "Plan": {
            "Node Type": "Aggregate",
            "Strategy": "Plain",
            "Partial Mode": "Finalize",
            "Parallel Aware": false,
            "Startup Cost": 26304.26,
            "Total Cost": 26304.27,
            "Plan Rows": 1,
            "Plan Width": 8,
            "Actual Startup Time": 45.156,
            "Actual Total Time": 48.267,
            "Actual Rows": 1,
            "Actual Loops": 1,
            "Output": [
                "count(*)"
            ],
            "Plans": [
                {
                    "Node Type": "Gather",
                    "Parent Relationship": "Outer",
                    "Parallel Aware": false,
                    "Startup Cost": 26303.94,
                    "Total Cost": 26304.25,
                    "Plan Rows": 3,
                    "Plan Width": 8,
                    "Actual Startup Time": 45.017,
                    "Actual Total Time": 48.259,
                    "Actual Rows": 4,
                    "Actual Loops": 1,
                    "Output": [
                        "(PARTIAL count(*))"
                    ],
                    "Workers Planned": 3,
                    "Workers Launched": 3,
                    "Single Copy": false,
                    "Plans": [
                        {
                            "Node Type": "Aggregate",
                            "Strategy": "Plain",
                            "Partial Mode": "Partial",
                            "Parent Relationship": "Outer",
                            "Parallel Aware": false,
                            "Startup Cost": 25303.94,
                            "Total Cost": 25303.95,
                            "Plan Rows": 1,
                            "Plan Width": 8,
                            "Actual Startup Time": 36.855,
                            "Actual Total Time": 36.858,
                            "Actual Rows": 1,
                            "Actual Loops": 4,
                            "Output": [
                                "PARTIAL count(*)"
                            ],
                            "Workers": [
                                {
                                    "Worker Number": 0,
                                    "Actual Startup Time": 34.078,
                                    "Actual Total Time": 34.08,
                                    "Actual Rows": 1,
                                    "Actual Loops": 1
                                },
                                {
                                    "Worker Number": 1,
                                    "Actual Startup Time": 34.186,
                                    "Actual Total Time": 34.194,
                                    "Actual Rows": 1,
                                    "Actual Loops": 1
                                },
                                {
                                    "Worker Number": 2,
                                    "Actual Startup Time": 34.426,
                                    "Actual Total Time": 34.428,
                                    "Actual Rows": 1,
                                    "Actual Loops": 1
                                }
                            ],
                            "Plans": [
                                {
                                    "Node Type": "Bitmap Heap Scan",
                                    "Parent Relationship": "Outer",
                                    "Parallel Aware": true,
                                    "Relation Name": "movie_companies",
                                    "Schema": "public",
                                    "Alias": "mc",
                                    "Startup Cost": 5324.89,
                                    "Total Cost": 25105.77,
                                    "Plan Rows": 79270,
                                    "Plan Width": 0,
                                    "Actual Startup Time": 5.634,
                                    "Actual Total Time": 32.288,
                                    "Actual Rows": 62211,
                                    "Actual Loops": 4,
                                    "Recheck Cond": "(mc.company_id > 101391)",
                                    "Rows Removed by Index Recheck": 0,
                                    "Exact Heap Blocks": 2638,
                                    "Lossy Heap Blocks": 0,
                                    "Workers": [
                                        {
                                            "Worker Number": 0,
                                            "Actual Startup Time": 3.038,
                                            "Actual Total Time": 30.012,
                                            "Actual Rows": 35187,
                                            "Actual Loops": 1
                                        },
                                        {
                                            "Worker Number": 1,
                                            "Actual Startup Time": 3.08,
                                            "Actual Total Time": 30.09,
                                            "Actual Rows": 35796,
                                            "Actual Loops": 1
                                        },
                                        {
                                            "Worker Number": 2,
                                            "Actual Startup Time": 3.178,
                                            "Actual Total Time": 30.231,
                                            "Actual Rows": 35826,
                                            "Actual Loops": 1
                                        }
                                    ],
                                    "Plans": [
                                        {
                                            "Node Type": "Bitmap Index Scan",
                                            "Parent Relationship": "Outer",
                                            "Parallel Aware": false,
                                            "Index Name": "company_id_movie_companies",
                                            "Startup Cost": 0.0,
                                            "Total Cost": 5263.46,
                                            "Plan Rows": 245737,
                                            "Plan Width": 0,
                                            "Actual Startup Time": 12.505,
                                            "Actual Total Time": 12.505,
                                            "Actual Rows": 248845,
                                            "Actual Loops": 1,
                                            "Index Cond": "(mc.company_id > 101391)"
                                        }
                                    ]
                                }
                            ]
                        }
                    ]
                }
            ]
        },
        "Planning Time": 178.263,
        "Triggers": [],
        "Execution Time": 48.337
    }
]