[
  {
    "Plan": {
      "Node Type": "Aggregate",
      "Strategy": "Plain",
      "Partial Mode": "Finalize",
      "Parallel Aware": false,
      "Startup Cost": 112157.25,
      "Total Cost": 112157.26,
      "Plan Rows": 1,
      "Plan Width": 8,
      "Actual Startup Time": 179.862,
      "Actual Total Time": 190.112,
      "Actual Rows": 1,
      "Actual Loops": 1,
      "Plans": [
        {
          "Node Type": "Gather",
          "Parent Relationship": "Outer",
          "Parallel Aware": false,
          "Startup Cost": 112156.73,
          "Total Cost": 112157.24,
          "Plan Rows": 5,
          "Plan Width": 8,
          "Actual Startup Time": 179.725,
          "Actual Total Time": 190.1,
          "Actual Rows": 6,
          "Actual Loops": 1,
          "Workers Planned": 5,
          "Workers Launched": 5,
          "Single Copy": false,
          "Plans": [
            {
              "Node Type": "Aggregate",
              "Strategy": "Plain",
              "Partial Mode": "Partial",
              "Parent Relationship": "Outer",
              "Parallel Aware": false,
              "Startup Cost": 111156.73,
              "Total Cost": 111156.74,
              "Plan Rows": 1,
              "Plan Width": 8,
              "Actual Startup Time": 168.326,
              "Actual Total Time": 168.327,
              "Actual Rows": 1,
              "Actual Loops": 6,
              "Plans": [
                {
                  "Node Type": "Index Scan",
                  "Parent Relationship": "Outer",
                  "Parallel Aware": true,
                  "Scan Direction": "Forward",
                  "Index Name": "role_id_cast_info",
                  "Relation Name": "cast_info",
                  "Alias": "ci",
                  "Startup Cost": 0.56,
                  "Total Cost": 110428.26,
                  "Plan Rows": 291388,
                  "Plan Width": 0,
                  "Actual Startup Time": 0.137,
                  "Actual Total Time": 148.997,
                  "Actual Rows": 406083,
                  "Actual Loops": 6,
                  "Index Cond": "(role_id = 3)",
                  "Rows Removed by Index Recheck": 0,
                  "Filter": "(person_id > 2376405)",
                  "Rows Removed by Filter": 261923
                }
              ]
            }
          ]
        }
      ]
    },
    "Planning Time": 0.21,
    "Triggers": [],
    "Execution Time": 190.171
  }
]