[
  {
    "Plan": {
      "Node Type": "Aggregate",
      "Strategy": "Plain",
      "Partial Mode": "Finalize",
      "Parallel Aware": false,
      "Startup Cost": 89913.49,
      "Total Cost": 89913.5,
      "Plan Rows": 1,
      "Plan Width": 8,
      "Actual Startup Time": 380.446,
      "Actual Total Time": 397.408,
      "Actual Rows": 1,
      "Actual Loops": 1,
      "Plans": [
        {
          "Node Type": "Gather",
          "Parent Relationship": "Outer",
          "Parallel Aware": false,
          "Startup Cost": 89913.18,
          "Total Cost": 89913.49,
          "Plan Rows": 3,
          "Plan Width": 8,
          "Actual Startup Time": 379.301,
          "Actual Total Time": 397.396,
          "Actual Rows": 4,
          "Actual Loops": 1,
          "Workers Planned": 3,
          "Workers Launched": 3,
          "Single Copy": false,
          "Plans": [
            {
              "Node Type": "Aggregate",
              "Strategy": "Plain",
              "Partial Mode": "Partial",
              "Parent Relationship": "Outer",
              "Parallel Aware": false,
              "Startup Cost": 88913.18,
              "Total Cost": 88913.19,
              "Plan Rows": 1,
              "Plan Width": 8,
              "Actual Startup Time": 369.824,
              "Actual Total Time": 369.829,
              "Actual Rows": 1,
              "Actual Loops": 4,
              "Plans": [
                {
                  "Node Type": "Nested Loop",
                  "Parent Relationship": "Outer",
                  "Parallel Aware": false,
                  "Join Type": "Inner",
                  "Startup Cost": 55853.26,
                  "Total Cost": 88899.68,
                  "Plan Rows": 5399,
                  "Plan Width": 0,
                  "Actual Startup Time": 181.481,
                  "Actual Total Time": 364.999,
                  "Actual Rows": 93794,
                  "Actual Loops": 4,
                  "Inner Unique": false,
                  "Join Filter": "(t.id = mi_idx.movie_id)",
                  "Rows Removed by Join Filter": 0,
                  "Plans": [
                    {
                      "Node Type": "Hash Join",
                      "Parent Relationship": "Outer",
                      "Parallel Aware": true,
                      "Join Type": "Inner",
                      "Startup Cost": 55852.83,
                      "Total Cost": 82573.03,
                      "Plan Rows": 9892,
                      "Plan Width": 8,
                      "Actual Startup Time": 181.329,
                      "Actual Total Time": 242.557,
                      "Actual Rows": 36990,
                      "Actual Loops": 4,
                      "Inner Unique": true,
                      "Hash Cond": "(mk.movie_id = t.id)",
                      "Plans": [
                        {
                          "Node Type": "Bitmap Heap Scan",
                          "Parent Relationship": "Outer",
                          "Parallel Aware": true,
                          "Relation Name": "movie_keyword",
                          "Alias": "mk",
                          "Startup Cost": 9852.13,
                          "Total Cost": 36179.02,
                          "Plan Rows": 149831,
                          "Plan Width": 4,
                          "Actual Startup Time": 34.364,
                          "Actual Total Time": 83.484,
                          "Actual Rows": 113304,
                          "Actual Loops": 4,
                          "Recheck Cond": "(keyword_id > 39063)",
                          "Rows Removed by Index Recheck": 0,
                          "Exact Heap Blocks": 4579,
                          "Lossy Heap Blocks": 0,
                          "Plans": [
                            {
                              "Node Type": "Bitmap Index Scan",
                              "Parent Relationship": "Outer",
                              "Parallel Aware": false,
                              "Index Name": "keyword_id_movie_keyword",
                              "Startup Cost": 0.0,
                              "Total Cost": 9736.01,
                              "Plan Rows": 464477,
                              "Plan Width": 0,
                              "Actual Startup Time": 30.87,
                              "Actual Total Time": 30.87,
                              "Actual Rows": 453214,
                              "Actual Loops": 1,
                              "Index Cond": "(keyword_id > 39063)"
                            }
                          ]
                        },
                        {
                          "Node Type": "Hash",
                          "Parent Relationship": "Inner",
                          "Parallel Aware": true,
                          "Startup Cost": 45479.1,
                          "Total Cost": 45479.1,
                          "Plan Rows": 41728,
                          "Plan Width": 4,
                          "Actual Startup Time": 130.545,
                          "Actual Total Time": 130.546,
                          "Actual Rows": 76442,
                          "Actual Loops": 4,
                          "Hash Buckets": 524288,
                          "Original Hash Buckets": 262144,
                          "Hash Batches": 1,
                          "Original Hash Batches": 1,
                          "Peak Memory Usage": 18176,
                          "Plans": [
                            {
                              "Node Type": "Seq Scan",
                              "Parent Relationship": "Outer",
                              "Parallel Aware": true,
                              "Relation Name": "title",
                              "Alias": "t",
                              "Startup Cost": 0.0,
                              "Total Cost": 45479.1,
                              "Plan Rows": 41728,
                              "Plan Width": 4,
                              "Actual Startup Time": 61.173,
                              "Actual Total Time": 101.76,
                              "Actual Rows": 76442,
                              "Actual Loops": 4,
                              "Filter": "((production_year < 1988) AND (kind_id = 1))",
                              "Rows Removed by Filter": 555636
                            }
                          ]
                        }
                      ]
                    },
                    {
                      "Node Type": "Index Only Scan",
                      "Parent Relationship": "Inner",
                      "Parallel Aware": false,
                      "Scan Direction": "Forward",
                      "Index Name": "movie_id_movie_info_idx",
                      "Relation Name": "movie_info_idx",
                      "Alias": "mi_idx",
                      "Startup Cost": 0.43,
                      "Total Cost": 0.6,
                      "Plan Rows": 3,
                      "Plan Width": 4,
                      "Actual Startup Time": 0.002,
                      "Actual Total Time": 0.003,
                      "Actual Rows": 3,
                      "Actual Loops": 147959,
                      "Index Cond": "(movie_id = mk.movie_id)",
                      "Rows Removed by Index Recheck": 0,
                      "Heap Fetches": 375176
                    }
                  ]
                }
              ]
            }
          ]
        }
      ]
    },
    "Planning Time": 1.42,
    "Triggers": [],
    "Execution Time": 397.538
  }
]