[
  {
    "Plan": {
      "Node Type": "Aggregate",
      "Strategy": "Plain",
      "Partial Mode": "Finalize",
      "Parallel Aware": false,
      "Startup Cost": 332043.91,
      "Total Cost": 332043.92,
      "Plan Rows": 1,
      "Plan Width": 8,
      "Actual Startup Time": 639.003,
      "Actual Total Time": 687.443,
      "Actual Rows": 1,
      "Actual Loops": 1,
      "Plans": [
        {
          "Node Type": "Gather",
          "Parent Relationship": "Outer",
          "Parallel Aware": false,
          "Startup Cost": 332043.29,
          "Total Cost": 332043.9,
          "Plan Rows": 6,
          "Plan Width": 8,
          "Actual Startup Time": 638.792,
          "Actual Total Time": 687.429,
          "Actual Rows": 7,
          "Actual Loops": 1,
          "Workers Planned": 6,
          "Workers Launched": 6,
          "Single Copy": false,
          "Plans": [
            {
              "Node Type": "Aggregate",
              "Strategy": "Plain",
              "Partial Mode": "Partial",
              "Parent Relationship": "Outer",
              "Parallel Aware": false,
              "Startup Cost": 331043.29,
              "Total Cost": 331043.3,
              "Plan Rows": 1,
              "Plan Width": 8,
              "Actual Startup Time": 632.369,
              "Actual Total Time": 632.37,
              "Actual Rows": 1,
              "Actual Loops": 7,
              "Plans": [
                {
                  "Node Type": "Seq Scan",
                  "Parent Relationship": "Outer",
                  "Parallel Aware": true,
                  "Relation Name": "cast_info",
                  "Alias": "ci",
                  "Startup Cost": 0.0,
                  "Total Cost": 328211.39,
                  "Plan Rows": 1132758,
                  "Plan Width": 0,
                  "Actual Startup Time": 0.039,
                  "Actual Total Time": 580.254,
                  "Actual Rows": 987517,
                  "Actual Loops": 7,
                  "Filter": "(person_id < 668288)",
                  "Rows Removed by Filter": 4190246
                }
              ]
            }
          ]
        }
      ]
    },
    "Planning Time": 0.211,
    "Triggers": [],
    "Execution Time": 687.513
  }
]