{
    "Plan": {
        "Node Type": "Aggregate",
        "Strategy": "Plain",
        "Partial Mode": "Simple",
        "Parallel Aware": false,
        "Startup Cost": 80021127310.08,
        "Total Cost": 80021127310.09,
        "Plan Rows": 1,
        "Plan Width": 128,
        "Actual Startup Time": 27215.852,
        "Actual Total Time": 27215.881,
        "Actual Rows": 1,
        "Actual Loops": 1,
        "Output": [
            "min(chn.name)",
            "min(mi_idx.info)",
            "min(n.name)",
            "min(t.title)"
        ],
        "Plans": [
            {
                "Node Type": "Nested Loop",
                "Parent Relationship": "Outer",
                "Parallel Aware": false,
                "Join Type": "Inner",
                "Startup Cost": 80021107058.43,
                "Total Cost": 80021127310.07,
                "Plan Rows": 1,
                "Plan Width": 53,
                "Actual Startup Time": 26816.173,
                "Actual Total Time": 27214.899,
                "Actual Rows": 3230,
                "Actual Loops": 1,
                "Output": [
                    "chn.name",
                    "mi_idx.info",
                    "n.name",
                    "t.title"
                ],
                "Inner Unique": true,
                "Plans": [
                    {
                        "Node Type": "Merge Join",
                        "Parent Relationship": "Outer",
                        "Parallel Aware": false,
                        "Join Type": "Inner",
                        "Startup Cost": 70021107058.29,
                        "Total Cost": 70021127301.9,
                        "Plan Rows": 1,
                        "Plan Width": 57,
                        "Actual Startup Time": 26815.997,
                        "Actual Total Time": 27200.576,
                        "Actual Rows": 3621,
                        "Actual Loops": 1,
                        "Output": [
                            "chn.name",
                            "mi_idx.info",
                            "n.name",
                            "t.title",
                            "t.kind_id"
                        ],
                        "Inner Unique": false,
                        "Merge Cond": "(n.id = ci.person_id)",
                        "Plans": [
                            {
                                "Node Type": "Sort",
                                "Parent Relationship": "Outer",
                                "Parallel Aware": false,
                                "Startup Cost": 10000555526.5,
                                "Total Cost": 10000565945.37,
                                "Plan Rows": 4167549,
                                "Plan Width": 19,
                                "Actual Startup Time": 1445.928,
                                "Actual Total Time": 1658.921,
                                "Actual Rows": 2699680,
                                "Actual Loops": 1,
                                "Output": [
                                    "n.name",
                                    "n.id"
                                ],
                                "Sort Key": [
                                    "n.id"
                                ],
                                "Sort Method": "quicksort",
                                "Sort Space Used": 405945,
                                "Sort Space Type": "Memory",
                                "Plans": [
                                    {
                                        "Node Type": "Seq Scan",
                                        "Parent Relationship": "Outer",
                                        "Parallel Aware": false,
                                        "Relation Name": "name",
                                        "Schema": "public",
                                        "Alias": "n",
                                        "Startup Cost": 10000000000.0,
                                        "Total Cost": 10000097288.49,
                                        "Plan Rows": 4167549,
                                        "Plan Width": 19,
                                        "Actual Startup Time": 0.009,
                                        "Actual Total Time": 418.323,
                                        "Actual Rows": 4167491,
                                        "Actual Loops": 1,
                                        "Output": [
                                            "n.name",
                                            "n.id"
                                        ]
                                    }
                                ]
                            },
                            {
                                "Node Type": "Sort",
                                "Parent Relationship": "Inner",
                                "Parallel Aware": false,
                                "Startup Cost": 60020551529.71,
                                "Total Cost": 60020551529.71,
                                "Plan Rows": 1,
                                "Plan Width": 46,
                                "Actual Startup Time": 25369.964,
                                "Actual Total Time": 25370.744,
                                "Actual Rows": 3621,
                                "Actual Loops": 1,
                                "Output": [
                                    "ci.person_id",
                                    "chn.name",
                                    "mi_idx.info",
                                    "t.title",
                                    "t.kind_id"
                                ],
                                "Sort Key": [
                                    "ci.person_id"
                                ],
                                "Sort Method": "quicksort",
                                "Sort Space Used": 438,
                                "Sort Space Type": "Memory",
                                "Plans": [
                                    {
                                        "Node Type": "Hash Join",
                                        "Parent Relationship": "Outer",
                                        "Parallel Aware": false,
                                        "Join Type": "Inner",
                                        "Startup Cost": 60020467185.27,
                                        "Total Cost": 60020551529.7,
                                        "Plan Rows": 1,
                                        "Plan Width": 46,
                                        "Actual Startup Time": 24505.305,
                                        "Actual Total Time": 25367.982,
                                        "Actual Rows": 3621,
                                        "Actual Loops": 1,
                                        "Output": [
                                            "ci.person_id",
                                            "chn.name",
                                            "mi_idx.info",
                                            "t.title",
                                            "t.kind_id"
                                        ],
                                        "Inner Unique": true,
                                        "Hash Cond": "(cc.status_id = cct2.id)",
                                        "Plans": [
                                            {
                                                "Node Type": "Nested Loop",
                                                "Parent Relationship": "Outer",
                                                "Parallel Aware": false,
                                                "Join Type": "Inner",
                                                "Startup Cost": 60020467173.06,
                                                "Total Cost": 60020551517.48,
                                                "Plan Rows": 1,
                                                "Plan Width": 50,
                                                "Actual Startup Time": 24505.255,
                                                "Actual Total Time": 25366.689,
                                                "Actual Rows": 3621,
                                                "Actual Loops": 1,
                                                "Output": [
                                                    "cc.status_id",
                                                    "ci.person_id",
                                                    "chn.name",
                                                    "mi_idx.info",
                                                    "t.title",
                                                    "t.kind_id"
                                                ],
                                                "Inner Unique": true,
                                                "Plans": [
                                                    {
                                                        "Node Type": "Hash Join",
                                                        "Parent Relationship": "Outer",
                                                        "Parallel Aware": false,
                                                        "Join Type": "Inner",
                                                        "Startup Cost": 50020467172.92,
                                                        "Total Cost": 50020551509.31,
                                                        "Plan Rows": 1,
                                                        "Plan Width": 54,
                                                        "Actual Startup Time": 24505.232,
                                                        "Actual Total Time": 25347.046,
                                                        "Actual Rows": 4972,
                                                        "Actual Loops": 1,
                                                        "Output": [
                                                            "cc.subject_id",
                                                            "cc.status_id",
                                                            "ci.person_id",
                                                            "chn.name",
                                                            "mi_idx.info",
                                                            "t.title",
                                                            "t.kind_id"
                                                        ],
                                                        "Inner Unique": true,
                                                        "Hash Cond": "(mk.movie_id = t.id)",
                                                        "Plans": [
                                                            {
                                                                "Node Type": "Hash Join",
                                                                "Parent Relationship": "Outer",
                                                                "Parallel Aware": false,
                                                                "Join Type": "Inner",
                                                                "Startup Cost": 50020330950.14,
                                                                "Total Cost": 50020415286.53,
                                                                "Plan Rows": 1,
                                                                "Plan Width": 49,
                                                                "Actual Startup Time": 22906.971,
                                                                "Actual Total Time": 23744.16,
                                                                "Actual Rows": 13521,
                                                                "Actual Loops": 1,
                                                                "Output": [
                                                                    "cc.movie_id",
                                                                    "cc.subject_id",
                                                                    "cc.status_id",
                                                                    "ci.movie_id",
                                                                    "ci.person_id",
                                                                    "chn.name",
                                                                    "mi_idx.info",
                                                                    "mi_idx.movie_id",
                                                                    "mk.movie_id"
                                                                ],
                                                                "Inner Unique": false,
                                                                "Hash Cond": "(chn.id = ci.person_role_id)",
                                                                "Plans": [
                                                                    {
                                                                        "Node Type": "Seq Scan",
                                                                        "Parent Relationship": "Outer",
                                                                        "Parallel Aware": false,
                                                                        "Relation Name": "char_name",
                                                                        "Schema": "public",
                                                                        "Alias": "chn",
                                                                        "Startup Cost": 10000000000.0,
                                                                        "Total Cost": 10000083551.41,
                                                                        "Plan Rows": 125596,
                                                                        "Plan Width": 20,
                                                                        "Actual Startup Time": 0.035,
                                                                        "Actual Total Time": 782.772,
                                                                        "Actual Rows": 180152,
                                                                        "Actual Loops": 1,
                                                                        "Output": [
                                                                            "chn.id",
                                                                            "chn.name",
                                                                            "chn.imdb_index",
                                                                            "chn.imdb_id",
                                                                            "chn.name_pcode_nf",
                                                                            "chn.surname_pcode",
                                                                            "chn.md5sum"
                                                                        ],
                                                                        "Filter": "((chn.name IS NOT NULL) AND ((chn.name ~~ '%man%'::text) OR (chn.name ~~ '%Man%'::text)))",
                                                                        "Rows Removed by Filter": 2960187
                                                                    },
                                                                    {
                                                                        "Node Type": "Hash",
                                                                        "Parent Relationship": "Inner",
                                                                        "Parallel Aware": false,
                                                                        "Startup Cost": 40020330950.11,
                                                                        "Total Cost": 40020330950.11,
                                                                        "Plan Rows": 3,
                                                                        "Plan Width": 37,
                                                                        "Actual Startup Time": 22906.903,
                                                                        "Actual Total Time": 22906.915,
                                                                        "Actual Rows": 164737,
                                                                        "Actual Loops": 1,
                                                                        "Output": [
                                                                            "cc.movie_id",
                                                                            "cc.subject_id",
                                                                            "cc.status_id",
                                                                            "ci.movie_id",
                                                                            "ci.person_role_id",
                                                                            "ci.person_id",
                                                                            "mi_idx.info",
                                                                            "mi_idx.movie_id",
                                                                            "mk.movie_id"
                                                                        ],
                                                                        "Hash Buckets": 262144,
                                                                        "Original Hash Buckets": 1024,
                                                                        "Hash Batches": 1,
                                                                        "Original Hash Batches": 1,
                                                                        "Peak Memory Usage": 12988,
                                                                        "Plans": [
                                                                            {
                                                                                "Node Type": "Nested Loop",
                                                                                "Parent Relationship": "Outer",
                                                                                "Parallel Aware": false,
                                                                                "Join Type": "Inner",
                                                                                "Startup Cost": 40000005855.73,
                                                                                "Total Cost": 40020330950.11,
                                                                                "Plan Rows": 3,
                                                                                "Plan Width": 37,
                                                                                "Actual Startup Time": 214.799,
                                                                                "Actual Total Time": 22865.501,
                                                                                "Actual Rows": 336306,
                                                                                "Actual Loops": 1,
                                                                                "Output": [
                                                                                    "cc.movie_id",
                                                                                    "cc.subject_id",
                                                                                    "cc.status_id",
                                                                                    "ci.movie_id",
                                                                                    "ci.person_role_id",
                                                                                    "ci.person_id",
                                                                                    "mi_idx.info",
                                                                                    "mi_idx.movie_id",
                                                                                    "mk.movie_id"
                                                                                ],
                                                                                "Inner Unique": false,
                                                                                "Plans": [
                                                                                    {
                                                                                        "Node Type": "Hash Join",
                                                                                        "Parent Relationship": "Outer",
                                                                                        "Parallel Aware": false,
                                                                                        "Join Type": "Inner",
                                                                                        "Startup Cost": 30000005854.75,
                                                                                        "Total Cost": 30020330938.45,
                                                                                        "Plan Rows": 2,
                                                                                        "Plan Width": 25,
                                                                                        "Actual Startup Time": 214.7,
                                                                                        "Actual Total Time": 22330.453,
                                                                                        "Actual Rows": 3692,
                                                                                        "Actual Loops": 1,
                                                                                        "Output": [
                                                                                            "cc.movie_id",
                                                                                            "cc.subject_id",
                                                                                            "cc.status_id",
                                                                                            "mi_idx.info",
                                                                                            "mi_idx.movie_id",
                                                                                            "mk.movie_id"
                                                                                        ],
                                                                                        "Inner Unique": false,
                                                                                        "Hash Cond": "(mk.movie_id = cc.movie_id)",
                                                                                        "Plans": [
                                                                                            {
                                                                                                "Node Type": "Nested Loop",
                                                                                                "Parent Relationship": "Outer",
                                                                                                "Parallel Aware": false,
                                                                                                "Join Type": "Inner",
                                                                                                "Startup Cost": 30000000001.47,
                                                                                                "Total Cost": 30020325085.15,
                                                                                                "Plan Rows": 1,
                                                                                                "Plan Width": 13,
                                                                                                "Actual Startup Time": 7.536,
                                                                                                "Actual Total Time": 22275.837,
                                                                                                "Actual Rows": 6003,
                                                                                                "Actual Loops": 1,
                                                                                                "Output": [
                                                                                                    "mi_idx.info",
                                                                                                    "mi_idx.movie_id",
                                                                                                    "mk.movie_id"
                                                                                                ],
                                                                                                "Inner Unique": true,
                                                                                                "Plans": [
                                                                                                    {
                                                                                                        "Node Type": "Nested Loop",
                                                                                                        "Parent Relationship": "Outer",
                                                                                                        "Parallel Aware": false,
                                                                                                        "Join Type": "Inner",
                                                                                                        "Startup Cost": 20000000001.32,
                                                                                                        "Total Cost": 20020324526.99,
                                                                                                        "Plan Rows": 134,
                                                                                                        "Plan Width": 17,
                                                                                                        "Actual Startup Time": 7.524,
                                                                                                        "Actual Total Time": 22234.419,
                                                                                                        "Actual Rows": 10147,
                                                                                                        "Actual Loops": 1,
                                                                                                        "Output": [
                                                                                                            "mk.movie_id",
                                                                                                            "mi_idx.info",
                                                                                                            "mi_idx.movie_id",
                                                                                                            "mi_idx.info_type_id"
                                                                                                        ],
                                                                                                        "Inner Unique": false,
                                                                                                        "Plans": [
                                                                                                            {
                                                                                                                "Node Type": "Nested Loop",
                                                                                                                "Parent Relationship": "Outer",
                                                                                                                "Parallel Aware": false,
                                                                                                                "Join Type": "Inner",
                                                                                                                "Startup Cost": 10000000000.86,
                                                                                                                "Total Cost": 10020323006.86,
                                                                                                                "Plan Rows": 337,
                                                                                                                "Plan Width": 4,
                                                                                                                "Actual Startup Time": 2.784,
                                                                                                                "Actual Total Time": 22014.251,
                                                                                                                "Actual Rows": 36410,
                                                                                                                "Actual Loops": 1,
                                                                                                                "Output": [
                                                                                                                    "mk.movie_id"
                                                                                                                ],
                                                                                                                "Inner Unique": true,
                                                                                                                "Plans": [
                                                                                                                    {
                                                                                                                        "Node Type": "Index Scan",
                                                                                                                        "Parent Relationship": "Outer",
                                                                                                                        "Parallel Aware": false,
                                                                                                                        "Scan Direction": "Forward",
                                                                                                                        "Index Name": "movie_id_movie_keyword",
                                                                                                                        "Relation Name": "movie_keyword",
                                                                                                                        "Schema": "public",
                                                                                                                        "Alias": "mk",
                                                                                                                        "Startup Cost": 0.43,
                                                                                                                        "Total Cost": 177177.46,
                                                                                                                        "Plan Rows": 4523930,
                                                                                                                        "Plan Width": 8,
                                                                                                                        "Actual Startup Time": 0.019,
                                                                                                                        "Actual Total Time": 1203.089,
                                                                                                                        "Actual Rows": 4523930,
                                                                                                                        "Actual Loops": 1,
                                                                                                                        "Output": [
                                                                                                                            "mk.id",
                                                                                                                            "mk.movie_id",
                                                                                                                            "mk.keyword_id"
                                                                                                                        ]
                                                                                                                    },
                                                                                                                    {
                                                                                                                        "Node Type": "Bitmap Heap Scan",
                                                                                                                        "Parent Relationship": "Inner",
                                                                                                                        "Parallel Aware": false,
                                                                                                                        "Relation Name": "keyword",
                                                                                                                        "Schema": "public",
                                                                                                                        "Alias": "k",
                                                                                                                        "Startup Cost": 0.43,
                                                                                                                        "Total Cost": 4.45,
                                                                                                                        "Plan Rows": 1,
                                                                                                                        "Plan Width": 4,
                                                                                                                        "Actual Startup Time": 0.003,
                                                                                                                        "Actual Total Time": 0.003,
                                                                                                                        "Actual Rows": 0,
                                                                                                                        "Actual Loops": 4523930,
                                                                                                                        "Output": [
                                                                                                                            "k.id",
                                                                                                                            "k.keyword",
                                                                                                                            "k.phonetic_code"
                                                                                                                        ],
                                                                                                                        "Recheck Cond": "(k.id = mk.keyword_id)",
                                                                                                                        "Rows Removed by Index Recheck": 0,
                                                                                                                        "Filter": "(k.keyword = ANY ('{claw,fight,fight,blood,sequel,fight,marvel-cinematic-universe,based-on-comic,based-on-comic,violence}'::text[]))",
                                                                                                                        "Rows Removed by Filter": 1,
                                                                                                                        "Exact Heap Blocks": 4523930,
                                                                                                                        "Lossy Heap Blocks": 0,
                                                                                                                        "Plans": [
                                                                                                                            {
                                                                                                                                "Node Type": "Bitmap Index Scan",
                                                                                                                                "Parent Relationship": "Outer",
                                                                                                                                "Parallel Aware": false,
                                                                                                                                "Index Name": "keyword_pkey",
                                                                                                                                "Startup Cost": 0.0,
                                                                                                                                "Total Cost": 0.43,
                                                                                                                                "Plan Rows": 1,
                                                                                                                                "Plan Width": 0,
                                                                                                                                "Actual Startup Time": 0.002,
                                                                                                                                "Actual Total Time": 0.002,
                                                                                                                                "Actual Rows": 1,
                                                                                                                                "Actual Loops": 4523930,
                                                                                                                                "Index Cond": "(k.id = mk.keyword_id)"
                                                                                                                            }
                                                                                                                        ]
                                                                                                                    }
                                                                                                                ]
                                                                                                            },
                                                                                                            {
                                                                                                                "Node Type": "Bitmap Heap Scan",
                                                                                                                "Parent Relationship": "Inner",
                                                                                                                "Parallel Aware": false,
                                                                                                                "Relation Name": "movie_info_idx",
                                                                                                                "Schema": "public",
                                                                                                                "Alias": "mi_idx",
                                                                                                                "Startup Cost": 0.46,
                                                                                                                "Total Cost": 4.5,
                                                                                                                "Plan Rows": 1,
                                                                                                                "Plan Width": 13,
                                                                                                                "Actual Startup Time": 0.004,
                                                                                                                "Actual Total Time": 0.004,
                                                                                                                "Actual Rows": 0,
                                                                                                                "Actual Loops": 36410,
                                                                                                                "Output": [
                                                                                                                    "mi_idx.id",
                                                                                                                    "mi_idx.movie_id",
                                                                                                                    "mi_idx.info_type_id",
                                                                                                                    "mi_idx.info",
                                                                                                                    "mi_idx.note"
                                                                                                                ],
                                                                                                                "Recheck Cond": "(mi_idx.movie_id = mk.movie_id)",
                                                                                                                "Rows Removed by Index Recheck": 0,
                                                                                                                "Filter": "(mi_idx.info > '7.0'::text)",
                                                                                                                "Rows Removed by Filter": 2,
                                                                                                                "Exact Heap Blocks": 29670,
                                                                                                                "Lossy Heap Blocks": 0,
                                                                                                                "Plans": [
                                                                                                                    {
                                                                                                                        "Node Type": "Bitmap Index Scan",
                                                                                                                        "Parent Relationship": "Outer",
                                                                                                                        "Parallel Aware": false,
                                                                                                                        "Index Name": "movie_id_movie_info_idx",
                                                                                                                        "Startup Cost": 0.0,
                                                                                                                        "Total Cost": 0.46,
                                                                                                                        "Plan Rows": 3,
                                                                                                                        "Plan Width": 0,
                                                                                                                        "Actual Startup Time": 0.003,
                                                                                                                        "Actual Total Time": 0.003,
                                                                                                                        "Actual Rows": 2,
                                                                                                                        "Actual Loops": 36410,
                                                                                                                        "Index Cond": "(mi_idx.movie_id = mk.movie_id)"
                                                                                                                    }
                                                                                                                ]
                                                                                                            }
                                                                                                        ]
                                                                                                    },
                                                                                                    {
                                                                                                        "Node Type": "Bitmap Heap Scan",
                                                                                                        "Parent Relationship": "Inner",
                                                                                                        "Parallel Aware": false,
                                                                                                        "Relation Name": "info_type",
                                                                                                        "Schema": "public",
                                                                                                        "Alias": "it2",
                                                                                                        "Startup Cost": 0.15,
                                                                                                        "Total Cost": 4.17,
                                                                                                        "Plan Rows": 1,
                                                                                                        "Plan Width": 4,
                                                                                                        "Actual Startup Time": 0.002,
                                                                                                        "Actual Total Time": 0.002,
                                                                                                        "Actual Rows": 1,
                                                                                                        "Actual Loops": 10147,
                                                                                                        "Output": [
                                                                                                            "it2.id",
                                                                                                            "it2.info"
                                                                                                        ],
                                                                                                        "Recheck Cond": "(it2.id = mi_idx.info_type_id)",
                                                                                                        "Rows Removed by Index Recheck": 0,
                                                                                                        "Filter": "((it2.info)::text = 'rating'::text)",
                                                                                                        "Rows Removed by Filter": 0,
                                                                                                        "Exact Heap Blocks": 10147,
                                                                                                        "Lossy Heap Blocks": 0,
                                                                                                        "Plans": [
                                                                                                            {
                                                                                                                "Node Type": "Bitmap Index Scan",
                                                                                                                "Parent Relationship": "Outer",
                                                                                                                "Parallel Aware": false,
                                                                                                                "Index Name": "info_type_pkey",
                                                                                                                "Startup Cost": 0.0,
                                                                                                                "Total Cost": 0.15,
                                                                                                                "Plan Rows": 1,
                                                                                                                "Plan Width": 0,
                                                                                                                "Actual Startup Time": 0.001,
                                                                                                                "Actual Total Time": 0.001,
                                                                                                                "Actual Rows": 1,
                                                                                                                "Actual Loops": 10147,
                                                                                                                "Index Cond": "(it2.id = mi_idx.info_type_id)"
                                                                                                            }
                                                                                                        ]
                                                                                                    }
                                                                                                ]
                                                                                            },
                                                                                            {
                                                                                                "Node Type": "Hash",
                                                                                                "Parent Relationship": "Inner",
                                                                                                "Parallel Aware": false,
                                                                                                "Startup Cost": 4164.71,
                                                                                                "Total Cost": 4164.71,
                                                                                                "Plan Rows": 135086,
                                                                                                "Plan Width": 12,
                                                                                                "Actual Startup Time": 47.829,
                                                                                                "Actual Total Time": 47.831,
                                                                                                "Actual Rows": 135086,
                                                                                                "Actual Loops": 1,
                                                                                                "Output": [
                                                                                                    "cc.movie_id",
                                                                                                    "cc.subject_id",
                                                                                                    "cc.status_id"
                                                                                                ],
                                                                                                "Hash Buckets": 262144,
                                                                                                "Original Hash Buckets": 262144,
                                                                                                "Hash Batches": 1,
                                                                                                "Original Hash Batches": 1,
                                                                                                "Peak Memory Usage": 7853,
                                                                                                "Plans": [
                                                                                                    {
                                                                                                        "Node Type": "Index Scan",
                                                                                                        "Parent Relationship": "Outer",
                                                                                                        "Parallel Aware": false,
                                                                                                        "Scan Direction": "Forward",
                                                                                                        "Index Name": "subject_id_complete_cast",
                                                                                                        "Relation Name": "complete_cast",
                                                                                                        "Schema": "public",
                                                                                                        "Alias": "cc",
                                                                                                        "Startup Cost": 0.42,
                                                                                                        "Total Cost": 4164.71,
                                                                                                        "Plan Rows": 135086,
                                                                                                        "Plan Width": 12,
                                                                                                        "Actual Startup Time": 0.095,
                                                                                                        "Actual Total Time": 30.563,
                                                                                                        "Actual Rows": 135086,
                                                                                                        "Actual Loops": 1,
                                                                                                        "Output": [
                                                                                                            "cc.movie_id",
                                                                                                            "cc.subject_id",
                                                                                                            "cc.status_id"
                                                                                                        ]
                                                                                                    }
                                                                                                ]
                                                                                            }
                                                                                        ]
                                                                                    },
                                                                                    {
                                                                                        "Node Type": "Bitmap Heap Scan",
                                                                                        "Parent Relationship": "Inner",
                                                                                        "Parallel Aware": false,
                                                                                        "Relation Name": "cast_info",
                                                                                        "Schema": "public",
                                                                                        "Alias": "ci",
                                                                                        "Startup Cost": 0.97,
                                                                                        "Total Cost": 5.45,
                                                                                        "Plan Rows": 38,
                                                                                        "Plan Width": 12,
                                                                                        "Actual Startup Time": 0.022,
                                                                                        "Actual Total Time": 0.133,
                                                                                        "Actual Rows": 91,
                                                                                        "Actual Loops": 3692,
                                                                                        "Output": [
                                                                                            "ci.id",
                                                                                            "ci.person_id",
                                                                                            "ci.movie_id",
                                                                                            "ci.person_role_id",
                                                                                            "ci.note",
                                                                                            "ci.nr_order",
                                                                                            "ci.role_id"
                                                                                        ],
                                                                                        "Recheck Cond": "(ci.movie_id = mk.movie_id)",
                                                                                        "Rows Removed by Index Recheck": 0,
                                                                                        "Exact Heap Blocks": 326433,
                                                                                        "Lossy Heap Blocks": 0,
                                                                                        "Plans": [
                                                                                            {
                                                                                                "Node Type": "Bitmap Index Scan",
                                                                                                "Parent Relationship": "Outer",
                                                                                                "Parallel Aware": false,
                                                                                                "Index Name": "movie_id_cast_info",
                                                                                                "Startup Cost": 0.0,
                                                                                                "Total Cost": 0.97,
                                                                                                "Plan Rows": 38,
                                                                                                "Plan Width": 0,
                                                                                                "Actual Startup Time": 0.015,
                                                                                                "Actual Total Time": 0.015,
                                                                                                "Actual Rows": 91,
                                                                                                "Actual Loops": 3692,
                                                                                                "Index Cond": "(ci.movie_id = mk.movie_id)"
                                                                                            }
                                                                                        ]
                                                                                    }
                                                                                ]
                                                                            }
                                                                        ]
                                                                    }
                                                                ]
                                                            },
                                                            {
                                                                "Node Type": "Hash",
                                                                "Parent Relationship": "Inner",
                                                                "Parallel Aware": false,
                                                                "Startup Cost": 116662.9,
                                                                "Total Cost": 116662.9,
                                                                "Plan Rows": 1564790,
                                                                "Plan Width": 25,
                                                                "Actual Startup Time": 1596.124,
                                                                "Actual Total Time": 1596.125,
                                                                "Actual Rows": 1570568,
                                                                "Actual Loops": 1,
                                                                "Output": [
                                                                    "t.title",
                                                                    "t.kind_id",
                                                                    "t.id"
                                                                ],
                                                                "Hash Buckets": 2097152,
                                                                "Original Hash Buckets": 2097152,
                                                                "Hash Batches": 1,
                                                                "Original Hash Batches": 1,
                                                                "Peak Memory Usage": 106585,
                                                                "Plans": [
                                                                    {
                                                                        "Node Type": "Index Scan",
                                                                        "Parent Relationship": "Outer",
                                                                        "Parallel Aware": false,
                                                                        "Scan Direction": "Forward",
                                                                        "Index Name": "title_pkey",
                                                                        "Relation Name": "title",
                                                                        "Schema": "public",
                                                                        "Alias": "t",
                                                                        "Startup Cost": 0.43,
                                                                        "Total Cost": 116662.9,
                                                                        "Plan Rows": 1564790,
                                                                        "Plan Width": 25,
                                                                        "Actual Startup Time": 0.029,
                                                                        "Actual Total Time": 1163.397,
                                                                        "Actual Rows": 1570568,
                                                                        "Actual Loops": 1,
                                                                        "Output": [
                                                                            "t.title",
                                                                            "t.kind_id",
                                                                            "t.id"
                                                                        ],
                                                                        "Filter": "(t.production_year > 1996)",
                                                                        "Rows Removed by Filter": 957744
                                                                    }
                                                                ]
                                                            }
                                                        ]
                                                    },
                                                    {
                                                        "Node Type": "Bitmap Heap Scan",
                                                        "Parent Relationship": "Inner",
                                                        "Parallel Aware": false,
                                                        "Relation Name": "comp_cast_type",
                                                        "Schema": "public",
                                                        "Alias": "cct1",
                                                        "Startup Cost": 0.14,
                                                        "Total Cost": 4.15,
                                                        "Plan Rows": 1,
                                                        "Plan Width": 4,
                                                        "Actual Startup Time": 0.002,
                                                        "Actual Total Time": 0.002,
                                                        "Actual Rows": 1,
                                                        "Actual Loops": 4972,
                                                        "Output": [
                                                            "cct1.id",
                                                            "cct1.kind"
                                                        ],
                                                        "Recheck Cond": "(cct1.id = cc.subject_id)",
                                                        "Rows Removed by Index Recheck": 0,
                                                        "Filter": "((cct1.kind)::text = 'cast'::text)",
                                                        "Rows Removed by Filter": 0,
                                                        "Exact Heap Blocks": 4972,
                                                        "Lossy Heap Blocks": 0,
                                                        "Plans": [
                                                            {
                                                                "Node Type": "Bitmap Index Scan",
                                                                "Parent Relationship": "Outer",
                                                                "Parallel Aware": false,
                                                                "Index Name": "comp_cast_type_pkey",
                                                                "Startup Cost": 0.0,
                                                                "Total Cost": 0.14,
                                                                "Plan Rows": 1,
                                                                "Plan Width": 0,
                                                                "Actual Startup Time": 0.001,
                                                                "Actual Total Time": 0.001,
                                                                "Actual Rows": 1,
                                                                "Actual Loops": 4972,
                                                                "Index Cond": "(cct1.id = cc.subject_id)"
                                                            }
                                                        ]
                                                    }
                                                ]
                                            },
                                            {
                                                "Node Type": "Hash",
                                                "Parent Relationship": "Inner",
                                                "Parallel Aware": false,
                                                "Startup Cost": 12.2,
                                                "Total Cost": 12.2,
                                                "Plan Rows": 1,
                                                "Plan Width": 4,
                                                "Actual Startup Time": 0.031,
                                                "Actual Total Time": 0.032,
                                                "Actual Rows": 2,
                                                "Actual Loops": 1,
                                                "Output": [
                                                    "cct2.id"
                                                ],
                                                "Hash Buckets": 1024,
                                                "Original Hash Buckets": 1024,
                                                "Hash Batches": 1,
                                                "Original Hash Batches": 1,
                                                "Peak Memory Usage": 9,
                                                "Plans": [
                                                    {
                                                        "Node Type": "Index Scan",
                                                        "Parent Relationship": "Outer",
                                                        "Parallel Aware": false,
                                                        "Scan Direction": "Forward",
                                                        "Index Name": "comp_cast_type_pkey",
                                                        "Relation Name": "comp_cast_type",
                                                        "Schema": "public",
                                                        "Alias": "cct2",
                                                        "Startup Cost": 0.13,
                                                        "Total Cost": 12.2,
                                                        "Plan Rows": 1,
                                                        "Plan Width": 4,
                                                        "Actual Startup Time": 0.026,
                                                        "Actual Total Time": 0.028,
                                                        "Actual Rows": 2,
                                                        "Actual Loops": 1,
                                                        "Output": [
                                                            "cct2.id"
                                                        ],
                                                        "Filter": "((cct2.kind)::text ~~ '%complete%'::text)",
                                                        "Rows Removed by Filter": 2
                                                    }
                                                ]
                                            }
                                        ]
                                    }
                                ]
                            }
                        ]
                    },
                    {
                        "Node Type": "Bitmap Heap Scan",
                        "Parent Relationship": "Inner",
                        "Parallel Aware": false,
                        "Relation Name": "kind_type",
                        "Schema": "public",
                        "Alias": "kt",
                        "Startup Cost": 0.14,
                        "Total Cost": 4.16,
                        "Plan Rows": 1,
                        "Plan Width": 4,
                        "Actual Startup Time": 0.002,
                        "Actual Total Time": 0.002,
                        "Actual Rows": 1,
                        "Actual Loops": 3621,
                        "Output": [
                            "kt.id",
                            "kt.kind"
                        ],
                        "Recheck Cond": "(kt.id = t.kind_id)",
                        "Rows Removed by Index Recheck": 0,
                        "Filter": "((kt.kind)::text = 'movie'::text)",
                        "Rows Removed by Filter": 0,
                        "Exact Heap Blocks": 3621,
                        "Lossy Heap Blocks": 0,
                        "Plans": [
                            {
                                "Node Type": "Bitmap Index Scan",
                                "Parent Relationship": "Outer",
                                "Parallel Aware": false,
                                "Index Name": "kind_type_pkey",
                                "Startup Cost": 0.0,
                                "Total Cost": 0.14,
                                "Plan Rows": 1,
                                "Plan Width": 0,
                                "Actual Startup Time": 0.001,
                                "Actual Total Time": 0.001,
                                "Actual Rows": 1,
                                "Actual Loops": 3621,
                                "Index Cond": "(kt.id = t.kind_id)"
                            }
                        ]
                    }
                ]
            }
        ]
    },
    "Planning Time": 43.69,
    "Triggers": [],
    "Execution Time": 27217.48
}