{
  "Plan": {
    "Node Type": "Aggregate",
    "Strategy": "Plain",
    "Partial Mode": "Finalize",
    "Parallel Aware": false,
    "Startup Cost": 101211.07,
    "Total Cost": 101211.08,
    "Plan Rows": 1,
    "Plan Width": 8,
    "Actual Startup Time": 373.533,
    "Actual Total Time": 386.449,
    "Actual Rows": 1,
    "Actual Loops": 1,
    "Plans": [
      {
        "Node Type": "Gather",
        "Parent Relationship": "Outer",
        "Parallel Aware": false,
        "Startup Cost": 101210.96,
        "Total Cost": 101211.07,
        "Plan Rows": 1,
        "Plan Width": 8,
        "Actual Startup Time": 371.223,
        "Actual Total Time": 386.436,
        "Actual Rows": 2,
        "Actual Loops": 1,
        "Workers Planned": 1,
        "Workers Launched": 1,
        "Single Copy": false,
        "Plans": [
          {
            "Node Type": "Aggregate",
            "Strategy": "Plain",
            "Partial Mode": "Partial",
            "Parent Relationship": "Outer",
            "Parallel Aware": false,
            "Startup Cost": 100210.96,
            "Total Cost": 100210.97,
            "Plan Rows": 1,
            "Plan Width": 8,
            "Actual Startup Time": 364.987,
            "Actual Total Time": 364.996,
            "Actual Rows": 1,
            "Actual Loops": 2,
            "Plans": [
              {
                "Node Type": "Hash Join",
                "Parent Relationship": "Outer",
                "Parallel Aware": true,
                "Join Type": "Inner",
                "Startup Cost": 57221.14,
                "Total Cost": 99999.29,
                "Plan Rows": 84665,
                "Plan Width": 0,
                "Actual Startup Time": 204.442,
                "Actual Total Time": 359.704,
                "Actual Rows": 97569,
                "Actual Loops": 2,
                "Inner Unique": true,
                "Hash Cond": "(mc.movie_id = t.id)",
                "Plans": [
                  {
                    "Node Type": "Index Scan",
                    "Parent Relationship": "Outer",
                    "Parallel Aware": true,
                    "Scan Direction": "Forward",
                    "Index Name": "company_type_id_movie_companies",
                    "Relation Name": "movie_companies",
                    "Alias": "mc",
                    "Startup Cost": 0.43,
                    "Total Cost": 41574.35,
                    "Plan Rows": 458753,
                    "Plan Width": 4,
                    "Actual Startup Time": 9.697,
                    "Actual Total Time": 124.665,
                    "Actual Rows": 280811,
                    "Actual Loops": 2,
                    "Index Cond": "(company_type_id < 2)",
                    "Rows Removed by Index Recheck": 0,
                    "Filter": "(company_id > 5488)",
                    "Rows Removed by Filter": 356312
                  },
                  {
                    "Node Type": "Hash",
                    "Parent Relationship": "Inner",
                    "Parallel Aware": true,
                    "Startup Cost": 53789.76,
                    "Total Cost": 53789.76,
                    "Plan Rows": 274476,
                    "Plan Width": 4,
                    "Actual Startup Time": 162.364,
                    "Actual Total Time": 162.367,
                    "Actual Rows": 170373,
                    "Actual Loops": 2,
                    "Hash Buckets": 524288,
                    "Original Hash Buckets": 524288,
                    "Hash Batches": 1,
                    "Original Hash Batches": 1,
                    "Peak Memory Usage": 17440,
                    "Plans": [
                      {
                        "Node Type": "Bitmap Heap Scan",
                        "Parent Relationship": "Outer",
                        "Parallel Aware": true,
                        "Relation Name": "title",
                        "Alias": "t",
                        "Startup Cost": 11939.5,
                        "Total Cost": 53789.76,
                        "Plan Rows": 274476,
                        "Plan Width": 4,
                        "Actual Startup Time": 34.525,
                        "Actual Total Time": 112.266,
                        "Actual Rows": 170373,
                        "Actual Loops": 2,
                        "Recheck Cond": "(kind_id = 1)",
                        "Rows Removed by Index Recheck": 0,
                        "Filter": "(production_year > 1989)",
                        "Rows Removed by Filter": 161040,
                        "Exact Heap Blocks": 8873,
                        "Lossy Heap Blocks": 0,
                        "Plans": [
                          {
                            "Node Type": "Bitmap Index Scan",
                            "Parent Relationship": "Outer",
                            "Parallel Aware": false,
                            "Index Name": "kind_id_title",
                            "Startup Cost": 0.0,
                            "Total Cost": 11822.85,
                            "Plan Rows": 663256,
                            "Plan Width": 0,
                            "Actual Startup Time": 33.381,
                            "Actual Total Time": 33.382,
                            "Actual Rows": 662825,
                            "Actual Loops": 1,
                            "Index Cond": "(kind_id = 1)"
                          }
                        ]
                      }
                    ]
                  }
                ]
              }
            ]
          }
        ]
      }
    ]
  },
  "Planning Time": 0.678,
  "Triggers": [],
  "Execution Time": 386.548
}