[
  {
    "Plan": {
      "Node Type": "Aggregate",
      "Strategy": "Plain",
      "Partial Mode": "Finalize",
      "Parallel Aware": false,
      "Startup Cost": 336210.06,
      "Total Cost": 336210.07,
      "Plan Rows": 1,
      "Plan Width": 8,
      "Actual Startup Time": 810.844,
      "Actual Total Time": 859.403,
      "Actual Rows": 1,
      "Actual Loops": 1,
      "Plans": [
        {
          "Node Type": "Gather",
          "Parent Relationship": "Outer",
          "Parallel Aware": false,
          "Startup Cost": 336209.44,
          "Total Cost": 336210.05,
          "Plan Rows": 6,
          "Plan Width": 8,
          "Actual Startup Time": 810.639,
          "Actual Total Time": 859.391,
          "Actual Rows": 7,
          "Actual Loops": 1,
          "Workers Planned": 6,
          "Workers Launched": 6,
          "Single Copy": false,
          "Plans": [
            {
              "Node Type": "Aggregate",
              "Strategy": "Plain",
              "Partial Mode": "Partial",
              "Parent Relationship": "Outer",
              "Parallel Aware": false,
              "Startup Cost": 335209.44,
              "Total Cost": 335209.45,
              "Plan Rows": 1,
              "Plan Width": 8,
              "Actual Startup Time": 802.98,
              "Actual Total Time": 802.982,
              "Actual Rows": 1,
              "Actual Loops": 7,
              "Plans": [
                {
                  "Node Type": "Seq Scan",
                  "Parent Relationship": "Outer",
                  "Parallel Aware": true,
                  "Relation Name": "cast_info",
                  "Alias": "ci",
                  "Startup Cost": 0.0,
                  "Total Cost": 328211.39,
                  "Plan Rows": 2799218,
                  "Plan Width": 0,
                  "Actual Startup Time": 246.568,
                  "Actual Total Time": 671.241,
                  "Actual Rows": 2366616,
                  "Actual Loops": 7,
                  "Filter": "(person_id > 1972147)",
                  "Rows Removed by Filter": 2811147
                }
              ]
            }
          ]
        }
      ]
    },
    "Planning Time": 0.164,
    "Triggers": [],
    "Execution Time": 859.467
  }
]