[
  {
    "Plan": {
      "Node Type": "Aggregate",
      "Strategy": "Plain",
      "Partial Mode": "Finalize",
      "Parallel Aware": false,
      "Startup Cost": 49850.3,
      "Total Cost": 49850.31,
      "Plan Rows": 1,
      "Plan Width": 8,
      "Actual Startup Time": 58.397,
      "Actual Total Time": 65.116,
      "Actual Rows": 1,
      "Actual Loops": 1,
      "Plans": [
        {
          "Node Type": "Gather",
          "Parent Relationship": "Outer",
          "Parallel Aware": false,
          "Startup Cost": 49849.98,
          "Total Cost": 49850.29,
          "Plan Rows": 3,
          "Plan Width": 8,
          "Actual Startup Time": 58.242,
          "Actual Total Time": 65.109,
          "Actual Rows": 4,
          "Actual Loops": 1,
          "Workers Planned": 3,
          "Workers Launched": 3,
          "Single Copy": false,
          "Plans": [
            {
              "Node Type": "Aggregate",
              "Strategy": "Plain",
              "Partial Mode": "Partial",
              "Parent Relationship": "Outer",
              "Parallel Aware": false,
              "Startup Cost": 48849.98,
              "Total Cost": 48849.99,
              "Plan Rows": 1,
              "Plan Width": 8,
              "Actual Startup Time": 49.064,
              "Actual Total Time": 49.066,
              "Actual Rows": 1,
              "Actual Loops": 4,
              "Plans": [
                {
                  "Node Type": "Nested Loop",
                  "Parent Relationship": "Outer",
                  "Parallel Aware": false,
                  "Join Type": "Inner",
                  "Startup Cost": 295.22,
                  "Total Cost": 48838.91,
                  "Plan Rows": 4427,
                  "Plan Width": 0,
                  "Actual Startup Time": 5.328,
                  "Actual Total Time": 48.492,
                  "Actual Rows": 3438,
                  "Actual Loops": 4,
                  "Inner Unique": true,
                  "Plans": [
                    {
                      "Node Type": "Bitmap Heap Scan",
                      "Parent Relationship": "Outer",
                      "Parallel Aware": true,
                      "Relation Name": "movie_keyword",
                      "Alias": "mk",
                      "Startup Cost": 294.79,
                      "Total Cost": 21933.98,
                      "Plan Rows": 4427,
                      "Plan Width": 4,
                      "Actual Startup Time": 5.134,
                      "Actual Total Time": 16.351,
                      "Actual Rows": 3438,
                      "Actual Loops": 4,
                      "Recheck Cond": "(keyword_id = 121)",
                      "Rows Removed by Index Recheck": 0,
                      "Exact Heap Blocks": 4111,
                      "Lossy Heap Blocks": 0,
                      "Plans": [
                        {
                          "Node Type": "Bitmap Index Scan",
                          "Parent Relationship": "Outer",
                          "Parallel Aware": false,
                          "Index Name": "keyword_id_movie_keyword",
                          "Startup Cost": 0.0,
                          "Total Cost": 291.36,
                          "Plan Rows": 13723,
                          "Plan Width": 0,
                          "Actual Startup Time": 9.421,
                          "Actual Total Time": 9.421,
                          "Actual Rows": 13753,
                          "Actual Loops": 1,
                          "Index Cond": "(keyword_id = 121)"
                        }
                      ]
                    },
                    {
                      "Node Type": "Index Only Scan",
                      "Parent Relationship": "Inner",
                      "Parallel Aware": false,
                      "Scan Direction": "Forward",
                      "Index Name": "title_pkey",
                      "Relation Name": "title",
                      "Alias": "t",
                      "Startup Cost": 0.43,
                      "Total Cost": 6.08,
                      "Plan Rows": 1,
                      "Plan Width": 4,
                      "Actual Startup Time": 0.009,
                      "Actual Total Time": 0.009,
                      "Actual Rows": 1,
                      "Actual Loops": 13753,
                      "Index Cond": "(id = mk.movie_id)",
                      "Rows Removed by Index Recheck": 0,
                      "Heap Fetches": 13753
                    }
                  ]
                }
              ]
            }
          ]
        }
      ]
    },
    "Planning Time": 0.576,
    "Triggers": [],
    "Execution Time": 65.197
  }
]