[
  {
    "Plan": {
      "Node Type": "Aggregate",
      "Strategy": "Plain",
      "Partial Mode": "Finalize",
      "Parallel Aware": false,
      "Startup Cost": 348878.76,
      "Total Cost": 348878.77,
      "Plan Rows": 1,
      "Plan Width": 8,
      "Actual Startup Time": 934.411,
      "Actual Total Time": 1004.129,
      "Actual Rows": 1,
      "Actual Loops": 1,
      "Plans": [
        {
          "Node Type": "Gather",
          "Parent Relationship": "Outer",
          "Parallel Aware": false,
          "Startup Cost": 348878.14,
          "Total Cost": 348878.75,
          "Plan Rows": 6,
          "Plan Width": 8,
          "Actual Startup Time": 934.256,
          "Actual Total Time": 1004.114,
          "Actual Rows": 7,
          "Actual Loops": 1,
          "Workers Planned": 6,
          "Workers Launched": 6,
          "Single Copy": false,
          "Plans": [
            {
              "Node Type": "Aggregate",
              "Strategy": "Plain",
              "Partial Mode": "Partial",
              "Parent Relationship": "Outer",
              "Parallel Aware": false,
              "Startup Cost": 347878.14,
              "Total Cost": 347878.15,
              "Plan Rows": 1,
              "Plan Width": 8,
              "Actual Startup Time": 925.857,
              "Actual Total Time": 925.859,
              "Actual Rows": 1,
              "Actual Loops": 7,
              "Plans": [
                {
                  "Node Type": "Seq Scan",
                  "Parent Relationship": "Outer",
                  "Parallel Aware": true,
                  "Relation Name": "cast_info",
                  "Alias": "ci",
                  "Startup Cost": 0.0,
                  "Total Cost": 343316.27,
                  "Plan Rows": 1824747,
                  "Plan Width": 0,
                  "Actual Startup Time": 281.714,
                  "Actual Total Time": 801.738,
                  "Actual Rows": 2376392,
                  "Actual Loops": 7,
                  "Filter": "((person_id > 1964724) AND (role_id > 1))",
                  "Rows Removed by Filter": 2801372
                }
              ]
            }
          ]
        }
      ]
    },
    "Planning Time": 0.119,
    "Triggers": [],
    "Execution Time": 1004.181
  }
]