[
  {
    "Plan": {
      "Node Type": "Aggregate",
      "Strategy": "Plain",
      "Partial Mode": "Finalize",
      "Parallel Aware": false,
      "Startup Cost": 348816.34,
      "Total Cost": 348816.35,
      "Plan Rows": 1,
      "Plan Width": 8,
      "Actual Startup Time": 764.804,
      "Actual Total Time": 822.588,
      "Actual Rows": 1,
      "Actual Loops": 1,
      "Plans": [
        {
          "Node Type": "Gather",
          "Parent Relationship": "Outer",
          "Parallel Aware": false,
          "Startup Cost": 348815.72,
          "Total Cost": 348816.33,
          "Plan Rows": 6,
          "Plan Width": 8,
          "Actual Startup Time": 764.706,
          "Actual Total Time": 822.566,
          "Actual Rows": 7,
          "Actual Loops": 1,
          "Workers Planned": 6,
          "Workers Launched": 6,
          "Single Copy": false,
          "Plans": [
            {
              "Node Type": "Aggregate",
              "Strategy": "Plain",
              "Partial Mode": "Partial",
              "Parent Relationship": "Outer",
              "Parallel Aware": false,
              "Startup Cost": 347815.72,
              "Total Cost": 347815.73,
              "Plan Rows": 1,
              "Plan Width": 8,
              "Actual Startup Time": 753.877,
              "Actual Total Time": 753.878,
              "Actual Rows": 1,
              "Actual Loops": 7,
              "Plans": [
                {
                  "Node Type": "Seq Scan",
                  "Parent Relationship": "Outer",
                  "Parallel Aware": true,
                  "Relation Name": "cast_info",
                  "Alias": "ci",
                  "Startup Cost": 0.0,
                  "Total Cost": 343257.03,
                  "Plan Rows": 1823475,
                  "Plan Width": 0,
                  "Actual Startup Time": 241.035,
                  "Actual Total Time": 656.526,
                  "Actual Rows": 2376392,
                  "Actual Loops": 7,
                  "Filter": "((person_id > 1964724) AND (role_id > 1))",
                  "Rows Removed by Filter": 2801372
                }
              ]
            }
          ]
        }
      ]
    },
    "Planning Time": 0.222,
    "Triggers": [],
    "Execution Time": 822.662
  }
]