[
  {
    "Plan": {
      "Node Type": "Aggregate",
      "Strategy": "Plain",
      "Partial Mode": "Finalize",
      "Parallel Aware": false,
      "Startup Cost": 122291.49,
      "Total Cost": 122291.5,
      "Plan Rows": 1,
      "Plan Width": 8,
      "Actual Startup Time": 280.163,
      "Actual Total Time": 308.144,
      "Actual Rows": 1,
      "Actual Loops": 1,
      "Plans": [
        {
          "Node Type": "Gather",
          "Parent Relationship": "Outer",
          "Parallel Aware": false,
          "Startup Cost": 122291.17,
          "Total Cost": 122291.48,
          "Plan Rows": 3,
          "Plan Width": 8,
          "Actual Startup Time": 277.67,
          "Actual Total Time": 308.137,
          "Actual Rows": 4,
          "Actual Loops": 1,
          "Workers Planned": 3,
          "Workers Launched": 3,
          "Single Copy": false,
          "Plans": [
            {
              "Node Type": "Aggregate",
              "Strategy": "Plain",
              "Partial Mode": "Partial",
              "Parent Relationship": "Outer",
              "Parallel Aware": false,
              "Startup Cost": 121291.17,
              "Total Cost": 121291.18,
              "Plan Rows": 1,
              "Plan Width": 8,
              "Actual Startup Time": 272.098,
              "Actual Total Time": 272.102,
              "Actual Rows": 1,
              "Actual Loops": 4,
              "Plans": [
                {
                  "Node Type": "Nested Loop",
                  "Parent Relationship": "Outer",
                  "Parallel Aware": false,
                  "Join Type": "Inner",
                  "Startup Cost": 50804.7,
                  "Total Cost": 121115.82,
                  "Plan Rows": 70143,
                  "Plan Width": 0,
                  "Actual Startup Time": 144.12,
                  "Actual Total Time": 268.939,
                  "Actual Rows": 52550,
                  "Actual Loops": 4,
                  "Inner Unique": false,
                  "Plans": [
                    {
                      "Node Type": "Hash Join",
                      "Parent Relationship": "Outer",
                      "Parallel Aware": true,
                      "Join Type": "Inner",
                      "Startup Cost": 50804.26,
                      "Total Cost": 70875.42,
                      "Plan Rows": 13009,
                      "Plan Width": 8,
                      "Actual Startup Time": 144.023,
                      "Actual Total Time": 190.393,
                      "Actual Rows": 4446,
                      "Actual Loops": 4,
                      "Inner Unique": true,
                      "Hash Cond": "(mc.movie_id = t.id)",
                      "Plans": [
                        {
                          "Node Type": "Bitmap Heap Scan",
                          "Parent Relationship": "Outer",
                          "Parallel Aware": true,
                          "Relation Name": "movie_companies",
                          "Alias": "mc",
                          "Startup Cost": 5691.46,
                          "Total Cost": 25540.27,
                          "Plan Rows": 84705,
                          "Plan Width": 4,
                          "Actual Startup Time": 14.332,
                          "Actual Total Time": 39.125,
                          "Actual Rows": 64400,
                          "Actual Loops": 4,
                          "Recheck Cond": "(company_id < 128)",
                          "Rows Removed by Index Recheck": 0,
                          "Exact Heap Blocks": 7470,
                          "Lossy Heap Blocks": 0,
                          "Plans": [
                            {
                              "Node Type": "Bitmap Index Scan",
                              "Parent Relationship": "Outer",
                              "Parallel Aware": false,
                              "Index Name": "company_id_movie_companies",
                              "Startup Cost": 0.0,
                              "Total Cost": 5625.82,
                              "Plan Rows": 262585,
                              "Plan Width": 0,
                              "Actual Startup Time": 11.735,
                              "Actual Total Time": 11.736,
                              "Actual Rows": 257599,
                              "Actual Loops": 1,
                              "Index Cond": "(company_id < 128)"
                            }
                          ]
                        },
                        {
                          "Node Type": "Hash",
                          "Parent Relationship": "Inner",
                          "Parallel Aware": true,
                          "Startup Cost": 43899.32,
                          "Total Cost": 43899.32,
                          "Plan Rows": 97078,
                          "Plan Width": 4,
                          "Actual Startup Time": 127.619,
                          "Actual Total Time": 127.62,
                          "Actual Rows": 97916,
                          "Actual Loops": 4,
                          "Hash Buckets": 524288,
                          "Original Hash Buckets": 524288,
                          "Hash Batches": 1,
                          "Original Hash Batches": 1,
                          "Peak Memory Usage": 19488,
                          "Plans": [
                            {
                              "Node Type": "Seq Scan",
                              "Parent Relationship": "Outer",
                              "Parallel Aware": true,
                              "Relation Name": "title",
                              "Alias": "t",
                              "Startup Cost": 0.0,
                              "Total Cost": 43899.32,
                              "Plan Rows": 97078,
                              "Plan Width": 4,
                              "Actual Startup Time": 0.039,
                              "Actual Total Time": 93.2,
                              "Actual Rows": 97916,
                              "Actual Loops": 4,
                              "Filter": "(production_year > 2010)",
                              "Rows Removed by Filter": 534162
                            }
                          ]
                        }
                      ]
                    },
                    {
                      "Node Type": "Index Scan",
                      "Parent Relationship": "Inner",
                      "Parallel Aware": false,
                      "Scan Direction": "Forward",
                      "Index Name": "movie_id_movie_info",
                      "Relation Name": "movie_info",
                      "Alias": "mi",
                      "Startup Cost": 0.43,
                      "Total Cost": 3.48,
                      "Plan Rows": 38,
                      "Plan Width": 4,
                      "Actual Startup Time": 0.006,
                      "Actual Total Time": 0.016,
                      "Actual Rows": 12,
                      "Actual Loops": 17784,
                      "Index Cond": "(movie_id = t.id)",
                      "Rows Removed by Index Recheck": 0,
                      "Filter": "(info_type_id < 35)",
                      "Rows Removed by Filter": 2
                    }
                  ]
                }
              ]
            }
          ]
        }
      ]
    },
    "Planning Time": 0.944,
    "Triggers": [],
    "Execution Time": 308.212
  }
]