[
  {
    "Plan": {
      "Node Type": "Aggregate",
      "Strategy": "Plain",
      "Partial Mode": "Finalize",
      "Parallel Aware": false,
      "Startup Cost": 32763.22,
      "Total Cost": 32763.23,
      "Plan Rows": 1,
      "Plan Width": 8,
      "Actual Startup Time": 89.749,
      "Actual Total Time": 100.067,
      "Actual Rows": 1,
      "Actual Loops": 1,
      "Plans": [
        {
          "Node Type": "Gather",
          "Parent Relationship": "Outer",
          "Parallel Aware": false,
          "Startup Cost": 32762.9,
          "Total Cost": 32763.21,
          "Plan Rows": 3,
          "Plan Width": 8,
          "Actual Startup Time": 89.636,
          "Actual Total Time": 100.057,
          "Actual Rows": 4,
          "Actual Loops": 1,
          "Workers Planned": 3,
          "Workers Launched": 3,
          "Single Copy": false,
          "Plans": [
            {
              "Node Type": "Aggregate",
              "Strategy": "Plain",
              "Partial Mode": "Partial",
              "Parent Relationship": "Outer",
              "Parallel Aware": false,
              "Startup Cost": 31762.9,
              "Total Cost": 31762.91,
              "Plan Rows": 1,
              "Plan Width": 8,
              "Actual Startup Time": 82.91,
              "Actual Total Time": 82.911,
              "Actual Rows": 1,
              "Actual Loops": 4,
              "Plans": [
                {
                  "Node Type": "Seq Scan",
                  "Parent Relationship": "Outer",
                  "Parallel Aware": true,
                  "Relation Name": "movie_companies",
                  "Alias": "mc",
                  "Startup Cost": 0.0,
                  "Total Cost": 31414.82,
                  "Plan Rows": 139232,
                  "Plan Width": 0,
                  "Actual Startup Time": 46.62,
                  "Actual Total Time": 79.791,
                  "Actual Rows": 61670,
                  "Actual Loops": 4,
                  "Filter": "((company_id < 2276) AND (company_type_id = 2))",
                  "Rows Removed by Filter": 590612
                }
              ]
            }
          ]
        }
      ]
    },
    "Planning Time": 0.228,
    "Triggers": [],
    "Execution Time": 100.125
  }
]