[
  {
    "Plan": {
      "Node Type": "Aggregate",
      "Strategy": "Plain",
      "Partial Mode": "Finalize",
      "Parallel Aware": false,
      "Startup Cost": 32999.02,
      "Total Cost": 32999.03,
      "Plan Rows": 1,
      "Plan Width": 8,
      "Actual Startup Time": 83.267,
      "Actual Total Time": 91.18,
      "Actual Rows": 1,
      "Actual Loops": 1,
      "Plans": [
        {
          "Node Type": "Gather",
          "Parent Relationship": "Outer",
          "Parallel Aware": false,
          "Startup Cost": 32998.71,
          "Total Cost": 32999.02,
          "Plan Rows": 3,
          "Plan Width": 8,
          "Actual Startup Time": 83.162,
          "Actual Total Time": 91.169,
          "Actual Rows": 4,
          "Actual Loops": 1,
          "Workers Planned": 3,
          "Workers Launched": 3,
          "Single Copy": false,
          "Plans": [
            {
              "Node Type": "Aggregate",
              "Strategy": "Plain",
              "Partial Mode": "Partial",
              "Parent Relationship": "Outer",
              "Parallel Aware": false,
              "Startup Cost": 31998.71,
              "Total Cost": 31998.72,
              "Plan Rows": 1,
              "Plan Width": 8,
              "Actual Startup Time": 79.146,
              "Actual Total Time": 79.147,
              "Actual Rows": 1,
              "Actual Loops": 4,
              "Plans": [
                {
                  "Node Type": "Seq Scan",
                  "Parent Relationship": "Outer",
                  "Parallel Aware": true,
                  "Relation Name": "movie_companies",
                  "Alias": "mc",
                  "Startup Cost": 0.0,
                  "Total Cost": 31414.82,
                  "Plan Rows": 233555,
                  "Plan Width": 0,
                  "Actual Startup Time": 10.06,
                  "Actual Total Time": 73.036,
                  "Actual Rows": 126840,
                  "Actual Loops": 4,
                  "Filter": "((company_id > 8434) AND (company_type_id < 2))",
                  "Rows Removed by Filter": 525442
                }
              ]
            }
          ]
        }
      ]
    },
    "Planning Time": 0.217,
    "Triggers": [],
    "Execution Time": 91.236
  }
]