[
  {
    "Plan": {
      "Node Type": "Aggregate",
      "Strategy": "Plain",
      "Partial Mode": "Finalize",
      "Parallel Aware": false,
      "Startup Cost": 47061.7,
      "Total Cost": 47061.71,
      "Plan Rows": 1,
      "Plan Width": 8,
      "Actual Startup Time": 200.339,
      "Actual Total Time": 210.529,
      "Actual Rows": 1,
      "Actual Loops": 1,
      "Plans": [
        {
          "Node Type": "Gather",
          "Parent Relationship": "Outer",
          "Parallel Aware": false,
          "Startup Cost": 47061.38,
          "Total Cost": 47061.69,
          "Plan Rows": 3,
          "Plan Width": 8,
          "Actual Startup Time": 200.218,
          "Actual Total Time": 210.518,
          "Actual Rows": 4,
          "Actual Loops": 1,
          "Workers Planned": 3,
          "Workers Launched": 3,
          "Single Copy": false,
          "Plans": [
            {
              "Node Type": "Aggregate",
              "Strategy": "Plain",
              "Partial Mode": "Partial",
              "Parent Relationship": "Outer",
              "Parallel Aware": false,
              "Startup Cost": 46061.38,
              "Total Cost": 46061.39,
              "Plan Rows": 1,
              "Plan Width": 8,
              "Actual Startup Time": 192.586,
              "Actual Total Time": 192.587,
              "Actual Rows": 1,
              "Actual Loops": 4,
              "Plans": [
                {
                  "Node Type": "Seq Scan",
                  "Parent Relationship": "Outer",
                  "Parallel Aware": true,
                  "Relation Name": "movie_keyword",
                  "Alias": "mk",
                  "Startup Cost": 0.0,
                  "Total Cost": 42695.65,
                  "Plan Rows": 1346291,
                  "Plan Width": 0,
                  "Actual Startup Time": 0.06,
                  "Actual Total Time": 138.577,
                  "Actual Rows": 1045950,
                  "Actual Loops": 4,
                  "Filter": "(keyword_id < 48726)",
                  "Rows Removed by Filter": 85032
                }
              ]
            }
          ]
        }
      ]
    },
    "Planning Time": 0.188,
    "Triggers": [],
    "Execution Time": 210.586
  }
]