[
    {
        "Bao": {
            "Bao prediction": "NaN",
            "Bao recommended hint": "(no hint)"
        }
    },
    {
        "Plan": {
            "Node Type": "Aggregate",
            "Strategy": "Plain",
            "Partial Mode": "Finalize",
            "Parallel Aware": false,
            "Startup Cost": 269043.29,
            "Total Cost": 269043.3,
            "Plan Rows": 1,
            "Plan Width": 8,
            "Actual Startup Time": 1329.459,
            "Actual Total Time": 1352.959,
            "Actual Rows": 1,
            "Actual Loops": 1,
            "Output": [
                "count(*)"
            ],
            "Plans": [
                {
                    "Node Type": "Gather",
                    "Parent Relationship": "Outer",
                    "Parallel Aware": false,
                    "Startup Cost": 269042.98,
                    "Total Cost": 269043.29,
                    "Plan Rows": 3,
                    "Plan Width": 8,
                    "Actual Startup Time": 1308.341,
                    "Actual Total Time": 1352.95,
                    "Actual Rows": 4,
                    "Actual Loops": 1,
                    "Output": [
                        "(PARTIAL count(*))"
                    ],
                    "Workers Planned": 3,
                    "Workers Launched": 3,
                    "Single Copy": false,
                    "Plans": [
                        {
                            "Node Type": "Aggregate",
                            "Strategy": "Plain",
                            "Partial Mode": "Partial",
                            "Parent Relationship": "Outer",
                            "Parallel Aware": false,
                            "Startup Cost": 268042.98,
                            "Total Cost": 268042.99,
                            "Plan Rows": 1,
                            "Plan Width": 8,
                            "Actual Startup Time": 1290.982,
                            "Actual Total Time": 1290.989,
                            "Actual Rows": 1,
                            "Actual Loops": 4,
                            "Output": [
                                "PARTIAL count(*)"
                            ],
                            "Workers": [
                                {
                                    "Worker Number": 0,
                                    "Actual Startup Time": 1285.419,
                                    "Actual Total Time": 1285.424,
                                    "Actual Rows": 1,
                                    "Actual Loops": 1
                                },
                                {
                                    "Worker Number": 1,
                                    "Actual Startup Time": 1285.35,
                                    "Actual Total Time": 1285.355,
                                    "Actual Rows": 1,
                                    "Actual Loops": 1
                                },
                                {
                                    "Worker Number": 2,
                                    "Actual Startup Time": 1285.476,
                                    "Actual Total Time": 1285.481,
                                    "Actual Rows": 1,
                                    "Actual Loops": 1
                                }
                            ],
                            "Plans": [
                                {
                                    "Node Type": "Hash Join",
                                    "Parent Relationship": "Outer",
                                    "Parallel Aware": true,
                                    "Join Type": "Inner",
                                    "Startup Cost": 220277.94,
                                    "Total Cost": 267650.81,
                                    "Plan Rows": 156865,
                                    "Plan Width": 0,
                                    "Actual Startup Time": 511.16,
                                    "Actual Total Time": 1081.885,
                                    "Actual Rows": 3798773,
                                    "Actual Loops": 4,
                                    "Inner Unique": false,
                                    "Hash Cond": "(mk.movie_id = t.id)",
                                    "Workers": [
                                        {
                                            "Worker Number": 0,
                                            "Actual Startup Time": 505.69,
                                            "Actual Total Time": 1075.593,
                                            "Actual Rows": 3251164,
                                            "Actual Loops": 1
                                        },
                                        {
                                            "Worker Number": 1,
                                            "Actual Startup Time": 505.552,
                                            "Actual Total Time": 1082.811,
                                            "Actual Rows": 5094473,
                                            "Actual Loops": 1
                                        },
                                        {
                                            "Worker Number": 2,
                                            "Actual Startup Time": 505.711,
                                            "Actual Total Time": 1073.442,
                                            "Actual Rows": 3287507,
                                            "Actual Loops": 1
                                        }
                                    ],
                                    "Plans": [
                                        {
                                            "Node Type": "Seq Scan",
                                            "Parent Relationship": "Outer",
                                            "Parallel Aware": true,
                                            "Relation Name": "movie_keyword",
                                            "Schema": "public",
                                            "Alias": "mk",
                                            "Startup Cost": 0.0,
                                            "Total Cost": 42695.65,
                                            "Plan Rows": 1163598,
                                            "Plan Width": 4,
                                            "Actual Startup Time": 0.055,
                                            "Actual Total Time": 135.287,
                                            "Actual Rows": 901919,
                                            "Actual Loops": 4,
                                            "Output": [
                                                "mk.id",
                                                "mk.movie_id",
                                                "mk.keyword_id"
                                            ],
                                            "Filter": "(mk.keyword_id > 866)",
                                            "Rows Removed by Filter": 229064,
                                            "Workers": [
                                                {
                                                    "Worker Number": 0,
                                                    "Actual Startup Time": 0.034,
                                                    "Actual Total Time": 135.309,
                                                    "Actual Rows": 758400,
                                                    "Actual Loops": 1
                                                },
                                                {
                                                    "Worker Number": 1,
                                                    "Actual Startup Time": 0.079,
                                                    "Actual Total Time": 145.577,
                                                    "Actual Rows": 1287750,
                                                    "Actual Loops": 1
                                                },
                                                {
                                                    "Worker Number": 2,
                                                    "Actual Startup Time": 0.091,
                                                    "Actual Total Time": 132.521,
                                                    "Actual Rows": 746521,
                                                    "Actual Loops": 1
                                                }
                                            ]
                                        },
                                        {
                                            "Node Type": "Hash",
                                            "Parent Relationship": "Inner",
                                            "Parallel Aware": true,
                                            "Startup Cost": 219425.82,
                                            "Total Cost": 219425.82,
                                            "Plan Rows": 68169,
                                            "Plan Width": 8,
                                            "Actual Startup Time": 508.937,
                                            "Actual Total Time": 508.942,
                                            "Actual Rows": 92054,
                                            "Actual Loops": 4,
                                            "Output": [
                                                "t.id",
                                                "mi.movie_id"
                                            ],
                                            "Hash Buckets": 524288,
                                            "Original Hash Buckets": 524288,
                                            "Hash Batches": 1,
                                            "Original Hash Batches": 1,
                                            "Peak Memory Usage": 18560,
                                            "Workers": [
                                                {
                                                    "Worker Number": 0,
                                                    "Actual Startup Time": 505.094,
                                                    "Actual Total Time": 505.099,
                                                    "Actual Rows": 82064,
                                                    "Actual Loops": 1
                                                },
                                                {
                                                    "Worker Number": 1,
                                                    "Actual Startup Time": 505.033,
                                                    "Actual Total Time": 505.037,
                                                    "Actual Rows": 111431,
                                                    "Actual Loops": 1
                                                },
                                                {
                                                    "Worker Number": 2,
                                                    "Actual Startup Time": 505.181,
                                                    "Actual Total Time": 505.185,
                                                    "Actual Rows": 81516,
                                                    "Actual Loops": 1
                                                }
                                            ],
                                            "Plans": [
                                                {
                                                    "Node Type": "Hash Join",
                                                    "Parent Relationship": "Outer",
                                                    "Parallel Aware": true,
                                                    "Join Type": "Inner",
                                                    "Startup Cost": 56401.77,
                                                    "Total Cost": 219425.82,
                                                    "Plan Rows": 68169,
                                                    "Plan Width": 8,
                                                    "Actual Startup Time": 411.852,
                                                    "Actual Total Time": 478.872,
                                                    "Actual Rows": 92054,
                                                    "Actual Loops": 4,
                                                    "Output": [
                                                        "t.id",
                                                        "mi.movie_id"
                                                    ],
                                                    "Inner Unique": true,
                                                    "Hash Cond": "(mi.movie_id = t.id)",
                                                    "Workers": [
                                                        {
                                                            "Worker Number": 0,
                                                            "Actual Startup Time": 407.974,
                                                            "Actual Total Time": 474.879,
                                                            "Actual Rows": 82064,
                                                            "Actual Loops": 1
                                                        },
                                                        {
                                                            "Worker Number": 1,
                                                            "Actual Startup Time": 407.958,
                                                            "Actual Total Time": 475.064,
                                                            "Actual Rows": 111431,
                                                            "Actual Loops": 1
                                                        },
                                                        {
                                                            "Worker Number": 2,
                                                            "Actual Startup Time": 408.127,
                                                            "Actual Total Time": 475.227,
                                                            "Actual Rows": 81516,
                                                            "Actual Loops": 1
                                                        }
                                                    ],
                                                    "Plans": [
                                                        {
                                                            "Node Type": "Bitmap Heap Scan",
                                                            "Parent Relationship": "Outer",
                                                            "Parallel Aware": true,
                                                            "Relation Name": "movie_info",
                                                            "Schema": "public",
                                                            "Alias": "mi",
                                                            "Startup Cost": 6181.97,
                                                            "Total Cost": 169027.08,
                                                            "Plan Rows": 68169,
                                                            "Plan Width": 4,
                                                            "Actual Startup Time": 20.379,
                                                            "Actual Total Time": 47.193,
                                                            "Actual Rows": 92054,
                                                            "Actual Loops": 4,
                                                            "Output": [
                                                                "mi.id",
                                                                "mi.movie_id",
                                                                "mi.info_type_id",
                                                                "mi.info",
                                                                "mi.note"
                                                            ],
                                                            "Recheck Cond": "(mi.info_type_id = 17)",
                                                            "Rows Removed by Index Recheck": 0,
                                                            "Exact Heap Blocks": 2741,
                                                            "Lossy Heap Blocks": 0,
                                                            "Workers": [
                                                                {
                                                                    "Worker Number": 0,
                                                                    "Actual Startup Time": 20.373,
                                                                    "Actual Total Time": 48.265,
                                                                    "Actual Rows": 82064,
                                                                    "Actual Loops": 1
                                                                },
                                                                {
                                                                    "Worker Number": 1,
                                                                    "Actual Startup Time": 20.427,
                                                                    "Actual Total Time": 48.57,
                                                                    "Actual Rows": 111431,
                                                                    "Actual Loops": 1
                                                                },
                                                                {
                                                                    "Worker Number": 2,
                                                                    "Actual Startup Time": 20.45,
                                                                    "Actual Total Time": 48.938,
                                                                    "Actual Rows": 81516,
                                                                    "Actual Loops": 1
                                                                }
                                                            ],
                                                            "Plans": [
                                                                {
                                                                    "Node Type": "Bitmap Index Scan",
                                                                    "Parent Relationship": "Outer",
                                                                    "Parallel Aware": false,
                                                                    "Index Name": "info_type_id_movie_info",
                                                                    "Startup Cost": 0.0,
                                                                    "Total Cost": 6096.76,
                                                                    "Plan Rows": 340843,
                                                                    "Plan Width": 0,
                                                                    "Actual Startup Time": 17.889,
                                                                    "Actual Total Time": 17.889,
                                                                    "Actual Rows": 368218,
                                                                    "Actual Loops": 1,
                                                                    "Index Cond": "(mi.info_type_id = 17)"
                                                                }
                                                            ]
                                                        },
                                                        {
                                                            "Node Type": "Hash",
                                                            "Parent Relationship": "Inner",
                                                            "Parallel Aware": true,
                                                            "Startup Cost": 42318.81,
                                                            "Total Cost": 42318.81,
                                                            "Plan Rows": 632080,
                                                            "Plan Width": 4,
                                                            "Actual Startup Time": 382.939,
                                                            "Actual Total Time": 382.94,
                                                            "Actual Rows": 632078,
                                                            "Actual Loops": 4,
                                                            "Output": [
                                                                "t.id"
                                                            ],
                                                            "Hash Buckets": 4194304,
                                                            "Original Hash Buckets": 4194304,
                                                            "Hash Batches": 1,
                                                            "Original Hash Batches": 1,
                                                            "Peak Memory Usage": 131744,
                                                            "Workers": [
                                                                {
                                                                    "Worker Number": 0,
                                                                    "Actual Startup Time": 387.488,
                                                                    "Actual Total Time": 387.489,
                                                                    "Actual Rows": 561872,
                                                                    "Actual Loops": 1
                                                                },
                                                                {
                                                                    "Worker Number": 1,
                                                                    "Actual Startup Time": 387.396,
                                                                    "Actual Total Time": 387.397,
                                                                    "Actual Rows": 744595,
                                                                    "Actual Loops": 1
                                                                },
                                                                {
                                                                    "Worker Number": 2,
                                                                    "Actual Startup Time": 387.515,
                                                                    "Actual Total Time": 387.516,
                                                                    "Actual Rows": 557206,
                                                                    "Actual Loops": 1
                                                                }
                                                            ],
                                                            "Plans": [
                                                                {
                                                                    "Node Type": "Seq Scan",
                                                                    "Parent Relationship": "Outer",
                                                                    "Parallel Aware": true,
                                                                    "Relation Name": "title",
                                                                    "Schema": "public",
                                                                    "Alias": "t",
                                                                    "Startup Cost": 0.0,
                                                                    "Total Cost": 42318.81,
                                                                    "Plan Rows": 632080,
                                                                    "Plan Width": 4,
                                                                    "Actual Startup Time": 0.044,
                                                                    "Actual Total Time": 111.898,
                                                                    "Actual Rows": 632078,
                                                                    "Actual Loops": 4,
                                                                    "Output": [
                                                                        "t.id"
                                                                    ],
                                                                    "Workers": [
                                                                        {
                                                                            "Worker Number": 0,
                                                                            "Actual Startup Time": 0.063,
                                                                            "Actual Total Time": 118.839,
                                                                            "Actual Rows": 561872,
                                                                            "Actual Loops": 1
                                                                        },
                                                                        {
                                                                            "Worker Number": 1,
                                                                            "Actual Startup Time": 0.061,
                                                                            "Actual Total Time": 109.661,
                                                                            "Actual Rows": 744595,
                                                                            "Actual Loops": 1
                                                                        },
                                                                        {
                                                                            "Worker Number": 2,
                                                                            "Actual Startup Time": 0.037,
                                                                            "Actual Total Time": 118.844,
                                                                            "Actual Rows": 557206,
                                                                            "Actual Loops": 1
                                                                        }
                                                                    ]
                                                                }
                                                            ]
                                                        }
                                                    ]
                                                }
                                            ]
                                        }
                                    ]
                                }
                            ]
                        }
                    ]
                }
            ]
        },
        "Planning Time": 281.738,
        "Triggers": [],
        "Execution Time": 1353.102
    }
]