[
  {
    "Bao": {
      "Bao prediction": 1891.448,
      "Bao recommended hint": "SET enable_mergejoin TO off; SET enable_indexscan TO off; "
    }
  },
  {
    "Plan": {
      "Node Type": "Aggregate",
      "Strategy": "Plain",
      "Partial Mode": "Simple",
      "Parallel Aware": false,
      "Startup Cost": 9431.26,
      "Total Cost": 9431.27,
      "Plan Rows": 1,
      "Plan Width": 128,
      "Actual Startup Time": 3310.895,
      "Actual Total Time": 3310.902,
      "Actual Rows": 1,
      "Actual Loops": 1,
      "Plans": [
        {
          "Node Type": "Nested Loop",
          "Parent Relationship": "Outer",
          "Parallel Aware": false,
          "Join Type": "Inner",
          "Startup Cost": 13.92,
          "Total Cost": 9431.25,
          "Plan Rows": 1,
          "Plan Width": 81,
          "Actual Startup Time": 26.829,
          "Actual Total Time": 3308.447,
          "Actual Rows": 4407,
          "Actual Loops": 1,
          "Inner Unique": true,
          "Join Filter": "(mi.movie_id = t.id)",
          "Rows Removed by Join Filter": 0,
          "Plans": [
            {
              "Node Type": "Nested Loop",
              "Parent Relationship": "Outer",
              "Parallel Aware": false,
              "Join Type": "Inner",
              "Startup Cost": 13.47,
              "Total Cost": 9426.78,
              "Plan Rows": 1,
              "Plan Width": 80,
              "Actual Startup Time": 26.796,
              "Actual Total Time": 3268.207,
              "Actual Rows": 4407,
              "Actual Loops": 1,
              "Inner Unique": true,
              "Plans": [
                {
                  "Node Type": "Nested Loop",
                  "Parent Relationship": "Outer",
                  "Parallel Aware": false,
                  "Join Type": "Inner",
                  "Startup Cost": 12.99,
                  "Total Cost": 9422.28,
                  "Plan Rows": 1,
                  "Plan Width": 69,
                  "Actual Startup Time": 19.445,
                  "Actual Total Time": 3189.169,
                  "Actual Rows": 7112,
                  "Actual Loops": 1,
                  "Inner Unique": true,
                  "Join Filter": "(mi.info_type_id = it1.id)",
                  "Rows Removed by Join Filter": 628,
                  "Plans": [
                    {
                      "Node Type": "Nested Loop",
                      "Parent Relationship": "Outer",
                      "Parallel Aware": false,
                      "Join Type": "Inner",
                      "Startup Cost": 12.99,
                      "Total Cost": 9419.85,
                      "Plan Rows": 1,
                      "Plan Width": 73,
                      "Actual Startup Time": 19.438,
                      "Actual Total Time": 3155.887,
                      "Actual Rows": 7740,
                      "Actual Loops": 1,
                      "Inner Unique": false,
                      "Join Filter": "(mi.movie_id = ci.movie_id)",
                      "Rows Removed by Join Filter": 0,
                      "Plans": [
                        {
                          "Node Type": "Nested Loop",
                          "Parent Relationship": "Outer",
                          "Parallel Aware": false,
                          "Join Type": "Inner",
                          "Startup Cost": 12.03,
                          "Total Cost": 9414.19,
                          "Plan Rows": 1,
                          "Plan Width": 65,
                          "Actual Startup Time": 4.326,
                          "Actual Total Time": 2109.522,
                          "Actual Rows": 12260,
                          "Actual Loops": 1,
                          "Inner Unique": false,
                          "Join Filter": "(mi_idx.movie_id = mi.movie_id)",
                          "Rows Removed by Join Filter": 0,
                          "Plans": [
                            {
                              "Node Type": "Nested Loop",
                              "Parent Relationship": "Outer",
                              "Parallel Aware": false,
                              "Join Type": "Inner",
                              "Startup Cost": 11.24,
                              "Total Cost": 9387.1,
                              "Plan Rows": 5,
                              "Plan Width": 14,
                              "Actual Startup Time": 4.177,
                              "Actual Total Time": 566.841,
                              "Actual Rows": 50760,
                              "Actual Loops": 1,
                              "Inner Unique": false,
                              "Join Filter": "(mi_idx.info_type_id = it2.id)",
                              "Rows Removed by Join Filter": 101960,
                              "Plans": [
                                {
                                  "Node Type": "Seq Scan",
                                  "Parent Relationship": "Outer",
                                  "Parallel Aware": false,
                                  "Relation Name": "info_type",
                                  "Alias": "it2",
                                  "Startup Cost": 0.0,
                                  "Total Cost": 2.41,
                                  "Plan Rows": 1,
                                  "Plan Width": 4,
                                  "Actual Startup Time": 0.014,
                                  "Actual Total Time": 0.016,
                                  "Actual Rows": 1,
                                  "Actual Loops": 1,
                                  "Filter": "((info)::text = 'votes'::text)",
                                  "Rows Removed by Filter": 112
                                },
                                {
                                  "Node Type": "Nested Loop",
                                  "Parent Relationship": "Inner",
                                  "Parallel Aware": false,
                                  "Join Type": "Inner",
                                  "Startup Cost": 11.24,
                                  "Total Cost": 9378.22,
                                  "Plan Rows": 517,
                                  "Plan Width": 18,
                                  "Actual Startup Time": 4.16,
                                  "Actual Total Time": 551.851,
                                  "Actual Rows": 152720,
                                  "Actual Loops": 1,
                                  "Inner Unique": false,
                                  "Plans": [
                                    {
                                      "Node Type": "Nested Loop",
                                      "Parent Relationship": "Outer",
                                      "Parallel Aware": false,
                                      "Join Type": "Inner",
                                      "Startup Cost": 10.78,
                                      "Total Cost": 8613.71,
                                      "Plan Rows": 169,
                                      "Plan Width": 4,
                                      "Actual Startup Time": 4.117,
                                      "Actual Total Time": 129.656,
                                      "Actual Rows": 62096,
                                      "Actual Loops": 1,
                                      "Inner Unique": false,
                                      "Plans": [
                                        {
                                          "Node Type": "Seq Scan",
                                          "Parent Relationship": "Outer",
                                          "Parallel Aware": false,
                                          "Relation Name": "keyword",
                                          "Alias": "k",
                                          "Startup Cost": 0.0,
                                          "Total Cost": 3129.26,
                                          "Plan Rows": 5,
                                          "Plan Width": 4,
                                          "Actual Startup Time": 0.66,
                                          "Actual Total Time": 18.868,
                                          "Actual Rows": 5,
                                          "Actual Loops": 1,
                                          "Filter": "(keyword = ANY ('{murder,blood,gore,death,female-nudity}'::text[]))",
                                          "Rows Removed by Filter": 134165
                                        },
                                        {
                                          "Node Type": "Bitmap Heap Scan",
                                          "Parent Relationship": "Inner",
                                          "Parallel Aware": false,
                                          "Relation Name": "movie_keyword",
                                          "Alias": "mk",
                                          "Startup Cost": 10.78,
                                          "Total Cost": 1093.86,
                                          "Plan Rows": 303,
                                          "Plan Width": 8,
                                          "Actual Startup Time": 2.519,
                                          "Actual Total Time": 20.437,
                                          "Actual Rows": 12419,
                                          "Actual Loops": 5,
                                          "Recheck Cond": "(keyword_id = k.id)",
                                          "Rows Removed by Index Recheck": 0,
                                          "Exact Heap Blocks": 41331,
                                          "Lossy Heap Blocks": 0,
                                          "Plans": [
                                            {
                                              "Node Type": "Bitmap Index Scan",
                                              "Parent Relationship": "Outer",
                                              "Parallel Aware": false,
                                              "Index Name": "keyword_id_movie_keyword",
                                              "Startup Cost": 0.0,
                                              "Total Cost": 10.71,
                                              "Plan Rows": 303,
                                              "Plan Width": 0,
                                              "Actual Startup Time": 1.586,
                                              "Actual Total Time": 1.586,
                                              "Actual Rows": 12419,
                                              "Actual Loops": 5,
                                              "Index Cond": "(keyword_id = k.id)"
                                            }
                                          ]
                                        }
                                      ]
                                    },
                                    {
                                      "Node Type": "Bitmap Heap Scan",
                                      "Parent Relationship": "Inner",
                                      "Parallel Aware": false,
                                      "Relation Name": "movie_info_idx",
                                      "Alias": "mi_idx",
                                      "Startup Cost": 0.46,
                                      "Total Cost": 4.49,
                                      "Plan Rows": 3,
                                      "Plan Width": 14,
                                      "Actual Startup Time": 0.005,
                                      "Actual Total Time": 0.005,
                                      "Actual Rows": 2,
                                      "Actual Loops": 62096,
                                      "Recheck Cond": "(movie_id = mk.movie_id)",
                                      "Rows Removed by Index Recheck": 0,
                                      "Exact Heap Blocks": 51614,
                                      "Lossy Heap Blocks": 0,
                                      "Plans": [
                                        {
                                          "Node Type": "Bitmap Index Scan",
                                          "Parent Relationship": "Outer",
                                          "Parallel Aware": false,
                                          "Index Name": "movie_id_movie_info_idx",
                                          "Startup Cost": 0.0,
                                          "Total Cost": 0.46,
                                          "Plan Rows": 3,
                                          "Plan Width": 0,
                                          "Actual Startup Time": 0.003,
                                          "Actual Total Time": 0.003,
                                          "Actual Rows": 2,
                                          "Actual Loops": 62096,
                                          "Index Cond": "(movie_id = mk.movie_id)"
                                        }
                                      ]
                                    }
                                  ]
                                }
                              ]
                            },
                            {
                              "Node Type": "Bitmap Heap Scan",
                              "Parent Relationship": "Inner",
                              "Parallel Aware": false,
                              "Relation Name": "movie_info",
                              "Alias": "mi",
                              "Startup Cost": 0.79,
                              "Total Cost": 5.41,
                              "Plan Rows": 1,
                              "Plan Width": 51,
                              "Actual Startup Time": 0.028,
                              "Actual Total Time": 0.029,
                              "Actual Rows": 0,
                              "Actual Loops": 50760,
                              "Recheck Cond": "(movie_id = mk.movie_id)",
                              "Rows Removed by Index Recheck": 0,
                              "Filter": "(info = 'Horror'::text)",
                              "Rows Removed by Filter": 56,
                              "Exact Heap Blocks": 684051,
                              "Lossy Heap Blocks": 0,
                              "Plans": [
                                {
                                  "Node Type": "Bitmap Index Scan",
                                  "Parent Relationship": "Outer",
                                  "Parallel Aware": false,
                                  "Index Name": "movie_id_movie_info",
                                  "Startup Cost": 0.0,
                                  "Total Cost": 0.79,
                                  "Plan Rows": 41,
                                  "Plan Width": 0,
                                  "Actual Startup Time": 0.008,
                                  "Actual Total Time": 0.008,
                                  "Actual Rows": 56,
                                  "Actual Loops": 50760,
                                  "Index Cond": "(movie_id = mk.movie_id)"
                                }
                              ]
                            }
                          ]
                        },
                        {
                          "Node Type": "Bitmap Heap Scan",
                          "Parent Relationship": "Inner",
                          "Parallel Aware": false,
                          "Relation Name": "cast_info",
                          "Alias": "ci",
                          "Startup Cost": 0.96,
                          "Total Cost": 5.65,
                          "Plan Rows": 1,
                          "Plan Width": 8,
                          "Actual Startup Time": 0.07,
                          "Actual Total Time": 0.083,
                          "Actual Rows": 1,
                          "Actual Loops": 12260,
                          "Recheck Cond": "(movie_id = mk.movie_id)",
                          "Rows Removed by Index Recheck": 0,
                          "Filter": "(note = ANY ('{(writer),\"(head writer)\",\"(written by)\",(story),\"(story editor)\"}'::text[]))",
                          "Rows Removed by Filter": 47,
                          "Exact Heap Blocks": 568294,
                          "Lossy Heap Blocks": 0,
                          "Plans": [
                            {
                              "Node Type": "Bitmap Index Scan",
                              "Parent Relationship": "Outer",
                              "Parallel Aware": false,
                              "Index Name": "movie_id_cast_info",
                              "Startup Cost": 0.0,
                              "Total Cost": 0.96,
                              "Plan Rows": 37,
                              "Plan Width": 0,
                              "Actual Startup Time": 0.009,
                              "Actual Total Time": 0.009,
                              "Actual Rows": 48,
                              "Actual Loops": 12260,
                              "Index Cond": "(movie_id = mk.movie_id)"
                            }
                          ]
                        }
                      ]
                    },
                    {
                      "Node Type": "Seq Scan",
                      "Parent Relationship": "Inner",
                      "Parallel Aware": false,
                      "Relation Name": "info_type",
                      "Alias": "it1",
                      "Startup Cost": 0.0,
                      "Total Cost": 2.41,
                      "Plan Rows": 1,
                      "Plan Width": 4,
                      "Actual Startup Time": 0.002,
                      "Actual Total Time": 0.002,
                      "Actual Rows": 1,
                      "Actual Loops": 7740,
                      "Filter": "((info)::text = 'genres'::text)",
                      "Rows Removed by Filter": 11
                    }
                  ]
                },
                {
                  "Node Type": "Bitmap Heap Scan",
                  "Parent Relationship": "Inner",
                  "Parallel Aware": false,
                  "Relation Name": "name",
                  "Alias": "n",
                  "Startup Cost": 0.49,
                  "Total Cost": 4.5,
                  "Plan Rows": 1,
                  "Plan Width": 19,
                  "Actual Startup Time": 0.009,
                  "Actual Total Time": 0.009,
                  "Actual Rows": 1,
                  "Actual Loops": 7112,
                  "Recheck Cond": "(id = ci.person_id)",
                  "Rows Removed by Index Recheck": 0,
                  "Filter": "((gender)::text = 'm'::text)",
                  "Rows Removed by Filter": 0,
                  "Exact Heap Blocks": 7112,
                  "Lossy Heap Blocks": 0,
                  "Plans": [
                    {
                      "Node Type": "Bitmap Index Scan",
                      "Parent Relationship": "Outer",
                      "Parallel Aware": false,
                      "Index Name": "name_pkey",
                      "Startup Cost": 0.0,
                      "Total Cost": 0.49,
                      "Plan Rows": 1,
                      "Plan Width": 0,
                      "Actual Startup Time": 0.006,
                      "Actual Total Time": 0.006,
                      "Actual Rows": 1,
                      "Actual Loops": 7112,
                      "Index Cond": "(id = ci.person_id)"
                    }
                  ]
                }
              ]
            },
            {
              "Node Type": "Bitmap Heap Scan",
              "Parent Relationship": "Inner",
              "Parallel Aware": false,
              "Relation Name": "title",
              "Alias": "t",
              "Startup Cost": 0.45,
              "Total Cost": 4.46,
              "Plan Rows": 1,
              "Plan Width": 21,
              "Actual Startup Time": 0.007,
              "Actual Total Time": 0.007,
              "Actual Rows": 1,
              "Actual Loops": 4407,
              "Recheck Cond": "(id = mk.movie_id)",
              "Rows Removed by Index Recheck": 0,
              "Exact Heap Blocks": 4407,
              "Lossy Heap Blocks": 0,
              "Plans": [
                {
                  "Node Type": "Bitmap Index Scan",
                  "Parent Relationship": "Outer",
                  "Parallel Aware": false,
                  "Index Name": "title_pkey",
                  "Startup Cost": 0.0,
                  "Total Cost": 0.45,
                  "Plan Rows": 1,
                  "Plan Width": 0,
                  "Actual Startup Time": 0.004,
                  "Actual Total Time": 0.004,
                  "Actual Rows": 1,
                  "Actual Loops": 4407,
                  "Index Cond": "(id = mk.movie_id)"
                }
              ]
            }
          ]
        }
      ]
    },
    "Planning Time": 324.02,
    "Triggers": [],
    "Execution Time": 3311.507
  }
]