[
    {
        "Bao": {
            "Bao prediction": 331.851,
            "Bao recommended hint": "SET enable_mergejoin TO off; SET enable_indexscan TO off; "
        }
    },
    {
        "Plan": {
            "Node Type": "Aggregate",
            "Strategy": "Plain",
            "Partial Mode": "Simple",
            "Parallel Aware": false,
            "Startup Cost": 37744.67,
            "Total Cost": 37744.68,
            "Plan Rows": 1,
            "Plan Width": 96,
            "Actual Startup Time": 204.021,
            "Actual Total Time": 216.533,
            "Actual Rows": 1,
            "Actual Loops": 1,
            "Output": [
                "min(cn.name)",
                "min(miidx.info)",
                "min(t.title)"
            ],
            "Plans": [
                {
                    "Node Type": "Nested Loop",
                    "Parent Relationship": "Outer",
                    "Parallel Aware": false,
                    "Join Type": "Inner",
                    "Startup Cost": 5730.45,
                    "Total Cost": 37744.66,
                    "Plan Rows": 1,
                    "Plan Width": 41,
                    "Actual Startup Time": 55.855,
                    "Actual Total Time": 216.515,
                    "Actual Rows": 1,
                    "Actual Loops": 1,
                    "Output": [
                        "cn.name",
                        "miidx.info",
                        "t.title"
                    ],
                    "Inner Unique": true,
                    "Join Filter": "(miidx.info_type_id = it.id)",
                    "Rows Removed by Join Filter": 2,
                    "Plans": [
                        {
                            "Node Type": "Nested Loop",
                            "Parent Relationship": "Outer",
                            "Parallel Aware": false,
                            "Join Type": "Inner",
                            "Startup Cost": 5730.45,
                            "Total Cost": 37742.24,
                            "Plan Rows": 1,
                            "Plan Width": 45,
                            "Actual Startup Time": 55.815,
                            "Actual Total Time": 216.474,
                            "Actual Rows": 3,
                            "Actual Loops": 1,
                            "Output": [
                                "cn.name",
                                "miidx.info",
                                "miidx.info_type_id",
                                "t.title"
                            ],
                            "Inner Unique": false,
                            "Plans": [
                                {
                                    "Node Type": "Nested Loop",
                                    "Parent Relationship": "Outer",
                                    "Parallel Aware": false,
                                    "Join Type": "Inner",
                                    "Startup Cost": 5729.99,
                                    "Total Cost": 37737.72,
                                    "Plan Rows": 1,
                                    "Plan Width": 48,
                                    "Actual Startup Time": 55.738,
                                    "Actual Total Time": 216.392,
                                    "Actual Rows": 1,
                                    "Actual Loops": 1,
                                    "Output": [
                                        "cn.name",
                                        "mc.movie_id",
                                        "mi.movie_id",
                                        "t.title",
                                        "t.id"
                                    ],
                                    "Inner Unique": true,
                                    "Join Filter": "(mi.info_type_id = it2.id)",
                                    "Rows Removed by Join Filter": 5,
                                    "Plans": [
                                        {
                                            "Node Type": "Nested Loop",
                                            "Parent Relationship": "Outer",
                                            "Parallel Aware": false,
                                            "Join Type": "Inner",
                                            "Startup Cost": 5729.99,
                                            "Total Cost": 37735.29,
                                            "Plan Rows": 1,
                                            "Plan Width": 52,
                                            "Actual Startup Time": 55.677,
                                            "Actual Total Time": 216.311,
                                            "Actual Rows": 6,
                                            "Actual Loops": 1,
                                            "Output": [
                                                "cn.name",
                                                "mc.movie_id",
                                                "mi.movie_id",
                                                "mi.info_type_id",
                                                "t.title",
                                                "t.id"
                                            ],
                                            "Inner Unique": false,
                                            "Join Filter": "(t.id = mi.movie_id)",
                                            "Rows Removed by Join Filter": 0,
                                            "Plans": [
                                                {
                                                    "Node Type": "Nested Loop",
                                                    "Parent Relationship": "Outer",
                                                    "Parallel Aware": false,
                                                    "Join Type": "Inner",
                                                    "Startup Cost": 5729.16,
                                                    "Total Cost": 37729.43,
                                                    "Plan Rows": 1,
                                                    "Plan Width": 44,
                                                    "Actual Startup Time": 55.565,
                                                    "Actual Total Time": 216.113,
                                                    "Actual Rows": 1,
                                                    "Actual Loops": 1,
                                                    "Output": [
                                                        "cn.name",
                                                        "mc.movie_id",
                                                        "t.title",
                                                        "t.id"
                                                    ],
                                                    "Inner Unique": true,
                                                    "Join Filter": "(t.kind_id = kt.id)",
                                                    "Rows Removed by Join Filter": 0,
                                                    "Plans": [
                                                        {
                                                            "Node Type": "Gather",
                                                            "Parent Relationship": "Outer",
                                                            "Parallel Aware": false,
                                                            "Startup Cost": 5729.16,
                                                            "Total Cost": 37728.33,
                                                            "Plan Rows": 1,
                                                            "Plan Width": 48,
                                                            "Actual Startup Time": 55.55,
                                                            "Actual Total Time": 216.095,
                                                            "Actual Rows": 1,
                                                            "Actual Loops": 1,
                                                            "Output": [
                                                                "cn.name",
                                                                "mc.movie_id",
                                                                "t.title",
                                                                "t.id",
                                                                "t.kind_id"
                                                            ],
                                                            "Workers Planned": 3,
                                                            "Workers Launched": 3,
                                                            "Single Copy": false,
                                                            "Plans": [
                                                                {
                                                                    "Node Type": "Nested Loop",
                                                                    "Parent Relationship": "Outer",
                                                                    "Parallel Aware": false,
                                                                    "Join Type": "Inner",
                                                                    "Startup Cost": 4729.16,
                                                                    "Total Cost": 36728.23,
                                                                    "Plan Rows": 1,
                                                                    "Plan Width": 48,
                                                                    "Actual Startup Time": 156.506,
                                                                    "Actual Total Time": 193.484,
                                                                    "Actual Rows": 0,
                                                                    "Actual Loops": 4,
                                                                    "Output": [
                                                                        "cn.name",
                                                                        "mc.movie_id",
                                                                        "t.title",
                                                                        "t.id",
                                                                        "t.kind_id"
                                                                    ],
                                                                    "Inner Unique": true,
                                                                    "Workers": [
                                                                        {
                                                                            "Worker Number": 0,
                                                                            "Actual Startup Time": 190.555,
                                                                            "Actual Total Time": 190.559,
                                                                            "Actual Rows": 0,
                                                                            "Actual Loops": 1
                                                                        },
                                                                        {
                                                                            "Worker Number": 1,
                                                                            "Actual Startup Time": 190.464,
                                                                            "Actual Total Time": 190.471,
                                                                            "Actual Rows": 0,
                                                                            "Actual Loops": 1
                                                                        },
                                                                        {
                                                                            "Worker Number": 2,
                                                                            "Actual Startup Time": 190.872,
                                                                            "Actual Total Time": 190.877,
                                                                            "Actual Rows": 0,
                                                                            "Actual Loops": 1
                                                                        }
                                                                    ],
                                                                    "Plans": [
                                                                        {
                                                                            "Node Type": "Hash Join",
                                                                            "Parent Relationship": "Outer",
                                                                            "Parallel Aware": false,
                                                                            "Join Type": "Inner",
                                                                            "Startup Cost": 4728.71,
                                                                            "Total Cost": 34157.07,
                                                                            "Plan Rows": 575,
                                                                            "Plan Width": 23,
                                                                            "Actual Startup Time": 22.208,
                                                                            "Actual Total Time": 186.641,
                                                                            "Actual Rows": 229,
                                                                            "Actual Loops": 4,
                                                                            "Output": [
                                                                                "cn.name",
                                                                                "mc.movie_id"
                                                                            ],
                                                                            "Inner Unique": true,
                                                                            "Hash Cond": "(mc.company_type_id = ct.id)",
                                                                            "Workers": [
                                                                                {
                                                                                    "Worker Number": 0,
                                                                                    "Actual Startup Time": 19.028,
                                                                                    "Actual Total Time": 182.541,
                                                                                    "Actual Rows": 255,
                                                                                    "Actual Loops": 1
                                                                                },
                                                                                {
                                                                                    "Worker Number": 1,
                                                                                    "Actual Startup Time": 19.376,
                                                                                    "Actual Total Time": 183.85,
                                                                                    "Actual Rows": 216,
                                                                                    "Actual Loops": 1
                                                                                },
                                                                                {
                                                                                    "Worker Number": 2,
                                                                                    "Actual Startup Time": 19.451,
                                                                                    "Actual Total Time": 184.056,
                                                                                    "Actual Rows": 232,
                                                                                    "Actual Loops": 1
                                                                                }
                                                                            ],
                                                                            "Plans": [
                                                                                {
                                                                                    "Node Type": "Hash Join",
                                                                                    "Parent Relationship": "Outer",
                                                                                    "Parallel Aware": true,
                                                                                    "Join Type": "Inner",
                                                                                    "Startup Cost": 4727.64,
                                                                                    "Total Cost": 34143.58,
                                                                                    "Plan Rows": 2299,
                                                                                    "Plan Width": 27,
                                                                                    "Actual Startup Time": 21.772,
                                                                                    "Actual Total Time": 186.012,
                                                                                    "Actual Rows": 640,
                                                                                    "Actual Loops": 4,
                                                                                    "Output": [
                                                                                        "cn.name",
                                                                                        "mc.movie_id",
                                                                                        "mc.company_type_id"
                                                                                    ],
                                                                                    "Inner Unique": true,
                                                                                    "Hash Cond": "(mc.company_id = cn.id)",
                                                                                    "Workers": [
                                                                                        {
                                                                                            "Worker Number": 0,
                                                                                            "Actual Startup Time": 18.57,
                                                                                            "Actual Total Time": 181.877,
                                                                                            "Actual Rows": 762,
                                                                                            "Actual Loops": 1
                                                                                        },
                                                                                        {
                                                                                            "Worker Number": 1,
                                                                                            "Actual Startup Time": 18.814,
                                                                                            "Actual Total Time": 183.105,
                                                                                            "Actual Rows": 616,
                                                                                            "Actual Loops": 1
                                                                                        },
                                                                                        {
                                                                                            "Worker Number": 2,
                                                                                            "Actual Startup Time": 18.91,
                                                                                            "Actual Total Time": 183.315,
                                                                                            "Actual Rows": 638,
                                                                                            "Actual Loops": 1
                                                                                        }
                                                                                    ],
                                                                                    "Plans": [
                                                                                        {
                                                                                            "Node Type": "Seq Scan",
                                                                                            "Parent Relationship": "Outer",
                                                                                            "Parallel Aware": true,
                                                                                            "Relation Name": "movie_companies",
                                                                                            "Schema": "public",
                                                                                            "Alias": "mc",
                                                                                            "Startup Cost": 0.0,
                                                                                            "Total Cost": 27206.55,
                                                                                            "Plan Rows": 841655,
                                                                                            "Plan Width": 12,
                                                                                            "Actual Startup Time": 0.027,
                                                                                            "Actual Total Time": 85.553,
                                                                                            "Actual Rows": 652282,
                                                                                            "Actual Loops": 4,
                                                                                            "Output": [
                                                                                                "mc.id",
                                                                                                "mc.movie_id",
                                                                                                "mc.company_id",
                                                                                                "mc.company_type_id",
                                                                                                "mc.note"
                                                                                            ],
                                                                                            "Workers": [
                                                                                                {
                                                                                                    "Worker Number": 0,
                                                                                                    "Actual Startup Time": 0.036,
                                                                                                    "Actual Total Time": 88.601,
                                                                                                    "Actual Rows": 616027,
                                                                                                    "Actual Loops": 1
                                                                                                },
                                                                                                {
                                                                                                    "Worker Number": 1,
                                                                                                    "Actual Startup Time": 0.029,
                                                                                                    "Actual Total Time": 84.495,
                                                                                                    "Actual Rows": 671966,
                                                                                                    "Actual Loops": 1
                                                                                                },
                                                                                                {
                                                                                                    "Worker Number": 2,
                                                                                                    "Actual Startup Time": 0.025,
                                                                                                    "Actual Total Time": 84.389,
                                                                                                    "Actual Rows": 668143,
                                                                                                    "Actual Loops": 1
                                                                                                }
                                                                                            ]
                                                                                        },
                                                                                        {
                                                                                            "Node Type": "Hash",
                                                                                            "Parent Relationship": "Inner",
                                                                                            "Parallel Aware": true,
                                                                                            "Startup Cost": 4722.92,
                                                                                            "Total Cost": 4722.92,
                                                                                            "Plan Rows": 378,
                                                                                            "Plan Width": 23,
                                                                                            "Actual Startup Time": 21.041,
                                                                                            "Actual Total Time": 21.042,
                                                                                            "Actual Rows": 158,
                                                                                            "Actual Loops": 4,
                                                                                            "Output": [
                                                                                                "cn.name",
                                                                                                "cn.id"
                                                                                            ],
                                                                                            "Hash Buckets": 1024,
                                                                                            "Original Hash Buckets": 1024,
                                                                                            "Hash Batches": 1,
                                                                                            "Original Hash Batches": 1,
                                                                                            "Peak Memory Usage": 136,
                                                                                            "Workers": [
                                                                                                {
                                                                                                    "Worker Number": 0,
                                                                                                    "Actual Startup Time": 18.29,
                                                                                                    "Actual Total Time": 18.29,
                                                                                                    "Actual Rows": 116,
                                                                                                    "Actual Loops": 1
                                                                                                },
                                                                                                {
                                                                                                    "Worker Number": 1,
                                                                                                    "Actual Startup Time": 18.112,
                                                                                                    "Actual Total Time": 18.112,
                                                                                                    "Actual Rows": 147,
                                                                                                    "Actual Loops": 1
                                                                                                },
                                                                                                {
                                                                                                    "Worker Number": 2,
                                                                                                    "Actual Startup Time": 18.537,
                                                                                                    "Actual Total Time": 18.537,
                                                                                                    "Actual Rows": 166,
                                                                                                    "Actual Loops": 1
                                                                                                }
                                                                                            ],
                                                                                            "Plans": [
                                                                                                {
                                                                                                    "Node Type": "Seq Scan",
                                                                                                    "Parent Relationship": "Outer",
                                                                                                    "Parallel Aware": true,
                                                                                                    "Relation Name": "company_name",
                                                                                                    "Schema": "public",
                                                                                                    "Alias": "cn",
                                                                                                    "Startup Cost": 0.0,
                                                                                                    "Total Cost": 4722.92,
                                                                                                    "Plan Rows": 378,
                                                                                                    "Plan Width": 23,
                                                                                                    "Actual Startup Time": 0.287,
                                                                                                    "Actual Total Time": 20.701,
                                                                                                    "Actual Rows": 158,
                                                                                                    "Actual Loops": 4,
                                                                                                    "Output": [
                                                                                                        "cn.name",
                                                                                                        "cn.id"
                                                                                                    ],
                                                                                                    "Filter": "((cn.country_code)::text = '[za]'::text)",
                                                                                                    "Rows Removed by Filter": 58591,
                                                                                                    "Workers": [
                                                                                                        {
                                                                                                            "Worker Number": 0,
                                                                                                            "Actual Startup Time": 0.65,
                                                                                                            "Actual Total Time": 17.999,
                                                                                                            "Actual Rows": 116,
                                                                                                            "Actual Loops": 1
                                                                                                        },
                                                                                                        {
                                                                                                            "Worker Number": 1,
                                                                                                            "Actual Startup Time": 0.228,
                                                                                                            "Actual Total Time": 17.769,
                                                                                                            "Actual Rows": 147,
                                                                                                            "Actual Loops": 1
                                                                                                        },
                                                                                                        {
                                                                                                            "Worker Number": 2,
                                                                                                            "Actual Startup Time": 0.229,
                                                                                                            "Actual Total Time": 18.168,
                                                                                                            "Actual Rows": 166,
                                                                                                            "Actual Loops": 1
                                                                                                        }
                                                                                                    ]
                                                                                                }
                                                                                            ]
                                                                                        }
                                                                                    ]
                                                                                },
                                                                                {
                                                                                    "Node Type": "Hash",
                                                                                    "Parent Relationship": "Inner",
                                                                                    "Parallel Aware": false,
                                                                                    "Startup Cost": 1.05,
                                                                                    "Total Cost": 1.05,
                                                                                    "Plan Rows": 1,
                                                                                    "Plan Width": 4,
                                                                                    "Actual Startup Time": 0.083,
                                                                                    "Actual Total Time": 0.083,
                                                                                    "Actual Rows": 1,
                                                                                    "Actual Loops": 4,
                                                                                    "Output": [
                                                                                        "ct.id"
                                                                                    ],
                                                                                    "Hash Buckets": 1024,
                                                                                    "Original Hash Buckets": 1024,
                                                                                    "Hash Batches": 1,
                                                                                    "Original Hash Batches": 1,
                                                                                    "Peak Memory Usage": 9,
                                                                                    "Workers": [
                                                                                        {
                                                                                            "Worker Number": 0,
                                                                                            "Actual Startup Time": 0.076,
                                                                                            "Actual Total Time": 0.076,
                                                                                            "Actual Rows": 1,
                                                                                            "Actual Loops": 1
                                                                                        },
                                                                                        {
                                                                                            "Worker Number": 1,
                                                                                            "Actual Startup Time": 0.121,
                                                                                            "Actual Total Time": 0.122,
                                                                                            "Actual Rows": 1,
                                                                                            "Actual Loops": 1
                                                                                        },
                                                                                        {
                                                                                            "Worker Number": 2,
                                                                                            "Actual Startup Time": 0.089,
                                                                                            "Actual Total Time": 0.09,
                                                                                            "Actual Rows": 1,
                                                                                            "Actual Loops": 1
                                                                                        }
                                                                                    ],
                                                                                    "Plans": [
                                                                                        {
                                                                                            "Node Type": "Seq Scan",
                                                                                            "Parent Relationship": "Outer",
                                                                                            "Parallel Aware": false,
                                                                                            "Relation Name": "company_type",
                                                                                            "Schema": "public",
                                                                                            "Alias": "ct",
                                                                                            "Startup Cost": 0.0,
                                                                                            "Total Cost": 1.05,
                                                                                            "Plan Rows": 1,
                                                                                            "Plan Width": 4,
                                                                                            "Actual Startup Time": 0.045,
                                                                                            "Actual Total Time": 0.049,
                                                                                            "Actual Rows": 1,
                                                                                            "Actual Loops": 4,
                                                                                            "Output": [
                                                                                                "ct.id"
                                                                                            ],
                                                                                            "Filter": "((ct.kind)::text = 'distributors'::text)",
                                                                                            "Rows Removed by Filter": 3,
                                                                                            "Workers": [
                                                                                                {
                                                                                                    "Worker Number": 0,
                                                                                                    "Actual Startup Time": 0.048,
                                                                                                    "Actual Total Time": 0.051,
                                                                                                    "Actual Rows": 1,
                                                                                                    "Actual Loops": 1
                                                                                                },
                                                                                                {
                                                                                                    "Worker Number": 1,
                                                                                                    "Actual Startup Time": 0.053,
                                                                                                    "Actual Total Time": 0.058,
                                                                                                    "Actual Rows": 1,
                                                                                                    "Actual Loops": 1
                                                                                                },
                                                                                                {
                                                                                                    "Worker Number": 2,
                                                                                                    "Actual Startup Time": 0.055,
                                                                                                    "Actual Total Time": 0.059,
                                                                                                    "Actual Rows": 1,
                                                                                                    "Actual Loops": 1
                                                                                                }
                                                                                            ]
                                                                                        }
                                                                                    ]
                                                                                }
                                                                            ]
                                                                        },
                                                                        {
                                                                            "Node Type": "Bitmap Heap Scan",
                                                                            "Parent Relationship": "Inner",
                                                                            "Parallel Aware": false,
                                                                            "Relation Name": "title",
                                                                            "Schema": "public",
                                                                            "Alias": "t",
                                                                            "Startup Cost": 0.45,
                                                                            "Total Cost": 4.47,
                                                                            "Plan Rows": 1,
                                                                            "Plan Width": 25,
                                                                            "Actual Startup Time": 0.027,
                                                                            "Actual Total Time": 0.027,
                                                                            "Actual Rows": 0,
                                                                            "Actual Loops": 917,
                                                                            "Output": [
                                                                                "t.id",
                                                                                "t.title",
                                                                                "t.imdb_index",
                                                                                "t.kind_id",
                                                                                "t.production_year",
                                                                                "t.imdb_id",
                                                                                "t.phonetic_code",
                                                                                "t.episode_of_id",
                                                                                "t.season_nr",
                                                                                "t.episode_nr",
                                                                                "t.series_years",
                                                                                "t.md5sum"
                                                                            ],
                                                                            "Recheck Cond": "(t.id = mc.movie_id)",
                                                                            "Rows Removed by Index Recheck": 0,
                                                                            "Filter": "((t.title <> ''::text) AND ((t.title ~~ '%Champion%'::text) OR (t.title ~~ '%Loser%'::text)))",
                                                                            "Rows Removed by Filter": 1,
                                                                            "Exact Heap Blocks": 214,
                                                                            "Lossy Heap Blocks": 0,
                                                                            "Workers": [
                                                                                {
                                                                                    "Worker Number": 0,
                                                                                    "Actual Startup Time": 0.028,
                                                                                    "Actual Total Time": 0.028,
                                                                                    "Actual Rows": 0,
                                                                                    "Actual Loops": 255
                                                                                },
                                                                                {
                                                                                    "Worker Number": 1,
                                                                                    "Actual Startup Time": 0.028,
                                                                                    "Actual Total Time": 0.028,
                                                                                    "Actual Rows": 0,
                                                                                    "Actual Loops": 216
                                                                                },
                                                                                {
                                                                                    "Worker Number": 2,
                                                                                    "Actual Startup Time": 0.026,
                                                                                    "Actual Total Time": 0.026,
                                                                                    "Actual Rows": 0,
                                                                                    "Actual Loops": 232
                                                                                }
                                                                            ],
                                                                            "Plans": [
                                                                                {
                                                                                    "Node Type": "Bitmap Index Scan",
                                                                                    "Parent Relationship": "Outer",
                                                                                    "Parallel Aware": false,
                                                                                    "Index Name": "title_pkey",
                                                                                    "Startup Cost": 0.0,
                                                                                    "Total Cost": 0.45,
                                                                                    "Plan Rows": 1,
                                                                                    "Plan Width": 0,
                                                                                    "Actual Startup Time": 0.014,
                                                                                    "Actual Total Time": 0.014,
                                                                                    "Actual Rows": 1,
                                                                                    "Actual Loops": 917,
                                                                                    "Index Cond": "(t.id = mc.movie_id)",
                                                                                    "Workers": [
                                                                                        {
                                                                                            "Worker Number": 0,
                                                                                            "Actual Startup Time": 0.015,
                                                                                            "Actual Total Time": 0.015,
                                                                                            "Actual Rows": 1,
                                                                                            "Actual Loops": 255
                                                                                        },
                                                                                        {
                                                                                            "Worker Number": 1,
                                                                                            "Actual Startup Time": 0.015,
                                                                                            "Actual Total Time": 0.015,
                                                                                            "Actual Rows": 1,
                                                                                            "Actual Loops": 216
                                                                                        },
                                                                                        {
                                                                                            "Worker Number": 2,
                                                                                            "Actual Startup Time": 0.014,
                                                                                            "Actual Total Time": 0.014,
                                                                                            "Actual Rows": 1,
                                                                                            "Actual Loops": 232
                                                                                        }
                                                                                    ]
                                                                                }
                                                                            ]
                                                                        }
                                                                    ]
                                                                }
                                                            ]
                                                        },
                                                        {
                                                            "Node Type": "Seq Scan",
                                                            "Parent Relationship": "Inner",
                                                            "Parallel Aware": false,
                                                            "Relation Name": "kind_type",
                                                            "Schema": "public",
                                                            "Alias": "kt",
                                                            "Startup Cost": 0.0,
                                                            "Total Cost": 1.09,
                                                            "Plan Rows": 1,
                                                            "Plan Width": 4,
                                                            "Actual Startup Time": 0.012,
                                                            "Actual Total Time": 0.013,
                                                            "Actual Rows": 1,
                                                            "Actual Loops": 1,
                                                            "Output": [
                                                                "kt.id",
                                                                "kt.kind"
                                                            ],
                                                            "Filter": "((kt.kind)::text = 'tv series'::text)",
                                                            "Rows Removed by Filter": 1
                                                        }
                                                    ]
                                                },
                                                {
                                                    "Node Type": "Bitmap Heap Scan",
                                                    "Parent Relationship": "Inner",
                                                    "Parallel Aware": false,
                                                    "Relation Name": "movie_info",
                                                    "Schema": "public",
                                                    "Alias": "mi",
                                                    "Startup Cost": 0.84,
                                                    "Total Cost": 5.35,
                                                    "Plan Rows": 41,
                                                    "Plan Width": 8,
                                                    "Actual Startup Time": 0.105,
                                                    "Actual Total Time": 0.187,
                                                    "Actual Rows": 6,
                                                    "Actual Loops": 1,
                                                    "Output": [
                                                        "mi.id",
                                                        "mi.movie_id",
                                                        "mi.info_type_id",
                                                        "mi.info",
                                                        "mi.note"
                                                    ],
                                                    "Recheck Cond": "(mi.movie_id = mc.movie_id)",
                                                    "Rows Removed by Index Recheck": 0,
                                                    "Exact Heap Blocks": 5,
                                                    "Lossy Heap Blocks": 0,
                                                    "Plans": [
                                                        {
                                                            "Node Type": "Bitmap Index Scan",
                                                            "Parent Relationship": "Outer",
                                                            "Parallel Aware": false,
                                                            "Index Name": "movie_id_movie_info",
                                                            "Startup Cost": 0.0,
                                                            "Total Cost": 0.83,
                                                            "Plan Rows": 41,
                                                            "Plan Width": 0,
                                                            "Actual Startup Time": 0.086,
                                                            "Actual Total Time": 0.087,
                                                            "Actual Rows": 6,
                                                            "Actual Loops": 1,
                                                            "Index Cond": "(mi.movie_id = mc.movie_id)"
                                                        }
                                                    ]
                                                }
                                            ]
                                        },
                                        {
                                            "Node Type": "Seq Scan",
                                            "Parent Relationship": "Inner",
                                            "Parallel Aware": false,
                                            "Relation Name": "info_type",
                                            "Schema": "public",
                                            "Alias": "it2",
                                            "Startup Cost": 0.0,
                                            "Total Cost": 2.41,
                                            "Plan Rows": 1,
                                            "Plan Width": 4,
                                            "Actual Startup Time": 0.006,
                                            "Actual Total Time": 0.011,
                                            "Actual Rows": 1,
                                            "Actual Loops": 6,
                                            "Output": [
                                                "it2.id",
                                                "it2.info"
                                            ],
                                            "Filter": "((it2.info)::text = 'release dates'::text)",
                                            "Rows Removed by Filter": 96
                                        }
                                    ]
                                },
                                {
                                    "Node Type": "Bitmap Heap Scan",
                                    "Parent Relationship": "Inner",
                                    "Parallel Aware": false,
                                    "Relation Name": "movie_info_idx",
                                    "Schema": "public",
                                    "Alias": "miidx",
                                    "Startup Cost": 0.45,
                                    "Total Cost": 4.49,
                                    "Plan Rows": 3,
                                    "Plan Width": 13,
                                    "Actual Startup Time": 0.072,
                                    "Actual Total Time": 0.074,
                                    "Actual Rows": 3,
                                    "Actual Loops": 1,
                                    "Output": [
                                        "miidx.id",
                                        "miidx.movie_id",
                                        "miidx.info_type_id",
                                        "miidx.info",
                                        "miidx.note"
                                    ],
                                    "Recheck Cond": "(miidx.movie_id = mi.movie_id)",
                                    "Rows Removed by Index Recheck": 0,
                                    "Exact Heap Blocks": 1,
                                    "Lossy Heap Blocks": 0,
                                    "Plans": [
                                        {
                                            "Node Type": "Bitmap Index Scan",
                                            "Parent Relationship": "Outer",
                                            "Parallel Aware": false,
                                            "Index Name": "movie_id_movie_info_idx",
                                            "Startup Cost": 0.0,
                                            "Total Cost": 0.45,
                                            "Plan Rows": 3,
                                            "Plan Width": 0,
                                            "Actual Startup Time": 0.042,
                                            "Actual Total Time": 0.042,
                                            "Actual Rows": 3,
                                            "Actual Loops": 1,
                                            "Index Cond": "(miidx.movie_id = mi.movie_id)"
                                        }
                                    ]
                                }
                            ]
                        },
                        {
                            "Node Type": "Seq Scan",
                            "Parent Relationship": "Inner",
                            "Parallel Aware": false,
                            "Relation Name": "info_type",
                            "Schema": "public",
                            "Alias": "it",
                            "Startup Cost": 0.0,
                            "Total Cost": 2.41,
                            "Plan Rows": 1,
                            "Plan Width": 4,
                            "Actual Startup Time": 0.01,
                            "Actual Total Time": 0.011,
                            "Actual Rows": 1,
                            "Actual Loops": 3,
                            "Output": [
                                "it.id",
                                "it.info"
                            ],
                            "Filter": "((it.info)::text = 'rating'::text)",
                            "Rows Removed by Filter": 108
                        }
                    ]
                }
            ]
        },
        "Planning Time": 1970.848,
        "Triggers": [],
        "Execution Time": 217.539
    }
]