[
  {
    "Plan": {
      "Node Type": "Aggregate",
      "Strategy": "Plain",
      "Partial Mode": "Finalize",
      "Parallel Aware": false,
      "Startup Cost": 79174.46,
      "Total Cost": 79174.47,
      "Plan Rows": 1,
      "Plan Width": 8,
      "Actual Startup Time": 309.286,
      "Actual Total Time": 324.119,
      "Actual Rows": 1,
      "Actual Loops": 1,
      "Plans": [
        {
          "Node Type": "Gather",
          "Parent Relationship": "Outer",
          "Parallel Aware": false,
          "Startup Cost": 79174.14,
          "Total Cost": 79174.45,
          "Plan Rows": 3,
          "Plan Width": 8,
          "Actual Startup Time": 307.092,
          "Actual Total Time": 324.108,
          "Actual Rows": 4,
          "Actual Loops": 1,
          "Workers Planned": 3,
          "Workers Launched": 3,
          "Single Copy": false,
          "Plans": [
            {
              "Node Type": "Aggregate",
              "Strategy": "Plain",
              "Partial Mode": "Partial",
              "Parent Relationship": "Outer",
              "Parallel Aware": false,
              "Startup Cost": 78174.14,
              "Total Cost": 78174.15,
              "Plan Rows": 1,
              "Plan Width": 8,
              "Actual Startup Time": 298.502,
              "Actual Total Time": 298.505,
              "Actual Rows": 1,
              "Actual Loops": 4,
              "Plans": [
                {
                  "Node Type": "Hash Join",
                  "Parent Relationship": "Outer",
                  "Parallel Aware": true,
                  "Join Type": "Inner",
                  "Startup Cost": 45735.35,
                  "Total Cost": 77988.59,
                  "Plan Rows": 74219,
                  "Plan Width": 0,
                  "Actual Startup Time": 198.119,
                  "Actual Total Time": 294.317,
                  "Actual Rows": 99033,
                  "Actual Loops": 4,
                  "Inner Unique": true,
                  "Hash Cond": "(mc.movie_id = t.id)",
                  "Plans": [
                    {
                      "Node Type": "Seq Scan",
                      "Parent Relationship": "Outer",
                      "Parallel Aware": true,
                      "Relation Name": "movie_companies",
                      "Alias": "mc",
                      "Startup Cost": 0.0,
                      "Total Cost": 31414.82,
                      "Plan Rows": 319402,
                      "Plan Width": 4,
                      "Actual Startup Time": 30.551,
                      "Actual Total Time": 66.834,
                      "Actual Rows": 286466,
                      "Actual Loops": 4,
                      "Filter": "((company_id > 1020) AND (company_type_id > 1))",
                      "Rows Removed by Filter": 365816
                    },
                    {
                      "Node Type": "Hash",
                      "Parent Relationship": "Inner",
                      "Parallel Aware": true,
                      "Startup Cost": 43899.32,
                      "Total Cost": 43899.32,
                      "Plan Rows": 146882,
                      "Plan Width": 4,
                      "Actual Startup Time": 162.144,
                      "Actual Total Time": 162.145,
                      "Actual Rows": 150853,
                      "Actual Loops": 4,
                      "Hash Buckets": 1048576,
                      "Original Hash Buckets": 1048576,
                      "Hash Batches": 1,
                      "Original Hash Batches": 1,
                      "Peak Memory Usage": 31872,
                      "Plans": [
                        {
                          "Node Type": "Seq Scan",
                          "Parent Relationship": "Outer",
                          "Parallel Aware": true,
                          "Relation Name": "title",
                          "Alias": "t",
                          "Startup Cost": 0.0,
                          "Total Cost": 43899.32,
                          "Plan Rows": 146882,
                          "Plan Width": 4,
                          "Actual Startup Time": 0.042,
                          "Actual Total Time": 100.529,
                          "Actual Rows": 150853,
                          "Actual Loops": 4,
                          "Filter": "(production_year < 1986)",
                          "Rows Removed by Filter": 481225
                        }
                      ]
                    }
                  ]
                }
              ]
            }
          ]
        }
      ]
    },
    "Planning Time": 0.637,
    "Triggers": [],
    "Execution Time": 324.197
  }
]