[
  {
    "Plan": {
      "Node Type": "Aggregate",
      "Strategy": "Plain",
      "Partial Mode": "Finalize",
      "Parallel Aware": false,
      "Startup Cost": 90511.66,
      "Total Cost": 90511.67,
      "Plan Rows": 1,
      "Plan Width": 8,
      "Actual Startup Time": 386.701,
      "Actual Total Time": 404.999,
      "Actual Rows": 1,
      "Actual Loops": 1,
      "Plans": [
        {
          "Node Type": "Gather",
          "Parent Relationship": "Outer",
          "Parallel Aware": false,
          "Startup Cost": 90511.35,
          "Total Cost": 90511.66,
          "Plan Rows": 3,
          "Plan Width": 8,
          "Actual Startup Time": 384.795,
          "Actual Total Time": 404.991,
          "Actual Rows": 4,
          "Actual Loops": 1,
          "Workers Planned": 3,
          "Workers Launched": 3,
          "Single Copy": false,
          "Plans": [
            {
              "Node Type": "Aggregate",
              "Strategy": "Plain",
              "Partial Mode": "Partial",
              "Parent Relationship": "Outer",
              "Parallel Aware": false,
              "Startup Cost": 89511.35,
              "Total Cost": 89511.36,
              "Plan Rows": 1,
              "Plan Width": 8,
              "Actual Startup Time": 377.021,
              "Actual Total Time": 377.089,
              "Actual Rows": 1,
              "Actual Loops": 4,
              "Plans": [
                {
                  "Node Type": "Hash Join",
                  "Parent Relationship": "Outer",
                  "Parallel Aware": true,
                  "Join Type": "Inner",
                  "Startup Cost": 46268.67,
                  "Total Cost": 89146.75,
                  "Plan Rows": 145837,
                  "Plan Width": 0,
                  "Actual Startup Time": 175.956,
                  "Actual Total Time": 359.397,
                  "Actual Rows": 428233,
                  "Actual Loops": 4,
                  "Inner Unique": true,
                  "Hash Cond": "(mk.movie_id = t.id)",
                  "Plans": [
                    {
                      "Node Type": "Seq Scan",
                      "Parent Relationship": "Outer",
                      "Parallel Aware": true,
                      "Relation Name": "movie_keyword",
                      "Alias": "mk",
                      "Startup Cost": 0.0,
                      "Total Cost": 39047.32,
                      "Plan Rows": 1459332,
                      "Plan Width": 4,
                      "Actual Startup Time": 0.023,
                      "Actual Total Time": 89.344,
                      "Actual Rows": 1130982,
                      "Actual Loops": 4
                    },
                    {
                      "Node Type": "Hash",
                      "Parent Relationship": "Inner",
                      "Parallel Aware": true,
                      "Startup Cost": 45479.1,
                      "Total Cost": 45479.1,
                      "Plan Rows": 63166,
                      "Plan Width": 4,
                      "Actual Startup Time": 136.525,
                      "Actual Total Time": 136.526,
                      "Actual Rows": 91654,
                      "Actual Loops": 4,
                      "Hash Buckets": 524288,
                      "Original Hash Buckets": 262144,
                      "Hash Batches": 1,
                      "Original Hash Batches": 1,
                      "Peak Memory Usage": 20544,
                      "Plans": [
                        {
                          "Node Type": "Seq Scan",
                          "Parent Relationship": "Outer",
                          "Parallel Aware": true,
                          "Relation Name": "title",
                          "Alias": "t",
                          "Startup Cost": 0.0,
                          "Total Cost": 45479.1,
                          "Plan Rows": 63166,
                          "Plan Width": 4,
                          "Actual Startup Time": 61.029,
                          "Actual Total Time": 101.6,
                          "Actual Rows": 91654,
                          "Actual Loops": 4,
                          "Filter": "((production_year < 1999) AND (kind_id = 1))",
                          "Rows Removed by Filter": 540424
                        }
                      ]
                    }
                  ]
                }
              ]
            }
          ]
        }
      ]
    },
    "Planning Time": 0.591,
    "Triggers": [],
    "Execution Time": 405.082
  }
]