{
  "Plan": {
    "Node Type": "Aggregate",
    "Strategy": "Plain",
    "Partial Mode": "Finalize",
    "Parallel Aware": false,
    "Startup Cost": 456299.3,
    "Total Cost": 456299.31,
    "Plan Rows": 1,
    "Plan Width": 8,
    "Actual Startup Time": 898.12,
    "Actual Total Time": 922.503,
    "Actual Rows": 1,
    "Actual Loops": 1,
    "Plans": [
      {
        "Node Type": "Gather",
        "Parent Relationship": "Outer",
        "Parallel Aware": false,
        "Startup Cost": 456299.19,
        "Total Cost": 456299.3,
        "Plan Rows": 1,
        "Plan Width": 8,
        "Actual Startup Time": 897.31,
        "Actual Total Time": 922.494,
        "Actual Rows": 2,
        "Actual Loops": 1,
        "Workers Planned": 1,
        "Workers Launched": 1,
        "Single Copy": false,
        "Plans": [
          {
            "Node Type": "Aggregate",
            "Strategy": "Plain",
            "Partial Mode": "Partial",
            "Parent Relationship": "Outer",
            "Parallel Aware": false,
            "Startup Cost": 455299.19,
            "Total Cost": 455299.2,
            "Plan Rows": 1,
            "Plan Width": 8,
            "Actual Startup Time": 893.112,
            "Actual Total Time": 893.116,
            "Actual Rows": 1,
            "Actual Loops": 2,
            "Plans": [
              {
                "Node Type": "Hash Join",
                "Parent Relationship": "Outer",
                "Parallel Aware": true,
                "Join Type": "Inner",
                "Startup Cost": 161205.2,
                "Total Cost": 454888.16,
                "Plan Rows": 164412,
                "Plan Width": 0,
                "Actual Startup Time": 361.76,
                "Actual Total Time": 886.65,
                "Actual Rows": 137300,
                "Actual Loops": 2,
                "Inner Unique": true,
                "Hash Cond": "(ci.movie_id = t.id)",
                "Plans": [
                  {
                    "Node Type": "Bitmap Heap Scan",
                    "Parent Relationship": "Outer",
                    "Parallel Aware": true,
                    "Relation Name": "cast_info",
                    "Alias": "ci",
                    "Startup Cost": 101771.08,
                    "Total Cost": 388339.03,
                    "Plan Rows": 2710476,
                    "Plan Width": 4,
                    "Actual Startup Time": 201.573,
                    "Actual Total Time": 447.446,
                    "Actual Rows": 2205654,
                    "Actual Loops": 2,
                    "Recheck Cond": "(person_id > 3255328)",
                    "Rows Removed by Index Recheck": 0,
                    "Exact Heap Blocks": 34036,
                    "Lossy Heap Blocks": 0,
                    "Plans": [
                      {
                        "Node Type": "Bitmap Index Scan",
                        "Parent Relationship": "Outer",
                        "Parallel Aware": false,
                        "Index Name": "person_id_cast_info",
                        "Startup Cost": 0.0,
                        "Total Cost": 100619.13,
                        "Plan Rows": 4607809,
                        "Plan Width": 0,
                        "Actual Startup Time": 190.879,
                        "Actual Total Time": 190.88,
                        "Actual Rows": 4411309,
                        "Actual Loops": 1,
                        "Index Cond": "(person_id > 3255328)"
                      }
                    ]
                  },
                  {
                    "Node Type": "Hash",
                    "Parent Relationship": "Inner",
                    "Parallel Aware": true,
                    "Startup Cost": 58306.47,
                    "Total Cost": 58306.47,
                    "Plan Rows": 90212,
                    "Plan Width": 4,
                    "Actual Startup Time": 156.579,
                    "Actual Total Time": 156.58,
                    "Actual Rows": 67380,
                    "Actual Loops": 2,
                    "Hash Buckets": 262144,
                    "Original Hash Buckets": 262144,
                    "Hash Batches": 1,
                    "Original Hash Batches": 1,
                    "Peak Memory Usage": 7328,
                    "Plans": [
                      {
                        "Node Type": "Seq Scan",
                        "Parent Relationship": "Outer",
                        "Parallel Aware": true,
                        "Relation Name": "title",
                        "Alias": "t",
                        "Startup Cost": 0.0,
                        "Total Cost": 58306.47,
                        "Plan Rows": 90212,
                        "Plan Width": 4,
                        "Actual Startup Time": 0.082,
                        "Actual Total Time": 140.28,
                        "Actual Rows": 67380,
                        "Actual Loops": 2,
                        "Filter": "((kind_id < 7) AND (production_year > 2010))",
                        "Rows Removed by Filter": 1196776
                      }
                    ]
                  }
                ]
              }
            ]
          }
        ]
      }
    ]
  },
  "Planning Time": 0.623,
  "Triggers": [],
  "Execution Time": 922.595
}