[
  {
    "Plan": {
      "Node Type": "Aggregate",
      "Strategy": "Plain",
      "Partial Mode": "Finalize",
      "Parallel Aware": false,
      "Startup Cost": 32924.41,
      "Total Cost": 32924.42,
      "Plan Rows": 1,
      "Plan Width": 8,
      "Actual Startup Time": 84.771,
      "Actual Total Time": 91.706,
      "Actual Rows": 1,
      "Actual Loops": 1,
      "Plans": [
        {
          "Node Type": "Gather",
          "Parent Relationship": "Outer",
          "Parallel Aware": false,
          "Startup Cost": 32924.1,
          "Total Cost": 32924.41,
          "Plan Rows": 3,
          "Plan Width": 8,
          "Actual Startup Time": 84.659,
          "Actual Total Time": 91.697,
          "Actual Rows": 4,
          "Actual Loops": 1,
          "Workers Planned": 3,
          "Workers Launched": 3,
          "Single Copy": false,
          "Plans": [
            {
              "Node Type": "Aggregate",
              "Strategy": "Plain",
              "Partial Mode": "Partial",
              "Parent Relationship": "Outer",
              "Parallel Aware": false,
              "Startup Cost": 31924.1,
              "Total Cost": 31924.11,
              "Plan Rows": 1,
              "Plan Width": 8,
              "Actual Startup Time": 78.331,
              "Actual Total Time": 78.332,
              "Actual Rows": 1,
              "Actual Loops": 4,
              "Plans": [
                {
                  "Node Type": "Seq Scan",
                  "Parent Relationship": "Outer",
                  "Parallel Aware": true,
                  "Relation Name": "movie_companies",
                  "Alias": "mc",
                  "Startup Cost": 0.0,
                  "Total Cost": 31414.82,
                  "Plan Rows": 203711,
                  "Plan Width": 0,
                  "Actual Startup Time": 19.451,
                  "Actual Total Time": 73.87,
                  "Actual Rows": 95861,
                  "Actual Loops": 4,
                  "Filter": "((company_id > 11378) AND (company_type_id < 2))",
                  "Rows Removed by Filter": 556421
                }
              ]
            }
          ]
        }
      ]
    },
    "Planning Time": 0.175,
    "Triggers": [],
    "Execution Time": 91.755
  }
]