[
  {
    "Plan": {
      "Node Type": "Aggregate",
      "Strategy": "Plain",
      "Partial Mode": "Finalize",
      "Parallel Aware": false,
      "Startup Cost": 121832.08,
      "Total Cost": 121832.09,
      "Plan Rows": 1,
      "Plan Width": 8,
      "Actual Startup Time": 812.137,
      "Actual Total Time": 831.433,
      "Actual Rows": 1,
      "Actual Loops": 1,
      "Plans": [
        {
          "Node Type": "Gather",
          "Parent Relationship": "Outer",
          "Parallel Aware": false,
          "Startup Cost": 121831.77,
          "Total Cost": 121832.08,
          "Plan Rows": 3,
          "Plan Width": 8,
          "Actual Startup Time": 807.955,
          "Actual Total Time": 831.42,
          "Actual Rows": 4,
          "Actual Loops": 1,
          "Workers Planned": 3,
          "Workers Launched": 3,
          "Single Copy": false,
          "Plans": [
            {
              "Node Type": "Aggregate",
              "Strategy": "Plain",
              "Partial Mode": "Partial",
              "Parent Relationship": "Outer",
              "Parallel Aware": false,
              "Startup Cost": 120831.77,
              "Total Cost": 120831.78,
              "Plan Rows": 1,
              "Plan Width": 8,
              "Actual Startup Time": 798.054,
              "Actual Total Time": 798.358,
              "Actual Rows": 1,
              "Actual Loops": 4,
              "Plans": [
                {
                  "Node Type": "Hash Join",
                  "Parent Relationship": "Outer",
                  "Parallel Aware": true,
                  "Join Type": "Inner",
                  "Startup Cost": 75758.71,
                  "Total Cost": 120555.14,
                  "Plan Rows": 110649,
                  "Plan Width": 0,
                  "Actual Startup Time": 455.916,
                  "Actual Total Time": 754.585,
                  "Actual Rows": 757685,
                  "Actual Loops": 4,
                  "Inner Unique": false,
                  "Hash Cond": "(mk.movie_id = t.id)",
                  "Plans": [
                    {
                      "Node Type": "Seq Scan",
                      "Parent Relationship": "Outer",
                      "Parallel Aware": true,
                      "Relation Name": "movie_keyword",
                      "Alias": "mk",
                      "Startup Cost": 0.0,
                      "Total Cost": 39047.32,
                      "Plan Rows": 1459332,
                      "Plan Width": 4,
                      "Actual Startup Time": 0.042,
                      "Actual Total Time": 115.28,
                      "Actual Rows": 1130982,
                      "Actual Loops": 4
                    },
                    {
                      "Node Type": "Hash",
                      "Parent Relationship": "Inner",
                      "Parallel Aware": true,
                      "Startup Cost": 75159.64,
                      "Total Cost": 75159.64,
                      "Plan Rows": 47925,
                      "Plan Width": 8,
                      "Actual Startup Time": 425.669,
                      "Actual Total Time": 425.972,
                      "Actual Rows": 95661,
                      "Actual Loops": 4,
                      "Hash Buckets": 524288,
                      "Original Hash Buckets": 262144,
                      "Hash Batches": 1,
                      "Original Hash Batches": 1,
                      "Peak Memory Usage": 21184,
                      "Plans": [
                        {
                          "Node Type": "Hash Join",
                          "Parent Relationship": "Outer",
                          "Parallel Aware": true,
                          "Join Type": "Inner",
                          "Startup Cost": 29525.95,
                          "Total Cost": 75159.64,
                          "Plan Rows": 47925,
                          "Plan Width": 8,
                          "Actual Startup Time": 138.54,
                          "Actual Total Time": 383.27,
                          "Actual Rows": 95661,
                          "Actual Loops": 4,
                          "Inner Unique": false,
                          "Hash Cond": "(t.id = mc.movie_id)",
                          "Plans": [
                            {
                              "Node Type": "Seq Scan",
                              "Parent Relationship": "Outer",
                              "Parallel Aware": true,
                              "Relation Name": "title",
                              "Alias": "t",
                              "Startup Cost": 0.0,
                              "Total Cost": 42318.73,
                              "Plan Rows": 632073,
                              "Plan Width": 4,
                              "Actual Startup Time": 0.015,
                              "Actual Total Time": 94.547,
                              "Actual Rows": 632078,
                              "Actual Loops": 4
                            },
                            {
                              "Node Type": "Hash",
                              "Parent Relationship": "Inner",
                              "Parallel Aware": true,
                              "Startup Cost": 28752.96,
                              "Total Cost": 28752.96,
                              "Plan Rows": 61839,
                              "Plan Width": 4,
                              "Actual Startup Time": 119.562,
                              "Actual Total Time": 119.563,
                              "Actual Rows": 95661,
                              "Actual Loops": 4,
                              "Hash Buckets": 524288,
                              "Original Hash Buckets": 262144,
                              "Hash Batches": 1,
                              "Original Hash Batches": 1,
                              "Peak Memory Usage": 21184,
                              "Plans": [
                                {
                                  "Node Type": "Bitmap Heap Scan",
                                  "Parent Relationship": "Outer",
                                  "Parallel Aware": true,
                                  "Relation Name": "movie_companies",
                                  "Alias": "mc",
                                  "Startup Cost": 8136.06,
                                  "Total Cost": 28752.96,
                                  "Plan Rows": 61839,
                                  "Plan Width": 4,
                                  "Actual Startup Time": 37.649,
                                  "Actual Total Time": 77.315,
                                  "Actual Rows": 95661,
                                  "Actual Loops": 4,
                                  "Recheck Cond": "(company_id > 83958)",
                                  "Rows Removed by Index Recheck": 0,
                                  "Filter": "(company_type_id = 2)",
                                  "Rows Removed by Filter": 0,
                                  "Exact Heap Blocks": 2200,
                                  "Lossy Heap Blocks": 0,
                                  "Plans": [
                                    {
                                      "Node Type": "Bitmap Index Scan",
                                      "Parent Relationship": "Outer",
                                      "Parallel Aware": false,
                                      "Index Name": "company_id_movie_companies",
                                      "Startup Cost": 0.0,
                                      "Total Cost": 8088.13,
                                      "Plan Rows": 377560,
                                      "Plan Width": 0,
                                      "Actual Startup Time": 36.487,
                                      "Actual Total Time": 36.487,
                                      "Actual Rows": 382643,
                                      "Actual Loops": 1,
                                      "Index Cond": "(company_id > 83958)"
                                    }
                                  ]
                                }
                              ]
                            }
                          ]
                        }
                      ]
                    }
                  ]
                }
              ]
            }
          ]
        }
      ]
    },
    "Planning Time": 1.442,
    "Triggers": [],
    "Execution Time": 831.541
  }
]