[
  {
    "Plan": {
      "Node Type": "Aggregate",
      "Strategy": "Plain",
      "Partial Mode": "Finalize",
      "Parallel Aware": false,
      "Startup Cost": 295130.68,
      "Total Cost": 295130.69,
      "Plan Rows": 1,
      "Plan Width": 8,
      "Actual Startup Time": 3668.511,
      "Actual Total Time": 3736.782,
      "Actual Rows": 1,
      "Actual Loops": 1,
      "Plans": [
        {
          "Node Type": "Gather",
          "Parent Relationship": "Outer",
          "Parallel Aware": false,
          "Startup Cost": 295130.16,
          "Total Cost": 295130.67,
          "Plan Rows": 5,
          "Plan Width": 8,
          "Actual Startup Time": 3661.769,
          "Actual Total Time": 3736.766,
          "Actual Rows": 6,
          "Actual Loops": 1,
          "Workers Planned": 5,
          "Workers Launched": 5,
          "Single Copy": false,
          "Plans": [
            {
              "Node Type": "Aggregate",
              "Strategy": "Plain",
              "Partial Mode": "Partial",
              "Parent Relationship": "Outer",
              "Parallel Aware": false,
              "Startup Cost": 294130.16,
              "Total Cost": 294130.17,
              "Plan Rows": 1,
              "Plan Width": 8,
              "Actual Startup Time": 3650.556,
              "Actual Total Time": 3650.559,
              "Actual Rows": 1,
              "Actual Loops": 6,
              "Plans": [
                {
                  "Node Type": "Nested Loop",
                  "Parent Relationship": "Outer",
                  "Parallel Aware": false,
                  "Join Type": "Inner",
                  "Startup Cost": 52616.35,
                  "Total Cost": 293259.33,
                  "Plan Rows": 348331,
                  "Plan Width": 0,
                  "Actual Startup Time": 174.519,
                  "Actual Total Time": 3379.06,
                  "Actual Rows": 5763668,
                  "Actual Loops": 6,
                  "Inner Unique": false,
                  "Plans": [
                    {
                      "Node Type": "Hash Join",
                      "Parent Relationship": "Outer",
                      "Parallel Aware": true,
                      "Join Type": "Inner",
                      "Startup Cost": 52615.78,
                      "Total Cost": 217248.44,
                      "Plan Rows": 24309,
                      "Plan Width": 8,
                      "Actual Startup Time": 174.388,
                      "Actual Total Time": 204.951,
                      "Actual Rows": 51081,
                      "Actual Loops": 6,
                      "Inner Unique": true,
                      "Hash Cond": "(mi.movie_id = t.id)",
                      "Plans": [
                        {
                          "Node Type": "Bitmap Heap Scan",
                          "Parent Relationship": "Outer",
                          "Parallel Aware": true,
                          "Relation Name": "movie_info",
                          "Alias": "mi",
                          "Startup Cost": 5618.66,
                          "Total Cost": 170088.58,
                          "Plan Rows": 61993,
                          "Plan Width": 4,
                          "Actual Startup Time": 17.066,
                          "Actual Total Time": 29.192,
                          "Actual Rows": 51131,
                          "Actual Loops": 6,
                          "Recheck Cond": "(info_type_id > 105)",
                          "Rows Removed by Index Recheck": 0,
                          "Exact Heap Blocks": 1060,
                          "Lossy Heap Blocks": 0,
                          "Plans": [
                            {
                              "Node Type": "Bitmap Index Scan",
                              "Parent Relationship": "Outer",
                              "Parallel Aware": false,
                              "Index Name": "info_type_id_movie_info",
                              "Startup Cost": 0.0,
                              "Total Cost": 5541.16,
                              "Plan Rows": 309964,
                              "Plan Width": 0,
                              "Actual Startup Time": 15.909,
                              "Actual Total Time": 15.909,
                              "Actual Rows": 306788,
                              "Actual Loops": 1,
                              "Index Cond": "(info_type_id > 105)"
                            }
                          ]
                        },
                        {
                          "Node Type": "Hash",
                          "Parent Relationship": "Inner",
                          "Parallel Aware": true,
                          "Startup Cost": 43898.92,
                          "Total Cost": 43898.92,
                          "Plan Rows": 247857,
                          "Plan Width": 4,
                          "Actual Startup Time": 153.759,
                          "Actual Total Time": 153.76,
                          "Actual Rows": 164175,
                          "Actual Loops": 6,
                          "Hash Buckets": 1048576,
                          "Original Hash Buckets": 1048576,
                          "Hash Batches": 1,
                          "Original Hash Batches": 1,
                          "Peak Memory Usage": 46816,
                          "Plans": [
                            {
                              "Node Type": "Seq Scan",
                              "Parent Relationship": "Outer",
                              "Parallel Aware": true,
                              "Relation Name": "title",
                              "Alias": "t",
                              "Startup Cost": 0.0,
                              "Total Cost": 43898.92,
                              "Plan Rows": 247857,
                              "Plan Width": 4,
                              "Actual Startup Time": 0.04,
                              "Actual Total Time": 84.773,
                              "Actual Rows": 164175,
                              "Actual Loops": 6,
                              "Filter": "(kind_id < 7)",
                              "Rows Removed by Filter": 257211
                            }
                          ]
                        }
                      ]
                    },
                    {
                      "Node Type": "Index Only Scan",
                      "Parent Relationship": "Inner",
                      "Parallel Aware": false,
                      "Scan Direction": "Forward",
                      "Index Name": "movie_id_cast_info",
                      "Relation Name": "cast_info",
                      "Alias": "ci",
                      "Startup Cost": 0.56,
                      "Total Cost": 2.76,
                      "Plan Rows": 37,
                      "Plan Width": 4,
                      "Actual Startup Time": 0.006,
                      "Actual Total Time": 0.054,
                      "Actual Rows": 113,
                      "Actual Loops": 306484,
                      "Index Cond": "(movie_id = t.id)",
                      "Rows Removed by Index Recheck": 0,
                      "Heap Fetches": 34582009
                    }
                  ]
                }
              ]
            }
          ]
        }
      ]
    },
    "Planning Time": 1.344,
    "Triggers": [],
    "Execution Time": 3736.935
  }
]