{
  "Plan": {
    "Node Type": "Aggregate",
    "Strategy": "Plain",
    "Partial Mode": "Simple",
    "Parallel Aware": false,
    "Startup Cost": 837422.95,
    "Total Cost": 837422.96,
    "Plan Rows": 1,
    "Plan Width": 96,
    "Actual Startup Time": 3639.383,
    "Actual Total Time": 3760.28,
    "Actual Rows": 1,
    "Actual Loops": 1,
    "Plans": [
      {
        "Node Type": "Hash Join",
        "Parent Relationship": "Outer",
        "Parallel Aware": false,
        "Join Type": "Inner",
        "Startup Cost": 834461.37,
        "Total Cost": 837422.94,
        "Plan Rows": 1,
        "Plan Width": 48,
        "Actual Startup Time": 3617.366,
        "Actual Total Time": 3760.245,
        "Actual Rows": 45,
        "Actual Loops": 1,
        "Inner Unique": false,
        "Hash Cond": "(k.id = mk.keyword_id)",
        "Plans": [
          {
            "Node Type": "Seq Scan",
            "Parent Relationship": "Outer",
            "Parallel Aware": false,
            "Relation Name": "keyword",
            "Alias": "k",
            "Startup Cost": 0.0,
            "Total Cost": 2961.55,
            "Plan Rows": 4,
            "Plan Width": 4,
            "Actual Startup Time": 0.039,
            "Actual Total Time": 22.068,
            "Actual Rows": 3,
            "Actual Loops": 1,
            "Filter": "(keyword = ANY ('{hero,martial-arts,hand-to-hand-combat,computer-animated-movie}'::text[]))",
            "Rows Removed by Filter": 134167
          },
          {
            "Node Type": "Hash",
            "Parent Relationship": "Inner",
            "Parallel Aware": false,
            "Startup Cost": 834461.35,
            "Total Cost": 834461.35,
            "Plan Rows": 1,
            "Plan Width": 52,
            "Actual Startup Time": 3617.222,
            "Actual Total Time": 3738.116,
            "Actual Rows": 810,
            "Actual Loops": 1,
            "Hash Buckets": 1024,
            "Original Hash Buckets": 1024,
            "Hash Batches": 1,
            "Original Hash Batches": 1,
            "Peak Memory Usage": 70,
            "Plans": [
              {
                "Node Type": "Hash Join",
                "Parent Relationship": "Outer",
                "Parallel Aware": false,
                "Join Type": "Inner",
                "Startup Cost": 829392.74,
                "Total Cost": 834461.35,
                "Plan Rows": 1,
                "Plan Width": 52,
                "Actual Startup Time": 3616.56,
                "Actual Total Time": 3737.671,
                "Actual Rows": 810,
                "Actual Loops": 1,
                "Inner Unique": false,
                "Hash Cond": "(cn.id = mc.company_id)",
                "Plans": [
                  {
                    "Node Type": "Gather",
                    "Parent Relationship": "Outer",
                    "Parallel Aware": false,
                    "Startup Cost": 1000.0,
                    "Total Cost": 6068.6,
                    "Plan Rows": 1,
                    "Plan Width": 4,
                    "Actual Startup Time": 13.602,
                    "Actual Total Time": 13.73,
                    "Actual Rows": 1,
                    "Actual Loops": 1,
                    "Workers Planned": 1,
                    "Workers Launched": 1,
                    "Single Copy": false,
                    "Plans": [
                      {
                        "Node Type": "Seq Scan",
                        "Parent Relationship": "Outer",
                        "Parallel Aware": true,
                        "Relation Name": "company_name",
                        "Alias": "cn",
                        "Startup Cost": 0.0,
                        "Total Cost": 5068.5,
                        "Plan Rows": 1,
                        "Plan Width": 4,
                        "Actual Startup Time": 27.603,
                        "Actual Total Time": 27.613,
                        "Actual Rows": 0,
                        "Actual Loops": 2,
                        "Filter": "(((country_code)::text = '[us]'::text) AND (name = 'DreamWorks Animation'::text))",
                        "Rows Removed by Filter": 117498
                      }
                    ]
                  },
                  {
                    "Node Type": "Hash",
                    "Parent Relationship": "Inner",
                    "Parallel Aware": false,
                    "Startup Cost": 828392.72,
                    "Total Cost": 828392.72,
                    "Plan Rows": 1,
                    "Plan Width": 56,
                    "Actual Startup Time": 3602.922,
                    "Actual Total Time": 3723.71,
                    "Actual Rows": 16800,
                    "Actual Loops": 1,
                    "Hash Buckets": 32768,
                    "Original Hash Buckets": 1024,
                    "Hash Batches": 1,
                    "Original Hash Batches": 1,
                    "Peak Memory Usage": 1571,
                    "Plans": [
                      {
                        "Node Type": "Hash Join",
                        "Parent Relationship": "Outer",
                        "Parallel Aware": false,
                        "Join Type": "Inner",
                        "Startup Cost": 828390.3,
                        "Total Cost": 828392.72,
                        "Plan Rows": 1,
                        "Plan Width": 56,
                        "Actual Startup Time": 3585.966,
                        "Actual Total Time": 3711.614,
                        "Actual Rows": 16800,
                        "Actual Loops": 1,
                        "Inner Unique": false,
                        "Hash Cond": "(it.id = mi.info_type_id)",
                        "Plans": [
                          {
                            "Node Type": "Seq Scan",
                            "Parent Relationship": "Outer",
                            "Parallel Aware": false,
                            "Relation Name": "info_type",
                            "Alias": "it",
                            "Startup Cost": 0.0,
                            "Total Cost": 2.41,
                            "Plan Rows": 1,
                            "Plan Width": 4,
                            "Actual Startup Time": 0.021,
                            "Actual Total Time": 0.043,
                            "Actual Rows": 1,
                            "Actual Loops": 1,
                            "Filter": "((info)::text = 'release dates'::text)",
                            "Rows Removed by Filter": 112
                          },
                          {
                            "Node Type": "Hash",
                            "Parent Relationship": "Inner",
                            "Parallel Aware": false,
                            "Startup Cost": 828390.29,
                            "Total Cost": 828390.29,
                            "Plan Rows": 1,
                            "Plan Width": 60,
                            "Actual Startup Time": 3585.908,
                            "Actual Total Time": 3706.692,
                            "Actual Rows": 16800,
                            "Actual Loops": 1,
                            "Hash Buckets": 32768,
                            "Original Hash Buckets": 1024,
                            "Hash Batches": 1,
                            "Original Hash Batches": 1,
                            "Peak Memory Usage": 1636,
                            "Plans": [
                              {
                                "Node Type": "Gather",
                                "Parent Relationship": "Outer",
                                "Parallel Aware": false,
                                "Startup Cost": 812995.38,
                                "Total Cost": 828390.29,
                                "Plan Rows": 1,
                                "Plan Width": 60,
                                "Actual Startup Time": 3529.424,
                                "Actual Total Time": 3701.357,
                                "Actual Rows": 16800,
                                "Actual Loops": 1,
                                "Workers Planned": 3,
                                "Workers Launched": 3,
                                "Single Copy": false,
                                "Plans": [
                                  {
                                    "Node Type": "Hash Join",
                                    "Parent Relationship": "Outer",
                                    "Parallel Aware": true,
                                    "Join Type": "Inner",
                                    "Startup Cost": 811995.38,
                                    "Total Cost": 827390.19,
                                    "Plan Rows": 1,
                                    "Plan Width": 60,
                                    "Actual Startup Time": 3505.533,
                                    "Actual Total Time": 3511.411,
                                    "Actual Rows": 4200,
                                    "Actual Loops": 4,
                                    "Inner Unique": false,
                                    "Hash Cond": "(t.id = mi.movie_id)",
                                    "Plans": [
                                      {
                                        "Node Type": "Hash Join",
                                        "Parent Relationship": "Outer",
                                        "Parallel Aware": true,
                                        "Join Type": "Inner",
                                        "Startup Cost": 604419.26,
                                        "Total Cost": 619813.19,
                                        "Plan Rows": 1,
                                        "Plan Width": 72,
                                        "Actual Startup Time": 2751.854,
                                        "Actual Total Time": 2756.454,
                                        "Actual Rows": 1450,
                                        "Actual Loops": 4,
                                        "Inner Unique": false,
                                        "Hash Cond": "(t.id = mc.movie_id)",
                                        "Plans": [
                                          {
                                            "Node Type": "Hash Join",
                                            "Parent Relationship": "Outer",
                                            "Parallel Aware": true,
                                            "Join Type": "Inner",
                                            "Startup Cost": 566692.03,
                                            "Total Cost": 582085.94,
                                            "Plan Rows": 1,
                                            "Plan Width": 64,
                                            "Actual Startup Time": 2414.885,
                                            "Actual Total Time": 2417.617,
                                            "Actual Rows": 92,
                                            "Actual Loops": 4,
                                            "Inner Unique": true,
                                            "Hash Cond": "(ci.person_role_id = chn.id)",
                                            "Plans": [
                                              {
                                                "Node Type": "Hash Join",
                                                "Parent Relationship": "Outer",
                                                "Parallel Aware": false,
                                                "Join Type": "Inner",
                                                "Startup Cost": 512580.11,
                                                "Total Cost": 527974.02,
                                                "Plan Rows": 1,
                                                "Plan Width": 52,
                                                "Actual Startup Time": 1832.653,
                                                "Actual Total Time": 1832.741,
                                                "Actual Rows": 92,
                                                "Actual Loops": 4,
                                                "Inner Unique": true,
                                                "Hash Cond": "(ci.role_id = rt.id)",
                                                "Plans": [
                                                  {
                                                    "Node Type": "Hash Join",
                                                    "Parent Relationship": "Outer",
                                                    "Parallel Aware": true,
                                                    "Join Type": "Inner",
                                                    "Startup Cost": 512578.95,
                                                    "Total Cost": 527972.85,
                                                    "Plan Rows": 1,
                                                    "Plan Width": 56,
                                                    "Actual Startup Time": 1832.541,
                                                    "Actual Total Time": 1832.594,
                                                    "Actual Rows": 92,
                                                    "Actual Loops": 4,
                                                    "Inner Unique": false,
                                                    "Hash Cond": "(an.person_id = n.id)",
                                                    "Plans": [
                                                      {
                                                        "Node Type": "Seq Scan",
                                                        "Parent Relationship": "Outer",
                                                        "Parallel Aware": true,
                                                        "Relation Name": "aka_name",
                                                        "Alias": "an",
                                                        "Startup Cost": 0.0,
                                                        "Total Cost": 14303.56,
                                                        "Plan Rows": 290756,
                                                        "Plan Width": 4,
                                                        "Actual Startup Time": 0.023,
                                                        "Actual Total Time": 29.919,
                                                        "Actual Rows": 225336,
                                                        "Actual Loops": 4
                                                      },
                                                      {
                                                        "Node Type": "Hash",
                                                        "Parent Relationship": "Inner",
                                                        "Parallel Aware": true,
                                                        "Startup Cost": 512578.94,
                                                        "Total Cost": 512578.94,
                                                        "Plan Rows": 1,
                                                        "Plan Width": 64,
                                                        "Actual Startup Time": 1783.748,
                                                        "Actual Total Time": 1783.759,
                                                        "Actual Rows": 18,
                                                        "Actual Loops": 4,
                                                        "Hash Buckets": 1024,
                                                        "Original Hash Buckets": 1024,
                                                        "Hash Batches": 1,
                                                        "Original Hash Batches": 1,
                                                        "Peak Memory Usage": 72,
                                                        "Plans": [
                                                          {
                                                            "Node Type": "Hash Join",
                                                            "Parent Relationship": "Outer",
                                                            "Parallel Aware": true,
                                                            "Join Type": "Inner",
                                                            "Startup Cost": 468059.11,
                                                            "Total Cost": 512578.94,
                                                            "Plan Rows": 1,
                                                            "Plan Width": 64,
                                                            "Actual Startup Time": 1739.503,
                                                            "Actual Total Time": 1783.673,
                                                            "Actual Rows": 18,
                                                            "Actual Loops": 4,
                                                            "Inner Unique": false,
                                                            "Hash Cond": "(mk.movie_id = t.id)",
                                                            "Plans": [
                                                              {
                                                                "Node Type": "Seq Scan",
                                                                "Parent Relationship": "Outer",
                                                                "Parallel Aware": true,
                                                                "Relation Name": "movie_keyword",
                                                                "Alias": "mk",
                                                                "Startup Cost": 0.0,
                                                                "Total Cost": 39047.32,
                                                                "Plan Rows": 1459332,
                                                                "Plan Width": 8,
                                                                "Actual Startup Time": 0.012,
                                                                "Actual Total Time": 104.722,
                                                                "Actual Rows": 1130982,
                                                                "Actual Loops": 4
                                                              },
                                                              {
                                                                "Node Type": "Hash",
                                                                "Parent Relationship": "Inner",
                                                                "Parallel Aware": true,
                                                                "Startup Cost": 468059.1,
                                                                "Total Cost": 468059.1,
                                                                "Plan Rows": 1,
                                                                "Plan Width": 56,
                                                                "Actual Startup Time": 1596.073,
                                                                "Actual Total Time": 1596.082,
                                                                "Actual Rows": 1,
                                                                "Actual Loops": 4,
                                                                "Hash Buckets": 1024,
                                                                "Original Hash Buckets": 1024,
                                                                "Hash Batches": 1,
                                                                "Original Hash Batches": 1,
                                                                "Peak Memory Usage": 72,
                                                                "Plans": [
                                                                  {
                                                                    "Node Type": "Hash Join",
                                                                    "Parent Relationship": "Outer",
                                                                    "Parallel Aware": true,
                                                                    "Join Type": "Inner",
                                                                    "Startup Cost": 422579.15,
                                                                    "Total Cost": 468059.1,
                                                                    "Plan Rows": 1,
                                                                    "Plan Width": 56,
                                                                    "Actual Startup Time": 1587.842,
                                                                    "Actual Total Time": 1595.979,
                                                                    "Actual Rows": 1,
                                                                    "Actual Loops": 4,
                                                                    "Inner Unique": false,
                                                                    "Hash Cond": "(t.id = ci.movie_id)",
                                                                    "Plans": [
                                                                      {
                                                                        "Node Type": "Seq Scan",
                                                                        "Parent Relationship": "Outer",
                                                                        "Parallel Aware": true,
                                                                        "Relation Name": "title",
                                                                        "Alias": "t",
                                                                        "Startup Cost": 0.0,
                                                                        "Total Cost": 45479.91,
                                                                        "Plan Rows": 9,
                                                                        "Plan Width": 21,
                                                                        "Actual Startup Time": 43.878,
                                                                        "Actual Total Time": 83.941,
                                                                        "Actual Rows": 2,
                                                                        "Actual Loops": 4,
                                                                        "Filter": "((production_year > 2010) AND (title ~~ 'Kung Fu Panda%'::text))",
                                                                        "Rows Removed by Filter": 632076
                                                                      },
                                                                      {
                                                                        "Node Type": "Hash",
                                                                        "Parent Relationship": "Inner",
                                                                        "Parallel Aware": true,
                                                                        "Startup Cost": 422572.52,
                                                                        "Total Cost": 422572.52,
                                                                        "Plan Rows": 530,
                                                                        "Plan Width": 35,
                                                                        "Actual Startup Time": 1511.779,
                                                                        "Actual Total Time": 1511.785,
                                                                        "Actual Rows": 1638,
                                                                        "Actual Loops": 4,
                                                                        "Hash Buckets": 8192,
                                                                        "Original Hash Buckets": 4096,
                                                                        "Hash Batches": 1,
                                                                        "Original Hash Batches": 1,
                                                                        "Peak Memory Usage": 640,
                                                                        "Plans": [
                                                                          {
                                                                            "Node Type": "Hash Join",
                                                                            "Parent Relationship": "Outer",
                                                                            "Parallel Aware": true,
                                                                            "Join Type": "Inner",
                                                                            "Startup Cost": 345235.1,
                                                                            "Total Cost": 422572.52,
                                                                            "Plan Rows": 530,
                                                                            "Plan Width": 35,
                                                                            "Actual Startup Time": 1385.035,
                                                                            "Actual Total Time": 1502.074,
                                                                            "Actual Rows": 1638,
                                                                            "Actual Loops": 4,
                                                                            "Inner Unique": false,
                                                                            "Hash Cond": "(n.id = ci.person_id)",
                                                                            "Plans": [
                                                                              {
                                                                                "Node Type": "Seq Scan",
                                                                                "Parent Relationship": "Outer",
                                                                                "Parallel Aware": true,
                                                                                "Relation Name": "name",
                                                                                "Alias": "n",
                                                                                "Startup Cost": 0.0,
                                                                                "Total Cost": 71240.66,
                                                                                "Plan Rows": 2419,
                                                                                "Plan Width": 19,
                                                                                "Actual Startup Time": 75.268,
                                                                                "Actual Total Time": 186.069,
                                                                                "Actual Rows": 12503,
                                                                                "Actual Loops": 4,
                                                                                "Filter": "((name ~~ '%An%'::text) AND ((gender)::text = 'f'::text))",
                                                                                "Rows Removed by Filter": 1029370
                                                                              },
                                                                              {
                                                                                "Node Type": "Hash",
                                                                                "Parent Relationship": "Inner",
                                                                                "Parallel Aware": true,
                                                                                "Startup Cost": 343331.56,
                                                                                "Total Cost": 343331.56,
                                                                                "Plan Rows": 152283,
                                                                                "Plan Width": 16,
                                                                                "Actual Startup Time": 1307.851,
                                                                                "Actual Total Time": 1307.852,
                                                                                "Actual Rows": 216869,
                                                                                "Actual Loops": 4,
                                                                                "Hash Buckets": 1048576,
                                                                                "Original Hash Buckets": 1048576,
                                                                                "Hash Batches": 1,
                                                                                "Original Hash Batches": 1,
                                                                                "Peak Memory Usage": 48960,
                                                                                "Plans": [
                                                                                  {
                                                                                    "Node Type": "Seq Scan",
                                                                                    "Parent Relationship": "Outer",
                                                                                    "Parallel Aware": true,
                                                                                    "Relation Name": "cast_info",
                                                                                    "Alias": "ci",
                                                                                    "Startup Cost": 0.0,
                                                                                    "Total Cost": 343331.56,
                                                                                    "Plan Rows": 152283,
                                                                                    "Plan Width": 16,
                                                                                    "Actual Startup Time": 0.067,
                                                                                    "Actual Total Time": 1237.499,
                                                                                    "Actual Rows": 216869,
                                                                                    "Actual Loops": 4,
                                                                                    "Filter": "(note = ANY ('{(voice),\"(voice: Japanese version)\",\"(voice) (uncredited)\",\"(voice: English version)\"}'::text[]))",
                                                                                    "Rows Removed by Filter": 8844217
                                                                                  }
                                                                                ]
                                                                              }
                                                                            ]
                                                                          }
                                                                        ]
                                                                      }
                                                                    ]
                                                                  }
                                                                ]
                                                              }
                                                            ]
                                                          }
                                                        ]
                                                      }
                                                    ]
                                                  },
                                                  {
                                                    "Node Type": "Hash",
                                                    "Parent Relationship": "Inner",
                                                    "Parallel Aware": false,
                                                    "Startup Cost": 1.15,
                                                    "Total Cost": 1.15,
                                                    "Plan Rows": 1,
                                                    "Plan Width": 4,
                                                    "Actual Startup Time": 0.077,
                                                    "Actual Total Time": 0.078,
                                                    "Actual Rows": 1,
                                                    "Actual Loops": 4,
                                                    "Hash Buckets": 1024,
                                                    "Original Hash Buckets": 1024,
                                                    "Hash Batches": 1,
                                                    "Original Hash Batches": 1,
                                                    "Peak Memory Usage": 9,
                                                    "Plans": [
                                                      {
                                                        "Node Type": "Seq Scan",
                                                        "Parent Relationship": "Outer",
                                                        "Parallel Aware": false,
                                                        "Relation Name": "role_type",
                                                        "Alias": "rt",
                                                        "Startup Cost": 0.0,
                                                        "Total Cost": 1.15,
                                                        "Plan Rows": 1,
                                                        "Plan Width": 4,
                                                        "Actual Startup Time": 0.065,
                                                        "Actual Total Time": 0.069,
                                                        "Actual Rows": 1,
                                                        "Actual Loops": 4,
                                                        "Filter": "((role)::text = 'actress'::text)",
                                                        "Rows Removed by Filter": 11
                                                      }
                                                    ]
                                                  }
                                                ]
                                              },
                                              {
                                                "Node Type": "Hash",
                                                "Parent Relationship": "Inner",
                                                "Parallel Aware": true,
                                                "Startup Cost": 44298.63,
                                                "Total Cost": 44298.63,
                                                "Plan Rows": 785063,
                                                "Plan Width": 20,
                                                "Actual Startup Time": 573.769,
                                                "Actual Total Time": 573.77,
                                                "Actual Rows": 785085,
                                                "Actual Loops": 4,
                                                "Hash Buckets": 4194304,
                                                "Original Hash Buckets": 4194304,
                                                "Hash Batches": 1,
                                                "Original Hash Batches": 1,
                                                "Peak Memory Usage": 205152,
                                                "Plans": [
                                                  {
                                                    "Node Type": "Seq Scan",
                                                    "Parent Relationship": "Outer",
                                                    "Parallel Aware": true,
                                                    "Relation Name": "char_name",
                                                    "Alias": "chn",
                                                    "Startup Cost": 0.0,
                                                    "Total Cost": 44298.63,
                                                    "Plan Rows": 785063,
                                                    "Plan Width": 20,
                                                    "Actual Startup Time": 0.049,
                                                    "Actual Total Time": 164.151,
                                                    "Actual Rows": 785085,
                                                    "Actual Loops": 4
                                                  }
                                                ]
                                              }
                                            ]
                                          },
                                          {
                                            "Node Type": "Hash",
                                            "Parent Relationship": "Inner",
                                            "Parallel Aware": true,
                                            "Startup Cost": 27206.55,
                                            "Total Cost": 27206.55,
                                            "Plan Rows": 841655,
                                            "Plan Width": 8,
                                            "Actual Startup Time": 330.325,
                                            "Actual Total Time": 330.326,
                                            "Actual Rows": 652282,
                                            "Actual Loops": 4,
                                            "Hash Buckets": 4194304,
                                            "Original Hash Buckets": 4194304,
                                            "Hash Batches": 1,
                                            "Original Hash Batches": 1,
                                            "Peak Memory Usage": 134880,
                                            "Plans": [
                                              {
                                                "Node Type": "Seq Scan",
                                                "Parent Relationship": "Outer",
                                                "Parallel Aware": true,
                                                "Relation Name": "movie_companies",
                                                "Alias": "mc",
                                                "Startup Cost": 0.0,
                                                "Total Cost": 27206.55,
                                                "Plan Rows": 841655,
                                                "Plan Width": 8,
                                                "Actual Startup Time": 0.038,
                                                "Actual Total Time": 100.095,
                                                "Actual Rows": 652282,
                                                "Actual Loops": 4
                                              }
                                            ]
                                          }
                                        ]
                                      },
                                      {
                                        "Node Type": "Hash",
                                        "Parent Relationship": "Inner",
                                        "Parallel Aware": true,
                                        "Startup Cost": 206598.52,
                                        "Total Cost": 206598.52,
                                        "Plan Rows": 78208,
                                        "Plan Width": 8,
                                        "Actual Startup Time": 751.196,
                                        "Actual Total Time": 751.197,
                                        "Actual Rows": 75312,
                                        "Actual Loops": 4,
                                        "Hash Buckets": 524288,
                                        "Original Hash Buckets": 524288,
                                        "Hash Batches": 1,
                                        "Original Hash Batches": 1,
                                        "Peak Memory Usage": 15936,
                                        "Plans": [
                                          {
                                            "Node Type": "Seq Scan",
                                            "Parent Relationship": "Outer",
                                            "Parallel Aware": true,
                                            "Relation Name": "movie_info",
                                            "Alias": "mi",
                                            "Startup Cost": 0.0,
                                            "Total Cost": 206598.52,
                                            "Plan Rows": 78208,
                                            "Plan Width": 8,
                                            "Actual Startup Time": 120.961,
                                            "Actual Total Time": 724.295,
                                            "Actual Rows": 75312,
                                            "Actual Loops": 4,
                                            "Filter": "((info IS NOT NULL) AND ((info ~~ 'Japan:%201%'::text) OR (info ~~ 'USA:%201%'::text)))",
                                            "Rows Removed by Filter": 3633618
                                          }
                                        ]
                                      }
                                    ]
                                  }
                                ]
                              }
                            ]
                          }
                        ]
                      }
                    ]
                  }
                ]
              }
            ]
          }
        ]
      }
    ]
  },
  "Planning Time": 100.319,
  "Triggers": [],
  "Execution Time": 3761.081
}