{
  "Plan": {
    "Node Type": "Aggregate",
    "Strategy": "Plain",
    "Partial Mode": "Finalize",
    "Parallel Aware": false,
    "Startup Cost": 139871.22,
    "Total Cost": 139871.23,
    "Plan Rows": 1,
    "Plan Width": 96,
    "Actual Startup Time": 4100.844,
    "Actual Total Time": 4100.946,
    "Actual Rows": 1,
    "Actual Loops": 1,
    "Plans": [
      {
        "Node Type": "Gather",
        "Parent Relationship": "Outer",
        "Parallel Aware": false,
        "Startup Cost": 139871.1,
        "Total Cost": 139871.21,
        "Plan Rows": 1,
        "Plan Width": 96,
        "Actual Startup Time": 4100.835,
        "Actual Total Time": 4100.938,
        "Actual Rows": 1,
        "Actual Loops": 1,
        "Workers Planned": 1,
        "Workers Launched": 0,
        "Single Copy": false,
        "Plans": [
          {
            "Node Type": "Aggregate",
            "Strategy": "Plain",
            "Partial Mode": "Partial",
            "Parent Relationship": "Outer",
            "Parallel Aware": false,
            "Startup Cost": 138871.1,
            "Total Cost": 138871.11,
            "Plan Rows": 1,
            "Plan Width": 96,
            "Actual Startup Time": 4099.862,
            "Actual Total Time": 4099.87,
            "Actual Rows": 1,
            "Actual Loops": 1,
            "Plans": [
              {
                "Node Type": "Hash Join",
                "Parent Relationship": "Outer",
                "Parallel Aware": false,
                "Join Type": "Inner",
                "Startup Cost": 12756.19,
                "Total Cost": 138861.35,
                "Plan Rows": 1300,
                "Plan Width": 48,
                "Actual Startup Time": 2063.559,
                "Actual Total Time": 3983.537,
                "Actual Rows": 1078337,
                "Actual Loops": 1,
                "Inner Unique": false,
                "Hash Cond": "(n.id = ci.person_id)",
                "Plans": [
                  {
                    "Node Type": "Seq Scan",
                    "Parent Relationship": "Outer",
                    "Parallel Aware": true,
                    "Relation Name": "name",
                    "Alias": "n",
                    "Startup Cost": 0.0,
                    "Total Cost": 80127.49,
                    "Plan Rows": 2451449,
                    "Plan Width": 19,
                    "Actual Startup Time": 0.015,
                    "Actual Total Time": 365.573,
                    "Actual Rows": 4167491,
                    "Actual Loops": 1
                  },
                  {
                    "Node Type": "Hash",
                    "Parent Relationship": "Inner",
                    "Parallel Aware": false,
                    "Startup Cost": 12728.57,
                    "Total Cost": 12728.57,
                    "Plan Rows": 2210,
                    "Plan Width": 37,
                    "Actual Startup Time": 2063.495,
                    "Actual Total Time": 2063.5,
                    "Actual Rows": 1078337,
                    "Actual Loops": 1,
                    "Hash Buckets": 2097152,
                    "Original Hash Buckets": 4096,
                    "Hash Batches": 1,
                    "Original Hash Batches": 1,
                    "Peak Memory Usage": 86764,
                    "Plans": [
                      {
                        "Node Type": "Nested Loop",
                        "Parent Relationship": "Outer",
                        "Parallel Aware": false,
                        "Join Type": "Inner",
                        "Startup Cost": 11.78,
                        "Total Cost": 12728.57,
                        "Plan Rows": 2210,
                        "Plan Width": 37,
                        "Actual Startup Time": 1.622,
                        "Actual Total Time": 1800.62,
                        "Actual Rows": 1078337,
                        "Actual Loops": 1,
                        "Inner Unique": false,
                        "Join Filter": "(t.id = ci.movie_id)",
                        "Rows Removed by Join Filter": 0,
                        "Plans": [
                          {
                            "Node Type": "Nested Loop",
                            "Parent Relationship": "Outer",
                            "Parallel Aware": false,
                            "Join Type": "Inner",
                            "Startup Cost": 11.22,
                            "Total Cost": 12427.73,
                            "Plan Rows": 154,
                            "Plan Width": 41,
                            "Actual Startup Time": 1.591,
                            "Actual Total Time": 209.739,
                            "Actual Rows": 27047,
                            "Actual Loops": 1,
                            "Inner Unique": true,
                            "Plans": [
                              {
                                "Node Type": "Nested Loop",
                                "Parent Relationship": "Outer",
                                "Parallel Aware": false,
                                "Join Type": "Inner",
                                "Startup Cost": 10.79,
                                "Total Cost": 12295.49,
                                "Plan Rows": 270,
                                "Plan Width": 20,
                                "Actual Startup Time": 1.558,
                                "Actual Total Time": 75.157,
                                "Actual Rows": 35548,
                                "Actual Loops": 1,
                                "Inner Unique": false,
                                "Plans": [
                                  {
                                    "Node Type": "Seq Scan",
                                    "Parent Relationship": "Outer",
                                    "Parallel Aware": false,
                                    "Relation Name": "keyword",
                                    "Alias": "k",
                                    "Startup Cost": 0.0,
                                    "Total Cost": 3632.4,
                                    "Plan Rows": 8,
                                    "Plan Width": 20,
                                    "Actual Startup Time": 0.293,
                                    "Actual Total Time": 22.146,
                                    "Actual Rows": 8,
                                    "Actual Loops": 1,
                                    "Filter": "(keyword = ANY ('{superhero,sequel,second-part,marvel-comics,based-on-comic,tv-special,fight,violence}'::text[]))",
                                    "Rows Removed by Filter": 134162
                                  },
                                  {
                                    "Node Type": "Bitmap Heap Scan",
                                    "Parent Relationship": "Inner",
                                    "Parallel Aware": false,
                                    "Relation Name": "movie_keyword",
                                    "Alias": "mk",
                                    "Startup Cost": 10.79,
                                    "Total Cost": 1079.85,
                                    "Plan Rows": 304,
                                    "Plan Width": 8,
                                    "Actual Startup Time": 0.892,
                                    "Actual Total Time": 6.179,
                                    "Actual Rows": 4444,
                                    "Actual Loops": 8,
                                    "Recheck Cond": "(keyword_id = k.id)",
                                    "Rows Removed by Index Recheck": 0,
                                    "Exact Heap Blocks": 23488,
                                    "Lossy Heap Blocks": 0,
                                    "Plans": [
                                      {
                                        "Node Type": "Bitmap Index Scan",
                                        "Parent Relationship": "Outer",
                                        "Parallel Aware": false,
                                        "Index Name": "keyword_id_movie_keyword",
                                        "Startup Cost": 0.0,
                                        "Total Cost": 10.71,
                                        "Plan Rows": 304,
                                        "Plan Width": 0,
                                        "Actual Startup Time": 0.518,
                                        "Actual Total Time": 0.518,
                                        "Actual Rows": 4444,
                                        "Actual Loops": 8,
                                        "Index Cond": "(keyword_id = k.id)"
                                      }
                                    ]
                                  }
                                ]
                              },
                              {
                                "Node Type": "Index Scan",
                                "Parent Relationship": "Inner",
                                "Parallel Aware": false,
                                "Scan Direction": "Forward",
                                "Index Name": "title_pkey",
                                "Relation Name": "title",
                                "Alias": "t",
                                "Startup Cost": 0.43,
                                "Total Cost": 0.49,
                                "Plan Rows": 1,
                                "Plan Width": 21,
                                "Actual Startup Time": 0.004,
                                "Actual Total Time": 0.004,
                                "Actual Rows": 1,
                                "Actual Loops": 35548,
                                "Index Cond": "(id = mk.movie_id)",
                                "Rows Removed by Index Recheck": 0,
                                "Filter": "(production_year < 2006)",
                                "Rows Removed by Filter": 0
                              }
                            ]
                          },
                          {
                            "Node Type": "Index Scan",
                            "Parent Relationship": "Inner",
                            "Parallel Aware": false,
                            "Scan Direction": "Forward",
                            "Index Name": "movie_id_cast_info",
                            "Relation Name": "cast_info",
                            "Alias": "ci",
                            "Startup Cost": 0.56,
                            "Total Cost": 1.52,
                            "Plan Rows": 35,
                            "Plan Width": 8,
                            "Actual Startup Time": 0.005,
                            "Actual Total Time": 0.05,
                            "Actual Rows": 40,
                            "Actual Loops": 27047,
                            "Index Cond": "(movie_id = mk.movie_id)",
                            "Rows Removed by Index Recheck": 0
                          }
                        ]
                      }
                    ]
                  }
                ]
              }
            ]
          }
        ]
      }
    ]
  },
  "Planning Time": 1.739,
  "Triggers": [],
  "Execution Time": 4101.56
}