[
  {
    "Plan": {
      "Node Type": "Aggregate",
      "Strategy": "Plain",
      "Partial Mode": "Finalize",
      "Parallel Aware": false,
      "Startup Cost": 112610.83,
      "Total Cost": 112610.84,
      "Plan Rows": 1,
      "Plan Width": 8,
      "Actual Startup Time": 437.186,
      "Actual Total Time": 464.612,
      "Actual Rows": 1,
      "Actual Loops": 1,
      "Plans": [
        {
          "Node Type": "Gather",
          "Parent Relationship": "Outer",
          "Parallel Aware": false,
          "Startup Cost": 112610.41,
          "Total Cost": 112610.82,
          "Plan Rows": 4,
          "Plan Width": 8,
          "Actual Startup Time": 435.236,
          "Actual Total Time": 464.601,
          "Actual Rows": 5,
          "Actual Loops": 1,
          "Workers Planned": 4,
          "Workers Launched": 4,
          "Single Copy": false,
          "Plans": [
            {
              "Node Type": "Aggregate",
              "Strategy": "Plain",
              "Partial Mode": "Partial",
              "Parent Relationship": "Outer",
              "Parallel Aware": false,
              "Startup Cost": 111610.41,
              "Total Cost": 111610.42,
              "Plan Rows": 1,
              "Plan Width": 8,
              "Actual Startup Time": 424.857,
              "Actual Total Time": 424.862,
              "Actual Rows": 1,
              "Actual Loops": 5,
              "Plans": [
                {
                  "Node Type": "Nested Loop",
                  "Parent Relationship": "Outer",
                  "Parallel Aware": false,
                  "Join Type": "Inner",
                  "Startup Cost": 29549.74,
                  "Total Cost": 111458.12,
                  "Plan Rows": 60916,
                  "Plan Width": 0,
                  "Actual Startup Time": 106.564,
                  "Actual Total Time": 415.847,
                  "Actual Rows": 185472,
                  "Actual Loops": 5,
                  "Inner Unique": false,
                  "Plans": [
                    {
                      "Node Type": "Hash Join",
                      "Parent Relationship": "Outer",
                      "Parallel Aware": true,
                      "Join Type": "Inner",
                      "Startup Cost": 29549.31,
                      "Total Cost": 75879.47,
                      "Plan Rows": 11997,
                      "Plan Width": 8,
                      "Actual Startup Time": 106.486,
                      "Actual Total Time": 214.43,
                      "Actual Rows": 24480,
                      "Actual Loops": 5,
                      "Inner Unique": false,
                      "Hash Cond": "(t.id = mc.movie_id)",
                      "Plans": [
                        {
                          "Node Type": "Seq Scan",
                          "Parent Relationship": "Outer",
                          "Parallel Aware": true,
                          "Relation Name": "title",
                          "Alias": "t",
                          "Startup Cost": 0.0,
                          "Total Cost": 45479.1,
                          "Plan Rows": 162472,
                          "Plan Width": 4,
                          "Actual Startup Time": 0.012,
                          "Actual Total Time": 70.211,
                          "Actual Rows": 111359,
                          "Actual Loops": 5,
                          "Filter": "((production_year < 2001) AND (kind_id = 7))",
                          "Rows Removed by Filter": 394303
                        },
                        {
                          "Node Type": "Hash",
                          "Parent Relationship": "Inner",
                          "Parallel Aware": true,
                          "Startup Cost": 28796.52,
                          "Total Cost": 28796.52,
                          "Plan Rows": 60223,
                          "Plan Width": 4,
                          "Actual Startup Time": 104.469,
                          "Actual Total Time": 104.471,
                          "Actual Rows": 57918,
                          "Actual Loops": 5,
                          "Hash Buckets": 524288,
                          "Original Hash Buckets": 262144,
                          "Hash Batches": 1,
                          "Original Hash Batches": 1,
                          "Peak Memory Usage": 17536,
                          "Plans": [
                            {
                              "Node Type": "Bitmap Heap Scan",
                              "Parent Relationship": "Outer",
                              "Parallel Aware": true,
                              "Relation Name": "movie_companies",
                              "Alias": "mc",
                              "Startup Cost": 8171.46,
                              "Total Cost": 28796.52,
                              "Plan Rows": 60223,
                              "Plan Width": 4,
                              "Actual Startup Time": 29.828,
                              "Actual Total Time": 75.59,
                              "Actual Rows": 57918,
                              "Actual Loops": 5,
                              "Recheck Cond": "(company_id < 225)",
                              "Rows Removed by Index Recheck": 0,
                              "Filter": "(company_type_id = 1)",
                              "Rows Removed by Filter": 17407,
                              "Exact Heap Blocks": 6649,
                              "Lossy Heap Blocks": 0,
                              "Plans": [
                                {
                                  "Node Type": "Bitmap Index Scan",
                                  "Parent Relationship": "Outer",
                                  "Parallel Aware": false,
                                  "Index Name": "company_id_movie_companies",
                                  "Startup Cost": 0.0,
                                  "Total Cost": 8124.78,
                                  "Plan Rows": 379247,
                                  "Plan Width": 0,
                                  "Actual Startup Time": 29.306,
                                  "Actual Total Time": 29.306,
                                  "Actual Rows": 376622,
                                  "Actual Loops": 1,
                                  "Index Cond": "(company_id < 225)"
                                }
                              ]
                            }
                          ]
                        }
                      ]
                    },
                    {
                      "Node Type": "Index Scan",
                      "Parent Relationship": "Inner",
                      "Parallel Aware": false,
                      "Scan Direction": "Forward",
                      "Index Name": "movie_id_movie_info",
                      "Relation Name": "movie_info",
                      "Alias": "mi",
                      "Startup Cost": 0.43,
                      "Total Cost": 2.61,
                      "Plan Rows": 36,
                      "Plan Width": 4,
                      "Actual Startup Time": 0.003,
                      "Actual Total Time": 0.007,
                      "Actual Rows": 8,
                      "Actual Loops": 122402,
                      "Index Cond": "(movie_id = t.id)",
                      "Rows Removed by Index Recheck": 0,
                      "Filter": "(info_type_id < 18)",
                      "Rows Removed by Filter": 1
                    }
                  ]
                }
              ]
            }
          ]
        }
      ]
    },
    "Planning Time": 1.542,
    "Triggers": [],
    "Execution Time": 464.724
  }
]