[
  {
    "Plan": {
      "Node Type": "Aggregate",
      "Strategy": "Plain",
      "Partial Mode": "Finalize",
      "Parallel Aware": false,
      "Startup Cost": 70499.11,
      "Total Cost": 70499.12,
      "Plan Rows": 1,
      "Plan Width": 8,
      "Actual Startup Time": 144.92,
      "Actual Total Time": 156.093,
      "Actual Rows": 1,
      "Actual Loops": 1,
      "Plans": [
        {
          "Node Type": "Gather",
          "Parent Relationship": "Outer",
          "Parallel Aware": false,
          "Startup Cost": 70498.79,
          "Total Cost": 70499.1,
          "Plan Rows": 3,
          "Plan Width": 8,
          "Actual Startup Time": 144.438,
          "Actual Total Time": 156.086,
          "Actual Rows": 4,
          "Actual Loops": 1,
          "Workers Planned": 3,
          "Workers Launched": 3,
          "Single Copy": false,
          "Plans": [
            {
              "Node Type": "Aggregate",
              "Strategy": "Plain",
              "Partial Mode": "Partial",
              "Parent Relationship": "Outer",
              "Parallel Aware": false,
              "Startup Cost": 69498.79,
              "Total Cost": 69498.8,
              "Plan Rows": 1,
              "Plan Width": 8,
              "Actual Startup Time": 135.042,
              "Actual Total Time": 135.045,
              "Actual Rows": 1,
              "Actual Loops": 4,
              "Plans": [
                {
                  "Node Type": "Hash Join",
                  "Parent Relationship": "Outer",
                  "Parallel Aware": true,
                  "Join Type": "Inner",
                  "Startup Cost": 43861.46,
                  "Total Cost": 69496.79,
                  "Plan Rows": 800,
                  "Plan Width": 0,
                  "Actual Startup Time": 90.544,
                  "Actual Total Time": 134.999,
                  "Actual Rows": 313,
                  "Actual Loops": 4,
                  "Inner Unique": true,
                  "Hash Cond": "(mk.movie_id = t.id)",
                  "Plans": [
                    {
                      "Node Type": "Bitmap Heap Scan",
                      "Parent Relationship": "Outer",
                      "Parallel Aware": true,
                      "Relation Name": "movie_keyword",
                      "Alias": "mk",
                      "Startup Cost": 5136.89,
                      "Total Cost": 30567.2,
                      "Plan Rows": 78105,
                      "Plan Width": 4,
                      "Actual Startup Time": 20.165,
                      "Actual Total Time": 70.879,
                      "Actual Rows": 61621,
                      "Actual Loops": 4,
                      "Recheck Cond": "(keyword_id < 213)",
                      "Rows Removed by Index Recheck": 0,
                      "Exact Heap Blocks": 9247,
                      "Lossy Heap Blocks": 0,
                      "Plans": [
                        {
                          "Node Type": "Bitmap Index Scan",
                          "Parent Relationship": "Outer",
                          "Parallel Aware": false,
                          "Index Name": "keyword_id_movie_keyword",
                          "Startup Cost": 0.0,
                          "Total Cost": 5076.36,
                          "Plan Rows": 242124,
                          "Plan Width": 0,
                          "Actual Startup Time": 16.495,
                          "Actual Total Time": 16.495,
                          "Actual Rows": 246484,
                          "Actual Loops": 1,
                          "Index Cond": "(keyword_id < 213)"
                        }
                      ]
                    },
                    {
                      "Node Type": "Hash",
                      "Parent Relationship": "Inner",
                      "Parallel Aware": true,
                      "Startup Cost": 38643.66,
                      "Total Cost": 38643.66,
                      "Plan Rows": 6472,
                      "Plan Width": 4,
                      "Actual Startup Time": 52.888,
                      "Actual Total Time": 52.89,
                      "Actual Rows": 5270,
                      "Actual Loops": 4,
                      "Hash Buckets": 32768,
                      "Original Hash Buckets": 32768,
                      "Hash Batches": 1,
                      "Original Hash Batches": 1,
                      "Peak Memory Usage": 1152,
                      "Plans": [
                        {
                          "Node Type": "Bitmap Heap Scan",
                          "Parent Relationship": "Outer",
                          "Parallel Aware": true,
                          "Relation Name": "title",
                          "Alias": "t",
                          "Startup Cost": 2187.41,
                          "Total Cost": 38643.66,
                          "Plan Rows": 6472,
                          "Plan Width": 4,
                          "Actual Startup Time": 14.782,
                          "Actual Total Time": 50.21,
                          "Actual Rows": 5270,
                          "Actual Loops": 4,
                          "Recheck Cond": "(kind_id = 4)",
                          "Rows Removed by Index Recheck": 0,
                          "Filter": "(production_year > 2009)",
                          "Rows Removed by Filter": 24288,
                          "Exact Heap Blocks": 8308,
                          "Lossy Heap Blocks": 0,
                          "Plans": [
                            {
                              "Node Type": "Bitmap Index Scan",
                              "Parent Relationship": "Outer",
                              "Parallel Aware": false,
                              "Index Name": "kind_id_title",
                              "Startup Cost": 0.0,
                              "Total Cost": 2180.94,
                              "Plan Rows": 122201,
                              "Plan Width": 0,
                              "Actual Startup Time": 16.808,
                              "Actual Total Time": 16.808,
                              "Actual Rows": 118234,
                              "Actual Loops": 1,
                              "Index Cond": "(kind_id = 4)"
                            }
                          ]
                        }
                      ]
                    }
                  ]
                }
              ]
            }
          ]
        }
      ]
    },
    "Planning Time": 0.657,
    "Triggers": [],
    "Execution Time": 156.194
  }
]