{
  "Plan": {
    "Node Type": "Aggregate",
    "Strategy": "Plain",
    "Partial Mode": "Finalize",
    "Parallel Aware": false,
    "Startup Cost": 83241.78,
    "Total Cost": 83241.79,
    "Plan Rows": 1,
    "Plan Width": 8,
    "Actual Startup Time": 297.845,
    "Actual Total Time": 308.003,
    "Actual Rows": 1,
    "Actual Loops": 1,
    "Plans": [
      {
        "Node Type": "Gather",
        "Parent Relationship": "Outer",
        "Parallel Aware": false,
        "Startup Cost": 83241.67,
        "Total Cost": 83241.78,
        "Plan Rows": 1,
        "Plan Width": 8,
        "Actual Startup Time": 297.436,
        "Actual Total Time": 307.994,
        "Actual Rows": 2,
        "Actual Loops": 1,
        "Workers Planned": 1,
        "Workers Launched": 1,
        "Single Copy": false,
        "Plans": [
          {
            "Node Type": "Aggregate",
            "Strategy": "Plain",
            "Partial Mode": "Partial",
            "Parent Relationship": "Outer",
            "Parallel Aware": false,
            "Startup Cost": 82241.67,
            "Total Cost": 82241.68,
            "Plan Rows": 1,
            "Plan Width": 8,
            "Actual Startup Time": 291.521,
            "Actual Total Time": 291.525,
            "Actual Rows": 1,
            "Actual Loops": 2,
            "Plans": [
              {
                "Node Type": "Hash Join",
                "Parent Relationship": "Outer",
                "Parallel Aware": true,
                "Join Type": "Inner",
                "Startup Cost": 21684.07,
                "Total Cost": 82124.73,
                "Plan Rows": 46775,
                "Plan Width": 0,
                "Actual Startup Time": 203.685,
                "Actual Total Time": 289.936,
                "Actual Rows": 38198,
                "Actual Loops": 2,
                "Inner Unique": false,
                "Hash Cond": "(t.id = mc.movie_id)",
                "Plans": [
                  {
                    "Node Type": "Seq Scan",
                    "Parent Relationship": "Outer",
                    "Parallel Aware": true,
                    "Relation Name": "title",
                    "Alias": "t",
                    "Startup Cost": 0.0,
                    "Total Cost": 50870.31,
                    "Plan Rows": 1487231,
                    "Plan Width": 4,
                    "Actual Startup Time": 0.01,
                    "Actual Total Time": 111.991,
                    "Actual Rows": 1264156,
                    "Actual Loops": 2
                  },
                  {
                    "Node Type": "Hash",
                    "Parent Relationship": "Inner",
                    "Parallel Aware": true,
                    "Startup Cost": 21099.39,
                    "Total Cost": 21099.39,
                    "Plan Rows": 46775,
                    "Plan Width": 4,
                    "Actual Startup Time": 37.631,
                    "Actual Total Time": 37.633,
                    "Actual Rows": 38198,
                    "Actual Loops": 2,
                    "Hash Buckets": 131072,
                    "Original Hash Buckets": 131072,
                    "Hash Batches": 1,
                    "Original Hash Batches": 1,
                    "Peak Memory Usage": 4032,
                    "Plans": [
                      {
                        "Node Type": "Bitmap Heap Scan",
                        "Parent Relationship": "Outer",
                        "Parallel Aware": true,
                        "Relation Name": "movie_companies",
                        "Alias": "mc",
                        "Startup Cost": 1724.69,
                        "Total Cost": 21099.39,
                        "Plan Rows": 46775,
                        "Plan Width": 4,
                        "Actual Startup Time": 7.267,
                        "Actual Total Time": 25.605,
                        "Actual Rows": 38198,
                        "Actual Loops": 2,
                        "Recheck Cond": "(company_id > 172299)",
                        "Rows Removed by Index Recheck": 0,
                        "Exact Heap Blocks": 1940,
                        "Lossy Heap Blocks": 0,
                        "Plans": [
                          {
                            "Node Type": "Bitmap Index Scan",
                            "Parent Relationship": "Outer",
                            "Parallel Aware": false,
                            "Index Name": "company_id_movie_companies",
                            "Startup Cost": 0.0,
                            "Total Cost": 1704.82,
                            "Plan Rows": 79518,
                            "Plan Width": 0,
                            "Actual Startup Time": 9.696,
                            "Actual Total Time": 9.696,
                            "Actual Rows": 76396,
                            "Actual Loops": 1,
                            "Index Cond": "(company_id > 172299)"
                          }
                        ]
                      }
                    ]
                  }
                ]
              }
            ]
          }
        ]
      }
    ]
  },
  "Planning Time": 0.605,
  "Triggers": [],
  "Execution Time": 308.091
}