[
  {
    "Plan": {
      "Node Type": "Aggregate",
      "Strategy": "Plain",
      "Partial Mode": "Simple",
      "Parallel Aware": false,
      "Startup Cost": 39356.19,
      "Total Cost": 39356.2,
      "Plan Rows": 1,
      "Plan Width": 8,
      "Actual Startup Time": 57.955,
      "Actual Total Time": 57.956,
      "Actual Rows": 1,
      "Actual Loops": 1,
      "Plans": [
        {
          "Node Type": "Bitmap Heap Scan",
          "Parent Relationship": "Outer",
          "Parallel Aware": false,
          "Relation Name": "title",
          "Alias": "t",
          "Startup Cost": 1823.28,
          "Total Cost": 39354.69,
          "Plan Rows": 600,
          "Plan Width": 0,
          "Actual Startup Time": 19.321,
          "Actual Total Time": 57.836,
          "Actual Rows": 1383,
          "Actual Loops": 1,
          "Recheck Cond": "(kind_id = 3)",
          "Rows Removed by Index Recheck": 0,
          "Filter": "(production_year = 1982)",
          "Rows Removed by Filter": 99154,
          "Exact Heap Blocks": 12707,
          "Lossy Heap Blocks": 0,
          "Plans": [
            {
              "Node Type": "Bitmap Index Scan",
              "Parent Relationship": "Outer",
              "Parallel Aware": false,
              "Index Name": "kind_id_title",
              "Startup Cost": 0.0,
              "Total Cost": 1823.13,
              "Plan Rows": 102227,
              "Plan Width": 0,
              "Actual Startup Time": 13.964,
              "Actual Total Time": 13.964,
              "Actual Rows": 100537,
              "Actual Loops": 1,
              "Index Cond": "(kind_id = 3)"
            }
          ]
        }
      ]
    },
    "Planning Time": 0.184,
    "Triggers": [],
    "Execution Time": 58.018
  }
]