[
  {
    "Plan": {
      "Node Type": "Aggregate",
      "Strategy": "Plain",
      "Partial Mode": "Finalize",
      "Parallel Aware": false,
      "Startup Cost": 31331.22,
      "Total Cost": 31331.23,
      "Plan Rows": 1,
      "Plan Width": 8,
      "Actual Startup Time": 94.96,
      "Actual Total Time": 100.876,
      "Actual Rows": 1,
      "Actual Loops": 1,
      "Plans": [
        {
          "Node Type": "Gather",
          "Parent Relationship": "Outer",
          "Parallel Aware": false,
          "Startup Cost": 31330.9,
          "Total Cost": 31331.21,
          "Plan Rows": 3,
          "Plan Width": 8,
          "Actual Startup Time": 94.857,
          "Actual Total Time": 100.868,
          "Actual Rows": 4,
          "Actual Loops": 1,
          "Workers Planned": 3,
          "Workers Launched": 3,
          "Single Copy": false,
          "Plans": [
            {
              "Node Type": "Aggregate",
              "Strategy": "Plain",
              "Partial Mode": "Partial",
              "Parent Relationship": "Outer",
              "Parallel Aware": false,
              "Startup Cost": 30330.9,
              "Total Cost": 30330.91,
              "Plan Rows": 1,
              "Plan Width": 8,
              "Actual Startup Time": 89.679,
              "Actual Total Time": 89.68,
              "Actual Rows": 1,
              "Actual Loops": 4,
              "Plans": [
                {
                  "Node Type": "Seq Scan",
                  "Parent Relationship": "Outer",
                  "Parallel Aware": true,
                  "Relation Name": "movie_companies",
                  "Alias": "mc",
                  "Startup Cost": 0.0,
                  "Total Cost": 29310.68,
                  "Plan Rows": 408088,
                  "Plan Width": 0,
                  "Actual Startup Time": 0.035,
                  "Actual Total Time": 72.504,
                  "Actual Rows": 314825,
                  "Actual Loops": 4,
                  "Filter": "(company_id < 11173)",
                  "Rows Removed by Filter": 337458
                }
              ]
            }
          ]
        }
      ]
    },
    "Planning Time": 0.136,
    "Triggers": [],
    "Execution Time": 100.918
  }
]