[
    {
        "Bao": {
            "Bao prediction": "NaN",
            "Bao recommended hint": "(no hint)"
        }
    },
    {
        "Plan": {
            "Node Type": "Aggregate",
            "Strategy": "Plain",
            "Partial Mode": "Finalize",
            "Parallel Aware": false,
            "Startup Cost": 33012.59,
            "Total Cost": 33012.6,
            "Plan Rows": 1,
            "Plan Width": 8,
            "Actual Startup Time": 92.424,
            "Actual Total Time": 96.555,
            "Actual Rows": 1,
            "Actual Loops": 1,
            "Output": [
                "count(*)"
            ],
            "Plans": [
                {
                    "Node Type": "Gather",
                    "Parent Relationship": "Outer",
                    "Parallel Aware": false,
                    "Startup Cost": 33012.27,
                    "Total Cost": 33012.58,
                    "Plan Rows": 3,
                    "Plan Width": 8,
                    "Actual Startup Time": 92.327,
                    "Actual Total Time": 96.547,
                    "Actual Rows": 4,
                    "Actual Loops": 1,
                    "Output": [
                        "(PARTIAL count(*))"
                    ],
                    "Workers Planned": 3,
                    "Workers Launched": 3,
                    "Single Copy": false,
                    "Plans": [
                        {
                            "Node Type": "Aggregate",
                            "Strategy": "Plain",
                            "Partial Mode": "Partial",
                            "Parent Relationship": "Outer",
                            "Parallel Aware": false,
                            "Startup Cost": 32012.27,
                            "Total Cost": 32012.28,
                            "Plan Rows": 1,
                            "Plan Width": 8,
                            "Actual Startup Time": 84.234,
                            "Actual Total Time": 84.235,
                            "Actual Rows": 1,
                            "Actual Loops": 4,
                            "Output": [
                                "PARTIAL count(*)"
                            ],
                            "Workers": [
                                {
                                    "Worker Number": 0,
                                    "Actual Startup Time": 81.288,
                                    "Actual Total Time": 81.289,
                                    "Actual Rows": 1,
                                    "Actual Loops": 1
                                },
                                {
                                    "Worker Number": 1,
                                    "Actual Startup Time": 81.755,
                                    "Actual Total Time": 81.756,
                                    "Actual Rows": 1,
                                    "Actual Loops": 1
                                },
                                {
                                    "Worker Number": 2,
                                    "Actual Startup Time": 81.824,
                                    "Actual Total Time": 81.825,
                                    "Actual Rows": 1,
                                    "Actual Loops": 1
                                }
                            ],
                            "Plans": [
                                {
                                    "Node Type": "Seq Scan",
                                    "Parent Relationship": "Outer",
                                    "Parallel Aware": true,
                                    "Relation Name": "movie_companies",
                                    "Schema": "public",
                                    "Alias": "mc",
                                    "Startup Cost": 0.0,
                                    "Total Cost": 31414.82,
                                    "Plan Rows": 238982,
                                    "Plan Width": 0,
                                    "Actual Startup Time": 41.61,
                                    "Actual Total Time": 74.526,
                                    "Actual Rows": 239659,
                                    "Actual Loops": 4,
                                    "Output": [
                                        "id",
                                        "movie_id",
                                        "company_id",
                                        "company_type_id",
                                        "note"
                                    ],
                                    "Filter": "((mc.company_id > 9154) AND (mc.company_type_id > 1))",
                                    "Rows Removed by Filter": 412623,
                                    "Workers": [
                                        {
                                            "Worker Number": 0,
                                            "Actual Startup Time": 38.673,
                                            "Actual Total Time": 71.892,
                                            "Actual Rows": 228865,
                                            "Actual Loops": 1
                                        },
                                        {
                                            "Worker Number": 1,
                                            "Actual Startup Time": 39.122,
                                            "Actual Total Time": 72.317,
                                            "Actual Rows": 231726,
                                            "Actual Loops": 1
                                        },
                                        {
                                            "Worker Number": 2,
                                            "Actual Startup Time": 39.205,
                                            "Actual Total Time": 72.389,
                                            "Actual Rows": 231747,
                                            "Actual Loops": 1
                                        }
                                    ]
                                }
                            ]
                        }
                    ]
                }
            ]
        },
        "Planning Time": 201.851,
        "Triggers": [],
        "Execution Time": 96.629
    }
]