[
  {
    "Plan": {
      "Node Type": "Aggregate",
      "Strategy": "Plain",
      "Partial Mode": "Finalize",
      "Parallel Aware": false,
      "Startup Cost": 54259.01,
      "Total Cost": 54259.02,
      "Plan Rows": 1,
      "Plan Width": 8,
      "Actual Startup Time": 119.876,
      "Actual Total Time": 133.287,
      "Actual Rows": 1,
      "Actual Loops": 1,
      "Plans": [
        {
          "Node Type": "Gather",
          "Parent Relationship": "Outer",
          "Parallel Aware": false,
          "Startup Cost": 54258.59,
          "Total Cost": 54259.0,
          "Plan Rows": 4,
          "Plan Width": 8,
          "Actual Startup Time": 119.762,
          "Actual Total Time": 133.277,
          "Actual Rows": 5,
          "Actual Loops": 1,
          "Workers Planned": 4,
          "Workers Launched": 4,
          "Single Copy": false,
          "Plans": [
            {
              "Node Type": "Aggregate",
              "Strategy": "Plain",
              "Partial Mode": "Partial",
              "Parent Relationship": "Outer",
              "Parallel Aware": false,
              "Startup Cost": 53258.59,
              "Total Cost": 53258.6,
              "Plan Rows": 1,
              "Plan Width": 8,
              "Actual Startup Time": 109.283,
              "Actual Total Time": 109.285,
              "Actual Rows": 1,
              "Actual Loops": 5,
              "Plans": [
                {
                  "Node Type": "Nested Loop",
                  "Parent Relationship": "Outer",
                  "Parallel Aware": false,
                  "Join Type": "Inner",
                  "Startup Cost": 0.43,
                  "Total Cost": 53258.04,
                  "Plan Rows": 217,
                  "Plan Width": 0,
                  "Actual Startup Time": 67.487,
                  "Actual Total Time": 109.199,
                  "Actual Rows": 453,
                  "Actual Loops": 5,
                  "Inner Unique": false,
                  "Plans": [
                    {
                      "Node Type": "Seq Scan",
                      "Parent Relationship": "Outer",
                      "Parallel Aware": true,
                      "Relation Name": "title",
                      "Alias": "t",
                      "Startup Cost": 0.0,
                      "Total Cost": 45479.1,
                      "Plan Rows": 1205,
                      "Plan Width": 4,
                      "Actual Startup Time": 67.265,
                      "Actual Total Time": 100.218,
                      "Actual Rows": 936,
                      "Actual Loops": 5,
                      "Filter": "((kind_id = 1) AND (production_year = 1987))",
                      "Rows Removed by Filter": 504726
                    },
                    {
                      "Node Type": "Index Scan",
                      "Parent Relationship": "Inner",
                      "Parallel Aware": false,
                      "Scan Direction": "Forward",
                      "Index Name": "movie_id_movie_info_idx",
                      "Relation Name": "movie_info_idx",
                      "Alias": "mi_idx",
                      "Startup Cost": 0.43,
                      "Total Cost": 6.45,
                      "Plan Rows": 1,
                      "Plan Width": 4,
                      "Actual Startup Time": 0.009,
                      "Actual Total Time": 0.009,
                      "Actual Rows": 0,
                      "Actual Loops": 4682,
                      "Index Cond": "(movie_id = t.id)",
                      "Rows Removed by Index Recheck": 0,
                      "Filter": "(info_type_id = 99)",
                      "Rows Removed by Filter": 1
                    }
                  ]
                }
              ]
            }
          ]
        }
      ]
    },
    "Planning Time": 0.626,
    "Triggers": [],
    "Execution Time": 133.363
  }
]