{
  "Plan": {
    "Node Type": "Aggregate",
    "Strategy": "Plain",
    "Partial Mode": "Finalize",
    "Parallel Aware": false,
    "Startup Cost": 144832.16,
    "Total Cost": 144832.17,
    "Plan Rows": 1,
    "Plan Width": 8,
    "Actual Startup Time": 1030.04,
    "Actual Total Time": 1052.198,
    "Actual Rows": 1,
    "Actual Loops": 1,
    "Plans": [
      {
        "Node Type": "Gather",
        "Parent Relationship": "Outer",
        "Parallel Aware": false,
        "Startup Cost": 144832.05,
        "Total Cost": 144832.16,
        "Plan Rows": 1,
        "Plan Width": 8,
        "Actual Startup Time": 1025.336,
        "Actual Total Time": 1052.19,
        "Actual Rows": 2,
        "Actual Loops": 1,
        "Workers Planned": 1,
        "Workers Launched": 1,
        "Single Copy": false,
        "Plans": [
          {
            "Node Type": "Aggregate",
            "Strategy": "Plain",
            "Partial Mode": "Partial",
            "Parent Relationship": "Outer",
            "Parallel Aware": false,
            "Startup Cost": 143832.05,
            "Total Cost": 143832.06,
            "Plan Rows": 1,
            "Plan Width": 8,
            "Actual Startup Time": 1011.477,
            "Actual Total Time": 1011.483,
            "Actual Rows": 1,
            "Actual Loops": 2,
            "Plans": [
              {
                "Node Type": "Hash Join",
                "Parent Relationship": "Outer",
                "Parallel Aware": true,
                "Join Type": "Inner",
                "Startup Cost": 80927.33,
                "Total Cost": 143277.28,
                "Plan Rows": 221909,
                "Plan Width": 0,
                "Actual Startup Time": 636.318,
                "Actual Total Time": 992.109,
                "Actual Rows": 433304,
                "Actual Loops": 2,
                "Inner Unique": false,
                "Hash Cond": "(mk.movie_id = t.id)",
                "Plans": [
                  {
                    "Node Type": "Seq Scan",
                    "Parent Relationship": "Outer",
                    "Parallel Aware": true,
                    "Relation Name": "movie_keyword",
                    "Alias": "mk",
                    "Startup Cost": 0.0,
                    "Total Cost": 51065.35,
                    "Plan Rows": 2661135,
                    "Plan Width": 4,
                    "Actual Startup Time": 0.016,
                    "Actual Total Time": 161.438,
                    "Actual Rows": 2261965,
                    "Actual Loops": 2
                  },
                  {
                    "Node Type": "Hash",
                    "Parent Relationship": "Inner",
                    "Parallel Aware": true,
                    "Startup Cost": 79377.1,
                    "Total Cost": 79377.1,
                    "Plan Rows": 124018,
                    "Plan Width": 8,
                    "Actual Startup Time": 632.77,
                    "Actual Total Time": 632.774,
                    "Actual Rows": 41796,
                    "Actual Loops": 2,
                    "Hash Buckets": 262144,
                    "Original Hash Buckets": 262144,
                    "Hash Batches": 1,
                    "Original Hash Batches": 1,
                    "Peak Memory Usage": 5344,
                    "Plans": [
                      {
                        "Node Type": "Hash Join",
                        "Parent Relationship": "Outer",
                        "Parallel Aware": true,
                        "Join Type": "Inner",
                        "Startup Cost": 69461.26,
                        "Total Cost": 79377.1,
                        "Plan Rows": 124018,
                        "Plan Width": 8,
                        "Actual Startup Time": 570.022,
                        "Actual Total Time": 620.379,
                        "Actual Rows": 41796,
                        "Actual Loops": 2,
                        "Inner Unique": true,
                        "Hash Cond": "(ci.movie_id = t.id)",
                        "Plans": [
                          {
                            "Node Type": "Index Scan",
                            "Parent Relationship": "Outer",
                            "Parallel Aware": true,
                            "Scan Direction": "Forward",
                            "Index Name": "role_id_cast_info",
                            "Relation Name": "cast_info",
                            "Alias": "ci",
                            "Startup Cost": 0.56,
                            "Total Cost": 9590.86,
                            "Plan Rows": 124018,
                            "Plan Width": 4,
                            "Actual Startup Time": 0.082,
                            "Actual Total Time": 21.667,
                            "Actual Rows": 41796,
                            "Actual Loops": 2,
                            "Index Cond": "(role_id > 10)",
                            "Rows Removed by Index Recheck": 0,
                            "Filter": "(person_id < 2658687)",
                            "Rows Removed by Filter": 116262
                          },
                          {
                            "Node Type": "Hash",
                            "Parent Relationship": "Inner",
                            "Parallel Aware": true,
                            "Startup Cost": 50870.31,
                            "Total Cost": 50870.31,
                            "Plan Rows": 1487231,
                            "Plan Width": 4,
                            "Actual Startup Time": 551.051,
                            "Actual Total Time": 551.052,
                            "Actual Rows": 1264156,
                            "Actual Loops": 2,
                            "Hash Buckets": 4194304,
                            "Original Hash Buckets": 4194304,
                            "Hash Batches": 1,
                            "Original Hash Batches": 1,
                            "Peak Memory Usage": 131712,
                            "Plans": [
                              {
                                "Node Type": "Seq Scan",
                                "Parent Relationship": "Outer",
                                "Parallel Aware": true,
                                "Relation Name": "title",
                                "Alias": "t",
                                "Startup Cost": 0.0,
                                "Total Cost": 50870.31,
                                "Plan Rows": 1487231,
                                "Plan Width": 4,
                                "Actual Startup Time": 0.027,
                                "Actual Total Time": 159.157,
                                "Actual Rows": 1264156,
                                "Actual Loops": 2
                              }
                            ]
                          }
                        ]
                      }
                    ]
                  }
                ]
              }
            ]
          }
        ]
      }
    ]
  },
  "Planning Time": 1.023,
  "Triggers": [],
  "Execution Time": 1052.29
}