{
  "Plan": {
    "Node Type": "Aggregate",
    "Strategy": "Plain",
    "Partial Mode": "Finalize",
    "Parallel Aware": false,
    "Startup Cost": 380697.77,
    "Total Cost": 380697.78,
    "Plan Rows": 1,
    "Plan Width": 8,
    "Actual Startup Time": 2276.324,
    "Actual Total Time": 2276.4,
    "Actual Rows": 1,
    "Actual Loops": 1,
    "Plans": [
      {
        "Node Type": "Gather",
        "Parent Relationship": "Outer",
        "Parallel Aware": false,
        "Startup Cost": 380697.66,
        "Total Cost": 380697.77,
        "Plan Rows": 1,
        "Plan Width": 8,
        "Actual Startup Time": 2276.312,
        "Actual Total Time": 2276.393,
        "Actual Rows": 2,
        "Actual Loops": 1,
        "Workers Planned": 1,
        "Workers Launched": 1,
        "Single Copy": false,
        "Plans": [
          {
            "Node Type": "Aggregate",
            "Strategy": "Plain",
            "Partial Mode": "Partial",
            "Parent Relationship": "Outer",
            "Parallel Aware": false,
            "Startup Cost": 379697.66,
            "Total Cost": 379697.67,
            "Plan Rows": 1,
            "Plan Width": 8,
            "Actual Startup Time": 2181.963,
            "Actual Total Time": 2181.965,
            "Actual Rows": 1,
            "Actual Loops": 2,
            "Plans": [
              {
                "Node Type": "Merge Join",
                "Parent Relationship": "Outer",
                "Parallel Aware": false,
                "Join Type": "Inner",
                "Startup Cost": 20.81,
                "Total Cost": 377522.99,
                "Plan Rows": 869866,
                "Plan Width": 0,
                "Actual Startup Time": 11.436,
                "Actual Total Time": 2158.913,
                "Actual Rows": 547260,
                "Actual Loops": 2,
                "Inner Unique": false,
                "Merge Cond": "(t.id = mi_idx.movie_id)",
                "Plans": [
                  {
                    "Node Type": "Merge Join",
                    "Parent Relationship": "Outer",
                    "Parallel Aware": false,
                    "Join Type": "Inner",
                    "Startup Cost": 14.11,
                    "Total Cost": 308085.76,
                    "Plan Rows": 1593639,
                    "Plan Width": 8,
                    "Actual Startup Time": 10.796,
                    "Actual Total Time": 1783.485,
                    "Actual Rows": 316328,
                    "Actual Loops": 2,
                    "Inner Unique": true,
                    "Merge Cond": "(mk.movie_id = t.id)",
                    "Plans": [
                      {
                        "Node Type": "Index Scan",
                        "Parent Relationship": "Outer",
                        "Parallel Aware": true,
                        "Scan Direction": "Forward",
                        "Index Name": "movie_id_movie_keyword",
                        "Relation Name": "movie_keyword",
                        "Alias": "mk",
                        "Startup Cost": 0.43,
                        "Total Cost": 165212.95,
                        "Plan Rows": 2621692,
                        "Plan Width": 4,
                        "Actual Startup Time": 0.077,
                        "Actual Total Time": 401.485,
                        "Actual Rows": 2228192,
                        "Actual Loops": 2,
                        "Filter": "(keyword_id > 56)",
                        "Rows Removed by Filter": 33772
                      },
                      {
                        "Node Type": "Index Scan",
                        "Parent Relationship": "Inner",
                        "Parallel Aware": false,
                        "Scan Direction": "Forward",
                        "Index Name": "title_pkey",
                        "Relation Name": "title",
                        "Alias": "t",
                        "Startup Cost": 0.43,
                        "Total Cost": 116660.7,
                        "Plan Rows": 1536865,
                        "Plan Width": 4,
                        "Actual Startup Time": 0.155,
                        "Actual Total Time": 1179.371,
                        "Actual Rows": 1542178,
                        "Actual Loops": 2,
                        "Filter": "(kind_id = 7)",
                        "Rows Removed by Filter": 983644
                      }
                    ]
                  },
                  {
                    "Node Type": "Index Only Scan",
                    "Parent Relationship": "Inner",
                    "Parallel Aware": false,
                    "Scan Direction": "Forward",
                    "Index Name": "movie_id_movie_info_idx",
                    "Relation Name": "movie_info_idx",
                    "Alias": "mi_idx",
                    "Startup Cost": 0.43,
                    "Total Cost": 53620.22,
                    "Plan Rows": 1380035,
                    "Plan Width": 4,
                    "Actual Startup Time": 0.087,
                    "Actual Total Time": 262.297,
                    "Actual Rows": 1440906,
                    "Actual Loops": 2,
                    "Heap Fetches": 2881813
                  }
                ]
              }
            ]
          }
        ]
      }
    ]
  },
  "Planning Time": 1.125,
  "Triggers": [],
  "Execution Time": 2276.487
}