[
  {
    "Plan": {
      "Node Type": "Aggregate",
      "Strategy": "Plain",
      "Partial Mode": "Finalize",
      "Parallel Aware": false,
      "Startup Cost": 460806.17,
      "Total Cost": 460806.18,
      "Plan Rows": 1,
      "Plan Width": 8,
      "Actual Startup Time": 6063.241,
      "Actual Total Time": 6165.971,
      "Actual Rows": 1,
      "Actual Loops": 1,
      "Plans": [
        {
          "Node Type": "Gather",
          "Parent Relationship": "Outer",
          "Parallel Aware": false,
          "Startup Cost": 460805.85,
          "Total Cost": 460806.16,
          "Plan Rows": 3,
          "Plan Width": 8,
          "Actual Startup Time": 5989.81,
          "Actual Total Time": 6165.949,
          "Actual Rows": 4,
          "Actual Loops": 1,
          "Workers Planned": 3,
          "Workers Launched": 3,
          "Single Copy": false,
          "Plans": [
            {
              "Node Type": "Aggregate",
              "Strategy": "Plain",
              "Partial Mode": "Partial",
              "Parent Relationship": "Outer",
              "Parallel Aware": false,
              "Startup Cost": 459805.85,
              "Total Cost": 459805.86,
              "Plan Rows": 1,
              "Plan Width": 8,
              "Actual Startup Time": 5968.588,
              "Actual Total Time": 5975.433,
              "Actual Rows": 1,
              "Actual Loops": 4,
              "Plans": [
                {
                  "Node Type": "Hash Join",
                  "Parent Relationship": "Outer",
                  "Parallel Aware": true,
                  "Join Type": "Inner",
                  "Startup Cost": 403612.26,
                  "Total Cost": 452801.58,
                  "Plan Rows": 2801708,
                  "Plan Width": 0,
                  "Actual Startup Time": 3724.745,
                  "Actual Total Time": 5277.001,
                  "Actual Rows": 15734428,
                  "Actual Loops": 4,
                  "Inner Unique": false,
                  "Hash Cond": "(mk.movie_id = t.id)",
                  "Plans": [
                    {
                      "Node Type": "Seq Scan",
                      "Parent Relationship": "Outer",
                      "Parallel Aware": true,
                      "Relation Name": "movie_keyword",
                      "Alias": "mk",
                      "Startup Cost": 0.0,
                      "Total Cost": 39047.32,
                      "Plan Rows": 1459332,
                      "Plan Width": 4,
                      "Actual Startup Time": 0.051,
                      "Actual Total Time": 97.03,
                      "Actual Rows": 1130982,
                      "Actual Loops": 4
                    },
                    {
                      "Node Type": "Hash",
                      "Parent Relationship": "Inner",
                      "Parallel Aware": true,
                      "Startup Cost": 393499.32,
                      "Total Cost": 393499.32,
                      "Plan Rows": 809035,
                      "Plan Width": 8,
                      "Actual Startup Time": 3709.004,
                      "Actual Total Time": 3715.847,
                      "Actual Rows": 2530173,
                      "Actual Loops": 4,
                      "Hash Buckets": 16777216,
                      "Original Hash Buckets": 8388608,
                      "Hash Batches": 1,
                      "Original Hash Batches": 1,
                      "Peak Memory Usage": 592608,
                      "Plans": [
                        {
                          "Node Type": "Hash Join",
                          "Parent Relationship": "Outer",
                          "Parallel Aware": true,
                          "Join Type": "Inner",
                          "Startup Cost": 50220.95,
                          "Total Cost": 393499.32,
                          "Plan Rows": 809035,
                          "Plan Width": 8,
                          "Actual Startup Time": 383.774,
                          "Actual Total Time": 2313.222,
                          "Actual Rows": 2530173,
                          "Actual Loops": 4,
                          "Inner Unique": true,
                          "Hash Cond": "(ci.movie_id = t.id)",
                          "Plans": [
                            {
                              "Node Type": "Index Scan",
                              "Parent Relationship": "Outer",
                              "Parallel Aware": true,
                              "Scan Direction": "Forward",
                              "Index Name": "role_id_cast_info",
                              "Relation Name": "cast_info",
                              "Alias": "ci",
                              "Startup Cost": 0.56,
                              "Total Cost": 341155.22,
                              "Plan Rows": 809035,
                              "Plan Width": 4,
                              "Actual Startup Time": 0.131,
                              "Actual Total Time": 658.965,
                              "Actual Rows": 2530173,
                              "Actual Loops": 4,
                              "Index Cond": "(role_id < 2)",
                              "Rows Removed by Index Recheck": 0,
                              "Filter": "(person_id < 1379728)",
                              "Rows Removed by Filter": 637499
                            },
                            {
                              "Node Type": "Hash",
                              "Parent Relationship": "Inner",
                              "Parallel Aware": true,
                              "Startup Cost": 42319.06,
                              "Total Cost": 42319.06,
                              "Plan Rows": 632106,
                              "Plan Width": 4,
                              "Actual Startup Time": 376.585,
                              "Actual Total Time": 376.586,
                              "Actual Rows": 632078,
                              "Actual Loops": 4,
                              "Hash Buckets": 4194304,
                              "Original Hash Buckets": 4194304,
                              "Hash Batches": 1,
                              "Original Hash Batches": 1,
                              "Peak Memory Usage": 131744,
                              "Plans": [
                                {
                                  "Node Type": "Seq Scan",
                                  "Parent Relationship": "Outer",
                                  "Parallel Aware": true,
                                  "Relation Name": "title",
                                  "Alias": "t",
                                  "Startup Cost": 0.0,
                                  "Total Cost": 42319.06,
                                  "Plan Rows": 632106,
                                  "Plan Width": 4,
                                  "Actual Startup Time": 0.051,
                                  "Actual Total Time": 112.735,
                                  "Actual Rows": 632078,
                                  "Actual Loops": 4
                                }
                              ]
                            }
                          ]
                        }
                      ]
                    }
                  ]
                }
              ]
            }
          ]
        }
      ]
    },
    "Planning Time": 0.568,
    "Triggers": [],
    "Execution Time": 6166.033
  }
]