[
  {
    "Plan": {
      "Node Type": "Aggregate",
      "Strategy": "Plain",
      "Partial Mode": "Finalize",
      "Parallel Aware": false,
      "Startup Cost": 47195.74,
      "Total Cost": 47195.75,
      "Plan Rows": 1,
      "Plan Width": 8,
      "Actual Startup Time": 240.722,
      "Actual Total Time": 249.911,
      "Actual Rows": 1,
      "Actual Loops": 1,
      "Plans": [
        {
          "Node Type": "Gather",
          "Parent Relationship": "Outer",
          "Parallel Aware": false,
          "Startup Cost": 47195.42,
          "Total Cost": 47195.73,
          "Plan Rows": 3,
          "Plan Width": 8,
          "Actual Startup Time": 240.595,
          "Actual Total Time": 249.901,
          "Actual Rows": 4,
          "Actual Loops": 1,
          "Workers Planned": 3,
          "Workers Launched": 3,
          "Single Copy": false,
          "Plans": [
            {
              "Node Type": "Aggregate",
              "Strategy": "Plain",
              "Partial Mode": "Partial",
              "Parent Relationship": "Outer",
              "Parallel Aware": false,
              "Startup Cost": 46195.42,
              "Total Cost": 46195.43,
              "Plan Rows": 1,
              "Plan Width": 8,
              "Actual Startup Time": 236.649,
              "Actual Total Time": 236.65,
              "Actual Rows": 1,
              "Actual Loops": 4,
              "Plans": [
                {
                  "Node Type": "Seq Scan",
                  "Parent Relationship": "Outer",
                  "Parallel Aware": true,
                  "Relation Name": "movie_keyword",
                  "Alias": "mk",
                  "Startup Cost": 0.0,
                  "Total Cost": 42695.65,
                  "Plan Rows": 1399906,
                  "Plan Width": 0,
                  "Actual Startup Time": 0.034,
                  "Actual Total Time": 169.463,
                  "Actual Rows": 1083685,
                  "Actual Loops": 4,
                  "Filter": "(keyword_id < 71112)",
                  "Rows Removed by Filter": 47298
                }
              ]
            }
          ]
        }
      ]
    },
    "Planning Time": 0.092,
    "Triggers": [],
    "Execution Time": 249.944
  }
]