[
  {
    "Plan": {
      "Node Type": "Aggregate",
      "Strategy": "Plain",
      "Partial Mode": "Finalize",
      "Parallel Aware": false,
      "Startup Cost": 30736.62,
      "Total Cost": 30736.63,
      "Plan Rows": 1,
      "Plan Width": 8,
      "Actual Startup Time": 95.913,
      "Actual Total Time": 103.351,
      "Actual Rows": 1,
      "Actual Loops": 1,
      "Plans": [
        {
          "Node Type": "Gather",
          "Parent Relationship": "Outer",
          "Parallel Aware": false,
          "Startup Cost": 30736.31,
          "Total Cost": 30736.62,
          "Plan Rows": 3,
          "Plan Width": 8,
          "Actual Startup Time": 95.816,
          "Actual Total Time": 103.343,
          "Actual Rows": 4,
          "Actual Loops": 1,
          "Workers Planned": 3,
          "Workers Launched": 3,
          "Single Copy": false,
          "Plans": [
            {
              "Node Type": "Aggregate",
              "Strategy": "Plain",
              "Partial Mode": "Partial",
              "Parent Relationship": "Outer",
              "Parallel Aware": false,
              "Startup Cost": 29736.31,
              "Total Cost": 29736.32,
              "Plan Rows": 1,
              "Plan Width": 8,
              "Actual Startup Time": 87.231,
              "Actual Total Time": 87.232,
              "Actual Rows": 1,
              "Actual Loops": 4,
              "Plans": [
                {
                  "Node Type": "Seq Scan",
                  "Parent Relationship": "Outer",
                  "Parallel Aware": true,
                  "Relation Name": "movie_companies",
                  "Alias": "mc",
                  "Startup Cost": 0.0,
                  "Total Cost": 29310.68,
                  "Plan Rows": 170250,
                  "Plan Width": 0,
                  "Actual Startup Time": 49.244,
                  "Actual Total Time": 81.275,
                  "Actual Rows": 134064,
                  "Actual Loops": 4,
                  "Filter": "(company_id > 72361)",
                  "Rows Removed by Filter": 518218
                }
              ]
            }
          ]
        }
      ]
    },
    "Planning Time": 0.235,
    "Triggers": [],
    "Execution Time": 103.407
  }
]