[
  {
    "Plan": {
      "Node Type": "Aggregate",
      "Strategy": "Plain",
      "Partial Mode": "Finalize",
      "Parallel Aware": false,
      "Startup Cost": 97348.08,
      "Total Cost": 97348.09,
      "Plan Rows": 1,
      "Plan Width": 8,
      "Actual Startup Time": 560.726,
      "Actual Total Time": 577.875,
      "Actual Rows": 1,
      "Actual Loops": 1,
      "Plans": [
        {
          "Node Type": "Gather",
          "Parent Relationship": "Outer",
          "Parallel Aware": false,
          "Startup Cost": 97347.76,
          "Total Cost": 97348.07,
          "Plan Rows": 3,
          "Plan Width": 8,
          "Actual Startup Time": 555.512,
          "Actual Total Time": 577.868,
          "Actual Rows": 4,
          "Actual Loops": 1,
          "Workers Planned": 3,
          "Workers Launched": 3,
          "Single Copy": false,
          "Plans": [
            {
              "Node Type": "Aggregate",
              "Strategy": "Plain",
              "Partial Mode": "Partial",
              "Parent Relationship": "Outer",
              "Parallel Aware": false,
              "Startup Cost": 96347.76,
              "Total Cost": 96347.77,
              "Plan Rows": 1,
              "Plan Width": 8,
              "Actual Startup Time": 535.43,
              "Actual Total Time": 535.433,
              "Actual Rows": 1,
              "Actual Loops": 4,
              "Plans": [
                {
                  "Node Type": "Hash Join",
                  "Parent Relationship": "Outer",
                  "Parallel Aware": true,
                  "Join Type": "Inner",
                  "Startup Cost": 51028.83,
                  "Total Cost": 95135.27,
                  "Plan Rows": 484997,
                  "Plan Width": 0,
                  "Actual Startup Time": 328.466,
                  "Actual Total Time": 519.008,
                  "Actual Rows": 365561,
                  "Actual Loops": 4,
                  "Inner Unique": true,
                  "Hash Cond": "(mk.movie_id = t.id)",
                  "Plans": [
                    {
                      "Node Type": "Seq Scan",
                      "Parent Relationship": "Outer",
                      "Parallel Aware": true,
                      "Relation Name": "movie_keyword",
                      "Alias": "mk",
                      "Startup Cost": 0.0,
                      "Total Cost": 42695.65,
                      "Plan Rows": 537443,
                      "Plan Width": 4,
                      "Actual Startup Time": 0.029,
                      "Actual Total Time": 101.646,
                      "Actual Rows": 421010,
                      "Actual Loops": 4,
                      "Filter": "(keyword_id < 2615)",
                      "Rows Removed by Filter": 709972
                    },
                    {
                      "Node Type": "Hash",
                      "Parent Relationship": "Inner",
                      "Parallel Aware": true,
                      "Startup Cost": 43898.92,
                      "Total Cost": 43898.92,
                      "Plan Rows": 570393,
                      "Plan Width": 4,
                      "Actual Startup Time": 316.373,
                      "Actual Total Time": 316.374,
                      "Actual Rows": 568816,
                      "Actual Loops": 4,
                      "Hash Buckets": 4194304,
                      "Original Hash Buckets": 4194304,
                      "Hash Batches": 1,
                      "Original Hash Batches": 1,
                      "Peak Memory Usage": 121824,
                      "Plans": [
                        {
                          "Node Type": "Seq Scan",
                          "Parent Relationship": "Outer",
                          "Parallel Aware": true,
                          "Relation Name": "title",
                          "Alias": "t",
                          "Startup Cost": 0.0,
                          "Total Cost": 43898.92,
                          "Plan Rows": 570393,
                          "Plan Width": 4,
                          "Actual Startup Time": 0.05,
                          "Actual Total Time": 111.831,
                          "Actual Rows": 568816,
                          "Actual Loops": 4,
                          "Filter": "(production_year > 1952)",
                          "Rows Removed by Filter": 63262
                        }
                      ]
                    }
                  ]
                }
              ]
            }
          ]
        }
      ]
    },
    "Planning Time": 0.587,
    "Triggers": [],
    "Execution Time": 577.945
  }
]