[
  {
    "Plan": {
      "Node Type": "Aggregate",
      "Strategy": "Plain",
      "Partial Mode": "Finalize",
      "Parallel Aware": false,
      "Startup Cost": 613540.78,
      "Total Cost": 613540.79,
      "Plan Rows": 1,
      "Plan Width": 8,
      "Actual Startup Time": 1215.395,
      "Actual Total Time": 1251.272,
      "Actual Rows": 1,
      "Actual Loops": 1,
      "Plans": [
        {
          "Node Type": "Gather",
          "Parent Relationship": "Outer",
          "Parallel Aware": false,
          "Startup Cost": 613540.26,
          "Total Cost": 613540.77,
          "Plan Rows": 5,
          "Plan Width": 8,
          "Actual Startup Time": 1209.518,
          "Actual Total Time": 1251.264,
          "Actual Rows": 6,
          "Actual Loops": 1,
          "Workers Planned": 5,
          "Workers Launched": 5,
          "Single Copy": false,
          "Plans": [
            {
              "Node Type": "Aggregate",
              "Strategy": "Plain",
              "Partial Mode": "Partial",
              "Parent Relationship": "Outer",
              "Parallel Aware": false,
              "Startup Cost": 612540.26,
              "Total Cost": 612540.27,
              "Plan Rows": 1,
              "Plan Width": 8,
              "Actual Startup Time": 1199.98,
              "Actual Total Time": 1200.079,
              "Actual Rows": 1,
              "Actual Loops": 6,
              "Plans": [
                {
                  "Node Type": "Hash Join",
                  "Parent Relationship": "Outer",
                  "Parallel Aware": true,
                  "Join Type": "Inner",
                  "Startup Cost": 396311.02,
                  "Total Cost": 608431.43,
                  "Plan Rows": 1643532,
                  "Plan Width": 0,
                  "Actual Startup Time": 566.575,
                  "Actual Total Time": 1185.275,
                  "Actual Rows": 353505,
                  "Actual Loops": 6,
                  "Inner Unique": false,
                  "Hash Cond": "(mi.movie_id = t.id)",
                  "Plans": [
                    {
                      "Node Type": "Seq Scan",
                      "Parent Relationship": "Outer",
                      "Parallel Aware": true,
                      "Relation Name": "movie_info",
                      "Alias": "mi",
                      "Startup Cost": 0.0,
                      "Total Cost": 198880.74,
                      "Plan Rows": 2800119,
                      "Plan Width": 4,
                      "Actual Startup Time": 0.025,
                      "Actual Total Time": 321.466,
                      "Actual Rows": 2338930,
                      "Actual Loops": 6,
                      "Filter": "(info_type_id > 1)",
                      "Rows Removed by Filter": 133690
                    },
                    {
                      "Node Type": "Hash",
                      "Parent Relationship": "Inner",
                      "Parallel Aware": true,
                      "Startup Cost": 393219.34,
                      "Total Cost": 393219.34,
                      "Plan Rows": 247334,
                      "Plan Width": 8,
                      "Actual Startup Time": 562.6,
                      "Actual Total Time": 562.698,
                      "Actual Rows": 61896,
                      "Actual Loops": 6,
                      "Hash Buckets": 2097152,
                      "Original Hash Buckets": 2097152,
                      "Hash Batches": 1,
                      "Original Hash Batches": 1,
                      "Peak Memory Usage": 30976,
                      "Plans": [
                        {
                          "Node Type": "Hash Join",
                          "Parent Relationship": "Outer",
                          "Parallel Aware": true,
                          "Join Type": "Inner",
                          "Startup Cost": 46975.21,
                          "Total Cost": 393219.34,
                          "Plan Rows": 247334,
                          "Plan Width": 8,
                          "Actual Startup Time": 381.876,
                          "Actual Total Time": 531.776,
                          "Actual Rows": 61896,
                          "Actual Loops": 6,
                          "Inner Unique": true,
                          "Hash Cond": "(ci.movie_id = t.id)",
                          "Plans": [
                            {
                              "Node Type": "Index Scan",
                              "Parent Relationship": "Outer",
                              "Parallel Aware": true,
                              "Scan Direction": "Forward",
                              "Index Name": "role_id_cast_info",
                              "Relation Name": "cast_info",
                              "Alias": "ci",
                              "Startup Cost": 0.56,
                              "Total Cost": 342814.42,
                              "Plan Rows": 1306766,
                              "Plan Width": 4,
                              "Actual Startup Time": 284.525,
                              "Actual Total Time": 362.452,
                              "Actual Rows": 432146,
                              "Actual Loops": 6,
                              "Index Cond": "(role_id = 1)",
                              "Rows Removed by Index Recheck": 0,
                              "Filter": "(person_id > 1374617)",
                              "Rows Removed by Filter": 1679635
                            },
                            {
                              "Node Type": "Hash",
                              "Parent Relationship": "Inner",
                              "Parallel Aware": true,
                              "Startup Cost": 45479.21,
                              "Total Cost": 45479.21,
                              "Plan Rows": 119635,
                              "Plan Width": 4,
                              "Actual Startup Time": 96.472,
                              "Actual Total Time": 96.474,
                              "Actual Rows": 57546,
                              "Actual Loops": 6,
                              "Hash Buckets": 524288,
                              "Original Hash Buckets": 524288,
                              "Hash Batches": 1,
                              "Original Hash Batches": 1,
                              "Peak Memory Usage": 17728,
                              "Plans": [
                                {
                                  "Node Type": "Seq Scan",
                                  "Parent Relationship": "Outer",
                                  "Parallel Aware": true,
                                  "Relation Name": "title",
                                  "Alias": "t",
                                  "Startup Cost": 0.0,
                                  "Total Cost": 45479.21,
                                  "Plan Rows": 119635,
                                  "Plan Width": 4,
                                  "Actual Startup Time": 0.025,
                                  "Actual Total Time": 72.831,
                                  "Actual Rows": 57546,
                                  "Actual Loops": 6,
                                  "Filter": "((kind_id > 2) AND (production_year < 1990))",
                                  "Rows Removed by Filter": 363839
                                }
                              ]
                            }
                          ]
                        }
                      ]
                    }
                  ]
                }
              ]
            }
          ]
        }
      ]
    },
    "Planning Time": 0.933,
    "Triggers": [],
    "Execution Time": 1251.346
  }
]