[
  {
    "Plan": {
      "Node Type": "Aggregate",
      "Strategy": "Plain",
      "Partial Mode": "Finalize",
      "Parallel Aware": false,
      "Startup Cost": 349997.79,
      "Total Cost": 349997.8,
      "Plan Rows": 1,
      "Plan Width": 8,
      "Actual Startup Time": 704.171,
      "Actual Total Time": 760.13,
      "Actual Rows": 1,
      "Actual Loops": 1,
      "Plans": [
        {
          "Node Type": "Gather",
          "Parent Relationship": "Outer",
          "Parallel Aware": false,
          "Startup Cost": 349997.17,
          "Total Cost": 349997.78,
          "Plan Rows": 6,
          "Plan Width": 8,
          "Actual Startup Time": 704.05,
          "Actual Total Time": 760.119,
          "Actual Rows": 7,
          "Actual Loops": 1,
          "Workers Planned": 6,
          "Workers Launched": 6,
          "Single Copy": false,
          "Plans": [
            {
              "Node Type": "Aggregate",
              "Strategy": "Plain",
              "Partial Mode": "Partial",
              "Parent Relationship": "Outer",
              "Parallel Aware": false,
              "Startup Cost": 348997.17,
              "Total Cost": 348997.18,
              "Plan Rows": 1,
              "Plan Width": 8,
              "Actual Startup Time": 695.188,
              "Actual Total Time": 695.189,
              "Actual Rows": 1,
              "Actual Loops": 7,
              "Plans": [
                {
                  "Node Type": "Seq Scan",
                  "Parent Relationship": "Outer",
                  "Parallel Aware": true,
                  "Relation Name": "cast_info",
                  "Alias": "ci",
                  "Startup Cost": 0.0,
                  "Total Cost": 343257.03,
                  "Plan Rows": 2296055,
                  "Plan Width": 0,
                  "Actual Startup Time": 227.082,
                  "Actual Total Time": 641.643,
                  "Actual Rows": 1200070,
                  "Actual Loops": 7,
                  "Filter": "((person_id < 2127204) AND (role_id > 1))",
                  "Rows Removed by Filter": 3977694
                }
              ]
            }
          ]
        }
      ]
    },
    "Planning Time": 0.231,
    "Triggers": [],
    "Execution Time": 760.203
  }
]