[
  {
    "Plan": {
      "Node Type": "Aggregate",
      "Strategy": "Plain",
      "Partial Mode": "Finalize",
      "Parallel Aware": false,
      "Startup Cost": 402005.7,
      "Total Cost": 402005.71,
      "Plan Rows": 1,
      "Plan Width": 8,
      "Actual Startup Time": 1213.745,
      "Actual Total Time": 1286.39,
      "Actual Rows": 1,
      "Actual Loops": 1,
      "Plans": [
        {
          "Node Type": "Gather",
          "Parent Relationship": "Outer",
          "Parallel Aware": false,
          "Startup Cost": 402005.07,
          "Total Cost": 402005.68,
          "Plan Rows": 6,
          "Plan Width": 8,
          "Actual Startup Time": 1208.969,
          "Actual Total Time": 1286.38,
          "Actual Rows": 7,
          "Actual Loops": 1,
          "Workers Planned": 6,
          "Workers Launched": 6,
          "Single Copy": false,
          "Plans": [
            {
              "Node Type": "Aggregate",
              "Strategy": "Plain",
              "Partial Mode": "Partial",
              "Parent Relationship": "Outer",
              "Parallel Aware": false,
              "Startup Cost": 401005.07,
              "Total Cost": 401005.08,
              "Plan Rows": 1,
              "Plan Width": 8,
              "Actual Startup Time": 1197.993,
              "Actual Total Time": 1198.0,
              "Actual Rows": 1,
              "Actual Loops": 7,
              "Plans": [
                {
                  "Node Type": "Hash Join",
                  "Parent Relationship": "Outer",
                  "Parallel Aware": true,
                  "Join Type": "Inner",
                  "Startup Cost": 63511.44,
                  "Total Cost": 400235.0,
                  "Plan Rows": 308029,
                  "Plan Width": 0,
                  "Actual Startup Time": 523.181,
                  "Actual Total Time": 1172.466,
                  "Actual Rows": 450434,
                  "Actual Loops": 7,
                  "Inner Unique": false,
                  "Hash Cond": "(ci.movie_id = t.id)",
                  "Plans": [
                    {
                      "Node Type": "Seq Scan",
                      "Parent Relationship": "Outer",
                      "Parallel Aware": true,
                      "Relation Name": "cast_info",
                      "Alias": "ci",
                      "Startup Cost": 0.0,
                      "Total Cost": 328211.39,
                      "Plan Rows": 1927657,
                      "Plan Width": 4,
                      "Actual Startup Time": 300.182,
                      "Actual Total Time": 638.991,
                      "Actual Rows": 1634363,
                      "Actual Loops": 7,
                      "Filter": "(person_id > 2554486)",
                      "Rows Removed by Filter": 3543400
                    },
                    {
                      "Node Type": "Hash",
                      "Parent Relationship": "Inner",
                      "Parallel Aware": true,
                      "Startup Cost": 61407.13,
                      "Total Cost": 61407.13,
                      "Plan Rows": 168345,
                      "Plan Width": 8,
                      "Actual Startup Time": 221.273,
                      "Actual Total Time": 221.278,
                      "Actual Rows": 72118,
                      "Actual Loops": 7,
                      "Hash Buckets": 524288,
                      "Original Hash Buckets": 524288,
                      "Hash Batches": 1,
                      "Original Hash Batches": 1,
                      "Peak Memory Usage": 23968,
                      "Plans": [
                        {
                          "Node Type": "Hash Join",
                          "Parent Relationship": "Outer",
                          "Parallel Aware": true,
                          "Join Type": "Inner",
                          "Startup Cost": 46212.57,
                          "Total Cost": 61407.13,
                          "Plan Rows": 168345,
                          "Plan Width": 8,
                          "Actual Startup Time": 135.282,
                          "Actual Total Time": 199.421,
                          "Actual Rows": 72118,
                          "Actual Loops": 7,
                          "Inner Unique": true,
                          "Hash Cond": "(mi_idx.movie_id = t.id)",
                          "Plans": [
                            {
                              "Node Type": "Seq Scan",
                              "Parent Relationship": "Outer",
                              "Parallel Aware": true,
                              "Relation Name": "movie_info_idx",
                              "Alias": "mi_idx",
                              "Startup Cost": 0.0,
                              "Total Cost": 13685.15,
                              "Plan Rows": 575015,
                              "Plan Width": 4,
                              "Actual Startup Time": 0.018,
                              "Actual Total Time": 22.253,
                              "Actual Rows": 197148,
                              "Actual Loops": 7
                            },
                            {
                              "Node Type": "Hash",
                              "Parent Relationship": "Inner",
                              "Parallel Aware": true,
                              "Startup Cost": 43899.32,
                              "Total Cost": 43899.32,
                              "Plan Rows": 185060,
                              "Plan Width": 4,
                              "Actual Startup Time": 133.95,
                              "Actual Total Time": 133.951,
                              "Actual Rows": 107986,
                              "Actual Loops": 7,
                              "Hash Buckets": 1048576,
                              "Original Hash Buckets": 1048576,
                              "Hash Batches": 1,
                              "Original Hash Batches": 1,
                              "Peak Memory Usage": 37856,
                              "Plans": [
                                {
                                  "Node Type": "Seq Scan",
                                  "Parent Relationship": "Outer",
                                  "Parallel Aware": true,
                                  "Relation Name": "title",
                                  "Alias": "t",
                                  "Startup Cost": 0.0,
                                  "Total Cost": 43899.32,
                                  "Plan Rows": 185060,
                                  "Plan Width": 4,
                                  "Actual Startup Time": 0.039,
                                  "Actual Total Time": 83.078,
                                  "Actual Rows": 107986,
                                  "Actual Loops": 7,
                                  "Filter": "(production_year < 1993)",
                                  "Rows Removed by Filter": 253201
                                }
                              ]
                            }
                          ]
                        }
                      ]
                    }
                  ]
                }
              ]
            }
          ]
        }
      ]
    },
    "Planning Time": 0.455,
    "Triggers": [],
    "Execution Time": 1286.448
  }
]