[
  {
    "Plan": {
      "Node Type": "Aggregate",
      "Strategy": "Plain",
      "Partial Mode": "Finalize",
      "Parallel Aware": false,
      "Startup Cost": 33274.34,
      "Total Cost": 33274.35,
      "Plan Rows": 1,
      "Plan Width": 8,
      "Actual Startup Time": 101.584,
      "Actual Total Time": 109.63,
      "Actual Rows": 1,
      "Actual Loops": 1,
      "Plans": [
        {
          "Node Type": "Gather",
          "Parent Relationship": "Outer",
          "Parallel Aware": false,
          "Startup Cost": 33274.02,
          "Total Cost": 33274.33,
          "Plan Rows": 3,
          "Plan Width": 8,
          "Actual Startup Time": 101.481,
          "Actual Total Time": 109.623,
          "Actual Rows": 4,
          "Actual Loops": 1,
          "Workers Planned": 3,
          "Workers Launched": 3,
          "Single Copy": false,
          "Plans": [
            {
              "Node Type": "Aggregate",
              "Strategy": "Plain",
              "Partial Mode": "Partial",
              "Parent Relationship": "Outer",
              "Parallel Aware": false,
              "Startup Cost": 32274.02,
              "Total Cost": 32274.03,
              "Plan Rows": 1,
              "Plan Width": 8,
              "Actual Startup Time": 94.077,
              "Actual Total Time": 94.078,
              "Actual Rows": 1,
              "Actual Loops": 4,
              "Plans": [
                {
                  "Node Type": "Seq Scan",
                  "Parent Relationship": "Outer",
                  "Parallel Aware": true,
                  "Relation Name": "movie_companies",
                  "Alias": "mc",
                  "Startup Cost": 0.0,
                  "Total Cost": 31414.82,
                  "Plan Rows": 343681,
                  "Plan Width": 0,
                  "Actual Startup Time": 47.738,
                  "Actual Total Time": 82.559,
                  "Actual Rows": 299607,
                  "Actual Loops": 4,
                  "Filter": "((company_id > 465) AND (company_type_id > 1))",
                  "Rows Removed by Filter": 352675
                }
              ]
            }
          ]
        }
      ]
    },
    "Planning Time": 0.257,
    "Triggers": [],
    "Execution Time": 109.681
  }
]