[
  {
    "Plan": {
      "Node Type": "Aggregate",
      "Strategy": "Plain",
      "Partial Mode": "Finalize",
      "Parallel Aware": false,
      "Startup Cost": 346854.35,
      "Total Cost": 346854.36,
      "Plan Rows": 1,
      "Plan Width": 8,
      "Actual Startup Time": 707.502,
      "Actual Total Time": 766.292,
      "Actual Rows": 1,
      "Actual Loops": 1,
      "Plans": [
        {
          "Node Type": "Gather",
          "Parent Relationship": "Outer",
          "Parallel Aware": false,
          "Startup Cost": 346853.72,
          "Total Cost": 346854.33,
          "Plan Rows": 6,
          "Plan Width": 8,
          "Actual Startup Time": 707.383,
          "Actual Total Time": 766.278,
          "Actual Rows": 7,
          "Actual Loops": 1,
          "Workers Planned": 6,
          "Workers Launched": 6,
          "Single Copy": false,
          "Plans": [
            {
              "Node Type": "Aggregate",
              "Strategy": "Plain",
              "Partial Mode": "Partial",
              "Parent Relationship": "Outer",
              "Parallel Aware": false,
              "Startup Cost": 345853.72,
              "Total Cost": 345853.73,
              "Plan Rows": 1,
              "Plan Width": 8,
              "Actual Startup Time": 696.209,
              "Actual Total Time": 696.21,
              "Actual Rows": 1,
              "Actual Loops": 7,
              "Plans": [
                {
                  "Node Type": "Seq Scan",
                  "Parent Relationship": "Outer",
                  "Parallel Aware": true,
                  "Relation Name": "cast_info",
                  "Alias": "ci",
                  "Startup Cost": 0.0,
                  "Total Cost": 343257.03,
                  "Plan Rows": 1038677,
                  "Plan Width": 0,
                  "Actual Startup Time": 0.058,
                  "Actual Total Time": 643.718,
                  "Actual Rows": 1086527,
                  "Actual Loops": 7,
                  "Filter": "((person_id < 938210) AND (role_id < 4))",
                  "Rows Removed by Filter": 4091236
                }
              ]
            }
          ]
        }
      ]
    },
    "Planning Time": 0.253,
    "Triggers": [],
    "Execution Time": 766.374
  }
]