{
  "Plan": {
    "Node Type": "Aggregate",
    "Strategy": "Plain",
    "Partial Mode": "Finalize",
    "Parallel Aware": false,
    "Startup Cost": 18499.73,
    "Total Cost": 18499.74,
    "Plan Rows": 1,
    "Plan Width": 8,
    "Actual Startup Time": 25.113,
    "Actual Total Time": 28.386,
    "Actual Rows": 1,
    "Actual Loops": 1,
    "Plans": [
      {
        "Node Type": "Gather",
        "Parent Relationship": "Outer",
        "Parallel Aware": false,
        "Startup Cost": 18499.62,
        "Total Cost": 18499.73,
        "Plan Rows": 1,
        "Plan Width": 8,
        "Actual Startup Time": 24.956,
        "Actual Total Time": 28.378,
        "Actual Rows": 2,
        "Actual Loops": 1,
        "Workers Planned": 1,
        "Workers Launched": 1,
        "Single Copy": false,
        "Plans": [
          {
            "Node Type": "Aggregate",
            "Strategy": "Plain",
            "Partial Mode": "Partial",
            "Parent Relationship": "Outer",
            "Parallel Aware": false,
            "Startup Cost": 17499.62,
            "Total Cost": 17499.63,
            "Plan Rows": 1,
            "Plan Width": 8,
            "Actual Startup Time": 18.818,
            "Actual Total Time": 18.82,
            "Actual Rows": 1,
            "Actual Loops": 2,
            "Plans": [
              {
                "Node Type": "Nested Loop",
                "Parent Relationship": "Outer",
                "Parallel Aware": false,
                "Join Type": "Inner",
                "Startup Cost": 55.06,
                "Total Cost": 17498.26,
                "Plan Rows": 542,
                "Plan Width": 0,
                "Actual Startup Time": 1.829,
                "Actual Total Time": 18.524,
                "Actual Rows": 1234,
                "Actual Loops": 2,
                "Inner Unique": true,
                "Plans": [
                  {
                    "Node Type": "Bitmap Heap Scan",
                    "Parent Relationship": "Outer",
                    "Parallel Aware": true,
                    "Relation Name": "movie_companies",
                    "Alias": "mc",
                    "Startup Cost": 54.63,
                    "Total Cost": 6638.12,
                    "Plan Rows": 1381,
                    "Plan Width": 4,
                    "Actual Startup Time": 1.672,
                    "Actual Total Time": 5.947,
                    "Actual Rows": 1234,
                    "Actual Loops": 2,
                    "Recheck Cond": "(company_id = 11961)",
                    "Rows Removed by Index Recheck": 0,
                    "Exact Heap Blocks": 1478,
                    "Lossy Heap Blocks": 0,
                    "Plans": [
                      {
                        "Node Type": "Bitmap Index Scan",
                        "Parent Relationship": "Outer",
                        "Parallel Aware": false,
                        "Index Name": "company_id_movie_companies",
                        "Startup Cost": 0.0,
                        "Total Cost": 54.04,
                        "Plan Rows": 2348,
                        "Plan Width": 0,
                        "Actual Startup Time": 2.433,
                        "Actual Total Time": 2.433,
                        "Actual Rows": 2467,
                        "Actual Loops": 1,
                        "Index Cond": "(company_id = 11961)"
                      }
                    ]
                  },
                  {
                    "Node Type": "Index Scan",
                    "Parent Relationship": "Inner",
                    "Parallel Aware": false,
                    "Scan Direction": "Forward",
                    "Index Name": "title_pkey",
                    "Relation Name": "title",
                    "Alias": "t",
                    "Startup Cost": 0.43,
                    "Total Cost": 7.86,
                    "Plan Rows": 1,
                    "Plan Width": 4,
                    "Actual Startup Time": 0.009,
                    "Actual Total Time": 0.009,
                    "Actual Rows": 1,
                    "Actual Loops": 2467,
                    "Index Cond": "(id = mc.movie_id)",
                    "Rows Removed by Index Recheck": 0,
                    "Filter": "(kind_id < 7)",
                    "Rows Removed by Filter": 0
                  }
                ]
              }
            ]
          }
        ]
      }
    ]
  },
  "Planning Time": 0.672,
  "Triggers": [],
  "Execution Time": 28.478
}