[
    {
        "Bao": {
            "Bao prediction": "NaN",
            "Bao recommended hint": "(no hint)"
        }
    },
    {
        "Plan": {
            "Node Type": "Aggregate",
            "Strategy": "Plain",
            "Partial Mode": "Finalize",
            "Parallel Aware": false,
            "Startup Cost": 343228.78,
            "Total Cost": 343228.79,
            "Plan Rows": 1,
            "Plan Width": 8,
            "Actual Startup Time": 841.926,
            "Actual Total Time": 870.155,
            "Actual Rows": 1,
            "Actual Loops": 1,
            "Output": [
                "count(*)"
            ],
            "Plans": [
                {
                    "Node Type": "Gather",
                    "Parent Relationship": "Outer",
                    "Parallel Aware": false,
                    "Startup Cost": 343228.16,
                    "Total Cost": 343228.77,
                    "Plan Rows": 6,
                    "Plan Width": 8,
                    "Actual Startup Time": 841.833,
                    "Actual Total Time": 870.148,
                    "Actual Rows": 7,
                    "Actual Loops": 1,
                    "Output": [
                        "(PARTIAL count(*))"
                    ],
                    "Workers Planned": 6,
                    "Workers Launched": 6,
                    "Single Copy": false,
                    "Plans": [
                        {
                            "Node Type": "Aggregate",
                            "Strategy": "Plain",
                            "Partial Mode": "Partial",
                            "Parent Relationship": "Outer",
                            "Parallel Aware": false,
                            "Startup Cost": 342228.16,
                            "Total Cost": 342228.17,
                            "Plan Rows": 1,
                            "Plan Width": 8,
                            "Actual Startup Time": 832.264,
                            "Actual Total Time": 832.265,
                            "Actual Rows": 1,
                            "Actual Loops": 7,
                            "Output": [
                                "PARTIAL count(*)"
                            ],
                            "Workers": [
                                {
                                    "Worker Number": 0,
                                    "Actual Startup Time": 830.063,
                                    "Actual Total Time": 830.064,
                                    "Actual Rows": 1,
                                    "Actual Loops": 1
                                },
                                {
                                    "Worker Number": 1,
                                    "Actual Startup Time": 830.353,
                                    "Actual Total Time": 830.354,
                                    "Actual Rows": 1,
                                    "Actual Loops": 1
                                },
                                {
                                    "Worker Number": 2,
                                    "Actual Startup Time": 830.657,
                                    "Actual Total Time": 830.657,
                                    "Actual Rows": 1,
                                    "Actual Loops": 1
                                },
                                {
                                    "Worker Number": 3,
                                    "Actual Startup Time": 830.766,
                                    "Actual Total Time": 830.768,
                                    "Actual Rows": 1,
                                    "Actual Loops": 1
                                },
                                {
                                    "Worker Number": 4,
                                    "Actual Startup Time": 831.102,
                                    "Actual Total Time": 831.103,
                                    "Actual Rows": 1,
                                    "Actual Loops": 1
                                },
                                {
                                    "Worker Number": 5,
                                    "Actual Startup Time": 831.383,
                                    "Actual Total Time": 831.384,
                                    "Actual Rows": 1,
                                    "Actual Loops": 1
                                }
                            ],
                            "Plans": [
                                {
                                    "Node Type": "Seq Scan",
                                    "Parent Relationship": "Outer",
                                    "Parallel Aware": true,
                                    "Relation Name": "cast_info",
                                    "Schema": "public",
                                    "Alias": "ci",
                                    "Startup Cost": 0.0,
                                    "Total Cost": 328213.62,
                                    "Plan Rows": 5605817,
                                    "Plan Width": 0,
                                    "Actual Startup Time": 37.399,
                                    "Actual Total Time": 614.374,
                                    "Actual Rows": 4797400,
                                    "Actual Loops": 7,
                                    "Output": [
                                        "id",
                                        "person_id",
                                        "movie_id",
                                        "person_role_id",
                                        "note",
                                        "nr_order",
                                        "role_id"
                                    ],
                                    "Filter": "(ci.person_id > 255373)",
                                    "Rows Removed by Filter": 380364,
                                    "Workers": [
                                        {
                                            "Worker Number": 0,
                                            "Actual Startup Time": 35.21,
                                            "Actual Total Time": 612.523,
                                            "Actual Rows": 3306750,
                                            "Actual Loops": 1
                                        },
                                        {
                                            "Worker Number": 1,
                                            "Actual Startup Time": 35.482,
                                            "Actual Total Time": 619.369,
                                            "Actual Rows": 5217240,
                                            "Actual Loops": 1
                                        },
                                        {
                                            "Worker Number": 2,
                                            "Actual Startup Time": 35.782,
                                            "Actual Total Time": 619.756,
                                            "Actual Rows": 5224692,
                                            "Actual Loops": 1
                                        },
                                        {
                                            "Worker Number": 3,
                                            "Actual Startup Time": 35.912,
                                            "Actual Total Time": 621.738,
                                            "Actual Rows": 5063882,
                                            "Actual Loops": 1
                                        },
                                        {
                                            "Worker Number": 4,
                                            "Actual Startup Time": 36.237,
                                            "Actual Total Time": 613.463,
                                            "Actual Rows": 3313567,
                                            "Actual Loops": 1
                                        },
                                        {
                                            "Worker Number": 5,
                                            "Actual Startup Time": 36.519,
                                            "Actual Total Time": 622.44,
                                            "Actual Rows": 5060265,
                                            "Actual Loops": 1
                                        }
                                    ]
                                }
                            ]
                        }
                    ]
                }
            ]
        },
        "Planning Time": 199.036,
        "Triggers": [],
        "Execution Time": 870.197
    }
]