[
  {
    "Plan": {
      "Node Type": "Aggregate",
      "Strategy": "Plain",
      "Partial Mode": "Finalize",
      "Parallel Aware": false,
      "Startup Cost": 97929.59,
      "Total Cost": 97929.6,
      "Plan Rows": 1,
      "Plan Width": 8,
      "Actual Startup Time": 552.277,
      "Actual Total Time": 573.789,
      "Actual Rows": 1,
      "Actual Loops": 1,
      "Plans": [
        {
          "Node Type": "Gather",
          "Parent Relationship": "Outer",
          "Parallel Aware": false,
          "Startup Cost": 97929.37,
          "Total Cost": 97929.58,
          "Plan Rows": 2,
          "Plan Width": 8,
          "Actual Startup Time": 548.225,
          "Actual Total Time": 573.776,
          "Actual Rows": 3,
          "Actual Loops": 1,
          "Workers Planned": 2,
          "Workers Launched": 2,
          "Single Copy": false,
          "Plans": [
            {
              "Node Type": "Aggregate",
              "Strategy": "Plain",
              "Partial Mode": "Partial",
              "Parent Relationship": "Outer",
              "Parallel Aware": false,
              "Startup Cost": 96929.37,
              "Total Cost": 96929.38,
              "Plan Rows": 1,
              "Plan Width": 8,
              "Actual Startup Time": 540.929,
              "Actual Total Time": 541.451,
              "Actual Rows": 1,
              "Actual Loops": 3,
              "Plans": [
                {
                  "Node Type": "Hash Join",
                  "Parent Relationship": "Outer",
                  "Parallel Aware": true,
                  "Join Type": "Inner",
                  "Startup Cost": 80631.2,
                  "Total Cost": 96729.96,
                  "Plan Rows": 79765,
                  "Plan Width": 0,
                  "Actual Startup Time": 436.021,
                  "Actual Total Time": 536.548,
                  "Actual Rows": 117342,
                  "Actual Loops": 3,
                  "Inner Unique": false,
                  "Hash Cond": "(mi_idx.movie_id = t.id)",
                  "Plans": [
                    {
                      "Node Type": "Seq Scan",
                      "Parent Relationship": "Outer",
                      "Parallel Aware": true,
                      "Relation Name": "movie_info_idx",
                      "Alias": "mi_idx",
                      "Startup Cost": 0.0,
                      "Total Cost": 13685.15,
                      "Plan Rows": 575015,
                      "Plan Width": 4,
                      "Actual Startup Time": 0.016,
                      "Actual Total Time": 37.466,
                      "Actual Rows": 460012,
                      "Actual Loops": 3
                    },
                    {
                      "Node Type": "Hash",
                      "Parent Relationship": "Inner",
                      "Parallel Aware": true,
                      "Startup Cost": 79216.93,
                      "Total Cost": 79216.93,
                      "Plan Rows": 113141,
                      "Plan Width": 8,
                      "Actual Startup Time": 433.732,
                      "Actual Total Time": 434.252,
                      "Actual Rows": 106048,
                      "Actual Loops": 3,
                      "Hash Buckets": 524288,
                      "Original Hash Buckets": 524288,
                      "Hash Batches": 1,
                      "Original Hash Batches": 1,
                      "Peak Memory Usage": 16608,
                      "Plans": [
                        {
                          "Node Type": "Hash Join",
                          "Parent Relationship": "Outer",
                          "Parallel Aware": true,
                          "Join Type": "Inner",
                          "Startup Cost": 47059.56,
                          "Total Cost": 79216.93,
                          "Plan Rows": 113141,
                          "Plan Width": 8,
                          "Actual Startup Time": 287.548,
                          "Actual Total Time": 400.793,
                          "Actual Rows": 106048,
                          "Actual Loops": 3,
                          "Inner Unique": true,
                          "Hash Cond": "(mc.movie_id = t.id)",
                          "Plans": [
                            {
                              "Node Type": "Seq Scan",
                              "Parent Relationship": "Outer",
                              "Parallel Aware": true,
                              "Relation Name": "movie_companies",
                              "Alias": "mc",
                              "Startup Cost": 0.0,
                              "Total Cost": 31414.82,
                              "Plan Rows": 282879,
                              "Plan Width": 4,
                              "Actual Startup Time": 37.745,
                              "Actual Total Time": 80.112,
                              "Actual Rows": 187414,
                              "Actual Loops": 3,
                              "Filter": "((company_id < 22534) AND (company_type_id = 2))",
                              "Rows Removed by Filter": 682295
                            },
                            {
                              "Node Type": "Hash",
                              "Parent Relationship": "Inner",
                              "Parallel Aware": true,
                              "Startup Cost": 43899.32,
                              "Total Cost": 43899.32,
                              "Plan Rows": 252819,
                              "Plan Width": 4,
                              "Actual Startup Time": 247.339,
                              "Actual Total Time": 247.341,
                              "Actual Rows": 340584,
                              "Actual Loops": 3,
                              "Hash Buckets": 1048576,
                              "Original Hash Buckets": 1048576,
                              "Hash Batches": 1,
                              "Original Hash Batches": 1,
                              "Peak Memory Usage": 48224,
                              "Plans": [
                                {
                                  "Node Type": "Seq Scan",
                                  "Parent Relationship": "Outer",
                                  "Parallel Aware": true,
                                  "Relation Name": "title",
                                  "Alias": "t",
                                  "Startup Cost": 0.0,
                                  "Total Cost": 43899.32,
                                  "Plan Rows": 252819,
                                  "Plan Width": 4,
                                  "Actual Startup Time": 0.039,
                                  "Actual Total Time": 129.912,
                                  "Actual Rows": 340584,
                                  "Actual Loops": 3,
                                  "Filter": "(production_year < 2000)",
                                  "Rows Removed by Filter": 502187
                                }
                              ]
                            }
                          ]
                        }
                      ]
                    }
                  ]
                }
              ]
            }
          ]
        }
      ]
    },
    "Planning Time": 0.364,
    "Triggers": [],
    "Execution Time": 573.834
  }
]