[
    {
        "Bao": {
            "Bao prediction": "NaN",
            "Bao recommended hint": "(no hint)"
        }
    },
    {
        "Plan": {
            "Node Type": "Aggregate",
            "Strategy": "Plain",
            "Partial Mode": "Finalize",
            "Parallel Aware": false,
            "Startup Cost": 72057.24,
            "Total Cost": 72057.25,
            "Plan Rows": 1,
            "Plan Width": 8,
            "Actual Startup Time": 210.59,
            "Actual Total Time": 216.792,
            "Actual Rows": 1,
            "Actual Loops": 1,
            "Output": [
                "count(*)"
            ],
            "Plans": [
                {
                    "Node Type": "Gather",
                    "Parent Relationship": "Outer",
                    "Parallel Aware": false,
                    "Startup Cost": 72056.82,
                    "Total Cost": 72057.23,
                    "Plan Rows": 4,
                    "Plan Width": 8,
                    "Actual Startup Time": 208.871,
                    "Actual Total Time": 216.782,
                    "Actual Rows": 5,
                    "Actual Loops": 1,
                    "Output": [
                        "(PARTIAL count(*))"
                    ],
                    "Workers Planned": 4,
                    "Workers Launched": 4,
                    "Single Copy": false,
                    "Plans": [
                        {
                            "Node Type": "Aggregate",
                            "Strategy": "Plain",
                            "Partial Mode": "Partial",
                            "Parent Relationship": "Outer",
                            "Parallel Aware": false,
                            "Startup Cost": 71056.82,
                            "Total Cost": 71056.83,
                            "Plan Rows": 1,
                            "Plan Width": 8,
                            "Actual Startup Time": 199.222,
                            "Actual Total Time": 199.225,
                            "Actual Rows": 1,
                            "Actual Loops": 5,
                            "Output": [
                                "PARTIAL count(*)"
                            ],
                            "Workers": [
                                {
                                    "Worker Number": 0,
                                    "Actual Startup Time": 196.829,
                                    "Actual Total Time": 196.832,
                                    "Actual Rows": 1,
                                    "Actual Loops": 1
                                },
                                {
                                    "Worker Number": 1,
                                    "Actual Startup Time": 196.839,
                                    "Actual Total Time": 196.842,
                                    "Actual Rows": 1,
                                    "Actual Loops": 1
                                },
                                {
                                    "Worker Number": 2,
                                    "Actual Startup Time": 196.55,
                                    "Actual Total Time": 196.553,
                                    "Actual Rows": 1,
                                    "Actual Loops": 1
                                },
                                {
                                    "Worker Number": 3,
                                    "Actual Startup Time": 197.481,
                                    "Actual Total Time": 197.484,
                                    "Actual Rows": 1,
                                    "Actual Loops": 1
                                }
                            ],
                            "Plans": [
                                {
                                    "Node Type": "Hash Join",
                                    "Parent Relationship": "Outer",
                                    "Parallel Aware": true,
                                    "Join Type": "Inner",
                                    "Startup Cost": 24361.5,
                                    "Total Cost": 70961.31,
                                    "Plan Rows": 38203,
                                    "Plan Width": 0,
                                    "Actual Startup Time": 148.88,
                                    "Actual Total Time": 197.68,
                                    "Actual Rows": 31099,
                                    "Actual Loops": 5,
                                    "Inner Unique": false,
                                    "Hash Cond": "(t.id = mc.movie_id)",
                                    "Workers": [
                                        {
                                            "Worker Number": 0,
                                            "Actual Startup Time": 147.395,
                                            "Actual Total Time": 195.304,
                                            "Actual Rows": 32207,
                                            "Actual Loops": 1
                                        },
                                        {
                                            "Worker Number": 1,
                                            "Actual Startup Time": 147.53,
                                            "Actual Total Time": 195.323,
                                            "Actual Rows": 32639,
                                            "Actual Loops": 1
                                        },
                                        {
                                            "Worker Number": 2,
                                            "Actual Startup Time": 147.261,
                                            "Actual Total Time": 195.094,
                                            "Actual Rows": 30906,
                                            "Actual Loops": 1
                                        },
                                        {
                                            "Worker Number": 3,
                                            "Actual Startup Time": 143.784,
                                            "Actual Total Time": 195.927,
                                            "Actual Rows": 32876,
                                            "Actual Loops": 1
                                        }
                                    ],
                                    "Plans": [
                                        {
                                            "Node Type": "Seq Scan",
                                            "Parent Relationship": "Outer",
                                            "Parallel Aware": true,
                                            "Relation Name": "title",
                                            "Schema": "public",
                                            "Alias": "t",
                                            "Startup Cost": 0.0,
                                            "Total Cost": 43899.01,
                                            "Plan Rows": 515515,
                                            "Plan Width": 4,
                                            "Actual Startup Time": 0.014,
                                            "Actual Total Time": 77.17,
                                            "Actual Rows": 412910,
                                            "Actual Loops": 5,
                                            "Output": [
                                                "t.id",
                                                "t.title",
                                                "t.imdb_index",
                                                "t.kind_id",
                                                "t.production_year",
                                                "t.imdb_id",
                                                "t.phonetic_code",
                                                "t.episode_of_id",
                                                "t.season_nr",
                                                "t.episode_nr",
                                                "t.series_years",
                                                "t.md5sum"
                                            ],
                                            "Filter": "(t.production_year < 2011)",
                                            "Rows Removed by Filter": 92752,
                                            "Workers": [
                                                {
                                                    "Worker Number": 0,
                                                    "Actual Startup Time": 0.016,
                                                    "Actual Total Time": 79.002,
                                                    "Actual Rows": 424885,
                                                    "Actual Loops": 1
                                                },
                                                {
                                                    "Worker Number": 1,
                                                    "Actual Startup Time": 0.013,
                                                    "Actual Total Time": 79.132,
                                                    "Actual Rows": 428368,
                                                    "Actual Loops": 1
                                                },
                                                {
                                                    "Worker Number": 2,
                                                    "Actual Startup Time": 0.014,
                                                    "Actual Total Time": 77.846,
                                                    "Actual Rows": 411435,
                                                    "Actual Loops": 1
                                                },
                                                {
                                                    "Worker Number": 3,
                                                    "Actual Startup Time": 0.014,
                                                    "Actual Total Time": 79.014,
                                                    "Actual Rows": 432142,
                                                    "Actual Loops": 1
                                                }
                                            ]
                                        },
                                        {
                                            "Node Type": "Hash",
                                            "Parent Relationship": "Inner",
                                            "Parallel Aware": true,
                                            "Startup Cost": 23606.0,
                                            "Total Cost": 23606.0,
                                            "Plan Rows": 60440,
                                            "Plan Width": 4,
                                            "Actual Startup Time": 54.917,
                                            "Actual Total Time": 54.918,
                                            "Actual Rows": 38033,
                                            "Actual Loops": 5,
                                            "Output": [
                                                "mc.movie_id"
                                            ],
                                            "Hash Buckets": 262144,
                                            "Original Hash Buckets": 262144,
                                            "Hash Batches": 1,
                                            "Original Hash Batches": 1,
                                            "Peak Memory Usage": 9600,
                                            "Workers": [
                                                {
                                                    "Worker Number": 0,
                                                    "Actual Startup Time": 53.286,
                                                    "Actual Total Time": 53.288,
                                                    "Actual Rows": 31595,
                                                    "Actual Loops": 1
                                                },
                                                {
                                                    "Worker Number": 1,
                                                    "Actual Startup Time": 53.484,
                                                    "Actual Total Time": 53.486,
                                                    "Actual Rows": 31125,
                                                    "Actual Loops": 1
                                                },
                                                {
                                                    "Worker Number": 2,
                                                    "Actual Startup Time": 53.163,
                                                    "Actual Total Time": 53.164,
                                                    "Actual Rows": 29479,
                                                    "Actual Loops": 1
                                                },
                                                {
                                                    "Worker Number": 3,
                                                    "Actual Startup Time": 54.206,
                                                    "Actual Total Time": 54.207,
                                                    "Actual Rows": 34147,
                                                    "Actual Loops": 1
                                                }
                                            ],
                                            "Plans": [
                                                {
                                                    "Node Type": "Bitmap Heap Scan",
                                                    "Parent Relationship": "Outer",
                                                    "Parallel Aware": true,
                                                    "Relation Name": "movie_companies",
                                                    "Schema": "public",
                                                    "Alias": "mc",
                                                    "Startup Cost": 4060.5,
                                                    "Total Cost": 23606.0,
                                                    "Plan Rows": 60440,
                                                    "Plan Width": 4,
                                                    "Actual Startup Time": 8.715,
                                                    "Actual Total Time": 34.382,
                                                    "Actual Rows": 38033,
                                                    "Actual Loops": 5,
                                                    "Output": [
                                                        "mc.movie_id"
                                                    ],
                                                    "Recheck Cond": "(mc.company_id > 116644)",
                                                    "Rows Removed by Index Recheck": 0,
                                                    "Exact Heap Blocks": 1435,
                                                    "Lossy Heap Blocks": 0,
                                                    "Workers": [
                                                        {
                                                            "Worker Number": 0,
                                                            "Actual Startup Time": 7.349,
                                                            "Actual Total Time": 33.451,
                                                            "Actual Rows": 31595,
                                                            "Actual Loops": 1
                                                        },
                                                        {
                                                            "Worker Number": 1,
                                                            "Actual Startup Time": 7.253,
                                                            "Actual Total Time": 34.036,
                                                            "Actual Rows": 31125,
                                                            "Actual Loops": 1
                                                        },
                                                        {
                                                            "Worker Number": 2,
                                                            "Actual Startup Time": 6.926,
                                                            "Actual Total Time": 33.684,
                                                            "Actual Rows": 29479,
                                                            "Actual Loops": 1
                                                        },
                                                        {
                                                            "Worker Number": 3,
                                                            "Actual Startup Time": 8.039,
                                                            "Actual Total Time": 34.634,
                                                            "Actual Rows": 34147,
                                                            "Actual Loops": 1
                                                        }
                                                    ],
                                                    "Plans": [
                                                        {
                                                            "Node Type": "Bitmap Index Scan",
                                                            "Parent Relationship": "Outer",
                                                            "Parallel Aware": false,
                                                            "Index Name": "company_id_movie_companies",
                                                            "Startup Cost": 0.0,
                                                            "Total Cost": 4013.66,
                                                            "Plan Rows": 187364,
                                                            "Plan Width": 0,
                                                            "Actual Startup Time": 13.037,
                                                            "Actual Total Time": 13.037,
                                                            "Actual Rows": 190167,
                                                            "Actual Loops": 1,
                                                            "Index Cond": "(mc.company_id > 116644)"
                                                        }
                                                    ]
                                                }
                                            ]
                                        }
                                    ]
                                }
                            ]
                        }
                    ]
                }
            ]
        },
        "Planning Time": 301.371,
        "Triggers": [],
        "Execution Time": 216.873
    }
]