[
  {
    "Plan": {
      "Node Type": "Aggregate",
      "Strategy": "Plain",
      "Partial Mode": "Finalize",
      "Parallel Aware": false,
      "Startup Cost": 403080.98,
      "Total Cost": 403080.99,
      "Plan Rows": 1,
      "Plan Width": 8,
      "Actual Startup Time": 1494.353,
      "Actual Total Time": 1545.943,
      "Actual Rows": 1,
      "Actual Loops": 1,
      "Plans": [
        {
          "Node Type": "Gather",
          "Parent Relationship": "Outer",
          "Parallel Aware": false,
          "Startup Cost": 403080.35,
          "Total Cost": 403080.96,
          "Plan Rows": 6,
          "Plan Width": 8,
          "Actual Startup Time": 1486.882,
          "Actual Total Time": 1545.919,
          "Actual Rows": 7,
          "Actual Loops": 1,
          "Workers Planned": 6,
          "Workers Launched": 6,
          "Single Copy": false,
          "Plans": [
            {
              "Node Type": "Aggregate",
              "Strategy": "Plain",
              "Partial Mode": "Partial",
              "Parent Relationship": "Outer",
              "Parallel Aware": false,
              "Startup Cost": 402080.35,
              "Total Cost": 402080.36,
              "Plan Rows": 1,
              "Plan Width": 8,
              "Actual Startup Time": 1476.845,
              "Actual Total Time": 1476.851,
              "Actual Rows": 1,
              "Actual Loops": 7,
              "Plans": [
                {
                  "Node Type": "Hash Join",
                  "Parent Relationship": "Outer",
                  "Parallel Aware": true,
                  "Join Type": "Inner",
                  "Startup Cost": 47976.11,
                  "Total Cost": 399584.97,
                  "Plan Rows": 998152,
                  "Plan Width": 0,
                  "Actual Startup Time": 296.505,
                  "Actual Total Time": 1436.983,
                  "Actual Rows": 790217,
                  "Actual Loops": 7,
                  "Inner Unique": true,
                  "Hash Cond": "(ci.movie_id = t.id)",
                  "Plans": [
                    {
                      "Node Type": "Seq Scan",
                      "Parent Relationship": "Outer",
                      "Parallel Aware": true,
                      "Relation Name": "cast_info",
                      "Alias": "ci",
                      "Startup Cost": 0.0,
                      "Total Cost": 343316.27,
                      "Plan Rows": 3159078,
                      "Plan Width": 4,
                      "Actual Startup Time": 155.305,
                      "Actual Total Time": 720.753,
                      "Actual Rows": 2509155,
                      "Actual Loops": 7,
                      "Filter": "((person_id > 1231722) AND (role_id < 8))",
                      "Rows Removed by Filter": 2668609
                    },
                    {
                      "Node Type": "Hash",
                      "Parent Relationship": "Inner",
                      "Parallel Aware": true,
                      "Startup Cost": 45479.59,
                      "Total Cost": 45479.59,
                      "Plan Rows": 199722,
                      "Plan Width": 4,
                      "Actual Startup Time": 137.816,
                      "Actual Total Time": 137.817,
                      "Actual Rows": 101123,
                      "Actual Loops": 7,
                      "Hash Buckets": 1048576,
                      "Original Hash Buckets": 1048576,
                      "Hash Batches": 1,
                      "Original Hash Batches": 1,
                      "Peak Memory Usage": 36000,
                      "Plans": [
                        {
                          "Node Type": "Seq Scan",
                          "Parent Relationship": "Outer",
                          "Parallel Aware": true,
                          "Relation Name": "title",
                          "Alias": "t",
                          "Startup Cost": 0.0,
                          "Total Cost": 45479.59,
                          "Plan Rows": 199722,
                          "Plan Width": 4,
                          "Actual Startup Time": 0.038,
                          "Actual Total Time": 82.072,
                          "Actual Rows": 101123,
                          "Actual Loops": 7,
                          "Filter": "((kind_id < 7) AND (production_year > 1973))",
                          "Rows Removed by Filter": 260064
                        }
                      ]
                    }
                  ]
                }
              ]
            }
          ]
        }
      ]
    },
    "Planning Time": 0.674,
    "Triggers": [],
    "Execution Time": 1546.029
  }
]