[
  {
    "Plan": {
      "Node Type": "Aggregate",
      "Strategy": "Plain",
      "Partial Mode": "Finalize",
      "Parallel Aware": false,
      "Startup Cost": 346673.61,
      "Total Cost": 346673.62,
      "Plan Rows": 1,
      "Plan Width": 8,
      "Actual Startup Time": 768.024,
      "Actual Total Time": 828.446,
      "Actual Rows": 1,
      "Actual Loops": 1,
      "Plans": [
        {
          "Node Type": "Gather",
          "Parent Relationship": "Outer",
          "Parallel Aware": false,
          "Startup Cost": 346672.99,
          "Total Cost": 346673.6,
          "Plan Rows": 6,
          "Plan Width": 8,
          "Actual Startup Time": 767.807,
          "Actual Total Time": 828.433,
          "Actual Rows": 7,
          "Actual Loops": 1,
          "Workers Planned": 6,
          "Workers Launched": 6,
          "Single Copy": false,
          "Plans": [
            {
              "Node Type": "Aggregate",
              "Strategy": "Plain",
              "Partial Mode": "Partial",
              "Parent Relationship": "Outer",
              "Parallel Aware": false,
              "Startup Cost": 345672.99,
              "Total Cost": 345673.0,
              "Plan Rows": 1,
              "Plan Width": 8,
              "Actual Startup Time": 757.368,
              "Actual Total Time": 757.37,
              "Actual Rows": 1,
              "Actual Loops": 7,
              "Plans": [
                {
                  "Node Type": "Seq Scan",
                  "Parent Relationship": "Outer",
                  "Parallel Aware": true,
                  "Relation Name": "cast_info",
                  "Alias": "ci",
                  "Startup Cost": 0.0,
                  "Total Cost": 343316.27,
                  "Plan Rows": 942687,
                  "Plan Width": 0,
                  "Actual Startup Time": 386.917,
                  "Actual Total Time": 689.385,
                  "Actual Rows": 1228623,
                  "Actual Loops": 7,
                  "Filter": "((person_id > 2828336) AND (role_id > 1))",
                  "Rows Removed by Filter": 3949140
                }
              ]
            }
          ]
        }
      ]
    },
    "Planning Time": 0.207,
    "Triggers": [],
    "Execution Time": 828.519
  }
]