{
  "Plan": {
    "Node Type": "Aggregate",
    "Strategy": "Plain",
    "Partial Mode": "Finalize",
    "Parallel Aware": false,
    "Startup Cost": 3062984.42,
    "Total Cost": 3062984.43,
    "Plan Rows": 1,
    "Plan Width": 8,
    "Actual Startup Time": 35265.805,
    "Actual Total Time": 35536.2,
    "Actual Rows": 1,
    "Actual Loops": 1,
    "Plans": [
      {
        "Node Type": "Gather",
        "Parent Relationship": "Outer",
        "Parallel Aware": false,
        "Startup Cost": 3062984.31,
        "Total Cost": 3062984.42,
        "Plan Rows": 1,
        "Plan Width": 8,
        "Actual Startup Time": 35192.843,
        "Actual Total Time": 35536.183,
        "Actual Rows": 2,
        "Actual Loops": 1,
        "Workers Planned": 1,
        "Workers Launched": 1,
        "Single Copy": false,
        "Plans": [
          {
            "Node Type": "Aggregate",
            "Strategy": "Plain",
            "Partial Mode": "Partial",
            "Parent Relationship": "Outer",
            "Parallel Aware": false,
            "Startup Cost": 3061984.31,
            "Total Cost": 3061984.32,
            "Plan Rows": 1,
            "Plan Width": 8,
            "Actual Startup Time": 35133.159,
            "Actual Total Time": 35133.168,
            "Actual Rows": 1,
            "Actual Loops": 2,
            "Plans": [
              {
                "Node Type": "Hash Join",
                "Parent Relationship": "Outer",
                "Parallel Aware": true,
                "Join Type": "Inner",
                "Startup Cost": 2619714.27,
                "Total Cost": 2968127.28,
                "Plan Rows": 37542810,
                "Plan Width": 0,
                "Actual Startup Time": 23281.787,
                "Actual Total Time": 30859.096,
                "Actual Rows": 106286316,
                "Actual Loops": 2,
                "Inner Unique": false,
                "Hash Cond": "(mk.movie_id = t.id)",
                "Plans": [
                  {
                    "Node Type": "Seq Scan",
                    "Parent Relationship": "Outer",
                    "Parallel Aware": true,
                    "Relation Name": "movie_keyword",
                    "Alias": "mk",
                    "Startup Cost": 0.0,
                    "Total Cost": 51065.35,
                    "Plan Rows": 2661135,
                    "Plan Width": 4,
                    "Actual Startup Time": 0.016,
                    "Actual Total Time": 166.826,
                    "Actual Rows": 2261965,
                    "Actual Loops": 2
                  },
                  {
                    "Node Type": "Hash",
                    "Parent Relationship": "Inner",
                    "Parallel Aware": true,
                    "Startup Cost": 2357444.45,
                    "Total Cost": 2357444.45,
                    "Plan Rows": 20981585,
                    "Plan Width": 8,
                    "Actual Startup Time": 23094.706,
                    "Actual Total Time": 23094.709,
                    "Actual Rows": 17850172,
                    "Actual Loops": 2,
                    "Hash Buckets": 67108864,
                    "Original Hash Buckets": 67108864,
                    "Hash Batches": 1,
                    "Original Hash Batches": 1,
                    "Peak Memory Usage": 1920928,
                    "Plans": [
                      {
                        "Node Type": "Merge Join",
                        "Parent Relationship": "Outer",
                        "Parallel Aware": false,
                        "Join Type": "Inner",
                        "Startup Cost": 44.07,
                        "Total Cost": 2357444.45,
                        "Plan Rows": 20981585,
                        "Plan Width": 8,
                        "Actual Startup Time": 0.356,
                        "Actual Total Time": 19381.461,
                        "Actual Rows": 17850172,
                        "Actual Loops": 2,
                        "Inner Unique": true,
                        "Merge Cond": "(ci.movie_id = t.id)",
                        "Plans": [
                          {
                            "Node Type": "Index Scan",
                            "Parent Relationship": "Outer",
                            "Parallel Aware": true,
                            "Scan Direction": "Forward",
                            "Index Name": "movie_id_cast_info",
                            "Relation Name": "cast_info",
                            "Alias": "ci",
                            "Startup Cost": 0.56,
                            "Total Cost": 1978621.64,
                            "Plan Rows": 20981585,
                            "Plan Width": 4,
                            "Actual Startup Time": 0.108,
                            "Actual Total Time": 15355.478,
                            "Actual Rows": 17850172,
                            "Actual Loops": 2,
                            "Filter": "(person_id > 59520)",
                            "Rows Removed by Filter": 272000
                          },
                          {
                            "Node Type": "Index Only Scan",
                            "Parent Relationship": "Inner",
                            "Parallel Aware": false,
                            "Scan Direction": "Forward",
                            "Index Name": "title_pkey",
                            "Relation Name": "title",
                            "Alias": "t",
                            "Startup Cost": 0.43,
                            "Total Cost": 110339.97,
                            "Plan Rows": 2528293,
                            "Plan Width": 4,
                            "Actual Startup Time": 0.14,
                            "Actual Total Time": 1717.916,
                            "Actual Rows": 2525963,
                            "Actual Loops": 2,
                            "Heap Fetches": 5051926
                          }
                        ]
                      }
                    ]
                  }
                ]
              }
            ]
          }
        ]
      }
    ]
  },
  "Planning Time": 1.016,
  "Triggers": [],
  "Execution Time": 35536.316
}