[
  {
    "Plan": {
      "Node Type": "Aggregate",
      "Strategy": "Plain",
      "Partial Mode": "Finalize",
      "Parallel Aware": false,
      "Startup Cost": 387084.09,
      "Total Cost": 387084.1,
      "Plan Rows": 1,
      "Plan Width": 8,
      "Actual Startup Time": 1419.383,
      "Actual Total Time": 1488.098,
      "Actual Rows": 1,
      "Actual Loops": 1,
      "Plans": [
        {
          "Node Type": "Gather",
          "Parent Relationship": "Outer",
          "Parallel Aware": false,
          "Startup Cost": 387083.46,
          "Total Cost": 387084.07,
          "Plan Rows": 6,
          "Plan Width": 8,
          "Actual Startup Time": 1417.46,
          "Actual Total Time": 1488.074,
          "Actual Rows": 7,
          "Actual Loops": 1,
          "Workers Planned": 6,
          "Workers Launched": 6,
          "Single Copy": false,
          "Plans": [
            {
              "Node Type": "Aggregate",
              "Strategy": "Plain",
              "Partial Mode": "Partial",
              "Parent Relationship": "Outer",
              "Parallel Aware": false,
              "Startup Cost": 386083.46,
              "Total Cost": 386083.47,
              "Plan Rows": 1,
              "Plan Width": 8,
              "Actual Startup Time": 1409.061,
              "Actual Total Time": 1409.065,
              "Actual Rows": 1,
              "Actual Loops": 7,
              "Plans": [
                {
                  "Node Type": "Hash Join",
                  "Parent Relationship": "Outer",
                  "Parallel Aware": true,
                  "Join Type": "Inner",
                  "Startup Cost": 44646.07,
                  "Total Cost": 384991.31,
                  "Plan Rows": 436860,
                  "Plan Width": 0,
                  "Actual Startup Time": 95.864,
                  "Actual Total Time": 1393.526,
                  "Actual Rows": 304875,
                  "Actual Loops": 7,
                  "Inner Unique": true,
                  "Hash Cond": "(ci.movie_id = t.id)",
                  "Plans": [
                    {
                      "Node Type": "Seq Scan",
                      "Parent Relationship": "Outer",
                      "Parallel Aware": true,
                      "Relation Name": "cast_info",
                      "Alias": "ci",
                      "Startup Cost": 0.0,
                      "Total Cost": 328211.39,
                      "Plan Rows": 4622411,
                      "Plan Width": 4,
                      "Actual Startup Time": 0.024,
                      "Actual Total Time": 649.422,
                      "Actual Rows": 3972959,
                      "Actual Loops": 7,
                      "Filter": "(person_id < 2842051)",
                      "Rows Removed by Filter": 1204804
                    },
                    {
                      "Node Type": "Hash",
                      "Parent Relationship": "Inner",
                      "Parallel Aware": true,
                      "Startup Cost": 43899.32,
                      "Total Cost": 43899.32,
                      "Plan Rows": 59740,
                      "Plan Width": 4,
                      "Actual Startup Time": 93.863,
                      "Actual Total Time": 93.864,
                      "Actual Rows": 36074,
                      "Actual Loops": 7,
                      "Hash Buckets": 262144,
                      "Original Hash Buckets": 262144,
                      "Hash Batches": 1,
                      "Original Hash Batches": 1,
                      "Peak Memory Usage": 12032,
                      "Plans": [
                        {
                          "Node Type": "Seq Scan",
                          "Parent Relationship": "Outer",
                          "Parallel Aware": true,
                          "Relation Name": "title",
                          "Alias": "t",
                          "Startup Cost": 0.0,
                          "Total Cost": 43899.32,
                          "Plan Rows": 59740,
                          "Plan Width": 4,
                          "Actual Startup Time": 0.048,
                          "Actual Total Time": 77.078,
                          "Actual Rows": 36074,
                          "Actual Loops": 7,
                          "Filter": "(production_year < 1961)",
                          "Rows Removed by Filter": 325113
                        }
                      ]
                    }
                  ]
                }
              ]
            }
          ]
        }
      ]
    },
    "Planning Time": 0.571,
    "Triggers": [],
    "Execution Time": 1488.177
  }
]