{
  "Plan": {
    "Node Type": "Aggregate",
    "Strategy": "Plain",
    "Partial Mode": "Finalize",
    "Parallel Aware": false,
    "Startup Cost": 127774.82,
    "Total Cost": 127774.83,
    "Plan Rows": 1,
    "Plan Width": 8,
    "Actual Startup Time": 688.425,
    "Actual Total Time": 705.786,
    "Actual Rows": 1,
    "Actual Loops": 1,
    "Plans": [
      {
        "Node Type": "Gather",
        "Parent Relationship": "Outer",
        "Parallel Aware": false,
        "Startup Cost": 127774.7,
        "Total Cost": 127774.81,
        "Plan Rows": 1,
        "Plan Width": 8,
        "Actual Startup Time": 686.729,
        "Actual Total Time": 705.779,
        "Actual Rows": 2,
        "Actual Loops": 1,
        "Workers Planned": 1,
        "Workers Launched": 1,
        "Single Copy": false,
        "Plans": [
          {
            "Node Type": "Aggregate",
            "Strategy": "Plain",
            "Partial Mode": "Partial",
            "Parent Relationship": "Outer",
            "Parallel Aware": false,
            "Startup Cost": 126774.7,
            "Total Cost": 126774.71,
            "Plan Rows": 1,
            "Plan Width": 8,
            "Actual Startup Time": 681.113,
            "Actual Total Time": 681.117,
            "Actual Rows": 1,
            "Actual Loops": 2,
            "Plans": [
              {
                "Node Type": "Hash Join",
                "Parent Relationship": "Outer",
                "Parallel Aware": true,
                "Join Type": "Inner",
                "Startup Cost": 61539.86,
                "Total Cost": 125706.54,
                "Plan Rows": 427265,
                "Plan Width": 0,
                "Actual Startup Time": 221.66,
                "Actual Total Time": 639.55,
                "Actual Rows": 1094441,
                "Actual Loops": 2,
                "Inner Unique": true,
                "Hash Cond": "(mk.movie_id = t.id)",
                "Plans": [
                  {
                    "Node Type": "Seq Scan",
                    "Parent Relationship": "Outer",
                    "Parallel Aware": true,
                    "Relation Name": "movie_keyword",
                    "Alias": "mk",
                    "Startup Cost": 0.0,
                    "Total Cost": 57718.19,
                    "Plan Rows": 2456565,
                    "Plan Width": 4,
                    "Actual Startup Time": 0.012,
                    "Actual Total Time": 197.068,
                    "Actual Rows": 2093469,
                    "Actual Loops": 2,
                    "Filter": "(keyword_id < 48998)",
                    "Rows Removed by Filter": 168496
                  },
                  {
                    "Node Type": "Hash",
                    "Parent Relationship": "Inner",
                    "Parallel Aware": true,
                    "Startup Cost": 58306.47,
                    "Total Cost": 58306.47,
                    "Plan Rows": 258671,
                    "Plan Width": 4,
                    "Actual Startup Time": 215.99,
                    "Actual Total Time": 215.991,
                    "Actual Rows": 268430,
                    "Actual Loops": 2,
                    "Hash Buckets": 1048576,
                    "Original Hash Buckets": 524288,
                    "Hash Batches": 1,
                    "Original Hash Batches": 1,
                    "Peak Memory Usage": 33344,
                    "Plans": [
                      {
                        "Node Type": "Seq Scan",
                        "Parent Relationship": "Outer",
                        "Parallel Aware": true,
                        "Relation Name": "title",
                        "Alias": "t",
                        "Startup Cost": 0.0,
                        "Total Cost": 58306.47,
                        "Plan Rows": 258671,
                        "Plan Width": 4,
                        "Actual Startup Time": 0.043,
                        "Actual Total Time": 149.577,
                        "Actual Rows": 268430,
                        "Actual Loops": 2,
                        "Filter": "((kind_id < 7) AND (production_year < 2002))",
                        "Rows Removed by Filter": 995726
                      }
                    ]
                  }
                ]
              }
            ]
          }
        ]
      }
    ]
  },
  "Planning Time": 0.626,
  "Triggers": [],
  "Execution Time": 705.856
}