[
  {
    "Plan": {
      "Node Type": "Aggregate",
      "Strategy": "Plain",
      "Partial Mode": "Finalize",
      "Parallel Aware": false,
      "Startup Cost": 119953.08,
      "Total Cost": 119953.09,
      "Plan Rows": 1,
      "Plan Width": 8,
      "Actual Startup Time": 450.514,
      "Actual Total Time": 475.191,
      "Actual Rows": 1,
      "Actual Loops": 1,
      "Plans": [
        {
          "Node Type": "Gather",
          "Parent Relationship": "Outer",
          "Parallel Aware": false,
          "Startup Cost": 119952.76,
          "Total Cost": 119953.07,
          "Plan Rows": 3,
          "Plan Width": 8,
          "Actual Startup Time": 449.231,
          "Actual Total Time": 475.18,
          "Actual Rows": 4,
          "Actual Loops": 1,
          "Workers Planned": 3,
          "Workers Launched": 3,
          "Single Copy": false,
          "Plans": [
            {
              "Node Type": "Aggregate",
              "Strategy": "Plain",
              "Partial Mode": "Partial",
              "Parent Relationship": "Outer",
              "Parallel Aware": false,
              "Startup Cost": 118952.76,
              "Total Cost": 118952.77,
              "Plan Rows": 1,
              "Plan Width": 8,
              "Actual Startup Time": 441.436,
              "Actual Total Time": 441.545,
              "Actual Rows": 1,
              "Actual Loops": 4,
              "Plans": [
                {
                  "Node Type": "Hash Join",
                  "Parent Relationship": "Outer",
                  "Parallel Aware": true,
                  "Join Type": "Inner",
                  "Startup Cost": 88140.32,
                  "Total Cost": 118756.42,
                  "Plan Rows": 78537,
                  "Plan Width": 0,
                  "Actual Startup Time": 302.397,
                  "Actual Total Time": 429.81,
                  "Actual Rows": 296170,
                  "Actual Loops": 4,
                  "Inner Unique": false,
                  "Hash Cond": "(mc.movie_id = t.id)",
                  "Plans": [
                    {
                      "Node Type": "Seq Scan",
                      "Parent Relationship": "Outer",
                      "Parallel Aware": true,
                      "Relation Name": "movie_companies",
                      "Alias": "mc",
                      "Startup Cost": 0.0,
                      "Total Cost": 27206.55,
                      "Plan Rows": 841655,
                      "Plan Width": 4,
                      "Actual Startup Time": 0.02,
                      "Actual Total Time": 53.929,
                      "Actual Rows": 652282,
                      "Actual Loops": 4
                    },
                    {
                      "Node Type": "Hash",
                      "Parent Relationship": "Inner",
                      "Parallel Aware": true,
                      "Startup Cost": 87189.02,
                      "Total Cost": 87189.02,
                      "Plan Rows": 76104,
                      "Plan Width": 8,
                      "Actual Startup Time": 288.243,
                      "Actual Total Time": 288.35,
                      "Actual Rows": 58853,
                      "Actual Loops": 4,
                      "Hash Buckets": 262144,
                      "Original Hash Buckets": 262144,
                      "Hash Batches": 1,
                      "Original Hash Batches": 1,
                      "Peak Memory Usage": 11296,
                      "Plans": [
                        {
                          "Node Type": "Hash Join",
                          "Parent Relationship": "Outer",
                          "Parallel Aware": true,
                          "Join Type": "Inner",
                          "Startup Cost": 44310.94,
                          "Total Cost": 87189.02,
                          "Plan Rows": 76104,
                          "Plan Width": 8,
                          "Actual Startup Time": 117.613,
                          "Actual Total Time": 276.256,
                          "Actual Rows": 58853,
                          "Actual Loops": 4,
                          "Inner Unique": true,
                          "Hash Cond": "(mk.movie_id = t.id)",
                          "Plans": [
                            {
                              "Node Type": "Seq Scan",
                              "Parent Relationship": "Outer",
                              "Parallel Aware": true,
                              "Relation Name": "movie_keyword",
                              "Alias": "mk",
                              "Startup Cost": 0.0,
                              "Total Cost": 39047.32,
                              "Plan Rows": 1459332,
                              "Plan Width": 4,
                              "Actual Startup Time": 0.024,
                              "Actual Total Time": 84.325,
                              "Actual Rows": 1130982,
                              "Actual Loops": 4
                            },
                            {
                              "Node Type": "Hash",
                              "Parent Relationship": "Inner",
                              "Parallel Aware": true,
                              "Startup Cost": 43898.92,
                              "Total Cost": 43898.92,
                              "Plan Rows": 32962,
                              "Plan Width": 4,
                              "Actual Startup Time": 102.21,
                              "Actual Total Time": 102.211,
                              "Actual Rows": 33281,
                              "Actual Loops": 4,
                              "Hash Buckets": 262144,
                              "Original Hash Buckets": 262144,
                              "Hash Batches": 1,
                              "Original Hash Batches": 1,
                              "Peak Memory Usage": 7296,
                              "Plans": [
                                {
                                  "Node Type": "Seq Scan",
                                  "Parent Relationship": "Outer",
                                  "Parallel Aware": true,
                                  "Relation Name": "title",
                                  "Alias": "t",
                                  "Startup Cost": 0.0,
                                  "Total Cost": 43898.92,
                                  "Plan Rows": 32962,
                                  "Plan Width": 4,
                                  "Actual Startup Time": 22.505,
                                  "Actual Total Time": 91.18,
                                  "Actual Rows": 33281,
                                  "Actual Loops": 4,
                                  "Filter": "(production_year < 1937)",
                                  "Rows Removed by Filter": 598797
                                }
                              ]
                            }
                          ]
                        }
                      ]
                    }
                  ]
                }
              ]
            }
          ]
        }
      ]
    },
    "Planning Time": 1.355,
    "Triggers": [],
    "Execution Time": 475.271
  }
]