[
  {
    "Plan": {
      "Node Type": "Aggregate",
      "Strategy": "Plain",
      "Partial Mode": "Finalize",
      "Parallel Aware": false,
      "Startup Cost": 394742.75,
      "Total Cost": 394742.76,
      "Plan Rows": 1,
      "Plan Width": 8,
      "Actual Startup Time": 2343.119,
      "Actual Total Time": 2429.17,
      "Actual Rows": 1,
      "Actual Loops": 1,
      "Plans": [
        {
          "Node Type": "Gather",
          "Parent Relationship": "Outer",
          "Parallel Aware": false,
          "Startup Cost": 394742.12,
          "Total Cost": 394742.73,
          "Plan Rows": 6,
          "Plan Width": 8,
          "Actual Startup Time": 2332.196,
          "Actual Total Time": 2429.139,
          "Actual Rows": 7,
          "Actual Loops": 1,
          "Workers Planned": 6,
          "Workers Launched": 6,
          "Single Copy": false,
          "Plans": [
            {
              "Node Type": "Aggregate",
              "Strategy": "Plain",
              "Partial Mode": "Partial",
              "Parent Relationship": "Outer",
              "Parallel Aware": false,
              "Startup Cost": 393742.12,
              "Total Cost": 393742.13,
              "Plan Rows": 1,
              "Plan Width": 8,
              "Actual Startup Time": 2321.662,
              "Actual Total Time": 2321.83,
              "Actual Rows": 1,
              "Actual Loops": 7,
              "Plans": [
                {
                  "Node Type": "Hash Join",
                  "Parent Relationship": "Outer",
                  "Parallel Aware": true,
                  "Join Type": "Inner",
                  "Startup Cost": 48666.84,
                  "Total Cost": 389047.21,
                  "Plan Rows": 1877965,
                  "Plan Width": 0,
                  "Actual Startup Time": 198.828,
                  "Actual Total Time": 2224.453,
                  "Actual Rows": 1788544,
                  "Actual Loops": 7,
                  "Inner Unique": true,
                  "Hash Cond": "(ci.movie_id = t.id)",
                  "Plans": [
                    {
                      "Node Type": "Seq Scan",
                      "Parent Relationship": "Outer",
                      "Parallel Aware": true,
                      "Relation Name": "cast_info",
                      "Alias": "ci",
                      "Startup Cost": 0.0,
                      "Total Cost": 328162.03,
                      "Plan Rows": 4654601,
                      "Plan Width": 4,
                      "Actual Startup Time": 0.028,
                      "Actual Total Time": 727.927,
                      "Actual Rows": 4004602,
                      "Actual Loops": 7,
                      "Filter": "(person_id < 2861239)",
                      "Rows Removed by Filter": 1173162
                    },
                    {
                      "Node Type": "Hash",
                      "Parent Relationship": "Inner",
                      "Parallel Aware": true,
                      "Startup Cost": 45479.1,
                      "Total Cost": 45479.1,
                      "Plan Rows": 255019,
                      "Plan Width": 4,
                      "Actual Startup Time": 195.372,
                      "Actual Total Time": 195.373,
                      "Actual Rows": 159712,
                      "Actual Loops": 7,
                      "Hash Buckets": 2097152,
                      "Original Hash Buckets": 1048576,
                      "Hash Batches": 1,
                      "Original Hash Batches": 1,
                      "Peak Memory Usage": 68416,
                      "Plans": [
                        {
                          "Node Type": "Seq Scan",
                          "Parent Relationship": "Outer",
                          "Parallel Aware": true,
                          "Relation Name": "title",
                          "Alias": "t",
                          "Startup Cost": 0.0,
                          "Total Cost": 45479.1,
                          "Plan Rows": 255019,
                          "Plan Width": 4,
                          "Actual Startup Time": 0.043,
                          "Actual Total Time": 87.244,
                          "Actual Rows": 159712,
                          "Actual Loops": 7,
                          "Filter": "((production_year > 1993) AND (kind_id = 7))",
                          "Rows Removed by Filter": 201476
                        }
                      ]
                    }
                  ]
                }
              ]
            }
          ]
        }
      ]
    },
    "Planning Time": 0.611,
    "Triggers": [],
    "Execution Time": 2429.255
  }
]