[
  {
    "Plan": {
      "Node Type": "Aggregate",
      "Strategy": "Plain",
      "Partial Mode": "Finalize",
      "Parallel Aware": false,
      "Startup Cost": 320321.85,
      "Total Cost": 320321.86,
      "Plan Rows": 1,
      "Plan Width": 8,
      "Actual Startup Time": 1145.026,
      "Actual Total Time": 1194.309,
      "Actual Rows": 1,
      "Actual Loops": 1,
      "Plans": [
        {
          "Node Type": "Gather",
          "Parent Relationship": "Outer",
          "Parallel Aware": false,
          "Startup Cost": 320321.33,
          "Total Cost": 320321.84,
          "Plan Rows": 5,
          "Plan Width": 8,
          "Actual Startup Time": 1137.683,
          "Actual Total Time": 1194.297,
          "Actual Rows": 6,
          "Actual Loops": 1,
          "Workers Planned": 5,
          "Workers Launched": 5,
          "Single Copy": false,
          "Plans": [
            {
              "Node Type": "Aggregate",
              "Strategy": "Plain",
              "Partial Mode": "Partial",
              "Parent Relationship": "Outer",
              "Parallel Aware": false,
              "Startup Cost": 319321.33,
              "Total Cost": 319321.34,
              "Plan Rows": 1,
              "Plan Width": 8,
              "Actual Startup Time": 1116.814,
              "Actual Total Time": 1117.144,
              "Actual Rows": 1,
              "Actual Loops": 6,
              "Plans": [
                {
                  "Node Type": "Hash Join",
                  "Parent Relationship": "Outer",
                  "Parallel Aware": true,
                  "Join Type": "Inner",
                  "Startup Cost": 102668.18,
                  "Total Cost": 314497.41,
                  "Plan Rows": 1929568,
                  "Plan Width": 0,
                  "Actual Startup Time": 468.487,
                  "Actual Total Time": 1096.61,
                  "Actual Rows": 455351,
                  "Actual Loops": 6,
                  "Inner Unique": false,
                  "Hash Cond": "(mi.movie_id = t.id)",
                  "Plans": [
                    {
                      "Node Type": "Seq Scan",
                      "Parent Relationship": "Outer",
                      "Parallel Aware": true,
                      "Relation Name": "movie_info",
                      "Alias": "mi",
                      "Startup Cost": 0.0,
                      "Total Cost": 198952.16,
                      "Plan Rows": 1774040,
                      "Plan Width": 4,
                      "Actual Startup Time": 0.036,
                      "Actual Total Time": 349.228,
                      "Actual Rows": 1494449,
                      "Actual Loops": 6,
                      "Filter": "(info_type_id < 15)",
                      "Rows Removed by Filter": 978171
                    },
                    {
                      "Node Type": "Hash",
                      "Parent Relationship": "Inner",
                      "Parallel Aware": true,
                      "Startup Cost": 91579.7,
                      "Total Cost": 91579.7,
                      "Plan Rows": 887079,
                      "Plan Width": 8,
                      "Actual Startup Time": 460.278,
                      "Actual Total Time": 460.606,
                      "Actual Rows": 107577,
                      "Actual Loops": 6,
                      "Hash Buckets": 4194304,
                      "Original Hash Buckets": 4194304,
                      "Hash Batches": 1,
                      "Original Hash Batches": 1,
                      "Peak Memory Usage": 58144,
                      "Plans": [
                        {
                          "Node Type": "Hash Join",
                          "Parent Relationship": "Outer",
                          "Parallel Aware": true,
                          "Join Type": "Inner",
                          "Startup Cost": 48701.62,
                          "Total Cost": 91579.7,
                          "Plan Rows": 887079,
                          "Plan Width": 8,
                          "Actual Startup Time": 240.069,
                          "Actual Total Time": 412.039,
                          "Actual Rows": 107577,
                          "Actual Loops": 6,
                          "Inner Unique": true,
                          "Hash Cond": "(mk.movie_id = t.id)",
                          "Plans": [
                            {
                              "Node Type": "Seq Scan",
                              "Parent Relationship": "Outer",
                              "Parallel Aware": true,
                              "Relation Name": "movie_keyword",
                              "Alias": "mk",
                              "Startup Cost": 0.0,
                              "Total Cost": 39047.32,
                              "Plan Rows": 1459332,
                              "Plan Width": 4,
                              "Actual Startup Time": 0.031,
                              "Actual Total Time": 73.958,
                              "Actual Rows": 753988,
                              "Actual Loops": 6
                            },
                            {
                              "Node Type": "Hash",
                              "Parent Relationship": "Inner",
                              "Parallel Aware": true,
                              "Startup Cost": 43898.92,
                              "Total Cost": 43898.92,
                              "Plan Rows": 384216,
                              "Plan Width": 4,
                              "Actual Startup Time": 237.325,
                              "Actual Total Time": 237.326,
                              "Actual Rows": 257211,
                              "Actual Loops": 6,
                              "Hash Buckets": 2097152,
                              "Original Hash Buckets": 2097152,
                              "Hash Batches": 1,
                              "Original Hash Batches": 1,
                              "Peak Memory Usage": 76864,
                              "Plans": [
                                {
                                  "Node Type": "Seq Scan",
                                  "Parent Relationship": "Outer",
                                  "Parallel Aware": true,
                                  "Relation Name": "title",
                                  "Alias": "t",
                                  "Startup Cost": 0.0,
                                  "Total Cost": 43898.92,
                                  "Plan Rows": 384216,
                                  "Plan Width": 4,
                                  "Actual Startup Time": 0.041,
                                  "Actual Total Time": 89.166,
                                  "Actual Rows": 257211,
                                  "Actual Loops": 6,
                                  "Filter": "(kind_id = 7)",
                                  "Rows Removed by Filter": 164175
                                }
                              ]
                            }
                          ]
                        }
                      ]
                    }
                  ]
                }
              ]
            }
          ]
        }
      ]
    },
    "Planning Time": 1.368,
    "Triggers": [],
    "Execution Time": 1194.399
  }
]