[
  {
    "Plan": {
      "Node Type": "Aggregate",
      "Strategy": "Plain",
      "Partial Mode": "Finalize",
      "Parallel Aware": false,
      "Startup Cost": 76903.02,
      "Total Cost": 76903.03,
      "Plan Rows": 1,
      "Plan Width": 8,
      "Actual Startup Time": 333.41,
      "Actual Total Time": 344.668,
      "Actual Rows": 1,
      "Actual Loops": 1,
      "Plans": [
        {
          "Node Type": "Gather",
          "Parent Relationship": "Outer",
          "Parallel Aware": false,
          "Startup Cost": 76902.7,
          "Total Cost": 76903.01,
          "Plan Rows": 3,
          "Plan Width": 8,
          "Actual Startup Time": 325.241,
          "Actual Total Time": 344.658,
          "Actual Rows": 4,
          "Actual Loops": 1,
          "Workers Planned": 3,
          "Workers Launched": 3,
          "Single Copy": false,
          "Plans": [
            {
              "Node Type": "Aggregate",
              "Strategy": "Plain",
              "Partial Mode": "Partial",
              "Parent Relationship": "Outer",
              "Parallel Aware": false,
              "Startup Cost": 75902.7,
              "Total Cost": 75902.71,
              "Plan Rows": 1,
              "Plan Width": 8,
              "Actual Startup Time": 313.2,
              "Actual Total Time": 313.205,
              "Actual Rows": 1,
              "Actual Loops": 4,
              "Plans": [
                {
                  "Node Type": "Hash Join",
                  "Parent Relationship": "Outer",
                  "Parallel Aware": true,
                  "Join Type": "Inner",
                  "Startup Cost": 55516.19,
                  "Total Cost": 75845.66,
                  "Plan Rows": 22817,
                  "Plan Width": 0,
                  "Actual Startup Time": 267.779,
                  "Actual Total Time": 312.716,
                  "Actual Rows": 8404,
                  "Actual Loops": 4,
                  "Inner Unique": true,
                  "Hash Cond": "(mc.movie_id = t.id)",
                  "Plans": [
                    {
                      "Node Type": "Bitmap Heap Scan",
                      "Parent Relationship": "Outer",
                      "Parallel Aware": true,
                      "Relation Name": "movie_companies",
                      "Alias": "mc",
                      "Startup Cost": 6292.03,
                      "Total Cost": 26495.11,
                      "Plan Rows": 48145,
                      "Plan Width": 4,
                      "Actual Startup Time": 15.824,
                      "Actual Total Time": 34.366,
                      "Actual Rows": 71072,
                      "Actual Loops": 4,
                      "Recheck Cond": "(company_id > 95345)",
                      "Rows Removed by Index Recheck": 0,
                      "Filter": "(company_type_id = 2)",
                      "Rows Removed by Filter": 0,
                      "Exact Heap Blocks": 1343,
                      "Lossy Heap Blocks": 0,
                      "Plans": [
                        {
                          "Node Type": "Bitmap Index Scan",
                          "Parent Relationship": "Outer",
                          "Parallel Aware": false,
                          "Index Name": "company_id_movie_companies",
                          "Startup Cost": 0.0,
                          "Total Cost": 6254.72,
                          "Plan Rows": 292038,
                          "Plan Width": 0,
                          "Actual Startup Time": 15.055,
                          "Actual Total Time": 15.055,
                          "Actual Rows": 284286,
                          "Actual Loops": 1,
                          "Index Cond": "(company_id > 95345)"
                        }
                      ]
                    },
                    {
                      "Node Type": "Hash",
                      "Parent Relationship": "Inner",
                      "Parallel Aware": true,
                      "Startup Cost": 45479.59,
                      "Total Cost": 45479.59,
                      "Plan Rows": 299566,
                      "Plan Width": 4,
                      "Actual Startup Time": 244.185,
                      "Actual Total Time": 244.186,
                      "Actual Rows": 324495,
                      "Actual Loops": 4,
                      "Hash Buckets": 2097152,
                      "Original Hash Buckets": 2097152,
                      "Hash Batches": 1,
                      "Original Hash Batches": 1,
                      "Peak Memory Usage": 67232,
                      "Plans": [
                        {
                          "Node Type": "Seq Scan",
                          "Parent Relationship": "Outer",
                          "Parallel Aware": true,
                          "Relation Name": "title",
                          "Alias": "t",
                          "Startup Cost": 0.0,
                          "Total Cost": 45479.59,
                          "Plan Rows": 299566,
                          "Plan Width": 4,
                          "Actual Startup Time": 0.041,
                          "Actual Total Time": 110.657,
                          "Actual Rows": 324495,
                          "Actual Loops": 4,
                          "Filter": "((kind_id > 1) AND (production_year > 1995))",
                          "Rows Removed by Filter": 307583
                        }
                      ]
                    }
                  ]
                }
              ]
            }
          ]
        }
      ]
    },
    "Planning Time": 0.786,
    "Triggers": [],
    "Execution Time": 344.774
  }
]