[
    {
        "Bao": {
            "Bao prediction": "NaN",
            "Bao recommended hint": "(no hint)"
        }
    },
    {
        "Plan": {
            "Node Type": "Aggregate",
            "Strategy": "Plain",
            "Partial Mode": "Finalize",
            "Parallel Aware": false,
            "Startup Cost": 234882.63,
            "Total Cost": 234882.64,
            "Plan Rows": 1,
            "Plan Width": 8,
            "Actual Startup Time": 222.955,
            "Actual Total Time": 230.806,
            "Actual Rows": 1,
            "Actual Loops": 1,
            "Output": [
                "count(*)"
            ],
            "Plans": [
                {
                    "Node Type": "Gather",
                    "Parent Relationship": "Outer",
                    "Parallel Aware": false,
                    "Startup Cost": 234882.1,
                    "Total Cost": 234882.61,
                    "Plan Rows": 5,
                    "Plan Width": 8,
                    "Actual Startup Time": 221.398,
                    "Actual Total Time": 230.787,
                    "Actual Rows": 6,
                    "Actual Loops": 1,
                    "Output": [
                        "(PARTIAL count(*))"
                    ],
                    "Workers Planned": 5,
                    "Workers Launched": 5,
                    "Single Copy": false,
                    "Plans": [
                        {
                            "Node Type": "Aggregate",
                            "Strategy": "Plain",
                            "Partial Mode": "Partial",
                            "Parent Relationship": "Outer",
                            "Parallel Aware": false,
                            "Startup Cost": 233882.1,
                            "Total Cost": 233882.11,
                            "Plan Rows": 1,
                            "Plan Width": 8,
                            "Actual Startup Time": 211.166,
                            "Actual Total Time": 211.169,
                            "Actual Rows": 1,
                            "Actual Loops": 6,
                            "Output": [
                                "PARTIAL count(*)"
                            ],
                            "Workers": [
                                {
                                    "Worker Number": 0,
                                    "Actual Startup Time": 208.8,
                                    "Actual Total Time": 208.804,
                                    "Actual Rows": 1,
                                    "Actual Loops": 1
                                },
                                {
                                    "Worker Number": 1,
                                    "Actual Startup Time": 209.129,
                                    "Actual Total Time": 209.132,
                                    "Actual Rows": 1,
                                    "Actual Loops": 1
                                },
                                {
                                    "Worker Number": 2,
                                    "Actual Startup Time": 209.33,
                                    "Actual Total Time": 209.333,
                                    "Actual Rows": 1,
                                    "Actual Loops": 1
                                },
                                {
                                    "Worker Number": 3,
                                    "Actual Startup Time": 208.944,
                                    "Actual Total Time": 208.947,
                                    "Actual Rows": 1,
                                    "Actual Loops": 1
                                },
                                {
                                    "Worker Number": 4,
                                    "Actual Startup Time": 209.847,
                                    "Actual Total Time": 209.85,
                                    "Actual Rows": 1,
                                    "Actual Loops": 1
                                }
                            ],
                            "Plans": [
                                {
                                    "Node Type": "Hash Join",
                                    "Parent Relationship": "Outer",
                                    "Parallel Aware": true,
                                    "Join Type": "Inner",
                                    "Startup Cost": 68145.93,
                                    "Total Cost": 233849.51,
                                    "Plan Rows": 13036,
                                    "Plan Width": 0,
                                    "Actual Startup Time": 130.711,
                                    "Actual Total Time": 209.375,
                                    "Actual Rows": 31120,
                                    "Actual Loops": 6,
                                    "Inner Unique": true,
                                    "Hash Cond": "(mi.movie_id = t.id)",
                                    "Workers": [
                                        {
                                            "Worker Number": 0,
                                            "Actual Startup Time": 128.206,
                                            "Actual Total Time": 206.864,
                                            "Actual Rows": 24398,
                                            "Actual Loops": 1
                                        },
                                        {
                                            "Worker Number": 1,
                                            "Actual Startup Time": 129.161,
                                            "Actual Total Time": 207.339,
                                            "Actual Rows": 33264,
                                            "Actual Loops": 1
                                        },
                                        {
                                            "Worker Number": 2,
                                            "Actual Startup Time": 128.707,
                                            "Actual Total Time": 207.455,
                                            "Actual Rows": 23477,
                                            "Actual Loops": 1
                                        },
                                        {
                                            "Worker Number": 3,
                                            "Actual Startup Time": 128.371,
                                            "Actual Total Time": 207.348,
                                            "Actual Rows": 29212,
                                            "Actual Loops": 1
                                        },
                                        {
                                            "Worker Number": 4,
                                            "Actual Startup Time": 129.49,
                                            "Actual Total Time": 208.015,
                                            "Actual Rows": 33912,
                                            "Actual Loops": 1
                                        }
                                    ],
                                    "Plans": [
                                        {
                                            "Node Type": "Bitmap Heap Scan",
                                            "Parent Relationship": "Outer",
                                            "Parallel Aware": true,
                                            "Relation Name": "movie_info",
                                            "Schema": "public",
                                            "Alias": "mi",
                                            "Startup Cost": 22246.9,
                                            "Total Cost": 187306.49,
                                            "Plan Rows": 245328,
                                            "Plan Width": 4,
                                            "Actual Startup Time": 39.678,
                                            "Actual Total Time": 72.477,
                                            "Actual Rows": 216498,
                                            "Actual Loops": 6,
                                            "Output": [
                                                "mi.id",
                                                "mi.movie_id",
                                                "mi.info_type_id",
                                                "mi.info",
                                                "mi.note"
                                            ],
                                            "Recheck Cond": "(mi.info_type_id = 4)",
                                            "Rows Removed by Index Recheck": 0,
                                            "Exact Heap Blocks": 2054,
                                            "Lossy Heap Blocks": 0,
                                            "Workers": [
                                                {
                                                    "Worker Number": 0,
                                                    "Actual Startup Time": 39.768,
                                                    "Actual Total Time": 73.479,
                                                    "Actual Rows": 169697,
                                                    "Actual Loops": 1
                                                },
                                                {
                                                    "Worker Number": 1,
                                                    "Actual Startup Time": 39.74,
                                                    "Actual Total Time": 73.268,
                                                    "Actual Rows": 223294,
                                                    "Actual Loops": 1
                                                },
                                                {
                                                    "Worker Number": 2,
                                                    "Actual Startup Time": 39.567,
                                                    "Actual Total Time": 73.304,
                                                    "Actual Rows": 166172,
                                                    "Actual Loops": 1
                                                },
                                                {
                                                    "Worker Number": 3,
                                                    "Actual Startup Time": 39.79,
                                                    "Actual Total Time": 71.676,
                                                    "Actual Rows": 197340,
                                                    "Actual Loops": 1
                                                },
                                                {
                                                    "Worker Number": 4,
                                                    "Actual Startup Time": 39.755,
                                                    "Actual Total Time": 73.307,
                                                    "Actual Rows": 223898,
                                                    "Actual Loops": 1
                                                }
                                            ],
                                            "Plans": [
                                                {
                                                    "Node Type": "Bitmap Index Scan",
                                                    "Parent Relationship": "Outer",
                                                    "Parallel Aware": false,
                                                    "Index Name": "info_type_id_movie_info",
                                                    "Startup Cost": 0.0,
                                                    "Total Cost": 21940.24,
                                                    "Plan Rows": 1226640,
                                                    "Plan Width": 0,
                                                    "Actual Startup Time": 38.26,
                                                    "Actual Total Time": 38.26,
                                                    "Actual Rows": 1298989,
                                                    "Actual Loops": 1,
                                                    "Index Cond": "(mi.info_type_id = 4)"
                                                }
                                            ]
                                        },
                                        {
                                            "Node Type": "Hash",
                                            "Parent Relationship": "Inner",
                                            "Parallel Aware": true,
                                            "Startup Cost": 45479.21,
                                            "Total Cost": 45479.21,
                                            "Plan Rows": 33586,
                                            "Plan Width": 4,
                                            "Actual Startup Time": 87.798,
                                            "Actual Total Time": 87.799,
                                            "Actual Rows": 38949,
                                            "Actual Loops": 6,
                                            "Output": [
                                                "t.id"
                                            ],
                                            "Hash Buckets": 262144,
                                            "Original Hash Buckets": 262144,
                                            "Hash Batches": 1,
                                            "Original Hash Batches": 1,
                                            "Peak Memory Usage": 11296,
                                            "Workers": [
                                                {
                                                    "Worker Number": 0,
                                                    "Actual Startup Time": 86.425,
                                                    "Actual Total Time": 86.426,
                                                    "Actual Rows": 28198,
                                                    "Actual Loops": 1
                                                },
                                                {
                                                    "Worker Number": 1,
                                                    "Actual Startup Time": 86.686,
                                                    "Actual Total Time": 86.687,
                                                    "Actual Rows": 42384,
                                                    "Actual Loops": 1
                                                },
                                                {
                                                    "Worker Number": 2,
                                                    "Actual Startup Time": 86.636,
                                                    "Actual Total Time": 86.637,
                                                    "Actual Rows": 28757,
                                                    "Actual Loops": 1
                                                },
                                                {
                                                    "Worker Number": 3,
                                                    "Actual Startup Time": 86.505,
                                                    "Actual Total Time": 86.506,
                                                    "Actual Rows": 35389,
                                                    "Actual Loops": 1
                                                },
                                                {
                                                    "Worker Number": 4,
                                                    "Actual Startup Time": 87.47,
                                                    "Actual Total Time": 87.471,
                                                    "Actual Rows": 42783,
                                                    "Actual Loops": 1
                                                }
                                            ],
                                            "Plans": [
                                                {
                                                    "Node Type": "Seq Scan",
                                                    "Parent Relationship": "Outer",
                                                    "Parallel Aware": true,
                                                    "Relation Name": "title",
                                                    "Schema": "public",
                                                    "Alias": "t",
                                                    "Startup Cost": 0.0,
                                                    "Total Cost": 45479.21,
                                                    "Plan Rows": 33586,
                                                    "Plan Width": 4,
                                                    "Actual Startup Time": 0.224,
                                                    "Actual Total Time": 74.05,
                                                    "Actual Rows": 38949,
                                                    "Actual Loops": 6,
                                                    "Output": [
                                                        "t.id"
                                                    ],
                                                    "Filter": "((t.kind_id < 7) AND (t.production_year < 1968))",
                                                    "Rows Removed by Filter": 382437,
                                                    "Workers": [
                                                        {
                                                            "Worker Number": 0,
                                                            "Actual Startup Time": 0.062,
                                                            "Actual Total Time": 73.491,
                                                            "Actual Rows": 28198,
                                                            "Actual Loops": 1
                                                        },
                                                        {
                                                            "Worker Number": 1,
                                                            "Actual Startup Time": 0.051,
                                                            "Actual Total Time": 73.009,
                                                            "Actual Rows": 42384,
                                                            "Actual Loops": 1
                                                        },
                                                        {
                                                            "Worker Number": 2,
                                                            "Actual Startup Time": 0.262,
                                                            "Actual Total Time": 74.424,
                                                            "Actual Rows": 28757,
                                                            "Actual Loops": 1
                                                        },
                                                        {
                                                            "Worker Number": 3,
                                                            "Actual Startup Time": 0.547,
                                                            "Actual Total Time": 71.88,
                                                            "Actual Rows": 35389,
                                                            "Actual Loops": 1
                                                        },
                                                        {
                                                            "Worker Number": 4,
                                                            "Actual Startup Time": 0.261,
                                                            "Actual Total Time": 73.955,
                                                            "Actual Rows": 42783,
                                                            "Actual Loops": 1
                                                        }
                                                    ]
                                                }
                                            ]
                                        }
                                    ]
                                }
                            ]
                        }
                    ]
                }
            ]
        },
        "Planning Time": 196.037,
        "Triggers": [],
        "Execution Time": 230.884
    }
]