[
  {
    "Plan": {
      "Node Type": "Aggregate",
      "Strategy": "Plain",
      "Partial Mode": "Finalize",
      "Parallel Aware": false,
      "Startup Cost": 45779.0,
      "Total Cost": 45779.01,
      "Plan Rows": 1,
      "Plan Width": 8,
      "Actual Startup Time": 147.966,
      "Actual Total Time": 156.93,
      "Actual Rows": 1,
      "Actual Loops": 1,
      "Plans": [
        {
          "Node Type": "Gather",
          "Parent Relationship": "Outer",
          "Parallel Aware": false,
          "Startup Cost": 45778.68,
          "Total Cost": 45778.99,
          "Plan Rows": 3,
          "Plan Width": 8,
          "Actual Startup Time": 147.867,
          "Actual Total Time": 156.923,
          "Actual Rows": 4,
          "Actual Loops": 1,
          "Workers Planned": 3,
          "Workers Launched": 3,
          "Single Copy": false,
          "Plans": [
            {
              "Node Type": "Aggregate",
              "Strategy": "Plain",
              "Partial Mode": "Partial",
              "Parent Relationship": "Outer",
              "Parallel Aware": false,
              "Startup Cost": 44778.68,
              "Total Cost": 44778.69,
              "Plan Rows": 1,
              "Plan Width": 8,
              "Actual Startup Time": 142.327,
              "Actual Total Time": 142.328,
              "Actual Rows": 1,
              "Actual Loops": 4,
              "Plans": [
                {
                  "Node Type": "Seq Scan",
                  "Parent Relationship": "Outer",
                  "Parallel Aware": true,
                  "Relation Name": "movie_keyword",
                  "Alias": "mk",
                  "Startup Cost": 0.0,
                  "Total Cost": 42695.65,
                  "Plan Rows": 833212,
                  "Plan Width": 0,
                  "Actual Startup Time": 0.039,
                  "Actual Total Time": 113.255,
                  "Actual Rows": 645602,
                  "Actual Loops": 4,
                  "Filter": "(keyword_id < 6765)",
                  "Rows Removed by Filter": 485380
                }
              ]
            }
          ]
        }
      ]
    },
    "Planning Time": 0.142,
    "Triggers": [],
    "Execution Time": 156.97
  }
]