[
  {
    "Plan": {
      "Node Type": "Aggregate",
      "Strategy": "Plain",
      "Partial Mode": "Finalize",
      "Parallel Aware": false,
      "Startup Cost": 70084.98,
      "Total Cost": 70084.99,
      "Plan Rows": 1,
      "Plan Width": 8,
      "Actual Startup Time": 159.954,
      "Actual Total Time": 171.303,
      "Actual Rows": 1,
      "Actual Loops": 1,
      "Plans": [
        {
          "Node Type": "Gather",
          "Parent Relationship": "Outer",
          "Parallel Aware": false,
          "Startup Cost": 70084.56,
          "Total Cost": 70084.97,
          "Plan Rows": 4,
          "Plan Width": 8,
          "Actual Startup Time": 159.33,
          "Actual Total Time": 171.293,
          "Actual Rows": 5,
          "Actual Loops": 1,
          "Workers Planned": 4,
          "Workers Launched": 4,
          "Single Copy": false,
          "Plans": [
            {
              "Node Type": "Aggregate",
              "Strategy": "Plain",
              "Partial Mode": "Partial",
              "Parent Relationship": "Outer",
              "Parallel Aware": false,
              "Startup Cost": 69084.56,
              "Total Cost": 69084.57,
              "Plan Rows": 1,
              "Plan Width": 8,
              "Actual Startup Time": 149.554,
              "Actual Total Time": 149.557,
              "Actual Rows": 1,
              "Actual Loops": 5,
              "Plans": [
                {
                  "Node Type": "Hash Join",
                  "Parent Relationship": "Outer",
                  "Parallel Aware": true,
                  "Join Type": "Inner",
                  "Startup Cost": 22336.39,
                  "Total Cost": 69056.17,
                  "Plan Rows": 11358,
                  "Plan Width": 0,
                  "Actual Startup Time": 99.199,
                  "Actual Total Time": 148.598,
                  "Actual Rows": 22668,
                  "Actual Loops": 5,
                  "Inner Unique": false,
                  "Hash Cond": "(t.id = mc.movie_id)",
                  "Plans": [
                    {
                      "Node Type": "Seq Scan",
                      "Parent Relationship": "Outer",
                      "Parallel Aware": true,
                      "Relation Name": "title",
                      "Alias": "t",
                      "Startup Cost": 0.0,
                      "Total Cost": 45479.1,
                      "Plan Rows": 240809,
                      "Plan Width": 4,
                      "Actual Startup Time": 0.022,
                      "Actual Total Time": 71.3,
                      "Actual Rows": 195087,
                      "Actual Loops": 5,
                      "Filter": "((kind_id < 7) AND (production_year > 1897))",
                      "Rows Removed by Filter": 310576
                    },
                    {
                      "Node Type": "Hash",
                      "Parent Relationship": "Inner",
                      "Parallel Aware": true,
                      "Startup Cost": 21855.52,
                      "Total Cost": 21855.52,
                      "Plan Rows": 38469,
                      "Plan Width": 4,
                      "Actual Startup Time": 44.547,
                      "Actual Total Time": 44.548,
                      "Actual Rows": 22916,
                      "Actual Loops": 5,
                      "Hash Buckets": 131072,
                      "Original Hash Buckets": 131072,
                      "Hash Batches": 1,
                      "Original Hash Batches": 1,
                      "Peak Memory Usage": 5568,
                      "Plans": [
                        {
                          "Node Type": "Bitmap Heap Scan",
                          "Parent Relationship": "Outer",
                          "Parallel Aware": true,
                          "Relation Name": "movie_companies",
                          "Alias": "mc",
                          "Startup Cost": 2584.66,
                          "Total Cost": 21855.52,
                          "Plan Rows": 38469,
                          "Plan Width": 4,
                          "Actual Startup Time": 15.236,
                          "Actual Total Time": 34.598,
                          "Actual Rows": 22916,
                          "Actual Loops": 5,
                          "Recheck Cond": "(company_id > 149326)",
                          "Rows Removed by Index Recheck": 0,
                          "Exact Heap Blocks": 1673,
                          "Lossy Heap Blocks": 0,
                          "Plans": [
                            {
                              "Node Type": "Bitmap Index Scan",
                              "Parent Relationship": "Outer",
                              "Parallel Aware": false,
                              "Index Name": "company_id_movie_companies",
                              "Startup Cost": 0.0,
                              "Total Cost": 2554.84,
                              "Plan Rows": 119255,
                              "Plan Width": 0,
                              "Actual Startup Time": 18.697,
                              "Actual Total Time": 18.698,
                              "Actual Rows": 114581,
                              "Actual Loops": 1,
                              "Index Cond": "(company_id > 149326)"
                            }
                          ]
                        }
                      ]
                    }
                  ]
                }
              ]
            }
          ]
        }
      ]
    },
    "Planning Time": 0.658,
    "Triggers": [],
    "Execution Time": 171.394
  }
]