{
  "Plan": {
    "Node Type": "Aggregate",
    "Strategy": "Plain",
    "Partial Mode": "Finalize",
    "Parallel Aware": false,
    "Startup Cost": 562977.48,
    "Total Cost": 562977.49,
    "Plan Rows": 1,
    "Plan Width": 8,
    "Actual Startup Time": 3675.488,
    "Actual Total Time": 3738.879,
    "Actual Rows": 1,
    "Actual Loops": 1,
    "Plans": [
      {
        "Node Type": "Gather",
        "Parent Relationship": "Outer",
        "Parallel Aware": false,
        "Startup Cost": 562977.37,
        "Total Cost": 562977.48,
        "Plan Rows": 1,
        "Plan Width": 8,
        "Actual Startup Time": 3675.018,
        "Actual Total Time": 3738.867,
        "Actual Rows": 2,
        "Actual Loops": 1,
        "Workers Planned": 1,
        "Workers Launched": 1,
        "Single Copy": false,
        "Plans": [
          {
            "Node Type": "Aggregate",
            "Strategy": "Plain",
            "Partial Mode": "Partial",
            "Parent Relationship": "Outer",
            "Parallel Aware": false,
            "Startup Cost": 561977.37,
            "Total Cost": 561977.38,
            "Plan Rows": 1,
            "Plan Width": 8,
            "Actual Startup Time": 3669.116,
            "Actual Total Time": 3669.12,
            "Actual Rows": 1,
            "Actual Loops": 2,
            "Plans": [
              {
                "Node Type": "Hash Join",
                "Parent Relationship": "Outer",
                "Parallel Aware": true,
                "Join Type": "Inner",
                "Startup Cost": 38899.7,
                "Total Cost": 560633.05,
                "Plan Rows": 537726,
                "Plan Width": 0,
                "Actual Startup Time": 86.404,
                "Actual Total Time": 3650.924,
                "Actual Rows": 331487,
                "Actual Loops": 2,
                "Inner Unique": true,
                "Hash Cond": "(ci.movie_id = t.id)",
                "Plans": [
                  {
                    "Node Type": "Seq Scan",
                    "Parent Relationship": "Outer",
                    "Parallel Aware": true,
                    "Relation Name": "cast_info",
                    "Alias": "ci",
                    "Startup Cost": 0.0,
                    "Total Cost": 465792.95,
                    "Plan Rows": 21310595,
                    "Plan Width": 4,
                    "Actual Startup Time": 0.015,
                    "Actual Total Time": 1463.076,
                    "Actual Rows": 18122172,
                    "Actual Loops": 2
                  },
                  {
                    "Node Type": "Hash",
                    "Parent Relationship": "Inner",
                    "Parallel Aware": true,
                    "Startup Cost": 38430.61,
                    "Total Cost": 38430.61,
                    "Plan Rows": 37527,
                    "Plan Width": 4,
                    "Actual Startup Time": 85.009,
                    "Actual Total Time": 85.011,
                    "Actual Rows": 33675,
                    "Actual Loops": 2,
                    "Hash Buckets": 131072,
                    "Original Hash Buckets": 65536,
                    "Hash Batches": 1,
                    "Original Hash Batches": 1,
                    "Peak Memory Usage": 4224,
                    "Plans": [
                      {
                        "Node Type": "Bitmap Heap Scan",
                        "Parent Relationship": "Outer",
                        "Parallel Aware": true,
                        "Relation Name": "title",
                        "Alias": "t",
                        "Startup Cost": 1632.49,
                        "Total Cost": 38430.61,
                        "Plan Rows": 37527,
                        "Plan Width": 4,
                        "Actual Startup Time": 22.65,
                        "Actual Total Time": 73.744,
                        "Actual Rows": 33675,
                        "Actual Loops": 2,
                        "Recheck Cond": "(kind_id = 2)",
                        "Rows Removed by Index Recheck": 0,
                        "Filter": "(production_year > 1989)",
                        "Rows Removed by Filter": 11751,
                        "Exact Heap Blocks": 17343,
                        "Lossy Heap Blocks": 0,
                        "Plans": [
                          {
                            "Node Type": "Bitmap Index Scan",
                            "Parent Relationship": "Outer",
                            "Parallel Aware": false,
                            "Index Name": "kind_id_title",
                            "Startup Cost": 0.0,
                            "Total Cost": 1616.54,
                            "Plan Rows": 90681,
                            "Plan Width": 0,
                            "Actual Startup Time": 19.462,
                            "Actual Total Time": 19.462,
                            "Actual Rows": 90852,
                            "Actual Loops": 1,
                            "Index Cond": "(kind_id = 2)"
                          }
                        ]
                      }
                    ]
                  }
                ]
              }
            ]
          }
        ]
      }
    ]
  },
  "Planning Time": 0.497,
  "Triggers": [],
  "Execution Time": 3738.991
}