[
  {
    "Plan": {
      "Node Type": "Aggregate",
      "Strategy": "Plain",
      "Partial Mode": "Finalize",
      "Parallel Aware": false,
      "Startup Cost": 47073.04,
      "Total Cost": 47073.05,
      "Plan Rows": 1,
      "Plan Width": 8,
      "Actual Startup Time": 173.108,
      "Actual Total Time": 182.588,
      "Actual Rows": 1,
      "Actual Loops": 1,
      "Plans": [
        {
          "Node Type": "Gather",
          "Parent Relationship": "Outer",
          "Parallel Aware": false,
          "Startup Cost": 47072.72,
          "Total Cost": 47073.03,
          "Plan Rows": 3,
          "Plan Width": 8,
          "Actual Startup Time": 173.015,
          "Actual Total Time": 182.58,
          "Actual Rows": 4,
          "Actual Loops": 1,
          "Workers Planned": 3,
          "Workers Launched": 3,
          "Single Copy": false,
          "Plans": [
            {
              "Node Type": "Aggregate",
              "Strategy": "Plain",
              "Partial Mode": "Partial",
              "Parent Relationship": "Outer",
              "Parallel Aware": false,
              "Startup Cost": 46072.72,
              "Total Cost": 46072.73,
              "Plan Rows": 1,
              "Plan Width": 8,
              "Actual Startup Time": 166.9,
              "Actual Total Time": 166.901,
              "Actual Rows": 1,
              "Actual Loops": 4,
              "Plans": [
                {
                  "Node Type": "Seq Scan",
                  "Parent Relationship": "Outer",
                  "Parallel Aware": true,
                  "Relation Name": "movie_keyword",
                  "Alias": "mk",
                  "Startup Cost": 0.0,
                  "Total Cost": 42695.65,
                  "Plan Rows": 1350827,
                  "Plan Width": 0,
                  "Actual Startup Time": 0.048,
                  "Actual Total Time": 121.404,
                  "Actual Rows": 1048811,
                  "Actual Loops": 4,
                  "Filter": "(keyword_id < 50165)",
                  "Rows Removed by Filter": 82172
                }
              ]
            }
          ]
        }
      ]
    },
    "Planning Time": 0.124,
    "Triggers": [],
    "Execution Time": 182.628
  }
]