[
  {
    "Plan": {
      "Node Type": "Aggregate",
      "Strategy": "Plain",
      "Partial Mode": "Finalize",
      "Parallel Aware": false,
      "Startup Cost": 93505.6,
      "Total Cost": 93505.61,
      "Plan Rows": 1,
      "Plan Width": 8,
      "Actual Startup Time": 403.928,
      "Actual Total Time": 420.646,
      "Actual Rows": 1,
      "Actual Loops": 1,
      "Plans": [
        {
          "Node Type": "Gather",
          "Parent Relationship": "Outer",
          "Parallel Aware": false,
          "Startup Cost": 93505.28,
          "Total Cost": 93505.59,
          "Plan Rows": 3,
          "Plan Width": 8,
          "Actual Startup Time": 401.089,
          "Actual Total Time": 420.623,
          "Actual Rows": 4,
          "Actual Loops": 1,
          "Workers Planned": 3,
          "Workers Launched": 3,
          "Single Copy": false,
          "Plans": [
            {
              "Node Type": "Aggregate",
              "Strategy": "Plain",
              "Partial Mode": "Partial",
              "Parent Relationship": "Outer",
              "Parallel Aware": false,
              "Startup Cost": 92505.28,
              "Total Cost": 92505.29,
              "Plan Rows": 1,
              "Plan Width": 8,
              "Actual Startup Time": 393.046,
              "Actual Total Time": 393.048,
              "Actual Rows": 1,
              "Actual Loops": 4,
              "Plans": [
                {
                  "Node Type": "Hash Join",
                  "Parent Relationship": "Outer",
                  "Parallel Aware": true,
                  "Join Type": "Inner",
                  "Startup Cost": 46165.97,
                  "Total Cost": 91723.27,
                  "Plan Rows": 312803,
                  "Plan Width": 0,
                  "Actual Startup Time": 173.529,
                  "Actual Total Time": 379.532,
                  "Actual Rows": 339602,
                  "Actual Loops": 4,
                  "Inner Unique": true,
                  "Hash Cond": "(mk.movie_id = t.id)",
                  "Plans": [
                    {
                      "Node Type": "Seq Scan",
                      "Parent Relationship": "Outer",
                      "Parallel Aware": true,
                      "Relation Name": "movie_keyword",
                      "Alias": "mk",
                      "Startup Cost": 0.0,
                      "Total Cost": 42695.65,
                      "Plan Rows": 1090153,
                      "Plan Width": 4,
                      "Actual Startup Time": 0.025,
                      "Actual Total Time": 106.7,
                      "Actual Rows": 844311,
                      "Actual Loops": 4,
                      "Filter": "(keyword_id < 16264)",
                      "Rows Removed by Filter": 286671
                    },
                    {
                      "Node Type": "Hash",
                      "Parent Relationship": "Inner",
                      "Parallel Aware": true,
                      "Startup Cost": 43898.92,
                      "Total Cost": 43898.92,
                      "Plan Rows": 181364,
                      "Plan Width": 4,
                      "Actual Startup Time": 168.468,
                      "Actual Total Time": 168.469,
                      "Actual Rows": 182746,
                      "Actual Loops": 4,
                      "Hash Buckets": 1048576,
                      "Original Hash Buckets": 1048576,
                      "Hash Batches": 1,
                      "Original Hash Batches": 1,
                      "Peak Memory Usage": 36864,
                      "Plans": [
                        {
                          "Node Type": "Seq Scan",
                          "Parent Relationship": "Outer",
                          "Parallel Aware": true,
                          "Relation Name": "title",
                          "Alias": "t",
                          "Startup Cost": 0.0,
                          "Total Cost": 43898.92,
                          "Plan Rows": 181364,
                          "Plan Width": 4,
                          "Actual Startup Time": 0.038,
                          "Actual Total Time": 100.401,
                          "Actual Rows": 182746,
                          "Actual Loops": 4,
                          "Filter": "(production_year < 1992)",
                          "Rows Removed by Filter": 449332
                        }
                      ]
                    }
                  ]
                }
              ]
            }
          ]
        }
      ]
    },
    "Planning Time": 0.595,
    "Triggers": [],
    "Execution Time": 420.712
  }
]