[
  {
    "Plan": {
      "Node Type": "Aggregate",
      "Strategy": "Plain",
      "Partial Mode": "Finalize",
      "Parallel Aware": false,
      "Startup Cost": 340357.2,
      "Total Cost": 340357.21,
      "Plan Rows": 1,
      "Plan Width": 8,
      "Actual Startup Time": 343.614,
      "Actual Total Time": 398.318,
      "Actual Rows": 1,
      "Actual Loops": 1,
      "Plans": [
        {
          "Node Type": "Gather",
          "Parent Relationship": "Outer",
          "Parallel Aware": false,
          "Startup Cost": 340356.78,
          "Total Cost": 340357.19,
          "Plan Rows": 4,
          "Plan Width": 8,
          "Actual Startup Time": 343.332,
          "Actual Total Time": 398.304,
          "Actual Rows": 5,
          "Actual Loops": 1,
          "Workers Planned": 4,
          "Workers Launched": 4,
          "Single Copy": false,
          "Plans": [
            {
              "Node Type": "Aggregate",
              "Strategy": "Plain",
              "Partial Mode": "Partial",
              "Parent Relationship": "Outer",
              "Parallel Aware": false,
              "Startup Cost": 339356.78,
              "Total Cost": 339356.79,
              "Plan Rows": 1,
              "Plan Width": 8,
              "Actual Startup Time": 333.318,
              "Actual Total Time": 333.32,
              "Actual Rows": 1,
              "Actual Loops": 5,
              "Plans": [
                {
                  "Node Type": "Nested Loop",
                  "Parent Relationship": "Outer",
                  "Parallel Aware": false,
                  "Join Type": "Inner",
                  "Startup Cost": 0.56,
                  "Total Cost": 339144.97,
                  "Plan Rows": 84724,
                  "Plan Width": 0,
                  "Actual Startup Time": 0.601,
                  "Actual Total Time": 329.422,
                  "Actual Rows": 48388,
                  "Actual Loops": 5,
                  "Inner Unique": false,
                  "Plans": [
                    {
                      "Node Type": "Seq Scan",
                      "Parent Relationship": "Outer",
                      "Parallel Aware": true,
                      "Relation Name": "title",
                      "Alias": "t",
                      "Startup Cost": 0.0,
                      "Total Cost": 45479.59,
                      "Plan Rows": 8062,
                      "Plan Width": 4,
                      "Actual Startup Time": 0.242,
                      "Actual Total Time": 70.377,
                      "Actual Rows": 4042,
                      "Actual Loops": 5,
                      "Filter": "((kind_id < 3) AND (production_year = 2006))",
                      "Rows Removed by Filter": 501621
                    },
                    {
                      "Node Type": "Index Scan",
                      "Parent Relationship": "Inner",
                      "Parallel Aware": false,
                      "Scan Direction": "Forward",
                      "Index Name": "movie_id_cast_info",
                      "Relation Name": "cast_info",
                      "Alias": "ci",
                      "Startup Cost": 0.56,
                      "Total Cost": 36.17,
                      "Plan Rows": 26,
                      "Plan Width": 4,
                      "Actual Startup Time": 0.013,
                      "Actual Total Time": 0.062,
                      "Actual Rows": 12,
                      "Actual Loops": 20209,
                      "Index Cond": "(movie_id = t.id)",
                      "Rows Removed by Index Recheck": 0,
                      "Filter": "(person_id < 2748266)",
                      "Rows Removed by Filter": 6
                    }
                  ]
                }
              ]
            }
          ]
        }
      ]
    },
    "Planning Time": 0.654,
    "Triggers": [],
    "Execution Time": 398.414
  }
]