[
  {
    "Plan": {
      "Node Type": "Aggregate",
      "Strategy": "Plain",
      "Partial Mode": "Finalize",
      "Parallel Aware": false,
      "Startup Cost": 33067.7,
      "Total Cost": 33067.71,
      "Plan Rows": 1,
      "Plan Width": 8,
      "Actual Startup Time": 104.622,
      "Actual Total Time": 112.231,
      "Actual Rows": 1,
      "Actual Loops": 1,
      "Plans": [
        {
          "Node Type": "Gather",
          "Parent Relationship": "Outer",
          "Parallel Aware": false,
          "Startup Cost": 33067.39,
          "Total Cost": 33067.7,
          "Plan Rows": 3,
          "Plan Width": 8,
          "Actual Startup Time": 104.504,
          "Actual Total Time": 112.222,
          "Actual Rows": 4,
          "Actual Loops": 1,
          "Workers Planned": 3,
          "Workers Launched": 3,
          "Single Copy": false,
          "Plans": [
            {
              "Node Type": "Aggregate",
              "Strategy": "Plain",
              "Partial Mode": "Partial",
              "Parent Relationship": "Outer",
              "Parallel Aware": false,
              "Startup Cost": 32067.39,
              "Total Cost": 32067.4,
              "Plan Rows": 1,
              "Plan Width": 8,
              "Actual Startup Time": 97.523,
              "Actual Total Time": 97.525,
              "Actual Rows": 1,
              "Actual Loops": 4,
              "Plans": [
                {
                  "Node Type": "Seq Scan",
                  "Parent Relationship": "Outer",
                  "Parallel Aware": true,
                  "Relation Name": "movie_companies",
                  "Alias": "mc",
                  "Startup Cost": 0.0,
                  "Total Cost": 31414.82,
                  "Plan Rows": 261027,
                  "Plan Width": 0,
                  "Actual Startup Time": 0.04,
                  "Actual Total Time": 81.871,
                  "Actual Rows": 276393,
                  "Actual Loops": 4,
                  "Filter": "((company_id < 17455) AND (company_type_id < 2))",
                  "Rows Removed by Filter": 375889
                }
              ]
            }
          ]
        }
      ]
    },
    "Planning Time": 0.214,
    "Triggers": [],
    "Execution Time": 112.286
  }
]