[
  {
    "Plan": {
      "Node Type": "Aggregate",
      "Strategy": "Plain",
      "Partial Mode": "Finalize",
      "Parallel Aware": false,
      "Startup Cost": 46944.86,
      "Total Cost": 46944.87,
      "Plan Rows": 1,
      "Plan Width": 8,
      "Actual Startup Time": 185.979,
      "Actual Total Time": 193.36,
      "Actual Rows": 1,
      "Actual Loops": 1,
      "Plans": [
        {
          "Node Type": "Gather",
          "Parent Relationship": "Outer",
          "Parallel Aware": false,
          "Startup Cost": 46944.54,
          "Total Cost": 46944.85,
          "Plan Rows": 3,
          "Plan Width": 8,
          "Actual Startup Time": 185.728,
          "Actual Total Time": 193.35,
          "Actual Rows": 4,
          "Actual Loops": 1,
          "Workers Planned": 3,
          "Workers Launched": 3,
          "Single Copy": false,
          "Plans": [
            {
              "Node Type": "Aggregate",
              "Strategy": "Plain",
              "Partial Mode": "Partial",
              "Parent Relationship": "Outer",
              "Parallel Aware": false,
              "Startup Cost": 45944.54,
              "Total Cost": 45944.55,
              "Plan Rows": 1,
              "Plan Width": 8,
              "Actual Startup Time": 177.572,
              "Actual Total Time": 177.573,
              "Actual Rows": 1,
              "Actual Loops": 4,
              "Plans": [
                {
                  "Node Type": "Seq Scan",
                  "Parent Relationship": "Outer",
                  "Parallel Aware": true,
                  "Relation Name": "movie_keyword",
                  "Alias": "mk",
                  "Startup Cost": 0.0,
                  "Total Cost": 42695.65,
                  "Plan Rows": 1299554,
                  "Plan Width": 0,
                  "Actual Startup Time": 0.084,
                  "Actual Total Time": 129.217,
                  "Actual Rows": 1004446,
                  "Actual Loops": 4,
                  "Filter": "(keyword_id > 365)",
                  "Rows Removed by Filter": 126536
                }
              ]
            }
          ]
        }
      ]
    },
    "Planning Time": 0.184,
    "Triggers": [],
    "Execution Time": 193.418
  }
]