[
  {
    "Plan": {
      "Node Type": "Aggregate",
      "Strategy": "Plain",
      "Partial Mode": "Finalize",
      "Parallel Aware": false,
      "Startup Cost": 346879.49,
      "Total Cost": 346879.5,
      "Plan Rows": 1,
      "Plan Width": 8,
      "Actual Startup Time": 724.611,
      "Actual Total Time": 772.434,
      "Actual Rows": 1,
      "Actual Loops": 1,
      "Plans": [
        {
          "Node Type": "Gather",
          "Parent Relationship": "Outer",
          "Parallel Aware": false,
          "Startup Cost": 346878.86,
          "Total Cost": 346879.47,
          "Plan Rows": 6,
          "Plan Width": 8,
          "Actual Startup Time": 724.401,
          "Actual Total Time": 772.423,
          "Actual Rows": 7,
          "Actual Loops": 1,
          "Workers Planned": 6,
          "Workers Launched": 6,
          "Single Copy": false,
          "Plans": [
            {
              "Node Type": "Aggregate",
              "Strategy": "Plain",
              "Partial Mode": "Partial",
              "Parent Relationship": "Outer",
              "Parallel Aware": false,
              "Startup Cost": 345878.86,
              "Total Cost": 345878.87,
              "Plan Rows": 1,
              "Plan Width": 8,
              "Actual Startup Time": 717.594,
              "Actual Total Time": 717.595,
              "Actual Rows": 1,
              "Actual Loops": 7,
              "Plans": [
                {
                  "Node Type": "Seq Scan",
                  "Parent Relationship": "Outer",
                  "Parallel Aware": true,
                  "Relation Name": "cast_info",
                  "Alias": "ci",
                  "Startup Cost": 0.0,
                  "Total Cost": 343316.27,
                  "Plan Rows": 1025036,
                  "Plan Width": 0,
                  "Actual Startup Time": 350.552,
                  "Actual Total Time": 649.311,
                  "Actual Rows": 1338202,
                  "Actual Loops": 7,
                  "Filter": "((person_id > 2766384) AND (role_id > 1))",
                  "Rows Removed by Filter": 3839561
                }
              ]
            }
          ]
        }
      ]
    },
    "Planning Time": 0.229,
    "Triggers": [],
    "Execution Time": 772.505
  }
]