{
  "Plan": {
    "Node Type": "Aggregate",
    "Strategy": "Plain",
    "Partial Mode": "Finalize",
    "Parallel Aware": false,
    "Startup Cost": 388418.16,
    "Total Cost": 388418.17,
    "Plan Rows": 1,
    "Plan Width": 8,
    "Actual Startup Time": 1670.078,
    "Actual Total Time": 1718.456,
    "Actual Rows": 1,
    "Actual Loops": 1,
    "Plans": [
      {
        "Node Type": "Gather",
        "Parent Relationship": "Outer",
        "Parallel Aware": false,
        "Startup Cost": 388418.05,
        "Total Cost": 388418.16,
        "Plan Rows": 1,
        "Plan Width": 8,
        "Actual Startup Time": 1667.732,
        "Actual Total Time": 1718.447,
        "Actual Rows": 2,
        "Actual Loops": 1,
        "Workers Planned": 1,
        "Workers Launched": 1,
        "Single Copy": false,
        "Plans": [
          {
            "Node Type": "Aggregate",
            "Strategy": "Plain",
            "Partial Mode": "Partial",
            "Parent Relationship": "Outer",
            "Parallel Aware": false,
            "Startup Cost": 387418.05,
            "Total Cost": 387418.06,
            "Plan Rows": 1,
            "Plan Width": 8,
            "Actual Startup Time": 1664.605,
            "Actual Total Time": 1664.888,
            "Actual Rows": 1,
            "Actual Loops": 2,
            "Plans": [
              {
                "Node Type": "Hash Join",
                "Parent Relationship": "Outer",
                "Parallel Aware": true,
                "Join Type": "Inner",
                "Startup Cost": 103029.85,
                "Total Cost": 386538.64,
                "Plan Rows": 351766,
                "Plan Width": 0,
                "Actual Startup Time": 574.922,
                "Actual Total Time": 1645.885,
                "Actual Rows": 369544,
                "Actual Loops": 2,
                "Inner Unique": false,
                "Hash Cond": "(mi.movie_id = t.id)",
                "Plans": [
                  {
                    "Node Type": "Seq Scan",
                    "Parent Relationship": "Outer",
                    "Parallel Aware": true,
                    "Relation Name": "movie_info",
                    "Alias": "mi",
                    "Startup Cost": 0.0,
                    "Total Cost": 270696.42,
                    "Plan Rows": 2864842,
                    "Plan Width": 4,
                    "Actual Startup Time": 0.019,
                    "Actual Total Time": 718.533,
                    "Actual Rows": 2461983,
                    "Actual Loops": 2,
                    "Filter": "(info_type_id < 5)",
                    "Rows Removed by Filter": 4955877
                  },
                  {
                    "Node Type": "Hash",
                    "Parent Relationship": "Inner",
                    "Parallel Aware": true,
                    "Startup Cost": 100747.19,
                    "Total Cost": 100747.19,
                    "Plan Rows": 182613,
                    "Plan Width": 8,
                    "Actual Startup Time": 569.384,
                    "Actual Total Time": 569.666,
                    "Actual Rows": 122646,
                    "Actual Loops": 2,
                    "Hash Buckets": 524288,
                    "Original Hash Buckets": 524288,
                    "Hash Batches": 1,
                    "Original Hash Batches": 1,
                    "Peak Memory Usage": 13728,
                    "Plans": [
                      {
                        "Node Type": "Hash Join",
                        "Parent Relationship": "Outer",
                        "Parallel Aware": true,
                        "Join Type": "Inner",
                        "Startup Cost": 40176.26,
                        "Total Cost": 100747.19,
                        "Plan Rows": 182613,
                        "Plan Width": 8,
                        "Actual Startup Time": 184.294,
                        "Actual Total Time": 531.536,
                        "Actual Rows": 122646,
                        "Actual Loops": 2,
                        "Inner Unique": false,
                        "Hash Cond": "(t.id = mc.movie_id)",
                        "Plans": [
                          {
                            "Node Type": "Seq Scan",
                            "Parent Relationship": "Outer",
                            "Parallel Aware": true,
                            "Relation Name": "title",
                            "Alias": "t",
                            "Startup Cost": 0.0,
                            "Total Cost": 54588.39,
                            "Plan Rows": 785335,
                            "Plan Width": 4,
                            "Actual Startup Time": 0.013,
                            "Actual Total Time": 169.369,
                            "Actual Rows": 661432,
                            "Actual Loops": 2,
                            "Filter": "(production_year > 2001)",
                            "Rows Removed by Filter": 602724
                          },
                          {
                            "Node Type": "Hash",
                            "Parent Relationship": "Inner",
                            "Parallel Aware": true,
                            "Startup Cost": 35853.46,
                            "Total Cost": 35853.46,
                            "Plan Rows": 345824,
                            "Plan Width": 4,
                            "Actual Startup Time": 177.988,
                            "Actual Total Time": 177.99,
                            "Actual Rows": 291516,
                            "Actual Loops": 2,
                            "Hash Buckets": 1048576,
                            "Original Hash Buckets": 1048576,
                            "Hash Batches": 1,
                            "Original Hash Batches": 1,
                            "Peak Memory Usage": 31008,
                            "Plans": [
                              {
                                "Node Type": "Bitmap Heap Scan",
                                "Parent Relationship": "Outer",
                                "Parallel Aware": true,
                                "Relation Name": "movie_companies",
                                "Alias": "mc",
                                "Startup Cost": 12740.66,
                                "Total Cost": 35853.46,
                                "Plan Rows": 345824,
                                "Plan Width": 4,
                                "Actual Startup Time": 31.033,
                                "Actual Total Time": 103.458,
                                "Actual Rows": 291516,
                                "Actual Loops": 2,
                                "Recheck Cond": "(company_id < 657)",
                                "Rows Removed by Index Recheck": 0,
                                "Exact Heap Blocks": 12716,
                                "Lossy Heap Blocks": 0,
                                "Plans": [
                                  {
                                    "Node Type": "Bitmap Index Scan",
                                    "Parent Relationship": "Outer",
                                    "Parallel Aware": false,
                                    "Index Name": "company_id_movie_companies",
                                    "Startup Cost": 0.0,
                                    "Total Cost": 12593.69,
                                    "Plan Rows": 587901,
                                    "Plan Width": 0,
                                    "Actual Startup Time": 28.217,
                                    "Actual Total Time": 28.217,
                                    "Actual Rows": 583032,
                                    "Actual Loops": 1,
                                    "Index Cond": "(company_id < 657)"
                                  }
                                ]
                              }
                            ]
                          }
                        ]
                      }
                    ]
                  }
                ]
              }
            ]
          }
        ]
      }
    ]
  },
  "Planning Time": 0.716,
  "Triggers": [],
  "Execution Time": 1718.544
}