[
  {
    "Plan": {
      "Node Type": "Aggregate",
      "Strategy": "Plain",
      "Partial Mode": "Finalize",
      "Parallel Aware": false,
      "Startup Cost": 46852.65,
      "Total Cost": 46852.66,
      "Plan Rows": 1,
      "Plan Width": 8,
      "Actual Startup Time": 179.63,
      "Actual Total Time": 187.216,
      "Actual Rows": 1,
      "Actual Loops": 1,
      "Plans": [
        {
          "Node Type": "Gather",
          "Parent Relationship": "Outer",
          "Parallel Aware": false,
          "Startup Cost": 46852.34,
          "Total Cost": 46852.65,
          "Plan Rows": 3,
          "Plan Width": 8,
          "Actual Startup Time": 179.498,
          "Actual Total Time": 187.207,
          "Actual Rows": 4,
          "Actual Loops": 1,
          "Workers Planned": 3,
          "Workers Launched": 3,
          "Single Copy": false,
          "Plans": [
            {
              "Node Type": "Aggregate",
              "Strategy": "Plain",
              "Partial Mode": "Partial",
              "Parent Relationship": "Outer",
              "Parallel Aware": false,
              "Startup Cost": 45852.34,
              "Total Cost": 45852.35,
              "Plan Rows": 1,
              "Plan Width": 8,
              "Actual Startup Time": 172.036,
              "Actual Total Time": 172.037,
              "Actual Rows": 1,
              "Actual Loops": 4,
              "Plans": [
                {
                  "Node Type": "Seq Scan",
                  "Parent Relationship": "Outer",
                  "Parallel Aware": true,
                  "Relation Name": "movie_keyword",
                  "Alias": "mk",
                  "Startup Cost": 0.0,
                  "Total Cost": 42695.65,
                  "Plan Rows": 1262673,
                  "Plan Width": 0,
                  "Actual Startup Time": 0.105,
                  "Actual Total Time": 127.226,
                  "Actual Rows": 976318,
                  "Actual Loops": 4,
                  "Filter": "(keyword_id > 468)",
                  "Rows Removed by Filter": 154664
                }
              ]
            }
          ]
        }
      ]
    },
    "Planning Time": 0.181,
    "Triggers": [],
    "Execution Time": 187.272
  }
]