[
  {
    "Plan": {
      "Node Type": "Aggregate",
      "Strategy": "Plain",
      "Partial Mode": "Finalize",
      "Parallel Aware": false,
      "Startup Cost": 93961.98,
      "Total Cost": 93961.99,
      "Plan Rows": 1,
      "Plan Width": 8,
      "Actual Startup Time": 412.381,
      "Actual Total Time": 430.181,
      "Actual Rows": 1,
      "Actual Loops": 1,
      "Plans": [
        {
          "Node Type": "Gather",
          "Parent Relationship": "Outer",
          "Parallel Aware": false,
          "Startup Cost": 93961.66,
          "Total Cost": 93961.97,
          "Plan Rows": 3,
          "Plan Width": 8,
          "Actual Startup Time": 409.686,
          "Actual Total Time": 430.173,
          "Actual Rows": 4,
          "Actual Loops": 1,
          "Workers Planned": 3,
          "Workers Launched": 3,
          "Single Copy": false,
          "Plans": [
            {
              "Node Type": "Aggregate",
              "Strategy": "Plain",
              "Partial Mode": "Partial",
              "Parent Relationship": "Outer",
              "Parallel Aware": false,
              "Startup Cost": 92961.66,
              "Total Cost": 92961.67,
              "Plan Rows": 1,
              "Plan Width": 8,
              "Actual Startup Time": 403.919,
              "Actual Total Time": 403.922,
              "Actual Rows": 1,
              "Actual Loops": 4,
              "Plans": [
                {
                  "Node Type": "Hash Join",
                  "Parent Relationship": "Outer",
                  "Parallel Aware": true,
                  "Join Type": "Inner",
                  "Startup Cost": 46844.15,
                  "Total Cost": 92478.34,
                  "Plan Rows": 193329,
                  "Plan Width": 0,
                  "Actual Startup Time": 186.239,
                  "Actual Total Time": 383.246,
                  "Actual Rows": 460570,
                  "Actual Loops": 4,
                  "Inner Unique": true,
                  "Hash Cond": "(mk.movie_id = t.id)",
                  "Plans": [
                    {
                      "Node Type": "Seq Scan",
                      "Parent Relationship": "Outer",
                      "Parallel Aware": true,
                      "Relation Name": "movie_keyword",
                      "Alias": "mk",
                      "Startup Cost": 0.0,
                      "Total Cost": 42695.65,
                      "Plan Rows": 1119443,
                      "Plan Width": 4,
                      "Actual Startup Time": 0.068,
                      "Actual Total Time": 121.175,
                      "Actual Rows": 864912,
                      "Actual Loops": 4,
                      "Filter": "(keyword_id > 1060)",
                      "Rows Removed by Filter": 266070
                    },
                    {
                      "Node Type": "Hash",
                      "Parent Relationship": "Inner",
                      "Parallel Aware": true,
                      "Startup Cost": 45479.59,
                      "Total Cost": 45479.59,
                      "Plan Rows": 109165,
                      "Plan Width": 4,
                      "Actual Startup Time": 145.633,
                      "Actual Total Time": 145.635,
                      "Actual Rows": 118480,
                      "Actual Loops": 4,
                      "Hash Buckets": 524288,
                      "Original Hash Buckets": 524288,
                      "Hash Batches": 1,
                      "Original Hash Batches": 1,
                      "Peak Memory Usage": 22688,
                      "Plans": [
                        {
                          "Node Type": "Seq Scan",
                          "Parent Relationship": "Outer",
                          "Parallel Aware": true,
                          "Relation Name": "title",
                          "Alias": "t",
                          "Startup Cost": 0.0,
                          "Total Cost": 45479.59,
                          "Plan Rows": 109165,
                          "Plan Width": 4,
                          "Actual Startup Time": 60.59,
                          "Actual Total Time": 106.804,
                          "Actual Rows": 118480,
                          "Actual Loops": 4,
                          "Filter": "((production_year < 2008) AND (kind_id = 1))",
                          "Rows Removed by Filter": 513598
                        }
                      ]
                    }
                  ]
                }
              ]
            }
          ]
        }
      ]
    },
    "Planning Time": 0.293,
    "Triggers": [],
    "Execution Time": 430.219
  }
]