[
  {
    "Plan": {
      "Node Type": "Aggregate",
      "Strategy": "Plain",
      "Partial Mode": "Finalize",
      "Parallel Aware": false,
      "Startup Cost": 349663.91,
      "Total Cost": 349663.92,
      "Plan Rows": 1,
      "Plan Width": 8,
      "Actual Startup Time": 691.935,
      "Actual Total Time": 748.052,
      "Actual Rows": 1,
      "Actual Loops": 1,
      "Plans": [
        {
          "Node Type": "Gather",
          "Parent Relationship": "Outer",
          "Parallel Aware": false,
          "Startup Cost": 349663.28,
          "Total Cost": 349663.89,
          "Plan Rows": 6,
          "Plan Width": 8,
          "Actual Startup Time": 691.817,
          "Actual Total Time": 748.042,
          "Actual Rows": 7,
          "Actual Loops": 1,
          "Workers Planned": 6,
          "Workers Launched": 6,
          "Single Copy": false,
          "Plans": [
            {
              "Node Type": "Aggregate",
              "Strategy": "Plain",
              "Partial Mode": "Partial",
              "Parent Relationship": "Outer",
              "Parallel Aware": false,
              "Startup Cost": 348663.28,
              "Total Cost": 348663.29,
              "Plan Rows": 1,
              "Plan Width": 8,
              "Actual Startup Time": 682.6,
              "Actual Total Time": 682.602,
              "Actual Rows": 1,
              "Actual Loops": 7,
              "Plans": [
                {
                  "Node Type": "Seq Scan",
                  "Parent Relationship": "Outer",
                  "Parallel Aware": true,
                  "Relation Name": "cast_info",
                  "Alias": "ci",
                  "Startup Cost": 0.0,
                  "Total Cost": 343257.03,
                  "Plan Rows": 2162501,
                  "Plan Width": 0,
                  "Actual Startup Time": 256.368,
                  "Actual Total Time": 617.332,
                  "Actual Rows": 1592335,
                  "Actual Loops": 7,
                  "Filter": "((person_id > 2163004) AND (role_id < 10))",
                  "Rows Removed by Filter": 3585428
                }
              ]
            }
          ]
        }
      ]
    },
    "Planning Time": 0.191,
    "Triggers": [],
    "Execution Time": 748.141
  }
]