[
  {
    "Plan": {
      "Node Type": "Aggregate",
      "Strategy": "Plain",
      "Partial Mode": "Finalize",
      "Parallel Aware": false,
      "Startup Cost": 45525.51,
      "Total Cost": 45525.52,
      "Plan Rows": 1,
      "Plan Width": 8,
      "Actual Startup Time": 155.797,
      "Actual Total Time": 165.238,
      "Actual Rows": 1,
      "Actual Loops": 1,
      "Plans": [
        {
          "Node Type": "Gather",
          "Parent Relationship": "Outer",
          "Parallel Aware": false,
          "Startup Cost": 45525.19,
          "Total Cost": 45525.5,
          "Plan Rows": 3,
          "Plan Width": 8,
          "Actual Startup Time": 155.705,
          "Actual Total Time": 165.23,
          "Actual Rows": 4,
          "Actual Loops": 1,
          "Workers Planned": 3,
          "Workers Launched": 3,
          "Single Copy": false,
          "Plans": [
            {
              "Node Type": "Aggregate",
              "Strategy": "Plain",
              "Partial Mode": "Partial",
              "Parent Relationship": "Outer",
              "Parallel Aware": false,
              "Startup Cost": 44525.19,
              "Total Cost": 44525.2,
              "Plan Rows": 1,
              "Plan Width": 8,
              "Actual Startup Time": 149.416,
              "Actual Total Time": 149.417,
              "Actual Rows": 1,
              "Actual Loops": 4,
              "Plans": [
                {
                  "Node Type": "Seq Scan",
                  "Parent Relationship": "Outer",
                  "Parallel Aware": true,
                  "Relation Name": "movie_keyword",
                  "Alias": "mk",
                  "Startup Cost": 0.0,
                  "Total Cost": 42695.65,
                  "Plan Rows": 731816,
                  "Plan Width": 0,
                  "Actual Startup Time": 0.048,
                  "Actual Total Time": 119.677,
                  "Actual Rows": 567658,
                  "Actual Loops": 4,
                  "Filter": "(keyword_id < 4765)",
                  "Rows Removed by Filter": 563324
                }
              ]
            }
          ]
        }
      ]
    },
    "Planning Time": 0.169,
    "Triggers": [],
    "Execution Time": 165.287
  }
]