[
  {
    "Plan": {
      "Node Type": "Aggregate",
      "Strategy": "Plain",
      "Partial Mode": "Finalize",
      "Parallel Aware": false,
      "Startup Cost": 81014.37,
      "Total Cost": 81014.38,
      "Plan Rows": 1,
      "Plan Width": 8,
      "Actual Startup Time": 472.357,
      "Actual Total Time": 491.344,
      "Actual Rows": 1,
      "Actual Loops": 1,
      "Plans": [
        {
          "Node Type": "Gather",
          "Parent Relationship": "Outer",
          "Parallel Aware": false,
          "Startup Cost": 81014.05,
          "Total Cost": 81014.36,
          "Plan Rows": 3,
          "Plan Width": 8,
          "Actual Startup Time": 464.078,
          "Actual Total Time": 491.333,
          "Actual Rows": 4,
          "Actual Loops": 1,
          "Workers Planned": 3,
          "Workers Launched": 3,
          "Single Copy": false,
          "Plans": [
            {
              "Node Type": "Aggregate",
              "Strategy": "Plain",
              "Partial Mode": "Partial",
              "Parent Relationship": "Outer",
              "Parallel Aware": false,
              "Startup Cost": 80014.05,
              "Total Cost": 80014.06,
              "Plan Rows": 1,
              "Plan Width": 8,
              "Actual Startup Time": 453.473,
              "Actual Total Time": 453.478,
              "Actual Rows": 1,
              "Actual Loops": 4,
              "Plans": [
                {
                  "Node Type": "Hash Join",
                  "Parent Relationship": "Outer",
                  "Parallel Aware": true,
                  "Join Type": "Inner",
                  "Startup Cost": 58927.25,
                  "Total Cost": 79847.5,
                  "Plan Rows": 66621,
                  "Plan Width": 0,
                  "Actual Startup Time": 375.025,
                  "Actual Total Time": 448.266,
                  "Actual Rows": 100609,
                  "Actual Loops": 4,
                  "Inner Unique": true,
                  "Hash Cond": "(mc.movie_id = t.id)",
                  "Plans": [
                    {
                      "Node Type": "Bitmap Heap Scan",
                      "Parent Relationship": "Outer",
                      "Parallel Aware": true,
                      "Relation Name": "movie_companies",
                      "Alias": "mc",
                      "Startup Cost": 8706.87,
                      "Total Cost": 29452.23,
                      "Plan Rows": 66621,
                      "Plan Width": 4,
                      "Actual Startup Time": 22.469,
                      "Actual Total Time": 47.485,
                      "Actual Rows": 100609,
                      "Actual Loops": 4,
                      "Recheck Cond": "(company_id > 81948)",
                      "Rows Removed by Index Recheck": 0,
                      "Filter": "(company_type_id > 1)",
                      "Rows Removed by Filter": 0,
                      "Exact Heap Blocks": 1816,
                      "Lossy Heap Blocks": 0,
                      "Plans": [
                        {
                          "Node Type": "Bitmap Index Scan",
                          "Parent Relationship": "Outer",
                          "Parallel Aware": false,
                          "Index Name": "company_id_movie_companies",
                          "Startup Cost": 0.0,
                          "Total Cost": 8655.24,
                          "Plan Rows": 404108,
                          "Plan Width": 0,
                          "Actual Startup Time": 21.613,
                          "Actual Total Time": 21.615,
                          "Actual Rows": 402436,
                          "Actual Loops": 1,
                          "Index Cond": "(company_id > 81948)"
                        }
                      ]
                    },
                    {
                      "Node Type": "Hash",
                      "Parent Relationship": "Inner",
                      "Parallel Aware": true,
                      "Startup Cost": 42319.06,
                      "Total Cost": 42319.06,
                      "Plan Rows": 632106,
                      "Plan Width": 4,
                      "Actual Startup Time": 344.988,
                      "Actual Total Time": 344.989,
                      "Actual Rows": 632078,
                      "Actual Loops": 4,
                      "Hash Buckets": 4194304,
                      "Original Hash Buckets": 4194304,
                      "Hash Batches": 1,
                      "Original Hash Batches": 1,
                      "Peak Memory Usage": 131712,
                      "Plans": [
                        {
                          "Node Type": "Seq Scan",
                          "Parent Relationship": "Outer",
                          "Parallel Aware": true,
                          "Relation Name": "title",
                          "Alias": "t",
                          "Startup Cost": 0.0,
                          "Total Cost": 42319.06,
                          "Plan Rows": 632106,
                          "Plan Width": 4,
                          "Actual Startup Time": 0.048,
                          "Actual Total Time": 100.516,
                          "Actual Rows": 632078,
                          "Actual Loops": 4
                        }
                      ]
                    }
                  ]
                }
              ]
            }
          ]
        }
      ]
    },
    "Planning Time": 0.263,
    "Triggers": [],
    "Execution Time": 491.388
  }
]