[
  {
    "Plan": {
      "Node Type": "Aggregate",
      "Strategy": "Plain",
      "Partial Mode": "Finalize",
      "Parallel Aware": false,
      "Startup Cost": 76866.98,
      "Total Cost": 76866.99,
      "Plan Rows": 1,
      "Plan Width": 8,
      "Actual Startup Time": 288.599,
      "Actual Total Time": 300.724,
      "Actual Rows": 1,
      "Actual Loops": 1,
      "Plans": [
        {
          "Node Type": "Gather",
          "Parent Relationship": "Outer",
          "Parallel Aware": false,
          "Startup Cost": 76866.56,
          "Total Cost": 76866.97,
          "Plan Rows": 4,
          "Plan Width": 8,
          "Actual Startup Time": 285.85,
          "Actual Total Time": 300.716,
          "Actual Rows": 5,
          "Actual Loops": 1,
          "Workers Planned": 4,
          "Workers Launched": 4,
          "Single Copy": false,
          "Plans": [
            {
              "Node Type": "Aggregate",
              "Strategy": "Plain",
              "Partial Mode": "Partial",
              "Parent Relationship": "Outer",
              "Parallel Aware": false,
              "Startup Cost": 75866.56,
              "Total Cost": 75866.57,
              "Plan Rows": 1,
              "Plan Width": 8,
              "Actual Startup Time": 276.161,
              "Actual Total Time": 276.206,
              "Actual Rows": 1,
              "Actual Loops": 5,
              "Plans": [
                {
                  "Node Type": "Hash Join",
                  "Parent Relationship": "Outer",
                  "Parallel Aware": true,
                  "Join Type": "Inner",
                  "Startup Cost": 30098.4,
                  "Total Cost": 75740.35,
                  "Plan Rows": 50483,
                  "Plan Width": 0,
                  "Actual Startup Time": 118.145,
                  "Actual Total Time": 272.447,
                  "Actual Rows": 80487,
                  "Actual Loops": 5,
                  "Inner Unique": false,
                  "Hash Cond": "(t.id = mc.movie_id)",
                  "Plans": [
                    {
                      "Node Type": "Seq Scan",
                      "Parent Relationship": "Outer",
                      "Parallel Aware": true,
                      "Relation Name": "title",
                      "Alias": "t",
                      "Startup Cost": 0.0,
                      "Total Cost": 42318.73,
                      "Plan Rows": 632073,
                      "Plan Width": 4,
                      "Actual Startup Time": 0.014,
                      "Actual Total Time": 65.372,
                      "Actual Rows": 505662,
                      "Actual Loops": 5
                    },
                    {
                      "Node Type": "Hash",
                      "Parent Relationship": "Inner",
                      "Parallel Aware": true,
                      "Startup Cost": 29284.17,
                      "Total Cost": 29284.17,
                      "Plan Rows": 65139,
                      "Plan Width": 4,
                      "Actual Startup Time": 100.812,
                      "Actual Total Time": 100.813,
                      "Actual Rows": 80487,
                      "Actual Loops": 5,
                      "Hash Buckets": 524288,
                      "Original Hash Buckets": 262144,
                      "Hash Batches": 1,
                      "Original Hash Batches": 1,
                      "Peak Memory Usage": 21984,
                      "Plans": [
                        {
                          "Node Type": "Bitmap Heap Scan",
                          "Parent Relationship": "Outer",
                          "Parallel Aware": true,
                          "Relation Name": "movie_companies",
                          "Alias": "mc",
                          "Startup Cost": 8569.75,
                          "Total Cost": 29284.17,
                          "Plan Rows": 65139,
                          "Plan Width": 4,
                          "Actual Startup Time": 32.415,
                          "Actual Total Time": 65.67,
                          "Actual Rows": 80487,
                          "Actual Loops": 5,
                          "Recheck Cond": "(company_id > 81948)",
                          "Rows Removed by Index Recheck": 0,
                          "Filter": "(company_type_id > 1)",
                          "Rows Removed by Filter": 0,
                          "Exact Heap Blocks": 2533,
                          "Lossy Heap Blocks": 0,
                          "Plans": [
                            {
                              "Node Type": "Bitmap Index Scan",
                              "Parent Relationship": "Outer",
                              "Parallel Aware": false,
                              "Index Name": "company_id_movie_companies",
                              "Startup Cost": 0.0,
                              "Total Cost": 8519.27,
                              "Plan Rows": 397712,
                              "Plan Width": 0,
                              "Actual Startup Time": 34.171,
                              "Actual Total Time": 34.171,
                              "Actual Rows": 402436,
                              "Actual Loops": 1,
                              "Index Cond": "(company_id > 81948)"
                            }
                          ]
                        }
                      ]
                    }
                  ]
                }
              ]
            }
          ]
        }
      ]
    },
    "Planning Time": 0.547,
    "Triggers": [],
    "Execution Time": 300.802
  }
]