[
  {
    "Plan": {
      "Node Type": "Aggregate",
      "Strategy": "Plain",
      "Partial Mode": "Finalize",
      "Parallel Aware": false,
      "Startup Cost": 99725.84,
      "Total Cost": 99725.85,
      "Plan Rows": 1,
      "Plan Width": 8,
      "Actual Startup Time": 614.877,
      "Actual Total Time": 632.866,
      "Actual Rows": 1,
      "Actual Loops": 1,
      "Plans": [
        {
          "Node Type": "Gather",
          "Parent Relationship": "Outer",
          "Parallel Aware": false,
          "Startup Cost": 99725.63,
          "Total Cost": 99725.84,
          "Plan Rows": 2,
          "Plan Width": 8,
          "Actual Startup Time": 608.104,
          "Actual Total Time": 632.858,
          "Actual Rows": 3,
          "Actual Loops": 1,
          "Workers Planned": 2,
          "Workers Launched": 2,
          "Single Copy": false,
          "Plans": [
            {
              "Node Type": "Aggregate",
              "Strategy": "Plain",
              "Partial Mode": "Partial",
              "Parent Relationship": "Outer",
              "Parallel Aware": false,
              "Startup Cost": 98725.63,
              "Total Cost": 98725.64,
              "Plan Rows": 1,
              "Plan Width": 8,
              "Actual Startup Time": 601.731,
              "Actual Total Time": 602.059,
              "Actual Rows": 1,
              "Actual Loops": 3,
              "Plans": [
                {
                  "Node Type": "Hash Join",
                  "Parent Relationship": "Outer",
                  "Parallel Aware": true,
                  "Join Type": "Inner",
                  "Startup Cost": 82078.73,
                  "Total Cost": 98373.95,
                  "Plan Rows": 140670,
                  "Plan Width": 0,
                  "Actual Startup Time": 501.498,
                  "Actual Total Time": 597.415,
                  "Actual Rows": 114865,
                  "Actual Loops": 3,
                  "Inner Unique": false,
                  "Hash Cond": "(mi_idx.movie_id = t.id)",
                  "Plans": [
                    {
                      "Node Type": "Seq Scan",
                      "Parent Relationship": "Outer",
                      "Parallel Aware": true,
                      "Relation Name": "movie_info_idx",
                      "Alias": "mi_idx",
                      "Startup Cost": 0.0,
                      "Total Cost": 13685.15,
                      "Plan Rows": 575015,
                      "Plan Width": 4,
                      "Actual Startup Time": 0.015,
                      "Actual Total Time": 37.398,
                      "Actual Rows": 460012,
                      "Actual Loops": 3
                    },
                    {
                      "Node Type": "Hash",
                      "Parent Relationship": "Inner",
                      "Parallel Aware": true,
                      "Startup Cost": 79584.59,
                      "Total Cost": 79584.59,
                      "Plan Rows": 199531,
                      "Plan Width": 8,
                      "Actual Startup Time": 495.297,
                      "Actual Total Time": 495.623,
                      "Actual Rows": 101062,
                      "Actual Loops": 3,
                      "Hash Buckets": 1048576,
                      "Original Hash Buckets": 1048576,
                      "Hash Batches": 1,
                      "Original Hash Batches": 1,
                      "Peak Memory Usage": 20128,
                      "Plans": [
                        {
                          "Node Type": "Hash Join",
                          "Parent Relationship": "Outer",
                          "Parallel Aware": true,
                          "Join Type": "Inner",
                          "Startup Cost": 49144.79,
                          "Total Cost": 79584.59,
                          "Plan Rows": 199531,
                          "Plan Width": 8,
                          "Actual Startup Time": 309.348,
                          "Actual Total Time": 462.515,
                          "Actual Rows": 101062,
                          "Actual Loops": 3,
                          "Inner Unique": true,
                          "Hash Cond": "(mc.movie_id = t.id)",
                          "Plans": [
                            {
                              "Node Type": "Seq Scan",
                              "Parent Relationship": "Outer",
                              "Parallel Aware": true,
                              "Relation Name": "movie_companies",
                              "Alias": "mc",
                              "Startup Cost": 0.0,
                              "Total Cost": 29310.68,
                              "Plan Rows": 430142,
                              "Plan Width": 4,
                              "Actual Startup Time": 37.656,
                              "Actual Total Time": 84.407,
                              "Actual Rows": 444961,
                              "Actual Loops": 3,
                              "Filter": "(company_type_id > 1)",
                              "Rows Removed by Filter": 424749
                            },
                            {
                              "Node Type": "Hash",
                              "Parent Relationship": "Inner",
                              "Parallel Aware": true,
                              "Startup Cost": 45479.59,
                              "Total Cost": 45479.59,
                              "Plan Rows": 293216,
                              "Plan Width": 4,
                              "Actual Startup Time": 265.169,
                              "Actual Total Time": 265.17,
                              "Actual Rows": 376302,
                              "Actual Loops": 3,
                              "Hash Buckets": 2097152,
                              "Original Hash Buckets": 2097152,
                              "Hash Batches": 1,
                              "Original Hash Batches": 1,
                              "Peak Memory Usage": 60608,
                              "Plans": [
                                {
                                  "Node Type": "Seq Scan",
                                  "Parent Relationship": "Outer",
                                  "Parallel Aware": true,
                                  "Relation Name": "title",
                                  "Alias": "t",
                                  "Startup Cost": 0.0,
                                  "Total Cost": 45479.59,
                                  "Plan Rows": 293216,
                                  "Plan Width": 4,
                                  "Actual Startup Time": 0.03,
                                  "Actual Total Time": 133.202,
                                  "Actual Rows": 376302,
                                  "Actual Loops": 3,
                                  "Filter": "((production_year < 2010) AND (kind_id = 7))",
                                  "Rows Removed by Filter": 466469
                                }
                              ]
                            }
                          ]
                        }
                      ]
                    }
                  ]
                }
              ]
            }
          ]
        }
      ]
    },
    "Planning Time": 1.428,
    "Triggers": [],
    "Execution Time": 632.949
  }
]