[
  {
    "Plan": {
      "Node Type": "Aggregate",
      "Strategy": "Plain",
      "Partial Mode": "Finalize",
      "Parallel Aware": false,
      "Startup Cost": 331664.33,
      "Total Cost": 331664.34,
      "Plan Rows": 1,
      "Plan Width": 8,
      "Actual Startup Time": 763.744,
      "Actual Total Time": 825.373,
      "Actual Rows": 1,
      "Actual Loops": 1,
      "Plans": [
        {
          "Node Type": "Gather",
          "Parent Relationship": "Outer",
          "Parallel Aware": false,
          "Startup Cost": 331663.71,
          "Total Cost": 331664.32,
          "Plan Rows": 6,
          "Plan Width": 8,
          "Actual Startup Time": 763.443,
          "Actual Total Time": 825.362,
          "Actual Rows": 7,
          "Actual Loops": 1,
          "Workers Planned": 6,
          "Workers Launched": 6,
          "Single Copy": false,
          "Plans": [
            {
              "Node Type": "Aggregate",
              "Strategy": "Plain",
              "Partial Mode": "Partial",
              "Parent Relationship": "Outer",
              "Parallel Aware": false,
              "Startup Cost": 330663.71,
              "Total Cost": 330663.72,
              "Plan Rows": 1,
              "Plan Width": 8,
              "Actual Startup Time": 755.935,
              "Actual Total Time": 755.937,
              "Actual Rows": 1,
              "Actual Loops": 7,
              "Plans": [
                {
                  "Node Type": "Seq Scan",
                  "Parent Relationship": "Outer",
                  "Parallel Aware": true,
                  "Relation Name": "cast_info",
                  "Alias": "ci",
                  "Startup Cost": 0.0,
                  "Total Cost": 328211.39,
                  "Plan Rows": 980926,
                  "Plan Width": 0,
                  "Actual Startup Time": 0.046,
                  "Actual Total Time": 703.573,
                  "Actual Rows": 870425,
                  "Actual Loops": 7,
                  "Filter": "(person_id < 587940)",
                  "Rows Removed by Filter": 4307338
                }
              ]
            }
          ]
        }
      ]
    },
    "Planning Time": 0.213,
    "Triggers": [],
    "Execution Time": 825.445
  }
]