[
  {
    "Plan": {
      "Node Type": "Aggregate",
      "Strategy": "Plain",
      "Partial Mode": "Finalize",
      "Parallel Aware": false,
      "Startup Cost": 331628.33,
      "Total Cost": 331628.34,
      "Plan Rows": 1,
      "Plan Width": 8,
      "Actual Startup Time": 647.25,
      "Actual Total Time": 707.04,
      "Actual Rows": 1,
      "Actual Loops": 1,
      "Plans": [
        {
          "Node Type": "Gather",
          "Parent Relationship": "Outer",
          "Parallel Aware": false,
          "Startup Cost": 331627.7,
          "Total Cost": 331628.31,
          "Plan Rows": 6,
          "Plan Width": 8,
          "Actual Startup Time": 647.128,
          "Actual Total Time": 707.029,
          "Actual Rows": 7,
          "Actual Loops": 1,
          "Workers Planned": 6,
          "Workers Launched": 6,
          "Single Copy": false,
          "Plans": [
            {
              "Node Type": "Aggregate",
              "Strategy": "Plain",
              "Partial Mode": "Partial",
              "Parent Relationship": "Outer",
              "Parallel Aware": false,
              "Startup Cost": 330627.7,
              "Total Cost": 330627.71,
              "Plan Rows": 1,
              "Plan Width": 8,
              "Actual Startup Time": 638.431,
              "Actual Total Time": 638.433,
              "Actual Rows": 1,
              "Actual Loops": 7,
              "Plans": [
                {
                  "Node Type": "Seq Scan",
                  "Parent Relationship": "Outer",
                  "Parallel Aware": true,
                  "Relation Name": "cast_info",
                  "Alias": "ci",
                  "Startup Cost": 0.0,
                  "Total Cost": 328162.03,
                  "Plan Rows": 986270,
                  "Plan Width": 0,
                  "Actual Startup Time": 0.045,
                  "Actual Total Time": 592.847,
                  "Actual Rows": 870425,
                  "Actual Loops": 7,
                  "Filter": "(person_id < 587940)",
                  "Rows Removed by Filter": 4307338
                }
              ]
            }
          ]
        }
      ]
    },
    "Planning Time": 0.21,
    "Triggers": [],
    "Execution Time": 707.115
  }
]