[
  {
    "Plan": {
      "Node Type": "Aggregate",
      "Strategy": "Plain",
      "Partial Mode": "Finalize",
      "Parallel Aware": false,
      "Startup Cost": 346393.43,
      "Total Cost": 346393.44,
      "Plan Rows": 1,
      "Plan Width": 64,
      "Actual Startup Time": 3795.894,
      "Actual Total Time": 3840.03,
      "Actual Rows": 1,
      "Actual Loops": 1,
      "Plans": [
        {
          "Node Type": "Gather",
          "Parent Relationship": "Outer",
          "Parallel Aware": false,
          "Startup Cost": 346393.11,
          "Total Cost": 346393.42,
          "Plan Rows": 3,
          "Plan Width": 64,
          "Actual Startup Time": 3795.52,
          "Actual Total Time": 3840.01,
          "Actual Rows": 4,
          "Actual Loops": 1,
          "Workers Planned": 3,
          "Workers Launched": 3,
          "Single Copy": false,
          "Plans": [
            {
              "Node Type": "Aggregate",
              "Strategy": "Plain",
              "Partial Mode": "Partial",
              "Parent Relationship": "Outer",
              "Parallel Aware": false,
              "Startup Cost": 345393.11,
              "Total Cost": 345393.12,
              "Plan Rows": 1,
              "Plan Width": 64,
              "Actual Startup Time": 3750.829,
              "Actual Total Time": 3750.842,
              "Actual Rows": 1,
              "Actual Loops": 4,
              "Plans": [
                {
                  "Node Type": "Merge Join",
                  "Parent Relationship": "Outer",
                  "Parallel Aware": false,
                  "Join Type": "Inner",
                  "Startup Cost": 345318.15,
                  "Total Cost": 345393.1,
                  "Plan Rows": 2,
                  "Plan Width": 23,
                  "Actual Startup Time": 3599.548,
                  "Actual Total Time": 3750.703,
                  "Actual Rows": 1175,
                  "Actual Loops": 4,
                  "Inner Unique": true,
                  "Merge Cond": "(mk.keyword_id = k.id)",
                  "Plans": [
                    {
                      "Node Type": "Sort",
                      "Parent Relationship": "Outer",
                      "Parallel Aware": false,
                      "Startup Cost": 342691.58,
                      "Total Cost": 342729.12,
                      "Plan Rows": 15016,
                      "Plan Width": 27,
                      "Actual Startup Time": 3552.155,
                      "Actual Total Time": 3675.199,
                      "Actual Rows": 502393,
                      "Actual Loops": 4,
                      "Sort Key": [
                        "mk.keyword_id"
                      ],
                      "Sort Method": "quicksort",
                      "Sort Space Used": 69892,
                      "Sort Space Type": "Memory",
                      "Workers": [
                        {
                          "Worker Number": 0,
                          "Sort Method": "quicksort",
                          "Sort Space Used": 44554,
                          "Sort Space Type": "Memory"
                        },
                        {
                          "Worker Number": 1,
                          "Sort Method": "quicksort",
                          "Sort Space Used": 45781,
                          "Sort Space Type": "Memory"
                        },
                        {
                          "Worker Number": 2,
                          "Sort Method": "quicksort",
                          "Sort Space Used": 67758,
                          "Sort Space Type": "Memory"
                        }
                      ],
                      "Plans": [
                        {
                          "Node Type": "Merge Join",
                          "Parent Relationship": "Outer",
                          "Parallel Aware": false,
                          "Join Type": "Inner",
                          "Startup Cost": 70120.18,
                          "Total Cost": 341649.9,
                          "Plan Rows": 15016,
                          "Plan Width": 27,
                          "Actual Startup Time": 495.362,
                          "Actual Total Time": 3350.079,
                          "Actual Rows": 503173,
                          "Actual Loops": 4,
                          "Inner Unique": true,
                          "Merge Cond": "(mi_idx.movie_id = t.id)",
                          "Plans": [
                            {
                              "Node Type": "Merge Join",
                              "Parent Relationship": "Outer",
                              "Parallel Aware": false,
                              "Join Type": "Inner",
                              "Startup Cost": 70119.75,
                              "Total Cost": 220567.67,
                              "Plan Rows": 21914,
                              "Plan Width": 18,
                              "Actual Startup Time": 490.876,
                              "Actual Total Time": 1116.15,
                              "Actual Rows": 858980,
                              "Actual Loops": 4,
                              "Inner Unique": false,
                              "Merge Cond": "(mk.movie_id = mi_idx.movie_id)",
                              "Plans": [
                                {
                                  "Node Type": "Index Scan",
                                  "Parent Relationship": "Outer",
                                  "Parallel Aware": true,
                                  "Scan Direction": "Forward",
                                  "Index Name": "movie_id_movie_keyword",
                                  "Relation Name": "movie_keyword",
                                  "Alias": "mk",
                                  "Startup Cost": 0.43,
                                  "Total Cost": 146510.84,
                                  "Plan Rows": 1459332,
                                  "Plan Width": 8,
                                  "Actual Startup Time": 0.148,
                                  "Actual Total Time": 346.24,
                                  "Actual Rows": 1130981,
                                  "Actual Loops": 4
                                },
                                {
                                  "Node Type": "Sort",
                                  "Parent Relationship": "Inner",
                                  "Parallel Aware": false,
                                  "Startup Cost": 70119.31,
                                  "Total Cost": 70137.12,
                                  "Plan Rows": 7123,
                                  "Plan Width": 10,
                                  "Actual Startup Time": 490.679,
                                  "Actual Total Time": 550.363,
                                  "Actual Rows": 1249987,
                                  "Actual Loops": 4,
                                  "Sort Key": [
                                    "mi_idx.movie_id"
                                  ],
                                  "Sort Method": "quicksort",
                                  "Sort Space Used": 33334,
                                  "Sort Space Type": "Memory",
                                  "Workers": [
                                    {
                                      "Worker Number": 0,
                                      "Sort Method": "quicksort",
                                      "Sort Space Used": 33334,
                                      "Sort Space Type": "Memory"
                                    },
                                    {
                                      "Worker Number": 1,
                                      "Sort Method": "quicksort",
                                      "Sort Space Used": 33334,
                                      "Sort Space Type": "Memory"
                                    },
                                    {
                                      "Worker Number": 2,
                                      "Sort Method": "quicksort",
                                      "Sort Space Used": 33334,
                                      "Sort Space Type": "Memory"
                                    }
                                  ],
                                  "Plans": [
                                    {
                                      "Node Type": "Merge Join",
                                      "Parent Relationship": "Outer",
                                      "Parallel Aware": false,
                                      "Join Type": "Inner",
                                      "Startup Cost": 2.86,
                                      "Total Cost": 69663.5,
                                      "Plan Rows": 7123,
                                      "Plan Width": 10,
                                      "Actual Startup Time": 239.091,
                                      "Actual Total Time": 382.283,
                                      "Actual Rows": 448969,
                                      "Actual Loops": 4,
                                      "Inner Unique": true,
                                      "Merge Cond": "(mi_idx.info_type_id = it.id)",
                                      "Plans": [
                                        {
                                          "Node Type": "Index Scan",
                                          "Parent Relationship": "Outer",
                                          "Parallel Aware": false,
                                          "Scan Direction": "Forward",
                                          "Index Name": "info_type_id_movie_info_idx",
                                          "Relation Name": "movie_info_idx",
                                          "Alias": "mi_idx",
                                          "Startup Cost": 0.43,
                                          "Total Cost": 67577.66,
                                          "Plan Rows": 804871,
                                          "Plan Width": 14,
                                          "Actual Startup Time": 0.194,
                                          "Actual Total Time": 320.287,
                                          "Actual Rows": 806221,
                                          "Actual Loops": 4,
                                          "Filter": "(info > '2.0'::text)",
                                          "Rows Removed by Filter": 573557
                                        },
                                        {
                                          "Node Type": "Sort",
                                          "Parent Relationship": "Inner",
                                          "Parallel Aware": false,
                                          "Startup Cost": 2.42,
                                          "Total Cost": 2.43,
                                          "Plan Rows": 1,
                                          "Plan Width": 4,
                                          "Actual Startup Time": 0.097,
                                          "Actual Total Time": 0.1,
                                          "Actual Rows": 1,
                                          "Actual Loops": 4,
                                          "Sort Key": [
                                            "it.id"
                                          ],
                                          "Sort Method": "quicksort",
                                          "Sort Space Used": 25,
                                          "Sort Space Type": "Memory",
                                          "Workers": [
                                            {
                                              "Worker Number": 0,
                                              "Sort Method": "quicksort",
                                              "Sort Space Used": 25,
                                              "Sort Space Type": "Memory"
                                            },
                                            {
                                              "Worker Number": 1,
                                              "Sort Method": "quicksort",
                                              "Sort Space Used": 25,
                                              "Sort Space Type": "Memory"
                                            },
                                            {
                                              "Worker Number": 2,
                                              "Sort Method": "quicksort",
                                              "Sort Space Used": 25,
                                              "Sort Space Type": "Memory"
                                            }
                                          ],
                                          "Plans": [
                                            {
                                              "Node Type": "Seq Scan",
                                              "Parent Relationship": "Outer",
                                              "Parallel Aware": false,
                                              "Relation Name": "info_type",
                                              "Alias": "it",
                                              "Startup Cost": 0.0,
                                              "Total Cost": 2.41,
                                              "Plan Rows": 1,
                                              "Plan Width": 4,
                                              "Actual Startup Time": 0.066,
                                              "Actual Total Time": 0.069,
                                              "Actual Rows": 1,
                                              "Actual Loops": 4,
                                              "Filter": "((info)::text = 'rating'::text)",
                                              "Rows Removed by Filter": 112
                                            }
                                          ]
                                        }
                                      ]
                                    }
                                  ]
                                }
                              ]
                            },
                            {
                              "Node Type": "Index Scan",
                              "Parent Relationship": "Inner",
                              "Parallel Aware": false,
                              "Scan Direction": "Forward",
                              "Index Name": "title_pkey",
                              "Relation Name": "title",
                              "Alias": "t",
                              "Startup Cost": 0.43,
                              "Total Cost": 116669.5,
                              "Plan Rows": 1732450,
                              "Plan Width": 21,
                              "Actual Startup Time": 0.05,
                              "Actual Total Time": 2071.067,
                              "Actual Rows": 1748362,
                              "Actual Loops": 4,
                              "Filter": "(production_year > 1990)",
                              "Rows Removed by Filter": 777238
                            }
                          ]
                        }
                      ]
                    },
                    {
                      "Node Type": "Sort",
                      "Parent Relationship": "Inner",
                      "Parallel Aware": false,
                      "Startup Cost": 2626.37,
                      "Total Cost": 2626.4,
                      "Plan Rows": 13,
                      "Plan Width": 4,
                      "Actual Startup Time": 27.015,
                      "Actual Total Time": 27.025,
                      "Actual Rows": 30,
                      "Actual Loops": 4,
                      "Sort Key": [
                        "k.id"
                      ],
                      "Sort Method": "quicksort",
                      "Sort Space Used": 26,
                      "Sort Space Type": "Memory",
                      "Workers": [
                        {
                          "Worker Number": 0,
                          "Sort Method": "quicksort",
                          "Sort Space Used": 26,
                          "Sort Space Type": "Memory"
                        },
                        {
                          "Worker Number": 1,
                          "Sort Method": "quicksort",
                          "Sort Space Used": 26,
                          "Sort Space Type": "Memory"
                        },
                        {
                          "Worker Number": 2,
                          "Sort Method": "quicksort",
                          "Sort Space Used": 26,
                          "Sort Space Type": "Memory"
                        }
                      ],
                      "Plans": [
                        {
                          "Node Type": "Seq Scan",
                          "Parent Relationship": "Outer",
                          "Parallel Aware": false,
                          "Relation Name": "keyword",
                          "Alias": "k",
                          "Startup Cost": 0.0,
                          "Total Cost": 2626.12,
                          "Plan Rows": 13,
                          "Plan Width": 4,
                          "Actual Startup Time": 1.56,
                          "Actual Total Time": 26.953,
                          "Actual Rows": 30,
                          "Actual Loops": 4,
                          "Filter": "(keyword ~~ '%sequel%'::text)",
                          "Rows Removed by Filter": 134140
                        }
                      ]
                    }
                  ]
                }
              ]
            }
          ]
        }
      ]
    },
    "Planning Time": 2.328,
    "Triggers": [],
    "Execution Time": 3854.682
  }
]