[
  {
    "Plan": {
      "Node Type": "Aggregate",
      "Strategy": "Plain",
      "Partial Mode": "Finalize",
      "Parallel Aware": false,
      "Startup Cost": 48329.03,
      "Total Cost": 48329.04,
      "Plan Rows": 1,
      "Plan Width": 8,
      "Actual Startup Time": 99.095,
      "Actual Total Time": 111.487,
      "Actual Rows": 1,
      "Actual Loops": 1,
      "Plans": [
        {
          "Node Type": "Gather",
          "Parent Relationship": "Outer",
          "Parallel Aware": false,
          "Startup Cost": 48328.61,
          "Total Cost": 48329.02,
          "Plan Rows": 4,
          "Plan Width": 8,
          "Actual Startup Time": 98.978,
          "Actual Total Time": 111.479,
          "Actual Rows": 5,
          "Actual Loops": 1,
          "Workers Planned": 4,
          "Workers Launched": 4,
          "Single Copy": false,
          "Plans": [
            {
              "Node Type": "Aggregate",
              "Strategy": "Plain",
              "Partial Mode": "Partial",
              "Parent Relationship": "Outer",
              "Parallel Aware": false,
              "Startup Cost": 47328.61,
              "Total Cost": 47328.62,
              "Plan Rows": 1,
              "Plan Width": 8,
              "Actual Startup Time": 89.062,
              "Actual Total Time": 89.064,
              "Actual Rows": 1,
              "Actual Loops": 5,
              "Plans": [
                {
                  "Node Type": "Nested Loop",
                  "Parent Relationship": "Outer",
                  "Parallel Aware": false,
                  "Join Type": "Inner",
                  "Startup Cost": 0.43,
                  "Total Cost": 47328.4,
                  "Plan Rows": 81,
                  "Plan Width": 0,
                  "Actual Startup Time": 60.468,
                  "Actual Total Time": 89.029,
                  "Actual Rows": 176,
                  "Actual Loops": 5,
                  "Inner Unique": false,
                  "Plans": [
                    {
                      "Node Type": "Seq Scan",
                      "Parent Relationship": "Outer",
                      "Parallel Aware": true,
                      "Relation Name": "title",
                      "Alias": "t",
                      "Startup Cost": 0.0,
                      "Total Cost": 43898.92,
                      "Plan Rows": 452,
                      "Plan Width": 4,
                      "Actual Startup Time": 60.286,
                      "Actual Total Time": 84.5,
                      "Actual Rows": 513,
                      "Actual Loops": 5,
                      "Filter": "(production_year = 1932)",
                      "Rows Removed by Filter": 505149
                    },
                    {
                      "Node Type": "Index Scan",
                      "Parent Relationship": "Inner",
                      "Parallel Aware": false,
                      "Scan Direction": "Forward",
                      "Index Name": "movie_id_movie_info_idx",
                      "Relation Name": "movie_info_idx",
                      "Alias": "mi_idx",
                      "Startup Cost": 0.43,
                      "Total Cost": 7.58,
                      "Plan Rows": 1,
                      "Plan Width": 4,
                      "Actual Startup Time": 0.008,
                      "Actual Total Time": 0.008,
                      "Actual Rows": 0,
                      "Actual Loops": 2567,
                      "Index Cond": "(movie_id = t.id)",
                      "Rows Removed by Index Recheck": 0,
                      "Filter": "(info_type_id = 99)",
                      "Rows Removed by Filter": 1
                    }
                  ]
                }
              ]
            }
          ]
        }
      ]
    },
    "Planning Time": 0.603,
    "Triggers": [],
    "Execution Time": 111.554
  }
]