{
  "Plan": {
    "Node Type": "Aggregate",
    "Strategy": "Plain",
    "Partial Mode": "Finalize",
    "Parallel Aware": false,
    "Startup Cost": 212032.92,
    "Total Cost": 212032.93,
    "Plan Rows": 1,
    "Plan Width": 8,
    "Actual Startup Time": 449.218,
    "Actual Total Time": 466.727,
    "Actual Rows": 1,
    "Actual Loops": 1,
    "Plans": [
      {
        "Node Type": "Gather",
        "Parent Relationship": "Outer",
        "Parallel Aware": false,
        "Startup Cost": 212032.81,
        "Total Cost": 212032.92,
        "Plan Rows": 1,
        "Plan Width": 8,
        "Actual Startup Time": 448.949,
        "Actual Total Time": 466.719,
        "Actual Rows": 2,
        "Actual Loops": 1,
        "Workers Planned": 1,
        "Workers Launched": 1,
        "Single Copy": false,
        "Plans": [
          {
            "Node Type": "Aggregate",
            "Strategy": "Plain",
            "Partial Mode": "Partial",
            "Parent Relationship": "Outer",
            "Parallel Aware": false,
            "Startup Cost": 211032.81,
            "Total Cost": 211032.82,
            "Plan Rows": 1,
            "Plan Width": 8,
            "Actual Startup Time": 443.25,
            "Actual Total Time": 443.254,
            "Actual Rows": 1,
            "Actual Loops": 2,
            "Plans": [
              {
                "Node Type": "Nested Loop",
                "Parent Relationship": "Outer",
                "Parallel Aware": false,
                "Join Type": "Inner",
                "Startup Cost": 58389.58,
                "Total Cost": 211032.75,
                "Plan Rows": 26,
                "Plan Width": 0,
                "Actual Startup Time": 143.901,
                "Actual Total Time": 443.238,
                "Actual Rows": 89,
                "Actual Loops": 2,
                "Inner Unique": false,
                "Join Filter": "(t.id = mi.movie_id)",
                "Rows Removed by Join Filter": 0,
                "Plans": [
                  {
                    "Node Type": "Hash Join",
                    "Parent Relationship": "Outer",
                    "Parallel Aware": true,
                    "Join Type": "Inner",
                    "Startup Cost": 58389.15,
                    "Total Cost": 208934.31,
                    "Plan Rows": 105,
                    "Plan Width": 8,
                    "Actual Startup Time": 143.656,
                    "Actual Total Time": 442.164,
                    "Actual Rows": 56,
                    "Actual Loops": 2,
                    "Inner Unique": true,
                    "Hash Cond": "(ci.movie_id = t.id)",
                    "Plans": [
                      {
                        "Node Type": "Index Scan",
                        "Parent Relationship": "Outer",
                        "Parallel Aware": true,
                        "Scan Direction": "Forward",
                        "Index Name": "role_id_cast_info",
                        "Relation Name": "cast_info",
                        "Alias": "ci",
                        "Startup Cost": 0.56,
                        "Total Cost": 150483.06,
                        "Plan Rows": 23876,
                        "Plan Width": 4,
                        "Actual Startup Time": 0.128,
                        "Actual Total Time": 297.771,
                        "Actual Rows": 6016,
                        "Actual Loops": 2,
                        "Index Cond": "(role_id > 9)",
                        "Rows Removed by Index Recheck": 0,
                        "Filter": "(person_id < 36114)",
                        "Rows Removed by Filter": 2313552
                      },
                      {
                        "Node Type": "Hash",
                        "Parent Relationship": "Inner",
                        "Parallel Aware": true,
                        "Startup Cost": 58306.47,
                        "Total Cost": 58306.47,
                        "Plan Rows": 6569,
                        "Plan Width": 4,
                        "Actual Startup Time": 142.174,
                        "Actual Total Time": 142.175,
                        "Actual Rows": 5998,
                        "Actual Loops": 2,
                        "Hash Buckets": 16384,
                        "Original Hash Buckets": 16384,
                        "Hash Batches": 1,
                        "Original Hash Batches": 1,
                        "Peak Memory Usage": 608,
                        "Plans": [
                          {
                            "Node Type": "Seq Scan",
                            "Parent Relationship": "Outer",
                            "Parallel Aware": true,
                            "Relation Name": "title",
                            "Alias": "t",
                            "Startup Cost": 0.0,
                            "Total Cost": 58306.47,
                            "Plan Rows": 6569,
                            "Plan Width": 4,
                            "Actual Startup Time": 0.203,
                            "Actual Total Time": 139.637,
                            "Actual Rows": 5998,
                            "Actual Loops": 2,
                            "Filter": "((kind_id = 7) AND (production_year = 1987))",
                            "Rows Removed by Filter": 1258158
                          }
                        ]
                      }
                    ]
                  },
                  {
                    "Node Type": "Index Scan",
                    "Parent Relationship": "Inner",
                    "Parallel Aware": false,
                    "Scan Direction": "Forward",
                    "Index Name": "movie_id_movie_info",
                    "Relation Name": "movie_info",
                    "Alias": "mi",
                    "Startup Cost": 0.43,
                    "Total Cost": 19.96,
                    "Plan Rows": 2,
                    "Plan Width": 4,
                    "Actual Startup Time": 0.016,
                    "Actual Total Time": 0.018,
                    "Actual Rows": 2,
                    "Actual Loops": 113,
                    "Index Cond": "(movie_id = ci.movie_id)",
                    "Rows Removed by Index Recheck": 0,
                    "Filter": "(info_type_id = 15)",
                    "Rows Removed by Filter": 8
                  }
                ]
              }
            ]
          }
        ]
      }
    ]
  },
  "Planning Time": 0.885,
  "Triggers": [],
  "Execution Time": 466.805
}