[
  {
    "Plan": {
      "Node Type": "Aggregate",
      "Strategy": "Plain",
      "Partial Mode": "Finalize",
      "Parallel Aware": false,
      "Startup Cost": 201647.04,
      "Total Cost": 201647.05,
      "Plan Rows": 1,
      "Plan Width": 8,
      "Actual Startup Time": 247.414,
      "Actual Total Time": 261.928,
      "Actual Rows": 1,
      "Actual Loops": 1,
      "Plans": [
        {
          "Node Type": "Gather",
          "Parent Relationship": "Outer",
          "Parallel Aware": false,
          "Startup Cost": 201646.42,
          "Total Cost": 201647.03,
          "Plan Rows": 6,
          "Plan Width": 8,
          "Actual Startup Time": 247.342,
          "Actual Total Time": 261.921,
          "Actual Rows": 7,
          "Actual Loops": 1,
          "Workers Planned": 6,
          "Workers Launched": 6,
          "Single Copy": false,
          "Plans": [
            {
              "Node Type": "Aggregate",
              "Strategy": "Plain",
              "Partial Mode": "Partial",
              "Parent Relationship": "Outer",
              "Parallel Aware": false,
              "Startup Cost": 200646.42,
              "Total Cost": 200646.43,
              "Plan Rows": 1,
              "Plan Width": 8,
              "Actual Startup Time": 238.376,
              "Actual Total Time": 238.377,
              "Actual Rows": 1,
              "Actual Loops": 7,
              "Plans": [
                {
                  "Node Type": "Index Scan",
                  "Parent Relationship": "Outer",
                  "Parallel Aware": true,
                  "Scan Direction": "Forward",
                  "Index Name": "role_id_cast_info",
                  "Relation Name": "cast_info",
                  "Alias": "ci",
                  "Startup Cost": 0.56,
                  "Total Cost": 200313.69,
                  "Plan Rows": 133093,
                  "Plan Width": 0,
                  "Actual Startup Time": 0.192,
                  "Actual Total Time": 216.074,
                  "Actual Rows": 485719,
                  "Actual Loops": 7,
                  "Index Cond": "(role_id > 7)",
                  "Rows Removed by Index Recheck": 0,
                  "Filter": "(person_id > 3388648)",
                  "Rows Removed by Filter": 576600
                }
              ]
            }
          ]
        }
      ]
    },
    "Planning Time": 0.206,
    "Triggers": [],
    "Execution Time": 261.99
  }
]