{
  "Plan": {
    "Node Type": "Aggregate",
    "Strategy": "Plain",
    "Partial Mode": "Finalize",
    "Parallel Aware": false,
    "Startup Cost": 407861.43,
    "Total Cost": 407861.44,
    "Plan Rows": 1,
    "Plan Width": 8,
    "Actual Startup Time": 195.146,
    "Actual Total Time": 215.686,
    "Actual Rows": 1,
    "Actual Loops": 1,
    "Plans": [
      {
        "Node Type": "Gather",
        "Parent Relationship": "Outer",
        "Parallel Aware": false,
        "Startup Cost": 407861.32,
        "Total Cost": 407861.43,
        "Plan Rows": 1,
        "Plan Width": 8,
        "Actual Startup Time": 194.903,
        "Actual Total Time": 215.678,
        "Actual Rows": 2,
        "Actual Loops": 1,
        "Workers Planned": 1,
        "Workers Launched": 1,
        "Single Copy": false,
        "Plans": [
          {
            "Node Type": "Aggregate",
            "Strategy": "Plain",
            "Partial Mode": "Partial",
            "Parent Relationship": "Outer",
            "Parallel Aware": false,
            "Startup Cost": 406861.32,
            "Total Cost": 406861.33,
            "Plan Rows": 1,
            "Plan Width": 8,
            "Actual Startup Time": 192.025,
            "Actual Total Time": 192.027,
            "Actual Rows": 1,
            "Actual Loops": 2,
            "Plans": [
              {
                "Node Type": "Nested Loop",
                "Parent Relationship": "Outer",
                "Parallel Aware": false,
                "Join Type": "Inner",
                "Startup Cost": 0.56,
                "Total Cost": 406750.12,
                "Plan Rows": 44479,
                "Plan Width": 0,
                "Actual Startup Time": 0.178,
                "Actual Total Time": 190.381,
                "Actual Rows": 24732,
                "Actual Loops": 2,
                "Inner Unique": false,
                "Plans": [
                  {
                    "Node Type": "Seq Scan",
                    "Parent Relationship": "Outer",
                    "Parallel Aware": true,
                    "Relation Name": "title",
                    "Alias": "t",
                    "Startup Cost": 0.0,
                    "Total Cost": 58306.47,
                    "Plan Rows": 3104,
                    "Plan Width": 4,
                    "Actual Startup Time": 0.062,
                    "Actual Total Time": 129.892,
                    "Actual Rows": 2600,
                    "Actual Loops": 2,
                    "Filter": "((kind_id = 7) AND (production_year = 1956))",
                    "Rows Removed by Filter": 1261556
                  },
                  {
                    "Node Type": "Index Only Scan",
                    "Parent Relationship": "Inner",
                    "Parallel Aware": false,
                    "Scan Direction": "Forward",
                    "Index Name": "movie_id_cast_info",
                    "Relation Name": "cast_info",
                    "Alias": "ci",
                    "Startup Cost": 0.56,
                    "Total Cost": 111.89,
                    "Plan Rows": 37,
                    "Plan Width": 4,
                    "Actual Startup Time": 0.007,
                    "Actual Total Time": 0.022,
                    "Actual Rows": 10,
                    "Actual Loops": 5201,
                    "Index Cond": "(movie_id = t.id)",
                    "Rows Removed by Index Recheck": 0,
                    "Heap Fetches": 49464
                  }
                ]
              }
            ]
          }
        ]
      }
    ]
  },
  "Planning Time": 0.291,
  "Triggers": [],
  "Execution Time": 215.74
}