[
  {
    "Plan": {
      "Node Type": "Aggregate",
      "Strategy": "Plain",
      "Partial Mode": "Finalize",
      "Parallel Aware": false,
      "Startup Cost": 120623.98,
      "Total Cost": 120623.99,
      "Plan Rows": 1,
      "Plan Width": 8,
      "Actual Startup Time": 234.587,
      "Actual Total Time": 244.939,
      "Actual Rows": 1,
      "Actual Loops": 1,
      "Plans": [
        {
          "Node Type": "Gather",
          "Parent Relationship": "Outer",
          "Parallel Aware": false,
          "Startup Cost": 120623.46,
          "Total Cost": 120623.97,
          "Plan Rows": 5,
          "Plan Width": 8,
          "Actual Startup Time": 234.562,
          "Actual Total Time": 244.931,
          "Actual Rows": 6,
          "Actual Loops": 1,
          "Workers Planned": 5,
          "Workers Launched": 5,
          "Single Copy": false,
          "Plans": [
            {
              "Node Type": "Aggregate",
              "Strategy": "Plain",
              "Partial Mode": "Partial",
              "Parent Relationship": "Outer",
              "Parallel Aware": false,
              "Startup Cost": 119623.46,
              "Total Cost": 119623.47,
              "Plan Rows": 1,
              "Plan Width": 8,
              "Actual Startup Time": 226.562,
              "Actual Total Time": 226.563,
              "Actual Rows": 1,
              "Actual Loops": 6,
              "Plans": [
                {
                  "Node Type": "Index Only Scan",
                  "Parent Relationship": "Outer",
                  "Parallel Aware": true,
                  "Scan Direction": "Forward",
                  "Index Name": "role_id_cast_info",
                  "Relation Name": "cast_info",
                  "Alias": "ci",
                  "Startup Cost": 0.56,
                  "Total Cost": 117431.66,
                  "Plan Rows": 876718,
                  "Plan Width": 0,
                  "Actual Startup Time": 0.187,
                  "Actual Total Time": 187.825,
                  "Actual Rows": 720503,
                  "Actual Loops": 6,
                  "Index Cond": "(role_id = 10)",
                  "Rows Removed by Index Recheck": 0,
                  "Heap Fetches": 4323018
                }
              ]
            }
          ]
        }
      ]
    },
    "Planning Time": 0.162,
    "Triggers": [],
    "Execution Time": 244.997
  }
]