[
  {
    "Plan": {
      "Node Type": "Aggregate",
      "Strategy": "Plain",
      "Partial Mode": "Finalize",
      "Parallel Aware": false,
      "Startup Cost": 347532.27,
      "Total Cost": 347532.28,
      "Plan Rows": 1,
      "Plan Width": 8,
      "Actual Startup Time": 406.867,
      "Actual Total Time": 424.405,
      "Actual Rows": 1,
      "Actual Loops": 1,
      "Plans": [
        {
          "Node Type": "Gather",
          "Parent Relationship": "Outer",
          "Parallel Aware": false,
          "Startup Cost": 347531.64,
          "Total Cost": 347532.25,
          "Plan Rows": 6,
          "Plan Width": 8,
          "Actual Startup Time": 406.74,
          "Actual Total Time": 424.395,
          "Actual Rows": 7,
          "Actual Loops": 1,
          "Workers Planned": 6,
          "Workers Launched": 6,
          "Single Copy": false,
          "Plans": [
            {
              "Node Type": "Aggregate",
              "Strategy": "Plain",
              "Partial Mode": "Partial",
              "Parent Relationship": "Outer",
              "Parallel Aware": false,
              "Startup Cost": 346531.64,
              "Total Cost": 346531.65,
              "Plan Rows": 1,
              "Plan Width": 8,
              "Actual Startup Time": 401.567,
              "Actual Total Time": 401.568,
              "Actual Rows": 1,
              "Actual Loops": 7,
              "Plans": [
                {
                  "Node Type": "Index Scan",
                  "Parent Relationship": "Outer",
                  "Parallel Aware": true,
                  "Scan Direction": "Forward",
                  "Index Name": "role_id_cast_info",
                  "Relation Name": "cast_info",
                  "Alias": "ci",
                  "Startup Cost": 0.56,
                  "Total Cost": 342814.42,
                  "Plan Rows": 1486887,
                  "Plan Width": 0,
                  "Actual Startup Time": 239.295,
                  "Actual Total Time": 370.459,
                  "Actual Rows": 685315,
                  "Actual Loops": 7,
                  "Index Cond": "(role_id = 1)",
                  "Rows Removed by Index Recheck": 0,
                  "Filter": "(person_id > 1074450)",
                  "Rows Removed by Filter": 1124783
                }
              ]
            }
          ]
        }
      ]
    },
    "Planning Time": 0.077,
    "Triggers": [],
    "Execution Time": 424.441
  }
]