[
  {
    "Plan": {
      "Node Type": "Aggregate",
      "Strategy": "Plain",
      "Partial Mode": "Finalize",
      "Parallel Aware": false,
      "Startup Cost": 31976.85,
      "Total Cost": 31976.86,
      "Plan Rows": 1,
      "Plan Width": 8,
      "Actual Startup Time": 114.41,
      "Actual Total Time": 120.06,
      "Actual Rows": 1,
      "Actual Loops": 1,
      "Plans": [
        {
          "Node Type": "Gather",
          "Parent Relationship": "Outer",
          "Parallel Aware": false,
          "Startup Cost": 31976.53,
          "Total Cost": 31976.84,
          "Plan Rows": 3,
          "Plan Width": 8,
          "Actual Startup Time": 114.133,
          "Actual Total Time": 120.052,
          "Actual Rows": 4,
          "Actual Loops": 1,
          "Workers Planned": 3,
          "Workers Launched": 3,
          "Single Copy": false,
          "Plans": [
            {
              "Node Type": "Aggregate",
              "Strategy": "Plain",
              "Partial Mode": "Partial",
              "Parent Relationship": "Outer",
              "Parallel Aware": false,
              "Startup Cost": 30976.53,
              "Total Cost": 30976.54,
              "Plan Rows": 1,
              "Plan Width": 8,
              "Actual Startup Time": 107.603,
              "Actual Total Time": 107.604,
              "Actual Rows": 1,
              "Actual Loops": 4,
              "Plans": [
                {
                  "Node Type": "Seq Scan",
                  "Parent Relationship": "Outer",
                  "Parallel Aware": true,
                  "Relation Name": "movie_companies",
                  "Alias": "mc",
                  "Startup Cost": 0.0,
                  "Total Cost": 29310.68,
                  "Plan Rows": 666340,
                  "Plan Width": 0,
                  "Actual Startup Time": 0.037,
                  "Actual Total Time": 81.338,
                  "Actual Rows": 513024,
                  "Actual Loops": 4,
                  "Filter": "(company_id < 71720)",
                  "Rows Removed by Filter": 139258
                }
              ]
            }
          ]
        }
      ]
    },
    "Planning Time": 0.191,
    "Triggers": [],
    "Execution Time": 120.111
  }
]