[
    {
        "Bao": {
            "Bao prediction": "NaN",
            "Bao recommended hint": "(no hint)"
        }
    },
    {
        "Plan": {
            "Node Type": "Aggregate",
            "Strategy": "Plain",
            "Partial Mode": "Finalize",
            "Parallel Aware": false,
            "Startup Cost": 164735.53,
            "Total Cost": 164735.54,
            "Plan Rows": 1,
            "Plan Width": 8,
            "Actual Startup Time": 534.722,
            "Actual Total Time": 566.597,
            "Actual Rows": 1,
            "Actual Loops": 1,
            "Output": [
                "count(*)"
            ],
            "Plans": [
                {
                    "Node Type": "Gather",
                    "Parent Relationship": "Outer",
                    "Parallel Aware": false,
                    "Startup Cost": 164735.01,
                    "Total Cost": 164735.52,
                    "Plan Rows": 5,
                    "Plan Width": 8,
                    "Actual Startup Time": 534.215,
                    "Actual Total Time": 566.586,
                    "Actual Rows": 6,
                    "Actual Loops": 1,
                    "Output": [
                        "(PARTIAL count(*))"
                    ],
                    "Workers Planned": 5,
                    "Workers Launched": 5,
                    "Single Copy": false,
                    "Plans": [
                        {
                            "Node Type": "Aggregate",
                            "Strategy": "Plain",
                            "Partial Mode": "Partial",
                            "Parent Relationship": "Outer",
                            "Parallel Aware": false,
                            "Startup Cost": 163735.01,
                            "Total Cost": 163735.02,
                            "Plan Rows": 1,
                            "Plan Width": 8,
                            "Actual Startup Time": 523.476,
                            "Actual Total Time": 523.479,
                            "Actual Rows": 1,
                            "Actual Loops": 6,
                            "Output": [
                                "PARTIAL count(*)"
                            ],
                            "Workers": [
                                {
                                    "Worker Number": 0,
                                    "Actual Startup Time": 520.643,
                                    "Actual Total Time": 520.647,
                                    "Actual Rows": 1,
                                    "Actual Loops": 1
                                },
                                {
                                    "Worker Number": 1,
                                    "Actual Startup Time": 520.886,
                                    "Actual Total Time": 520.889,
                                    "Actual Rows": 1,
                                    "Actual Loops": 1
                                },
                                {
                                    "Worker Number": 2,
                                    "Actual Startup Time": 521.681,
                                    "Actual Total Time": 521.684,
                                    "Actual Rows": 1,
                                    "Actual Loops": 1
                                },
                                {
                                    "Worker Number": 3,
                                    "Actual Startup Time": 521.918,
                                    "Actual Total Time": 521.922,
                                    "Actual Rows": 1,
                                    "Actual Loops": 1
                                },
                                {
                                    "Worker Number": 4,
                                    "Actual Startup Time": 522.124,
                                    "Actual Total Time": 522.127,
                                    "Actual Rows": 1,
                                    "Actual Loops": 1
                                }
                            ],
                            "Plans": [
                                {
                                    "Node Type": "Nested Loop",
                                    "Parent Relationship": "Outer",
                                    "Parallel Aware": false,
                                    "Join Type": "Inner",
                                    "Startup Cost": 45597.7,
                                    "Total Cost": 163683.33,
                                    "Plan Rows": 20671,
                                    "Plan Width": 0,
                                    "Actual Startup Time": 87.636,
                                    "Actual Total Time": 514.737,
                                    "Actual Rows": 122472,
                                    "Actual Loops": 6,
                                    "Inner Unique": false,
                                    "Join Filter": "(t.id = mi.movie_id)",
                                    "Rows Removed by Join Filter": 0,
                                    "Workers": [
                                        {
                                            "Worker Number": 0,
                                            "Actual Startup Time": 85.078,
                                            "Actual Total Time": 511.392,
                                            "Actual Rows": 102125,
                                            "Actual Loops": 1
                                        },
                                        {
                                            "Worker Number": 1,
                                            "Actual Startup Time": 84.759,
                                            "Actual Total Time": 511.755,
                                            "Actual Rows": 98654,
                                            "Actual Loops": 1
                                        },
                                        {
                                            "Worker Number": 2,
                                            "Actual Startup Time": 85.931,
                                            "Actual Total Time": 513.879,
                                            "Actual Rows": 146182,
                                            "Actual Loops": 1
                                        },
                                        {
                                            "Worker Number": 3,
                                            "Actual Startup Time": 86.071,
                                            "Actual Total Time": 512.741,
                                            "Actual Rows": 99966,
                                            "Actual Loops": 1
                                        },
                                        {
                                            "Worker Number": 4,
                                            "Actual Startup Time": 86.359,
                                            "Actual Total Time": 514.46,
                                            "Actual Rows": 143814,
                                            "Actual Loops": 1
                                        }
                                    ],
                                    "Plans": [
                                        {
                                            "Node Type": "Hash Join",
                                            "Parent Relationship": "Outer",
                                            "Parallel Aware": true,
                                            "Join Type": "Inner",
                                            "Startup Cost": 45597.26,
                                            "Total Cost": 155426.7,
                                            "Plan Rows": 3542,
                                            "Plan Width": 8,
                                            "Actual Startup Time": 87.548,
                                            "Actual Total Time": 300.587,
                                            "Actual Rows": 7400,
                                            "Actual Loops": 6,
                                            "Output": [
                                                "t.id",
                                                "ci.movie_id"
                                            ],
                                            "Inner Unique": true,
                                            "Hash Cond": "(ci.movie_id = t.id)",
                                            "Workers": [
                                                {
                                                    "Worker Number": 0,
                                                    "Actual Startup Time": 84.977,
                                                    "Actual Total Time": 294.097,
                                                    "Actual Rows": 6090,
                                                    "Actual Loops": 1
                                                },
                                                {
                                                    "Worker Number": 1,
                                                    "Actual Startup Time": 84.65,
                                                    "Actual Total Time": 292.26,
                                                    "Actual Rows": 6109,
                                                    "Actual Loops": 1
                                                },
                                                {
                                                    "Worker Number": 2,
                                                    "Actual Startup Time": 85.833,
                                                    "Actual Total Time": 286.366,
                                                    "Actual Rows": 8785,
                                                    "Actual Loops": 1
                                                },
                                                {
                                                    "Worker Number": 3,
                                                    "Actual Startup Time": 85.965,
                                                    "Actual Total Time": 296.291,
                                                    "Actual Rows": 6204,
                                                    "Actual Loops": 1
                                                },
                                                {
                                                    "Worker Number": 4,
                                                    "Actual Startup Time": 86.274,
                                                    "Actual Total Time": 287.568,
                                                    "Actual Rows": 8770,
                                                    "Actual Loops": 1
                                                }
                                            ],
                                            "Plans": [
                                                {
                                                    "Node Type": "Index Scan",
                                                    "Parent Relationship": "Outer",
                                                    "Parallel Aware": true,
                                                    "Scan Direction": "Forward",
                                                    "Index Name": "role_id_cast_info",
                                                    "Relation Name": "cast_info",
                                                    "Schema": "public",
                                                    "Alias": "ci",
                                                    "Startup Cost": 0.56,
                                                    "Total Cost": 109204.72,
                                                    "Plan Rows": 238205,
                                                    "Plan Width": 4,
                                                    "Actual Startup Time": 0.079,
                                                    "Actual Total Time": 149.806,
                                                    "Actual Rows": 393513,
                                                    "Actual Loops": 6,
                                                    "Output": [
                                                        "ci.id",
                                                        "ci.person_id",
                                                        "ci.movie_id",
                                                        "ci.person_role_id",
                                                        "ci.note",
                                                        "ci.nr_order",
                                                        "ci.role_id"
                                                    ],
                                                    "Index Cond": "(ci.role_id = 3)",
                                                    "Rows Removed by Index Recheck": 0,
                                                    "Filter": "(ci.person_id > 2623330)",
                                                    "Rows Removed by Filter": 274494,
                                                    "Workers": [
                                                        {
                                                            "Worker Number": 0,
                                                            "Actual Startup Time": 0.118,
                                                            "Actual Total Time": 147.033,
                                                            "Actual Rows": 327480,
                                                            "Actual Loops": 1
                                                        },
                                                        {
                                                            "Worker Number": 1,
                                                            "Actual Startup Time": 0.086,
                                                            "Actual Total Time": 144.484,
                                                            "Actual Rows": 323817,
                                                            "Actual Loops": 1
                                                        },
                                                        {
                                                            "Worker Number": 2,
                                                            "Actual Startup Time": 0.063,
                                                            "Actual Total Time": 141.792,
                                                            "Actual Rows": 464222,
                                                            "Actual Loops": 1
                                                        },
                                                        {
                                                            "Worker Number": 3,
                                                            "Actual Startup Time": 0.105,
                                                            "Actual Total Time": 147.901,
                                                            "Actual Rows": 327324,
                                                            "Actual Loops": 1
                                                        },
                                                        {
                                                            "Worker Number": 4,
                                                            "Actual Startup Time": 0.058,
                                                            "Actual Total Time": 142.538,
                                                            "Actual Rows": 458736,
                                                            "Actual Loops": 1
                                                        }
                                                    ]
                                                },
                                                {
                                                    "Node Type": "Hash",
                                                    "Parent Relationship": "Inner",
                                                    "Parallel Aware": true,
                                                    "Startup Cost": 45479.21,
                                                    "Total Cost": 45479.21,
                                                    "Plan Rows": 9399,
                                                    "Plan Width": 4,
                                                    "Actual Startup Time": 86.687,
                                                    "Actual Total Time": 86.688,
                                                    "Actual Rows": 5532,
                                                    "Actual Loops": 6,
                                                    "Output": [
                                                        "t.id"
                                                    ],
                                                    "Hash Buckets": 65536,
                                                    "Original Hash Buckets": 65536,
                                                    "Hash Batches": 1,
                                                    "Original Hash Batches": 1,
                                                    "Peak Memory Usage": 1952,
                                                    "Workers": [
                                                        {
                                                            "Worker Number": 0,
                                                            "Actual Startup Time": 83.949,
                                                            "Actual Total Time": 83.95,
                                                            "Actual Rows": 4179,
                                                            "Actual Loops": 1
                                                        },
                                                        {
                                                            "Worker Number": 1,
                                                            "Actual Startup Time": 83.936,
                                                            "Actual Total Time": 83.937,
                                                            "Actual Rows": 4200,
                                                            "Actual Loops": 1
                                                        },
                                                        {
                                                            "Worker Number": 2,
                                                            "Actual Startup Time": 85.085,
                                                            "Actual Total Time": 85.086,
                                                            "Actual Rows": 6468,
                                                            "Actual Loops": 1
                                                        },
                                                        {
                                                            "Worker Number": 3,
                                                            "Actual Startup Time": 85.186,
                                                            "Actual Total Time": 85.187,
                                                            "Actual Rows": 4180,
                                                            "Actual Loops": 1
                                                        },
                                                        {
                                                            "Worker Number": 4,
                                                            "Actual Startup Time": 85.484,
                                                            "Actual Total Time": 85.485,
                                                            "Actual Rows": 6775,
                                                            "Actual Loops": 1
                                                        }
                                                    ],
                                                    "Plans": [
                                                        {
                                                            "Node Type": "Seq Scan",
                                                            "Parent Relationship": "Outer",
                                                            "Parallel Aware": true,
                                                            "Relation Name": "title",
                                                            "Schema": "public",
                                                            "Alias": "t",
                                                            "Startup Cost": 0.0,
                                                            "Total Cost": 45479.21,
                                                            "Plan Rows": 9399,
                                                            "Plan Width": 4,
                                                            "Actual Startup Time": 53.832,
                                                            "Actual Total Time": 83.971,
                                                            "Actual Rows": 5532,
                                                            "Actual Loops": 6,
                                                            "Output": [
                                                                "t.id"
                                                            ],
                                                            "Filter": "((t.kind_id = 1) AND (t.production_year = 2010))",
                                                            "Rows Removed by Filter": 415854,
                                                            "Workers": [
                                                                {
                                                                    "Worker Number": 0,
                                                                    "Actual Startup Time": 53.104,
                                                                    "Actual Total Time": 81.405,
                                                                    "Actual Rows": 4179,
                                                                    "Actual Loops": 1
                                                                },
                                                                {
                                                                    "Worker Number": 1,
                                                                    "Actual Startup Time": 53.13,
                                                                    "Actual Total Time": 81.38,
                                                                    "Actual Rows": 4200,
                                                                    "Actual Loops": 1
                                                                },
                                                                {
                                                                    "Worker Number": 2,
                                                                    "Actual Startup Time": 50.348,
                                                                    "Actual Total Time": 82.605,
                                                                    "Actual Rows": 6468,
                                                                    "Actual Loops": 1
                                                                },
                                                                {
                                                                    "Worker Number": 3,
                                                                    "Actual Startup Time": 54.355,
                                                                    "Actual Total Time": 82.602,
                                                                    "Actual Rows": 4180,
                                                                    "Actual Loops": 1
                                                                },
                                                                {
                                                                    "Worker Number": 4,
                                                                    "Actual Startup Time": 51.101,
                                                                    "Actual Total Time": 82.586,
                                                                    "Actual Rows": 6775,
                                                                    "Actual Loops": 1
                                                                }
                                                            ]
                                                        }
                                                    ]
                                                }
                                            ]
                                        },
                                        {
                                            "Node Type": "Index Only Scan",
                                            "Parent Relationship": "Inner",
                                            "Parallel Aware": false,
                                            "Scan Direction": "Forward",
                                            "Index Name": "movie_id_movie_info",
                                            "Relation Name": "movie_info",
                                            "Schema": "public",
                                            "Alias": "mi",
                                            "Startup Cost": 0.43,
                                            "Total Cost": 1.84,
                                            "Plan Rows": 39,
                                            "Plan Width": 4,
                                            "Actual Startup Time": 0.011,
                                            "Actual Total Time": 0.026,
                                            "Actual Rows": 17,
                                            "Actual Loops": 44400,
                                            "Output": [
                                                "mi.movie_id"
                                            ],
                                            "Index Cond": "(mi.movie_id = ci.movie_id)",
                                            "Rows Removed by Index Recheck": 0,
                                            "Heap Fetches": 734832,
                                            "Workers": [
                                                {
                                                    "Worker Number": 0,
                                                    "Actual Startup Time": 0.013,
                                                    "Actual Total Time": 0.033,
                                                    "Actual Rows": 17,
                                                    "Actual Loops": 6090
                                                },
                                                {
                                                    "Worker Number": 1,
                                                    "Actual Startup Time": 0.014,
                                                    "Actual Total Time": 0.033,
                                                    "Actual Rows": 16,
                                                    "Actual Loops": 6109
                                                },
                                                {
                                                    "Worker Number": 2,
                                                    "Actual Startup Time": 0.01,
                                                    "Actual Total Time": 0.024,
                                                    "Actual Rows": 17,
                                                    "Actual Loops": 8785
                                                },
                                                {
                                                    "Worker Number": 3,
                                                    "Actual Startup Time": 0.013,
                                                    "Actual Total Time": 0.032,
                                                    "Actual Rows": 16,
                                                    "Actual Loops": 6204
                                                },
                                                {
                                                    "Worker Number": 4,
                                                    "Actual Startup Time": 0.01,
                                                    "Actual Total Time": 0.024,
                                                    "Actual Rows": 16,
                                                    "Actual Loops": 8770
                                                }
                                            ]
                                        }
                                    ]
                                }
                            ]
                        }
                    ]
                }
            ]
        },
        "Planning Time": 287.88,
        "Triggers": [],
        "Execution Time": 566.713
    }
]