{
  "Plan": {
    "Node Type": "Aggregate",
    "Strategy": "Plain",
    "Partial Mode": "Finalize",
    "Parallel Aware": false,
    "Startup Cost": 131439.22,
    "Total Cost": 131439.23,
    "Plan Rows": 1,
    "Plan Width": 8,
    "Actual Startup Time": 616.195,
    "Actual Total Time": 646.668,
    "Actual Rows": 1,
    "Actual Loops": 1,
    "Plans": [
      {
        "Node Type": "Gather",
        "Parent Relationship": "Outer",
        "Parallel Aware": false,
        "Startup Cost": 131439.1,
        "Total Cost": 131439.21,
        "Plan Rows": 1,
        "Plan Width": 8,
        "Actual Startup Time": 615.716,
        "Actual Total Time": 646.655,
        "Actual Rows": 2,
        "Actual Loops": 1,
        "Workers Planned": 1,
        "Workers Launched": 1,
        "Single Copy": false,
        "Plans": [
          {
            "Node Type": "Aggregate",
            "Strategy": "Plain",
            "Partial Mode": "Partial",
            "Parent Relationship": "Outer",
            "Parallel Aware": false,
            "Startup Cost": 130439.1,
            "Total Cost": 130439.11,
            "Plan Rows": 1,
            "Plan Width": 8,
            "Actual Startup Time": 609.559,
            "Actual Total Time": 609.566,
            "Actual Rows": 1,
            "Actual Loops": 2,
            "Plans": [
              {
                "Node Type": "Nested Loop",
                "Parent Relationship": "Outer",
                "Parallel Aware": false,
                "Join Type": "Inner",
                "Startup Cost": 75164.41,
                "Total Cost": 130356.41,
                "Plan Rows": 33078,
                "Plan Width": 0,
                "Actual Startup Time": 219.903,
                "Actual Total Time": 592.593,
                "Actual Rows": 405905,
                "Actual Loops": 2,
                "Inner Unique": false,
                "Join Filter": "(t.id = mi.movie_id)",
                "Rows Removed by Join Filter": 0,
                "Plans": [
                  {
                    "Node Type": "Hash Join",
                    "Parent Relationship": "Outer",
                    "Parallel Aware": true,
                    "Join Type": "Inner",
                    "Startup Cost": 75163.98,
                    "Total Cost": 108510.62,
                    "Plan Rows": 8817,
                    "Plan Width": 8,
                    "Actual Startup Time": 219.811,
                    "Actual Total Time": 326.649,
                    "Actual Rows": 11980,
                    "Actual Loops": 2,
                    "Inner Unique": true,
                    "Hash Cond": "(mk.movie_id = t.id)",
                    "Plans": [
                      {
                        "Node Type": "Bitmap Heap Scan",
                        "Parent Relationship": "Outer",
                        "Parallel Aware": true,
                        "Relation Name": "movie_keyword",
                        "Alias": "mk",
                        "Startup Cost": 21202.59,
                        "Total Cost": 53005.88,
                        "Plan Rows": 587944,
                        "Plan Width": 4,
                        "Actual Startup Time": 72.265,
                        "Actual Total Time": 169.764,
                        "Actual Rows": 497027,
                        "Actual Loops": 2,
                        "Recheck Cond": "(keyword_id > 18607)",
                        "Rows Removed by Index Recheck": 0,
                        "Exact Heap Blocks": 14568,
                        "Lossy Heap Blocks": 0,
                        "Plans": [
                          {
                            "Node Type": "Bitmap Index Scan",
                            "Parent Relationship": "Outer",
                            "Parallel Aware": false,
                            "Index Name": "keyword_id_movie_keyword",
                            "Startup Cost": 0.0,
                            "Total Cost": 20952.71,
                            "Plan Rows": 999504,
                            "Plan Width": 0,
                            "Actual Startup Time": 68.615,
                            "Actual Total Time": 68.616,
                            "Actual Rows": 994054,
                            "Actual Loops": 1,
                            "Index Cond": "(keyword_id > 18607)"
                          }
                        ]
                      },
                      {
                        "Node Type": "Hash",
                        "Parent Relationship": "Inner",
                        "Parallel Aware": true,
                        "Startup Cost": 53682.59,
                        "Total Cost": 53682.59,
                        "Plan Rows": 22304,
                        "Plan Width": 4,
                        "Actual Startup Time": 108.335,
                        "Actual Total Time": 108.337,
                        "Actual Rows": 16595,
                        "Actual Loops": 2,
                        "Hash Buckets": 65536,
                        "Original Hash Buckets": 65536,
                        "Hash Batches": 1,
                        "Original Hash Batches": 1,
                        "Peak Memory Usage": 1856,
                        "Plans": [
                          {
                            "Node Type": "Bitmap Heap Scan",
                            "Parent Relationship": "Outer",
                            "Parallel Aware": true,
                            "Relation Name": "title",
                            "Alias": "t",
                            "Startup Cost": 11832.33,
                            "Total Cost": 53682.59,
                            "Plan Rows": 22304,
                            "Plan Width": 4,
                            "Actual Startup Time": 40.093,
                            "Actual Total Time": 103.26,
                            "Actual Rows": 16595,
                            "Actual Loops": 2,
                            "Recheck Cond": "(kind_id = 1)",
                            "Rows Removed by Index Recheck": 0,
                            "Filter": "(production_year = 2010)",
                            "Rows Removed by Filter": 314818,
                            "Exact Heap Blocks": 8858,
                            "Lossy Heap Blocks": 0,
                            "Plans": [
                              {
                                "Node Type": "Bitmap Index Scan",
                                "Parent Relationship": "Outer",
                                "Parallel Aware": false,
                                "Index Name": "kind_id_title",
                                "Startup Cost": 0.0,
                                "Total Cost": 11822.85,
                                "Plan Rows": 663256,
                                "Plan Width": 0,
                                "Actual Startup Time": 42.603,
                                "Actual Total Time": 42.603,
                                "Actual Rows": 662825,
                                "Actual Loops": 1,
                                "Index Cond": "(kind_id = 1)"
                              }
                            ]
                          }
                        ]
                      }
                    ]
                  },
                  {
                    "Node Type": "Index Scan",
                    "Parent Relationship": "Inner",
                    "Parallel Aware": false,
                    "Scan Direction": "Forward",
                    "Index Name": "movie_id_movie_info",
                    "Relation Name": "movie_info",
                    "Alias": "mi",
                    "Startup Cost": 0.43,
                    "Total Cost": 2.14,
                    "Plan Rows": 27,
                    "Plan Width": 4,
                    "Actual Startup Time": 0.004,
                    "Actual Total Time": 0.019,
                    "Actual Rows": 34,
                    "Actual Loops": 23961,
                    "Index Cond": "(movie_id = mk.movie_id)",
                    "Rows Removed by Index Recheck": 0,
                    "Filter": "(info_type_id < 16)",
                    "Rows Removed by Filter": 47
                  }
                ]
              }
            ]
          }
        ]
      }
    ]
  },
  "Planning Time": 1.005,
  "Triggers": [],
  "Execution Time": 646.802
}