{
  "Plan": {
    "Node Type": "Aggregate",
    "Strategy": "Plain",
    "Partial Mode": "Finalize",
    "Parallel Aware": false,
    "Startup Cost": 122485.5,
    "Total Cost": 122485.51,
    "Plan Rows": 1,
    "Plan Width": 8,
    "Actual Startup Time": 501.241,
    "Actual Total Time": 518.317,
    "Actual Rows": 1,
    "Actual Loops": 1,
    "Plans": [
      {
        "Node Type": "Gather",
        "Parent Relationship": "Outer",
        "Parallel Aware": false,
        "Startup Cost": 122485.38,
        "Total Cost": 122485.49,
        "Plan Rows": 1,
        "Plan Width": 8,
        "Actual Startup Time": 501.041,
        "Actual Total Time": 518.309,
        "Actual Rows": 2,
        "Actual Loops": 1,
        "Workers Planned": 1,
        "Workers Launched": 1,
        "Single Copy": false,
        "Plans": [
          {
            "Node Type": "Aggregate",
            "Strategy": "Plain",
            "Partial Mode": "Partial",
            "Parent Relationship": "Outer",
            "Parallel Aware": false,
            "Startup Cost": 121485.38,
            "Total Cost": 121485.39,
            "Plan Rows": 1,
            "Plan Width": 8,
            "Actual Startup Time": 495.667,
            "Actual Total Time": 495.67,
            "Actual Rows": 1,
            "Actual Loops": 2,
            "Plans": [
              {
                "Node Type": "Hash Join",
                "Parent Relationship": "Outer",
                "Parallel Aware": true,
                "Join Type": "Inner",
                "Startup Cost": 58463.93,
                "Total Cost": 121442.95,
                "Plan Rows": 16975,
                "Plan Width": 0,
                "Actual Startup Time": 152.052,
                "Actual Total Time": 493.933,
                "Actual Rows": 32196,
                "Actual Loops": 2,
                "Inner Unique": true,
                "Hash Cond": "(mk.movie_id = t.id)",
                "Plans": [
                  {
                    "Node Type": "Seq Scan",
                    "Parent Relationship": "Outer",
                    "Parallel Aware": true,
                    "Relation Name": "movie_keyword",
                    "Alias": "mk",
                    "Startup Cost": 0.0,
                    "Total Cost": 57718.19,
                    "Plan Rows": 2004120,
                    "Plan Width": 4,
                    "Actual Startup Time": 0.102,
                    "Actual Total Time": 224.469,
                    "Actual Rows": 1699190,
                    "Actual Loops": 2,
                    "Filter": "(keyword_id > 1215)",
                    "Rows Removed by Filter": 562775
                  },
                  {
                    "Node Type": "Hash",
                    "Parent Relationship": "Inner",
                    "Parallel Aware": true,
                    "Startup Cost": 58306.47,
                    "Total Cost": 58306.47,
                    "Plan Rows": 12597,
                    "Plan Width": 4,
                    "Actual Startup Time": 150.527,
                    "Actual Total Time": 150.528,
                    "Actual Rows": 7896,
                    "Actual Loops": 2,
                    "Hash Buckets": 32768,
                    "Original Hash Buckets": 32768,
                    "Hash Batches": 1,
                    "Original Hash Batches": 1,
                    "Peak Memory Usage": 896,
                    "Plans": [
                      {
                        "Node Type": "Seq Scan",
                        "Parent Relationship": "Outer",
                        "Parallel Aware": true,
                        "Relation Name": "title",
                        "Alias": "t",
                        "Startup Cost": 0.0,
                        "Total Cost": 58306.47,
                        "Plan Rows": 12597,
                        "Plan Width": 4,
                        "Actual Startup Time": 0.268,
                        "Actual Total Time": 147.572,
                        "Actual Rows": 7896,
                        "Actual Loops": 2,
                        "Filter": "((kind_id < 7) AND (production_year = 1999))",
                        "Rows Removed by Filter": 1256260
                      }
                    ]
                  }
                ]
              }
            ]
          }
        ]
      }
    ]
  },
  "Planning Time": 0.459,
  "Triggers": [],
  "Execution Time": 518.388
}