[
  {
    "Plan": {
      "Node Type": "Aggregate",
      "Strategy": "Plain",
      "Partial Mode": "Finalize",
      "Parallel Aware": false,
      "Startup Cost": 90761.93,
      "Total Cost": 90761.94,
      "Plan Rows": 1,
      "Plan Width": 8,
      "Actual Startup Time": 224.248,
      "Actual Total Time": 237.465,
      "Actual Rows": 1,
      "Actual Loops": 1,
      "Plans": [
        {
          "Node Type": "Gather",
          "Parent Relationship": "Outer",
          "Parallel Aware": false,
          "Startup Cost": 90761.61,
          "Total Cost": 90761.92,
          "Plan Rows": 3,
          "Plan Width": 8,
          "Actual Startup Time": 223.686,
          "Actual Total Time": 237.457,
          "Actual Rows": 4,
          "Actual Loops": 1,
          "Workers Planned": 3,
          "Workers Launched": 3,
          "Single Copy": false,
          "Plans": [
            {
              "Node Type": "Aggregate",
              "Strategy": "Plain",
              "Partial Mode": "Partial",
              "Parent Relationship": "Outer",
              "Parallel Aware": false,
              "Startup Cost": 89761.61,
              "Total Cost": 89761.62,
              "Plan Rows": 1,
              "Plan Width": 8,
              "Actual Startup Time": 214.2,
              "Actual Total Time": 214.206,
              "Actual Rows": 1,
              "Actual Loops": 4,
              "Plans": [
                {
                  "Node Type": "Nested Loop",
                  "Parent Relationship": "Outer",
                  "Parallel Aware": false,
                  "Join Type": "Inner",
                  "Startup Cost": 20863.83,
                  "Total Cost": 89744.39,
                  "Plan Rows": 6889,
                  "Plan Width": 0,
                  "Actual Startup Time": 98.415,
                  "Actual Total Time": 212.782,
                  "Actual Rows": 24580,
                  "Actual Loops": 4,
                  "Inner Unique": true,
                  "Join Filter": "(mc.movie_id = t.id)",
                  "Rows Removed by Join Filter": 0,
                  "Plans": [
                    {
                      "Node Type": "Hash Join",
                      "Parent Relationship": "Outer",
                      "Parallel Aware": true,
                      "Join Type": "Inner",
                      "Startup Cost": 20863.4,
                      "Total Cost": 64925.6,
                      "Plan Rows": 35860,
                      "Plan Width": 8,
                      "Actual Startup Time": 98.326,
                      "Actual Total Time": 151.238,
                      "Actual Rows": 24580,
                      "Actual Loops": 4,
                      "Inner Unique": false,
                      "Hash Cond": "(mk.movie_id = mc.movie_id)",
                      "Plans": [
                        {
                          "Node Type": "Seq Scan",
                          "Parent Relationship": "Outer",
                          "Parallel Aware": true,
                          "Relation Name": "movie_keyword",
                          "Alias": "mk",
                          "Startup Cost": 0.0,
                          "Total Cost": 42695.65,
                          "Plan Rows": 250173,
                          "Plan Width": 4,
                          "Actual Startup Time": 3.158,
                          "Actual Total Time": 98.229,
                          "Actual Rows": 191280,
                          "Actual Loops": 4,
                          "Filter": "(keyword_id > 24436)",
                          "Rows Removed by Filter": 939703
                        },
                        {
                          "Node Type": "Hash",
                          "Parent Relationship": "Inner",
                          "Parallel Aware": true,
                          "Startup Cost": 20582.69,
                          "Total Cost": 20582.69,
                          "Plan Rows": 22457,
                          "Plan Width": 4,
                          "Actual Startup Time": 26.706,
                          "Actual Total Time": 26.707,
                          "Actual Rows": 16634,
                          "Actual Loops": 4,
                          "Hash Buckets": 131072,
                          "Original Hash Buckets": 131072,
                          "Hash Batches": 1,
                          "Original Hash Batches": 1,
                          "Peak Memory Usage": 3680,
                          "Plans": [
                            {
                              "Node Type": "Bitmap Heap Scan",
                              "Parent Relationship": "Outer",
                              "Parallel Aware": true,
                              "Relation Name": "movie_companies",
                              "Alias": "mc",
                              "Startup Cost": 1511.97,
                              "Total Cost": 20582.69,
                              "Plan Rows": 22457,
                              "Plan Width": 4,
                              "Actual Startup Time": 3.971,
                              "Actual Total Time": 17.979,
                              "Actual Rows": 16634,
                              "Actual Loops": 4,
                              "Recheck Cond": "(company_id > 179039)",
                              "Rows Removed by Index Recheck": 0,
                              "Exact Heap Blocks": 1034,
                              "Lossy Heap Blocks": 0,
                              "Plans": [
                                {
                                  "Node Type": "Bitmap Index Scan",
                                  "Parent Relationship": "Outer",
                                  "Parallel Aware": false,
                                  "Index Name": "company_id_movie_companies",
                                  "Startup Cost": 0.0,
                                  "Total Cost": 1494.57,
                                  "Plan Rows": 69618,
                                  "Plan Width": 0,
                                  "Actual Startup Time": 8.01,
                                  "Actual Total Time": 8.011,
                                  "Actual Rows": 66536,
                                  "Actual Loops": 1,
                                  "Index Cond": "(company_id > 179039)"
                                }
                              ]
                            }
                          ]
                        }
                      ]
                    },
                    {
                      "Node Type": "Index Only Scan",
                      "Parent Relationship": "Inner",
                      "Parallel Aware": false,
                      "Scan Direction": "Forward",
                      "Index Name": "title_pkey",
                      "Relation Name": "title",
                      "Alias": "t",
                      "Startup Cost": 0.43,
                      "Total Cost": 0.68,
                      "Plan Rows": 1,
                      "Plan Width": 4,
                      "Actual Startup Time": 0.002,
                      "Actual Total Time": 0.002,
                      "Actual Rows": 1,
                      "Actual Loops": 98318,
                      "Index Cond": "(id = mk.movie_id)",
                      "Rows Removed by Index Recheck": 0,
                      "Heap Fetches": 98318
                    }
                  ]
                }
              ]
            }
          ]
        }
      ]
    },
    "Planning Time": 1.438,
    "Triggers": [],
    "Execution Time": 237.621
  }
]