{
  "Plan": {
    "Node Type": "Aggregate",
    "Strategy": "Plain",
    "Partial Mode": "Finalize",
    "Parallel Aware": false,
    "Startup Cost": 116018.14,
    "Total Cost": 116018.15,
    "Plan Rows": 1,
    "Plan Width": 8,
    "Actual Startup Time": 672.858,
    "Actual Total Time": 691.357,
    "Actual Rows": 1,
    "Actual Loops": 1,
    "Plans": [
      {
        "Node Type": "Gather",
        "Parent Relationship": "Outer",
        "Parallel Aware": false,
        "Startup Cost": 116018.03,
        "Total Cost": 116018.14,
        "Plan Rows": 1,
        "Plan Width": 8,
        "Actual Startup Time": 670.253,
        "Actual Total Time": 691.348,
        "Actual Rows": 2,
        "Actual Loops": 1,
        "Workers Planned": 1,
        "Workers Launched": 1,
        "Single Copy": false,
        "Plans": [
          {
            "Node Type": "Aggregate",
            "Strategy": "Plain",
            "Partial Mode": "Partial",
            "Parent Relationship": "Outer",
            "Parallel Aware": false,
            "Startup Cost": 115018.03,
            "Total Cost": 115018.04,
            "Plan Rows": 1,
            "Plan Width": 8,
            "Actual Startup Time": 663.835,
            "Actual Total Time": 664.117,
            "Actual Rows": 1,
            "Actual Loops": 2,
            "Plans": [
              {
                "Node Type": "Hash Join",
                "Parent Relationship": "Outer",
                "Parallel Aware": true,
                "Join Type": "Inner",
                "Startup Cost": 95623.81,
                "Total Cost": 114929.4,
                "Plan Rows": 35451,
                "Plan Width": 0,
                "Actual Startup Time": 490.087,
                "Actual Total Time": 652.059,
                "Actual Rows": 293521,
                "Actual Loops": 2,
                "Inner Unique": false,
                "Hash Cond": "(mi_idx.movie_id = t.id)",
                "Plans": [
                  {
                    "Node Type": "Seq Scan",
                    "Parent Relationship": "Outer",
                    "Parallel Aware": true,
                    "Relation Name": "movie_info_idx",
                    "Alias": "mi_idx",
                    "Startup Cost": 0.0,
                    "Total Cost": 16052.85,
                    "Plan Rows": 811785,
                    "Plan Width": 4,
                    "Actual Startup Time": 0.024,
                    "Actual Total Time": 52.518,
                    "Actual Rows": 690018,
                    "Actual Loops": 2
                  },
                  {
                    "Node Type": "Hash",
                    "Parent Relationship": "Inner",
                    "Parallel Aware": true,
                    "Startup Cost": 94811.96,
                    "Total Cost": 94811.96,
                    "Plan Rows": 64948,
                    "Plan Width": 8,
                    "Actual Startup Time": 487.536,
                    "Actual Total Time": 487.817,
                    "Actual Rows": 127499,
                    "Actual Loops": 2,
                    "Hash Buckets": 262144,
                    "Original Hash Buckets": 131072,
                    "Hash Batches": 1,
                    "Original Hash Batches": 1,
                    "Peak Memory Usage": 13088,
                    "Plans": [
                      {
                        "Node Type": "Hash Join",
                        "Parent Relationship": "Outer",
                        "Parallel Aware": true,
                        "Join Type": "Inner",
                        "Startup Cost": 67852.86,
                        "Total Cost": 94811.96,
                        "Plan Rows": 64948,
                        "Plan Width": 8,
                        "Actual Startup Time": 334.045,
                        "Actual Total Time": 454.319,
                        "Actual Rows": 127499,
                        "Actual Loops": 2,
                        "Inner Unique": true,
                        "Hash Cond": "(mk.movie_id = t.id)",
                        "Plans": [
                          {
                            "Node Type": "Bitmap Heap Scan",
                            "Parent Relationship": "Outer",
                            "Parallel Aware": true,
                            "Relation Name": "movie_keyword",
                            "Alias": "mk",
                            "Startup Cost": 5974.56,
                            "Total Cost": 32498.89,
                            "Plan Rows": 165626,
                            "Plan Width": 4,
                            "Actual Startup Time": 23.249,
                            "Actual Total Time": 86.621,
                            "Actual Rows": 148922,
                            "Actual Loops": 2,
                            "Recheck Cond": "(keyword_id < 245)",
                            "Rows Removed by Index Recheck": 0,
                            "Exact Heap Blocks": 13177,
                            "Lossy Heap Blocks": 0,
                            "Plans": [
                              {
                                "Node Type": "Bitmap Index Scan",
                                "Parent Relationship": "Outer",
                                "Parallel Aware": false,
                                "Index Name": "keyword_id_movie_keyword",
                                "Startup Cost": 0.0,
                                "Total Cost": 5904.17,
                                "Plan Rows": 281565,
                                "Plan Width": 0,
                                "Actual Startup Time": 19.266,
                                "Actual Total Time": 19.266,
                                "Actual Rows": 297845,
                                "Actual Loops": 1,
                                "Index Cond": "(keyword_id < 245)"
                              }
                            ]
                          },
                          {
                            "Node Type": "Hash",
                            "Parent Relationship": "Inner",
                            "Parallel Aware": true,
                            "Startup Cost": 54588.39,
                            "Total Cost": 54588.39,
                            "Plan Rows": 583193,
                            "Plan Width": 4,
                            "Actual Startup Time": 303.547,
                            "Actual Total Time": 303.548,
                            "Actual Rows": 492524,
                            "Actual Loops": 2,
                            "Hash Buckets": 1048576,
                            "Original Hash Buckets": 1048576,
                            "Hash Batches": 1,
                            "Original Hash Batches": 1,
                            "Peak Memory Usage": 46752,
                            "Plans": [
                              {
                                "Node Type": "Seq Scan",
                                "Parent Relationship": "Outer",
                                "Parallel Aware": true,
                                "Relation Name": "title",
                                "Alias": "t",
                                "Startup Cost": 0.0,
                                "Total Cost": 54588.39,
                                "Plan Rows": 583193,
                                "Plan Width": 4,
                                "Actual Startup Time": 0.027,
                                "Actual Total Time": 156.293,
                                "Actual Rows": 492524,
                                "Actual Loops": 2,
                                "Filter": "(kind_id < 7)",
                                "Rows Removed by Filter": 771632
                              }
                            ]
                          }
                        ]
                      }
                    ]
                  }
                ]
              }
            ]
          }
        ]
      }
    ]
  },
  "Planning Time": 0.91,
  "Triggers": [],
  "Execution Time": 691.466
}