[
  {
    "Plan": {
      "Node Type": "Aggregate",
      "Strategy": "Plain",
      "Partial Mode": "Finalize",
      "Parallel Aware": false,
      "Startup Cost": 46336.63,
      "Total Cost": 46336.64,
      "Plan Rows": 1,
      "Plan Width": 8,
      "Actual Startup Time": 153.582,
      "Actual Total Time": 162.893,
      "Actual Rows": 1,
      "Actual Loops": 1,
      "Plans": [
        {
          "Node Type": "Gather",
          "Parent Relationship": "Outer",
          "Parallel Aware": false,
          "Startup Cost": 46336.31,
          "Total Cost": 46336.62,
          "Plan Rows": 3,
          "Plan Width": 8,
          "Actual Startup Time": 153.369,
          "Actual Total Time": 162.884,
          "Actual Rows": 4,
          "Actual Loops": 1,
          "Workers Planned": 3,
          "Workers Launched": 3,
          "Single Copy": false,
          "Plans": [
            {
              "Node Type": "Aggregate",
              "Strategy": "Plain",
              "Partial Mode": "Partial",
              "Parent Relationship": "Outer",
              "Parallel Aware": false,
              "Startup Cost": 45336.31,
              "Total Cost": 45336.32,
              "Plan Rows": 1,
              "Plan Width": 8,
              "Actual Startup Time": 148.57,
              "Actual Total Time": 148.571,
              "Actual Rows": 1,
              "Actual Loops": 4,
              "Plans": [
                {
                  "Node Type": "Seq Scan",
                  "Parent Relationship": "Outer",
                  "Parallel Aware": true,
                  "Relation Name": "movie_keyword",
                  "Alias": "mk",
                  "Startup Cost": 0.0,
                  "Total Cost": 42695.65,
                  "Plan Rows": 1056264,
                  "Plan Width": 0,
                  "Actual Startup Time": 0.146,
                  "Actual Total Time": 114.364,
                  "Actual Rows": 816239,
                  "Actual Loops": 4,
                  "Filter": "(keyword_id > 1603)",
                  "Rows Removed by Filter": 314744
                }
              ]
            }
          ]
        }
      ]
    },
    "Planning Time": 0.125,
    "Triggers": [],
    "Execution Time": 162.933
  }
]