[
  {
    "Plan": {
      "Node Type": "Aggregate",
      "Strategy": "Plain",
      "Partial Mode": "Finalize",
      "Parallel Aware": false,
      "Startup Cost": 283705.15,
      "Total Cost": 283705.16,
      "Plan Rows": 1,
      "Plan Width": 8,
      "Actual Startup Time": 190.789,
      "Actual Total Time": 224.305,
      "Actual Rows": 1,
      "Actual Loops": 1,
      "Plans": [
        {
          "Node Type": "Gather",
          "Parent Relationship": "Outer",
          "Parallel Aware": false,
          "Startup Cost": 283704.73,
          "Total Cost": 283705.14,
          "Plan Rows": 4,
          "Plan Width": 8,
          "Actual Startup Time": 190.677,
          "Actual Total Time": 224.297,
          "Actual Rows": 5,
          "Actual Loops": 1,
          "Workers Planned": 4,
          "Workers Launched": 4,
          "Single Copy": false,
          "Plans": [
            {
              "Node Type": "Aggregate",
              "Strategy": "Plain",
              "Partial Mode": "Partial",
              "Parent Relationship": "Outer",
              "Parallel Aware": false,
              "Startup Cost": 282704.73,
              "Total Cost": 282704.74,
              "Plan Rows": 1,
              "Plan Width": 8,
              "Actual Startup Time": 180.67,
              "Actual Total Time": 180.671,
              "Actual Rows": 1,
              "Actual Loops": 5,
              "Plans": [
                {
                  "Node Type": "Nested Loop",
                  "Parent Relationship": "Outer",
                  "Parallel Aware": false,
                  "Join Type": "Inner",
                  "Startup Cost": 0.56,
                  "Total Cost": 282651.76,
                  "Plan Rows": 21188,
                  "Plan Width": 0,
                  "Actual Startup Time": 0.459,
                  "Actual Total Time": 178.762,
                  "Actual Rows": 21573,
                  "Actual Loops": 5,
                  "Inner Unique": false,
                  "Plans": [
                    {
                      "Node Type": "Seq Scan",
                      "Parent Relationship": "Outer",
                      "Parallel Aware": true,
                      "Relation Name": "title",
                      "Alias": "t",
                      "Startup Cost": 0.0,
                      "Total Cost": 43898.92,
                      "Plan Rows": 2718,
                      "Plan Width": 4,
                      "Actual Startup Time": 0.219,
                      "Actual Total Time": 60.613,
                      "Actual Rows": 2283,
                      "Actual Loops": 5,
                      "Filter": "(production_year = 1964)",
                      "Rows Removed by Filter": 503379
                    },
                    {
                      "Node Type": "Index Scan",
                      "Parent Relationship": "Inner",
                      "Parallel Aware": false,
                      "Scan Direction": "Forward",
                      "Index Name": "movie_id_cast_info",
                      "Relation Name": "cast_info",
                      "Alias": "ci",
                      "Startup Cost": 0.56,
                      "Total Cost": 87.64,
                      "Plan Rows": 20,
                      "Plan Width": 4,
                      "Actual Startup Time": 0.012,
                      "Actual Total Time": 0.05,
                      "Actual Rows": 9,
                      "Actual Loops": 11416,
                      "Index Cond": "(movie_id = t.id)",
                      "Rows Removed by Index Recheck": 0,
                      "Filter": "((person_id < 2566042) AND (role_id < 8))",
                      "Rows Removed by Filter": 4
                    }
                  ]
                }
              ]
            }
          ]
        }
      ]
    },
    "Planning Time": 0.698,
    "Triggers": [],
    "Execution Time": 224.384
  }
]