[
    {
        "Bao": {
            "Bao prediction": "NaN",
            "Bao recommended hint": "(no hint)"
        }
    },
    {
        "Plan": {
            "Node Type": "Aggregate",
            "Strategy": "Plain",
            "Partial Mode": "Finalize",
            "Parallel Aware": false,
            "Startup Cost": 27118.48,
            "Total Cost": 27118.49,
            "Plan Rows": 1,
            "Plan Width": 8,
            "Actual Startup Time": 69.593,
            "Actual Total Time": 72.53,
            "Actual Rows": 1,
            "Actual Loops": 1,
            "Output": [
                "count(*)"
            ],
            "Plans": [
                {
                    "Node Type": "Gather",
                    "Parent Relationship": "Outer",
                    "Parallel Aware": false,
                    "Startup Cost": 27118.16,
                    "Total Cost": 27118.47,
                    "Plan Rows": 3,
                    "Plan Width": 8,
                    "Actual Startup Time": 69.453,
                    "Actual Total Time": 72.523,
                    "Actual Rows": 4,
                    "Actual Loops": 1,
                    "Output": [
                        "(PARTIAL count(*))"
                    ],
                    "Workers Planned": 3,
                    "Workers Launched": 3,
                    "Single Copy": false,
                    "Plans": [
                        {
                            "Node Type": "Aggregate",
                            "Strategy": "Plain",
                            "Partial Mode": "Partial",
                            "Parent Relationship": "Outer",
                            "Parallel Aware": false,
                            "Startup Cost": 26118.16,
                            "Total Cost": 26118.17,
                            "Plan Rows": 1,
                            "Plan Width": 8,
                            "Actual Startup Time": 60.866,
                            "Actual Total Time": 60.867,
                            "Actual Rows": 1,
                            "Actual Loops": 4,
                            "Output": [
                                "PARTIAL count(*)"
                            ],
                            "Workers": [
                                {
                                    "Worker Number": 0,
                                    "Actual Startup Time": 58.093,
                                    "Actual Total Time": 58.094,
                                    "Actual Rows": 1,
                                    "Actual Loops": 1
                                },
                                {
                                    "Worker Number": 1,
                                    "Actual Startup Time": 58.119,
                                    "Actual Total Time": 58.12,
                                    "Actual Rows": 1,
                                    "Actual Loops": 1
                                },
                                {
                                    "Worker Number": 2,
                                    "Actual Startup Time": 58.31,
                                    "Actual Total Time": 58.312,
                                    "Actual Rows": 1,
                                    "Actual Loops": 1
                                }
                            ],
                            "Plans": [
                                {
                                    "Node Type": "Bitmap Heap Scan",
                                    "Parent Relationship": "Outer",
                                    "Parallel Aware": true,
                                    "Relation Name": "movie_companies",
                                    "Schema": "public",
                                    "Alias": "mc",
                                    "Startup Cost": 5990.66,
                                    "Total Cost": 25895.25,
                                    "Plan Rows": 89167,
                                    "Plan Width": 0,
                                    "Actual Startup Time": 26.149,
                                    "Actual Total Time": 55.707,
                                    "Actual Rows": 69876,
                                    "Actual Loops": 4,
                                    "Recheck Cond": "(mc.company_id > 96000)",
                                    "Rows Removed by Index Recheck": 0,
                                    "Exact Heap Blocks": 2715,
                                    "Lossy Heap Blocks": 0,
                                    "Workers": [
                                        {
                                            "Worker Number": 0,
                                            "Actual Startup Time": 23.612,
                                            "Actual Total Time": 53.448,
                                            "Actual Rows": 39657,
                                            "Actual Loops": 1
                                        },
                                        {
                                            "Worker Number": 1,
                                            "Actual Startup Time": 23.448,
                                            "Actual Total Time": 53.536,
                                            "Actual Rows": 39296,
                                            "Actual Loops": 1
                                        },
                                        {
                                            "Worker Number": 2,
                                            "Actual Startup Time": 23.598,
                                            "Actual Total Time": 53.646,
                                            "Actual Rows": 38770,
                                            "Actual Loops": 1
                                        }
                                    ],
                                    "Plans": [
                                        {
                                            "Node Type": "Bitmap Index Scan",
                                            "Parent Relationship": "Outer",
                                            "Parallel Aware": false,
                                            "Index Name": "company_id_movie_companies",
                                            "Startup Cost": 0.0,
                                            "Total Cost": 5921.56,
                                            "Plan Rows": 276417,
                                            "Plan Width": 0,
                                            "Actual Startup Time": 32.692,
                                            "Actual Total Time": 32.692,
                                            "Actual Rows": 279504,
                                            "Actual Loops": 1,
                                            "Index Cond": "(mc.company_id > 96000)"
                                        }
                                    ]
                                }
                            ]
                        }
                    ]
                }
            ]
        },
        "Planning Time": 182.019,
        "Triggers": [],
        "Execution Time": 72.636
    }
]