{
  "Plan": {
    "Node Type": "Aggregate",
    "Strategy": "Plain",
    "Partial Mode": "Finalize",
    "Parallel Aware": false,
    "Startup Cost": 342124.86,
    "Total Cost": 342124.87,
    "Plan Rows": 1,
    "Plan Width": 8,
    "Actual Startup Time": 1360.181,
    "Actual Total Time": 1379.086,
    "Actual Rows": 1,
    "Actual Loops": 1,
    "Plans": [
      {
        "Node Type": "Gather",
        "Parent Relationship": "Outer",
        "Parallel Aware": false,
        "Startup Cost": 342124.75,
        "Total Cost": 342124.86,
        "Plan Rows": 1,
        "Plan Width": 8,
        "Actual Startup Time": 1355.123,
        "Actual Total Time": 1379.079,
        "Actual Rows": 2,
        "Actual Loops": 1,
        "Workers Planned": 1,
        "Workers Launched": 1,
        "Single Copy": false,
        "Plans": [
          {
            "Node Type": "Aggregate",
            "Strategy": "Plain",
            "Partial Mode": "Partial",
            "Parent Relationship": "Outer",
            "Parallel Aware": false,
            "Startup Cost": 341124.75,
            "Total Cost": 341124.76,
            "Plan Rows": 1,
            "Plan Width": 8,
            "Actual Startup Time": 1348.485,
            "Actual Total Time": 1348.492,
            "Actual Rows": 1,
            "Actual Loops": 2,
            "Plans": [
              {
                "Node Type": "Hash Join",
                "Parent Relationship": "Outer",
                "Parallel Aware": true,
                "Join Type": "Inner",
                "Startup Cost": 271760.66,
                "Total Cost": 338643.5,
                "Plan Rows": 992500,
                "Plan Width": 0,
                "Actual Startup Time": 905.361,
                "Actual Total Time": 1318.736,
                "Actual Rows": 740498,
                "Actual Loops": 2,
                "Inner Unique": false,
                "Hash Cond": "(mk.movie_id = t.id)",
                "Plans": [
                  {
                    "Node Type": "Seq Scan",
                    "Parent Relationship": "Outer",
                    "Parallel Aware": true,
                    "Relation Name": "movie_keyword",
                    "Alias": "mk",
                    "Startup Cost": 0.0,
                    "Total Cost": 51065.35,
                    "Plan Rows": 2661135,
                    "Plan Width": 4,
                    "Actual Startup Time": 0.016,
                    "Actual Total Time": 157.039,
                    "Actual Rows": 2261965,
                    "Actual Loops": 2
                  },
                  {
                    "Node Type": "Hash",
                    "Parent Relationship": "Inner",
                    "Parallel Aware": true,
                    "Startup Cost": 264827.17,
                    "Total Cost": 264827.17,
                    "Plan Rows": 554679,
                    "Plan Width": 8,
                    "Actual Startup Time": 896.366,
                    "Actual Total Time": 896.371,
                    "Actual Rows": 340011,
                    "Actual Loops": 2,
                    "Hash Buckets": 1048576,
                    "Original Hash Buckets": 1048576,
                    "Hash Batches": 1,
                    "Original Hash Batches": 1,
                    "Peak Memory Usage": 34816,
                    "Plans": [
                      {
                        "Node Type": "Hash Join",
                        "Parent Relationship": "Outer",
                        "Parallel Aware": true,
                        "Join Type": "Inner",
                        "Startup Cost": 91461.12,
                        "Total Cost": 264827.17,
                        "Plan Rows": 554679,
                        "Plan Width": 8,
                        "Actual Startup Time": 479.435,
                        "Actual Total Time": 802.751,
                        "Actual Rows": 340011,
                        "Actual Loops": 2,
                        "Inner Unique": true,
                        "Hash Cond": "(mi.movie_id = t.id)",
                        "Plans": [
                          {
                            "Node Type": "Bitmap Heap Scan",
                            "Parent Relationship": "Outer",
                            "Parallel Aware": true,
                            "Relation Name": "movie_info",
                            "Alias": "mi",
                            "Startup Cost": 23159.21,
                            "Total Cost": 194551.43,
                            "Plan Rows": 751938,
                            "Plan Width": 4,
                            "Actual Startup Time": 49.325,
                            "Actual Total Time": 107.567,
                            "Actual Rows": 649494,
                            "Actual Loops": 2,
                            "Recheck Cond": "(info_type_id = 4)",
                            "Rows Removed by Index Recheck": 0,
                            "Exact Heap Blocks": 4282,
                            "Lossy Heap Blocks": 0,
                            "Plans": [
                              {
                                "Node Type": "Bitmap Index Scan",
                                "Parent Relationship": "Outer",
                                "Parallel Aware": false,
                                "Index Name": "info_type_id_movie_info",
                                "Startup Cost": 0.0,
                                "Total Cost": 22839.64,
                                "Plan Rows": 1278294,
                                "Plan Width": 0,
                                "Actual Startup Time": 48.0,
                                "Actual Total Time": 48.001,
                                "Actual Rows": 1298989,
                                "Actual Loops": 1,
                                "Index Cond": "(info_type_id = 4)"
                              }
                            ]
                          },
                          {
                            "Node Type": "Hash",
                            "Parent Relationship": "Inner",
                            "Parallel Aware": true,
                            "Startup Cost": 54588.39,
                            "Total Cost": 54588.39,
                            "Plan Rows": 1097081,
                            "Plan Width": 4,
                            "Actual Startup Time": 420.382,
                            "Actual Total Time": 420.383,
                            "Actual Rows": 932744,
                            "Actual Loops": 2,
                            "Hash Buckets": 2097152,
                            "Original Hash Buckets": 2097152,
                            "Hash Batches": 1,
                            "Original Hash Batches": 1,
                            "Peak Memory Usage": 89408,
                            "Plans": [
                              {
                                "Node Type": "Seq Scan",
                                "Parent Relationship": "Outer",
                                "Parallel Aware": true,
                                "Relation Name": "title",
                                "Alias": "t",
                                "Startup Cost": 0.0,
                                "Total Cost": 54588.39,
                                "Plan Rows": 1097081,
                                "Plan Width": 4,
                                "Actual Startup Time": 0.035,
                                "Actual Total Time": 172.817,
                                "Actual Rows": 932744,
                                "Actual Loops": 2,
                                "Filter": "(kind_id > 1)",
                                "Rows Removed by Filter": 331412
                              }
                            ]
                          }
                        ]
                      }
                    ]
                  }
                ]
              }
            ]
          }
        ]
      }
    ]
  },
  "Planning Time": 1.034,
  "Triggers": [],
  "Execution Time": 1379.189
}