[
  {
    "Plan": {
      "Node Type": "Aggregate",
      "Strategy": "Plain",
      "Partial Mode": "Finalize",
      "Parallel Aware": false,
      "Startup Cost": 199638.25,
      "Total Cost": 199638.26,
      "Plan Rows": 1,
      "Plan Width": 8,
      "Actual Startup Time": 238.606,
      "Actual Total Time": 253.632,
      "Actual Rows": 1,
      "Actual Loops": 1,
      "Plans": [
        {
          "Node Type": "Gather",
          "Parent Relationship": "Outer",
          "Parallel Aware": false,
          "Startup Cost": 199637.63,
          "Total Cost": 199638.24,
          "Plan Rows": 6,
          "Plan Width": 8,
          "Actual Startup Time": 238.47,
          "Actual Total Time": 253.623,
          "Actual Rows": 7,
          "Actual Loops": 1,
          "Workers Planned": 6,
          "Workers Launched": 6,
          "Single Copy": false,
          "Plans": [
            {
              "Node Type": "Aggregate",
              "Strategy": "Plain",
              "Partial Mode": "Partial",
              "Parent Relationship": "Outer",
              "Parallel Aware": false,
              "Startup Cost": 198637.63,
              "Total Cost": 198637.64,
              "Plan Rows": 1,
              "Plan Width": 8,
              "Actual Startup Time": 228.74,
              "Actual Total Time": 228.741,
              "Actual Rows": 1,
              "Actual Loops": 7,
              "Plans": [
                {
                  "Node Type": "Index Scan",
                  "Parent Relationship": "Outer",
                  "Parallel Aware": true,
                  "Scan Direction": "Forward",
                  "Index Name": "role_id_cast_info",
                  "Relation Name": "cast_info",
                  "Alias": "ci",
                  "Startup Cost": 0.56,
                  "Total Cost": 197877.72,
                  "Plan Rows": 303961,
                  "Plan Width": 0,
                  "Actual Startup Time": 13.464,
                  "Actual Total Time": 228.712,
                  "Actual Rows": 230,
                  "Actual Loops": 7,
                  "Index Cond": "(role_id = 2)",
                  "Rows Removed by Index Recheck": 0,
                  "Filter": "(person_id < 896545)",
                  "Rows Removed by Filter": 1064338
                }
              ]
            }
          ]
        }
      ]
    },
    "Planning Time": 0.143,
    "Triggers": [],
    "Execution Time": 253.695
  }
]