[
  {
    "Plan": {
      "Node Type": "Aggregate",
      "Strategy": "Plain",
      "Partial Mode": "Finalize",
      "Parallel Aware": false,
      "Startup Cost": 99108.79,
      "Total Cost": 99108.8,
      "Plan Rows": 1,
      "Plan Width": 8,
      "Actual Startup Time": 495.329,
      "Actual Total Time": 512.606,
      "Actual Rows": 1,
      "Actual Loops": 1,
      "Plans": [
        {
          "Node Type": "Gather",
          "Parent Relationship": "Outer",
          "Parallel Aware": false,
          "Startup Cost": 99108.58,
          "Total Cost": 99108.79,
          "Plan Rows": 2,
          "Plan Width": 8,
          "Actual Startup Time": 492.726,
          "Actual Total Time": 512.597,
          "Actual Rows": 3,
          "Actual Loops": 1,
          "Workers Planned": 2,
          "Workers Launched": 2,
          "Single Copy": false,
          "Plans": [
            {
              "Node Type": "Aggregate",
              "Strategy": "Plain",
              "Partial Mode": "Partial",
              "Parent Relationship": "Outer",
              "Parallel Aware": false,
              "Startup Cost": 98108.58,
              "Total Cost": 98108.59,
              "Plan Rows": 1,
              "Plan Width": 8,
              "Actual Startup Time": 485.105,
              "Actual Total Time": 485.193,
              "Actual Rows": 1,
              "Actual Loops": 3,
              "Plans": [
                {
                  "Node Type": "Hash Join",
                  "Parent Relationship": "Outer",
                  "Parallel Aware": true,
                  "Join Type": "Inner",
                  "Startup Cost": 81595.75,
                  "Total Cost": 97772.89,
                  "Plan Rows": 134277,
                  "Plan Width": 0,
                  "Actual Startup Time": 414.889,
                  "Actual Total Time": 477.88,
                  "Actual Rows": 182609,
                  "Actual Loops": 3,
                  "Inner Unique": false,
                  "Hash Cond": "(mi_idx.movie_id = t.id)",
                  "Plans": [
                    {
                      "Node Type": "Seq Scan",
                      "Parent Relationship": "Outer",
                      "Parallel Aware": true,
                      "Relation Name": "movie_info_idx",
                      "Alias": "mi_idx",
                      "Startup Cost": 0.0,
                      "Total Cost": 13685.15,
                      "Plan Rows": 575015,
                      "Plan Width": 4,
                      "Actual Startup Time": 0.026,
                      "Actual Total Time": 33.896,
                      "Actual Rows": 460012,
                      "Actual Loops": 3
                    },
                    {
                      "Node Type": "Hash",
                      "Parent Relationship": "Inner",
                      "Parallel Aware": true,
                      "Startup Cost": 79750.72,
                      "Total Cost": 79750.72,
                      "Plan Rows": 147602,
                      "Plan Width": 8,
                      "Actual Startup Time": 376.428,
                      "Actual Total Time": 376.514,
                      "Actual Rows": 106401,
                      "Actual Loops": 3,
                      "Hash Buckets": 1048576,
                      "Original Hash Buckets": 1048576,
                      "Hash Batches": 1,
                      "Original Hash Batches": 1,
                      "Peak Memory Usage": 20736,
                      "Plans": [
                        {
                          "Node Type": "Hash Join",
                          "Parent Relationship": "Outer",
                          "Parallel Aware": true,
                          "Join Type": "Inner",
                          "Startup Cost": 33795.49,
                          "Total Cost": 79750.72,
                          "Plan Rows": 147602,
                          "Plan Width": 8,
                          "Actual Startup Time": 237.97,
                          "Actual Total Time": 345.514,
                          "Actual Rows": 106401,
                          "Actual Loops": 3,
                          "Inner Unique": false,
                          "Hash Cond": "(t.id = mc.movie_id)",
                          "Plans": [
                            {
                              "Node Type": "Seq Scan",
                              "Parent Relationship": "Outer",
                              "Parallel Aware": true,
                              "Relation Name": "title",
                              "Alias": "t",
                              "Startup Cost": 0.0,
                              "Total Cost": 42318.73,
                              "Plan Rows": 632073,
                              "Plan Width": 4,
                              "Actual Startup Time": 0.008,
                              "Actual Total Time": 83.243,
                              "Actual Rows": 842771,
                              "Actual Loops": 3
                            },
                            {
                              "Node Type": "Hash",
                              "Parent Relationship": "Inner",
                              "Parallel Aware": true,
                              "Startup Cost": 31414.82,
                              "Total Cost": 31414.82,
                              "Plan Rows": 190454,
                              "Plan Width": 4,
                              "Actual Startup Time": 119.69,
                              "Actual Total Time": 119.69,
                              "Actual Rows": 106401,
                              "Actual Loops": 3,
                              "Hash Buckets": 1048576,
                              "Original Hash Buckets": 1048576,
                              "Hash Batches": 1,
                              "Original Hash Batches": 1,
                              "Peak Memory Usage": 20704,
                              "Plans": [
                                {
                                  "Node Type": "Seq Scan",
                                  "Parent Relationship": "Outer",
                                  "Parallel Aware": true,
                                  "Relation Name": "movie_companies",
                                  "Alias": "mc",
                                  "Startup Cost": 0.0,
                                  "Total Cost": 31414.82,
                                  "Plan Rows": 190454,
                                  "Plan Width": 4,
                                  "Actual Startup Time": 21.572,
                                  "Actual Total Time": 87.899,
                                  "Actual Rows": 106401,
                                  "Actual Loops": 3,
                                  "Filter": "((company_id > 12301) AND (company_type_id < 2))",
                                  "Rows Removed by Filter": 763308
                                }
                              ]
                            }
                          ]
                        }
                      ]
                    }
                  ]
                }
              ]
            }
          ]
        }
      ]
    },
    "Planning Time": 1.332,
    "Triggers": [],
    "Execution Time": 512.689
  }
]