[
  {
    "Plan": {
      "Node Type": "Aggregate",
      "Strategy": "Plain",
      "Partial Mode": "Finalize",
      "Parallel Aware": false,
      "Startup Cost": 339003.63,
      "Total Cost": 339003.64,
      "Plan Rows": 1,
      "Plan Width": 8,
      "Actual Startup Time": 887.447,
      "Actual Total Time": 932.801,
      "Actual Rows": 1,
      "Actual Loops": 1,
      "Plans": [
        {
          "Node Type": "Gather",
          "Parent Relationship": "Outer",
          "Parallel Aware": false,
          "Startup Cost": 339003.01,
          "Total Cost": 339003.62,
          "Plan Rows": 6,
          "Plan Width": 8,
          "Actual Startup Time": 887.273,
          "Actual Total Time": 932.789,
          "Actual Rows": 7,
          "Actual Loops": 1,
          "Workers Planned": 6,
          "Workers Launched": 6,
          "Single Copy": false,
          "Plans": [
            {
              "Node Type": "Aggregate",
              "Strategy": "Plain",
              "Partial Mode": "Partial",
              "Parent Relationship": "Outer",
              "Parallel Aware": false,
              "Startup Cost": 338003.01,
              "Total Cost": 338003.02,
              "Plan Rows": 1,
              "Plan Width": 8,
              "Actual Startup Time": 880.588,
              "Actual Total Time": 880.589,
              "Actual Rows": 1,
              "Actual Loops": 7,
              "Plans": [
                {
                  "Node Type": "Seq Scan",
                  "Parent Relationship": "Outer",
                  "Parallel Aware": true,
                  "Relation Name": "cast_info",
                  "Alias": "ci",
                  "Startup Cost": 0.0,
                  "Total Cost": 328211.39,
                  "Plan Rows": 3916647,
                  "Plan Width": 0,
                  "Actual Startup Time": 0.044,
                  "Actual Total Time": 685.329,
                  "Actual Rows": 3377289,
                  "Actual Loops": 7,
                  "Filter": "(person_id < 2422220)",
                  "Rows Removed by Filter": 1800475
                }
              ]
            }
          ]
        }
      ]
    },
    "Planning Time": 0.1,
    "Triggers": [],
    "Execution Time": 932.847
  }
]