[
  {
    "Plan": {
      "Node Type": "Aggregate",
      "Strategy": "Plain",
      "Partial Mode": "Finalize",
      "Parallel Aware": false,
      "Startup Cost": 63406.13,
      "Total Cost": 63406.14,
      "Plan Rows": 1,
      "Plan Width": 8,
      "Actual Startup Time": 127.704,
      "Actual Total Time": 143.411,
      "Actual Rows": 1,
      "Actual Loops": 1,
      "Plans": [
        {
          "Node Type": "Gather",
          "Parent Relationship": "Outer",
          "Parallel Aware": false,
          "Startup Cost": 63405.71,
          "Total Cost": 63406.12,
          "Plan Rows": 4,
          "Plan Width": 8,
          "Actual Startup Time": 127.58,
          "Actual Total Time": 143.403,
          "Actual Rows": 5,
          "Actual Loops": 1,
          "Workers Planned": 4,
          "Workers Launched": 4,
          "Single Copy": false,
          "Plans": [
            {
              "Node Type": "Aggregate",
              "Strategy": "Plain",
              "Partial Mode": "Partial",
              "Parent Relationship": "Outer",
              "Parallel Aware": false,
              "Startup Cost": 62405.71,
              "Total Cost": 62405.72,
              "Plan Rows": 1,
              "Plan Width": 8,
              "Actual Startup Time": 116.563,
              "Actual Total Time": 116.564,
              "Actual Rows": 1,
              "Actual Loops": 5,
              "Plans": [
                {
                  "Node Type": "Nested Loop",
                  "Parent Relationship": "Outer",
                  "Parallel Aware": false,
                  "Join Type": "Inner",
                  "Startup Cost": 0.43,
                  "Total Cost": 62401.78,
                  "Plan Rows": 1574,
                  "Plan Width": 0,
                  "Actual Startup Time": 3.134,
                  "Actual Total Time": 116.214,
                  "Actual Rows": 3989,
                  "Actual Loops": 5,
                  "Inner Unique": false,
                  "Plans": [
                    {
                      "Node Type": "Seq Scan",
                      "Parent Relationship": "Outer",
                      "Parallel Aware": true,
                      "Relation Name": "title",
                      "Alias": "t",
                      "Startup Cost": 0.0,
                      "Total Cost": 45479.1,
                      "Plan Rows": 2032,
                      "Plan Width": 4,
                      "Actual Startup Time": 1.657,
                      "Actual Total Time": 93.962,
                      "Actual Rows": 1664,
                      "Actual Loops": 5,
                      "Filter": "((kind_id < 7) AND (production_year = 1988))",
                      "Rows Removed by Filter": 503999
                    },
                    {
                      "Node Type": "Index Scan",
                      "Parent Relationship": "Inner",
                      "Parallel Aware": false,
                      "Scan Direction": "Forward",
                      "Index Name": "movie_id_movie_keyword",
                      "Relation Name": "movie_keyword",
                      "Alias": "mk",
                      "Startup Cost": 0.43,
                      "Total Cost": 8.13,
                      "Plan Rows": 20,
                      "Plan Width": 4,
                      "Actual Startup Time": 0.012,
                      "Actual Total Time": 0.012,
                      "Actual Rows": 2,
                      "Actual Loops": 8319,
                      "Index Cond": "(movie_id = t.id)",
                      "Rows Removed by Index Recheck": 0,
                      "Filter": "(keyword_id < 3444)",
                      "Rows Removed by Filter": 3
                    }
                  ]
                }
              ]
            }
          ]
        }
      ]
    },
    "Planning Time": 0.597,
    "Triggers": [],
    "Execution Time": 143.488
  }
]