{
  "Plan": {
    "Node Type": "Aggregate",
    "Strategy": "Plain",
    "Partial Mode": "Finalize",
    "Parallel Aware": false,
    "Startup Cost": 789991.26,
    "Total Cost": 789991.27,
    "Plan Rows": 1,
    "Plan Width": 8,
    "Actual Startup Time": 8725.363,
    "Actual Total Time": 8778.654,
    "Actual Rows": 1,
    "Actual Loops": 1,
    "Plans": [
      {
        "Node Type": "Gather",
        "Parent Relationship": "Outer",
        "Parallel Aware": false,
        "Startup Cost": 789991.14,
        "Total Cost": 789991.25,
        "Plan Rows": 1,
        "Plan Width": 8,
        "Actual Startup Time": 8720.339,
        "Actual Total Time": 8778.646,
        "Actual Rows": 2,
        "Actual Loops": 1,
        "Workers Planned": 1,
        "Workers Launched": 1,
        "Single Copy": false,
        "Plans": [
          {
            "Node Type": "Aggregate",
            "Strategy": "Plain",
            "Partial Mode": "Partial",
            "Parent Relationship": "Outer",
            "Parallel Aware": false,
            "Startup Cost": 788991.14,
            "Total Cost": 788991.15,
            "Plan Rows": 1,
            "Plan Width": 8,
            "Actual Startup Time": 8707.088,
            "Actual Total Time": 8707.094,
            "Actual Rows": 1,
            "Actual Loops": 2,
            "Plans": [
              {
                "Node Type": "Hash Join",
                "Parent Relationship": "Outer",
                "Parallel Aware": true,
                "Join Type": "Inner",
                "Startup Cost": 118112.72,
                "Total Cost": 777509.99,
                "Plan Rows": 4592461,
                "Plan Width": 0,
                "Actual Startup Time": 745.904,
                "Actual Total Time": 8276.347,
                "Actual Rows": 10736090,
                "Actual Loops": 2,
                "Inner Unique": false,
                "Hash Cond": "(t.id = mc.movie_id)",
                "Plans": [
                  {
                    "Node Type": "Hash Join",
                    "Parent Relationship": "Outer",
                    "Parallel Aware": true,
                    "Join Type": "Inner",
                    "Startup Cost": 62834.04,
                    "Total Cost": 664380.0,
                    "Plan Rows": 4933892,
                    "Plan Width": 8,
                    "Actual Startup Time": 292.848,
                    "Actual Total Time": 5155.488,
                    "Actual Rows": 4860070,
                    "Actual Loops": 2,
                    "Inner Unique": true,
                    "Hash Cond": "(ci.movie_id = t.id)",
                    "Plans": [
                      {
                        "Node Type": "Seq Scan",
                        "Parent Relationship": "Outer",
                        "Parallel Aware": true,
                        "Relation Name": "cast_info",
                        "Alias": "ci",
                        "Startup Cost": 0.0,
                        "Total Cost": 572345.93,
                        "Plan Rows": 11123805,
                        "Plan Width": 4,
                        "Actual Startup Time": 0.016,
                        "Actual Total Time": 1764.318,
                        "Actual Rows": 10432324,
                        "Actual Loops": 2,
                        "Filter": "((person_id < 2214275) AND (role_id < 10))",
                        "Rows Removed by Filter": 7689848
                      },
                      {
                        "Node Type": "Hash",
                        "Parent Relationship": "Inner",
                        "Parallel Aware": true,
                        "Startup Cost": 54588.39,
                        "Total Cost": 54588.39,
                        "Plan Rows": 659652,
                        "Plan Width": 4,
                        "Actual Startup Time": 286.998,
                        "Actual Total Time": 286.999,
                        "Actual Rows": 566678,
                        "Actual Loops": 2,
                        "Hash Buckets": 2097152,
                        "Original Hash Buckets": 2097152,
                        "Hash Batches": 1,
                        "Original Hash Batches": 1,
                        "Peak Memory Usage": 60768,
                        "Plans": [
                          {
                            "Node Type": "Seq Scan",
                            "Parent Relationship": "Outer",
                            "Parallel Aware": true,
                            "Relation Name": "title",
                            "Alias": "t",
                            "Startup Cost": 0.0,
                            "Total Cost": 54588.39,
                            "Plan Rows": 659652,
                            "Plan Width": 4,
                            "Actual Startup Time": 0.015,
                            "Actual Total Time": 145.449,
                            "Actual Rows": 566678,
                            "Actual Loops": 2,
                            "Filter": "(production_year < 2002)",
                            "Rows Removed by Filter": 697478
                          }
                        ]
                      }
                    ]
                  },
                  {
                    "Node Type": "Hash",
                    "Parent Relationship": "Inner",
                    "Parallel Aware": true,
                    "Startup Cost": 37974.77,
                    "Total Cost": 37974.77,
                    "Plan Rows": 1384313,
                    "Plan Width": 4,
                    "Actual Startup Time": 430.768,
                    "Actual Total Time": 430.769,
                    "Actual Rows": 1177752,
                    "Actual Loops": 2,
                    "Hash Buckets": 4194304,
                    "Original Hash Buckets": 4194304,
                    "Hash Batches": 1,
                    "Original Hash Batches": 1,
                    "Peak Memory Usage": 124960,
                    "Plans": [
                      {
                        "Node Type": "Seq Scan",
                        "Parent Relationship": "Outer",
                        "Parallel Aware": true,
                        "Relation Name": "movie_companies",
                        "Alias": "mc",
                        "Startup Cost": 0.0,
                        "Total Cost": 37974.77,
                        "Plan Rows": 1384313,
                        "Plan Width": 4,
                        "Actual Startup Time": 0.037,
                        "Actual Total Time": 148.345,
                        "Actual Rows": 1177752,
                        "Actual Loops": 2,
                        "Filter": "(company_id < 100523)",
                        "Rows Removed by Filter": 126813
                      }
                    ]
                  }
                ]
              }
            ]
          }
        ]
      }
    ]
  },
  "Planning Time": 1.099,
  "Triggers": [],
  "Execution Time": 8778.745
}