[
  {
    "Plan": {
      "Node Type": "Aggregate",
      "Strategy": "Plain",
      "Partial Mode": "Finalize",
      "Parallel Aware": false,
      "Startup Cost": 12253.64,
      "Total Cost": 12253.65,
      "Plan Rows": 1,
      "Plan Width": 8,
      "Actual Startup Time": 12.415,
      "Actual Total Time": 14.151,
      "Actual Rows": 1,
      "Actual Loops": 1,
      "Plans": [
        {
          "Node Type": "Gather",
          "Parent Relationship": "Outer",
          "Parallel Aware": false,
          "Startup Cost": 12253.53,
          "Total Cost": 12253.64,
          "Plan Rows": 1,
          "Plan Width": 8,
          "Actual Startup Time": 11.693,
          "Actual Total Time": 14.135,
          "Actual Rows": 2,
          "Actual Loops": 1,
          "Workers Planned": 1,
          "Workers Launched": 1,
          "Single Copy": false,
          "Plans": [
            {
              "Node Type": "Aggregate",
              "Strategy": "Plain",
              "Partial Mode": "Partial",
              "Parent Relationship": "Outer",
              "Parallel Aware": false,
              "Startup Cost": 11253.53,
              "Total Cost": 11253.54,
              "Plan Rows": 1,
              "Plan Width": 8,
              "Actual Startup Time": 5.58,
              "Actual Total Time": 5.583,
              "Actual Rows": 1,
              "Actual Loops": 2,
              "Plans": [
                {
                  "Node Type": "Nested Loop",
                  "Parent Relationship": "Outer",
                  "Parallel Aware": false,
                  "Join Type": "Inner",
                  "Startup Cost": 31.79,
                  "Total Cost": 11251.45,
                  "Plan Rows": 829,
                  "Plan Width": 0,
                  "Actual Startup Time": 0.998,
                  "Actual Total Time": 5.453,
                  "Actual Rows": 570,
                  "Actual Loops": 2,
                  "Inner Unique": true,
                  "Plans": [
                    {
                      "Node Type": "Bitmap Heap Scan",
                      "Parent Relationship": "Outer",
                      "Parallel Aware": true,
                      "Relation Name": "movie_keyword",
                      "Alias": "mk",
                      "Startup Cost": 31.36,
                      "Total Cost": 4551.85,
                      "Plan Rows": 829,
                      "Plan Width": 4,
                      "Actual Startup Time": 0.979,
                      "Actual Total Time": 1.884,
                      "Actual Rows": 570,
                      "Actual Loops": 2,
                      "Recheck Cond": "(keyword_id > 133048)",
                      "Rows Removed by Index Recheck": 0,
                      "Exact Heap Blocks": 372,
                      "Lossy Heap Blocks": 0,
                      "Plans": [
                        {
                          "Node Type": "Bitmap Index Scan",
                          "Parent Relationship": "Outer",
                          "Parallel Aware": false,
                          "Index Name": "keyword_id_movie_keyword",
                          "Startup Cost": 0.0,
                          "Total Cost": 31.01,
                          "Plan Rows": 1410,
                          "Plan Width": 0,
                          "Actual Startup Time": 1.708,
                          "Actual Total Time": 1.709,
                          "Actual Rows": 1141,
                          "Actual Loops": 1,
                          "Index Cond": "(keyword_id > 133048)"
                        }
                      ]
                    },
                    {
                      "Node Type": "Index Only Scan",
                      "Parent Relationship": "Inner",
                      "Parallel Aware": false,
                      "Scan Direction": "Forward",
                      "Index Name": "title_pkey",
                      "Relation Name": "title",
                      "Alias": "t",
                      "Startup Cost": 0.43,
                      "Total Cost": 8.08,
                      "Plan Rows": 1,
                      "Plan Width": 4,
                      "Actual Startup Time": 0.005,
                      "Actual Total Time": 0.005,
                      "Actual Rows": 1,
                      "Actual Loops": 1141,
                      "Index Cond": "(id = mk.movie_id)",
                      "Rows Removed by Index Recheck": 0,
                      "Heap Fetches": 1141
                    }
                  ]
                }
              ]
            }
          ]
        }
      ]
    },
    "Planning Time": 0.636,
    "Triggers": [],
    "Execution Time": 14.244
  }
]