[
  {
    "Plan": {
      "Node Type": "Aggregate",
      "Strategy": "Plain",
      "Partial Mode": "Finalize",
      "Parallel Aware": false,
      "Startup Cost": 34248.37,
      "Total Cost": 34248.38,
      "Plan Rows": 1,
      "Plan Width": 8,
      "Actual Startup Time": 45.843,
      "Actual Total Time": 52.206,
      "Actual Rows": 1,
      "Actual Loops": 1,
      "Plans": [
        {
          "Node Type": "Gather",
          "Parent Relationship": "Outer",
          "Parallel Aware": false,
          "Startup Cost": 34248.15,
          "Total Cost": 34248.36,
          "Plan Rows": 2,
          "Plan Width": 8,
          "Actual Startup Time": 45.559,
          "Actual Total Time": 52.2,
          "Actual Rows": 3,
          "Actual Loops": 1,
          "Workers Planned": 2,
          "Workers Launched": 2,
          "Single Copy": false,
          "Plans": [
            {
              "Node Type": "Aggregate",
              "Strategy": "Plain",
              "Partial Mode": "Partial",
              "Parent Relationship": "Outer",
              "Parallel Aware": false,
              "Startup Cost": 33248.15,
              "Total Cost": 33248.16,
              "Plan Rows": 1,
              "Plan Width": 8,
              "Actual Startup Time": 37.32,
              "Actual Total Time": 37.322,
              "Actual Rows": 1,
              "Actual Loops": 3,
              "Plans": [
                {
                  "Node Type": "Nested Loop",
                  "Parent Relationship": "Outer",
                  "Parallel Aware": false,
                  "Join Type": "Inner",
                  "Startup Cost": 137.95,
                  "Total Cost": 33245.57,
                  "Plan Rows": 1035,
                  "Plan Width": 0,
                  "Actual Startup Time": 3.178,
                  "Actual Total Time": 36.964,
                  "Actual Rows": 1983,
                  "Actual Loops": 3,
                  "Inner Unique": true,
                  "Plans": [
                    {
                      "Node Type": "Bitmap Heap Scan",
                      "Parent Relationship": "Outer",
                      "Parallel Aware": true,
                      "Relation Name": "movie_keyword",
                      "Alias": "mk",
                      "Startup Cost": 137.52,
                      "Total Cost": 14545.79,
                      "Plan Rows": 2639,
                      "Plan Width": 4,
                      "Actual Startup Time": 2.566,
                      "Actual Total Time": 12.514,
                      "Actual Rows": 2175,
                      "Actual Loops": 3,
                      "Recheck Cond": "(keyword_id = 70)",
                      "Rows Removed by Index Recheck": 0,
                      "Exact Heap Blocks": 3812,
                      "Lossy Heap Blocks": 0,
                      "Plans": [
                        {
                          "Node Type": "Bitmap Index Scan",
                          "Parent Relationship": "Outer",
                          "Parallel Aware": false,
                          "Index Name": "keyword_id_movie_keyword",
                          "Startup Cost": 0.0,
                          "Total Cost": 135.94,
                          "Plan Rows": 6334,
                          "Plan Width": 0,
                          "Actual Startup Time": 4.719,
                          "Actual Total Time": 4.719,
                          "Actual Rows": 6525,
                          "Actual Loops": 1,
                          "Index Cond": "(keyword_id = 70)"
                        }
                      ]
                    },
                    {
                      "Node Type": "Index Scan",
                      "Parent Relationship": "Inner",
                      "Parallel Aware": false,
                      "Scan Direction": "Forward",
                      "Index Name": "title_pkey",
                      "Relation Name": "title",
                      "Alias": "t",
                      "Startup Cost": 0.43,
                      "Total Cost": 7.09,
                      "Plan Rows": 1,
                      "Plan Width": 4,
                      "Actual Startup Time": 0.01,
                      "Actual Total Time": 0.01,
                      "Actual Rows": 1,
                      "Actual Loops": 6525,
                      "Index Cond": "(id = mk.movie_id)",
                      "Rows Removed by Index Recheck": 0,
                      "Filter": "(kind_id < 7)",
                      "Rows Removed by Filter": 0
                    }
                  ]
                }
              ]
            }
          ]
        }
      ]
    },
    "Planning Time": 0.576,
    "Triggers": [],
    "Execution Time": 52.287
  }
]