[
  {
    "Plan": {
      "Node Type": "Aggregate",
      "Strategy": "Plain",
      "Partial Mode": "Finalize",
      "Parallel Aware": false,
      "Startup Cost": 31928.47,
      "Total Cost": 31928.48,
      "Plan Rows": 1,
      "Plan Width": 8,
      "Actual Startup Time": 136.702,
      "Actual Total Time": 149.004,
      "Actual Rows": 1,
      "Actual Loops": 1,
      "Plans": [
        {
          "Node Type": "Gather",
          "Parent Relationship": "Outer",
          "Parallel Aware": false,
          "Startup Cost": 31928.16,
          "Total Cost": 31928.47,
          "Plan Rows": 3,
          "Plan Width": 8,
          "Actual Startup Time": 136.572,
          "Actual Total Time": 148.997,
          "Actual Rows": 4,
          "Actual Loops": 1,
          "Workers Planned": 3,
          "Workers Launched": 3,
          "Single Copy": false,
          "Plans": [
            {
              "Node Type": "Aggregate",
              "Strategy": "Plain",
              "Partial Mode": "Partial",
              "Parent Relationship": "Outer",
              "Parallel Aware": false,
              "Startup Cost": 30928.16,
              "Total Cost": 30928.17,
              "Plan Rows": 1,
              "Plan Width": 8,
              "Actual Startup Time": 132.412,
              "Actual Total Time": 132.413,
              "Actual Rows": 1,
              "Actual Loops": 4,
              "Plans": [
                {
                  "Node Type": "Seq Scan",
                  "Parent Relationship": "Outer",
                  "Parallel Aware": true,
                  "Relation Name": "movie_companies",
                  "Alias": "mc",
                  "Startup Cost": 0.0,
                  "Total Cost": 29310.68,
                  "Plan Rows": 646990,
                  "Plan Width": 0,
                  "Actual Startup Time": 0.03,
                  "Actual Total Time": 101.124,
                  "Actual Rows": 502574,
                  "Actual Loops": 4,
                  "Filter": "(company_id < 68137)",
                  "Rows Removed by Filter": 149708
                }
              ]
            }
          ]
        }
      ]
    },
    "Planning Time": 0.207,
    "Triggers": [],
    "Execution Time": 149.048
  }
]