[
  {
    "Plan": {
      "Node Type": "Aggregate",
      "Strategy": "Plain",
      "Partial Mode": "Finalize",
      "Parallel Aware": false,
      "Startup Cost": 133094.53,
      "Total Cost": 133094.54,
      "Plan Rows": 1,
      "Plan Width": 8,
      "Actual Startup Time": 965.646,
      "Actual Total Time": 985.456,
      "Actual Rows": 1,
      "Actual Loops": 1,
      "Plans": [
        {
          "Node Type": "Gather",
          "Parent Relationship": "Outer",
          "Parallel Aware": false,
          "Startup Cost": 133094.21,
          "Total Cost": 133094.52,
          "Plan Rows": 3,
          "Plan Width": 8,
          "Actual Startup Time": 957.885,
          "Actual Total Time": 985.449,
          "Actual Rows": 4,
          "Actual Loops": 1,
          "Workers Planned": 3,
          "Workers Launched": 3,
          "Single Copy": false,
          "Plans": [
            {
              "Node Type": "Aggregate",
              "Strategy": "Plain",
              "Partial Mode": "Partial",
              "Parent Relationship": "Outer",
              "Parallel Aware": false,
              "Startup Cost": 132094.21,
              "Total Cost": 132094.22,
              "Plan Rows": 1,
              "Plan Width": 8,
              "Actual Startup Time": 947.878,
              "Actual Total Time": 947.883,
              "Actual Rows": 1,
              "Actual Loops": 4,
              "Plans": [
                {
                  "Node Type": "Hash Join",
                  "Parent Relationship": "Outer",
                  "Parallel Aware": true,
                  "Join Type": "Inner",
                  "Startup Cost": 84799.87,
                  "Total Cost": 131304.08,
                  "Plan Rows": 316054,
                  "Plan Width": 0,
                  "Actual Startup Time": 465.254,
                  "Actual Total Time": 835.411,
                  "Actual Rows": 2886238,
                  "Actual Loops": 4,
                  "Inner Unique": false,
                  "Hash Cond": "(mk.movie_id = t.id)",
                  "Plans": [
                    {
                      "Node Type": "Seq Scan",
                      "Parent Relationship": "Outer",
                      "Parallel Aware": true,
                      "Relation Name": "movie_keyword",
                      "Alias": "mk",
                      "Startup Cost": 0.0,
                      "Total Cost": 42695.65,
                      "Plan Rows": 804914,
                      "Plan Width": 4,
                      "Actual Startup Time": 0.035,
                      "Actual Total Time": 103.656,
                      "Actual Rows": 624600,
                      "Actual Loops": 4,
                      "Filter": "(keyword_id < 6104)",
                      "Rows Removed by Filter": 506383
                    },
                    {
                      "Node Type": "Hash",
                      "Parent Relationship": "Inner",
                      "Parallel Aware": true,
                      "Startup Cost": 81697.53,
                      "Total Cost": 81697.53,
                      "Plan Rows": 248187,
                      "Plan Width": 8,
                      "Actual Startup Time": 459.104,
                      "Actual Total Time": 459.108,
                      "Actual Rows": 212298,
                      "Actual Loops": 4,
                      "Hash Buckets": 1048576,
                      "Original Hash Buckets": 1048576,
                      "Hash Batches": 1,
                      "Original Hash Batches": 1,
                      "Peak Memory Usage": 41472,
                      "Plans": [
                        {
                          "Node Type": "Hash Join",
                          "Parent Relationship": "Outer",
                          "Parallel Aware": true,
                          "Join Type": "Inner",
                          "Startup Cost": 35417.83,
                          "Total Cost": 81697.53,
                          "Plan Rows": 248187,
                          "Plan Width": 8,
                          "Actual Startup Time": 146.088,
                          "Actual Total Time": 395.215,
                          "Actual Rows": 212298,
                          "Actual Loops": 4,
                          "Inner Unique": false,
                          "Hash Cond": "(t.id = mc.movie_id)",
                          "Plans": [
                            {
                              "Node Type": "Seq Scan",
                              "Parent Relationship": "Outer",
                              "Parallel Aware": true,
                              "Relation Name": "title",
                              "Alias": "t",
                              "Startup Cost": 0.0,
                              "Total Cost": 42318.73,
                              "Plan Rows": 632073,
                              "Plan Width": 4,
                              "Actual Startup Time": 0.011,
                              "Actual Total Time": 74.69,
                              "Actual Rows": 632078,
                              "Actual Loops": 4
                            },
                            {
                              "Node Type": "Hash",
                              "Parent Relationship": "Inner",
                              "Parallel Aware": true,
                              "Startup Cost": 31414.82,
                              "Total Cost": 31414.82,
                              "Plan Rows": 320241,
                              "Plan Width": 4,
                              "Actual Startup Time": 143.313,
                              "Actual Total Time": 143.314,
                              "Actual Rows": 212298,
                              "Actual Loops": 4,
                              "Hash Buckets": 1048576,
                              "Original Hash Buckets": 1048576,
                              "Hash Batches": 1,
                              "Original Hash Batches": 1,
                              "Peak Memory Usage": 41472,
                              "Plans": [
                                {
                                  "Node Type": "Seq Scan",
                                  "Parent Relationship": "Outer",
                                  "Parallel Aware": true,
                                  "Relation Name": "movie_companies",
                                  "Alias": "mc",
                                  "Startup Cost": 0.0,
                                  "Total Cost": 31414.82,
                                  "Plan Rows": 320241,
                                  "Plan Width": 4,
                                  "Actual Startup Time": 0.416,
                                  "Actual Total Time": 81.323,
                                  "Actual Rows": 212298,
                                  "Actual Loops": 4,
                                  "Filter": "((company_id > 666) AND (company_type_id < 2))",
                                  "Rows Removed by Filter": 439984
                                }
                              ]
                            }
                          ]
                        }
                      ]
                    }
                  ]
                }
              ]
            }
          ]
        }
      ]
    },
    "Planning Time": 1.532,
    "Triggers": [],
    "Execution Time": 985.556
  }
]