{
  "Plan": {
    "Node Type": "Aggregate",
    "Strategy": "Plain",
    "Partial Mode": "Finalize",
    "Parallel Aware": false,
    "Startup Cost": 19130.06,
    "Total Cost": 19130.07,
    "Plan Rows": 1,
    "Plan Width": 8,
    "Actual Startup Time": 32.246,
    "Actual Total Time": 35.697,
    "Actual Rows": 1,
    "Actual Loops": 1,
    "Plans": [
      {
        "Node Type": "Gather",
        "Parent Relationship": "Outer",
        "Parallel Aware": false,
        "Startup Cost": 19129.94,
        "Total Cost": 19130.05,
        "Plan Rows": 1,
        "Plan Width": 8,
        "Actual Startup Time": 31.671,
        "Actual Total Time": 35.687,
        "Actual Rows": 2,
        "Actual Loops": 1,
        "Workers Planned": 1,
        "Workers Launched": 1,
        "Single Copy": false,
        "Plans": [
          {
            "Node Type": "Aggregate",
            "Strategy": "Plain",
            "Partial Mode": "Partial",
            "Parent Relationship": "Outer",
            "Parallel Aware": false,
            "Startup Cost": 18129.94,
            "Total Cost": 18129.95,
            "Plan Rows": 1,
            "Plan Width": 8,
            "Actual Startup Time": 25.745,
            "Actual Total Time": 25.748,
            "Actual Rows": 1,
            "Actual Loops": 2,
            "Plans": [
              {
                "Node Type": "Nested Loop",
                "Parent Relationship": "Outer",
                "Parallel Aware": false,
                "Join Type": "Inner",
                "Startup Cost": 80.49,
                "Total Cost": 18129.47,
                "Plan Rows": 191,
                "Plan Width": 0,
                "Actual Startup Time": 1.934,
                "Actual Total Time": 25.63,
                "Actual Rows": 426,
                "Actual Loops": 2,
                "Inner Unique": false,
                "Plans": [
                  {
                    "Node Type": "Nested Loop",
                    "Parent Relationship": "Outer",
                    "Parallel Aware": false,
                    "Join Type": "Inner",
                    "Startup Cost": 80.06,
                    "Total Cost": 17575.75,
                    "Plan Rows": 1065,
                    "Plan Width": 8,
                    "Actual Startup Time": 1.716,
                    "Actual Total Time": 17.639,
                    "Actual Rows": 1888,
                    "Actual Loops": 2,
                    "Inner Unique": true,
                    "Plans": [
                      {
                        "Node Type": "Bitmap Heap Scan",
                        "Parent Relationship": "Outer",
                        "Parallel Aware": true,
                        "Relation Name": "movie_companies",
                        "Alias": "mc",
                        "Startup Cost": 79.63,
                        "Total Cost": 9071.06,
                        "Plan Rows": 1065,
                        "Plan Width": 4,
                        "Actual Startup Time": 1.567,
                        "Actual Total Time": 2.877,
                        "Actual Rows": 1888,
                        "Actual Loops": 2,
                        "Recheck Cond": "(company_id = 394)",
                        "Rows Removed by Index Recheck": 0,
                        "Filter": "(company_type_id > 1)",
                        "Rows Removed by Filter": 474,
                        "Exact Heap Blocks": 361,
                        "Lossy Heap Blocks": 0,
                        "Plans": [
                          {
                            "Node Type": "Bitmap Index Scan",
                            "Parent Relationship": "Outer",
                            "Parallel Aware": false,
                            "Index Name": "company_id_movie_companies",
                            "Startup Cost": 0.0,
                            "Total Cost": 79.18,
                            "Plan Rows": 3566,
                            "Plan Width": 0,
                            "Actual Startup Time": 1.941,
                            "Actual Total Time": 1.942,
                            "Actual Rows": 4726,
                            "Actual Loops": 1,
                            "Index Cond": "(company_id = 394)"
                          }
                        ]
                      },
                      {
                        "Node Type": "Index Only Scan",
                        "Parent Relationship": "Inner",
                        "Parallel Aware": false,
                        "Scan Direction": "Forward",
                        "Index Name": "title_pkey",
                        "Relation Name": "title",
                        "Alias": "t",
                        "Startup Cost": 0.43,
                        "Total Cost": 7.99,
                        "Plan Rows": 1,
                        "Plan Width": 4,
                        "Actual Startup Time": 0.007,
                        "Actual Total Time": 0.007,
                        "Actual Rows": 1,
                        "Actual Loops": 3777,
                        "Index Cond": "(id = mc.movie_id)",
                        "Rows Removed by Index Recheck": 0,
                        "Heap Fetches": 3777
                      }
                    ]
                  },
                  {
                    "Node Type": "Index Scan",
                    "Parent Relationship": "Inner",
                    "Parallel Aware": false,
                    "Scan Direction": "Forward",
                    "Index Name": "movie_id_movie_info_idx",
                    "Relation Name": "movie_info_idx",
                    "Alias": "mi_idx",
                    "Startup Cost": 0.43,
                    "Total Cost": 0.51,
                    "Plan Rows": 1,
                    "Plan Width": 4,
                    "Actual Startup Time": 0.003,
                    "Actual Total Time": 0.004,
                    "Actual Rows": 0,
                    "Actual Loops": 3777,
                    "Index Cond": "(movie_id = t.id)",
                    "Rows Removed by Index Recheck": 0,
                    "Filter": "(info_type_id = 99)",
                    "Rows Removed by Filter": 0
                  }
                ]
              }
            ]
          }
        ]
      }
    ]
  },
  "Planning Time": 0.982,
  "Triggers": [],
  "Execution Time": 35.795
}