[
  {
    "Plan": {
      "Node Type": "Aggregate",
      "Strategy": "Plain",
      "Partial Mode": "Simple",
      "Parallel Aware": false,
      "Startup Cost": 11295.67,
      "Total Cost": 11295.68,
      "Plan Rows": 1,
      "Plan Width": 128,
      "Actual Startup Time": 2924.214,
      "Actual Total Time": 2924.222,
      "Actual Rows": 1,
      "Actual Loops": 1,
      "Output": [
        "min(mi.info)",
        "min(mi_idx.info)",
        "min((kt.kind)::text)",
        "min(t.title)"
      ],
      "Plans": [
        {
          "Node Type": "Nested Loop",
          "Parent Relationship": "Outer",
          "Parallel Aware": false,
          "Join Type": "Inner",
          "Startup Cost": 13.64,
          "Total Cost": 11295.66,
          "Plan Rows": 1,
          "Plan Width": 76,
          "Actual Startup Time": 69.923,
          "Actual Total Time": 2923.878,
          "Actual Rows": 300,
          "Actual Loops": 1,
          "Output": [
            "mi.info",
            "mi_idx.info",
            "kt.kind",
            "t.title"
          ],
          "Inner Unique": true,
          "Plans": [
            {
              "Node Type": "Nested Loop",
              "Parent Relationship": "Outer",
              "Parallel Aware": false,
              "Join Type": "Inner",
              "Startup Cost": 13.51,
              "Total Cost": 11295.51,
              "Plan Rows": 1,
              "Plan Width": 70,
              "Actual Startup Time": 69.913,
              "Actual Total Time": 2923.095,
              "Actual Rows": 300,
              "Actual Loops": 1,
              "Output": [
                "mi.info",
                "mi_idx.info",
                "t.title",
                "t.kind_id"
              ],
              "Inner Unique": false,
              "Join Filter": "(mi_idx.info_type_id = it2.id)",
              "Rows Removed by Join Filter": 600,
              "Plans": [
                {
                  "Node Type": "Seq Scan",
                  "Parent Relationship": "Outer",
                  "Parallel Aware": false,
                  "Relation Name": "info_type",
                  "Schema": "public",
                  "Alias": "it2",
                  "Startup Cost": 0.0,
                  "Total Cost": 2.41,
                  "Plan Rows": 1,
                  "Plan Width": 4,
                  "Actual Startup Time": 0.104,
                  "Actual Total Time": 0.108,
                  "Actual Rows": 1,
                  "Actual Loops": 1,
                  "Output": [
                    "it2.id",
                    "it2.info"
                  ],
                  "Filter": "((it2.info)::text = 'votes'::text)",
                  "Rows Removed by Filter": 112
                },
                {
                  "Node Type": "Nested Loop",
                  "Parent Relationship": "Inner",
                  "Parallel Aware": false,
                  "Join Type": "Inner",
                  "Startup Cost": 13.51,
                  "Total Cost": 11291.85,
                  "Plan Rows": 100,
                  "Plan Width": 74,
                  "Actual Startup Time": 69.803,
                  "Actual Total Time": 2922.77,
                  "Actual Rows": 900,
                  "Actual Loops": 1,
                  "Output": [
                    "mi.info",
                    "mi_idx.info",
                    "mi_idx.info_type_id",
                    "t.title",
                    "t.kind_id"
                  ],
                  "Inner Unique": false,
                  "Join Filter": "(t.id = mi_idx.movie_id)",
                  "Rows Removed by Join Filter": 0,
                  "Plans": [
                    {
                      "Node Type": "Nested Loop",
                      "Parent Relationship": "Outer",
                      "Parallel Aware": false,
                      "Join Type": "Inner",
                      "Startup Cost": 13.08,
                      "Total Cost": 11291.32,
                      "Plan Rows": 1,
                      "Plan Width": 85,
                      "Actual Startup Time": 69.704,
                      "Actual Total Time": 2917.741,
                      "Actual Rows": 300,
                      "Actual Loops": 1,
                      "Output": [
                        "ci.movie_id",
                        "mc.movie_id",
                        "mi.info",
                        "mi.movie_id",
                        "mk.movie_id",
                        "t.title",
                        "t.id",
                        "t.kind_id"
                      ],
                      "Inner Unique": true,
                      "Join Filter": "(mi.info_type_id = it1.id)",
                      "Rows Removed by Join Filter": 0,
                      "Plans": [
                        {
                          "Node Type": "Nested Loop",
                          "Parent Relationship": "Outer",
                          "Parallel Aware": false,
                          "Join Type": "Inner",
                          "Startup Cost": 13.08,
                          "Total Cost": 11288.89,
                          "Plan Rows": 1,
                          "Plan Width": 89,
                          "Actual Startup Time": 69.688,
                          "Actual Total Time": 2915.361,
                          "Actual Rows": 300,
                          "Actual Loops": 1,
                          "Output": [
                            "ci.movie_id",
                            "mc.movie_id",
                            "mi.info",
                            "mi.movie_id",
                            "mi.info_type_id",
                            "mk.movie_id",
                            "t.title",
                            "t.id",
                            "t.kind_id"
                          ],
                          "Inner Unique": false,
                          "Join Filter": "(t.id = mi.movie_id)",
                          "Rows Removed by Join Filter": 0,
                          "Plans": [
                            {
                              "Node Type": "Nested Loop",
                              "Parent Relationship": "Outer",
                              "Parallel Aware": false,
                              "Join Type": "Inner",
                              "Startup Cost": 12.65,
                              "Total Cost": 11287.41,
                              "Plan Rows": 1,
                              "Plan Width": 37,
                              "Actual Startup Time": 69.318,
                              "Actual Total Time": 2876.358,
                              "Actual Rows": 371,
                              "Actual Loops": 1,
                              "Output": [
                                "ci.movie_id",
                                "mc.movie_id",
                                "mk.movie_id",
                                "t.title",
                                "t.id",
                                "t.kind_id"
                              ],
                              "Inner Unique": true,
                              "Plans": [
                                {
                                  "Node Type": "Nested Loop",
                                  "Parent Relationship": "Outer",
                                  "Parallel Aware": false,
                                  "Join Type": "Inner",
                                  "Startup Cost": 12.23,
                                  "Total Cost": 11279.18,
                                  "Plan Rows": 1,
                                  "Plan Width": 41,
                                  "Actual Startup Time": 17.121,
                                  "Actual Total Time": 2774.877,
                                  "Actual Rows": 7902,
                                  "Actual Loops": 1,
                                  "Output": [
                                    "ci.movie_id",
                                    "mc.movie_id",
                                    "mc.company_id",
                                    "mk.movie_id",
                                    "t.title",
                                    "t.id",
                                    "t.kind_id"
                                  ],
                                  "Inner Unique": false,
                                  "Join Filter": "(t.id = ci.movie_id)",
                                  "Rows Removed by Join Filter": 0,
                                  "Plans": [
                                    {
                                      "Node Type": "Nested Loop",
                                      "Parent Relationship": "Outer",
                                      "Parallel Aware": false,
                                      "Join Type": "Inner",
                                      "Startup Cost": 11.66,
                                      "Total Cost": 11277.38,
                                      "Plan Rows": 1,
                                      "Plan Width": 37,
                                      "Actual Startup Time": 16.204,
                                      "Actual Total Time": 1096.017,
                                      "Actual Rows": 9122,
                                      "Actual Loops": 1,
                                      "Output": [
                                        "mk.movie_id",
                                        "mc.movie_id",
                                        "mc.company_id",
                                        "t.title",
                                        "t.id",
                                        "t.kind_id"
                                      ],
                                      "Inner Unique": true,
                                      "Plans": [
                                        {
                                          "Node Type": "Nested Loop",
                                          "Parent Relationship": "Outer",
                                          "Parallel Aware": false,
                                          "Join Type": "Inner",
                                          "Startup Cost": 11.23,
                                          "Total Cost": 11276.89,
                                          "Plan Rows": 1,
                                          "Plan Width": 12,
                                          "Actual Startup Time": 16.118,
                                          "Actual Total Time": 1030.207,
                                          "Actual Rows": 12705,
                                          "Actual Loops": 1,
                                          "Output": [
                                            "mk.movie_id",
                                            "mc.movie_id",
                                            "mc.company_id"
                                          ],
                                          "Inner Unique": false,
                                          "Plans": [
                                            {
                                              "Node Type": "Nested Loop",
                                              "Parent Relationship": "Outer",
                                              "Parallel Aware": false,
                                              "Join Type": "Inner",
                                              "Startup Cost": 10.8,
                                              "Total Cost": 11143.55,
                                              "Plan Rows": 236,
                                              "Plan Width": 4,
                                              "Actual Startup Time": 12.677,
                                              "Actual Total Time": 252.493,
                                              "Actual Rows": 76714,
                                              "Actual Loops": 1,
                                              "Output": [
                                                "mk.movie_id"
                                              ],
                                              "Inner Unique": false,
                                              "Plans": [
                                                {
                                                  "Node Type": "Seq Scan",
                                                  "Parent Relationship": "Outer",
                                                  "Parallel Aware": false,
                                                  "Relation Name": "keyword",
                                                  "Schema": "public",
                                                  "Alias": "k",
                                                  "Startup Cost": 0.0,
                                                  "Total Cost": 3464.69,
                                                  "Plan Rows": 7,
                                                  "Plan Width": 4,
                                                  "Actual Startup Time": 2.552,
                                                  "Actual Total Time": 32.485,
                                                  "Actual Rows": 7,
                                                  "Actual Loops": 1,
                                                  "Output": [
                                                    "k.id",
                                                    "k.keyword",
                                                    "k.phonetic_code"
                                                  ],
                                                  "Filter": "(k.keyword = ANY ('{murder,violence,blood,gore,death,female-nudity,hospital}'::text[]))",
                                                  "Rows Removed by Filter": 134163
                                                },
                                                {
                                                  "Node Type": "Bitmap Heap Scan",
                                                  "Parent Relationship": "Inner",
                                                  "Parallel Aware": false,
                                                  "Relation Name": "movie_keyword",
                                                  "Schema": "public",
                                                  "Alias": "mk",
                                                  "Startup Cost": 10.8,
                                                  "Total Cost": 1093.92,
                                                  "Plan Rows": 306,
                                                  "Plan Width": 8,
                                                  "Actual Startup Time": 3.928,
                                                  "Actual Total Time": 29.495,
                                                  "Actual Rows": 10959,
                                                  "Actual Loops": 7,
                                                  "Output": [
                                                    "mk.id",
                                                    "mk.movie_id",
                                                    "mk.keyword_id"
                                                  ],
                                                  "Recheck Cond": "(mk.keyword_id = k.id)",
                                                  "Rows Removed by Index Recheck": 0,
                                                  "Exact Heap Blocks": 53234,
                                                  "Lossy Heap Blocks": 0,
                                                  "Plans": [
                                                    {
                                                      "Node Type": "Bitmap Index Scan",
                                                      "Parent Relationship": "Outer",
                                                      "Parallel Aware": false,
                                                      "Index Name": "keyword_id_movie_keyword",
                                                      "Startup Cost": 0.0,
                                                      "Total Cost": 10.73,
                                                      "Plan Rows": 306,
                                                      "Plan Width": 0,
                                                      "Actual Startup Time": 2.182,
                                                      "Actual Total Time": 2.182,
                                                      "Actual Rows": 10959,
                                                      "Actual Loops": 7,
                                                      "Index Cond": "(mk.keyword_id = k.id)"
                                                    }
                                                  ]
                                                }
                                              ]
                                            },
                                            {
                                              "Node Type": "Index Scan",
                                              "Parent Relationship": "Inner",
                                              "Parallel Aware": false,
                                              "Scan Direction": "Forward",
                                              "Index Name": "movie_id_movie_companies",
                                              "Relation Name": "movie_companies",
                                              "Schema": "public",
                                              "Alias": "mc",
                                              "Startup Cost": 0.43,
                                              "Total Cost": 0.56,
                                              "Plan Rows": 1,
                                              "Plan Width": 8,
                                              "Actual Startup Time": 0.009,
                                              "Actual Total Time": 0.01,
                                              "Actual Rows": 0,
                                              "Actual Loops": 76714,
                                              "Output": [
                                                "mc.id",
                                                "mc.movie_id",
                                                "mc.company_id",
                                                "mc.company_type_id",
                                                "mc.note"
                                              ],
                                              "Index Cond": "(mc.movie_id = mk.movie_id)",
                                              "Rows Removed by Index Recheck": 0,
                                              "Filter": "(mc.note ~~ '%(Blu-ray)%'::text)",
                                              "Rows Removed by Filter": 8
                                            }
                                          ]
                                        },
                                        {
                                          "Node Type": "Index Scan",
                                          "Parent Relationship": "Inner",
                                          "Parallel Aware": false,
                                          "Scan Direction": "Forward",
                                          "Index Name": "title_pkey",
                                          "Relation Name": "title",
                                          "Schema": "public",
                                          "Alias": "t",
                                          "Startup Cost": 0.43,
                                          "Total Cost": 0.49,
                                          "Plan Rows": 1,
                                          "Plan Width": 25,
                                          "Actual Startup Time": 0.005,
                                          "Actual Total Time": 0.005,
                                          "Actual Rows": 1,
                                          "Actual Loops": 12705,
                                          "Output": [
                                            "t.id",
                                            "t.title",
                                            "t.imdb_index",
                                            "t.kind_id",
                                            "t.production_year",
                                            "t.imdb_id",
                                            "t.phonetic_code",
                                            "t.episode_of_id",
                                            "t.season_nr",
                                            "t.episode_nr",
                                            "t.series_years",
                                            "t.md5sum"
                                          ],
                                          "Index Cond": "(t.id = mk.movie_id)",
                                          "Rows Removed by Index Recheck": 0,
                                          "Filter": "(t.production_year > 2000)",
                                          "Rows Removed by Filter": 0
                                        }
                                      ]
                                    },
                                    {
                                      "Node Type": "Index Scan",
                                      "Parent Relationship": "Inner",
                                      "Parallel Aware": false,
                                      "Scan Direction": "Forward",
                                      "Index Name": "movie_id_cast_info",
                                      "Relation Name": "cast_info",
                                      "Schema": "public",
                                      "Alias": "ci",
                                      "Startup Cost": 0.56,
                                      "Total Cost": 1.78,
                                      "Plan Rows": 1,
                                      "Plan Width": 4,
                                      "Actual Startup Time": 0.131,
                                      "Actual Total Time": 0.183,
                                      "Actual Rows": 1,
                                      "Actual Loops": 9122,
                                      "Output": [
                                        "ci.id",
                                        "ci.person_id",
                                        "ci.movie_id",
                                        "ci.person_role_id",
                                        "ci.note",
                                        "ci.nr_order",
                                        "ci.role_id"
                                      ],
                                      "Index Cond": "(ci.movie_id = mk.movie_id)",
                                      "Rows Removed by Index Recheck": 0,
                                      "Filter": "(ci.note = ANY ('{(writer),\"(head writer)\",\"(written by)\",(story),\"(story editor)\"}'::text[]))",
                                      "Rows Removed by Filter": 154
                                    }
                                  ]
                                },
                                {
                                  "Node Type": "Index Scan",
                                  "Parent Relationship": "Inner",
                                  "Parallel Aware": false,
                                  "Scan Direction": "Forward",
                                  "Index Name": "company_name_pkey",
                                  "Relation Name": "company_name",
                                  "Schema": "public",
                                  "Alias": "cn",
                                  "Startup Cost": 0.42,
                                  "Total Cost": 8.22,
                                  "Plan Rows": 1,
                                  "Plan Width": 4,
                                  "Actual Startup Time": 0.012,
                                  "Actual Total Time": 0.012,
                                  "Actual Rows": 0,
                                  "Actual Loops": 7902,
                                  "Output": [
                                    "cn.id",
                                    "cn.name",
                                    "cn.country_code",
                                    "cn.imdb_id",
                                    "cn.name_pcode_nf",
                                    "cn.name_pcode_sf",
                                    "cn.md5sum"
                                  ],
                                  "Index Cond": "(cn.id = mc.company_id)",
                                  "Rows Removed by Index Recheck": 0,
                                  "Filter": "((cn.country_code)::text = '[hk]'::text)",
                                  "Rows Removed by Filter": 1
                                }
                              ]
                            },
                            {
                              "Node Type": "Index Scan",
                              "Parent Relationship": "Inner",
                              "Parallel Aware": false,
                              "Scan Direction": "Forward",
                              "Index Name": "movie_id_movie_info",
                              "Relation Name": "movie_info",
                              "Schema": "public",
                              "Alias": "mi",
                              "Startup Cost": 0.43,
                              "Total Cost": 1.47,
                              "Plan Rows": 1,
                              "Plan Width": 52,
                              "Actual Startup Time": 0.104,
                              "Actual Total Time": 0.104,
                              "Actual Rows": 1,
                              "Actual Loops": 371,
                              "Output": [
                                "mi.id",
                                "mi.movie_id",
                                "mi.info_type_id",
                                "mi.info",
                                "mi.note"
                              ],
                              "Index Cond": "(mi.movie_id = mk.movie_id)",
                              "Rows Removed by Index Recheck": 0,
                              "Filter": "(mi.info = ANY ('{Horror,Thriller}'::text[]))",
                              "Rows Removed by Filter": 187
                            }
                          ]
                        },
                        {
                          "Node Type": "Seq Scan",
                          "Parent Relationship": "Inner",
                          "Parallel Aware": false,
                          "Relation Name": "info_type",
                          "Schema": "public",
                          "Alias": "it1",
                          "Startup Cost": 0.0,
                          "Total Cost": 2.41,
                          "Plan Rows": 1,
                          "Plan Width": 4,
                          "Actual Startup Time": 0.004,
                          "Actual Total Time": 0.004,
                          "Actual Rows": 1,
                          "Actual Loops": 300,
                          "Output": [
                            "it1.id",
                            "it1.info"
                          ],
                          "Filter": "((it1.info)::text = 'genres'::text)",
                          "Rows Removed by Filter": 2
                        }
                      ]
                    },
                    {
                      "Node Type": "Index Scan",
                      "Parent Relationship": "Inner",
                      "Parallel Aware": false,
                      "Scan Direction": "Forward",
                      "Index Name": "movie_id_movie_info_idx",
                      "Relation Name": "movie_info_idx",
                      "Schema": "public",
                      "Alias": "mi_idx",
                      "Startup Cost": 0.43,
                      "Total Cost": 0.49,
                      "Plan Rows": 3,
                      "Plan Width": 13,
                      "Actual Startup Time": 0.014,
                      "Actual Total Time": 0.015,
                      "Actual Rows": 3,
                      "Actual Loops": 300,
                      "Output": [
                        "mi_idx.id",
                        "mi_idx.movie_id",
                        "mi_idx.info_type_id",
                        "mi_idx.info",
                        "mi_idx.note"
                      ],
                      "Index Cond": "(mi_idx.movie_id = mk.movie_id)",
                      "Rows Removed by Index Recheck": 0
                    }
                  ]
                }
              ]
            },
            {
              "Node Type": "Index Scan",
              "Parent Relationship": "Inner",
              "Parallel Aware": false,
              "Scan Direction": "Forward",
              "Index Name": "kind_type_pkey",
              "Relation Name": "kind_type",
              "Schema": "public",
              "Alias": "kt",
              "Startup Cost": 0.13,
              "Total Cost": 0.15,
              "Plan Rows": 1,
              "Plan Width": 14,
              "Actual Startup Time": 0.002,
              "Actual Total Time": 0.002,
              "Actual Rows": 1,
              "Actual Loops": 300,
              "Output": [
                "kt.id",
                "kt.kind"
              ],
              "Index Cond": "(kt.id = t.kind_id)",
              "Rows Removed by Index Recheck": 0
            }
          ]
        }
      ]
    },
    "Planning Time": 26806.725,
    "Triggers": [],
    "Execution Time": 2924.594
  }
]