[
  {
    "Plan": {
      "Node Type": "Aggregate",
      "Strategy": "Plain",
      "Partial Mode": "Finalize",
      "Parallel Aware": false,
      "Startup Cost": 30957.59,
      "Total Cost": 30957.6,
      "Plan Rows": 1,
      "Plan Width": 8,
      "Actual Startup Time": 98.641,
      "Actual Total Time": 107.161,
      "Actual Rows": 1,
      "Actual Loops": 1,
      "Plans": [
        {
          "Node Type": "Gather",
          "Parent Relationship": "Outer",
          "Parallel Aware": false,
          "Startup Cost": 30957.27,
          "Total Cost": 30957.58,
          "Plan Rows": 3,
          "Plan Width": 8,
          "Actual Startup Time": 98.488,
          "Actual Total Time": 107.153,
          "Actual Rows": 4,
          "Actual Loops": 1,
          "Workers Planned": 3,
          "Workers Launched": 3,
          "Single Copy": false,
          "Plans": [
            {
              "Node Type": "Aggregate",
              "Strategy": "Plain",
              "Partial Mode": "Partial",
              "Parent Relationship": "Outer",
              "Parallel Aware": false,
              "Startup Cost": 29957.27,
              "Total Cost": 29957.28,
              "Plan Rows": 1,
              "Plan Width": 8,
              "Actual Startup Time": 92.858,
              "Actual Total Time": 92.86,
              "Actual Rows": 1,
              "Actual Loops": 4,
              "Plans": [
                {
                  "Node Type": "Seq Scan",
                  "Parent Relationship": "Outer",
                  "Parallel Aware": true,
                  "Relation Name": "movie_companies",
                  "Alias": "mc",
                  "Startup Cost": 0.0,
                  "Total Cost": 29310.68,
                  "Plan Rows": 258635,
                  "Plan Width": 0,
                  "Actual Startup Time": 0.028,
                  "Actual Total Time": 79.445,
                  "Actual Rows": 200202,
                  "Actual Loops": 4,
                  "Filter": "(company_id < 1758)",
                  "Rows Removed by Filter": 452080
                }
              ]
            }
          ]
        }
      ]
    },
    "Planning Time": 0.198,
    "Triggers": [],
    "Execution Time": 107.215
  }
]