[
  {
    "Plan": {
      "Node Type": "Aggregate",
      "Strategy": "Plain",
      "Partial Mode": "Finalize",
      "Parallel Aware": false,
      "Startup Cost": 122189.87,
      "Total Cost": 122189.88,
      "Plan Rows": 1,
      "Plan Width": 8,
      "Actual Startup Time": 664.872,
      "Actual Total Time": 686.977,
      "Actual Rows": 1,
      "Actual Loops": 1,
      "Plans": [
        {
          "Node Type": "Gather",
          "Parent Relationship": "Outer",
          "Parallel Aware": false,
          "Startup Cost": 122189.56,
          "Total Cost": 122189.87,
          "Plan Rows": 3,
          "Plan Width": 8,
          "Actual Startup Time": 640.517,
          "Actual Total Time": 686.964,
          "Actual Rows": 4,
          "Actual Loops": 1,
          "Workers Planned": 3,
          "Workers Launched": 3,
          "Single Copy": false,
          "Plans": [
            {
              "Node Type": "Aggregate",
              "Strategy": "Plain",
              "Partial Mode": "Partial",
              "Parent Relationship": "Outer",
              "Parallel Aware": false,
              "Startup Cost": 121189.56,
              "Total Cost": 121189.57,
              "Plan Rows": 1,
              "Plan Width": 8,
              "Actual Startup Time": 621.228,
              "Actual Total Time": 621.235,
              "Actual Rows": 1,
              "Actual Loops": 4,
              "Plans": [
                {
                  "Node Type": "Hash Join",
                  "Parent Relationship": "Outer",
                  "Parallel Aware": true,
                  "Join Type": "Inner",
                  "Startup Cost": 76246.62,
                  "Total Cost": 121004.81,
                  "Plan Rows": 73897,
                  "Plan Width": 0,
                  "Actual Startup Time": 438.538,
                  "Actual Total Time": 619.157,
                  "Actual Rows": 45083,
                  "Actual Loops": 4,
                  "Inner Unique": false,
                  "Hash Cond": "(mk.movie_id = t.id)",
                  "Plans": [
                    {
                      "Node Type": "Seq Scan",
                      "Parent Relationship": "Outer",
                      "Parallel Aware": true,
                      "Relation Name": "movie_keyword",
                      "Alias": "mk",
                      "Startup Cost": 0.0,
                      "Total Cost": 39047.32,
                      "Plan Rows": 1459332,
                      "Plan Width": 4,
                      "Actual Startup Time": 0.023,
                      "Actual Total Time": 91.93,
                      "Actual Rows": 1130982,
                      "Actual Loops": 4
                    },
                    {
                      "Node Type": "Hash",
                      "Parent Relationship": "Inner",
                      "Parallel Aware": true,
                      "Startup Cost": 75730.35,
                      "Total Cost": 75730.35,
                      "Plan Rows": 41301,
                      "Plan Width": 8,
                      "Actual Startup Time": 437.056,
                      "Actual Total Time": 437.061,
                      "Actual Rows": 14425,
                      "Actual Loops": 4,
                      "Hash Buckets": 131072,
                      "Original Hash Buckets": 131072,
                      "Hash Batches": 1,
                      "Original Hash Batches": 1,
                      "Peak Memory Usage": 3360,
                      "Plans": [
                        {
                          "Node Type": "Hash Join",
                          "Parent Relationship": "Outer",
                          "Parallel Aware": true,
                          "Join Type": "Inner",
                          "Startup Cost": 55619.74,
                          "Total Cost": 75730.35,
                          "Plan Rows": 41301,
                          "Plan Width": 8,
                          "Actual Startup Time": 406.476,
                          "Actual Total Time": 431.133,
                          "Actual Rows": 14425,
                          "Actual Loops": 4,
                          "Inner Unique": true,
                          "Hash Cond": "(mc.movie_id = t.id)",
                          "Plans": [
                            {
                              "Node Type": "Bitmap Heap Scan",
                              "Parent Relationship": "Outer",
                              "Parallel Aware": true,
                              "Relation Name": "movie_companies",
                              "Alias": "mc",
                              "Startup Cost": 5399.35,
                              "Total Cost": 25401.56,
                              "Plan Rows": 41301,
                              "Plan Width": 4,
                              "Actual Startup Time": 38.104,
                              "Actual Total Time": 48.656,
                              "Actual Rows": 14425,
                              "Actual Loops": 4,
                              "Recheck Cond": "(company_id < 115)",
                              "Rows Removed by Index Recheck": 0,
                              "Filter": "(company_type_id > 1)",
                              "Rows Removed by Filter": 47086,
                              "Exact Heap Blocks": 6246,
                              "Lossy Heap Blocks": 0,
                              "Plans": [
                                {
                                  "Node Type": "Bitmap Index Scan",
                                  "Parent Relationship": "Outer",
                                  "Parallel Aware": false,
                                  "Index Name": "company_id_movie_companies",
                                  "Startup Cost": 0.0,
                                  "Total Cost": 5367.35,
                                  "Plan Rows": 250522,
                                  "Plan Width": 0,
                                  "Actual Startup Time": 12.989,
                                  "Actual Total Time": 12.989,
                                  "Actual Rows": 246042,
                                  "Actual Loops": 1,
                                  "Index Cond": "(company_id < 115)"
                                }
                              ]
                            },
                            {
                              "Node Type": "Hash",
                              "Parent Relationship": "Inner",
                              "Parallel Aware": true,
                              "Startup Cost": 42319.06,
                              "Total Cost": 42319.06,
                              "Plan Rows": 632106,
                              "Plan Width": 4,
                              "Actual Startup Time": 358.535,
                              "Actual Total Time": 358.537,
                              "Actual Rows": 632078,
                              "Actual Loops": 4,
                              "Hash Buckets": 4194304,
                              "Original Hash Buckets": 4194304,
                              "Hash Batches": 1,
                              "Original Hash Batches": 1,
                              "Peak Memory Usage": 131712,
                              "Plans": [
                                {
                                  "Node Type": "Seq Scan",
                                  "Parent Relationship": "Outer",
                                  "Parallel Aware": true,
                                  "Relation Name": "title",
                                  "Alias": "t",
                                  "Startup Cost": 0.0,
                                  "Total Cost": 42319.06,
                                  "Plan Rows": 632106,
                                  "Plan Width": 4,
                                  "Actual Startup Time": 0.035,
                                  "Actual Total Time": 105.895,
                                  "Actual Rows": 632078,
                                  "Actual Loops": 4
                                }
                              ]
                            }
                          ]
                        }
                      ]
                    }
                  ]
                }
              ]
            }
          ]
        }
      ]
    },
    "Planning Time": 1.025,
    "Triggers": [],
    "Execution Time": 687.062
  }
]