[
  {
    "Plan": {
      "Node Type": "Aggregate",
      "Strategy": "Plain",
      "Partial Mode": "Finalize",
      "Parallel Aware": false,
      "Startup Cost": 117670.53,
      "Total Cost": 117670.54,
      "Plan Rows": 1,
      "Plan Width": 8,
      "Actual Startup Time": 400.123,
      "Actual Total Time": 420.742,
      "Actual Rows": 1,
      "Actual Loops": 1,
      "Plans": [
        {
          "Node Type": "Gather",
          "Parent Relationship": "Outer",
          "Parallel Aware": false,
          "Startup Cost": 117670.21,
          "Total Cost": 117670.52,
          "Plan Rows": 3,
          "Plan Width": 8,
          "Actual Startup Time": 398.817,
          "Actual Total Time": 420.723,
          "Actual Rows": 4,
          "Actual Loops": 1,
          "Workers Planned": 3,
          "Workers Launched": 3,
          "Single Copy": false,
          "Plans": [
            {
              "Node Type": "Aggregate",
              "Strategy": "Plain",
              "Partial Mode": "Partial",
              "Parent Relationship": "Outer",
              "Parallel Aware": false,
              "Startup Cost": 116670.21,
              "Total Cost": 116670.22,
              "Plan Rows": 1,
              "Plan Width": 8,
              "Actual Startup Time": 388.988,
              "Actual Total Time": 388.996,
              "Actual Rows": 1,
              "Actual Loops": 4,
              "Plans": [
                {
                  "Node Type": "Hash Join",
                  "Parent Relationship": "Outer",
                  "Parallel Aware": true,
                  "Join Type": "Inner",
                  "Startup Cost": 71788.36,
                  "Total Cost": 116489.2,
                  "Plan Rows": 72406,
                  "Plan Width": 0,
                  "Actual Startup Time": 221.964,
                  "Actual Total Time": 387.013,
                  "Actual Rows": 45083,
                  "Actual Loops": 4,
                  "Inner Unique": false,
                  "Hash Cond": "(mk.movie_id = t.id)",
                  "Plans": [
                    {
                      "Node Type": "Seq Scan",
                      "Parent Relationship": "Outer",
                      "Parallel Aware": true,
                      "Relation Name": "movie_keyword",
                      "Alias": "mk",
                      "Startup Cost": 0.0,
                      "Total Cost": 39047.32,
                      "Plan Rows": 1459332,
                      "Plan Width": 4,
                      "Actual Startup Time": 0.025,
                      "Actual Total Time": 85.091,
                      "Actual Rows": 1130982,
                      "Actual Loops": 4
                    },
                    {
                      "Node Type": "Hash",
                      "Parent Relationship": "Inner",
                      "Parallel Aware": true,
                      "Startup Cost": 71396.35,
                      "Total Cost": 71396.35,
                      "Plan Rows": 31361,
                      "Plan Width": 8,
                      "Actual Startup Time": 220.364,
                      "Actual Total Time": 220.37,
                      "Actual Rows": 14425,
                      "Actual Loops": 4,
                      "Hash Buckets": 131072,
                      "Original Hash Buckets": 131072,
                      "Hash Batches": 1,
                      "Original Hash Batches": 1,
                      "Peak Memory Usage": 3328,
                      "Plans": [
                        {
                          "Node Type": "Hash Join",
                          "Parent Relationship": "Outer",
                          "Parallel Aware": true,
                          "Join Type": "Inner",
                          "Startup Cost": 25816.09,
                          "Total Cost": 71396.35,
                          "Plan Rows": 31361,
                          "Plan Width": 8,
                          "Actual Startup Time": 74.725,
                          "Actual Total Time": 215.262,
                          "Actual Rows": 14425,
                          "Actual Loops": 4,
                          "Inner Unique": false,
                          "Hash Cond": "(t.id = mc.movie_id)",
                          "Plans": [
                            {
                              "Node Type": "Seq Scan",
                              "Parent Relationship": "Outer",
                              "Parallel Aware": true,
                              "Relation Name": "title",
                              "Alias": "t",
                              "Startup Cost": 0.0,
                              "Total Cost": 42318.73,
                              "Plan Rows": 632073,
                              "Plan Width": 4,
                              "Actual Startup Time": 0.011,
                              "Actual Total Time": 72.675,
                              "Actual Rows": 632078,
                              "Actual Loops": 4
                            },
                            {
                              "Node Type": "Hash",
                              "Parent Relationship": "Inner",
                              "Parallel Aware": true,
                              "Startup Cost": 25310.27,
                              "Total Cost": 25310.27,
                              "Plan Rows": 40466,
                              "Plan Width": 4,
                              "Actual Startup Time": 74.157,
                              "Actual Total Time": 74.158,
                              "Actual Rows": 14425,
                              "Actual Loops": 4,
                              "Hash Buckets": 131072,
                              "Original Hash Buckets": 131072,
                              "Hash Batches": 1,
                              "Original Hash Batches": 1,
                              "Peak Memory Usage": 3328,
                              "Plans": [
                                {
                                  "Node Type": "Bitmap Heap Scan",
                                  "Parent Relationship": "Outer",
                                  "Parallel Aware": true,
                                  "Relation Name": "movie_companies",
                                  "Alias": "mc",
                                  "Startup Cost": 5324.79,
                                  "Total Cost": 25310.27,
                                  "Plan Rows": 40466,
                                  "Plan Width": 4,
                                  "Actual Startup Time": 58.383,
                                  "Actual Total Time": 70.01,
                                  "Actual Rows": 14425,
                                  "Actual Loops": 4,
                                  "Recheck Cond": "(company_id < 115)",
                                  "Rows Removed by Index Recheck": 0,
                                  "Filter": "(company_type_id > 1)",
                                  "Rows Removed by Filter": 47086,
                                  "Exact Heap Blocks": 10608,
                                  "Lossy Heap Blocks": 0,
                                  "Plans": [
                                    {
                                      "Node Type": "Bitmap Index Scan",
                                      "Parent Relationship": "Outer",
                                      "Parallel Aware": false,
                                      "Index Name": "company_id_movie_companies",
                                      "Startup Cost": 0.0,
                                      "Total Cost": 5293.43,
                                      "Plan Rows": 247066,
                                      "Plan Width": 0,
                                      "Actual Startup Time": 24.6,
                                      "Actual Total Time": 24.6,
                                      "Actual Rows": 246042,
                                      "Actual Loops": 1,
                                      "Index Cond": "(company_id < 115)"
                                    }
                                  ]
                                }
                              ]
                            }
                          ]
                        }
                      ]
                    }
                  ]
                }
              ]
            }
          ]
        }
      ]
    },
    "Planning Time": 1.498,
    "Triggers": [],
    "Execution Time": 420.855
  }
]