[
  {
    "Plan": {
      "Node Type": "Aggregate",
      "Strategy": "Plain",
      "Partial Mode": "Finalize",
      "Parallel Aware": false,
      "Startup Cost": 350669.98,
      "Total Cost": 350669.99,
      "Plan Rows": 1,
      "Plan Width": 8,
      "Actual Startup Time": 847.249,
      "Actual Total Time": 908.322,
      "Actual Rows": 1,
      "Actual Loops": 1,
      "Plans": [
        {
          "Node Type": "Gather",
          "Parent Relationship": "Outer",
          "Parallel Aware": false,
          "Startup Cost": 350669.36,
          "Total Cost": 350669.97,
          "Plan Rows": 6,
          "Plan Width": 8,
          "Actual Startup Time": 847.058,
          "Actual Total Time": 908.307,
          "Actual Rows": 7,
          "Actual Loops": 1,
          "Workers Planned": 6,
          "Workers Launched": 6,
          "Single Copy": false,
          "Plans": [
            {
              "Node Type": "Aggregate",
              "Strategy": "Plain",
              "Partial Mode": "Partial",
              "Parent Relationship": "Outer",
              "Parallel Aware": false,
              "Startup Cost": 349669.36,
              "Total Cost": 349669.37,
              "Plan Rows": 1,
              "Plan Width": 8,
              "Actual Startup Time": 836.076,
              "Actual Total Time": 836.077,
              "Actual Rows": 1,
              "Actual Loops": 7,
              "Plans": [
                {
                  "Node Type": "Seq Scan",
                  "Parent Relationship": "Outer",
                  "Parallel Aware": true,
                  "Relation Name": "cast_info",
                  "Alias": "ci",
                  "Startup Cost": 0.0,
                  "Total Cost": 343316.27,
                  "Plan Rows": 2541234,
                  "Plan Width": 0,
                  "Actual Startup Time": 378.32,
                  "Actual Total Time": 736.974,
                  "Actual Rows": 2060466,
                  "Actual Loops": 7,
                  "Filter": "((person_id < 3725124) AND (role_id > 2))",
                  "Rows Removed by Filter": 3117298
                }
              ]
            }
          ]
        }
      ]
    },
    "Planning Time": 0.245,
    "Triggers": [],
    "Execution Time": 908.403
  }
]