[
    {
        "Bao": {
            "Bao prediction": "NaN",
            "Bao recommended hint": "(no hint)"
        }
    },
    {
        "Plan": {
            "Node Type": "Aggregate",
            "Strategy": "Plain",
            "Partial Mode": "Finalize",
            "Parallel Aware": false,
            "Startup Cost": 27491.44,
            "Total Cost": 27491.45,
            "Plan Rows": 1,
            "Plan Width": 8,
            "Actual Startup Time": 81.832,
            "Actual Total Time": 85.778,
            "Actual Rows": 1,
            "Actual Loops": 1,
            "Output": [
                "count(*)"
            ],
            "Plans": [
                {
                    "Node Type": "Gather",
                    "Parent Relationship": "Outer",
                    "Parallel Aware": false,
                    "Startup Cost": 27491.12,
                    "Total Cost": 27491.43,
                    "Plan Rows": 3,
                    "Plan Width": 8,
                    "Actual Startup Time": 81.571,
                    "Actual Total Time": 85.771,
                    "Actual Rows": 4,
                    "Actual Loops": 1,
                    "Output": [
                        "(PARTIAL count(*))"
                    ],
                    "Workers Planned": 3,
                    "Workers Launched": 3,
                    "Single Copy": false,
                    "Plans": [
                        {
                            "Node Type": "Aggregate",
                            "Strategy": "Plain",
                            "Partial Mode": "Partial",
                            "Parent Relationship": "Outer",
                            "Parallel Aware": false,
                            "Startup Cost": 26491.12,
                            "Total Cost": 26491.13,
                            "Plan Rows": 1,
                            "Plan Width": 8,
                            "Actual Startup Time": 72.78,
                            "Actual Total Time": 72.781,
                            "Actual Rows": 1,
                            "Actual Loops": 4,
                            "Output": [
                                "PARTIAL count(*)"
                            ],
                            "Workers": [
                                {
                                    "Worker Number": 0,
                                    "Actual Startup Time": 69.903,
                                    "Actual Total Time": 69.904,
                                    "Actual Rows": 1,
                                    "Actual Loops": 1
                                },
                                {
                                    "Worker Number": 1,
                                    "Actual Startup Time": 69.961,
                                    "Actual Total Time": 69.962,
                                    "Actual Rows": 1,
                                    "Actual Loops": 1
                                },
                                {
                                    "Worker Number": 2,
                                    "Actual Startup Time": 70.293,
                                    "Actual Total Time": 70.294,
                                    "Actual Rows": 1,
                                    "Actual Loops": 1
                                }
                            ],
                            "Plans": [
                                {
                                    "Node Type": "Bitmap Heap Scan",
                                    "Parent Relationship": "Outer",
                                    "Parallel Aware": true,
                                    "Relation Name": "movie_companies",
                                    "Schema": "public",
                                    "Alias": "mc",
                                    "Startup Cost": 6295.6,
                                    "Total Cost": 26256.87,
                                    "Plan Rows": 93701,
                                    "Plan Width": 0,
                                    "Actual Startup Time": 23.737,
                                    "Actual Total Time": 67.714,
                                    "Actual Rows": 70938,
                                    "Actual Loops": 4,
                                    "Recheck Cond": "(mc.company_id < 155)",
                                    "Rows Removed by Index Recheck": 0,
                                    "Exact Heap Blocks": 9577,
                                    "Lossy Heap Blocks": 0,
                                    "Workers": [
                                        {
                                            "Worker Number": 0,
                                            "Actual Startup Time": 20.981,
                                            "Actual Total Time": 65.459,
                                            "Actual Rows": 38990,
                                            "Actual Loops": 1
                                        },
                                        {
                                            "Worker Number": 1,
                                            "Actual Startup Time": 21.048,
                                            "Actual Total Time": 65.557,
                                            "Actual Rows": 39008,
                                            "Actual Loops": 1
                                        },
                                        {
                                            "Worker Number": 2,
                                            "Actual Startup Time": 21.268,
                                            "Actual Total Time": 65.911,
                                            "Actual Rows": 36643,
                                            "Actual Loops": 1
                                        }
                                    ],
                                    "Plans": [
                                        {
                                            "Node Type": "Bitmap Index Scan",
                                            "Parent Relationship": "Outer",
                                            "Parallel Aware": false,
                                            "Index Name": "company_id_movie_companies",
                                            "Startup Cost": 0.0,
                                            "Total Cost": 6222.99,
                                            "Plan Rows": 290474,
                                            "Plan Width": 0,
                                            "Actual Startup Time": 27.731,
                                            "Actual Total Time": 27.732,
                                            "Actual Rows": 283753,
                                            "Actual Loops": 1,
                                            "Index Cond": "(mc.company_id < 155)"
                                        }
                                    ]
                                }
                            ]
                        }
                    ]
                }
            ]
        },
        "Planning Time": 215.619,
        "Triggers": [],
        "Execution Time": 85.878
    }
]