[
  {
    "Plan": {
      "Node Type": "Aggregate",
      "Strategy": "Plain",
      "Partial Mode": "Finalize",
      "Parallel Aware": false,
      "Startup Cost": 109462.42,
      "Total Cost": 109462.43,
      "Plan Rows": 1,
      "Plan Width": 8,
      "Actual Startup Time": 693.235,
      "Actual Total Time": 711.421,
      "Actual Rows": 1,
      "Actual Loops": 1,
      "Plans": [
        {
          "Node Type": "Gather",
          "Parent Relationship": "Outer",
          "Parallel Aware": false,
          "Startup Cost": 109462.1,
          "Total Cost": 109462.41,
          "Plan Rows": 3,
          "Plan Width": 8,
          "Actual Startup Time": 689.468,
          "Actual Total Time": 711.411,
          "Actual Rows": 4,
          "Actual Loops": 1,
          "Workers Planned": 3,
          "Workers Launched": 3,
          "Single Copy": false,
          "Plans": [
            {
              "Node Type": "Aggregate",
              "Strategy": "Plain",
              "Partial Mode": "Partial",
              "Parent Relationship": "Outer",
              "Parallel Aware": false,
              "Startup Cost": 108462.1,
              "Total Cost": 108462.11,
              "Plan Rows": 1,
              "Plan Width": 8,
              "Actual Startup Time": 679.768,
              "Actual Total Time": 679.777,
              "Actual Rows": 1,
              "Actual Loops": 4,
              "Plans": [
                {
                  "Node Type": "Hash Join",
                  "Parent Relationship": "Outer",
                  "Parallel Aware": true,
                  "Join Type": "Inner",
                  "Startup Cost": 63091.55,
                  "Total Cost": 108143.07,
                  "Plan Rows": 127610,
                  "Plan Width": 0,
                  "Actual Startup Time": 322.306,
                  "Actual Total Time": 608.922,
                  "Actual Rows": 1537455,
                  "Actual Loops": 4,
                  "Inner Unique": false,
                  "Hash Cond": "(mk.movie_id = t.id)",
                  "Plans": [
                    {
                      "Node Type": "Seq Scan",
                      "Parent Relationship": "Outer",
                      "Parallel Aware": true,
                      "Relation Name": "movie_keyword",
                      "Alias": "mk",
                      "Startup Cost": 0.0,
                      "Total Cost": 39047.32,
                      "Plan Rows": 1459332,
                      "Plan Width": 4,
                      "Actual Startup Time": 0.038,
                      "Actual Total Time": 95.567,
                      "Actual Rows": 1130982,
                      "Actual Loops": 4
                    },
                    {
                      "Node Type": "Hash",
                      "Parent Relationship": "Inner",
                      "Parallel Aware": true,
                      "Startup Cost": 61940.01,
                      "Total Cost": 61940.01,
                      "Plan Rows": 92123,
                      "Plan Width": 8,
                      "Actual Startup Time": 281.237,
                      "Actual Total Time": 281.242,
                      "Actual Rows": 119570,
                      "Actual Loops": 4,
                      "Hash Buckets": 524288,
                      "Original Hash Buckets": 262144,
                      "Hash Batches": 1,
                      "Original Hash Batches": 1,
                      "Peak Memory Usage": 24928,
                      "Plans": [
                        {
                          "Node Type": "Hash Join",
                          "Parent Relationship": "Outer",
                          "Parallel Aware": true,
                          "Join Type": "Inner",
                          "Startup Cost": 46745.45,
                          "Total Cost": 61940.01,
                          "Plan Rows": 92123,
                          "Plan Width": 8,
                          "Actual Startup Time": 182.749,
                          "Actual Total Time": 245.58,
                          "Actual Rows": 119570,
                          "Actual Loops": 4,
                          "Inner Unique": true,
                          "Hash Cond": "(mi_idx.movie_id = t.id)",
                          "Plans": [
                            {
                              "Node Type": "Seq Scan",
                              "Parent Relationship": "Outer",
                              "Parallel Aware": true,
                              "Relation Name": "movie_info_idx",
                              "Alias": "mi_idx",
                              "Startup Cost": 0.0,
                              "Total Cost": 13685.15,
                              "Plan Rows": 575015,
                              "Plan Width": 4,
                              "Actual Startup Time": 0.022,
                              "Actual Total Time": 31.95,
                              "Actual Rows": 345009,
                              "Actual Loops": 4
                            },
                            {
                              "Node Type": "Hash",
                              "Parent Relationship": "Inner",
                              "Parallel Aware": true,
                              "Startup Cost": 45479.59,
                              "Total Cost": 45479.59,
                              "Plan Rows": 101269,
                              "Plan Width": 4,
                              "Actual Startup Time": 148.245,
                              "Actual Total Time": 148.247,
                              "Actual Rows": 114036,
                              "Actual Loops": 4,
                              "Hash Buckets": 524288,
                              "Original Hash Buckets": 524288,
                              "Hash Batches": 1,
                              "Original Hash Batches": 1,
                              "Peak Memory Usage": 21984,
                              "Plans": [
                                {
                                  "Node Type": "Seq Scan",
                                  "Parent Relationship": "Outer",
                                  "Parallel Aware": true,
                                  "Relation Name": "title",
                                  "Alias": "t",
                                  "Startup Cost": 0.0,
                                  "Total Cost": 45479.59,
                                  "Plan Rows": 101269,
                                  "Plan Width": 4,
                                  "Actual Startup Time": 63.421,
                                  "Actual Total Time": 108.909,
                                  "Actual Rows": 114036,
                                  "Actual Loops": 4,
                                  "Filter": "((production_year < 2007) AND (kind_id = 1))",
                                  "Rows Removed by Filter": 518042
                                }
                              ]
                            }
                          ]
                        }
                      ]
                    }
                  ]
                }
              ]
            }
          ]
        }
      ]
    },
    "Planning Time": 0.768,
    "Triggers": [],
    "Execution Time": 711.476
  }
]