[
  {
    "Plan": {
      "Node Type": "Aggregate",
      "Strategy": "Plain",
      "Partial Mode": "Finalize",
      "Parallel Aware": false,
      "Startup Cost": 47127.44,
      "Total Cost": 47127.45,
      "Plan Rows": 1,
      "Plan Width": 8,
      "Actual Startup Time": 166.544,
      "Actual Total Time": 175.83,
      "Actual Rows": 1,
      "Actual Loops": 1,
      "Plans": [
        {
          "Node Type": "Gather",
          "Parent Relationship": "Outer",
          "Parallel Aware": false,
          "Startup Cost": 47127.12,
          "Total Cost": 47127.43,
          "Plan Rows": 3,
          "Plan Width": 8,
          "Actual Startup Time": 166.429,
          "Actual Total Time": 175.823,
          "Actual Rows": 4,
          "Actual Loops": 1,
          "Workers Planned": 3,
          "Workers Launched": 3,
          "Single Copy": false,
          "Plans": [
            {
              "Node Type": "Aggregate",
              "Strategy": "Plain",
              "Partial Mode": "Partial",
              "Parent Relationship": "Outer",
              "Parallel Aware": false,
              "Startup Cost": 46127.12,
              "Total Cost": 46127.13,
              "Plan Rows": 1,
              "Plan Width": 8,
              "Actual Startup Time": 161.576,
              "Actual Total Time": 161.577,
              "Actual Rows": 1,
              "Actual Loops": 4,
              "Plans": [
                {
                  "Node Type": "Seq Scan",
                  "Parent Relationship": "Outer",
                  "Parallel Aware": true,
                  "Relation Name": "movie_keyword",
                  "Alias": "mk",
                  "Startup Cost": 0.0,
                  "Total Cost": 42695.65,
                  "Plan Rows": 1372588,
                  "Plan Width": 0,
                  "Actual Startup Time": 0.055,
                  "Actual Total Time": 118.483,
                  "Actual Rows": 1060326,
                  "Actual Loops": 4,
                  "Filter": "(keyword_id > 233)",
                  "Rows Removed by Filter": 70657
                }
              ]
            }
          ]
        }
      ]
    },
    "Planning Time": 0.189,
    "Triggers": [],
    "Execution Time": 175.888
  }
]