[
  {
    "Plan": {
      "Node Type": "Aggregate",
      "Strategy": "Plain",
      "Partial Mode": "Finalize",
      "Parallel Aware": false,
      "Startup Cost": 248751.34,
      "Total Cost": 248751.35,
      "Plan Rows": 1,
      "Plan Width": 8,
      "Actual Startup Time": 2575.871,
      "Actual Total Time": 2649.681,
      "Actual Rows": 1,
      "Actual Loops": 1,
      "Plans": [
        {
          "Node Type": "Gather",
          "Parent Relationship": "Outer",
          "Parallel Aware": false,
          "Startup Cost": 248751.02,
          "Total Cost": 248751.33,
          "Plan Rows": 3,
          "Plan Width": 8,
          "Actual Startup Time": 2562.364,
          "Actual Total Time": 2649.67,
          "Actual Rows": 4,
          "Actual Loops": 1,
          "Workers Planned": 3,
          "Workers Launched": 3,
          "Single Copy": false,
          "Plans": [
            {
              "Node Type": "Aggregate",
              "Strategy": "Plain",
              "Partial Mode": "Partial",
              "Parent Relationship": "Outer",
              "Parallel Aware": false,
              "Startup Cost": 247751.02,
              "Total Cost": 247751.03,
              "Plan Rows": 1,
              "Plan Width": 8,
              "Actual Startup Time": 2548.999,
              "Actual Total Time": 2549.003,
              "Actual Rows": 1,
              "Actual Loops": 4,
              "Plans": [
                {
                  "Node Type": "Nested Loop",
                  "Parent Relationship": "Outer",
                  "Parallel Aware": false,
                  "Join Type": "Inner",
                  "Startup Cost": 55749.88,
                  "Total Cost": 246741.85,
                  "Plan Rows": 403667,
                  "Plan Width": 0,
                  "Actual Startup Time": 395.28,
                  "Actual Total Time": 2515.341,
                  "Actual Rows": 549518,
                  "Actual Loops": 4,
                  "Inner Unique": false,
                  "Plans": [
                    {
                      "Node Type": "Hash Join",
                      "Parent Relationship": "Outer",
                      "Parallel Aware": true,
                      "Join Type": "Inner",
                      "Startup Cost": 55749.31,
                      "Total Cost": 75783.62,
                      "Plan Rows": 82268,
                      "Plan Width": 8,
                      "Actual Startup Time": 395.146,
                      "Actual Total Time": 462.599,
                      "Actual Rows": 62642,
                      "Actual Loops": 4,
                      "Inner Unique": true,
                      "Hash Cond": "(mc.movie_id = t.id)",
                      "Plans": [
                        {
                          "Node Type": "Bitmap Heap Scan",
                          "Parent Relationship": "Outer",
                          "Parallel Aware": true,
                          "Relation Name": "movie_companies",
                          "Alias": "mc",
                          "Startup Cost": 5528.93,
                          "Total Cost": 25347.28,
                          "Plan Rows": 82268,
                          "Plan Width": 4,
                          "Actual Startup Time": 12.057,
                          "Actual Total Time": 28.805,
                          "Actual Rows": 62642,
                          "Actual Loops": 4,
                          "Recheck Cond": "(company_id > 101095)",
                          "Rows Removed by Index Recheck": 0,
                          "Exact Heap Blocks": 1461,
                          "Lossy Heap Blocks": 0,
                          "Plans": [
                            {
                              "Node Type": "Bitmap Index Scan",
                              "Parent Relationship": "Outer",
                              "Parallel Aware": false,
                              "Index Name": "company_id_movie_companies",
                              "Startup Cost": 0.0,
                              "Total Cost": 5465.17,
                              "Plan Rows": 255032,
                              "Plan Width": 0,
                              "Actual Startup Time": 11.375,
                              "Actual Total Time": 11.375,
                              "Actual Rows": 250567,
                              "Actual Loops": 1,
                              "Index Cond": "(company_id > 101095)"
                            }
                          ]
                        },
                        {
                          "Node Type": "Hash",
                          "Parent Relationship": "Inner",
                          "Parallel Aware": true,
                          "Startup Cost": 42319.06,
                          "Total Cost": 42319.06,
                          "Plan Rows": 632106,
                          "Plan Width": 4,
                          "Actual Startup Time": 373.759,
                          "Actual Total Time": 373.76,
                          "Actual Rows": 632078,
                          "Actual Loops": 4,
                          "Hash Buckets": 4194304,
                          "Original Hash Buckets": 4194304,
                          "Hash Batches": 1,
                          "Original Hash Batches": 1,
                          "Peak Memory Usage": 131744,
                          "Plans": [
                            {
                              "Node Type": "Seq Scan",
                              "Parent Relationship": "Outer",
                              "Parallel Aware": true,
                              "Relation Name": "title",
                              "Alias": "t",
                              "Startup Cost": 0.0,
                              "Total Cost": 42319.06,
                              "Plan Rows": 632106,
                              "Plan Width": 4,
                              "Actual Startup Time": 0.04,
                              "Actual Total Time": 111.648,
                              "Actual Rows": 632078,
                              "Actual Loops": 4
                            }
                          ]
                        }
                      ]
                    },
                    {
                      "Node Type": "Index Scan",
                      "Parent Relationship": "Inner",
                      "Parallel Aware": false,
                      "Scan Direction": "Forward",
                      "Index Name": "movie_id_cast_info",
                      "Relation Name": "cast_info",
                      "Alias": "ci",
                      "Startup Cost": 0.56,
                      "Total Cost": 1.96,
                      "Plan Rows": 12,
                      "Plan Width": 4,
                      "Actual Startup Time": 0.006,
                      "Actual Total Time": 0.032,
                      "Actual Rows": 9,
                      "Actual Loops": 250567,
                      "Index Cond": "(movie_id = t.id)",
                      "Rows Removed by Index Recheck": 0,
                      "Filter": "((person_id > 90705) AND (role_id < 2))",
                      "Rows Removed by Filter": 17
                    }
                  ]
                }
              ]
            }
          ]
        }
      ]
    },
    "Planning Time": 0.843,
    "Triggers": [],
    "Execution Time": 2649.765
  }
]