[
  {
    "Plan": {
      "Node Type": "Aggregate",
      "Strategy": "Plain",
      "Partial Mode": "Finalize",
      "Parallel Aware": false,
      "Startup Cost": 207789.39,
      "Total Cost": 207789.4,
      "Plan Rows": 1,
      "Plan Width": 8,
      "Actual Startup Time": 1921.617,
      "Actual Total Time": 2008.657,
      "Actual Rows": 1,
      "Actual Loops": 1,
      "Plans": [
        {
          "Node Type": "Gather",
          "Parent Relationship": "Outer",
          "Parallel Aware": false,
          "Startup Cost": 207788.97,
          "Total Cost": 207789.38,
          "Plan Rows": 4,
          "Plan Width": 8,
          "Actual Startup Time": 1920.156,
          "Actual Total Time": 2008.642,
          "Actual Rows": 5,
          "Actual Loops": 1,
          "Workers Planned": 4,
          "Workers Launched": 4,
          "Single Copy": false,
          "Plans": [
            {
              "Node Type": "Aggregate",
              "Strategy": "Plain",
              "Partial Mode": "Partial",
              "Parent Relationship": "Outer",
              "Parallel Aware": false,
              "Startup Cost": 206788.97,
              "Total Cost": 206788.98,
              "Plan Rows": 1,
              "Plan Width": 8,
              "Actual Startup Time": 1909.869,
              "Actual Total Time": 1909.873,
              "Actual Rows": 1,
              "Actual Loops": 5,
              "Plans": [
                {
                  "Node Type": "Nested Loop",
                  "Parent Relationship": "Outer",
                  "Parallel Aware": false,
                  "Join Type": "Inner",
                  "Startup Cost": 26300.92,
                  "Total Cost": 206029.03,
                  "Plan Rows": 303978,
                  "Plan Width": 0,
                  "Actual Startup Time": 157.114,
                  "Actual Total Time": 1887.817,
                  "Actual Rows": 439615,
                  "Actual Loops": 5,
                  "Inner Unique": false,
                  "Plans": [
                    {
                      "Node Type": "Hash Join",
                      "Parent Relationship": "Outer",
                      "Parallel Aware": true,
                      "Join Type": "Inner",
                      "Startup Cost": 26300.35,
                      "Total Cost": 71983.12,
                      "Plan Rows": 63137,
                      "Plan Width": 8,
                      "Actual Startup Time": 157.02,
                      "Actual Total Time": 272.974,
                      "Actual Rows": 50113,
                      "Actual Loops": 5,
                      "Inner Unique": false,
                      "Hash Cond": "(t.id = mc.movie_id)",
                      "Plans": [
                        {
                          "Node Type": "Seq Scan",
                          "Parent Relationship": "Outer",
                          "Parallel Aware": true,
                          "Relation Name": "title",
                          "Alias": "t",
                          "Startup Cost": 0.0,
                          "Total Cost": 42318.73,
                          "Plan Rows": 632073,
                          "Plan Width": 4,
                          "Actual Startup Time": 0.013,
                          "Actual Total Time": 67.289,
                          "Actual Rows": 505662,
                          "Actual Loops": 5
                        },
                        {
                          "Node Type": "Hash",
                          "Parent Relationship": "Inner",
                          "Parallel Aware": true,
                          "Startup Cost": 25282.02,
                          "Total Cost": 25282.02,
                          "Plan Rows": 81467,
                          "Plan Width": 4,
                          "Actual Startup Time": 68.904,
                          "Actual Total Time": 68.905,
                          "Actual Rows": 50113,
                          "Actual Loops": 5,
                          "Hash Buckets": 262144,
                          "Original Hash Buckets": 262144,
                          "Hash Batches": 1,
                          "Original Hash Batches": 1,
                          "Peak Memory Usage": 11968,
                          "Plans": [
                            {
                              "Node Type": "Bitmap Heap Scan",
                              "Parent Relationship": "Outer",
                              "Parallel Aware": true,
                              "Relation Name": "movie_companies",
                              "Alias": "mc",
                              "Startup Cost": 5473.68,
                              "Total Cost": 25282.02,
                              "Plan Rows": 81467,
                              "Plan Width": 4,
                              "Actual Startup Time": 20.037,
                              "Actual Total Time": 46.926,
                              "Actual Rows": 50113,
                              "Actual Loops": 5,
                              "Recheck Cond": "(company_id > 101095)",
                              "Rows Removed by Index Recheck": 0,
                              "Exact Heap Blocks": 1959,
                              "Lossy Heap Blocks": 0,
                              "Plans": [
                                {
                                  "Node Type": "Bitmap Index Scan",
                                  "Parent Relationship": "Outer",
                                  "Parallel Aware": false,
                                  "Index Name": "company_id_movie_companies",
                                  "Startup Cost": 0.0,
                                  "Total Cost": 5410.54,
                                  "Plan Rows": 252548,
                                  "Plan Width": 0,
                                  "Actual Startup Time": 21.995,
                                  "Actual Total Time": 21.996,
                                  "Actual Rows": 250567,
                                  "Actual Loops": 1,
                                  "Index Cond": "(company_id > 101095)"
                                }
                              ]
                            }
                          ]
                        }
                      ]
                    },
                    {
                      "Node Type": "Index Scan",
                      "Parent Relationship": "Inner",
                      "Parallel Aware": false,
                      "Scan Direction": "Forward",
                      "Index Name": "movie_id_cast_info",
                      "Relation Name": "cast_info",
                      "Alias": "ci",
                      "Startup Cost": 0.56,
                      "Total Cost": 2.0,
                      "Plan Rows": 12,
                      "Plan Width": 4,
                      "Actual Startup Time": 0.007,
                      "Actual Total Time": 0.031,
                      "Actual Rows": 9,
                      "Actual Loops": 250567,
                      "Index Cond": "(movie_id = t.id)",
                      "Rows Removed by Index Recheck": 0,
                      "Filter": "((person_id > 90705) AND (role_id < 2))",
                      "Rows Removed by Filter": 17
                    }
                  ]
                }
              ]
            }
          ]
        }
      ]
    },
    "Planning Time": 1.411,
    "Triggers": [],
    "Execution Time": 2008.79
  }
]