[
  {
    "Plan": {
      "Node Type": "Aggregate",
      "Strategy": "Plain",
      "Partial Mode": "Finalize",
      "Parallel Aware": false,
      "Startup Cost": 32200.67,
      "Total Cost": 32200.68,
      "Plan Rows": 1,
      "Plan Width": 8,
      "Actual Startup Time": 113.744,
      "Actual Total Time": 122.245,
      "Actual Rows": 1,
      "Actual Loops": 1,
      "Plans": [
        {
          "Node Type": "Gather",
          "Parent Relationship": "Outer",
          "Parallel Aware": false,
          "Startup Cost": 32200.36,
          "Total Cost": 32200.67,
          "Plan Rows": 3,
          "Plan Width": 8,
          "Actual Startup Time": 113.649,
          "Actual Total Time": 122.237,
          "Actual Rows": 4,
          "Actual Loops": 1,
          "Workers Planned": 3,
          "Workers Launched": 3,
          "Single Copy": false,
          "Plans": [
            {
              "Node Type": "Aggregate",
              "Strategy": "Plain",
              "Partial Mode": "Partial",
              "Parent Relationship": "Outer",
              "Parallel Aware": false,
              "Startup Cost": 31200.36,
              "Total Cost": 31200.37,
              "Plan Rows": 1,
              "Plan Width": 8,
              "Actual Startup Time": 108.181,
              "Actual Total Time": 108.182,
              "Actual Rows": 1,
              "Actual Loops": 4,
              "Plans": [
                {
                  "Node Type": "Seq Scan",
                  "Parent Relationship": "Outer",
                  "Parallel Aware": true,
                  "Relation Name": "movie_companies",
                  "Alias": "mc",
                  "Startup Cost": 0.0,
                  "Total Cost": 29310.68,
                  "Plan Rows": 755870,
                  "Plan Width": 0,
                  "Actual Startup Time": 0.033,
                  "Actual Total Time": 81.183,
                  "Actual Rows": 586177,
                  "Actual Loops": 4,
                  "Filter": "(company_id < 98685)",
                  "Rows Removed by Filter": 66106
                }
              ]
            }
          ]
        }
      ]
    },
    "Planning Time": 0.195,
    "Triggers": [],
    "Execution Time": 122.302
  }
]