[
  {
    "Plan": {
      "Node Type": "Aggregate",
      "Strategy": "Plain",
      "Partial Mode": "Finalize",
      "Parallel Aware": false,
      "Startup Cost": 335684.15,
      "Total Cost": 335684.16,
      "Plan Rows": 1,
      "Plan Width": 8,
      "Actual Startup Time": 673.859,
      "Actual Total Time": 727.574,
      "Actual Rows": 1,
      "Actual Loops": 1,
      "Plans": [
        {
          "Node Type": "Gather",
          "Parent Relationship": "Outer",
          "Parallel Aware": false,
          "Startup Cost": 335683.52,
          "Total Cost": 335684.13,
          "Plan Rows": 6,
          "Plan Width": 8,
          "Actual Startup Time": 673.737,
          "Actual Total Time": 727.562,
          "Actual Rows": 7,
          "Actual Loops": 1,
          "Workers Planned": 6,
          "Workers Launched": 6,
          "Single Copy": false,
          "Plans": [
            {
              "Node Type": "Aggregate",
              "Strategy": "Plain",
              "Partial Mode": "Partial",
              "Parent Relationship": "Outer",
              "Parallel Aware": false,
              "Startup Cost": 334683.52,
              "Total Cost": 334683.53,
              "Plan Rows": 1,
              "Plan Width": 8,
              "Actual Startup Time": 665.97,
              "Actual Total Time": 665.972,
              "Actual Rows": 1,
              "Actual Loops": 7,
              "Plans": [
                {
                  "Node Type": "Seq Scan",
                  "Parent Relationship": "Outer",
                  "Parallel Aware": true,
                  "Relation Name": "cast_info",
                  "Alias": "ci",
                  "Startup Cost": 0.0,
                  "Total Cost": 328162.03,
                  "Plan Rows": 2608598,
                  "Plan Width": 0,
                  "Actual Startup Time": 0.039,
                  "Actual Total Time": 569.176,
                  "Actual Rows": 2229995,
                  "Actual Loops": 7,
                  "Filter": "(person_id < 1540361)",
                  "Rows Removed by Filter": 2947769
                }
              ]
            }
          ]
        }
      ]
    },
    "Planning Time": 0.205,
    "Triggers": [],
    "Execution Time": 727.646
  }
]