{
  "Plan": {
    "Node Type": "Aggregate",
    "Strategy": "Plain",
    "Partial Mode": "Finalize",
    "Parallel Aware": false,
    "Startup Cost": 118039.48,
    "Total Cost": 118039.49,
    "Plan Rows": 1,
    "Plan Width": 8,
    "Actual Startup Time": 452.398,
    "Actual Total Time": 465.579,
    "Actual Rows": 1,
    "Actual Loops": 1,
    "Plans": [
      {
        "Node Type": "Gather",
        "Parent Relationship": "Outer",
        "Parallel Aware": false,
        "Startup Cost": 118039.37,
        "Total Cost": 118039.48,
        "Plan Rows": 1,
        "Plan Width": 8,
        "Actual Startup Time": 452.199,
        "Actual Total Time": 465.573,
        "Actual Rows": 2,
        "Actual Loops": 1,
        "Workers Planned": 1,
        "Workers Launched": 1,
        "Single Copy": false,
        "Plans": [
          {
            "Node Type": "Aggregate",
            "Strategy": "Plain",
            "Partial Mode": "Partial",
            "Parent Relationship": "Outer",
            "Parallel Aware": false,
            "Startup Cost": 117039.37,
            "Total Cost": 117039.38,
            "Plan Rows": 1,
            "Plan Width": 8,
            "Actual Startup Time": 446.726,
            "Actual Total Time": 446.729,
            "Actual Rows": 1,
            "Actual Loops": 2,
            "Plans": [
              {
                "Node Type": "Hash Join",
                "Parent Relationship": "Outer",
                "Parallel Aware": true,
                "Join Type": "Inner",
                "Startup Cost": 58808.77,
                "Total Cost": 116859.61,
                "Plan Rows": 71902,
                "Plan Width": 0,
                "Actual Startup Time": 142.036,
                "Actual Total Time": 445.016,
                "Actual Rows": 39950,
                "Actual Loops": 2,
                "Inner Unique": true,
                "Hash Cond": "(mk.movie_id = t.id)",
                "Plans": [
                  {
                    "Node Type": "Seq Scan",
                    "Parent Relationship": "Outer",
                    "Parallel Aware": true,
                    "Relation Name": "movie_keyword",
                    "Alias": "mk",
                    "Startup Cost": 0.0,
                    "Total Cost": 51065.35,
                    "Plan Rows": 2661135,
                    "Plan Width": 4,
                    "Actual Startup Time": 0.013,
                    "Actual Total Time": 144.791,
                    "Actual Rows": 2261965,
                    "Actual Loops": 2
                  },
                  {
                    "Node Type": "Hash",
                    "Parent Relationship": "Inner",
                    "Parallel Aware": true,
                    "Startup Cost": 58306.47,
                    "Total Cost": 58306.47,
                    "Plan Rows": 40184,
                    "Plan Width": 4,
                    "Actual Startup Time": 140.646,
                    "Actual Total Time": 140.647,
                    "Actual Rows": 37962,
                    "Actual Loops": 2,
                    "Hash Buckets": 131072,
                    "Original Hash Buckets": 131072,
                    "Hash Batches": 1,
                    "Original Hash Batches": 1,
                    "Peak Memory Usage": 4032,
                    "Plans": [
                      {
                        "Node Type": "Seq Scan",
                        "Parent Relationship": "Outer",
                        "Parallel Aware": true,
                        "Relation Name": "title",
                        "Alias": "t",
                        "Startup Cost": 0.0,
                        "Total Cost": 58306.47,
                        "Plan Rows": 40184,
                        "Plan Width": 4,
                        "Actual Startup Time": 0.031,
                        "Actual Total Time": 130.093,
                        "Actual Rows": 37962,
                        "Actual Loops": 2,
                        "Filter": "((kind_id > 2) AND (production_year = 2005))",
                        "Rows Removed by Filter": 1226194
                      }
                    ]
                  }
                ]
              }
            ]
          }
        ]
      }
    ]
  },
  "Planning Time": 0.178,
  "Triggers": [],
  "Execution Time": 465.616
}