[
  {
    "Plan": {
      "Node Type": "Aggregate",
      "Strategy": "Plain",
      "Partial Mode": "Simple",
      "Parallel Aware": false,
      "Startup Cost": 3203.79,
      "Total Cost": 3203.8,
      "Plan Rows": 1,
      "Plan Width": 8,
      "Actual Startup Time": 3.886,
      "Actual Total Time": 3.887,
      "Actual Rows": 1,
      "Actual Loops": 1,
      "Plans": [
        {
          "Node Type": "Nested Loop",
          "Parent Relationship": "Outer",
          "Parallel Aware": false,
          "Join Type": "Inner",
          "Startup Cost": 7.36,
          "Total Cost": 3203.25,
          "Plan Rows": 216,
          "Plan Width": 0,
          "Actual Startup Time": 0.671,
          "Actual Total Time": 3.876,
          "Actual Rows": 114,
          "Actual Loops": 1,
          "Inner Unique": false,
          "Plans": [
            {
              "Node Type": "Nested Loop",
              "Parent Relationship": "Outer",
              "Parallel Aware": false,
              "Join Type": "Inner",
              "Startup Cost": 6.79,
              "Total Cost": 3018.6,
              "Plan Rows": 23,
              "Plan Width": 8,
              "Actual Startup Time": 0.655,
              "Actual Total Time": 3.328,
              "Actual Rows": 8,
              "Actual Loops": 1,
              "Inner Unique": true,
              "Plans": [
                {
                  "Node Type": "Bitmap Heap Scan",
                  "Parent Relationship": "Outer",
                  "Parallel Aware": false,
                  "Relation Name": "movie_keyword",
                  "Alias": "mk",
                  "Startup Cost": 6.36,
                  "Total Cost": 926.55,
                  "Plan Rows": 249,
                  "Plan Width": 4,
                  "Actual Startup Time": 0.622,
                  "Actual Total Time": 1.289,
                  "Actual Rows": 304,
                  "Actual Loops": 1,
                  "Recheck Cond": "(keyword_id = 5273)",
                  "Rows Removed by Index Recheck": 0,
                  "Exact Heap Blocks": 293,
                  "Lossy Heap Blocks": 0,
                  "Plans": [
                    {
                      "Node Type": "Bitmap Index Scan",
                      "Parent Relationship": "Outer",
                      "Parallel Aware": false,
                      "Index Name": "keyword_id_movie_keyword",
                      "Startup Cost": 0.0,
                      "Total Cost": 6.3,
                      "Plan Rows": 249,
                      "Plan Width": 0,
                      "Actual Startup Time": 0.593,
                      "Actual Total Time": 0.594,
                      "Actual Rows": 304,
                      "Actual Loops": 1,
                      "Index Cond": "(keyword_id = 5273)"
                    }
                  ]
                },
                {
                  "Node Type": "Index Scan",
                  "Parent Relationship": "Inner",
                  "Parallel Aware": false,
                  "Scan Direction": "Forward",
                  "Index Name": "title_pkey",
                  "Relation Name": "title",
                  "Alias": "t",
                  "Startup Cost": 0.43,
                  "Total Cost": 8.4,
                  "Plan Rows": 1,
                  "Plan Width": 4,
                  "Actual Startup Time": 0.006,
                  "Actual Total Time": 0.006,
                  "Actual Rows": 0,
                  "Actual Loops": 304,
                  "Index Cond": "(id = mk.movie_id)",
                  "Rows Removed by Index Recheck": 0,
                  "Filter": "(production_year > 2011)",
                  "Rows Removed by Filter": 1
                }
              ]
            },
            {
              "Node Type": "Index Scan",
              "Parent Relationship": "Inner",
              "Parallel Aware": false,
              "Scan Direction": "Forward",
              "Index Name": "movie_id_cast_info",
              "Relation Name": "cast_info",
              "Alias": "ci",
              "Startup Cost": 0.56,
              "Total Cost": 7.8,
              "Plan Rows": 23,
              "Plan Width": 4,
              "Actual Startup Time": 0.013,
              "Actual Total Time": 0.067,
              "Actual Rows": 14,
              "Actual Loops": 8,
              "Index Cond": "(movie_id = t.id)",
              "Rows Removed by Index Recheck": 0,
              "Filter": "(role_id < 4)",
              "Rows Removed by Filter": 8
            }
          ]
        }
      ]
    },
    "Planning Time": 0.448,
    "Triggers": [],
    "Execution Time": 3.923
  }
]