{
  "Plan": {
    "Node Type": "Aggregate",
    "Strategy": "Plain",
    "Partial Mode": "Finalize",
    "Parallel Aware": false,
    "Startup Cost": 114394.02,
    "Total Cost": 114394.03,
    "Plan Rows": 1,
    "Plan Width": 8,
    "Actual Startup Time": 390.752,
    "Actual Total Time": 408.385,
    "Actual Rows": 1,
    "Actual Loops": 1,
    "Plans": [
      {
        "Node Type": "Gather",
        "Parent Relationship": "Outer",
        "Parallel Aware": false,
        "Startup Cost": 114393.91,
        "Total Cost": 114394.02,
        "Plan Rows": 1,
        "Plan Width": 8,
        "Actual Startup Time": 390.322,
        "Actual Total Time": 408.376,
        "Actual Rows": 2,
        "Actual Loops": 1,
        "Workers Planned": 1,
        "Workers Launched": 1,
        "Single Copy": false,
        "Plans": [
          {
            "Node Type": "Aggregate",
            "Strategy": "Plain",
            "Partial Mode": "Partial",
            "Parent Relationship": "Outer",
            "Parallel Aware": false,
            "Startup Cost": 113393.91,
            "Total Cost": 113393.92,
            "Plan Rows": 1,
            "Plan Width": 8,
            "Actual Startup Time": 384.318,
            "Actual Total Time": 384.322,
            "Actual Rows": 1,
            "Actual Loops": 2,
            "Plans": [
              {
                "Node Type": "Hash Join",
                "Parent Relationship": "Outer",
                "Parallel Aware": true,
                "Join Type": "Inner",
                "Startup Cost": 79979.37,
                "Total Cost": 113363.61,
                "Plan Rows": 12119,
                "Plan Width": 0,
                "Actual Startup Time": 222.889,
                "Actual Total Time": 384.141,
                "Actual Rows": 2200,
                "Actual Loops": 2,
                "Inner Unique": true,
                "Hash Cond": "(mk.movie_id = t.id)",
                "Plans": [
                  {
                    "Node Type": "Bitmap Heap Scan",
                    "Parent Relationship": "Outer",
                    "Parallel Aware": true,
                    "Relation Name": "movie_keyword",
                    "Alias": "mk",
                    "Startup Cost": 21291.33,
                    "Total Cost": 53125.69,
                    "Plan Rows": 590429,
                    "Plan Width": 4,
                    "Actual Startup Time": 61.408,
                    "Actual Total Time": 169.496,
                    "Actual Rows": 503723,
                    "Actual Loops": 2,
                    "Recheck Cond": "(keyword_id < 968)",
                    "Rows Removed by Index Recheck": 0,
                    "Exact Heap Blocks": 11714,
                    "Lossy Heap Blocks": 0,
                    "Plans": [
                      {
                        "Node Type": "Bitmap Index Scan",
                        "Parent Relationship": "Outer",
                        "Parallel Aware": false,
                        "Index Name": "keyword_id_movie_keyword",
                        "Startup Cost": 0.0,
                        "Total Cost": 21040.4,
                        "Plan Rows": 1003729,
                        "Plan Width": 0,
                        "Actual Startup Time": 57.728,
                        "Actual Total Time": 57.728,
                        "Actual Rows": 1007446,
                        "Actual Loops": 1,
                        "Index Cond": "(keyword_id < 968)"
                      }
                    ]
                  },
                  {
                    "Node Type": "Hash",
                    "Parent Relationship": "Inner",
                    "Parallel Aware": true,
                    "Startup Cost": 58306.47,
                    "Total Cost": 58306.47,
                    "Plan Rows": 30526,
                    "Plan Width": 4,
                    "Actual Startup Time": 159.701,
                    "Actual Total Time": 159.702,
                    "Actual Rows": 28240,
                    "Actual Loops": 2,
                    "Hash Buckets": 65536,
                    "Original Hash Buckets": 65536,
                    "Hash Batches": 1,
                    "Original Hash Batches": 1,
                    "Peak Memory Usage": 2752,
                    "Plans": [
                      {
                        "Node Type": "Seq Scan",
                        "Parent Relationship": "Outer",
                        "Parallel Aware": true,
                        "Relation Name": "title",
                        "Alias": "t",
                        "Startup Cost": 0.0,
                        "Total Cost": 58306.47,
                        "Plan Rows": 30526,
                        "Plan Width": 4,
                        "Actual Startup Time": 0.097,
                        "Actual Total Time": 149.816,
                        "Actual Rows": 28240,
                        "Actual Loops": 2,
                        "Filter": "((kind_id = 7) AND (production_year = 2004))",
                        "Rows Removed by Filter": 1235916
                      }
                    ]
                  }
                ]
              }
            ]
          }
        ]
      }
    ]
  },
  "Planning Time": 0.497,
  "Triggers": [],
  "Execution Time": 408.484
}