[
  {
    "Plan": {
      "Node Type": "Aggregate",
      "Strategy": "Plain",
      "Partial Mode": "Finalize",
      "Parallel Aware": false,
      "Startup Cost": 32699.83,
      "Total Cost": 32699.84,
      "Plan Rows": 1,
      "Plan Width": 8,
      "Actual Startup Time": 81.181,
      "Actual Total Time": 87.145,
      "Actual Rows": 1,
      "Actual Loops": 1,
      "Plans": [
        {
          "Node Type": "Gather",
          "Parent Relationship": "Outer",
          "Parallel Aware": false,
          "Startup Cost": 32699.51,
          "Total Cost": 32699.82,
          "Plan Rows": 3,
          "Plan Width": 8,
          "Actual Startup Time": 81.108,
          "Actual Total Time": 87.139,
          "Actual Rows": 4,
          "Actual Loops": 1,
          "Workers Planned": 3,
          "Workers Launched": 3,
          "Single Copy": false,
          "Plans": [
            {
              "Node Type": "Aggregate",
              "Strategy": "Plain",
              "Partial Mode": "Partial",
              "Parent Relationship": "Outer",
              "Parallel Aware": false,
              "Startup Cost": 31699.51,
              "Total Cost": 31699.52,
              "Plan Rows": 1,
              "Plan Width": 8,
              "Actual Startup Time": 73.471,
              "Actual Total Time": 73.471,
              "Actual Rows": 1,
              "Actual Loops": 4,
              "Plans": [
                {
                  "Node Type": "Seq Scan",
                  "Parent Relationship": "Outer",
                  "Parallel Aware": true,
                  "Relation Name": "movie_companies",
                  "Alias": "mc",
                  "Startup Cost": 0.0,
                  "Total Cost": 31414.82,
                  "Plan Rows": 113876,
                  "Plan Width": 0,
                  "Actual Startup Time": 32.534,
                  "Actual Total Time": 72.925,
                  "Actual Rows": 9987,
                  "Actual Loops": 4,
                  "Filter": "((company_id > 42373) AND (company_type_id = 1))",
                  "Rows Removed by Filter": 642296
                }
              ]
            }
          ]
        }
      ]
    },
    "Planning Time": 0.197,
    "Triggers": [],
    "Execution Time": 87.197
  }
]