[
  {
    "Plan": {
      "Node Type": "Aggregate",
      "Strategy": "Plain",
      "Partial Mode": "Finalize",
      "Parallel Aware": false,
      "Startup Cost": 32695.16,
      "Total Cost": 32695.17,
      "Plan Rows": 1,
      "Plan Width": 8,
      "Actual Startup Time": 90.586,
      "Actual Total Time": 99.576,
      "Actual Rows": 1,
      "Actual Loops": 1,
      "Plans": [
        {
          "Node Type": "Gather",
          "Parent Relationship": "Outer",
          "Parallel Aware": false,
          "Startup Cost": 32694.84,
          "Total Cost": 32695.15,
          "Plan Rows": 3,
          "Plan Width": 8,
          "Actual Startup Time": 90.474,
          "Actual Total Time": 99.567,
          "Actual Rows": 4,
          "Actual Loops": 1,
          "Workers Planned": 3,
          "Workers Launched": 3,
          "Single Copy": false,
          "Plans": [
            {
              "Node Type": "Aggregate",
              "Strategy": "Plain",
              "Partial Mode": "Partial",
              "Parent Relationship": "Outer",
              "Parallel Aware": false,
              "Startup Cost": 31694.84,
              "Total Cost": 31694.85,
              "Plan Rows": 1,
              "Plan Width": 8,
              "Actual Startup Time": 83.811,
              "Actual Total Time": 83.812,
              "Actual Rows": 1,
              "Actual Loops": 4,
              "Plans": [
                {
                  "Node Type": "Seq Scan",
                  "Parent Relationship": "Outer",
                  "Parallel Aware": true,
                  "Relation Name": "movie_companies",
                  "Alias": "mc",
                  "Startup Cost": 0.0,
                  "Total Cost": 31414.82,
                  "Plan Rows": 112008,
                  "Plan Width": 0,
                  "Actual Startup Time": 31.628,
                  "Actual Total Time": 83.195,
                  "Actual Rows": 9987,
                  "Actual Loops": 4,
                  "Filter": "((company_id > 42373) AND (company_type_id = 1))",
                  "Rows Removed by Filter": 642296
                }
              ]
            }
          ]
        }
      ]
    },
    "Planning Time": 0.223,
    "Triggers": [],
    "Execution Time": 99.636
  }
]