[
    {
        "Bao": {
            "Bao prediction": 1254.538,
            "Bao recommended hint": "(no hint)"
        }
    },
    {
        "Plan": {
            "Node Type": "Aggregate",
            "Strategy": "Plain",
            "Partial Mode": "Simple",
            "Parallel Aware": false,
            "Startup Cost": 16387.31,
            "Total Cost": 16387.32,
            "Plan Rows": 1,
            "Plan Width": 64,
            "Actual Startup Time": 125.648,
            "Actual Total Time": 125.652,
            "Actual Rows": 1,
            "Actual Loops": 1,
            "Output": [
                "min(mi_idx.info)",
                "min(t.title)"
            ],
            "Plans": [
                {
                    "Node Type": "Nested Loop",
                    "Parent Relationship": "Outer",
                    "Parallel Aware": false,
                    "Join Type": "Inner",
                    "Startup Cost": 11.61,
                    "Total Cost": 16387.3,
                    "Plan Rows": 2,
                    "Plan Width": 22,
                    "Actual Startup Time": 8.503,
                    "Actual Total Time": 125.434,
                    "Actual Rows": 740,
                    "Actual Loops": 1,
                    "Output": [
                        "mi_idx.info",
                        "t.title"
                    ],
                    "Inner Unique": true,
                    "Join Filter": "(mi_idx.movie_id = t.id)",
                    "Rows Removed by Join Filter": 0,
                    "Plans": [
                        {
                            "Node Type": "Nested Loop",
                            "Parent Relationship": "Outer",
                            "Parallel Aware": false,
                            "Join Type": "Inner",
                            "Startup Cost": 11.18,
                            "Total Cost": 16385.29,
                            "Plan Rows": 4,
                            "Plan Width": 13,
                            "Actual Startup Time": 6.593,
                            "Actual Total Time": 98.105,
                            "Actual Rows": 5820,
                            "Actual Loops": 1,
                            "Output": [
                                "mi_idx.info",
                                "mi_idx.movie_id",
                                "mk.movie_id"
                            ],
                            "Inner Unique": false,
                            "Join Filter": "(mi_idx.info_type_id = it.id)",
                            "Rows Removed by Join Filter": 2613,
                            "Plans": [
                                {
                                    "Node Type": "Seq Scan",
                                    "Parent Relationship": "Outer",
                                    "Parallel Aware": false,
                                    "Relation Name": "info_type",
                                    "Schema": "public",
                                    "Alias": "it",
                                    "Startup Cost": 0.0,
                                    "Total Cost": 2.41,
                                    "Plan Rows": 1,
                                    "Plan Width": 4,
                                    "Actual Startup Time": 0.04,
                                    "Actual Total Time": 0.043,
                                    "Actual Rows": 1,
                                    "Actual Loops": 1,
                                    "Output": [
                                        "it.id",
                                        "it.info"
                                    ],
                                    "Filter": "((it.info)::text = 'rating'::text)",
                                    "Rows Removed by Filter": 112
                                },
                                {
                                    "Node Type": "Nested Loop",
                                    "Parent Relationship": "Inner",
                                    "Parallel Aware": false,
                                    "Join Type": "Inner",
                                    "Startup Cost": 11.18,
                                    "Total Cost": 16377.12,
                                    "Plan Rows": 461,
                                    "Plan Width": 17,
                                    "Actual Startup Time": 6.549,
                                    "Actual Total Time": 96.718,
                                    "Actual Rows": 8433,
                                    "Actual Loops": 1,
                                    "Output": [
                                        "mk.movie_id",
                                        "mi_idx.info",
                                        "mi_idx.movie_id",
                                        "mi_idx.info_type_id"
                                    ],
                                    "Inner Unique": false,
                                    "Plans": [
                                        {
                                            "Node Type": "Nested Loop",
                                            "Parent Relationship": "Outer",
                                            "Parallel Aware": false,
                                            "Join Type": "Inner",
                                            "Startup Cost": 10.76,
                                            "Total Cost": 16153.73,
                                            "Plan Rows": 438,
                                            "Plan Width": 4,
                                            "Actual Startup Time": 6.517,
                                            "Actual Total Time": 46.856,
                                            "Actual Rows": 12951,
                                            "Actual Loops": 1,
                                            "Output": [
                                                "mk.movie_id"
                                            ],
                                            "Inner Unique": false,
                                            "Plans": [
                                                {
                                                    "Node Type": "Seq Scan",
                                                    "Parent Relationship": "Outer",
                                                    "Parallel Aware": false,
                                                    "Relation Name": "keyword",
                                                    "Schema": "public",
                                                    "Alias": "k",
                                                    "Startup Cost": 0.0,
                                                    "Total Cost": 2626.12,
                                                    "Plan Rows": 13,
                                                    "Plan Width": 4,
                                                    "Actual Startup Time": 2.482,
                                                    "Actual Total Time": 24.02,
                                                    "Actual Rows": 30,
                                                    "Actual Loops": 1,
                                                    "Output": [
                                                        "k.id",
                                                        "k.keyword",
                                                        "k.phonetic_code"
                                                    ],
                                                    "Filter": "(k.keyword ~~ '%sequel%'::text)",
                                                    "Rows Removed by Filter": 134140
                                                },
                                                {
                                                    "Node Type": "Bitmap Heap Scan",
                                                    "Parent Relationship": "Inner",
                                                    "Parallel Aware": false,
                                                    "Relation Name": "movie_keyword",
                                                    "Schema": "public",
                                                    "Alias": "mk",
                                                    "Startup Cost": 10.76,
                                                    "Total Cost": 1037.58,
                                                    "Plan Rows": 300,
                                                    "Plan Width": 8,
                                                    "Actual Startup Time": 0.175,
                                                    "Actual Total Time": 0.694,
                                                    "Actual Rows": 432,
                                                    "Actual Loops": 30,
                                                    "Output": [
                                                        "mk.id",
                                                        "mk.movie_id",
                                                        "mk.keyword_id"
                                                    ],
                                                    "Recheck Cond": "(mk.keyword_id = k.id)",
                                                    "Rows Removed by Index Recheck": 0,
                                                    "Exact Heap Blocks": 6979,
                                                    "Lossy Heap Blocks": 0,
                                                    "Plans": [
                                                        {
                                                            "Node Type": "Bitmap Index Scan",
                                                            "Parent Relationship": "Outer",
                                                            "Parallel Aware": false,
                                                            "Index Name": "keyword_id_movie_keyword",
                                                            "Startup Cost": 0.0,
                                                            "Total Cost": 10.68,
                                                            "Plan Rows": 300,
                                                            "Plan Width": 0,
                                                            "Actual Startup Time": 0.099,
                                                            "Actual Total Time": 0.099,
                                                            "Actual Rows": 432,
                                                            "Actual Loops": 30,
                                                            "Index Cond": "(mk.keyword_id = k.id)"
                                                        }
                                                    ]
                                                }
                                            ]
                                        },
                                        {
                                            "Node Type": "Index Scan",
                                            "Parent Relationship": "Inner",
                                            "Parallel Aware": false,
                                            "Scan Direction": "Forward",
                                            "Index Name": "movie_id_movie_info_idx",
                                            "Relation Name": "movie_info_idx",
                                            "Schema": "public",
                                            "Alias": "mi_idx",
                                            "Startup Cost": 0.43,
                                            "Total Cost": 0.5,
                                            "Plan Rows": 1,
                                            "Plan Width": 13,
                                            "Actual Startup Time": 0.003,
                                            "Actual Total Time": 0.003,
                                            "Actual Rows": 1,
                                            "Actual Loops": 12951,
                                            "Output": [
                                                "mi_idx.id",
                                                "mi_idx.movie_id",
                                                "mi_idx.info_type_id",
                                                "mi_idx.info",
                                                "mi_idx.note"
                                            ],
                                            "Index Cond": "(mi_idx.movie_id = mk.movie_id)",
                                            "Rows Removed by Index Recheck": 0,
                                            "Filter": "(mi_idx.info > '5.0'::text)",
                                            "Rows Removed by Filter": 1
                                        }
                                    ]
                                }
                            ]
                        },
                        {
                            "Node Type": "Index Scan",
                            "Parent Relationship": "Inner",
                            "Parallel Aware": false,
                            "Scan Direction": "Forward",
                            "Index Name": "title_pkey",
                            "Relation Name": "title",
                            "Schema": "public",
                            "Alias": "t",
                            "Startup Cost": 0.43,
                            "Total Cost": 0.49,
                            "Plan Rows": 1,
                            "Plan Width": 21,
                            "Actual Startup Time": 0.004,
                            "Actual Total Time": 0.004,
                            "Actual Rows": 0,
                            "Actual Loops": 5820,
                            "Output": [
                                "t.id",
                                "t.title",
                                "t.imdb_index",
                                "t.kind_id",
                                "t.production_year",
                                "t.imdb_id",
                                "t.phonetic_code",
                                "t.episode_of_id",
                                "t.season_nr",
                                "t.episode_nr",
                                "t.series_years",
                                "t.md5sum"
                            ],
                            "Index Cond": "(t.id = mk.movie_id)",
                            "Rows Removed by Index Recheck": 0,
                            "Filter": "(t.production_year > 2005)",
                            "Rows Removed by Filter": 1
                        }
                    ]
                }
            ]
        },
        "Planning Time": 236.834,
        "Triggers": [],
        "Execution Time": 125.808
    }
]