[
  {
    "Plan": {
      "Node Type": "Aggregate",
      "Strategy": "Plain",
      "Partial Mode": "Finalize",
      "Parallel Aware": false,
      "Startup Cost": 33332.09,
      "Total Cost": 33332.1,
      "Plan Rows": 1,
      "Plan Width": 8,
      "Actual Startup Time": 106.011,
      "Actual Total Time": 113.825,
      "Actual Rows": 1,
      "Actual Loops": 1,
      "Plans": [
        {
          "Node Type": "Gather",
          "Parent Relationship": "Outer",
          "Parallel Aware": false,
          "Startup Cost": 33331.77,
          "Total Cost": 33332.08,
          "Plan Rows": 3,
          "Plan Width": 8,
          "Actual Startup Time": 105.918,
          "Actual Total Time": 113.816,
          "Actual Rows": 4,
          "Actual Loops": 1,
          "Workers Planned": 3,
          "Workers Launched": 3,
          "Single Copy": false,
          "Plans": [
            {
              "Node Type": "Aggregate",
              "Strategy": "Plain",
              "Partial Mode": "Partial",
              "Parent Relationship": "Outer",
              "Parallel Aware": false,
              "Startup Cost": 32331.77,
              "Total Cost": 32331.78,
              "Plan Rows": 1,
              "Plan Width": 8,
              "Actual Startup Time": 97.721,
              "Actual Total Time": 97.722,
              "Actual Rows": 1,
              "Actual Loops": 4,
              "Plans": [
                {
                  "Node Type": "Seq Scan",
                  "Parent Relationship": "Outer",
                  "Parallel Aware": true,
                  "Relation Name": "movie_companies",
                  "Alias": "mc",
                  "Startup Cost": 0.0,
                  "Total Cost": 31414.82,
                  "Plan Rows": 366780,
                  "Plan Width": 0,
                  "Actual Startup Time": 50.356,
                  "Actual Total Time": 87.372,
                  "Actual Rows": 240692,
                  "Actual Loops": 4,
                  "Filter": "((company_id < 85245) AND (company_type_id > 1))",
                  "Rows Removed by Filter": 411590
                }
              ]
            }
          ]
        }
      ]
    },
    "Planning Time": 0.225,
    "Triggers": [],
    "Execution Time": 113.878
  }
]