[
  {
    "Plan": {
      "Node Type": "Aggregate",
      "Strategy": "Plain",
      "Partial Mode": "Finalize",
      "Parallel Aware": false,
      "Startup Cost": 46202.93,
      "Total Cost": 46202.94,
      "Plan Rows": 1,
      "Plan Width": 8,
      "Actual Startup Time": 144.582,
      "Actual Total Time": 153.632,
      "Actual Rows": 1,
      "Actual Loops": 1,
      "Plans": [
        {
          "Node Type": "Gather",
          "Parent Relationship": "Outer",
          "Parallel Aware": false,
          "Startup Cost": 46202.61,
          "Total Cost": 46202.92,
          "Plan Rows": 3,
          "Plan Width": 8,
          "Actual Startup Time": 144.427,
          "Actual Total Time": 153.622,
          "Actual Rows": 4,
          "Actual Loops": 1,
          "Workers Planned": 3,
          "Workers Launched": 3,
          "Single Copy": false,
          "Plans": [
            {
              "Node Type": "Aggregate",
              "Strategy": "Plain",
              "Partial Mode": "Partial",
              "Parent Relationship": "Outer",
              "Parallel Aware": false,
              "Startup Cost": 45202.61,
              "Total Cost": 45202.62,
              "Plan Rows": 1,
              "Plan Width": 8,
              "Actual Startup Time": 139.686,
              "Actual Total Time": 139.687,
              "Actual Rows": 1,
              "Actual Loops": 4,
              "Plans": [
                {
                  "Node Type": "Seq Scan",
                  "Parent Relationship": "Outer",
                  "Parallel Aware": true,
                  "Relation Name": "movie_keyword",
                  "Alias": "mk",
                  "Startup Cost": 0.0,
                  "Total Cost": 42695.65,
                  "Plan Rows": 1002782,
                  "Plan Width": 0,
                  "Actual Startup Time": 0.032,
                  "Actual Total Time": 108.1,
                  "Actual Rows": 778263,
                  "Actual Loops": 4,
                  "Filter": "(keyword_id < 11853)",
                  "Rows Removed by Filter": 352720
                }
              ]
            }
          ]
        }
      ]
    },
    "Planning Time": 0.081,
    "Triggers": [],
    "Execution Time": 153.66
  }
]