[
  {
    "Plan": {
      "Node Type": "Aggregate",
      "Strategy": "Plain",
      "Partial Mode": "Finalize",
      "Parallel Aware": false,
      "Startup Cost": 33470.28,
      "Total Cost": 33470.29,
      "Plan Rows": 1,
      "Plan Width": 8,
      "Actual Startup Time": 99.348,
      "Actual Total Time": 105.196,
      "Actual Rows": 1,
      "Actual Loops": 1,
      "Plans": [
        {
          "Node Type": "Gather",
          "Parent Relationship": "Outer",
          "Parallel Aware": false,
          "Startup Cost": 33469.97,
          "Total Cost": 33470.28,
          "Plan Rows": 3,
          "Plan Width": 8,
          "Actual Startup Time": 99.2,
          "Actual Total Time": 105.187,
          "Actual Rows": 4,
          "Actual Loops": 1,
          "Workers Planned": 3,
          "Workers Launched": 3,
          "Single Copy": false,
          "Plans": [
            {
              "Node Type": "Aggregate",
              "Strategy": "Plain",
              "Partial Mode": "Partial",
              "Parent Relationship": "Outer",
              "Parallel Aware": false,
              "Startup Cost": 32469.97,
              "Total Cost": 32469.98,
              "Plan Rows": 1,
              "Plan Width": 8,
              "Actual Startup Time": 93.64,
              "Actual Total Time": 93.642,
              "Actual Rows": 1,
              "Actual Loops": 4,
              "Plans": [
                {
                  "Node Type": "Seq Scan",
                  "Parent Relationship": "Outer",
                  "Parallel Aware": true,
                  "Relation Name": "movie_companies",
                  "Alias": "mc",
                  "Startup Cost": 0.0,
                  "Total Cost": 31414.82,
                  "Plan Rows": 422059,
                  "Plan Width": 0,
                  "Actual Startup Time": 39.399,
                  "Actual Total Time": 79.048,
                  "Actual Rows": 321630,
                  "Actual Loops": 4,
                  "Filter": "((company_id < 192733) AND (company_type_id > 1))",
                  "Rows Removed by Filter": 330652
                }
              ]
            }
          ]
        }
      ]
    },
    "Planning Time": 0.094,
    "Triggers": [],
    "Execution Time": 105.225
  }
]