[
  {
    "Plan": {
      "Node Type": "Aggregate",
      "Strategy": "Plain",
      "Partial Mode": "Finalize",
      "Parallel Aware": false,
      "Startup Cost": 74152.28,
      "Total Cost": 74152.29,
      "Plan Rows": 1,
      "Plan Width": 8,
      "Actual Startup Time": 117.029,
      "Actual Total Time": 133.684,
      "Actual Rows": 1,
      "Actual Loops": 1,
      "Plans": [
        {
          "Node Type": "Gather",
          "Parent Relationship": "Outer",
          "Parallel Aware": false,
          "Startup Cost": 74151.86,
          "Total Cost": 74152.27,
          "Plan Rows": 4,
          "Plan Width": 8,
          "Actual Startup Time": 116.924,
          "Actual Total Time": 133.676,
          "Actual Rows": 5,
          "Actual Loops": 1,
          "Workers Planned": 4,
          "Workers Launched": 4,
          "Single Copy": false,
          "Plans": [
            {
              "Node Type": "Aggregate",
              "Strategy": "Plain",
              "Partial Mode": "Partial",
              "Parent Relationship": "Outer",
              "Parallel Aware": false,
              "Startup Cost": 73151.86,
              "Total Cost": 73151.87,
              "Plan Rows": 1,
              "Plan Width": 8,
              "Actual Startup Time": 107.258,
              "Actual Total Time": 107.259,
              "Actual Rows": 1,
              "Actual Loops": 5,
              "Plans": [
                {
                  "Node Type": "Nested Loop",
                  "Parent Relationship": "Outer",
                  "Parallel Aware": false,
                  "Join Type": "Inner",
                  "Startup Cost": 0.43,
                  "Total Cost": 73143.93,
                  "Plan Rows": 3173,
                  "Plan Width": 0,
                  "Actual Startup Time": 0.502,
                  "Actual Total Time": 106.858,
                  "Actual Rows": 4702,
                  "Actual Loops": 5,
                  "Inner Unique": false,
                  "Plans": [
                    {
                      "Node Type": "Seq Scan",
                      "Parent Relationship": "Outer",
                      "Parallel Aware": true,
                      "Relation Name": "title",
                      "Alias": "t",
                      "Startup Cost": 0.0,
                      "Total Cost": 45479.1,
                      "Plan Rows": 3800,
                      "Plan Width": 4,
                      "Actual Startup Time": 0.223,
                      "Actual Total Time": 80.022,
                      "Actual Rows": 2594,
                      "Actual Loops": 5,
                      "Filter": "((kind_id < 7) AND (production_year = 1997))",
                      "Rows Removed by Filter": 503069
                    },
                    {
                      "Node Type": "Index Scan",
                      "Parent Relationship": "Inner",
                      "Parallel Aware": false,
                      "Scan Direction": "Forward",
                      "Index Name": "movie_id_movie_companies",
                      "Relation Name": "movie_companies",
                      "Alias": "mc",
                      "Startup Cost": 0.43,
                      "Total Cost": 7.24,
                      "Plan Rows": 4,
                      "Plan Width": 4,
                      "Actual Startup Time": 0.009,
                      "Actual Total Time": 0.01,
                      "Actual Rows": 2,
                      "Actual Loops": 12969,
                      "Index Cond": "(movie_id = t.id)",
                      "Rows Removed by Index Recheck": 0,
                      "Filter": "(company_id > 436)",
                      "Rows Removed by Filter": 0
                    }
                  ]
                }
              ]
            }
          ]
        }
      ]
    },
    "Planning Time": 0.641,
    "Triggers": [],
    "Execution Time": 133.752
  }
]