[
  {
    "Plan": {
      "Node Type": "Aggregate",
      "Strategy": "Plain",
      "Partial Mode": "Finalize",
      "Parallel Aware": false,
      "Startup Cost": 335511.37,
      "Total Cost": 335511.38,
      "Plan Rows": 1,
      "Plan Width": 8,
      "Actual Startup Time": 663.516,
      "Actual Total Time": 724.923,
      "Actual Rows": 1,
      "Actual Loops": 1,
      "Plans": [
        {
          "Node Type": "Gather",
          "Parent Relationship": "Outer",
          "Parallel Aware": false,
          "Startup Cost": 335510.74,
          "Total Cost": 335511.35,
          "Plan Rows": 6,
          "Plan Width": 8,
          "Actual Startup Time": 663.37,
          "Actual Total Time": 724.913,
          "Actual Rows": 7,
          "Actual Loops": 1,
          "Workers Planned": 6,
          "Workers Launched": 6,
          "Single Copy": false,
          "Plans": [
            {
              "Node Type": "Aggregate",
              "Strategy": "Plain",
              "Partial Mode": "Partial",
              "Parent Relationship": "Outer",
              "Parallel Aware": false,
              "Startup Cost": 334510.74,
              "Total Cost": 334510.76,
              "Plan Rows": 1,
              "Plan Width": 8,
              "Actual Startup Time": 653.862,
              "Actual Total Time": 653.863,
              "Actual Rows": 1,
              "Actual Loops": 7,
              "Plans": [
                {
                  "Node Type": "Seq Scan",
                  "Parent Relationship": "Outer",
                  "Parallel Aware": true,
                  "Relation Name": "cast_info",
                  "Alias": "ci",
                  "Startup Cost": 0.0,
                  "Total Cost": 328162.03,
                  "Plan Rows": 2539488,
                  "Plan Width": 0,
                  "Actual Startup Time": 227.988,
                  "Actual Total Time": 564.494,
                  "Actual Rows": 2170536,
                  "Actual Loops": 7,
                  "Filter": "(person_id > 2124482)",
                  "Rows Removed by Filter": 3007228
                }
              ]
            }
          ]
        }
      ]
    },
    "Planning Time": 0.199,
    "Triggers": [],
    "Execution Time": 724.998
  }
]