[
  {
    "Plan": {
      "Node Type": "Aggregate",
      "Strategy": "Plain",
      "Partial Mode": "Finalize",
      "Parallel Aware": false,
      "Startup Cost": 346612.29,
      "Total Cost": 346612.3,
      "Plan Rows": 1,
      "Plan Width": 8,
      "Actual Startup Time": 529.031,
      "Actual Total Time": 564.91,
      "Actual Rows": 1,
      "Actual Loops": 1,
      "Plans": [
        {
          "Node Type": "Gather",
          "Parent Relationship": "Outer",
          "Parallel Aware": false,
          "Startup Cost": 346611.67,
          "Total Cost": 346612.28,
          "Plan Rows": 6,
          "Plan Width": 8,
          "Actual Startup Time": 528.855,
          "Actual Total Time": 564.897,
          "Actual Rows": 7,
          "Actual Loops": 1,
          "Workers Planned": 6,
          "Workers Launched": 6,
          "Single Copy": false,
          "Plans": [
            {
              "Node Type": "Aggregate",
              "Strategy": "Plain",
              "Partial Mode": "Partial",
              "Parent Relationship": "Outer",
              "Parallel Aware": false,
              "Startup Cost": 345611.67,
              "Total Cost": 345611.68,
              "Plan Rows": 1,
              "Plan Width": 8,
              "Actual Startup Time": 520.224,
              "Actual Total Time": 520.226,
              "Actual Rows": 1,
              "Actual Loops": 7,
              "Plans": [
                {
                  "Node Type": "Index Scan",
                  "Parent Relationship": "Outer",
                  "Parallel Aware": true,
                  "Scan Direction": "Forward",
                  "Index Name": "role_id_cast_info",
                  "Relation Name": "cast_info",
                  "Alias": "ci",
                  "Startup Cost": 0.56,
                  "Total Cost": 341155.22,
                  "Plan Rows": 1782580,
                  "Plan Width": 0,
                  "Actual Startup Time": 153.632,
                  "Actual Total Time": 450.9,
                  "Actual Rows": 1199185,
                  "Actual Loops": 7,
                  "Index Cond": "(role_id = 1)",
                  "Rows Removed by Index Recheck": 0,
                  "Filter": "(person_id > 572309)",
                  "Rows Removed by Filter": 610913
                }
              ]
            }
          ]
        }
      ]
    },
    "Planning Time": 0.157,
    "Triggers": [],
    "Execution Time": 564.96
  }
]