[
  {
    "Plan": {
      "Node Type": "Aggregate",
      "Strategy": "Plain",
      "Partial Mode": "Finalize",
      "Parallel Aware": false,
      "Startup Cost": 89991.49,
      "Total Cost": 89991.5,
      "Plan Rows": 1,
      "Plan Width": 8,
      "Actual Startup Time": 281.361,
      "Actual Total Time": 300.589,
      "Actual Rows": 1,
      "Actual Loops": 1,
      "Plans": [
        {
          "Node Type": "Gather",
          "Parent Relationship": "Outer",
          "Parallel Aware": false,
          "Startup Cost": 89991.17,
          "Total Cost": 89991.48,
          "Plan Rows": 3,
          "Plan Width": 8,
          "Actual Startup Time": 281.011,
          "Actual Total Time": 300.579,
          "Actual Rows": 4,
          "Actual Loops": 1,
          "Workers Planned": 3,
          "Workers Launched": 3,
          "Single Copy": false,
          "Plans": [
            {
              "Node Type": "Aggregate",
              "Strategy": "Plain",
              "Partial Mode": "Partial",
              "Parent Relationship": "Outer",
              "Parallel Aware": false,
              "Startup Cost": 88991.17,
              "Total Cost": 88991.18,
              "Plan Rows": 1,
              "Plan Width": 8,
              "Actual Startup Time": 272.591,
              "Actual Total Time": 272.594,
              "Actual Rows": 1,
              "Actual Loops": 4,
              "Plans": [
                {
                  "Node Type": "Hash Join",
                  "Parent Relationship": "Outer",
                  "Parallel Aware": true,
                  "Join Type": "Inner",
                  "Startup Cost": 44093.8,
                  "Total Cost": 88940.64,
                  "Plan Rows": 20215,
                  "Plan Width": 0,
                  "Actual Startup Time": 106.295,
                  "Actual Total Time": 271.616,
                  "Actual Rows": 18570,
                  "Actual Loops": 4,
                  "Inner Unique": true,
                  "Hash Cond": "(mk.movie_id = t.id)",
                  "Plans": [
                    {
                      "Node Type": "Seq Scan",
                      "Parent Relationship": "Outer",
                      "Parallel Aware": true,
                      "Relation Name": "movie_keyword",
                      "Alias": "mk",
                      "Startup Cost": 0.0,
                      "Total Cost": 42695.65,
                      "Plan Rows": 819497,
                      "Plan Width": 4,
                      "Actual Startup Time": 0.028,
                      "Actual Total Time": 114.617,
                      "Actual Rows": 634876,
                      "Actual Loops": 4,
                      "Filter": "(keyword_id < 6359)",
                      "Rows Removed by Filter": 496106
                    },
                    {
                      "Node Type": "Hash",
                      "Parent Relationship": "Inner",
                      "Parallel Aware": true,
                      "Startup Cost": 43898.92,
                      "Total Cost": 43898.92,
                      "Plan Rows": 15591,
                      "Plan Width": 4,
                      "Actual Startup Time": 104.72,
                      "Actual Total Time": 104.721,
                      "Actual Rows": 15642,
                      "Actual Loops": 4,
                      "Hash Buckets": 65536,
                      "Original Hash Buckets": 65536,
                      "Hash Batches": 1,
                      "Original Hash Batches": 1,
                      "Peak Memory Usage": 3040,
                      "Plans": [
                        {
                          "Node Type": "Seq Scan",
                          "Parent Relationship": "Outer",
                          "Parallel Aware": true,
                          "Relation Name": "title",
                          "Alias": "t",
                          "Startup Cost": 0.0,
                          "Total Cost": 43898.92,
                          "Plan Rows": 15591,
                          "Plan Width": 4,
                          "Actual Startup Time": 0.055,
                          "Actual Total Time": 97.105,
                          "Actual Rows": 15642,
                          "Actual Loops": 4,
                          "Filter": "(production_year = 2002)",
                          "Rows Removed by Filter": 616436
                        }
                      ]
                    }
                  ]
                }
              ]
            }
          ]
        }
      ]
    },
    "Planning Time": 0.596,
    "Triggers": [],
    "Execution Time": 300.659
  }
]