[
  {
    "Plan": {
      "Node Type": "Aggregate",
      "Strategy": "Plain",
      "Partial Mode": "Finalize",
      "Parallel Aware": false,
      "Startup Cost": 303134.57,
      "Total Cost": 303134.58,
      "Plan Rows": 1,
      "Plan Width": 8,
      "Actual Startup Time": 2001.643,
      "Actual Total Time": 2046.289,
      "Actual Rows": 1,
      "Actual Loops": 1,
      "Plans": [
        {
          "Node Type": "Gather",
          "Parent Relationship": "Outer",
          "Parallel Aware": false,
          "Startup Cost": 303134.05,
          "Total Cost": 303134.56,
          "Plan Rows": 5,
          "Plan Width": 8,
          "Actual Startup Time": 1986.315,
          "Actual Total Time": 2046.28,
          "Actual Rows": 6,
          "Actual Loops": 1,
          "Workers Planned": 5,
          "Workers Launched": 5,
          "Single Copy": false,
          "Plans": [
            {
              "Node Type": "Aggregate",
              "Strategy": "Plain",
              "Partial Mode": "Partial",
              "Parent Relationship": "Outer",
              "Parallel Aware": false,
              "Startup Cost": 302134.05,
              "Total Cost": 302134.06,
              "Plan Rows": 1,
              "Plan Width": 8,
              "Actual Startup Time": 1974.817,
              "Actual Total Time": 1974.823,
              "Actual Rows": 1,
              "Actual Loops": 6,
              "Plans": [
                {
                  "Node Type": "Hash Join",
                  "Parent Relationship": "Outer",
                  "Parallel Aware": true,
                  "Join Type": "Inner",
                  "Startup Cost": 83425.86,
                  "Total Cost": 298165.51,
                  "Plan Rows": 1587413,
                  "Plan Width": 0,
                  "Actual Startup Time": 465.585,
                  "Actual Total Time": 1722.945,
                  "Actual Rows": 5112992,
                  "Actual Loops": 6,
                  "Inner Unique": false,
                  "Hash Cond": "(mi.movie_id = t.id)",
                  "Plans": [
                    {
                      "Node Type": "Seq Scan",
                      "Parent Relationship": "Outer",
                      "Parallel Aware": true,
                      "Relation Name": "movie_info",
                      "Alias": "mi",
                      "Startup Cost": 0.0,
                      "Total Cost": 199108.24,
                      "Plan Rows": 2802861,
                      "Plan Width": 4,
                      "Actual Startup Time": 0.048,
                      "Actual Total Time": 372.18,
                      "Actual Rows": 2338930,
                      "Actual Loops": 6,
                      "Filter": "(info_type_id > 1)",
                      "Rows Removed by Filter": 133690
                    },
                    {
                      "Node Type": "Hash",
                      "Parent Relationship": "Inner",
                      "Parallel Aware": true,
                      "Startup Cost": 77651.74,
                      "Total Cost": 77651.74,
                      "Plan Rows": 461930,
                      "Plan Width": 8,
                      "Actual Startup Time": 460.169,
                      "Actual Total Time": 460.174,
                      "Actual Rows": 195031,
                      "Actual Loops": 6,
                      "Hash Buckets": 2097152,
                      "Original Hash Buckets": 2097152,
                      "Hash Batches": 1,
                      "Original Hash Batches": 1,
                      "Peak Memory Usage": 62272,
                      "Plans": [
                        {
                          "Node Type": "Hash Join",
                          "Parent Relationship": "Outer",
                          "Parallel Aware": true,
                          "Join Type": "Inner",
                          "Startup Cost": 48235.85,
                          "Total Cost": 77651.74,
                          "Plan Rows": 461930,
                          "Plan Width": 8,
                          "Actual Startup Time": 205.899,
                          "Actual Total Time": 384.006,
                          "Actual Rows": 195031,
                          "Actual Loops": 6,
                          "Inner Unique": true,
                          "Hash Cond": "(mc.movie_id = t.id)",
                          "Plans": [
                            {
                              "Node Type": "Seq Scan",
                              "Parent Relationship": "Outer",
                              "Parallel Aware": true,
                              "Relation Name": "movie_companies",
                              "Alias": "mc",
                              "Startup Cost": 0.0,
                              "Total Cost": 27206.55,
                              "Plan Rows": 841655,
                              "Plan Width": 4,
                              "Actual Startup Time": 0.014,
                              "Actual Total Time": 46.375,
                              "Actual Rows": 434855,
                              "Actual Loops": 6
                            },
                            {
                              "Node Type": "Hash",
                              "Parent Relationship": "Inner",
                              "Parallel Aware": true,
                              "Startup Cost": 43899.32,
                              "Total Cost": 43899.32,
                              "Plan Rows": 346922,
                              "Plan Width": 4,
                              "Actual Startup Time": 203.407,
                              "Actual Total Time": 203.409,
                              "Actual Rows": 230242,
                              "Actual Loops": 6,
                              "Hash Buckets": 2097152,
                              "Original Hash Buckets": 2097152,
                              "Hash Batches": 1,
                              "Original Hash Batches": 1,
                              "Peak Memory Usage": 70496,
                              "Plans": [
                                {
                                  "Node Type": "Seq Scan",
                                  "Parent Relationship": "Outer",
                                  "Parallel Aware": true,
                                  "Relation Name": "title",
                                  "Alias": "t",
                                  "Startup Cost": 0.0,
                                  "Total Cost": 43899.32,
                                  "Plan Rows": 346922,
                                  "Plan Width": 4,
                                  "Actual Startup Time": 0.059,
                                  "Actual Total Time": 92.566,
                                  "Actual Rows": 230242,
                                  "Actual Loops": 6,
                                  "Filter": "(production_year > 2000)",
                                  "Rows Removed by Filter": 191143
                                }
                              ]
                            }
                          ]
                        }
                      ]
                    }
                  ]
                }
              ]
            }
          ]
        }
      ]
    },
    "Planning Time": 0.638,
    "Triggers": [],
    "Execution Time": 2046.344
  }
]