[
  {
    "Plan": {
      "Node Type": "Aggregate",
      "Strategy": "Plain",
      "Partial Mode": "Finalize",
      "Parallel Aware": false,
      "Startup Cost": 47388.15,
      "Total Cost": 47388.16,
      "Plan Rows": 1,
      "Plan Width": 8,
      "Actual Startup Time": 126.082,
      "Actual Total Time": 138.02,
      "Actual Rows": 1,
      "Actual Loops": 1,
      "Plans": [
        {
          "Node Type": "Gather",
          "Parent Relationship": "Outer",
          "Parallel Aware": false,
          "Startup Cost": 47387.73,
          "Total Cost": 47388.14,
          "Plan Rows": 4,
          "Plan Width": 8,
          "Actual Startup Time": 125.942,
          "Actual Total Time": 138.011,
          "Actual Rows": 5,
          "Actual Loops": 1,
          "Workers Planned": 4,
          "Workers Launched": 4,
          "Single Copy": false,
          "Plans": [
            {
              "Node Type": "Aggregate",
              "Strategy": "Plain",
              "Partial Mode": "Partial",
              "Parent Relationship": "Outer",
              "Parallel Aware": false,
              "Startup Cost": 46387.73,
              "Total Cost": 46387.74,
              "Plan Rows": 1,
              "Plan Width": 8,
              "Actual Startup Time": 116.77,
              "Actual Total Time": 116.771,
              "Actual Rows": 1,
              "Actual Loops": 5,
              "Plans": [
                {
                  "Node Type": "Seq Scan",
                  "Parent Relationship": "Outer",
                  "Parallel Aware": true,
                  "Relation Name": "title",
                  "Alias": "t",
                  "Startup Cost": 0.0,
                  "Total Cost": 45479.1,
                  "Plan Rows": 363452,
                  "Plan Width": 0,
                  "Actual Startup Time": 0.038,
                  "Actual Total Time": 99.07,
                  "Actual Rows": 311593,
                  "Actual Loops": 5,
                  "Filter": "((kind_id > 2) AND (production_year > 1971))",
                  "Rows Removed by Filter": 194070
                }
              ]
            }
          ]
        }
      ]
    },
    "Planning Time": 0.158,
    "Triggers": [],
    "Execution Time": 138.074
  }
]