[
  {
    "Plan": {
      "Node Type": "Aggregate",
      "Strategy": "Plain",
      "Partial Mode": "Finalize",
      "Parallel Aware": false,
      "Startup Cost": 45970.75,
      "Total Cost": 45970.76,
      "Plan Rows": 1,
      "Plan Width": 8,
      "Actual Startup Time": 157.256,
      "Actual Total Time": 166.437,
      "Actual Rows": 1,
      "Actual Loops": 1,
      "Plans": [
        {
          "Node Type": "Gather",
          "Parent Relationship": "Outer",
          "Parallel Aware": false,
          "Startup Cost": 45970.44,
          "Total Cost": 45970.75,
          "Plan Rows": 3,
          "Plan Width": 8,
          "Actual Startup Time": 157.128,
          "Actual Total Time": 166.429,
          "Actual Rows": 4,
          "Actual Loops": 1,
          "Workers Planned": 3,
          "Workers Launched": 3,
          "Single Copy": false,
          "Plans": [
            {
              "Node Type": "Aggregate",
              "Strategy": "Plain",
              "Partial Mode": "Partial",
              "Parent Relationship": "Outer",
              "Parallel Aware": false,
              "Startup Cost": 44970.44,
              "Total Cost": 44970.45,
              "Plan Rows": 1,
              "Plan Width": 8,
              "Actual Startup Time": 150.144,
              "Actual Total Time": 150.145,
              "Actual Rows": 1,
              "Actual Loops": 4,
              "Plans": [
                {
                  "Node Type": "Seq Scan",
                  "Parent Relationship": "Outer",
                  "Parallel Aware": true,
                  "Relation Name": "movie_keyword",
                  "Alias": "mk",
                  "Startup Cost": 0.0,
                  "Total Cost": 42695.65,
                  "Plan Rows": 909913,
                  "Plan Width": 0,
                  "Actual Startup Time": 0.066,
                  "Actual Total Time": 118.678,
                  "Actual Rows": 703663,
                  "Actual Loops": 4,
                  "Filter": "(keyword_id < 8399)",
                  "Rows Removed by Filter": 427320
                }
              ]
            }
          ]
        }
      ]
    },
    "Planning Time": 0.234,
    "Triggers": [],
    "Execution Time": 166.492
  }
]