[
  {
    "Plan": {
      "Node Type": "Aggregate",
      "Strategy": "Plain",
      "Partial Mode": "Finalize",
      "Parallel Aware": false,
      "Startup Cost": 46627.85,
      "Total Cost": 46627.86,
      "Plan Rows": 1,
      "Plan Width": 8,
      "Actual Startup Time": 178.202,
      "Actual Total Time": 188.23,
      "Actual Rows": 1,
      "Actual Loops": 1,
      "Plans": [
        {
          "Node Type": "Gather",
          "Parent Relationship": "Outer",
          "Parallel Aware": false,
          "Startup Cost": 46627.54,
          "Total Cost": 46627.85,
          "Plan Rows": 3,
          "Plan Width": 8,
          "Actual Startup Time": 178.042,
          "Actual Total Time": 188.219,
          "Actual Rows": 4,
          "Actual Loops": 1,
          "Workers Planned": 3,
          "Workers Launched": 3,
          "Single Copy": false,
          "Plans": [
            {
              "Node Type": "Aggregate",
              "Strategy": "Plain",
              "Partial Mode": "Partial",
              "Parent Relationship": "Outer",
              "Parallel Aware": false,
              "Startup Cost": 45627.54,
              "Total Cost": 45627.55,
              "Plan Rows": 1,
              "Plan Width": 8,
              "Actual Startup Time": 171.084,
              "Actual Total Time": 171.085,
              "Actual Rows": 1,
              "Actual Loops": 4,
              "Plans": [
                {
                  "Node Type": "Seq Scan",
                  "Parent Relationship": "Outer",
                  "Parallel Aware": true,
                  "Relation Name": "movie_keyword",
                  "Alias": "mk",
                  "Startup Cost": 0.0,
                  "Total Cost": 42695.65,
                  "Plan Rows": 1172753,
                  "Plan Width": 0,
                  "Actual Startup Time": 0.054,
                  "Actual Total Time": 128.699,
                  "Actual Rows": 909546,
                  "Actual Loops": 4,
                  "Filter": "(keyword_id < 20819)",
                  "Rows Removed by Filter": 221437
                }
              ]
            }
          ]
        }
      ]
    },
    "Planning Time": 0.19,
    "Triggers": [],
    "Execution Time": 188.294
  }
]