[
  {
    "Plan": {
      "Node Type": "Aggregate",
      "Strategy": "Plain",
      "Partial Mode": "Finalize",
      "Parallel Aware": false,
      "Startup Cost": 325793.22,
      "Total Cost": 325793.23,
      "Plan Rows": 1,
      "Plan Width": 8,
      "Actual Startup Time": 296.016,
      "Actual Total Time": 308.696,
      "Actual Rows": 1,
      "Actual Loops": 1,
      "Plans": [
        {
          "Node Type": "Gather",
          "Parent Relationship": "Outer",
          "Parallel Aware": false,
          "Startup Cost": 325792.59,
          "Total Cost": 325793.2,
          "Plan Rows": 6,
          "Plan Width": 8,
          "Actual Startup Time": 291.741,
          "Actual Total Time": 308.686,
          "Actual Rows": 7,
          "Actual Loops": 1,
          "Workers Planned": 6,
          "Workers Launched": 6,
          "Single Copy": false,
          "Plans": [
            {
              "Node Type": "Aggregate",
              "Strategy": "Plain",
              "Partial Mode": "Partial",
              "Parent Relationship": "Outer",
              "Parallel Aware": false,
              "Startup Cost": 324792.59,
              "Total Cost": 324792.6,
              "Plan Rows": 1,
              "Plan Width": 8,
              "Actual Startup Time": 280.629,
              "Actual Total Time": 280.633,
              "Actual Rows": 1,
              "Actual Loops": 7,
              "Plans": [
                {
                  "Node Type": "Hash Join",
                  "Parent Relationship": "Outer",
                  "Parallel Aware": true,
                  "Join Type": "Inner",
                  "Startup Cost": 69384.92,
                  "Total Cost": 324626.98,
                  "Plan Rows": 66243,
                  "Plan Width": 0,
                  "Actual Startup Time": 185.458,
                  "Actual Total Time": 277.656,
                  "Actual Rows": 50059,
                  "Actual Loops": 7,
                  "Inner Unique": true,
                  "Hash Cond": "(ci.movie_id = t.id)",
                  "Plans": [
                    {
                      "Node Type": "Bitmap Heap Scan",
                      "Parent Relationship": "Outer",
                      "Parallel Aware": true,
                      "Relation Name": "cast_info",
                      "Alias": "ci",
                      "Startup Cost": 22387.79,
                      "Total Cost": 277186.42,
                      "Plan Rows": 168930,
                      "Plan Width": 4,
                      "Actual Startup Time": 35.96,
                      "Actual Total Time": 72.916,
                      "Actual Rows": 140427,
                      "Actual Loops": 7,
                      "Recheck Cond": "(person_id > 3872758)",
                      "Rows Removed by Index Recheck": 0,
                      "Exact Heap Blocks": 2838,
                      "Lossy Heap Blocks": 0,
                      "Plans": [
                        {
                          "Node Type": "Bitmap Index Scan",
                          "Parent Relationship": "Outer",
                          "Parallel Aware": false,
                          "Index Name": "person_id_cast_info",
                          "Startup Cost": 0.0,
                          "Total Cost": 22134.4,
                          "Plan Rows": 1013578,
                          "Plan Width": 0,
                          "Actual Startup Time": 33.684,
                          "Actual Total Time": 33.685,
                          "Actual Rows": 982988,
                          "Actual Loops": 1,
                          "Index Cond": "(person_id > 3872758)"
                        }
                      ]
                    },
                    {
                      "Node Type": "Hash",
                      "Parent Relationship": "Inner",
                      "Parallel Aware": true,
                      "Startup Cost": 43898.92,
                      "Total Cost": 43898.92,
                      "Plan Rows": 247857,
                      "Plan Width": 4,
                      "Actual Startup Time": 146.321,
                      "Actual Total Time": 146.322,
                      "Actual Rows": 140721,
                      "Actual Loops": 7,
                      "Hash Buckets": 1048576,
                      "Original Hash Buckets": 1048576,
                      "Hash Batches": 1,
                      "Original Hash Batches": 1,
                      "Peak Memory Usage": 46816,
                      "Plans": [
                        {
                          "Node Type": "Seq Scan",
                          "Parent Relationship": "Outer",
                          "Parallel Aware": true,
                          "Relation Name": "title",
                          "Alias": "t",
                          "Startup Cost": 0.0,
                          "Total Cost": 43898.92,
                          "Plan Rows": 247857,
                          "Plan Width": 4,
                          "Actual Startup Time": 0.054,
                          "Actual Total Time": 80.892,
                          "Actual Rows": 140721,
                          "Actual Loops": 7,
                          "Filter": "(kind_id < 7)",
                          "Rows Removed by Filter": 220466
                        }
                      ]
                    }
                  ]
                }
              ]
            }
          ]
        }
      ]
    },
    "Planning Time": 0.604,
    "Triggers": [],
    "Execution Time": 308.785
  }
]