[
  {
    "Plan": {
      "Node Type": "Aggregate",
      "Strategy": "Plain",
      "Partial Mode": "Finalize",
      "Parallel Aware": false,
      "Startup Cost": 46494.78,
      "Total Cost": 46494.79,
      "Plan Rows": 1,
      "Plan Width": 8,
      "Actual Startup Time": 95.91,
      "Actual Total Time": 109.612,
      "Actual Rows": 1,
      "Actual Loops": 1,
      "Plans": [
        {
          "Node Type": "Gather",
          "Parent Relationship": "Outer",
          "Parallel Aware": false,
          "Startup Cost": 46494.36,
          "Total Cost": 46494.77,
          "Plan Rows": 4,
          "Plan Width": 8,
          "Actual Startup Time": 95.751,
          "Actual Total Time": 109.594,
          "Actual Rows": 5,
          "Actual Loops": 1,
          "Workers Planned": 4,
          "Workers Launched": 4,
          "Single Copy": false,
          "Plans": [
            {
              "Node Type": "Aggregate",
              "Strategy": "Plain",
              "Partial Mode": "Partial",
              "Parent Relationship": "Outer",
              "Parallel Aware": false,
              "Startup Cost": 45494.36,
              "Total Cost": 45494.37,
              "Plan Rows": 1,
              "Plan Width": 8,
              "Actual Startup Time": 91.735,
              "Actual Total Time": 91.737,
              "Actual Rows": 1,
              "Actual Loops": 5,
              "Plans": [
                {
                  "Node Type": "Seq Scan",
                  "Parent Relationship": "Outer",
                  "Parallel Aware": true,
                  "Relation Name": "title",
                  "Alias": "t",
                  "Startup Cost": 0.0,
                  "Total Cost": 45479.59,
                  "Plan Rows": 5911,
                  "Plan Width": 0,
                  "Actual Startup Time": 0.156,
                  "Actual Total Time": 91.369,
                  "Actual Rows": 4127,
                  "Actual Loops": 5,
                  "Filter": "((kind_id < 7) AND (production_year = 2002))",
                  "Rows Removed by Filter": 501536
                }
              ]
            }
          ]
        }
      ]
    },
    "Planning Time": 0.131,
    "Triggers": [],
    "Execution Time": 109.655
  }
]