[
  {
    "Plan": {
      "Node Type": "Aggregate",
      "Strategy": "Plain",
      "Partial Mode": "Finalize",
      "Parallel Aware": false,
      "Startup Cost": 30663.05,
      "Total Cost": 30663.06,
      "Plan Rows": 1,
      "Plan Width": 8,
      "Actual Startup Time": 85.273,
      "Actual Total Time": 93.011,
      "Actual Rows": 1,
      "Actual Loops": 1,
      "Plans": [
        {
          "Node Type": "Gather",
          "Parent Relationship": "Outer",
          "Parallel Aware": false,
          "Startup Cost": 30662.73,
          "Total Cost": 30663.04,
          "Plan Rows": 3,
          "Plan Width": 8,
          "Actual Startup Time": 85.076,
          "Actual Total Time": 93.004,
          "Actual Rows": 4,
          "Actual Loops": 1,
          "Workers Planned": 3,
          "Workers Launched": 3,
          "Single Copy": false,
          "Plans": [
            {
              "Node Type": "Aggregate",
              "Strategy": "Plain",
              "Partial Mode": "Partial",
              "Parent Relationship": "Outer",
              "Parallel Aware": false,
              "Startup Cost": 29662.73,
              "Total Cost": 29662.74,
              "Plan Rows": 1,
              "Plan Width": 8,
              "Actual Startup Time": 79.46,
              "Actual Total Time": 79.461,
              "Actual Rows": 1,
              "Actual Loops": 4,
              "Plans": [
                {
                  "Node Type": "Seq Scan",
                  "Parent Relationship": "Outer",
                  "Parallel Aware": true,
                  "Relation Name": "movie_companies",
                  "Alias": "mc",
                  "Startup Cost": 0.0,
                  "Total Cost": 29310.68,
                  "Plan Rows": 140821,
                  "Plan Width": 0,
                  "Actual Startup Time": 45.046,
                  "Actual Total Time": 74.254,
                  "Actual Rows": 111177,
                  "Actual Loops": 4,
                  "Filter": "(company_id > 77758)",
                  "Rows Removed by Filter": 541105
                }
              ]
            }
          ]
        }
      ]
    },
    "Planning Time": 0.183,
    "Triggers": [],
    "Execution Time": 93.064
  }
]