[
  {
    "Plan": {
      "Node Type": "Aggregate",
      "Strategy": "Plain",
      "Partial Mode": "Finalize",
      "Parallel Aware": false,
      "Startup Cost": 113071.46,
      "Total Cost": 113071.47,
      "Plan Rows": 1,
      "Plan Width": 8,
      "Actual Startup Time": 190.433,
      "Actual Total Time": 200.685,
      "Actual Rows": 1,
      "Actual Loops": 1,
      "Plans": [
        {
          "Node Type": "Gather",
          "Parent Relationship": "Outer",
          "Parallel Aware": false,
          "Startup Cost": 113070.93,
          "Total Cost": 113071.44,
          "Plan Rows": 5,
          "Plan Width": 8,
          "Actual Startup Time": 190.338,
          "Actual Total Time": 200.677,
          "Actual Rows": 6,
          "Actual Loops": 1,
          "Workers Planned": 5,
          "Workers Launched": 5,
          "Single Copy": false,
          "Plans": [
            {
              "Node Type": "Aggregate",
              "Strategy": "Plain",
              "Partial Mode": "Partial",
              "Parent Relationship": "Outer",
              "Parallel Aware": false,
              "Startup Cost": 112070.93,
              "Total Cost": 112070.94,
              "Plan Rows": 1,
              "Plan Width": 8,
              "Actual Startup Time": 184.454,
              "Actual Total Time": 184.456,
              "Actual Rows": 1,
              "Actual Loops": 6,
              "Plans": [
                {
                  "Node Type": "Index Scan",
                  "Parent Relationship": "Outer",
                  "Parallel Aware": true,
                  "Scan Direction": "Forward",
                  "Index Name": "role_id_cast_info",
                  "Relation Name": "cast_info",
                  "Alias": "ci",
                  "Startup Cost": 0.56,
                  "Total Cost": 110428.26,
                  "Plan Rows": 657072,
                  "Plan Width": 0,
                  "Actual Startup Time": 0.089,
                  "Actual Total Time": 155.122,
                  "Actual Rows": 592101,
                  "Actual Loops": 6,
                  "Index Cond": "(role_id = 3)",
                  "Rows Removed by Index Recheck": 0,
                  "Filter": "(person_id < 2994182)",
                  "Rows Removed by Filter": 75905
                }
              ]
            }
          ]
        }
      ]
    },
    "Planning Time": 0.132,
    "Triggers": [],
    "Execution Time": 200.725
  }
]