[
  {
    "Plan": {
      "Node Type": "Aggregate",
      "Strategy": "Plain",
      "Partial Mode": "Finalize",
      "Parallel Aware": false,
      "Startup Cost": 604637.01,
      "Total Cost": 604637.02,
      "Plan Rows": 1,
      "Plan Width": 8,
      "Actual Startup Time": 2650.272,
      "Actual Total Time": 2704.902,
      "Actual Rows": 1,
      "Actual Loops": 1,
      "Plans": [
        {
          "Node Type": "Gather",
          "Parent Relationship": "Outer",
          "Parallel Aware": false,
          "Startup Cost": 604636.38,
          "Total Cost": 604636.99,
          "Plan Rows": 6,
          "Plan Width": 8,
          "Actual Startup Time": 2625.99,
          "Actual Total Time": 2704.891,
          "Actual Rows": 7,
          "Actual Loops": 1,
          "Workers Planned": 6,
          "Workers Launched": 6,
          "Single Copy": false,
          "Plans": [
            {
              "Node Type": "Aggregate",
              "Strategy": "Plain",
              "Partial Mode": "Partial",
              "Parent Relationship": "Outer",
              "Parallel Aware": false,
              "Startup Cost": 603636.38,
              "Total Cost": 603636.39,
              "Plan Rows": 1,
              "Plan Width": 8,
              "Actual Startup Time": 2613.356,
              "Actual Total Time": 2613.363,
              "Actual Rows": 1,
              "Actual Loops": 7,
              "Plans": [
                {
                  "Node Type": "Hash Join",
                  "Parent Relationship": "Outer",
                  "Parallel Aware": true,
                  "Join Type": "Inner",
                  "Startup Cost": 245097.25,
                  "Total Cost": 596929.01,
                  "Plan Rows": 2682947,
                  "Plan Width": 0,
                  "Actual Startup Time": 599.892,
                  "Actual Total Time": 2449.123,
                  "Actual Rows": 3607110,
                  "Actual Loops": 7,
                  "Inner Unique": false,
                  "Hash Cond": "(ci.movie_id = t.id)",
                  "Plans": [
                    {
                      "Node Type": "Seq Scan",
                      "Parent Relationship": "Outer",
                      "Parallel Aware": true,
                      "Relation Name": "cast_info",
                      "Alias": "ci",
                      "Startup Cost": 0.0,
                      "Total Cost": 328211.39,
                      "Plan Rows": 4867859,
                      "Plan Width": 4,
                      "Actual Startup Time": 78.065,
                      "Actual Total Time": 638.594,
                      "Actual Rows": 4152791,
                      "Actual Loops": 7,
                      "Filter": "(person_id > 693390)",
                      "Rows Removed by Filter": 1024973
                    },
                    {
                      "Node Type": "Hash",
                      "Parent Relationship": "Inner",
                      "Parallel Aware": true,
                      "Startup Cost": 241613.36,
                      "Total Cost": 241613.36,
                      "Plan Rows": 278711,
                      "Plan Width": 8,
                      "Actual Startup Time": 517.739,
                      "Actual Total Time": 517.745,
                      "Actual Rows": 200272,
                      "Actual Loops": 7,
                      "Hash Buckets": 2097152,
                      "Original Hash Buckets": 2097152,
                      "Hash Batches": 1,
                      "Original Hash Batches": 1,
                      "Peak Memory Usage": 71296,
                      "Plans": [
                        {
                          "Node Type": "Hash Join",
                          "Parent Relationship": "Outer",
                          "Parallel Aware": true,
                          "Join Type": "Inner",
                          "Startup Cost": 75404.86,
                          "Total Cost": 241613.36,
                          "Plan Rows": 278711,
                          "Plan Width": 8,
                          "Actual Startup Time": 333.335,
                          "Actual Total Time": 437.432,
                          "Actual Rows": 200272,
                          "Actual Loops": 7,
                          "Inner Unique": true,
                          "Hash Cond": "(mi.movie_id = t.id)",
                          "Plans": [
                            {
                              "Node Type": "Bitmap Heap Scan",
                              "Parent Relationship": "Outer",
                              "Parallel Aware": true,
                              "Relation Name": "movie_info",
                              "Alias": "mi",
                              "Startup Cost": 25184.48,
                              "Total Cost": 190661.36,
                              "Plan Rows": 278711,
                              "Plan Width": 4,
                              "Actual Startup Time": 45.409,
                              "Actual Total Time": 76.36,
                              "Actual Rows": 200272,
                              "Actual Loops": 7,
                              "Recheck Cond": "(info_type_id = 7)",
                              "Rows Removed by Index Recheck": 0,
                              "Exact Heap Blocks": 1245,
                              "Lossy Heap Blocks": 0,
                              "Plans": [
                                {
                                  "Node Type": "Bitmap Index Scan",
                                  "Parent Relationship": "Outer",
                                  "Parallel Aware": false,
                                  "Index Name": "info_type_id_movie_info",
                                  "Startup Cost": 0.0,
                                  "Total Cost": 24836.09,
                                  "Plan Rows": 1393554,
                                  "Plan Width": 0,
                                  "Actual Startup Time": 43.699,
                                  "Actual Total Time": 43.699,
                                  "Actual Rows": 1401902,
                                  "Actual Loops": 1,
                                  "Index Cond": "(info_type_id = 7)"
                                }
                              ]
                            },
                            {
                              "Node Type": "Hash",
                              "Parent Relationship": "Inner",
                              "Parallel Aware": true,
                              "Startup Cost": 42319.06,
                              "Total Cost": 42319.06,
                              "Plan Rows": 632106,
                              "Plan Width": 4,
                              "Actual Startup Time": 281.773,
                              "Actual Total Time": 281.775,
                              "Actual Rows": 361187,
                              "Actual Loops": 7,
                              "Hash Buckets": 4194304,
                              "Original Hash Buckets": 4194304,
                              "Hash Batches": 1,
                              "Original Hash Batches": 1,
                              "Peak Memory Usage": 131840,
                              "Plans": [
                                {
                                  "Node Type": "Seq Scan",
                                  "Parent Relationship": "Outer",
                                  "Parallel Aware": true,
                                  "Relation Name": "title",
                                  "Alias": "t",
                                  "Startup Cost": 0.0,
                                  "Total Cost": 42319.06,
                                  "Plan Rows": 632106,
                                  "Plan Width": 4,
                                  "Actual Startup Time": 0.073,
                                  "Actual Total Time": 75.408,
                                  "Actual Rows": 361187,
                                  "Actual Loops": 7
                                }
                              ]
                            }
                          ]
                        }
                      ]
                    }
                  ]
                }
              ]
            }
          ]
        }
      ]
    },
    "Planning Time": 0.444,
    "Triggers": [],
    "Execution Time": 2704.965
  }
]