[
  {
    "Plan": {
      "Node Type": "Aggregate",
      "Strategy": "Plain",
      "Partial Mode": "Finalize",
      "Parallel Aware": false,
      "Startup Cost": 91251.79,
      "Total Cost": 91251.8,
      "Plan Rows": 1,
      "Plan Width": 8,
      "Actual Startup Time": 298.877,
      "Actual Total Time": 315.141,
      "Actual Rows": 1,
      "Actual Loops": 1,
      "Plans": [
        {
          "Node Type": "Gather",
          "Parent Relationship": "Outer",
          "Parallel Aware": false,
          "Startup Cost": 91251.47,
          "Total Cost": 91251.78,
          "Plan Rows": 3,
          "Plan Width": 8,
          "Actual Startup Time": 296.243,
          "Actual Total Time": 315.13,
          "Actual Rows": 4,
          "Actual Loops": 1,
          "Workers Planned": 3,
          "Workers Launched": 3,
          "Single Copy": false,
          "Plans": [
            {
              "Node Type": "Aggregate",
              "Strategy": "Plain",
              "Partial Mode": "Partial",
              "Parent Relationship": "Outer",
              "Parallel Aware": false,
              "Startup Cost": 90251.47,
              "Total Cost": 90251.48,
              "Plan Rows": 1,
              "Plan Width": 8,
              "Actual Startup Time": 287.455,
              "Actual Total Time": 287.458,
              "Actual Rows": 1,
              "Actual Loops": 4,
              "Plans": [
                {
                  "Node Type": "Hash Join",
                  "Parent Relationship": "Outer",
                  "Parallel Aware": true,
                  "Join Type": "Inner",
                  "Startup Cost": 46814.95,
                  "Total Cost": 90148.72,
                  "Plan Rows": 41101,
                  "Plan Width": 0,
                  "Actual Startup Time": 153.668,
                  "Actual Total Time": 283.111,
                  "Actual Rows": 95047,
                  "Actual Loops": 4,
                  "Inner Unique": true,
                  "Hash Cond": "(mk.movie_id = t.id)",
                  "Plans": [
                    {
                      "Node Type": "Seq Scan",
                      "Parent Relationship": "Outer",
                      "Parallel Aware": true,
                      "Relation Name": "movie_keyword",
                      "Alias": "mk",
                      "Startup Cost": 0.0,
                      "Total Cost": 42695.65,
                      "Plan Rows": 243093,
                      "Plan Width": 4,
                      "Actual Startup Time": 2.242,
                      "Actual Total Time": 94.693,
                      "Actual Rows": 186084,
                      "Actual Loops": 4,
                      "Filter": "(keyword_id > 25211)",
                      "Rows Removed by Filter": 944898
                    },
                    {
                      "Node Type": "Hash",
                      "Parent Relationship": "Inner",
                      "Parallel Aware": true,
                      "Startup Cost": 45479.1,
                      "Total Cost": 45479.1,
                      "Plan Rows": 106868,
                      "Plan Width": 4,
                      "Actual Startup Time": 147.631,
                      "Actual Total Time": 147.632,
                      "Actual Rows": 124191,
                      "Actual Loops": 4,
                      "Hash Buckets": 524288,
                      "Original Hash Buckets": 524288,
                      "Hash Batches": 1,
                      "Original Hash Batches": 1,
                      "Peak Memory Usage": 23584,
                      "Plans": [
                        {
                          "Node Type": "Seq Scan",
                          "Parent Relationship": "Outer",
                          "Parallel Aware": true,
                          "Relation Name": "title",
                          "Alias": "t",
                          "Startup Cost": 0.0,
                          "Total Cost": 45479.1,
                          "Plan Rows": 106868,
                          "Plan Width": 4,
                          "Actual Startup Time": 0.044,
                          "Actual Total Time": 103.984,
                          "Actual Rows": 124191,
                          "Actual Loops": 4,
                          "Filter": "((kind_id < 3) AND (production_year < 2006))",
                          "Rows Removed by Filter": 507887
                        }
                      ]
                    }
                  ]
                }
              ]
            }
          ]
        }
      ]
    },
    "Planning Time": 0.607,
    "Triggers": [],
    "Execution Time": 315.206
  }
]