{
  "Plan": {
    "Node Type": "Aggregate",
    "Strategy": "Plain",
    "Partial Mode": "Finalize",
    "Parallel Aware": false,
    "Startup Cost": 445787.82,
    "Total Cost": 445787.83,
    "Plan Rows": 1,
    "Plan Width": 8,
    "Actual Startup Time": 1480.012,
    "Actual Total Time": 1480.28,
    "Actual Rows": 1,
    "Actual Loops": 1,
    "Plans": [
      {
        "Node Type": "Gather",
        "Parent Relationship": "Outer",
        "Parallel Aware": false,
        "Startup Cost": 445787.7,
        "Total Cost": 445787.81,
        "Plan Rows": 1,
        "Plan Width": 8,
        "Actual Startup Time": 1480.003,
        "Actual Total Time": 1480.275,
        "Actual Rows": 2,
        "Actual Loops": 1,
        "Workers Planned": 1,
        "Workers Launched": 1,
        "Single Copy": false,
        "Plans": [
          {
            "Node Type": "Aggregate",
            "Strategy": "Plain",
            "Partial Mode": "Partial",
            "Parent Relationship": "Outer",
            "Parallel Aware": false,
            "Startup Cost": 444787.7,
            "Total Cost": 444787.71,
            "Plan Rows": 1,
            "Plan Width": 8,
            "Actual Startup Time": 1462.009,
            "Actual Total Time": 1462.015,
            "Actual Rows": 1,
            "Actual Loops": 2,
            "Plans": [
              {
                "Node Type": "Merge Join",
                "Parent Relationship": "Outer",
                "Parallel Aware": false,
                "Join Type": "Inner",
                "Startup Cost": 436090.67,
                "Total Cost": 444392.99,
                "Plan Rows": 157885,
                "Plan Width": 0,
                "Actual Startup Time": 1226.447,
                "Actual Total Time": 1433.277,
                "Actual Rows": 737429,
                "Actual Loops": 2,
                "Inner Unique": false,
                "Merge Cond": "(mi.movie_id = t.id)",
                "Plans": [
                  {
                    "Node Type": "Sort",
                    "Parent Relationship": "Outer",
                    "Parallel Aware": false,
                    "Startup Cost": 290411.5,
                    "Total Cost": 292668.9,
                    "Plan Rows": 902963,
                    "Plan Width": 4,
                    "Actual Startup Time": 300.22,
                    "Actual Total Time": 327.427,
                    "Actual Rows": 766919,
                    "Actual Loops": 2,
                    "Sort Key": [
                      "mi.movie_id"
                    ],
                    "Sort Method": "quicksort",
                    "Sort Space Used": 65822,
                    "Sort Space Type": "Memory",
                    "Workers": [
                      {
                        "Worker Number": 0,
                        "Sort Method": "quicksort",
                        "Sort Space Used": 55233,
                        "Sort Space Type": "Memory"
                      }
                    ],
                    "Plans": [
                      {
                        "Node Type": "Bitmap Heap Scan",
                        "Parent Relationship": "Outer",
                        "Parallel Aware": true,
                        "Relation Name": "movie_info",
                        "Alias": "mi",
                        "Startup Cost": 27808.97,
                        "Total Cost": 201089.01,
                        "Plan Rows": 902963,
                        "Plan Width": 4,
                        "Actual Startup Time": 62.094,
                        "Actual Total Time": 148.61,
                        "Actual Rows": 766954,
                        "Actual Loops": 2,
                        "Recheck Cond": "(info_type_id = 3)",
                        "Rows Removed by Index Recheck": 0,
                        "Exact Heap Blocks": 5605,
                        "Lossy Heap Blocks": 0,
                        "Plans": [
                          {
                            "Node Type": "Bitmap Index Scan",
                            "Parent Relationship": "Outer",
                            "Parallel Aware": false,
                            "Index Name": "info_type_id_movie_info",
                            "Startup Cost": 0.0,
                            "Total Cost": 27425.21,
                            "Plan Rows": 1535037,
                            "Plan Width": 0,
                            "Actual Startup Time": 66.027,
                            "Actual Total Time": 66.028,
                            "Actual Rows": 1533909,
                            "Actual Loops": 1,
                            "Index Cond": "(info_type_id = 3)"
                          }
                        ]
                      }
                    ]
                  },
                  {
                    "Node Type": "Sort",
                    "Parent Relationship": "Inner",
                    "Parallel Aware": false,
                    "Startup Cost": 145679.12,
                    "Total Cost": 146784.31,
                    "Plan Rows": 442076,
                    "Plan Width": 8,
                    "Actual Startup Time": 926.143,
                    "Actual Total Time": 966.728,
                    "Actual Rows": 1212033,
                    "Actual Loops": 2,
                    "Sort Key": [
                      "mi_idx.movie_id"
                    ],
                    "Sort Method": "quicksort",
                    "Sort Space Used": 65719,
                    "Sort Space Type": "Memory",
                    "Workers": [
                      {
                        "Worker Number": 0,
                        "Sort Method": "quicksort",
                        "Sort Space Used": 65719,
                        "Sort Space Type": "Memory"
                      }
                    ],
                    "Plans": [
                      {
                        "Node Type": "Hash Join",
                        "Parent Relationship": "Outer",
                        "Parallel Aware": false,
                        "Join Type": "Inner",
                        "Startup Cost": 78867.85,
                        "Total Cost": 104225.8,
                        "Plan Rows": 442076,
                        "Plan Width": 8,
                        "Actual Startup Time": 372.431,
                        "Actual Total Time": 746.403,
                        "Actual Rows": 877706,
                        "Actual Loops": 2,
                        "Inner Unique": true,
                        "Hash Cond": "(mi_idx.movie_id = t.id)",
                        "Plans": [
                          {
                            "Node Type": "Seq Scan",
                            "Parent Relationship": "Outer",
                            "Parallel Aware": false,
                            "Relation Name": "movie_info_idx",
                            "Alias": "mi_idx",
                            "Startup Cost": 0.0,
                            "Total Cost": 21735.35,
                            "Plan Rows": 1380035,
                            "Plan Width": 4,
                            "Actual Startup Time": 0.04,
                            "Actual Total Time": 91.747,
                            "Actual Rows": 1380035,
                            "Actual Loops": 2
                          },
                          {
                            "Node Type": "Hash",
                            "Parent Relationship": "Inner",
                            "Parallel Aware": false,
                            "Startup Cost": 68744.04,
                            "Total Cost": 68744.04,
                            "Plan Rows": 809905,
                            "Plan Width": 4,
                            "Actual Startup Time": 368.568,
                            "Actual Total Time": 368.57,
                            "Actual Rows": 843018,
                            "Actual Loops": 2,
                            "Hash Buckets": 1048576,
                            "Original Hash Buckets": 1048576,
                            "Hash Batches": 1,
                            "Original Hash Batches": 1,
                            "Peak Memory Usage": 37830,
                            "Plans": [
                              {
                                "Node Type": "Bitmap Heap Scan",
                                "Parent Relationship": "Outer",
                                "Parallel Aware": false,
                                "Relation Name": "title",
                                "Alias": "t",
                                "Startup Cost": 17874.62,
                                "Total Cost": 68744.04,
                                "Plan Rows": 809905,
                                "Plan Width": 4,
                                "Actual Startup Time": 38.209,
                                "Actual Total Time": 202.366,
                                "Actual Rows": 843018,
                                "Actual Loops": 2,
                                "Recheck Cond": "(kind_id < 7)",
                                "Rows Removed by Index Recheck": 0,
                                "Filter": "(production_year < 2011)",
                                "Rows Removed by Filter": 142030,
                                "Exact Heap Blocks": 35472,
                                "Lossy Heap Blocks": 0,
                                "Plans": [
                                  {
                                    "Node Type": "Bitmap Index Scan",
                                    "Parent Relationship": "Outer",
                                    "Parallel Aware": false,
                                    "Index Name": "kind_id_title",
                                    "Startup Cost": 0.0,
                                    "Total Cost": 17672.14,
                                    "Plan Rows": 991428,
                                    "Plan Width": 0,
                                    "Actual Startup Time": 33.073,
                                    "Actual Total Time": 33.073,
                                    "Actual Rows": 985048,
                                    "Actual Loops": 2,
                                    "Index Cond": "(kind_id < 7)"
                                  }
                                ]
                              }
                            ]
                          }
                        ]
                      }
                    ]
                  }
                ]
              }
            ]
          }
        ]
      }
    ]
  },
  "Planning Time": 1.045,
  "Triggers": [],
  "Execution Time": 1486.995
}