[
  {
    "Plan": {
      "Node Type": "Aggregate",
      "Strategy": "Plain",
      "Partial Mode": "Finalize",
      "Parallel Aware": false,
      "Startup Cost": 346149.12,
      "Total Cost": 346149.13,
      "Plan Rows": 1,
      "Plan Width": 8,
      "Actual Startup Time": 478.407,
      "Actual Total Time": 528.097,
      "Actual Rows": 1,
      "Actual Loops": 1,
      "Plans": [
        {
          "Node Type": "Gather",
          "Parent Relationship": "Outer",
          "Parallel Aware": false,
          "Startup Cost": 346148.49,
          "Total Cost": 346149.1,
          "Plan Rows": 6,
          "Plan Width": 8,
          "Actual Startup Time": 478.185,
          "Actual Total Time": 528.064,
          "Actual Rows": 7,
          "Actual Loops": 1,
          "Workers Planned": 6,
          "Workers Launched": 6,
          "Single Copy": false,
          "Plans": [
            {
              "Node Type": "Aggregate",
              "Strategy": "Plain",
              "Partial Mode": "Partial",
              "Parent Relationship": "Outer",
              "Parallel Aware": false,
              "Startup Cost": 345148.49,
              "Total Cost": 345148.5,
              "Plan Rows": 1,
              "Plan Width": 8,
              "Actual Startup Time": 470.16,
              "Actual Total Time": 470.162,
              "Actual Rows": 1,
              "Actual Loops": 7,
              "Plans": [
                {
                  "Node Type": "Index Scan",
                  "Parent Relationship": "Outer",
                  "Parallel Aware": true,
                  "Scan Direction": "Forward",
                  "Index Name": "role_id_cast_info",
                  "Relation Name": "cast_info",
                  "Alias": "ci",
                  "Startup Cost": 0.56,
                  "Total Cost": 341155.22,
                  "Plan Rows": 1597310,
                  "Plan Width": 0,
                  "Actual Startup Time": 223.09,
                  "Actual Total Time": 426.928,
                  "Actual Rows": 889899,
                  "Actual Loops": 7,
                  "Index Cond": "(role_id = 1)",
                  "Rows Removed by Index Recheck": 0,
                  "Filter": "(person_id > 879270)",
                  "Rows Removed by Filter": 920200
                }
              ]
            }
          ]
        }
      ]
    },
    "Planning Time": 0.202,
    "Triggers": [],
    "Execution Time": 528.166
  }
]