{
  "Plan": {
    "Node Type": "Aggregate",
    "Strategy": "Plain",
    "Partial Mode": "Simple",
    "Parallel Aware": false,
    "Startup Cost": 146493.24,
    "Total Cost": 146493.25,
    "Plan Rows": 1,
    "Plan Width": 96,
    "Actual Startup Time": 505.021,
    "Actual Total Time": 505.108,
    "Actual Rows": 1,
    "Actual Loops": 1,
    "Plans": [
      {
        "Node Type": "Gather",
        "Parent Relationship": "Outer",
        "Parallel Aware": false,
        "Startup Cost": 1006.71,
        "Total Cost": 146493.23,
        "Plan Rows": 1,
        "Plan Width": 66,
        "Actual Startup Time": 291.092,
        "Actual Total Time": 505.079,
        "Actual Rows": 25,
        "Actual Loops": 1,
        "Workers Planned": 1,
        "Workers Launched": 0,
        "Single Copy": false,
        "Plans": [
          {
            "Node Type": "Hash Join",
            "Parent Relationship": "Outer",
            "Parallel Aware": false,
            "Join Type": "Inner",
            "Startup Cost": 6.71,
            "Total Cost": 145493.13,
            "Plan Rows": 1,
            "Plan Width": 66,
            "Actual Startup Time": 290.352,
            "Actual Total Time": 504.255,
            "Actual Rows": 25,
            "Actual Loops": 1,
            "Inner Unique": true,
            "Hash Cond": "(mi_idx.info_type_id = it2.id)",
            "Plans": [
              {
                "Node Type": "Nested Loop",
                "Parent Relationship": "Outer",
                "Parallel Aware": false,
                "Join Type": "Inner",
                "Startup Cost": 4.28,
                "Total Cost": 145490.7,
                "Plan Rows": 1,
                "Plan Width": 70,
                "Actual Startup Time": 290.295,
                "Actual Total Time": 504.182,
                "Actual Rows": 75,
                "Actual Loops": 1,
                "Inner Unique": false,
                "Join Filter": "(t.id = mi_idx.movie_id)",
                "Rows Removed by Join Filter": 0,
                "Plans": [
                  {
                    "Node Type": "Hash Join",
                    "Parent Relationship": "Outer",
                    "Parallel Aware": false,
                    "Join Type": "Inner",
                    "Startup Cost": 3.86,
                    "Total Cost": 145490.18,
                    "Plan Rows": 1,
                    "Plan Width": 72,
                    "Actual Startup Time": 290.278,
                    "Actual Total Time": 503.963,
                    "Actual Rows": 34,
                    "Actual Loops": 1,
                    "Inner Unique": true,
                    "Hash Cond": "(mi.info_type_id = it1.id)",
                    "Plans": [
                      {
                        "Node Type": "Nested Loop",
                        "Parent Relationship": "Outer",
                        "Parallel Aware": false,
                        "Join Type": "Inner",
                        "Startup Cost": 1.43,
                        "Total Cost": 145487.44,
                        "Plan Rows": 114,
                        "Plan Width": 76,
                        "Actual Startup Time": 224.632,
                        "Actual Total Time": 502.772,
                        "Actual Rows": 21363,
                        "Actual Loops": 1,
                        "Inner Unique": false,
                        "Plans": [
                          {
                            "Node Type": "Nested Loop",
                            "Parent Relationship": "Outer",
                            "Parallel Aware": false,
                            "Join Type": "Inner",
                            "Startup Cost": 0.99,
                            "Total Cost": 145452.3,
                            "Plan Rows": 19,
                            "Plan Width": 25,
                            "Actual Startup Time": 224.616,
                            "Actual Total Time": 491.762,
                            "Actual Rows": 1129,
                            "Actual Loops": 1,
                            "Inner Unique": true,
                            "Plans": [
                              {
                                "Node Type": "Nested Loop",
                                "Parent Relationship": "Outer",
                                "Parallel Aware": false,
                                "Join Type": "Inner",
                                "Startup Cost": 0.56,
                                "Total Cost": 145441.45,
                                "Plan Rows": 19,
                                "Plan Width": 4,
                                "Actual Startup Time": 224.601,
                                "Actual Total Time": 488.686,
                                "Actual Rows": 1129,
                                "Actual Loops": 1,
                                "Inner Unique": false,
                                "Plans": [
                                  {
                                    "Node Type": "Seq Scan",
                                    "Parent Relationship": "Outer",
                                    "Parallel Aware": true,
                                    "Relation Name": "name",
                                    "Alias": "n",
                                    "Startup Cost": 0.0,
                                    "Total Cost": 92382.65,
                                    "Plan Rows": 56,
                                    "Plan Width": 4,
                                    "Actual Startup Time": 213.642,
                                    "Actual Total Time": 477.637,
                                    "Actual Rows": 3467,
                                    "Actual Loops": 1,
                                    "Filter": "((name ~~ '%Smith,%'::text) AND ((gender)::text = 'f'::text))",
                                    "Rows Removed by Filter": 4164024
                                  },
                                  {
                                    "Node Type": "Index Scan",
                                    "Parent Relationship": "Inner",
                                    "Parallel Aware": false,
                                    "Scan Direction": "Forward",
                                    "Index Name": "person_id_cast_info",
                                    "Relation Name": "cast_info",
                                    "Alias": "ci",
                                    "Startup Cost": 0.56,
                                    "Total Cost": 947.28,
                                    "Plan Rows": 20,
                                    "Plan Width": 8,
                                    "Actual Startup Time": 0.003,
                                    "Actual Total Time": 0.003,
                                    "Actual Rows": 0,
                                    "Actual Loops": 3467,
                                    "Index Cond": "(person_id = n.id)",
                                    "Rows Removed by Index Recheck": 0,
                                    "Filter": "(note = ANY ('{(writer),(voice)}'::text[]))",
                                    "Rows Removed by Filter": 8
                                  }
                                ]
                              },
                              {
                                "Node Type": "Index Scan",
                                "Parent Relationship": "Inner",
                                "Parallel Aware": false,
                                "Scan Direction": "Forward",
                                "Index Name": "title_pkey",
                                "Relation Name": "title",
                                "Alias": "t",
                                "Startup Cost": 0.43,
                                "Total Cost": 0.57,
                                "Plan Rows": 1,
                                "Plan Width": 21,
                                "Actual Startup Time": 0.002,
                                "Actual Total Time": 0.002,
                                "Actual Rows": 1,
                                "Actual Loops": 1129,
                                "Index Cond": "(id = ci.movie_id)",
                                "Rows Removed by Index Recheck": 0
                              }
                            ]
                          },
                          {
                            "Node Type": "Index Scan",
                            "Parent Relationship": "Inner",
                            "Parallel Aware": false,
                            "Scan Direction": "Forward",
                            "Index Name": "movie_id_movie_info",
                            "Relation Name": "movie_info",
                            "Alias": "mi",
                            "Startup Cost": 0.43,
                            "Total Cost": 1.46,
                            "Plan Rows": 39,
                            "Plan Width": 51,
                            "Actual Startup Time": 0.002,
                            "Actual Total Time": 0.008,
                            "Actual Rows": 19,
                            "Actual Loops": 1129,
                            "Index Cond": "(movie_id = t.id)",
                            "Rows Removed by Index Recheck": 0
                          }
                        ]
                      },
                      {
                        "Node Type": "Hash",
                        "Parent Relationship": "Inner",
                        "Parallel Aware": false,
                        "Startup Cost": 2.41,
                        "Total Cost": 2.41,
                        "Plan Rows": 1,
                        "Plan Width": 4,
                        "Actual Startup Time": 0.022,
                        "Actual Total Time": 0.023,
                        "Actual Rows": 1,
                        "Actual Loops": 1,
                        "Hash Buckets": 1024,
                        "Original Hash Buckets": 1024,
                        "Hash Batches": 1,
                        "Original Hash Batches": 1,
                        "Peak Memory Usage": 9,
                        "Plans": [
                          {
                            "Node Type": "Seq Scan",
                            "Parent Relationship": "Outer",
                            "Parallel Aware": false,
                            "Relation Name": "info_type",
                            "Alias": "it1",
                            "Startup Cost": 0.0,
                            "Total Cost": 2.41,
                            "Plan Rows": 1,
                            "Plan Width": 4,
                            "Actual Startup Time": 0.018,
                            "Actual Total Time": 0.02,
                            "Actual Rows": 1,
                            "Actual Loops": 1,
                            "Filter": "((info)::text = 'budget'::text)",
                            "Rows Removed by Filter": 112
                          }
                        ]
                      }
                    ]
                  },
                  {
                    "Node Type": "Index Scan",
                    "Parent Relationship": "Inner",
                    "Parallel Aware": false,
                    "Scan Direction": "Forward",
                    "Index Name": "movie_id_movie_info_idx",
                    "Relation Name": "movie_info_idx",
                    "Alias": "mi_idx",
                    "Startup Cost": 0.43,
                    "Total Cost": 0.48,
                    "Plan Rows": 3,
                    "Plan Width": 14,
                    "Actual Startup Time": 0.005,
                    "Actual Total Time": 0.006,
                    "Actual Rows": 2,
                    "Actual Loops": 34,
                    "Index Cond": "(movie_id = mi.movie_id)",
                    "Rows Removed by Index Recheck": 0
                  }
                ]
              },
              {
                "Node Type": "Hash",
                "Parent Relationship": "Inner",
                "Parallel Aware": false,
                "Startup Cost": 2.41,
                "Total Cost": 2.41,
                "Plan Rows": 1,
                "Plan Width": 4,
                "Actual Startup Time": 0.044,
                "Actual Total Time": 0.044,
                "Actual Rows": 1,
                "Actual Loops": 1,
                "Hash Buckets": 1024,
                "Original Hash Buckets": 1024,
                "Hash Batches": 1,
                "Original Hash Batches": 1,
                "Peak Memory Usage": 9,
                "Plans": [
                  {
                    "Node Type": "Seq Scan",
                    "Parent Relationship": "Outer",
                    "Parallel Aware": false,
                    "Relation Name": "info_type",
                    "Alias": "it2",
                    "Startup Cost": 0.0,
                    "Total Cost": 2.41,
                    "Plan Rows": 1,
                    "Plan Width": 4,
                    "Actual Startup Time": 0.034,
                    "Actual Total Time": 0.038,
                    "Actual Rows": 1,
                    "Actual Loops": 1,
                    "Filter": "((info)::text = 'votes'::text)",
                    "Rows Removed by Filter": 112
                  }
                ]
              }
            ]
          }
        ]
      }
    ]
  },
  "Planning Time": 2.001,
  "Triggers": [],
  "Execution Time": 505.231
}