[
  {
    "Plan": {
      "Node Type": "Aggregate",
      "Strategy": "Plain",
      "Partial Mode": "Finalize",
      "Parallel Aware": false,
      "Startup Cost": 40338.92,
      "Total Cost": 40338.93,
      "Plan Rows": 1,
      "Plan Width": 8,
      "Actual Startup Time": 138.517,
      "Actual Total Time": 144.526,
      "Actual Rows": 1,
      "Actual Loops": 1,
      "Plans": [
        {
          "Node Type": "Gather",
          "Parent Relationship": "Outer",
          "Parallel Aware": false,
          "Startup Cost": 40338.6,
          "Total Cost": 40338.91,
          "Plan Rows": 3,
          "Plan Width": 8,
          "Actual Startup Time": 138.328,
          "Actual Total Time": 144.517,
          "Actual Rows": 4,
          "Actual Loops": 1,
          "Workers Planned": 3,
          "Workers Launched": 3,
          "Single Copy": false,
          "Plans": [
            {
              "Node Type": "Aggregate",
              "Strategy": "Plain",
              "Partial Mode": "Partial",
              "Parent Relationship": "Outer",
              "Parallel Aware": false,
              "Startup Cost": 39338.6,
              "Total Cost": 39338.61,
              "Plan Rows": 1,
              "Plan Width": 8,
              "Actual Startup Time": 130.61,
              "Actual Total Time": 130.612,
              "Actual Rows": 1,
              "Actual Loops": 4,
              "Plans": [
                {
                  "Node Type": "Bitmap Heap Scan",
                  "Parent Relationship": "Outer",
                  "Parallel Aware": true,
                  "Relation Name": "movie_keyword",
                  "Alias": "mk",
                  "Startup Cost": 12120.15,
                  "Total Cost": 38877.86,
                  "Plan Rows": 184296,
                  "Plan Width": 0,
                  "Actual Startup Time": 49.395,
                  "Actual Total Time": 122.604,
                  "Actual Rows": 140156,
                  "Actual Loops": 4,
                  "Recheck Cond": "(keyword_id > 32816)",
                  "Rows Removed by Index Recheck": 0,
                  "Exact Heap Blocks": 9575,
                  "Lossy Heap Blocks": 0,
                  "Plans": [
                    {
                      "Node Type": "Bitmap Index Scan",
                      "Parent Relationship": "Outer",
                      "Parallel Aware": false,
                      "Index Name": "keyword_id_movie_keyword",
                      "Startup Cost": 0.0,
                      "Total Cost": 11977.33,
                      "Plan Rows": 571319,
                      "Plan Width": 0,
                      "Actual Startup Time": 52.826,
                      "Actual Total Time": 52.827,
                      "Actual Rows": 560623,
                      "Actual Loops": 1,
                      "Index Cond": "(keyword_id > 32816)"
                    }
                  ]
                }
              ]
            }
          ]
        }
      ]
    },
    "Planning Time": 0.228,
    "Triggers": [],
    "Execution Time": 144.605
  }
]