[
  {
    "Plan": {
      "Node Type": "Aggregate",
      "Strategy": "Plain",
      "Partial Mode": "Finalize",
      "Parallel Aware": false,
      "Startup Cost": 300976.49,
      "Total Cost": 300976.5,
      "Plan Rows": 1,
      "Plan Width": 8,
      "Actual Startup Time": 199.537,
      "Actual Total Time": 210.093,
      "Actual Rows": 1,
      "Actual Loops": 1,
      "Plans": [
        {
          "Node Type": "Gather",
          "Parent Relationship": "Outer",
          "Parallel Aware": false,
          "Startup Cost": 300975.87,
          "Total Cost": 300976.48,
          "Plan Rows": 6,
          "Plan Width": 8,
          "Actual Startup Time": 198.697,
          "Actual Total Time": 210.07,
          "Actual Rows": 7,
          "Actual Loops": 1,
          "Workers Planned": 6,
          "Workers Launched": 6,
          "Single Copy": false,
          "Plans": [
            {
              "Node Type": "Aggregate",
              "Strategy": "Plain",
              "Partial Mode": "Partial",
              "Parent Relationship": "Outer",
              "Parallel Aware": false,
              "Startup Cost": 299975.87,
              "Total Cost": 299975.88,
              "Plan Rows": 1,
              "Plan Width": 8,
              "Actual Startup Time": 187.976,
              "Actual Total Time": 187.979,
              "Actual Rows": 1,
              "Actual Loops": 7,
              "Plans": [
                {
                  "Node Type": "Bitmap Heap Scan",
                  "Parent Relationship": "Outer",
                  "Parallel Aware": true,
                  "Relation Name": "cast_info",
                  "Alias": "ci",
                  "Startup Cost": 42479.04,
                  "Total Cost": 299174.23,
                  "Plan Rows": 320655,
                  "Plan Width": 0,
                  "Actual Startup Time": 90.14,
                  "Actual Total Time": 173.439,
                  "Actual Rows": 263748,
                  "Actual Loops": 7,
                  "Recheck Cond": "(person_id > 3697309)",
                  "Rows Removed by Index Recheck": 0,
                  "Exact Heap Blocks": 6926,
                  "Lossy Heap Blocks": 0,
                  "Plans": [
                    {
                      "Node Type": "Bitmap Index Scan",
                      "Parent Relationship": "Outer",
                      "Parallel Aware": false,
                      "Index Name": "person_id_cast_info",
                      "Startup Cost": 0.0,
                      "Total Cost": 41998.06,
                      "Plan Rows": 1923932,
                      "Plan Width": 0,
                      "Actual Startup Time": 96.059,
                      "Actual Total Time": 96.06,
                      "Actual Rows": 1846237,
                      "Actual Loops": 1,
                      "Index Cond": "(person_id > 3697309)"
                    }
                  ]
                }
              ]
            }
          ]
        }
      ]
    },
    "Planning Time": 0.144,
    "Triggers": [],
    "Execution Time": 210.153
  }
]