[
  {
    "Plan": {
      "Node Type": "Aggregate",
      "Strategy": "Plain",
      "Partial Mode": "Finalize",
      "Parallel Aware": false,
      "Startup Cost": 61895.53,
      "Total Cost": 61895.54,
      "Plan Rows": 1,
      "Plan Width": 8,
      "Actual Startup Time": 201.639,
      "Actual Total Time": 216.972,
      "Actual Rows": 1,
      "Actual Loops": 1,
      "Plans": [
        {
          "Node Type": "Gather",
          "Parent Relationship": "Outer",
          "Parallel Aware": false,
          "Startup Cost": 61895.32,
          "Total Cost": 61895.53,
          "Plan Rows": 2,
          "Plan Width": 8,
          "Actual Startup Time": 201.376,
          "Actual Total Time": 216.965,
          "Actual Rows": 3,
          "Actual Loops": 1,
          "Workers Planned": 2,
          "Workers Launched": 2,
          "Single Copy": false,
          "Plans": [
            {
              "Node Type": "Aggregate",
              "Strategy": "Plain",
              "Partial Mode": "Partial",
              "Parent Relationship": "Outer",
              "Parallel Aware": false,
              "Startup Cost": 60895.32,
              "Total Cost": 60895.33,
              "Plan Rows": 1,
              "Plan Width": 8,
              "Actual Startup Time": 195.669,
              "Actual Total Time": 195.672,
              "Actual Rows": 1,
              "Actual Loops": 3,
              "Plans": [
                {
                  "Node Type": "Hash Join",
                  "Parent Relationship": "Outer",
                  "Parallel Aware": true,
                  "Join Type": "Inner",
                  "Startup Cost": 45666.71,
                  "Total Cost": 60861.27,
                  "Plan Rows": 13618,
                  "Plan Width": 0,
                  "Actual Startup Time": 146.849,
                  "Actual Total Time": 195.225,
                  "Actual Rows": 8953,
                  "Actual Loops": 3,
                  "Inner Unique": true,
                  "Hash Cond": "(mi_idx.movie_id = t.id)",
                  "Plans": [
                    {
                      "Node Type": "Seq Scan",
                      "Parent Relationship": "Outer",
                      "Parallel Aware": true,
                      "Relation Name": "movie_info_idx",
                      "Alias": "mi_idx",
                      "Startup Cost": 0.0,
                      "Total Cost": 13685.15,
                      "Plan Rows": 575015,
                      "Plan Width": 4,
                      "Actual Startup Time": 0.01,
                      "Actual Total Time": 39.283,
                      "Actual Rows": 460012,
                      "Actual Loops": 3
                    },
                    {
                      "Node Type": "Hash",
                      "Parent Relationship": "Inner",
                      "Parallel Aware": true,
                      "Startup Cost": 45479.59,
                      "Total Cost": 45479.59,
                      "Plan Rows": 14970,
                      "Plan Width": 4,
                      "Actual Startup Time": 114.271,
                      "Actual Total Time": 114.272,
                      "Actual Rows": 20527,
                      "Actual Loops": 3,
                      "Hash Buckets": 65536,
                      "Original Hash Buckets": 65536,
                      "Hash Batches": 1,
                      "Original Hash Batches": 1,
                      "Peak Memory Usage": 2976,
                      "Plans": [
                        {
                          "Node Type": "Seq Scan",
                          "Parent Relationship": "Outer",
                          "Parallel Aware": true,
                          "Relation Name": "title",
                          "Alias": "t",
                          "Startup Cost": 0.0,
                          "Total Cost": 45479.59,
                          "Plan Rows": 14970,
                          "Plan Width": 4,
                          "Actual Startup Time": 43.346,
                          "Actual Total Time": 107.522,
                          "Actual Rows": 20527,
                          "Actual Loops": 3,
                          "Filter": "((kind_id < 2) AND (production_year > 2011))",
                          "Rows Removed by Filter": 822244
                        }
                      ]
                    }
                  ]
                }
              ]
            }
          ]
        }
      ]
    },
    "Planning Time": 0.299,
    "Triggers": [],
    "Execution Time": 217.012
  }
]