[
  {
    "Plan": {
      "Node Type": "Aggregate",
      "Strategy": "Plain",
      "Partial Mode": "Finalize",
      "Parallel Aware": false,
      "Startup Cost": 89212.67,
      "Total Cost": 89212.68,
      "Plan Rows": 1,
      "Plan Width": 8,
      "Actual Startup Time": 277.231,
      "Actual Total Time": 292.253,
      "Actual Rows": 1,
      "Actual Loops": 1,
      "Plans": [
        {
          "Node Type": "Gather",
          "Parent Relationship": "Outer",
          "Parallel Aware": false,
          "Startup Cost": 89212.35,
          "Total Cost": 89212.66,
          "Plan Rows": 3,
          "Plan Width": 8,
          "Actual Startup Time": 275.193,
          "Actual Total Time": 292.244,
          "Actual Rows": 4,
          "Actual Loops": 1,
          "Workers Planned": 3,
          "Workers Launched": 3,
          "Single Copy": false,
          "Plans": [
            {
              "Node Type": "Aggregate",
              "Strategy": "Plain",
              "Partial Mode": "Partial",
              "Parent Relationship": "Outer",
              "Parallel Aware": false,
              "Startup Cost": 88212.35,
              "Total Cost": 88212.36,
              "Plan Rows": 1,
              "Plan Width": 8,
              "Actual Startup Time": 267.108,
              "Actual Total Time": 267.116,
              "Actual Rows": 1,
              "Actual Loops": 4,
              "Plans": [
                {
                  "Node Type": "Nested Loop",
                  "Parent Relationship": "Outer",
                  "Parallel Aware": false,
                  "Join Type": "Inner",
                  "Startup Cost": 54468.21,
                  "Total Cost": 88183.63,
                  "Plan Rows": 11487,
                  "Plan Width": 0,
                  "Actual Startup Time": 204.475,
                  "Actual Total Time": 267.017,
                  "Actual Rows": 752,
                  "Actual Loops": 4,
                  "Inner Unique": false,
                  "Plans": [
                    {
                      "Node Type": "Hash Join",
                      "Parent Relationship": "Outer",
                      "Parallel Aware": true,
                      "Join Type": "Inner",
                      "Startup Cost": 54467.79,
                      "Total Cost": 74946.46,
                      "Plan Rows": 21046,
                      "Plan Width": 8,
                      "Actual Startup Time": 203.548,
                      "Actual Total Time": 263.672,
                      "Actual Rows": 616,
                      "Actual Loops": 4,
                      "Inner Unique": true,
                      "Hash Cond": "(mc.movie_id = t.id)",
                      "Plans": [
                        {
                          "Node Type": "Bitmap Heap Scan",
                          "Parent Relationship": "Outer",
                          "Parallel Aware": true,
                          "Relation Name": "movie_companies",
                          "Alias": "mc",
                          "Startup Cost": 7498.77,
                          "Total Cost": 27684.38,
                          "Plan Rows": 111648,
                          "Plan Width": 4,
                          "Actual Startup Time": 36.791,
                          "Actual Total Time": 60.22,
                          "Actual Rows": 86164,
                          "Actual Loops": 4,
                          "Recheck Cond": "(company_id > 88812)",
                          "Rows Removed by Index Recheck": 0,
                          "Exact Heap Blocks": 1536,
                          "Lossy Heap Blocks": 0,
                          "Plans": [
                            {
                              "Node Type": "Bitmap Index Scan",
                              "Parent Relationship": "Outer",
                              "Parallel Aware": false,
                              "Index Name": "company_id_movie_companies",
                              "Startup Cost": 0.0,
                              "Total Cost": 7412.25,
                              "Plan Rows": 346109,
                              "Plan Width": 0,
                              "Actual Startup Time": 35.885,
                              "Actual Total Time": 35.888,
                              "Actual Rows": 344656,
                              "Actual Loops": 1,
                              "Index Cond": "(company_id > 88812)"
                            }
                          ]
                        },
                        {
                          "Node Type": "Hash",
                          "Parent Relationship": "Inner",
                          "Parallel Aware": true,
                          "Startup Cost": 45479.59,
                          "Total Cost": 45479.59,
                          "Plan Rows": 119154,
                          "Plan Width": 4,
                          "Actual Startup Time": 163.601,
                          "Actual Total Time": 163.602,
                          "Actual Rows": 129582,
                          "Actual Loops": 4,
                          "Hash Buckets": 524288,
                          "Original Hash Buckets": 524288,
                          "Hash Batches": 1,
                          "Original Hash Batches": 1,
                          "Peak Memory Usage": 24448,
                          "Plans": [
                            {
                              "Node Type": "Seq Scan",
                              "Parent Relationship": "Outer",
                              "Parallel Aware": true,
                              "Relation Name": "title",
                              "Alias": "t",
                              "Startup Cost": 0.0,
                              "Total Cost": 45479.59,
                              "Plan Rows": 119154,
                              "Plan Width": 4,
                              "Actual Startup Time": 0.035,
                              "Actual Total Time": 114.451,
                              "Actual Rows": 129582,
                              "Actual Loops": 4,
                              "Filter": "((production_year > 2007) AND (kind_id = 7))",
                              "Rows Removed by Filter": 502496
                            }
                          ]
                        }
                      ]
                    },
                    {
                      "Node Type": "Index Only Scan",
                      "Parent Relationship": "Inner",
                      "Parallel Aware": false,
                      "Scan Direction": "Forward",
                      "Index Name": "movie_id_movie_info_idx",
                      "Relation Name": "movie_info_idx",
                      "Alias": "mi_idx",
                      "Startup Cost": 0.43,
                      "Total Cost": 0.6,
                      "Plan Rows": 3,
                      "Plan Width": 4,
                      "Actual Startup Time": 0.004,
                      "Actual Total Time": 0.005,
                      "Actual Rows": 1,
                      "Actual Loops": 2464,
                      "Index Cond": "(movie_id = t.id)",
                      "Rows Removed by Index Recheck": 0,
                      "Heap Fetches": 3009
                    }
                  ]
                }
              ]
            }
          ]
        }
      ]
    },
    "Planning Time": 0.865,
    "Triggers": [],
    "Execution Time": 292.351
  }
]