[
  {
    "Plan": {
      "Node Type": "Aggregate",
      "Strategy": "Plain",
      "Partial Mode": "Finalize",
      "Parallel Aware": false,
      "Startup Cost": 89045.78,
      "Total Cost": 89045.79,
      "Plan Rows": 1,
      "Plan Width": 8,
      "Actual Startup Time": 222.955,
      "Actual Total Time": 235.927,
      "Actual Rows": 1,
      "Actual Loops": 1,
      "Plans": [
        {
          "Node Type": "Gather",
          "Parent Relationship": "Outer",
          "Parallel Aware": false,
          "Startup Cost": 89045.46,
          "Total Cost": 89045.77,
          "Plan Rows": 3,
          "Plan Width": 8,
          "Actual Startup Time": 220.209,
          "Actual Total Time": 235.918,
          "Actual Rows": 4,
          "Actual Loops": 1,
          "Workers Planned": 3,
          "Workers Launched": 3,
          "Single Copy": false,
          "Plans": [
            {
              "Node Type": "Aggregate",
              "Strategy": "Plain",
              "Partial Mode": "Partial",
              "Parent Relationship": "Outer",
              "Parallel Aware": false,
              "Startup Cost": 88045.46,
              "Total Cost": 88045.47,
              "Plan Rows": 1,
              "Plan Width": 8,
              "Actual Startup Time": 210.882,
              "Actual Total Time": 210.886,
              "Actual Rows": 1,
              "Actual Loops": 4,
              "Plans": [
                {
                  "Node Type": "Nested Loop",
                  "Parent Relationship": "Outer",
                  "Parallel Aware": false,
                  "Join Type": "Inner",
                  "Startup Cost": 54403.77,
                  "Total Cost": 88016.91,
                  "Plan Rows": 11420,
                  "Plan Width": 0,
                  "Actual Startup Time": 165.088,
                  "Actual Total Time": 210.83,
                  "Actual Rows": 752,
                  "Actual Loops": 4,
                  "Inner Unique": false,
                  "Plans": [
                    {
                      "Node Type": "Hash Join",
                      "Parent Relationship": "Outer",
                      "Parallel Aware": true,
                      "Join Type": "Inner",
                      "Startup Cost": 54403.35,
                      "Total Cost": 74866.25,
                      "Plan Rows": 20922,
                      "Plan Width": 8,
                      "Actual Startup Time": 164.677,
                      "Actual Total Time": 208.751,
                      "Actual Rows": 616,
                      "Actual Loops": 4,
                      "Inner Unique": true,
                      "Hash Cond": "(mc.movie_id = t.id)",
                      "Plans": [
                        {
                          "Node Type": "Bitmap Heap Scan",
                          "Parent Relationship": "Outer",
                          "Parallel Aware": true,
                          "Relation Name": "movie_companies",
                          "Alias": "mc",
                          "Startup Cost": 7429.71,
                          "Total Cost": 27602.27,
                          "Plan Rows": 110605,
                          "Plan Width": 4,
                          "Actual Startup Time": 19.192,
                          "Actual Total Time": 37.206,
                          "Actual Rows": 86164,
                          "Actual Loops": 4,
                          "Recheck Cond": "(company_id > 88812)",
                          "Rows Removed by Index Recheck": 0,
                          "Exact Heap Blocks": 1500,
                          "Lossy Heap Blocks": 0,
                          "Plans": [
                            {
                              "Node Type": "Bitmap Index Scan",
                              "Parent Relationship": "Outer",
                              "Parallel Aware": false,
                              "Index Name": "company_id_movie_companies",
                              "Startup Cost": 0.0,
                              "Total Cost": 7343.99,
                              "Plan Rows": 342875,
                              "Plan Width": 0,
                              "Actual Startup Time": 18.387,
                              "Actual Total Time": 18.388,
                              "Actual Rows": 344656,
                              "Actual Loops": 1,
                              "Index Cond": "(company_id > 88812)"
                            }
                          ]
                        },
                        {
                          "Node Type": "Hash",
                          "Parent Relationship": "Inner",
                          "Parallel Aware": true,
                          "Startup Cost": 45479.1,
                          "Total Cost": 45479.1,
                          "Plan Rows": 119563,
                          "Plan Width": 4,
                          "Actual Startup Time": 141.634,
                          "Actual Total Time": 141.634,
                          "Actual Rows": 129582,
                          "Actual Loops": 4,
                          "Hash Buckets": 524288,
                          "Original Hash Buckets": 524288,
                          "Hash Batches": 1,
                          "Original Hash Batches": 1,
                          "Peak Memory Usage": 24416,
                          "Plans": [
                            {
                              "Node Type": "Seq Scan",
                              "Parent Relationship": "Outer",
                              "Parallel Aware": true,
                              "Relation Name": "title",
                              "Alias": "t",
                              "Startup Cost": 0.0,
                              "Total Cost": 45479.1,
                              "Plan Rows": 119563,
                              "Plan Width": 4,
                              "Actual Startup Time": 0.04,
                              "Actual Total Time": 96.57,
                              "Actual Rows": 129582,
                              "Actual Loops": 4,
                              "Filter": "((production_year > 2007) AND (kind_id = 7))",
                              "Rows Removed by Filter": 502496
                            }
                          ]
                        }
                      ]
                    },
                    {
                      "Node Type": "Index Only Scan",
                      "Parent Relationship": "Inner",
                      "Parallel Aware": false,
                      "Scan Direction": "Forward",
                      "Index Name": "movie_id_movie_info_idx",
                      "Relation Name": "movie_info_idx",
                      "Alias": "mi_idx",
                      "Startup Cost": 0.43,
                      "Total Cost": 0.6,
                      "Plan Rows": 3,
                      "Plan Width": 4,
                      "Actual Startup Time": 0.003,
                      "Actual Total Time": 0.003,
                      "Actual Rows": 1,
                      "Actual Loops": 2464,
                      "Index Cond": "(movie_id = t.id)",
                      "Rows Removed by Index Recheck": 0,
                      "Heap Fetches": 3009
                    }
                  ]
                }
              ]
            }
          ]
        }
      ]
    },
    "Planning Time": 1.45,
    "Triggers": [],
    "Execution Time": 236.045
  }
]