[
  {
    "Plan": {
      "Node Type": "Aggregate",
      "Strategy": "Plain",
      "Partial Mode": "Finalize",
      "Parallel Aware": false,
      "Startup Cost": 124027.57,
      "Total Cost": 124027.58,
      "Plan Rows": 1,
      "Plan Width": 8,
      "Actual Startup Time": 571.043,
      "Actual Total Time": 591.552,
      "Actual Rows": 1,
      "Actual Loops": 1,
      "Plans": [
        {
          "Node Type": "Gather",
          "Parent Relationship": "Outer",
          "Parallel Aware": false,
          "Startup Cost": 124027.25,
          "Total Cost": 124027.56,
          "Plan Rows": 3,
          "Plan Width": 8,
          "Actual Startup Time": 565.593,
          "Actual Total Time": 591.542,
          "Actual Rows": 4,
          "Actual Loops": 1,
          "Workers Planned": 3,
          "Workers Launched": 3,
          "Single Copy": false,
          "Plans": [
            {
              "Node Type": "Aggregate",
              "Strategy": "Plain",
              "Partial Mode": "Partial",
              "Parent Relationship": "Outer",
              "Parallel Aware": false,
              "Startup Cost": 123027.25,
              "Total Cost": 123027.26,
              "Plan Rows": 1,
              "Plan Width": 8,
              "Actual Startup Time": 556.653,
              "Actual Total Time": 556.97,
              "Actual Rows": 1,
              "Actual Loops": 4,
              "Plans": [
                {
                  "Node Type": "Hash Join",
                  "Parent Relationship": "Outer",
                  "Parallel Aware": true,
                  "Join Type": "Inner",
                  "Startup Cost": 91782.57,
                  "Total Cost": 122882.52,
                  "Plan Rows": 57893,
                  "Plan Width": 0,
                  "Actual Startup Time": 429.101,
                  "Actual Total Time": 542.994,
                  "Actual Rows": 359462,
                  "Actual Loops": 4,
                  "Inner Unique": false,
                  "Hash Cond": "(mc.movie_id = t.id)",
                  "Plans": [
                    {
                      "Node Type": "Seq Scan",
                      "Parent Relationship": "Outer",
                      "Parallel Aware": true,
                      "Relation Name": "movie_companies",
                      "Alias": "mc",
                      "Startup Cost": 0.0,
                      "Total Cost": 29310.68,
                      "Plan Rows": 427336,
                      "Plan Width": 4,
                      "Actual Startup Time": 27.624,
                      "Actual Total Time": 62.54,
                      "Actual Rows": 333721,
                      "Actual Loops": 4,
                      "Filter": "(company_type_id > 1)",
                      "Rows Removed by Filter": 318562
                    },
                    {
                      "Node Type": "Hash",
                      "Parent Relationship": "Inner",
                      "Parallel Aware": true,
                      "Startup Cost": 90401.46,
                      "Total Cost": 90401.46,
                      "Plan Rows": 110489,
                      "Plan Width": 8,
                      "Actual Startup Time": 398.034,
                      "Actual Total Time": 398.35,
                      "Actual Rows": 194592,
                      "Actual Loops": 4,
                      "Hash Buckets": 1048576,
                      "Original Hash Buckets": 524288,
                      "Hash Batches": 1,
                      "Original Hash Batches": 1,
                      "Peak Memory Usage": 42816,
                      "Plans": [
                        {
                          "Node Type": "Hash Join",
                          "Parent Relationship": "Outer",
                          "Parallel Aware": true,
                          "Join Type": "Inner",
                          "Startup Cost": 46956.3,
                          "Total Cost": 90401.46,
                          "Plan Rows": 110489,
                          "Plan Width": 8,
                          "Actual Startup Time": 186.458,
                          "Actual Total Time": 338.093,
                          "Actual Rows": 194592,
                          "Actual Loops": 4,
                          "Inner Unique": true,
                          "Hash Cond": "(mk.movie_id = t.id)",
                          "Plans": [
                            {
                              "Node Type": "Seq Scan",
                              "Parent Relationship": "Outer",
                              "Parallel Aware": true,
                              "Relation Name": "movie_keyword",
                              "Alias": "mk",
                              "Startup Cost": 0.0,
                              "Total Cost": 42695.65,
                              "Plan Rows": 285526,
                              "Plan Width": 4,
                              "Actual Startup Time": 0.026,
                              "Actual Total Time": 90.344,
                              "Actual Rows": 224682,
                              "Actual Loops": 4,
                              "Filter": "(keyword_id < 851)",
                              "Rows Removed by Filter": 906300
                            },
                            {
                              "Node Type": "Hash",
                              "Parent Relationship": "Inner",
                              "Parallel Aware": true,
                              "Startup Cost": 43898.92,
                              "Total Cost": 43898.92,
                              "Plan Rows": 244591,
                              "Plan Width": 4,
                              "Actual Startup Time": 183.169,
                              "Actual Total Time": 183.17,
                              "Actual Rows": 243112,
                              "Actual Loops": 4,
                              "Hash Buckets": 1048576,
                              "Original Hash Buckets": 1048576,
                              "Hash Batches": 1,
                              "Original Hash Batches": 1,
                              "Peak Memory Usage": 46272,
                              "Plans": [
                                {
                                  "Node Type": "Seq Scan",
                                  "Parent Relationship": "Outer",
                                  "Parallel Aware": true,
                                  "Relation Name": "title",
                                  "Alias": "t",
                                  "Startup Cost": 0.0,
                                  "Total Cost": 43898.92,
                                  "Plan Rows": 244591,
                                  "Plan Width": 4,
                                  "Actual Startup Time": 0.053,
                                  "Actual Total Time": 99.821,
                                  "Actual Rows": 243112,
                                  "Actual Loops": 4,
                                  "Filter": "(kind_id < 6)",
                                  "Rows Removed by Filter": 388966
                                }
                              ]
                            }
                          ]
                        }
                      ]
                    }
                  ]
                }
              ]
            }
          ]
        }
      ]
    },
    "Planning Time": 1.457,
    "Triggers": [],
    "Execution Time": 591.636
  }
]