{
  "Plan": {
    "Node Type": "Aggregate",
    "Strategy": "Plain",
    "Partial Mode": "Finalize",
    "Parallel Aware": false,
    "Startup Cost": 380981.12,
    "Total Cost": 380981.13,
    "Plan Rows": 1,
    "Plan Width": 8,
    "Actual Startup Time": 1547.38,
    "Actual Total Time": 1592.171,
    "Actual Rows": 1,
    "Actual Loops": 1,
    "Plans": [
      {
        "Node Type": "Gather",
        "Parent Relationship": "Outer",
        "Parallel Aware": false,
        "Startup Cost": 380981.0,
        "Total Cost": 380981.11,
        "Plan Rows": 1,
        "Plan Width": 8,
        "Actual Startup Time": 1546.048,
        "Actual Total Time": 1592.162,
        "Actual Rows": 2,
        "Actual Loops": 1,
        "Workers Planned": 1,
        "Workers Launched": 1,
        "Single Copy": false,
        "Plans": [
          {
            "Node Type": "Aggregate",
            "Strategy": "Plain",
            "Partial Mode": "Partial",
            "Parent Relationship": "Outer",
            "Parallel Aware": false,
            "Startup Cost": 379981.0,
            "Total Cost": 379981.01,
            "Plan Rows": 1,
            "Plan Width": 8,
            "Actual Startup Time": 1540.242,
            "Actual Total Time": 1540.572,
            "Actual Rows": 1,
            "Actual Loops": 2,
            "Plans": [
              {
                "Node Type": "Hash Join",
                "Parent Relationship": "Outer",
                "Parallel Aware": true,
                "Join Type": "Inner",
                "Startup Cost": 338197.45,
                "Total Cost": 379417.23,
                "Plan Rows": 225509,
                "Plan Width": 0,
                "Actual Startup Time": 1232.2,
                "Actual Total Time": 1527.025,
                "Actual Rows": 341667,
                "Actual Loops": 2,
                "Inner Unique": false,
                "Hash Cond": "(mc.movie_id = t.id)",
                "Plans": [
                  {
                    "Node Type": "Seq Scan",
                    "Parent Relationship": "Outer",
                    "Parallel Aware": true,
                    "Relation Name": "movie_companies",
                    "Alias": "mc",
                    "Startup Cost": 0.0,
                    "Total Cost": 34137.82,
                    "Plan Rows": 1534782,
                    "Plan Width": 4,
                    "Actual Startup Time": 0.015,
                    "Actual Total Time": 100.658,
                    "Actual Rows": 1304564,
                    "Actual Loops": 2
                  },
                  {
                    "Node Type": "Hash",
                    "Parent Relationship": "Inner",
                    "Parallel Aware": true,
                    "Startup Cost": 335465.91,
                    "Total Cost": 335465.91,
                    "Plan Rows": 218523,
                    "Plan Width": 8,
                    "Actual Startup Time": 1226.3,
                    "Actual Total Time": 1226.628,
                    "Actual Rows": 159081,
                    "Actual Loops": 2,
                    "Hash Buckets": 524288,
                    "Original Hash Buckets": 524288,
                    "Hash Batches": 1,
                    "Original Hash Batches": 1,
                    "Peak Memory Usage": 16576,
                    "Plans": [
                      {
                        "Node Type": "Hash Join",
                        "Parent Relationship": "Outer",
                        "Parallel Aware": true,
                        "Join Type": "Inner",
                        "Startup Cost": 55773.84,
                        "Total Cost": 335465.91,
                        "Plan Rows": 218523,
                        "Plan Width": 8,
                        "Actual Startup Time": 168.849,
                        "Actual Total Time": 1178.86,
                        "Actual Rows": 159081,
                        "Actual Loops": 2,
                        "Inner Unique": true,
                        "Hash Cond": "(mi.movie_id = t.id)",
                        "Plans": [
                          {
                            "Node Type": "Seq Scan",
                            "Parent Relationship": "Outer",
                            "Parallel Aware": true,
                            "Relation Name": "movie_info",
                            "Alias": "mi",
                            "Startup Cost": 0.0,
                            "Total Cost": 270696.42,
                            "Plan Rows": 3426912,
                            "Plan Width": 4,
                            "Actual Startup Time": 0.012,
                            "Actual Total Time": 668.144,
                            "Actual Rows": 2942482,
                            "Actual Loops": 2,
                            "Filter": "(info_type_id < 7)",
                            "Rows Removed by Filter": 4475378
                          },
                          {
                            "Node Type": "Hash",
                            "Parent Relationship": "Inner",
                            "Parallel Aware": true,
                            "Startup Cost": 54588.39,
                            "Total Cost": 54588.39,
                            "Plan Rows": 94836,
                            "Plan Width": 4,
                            "Actual Startup Time": 165.954,
                            "Actual Total Time": 165.955,
                            "Actual Rows": 80008,
                            "Actual Loops": 2,
                            "Hash Buckets": 262144,
                            "Original Hash Buckets": 262144,
                            "Hash Batches": 1,
                            "Original Hash Batches": 1,
                            "Peak Memory Usage": 8320,
                            "Plans": [
                              {
                                "Node Type": "Seq Scan",
                                "Parent Relationship": "Outer",
                                "Parallel Aware": true,
                                "Relation Name": "title",
                                "Alias": "t",
                                "Startup Cost": 0.0,
                                "Total Cost": 54588.39,
                                "Plan Rows": 94836,
                                "Plan Width": 4,
                                "Actual Startup Time": 0.036,
                                "Actual Total Time": 139.627,
                                "Actual Rows": 80008,
                                "Actual Loops": 2,
                                "Filter": "(production_year = 2011)",
                                "Rows Removed by Filter": 1184148
                              }
                            ]
                          }
                        ]
                      }
                    ]
                  }
                ]
              }
            ]
          }
        ]
      }
    ]
  },
  "Planning Time": 0.988,
  "Triggers": [],
  "Execution Time": 1592.262
}