[
  {
    "Plan": {
      "Node Type": "Aggregate",
      "Strategy": "Plain",
      "Partial Mode": "Finalize",
      "Parallel Aware": false,
      "Startup Cost": 340061.5,
      "Total Cost": 340061.51,
      "Plan Rows": 1,
      "Plan Width": 8,
      "Actual Startup Time": 482.869,
      "Actual Total Time": 505.529,
      "Actual Rows": 1,
      "Actual Loops": 1,
      "Plans": [
        {
          "Node Type": "Gather",
          "Parent Relationship": "Outer",
          "Parallel Aware": false,
          "Startup Cost": 340060.88,
          "Total Cost": 340061.49,
          "Plan Rows": 6,
          "Plan Width": 8,
          "Actual Startup Time": 482.72,
          "Actual Total Time": 505.52,
          "Actual Rows": 7,
          "Actual Loops": 1,
          "Workers Planned": 6,
          "Workers Launched": 6,
          "Single Copy": false,
          "Plans": [
            {
              "Node Type": "Aggregate",
              "Strategy": "Plain",
              "Partial Mode": "Partial",
              "Parent Relationship": "Outer",
              "Parallel Aware": false,
              "Startup Cost": 339060.88,
              "Total Cost": 339060.89,
              "Plan Rows": 1,
              "Plan Width": 8,
              "Actual Startup Time": 473.277,
              "Actual Total Time": 473.278,
              "Actual Rows": 1,
              "Actual Loops": 7,
              "Plans": [
                {
                  "Node Type": "Index Scan",
                  "Parent Relationship": "Outer",
                  "Parallel Aware": true,
                  "Scan Direction": "Forward",
                  "Index Name": "role_id_cast_info",
                  "Relation Name": "cast_info",
                  "Alias": "ci",
                  "Startup Cost": 0.56,
                  "Total Cost": 335235.55,
                  "Plan Rows": 1530132,
                  "Plan Width": 0,
                  "Actual Startup Time": 248.105,
                  "Actual Total Time": 437.024,
                  "Actual Rows": 819182,
                  "Actual Loops": 7,
                  "Index Cond": "(role_id = 1)",
                  "Rows Removed by Index Recheck": 0,
                  "Filter": "(person_id > 948461)",
                  "Rows Removed by Filter": 990916
                }
              ]
            }
          ]
        }
      ]
    },
    "Planning Time": 0.198,
    "Triggers": [],
    "Execution Time": 505.588
  }
]