[
  {
    "Plan": {
      "Node Type": "Aggregate",
      "Strategy": "Plain",
      "Partial Mode": "Finalize",
      "Parallel Aware": false,
      "Startup Cost": 25297.21,
      "Total Cost": 25297.22,
      "Plan Rows": 1,
      "Plan Width": 8,
      "Actual Startup Time": 62.588,
      "Actual Total Time": 66.346,
      "Actual Rows": 1,
      "Actual Loops": 1,
      "Plans": [
        {
          "Node Type": "Gather",
          "Parent Relationship": "Outer",
          "Parallel Aware": false,
          "Startup Cost": 25296.89,
          "Total Cost": 25297.2,
          "Plan Rows": 3,
          "Plan Width": 8,
          "Actual Startup Time": 62.445,
          "Actual Total Time": 66.338,
          "Actual Rows": 4,
          "Actual Loops": 1,
          "Workers Planned": 3,
          "Workers Launched": 3,
          "Single Copy": false,
          "Plans": [
            {
              "Node Type": "Aggregate",
              "Strategy": "Plain",
              "Partial Mode": "Partial",
              "Parent Relationship": "Outer",
              "Parallel Aware": false,
              "Startup Cost": 24296.89,
              "Total Cost": 24296.9,
              "Plan Rows": 1,
              "Plan Width": 8,
              "Actual Startup Time": 53.33,
              "Actual Total Time": 53.331,
              "Actual Rows": 1,
              "Actual Loops": 4,
              "Plans": [
                {
                  "Node Type": "Bitmap Heap Scan",
                  "Parent Relationship": "Outer",
                  "Parallel Aware": true,
                  "Relation Name": "movie_companies",
                  "Alias": "mc",
                  "Startup Cost": 4501.97,
                  "Total Cost": 24129.4,
                  "Plan Rows": 66995,
                  "Plan Width": 0,
                  "Actual Startup Time": 19.489,
                  "Actual Total Time": 48.541,
                  "Actual Rows": 50556,
                  "Actual Loops": 4,
                  "Recheck Cond": "(company_id > 112753)",
                  "Rows Removed by Index Recheck": 0,
                  "Exact Heap Blocks": 2167,
                  "Lossy Heap Blocks": 0,
                  "Plans": [
                    {
                      "Node Type": "Bitmap Index Scan",
                      "Parent Relationship": "Outer",
                      "Parallel Aware": false,
                      "Index Name": "company_id_movie_companies",
                      "Startup Cost": 0.0,
                      "Total Cost": 4450.05,
                      "Plan Rows": 207683,
                      "Plan Width": 0,
                      "Actual Startup Time": 26.554,
                      "Actual Total Time": 26.554,
                      "Actual Rows": 202225,
                      "Actual Loops": 1,
                      "Index Cond": "(company_id > 112753)"
                    }
                  ]
                }
              ]
            }
          ]
        }
      ]
    },
    "Planning Time": 0.166,
    "Triggers": [],
    "Execution Time": 66.416
  }
]