[
  {
    "Plan": {
      "Node Type": "Aggregate",
      "Strategy": "Plain",
      "Partial Mode": "Finalize",
      "Parallel Aware": false,
      "Startup Cost": 45029.44,
      "Total Cost": 45029.45,
      "Plan Rows": 1,
      "Plan Width": 8,
      "Actual Startup Time": 148.217,
      "Actual Total Time": 155.835,
      "Actual Rows": 1,
      "Actual Loops": 1,
      "Plans": [
        {
          "Node Type": "Gather",
          "Parent Relationship": "Outer",
          "Parallel Aware": false,
          "Startup Cost": 45029.12,
          "Total Cost": 45029.43,
          "Plan Rows": 3,
          "Plan Width": 8,
          "Actual Startup Time": 148.116,
          "Actual Total Time": 155.827,
          "Actual Rows": 4,
          "Actual Loops": 1,
          "Workers Planned": 3,
          "Workers Launched": 3,
          "Single Copy": false,
          "Plans": [
            {
              "Node Type": "Aggregate",
              "Strategy": "Plain",
              "Partial Mode": "Partial",
              "Parent Relationship": "Outer",
              "Parallel Aware": false,
              "Startup Cost": 44029.12,
              "Total Cost": 44029.13,
              "Plan Rows": 1,
              "Plan Width": 8,
              "Actual Startup Time": 141.216,
              "Actual Total Time": 141.217,
              "Actual Rows": 1,
              "Actual Loops": 4,
              "Plans": [
                {
                  "Node Type": "Seq Scan",
                  "Parent Relationship": "Outer",
                  "Parallel Aware": true,
                  "Relation Name": "movie_keyword",
                  "Alias": "mk",
                  "Startup Cost": 0.0,
                  "Total Cost": 42695.65,
                  "Plan Rows": 533388,
                  "Plan Width": 0,
                  "Actual Startup Time": 1.356,
                  "Actual Total Time": 118.504,
                  "Actual Rows": 413665,
                  "Actual Loops": 4,
                  "Filter": "(keyword_id > 8833)",
                  "Rows Removed by Filter": 717318
                }
              ]
            }
          ]
        }
      ]
    },
    "Planning Time": 0.188,
    "Triggers": [],
    "Execution Time": 155.894
  }
]