[
  {
    "Plan": {
      "Node Type": "Aggregate",
      "Strategy": "Plain",
      "Partial Mode": "Finalize",
      "Parallel Aware": false,
      "Startup Cost": 80114.15,
      "Total Cost": 80114.16,
      "Plan Rows": 1,
      "Plan Width": 8,
      "Actual Startup Time": 228.681,
      "Actual Total Time": 246.485,
      "Actual Rows": 1,
      "Actual Loops": 1,
      "Plans": [
        {
          "Node Type": "Gather",
          "Parent Relationship": "Outer",
          "Parallel Aware": false,
          "Startup Cost": 80113.73,
          "Total Cost": 80114.14,
          "Plan Rows": 4,
          "Plan Width": 8,
          "Actual Startup Time": 227.472,
          "Actual Total Time": 246.476,
          "Actual Rows": 5,
          "Actual Loops": 1,
          "Workers Planned": 4,
          "Workers Launched": 4,
          "Single Copy": false,
          "Plans": [
            {
              "Node Type": "Aggregate",
              "Strategy": "Plain",
              "Partial Mode": "Partial",
              "Parent Relationship": "Outer",
              "Parallel Aware": false,
              "Startup Cost": 79113.73,
              "Total Cost": 79113.74,
              "Plan Rows": 1,
              "Plan Width": 8,
              "Actual Startup Time": 218.097,
              "Actual Total Time": 218.101,
              "Actual Rows": 1,
              "Actual Loops": 5,
              "Plans": [
                {
                  "Node Type": "Hash Join",
                  "Parent Relationship": "Outer",
                  "Parallel Aware": true,
                  "Join Type": "Inner",
                  "Startup Cost": 32792.53,
                  "Total Cost": 78971.99,
                  "Plan Rows": 56696,
                  "Plan Width": 0,
                  "Actual Startup Time": 180.187,
                  "Actual Total Time": 217.723,
                  "Actual Rows": 5096,
                  "Actual Loops": 5,
                  "Inner Unique": false,
                  "Hash Cond": "(t.id = mc.movie_id)",
                  "Plans": [
                    {
                      "Node Type": "Seq Scan",
                      "Parent Relationship": "Outer",
                      "Parallel Aware": true,
                      "Relation Name": "title",
                      "Alias": "t",
                      "Startup Cost": 0.0,
                      "Total Cost": 43898.92,
                      "Plan Rows": 419531,
                      "Plan Width": 4,
                      "Actual Startup Time": 0.014,
                      "Actual Total Time": 92.8,
                      "Actual Rows": 334708,
                      "Actual Loops": 5,
                      "Filter": "(production_year > 1993)",
                      "Rows Removed by Filter": 170954
                    },
                    {
                      "Node Type": "Hash",
                      "Parent Relationship": "Inner",
                      "Parallel Aware": true,
                      "Startup Cost": 31414.82,
                      "Total Cost": 31414.82,
                      "Plan Rows": 110217,
                      "Plan Width": 4,
                      "Actual Startup Time": 76.224,
                      "Actual Total Time": 76.225,
                      "Actual Rows": 7396,
                      "Actual Loops": 5,
                      "Hash Buckets": 524288,
                      "Original Hash Buckets": 524288,
                      "Hash Batches": 1,
                      "Original Hash Batches": 1,
                      "Peak Memory Usage": 5600,
                      "Plans": [
                        {
                          "Node Type": "Seq Scan",
                          "Parent Relationship": "Outer",
                          "Parallel Aware": true,
                          "Relation Name": "movie_companies",
                          "Alias": "mc",
                          "Startup Cost": 0.0,
                          "Total Cost": 31414.82,
                          "Plan Rows": 110217,
                          "Plan Width": 4,
                          "Actual Startup Time": 29.936,
                          "Actual Total Time": 72.697,
                          "Actual Rows": 7396,
                          "Actual Loops": 5,
                          "Filter": "((company_id > 43941) AND (company_type_id = 1))",
                          "Rows Removed by Filter": 514429
                        }
                      ]
                    }
                  ]
                }
              ]
            }
          ]
        }
      ]
    },
    "Planning Time": 0.637,
    "Triggers": [],
    "Execution Time": 246.564
  }
]