[
  {
    "Plan": {
      "Node Type": "Gather",
      "Parallel Aware": false,
      "Startup Cost": 72586.65,
      "Total Cost": 171388.61,
      "Plan Rows": 525543,
      "Plan Width": 40,
      "Actual Startup Time": 177.465,
      "Actual Total Time": 556.335,
      "Actual Rows": 521808,
      "Actual Loops": 1,
      "Workers Planned": 4,
      "Workers Launched": 4,
      "Single Copy": false,
      "Plans": [
        {
          "Node Type": "Hash Join",
          "Parent Relationship": "Outer",
          "Parallel Aware": true,
          "Join Type": "Inner",
          "Startup Cost": 71586.65,
          "Total Cost": 117834.31,
          "Plan Rows": 131386,
          "Plan Width": 40,
          "Actual Startup Time": 167.681,
          "Actual Total Time": 468.053,
          "Actual Rows": 104362,
          "Actual Loops": 5,
          "Inner Unique": true,
          "Hash Cond": "(mc.company_id = cn.id)",
          "Plans": [
            {
              "Node Type": "Hash Join",
              "Parent Relationship": "Outer",
              "Parallel Aware": true,
              "Join Type": "Inner",
              "Startup Cost": 65481.39,
              "Total Cost": 111384.15,
              "Plan Rows": 131386,
              "Plan Width": 40,
              "Actual Startup Time": 127.959,
              "Actual Total Time": 396.61,
              "Actual Rows": 104362,
              "Actual Loops": 5,
              "Inner Unique": false,
              "Hash Cond": "(t.id = mc.movie_id)",
              "Plans": [
                {
                  "Node Type": "Seq Scan",
                  "Parent Relationship": "Outer",
                  "Parallel Aware": true,
                  "Relation Name": "title",
                  "Alias": "t",
                  "Startup Cost": 0.0,
                  "Total Cost": 42318.63,
                  "Plan Rows": 632063,
                  "Plan Width": 4,
                  "Actual Startup Time": 0.037,
                  "Actual Total Time": 96.617,
                  "Actual Rows": 505662,
                  "Actual Loops": 5
                },
                {
                  "Node Type": "Hash",
                  "Parent Relationship": "Inner",
                  "Parallel Aware": true,
                  "Startup Cost": 63362.26,
                  "Total Cost": 63362.26,
                  "Plan Rows": 169530,
                  "Plan Width": 40,
                  "Actual Startup Time": 125.925,
                  "Actual Total Time": 125.926,
                  "Actual Rows": 104362,
                  "Actual Loops": 5,
                  "Hash Buckets": 1048576,
                  "Original Hash Buckets": 1048576,
                  "Hash Batches": 1,
                  "Original Hash Batches": 1,
                  "Peak Memory Usage": 43104,
                  "Plans": [
                    {
                      "Node Type": "Index Scan",
                      "Parent Relationship": "Outer",
                      "Parallel Aware": true,
                      "Scan Direction": "Forward",
                      "Index Name": "company_id_movie_companies",
                      "Relation Name": "movie_companies",
                      "Alias": "mc",
                      "Startup Cost": 0.43,
                      "Total Cost": 63362.26,
                      "Plan Rows": 169530,
                      "Plan Width": 40,
                      "Actual Startup Time": 0.215,
                      "Actual Total Time": 64.987,
                      "Actual Rows": 104362,
                      "Actual Loops": 5,
                      "Index Cond": "(company_id < 476)",
                      "Rows Removed by Index Recheck": 0
                    }
                  ]
                }
              ]
            },
            {
              "Node Type": "Hash",
              "Parent Relationship": "Inner",
              "Parallel Aware": true,
              "Startup Cost": 4377.34,
              "Total Cost": 4377.34,
              "Plan Rows": 138234,
              "Plan Width": 4,
              "Actual Startup Time": 38.082,
              "Actual Total Time": 38.083,
              "Actual Rows": 46999,
              "Actual Loops": 5,
              "Hash Buckets": 262144,
              "Original Hash Buckets": 262144,
              "Hash Batches": 1,
              "Original Hash Batches": 1,
              "Peak Memory Usage": 11360,
              "Plans": [
                {
                  "Node Type": "Seq Scan",
                  "Parent Relationship": "Outer",
                  "Parallel Aware": true,
                  "Relation Name": "company_name",
                  "Alias": "cn",
                  "Startup Cost": 0.0,
                  "Total Cost": 4377.34,
                  "Plan Rows": 138234,
                  "Plan Width": 4,
                  "Actual Startup Time": 0.059,
                  "Actual Total Time": 15.242,
                  "Actual Rows": 46999,
                  "Actual Loops": 5
                }
              ]
            }
          ]
        }
      ]
    },
    "Planning Time": 2.851,
    "Triggers": [],
    "Execution Time": 572.307
  }
]