[
  {
    "Plan": {
      "Node Type": "Aggregate",
      "Strategy": "Plain",
      "Partial Mode": "Finalize",
      "Parallel Aware": false,
      "Startup Cost": 371393.85,
      "Total Cost": 371393.86,
      "Plan Rows": 1,
      "Plan Width": 8,
      "Actual Startup Time": 2981.355,
      "Actual Total Time": 3054.82,
      "Actual Rows": 1,
      "Actual Loops": 1,
      "Plans": [
        {
          "Node Type": "Gather",
          "Parent Relationship": "Outer",
          "Parallel Aware": false,
          "Startup Cost": 371393.32,
          "Total Cost": 371393.83,
          "Plan Rows": 5,
          "Plan Width": 8,
          "Actual Startup Time": 2963.958,
          "Actual Total Time": 3054.81,
          "Actual Rows": 6,
          "Actual Loops": 1,
          "Workers Planned": 5,
          "Workers Launched": 5,
          "Single Copy": false,
          "Plans": [
            {
              "Node Type": "Aggregate",
              "Strategy": "Plain",
              "Partial Mode": "Partial",
              "Parent Relationship": "Outer",
              "Parallel Aware": false,
              "Startup Cost": 370393.32,
              "Total Cost": 370393.33,
              "Plan Rows": 1,
              "Plan Width": 8,
              "Actual Startup Time": 2942.182,
              "Actual Total Time": 2942.186,
              "Actual Rows": 1,
              "Actual Loops": 6,
              "Plans": [
                {
                  "Node Type": "Nested Loop",
                  "Parent Relationship": "Outer",
                  "Parallel Aware": false,
                  "Join Type": "Inner",
                  "Startup Cost": 56924.8,
                  "Total Cost": 369595.19,
                  "Plan Rows": 319255,
                  "Plan Width": 0,
                  "Actual Startup Time": 306.339,
                  "Actual Total Time": 2876.887,
                  "Actual Rows": 1230060,
                  "Actual Loops": 6,
                  "Inner Unique": false,
                  "Plans": [
                    {
                      "Node Type": "Hash Join",
                      "Parent Relationship": "Outer",
                      "Parallel Aware": true,
                      "Join Type": "Inner",
                      "Startup Cost": 56924.23,
                      "Total Cost": 220036.74,
                      "Plan Rows": 74017,
                      "Plan Width": 8,
                      "Actual Startup Time": 305.937,
                      "Actual Total Time": 366.46,
                      "Actual Rows": 61370,
                      "Actual Loops": 6,
                      "Inner Unique": true,
                      "Hash Cond": "(mi.movie_id = t.id)",
                      "Plans": [
                        {
                          "Node Type": "Bitmap Heap Scan",
                          "Parent Relationship": "Outer",
                          "Parallel Aware": true,
                          "Relation Name": "movie_info",
                          "Alias": "mi",
                          "Startup Cost": 6704.59,
                          "Total Cost": 169622.8,
                          "Plan Rows": 74017,
                          "Plan Width": 4,
                          "Actual Startup Time": 21.503,
                          "Actual Total Time": 42.364,
                          "Actual Rows": 61370,
                          "Actual Loops": 6,
                          "Recheck Cond": "(info_type_id = 17)",
                          "Rows Removed by Index Recheck": 0,
                          "Exact Heap Blocks": 2359,
                          "Lossy Heap Blocks": 0,
                          "Plans": [
                            {
                              "Node Type": "Bitmap Index Scan",
                              "Parent Relationship": "Outer",
                              "Parallel Aware": false,
                              "Index Name": "info_type_id_movie_info",
                              "Startup Cost": 0.0,
                              "Total Cost": 6612.07,
                              "Plan Rows": 370084,
                              "Plan Width": 0,
                              "Actual Startup Time": 19.892,
                              "Actual Total Time": 19.893,
                              "Actual Rows": 368218,
                              "Actual Loops": 1,
                              "Index Cond": "(info_type_id = 17)"
                            }
                          ]
                        },
                        {
                          "Node Type": "Hash",
                          "Parent Relationship": "Inner",
                          "Parallel Aware": true,
                          "Startup Cost": 42318.73,
                          "Total Cost": 42318.73,
                          "Plan Rows": 632073,
                          "Plan Width": 4,
                          "Actual Startup Time": 276.694,
                          "Actual Total Time": 276.695,
                          "Actual Rows": 421385,
                          "Actual Loops": 6,
                          "Hash Buckets": 4194304,
                          "Original Hash Buckets": 4194304,
                          "Hash Batches": 1,
                          "Original Hash Batches": 1,
                          "Peak Memory Usage": 131776,
                          "Plans": [
                            {
                              "Node Type": "Seq Scan",
                              "Parent Relationship": "Outer",
                              "Parallel Aware": true,
                              "Relation Name": "title",
                              "Alias": "t",
                              "Startup Cost": 0.0,
                              "Total Cost": 42318.73,
                              "Plan Rows": 632073,
                              "Plan Width": 4,
                              "Actual Startup Time": 0.037,
                              "Actual Total Time": 82.046,
                              "Actual Rows": 421385,
                              "Actual Loops": 6
                            }
                          ]
                        }
                      ]
                    },
                    {
                      "Node Type": "Index Scan",
                      "Parent Relationship": "Inner",
                      "Parallel Aware": false,
                      "Scan Direction": "Forward",
                      "Index Name": "movie_id_cast_info",
                      "Relation Name": "cast_info",
                      "Alias": "ci",
                      "Startup Cost": 0.56,
                      "Total Cost": 1.91,
                      "Plan Rows": 11,
                      "Plan Width": 4,
                      "Actual Startup Time": 0.022,
                      "Actual Total Time": 0.039,
                      "Actual Rows": 20,
                      "Actual Loops": 368218,
                      "Index Cond": "(movie_id = t.id)",
                      "Rows Removed by Index Recheck": 0,
                      "Filter": "(person_id > 2627426)",
                      "Rows Removed by Filter": 44
                    }
                  ]
                }
              ]
            }
          ]
        }
      ]
    },
    "Planning Time": 1.352,
    "Triggers": [],
    "Execution Time": 3054.954
  }
]