[
  {
    "Plan": {
      "Node Type": "Aggregate",
      "Strategy": "Plain",
      "Partial Mode": "Finalize",
      "Parallel Aware": false,
      "Startup Cost": 300943.93,
      "Total Cost": 300943.94,
      "Plan Rows": 1,
      "Plan Width": 8,
      "Actual Startup Time": 197.311,
      "Actual Total Time": 224.955,
      "Actual Rows": 1,
      "Actual Loops": 1,
      "Plans": [
        {
          "Node Type": "Gather",
          "Parent Relationship": "Outer",
          "Parallel Aware": false,
          "Startup Cost": 300943.51,
          "Total Cost": 300943.92,
          "Plan Rows": 4,
          "Plan Width": 8,
          "Actual Startup Time": 197.134,
          "Actual Total Time": 224.946,
          "Actual Rows": 5,
          "Actual Loops": 1,
          "Workers Planned": 4,
          "Workers Launched": 4,
          "Single Copy": false,
          "Plans": [
            {
              "Node Type": "Aggregate",
              "Strategy": "Plain",
              "Partial Mode": "Partial",
              "Parent Relationship": "Outer",
              "Parallel Aware": false,
              "Startup Cost": 299943.51,
              "Total Cost": 299943.52,
              "Plan Rows": 1,
              "Plan Width": 8,
              "Actual Startup Time": 188.385,
              "Actual Total Time": 188.387,
              "Actual Rows": 1,
              "Actual Loops": 5,
              "Plans": [
                {
                  "Node Type": "Nested Loop",
                  "Parent Relationship": "Outer",
                  "Parallel Aware": false,
                  "Join Type": "Inner",
                  "Startup Cost": 0.56,
                  "Total Cost": 299834.69,
                  "Plan Rows": 43528,
                  "Plan Width": 0,
                  "Actual Startup Time": 0.452,
                  "Actual Total Time": 185.225,
                  "Actual Rows": 38182,
                  "Actual Loops": 5,
                  "Inner Unique": false,
                  "Plans": [
                    {
                      "Node Type": "Seq Scan",
                      "Parent Relationship": "Outer",
                      "Parallel Aware": true,
                      "Relation Name": "title",
                      "Alias": "t",
                      "Startup Cost": 0.0,
                      "Total Cost": 45479.1,
                      "Plan Rows": 3038,
                      "Plan Width": 4,
                      "Actual Startup Time": 0.138,
                      "Actual Total Time": 64.106,
                      "Actual Rows": 2637,
                      "Actual Loops": 5,
                      "Filter": "((kind_id > 3) AND (production_year = 1987))",
                      "Rows Removed by Filter": 503025
                    },
                    {
                      "Node Type": "Index Only Scan",
                      "Parent Relationship": "Inner",
                      "Parallel Aware": false,
                      "Scan Direction": "Forward",
                      "Index Name": "movie_id_cast_info",
                      "Relation Name": "cast_info",
                      "Alias": "ci",
                      "Startup Cost": 0.56,
                      "Total Cost": 83.35,
                      "Plan Rows": 37,
                      "Plan Width": 4,
                      "Actual Startup Time": 0.01,
                      "Actual Total Time": 0.044,
                      "Actual Rows": 14,
                      "Actual Loops": 13185,
                      "Index Cond": "(movie_id = t.id)",
                      "Rows Removed by Index Recheck": 0,
                      "Heap Fetches": 190910
                    }
                  ]
                }
              ]
            }
          ]
        }
      ]
    },
    "Planning Time": 0.589,
    "Triggers": [],
    "Execution Time": 225.037
  }
]