{
  "Plan": {
    "Node Type": "Aggregate",
    "Strategy": "Plain",
    "Partial Mode": "Simple",
    "Parallel Aware": false,
    "Startup Cost": 960770.81,
    "Total Cost": 960770.82,
    "Plan Rows": 1,
    "Plan Width": 128,
    "Actual Startup Time": 4526.846,
    "Actual Total Time": 4527.115,
    "Actual Rows": 1,
    "Actual Loops": 1,
    "Plans": [
      {
        "Node Type": "Merge Join",
        "Parent Relationship": "Outer",
        "Parallel Aware": false,
        "Join Type": "Inner",
        "Startup Cost": 886489.92,
        "Total Cost": 960770.8,
        "Plan Rows": 1,
        "Plan Width": 64,
        "Actual Startup Time": 4469.193,
        "Actual Total Time": 4527.085,
        "Actual Rows": 40,
        "Actual Loops": 1,
        "Inner Unique": false,
        "Merge Cond": "(an.person_id = n.id)",
        "Plans": [
          {
            "Node Type": "Index Scan",
            "Parent Relationship": "Outer",
            "Parallel Aware": false,
            "Scan Direction": "Forward",
            "Index Name": "person_id_aka_name",
            "Relation Name": "aka_name",
            "Alias": "an",
            "Startup Cost": 0.42,
            "Total Cost": 72027.93,
            "Plan Rows": 901343,
            "Plan Width": 20,
            "Actual Startup Time": 0.014,
            "Actual Total Time": 160.687,
            "Actual Rows": 572268,
            "Actual Loops": 1
          },
          {
            "Node Type": "Sort",
            "Parent Relationship": "Inner",
            "Parallel Aware": false,
            "Startup Cost": 886489.5,
            "Total Cost": 886489.5,
            "Plan Rows": 1,
            "Plan Width": 56,
            "Actual Startup Time": 4332.292,
            "Actual Total Time": 4332.567,
            "Actual Rows": 47,
            "Actual Loops": 1,
            "Sort Key": [
              "ci.person_id"
            ],
            "Sort Method": "quicksort",
            "Sort Space Used": 28,
            "Sort Space Type": "Memory",
            "Plans": [
              {
                "Node Type": "Merge Join",
                "Parent Relationship": "Outer",
                "Parallel Aware": false,
                "Join Type": "Inner",
                "Startup Cost": 762322.77,
                "Total Cost": 886489.49,
                "Plan Rows": 1,
                "Plan Width": 56,
                "Actual Startup Time": 3409.637,
                "Actual Total Time": 4332.457,
                "Actual Rows": 30,
                "Actual Loops": 1,
                "Inner Unique": false,
                "Merge Cond": "(t.id = ci.movie_id)",
                "Plans": [
                  {
                    "Node Type": "Index Scan",
                    "Parent Relationship": "Outer",
                    "Parallel Aware": false,
                    "Scan Direction": "Forward",
                    "Index Name": "title_pkey",
                    "Relation Name": "title",
                    "Alias": "t",
                    "Startup Cost": 0.43,
                    "Total Cost": 123001.61,
                    "Plan Rows": 517073,
                    "Plan Width": 21,
                    "Actual Startup Time": 0.727,
                    "Actual Total Time": 1131.941,
                    "Actual Rows": 508388,
                    "Actual Loops": 1,
                    "Filter": "((production_year >= 2007) AND (production_year <= 2010))",
                    "Rows Removed by Filter": 1989319
                  },
                  {
                    "Node Type": "Sort",
                    "Parent Relationship": "Inner",
                    "Parallel Aware": false,
                    "Startup Cost": 762319.46,
                    "Total Cost": 762319.46,
                    "Plan Rows": 1,
                    "Plan Width": 47,
                    "Actual Startup Time": 3176.22,
                    "Actual Total Time": 3176.512,
                    "Actual Rows": 75,
                    "Actual Loops": 1,
                    "Sort Key": [
                      "ci.movie_id"
                    ],
                    "Sort Method": "quicksort",
                    "Sort Space Used": 33,
                    "Sort Space Type": "Memory",
                    "Plans": [
                      {
                        "Node Type": "Merge Join",
                        "Parent Relationship": "Outer",
                        "Parallel Aware": false,
                        "Join Type": "Inner",
                        "Startup Cost": 749643.56,
                        "Total Cost": 762319.45,
                        "Plan Rows": 1,
                        "Plan Width": 47,
                        "Actual Startup Time": 3161.797,
                        "Actual Total Time": 3176.418,
                        "Actual Rows": 75,
                        "Actual Loops": 1,
                        "Inner Unique": false,
                        "Merge Cond": "(cn.id = mc.company_id)",
                        "Plans": [
                          {
                            "Node Type": "Index Scan",
                            "Parent Relationship": "Outer",
                            "Parallel Aware": false,
                            "Scan Direction": "Forward",
                            "Index Name": "company_name_pkey",
                            "Relation Name": "company_name",
                            "Alias": "cn",
                            "Startup Cost": 0.42,
                            "Total Cost": 12469.43,
                            "Plan Rows": 85931,
                            "Plan Width": 4,
                            "Actual Startup Time": 0.028,
                            "Actual Total Time": 13.936,
                            "Actual Rows": 10302,
                            "Actual Loops": 1,
                            "Filter": "((country_code)::text = '[us]'::text)",
                            "Rows Removed by Filter": 17888
                          },
                          {
                            "Node Type": "Sort",
                            "Parent Relationship": "Inner",
                            "Parallel Aware": false,
                            "Startup Cost": 749643.14,
                            "Total Cost": 749643.15,
                            "Plan Rows": 1,
                            "Plan Width": 51,
                            "Actual Startup Time": 3161.682,
                            "Actual Total Time": 3161.955,
                            "Actual Rows": 76,
                            "Actual Loops": 1,
                            "Sort Key": [
                              "mc.company_id"
                            ],
                            "Sort Method": "quicksort",
                            "Sort Space Used": 34,
                            "Sort Space Type": "Memory",
                            "Plans": [
                              {
                                "Node Type": "Merge Join",
                                "Parent Relationship": "Outer",
                                "Parallel Aware": false,
                                "Join Type": "Inner",
                                "Startup Cost": 613077.34,
                                "Total Cost": 749643.13,
                                "Plan Rows": 1,
                                "Plan Width": 51,
                                "Actual Startup Time": 1755.016,
                                "Actual Total Time": 3161.855,
                                "Actual Rows": 76,
                                "Actual Loops": 1,
                                "Inner Unique": false,
                                "Merge Cond": "(chn.id = ci.person_role_id)",
                                "Plans": [
                                  {
                                    "Node Type": "Index Scan",
                                    "Parent Relationship": "Outer",
                                    "Parallel Aware": false,
                                    "Scan Direction": "Forward",
                                    "Index Name": "char_name_pkey",
                                    "Relation Name": "char_name",
                                    "Alias": "chn",
                                    "Startup Cost": 0.43,
                                    "Total Cost": 128715.58,
                                    "Plan Rows": 3140252,
                                    "Plan Width": 20,
                                    "Actual Startup Time": 0.022,
                                    "Actual Total Time": 1221.794,
                                    "Actual Rows": 3111036,
                                    "Actual Loops": 1
                                  },
                                  {
                                    "Node Type": "Sort",
                                    "Parent Relationship": "Inner",
                                    "Parallel Aware": false,
                                    "Startup Cost": 613076.91,
                                    "Total Cost": 613076.91,
                                    "Plan Rows": 1,
                                    "Plan Width": 39,
                                    "Actual Startup Time": 1754.835,
                                    "Actual Total Time": 1755.111,
                                    "Actual Rows": 77,
                                    "Actual Loops": 1,
                                    "Sort Key": [
                                      "ci.person_role_id"
                                    ],
                                    "Sort Method": "quicksort",
                                    "Sort Space Used": 31,
                                    "Sort Space Type": "Memory",
                                    "Plans": [
                                      {
                                        "Node Type": "Merge Join",
                                        "Parent Relationship": "Outer",
                                        "Parallel Aware": false,
                                        "Join Type": "Inner",
                                        "Startup Cost": 613076.87,
                                        "Total Cost": 613076.9,
                                        "Plan Rows": 1,
                                        "Plan Width": 39,
                                        "Actual Startup Time": 1754.765,
                                        "Actual Total Time": 1755.04,
                                        "Actual Rows": 87,
                                        "Actual Loops": 1,
                                        "Inner Unique": false,
                                        "Merge Cond": "(rt.id = ci.role_id)",
                                        "Plans": [
                                          {
                                            "Node Type": "Sort",
                                            "Parent Relationship": "Outer",
                                            "Parallel Aware": false,
                                            "Startup Cost": 1.16,
                                            "Total Cost": 1.16,
                                            "Plan Rows": 1,
                                            "Plan Width": 4,
                                            "Actual Startup Time": 0.048,
                                            "Actual Total Time": 0.05,
                                            "Actual Rows": 1,
                                            "Actual Loops": 1,
                                            "Sort Key": [
                                              "rt.id"
                                            ],
                                            "Sort Method": "quicksort",
                                            "Sort Space Used": 25,
                                            "Sort Space Type": "Memory",
                                            "Plans": [
                                              {
                                                "Node Type": "Seq Scan",
                                                "Parent Relationship": "Outer",
                                                "Parallel Aware": false,
                                                "Relation Name": "role_type",
                                                "Alias": "rt",
                                                "Startup Cost": 0.0,
                                                "Total Cost": 1.15,
                                                "Plan Rows": 1,
                                                "Plan Width": 4,
                                                "Actual Startup Time": 0.013,
                                                "Actual Total Time": 0.016,
                                                "Actual Rows": 1,
                                                "Actual Loops": 1,
                                                "Filter": "((role)::text = 'actress'::text)",
                                                "Rows Removed by Filter": 11
                                              }
                                            ]
                                          },
                                          {
                                            "Node Type": "Sort",
                                            "Parent Relationship": "Inner",
                                            "Parallel Aware": false,
                                            "Startup Cost": 613075.71,
                                            "Total Cost": 613075.72,
                                            "Plan Rows": 2,
                                            "Plan Width": 43,
                                            "Actual Startup Time": 1754.714,
                                            "Actual Total Time": 1754.974,
                                            "Actual Rows": 87,
                                            "Actual Loops": 1,
                                            "Sort Key": [
                                              "ci.role_id"
                                            ],
                                            "Sort Method": "quicksort",
                                            "Sort Space Used": 31,
                                            "Sort Space Type": "Memory",
                                            "Plans": [
                                              {
                                                "Node Type": "Merge Join",
                                                "Parent Relationship": "Outer",
                                                "Parallel Aware": false,
                                                "Join Type": "Inner",
                                                "Startup Cost": 612539.7,
                                                "Total Cost": 613075.7,
                                                "Plan Rows": 2,
                                                "Plan Width": 43,
                                                "Actual Startup Time": 1739.176,
                                                "Actual Total Time": 1754.926,
                                                "Actual Rows": 87,
                                                "Actual Loops": 1,
                                                "Inner Unique": false,
                                                "Merge Cond": "(ci.movie_id = mc.movie_id)",
                                                "Plans": [
                                                  {
                                                    "Node Type": "Sort",
                                                    "Parent Relationship": "Outer",
                                                    "Parallel Aware": false,
                                                    "Startup Cost": 558348.41,
                                                    "Total Cost": 558348.46,
                                                    "Plan Rows": 18,
                                                    "Plan Width": 35,
                                                    "Actual Startup Time": 1542.227,
                                                    "Actual Total Time": 1542.48,
                                                    "Actual Rows": 453,
                                                    "Actual Loops": 1,
                                                    "Sort Key": [
                                                      "ci.movie_id"
                                                    ],
                                                    "Sort Method": "quicksort",
                                                    "Sort Space Used": 60,
                                                    "Sort Space Type": "Memory",
                                                    "Plans": [
                                                      {
                                                        "Node Type": "Merge Join",
                                                        "Parent Relationship": "Outer",
                                                        "Parallel Aware": false,
                                                        "Join Type": "Inner",
                                                        "Startup Cost": 554479.96,
                                                        "Total Cost": 558348.04,
                                                        "Plan Rows": 18,
                                                        "Plan Width": 35,
                                                        "Actual Startup Time": 1522.557,
                                                        "Actual Total Time": 1542.28,
                                                        "Actual Rows": 453,
                                                        "Actual Loops": 1,
                                                        "Inner Unique": false,
                                                        "Merge Cond": "(n.id = ci.person_id)",
                                                        "Plans": [
                                                          {
                                                            "Node Type": "Sort",
                                                            "Parent Relationship": "Outer",
                                                            "Parallel Aware": false,
                                                            "Startup Cost": 72253.42,
                                                            "Total Cost": 72253.66,
                                                            "Plan Rows": 96,
                                                            "Plan Width": 19,
                                                            "Actual Startup Time": 218.732,
                                                            "Actual Total Time": 219.123,
                                                            "Actual Rows": 5409,
                                                            "Actual Loops": 1,
                                                            "Sort Key": [
                                                              "n.id"
                                                            ],
                                                            "Sort Method": "quicksort",
                                                            "Sort Space Used": 603,
                                                            "Sort Space Type": "Memory",
                                                            "Plans": [
                                                              {
                                                                "Node Type": "Gather",
                                                                "Parent Relationship": "Outer",
                                                                "Parallel Aware": false,
                                                                "Startup Cost": 1000.0,
                                                                "Total Cost": 72250.26,
                                                                "Plan Rows": 96,
                                                                "Plan Width": 19,
                                                                "Actual Startup Time": 109.566,
                                                                "Actual Total Time": 217.102,
                                                                "Actual Rows": 5409,
                                                                "Actual Loops": 1,
                                                                "Workers Planned": 4,
                                                                "Workers Launched": 4,
                                                                "Single Copy": false,
                                                                "Plans": [
                                                                  {
                                                                    "Node Type": "Seq Scan",
                                                                    "Parent Relationship": "Outer",
                                                                    "Parallel Aware": true,
                                                                    "Relation Name": "name",
                                                                    "Alias": "n",
                                                                    "Startup Cost": 0.0,
                                                                    "Total Cost": 71240.66,
                                                                    "Plan Rows": 24,
                                                                    "Plan Width": 19,
                                                                    "Actual Startup Time": 100.322,
                                                                    "Actual Total Time": 207.733,
                                                                    "Actual Rows": 1082,
                                                                    "Actual Loops": 5,
                                                                    "Filter": "((name ~~ '%Angel%'::text) AND ((gender)::text = 'f'::text))",
                                                                    "Rows Removed by Filter": 832416
                                                                  }
                                                                ]
                                                              }
                                                            ]
                                                          },
                                                          {
                                                            "Node Type": "Sort",
                                                            "Parent Relationship": "Inner",
                                                            "Parallel Aware": false,
                                                            "Startup Cost": 482226.46,
                                                            "Total Cost": 484160.21,
                                                            "Plan Rows": 773500,
                                                            "Plan Width": 16,
                                                            "Actual Startup Time": 1261.23,
                                                            "Actual Total Time": 1285.793,
                                                            "Actual Rows": 711522,
                                                            "Actual Loops": 1,
                                                            "Sort Key": [
                                                              "ci.person_id"
                                                            ],
                                                            "Sort Method": "quicksort",
                                                            "Sort Space Used": 58037,
                                                            "Sort Space Type": "Memory",
                                                            "Plans": [
                                                              {
                                                                "Node Type": "Gather",
                                                                "Parent Relationship": "Outer",
                                                                "Parallel Aware": false,
                                                                "Startup Cost": 1000.0,
                                                                "Total Cost": 406574.13,
                                                                "Plan Rows": 773500,
                                                                "Plan Width": 16,
                                                                "Actual Startup Time": 0.557,
                                                                "Actual Total Time": 1137.231,
                                                                "Actual Rows": 713828,
                                                                "Actual Loops": 1,
                                                                "Workers Planned": 6,
                                                                "Workers Launched": 3,
                                                                "Single Copy": false,
                                                                "Plans": [
                                                                  {
                                                                    "Node Type": "Seq Scan",
                                                                    "Parent Relationship": "Outer",
                                                                    "Parallel Aware": true,
                                                                    "Relation Name": "cast_info",
                                                                    "Alias": "ci",
                                                                    "Startup Cost": 0.0,
                                                                    "Total Cost": 328224.13,
                                                                    "Plan Rows": 128917,
                                                                    "Plan Width": 16,
                                                                    "Actual Startup Time": 0.078,
                                                                    "Actual Total Time": 1119.768,
                                                                    "Actual Rows": 178457,
                                                                    "Actual Loops": 4,
                                                                    "Filter": "(note = '(voice)'::text)",
                                                                    "Rows Removed by Filter": 8882629
                                                                  }
                                                                ]
                                                              }
                                                            ]
                                                          }
                                                        ]
                                                      }
                                                    ]
                                                  },
                                                  {
                                                    "Node Type": "Sort",
                                                    "Parent Relationship": "Inner",
                                                    "Parallel Aware": false,
                                                    "Startup Cost": 54191.29,
                                                    "Total Cost": 54459.23,
                                                    "Plan Rows": 107178,
                                                    "Plan Width": 8,
                                                    "Actual Startup Time": 195.527,
                                                    "Actual Total Time": 202.79,
                                                    "Actual Rows": 198352,
                                                    "Actual Loops": 1,
                                                    "Sort Key": [
                                                      "mc.movie_id"
                                                    ],
                                                    "Sort Method": "quicksort",
                                                    "Sort Space Used": 15450,
                                                    "Sort Space Type": "Memory",
                                                    "Plans": [
                                                      {
                                                        "Node Type": "Gather",
                                                        "Parent Relationship": "Outer",
                                                        "Parallel Aware": false,
                                                        "Startup Cost": 1000.0,
                                                        "Total Cost": 45236.75,
                                                        "Plan Rows": 107178,
                                                        "Plan Width": 8,
                                                        "Actual Startup Time": 0.435,
                                                        "Actual Total Time": 154.627,
                                                        "Actual Rows": 198519,
                                                        "Actual Loops": 1,
                                                        "Workers Planned": 3,
                                                        "Workers Launched": 3,
                                                        "Single Copy": false,
                                                        "Plans": [
                                                          {
                                                            "Node Type": "Seq Scan",
                                                            "Parent Relationship": "Outer",
                                                            "Parallel Aware": true,
                                                            "Relation Name": "movie_companies",
                                                            "Alias": "mc",
                                                            "Startup Cost": 0.0,
                                                            "Total Cost": 33518.95,
                                                            "Plan Rows": 34574,
                                                            "Plan Width": 8,
                                                            "Actual Startup Time": 0.056,
                                                            "Actual Total Time": 142.93,
                                                            "Actual Rows": 49630,
                                                            "Actual Loops": 4,
                                                            "Filter": "((note ~~ '%(200%)%'::text) AND ((note ~~ '%(USA)%'::text) OR (note ~~ '%(worldwide)%'::text)))",
                                                            "Rows Removed by Filter": 602652
                                                          }
                                                        ]
                                                      }
                                                    ]
                                                  }
                                                ]
                                              }
                                            ]
                                          }
                                        ]
                                      }
                                    ]
                                  }
                                ]
                              }
                            ]
                          }
                        ]
                      }
                    ]
                  }
                ]
              }
            ]
          }
        ]
      }
    ]
  },
  "Planning Time": 17.597,
  "Triggers": [],
  "Execution Time": 4532.739
}