{
  "Plan": {
    "Node Type": "Aggregate",
    "Strategy": "Plain",
    "Partial Mode": "Finalize",
    "Parallel Aware": false,
    "Startup Cost": 416463.08,
    "Total Cost": 416463.09,
    "Plan Rows": 1,
    "Plan Width": 8,
    "Actual Startup Time": 1407.946,
    "Actual Total Time": 1438.766,
    "Actual Rows": 1,
    "Actual Loops": 1,
    "Plans": [
      {
        "Node Type": "Gather",
        "Parent Relationship": "Outer",
        "Parallel Aware": false,
        "Startup Cost": 416462.97,
        "Total Cost": 416463.08,
        "Plan Rows": 1,
        "Plan Width": 8,
        "Actual Startup Time": 1401.31,
        "Actual Total Time": 1438.759,
        "Actual Rows": 2,
        "Actual Loops": 1,
        "Workers Planned": 1,
        "Workers Launched": 1,
        "Single Copy": false,
        "Plans": [
          {
            "Node Type": "Aggregate",
            "Strategy": "Plain",
            "Partial Mode": "Partial",
            "Parent Relationship": "Outer",
            "Parallel Aware": false,
            "Startup Cost": 415462.97,
            "Total Cost": 415462.98,
            "Plan Rows": 1,
            "Plan Width": 8,
            "Actual Startup Time": 1394.966,
            "Actual Total Time": 1394.972,
            "Actual Rows": 1,
            "Actual Loops": 2,
            "Plans": [
              {
                "Node Type": "Hash Join",
                "Parent Relationship": "Outer",
                "Parallel Aware": true,
                "Join Type": "Inner",
                "Startup Cost": 348381.61,
                "Total Cost": 413662.53,
                "Plan Rows": 720174,
                "Plan Width": 0,
                "Actual Startup Time": 835.174,
                "Actual Total Time": 1318.304,
                "Actual Rows": 1952882,
                "Actual Loops": 2,
                "Inner Unique": false,
                "Hash Cond": "(mk.movie_id = t.id)",
                "Plans": [
                  {
                    "Node Type": "Seq Scan",
                    "Parent Relationship": "Outer",
                    "Parallel Aware": true,
                    "Relation Name": "movie_keyword",
                    "Alias": "mk",
                    "Startup Cost": 0.0,
                    "Total Cost": 51065.35,
                    "Plan Rows": 2661135,
                    "Plan Width": 4,
                    "Actual Startup Time": 0.016,
                    "Actual Total Time": 151.475,
                    "Actual Rows": 2261965,
                    "Actual Loops": 2
                  },
                  {
                    "Node Type": "Hash",
                    "Parent Relationship": "Inner",
                    "Parallel Aware": true,
                    "Startup Cost": 343350.56,
                    "Total Cost": 343350.56,
                    "Plan Rows": 402484,
                    "Plan Width": 8,
                    "Actual Startup Time": 825.727,
                    "Actual Total Time": 825.731,
                    "Actual Rows": 331435,
                    "Actual Loops": 2,
                    "Hash Buckets": 1048576,
                    "Original Hash Buckets": 1048576,
                    "Hash Batches": 1,
                    "Original Hash Batches": 1,
                    "Peak Memory Usage": 34176,
                    "Plans": [
                      {
                        "Node Type": "Hash Join",
                        "Parent Relationship": "Outer",
                        "Parallel Aware": true,
                        "Join Type": "Inner",
                        "Startup Cost": 84575.99,
                        "Total Cost": 343350.56,
                        "Plan Rows": 402484,
                        "Plan Width": 8,
                        "Actual Startup Time": 548.103,
                        "Actual Total Time": 738.862,
                        "Actual Rows": 331435,
                        "Actual Loops": 2,
                        "Inner Unique": true,
                        "Hash Cond": "(ci.movie_id = t.id)",
                        "Plans": [
                          {
                            "Node Type": "Bitmap Heap Scan",
                            "Parent Relationship": "Outer",
                            "Parallel Aware": true,
                            "Relation Name": "cast_info",
                            "Alias": "ci",
                            "Startup Cost": 15115.29,
                            "Total Cost": 272833.34,
                            "Plan Rows": 402484,
                            "Plan Width": 4,
                            "Actual Startup Time": 25.101,
                            "Actual Total Time": 60.164,
                            "Actual Rows": 331435,
                            "Actual Loops": 2,
                            "Recheck Cond": "(person_id < 70943)",
                            "Rows Removed by Index Recheck": 0,
                            "Exact Heap Blocks": 3603,
                            "Lossy Heap Blocks": 0,
                            "Plans": [
                              {
                                "Node Type": "Bitmap Index Scan",
                                "Parent Relationship": "Outer",
                                "Parallel Aware": false,
                                "Index Name": "person_id_cast_info",
                                "Startup Cost": 0.0,
                                "Total Cost": 14944.24,
                                "Plan Rows": 684223,
                                "Plan Width": 0,
                                "Actual Startup Time": 24.085,
                                "Actual Total Time": 24.086,
                                "Actual Rows": 662870,
                                "Actual Loops": 1,
                                "Index Cond": "(person_id < 70943)"
                              }
                            ]
                          },
                          {
                            "Node Type": "Hash",
                            "Parent Relationship": "Inner",
                            "Parallel Aware": true,
                            "Startup Cost": 50870.31,
                            "Total Cost": 50870.31,
                            "Plan Rows": 1487231,
                            "Plan Width": 4,
                            "Actual Startup Time": 507.315,
                            "Actual Total Time": 507.316,
                            "Actual Rows": 1264156,
                            "Actual Loops": 2,
                            "Hash Buckets": 4194304,
                            "Original Hash Buckets": 4194304,
                            "Hash Batches": 1,
                            "Original Hash Batches": 1,
                            "Peak Memory Usage": 131680,
                            "Plans": [
                              {
                                "Node Type": "Seq Scan",
                                "Parent Relationship": "Outer",
                                "Parallel Aware": true,
                                "Relation Name": "title",
                                "Alias": "t",
                                "Startup Cost": 0.0,
                                "Total Cost": 50870.31,
                                "Plan Rows": 1487231,
                                "Plan Width": 4,
                                "Actual Startup Time": 0.034,
                                "Actual Total Time": 152.747,
                                "Actual Rows": 1264156,
                                "Actual Loops": 2
                              }
                            ]
                          }
                        ]
                      }
                    ]
                  }
                ]
              }
            ]
          }
        ]
      }
    ]
  },
  "Planning Time": 0.958,
  "Triggers": [],
  "Execution Time": 1438.864
}