[
  {
    "Plan": {
      "Node Type": "Aggregate",
      "Strategy": "Plain",
      "Partial Mode": "Finalize",
      "Parallel Aware": false,
      "Startup Cost": 175614.25,
      "Total Cost": 175614.26,
      "Plan Rows": 1,
      "Plan Width": 8,
      "Actual Startup Time": 128.308,
      "Actual Total Time": 150.571,
      "Actual Rows": 1,
      "Actual Loops": 1,
      "Plans": [
        {
          "Node Type": "Gather",
          "Parent Relationship": "Outer",
          "Parallel Aware": false,
          "Startup Cost": 175613.83,
          "Total Cost": 175614.24,
          "Plan Rows": 4,
          "Plan Width": 8,
          "Actual Startup Time": 127.949,
          "Actual Total Time": 150.563,
          "Actual Rows": 5,
          "Actual Loops": 1,
          "Workers Planned": 4,
          "Workers Launched": 4,
          "Single Copy": false,
          "Plans": [
            {
              "Node Type": "Aggregate",
              "Strategy": "Plain",
              "Partial Mode": "Partial",
              "Parent Relationship": "Outer",
              "Parallel Aware": false,
              "Startup Cost": 174613.83,
              "Total Cost": 174613.84,
              "Plan Rows": 1,
              "Plan Width": 8,
              "Actual Startup Time": 118.7,
              "Actual Total Time": 118.702,
              "Actual Rows": 1,
              "Actual Loops": 5,
              "Plans": [
                {
                  "Node Type": "Nested Loop",
                  "Parent Relationship": "Outer",
                  "Parallel Aware": false,
                  "Join Type": "Inner",
                  "Startup Cost": 2182.68,
                  "Total Cost": 174571.7,
                  "Plan Rows": 16854,
                  "Plan Width": 0,
                  "Actual Startup Time": 14.171,
                  "Actual Total Time": 116.568,
                  "Actual Rows": 21617,
                  "Actual Loops": 5,
                  "Inner Unique": false,
                  "Plans": [
                    {
                      "Node Type": "Bitmap Heap Scan",
                      "Parent Relationship": "Outer",
                      "Parallel Aware": true,
                      "Relation Name": "title",
                      "Alias": "t",
                      "Startup Cost": 2182.11,
                      "Total Cost": 38638.37,
                      "Plan Rows": 1176,
                      "Plan Width": 4,
                      "Actual Startup Time": 13.962,
                      "Actual Total Time": 28.455,
                      "Actual Rows": 1766,
                      "Actual Loops": 5,
                      "Recheck Cond": "(kind_id = 4)",
                      "Rows Removed by Index Recheck": 0,
                      "Filter": "(production_year = 2005)",
                      "Rows Removed by Filter": 21881,
                      "Exact Heap Blocks": 6559,
                      "Lossy Heap Blocks": 0,
                      "Plans": [
                        {
                          "Node Type": "Bitmap Index Scan",
                          "Parent Relationship": "Outer",
                          "Parallel Aware": false,
                          "Index Name": "kind_id_title",
                          "Startup Cost": 0.0,
                          "Total Cost": 2180.94,
                          "Plan Rows": 122201,
                          "Plan Width": 0,
                          "Actual Startup Time": 17.95,
                          "Actual Total Time": 17.95,
                          "Actual Rows": 118234,
                          "Actual Loops": 1,
                          "Index Cond": "(kind_id = 4)"
                        }
                      ]
                    },
                    {
                      "Node Type": "Index Only Scan",
                      "Parent Relationship": "Inner",
                      "Parallel Aware": false,
                      "Scan Direction": "Forward",
                      "Index Name": "movie_id_cast_info",
                      "Relation Name": "cast_info",
                      "Alias": "ci",
                      "Startup Cost": 0.56,
                      "Total Cost": 115.22,
                      "Plan Rows": 37,
                      "Plan Width": 4,
                      "Actual Startup Time": 0.011,
                      "Actual Total Time": 0.048,
                      "Actual Rows": 12,
                      "Actual Loops": 8831,
                      "Index Cond": "(movie_id = t.id)",
                      "Rows Removed by Index Recheck": 0,
                      "Heap Fetches": 108084
                    }
                  ]
                }
              ]
            }
          ]
        }
      ]
    },
    "Planning Time": 0.6,
    "Triggers": [],
    "Execution Time": 150.669
  }
]