[
  {
    "Plan": {
      "Node Type": "Aggregate",
      "Strategy": "Plain",
      "Partial Mode": "Finalize",
      "Parallel Aware": false,
      "Startup Cost": 80133.83,
      "Total Cost": 80133.84,
      "Plan Rows": 1,
      "Plan Width": 8,
      "Actual Startup Time": 526.826,
      "Actual Total Time": 547.662,
      "Actual Rows": 1,
      "Actual Loops": 1,
      "Plans": [
        {
          "Node Type": "Gather",
          "Parent Relationship": "Outer",
          "Parallel Aware": false,
          "Startup Cost": 80133.52,
          "Total Cost": 80133.83,
          "Plan Rows": 3,
          "Plan Width": 8,
          "Actual Startup Time": 512.683,
          "Actual Total Time": 547.652,
          "Actual Rows": 4,
          "Actual Loops": 1,
          "Workers Planned": 3,
          "Workers Launched": 3,
          "Single Copy": false,
          "Plans": [
            {
              "Node Type": "Aggregate",
              "Strategy": "Plain",
              "Partial Mode": "Partial",
              "Parent Relationship": "Outer",
              "Parallel Aware": false,
              "Startup Cost": 79133.52,
              "Total Cost": 79133.53,
              "Plan Rows": 1,
              "Plan Width": 8,
              "Actual Startup Time": 497.808,
              "Actual Total Time": 497.812,
              "Actual Rows": 1,
              "Actual Loops": 4,
              "Plans": [
                {
                  "Node Type": "Hash Join",
                  "Parent Relationship": "Outer",
                  "Parallel Aware": true,
                  "Join Type": "Inner",
                  "Startup Cost": 53737.25,
                  "Total Cost": 78999.86,
                  "Plan Rows": 53462,
                  "Plan Width": 0,
                  "Actual Startup Time": 433.086,
                  "Actual Total Time": 495.004,
                  "Actual Rows": 40712,
                  "Actual Loops": 4,
                  "Inner Unique": true,
                  "Hash Cond": "(mk.movie_id = t.id)",
                  "Plans": [
                    {
                      "Node Type": "Bitmap Heap Scan",
                      "Parent Relationship": "Outer",
                      "Parallel Aware": true,
                      "Relation Name": "movie_keyword",
                      "Alias": "mk",
                      "Startup Cost": 3516.86,
                      "Total Cost": 28639.14,
                      "Plan Rows": 53462,
                      "Plan Width": 4,
                      "Actual Startup Time": 19.853,
                      "Actual Total Time": 61.205,
                      "Actual Rows": 40712,
                      "Actual Loops": 4,
                      "Recheck Cond": "(keyword_id > 72604)",
                      "Rows Removed by Index Recheck": 0,
                      "Exact Heap Blocks": 8234,
                      "Lossy Heap Blocks": 0,
                      "Plans": [
                        {
                          "Node Type": "Bitmap Index Scan",
                          "Parent Relationship": "Outer",
                          "Parallel Aware": false,
                          "Index Name": "keyword_id_movie_keyword",
                          "Startup Cost": 0.0,
                          "Total Cost": 3475.43,
                          "Plan Rows": 165733,
                          "Plan Width": 0,
                          "Actual Startup Time": 15.329,
                          "Actual Total Time": 15.33,
                          "Actual Rows": 162850,
                          "Actual Loops": 1,
                          "Index Cond": "(keyword_id > 72604)"
                        }
                      ]
                    },
                    {
                      "Node Type": "Hash",
                      "Parent Relationship": "Inner",
                      "Parallel Aware": true,
                      "Startup Cost": 42319.06,
                      "Total Cost": 42319.06,
                      "Plan Rows": 632106,
                      "Plan Width": 4,
                      "Actual Startup Time": 403.646,
                      "Actual Total Time": 403.647,
                      "Actual Rows": 632078,
                      "Actual Loops": 4,
                      "Hash Buckets": 4194304,
                      "Original Hash Buckets": 4194304,
                      "Hash Batches": 1,
                      "Original Hash Batches": 1,
                      "Peak Memory Usage": 131712,
                      "Plans": [
                        {
                          "Node Type": "Seq Scan",
                          "Parent Relationship": "Outer",
                          "Parallel Aware": true,
                          "Relation Name": "title",
                          "Alias": "t",
                          "Startup Cost": 0.0,
                          "Total Cost": 42319.06,
                          "Plan Rows": 632106,
                          "Plan Width": 4,
                          "Actual Startup Time": 0.045,
                          "Actual Total Time": 122.009,
                          "Actual Rows": 632078,
                          "Actual Loops": 4
                        }
                      ]
                    }
                  ]
                }
              ]
            }
          ]
        }
      ]
    },
    "Planning Time": 0.393,
    "Triggers": [],
    "Execution Time": 547.726
  }
]