[
  {
    "Plan": {
      "Node Type": "Aggregate",
      "Strategy": "Plain",
      "Partial Mode": "Finalize",
      "Parallel Aware": false,
      "Startup Cost": 218649.29,
      "Total Cost": 218649.3,
      "Plan Rows": 1,
      "Plan Width": 8,
      "Actual Startup Time": 139.986,
      "Actual Total Time": 160.151,
      "Actual Rows": 1,
      "Actual Loops": 1,
      "Plans": [
        {
          "Node Type": "Gather",
          "Parent Relationship": "Outer",
          "Parallel Aware": false,
          "Startup Cost": 218648.87,
          "Total Cost": 218649.28,
          "Plan Rows": 4,
          "Plan Width": 8,
          "Actual Startup Time": 139.867,
          "Actual Total Time": 160.141,
          "Actual Rows": 5,
          "Actual Loops": 1,
          "Workers Planned": 4,
          "Workers Launched": 4,
          "Single Copy": false,
          "Plans": [
            {
              "Node Type": "Aggregate",
              "Strategy": "Plain",
              "Partial Mode": "Partial",
              "Parent Relationship": "Outer",
              "Parallel Aware": false,
              "Startup Cost": 217648.87,
              "Total Cost": 217648.88,
              "Plan Rows": 1,
              "Plan Width": 8,
              "Actual Startup Time": 129.81,
              "Actual Total Time": 129.812,
              "Actual Rows": 1,
              "Actual Loops": 5,
              "Plans": [
                {
                  "Node Type": "Nested Loop",
                  "Parent Relationship": "Outer",
                  "Parallel Aware": false,
                  "Join Type": "Inner",
                  "Startup Cost": 0.43,
                  "Total Cost": 217614.2,
                  "Plan Rows": 13866,
                  "Plan Width": 0,
                  "Actual Startup Time": 60.942,
                  "Actual Total Time": 128.549,
                  "Actual Rows": 16800,
                  "Actual Loops": 5,
                  "Inner Unique": false,
                  "Plans": [
                    {
                      "Node Type": "Seq Scan",
                      "Parent Relationship": "Outer",
                      "Parallel Aware": true,
                      "Relation Name": "title",
                      "Alias": "t",
                      "Startup Cost": 0.0,
                      "Total Cost": 45479.1,
                      "Plan Rows": 2371,
                      "Plan Width": 4,
                      "Actual Startup Time": 60.849,
                      "Actual Total Time": 86.749,
                      "Actual Rows": 1117,
                      "Actual Loops": 5,
                      "Filter": "((kind_id < 2) AND (production_year = 1995))",
                      "Rows Removed by Filter": 504545
                    },
                    {
                      "Node Type": "Index Only Scan",
                      "Parent Relationship": "Inner",
                      "Parallel Aware": false,
                      "Scan Direction": "Forward",
                      "Index Name": "movie_id_movie_info",
                      "Relation Name": "movie_info",
                      "Alias": "mi",
                      "Startup Cost": 0.43,
                      "Total Cost": 72.18,
                      "Plan Rows": 42,
                      "Plan Width": 4,
                      "Actual Startup Time": 0.013,
                      "Actual Total Time": 0.036,
                      "Actual Rows": 15,
                      "Actual Loops": 5587,
                      "Index Cond": "(movie_id = t.id)",
                      "Rows Removed by Index Recheck": 0,
                      "Heap Fetches": 84002
                    }
                  ]
                }
              ]
            }
          ]
        }
      ]
    },
    "Planning Time": 0.596,
    "Triggers": [],
    "Execution Time": 160.225
  }
]