{
  "Plan": {
    "Node Type": "Aggregate",
    "Strategy": "Plain",
    "Partial Mode": "Finalize",
    "Parallel Aware": false,
    "Startup Cost": 343606.98,
    "Total Cost": 343606.99,
    "Plan Rows": 1,
    "Plan Width": 8,
    "Actual Startup Time": 2750.016,
    "Actual Total Time": 2800.443,
    "Actual Rows": 1,
    "Actual Loops": 1,
    "Plans": [
      {
        "Node Type": "Gather",
        "Parent Relationship": "Outer",
        "Parallel Aware": false,
        "Startup Cost": 343606.87,
        "Total Cost": 343606.98,
        "Plan Rows": 1,
        "Plan Width": 8,
        "Actual Startup Time": 2748.42,
        "Actual Total Time": 2800.435,
        "Actual Rows": 2,
        "Actual Loops": 1,
        "Workers Planned": 1,
        "Workers Launched": 1,
        "Single Copy": false,
        "Plans": [
          {
            "Node Type": "Aggregate",
            "Strategy": "Plain",
            "Partial Mode": "Partial",
            "Parent Relationship": "Outer",
            "Parallel Aware": false,
            "Startup Cost": 342606.87,
            "Total Cost": 342606.88,
            "Plan Rows": 1,
            "Plan Width": 8,
            "Actual Startup Time": 2741.919,
            "Actual Total Time": 2741.922,
            "Actual Rows": 1,
            "Actual Loops": 2,
            "Plans": [
              {
                "Node Type": "Hash Join",
                "Parent Relationship": "Outer",
                "Parallel Aware": true,
                "Join Type": "Inner",
                "Startup Cost": 64076.07,
                "Total Cost": 335859.56,
                "Plan Rows": 2698924,
                "Plan Width": 0,
                "Actual Startup Time": 267.889,
                "Actual Total Time": 2569.451,
                "Actual Rows": 4108282,
                "Actual Loops": 2,
                "Inner Unique": true,
                "Hash Cond": "(mi.movie_id = t.id)",
                "Plans": [
                  {
                    "Node Type": "Seq Scan",
                    "Parent Relationship": "Outer",
                    "Parallel Aware": true,
                    "Relation Name": "movie_info",
                    "Alias": "mi",
                    "Startup Cost": 0.0,
                    "Total Cost": 248955.74,
                    "Plan Rows": 8696274,
                    "Plan Width": 4,
                    "Actual Startup Time": 0.009,
                    "Actual Total Time": 655.099,
                    "Actual Rows": 7417860,
                    "Actual Loops": 2
                  },
                  {
                    "Node Type": "Hash",
                    "Parent Relationship": "Inner",
                    "Parallel Aware": true,
                    "Startup Cost": 58306.47,
                    "Total Cost": 58306.47,
                    "Plan Rows": 461568,
                    "Plan Width": 4,
                    "Actual Startup Time": 254.955,
                    "Actual Total Time": 254.955,
                    "Actual Rows": 352063,
                    "Actual Loops": 2,
                    "Hash Buckets": 1048576,
                    "Original Hash Buckets": 1048576,
                    "Hash Batches": 1,
                    "Original Hash Batches": 1,
                    "Peak Memory Usage": 35776,
                    "Plans": [
                      {
                        "Node Type": "Seq Scan",
                        "Parent Relationship": "Outer",
                        "Parallel Aware": true,
                        "Relation Name": "title",
                        "Alias": "t",
                        "Startup Cost": 0.0,
                        "Total Cost": 58306.47,
                        "Plan Rows": 461568,
                        "Plan Width": 4,
                        "Actual Startup Time": 0.031,
                        "Actual Total Time": 161.394,
                        "Actual Rows": 352063,
                        "Actual Loops": 2,
                        "Filter": "((kind_id < 4) AND (production_year > 1940))",
                        "Rows Removed by Filter": 912093
                      }
                    ]
                  }
                ]
              }
            ]
          }
        ]
      }
    ]
  },
  "Planning Time": 0.769,
  "Triggers": [],
  "Execution Time": 2800.539
}