[
  {
    "Plan": {
      "Node Type": "Aggregate",
      "Strategy": "Plain",
      "Partial Mode": "Finalize",
      "Parallel Aware": false,
      "Startup Cost": 338387.8,
      "Total Cost": 338387.81,
      "Plan Rows": 1,
      "Plan Width": 8,
      "Actual Startup Time": 1115.223,
      "Actual Total Time": 1189.661,
      "Actual Rows": 1,
      "Actual Loops": 1,
      "Plans": [
        {
          "Node Type": "Gather",
          "Parent Relationship": "Outer",
          "Parallel Aware": false,
          "Startup Cost": 338387.18,
          "Total Cost": 338387.79,
          "Plan Rows": 6,
          "Plan Width": 8,
          "Actual Startup Time": 1115.073,
          "Actual Total Time": 1189.645,
          "Actual Rows": 7,
          "Actual Loops": 1,
          "Workers Planned": 6,
          "Workers Launched": 6,
          "Single Copy": false,
          "Plans": [
            {
              "Node Type": "Aggregate",
              "Strategy": "Plain",
              "Partial Mode": "Partial",
              "Parent Relationship": "Outer",
              "Parallel Aware": false,
              "Startup Cost": 337387.18,
              "Total Cost": 337387.19,
              "Plan Rows": 1,
              "Plan Width": 8,
              "Actual Startup Time": 1103.409,
              "Actual Total Time": 1103.41,
              "Actual Rows": 1,
              "Actual Loops": 7,
              "Plans": [
                {
                  "Node Type": "Seq Scan",
                  "Parent Relationship": "Outer",
                  "Parallel Aware": true,
                  "Relation Name": "cast_info",
                  "Alias": "ci",
                  "Startup Cost": 0.0,
                  "Total Cost": 328162.03,
                  "Plan Rows": 3690060,
                  "Plan Width": 0,
                  "Actual Startup Time": 0.066,
                  "Actual Total Time": 903.253,
                  "Actual Rows": 3169518,
                  "Actual Loops": 7,
                  "Filter": "(person_id < 2260624)",
                  "Rows Removed by Filter": 2008245
                }
              ]
            }
          ]
        }
      ]
    },
    "Planning Time": 0.253,
    "Triggers": [],
    "Execution Time": 1189.749
  }
]