{
  "Plan": {
    "Node Type": "Aggregate",
    "Strategy": "Plain",
    "Partial Mode": "Finalize",
    "Parallel Aware": false,
    "Startup Cost": 247455.23,
    "Total Cost": 247455.24,
    "Plan Rows": 1,
    "Plan Width": 8,
    "Actual Startup Time": 1200.401,
    "Actual Total Time": 1226.963,
    "Actual Rows": 1,
    "Actual Loops": 1,
    "Plans": [
      {
        "Node Type": "Gather",
        "Parent Relationship": "Outer",
        "Parallel Aware": false,
        "Startup Cost": 247455.12,
        "Total Cost": 247455.23,
        "Plan Rows": 1,
        "Plan Width": 8,
        "Actual Startup Time": 1193.173,
        "Actual Total Time": 1226.954,
        "Actual Rows": 2,
        "Actual Loops": 1,
        "Workers Planned": 1,
        "Workers Launched": 1,
        "Single Copy": false,
        "Plans": [
          {
            "Node Type": "Aggregate",
            "Strategy": "Plain",
            "Partial Mode": "Partial",
            "Parent Relationship": "Outer",
            "Parallel Aware": false,
            "Startup Cost": 246455.12,
            "Total Cost": 246455.13,
            "Plan Rows": 1,
            "Plan Width": 8,
            "Actual Startup Time": 1185.779,
            "Actual Total Time": 1186.938,
            "Actual Rows": 1,
            "Actual Loops": 2,
            "Plans": [
              {
                "Node Type": "Hash Join",
                "Parent Relationship": "Outer",
                "Parallel Aware": true,
                "Join Type": "Inner",
                "Startup Cost": 223409.69,
                "Total Cost": 245277.53,
                "Plan Rows": 471034,
                "Plan Width": 0,
                "Actual Startup Time": 1008.609,
                "Actual Total Time": 1169.632,
                "Actual Rows": 409537,
                "Actual Loops": 2,
                "Inner Unique": false,
                "Hash Cond": "(mi_idx.movie_id = t.id)",
                "Plans": [
                  {
                    "Node Type": "Seq Scan",
                    "Parent Relationship": "Outer",
                    "Parallel Aware": true,
                    "Relation Name": "movie_info_idx",
                    "Alias": "mi_idx",
                    "Startup Cost": 0.0,
                    "Total Cost": 16052.85,
                    "Plan Rows": 811785,
                    "Plan Width": 4,
                    "Actual Startup Time": 0.022,
                    "Actual Total Time": 47.351,
                    "Actual Rows": 690018,
                    "Actual Loops": 2
                  },
                  {
                    "Node Type": "Hash",
                    "Parent Relationship": "Inner",
                    "Parallel Aware": true,
                    "Startup Cost": 212622.72,
                    "Total Cost": 212622.72,
                    "Plan Rows": 862958,
                    "Plan Width": 8,
                    "Actual Startup Time": 994.164,
                    "Actual Total Time": 995.322,
                    "Actual Rows": 235408,
                    "Actual Loops": 2,
                    "Hash Buckets": 2097152,
                    "Original Hash Buckets": 2097152,
                    "Hash Batches": 1,
                    "Original Hash Batches": 1,
                    "Peak Memory Usage": 34848,
                    "Plans": [
                      {
                        "Node Type": "Hash Join",
                        "Parent Relationship": "Outer",
                        "Parallel Aware": true,
                        "Join Type": "Inner",
                        "Startup Cost": 69461.26,
                        "Total Cost": 212622.72,
                        "Plan Rows": 862958,
                        "Plan Width": 8,
                        "Actual Startup Time": 515.435,
                        "Actual Total Time": 918.404,
                        "Actual Rows": 235408,
                        "Actual Loops": 2,
                        "Inner Unique": true,
                        "Hash Cond": "(ci.movie_id = t.id)",
                        "Plans": [
                          {
                            "Node Type": "Index Scan",
                            "Parent Relationship": "Outer",
                            "Parallel Aware": true,
                            "Scan Direction": "Forward",
                            "Index Name": "role_id_cast_info",
                            "Relation Name": "cast_info",
                            "Alias": "ci",
                            "Startup Cost": 0.56,
                            "Total Cost": 140896.75,
                            "Plan Rows": 862958,
                            "Plan Width": 4,
                            "Actual Startup Time": 0.081,
                            "Actual Total Time": 279.614,
                            "Actual Rows": 235408,
                            "Actual Loops": 2,
                            "Index Cond": "(role_id = 10)",
                            "Rows Removed by Index Recheck": 0,
                            "Filter": "(person_id < 1192173)",
                            "Rows Removed by Filter": 1926100
                          },
                          {
                            "Node Type": "Hash",
                            "Parent Relationship": "Inner",
                            "Parallel Aware": true,
                            "Startup Cost": 50870.31,
                            "Total Cost": 50870.31,
                            "Plan Rows": 1487231,
                            "Plan Width": 4,
                            "Actual Startup Time": 501.771,
                            "Actual Total Time": 501.772,
                            "Actual Rows": 1264156,
                            "Actual Loops": 2,
                            "Hash Buckets": 4194304,
                            "Original Hash Buckets": 4194304,
                            "Hash Batches": 1,
                            "Original Hash Batches": 1,
                            "Peak Memory Usage": 131712,
                            "Plans": [
                              {
                                "Node Type": "Seq Scan",
                                "Parent Relationship": "Outer",
                                "Parallel Aware": true,
                                "Relation Name": "title",
                                "Alias": "t",
                                "Startup Cost": 0.0,
                                "Total Cost": 50870.31,
                                "Plan Rows": 1487231,
                                "Plan Width": 4,
                                "Actual Startup Time": 0.04,
                                "Actual Total Time": 152.687,
                                "Actual Rows": 1264156,
                                "Actual Loops": 2
                              }
                            ]
                          }
                        ]
                      }
                    ]
                  }
                ]
              }
            ]
          }
        ]
      }
    ]
  },
  "Planning Time": 1.039,
  "Triggers": [],
  "Execution Time": 1227.047
}