[
  {
    "Plan": {
      "Node Type": "Aggregate",
      "Strategy": "Plain",
      "Partial Mode": "Finalize",
      "Parallel Aware": false,
      "Startup Cost": 341535.44,
      "Total Cost": 341535.45,
      "Plan Rows": 1,
      "Plan Width": 8,
      "Actual Startup Time": 828.348,
      "Actual Total Time": 886.223,
      "Actual Rows": 1,
      "Actual Loops": 1,
      "Plans": [
        {
          "Node Type": "Gather",
          "Parent Relationship": "Outer",
          "Parallel Aware": false,
          "Startup Cost": 341534.82,
          "Total Cost": 341535.43,
          "Plan Rows": 6,
          "Plan Width": 8,
          "Actual Startup Time": 828.21,
          "Actual Total Time": 886.215,
          "Actual Rows": 7,
          "Actual Loops": 1,
          "Workers Planned": 6,
          "Workers Launched": 6,
          "Single Copy": false,
          "Plans": [
            {
              "Node Type": "Aggregate",
              "Strategy": "Plain",
              "Partial Mode": "Partial",
              "Parent Relationship": "Outer",
              "Parallel Aware": false,
              "Startup Cost": 340534.82,
              "Total Cost": 340534.83,
              "Plan Rows": 1,
              "Plan Width": 8,
              "Actual Startup Time": 820.841,
              "Actual Total Time": 820.842,
              "Actual Rows": 1,
              "Actual Loops": 7,
              "Plans": [
                {
                  "Node Type": "Seq Scan",
                  "Parent Relationship": "Outer",
                  "Parallel Aware": true,
                  "Relation Name": "cast_info",
                  "Alias": "ci",
                  "Startup Cost": 0.0,
                  "Total Cost": 328162.03,
                  "Plan Rows": 4949117,
                  "Plan Width": 0,
                  "Actual Startup Time": 0.047,
                  "Actual Total Time": 637.314,
                  "Actual Rows": 4268992,
                  "Actual Loops": 7,
                  "Filter": "(person_id < 3017742)",
                  "Rows Removed by Filter": 908772
                }
              ]
            }
          ]
        }
      ]
    },
    "Planning Time": 0.106,
    "Triggers": [],
    "Execution Time": 886.283
  }
]