[
  {
    "Plan": {
      "Node Type": "Aggregate",
      "Strategy": "Plain",
      "Partial Mode": "Finalize",
      "Parallel Aware": false,
      "Startup Cost": 55067.03,
      "Total Cost": 55067.04,
      "Plan Rows": 1,
      "Plan Width": 8,
      "Actual Startup Time": 101.387,
      "Actual Total Time": 114.102,
      "Actual Rows": 1,
      "Actual Loops": 1,
      "Plans": [
        {
          "Node Type": "Gather",
          "Parent Relationship": "Outer",
          "Parallel Aware": false,
          "Startup Cost": 55066.61,
          "Total Cost": 55067.02,
          "Plan Rows": 4,
          "Plan Width": 8,
          "Actual Startup Time": 101.247,
          "Actual Total Time": 114.094,
          "Actual Rows": 5,
          "Actual Loops": 1,
          "Workers Planned": 4,
          "Workers Launched": 4,
          "Single Copy": false,
          "Plans": [
            {
              "Node Type": "Aggregate",
              "Strategy": "Plain",
              "Partial Mode": "Partial",
              "Parent Relationship": "Outer",
              "Parallel Aware": false,
              "Startup Cost": 54066.61,
              "Total Cost": 54066.62,
              "Plan Rows": 1,
              "Plan Width": 8,
              "Actual Startup Time": 92.535,
              "Actual Total Time": 92.536,
              "Actual Rows": 1,
              "Actual Loops": 5,
              "Plans": [
                {
                  "Node Type": "Nested Loop",
                  "Parent Relationship": "Outer",
                  "Parallel Aware": false,
                  "Join Type": "Inner",
                  "Startup Cost": 0.43,
                  "Total Cost": 54065.98,
                  "Plan Rows": 252,
                  "Plan Width": 0,
                  "Actual Startup Time": 56.989,
                  "Actual Total Time": 92.473,
                  "Actual Rows": 435,
                  "Actual Loops": 5,
                  "Inner Unique": false,
                  "Plans": [
                    {
                      "Node Type": "Seq Scan",
                      "Parent Relationship": "Outer",
                      "Parallel Aware": true,
                      "Relation Name": "title",
                      "Alias": "t",
                      "Startup Cost": 0.0,
                      "Total Cost": 45479.1,
                      "Plan Rows": 1374,
                      "Plan Width": 4,
                      "Actual Startup Time": 56.532,
                      "Actual Total Time": 80.514,
                      "Actual Rows": 3157,
                      "Actual Loops": 5,
                      "Filter": "((kind_id < 7) AND (production_year < 1906))",
                      "Rows Removed by Filter": 502505
                    },
                    {
                      "Node Type": "Index Scan",
                      "Parent Relationship": "Inner",
                      "Parallel Aware": false,
                      "Scan Direction": "Forward",
                      "Index Name": "movie_id_movie_info_idx",
                      "Relation Name": "movie_info_idx",
                      "Alias": "mi_idx",
                      "Startup Cost": 0.43,
                      "Total Cost": 6.24,
                      "Plan Rows": 1,
                      "Plan Width": 4,
                      "Actual Startup Time": 0.003,
                      "Actual Total Time": 0.003,
                      "Actual Rows": 0,
                      "Actual Loops": 15787,
                      "Index Cond": "(movie_id = t.id)",
                      "Rows Removed by Index Recheck": 0,
                      "Filter": "(info_type_id = 100)",
                      "Rows Removed by Filter": 0
                    }
                  ]
                }
              ]
            }
          ]
        }
      ]
    },
    "Planning Time": 0.55,
    "Triggers": [],
    "Execution Time": 114.15
  }
]