[
  {
    "Plan": {
      "Node Type": "Aggregate",
      "Strategy": "Plain",
      "Partial Mode": "Finalize",
      "Parallel Aware": false,
      "Startup Cost": 96392.49,
      "Total Cost": 96392.5,
      "Plan Rows": 1,
      "Plan Width": 8,
      "Actual Startup Time": 487.592,
      "Actual Total Time": 500.77,
      "Actual Rows": 1,
      "Actual Loops": 1,
      "Plans": [
        {
          "Node Type": "Gather",
          "Parent Relationship": "Outer",
          "Parallel Aware": false,
          "Startup Cost": 96392.17,
          "Total Cost": 96392.48,
          "Plan Rows": 3,
          "Plan Width": 8,
          "Actual Startup Time": 482.569,
          "Actual Total Time": 500.76,
          "Actual Rows": 4,
          "Actual Loops": 1,
          "Workers Planned": 3,
          "Workers Launched": 3,
          "Single Copy": false,
          "Plans": [
            {
              "Node Type": "Aggregate",
              "Strategy": "Plain",
              "Partial Mode": "Partial",
              "Parent Relationship": "Outer",
              "Parallel Aware": false,
              "Startup Cost": 95392.17,
              "Total Cost": 95392.18,
              "Plan Rows": 1,
              "Plan Width": 8,
              "Actual Startup Time": 470.88,
              "Actual Total Time": 470.883,
              "Actual Rows": 1,
              "Actual Loops": 4,
              "Plans": [
                {
                  "Node Type": "Hash Join",
                  "Parent Relationship": "Outer",
                  "Parallel Aware": true,
                  "Join Type": "Inner",
                  "Startup Cost": 49901.48,
                  "Total Cost": 94218.8,
                  "Plan Rows": 469346,
                  "Plan Width": 0,
                  "Actual Startup Time": 266.825,
                  "Actual Total Time": 454.355,
                  "Actual Rows": 428690,
                  "Actual Loops": 4,
                  "Inner Unique": true,
                  "Hash Cond": "(mk.movie_id = t.id)",
                  "Plans": [
                    {
                      "Node Type": "Seq Scan",
                      "Parent Relationship": "Outer",
                      "Parallel Aware": true,
                      "Relation Name": "movie_keyword",
                      "Alias": "mk",
                      "Startup Cost": 0.0,
                      "Total Cost": 42695.65,
                      "Plan Rows": 617780,
                      "Plan Width": 4,
                      "Actual Startup Time": 0.029,
                      "Actual Total Time": 95.037,
                      "Actual Rows": 479899,
                      "Actual Loops": 4,
                      "Filter": "(keyword_id < 3308)",
                      "Rows Removed by Filter": 651084
                    },
                    {
                      "Node Type": "Hash",
                      "Parent Relationship": "Inner",
                      "Parallel Aware": true,
                      "Startup Cost": 43898.92,
                      "Total Cost": 43898.92,
                      "Plan Rows": 480205,
                      "Plan Width": 4,
                      "Actual Startup Time": 258.717,
                      "Actual Total Time": 258.718,
                      "Actual Rows": 480712,
                      "Actual Loops": 4,
                      "Hash Buckets": 2097152,
                      "Original Hash Buckets": 2097152,
                      "Hash Batches": 1,
                      "Original Hash Batches": 1,
                      "Peak Memory Usage": 91712,
                      "Plans": [
                        {
                          "Node Type": "Seq Scan",
                          "Parent Relationship": "Outer",
                          "Parallel Aware": true,
                          "Relation Name": "title",
                          "Alias": "t",
                          "Startup Cost": 0.0,
                          "Total Cost": 43898.92,
                          "Plan Rows": 480205,
                          "Plan Width": 4,
                          "Actual Startup Time": 0.033,
                          "Actual Total Time": 104.986,
                          "Actual Rows": 480712,
                          "Actual Loops": 4,
                          "Filter": "(production_year < 2010)",
                          "Rows Removed by Filter": 151366
                        }
                      ]
                    }
                  ]
                }
              ]
            }
          ]
        }
      ]
    },
    "Planning Time": 0.579,
    "Triggers": [],
    "Execution Time": 500.848
  }
]