[
  {
    "Plan": {
      "Node Type": "Aggregate",
      "Strategy": "Plain",
      "Partial Mode": "Simple",
      "Parallel Aware": false,
      "Startup Cost": 26428.92,
      "Total Cost": 26428.93,
      "Plan Rows": 1,
      "Plan Width": 8,
      "Actual Startup Time": 20.715,
      "Actual Total Time": 20.716,
      "Actual Rows": 1,
      "Actual Loops": 1,
      "Plans": [
        {
          "Node Type": "Bitmap Heap Scan",
          "Parent Relationship": "Outer",
          "Parallel Aware": false,
          "Relation Name": "movie_keyword",
          "Alias": "mk",
          "Startup Cost": 554.75,
          "Total Cost": 26363.66,
          "Plan Rows": 26105,
          "Plan Width": 0,
          "Actual Startup Time": 4.084,
          "Actual Total Time": 19.102,
          "Actual Rows": 25512,
          "Actual Loops": 1,
          "Recheck Cond": "(keyword_id > 113400)",
          "Rows Removed by Index Recheck": 0,
          "Exact Heap Blocks": 7466,
          "Lossy Heap Blocks": 0,
          "Plans": [
            {
              "Node Type": "Bitmap Index Scan",
              "Parent Relationship": "Outer",
              "Parallel Aware": false,
              "Index Name": "keyword_id_movie_keyword",
              "Startup Cost": 0.0,
              "Total Cost": 548.22,
              "Plan Rows": 26105,
              "Plan Width": 0,
              "Actual Startup Time": 2.587,
              "Actual Total Time": 2.588,
              "Actual Rows": 25512,
              "Actual Loops": 1,
              "Index Cond": "(keyword_id > 113400)"
            }
          ]
        }
      ]
    },
    "Planning Time": 0.155,
    "Triggers": [],
    "Execution Time": 20.748
  }
]