[
    {
        "Bao": {
            "Bao prediction": "NaN",
            "Bao recommended hint": "(no hint)"
        }
    },
    {
        "Plan": {
            "Node Type": "Aggregate",
            "Strategy": "Plain",
            "Partial Mode": "Finalize",
            "Parallel Aware": false,
            "Startup Cost": 238513.58,
            "Total Cost": 238513.59,
            "Plan Rows": 1,
            "Plan Width": 8,
            "Actual Startup Time": 325.612,
            "Actual Total Time": 333.166,
            "Actual Rows": 1,
            "Actual Loops": 1,
            "Output": [
                "count(*)"
            ],
            "Plans": [
                {
                    "Node Type": "Gather",
                    "Parent Relationship": "Outer",
                    "Parallel Aware": false,
                    "Startup Cost": 238513.06,
                    "Total Cost": 238513.57,
                    "Plan Rows": 5,
                    "Plan Width": 8,
                    "Actual Startup Time": 320.091,
                    "Actual Total Time": 333.157,
                    "Actual Rows": 6,
                    "Actual Loops": 1,
                    "Output": [
                        "(PARTIAL count(*))"
                    ],
                    "Workers Planned": 5,
                    "Workers Launched": 5,
                    "Single Copy": false,
                    "Plans": [
                        {
                            "Node Type": "Aggregate",
                            "Strategy": "Plain",
                            "Partial Mode": "Partial",
                            "Parent Relationship": "Outer",
                            "Parallel Aware": false,
                            "Startup Cost": 237513.06,
                            "Total Cost": 237513.07,
                            "Plan Rows": 1,
                            "Plan Width": 8,
                            "Actual Startup Time": 310.263,
                            "Actual Total Time": 310.266,
                            "Actual Rows": 1,
                            "Actual Loops": 6,
                            "Output": [
                                "PARTIAL count(*)"
                            ],
                            "Workers": [
                                {
                                    "Worker Number": 0,
                                    "Actual Startup Time": 307.562,
                                    "Actual Total Time": 307.565,
                                    "Actual Rows": 1,
                                    "Actual Loops": 1
                                },
                                {
                                    "Worker Number": 1,
                                    "Actual Startup Time": 307.948,
                                    "Actual Total Time": 307.952,
                                    "Actual Rows": 1,
                                    "Actual Loops": 1
                                },
                                {
                                    "Worker Number": 2,
                                    "Actual Startup Time": 309.214,
                                    "Actual Total Time": 309.217,
                                    "Actual Rows": 1,
                                    "Actual Loops": 1
                                },
                                {
                                    "Worker Number": 3,
                                    "Actual Startup Time": 308.508,
                                    "Actual Total Time": 308.511,
                                    "Actual Rows": 1,
                                    "Actual Loops": 1
                                },
                                {
                                    "Worker Number": 4,
                                    "Actual Startup Time": 308.766,
                                    "Actual Total Time": 308.768,
                                    "Actual Rows": 1,
                                    "Actual Loops": 1
                                }
                            ],
                            "Plans": [
                                {
                                    "Node Type": "Hash Join",
                                    "Parent Relationship": "Outer",
                                    "Parallel Aware": true,
                                    "Join Type": "Inner",
                                    "Startup Cost": 71219.37,
                                    "Total Cost": 237250.27,
                                    "Plan Rows": 105115,
                                    "Plan Width": 0,
                                    "Actual Startup Time": 192.397,
                                    "Actual Total Time": 300.816,
                                    "Actual Rows": 173163,
                                    "Actual Loops": 6,
                                    "Inner Unique": true,
                                    "Hash Cond": "(mi.movie_id = t.id)",
                                    "Workers": [
                                        {
                                            "Worker Number": 0,
                                            "Actual Startup Time": 189.854,
                                            "Actual Total Time": 298.367,
                                            "Actual Rows": 186971,
                                            "Actual Loops": 1
                                        },
                                        {
                                            "Worker Number": 1,
                                            "Actual Startup Time": 190.712,
                                            "Actual Total Time": 298.732,
                                            "Actual Rows": 187070,
                                            "Actual Loops": 1
                                        },
                                        {
                                            "Worker Number": 2,
                                            "Actual Startup Time": 190.55,
                                            "Actual Total Time": 299.156,
                                            "Actual Rows": 131220,
                                            "Actual Loops": 1
                                        },
                                        {
                                            "Worker Number": 3,
                                            "Actual Startup Time": 190.838,
                                            "Actual Total Time": 298.384,
                                            "Actual Rows": 132274,
                                            "Actual Loops": 1
                                        },
                                        {
                                            "Worker Number": 4,
                                            "Actual Startup Time": 190.972,
                                            "Actual Total Time": 299.627,
                                            "Actual Rows": 183975,
                                            "Actual Loops": 1
                                        }
                                    ],
                                    "Plans": [
                                        {
                                            "Node Type": "Bitmap Heap Scan",
                                            "Parent Relationship": "Outer",
                                            "Parallel Aware": true,
                                            "Relation Name": "movie_info",
                                            "Schema": "public",
                                            "Alias": "mi",
                                            "Startup Cost": 24209.48,
                                            "Total Cost": 189539.59,
                                            "Plan Rows": 266969,
                                            "Plan Width": 4,
                                            "Actual Startup Time": 68.267,
                                            "Actual Total Time": 97.016,
                                            "Actual Rows": 220894,
                                            "Actual Loops": 6,
                                            "Output": [
                                                "mi.id",
                                                "mi.movie_id",
                                                "mi.info_type_id",
                                                "mi.info",
                                                "mi.note"
                                            ],
                                            "Recheck Cond": "(mi.info_type_id = 8)",
                                            "Rows Removed by Index Recheck": 0,
                                            "Exact Heap Blocks": 1802,
                                            "Lossy Heap Blocks": 0,
                                            "Workers": [
                                                {
                                                    "Worker Number": 0,
                                                    "Actual Startup Time": 68.314,
                                                    "Actual Total Time": 97.205,
                                                    "Actual Rows": 227570,
                                                    "Actual Loops": 1
                                                },
                                                {
                                                    "Worker Number": 1,
                                                    "Actual Startup Time": 68.435,
                                                    "Actual Total Time": 97.342,
                                                    "Actual Rows": 228394,
                                                    "Actual Loops": 1
                                                },
                                                {
                                                    "Worker Number": 2,
                                                    "Actual Startup Time": 68.298,
                                                    "Actual Total Time": 98.453,
                                                    "Actual Rows": 170287,
                                                    "Actual Loops": 1
                                                },
                                                {
                                                    "Worker Number": 3,
                                                    "Actual Startup Time": 68.361,
                                                    "Actual Total Time": 98.356,
                                                    "Actual Rows": 169559,
                                                    "Actual Loops": 1
                                                },
                                                {
                                                    "Worker Number": 4,
                                                    "Actual Startup Time": 68.159,
                                                    "Actual Total Time": 97.087,
                                                    "Actual Rows": 224673,
                                                    "Actual Loops": 1
                                                }
                                            ],
                                            "Plans": [
                                                {
                                                    "Node Type": "Bitmap Index Scan",
                                                    "Parent Relationship": "Outer",
                                                    "Parallel Aware": false,
                                                    "Index Name": "info_type_id_movie_info",
                                                    "Startup Cost": 0.0,
                                                    "Total Cost": 23875.77,
                                                    "Plan Rows": 1334844,
                                                    "Plan Width": 0,
                                                    "Actual Startup Time": 66.939,
                                                    "Actual Total Time": 66.94,
                                                    "Actual Rows": 1325361,
                                                    "Actual Loops": 1,
                                                    "Index Cond": "(mi.info_type_id = 8)"
                                                }
                                            ]
                                        },
                                        {
                                            "Node Type": "Hash",
                                            "Parent Relationship": "Inner",
                                            "Parallel Aware": true,
                                            "Startup Cost": 43899.01,
                                            "Total Cost": 43899.01,
                                            "Plan Rows": 248871,
                                            "Plan Width": 4,
                                            "Actual Startup Time": 121.961,
                                            "Actual Total Time": 121.961,
                                            "Actual Rows": 164175,
                                            "Actual Loops": 6,
                                            "Output": [
                                                "t.id"
                                            ],
                                            "Hash Buckets": 1048576,
                                            "Original Hash Buckets": 1048576,
                                            "Hash Batches": 1,
                                            "Original Hash Batches": 1,
                                            "Peak Memory Usage": 46816,
                                            "Workers": [
                                                {
                                                    "Worker Number": 0,
                                                    "Actual Startup Time": 121.011,
                                                    "Actual Total Time": 121.012,
                                                    "Actual Rows": 175771,
                                                    "Actual Loops": 1
                                                },
                                                {
                                                    "Worker Number": 1,
                                                    "Actual Startup Time": 121.371,
                                                    "Actual Total Time": 121.372,
                                                    "Actual Rows": 179565,
                                                    "Actual Loops": 1
                                                },
                                                {
                                                    "Worker Number": 2,
                                                    "Actual Startup Time": 121.822,
                                                    "Actual Total Time": 121.823,
                                                    "Actual Rows": 117398,
                                                    "Actual Loops": 1
                                                },
                                                {
                                                    "Worker Number": 3,
                                                    "Actual Startup Time": 121.908,
                                                    "Actual Total Time": 121.91,
                                                    "Actual Rows": 116898,
                                                    "Actual Loops": 1
                                                },
                                                {
                                                    "Worker Number": 4,
                                                    "Actual Startup Time": 122.229,
                                                    "Actual Total Time": 122.229,
                                                    "Actual Rows": 174483,
                                                    "Actual Loops": 1
                                                }
                                            ],
                                            "Plans": [
                                                {
                                                    "Node Type": "Seq Scan",
                                                    "Parent Relationship": "Outer",
                                                    "Parallel Aware": true,
                                                    "Relation Name": "title",
                                                    "Schema": "public",
                                                    "Alias": "t",
                                                    "Startup Cost": 0.0,
                                                    "Total Cost": 43899.01,
                                                    "Plan Rows": 248871,
                                                    "Plan Width": 4,
                                                    "Actual Startup Time": 0.051,
                                                    "Actual Total Time": 72.571,
                                                    "Actual Rows": 164175,
                                                    "Actual Loops": 6,
                                                    "Output": [
                                                        "t.id"
                                                    ],
                                                    "Filter": "(t.kind_id < 7)",
                                                    "Rows Removed by Filter": 257211,
                                                    "Workers": [
                                                        {
                                                            "Worker Number": 0,
                                                            "Actual Startup Time": 0.059,
                                                            "Actual Total Time": 71.379,
                                                            "Actual Rows": 175771,
                                                            "Actual Loops": 1
                                                        },
                                                        {
                                                            "Worker Number": 1,
                                                            "Actual Startup Time": 0.05,
                                                            "Actual Total Time": 72.446,
                                                            "Actual Rows": 179565,
                                                            "Actual Loops": 1
                                                        },
                                                        {
                                                            "Worker Number": 2,
                                                            "Actual Startup Time": 0.057,
                                                            "Actual Total Time": 73.468,
                                                            "Actual Rows": 117398,
                                                            "Actual Loops": 1
                                                        },
                                                        {
                                                            "Worker Number": 3,
                                                            "Actual Startup Time": 0.053,
                                                            "Actual Total Time": 74.073,
                                                            "Actual Rows": 116898,
                                                            "Actual Loops": 1
                                                        },
                                                        {
                                                            "Worker Number": 4,
                                                            "Actual Startup Time": 0.076,
                                                            "Actual Total Time": 72.699,
                                                            "Actual Rows": 174483,
                                                            "Actual Loops": 1
                                                        }
                                                    ]
                                                }
                                            ]
                                        }
                                    ]
                                }
                            ]
                        }
                    ]
                }
            ]
        },
        "Planning Time": 226.046,
        "Triggers": [],
        "Execution Time": 333.28
    }
]