[
  {
    "Plan": {
      "Node Type": "Aggregate",
      "Strategy": "Plain",
      "Partial Mode": "Finalize",
      "Parallel Aware": false,
      "Startup Cost": 46506.48,
      "Total Cost": 46506.49,
      "Plan Rows": 1,
      "Plan Width": 8,
      "Actual Startup Time": 85.208,
      "Actual Total Time": 96.253,
      "Actual Rows": 1,
      "Actual Loops": 1,
      "Plans": [
        {
          "Node Type": "Gather",
          "Parent Relationship": "Outer",
          "Parallel Aware": false,
          "Startup Cost": 46506.06,
          "Total Cost": 46506.47,
          "Plan Rows": 4,
          "Plan Width": 8,
          "Actual Startup Time": 84.945,
          "Actual Total Time": 96.246,
          "Actual Rows": 5,
          "Actual Loops": 1,
          "Workers Planned": 4,
          "Workers Launched": 4,
          "Single Copy": false,
          "Plans": [
            {
              "Node Type": "Aggregate",
              "Strategy": "Plain",
              "Partial Mode": "Partial",
              "Parent Relationship": "Outer",
              "Parallel Aware": false,
              "Startup Cost": 45506.06,
              "Total Cost": 45506.07,
              "Plan Rows": 1,
              "Plan Width": 8,
              "Actual Startup Time": 79.64,
              "Actual Total Time": 79.642,
              "Actual Rows": 1,
              "Actual Loops": 5,
              "Plans": [
                {
                  "Node Type": "Seq Scan",
                  "Parent Relationship": "Outer",
                  "Parallel Aware": true,
                  "Relation Name": "title",
                  "Alias": "t",
                  "Startup Cost": 0.0,
                  "Total Cost": 45479.1,
                  "Plan Rows": 10784,
                  "Plan Width": 0,
                  "Actual Startup Time": 49.872,
                  "Actual Total Time": 78.487,
                  "Actual Rows": 22502,
                  "Actual Loops": 5,
                  "Filter": "((kind_id < 6) AND (production_year < 1929))",
                  "Rows Removed by Filter": 483160
                }
              ]
            }
          ]
        }
      ]
    },
    "Planning Time": 0.093,
    "Triggers": [],
    "Execution Time": 96.286
  }
]