{
  "Plan": {
    "Node Type": "Aggregate",
    "Strategy": "Plain",
    "Partial Mode": "Simple",
    "Parallel Aware": false,
    "Startup Cost": 101547.93,
    "Total Cost": 101547.94,
    "Plan Rows": 1,
    "Plan Width": 192,
    "Actual Startup Time": 1814.689,
    "Actual Total Time": 1822.222,
    "Actual Rows": 1,
    "Actual Loops": 1,
    "Plans": [
      {
        "Node Type": "Hash Join",
        "Parent Relationship": "Outer",
        "Parallel Aware": false,
        "Join Type": "Inner",
        "Startup Cost": 89085.12,
        "Total Cost": 101547.91,
        "Plan Rows": 1,
        "Plan Width": 84,
        "Actual Startup Time": 1770.239,
        "Actual Total Time": 1822.179,
        "Actual Rows": 114,
        "Actual Loops": 1,
        "Inner Unique": true,
        "Hash Cond": "(mi_idx1.info_type_id = it1.id)",
        "Plans": [
          {
            "Node Type": "Merge Join",
            "Parent Relationship": "Outer",
            "Parallel Aware": false,
            "Join Type": "Inner",
            "Startup Cost": 89082.7,
            "Total Cost": 101545.23,
            "Plan Rows": 93,
            "Plan Width": 88,
            "Actual Startup Time": 1770.179,
            "Actual Total Time": 1822.082,
            "Actual Rows": 342,
            "Actual Loops": 1,
            "Inner Unique": false,
            "Merge Cond": "(cn2.id = mc2.company_id)",
            "Plans": [
              {
                "Node Type": "Index Scan",
                "Parent Relationship": "Outer",
                "Parallel Aware": false,
                "Scan Direction": "Forward",
                "Index Name": "company_name_pkey",
                "Relation Name": "company_name",
                "Alias": "cn2",
                "Startup Cost": 0.42,
                "Total Cost": 11881.93,
                "Plan Rows": 234997,
                "Plan Width": 23,
                "Actual Startup Time": 0.014,
                "Actual Total Time": 39.315,
                "Actual Rows": 79743,
                "Actual Loops": 1
              },
              {
                "Node Type": "Sort",
                "Parent Relationship": "Inner",
                "Parallel Aware": false,
                "Startup Cost": 89082.26,
                "Total Cost": 89082.49,
                "Plan Rows": 93,
                "Plan Width": 73,
                "Actual Startup Time": 1770.136,
                "Actual Total Time": 1777.699,
                "Actual Rows": 342,
                "Actual Loops": 1,
                "Sort Key": [
                  "mc2.company_id"
                ],
                "Sort Method": "quicksort",
                "Sort Space Used": 74,
                "Sort Space Type": "Memory",
                "Plans": [
                  {
                    "Node Type": "Hash Join",
                    "Parent Relationship": "Outer",
                    "Parallel Aware": false,
                    "Join Type": "Inner",
                    "Startup Cost": 75539.24,
                    "Total Cost": 89079.22,
                    "Plan Rows": 93,
                    "Plan Width": 73,
                    "Actual Startup Time": 1593.032,
                    "Actual Total Time": 1777.509,
                    "Actual Rows": 342,
                    "Actual Loops": 1,
                    "Inner Unique": true,
                    "Hash Cond": "(t1.kind_id = kt1.id)",
                    "Plans": [
                      {
                        "Node Type": "Hash Join",
                        "Parent Relationship": "Outer",
                        "Parallel Aware": false,
                        "Join Type": "Inner",
                        "Startup Cost": 75538.13,
                        "Total Cost": 89076.73,
                        "Plan Rows": 327,
                        "Plan Width": 77,
                        "Actual Startup Time": 1593.013,
                        "Actual Total Time": 1777.41,
                        "Actual Rows": 342,
                        "Actual Loops": 1,
                        "Inner Unique": true,
                        "Hash Cond": "(ml.link_type_id = lt.id)",
                        "Plans": [
                          {
                            "Node Type": "Nested Loop",
                            "Parent Relationship": "Outer",
                            "Parallel Aware": false,
                            "Join Type": "Inner",
                            "Startup Cost": 75536.84,
                            "Total Cost": 89069.07,
                            "Plan Rows": 1964,
                            "Plan Width": 81,
                            "Actual Startup Time": 1570.894,
                            "Actual Total Time": 1775.8,
                            "Actual Rows": 17709,
                            "Actual Loops": 1,
                            "Inner Unique": true,
                            "Plans": [
                              {
                                "Node Type": "Merge Join",
                                "Parent Relationship": "Outer",
                                "Parallel Aware": false,
                                "Join Type": "Inner",
                                "Startup Cost": 75536.42,
                                "Total Cost": 87428.44,
                                "Plan Rows": 3679,
                                "Plan Width": 66,
                                "Actual Startup Time": 1570.835,
                                "Actual Total Time": 1737.019,
                                "Actual Rows": 23271,
                                "Actual Loops": 1,
                                "Inner Unique": false,
                                "Merge Cond": "(t1.id = ml.movie_id)",
                                "Plans": [
                                  {
                                    "Node Type": "Index Scan",
                                    "Parent Relationship": "Outer",
                                    "Parallel Aware": false,
                                    "Scan Direction": "Forward",
                                    "Index Name": "title_pkey",
                                    "Relation Name": "title",
                                    "Alias": "t1",
                                    "Startup Cost": 0.43,
                                    "Total Cost": 110359.06,
                                    "Plan Rows": 2528509,
                                    "Plan Width": 25,
                                    "Actual Startup Time": 0.017,
                                    "Actual Total Time": 103.704,
                                    "Actual Rows": 164051,
                                    "Actual Loops": 1
                                  },
                                  {
                                    "Node Type": "Materialize",
                                    "Parent Relationship": "Inner",
                                    "Parallel Aware": false,
                                    "Startup Cost": 75535.99,
                                    "Total Cost": 78536.9,
                                    "Plan Rows": 3679,
                                    "Plan Width": 57,
                                    "Actual Startup Time": 1567.981,
                                    "Actual Total Time": 1618.691,
                                    "Actual Rows": 23271,
                                    "Actual Loops": 1,
                                    "Plans": [
                                      {
                                        "Node Type": "Nested Loop",
                                        "Parent Relationship": "Outer",
                                        "Parallel Aware": false,
                                        "Join Type": "Inner",
                                        "Startup Cost": 75535.99,
                                        "Total Cost": 78527.7,
                                        "Plan Rows": 3679,
                                        "Plan Width": 57,
                                        "Actual Startup Time": 1567.976,
                                        "Actual Total Time": 1609.998,
                                        "Actual Rows": 23271,
                                        "Actual Loops": 1,
                                        "Inner Unique": false,
                                        "Plans": [
                                          {
                                            "Node Type": "Merge Join",
                                            "Parent Relationship": "Outer",
                                            "Parallel Aware": false,
                                            "Join Type": "Inner",
                                            "Startup Cost": 75535.56,
                                            "Total Cost": 78031.43,
                                            "Plan Rows": 735,
                                            "Plan Width": 65,
                                            "Actual Startup Time": 1567.954,
                                            "Actual Total Time": 1588.029,
                                            "Actual Rows": 10536,
                                            "Actual Loops": 1,
                                            "Inner Unique": false,
                                            "Merge Cond": "(mi_idx1.movie_id = ml.movie_id)",
                                            "Plans": [
                                              {
                                                "Node Type": "Index Scan",
                                                "Parent Relationship": "Outer",
                                                "Parallel Aware": false,
                                                "Scan Direction": "Forward",
                                                "Index Name": "movie_id_movie_info_idx",
                                                "Relation Name": "movie_info_idx",
                                                "Alias": "mi_idx1",
                                                "Startup Cost": 0.43,
                                                "Total Cost": 53622.74,
                                                "Plan Rows": 1380035,
                                                "Plan Width": 14,
                                                "Actual Startup Time": 0.014,
                                                "Actual Total Time": 6.569,
                                                "Actual Rows": 55030,
                                                "Actual Loops": 1
                                              },
                                              {
                                                "Node Type": "Sort",
                                                "Parent Relationship": "Inner",
                                                "Parallel Aware": false,
                                                "Startup Cost": 75535.13,
                                                "Total Cost": 75535.73,
                                                "Plan Rows": 240,
                                                "Plan Width": 51,
                                                "Actual Startup Time": 1567.701,
                                                "Actual Total Time": 1576.081,
                                                "Actual Rows": 10684,
                                                "Actual Loops": 1,
                                                "Sort Key": [
                                                  "ml.movie_id"
                                                ],
                                                "Sort Method": "quicksort",
                                                "Sort Space Used": 499,
                                                "Sort Space Type": "Memory",
                                                "Plans": [
                                                  {
                                                    "Node Type": "Gather",
                                                    "Parent Relationship": "Outer",
                                                    "Parallel Aware": false,
                                                    "Startup Cost": 74922.42,
                                                    "Total Cost": 75525.65,
                                                    "Plan Rows": 240,
                                                    "Plan Width": 51,
                                                    "Actual Startup Time": 1481.873,
                                                    "Actual Total Time": 1574.301,
                                                    "Actual Rows": 3662,
                                                    "Actual Loops": 1,
                                                    "Workers Planned": 4,
                                                    "Workers Launched": 0,
                                                    "Single Copy": false,
                                                    "Plans": [
                                                      {
                                                        "Node Type": "Nested Loop",
                                                        "Parent Relationship": "Outer",
                                                        "Parallel Aware": false,
                                                        "Join Type": "Inner",
                                                        "Startup Cost": 73922.42,
                                                        "Total Cost": 74501.65,
                                                        "Plan Rows": 60,
                                                        "Plan Width": 51,
                                                        "Actual Startup Time": 1481.237,
                                                        "Actual Total Time": 1565.947,
                                                        "Actual Rows": 3662,
                                                        "Actual Loops": 1,
                                                        "Inner Unique": false,
                                                        "Plans": [
                                                          {
                                                            "Node Type": "Hash Join",
                                                            "Parent Relationship": "Outer",
                                                            "Parallel Aware": false,
                                                            "Join Type": "Inner",
                                                            "Startup Cost": 73921.99,
                                                            "Total Cost": 74450.25,
                                                            "Plan Rows": 12,
                                                            "Plan Width": 43,
                                                            "Actual Startup Time": 1481.203,
                                                            "Actual Total Time": 1562.951,
                                                            "Actual Rows": 870,
                                                            "Actual Loops": 1,
                                                            "Inner Unique": true,
                                                            "Hash Cond": "(t2.kind_id = kt2.id)",
                                                            "Plans": [
                                                              {
                                                                "Node Type": "Hash Join",
                                                                "Parent Relationship": "Outer",
                                                                "Parallel Aware": false,
                                                                "Join Type": "Inner",
                                                                "Startup Cost": 73920.88,
                                                                "Total Cost": 74448.96,
                                                                "Plan Rows": 42,
                                                                "Plan Width": 47,
                                                                "Actual Startup Time": 1481.182,
                                                                "Actual Total Time": 1562.764,
                                                                "Actual Rows": 1159,
                                                                "Actual Loops": 1,
                                                                "Inner Unique": true,
                                                                "Hash Cond": "(mi_idx2.info_type_id = it2.id)",
                                                                "Plans": [
                                                                  {
                                                                    "Node Type": "Merge Join",
                                                                    "Parent Relationship": "Outer",
                                                                    "Parallel Aware": false,
                                                                    "Join Type": "Inner",
                                                                    "Startup Cost": 73918.45,
                                                                    "Total Cost": 74433.6,
                                                                    "Plan Rows": 4752,
                                                                    "Plan Width": 51,
                                                                    "Actual Startup Time": 1480.87,
                                                                    "Actual Total Time": 1561.875,
                                                                    "Actual Rows": 13238,
                                                                    "Actual Loops": 1,
                                                                    "Inner Unique": false,
                                                                    "Merge Cond": "(t2.id = ml.linked_movie_id)",
                                                                    "Plans": [
                                                                      {
                                                                        "Node Type": "Sort",
                                                                        "Parent Relationship": "Outer",
                                                                        "Parallel Aware": false,
                                                                        "Startup Cost": 71224.78,
                                                                        "Total Cost": 71403.38,
                                                                        "Plan Rows": 71440,
                                                                        "Plan Width": 39,
                                                                        "Actual Startup Time": 1472.471,
                                                                        "Actual Total Time": 1509.742,
                                                                        "Actual Rows": 283442,
                                                                        "Actual Loops": 1,
                                                                        "Sort Key": [
                                                                          "mi_idx2.movie_id"
                                                                        ],
                                                                        "Sort Method": "quicksort",
                                                                        "Sort Space Used": 39158,
                                                                        "Sort Space Type": "Memory",
                                                                        "Plans": [
                                                                          {
                                                                            "Node Type": "Hash Join",
                                                                            "Parent Relationship": "Outer",
                                                                            "Parallel Aware": true,
                                                                            "Join Type": "Inner",
                                                                            "Startup Cost": 18701.83,
                                                                            "Total Cost": 65465.13,
                                                                            "Plan Rows": 71440,
                                                                            "Plan Width": 39,
                                                                            "Actual Startup Time": 531.424,
                                                                            "Actual Total Time": 1332.886,
                                                                            "Actual Rows": 283527,
                                                                            "Actual Loops": 1,
                                                                            "Inner Unique": false,
                                                                            "Hash Cond": "(t2.id = mi_idx2.movie_id)",
                                                                            "Plans": [
                                                                              {
                                                                                "Node Type": "Seq Scan",
                                                                                "Parent Relationship": "Outer",
                                                                                "Parallel Aware": true,
                                                                                "Relation Name": "title",
                                                                                "Alias": "t2",
                                                                                "Startup Cost": 0.0,
                                                                                "Total Cost": 45479.91,
                                                                                "Plan Rows": 262859,
                                                                                "Plan Width": 25,
                                                                                "Actual Startup Time": 0.009,
                                                                                "Actual Total Time": 339.781,
                                                                                "Actual Rows": 1042800,
                                                                                "Actual Loops": 1,
                                                                                "Filter": "((production_year >= 2000) AND (production_year <= 2010))",
                                                                                "Rows Removed by Filter": 1485512
                                                                              },
                                                                              {
                                                                                "Node Type": "Hash",
                                                                                "Parent Relationship": "Inner",
                                                                                "Parallel Aware": true,
                                                                                "Startup Cost": 15122.68,
                                                                                "Total Cost": 15122.68,
                                                                                "Plan Rows": 286332,
                                                                                "Plan Width": 14,
                                                                                "Actual Startup Time": 521.943,
                                                                                "Actual Total Time": 521.945,
                                                                                "Actual Rows": 687267,
                                                                                "Actual Loops": 1,
                                                                                "Hash Buckets": 1048576,
                                                                                "Original Hash Buckets": 1048576,
                                                                                "Hash Batches": 1,
                                                                                "Original Hash Batches": 1,
                                                                                "Peak Memory Usage": 43904,
                                                                                "Plans": [
                                                                                  {
                                                                                    "Node Type": "Seq Scan",
                                                                                    "Parent Relationship": "Outer",
                                                                                    "Parallel Aware": true,
                                                                                    "Relation Name": "movie_info_idx",
                                                                                    "Alias": "mi_idx2",
                                                                                    "Startup Cost": 0.0,
                                                                                    "Total Cost": 15122.68,
                                                                                    "Plan Rows": 286332,
                                                                                    "Plan Width": 14,
                                                                                    "Actual Startup Time": 0.017,
                                                                                    "Actual Total Time": 237.943,
                                                                                    "Actual Rows": 687267,
                                                                                    "Actual Loops": 1,
                                                                                    "Filter": "(info < '3.5'::text)",
                                                                                    "Rows Removed by Filter": 692768
                                                                                  }
                                                                                ]
                                                                              }
                                                                            ]
                                                                          }
                                                                        ]
                                                                      },
                                                                      {
                                                                        "Node Type": "Sort",
                                                                        "Parent Relationship": "Inner",
                                                                        "Parallel Aware": false,
                                                                        "Startup Cost": 2693.63,
                                                                        "Total Cost": 2768.62,
                                                                        "Plan Rows": 29997,
                                                                        "Plan Width": 12,
                                                                        "Actual Startup Time": 8.37,
                                                                        "Actual Total Time": 11.261,
                                                                        "Actual Rows": 34373,
                                                                        "Actual Loops": 1,
                                                                        "Sort Key": [
                                                                          "ml.linked_movie_id"
                                                                        ],
                                                                        "Sort Method": "quicksort",
                                                                        "Sort Space Used": 2175,
                                                                        "Sort Space Type": "Memory",
                                                                        "Plans": [
                                                                          {
                                                                            "Node Type": "Seq Scan",
                                                                            "Parent Relationship": "Outer",
                                                                            "Parallel Aware": false,
                                                                            "Relation Name": "movie_link",
                                                                            "Alias": "ml",
                                                                            "Startup Cost": 0.0,
                                                                            "Total Cost": 462.97,
                                                                            "Plan Rows": 29997,
                                                                            "Plan Width": 12,
                                                                            "Actual Startup Time": 0.02,
                                                                            "Actual Total Time": 2.749,
                                                                            "Actual Rows": 29997,
                                                                            "Actual Loops": 1
                                                                          }
                                                                        ]
                                                                      }
                                                                    ]
                                                                  },
                                                                  {
                                                                    "Node Type": "Hash",
                                                                    "Parent Relationship": "Inner",
                                                                    "Parallel Aware": false,
                                                                    "Startup Cost": 2.41,
                                                                    "Total Cost": 2.41,
                                                                    "Plan Rows": 1,
                                                                    "Plan Width": 4,
                                                                    "Actual Startup Time": 0.018,
                                                                    "Actual Total Time": 0.019,
                                                                    "Actual Rows": 1,
                                                                    "Actual Loops": 1,
                                                                    "Hash Buckets": 1024,
                                                                    "Original Hash Buckets": 1024,
                                                                    "Hash Batches": 1,
                                                                    "Original Hash Batches": 1,
                                                                    "Peak Memory Usage": 9,
                                                                    "Plans": [
                                                                      {
                                                                        "Node Type": "Seq Scan",
                                                                        "Parent Relationship": "Outer",
                                                                        "Parallel Aware": false,
                                                                        "Relation Name": "info_type",
                                                                        "Alias": "it2",
                                                                        "Startup Cost": 0.0,
                                                                        "Total Cost": 2.41,
                                                                        "Plan Rows": 1,
                                                                        "Plan Width": 4,
                                                                        "Actual Startup Time": 0.015,
                                                                        "Actual Total Time": 0.017,
                                                                        "Actual Rows": 1,
                                                                        "Actual Loops": 1,
                                                                        "Filter": "((info)::text = 'rating'::text COLLATE \"C\")",
                                                                        "Rows Removed by Filter": 112
                                                                      }
                                                                    ]
                                                                  }
                                                                ]
                                                              },
                                                              {
                                                                "Node Type": "Hash",
                                                                "Parent Relationship": "Inner",
                                                                "Parallel Aware": false,
                                                                "Startup Cost": 1.09,
                                                                "Total Cost": 1.09,
                                                                "Plan Rows": 2,
                                                                "Plan Width": 4,
                                                                "Actual Startup Time": 0.013,
                                                                "Actual Total Time": 0.014,
                                                                "Actual Rows": 2,
                                                                "Actual Loops": 1,
                                                                "Hash Buckets": 1024,
                                                                "Original Hash Buckets": 1024,
                                                                "Hash Batches": 1,
                                                                "Original Hash Batches": 1,
                                                                "Peak Memory Usage": 9,
                                                                "Plans": [
                                                                  {
                                                                    "Node Type": "Seq Scan",
                                                                    "Parent Relationship": "Outer",
                                                                    "Parallel Aware": false,
                                                                    "Relation Name": "kind_type",
                                                                    "Alias": "kt2",
                                                                    "Startup Cost": 0.0,
                                                                    "Total Cost": 1.09,
                                                                    "Plan Rows": 2,
                                                                    "Plan Width": 4,
                                                                    "Actual Startup Time": 0.009,
                                                                    "Actual Total Time": 0.01,
                                                                    "Actual Rows": 2,
                                                                    "Actual Loops": 1,
                                                                    "Filter": "((kind)::text = ANY ('{\"tv series\",episode}'::text[]))",
                                                                    "Rows Removed by Filter": 5
                                                                  }
                                                                ]
                                                              }
                                                            ]
                                                          },
                                                          {
                                                            "Node Type": "Index Scan",
                                                            "Parent Relationship": "Inner",
                                                            "Parallel Aware": false,
                                                            "Scan Direction": "Forward",
                                                            "Index Name": "movie_id_movie_companies",
                                                            "Relation Name": "movie_companies",
                                                            "Alias": "mc1",
                                                            "Startup Cost": 0.43,
                                                            "Total Cost": 4.23,
                                                            "Plan Rows": 5,
                                                            "Plan Width": 8,
                                                            "Actual Startup Time": 0.002,
                                                            "Actual Total Time": 0.003,
                                                            "Actual Rows": 4,
                                                            "Actual Loops": 870,
                                                            "Index Cond": "(movie_id = ml.movie_id)",
                                                            "Rows Removed by Index Recheck": 0
                                                          }
                                                        ]
                                                      }
                                                    ]
                                                  }
                                                ]
                                              }
                                            ]
                                          },
                                          {
                                            "Node Type": "Index Scan",
                                            "Parent Relationship": "Inner",
                                            "Parallel Aware": false,
                                            "Scan Direction": "Forward",
                                            "Index Name": "movie_id_movie_companies",
                                            "Relation Name": "movie_companies",
                                            "Alias": "mc2",
                                            "Startup Cost": 0.43,
                                            "Total Cost": 0.63,
                                            "Plan Rows": 5,
                                            "Plan Width": 8,
                                            "Actual Startup Time": 0.001,
                                            "Actual Total Time": 0.002,
                                            "Actual Rows": 2,
                                            "Actual Loops": 10536,
                                            "Index Cond": "(movie_id = t2.id)",
                                            "Rows Removed by Index Recheck": 0
                                          }
                                        ]
                                      }
                                    ]
                                  }
                                ]
                              },
                              {
                                "Node Type": "Index Scan",
                                "Parent Relationship": "Inner",
                                "Parallel Aware": false,
                                "Scan Direction": "Forward",
                                "Index Name": "company_name_pkey",
                                "Relation Name": "company_name",
                                "Alias": "cn1",
                                "Startup Cost": 0.42,
                                "Total Cost": 0.45,
                                "Plan Rows": 1,
                                "Plan Width": 23,
                                "Actual Startup Time": 0.001,
                                "Actual Total Time": 0.001,
                                "Actual Rows": 1,
                                "Actual Loops": 23271,
                                "Index Cond": "(id = mc1.company_id)",
                                "Rows Removed by Index Recheck": 0,
                                "Filter": "((country_code)::text <> '[us]'::text)",
                                "Rows Removed by Filter": 0
                              }
                            ]
                          },
                          {
                            "Node Type": "Hash",
                            "Parent Relationship": "Inner",
                            "Parallel Aware": false,
                            "Startup Cost": 1.25,
                            "Total Cost": 1.25,
                            "Plan Rows": 3,
                            "Plan Width": 4,
                            "Actual Startup Time": 0.013,
                            "Actual Total Time": 0.014,
                            "Actual Rows": 2,
                            "Actual Loops": 1,
                            "Hash Buckets": 1024,
                            "Original Hash Buckets": 1024,
                            "Hash Batches": 1,
                            "Original Hash Batches": 1,
                            "Peak Memory Usage": 9,
                            "Plans": [
                              {
                                "Node Type": "Seq Scan",
                                "Parent Relationship": "Outer",
                                "Parallel Aware": false,
                                "Relation Name": "link_type",
                                "Alias": "lt",
                                "Startup Cost": 0.0,
                                "Total Cost": 1.25,
                                "Plan Rows": 3,
                                "Plan Width": 4,
                                "Actual Startup Time": 0.009,
                                "Actual Total Time": 0.012,
                                "Actual Rows": 2,
                                "Actual Loops": 1,
                                "Filter": "((link)::text = ANY ('{sequel,follows,\"followed by\"}'::text[]))",
                                "Rows Removed by Filter": 16
                              }
                            ]
                          }
                        ]
                      },
                      {
                        "Node Type": "Hash",
                        "Parent Relationship": "Inner",
                        "Parallel Aware": false,
                        "Startup Cost": 1.09,
                        "Total Cost": 1.09,
                        "Plan Rows": 2,
                        "Plan Width": 4,
                        "Actual Startup Time": 0.012,
                        "Actual Total Time": 0.013,
                        "Actual Rows": 2,
                        "Actual Loops": 1,
                        "Hash Buckets": 1024,
                        "Original Hash Buckets": 1024,
                        "Hash Batches": 1,
                        "Original Hash Batches": 1,
                        "Peak Memory Usage": 9,
                        "Plans": [
                          {
                            "Node Type": "Seq Scan",
                            "Parent Relationship": "Outer",
                            "Parallel Aware": false,
                            "Relation Name": "kind_type",
                            "Alias": "kt1",
                            "Startup Cost": 0.0,
                            "Total Cost": 1.09,
                            "Plan Rows": 2,
                            "Plan Width": 4,
                            "Actual Startup Time": 0.009,
                            "Actual Total Time": 0.011,
                            "Actual Rows": 2,
                            "Actual Loops": 1,
                            "Filter": "((kind)::text = ANY ('{\"tv series\",episode}'::text[]))",
                            "Rows Removed by Filter": 5
                          }
                        ]
                      }
                    ]
                  }
                ]
              }
            ]
          },
          {
            "Node Type": "Hash",
            "Parent Relationship": "Inner",
            "Parallel Aware": false,
            "Startup Cost": 2.41,
            "Total Cost": 2.41,
            "Plan Rows": 1,
            "Plan Width": 4,
            "Actual Startup Time": 0.034,
            "Actual Total Time": 0.035,
            "Actual Rows": 1,
            "Actual Loops": 1,
            "Hash Buckets": 1024,
            "Original Hash Buckets": 1024,
            "Hash Batches": 1,
            "Original Hash Batches": 1,
            "Peak Memory Usage": 9,
            "Plans": [
              {
                "Node Type": "Seq Scan",
                "Parent Relationship": "Outer",
                "Parallel Aware": false,
                "Relation Name": "info_type",
                "Alias": "it1",
                "Startup Cost": 0.0,
                "Total Cost": 2.41,
                "Plan Rows": 1,
                "Plan Width": 4,
                "Actual Startup Time": 0.029,
                "Actual Total Time": 0.03,
                "Actual Rows": 1,
                "Actual Loops": 1,
                "Filter": "((info)::text = 'rating'::text COLLATE \"C\")",
                "Rows Removed by Filter": 112
              }
            ]
          }
        ]
      }
    ]
  },
  "Planning Time": 155.118,
  "Triggers": [],
  "Execution Time": 1825.458
}