[
  {
    "Plan": {
      "Node Type": "Aggregate",
      "Strategy": "Plain",
      "Partial Mode": "Finalize",
      "Parallel Aware": false,
      "Startup Cost": 82224.13,
      "Total Cost": 82224.14,
      "Plan Rows": 1,
      "Plan Width": 8,
      "Actual Startup Time": 300.789,
      "Actual Total Time": 320.136,
      "Actual Rows": 1,
      "Actual Loops": 1,
      "Plans": [
        {
          "Node Type": "Gather",
          "Parent Relationship": "Outer",
          "Parallel Aware": false,
          "Startup Cost": 82223.81,
          "Total Cost": 82224.12,
          "Plan Rows": 3,
          "Plan Width": 8,
          "Actual Startup Time": 300.07,
          "Actual Total Time": 320.104,
          "Actual Rows": 4,
          "Actual Loops": 1,
          "Workers Planned": 3,
          "Workers Launched": 3,
          "Single Copy": false,
          "Plans": [
            {
              "Node Type": "Aggregate",
              "Strategy": "Plain",
              "Partial Mode": "Partial",
              "Parent Relationship": "Outer",
              "Parallel Aware": false,
              "Startup Cost": 81223.81,
              "Total Cost": 81223.82,
              "Plan Rows": 1,
              "Plan Width": 8,
              "Actual Startup Time": 295.395,
              "Actual Total Time": 295.4,
              "Actual Rows": 1,
              "Actual Loops": 4,
              "Plans": [
                {
                  "Node Type": "Hash Join",
                  "Parent Relationship": "Outer",
                  "Parallel Aware": true,
                  "Join Type": "Inner",
                  "Startup Cost": 38257.75,
                  "Total Cost": 81135.83,
                  "Plan Rows": 35193,
                  "Plan Width": 0,
                  "Actual Startup Time": 68.888,
                  "Actual Total Time": 293.737,
                  "Actual Rows": 28595,
                  "Actual Loops": 4,
                  "Inner Unique": true,
                  "Hash Cond": "(mk.movie_id = t.id)",
                  "Plans": [
                    {
                      "Node Type": "Seq Scan",
                      "Parent Relationship": "Outer",
                      "Parallel Aware": true,
                      "Relation Name": "movie_keyword",
                      "Alias": "mk",
                      "Startup Cost": 0.0,
                      "Total Cost": 39047.32,
                      "Plan Rows": 1459332,
                      "Plan Width": 4,
                      "Actual Startup Time": 0.025,
                      "Actual Total Time": 110.918,
                      "Actual Rows": 1130982,
                      "Actual Loops": 4
                    },
                    {
                      "Node Type": "Hash",
                      "Parent Relationship": "Inner",
                      "Parallel Aware": true,
                      "Startup Cost": 38067.2,
                      "Total Cost": 38067.2,
                      "Plan Rows": 15244,
                      "Plan Width": 4,
                      "Actual Startup Time": 68.472,
                      "Actual Total Time": 68.474,
                      "Actual Rows": 14835,
                      "Actual Loops": 4,
                      "Hash Buckets": 65536,
                      "Original Hash Buckets": 65536,
                      "Hash Batches": 1,
                      "Original Hash Batches": 1,
                      "Peak Memory Usage": 2912,
                      "Plans": [
                        {
                          "Node Type": "Bitmap Heap Scan",
                          "Parent Relationship": "Outer",
                          "Parallel Aware": true,
                          "Relation Name": "title",
                          "Alias": "t",
                          "Startup Cost": 1712.69,
                          "Total Cost": 38067.2,
                          "Plan Rows": 15244,
                          "Plan Width": 4,
                          "Actual Startup Time": 15.276,
                          "Actual Total Time": 62.539,
                          "Actual Rows": 14835,
                          "Actual Loops": 4,
                          "Recheck Cond": "(kind_id = 2)",
                          "Rows Removed by Index Recheck": 0,
                          "Filter": "(production_year > 1995)",
                          "Rows Removed by Filter": 7878,
                          "Exact Heap Blocks": 11725,
                          "Lossy Heap Blocks": 0,
                          "Plans": [
                            {
                              "Node Type": "Bitmap Index Scan",
                              "Parent Relationship": "Outer",
                              "Parallel Aware": false,
                              "Index Name": "kind_id_title",
                              "Startup Cost": 0.0,
                              "Total Cost": 1697.45,
                              "Plan Rows": 95069,
                              "Plan Width": 0,
                              "Actual Startup Time": 12.828,
                              "Actual Total Time": 12.828,
                              "Actual Rows": 90852,
                              "Actual Loops": 1,
                              "Index Cond": "(kind_id = 2)"
                            }
                          ]
                        }
                      ]
                    }
                  ]
                }
              ]
            }
          ]
        }
      ]
    },
    "Planning Time": 0.319,
    "Triggers": [],
    "Execution Time": 320.195
  }
]