[
  {
    "Plan": {
      "Node Type": "Aggregate",
      "Strategy": "Plain",
      "Partial Mode": "Finalize",
      "Parallel Aware": false,
      "Startup Cost": 382164.72,
      "Total Cost": 382164.73,
      "Plan Rows": 1,
      "Plan Width": 8,
      "Actual Startup Time": 836.589,
      "Actual Total Time": 862.39,
      "Actual Rows": 1,
      "Actual Loops": 1,
      "Plans": [
        {
          "Node Type": "Gather",
          "Parent Relationship": "Outer",
          "Parallel Aware": false,
          "Startup Cost": 382164.09,
          "Total Cost": 382164.7,
          "Plan Rows": 6,
          "Plan Width": 8,
          "Actual Startup Time": 831.251,
          "Actual Total Time": 862.378,
          "Actual Rows": 7,
          "Actual Loops": 1,
          "Workers Planned": 6,
          "Workers Launched": 6,
          "Single Copy": false,
          "Plans": [
            {
              "Node Type": "Aggregate",
              "Strategy": "Plain",
              "Partial Mode": "Partial",
              "Parent Relationship": "Outer",
              "Parallel Aware": false,
              "Startup Cost": 381164.09,
              "Total Cost": 381164.1,
              "Plan Rows": 1,
              "Plan Width": 8,
              "Actual Startup Time": 819.964,
              "Actual Total Time": 819.967,
              "Actual Rows": 1,
              "Actual Loops": 7,
              "Plans": [
                {
                  "Node Type": "Hash Join",
                  "Parent Relationship": "Outer",
                  "Parallel Aware": true,
                  "Join Type": "Inner",
                  "Startup Cost": 46017.56,
                  "Total Cost": 380449.36,
                  "Plan Rows": 285892,
                  "Plan Width": 0,
                  "Actual Startup Time": 136.696,
                  "Actual Total Time": 808.707,
                  "Actual Rows": 234694,
                  "Actual Loops": 7,
                  "Inner Unique": true,
                  "Hash Cond": "(ci.movie_id = t.id)",
                  "Plans": [
                    {
                      "Node Type": "Index Scan",
                      "Parent Relationship": "Outer",
                      "Parallel Aware": true,
                      "Scan Direction": "Forward",
                      "Index Name": "role_id_cast_info",
                      "Relation Name": "cast_info",
                      "Alias": "ci",
                      "Startup Cost": 0.56,
                      "Total Cost": 331632.96,
                      "Plan Rows": 1066443,
                      "Plan Width": 4,
                      "Actual Startup Time": 0.24,
                      "Actual Total Time": 360.787,
                      "Actual Rows": 1226097,
                      "Actual Loops": 7,
                      "Index Cond": "(role_id > 3)",
                      "Rows Removed by Index Recheck": 0,
                      "Filter": "(person_id > 1731928)",
                      "Rows Removed by Filter": 504423
                    },
                    {
                      "Node Type": "Hash",
                      "Parent Relationship": "Inner",
                      "Parallel Aware": true,
                      "Startup Cost": 43898.92,
                      "Total Cost": 43898.92,
                      "Plan Rows": 169446,
                      "Plan Width": 4,
                      "Actual Startup Time": 133.182,
                      "Actual Total Time": 133.183,
                      "Actual Rows": 97735,
                      "Actual Loops": 7,
                      "Hash Buckets": 1048576,
                      "Original Hash Buckets": 1048576,
                      "Hash Batches": 1,
                      "Original Hash Batches": 1,
                      "Peak Memory Usage": 35072,
                      "Plans": [
                        {
                          "Node Type": "Seq Scan",
                          "Parent Relationship": "Outer",
                          "Parallel Aware": true,
                          "Relation Name": "title",
                          "Alias": "t",
                          "Startup Cost": 0.0,
                          "Total Cost": 43898.92,
                          "Plan Rows": 169446,
                          "Plan Width": 4,
                          "Actual Startup Time": 0.038,
                          "Actual Total Time": 80.124,
                          "Actual Rows": 97735,
                          "Actual Loops": 7,
                          "Filter": "(production_year < 1990)",
                          "Rows Removed by Filter": 263452
                        }
                      ]
                    }
                  ]
                }
              ]
            }
          ]
        }
      ]
    },
    "Planning Time": 0.779,
    "Triggers": [],
    "Execution Time": 862.472
  }
]