[
  {
    "Plan": {
      "Node Type": "Aggregate",
      "Strategy": "Plain",
      "Partial Mode": "Finalize",
      "Parallel Aware": false,
      "Startup Cost": 408771.81,
      "Total Cost": 408771.82,
      "Plan Rows": 1,
      "Plan Width": 8,
      "Actual Startup Time": 2143.823,
      "Actual Total Time": 2198.201,
      "Actual Rows": 1,
      "Actual Loops": 1,
      "Plans": [
        {
          "Node Type": "Gather",
          "Parent Relationship": "Outer",
          "Parallel Aware": false,
          "Startup Cost": 408771.19,
          "Total Cost": 408771.8,
          "Plan Rows": 6,
          "Plan Width": 8,
          "Actual Startup Time": 2121.547,
          "Actual Total Time": 2198.185,
          "Actual Rows": 7,
          "Actual Loops": 1,
          "Workers Planned": 6,
          "Workers Launched": 6,
          "Single Copy": false,
          "Plans": [
            {
              "Node Type": "Aggregate",
              "Strategy": "Plain",
              "Partial Mode": "Partial",
              "Parent Relationship": "Outer",
              "Parallel Aware": false,
              "Startup Cost": 407771.19,
              "Total Cost": 407771.2,
              "Plan Rows": 1,
              "Plan Width": 8,
              "Actual Startup Time": 2102.262,
              "Actual Total Time": 2102.267,
              "Actual Rows": 1,
              "Actual Loops": 7,
              "Plans": [
                {
                  "Node Type": "Hash Join",
                  "Parent Relationship": "Outer",
                  "Parallel Aware": true,
                  "Join Type": "Inner",
                  "Startup Cost": 50916.17,
                  "Total Cost": 401567.45,
                  "Plan Rows": 2481494,
                  "Plan Width": 0,
                  "Actual Startup Time": 355.382,
                  "Actual Total Time": 1999.599,
                  "Actual Rows": 2048144,
                  "Actual Loops": 7,
                  "Inner Unique": true,
                  "Hash Cond": "(ci.movie_id = t.id)",
                  "Plans": [
                    {
                      "Node Type": "Seq Scan",
                      "Parent Relationship": "Outer",
                      "Parallel Aware": true,
                      "Relation Name": "cast_info",
                      "Alias": "ci",
                      "Startup Cost": 0.0,
                      "Total Cost": 343316.27,
                      "Plan Rows": 2794285,
                      "Plan Width": 4,
                      "Actual Startup Time": 87.475,
                      "Actual Total Time": 743.508,
                      "Actual Rows": 2221736,
                      "Actual Loops": 7,
                      "Filter": "((person_id > 612555) AND (role_id < 3))",
                      "Rows Removed by Filter": 2956027
                    },
                    {
                      "Node Type": "Hash",
                      "Parent Relationship": "Inner",
                      "Parallel Aware": true,
                      "Startup Cost": 43899.32,
                      "Total Cost": 43899.32,
                      "Plan Rows": 561348,
                      "Plan Width": 4,
                      "Actual Startup Time": 261.566,
                      "Actual Total Time": 261.568,
                      "Actual Rows": 319300,
                      "Actual Loops": 7,
                      "Hash Buckets": 4194304,
                      "Original Hash Buckets": 4194304,
                      "Hash Batches": 1,
                      "Original Hash Batches": 1,
                      "Peak Memory Usage": 120320,
                      "Plans": [
                        {
                          "Node Type": "Seq Scan",
                          "Parent Relationship": "Outer",
                          "Parallel Aware": true,
                          "Relation Name": "title",
                          "Alias": "t",
                          "Startup Cost": 0.0,
                          "Total Cost": 43899.32,
                          "Plan Rows": 561348,
                          "Plan Width": 4,
                          "Actual Startup Time": 0.053,
                          "Actual Total Time": 89.604,
                          "Actual Rows": 319300,
                          "Actual Loops": 7,
                          "Filter": "(production_year > 1957)",
                          "Rows Removed by Filter": 41887
                        }
                      ]
                    }
                  ]
                }
              ]
            }
          ]
        }
      ]
    },
    "Planning Time": 0.328,
    "Triggers": [],
    "Execution Time": 2198.255
  }
]