[
  {
    "Plan": {
      "Node Type": "Aggregate",
      "Strategy": "Plain",
      "Partial Mode": "Finalize",
      "Parallel Aware": false,
      "Startup Cost": 408476.17,
      "Total Cost": 408476.18,
      "Plan Rows": 1,
      "Plan Width": 8,
      "Actual Startup Time": 2070.575,
      "Actual Total Time": 2133.917,
      "Actual Rows": 1,
      "Actual Loops": 1,
      "Plans": [
        {
          "Node Type": "Gather",
          "Parent Relationship": "Outer",
          "Parallel Aware": false,
          "Startup Cost": 408475.55,
          "Total Cost": 408476.16,
          "Plan Rows": 6,
          "Plan Width": 8,
          "Actual Startup Time": 2048.315,
          "Actual Total Time": 2133.901,
          "Actual Rows": 7,
          "Actual Loops": 1,
          "Workers Planned": 6,
          "Workers Launched": 6,
          "Single Copy": false,
          "Plans": [
            {
              "Node Type": "Aggregate",
              "Strategy": "Plain",
              "Partial Mode": "Partial",
              "Parent Relationship": "Outer",
              "Parallel Aware": false,
              "Startup Cost": 407475.55,
              "Total Cost": 407475.56,
              "Plan Rows": 1,
              "Plan Width": 8,
              "Actual Startup Time": 2027.275,
              "Actual Total Time": 2027.279,
              "Actual Rows": 1,
              "Actual Loops": 7,
              "Plans": [
                {
                  "Node Type": "Hash Join",
                  "Parent Relationship": "Outer",
                  "Parallel Aware": true,
                  "Join Type": "Inner",
                  "Startup Cost": 50918.32,
                  "Total Cost": 401379.75,
                  "Plan Rows": 2438318,
                  "Plan Width": 0,
                  "Actual Startup Time": 331.271,
                  "Actual Total Time": 1930.497,
                  "Actual Rows": 2048144,
                  "Actual Loops": 7,
                  "Inner Unique": true,
                  "Hash Cond": "(ci.movie_id = t.id)",
                  "Plans": [
                    {
                      "Node Type": "Seq Scan",
                      "Parent Relationship": "Outer",
                      "Parallel Aware": true,
                      "Relation Name": "cast_info",
                      "Alias": "ci",
                      "Startup Cost": 0.0,
                      "Total Cost": 343257.03,
                      "Plan Rows": 2744532,
                      "Plan Width": 4,
                      "Actual Startup Time": 78.912,
                      "Actual Total Time": 732.436,
                      "Actual Rows": 2221736,
                      "Actual Loops": 7,
                      "Filter": "((person_id > 612555) AND (role_id < 3))",
                      "Rows Removed by Filter": 2956027
                    },
                    {
                      "Node Type": "Hash",
                      "Parent Relationship": "Inner",
                      "Parallel Aware": true,
                      "Startup Cost": 43898.92,
                      "Total Cost": 43898.92,
                      "Plan Rows": 561552,
                      "Plan Width": 4,
                      "Actual Startup Time": 245.18,
                      "Actual Total Time": 245.181,
                      "Actual Rows": 319300,
                      "Actual Loops": 7,
                      "Hash Buckets": 4194304,
                      "Original Hash Buckets": 4194304,
                      "Hash Batches": 1,
                      "Original Hash Batches": 1,
                      "Peak Memory Usage": 120288,
                      "Plans": [
                        {
                          "Node Type": "Seq Scan",
                          "Parent Relationship": "Outer",
                          "Parallel Aware": true,
                          "Relation Name": "title",
                          "Alias": "t",
                          "Startup Cost": 0.0,
                          "Total Cost": 43898.92,
                          "Plan Rows": 561552,
                          "Plan Width": 4,
                          "Actual Startup Time": 0.045,
                          "Actual Total Time": 86.653,
                          "Actual Rows": 319300,
                          "Actual Loops": 7,
                          "Filter": "(production_year > 1957)",
                          "Rows Removed by Filter": 41887
                        }
                      ]
                    }
                  ]
                }
              ]
            }
          ]
        }
      ]
    },
    "Planning Time": 0.684,
    "Triggers": [],
    "Execution Time": 2134.008
  }
]