[
  {
    "Plan": {
      "Node Type": "Aggregate",
      "Strategy": "Plain",
      "Partial Mode": "Finalize",
      "Parallel Aware": false,
      "Startup Cost": 46129.6,
      "Total Cost": 46129.61,
      "Plan Rows": 1,
      "Plan Width": 8,
      "Actual Startup Time": 165.446,
      "Actual Total Time": 174.839,
      "Actual Rows": 1,
      "Actual Loops": 1,
      "Plans": [
        {
          "Node Type": "Gather",
          "Parent Relationship": "Outer",
          "Parallel Aware": false,
          "Startup Cost": 46129.29,
          "Total Cost": 46129.6,
          "Plan Rows": 3,
          "Plan Width": 8,
          "Actual Startup Time": 165.313,
          "Actual Total Time": 174.829,
          "Actual Rows": 4,
          "Actual Loops": 1,
          "Workers Planned": 3,
          "Workers Launched": 3,
          "Single Copy": false,
          "Plans": [
            {
              "Node Type": "Aggregate",
              "Strategy": "Plain",
              "Partial Mode": "Partial",
              "Parent Relationship": "Outer",
              "Parallel Aware": false,
              "Startup Cost": 45129.29,
              "Total Cost": 45129.3,
              "Plan Rows": 1,
              "Plan Width": 8,
              "Actual Startup Time": 159.287,
              "Actual Total Time": 159.288,
              "Actual Rows": 1,
              "Actual Loops": 4,
              "Plans": [
                {
                  "Node Type": "Seq Scan",
                  "Parent Relationship": "Outer",
                  "Parallel Aware": true,
                  "Relation Name": "movie_keyword",
                  "Alias": "mk",
                  "Startup Cost": 0.0,
                  "Total Cost": 42695.65,
                  "Plan Rows": 973453,
                  "Plan Width": 0,
                  "Actual Startup Time": 0.205,
                  "Actual Total Time": 124.899,
                  "Actual Rows": 750383,
                  "Actual Loops": 4,
                  "Filter": "(keyword_id > 2205)",
                  "Rows Removed by Filter": 380600
                }
              ]
            }
          ]
        }
      ]
    },
    "Planning Time": 0.123,
    "Triggers": [],
    "Execution Time": 174.886
  }
]