[
  {
    "Plan": {
      "Node Type": "Aggregate",
      "Strategy": "Plain",
      "Partial Mode": "Finalize",
      "Parallel Aware": false,
      "Startup Cost": 64670.55,
      "Total Cost": 64670.56,
      "Plan Rows": 1,
      "Plan Width": 96,
      "Actual Startup Time": 491.857,
      "Actual Total Time": 503.323,
      "Actual Rows": 1,
      "Actual Loops": 1,
      "Plans": [
        {
          "Node Type": "Gather",
          "Parent Relationship": "Outer",
          "Parallel Aware": false,
          "Startup Cost": 64670.0,
          "Total Cost": 64670.51,
          "Plan Rows": 5,
          "Plan Width": 96,
          "Actual Startup Time": 344.173,
          "Actual Total Time": 503.28,
          "Actual Rows": 6,
          "Actual Loops": 1,
          "Workers Planned": 5,
          "Workers Launched": 5,
          "Single Copy": false,
          "Plans": [
            {
              "Node Type": "Aggregate",
              "Strategy": "Plain",
              "Partial Mode": "Partial",
              "Parent Relationship": "Outer",
              "Parallel Aware": false,
              "Startup Cost": 63670.0,
              "Total Cost": 63670.01,
              "Plan Rows": 1,
              "Plan Width": 96,
              "Actual Startup Time": 351.964,
              "Actual Total Time": 351.981,
              "Actual Rows": 1,
              "Actual Loops": 6,
              "Plans": [
                {
                  "Node Type": "Merge Join",
                  "Parent Relationship": "Outer",
                  "Parallel Aware": false,
                  "Join Type": "Inner",
                  "Startup Cost": 63669.97,
                  "Total Cost": 63669.99,
                  "Plan Rows": 1,
                  "Plan Width": 48,
                  "Actual Startup Time": 351.937,
                  "Actual Total Time": 351.963,
                  "Actual Rows": 41,
                  "Actual Loops": 6,
                  "Inner Unique": true,
                  "Merge Cond": "(ml.link_type_id = lt.id)",
                  "Plans": [
                    {
                      "Node Type": "Sort",
                      "Parent Relationship": "Outer",
                      "Parallel Aware": false,
                      "Startup Cost": 63668.73,
                      "Total Cost": 63668.74,
                      "Plan Rows": 1,
                      "Plan Width": 40,
                      "Actual Startup Time": 351.929,
                      "Actual Total Time": 351.947,
                      "Actual Rows": 41,
                      "Actual Loops": 6,
                      "Sort Key": [
                        "ml.link_type_id"
                      ],
                      "Sort Method": "quicksort",
                      "Sort Space Used": 25,
                      "Sort Space Type": "Memory",
                      "Workers": [
                        {
                          "Worker Number": 0,
                          "Sort Method": "quicksort",
                          "Sort Space Used": 47,
                          "Sort Space Type": "Memory"
                        },
                        {
                          "Worker Number": 1,
                          "Sort Method": "quicksort",
                          "Sort Space Used": 25,
                          "Sort Space Type": "Memory"
                        },
                        {
                          "Worker Number": 2,
                          "Sort Method": "quicksort",
                          "Sort Space Used": 25,
                          "Sort Space Type": "Memory"
                        },
                        {
                          "Worker Number": 3,
                          "Sort Method": "quicksort",
                          "Sort Space Used": 25,
                          "Sort Space Type": "Memory"
                        },
                        {
                          "Worker Number": 4,
                          "Sort Method": "quicksort",
                          "Sort Space Used": 25,
                          "Sort Space Type": "Memory"
                        }
                      ],
                      "Plans": [
                        {
                          "Node Type": "Merge Join",
                          "Parent Relationship": "Outer",
                          "Parallel Aware": false,
                          "Join Type": "Inner",
                          "Startup Cost": 63668.7,
                          "Total Cost": 63668.72,
                          "Plan Rows": 1,
                          "Plan Width": 40,
                          "Actual Startup Time": 351.813,
                          "Actual Total Time": 351.838,
                          "Actual Rows": 41,
                          "Actual Loops": 6,
                          "Inner Unique": true,
                          "Merge Cond": "(mc.company_type_id = ct.id)",
                          "Plans": [
                            {
                              "Node Type": "Sort",
                              "Parent Relationship": "Outer",
                              "Parallel Aware": false,
                              "Startup Cost": 63667.64,
                              "Total Cost": 63667.64,
                              "Plan Rows": 1,
                              "Plan Width": 44,
                              "Actual Startup Time": 351.801,
                              "Actual Total Time": 351.817,
                              "Actual Rows": 41,
                              "Actual Loops": 6,
                              "Sort Key": [
                                "mc.company_type_id"
                              ],
                              "Sort Method": "quicksort",
                              "Sort Space Used": 25,
                              "Sort Space Type": "Memory",
                              "Workers": [
                                {
                                  "Worker Number": 0,
                                  "Sort Method": "quicksort",
                                  "Sort Space Used": 53,
                                  "Sort Space Type": "Memory"
                                },
                                {
                                  "Worker Number": 1,
                                  "Sort Method": "quicksort",
                                  "Sort Space Used": 25,
                                  "Sort Space Type": "Memory"
                                },
                                {
                                  "Worker Number": 2,
                                  "Sort Method": "quicksort",
                                  "Sort Space Used": 25,
                                  "Sort Space Type": "Memory"
                                },
                                {
                                  "Worker Number": 3,
                                  "Sort Method": "quicksort",
                                  "Sort Space Used": 25,
                                  "Sort Space Type": "Memory"
                                },
                                {
                                  "Worker Number": 4,
                                  "Sort Method": "quicksort",
                                  "Sort Space Used": 25,
                                  "Sort Space Type": "Memory"
                                }
                              ],
                              "Plans": [
                                {
                                  "Node Type": "Merge Join",
                                  "Parent Relationship": "Outer",
                                  "Parallel Aware": false,
                                  "Join Type": "Inner",
                                  "Startup Cost": 63476.75,
                                  "Total Cost": 63667.63,
                                  "Plan Rows": 1,
                                  "Plan Width": 44,
                                  "Actual Startup Time": 351.148,
                                  "Actual Total Time": 351.782,
                                  "Actual Rows": 41,
                                  "Actual Loops": 6,
                                  "Inner Unique": true,
                                  "Merge Cond": "(mc.company_id = cn.id)",
                                  "Plans": [
                                    {
                                      "Node Type": "Sort",
                                      "Parent Relationship": "Outer",
                                      "Parallel Aware": false,
                                      "Startup Cost": 53463.28,
                                      "Total Cost": 53463.29,
                                      "Plan Rows": 1,
                                      "Plan Width": 29,
                                      "Actual Startup Time": 330.702,
                                      "Actual Total Time": 330.725,
                                      "Actual Rows": 89,
                                      "Actual Loops": 6,
                                      "Sort Key": [
                                        "mc.company_id"
                                      ],
                                      "Sort Method": "quicksort",
                                      "Sort Space Used": 25,
                                      "Sort Space Type": "Memory",
                                      "Workers": [
                                        {
                                          "Worker Number": 0,
                                          "Sort Method": "quicksort",
                                          "Sort Space Used": 66,
                                          "Sort Space Type": "Memory"
                                        },
                                        {
                                          "Worker Number": 1,
                                          "Sort Method": "quicksort",
                                          "Sort Space Used": 25,
                                          "Sort Space Type": "Memory"
                                        },
                                        {
                                          "Worker Number": 2,
                                          "Sort Method": "quicksort",
                                          "Sort Space Used": 25,
                                          "Sort Space Type": "Memory"
                                        },
                                        {
                                          "Worker Number": 3,
                                          "Sort Method": "quicksort",
                                          "Sort Space Used": 25,
                                          "Sort Space Type": "Memory"
                                        },
                                        {
                                          "Worker Number": 4,
                                          "Sort Method": "quicksort",
                                          "Sort Space Used": 25,
                                          "Sort Space Type": "Memory"
                                        }
                                      ],
                                      "Plans": [
                                        {
                                          "Node Type": "Merge Join",
                                          "Parent Relationship": "Outer",
                                          "Parallel Aware": false,
                                          "Join Type": "Inner",
                                          "Startup Cost": 53463.25,
                                          "Total Cost": 53463.27,
                                          "Plan Rows": 1,
                                          "Plan Width": 29,
                                          "Actual Startup Time": 330.619,
                                          "Actual Total Time": 330.654,
                                          "Actual Rows": 89,
                                          "Actual Loops": 6,
                                          "Inner Unique": true,
                                          "Merge Cond": "(cc.status_id = cct2.id)",
                                          "Plans": [
                                            {
                                              "Node Type": "Sort",
                                              "Parent Relationship": "Outer",
                                              "Parallel Aware": false,
                                              "Startup Cost": 53462.19,
                                              "Total Cost": 53462.19,
                                              "Plan Rows": 1,
                                              "Plan Width": 33,
                                              "Actual Startup Time": 330.615,
                                              "Actual Total Time": 330.632,
                                              "Actual Rows": 89,
                                              "Actual Loops": 6,
                                              "Sort Key": [
                                                "cc.status_id"
                                              ],
                                              "Sort Method": "quicksort",
                                              "Sort Space Used": 25,
                                              "Sort Space Type": "Memory",
                                              "Workers": [
                                                {
                                                  "Worker Number": 0,
                                                  "Sort Method": "quicksort",
                                                  "Sort Space Used": 102,
                                                  "Sort Space Type": "Memory"
                                                },
                                                {
                                                  "Worker Number": 1,
                                                  "Sort Method": "quicksort",
                                                  "Sort Space Used": 25,
                                                  "Sort Space Type": "Memory"
                                                },
                                                {
                                                  "Worker Number": 2,
                                                  "Sort Method": "quicksort",
                                                  "Sort Space Used": 25,
                                                  "Sort Space Type": "Memory"
                                                },
                                                {
                                                  "Worker Number": 3,
                                                  "Sort Method": "quicksort",
                                                  "Sort Space Used": 25,
                                                  "Sort Space Type": "Memory"
                                                },
                                                {
                                                  "Worker Number": 4,
                                                  "Sort Method": "quicksort",
                                                  "Sort Space Used": 25,
                                                  "Sort Space Type": "Memory"
                                                }
                                              ],
                                              "Plans": [
                                                {
                                                  "Node Type": "Merge Join",
                                                  "Parent Relationship": "Outer",
                                                  "Parallel Aware": false,
                                                  "Join Type": "Inner",
                                                  "Startup Cost": 53462.15,
                                                  "Total Cost": 53462.18,
                                                  "Plan Rows": 1,
                                                  "Plan Width": 33,
                                                  "Actual Startup Time": 330.485,
                                                  "Actual Total Time": 330.538,
                                                  "Actual Rows": 165,
                                                  "Actual Loops": 6,
                                                  "Inner Unique": true,
                                                  "Merge Cond": "(cc.subject_id = cct1.id)",
                                                  "Plans": [
                                                    {
                                                      "Node Type": "Sort",
                                                      "Parent Relationship": "Outer",
                                                      "Parallel Aware": false,
                                                      "Startup Cost": 53461.09,
                                                      "Total Cost": 53461.1,
                                                      "Plan Rows": 1,
                                                      "Plan Width": 37,
                                                      "Actual Startup Time": 330.473,
                                                      "Actual Total Time": 330.493,
                                                      "Actual Rows": 165,
                                                      "Actual Loops": 6,
                                                      "Sort Key": [
                                                        "cc.subject_id"
                                                      ],
                                                      "Sort Method": "quicksort",
                                                      "Sort Space Used": 25,
                                                      "Sort Space Type": "Memory",
                                                      "Workers": [
                                                        {
                                                          "Worker Number": 0,
                                                          "Sort Method": "quicksort",
                                                          "Sort Space Used": 102,
                                                          "Sort Space Type": "Memory"
                                                        },
                                                        {
                                                          "Worker Number": 1,
                                                          "Sort Method": "quicksort",
                                                          "Sort Space Used": 25,
                                                          "Sort Space Type": "Memory"
                                                        },
                                                        {
                                                          "Worker Number": 2,
                                                          "Sort Method": "quicksort",
                                                          "Sort Space Used": 25,
                                                          "Sort Space Type": "Memory"
                                                        },
                                                        {
                                                          "Worker Number": 3,
                                                          "Sort Method": "quicksort",
                                                          "Sort Space Used": 25,
                                                          "Sort Space Type": "Memory"
                                                        },
                                                        {
                                                          "Worker Number": 4,
                                                          "Sort Method": "quicksort",
                                                          "Sort Space Used": 25,
                                                          "Sort Space Type": "Memory"
                                                        }
                                                      ],
                                                      "Plans": [
                                                        {
                                                          "Node Type": "Merge Join",
                                                          "Parent Relationship": "Outer",
                                                          "Parallel Aware": false,
                                                          "Join Type": "Inner",
                                                          "Startup Cost": 53455.64,
                                                          "Total Cost": 53461.08,
                                                          "Plan Rows": 1,
                                                          "Plan Width": 37,
                                                          "Actual Startup Time": 330.357,
                                                          "Actual Total Time": 330.411,
                                                          "Actual Rows": 165,
                                                          "Actual Loops": 6,
                                                          "Inner Unique": true,
                                                          "Merge Cond": "(mk.keyword_id = k.id)",
                                                          "Plans": [
                                                            {
                                                              "Node Type": "Sort",
                                                              "Parent Relationship": "Outer",
                                                              "Parallel Aware": false,
                                                              "Startup Cost": 50829.49,
                                                              "Total Cost": 50832.21,
                                                              "Plan Rows": 1088,
                                                              "Plan Width": 41,
                                                              "Actual Startup Time": 326.784,
                                                              "Actual Total Time": 326.85,
                                                              "Actual Rows": 494,
                                                              "Actual Loops": 6,
                                                              "Sort Key": [
                                                                "mk.keyword_id"
                                                              ],
                                                              "Sort Method": "quicksort",
                                                              "Sort Space Used": 25,
                                                              "Sort Space Type": "Memory",
                                                              "Workers": [
                                                                {
                                                                  "Worker Number": 0,
                                                                  "Sort Method": "quicksort",
                                                                  "Sort Space Used": 1055,
                                                                  "Sort Space Type": "Memory"
                                                                },
                                                                {
                                                                  "Worker Number": 1,
                                                                  "Sort Method": "quicksort",
                                                                  "Sort Space Used": 25,
                                                                  "Sort Space Type": "Memory"
                                                                },
                                                                {
                                                                  "Worker Number": 2,
                                                                  "Sort Method": "quicksort",
                                                                  "Sort Space Used": 25,
                                                                  "Sort Space Type": "Memory"
                                                                },
                                                                {
                                                                  "Worker Number": 3,
                                                                  "Sort Method": "quicksort",
                                                                  "Sort Space Used": 25,
                                                                  "Sort Space Type": "Memory"
                                                                },
                                                                {
                                                                  "Worker Number": 4,
                                                                  "Sort Method": "quicksort",
                                                                  "Sort Space Used": 25,
                                                                  "Sort Space Type": "Memory"
                                                                }
                                                              ],
                                                              "Plans": [
                                                                {
                                                                  "Node Type": "Merge Join",
                                                                  "Parent Relationship": "Outer",
                                                                  "Parallel Aware": false,
                                                                  "Join Type": "Inner",
                                                                  "Startup Cost": 27.49,
                                                                  "Total Cost": 50774.61,
                                                                  "Plan Rows": 1088,
                                                                  "Plan Width": 41,
                                                                  "Actual Startup Time": 325.266,
                                                                  "Actual Total Time": 326.224,
                                                                  "Actual Rows": 1431,
                                                                  "Actual Loops": 6,
                                                                  "Inner Unique": false,
                                                                  "Merge Cond": "(ml.movie_id = mk.movie_id)",
                                                                  "Plans": [
                                                                    {
                                                                      "Node Type": "Merge Join",
                                                                      "Parent Relationship": "Outer",
                                                                      "Parallel Aware": false,
                                                                      "Join Type": "Inner",
                                                                      "Startup Cost": 1.31,
                                                                      "Total Cost": 42147.74,
                                                                      "Plan Rows": 43,
                                                                      "Plan Width": 33,
                                                                      "Actual Startup Time": 196.484,
                                                                      "Actual Total Time": 259.33,
                                                                      "Actual Rows": 51,
                                                                      "Actual Loops": 6,
                                                                      "Inner Unique": true,
                                                                      "Merge Cond": "(ml.movie_id = t.id)",
                                                                      "Plans": [
                                                                        {
                                                                          "Node Type": "Merge Join",
                                                                          "Parent Relationship": "Outer",
                                                                          "Parallel Aware": false,
                                                                          "Join Type": "Inner",
                                                                          "Startup Cost": 0.88,
                                                                          "Total Cost": 33592.57,
                                                                          "Plan Rows": 2227,
                                                                          "Plan Width": 12,
                                                                          "Actual Startup Time": 4.648,
                                                                          "Actual Total Time": 94.729,
                                                                          "Actual Rows": 552,
                                                                          "Actual Loops": 6,
                                                                          "Inner Unique": false,
                                                                          "Merge Cond": "(mi.movie_id = ml.movie_id)",
                                                                          "Plans": [
                                                                            {
                                                                              "Node Type": "Index Scan",
                                                                              "Parent Relationship": "Outer",
                                                                              "Parallel Aware": true,
                                                                              "Scan Direction": "Forward",
                                                                              "Index Name": "movie_id_movie_info",
                                                                              "Relation Name": "movie_info",
                                                                              "Alias": "mi",
                                                                              "Startup Cost": 0.43,
                                                                              "Total Cost": 978760.25,
                                                                              "Plan Rows": 27385,
                                                                              "Plan Width": 4,
                                                                              "Actual Startup Time": 0.99,
                                                                              "Actual Total Time": 82.655,
                                                                              "Actual Rows": 590,
                                                                              "Actual Loops": 6,
                                                                              "Filter": "(info = ANY ('{Sweden,Germany,Swedish,German}'::text[]))",
                                                                              "Rows Removed by Filter": 86826
                                                                            },
                                                                            {
                                                                              "Node Type": "Index Scan",
                                                                              "Parent Relationship": "Inner",
                                                                              "Parallel Aware": false,
                                                                              "Scan Direction": "Forward",
                                                                              "Index Name": "movie_id_movie_link",
                                                                              "Relation Name": "movie_link",
                                                                              "Alias": "ml",
                                                                              "Startup Cost": 0.29,
                                                                              "Total Cost": 1111.51,
                                                                              "Plan Rows": 29997,
                                                                              "Plan Width": 8,
                                                                              "Actual Startup Time": 0.115,
                                                                              "Actual Total Time": 9.021,
                                                                              "Actual Rows": 30249,
                                                                              "Actual Loops": 6
                                                                            }
                                                                          ]
                                                                        },
                                                                        {
                                                                          "Node Type": "Index Scan",
                                                                          "Parent Relationship": "Inner",
                                                                          "Parallel Aware": false,
                                                                          "Scan Direction": "Forward",
                                                                          "Index Name": "title_pkey",
                                                                          "Relation Name": "title",
                                                                          "Alias": "t",
                                                                          "Startup Cost": 0.43,
                                                                          "Total Cost": 116669.5,
                                                                          "Plan Rows": 48964,
                                                                          "Plan Width": 21,
                                                                          "Actual Startup Time": 6.998,
                                                                          "Actual Total Time": 164.17,
                                                                          "Actual Rows": 3526,
                                                                          "Actual Loops": 6,
                                                                          "Filter": "(production_year = 1998)",
                                                                          "Rows Removed by Filter": 148792
                                                                        }
                                                                      ]
                                                                    },
                                                                    {
                                                                      "Node Type": "Materialize",
                                                                      "Parent Relationship": "Inner",
                                                                      "Parallel Aware": false,
                                                                      "Startup Cost": 26.18,
                                                                      "Total Cost": 384714.78,
                                                                      "Plan Rows": 3277111,
                                                                      "Plan Width": 32,
                                                                      "Actual Startup Time": 0.781,
                                                                      "Actual Total Time": 64.529,
                                                                      "Actual Rows": 16398,
                                                                      "Actual Loops": 6,
                                                                      "Plans": [
                                                                        {
                                                                          "Node Type": "Merge Join",
                                                                          "Parent Relationship": "Outer",
                                                                          "Parallel Aware": false,
                                                                          "Join Type": "Inner",
                                                                          "Startup Cost": 26.18,
                                                                          "Total Cost": 376522.01,
                                                                          "Plan Rows": 3277111,
                                                                          "Plan Width": 32,
                                                                          "Actual Startup Time": 0.76,
                                                                          "Actual Total Time": 58.609,
                                                                          "Actual Rows": 14993,
                                                                          "Actual Loops": 6,
                                                                          "Inner Unique": false,
                                                                          "Merge Cond": "(mc.movie_id = mk.movie_id)",
                                                                          "Plans": [
                                                                            {
                                                                              "Node Type": "Merge Join",
                                                                              "Parent Relationship": "Outer",
                                                                              "Parallel Aware": false,
                                                                              "Join Type": "Inner",
                                                                              "Startup Cost": 8.56,
                                                                              "Total Cost": 154439.3,
                                                                              "Plan Rows": 352510,
                                                                              "Plan Width": 24,
                                                                              "Actual Startup Time": 0.443,
                                                                              "Actual Total Time": 33.224,
                                                                              "Actual Rows": 3579,
                                                                              "Actual Loops": 6,
                                                                              "Inner Unique": false,
                                                                              "Merge Cond": "(cc.movie_id = mc.movie_id)",
                                                                              "Plans": [
                                                                                {
                                                                                  "Node Type": "Index Scan",
                                                                                  "Parent Relationship": "Outer",
                                                                                  "Parallel Aware": false,
                                                                                  "Scan Direction": "Forward",
                                                                                  "Index Name": "movie_id_complete_cast",
                                                                                  "Relation Name": "complete_cast",
                                                                                  "Alias": "cc",
                                                                                  "Startup Cost": 0.42,
                                                                                  "Total Cost": 6657.11,
                                                                                  "Plan Rows": 135086,
                                                                                  "Plan Width": 12,
                                                                                  "Actual Startup Time": 0.06,
                                                                                  "Actual Total Time": 2.611,
                                                                                  "Actual Rows": 3861,
                                                                                  "Actual Loops": 6
                                                                                },
                                                                                {
                                                                                  "Node Type": "Index Scan",
                                                                                  "Parent Relationship": "Inner",
                                                                                  "Parallel Aware": false,
                                                                                  "Scan Direction": "Forward",
                                                                                  "Index Name": "movie_id_movie_companies",
                                                                                  "Relation Name": "movie_companies",
                                                                                  "Alias": "mc",
                                                                                  "Startup Cost": 0.43,
                                                                                  "Total Cost": 140880.84,
                                                                                  "Plan Rows": 1269863,
                                                                                  "Plan Width": 12,
                                                                                  "Actual Startup Time": 0.066,
                                                                                  "Actual Total Time": 27.264,
                                                                                  "Actual Rows": 28567,
                                                                                  "Actual Loops": 6,
                                                                                  "Filter": "(note IS NULL)",
                                                                                  "Rows Removed by Filter": 31295
                                                                                }
                                                                              ]
                                                                            },
                                                                            {
                                                                              "Node Type": "Index Scan",
                                                                              "Parent Relationship": "Inner",
                                                                              "Parallel Aware": false,
                                                                              "Scan Direction": "Forward",
                                                                              "Index Name": "movie_id_movie_keyword",
                                                                              "Relation Name": "movie_keyword",
                                                                              "Alias": "mk",
                                                                              "Startup Cost": 0.43,
                                                                              "Total Cost": 177156.82,
                                                                              "Plan Rows": 4523930,
                                                                              "Plan Width": 8,
                                                                              "Actual Startup Time": 0.056,
                                                                              "Actual Total Time": 17.259,
                                                                              "Actual Rows": 65111,
                                                                              "Actual Loops": 6
                                                                            }
                                                                          ]
                                                                        }
                                                                      ]
                                                                    }
                                                                  ]
                                                                }
                                                              ]
                                                            },
                                                            {
                                                              "Node Type": "Sort",
                                                              "Parent Relationship": "Inner",
                                                              "Parallel Aware": false,
                                                              "Startup Cost": 2626.14,
                                                              "Total Cost": 2626.14,
                                                              "Plan Rows": 1,
                                                              "Plan Width": 4,
                                                              "Actual Startup Time": 20.915,
                                                              "Actual Total Time": 20.916,
                                                              "Actual Rows": 1,
                                                              "Actual Loops": 1,
                                                              "Sort Key": [
                                                                "k.id"
                                                              ],
                                                              "Workers": [
                                                                {
                                                                  "Worker Number": 0,
                                                                  "Sort Method": "quicksort",
                                                                  "Sort Space Used": 25,
                                                                  "Sort Space Type": "Memory"
                                                                }
                                                              ],
                                                              "Plans": [
                                                                {
                                                                  "Node Type": "Seq Scan",
                                                                  "Parent Relationship": "Outer",
                                                                  "Parallel Aware": false,
                                                                  "Relation Name": "keyword",
                                                                  "Alias": "k",
                                                                  "Startup Cost": 0.0,
                                                                  "Total Cost": 2626.12,
                                                                  "Plan Rows": 1,
                                                                  "Plan Width": 4,
                                                                  "Actual Startup Time": 1.352,
                                                                  "Actual Total Time": 20.899,
                                                                  "Actual Rows": 1,
                                                                  "Actual Loops": 1,
                                                                  "Filter": "(keyword = 'sequel'::text)",
                                                                  "Rows Removed by Filter": 134169
                                                                }
                                                              ]
                                                            }
                                                          ]
                                                        }
                                                      ]
                                                    },
                                                    {
                                                      "Node Type": "Sort",
                                                      "Parent Relationship": "Inner",
                                                      "Parallel Aware": false,
                                                      "Startup Cost": 1.06,
                                                      "Total Cost": 1.06,
                                                      "Plan Rows": 2,
                                                      "Plan Width": 4,
                                                      "Actual Startup Time": 0.054,
                                                      "Actual Total Time": 0.055,
                                                      "Actual Rows": 2,
                                                      "Actual Loops": 1,
                                                      "Sort Key": [
                                                        "cct1.id"
                                                      ],
                                                      "Workers": [
                                                        {
                                                          "Worker Number": 0,
                                                          "Sort Method": "quicksort",
                                                          "Sort Space Used": 25,
                                                          "Sort Space Type": "Memory"
                                                        }
                                                      ],
                                                      "Plans": [
                                                        {
                                                          "Node Type": "Seq Scan",
                                                          "Parent Relationship": "Outer",
                                                          "Parallel Aware": false,
                                                          "Relation Name": "comp_cast_type",
                                                          "Alias": "cct1",
                                                          "Startup Cost": 0.0,
                                                          "Total Cost": 1.05,
                                                          "Plan Rows": 2,
                                                          "Plan Width": 4,
                                                          "Actual Startup Time": 0.037,
                                                          "Actual Total Time": 0.038,
                                                          "Actual Rows": 2,
                                                          "Actual Loops": 1,
                                                          "Filter": "((kind)::text = ANY ('{cast,crew}'::text[]))",
                                                          "Rows Removed by Filter": 2
                                                        }
                                                      ]
                                                    }
                                                  ]
                                                }
                                              ]
                                            },
                                            {
                                              "Node Type": "Sort",
                                              "Parent Relationship": "Inner",
                                              "Parallel Aware": false,
                                              "Startup Cost": 1.06,
                                              "Total Cost": 1.06,
                                              "Plan Rows": 1,
                                              "Plan Width": 4,
                                              "Actual Startup Time": 0.018,
                                              "Actual Total Time": 0.019,
                                              "Actual Rows": 1,
                                              "Actual Loops": 1,
                                              "Sort Key": [
                                                "cct2.id"
                                              ],
                                              "Workers": [
                                                {
                                                  "Worker Number": 0,
                                                  "Sort Method": "quicksort",
                                                  "Sort Space Used": 25,
                                                  "Sort Space Type": "Memory"
                                                }
                                              ],
                                              "Plans": [
                                                {
                                                  "Node Type": "Seq Scan",
                                                  "Parent Relationship": "Outer",
                                                  "Parallel Aware": false,
                                                  "Relation Name": "comp_cast_type",
                                                  "Alias": "cct2",
                                                  "Startup Cost": 0.0,
                                                  "Total Cost": 1.05,
                                                  "Plan Rows": 1,
                                                  "Plan Width": 4,
                                                  "Actual Startup Time": 0.005,
                                                  "Actual Total Time": 0.005,
                                                  "Actual Rows": 1,
                                                  "Actual Loops": 1,
                                                  "Filter": "((kind)::text = 'complete'::text)",
                                                  "Rows Removed by Filter": 3
                                                }
                                              ]
                                            }
                                          ]
                                        }
                                      ]
                                    },
                                    {
                                      "Node Type": "Sort",
                                      "Parent Relationship": "Inner",
                                      "Parallel Aware": false,
                                      "Startup Cost": 10013.46,
                                      "Total Cost": 10108.93,
                                      "Plan Rows": 38185,
                                      "Plan Width": 23,
                                      "Actual Startup Time": 122.562,
                                      "Actual Total Time": 124.482,
                                      "Actual Rows": 14127,
                                      "Actual Loops": 1,
                                      "Sort Key": [
                                        "cn.id"
                                      ],
                                      "Workers": [
                                        {
                                          "Worker Number": 0,
                                          "Sort Method": "quicksort",
                                          "Sort Space Used": 5023,
                                          "Sort Space Type": "Memory"
                                        }
                                      ],
                                      "Plans": [
                                        {
                                          "Node Type": "Seq Scan",
                                          "Parent Relationship": "Outer",
                                          "Parallel Aware": false,
                                          "Relation Name": "company_name",
                                          "Alias": "cn",
                                          "Startup Cost": 0.0,
                                          "Total Cost": 7107.45,
                                          "Plan Rows": 38185,
                                          "Plan Width": 23,
                                          "Actual Startup Time": 0.042,
                                          "Actual Total Time": 98.377,
                                          "Actual Rows": 48302,
                                          "Actual Loops": 1,
                                          "Filter": "(((country_code)::text <> '[pl]'::text) AND ((name ~~ '%Film%'::text) OR (name ~~ '%Warner%'::text)))",
                                          "Rows Removed by Filter": 186695
                                        }
                                      ]
                                    }
                                  ]
                                }
                              ]
                            },
                            {
                              "Node Type": "Sort",
                              "Parent Relationship": "Inner",
                              "Parallel Aware": false,
                              "Startup Cost": 1.06,
                              "Total Cost": 1.06,
                              "Plan Rows": 1,
                              "Plan Width": 4,
                              "Actual Startup Time": 0.065,
                              "Actual Total Time": 0.066,
                              "Actual Rows": 1,
                              "Actual Loops": 1,
                              "Sort Key": [
                                "ct.id"
                              ],
                              "Workers": [
                                {
                                  "Worker Number": 0,
                                  "Sort Method": "quicksort",
                                  "Sort Space Used": 25,
                                  "Sort Space Type": "Memory"
                                }
                              ],
                              "Plans": [
                                {
                                  "Node Type": "Seq Scan",
                                  "Parent Relationship": "Outer",
                                  "Parallel Aware": false,
                                  "Relation Name": "company_type",
                                  "Alias": "ct",
                                  "Startup Cost": 0.0,
                                  "Total Cost": 1.05,
                                  "Plan Rows": 1,
                                  "Plan Width": 4,
                                  "Actual Startup Time": 0.055,
                                  "Actual Total Time": 0.056,
                                  "Actual Rows": 1,
                                  "Actual Loops": 1,
                                  "Filter": "((kind)::text = 'production companies'::text)",
                                  "Rows Removed by Filter": 3
                                }
                              ]
                            }
                          ]
                        }
                      ]
                    },
                    {
                      "Node Type": "Sort",
                      "Parent Relationship": "Inner",
                      "Parallel Aware": false,
                      "Startup Cost": 1.24,
                      "Total Cost": 1.24,
                      "Plan Rows": 1,
                      "Plan Width": 16,
                      "Actual Startup Time": 0.034,
                      "Actual Total Time": 0.035,
                      "Actual Rows": 2,
                      "Actual Loops": 1,
                      "Sort Key": [
                        "lt.id"
                      ],
                      "Workers": [
                        {
                          "Worker Number": 0,
                          "Sort Method": "quicksort",
                          "Sort Space Used": 25,
                          "Sort Space Type": "Memory"
                        }
                      ],
                      "Plans": [
                        {
                          "Node Type": "Seq Scan",
                          "Parent Relationship": "Outer",
                          "Parallel Aware": false,
                          "Relation Name": "link_type",
                          "Alias": "lt",
                          "Startup Cost": 0.0,
                          "Total Cost": 1.23,
                          "Plan Rows": 1,
                          "Plan Width": 16,
                          "Actual Startup Time": 0.028,
                          "Actual Total Time": 0.031,
                          "Actual Rows": 2,
                          "Actual Loops": 1,
                          "Filter": "((link)::text ~~ '%follow%'::text)",
                          "Rows Removed by Filter": 16
                        }
                      ]
                    }
                  ]
                }
              ]
            }
          ]
        }
      ]
    },
    "Planning Time": 153.615,
    "Triggers": [],
    "Execution Time": 504.123
  }
]