[
  {
    "Plan": {
      "Node Type": "Aggregate",
      "Strategy": "Plain",
      "Partial Mode": "Finalize",
      "Parallel Aware": false,
      "Startup Cost": 351239.84,
      "Total Cost": 351239.85,
      "Plan Rows": 1,
      "Plan Width": 8,
      "Actual Startup Time": 452.279,
      "Actual Total Time": 525.697,
      "Actual Rows": 1,
      "Actual Loops": 1,
      "Plans": [
        {
          "Node Type": "Gather",
          "Parent Relationship": "Outer",
          "Parallel Aware": false,
          "Startup Cost": 351239.42,
          "Total Cost": 351239.83,
          "Plan Rows": 4,
          "Plan Width": 8,
          "Actual Startup Time": 452.025,
          "Actual Total Time": 525.686,
          "Actual Rows": 5,
          "Actual Loops": 1,
          "Workers Planned": 4,
          "Workers Launched": 4,
          "Single Copy": false,
          "Plans": [
            {
              "Node Type": "Aggregate",
              "Strategy": "Plain",
              "Partial Mode": "Partial",
              "Parent Relationship": "Outer",
              "Parallel Aware": false,
              "Startup Cost": 350239.42,
              "Total Cost": 350239.43,
              "Plan Rows": 1,
              "Plan Width": 8,
              "Actual Startup Time": 441.998,
              "Actual Total Time": 442.0,
              "Actual Rows": 1,
              "Actual Loops": 5,
              "Plans": [
                {
                  "Node Type": "Nested Loop",
                  "Parent Relationship": "Outer",
                  "Parallel Aware": false,
                  "Join Type": "Inner",
                  "Startup Cost": 0.56,
                  "Total Cost": 350068.35,
                  "Plan Rows": 68429,
                  "Plan Width": 0,
                  "Actual Startup Time": 46.575,
                  "Actual Total Time": 436.917,
                  "Actual Rows": 70822,
                  "Actual Loops": 5,
                  "Inner Unique": false,
                  "Plans": [
                    {
                      "Node Type": "Seq Scan",
                      "Parent Relationship": "Outer",
                      "Parallel Aware": true,
                      "Relation Name": "title",
                      "Alias": "t",
                      "Startup Cost": 0.0,
                      "Total Cost": 45479.1,
                      "Plan Rows": 10557,
                      "Plan Width": 4,
                      "Actual Startup Time": 46.21,
                      "Actual Total Time": 87.037,
                      "Actual Rows": 7912,
                      "Actual Loops": 5,
                      "Filter": "((kind_id = 1) AND (production_year = 2012))",
                      "Rows Removed by Filter": 497750
                    },
                    {
                      "Node Type": "Index Scan",
                      "Parent Relationship": "Inner",
                      "Parallel Aware": false,
                      "Scan Direction": "Forward",
                      "Index Name": "movie_id_cast_info",
                      "Relation Name": "cast_info",
                      "Alias": "ci",
                      "Startup Cost": 0.56,
                      "Total Cost": 28.68,
                      "Plan Rows": 17,
                      "Plan Width": 4,
                      "Actual Startup Time": 0.026,
                      "Actual Total Time": 0.043,
                      "Actual Rows": 9,
                      "Actual Loops": 39560,
                      "Index Cond": "(movie_id = t.id)",
                      "Rows Removed by Index Recheck": 0,
                      "Filter": "(role_id > 2)",
                      "Rows Removed by Filter": 7
                    }
                  ]
                }
              ]
            }
          ]
        }
      ]
    },
    "Planning Time": 0.71,
    "Triggers": [],
    "Execution Time": 525.836
  }
]