[
  {
    "Plan": {
      "Node Type": "Aggregate",
      "Strategy": "Plain",
      "Partial Mode": "Finalize",
      "Parallel Aware": false,
      "Startup Cost": 347612.08,
      "Total Cost": 347612.09,
      "Plan Rows": 1,
      "Plan Width": 8,
      "Actual Startup Time": 769.299,
      "Actual Total Time": 832.108,
      "Actual Rows": 1,
      "Actual Loops": 1,
      "Plans": [
        {
          "Node Type": "Gather",
          "Parent Relationship": "Outer",
          "Parallel Aware": false,
          "Startup Cost": 347611.45,
          "Total Cost": 347612.06,
          "Plan Rows": 6,
          "Plan Width": 8,
          "Actual Startup Time": 769.164,
          "Actual Total Time": 832.096,
          "Actual Rows": 7,
          "Actual Loops": 1,
          "Workers Planned": 6,
          "Workers Launched": 6,
          "Single Copy": false,
          "Plans": [
            {
              "Node Type": "Aggregate",
              "Strategy": "Plain",
              "Partial Mode": "Partial",
              "Parent Relationship": "Outer",
              "Parallel Aware": false,
              "Startup Cost": 346611.45,
              "Total Cost": 346611.46,
              "Plan Rows": 1,
              "Plan Width": 8,
              "Actual Startup Time": 758.504,
              "Actual Total Time": 758.505,
              "Actual Rows": 1,
              "Actual Loops": 7,
              "Plans": [
                {
                  "Node Type": "Seq Scan",
                  "Parent Relationship": "Outer",
                  "Parallel Aware": true,
                  "Relation Name": "cast_info",
                  "Alias": "ci",
                  "Startup Cost": 0.0,
                  "Total Cost": 343257.03,
                  "Plan Rows": 1341769,
                  "Plan Width": 0,
                  "Actual Startup Time": 318.451,
                  "Actual Total Time": 728.873,
                  "Actual Rows": 566254,
                  "Actual Loops": 7,
                  "Filter": "((person_id > 2188327) AND (role_id < 3))",
                  "Rows Removed by Filter": 4611509
                }
              ]
            }
          ]
        }
      ]
    },
    "Planning Time": 0.224,
    "Triggers": [],
    "Execution Time": 832.184
  }
]