[
  {
    "Plan": {
      "Node Type": "Aggregate",
      "Strategy": "Plain",
      "Partial Mode": "Finalize",
      "Parallel Aware": false,
      "Startup Cost": 45667.39,
      "Total Cost": 45667.4,
      "Plan Rows": 1,
      "Plan Width": 8,
      "Actual Startup Time": 93.422,
      "Actual Total Time": 105.523,
      "Actual Rows": 1,
      "Actual Loops": 1,
      "Plans": [
        {
          "Node Type": "Gather",
          "Parent Relationship": "Outer",
          "Parallel Aware": false,
          "Startup Cost": 45666.97,
          "Total Cost": 45667.38,
          "Plan Rows": 4,
          "Plan Width": 8,
          "Actual Startup Time": 93.284,
          "Actual Total Time": 105.515,
          "Actual Rows": 5,
          "Actual Loops": 1,
          "Workers Planned": 4,
          "Workers Launched": 4,
          "Single Copy": false,
          "Plans": [
            {
              "Node Type": "Aggregate",
              "Strategy": "Plain",
              "Partial Mode": "Partial",
              "Parent Relationship": "Outer",
              "Parallel Aware": false,
              "Startup Cost": 44666.97,
              "Total Cost": 44666.98,
              "Plan Rows": 1,
              "Plan Width": 8,
              "Actual Startup Time": 83.748,
              "Actual Total Time": 83.75,
              "Actual Rows": 1,
              "Actual Loops": 5,
              "Plans": [
                {
                  "Node Type": "Nested Loop",
                  "Parent Relationship": "Outer",
                  "Parallel Aware": false,
                  "Join Type": "Inner",
                  "Startup Cost": 0.56,
                  "Total Cost": 44666.8,
                  "Plan Rows": 68,
                  "Plan Width": 0,
                  "Actual Startup Time": 57.453,
                  "Actual Total Time": 83.733,
                  "Actual Rows": 46,
                  "Actual Loops": 5,
                  "Inner Unique": false,
                  "Plans": [
                    {
                      "Node Type": "Seq Scan",
                      "Parent Relationship": "Outer",
                      "Parallel Aware": true,
                      "Relation Name": "title",
                      "Alias": "t",
                      "Startup Cost": 0.0,
                      "Total Cost": 43898.92,
                      "Plan Rows": 5,
                      "Plan Width": 4,
                      "Actual Startup Time": 57.341,
                      "Actual Total Time": 82.815,
                      "Actual Rows": 7,
                      "Actual Loops": 5,
                      "Filter": "(production_year > 2015)",
                      "Rows Removed by Filter": 505655
                    },
                    {
                      "Node Type": "Index Only Scan",
                      "Parent Relationship": "Inner",
                      "Parallel Aware": false,
                      "Scan Direction": "Forward",
                      "Index Name": "movie_id_cast_info",
                      "Relation Name": "cast_info",
                      "Alias": "ci",
                      "Startup Cost": 0.56,
                      "Total Cost": 153.21,
                      "Plan Rows": 37,
                      "Plan Width": 4,
                      "Actual Startup Time": 0.052,
                      "Actual Total Time": 0.12,
                      "Actual Rows": 6,
                      "Actual Loops": 37,
                      "Index Cond": "(movie_id = t.id)",
                      "Rows Removed by Index Recheck": 0,
                      "Heap Fetches": 229
                    }
                  ]
                }
              ]
            }
          ]
        }
      ]
    },
    "Planning Time": 0.585,
    "Triggers": [],
    "Execution Time": 105.595
  }
]