[
  {
    "Plan": {
      "Node Type": "Aggregate",
      "Strategy": "Plain",
      "Partial Mode": "Finalize",
      "Parallel Aware": false,
      "Startup Cost": 75793.91,
      "Total Cost": 75793.92,
      "Plan Rows": 1,
      "Plan Width": 8,
      "Actual Startup Time": 168.019,
      "Actual Total Time": 179.998,
      "Actual Rows": 1,
      "Actual Loops": 1,
      "Plans": [
        {
          "Node Type": "Gather",
          "Parent Relationship": "Outer",
          "Parallel Aware": false,
          "Startup Cost": 75793.59,
          "Total Cost": 75793.9,
          "Plan Rows": 3,
          "Plan Width": 8,
          "Actual Startup Time": 167.716,
          "Actual Total Time": 179.99,
          "Actual Rows": 4,
          "Actual Loops": 1,
          "Workers Planned": 3,
          "Workers Launched": 3,
          "Single Copy": false,
          "Plans": [
            {
              "Node Type": "Aggregate",
              "Strategy": "Plain",
              "Partial Mode": "Partial",
              "Parent Relationship": "Outer",
              "Parallel Aware": false,
              "Startup Cost": 74793.59,
              "Total Cost": 74793.6,
              "Plan Rows": 1,
              "Plan Width": 8,
              "Actual Startup Time": 162.37,
              "Actual Total Time": 162.374,
              "Actual Rows": 1,
              "Actual Loops": 4,
              "Plans": [
                {
                  "Node Type": "Hash Join",
                  "Parent Relationship": "Outer",
                  "Parallel Aware": true,
                  "Join Type": "Inner",
                  "Startup Cost": 49453.8,
                  "Total Cost": 74791.18,
                  "Plan Rows": 965,
                  "Plan Width": 0,
                  "Actual Startup Time": 114.985,
                  "Actual Total Time": 162.241,
                  "Actual Rows": 1091,
                  "Actual Loops": 4,
                  "Inner Unique": true,
                  "Hash Cond": "(mk.movie_id = t.id)",
                  "Plans": [
                    {
                      "Node Type": "Bitmap Heap Scan",
                      "Parent Relationship": "Outer",
                      "Parallel Aware": true,
                      "Relation Name": "movie_keyword",
                      "Alias": "mk",
                      "Startup Cost": 3843.62,
                      "Total Cost": 29027.69,
                      "Plan Rows": 58405,
                      "Plan Width": 4,
                      "Actual Startup Time": 21.43,
                      "Actual Total Time": 60.92,
                      "Actual Rows": 46927,
                      "Actual Loops": 4,
                      "Recheck Cond": "(keyword_id > 71399)",
                      "Rows Removed by Index Recheck": 0,
                      "Exact Heap Blocks": 4955,
                      "Lossy Heap Blocks": 0,
                      "Plans": [
                        {
                          "Node Type": "Bitmap Index Scan",
                          "Parent Relationship": "Outer",
                          "Parallel Aware": false,
                          "Index Name": "keyword_id_movie_keyword",
                          "Startup Cost": 0.0,
                          "Total Cost": 3798.36,
                          "Plan Rows": 181057,
                          "Plan Width": 0,
                          "Actual Startup Time": 16.767,
                          "Actual Total Time": 16.768,
                          "Actual Rows": 187709,
                          "Actual Loops": 1,
                          "Index Cond": "(keyword_id > 71399)"
                        }
                      ]
                    },
                    {
                      "Node Type": "Hash",
                      "Parent Relationship": "Inner",
                      "Parallel Aware": true,
                      "Startup Cost": 45479.59,
                      "Total Cost": 45479.59,
                      "Plan Rows": 10447,
                      "Plan Width": 4,
                      "Actual Startup Time": 92.521,
                      "Actual Total Time": 92.522,
                      "Actual Rows": 9890,
                      "Actual Loops": 4,
                      "Hash Buckets": 65536,
                      "Original Hash Buckets": 65536,
                      "Hash Batches": 1,
                      "Original Hash Batches": 1,
                      "Peak Memory Usage": 2144,
                      "Plans": [
                        {
                          "Node Type": "Seq Scan",
                          "Parent Relationship": "Outer",
                          "Parallel Aware": true,
                          "Relation Name": "title",
                          "Alias": "t",
                          "Startup Cost": 0.0,
                          "Total Cost": 45479.59,
                          "Plan Rows": 10447,
                          "Plan Width": 4,
                          "Actual Startup Time": 39.168,
                          "Actual Total Time": 88.841,
                          "Actual Rows": 9890,
                          "Actual Loops": 4,
                          "Filter": "((kind_id = 1) AND (production_year = 2012))",
                          "Rows Removed by Filter": 622188
                        }
                      ]
                    }
                  ]
                }
              ]
            }
          ]
        }
      ]
    },
    "Planning Time": 0.431,
    "Triggers": [],
    "Execution Time": 180.053
  }
]