[
  {
    "Plan": {
      "Node Type": "Aggregate",
      "Strategy": "Plain",
      "Partial Mode": "Finalize",
      "Parallel Aware": false,
      "Startup Cost": 31739.59,
      "Total Cost": 31739.6,
      "Plan Rows": 1,
      "Plan Width": 8,
      "Actual Startup Time": 85.626,
      "Actual Total Time": 92.602,
      "Actual Rows": 1,
      "Actual Loops": 1,
      "Plans": [
        {
          "Node Type": "Gather",
          "Parent Relationship": "Outer",
          "Parallel Aware": false,
          "Startup Cost": 31739.28,
          "Total Cost": 31739.59,
          "Plan Rows": 3,
          "Plan Width": 8,
          "Actual Startup Time": 85.371,
          "Actual Total Time": 92.593,
          "Actual Rows": 4,
          "Actual Loops": 1,
          "Workers Planned": 3,
          "Workers Launched": 3,
          "Single Copy": false,
          "Plans": [
            {
              "Node Type": "Aggregate",
              "Strategy": "Plain",
              "Partial Mode": "Partial",
              "Parent Relationship": "Outer",
              "Parallel Aware": false,
              "Startup Cost": 30739.28,
              "Total Cost": 30739.29,
              "Plan Rows": 1,
              "Plan Width": 8,
              "Actual Startup Time": 78.332,
              "Actual Total Time": 78.334,
              "Actual Rows": 1,
              "Actual Loops": 4,
              "Plans": [
                {
                  "Node Type": "Bitmap Heap Scan",
                  "Parent Relationship": "Outer",
                  "Parallel Aware": true,
                  "Relation Name": "movie_companies",
                  "Alias": "mc",
                  "Startup Cost": 9613.97,
                  "Total Cost": 30563.31,
                  "Plan Rows": 70385,
                  "Plan Width": 0,
                  "Actual Startup Time": 20.247,
                  "Actual Total Time": 72.689,
                  "Actual Rows": 83536,
                  "Actual Loops": 4,
                  "Recheck Cond": "(company_id < 329)",
                  "Rows Removed by Index Recheck": 0,
                  "Filter": "(company_type_id = 1)",
                  "Rows Removed by Filter": 26293,
                  "Exact Heap Blocks": 8647,
                  "Lossy Heap Blocks": 0,
                  "Plans": [
                    {
                      "Node Type": "Bitmap Index Scan",
                      "Parent Relationship": "Outer",
                      "Parallel Aware": false,
                      "Index Name": "company_id_movie_companies",
                      "Startup Cost": 0.0,
                      "Total Cost": 9559.42,
                      "Plan Rows": 446265,
                      "Plan Width": 0,
                      "Actual Startup Time": 24.013,
                      "Actual Total Time": 24.013,
                      "Actual Rows": 439315,
                      "Actual Loops": 1,
                      "Index Cond": "(company_id < 329)"
                    }
                  ]
                }
              ]
            }
          ]
        }
      ]
    },
    "Planning Time": 0.246,
    "Triggers": [],
    "Execution Time": 92.677
  }
]