{
    "Plan": {
        "Node Type": "Aggregate",
        "Strategy": "Plain",
        "Partial Mode": "Finalize",
        "Parallel Aware": false,
        "Startup Cost": 252853.7,
        "Total Cost": 252853.71,
        "Plan Rows": 1,
        "Plan Width": 8,
        "Actual Startup Time": 540.399,
        "Actual Total Time": 566.122,
        "Actual Rows": 1,
        "Actual Loops": 1,
        "Output": [
            "count(*)"
        ],
        "Plans": [
            {
                "Node Type": "Gather",
                "Parent Relationship": "Outer",
                "Parallel Aware": false,
                "Startup Cost": 252853.08,
                "Total Cost": 252853.69,
                "Plan Rows": 6,
                "Plan Width": 8,
                "Actual Startup Time": 526.128,
                "Actual Total Time": 566.109,
                "Actual Rows": 7,
                "Actual Loops": 1,
                "Output": [
                    "(PARTIAL count(*))"
                ],
                "Workers Planned": 6,
                "Workers Launched": 6,
                "Single Copy": false,
                "Plans": [
                    {
                        "Node Type": "Aggregate",
                        "Strategy": "Plain",
                        "Partial Mode": "Partial",
                        "Parent Relationship": "Outer",
                        "Parallel Aware": false,
                        "Startup Cost": 251853.08,
                        "Total Cost": 251853.09,
                        "Plan Rows": 1,
                        "Plan Width": 8,
                        "Actual Startup Time": 504.367,
                        "Actual Total Time": 504.371,
                        "Actual Rows": 1,
                        "Actual Loops": 7,
                        "Output": [
                            "PARTIAL count(*)"
                        ],
                        "Workers": [
                            {
                                "Worker Number": 0,
                                "Actual Startup Time": 499.849,
                                "Actual Total Time": 499.853,
                                "Actual Rows": 1,
                                "Actual Loops": 1
                            },
                            {
                                "Worker Number": 1,
                                "Actual Startup Time": 505.848,
                                "Actual Total Time": 505.852,
                                "Actual Rows": 1,
                                "Actual Loops": 1
                            },
                            {
                                "Worker Number": 2,
                                "Actual Startup Time": 499.711,
                                "Actual Total Time": 499.716,
                                "Actual Rows": 1,
                                "Actual Loops": 1
                            },
                            {
                                "Worker Number": 3,
                                "Actual Startup Time": 499.722,
                                "Actual Total Time": 499.725,
                                "Actual Rows": 1,
                                "Actual Loops": 1
                            },
                            {
                                "Worker Number": 4,
                                "Actual Startup Time": 500.077,
                                "Actual Total Time": 500.08,
                                "Actual Rows": 1,
                                "Actual Loops": 1
                            },
                            {
                                "Worker Number": 5,
                                "Actual Startup Time": 500.172,
                                "Actual Total Time": 500.175,
                                "Actual Rows": 1,
                                "Actual Loops": 1
                            }
                        ],
                        "Plans": [
                            {
                                "Node Type": "Hash Join",
                                "Parent Relationship": "Outer",
                                "Parallel Aware": true,
                                "Join Type": "Inner",
                                "Startup Cost": 50220.37,
                                "Total Cost": 251453.75,
                                "Plan Rows": 159730,
                                "Plan Width": 0,
                                "Actual Startup Time": 268.586,
                                "Actual Total Time": 504.339,
                                "Actual Rows": 171,
                                "Actual Loops": 7,
                                "Inner Unique": true,
                                "Hash Cond": "(ci.movie_id = t.id)",
                                "Workers": [
                                    {
                                        "Worker Number": 0,
                                        "Actual Startup Time": 256.846,
                                        "Actual Total Time": 499.809,
                                        "Actual Rows": 227,
                                        "Actual Loops": 1
                                    },
                                    {
                                        "Worker Number": 1,
                                        "Actual Startup Time": 261.235,
                                        "Actual Total Time": 505.794,
                                        "Actual Rows": 418,
                                        "Actual Loops": 1
                                    },
                                    {
                                        "Worker Number": 2,
                                        "Actual Startup Time": 304.191,
                                        "Actual Total Time": 499.689,
                                        "Actual Rows": 94,
                                        "Actual Loops": 1
                                    },
                                    {
                                        "Worker Number": 3,
                                        "Actual Startup Time": 259.532,
                                        "Actual Total Time": 499.704,
                                        "Actual Rows": 75,
                                        "Actual Loops": 1
                                    },
                                    {
                                        "Worker Number": 4,
                                        "Actual Startup Time": 259.45,
                                        "Actual Total Time": 500.049,
                                        "Actual Rows": 256,
                                        "Actual Loops": 1
                                    },
                                    {
                                        "Worker Number": 5,
                                        "Actual Startup Time": 257.51,
                                        "Actual Total Time": 500.157,
                                        "Actual Rows": 57,
                                        "Actual Loops": 1
                                    }
                                ],
                                "Plans": [
                                    {
                                        "Node Type": "Index Scan",
                                        "Parent Relationship": "Outer",
                                        "Parallel Aware": true,
                                        "Scan Direction": "Forward",
                                        "Index Name": "role_id_cast_info",
                                        "Relation Name": "cast_info",
                                        "Schema": "public",
                                        "Alias": "ci",
                                        "Startup Cost": 0.56,
                                        "Total Cost": 200814.65,
                                        "Plan Rows": 159730,
                                        "Plan Width": 4,
                                        "Actual Startup Time": 9.111,
                                        "Actual Total Time": 243.224,
                                        "Actual Rows": 171,
                                        "Actual Loops": 7,
                                        "Output": [
                                            "ci.id",
                                            "ci.person_id",
                                            "ci.movie_id",
                                            "ci.person_role_id",
                                            "ci.note",
                                            "ci.nr_order",
                                            "ci.role_id"
                                        ],
                                        "Index Cond": "(ci.role_id = 2)",
                                        "Rows Removed by Index Recheck": 0,
                                        "Filter": "(ci.person_id < 459560)",
                                        "Rows Removed by Filter": 1064396,
                                        "Workers": [
                                            {
                                                "Worker Number": 0,
                                                "Actual Startup Time": 0.988,
                                                "Actual Total Time": 242.923,
                                                "Actual Rows": 227,
                                                "Actual Loops": 1
                                            },
                                            {
                                                "Worker Number": 1,
                                                "Actual Startup Time": 5.373,
                                                "Actual Total Time": 241.929,
                                                "Actual Rows": 418,
                                                "Actual Loops": 1
                                            },
                                            {
                                                "Worker Number": 2,
                                                "Actual Startup Time": 48.466,
                                                "Actual Total Time": 243.486,
                                                "Actual Rows": 94,
                                                "Actual Loops": 1
                                            },
                                            {
                                                "Worker Number": 3,
                                                "Actual Startup Time": 3.811,
                                                "Actual Total Time": 243.65,
                                                "Actual Rows": 75,
                                                "Actual Loops": 1
                                            },
                                            {
                                                "Worker Number": 4,
                                                "Actual Startup Time": 3.465,
                                                "Actual Total Time": 243.093,
                                                "Actual Rows": 256,
                                                "Actual Loops": 1
                                            },
                                            {
                                                "Worker Number": 5,
                                                "Actual Startup Time": 1.444,
                                                "Actual Total Time": 243.803,
                                                "Actual Rows": 57,
                                                "Actual Loops": 1
                                            }
                                        ]
                                    },
                                    {
                                        "Node Type": "Hash",
                                        "Parent Relationship": "Inner",
                                        "Parallel Aware": true,
                                        "Startup Cost": 42318.81,
                                        "Total Cost": 42318.81,
                                        "Plan Rows": 632080,
                                        "Plan Width": 4,
                                        "Actual Startup Time": 252.638,
                                        "Actual Total Time": 252.639,
                                        "Actual Rows": 361187,
                                        "Actual Loops": 7,
                                        "Output": [
                                            "t.id"
                                        ],
                                        "Hash Buckets": 4194304,
                                        "Original Hash Buckets": 4194304,
                                        "Hash Batches": 1,
                                        "Original Hash Batches": 1,
                                        "Peak Memory Usage": 131808,
                                        "Workers": [
                                            {
                                                "Worker Number": 0,
                                                "Actual Startup Time": 255.218,
                                                "Actual Total Time": 255.219,
                                                "Actual Rows": 294662,
                                                "Actual Loops": 1
                                            },
                                            {
                                                "Worker Number": 1,
                                                "Actual Startup Time": 255.222,
                                                "Actual Total Time": 255.223,
                                                "Actual Rows": 300770,
                                                "Actual Loops": 1
                                            },
                                            {
                                                "Worker Number": 2,
                                                "Actual Startup Time": 254.997,
                                                "Actual Total Time": 254.999,
                                                "Actual Rows": 283346,
                                                "Actual Loops": 1
                                            },
                                            {
                                                "Worker Number": 3,
                                                "Actual Startup Time": 254.998,
                                                "Actual Total Time": 255.0,
                                                "Actual Rows": 360858,
                                                "Actual Loops": 1
                                            },
                                            {
                                                "Worker Number": 4,
                                                "Actual Startup Time": 255.553,
                                                "Actual Total Time": 255.554,
                                                "Actual Rows": 397917,
                                                "Actual Loops": 1
                                            },
                                            {
                                                "Worker Number": 5,
                                                "Actual Startup Time": 255.579,
                                                "Actual Total Time": 255.58,
                                                "Actual Rows": 365257,
                                                "Actual Loops": 1
                                            }
                                        ],
                                        "Plans": [
                                            {
                                                "Node Type": "Seq Scan",
                                                "Parent Relationship": "Outer",
                                                "Parallel Aware": true,
                                                "Relation Name": "title",
                                                "Schema": "public",
                                                "Alias": "t",
                                                "Startup Cost": 0.0,
                                                "Total Cost": 42318.81,
                                                "Plan Rows": 632080,
                                                "Plan Width": 4,
                                                "Actual Startup Time": 0.058,
                                                "Actual Total Time": 73.512,
                                                "Actual Rows": 361187,
                                                "Actual Loops": 7,
                                                "Output": [
                                                    "t.id"
                                                ],
                                                "Workers": [
                                                    {
                                                        "Worker Number": 0,
                                                        "Actual Startup Time": 0.059,
                                                        "Actual Total Time": 78.567,
                                                        "Actual Rows": 294662,
                                                        "Actual Loops": 1
                                                    },
                                                    {
                                                        "Worker Number": 1,
                                                        "Actual Startup Time": 0.07,
                                                        "Actual Total Time": 79.292,
                                                        "Actual Rows": 300770,
                                                        "Actual Loops": 1
                                                    },
                                                    {
                                                        "Worker Number": 2,
                                                        "Actual Startup Time": 0.061,
                                                        "Actual Total Time": 77.296,
                                                        "Actual Rows": 283346,
                                                        "Actual Loops": 1
                                                    },
                                                    {
                                                        "Worker Number": 3,
                                                        "Actual Startup Time": 0.07,
                                                        "Actual Total Time": 73.369,
                                                        "Actual Rows": 360858,
                                                        "Actual Loops": 1
                                                    },
                                                    {
                                                        "Worker Number": 4,
                                                        "Actual Startup Time": 0.068,
                                                        "Actual Total Time": 74.305,
                                                        "Actual Rows": 397917,
                                                        "Actual Loops": 1
                                                    },
                                                    {
                                                        "Worker Number": 5,
                                                        "Actual Startup Time": 0.067,
                                                        "Actual Total Time": 73.573,
                                                        "Actual Rows": 365257,
                                                        "Actual Loops": 1
                                                    }
                                                ]
                                            }
                                        ]
                                    }
                                ]
                            }
                        ]
                    }
                ]
            }
        ]
    },
    "Planning Time": 0.73,
    "Triggers": [],
    "Execution Time": 566.252
}