[
  {
    "Plan": {
      "Node Type": "Aggregate",
      "Strategy": "Plain",
      "Partial Mode": "Finalize",
      "Parallel Aware": false,
      "Startup Cost": 32739.86,
      "Total Cost": 32739.87,
      "Plan Rows": 1,
      "Plan Width": 8,
      "Actual Startup Time": 77.676,
      "Actual Total Time": 84.893,
      "Actual Rows": 1,
      "Actual Loops": 1,
      "Plans": [
        {
          "Node Type": "Gather",
          "Parent Relationship": "Outer",
          "Parallel Aware": false,
          "Startup Cost": 32739.54,
          "Total Cost": 32739.85,
          "Plan Rows": 3,
          "Plan Width": 8,
          "Actual Startup Time": 77.585,
          "Actual Total Time": 84.886,
          "Actual Rows": 4,
          "Actual Loops": 1,
          "Workers Planned": 3,
          "Workers Launched": 3,
          "Single Copy": false,
          "Plans": [
            {
              "Node Type": "Aggregate",
              "Strategy": "Plain",
              "Partial Mode": "Partial",
              "Parent Relationship": "Outer",
              "Parallel Aware": false,
              "Startup Cost": 31739.54,
              "Total Cost": 31739.55,
              "Plan Rows": 1,
              "Plan Width": 8,
              "Actual Startup Time": 70.842,
              "Actual Total Time": 70.843,
              "Actual Rows": 1,
              "Actual Loops": 4,
              "Plans": [
                {
                  "Node Type": "Seq Scan",
                  "Parent Relationship": "Outer",
                  "Parallel Aware": true,
                  "Relation Name": "movie_companies",
                  "Alias": "mc",
                  "Startup Cost": 0.0,
                  "Total Cost": 31414.82,
                  "Plan Rows": 129888,
                  "Plan Width": 0,
                  "Actual Startup Time": 19.504,
                  "Actual Total Time": 69.664,
                  "Actual Rows": 21319,
                  "Actual Loops": 4,
                  "Filter": "((company_id > 27141) AND (company_type_id = 1))",
                  "Rows Removed by Filter": 630963
                }
              ]
            }
          ]
        }
      ]
    },
    "Planning Time": 0.11,
    "Triggers": [],
    "Execution Time": 84.931
  }
]