{
  "Plan": {
    "Node Type": "Aggregate",
    "Strategy": "Plain",
    "Partial Mode": "Simple",
    "Parallel Aware": false,
    "Startup Cost": 45493.24,
    "Total Cost": 45493.25,
    "Plan Rows": 1,
    "Plan Width": 96,
    "Actual Startup Time": 13765.964,
    "Actual Total Time": 13765.97,
    "Actual Rows": 1,
    "Actual Loops": 1,
    "Plans": [
      {
        "Node Type": "Hash Join",
        "Parent Relationship": "Outer",
        "Parallel Aware": false,
        "Join Type": "Inner",
        "Startup Cost": 4975.84,
        "Total Cost": 45493.24,
        "Plan Rows": 1,
        "Plan Width": 66,
        "Actual Startup Time": 66.636,
        "Actual Total Time": 13763.08,
        "Actual Rows": 9003,
        "Actual Loops": 1,
        "Inner Unique": true,
        "Hash Cond": "(mi.info_type_id = it1.id)",
        "Plans": [
          {
            "Node Type": "Nested Loop",
            "Parent Relationship": "Outer",
            "Parallel Aware": false,
            "Join Type": "Inner",
            "Startup Cost": 4973.42,
            "Total Cost": 45490.76,
            "Plan Rows": 20,
            "Plan Width": 70,
            "Actual Startup Time": 66.572,
            "Actual Total Time": 13759.884,
            "Actual Rows": 9003,
            "Actual Loops": 1,
            "Inner Unique": true,
            "Plans": [
              {
                "Node Type": "Nested Loop",
                "Parent Relationship": "Outer",
                "Parallel Aware": false,
                "Join Type": "Inner",
                "Startup Cost": 4972.99,
                "Total Cost": 45420.55,
                "Plan Rows": 137,
                "Plan Width": 74,
                "Actual Startup Time": 66.356,
                "Actual Total Time": 13462.076,
                "Actual Rows": 57783,
                "Actual Loops": 1,
                "Inner Unique": false,
                "Join Filter": "(t.id = mi.movie_id)",
                "Rows Removed by Join Filter": 0,
                "Plans": [
                  {
                    "Node Type": "Nested Loop",
                    "Parent Relationship": "Outer",
                    "Parallel Aware": false,
                    "Join Type": "Inner",
                    "Startup Cost": 4972.55,
                    "Total Cost": 35383.18,
                    "Plan Rows": 7075,
                    "Plan Width": 39,
                    "Actual Startup Time": 34.526,
                    "Actual Total Time": 7970.121,
                    "Actual Rows": 808572,
                    "Actual Loops": 1,
                    "Inner Unique": false,
                    "Plans": [
                      {
                        "Node Type": "Nested Loop",
                        "Parent Relationship": "Outer",
                        "Parallel Aware": false,
                        "Join Type": "Inner",
                        "Startup Cost": 4971.99,
                        "Total Cost": 24536.15,
                        "Plan Rows": 3955,
                        "Plan Width": 31,
                        "Actual Startup Time": 34.417,
                        "Actual Total Time": 1023.756,
                        "Actual Rows": 191963,
                        "Actual Loops": 1,
                        "Inner Unique": true,
                        "Plans": [
                          {
                            "Node Type": "Nested Loop",
                            "Parent Relationship": "Outer",
                            "Parallel Aware": false,
                            "Join Type": "Inner",
                            "Startup Cost": 4971.56,
                            "Total Cost": 19012.26,
                            "Plan Rows": 8687,
                            "Plan Width": 10,
                            "Actual Startup Time": 34.403,
                            "Actual Total Time": 153.744,
                            "Actual Rows": 450309,
                            "Actual Loops": 1,
                            "Inner Unique": false,
                            "Plans": [
                              {
                                "Node Type": "Seq Scan",
                                "Parent Relationship": "Outer",
                                "Parallel Aware": false,
                                "Relation Name": "info_type",
                                "Alias": "it2",
                                "Startup Cost": 0.0,
                                "Total Cost": 2.41,
                                "Plan Rows": 1,
                                "Plan Width": 4,
                                "Actual Startup Time": 0.032,
                                "Actual Total Time": 0.038,
                                "Actual Rows": 1,
                                "Actual Loops": 1,
                                "Filter": "((info)::text = 'rating'::text)",
                                "Rows Removed by Filter": 112
                              },
                              {
                                "Node Type": "Bitmap Heap Scan",
                                "Parent Relationship": "Inner",
                                "Parallel Aware": false,
                                "Relation Name": "movie_info_idx",
                                "Alias": "mi_idx",
                                "Startup Cost": 4971.56,
                                "Total Cost": 17046.66,
                                "Plan Rows": 196318,
                                "Plan Width": 14,
                                "Actual Startup Time": 34.36,
                                "Actual Total Time": 119.531,
                                "Actual Rows": 450309,
                                "Actual Loops": 1,
                                "Recheck Cond": "(info_type_id = it2.id)",
                                "Rows Removed by Index Recheck": 0,
                                "Filter": "(info > '10'::text)",
                                "Rows Removed by Filter": 9616,
                                "Exact Heap Blocks": 7934,
                                "Lossy Heap Blocks": 0,
                                "Plans": [
                                  {
                                    "Node Type": "Bitmap Index Scan",
                                    "Parent Relationship": "Outer",
                                    "Parallel Aware": false,
                                    "Index Name": "info_type_id_movie_info_idx",
                                    "Startup Cost": 0.0,
                                    "Total Cost": 4922.48,
                                    "Plan Rows": 276007,
                                    "Plan Width": 0,
                                    "Actual Startup Time": 33.186,
                                    "Actual Total Time": 33.186,
                                    "Actual Rows": 459925,
                                    "Actual Loops": 1,
                                    "Index Cond": "(info_type_id = it2.id)"
                                  }
                                ]
                              }
                            ]
                          },
                          {
                            "Node Type": "Index Scan",
                            "Parent Relationship": "Inner",
                            "Parallel Aware": false,
                            "Scan Direction": "Forward",
                            "Index Name": "title_pkey",
                            "Relation Name": "title",
                            "Alias": "t",
                            "Startup Cost": 0.43,
                            "Total Cost": 0.64,
                            "Plan Rows": 1,
                            "Plan Width": 21,
                            "Actual Startup Time": 0.002,
                            "Actual Total Time": 0.002,
                            "Actual Rows": 0,
                            "Actual Loops": 450309,
                            "Index Cond": "(id = mi_idx.movie_id)",
                            "Rows Removed by Index Recheck": 0,
                            "Filter": "((production_year >= 2001) AND (production_year <= 2011))",
                            "Rows Removed by Filter": 1
                          }
                        ]
                      },
                      {
                        "Node Type": "Index Scan",
                        "Parent Relationship": "Inner",
                        "Parallel Aware": false,
                        "Scan Direction": "Forward",
                        "Index Name": "movie_id_cast_info",
                        "Relation Name": "cast_info",
                        "Alias": "ci",
                        "Startup Cost": 0.56,
                        "Total Cost": 2.7,
                        "Plan Rows": 4,
                        "Plan Width": 8,
                        "Actual Startup Time": 0.016,
                        "Actual Total Time": 0.036,
                        "Actual Rows": 4,
                        "Actual Loops": 191963,
                        "Index Cond": "(movie_id = t.id)",
                        "Rows Removed by Index Recheck": 0,
                        "Filter": "(note = ANY ('{(voice),(writer),(producer),(uncredited),\"(executive producer)\"}'::text[]))",
                        "Rows Removed by Filter": 28
                      }
                    ]
                  },
                  {
                    "Node Type": "Index Scan",
                    "Parent Relationship": "Inner",
                    "Parallel Aware": false,
                    "Scan Direction": "Forward",
                    "Index Name": "movie_id_movie_info",
                    "Relation Name": "movie_info",
                    "Alias": "mi",
                    "Startup Cost": 0.43,
                    "Total Cost": 1.41,
                    "Plan Rows": 1,
                    "Plan Width": 51,
                    "Actual Startup Time": 0.007,
                    "Actual Total Time": 0.007,
                    "Actual Rows": 0,
                    "Actual Loops": 808572,
                    "Index Cond": "(movie_id = ci.movie_id)",
                    "Rows Removed by Index Recheck": 0,
                    "Filter": "((note IS NULL) AND (info = ANY ('{Western,Thriller}'::text[])))",
                    "Rows Removed by Filter": 28
                  }
                ]
              },
              {
                "Node Type": "Index Scan",
                "Parent Relationship": "Inner",
                "Parallel Aware": false,
                "Scan Direction": "Forward",
                "Index Name": "name_pkey",
                "Relation Name": "name",
                "Alias": "n",
                "Startup Cost": 0.43,
                "Total Cost": 0.51,
                "Plan Rows": 1,
                "Plan Width": 4,
                "Actual Startup Time": 0.005,
                "Actual Total Time": 0.005,
                "Actual Rows": 0,
                "Actual Loops": 57783,
                "Index Cond": "(id = ci.person_id)",
                "Rows Removed by Index Recheck": 0,
                "Filter": "((gender IS NOT NULL) AND ((gender)::text = 'f'::text))",
                "Rows Removed by Filter": 1
              }
            ]
          },
          {
            "Node Type": "Hash",
            "Parent Relationship": "Inner",
            "Parallel Aware": false,
            "Startup Cost": 2.41,
            "Total Cost": 2.41,
            "Plan Rows": 1,
            "Plan Width": 4,
            "Actual Startup Time": 0.052,
            "Actual Total Time": 0.053,
            "Actual Rows": 1,
            "Actual Loops": 1,
            "Hash Buckets": 1024,
            "Original Hash Buckets": 1024,
            "Hash Batches": 1,
            "Original Hash Batches": 1,
            "Peak Memory Usage": 9,
            "Plans": [
              {
                "Node Type": "Seq Scan",
                "Parent Relationship": "Outer",
                "Parallel Aware": false,
                "Relation Name": "info_type",
                "Alias": "it1",
                "Startup Cost": 0.0,
                "Total Cost": 2.41,
                "Plan Rows": 1,
                "Plan Width": 4,
                "Actual Startup Time": 0.024,
                "Actual Total Time": 0.045,
                "Actual Rows": 1,
                "Actual Loops": 1,
                "Filter": "((info)::text = 'genres'::text)",
                "Rows Removed by Filter": 112
              }
            ]
          }
        ]
      }
    ]
  },
  "Planning Time": 2.349,
  "Triggers": [],
  "Execution Time": 13766.132
}