[
  {
    "Plan": {
      "Node Type": "Aggregate",
      "Strategy": "Plain",
      "Partial Mode": "Finalize",
      "Parallel Aware": false,
      "Startup Cost": 47276.12,
      "Total Cost": 47276.13,
      "Plan Rows": 1,
      "Plan Width": 8,
      "Actual Startup Time": 229.358,
      "Actual Total Time": 242.255,
      "Actual Rows": 1,
      "Actual Loops": 1,
      "Plans": [
        {
          "Node Type": "Gather",
          "Parent Relationship": "Outer",
          "Parallel Aware": false,
          "Startup Cost": 47275.8,
          "Total Cost": 47276.11,
          "Plan Rows": 3,
          "Plan Width": 8,
          "Actual Startup Time": 229.21,
          "Actual Total Time": 242.246,
          "Actual Rows": 4,
          "Actual Loops": 1,
          "Workers Planned": 3,
          "Workers Launched": 3,
          "Single Copy": false,
          "Plans": [
            {
              "Node Type": "Aggregate",
              "Strategy": "Plain",
              "Partial Mode": "Partial",
              "Parent Relationship": "Outer",
              "Parallel Aware": false,
              "Startup Cost": 46275.8,
              "Total Cost": 46275.81,
              "Plan Rows": 1,
              "Plan Width": 8,
              "Actual Startup Time": 223.469,
              "Actual Total Time": 223.471,
              "Actual Rows": 1,
              "Actual Loops": 4,
              "Plans": [
                {
                  "Node Type": "Seq Scan",
                  "Parent Relationship": "Outer",
                  "Parallel Aware": true,
                  "Relation Name": "movie_keyword",
                  "Alias": "mk",
                  "Startup Cost": 0.0,
                  "Total Cost": 42695.65,
                  "Plan Rows": 1432060,
                  "Plan Width": 0,
                  "Actual Startup Time": 0.046,
                  "Actual Total Time": 158.087,
                  "Actual Rows": 1110185,
                  "Actual Loops": 4,
                  "Filter": "(keyword_id < 86837)",
                  "Rows Removed by Filter": 20798
                }
              ]
            }
          ]
        }
      ]
    },
    "Planning Time": 0.121,
    "Triggers": [],
    "Execution Time": 242.295
  }
]