[
  {
    "Plan": {
      "Node Type": "Aggregate",
      "Strategy": "Plain",
      "Partial Mode": "Finalize",
      "Parallel Aware": false,
      "Startup Cost": 47275.67,
      "Total Cost": 47275.68,
      "Plan Rows": 1,
      "Plan Width": 8,
      "Actual Startup Time": 178.586,
      "Actual Total Time": 187.702,
      "Actual Rows": 1,
      "Actual Loops": 1,
      "Plans": [
        {
          "Node Type": "Gather",
          "Parent Relationship": "Outer",
          "Parallel Aware": false,
          "Startup Cost": 47275.36,
          "Total Cost": 47275.67,
          "Plan Rows": 3,
          "Plan Width": 8,
          "Actual Startup Time": 178.458,
          "Actual Total Time": 187.694,
          "Actual Rows": 4,
          "Actual Loops": 1,
          "Workers Planned": 3,
          "Workers Launched": 3,
          "Single Copy": false,
          "Plans": [
            {
              "Node Type": "Aggregate",
              "Strategy": "Plain",
              "Partial Mode": "Partial",
              "Parent Relationship": "Outer",
              "Parallel Aware": false,
              "Startup Cost": 46275.36,
              "Total Cost": 46275.37,
              "Plan Rows": 1,
              "Plan Width": 8,
              "Actual Startup Time": 171.003,
              "Actual Total Time": 171.004,
              "Actual Rows": 1,
              "Actual Loops": 4,
              "Plans": [
                {
                  "Node Type": "Seq Scan",
                  "Parent Relationship": "Outer",
                  "Parallel Aware": true,
                  "Relation Name": "movie_keyword",
                  "Alias": "mk",
                  "Startup Cost": 0.0,
                  "Total Cost": 42695.65,
                  "Plan Rows": 1431881,
                  "Plan Width": 0,
                  "Actual Startup Time": 0.056,
                  "Actual Total Time": 123.21,
                  "Actual Rows": 1110185,
                  "Actual Loops": 4,
                  "Filter": "(keyword_id < 86837)",
                  "Rows Removed by Filter": 20798
                }
              ]
            }
          ]
        }
      ]
    },
    "Planning Time": 0.121,
    "Triggers": [],
    "Execution Time": 187.741
  }
]