{
  "Plan": {
    "Node Type": "Aggregate",
    "Strategy": "Plain",
    "Partial Mode": "Finalize",
    "Parallel Aware": false,
    "Startup Cost": 363310.83,
    "Total Cost": 363310.84,
    "Plan Rows": 1,
    "Plan Width": 8,
    "Actual Startup Time": 560.15,
    "Actual Total Time": 575.511,
    "Actual Rows": 1,
    "Actual Loops": 1,
    "Plans": [
      {
        "Node Type": "Gather",
        "Parent Relationship": "Outer",
        "Parallel Aware": false,
        "Startup Cost": 363310.72,
        "Total Cost": 363310.83,
        "Plan Rows": 1,
        "Plan Width": 8,
        "Actual Startup Time": 558.021,
        "Actual Total Time": 575.501,
        "Actual Rows": 2,
        "Actual Loops": 1,
        "Workers Planned": 1,
        "Workers Launched": 1,
        "Single Copy": false,
        "Plans": [
          {
            "Node Type": "Aggregate",
            "Strategy": "Plain",
            "Partial Mode": "Partial",
            "Parent Relationship": "Outer",
            "Parallel Aware": false,
            "Startup Cost": 362310.72,
            "Total Cost": 362310.73,
            "Plan Rows": 1,
            "Plan Width": 8,
            "Actual Startup Time": 552.166,
            "Actual Total Time": 552.171,
            "Actual Rows": 1,
            "Actual Loops": 2,
            "Plans": [
              {
                "Node Type": "Hash Join",
                "Parent Relationship": "Outer",
                "Parallel Aware": true,
                "Join Type": "Inner",
                "Startup Cost": 96127.61,
                "Total Cost": 361625.32,
                "Plan Rows": 274160,
                "Plan Width": 0,
                "Actual Startup Time": 295.382,
                "Actual Total Time": 541.744,
                "Actual Rows": 241806,
                "Actual Loops": 2,
                "Inner Unique": true,
                "Hash Cond": "(ci.movie_id = t.id)",
                "Plans": [
                  {
                    "Node Type": "Bitmap Heap Scan",
                    "Parent Relationship": "Outer",
                    "Parallel Aware": true,
                    "Relation Name": "cast_info",
                    "Alias": "ci",
                    "Startup Cost": 31803.65,
                    "Total Cost": 295078.02,
                    "Plan Rows": 846989,
                    "Plan Width": 4,
                    "Actual Startup Time": 47.074,
                    "Actual Total Time": 121.923,
                    "Actual Rows": 739922,
                    "Actual Loops": 2,
                    "Recheck Cond": "(person_id < 148861)",
                    "Rows Removed by Index Recheck": 0,
                    "Exact Heap Blocks": 8439,
                    "Lossy Heap Blocks": 0,
                    "Plans": [
                      {
                        "Node Type": "Bitmap Index Scan",
                        "Parent Relationship": "Outer",
                        "Parallel Aware": false,
                        "Index Name": "person_id_cast_info",
                        "Startup Cost": 0.0,
                        "Total Cost": 31443.68,
                        "Plan Rows": 1439882,
                        "Plan Width": 0,
                        "Actual Startup Time": 44.628,
                        "Actual Total Time": 44.628,
                        "Actual Rows": 1479844,
                        "Actual Loops": 1,
                        "Index Cond": "(person_id < 148861)"
                      }
                    ]
                  },
                  {
                    "Node Type": "Hash",
                    "Parent Relationship": "Inner",
                    "Parallel Aware": true,
                    "Startup Cost": 58306.47,
                    "Total Cost": 58306.47,
                    "Plan Rows": 481399,
                    "Plan Width": 4,
                    "Actual Startup Time": 239.128,
                    "Actual Total Time": 239.129,
                    "Actual Rows": 362952,
                    "Actual Loops": 2,
                    "Hash Buckets": 1048576,
                    "Original Hash Buckets": 1048576,
                    "Hash Batches": 1,
                    "Original Hash Batches": 1,
                    "Peak Memory Usage": 36608,
                    "Plans": [
                      {
                        "Node Type": "Seq Scan",
                        "Parent Relationship": "Outer",
                        "Parallel Aware": true,
                        "Relation Name": "title",
                        "Alias": "t",
                        "Startup Cost": 0.0,
                        "Total Cost": 58306.47,
                        "Plan Rows": 481399,
                        "Plan Width": 4,
                        "Actual Startup Time": 0.041,
                        "Actual Total Time": 152.693,
                        "Actual Rows": 362952,
                        "Actual Loops": 2,
                        "Filter": "((kind_id < 7) AND (production_year > 1970))",
                        "Rows Removed by Filter": 901204
                      }
                    ]
                  }
                ]
              }
            ]
          }
        ]
      }
    ]
  },
  "Planning Time": 0.642,
  "Triggers": [],
  "Execution Time": 575.596
}