[
  {
    "Plan": {
      "Node Type": "Aggregate",
      "Strategy": "Plain",
      "Partial Mode": "Finalize",
      "Parallel Aware": false,
      "Startup Cost": 32108.16,
      "Total Cost": 32108.17,
      "Plan Rows": 1,
      "Plan Width": 8,
      "Actual Startup Time": 110.624,
      "Actual Total Time": 118.852,
      "Actual Rows": 1,
      "Actual Loops": 1,
      "Plans": [
        {
          "Node Type": "Gather",
          "Parent Relationship": "Outer",
          "Parallel Aware": false,
          "Startup Cost": 32107.84,
          "Total Cost": 32108.15,
          "Plan Rows": 3,
          "Plan Width": 8,
          "Actual Startup Time": 110.483,
          "Actual Total Time": 118.844,
          "Actual Rows": 4,
          "Actual Loops": 1,
          "Workers Planned": 3,
          "Workers Launched": 3,
          "Single Copy": false,
          "Plans": [
            {
              "Node Type": "Aggregate",
              "Strategy": "Plain",
              "Partial Mode": "Partial",
              "Parent Relationship": "Outer",
              "Parallel Aware": false,
              "Startup Cost": 31107.84,
              "Total Cost": 31107.85,
              "Plan Rows": 1,
              "Plan Width": 8,
              "Actual Startup Time": 106.461,
              "Actual Total Time": 106.463,
              "Actual Rows": 1,
              "Actual Loops": 4,
              "Plans": [
                {
                  "Node Type": "Seq Scan",
                  "Parent Relationship": "Outer",
                  "Parallel Aware": true,
                  "Relation Name": "movie_companies",
                  "Alias": "mc",
                  "Startup Cost": 0.0,
                  "Total Cost": 29310.68,
                  "Plan Rows": 718865,
                  "Plan Width": 0,
                  "Actual Startup Time": 0.027,
                  "Actual Total Time": 79.875,
                  "Actual Rows": 557340,
                  "Actual Loops": 4,
                  "Filter": "(company_id < 84308)",
                  "Rows Removed by Filter": 94942
                }
              ]
            }
          ]
        }
      ]
    },
    "Planning Time": 0.149,
    "Triggers": [],
    "Execution Time": 118.908
  }
]