[
  {
    "Plan": {
      "Node Type": "Aggregate",
      "Strategy": "Plain",
      "Partial Mode": "Finalize",
      "Parallel Aware": false,
      "Startup Cost": 32112.31,
      "Total Cost": 32112.32,
      "Plan Rows": 1,
      "Plan Width": 8,
      "Actual Startup Time": 131.198,
      "Actual Total Time": 137.567,
      "Actual Rows": 1,
      "Actual Loops": 1,
      "Plans": [
        {
          "Node Type": "Gather",
          "Parent Relationship": "Outer",
          "Parallel Aware": false,
          "Startup Cost": 32111.99,
          "Total Cost": 32112.3,
          "Plan Rows": 3,
          "Plan Width": 8,
          "Actual Startup Time": 131.081,
          "Actual Total Time": 137.556,
          "Actual Rows": 4,
          "Actual Loops": 1,
          "Workers Planned": 3,
          "Workers Launched": 3,
          "Single Copy": false,
          "Plans": [
            {
              "Node Type": "Aggregate",
              "Strategy": "Plain",
              "Partial Mode": "Partial",
              "Parent Relationship": "Outer",
              "Parallel Aware": false,
              "Startup Cost": 31111.99,
              "Total Cost": 31112.0,
              "Plan Rows": 1,
              "Plan Width": 8,
              "Actual Startup Time": 123.845,
              "Actual Total Time": 123.845,
              "Actual Rows": 1,
              "Actual Loops": 4,
              "Plans": [
                {
                  "Node Type": "Seq Scan",
                  "Parent Relationship": "Outer",
                  "Parallel Aware": true,
                  "Relation Name": "movie_companies",
                  "Alias": "mc",
                  "Startup Cost": 0.0,
                  "Total Cost": 29310.68,
                  "Plan Rows": 720524,
                  "Plan Width": 0,
                  "Actual Startup Time": 0.041,
                  "Actual Total Time": 92.535,
                  "Actual Rows": 557340,
                  "Actual Loops": 4,
                  "Filter": "(company_id < 84308)",
                  "Rows Removed by Filter": 94942
                }
              ]
            }
          ]
        }
      ]
    },
    "Planning Time": 0.182,
    "Triggers": [],
    "Execution Time": 137.627
  }
]