[
    {
        "Bao": {
            "Bao prediction": "NaN",
            "Bao recommended hint": "(no hint)"
        }
    },
    {
        "Plan": {
            "Node Type": "Aggregate",
            "Strategy": "Plain",
            "Partial Mode": "Finalize",
            "Parallel Aware": false,
            "Startup Cost": 90578.71,
            "Total Cost": 90578.72,
            "Plan Rows": 1,
            "Plan Width": 8,
            "Actual Startup Time": 236.635,
            "Actual Total Time": 245.098,
            "Actual Rows": 1,
            "Actual Loops": 1,
            "Output": [
                "count(*)"
            ],
            "Plans": [
                {
                    "Node Type": "Gather",
                    "Parent Relationship": "Outer",
                    "Parallel Aware": false,
                    "Startup Cost": 90578.39,
                    "Total Cost": 90578.7,
                    "Plan Rows": 3,
                    "Plan Width": 8,
                    "Actual Startup Time": 235.279,
                    "Actual Total Time": 245.089,
                    "Actual Rows": 4,
                    "Actual Loops": 1,
                    "Output": [
                        "(PARTIAL count(*))"
                    ],
                    "Workers Planned": 3,
                    "Workers Launched": 3,
                    "Single Copy": false,
                    "Plans": [
                        {
                            "Node Type": "Aggregate",
                            "Strategy": "Plain",
                            "Partial Mode": "Partial",
                            "Parent Relationship": "Outer",
                            "Parallel Aware": false,
                            "Startup Cost": 89578.39,
                            "Total Cost": 89578.4,
                            "Plan Rows": 1,
                            "Plan Width": 8,
                            "Actual Startup Time": 227.274,
                            "Actual Total Time": 227.341,
                            "Actual Rows": 1,
                            "Actual Loops": 4,
                            "Output": [
                                "PARTIAL count(*)"
                            ],
                            "Workers": [
                                {
                                    "Worker Number": 0,
                                    "Actual Startup Time": 224.517,
                                    "Actual Total Time": 224.52,
                                    "Actual Rows": 1,
                                    "Actual Loops": 1
                                },
                                {
                                    "Worker Number": 1,
                                    "Actual Startup Time": 224.589,
                                    "Actual Total Time": 224.591,
                                    "Actual Rows": 1,
                                    "Actual Loops": 1
                                },
                                {
                                    "Worker Number": 2,
                                    "Actual Startup Time": 224.967,
                                    "Actual Total Time": 224.97,
                                    "Actual Rows": 1,
                                    "Actual Loops": 1
                                }
                            ],
                            "Plans": [
                                {
                                    "Node Type": "Hash Join",
                                    "Parent Relationship": "Outer",
                                    "Parallel Aware": true,
                                    "Join Type": "Inner",
                                    "Startup Cost": 45835.16,
                                    "Total Cost": 89535.29,
                                    "Plan Rows": 17239,
                                    "Plan Width": 0,
                                    "Actual Startup Time": 125.449,
                                    "Actual Total Time": 224.625,
                                    "Actual Rows": 59930,
                                    "Actual Loops": 4,
                                    "Inner Unique": true,
                                    "Hash Cond": "(mk.movie_id = t.id)",
                                    "Workers": [
                                        {
                                            "Worker Number": 0,
                                            "Actual Startup Time": 122.493,
                                            "Actual Total Time": 221.799,
                                            "Actual Rows": 57767,
                                            "Actual Loops": 1
                                        },
                                        {
                                            "Worker Number": 1,
                                            "Actual Startup Time": 122.833,
                                            "Actual Total Time": 221.966,
                                            "Actual Rows": 56960,
                                            "Actual Loops": 1
                                        },
                                        {
                                            "Worker Number": 2,
                                            "Actual Startup Time": 123.213,
                                            "Actual Total Time": 222.253,
                                            "Actual Rows": 57543,
                                            "Actual Loops": 1
                                        }
                                    ],
                                    "Plans": [
                                        {
                                            "Node Type": "Seq Scan",
                                            "Parent Relationship": "Outer",
                                            "Parallel Aware": true,
                                            "Relation Name": "movie_keyword",
                                            "Schema": "public",
                                            "Alias": "mk",
                                            "Startup Cost": 0.0,
                                            "Total Cost": 42695.65,
                                            "Plan Rows": 382659,
                                            "Plan Width": 4,
                                            "Actual Startup Time": 0.981,
                                            "Actual Total Time": 85.347,
                                            "Actual Rows": 288519,
                                            "Actual Loops": 4,
                                            "Output": [
                                                "mk.id",
                                                "mk.movie_id",
                                                "mk.keyword_id"
                                            ],
                                            "Filter": "(mk.keyword_id > 16154)",
                                            "Rows Removed by Filter": 842464,
                                            "Workers": [
                                                {
                                                    "Worker Number": 0,
                                                    "Actual Startup Time": 0.985,
                                                    "Actual Total Time": 86.595,
                                                    "Actual Rows": 281764,
                                                    "Actual Loops": 1
                                                },
                                                {
                                                    "Worker Number": 1,
                                                    "Actual Startup Time": 0.982,
                                                    "Actual Total Time": 85.115,
                                                    "Actual Rows": 270869,
                                                    "Actual Loops": 1
                                                },
                                                {
                                                    "Worker Number": 2,
                                                    "Actual Startup Time": 0.968,
                                                    "Actual Total Time": 86.491,
                                                    "Actual Rows": 280545,
                                                    "Actual Loops": 1
                                                }
                                            ]
                                        },
                                        {
                                            "Node Type": "Hash",
                                            "Parent Relationship": "Inner",
                                            "Parallel Aware": true,
                                            "Startup Cost": 45479.21,
                                            "Total Cost": 45479.21,
                                            "Plan Rows": 28476,
                                            "Plan Width": 4,
                                            "Actual Startup Time": 102.999,
                                            "Actual Total Time": 103.0,
                                            "Actual Rows": 61010,
                                            "Actual Loops": 4,
                                            "Output": [
                                                "t.id"
                                            ],
                                            "Hash Buckets": 262144,
                                            "Original Hash Buckets": 131072,
                                            "Hash Batches": 1,
                                            "Original Hash Batches": 1,
                                            "Peak Memory Usage": 12672,
                                            "Workers": [
                                                {
                                                    "Worker Number": 0,
                                                    "Actual Startup Time": 100.18,
                                                    "Actual Total Time": 100.181,
                                                    "Actual Rows": 59447,
                                                    "Actual Loops": 1
                                                },
                                                {
                                                    "Worker Number": 1,
                                                    "Actual Startup Time": 100.45,
                                                    "Actual Total Time": 100.45,
                                                    "Actual Rows": 52996,
                                                    "Actual Loops": 1
                                                },
                                                {
                                                    "Worker Number": 2,
                                                    "Actual Startup Time": 100.854,
                                                    "Actual Total Time": 100.855,
                                                    "Actual Rows": 58989,
                                                    "Actual Loops": 1
                                                }
                                            ],
                                            "Plans": [
                                                {
                                                    "Node Type": "Seq Scan",
                                                    "Parent Relationship": "Outer",
                                                    "Parallel Aware": true,
                                                    "Relation Name": "title",
                                                    "Schema": "public",
                                                    "Alias": "t",
                                                    "Startup Cost": 0.0,
                                                    "Total Cost": 45479.21,
                                                    "Plan Rows": 28476,
                                                    "Plan Width": 4,
                                                    "Actual Startup Time": 49.613,
                                                    "Actual Total Time": 83.479,
                                                    "Actual Rows": 61010,
                                                    "Actual Loops": 4,
                                                    "Output": [
                                                        "t.id"
                                                    ],
                                                    "Filter": "((t.production_year < 1974) AND (t.kind_id = 1))",
                                                    "Rows Removed by Filter": 571068,
                                                    "Workers": [
                                                        {
                                                            "Worker Number": 0,
                                                            "Actual Startup Time": 46.92,
                                                            "Actual Total Time": 81.371,
                                                            "Actual Rows": 59447,
                                                            "Actual Loops": 1
                                                        },
                                                        {
                                                            "Worker Number": 1,
                                                            "Actual Startup Time": 47.191,
                                                            "Actual Total Time": 80.825,
                                                            "Actual Rows": 52996,
                                                            "Actual Loops": 1
                                                        },
                                                        {
                                                            "Worker Number": 2,
                                                            "Actual Startup Time": 47.337,
                                                            "Actual Total Time": 82.158,
                                                            "Actual Rows": 58989,
                                                            "Actual Loops": 1
                                                        }
                                                    ]
                                                }
                                            ]
                                        }
                                    ]
                                }
                            ]
                        }
                    ]
                }
            ]
        },
        "Planning Time": 194.056,
        "Triggers": [],
        "Execution Time": 245.145
    }
]