[
  {
    "Plan": {
      "Node Type": "Aggregate",
      "Strategy": "Plain",
      "Partial Mode": "Finalize",
      "Parallel Aware": false,
      "Startup Cost": 351172.75,
      "Total Cost": 351172.76,
      "Plan Rows": 1,
      "Plan Width": 8,
      "Actual Startup Time": 811.671,
      "Actual Total Time": 869.635,
      "Actual Rows": 1,
      "Actual Loops": 1,
      "Plans": [
        {
          "Node Type": "Gather",
          "Parent Relationship": "Outer",
          "Parallel Aware": false,
          "Startup Cost": 351172.12,
          "Total Cost": 351172.73,
          "Plan Rows": 6,
          "Plan Width": 8,
          "Actual Startup Time": 811.198,
          "Actual Total Time": 869.625,
          "Actual Rows": 7,
          "Actual Loops": 1,
          "Workers Planned": 6,
          "Workers Launched": 6,
          "Single Copy": false,
          "Plans": [
            {
              "Node Type": "Aggregate",
              "Strategy": "Plain",
              "Partial Mode": "Partial",
              "Parent Relationship": "Outer",
              "Parallel Aware": false,
              "Startup Cost": 350172.12,
              "Total Cost": 350172.13,
              "Plan Rows": 1,
              "Plan Width": 8,
              "Actual Startup Time": 801.513,
              "Actual Total Time": 801.514,
              "Actual Rows": 1,
              "Actual Loops": 7,
              "Plans": [
                {
                  "Node Type": "Seq Scan",
                  "Parent Relationship": "Outer",
                  "Parallel Aware": true,
                  "Relation Name": "cast_info",
                  "Alias": "ci",
                  "Startup Cost": 0.0,
                  "Total Cost": 343257.03,
                  "Plan Rows": 2766038,
                  "Plan Width": 0,
                  "Actual Startup Time": 218.232,
                  "Actual Total Time": 680.269,
                  "Actual Rows": 2930955,
                  "Actual Loops": 7,
                  "Filter": "((person_id > 1073283) AND (role_id > 1))",
                  "Rows Removed by Filter": 2246809
                }
              ]
            }
          ]
        }
      ]
    },
    "Planning Time": 0.224,
    "Triggers": [],
    "Execution Time": 869.707
  }
]