[
  {
    "Plan": {
      "Node Type": "Aggregate",
      "Strategy": "Plain",
      "Partial Mode": "Finalize",
      "Parallel Aware": false,
      "Startup Cost": 348274.43,
      "Total Cost": 348274.44,
      "Plan Rows": 1,
      "Plan Width": 8,
      "Actual Startup Time": 704.315,
      "Actual Total Time": 758.868,
      "Actual Rows": 1,
      "Actual Loops": 1,
      "Plans": [
        {
          "Node Type": "Gather",
          "Parent Relationship": "Outer",
          "Parallel Aware": false,
          "Startup Cost": 348273.81,
          "Total Cost": 348274.42,
          "Plan Rows": 6,
          "Plan Width": 8,
          "Actual Startup Time": 704.016,
          "Actual Total Time": 758.854,
          "Actual Rows": 7,
          "Actual Loops": 1,
          "Workers Planned": 6,
          "Workers Launched": 6,
          "Single Copy": false,
          "Plans": [
            {
              "Node Type": "Aggregate",
              "Strategy": "Plain",
              "Partial Mode": "Partial",
              "Parent Relationship": "Outer",
              "Parallel Aware": false,
              "Startup Cost": 347273.81,
              "Total Cost": 347273.82,
              "Plan Rows": 1,
              "Plan Width": 8,
              "Actual Startup Time": 697.345,
              "Actual Total Time": 697.346,
              "Actual Rows": 1,
              "Actual Loops": 7,
              "Plans": [
                {
                  "Node Type": "Seq Scan",
                  "Parent Relationship": "Outer",
                  "Parallel Aware": true,
                  "Relation Name": "cast_info",
                  "Alias": "ci",
                  "Startup Cost": 0.0,
                  "Total Cost": 343316.27,
                  "Plan Rows": 1583015,
                  "Plan Width": 0,
                  "Actual Startup Time": 234.293,
                  "Actual Total Time": 666.101,
                  "Actual Rows": 588373,
                  "Actual Loops": 7,
                  "Filter": "((person_id < 1454703) AND (role_id > 1))",
                  "Rows Removed by Filter": 4589390
                }
              ]
            }
          ]
        }
      ]
    },
    "Planning Time": 0.111,
    "Triggers": [],
    "Execution Time": 758.914
  }
]