[
  {
    "Plan": {
      "Node Type": "Aggregate",
      "Strategy": "Plain",
      "Partial Mode": "Finalize",
      "Parallel Aware": false,
      "Startup Cost": 348289.3,
      "Total Cost": 348289.31,
      "Plan Rows": 1,
      "Plan Width": 8,
      "Actual Startup Time": 816.235,
      "Actual Total Time": 883.754,
      "Actual Rows": 1,
      "Actual Loops": 1,
      "Plans": [
        {
          "Node Type": "Gather",
          "Parent Relationship": "Outer",
          "Parallel Aware": false,
          "Startup Cost": 348288.67,
          "Total Cost": 348289.28,
          "Plan Rows": 6,
          "Plan Width": 8,
          "Actual Startup Time": 816.069,
          "Actual Total Time": 883.742,
          "Actual Rows": 7,
          "Actual Loops": 1,
          "Workers Planned": 6,
          "Workers Launched": 6,
          "Single Copy": false,
          "Plans": [
            {
              "Node Type": "Aggregate",
              "Strategy": "Plain",
              "Partial Mode": "Partial",
              "Parent Relationship": "Outer",
              "Parallel Aware": false,
              "Startup Cost": 347288.67,
              "Total Cost": 347288.68,
              "Plan Rows": 1,
              "Plan Width": 8,
              "Actual Startup Time": 806.284,
              "Actual Total Time": 806.286,
              "Actual Rows": 1,
              "Actual Loops": 7,
              "Plans": [
                {
                  "Node Type": "Seq Scan",
                  "Parent Relationship": "Outer",
                  "Parallel Aware": true,
                  "Relation Name": "cast_info",
                  "Alias": "ci",
                  "Startup Cost": 0.0,
                  "Total Cost": 343257.03,
                  "Plan Rows": 1612657,
                  "Plan Width": 0,
                  "Actual Startup Time": 280.27,
                  "Actual Total Time": 771.401,
                  "Actual Rows": 588373,
                  "Actual Loops": 7,
                  "Filter": "((person_id < 1454703) AND (role_id > 1))",
                  "Rows Removed by Filter": 4589390
                }
              ]
            }
          ]
        }
      ]
    },
    "Planning Time": 0.224,
    "Triggers": [],
    "Execution Time": 883.832
  }
]