[
  {
    "Plan": {
      "Node Type": "Aggregate",
      "Strategy": "Plain",
      "Partial Mode": "Finalize",
      "Parallel Aware": false,
      "Startup Cost": 46481.17,
      "Total Cost": 46481.18,
      "Plan Rows": 1,
      "Plan Width": 8,
      "Actual Startup Time": 87.102,
      "Actual Total Time": 98.449,
      "Actual Rows": 1,
      "Actual Loops": 1,
      "Plans": [
        {
          "Node Type": "Gather",
          "Parent Relationship": "Outer",
          "Parallel Aware": false,
          "Startup Cost": 46480.75,
          "Total Cost": 46481.16,
          "Plan Rows": 4,
          "Plan Width": 8,
          "Actual Startup Time": 86.971,
          "Actual Total Time": 98.439,
          "Actual Rows": 5,
          "Actual Loops": 1,
          "Workers Planned": 4,
          "Workers Launched": 4,
          "Single Copy": false,
          "Plans": [
            {
              "Node Type": "Aggregate",
              "Strategy": "Plain",
              "Partial Mode": "Partial",
              "Parent Relationship": "Outer",
              "Parallel Aware": false,
              "Startup Cost": 45480.75,
              "Total Cost": 45480.76,
              "Plan Rows": 1,
              "Plan Width": 8,
              "Actual Startup Time": 80.481,
              "Actual Total Time": 80.482,
              "Actual Rows": 1,
              "Actual Loops": 5,
              "Plans": [
                {
                  "Node Type": "Seq Scan",
                  "Parent Relationship": "Outer",
                  "Parallel Aware": true,
                  "Relation Name": "title",
                  "Alias": "t",
                  "Startup Cost": 0.0,
                  "Total Cost": 45479.1,
                  "Plan Rows": 659,
                  "Plan Width": 0,
                  "Actual Startup Time": 71.193,
                  "Actual Total Time": 80.476,
                  "Actual Rows": 0,
                  "Actual Loops": 5,
                  "Filter": "((kind_id > 4) AND (production_year = 1917))",
                  "Rows Removed by Filter": 505662
                }
              ]
            }
          ]
        }
      ]
    },
    "Planning Time": 0.2,
    "Triggers": [],
    "Execution Time": 98.511
  }
]