[
    {
        "Bao": {
            "Bao prediction": 445.974,
            "Bao recommended hint": "(no hint)"
        }
    },
    {
        "Plan": {
            "Node Type": "Aggregate",
            "Strategy": "Plain",
            "Partial Mode": "Finalize",
            "Parallel Aware": false,
            "Startup Cost": 44372.56,
            "Total Cost": 44372.57,
            "Plan Rows": 1,
            "Plan Width": 8,
            "Actual Startup Time": 158.417,
            "Actual Total Time": 166.654,
            "Actual Rows": 1,
            "Actual Loops": 1,
            "Output": [
                "count(*)"
            ],
            "Plans": [
                {
                    "Node Type": "Gather",
                    "Parent Relationship": "Outer",
                    "Parallel Aware": false,
                    "Startup Cost": 44372.24,
                    "Total Cost": 44372.55,
                    "Plan Rows": 3,
                    "Plan Width": 8,
                    "Actual Startup Time": 158.267,
                    "Actual Total Time": 166.645,
                    "Actual Rows": 4,
                    "Actual Loops": 1,
                    "Output": [
                        "(PARTIAL count(*))"
                    ],
                    "Workers Planned": 3,
                    "Workers Launched": 3,
                    "Single Copy": false,
                    "Plans": [
                        {
                            "Node Type": "Aggregate",
                            "Strategy": "Plain",
                            "Partial Mode": "Partial",
                            "Parent Relationship": "Outer",
                            "Parallel Aware": false,
                            "Startup Cost": 43372.24,
                            "Total Cost": 43372.25,
                            "Plan Rows": 1,
                            "Plan Width": 8,
                            "Actual Startup Time": 150.322,
                            "Actual Total Time": 150.323,
                            "Actual Rows": 1,
                            "Actual Loops": 4,
                            "Output": [
                                "PARTIAL count(*)"
                            ],
                            "Workers": [
                                {
                                    "Worker Number": 0,
                                    "Actual Startup Time": 147.612,
                                    "Actual Total Time": 147.613,
                                    "Actual Rows": 1,
                                    "Actual Loops": 1
                                },
                                {
                                    "Worker Number": 1,
                                    "Actual Startup Time": 147.676,
                                    "Actual Total Time": 147.677,
                                    "Actual Rows": 1,
                                    "Actual Loops": 1
                                },
                                {
                                    "Worker Number": 2,
                                    "Actual Startup Time": 148.415,
                                    "Actual Total Time": 148.416,
                                    "Actual Rows": 1,
                                    "Actual Loops": 1
                                }
                            ],
                            "Plans": [
                                {
                                    "Node Type": "Seq Scan",
                                    "Parent Relationship": "Outer",
                                    "Parallel Aware": true,
                                    "Relation Name": "movie_keyword",
                                    "Schema": "public",
                                    "Alias": "mk",
                                    "Startup Cost": 0.0,
                                    "Total Cost": 42695.65,
                                    "Plan Rows": 270636,
                                    "Plan Width": 0,
                                    "Actual Startup Time": 5.235,
                                    "Actual Total Time": 134.6,
                                    "Actual Rows": 204275,
                                    "Actual Loops": 4,
                                    "Output": [
                                        "id",
                                        "movie_id",
                                        "keyword_id"
                                    ],
                                    "Filter": "(mk.keyword_id > 22403)",
                                    "Rows Removed by Filter": 926708,
                                    "Workers": [
                                        {
                                            "Worker Number": 0,
                                            "Actual Startup Time": 2.548,
                                            "Actual Total Time": 132.284,
                                            "Actual Rows": 192178,
                                            "Actual Loops": 1
                                        },
                                        {
                                            "Worker Number": 1,
                                            "Actual Startup Time": 2.6,
                                            "Actual Total Time": 132.518,
                                            "Actual Rows": 191523,
                                            "Actual Loops": 1
                                        },
                                        {
                                            "Worker Number": 2,
                                            "Actual Startup Time": 3.312,
                                            "Actual Total Time": 133.034,
                                            "Actual Rows": 196338,
                                            "Actual Loops": 1
                                        }
                                    ]
                                }
                            ]
                        }
                    ]
                }
            ]
        },
        "Planning Time": 2929.285,
        "Triggers": [],
        "Execution Time": 166.743
    }
]