[
  {
    "Plan": {
      "Node Type": "Aggregate",
      "Strategy": "Plain",
      "Partial Mode": "Finalize",
      "Parallel Aware": false,
      "Startup Cost": 76102.05,
      "Total Cost": 76102.06,
      "Plan Rows": 1,
      "Plan Width": 8,
      "Actual Startup Time": 232.478,
      "Actual Total Time": 248.867,
      "Actual Rows": 1,
      "Actual Loops": 1,
      "Plans": [
        {
          "Node Type": "Gather",
          "Parent Relationship": "Outer",
          "Parallel Aware": false,
          "Startup Cost": 76101.73,
          "Total Cost": 76102.04,
          "Plan Rows": 3,
          "Plan Width": 8,
          "Actual Startup Time": 230.827,
          "Actual Total Time": 248.856,
          "Actual Rows": 4,
          "Actual Loops": 1,
          "Workers Planned": 3,
          "Workers Launched": 3,
          "Single Copy": false,
          "Plans": [
            {
              "Node Type": "Aggregate",
              "Strategy": "Plain",
              "Partial Mode": "Partial",
              "Parent Relationship": "Outer",
              "Parallel Aware": false,
              "Startup Cost": 75101.73,
              "Total Cost": 75101.74,
              "Plan Rows": 1,
              "Plan Width": 8,
              "Actual Startup Time": 222.063,
              "Actual Total Time": 222.067,
              "Actual Rows": 1,
              "Actual Loops": 4,
              "Plans": [
                {
                  "Node Type": "Hash Join",
                  "Parent Relationship": "Outer",
                  "Parallel Aware": true,
                  "Join Type": "Inner",
                  "Startup Cost": 49579.19,
                  "Total Cost": 75076.8,
                  "Plan Rows": 9970,
                  "Plan Width": 0,
                  "Actual Startup Time": 160.694,
                  "Actual Total Time": 220.998,
                  "Actual Rows": 16244,
                  "Actual Loops": 4,
                  "Inner Unique": true,
                  "Hash Cond": "(mk.movie_id = t.id)",
                  "Plans": [
                    {
                      "Node Type": "Bitmap Heap Scan",
                      "Parent Relationship": "Outer",
                      "Parallel Aware": true,
                      "Relation Name": "movie_keyword",
                      "Alias": "mk",
                      "Startup Cost": 4538.13,
                      "Total Cost": 29854.62,
                      "Plan Rows": 68999,
                      "Plan Width": 4,
                      "Actual Startup Time": 15.648,
                      "Actual Total Time": 59.353,
                      "Actual Rows": 54299,
                      "Actual Loops": 4,
                      "Recheck Cond": "(keyword_id < 146)",
                      "Rows Removed by Index Recheck": 0,
                      "Exact Heap Blocks": 8479,
                      "Lossy Heap Blocks": 0,
                      "Plans": [
                        {
                          "Node Type": "Bitmap Index Scan",
                          "Parent Relationship": "Outer",
                          "Parallel Aware": false,
                          "Index Name": "keyword_id_movie_keyword",
                          "Startup Cost": 0.0,
                          "Total Cost": 4484.66,
                          "Plan Rows": 213897,
                          "Plan Width": 0,
                          "Actual Startup Time": 12.198,
                          "Actual Total Time": 12.199,
                          "Actual Rows": 217196,
                          "Actual Loops": 1,
                          "Index Cond": "(keyword_id < 146)"
                        }
                      ]
                    },
                    {
                      "Node Type": "Hash",
                      "Parent Relationship": "Inner",
                      "Parallel Aware": true,
                      "Startup Cost": 43899.32,
                      "Total Cost": 43899.32,
                      "Plan Rows": 91339,
                      "Plan Width": 4,
                      "Actual Startup Time": 141.899,
                      "Actual Total Time": 141.9,
                      "Actual Rows": 95358,
                      "Actual Loops": 4,
                      "Hash Buckets": 524288,
                      "Original Hash Buckets": 524288,
                      "Hash Batches": 1,
                      "Original Hash Batches": 1,
                      "Peak Memory Usage": 19072,
                      "Plans": [
                        {
                          "Node Type": "Seq Scan",
                          "Parent Relationship": "Outer",
                          "Parallel Aware": true,
                          "Relation Name": "title",
                          "Alias": "t",
                          "Startup Cost": 0.0,
                          "Total Cost": 43899.32,
                          "Plan Rows": 91339,
                          "Plan Width": 4,
                          "Actual Startup Time": 0.034,
                          "Actual Total Time": 106.436,
                          "Actual Rows": 95358,
                          "Actual Loops": 4,
                          "Filter": "(production_year < 1971)",
                          "Rows Removed by Filter": 536720
                        }
                      ]
                    }
                  ]
                }
              ]
            }
          ]
        }
      ]
    },
    "Planning Time": 0.666,
    "Triggers": [],
    "Execution Time": 248.968
  }
]