[
  {
    "Plan": {
      "Node Type": "Aggregate",
      "Strategy": "Plain",
      "Partial Mode": "Finalize",
      "Parallel Aware": false,
      "Startup Cost": 390554.03,
      "Total Cost": 390554.04,
      "Plan Rows": 1,
      "Plan Width": 8,
      "Actual Startup Time": 1356.765,
      "Actual Total Time": 1381.9,
      "Actual Rows": 1,
      "Actual Loops": 1,
      "Plans": [
        {
          "Node Type": "Gather",
          "Parent Relationship": "Outer",
          "Parallel Aware": false,
          "Startup Cost": 390553.41,
          "Total Cost": 390554.02,
          "Plan Rows": 6,
          "Plan Width": 8,
          "Actual Startup Time": 1351.956,
          "Actual Total Time": 1381.89,
          "Actual Rows": 7,
          "Actual Loops": 1,
          "Workers Planned": 6,
          "Workers Launched": 6,
          "Single Copy": false,
          "Plans": [
            {
              "Node Type": "Aggregate",
              "Strategy": "Plain",
              "Partial Mode": "Partial",
              "Parent Relationship": "Outer",
              "Parallel Aware": false,
              "Startup Cost": 389553.41,
              "Total Cost": 389553.42,
              "Plan Rows": 1,
              "Plan Width": 8,
              "Actual Startup Time": 1344.572,
              "Actual Total Time": 1344.574,
              "Actual Rows": 1,
              "Actual Loops": 7,
              "Plans": [
                {
                  "Node Type": "Hash Join",
                  "Parent Relationship": "Outer",
                  "Parallel Aware": true,
                  "Join Type": "Inner",
                  "Startup Cost": 47532.88,
                  "Total Cost": 386813.74,
                  "Plan Rows": 1095868,
                  "Plan Width": 0,
                  "Actual Startup Time": 104.26,
                  "Actual Total Time": 1295.694,
                  "Actual Rows": 1077659,
                  "Actual Loops": 7,
                  "Inner Unique": true,
                  "Hash Cond": "(ci.movie_id = t.id)",
                  "Plans": [
                    {
                      "Node Type": "Seq Scan",
                      "Parent Relationship": "Outer",
                      "Parallel Aware": true,
                      "Relation Name": "cast_info",
                      "Alias": "ci",
                      "Startup Cost": 0.0,
                      "Total Cost": 328213.62,
                      "Plan Rows": 4216082,
                      "Plan Width": 4,
                      "Actual Startup Time": 0.021,
                      "Actual Total Time": 520.936,
                      "Actual Rows": 3604039,
                      "Actual Loops": 7,
                      "Filter": "(person_id < 2602502)",
                      "Rows Removed by Filter": 1573725
                    },
                    {
                      "Node Type": "Hash",
                      "Parent Relationship": "Inner",
                      "Parallel Aware": true,
                      "Startup Cost": 45479.21,
                      "Total Cost": 45479.21,
                      "Plan Rows": 164294,
                      "Plan Width": 4,
                      "Actual Startup Time": 102.111,
                      "Actual Total Time": 102.112,
                      "Actual Rows": 98008,
                      "Actual Loops": 7,
                      "Hash Buckets": 1048576,
                      "Original Hash Buckets": 1048576,
                      "Hash Batches": 1,
                      "Original Hash Batches": 1,
                      "Peak Memory Usage": 35104,
                      "Plans": [
                        {
                          "Node Type": "Seq Scan",
                          "Parent Relationship": "Outer",
                          "Parallel Aware": true,
                          "Relation Name": "title",
                          "Alias": "t",
                          "Startup Cost": 0.0,
                          "Total Cost": 45479.21,
                          "Plan Rows": 164294,
                          "Plan Width": 4,
                          "Actual Startup Time": 0.031,
                          "Actual Total Time": 65.259,
                          "Actual Rows": 98008,
                          "Actual Loops": 7,
                          "Filter": "((kind_id < 4) AND (production_year < 2010))",
                          "Rows Removed by Filter": 263180
                        }
                      ]
                    }
                  ]
                }
              ]
            }
          ]
        }
      ]
    },
    "Planning Time": 0.255,
    "Triggers": [],
    "Execution Time": 1381.953
  }
]