[
  {
    "Plan": {
      "Node Type": "Aggregate",
      "Strategy": "Plain",
      "Partial Mode": "Finalize",
      "Parallel Aware": false,
      "Startup Cost": 84102.87,
      "Total Cost": 84102.88,
      "Plan Rows": 1,
      "Plan Width": 8,
      "Actual Startup Time": 491.76,
      "Actual Total Time": 510.537,
      "Actual Rows": 1,
      "Actual Loops": 1,
      "Plans": [
        {
          "Node Type": "Gather",
          "Parent Relationship": "Outer",
          "Parallel Aware": false,
          "Startup Cost": 84102.56,
          "Total Cost": 84102.87,
          "Plan Rows": 3,
          "Plan Width": 8,
          "Actual Startup Time": 484.849,
          "Actual Total Time": 510.515,
          "Actual Rows": 4,
          "Actual Loops": 1,
          "Workers Planned": 3,
          "Workers Launched": 3,
          "Single Copy": false,
          "Plans": [
            {
              "Node Type": "Aggregate",
              "Strategy": "Plain",
              "Partial Mode": "Partial",
              "Parent Relationship": "Outer",
              "Parallel Aware": false,
              "Startup Cost": 83102.56,
              "Total Cost": 83102.57,
              "Plan Rows": 1,
              "Plan Width": 8,
              "Actual Startup Time": 465.592,
              "Actual Total Time": 465.596,
              "Actual Rows": 1,
              "Actual Loops": 4,
              "Plans": [
                {
                  "Node Type": "Hash Join",
                  "Parent Relationship": "Outer",
                  "Parallel Aware": true,
                  "Join Type": "Inner",
                  "Startup Cost": 56867.66,
                  "Total Cost": 82849.95,
                  "Plan Rows": 101044,
                  "Plan Width": 0,
                  "Actual Startup Time": 387.172,
                  "Actual Total Time": 461.4,
                  "Actual Rows": 76966,
                  "Actual Loops": 4,
                  "Inner Unique": true,
                  "Hash Cond": "(mk.movie_id = t.id)",
                  "Plans": [
                    {
                      "Node Type": "Bitmap Heap Scan",
                      "Parent Relationship": "Outer",
                      "Parallel Aware": true,
                      "Relation Name": "movie_keyword",
                      "Alias": "mk",
                      "Startup Cost": 6648.01,
                      "Total Cost": 32365.06,
                      "Plan Rows": 101044,
                      "Plan Width": 4,
                      "Actual Startup Time": 21.368,
                      "Actual Total Time": 66.519,
                      "Actual Rows": 76966,
                      "Actual Loops": 4,
                      "Recheck Cond": "(keyword_id > 52877)",
                      "Rows Removed by Index Recheck": 0,
                      "Exact Heap Blocks": 5362,
                      "Lossy Heap Blocks": 0,
                      "Plans": [
                        {
                          "Node Type": "Bitmap Index Scan",
                          "Parent Relationship": "Outer",
                          "Parallel Aware": false,
                          "Index Name": "keyword_id_movie_keyword",
                          "Startup Cost": 0.0,
                          "Total Cost": 6569.7,
                          "Plan Rows": 313236,
                          "Plan Width": 0,
                          "Actual Startup Time": 18.069,
                          "Actual Total Time": 18.069,
                          "Actual Rows": 307865,
                          "Actual Loops": 1,
                          "Index Cond": "(keyword_id > 52877)"
                        }
                      ]
                    },
                    {
                      "Node Type": "Hash",
                      "Parent Relationship": "Inner",
                      "Parallel Aware": true,
                      "Startup Cost": 42318.73,
                      "Total Cost": 42318.73,
                      "Plan Rows": 632073,
                      "Plan Width": 4,
                      "Actual Startup Time": 353.982,
                      "Actual Total Time": 353.983,
                      "Actual Rows": 632078,
                      "Actual Loops": 4,
                      "Hash Buckets": 4194304,
                      "Original Hash Buckets": 4194304,
                      "Hash Batches": 1,
                      "Original Hash Batches": 1,
                      "Peak Memory Usage": 131744,
                      "Plans": [
                        {
                          "Node Type": "Seq Scan",
                          "Parent Relationship": "Outer",
                          "Parallel Aware": true,
                          "Relation Name": "title",
                          "Alias": "t",
                          "Startup Cost": 0.0,
                          "Total Cost": 42318.73,
                          "Plan Rows": 632073,
                          "Plan Width": 4,
                          "Actual Startup Time": 0.036,
                          "Actual Total Time": 104.068,
                          "Actual Rows": 632078,
                          "Actual Loops": 4
                        }
                      ]
                    }
                  ]
                }
              ]
            }
          ]
        }
      ]
    },
    "Planning Time": 0.61,
    "Triggers": [],
    "Execution Time": 510.66
  }
]