[
  {
    "Plan": {
      "Node Type": "Aggregate",
      "Strategy": "Plain",
      "Partial Mode": "Finalize",
      "Parallel Aware": false,
      "Startup Cost": 292409.73,
      "Total Cost": 292409.74,
      "Plan Rows": 1,
      "Plan Width": 8,
      "Actual Startup Time": 1273.918,
      "Actual Total Time": 1318.465,
      "Actual Rows": 1,
      "Actual Loops": 1,
      "Plans": [
        {
          "Node Type": "Gather",
          "Parent Relationship": "Outer",
          "Parallel Aware": false,
          "Startup Cost": 292409.21,
          "Total Cost": 292409.72,
          "Plan Rows": 5,
          "Plan Width": 8,
          "Actual Startup Time": 1259.47,
          "Actual Total Time": 1318.455,
          "Actual Rows": 6,
          "Actual Loops": 1,
          "Workers Planned": 5,
          "Workers Launched": 5,
          "Single Copy": false,
          "Plans": [
            {
              "Node Type": "Aggregate",
              "Strategy": "Plain",
              "Partial Mode": "Partial",
              "Parent Relationship": "Outer",
              "Parallel Aware": false,
              "Startup Cost": 291409.21,
              "Total Cost": 291409.22,
              "Plan Rows": 1,
              "Plan Width": 8,
              "Actual Startup Time": 1248.576,
              "Actual Total Time": 1249.021,
              "Actual Rows": 1,
              "Actual Loops": 6,
              "Plans": [
                {
                  "Node Type": "Hash Join",
                  "Parent Relationship": "Outer",
                  "Parallel Aware": true,
                  "Join Type": "Inner",
                  "Startup Cost": 79878.38,
                  "Total Cost": 289892.41,
                  "Plan Rows": 606717,
                  "Plan Width": 0,
                  "Actual Startup Time": 375.685,
                  "Actual Total Time": 1209.181,
                  "Actual Rows": 897033,
                  "Actual Loops": 6,
                  "Inner Unique": false,
                  "Hash Cond": "(mi.movie_id = t.id)",
                  "Plans": [
                    {
                      "Node Type": "Seq Scan",
                      "Parent Relationship": "Outer",
                      "Parallel Aware": true,
                      "Relation Name": "movie_info",
                      "Alias": "mi",
                      "Startup Cost": 0.0,
                      "Total Cost": 198952.16,
                      "Plan Rows": 2545353,
                      "Plan Width": 4,
                      "Actual Startup Time": 0.033,
                      "Actual Total Time": 364.301,
                      "Actual Rows": 2124109,
                      "Actual Loops": 6,
                      "Filter": "(info_type_id > 2)",
                      "Rows Removed by Filter": 348511
                    },
                    {
                      "Node Type": "Hash",
                      "Parent Relationship": "Inner",
                      "Parallel Aware": true,
                      "Startup Cost": 77995.09,
                      "Total Cost": 77995.09,
                      "Plan Rows": 150663,
                      "Plan Width": 8,
                      "Actual Startup Time": 370.641,
                      "Actual Total Time": 371.084,
                      "Actual Rows": 128090,
                      "Actual Loops": 6,
                      "Hash Buckets": 1048576,
                      "Original Hash Buckets": 1048576,
                      "Hash Batches": 1,
                      "Original Hash Batches": 1,
                      "Peak Memory Usage": 38304,
                      "Plans": [
                        {
                          "Node Type": "Hash Join",
                          "Parent Relationship": "Outer",
                          "Parallel Aware": true,
                          "Join Type": "Inner",
                          "Startup Cost": 48395.42,
                          "Total Cost": 77995.09,
                          "Plan Rows": 150663,
                          "Plan Width": 8,
                          "Actual Startup Time": 200.737,
                          "Actual Total Time": 316.169,
                          "Actual Rows": 128090,
                          "Actual Loops": 6,
                          "Inner Unique": true,
                          "Hash Cond": "(ci.movie_id = t.id)",
                          "Plans": [
                            {
                              "Node Type": "Index Scan",
                              "Parent Relationship": "Outer",
                              "Parallel Aware": true,
                              "Scan Direction": "Forward",
                              "Index Name": "role_id_cast_info",
                              "Relation Name": "cast_info",
                              "Alias": "ci",
                              "Startup Cost": 0.56,
                              "Total Cost": 28905.22,
                              "Plan Rows": 264766,
                              "Plan Width": 4,
                              "Actual Startup Time": 0.125,
                              "Actual Total Time": 32.77,
                              "Actual Rows": 182260,
                              "Actual Loops": 6,
                              "Index Cond": "(role_id = 9)",
                              "Rows Removed by Index Recheck": 0
                            },
                            {
                              "Node Type": "Hash",
                              "Parent Relationship": "Inner",
                              "Parallel Aware": true,
                              "Startup Cost": 43898.92,
                              "Total Cost": 43898.92,
                              "Plan Rows": 359675,
                              "Plan Width": 4,
                              "Actual Startup Time": 197.418,
                              "Actual Total Time": 197.42,
                              "Actual Rows": 239078,
                              "Actual Loops": 6,
                              "Hash Buckets": 2097152,
                              "Original Hash Buckets": 2097152,
                              "Hash Batches": 1,
                              "Original Hash Batches": 1,
                              "Peak Memory Usage": 72640,
                              "Plans": [
                                {
                                  "Node Type": "Seq Scan",
                                  "Parent Relationship": "Outer",
                                  "Parallel Aware": true,
                                  "Relation Name": "title",
                                  "Alias": "t",
                                  "Startup Cost": 0.0,
                                  "Total Cost": 43898.92,
                                  "Plan Rows": 359675,
                                  "Plan Width": 4,
                                  "Actual Startup Time": 0.042,
                                  "Actual Total Time": 87.57,
                                  "Actual Rows": 239078,
                                  "Actual Loops": 6,
                                  "Filter": "(production_year > 1999)",
                                  "Rows Removed by Filter": 182308
                                }
                              ]
                            }
                          ]
                        }
                      ]
                    }
                  ]
                }
              ]
            }
          ]
        }
      ]
    },
    "Planning Time": 1.304,
    "Triggers": [],
    "Execution Time": 1318.562
  }
]