[
  {
    "Plan": {
      "Node Type": "Aggregate",
      "Strategy": "Plain",
      "Partial Mode": "Finalize",
      "Parallel Aware": false,
      "Startup Cost": 332186.0,
      "Total Cost": 332186.01,
      "Plan Rows": 1,
      "Plan Width": 8,
      "Actual Startup Time": 718.155,
      "Actual Total Time": 764.559,
      "Actual Rows": 1,
      "Actual Loops": 1,
      "Plans": [
        {
          "Node Type": "Gather",
          "Parent Relationship": "Outer",
          "Parallel Aware": false,
          "Startup Cost": 332185.37,
          "Total Cost": 332185.98,
          "Plan Rows": 6,
          "Plan Width": 8,
          "Actual Startup Time": 717.851,
          "Actual Total Time": 764.545,
          "Actual Rows": 7,
          "Actual Loops": 1,
          "Workers Planned": 6,
          "Workers Launched": 6,
          "Single Copy": false,
          "Plans": [
            {
              "Node Type": "Aggregate",
              "Strategy": "Plain",
              "Partial Mode": "Partial",
              "Parent Relationship": "Outer",
              "Parallel Aware": false,
              "Startup Cost": 331185.37,
              "Total Cost": 331185.38,
              "Plan Rows": 1,
              "Plan Width": 8,
              "Actual Startup Time": 709.772,
              "Actual Total Time": 709.774,
              "Actual Rows": 1,
              "Actual Loops": 7,
              "Plans": [
                {
                  "Node Type": "Seq Scan",
                  "Parent Relationship": "Outer",
                  "Parallel Aware": true,
                  "Relation Name": "cast_info",
                  "Alias": "ci",
                  "Startup Cost": 0.0,
                  "Total Cost": 328211.39,
                  "Plan Rows": 1189592,
                  "Plan Width": 0,
                  "Actual Startup Time": 0.053,
                  "Actual Total Time": 651.093,
                  "Actual Rows": 1038907,
                  "Actual Loops": 7,
                  "Filter": "(person_id < 702912)",
                  "Rows Removed by Filter": 4138856
                }
              ]
            }
          ]
        }
      ]
    },
    "Planning Time": 0.115,
    "Triggers": [],
    "Execution Time": 764.597
  }
]