[
  {
    "Plan": {
      "Node Type": "Aggregate",
      "Strategy": "Plain",
      "Partial Mode": "Finalize",
      "Parallel Aware": false,
      "Startup Cost": 48765.04,
      "Total Cost": 48765.05,
      "Plan Rows": 1,
      "Plan Width": 8,
      "Actual Startup Time": 104.59,
      "Actual Total Time": 119.24,
      "Actual Rows": 1,
      "Actual Loops": 1,
      "Plans": [
        {
          "Node Type": "Gather",
          "Parent Relationship": "Outer",
          "Parallel Aware": false,
          "Startup Cost": 48764.62,
          "Total Cost": 48765.03,
          "Plan Rows": 4,
          "Plan Width": 8,
          "Actual Startup Time": 104.454,
          "Actual Total Time": 119.231,
          "Actual Rows": 5,
          "Actual Loops": 1,
          "Workers Planned": 4,
          "Workers Launched": 4,
          "Single Copy": false,
          "Plans": [
            {
              "Node Type": "Aggregate",
              "Strategy": "Plain",
              "Partial Mode": "Partial",
              "Parent Relationship": "Outer",
              "Parallel Aware": false,
              "Startup Cost": 47764.62,
              "Total Cost": 47764.63,
              "Plan Rows": 1,
              "Plan Width": 8,
              "Actual Startup Time": 94.297,
              "Actual Total Time": 94.299,
              "Actual Rows": 1,
              "Actual Loops": 5,
              "Plans": [
                {
                  "Node Type": "Nested Loop",
                  "Parent Relationship": "Outer",
                  "Parallel Aware": false,
                  "Join Type": "Inner",
                  "Startup Cost": 0.43,
                  "Total Cost": 47764.22,
                  "Plan Rows": 158,
                  "Plan Width": 0,
                  "Actual Startup Time": 64.979,
                  "Actual Total Time": 94.273,
                  "Actual Rows": 139,
                  "Actual Loops": 5,
                  "Inner Unique": false,
                  "Plans": [
                    {
                      "Node Type": "Seq Scan",
                      "Parent Relationship": "Outer",
                      "Parallel Aware": true,
                      "Relation Name": "title",
                      "Alias": "t",
                      "Startup Cost": 0.0,
                      "Total Cost": 45479.1,
                      "Plan Rows": 289,
                      "Plan Width": 4,
                      "Actual Startup Time": 62.005,
                      "Actual Total Time": 89.59,
                      "Actual Rows": 613,
                      "Actual Loops": 5,
                      "Filter": "((kind_id < 7) AND (production_year = 1922))",
                      "Rows Removed by Filter": 505049
                    },
                    {
                      "Node Type": "Index Only Scan",
                      "Parent Relationship": "Inner",
                      "Parallel Aware": false,
                      "Scan Direction": "Forward",
                      "Index Name": "movie_id_movie_info_idx",
                      "Relation Name": "movie_info_idx",
                      "Alias": "mi_idx",
                      "Startup Cost": 0.43,
                      "Total Cost": 7.88,
                      "Plan Rows": 3,
                      "Plan Width": 4,
                      "Actual Startup Time": 0.007,
                      "Actual Total Time": 0.007,
                      "Actual Rows": 0,
                      "Actual Loops": 3065,
                      "Index Cond": "(movie_id = t.id)",
                      "Rows Removed by Index Recheck": 0,
                      "Heap Fetches": 697
                    }
                  ]
                }
              ]
            }
          ]
        }
      ]
    },
    "Planning Time": 0.644,
    "Triggers": [],
    "Execution Time": 119.321
  }
]