[
  {
    "Plan": {
      "Node Type": "Aggregate",
      "Strategy": "Plain",
      "Partial Mode": "Finalize",
      "Parallel Aware": false,
      "Startup Cost": 345986.05,
      "Total Cost": 345986.06,
      "Plan Rows": 1,
      "Plan Width": 8,
      "Actual Startup Time": 602.58,
      "Actual Total Time": 660.033,
      "Actual Rows": 1,
      "Actual Loops": 1,
      "Plans": [
        {
          "Node Type": "Gather",
          "Parent Relationship": "Outer",
          "Parallel Aware": false,
          "Startup Cost": 345985.42,
          "Total Cost": 345986.03,
          "Plan Rows": 6,
          "Plan Width": 8,
          "Actual Startup Time": 602.435,
          "Actual Total Time": 660.023,
          "Actual Rows": 7,
          "Actual Loops": 1,
          "Workers Planned": 6,
          "Workers Launched": 6,
          "Single Copy": false,
          "Plans": [
            {
              "Node Type": "Aggregate",
              "Strategy": "Plain",
              "Partial Mode": "Partial",
              "Parent Relationship": "Outer",
              "Parallel Aware": false,
              "Startup Cost": 344985.42,
              "Total Cost": 344985.43,
              "Plan Rows": 1,
              "Plan Width": 8,
              "Actual Startup Time": 591.99,
              "Actual Total Time": 591.991,
              "Actual Rows": 1,
              "Actual Loops": 7,
              "Plans": [
                {
                  "Node Type": "Seq Scan",
                  "Parent Relationship": "Outer",
                  "Parallel Aware": true,
                  "Relation Name": "cast_info",
                  "Alias": "ci",
                  "Startup Cost": 0.0,
                  "Total Cost": 343257.03,
                  "Plan Rows": 691357,
                  "Plan Width": 0,
                  "Actual Startup Time": 218.542,
                  "Actual Total Time": 580.96,
                  "Actual Rows": 260994,
                  "Actual Loops": 7,
                  "Filter": "((person_id < 630120) AND (role_id > 1))",
                  "Rows Removed by Filter": 4916770
                }
              ]
            }
          ]
        }
      ]
    },
    "Planning Time": 0.209,
    "Triggers": [],
    "Execution Time": 660.103
  }
]