{
  "Plan": {
    "Node Type": "Aggregate",
    "Strategy": "Plain",
    "Partial Mode": "Simple",
    "Parallel Aware": false,
    "Startup Cost": 428967.58,
    "Total Cost": 428967.59,
    "Plan Rows": 1,
    "Plan Width": 96,
    "Actual Startup Time": 2858.94,
    "Actual Total Time": 2872.224,
    "Actual Rows": 1,
    "Actual Loops": 1,
    "Plans": [
      {
        "Node Type": "Nested Loop",
        "Parent Relationship": "Outer",
        "Parallel Aware": false,
        "Join Type": "Inner",
        "Startup Cost": 150180.08,
        "Total Cost": 428967.57,
        "Plan Rows": 1,
        "Plan Width": 42,
        "Actual Startup Time": 2468.297,
        "Actual Total Time": 2871.713,
        "Actual Rows": 2851,
        "Actual Loops": 1,
        "Inner Unique": false,
        "Join Filter": "(mi.info_type_id = it1.id)",
        "Rows Removed by Join Filter": 191,
        "Plans": [
          {
            "Node Type": "Seq Scan",
            "Parent Relationship": "Outer",
            "Parallel Aware": false,
            "Relation Name": "info_type",
            "Alias": "it1",
            "Startup Cost": 0.0,
            "Total Cost": 2.41,
            "Plan Rows": 1,
            "Plan Width": 4,
            "Actual Startup Time": 0.015,
            "Actual Total Time": 0.024,
            "Actual Rows": 1,
            "Actual Loops": 1,
            "Filter": "((info)::text = 'countries'::text)",
            "Rows Removed by Filter": 112
          },
          {
            "Node Type": "Nested Loop",
            "Parent Relationship": "Inner",
            "Parallel Aware": false,
            "Join Type": "Inner",
            "Startup Cost": 150180.08,
            "Total Cost": 428965.15,
            "Plan Rows": 1,
            "Plan Width": 46,
            "Actual Startup Time": 1797.265,
            "Actual Total Time": 2871.326,
            "Actual Rows": 3042,
            "Actual Loops": 1,
            "Inner Unique": false,
            "Join Filter": "(mk.keyword_id = k.id)",
            "Rows Removed by Join Filter": 1034181,
            "Plans": [
              {
                "Node Type": "Seq Scan",
                "Parent Relationship": "Outer",
                "Parallel Aware": false,
                "Relation Name": "keyword",
                "Alias": "k",
                "Startup Cost": 0.0,
                "Total Cost": 2961.55,
                "Plan Rows": 4,
                "Plan Width": 4,
                "Actual Startup Time": 1.157,
                "Actual Total Time": 18.962,
                "Actual Rows": 3,
                "Actual Loops": 1,
                "Filter": "(keyword = ANY ('{murder,murder-in-title,blood,violence}'::text[]))",
                "Rows Removed by Filter": 134167
              },
              {
                "Node Type": "Materialize",
                "Parent Relationship": "Inner",
                "Parallel Aware": false,
                "Startup Cost": 150180.08,
                "Total Cost": 425888.08,
                "Plan Rows": 2009,
                "Plan Width": 50,
                "Actual Startup Time": 594.088,
                "Actual Total Time": 930.018,
                "Actual Rows": 345741,
                "Actual Loops": 3,
                "Plans": [
                  {
                    "Node Type": "Hash Join",
                    "Parent Relationship": "Outer",
                    "Parallel Aware": false,
                    "Join Type": "Inner",
                    "Startup Cost": 150180.08,
                    "Total Cost": 425878.03,
                    "Plan Rows": 2009,
                    "Plan Width": 50,
                    "Actual Startup Time": 1782.253,
                    "Actual Total Time": 2656.986,
                    "Actual Rows": 345741,
                    "Actual Loops": 1,
                    "Inner Unique": false,
                    "Hash Cond": "(mi.movie_id = t.id)",
                    "Plans": [
                      {
                        "Node Type": "Gather",
                        "Parent Relationship": "Outer",
                        "Parallel Aware": false,
                        "Startup Cost": 1000.0,
                        "Total Cost": 274197.62,
                        "Plan Rows": 665991,
                        "Plan Width": 8,
                        "Actual Startup Time": 2.018,
                        "Actual Total Time": 735.369,
                        "Actual Rows": 669336,
                        "Actual Loops": 1,
                        "Workers Planned": 5,
                        "Workers Launched": 5,
                        "Single Copy": false,
                        "Plans": [
                          {
                            "Node Type": "Seq Scan",
                            "Parent Relationship": "Outer",
                            "Parallel Aware": true,
                            "Relation Name": "movie_info",
                            "Alias": "mi",
                            "Startup Cost": 0.0,
                            "Total Cost": 206598.52,
                            "Plan Rows": 133198,
                            "Plan Width": 8,
                            "Actual Startup Time": 0.434,
                            "Actual Total Time": 811.888,
                            "Actual Rows": 111556,
                            "Actual Loops": 6,
                            "Filter": "(info = ANY ('{Germany,German,USA,American}'::text[]))",
                            "Rows Removed by Filter": 2361064
                          }
                        ]
                      },
                      {
                        "Node Type": "Hash",
                        "Parent Relationship": "Inner",
                        "Parallel Aware": false,
                        "Startup Cost": 149166.47,
                        "Total Cost": 149166.47,
                        "Plan Rows": 1089,
                        "Plan Width": 62,
                        "Actual Startup Time": 1779.674,
                        "Actual Total Time": 1792.819,
                        "Actual Rows": 344606,
                        "Actual Loops": 1,
                        "Hash Buckets": 524288,
                        "Original Hash Buckets": 2048,
                        "Hash Batches": 1,
                        "Original Hash Batches": 1,
                        "Peak Memory Usage": 36607,
                        "Plans": [
                          {
                            "Node Type": "Nested Loop",
                            "Parent Relationship": "Outer",
                            "Parallel Aware": false,
                            "Join Type": "Inner",
                            "Startup Cost": 78186.99,
                            "Total Cost": 149166.47,
                            "Plan Rows": 1089,
                            "Plan Width": 62,
                            "Actual Startup Time": 1029.872,
                            "Actual Total Time": 1694.623,
                            "Actual Rows": 344606,
                            "Actual Loops": 1,
                            "Inner Unique": false,
                            "Join Filter": "(t.kind_id = kt.id)",
                            "Rows Removed by Join Filter": 373714,
                            "Plans": [
                              {
                                "Node Type": "Seq Scan",
                                "Parent Relationship": "Outer",
                                "Parallel Aware": false,
                                "Relation Name": "kind_type",
                                "Alias": "kt",
                                "Startup Cost": 0.0,
                                "Total Cost": 1.09,
                                "Plan Rows": 2,
                                "Plan Width": 4,
                                "Actual Startup Time": 0.008,
                                "Actual Total Time": 0.017,
                                "Actual Rows": 2,
                                "Actual Loops": 1,
                                "Filter": "((kind)::text = ANY ('{movie,episode}'::text[]))",
                                "Rows Removed by Filter": 5
                              },
                              {
                                "Node Type": "Materialize",
                                "Parent Relationship": "Inner",
                                "Parallel Aware": false,
                                "Startup Cost": 78186.99,
                                "Total Cost": 149060.6,
                                "Plan Rows": 3810,
                                "Plan Width": 66,
                                "Actual Startup Time": 338.609,
                                "Actual Total Time": 810.0,
                                "Actual Rows": 359160,
                                "Actual Loops": 2,
                                "Plans": [
                                  {
                                    "Node Type": "Nested Loop",
                                    "Parent Relationship": "Outer",
                                    "Parallel Aware": false,
                                    "Join Type": "Inner",
                                    "Startup Cost": 78186.99,
                                    "Total Cost": 149041.55,
                                    "Plan Rows": 3810,
                                    "Plan Width": 66,
                                    "Actual Startup Time": 677.204,
                                    "Actual Total Time": 1454.771,
                                    "Actual Rows": 359160,
                                    "Actual Loops": 1,
                                    "Inner Unique": false,
                                    "Join Filter": "(t.id = mk.movie_id)",
                                    "Rows Removed by Join Filter": 0,
                                    "Plans": [
                                      {
                                        "Node Type": "Hash Join",
                                        "Parent Relationship": "Outer",
                                        "Parallel Aware": false,
                                        "Join Type": "Inner",
                                        "Startup Cost": 78186.55,
                                        "Total Cost": 148293.65,
                                        "Plan Rows": 380,
                                        "Plan Width": 58,
                                        "Actual Startup Time": 674.455,
                                        "Actual Total Time": 1286.841,
                                        "Actual Rows": 9035,
                                        "Actual Loops": 1,
                                        "Inner Unique": false,
                                        "Hash Cond": "(t.id = mi_idx.movie_id)",
                                        "Plans": [
                                          {
                                            "Node Type": "Seq Scan",
                                            "Parent Relationship": "Outer",
                                            "Parallel Aware": false,
                                            "Relation Name": "title",
                                            "Alias": "t",
                                            "Startup Cost": 0.0,
                                            "Total Cost": 67604.36,
                                            "Plan Rows": 666382,
                                            "Plan Width": 25,
                                            "Actual Startup Time": 0.031,
                                            "Actual Total Time": 456.175,
                                            "Actual Rows": 662065,
                                            "Actual Loops": 1,
                                            "Filter": "(production_year > 2008)",
                                            "Rows Removed by Filter": 1866247
                                          },
                                          {
                                            "Node Type": "Hash",
                                            "Parent Relationship": "Inner",
                                            "Parallel Aware": false,
                                            "Startup Cost": 78168.54,
                                            "Total Cost": 78168.54,
                                            "Plan Rows": 1441,
                                            "Plan Width": 33,
                                            "Actual Startup Time": 673.749,
                                            "Actual Total Time": 686.886,
                                            "Actual Rows": 115293,
                                            "Actual Loops": 1,
                                            "Hash Buckets": 131072,
                                            "Original Hash Buckets": 2048,
                                            "Hash Batches": 1,
                                            "Original Hash Batches": 1,
                                            "Peak Memory Usage": 8328,
                                            "Plans": [
                                              {
                                                "Node Type": "Nested Loop",
                                                "Parent Relationship": "Outer",
                                                "Parallel Aware": false,
                                                "Join Type": "Inner",
                                                "Startup Cost": 27879.02,
                                                "Total Cost": 78168.54,
                                                "Plan Rows": 1441,
                                                "Plan Width": 33,
                                                "Actual Startup Time": 291.454,
                                                "Actual Total Time": 658.954,
                                                "Actual Rows": 115293,
                                                "Actual Loops": 1,
                                                "Inner Unique": false,
                                                "Join Filter": "(mi_idx.info_type_id = it2.id)",
                                                "Rows Removed by Join Filter": 342316,
                                                "Plans": [
                                                  {
                                                    "Node Type": "Seq Scan",
                                                    "Parent Relationship": "Outer",
                                                    "Parallel Aware": false,
                                                    "Relation Name": "info_type",
                                                    "Alias": "it2",
                                                    "Startup Cost": 0.0,
                                                    "Total Cost": 2.41,
                                                    "Plan Rows": 1,
                                                    "Plan Width": 4,
                                                    "Actual Startup Time": 0.009,
                                                    "Actual Total Time": 0.017,
                                                    "Actual Rows": 1,
                                                    "Actual Loops": 1,
                                                    "Filter": "((info)::text = 'rating'::text)",
                                                    "Rows Removed by Filter": 112
                                                  },
                                                  {
                                                    "Node Type": "Gather",
                                                    "Parent Relationship": "Inner",
                                                    "Parallel Aware": false,
                                                    "Startup Cost": 27879.02,
                                                    "Total Cost": 76130.07,
                                                    "Plan Rows": 162885,
                                                    "Plan Width": 37,
                                                    "Actual Startup Time": 291.43,
                                                    "Actual Total Time": 625.937,
                                                    "Actual Rows": 457609,
                                                    "Actual Loops": 1,
                                                    "Workers Planned": 3,
                                                    "Workers Launched": 2,
                                                    "Single Copy": false,
                                                    "Plans": [
                                                      {
                                                        "Node Type": "Hash Join",
                                                        "Parent Relationship": "Outer",
                                                        "Parallel Aware": true,
                                                        "Join Type": "Inner",
                                                        "Startup Cost": 26879.02,
                                                        "Total Cost": 58841.57,
                                                        "Plan Rows": 52544,
                                                        "Plan Width": 37,
                                                        "Actual Startup Time": 282.43,
                                                        "Actual Total Time": 553.26,
                                                        "Actual Rows": 152536,
                                                        "Actual Loops": 3,
                                                        "Inner Unique": false,
                                                        "Hash Cond": "(mc.movie_id = mi_idx.movie_id)",
                                                        "Plans": [
                                                          {
                                                            "Node Type": "Hash Join",
                                                            "Parent Relationship": "Outer",
                                                            "Parallel Aware": false,
                                                            "Join Type": "Inner",
                                                            "Startup Cost": 5646.61,
                                                            "Total Cost": 37302.61,
                                                            "Plan Rows": 23365,
                                                            "Plan Width": 23,
                                                            "Actual Startup Time": 39.315,
                                                            "Actual Total Time": 263.238,
                                                            "Actual Rows": 82796,
                                                            "Actual Loops": 3,
                                                            "Inner Unique": true,
                                                            "Hash Cond": "(mc.company_type_id = ct.id)",
                                                            "Plans": [
                                                              {
                                                                "Node Type": "Hash Join",
                                                                "Parent Relationship": "Outer",
                                                                "Parallel Aware": true,
                                                                "Join Type": "Inner",
                                                                "Startup Cost": 5645.52,
                                                                "Total Cost": 37175.21,
                                                                "Plan Rows": 23365,
                                                                "Plan Width": 27,
                                                                "Actual Startup Time": 39.241,
                                                                "Actual Total Time": 250.432,
                                                                "Actual Rows": 82796,
                                                                "Actual Loops": 3,
                                                                "Inner Unique": true,
                                                                "Hash Cond": "(mc.company_id = cn.id)",
                                                                "Plans": [
                                                                  {
                                                                    "Node Type": "Seq Scan",
                                                                    "Parent Relationship": "Outer",
                                                                    "Parallel Aware": true,
                                                                    "Relation Name": "movie_companies",
                                                                    "Alias": "mc",
                                                                    "Startup Cost": 0.0,
                                                                    "Total Cost": 31414.82,
                                                                    "Plan Rows": 43760,
                                                                    "Plan Width": 12,
                                                                    "Actual Startup Time": 0.027,
                                                                    "Actual Total Time": 180.354,
                                                                    "Actual Rows": 101090,
                                                                    "Actual Loops": 3,
                                                                    "Filter": "((note !~~ '%(USA)%'::text) AND (note ~~ '%(200%)%'::text))",
                                                                    "Rows Removed by Filter": 768619
                                                                  },
                                                                  {
                                                                    "Node Type": "Hash",
                                                                    "Parent Relationship": "Inner",
                                                                    "Parallel Aware": true,
                                                                    "Startup Cost": 4722.92,
                                                                    "Total Cost": 4722.92,
                                                                    "Plan Rows": 73808,
                                                                    "Plan Width": 23,
                                                                    "Actual Startup Time": 37.296,
                                                                    "Actual Total Time": 37.298,
                                                                    "Actual Rows": 42077,
                                                                    "Actual Loops": 3,
                                                                    "Hash Buckets": 131072,
                                                                    "Original Hash Buckets": 131072,
                                                                    "Hash Batches": 1,
                                                                    "Original Hash Batches": 1,
                                                                    "Peak Memory Usage": 8256,
                                                                    "Plans": [
                                                                      {
                                                                        "Node Type": "Seq Scan",
                                                                        "Parent Relationship": "Outer",
                                                                        "Parallel Aware": true,
                                                                        "Relation Name": "company_name",
                                                                        "Alias": "cn",
                                                                        "Startup Cost": 0.0,
                                                                        "Total Cost": 4722.92,
                                                                        "Plan Rows": 73808,
                                                                        "Plan Width": 23,
                                                                        "Actual Startup Time": 0.049,
                                                                        "Actual Total Time": 19.472,
                                                                        "Actual Rows": 42077,
                                                                        "Actual Loops": 3,
                                                                        "Filter": "((country_code)::text <> '[us]'::text)",
                                                                        "Rows Removed by Filter": 36256
                                                                      }
                                                                    ]
                                                                  }
                                                                ]
                                                              },
                                                              {
                                                                "Node Type": "Hash",
                                                                "Parent Relationship": "Inner",
                                                                "Parallel Aware": false,
                                                                "Startup Cost": 1.04,
                                                                "Total Cost": 1.04,
                                                                "Plan Rows": 4,
                                                                "Plan Width": 4,
                                                                "Actual Startup Time": 0.038,
                                                                "Actual Total Time": 0.039,
                                                                "Actual Rows": 4,
                                                                "Actual Loops": 3,
                                                                "Hash Buckets": 1024,
                                                                "Original Hash Buckets": 1024,
                                                                "Hash Batches": 1,
                                                                "Original Hash Batches": 1,
                                                                "Peak Memory Usage": 9,
                                                                "Plans": [
                                                                  {
                                                                    "Node Type": "Seq Scan",
                                                                    "Parent Relationship": "Outer",
                                                                    "Parallel Aware": false,
                                                                    "Relation Name": "company_type",
                                                                    "Alias": "ct",
                                                                    "Startup Cost": 0.0,
                                                                    "Total Cost": 1.04,
                                                                    "Plan Rows": 4,
                                                                    "Plan Width": 4,
                                                                    "Actual Startup Time": 0.03,
                                                                    "Actual Total Time": 0.032,
                                                                    "Actual Rows": 4,
                                                                    "Actual Loops": 3
                                                                  }
                                                                ]
                                                              }
                                                            ]
                                                          },
                                                          {
                                                            "Node Type": "Hash",
                                                            "Parent Relationship": "Inner",
                                                            "Parallel Aware": true,
                                                            "Startup Cost": 15122.68,
                                                            "Total Cost": 15122.68,
                                                            "Plan Rows": 488778,
                                                            "Plan Width": 14,
                                                            "Actual Startup Time": 235.425,
                                                            "Actual Total Time": 235.426,
                                                            "Actual Rows": 390987,
                                                            "Actual Loops": 3,
                                                            "Hash Buckets": 2097152,
                                                            "Original Hash Buckets": 2097152,
                                                            "Hash Batches": 1,
                                                            "Original Hash Batches": 1,
                                                            "Peak Memory Usage": 75072,
                                                            "Plans": [
                                                              {
                                                                "Node Type": "Seq Scan",
                                                                "Parent Relationship": "Outer",
                                                                "Parallel Aware": true,
                                                                "Relation Name": "movie_info_idx",
                                                                "Alias": "mi_idx",
                                                                "Startup Cost": 0.0,
                                                                "Total Cost": 15122.68,
                                                                "Plan Rows": 488778,
                                                                "Plan Width": 14,
                                                                "Actual Startup Time": 0.08,
                                                                "Actual Total Time": 98.584,
                                                                "Actual Rows": 390987,
                                                                "Actual Loops": 3,
                                                                "Filter": "(info < '7.0'::text)",
                                                                "Rows Removed by Filter": 69025
                                                              }
                                                            ]
                                                          }
                                                        ]
                                                      }
                                                    ]
                                                  }
                                                ]
                                              }
                                            ]
                                          }
                                        ]
                                      },
                                      {
                                        "Node Type": "Index Scan",
                                        "Parent Relationship": "Inner",
                                        "Parallel Aware": false,
                                        "Scan Direction": "Forward",
                                        "Index Name": "movie_id_movie_keyword",
                                        "Relation Name": "movie_keyword",
                                        "Alias": "mk",
                                        "Startup Cost": 0.43,
                                        "Total Cost": 1.39,
                                        "Plan Rows": 46,
                                        "Plan Width": 8,
                                        "Actual Startup Time": 0.008,
                                        "Actual Total Time": 0.013,
                                        "Actual Rows": 40,
                                        "Actual Loops": 9035,
                                        "Index Cond": "(movie_id = mi_idx.movie_id)",
                                        "Rows Removed by Index Recheck": 0
                                      }
                                    ]
                                  }
                                ]
                              }
                            ]
                          }
                        ]
                      }
                    ]
                  }
                ]
              }
            ]
          }
        ]
      }
    ]
  },
  "Planning Time": 43.01,
  "Triggers": [],
  "Execution Time": 2898.364
}