{
  "Plan": {
    "Node Type": "Aggregate",
    "Strategy": "Plain",
    "Partial Mode": "Finalize",
    "Parallel Aware": false,
    "Startup Cost": 495781.41,
    "Total Cost": 495781.42,
    "Plan Rows": 1,
    "Plan Width": 8,
    "Actual Startup Time": 7725.434,
    "Actual Total Time": 7767.04,
    "Actual Rows": 1,
    "Actual Loops": 1,
    "Plans": [
      {
        "Node Type": "Gather",
        "Parent Relationship": "Outer",
        "Parallel Aware": false,
        "Startup Cost": 495781.29,
        "Total Cost": 495781.4,
        "Plan Rows": 1,
        "Plan Width": 8,
        "Actual Startup Time": 7725.401,
        "Actual Total Time": 7767.03,
        "Actual Rows": 2,
        "Actual Loops": 1,
        "Workers Planned": 1,
        "Workers Launched": 1,
        "Single Copy": false,
        "Plans": [
          {
            "Node Type": "Aggregate",
            "Strategy": "Plain",
            "Partial Mode": "Partial",
            "Parent Relationship": "Outer",
            "Parallel Aware": false,
            "Startup Cost": 494781.29,
            "Total Cost": 494781.3,
            "Plan Rows": 1,
            "Plan Width": 8,
            "Actual Startup Time": 7719.314,
            "Actual Total Time": 7719.316,
            "Actual Rows": 1,
            "Actual Loops": 2,
            "Plans": [
              {
                "Node Type": "Merge Join",
                "Parent Relationship": "Outer",
                "Parallel Aware": false,
                "Join Type": "Inner",
                "Startup Cost": 21.13,
                "Total Cost": 489849.67,
                "Plan Rows": 1972648,
                "Plan Width": 0,
                "Actual Startup Time": 8.752,
                "Actual Total Time": 7115.306,
                "Actual Rows": 14524769,
                "Actual Loops": 2,
                "Inner Unique": false,
                "Merge Cond": "(t.id = mc.movie_id)",
                "Plans": [
                  {
                    "Node Type": "Merge Join",
                    "Parent Relationship": "Outer",
                    "Parallel Aware": false,
                    "Join Type": "Inner",
                    "Startup Cost": 14.31,
                    "Total Cost": 312628.47,
                    "Plan Rows": 2495118,
                    "Plan Width": 8,
                    "Actual Startup Time": 8.022,
                    "Actual Total Time": 2095.946,
                    "Actual Rows": 2226447,
                    "Actual Loops": 2,
                    "Inner Unique": true,
                    "Merge Cond": "(mk.movie_id = t.id)",
                    "Plans": [
                      {
                        "Node Type": "Index Only Scan",
                        "Parent Relationship": "Outer",
                        "Parallel Aware": true,
                        "Scan Direction": "Forward",
                        "Index Name": "movie_id_movie_keyword",
                        "Relation Name": "movie_keyword",
                        "Alias": "mk",
                        "Startup Cost": 0.43,
                        "Total Cost": 158560.11,
                        "Plan Rows": 2661135,
                        "Plan Width": 4,
                        "Actual Startup Time": 0.122,
                        "Actual Total Time": 503.239,
                        "Actual Rows": 2261958,
                        "Actual Loops": 2,
                        "Heap Fetches": 4523915
                      },
                      {
                        "Node Type": "Index Scan",
                        "Parent Relationship": "Inner",
                        "Parallel Aware": false,
                        "Scan Direction": "Forward",
                        "Index Name": "title_pkey",
                        "Relation Name": "title",
                        "Alias": "t",
                        "Startup Cost": 0.43,
                        "Total Cost": 116660.7,
                        "Plan Rows": 2370563,
                        "Plan Width": 4,
                        "Actual Startup Time": 0.088,
                        "Actual Total Time": 1229.26,
                        "Actual Rows": 2365752,
                        "Actual Loops": 2,
                        "Filter": "(production_year > 1920)",
                        "Rows Removed by Filter": 159967
                      }
                    ]
                  },
                  {
                    "Node Type": "Index Scan",
                    "Parent Relationship": "Inner",
                    "Parallel Aware": false,
                    "Scan Direction": "Forward",
                    "Index Name": "movie_id_movie_companies",
                    "Relation Name": "movie_companies",
                    "Alias": "mc",
                    "Startup Cost": 0.43,
                    "Total Cost": 146582.27,
                    "Plan Rows": 1998877,
                    "Plan Width": 4,
                    "Actual Startup Time": 0.073,
                    "Actual Total Time": 3594.478,
                    "Actual Rows": 16037810,
                    "Actual Loops": 2,
                    "Filter": "(company_id > 707)",
                    "Rows Removed by Filter": 3372832
                  }
                ]
              }
            ]
          }
        ]
      }
    ]
  },
  "Planning Time": 1.084,
  "Triggers": [],
  "Execution Time": 7767.136
}