[
  {
    "Plan": {
      "Node Type": "Aggregate",
      "Strategy": "Plain",
      "Partial Mode": "Finalize",
      "Parallel Aware": false,
      "Startup Cost": 39710.14,
      "Total Cost": 39710.15,
      "Plan Rows": 1,
      "Plan Width": 8,
      "Actual Startup Time": 41.827,
      "Actual Total Time": 46.611,
      "Actual Rows": 1,
      "Actual Loops": 1,
      "Plans": [
        {
          "Node Type": "Gather",
          "Parent Relationship": "Outer",
          "Parallel Aware": false,
          "Startup Cost": 39709.72,
          "Total Cost": 39710.13,
          "Plan Rows": 4,
          "Plan Width": 8,
          "Actual Startup Time": 41.566,
          "Actual Total Time": 46.605,
          "Actual Rows": 5,
          "Actual Loops": 1,
          "Workers Planned": 4,
          "Workers Launched": 4,
          "Single Copy": false,
          "Plans": [
            {
              "Node Type": "Aggregate",
              "Strategy": "Plain",
              "Partial Mode": "Partial",
              "Parent Relationship": "Outer",
              "Parallel Aware": false,
              "Startup Cost": 38709.72,
              "Total Cost": 38709.73,
              "Plan Rows": 1,
              "Plan Width": 8,
              "Actual Startup Time": 33.065,
              "Actual Total Time": 33.066,
              "Actual Rows": 1,
              "Actual Loops": 5,
              "Plans": [
                {
                  "Node Type": "Bitmap Heap Scan",
                  "Parent Relationship": "Outer",
                  "Parallel Aware": true,
                  "Relation Name": "title",
                  "Alias": "t",
                  "Startup Cost": 2192.72,
                  "Total Cost": 38646.16,
                  "Plan Rows": 25426,
                  "Plan Width": 0,
                  "Actual Startup Time": 1.575,
                  "Actual Total Time": 31.46,
                  "Actual Rows": 23582,
                  "Actual Loops": 5,
                  "Recheck Cond": "(kind_id = 4)",
                  "Rows Removed by Index Recheck": 0,
                  "Filter": "(production_year > 1968)",
                  "Rows Removed by Filter": 65,
                  "Exact Heap Blocks": 7059,
                  "Lossy Heap Blocks": 0,
                  "Plans": [
                    {
                      "Node Type": "Bitmap Index Scan",
                      "Parent Relationship": "Outer",
                      "Parallel Aware": false,
                      "Index Name": "kind_id_title",
                      "Startup Cost": 0.0,
                      "Total Cost": 2167.3,
                      "Plan Rows": 121449,
                      "Plan Width": 0,
                      "Actual Startup Time": 5.335,
                      "Actual Total Time": 5.335,
                      "Actual Rows": 118234,
                      "Actual Loops": 1,
                      "Index Cond": "(kind_id = 4)"
                    }
                  ]
                }
              ]
            }
          ]
        }
      ]
    },
    "Planning Time": 0.045,
    "Triggers": [],
    "Execution Time": 46.635
  }
]