[
  {
    "Plan": {
      "Node Type": "Aggregate",
      "Strategy": "Plain",
      "Partial Mode": "Finalize",
      "Parallel Aware": false,
      "Startup Cost": 21309.27,
      "Total Cost": 21309.28,
      "Plan Rows": 1,
      "Plan Width": 8,
      "Actual Startup Time": 31.024,
      "Actual Total Time": 34.563,
      "Actual Rows": 1,
      "Actual Loops": 1,
      "Plans": [
        {
          "Node Type": "Gather",
          "Parent Relationship": "Outer",
          "Parallel Aware": false,
          "Startup Cost": 21309.06,
          "Total Cost": 21309.27,
          "Plan Rows": 2,
          "Plan Width": 8,
          "Actual Startup Time": 30.689,
          "Actual Total Time": 34.555,
          "Actual Rows": 3,
          "Actual Loops": 1,
          "Workers Planned": 2,
          "Workers Launched": 2,
          "Single Copy": false,
          "Plans": [
            {
              "Node Type": "Aggregate",
              "Strategy": "Plain",
              "Partial Mode": "Partial",
              "Parent Relationship": "Outer",
              "Parallel Aware": false,
              "Startup Cost": 20309.06,
              "Total Cost": 20309.07,
              "Plan Rows": 1,
              "Plan Width": 8,
              "Actual Startup Time": 22.35,
              "Actual Total Time": 22.352,
              "Actual Rows": 1,
              "Actual Loops": 3,
              "Plans": [
                {
                  "Node Type": "Nested Loop",
                  "Parent Relationship": "Outer",
                  "Parallel Aware": false,
                  "Join Type": "Inner",
                  "Startup Cost": 112.42,
                  "Total Cost": 20308.56,
                  "Plan Rows": 200,
                  "Plan Width": 0,
                  "Actual Startup Time": 5.721,
                  "Actual Total Time": 22.228,
                  "Actual Rows": 447,
                  "Actual Loops": 3,
                  "Inner Unique": true,
                  "Join Filter": "(mc.movie_id = t.id)",
                  "Rows Removed by Join Filter": 0,
                  "Plans": [
                    {
                      "Node Type": "Nested Loop",
                      "Parent Relationship": "Outer",
                      "Parallel Aware": false,
                      "Join Type": "Inner",
                      "Startup Cost": 111.99,
                      "Total Cost": 19428.77,
                      "Plan Rows": 1038,
                      "Plan Width": 8,
                      "Actual Startup Time": 5.555,
                      "Actual Total Time": 15.71,
                      "Actual Rows": 447,
                      "Actual Loops": 3,
                      "Inner Unique": false,
                      "Plans": [
                        {
                          "Node Type": "Bitmap Heap Scan",
                          "Parent Relationship": "Outer",
                          "Parallel Aware": true,
                          "Relation Name": "movie_companies",
                          "Alias": "mc",
                          "Startup Cost": 111.56,
                          "Total Cost": 11563.99,
                          "Plan Rows": 1085,
                          "Plan Width": 4,
                          "Actual Startup Time": 5.379,
                          "Actual Total Time": 8.185,
                          "Actual Rows": 542,
                          "Actual Loops": 3,
                          "Recheck Cond": "(company_id = 475)",
                          "Rows Removed by Index Recheck": 0,
                          "Filter": "(company_type_id = 2)",
                          "Rows Removed by Filter": 1151,
                          "Exact Heap Blocks": 3379,
                          "Lossy Heap Blocks": 0,
                          "Plans": [
                            {
                              "Node Type": "Bitmap Index Scan",
                              "Parent Relationship": "Outer",
                              "Parallel Aware": false,
                              "Index Name": "company_id_movie_companies",
                              "Startup Cost": 0.0,
                              "Total Cost": 110.91,
                              "Plan Rows": 5131,
                              "Plan Width": 0,
                              "Actual Startup Time": 4.658,
                              "Actual Total Time": 4.659,
                              "Actual Rows": 5080,
                              "Actual Loops": 1,
                              "Index Cond": "(company_id = 475)"
                            }
                          ]
                        },
                        {
                          "Node Type": "Index Scan",
                          "Parent Relationship": "Inner",
                          "Parallel Aware": false,
                          "Scan Direction": "Forward",
                          "Index Name": "movie_id_movie_info_idx",
                          "Relation Name": "movie_info_idx",
                          "Alias": "mi_idx",
                          "Startup Cost": 0.43,
                          "Total Cost": 7.24,
                          "Plan Rows": 1,
                          "Plan Width": 4,
                          "Actual Startup Time": 0.012,
                          "Actual Total Time": 0.013,
                          "Actual Rows": 1,
                          "Actual Loops": 1626,
                          "Index Cond": "(movie_id = mc.movie_id)",
                          "Rows Removed by Index Recheck": 0,
                          "Filter": "(info_type_id = 100)",
                          "Rows Removed by Filter": 2
                        }
                      ]
                    },
                    {
                      "Node Type": "Index Only Scan",
                      "Parent Relationship": "Inner",
                      "Parallel Aware": false,
                      "Scan Direction": "Forward",
                      "Index Name": "title_pkey",
                      "Relation Name": "title",
                      "Alias": "t",
                      "Startup Cost": 0.43,
                      "Total Cost": 0.84,
                      "Plan Rows": 1,
                      "Plan Width": 4,
                      "Actual Startup Time": 0.014,
                      "Actual Total Time": 0.014,
                      "Actual Rows": 1,
                      "Actual Loops": 1342,
                      "Index Cond": "(id = mi_idx.movie_id)",
                      "Rows Removed by Index Recheck": 0,
                      "Heap Fetches": 1342
                    }
                  ]
                }
              ]
            }
          ]
        }
      ]
    },
    "Planning Time": 1.349,
    "Triggers": [],
    "Execution Time": 34.669
  }
]