[
  {
    "Plan": {
      "Node Type": "Aggregate",
      "Strategy": "Plain",
      "Partial Mode": "Finalize",
      "Parallel Aware": false,
      "Startup Cost": 157191.47,
      "Total Cost": 157191.48,
      "Plan Rows": 1,
      "Plan Width": 8,
      "Actual Startup Time": 288.148,
      "Actual Total Time": 306.876,
      "Actual Rows": 1,
      "Actual Loops": 1,
      "Plans": [
        {
          "Node Type": "Gather",
          "Parent Relationship": "Outer",
          "Parallel Aware": false,
          "Startup Cost": 157190.95,
          "Total Cost": 157191.46,
          "Plan Rows": 5,
          "Plan Width": 8,
          "Actual Startup Time": 286.806,
          "Actual Total Time": 306.868,
          "Actual Rows": 6,
          "Actual Loops": 1,
          "Workers Planned": 5,
          "Workers Launched": 5,
          "Single Copy": false,
          "Plans": [
            {
              "Node Type": "Aggregate",
              "Strategy": "Plain",
              "Partial Mode": "Partial",
              "Parent Relationship": "Outer",
              "Parallel Aware": false,
              "Startup Cost": 156190.95,
              "Total Cost": 156190.96,
              "Plan Rows": 1,
              "Plan Width": 8,
              "Actual Startup Time": 276.29,
              "Actual Total Time": 276.294,
              "Actual Rows": 1,
              "Actual Loops": 6,
              "Plans": [
                {
                  "Node Type": "Hash Join",
                  "Parent Relationship": "Outer",
                  "Parallel Aware": true,
                  "Join Type": "Inner",
                  "Startup Cost": 44270.79,
                  "Total Cost": 156127.01,
                  "Plan Rows": 25576,
                  "Plan Width": 0,
                  "Actual Startup Time": 92.444,
                  "Actual Total Time": 276.08,
                  "Actual Rows": 3383,
                  "Actual Loops": 6,
                  "Inner Unique": true,
                  "Hash Cond": "(ci.movie_id = t.id)",
                  "Plans": [
                    {
                      "Node Type": "Index Scan",
                      "Parent Relationship": "Outer",
                      "Parallel Aware": true,
                      "Scan Direction": "Forward",
                      "Index Name": "role_id_cast_info",
                      "Relation Name": "cast_info",
                      "Alias": "ci",
                      "Startup Cost": 0.56,
                      "Total Cost": 110428.26,
                      "Plan Rows": 544200,
                      "Plan Width": 4,
                      "Actual Startup Time": 0.28,
                      "Actual Total Time": 136.785,
                      "Actual Rows": 269322,
                      "Actual Loops": 6,
                      "Index Cond": "(role_id = 3)",
                      "Rows Removed by Index Recheck": 0,
                      "Filter": "(person_id < 2509280)",
                      "Rows Removed by Filter": 398684
                    },
                    {
                      "Node Type": "Hash",
                      "Parent Relationship": "Inner",
                      "Parallel Aware": true,
                      "Startup Cost": 43898.92,
                      "Total Cost": 43898.92,
                      "Plan Rows": 29705,
                      "Plan Width": 4,
                      "Actual Startup Time": 89.095,
                      "Actual Total Time": 89.096,
                      "Actual Rows": 20061,
                      "Actual Loops": 6,
                      "Hash Buckets": 131072,
                      "Original Hash Buckets": 131072,
                      "Hash Batches": 1,
                      "Original Hash Batches": 1,
                      "Peak Memory Usage": 5856,
                      "Plans": [
                        {
                          "Node Type": "Seq Scan",
                          "Parent Relationship": "Outer",
                          "Parallel Aware": true,
                          "Relation Name": "title",
                          "Alias": "t",
                          "Startup Cost": 0.0,
                          "Total Cost": 43898.92,
                          "Plan Rows": 29705,
                          "Plan Width": 4,
                          "Actual Startup Time": 47.102,
                          "Actual Total Time": 81.499,
                          "Actual Rows": 20061,
                          "Actual Loops": 6,
                          "Filter": "(production_year < 1932)",
                          "Rows Removed by Filter": 401324
                        }
                      ]
                    }
                  ]
                }
              ]
            }
          ]
        }
      ]
    },
    "Planning Time": 0.713,
    "Triggers": [],
    "Execution Time": 306.955
  }
]