[
  {
    "Plan": {
      "Node Type": "Aggregate",
      "Strategy": "Plain",
      "Partial Mode": "Finalize",
      "Parallel Aware": false,
      "Startup Cost": 27328.92,
      "Total Cost": 27328.93,
      "Plan Rows": 1,
      "Plan Width": 8,
      "Actual Startup Time": 34.52,
      "Actual Total Time": 39.198,
      "Actual Rows": 1,
      "Actual Loops": 1,
      "Plans": [
        {
          "Node Type": "Gather",
          "Parent Relationship": "Outer",
          "Parallel Aware": false,
          "Startup Cost": 27328.7,
          "Total Cost": 27328.91,
          "Plan Rows": 2,
          "Plan Width": 8,
          "Actual Startup Time": 34.332,
          "Actual Total Time": 39.19,
          "Actual Rows": 3,
          "Actual Loops": 1,
          "Workers Planned": 2,
          "Workers Launched": 2,
          "Single Copy": false,
          "Plans": [
            {
              "Node Type": "Aggregate",
              "Strategy": "Plain",
              "Partial Mode": "Partial",
              "Parent Relationship": "Outer",
              "Parallel Aware": false,
              "Startup Cost": 26328.7,
              "Total Cost": 26328.71,
              "Plan Rows": 1,
              "Plan Width": 8,
              "Actual Startup Time": 26.107,
              "Actual Total Time": 26.109,
              "Actual Rows": 1,
              "Actual Loops": 3,
              "Plans": [
                {
                  "Node Type": "Nested Loop",
                  "Parent Relationship": "Outer",
                  "Parallel Aware": false,
                  "Join Type": "Inner",
                  "Startup Cost": 101.52,
                  "Total Cost": 26328.55,
                  "Plan Rows": 61,
                  "Plan Width": 0,
                  "Actual Startup Time": 2.861,
                  "Actual Total Time": 26.076,
                  "Actual Rows": 120,
                  "Actual Loops": 3,
                  "Inner Unique": false,
                  "Plans": [
                    {
                      "Node Type": "Nested Loop",
                      "Parent Relationship": "Outer",
                      "Parallel Aware": false,
                      "Join Type": "Inner",
                      "Startup Cost": 101.09,
                      "Total Cost": 26228.4,
                      "Plan Rows": 111,
                      "Plan Width": 8,
                      "Actual Startup Time": 2.642,
                      "Actual Total Time": 24.708,
                      "Actual Rows": 42,
                      "Actual Loops": 3,
                      "Inner Unique": true,
                      "Plans": [
                        {
                          "Node Type": "Bitmap Heap Scan",
                          "Parent Relationship": "Outer",
                          "Parallel Aware": true,
                          "Relation Name": "movie_keyword",
                          "Alias": "mk",
                          "Startup Cost": 100.66,
                          "Total Cost": 11847.89,
                          "Plan Rows": 1948,
                          "Plan Width": 4,
                          "Actual Startup Time": 1.659,
                          "Actual Total Time": 8.459,
                          "Actual Rows": 1172,
                          "Actual Loops": 3,
                          "Recheck Cond": "(keyword_id = 178)",
                          "Rows Removed by Index Recheck": 0,
                          "Exact Heap Blocks": 2508,
                          "Lossy Heap Blocks": 0,
                          "Plans": [
                            {
                              "Node Type": "Bitmap Index Scan",
                              "Parent Relationship": "Outer",
                              "Parallel Aware": false,
                              "Index Name": "keyword_id_movie_keyword",
                              "Startup Cost": 0.0,
                              "Total Cost": 99.5,
                              "Plan Rows": 4675,
                              "Plan Width": 0,
                              "Actual Startup Time": 3.055,
                              "Actual Total Time": 3.055,
                              "Actual Rows": 3515,
                              "Actual Loops": 1,
                              "Index Cond": "(keyword_id = 178)"
                            }
                          ]
                        },
                        {
                          "Node Type": "Index Scan",
                          "Parent Relationship": "Inner",
                          "Parallel Aware": false,
                          "Scan Direction": "Forward",
                          "Index Name": "title_pkey",
                          "Relation Name": "title",
                          "Alias": "t",
                          "Startup Cost": 0.43,
                          "Total Cost": 7.38,
                          "Plan Rows": 1,
                          "Plan Width": 4,
                          "Actual Startup Time": 0.013,
                          "Actual Total Time": 0.013,
                          "Actual Rows": 0,
                          "Actual Loops": 3515,
                          "Index Cond": "(id = mk.movie_id)",
                          "Rows Removed by Index Recheck": 0,
                          "Filter": "(production_year = 2010)",
                          "Rows Removed by Filter": 1
                        }
                      ]
                    },
                    {
                      "Node Type": "Index Only Scan",
                      "Parent Relationship": "Inner",
                      "Parallel Aware": false,
                      "Scan Direction": "Forward",
                      "Index Name": "movie_id_movie_info_idx",
                      "Relation Name": "movie_info_idx",
                      "Alias": "mi_idx",
                      "Startup Cost": 0.43,
                      "Total Cost": 0.87,
                      "Plan Rows": 3,
                      "Plan Width": 4,
                      "Actual Startup Time": 0.029,
                      "Actual Total Time": 0.031,
                      "Actual Rows": 3,
                      "Actual Loops": 126,
                      "Index Cond": "(movie_id = t.id)",
                      "Rows Removed by Index Recheck": 0,
                      "Heap Fetches": 360
                    }
                  ]
                }
              ]
            }
          ]
        }
      ]
    },
    "Planning Time": 1.354,
    "Triggers": [],
    "Execution Time": 39.299
  }
]