[
  {
    "Plan": {
      "Node Type": "Aggregate",
      "Strategy": "Plain",
      "Partial Mode": "Finalize",
      "Parallel Aware": false,
      "Startup Cost": 165152.2,
      "Total Cost": 165152.21,
      "Plan Rows": 1,
      "Plan Width": 8,
      "Actual Startup Time": 850.918,
      "Actual Total Time": 898.557,
      "Actual Rows": 1,
      "Actual Loops": 1,
      "Plans": [
        {
          "Node Type": "Gather",
          "Parent Relationship": "Outer",
          "Parallel Aware": false,
          "Startup Cost": 165151.88,
          "Total Cost": 165152.19,
          "Plan Rows": 3,
          "Plan Width": 8,
          "Actual Startup Time": 849.196,
          "Actual Total Time": 898.545,
          "Actual Rows": 4,
          "Actual Loops": 1,
          "Workers Planned": 3,
          "Workers Launched": 3,
          "Single Copy": false,
          "Plans": [
            {
              "Node Type": "Aggregate",
              "Strategy": "Plain",
              "Partial Mode": "Partial",
              "Parent Relationship": "Outer",
              "Parallel Aware": false,
              "Startup Cost": 164151.88,
              "Total Cost": 164151.89,
              "Plan Rows": 1,
              "Plan Width": 8,
              "Actual Startup Time": 843.565,
              "Actual Total Time": 843.57,
              "Actual Rows": 1,
              "Actual Loops": 4,
              "Plans": [
                {
                  "Node Type": "Nested Loop",
                  "Parent Relationship": "Outer",
                  "Parallel Aware": false,
                  "Join Type": "Inner",
                  "Startup Cost": 45209.82,
                  "Total Cost": 163794.53,
                  "Plan Rows": 142938,
                  "Plan Width": 0,
                  "Actual Startup Time": 183.001,
                  "Actual Total Time": 813.257,
                  "Actual Rows": 563685,
                  "Actual Loops": 4,
                  "Inner Unique": false,
                  "Join Filter": "(t.id = mi.movie_id)",
                  "Rows Removed by Join Filter": 0,
                  "Plans": [
                    {
                      "Node Type": "Hash Join",
                      "Parent Relationship": "Outer",
                      "Parallel Aware": true,
                      "Join Type": "Inner",
                      "Startup Cost": 45209.38,
                      "Total Cost": 77009.61,
                      "Plan Rows": 24344,
                      "Plan Width": 8,
                      "Actual Startup Time": 182.9,
                      "Actual Total Time": 294.072,
                      "Actual Rows": 45269,
                      "Actual Loops": 4,
                      "Inner Unique": true,
                      "Hash Cond": "(mc.movie_id = t.id)",
                      "Plans": [
                        {
                          "Node Type": "Seq Scan",
                          "Parent Relationship": "Outer",
                          "Parallel Aware": true,
                          "Relation Name": "movie_companies",
                          "Alias": "mc",
                          "Startup Cost": 0.0,
                          "Total Cost": 31414.82,
                          "Plan Rows": 146823,
                          "Plan Width": 4,
                          "Actual Startup Time": 36.522,
                          "Actual Total Time": 80.867,
                          "Actual Rows": 192927,
                          "Actual Loops": 4,
                          "Filter": "((company_id > 22733) AND (company_type_id > 1))",
                          "Rows Removed by Filter": 459356
                        },
                        {
                          "Node Type": "Hash",
                          "Parent Relationship": "Inner",
                          "Parallel Aware": true,
                          "Startup Cost": 43899.32,
                          "Total Cost": 43899.32,
                          "Plan Rows": 104805,
                          "Plan Width": 4,
                          "Actual Startup Time": 144.157,
                          "Actual Total Time": 144.159,
                          "Actual Rows": 109379,
                          "Actual Loops": 4,
                          "Hash Buckets": 524288,
                          "Original Hash Buckets": 524288,
                          "Hash Batches": 1,
                          "Original Hash Batches": 1,
                          "Peak Memory Usage": 21248,
                          "Plans": [
                            {
                              "Node Type": "Seq Scan",
                              "Parent Relationship": "Outer",
                              "Parallel Aware": true,
                              "Relation Name": "title",
                              "Alias": "t",
                              "Startup Cost": 0.0,
                              "Total Cost": 43899.32,
                              "Plan Rows": 104805,
                              "Plan Width": 4,
                              "Actual Startup Time": 0.028,
                              "Actual Total Time": 105.137,
                              "Actual Rows": 109379,
                              "Actual Loops": 4,
                              "Filter": "(production_year < 1975)",
                              "Rows Removed by Filter": 522699
                            }
                          ]
                        }
                      ]
                    },
                    {
                      "Node Type": "Index Only Scan",
                      "Parent Relationship": "Inner",
                      "Parallel Aware": false,
                      "Scan Direction": "Forward",
                      "Index Name": "movie_id_movie_info",
                      "Relation Name": "movie_info",
                      "Alias": "mi",
                      "Startup Cost": 0.43,
                      "Total Cost": 3.05,
                      "Plan Rows": 41,
                      "Plan Width": 4,
                      "Actual Startup Time": 0.004,
                      "Actual Total Time": 0.01,
                      "Actual Rows": 12,
                      "Actual Loops": 181077,
                      "Index Cond": "(movie_id = mc.movie_id)",
                      "Rows Removed by Index Recheck": 0,
                      "Heap Fetches": 2254740
                    }
                  ]
                }
              ]
            }
          ]
        }
      ]
    },
    "Planning Time": 0.561,
    "Triggers": [],
    "Execution Time": 898.625
  }
]