{
  "Plan": {
    "Node Type": "Aggregate",
    "Strategy": "Plain",
    "Partial Mode": "Finalize",
    "Parallel Aware": false,
    "Startup Cost": 99679.97,
    "Total Cost": 99679.98,
    "Plan Rows": 1,
    "Plan Width": 8,
    "Actual Startup Time": 441.937,
    "Actual Total Time": 454.047,
    "Actual Rows": 1,
    "Actual Loops": 1,
    "Plans": [
      {
        "Node Type": "Gather",
        "Parent Relationship": "Outer",
        "Parallel Aware": false,
        "Startup Cost": 99679.85,
        "Total Cost": 99679.96,
        "Plan Rows": 1,
        "Plan Width": 8,
        "Actual Startup Time": 440.023,
        "Actual Total Time": 454.038,
        "Actual Rows": 2,
        "Actual Loops": 1,
        "Workers Planned": 1,
        "Workers Launched": 1,
        "Single Copy": false,
        "Plans": [
          {
            "Node Type": "Aggregate",
            "Strategy": "Plain",
            "Partial Mode": "Partial",
            "Parent Relationship": "Outer",
            "Parallel Aware": false,
            "Startup Cost": 98679.85,
            "Total Cost": 98679.86,
            "Plan Rows": 1,
            "Plan Width": 8,
            "Actual Startup Time": 434.29,
            "Actual Total Time": 434.295,
            "Actual Rows": 1,
            "Actual Loops": 2,
            "Plans": [
              {
                "Node Type": "Hash Join",
                "Parent Relationship": "Outer",
                "Parallel Aware": true,
                "Join Type": "Inner",
                "Startup Cost": 75308.4,
                "Total Cost": 98431.47,
                "Plan Rows": 99352,
                "Plan Width": 0,
                "Actual Startup Time": 308.548,
                "Actual Total Time": 425.63,
                "Actual Rows": 161836,
                "Actual Loops": 2,
                "Inner Unique": true,
                "Hash Cond": "(mc.movie_id = t.id)",
                "Plans": [
                  {
                    "Node Type": "Bitmap Heap Scan",
                    "Parent Relationship": "Outer",
                    "Parallel Aware": true,
                    "Relation Name": "movie_companies",
                    "Alias": "mc",
                    "Startup Cost": 10554.86,
                    "Total Cost": 32925.91,
                    "Plan Rows": 286484,
                    "Plan Width": 4,
                    "Actual Startup Time": 19.478,
                    "Actual Total Time": 57.595,
                    "Actual Rows": 246866,
                    "Actual Loops": 2,
                    "Recheck Cond": "(company_id > 74485)",
                    "Rows Removed by Index Recheck": 0,
                    "Exact Heap Blocks": 4353,
                    "Lossy Heap Blocks": 0,
                    "Plans": [
                      {
                        "Node Type": "Bitmap Index Scan",
                        "Parent Relationship": "Outer",
                        "Parallel Aware": false,
                        "Index Name": "company_id_movie_companies",
                        "Startup Cost": 0.0,
                        "Total Cost": 10433.1,
                        "Plan Rows": 487023,
                        "Plan Width": 0,
                        "Actual Startup Time": 18.442,
                        "Actual Total Time": 18.443,
                        "Actual Rows": 493733,
                        "Actual Loops": 1,
                        "Index Cond": "(company_id > 74485)"
                      }
                    ]
                  },
                  {
                    "Node Type": "Hash",
                    "Parent Relationship": "Inner",
                    "Parallel Aware": true,
                    "Startup Cost": 58306.47,
                    "Total Cost": 58306.47,
                    "Plan Rows": 515766,
                    "Plan Width": 4,
                    "Actual Startup Time": 279.81,
                    "Actual Total Time": 279.811,
                    "Actual Rows": 393320,
                    "Actual Loops": 2,
                    "Hash Buckets": 1048576,
                    "Original Hash Buckets": 1048576,
                    "Hash Batches": 1,
                    "Original Hash Batches": 1,
                    "Peak Memory Usage": 39008,
                    "Plans": [
                      {
                        "Node Type": "Seq Scan",
                        "Parent Relationship": "Outer",
                        "Parallel Aware": true,
                        "Relation Name": "title",
                        "Alias": "t",
                        "Startup Cost": 0.0,
                        "Total Cost": 58306.47,
                        "Plan Rows": 515766,
                        "Plan Width": 4,
                        "Actual Startup Time": 0.034,
                        "Actual Total Time": 174.097,
                        "Actual Rows": 393320,
                        "Actual Loops": 2,
                        "Filter": "((kind_id < 7) AND (production_year > 1958))",
                        "Rows Removed by Filter": 870836
                      }
                    ]
                  }
                ]
              }
            ]
          }
        ]
      }
    ]
  },
  "Planning Time": 0.512,
  "Triggers": [],
  "Execution Time": 454.138
}