[
  {
    "Plan": {
      "Node Type": "Aggregate",
      "Strategy": "Plain",
      "Partial Mode": "Finalize",
      "Parallel Aware": false,
      "Startup Cost": 296444.23,
      "Total Cost": 296444.24,
      "Plan Rows": 1,
      "Plan Width": 8,
      "Actual Startup Time": 985.811,
      "Actual Total Time": 1065.642,
      "Actual Rows": 1,
      "Actual Loops": 1,
      "Plans": [
        {
          "Node Type": "Gather",
          "Parent Relationship": "Outer",
          "Parallel Aware": false,
          "Startup Cost": 296443.91,
          "Total Cost": 296444.22,
          "Plan Rows": 3,
          "Plan Width": 8,
          "Actual Startup Time": 978.307,
          "Actual Total Time": 1065.631,
          "Actual Rows": 4,
          "Actual Loops": 1,
          "Workers Planned": 3,
          "Workers Launched": 3,
          "Single Copy": false,
          "Plans": [
            {
              "Node Type": "Aggregate",
              "Strategy": "Plain",
              "Partial Mode": "Partial",
              "Parent Relationship": "Outer",
              "Parallel Aware": false,
              "Startup Cost": 295443.91,
              "Total Cost": 295443.92,
              "Plan Rows": 1,
              "Plan Width": 8,
              "Actual Startup Time": 965.38,
              "Actual Total Time": 965.384,
              "Actual Rows": 1,
              "Actual Loops": 4,
              "Plans": [
                {
                  "Node Type": "Nested Loop",
                  "Parent Relationship": "Outer",
                  "Parallel Aware": false,
                  "Join Type": "Inner",
                  "Startup Cost": 57949.51,
                  "Total Cost": 294570.62,
                  "Plan Rows": 349316,
                  "Plan Width": 0,
                  "Actual Startup Time": 305.9,
                  "Actual Total Time": 954.585,
                  "Actual Rows": 186213,
                  "Actual Loops": 4,
                  "Inner Unique": false,
                  "Plans": [
                    {
                      "Node Type": "Hash Join",
                      "Parent Relationship": "Outer",
                      "Parallel Aware": true,
                      "Join Type": "Inner",
                      "Startup Cost": 57948.94,
                      "Total Cost": 84429.23,
                      "Plan Rows": 88822,
                      "Plan Width": 8,
                      "Actual Startup Time": 305.773,
                      "Actual Total Time": 378.492,
                      "Actual Rows": 22351,
                      "Actual Loops": 4,
                      "Inner Unique": true,
                      "Hash Cond": "(mk.movie_id = t.id)",
                      "Plans": [
                        {
                          "Node Type": "Bitmap Heap Scan",
                          "Parent Relationship": "Outer",
                          "Parallel Aware": true,
                          "Relation Name": "movie_keyword",
                          "Alias": "mk",
                          "Startup Cost": 8811.05,
                          "Total Cost": 34939.66,
                          "Plan Rows": 133969,
                          "Plan Width": 4,
                          "Actual Startup Time": 24.18,
                          "Actual Total Time": 64.124,
                          "Actual Rows": 102580,
                          "Actual Loops": 4,
                          "Recheck Cond": "(keyword_id > 42182)",
                          "Rows Removed by Index Recheck": 0,
                          "Exact Heap Blocks": 8361,
                          "Lossy Heap Blocks": 0,
                          "Plans": [
                            {
                              "Node Type": "Bitmap Index Scan",
                              "Parent Relationship": "Outer",
                              "Parallel Aware": false,
                              "Index Name": "keyword_id_movie_keyword",
                              "Startup Cost": 0.0,
                              "Total Cost": 8707.22,
                              "Plan Rows": 415305,
                              "Plan Width": 0,
                              "Actual Startup Time": 20.902,
                              "Actual Total Time": 20.903,
                              "Actual Rows": 410321,
                              "Actual Loops": 1,
                              "Index Cond": "(keyword_id > 42182)"
                            }
                          ]
                        },
                        {
                          "Node Type": "Hash",
                          "Parent Relationship": "Inner",
                          "Parallel Aware": true,
                          "Startup Cost": 43899.32,
                          "Total Cost": 43899.32,
                          "Plan Rows": 419086,
                          "Plan Width": 4,
                          "Actual Startup Time": 273.511,
                          "Actual Total Time": 273.512,
                          "Actual Rows": 418524,
                          "Actual Loops": 4,
                          "Hash Buckets": 2097152,
                          "Original Hash Buckets": 2097152,
                          "Hash Batches": 1,
                          "Original Hash Batches": 1,
                          "Peak Memory Usage": 81920,
                          "Plans": [
                            {
                              "Node Type": "Seq Scan",
                              "Parent Relationship": "Outer",
                              "Parallel Aware": true,
                              "Relation Name": "title",
                              "Alias": "t",
                              "Startup Cost": 0.0,
                              "Total Cost": 43899.32,
                              "Plan Rows": 419086,
                              "Plan Width": 4,
                              "Actual Startup Time": 0.048,
                              "Actual Total Time": 112.739,
                              "Actual Rows": 418524,
                              "Actual Loops": 4,
                              "Filter": "(kind_id > 3)",
                              "Rows Removed by Filter": 213554
                            }
                          ]
                        }
                      ]
                    },
                    {
                      "Node Type": "Index Scan",
                      "Parent Relationship": "Inner",
                      "Parallel Aware": false,
                      "Scan Direction": "Forward",
                      "Index Name": "movie_id_cast_info",
                      "Relation Name": "cast_info",
                      "Alias": "ci",
                      "Startup Cost": 0.56,
                      "Total Cost": 2.27,
                      "Plan Rows": 10,
                      "Plan Width": 4,
                      "Actual Startup Time": 0.005,
                      "Actual Total Time": 0.025,
                      "Actual Rows": 8,
                      "Actual Loops": 89404,
                      "Index Cond": "(movie_id = t.id)",
                      "Rows Removed by Index Recheck": 0,
                      "Filter": "((person_id < 1336805) AND (role_id < 5))",
                      "Rows Removed by Filter": 19
                    }
                  ]
                }
              ]
            }
          ]
        }
      ]
    },
    "Planning Time": 1.379,
    "Triggers": [],
    "Execution Time": 1065.781
  }
]