[
    {
        "Bao": {
            "Bao prediction": "NaN",
            "Bao recommended hint": "(no hint)"
        }
    },
    {
        "Plan": {
            "Node Type": "Aggregate",
            "Strategy": "Plain",
            "Partial Mode": "Simple",
            "Parallel Aware": false,
            "Startup Cost": 1991.6,
            "Total Cost": 1991.61,
            "Plan Rows": 1,
            "Plan Width": 8,
            "Actual Startup Time": 0.378,
            "Actual Total Time": 0.379,
            "Actual Rows": 1,
            "Actual Loops": 1,
            "Output": [
                "count(*)"
            ],
            "Plans": [
                {
                    "Node Type": "Nested Loop",
                    "Parent Relationship": "Outer",
                    "Parallel Aware": false,
                    "Join Type": "Inner",
                    "Startup Cost": 1.42,
                    "Total Cost": 1991.46,
                    "Plan Rows": 58,
                    "Plan Width": 0,
                    "Actual Startup Time": 0.122,
                    "Actual Total Time": 0.371,
                    "Actual Rows": 12,
                    "Actual Loops": 1,
                    "Inner Unique": false,
                    "Plans": [
                        {
                            "Node Type": "Nested Loop",
                            "Parent Relationship": "Outer",
                            "Parallel Aware": false,
                            "Join Type": "Inner",
                            "Startup Cost": 0.99,
                            "Total Cost": 1935.02,
                            "Plan Rows": 106,
                            "Plan Width": 8,
                            "Actual Startup Time": 0.101,
                            "Actual Total Time": 0.218,
                            "Actual Rows": 24,
                            "Actual Loops": 1,
                            "Output": [
                                "t.id",
                                "ci.movie_id"
                            ],
                            "Inner Unique": true,
                            "Plans": [
                                {
                                    "Node Type": "Index Scan",
                                    "Parent Relationship": "Outer",
                                    "Parallel Aware": false,
                                    "Scan Direction": "Forward",
                                    "Index Name": "person_id_cast_info",
                                    "Relation Name": "cast_info",
                                    "Schema": "public",
                                    "Alias": "ci",
                                    "Startup Cost": 0.56,
                                    "Total Cost": 1039.59,
                                    "Plan Rows": 106,
                                    "Plan Width": 4,
                                    "Actual Startup Time": 0.075,
                                    "Actual Total Time": 0.086,
                                    "Actual Rows": 24,
                                    "Actual Loops": 1,
                                    "Output": [
                                        "ci.id",
                                        "ci.person_id",
                                        "ci.movie_id",
                                        "ci.person_role_id",
                                        "ci.note",
                                        "ci.nr_order",
                                        "ci.role_id"
                                    ],
                                    "Index Cond": "(ci.person_id = 2817744)",
                                    "Rows Removed by Index Recheck": 0,
                                    "Filter": "(ci.role_id > 6)",
                                    "Rows Removed by Filter": 43
                                },
                                {
                                    "Node Type": "Index Only Scan",
                                    "Parent Relationship": "Inner",
                                    "Parallel Aware": false,
                                    "Scan Direction": "Forward",
                                    "Index Name": "title_pkey",
                                    "Relation Name": "title",
                                    "Schema": "public",
                                    "Alias": "t",
                                    "Startup Cost": 0.43,
                                    "Total Cost": 8.45,
                                    "Plan Rows": 1,
                                    "Plan Width": 4,
                                    "Actual Startup Time": 0.005,
                                    "Actual Total Time": 0.005,
                                    "Actual Rows": 1,
                                    "Actual Loops": 24,
                                    "Output": [
                                        "t.id"
                                    ],
                                    "Index Cond": "(t.id = ci.movie_id)",
                                    "Rows Removed by Index Recheck": 0,
                                    "Heap Fetches": 24
                                }
                            ]
                        },
                        {
                            "Node Type": "Index Only Scan",
                            "Parent Relationship": "Inner",
                            "Parallel Aware": false,
                            "Scan Direction": "Forward",
                            "Index Name": "movie_id_movie_info_idx",
                            "Relation Name": "movie_info_idx",
                            "Schema": "public",
                            "Alias": "mi_idx",
                            "Startup Cost": 0.43,
                            "Total Cost": 0.5,
                            "Plan Rows": 3,
                            "Plan Width": 4,
                            "Actual Startup Time": 0.005,
                            "Actual Total Time": 0.006,
                            "Actual Rows": 0,
                            "Actual Loops": 24,
                            "Output": [
                                "mi_idx.movie_id"
                            ],
                            "Index Cond": "(mi_idx.movie_id = t.id)",
                            "Rows Removed by Index Recheck": 0,
                            "Heap Fetches": 12
                        }
                    ]
                }
            ]
        },
        "Planning Time": 181.71,
        "Triggers": [],
        "Execution Time": 0.469
    }
]