[
  {
    "Plan": {
      "Node Type": "Aggregate",
      "Strategy": "Plain",
      "Partial Mode": "Finalize",
      "Parallel Aware": false,
      "Startup Cost": 349471.1,
      "Total Cost": 349471.11,
      "Plan Rows": 1,
      "Plan Width": 8,
      "Actual Startup Time": 822.463,
      "Actual Total Time": 870.095,
      "Actual Rows": 1,
      "Actual Loops": 1,
      "Plans": [
        {
          "Node Type": "Gather",
          "Parent Relationship": "Outer",
          "Parallel Aware": false,
          "Startup Cost": 349470.48,
          "Total Cost": 349471.09,
          "Plan Rows": 6,
          "Plan Width": 8,
          "Actual Startup Time": 822.259,
          "Actual Total Time": 870.068,
          "Actual Rows": 7,
          "Actual Loops": 1,
          "Workers Planned": 6,
          "Workers Launched": 6,
          "Single Copy": false,
          "Plans": [
            {
              "Node Type": "Aggregate",
              "Strategy": "Plain",
              "Partial Mode": "Partial",
              "Parent Relationship": "Outer",
              "Parallel Aware": false,
              "Startup Cost": 348470.48,
              "Total Cost": 348470.49,
              "Plan Rows": 1,
              "Plan Width": 8,
              "Actual Startup Time": 812.522,
              "Actual Total Time": 812.524,
              "Actual Rows": 1,
              "Actual Loops": 7,
              "Plans": [
                {
                  "Node Type": "Seq Scan",
                  "Parent Relationship": "Outer",
                  "Parallel Aware": true,
                  "Relation Name": "cast_info",
                  "Alias": "ci",
                  "Startup Cost": 0.0,
                  "Total Cost": 343316.27,
                  "Plan Rows": 2061683,
                  "Plan Width": 0,
                  "Actual Startup Time": 0.056,
                  "Actual Total Time": 705.592,
                  "Actual Rows": 1998211,
                  "Actual Loops": 7,
                  "Filter": "((person_id < 1461376) AND (role_id < 9))",
                  "Rows Removed by Filter": 3179553
                }
              ]
            }
          ]
        }
      ]
    },
    "Planning Time": 0.225,
    "Triggers": [],
    "Execution Time": 870.161
  }
]