[
    {
        "Bao": {
            "Bao prediction": 244.741,
            "Bao recommended hint": "(no hint)"
        }
    },
    {
        "Plan": {
            "Node Type": "Aggregate",
            "Strategy": "Plain",
            "Partial Mode": "Finalize",
            "Parallel Aware": false,
            "Startup Cost": 15512.55,
            "Total Cost": 15512.56,
            "Plan Rows": 1,
            "Plan Width": 8,
            "Actual Startup Time": 14.264,
            "Actual Total Time": 16.521,
            "Actual Rows": 1,
            "Actual Loops": 1,
            "Output": [
                "count(*)"
            ],
            "Plans": [
                {
                    "Node Type": "Gather",
                    "Parent Relationship": "Outer",
                    "Parallel Aware": false,
                    "Startup Cost": 15512.33,
                    "Total Cost": 15512.54,
                    "Plan Rows": 2,
                    "Plan Width": 8,
                    "Actual Startup Time": 14.016,
                    "Actual Total Time": 16.511,
                    "Actual Rows": 3,
                    "Actual Loops": 1,
                    "Output": [
                        "(PARTIAL count(*))"
                    ],
                    "Workers Planned": 2,
                    "Workers Launched": 2,
                    "Single Copy": false,
                    "Plans": [
                        {
                            "Node Type": "Aggregate",
                            "Strategy": "Plain",
                            "Partial Mode": "Partial",
                            "Parent Relationship": "Outer",
                            "Parallel Aware": false,
                            "Startup Cost": 14512.33,
                            "Total Cost": 14512.34,
                            "Plan Rows": 1,
                            "Plan Width": 8,
                            "Actual Startup Time": 6.364,
                            "Actual Total Time": 6.366,
                            "Actual Rows": 1,
                            "Actual Loops": 3,
                            "Output": [
                                "PARTIAL count(*)"
                            ],
                            "Workers": [
                                {
                                    "Worker Number": 0,
                                    "Actual Startup Time": 2.823,
                                    "Actual Total Time": 2.826,
                                    "Actual Rows": 1,
                                    "Actual Loops": 1
                                },
                                {
                                    "Worker Number": 1,
                                    "Actual Startup Time": 2.928,
                                    "Actual Total Time": 2.93,
                                    "Actual Rows": 1,
                                    "Actual Loops": 1
                                }
                            ],
                            "Plans": [
                                {
                                    "Node Type": "Nested Loop",
                                    "Parent Relationship": "Outer",
                                    "Parallel Aware": false,
                                    "Join Type": "Inner",
                                    "Startup Cost": 74.73,
                                    "Total Cost": 14511.73,
                                    "Plan Rows": 239,
                                    "Plan Width": 0,
                                    "Actual Startup Time": 2.144,
                                    "Actual Total Time": 6.329,
                                    "Actual Rows": 104,
                                    "Actual Loops": 3,
                                    "Inner Unique": true,
                                    "Workers": [
                                        {
                                            "Worker Number": 0,
                                            "Actual Startup Time": 0.302,
                                            "Actual Total Time": 2.805,
                                            "Actual Rows": 20,
                                            "Actual Loops": 1
                                        },
                                        {
                                            "Worker Number": 1,
                                            "Actual Startup Time": 1.507,
                                            "Actual Total Time": 2.914,
                                            "Actual Rows": 15,
                                            "Actual Loops": 1
                                        }
                                    ],
                                    "Plans": [
                                        {
                                            "Node Type": "Bitmap Heap Scan",
                                            "Parent Relationship": "Outer",
                                            "Parallel Aware": true,
                                            "Relation Name": "movie_companies",
                                            "Schema": "public",
                                            "Alias": "mc",
                                            "Startup Cost": 74.3,
                                            "Total Cost": 8744.08,
                                            "Plan Rows": 720,
                                            "Plan Width": 4,
                                            "Actual Startup Time": 1.604,
                                            "Actual Total Time": 2.416,
                                            "Actual Rows": 388,
                                            "Actual Loops": 3,
                                            "Output": [
                                                "mc.id",
                                                "mc.movie_id",
                                                "mc.company_id",
                                                "mc.company_type_id",
                                                "mc.note"
                                            ],
                                            "Recheck Cond": "(mc.company_id = 67)",
                                            "Rows Removed by Index Recheck": 0,
                                            "Filter": "(mc.company_type_id = 2)",
                                            "Rows Removed by Filter": 839,
                                            "Exact Heap Blocks": 731,
                                            "Lossy Heap Blocks": 0,
                                            "Workers": [
                                                {
                                                    "Worker Number": 0,
                                                    "Actual Startup Time": 0.11,
                                                    "Actual Total Time": 0.792,
                                                    "Actual Rows": 20,
                                                    "Actual Loops": 1
                                                },
                                                {
                                                    "Worker Number": 1,
                                                    "Actual Startup Time": 0.112,
                                                    "Actual Total Time": 0.573,
                                                    "Actual Rows": 39,
                                                    "Actual Loops": 1
                                                }
                                            ],
                                            "Plans": [
                                                {
                                                    "Node Type": "Bitmap Index Scan",
                                                    "Parent Relationship": "Outer",
                                                    "Parallel Aware": false,
                                                    "Index Name": "company_id_movie_companies",
                                                    "Startup Cost": 0.0,
                                                    "Total Cost": 73.87,
                                                    "Plan Rows": 3392,
                                                    "Plan Width": 0,
                                                    "Actual Startup Time": 2.128,
                                                    "Actual Total Time": 2.129,
                                                    "Actual Rows": 3681,
                                                    "Actual Loops": 1,
                                                    "Index Cond": "(mc.company_id = 67)"
                                                }
                                            ]
                                        },
                                        {
                                            "Node Type": "Index Scan",
                                            "Parent Relationship": "Inner",
                                            "Parallel Aware": false,
                                            "Scan Direction": "Forward",
                                            "Index Name": "title_pkey",
                                            "Relation Name": "title",
                                            "Schema": "public",
                                            "Alias": "t",
                                            "Startup Cost": 0.43,
                                            "Total Cost": 8.01,
                                            "Plan Rows": 1,
                                            "Plan Width": 4,
                                            "Actual Startup Time": 0.009,
                                            "Actual Total Time": 0.009,
                                            "Actual Rows": 0,
                                            "Actual Loops": 1164,
                                            "Output": [
                                                "t.id",
                                                "t.title",
                                                "t.imdb_index",
                                                "t.kind_id",
                                                "t.production_year",
                                                "t.imdb_id",
                                                "t.phonetic_code",
                                                "t.episode_of_id",
                                                "t.season_nr",
                                                "t.episode_nr",
                                                "t.series_years",
                                                "t.md5sum"
                                            ],
                                            "Index Cond": "(t.id = mc.movie_id)",
                                            "Rows Removed by Index Recheck": 0,
                                            "Filter": "((t.kind_id < 4) AND (t.production_year > 0))",
                                            "Rows Removed by Filter": 1,
                                            "Workers": [
                                                {
                                                    "Worker Number": 0,
                                                    "Actual Startup Time": 0.098,
                                                    "Actual Total Time": 0.098,
                                                    "Actual Rows": 1,
                                                    "Actual Loops": 20
                                                },
                                                {
                                                    "Worker Number": 1,
                                                    "Actual Startup Time": 0.058,
                                                    "Actual Total Time": 0.058,
                                                    "Actual Rows": 0,
                                                    "Actual Loops": 39
                                                }
                                            ]
                                        }
                                    ]
                                }
                            ]
                        }
                    ]
                }
            ]
        },
        "Planning Time": 671.38,
        "Triggers": [],
        "Execution Time": 16.644
    }
]