[
    {
        "Bao": {
            "Bao prediction": "NaN",
            "Bao recommended hint": "(no hint)"
        }
    },
    {
        "Plan": {
            "Node Type": "Aggregate",
            "Strategy": "Plain",
            "Partial Mode": "Finalize",
            "Parallel Aware": false,
            "Startup Cost": 33425.04,
            "Total Cost": 33425.05,
            "Plan Rows": 1,
            "Plan Width": 8,
            "Actual Startup Time": 98.495,
            "Actual Total Time": 104.453,
            "Actual Rows": 1,
            "Actual Loops": 1,
            "Output": [
                "count(*)"
            ],
            "Plans": [
                {
                    "Node Type": "Gather",
                    "Parent Relationship": "Outer",
                    "Parallel Aware": false,
                    "Startup Cost": 33424.72,
                    "Total Cost": 33425.03,
                    "Plan Rows": 3,
                    "Plan Width": 8,
                    "Actual Startup Time": 98.403,
                    "Actual Total Time": 104.448,
                    "Actual Rows": 4,
                    "Actual Loops": 1,
                    "Output": [
                        "(PARTIAL count(*))"
                    ],
                    "Workers Planned": 3,
                    "Workers Launched": 3,
                    "Single Copy": false,
                    "Plans": [
                        {
                            "Node Type": "Aggregate",
                            "Strategy": "Plain",
                            "Partial Mode": "Partial",
                            "Parent Relationship": "Outer",
                            "Parallel Aware": false,
                            "Startup Cost": 32424.72,
                            "Total Cost": 32424.73,
                            "Plan Rows": 1,
                            "Plan Width": 8,
                            "Actual Startup Time": 90.222,
                            "Actual Total Time": 90.223,
                            "Actual Rows": 1,
                            "Actual Loops": 4,
                            "Output": [
                                "PARTIAL count(*)"
                            ],
                            "Workers": [
                                {
                                    "Worker Number": 0,
                                    "Actual Startup Time": 87.132,
                                    "Actual Total Time": 87.133,
                                    "Actual Rows": 1,
                                    "Actual Loops": 1
                                },
                                {
                                    "Worker Number": 1,
                                    "Actual Startup Time": 87.621,
                                    "Actual Total Time": 87.621,
                                    "Actual Rows": 1,
                                    "Actual Loops": 1
                                },
                                {
                                    "Worker Number": 2,
                                    "Actual Startup Time": 88.043,
                                    "Actual Total Time": 88.044,
                                    "Actual Rows": 1,
                                    "Actual Loops": 1
                                }
                            ],
                            "Plans": [
                                {
                                    "Node Type": "Seq Scan",
                                    "Parent Relationship": "Outer",
                                    "Parallel Aware": true,
                                    "Relation Name": "movie_companies",
                                    "Schema": "public",
                                    "Alias": "mc",
                                    "Startup Cost": 0.0,
                                    "Total Cost": 31414.82,
                                    "Plan Rows": 403962,
                                    "Plan Width": 0,
                                    "Actual Startup Time": 43.587,
                                    "Actual Total Time": 78.376,
                                    "Actual Rows": 294883,
                                    "Actual Loops": 4,
                                    "Output": [
                                        "id",
                                        "movie_id",
                                        "company_id",
                                        "company_type_id",
                                        "note"
                                    ],
                                    "Filter": "((mc.company_id < 129784) AND (mc.company_type_id > 1))",
                                    "Rows Removed by Filter": 357399,
                                    "Workers": [
                                        {
                                            "Worker Number": 0,
                                            "Actual Startup Time": 40.497,
                                            "Actual Total Time": 75.587,
                                            "Actual Rows": 280579,
                                            "Actual Loops": 1
                                        },
                                        {
                                            "Worker Number": 1,
                                            "Actual Startup Time": 40.983,
                                            "Actual Total Time": 76.149,
                                            "Actual Rows": 283519,
                                            "Actual Loops": 1
                                        },
                                        {
                                            "Worker Number": 2,
                                            "Actual Startup Time": 41.409,
                                            "Actual Total Time": 76.504,
                                            "Actual Rows": 286445,
                                            "Actual Loops": 1
                                        }
                                    ]
                                }
                            ]
                        }
                    ]
                }
            ]
        },
        "Planning Time": 185.99,
        "Triggers": [],
        "Execution Time": 104.511
    }
]