[
  {
    "Plan": {
      "Node Type": "Aggregate",
      "Strategy": "Plain",
      "Partial Mode": "Finalize",
      "Parallel Aware": false,
      "Startup Cost": 80619.37,
      "Total Cost": 80619.38,
      "Plan Rows": 1,
      "Plan Width": 8,
      "Actual Startup Time": 408.336,
      "Actual Total Time": 425.195,
      "Actual Rows": 1,
      "Actual Loops": 1,
      "Plans": [
        {
          "Node Type": "Gather",
          "Parent Relationship": "Outer",
          "Parallel Aware": false,
          "Startup Cost": 80618.95,
          "Total Cost": 80619.36,
          "Plan Rows": 4,
          "Plan Width": 8,
          "Actual Startup Time": 400.484,
          "Actual Total Time": 425.187,
          "Actual Rows": 5,
          "Actual Loops": 1,
          "Workers Planned": 4,
          "Workers Launched": 4,
          "Single Copy": false,
          "Plans": [
            {
              "Node Type": "Aggregate",
              "Strategy": "Plain",
              "Partial Mode": "Partial",
              "Parent Relationship": "Outer",
              "Parallel Aware": false,
              "Startup Cost": 79618.95,
              "Total Cost": 79618.96,
              "Plan Rows": 1,
              "Plan Width": 8,
              "Actual Startup Time": 391.069,
              "Actual Total Time": 391.072,
              "Actual Rows": 1,
              "Actual Loops": 5,
              "Plans": [
                {
                  "Node Type": "Hash Join",
                  "Parent Relationship": "Outer",
                  "Parallel Aware": true,
                  "Join Type": "Inner",
                  "Startup Cost": 32874.64,
                  "Total Cost": 79066.53,
                  "Plan Rows": 220966,
                  "Plan Width": 0,
                  "Actual Startup Time": 147.376,
                  "Actual Total Time": 382.546,
                  "Actual Rows": 179679,
                  "Actual Loops": 5,
                  "Inner Unique": false,
                  "Hash Cond": "(t.id = mc.movie_id)",
                  "Plans": [
                    {
                      "Node Type": "Seq Scan",
                      "Parent Relationship": "Outer",
                      "Parallel Aware": true,
                      "Relation Name": "title",
                      "Alias": "t",
                      "Startup Cost": 0.0,
                      "Total Cost": 42318.73,
                      "Plan Rows": 632073,
                      "Plan Width": 4,
                      "Actual Startup Time": 0.013,
                      "Actual Total Time": 68.667,
                      "Actual Rows": 505662,
                      "Actual Loops": 5
                    },
                    {
                      "Node Type": "Hash",
                      "Parent Relationship": "Inner",
                      "Parallel Aware": true,
                      "Startup Cost": 29310.68,
                      "Total Cost": 29310.68,
                      "Plan Rows": 285117,
                      "Plan Width": 4,
                      "Actual Startup Time": 142.895,
                      "Actual Total Time": 142.897,
                      "Actual Rows": 179679,
                      "Actual Loops": 5,
                      "Hash Buckets": 1048576,
                      "Original Hash Buckets": 1048576,
                      "Hash Batches": 1,
                      "Original Hash Batches": 1,
                      "Peak Memory Usage": 43456,
                      "Plans": [
                        {
                          "Node Type": "Seq Scan",
                          "Parent Relationship": "Outer",
                          "Parallel Aware": true,
                          "Relation Name": "movie_companies",
                          "Alias": "mc",
                          "Startup Cost": 0.0,
                          "Total Cost": 29310.68,
                          "Plan Rows": 285117,
                          "Plan Width": 4,
                          "Actual Startup Time": 22.391,
                          "Actual Total Time": 77.677,
                          "Actual Rows": 179679,
                          "Actual Loops": 5,
                          "Filter": "(company_id > 21524)",
                          "Rows Removed by Filter": 342147
                        }
                      ]
                    }
                  ]
                }
              ]
            }
          ]
        }
      ]
    },
    "Planning Time": 0.593,
    "Triggers": [],
    "Execution Time": 425.263
  }
]