[
  {
    "Plan": {
      "Node Type": "Aggregate",
      "Strategy": "Plain",
      "Partial Mode": "Finalize",
      "Parallel Aware": false,
      "Startup Cost": 30884.33,
      "Total Cost": 30884.34,
      "Plan Rows": 1,
      "Plan Width": 8,
      "Actual Startup Time": 89.014,
      "Actual Total Time": 97.945,
      "Actual Rows": 1,
      "Actual Loops": 1,
      "Plans": [
        {
          "Node Type": "Gather",
          "Parent Relationship": "Outer",
          "Parallel Aware": false,
          "Startup Cost": 30884.02,
          "Total Cost": 30884.33,
          "Plan Rows": 3,
          "Plan Width": 8,
          "Actual Startup Time": 88.912,
          "Actual Total Time": 97.936,
          "Actual Rows": 4,
          "Actual Loops": 1,
          "Workers Planned": 3,
          "Workers Launched": 3,
          "Single Copy": false,
          "Plans": [
            {
              "Node Type": "Aggregate",
              "Strategy": "Plain",
              "Partial Mode": "Partial",
              "Parent Relationship": "Outer",
              "Parallel Aware": false,
              "Startup Cost": 29884.02,
              "Total Cost": 29884.03,
              "Plan Rows": 1,
              "Plan Width": 8,
              "Actual Startup Time": 85.053,
              "Actual Total Time": 85.054,
              "Actual Rows": 1,
              "Actual Loops": 4,
              "Plans": [
                {
                  "Node Type": "Seq Scan",
                  "Parent Relationship": "Outer",
                  "Parallel Aware": true,
                  "Relation Name": "movie_companies",
                  "Alias": "mc",
                  "Startup Cost": 0.0,
                  "Total Cost": 29310.68,
                  "Plan Rows": 229334,
                  "Plan Width": 0,
                  "Actual Startup Time": 22.453,
                  "Actual Total Time": 75.707,
                  "Actual Rows": 175780,
                  "Actual Loops": 4,
                  "Filter": "(company_id > 44916)",
                  "Rows Removed by Filter": 476502
                }
              ]
            }
          ]
        }
      ]
    },
    "Planning Time": 0.08,
    "Triggers": [],
    "Execution Time": 97.976
  }
]