[
  {
    "Plan": {
      "Node Type": "Aggregate",
      "Strategy": "Plain",
      "Partial Mode": "Finalize",
      "Parallel Aware": false,
      "Startup Cost": 91421.25,
      "Total Cost": 91421.26,
      "Plan Rows": 1,
      "Plan Width": 8,
      "Actual Startup Time": 452.372,
      "Actual Total Time": 481.762,
      "Actual Rows": 1,
      "Actual Loops": 1,
      "Plans": [
        {
          "Node Type": "Gather",
          "Parent Relationship": "Outer",
          "Parallel Aware": false,
          "Startup Cost": 91420.93,
          "Total Cost": 91421.24,
          "Plan Rows": 3,
          "Plan Width": 8,
          "Actual Startup Time": 448.053,
          "Actual Total Time": 481.754,
          "Actual Rows": 4,
          "Actual Loops": 1,
          "Workers Planned": 3,
          "Workers Launched": 3,
          "Single Copy": false,
          "Plans": [
            {
              "Node Type": "Aggregate",
              "Strategy": "Plain",
              "Partial Mode": "Partial",
              "Parent Relationship": "Outer",
              "Parallel Aware": false,
              "Startup Cost": 90420.93,
              "Total Cost": 90420.94,
              "Plan Rows": 1,
              "Plan Width": 8,
              "Actual Startup Time": 440.182,
              "Actual Total Time": 440.187,
              "Actual Rows": 1,
              "Actual Loops": 4,
              "Plans": [
                {
                  "Node Type": "Nested Loop",
                  "Parent Relationship": "Outer",
                  "Parallel Aware": false,
                  "Join Type": "Inner",
                  "Startup Cost": 52859.01,
                  "Total Cost": 90394.43,
                  "Plan Rows": 10602,
                  "Plan Width": 0,
                  "Actual Startup Time": 234.635,
                  "Actual Total Time": 434.15,
                  "Actual Rows": 86780,
                  "Actual Loops": 4,
                  "Inner Unique": false,
                  "Plans": [
                    {
                      "Node Type": "Hash Join",
                      "Parent Relationship": "Outer",
                      "Parallel Aware": true,
                      "Join Type": "Inner",
                      "Startup Cost": 52858.59,
                      "Total Cost": 78591.48,
                      "Plan Rows": 19425,
                      "Plan Width": 8,
                      "Actual Startup Time": 234.507,
                      "Actual Total Time": 294.326,
                      "Actual Rows": 35271,
                      "Actual Loops": 4,
                      "Inner Unique": true,
                      "Hash Cond": "(mk.movie_id = t.id)",
                      "Plans": [
                        {
                          "Node Type": "Bitmap Heap Scan",
                          "Parent Relationship": "Outer",
                          "Parallel Aware": true,
                          "Relation Name": "movie_keyword",
                          "Alias": "mk",
                          "Startup Cost": 5563.86,
                          "Total Cost": 31074.8,
                          "Plan Rows": 84555,
                          "Plan Width": 4,
                          "Actual Startup Time": 30.68,
                          "Actual Total Time": 81.601,
                          "Actual Rows": 64082,
                          "Actual Loops": 4,
                          "Recheck Cond": "(keyword_id < 228)",
                          "Rows Removed by Index Recheck": 0,
                          "Exact Heap Blocks": 8790,
                          "Lossy Heap Blocks": 0,
                          "Plans": [
                            {
                              "Node Type": "Bitmap Index Scan",
                              "Parent Relationship": "Outer",
                              "Parallel Aware": false,
                              "Index Name": "keyword_id_movie_keyword",
                              "Startup Cost": 0.0,
                              "Total Cost": 5498.33,
                              "Plan Rows": 262120,
                              "Plan Width": 0,
                              "Actual Startup Time": 24.939,
                              "Actual Total Time": 24.939,
                              "Actual Rows": 256327,
                              "Actual Loops": 1,
                              "Index Cond": "(keyword_id < 228)"
                            }
                          ]
                        },
                        {
                          "Node Type": "Hash",
                          "Parent Relationship": "Inner",
                          "Parallel Aware": true,
                          "Startup Cost": 45479.59,
                          "Total Cost": 45479.59,
                          "Plan Rows": 145211,
                          "Plan Width": 4,
                          "Actual Startup Time": 178.851,
                          "Actual Total Time": 178.851,
                          "Actual Rows": 148682,
                          "Actual Loops": 4,
                          "Hash Buckets": 1048576,
                          "Original Hash Buckets": 1048576,
                          "Hash Batches": 1,
                          "Original Hash Batches": 1,
                          "Peak Memory Usage": 31552,
                          "Plans": [
                            {
                              "Node Type": "Seq Scan",
                              "Parent Relationship": "Outer",
                              "Parallel Aware": true,
                              "Relation Name": "title",
                              "Alias": "t",
                              "Startup Cost": 0.0,
                              "Total Cost": 45479.59,
                              "Plan Rows": 145211,
                              "Plan Width": 4,
                              "Actual Startup Time": 63.604,
                              "Actual Total Time": 120.2,
                              "Actual Rows": 148682,
                              "Actual Loops": 4,
                              "Filter": "((production_year < 2012) AND (kind_id = 1))",
                              "Rows Removed by Filter": 483396
                            }
                          ]
                        }
                      ]
                    },
                    {
                      "Node Type": "Index Only Scan",
                      "Parent Relationship": "Inner",
                      "Parallel Aware": false,
                      "Scan Direction": "Forward",
                      "Index Name": "movie_id_movie_info_idx",
                      "Relation Name": "movie_info_idx",
                      "Alias": "mi_idx",
                      "Startup Cost": 0.43,
                      "Total Cost": 0.58,
                      "Plan Rows": 3,
                      "Plan Width": 4,
                      "Actual Startup Time": 0.003,
                      "Actual Total Time": 0.003,
                      "Actual Rows": 2,
                      "Actual Loops": 141085,
                      "Index Cond": "(movie_id = t.id)",
                      "Rows Removed by Index Recheck": 0,
                      "Heap Fetches": 347120
                    }
                  ]
                }
              ]
            }
          ]
        }
      ]
    },
    "Planning Time": 0.559,
    "Triggers": [],
    "Execution Time": 481.834
  }
]