[
  {
    "Plan": {
      "Node Type": "Aggregate",
      "Strategy": "Plain",
      "Partial Mode": "Finalize",
      "Parallel Aware": false,
      "Startup Cost": 90470.02,
      "Total Cost": 90470.03,
      "Plan Rows": 1,
      "Plan Width": 8,
      "Actual Startup Time": 357.902,
      "Actual Total Time": 376.61,
      "Actual Rows": 1,
      "Actual Loops": 1,
      "Plans": [
        {
          "Node Type": "Gather",
          "Parent Relationship": "Outer",
          "Parallel Aware": false,
          "Startup Cost": 90469.7,
          "Total Cost": 90470.01,
          "Plan Rows": 3,
          "Plan Width": 8,
          "Actual Startup Time": 355.362,
          "Actual Total Time": 376.601,
          "Actual Rows": 4,
          "Actual Loops": 1,
          "Workers Planned": 3,
          "Workers Launched": 3,
          "Single Copy": false,
          "Plans": [
            {
              "Node Type": "Aggregate",
              "Strategy": "Plain",
              "Partial Mode": "Partial",
              "Parent Relationship": "Outer",
              "Parallel Aware": false,
              "Startup Cost": 89469.7,
              "Total Cost": 89469.71,
              "Plan Rows": 1,
              "Plan Width": 8,
              "Actual Startup Time": 346.347,
              "Actual Total Time": 346.351,
              "Actual Rows": 1,
              "Actual Loops": 4,
              "Plans": [
                {
                  "Node Type": "Nested Loop",
                  "Parent Relationship": "Outer",
                  "Parallel Aware": false,
                  "Join Type": "Inner",
                  "Startup Cost": 52566.47,
                  "Total Cost": 89444.49,
                  "Plan Rows": 10084,
                  "Plan Width": 0,
                  "Actual Startup Time": 192.796,
                  "Actual Total Time": 342.41,
                  "Actual Rows": 86780,
                  "Actual Loops": 4,
                  "Inner Unique": false,
                  "Plans": [
                    {
                      "Node Type": "Hash Join",
                      "Parent Relationship": "Outer",
                      "Parallel Aware": true,
                      "Join Type": "Inner",
                      "Startup Cost": 52566.04,
                      "Total Cost": 78229.49,
                      "Plan Rows": 18474,
                      "Plan Width": 8,
                      "Actual Startup Time": 192.684,
                      "Actual Total Time": 238.49,
                      "Actual Rows": 35271,
                      "Actual Loops": 4,
                      "Inner Unique": true,
                      "Hash Cond": "(mk.movie_id = t.id)",
                      "Plans": [
                        {
                          "Node Type": "Bitmap Heap Scan",
                          "Parent Relationship": "Outer",
                          "Parallel Aware": true,
                          "Relation Name": "movie_keyword",
                          "Alias": "mk",
                          "Startup Cost": 5261.56,
                          "Total Cost": 30715.11,
                          "Plan Rows": 79964,
                          "Plan Width": 4,
                          "Actual Startup Time": 21.152,
                          "Actual Total Time": 61.294,
                          "Actual Rows": 64082,
                          "Actual Loops": 4,
                          "Recheck Cond": "(keyword_id < 228)",
                          "Rows Removed by Index Recheck": 0,
                          "Exact Heap Blocks": 7231,
                          "Lossy Heap Blocks": 0,
                          "Plans": [
                            {
                              "Node Type": "Bitmap Index Scan",
                              "Parent Relationship": "Outer",
                              "Parallel Aware": false,
                              "Index Name": "keyword_id_movie_keyword",
                              "Startup Cost": 0.0,
                              "Total Cost": 5199.59,
                              "Plan Rows": 247888,
                              "Plan Width": 0,
                              "Actual Startup Time": 17.508,
                              "Actual Total Time": 17.509,
                              "Actual Rows": 256327,
                              "Actual Loops": 1,
                              "Index Cond": "(keyword_id < 228)"
                            }
                          ]
                        },
                        {
                          "Node Type": "Hash",
                          "Parent Relationship": "Inner",
                          "Parallel Aware": true,
                          "Startup Cost": 45479.1,
                          "Total Cost": 45479.1,
                          "Plan Rows": 146030,
                          "Plan Width": 4,
                          "Actual Startup Time": 149.832,
                          "Actual Total Time": 149.833,
                          "Actual Rows": 148682,
                          "Actual Loops": 4,
                          "Hash Buckets": 1048576,
                          "Original Hash Buckets": 1048576,
                          "Hash Batches": 1,
                          "Original Hash Batches": 1,
                          "Peak Memory Usage": 31520,
                          "Plans": [
                            {
                              "Node Type": "Seq Scan",
                              "Parent Relationship": "Outer",
                              "Parallel Aware": true,
                              "Relation Name": "title",
                              "Alias": "t",
                              "Startup Cost": 0.0,
                              "Total Cost": 45479.1,
                              "Plan Rows": 146030,
                              "Plan Width": 4,
                              "Actual Startup Time": 60.684,
                              "Actual Total Time": 101.918,
                              "Actual Rows": 148682,
                              "Actual Loops": 4,
                              "Filter": "((production_year < 2012) AND (kind_id = 1))",
                              "Rows Removed by Filter": 483396
                            }
                          ]
                        }
                      ]
                    },
                    {
                      "Node Type": "Index Only Scan",
                      "Parent Relationship": "Inner",
                      "Parallel Aware": false,
                      "Scan Direction": "Forward",
                      "Index Name": "movie_id_movie_info_idx",
                      "Relation Name": "movie_info_idx",
                      "Alias": "mi_idx",
                      "Startup Cost": 0.43,
                      "Total Cost": 0.58,
                      "Plan Rows": 3,
                      "Plan Width": 4,
                      "Actual Startup Time": 0.002,
                      "Actual Total Time": 0.003,
                      "Actual Rows": 2,
                      "Actual Loops": 141085,
                      "Index Cond": "(movie_id = t.id)",
                      "Rows Removed by Index Recheck": 0,
                      "Heap Fetches": 347120
                    }
                  ]
                }
              ]
            }
          ]
        }
      ]
    },
    "Planning Time": 1.335,
    "Triggers": [],
    "Execution Time": 376.715
  }
]