[
  {
    "Plan": {
      "Node Type": "Aggregate",
      "Strategy": "Plain",
      "Partial Mode": "Finalize",
      "Parallel Aware": false,
      "Startup Cost": 348528.3,
      "Total Cost": 348528.31,
      "Plan Rows": 1,
      "Plan Width": 8,
      "Actual Startup Time": 763.048,
      "Actual Total Time": 824.192,
      "Actual Rows": 1,
      "Actual Loops": 1,
      "Plans": [
        {
          "Node Type": "Gather",
          "Parent Relationship": "Outer",
          "Parallel Aware": false,
          "Startup Cost": 348527.67,
          "Total Cost": 348528.28,
          "Plan Rows": 6,
          "Plan Width": 8,
          "Actual Startup Time": 762.829,
          "Actual Total Time": 824.179,
          "Actual Rows": 7,
          "Actual Loops": 1,
          "Workers Planned": 6,
          "Workers Launched": 6,
          "Single Copy": false,
          "Plans": [
            {
              "Node Type": "Aggregate",
              "Strategy": "Plain",
              "Partial Mode": "Partial",
              "Parent Relationship": "Outer",
              "Parallel Aware": false,
              "Startup Cost": 347527.67,
              "Total Cost": 347527.68,
              "Plan Rows": 1,
              "Plan Width": 8,
              "Actual Startup Time": 751.949,
              "Actual Total Time": 751.951,
              "Actual Rows": 1,
              "Actual Loops": 7,
              "Plans": [
                {
                  "Node Type": "Seq Scan",
                  "Parent Relationship": "Outer",
                  "Parallel Aware": true,
                  "Relation Name": "cast_info",
                  "Alias": "ci",
                  "Startup Cost": 0.0,
                  "Total Cost": 343316.27,
                  "Plan Rows": 1684560,
                  "Plan Width": 0,
                  "Actual Startup Time": 0.069,
                  "Actual Total Time": 666.178,
                  "Actual Rows": 1900982,
                  "Actual Loops": 7,
                  "Filter": "((person_id < 1819914) AND (role_id < 3))",
                  "Rows Removed by Filter": 3276782
                }
              ]
            }
          ]
        }
      ]
    },
    "Planning Time": 0.232,
    "Triggers": [],
    "Execution Time": 824.268
  }
]