[
  {
    "Plan": {
      "Node Type": "Aggregate",
      "Strategy": "Plain",
      "Partial Mode": "Finalize",
      "Parallel Aware": false,
      "Startup Cost": 249416.04,
      "Total Cost": 249416.05,
      "Plan Rows": 1,
      "Plan Width": 8,
      "Actual Startup Time": 1072.092,
      "Actual Total Time": 1128.996,
      "Actual Rows": 1,
      "Actual Loops": 1,
      "Plans": [
        {
          "Node Type": "Gather",
          "Parent Relationship": "Outer",
          "Parallel Aware": false,
          "Startup Cost": 249415.51,
          "Total Cost": 249416.02,
          "Plan Rows": 5,
          "Plan Width": 8,
          "Actual Startup Time": 1067.724,
          "Actual Total Time": 1128.981,
          "Actual Rows": 6,
          "Actual Loops": 1,
          "Workers Planned": 5,
          "Workers Launched": 5,
          "Single Copy": false,
          "Plans": [
            {
              "Node Type": "Aggregate",
              "Strategy": "Plain",
              "Partial Mode": "Partial",
              "Parent Relationship": "Outer",
              "Parallel Aware": false,
              "Startup Cost": 248415.51,
              "Total Cost": 248415.52,
              "Plan Rows": 1,
              "Plan Width": 8,
              "Actual Startup Time": 1059.498,
              "Actual Total Time": 1059.501,
              "Actual Rows": 1,
              "Actual Loops": 6,
              "Plans": [
                {
                  "Node Type": "Hash Join",
                  "Parent Relationship": "Outer",
                  "Parallel Aware": true,
                  "Join Type": "Inner",
                  "Startup Cost": 47261.79,
                  "Total Cost": 246741.19,
                  "Plan Rows": 669729,
                  "Plan Width": 0,
                  "Actual Startup Time": 132.605,
                  "Actual Total Time": 1005.189,
                  "Actual Rows": 975567,
                  "Actual Loops": 6,
                  "Inner Unique": true,
                  "Hash Cond": "(mi.movie_id = t.id)",
                  "Plans": [
                    {
                      "Node Type": "Seq Scan",
                      "Parent Relationship": "Outer",
                      "Parallel Aware": true,
                      "Relation Name": "movie_info",
                      "Alias": "mi",
                      "Startup Cost": 0.0,
                      "Total Cost": 191685.19,
                      "Plan Rows": 2969219,
                      "Plan Width": 4,
                      "Actual Startup Time": 0.039,
                      "Actual Total Time": 348.805,
                      "Actual Rows": 2472620,
                      "Actual Loops": 6
                    },
                    {
                      "Node Type": "Hash",
                      "Parent Relationship": "Inner",
                      "Parallel Aware": true,
                      "Startup Cost": 45479.59,
                      "Total Cost": 45479.59,
                      "Plan Rows": 142576,
                      "Plan Width": 4,
                      "Actual Startup Time": 116.938,
                      "Actual Total Time": 116.939,
                      "Actual Rows": 75667,
                      "Actual Loops": 6,
                      "Hash Buckets": 1048576,
                      "Original Hash Buckets": 1048576,
                      "Hash Batches": 1,
                      "Original Hash Batches": 1,
                      "Peak Memory Usage": 26048,
                      "Plans": [
                        {
                          "Node Type": "Seq Scan",
                          "Parent Relationship": "Outer",
                          "Parallel Aware": true,
                          "Relation Name": "title",
                          "Alias": "t",
                          "Startup Cost": 0.0,
                          "Total Cost": 45479.59,
                          "Plan Rows": 142576,
                          "Plan Width": 4,
                          "Actual Startup Time": 39.882,
                          "Actual Total Time": 84.6,
                          "Actual Rows": 75667,
                          "Actual Loops": 6,
                          "Filter": "((kind_id < 2) AND (production_year > 1963))",
                          "Rows Removed by Filter": 345718
                        }
                      ]
                    }
                  ]
                }
              ]
            }
          ]
        }
      ]
    },
    "Planning Time": 0.264,
    "Triggers": [],
    "Execution Time": 1129.055
  }
]