[
  {
    "Plan": {
      "Node Type": "Aggregate",
      "Strategy": "Plain",
      "Partial Mode": "Finalize",
      "Parallel Aware": false,
      "Startup Cost": 30920.91,
      "Total Cost": 30920.92,
      "Plan Rows": 1,
      "Plan Width": 8,
      "Actual Startup Time": 76.626,
      "Actual Total Time": 84.645,
      "Actual Rows": 1,
      "Actual Loops": 1,
      "Plans": [
        {
          "Node Type": "Gather",
          "Parent Relationship": "Outer",
          "Parallel Aware": false,
          "Startup Cost": 30920.59,
          "Total Cost": 30920.9,
          "Plan Rows": 3,
          "Plan Width": 8,
          "Actual Startup Time": 76.501,
          "Actual Total Time": 84.637,
          "Actual Rows": 4,
          "Actual Loops": 1,
          "Workers Planned": 3,
          "Workers Launched": 3,
          "Single Copy": false,
          "Plans": [
            {
              "Node Type": "Aggregate",
              "Strategy": "Plain",
              "Partial Mode": "Partial",
              "Parent Relationship": "Outer",
              "Parallel Aware": false,
              "Startup Cost": 29920.59,
              "Total Cost": 29920.6,
              "Plan Rows": 1,
              "Plan Width": 8,
              "Actual Startup Time": 73.366,
              "Actual Total Time": 73.367,
              "Actual Rows": 1,
              "Actual Loops": 4,
              "Plans": [
                {
                  "Node Type": "Seq Scan",
                  "Parent Relationship": "Outer",
                  "Parallel Aware": true,
                  "Relation Name": "movie_companies",
                  "Alias": "mc",
                  "Startup Cost": 0.0,
                  "Total Cost": 29310.68,
                  "Plan Rows": 243963,
                  "Plan Width": 0,
                  "Actual Startup Time": 0.016,
                  "Actual Total Time": 65.156,
                  "Actual Rows": 188891,
                  "Actual Loops": 4,
                  "Filter": "(company_id < 1501)",
                  "Rows Removed by Filter": 463392
                }
              ]
            }
          ]
        }
      ]
    },
    "Planning Time": 0.089,
    "Triggers": [],
    "Execution Time": 84.683
  }
]