[
  {
    "Plan": {
      "Node Type": "Aggregate",
      "Strategy": "Plain",
      "Partial Mode": "Finalize",
      "Parallel Aware": false,
      "Startup Cost": 205058.95,
      "Total Cost": 205058.96,
      "Plan Rows": 1,
      "Plan Width": 8,
      "Actual Startup Time": 293.368,
      "Actual Total Time": 315.216,
      "Actual Rows": 1,
      "Actual Loops": 1,
      "Plans": [
        {
          "Node Type": "Gather",
          "Parent Relationship": "Outer",
          "Parallel Aware": false,
          "Startup Cost": 205058.32,
          "Total Cost": 205058.93,
          "Plan Rows": 6,
          "Plan Width": 8,
          "Actual Startup Time": 293.227,
          "Actual Total Time": 315.206,
          "Actual Rows": 7,
          "Actual Loops": 1,
          "Workers Planned": 6,
          "Workers Launched": 6,
          "Single Copy": false,
          "Plans": [
            {
              "Node Type": "Aggregate",
              "Strategy": "Plain",
              "Partial Mode": "Partial",
              "Parent Relationship": "Outer",
              "Parallel Aware": false,
              "Startup Cost": 204058.32,
              "Total Cost": 204058.33,
              "Plan Rows": 1,
              "Plan Width": 8,
              "Actual Startup Time": 287.427,
              "Actual Total Time": 287.428,
              "Actual Rows": 1,
              "Actual Loops": 7,
              "Plans": [
                {
                  "Node Type": "Index Scan",
                  "Parent Relationship": "Outer",
                  "Parallel Aware": true,
                  "Scan Direction": "Forward",
                  "Index Name": "role_id_cast_info",
                  "Relation Name": "cast_info",
                  "Alias": "ci",
                  "Startup Cost": 0.56,
                  "Total Cost": 201884.69,
                  "Plan Rows": 869453,
                  "Plan Width": 0,
                  "Actual Startup Time": 0.1,
                  "Actual Total Time": 240.851,
                  "Actual Rows": 961841,
                  "Actual Loops": 7,
                  "Index Cond": "(role_id = 2)",
                  "Rows Removed by Index Recheck": 0,
                  "Filter": "(person_id < 2607469)",
                  "Rows Removed by Filter": 102727
                }
              ]
            }
          ]
        }
      ]
    },
    "Planning Time": 0.3,
    "Triggers": [],
    "Execution Time": 315.29
  }
]