[
  {
    "Plan": {
      "Node Type": "Aggregate",
      "Strategy": "Plain",
      "Partial Mode": "Finalize",
      "Parallel Aware": false,
      "Startup Cost": 44931.99,
      "Total Cost": 44932.0,
      "Plan Rows": 1,
      "Plan Width": 8,
      "Actual Startup Time": 91.825,
      "Actual Total Time": 104.946,
      "Actual Rows": 1,
      "Actual Loops": 1,
      "Plans": [
        {
          "Node Type": "Gather",
          "Parent Relationship": "Outer",
          "Parallel Aware": false,
          "Startup Cost": 44931.57,
          "Total Cost": 44931.98,
          "Plan Rows": 4,
          "Plan Width": 8,
          "Actual Startup Time": 91.68,
          "Actual Total Time": 104.935,
          "Actual Rows": 5,
          "Actual Loops": 1,
          "Workers Planned": 4,
          "Workers Launched": 4,
          "Single Copy": false,
          "Plans": [
            {
              "Node Type": "Aggregate",
              "Strategy": "Plain",
              "Partial Mode": "Partial",
              "Parent Relationship": "Outer",
              "Parallel Aware": false,
              "Startup Cost": 43931.57,
              "Total Cost": 43931.58,
              "Plan Rows": 1,
              "Plan Width": 8,
              "Actual Startup Time": 85.571,
              "Actual Total Time": 85.573,
              "Actual Rows": 1,
              "Actual Loops": 5,
              "Plans": [
                {
                  "Node Type": "Seq Scan",
                  "Parent Relationship": "Outer",
                  "Parallel Aware": true,
                  "Relation Name": "title",
                  "Alias": "t",
                  "Startup Cost": 0.0,
                  "Total Cost": 43898.92,
                  "Plan Rows": 13063,
                  "Plan Width": 0,
                  "Actual Startup Time": 0.038,
                  "Actual Total Time": 84.495,
                  "Actual Rows": 11718,
                  "Actual Loops": 5,
                  "Filter": "(production_year = 2001)",
                  "Rows Removed by Filter": 493944
                }
              ]
            }
          ]
        }
      ]
    },
    "Planning Time": 0.158,
    "Triggers": [],
    "Execution Time": 105.007
  }
]