[
  {
    "Plan": {
      "Node Type": "Aggregate",
      "Strategy": "Plain",
      "Partial Mode": "Simple",
      "Parallel Aware": false,
      "Startup Cost": 48899.16,
      "Total Cost": 48899.17,
      "Plan Rows": 1,
      "Plan Width": 64,
      "Actual Startup Time": 154.485,
      "Actual Total Time": 173.593,
      "Actual Rows": 1,
      "Actual Loops": 1,
      "Plans": [
        {
          "Node Type": "Nested Loop",
          "Parent Relationship": "Outer",
          "Parallel Aware": false,
          "Join Type": "Inner",
          "Startup Cost": 1003.41,
          "Total Cost": 48899.16,
          "Plan Rows": 1,
          "Plan Width": 32,
          "Actual Startup Time": 154.446,
          "Actual Total Time": 173.58,
          "Actual Rows": 2,
          "Actual Loops": 1,
          "Inner Unique": true,
          "Plans": [
            {
              "Node Type": "Nested Loop",
              "Parent Relationship": "Outer",
              "Parallel Aware": false,
              "Join Type": "Inner",
              "Startup Cost": 1003.28,
              "Total Cost": 48898.96,
              "Plan Rows": 1,
              "Plan Width": 36,
              "Actual Startup Time": 154.427,
              "Actual Total Time": 173.559,
              "Actual Rows": 2,
              "Actual Loops": 1,
              "Inner Unique": true,
              "Join Filter": "(ci.person_id = n.id)",
              "Rows Removed by Join Filter": 0,
              "Plans": [
                {
                  "Node Type": "Nested Loop",
                  "Parent Relationship": "Outer",
                  "Parallel Aware": false,
                  "Join Type": "Inner",
                  "Startup Cost": 1002.85,
                  "Total Cost": 48898.19,
                  "Plan Rows": 1,
                  "Plan Width": 29,
                  "Actual Startup Time": 154.357,
                  "Actual Total Time": 173.483,
                  "Actual Rows": 2,
                  "Actual Loops": 1,
                  "Inner Unique": true,
                  "Plans": [
                    {
                      "Node Type": "Nested Loop",
                      "Parent Relationship": "Outer",
                      "Parallel Aware": false,
                      "Join Type": "Inner",
                      "Startup Cost": 1002.7,
                      "Total Cost": 48897.99,
                      "Plan Rows": 1,
                      "Plan Width": 33,
                      "Actual Startup Time": 154.332,
                      "Actual Total Time": 173.455,
                      "Actual Rows": 2,
                      "Actual Loops": 1,
                      "Inner Unique": false,
                      "Join Filter": "(t.id = mi.movie_id)",
                      "Rows Removed by Join Filter": 0,
                      "Plans": [
                        {
                          "Node Type": "Nested Loop",
                          "Parent Relationship": "Outer",
                          "Parallel Aware": false,
                          "Join Type": "Inner",
                          "Startup Cost": 1002.27,
                          "Total Cost": 48888.16,
                          "Plan Rows": 1,
                          "Plan Width": 41,
                          "Actual Startup Time": 154.214,
                          "Actual Total Time": 173.329,
                          "Actual Rows": 2,
                          "Actual Loops": 1,
                          "Inner Unique": true,
                          "Plans": [
                            {
                              "Node Type": "Nested Loop",
                              "Parent Relationship": "Outer",
                              "Parallel Aware": false,
                              "Join Type": "Inner",
                              "Startup Cost": 1001.84,
                              "Total Cost": 48879.98,
                              "Plan Rows": 1,
                              "Plan Width": 45,
                              "Actual Startup Time": 154.085,
                              "Actual Total Time": 173.194,
                              "Actual Rows": 2,
                              "Actual Loops": 1,
                              "Inner Unique": false,
                              "Plans": [
                                {
                                  "Node Type": "Gather",
                                  "Parent Relationship": "Outer",
                                  "Parallel Aware": false,
                                  "Startup Cost": 1001.41,
                                  "Total Cost": 48868.92,
                                  "Plan Rows": 1,
                                  "Plan Width": 41,
                                  "Actual Startup Time": 153.96,
                                  "Actual Total Time": 173.066,
                                  "Actual Rows": 1,
                                  "Actual Loops": 1,
                                  "Workers Planned": 4,
                                  "Workers Launched": 4,
                                  "Single Copy": false,
                                  "Plans": [
                                    {
                                      "Node Type": "Nested Loop",
                                      "Parent Relationship": "Outer",
                                      "Parallel Aware": false,
                                      "Join Type": "Inner",
                                      "Startup Cost": 1.42,
                                      "Total Cost": 47868.82,
                                      "Plan Rows": 1,
                                      "Plan Width": 41,
                                      "Actual Startup Time": 118.017,
                                      "Actual Total Time": 143.635,
                                      "Actual Rows": 0,
                                      "Actual Loops": 5,
                                      "Inner Unique": false,
                                      "Join Filter": "(t.id = ci.movie_id)",
                                      "Rows Removed by Join Filter": 0,
                                      "Plans": [
                                        {
                                          "Node Type": "Nested Loop",
                                          "Parent Relationship": "Outer",
                                          "Parallel Aware": false,
                                          "Join Type": "Inner",
                                          "Startup Cost": 0.85,
                                          "Total Cost": 47854.63,
                                          "Plan Rows": 1,
                                          "Plan Width": 25,
                                          "Actual Startup Time": 117.863,
                                          "Actual Total Time": 143.406,
                                          "Actual Rows": 0,
                                          "Actual Loops": 5,
                                          "Inner Unique": true,
                                          "Plans": [
                                            {
                                              "Node Type": "Nested Loop",
                                              "Parent Relationship": "Outer",
                                              "Parallel Aware": false,
                                              "Join Type": "Inner",
                                              "Startup Cost": 0.43,
                                              "Total Cost": 47853.45,
                                              "Plan Rows": 2,
                                              "Plan Width": 29,
                                              "Actual Startup Time": 117.836,
                                              "Actual Total Time": 143.378,
                                              "Actual Rows": 0,
                                              "Actual Loops": 5,
                                              "Inner Unique": false,
                                              "Plans": [
                                                {
                                                  "Node Type": "Seq Scan",
                                                  "Parent Relationship": "Outer",
                                                  "Parallel Aware": true,
                                                  "Relation Name": "title",
                                                  "Alias": "t",
                                                  "Startup Cost": 0.0,
                                                  "Total Cost": 47059.85,
                                                  "Plan Rows": 38,
                                                  "Plan Width": 21,
                                                  "Actual Startup Time": 117.791,
                                                  "Actual Total Time": 143.33,
                                                  "Actual Rows": 0,
                                                  "Actual Loops": 5,
                                                  "Filter": "((title ~~ '%(#1.13186)%'::text) AND (production_year >= 1995) AND (production_year <= 2013))",
                                                  "Rows Removed by Filter": 505662
                                                },
                                                {
                                                  "Node Type": "Index Scan",
                                                  "Parent Relationship": "Inner",
                                                  "Parallel Aware": false,
                                                  "Scan Direction": "Forward",
                                                  "Index Name": "movie_id_movie_companies",
                                                  "Relation Name": "movie_companies",
                                                  "Alias": "mc",
                                                  "Startup Cost": 0.43,
                                                  "Total Cost": 20.87,
                                                  "Plan Rows": 1,
                                                  "Plan Width": 8,
                                                  "Actual Startup Time": 0.213,
                                                  "Actual Total Time": 0.215,
                                                  "Actual Rows": 1,
                                                  "Actual Loops": 1,
                                                  "Index Cond": "(movie_id = t.id)",
                                                  "Rows Removed by Index Recheck": 0,
                                                  "Filter": "((note ~~ '%(200%)%'::text) AND ((note ~~ '%(USA)%'::text) OR (note ~~ '%(worldwide)%'::text)))",
                                                  "Rows Removed by Filter": 0
                                                }
                                              ]
                                            },
                                            {
                                              "Node Type": "Index Scan",
                                              "Parent Relationship": "Inner",
                                              "Parallel Aware": false,
                                              "Scan Direction": "Forward",
                                              "Index Name": "company_name_pkey",
                                              "Relation Name": "company_name",
                                              "Alias": "cn",
                                              "Startup Cost": 0.42,
                                              "Total Cost": 0.59,
                                              "Plan Rows": 1,
                                              "Plan Width": 4,
                                              "Actual Startup Time": 0.129,
                                              "Actual Total Time": 0.129,
                                              "Actual Rows": 1,
                                              "Actual Loops": 1,
                                              "Index Cond": "(id = mc.company_id)",
                                              "Rows Removed by Index Recheck": 0,
                                              "Filter": "((country_code)::text = '[us]'::text)",
                                              "Rows Removed by Filter": 0
                                            }
                                          ]
                                        },
                                        {
                                          "Node Type": "Index Scan",
                                          "Parent Relationship": "Inner",
                                          "Parallel Aware": false,
                                          "Scan Direction": "Forward",
                                          "Index Name": "movie_id_cast_info",
                                          "Relation Name": "cast_info",
                                          "Alias": "ci",
                                          "Startup Cost": 0.56,
                                          "Total Cost": 14.18,
                                          "Plan Rows": 1,
                                          "Plan Width": 16,
                                          "Actual Startup Time": 0.758,
                                          "Actual Total Time": 1.133,
                                          "Actual Rows": 1,
                                          "Actual Loops": 1,
                                          "Index Cond": "(movie_id = mc.movie_id)",
                                          "Rows Removed by Index Recheck": 0,
                                          "Filter": "(note = '(as Ashley Marie Greiner)'::text)",
                                          "Rows Removed by Filter": 29
                                        }
                                      ]
                                    }
                                  ]
                                },
                                {
                                  "Node Type": "Index Only Scan",
                                  "Parent Relationship": "Inner",
                                  "Parallel Aware": false,
                                  "Scan Direction": "Forward",
                                  "Index Name": "person_id_aka_name",
                                  "Relation Name": "aka_name",
                                  "Alias": "an",
                                  "Startup Cost": 0.42,
                                  "Total Cost": 11.04,
                                  "Plan Rows": 2,
                                  "Plan Width": 4,
                                  "Actual Startup Time": 0.115,
                                  "Actual Total Time": 0.117,
                                  "Actual Rows": 2,
                                  "Actual Loops": 1,
                                  "Index Cond": "(person_id = ci.person_id)",
                                  "Rows Removed by Index Recheck": 0,
                                  "Heap Fetches": 2
                                }
                              ]
                            },
                            {
                              "Node Type": "Index Only Scan",
                              "Parent Relationship": "Inner",
                              "Parallel Aware": false,
                              "Scan Direction": "Forward",
                              "Index Name": "char_name_pkey",
                              "Relation Name": "char_name",
                              "Alias": "chn",
                              "Startup Cost": 0.43,
                              "Total Cost": 8.17,
                              "Plan Rows": 1,
                              "Plan Width": 4,
                              "Actual Startup Time": 0.064,
                              "Actual Total Time": 0.064,
                              "Actual Rows": 1,
                              "Actual Loops": 2,
                              "Index Cond": "(id = ci.person_role_id)",
                              "Rows Removed by Index Recheck": 0,
                              "Heap Fetches": 2
                            }
                          ]
                        },
                        {
                          "Node Type": "Index Scan",
                          "Parent Relationship": "Inner",
                          "Parallel Aware": false,
                          "Scan Direction": "Forward",
                          "Index Name": "movie_id_movie_info",
                          "Relation Name": "movie_info",
                          "Alias": "mi",
                          "Startup Cost": 0.43,
                          "Total Cost": 9.82,
                          "Plan Rows": 1,
                          "Plan Width": 8,
                          "Actual Startup Time": 0.058,
                          "Actual Total Time": 0.059,
                          "Actual Rows": 1,
                          "Actual Loops": 2,
                          "Index Cond": "(movie_id = mc.movie_id)",
                          "Rows Removed by Index Recheck": 0,
                          "Filter": "((info IS NOT NULL) AND ((info ~~ 'Japan:%2007%'::text) OR (info ~~ 'USA:%2008%'::text)))",
                          "Rows Removed by Filter": 0
                        }
                      ]
                    },
                    {
                      "Node Type": "Index Scan",
                      "Parent Relationship": "Inner",
                      "Parallel Aware": false,
                      "Scan Direction": "Forward",
                      "Index Name": "info_type_pkey",
                      "Relation Name": "info_type",
                      "Alias": "it",
                      "Startup Cost": 0.14,
                      "Total Cost": 0.17,
                      "Plan Rows": 1,
                      "Plan Width": 4,
                      "Actual Startup Time": 0.012,
                      "Actual Total Time": 0.012,
                      "Actual Rows": 1,
                      "Actual Loops": 2,
                      "Index Cond": "(id = mi.info_type_id)",
                      "Rows Removed by Index Recheck": 0,
                      "Filter": "((info)::text = 'release dates'::text)",
                      "Rows Removed by Filter": 0
                    }
                  ]
                },
                {
                  "Node Type": "Index Scan",
                  "Parent Relationship": "Inner",
                  "Parallel Aware": false,
                  "Scan Direction": "Forward",
                  "Index Name": "name_pkey",
                  "Relation Name": "name",
                  "Alias": "n",
                  "Startup Cost": 0.43,
                  "Total Cost": 0.77,
                  "Plan Rows": 1,
                  "Plan Width": 19,
                  "Actual Startup Time": 0.035,
                  "Actual Total Time": 0.035,
                  "Actual Rows": 1,
                  "Actual Loops": 2,
                  "Index Cond": "(id = an.person_id)",
                  "Rows Removed by Index Recheck": 0,
                  "Filter": "((name ~~ '%Greiner,%'::text) AND ((gender)::text = 'f'::text))",
                  "Rows Removed by Filter": 0
                }
              ]
            },
            {
              "Node Type": "Index Scan",
              "Parent Relationship": "Inner",
              "Parallel Aware": false,
              "Scan Direction": "Forward",
              "Index Name": "role_type_pkey",
              "Relation Name": "role_type",
              "Alias": "rt",
              "Startup Cost": 0.14,
              "Total Cost": 0.16,
              "Plan Rows": 1,
              "Plan Width": 4,
              "Actual Startup Time": 0.008,
              "Actual Total Time": 0.008,
              "Actual Rows": 1,
              "Actual Loops": 2,
              "Index Cond": "(id = ci.role_id)",
              "Rows Removed by Index Recheck": 0,
              "Filter": "((role)::text = 'actress'::text)",
              "Rows Removed by Filter": 0
            }
          ]
        }
      ]
    },
    "Planning Time": 39.784,
    "Triggers": [],
    "Execution Time": 173.997
  }
]