{
  "Plan": {
    "Node Type": "Aggregate",
    "Strategy": "Plain",
    "Partial Mode": "Finalize",
    "Parallel Aware": false,
    "Startup Cost": 58568.76,
    "Total Cost": 58568.77,
    "Plan Rows": 1,
    "Plan Width": 8,
    "Actual Startup Time": 151.475,
    "Actual Total Time": 158.138,
    "Actual Rows": 1,
    "Actual Loops": 1,
    "Plans": [
      {
        "Node Type": "Gather",
        "Parent Relationship": "Outer",
        "Parallel Aware": false,
        "Startup Cost": 58568.65,
        "Total Cost": 58568.76,
        "Plan Rows": 1,
        "Plan Width": 8,
        "Actual Startup Time": 151.276,
        "Actual Total Time": 158.13,
        "Actual Rows": 2,
        "Actual Loops": 1,
        "Workers Planned": 1,
        "Workers Launched": 1,
        "Single Copy": false,
        "Plans": [
          {
            "Node Type": "Aggregate",
            "Strategy": "Plain",
            "Partial Mode": "Partial",
            "Parent Relationship": "Outer",
            "Parallel Aware": false,
            "Startup Cost": 57568.65,
            "Total Cost": 57568.66,
            "Plan Rows": 1,
            "Plan Width": 8,
            "Actual Startup Time": 145.712,
            "Actual Total Time": 145.718,
            "Actual Rows": 1,
            "Actual Loops": 2,
            "Plans": [
              {
                "Node Type": "Hash Join",
                "Parent Relationship": "Outer",
                "Parallel Aware": true,
                "Join Type": "Inner",
                "Startup Cost": 27886.51,
                "Total Cost": 57568.13,
                "Plan Rows": 207,
                "Plan Width": 0,
                "Actual Startup Time": 71.533,
                "Actual Total Time": 145.698,
                "Actual Rows": 140,
                "Actual Loops": 2,
                "Inner Unique": false,
                "Hash Cond": "(mk.movie_id = t.id)",
                "Plans": [
                  {
                    "Node Type": "Bitmap Heap Scan",
                    "Parent Relationship": "Outer",
                    "Parallel Aware": true,
                    "Relation Name": "movie_keyword",
                    "Alias": "mk",
                    "Startup Cost": 11597.84,
                    "Total Cost": 40072.15,
                    "Plan Rows": 321625,
                    "Plan Width": 4,
                    "Actual Startup Time": 47.326,
                    "Actual Total Time": 119.467,
                    "Actual Rows": 265844,
                    "Actual Loops": 2,
                    "Recheck Cond": "(keyword_id > 34352)",
                    "Rows Removed by Index Recheck": 0,
                    "Exact Heap Blocks": 15527,
                    "Lossy Heap Blocks": 0,
                    "Plans": [
                      {
                        "Node Type": "Bitmap Index Scan",
                        "Parent Relationship": "Outer",
                        "Parallel Aware": false,
                        "Index Name": "keyword_id_movie_keyword",
                        "Startup Cost": 0.0,
                        "Total Cost": 11461.15,
                        "Plan Rows": 546762,
                        "Plan Width": 0,
                        "Actual Startup Time": 43.795,
                        "Actual Total Time": 43.795,
                        "Actual Rows": 531689,
                        "Actual Loops": 1,
                        "Index Cond": "(keyword_id > 34352)"
                      }
                    ]
                  },
                  {
                    "Node Type": "Hash",
                    "Parent Relationship": "Inner",
                    "Parallel Aware": true,
                    "Startup Cost": 16276.71,
                    "Total Cost": 16276.71,
                    "Plan Rows": 957,
                    "Plan Width": 8,
                    "Actual Startup Time": 5.91,
                    "Actual Total Time": 5.912,
                    "Actual Rows": 170,
                    "Actual Loops": 2,
                    "Hash Buckets": 2048,
                    "Original Hash Buckets": 2048,
                    "Hash Batches": 1,
                    "Original Hash Batches": 1,
                    "Peak Memory Usage": 48,
                    "Plans": [
                      {
                        "Node Type": "Nested Loop",
                        "Parent Relationship": "Outer",
                        "Parallel Aware": false,
                        "Join Type": "Inner",
                        "Startup Cost": 74.05,
                        "Total Cost": 16276.71,
                        "Plan Rows": 957,
                        "Plan Width": 8,
                        "Actual Startup Time": 1.356,
                        "Actual Total Time": 5.761,
                        "Actual Rows": 170,
                        "Actual Loops": 2,
                        "Inner Unique": true,
                        "Plans": [
                          {
                            "Node Type": "Bitmap Heap Scan",
                            "Parent Relationship": "Outer",
                            "Parallel Aware": true,
                            "Relation Name": "movie_companies",
                            "Alias": "mc",
                            "Startup Cost": 73.62,
                            "Total Cost": 8590.08,
                            "Plan Rows": 957,
                            "Plan Width": 4,
                            "Actual Startup Time": 1.34,
                            "Actual Total Time": 4.082,
                            "Actual Rows": 170,
                            "Actual Loops": 2,
                            "Recheck Cond": "(company_id = 677)",
                            "Rows Removed by Index Recheck": 0,
                            "Filter": "(company_type_id < 2)",
                            "Rows Removed by Filter": 1293,
                            "Exact Heap Blocks": 1730,
                            "Lossy Heap Blocks": 0,
                            "Plans": [
                              {
                                "Node Type": "Bitmap Index Scan",
                                "Parent Relationship": "Outer",
                                "Parallel Aware": false,
                                "Index Name": "company_id_movie_companies",
                                "Startup Cost": 0.0,
                                "Total Cost": 73.22,
                                "Plan Rows": 3305,
                                "Plan Width": 0,
                                "Actual Startup Time": 0.9,
                                "Actual Total Time": 0.901,
                                "Actual Rows": 2926,
                                "Actual Loops": 1,
                                "Index Cond": "(company_id = 677)"
                              }
                            ]
                          },
                          {
                            "Node Type": "Index Only Scan",
                            "Parent Relationship": "Inner",
                            "Parallel Aware": false,
                            "Scan Direction": "Forward",
                            "Index Name": "title_pkey",
                            "Relation Name": "title",
                            "Alias": "t",
                            "Startup Cost": 0.43,
                            "Total Cost": 8.03,
                            "Plan Rows": 1,
                            "Plan Width": 4,
                            "Actual Startup Time": 0.009,
                            "Actual Total Time": 0.009,
                            "Actual Rows": 1,
                            "Actual Loops": 340,
                            "Index Cond": "(id = mc.movie_id)",
                            "Rows Removed by Index Recheck": 0,
                            "Heap Fetches": 340
                          }
                        ]
                      }
                    ]
                  }
                ]
              }
            ]
          }
        ]
      }
    ]
  },
  "Planning Time": 0.937,
  "Triggers": [],
  "Execution Time": 158.236
}