[
    {
        "Bao": {
            "Bao prediction": "NaN",
            "Bao recommended hint": "(no hint)"
        }
    },
    {
        "Plan": {
            "Node Type": "Aggregate",
            "Strategy": "Plain",
            "Partial Mode": "Finalize",
            "Parallel Aware": false,
            "Startup Cost": 71464.32,
            "Total Cost": 71464.33,
            "Plan Rows": 1,
            "Plan Width": 8,
            "Actual Startup Time": 125.633,
            "Actual Total Time": 131.955,
            "Actual Rows": 1,
            "Actual Loops": 1,
            "Output": [
                "count(*)"
            ],
            "Plans": [
                {
                    "Node Type": "Gather",
                    "Parent Relationship": "Outer",
                    "Parallel Aware": false,
                    "Startup Cost": 71464.0,
                    "Total Cost": 71464.31,
                    "Plan Rows": 3,
                    "Plan Width": 8,
                    "Actual Startup Time": 125.221,
                    "Actual Total Time": 131.947,
                    "Actual Rows": 4,
                    "Actual Loops": 1,
                    "Output": [
                        "(PARTIAL count(*))"
                    ],
                    "Workers Planned": 3,
                    "Workers Launched": 3,
                    "Single Copy": false,
                    "Plans": [
                        {
                            "Node Type": "Aggregate",
                            "Strategy": "Plain",
                            "Partial Mode": "Partial",
                            "Parent Relationship": "Outer",
                            "Parallel Aware": false,
                            "Startup Cost": 70464.0,
                            "Total Cost": 70464.01,
                            "Plan Rows": 1,
                            "Plan Width": 8,
                            "Actual Startup Time": 116.283,
                            "Actual Total Time": 116.286,
                            "Actual Rows": 1,
                            "Actual Loops": 4,
                            "Output": [
                                "PARTIAL count(*)"
                            ],
                            "Workers": [
                                {
                                    "Worker Number": 0,
                                    "Actual Startup Time": 113.185,
                                    "Actual Total Time": 113.188,
                                    "Actual Rows": 1,
                                    "Actual Loops": 1
                                },
                                {
                                    "Worker Number": 1,
                                    "Actual Startup Time": 113.432,
                                    "Actual Total Time": 113.435,
                                    "Actual Rows": 1,
                                    "Actual Loops": 1
                                },
                                {
                                    "Worker Number": 2,
                                    "Actual Startup Time": 113.637,
                                    "Actual Total Time": 113.641,
                                    "Actual Rows": 1,
                                    "Actual Loops": 1
                                }
                            ],
                            "Plans": [
                                {
                                    "Node Type": "Hash Join",
                                    "Parent Relationship": "Outer",
                                    "Parallel Aware": true,
                                    "Join Type": "Inner",
                                    "Startup Cost": 38417.06,
                                    "Total Cost": 70447.47,
                                    "Plan Rows": 6614,
                                    "Plan Width": 0,
                                    "Actual Startup Time": 89.895,
                                    "Actual Total Time": 115.853,
                                    "Actual Rows": 9095,
                                    "Actual Loops": 4,
                                    "Inner Unique": true,
                                    "Hash Cond": "(mc.movie_id = t.id)",
                                    "Workers": [
                                        {
                                            "Worker Number": 0,
                                            "Actual Startup Time": 86.815,
                                            "Actual Total Time": 112.735,
                                            "Actual Rows": 8955,
                                            "Actual Loops": 1
                                        },
                                        {
                                            "Worker Number": 1,
                                            "Actual Startup Time": 86.992,
                                            "Actual Total Time": 113.0,
                                            "Actual Rows": 8459,
                                            "Actual Loops": 1
                                        },
                                        {
                                            "Worker Number": 2,
                                            "Actual Startup Time": 87.273,
                                            "Actual Total Time": 113.202,
                                            "Actual Rows": 8760,
                                            "Actual Loops": 1
                                        }
                                    ],
                                    "Plans": [
                                        {
                                            "Node Type": "Seq Scan",
                                            "Parent Relationship": "Outer",
                                            "Parallel Aware": true,
                                            "Relation Name": "movie_companies",
                                            "Schema": "public",
                                            "Alias": "mc",
                                            "Startup Cost": 0.0,
                                            "Total Cost": 31414.82,
                                            "Plan Rows": 234509,
                                            "Plan Width": 4,
                                            "Actual Startup Time": 30.681,
                                            "Actual Total Time": 61.562,
                                            "Actual Rows": 113572,
                                            "Actual Loops": 4,
                                            "Output": [
                                                "mc.id",
                                                "mc.movie_id",
                                                "mc.company_id",
                                                "mc.company_type_id",
                                                "mc.note"
                                            ],
                                            "Filter": "((mc.company_id < 12471) AND (mc.company_type_id > 1))",
                                            "Rows Removed by Filter": 538710,
                                            "Workers": [
                                                {
                                                    "Worker Number": 0,
                                                    "Actual Startup Time": 30.687,
                                                    "Actual Total Time": 61.628,
                                                    "Actual Rows": 100926,
                                                    "Actual Loops": 1
                                                },
                                                {
                                                    "Worker Number": 1,
                                                    "Actual Startup Time": 30.673,
                                                    "Actual Total Time": 60.987,
                                                    "Actual Rows": 111637,
                                                    "Actual Loops": 1
                                                },
                                                {
                                                    "Worker Number": 2,
                                                    "Actual Startup Time": 30.676,
                                                    "Actual Total Time": 61.549,
                                                    "Actual Rows": 112339,
                                                    "Actual Loops": 1
                                                }
                                            ]
                                        },
                                        {
                                            "Node Type": "Hash",
                                            "Parent Relationship": "Inner",
                                            "Parallel Aware": true,
                                            "Startup Cost": 38194.21,
                                            "Total Cost": 38194.21,
                                            "Plan Rows": 17828,
                                            "Plan Width": 4,
                                            "Actual Startup Time": 37.961,
                                            "Actual Total Time": 37.962,
                                            "Actual Rows": 16655,
                                            "Actual Loops": 4,
                                            "Output": [
                                                "t.id"
                                            ],
                                            "Hash Buckets": 131072,
                                            "Original Hash Buckets": 131072,
                                            "Hash Batches": 1,
                                            "Original Hash Batches": 1,
                                            "Peak Memory Usage": 3680,
                                            "Workers": [
                                                {
                                                    "Worker Number": 0,
                                                    "Actual Startup Time": 35.084,
                                                    "Actual Total Time": 35.085,
                                                    "Actual Rows": 7867,
                                                    "Actual Loops": 1
                                                },
                                                {
                                                    "Worker Number": 1,
                                                    "Actual Startup Time": 35.231,
                                                    "Actual Total Time": 35.232,
                                                    "Actual Rows": 9232,
                                                    "Actual Loops": 1
                                                },
                                                {
                                                    "Worker Number": 2,
                                                    "Actual Startup Time": 35.527,
                                                    "Actual Total Time": 35.529,
                                                    "Actual Rows": 8975,
                                                    "Actual Loops": 1
                                                }
                                            ],
                                            "Plans": [
                                                {
                                                    "Node Type": "Bitmap Heap Scan",
                                                    "Parent Relationship": "Outer",
                                                    "Parallel Aware": true,
                                                    "Relation Name": "title",
                                                    "Schema": "public",
                                                    "Alias": "t",
                                                    "Startup Cost": 1818.23,
                                                    "Total Cost": 38194.21,
                                                    "Plan Rows": 17828,
                                                    "Plan Width": 4,
                                                    "Actual Startup Time": 2.193,
                                                    "Actual Total Time": 32.236,
                                                    "Actual Rows": 16655,
                                                    "Actual Loops": 4,
                                                    "Output": [
                                                        "t.id"
                                                    ],
                                                    "Recheck Cond": "(t.kind_id = 3)",
                                                    "Rows Removed by Index Recheck": 0,
                                                    "Filter": "(t.production_year > 1988)",
                                                    "Rows Removed by Filter": 8479,
                                                    "Exact Heap Blocks": 7791,
                                                    "Lossy Heap Blocks": 0,
                                                    "Workers": [
                                                        {
                                                            "Worker Number": 0,
                                                            "Actual Startup Time": 0.225,
                                                            "Actual Total Time": 30.335,
                                                            "Actual Rows": 7867,
                                                            "Actual Loops": 1
                                                        },
                                                        {
                                                            "Worker Number": 1,
                                                            "Actual Startup Time": 0.157,
                                                            "Actual Total Time": 30.371,
                                                            "Actual Rows": 9232,
                                                            "Actual Loops": 1
                                                        },
                                                        {
                                                            "Worker Number": 2,
                                                            "Actual Startup Time": 0.147,
                                                            "Actual Total Time": 30.864,
                                                            "Actual Rows": 8975,
                                                            "Actual Loops": 1
                                                        }
                                                    ],
                                                    "Plans": [
                                                        {
                                                            "Node Type": "Bitmap Index Scan",
                                                            "Parent Relationship": "Outer",
                                                            "Parallel Aware": false,
                                                            "Index Name": "kind_id_title",
                                                            "Startup Cost": 0.0,
                                                            "Total Cost": 1800.4,
                                                            "Plan Rows": 100796,
                                                            "Plan Width": 0,
                                                            "Actual Startup Time": 5.947,
                                                            "Actual Total Time": 5.947,
                                                            "Actual Rows": 100537,
                                                            "Actual Loops": 1,
                                                            "Index Cond": "(t.kind_id = 3)"
                                                        }
                                                    ]
                                                }
                                            ]
                                        }
                                    ]
                                }
                            ]
                        }
                    ]
                }
            ]
        },
        "Planning Time": 178.633,
        "Triggers": [],
        "Execution Time": 132.022
    }
]