[
  {
    "Plan": {
      "Node Type": "Aggregate",
      "Strategy": "Plain",
      "Partial Mode": "Finalize",
      "Parallel Aware": false,
      "Startup Cost": 32607.23,
      "Total Cost": 32607.24,
      "Plan Rows": 1,
      "Plan Width": 8,
      "Actual Startup Time": 32.844,
      "Actual Total Time": 37.666,
      "Actual Rows": 1,
      "Actual Loops": 1,
      "Plans": [
        {
          "Node Type": "Gather",
          "Parent Relationship": "Outer",
          "Parallel Aware": false,
          "Startup Cost": 32607.02,
          "Total Cost": 32607.23,
          "Plan Rows": 2,
          "Plan Width": 8,
          "Actual Startup Time": 32.613,
          "Actual Total Time": 37.66,
          "Actual Rows": 3,
          "Actual Loops": 1,
          "Workers Planned": 2,
          "Workers Launched": 2,
          "Single Copy": false,
          "Plans": [
            {
              "Node Type": "Aggregate",
              "Strategy": "Plain",
              "Partial Mode": "Partial",
              "Parent Relationship": "Outer",
              "Parallel Aware": false,
              "Startup Cost": 31607.02,
              "Total Cost": 31607.03,
              "Plan Rows": 1,
              "Plan Width": 8,
              "Actual Startup Time": 26.883,
              "Actual Total Time": 26.884,
              "Actual Rows": 1,
              "Actual Loops": 3,
              "Plans": [
                {
                  "Node Type": "Nested Loop",
                  "Parent Relationship": "Outer",
                  "Parallel Aware": false,
                  "Join Type": "Inner",
                  "Startup Cost": 137.14,
                  "Total Cost": 31605.79,
                  "Plan Rows": 490,
                  "Plan Width": 0,
                  "Actual Startup Time": 1.318,
                  "Actual Total Time": 26.511,
                  "Actual Rows": 2470,
                  "Actual Loops": 3,
                  "Inner Unique": true,
                  "Join Filter": "(mc.movie_id = t.id)",
                  "Rows Removed by Join Filter": 0,
                  "Plans": [
                    {
                      "Node Type": "Nested Loop",
                      "Parent Relationship": "Outer",
                      "Parallel Aware": false,
                      "Join Type": "Inner",
                      "Startup Cost": 136.71,
                      "Total Cost": 28538.91,
                      "Plan Rows": 4636,
                      "Plan Width": 8,
                      "Actual Startup Time": 0.889,
                      "Actual Total Time": 11.404,
                      "Actual Rows": 2737,
                      "Actual Loops": 3,
                      "Inner Unique": false,
                      "Plans": [
                        {
                          "Node Type": "Bitmap Heap Scan",
                          "Parent Relationship": "Outer",
                          "Parallel Aware": true,
                          "Relation Name": "movie_companies",
                          "Alias": "mc",
                          "Startup Cost": 136.29,
                          "Total Cost": 12930.43,
                          "Plan Rows": 2573,
                          "Plan Width": 4,
                          "Actual Startup Time": 0.77,
                          "Actual Total Time": 2.451,
                          "Actual Rows": 2118,
                          "Actual Loops": 3,
                          "Recheck Cond": "(company_id = 1284)",
                          "Rows Removed by Index Recheck": 0,
                          "Exact Heap Blocks": 521,
                          "Lossy Heap Blocks": 0,
                          "Plans": [
                            {
                              "Node Type": "Bitmap Index Scan",
                              "Parent Relationship": "Outer",
                              "Parallel Aware": false,
                              "Index Name": "company_id_movie_companies",
                              "Startup Cost": 0.0,
                              "Total Cost": 134.74,
                              "Plan Rows": 6175,
                              "Plan Width": 0,
                              "Actual Startup Time": 2.003,
                              "Actual Total Time": 2.004,
                              "Actual Rows": 6354,
                              "Actual Loops": 1,
                              "Index Cond": "(company_id = 1284)"
                            }
                          ]
                        },
                        {
                          "Node Type": "Index Scan",
                          "Parent Relationship": "Inner",
                          "Parallel Aware": false,
                          "Scan Direction": "Forward",
                          "Index Name": "movie_id_movie_info_idx",
                          "Relation Name": "movie_info_idx",
                          "Alias": "mi_idx",
                          "Startup Cost": 0.43,
                          "Total Cost": 6.05,
                          "Plan Rows": 2,
                          "Plan Width": 4,
                          "Actual Startup Time": 0.003,
                          "Actual Total Time": 0.004,
                          "Actual Rows": 1,
                          "Actual Loops": 6354,
                          "Index Cond": "(movie_id = mc.movie_id)",
                          "Rows Removed by Index Recheck": 0,
                          "Filter": "(info_type_id < 101)",
                          "Rows Removed by Filter": 1
                        }
                      ]
                    },
                    {
                      "Node Type": "Index Scan",
                      "Parent Relationship": "Inner",
                      "Parallel Aware": false,
                      "Scan Direction": "Forward",
                      "Index Name": "title_pkey",
                      "Relation Name": "title",
                      "Alias": "t",
                      "Startup Cost": 0.43,
                      "Total Cost": 0.65,
                      "Plan Rows": 1,
                      "Plan Width": 4,
                      "Actual Startup Time": 0.005,
                      "Actual Total Time": 0.005,
                      "Actual Rows": 1,
                      "Actual Loops": 8212,
                      "Index Cond": "(id = mi_idx.movie_id)",
                      "Rows Removed by Index Recheck": 0,
                      "Filter": "((kind_id > 1) AND (production_year < 2009))",
                      "Rows Removed by Filter": 0
                    }
                  ]
                }
              ]
            }
          ]
        }
      ]
    },
    "Planning Time": 0.811,
    "Triggers": [],
    "Execution Time": 37.722
  }
]