{
  "Plan": {
    "Node Type": "Aggregate",
    "Strategy": "Plain",
    "Partial Mode": "Finalize",
    "Parallel Aware": false,
    "Startup Cost": 135874.46,
    "Total Cost": 135874.47,
    "Plan Rows": 1,
    "Plan Width": 8,
    "Actual Startup Time": 883.796,
    "Actual Total Time": 897.547,
    "Actual Rows": 1,
    "Actual Loops": 1,
    "Plans": [
      {
        "Node Type": "Gather",
        "Parent Relationship": "Outer",
        "Parallel Aware": false,
        "Startup Cost": 135874.35,
        "Total Cost": 135874.46,
        "Plan Rows": 1,
        "Plan Width": 8,
        "Actual Startup Time": 879.688,
        "Actual Total Time": 897.541,
        "Actual Rows": 2,
        "Actual Loops": 1,
        "Workers Planned": 1,
        "Workers Launched": 1,
        "Single Copy": false,
        "Plans": [
          {
            "Node Type": "Aggregate",
            "Strategy": "Plain",
            "Partial Mode": "Partial",
            "Parent Relationship": "Outer",
            "Parallel Aware": false,
            "Startup Cost": 134874.35,
            "Total Cost": 134874.36,
            "Plan Rows": 1,
            "Plan Width": 8,
            "Actual Startup Time": 873.545,
            "Actual Total Time": 873.551,
            "Actual Rows": 1,
            "Actual Loops": 2,
            "Plans": [
              {
                "Node Type": "Hash Join",
                "Parent Relationship": "Outer",
                "Parallel Aware": true,
                "Join Type": "Inner",
                "Startup Cost": 113493.56,
                "Total Cost": 134495.24,
                "Plan Rows": 151644,
                "Plan Width": 0,
                "Actual Startup Time": 740.744,
                "Actual Total Time": 868.001,
                "Actual Rows": 132009,
                "Actual Loops": 2,
                "Inner Unique": false,
                "Hash Cond": "(mi_idx.movie_id = t.id)",
                "Plans": [
                  {
                    "Node Type": "Seq Scan",
                    "Parent Relationship": "Outer",
                    "Parallel Aware": true,
                    "Relation Name": "movie_info_idx",
                    "Alias": "mi_idx",
                    "Startup Cost": 0.0,
                    "Total Cost": 18082.32,
                    "Plan Rows": 540622,
                    "Plan Width": 4,
                    "Actual Startup Time": 0.027,
                    "Actual Total Time": 58.839,
                    "Actual Rows": 459925,
                    "Actual Loops": 2,
                    "Filter": "(info_type_id < 101)",
                    "Rows Removed by Filter": 230092
                  },
                  {
                    "Node Type": "Hash",
                    "Parent Relationship": "Inner",
                    "Parallel Aware": true,
                    "Startup Cost": 108278.96,
                    "Total Cost": 108278.96,
                    "Plan Rows": 417168,
                    "Plan Width": 8,
                    "Actual Startup Time": 731.169,
                    "Actual Total Time": 731.173,
                    "Actual Rows": 176300,
                    "Actual Loops": 2,
                    "Hash Buckets": 1048576,
                    "Original Hash Buckets": 1048576,
                    "Hash Batches": 1,
                    "Original Hash Batches": 1,
                    "Peak Memory Usage": 22016,
                    "Plans": [
                      {
                        "Node Type": "Hash Join",
                        "Parent Relationship": "Outer",
                        "Parallel Aware": true,
                        "Join Type": "Inner",
                        "Startup Cost": 68258.63,
                        "Total Cost": 108278.96,
                        "Plan Rows": 417168,
                        "Plan Width": 8,
                        "Actual Startup Time": 437.906,
                        "Actual Total Time": 680.997,
                        "Actual Rows": 176300,
                        "Actual Loops": 2,
                        "Inner Unique": true,
                        "Hash Cond": "(mc.movie_id = t.id)",
                        "Plans": [
                          {
                            "Node Type": "Seq Scan",
                            "Parent Relationship": "Outer",
                            "Parallel Aware": true,
                            "Relation Name": "movie_companies",
                            "Alias": "mc",
                            "Startup Cost": 0.0,
                            "Total Cost": 37974.77,
                            "Plan Rows": 779260,
                            "Plan Width": 4,
                            "Actual Startup Time": 47.267,
                            "Actual Total Time": 113.91,
                            "Actual Rows": 667442,
                            "Actual Loops": 2,
                            "Filter": "(company_type_id > 1)",
                            "Rows Removed by Filter": 637123
                          },
                          {
                            "Node Type": "Hash",
                            "Parent Relationship": "Inner",
                            "Parallel Aware": true,
                            "Startup Cost": 58306.47,
                            "Total Cost": 58306.47,
                            "Plan Rows": 796173,
                            "Plan Width": 4,
                            "Actual Startup Time": 380.658,
                            "Actual Total Time": 380.659,
                            "Actual Rows": 663890,
                            "Actual Loops": 2,
                            "Hash Buckets": 2097152,
                            "Original Hash Buckets": 2097152,
                            "Hash Batches": 1,
                            "Original Hash Batches": 1,
                            "Peak Memory Usage": 68384,
                            "Plans": [
                              {
                                "Node Type": "Seq Scan",
                                "Parent Relationship": "Outer",
                                "Parallel Aware": true,
                                "Relation Name": "title",
                                "Alias": "t",
                                "Startup Cost": 0.0,
                                "Total Cost": 58306.47,
                                "Plan Rows": 796173,
                                "Plan Width": 4,
                                "Actual Startup Time": 0.04,
                                "Actual Total Time": 171.57,
                                "Actual Rows": 663890,
                                "Actual Loops": 2,
                                "Filter": "((production_year < 2012) AND (kind_id = 7))",
                                "Rows Removed by Filter": 600266
                              }
                            ]
                          }
                        ]
                      }
                    ]
                  }
                ]
              }
            ]
          }
        ]
      }
    ]
  },
  "Planning Time": 0.945,
  "Triggers": [],
  "Execution Time": 897.625
}