{
  "Plan": {
    "Node Type": "Aggregate",
    "Strategy": "Plain",
    "Partial Mode": "Finalize",
    "Parallel Aware": false,
    "Startup Cost": 375166.47,
    "Total Cost": 375166.48,
    "Plan Rows": 1,
    "Plan Width": 8,
    "Actual Startup Time": 403.329,
    "Actual Total Time": 417.66,
    "Actual Rows": 1,
    "Actual Loops": 1,
    "Plans": [
      {
        "Node Type": "Gather",
        "Parent Relationship": "Outer",
        "Parallel Aware": false,
        "Startup Cost": 375166.36,
        "Total Cost": 375166.47,
        "Plan Rows": 1,
        "Plan Width": 8,
        "Actual Startup Time": 402.996,
        "Actual Total Time": 417.652,
        "Actual Rows": 2,
        "Actual Loops": 1,
        "Workers Planned": 1,
        "Workers Launched": 1,
        "Single Copy": false,
        "Plans": [
          {
            "Node Type": "Aggregate",
            "Strategy": "Plain",
            "Partial Mode": "Partial",
            "Parent Relationship": "Outer",
            "Parallel Aware": false,
            "Startup Cost": 374166.36,
            "Total Cost": 374166.37,
            "Plan Rows": 1,
            "Plan Width": 8,
            "Actual Startup Time": 396.549,
            "Actual Total Time": 396.555,
            "Actual Rows": 1,
            "Actual Loops": 2,
            "Plans": [
              {
                "Node Type": "Nested Loop",
                "Parent Relationship": "Outer",
                "Parallel Aware": false,
                "Join Type": "Inner",
                "Startup Cost": 100329.13,
                "Total Cost": 374164.16,
                "Plan Rows": 879,
                "Plan Width": 0,
                "Actual Startup Time": 182.338,
                "Actual Total Time": 395.902,
                "Actual Rows": 11820,
                "Actual Loops": 2,
                "Inner Unique": false,
                "Join Filter": "(t.id = mc.movie_id)",
                "Rows Removed by Join Filter": 0,
                "Plans": [
                  {
                    "Node Type": "Hash Join",
                    "Parent Relationship": "Outer",
                    "Parallel Aware": true,
                    "Join Type": "Inner",
                    "Startup Cost": 100328.7,
                    "Total Cost": 372892.27,
                    "Plan Rows": 1731,
                    "Plan Width": 8,
                    "Actual Startup Time": 182.22,
                    "Actual Total Time": 371.458,
                    "Actual Rows": 2762,
                    "Actual Loops": 2,
                    "Inner Unique": true,
                    "Hash Cond": "(ci.movie_id = t.id)",
                    "Plans": [
                      {
                        "Node Type": "Bitmap Heap Scan",
                        "Parent Relationship": "Outer",
                        "Parallel Aware": true,
                        "Relation Name": "cast_info",
                        "Alias": "ci",
                        "Startup Cost": 46578.27,
                        "Total Cost": 318012.09,
                        "Plan Rows": 430385,
                        "Plan Width": 4,
                        "Actual Startup Time": 84.899,
                        "Actual Total Time": 220.743,
                        "Actual Rows": 758901,
                        "Actual Loops": 2,
                        "Recheck Cond": "(person_id < 208097)",
                        "Rows Removed by Index Recheck": 0,
                        "Filter": "(role_id = 1)",
                        "Rows Removed by Filter": 301328,
                        "Exact Heap Blocks": 12975,
                        "Lossy Heap Blocks": 0,
                        "Plans": [
                          {
                            "Node Type": "Bitmap Index Scan",
                            "Parent Relationship": "Outer",
                            "Parallel Aware": false,
                            "Index Name": "person_id_cast_info",
                            "Startup Cost": 0.0,
                            "Total Cost": 46395.36,
                            "Plan Rows": 2124639,
                            "Plan Width": 0,
                            "Actual Startup Time": 81.423,
                            "Actual Total Time": 81.423,
                            "Actual Rows": 2120459,
                            "Actual Loops": 1,
                            "Index Cond": "(person_id < 208097)"
                          }
                        ]
                      },
                      {
                        "Node Type": "Hash",
                        "Parent Relationship": "Inner",
                        "Parallel Aware": true,
                        "Startup Cost": 53675.65,
                        "Total Cost": 53675.65,
                        "Plan Rows": 5982,
                        "Plan Width": 4,
                        "Actual Startup Time": 95.982,
                        "Actual Total Time": 95.984,
                        "Actual Rows": 3234,
                        "Actual Loops": 2,
                        "Hash Buckets": 16384,
                        "Original Hash Buckets": 16384,
                        "Hash Batches": 1,
                        "Original Hash Batches": 1,
                        "Peak Memory Usage": 416,
                        "Plans": [
                          {
                            "Node Type": "Bitmap Heap Scan",
                            "Parent Relationship": "Outer",
                            "Parallel Aware": true,
                            "Relation Name": "title",
                            "Alias": "t",
                            "Startup Cost": 11825.39,
                            "Total Cost": 53675.65,
                            "Plan Rows": 5982,
                            "Plan Width": 4,
                            "Actual Startup Time": 38.029,
                            "Actual Total Time": 94.771,
                            "Actual Rows": 3234,
                            "Actual Loops": 2,
                            "Recheck Cond": "(kind_id = 1)",
                            "Rows Removed by Index Recheck": 0,
                            "Filter": "(production_year = 1997)",
                            "Rows Removed by Filter": 328178,
                            "Exact Heap Blocks": 9756,
                            "Lossy Heap Blocks": 0,
                            "Plans": [
                              {
                                "Node Type": "Bitmap Index Scan",
                                "Parent Relationship": "Outer",
                                "Parallel Aware": false,
                                "Index Name": "kind_id_title",
                                "Startup Cost": 0.0,
                                "Total Cost": 11822.85,
                                "Plan Rows": 663256,
                                "Plan Width": 0,
                                "Actual Startup Time": 40.633,
                                "Actual Total Time": 40.633,
                                "Actual Rows": 662825,
                                "Actual Loops": 1,
                                "Index Cond": "(kind_id = 1)"
                              }
                            ]
                          }
                        ]
                      }
                    ]
                  },
                  {
                    "Node Type": "Index Scan",
                    "Parent Relationship": "Inner",
                    "Parallel Aware": false,
                    "Scan Direction": "Forward",
                    "Index Name": "movie_id_movie_companies",
                    "Relation Name": "movie_companies",
                    "Alias": "mc",
                    "Startup Cost": 0.43,
                    "Total Cost": 0.7,
                    "Plan Rows": 3,
                    "Plan Width": 4,
                    "Actual Startup Time": 0.006,
                    "Actual Total Time": 0.008,
                    "Actual Rows": 4,
                    "Actual Loops": 5524,
                    "Index Cond": "(movie_id = ci.movie_id)",
                    "Rows Removed by Index Recheck": 0,
                    "Filter": "((company_id < 232843) AND (company_type_id < 2))",
                    "Rows Removed by Filter": 2
                  }
                ]
              }
            ]
          }
        ]
      }
    ]
  },
  "Planning Time": 1.059,
  "Triggers": [],
  "Execution Time": 417.777
}