{
  "Plan": {
    "Node Type": "Aggregate",
    "Strategy": "Plain",
    "Partial Mode": "Finalize",
    "Parallel Aware": false,
    "Startup Cost": 740222.86,
    "Total Cost": 740222.87,
    "Plan Rows": 1,
    "Plan Width": 8,
    "Actual Startup Time": 6489.579,
    "Actual Total Time": 6549.671,
    "Actual Rows": 1,
    "Actual Loops": 1,
    "Plans": [
      {
        "Node Type": "Gather",
        "Parent Relationship": "Outer",
        "Parallel Aware": false,
        "Startup Cost": 740222.74,
        "Total Cost": 740222.85,
        "Plan Rows": 1,
        "Plan Width": 8,
        "Actual Startup Time": 6484.285,
        "Actual Total Time": 6549.661,
        "Actual Rows": 2,
        "Actual Loops": 1,
        "Workers Planned": 1,
        "Workers Launched": 1,
        "Single Copy": false,
        "Plans": [
          {
            "Node Type": "Aggregate",
            "Strategy": "Plain",
            "Partial Mode": "Partial",
            "Parent Relationship": "Outer",
            "Parallel Aware": false,
            "Startup Cost": 739222.74,
            "Total Cost": 739222.75,
            "Plan Rows": 1,
            "Plan Width": 8,
            "Actual Startup Time": 6478.087,
            "Actual Total Time": 6478.097,
            "Actual Rows": 1,
            "Actual Loops": 2,
            "Plans": [
              {
                "Node Type": "Hash Join",
                "Parent Relationship": "Outer",
                "Parallel Aware": true,
                "Join Type": "Inner",
                "Startup Cost": 126697.34,
                "Total Cost": 727064.61,
                "Plan Rows": 4863254,
                "Plan Width": 0,
                "Actual Startup Time": 990.754,
                "Actual Total Time": 5982.589,
                "Actual Rows": 11375936,
                "Actual Loops": 2,
                "Inner Unique": false,
                "Hash Cond": "(ci.movie_id = t.id)",
                "Plans": [
                  {
                    "Node Type": "Seq Scan",
                    "Parent Relationship": "Outer",
                    "Parallel Aware": true,
                    "Relation Name": "cast_info",
                    "Alias": "ci",
                    "Startup Cost": 0.0,
                    "Total Cost": 519069.44,
                    "Plan Rows": 14050786,
                    "Plan Width": 4,
                    "Actual Startup Time": 0.019,
                    "Actual Total Time": 1798.021,
                    "Actual Rows": 12065349,
                    "Actual Loops": 2,
                    "Filter": "(role_id < 4)",
                    "Rows Removed by Filter": 6056823
                  },
                  {
                    "Node Type": "Hash",
                    "Parent Relationship": "Inner",
                    "Parallel Aware": true,
                    "Startup Cost": 120262.84,
                    "Total Cost": 120262.84,
                    "Plan Rows": 514760,
                    "Plan Width": 8,
                    "Actual Startup Time": 982.659,
                    "Actual Total Time": 982.667,
                    "Actual Rows": 443566,
                    "Actual Loops": 2,
                    "Hash Buckets": 1048576,
                    "Original Hash Buckets": 1048576,
                    "Hash Batches": 1,
                    "Original Hash Batches": 1,
                    "Peak Memory Usage": 42912,
                    "Plans": [
                      {
                        "Node Type": "Hash Join",
                        "Parent Relationship": "Outer",
                        "Parallel Aware": true,
                        "Join Type": "Inner",
                        "Startup Cost": 88023.09,
                        "Total Cost": 120262.84,
                        "Plan Rows": 514760,
                        "Plan Width": 8,
                        "Actual Startup Time": 632.568,
                        "Actual Total Time": 872.886,
                        "Actual Rows": 443566,
                        "Actual Loops": 2,
                        "Inner Unique": true,
                        "Hash Cond": "(mk.movie_id = t.id)",
                        "Plans": [
                          {
                            "Node Type": "Bitmap Heap Scan",
                            "Parent Relationship": "Outer",
                            "Parallel Aware": true,
                            "Relation Name": "movie_keyword",
                            "Alias": "mk",
                            "Startup Cost": 18562.4,
                            "Total Cost": 49450.9,
                            "Plan Rows": 514760,
                            "Plan Width": 4,
                            "Actual Startup Time": 46.817,
                            "Actual Total Time": 144.468,
                            "Actual Rows": 443566,
                            "Actual Loops": 2,
                            "Recheck Cond": "(keyword_id < 840)",
                            "Rows Removed by Index Recheck": 0,
                            "Exact Heap Blocks": 15247,
                            "Lossy Heap Blocks": 0,
                            "Plans": [
                              {
                                "Node Type": "Bitmap Index Scan",
                                "Parent Relationship": "Outer",
                                "Parallel Aware": false,
                                "Index Name": "keyword_id_movie_keyword",
                                "Startup Cost": 0.0,
                                "Total Cost": 18343.62,
                                "Plan Rows": 875092,
                                "Plan Width": 0,
                                "Actual Startup Time": 43.211,
                                "Actual Total Time": 43.211,
                                "Actual Rows": 887132,
                                "Actual Loops": 1,
                                "Index Cond": "(keyword_id < 840)"
                              }
                            ]
                          },
                          {
                            "Node Type": "Hash",
                            "Parent Relationship": "Inner",
                            "Parallel Aware": true,
                            "Startup Cost": 50870.31,
                            "Total Cost": 50870.31,
                            "Plan Rows": 1487231,
                            "Plan Width": 4,
                            "Actual Startup Time": 570.644,
                            "Actual Total Time": 570.649,
                            "Actual Rows": 1264156,
                            "Actual Loops": 2,
                            "Hash Buckets": 4194304,
                            "Original Hash Buckets": 4194304,
                            "Hash Batches": 1,
                            "Original Hash Batches": 1,
                            "Peak Memory Usage": 131712,
                            "Plans": [
                              {
                                "Node Type": "Seq Scan",
                                "Parent Relationship": "Outer",
                                "Parallel Aware": true,
                                "Relation Name": "title",
                                "Alias": "t",
                                "Startup Cost": 0.0,
                                "Total Cost": 50870.31,
                                "Plan Rows": 1487231,
                                "Plan Width": 4,
                                "Actual Startup Time": 0.03,
                                "Actual Total Time": 168.822,
                                "Actual Rows": 1264156,
                                "Actual Loops": 2
                              }
                            ]
                          }
                        ]
                      }
                    ]
                  }
                ]
              }
            ]
          }
        ]
      }
    ]
  },
  "Planning Time": 0.766,
  "Triggers": [],
  "Execution Time": 6549.769
}