{
  "Plan": {
    "Node Type": "Aggregate",
    "Strategy": "Plain",
    "Partial Mode": "Finalize",
    "Parallel Aware": false,
    "Startup Cost": 103305.69,
    "Total Cost": 103305.7,
    "Plan Rows": 1,
    "Plan Width": 8,
    "Actual Startup Time": 376.805,
    "Actual Total Time": 389.065,
    "Actual Rows": 1,
    "Actual Loops": 1,
    "Plans": [
      {
        "Node Type": "Gather",
        "Parent Relationship": "Outer",
        "Parallel Aware": false,
        "Startup Cost": 103305.58,
        "Total Cost": 103305.69,
        "Plan Rows": 1,
        "Plan Width": 8,
        "Actual Startup Time": 376.297,
        "Actual Total Time": 389.057,
        "Actual Rows": 2,
        "Actual Loops": 1,
        "Workers Planned": 1,
        "Workers Launched": 1,
        "Single Copy": false,
        "Plans": [
          {
            "Node Type": "Aggregate",
            "Strategy": "Plain",
            "Partial Mode": "Partial",
            "Parent Relationship": "Outer",
            "Parallel Aware": false,
            "Startup Cost": 102305.58,
            "Total Cost": 102305.59,
            "Plan Rows": 1,
            "Plan Width": 8,
            "Actual Startup Time": 370.512,
            "Actual Total Time": 370.516,
            "Actual Rows": 1,
            "Actual Loops": 2,
            "Plans": [
              {
                "Node Type": "Hash Join",
                "Parent Relationship": "Outer",
                "Parallel Aware": true,
                "Join Type": "Inner",
                "Startup Cost": 58740.31,
                "Total Cost": 102267.45,
                "Plan Rows": 15251,
                "Plan Width": 0,
                "Actual Startup Time": 255.408,
                "Actual Total Time": 367.581,
                "Actual Rows": 71893,
                "Actual Loops": 2,
                "Inner Unique": true,
                "Hash Cond": "(mc.movie_id = t.id)",
                "Plans": [
                  {
                    "Node Type": "Seq Scan",
                    "Parent Relationship": "Outer",
                    "Parallel Aware": true,
                    "Relation Name": "movie_companies",
                    "Alias": "mc",
                    "Startup Cost": 0.0,
                    "Total Cost": 41811.73,
                    "Plan Rows": 653492,
                    "Plan Width": 4,
                    "Actual Startup Time": 52.275,
                    "Actual Total Time": 119.788,
                    "Actual Rows": 618090,
                    "Actual Loops": 2,
                    "Filter": "((company_id > 292) AND (company_type_id = 2))",
                    "Rows Removed by Filter": 686474
                  },
                  {
                    "Node Type": "Hash",
                    "Parent Relationship": "Inner",
                    "Parallel Aware": true,
                    "Startup Cost": 58306.47,
                    "Total Cost": 58306.47,
                    "Plan Rows": 34707,
                    "Plan Width": 4,
                    "Actual Startup Time": 173.242,
                    "Actual Total Time": 173.242,
                    "Actual Rows": 76592,
                    "Actual Loops": 2,
                    "Hash Buckets": 262144,
                    "Original Hash Buckets": 65536,
                    "Hash Batches": 1,
                    "Original Hash Batches": 1,
                    "Peak Memory Usage": 9600,
                    "Plans": [
                      {
                        "Node Type": "Seq Scan",
                        "Parent Relationship": "Outer",
                        "Parallel Aware": true,
                        "Relation Name": "title",
                        "Alias": "t",
                        "Startup Cost": 0.0,
                        "Total Cost": 58306.47,
                        "Plan Rows": 34707,
                        "Plan Width": 4,
                        "Actual Startup Time": 5.383,
                        "Actual Total Time": 146.962,
                        "Actual Rows": 76592,
                        "Actual Loops": 2,
                        "Filter": "((kind_id < 7) AND (production_year < 1946))",
                        "Rows Removed by Filter": 1187564
                      }
                    ]
                  }
                ]
              }
            ]
          }
        ]
      }
    ]
  },
  "Planning Time": 0.533,
  "Triggers": [],
  "Execution Time": 389.159
}