[
  {
    "Plan": {
      "Node Type": "Aggregate",
      "Strategy": "Plain",
      "Partial Mode": "Finalize",
      "Parallel Aware": false,
      "Startup Cost": 32648.56,
      "Total Cost": 32648.57,
      "Plan Rows": 1,
      "Plan Width": 8,
      "Actual Startup Time": 93.763,
      "Actual Total Time": 102.418,
      "Actual Rows": 1,
      "Actual Loops": 1,
      "Plans": [
        {
          "Node Type": "Gather",
          "Parent Relationship": "Outer",
          "Parallel Aware": false,
          "Startup Cost": 32648.24,
          "Total Cost": 32648.55,
          "Plan Rows": 3,
          "Plan Width": 8,
          "Actual Startup Time": 93.649,
          "Actual Total Time": 102.41,
          "Actual Rows": 4,
          "Actual Loops": 1,
          "Workers Planned": 3,
          "Workers Launched": 3,
          "Single Copy": false,
          "Plans": [
            {
              "Node Type": "Aggregate",
              "Strategy": "Plain",
              "Partial Mode": "Partial",
              "Parent Relationship": "Outer",
              "Parallel Aware": false,
              "Startup Cost": 31648.24,
              "Total Cost": 31648.25,
              "Plan Rows": 1,
              "Plan Width": 8,
              "Actual Startup Time": 86.741,
              "Actual Total Time": 86.742,
              "Actual Rows": 1,
              "Actual Loops": 4,
              "Plans": [
                {
                  "Node Type": "Seq Scan",
                  "Parent Relationship": "Outer",
                  "Parallel Aware": true,
                  "Relation Name": "movie_companies",
                  "Alias": "mc",
                  "Startup Cost": 0.0,
                  "Total Cost": 31414.82,
                  "Plan Rows": 93369,
                  "Plan Width": 0,
                  "Actual Startup Time": 0.037,
                  "Actual Total Time": 78.875,
                  "Actual Rows": 106255,
                  "Actual Loops": 4,
                  "Filter": "((company_id < 666) AND (company_type_id = 1))",
                  "Rows Removed by Filter": 546028
                }
              ]
            }
          ]
        }
      ]
    },
    "Planning Time": 0.228,
    "Triggers": [],
    "Execution Time": 102.475
  }
]