[
  {
    "Bao": {
      "Bao prediction": 460.554,
      "Bao recommended hint": "SET enable_nestloop TO off; SET enable_hashjoin TO off; "
    }
  },
  {
    "Plan": {
      "Node Type": "Aggregate",
      "Strategy": "Plain",
      "Partial Mode": "Simple",
      "Parallel Aware": false,
      "Startup Cost": 536989.05,
      "Total Cost": 536989.06,
      "Plan Rows": 1,
      "Plan Width": 64,
      "Actual Startup Time": 2796.952,
      "Actual Total Time": 2797.255,
      "Actual Rows": 1,
      "Actual Loops": 1,
      "Plans": [
        {
          "Node Type": "Merge Join",
          "Parent Relationship": "Outer",
          "Parallel Aware": false,
          "Join Type": "Inner",
          "Startup Cost": 536676.27,
          "Total Cost": 536989.05,
          "Plan Rows": 1,
          "Plan Width": 23,
          "Actual Startup Time": 2735.462,
          "Actual Total Time": 2797.16,
          "Actual Rows": 761,
          "Actual Loops": 1,
          "Inner Unique": false,
          "Merge Cond": "(t.id = mi.movie_id)",
          "Plans": [
            {
              "Node Type": "Merge Join",
              "Parent Relationship": "Outer",
              "Parallel Aware": false,
              "Join Type": "Inner",
              "Startup Cost": 293488.79,
              "Total Cost": 293771.43,
              "Plan Rows": 1,
              "Plan Width": 35,
              "Actual Startup Time": 1745.907,
              "Actual Total Time": 1771.568,
              "Actual Rows": 1147,
              "Actual Loops": 1,
              "Inner Unique": false,
              "Merge Cond": "(t.id = mk.movie_id)",
              "Plans": [
                {
                  "Node Type": "Sort",
                  "Parent Relationship": "Outer",
                  "Parallel Aware": false,
                  "Startup Cost": 63880.72,
                  "Total Cost": 64022.19,
                  "Plan Rows": 56589,
                  "Plan Width": 21,
                  "Actual Startup Time": 161.277,
                  "Actual Total Time": 172.262,
                  "Actual Rows": 98841,
                  "Actual Loops": 1,
                  "Sort Key": [
                    "t.id"
                  ],
                  "Sort Method": "quicksort",
                  "Sort Space Used": 9799,
                  "Sort Space Type": "Memory",
                  "Plans": [
                    {
                      "Node Type": "Gather",
                      "Parent Relationship": "Outer",
                      "Parallel Aware": false,
                      "Startup Cost": 53117.99,
                      "Total Cost": 59413.52,
                      "Plan Rows": 56589,
                      "Plan Width": 21,
                      "Actual Startup Time": 124.742,
                      "Actual Total Time": 137.637,
                      "Actual Rows": 98992,
                      "Actual Loops": 1,
                      "Workers Planned": 4,
                      "Workers Launched": 4,
                      "Single Copy": false,
                      "Plans": [
                        {
                          "Node Type": "Merge Join",
                          "Parent Relationship": "Outer",
                          "Parallel Aware": false,
                          "Join Type": "Inner",
                          "Startup Cost": 52117.99,
                          "Total Cost": 52754.62,
                          "Plan Rows": 14147,
                          "Plan Width": 21,
                          "Actual Startup Time": 114.626,
                          "Actual Total Time": 118.064,
                          "Actual Rows": 19798,
                          "Actual Loops": 5,
                          "Inner Unique": true,
                          "Merge Cond": "(t.kind_id = kt.id)",
                          "Plans": [
                            {
                              "Node Type": "Sort",
                              "Parent Relationship": "Outer",
                              "Parallel Aware": false,
                              "Startup Cost": 52116.89,
                              "Total Cost": 52364.47,
                              "Plan Rows": 99030,
                              "Plan Width": 25,
                              "Actual Startup Time": 114.571,
                              "Actual Total Time": 115.39,
                              "Actual Rows": 19799,
                              "Actual Loops": 5,
                              "Sort Key": [
                                "t.kind_id"
                              ],
                              "Sort Method": "quicksort",
                              "Sort Space Used": 10799,
                              "Sort Space Type": "Memory",
                              "Workers": [
                                {
                                  "Worker Number": 0,
                                  "Sort Method": "quicksort",
                                  "Sort Space Used": 6516,
                                  "Sort Space Type": "Memory"
                                },
                                {
                                  "Worker Number": 1,
                                  "Sort Method": "quicksort",
                                  "Sort Space Used": 8726,
                                  "Sort Space Type": "Memory"
                                },
                                {
                                  "Worker Number": 2,
                                  "Sort Method": "quicksort",
                                  "Sort Space Used": 8905,
                                  "Sort Space Type": "Memory"
                                },
                                {
                                  "Worker Number": 3,
                                  "Sort Method": "quicksort",
                                  "Sort Space Used": 8819,
                                  "Sort Space Type": "Memory"
                                }
                              ],
                              "Plans": [
                                {
                                  "Node Type": "Seq Scan",
                                  "Parent Relationship": "Outer",
                                  "Parallel Aware": true,
                                  "Relation Name": "title",
                                  "Alias": "t",
                                  "Startup Cost": 0.0,
                                  "Total Cost": 43899.59,
                                  "Plan Rows": 99030,
                                  "Plan Width": 25,
                                  "Actual Startup Time": 0.045,
                                  "Actual Total Time": 90.52,
                                  "Actual Rows": 78333,
                                  "Actual Loops": 5,
                                  "Filter": "(production_year > 2010)",
                                  "Rows Removed by Filter": 427329
                                }
                              ]
                            },
                            {
                              "Node Type": "Sort",
                              "Parent Relationship": "Inner",
                              "Parallel Aware": false,
                              "Startup Cost": 1.1,
                              "Total Cost": 1.1,
                              "Plan Rows": 1,
                              "Plan Width": 4,
                              "Actual Startup Time": 0.048,
                              "Actual Total Time": 0.048,
                              "Actual Rows": 1,
                              "Actual Loops": 5,
                              "Sort Key": [
                                "kt.id"
                              ],
                              "Sort Method": "quicksort",
                              "Sort Space Used": 25,
                              "Sort Space Type": "Memory",
                              "Workers": [
                                {
                                  "Worker Number": 0,
                                  "Sort Method": "quicksort",
                                  "Sort Space Used": 25,
                                  "Sort Space Type": "Memory"
                                },
                                {
                                  "Worker Number": 1,
                                  "Sort Method": "quicksort",
                                  "Sort Space Used": 25,
                                  "Sort Space Type": "Memory"
                                },
                                {
                                  "Worker Number": 2,
                                  "Sort Method": "quicksort",
                                  "Sort Space Used": 25,
                                  "Sort Space Type": "Memory"
                                },
                                {
                                  "Worker Number": 3,
                                  "Sort Method": "quicksort",
                                  "Sort Space Used": 25,
                                  "Sort Space Type": "Memory"
                                }
                              ],
                              "Plans": [
                                {
                                  "Node Type": "Seq Scan",
                                  "Parent Relationship": "Outer",
                                  "Parallel Aware": false,
                                  "Relation Name": "kind_type",
                                  "Alias": "kt",
                                  "Startup Cost": 0.0,
                                  "Total Cost": 1.09,
                                  "Plan Rows": 1,
                                  "Plan Width": 4,
                                  "Actual Startup Time": 0.038,
                                  "Actual Total Time": 0.039,
                                  "Actual Rows": 1,
                                  "Actual Loops": 5,
                                  "Filter": "((kind)::text = 'movie'::text)",
                                  "Rows Removed by Filter": 6
                                }
                              ]
                            }
                          ]
                        }
                      ]
                    }
                  ]
                },
                {
                  "Node Type": "Sort",
                  "Parent Relationship": "Inner",
                  "Parallel Aware": false,
                  "Startup Cost": 229608.04,
                  "Total Cost": 229608.05,
                  "Plan Rows": 4,
                  "Plan Width": 14,
                  "Actual Startup Time": 1584.012,
                  "Actual Total Time": 1587.815,
                  "Actual Rows": 31800,
                  "Actual Loops": 1,
                  "Sort Key": [
                    "mi_idx.movie_id"
                  ],
                  "Sort Method": "quicksort",
                  "Sort Space Used": 2259,
                  "Sort Space Type": "Memory",
                  "Plans": [
                    {
                      "Node Type": "Gather",
                      "Parent Relationship": "Outer",
                      "Parallel Aware": false,
                      "Startup Cost": 229416.19,
                      "Total Cost": 229608.0,
                      "Plan Rows": 4,
                      "Plan Width": 14,
                      "Actual Startup Time": 1508.569,
                      "Actual Total Time": 1575.451,
                      "Actual Rows": 31800,
                      "Actual Loops": 1,
                      "Workers Planned": 3,
                      "Workers Launched": 3,
                      "Single Copy": false,
                      "Plans": [
                        {
                          "Node Type": "Merge Join",
                          "Parent Relationship": "Outer",
                          "Parallel Aware": false,
                          "Join Type": "Inner",
                          "Startup Cost": 228416.19,
                          "Total Cost": 228607.6,
                          "Plan Rows": 1,
                          "Plan Width": 14,
                          "Actual Startup Time": 1481.055,
                          "Actual Total Time": 1523.21,
                          "Actual Rows": 7950,
                          "Actual Loops": 4,
                          "Inner Unique": true,
                          "Merge Cond": "(mk.keyword_id = k.id)",
                          "Plans": [
                            {
                              "Node Type": "Sort",
                              "Parent Relationship": "Outer",
                              "Parallel Aware": false,
                              "Startup Cost": 225453.92,
                              "Total Cost": 225549.95,
                              "Plan Rows": 38412,
                              "Plan Width": 18,
                              "Actual Startup Time": 1450.127,
                              "Actual Total Time": 1481.96,
                              "Actual Rows": 166600,
                              "Actual Loops": 4,
                              "Sort Key": [
                                "mk.keyword_id"
                              ],
                              "Sort Method": "quicksort",
                              "Sort Space Used": 106244,
                              "Sort Space Type": "Memory",
                              "Workers": [
                                {
                                  "Worker Number": 0,
                                  "Sort Method": "quicksort",
                                  "Sort Space Used": 36803,
                                  "Sort Space Type": "Memory"
                                },
                                {
                                  "Worker Number": 1,
                                  "Sort Method": "quicksort",
                                  "Sort Space Used": 36561,
                                  "Sort Space Type": "Memory"
                                },
                                {
                                  "Worker Number": 2,
                                  "Sort Method": "quicksort",
                                  "Sort Space Used": 102814,
                                  "Sort Space Type": "Memory"
                                }
                              ],
                              "Plans": [
                                {
                                  "Node Type": "Merge Join",
                                  "Parent Relationship": "Outer",
                                  "Parallel Aware": false,
                                  "Join Type": "Inner",
                                  "Startup Cost": 71834.94,
                                  "Total Cost": 222528.99,
                                  "Plan Rows": 38412,
                                  "Plan Width": 18,
                                  "Actual Startup Time": 597.436,
                                  "Actual Total Time": 1181.15,
                                  "Actual Rows": 850868,
                                  "Actual Loops": 4,
                                  "Inner Unique": false,
                                  "Merge Cond": "(mk.movie_id = mi_idx.movie_id)",
                                  "Plans": [
                                    {
                                      "Node Type": "Index Scan",
                                      "Parent Relationship": "Outer",
                                      "Parallel Aware": true,
                                      "Scan Direction": "Forward",
                                      "Index Name": "movie_id_movie_keyword",
                                      "Relation Name": "movie_keyword",
                                      "Alias": "mk",
                                      "Startup Cost": 0.43,
                                      "Total Cost": 146502.5,
                                      "Plan Rows": 1459332,
                                      "Plan Width": 8,
                                      "Actual Startup Time": 0.073,
                                      "Actual Total Time": 281.326,
                                      "Actual Rows": 1130981,
                                      "Actual Loops": 4
                                    },
                                    {
                                      "Node Type": "Sort",
                                      "Parent Relationship": "Inner",
                                      "Parallel Aware": false,
                                      "Startup Cost": 71834.5,
                                      "Total Cost": 71864.18,
                                      "Plan Rows": 11871,
                                      "Plan Width": 10,
                                      "Actual Startup Time": 597.313,
                                      "Actual Total Time": 656.657,
                                      "Actual Rows": 1246983,
                                      "Actual Loops": 4,
                                      "Sort Key": [
                                        "mi_idx.movie_id"
                                      ],
                                      "Sort Method": "quicksort",
                                      "Sort Space Used": 33581,
                                      "Sort Space Type": "Memory",
                                      "Workers": [
                                        {
                                          "Worker Number": 0,
                                          "Sort Method": "quicksort",
                                          "Sort Space Used": 33581,
                                          "Sort Space Type": "Memory"
                                        },
                                        {
                                          "Worker Number": 1,
                                          "Sort Method": "quicksort",
                                          "Sort Space Used": 33581,
                                          "Sort Space Type": "Memory"
                                        },
                                        {
                                          "Worker Number": 2,
                                          "Sort Method": "quicksort",
                                          "Sort Space Used": 33581,
                                          "Sort Space Type": "Memory"
                                        }
                                      ],
                                      "Plans": [
                                        {
                                          "Node Type": "Merge Join",
                                          "Parent Relationship": "Outer",
                                          "Parallel Aware": false,
                                          "Join Type": "Inner",
                                          "Startup Cost": 2.86,
                                          "Total Cost": 71031.12,
                                          "Plan Rows": 11871,
                                          "Plan Width": 10,
                                          "Actual Startup Time": 288.533,
                                          "Actual Total Time": 465.575,
                                          "Actual Rows": 454230,
                                          "Actual Loops": 4,
                                          "Inner Unique": true,
                                          "Merge Cond": "(mi_idx.info_type_id = it2.id)",
                                          "Plans": [
                                            {
                                              "Node Type": "Index Scan",
                                              "Parent Relationship": "Outer",
                                              "Parallel Aware": false,
                                              "Scan Direction": "Forward",
                                              "Index Name": "info_type_id_movie_info_idx",
                                              "Relation Name": "movie_info_idx",
                                              "Alias": "mi_idx",
                                              "Startup Cost": 0.43,
                                              "Total Cost": 67556.34,
                                              "Plan Rows": 1341456,
                                              "Plan Width": 14,
                                              "Actual Startup Time": 0.182,
                                              "Actual Total Time": 355.175,
                                              "Actual Rows": 1337397,
                                              "Actual Loops": 4,
                                              "Filter": "(info < '8.5'::text)",
                                              "Rows Removed by Filter": 42379
                                            },
                                            {
                                              "Node Type": "Sort",
                                              "Parent Relationship": "Inner",
                                              "Parallel Aware": false,
                                              "Startup Cost": 2.42,
                                              "Total Cost": 2.43,
                                              "Plan Rows": 1,
                                              "Plan Width": 4,
                                              "Actual Startup Time": 0.101,
                                              "Actual Total Time": 0.103,
                                              "Actual Rows": 1,
                                              "Actual Loops": 4,
                                              "Sort Key": [
                                                "it2.id"
                                              ],
                                              "Sort Method": "quicksort",
                                              "Sort Space Used": 25,
                                              "Sort Space Type": "Memory",
                                              "Workers": [
                                                {
                                                  "Worker Number": 0,
                                                  "Sort Method": "quicksort",
                                                  "Sort Space Used": 25,
                                                  "Sort Space Type": "Memory"
                                                },
                                                {
                                                  "Worker Number": 1,
                                                  "Sort Method": "quicksort",
                                                  "Sort Space Used": 25,
                                                  "Sort Space Type": "Memory"
                                                },
                                                {
                                                  "Worker Number": 2,
                                                  "Sort Method": "quicksort",
                                                  "Sort Space Used": 25,
                                                  "Sort Space Type": "Memory"
                                                }
                                              ],
                                              "Plans": [
                                                {
                                                  "Node Type": "Seq Scan",
                                                  "Parent Relationship": "Outer",
                                                  "Parallel Aware": false,
                                                  "Relation Name": "info_type",
                                                  "Alias": "it2",
                                                  "Startup Cost": 0.0,
                                                  "Total Cost": 2.41,
                                                  "Plan Rows": 1,
                                                  "Plan Width": 4,
                                                  "Actual Startup Time": 0.068,
                                                  "Actual Total Time": 0.071,
                                                  "Actual Rows": 1,
                                                  "Actual Loops": 4,
                                                  "Filter": "((info)::text = 'rating'::text)",
                                                  "Rows Removed by Filter": 112
                                                }
                                              ]
                                            }
                                          ]
                                        }
                                      ]
                                    }
                                  ]
                                }
                              ]
                            },
                            {
                              "Node Type": "Sort",
                              "Parent Relationship": "Inner",
                              "Parallel Aware": false,
                              "Startup Cost": 2961.59,
                              "Total Cost": 2961.6,
                              "Plan Rows": 4,
                              "Plan Width": 4,
                              "Actual Startup Time": 20.562,
                              "Actual Total Time": 20.564,
                              "Actual Rows": 3,
                              "Actual Loops": 4,
                              "Sort Key": [
                                "k.id"
                              ],
                              "Sort Method": "quicksort",
                              "Sort Space Used": 25,
                              "Sort Space Type": "Memory",
                              "Workers": [
                                {
                                  "Worker Number": 0,
                                  "Sort Method": "quicksort",
                                  "Sort Space Used": 25,
                                  "Sort Space Type": "Memory"
                                },
                                {
                                  "Worker Number": 1,
                                  "Sort Method": "quicksort",
                                  "Sort Space Used": 25,
                                  "Sort Space Type": "Memory"
                                },
                                {
                                  "Worker Number": 2,
                                  "Sort Method": "quicksort",
                                  "Sort Space Used": 25,
                                  "Sort Space Type": "Memory"
                                }
                              ],
                              "Plans": [
                                {
                                  "Node Type": "Seq Scan",
                                  "Parent Relationship": "Outer",
                                  "Parallel Aware": false,
                                  "Relation Name": "keyword",
                                  "Alias": "k",
                                  "Startup Cost": 0.0,
                                  "Total Cost": 2961.55,
                                  "Plan Rows": 4,
                                  "Plan Width": 4,
                                  "Actual Startup Time": 1.053,
                                  "Actual Total Time": 20.545,
                                  "Actual Rows": 3,
                                  "Actual Loops": 4,
                                  "Filter": "(keyword = ANY ('{murder,murder-in-title,blood,violence}'::text[]))",
                                  "Rows Removed by Filter": 134167
                                }
                              ]
                            }
                          ]
                        }
                      ]
                    }
                  ]
                }
              ]
            },
            {
              "Node Type": "Sort",
              "Parent Relationship": "Inner",
              "Parallel Aware": false,
              "Startup Cost": 243187.48,
              "Total Cost": 243202.54,
              "Plan Rows": 6024,
              "Plan Width": 4,
              "Actual Startup Time": 975.19,
              "Actual Total Time": 996.037,
              "Actual Rows": 614440,
              "Actual Loops": 1,
              "Sort Key": [
                "mi.movie_id"
              ],
              "Sort Method": "quicksort",
              "Sort Space Used": 53370,
              "Sort Space Type": "Memory",
              "Plans": [
                {
                  "Node Type": "Gather",
                  "Parent Relationship": "Outer",
                  "Parallel Aware": false,
                  "Startup Cost": 241514.06,
                  "Total Cost": 242809.28,
                  "Plan Rows": 6024,
                  "Plan Width": 4,
                  "Actual Startup Time": 799.4,
                  "Actual Total Time": 863.549,
                  "Actual Rows": 614251,
                  "Actual Loops": 1,
                  "Workers Planned": 5,
                  "Workers Launched": 4,
                  "Single Copy": false,
                  "Plans": [
                    {
                      "Node Type": "Merge Join",
                      "Parent Relationship": "Outer",
                      "Parallel Aware": false,
                      "Join Type": "Inner",
                      "Startup Cost": 240514.06,
                      "Total Cost": 241206.88,
                      "Plan Rows": 1205,
                      "Plan Width": 4,
                      "Actual Startup Time": 788.825,
                      "Actual Total Time": 812.418,
                      "Actual Rows": 122850,
                      "Actual Loops": 5,
                      "Inner Unique": true,
                      "Merge Cond": "(mi.info_type_id = it1.id)",
                      "Plans": [
                        {
                          "Node Type": "Sort",
                          "Parent Relationship": "Outer",
                          "Parallel Aware": false,
                          "Startup Cost": 240511.64,
                          "Total Cost": 240852.02,
                          "Plan Rows": 136153,
                          "Plan Width": 8,
                          "Actual Startup Time": 787.36,
                          "Actual Total Time": 793.969,
                          "Actual Rows": 138140,
                          "Actual Loops": 5,
                          "Sort Key": [
                            "mi.info_type_id"
                          ],
                          "Sort Method": "quicksort",
                          "Sort Space Used": 13344,
                          "Sort Space Type": "Memory",
                          "Workers": [
                            {
                              "Worker Number": 0,
                              "Sort Method": "quicksort",
                              "Sort Space Used": 7835,
                              "Sort Space Type": "Memory"
                            },
                            {
                              "Worker Number": 1,
                              "Sort Method": "quicksort",
                              "Sort Space Used": 13204,
                              "Sort Space Type": "Memory"
                            },
                            {
                              "Worker Number": 2,
                              "Sort Method": "quicksort",
                              "Sort Space Used": 13191,
                              "Sort Space Type": "Memory"
                            },
                            {
                              "Worker Number": 3,
                              "Sort Method": "quicksort",
                              "Sort Space Used": 13201,
                              "Sort Space Type": "Memory"
                            }
                          ],
                          "Plans": [
                            {
                              "Node Type": "Seq Scan",
                              "Parent Relationship": "Outer",
                              "Parallel Aware": true,
                              "Relation Name": "movie_info",
                              "Alias": "mi",
                              "Startup Cost": 0.0,
                              "Total Cost": 228901.28,
                              "Plan Rows": 136153,
                              "Plan Width": 8,
                              "Actual Startup Time": 0.451,
                              "Actual Total Time": 762.977,
                              "Actual Rows": 141335,
                              "Actual Loops": 5,
                              "Filter": "(info = ANY ('{Sweden,Norway,Germany,Denmark,Swedish,Denish,Norwegian,German,USA,American}'::text[]))",
                              "Rows Removed by Filter": 2825809
                            }
                          ]
                        },
                        {
                          "Node Type": "Sort",
                          "Parent Relationship": "Inner",
                          "Parallel Aware": false,
                          "Startup Cost": 2.42,
                          "Total Cost": 2.43,
                          "Plan Rows": 1,
                          "Plan Width": 4,
                          "Actual Startup Time": 0.076,
                          "Actual Total Time": 0.076,
                          "Actual Rows": 1,
                          "Actual Loops": 5,
                          "Sort Key": [
                            "it1.id"
                          ],
                          "Sort Method": "quicksort",
                          "Sort Space Used": 25,
                          "Sort Space Type": "Memory",
                          "Workers": [
                            {
                              "Worker Number": 0,
                              "Sort Method": "quicksort",
                              "Sort Space Used": 25,
                              "Sort Space Type": "Memory"
                            },
                            {
                              "Worker Number": 1,
                              "Sort Method": "quicksort",
                              "Sort Space Used": 25,
                              "Sort Space Type": "Memory"
                            },
                            {
                              "Worker Number": 2,
                              "Sort Method": "quicksort",
                              "Sort Space Used": 25,
                              "Sort Space Type": "Memory"
                            },
                            {
                              "Worker Number": 3,
                              "Sort Method": "quicksort",
                              "Sort Space Used": 25,
                              "Sort Space Type": "Memory"
                            }
                          ],
                          "Plans": [
                            {
                              "Node Type": "Seq Scan",
                              "Parent Relationship": "Outer",
                              "Parallel Aware": false,
                              "Relation Name": "info_type",
                              "Alias": "it1",
                              "Startup Cost": 0.0,
                              "Total Cost": 2.41,
                              "Plan Rows": 1,
                              "Plan Width": 4,
                              "Actual Startup Time": 0.056,
                              "Actual Total Time": 0.061,
                              "Actual Rows": 1,
                              "Actual Loops": 5,
                              "Filter": "((info)::text = 'countries'::text)",
                              "Rows Removed by Filter": 112
                            }
                          ]
                        }
                      ]
                    }
                  ]
                }
              ]
            }
          ]
        }
      ]
    },
    "Planning Time": 348.812,
    "Triggers": [],
    "Execution Time": 2814.827
  }
]