[
  {
    "Plan": {
      "Node Type": "Aggregate",
      "Strategy": "Plain",
      "Partial Mode": "Finalize",
      "Parallel Aware": false,
      "Startup Cost": 87550.56,
      "Total Cost": 87550.57,
      "Plan Rows": 1,
      "Plan Width": 8,
      "Actual Startup Time": 482.626,
      "Actual Total Time": 500.901,
      "Actual Rows": 1,
      "Actual Loops": 1,
      "Plans": [
        {
          "Node Type": "Gather",
          "Parent Relationship": "Outer",
          "Parallel Aware": false,
          "Startup Cost": 87550.24,
          "Total Cost": 87550.55,
          "Plan Rows": 3,
          "Plan Width": 8,
          "Actual Startup Time": 470.702,
          "Actual Total Time": 500.893,
          "Actual Rows": 4,
          "Actual Loops": 1,
          "Workers Planned": 3,
          "Workers Launched": 3,
          "Single Copy": false,
          "Plans": [
            {
              "Node Type": "Aggregate",
              "Strategy": "Plain",
              "Partial Mode": "Partial",
              "Parent Relationship": "Outer",
              "Parallel Aware": false,
              "Startup Cost": 86550.24,
              "Total Cost": 86550.25,
              "Plan Rows": 1,
              "Plan Width": 8,
              "Actual Startup Time": 458.92,
              "Actual Total Time": 458.925,
              "Actual Rows": 1,
              "Actual Loops": 4,
              "Plans": [
                {
                  "Node Type": "Hash Join",
                  "Parent Relationship": "Outer",
                  "Parallel Aware": true,
                  "Join Type": "Inner",
                  "Startup Cost": 59586.25,
                  "Total Cost": 86194.22,
                  "Plan Rows": 142411,
                  "Plan Width": 0,
                  "Actual Startup Time": 359.621,
                  "Actual Total Time": 453.78,
                  "Actual Rows": 110633,
                  "Actual Loops": 4,
                  "Inner Unique": true,
                  "Hash Cond": "(mk.movie_id = t.id)",
                  "Plans": [
                    {
                      "Node Type": "Bitmap Heap Scan",
                      "Parent Relationship": "Outer",
                      "Parallel Aware": true,
                      "Relation Name": "movie_keyword",
                      "Alias": "mk",
                      "Startup Cost": 9365.86,
                      "Total Cost": 35600.0,
                      "Plan Rows": 142411,
                      "Plan Width": 4,
                      "Actual Startup Time": 27.205,
                      "Actual Total Time": 76.249,
                      "Actual Rows": 110633,
                      "Actual Loops": 4,
                      "Recheck Cond": "(keyword_id < 347)",
                      "Rows Removed by Index Recheck": 0,
                      "Exact Heap Blocks": 7124,
                      "Lossy Heap Blocks": 0,
                      "Plans": [
                        {
                          "Node Type": "Bitmap Index Scan",
                          "Parent Relationship": "Outer",
                          "Parallel Aware": false,
                          "Index Name": "keyword_id_movie_keyword",
                          "Startup Cost": 0.0,
                          "Total Cost": 9255.5,
                          "Plan Rows": 441475,
                          "Plan Width": 0,
                          "Actual Startup Time": 23.658,
                          "Actual Total Time": 23.659,
                          "Actual Rows": 442531,
                          "Actual Loops": 1,
                          "Index Cond": "(keyword_id < 347)"
                        }
                      ]
                    },
                    {
                      "Node Type": "Hash",
                      "Parent Relationship": "Inner",
                      "Parallel Aware": true,
                      "Startup Cost": 42319.06,
                      "Total Cost": 42319.06,
                      "Plan Rows": 632106,
                      "Plan Width": 4,
                      "Actual Startup Time": 324.416,
                      "Actual Total Time": 324.417,
                      "Actual Rows": 632078,
                      "Actual Loops": 4,
                      "Hash Buckets": 4194304,
                      "Original Hash Buckets": 4194304,
                      "Hash Batches": 1,
                      "Original Hash Batches": 1,
                      "Peak Memory Usage": 131712,
                      "Plans": [
                        {
                          "Node Type": "Seq Scan",
                          "Parent Relationship": "Outer",
                          "Parallel Aware": true,
                          "Relation Name": "title",
                          "Alias": "t",
                          "Startup Cost": 0.0,
                          "Total Cost": 42319.06,
                          "Plan Rows": 632106,
                          "Plan Width": 4,
                          "Actual Startup Time": 0.042,
                          "Actual Total Time": 97.221,
                          "Actual Rows": 632078,
                          "Actual Loops": 4
                        }
                      ]
                    }
                  ]
                }
              ]
            }
          ]
        }
      ]
    },
    "Planning Time": 0.268,
    "Triggers": [],
    "Execution Time": 500.946
  }
]