{
  "Plan": {
    "Node Type": "Aggregate",
    "Strategy": "Plain",
    "Partial Mode": "Finalize",
    "Parallel Aware": false,
    "Startup Cost": 583759.07,
    "Total Cost": 583759.08,
    "Plan Rows": 1,
    "Plan Width": 8,
    "Actual Startup Time": 1981.867,
    "Actual Total Time": 2026.386,
    "Actual Rows": 1,
    "Actual Loops": 1,
    "Plans": [
      {
        "Node Type": "Gather",
        "Parent Relationship": "Outer",
        "Parallel Aware": false,
        "Startup Cost": 583758.95,
        "Total Cost": 583759.06,
        "Plan Rows": 1,
        "Plan Width": 8,
        "Actual Startup Time": 1981.588,
        "Actual Total Time": 2026.377,
        "Actual Rows": 2,
        "Actual Loops": 1,
        "Workers Planned": 1,
        "Workers Launched": 1,
        "Single Copy": false,
        "Plans": [
          {
            "Node Type": "Aggregate",
            "Strategy": "Plain",
            "Partial Mode": "Partial",
            "Parent Relationship": "Outer",
            "Parallel Aware": false,
            "Startup Cost": 582758.95,
            "Total Cost": 582758.96,
            "Plan Rows": 1,
            "Plan Width": 8,
            "Actual Startup Time": 1975.721,
            "Actual Total Time": 1975.725,
            "Actual Rows": 1,
            "Actual Loops": 2,
            "Plans": [
              {
                "Node Type": "Hash Join",
                "Parent Relationship": "Outer",
                "Parallel Aware": true,
                "Join Type": "Inner",
                "Startup Cost": 54691.2,
                "Total Cost": 582626.4,
                "Plan Rows": 53022,
                "Plan Width": 0,
                "Actual Startup Time": 135.968,
                "Actual Total Time": 1973.914,
                "Actual Rows": 28538,
                "Actual Loops": 2,
                "Inner Unique": true,
                "Hash Cond": "(ci.movie_id = t.id)",
                "Plans": [
                  {
                    "Node Type": "Index Scan",
                    "Parent Relationship": "Outer",
                    "Parallel Aware": true,
                    "Scan Direction": "Forward",
                    "Index Name": "role_id_cast_info",
                    "Relation Name": "cast_info",
                    "Alias": "ci",
                    "Startup Cost": 0.56,
                    "Total Cost": 502630.18,
                    "Plan Rows": 9640203,
                    "Plan Width": 4,
                    "Actual Startup Time": 0.188,
                    "Actual Total Time": 1062.82,
                    "Actual Rows": 8060842,
                    "Actual Loops": 2,
                    "Index Cond": "(role_id > 2)",
                    "Rows Removed by Index Recheck": 0
                  },
                  {
                    "Node Type": "Hash",
                    "Parent Relationship": "Inner",
                    "Parallel Aware": true,
                    "Startup Cost": 54588.39,
                    "Total Cost": 54588.39,
                    "Plan Rows": 8180,
                    "Plan Width": 4,
                    "Actual Startup Time": 134.315,
                    "Actual Total Time": 134.316,
                    "Actual Rows": 6532,
                    "Actual Loops": 2,
                    "Hash Buckets": 16384,
                    "Original Hash Buckets": 16384,
                    "Hash Batches": 1,
                    "Original Hash Batches": 1,
                    "Peak Memory Usage": 672,
                    "Plans": [
                      {
                        "Node Type": "Seq Scan",
                        "Parent Relationship": "Outer",
                        "Parallel Aware": true,
                        "Relation Name": "title",
                        "Alias": "t",
                        "Startup Cost": 0.0,
                        "Total Cost": 54588.39,
                        "Plan Rows": 8180,
                        "Plan Width": 4,
                        "Actual Startup Time": 0.252,
                        "Actual Total Time": 131.88,
                        "Actual Rows": 6532,
                        "Actual Loops": 2,
                        "Filter": "(production_year = 1965)",
                        "Rows Removed by Filter": 1257624
                      }
                    ]
                  }
                ]
              }
            ]
          }
        ]
      }
    ]
  },
  "Planning Time": 0.385,
  "Triggers": [],
  "Execution Time": 2026.46
}