[
  {
    "Plan": {
      "Node Type": "Aggregate",
      "Strategy": "Plain",
      "Partial Mode": "Finalize",
      "Parallel Aware": false,
      "Startup Cost": 124744.74,
      "Total Cost": 124744.75,
      "Plan Rows": 1,
      "Plan Width": 8,
      "Actual Startup Time": 955.698,
      "Actual Total Time": 976.483,
      "Actual Rows": 1,
      "Actual Loops": 1,
      "Plans": [
        {
          "Node Type": "Gather",
          "Parent Relationship": "Outer",
          "Parallel Aware": false,
          "Startup Cost": 124744.43,
          "Total Cost": 124744.74,
          "Plan Rows": 3,
          "Plan Width": 8,
          "Actual Startup Time": 951.89,
          "Actual Total Time": 976.476,
          "Actual Rows": 4,
          "Actual Loops": 1,
          "Workers Planned": 3,
          "Workers Launched": 3,
          "Single Copy": false,
          "Plans": [
            {
              "Node Type": "Aggregate",
              "Strategy": "Plain",
              "Partial Mode": "Partial",
              "Parent Relationship": "Outer",
              "Parallel Aware": false,
              "Startup Cost": 123744.43,
              "Total Cost": 123744.44,
              "Plan Rows": 1,
              "Plan Width": 8,
              "Actual Startup Time": 941.524,
              "Actual Total Time": 941.529,
              "Actual Rows": 1,
              "Actual Loops": 4,
              "Plans": [
                {
                  "Node Type": "Hash Join",
                  "Parent Relationship": "Outer",
                  "Parallel Aware": true,
                  "Join Type": "Inner",
                  "Startup Cost": 78429.62,
                  "Total Cost": 123397.32,
                  "Plan Rows": 138844,
                  "Plan Width": 0,
                  "Actual Startup Time": 391.359,
                  "Actual Total Time": 794.211,
                  "Actual Rows": 3877542,
                  "Actual Loops": 4,
                  "Inner Unique": false,
                  "Hash Cond": "(mk.movie_id = t.id)",
                  "Plans": [
                    {
                      "Node Type": "Seq Scan",
                      "Parent Relationship": "Outer",
                      "Parallel Aware": true,
                      "Relation Name": "movie_keyword",
                      "Alias": "mk",
                      "Startup Cost": 0.0,
                      "Total Cost": 39047.32,
                      "Plan Rows": 1459332,
                      "Plan Width": 4,
                      "Actual Startup Time": 0.03,
                      "Actual Total Time": 84.228,
                      "Actual Rows": 1130982,
                      "Actual Loops": 4
                    },
                    {
                      "Node Type": "Hash",
                      "Parent Relationship": "Inner",
                      "Parallel Aware": true,
                      "Startup Cost": 77459.67,
                      "Total Cost": 77459.67,
                      "Plan Rows": 77596,
                      "Plan Width": 8,
                      "Actual Startup Time": 353.246,
                      "Actual Total Time": 353.25,
                      "Actual Rows": 166698,
                      "Actual Loops": 4,
                      "Hash Buckets": 1048576,
                      "Original Hash Buckets": 262144,
                      "Hash Batches": 1,
                      "Original Hash Batches": 1,
                      "Peak Memory Usage": 40480,
                      "Plans": [
                        {
                          "Node Type": "Hash Join",
                          "Parent Relationship": "Outer",
                          "Parallel Aware": true,
                          "Join Type": "Inner",
                          "Startup Cost": 46398.42,
                          "Total Cost": 77459.67,
                          "Plan Rows": 77596,
                          "Plan Width": 8,
                          "Actual Startup Time": 160.433,
                          "Actual Total Time": 294.731,
                          "Actual Rows": 166698,
                          "Actual Loops": 4,
                          "Inner Unique": true,
                          "Hash Cond": "(mc.movie_id = t.id)",
                          "Plans": [
                            {
                              "Node Type": "Seq Scan",
                              "Parent Relationship": "Outer",
                              "Parallel Aware": true,
                              "Relation Name": "movie_companies",
                              "Alias": "mc",
                              "Startup Cost": 0.0,
                              "Total Cost": 29310.68,
                              "Plan Rows": 666881,
                              "Plan Width": 4,
                              "Actual Startup Time": 0.018,
                              "Actual Total Time": 70.326,
                              "Actual Rows": 513564,
                              "Actual Loops": 4,
                              "Filter": "(company_id < 71767)",
                              "Rows Removed by Filter": 138718
                            },
                            {
                              "Node Type": "Hash",
                              "Parent Relationship": "Inner",
                              "Parallel Aware": true,
                              "Startup Cost": 45479.1,
                              "Total Cost": 45479.1,
                              "Plan Rows": 73546,
                              "Plan Width": 4,
                              "Actual Startup Time": 129.459,
                              "Actual Total Time": 129.46,
                              "Actual Rows": 97759,
                              "Actual Loops": 4,
                              "Hash Buckets": 524288,
                              "Original Hash Buckets": 524288,
                              "Hash Batches": 1,
                              "Original Hash Batches": 1,
                              "Peak Memory Usage": 19456,
                              "Plans": [
                                {
                                  "Node Type": "Seq Scan",
                                  "Parent Relationship": "Outer",
                                  "Parallel Aware": true,
                                  "Relation Name": "title",
                                  "Alias": "t",
                                  "Startup Cost": 0.0,
                                  "Total Cost": 45479.1,
                                  "Plan Rows": 73546,
                                  "Plan Width": 4,
                                  "Actual Startup Time": 59.579,
                                  "Actual Total Time": 99.102,
                                  "Actual Rows": 97759,
                                  "Actual Loops": 4,
                                  "Filter": "((production_year < 2002) AND (kind_id = 1))",
                                  "Rows Removed by Filter": 534319
                                }
                              ]
                            }
                          ]
                        }
                      ]
                    }
                  ]
                }
              ]
            }
          ]
        }
      ]
    },
    "Planning Time": 1.357,
    "Triggers": [],
    "Execution Time": 976.569
  }
]