[
  {
    "Plan": {
      "Node Type": "Aggregate",
      "Strategy": "Plain",
      "Partial Mode": "Finalize",
      "Parallel Aware": false,
      "Startup Cost": 33293.84,
      "Total Cost": 33293.85,
      "Plan Rows": 1,
      "Plan Width": 8,
      "Actual Startup Time": 96.313,
      "Actual Total Time": 104.466,
      "Actual Rows": 1,
      "Actual Loops": 1,
      "Plans": [
        {
          "Node Type": "Gather",
          "Parent Relationship": "Outer",
          "Parallel Aware": false,
          "Startup Cost": 33293.52,
          "Total Cost": 33293.83,
          "Plan Rows": 3,
          "Plan Width": 8,
          "Actual Startup Time": 96.201,
          "Actual Total Time": 104.461,
          "Actual Rows": 4,
          "Actual Loops": 1,
          "Workers Planned": 3,
          "Workers Launched": 3,
          "Single Copy": false,
          "Plans": [
            {
              "Node Type": "Aggregate",
              "Strategy": "Plain",
              "Partial Mode": "Partial",
              "Parent Relationship": "Outer",
              "Parallel Aware": false,
              "Startup Cost": 32293.52,
              "Total Cost": 32293.53,
              "Plan Rows": 1,
              "Plan Width": 8,
              "Actual Startup Time": 90.692,
              "Actual Total Time": 90.694,
              "Actual Rows": 1,
              "Actual Loops": 4,
              "Plans": [
                {
                  "Node Type": "Seq Scan",
                  "Parent Relationship": "Outer",
                  "Parallel Aware": true,
                  "Relation Name": "movie_companies",
                  "Alias": "mc",
                  "Startup Cost": 0.0,
                  "Total Cost": 31414.82,
                  "Plan Rows": 351480,
                  "Plan Width": 0,
                  "Actual Startup Time": 39.78,
                  "Actual Total Time": 80.183,
                  "Actual Rows": 214431,
                  "Actual Loops": 4,
                  "Filter": "((company_id < 75516) AND (company_type_id = 2))",
                  "Rows Removed by Filter": 437852
                }
              ]
            }
          ]
        }
      ]
    },
    "Planning Time": 0.087,
    "Triggers": [],
    "Execution Time": 104.49
  }
]