[
  {
    "Plan": {
      "Node Type": "Aggregate",
      "Strategy": "Plain",
      "Partial Mode": "Finalize",
      "Parallel Aware": false,
      "Startup Cost": 334105.89,
      "Total Cost": 334105.9,
      "Plan Rows": 1,
      "Plan Width": 8,
      "Actual Startup Time": 617.264,
      "Actual Total Time": 659.653,
      "Actual Rows": 1,
      "Actual Loops": 1,
      "Plans": [
        {
          "Node Type": "Gather",
          "Parent Relationship": "Outer",
          "Parallel Aware": false,
          "Startup Cost": 334105.27,
          "Total Cost": 334105.88,
          "Plan Rows": 6,
          "Plan Width": 8,
          "Actual Startup Time": 617.051,
          "Actual Total Time": 659.637,
          "Actual Rows": 7,
          "Actual Loops": 1,
          "Workers Planned": 6,
          "Workers Launched": 6,
          "Single Copy": false,
          "Plans": [
            {
              "Node Type": "Aggregate",
              "Strategy": "Plain",
              "Partial Mode": "Partial",
              "Parent Relationship": "Outer",
              "Parallel Aware": false,
              "Startup Cost": 333105.27,
              "Total Cost": 333105.28,
              "Plan Rows": 1,
              "Plan Width": 8,
              "Actual Startup Time": 606.529,
              "Actual Total Time": 606.53,
              "Actual Rows": 1,
              "Actual Loops": 7,
              "Plans": [
                {
                  "Node Type": "Seq Scan",
                  "Parent Relationship": "Outer",
                  "Parallel Aware": true,
                  "Relation Name": "cast_info",
                  "Alias": "ci",
                  "Startup Cost": 0.0,
                  "Total Cost": 328211.39,
                  "Plan Rows": 1957551,
                  "Plan Width": 0,
                  "Actual Startup Time": 0.065,
                  "Actual Total Time": 529.139,
                  "Actual Rows": 1694622,
                  "Actual Loops": 7,
                  "Filter": "(person_id < 1165617)",
                  "Rows Removed by Filter": 3483142
                }
              ]
            }
          ]
        }
      ]
    },
    "Planning Time": 0.199,
    "Triggers": [],
    "Execution Time": 659.719
  }
]