[
  {
    "Plan": {
      "Node Type": "Aggregate",
      "Strategy": "Plain",
      "Partial Mode": "Finalize",
      "Parallel Aware": false,
      "Startup Cost": 350273.5,
      "Total Cost": 350273.51,
      "Plan Rows": 1,
      "Plan Width": 8,
      "Actual Startup Time": 775.181,
      "Actual Total Time": 836.282,
      "Actual Rows": 1,
      "Actual Loops": 1,
      "Plans": [
        {
          "Node Type": "Gather",
          "Parent Relationship": "Outer",
          "Parallel Aware": false,
          "Startup Cost": 350272.87,
          "Total Cost": 350273.48,
          "Plan Rows": 6,
          "Plan Width": 8,
          "Actual Startup Time": 774.995,
          "Actual Total Time": 836.27,
          "Actual Rows": 7,
          "Actual Loops": 1,
          "Workers Planned": 6,
          "Workers Launched": 6,
          "Single Copy": false,
          "Plans": [
            {
              "Node Type": "Aggregate",
              "Strategy": "Plain",
              "Partial Mode": "Partial",
              "Parent Relationship": "Outer",
              "Parallel Aware": false,
              "Startup Cost": 349272.87,
              "Total Cost": 349272.88,
              "Plan Rows": 1,
              "Plan Width": 8,
              "Actual Startup Time": 765.21,
              "Actual Total Time": 765.211,
              "Actual Rows": 1,
              "Actual Loops": 7,
              "Plans": [
                {
                  "Node Type": "Seq Scan",
                  "Parent Relationship": "Outer",
                  "Parallel Aware": true,
                  "Relation Name": "cast_info",
                  "Alias": "ci",
                  "Startup Cost": 0.0,
                  "Total Cost": 343316.27,
                  "Plan Rows": 2382641,
                  "Plan Width": 0,
                  "Actual Startup Time": 143.272,
                  "Actual Total Time": 690.567,
                  "Actual Rows": 1780975,
                  "Actual Loops": 7,
                  "Filter": "((person_id > 1043209) AND (role_id < 3))",
                  "Rows Removed by Filter": 3396788
                }
              ]
            }
          ]
        }
      ]
    },
    "Planning Time": 0.234,
    "Triggers": [],
    "Execution Time": 836.383
  }
]