[
  {
    "Plan": {
      "Node Type": "Aggregate",
      "Strategy": "Plain",
      "Partial Mode": "Finalize",
      "Parallel Aware": false,
      "Startup Cost": 45222.76,
      "Total Cost": 45222.77,
      "Plan Rows": 1,
      "Plan Width": 8,
      "Actual Startup Time": 152.338,
      "Actual Total Time": 162.139,
      "Actual Rows": 1,
      "Actual Loops": 1,
      "Plans": [
        {
          "Node Type": "Gather",
          "Parent Relationship": "Outer",
          "Parallel Aware": false,
          "Startup Cost": 45222.44,
          "Total Cost": 45222.75,
          "Plan Rows": 3,
          "Plan Width": 8,
          "Actual Startup Time": 152.236,
          "Actual Total Time": 162.131,
          "Actual Rows": 4,
          "Actual Loops": 1,
          "Workers Planned": 3,
          "Workers Launched": 3,
          "Single Copy": false,
          "Plans": [
            {
              "Node Type": "Aggregate",
              "Strategy": "Plain",
              "Partial Mode": "Partial",
              "Parent Relationship": "Outer",
              "Parallel Aware": false,
              "Startup Cost": 44222.44,
              "Total Cost": 44222.45,
              "Plan Rows": 1,
              "Plan Width": 8,
              "Actual Startup Time": 144.939,
              "Actual Total Time": 144.94,
              "Actual Rows": 1,
              "Actual Loops": 4,
              "Plans": [
                {
                  "Node Type": "Seq Scan",
                  "Parent Relationship": "Outer",
                  "Parallel Aware": true,
                  "Relation Name": "movie_keyword",
                  "Alias": "mk",
                  "Startup Cost": 0.0,
                  "Total Cost": 42695.65,
                  "Plan Rows": 610714,
                  "Plan Width": 0,
                  "Actual Startup Time": 0.052,
                  "Actual Total Time": 120.197,
                  "Actual Rows": 474773,
                  "Actual Loops": 4,
                  "Filter": "(keyword_id < 3254)",
                  "Rows Removed by Filter": 656210
                }
              ]
            }
          ]
        }
      ]
    },
    "Planning Time": 0.18,
    "Triggers": [],
    "Execution Time": 162.203
  }
]