[
  {
    "Plan": {
      "Node Type": "Aggregate",
      "Strategy": "Plain",
      "Partial Mode": "Finalize",
      "Parallel Aware": false,
      "Startup Cost": 44651.65,
      "Total Cost": 44651.66,
      "Plan Rows": 1,
      "Plan Width": 8,
      "Actual Startup Time": 115.681,
      "Actual Total Time": 121.294,
      "Actual Rows": 1,
      "Actual Loops": 1,
      "Plans": [
        {
          "Node Type": "Gather",
          "Parent Relationship": "Outer",
          "Parallel Aware": false,
          "Startup Cost": 44651.33,
          "Total Cost": 44651.64,
          "Plan Rows": 3,
          "Plan Width": 8,
          "Actual Startup Time": 115.606,
          "Actual Total Time": 121.288,
          "Actual Rows": 4,
          "Actual Loops": 1,
          "Workers Planned": 3,
          "Workers Launched": 3,
          "Single Copy": false,
          "Plans": [
            {
              "Node Type": "Aggregate",
              "Strategy": "Plain",
              "Partial Mode": "Partial",
              "Parent Relationship": "Outer",
              "Parallel Aware": false,
              "Startup Cost": 43651.33,
              "Total Cost": 43651.34,
              "Plan Rows": 1,
              "Plan Width": 8,
              "Actual Startup Time": 111.283,
              "Actual Total Time": 111.284,
              "Actual Rows": 1,
              "Actual Loops": 4,
              "Plans": [
                {
                  "Node Type": "Seq Scan",
                  "Parent Relationship": "Outer",
                  "Parallel Aware": true,
                  "Relation Name": "movie_keyword",
                  "Alias": "mk",
                  "Startup Cost": 0.0,
                  "Total Cost": 42695.65,
                  "Plan Rows": 382272,
                  "Plan Width": 0,
                  "Actual Startup Time": 0.134,
                  "Actual Total Time": 96.63,
                  "Actual Rows": 293890,
                  "Actual Loops": 4,
                  "Filter": "(keyword_id < 1389)",
                  "Rows Removed by Filter": 837092
                }
              ]
            }
          ]
        }
      ]
    },
    "Planning Time": 0.098,
    "Triggers": [],
    "Execution Time": 121.324
  }
]