[
  {
    "Plan": {
      "Node Type": "Aggregate",
      "Strategy": "Plain",
      "Partial Mode": "Finalize",
      "Parallel Aware": false,
      "Startup Cost": 44373.74,
      "Total Cost": 44373.75,
      "Plan Rows": 1,
      "Plan Width": 8,
      "Actual Startup Time": 117.537,
      "Actual Total Time": 126.884,
      "Actual Rows": 1,
      "Actual Loops": 1,
      "Plans": [
        {
          "Node Type": "Gather",
          "Parent Relationship": "Outer",
          "Parallel Aware": false,
          "Startup Cost": 44373.42,
          "Total Cost": 44373.73,
          "Plan Rows": 3,
          "Plan Width": 8,
          "Actual Startup Time": 117.377,
          "Actual Total Time": 126.875,
          "Actual Rows": 4,
          "Actual Loops": 1,
          "Workers Planned": 3,
          "Workers Launched": 3,
          "Single Copy": false,
          "Plans": [
            {
              "Node Type": "Aggregate",
              "Strategy": "Plain",
              "Partial Mode": "Partial",
              "Parent Relationship": "Outer",
              "Parallel Aware": false,
              "Startup Cost": 43373.42,
              "Total Cost": 43373.43,
              "Plan Rows": 1,
              "Plan Width": 8,
              "Actual Startup Time": 110.421,
              "Actual Total Time": 110.422,
              "Actual Rows": 1,
              "Actual Loops": 4,
              "Plans": [
                {
                  "Node Type": "Seq Scan",
                  "Parent Relationship": "Outer",
                  "Parallel Aware": true,
                  "Relation Name": "movie_keyword",
                  "Alias": "mk",
                  "Startup Cost": 0.0,
                  "Total Cost": 42695.65,
                  "Plan Rows": 271107,
                  "Plan Width": 0,
                  "Actual Startup Time": 0.057,
                  "Actual Total Time": 100.102,
                  "Actual Rows": 209894,
                  "Actual Loops": 4,
                  "Filter": "(keyword_id < 803)",
                  "Rows Removed by Filter": 921089
                }
              ]
            }
          ]
        }
      ]
    },
    "Planning Time": 0.187,
    "Triggers": [],
    "Execution Time": 126.939
  }
]