[
    {
        "Bao": {
            "Bao prediction": "NaN",
            "Bao recommended hint": "(no hint)"
        }
    },
    {
        "Plan": {
            "Node Type": "Aggregate",
            "Strategy": "Plain",
            "Partial Mode": "Finalize",
            "Parallel Aware": false,
            "Startup Cost": 70364.85,
            "Total Cost": 70364.86,
            "Plan Rows": 1,
            "Plan Width": 8,
            "Actual Startup Time": 155.942,
            "Actual Total Time": 167.314,
            "Actual Rows": 1,
            "Actual Loops": 1,
            "Output": [
                "count(*)"
            ],
            "Plans": [
                {
                    "Node Type": "Gather",
                    "Parent Relationship": "Outer",
                    "Parallel Aware": false,
                    "Startup Cost": 70364.54,
                    "Total Cost": 70364.85,
                    "Plan Rows": 3,
                    "Plan Width": 8,
                    "Actual Startup Time": 155.32,
                    "Actual Total Time": 167.307,
                    "Actual Rows": 4,
                    "Actual Loops": 1,
                    "Output": [
                        "(PARTIAL count(*))"
                    ],
                    "Workers Planned": 3,
                    "Workers Launched": 3,
                    "Single Copy": false,
                    "Plans": [
                        {
                            "Node Type": "Aggregate",
                            "Strategy": "Plain",
                            "Partial Mode": "Partial",
                            "Parent Relationship": "Outer",
                            "Parallel Aware": false,
                            "Startup Cost": 69364.54,
                            "Total Cost": 69364.55,
                            "Plan Rows": 1,
                            "Plan Width": 8,
                            "Actual Startup Time": 146.279,
                            "Actual Total Time": 146.283,
                            "Actual Rows": 1,
                            "Actual Loops": 4,
                            "Output": [
                                "PARTIAL count(*)"
                            ],
                            "Workers": [
                                {
                                    "Worker Number": 0,
                                    "Actual Startup Time": 143.199,
                                    "Actual Total Time": 143.202,
                                    "Actual Rows": 1,
                                    "Actual Loops": 1
                                },
                                {
                                    "Worker Number": 1,
                                    "Actual Startup Time": 143.279,
                                    "Actual Total Time": 143.282,
                                    "Actual Rows": 1,
                                    "Actual Loops": 1
                                },
                                {
                                    "Worker Number": 2,
                                    "Actual Startup Time": 143.713,
                                    "Actual Total Time": 143.717,
                                    "Actual Rows": 1,
                                    "Actual Loops": 1
                                }
                            ],
                            "Plans": [
                                {
                                    "Node Type": "Hash Join",
                                    "Parent Relationship": "Outer",
                                    "Parallel Aware": true,
                                    "Join Type": "Inner",
                                    "Startup Cost": 49659.53,
                                    "Total Cost": 69362.12,
                                    "Plan Rows": 965,
                                    "Plan Width": 0,
                                    "Actual Startup Time": 113.586,
                                    "Actual Total Time": 146.239,
                                    "Actual Rows": 479,
                                    "Actual Loops": 4,
                                    "Inner Unique": true,
                                    "Hash Cond": "(mc.movie_id = t.id)",
                                    "Workers": [
                                        {
                                            "Worker Number": 0,
                                            "Actual Startup Time": 110.164,
                                            "Actual Total Time": 143.16,
                                            "Actual Rows": 342,
                                            "Actual Loops": 1
                                        },
                                        {
                                            "Worker Number": 1,
                                            "Actual Startup Time": 111.002,
                                            "Actual Total Time": 143.241,
                                            "Actual Rows": 342,
                                            "Actual Loops": 1
                                        },
                                        {
                                            "Worker Number": 2,
                                            "Actual Startup Time": 110.742,
                                            "Actual Total Time": 143.672,
                                            "Actual Rows": 414,
                                            "Actual Loops": 1
                                        }
                                    ],
                                    "Plans": [
                                        {
                                            "Node Type": "Bitmap Heap Scan",
                                            "Parent Relationship": "Outer",
                                            "Parallel Aware": true,
                                            "Relation Name": "movie_companies",
                                            "Schema": "public",
                                            "Alias": "mc",
                                            "Startup Cost": 4054.02,
                                            "Total Cost": 23598.23,
                                            "Plan Rows": 60337,
                                            "Plan Width": 4,
                                            "Actual Startup Time": 11.25,
                                            "Actual Total Time": 35.952,
                                            "Actual Rows": 46511,
                                            "Actual Loops": 4,
                                            "Output": [
                                                "mc.id",
                                                "mc.movie_id",
                                                "mc.company_id",
                                                "mc.company_type_id",
                                                "mc.note"
                                            ],
                                            "Recheck Cond": "(mc.company_id < 49)",
                                            "Rows Removed by Index Recheck": 0,
                                            "Exact Heap Blocks": 7320,
                                            "Lossy Heap Blocks": 0,
                                            "Workers": [
                                                {
                                                    "Worker Number": 0,
                                                    "Actual Startup Time": 11.305,
                                                    "Actual Total Time": 36.586,
                                                    "Actual Rows": 37313,
                                                    "Actual Loops": 1
                                                },
                                                {
                                                    "Worker Number": 1,
                                                    "Actual Startup Time": 11.307,
                                                    "Actual Total Time": 36.434,
                                                    "Actual Rows": 37535,
                                                    "Actual Loops": 1
                                                },
                                                {
                                                    "Worker Number": 2,
                                                    "Actual Startup Time": 11.238,
                                                    "Actual Total Time": 36.384,
                                                    "Actual Rows": 32692,
                                                    "Actual Loops": 1
                                                }
                                            ],
                                            "Plans": [
                                                {
                                                    "Node Type": "Bitmap Index Scan",
                                                    "Parent Relationship": "Outer",
                                                    "Parallel Aware": false,
                                                    "Index Name": "company_id_movie_companies",
                                                    "Startup Cost": 0.0,
                                                    "Total Cost": 4007.26,
                                                    "Plan Rows": 187044,
                                                    "Plan Width": 0,
                                                    "Actual Startup Time": 9.111,
                                                    "Actual Total Time": 9.112,
                                                    "Actual Rows": 186044,
                                                    "Actual Loops": 1,
                                                    "Index Cond": "(mc.company_id < 49)"
                                                }
                                            ]
                                        },
                                        {
                                            "Node Type": "Hash",
                                            "Parent Relationship": "Inner",
                                            "Parallel Aware": true,
                                            "Startup Cost": 45479.21,
                                            "Total Cost": 45479.21,
                                            "Plan Rows": 10104,
                                            "Plan Width": 4,
                                            "Actual Startup Time": 101.096,
                                            "Actual Total Time": 101.096,
                                            "Actual Rows": 10484,
                                            "Actual Loops": 4,
                                            "Output": [
                                                "t.id"
                                            ],
                                            "Hash Buckets": 65536,
                                            "Original Hash Buckets": 65536,
                                            "Hash Batches": 1,
                                            "Original Hash Batches": 1,
                                            "Peak Memory Usage": 2208,
                                            "Workers": [
                                                {
                                                    "Worker Number": 0,
                                                    "Actual Startup Time": 98.061,
                                                    "Actual Total Time": 98.062,
                                                    "Actual Rows": 6520,
                                                    "Actual Loops": 1
                                                },
                                                {
                                                    "Worker Number": 1,
                                                    "Actual Startup Time": 98.108,
                                                    "Actual Total Time": 98.108,
                                                    "Actual Rows": 6620,
                                                    "Actual Loops": 1
                                                },
                                                {
                                                    "Worker Number": 2,
                                                    "Actual Startup Time": 98.576,
                                                    "Actual Total Time": 98.577,
                                                    "Actual Rows": 6181,
                                                    "Actual Loops": 1
                                                }
                                            ],
                                            "Plans": [
                                                {
                                                    "Node Type": "Seq Scan",
                                                    "Parent Relationship": "Outer",
                                                    "Parallel Aware": true,
                                                    "Relation Name": "title",
                                                    "Schema": "public",
                                                    "Alias": "t",
                                                    "Startup Cost": 0.0,
                                                    "Total Cost": 45479.21,
                                                    "Plan Rows": 10104,
                                                    "Plan Width": 4,
                                                    "Actual Startup Time": 0.072,
                                                    "Actual Total Time": 96.378,
                                                    "Actual Rows": 10484,
                                                    "Actual Loops": 4,
                                                    "Output": [
                                                        "t.id"
                                                    ],
                                                    "Filter": "((t.kind_id = 7) AND (t.production_year = 2002))",
                                                    "Rows Removed by Filter": 621594,
                                                    "Workers": [
                                                        {
                                                            "Worker Number": 0,
                                                            "Actual Startup Time": 0.142,
                                                            "Actual Total Time": 94.001,
                                                            "Actual Rows": 6520,
                                                            "Actual Loops": 1
                                                        },
                                                        {
                                                            "Worker Number": 1,
                                                            "Actual Startup Time": 0.053,
                                                            "Actual Total Time": 93.499,
                                                            "Actual Rows": 6620,
                                                            "Actual Loops": 1
                                                        },
                                                        {
                                                            "Worker Number": 2,
                                                            "Actual Startup Time": 0.076,
                                                            "Actual Total Time": 93.706,
                                                            "Actual Rows": 6181,
                                                            "Actual Loops": 1
                                                        }
                                                    ]
                                                }
                                            ]
                                        }
                                    ]
                                }
                            ]
                        }
                    ]
                }
            ]
        },
        "Planning Time": 181.415,
        "Triggers": [],
        "Execution Time": 167.43
    }
]