[
  {
    "Plan": {
      "Node Type": "Aggregate",
      "Strategy": "Plain",
      "Partial Mode": "Finalize",
      "Parallel Aware": false,
      "Startup Cost": 16715.56,
      "Total Cost": 16715.57,
      "Plan Rows": 1,
      "Plan Width": 8,
      "Actual Startup Time": 12.857,
      "Actual Total Time": 15.921,
      "Actual Rows": 1,
      "Actual Loops": 1,
      "Plans": [
        {
          "Node Type": "Gather",
          "Parent Relationship": "Outer",
          "Parallel Aware": false,
          "Startup Cost": 16715.35,
          "Total Cost": 16715.56,
          "Plan Rows": 2,
          "Plan Width": 8,
          "Actual Startup Time": 12.703,
          "Actual Total Time": 15.916,
          "Actual Rows": 3,
          "Actual Loops": 1,
          "Workers Planned": 2,
          "Workers Launched": 2,
          "Single Copy": false,
          "Plans": [
            {
              "Node Type": "Aggregate",
              "Strategy": "Plain",
              "Partial Mode": "Partial",
              "Parent Relationship": "Outer",
              "Parallel Aware": false,
              "Startup Cost": 15715.35,
              "Total Cost": 15715.36,
              "Plan Rows": 1,
              "Plan Width": 8,
              "Actual Startup Time": 9.782,
              "Actual Total Time": 9.783,
              "Actual Rows": 1,
              "Actual Loops": 3,
              "Plans": [
                {
                  "Node Type": "Nested Loop",
                  "Parent Relationship": "Outer",
                  "Parallel Aware": false,
                  "Join Type": "Inner",
                  "Startup Cost": 85.39,
                  "Total Cost": 15715.28,
                  "Plan Rows": 25,
                  "Plan Width": 0,
                  "Actual Startup Time": 1.425,
                  "Actual Total Time": 9.771,
                  "Actual Rows": 55,
                  "Actual Loops": 3,
                  "Inner Unique": true,
                  "Plans": [
                    {
                      "Node Type": "Bitmap Heap Scan",
                      "Parent Relationship": "Outer",
                      "Parallel Aware": true,
                      "Relation Name": "movie_companies",
                      "Alias": "mc",
                      "Startup Cost": 84.96,
                      "Total Cost": 9373.64,
                      "Plan Rows": 796,
                      "Plan Width": 4,
                      "Actual Startup Time": 0.592,
                      "Actual Total Time": 2.834,
                      "Actual Rows": 862,
                      "Actual Loops": 3,
                      "Recheck Cond": "(company_id = 677)",
                      "Rows Removed by Index Recheck": 0,
                      "Filter": "(company_type_id > 1)",
                      "Rows Removed by Filter": 113,
                      "Exact Heap Blocks": 1397,
                      "Lossy Heap Blocks": 0,
                      "Plans": [
                        {
                          "Node Type": "Bitmap Index Scan",
                          "Parent Relationship": "Outer",
                          "Parallel Aware": false,
                          "Index Name": "company_id_movie_companies",
                          "Startup Cost": 0.0,
                          "Total Cost": 84.48,
                          "Plan Rows": 3740,
                          "Plan Width": 0,
                          "Actual Startup Time": 0.918,
                          "Actual Total Time": 0.918,
                          "Actual Rows": 2926,
                          "Actual Loops": 1,
                          "Index Cond": "(company_id = 677)"
                        }
                      ]
                    },
                    {
                      "Node Type": "Index Scan",
                      "Parent Relationship": "Inner",
                      "Parallel Aware": false,
                      "Scan Direction": "Forward",
                      "Index Name": "title_pkey",
                      "Relation Name": "title",
                      "Alias": "t",
                      "Startup Cost": 0.43,
                      "Total Cost": 7.97,
                      "Plan Rows": 1,
                      "Plan Width": 4,
                      "Actual Startup Time": 0.008,
                      "Actual Total Time": 0.008,
                      "Actual Rows": 0,
                      "Actual Loops": 2586,
                      "Index Cond": "(id = mc.movie_id)",
                      "Rows Removed by Index Recheck": 0,
                      "Filter": "((production_year > 1968) AND (kind_id = 3))",
                      "Rows Removed by Filter": 1
                    }
                  ]
                }
              ]
            }
          ]
        }
      ]
    },
    "Planning Time": 0.303,
    "Triggers": [],
    "Execution Time": 15.961
  }
]