[
  {
    "Plan": {
      "Node Type": "Aggregate",
      "Strategy": "Plain",
      "Partial Mode": "Finalize",
      "Parallel Aware": false,
      "Startup Cost": 26392.39,
      "Total Cost": 26392.4,
      "Plan Rows": 1,
      "Plan Width": 8,
      "Actual Startup Time": 26.854,
      "Actual Total Time": 31.285,
      "Actual Rows": 1,
      "Actual Loops": 1,
      "Plans": [
        {
          "Node Type": "Gather",
          "Parent Relationship": "Outer",
          "Parallel Aware": false,
          "Startup Cost": 26392.17,
          "Total Cost": 26392.38,
          "Plan Rows": 2,
          "Plan Width": 8,
          "Actual Startup Time": 26.342,
          "Actual Total Time": 31.277,
          "Actual Rows": 3,
          "Actual Loops": 1,
          "Workers Planned": 2,
          "Workers Launched": 2,
          "Single Copy": false,
          "Plans": [
            {
              "Node Type": "Aggregate",
              "Strategy": "Plain",
              "Partial Mode": "Partial",
              "Parent Relationship": "Outer",
              "Parallel Aware": false,
              "Startup Cost": 25392.17,
              "Total Cost": 25392.18,
              "Plan Rows": 1,
              "Plan Width": 8,
              "Actual Startup Time": 20.448,
              "Actual Total Time": 20.45,
              "Actual Rows": 1,
              "Actual Loops": 3,
              "Plans": [
                {
                  "Node Type": "Nested Loop",
                  "Parent Relationship": "Outer",
                  "Parallel Aware": false,
                  "Join Type": "Inner",
                  "Startup Cost": 155.03,
                  "Total Cost": 25391.49,
                  "Plan Rows": 275,
                  "Plan Width": 0,
                  "Actual Startup Time": 7.472,
                  "Actual Total Time": 20.386,
                  "Actual Rows": 203,
                  "Actual Loops": 3,
                  "Inner Unique": true,
                  "Join Filter": "(mc.movie_id = t.id)",
                  "Rows Removed by Join Filter": 0,
                  "Plans": [
                    {
                      "Node Type": "Nested Loop",
                      "Parent Relationship": "Outer",
                      "Parallel Aware": false,
                      "Join Type": "Inner",
                      "Startup Cost": 154.6,
                      "Total Cost": 24230.41,
                      "Plan Rows": 1369,
                      "Plan Width": 8,
                      "Actual Startup Time": 7.358,
                      "Actual Total Time": 16.846,
                      "Actual Rows": 203,
                      "Actual Loops": 3,
                      "Inner Unique": false,
                      "Plans": [
                        {
                          "Node Type": "Bitmap Heap Scan",
                          "Parent Relationship": "Outer",
                          "Parallel Aware": true,
                          "Relation Name": "movie_companies",
                          "Alias": "mc",
                          "Startup Cost": 154.17,
                          "Total Cost": 13928.6,
                          "Plan Rows": 1500,
                          "Plan Width": 4,
                          "Actual Startup Time": 7.165,
                          "Actual Total Time": 10.105,
                          "Actual Rows": 903,
                          "Actual Loops": 3,
                          "Recheck Cond": "(company_id = 302)",
                          "Rows Removed by Index Recheck": 0,
                          "Filter": "(company_type_id = 2)",
                          "Rows Removed by Filter": 1326,
                          "Exact Heap Blocks": 2654,
                          "Lossy Heap Blocks": 0,
                          "Plans": [
                            {
                              "Node Type": "Bitmap Index Scan",
                              "Parent Relationship": "Outer",
                              "Parallel Aware": false,
                              "Index Name": "company_id_movie_companies",
                              "Startup Cost": 0.0,
                              "Total Cost": 153.27,
                              "Plan Rows": 7045,
                              "Plan Width": 0,
                              "Actual Startup Time": 4.781,
                              "Actual Total Time": 4.782,
                              "Actual Rows": 6686,
                              "Actual Loops": 1,
                              "Index Cond": "(company_id = 302)"
                            }
                          ]
                        },
                        {
                          "Node Type": "Index Scan",
                          "Parent Relationship": "Inner",
                          "Parallel Aware": false,
                          "Scan Direction": "Forward",
                          "Index Name": "movie_id_movie_info_idx",
                          "Relation Name": "movie_info_idx",
                          "Alias": "mi_idx",
                          "Startup Cost": 0.43,
                          "Total Cost": 6.86,
                          "Plan Rows": 1,
                          "Plan Width": 4,
                          "Actual Startup Time": 0.007,
                          "Actual Total Time": 0.007,
                          "Actual Rows": 0,
                          "Actual Loops": 2708,
                          "Index Cond": "(movie_id = mc.movie_id)",
                          "Rows Removed by Index Recheck": 0,
                          "Filter": "(info_type_id = 101)",
                          "Rows Removed by Filter": 0
                        }
                      ]
                    },
                    {
                      "Node Type": "Index Only Scan",
                      "Parent Relationship": "Inner",
                      "Parallel Aware": false,
                      "Scan Direction": "Forward",
                      "Index Name": "title_pkey",
                      "Relation Name": "title",
                      "Alias": "t",
                      "Startup Cost": 0.43,
                      "Total Cost": 0.84,
                      "Plan Rows": 1,
                      "Plan Width": 4,
                      "Actual Startup Time": 0.017,
                      "Actual Total Time": 0.017,
                      "Actual Rows": 1,
                      "Actual Loops": 608,
                      "Index Cond": "(id = mi_idx.movie_id)",
                      "Rows Removed by Index Recheck": 0,
                      "Heap Fetches": 608
                    }
                  ]
                }
              ]
            }
          ]
        }
      ]
    },
    "Planning Time": 1.171,
    "Triggers": [],
    "Execution Time": 31.366
  }
]