[
  {
    "Plan": {
      "Node Type": "Aggregate",
      "Strategy": "Plain",
      "Partial Mode": "Finalize",
      "Parallel Aware": false,
      "Startup Cost": 120852.36,
      "Total Cost": 120852.37,
      "Plan Rows": 1,
      "Plan Width": 8,
      "Actual Startup Time": 80.852,
      "Actual Total Time": 93.634,
      "Actual Rows": 1,
      "Actual Loops": 1,
      "Plans": [
        {
          "Node Type": "Gather",
          "Parent Relationship": "Outer",
          "Parallel Aware": false,
          "Startup Cost": 120851.94,
          "Total Cost": 120852.35,
          "Plan Rows": 4,
          "Plan Width": 8,
          "Actual Startup Time": 80.621,
          "Actual Total Time": 93.621,
          "Actual Rows": 5,
          "Actual Loops": 1,
          "Workers Planned": 4,
          "Workers Launched": 4,
          "Single Copy": false,
          "Plans": [
            {
              "Node Type": "Aggregate",
              "Strategy": "Plain",
              "Partial Mode": "Partial",
              "Parent Relationship": "Outer",
              "Parallel Aware": false,
              "Startup Cost": 119851.94,
              "Total Cost": 119851.95,
              "Plan Rows": 1,
              "Plan Width": 8,
              "Actual Startup Time": 73.199,
              "Actual Total Time": 73.202,
              "Actual Rows": 1,
              "Actual Loops": 5,
              "Plans": [
                {
                  "Node Type": "Nested Loop",
                  "Parent Relationship": "Outer",
                  "Parallel Aware": false,
                  "Join Type": "Inner",
                  "Startup Cost": 621.5,
                  "Total Cost": 119848.56,
                  "Plan Rows": 1352,
                  "Plan Width": 0,
                  "Actual Startup Time": 57.507,
                  "Actual Total Time": 73.149,
                  "Actual Rows": 234,
                  "Actual Loops": 5,
                  "Inner Unique": true,
                  "Plans": [
                    {
                      "Node Type": "Bitmap Heap Scan",
                      "Parent Relationship": "Outer",
                      "Parallel Aware": true,
                      "Relation Name": "movie_info",
                      "Alias": "mi",
                      "Startup Cost": 621.07,
                      "Total Cost": 83822.9,
                      "Plan Rows": 8536,
                      "Plan Width": 4,
                      "Actual Startup Time": 3.659,
                      "Actual Total Time": 11.55,
                      "Actual Rows": 7397,
                      "Actual Loops": 5,
                      "Recheck Cond": "(info_type_id = 104)",
                      "Rows Removed by Index Recheck": 0,
                      "Exact Heap Blocks": 1494,
                      "Lossy Heap Blocks": 0,
                      "Plans": [
                        {
                          "Node Type": "Bitmap Index Scan",
                          "Parent Relationship": "Outer",
                          "Parallel Aware": false,
                          "Index Name": "info_type_id_movie_info",
                          "Startup Cost": 0.0,
                          "Total Cost": 612.53,
                          "Plan Rows": 34146,
                          "Plan Width": 0,
                          "Actual Startup Time": 7.95,
                          "Actual Total Time": 7.95,
                          "Actual Rows": 36985,
                          "Actual Loops": 1,
                          "Index Cond": "(info_type_id = 104)"
                        }
                      ]
                    },
                    {
                      "Node Type": "Index Scan",
                      "Parent Relationship": "Inner",
                      "Parallel Aware": false,
                      "Scan Direction": "Forward",
                      "Index Name": "title_pkey",
                      "Relation Name": "title",
                      "Alias": "t",
                      "Startup Cost": 0.43,
                      "Total Cost": 4.22,
                      "Plan Rows": 1,
                      "Plan Width": 4,
                      "Actual Startup Time": 0.008,
                      "Actual Total Time": 0.008,
                      "Actual Rows": 0,
                      "Actual Loops": 36985,
                      "Index Cond": "(id = mi.movie_id)",
                      "Rows Removed by Index Recheck": 0,
                      "Filter": "((production_year > 2008) AND (kind_id = 7))",
                      "Rows Removed by Filter": 1
                    }
                  ]
                }
              ]
            }
          ]
        }
      ]
    },
    "Planning Time": 0.481,
    "Triggers": [],
    "Execution Time": 93.721
  }
]