[
  {
    "Plan": {
      "Node Type": "Aggregate",
      "Strategy": "Plain",
      "Partial Mode": "Finalize",
      "Parallel Aware": false,
      "Startup Cost": 341687.3,
      "Total Cost": 341687.31,
      "Plan Rows": 1,
      "Plan Width": 8,
      "Actual Startup Time": 895.35,
      "Actual Total Time": 977.811,
      "Actual Rows": 1,
      "Actual Loops": 1,
      "Plans": [
        {
          "Node Type": "Gather",
          "Parent Relationship": "Outer",
          "Parallel Aware": false,
          "Startup Cost": 341686.68,
          "Total Cost": 341687.29,
          "Plan Rows": 6,
          "Plan Width": 8,
          "Actual Startup Time": 895.065,
          "Actual Total Time": 977.793,
          "Actual Rows": 7,
          "Actual Loops": 1,
          "Workers Planned": 6,
          "Workers Launched": 6,
          "Single Copy": false,
          "Plans": [
            {
              "Node Type": "Aggregate",
              "Strategy": "Plain",
              "Partial Mode": "Partial",
              "Parent Relationship": "Outer",
              "Parallel Aware": false,
              "Startup Cost": 340686.68,
              "Total Cost": 340686.69,
              "Plan Rows": 1,
              "Plan Width": 8,
              "Actual Startup Time": 887.136,
              "Actual Total Time": 887.138,
              "Actual Rows": 1,
              "Actual Loops": 7,
              "Plans": [
                {
                  "Node Type": "Seq Scan",
                  "Parent Relationship": "Outer",
                  "Parallel Aware": true,
                  "Relation Name": "cast_info",
                  "Alias": "ci",
                  "Startup Cost": 0.0,
                  "Total Cost": 328211.39,
                  "Plan Rows": 4990114,
                  "Plan Width": 0,
                  "Actual Startup Time": 0.045,
                  "Actual Total Time": 688.141,
                  "Actual Rows": 4286170,
                  "Actual Loops": 7,
                  "Filter": "(person_id < 3027235)",
                  "Rows Removed by Filter": 891594
                }
              ]
            }
          ]
        }
      ]
    },
    "Planning Time": 0.06,
    "Triggers": [],
    "Execution Time": 977.855
  }
]