[
  {
    "Plan": {
      "Node Type": "Aggregate",
      "Strategy": "Plain",
      "Partial Mode": "Finalize",
      "Parallel Aware": false,
      "Startup Cost": 44854.94,
      "Total Cost": 44854.95,
      "Plan Rows": 1,
      "Plan Width": 8,
      "Actual Startup Time": 140.048,
      "Actual Total Time": 148.957,
      "Actual Rows": 1,
      "Actual Loops": 1,
      "Plans": [
        {
          "Node Type": "Gather",
          "Parent Relationship": "Outer",
          "Parallel Aware": false,
          "Startup Cost": 44854.63,
          "Total Cost": 44854.94,
          "Plan Rows": 3,
          "Plan Width": 8,
          "Actual Startup Time": 139.896,
          "Actual Total Time": 148.947,
          "Actual Rows": 4,
          "Actual Loops": 1,
          "Workers Planned": 3,
          "Workers Launched": 3,
          "Single Copy": false,
          "Plans": [
            {
              "Node Type": "Aggregate",
              "Strategy": "Plain",
              "Partial Mode": "Partial",
              "Parent Relationship": "Outer",
              "Parallel Aware": false,
              "Startup Cost": 43854.63,
              "Total Cost": 43854.64,
              "Plan Rows": 1,
              "Plan Width": 8,
              "Actual Startup Time": 133.254,
              "Actual Total Time": 133.255,
              "Actual Rows": 1,
              "Actual Loops": 4,
              "Plans": [
                {
                  "Node Type": "Seq Scan",
                  "Parent Relationship": "Outer",
                  "Parallel Aware": true,
                  "Relation Name": "movie_keyword",
                  "Alias": "mk",
                  "Startup Cost": 0.0,
                  "Total Cost": 42695.65,
                  "Plan Rows": 463589,
                  "Plan Width": 0,
                  "Actual Startup Time": 0.053,
                  "Actual Total Time": 114.741,
                  "Actual Rows": 359259,
                  "Actual Loops": 4,
                  "Filter": "(keyword_id < 1998)",
                  "Rows Removed by Filter": 771724
                }
              ]
            }
          ]
        }
      ]
    },
    "Planning Time": 0.193,
    "Triggers": [],
    "Execution Time": 149.012
  }
]