[
    {
        "Bao": {
            "Bao prediction": "NaN",
            "Bao recommended hint": "(no hint)"
        }
    },
    {
        "Plan": {
            "Node Type": "Aggregate",
            "Strategy": "Plain",
            "Partial Mode": "Finalize",
            "Parallel Aware": false,
            "Startup Cost": 182946.24,
            "Total Cost": 182946.25,
            "Plan Rows": 1,
            "Plan Width": 8,
            "Actual Startup Time": 1932.275,
            "Actual Total Time": 1999.756,
            "Actual Rows": 1,
            "Actual Loops": 1,
            "Output": [
                "count(*)"
            ],
            "Plans": [
                {
                    "Node Type": "Gather",
                    "Parent Relationship": "Outer",
                    "Parallel Aware": false,
                    "Startup Cost": 182945.82,
                    "Total Cost": 182946.23,
                    "Plan Rows": 4,
                    "Plan Width": 8,
                    "Actual Startup Time": 1929.269,
                    "Actual Total Time": 1999.747,
                    "Actual Rows": 5,
                    "Actual Loops": 1,
                    "Output": [
                        "(PARTIAL count(*))"
                    ],
                    "Workers Planned": 4,
                    "Workers Launched": 4,
                    "Single Copy": false,
                    "Plans": [
                        {
                            "Node Type": "Aggregate",
                            "Strategy": "Plain",
                            "Partial Mode": "Partial",
                            "Parent Relationship": "Outer",
                            "Parallel Aware": false,
                            "Startup Cost": 181945.82,
                            "Total Cost": 181945.83,
                            "Plan Rows": 1,
                            "Plan Width": 8,
                            "Actual Startup Time": 1919.256,
                            "Actual Total Time": 1919.26,
                            "Actual Rows": 1,
                            "Actual Loops": 5,
                            "Output": [
                                "PARTIAL count(*)"
                            ],
                            "Workers": [
                                {
                                    "Worker Number": 0,
                                    "Actual Startup Time": 1916.423,
                                    "Actual Total Time": 1916.427,
                                    "Actual Rows": 1,
                                    "Actual Loops": 1
                                },
                                {
                                    "Worker Number": 1,
                                    "Actual Startup Time": 1916.693,
                                    "Actual Total Time": 1916.697,
                                    "Actual Rows": 1,
                                    "Actual Loops": 1
                                },
                                {
                                    "Worker Number": 2,
                                    "Actual Startup Time": 1917.016,
                                    "Actual Total Time": 1917.019,
                                    "Actual Rows": 1,
                                    "Actual Loops": 1
                                },
                                {
                                    "Worker Number": 3,
                                    "Actual Startup Time": 1917.28,
                                    "Actual Total Time": 1917.284,
                                    "Actual Rows": 1,
                                    "Actual Loops": 1
                                }
                            ],
                            "Plans": [
                                {
                                    "Node Type": "Nested Loop",
                                    "Parent Relationship": "Outer",
                                    "Parallel Aware": false,
                                    "Join Type": "Inner",
                                    "Startup Cost": 32731.0,
                                    "Total Cost": 181499.35,
                                    "Plan Rows": 178590,
                                    "Plan Width": 0,
                                    "Actual Startup Time": 107.641,
                                    "Actual Total Time": 1894.778,
                                    "Actual Rows": 308571,
                                    "Actual Loops": 5,
                                    "Inner Unique": false,
                                    "Workers": [
                                        {
                                            "Worker Number": 0,
                                            "Actual Startup Time": 105.039,
                                            "Actual Total Time": 1891.432,
                                            "Actual Rows": 279101,
                                            "Actual Loops": 1
                                        },
                                        {
                                            "Worker Number": 1,
                                            "Actual Startup Time": 105.17,
                                            "Actual Total Time": 1891.993,
                                            "Actual Rows": 274815,
                                            "Actual Loops": 1
                                        },
                                        {
                                            "Worker Number": 2,
                                            "Actual Startup Time": 105.628,
                                            "Actual Total Time": 1892.603,
                                            "Actual Rows": 273791,
                                            "Actual Loops": 1
                                        },
                                        {
                                            "Worker Number": 3,
                                            "Actual Startup Time": 105.747,
                                            "Actual Total Time": 1892.541,
                                            "Actual Rows": 275728,
                                            "Actual Loops": 1
                                        }
                                    ],
                                    "Plans": [
                                        {
                                            "Node Type": "Hash Join",
                                            "Parent Relationship": "Outer",
                                            "Parallel Aware": true,
                                            "Join Type": "Inner",
                                            "Startup Cost": 32730.43,
                                            "Total Cost": 78082.82,
                                            "Plan Rows": 34628,
                                            "Plan Width": 8,
                                            "Actual Startup Time": 107.431,
                                            "Actual Total Time": 315.981,
                                            "Actual Rows": 52124,
                                            "Actual Loops": 5,
                                            "Output": [
                                                "t.id",
                                                "mc.movie_id"
                                            ],
                                            "Inner Unique": false,
                                            "Hash Cond": "(t.id = mc.movie_id)",
                                            "Workers": [
                                                {
                                                    "Worker Number": 0,
                                                    "Actual Startup Time": 104.73,
                                                    "Actual Total Time": 307.969,
                                                    "Actual Rows": 46285,
                                                    "Actual Loops": 1
                                                },
                                                {
                                                    "Worker Number": 1,
                                                    "Actual Startup Time": 104.955,
                                                    "Actual Total Time": 309.152,
                                                    "Actual Rows": 45920,
                                                    "Actual Loops": 1
                                                },
                                                {
                                                    "Worker Number": 2,
                                                    "Actual Startup Time": 105.287,
                                                    "Actual Total Time": 310.368,
                                                    "Actual Rows": 46677,
                                                    "Actual Loops": 1
                                                },
                                                {
                                                    "Worker Number": 3,
                                                    "Actual Startup Time": 105.632,
                                                    "Actual Total Time": 311.379,
                                                    "Actual Rows": 46625,
                                                    "Actual Loops": 1
                                                }
                                            ],
                                            "Plans": [
                                                {
                                                    "Node Type": "Seq Scan",
                                                    "Parent Relationship": "Outer",
                                                    "Parallel Aware": true,
                                                    "Relation Name": "title",
                                                    "Schema": "public",
                                                    "Alias": "t",
                                                    "Startup Cost": 0.0,
                                                    "Total Cost": 43899.01,
                                                    "Plan Rows": 268336,
                                                    "Plan Width": 4,
                                                    "Actual Startup Time": 0.019,
                                                    "Actual Total Time": 89.495,
                                                    "Actual Rows": 214953,
                                                    "Actual Loops": 5,
                                                    "Output": [
                                                        "t.id",
                                                        "t.title",
                                                        "t.imdb_index",
                                                        "t.kind_id",
                                                        "t.production_year",
                                                        "t.imdb_id",
                                                        "t.phonetic_code",
                                                        "t.episode_of_id",
                                                        "t.season_nr",
                                                        "t.episode_nr",
                                                        "t.series_years",
                                                        "t.md5sum"
                                                    ],
                                                    "Filter": "(t.production_year < 2001)",
                                                    "Rows Removed by Filter": 290709,
                                                    "Workers": [
                                                        {
                                                            "Worker Number": 0,
                                                            "Actual Startup Time": 0.02,
                                                            "Actual Total Time": 90.659,
                                                            "Actual Rows": 192128,
                                                            "Actual Loops": 1
                                                        },
                                                        {
                                                            "Worker Number": 1,
                                                            "Actual Startup Time": 0.021,
                                                            "Actual Total Time": 91.302,
                                                            "Actual Rows": 191799,
                                                            "Actual Loops": 1
                                                        },
                                                        {
                                                            "Worker Number": 2,
                                                            "Actual Startup Time": 0.019,
                                                            "Actual Total Time": 91.261,
                                                            "Actual Rows": 192253,
                                                            "Actual Loops": 1
                                                        },
                                                        {
                                                            "Worker Number": 3,
                                                            "Actual Startup Time": 0.025,
                                                            "Actual Total Time": 91.839,
                                                            "Actual Rows": 194499,
                                                            "Actual Loops": 1
                                                        }
                                                    ]
                                                },
                                                {
                                                    "Node Type": "Hash",
                                                    "Parent Relationship": "Inner",
                                                    "Parallel Aware": true,
                                                    "Startup Cost": 31414.82,
                                                    "Total Cost": 31414.82,
                                                    "Plan Rows": 105249,
                                                    "Plan Width": 4,
                                                    "Actual Startup Time": 105.666,
                                                    "Actual Total Time": 105.667,
                                                    "Actual Rows": 95577,
                                                    "Actual Loops": 5,
                                                    "Output": [
                                                        "mc.movie_id"
                                                    ],
                                                    "Hash Buckets": 524288,
                                                    "Original Hash Buckets": 524288,
                                                    "Hash Batches": 1,
                                                    "Original Hash Batches": 1,
                                                    "Peak Memory Usage": 22848,
                                                    "Workers": [
                                                        {
                                                            "Worker Number": 0,
                                                            "Actual Startup Time": 104.186,
                                                            "Actual Total Time": 104.187,
                                                            "Actual Rows": 78228,
                                                            "Actual Loops": 1
                                                        },
                                                        {
                                                            "Worker Number": 1,
                                                            "Actual Startup Time": 104.42,
                                                            "Actual Total Time": 104.421,
                                                            "Actual Rows": 79150,
                                                            "Actual Loops": 1
                                                        },
                                                        {
                                                            "Worker Number": 2,
                                                            "Actual Startup Time": 104.747,
                                                            "Actual Total Time": 104.748,
                                                            "Actual Rows": 80949,
                                                            "Actual Loops": 1
                                                        },
                                                        {
                                                            "Worker Number": 3,
                                                            "Actual Startup Time": 105.009,
                                                            "Actual Total Time": 105.01,
                                                            "Actual Rows": 81801,
                                                            "Actual Loops": 1
                                                        }
                                                    ],
                                                    "Plans": [
                                                        {
                                                            "Node Type": "Seq Scan",
                                                            "Parent Relationship": "Outer",
                                                            "Parallel Aware": true,
                                                            "Relation Name": "movie_companies",
                                                            "Schema": "public",
                                                            "Alias": "mc",
                                                            "Startup Cost": 0.0,
                                                            "Total Cost": 31414.82,
                                                            "Plan Rows": 105249,
                                                            "Plan Width": 4,
                                                            "Actual Startup Time": 0.059,
                                                            "Actual Total Time": 71.734,
                                                            "Actual Rows": 95577,
                                                            "Actual Loops": 5,
                                                            "Output": [
                                                                "mc.movie_id"
                                                            ],
                                                            "Filter": "((mc.company_id < 1027) AND (mc.company_type_id = 1))",
                                                            "Rows Removed by Filter": 426249,
                                                            "Workers": [
                                                                {
                                                                    "Worker Number": 0,
                                                                    "Actual Startup Time": 0.063,
                                                                    "Actual Total Time": 71.611,
                                                                    "Actual Rows": 78228,
                                                                    "Actual Loops": 1
                                                                },
                                                                {
                                                                    "Worker Number": 1,
                                                                    "Actual Startup Time": 0.071,
                                                                    "Actual Total Time": 71.865,
                                                                    "Actual Rows": 79150,
                                                                    "Actual Loops": 1
                                                                },
                                                                {
                                                                    "Worker Number": 2,
                                                                    "Actual Startup Time": 0.077,
                                                                    "Actual Total Time": 72.2,
                                                                    "Actual Rows": 80949,
                                                                    "Actual Loops": 1
                                                                },
                                                                {
                                                                    "Worker Number": 3,
                                                                    "Actual Startup Time": 0.072,
                                                                    "Actual Total Time": 72.47,
                                                                    "Actual Rows": 81801,
                                                                    "Actual Loops": 1
                                                                }
                                                            ]
                                                        }
                                                    ]
                                                }
                                            ]
                                        },
                                        {
                                            "Node Type": "Index Scan",
                                            "Parent Relationship": "Inner",
                                            "Parallel Aware": false,
                                            "Scan Direction": "Forward",
                                            "Index Name": "movie_id_cast_info",
                                            "Relation Name": "cast_info",
                                            "Schema": "public",
                                            "Alias": "ci",
                                            "Startup Cost": 0.56,
                                            "Total Cost": 2.85,
                                            "Plan Rows": 14,
                                            "Plan Width": 4,
                                            "Actual Startup Time": 0.017,
                                            "Actual Total Time": 0.029,
                                            "Actual Rows": 6,
                                            "Actual Loops": 260619,
                                            "Output": [
                                                "ci.id",
                                                "ci.person_id",
                                                "ci.movie_id",
                                                "ci.person_role_id",
                                                "ci.note",
                                                "ci.nr_order",
                                                "ci.role_id"
                                            ],
                                            "Index Cond": "(ci.movie_id = t.id)",
                                            "Rows Removed by Index Recheck": 0,
                                            "Filter": "((ci.person_id < 2013493) AND (ci.role_id > 1))",
                                            "Rows Removed by Filter": 21,
                                            "Workers": [
                                                {
                                                    "Worker Number": 0,
                                                    "Actual Startup Time": 0.02,
                                                    "Actual Total Time": 0.033,
                                                    "Actual Rows": 6,
                                                    "Actual Loops": 46285
                                                },
                                                {
                                                    "Worker Number": 1,
                                                    "Actual Startup Time": 0.02,
                                                    "Actual Total Time": 0.033,
                                                    "Actual Rows": 6,
                                                    "Actual Loops": 45920
                                                },
                                                {
                                                    "Worker Number": 2,
                                                    "Actual Startup Time": 0.019,
                                                    "Actual Total Time": 0.033,
                                                    "Actual Rows": 6,
                                                    "Actual Loops": 46677
                                                },
                                                {
                                                    "Worker Number": 3,
                                                    "Actual Startup Time": 0.019,
                                                    "Actual Total Time": 0.033,
                                                    "Actual Rows": 6,
                                                    "Actual Loops": 46625
                                                }
                                            ]
                                        }
                                    ]
                                }
                            ]
                        }
                    ]
                }
            ]
        },
        "Planning Time": 206.538,
        "Triggers": [],
        "Execution Time": 1999.856
    }
]