[
  {
    "Plan": {
      "Node Type": "Aggregate",
      "Strategy": "Plain",
      "Partial Mode": "Finalize",
      "Parallel Aware": false,
      "Startup Cost": 31513.41,
      "Total Cost": 31513.42,
      "Plan Rows": 1,
      "Plan Width": 8,
      "Actual Startup Time": 104.857,
      "Actual Total Time": 111.787,
      "Actual Rows": 1,
      "Actual Loops": 1,
      "Plans": [
        {
          "Node Type": "Gather",
          "Parent Relationship": "Outer",
          "Parallel Aware": false,
          "Startup Cost": 31513.09,
          "Total Cost": 31513.4,
          "Plan Rows": 3,
          "Plan Width": 8,
          "Actual Startup Time": 104.721,
          "Actual Total Time": 111.777,
          "Actual Rows": 4,
          "Actual Loops": 1,
          "Workers Planned": 3,
          "Workers Launched": 3,
          "Single Copy": false,
          "Plans": [
            {
              "Node Type": "Aggregate",
              "Strategy": "Plain",
              "Partial Mode": "Partial",
              "Parent Relationship": "Outer",
              "Parallel Aware": false,
              "Startup Cost": 30513.09,
              "Total Cost": 30513.1,
              "Plan Rows": 1,
              "Plan Width": 8,
              "Actual Startup Time": 99.945,
              "Actual Total Time": 99.946,
              "Actual Rows": 1,
              "Actual Loops": 4,
              "Plans": [
                {
                  "Node Type": "Seq Scan",
                  "Parent Relationship": "Outer",
                  "Parallel Aware": true,
                  "Relation Name": "movie_companies",
                  "Alias": "mc",
                  "Startup Cost": 0.0,
                  "Total Cost": 29310.68,
                  "Plan Rows": 480963,
                  "Plan Width": 0,
                  "Actual Startup Time": 6.466,
                  "Actual Total Time": 80.802,
                  "Actual Rows": 371091,
                  "Actual Loops": 4,
                  "Filter": "(company_id > 8008)",
                  "Rows Removed by Filter": 281191
                }
              ]
            }
          ]
        }
      ]
    },
    "Planning Time": 0.105,
    "Triggers": [],
    "Execution Time": 111.821
  }
]