{
  "Plan": {
    "Node Type": "Aggregate",
    "Strategy": "Plain",
    "Partial Mode": "Simple",
    "Parallel Aware": false,
    "Startup Cost": 1727.22,
    "Total Cost": 1727.23,
    "Plan Rows": 1,
    "Plan Width": 8,
    "Actual Startup Time": 0.422,
    "Actual Total Time": 0.424,
    "Actual Rows": 1,
    "Actual Loops": 1,
    "Plans": [
      {
        "Node Type": "Nested Loop",
        "Parent Relationship": "Outer",
        "Parallel Aware": false,
        "Join Type": "Inner",
        "Startup Cost": 0.99,
        "Total Cost": 1727.02,
        "Plan Rows": 79,
        "Plan Width": 0,
        "Actual Startup Time": 0.264,
        "Actual Total Time": 0.414,
        "Actual Rows": 12,
        "Actual Loops": 1,
        "Inner Unique": true,
        "Plans": [
          {
            "Node Type": "Index Scan",
            "Parent Relationship": "Outer",
            "Parallel Aware": false,
            "Scan Direction": "Forward",
            "Index Name": "person_id_cast_info",
            "Relation Name": "cast_info",
            "Alias": "ci",
            "Startup Cost": 0.56,
            "Total Cost": 1059.67,
            "Plan Rows": 79,
            "Plan Width": 4,
            "Actual Startup Time": 0.24,
            "Actual Total Time": 0.253,
            "Actual Rows": 12,
            "Actual Loops": 1,
            "Index Cond": "(person_id = 91470)",
            "Rows Removed by Index Recheck": 0,
            "Filter": "(role_id > 8)",
            "Rows Removed by Filter": 26
          },
          {
            "Node Type": "Index Only Scan",
            "Parent Relationship": "Inner",
            "Parallel Aware": false,
            "Scan Direction": "Forward",
            "Index Name": "title_pkey",
            "Relation Name": "title",
            "Alias": "t",
            "Startup Cost": 0.43,
            "Total Cost": 8.45,
            "Plan Rows": 1,
            "Plan Width": 4,
            "Actual Startup Time": 0.012,
            "Actual Total Time": 0.012,
            "Actual Rows": 1,
            "Actual Loops": 12,
            "Index Cond": "(id = ci.movie_id)",
            "Rows Removed by Index Recheck": 0,
            "Heap Fetches": 12
          }
        ]
      }
    ]
  },
  "Planning Time": 0.65,
  "Triggers": [],
  "Execution Time": 0.481
}