[
  {
    "Plan": {
      "Node Type": "Aggregate",
      "Strategy": "Plain",
      "Partial Mode": "Finalize",
      "Parallel Aware": false,
      "Startup Cost": 23816.77,
      "Total Cost": 23816.78,
      "Plan Rows": 1,
      "Plan Width": 8,
      "Actual Startup Time": 49.28,
      "Actual Total Time": 54.908,
      "Actual Rows": 1,
      "Actual Loops": 1,
      "Plans": [
        {
          "Node Type": "Gather",
          "Parent Relationship": "Outer",
          "Parallel Aware": false,
          "Startup Cost": 23816.35,
          "Total Cost": 23816.76,
          "Plan Rows": 4,
          "Plan Width": 8,
          "Actual Startup Time": 49.116,
          "Actual Total Time": 54.897,
          "Actual Rows": 5,
          "Actual Loops": 1,
          "Workers Planned": 4,
          "Workers Launched": 4,
          "Single Copy": false,
          "Plans": [
            {
              "Node Type": "Aggregate",
              "Strategy": "Plain",
              "Partial Mode": "Partial",
              "Parent Relationship": "Outer",
              "Parallel Aware": false,
              "Startup Cost": 22816.35,
              "Total Cost": 22816.36,
              "Plan Rows": 1,
              "Plan Width": 8,
              "Actual Startup Time": 44.744,
              "Actual Total Time": 44.745,
              "Actual Rows": 1,
              "Actual Loops": 5,
              "Plans": [
                {
                  "Node Type": "Index Scan",
                  "Parent Relationship": "Outer",
                  "Parallel Aware": true,
                  "Scan Direction": "Forward",
                  "Index Name": "role_id_cast_info",
                  "Relation Name": "cast_info",
                  "Alias": "ci",
                  "Startup Cost": 0.56,
                  "Total Cost": 22393.76,
                  "Plan Rows": 169036,
                  "Plan Width": 0,
                  "Actual Startup Time": 0.056,
                  "Actual Total Time": 37.721,
                  "Actual Rows": 136067,
                  "Actual Loops": 5,
                  "Index Cond": "(role_id = 6)",
                  "Rows Removed by Index Recheck": 0,
                  "Filter": "(person_id > 569876)",
                  "Rows Removed by Filter": 18668
                }
              ]
            }
          ]
        }
      ]
    },
    "Planning Time": 0.152,
    "Triggers": [],
    "Execution Time": 54.959
  }
]