[
  {
    "Plan": {
      "Node Type": "Aggregate",
      "Strategy": "Plain",
      "Partial Mode": "Finalize",
      "Parallel Aware": false,
      "Startup Cost": 128473.91,
      "Total Cost": 128473.92,
      "Plan Rows": 1,
      "Plan Width": 8,
      "Actual Startup Time": 515.767,
      "Actual Total Time": 536.798,
      "Actual Rows": 1,
      "Actual Loops": 1,
      "Plans": [
        {
          "Node Type": "Gather",
          "Parent Relationship": "Outer",
          "Parallel Aware": false,
          "Startup Cost": 128473.6,
          "Total Cost": 128473.91,
          "Plan Rows": 3,
          "Plan Width": 8,
          "Actual Startup Time": 509.43,
          "Actual Total Time": 536.788,
          "Actual Rows": 4,
          "Actual Loops": 1,
          "Workers Planned": 3,
          "Workers Launched": 3,
          "Single Copy": false,
          "Plans": [
            {
              "Node Type": "Aggregate",
              "Strategy": "Plain",
              "Partial Mode": "Partial",
              "Parent Relationship": "Outer",
              "Parallel Aware": false,
              "Startup Cost": 127473.6,
              "Total Cost": 127473.61,
              "Plan Rows": 1,
              "Plan Width": 8,
              "Actual Startup Time": 500.276,
              "Actual Total Time": 500.463,
              "Actual Rows": 1,
              "Actual Loops": 4,
              "Plans": [
                {
                  "Node Type": "Hash Join",
                  "Parent Relationship": "Outer",
                  "Parallel Aware": true,
                  "Join Type": "Inner",
                  "Startup Cost": 83033.0,
                  "Total Cost": 127329.51,
                  "Plan Rows": 57634,
                  "Plan Width": 0,
                  "Actual Startup Time": 371.47,
                  "Actual Total Time": 499.698,
                  "Actual Rows": 16856,
                  "Actual Loops": 4,
                  "Inner Unique": false,
                  "Hash Cond": "(mk.movie_id = t.id)",
                  "Plans": [
                    {
                      "Node Type": "Seq Scan",
                      "Parent Relationship": "Outer",
                      "Parallel Aware": true,
                      "Relation Name": "movie_keyword",
                      "Alias": "mk",
                      "Startup Cost": 0.0,
                      "Total Cost": 42695.65,
                      "Plan Rows": 377319,
                      "Plan Width": 4,
                      "Actual Startup Time": 1.206,
                      "Actual Total Time": 97.682,
                      "Actual Rows": 293740,
                      "Actual Loops": 4,
                      "Filter": "(keyword_id > 15855)",
                      "Rows Removed by Filter": 837242
                    },
                    {
                      "Node Type": "Hash",
                      "Parent Relationship": "Inner",
                      "Parallel Aware": true,
                      "Startup Cost": 81475.82,
                      "Total Cost": 81475.82,
                      "Plan Rows": 124575,
                      "Plan Width": 8,
                      "Actual Startup Time": 366.734,
                      "Actual Total Time": 366.919,
                      "Actual Rows": 41582,
                      "Actual Loops": 4,
                      "Hash Buckets": 524288,
                      "Original Hash Buckets": 524288,
                      "Hash Batches": 1,
                      "Original Hash Batches": 1,
                      "Peak Memory Usage": 10656,
                      "Plans": [
                        {
                          "Node Type": "Hash Join",
                          "Parent Relationship": "Outer",
                          "Parallel Aware": true,
                          "Join Type": "Inner",
                          "Startup Cost": 49402.46,
                          "Total Cost": 81475.82,
                          "Plan Rows": 124575,
                          "Plan Width": 8,
                          "Actual Startup Time": 273.473,
                          "Actual Total Time": 352.857,
                          "Actual Rows": 41582,
                          "Actual Loops": 4,
                          "Inner Unique": true,
                          "Hash Cond": "(mc.movie_id = t.id)",
                          "Plans": [
                            {
                              "Node Type": "Seq Scan",
                              "Parent Relationship": "Outer",
                              "Parallel Aware": true,
                              "Relation Name": "movie_companies",
                              "Alias": "mc",
                              "Startup Cost": 0.0,
                              "Total Cost": 31414.82,
                              "Plan Rows": 250871,
                              "Plan Width": 4,
                              "Actual Startup Time": 33.537,
                              "Actual Total Time": 67.821,
                              "Actual Rows": 122025,
                              "Actual Loops": 4,
                              "Filter": "((company_id < 14300) AND (company_type_id > 1))",
                              "Rows Removed by Filter": 530257
                            },
                            {
                              "Node Type": "Hash",
                              "Parent Relationship": "Inner",
                              "Parallel Aware": true,
                              "Startup Cost": 45479.1,
                              "Total Cost": 45479.1,
                              "Plan Rows": 313869,
                              "Plan Width": 4,
                              "Actual Startup Time": 234.457,
                              "Actual Total Time": 234.459,
                              "Actual Rows": 305384,
                              "Actual Loops": 4,
                              "Hash Buckets": 2097152,
                              "Original Hash Buckets": 2097152,
                              "Hash Batches": 1,
                              "Original Hash Batches": 1,
                              "Peak Memory Usage": 64256,
                              "Plans": [
                                {
                                  "Node Type": "Seq Scan",
                                  "Parent Relationship": "Outer",
                                  "Parallel Aware": true,
                                  "Relation Name": "title",
                                  "Alias": "t",
                                  "Startup Cost": 0.0,
                                  "Total Cost": 45479.1,
                                  "Plan Rows": 313869,
                                  "Plan Width": 4,
                                  "Actual Startup Time": 0.049,
                                  "Actual Total Time": 110.877,
                                  "Actual Rows": 305384,
                                  "Actual Loops": 4,
                                  "Filter": "((production_year < 2011) AND (kind_id = 7))",
                                  "Rows Removed by Filter": 326694
                                }
                              ]
                            }
                          ]
                        }
                      ]
                    }
                  ]
                }
              ]
            }
          ]
        }
      ]
    },
    "Planning Time": 1.498,
    "Triggers": [],
    "Execution Time": 536.885
  }
]