[
  {
    "Plan": {
      "Node Type": "Aggregate",
      "Strategy": "Plain",
      "Partial Mode": "Finalize",
      "Parallel Aware": false,
      "Startup Cost": 46086.99,
      "Total Cost": 46087.0,
      "Plan Rows": 1,
      "Plan Width": 8,
      "Actual Startup Time": 154.906,
      "Actual Total Time": 164.244,
      "Actual Rows": 1,
      "Actual Loops": 1,
      "Plans": [
        {
          "Node Type": "Gather",
          "Parent Relationship": "Outer",
          "Parallel Aware": false,
          "Startup Cost": 46086.68,
          "Total Cost": 46086.99,
          "Plan Rows": 3,
          "Plan Width": 8,
          "Actual Startup Time": 154.73,
          "Actual Total Time": 164.234,
          "Actual Rows": 4,
          "Actual Loops": 1,
          "Workers Planned": 3,
          "Workers Launched": 3,
          "Single Copy": false,
          "Plans": [
            {
              "Node Type": "Aggregate",
              "Strategy": "Plain",
              "Partial Mode": "Partial",
              "Parent Relationship": "Outer",
              "Parallel Aware": false,
              "Startup Cost": 45086.68,
              "Total Cost": 45086.69,
              "Plan Rows": 1,
              "Plan Width": 8,
              "Actual Startup Time": 147.682,
              "Actual Total Time": 147.684,
              "Actual Rows": 1,
              "Actual Loops": 4,
              "Plans": [
                {
                  "Node Type": "Seq Scan",
                  "Parent Relationship": "Outer",
                  "Parallel Aware": true,
                  "Relation Name": "movie_keyword",
                  "Alias": "mk",
                  "Startup Cost": 0.0,
                  "Total Cost": 42695.65,
                  "Plan Rows": 956409,
                  "Plan Width": 0,
                  "Actual Startup Time": 0.05,
                  "Actual Total Time": 114.861,
                  "Actual Rows": 743864,
                  "Actual Loops": 4,
                  "Filter": "(keyword_id < 10194)",
                  "Rows Removed by Filter": 387119
                }
              ]
            }
          ]
        }
      ]
    },
    "Planning Time": 0.14,
    "Triggers": [],
    "Execution Time": 164.287
  }
]