[
  {
    "Plan": {
      "Node Type": "Aggregate",
      "Strategy": "Plain",
      "Partial Mode": "Finalize",
      "Parallel Aware": false,
      "Startup Cost": 109589.88,
      "Total Cost": 109589.89,
      "Plan Rows": 1,
      "Plan Width": 8,
      "Actual Startup Time": 718.233,
      "Actual Total Time": 736.569,
      "Actual Rows": 1,
      "Actual Loops": 1,
      "Plans": [
        {
          "Node Type": "Gather",
          "Parent Relationship": "Outer",
          "Parallel Aware": false,
          "Startup Cost": 109589.66,
          "Total Cost": 109589.87,
          "Plan Rows": 2,
          "Plan Width": 8,
          "Actual Startup Time": 712.613,
          "Actual Total Time": 736.561,
          "Actual Rows": 3,
          "Actual Loops": 1,
          "Workers Planned": 2,
          "Workers Launched": 2,
          "Single Copy": false,
          "Plans": [
            {
              "Node Type": "Aggregate",
              "Strategy": "Plain",
              "Partial Mode": "Partial",
              "Parent Relationship": "Outer",
              "Parallel Aware": false,
              "Startup Cost": 108589.66,
              "Total Cost": 108589.67,
              "Plan Rows": 1,
              "Plan Width": 8,
              "Actual Startup Time": 708.268,
              "Actual Total Time": 708.274,
              "Actual Rows": 1,
              "Actual Loops": 3,
              "Plans": [
                {
                  "Node Type": "Hash Join",
                  "Parent Relationship": "Outer",
                  "Parallel Aware": true,
                  "Join Type": "Inner",
                  "Startup Cost": 92210.49,
                  "Total Cost": 108354.88,
                  "Plan Rows": 93911,
                  "Plan Width": 0,
                  "Actual Startup Time": 528.882,
                  "Actual Total Time": 679.524,
                  "Actual Rows": 710099,
                  "Actual Loops": 3,
                  "Inner Unique": false,
                  "Hash Cond": "(mi_idx.movie_id = t.id)",
                  "Plans": [
                    {
                      "Node Type": "Seq Scan",
                      "Parent Relationship": "Outer",
                      "Parallel Aware": true,
                      "Relation Name": "movie_info_idx",
                      "Alias": "mi_idx",
                      "Startup Cost": 0.0,
                      "Total Cost": 13685.15,
                      "Plan Rows": 575015,
                      "Plan Width": 4,
                      "Actual Startup Time": 0.019,
                      "Actual Total Time": 37.401,
                      "Actual Rows": 460012,
                      "Actual Loops": 3
                    },
                    {
                      "Node Type": "Hash",
                      "Parent Relationship": "Inner",
                      "Parallel Aware": true,
                      "Startup Cost": 90545.4,
                      "Total Cost": 90545.4,
                      "Plan Rows": 133207,
                      "Plan Width": 8,
                      "Actual Startup Time": 526.071,
                      "Actual Total Time": 526.075,
                      "Actual Rows": 311476,
                      "Actual Loops": 3,
                      "Hash Buckets": 1048576,
                      "Original Hash Buckets": 524288,
                      "Hash Batches": 1,
                      "Original Hash Batches": 1,
                      "Peak Memory Usage": 48896,
                      "Plans": [
                        {
                          "Node Type": "Hash Join",
                          "Parent Relationship": "Outer",
                          "Parallel Aware": true,
                          "Join Type": "Inner",
                          "Startup Cost": 46941.6,
                          "Total Cost": 90545.4,
                          "Plan Rows": 133207,
                          "Plan Width": 8,
                          "Actual Startup Time": 225.051,
                          "Actual Total Time": 436.149,
                          "Actual Rows": 311476,
                          "Actual Loops": 3,
                          "Inner Unique": true,
                          "Hash Cond": "(mk.movie_id = t.id)",
                          "Plans": [
                            {
                              "Node Type": "Seq Scan",
                              "Parent Relationship": "Outer",
                              "Parallel Aware": true,
                              "Relation Name": "movie_keyword",
                              "Alias": "mk",
                              "Startup Cost": 0.0,
                              "Total Cost": 42695.65,
                              "Plan Rows": 345963,
                              "Plan Width": 4,
                              "Actual Startup Time": 0.031,
                              "Actual Total Time": 118.117,
                              "Actual Rows": 360698,
                              "Actual Loops": 3,
                              "Filter": "(keyword_id < 1091)",
                              "Rows Removed by Filter": 1147279
                            },
                            {
                              "Node Type": "Hash",
                              "Parent Relationship": "Inner",
                              "Parallel Aware": true,
                              "Startup Cost": 43899.32,
                              "Total Cost": 43899.32,
                              "Plan Rows": 243382,
                              "Plan Width": 4,
                              "Actual Startup Time": 221.386,
                              "Actual Total Time": 221.388,
                              "Actual Rows": 324149,
                              "Actual Loops": 3,
                              "Hash Buckets": 1048576,
                              "Original Hash Buckets": 1048576,
                              "Hash Batches": 1,
                              "Original Hash Batches": 1,
                              "Peak Memory Usage": 46272,
                              "Plans": [
                                {
                                  "Node Type": "Seq Scan",
                                  "Parent Relationship": "Outer",
                                  "Parallel Aware": true,
                                  "Relation Name": "title",
                                  "Alias": "t",
                                  "Startup Cost": 0.0,
                                  "Total Cost": 43899.32,
                                  "Plan Rows": 243382,
                                  "Plan Width": 4,
                                  "Actual Startup Time": 0.021,
                                  "Actual Total Time": 115.955,
                                  "Actual Rows": 324149,
                                  "Actual Loops": 3,
                                  "Filter": "(kind_id < 6)",
                                  "Rows Removed by Filter": 518621
                                }
                              ]
                            }
                          ]
                        }
                      ]
                    }
                  ]
                }
              ]
            }
          ]
        }
      ]
    },
    "Planning Time": 0.788,
    "Triggers": [],
    "Execution Time": 736.623
  }
]