[
  {
    "Plan": {
      "Node Type": "Aggregate",
      "Strategy": "Plain",
      "Partial Mode": "Finalize",
      "Parallel Aware": false,
      "Startup Cost": 32946.26,
      "Total Cost": 32946.27,
      "Plan Rows": 1,
      "Plan Width": 8,
      "Actual Startup Time": 95.775,
      "Actual Total Time": 103.131,
      "Actual Rows": 1,
      "Actual Loops": 1,
      "Plans": [
        {
          "Node Type": "Gather",
          "Parent Relationship": "Outer",
          "Parallel Aware": false,
          "Startup Cost": 32945.94,
          "Total Cost": 32946.25,
          "Plan Rows": 3,
          "Plan Width": 8,
          "Actual Startup Time": 95.634,
          "Actual Total Time": 103.11,
          "Actual Rows": 4,
          "Actual Loops": 1,
          "Workers Planned": 3,
          "Workers Launched": 3,
          "Single Copy": false,
          "Plans": [
            {
              "Node Type": "Aggregate",
              "Strategy": "Plain",
              "Partial Mode": "Partial",
              "Parent Relationship": "Outer",
              "Parallel Aware": false,
              "Startup Cost": 31945.94,
              "Total Cost": 31945.95,
              "Plan Rows": 1,
              "Plan Width": 8,
              "Actual Startup Time": 89.948,
              "Actual Total Time": 89.949,
              "Actual Rows": 1,
              "Actual Loops": 4,
              "Plans": [
                {
                  "Node Type": "Seq Scan",
                  "Parent Relationship": "Outer",
                  "Parallel Aware": true,
                  "Relation Name": "movie_companies",
                  "Alias": "mc",
                  "Startup Cost": 0.0,
                  "Total Cost": 31414.82,
                  "Plan Rows": 212450,
                  "Plan Width": 0,
                  "Actual Startup Time": 0.032,
                  "Actual Total Time": 77.893,
                  "Actual Rows": 228385,
                  "Actual Loops": 4,
                  "Filter": "((company_id < 11626) AND (company_type_id = 1))",
                  "Rows Removed by Filter": 423897
                }
              ]
            }
          ]
        }
      ]
    },
    "Planning Time": 0.23,
    "Triggers": [],
    "Execution Time": 103.189
  }
]