[
  {
    "Plan": {
      "Node Type": "Aggregate",
      "Strategy": "Plain",
      "Partial Mode": "Finalize",
      "Parallel Aware": false,
      "Startup Cost": 32888.01,
      "Total Cost": 32888.02,
      "Plan Rows": 1,
      "Plan Width": 8,
      "Actual Startup Time": 95.835,
      "Actual Total Time": 103.805,
      "Actual Rows": 1,
      "Actual Loops": 1,
      "Plans": [
        {
          "Node Type": "Gather",
          "Parent Relationship": "Outer",
          "Parallel Aware": false,
          "Startup Cost": 32887.69,
          "Total Cost": 32888.0,
          "Plan Rows": 3,
          "Plan Width": 8,
          "Actual Startup Time": 95.734,
          "Actual Total Time": 103.799,
          "Actual Rows": 4,
          "Actual Loops": 1,
          "Workers Planned": 3,
          "Workers Launched": 3,
          "Single Copy": false,
          "Plans": [
            {
              "Node Type": "Aggregate",
              "Strategy": "Plain",
              "Partial Mode": "Partial",
              "Parent Relationship": "Outer",
              "Parallel Aware": false,
              "Startup Cost": 31887.69,
              "Total Cost": 31887.7,
              "Plan Rows": 1,
              "Plan Width": 8,
              "Actual Startup Time": 89.331,
              "Actual Total Time": 89.332,
              "Actual Rows": 1,
              "Actual Loops": 4,
              "Plans": [
                {
                  "Node Type": "Seq Scan",
                  "Parent Relationship": "Outer",
                  "Parallel Aware": true,
                  "Relation Name": "movie_companies",
                  "Alias": "mc",
                  "Startup Cost": 0.0,
                  "Total Cost": 31414.82,
                  "Plan Rows": 189149,
                  "Plan Width": 0,
                  "Actual Startup Time": 46.972,
                  "Actual Total Time": 80.834,
                  "Actual Rows": 217204,
                  "Actual Loops": 4,
                  "Filter": "((company_id > 13015) AND (company_type_id = 2))",
                  "Rows Removed by Filter": 435079
                }
              ]
            }
          ]
        }
      ]
    },
    "Planning Time": 0.159,
    "Triggers": [],
    "Execution Time": 103.871
  }
]