[
  {
    "Plan": {
      "Node Type": "Aggregate",
      "Strategy": "Plain",
      "Partial Mode": "Finalize",
      "Parallel Aware": false,
      "Startup Cost": 31270.53,
      "Total Cost": 31270.54,
      "Plan Rows": 1,
      "Plan Width": 8,
      "Actual Startup Time": 102.008,
      "Actual Total Time": 110.09,
      "Actual Rows": 1,
      "Actual Loops": 1,
      "Plans": [
        {
          "Node Type": "Gather",
          "Parent Relationship": "Outer",
          "Parallel Aware": false,
          "Startup Cost": 31270.21,
          "Total Cost": 31270.52,
          "Plan Rows": 3,
          "Plan Width": 8,
          "Actual Startup Time": 101.874,
          "Actual Total Time": 110.081,
          "Actual Rows": 4,
          "Actual Loops": 1,
          "Workers Planned": 3,
          "Workers Launched": 3,
          "Single Copy": false,
          "Plans": [
            {
              "Node Type": "Aggregate",
              "Strategy": "Plain",
              "Partial Mode": "Partial",
              "Parent Relationship": "Outer",
              "Parallel Aware": false,
              "Startup Cost": 30270.21,
              "Total Cost": 30270.22,
              "Plan Rows": 1,
              "Plan Width": 8,
              "Actual Startup Time": 94.975,
              "Actual Total Time": 94.976,
              "Actual Rows": 1,
              "Actual Loops": 4,
              "Plans": [
                {
                  "Node Type": "Seq Scan",
                  "Parent Relationship": "Outer",
                  "Parallel Aware": true,
                  "Relation Name": "movie_companies",
                  "Alias": "mc",
                  "Startup Cost": 0.0,
                  "Total Cost": 29310.68,
                  "Plan Rows": 383812,
                  "Plan Width": 0,
                  "Actual Startup Time": 0.041,
                  "Actual Total Time": 77.765,
                  "Actual Rows": 296937,
                  "Actual Loops": 4,
                  "Filter": "(company_id < 10522)",
                  "Rows Removed by Filter": 355345
                }
              ]
            }
          ]
        }
      ]
    },
    "Planning Time": 0.2,
    "Triggers": [],
    "Execution Time": 110.148
  }
]