{
  "Plan": {
    "Node Type": "Aggregate",
    "Strategy": "Plain",
    "Partial Mode": "Finalize",
    "Parallel Aware": false,
    "Startup Cost": 129006.07,
    "Total Cost": 129006.08,
    "Plan Rows": 1,
    "Plan Width": 8,
    "Actual Startup Time": 2372.057,
    "Actual Total Time": 2430.318,
    "Actual Rows": 1,
    "Actual Loops": 1,
    "Plans": [
      {
        "Node Type": "Gather",
        "Parent Relationship": "Outer",
        "Parallel Aware": false,
        "Startup Cost": 129005.95,
        "Total Cost": 129006.06,
        "Plan Rows": 1,
        "Plan Width": 8,
        "Actual Startup Time": 2371.655,
        "Actual Total Time": 2430.31,
        "Actual Rows": 2,
        "Actual Loops": 1,
        "Workers Planned": 1,
        "Workers Launched": 1,
        "Single Copy": false,
        "Plans": [
          {
            "Node Type": "Aggregate",
            "Strategy": "Plain",
            "Partial Mode": "Partial",
            "Parent Relationship": "Outer",
            "Parallel Aware": false,
            "Startup Cost": 128005.95,
            "Total Cost": 128005.96,
            "Plan Rows": 1,
            "Plan Width": 8,
            "Actual Startup Time": 2365.155,
            "Actual Total Time": 2365.159,
            "Actual Rows": 1,
            "Actual Loops": 2,
            "Plans": [
              {
                "Node Type": "Nested Loop",
                "Parent Relationship": "Outer",
                "Parallel Aware": false,
                "Join Type": "Inner",
                "Startup Cost": 23083.33,
                "Total Cost": 127713.87,
                "Plan Rows": 116835,
                "Plan Width": 0,
                "Actual Startup Time": 155.636,
                "Actual Total Time": 2330.125,
                "Actual Rows": 754014,
                "Actual Loops": 2,
                "Inner Unique": false,
                "Plans": [
                  {
                    "Node Type": "Hash Join",
                    "Parent Relationship": "Outer",
                    "Parallel Aware": true,
                    "Join Type": "Inner",
                    "Startup Cost": 23082.76,
                    "Total Cost": 81402.82,
                    "Plan Rows": 14740,
                    "Plan Width": 8,
                    "Actual Startup Time": 155.515,
                    "Actual Total Time": 341.936,
                    "Actual Rows": 60654,
                    "Actual Loops": 2,
                    "Inner Unique": false,
                    "Hash Cond": "(t.id = mc.movie_id)",
                    "Plans": [
                      {
                        "Node Type": "Seq Scan",
                        "Parent Relationship": "Outer",
                        "Parallel Aware": true,
                        "Relation Name": "title",
                        "Alias": "t",
                        "Startup Cost": 0.0,
                        "Total Cost": 54588.39,
                        "Plan Rows": 583193,
                        "Plan Width": 4,
                        "Actual Startup Time": 0.01,
                        "Actual Total Time": 137.351,
                        "Actual Rows": 492524,
                        "Actual Loops": 2,
                        "Filter": "(kind_id < 7)",
                        "Rows Removed by Filter": 771632
                      },
                      {
                        "Node Type": "Hash",
                        "Parent Relationship": "Inner",
                        "Parallel Aware": true,
                        "Startup Cost": 22612.89,
                        "Total Cost": 22612.89,
                        "Plan Rows": 37590,
                        "Plan Width": 4,
                        "Actual Startup Time": 59.274,
                        "Actual Total Time": 59.276,
                        "Actual Rows": 60654,
                        "Actual Loops": 2,
                        "Hash Buckets": 131072,
                        "Original Hash Buckets": 65536,
                        "Hash Batches": 1,
                        "Original Hash Batches": 1,
                        "Peak Memory Usage": 6304,
                        "Plans": [
                          {
                            "Node Type": "Bitmap Heap Scan",
                            "Parent Relationship": "Outer",
                            "Parallel Aware": true,
                            "Relation Name": "movie_companies",
                            "Alias": "mc",
                            "Startup Cost": 2712.36,
                            "Total Cost": 22612.89,
                            "Plan Rows": 37590,
                            "Plan Width": 4,
                            "Actual Startup Time": 12.954,
                            "Actual Total Time": 38.834,
                            "Actual Rows": 60654,
                            "Actual Loops": 2,
                            "Recheck Cond": "(company_id > 145628)",
                            "Rows Removed by Index Recheck": 0,
                            "Filter": "(company_type_id > 1)",
                            "Rows Removed by Filter": 0,
                            "Exact Heap Blocks": 2448,
                            "Lossy Heap Blocks": 0,
                            "Plans": [
                              {
                                "Node Type": "Bitmap Index Scan",
                                "Parent Relationship": "Outer",
                                "Parallel Aware": false,
                                "Index Name": "company_id_movie_companies",
                                "Startup Cost": 0.0,
                                "Total Cost": 2696.38,
                                "Plan Rows": 125860,
                                "Plan Width": 0,
                                "Actual Startup Time": 16.459,
                                "Actual Total Time": 16.46,
                                "Actual Rows": 121309,
                                "Actual Loops": 1,
                                "Index Cond": "(company_id > 145628)"
                              }
                            ]
                          }
                        ]
                      }
                    ]
                  },
                  {
                    "Node Type": "Index Scan",
                    "Parent Relationship": "Inner",
                    "Parallel Aware": false,
                    "Scan Direction": "Forward",
                    "Index Name": "movie_id_cast_info",
                    "Relation Name": "cast_info",
                    "Alias": "ci",
                    "Startup Cost": 0.56,
                    "Total Cost": 2.94,
                    "Plan Rows": 20,
                    "Plan Width": 4,
                    "Actual Startup Time": 0.015,
                    "Actual Total Time": 0.032,
                    "Actual Rows": 12,
                    "Actual Loops": 121309,
                    "Index Cond": "(movie_id = t.id)",
                    "Rows Removed by Index Recheck": 0,
                    "Filter": "((person_id < 3105947) AND (role_id > 1))",
                    "Rows Removed by Filter": 14
                  }
                ]
              }
            ]
          }
        ]
      }
    ]
  },
  "Planning Time": 1.126,
  "Triggers": [],
  "Execution Time": 2430.468
}