[
  {
    "Plan": {
      "Node Type": "Aggregate",
      "Strategy": "Plain",
      "Partial Mode": "Finalize",
      "Parallel Aware": false,
      "Startup Cost": 31062.15,
      "Total Cost": 31062.16,
      "Plan Rows": 1,
      "Plan Width": 8,
      "Actual Startup Time": 53.649,
      "Actual Total Time": 60.557,
      "Actual Rows": 1,
      "Actual Loops": 1,
      "Plans": [
        {
          "Node Type": "Gather",
          "Parent Relationship": "Outer",
          "Parallel Aware": false,
          "Startup Cost": 31061.94,
          "Total Cost": 31062.15,
          "Plan Rows": 2,
          "Plan Width": 8,
          "Actual Startup Time": 53.471,
          "Actual Total Time": 60.55,
          "Actual Rows": 3,
          "Actual Loops": 1,
          "Workers Planned": 2,
          "Workers Launched": 2,
          "Single Copy": false,
          "Plans": [
            {
              "Node Type": "Aggregate",
              "Strategy": "Plain",
              "Partial Mode": "Partial",
              "Parent Relationship": "Outer",
              "Parallel Aware": false,
              "Startup Cost": 30061.94,
              "Total Cost": 30061.95,
              "Plan Rows": 1,
              "Plan Width": 8,
              "Actual Startup Time": 45.285,
              "Actual Total Time": 45.286,
              "Actual Rows": 1,
              "Actual Loops": 3,
              "Plans": [
                {
                  "Node Type": "Nested Loop",
                  "Parent Relationship": "Outer",
                  "Parallel Aware": false,
                  "Join Type": "Inner",
                  "Startup Cost": 172.99,
                  "Total Cost": 30054.53,
                  "Plan Rows": 2963,
                  "Plan Width": 0,
                  "Actual Startup Time": 8.682,
                  "Actual Total Time": 44.982,
                  "Actual Rows": 2753,
                  "Actual Loops": 3,
                  "Inner Unique": false,
                  "Plans": [
                    {
                      "Node Type": "Nested Loop",
                      "Parent Relationship": "Outer",
                      "Parallel Aware": false,
                      "Join Type": "Inner",
                      "Startup Cost": 172.56,
                      "Total Cost": 27169.4,
                      "Plan Rows": 1656,
                      "Plan Width": 8,
                      "Actual Startup Time": 8.461,
                      "Actual Total Time": 29.298,
                      "Actual Rows": 1563,
                      "Actual Loops": 3,
                      "Inner Unique": true,
                      "Plans": [
                        {
                          "Node Type": "Bitmap Heap Scan",
                          "Parent Relationship": "Outer",
                          "Parallel Aware": true,
                          "Relation Name": "movie_companies",
                          "Alias": "mc",
                          "Startup Cost": 172.13,
                          "Total Cost": 14722.16,
                          "Plan Rows": 1656,
                          "Plan Width": 4,
                          "Actual Startup Time": 8.323,
                          "Actual Total Time": 12.997,
                          "Actual Rows": 1563,
                          "Actual Loops": 3,
                          "Recheck Cond": "(company_id = 7851)",
                          "Rows Removed by Index Recheck": 0,
                          "Filter": "(company_type_id = 2)",
                          "Rows Removed by Filter": 821,
                          "Exact Heap Blocks": 2960,
                          "Lossy Heap Blocks": 0,
                          "Plans": [
                            {
                              "Node Type": "Bitmap Index Scan",
                              "Parent Relationship": "Outer",
                              "Parallel Aware": false,
                              "Index Name": "company_id_movie_companies",
                              "Startup Cost": 0.0,
                              "Total Cost": 171.13,
                              "Plan Rows": 7827,
                              "Plan Width": 0,
                              "Actual Startup Time": 8.346,
                              "Actual Total Time": 8.346,
                              "Actual Rows": 7151,
                              "Actual Loops": 1,
                              "Index Cond": "(company_id = 7851)"
                            }
                          ]
                        },
                        {
                          "Node Type": "Index Only Scan",
                          "Parent Relationship": "Inner",
                          "Parallel Aware": false,
                          "Scan Direction": "Forward",
                          "Index Name": "title_pkey",
                          "Relation Name": "title",
                          "Alias": "t",
                          "Startup Cost": 0.43,
                          "Total Cost": 7.52,
                          "Plan Rows": 1,
                          "Plan Width": 4,
                          "Actual Startup Time": 0.01,
                          "Actual Total Time": 0.01,
                          "Actual Rows": 1,
                          "Actual Loops": 4689,
                          "Index Cond": "(id = mc.movie_id)",
                          "Rows Removed by Index Recheck": 0,
                          "Heap Fetches": 4689
                        }
                      ]
                    },
                    {
                      "Node Type": "Index Only Scan",
                      "Parent Relationship": "Inner",
                      "Parallel Aware": false,
                      "Scan Direction": "Forward",
                      "Index Name": "movie_id_movie_keyword",
                      "Relation Name": "movie_keyword",
                      "Alias": "mk",
                      "Startup Cost": 0.43,
                      "Total Cost": 1.29,
                      "Plan Rows": 45,
                      "Plan Width": 4,
                      "Actual Startup Time": 0.009,
                      "Actual Total Time": 0.009,
                      "Actual Rows": 2,
                      "Actual Loops": 4689,
                      "Index Cond": "(movie_id = t.id)",
                      "Rows Removed by Index Recheck": 0,
                      "Heap Fetches": 8260
                    }
                  ]
                }
              ]
            }
          ]
        }
      ]
    },
    "Planning Time": 1.415,
    "Triggers": [],
    "Execution Time": 60.663
  }
]