{
  "Plan": {
    "Node Type": "Aggregate",
    "Strategy": "Plain",
    "Partial Mode": "Finalize",
    "Parallel Aware": false,
    "Startup Cost": 78946.89,
    "Total Cost": 78946.9,
    "Plan Rows": 1,
    "Plan Width": 8,
    "Actual Startup Time": 238.44,
    "Actual Total Time": 250.408,
    "Actual Rows": 1,
    "Actual Loops": 1,
    "Plans": [
      {
        "Node Type": "Gather",
        "Parent Relationship": "Outer",
        "Parallel Aware": false,
        "Startup Cost": 78946.78,
        "Total Cost": 78946.89,
        "Plan Rows": 1,
        "Plan Width": 8,
        "Actual Startup Time": 238.267,
        "Actual Total Time": 250.402,
        "Actual Rows": 2,
        "Actual Loops": 1,
        "Workers Planned": 1,
        "Workers Launched": 1,
        "Single Copy": false,
        "Plans": [
          {
            "Node Type": "Aggregate",
            "Strategy": "Plain",
            "Partial Mode": "Partial",
            "Parent Relationship": "Outer",
            "Parallel Aware": false,
            "Startup Cost": 77946.78,
            "Total Cost": 77946.79,
            "Plan Rows": 1,
            "Plan Width": 8,
            "Actual Startup Time": 232.303,
            "Actual Total Time": 232.306,
            "Actual Rows": 1,
            "Actual Loops": 2,
            "Plans": [
              {
                "Node Type": "Hash Join",
                "Parent Relationship": "Outer",
                "Parallel Aware": true,
                "Join Type": "Inner",
                "Startup Cost": 59117.53,
                "Total Cost": 77916.98,
                "Plan Rows": 11919,
                "Plan Width": 0,
                "Actual Startup Time": 157.183,
                "Actual Total Time": 232.294,
                "Actual Rows": 16,
                "Actual Loops": 2,
                "Inner Unique": true,
                "Hash Cond": "(mi_idx.movie_id = t.id)",
                "Plans": [
                  {
                    "Node Type": "Seq Scan",
                    "Parent Relationship": "Outer",
                    "Parallel Aware": true,
                    "Relation Name": "movie_info_idx",
                    "Alias": "mi_idx",
                    "Startup Cost": 0.0,
                    "Total Cost": 18082.32,
                    "Plan Rows": 273193,
                    "Plan Width": 4,
                    "Actual Startup Time": 0.021,
                    "Actual Total Time": 58.065,
                    "Actual Rows": 229962,
                    "Actual Loops": 2,
                    "Filter": "(info_type_id = 100)",
                    "Rows Removed by Filter": 460055
                  },
                  {
                    "Node Type": "Hash",
                    "Parent Relationship": "Inner",
                    "Parallel Aware": true,
                    "Startup Cost": 58306.47,
                    "Total Cost": 58306.47,
                    "Plan Rows": 64885,
                    "Plan Width": 4,
                    "Actual Startup Time": 152.207,
                    "Actual Total Time": 152.208,
                    "Actual Rows": 188,
                    "Actual Loops": 2,
                    "Hash Buckets": 131072,
                    "Original Hash Buckets": 131072,
                    "Hash Batches": 1,
                    "Original Hash Batches": 1,
                    "Peak Memory Usage": 1088,
                    "Plans": [
                      {
                        "Node Type": "Seq Scan",
                        "Parent Relationship": "Outer",
                        "Parallel Aware": true,
                        "Relation Name": "title",
                        "Alias": "t",
                        "Startup Cost": 0.0,
                        "Total Cost": 58306.47,
                        "Plan Rows": 64885,
                        "Plan Width": 4,
                        "Actual Startup Time": 5.736,
                        "Actual Total Time": 151.886,
                        "Actual Rows": 188,
                        "Actual Loops": 2,
                        "Filter": "((kind_id > 1) AND (production_year < 1945))",
                        "Rows Removed by Filter": 1263968
                      }
                    ]
                  }
                ]
              }
            ]
          }
        ]
      }
    ]
  },
  "Planning Time": 0.5,
  "Triggers": [],
  "Execution Time": 250.482
}