{
  "Plan": {
    "Node Type": "Aggregate",
    "Strategy": "Plain",
    "Partial Mode": "Finalize",
    "Parallel Aware": false,
    "Startup Cost": 148700.68,
    "Total Cost": 148700.69,
    "Plan Rows": 1,
    "Plan Width": 8,
    "Actual Startup Time": 754.326,
    "Actual Total Time": 769.956,
    "Actual Rows": 1,
    "Actual Loops": 1,
    "Plans": [
      {
        "Node Type": "Gather",
        "Parent Relationship": "Outer",
        "Parallel Aware": false,
        "Startup Cost": 148700.57,
        "Total Cost": 148700.68,
        "Plan Rows": 1,
        "Plan Width": 8,
        "Actual Startup Time": 752.025,
        "Actual Total Time": 769.948,
        "Actual Rows": 2,
        "Actual Loops": 1,
        "Workers Planned": 1,
        "Workers Launched": 1,
        "Single Copy": false,
        "Plans": [
          {
            "Node Type": "Aggregate",
            "Strategy": "Plain",
            "Partial Mode": "Partial",
            "Parent Relationship": "Outer",
            "Parallel Aware": false,
            "Startup Cost": 147700.57,
            "Total Cost": 147700.58,
            "Plan Rows": 1,
            "Plan Width": 8,
            "Actual Startup Time": 746.317,
            "Actual Total Time": 746.61,
            "Actual Rows": 1,
            "Actual Loops": 2,
            "Plans": [
              {
                "Node Type": "Hash Join",
                "Parent Relationship": "Outer",
                "Parallel Aware": true,
                "Join Type": "Inner",
                "Startup Cost": 126350.07,
                "Total Cost": 147330.49,
                "Plan Rows": 148031,
                "Plan Width": 0,
                "Actual Startup Time": 612.476,
                "Actual Total Time": 734.773,
                "Actual Rows": 274731,
                "Actual Loops": 2,
                "Inner Unique": false,
                "Hash Cond": "(mi_idx.movie_id = t.id)",
                "Plans": [
                  {
                    "Node Type": "Seq Scan",
                    "Parent Relationship": "Outer",
                    "Parallel Aware": true,
                    "Relation Name": "movie_info_idx",
                    "Alias": "mi_idx",
                    "Startup Cost": 0.0,
                    "Total Cost": 18082.32,
                    "Plan Rows": 540622,
                    "Plan Width": 4,
                    "Actual Startup Time": 0.018,
                    "Actual Total Time": 55.313,
                    "Actual Rows": 459925,
                    "Actual Loops": 2,
                    "Filter": "(info_type_id < 101)",
                    "Rows Removed by Filter": 230092
                  },
                  {
                    "Node Type": "Hash",
                    "Parent Relationship": "Inner",
                    "Parallel Aware": true,
                    "Startup Cost": 121259.71,
                    "Total Cost": 121259.71,
                    "Plan Rows": 407229,
                    "Plan Width": 8,
                    "Actual Startup Time": 602.688,
                    "Actual Total Time": 602.98,
                    "Actual Rows": 202562,
                    "Actual Loops": 2,
                    "Hash Buckets": 1048576,
                    "Original Hash Buckets": 1048576,
                    "Hash Batches": 1,
                    "Original Hash Batches": 1,
                    "Peak Memory Usage": 24064,
                    "Plans": [
                      {
                        "Node Type": "Hash Join",
                        "Parent Relationship": "Outer",
                        "Parallel Aware": true,
                        "Join Type": "Inner",
                        "Startup Cost": 59473.49,
                        "Total Cost": 121259.71,
                        "Plan Rows": 407229,
                        "Plan Width": 8,
                        "Actual Startup Time": 241.183,
                        "Actual Total Time": 561.74,
                        "Actual Rows": 202562,
                        "Actual Loops": 2,
                        "Inner Unique": true,
                        "Hash Cond": "(mk.movie_id = t.id)",
                        "Plans": [
                          {
                            "Node Type": "Seq Scan",
                            "Parent Relationship": "Outer",
                            "Parallel Aware": true,
                            "Relation Name": "movie_keyword",
                            "Alias": "mk",
                            "Startup Cost": 0.0,
                            "Total Cost": 57718.19,
                            "Plan Rows": 1549720,
                            "Plan Width": 4,
                            "Actual Startup Time": 0.293,
                            "Actual Total Time": 186.401,
                            "Actual Rows": 1313258,
                            "Actual Loops": 2,
                            "Filter": "(keyword_id > 3244)",
                            "Rows Removed by Filter": 948708
                          },
                          {
                            "Node Type": "Hash",
                            "Parent Relationship": "Inner",
                            "Parallel Aware": true,
                            "Startup Cost": 54588.39,
                            "Total Cost": 54588.39,
                            "Plan Rows": 390808,
                            "Plan Width": 4,
                            "Actual Startup Time": 235.607,
                            "Actual Total Time": 235.608,
                            "Actual Rows": 331032,
                            "Actual Loops": 2,
                            "Hash Buckets": 1048576,
                            "Original Hash Buckets": 1048576,
                            "Hash Batches": 1,
                            "Original Hash Batches": 1,
                            "Peak Memory Usage": 34112,
                            "Plans": [
                              {
                                "Node Type": "Seq Scan",
                                "Parent Relationship": "Outer",
                                "Parallel Aware": true,
                                "Relation Name": "title",
                                "Alias": "t",
                                "Startup Cost": 0.0,
                                "Total Cost": 54588.39,
                                "Plan Rows": 390808,
                                "Plan Width": 4,
                                "Actual Startup Time": 0.034,
                                "Actual Total Time": 143.568,
                                "Actual Rows": 331032,
                                "Actual Loops": 2,
                                "Filter": "(production_year > 2008)",
                                "Rows Removed by Filter": 933124
                              }
                            ]
                          }
                        ]
                      }
                    ]
                  }
                ]
              }
            ]
          }
        ]
      }
    ]
  },
  "Planning Time": 0.96,
  "Triggers": [],
  "Execution Time": 770.038
}