[
  {
    "Plan": {
      "Node Type": "Aggregate",
      "Strategy": "Plain",
      "Partial Mode": "Simple",
      "Parallel Aware": false,
      "Startup Cost": 27527.06,
      "Total Cost": 27527.07,
      "Plan Rows": 1,
      "Plan Width": 8,
      "Actual Startup Time": 47.028,
      "Actual Total Time": 47.029,
      "Actual Rows": 1,
      "Actual Loops": 1,
      "Plans": [
        {
          "Node Type": "Bitmap Heap Scan",
          "Parent Relationship": "Outer",
          "Parallel Aware": false,
          "Relation Name": "movie_keyword",
          "Alias": "mk",
          "Startup Cost": 1801.44,
          "Total Cost": 27315.13,
          "Plan Rows": 84775,
          "Plan Width": 0,
          "Actual Startup Time": 8.601,
          "Actual Total Time": 43.431,
          "Actual Rows": 90016,
          "Actual Loops": 1,
          "Recheck Cond": "(keyword_id < 77)",
          "Rows Removed by Index Recheck": 0,
          "Exact Heap Blocks": 20977,
          "Lossy Heap Blocks": 0,
          "Plans": [
            {
              "Node Type": "Bitmap Index Scan",
              "Parent Relationship": "Outer",
              "Parallel Aware": false,
              "Index Name": "keyword_id_movie_keyword",
              "Startup Cost": 0.0,
              "Total Cost": 1780.24,
              "Plan Rows": 84775,
              "Plan Width": 0,
              "Actual Startup Time": 6.085,
              "Actual Total Time": 6.085,
              "Actual Rows": 90016,
              "Actual Loops": 1,
              "Index Cond": "(keyword_id < 77)"
            }
          ]
        }
      ]
    },
    "Planning Time": 0.195,
    "Triggers": [],
    "Execution Time": 47.09
  }
]