[
  {
    "Plan": {
      "Node Type": "Aggregate",
      "Strategy": "Plain",
      "Partial Mode": "Finalize",
      "Parallel Aware": false,
      "Startup Cost": 44386.2,
      "Total Cost": 44386.21,
      "Plan Rows": 1,
      "Plan Width": 8,
      "Actual Startup Time": 128.313,
      "Actual Total Time": 137.736,
      "Actual Rows": 1,
      "Actual Loops": 1,
      "Plans": [
        {
          "Node Type": "Gather",
          "Parent Relationship": "Outer",
          "Parallel Aware": false,
          "Startup Cost": 44385.88,
          "Total Cost": 44386.19,
          "Plan Rows": 3,
          "Plan Width": 8,
          "Actual Startup Time": 128.156,
          "Actual Total Time": 137.727,
          "Actual Rows": 4,
          "Actual Loops": 1,
          "Workers Planned": 3,
          "Workers Launched": 3,
          "Single Copy": false,
          "Plans": [
            {
              "Node Type": "Aggregate",
              "Strategy": "Plain",
              "Partial Mode": "Partial",
              "Parent Relationship": "Outer",
              "Parallel Aware": false,
              "Startup Cost": 43385.88,
              "Total Cost": 43385.89,
              "Plan Rows": 1,
              "Plan Width": 8,
              "Actual Startup Time": 121.494,
              "Actual Total Time": 121.495,
              "Actual Rows": 1,
              "Actual Loops": 4,
              "Plans": [
                {
                  "Node Type": "Seq Scan",
                  "Parent Relationship": "Outer",
                  "Parallel Aware": true,
                  "Relation Name": "movie_keyword",
                  "Alias": "mk",
                  "Startup Cost": 0.0,
                  "Total Cost": 42695.65,
                  "Plan Rows": 276090,
                  "Plan Width": 0,
                  "Actual Startup Time": 0.152,
                  "Actual Total Time": 109.845,
                  "Actual Rows": 213290,
                  "Actual Loops": 4,
                  "Filter": "(keyword_id < 814)",
                  "Rows Removed by Filter": 917693
                }
              ]
            }
          ]
        }
      ]
    },
    "Planning Time": 0.1,
    "Triggers": [],
    "Execution Time": 137.771
  }
]