[
  {
    "Plan": {
      "Node Type": "Aggregate",
      "Strategy": "Plain",
      "Partial Mode": "Finalize",
      "Parallel Aware": false,
      "Startup Cost": 375887.33,
      "Total Cost": 375887.34,
      "Plan Rows": 1,
      "Plan Width": 8,
      "Actual Startup Time": 1157.896,
      "Actual Total Time": 1210.414,
      "Actual Rows": 1,
      "Actual Loops": 1,
      "Plans": [
        {
          "Node Type": "Gather",
          "Parent Relationship": "Outer",
          "Parallel Aware": false,
          "Startup Cost": 375886.8,
          "Total Cost": 375887.31,
          "Plan Rows": 5,
          "Plan Width": 8,
          "Actual Startup Time": 1135.255,
          "Actual Total Time": 1210.399,
          "Actual Rows": 6,
          "Actual Loops": 1,
          "Workers Planned": 5,
          "Workers Launched": 5,
          "Single Copy": false,
          "Plans": [
            {
              "Node Type": "Aggregate",
              "Strategy": "Plain",
              "Partial Mode": "Partial",
              "Parent Relationship": "Outer",
              "Parallel Aware": false,
              "Startup Cost": 374886.8,
              "Total Cost": 374886.81,
              "Plan Rows": 1,
              "Plan Width": 8,
              "Actual Startup Time": 1120.667,
              "Actual Total Time": 1120.852,
              "Actual Rows": 1,
              "Actual Loops": 6,
              "Plans": [
                {
                  "Node Type": "Hash Join",
                  "Parent Relationship": "Outer",
                  "Parallel Aware": true,
                  "Join Type": "Inner",
                  "Startup Cost": 253425.51,
                  "Total Cost": 373602.0,
                  "Plan Rows": 513920,
                  "Plan Width": 0,
                  "Actual Startup Time": 762.785,
                  "Actual Total Time": 1103.04,
                  "Actual Rows": 396338,
                  "Actual Loops": 6,
                  "Inner Unique": false,
                  "Hash Cond": "(ci.movie_id = t.id)",
                  "Plans": [
                    {
                      "Node Type": "Index Scan",
                      "Parent Relationship": "Outer",
                      "Parallel Aware": true,
                      "Scan Direction": "Forward",
                      "Index Name": "role_id_cast_info",
                      "Relation Name": "cast_info",
                      "Alias": "ci",
                      "Startup Cost": 0.56,
                      "Total Cost": 115902.88,
                      "Plan Rows": 865691,
                      "Plan Width": 4,
                      "Actual Startup Time": 0.218,
                      "Actual Total Time": 135.17,
                      "Actual Rows": 720503,
                      "Actual Loops": 6,
                      "Index Cond": "(role_id = 10)",
                      "Rows Removed by Index Recheck": 0
                    },
                    {
                      "Node Type": "Hash",
                      "Parent Relationship": "Inner",
                      "Parallel Aware": true,
                      "Startup Cost": 249672.43,
                      "Total Cost": 249672.43,
                      "Plan Rows": 300201,
                      "Plan Width": 8,
                      "Actual Startup Time": 756.95,
                      "Actual Total Time": 757.133,
                      "Actual Rows": 147358,
                      "Actual Loops": 6,
                      "Hash Buckets": 2097152,
                      "Original Hash Buckets": 2097152,
                      "Hash Batches": 1,
                      "Original Hash Batches": 1,
                      "Peak Memory Usage": 51040,
                      "Plans": [
                        {
                          "Node Type": "Hash Join",
                          "Parent Relationship": "Outer",
                          "Parallel Aware": true,
                          "Join Type": "Inner",
                          "Startup Cost": 49440.52,
                          "Total Cost": 249672.43,
                          "Plan Rows": 300201,
                          "Plan Width": 8,
                          "Actual Startup Time": 252.48,
                          "Actual Total Time": 685.017,
                          "Actual Rows": 147358,
                          "Actual Loops": 6,
                          "Inner Unique": true,
                          "Hash Cond": "(mi.movie_id = t.id)",
                          "Plans": [
                            {
                              "Node Type": "Seq Scan",
                              "Parent Relationship": "Outer",
                              "Parallel Aware": true,
                              "Relation Name": "movie_info",
                              "Alias": "mi",
                              "Startup Cost": 0.0,
                              "Total Cost": 199108.24,
                              "Plan Rows": 428064,
                              "Plan Width": 4,
                              "Actual Startup Time": 31.106,
                              "Actual Total Time": 328.989,
                              "Actual Rows": 348511,
                              "Actual Loops": 6,
                              "Filter": "(info_type_id < 3)",
                              "Rows Removed by Filter": 2124109
                            },
                            {
                              "Node Type": "Hash",
                              "Parent Relationship": "Inner",
                              "Parallel Aware": true,
                              "Startup Cost": 43899.32,
                              "Total Cost": 43899.32,
                              "Plan Rows": 443296,
                              "Plan Width": 4,
                              "Actual Startup Time": 218.717,
                              "Actual Total Time": 218.719,
                              "Actual Rows": 295772,
                              "Actual Loops": 6,
                              "Hash Buckets": 2097152,
                              "Original Hash Buckets": 2097152,
                              "Hash Batches": 1,
                              "Original Hash Batches": 1,
                              "Peak Memory Usage": 85952,
                              "Plans": [
                                {
                                  "Node Type": "Seq Scan",
                                  "Parent Relationship": "Outer",
                                  "Parallel Aware": true,
                                  "Relation Name": "title",
                                  "Alias": "t",
                                  "Startup Cost": 0.0,
                                  "Total Cost": 43899.32,
                                  "Plan Rows": 443296,
                                  "Plan Width": 4,
                                  "Actual Startup Time": 0.06,
                                  "Actual Total Time": 89.831,
                                  "Actual Rows": 295772,
                                  "Actual Loops": 6,
                                  "Filter": "(kind_id > 2)",
                                  "Rows Removed by Filter": 125613
                                }
                              ]
                            }
                          ]
                        }
                      ]
                    }
                  ]
                }
              ]
            }
          ]
        }
      ]
    },
    "Planning Time": 1.49,
    "Triggers": [],
    "Execution Time": 1210.53
  }
]