[
  {
    "Plan": {
      "Node Type": "Aggregate",
      "Strategy": "Plain",
      "Partial Mode": "Finalize",
      "Parallel Aware": false,
      "Startup Cost": 249038.09,
      "Total Cost": 249038.1,
      "Plan Rows": 1,
      "Plan Width": 8,
      "Actual Startup Time": 525.99,
      "Actual Total Time": 553.875,
      "Actual Rows": 1,
      "Actual Loops": 1,
      "Plans": [
        {
          "Node Type": "Gather",
          "Parent Relationship": "Outer",
          "Parallel Aware": false,
          "Startup Cost": 249037.57,
          "Total Cost": 249038.08,
          "Plan Rows": 5,
          "Plan Width": 8,
          "Actual Startup Time": 524.152,
          "Actual Total Time": 553.869,
          "Actual Rows": 6,
          "Actual Loops": 1,
          "Workers Planned": 5,
          "Workers Launched": 5,
          "Single Copy": false,
          "Plans": [
            {
              "Node Type": "Aggregate",
              "Strategy": "Plain",
              "Partial Mode": "Partial",
              "Parent Relationship": "Outer",
              "Parallel Aware": false,
              "Startup Cost": 248037.57,
              "Total Cost": 248037.58,
              "Plan Rows": 1,
              "Plan Width": 8,
              "Actual Startup Time": 519.031,
              "Actual Total Time": 519.034,
              "Actual Rows": 1,
              "Actual Loops": 6,
              "Plans": [
                {
                  "Node Type": "Hash Join",
                  "Parent Relationship": "Outer",
                  "Parallel Aware": true,
                  "Join Type": "Inner",
                  "Startup Cost": 44791.86,
                  "Total Cost": 247613.45,
                  "Plan Rows": 169650,
                  "Plan Width": 0,
                  "Actual Startup Time": 91.275,
                  "Actual Total Time": 511.435,
                  "Actual Rows": 163685,
                  "Actual Loops": 6,
                  "Inner Unique": true,
                  "Hash Cond": "(mi.movie_id = t.id)",
                  "Plans": [
                    {
                      "Node Type": "Seq Scan",
                      "Parent Relationship": "Outer",
                      "Parallel Aware": true,
                      "Relation Name": "movie_info",
                      "Alias": "mi",
                      "Startup Cost": 0.0,
                      "Total Cost": 198880.74,
                      "Plan Rows": 1501273,
                      "Plan Width": 4,
                      "Actual Startup Time": 14.003,
                      "Actual Total Time": 284.335,
                      "Actual Rows": 1258142,
                      "Actual Loops": 6,
                      "Filter": "(info_type_id > 7)",
                      "Rows Removed by Filter": 1214478
                    },
                    {
                      "Node Type": "Hash",
                      "Parent Relationship": "Inner",
                      "Parallel Aware": true,
                      "Startup Cost": 43899.01,
                      "Total Cost": 43899.01,
                      "Plan Rows": 71428,
                      "Plan Width": 4,
                      "Actual Startup Time": 75.928,
                      "Actual Total Time": 75.929,
                      "Actual Rows": 47509,
                      "Actual Loops": 6,
                      "Hash Buckets": 524288,
                      "Original Hash Buckets": 524288,
                      "Hash Batches": 1,
                      "Original Hash Batches": 1,
                      "Peak Memory Usage": 15360,
                      "Plans": [
                        {
                          "Node Type": "Seq Scan",
                          "Parent Relationship": "Outer",
                          "Parallel Aware": true,
                          "Relation Name": "title",
                          "Alias": "t",
                          "Startup Cost": 0.0,
                          "Total Cost": 43899.01,
                          "Plan Rows": 71428,
                          "Plan Width": 4,
                          "Actual Startup Time": 0.03,
                          "Actual Total Time": 59.571,
                          "Actual Rows": 47509,
                          "Actual Loops": 6,
                          "Filter": "(production_year < 1964)",
                          "Rows Removed by Filter": 373876
                        }
                      ]
                    }
                  ]
                }
              ]
            }
          ]
        }
      ]
    },
    "Planning Time": 0.201,
    "Triggers": [],
    "Execution Time": 553.909
  }
]