{
  "Plan": {
    "Node Type": "Aggregate",
    "Strategy": "Plain",
    "Partial Mode": "Finalize",
    "Parallel Aware": false,
    "Startup Cost": 447730.81,
    "Total Cost": 447730.82,
    "Plan Rows": 1,
    "Plan Width": 8,
    "Actual Startup Time": 2672.622,
    "Actual Total Time": 2700.1,
    "Actual Rows": 1,
    "Actual Loops": 1,
    "Plans": [
      {
        "Node Type": "Gather",
        "Parent Relationship": "Outer",
        "Parallel Aware": false,
        "Startup Cost": 447730.7,
        "Total Cost": 447730.81,
        "Plan Rows": 1,
        "Plan Width": 8,
        "Actual Startup Time": 2667.409,
        "Actual Total Time": 2700.094,
        "Actual Rows": 2,
        "Actual Loops": 1,
        "Workers Planned": 1,
        "Workers Launched": 1,
        "Single Copy": false,
        "Plans": [
          {
            "Node Type": "Aggregate",
            "Strategy": "Plain",
            "Partial Mode": "Partial",
            "Parent Relationship": "Outer",
            "Parallel Aware": false,
            "Startup Cost": 446730.7,
            "Total Cost": 446730.71,
            "Plan Rows": 1,
            "Plan Width": 8,
            "Actual Startup Time": 2659.152,
            "Actual Total Time": 2659.158,
            "Actual Rows": 1,
            "Actual Loops": 2,
            "Plans": [
              {
                "Node Type": "Hash Join",
                "Parent Relationship": "Outer",
                "Parallel Aware": true,
                "Join Type": "Inner",
                "Startup Cost": 298331.25,
                "Total Cost": 442150.24,
                "Plan Rows": 1832185,
                "Plan Width": 0,
                "Actual Startup Time": 1248.855,
                "Actual Total Time": 2512.757,
                "Actual Rows": 3675212,
                "Actual Loops": 2,
                "Inner Unique": false,
                "Hash Cond": "(ci.movie_id = t.id)",
                "Plans": [
                  {
                    "Node Type": "Index Scan",
                    "Parent Relationship": "Outer",
                    "Parallel Aware": true,
                    "Scan Direction": "Forward",
                    "Index Name": "role_id_cast_info",
                    "Relation Name": "cast_info",
                    "Alias": "ci",
                    "Startup Cost": 0.56,
                    "Total Cost": 124115.52,
                    "Plan Rows": 2380394,
                    "Plan Width": 4,
                    "Actual Startup Time": 0.074,
                    "Actual Total Time": 310.409,
                    "Actual Rows": 2004018,
                    "Actual Loops": 2,
                    "Index Cond": "(role_id = 3)",
                    "Rows Removed by Index Recheck": 0
                  },
                  {
                    "Node Type": "Hash",
                    "Parent Relationship": "Inner",
                    "Parallel Aware": true,
                    "Startup Cost": 284021.69,
                    "Total Cost": 284021.69,
                    "Plan Rows": 1144719,
                    "Plan Width": 8,
                    "Actual Startup Time": 1234.528,
                    "Actual Total Time": 1234.532,
                    "Actual Rows": 932816,
                    "Actual Loops": 2,
                    "Hash Buckets": 2097152,
                    "Original Hash Buckets": 2097152,
                    "Hash Batches": 1,
                    "Original Hash Batches": 1,
                    "Peak Memory Usage": 89376,
                    "Plans": [
                      {
                        "Node Type": "Hash Join",
                        "Parent Relationship": "Outer",
                        "Parallel Aware": true,
                        "Join Type": "Inner",
                        "Startup Cost": 104714.81,
                        "Total Cost": 284021.69,
                        "Plan Rows": 1144719,
                        "Plan Width": 8,
                        "Actual Startup Time": 580.196,
                        "Actual Total Time": 1012.955,
                        "Actual Rows": 932816,
                        "Actual Loops": 2,
                        "Inner Unique": true,
                        "Hash Cond": "(mi.movie_id = t.id)",
                        "Plans": [
                          {
                            "Node Type": "Bitmap Heap Scan",
                            "Parent Relationship": "Outer",
                            "Parallel Aware": true,
                            "Relation Name": "movie_info",
                            "Alias": "mi",
                            "Startup Cost": 35254.11,
                            "Total Cost": 211556.11,
                            "Plan Rows": 1144719,
                            "Plan Width": 4,
                            "Actual Startup Time": 69.14,
                            "Actual Total Time": 195.502,
                            "Actual Rows": 932816,
                            "Actual Loops": 2,
                            "Recheck Cond": "(info_type_id > 17)",
                            "Rows Removed by Index Recheck": 0,
                            "Exact Heap Blocks": 22079,
                            "Lossy Heap Blocks": 0,
                            "Plans": [
                              {
                                "Node Type": "Bitmap Index Scan",
                                "Parent Relationship": "Outer",
                                "Parallel Aware": false,
                                "Index Name": "info_type_id_movie_info",
                                "Startup Cost": 0.0,
                                "Total Cost": 34767.61,
                                "Plan Rows": 1946023,
                                "Plan Width": 0,
                                "Actual Startup Time": 62.429,
                                "Actual Total Time": 62.43,
                                "Actual Rows": 1865632,
                                "Actual Loops": 1,
                                "Index Cond": "(info_type_id > 17)"
                              }
                            ]
                          },
                          {
                            "Node Type": "Hash",
                            "Parent Relationship": "Inner",
                            "Parallel Aware": true,
                            "Startup Cost": 50870.31,
                            "Total Cost": 50870.31,
                            "Plan Rows": 1487231,
                            "Plan Width": 4,
                            "Actual Startup Time": 498.659,
                            "Actual Total Time": 498.66,
                            "Actual Rows": 1264156,
                            "Actual Loops": 2,
                            "Hash Buckets": 4194304,
                            "Original Hash Buckets": 4194304,
                            "Hash Batches": 1,
                            "Original Hash Batches": 1,
                            "Peak Memory Usage": 131712,
                            "Plans": [
                              {
                                "Node Type": "Seq Scan",
                                "Parent Relationship": "Outer",
                                "Parallel Aware": true,
                                "Relation Name": "title",
                                "Alias": "t",
                                "Startup Cost": 0.0,
                                "Total Cost": 50870.31,
                                "Plan Rows": 1487231,
                                "Plan Width": 4,
                                "Actual Startup Time": 0.026,
                                "Actual Total Time": 147.539,
                                "Actual Rows": 1264156,
                                "Actual Loops": 2
                              }
                            ]
                          }
                        ]
                      }
                    ]
                  }
                ]
              }
            ]
          }
        ]
      }
    ]
  },
  "Planning Time": 1.063,
  "Triggers": [],
  "Execution Time": 2700.205
}