[
  {
    "Plan": {
      "Node Type": "Aggregate",
      "Strategy": "Plain",
      "Partial Mode": "Finalize",
      "Parallel Aware": false,
      "Startup Cost": 389176.66,
      "Total Cost": 389176.67,
      "Plan Rows": 1,
      "Plan Width": 8,
      "Actual Startup Time": 1757.914,
      "Actual Total Time": 1811.822,
      "Actual Rows": 1,
      "Actual Loops": 1,
      "Plans": [
        {
          "Node Type": "Gather",
          "Parent Relationship": "Outer",
          "Parallel Aware": false,
          "Startup Cost": 389176.03,
          "Total Cost": 389176.64,
          "Plan Rows": 6,
          "Plan Width": 8,
          "Actual Startup Time": 1751.745,
          "Actual Total Time": 1811.808,
          "Actual Rows": 7,
          "Actual Loops": 1,
          "Workers Planned": 6,
          "Workers Launched": 6,
          "Single Copy": false,
          "Plans": [
            {
              "Node Type": "Aggregate",
              "Strategy": "Plain",
              "Partial Mode": "Partial",
              "Parent Relationship": "Outer",
              "Parallel Aware": false,
              "Startup Cost": 388176.03,
              "Total Cost": 388176.04,
              "Plan Rows": 1,
              "Plan Width": 8,
              "Actual Startup Time": 1740.719,
              "Actual Total Time": 1740.723,
              "Actual Rows": 1,
              "Actual Loops": 7,
              "Plans": [
                {
                  "Node Type": "Hash Join",
                  "Parent Relationship": "Outer",
                  "Parallel Aware": true,
                  "Join Type": "Inner",
                  "Startup Cost": 45962.36,
                  "Total Cost": 385387.54,
                  "Plan Rows": 1115396,
                  "Plan Width": 0,
                  "Actual Startup Time": 130.806,
                  "Actual Total Time": 1686.477,
                  "Actual Rows": 1054005,
                  "Actual Loops": 7,
                  "Inner Unique": true,
                  "Hash Cond": "(ci.movie_id = t.id)",
                  "Plans": [
                    {
                      "Node Type": "Seq Scan",
                      "Parent Relationship": "Outer",
                      "Parallel Aware": true,
                      "Relation Name": "cast_info",
                      "Alias": "ci",
                      "Startup Cost": 0.0,
                      "Total Cost": 328211.39,
                      "Plan Rows": 4271912,
                      "Plan Width": 4,
                      "Actual Startup Time": 0.042,
                      "Actual Total Time": 675.451,
                      "Actual Rows": 3678059,
                      "Actual Loops": 7,
                      "Filter": "(person_id < 2660061)",
                      "Rows Removed by Filter": 1499704
                    },
                    {
                      "Node Type": "Hash",
                      "Parent Relationship": "Inner",
                      "Parallel Aware": true,
                      "Startup Cost": 43899.32,
                      "Total Cost": 43899.32,
                      "Plan Rows": 165043,
                      "Plan Width": 4,
                      "Actual Startup Time": 127.102,
                      "Actual Total Time": 127.103,
                      "Actual Rows": 94689,
                      "Actual Loops": 7,
                      "Hash Buckets": 1048576,
                      "Original Hash Buckets": 1048576,
                      "Hash Batches": 1,
                      "Original Hash Batches": 1,
                      "Peak Memory Usage": 34208,
                      "Plans": [
                        {
                          "Node Type": "Seq Scan",
                          "Parent Relationship": "Outer",
                          "Parallel Aware": true,
                          "Relation Name": "title",
                          "Alias": "t",
                          "Startup Cost": 0.0,
                          "Total Cost": 43899.32,
                          "Plan Rows": 165043,
                          "Plan Width": 4,
                          "Actual Startup Time": 44.582,
                          "Actual Total Time": 82.532,
                          "Actual Rows": 94689,
                          "Actual Loops": 7,
                          "Filter": "(kind_id = 1)",
                          "Rows Removed by Filter": 266498
                        }
                      ]
                    }
                  ]
                }
              ]
            }
          ]
        }
      ]
    },
    "Planning Time": 0.614,
    "Triggers": [],
    "Execution Time": 1811.907
  }
]