[
  {
    "Plan": {
      "Node Type": "Aggregate",
      "Strategy": "Plain",
      "Partial Mode": "Finalize",
      "Parallel Aware": false,
      "Startup Cost": 46669.61,
      "Total Cost": 46669.62,
      "Plan Rows": 1,
      "Plan Width": 8,
      "Actual Startup Time": 95.903,
      "Actual Total Time": 107.819,
      "Actual Rows": 1,
      "Actual Loops": 1,
      "Plans": [
        {
          "Node Type": "Gather",
          "Parent Relationship": "Outer",
          "Parallel Aware": false,
          "Startup Cost": 46669.19,
          "Total Cost": 46669.6,
          "Plan Rows": 4,
          "Plan Width": 8,
          "Actual Startup Time": 95.762,
          "Actual Total Time": 107.811,
          "Actual Rows": 5,
          "Actual Loops": 1,
          "Workers Planned": 4,
          "Workers Launched": 4,
          "Single Copy": false,
          "Plans": [
            {
              "Node Type": "Aggregate",
              "Strategy": "Plain",
              "Partial Mode": "Partial",
              "Parent Relationship": "Outer",
              "Parallel Aware": false,
              "Startup Cost": 45669.19,
              "Total Cost": 45669.2,
              "Plan Rows": 1,
              "Plan Width": 8,
              "Actual Startup Time": 87.982,
              "Actual Total Time": 87.983,
              "Actual Rows": 1,
              "Actual Loops": 5,
              "Plans": [
                {
                  "Node Type": "Seq Scan",
                  "Parent Relationship": "Outer",
                  "Parallel Aware": true,
                  "Relation Name": "title",
                  "Alias": "t",
                  "Startup Cost": 0.0,
                  "Total Cost": 45479.1,
                  "Plan Rows": 76035,
                  "Plan Width": 0,
                  "Actual Startup Time": 0.04,
                  "Actual Total Time": 85.624,
                  "Actual Rows": 35948,
                  "Actual Loops": 5,
                  "Filter": "((kind_id > 1) AND (production_year < 1974))",
                  "Rows Removed by Filter": 469715
                }
              ]
            }
          ]
        }
      ]
    },
    "Planning Time": 0.159,
    "Triggers": [],
    "Execution Time": 107.874
  }
]