{
    "Plan": {
        "Node Type": "Aggregate",
        "Strategy": "Plain",
        "Partial Mode": "Finalize",
        "Parallel Aware": false,
        "Startup Cost": 146834.44,
        "Total Cost": 146834.45,
        "Plan Rows": 1,
        "Plan Width": 8,
        "Actual Startup Time": 624.18,
        "Actual Total Time": 699.967,
        "Actual Rows": 1,
        "Actual Loops": 1,
        "Output": [
            "count(*)"
        ],
        "Plans": [
            {
                "Node Type": "Gather",
                "Parent Relationship": "Outer",
                "Parallel Aware": false,
                "Startup Cost": 146834.02,
                "Total Cost": 146834.43,
                "Plan Rows": 4,
                "Plan Width": 8,
                "Actual Startup Time": 623.446,
                "Actual Total Time": 699.958,
                "Actual Rows": 5,
                "Actual Loops": 1,
                "Output": [
                    "(PARTIAL count(*))"
                ],
                "Workers Planned": 4,
                "Workers Launched": 4,
                "Single Copy": false,
                "Plans": [
                    {
                        "Node Type": "Aggregate",
                        "Strategy": "Plain",
                        "Partial Mode": "Partial",
                        "Parent Relationship": "Outer",
                        "Parallel Aware": false,
                        "Startup Cost": 145834.02,
                        "Total Cost": 145834.03,
                        "Plan Rows": 1,
                        "Plan Width": 8,
                        "Actual Startup Time": 613.237,
                        "Actual Total Time": 613.241,
                        "Actual Rows": 1,
                        "Actual Loops": 5,
                        "Output": [
                            "PARTIAL count(*)"
                        ],
                        "Workers": [
                            {
                                "Worker Number": 0,
                                "Actual Startup Time": 610.801,
                                "Actual Total Time": 610.803,
                                "Actual Rows": 1,
                                "Actual Loops": 1
                            },
                            {
                                "Worker Number": 1,
                                "Actual Startup Time": 610.894,
                                "Actual Total Time": 610.898,
                                "Actual Rows": 1,
                                "Actual Loops": 1
                            },
                            {
                                "Worker Number": 2,
                                "Actual Startup Time": 610.916,
                                "Actual Total Time": 610.919,
                                "Actual Rows": 1,
                                "Actual Loops": 1
                            },
                            {
                                "Worker Number": 3,
                                "Actual Startup Time": 611.018,
                                "Actual Total Time": 611.021,
                                "Actual Rows": 1,
                                "Actual Loops": 1
                            }
                        ],
                        "Plans": [
                            {
                                "Node Type": "Nested Loop",
                                "Parent Relationship": "Outer",
                                "Parallel Aware": false,
                                "Join Type": "Inner",
                                "Startup Cost": 32197.26,
                                "Total Cost": 145782.46,
                                "Plan Rows": 20622,
                                "Plan Width": 0,
                                "Actual Startup Time": 70.964,
                                "Actual Total Time": 612.291,
                                "Actual Rows": 9419,
                                "Actual Loops": 5,
                                "Inner Unique": false,
                                "Workers": [
                                    {
                                        "Worker Number": 0,
                                        "Actual Startup Time": 69.009,
                                        "Actual Total Time": 609.873,
                                        "Actual Rows": 8406,
                                        "Actual Loops": 1
                                    },
                                    {
                                        "Worker Number": 1,
                                        "Actual Startup Time": 68.492,
                                        "Actual Total Time": 609.957,
                                        "Actual Rows": 8494,
                                        "Actual Loops": 1
                                    },
                                    {
                                        "Worker Number": 2,
                                        "Actual Startup Time": 68.529,
                                        "Actual Total Time": 609.989,
                                        "Actual Rows": 8412,
                                        "Actual Loops": 1
                                    },
                                    {
                                        "Worker Number": 3,
                                        "Actual Startup Time": 68.839,
                                        "Actual Total Time": 610.2,
                                        "Actual Rows": 7232,
                                        "Actual Loops": 1
                                    }
                                ],
                                "Plans": [
                                    {
                                        "Node Type": "Hash Join",
                                        "Parent Relationship": "Outer",
                                        "Parallel Aware": true,
                                        "Join Type": "Inner",
                                        "Startup Cost": 32196.69,
                                        "Total Cost": 79433.56,
                                        "Plan Rows": 25689,
                                        "Plan Width": 8,
                                        "Actual Startup Time": 70.471,
                                        "Actual Total Time": 200.804,
                                        "Actual Rows": 9811,
                                        "Actual Loops": 5,
                                        "Output": [
                                            "t.id",
                                            "mc.movie_id"
                                        ],
                                        "Inner Unique": false,
                                        "Hash Cond": "(t.id = mc.movie_id)",
                                        "Workers": [
                                            {
                                                "Worker Number": 0,
                                                "Actual Startup Time": 68.013,
                                                "Actual Total Time": 189.032,
                                                "Actual Rows": 9002,
                                                "Actual Loops": 1
                                            },
                                            {
                                                "Worker Number": 1,
                                                "Actual Startup Time": 68.145,
                                                "Actual Total Time": 193.388,
                                                "Actual Rows": 8710,
                                                "Actual Loops": 1
                                            },
                                            {
                                                "Worker Number": 2,
                                                "Actual Startup Time": 68.155,
                                                "Actual Total Time": 191.146,
                                                "Actual Rows": 8711,
                                                "Actual Loops": 1
                                            },
                                            {
                                                "Worker Number": 3,
                                                "Actual Startup Time": 68.266,
                                                "Actual Total Time": 183.715,
                                                "Actual Rows": 7466,
                                                "Actual Loops": 1
                                            }
                                        ],
                                        "Plans": [
                                            {
                                                "Node Type": "Seq Scan",
                                                "Parent Relationship": "Outer",
                                                "Parallel Aware": true,
                                                "Relation Name": "title",
                                                "Schema": "public",
                                                "Alias": "t",
                                                "Startup Cost": 0.0,
                                                "Total Cost": 45479.21,
                                                "Plan Rows": 334958,
                                                "Plan Width": 4,
                                                "Actual Startup Time": 0.023,
                                                "Actual Total Time": 74.389,
                                                "Actual Rows": 265138,
                                                "Actual Loops": 5,
                                                "Output": [
                                                    "t.id",
                                                    "t.title",
                                                    "t.imdb_index",
                                                    "t.kind_id",
                                                    "t.production_year",
                                                    "t.imdb_id",
                                                    "t.phonetic_code",
                                                    "t.episode_of_id",
                                                    "t.season_nr",
                                                    "t.episode_nr",
                                                    "t.series_years",
                                                    "t.md5sum"
                                                ],
                                                "Filter": "((t.kind_id > 2) AND (t.production_year < 2010))",
                                                "Rows Removed by Filter": 240525,
                                                "Workers": [
                                                    {
                                                        "Worker Number": 0,
                                                        "Actual Startup Time": 0.025,
                                                        "Actual Total Time": 72.504,
                                                        "Actual Rows": 234501,
                                                        "Actual Loops": 1
                                                    },
                                                    {
                                                        "Worker Number": 1,
                                                        "Actual Startup Time": 0.03,
                                                        "Actual Total Time": 71.969,
                                                        "Actual Rows": 232655,
                                                        "Actual Loops": 1
                                                    },
                                                    {
                                                        "Worker Number": 2,
                                                        "Actual Startup Time": 0.03,
                                                        "Actual Total Time": 73.21,
                                                        "Actual Rows": 236850,
                                                        "Actual Loops": 1
                                                    },
                                                    {
                                                        "Worker Number": 3,
                                                        "Actual Startup Time": 0.026,
                                                        "Actual Total Time": 66.488,
                                                        "Actual Rows": 196149,
                                                        "Actual Loops": 1
                                                    }
                                                ]
                                            },
                                            {
                                                "Node Type": "Hash",
                                                "Parent Relationship": "Inner",
                                                "Parallel Aware": true,
                                                "Startup Cost": 31414.82,
                                                "Total Cost": 31414.82,
                                                "Plan Rows": 62550,
                                                "Plan Width": 4,
                                                "Actual Startup Time": 68.446,
                                                "Actual Total Time": 68.447,
                                                "Actual Rows": 17407,
                                                "Actual Loops": 5,
                                                "Output": [
                                                    "mc.movie_id"
                                                ],
                                                "Hash Buckets": 262144,
                                                "Original Hash Buckets": 262144,
                                                "Hash Batches": 1,
                                                "Original Hash Batches": 1,
                                                "Peak Memory Usage": 5536,
                                                "Workers": [
                                                    {
                                                        "Worker Number": 0,
                                                        "Actual Startup Time": 67.576,
                                                        "Actual Total Time": 67.577,
                                                        "Actual Rows": 17382,
                                                        "Actual Loops": 1
                                                    },
                                                    {
                                                        "Worker Number": 1,
                                                        "Actual Startup Time": 67.697,
                                                        "Actual Total Time": 67.698,
                                                        "Actual Rows": 16814,
                                                        "Actual Loops": 1
                                                    },
                                                    {
                                                        "Worker Number": 2,
                                                        "Actual Startup Time": 67.705,
                                                        "Actual Total Time": 67.706,
                                                        "Actual Rows": 17116,
                                                        "Actual Loops": 1
                                                    },
                                                    {
                                                        "Worker Number": 3,
                                                        "Actual Startup Time": 67.805,
                                                        "Actual Total Time": 67.806,
                                                        "Actual Rows": 14853,
                                                        "Actual Loops": 1
                                                    }
                                                ],
                                                "Plans": [
                                                    {
                                                        "Node Type": "Seq Scan",
                                                        "Parent Relationship": "Outer",
                                                        "Parallel Aware": true,
                                                        "Relation Name": "movie_companies",
                                                        "Schema": "public",
                                                        "Alias": "mc",
                                                        "Startup Cost": 0.0,
                                                        "Total Cost": 31414.82,
                                                        "Plan Rows": 62550,
                                                        "Plan Width": 4,
                                                        "Actual Startup Time": 40.468,
                                                        "Actual Total Time": 62.526,
                                                        "Actual Rows": 17407,
                                                        "Actual Loops": 5,
                                                        "Output": [
                                                            "mc.movie_id"
                                                        ],
                                                        "Filter": "((mc.company_id < 225) AND (mc.company_type_id > 1))",
                                                        "Rows Removed by Filter": 504419,
                                                        "Workers": [
                                                            {
                                                                "Worker Number": 0,
                                                                "Actual Startup Time": 39.598,
                                                                "Actual Total Time": 61.703,
                                                                "Actual Rows": 17382,
                                                                "Actual Loops": 1
                                                            },
                                                            {
                                                                "Worker Number": 1,
                                                                "Actual Startup Time": 39.709,
                                                                "Actual Total Time": 62.239,
                                                                "Actual Rows": 16814,
                                                                "Actual Loops": 1
                                                            },
                                                            {
                                                                "Worker Number": 2,
                                                                "Actual Startup Time": 39.72,
                                                                "Actual Total Time": 61.805,
                                                                "Actual Rows": 17116,
                                                                "Actual Loops": 1
                                                            },
                                                            {
                                                                "Worker Number": 3,
                                                                "Actual Startup Time": 39.807,
                                                                "Actual Total Time": 61.458,
                                                                "Actual Rows": 14853,
                                                                "Actual Loops": 1
                                                            }
                                                        ]
                                                    }
                                                ]
                                            }
                                        ]
                                    },
                                    {
                                        "Node Type": "Index Scan",
                                        "Parent Relationship": "Inner",
                                        "Parallel Aware": false,
                                        "Scan Direction": "Forward",
                                        "Index Name": "movie_id_cast_info",
                                        "Relation Name": "cast_info",
                                        "Schema": "public",
                                        "Alias": "ci",
                                        "Startup Cost": 0.56,
                                        "Total Cost": 2.56,
                                        "Plan Rows": 2,
                                        "Plan Width": 4,
                                        "Actual Startup Time": 0.034,
                                        "Actual Total Time": 0.041,
                                        "Actual Rows": 1,
                                        "Actual Loops": 49054,
                                        "Output": [
                                            "ci.id",
                                            "ci.person_id",
                                            "ci.movie_id",
                                            "ci.person_role_id",
                                            "ci.note",
                                            "ci.nr_order",
                                            "ci.role_id"
                                        ],
                                        "Index Cond": "(ci.movie_id = t.id)",
                                        "Rows Removed by Index Recheck": 0,
                                        "Filter": "((ci.person_id < 2845143) AND (ci.role_id = 4))",
                                        "Rows Removed by Filter": 22,
                                        "Workers": [
                                            {
                                                "Worker Number": 0,
                                                "Actual Startup Time": 0.038,
                                                "Actual Total Time": 0.046,
                                                "Actual Rows": 1,
                                                "Actual Loops": 9002
                                            },
                                            {
                                                "Worker Number": 1,
                                                "Actual Startup Time": 0.039,
                                                "Actual Total Time": 0.047,
                                                "Actual Rows": 1,
                                                "Actual Loops": 8710
                                            },
                                            {
                                                "Worker Number": 2,
                                                "Actual Startup Time": 0.039,
                                                "Actual Total Time": 0.048,
                                                "Actual Rows": 1,
                                                "Actual Loops": 8711
                                            },
                                            {
                                                "Worker Number": 3,
                                                "Actual Startup Time": 0.046,
                                                "Actual Total Time": 0.057,
                                                "Actual Rows": 1,
                                                "Actual Loops": 7466
                                            }
                                        ]
                                    }
                                ]
                            }
                        ]
                    }
                ]
            }
        ]
    },
    "Planning Time": 1.756,
    "Triggers": [],
    "Execution Time": 700.11
}