[
  {
    "Plan": {
      "Node Type": "Aggregate",
      "Strategy": "Plain",
      "Partial Mode": "Finalize",
      "Parallel Aware": false,
      "Startup Cost": 30885.38,
      "Total Cost": 30885.39,
      "Plan Rows": 1,
      "Plan Width": 8,
      "Actual Startup Time": 77.769,
      "Actual Total Time": 84.974,
      "Actual Rows": 1,
      "Actual Loops": 1,
      "Plans": [
        {
          "Node Type": "Gather",
          "Parent Relationship": "Outer",
          "Parallel Aware": false,
          "Startup Cost": 30885.06,
          "Total Cost": 30885.37,
          "Plan Rows": 3,
          "Plan Width": 8,
          "Actual Startup Time": 77.506,
          "Actual Total Time": 84.965,
          "Actual Rows": 4,
          "Actual Loops": 1,
          "Workers Planned": 3,
          "Workers Launched": 3,
          "Single Copy": false,
          "Plans": [
            {
              "Node Type": "Aggregate",
              "Strategy": "Plain",
              "Partial Mode": "Partial",
              "Parent Relationship": "Outer",
              "Parallel Aware": false,
              "Startup Cost": 29885.06,
              "Total Cost": 29885.07,
              "Plan Rows": 1,
              "Plan Width": 8,
              "Actual Startup Time": 72.143,
              "Actual Total Time": 72.145,
              "Actual Rows": 1,
              "Actual Loops": 4,
              "Plans": [
                {
                  "Node Type": "Bitmap Heap Scan",
                  "Parent Relationship": "Outer",
                  "Parallel Aware": true,
                  "Relation Name": "movie_companies",
                  "Alias": "mc",
                  "Startup Cost": 8926.74,
                  "Total Cost": 29721.68,
                  "Plan Rows": 65352,
                  "Plan Width": 0,
                  "Actual Startup Time": 17.337,
                  "Actual Total Time": 67.255,
                  "Actual Rows": 78528,
                  "Actual Loops": 4,
                  "Recheck Cond": "(company_id < 265)",
                  "Rows Removed by Index Recheck": 0,
                  "Filter": "(company_type_id < 2)",
                  "Rows Removed by Filter": 24060,
                  "Exact Heap Blocks": 8357,
                  "Lossy Heap Blocks": 0,
                  "Plans": [
                    {
                      "Node Type": "Bitmap Index Scan",
                      "Parent Relationship": "Outer",
                      "Parallel Aware": false,
                      "Index Name": "company_id_movie_companies",
                      "Startup Cost": 0.0,
                      "Total Cost": 8876.09,
                      "Plan Rows": 414355,
                      "Plan Width": 0,
                      "Actual Startup Time": 19.676,
                      "Actual Total Time": 19.677,
                      "Actual Rows": 410351,
                      "Actual Loops": 1,
                      "Index Cond": "(company_id < 265)"
                    }
                  ]
                }
              ]
            }
          ]
        }
      ]
    },
    "Planning Time": 0.105,
    "Triggers": [],
    "Execution Time": 85.011
  }
]