[
    {
        "Bao": {
            "Bao prediction": "NaN",
            "Bao recommended hint": "(no hint)"
        }
    },
    {
        "Plan": {
            "Node Type": "Aggregate",
            "Strategy": "Plain",
            "Partial Mode": "Finalize",
            "Parallel Aware": false,
            "Startup Cost": 346103.73,
            "Total Cost": 346103.74,
            "Plan Rows": 1,
            "Plan Width": 8,
            "Actual Startup Time": 589.151,
            "Actual Total Time": 617.837,
            "Actual Rows": 1,
            "Actual Loops": 1,
            "Output": [
                "count(*)"
            ],
            "Plans": [
                {
                    "Node Type": "Gather",
                    "Parent Relationship": "Outer",
                    "Parallel Aware": false,
                    "Startup Cost": 346103.1,
                    "Total Cost": 346103.71,
                    "Plan Rows": 6,
                    "Plan Width": 8,
                    "Actual Startup Time": 589.059,
                    "Actual Total Time": 617.829,
                    "Actual Rows": 7,
                    "Actual Loops": 1,
                    "Output": [
                        "(PARTIAL count(*))"
                    ],
                    "Workers Planned": 6,
                    "Workers Launched": 6,
                    "Single Copy": false,
                    "Plans": [
                        {
                            "Node Type": "Aggregate",
                            "Strategy": "Plain",
                            "Partial Mode": "Partial",
                            "Parent Relationship": "Outer",
                            "Parallel Aware": false,
                            "Startup Cost": 345103.1,
                            "Total Cost": 345103.11,
                            "Plan Rows": 1,
                            "Plan Width": 8,
                            "Actual Startup Time": 578.831,
                            "Actual Total Time": 578.832,
                            "Actual Rows": 1,
                            "Actual Loops": 7,
                            "Output": [
                                "PARTIAL count(*)"
                            ],
                            "Workers": [
                                {
                                    "Worker Number": 0,
                                    "Actual Startup Time": 576.394,
                                    "Actual Total Time": 576.395,
                                    "Actual Rows": 1,
                                    "Actual Loops": 1
                                },
                                {
                                    "Worker Number": 1,
                                    "Actual Startup Time": 576.803,
                                    "Actual Total Time": 576.804,
                                    "Actual Rows": 1,
                                    "Actual Loops": 1
                                },
                                {
                                    "Worker Number": 2,
                                    "Actual Startup Time": 576.802,
                                    "Actual Total Time": 576.804,
                                    "Actual Rows": 1,
                                    "Actual Loops": 1
                                },
                                {
                                    "Worker Number": 3,
                                    "Actual Startup Time": 577.558,
                                    "Actual Total Time": 577.558,
                                    "Actual Rows": 1,
                                    "Actual Loops": 1
                                },
                                {
                                    "Worker Number": 4,
                                    "Actual Startup Time": 577.799,
                                    "Actual Total Time": 577.8,
                                    "Actual Rows": 1,
                                    "Actual Loops": 1
                                },
                                {
                                    "Worker Number": 5,
                                    "Actual Startup Time": 578.188,
                                    "Actual Total Time": 578.19,
                                    "Actual Rows": 1,
                                    "Actual Loops": 1
                                }
                            ],
                            "Plans": [
                                {
                                    "Node Type": "Seq Scan",
                                    "Parent Relationship": "Outer",
                                    "Parallel Aware": true,
                                    "Relation Name": "cast_info",
                                    "Schema": "public",
                                    "Alias": "ci",
                                    "Startup Cost": 0.0,
                                    "Total Cost": 343318.94,
                                    "Plan Rows": 713665,
                                    "Plan Width": 0,
                                    "Actual Startup Time": 311.867,
                                    "Actual Total Time": 561.195,
                                    "Actual Rows": 390101,
                                    "Actual Loops": 7,
                                    "Output": [
                                        "id",
                                        "person_id",
                                        "movie_id",
                                        "person_role_id",
                                        "note",
                                        "nr_order",
                                        "role_id"
                                    ],
                                    "Filter": "((ci.person_id < 956625) AND (ci.role_id > 2))",
                                    "Rows Removed by Filter": 4787662,
                                    "Workers": [
                                        {
                                            "Worker Number": 0,
                                            "Actual Startup Time": 309.446,
                                            "Actual Total Time": 558.284,
                                            "Actual Rows": 263539,
                                            "Actual Loops": 1
                                        },
                                        {
                                            "Worker Number": 1,
                                            "Actual Startup Time": 309.836,
                                            "Actual Total Time": 560.525,
                                            "Actual Rows": 385692,
                                            "Actual Loops": 1
                                        },
                                        {
                                            "Worker Number": 2,
                                            "Actual Startup Time": 309.842,
                                            "Actual Total Time": 559.774,
                                            "Actual Rows": 394465,
                                            "Actual Loops": 1
                                        },
                                        {
                                            "Worker Number": 3,
                                            "Actual Startup Time": 310.597,
                                            "Actual Total Time": 561.24,
                                            "Actual Rows": 386706,
                                            "Actual Loops": 1
                                        },
                                        {
                                            "Worker Number": 4,
                                            "Actual Startup Time": 310.809,
                                            "Actual Total Time": 561.656,
                                            "Actual Rows": 382372,
                                            "Actual Loops": 1
                                        },
                                        {
                                            "Worker Number": 5,
                                            "Actual Startup Time": 311.231,
                                            "Actual Total Time": 561.035,
                                            "Actual Rows": 397410,
                                            "Actual Loops": 1
                                        }
                                    ]
                                }
                            ]
                        }
                    ]
                }
            ]
        },
        "Planning Time": 195.007,
        "Triggers": [],
        "Execution Time": 617.922
    }
]