[
    {
        "Bao": {
            "Bao prediction": "NaN",
            "Bao recommended hint": "(no hint)"
        }
    },
    {
        "Plan": {
            "Node Type": "Aggregate",
            "Strategy": "Plain",
            "Partial Mode": "Finalize",
            "Parallel Aware": false,
            "Startup Cost": 346600.91,
            "Total Cost": 346600.92,
            "Plan Rows": 1,
            "Plan Width": 8,
            "Actual Startup Time": 669.168,
            "Actual Total Time": 712.253,
            "Actual Rows": 1,
            "Actual Loops": 1,
            "Output": [
                "count(*)"
            ],
            "Plans": [
                {
                    "Node Type": "Gather",
                    "Parent Relationship": "Outer",
                    "Parallel Aware": false,
                    "Startup Cost": 346600.29,
                    "Total Cost": 346600.9,
                    "Plan Rows": 6,
                    "Plan Width": 8,
                    "Actual Startup Time": 669.065,
                    "Actual Total Time": 712.242,
                    "Actual Rows": 7,
                    "Actual Loops": 1,
                    "Output": [
                        "(PARTIAL count(*))"
                    ],
                    "Workers Planned": 6,
                    "Workers Launched": 6,
                    "Single Copy": false,
                    "Plans": [
                        {
                            "Node Type": "Aggregate",
                            "Strategy": "Plain",
                            "Partial Mode": "Partial",
                            "Parent Relationship": "Outer",
                            "Parallel Aware": false,
                            "Startup Cost": 345600.29,
                            "Total Cost": 345600.3,
                            "Plan Rows": 1,
                            "Plan Width": 8,
                            "Actual Startup Time": 659.089,
                            "Actual Total Time": 659.091,
                            "Actual Rows": 1,
                            "Actual Loops": 7,
                            "Output": [
                                "PARTIAL count(*)"
                            ],
                            "Workers": [
                                {
                                    "Worker Number": 0,
                                    "Actual Startup Time": 656.792,
                                    "Actual Total Time": 656.793,
                                    "Actual Rows": 1,
                                    "Actual Loops": 1
                                },
                                {
                                    "Worker Number": 1,
                                    "Actual Startup Time": 657.115,
                                    "Actual Total Time": 657.117,
                                    "Actual Rows": 1,
                                    "Actual Loops": 1
                                },
                                {
                                    "Worker Number": 2,
                                    "Actual Startup Time": 657.577,
                                    "Actual Total Time": 657.578,
                                    "Actual Rows": 1,
                                    "Actual Loops": 1
                                },
                                {
                                    "Worker Number": 3,
                                    "Actual Startup Time": 657.792,
                                    "Actual Total Time": 657.792,
                                    "Actual Rows": 1,
                                    "Actual Loops": 1
                                },
                                {
                                    "Worker Number": 4,
                                    "Actual Startup Time": 657.81,
                                    "Actual Total Time": 657.81,
                                    "Actual Rows": 1,
                                    "Actual Loops": 1
                                },
                                {
                                    "Worker Number": 5,
                                    "Actual Startup Time": 658.208,
                                    "Actual Total Time": 658.209,
                                    "Actual Rows": 1,
                                    "Actual Loops": 1
                                }
                            ],
                            "Plans": [
                                {
                                    "Node Type": "Seq Scan",
                                    "Parent Relationship": "Outer",
                                    "Parallel Aware": true,
                                    "Relation Name": "cast_info",
                                    "Schema": "public",
                                    "Alias": "ci",
                                    "Startup Cost": 0.0,
                                    "Total Cost": 343318.94,
                                    "Plan Rows": 912540,
                                    "Plan Width": 0,
                                    "Actual Startup Time": 399.748,
                                    "Actual Total Time": 644.475,
                                    "Actual Rows": 259218,
                                    "Actual Loops": 7,
                                    "Output": [
                                        "id",
                                        "person_id",
                                        "movie_id",
                                        "person_role_id",
                                        "note",
                                        "nr_order",
                                        "role_id"
                                    ],
                                    "Filter": "((ci.person_id > 2935123) AND (ci.role_id < 5))",
                                    "Rows Removed by Filter": 4918546,
                                    "Workers": [
                                        {
                                            "Worker Number": 0,
                                            "Actual Startup Time": 397.441,
                                            "Actual Total Time": 642.188,
                                            "Actual Rows": 216256,
                                            "Actual Loops": 1
                                        },
                                        {
                                            "Worker Number": 1,
                                            "Actual Startup Time": 397.79,
                                            "Actual Total Time": 642.481,
                                            "Actual Rows": 216574,
                                            "Actual Loops": 1
                                        },
                                        {
                                            "Worker Number": 2,
                                            "Actual Startup Time": 398.241,
                                            "Actual Total Time": 642.978,
                                            "Actual Rows": 216480,
                                            "Actual Loops": 1
                                        },
                                        {
                                            "Worker Number": 3,
                                            "Actual Startup Time": 398.444,
                                            "Actual Total Time": 643.322,
                                            "Actual Rows": 215031,
                                            "Actual Loops": 1
                                        },
                                        {
                                            "Worker Number": 4,
                                            "Actual Startup Time": 398.469,
                                            "Actual Total Time": 643.286,
                                            "Actual Rows": 331196,
                                            "Actual Loops": 1
                                        },
                                        {
                                            "Worker Number": 5,
                                            "Actual Startup Time": 398.861,
                                            "Actual Total Time": 644.009,
                                            "Actual Rows": 210819,
                                            "Actual Loops": 1
                                        }
                                    ]
                                }
                            ]
                        }
                    ]
                }
            ]
        },
        "Planning Time": 251.963,
        "Triggers": [],
        "Execution Time": 712.339
    }
]