{
  "Plan": {
    "Node Type": "Aggregate",
    "Strategy": "Plain",
    "Partial Mode": "Finalize",
    "Parallel Aware": false,
    "Startup Cost": 248524.68,
    "Total Cost": 248524.69,
    "Plan Rows": 1,
    "Plan Width": 8,
    "Actual Startup Time": 1347.876,
    "Actual Total Time": 1370.558,
    "Actual Rows": 1,
    "Actual Loops": 1,
    "Plans": [
      {
        "Node Type": "Gather",
        "Parent Relationship": "Outer",
        "Parallel Aware": false,
        "Startup Cost": 248524.57,
        "Total Cost": 248524.68,
        "Plan Rows": 1,
        "Plan Width": 8,
        "Actual Startup Time": 1346.074,
        "Actual Total Time": 1370.548,
        "Actual Rows": 2,
        "Actual Loops": 1,
        "Workers Planned": 1,
        "Workers Launched": 1,
        "Single Copy": false,
        "Plans": [
          {
            "Node Type": "Aggregate",
            "Strategy": "Plain",
            "Partial Mode": "Partial",
            "Parent Relationship": "Outer",
            "Parallel Aware": false,
            "Startup Cost": 247524.57,
            "Total Cost": 247524.58,
            "Plan Rows": 1,
            "Plan Width": 8,
            "Actual Startup Time": 1333.272,
            "Actual Total Time": 1333.544,
            "Actual Rows": 1,
            "Actual Loops": 2,
            "Plans": [
              {
                "Node Type": "Hash Join",
                "Parent Relationship": "Outer",
                "Parallel Aware": true,
                "Join Type": "Inner",
                "Startup Cost": 102032.21,
                "Total Cost": 247115.09,
                "Plan Rows": 163789,
                "Plan Width": 0,
                "Actual Startup Time": 566.036,
                "Actual Total Time": 1311.191,
                "Actual Rows": 430283,
                "Actual Loops": 2,
                "Inner Unique": false,
                "Hash Cond": "(ci.movie_id = t.id)",
                "Plans": [
                  {
                    "Node Type": "Index Scan",
                    "Parent Relationship": "Outer",
                    "Parallel Aware": true,
                    "Scan Direction": "Forward",
                    "Index Name": "role_id_cast_info",
                    "Relation Name": "cast_info",
                    "Alias": "ci",
                    "Startup Cost": 0.56,
                    "Total Cost": 134450.3,
                    "Plan Rows": 2578582,
                    "Plan Width": 4,
                    "Actual Startup Time": 0.054,
                    "Actual Total Time": 346.131,
                    "Actual Rows": 2161509,
                    "Actual Loops": 2,
                    "Index Cond": "(role_id = 10)",
                    "Rows Removed by Index Recheck": 0
                  },
                  {
                    "Node Type": "Hash",
                    "Parent Relationship": "Inner",
                    "Parallel Aware": true,
                    "Startup Cost": 100850.79,
                    "Total Cost": 100850.79,
                    "Plan Rows": 94468,
                    "Plan Width": 8,
                    "Actual Startup Time": 562.751,
                    "Actual Total Time": 563.022,
                    "Actual Rows": 82977,
                    "Actual Loops": 2,
                    "Hash Buckets": 262144,
                    "Original Hash Buckets": 262144,
                    "Hash Batches": 1,
                    "Original Hash Batches": 1,
                    "Peak Memory Usage": 8576,
                    "Plans": [
                      {
                        "Node Type": "Hash Join",
                        "Parent Relationship": "Outer",
                        "Parallel Aware": true,
                        "Join Type": "Inner",
                        "Startup Cost": 36243.6,
                        "Total Cost": 100850.79,
                        "Plan Rows": 94468,
                        "Plan Width": 8,
                        "Actual Startup Time": 158.577,
                        "Actual Total Time": 538.163,
                        "Actual Rows": 82977,
                        "Actual Loops": 2,
                        "Inner Unique": false,
                        "Hash Cond": "(t.id = mc.movie_id)",
                        "Plans": [
                          {
                            "Node Type": "Seq Scan",
                            "Parent Relationship": "Outer",
                            "Parallel Aware": true,
                            "Relation Name": "title",
                            "Alias": "t",
                            "Startup Cost": 0.0,
                            "Total Cost": 58306.47,
                            "Plan Rows": 919205,
                            "Plan Width": 4,
                            "Actual Startup Time": 0.013,
                            "Actual Total Time": 178.165,
                            "Actual Rows": 773517,
                            "Actual Loops": 2,
                            "Filter": "((kind_id > 2) AND (production_year < 2012))",
                            "Rows Removed by Filter": 490639
                          },
                          {
                            "Node Type": "Hash",
                            "Parent Relationship": "Inner",
                            "Parallel Aware": true,
                            "Startup Cost": 34333.05,
                            "Total Cost": 34333.05,
                            "Plan Rows": 152844,
                            "Plan Width": 4,
                            "Actual Startup Time": 156.314,
                            "Actual Total Time": 156.315,
                            "Actual Rows": 261267,
                            "Actual Loops": 2,
                            "Hash Buckets": 524288,
                            "Original Hash Buckets": 262144,
                            "Hash Batches": 1,
                            "Original Hash Batches": 1,
                            "Peak Memory Usage": 26624,
                            "Plans": [
                              {
                                "Node Type": "Bitmap Heap Scan",
                                "Parent Relationship": "Outer",
                                "Parallel Aware": true,
                                "Relation Name": "movie_companies",
                                "Alias": "mc",
                                "Startup Cost": 11027.56,
                                "Total Cost": 34333.05,
                                "Plan Rows": 152844,
                                "Plan Width": 4,
                                "Actual Startup Time": 33.766,
                                "Actual Total Time": 92.863,
                                "Actual Rows": 261267,
                                "Actual Loops": 2,
                                "Recheck Cond": "(company_id > 73169)",
                                "Rows Removed by Index Recheck": 0,
                                "Filter": "(company_type_id > 1)",
                                "Rows Removed by Filter": 0,
                                "Exact Heap Blocks": 5047,
                                "Lossy Heap Blocks": 0,
                                "Plans": [
                                  {
                                    "Node Type": "Bitmap Index Scan",
                                    "Parent Relationship": "Outer",
                                    "Parallel Aware": false,
                                    "Index Name": "company_id_movie_companies",
                                    "Startup Cost": 0.0,
                                    "Total Cost": 10962.6,
                                    "Plan Rows": 511756,
                                    "Plan Width": 0,
                                    "Actual Startup Time": 40.267,
                                    "Actual Total Time": 40.267,
                                    "Actual Rows": 522534,
                                    "Actual Loops": 1,
                                    "Index Cond": "(company_id > 73169)"
                                  }
                                ]
                              }
                            ]
                          }
                        ]
                      }
                    ]
                  }
                ]
              }
            ]
          }
        ]
      }
    ]
  },
  "Planning Time": 0.971,
  "Triggers": [],
  "Execution Time": 1370.689
}