[
  {
    "Plan": {
      "Node Type": "Aggregate",
      "Strategy": "Plain",
      "Partial Mode": "Finalize",
      "Parallel Aware": false,
      "Startup Cost": 387804.7,
      "Total Cost": 387804.71,
      "Plan Rows": 1,
      "Plan Width": 8,
      "Actual Startup Time": 1382.415,
      "Actual Total Time": 1430.085,
      "Actual Rows": 1,
      "Actual Loops": 1,
      "Plans": [
        {
          "Node Type": "Gather",
          "Parent Relationship": "Outer",
          "Parallel Aware": false,
          "Startup Cost": 387804.07,
          "Total Cost": 387804.68,
          "Plan Rows": 6,
          "Plan Width": 8,
          "Actual Startup Time": 1377.592,
          "Actual Total Time": 1430.071,
          "Actual Rows": 7,
          "Actual Loops": 1,
          "Workers Planned": 6,
          "Workers Launched": 6,
          "Single Copy": false,
          "Plans": [
            {
              "Node Type": "Aggregate",
              "Strategy": "Plain",
              "Partial Mode": "Partial",
              "Parent Relationship": "Outer",
              "Parallel Aware": false,
              "Startup Cost": 386804.07,
              "Total Cost": 386804.08,
              "Plan Rows": 1,
              "Plan Width": 8,
              "Actual Startup Time": 1368.466,
              "Actual Total Time": 1368.47,
              "Actual Rows": 1,
              "Actual Loops": 7,
              "Plans": [
                {
                  "Node Type": "Hash Join",
                  "Parent Relationship": "Outer",
                  "Parallel Aware": true,
                  "Join Type": "Inner",
                  "Startup Cost": 47627.37,
                  "Total Cost": 384549.12,
                  "Plan Rows": 901982,
                  "Plan Width": 0,
                  "Actual Startup Time": 294.827,
                  "Actual Total Time": 1331.679,
                  "Actual Rows": 771393,
                  "Actual Loops": 7,
                  "Inner Unique": true,
                  "Hash Cond": "(ci.movie_id = t.id)",
                  "Plans": [
                    {
                      "Node Type": "Seq Scan",
                      "Parent Relationship": "Outer",
                      "Parallel Aware": true,
                      "Relation Name": "cast_info",
                      "Alias": "ci",
                      "Startup Cost": 0.0,
                      "Total Cost": 328211.39,
                      "Plan Rows": 3318226,
                      "Plan Width": 4,
                      "Actual Startup Time": 171.682,
                      "Actual Total Time": 596.593,
                      "Actual Rows": 2817605,
                      "Actual Loops": 7,
                      "Filter": "(person_id > 1635852)",
                      "Rows Removed by Filter": 2360159
                    },
                    {
                      "Node Type": "Hash",
                      "Parent Relationship": "Inner",
                      "Parallel Aware": true,
                      "Startup Cost": 45479.59,
                      "Total Cost": 45479.59,
                      "Plan Rows": 171823,
                      "Plan Width": 4,
                      "Actual Startup Time": 120.663,
                      "Actual Total Time": 120.664,
                      "Actual Rows": 83680,
                      "Actual Loops": 7,
                      "Hash Buckets": 1048576,
                      "Original Hash Buckets": 1048576,
                      "Hash Batches": 1,
                      "Original Hash Batches": 1,
                      "Peak Memory Usage": 31200,
                      "Plans": [
                        {
                          "Node Type": "Seq Scan",
                          "Parent Relationship": "Outer",
                          "Parallel Aware": true,
                          "Relation Name": "title",
                          "Alias": "t",
                          "Startup Cost": 0.0,
                          "Total Cost": 45479.59,
                          "Plan Rows": 171823,
                          "Plan Width": 4,
                          "Actual Startup Time": 0.034,
                          "Actual Total Time": 78.716,
                          "Actual Rows": 83680,
                          "Actual Loops": 7,
                          "Filter": "((kind_id < 7) AND (production_year > 1990))",
                          "Rows Removed by Filter": 277508
                        }
                      ]
                    }
                  ]
                }
              ]
            }
          ]
        }
      ]
    },
    "Planning Time": 0.373,
    "Triggers": [],
    "Execution Time": 1430.151
  }
]