[
  {
    "Plan": {
      "Node Type": "Aggregate",
      "Strategy": "Plain",
      "Partial Mode": "Finalize",
      "Parallel Aware": false,
      "Startup Cost": 30938.01,
      "Total Cost": 30938.02,
      "Plan Rows": 1,
      "Plan Width": 8,
      "Actual Startup Time": 100.454,
      "Actual Total Time": 106.031,
      "Actual Rows": 1,
      "Actual Loops": 1,
      "Plans": [
        {
          "Node Type": "Gather",
          "Parent Relationship": "Outer",
          "Parallel Aware": false,
          "Startup Cost": 30937.69,
          "Total Cost": 30938.0,
          "Plan Rows": 3,
          "Plan Width": 8,
          "Actual Startup Time": 100.331,
          "Actual Total Time": 106.023,
          "Actual Rows": 4,
          "Actual Loops": 1,
          "Workers Planned": 3,
          "Workers Launched": 3,
          "Single Copy": false,
          "Plans": [
            {
              "Node Type": "Aggregate",
              "Strategy": "Plain",
              "Partial Mode": "Partial",
              "Parent Relationship": "Outer",
              "Parallel Aware": false,
              "Startup Cost": 29937.69,
              "Total Cost": 29937.7,
              "Plan Rows": 1,
              "Plan Width": 8,
              "Actual Startup Time": 93.387,
              "Actual Total Time": 93.388,
              "Actual Rows": 1,
              "Actual Loops": 4,
              "Plans": [
                {
                  "Node Type": "Seq Scan",
                  "Parent Relationship": "Outer",
                  "Parallel Aware": true,
                  "Relation Name": "movie_companies",
                  "Alias": "mc",
                  "Startup Cost": 0.0,
                  "Total Cost": 29310.68,
                  "Plan Rows": 250804,
                  "Plan Width": 0,
                  "Actual Startup Time": 0.038,
                  "Actual Total Time": 80.009,
                  "Actual Rows": 192186,
                  "Actual Loops": 4,
                  "Filter": "(company_id < 1620)",
                  "Rows Removed by Filter": 460096
                }
              ]
            }
          ]
        }
      ]
    },
    "Planning Time": 0.15,
    "Triggers": [],
    "Execution Time": 106.078
  }
]