[
  {
    "Plan": {
      "Node Type": "Aggregate",
      "Strategy": "Plain",
      "Partial Mode": "Finalize",
      "Parallel Aware": false,
      "Startup Cost": 46589.12,
      "Total Cost": 46589.13,
      "Plan Rows": 1,
      "Plan Width": 8,
      "Actual Startup Time": 176.649,
      "Actual Total Time": 186.935,
      "Actual Rows": 1,
      "Actual Loops": 1,
      "Plans": [
        {
          "Node Type": "Gather",
          "Parent Relationship": "Outer",
          "Parallel Aware": false,
          "Startup Cost": 46588.8,
          "Total Cost": 46589.11,
          "Plan Rows": 3,
          "Plan Width": 8,
          "Actual Startup Time": 176.519,
          "Actual Total Time": 186.925,
          "Actual Rows": 4,
          "Actual Loops": 1,
          "Workers Planned": 3,
          "Workers Launched": 3,
          "Single Copy": false,
          "Plans": [
            {
              "Node Type": "Aggregate",
              "Strategy": "Plain",
              "Partial Mode": "Partial",
              "Parent Relationship": "Outer",
              "Parallel Aware": false,
              "Startup Cost": 45588.8,
              "Total Cost": 45588.81,
              "Plan Rows": 1,
              "Plan Width": 8,
              "Actual Startup Time": 172.48,
              "Actual Total Time": 172.482,
              "Actual Rows": 1,
              "Actual Loops": 4,
              "Plans": [
                {
                  "Node Type": "Seq Scan",
                  "Parent Relationship": "Outer",
                  "Parallel Aware": true,
                  "Relation Name": "movie_keyword",
                  "Alias": "mk",
                  "Startup Cost": 0.0,
                  "Total Cost": 42695.65,
                  "Plan Rows": 1157258,
                  "Plan Width": 0,
                  "Actual Startup Time": 0.13,
                  "Actual Total Time": 128.399,
                  "Actual Rows": 894902,
                  "Actual Loops": 4,
                  "Filter": "(keyword_id > 880)",
                  "Rows Removed by Filter": 236080
                }
              ]
            }
          ]
        }
      ]
    },
    "Planning Time": 0.184,
    "Triggers": [],
    "Execution Time": 186.991
  }
]