[
  {
    "Plan": {
      "Node Type": "Aggregate",
      "Strategy": "Plain",
      "Partial Mode": "Finalize",
      "Parallel Aware": false,
      "Startup Cost": 46587.51,
      "Total Cost": 46587.52,
      "Plan Rows": 1,
      "Plan Width": 8,
      "Actual Startup Time": 183.643,
      "Actual Total Time": 193.612,
      "Actual Rows": 1,
      "Actual Loops": 1,
      "Plans": [
        {
          "Node Type": "Gather",
          "Parent Relationship": "Outer",
          "Parallel Aware": false,
          "Startup Cost": 46587.19,
          "Total Cost": 46587.5,
          "Plan Rows": 3,
          "Plan Width": 8,
          "Actual Startup Time": 183.526,
          "Actual Total Time": 193.602,
          "Actual Rows": 4,
          "Actual Loops": 1,
          "Workers Planned": 3,
          "Workers Launched": 3,
          "Single Copy": false,
          "Plans": [
            {
              "Node Type": "Aggregate",
              "Strategy": "Plain",
              "Partial Mode": "Partial",
              "Parent Relationship": "Outer",
              "Parallel Aware": false,
              "Startup Cost": 45587.19,
              "Total Cost": 45587.2,
              "Plan Rows": 1,
              "Plan Width": 8,
              "Actual Startup Time": 174.944,
              "Actual Total Time": 174.946,
              "Actual Rows": 1,
              "Actual Loops": 4,
              "Plans": [
                {
                  "Node Type": "Seq Scan",
                  "Parent Relationship": "Outer",
                  "Parallel Aware": true,
                  "Relation Name": "movie_keyword",
                  "Alias": "mk",
                  "Startup Cost": 0.0,
                  "Total Cost": 42695.65,
                  "Plan Rows": 1156615,
                  "Plan Width": 0,
                  "Actual Startup Time": 0.138,
                  "Actual Total Time": 131.594,
                  "Actual Rows": 894902,
                  "Actual Loops": 4,
                  "Filter": "(keyword_id > 880)",
                  "Rows Removed by Filter": 236080
                }
              ]
            }
          ]
        }
      ]
    },
    "Planning Time": 0.16,
    "Triggers": [],
    "Execution Time": 193.686
  }
]