{
  "Plan": {
    "Node Type": "Aggregate",
    "Strategy": "Plain",
    "Partial Mode": "Finalize",
    "Parallel Aware": false,
    "Startup Cost": 506202.28,
    "Total Cost": 506202.29,
    "Plan Rows": 1,
    "Plan Width": 8,
    "Actual Startup Time": 2115.614,
    "Actual Total Time": 2188.251,
    "Actual Rows": 1,
    "Actual Loops": 1,
    "Plans": [
      {
        "Node Type": "Gather",
        "Parent Relationship": "Outer",
        "Parallel Aware": false,
        "Startup Cost": 506202.17,
        "Total Cost": 506202.28,
        "Plan Rows": 1,
        "Plan Width": 8,
        "Actual Startup Time": 2115.28,
        "Actual Total Time": 2188.241,
        "Actual Rows": 2,
        "Actual Loops": 1,
        "Workers Planned": 1,
        "Workers Launched": 1,
        "Single Copy": false,
        "Plans": [
          {
            "Node Type": "Aggregate",
            "Strategy": "Plain",
            "Partial Mode": "Partial",
            "Parent Relationship": "Outer",
            "Parallel Aware": false,
            "Startup Cost": 505202.17,
            "Total Cost": 505202.18,
            "Plan Rows": 1,
            "Plan Width": 8,
            "Actual Startup Time": 2108.962,
            "Actual Total Time": 2108.967,
            "Actual Rows": 1,
            "Actual Loops": 2,
            "Plans": [
              {
                "Node Type": "Nested Loop",
                "Parent Relationship": "Outer",
                "Parallel Aware": false,
                "Join Type": "Inner",
                "Startup Cost": 54779.63,
                "Total Cost": 504950.15,
                "Plan Rows": 100809,
                "Plan Width": 0,
                "Actual Startup Time": 140.366,
                "Actual Total Time": 2081.449,
                "Actual Rows": 634692,
                "Actual Loops": 2,
                "Inner Unique": false,
                "Join Filter": "(t.id = mi.movie_id)",
                "Rows Removed by Join Filter": 0,
                "Plans": [
                  {
                    "Node Type": "Hash Join",
                    "Parent Relationship": "Outer",
                    "Parallel Aware": true,
                    "Join Type": "Inner",
                    "Startup Cost": 54779.19,
                    "Total Cost": 461597.99,
                    "Plan Rows": 22774,
                    "Plan Width": 8,
                    "Actual Startup Time": 140.301,
                    "Actual Total Time": 1478.419,
                    "Actual Rows": 48740,
                    "Actual Loops": 2,
                    "Inner Unique": true,
                    "Hash Cond": "(ci.movie_id = t.id)",
                    "Plans": [
                      {
                        "Node Type": "Index Scan",
                        "Parent Relationship": "Outer",
                        "Parallel Aware": true,
                        "Scan Direction": "Forward",
                        "Index Name": "role_id_cast_info",
                        "Relation Name": "cast_info",
                        "Alias": "ci",
                        "Startup Cost": 0.56,
                        "Total Cost": 400977.7,
                        "Plan Rows": 2225392,
                        "Plan Width": 4,
                        "Actual Startup Time": 0.041,
                        "Actual Total Time": 918.616,
                        "Actual Rows": 3960827,
                        "Actual Loops": 2,
                        "Index Cond": "(role_id = 1)",
                        "Rows Removed by Index Recheck": 0,
                        "Filter": "(person_id < 1080186)",
                        "Rows Removed by Filter": 2374517
                      },
                      {
                        "Node Type": "Hash",
                        "Parent Relationship": "Inner",
                        "Parallel Aware": true,
                        "Startup Cost": 54588.39,
                        "Total Cost": 54588.39,
                        "Plan Rows": 15219,
                        "Plan Width": 4,
                        "Actual Startup Time": 139.016,
                        "Actual Total Time": 139.017,
                        "Actual Rows": 13388,
                        "Actual Loops": 2,
                        "Hash Buckets": 32768,
                        "Original Hash Buckets": 32768,
                        "Hash Batches": 1,
                        "Original Hash Batches": 1,
                        "Peak Memory Usage": 1312,
                        "Plans": [
                          {
                            "Node Type": "Seq Scan",
                            "Parent Relationship": "Outer",
                            "Parallel Aware": true,
                            "Relation Name": "title",
                            "Alias": "t",
                            "Startup Cost": 0.0,
                            "Total Cost": 54588.39,
                            "Plan Rows": 15219,
                            "Plan Width": 4,
                            "Actual Startup Time": 0.042,
                            "Actual Total Time": 134.345,
                            "Actual Rows": 13388,
                            "Actual Loops": 2,
                            "Filter": "(production_year = 1993)",
                            "Rows Removed by Filter": 1250768
                          }
                        ]
                      }
                    ]
                  },
                  {
                    "Node Type": "Index Scan",
                    "Parent Relationship": "Inner",
                    "Parallel Aware": false,
                    "Scan Direction": "Forward",
                    "Index Name": "movie_id_movie_info",
                    "Relation Name": "movie_info",
                    "Alias": "mi",
                    "Startup Cost": 0.43,
                    "Total Cost": 1.5,
                    "Plan Rows": 32,
                    "Plan Width": 4,
                    "Actual Startup Time": 0.004,
                    "Actual Total Time": 0.011,
                    "Actual Rows": 13,
                    "Actual Loops": 97480,
                    "Index Cond": "(movie_id = ci.movie_id)",
                    "Rows Removed by Index Recheck": 0,
                    "Filter": "(info_type_id > 3)",
                    "Rows Removed by Filter": 2
                  }
                ]
              }
            ]
          }
        ]
      }
    ]
  },
  "Planning Time": 1.038,
  "Triggers": [],
  "Execution Time": 2188.36
}