[
  {
    "Plan": {
      "Node Type": "Aggregate",
      "Strategy": "Plain",
      "Partial Mode": "Finalize",
      "Parallel Aware": false,
      "Startup Cost": 381677.18,
      "Total Cost": 381677.19,
      "Plan Rows": 1,
      "Plan Width": 8,
      "Actual Startup Time": 940.016,
      "Actual Total Time": 1014.034,
      "Actual Rows": 1,
      "Actual Loops": 1,
      "Plans": [
        {
          "Node Type": "Gather",
          "Parent Relationship": "Outer",
          "Parallel Aware": false,
          "Startup Cost": 381676.56,
          "Total Cost": 381677.17,
          "Plan Rows": 6,
          "Plan Width": 8,
          "Actual Startup Time": 938.874,
          "Actual Total Time": 1014.022,
          "Actual Rows": 7,
          "Actual Loops": 1,
          "Workers Planned": 6,
          "Workers Launched": 6,
          "Single Copy": false,
          "Plans": [
            {
              "Node Type": "Aggregate",
              "Strategy": "Plain",
              "Partial Mode": "Partial",
              "Parent Relationship": "Outer",
              "Parallel Aware": false,
              "Startup Cost": 380676.56,
              "Total Cost": 380676.57,
              "Plan Rows": 1,
              "Plan Width": 8,
              "Actual Startup Time": 927.57,
              "Actual Total Time": 927.574,
              "Actual Rows": 1,
              "Actual Loops": 7,
              "Plans": [
                {
                  "Node Type": "Hash Join",
                  "Parent Relationship": "Outer",
                  "Parallel Aware": true,
                  "Join Type": "Inner",
                  "Startup Cost": 45715.24,
                  "Total Cost": 380488.38,
                  "Plan Rows": 75271,
                  "Plan Width": 0,
                  "Actual Startup Time": 301.397,
                  "Actual Total Time": 923.474,
                  "Actual Rows": 82472,
                  "Actual Loops": 7,
                  "Inner Unique": true,
                  "Hash Cond": "(ci.movie_id = t.id)",
                  "Plans": [
                    {
                      "Node Type": "Seq Scan",
                      "Parent Relationship": "Outer",
                      "Parallel Aware": true,
                      "Relation Name": "cast_info",
                      "Alias": "ci",
                      "Startup Cost": 0.0,
                      "Total Cost": 328162.03,
                      "Plan Rows": 2518518,
                      "Plan Width": 4,
                      "Actual Startup Time": 218.281,
                      "Actual Total Time": 563.187,
                      "Actual Rows": 2152413,
                      "Actual Loops": 7,
                      "Filter": "(person_id > 2139619)",
                      "Rows Removed by Filter": 3025350
                    },
                    {
                      "Node Type": "Hash",
                      "Parent Relationship": "Inner",
                      "Parallel Aware": true,
                      "Startup Cost": 45479.1,
                      "Total Cost": 45479.1,
                      "Plan Rows": 18891,
                      "Plan Width": 4,
                      "Actual Startup Time": 81.465,
                      "Actual Total Time": 81.468,
                      "Actual Rows": 12011,
                      "Actual Loops": 7,
                      "Hash Buckets": 131072,
                      "Original Hash Buckets": 131072,
                      "Hash Batches": 1,
                      "Original Hash Batches": 1,
                      "Peak Memory Usage": 4416,
                      "Plans": [
                        {
                          "Node Type": "Seq Scan",
                          "Parent Relationship": "Outer",
                          "Parallel Aware": true,
                          "Relation Name": "title",
                          "Alias": "t",
                          "Startup Cost": 0.0,
                          "Total Cost": 45479.1,
                          "Plan Rows": 18891,
                          "Plan Width": 4,
                          "Actual Startup Time": 0.05,
                          "Actual Total Time": 75.037,
                          "Actual Rows": 12011,
                          "Actual Loops": 7,
                          "Filter": "((kind_id = 7) AND (production_year = 2007))",
                          "Rows Removed by Filter": 349177
                        }
                      ]
                    }
                  ]
                }
              ]
            }
          ]
        }
      ]
    },
    "Planning Time": 0.629,
    "Triggers": [],
    "Execution Time": 1014.108
  }
]