[
  {
    "Plan": {
      "Node Type": "Aggregate",
      "Strategy": "Plain",
      "Partial Mode": "Finalize",
      "Parallel Aware": false,
      "Startup Cost": 43404.25,
      "Total Cost": 43404.26,
      "Plan Rows": 1,
      "Plan Width": 8,
      "Actual Startup Time": 175.247,
      "Actual Total Time": 183.863,
      "Actual Rows": 1,
      "Actual Loops": 1,
      "Plans": [
        {
          "Node Type": "Gather",
          "Parent Relationship": "Outer",
          "Parallel Aware": false,
          "Startup Cost": 43403.93,
          "Total Cost": 43404.24,
          "Plan Rows": 3,
          "Plan Width": 8,
          "Actual Startup Time": 175.014,
          "Actual Total Time": 183.851,
          "Actual Rows": 4,
          "Actual Loops": 1,
          "Workers Planned": 3,
          "Workers Launched": 3,
          "Single Copy": false,
          "Plans": [
            {
              "Node Type": "Aggregate",
              "Strategy": "Plain",
              "Partial Mode": "Partial",
              "Parent Relationship": "Outer",
              "Parallel Aware": false,
              "Startup Cost": 42403.93,
              "Total Cost": 42403.94,
              "Plan Rows": 1,
              "Plan Width": 8,
              "Actual Startup Time": 167.991,
              "Actual Total Time": 167.992,
              "Actual Rows": 1,
              "Actual Loops": 4,
              "Plans": [
                {
                  "Node Type": "Bitmap Heap Scan",
                  "Parent Relationship": "Outer",
                  "Parallel Aware": true,
                  "Relation Name": "movie_keyword",
                  "Alias": "mk",
                  "Startup Cost": 14616.1,
                  "Total Cost": 41848.29,
                  "Plan Rows": 222255,
                  "Plan Width": 0,
                  "Actual Startup Time": 74.604,
                  "Actual Total Time": 157.131,
                  "Actual Rows": 168859,
                  "Actual Loops": 4,
                  "Recheck Cond": "(keyword_id > 27754)",
                  "Rows Removed by Index Recheck": 0,
                  "Exact Heap Blocks": 7387,
                  "Lossy Heap Blocks": 0,
                  "Plans": [
                    {
                      "Node Type": "Bitmap Index Scan",
                      "Parent Relationship": "Outer",
                      "Parallel Aware": false,
                      "Index Name": "keyword_id_movie_keyword",
                      "Startup Cost": 0.0,
                      "Total Cost": 14443.86,
                      "Plan Rows": 688990,
                      "Plan Width": 0,
                      "Actual Startup Time": 74.957,
                      "Actual Total Time": 74.958,
                      "Actual Rows": 675436,
                      "Actual Loops": 1,
                      "Index Cond": "(keyword_id > 27754)"
                    }
                  ]
                }
              ]
            }
          ]
        }
      ]
    },
    "Planning Time": 0.189,
    "Triggers": [],
    "Execution Time": 183.951
  }
]