[
  {
    "Plan": {
      "Node Type": "Aggregate",
      "Strategy": "Plain",
      "Partial Mode": "Finalize",
      "Parallel Aware": false,
      "Startup Cost": 239648.33,
      "Total Cost": 239648.34,
      "Plan Rows": 1,
      "Plan Width": 8,
      "Actual Startup Time": 350.176,
      "Actual Total Time": 362.854,
      "Actual Rows": 1,
      "Actual Loops": 1,
      "Plans": [
        {
          "Node Type": "Gather",
          "Parent Relationship": "Outer",
          "Parallel Aware": false,
          "Startup Cost": 239647.81,
          "Total Cost": 239648.32,
          "Plan Rows": 5,
          "Plan Width": 8,
          "Actual Startup Time": 343.438,
          "Actual Total Time": 362.832,
          "Actual Rows": 6,
          "Actual Loops": 1,
          "Workers Planned": 5,
          "Workers Launched": 5,
          "Single Copy": false,
          "Plans": [
            {
              "Node Type": "Aggregate",
              "Strategy": "Plain",
              "Partial Mode": "Partial",
              "Parent Relationship": "Outer",
              "Parallel Aware": false,
              "Startup Cost": 238647.81,
              "Total Cost": 238647.82,
              "Plan Rows": 1,
              "Plan Width": 8,
              "Actual Startup Time": 329.18,
              "Actual Total Time": 329.183,
              "Actual Rows": 1,
              "Actual Loops": 6,
              "Plans": [
                {
                  "Node Type": "Hash Join",
                  "Parent Relationship": "Outer",
                  "Parallel Aware": true,
                  "Join Type": "Inner",
                  "Startup Cost": 72246.64,
                  "Total Cost": 238309.21,
                  "Plan Rows": 135439,
                  "Plan Width": 0,
                  "Actual Startup Time": 234.473,
                  "Actual Total Time": 326.913,
                  "Actual Rows": 40550,
                  "Actual Loops": 6,
                  "Inner Unique": true,
                  "Hash Cond": "(mi.movie_id = t.id)",
                  "Plans": [
                    {
                      "Node Type": "Bitmap Heap Scan",
                      "Parent Relationship": "Outer",
                      "Parallel Aware": true,
                      "Relation Name": "movie_info",
                      "Alias": "mi",
                      "Startup Cost": 24370.61,
                      "Total Cost": 189726.89,
                      "Plan Rows": 269063,
                      "Plan Width": 4,
                      "Actual Startup Time": 49.978,
                      "Actual Total Time": 89.048,
                      "Actual Rows": 233650,
                      "Actual Loops": 6,
                      "Recheck Cond": "(info_type_id = 7)",
                      "Rows Removed by Index Recheck": 0,
                      "Exact Heap Blocks": 1798,
                      "Lossy Heap Blocks": 0,
                      "Plans": [
                        {
                          "Node Type": "Bitmap Index Scan",
                          "Parent Relationship": "Outer",
                          "Parallel Aware": false,
                          "Index Name": "info_type_id_movie_info",
                          "Startup Cost": 0.0,
                          "Total Cost": 24034.28,
                          "Plan Rows": 1345313,
                          "Plan Width": 0,
                          "Actual Startup Time": 48.032,
                          "Actual Total Time": 48.032,
                          "Actual Rows": 1401902,
                          "Actual Loops": 1,
                          "Index Cond": "(info_type_id = 7)"
                        }
                      ]
                    },
                    {
                      "Node Type": "Hash",
                      "Parent Relationship": "Inner",
                      "Parallel Aware": true,
                      "Startup Cost": 43898.92,
                      "Total Cost": 43898.92,
                      "Plan Rows": 318169,
                      "Plan Width": 4,
                      "Actual Startup Time": 178.894,
                      "Actual Total Time": 178.895,
                      "Actual Rows": 210049,
                      "Actual Loops": 6,
                      "Hash Buckets": 2097152,
                      "Original Hash Buckets": 2097152,
                      "Hash Batches": 1,
                      "Original Hash Batches": 1,
                      "Peak Memory Usage": 65760,
                      "Plans": [
                        {
                          "Node Type": "Seq Scan",
                          "Parent Relationship": "Outer",
                          "Parallel Aware": true,
                          "Relation Name": "title",
                          "Alias": "t",
                          "Startup Cost": 0.0,
                          "Total Cost": 43898.92,
                          "Plan Rows": 318169,
                          "Plan Width": 4,
                          "Actual Startup Time": 0.042,
                          "Actual Total Time": 83.839,
                          "Actual Rows": 210049,
                          "Actual Loops": 6,
                          "Filter": "(production_year > 2002)",
                          "Rows Removed by Filter": 211336
                        }
                      ]
                    }
                  ]
                }
              ]
            }
          ]
        }
      ]
    },
    "Planning Time": 0.52,
    "Triggers": [],
    "Execution Time": 362.933
  }
]