[
  {
    "Plan": {
      "Node Type": "Aggregate",
      "Strategy": "Plain",
      "Partial Mode": "Finalize",
      "Parallel Aware": false,
      "Startup Cost": 46410.29,
      "Total Cost": 46410.3,
      "Plan Rows": 1,
      "Plan Width": 8,
      "Actual Startup Time": 169.544,
      "Actual Total Time": 180.376,
      "Actual Rows": 1,
      "Actual Loops": 1,
      "Plans": [
        {
          "Node Type": "Gather",
          "Parent Relationship": "Outer",
          "Parallel Aware": false,
          "Startup Cost": 46409.97,
          "Total Cost": 46410.28,
          "Plan Rows": 3,
          "Plan Width": 8,
          "Actual Startup Time": 169.251,
          "Actual Total Time": 180.365,
          "Actual Rows": 4,
          "Actual Loops": 1,
          "Workers Planned": 3,
          "Workers Launched": 3,
          "Single Copy": false,
          "Plans": [
            {
              "Node Type": "Aggregate",
              "Strategy": "Plain",
              "Partial Mode": "Partial",
              "Parent Relationship": "Outer",
              "Parallel Aware": false,
              "Startup Cost": 45409.97,
              "Total Cost": 45409.98,
              "Plan Rows": 1,
              "Plan Width": 8,
              "Actual Startup Time": 165.624,
              "Actual Total Time": 165.625,
              "Actual Rows": 1,
              "Actual Loops": 4,
              "Plans": [
                {
                  "Node Type": "Seq Scan",
                  "Parent Relationship": "Outer",
                  "Parallel Aware": true,
                  "Relation Name": "movie_keyword",
                  "Alias": "mk",
                  "Startup Cost": 0.0,
                  "Total Cost": 42695.65,
                  "Plan Rows": 1085727,
                  "Plan Width": 0,
                  "Actual Startup Time": 0.027,
                  "Actual Total Time": 125.471,
                  "Actual Rows": 838971,
                  "Actual Loops": 4,
                  "Filter": "(keyword_id < 16018)",
                  "Rows Removed by Filter": 292012
                }
              ]
            }
          ]
        }
      ]
    },
    "Planning Time": 0.097,
    "Triggers": [],
    "Execution Time": 180.407
  }
]