[
  {
    "Plan": {
      "Node Type": "Aggregate",
      "Strategy": "Plain",
      "Partial Mode": "Finalize",
      "Parallel Aware": false,
      "Startup Cost": 46408.99,
      "Total Cost": 46409.0,
      "Plan Rows": 1,
      "Plan Width": 8,
      "Actual Startup Time": 175.883,
      "Actual Total Time": 186.459,
      "Actual Rows": 1,
      "Actual Loops": 1,
      "Plans": [
        {
          "Node Type": "Gather",
          "Parent Relationship": "Outer",
          "Parallel Aware": false,
          "Startup Cost": 46408.68,
          "Total Cost": 46408.99,
          "Plan Rows": 3,
          "Plan Width": 8,
          "Actual Startup Time": 175.585,
          "Actual Total Time": 186.45,
          "Actual Rows": 4,
          "Actual Loops": 1,
          "Workers Planned": 3,
          "Workers Launched": 3,
          "Single Copy": false,
          "Plans": [
            {
              "Node Type": "Aggregate",
              "Strategy": "Plain",
              "Partial Mode": "Partial",
              "Parent Relationship": "Outer",
              "Parallel Aware": false,
              "Startup Cost": 45408.68,
              "Total Cost": 45408.69,
              "Plan Rows": 1,
              "Plan Width": 8,
              "Actual Startup Time": 167.673,
              "Actual Total Time": 167.675,
              "Actual Rows": 1,
              "Actual Loops": 4,
              "Plans": [
                {
                  "Node Type": "Seq Scan",
                  "Parent Relationship": "Outer",
                  "Parallel Aware": true,
                  "Relation Name": "movie_keyword",
                  "Alias": "mk",
                  "Startup Cost": 0.0,
                  "Total Cost": 42695.65,
                  "Plan Rows": 1085209,
                  "Plan Width": 0,
                  "Actual Startup Time": 0.057,
                  "Actual Total Time": 127.421,
                  "Actual Rows": 838971,
                  "Actual Loops": 4,
                  "Filter": "(keyword_id < 16018)",
                  "Rows Removed by Filter": 292012
                }
              ]
            }
          ]
        }
      ]
    },
    "Planning Time": 0.181,
    "Triggers": [],
    "Execution Time": 186.514
  }
]