{
  "Plan": {
    "Node Type": "Aggregate",
    "Strategy": "Plain",
    "Partial Mode": "Finalize",
    "Parallel Aware": false,
    "Startup Cost": 398657.23,
    "Total Cost": 398657.24,
    "Plan Rows": 1,
    "Plan Width": 8,
    "Actual Startup Time": 6039.721,
    "Actual Total Time": 6079.624,
    "Actual Rows": 1,
    "Actual Loops": 1,
    "Plans": [
      {
        "Node Type": "Gather",
        "Parent Relationship": "Outer",
        "Parallel Aware": false,
        "Startup Cost": 398657.11,
        "Total Cost": 398657.22,
        "Plan Rows": 1,
        "Plan Width": 8,
        "Actual Startup Time": 6029.458,
        "Actual Total Time": 6079.614,
        "Actual Rows": 2,
        "Actual Loops": 1,
        "Workers Planned": 1,
        "Workers Launched": 1,
        "Single Copy": false,
        "Plans": [
          {
            "Node Type": "Aggregate",
            "Strategy": "Plain",
            "Partial Mode": "Partial",
            "Parent Relationship": "Outer",
            "Parallel Aware": false,
            "Startup Cost": 397657.11,
            "Total Cost": 397657.12,
            "Plan Rows": 1,
            "Plan Width": 8,
            "Actual Startup Time": 6017.494,
            "Actual Total Time": 6017.792,
            "Actual Rows": 1,
            "Actual Loops": 2,
            "Plans": [
              {
                "Node Type": "Hash Join",
                "Parent Relationship": "Outer",
                "Parallel Aware": true,
                "Join Type": "Inner",
                "Startup Cost": 311048.72,
                "Total Cost": 391867.91,
                "Plan Rows": 2315681,
                "Plan Width": 0,
                "Actual Startup Time": 1385.374,
                "Actual Total Time": 4428.042,
                "Actual Rows": 41083232,
                "Actual Loops": 2,
                "Inner Unique": false,
                "Hash Cond": "(mk.movie_id = t.id)",
                "Plans": [
                  {
                    "Node Type": "Seq Scan",
                    "Parent Relationship": "Outer",
                    "Parallel Aware": true,
                    "Relation Name": "movie_keyword",
                    "Alias": "mk",
                    "Startup Cost": 0.0,
                    "Total Cost": 57718.19,
                    "Plan Rows": 2527828,
                    "Plan Width": 4,
                    "Actual Startup Time": 0.028,
                    "Actual Total Time": 200.352,
                    "Actual Rows": 2144214,
                    "Actual Loops": 2,
                    "Filter": "(keyword_id > 188)",
                    "Rows Removed by Filter": 117752
                  },
                  {
                    "Node Type": "Hash",
                    "Parent Relationship": "Inner",
                    "Parallel Aware": true,
                    "Startup Cost": 294018.52,
                    "Total Cost": 294018.52,
                    "Plan Rows": 1362416,
                    "Plan Width": 8,
                    "Actual Startup Time": 1363.513,
                    "Actual Total Time": 1363.809,
                    "Actual Rows": 1116925,
                    "Actual Loops": 2,
                    "Hash Buckets": 4194304,
                    "Original Hash Buckets": 4194304,
                    "Hash Batches": 1,
                    "Original Hash Batches": 1,
                    "Peak Memory Usage": 120192,
                    "Plans": [
                      {
                        "Node Type": "Hash Join",
                        "Parent Relationship": "Outer",
                        "Parallel Aware": true,
                        "Join Type": "Inner",
                        "Startup Cost": 111418.96,
                        "Total Cost": 294018.52,
                        "Plan Rows": 1362416,
                        "Plan Width": 8,
                        "Actual Startup Time": 589.396,
                        "Actual Total Time": 1095.796,
                        "Actual Rows": 1116925,
                        "Actual Loops": 2,
                        "Inner Unique": true,
                        "Hash Cond": "(mi.movie_id = t.id)",
                        "Plans": [
                          {
                            "Node Type": "Bitmap Heap Scan",
                            "Parent Relationship": "Outer",
                            "Parallel Aware": true,
                            "Relation Name": "movie_info",
                            "Alias": "mi",
                            "Startup Cost": 41958.26,
                            "Total Cost": 220981.46,
                            "Plan Rows": 1362416,
                            "Plan Width": 4,
                            "Actual Startup Time": 83.664,
                            "Actual Total Time": 245.358,
                            "Actual Rows": 1116925,
                            "Actual Loops": 2,
                            "Recheck Cond": "(info_type_id > 16)",
                            "Rows Removed by Index Recheck": 0,
                            "Exact Heap Blocks": 26161,
                            "Lossy Heap Blocks": 0,
                            "Plans": [
                              {
                                "Node Type": "Bitmap Index Scan",
                                "Parent Relationship": "Outer",
                                "Parallel Aware": false,
                                "Index Name": "info_type_id_movie_info",
                                "Startup Cost": 0.0,
                                "Total Cost": 41379.24,
                                "Plan Rows": 2316107,
                                "Plan Width": 0,
                                "Actual Startup Time": 75.487,
                                "Actual Total Time": 75.487,
                                "Actual Rows": 2233850,
                                "Actual Loops": 1,
                                "Index Cond": "(info_type_id > 16)"
                              }
                            ]
                          },
                          {
                            "Node Type": "Hash",
                            "Parent Relationship": "Inner",
                            "Parallel Aware": true,
                            "Startup Cost": 50870.31,
                            "Total Cost": 50870.31,
                            "Plan Rows": 1487231,
                            "Plan Width": 4,
                            "Actual Startup Time": 493.842,
                            "Actual Total Time": 493.843,
                            "Actual Rows": 1264156,
                            "Actual Loops": 2,
                            "Hash Buckets": 4194304,
                            "Original Hash Buckets": 4194304,
                            "Hash Batches": 1,
                            "Original Hash Batches": 1,
                            "Peak Memory Usage": 131712,
                            "Plans": [
                              {
                                "Node Type": "Seq Scan",
                                "Parent Relationship": "Outer",
                                "Parallel Aware": true,
                                "Relation Name": "title",
                                "Alias": "t",
                                "Startup Cost": 0.0,
                                "Total Cost": 50870.31,
                                "Plan Rows": 1487231,
                                "Plan Width": 4,
                                "Actual Startup Time": 0.039,
                                "Actual Total Time": 149.045,
                                "Actual Rows": 1264156,
                                "Actual Loops": 2
                              }
                            ]
                          }
                        ]
                      }
                    ]
                  }
                ]
              }
            ]
          }
        ]
      }
    ]
  },
  "Planning Time": 0.856,
  "Triggers": [],
  "Execution Time": 6079.725
}