[
    {
        "Bao": {
            "Bao prediction": "NaN",
            "Bao recommended hint": "(no hint)"
        }
    },
    {
        "Plan": {
            "Node Type": "Aggregate",
            "Strategy": "Plain",
            "Partial Mode": "Finalize",
            "Parallel Aware": false,
            "Startup Cost": 37420.09,
            "Total Cost": 37420.1,
            "Plan Rows": 1,
            "Plan Width": 8,
            "Actual Startup Time": 109.156,
            "Actual Total Time": 115.074,
            "Actual Rows": 1,
            "Actual Loops": 1,
            "Output": [
                "count(*)"
            ],
            "Plans": [
                {
                    "Node Type": "Gather",
                    "Parent Relationship": "Outer",
                    "Parallel Aware": false,
                    "Startup Cost": 37419.77,
                    "Total Cost": 37420.08,
                    "Plan Rows": 3,
                    "Plan Width": 8,
                    "Actual Startup Time": 108.859,
                    "Actual Total Time": 115.064,
                    "Actual Rows": 4,
                    "Actual Loops": 1,
                    "Output": [
                        "(PARTIAL count(*))"
                    ],
                    "Workers Planned": 3,
                    "Workers Launched": 3,
                    "Single Copy": false,
                    "Plans": [
                        {
                            "Node Type": "Aggregate",
                            "Strategy": "Plain",
                            "Partial Mode": "Partial",
                            "Parent Relationship": "Outer",
                            "Parallel Aware": false,
                            "Startup Cost": 36419.77,
                            "Total Cost": 36419.78,
                            "Plan Rows": 1,
                            "Plan Width": 8,
                            "Actual Startup Time": 100.31,
                            "Actual Total Time": 100.312,
                            "Actual Rows": 1,
                            "Actual Loops": 4,
                            "Output": [
                                "PARTIAL count(*)"
                            ],
                            "Workers": [
                                {
                                    "Worker Number": 0,
                                    "Actual Startup Time": 97.207,
                                    "Actual Total Time": 97.209,
                                    "Actual Rows": 1,
                                    "Actual Loops": 1
                                },
                                {
                                    "Worker Number": 1,
                                    "Actual Startup Time": 97.533,
                                    "Actual Total Time": 97.535,
                                    "Actual Rows": 1,
                                    "Actual Loops": 1
                                },
                                {
                                    "Worker Number": 2,
                                    "Actual Startup Time": 98.007,
                                    "Actual Total Time": 98.008,
                                    "Actual Rows": 1,
                                    "Actual Loops": 1
                                }
                            ],
                            "Plans": [
                                {
                                    "Node Type": "Bitmap Heap Scan",
                                    "Parent Relationship": "Outer",
                                    "Parallel Aware": true,
                                    "Relation Name": "movie_keyword",
                                    "Schema": "public",
                                    "Alias": "mk",
                                    "Startup Cost": 9743.6,
                                    "Total Cost": 36049.41,
                                    "Plan Rows": 148145,
                                    "Plan Width": 0,
                                    "Actual Startup Time": 23.49,
                                    "Actual Total Time": 93.694,
                                    "Actual Rows": 112840,
                                    "Actual Loops": 4,
                                    "Recheck Cond": "(mk.keyword_id > 39264)",
                                    "Rows Removed by Index Recheck": 0,
                                    "Exact Heap Blocks": 10887,
                                    "Lossy Heap Blocks": 0,
                                    "Workers": [
                                        {
                                            "Worker Number": 0,
                                            "Actual Startup Time": 20.776,
                                            "Actual Total Time": 91.29,
                                            "Actual Rows": 85755,
                                            "Actual Loops": 1
                                        },
                                        {
                                            "Worker Number": 1,
                                            "Actual Startup Time": 20.655,
                                            "Actual Total Time": 91.549,
                                            "Actual Rows": 86834,
                                            "Actual Loops": 1
                                        },
                                        {
                                            "Worker Number": 2,
                                            "Actual Startup Time": 21.216,
                                            "Actual Total Time": 92.015,
                                            "Actual Rows": 64788,
                                            "Actual Loops": 1
                                        }
                                    ],
                                    "Plans": [
                                        {
                                            "Node Type": "Bitmap Index Scan",
                                            "Parent Relationship": "Outer",
                                            "Parallel Aware": false,
                                            "Index Name": "keyword_id_movie_keyword",
                                            "Startup Cost": 0.0,
                                            "Total Cost": 9628.79,
                                            "Plan Rows": 459248,
                                            "Plan Width": 0,
                                            "Actual Startup Time": 27.951,
                                            "Actual Total Time": 27.951,
                                            "Actual Rows": 451359,
                                            "Actual Loops": 1,
                                            "Index Cond": "(mk.keyword_id > 39264)"
                                        }
                                    ]
                                }
                            ]
                        }
                    ]
                }
            ]
        },
        "Planning Time": 196.536,
        "Triggers": [],
        "Execution Time": 115.184
    }
]