[
  {
    "Plan": {
      "Node Type": "Aggregate",
      "Strategy": "Plain",
      "Partial Mode": "Finalize",
      "Parallel Aware": false,
      "Startup Cost": 217509.89,
      "Total Cost": 217509.9,
      "Plan Rows": 1,
      "Plan Width": 8,
      "Actual Startup Time": 2159.934,
      "Actual Total Time": 2252.452,
      "Actual Rows": 1,
      "Actual Loops": 1,
      "Plans": [
        {
          "Node Type": "Gather",
          "Parent Relationship": "Outer",
          "Parallel Aware": false,
          "Startup Cost": 217509.57,
          "Total Cost": 217509.88,
          "Plan Rows": 3,
          "Plan Width": 8,
          "Actual Startup Time": 2153.356,
          "Actual Total Time": 2252.441,
          "Actual Rows": 4,
          "Actual Loops": 1,
          "Workers Planned": 3,
          "Workers Launched": 3,
          "Single Copy": false,
          "Plans": [
            {
              "Node Type": "Aggregate",
              "Strategy": "Plain",
              "Partial Mode": "Partial",
              "Parent Relationship": "Outer",
              "Parallel Aware": false,
              "Startup Cost": 216509.57,
              "Total Cost": 216509.58,
              "Plan Rows": 1,
              "Plan Width": 8,
              "Actual Startup Time": 2144.444,
              "Actual Total Time": 2144.448,
              "Actual Rows": 1,
              "Actual Loops": 4,
              "Plans": [
                {
                  "Node Type": "Nested Loop",
                  "Parent Relationship": "Outer",
                  "Parallel Aware": false,
                  "Join Type": "Inner",
                  "Startup Cost": 55052.34,
                  "Total Cost": 214410.68,
                  "Plan Rows": 839559,
                  "Plan Width": 0,
                  "Actual Startup Time": 325.358,
                  "Actual Total Time": 2064.862,
                  "Actual Rows": 1356172,
                  "Actual Loops": 4,
                  "Inner Unique": false,
                  "Plans": [
                    {
                      "Node Type": "Hash Join",
                      "Parent Relationship": "Outer",
                      "Parallel Aware": true,
                      "Join Type": "Inner",
                      "Startup Cost": 55051.78,
                      "Total Cost": 75087.59,
                      "Plan Rows": 58556,
                      "Plan Width": 8,
                      "Actual Startup Time": 325.253,
                      "Actual Total Time": 414.286,
                      "Actual Rows": 53896,
                      "Actual Loops": 4,
                      "Inner Unique": true,
                      "Hash Cond": "(mc.movie_id = t.id)",
                      "Plans": [
                        {
                          "Node Type": "Bitmap Heap Scan",
                          "Parent Relationship": "Outer",
                          "Parallel Aware": true,
                          "Relation Name": "movie_companies",
                          "Alias": "mc",
                          "Startup Cost": 5535.31,
                          "Total Cost": 25354.9,
                          "Plan Rows": 82367,
                          "Plan Width": 4,
                          "Actual Startup Time": 13.292,
                          "Actual Total Time": 44.758,
                          "Actual Rows": 62230,
                          "Actual Loops": 4,
                          "Recheck Cond": "(company_id < 119)",
                          "Rows Removed by Index Recheck": 0,
                          "Exact Heap Blocks": 4859,
                          "Lossy Heap Blocks": 0,
                          "Plans": [
                            {
                              "Node Type": "Bitmap Index Scan",
                              "Parent Relationship": "Outer",
                              "Parallel Aware": false,
                              "Index Name": "company_id_movie_companies",
                              "Startup Cost": 0.0,
                              "Total Cost": 5471.47,
                              "Plan Rows": 255339,
                              "Plan Width": 0,
                              "Actual Startup Time": 10.782,
                              "Actual Total Time": 10.783,
                              "Actual Rows": 248921,
                              "Actual Loops": 1,
                              "Index Cond": "(company_id < 119)"
                            }
                          ]
                        },
                        {
                          "Node Type": "Hash",
                          "Parent Relationship": "Inner",
                          "Parallel Aware": true,
                          "Startup Cost": 43899.32,
                          "Total Cost": 43899.32,
                          "Plan Rows": 449372,
                          "Plan Width": 4,
                          "Actual Startup Time": 306.362,
                          "Actual Total Time": 306.363,
                          "Actual Rows": 448538,
                          "Actual Loops": 4,
                          "Hash Buckets": 2097152,
                          "Original Hash Buckets": 2097152,
                          "Hash Batches": 1,
                          "Original Hash Batches": 1,
                          "Peak Memory Usage": 86656,
                          "Plans": [
                            {
                              "Node Type": "Seq Scan",
                              "Parent Relationship": "Outer",
                              "Parallel Aware": true,
                              "Relation Name": "title",
                              "Alias": "t",
                              "Startup Cost": 0.0,
                              "Total Cost": 43899.32,
                              "Plan Rows": 449372,
                              "Plan Width": 4,
                              "Actual Startup Time": 0.037,
                              "Actual Total Time": 126.804,
                              "Actual Rows": 448538,
                              "Actual Loops": 4,
                              "Filter": "(production_year < 2009)",
                              "Rows Removed by Filter": 183540
                            }
                          ]
                        }
                      ]
                    },
                    {
                      "Node Type": "Index Only Scan",
                      "Parent Relationship": "Inner",
                      "Parallel Aware": false,
                      "Scan Direction": "Forward",
                      "Index Name": "movie_id_cast_info",
                      "Relation Name": "cast_info",
                      "Alias": "ci",
                      "Startup Cost": 0.56,
                      "Total Cost": 2.03,
                      "Plan Rows": 35,
                      "Plan Width": 4,
                      "Actual Startup Time": 0.005,
                      "Actual Total Time": 0.028,
                      "Actual Rows": 25,
                      "Actual Loops": 215583,
                      "Index Cond": "(movie_id = t.id)",
                      "Rows Removed by Index Recheck": 0,
                      "Heap Fetches": 5424686
                    }
                  ]
                }
              ]
            }
          ]
        }
      ]
    },
    "Planning Time": 0.596,
    "Triggers": [],
    "Execution Time": 2252.535
  }
]