[
  {
    "Plan": {
      "Node Type": "Aggregate",
      "Strategy": "Plain",
      "Partial Mode": "Finalize",
      "Parallel Aware": false,
      "Startup Cost": 332785.81,
      "Total Cost": 332785.82,
      "Plan Rows": 1,
      "Plan Width": 8,
      "Actual Startup Time": 638.226,
      "Actual Total Time": 696.713,
      "Actual Rows": 1,
      "Actual Loops": 1,
      "Plans": [
        {
          "Node Type": "Gather",
          "Parent Relationship": "Outer",
          "Parallel Aware": false,
          "Startup Cost": 332785.18,
          "Total Cost": 332785.79,
          "Plan Rows": 6,
          "Plan Width": 8,
          "Actual Startup Time": 638.085,
          "Actual Total Time": 696.701,
          "Actual Rows": 7,
          "Actual Loops": 1,
          "Workers Planned": 6,
          "Workers Launched": 6,
          "Single Copy": false,
          "Plans": [
            {
              "Node Type": "Aggregate",
              "Strategy": "Plain",
              "Partial Mode": "Partial",
              "Parent Relationship": "Outer",
              "Parallel Aware": false,
              "Startup Cost": 331785.18,
              "Total Cost": 331785.19,
              "Plan Rows": 1,
              "Plan Width": 8,
              "Actual Startup Time": 629.419,
              "Actual Total Time": 629.42,
              "Actual Rows": 1,
              "Actual Loops": 7,
              "Plans": [
                {
                  "Node Type": "Seq Scan",
                  "Parent Relationship": "Outer",
                  "Parallel Aware": true,
                  "Relation Name": "cast_info",
                  "Alias": "ci",
                  "Startup Cost": 0.0,
                  "Total Cost": 328162.03,
                  "Plan Rows": 1449262,
                  "Plan Width": 0,
                  "Actual Startup Time": 325.582,
                  "Actual Total Time": 574.466,
                  "Actual Rows": 1231508,
                  "Actual Loops": 7,
                  "Filter": "(person_id > 2826469)",
                  "Rows Removed by Filter": 3946255
                }
              ]
            }
          ]
        }
      ]
    },
    "Planning Time": 0.161,
    "Triggers": [],
    "Execution Time": 696.777
  }
]