[
  {
    "Plan": {
      "Node Type": "Aggregate",
      "Strategy": "Plain",
      "Partial Mode": "Finalize",
      "Parallel Aware": false,
      "Startup Cost": 31857.61,
      "Total Cost": 31857.62,
      "Plan Rows": 1,
      "Plan Width": 8,
      "Actual Startup Time": 108.339,
      "Actual Total Time": 115.366,
      "Actual Rows": 1,
      "Actual Loops": 1,
      "Plans": [
        {
          "Node Type": "Gather",
          "Parent Relationship": "Outer",
          "Parallel Aware": false,
          "Startup Cost": 31857.29,
          "Total Cost": 31857.6,
          "Plan Rows": 3,
          "Plan Width": 8,
          "Actual Startup Time": 108.178,
          "Actual Total Time": 115.357,
          "Actual Rows": 4,
          "Actual Loops": 1,
          "Workers Planned": 3,
          "Workers Launched": 3,
          "Single Copy": false,
          "Plans": [
            {
              "Node Type": "Aggregate",
              "Strategy": "Plain",
              "Partial Mode": "Partial",
              "Parent Relationship": "Outer",
              "Parallel Aware": false,
              "Startup Cost": 30857.29,
              "Total Cost": 30857.3,
              "Plan Rows": 1,
              "Plan Width": 8,
              "Actual Startup Time": 102.718,
              "Actual Total Time": 102.719,
              "Actual Rows": 1,
              "Actual Loops": 4,
              "Plans": [
                {
                  "Node Type": "Seq Scan",
                  "Parent Relationship": "Outer",
                  "Parallel Aware": true,
                  "Relation Name": "movie_companies",
                  "Alias": "mc",
                  "Startup Cost": 0.0,
                  "Total Cost": 29310.68,
                  "Plan Rows": 618645,
                  "Plan Width": 0,
                  "Actual Startup Time": 0.026,
                  "Actual Total Time": 79.354,
                  "Actual Rows": 480927,
                  "Actual Loops": 4,
                  "Filter": "(company_id < 47817)",
                  "Rows Removed by Filter": 171355
                }
              ]
            }
          ]
        }
      ]
    },
    "Planning Time": 0.218,
    "Triggers": [],
    "Execution Time": 115.423
  }
]