[
  {
    "Plan": {
      "Node Type": "Aggregate",
      "Strategy": "Plain",
      "Partial Mode": "Finalize",
      "Parallel Aware": false,
      "Startup Cost": 46748.92,
      "Total Cost": 46748.93,
      "Plan Rows": 1,
      "Plan Width": 8,
      "Actual Startup Time": 83.312,
      "Actual Total Time": 90.75,
      "Actual Rows": 1,
      "Actual Loops": 1,
      "Plans": [
        {
          "Node Type": "Gather",
          "Parent Relationship": "Outer",
          "Parallel Aware": false,
          "Startup Cost": 46748.5,
          "Total Cost": 46748.91,
          "Plan Rows": 4,
          "Plan Width": 8,
          "Actual Startup Time": 83.207,
          "Actual Total Time": 90.742,
          "Actual Rows": 5,
          "Actual Loops": 1,
          "Workers Planned": 4,
          "Workers Launched": 4,
          "Single Copy": false,
          "Plans": [
            {
              "Node Type": "Aggregate",
              "Strategy": "Plain",
              "Partial Mode": "Partial",
              "Parent Relationship": "Outer",
              "Parallel Aware": false,
              "Startup Cost": 45748.5,
              "Total Cost": 45748.51,
              "Plan Rows": 1,
              "Plan Width": 8,
              "Actual Startup Time": 78.63,
              "Actual Total Time": 78.631,
              "Actual Rows": 1,
              "Actual Loops": 5,
              "Plans": [
                {
                  "Node Type": "Seq Scan",
                  "Parent Relationship": "Outer",
                  "Parallel Aware": true,
                  "Relation Name": "title",
                  "Alias": "t",
                  "Startup Cost": 0.0,
                  "Total Cost": 45479.21,
                  "Plan Rows": 107718,
                  "Plan Width": 0,
                  "Actual Startup Time": 0.023,
                  "Actual Total Time": 74.992,
                  "Actual Rows": 58674,
                  "Actual Loops": 5,
                  "Filter": "((kind_id > 1) AND (production_year < 1985))",
                  "Rows Removed by Filter": 446988
                }
              ]
            }
          ]
        }
      ]
    },
    "Planning Time": 0.138,
    "Triggers": [],
    "Execution Time": 90.796
  }
]