[
  {
    "Plan": {
      "Node Type": "Aggregate",
      "Strategy": "Plain",
      "Partial Mode": "Finalize",
      "Parallel Aware": false,
      "Startup Cost": 29556.28,
      "Total Cost": 29556.29,
      "Plan Rows": 1,
      "Plan Width": 8,
      "Actual Startup Time": 81.406,
      "Actual Total Time": 86.05,
      "Actual Rows": 1,
      "Actual Loops": 1,
      "Plans": [
        {
          "Node Type": "Gather",
          "Parent Relationship": "Outer",
          "Parallel Aware": false,
          "Startup Cost": 29555.96,
          "Total Cost": 29556.27,
          "Plan Rows": 3,
          "Plan Width": 8,
          "Actual Startup Time": 81.274,
          "Actual Total Time": 86.042,
          "Actual Rows": 4,
          "Actual Loops": 1,
          "Workers Planned": 3,
          "Workers Launched": 3,
          "Single Copy": false,
          "Plans": [
            {
              "Node Type": "Aggregate",
              "Strategy": "Plain",
              "Partial Mode": "Partial",
              "Parent Relationship": "Outer",
              "Parallel Aware": false,
              "Startup Cost": 28555.96,
              "Total Cost": 28555.97,
              "Plan Rows": 1,
              "Plan Width": 8,
              "Actual Startup Time": 74.878,
              "Actual Total Time": 74.88,
              "Actual Rows": 1,
              "Actual Loops": 4,
              "Plans": [
                {
                  "Node Type": "Bitmap Heap Scan",
                  "Parent Relationship": "Outer",
                  "Parallel Aware": true,
                  "Relation Name": "movie_companies",
                  "Alias": "mc",
                  "Startup Cost": 7983.44,
                  "Total Cost": 28258.87,
                  "Plan Rows": 118835,
                  "Plan Width": 0,
                  "Actual Startup Time": 33.92,
                  "Actual Total Time": 68.296,
                  "Actual Rows": 92586,
                  "Actual Loops": 4,
                  "Recheck Cond": "(company_id > 85446)",
                  "Rows Removed by Index Recheck": 0,
                  "Exact Heap Blocks": 3247,
                  "Lossy Heap Blocks": 0,
                  "Plans": [
                    {
                      "Node Type": "Bitmap Index Scan",
                      "Parent Relationship": "Outer",
                      "Parallel Aware": false,
                      "Index Name": "company_id_movie_companies",
                      "Startup Cost": 0.0,
                      "Total Cost": 7891.34,
                      "Plan Rows": 368388,
                      "Plan Width": 0,
                      "Actual Startup Time": 38.534,
                      "Actual Total Time": 38.534,
                      "Actual Rows": 370343,
                      "Actual Loops": 1,
                      "Index Cond": "(company_id > 85446)"
                    }
                  ]
                }
              ]
            }
          ]
        }
      ]
    },
    "Planning Time": 0.199,
    "Triggers": [],
    "Execution Time": 86.125
  }
]