[
  {
    "Plan": {
      "Node Type": "Aggregate",
      "Strategy": "Plain",
      "Partial Mode": "Finalize",
      "Parallel Aware": false,
      "Startup Cost": 119947.24,
      "Total Cost": 119947.25,
      "Plan Rows": 1,
      "Plan Width": 128,
      "Actual Startup Time": 496.012,
      "Actual Total Time": 530.076,
      "Actual Rows": 1,
      "Actual Loops": 1,
      "Plans": [
        {
          "Node Type": "Gather",
          "Parent Relationship": "Outer",
          "Parallel Aware": false,
          "Startup Cost": 119946.9,
          "Total Cost": 119947.21,
          "Plan Rows": 3,
          "Plan Width": 128,
          "Actual Startup Time": 494.041,
          "Actual Total Time": 530.059,
          "Actual Rows": 4,
          "Actual Loops": 1,
          "Workers Planned": 3,
          "Workers Launched": 3,
          "Single Copy": false,
          "Plans": [
            {
              "Node Type": "Aggregate",
              "Strategy": "Plain",
              "Partial Mode": "Partial",
              "Parent Relationship": "Outer",
              "Parallel Aware": false,
              "Startup Cost": 118946.9,
              "Total Cost": 118946.91,
              "Plan Rows": 1,
              "Plan Width": 128,
              "Actual Startup Time": 483.536,
              "Actual Total Time": 483.544,
              "Actual Rows": 1,
              "Actual Loops": 4,
              "Plans": [
                {
                  "Node Type": "Nested Loop",
                  "Parent Relationship": "Outer",
                  "Parallel Aware": false,
                  "Join Type": "Inner",
                  "Startup Cost": 71336.6,
                  "Total Cost": 118932.79,
                  "Plan Rows": 1411,
                  "Plan Width": 64,
                  "Actual Startup Time": 256.727,
                  "Actual Total Time": 481.41,
                  "Actual Rows": 5476,
                  "Actual Loops": 4,
                  "Inner Unique": true,
                  "Plans": [
                    {
                      "Node Type": "Nested Loop",
                      "Parent Relationship": "Outer",
                      "Parallel Aware": false,
                      "Join Type": "Inner",
                      "Startup Cost": 71336.17,
                      "Total Cost": 118226.59,
                      "Plan Rows": 1411,
                      "Plan Width": 55,
                      "Actual Startup Time": 256.631,
                      "Actual Total Time": 458.456,
                      "Actual Rows": 5476,
                      "Actual Loops": 4,
                      "Inner Unique": true,
                      "Plans": [
                        {
                          "Node Type": "Nested Loop",
                          "Parent Relationship": "Outer",
                          "Parallel Aware": false,
                          "Join Type": "Inner",
                          "Startup Cost": 71335.74,
                          "Total Cost": 117515.94,
                          "Plan Rows": 1411,
                          "Plan Width": 43,
                          "Actual Startup Time": 256.524,
                          "Actual Total Time": 436.745,
                          "Actual Rows": 5860,
                          "Actual Loops": 4,
                          "Inner Unique": true,
                          "Plans": [
                            {
                              "Node Type": "Nested Loop",
                              "Parent Relationship": "Outer",
                              "Parallel Aware": false,
                              "Join Type": "Inner",
                              "Startup Cost": 71335.32,
                              "Total Cost": 115785.23,
                              "Plan Rows": 3881,
                              "Plan Width": 47,
                              "Actual Startup Time": 255.189,
                              "Actual Total Time": 394.417,
                              "Actual Rows": 12290,
                              "Actual Loops": 4,
                              "Inner Unique": false,
                              "Plans": [
                                {
                                  "Node Type": "Hash Join",
                                  "Parent Relationship": "Outer",
                                  "Parallel Aware": false,
                                  "Join Type": "Inner",
                                  "Startup Cost": 71334.89,
                                  "Total Cost": 114857.54,
                                  "Plan Rows": 1544,
                                  "Plan Width": 39,
                                  "Actual Startup Time": 255.072,
                                  "Actual Total Time": 365.157,
                                  "Actual Rows": 3125,
                                  "Actual Loops": 4,
                                  "Inner Unique": true,
                                  "Hash Cond": "(ci.role_id = rt.id)",
                                  "Plans": [
                                    {
                                      "Node Type": "Nested Loop",
                                      "Parent Relationship": "Outer",
                                      "Parallel Aware": false,
                                      "Join Type": "Inner",
                                      "Startup Cost": 71333.73,
                                      "Total Cost": 114790.57,
                                      "Plan Rows": 18524,
                                      "Plan Width": 43,
                                      "Actual Startup Time": 254.385,
                                      "Actual Total Time": 363.608,
                                      "Actual Rows": 3850,
                                      "Actual Loops": 4,
                                      "Inner Unique": false,
                                      "Join Filter": "(n.id = ci.person_id)",
                                      "Rows Removed by Join Filter": 0,
                                      "Plans": [
                                        {
                                          "Node Type": "Hash Join",
                                          "Parent Relationship": "Outer",
                                          "Parallel Aware": true,
                                          "Join Type": "Inner",
                                          "Startup Cost": 71333.16,
                                          "Total Cost": 86399.96,
                                          "Plan Rows": 2048,
                                          "Plan Width": 39,
                                          "Actual Startup Time": 253.228,
                                          "Actual Total Time": 325.073,
                                          "Actual Rows": 1316,
                                          "Actual Loops": 4,
                                          "Inner Unique": true,
                                          "Hash Cond": "(an.person_id = n.id)",
                                          "Plans": [
                                            {
                                              "Node Type": "Seq Scan",
                                              "Parent Relationship": "Outer",
                                              "Parallel Aware": true,
                                              "Relation Name": "aka_name",
                                              "Alias": "an",
                                              "Startup Cost": 0.0,
                                              "Total Cost": 14303.56,
                                              "Plan Rows": 290756,
                                              "Plan Width": 20,
                                              "Actual Startup Time": 0.031,
                                              "Actual Total Time": 34.263,
                                              "Actual Rows": 225336,
                                              "Actual Loops": 4
                                            },
                                            {
                                              "Node Type": "Hash",
                                              "Parent Relationship": "Inner",
                                              "Parallel Aware": true,
                                              "Startup Cost": 71241.41,
                                              "Total Cost": 71241.41,
                                              "Plan Rows": 7340,
                                              "Plan Width": 19,
                                              "Actual Startup Time": 252.15,
                                              "Actual Total Time": 252.151,
                                              "Actual Rows": 6088,
                                              "Actual Loops": 4,
                                              "Hash Buckets": 32768,
                                              "Original Hash Buckets": 32768,
                                              "Hash Batches": 1,
                                              "Original Hash Batches": 1,
                                              "Peak Memory Usage": 1632,
                                              "Plans": [
                                                {
                                                  "Node Type": "Seq Scan",
                                                  "Parent Relationship": "Outer",
                                                  "Parallel Aware": true,
                                                  "Relation Name": "name",
                                                  "Alias": "n",
                                                  "Startup Cost": 0.0,
                                                  "Total Cost": 71241.41,
                                                  "Plan Rows": 7340,
                                                  "Plan Width": 19,
                                                  "Actual Startup Time": 110.194,
                                                  "Actual Total Time": 247.97,
                                                  "Actual Rows": 6088,
                                                  "Actual Loops": 4,
                                                  "Filter": "((name ~~ '%Br%'::text) AND ((gender)::text = 'f'::text))",
                                                  "Rows Removed by Filter": 1035784
                                                }
                                              ]
                                            }
                                          ]
                                        },
                                        {
                                          "Node Type": "Index Scan",
                                          "Parent Relationship": "Inner",
                                          "Parallel Aware": false,
                                          "Scan Direction": "Forward",
                                          "Index Name": "person_id_cast_info",
                                          "Relation Name": "cast_info",
                                          "Alias": "ci",
                                          "Startup Cost": 0.56,
                                          "Total Cost": 13.29,
                                          "Plan Rows": 46,
                                          "Plan Width": 16,
                                          "Actual Startup Time": 0.021,
                                          "Actual Total Time": 0.028,
                                          "Actual Rows": 3,
                                          "Actual Loops": 5265,
                                          "Index Cond": "(person_id = an.person_id)",
                                          "Rows Removed by Index Recheck": 0,
                                          "Filter": "(note = ANY ('{(writer),(producer),(uncredited),(voice)}'::text[]))",
                                          "Rows Removed by Filter": 45
                                        }
                                      ]
                                    },
                                    {
                                      "Node Type": "Hash",
                                      "Parent Relationship": "Inner",
                                      "Parallel Aware": false,
                                      "Startup Cost": 1.15,
                                      "Total Cost": 1.15,
                                      "Plan Rows": 1,
                                      "Plan Width": 4,
                                      "Actual Startup Time": 0.088,
                                      "Actual Total Time": 0.089,
                                      "Actual Rows": 1,
                                      "Actual Loops": 4,
                                      "Hash Buckets": 1024,
                                      "Original Hash Buckets": 1024,
                                      "Hash Batches": 1,
                                      "Original Hash Batches": 1,
                                      "Peak Memory Usage": 9,
                                      "Plans": [
                                        {
                                          "Node Type": "Seq Scan",
                                          "Parent Relationship": "Outer",
                                          "Parallel Aware": false,
                                          "Relation Name": "role_type",
                                          "Alias": "rt",
                                          "Startup Cost": 0.0,
                                          "Total Cost": 1.15,
                                          "Plan Rows": 1,
                                          "Plan Width": 4,
                                          "Actual Startup Time": 0.063,
                                          "Actual Total Time": 0.067,
                                          "Actual Rows": 1,
                                          "Actual Loops": 4,
                                          "Filter": "((role)::text = 'actress'::text)",
                                          "Rows Removed by Filter": 11
                                        }
                                      ]
                                    }
                                  ]
                                },
                                {
                                  "Node Type": "Index Scan",
                                  "Parent Relationship": "Inner",
                                  "Parallel Aware": false,
                                  "Scan Direction": "Forward",
                                  "Index Name": "movie_id_movie_companies",
                                  "Relation Name": "movie_companies",
                                  "Alias": "mc",
                                  "Startup Cost": 0.43,
                                  "Total Cost": 0.55,
                                  "Plan Rows": 5,
                                  "Plan Width": 8,
                                  "Actual Startup Time": 0.006,
                                  "Actual Total Time": 0.008,
                                  "Actual Rows": 4,
                                  "Actual Loops": 12501,
                                  "Index Cond": "(movie_id = ci.movie_id)",
                                  "Rows Removed by Index Recheck": 0
                                }
                              ]
                            },
                            {
                              "Node Type": "Index Scan",
                              "Parent Relationship": "Inner",
                              "Parallel Aware": false,
                              "Scan Direction": "Forward",
                              "Index Name": "company_name_pkey",
                              "Relation Name": "company_name",
                              "Alias": "cn",
                              "Startup Cost": 0.42,
                              "Total Cost": 0.45,
                              "Plan Rows": 1,
                              "Plan Width": 4,
                              "Actual Startup Time": 0.003,
                              "Actual Total Time": 0.003,
                              "Actual Rows": 0,
                              "Actual Loops": 49160,
                              "Index Cond": "(id = mc.company_id)",
                              "Rows Removed by Index Recheck": 0,
                              "Filter": "((country_code)::text = '[us]'::text)",
                              "Rows Removed by Filter": 1
                            }
                          ]
                        },
                        {
                          "Node Type": "Index Scan",
                          "Parent Relationship": "Inner",
                          "Parallel Aware": false,
                          "Scan Direction": "Forward",
                          "Index Name": "char_name_pkey",
                          "Relation Name": "char_name",
                          "Alias": "chn",
                          "Startup Cost": 0.43,
                          "Total Cost": 0.5,
                          "Plan Rows": 1,
                          "Plan Width": 20,
                          "Actual Startup Time": 0.003,
                          "Actual Total Time": 0.003,
                          "Actual Rows": 1,
                          "Actual Loops": 23441,
                          "Index Cond": "(id = ci.person_role_id)",
                          "Rows Removed by Index Recheck": 0
                        }
                      ]
                    },
                    {
                      "Node Type": "Index Scan",
                      "Parent Relationship": "Inner",
                      "Parallel Aware": false,
                      "Scan Direction": "Forward",
                      "Index Name": "title_pkey",
                      "Relation Name": "title",
                      "Alias": "t",
                      "Startup Cost": 0.43,
                      "Total Cost": 0.5,
                      "Plan Rows": 1,
                      "Plan Width": 21,
                      "Actual Startup Time": 0.004,
                      "Actual Total Time": 0.004,
                      "Actual Rows": 1,
                      "Actual Loops": 21902,
                      "Index Cond": "(id = ci.movie_id)",
                      "Rows Removed by Index Recheck": 0
                    }
                  ]
                }
              ]
            }
          ]
        }
      ]
    },
    "Planning Time": 18.612,
    "Triggers": [],
    "Execution Time": 530.611
  }
]