[
  {
    "Plan": {
      "Node Type": "Aggregate",
      "Strategy": "Plain",
      "Partial Mode": "Finalize",
      "Parallel Aware": false,
      "Startup Cost": 332496.87,
      "Total Cost": 332496.88,
      "Plan Rows": 1,
      "Plan Width": 8,
      "Actual Startup Time": 671.821,
      "Actual Total Time": 731.595,
      "Actual Rows": 1,
      "Actual Loops": 1,
      "Plans": [
        {
          "Node Type": "Gather",
          "Parent Relationship": "Outer",
          "Parallel Aware": false,
          "Startup Cost": 332496.24,
          "Total Cost": 332496.85,
          "Plan Rows": 6,
          "Plan Width": 8,
          "Actual Startup Time": 671.677,
          "Actual Total Time": 731.583,
          "Actual Rows": 7,
          "Actual Loops": 1,
          "Workers Planned": 6,
          "Workers Launched": 6,
          "Single Copy": false,
          "Plans": [
            {
              "Node Type": "Aggregate",
              "Strategy": "Plain",
              "Partial Mode": "Partial",
              "Parent Relationship": "Outer",
              "Parallel Aware": false,
              "Startup Cost": 331496.24,
              "Total Cost": 331496.25,
              "Plan Rows": 1,
              "Plan Width": 8,
              "Actual Startup Time": 663.985,
              "Actual Total Time": 663.986,
              "Actual Rows": 1,
              "Actual Loops": 7,
              "Plans": [
                {
                  "Node Type": "Seq Scan",
                  "Parent Relationship": "Outer",
                  "Parallel Aware": true,
                  "Relation Name": "cast_info",
                  "Alias": "ci",
                  "Startup Cost": 0.0,
                  "Total Cost": 328162.03,
                  "Plan Rows": 1333687,
                  "Plan Width": 0,
                  "Actual Startup Time": 349.276,
                  "Actual Total Time": 606.559,
                  "Actual Rows": 1132922,
                  "Actual Loops": 7,
                  "Filter": "(person_id > 2886382)",
                  "Rows Removed by Filter": 4044841
                }
              ]
            }
          ]
        }
      ]
    },
    "Planning Time": 0.258,
    "Triggers": [],
    "Execution Time": 731.721
  }
]