[
  {
    "Plan": {
      "Node Type": "Aggregate",
      "Strategy": "Plain",
      "Partial Mode": "Finalize",
      "Parallel Aware": false,
      "Startup Cost": 46575.01,
      "Total Cost": 46575.02,
      "Plan Rows": 1,
      "Plan Width": 8,
      "Actual Startup Time": 83.718,
      "Actual Total Time": 94.692,
      "Actual Rows": 1,
      "Actual Loops": 1,
      "Plans": [
        {
          "Node Type": "Gather",
          "Parent Relationship": "Outer",
          "Parallel Aware": false,
          "Startup Cost": 46574.59,
          "Total Cost": 46575.0,
          "Plan Rows": 4,
          "Plan Width": 8,
          "Actual Startup Time": 83.431,
          "Actual Total Time": 94.683,
          "Actual Rows": 5,
          "Actual Loops": 1,
          "Workers Planned": 4,
          "Workers Launched": 4,
          "Single Copy": false,
          "Plans": [
            {
              "Node Type": "Aggregate",
              "Strategy": "Plain",
              "Partial Mode": "Partial",
              "Parent Relationship": "Outer",
              "Parallel Aware": false,
              "Startup Cost": 45574.59,
              "Total Cost": 45574.6,
              "Plan Rows": 1,
              "Plan Width": 8,
              "Actual Startup Time": 77.026,
              "Actual Total Time": 77.027,
              "Actual Rows": 1,
              "Actual Loops": 5,
              "Plans": [
                {
                  "Node Type": "Seq Scan",
                  "Parent Relationship": "Outer",
                  "Parallel Aware": true,
                  "Relation Name": "title",
                  "Alias": "t",
                  "Startup Cost": 0.0,
                  "Total Cost": 45479.59,
                  "Plan Rows": 38002,
                  "Plan Width": 0,
                  "Actual Startup Time": 0.038,
                  "Actual Total Time": 76.133,
                  "Actual Rows": 12032,
                  "Actual Loops": 5,
                  "Filter": "((production_year < 1962) AND (kind_id = 7))",
                  "Rows Removed by Filter": 493630
                }
              ]
            }
          ]
        }
      ]
    },
    "Planning Time": 0.065,
    "Triggers": [],
    "Execution Time": 94.721
  }
]