{
    "Plan": {
        "Node Type": "Aggregate",
        "Strategy": "Plain",
        "Partial Mode": "Finalize",
        "Parallel Aware": false,
        "Startup Cost": 526756.11,
        "Total Cost": 526756.12,
        "Plan Rows": 1,
        "Plan Width": 8,
        "Actual Startup Time": 2656.781,
        "Actual Total Time": 2750.815,
        "Actual Rows": 1,
        "Actual Loops": 1,
        "Output": [
            "count(*)"
        ],
        "Plans": [
            {
                "Node Type": "Gather",
                "Parent Relationship": "Outer",
                "Parallel Aware": false,
                "Startup Cost": 526755.69,
                "Total Cost": 526756.1,
                "Plan Rows": 4,
                "Plan Width": 8,
                "Actual Startup Time": 2596.83,
                "Actual Total Time": 2750.801,
                "Actual Rows": 5,
                "Actual Loops": 1,
                "Output": [
                    "(PARTIAL count(*))"
                ],
                "Workers Planned": 4,
                "Workers Launched": 4,
                "Single Copy": false,
                "Plans": [
                    {
                        "Node Type": "Aggregate",
                        "Strategy": "Plain",
                        "Partial Mode": "Partial",
                        "Parent Relationship": "Outer",
                        "Parallel Aware": false,
                        "Startup Cost": 525755.69,
                        "Total Cost": 525755.7,
                        "Plan Rows": 1,
                        "Plan Width": 8,
                        "Actual Startup Time": 2560.344,
                        "Actual Total Time": 2560.35,
                        "Actual Rows": 1,
                        "Actual Loops": 5,
                        "Output": [
                            "PARTIAL count(*)"
                        ],
                        "Workers": [
                            {
                                "Worker Number": 0,
                                "Actual Startup Time": 2548.262,
                                "Actual Total Time": 2548.266,
                                "Actual Rows": 1,
                                "Actual Loops": 1
                            },
                            {
                                "Worker Number": 1,
                                "Actual Startup Time": 2548.368,
                                "Actual Total Time": 2548.373,
                                "Actual Rows": 1,
                                "Actual Loops": 1
                            },
                            {
                                "Worker Number": 2,
                                "Actual Startup Time": 2548.341,
                                "Actual Total Time": 2548.347,
                                "Actual Rows": 1,
                                "Actual Loops": 1
                            },
                            {
                                "Worker Number": 3,
                                "Actual Startup Time": 2561.012,
                                "Actual Total Time": 2561.017,
                                "Actual Rows": 1,
                                "Actual Loops": 1
                            }
                        ],
                        "Plans": [
                            {
                                "Node Type": "Hash Join",
                                "Parent Relationship": "Outer",
                                "Parallel Aware": true,
                                "Join Type": "Inner",
                                "Startup Cost": 473361.81,
                                "Total Cost": 525640.33,
                                "Plan Rows": 46141,
                                "Plan Width": 0,
                                "Actual Startup Time": 2411.95,
                                "Actual Total Time": 2555.683,
                                "Actual Rows": 63903,
                                "Actual Loops": 5,
                                "Inner Unique": false,
                                "Hash Cond": "(t.id = mi.movie_id)",
                                "Workers": [
                                    {
                                        "Worker Number": 0,
                                        "Actual Startup Time": 2402.671,
                                        "Actual Total Time": 2543.399,
                                        "Actual Rows": 57864,
                                        "Actual Loops": 1
                                    },
                                    {
                                        "Worker Number": 1,
                                        "Actual Startup Time": 2401.704,
                                        "Actual Total Time": 2543.624,
                                        "Actual Rows": 56885,
                                        "Actual Loops": 1
                                    },
                                    {
                                        "Worker Number": 2,
                                        "Actual Startup Time": 2401.755,
                                        "Actual Total Time": 2543.768,
                                        "Actual Rows": 57585,
                                        "Actual Loops": 1
                                    },
                                    {
                                        "Worker Number": 3,
                                        "Actual Startup Time": 2401.325,
                                        "Actual Total Time": 2556.236,
                                        "Actual Rows": 59052,
                                        "Actual Loops": 1
                                    }
                                ],
                                "Plans": [
                                    {
                                        "Node Type": "Bitmap Heap Scan",
                                        "Parent Relationship": "Outer",
                                        "Parallel Aware": true,
                                        "Relation Name": "title",
                                        "Schema": "public",
                                        "Alias": "t",
                                        "Startup Cost": 17751.76,
                                        "Total Cost": 57482.83,
                                        "Plan Rows": 9192,
                                        "Plan Width": 4,
                                        "Actual Startup Time": 64.8,
                                        "Actual Total Time": 157.282,
                                        "Actual Rows": 6451,
                                        "Actual Loops": 5,
                                        "Output": [
                                            "t.id",
                                            "t.title",
                                            "t.imdb_index",
                                            "t.kind_id",
                                            "t.production_year",
                                            "t.imdb_id",
                                            "t.phonetic_code",
                                            "t.episode_of_id",
                                            "t.season_nr",
                                            "t.episode_nr",
                                            "t.series_years",
                                            "t.md5sum"
                                        ],
                                        "Recheck Cond": "(t.kind_id < 7)",
                                        "Rows Removed by Index Recheck": 0,
                                        "Filter": "(t.production_year = 2005)",
                                        "Rows Removed by Filter": 190559,
                                        "Exact Heap Blocks": 8230,
                                        "Lossy Heap Blocks": 0,
                                        "Workers": [
                                            {
                                                "Worker Number": 0,
                                                "Actual Startup Time": 65.01,
                                                "Actual Total Time": 156.249,
                                                "Actual Rows": 5743,
                                                "Actual Loops": 1
                                            },
                                            {
                                                "Worker Number": 1,
                                                "Actual Startup Time": 64.053,
                                                "Actual Total Time": 156.759,
                                                "Actual Rows": 5896,
                                                "Actual Loops": 1
                                            },
                                            {
                                                "Worker Number": 2,
                                                "Actual Startup Time": 64.015,
                                                "Actual Total Time": 156.395,
                                                "Actual Rows": 5821,
                                                "Actual Loops": 1
                                            },
                                            {
                                                "Worker Number": 3,
                                                "Actual Startup Time": 63.741,
                                                "Actual Total Time": 157.58,
                                                "Actual Rows": 6097,
                                                "Actual Loops": 1
                                            }
                                        ],
                                        "Plans": [
                                            {
                                                "Node Type": "Bitmap Index Scan",
                                                "Parent Relationship": "Outer",
                                                "Parallel Aware": false,
                                                "Index Name": "kind_id_title",
                                                "Startup Cost": 0.0,
                                                "Total Cost": 17742.57,
                                                "Plan Rows": 995485,
                                                "Plan Width": 0,
                                                "Actual Startup Time": 54.703,
                                                "Actual Total Time": 54.704,
                                                "Actual Rows": 985048,
                                                "Actual Loops": 1,
                                                "Index Cond": "(t.kind_id < 7)",
                                                "Workers": [
                                                    {
                                                        "Worker Number": 3,
                                                        "Actual Startup Time": 54.703,
                                                        "Actual Total Time": 54.704,
                                                        "Actual Rows": 985048,
                                                        "Actual Loops": 1
                                                    }
                                                ]
                                            }
                                        ]
                                    },
                                    {
                                        "Node Type": "Hash",
                                        "Parent Relationship": "Inner",
                                        "Parallel Aware": true,
                                        "Startup Cost": 423880.52,
                                        "Total Cost": 423880.52,
                                        "Plan Rows": 2538363,
                                        "Plan Width": 4,
                                        "Actual Startup Time": 2326.129,
                                        "Actual Total Time": 2326.131,
                                        "Actual Rows": 2548930,
                                        "Actual Loops": 5,
                                        "Output": [
                                            "mi.movie_id"
                                        ],
                                        "Hash Buckets": 16777216,
                                        "Original Hash Buckets": 16777216,
                                        "Hash Batches": 1,
                                        "Original Hash Batches": 1,
                                        "Peak Memory Usage": 629728,
                                        "Workers": [
                                            {
                                                "Worker Number": 0,
                                                "Actual Startup Time": 2337.082,
                                                "Actual Total Time": 2337.083,
                                                "Actual Rows": 2323410,
                                                "Actual Loops": 1
                                            },
                                            {
                                                "Worker Number": 1,
                                                "Actual Startup Time": 2337.208,
                                                "Actual Total Time": 2337.21,
                                                "Actual Rows": 2324228,
                                                "Actual Loops": 1
                                            },
                                            {
                                                "Worker Number": 2,
                                                "Actual Startup Time": 2337.139,
                                                "Actual Total Time": 2337.141,
                                                "Actual Rows": 2389754,
                                                "Actual Loops": 1
                                            },
                                            {
                                                "Worker Number": 3,
                                                "Actual Startup Time": 2337.194,
                                                "Actual Total Time": 2337.196,
                                                "Actual Rows": 2353496,
                                                "Actual Loops": 1
                                            }
                                        ],
                                        "Plans": [
                                            {
                                                "Node Type": "Bitmap Heap Scan",
                                                "Parent Relationship": "Outer",
                                                "Parallel Aware": true,
                                                "Relation Name": "movie_info",
                                                "Schema": "public",
                                                "Alias": "mi",
                                                "Startup Cost": 230157.99,
                                                "Total Cost": 423880.52,
                                                "Plan Rows": 2538363,
                                                "Plan Width": 4,
                                                "Actual Startup Time": 427.614,
                                                "Actual Total Time": 1115.225,
                                                "Actual Rows": 2548930,
                                                "Actual Loops": 5,
                                                "Output": [
                                                    "mi.movie_id"
                                                ],
                                                "Recheck Cond": "(mi.info_type_id > 2)",
                                                "Rows Removed by Index Recheck": 0,
                                                "Exact Heap Blocks": 39013,
                                                "Lossy Heap Blocks": 0,
                                                "Workers": [
                                                    {
                                                        "Worker Number": 0,
                                                        "Actual Startup Time": 427.769,
                                                        "Actual Total Time": 1118.406,
                                                        "Actual Rows": 2323410,
                                                        "Actual Loops": 1
                                                    },
                                                    {
                                                        "Worker Number": 1,
                                                        "Actual Startup Time": 427.543,
                                                        "Actual Total Time": 1120.855,
                                                        "Actual Rows": 2324228,
                                                        "Actual Loops": 1
                                                    },
                                                    {
                                                        "Worker Number": 2,
                                                        "Actual Startup Time": 427.621,
                                                        "Actual Total Time": 1113.696,
                                                        "Actual Rows": 2389754,
                                                        "Actual Loops": 1
                                                    },
                                                    {
                                                        "Worker Number": 3,
                                                        "Actual Startup Time": 427.678,
                                                        "Actual Total Time": 1118.36,
                                                        "Actual Rows": 2353496,
                                                        "Actual Loops": 1
                                                    }
                                                ],
                                                "Plans": [
                                                    {
                                                        "Node Type": "Bitmap Index Scan",
                                                        "Parent Relationship": "Outer",
                                                        "Parallel Aware": false,
                                                        "Index Name": "info_type_id_movie_info",
                                                        "Startup Cost": 0.0,
                                                        "Total Cost": 226985.03,
                                                        "Plan Rows": 12691813,
                                                        "Plan Width": 0,
                                                        "Actual Startup Time": 398.903,
                                                        "Actual Total Time": 398.903,
                                                        "Actual Rows": 12744652,
                                                        "Actual Loops": 1,
                                                        "Index Cond": "(mi.info_type_id > 2)"
                                                    }
                                                ]
                                            }
                                        ]
                                    }
                                ]
                            }
                        ]
                    }
                ]
            }
        ]
    },
    "Planning Time": 2.734,
    "Triggers": [],
    "Execution Time": 2751.219
}