[
  {
    "Plan": {
      "Node Type": "Aggregate",
      "Strategy": "Plain",
      "Partial Mode": "Finalize",
      "Parallel Aware": false,
      "Startup Cost": 316456.61,
      "Total Cost": 316456.62,
      "Plan Rows": 1,
      "Plan Width": 8,
      "Actual Startup Time": 1049.65,
      "Actual Total Time": 1096.513,
      "Actual Rows": 1,
      "Actual Loops": 1,
      "Plans": [
        {
          "Node Type": "Gather",
          "Parent Relationship": "Outer",
          "Parallel Aware": false,
          "Startup Cost": 316456.09,
          "Total Cost": 316456.6,
          "Plan Rows": 5,
          "Plan Width": 8,
          "Actual Startup Time": 1041.642,
          "Actual Total Time": 1096.501,
          "Actual Rows": 6,
          "Actual Loops": 1,
          "Workers Planned": 5,
          "Workers Launched": 5,
          "Single Copy": false,
          "Plans": [
            {
              "Node Type": "Aggregate",
              "Strategy": "Plain",
              "Partial Mode": "Partial",
              "Parent Relationship": "Outer",
              "Parallel Aware": false,
              "Startup Cost": 315456.09,
              "Total Cost": 315456.1,
              "Plan Rows": 1,
              "Plan Width": 8,
              "Actual Startup Time": 1027.438,
              "Actual Total Time": 1027.701,
              "Actual Rows": 1,
              "Actual Loops": 6,
              "Plans": [
                {
                  "Node Type": "Hash Join",
                  "Parent Relationship": "Outer",
                  "Parallel Aware": true,
                  "Join Type": "Inner",
                  "Startup Cost": 101740.41,
                  "Total Cost": 310623.76,
                  "Plan Rows": 1932933,
                  "Plan Width": 0,
                  "Actual Startup Time": 357.96,
                  "Actual Total Time": 996.657,
                  "Actual Rows": 770538,
                  "Actual Loops": 6,
                  "Inner Unique": false,
                  "Hash Cond": "(mi.movie_id = t.id)",
                  "Plans": [
                    {
                      "Node Type": "Seq Scan",
                      "Parent Relationship": "Outer",
                      "Parallel Aware": true,
                      "Relation Name": "movie_info",
                      "Alias": "mi",
                      "Startup Cost": 0.0,
                      "Total Cost": 191560.33,
                      "Plan Rows": 2956733,
                      "Plan Width": 4,
                      "Actual Startup Time": 0.057,
                      "Actual Total Time": 278.242,
                      "Actual Rows": 2472620,
                      "Actual Loops": 6
                    },
                    {
                      "Node Type": "Hash",
                      "Parent Relationship": "Inner",
                      "Parallel Aware": true,
                      "Startup Cost": 95075.71,
                      "Total Cost": 95075.71,
                      "Plan Rows": 533176,
                      "Plan Width": 8,
                      "Actual Startup Time": 352.064,
                      "Actual Total Time": 352.326,
                      "Actual Rows": 73317,
                      "Actual Loops": 6,
                      "Hash Buckets": 2097152,
                      "Original Hash Buckets": 2097152,
                      "Hash Batches": 1,
                      "Original Hash Batches": 1,
                      "Peak Memory Usage": 33696,
                      "Plans": [
                        {
                          "Node Type": "Hash Join",
                          "Parent Relationship": "Outer",
                          "Parallel Aware": true,
                          "Join Type": "Inner",
                          "Startup Cost": 49850.32,
                          "Total Cost": 95075.71,
                          "Plan Rows": 533176,
                          "Plan Width": 8,
                          "Actual Startup Time": 186.219,
                          "Actual Total Time": 319.065,
                          "Actual Rows": 73317,
                          "Actual Loops": 6,
                          "Inner Unique": true,
                          "Hash Cond": "(mk.movie_id = t.id)",
                          "Plans": [
                            {
                              "Node Type": "Seq Scan",
                              "Parent Relationship": "Outer",
                              "Parallel Aware": true,
                              "Relation Name": "movie_keyword",
                              "Alias": "mk",
                              "Startup Cost": 0.0,
                              "Total Cost": 42695.65,
                              "Plan Rows": 963707,
                              "Plan Width": 4,
                              "Actual Startup Time": 0.12,
                              "Actual Total Time": 76.89,
                              "Actual Rows": 494948,
                              "Actual Loops": 6,
                              "Filter": "(keyword_id > 2298)",
                              "Rows Removed by Filter": 259041
                            },
                            {
                              "Node Type": "Hash",
                              "Parent Relationship": "Inner",
                              "Parallel Aware": true,
                              "Startup Cost": 45479.1,
                              "Total Cost": 45479.1,
                              "Plan Rows": 349698,
                              "Plan Width": 4,
                              "Actual Startup Time": 183.554,
                              "Actual Total Time": 183.555,
                              "Actual Rows": 246277,
                              "Actual Loops": 6,
                              "Hash Buckets": 2097152,
                              "Original Hash Buckets": 2097152,
                              "Hash Batches": 1,
                              "Original Hash Batches": 1,
                              "Peak Memory Usage": 74272,
                              "Plans": [
                                {
                                  "Node Type": "Seq Scan",
                                  "Parent Relationship": "Outer",
                                  "Parallel Aware": true,
                                  "Relation Name": "title",
                                  "Alias": "t",
                                  "Startup Cost": 0.0,
                                  "Total Cost": 45479.1,
                                  "Plan Rows": 349698,
                                  "Plan Width": 4,
                                  "Actual Startup Time": 0.043,
                                  "Actual Total Time": 82.339,
                                  "Actual Rows": 246277,
                                  "Actual Loops": 6,
                                  "Filter": "((production_year > 1948) AND (kind_id = 7))",
                                  "Rows Removed by Filter": 175108
                                }
                              ]
                            }
                          ]
                        }
                      ]
                    }
                  ]
                }
              ]
            }
          ]
        }
      ]
    },
    "Planning Time": 1.373,
    "Triggers": [],
    "Execution Time": 1096.603
  }
]