{
  "Plan": {
    "Node Type": "Aggregate",
    "Strategy": "Plain",
    "Partial Mode": "Finalize",
    "Parallel Aware": false,
    "Startup Cost": 387469.36,
    "Total Cost": 387469.37,
    "Plan Rows": 1,
    "Plan Width": 8,
    "Actual Startup Time": 876.869,
    "Actual Total Time": 931.837,
    "Actual Rows": 1,
    "Actual Loops": 1,
    "Plans": [
      {
        "Node Type": "Gather",
        "Parent Relationship": "Outer",
        "Parallel Aware": false,
        "Startup Cost": 387469.25,
        "Total Cost": 387469.36,
        "Plan Rows": 1,
        "Plan Width": 8,
        "Actual Startup Time": 872.455,
        "Actual Total Time": 931.828,
        "Actual Rows": 2,
        "Actual Loops": 1,
        "Workers Planned": 1,
        "Workers Launched": 1,
        "Single Copy": false,
        "Plans": [
          {
            "Node Type": "Aggregate",
            "Strategy": "Plain",
            "Partial Mode": "Partial",
            "Parent Relationship": "Outer",
            "Parallel Aware": false,
            "Startup Cost": 386469.25,
            "Total Cost": 386469.26,
            "Plan Rows": 1,
            "Plan Width": 8,
            "Actual Startup Time": 864.557,
            "Actual Total Time": 864.561,
            "Actual Rows": 1,
            "Actual Loops": 2,
            "Plans": [
              {
                "Node Type": "Nested Loop",
                "Parent Relationship": "Outer",
                "Parallel Aware": false,
                "Join Type": "Inner",
                "Startup Cost": 74201.71,
                "Total Cost": 384507.47,
                "Plan Rows": 784710,
                "Plan Width": 0,
                "Actual Startup Time": 410.638,
                "Actual Total Time": 846.299,
                "Actual Rows": 407692,
                "Actual Loops": 2,
                "Inner Unique": false,
                "Plans": [
                  {
                    "Node Type": "Hash Join",
                    "Parent Relationship": "Outer",
                    "Parallel Aware": true,
                    "Join Type": "Inner",
                    "Startup Cost": 74201.28,
                    "Total Cost": 101724.35,
                    "Plan Rows": 134201,
                    "Plan Width": 8,
                    "Actual Startup Time": 410.551,
                    "Actual Total Time": 524.005,
                    "Actual Rows": 39652,
                    "Actual Loops": 2,
                    "Inner Unique": true,
                    "Hash Cond": "(mk.movie_id = t.id)",
                    "Plans": [
                      {
                        "Node Type": "Bitmap Heap Scan",
                        "Parent Relationship": "Outer",
                        "Parallel Aware": true,
                        "Relation Name": "movie_keyword",
                        "Alias": "mk",
                        "Startup Cost": 7317.83,
                        "Total Cost": 34308.25,
                        "Plan Rows": 202914,
                        "Plan Width": 4,
                        "Actual Startup Time": 24.11,
                        "Actual Total Time": 80.734,
                        "Actual Rows": 181846,
                        "Actual Loops": 2,
                        "Recheck Cond": "(keyword_id < 335)",
                        "Rows Removed by Index Recheck": 0,
                        "Exact Heap Blocks": 15310,
                        "Lossy Heap Blocks": 0,
                        "Plans": [
                          {
                            "Node Type": "Bitmap Index Scan",
                            "Parent Relationship": "Outer",
                            "Parallel Aware": false,
                            "Index Name": "keyword_id_movie_keyword",
                            "Startup Cost": 0.0,
                            "Total Cost": 7231.59,
                            "Plan Rows": 344954,
                            "Plan Width": 0,
                            "Actual Startup Time": 20.561,
                            "Actual Total Time": 20.562,
                            "Actual Rows": 363692,
                            "Actual Loops": 1,
                            "Index Cond": "(keyword_id < 335)"
                          }
                        ]
                      },
                      {
                        "Node Type": "Hash",
                        "Parent Relationship": "Inner",
                        "Parallel Aware": true,
                        "Startup Cost": 54588.39,
                        "Total Cost": 54588.39,
                        "Plan Rows": 983605,
                        "Plan Width": 4,
                        "Actual Startup Time": 371.893,
                        "Actual Total Time": 371.894,
                        "Actual Rows": 837049,
                        "Actual Loops": 2,
                        "Hash Buckets": 2097152,
                        "Original Hash Buckets": 2097152,
                        "Hash Batches": 1,
                        "Original Hash Batches": 1,
                        "Peak Memory Usage": 81920,
                        "Plans": [
                          {
                            "Node Type": "Seq Scan",
                            "Parent Relationship": "Outer",
                            "Parallel Aware": true,
                            "Relation Name": "title",
                            "Alias": "t",
                            "Startup Cost": 0.0,
                            "Total Cost": 54588.39,
                            "Plan Rows": 983605,
                            "Plan Width": 4,
                            "Actual Startup Time": 0.028,
                            "Actual Total Time": 164.115,
                            "Actual Rows": 837049,
                            "Actual Loops": 2,
                            "Filter": "(kind_id > 3)",
                            "Rows Removed by Filter": 427107
                          }
                        ]
                      }
                    ]
                  },
                  {
                    "Node Type": "Index Only Scan",
                    "Parent Relationship": "Inner",
                    "Parallel Aware": false,
                    "Scan Direction": "Forward",
                    "Index Name": "movie_id_movie_info",
                    "Relation Name": "movie_info",
                    "Alias": "mi",
                    "Startup Cost": 0.43,
                    "Total Cost": 1.69,
                    "Plan Rows": 42,
                    "Plan Width": 4,
                    "Actual Startup Time": 0.003,
                    "Actual Total Time": 0.007,
                    "Actual Rows": 10,
                    "Actual Loops": 79303,
                    "Index Cond": "(movie_id = t.id)",
                    "Rows Removed by Index Recheck": 0,
                    "Heap Fetches": 815385
                  }
                ]
              }
            ]
          }
        ]
      }
    ]
  },
  "Planning Time": 1.066,
  "Triggers": [],
  "Execution Time": 931.959
}