[
  {
    "Plan": {
      "Node Type": "Aggregate",
      "Strategy": "Plain",
      "Partial Mode": "Simple",
      "Parallel Aware": false,
      "Startup Cost": 12446.31,
      "Total Cost": 12446.32,
      "Plan Rows": 1,
      "Plan Width": 8,
      "Actual Startup Time": 2.713,
      "Actual Total Time": 2.714,
      "Actual Rows": 1,
      "Actual Loops": 1,
      "Plans": [
        {
          "Node Type": "Bitmap Heap Scan",
          "Parent Relationship": "Outer",
          "Parallel Aware": false,
          "Relation Name": "movie_companies",
          "Alias": "mc",
          "Startup Cost": 124.21,
          "Total Cost": 12438.98,
          "Plan Rows": 2934,
          "Plan Width": 0,
          "Actual Startup Time": 2.686,
          "Actual Total Time": 2.708,
          "Actual Rows": 10,
          "Actual Loops": 1,
          "Recheck Cond": "(company_id = 49)",
          "Rows Removed by Index Recheck": 0,
          "Filter": "(company_type_id > 1)",
          "Rows Removed by Filter": 5156,
          "Exact Heap Blocks": 934,
          "Lossy Heap Blocks": 0,
          "Plans": [
            {
              "Node Type": "Bitmap Index Scan",
              "Parent Relationship": "Outer",
              "Parallel Aware": false,
              "Index Name": "company_id_movie_companies",
              "Startup Cost": 0.0,
              "Total Cost": 123.48,
              "Plan Rows": 5740,
              "Plan Width": 0,
              "Actual Startup Time": 0.436,
              "Actual Total Time": 0.436,
              "Actual Rows": 5166,
              "Actual Loops": 1,
              "Index Cond": "(company_id = 49)"
            }
          ]
        }
      ]
    },
    "Planning Time": 0.093,
    "Triggers": [],
    "Execution Time": 2.744
  }
]