{
    "Plan": {
        "Node Type": "Aggregate",
        "Strategy": "Plain",
        "Partial Mode": "Simple",
        "Parallel Aware": false,
        "Startup Cost": 80002238016.96,
        "Total Cost": 80002238016.97,
        "Plan Rows": 1,
        "Plan Width": 128,
        "Actual Startup Time": 33403.309,
        "Actual Total Time": 33403.329,
        "Actual Rows": 1,
        "Actual Loops": 1,
        "Output": [
            "min(chn.name)",
            "min(mi_idx.info)",
            "min(n.name)",
            "min(t.title)"
        ],
        "Plans": [
            {
                "Node Type": "Nested Loop",
                "Parent Relationship": "Outer",
                "Parallel Aware": false,
                "Join Type": "Inner",
                "Startup Cost": 80002237437.79,
                "Total Cost": 80002238016.95,
                "Plan Rows": 1,
                "Plan Width": 53,
                "Actual Startup Time": 16577.188,
                "Actual Total Time": 33403.022,
                "Actual Rows": 515,
                "Actual Loops": 1,
                "Output": [
                    "chn.name",
                    "mi_idx.info",
                    "n.name",
                    "t.title"
                ],
                "Inner Unique": true,
                "Plans": [
                    {
                        "Node Type": "Nested Loop",
                        "Parent Relationship": "Outer",
                        "Parallel Aware": false,
                        "Join Type": "Inner",
                        "Startup Cost": 70002237437.35,
                        "Total Cost": 70002238012.49,
                        "Plan Rows": 1,
                        "Plan Width": 41,
                        "Actual Startup Time": 16552.987,
                        "Actual Total Time": 33326.29,
                        "Actual Rows": 16028,
                        "Actual Loops": 1,
                        "Output": [
                            "ci.person_role_id",
                            "mi_idx.info",
                            "n.name",
                            "t.title"
                        ],
                        "Inner Unique": true,
                        "Plans": [
                            {
                                "Node Type": "Hash Join",
                                "Parent Relationship": "Outer",
                                "Parallel Aware": false,
                                "Join Type": "Inner",
                                "Startup Cost": 60002237436.92,
                                "Total Cost": 60002237450.65,
                                "Plan Rows": 126,
                                "Plan Width": 45,
                                "Actual Startup Time": 16551.774,
                                "Actual Total Time": 17350.884,
                                "Actual Rows": 3281594,
                                "Actual Loops": 1,
                                "Output": [
                                    "ci.person_role_id",
                                    "mi_idx.info",
                                    "mk.keyword_id",
                                    "n.name",
                                    "t.title"
                                ],
                                "Inner Unique": false,
                                "Hash Cond": "(cct1.id = cc.subject_id)",
                                "Plans": [
                                    {
                                        "Node Type": "Index Scan",
                                        "Parent Relationship": "Outer",
                                        "Parallel Aware": false,
                                        "Scan Direction": "Forward",
                                        "Index Name": "comp_cast_type_pkey",
                                        "Relation Name": "comp_cast_type",
                                        "Schema": "public",
                                        "Alias": "cct1",
                                        "Startup Cost": 0.13,
                                        "Total Cost": 12.2,
                                        "Plan Rows": 1,
                                        "Plan Width": 4,
                                        "Actual Startup Time": 0.015,
                                        "Actual Total Time": 0.02,
                                        "Actual Rows": 1,
                                        "Actual Loops": 1,
                                        "Output": [
                                            "cct1.id",
                                            "cct1.kind"
                                        ],
                                        "Filter": "((cct1.kind)::text = 'cast'::text)",
                                        "Rows Removed by Filter": 3
                                    },
                                    {
                                        "Node Type": "Hash",
                                        "Parent Relationship": "Inner",
                                        "Parallel Aware": false,
                                        "Startup Cost": 60002237430.5,
                                        "Total Cost": 60002237430.5,
                                        "Plan Rows": 503,
                                        "Plan Width": 49,
                                        "Actual Startup Time": 16551.748,
                                        "Actual Total Time": 16551.765,
                                        "Actual Rows": 4083931,
                                        "Actual Loops": 1,
                                        "Output": [
                                            "cc.subject_id",
                                            "ci.person_role_id",
                                            "mi_idx.info",
                                            "mk.keyword_id",
                                            "n.name",
                                            "t.title"
                                        ],
                                        "Hash Buckets": 4194304,
                                        "Original Hash Buckets": 1024,
                                        "Hash Batches": 1,
                                        "Original Hash Batches": 1,
                                        "Peak Memory Usage": 334759,
                                        "Plans": [
                                            {
                                                "Node Type": "Merge Join",
                                                "Parent Relationship": "Outer",
                                                "Parallel Aware": false,
                                                "Join Type": "Inner",
                                                "Startup Cost": 60002217179.37,
                                                "Total Cost": 60002237430.5,
                                                "Plan Rows": 503,
                                                "Plan Width": 49,
                                                "Actual Startup Time": 14608.855,
                                                "Actual Total Time": 15789.33,
                                                "Actual Rows": 4083931,
                                                "Actual Loops": 1,
                                                "Output": [
                                                    "cc.subject_id",
                                                    "ci.person_role_id",
                                                    "mi_idx.info",
                                                    "mk.keyword_id",
                                                    "n.name",
                                                    "t.title"
                                                ],
                                                "Inner Unique": false,
                                                "Merge Cond": "(n.id = ci.person_id)",
                                                "Plans": [
                                                    {
                                                        "Node Type": "Sort",
                                                        "Parent Relationship": "Outer",
                                                        "Parallel Aware": false,
                                                        "Startup Cost": 555526.5,
                                                        "Total Cost": 565945.37,
                                                        "Plan Rows": 4167549,
                                                        "Plan Width": 19,
                                                        "Actual Startup Time": 2281.955,
                                                        "Actual Total Time": 2559.748,
                                                        "Actual Rows": 4060780,
                                                        "Actual Loops": 1,
                                                        "Output": [
                                                            "n.name",
                                                            "n.id"
                                                        ],
                                                        "Sort Key": [
                                                            "n.id"
                                                        ],
                                                        "Sort Method": "quicksort",
                                                        "Sort Space Used": 405945,
                                                        "Sort Space Type": "Memory",
                                                        "Plans": [
                                                            {
                                                                "Node Type": "Seq Scan",
                                                                "Parent Relationship": "Outer",
                                                                "Parallel Aware": false,
                                                                "Relation Name": "name",
                                                                "Schema": "public",
                                                                "Alias": "n",
                                                                "Startup Cost": 0.0,
                                                                "Total Cost": 97288.49,
                                                                "Plan Rows": 4167549,
                                                                "Plan Width": 19,
                                                                "Actual Startup Time": 0.011,
                                                                "Actual Total Time": 682.364,
                                                                "Actual Rows": 4167491,
                                                                "Actual Loops": 1,
                                                                "Output": [
                                                                    "n.name",
                                                                    "n.id"
                                                                ]
                                                            }
                                                        ]
                                                    },
                                                    {
                                                        "Node Type": "Sort",
                                                        "Parent Relationship": "Inner",
                                                        "Parallel Aware": false,
                                                        "Startup Cost": 60001661650.78,
                                                        "Total Cost": 60001661652.04,
                                                        "Plan Rows": 503,
                                                        "Plan Width": 38,
                                                        "Actual Startup Time": 12326.69,
                                                        "Actual Total Time": 12502.329,
                                                        "Actual Rows": 4083931,
                                                        "Actual Loops": 1,
                                                        "Output": [
                                                            "cc.subject_id",
                                                            "ci.person_role_id",
                                                            "ci.person_id",
                                                            "mi_idx.info",
                                                            "mk.keyword_id",
                                                            "t.title"
                                                        ],
                                                        "Sort Key": [
                                                            "ci.person_id"
                                                        ],
                                                        "Sort Method": "quicksort",
                                                        "Sort Space Used": 430271,
                                                        "Sort Space Type": "Memory",
                                                        "Plans": [
                                                            {
                                                                "Node Type": "Hash Join",
                                                                "Parent Relationship": "Outer",
                                                                "Parallel Aware": false,
                                                                "Join Type": "Inner",
                                                                "Startup Cost": 60000910275.6,
                                                                "Total Cost": 60001661628.21,
                                                                "Plan Rows": 503,
                                                                "Plan Width": 38,
                                                                "Actual Startup Time": 3963.847,
                                                                "Actual Total Time": 11548.852,
                                                                "Actual Rows": 4083931,
                                                                "Actual Loops": 1,
                                                                "Output": [
                                                                    "cc.subject_id",
                                                                    "ci.person_role_id",
                                                                    "ci.person_id",
                                                                    "mi_idx.info",
                                                                    "mk.keyword_id",
                                                                    "t.title"
                                                                ],
                                                                "Inner Unique": true,
                                                                "Hash Cond": "(cc.status_id = cct2.id)",
                                                                "Plans": [
                                                                    {
                                                                        "Node Type": "Hash Join",
                                                                        "Parent Relationship": "Outer",
                                                                        "Parallel Aware": false,
                                                                        "Join Type": "Inner",
                                                                        "Startup Cost": 60000910263.39,
                                                                        "Total Cost": 60001661605.14,
                                                                        "Plan Rows": 2010,
                                                                        "Plan Width": 42,
                                                                        "Actual Startup Time": 3963.802,
                                                                        "Actual Total Time": 11059.054,
                                                                        "Actual Rows": 4083931,
                                                                        "Actual Loops": 1,
                                                                        "Output": [
                                                                            "cc.subject_id",
                                                                            "cc.status_id",
                                                                            "ci.person_role_id",
                                                                            "ci.person_id",
                                                                            "mi_idx.info",
                                                                            "mk.keyword_id",
                                                                            "t.title"
                                                                        ],
                                                                        "Inner Unique": false,
                                                                        "Hash Cond": "(t.id = cc.movie_id)",
                                                                        "Plans": [
                                                                            {
                                                                                "Node Type": "Hash Join",
                                                                                "Parent Relationship": "Outer",
                                                                                "Parallel Aware": false,
                                                                                "Join Type": "Inner",
                                                                                "Startup Cost": 50000904410.1,
                                                                                "Total Cost": 50001655674.14,
                                                                                "Plan Rows": 14042,
                                                                                "Plan Width": 50,
                                                                                "Actual Startup Time": 3921.067,
                                                                                "Actual Total Time": 10169.293,
                                                                                "Actual Rows": 9079613,
                                                                                "Actual Loops": 1,
                                                                                "Output": [
                                                                                    "ci.movie_id",
                                                                                    "ci.person_role_id",
                                                                                    "ci.person_id",
                                                                                    "mi_idx.info",
                                                                                    "mi_idx.movie_id",
                                                                                    "mk.movie_id",
                                                                                    "mk.keyword_id",
                                                                                    "t.title",
                                                                                    "t.id"
                                                                                ],
                                                                                "Inner Unique": false,
                                                                                "Hash Cond": "(ci.movie_id = t.id)",
                                                                                "Plans": [
                                                                                    {
                                                                                        "Node Type": "Seq Scan",
                                                                                        "Parent Relationship": "Outer",
                                                                                        "Parallel Aware": false,
                                                                                        "Relation Name": "cast_info",
                                                                                        "Schema": "public",
                                                                                        "Alias": "ci",
                                                                                        "Startup Cost": 10000000000.0,
                                                                                        "Total Cost": 10000615214.76,
                                                                                        "Plan Rows": 36252776,
                                                                                        "Plan Width": 12,
                                                                                        "Actual Startup Time": 0.03,
                                                                                        "Actual Total Time": 2401.255,
                                                                                        "Actual Rows": 36244344,
                                                                                        "Actual Loops": 1,
                                                                                        "Output": [
                                                                                            "ci.id",
                                                                                            "ci.person_id",
                                                                                            "ci.movie_id",
                                                                                            "ci.person_role_id",
                                                                                            "ci.note",
                                                                                            "ci.nr_order",
                                                                                            "ci.role_id"
                                                                                        ]
                                                                                    },
                                                                                    {
                                                                                        "Node Type": "Hash",
                                                                                        "Parent Relationship": "Inner",
                                                                                        "Parallel Aware": false,
                                                                                        "Startup Cost": 40000904401.26,
                                                                                        "Total Cost": 40000904401.26,
                                                                                        "Plan Rows": 707,
                                                                                        "Plan Width": 38,
                                                                                        "Actual Startup Time": 3921.02,
                                                                                        "Actual Total Time": 3921.028,
                                                                                        "Actual Rows": 76564,
                                                                                        "Actual Loops": 1,
                                                                                        "Output": [
                                                                                            "mi_idx.info",
                                                                                            "mi_idx.movie_id",
                                                                                            "mk.movie_id",
                                                                                            "mk.keyword_id",
                                                                                            "t.title",
                                                                                            "t.id"
                                                                                        ],
                                                                                        "Hash Buckets": 131072,
                                                                                        "Original Hash Buckets": 1024,
                                                                                        "Hash Batches": 1,
                                                                                        "Original Hash Batches": 1,
                                                                                        "Peak Memory Usage": 6263,
                                                                                        "Plans": [
                                                                                            {
                                                                                                "Node Type": "Nested Loop",
                                                                                                "Parent Relationship": "Outer",
                                                                                                "Parallel Aware": false,
                                                                                                "Join Type": "Inner",
                                                                                                "Startup Cost": 40000000002.37,
                                                                                                "Total Cost": 40000904401.26,
                                                                                                "Plan Rows": 707,
                                                                                                "Plan Width": 38,
                                                                                                "Actual Startup Time": 1925.119,
                                                                                                "Actual Total Time": 3883.922,
                                                                                                "Actual Rows": 76564,
                                                                                                "Actual Loops": 1,
                                                                                                "Output": [
                                                                                                    "mi_idx.info",
                                                                                                    "mi_idx.movie_id",
                                                                                                    "mk.movie_id",
                                                                                                    "mk.keyword_id",
                                                                                                    "t.title",
                                                                                                    "t.id"
                                                                                                ],
                                                                                                "Inner Unique": true,
                                                                                                "Plans": [
                                                                                                    {
                                                                                                        "Node Type": "Nested Loop",
                                                                                                        "Parent Relationship": "Outer",
                                                                                                        "Parallel Aware": false,
                                                                                                        "Join Type": "Inner",
                                                                                                        "Startup Cost": 30000000002.23,
                                                                                                        "Total Cost": 30000883829.81,
                                                                                                        "Plan Rows": 4949,
                                                                                                        "Plan Width": 42,
                                                                                                        "Actual Startup Time": 1.833,
                                                                                                        "Actual Total Time": 3111.446,
                                                                                                        "Actual Rows": 200140,
                                                                                                        "Actual Loops": 1,
                                                                                                        "Output": [
                                                                                                            "mi_idx.info",
                                                                                                            "mi_idx.movie_id",
                                                                                                            "mk.movie_id",
                                                                                                            "mk.keyword_id",
                                                                                                            "t.title",
                                                                                                            "t.kind_id",
                                                                                                            "t.id"
                                                                                                        ],
                                                                                                        "Inner Unique": true,
                                                                                                        "Plans": [
                                                                                                            {
                                                                                                                "Node Type": "Nested Loop",
                                                                                                                "Parent Relationship": "Outer",
                                                                                                                "Parallel Aware": false,
                                                                                                                "Join Type": "Inner",
                                                                                                                "Startup Cost": 30000000001.8,
                                                                                                                "Total Cost": 30000876031.39,
                                                                                                                "Plan Rows": 15922,
                                                                                                                "Plan Width": 17,
                                                                                                                "Actual Startup Time": 0.077,
                                                                                                                "Actual Total Time": 1759.248,
                                                                                                                "Actual Rows": 963300,
                                                                                                                "Actual Loops": 1,
                                                                                                                "Output": [
                                                                                                                    "mi_idx.info",
                                                                                                                    "mi_idx.movie_id",
                                                                                                                    "mk.movie_id",
                                                                                                                    "mk.keyword_id"
                                                                                                                ],
                                                                                                                "Inner Unique": false,
                                                                                                                "Plans": [
                                                                                                                    {
                                                                                                                        "Node Type": "Nested Loop",
                                                                                                                        "Parent Relationship": "Outer",
                                                                                                                        "Parallel Aware": false,
                                                                                                                        "Join Type": "Inner",
                                                                                                                        "Startup Cost": 20000000000.58,
                                                                                                                        "Total Cost": 20000865281.2,
                                                                                                                        "Plan Rows": 1717,
                                                                                                                        "Plan Width": 9,
                                                                                                                        "Actual Startup Time": 0.057,
                                                                                                                        "Actual Total Time": 996.55,
                                                                                                                        "Actual Rows": 121572,
                                                                                                                        "Actual Loops": 1,
                                                                                                                        "Output": [
                                                                                                                            "mi_idx.info",
                                                                                                                            "mi_idx.movie_id"
                                                                                                                        ],
                                                                                                                        "Inner Unique": true,
                                                                                                                        "Plans": [
                                                                                                                            {
                                                                                                                                "Node Type": "Index Scan",
                                                                                                                                "Parent Relationship": "Outer",
                                                                                                                                "Parallel Aware": false,
                                                                                                                                "Scan Direction": "Forward",
                                                                                                                                "Index Name": "movie_id_movie_info_idx",
                                                                                                                                "Relation Name": "movie_info_idx",
                                                                                                                                "Schema": "public",
                                                                                                                                "Alias": "mi_idx",
                                                                                                                                "Startup Cost": 10000000000.43,
                                                                                                                                "Total Cost": 10000057080.9,
                                                                                                                                "Plan Rows": 194028,
                                                                                                                                "Plan Width": 13,
                                                                                                                                "Actual Startup Time": 0.028,
                                                                                                                                "Actual Total Time": 241.642,
                                                                                                                                "Actual Rows": 192839,
                                                                                                                                "Actual Loops": 1,
                                                                                                                                "Output": [
                                                                                                                                    "mi_idx.id",
                                                                                                                                    "mi_idx.movie_id",
                                                                                                                                    "mi_idx.info_type_id",
                                                                                                                                    "mi_idx.info",
                                                                                                                                    "mi_idx.note"
                                                                                                                                ],
                                                                                                                                "Filter": "(mi_idx.info > '7.0'::text)",
                                                                                                                                "Rows Removed by Filter": 1187196
                                                                                                                            },
                                                                                                                            {
                                                                                                                                "Node Type": "Bitmap Heap Scan",
                                                                                                                                "Parent Relationship": "Inner",
                                                                                                                                "Parallel Aware": false,
                                                                                                                                "Relation Name": "info_type",
                                                                                                                                "Schema": "public",
                                                                                                                                "Alias": "it2",
                                                                                                                                "Startup Cost": 0.15,
                                                                                                                                "Total Cost": 4.17,
                                                                                                                                "Plan Rows": 1,
                                                                                                                                "Plan Width": 4,
                                                                                                                                "Actual Startup Time": 0.002,
                                                                                                                                "Actual Total Time": 0.002,
                                                                                                                                "Actual Rows": 1,
                                                                                                                                "Actual Loops": 192839,
                                                                                                                                "Output": [
                                                                                                                                    "it2.id",
                                                                                                                                    "it2.info"
                                                                                                                                ],
                                                                                                                                "Recheck Cond": "(it2.id = mi_idx.info_type_id)",
                                                                                                                                "Rows Removed by Index Recheck": 0,
                                                                                                                                "Filter": "((it2.info)::text = 'rating'::text)",
                                                                                                                                "Rows Removed by Filter": 0,
                                                                                                                                "Exact Heap Blocks": 192839,
                                                                                                                                "Lossy Heap Blocks": 0,
                                                                                                                                "Plans": [
                                                                                                                                    {
                                                                                                                                        "Node Type": "Bitmap Index Scan",
                                                                                                                                        "Parent Relationship": "Outer",
                                                                                                                                        "Parallel Aware": false,
                                                                                                                                        "Index Name": "info_type_pkey",
                                                                                                                                        "Startup Cost": 0.0,
                                                                                                                                        "Total Cost": 0.15,
                                                                                                                                        "Plan Rows": 1,
                                                                                                                                        "Plan Width": 0,
                                                                                                                                        "Actual Startup Time": 0.001,
                                                                                                                                        "Actual Total Time": 0.001,
                                                                                                                                        "Actual Rows": 1,
                                                                                                                                        "Actual Loops": 192839,
                                                                                                                                        "Index Cond": "(it2.id = mi_idx.info_type_id)"
                                                                                                                                    }
                                                                                                                                ]
                                                                                                                            }
                                                                                                                        ]
                                                                                                                    },
                                                                                                                    {
                                                                                                                        "Node Type": "Bitmap Heap Scan",
                                                                                                                        "Parent Relationship": "Inner",
                                                                                                                        "Parallel Aware": false,
                                                                                                                        "Relation Name": "movie_keyword",
                                                                                                                        "Schema": "public",
                                                                                                                        "Alias": "mk",
                                                                                                                        "Startup Cost": 1.23,
                                                                                                                        "Total Cost": 5.8,
                                                                                                                        "Plan Rows": 46,
                                                                                                                        "Plan Width": 8,
                                                                                                                        "Actual Startup Time": 0.003,
                                                                                                                        "Actual Total Time": 0.004,
                                                                                                                        "Actual Rows": 8,
                                                                                                                        "Actual Loops": 121572,
                                                                                                                        "Output": [
                                                                                                                            "mk.id",
                                                                                                                            "mk.movie_id",
                                                                                                                            "mk.keyword_id"
                                                                                                                        ],
                                                                                                                        "Recheck Cond": "(mk.movie_id = mi_idx.movie_id)",
                                                                                                                        "Rows Removed by Index Recheck": 0,
                                                                                                                        "Exact Heap Blocks": 63207,
                                                                                                                        "Lossy Heap Blocks": 0,
                                                                                                                        "Plans": [
                                                                                                                            {
                                                                                                                                "Node Type": "Bitmap Index Scan",
                                                                                                                                "Parent Relationship": "Outer",
                                                                                                                                "Parallel Aware": false,
                                                                                                                                "Index Name": "movie_id_movie_keyword",
                                                                                                                                "Startup Cost": 0.0,
                                                                                                                                "Total Cost": 1.21,
                                                                                                                                "Plan Rows": 46,
                                                                                                                                "Plan Width": 0,
                                                                                                                                "Actual Startup Time": 0.002,
                                                                                                                                "Actual Total Time": 0.002,
                                                                                                                                "Actual Rows": 8,
                                                                                                                                "Actual Loops": 121572,
                                                                                                                                "Index Cond": "(mk.movie_id = mi_idx.movie_id)"
                                                                                                                            }
                                                                                                                        ]
                                                                                                                    }
                                                                                                                ]
                                                                                                            },
                                                                                                            {
                                                                                                                "Node Type": "Index Scan",
                                                                                                                "Parent Relationship": "Inner",
                                                                                                                "Parallel Aware": false,
                                                                                                                "Scan Direction": "Forward",
                                                                                                                "Index Name": "title_pkey",
                                                                                                                "Relation Name": "title",
                                                                                                                "Schema": "public",
                                                                                                                "Alias": "t",
                                                                                                                "Startup Cost": 0.43,
                                                                                                                "Total Cost": 0.49,
                                                                                                                "Plan Rows": 1,
                                                                                                                "Plan Width": 25,
                                                                                                                "Actual Startup Time": 0.001,
                                                                                                                "Actual Total Time": 0.001,
                                                                                                                "Actual Rows": 0,
                                                                                                                "Actual Loops": 963300,
                                                                                                                "Output": [
                                                                                                                    "t.id",
                                                                                                                    "t.title",
                                                                                                                    "t.imdb_index",
                                                                                                                    "t.kind_id",
                                                                                                                    "t.production_year",
                                                                                                                    "t.imdb_id",
                                                                                                                    "t.phonetic_code",
                                                                                                                    "t.episode_of_id",
                                                                                                                    "t.season_nr",
                                                                                                                    "t.episode_nr",
                                                                                                                    "t.series_years",
                                                                                                                    "t.md5sum"
                                                                                                                ],
                                                                                                                "Index Cond": "(t.id = mk.movie_id)",
                                                                                                                "Rows Removed by Index Recheck": 0,
                                                                                                                "Filter": "(t.production_year > 2007)",
                                                                                                                "Rows Removed by Filter": 1
                                                                                                            }
                                                                                                        ]
                                                                                                    },
                                                                                                    {
                                                                                                        "Node Type": "Bitmap Heap Scan",
                                                                                                        "Parent Relationship": "Inner",
                                                                                                        "Parallel Aware": false,
                                                                                                        "Relation Name": "kind_type",
                                                                                                        "Schema": "public",
                                                                                                        "Alias": "kt",
                                                                                                        "Startup Cost": 0.14,
                                                                                                        "Total Cost": 4.16,
                                                                                                        "Plan Rows": 1,
                                                                                                        "Plan Width": 4,
                                                                                                        "Actual Startup Time": 0.002,
                                                                                                        "Actual Total Time": 0.002,
                                                                                                        "Actual Rows": 0,
                                                                                                        "Actual Loops": 200140,
                                                                                                        "Output": [
                                                                                                            "kt.id",
                                                                                                            "kt.kind"
                                                                                                        ],
                                                                                                        "Recheck Cond": "(kt.id = t.kind_id)",
                                                                                                        "Rows Removed by Index Recheck": 0,
                                                                                                        "Filter": "((kt.kind)::text = 'movie'::text)",
                                                                                                        "Rows Removed by Filter": 1,
                                                                                                        "Exact Heap Blocks": 200140,
                                                                                                        "Lossy Heap Blocks": 0,
                                                                                                        "Plans": [
                                                                                                            {
                                                                                                                "Node Type": "Bitmap Index Scan",
                                                                                                                "Parent Relationship": "Outer",
                                                                                                                "Parallel Aware": false,
                                                                                                                "Index Name": "kind_type_pkey",
                                                                                                                "Startup Cost": 0.0,
                                                                                                                "Total Cost": 0.14,
                                                                                                                "Plan Rows": 1,
                                                                                                                "Plan Width": 0,
                                                                                                                "Actual Startup Time": 0.001,
                                                                                                                "Actual Total Time": 0.001,
                                                                                                                "Actual Rows": 1,
                                                                                                                "Actual Loops": 200140,
                                                                                                                "Index Cond": "(kt.id = t.kind_id)"
                                                                                                            }
                                                                                                        ]
                                                                                                    }
                                                                                                ]
                                                                                            }
                                                                                        ]
                                                                                    }
                                                                                ]
                                                                            },
                                                                            {
                                                                                "Node Type": "Hash",
                                                                                "Parent Relationship": "Inner",
                                                                                "Parallel Aware": false,
                                                                                "Startup Cost": 10000004164.71,
                                                                                "Total Cost": 10000004164.71,
                                                                                "Plan Rows": 135086,
                                                                                "Plan Width": 12,
                                                                                "Actual Startup Time": 41.663,
                                                                                "Actual Total Time": 41.664,
                                                                                "Actual Rows": 135086,
                                                                                "Actual Loops": 1,
                                                                                "Output": [
                                                                                    "cc.movie_id",
                                                                                    "cc.subject_id",
                                                                                    "cc.status_id"
                                                                                ],
                                                                                "Hash Buckets": 262144,
                                                                                "Original Hash Buckets": 262144,
                                                                                "Hash Batches": 1,
                                                                                "Original Hash Batches": 1,
                                                                                "Peak Memory Usage": 7853,
                                                                                "Plans": [
                                                                                    {
                                                                                        "Node Type": "Index Scan",
                                                                                        "Parent Relationship": "Outer",
                                                                                        "Parallel Aware": false,
                                                                                        "Scan Direction": "Forward",
                                                                                        "Index Name": "subject_id_complete_cast",
                                                                                        "Relation Name": "complete_cast",
                                                                                        "Schema": "public",
                                                                                        "Alias": "cc",
                                                                                        "Startup Cost": 10000000000.42,
                                                                                        "Total Cost": 10000004164.71,
                                                                                        "Plan Rows": 135086,
                                                                                        "Plan Width": 12,
                                                                                        "Actual Startup Time": 0.048,
                                                                                        "Actual Total Time": 23.22,
                                                                                        "Actual Rows": 135086,
                                                                                        "Actual Loops": 1,
                                                                                        "Output": [
                                                                                            "cc.movie_id",
                                                                                            "cc.subject_id",
                                                                                            "cc.status_id"
                                                                                        ]
                                                                                    }
                                                                                ]
                                                                            }
                                                                        ]
                                                                    },
                                                                    {
                                                                        "Node Type": "Hash",
                                                                        "Parent Relationship": "Inner",
                                                                        "Parallel Aware": false,
                                                                        "Startup Cost": 12.2,
                                                                        "Total Cost": 12.2,
                                                                        "Plan Rows": 1,
                                                                        "Plan Width": 4,
                                                                        "Actual Startup Time": 0.033,
                                                                        "Actual Total Time": 0.034,
                                                                        "Actual Rows": 2,
                                                                        "Actual Loops": 1,
                                                                        "Output": [
                                                                            "cct2.id"
                                                                        ],
                                                                        "Hash Buckets": 1024,
                                                                        "Original Hash Buckets": 1024,
                                                                        "Hash Batches": 1,
                                                                        "Original Hash Batches": 1,
                                                                        "Peak Memory Usage": 9,
                                                                        "Plans": [
                                                                            {
                                                                                "Node Type": "Index Scan",
                                                                                "Parent Relationship": "Outer",
                                                                                "Parallel Aware": false,
                                                                                "Scan Direction": "Forward",
                                                                                "Index Name": "comp_cast_type_pkey",
                                                                                "Relation Name": "comp_cast_type",
                                                                                "Schema": "public",
                                                                                "Alias": "cct2",
                                                                                "Startup Cost": 0.13,
                                                                                "Total Cost": 12.2,
                                                                                "Plan Rows": 1,
                                                                                "Plan Width": 4,
                                                                                "Actual Startup Time": 0.027,
                                                                                "Actual Total Time": 0.029,
                                                                                "Actual Rows": 2,
                                                                                "Actual Loops": 1,
                                                                                "Output": [
                                                                                    "cct2.id"
                                                                                ],
                                                                                "Filter": "((cct2.kind)::text ~~ '%complete%'::text)",
                                                                                "Rows Removed by Filter": 2
                                                                            }
                                                                        ]
                                                                    }
                                                                ]
                                                            }
                                                        ]
                                                    }
                                                ]
                                            }
                                        ]
                                    }
                                ]
                            },
                            {
                                "Node Type": "Bitmap Heap Scan",
                                "Parent Relationship": "Inner",
                                "Parallel Aware": false,
                                "Relation Name": "keyword",
                                "Schema": "public",
                                "Alias": "k",
                                "Startup Cost": 0.43,
                                "Total Cost": 4.45,
                                "Plan Rows": 1,
                                "Plan Width": 4,
                                "Actual Startup Time": 0.003,
                                "Actual Total Time": 0.003,
                                "Actual Rows": 0,
                                "Actual Loops": 3281594,
                                "Output": [
                                    "k.id",
                                    "k.keyword",
                                    "k.phonetic_code"
                                ],
                                "Recheck Cond": "(k.id = mk.keyword_id)",
                                "Rows Removed by Index Recheck": 0,
                                "Filter": "(k.keyword = ANY ('{violence,tv-special,fight,violence,fight,based-on-comic,sequel,second-part,based-on-comic,laser}'::text[]))",
                                "Rows Removed by Filter": 1,
                                "Exact Heap Blocks": 3281594,
                                "Lossy Heap Blocks": 0,
                                "Plans": [
                                    {
                                        "Node Type": "Bitmap Index Scan",
                                        "Parent Relationship": "Outer",
                                        "Parallel Aware": false,
                                        "Index Name": "keyword_pkey",
                                        "Startup Cost": 0.0,
                                        "Total Cost": 0.43,
                                        "Plan Rows": 1,
                                        "Plan Width": 0,
                                        "Actual Startup Time": 0.002,
                                        "Actual Total Time": 0.002,
                                        "Actual Rows": 1,
                                        "Actual Loops": 3281594,
                                        "Index Cond": "(k.id = mk.keyword_id)"
                                    }
                                ]
                            }
                        ]
                    },
                    {
                        "Node Type": "Bitmap Heap Scan",
                        "Parent Relationship": "Inner",
                        "Parallel Aware": false,
                        "Relation Name": "char_name",
                        "Schema": "public",
                        "Alias": "chn",
                        "Startup Cost": 0.44,
                        "Total Cost": 4.46,
                        "Plan Rows": 1,
                        "Plan Width": 20,
                        "Actual Startup Time": 0.003,
                        "Actual Total Time": 0.003,
                        "Actual Rows": 0,
                        "Actual Loops": 16028,
                        "Output": [
                            "chn.id",
                            "chn.name",
                            "chn.imdb_index",
                            "chn.imdb_id",
                            "chn.name_pcode_nf",
                            "chn.surname_pcode",
                            "chn.md5sum"
                        ],
                        "Recheck Cond": "(chn.id = ci.person_role_id)",
                        "Rows Removed by Index Recheck": 0,
                        "Filter": "((chn.name IS NOT NULL) AND ((chn.name ~~ '%man%'::text) OR (chn.name ~~ '%Man%'::text)))",
                        "Rows Removed by Filter": 0,
                        "Exact Heap Blocks": 6429,
                        "Lossy Heap Blocks": 0,
                        "Plans": [
                            {
                                "Node Type": "Bitmap Index Scan",
                                "Parent Relationship": "Outer",
                                "Parallel Aware": false,
                                "Index Name": "char_name_pkey",
                                "Startup Cost": 0.0,
                                "Total Cost": 0.44,
                                "Plan Rows": 1,
                                "Plan Width": 0,
                                "Actual Startup Time": 0.002,
                                "Actual Total Time": 0.002,
                                "Actual Rows": 0,
                                "Actual Loops": 16028,
                                "Index Cond": "(chn.id = ci.person_role_id)"
                            }
                        ]
                    }
                ]
            }
        ]
    },
    "Planning Time": 42.931,
    "Triggers": [],
    "Execution Time": 33406.676
}