[
  {
    "Plan": {
      "Node Type": "Aggregate",
      "Strategy": "Plain",
      "Partial Mode": "Finalize",
      "Parallel Aware": false,
      "Startup Cost": 346443.78,
      "Total Cost": 346443.79,
      "Plan Rows": 1,
      "Plan Width": 8,
      "Actual Startup Time": 612.915,
      "Actual Total Time": 657.967,
      "Actual Rows": 1,
      "Actual Loops": 1,
      "Plans": [
        {
          "Node Type": "Gather",
          "Parent Relationship": "Outer",
          "Parallel Aware": false,
          "Startup Cost": 346443.16,
          "Total Cost": 346443.77,
          "Plan Rows": 6,
          "Plan Width": 8,
          "Actual Startup Time": 612.628,
          "Actual Total Time": 657.954,
          "Actual Rows": 7,
          "Actual Loops": 1,
          "Workers Planned": 6,
          "Workers Launched": 6,
          "Single Copy": false,
          "Plans": [
            {
              "Node Type": "Aggregate",
              "Strategy": "Plain",
              "Partial Mode": "Partial",
              "Parent Relationship": "Outer",
              "Parallel Aware": false,
              "Startup Cost": 345443.16,
              "Total Cost": 345443.17,
              "Plan Rows": 1,
              "Plan Width": 8,
              "Actual Startup Time": 603.836,
              "Actual Total Time": 603.838,
              "Actual Rows": 1,
              "Actual Loops": 7,
              "Plans": [
                {
                  "Node Type": "Seq Scan",
                  "Parent Relationship": "Outer",
                  "Parallel Aware": true,
                  "Relation Name": "cast_info",
                  "Alias": "ci",
                  "Startup Cost": 0.0,
                  "Total Cost": 343316.27,
                  "Plan Rows": 850754,
                  "Plan Width": 0,
                  "Actual Startup Time": 384.529,
                  "Actual Total Time": 589.592,
                  "Actual Rows": 307565,
                  "Actual Loops": 7,
                  "Filter": "((person_id > 3014443) AND (role_id < 7))",
                  "Rows Removed by Filter": 4870199
                }
              ]
            }
          ]
        }
      ]
    },
    "Planning Time": 0.16,
    "Triggers": [],
    "Execution Time": 658.024
  }
]