[
  {
    "Plan": {
      "Node Type": "Aggregate",
      "Strategy": "Plain",
      "Partial Mode": "Finalize",
      "Parallel Aware": false,
      "Startup Cost": 335408.63,
      "Total Cost": 335408.64,
      "Plan Rows": 1,
      "Plan Width": 8,
      "Actual Startup Time": 675.706,
      "Actual Total Time": 717.623,
      "Actual Rows": 1,
      "Actual Loops": 1,
      "Plans": [
        {
          "Node Type": "Gather",
          "Parent Relationship": "Outer",
          "Parallel Aware": false,
          "Startup Cost": 335408.0,
          "Total Cost": 335408.61,
          "Plan Rows": 6,
          "Plan Width": 8,
          "Actual Startup Time": 675.542,
          "Actual Total Time": 717.613,
          "Actual Rows": 7,
          "Actual Loops": 1,
          "Workers Planned": 6,
          "Workers Launched": 6,
          "Single Copy": false,
          "Plans": [
            {
              "Node Type": "Aggregate",
              "Strategy": "Plain",
              "Partial Mode": "Partial",
              "Parent Relationship": "Outer",
              "Parallel Aware": false,
              "Startup Cost": 334408.0,
              "Total Cost": 334408.01,
              "Plan Rows": 1,
              "Plan Width": 8,
              "Actual Startup Time": 667.533,
              "Actual Total Time": 667.534,
              "Actual Rows": 1,
              "Actual Loops": 7,
              "Plans": [
                {
                  "Node Type": "Seq Scan",
                  "Parent Relationship": "Outer",
                  "Parallel Aware": true,
                  "Relation Name": "cast_info",
                  "Alias": "ci",
                  "Startup Cost": 0.0,
                  "Total Cost": 328211.39,
                  "Plan Rows": 2478645,
                  "Plan Width": 0,
                  "Actual Startup Time": 234.055,
                  "Actual Total Time": 568.142,
                  "Actual Rows": 2087928,
                  "Actual Loops": 7,
                  "Filter": "(person_id > 2195347)",
                  "Rows Removed by Filter": 3089836
                }
              ]
            }
          ]
        }
      ]
    },
    "Planning Time": 0.167,
    "Triggers": [],
    "Execution Time": 717.691
  }
]