{
  "Plan": {
    "Node Type": "Aggregate",
    "Strategy": "Plain",
    "Partial Mode": "Finalize",
    "Parallel Aware": false,
    "Startup Cost": 99116.44,
    "Total Cost": 99116.45,
    "Plan Rows": 1,
    "Plan Width": 8,
    "Actual Startup Time": 573.392,
    "Actual Total Time": 587.882,
    "Actual Rows": 1,
    "Actual Loops": 1,
    "Plans": [
      {
        "Node Type": "Gather",
        "Parent Relationship": "Outer",
        "Parallel Aware": false,
        "Startup Cost": 99116.33,
        "Total Cost": 99116.44,
        "Plan Rows": 1,
        "Plan Width": 8,
        "Actual Startup Time": 572.503,
        "Actual Total Time": 587.872,
        "Actual Rows": 2,
        "Actual Loops": 1,
        "Workers Planned": 1,
        "Workers Launched": 1,
        "Single Copy": false,
        "Plans": [
          {
            "Node Type": "Aggregate",
            "Strategy": "Plain",
            "Partial Mode": "Partial",
            "Parent Relationship": "Outer",
            "Parallel Aware": false,
            "Startup Cost": 98116.33,
            "Total Cost": 98116.34,
            "Plan Rows": 1,
            "Plan Width": 8,
            "Actual Startup Time": 567.12,
            "Actual Total Time": 567.124,
            "Actual Rows": 1,
            "Actual Loops": 2,
            "Plans": [
              {
                "Node Type": "Hash Join",
                "Parent Relationship": "Outer",
                "Parallel Aware": true,
                "Join Type": "Inner",
                "Startup Cost": 56281.15,
                "Total Cost": 97808.27,
                "Plan Rows": 123223,
                "Plan Width": 0,
                "Actual Startup Time": 198.543,
                "Actual Total Time": 555.886,
                "Actual Rows": 211649,
                "Actual Loops": 2,
                "Inner Unique": true,
                "Hash Cond": "(mc.movie_id = t.id)",
                "Plans": [
                  {
                    "Node Type": "Seq Scan",
                    "Parent Relationship": "Outer",
                    "Parallel Aware": true,
                    "Relation Name": "movie_companies",
                    "Alias": "mc",
                    "Startup Cost": 0.0,
                    "Total Cost": 37974.77,
                    "Plan Rows": 1353272,
                    "Plan Width": 4,
                    "Actual Startup Time": 0.016,
                    "Actual Total Time": 149.171,
                    "Actual Rows": 1151224,
                    "Actual Loops": 2,
                    "Filter": "(company_id < 93126)",
                    "Rows Removed by Filter": 153340
                  },
                  {
                    "Node Type": "Hash",
                    "Parent Relationship": "Inner",
                    "Parallel Aware": true,
                    "Startup Cost": 54588.39,
                    "Total Cost": 54588.39,
                    "Plan Rows": 135421,
                    "Plan Width": 4,
                    "Actual Startup Time": 194.501,
                    "Actual Total Time": 194.502,
                    "Actual Rows": 120700,
                    "Actual Loops": 2,
                    "Hash Buckets": 262144,
                    "Original Hash Buckets": 262144,
                    "Hash Batches": 1,
                    "Original Hash Batches": 1,
                    "Peak Memory Usage": 11520,
                    "Plans": [
                      {
                        "Node Type": "Seq Scan",
                        "Parent Relationship": "Outer",
                        "Parallel Aware": true,
                        "Relation Name": "title",
                        "Alias": "t",
                        "Startup Cost": 0.0,
                        "Total Cost": 54588.39,
                        "Plan Rows": 135421,
                        "Plan Width": 4,
                        "Actual Startup Time": 0.035,
                        "Actual Total Time": 156.644,
                        "Actual Rows": 120700,
                        "Actual Loops": 2,
                        "Filter": "(production_year < 1960)",
                        "Rows Removed by Filter": 1143456
                      }
                    ]
                  }
                ]
              }
            ]
          }
        ]
      }
    ]
  },
  "Planning Time": 0.48,
  "Triggers": [],
  "Execution Time": 587.957
}