{
  "Plan": {
    "Node Type": "Aggregate",
    "Strategy": "Plain",
    "Partial Mode": "Finalize",
    "Parallel Aware": false,
    "Startup Cost": 480978.54,
    "Total Cost": 480978.55,
    "Plan Rows": 1,
    "Plan Width": 8,
    "Actual Startup Time": 2017.878,
    "Actual Total Time": 2046.843,
    "Actual Rows": 1,
    "Actual Loops": 1,
    "Plans": [
      {
        "Node Type": "Gather",
        "Parent Relationship": "Outer",
        "Parallel Aware": false,
        "Startup Cost": 480978.43,
        "Total Cost": 480978.54,
        "Plan Rows": 1,
        "Plan Width": 8,
        "Actual Startup Time": 2011.108,
        "Actual Total Time": 2046.832,
        "Actual Rows": 2,
        "Actual Loops": 1,
        "Workers Planned": 1,
        "Workers Launched": 1,
        "Single Copy": false,
        "Plans": [
          {
            "Node Type": "Aggregate",
            "Strategy": "Plain",
            "Partial Mode": "Partial",
            "Parent Relationship": "Outer",
            "Parallel Aware": false,
            "Startup Cost": 479978.43,
            "Total Cost": 479978.44,
            "Plan Rows": 1,
            "Plan Width": 8,
            "Actual Startup Time": 1999.084,
            "Actual Total Time": 1999.089,
            "Actual Rows": 1,
            "Actual Loops": 2,
            "Plans": [
              {
                "Node Type": "Hash Join",
                "Parent Relationship": "Outer",
                "Parallel Aware": true,
                "Join Type": "Inner",
                "Startup Cost": 175289.24,
                "Total Cost": 475314.6,
                "Plan Rows": 1865532,
                "Plan Width": 0,
                "Actual Startup Time": 744.294,
                "Actual Total Time": 1917.486,
                "Actual Rows": 1987008,
                "Actual Loops": 2,
                "Inner Unique": true,
                "Hash Cond": "(ci.movie_id = t.id)",
                "Plans": [
                  {
                    "Node Type": "Bitmap Heap Scan",
                    "Parent Relationship": "Outer",
                    "Parallel Aware": true,
                    "Relation Name": "cast_info",
                    "Alias": "ci",
                    "Startup Cost": 105828.54,
                    "Total Cost": 400956.87,
                    "Plan Rows": 1865532,
                    "Plan Width": 4,
                    "Actual Startup Time": 204.757,
                    "Actual Total Time": 531.696,
                    "Actual Rows": 1987008,
                    "Actual Loops": 2,
                    "Recheck Cond": "(person_id < 482125)",
                    "Rows Removed by Index Recheck": 0,
                    "Filter": "(role_id < 4)",
                    "Rows Removed by Filter": 500648,
                    "Exact Heap Blocks": 27893,
                    "Lossy Heap Blocks": 0,
                    "Plans": [
                      {
                        "Node Type": "Bitmap Index Scan",
                        "Parent Relationship": "Outer",
                        "Parallel Aware": false,
                        "Index Name": "person_id_cast_info",
                        "Startup Cost": 0.0,
                        "Total Cost": 105035.69,
                        "Plan Rows": 4810017,
                        "Plan Width": 0,
                        "Actual Startup Time": 196.567,
                        "Actual Total Time": 196.569,
                        "Actual Rows": 4975310,
                        "Actual Loops": 1,
                        "Index Cond": "(person_id < 482125)"
                      }
                    ]
                  },
                  {
                    "Node Type": "Hash",
                    "Parent Relationship": "Inner",
                    "Parallel Aware": true,
                    "Startup Cost": 50870.31,
                    "Total Cost": 50870.31,
                    "Plan Rows": 1487231,
                    "Plan Width": 4,
                    "Actual Startup Time": 517.66,
                    "Actual Total Time": 517.66,
                    "Actual Rows": 1264156,
                    "Actual Loops": 2,
                    "Hash Buckets": 4194304,
                    "Original Hash Buckets": 4194304,
                    "Hash Batches": 1,
                    "Original Hash Batches": 1,
                    "Peak Memory Usage": 131712,
                    "Plans": [
                      {
                        "Node Type": "Seq Scan",
                        "Parent Relationship": "Outer",
                        "Parallel Aware": true,
                        "Relation Name": "title",
                        "Alias": "t",
                        "Startup Cost": 0.0,
                        "Total Cost": 50870.31,
                        "Plan Rows": 1487231,
                        "Plan Width": 4,
                        "Actual Startup Time": 0.025,
                        "Actual Total Time": 152.673,
                        "Actual Rows": 1264156,
                        "Actual Loops": 2
                      }
                    ]
                  }
                ]
              }
            ]
          }
        ]
      }
    ]
  },
  "Planning Time": 0.607,
  "Triggers": [],
  "Execution Time": 2046.937
}