[
  {
    "Plan": {
      "Node Type": "Aggregate",
      "Strategy": "Plain",
      "Partial Mode": "Finalize",
      "Parallel Aware": false,
      "Startup Cost": 228038.14,
      "Total Cost": 228038.15,
      "Plan Rows": 1,
      "Plan Width": 8,
      "Actual Startup Time": 191.755,
      "Actual Total Time": 219.265,
      "Actual Rows": 1,
      "Actual Loops": 1,
      "Plans": [
        {
          "Node Type": "Gather",
          "Parent Relationship": "Outer",
          "Parallel Aware": false,
          "Startup Cost": 228037.72,
          "Total Cost": 228038.13,
          "Plan Rows": 4,
          "Plan Width": 8,
          "Actual Startup Time": 191.533,
          "Actual Total Time": 219.247,
          "Actual Rows": 5,
          "Actual Loops": 1,
          "Workers Planned": 4,
          "Workers Launched": 4,
          "Single Copy": false,
          "Plans": [
            {
              "Node Type": "Aggregate",
              "Strategy": "Plain",
              "Partial Mode": "Partial",
              "Parent Relationship": "Outer",
              "Parallel Aware": false,
              "Startup Cost": 227037.72,
              "Total Cost": 227037.73,
              "Plan Rows": 1,
              "Plan Width": 8,
              "Actual Startup Time": 184.176,
              "Actual Total Time": 184.178,
              "Actual Rows": 1,
              "Actual Loops": 5,
              "Plans": [
                {
                  "Node Type": "Nested Loop",
                  "Parent Relationship": "Outer",
                  "Parallel Aware": false,
                  "Join Type": "Inner",
                  "Startup Cost": 0.43,
                  "Total Cost": 227030.8,
                  "Plan Rows": 2768,
                  "Plan Width": 0,
                  "Actual Startup Time": 55.849,
                  "Actual Total Time": 183.374,
                  "Actual Rows": 8709,
                  "Actual Loops": 5,
                  "Inner Unique": false,
                  "Plans": [
                    {
                      "Node Type": "Seq Scan",
                      "Parent Relationship": "Outer",
                      "Parallel Aware": true,
                      "Relation Name": "title",
                      "Alias": "t",
                      "Startup Cost": 0.0,
                      "Total Cost": 45479.59,
                      "Plan Rows": 4521,
                      "Plan Width": 4,
                      "Actual Startup Time": 55.652,
                      "Actual Total Time": 86.654,
                      "Actual Rows": 4404,
                      "Actual Loops": 5,
                      "Filter": "((kind_id < 2) AND (production_year > 2012))",
                      "Rows Removed by Filter": 501258
                    },
                    {
                      "Node Type": "Index Scan",
                      "Parent Relationship": "Inner",
                      "Parallel Aware": false,
                      "Scan Direction": "Forward",
                      "Index Name": "movie_id_movie_info",
                      "Relation Name": "movie_info",
                      "Alias": "mi",
                      "Startup Cost": 0.43,
                      "Total Cost": 40.12,
                      "Plan Rows": 4,
                      "Plan Width": 4,
                      "Actual Startup Time": 0.021,
                      "Actual Total Time": 0.021,
                      "Actual Rows": 2,
                      "Actual Loops": 22021,
                      "Index Cond": "(movie_id = t.id)",
                      "Rows Removed by Index Recheck": 0,
                      "Filter": "(info_type_id = 3)",
                      "Rows Removed by Filter": 7
                    }
                  ]
                }
              ]
            }
          ]
        }
      ]
    },
    "Planning Time": 0.54,
    "Triggers": [],
    "Execution Time": 219.333
  }
]