[
  {
    "Plan": {
      "Node Type": "Aggregate",
      "Strategy": "Plain",
      "Partial Mode": "Finalize",
      "Parallel Aware": false,
      "Startup Cost": 67557.72,
      "Total Cost": 67557.73,
      "Plan Rows": 1,
      "Plan Width": 8,
      "Actual Startup Time": 236.964,
      "Actual Total Time": 249.144,
      "Actual Rows": 1,
      "Actual Loops": 1,
      "Plans": [
        {
          "Node Type": "Gather",
          "Parent Relationship": "Outer",
          "Parallel Aware": false,
          "Startup Cost": 67557.41,
          "Total Cost": 67557.72,
          "Plan Rows": 3,
          "Plan Width": 8,
          "Actual Startup Time": 234.654,
          "Actual Total Time": 249.138,
          "Actual Rows": 4,
          "Actual Loops": 1,
          "Workers Planned": 3,
          "Workers Launched": 3,
          "Single Copy": false,
          "Plans": [
            {
              "Node Type": "Aggregate",
              "Strategy": "Plain",
              "Partial Mode": "Partial",
              "Parent Relationship": "Outer",
              "Parallel Aware": false,
              "Startup Cost": 66557.41,
              "Total Cost": 66557.42,
              "Plan Rows": 1,
              "Plan Width": 8,
              "Actual Startup Time": 227.579,
              "Actual Total Time": 227.582,
              "Actual Rows": 1,
              "Actual Loops": 4,
              "Plans": [
                {
                  "Node Type": "Nested Loop",
                  "Parent Relationship": "Outer",
                  "Parallel Aware": false,
                  "Join Type": "Inner",
                  "Startup Cost": 32212.16,
                  "Total Cost": 66535.05,
                  "Plan Rows": 8941,
                  "Plan Width": 0,
                  "Actual Startup Time": 104.962,
                  "Actual Total Time": 225.873,
                  "Actual Rows": 26720,
                  "Actual Loops": 4,
                  "Inner Unique": true,
                  "Join Filter": "(mc.movie_id = t.id)",
                  "Rows Removed by Join Filter": 0,
                  "Plans": [
                    {
                      "Node Type": "Hash Join",
                      "Parent Relationship": "Outer",
                      "Parallel Aware": true,
                      "Join Type": "Inner",
                      "Startup Cost": 32211.73,
                      "Total Cost": 41241.62,
                      "Plan Rows": 23956,
                      "Plan Width": 8,
                      "Actual Startup Time": 104.906,
                      "Actual Total Time": 142.376,
                      "Actual Rows": 26720,
                      "Actual Loops": 4,
                      "Inner Unique": false,
                      "Hash Cond": "(ci.movie_id = mc.movie_id)",
                      "Plans": [
                        {
                          "Node Type": "Index Scan",
                          "Parent Relationship": "Outer",
                          "Parallel Aware": true,
                          "Scan Direction": "Forward",
                          "Index Name": "role_id_cast_info",
                          "Relation Name": "cast_info",
                          "Alias": "ci",
                          "Startup Cost": 0.56,
                          "Total Cost": 8465.91,
                          "Plan Rows": 97454,
                          "Plan Width": 4,
                          "Actual Startup Time": 0.213,
                          "Actual Total Time": 13.183,
                          "Actual Rows": 79030,
                          "Actual Loops": 4,
                          "Index Cond": "(role_id > 10)",
                          "Rows Removed by Index Recheck": 0
                        },
                        {
                          "Node Type": "Hash",
                          "Parent Relationship": "Inner",
                          "Parallel Aware": true,
                          "Startup Cost": 31275.79,
                          "Total Cost": 31275.79,
                          "Plan Rows": 74830,
                          "Plan Width": 4,
                          "Actual Startup Time": 103.837,
                          "Actual Total Time": 103.838,
                          "Actual Rows": 86632,
                          "Actual Loops": 4,
                          "Hash Buckets": 524288,
                          "Original Hash Buckets": 262144,
                          "Hash Batches": 1,
                          "Original Hash Batches": 1,
                          "Peak Memory Usage": 19744,
                          "Plans": [
                            {
                              "Node Type": "Bitmap Heap Scan",
                              "Parent Relationship": "Outer",
                              "Parallel Aware": true,
                              "Relation Name": "movie_companies",
                              "Alias": "mc",
                              "Startup Cost": 10195.84,
                              "Total Cost": 31275.79,
                              "Plan Rows": 74830,
                              "Plan Width": 4,
                              "Actual Startup Time": 18.288,
                              "Actual Total Time": 69.114,
                              "Actual Rows": 86632,
                              "Actual Loops": 4,
                              "Recheck Cond": "(company_id < 400)",
                              "Rows Removed by Index Recheck": 0,
                              "Filter": "(company_type_id = 1)",
                              "Rows Removed by Filter": 29614,
                              "Exact Heap Blocks": 6899,
                              "Lossy Heap Blocks": 0,
                              "Plans": [
                                {
                                  "Node Type": "Bitmap Index Scan",
                                  "Parent Relationship": "Outer",
                                  "Parallel Aware": false,
                                  "Index Name": "company_id_movie_companies",
                                  "Startup Cost": 0.0,
                                  "Total Cost": 10137.85,
                                  "Plan Rows": 473256,
                                  "Plan Width": 0,
                                  "Actual Startup Time": 20.579,
                                  "Actual Total Time": 20.579,
                                  "Actual Rows": 464981,
                                  "Actual Loops": 1,
                                  "Index Cond": "(company_id < 400)"
                                }
                              ]
                            }
                          ]
                        }
                      ]
                    },
                    {
                      "Node Type": "Index Only Scan",
                      "Parent Relationship": "Inner",
                      "Parallel Aware": false,
                      "Scan Direction": "Forward",
                      "Index Name": "title_pkey",
                      "Relation Name": "title",
                      "Alias": "t",
                      "Startup Cost": 0.43,
                      "Total Cost": 1.04,
                      "Plan Rows": 1,
                      "Plan Width": 4,
                      "Actual Startup Time": 0.003,
                      "Actual Total Time": 0.003,
                      "Actual Rows": 1,
                      "Actual Loops": 106879,
                      "Index Cond": "(id = ci.movie_id)",
                      "Rows Removed by Index Recheck": 0,
                      "Heap Fetches": 106879
                    }
                  ]
                }
              ]
            }
          ]
        }
      ]
    },
    "Planning Time": 0.362,
    "Triggers": [],
    "Execution Time": 249.182
  }
]