[
  {
    "Plan": {
      "Node Type": "Aggregate",
      "Strategy": "Plain",
      "Partial Mode": "Finalize",
      "Parallel Aware": false,
      "Startup Cost": 65919.16,
      "Total Cost": 65919.17,
      "Plan Rows": 1,
      "Plan Width": 8,
      "Actual Startup Time": 274.133,
      "Actual Total Time": 293.237,
      "Actual Rows": 1,
      "Actual Loops": 1,
      "Plans": [
        {
          "Node Type": "Gather",
          "Parent Relationship": "Outer",
          "Parallel Aware": false,
          "Startup Cost": 65918.84,
          "Total Cost": 65919.15,
          "Plan Rows": 3,
          "Plan Width": 8,
          "Actual Startup Time": 272.108,
          "Actual Total Time": 293.226,
          "Actual Rows": 4,
          "Actual Loops": 1,
          "Workers Planned": 3,
          "Workers Launched": 3,
          "Single Copy": false,
          "Plans": [
            {
              "Node Type": "Aggregate",
              "Strategy": "Plain",
              "Partial Mode": "Partial",
              "Parent Relationship": "Outer",
              "Parallel Aware": false,
              "Startup Cost": 64918.84,
              "Total Cost": 64918.85,
              "Plan Rows": 1,
              "Plan Width": 8,
              "Actual Startup Time": 262.696,
              "Actual Total Time": 262.7,
              "Actual Rows": 1,
              "Actual Loops": 4,
              "Plans": [
                {
                  "Node Type": "Nested Loop",
                  "Parent Relationship": "Outer",
                  "Parallel Aware": false,
                  "Join Type": "Inner",
                  "Startup Cost": 32079.58,
                  "Total Cost": 64896.9,
                  "Plan Rows": 8777,
                  "Plan Width": 0,
                  "Actual Startup Time": 126.852,
                  "Actual Total Time": 260.96,
                  "Actual Rows": 26720,
                  "Actual Loops": 4,
                  "Inner Unique": true,
                  "Join Filter": "(mc.movie_id = t.id)",
                  "Rows Removed by Join Filter": 0,
                  "Plans": [
                    {
                      "Node Type": "Hash Join",
                      "Parent Relationship": "Outer",
                      "Parallel Aware": true,
                      "Join Type": "Inner",
                      "Startup Cost": 32079.15,
                      "Total Cost": 40992.01,
                      "Plan Rows": 22478,
                      "Plan Width": 8,
                      "Actual Startup Time": 126.782,
                      "Actual Total Time": 167.257,
                      "Actual Rows": 26720,
                      "Actual Loops": 4,
                      "Inner Unique": false,
                      "Hash Cond": "(ci.movie_id = mc.movie_id)",
                      "Plans": [
                        {
                          "Node Type": "Index Scan",
                          "Parent Relationship": "Outer",
                          "Parallel Aware": true,
                          "Scan Direction": "Forward",
                          "Index Name": "role_id_cast_info",
                          "Relation Name": "cast_info",
                          "Alias": "ci",
                          "Startup Cost": 0.56,
                          "Total Cost": 8359.83,
                          "Plan Rows": 96218,
                          "Plan Width": 4,
                          "Actual Startup Time": 0.138,
                          "Actual Total Time": 12.776,
                          "Actual Rows": 79030,
                          "Actual Loops": 4,
                          "Index Cond": "(role_id > 10)",
                          "Rows Removed by Index Recheck": 0
                        },
                        {
                          "Node Type": "Hash",
                          "Parent Relationship": "Inner",
                          "Parallel Aware": true,
                          "Startup Cost": 31148.66,
                          "Total Cost": 31148.66,
                          "Plan Rows": 74394,
                          "Plan Width": 4,
                          "Actual Startup Time": 124.302,
                          "Actual Total Time": 124.304,
                          "Actual Rows": 86632,
                          "Actual Loops": 4,
                          "Hash Buckets": 524288,
                          "Original Hash Buckets": 262144,
                          "Hash Batches": 1,
                          "Original Hash Batches": 1,
                          "Peak Memory Usage": 19744,
                          "Plans": [
                            {
                              "Node Type": "Bitmap Heap Scan",
                              "Parent Relationship": "Outer",
                              "Parallel Aware": true,
                              "Relation Name": "movie_companies",
                              "Alias": "mc",
                              "Startup Cost": 10091.77,
                              "Total Cost": 31148.66,
                              "Plan Rows": 74394,
                              "Plan Width": 4,
                              "Actual Startup Time": 35.527,
                              "Actual Total Time": 89.407,
                              "Actual Rows": 86632,
                              "Actual Loops": 4,
                              "Recheck Cond": "(company_id < 400)",
                              "Rows Removed by Index Recheck": 0,
                              "Filter": "(company_type_id = 1)",
                              "Rows Removed by Filter": 29614,
                              "Exact Heap Blocks": 7355,
                              "Lossy Heap Blocks": 0,
                              "Plans": [
                                {
                                  "Node Type": "Bitmap Index Scan",
                                  "Parent Relationship": "Outer",
                                  "Parallel Aware": false,
                                  "Index Name": "company_id_movie_companies",
                                  "Startup Cost": 0.0,
                                  "Total Cost": 10034.11,
                                  "Plan Rows": 468491,
                                  "Plan Width": 0,
                                  "Actual Startup Time": 35.622,
                                  "Actual Total Time": 35.622,
                                  "Actual Rows": 464981,
                                  "Actual Loops": 1,
                                  "Index Cond": "(company_id < 400)"
                                }
                              ]
                            }
                          ]
                        }
                      ]
                    },
                    {
                      "Node Type": "Index Only Scan",
                      "Parent Relationship": "Inner",
                      "Parallel Aware": false,
                      "Scan Direction": "Forward",
                      "Index Name": "title_pkey",
                      "Relation Name": "title",
                      "Alias": "t",
                      "Startup Cost": 0.43,
                      "Total Cost": 1.05,
                      "Plan Rows": 1,
                      "Plan Width": 4,
                      "Actual Startup Time": 0.003,
                      "Actual Total Time": 0.003,
                      "Actual Rows": 1,
                      "Actual Loops": 106879,
                      "Index Cond": "(id = ci.movie_id)",
                      "Rows Removed by Index Recheck": 0,
                      "Heap Fetches": 106879
                    }
                  ]
                }
              ]
            }
          ]
        }
      ]
    },
    "Planning Time": 1.441,
    "Triggers": [],
    "Execution Time": 293.352
  }
]