[
  {
    "Plan": {
      "Node Type": "Aggregate",
      "Strategy": "Plain",
      "Partial Mode": "Finalize",
      "Parallel Aware": false,
      "Startup Cost": 340993.7,
      "Total Cost": 340993.71,
      "Plan Rows": 1,
      "Plan Width": 8,
      "Actual Startup Time": 890.822,
      "Actual Total Time": 953.08,
      "Actual Rows": 1,
      "Actual Loops": 1,
      "Plans": [
        {
          "Node Type": "Gather",
          "Parent Relationship": "Outer",
          "Parallel Aware": false,
          "Startup Cost": 340993.07,
          "Total Cost": 340993.68,
          "Plan Rows": 6,
          "Plan Width": 8,
          "Actual Startup Time": 890.662,
          "Actual Total Time": 953.062,
          "Actual Rows": 7,
          "Actual Loops": 1,
          "Workers Planned": 6,
          "Workers Launched": 6,
          "Single Copy": false,
          "Plans": [
            {
              "Node Type": "Aggregate",
              "Strategy": "Plain",
              "Partial Mode": "Partial",
              "Parent Relationship": "Outer",
              "Parallel Aware": false,
              "Startup Cost": 339993.07,
              "Total Cost": 339993.08,
              "Plan Rows": 1,
              "Plan Width": 8,
              "Actual Startup Time": 880.382,
              "Actual Total Time": 880.384,
              "Actual Rows": 1,
              "Actual Loops": 7,
              "Plans": [
                {
                  "Node Type": "Seq Scan",
                  "Parent Relationship": "Outer",
                  "Parallel Aware": true,
                  "Relation Name": "cast_info",
                  "Alias": "ci",
                  "Startup Cost": 0.0,
                  "Total Cost": 328162.03,
                  "Plan Rows": 4732419,
                  "Plan Width": 0,
                  "Actual Startup Time": 105.685,
                  "Actual Total Time": 692.842,
                  "Actual Rows": 4036092,
                  "Actual Loops": 7,
                  "Filter": "(person_id > 781480)",
                  "Rows Removed by Filter": 1141671
                }
              ]
            }
          ]
        }
      ]
    },
    "Planning Time": 0.2,
    "Triggers": [],
    "Execution Time": 953.156
  }
]