[
  {
    "Plan": {
      "Node Type": "Aggregate",
      "Strategy": "Plain",
      "Partial Mode": "Finalize",
      "Parallel Aware": false,
      "Startup Cost": 34279.36,
      "Total Cost": 34279.37,
      "Plan Rows": 1,
      "Plan Width": 8,
      "Actual Startup Time": 110.566,
      "Actual Total Time": 115.549,
      "Actual Rows": 1,
      "Actual Loops": 1,
      "Plans": [
        {
          "Node Type": "Gather",
          "Parent Relationship": "Outer",
          "Parallel Aware": false,
          "Startup Cost": 34279.05,
          "Total Cost": 34279.36,
          "Plan Rows": 3,
          "Plan Width": 8,
          "Actual Startup Time": 110.386,
          "Actual Total Time": 115.539,
          "Actual Rows": 4,
          "Actual Loops": 1,
          "Workers Planned": 3,
          "Workers Launched": 3,
          "Single Copy": false,
          "Plans": [
            {
              "Node Type": "Aggregate",
              "Strategy": "Plain",
              "Partial Mode": "Partial",
              "Parent Relationship": "Outer",
              "Parallel Aware": false,
              "Startup Cost": 33279.05,
              "Total Cost": 33279.06,
              "Plan Rows": 1,
              "Plan Width": 8,
              "Actual Startup Time": 103.586,
              "Actual Total Time": 103.588,
              "Actual Rows": 1,
              "Actual Loops": 4,
              "Plans": [
                {
                  "Node Type": "Bitmap Heap Scan",
                  "Parent Relationship": "Outer",
                  "Parallel Aware": true,
                  "Relation Name": "movie_keyword",
                  "Alias": "mk",
                  "Startup Cost": 7185.86,
                  "Total Cost": 33005.85,
                  "Plan Rows": 109279,
                  "Plan Width": 0,
                  "Actual Startup Time": 41.515,
                  "Actual Total Time": 98.277,
                  "Actual Rows": 82761,
                  "Actual Loops": 4,
                  "Recheck Cond": "(keyword_id > 49894)",
                  "Rows Removed by Index Recheck": 0,
                  "Exact Heap Blocks": 10995,
                  "Lossy Heap Blocks": 0,
                  "Plans": [
                    {
                      "Node Type": "Bitmap Index Scan",
                      "Parent Relationship": "Outer",
                      "Parallel Aware": false,
                      "Index Name": "keyword_id_movie_keyword",
                      "Startup Cost": 0.0,
                      "Total Cost": 7101.17,
                      "Plan Rows": 338765,
                      "Plan Width": 0,
                      "Actual Startup Time": 43.82,
                      "Actual Total Time": 43.82,
                      "Actual Rows": 331045,
                      "Actual Loops": 1,
                      "Index Cond": "(keyword_id > 49894)"
                    }
                  ]
                }
              ]
            }
          ]
        }
      ]
    },
    "Planning Time": 0.185,
    "Triggers": [],
    "Execution Time": 115.624
  }
]