[
  {
    "Plan": {
      "Node Type": "Aggregate",
      "Strategy": "Plain",
      "Partial Mode": "Finalize",
      "Parallel Aware": false,
      "Startup Cost": 45313.87,
      "Total Cost": 45313.88,
      "Plan Rows": 1,
      "Plan Width": 8,
      "Actual Startup Time": 91.747,
      "Actual Total Time": 103.174,
      "Actual Rows": 1,
      "Actual Loops": 1,
      "Plans": [
        {
          "Node Type": "Gather",
          "Parent Relationship": "Outer",
          "Parallel Aware": false,
          "Startup Cost": 45313.45,
          "Total Cost": 45313.86,
          "Plan Rows": 4,
          "Plan Width": 8,
          "Actual Startup Time": 91.5,
          "Actual Total Time": 103.165,
          "Actual Rows": 5,
          "Actual Loops": 1,
          "Workers Planned": 4,
          "Workers Launched": 4,
          "Single Copy": false,
          "Plans": [
            {
              "Node Type": "Aggregate",
              "Strategy": "Plain",
              "Partial Mode": "Partial",
              "Parent Relationship": "Outer",
              "Parallel Aware": false,
              "Startup Cost": 44313.45,
              "Total Cost": 44313.46,
              "Plan Rows": 1,
              "Plan Width": 8,
              "Actual Startup Time": 84.63,
              "Actual Total Time": 84.631,
              "Actual Rows": 1,
              "Actual Loops": 5,
              "Plans": [
                {
                  "Node Type": "Seq Scan",
                  "Parent Relationship": "Outer",
                  "Parallel Aware": true,
                  "Relation Name": "title",
                  "Alias": "t",
                  "Startup Cost": 0.0,
                  "Total Cost": 43898.92,
                  "Plan Rows": 165814,
                  "Plan Width": 0,
                  "Actual Startup Time": 39.431,
                  "Actual Total Time": 79.382,
                  "Actual Rows": 132565,
                  "Actual Loops": 5,
                  "Filter": "(kind_id = 1)",
                  "Rows Removed by Filter": 373097
                }
              ]
            }
          ]
        }
      ]
    },
    "Planning Time": 0.142,
    "Triggers": [],
    "Execution Time": 103.232
  }
]