[
  {
    "Plan": {
      "Node Type": "Aggregate",
      "Strategy": "Plain",
      "Partial Mode": "Finalize",
      "Parallel Aware": false,
      "Startup Cost": 387999.33,
      "Total Cost": 387999.34,
      "Plan Rows": 1,
      "Plan Width": 8,
      "Actual Startup Time": 677.517,
      "Actual Total Time": 697.836,
      "Actual Rows": 1,
      "Actual Loops": 1,
      "Plans": [
        {
          "Node Type": "Gather",
          "Parent Relationship": "Outer",
          "Parallel Aware": false,
          "Startup Cost": 387999.01,
          "Total Cost": 387999.32,
          "Plan Rows": 3,
          "Plan Width": 8,
          "Actual Startup Time": 673.309,
          "Actual Total Time": 697.816,
          "Actual Rows": 4,
          "Actual Loops": 1,
          "Workers Planned": 3,
          "Workers Launched": 3,
          "Single Copy": false,
          "Plans": [
            {
              "Node Type": "Aggregate",
              "Strategy": "Plain",
              "Partial Mode": "Partial",
              "Parent Relationship": "Outer",
              "Parallel Aware": false,
              "Startup Cost": 386999.01,
              "Total Cost": 386999.02,
              "Plan Rows": 1,
              "Plan Width": 8,
              "Actual Startup Time": 663.976,
              "Actual Total Time": 664.078,
              "Actual Rows": 1,
              "Actual Loops": 4,
              "Plans": [
                {
                  "Node Type": "Hash Join",
                  "Parent Relationship": "Outer",
                  "Parallel Aware": true,
                  "Join Type": "Inner",
                  "Startup Cost": 340580.79,
                  "Total Cost": 386049.81,
                  "Plan Rows": 379680,
                  "Plan Width": 0,
                  "Actual Startup Time": 415.761,
                  "Actual Total Time": 638.664,
                  "Actual Rows": 628337,
                  "Actual Loops": 4,
                  "Inner Unique": false,
                  "Hash Cond": "(mk.movie_id = t.id)",
                  "Plans": [
                    {
                      "Node Type": "Seq Scan",
                      "Parent Relationship": "Outer",
                      "Parallel Aware": true,
                      "Relation Name": "movie_keyword",
                      "Alias": "mk",
                      "Startup Cost": 0.0,
                      "Total Cost": 39047.32,
                      "Plan Rows": 1459332,
                      "Plan Width": 4,
                      "Actual Startup Time": 0.048,
                      "Actual Total Time": 85.296,
                      "Actual Rows": 1130982,
                      "Actual Loops": 4
                    },
                    {
                      "Node Type": "Hash",
                      "Parent Relationship": "Inner",
                      "Parallel Aware": true,
                      "Startup Cost": 338525.18,
                      "Total Cost": 338525.18,
                      "Plan Rows": 164449,
                      "Plan Width": 8,
                      "Actual Startup Time": 410.665,
                      "Actual Total Time": 410.765,
                      "Actual Rows": 105070,
                      "Actual Loops": 4,
                      "Hash Buckets": 1048576,
                      "Original Hash Buckets": 1048576,
                      "Hash Batches": 1,
                      "Original Hash Batches": 1,
                      "Peak Memory Usage": 24672,
                      "Plans": [
                        {
                          "Node Type": "Hash Join",
                          "Parent Relationship": "Outer",
                          "Parallel Aware": true,
                          "Join Type": "Inner",
                          "Startup Cost": 289611.64,
                          "Total Cost": 338525.18,
                          "Plan Rows": 164449,
                          "Plan Width": 8,
                          "Actual Startup Time": 174.427,
                          "Actual Total Time": 375.534,
                          "Actual Rows": 105070,
                          "Actual Loops": 4,
                          "Inner Unique": false,
                          "Hash Cond": "(t.id = ci.movie_id)",
                          "Plans": [
                            {
                              "Node Type": "Seq Scan",
                              "Parent Relationship": "Outer",
                              "Parallel Aware": true,
                              "Relation Name": "title",
                              "Alias": "t",
                              "Startup Cost": 0.0,
                              "Total Cost": 42318.73,
                              "Plan Rows": 632073,
                              "Plan Width": 4,
                              "Actual Startup Time": 0.012,
                              "Actual Total Time": 73.374,
                              "Actual Rows": 632078,
                              "Actual Loops": 4
                            },
                            {
                              "Node Type": "Hash",
                              "Parent Relationship": "Inner",
                              "Parallel Aware": true,
                              "Startup Cost": 288241.22,
                              "Total Cost": 288241.22,
                              "Plan Rows": 109633,
                              "Plan Width": 4,
                              "Actual Startup Time": 171.789,
                              "Actual Total Time": 171.79,
                              "Actual Rows": 105070,
                              "Actual Loops": 4,
                              "Hash Buckets": 1048576,
                              "Original Hash Buckets": 1048576,
                              "Hash Batches": 1,
                              "Original Hash Batches": 1,
                              "Peak Memory Usage": 24736,
                              "Plans": [
                                {
                                  "Node Type": "Bitmap Heap Scan",
                                  "Parent Relationship": "Outer",
                                  "Parallel Aware": true,
                                  "Relation Name": "cast_info",
                                  "Alias": "ci",
                                  "Startup Cost": 31918.92,
                                  "Total Cost": 288241.22,
                                  "Plan Rows": 109633,
                                  "Plan Width": 4,
                                  "Actual Startup Time": 107.145,
                                  "Actual Total Time": 133.942,
                                  "Actual Rows": 105070,
                                  "Actual Loops": 4,
                                  "Recheck Cond": "(person_id < 150378)",
                                  "Rows Removed by Index Recheck": 0,
                                  "Filter": "(role_id > 2)",
                                  "Rows Removed by Filter": 269120,
                                  "Exact Heap Blocks": 6301,
                                  "Lossy Heap Blocks": 0,
                                  "Plans": [
                                    {
                                      "Node Type": "Bitmap Index Scan",
                                      "Parent Relationship": "Outer",
                                      "Parallel Aware": false,
                                      "Index Name": "person_id_cast_info",
                                      "Startup Cost": 0.0,
                                      "Total Cost": 31754.47,
                                      "Plan Rows": 1454121,
                                      "Plan Width": 0,
                                      "Actual Startup Time": 55.731,
                                      "Actual Total Time": 55.731,
                                      "Actual Rows": 1496761,
                                      "Actual Loops": 1,
                                      "Index Cond": "(person_id < 150378)"
                                    }
                                  ]
                                }
                              ]
                            }
                          ]
                        }
                      ]
                    }
                  ]
                }
              ]
            }
          ]
        }
      ]
    },
    "Planning Time": 1.33,
    "Triggers": [],
    "Execution Time": 697.939
  }
]