[
    {
        "Bao": {
            "Bao prediction": "NaN",
            "Bao recommended hint": "(no hint)"
        }
    },
    {
        "Plan": {
            "Node Type": "Aggregate",
            "Strategy": "Plain",
            "Partial Mode": "Finalize",
            "Parallel Aware": false,
            "Startup Cost": 32771.33,
            "Total Cost": 32771.34,
            "Plan Rows": 1,
            "Plan Width": 8,
            "Actual Startup Time": 84.283,
            "Actual Total Time": 89.391,
            "Actual Rows": 1,
            "Actual Loops": 1,
            "Output": [
                "count(*)"
            ],
            "Plans": [
                {
                    "Node Type": "Gather",
                    "Parent Relationship": "Outer",
                    "Parallel Aware": false,
                    "Startup Cost": 32771.01,
                    "Total Cost": 32771.32,
                    "Plan Rows": 3,
                    "Plan Width": 8,
                    "Actual Startup Time": 84.135,
                    "Actual Total Time": 89.384,
                    "Actual Rows": 4,
                    "Actual Loops": 1,
                    "Output": [
                        "(PARTIAL count(*))"
                    ],
                    "Workers Planned": 3,
                    "Workers Launched": 3,
                    "Single Copy": false,
                    "Plans": [
                        {
                            "Node Type": "Aggregate",
                            "Strategy": "Plain",
                            "Partial Mode": "Partial",
                            "Parent Relationship": "Outer",
                            "Parallel Aware": false,
                            "Startup Cost": 31771.01,
                            "Total Cost": 31771.02,
                            "Plan Rows": 1,
                            "Plan Width": 8,
                            "Actual Startup Time": 76.203,
                            "Actual Total Time": 76.204,
                            "Actual Rows": 1,
                            "Actual Loops": 4,
                            "Output": [
                                "PARTIAL count(*)"
                            ],
                            "Workers": [
                                {
                                    "Worker Number": 0,
                                    "Actual Startup Time": 73.256,
                                    "Actual Total Time": 73.257,
                                    "Actual Rows": 1,
                                    "Actual Loops": 1
                                },
                                {
                                    "Worker Number": 1,
                                    "Actual Startup Time": 73.693,
                                    "Actual Total Time": 73.694,
                                    "Actual Rows": 1,
                                    "Actual Loops": 1
                                },
                                {
                                    "Worker Number": 2,
                                    "Actual Startup Time": 73.977,
                                    "Actual Total Time": 73.978,
                                    "Actual Rows": 1,
                                    "Actual Loops": 1
                                }
                            ],
                            "Plans": [
                                {
                                    "Node Type": "Seq Scan",
                                    "Parent Relationship": "Outer",
                                    "Parallel Aware": true,
                                    "Relation Name": "movie_companies",
                                    "Schema": "public",
                                    "Alias": "mc",
                                    "Startup Cost": 0.0,
                                    "Total Cost": 31414.82,
                                    "Plan Rows": 142477,
                                    "Plan Width": 0,
                                    "Actual Startup Time": 40.909,
                                    "Actual Total Time": 72.927,
                                    "Actual Rows": 63076,
                                    "Actual Loops": 4,
                                    "Output": [
                                        "id",
                                        "movie_id",
                                        "company_id",
                                        "company_type_id",
                                        "note"
                                    ],
                                    "Filter": "((mc.company_id < 2538) AND (mc.company_type_id = 2))",
                                    "Rows Removed by Filter": 589206,
                                    "Workers": [
                                        {
                                            "Worker Number": 0,
                                            "Actual Startup Time": 37.965,
                                            "Actual Total Time": 70.161,
                                            "Actual Rows": 44320,
                                            "Actual Loops": 1
                                        },
                                        {
                                            "Worker Number": 1,
                                            "Actual Startup Time": 38.397,
                                            "Actual Total Time": 70.468,
                                            "Actual Rows": 46531,
                                            "Actual Loops": 1
                                        },
                                        {
                                            "Worker Number": 2,
                                            "Actual Startup Time": 38.68,
                                            "Actual Total Time": 70.832,
                                            "Actual Rows": 72668,
                                            "Actual Loops": 1
                                        }
                                    ]
                                }
                            ]
                        }
                    ]
                }
            ]
        },
        "Planning Time": 187.538,
        "Triggers": [],
        "Execution Time": 89.431
    }
]