{
  "Plan": {
    "Node Type": "Aggregate",
    "Strategy": "Plain",
    "Partial Mode": "Finalize",
    "Parallel Aware": false,
    "Startup Cost": 3805849.9,
    "Total Cost": 3805849.91,
    "Plan Rows": 1,
    "Plan Width": 8,
    "Actual Startup Time": 46487.897,
    "Actual Total Time": 46587.143,
    "Actual Rows": 1,
    "Actual Loops": 1,
    "Plans": [
      {
        "Node Type": "Gather",
        "Parent Relationship": "Outer",
        "Parallel Aware": false,
        "Startup Cost": 3805849.79,
        "Total Cost": 3805849.9,
        "Plan Rows": 1,
        "Plan Width": 8,
        "Actual Startup Time": 46487.889,
        "Actual Total Time": 46587.136,
        "Actual Rows": 2,
        "Actual Loops": 1,
        "Workers Planned": 1,
        "Workers Launched": 1,
        "Single Copy": false,
        "Plans": [
          {
            "Node Type": "Aggregate",
            "Strategy": "Plain",
            "Partial Mode": "Partial",
            "Parent Relationship": "Outer",
            "Parallel Aware": false,
            "Startup Cost": 3804849.79,
            "Total Cost": 3804849.8,
            "Plan Rows": 1,
            "Plan Width": 8,
            "Actual Startup Time": 46479.575,
            "Actual Total Time": 46479.576,
            "Actual Rows": 1,
            "Actual Loops": 2,
            "Plans": [
              {
                "Node Type": "Merge Join",
                "Parent Relationship": "Outer",
                "Parallel Aware": false,
                "Join Type": "Inner",
                "Startup Cost": 39.93,
                "Total Cost": 3688105.97,
                "Plan Rows": 46697526,
                "Plan Width": 0,
                "Actual Startup Time": 3.508,
                "Actual Total Time": 39300.433,
                "Actual Rows": 184409440,
                "Actual Loops": 2,
                "Inner Unique": false,
                "Merge Cond": "(t.id = mi.movie_id)",
                "Plans": [
                  {
                    "Node Type": "Nested Loop",
                    "Parent Relationship": "Outer",
                    "Parallel Aware": false,
                    "Join Type": "Inner",
                    "Startup Cost": 0.99,
                    "Total Cost": 1890019.83,
                    "Plan Rows": 7986181,
                    "Plan Width": 8,
                    "Actual Startup Time": 0.207,
                    "Actual Total Time": 10029.551,
                    "Actual Rows": 7348144,
                    "Actual Loops": 2,
                    "Inner Unique": false,
                    "Plans": [
                      {
                        "Node Type": "Index Scan",
                        "Parent Relationship": "Outer",
                        "Parallel Aware": true,
                        "Scan Direction": "Forward",
                        "Index Name": "title_pkey",
                        "Relation Name": "title",
                        "Alias": "t",
                        "Startup Cost": 0.43,
                        "Total Cost": 107365.5,
                        "Plan Rows": 557342,
                        "Plan Width": 4,
                        "Actual Startup Time": 0.092,
                        "Actual Total Time": 781.8,
                        "Actual Rows": 467480,
                        "Actual Loops": 2,
                        "Filter": "((kind_id < 7) AND (production_year > 1912))",
                        "Rows Removed by Filter": 796676
                      },
                      {
                        "Node Type": "Index Only Scan",
                        "Parent Relationship": "Inner",
                        "Parallel Aware": false,
                        "Scan Direction": "Forward",
                        "Index Name": "movie_id_cast_info",
                        "Relation Name": "cast_info",
                        "Alias": "ci",
                        "Startup Cost": 0.56,
                        "Total Cost": 2.83,
                        "Plan Rows": 37,
                        "Plan Width": 4,
                        "Actual Startup Time": 0.003,
                        "Actual Total Time": 0.018,
                        "Actual Rows": 16,
                        "Actual Loops": 934959,
                        "Index Cond": "(movie_id = t.id)",
                        "Rows Removed by Index Recheck": 0,
                        "Heap Fetches": 14696287
                      }
                    ]
                  },
                  {
                    "Node Type": "Materialize",
                    "Parent Relationship": "Inner",
                    "Parallel Aware": false,
                    "Startup Cost": 0.43,
                    "Total Cost": 1116056.49,
                    "Plan Rows": 14783665,
                    "Plan Width": 4,
                    "Actual Startup Time": 0.118,
                    "Actual Total Time": 12022.989,
                    "Actual Rows": 194169062,
                    "Actual Loops": 2,
                    "Plans": [
                      {
                        "Node Type": "Index Only Scan",
                        "Parent Relationship": "Outer",
                        "Parallel Aware": false,
                        "Scan Direction": "Forward",
                        "Index Name": "movie_id_movie_info",
                        "Relation Name": "movie_info",
                        "Alias": "mi",
                        "Startup Cost": 0.43,
                        "Total Cost": 1079097.33,
                        "Plan Rows": 14783665,
                        "Plan Width": 4,
                        "Actual Startup Time": 0.11,
                        "Actual Total Time": 4191.155,
                        "Actual Rows": 14834566,
                        "Actual Loops": 2,
                        "Heap Fetches": 29669132
                      }
                    ]
                  }
                ]
              }
            ]
          }
        ]
      }
    ]
  },
  "Planning Time": 1.025,
  "Triggers": [],
  "Execution Time": 46587.272
}