[
  {
    "Plan": {
      "Node Type": "Aggregate",
      "Strategy": "Plain",
      "Partial Mode": "Finalize",
      "Parallel Aware": false,
      "Startup Cost": 275088.81,
      "Total Cost": 275088.82,
      "Plan Rows": 1,
      "Plan Width": 8,
      "Actual Startup Time": 85.805,
      "Actual Total Time": 92.927,
      "Actual Rows": 1,
      "Actual Loops": 1,
      "Plans": [
        {
          "Node Type": "Gather",
          "Parent Relationship": "Outer",
          "Parallel Aware": false,
          "Startup Cost": 275088.19,
          "Total Cost": 275088.8,
          "Plan Rows": 6,
          "Plan Width": 8,
          "Actual Startup Time": 85.414,
          "Actual Total Time": 92.917,
          "Actual Rows": 7,
          "Actual Loops": 1,
          "Workers Planned": 6,
          "Workers Launched": 6,
          "Single Copy": false,
          "Plans": [
            {
              "Node Type": "Aggregate",
              "Strategy": "Plain",
              "Partial Mode": "Partial",
              "Parent Relationship": "Outer",
              "Parallel Aware": false,
              "Startup Cost": 274088.19,
              "Total Cost": 274088.2,
              "Plan Rows": 1,
              "Plan Width": 8,
              "Actual Startup Time": 75.802,
              "Actual Total Time": 75.804,
              "Actual Rows": 1,
              "Actual Loops": 7,
              "Plans": [
                {
                  "Node Type": "Bitmap Heap Scan",
                  "Parent Relationship": "Outer",
                  "Parallel Aware": true,
                  "Relation Name": "cast_info",
                  "Alias": "ci",
                  "Startup Cost": 19224.45,
                  "Total Cost": 273725.4,
                  "Plan Rows": 145116,
                  "Plan Width": 0,
                  "Actual Startup Time": 23.751,
                  "Actual Total Time": 67.512,
                  "Actual Rows": 117760,
                  "Actual Loops": 7,
                  "Recheck Cond": "(person_id > 3903785)",
                  "Rows Removed by Index Recheck": 0,
                  "Exact Heap Blocks": 4190,
                  "Lossy Heap Blocks": 0,
                  "Plans": [
                    {
                      "Node Type": "Bitmap Index Scan",
                      "Parent Relationship": "Outer",
                      "Parallel Aware": false,
                      "Index Name": "person_id_cast_info",
                      "Startup Cost": 0.0,
                      "Total Cost": 19006.78,
                      "Plan Rows": 870695,
                      "Plan Width": 0,
                      "Actual Startup Time": 30.551,
                      "Actual Total Time": 30.556,
                      "Actual Rows": 824317,
                      "Actual Loops": 1,
                      "Index Cond": "(person_id > 3903785)"
                    }
                  ]
                }
              ]
            }
          ]
        }
      ]
    },
    "Planning Time": 0.11,
    "Triggers": [],
    "Execution Time": 92.98
  }
]