[
    {
        "Bao": {
            "Bao prediction": "NaN",
            "Bao recommended hint": "(no hint)"
        }
    },
    {
        "Plan": {
            "Node Type": "Aggregate",
            "Strategy": "Plain",
            "Partial Mode": "Finalize",
            "Parallel Aware": false,
            "Startup Cost": 243262.39,
            "Total Cost": 243262.4,
            "Plan Rows": 1,
            "Plan Width": 8,
            "Actual Startup Time": 370.878,
            "Actual Total Time": 380.987,
            "Actual Rows": 1,
            "Actual Loops": 1,
            "Output": [
                "count(*)"
            ],
            "Plans": [
                {
                    "Node Type": "Gather",
                    "Parent Relationship": "Outer",
                    "Parallel Aware": false,
                    "Startup Cost": 243261.87,
                    "Total Cost": 243262.38,
                    "Plan Rows": 5,
                    "Plan Width": 8,
                    "Actual Startup Time": 367.151,
                    "Actual Total Time": 380.977,
                    "Actual Rows": 6,
                    "Actual Loops": 1,
                    "Output": [
                        "(PARTIAL count(*))"
                    ],
                    "Workers Planned": 5,
                    "Workers Launched": 5,
                    "Single Copy": false,
                    "Plans": [
                        {
                            "Node Type": "Aggregate",
                            "Strategy": "Plain",
                            "Partial Mode": "Partial",
                            "Parent Relationship": "Outer",
                            "Parallel Aware": false,
                            "Startup Cost": 242261.87,
                            "Total Cost": 242261.88,
                            "Plan Rows": 1,
                            "Plan Width": 8,
                            "Actual Startup Time": 357.01,
                            "Actual Total Time": 357.175,
                            "Actual Rows": 1,
                            "Actual Loops": 6,
                            "Output": [
                                "PARTIAL count(*)"
                            ],
                            "Workers": [
                                {
                                    "Worker Number": 0,
                                    "Actual Startup Time": 354.351,
                                    "Actual Total Time": 354.356,
                                    "Actual Rows": 1,
                                    "Actual Loops": 1
                                },
                                {
                                    "Worker Number": 1,
                                    "Actual Startup Time": 354.536,
                                    "Actual Total Time": 354.544,
                                    "Actual Rows": 1,
                                    "Actual Loops": 1
                                },
                                {
                                    "Worker Number": 2,
                                    "Actual Startup Time": 355.439,
                                    "Actual Total Time": 355.444,
                                    "Actual Rows": 1,
                                    "Actual Loops": 1
                                },
                                {
                                    "Worker Number": 3,
                                    "Actual Startup Time": 355.291,
                                    "Actual Total Time": 355.296,
                                    "Actual Rows": 1,
                                    "Actual Loops": 1
                                },
                                {
                                    "Worker Number": 4,
                                    "Actual Startup Time": 355.639,
                                    "Actual Total Time": 355.645,
                                    "Actual Rows": 1,
                                    "Actual Loops": 1
                                }
                            ],
                            "Plans": [
                                {
                                    "Node Type": "Hash Join",
                                    "Parent Relationship": "Outer",
                                    "Parallel Aware": true,
                                    "Join Type": "Inner",
                                    "Startup Cost": 77698.47,
                                    "Total Cost": 242193.91,
                                    "Plan Rows": 27184,
                                    "Plan Width": 0,
                                    "Actual Startup Time": 291.999,
                                    "Actual Total Time": 354.393,
                                    "Actual Rows": 55258,
                                    "Actual Loops": 6,
                                    "Inner Unique": false,
                                    "Hash Cond": "(mi.movie_id = t.id)",
                                    "Workers": [
                                        {
                                            "Worker Number": 0,
                                            "Actual Startup Time": 289.452,
                                            "Actual Total Time": 351.529,
                                            "Actual Rows": 54911,
                                            "Actual Loops": 1
                                        },
                                        {
                                            "Worker Number": 1,
                                            "Actual Startup Time": 289.45,
                                            "Actual Total Time": 351.999,
                                            "Actual Rows": 60085,
                                            "Actual Loops": 1
                                        },
                                        {
                                            "Worker Number": 2,
                                            "Actual Startup Time": 289.798,
                                            "Actual Total Time": 352.684,
                                            "Actual Rows": 53268,
                                            "Actual Loops": 1
                                        },
                                        {
                                            "Worker Number": 3,
                                            "Actual Startup Time": 290.235,
                                            "Actual Total Time": 352.463,
                                            "Actual Rows": 54999,
                                            "Actual Loops": 1
                                        },
                                        {
                                            "Worker Number": 4,
                                            "Actual Startup Time": 290.752,
                                            "Actual Total Time": 352.894,
                                            "Actual Rows": 51329,
                                            "Actual Loops": 1
                                        }
                                    ],
                                    "Plans": [
                                        {
                                            "Node Type": "Bitmap Heap Scan",
                                            "Parent Relationship": "Outer",
                                            "Parallel Aware": true,
                                            "Relation Name": "movie_info",
                                            "Schema": "public",
                                            "Alias": "mi",
                                            "Startup Cost": 13585.73,
                                            "Total Cost": 177451.4,
                                            "Plan Rows": 149814,
                                            "Plan Width": 4,
                                            "Actual Startup Time": 33.939,
                                            "Actual Total Time": 52.145,
                                            "Actual Rows": 133690,
                                            "Actual Loops": 6,
                                            "Output": [
                                                "mi.id",
                                                "mi.movie_id",
                                                "mi.info_type_id",
                                                "mi.info",
                                                "mi.note"
                                            ],
                                            "Recheck Cond": "(mi.info_type_id < 2)",
                                            "Rows Removed by Index Recheck": 0,
                                            "Exact Heap Blocks": 832,
                                            "Lossy Heap Blocks": 0,
                                            "Workers": [
                                                {
                                                    "Worker Number": 0,
                                                    "Actual Startup Time": 33.972,
                                                    "Actual Total Time": 52.992,
                                                    "Actual Rows": 132768,
                                                    "Actual Loops": 1
                                                },
                                                {
                                                    "Worker Number": 1,
                                                    "Actual Startup Time": 33.859,
                                                    "Actual Total Time": 51.159,
                                                    "Actual Rows": 146090,
                                                    "Actual Loops": 1
                                                },
                                                {
                                                    "Worker Number": 2,
                                                    "Actual Startup Time": 33.903,
                                                    "Actual Total Time": 52.997,
                                                    "Actual Rows": 129851,
                                                    "Actual Loops": 1
                                                },
                                                {
                                                    "Worker Number": 3,
                                                    "Actual Startup Time": 33.912,
                                                    "Actual Total Time": 52.947,
                                                    "Actual Rows": 132818,
                                                    "Actual Loops": 1
                                                },
                                                {
                                                    "Worker Number": 4,
                                                    "Actual Startup Time": 33.993,
                                                    "Actual Total Time": 52.186,
                                                    "Actual Rows": 123183,
                                                    "Actual Loops": 1
                                                }
                                            ],
                                            "Plans": [
                                                {
                                                    "Node Type": "Bitmap Index Scan",
                                                    "Parent Relationship": "Outer",
                                                    "Parallel Aware": false,
                                                    "Index Name": "info_type_id_movie_info",
                                                    "Startup Cost": 0.0,
                                                    "Total Cost": 13398.46,
                                                    "Plan Rows": 749070,
                                                    "Plan Width": 0,
                                                    "Actual Startup Time": 33.178,
                                                    "Actual Total Time": 33.179,
                                                    "Actual Rows": 802140,
                                                    "Actual Loops": 1,
                                                    "Index Cond": "(mi.info_type_id < 2)",
                                                    "Workers": [
                                                        {
                                                            "Worker Number": 1,
                                                            "Actual Startup Time": 33.178,
                                                            "Actual Total Time": 33.179,
                                                            "Actual Rows": 802140,
                                                            "Actual Loops": 1
                                                        }
                                                    ]
                                                }
                                            ]
                                        },
                                        {
                                            "Node Type": "Hash",
                                            "Parent Relationship": "Inner",
                                            "Parallel Aware": true,
                                            "Startup Cost": 62679.09,
                                            "Total Cost": 62679.09,
                                            "Plan Rows": 114692,
                                            "Plan Width": 8,
                                            "Actual Startup Time": 256.436,
                                            "Actual Total Time": 256.598,
                                            "Actual Rows": 76698,
                                            "Actual Loops": 6,
                                            "Output": [
                                                "t.id",
                                                "mi_idx.movie_id"
                                            ],
                                            "Hash Buckets": 524288,
                                            "Original Hash Buckets": 524288,
                                            "Hash Batches": 1,
                                            "Original Hash Batches": 1,
                                            "Peak Memory Usage": 22176,
                                            "Workers": [
                                                {
                                                    "Worker Number": 0,
                                                    "Actual Startup Time": 254.94,
                                                    "Actual Total Time": 254.944,
                                                    "Actual Rows": 77634,
                                                    "Actual Loops": 1
                                                },
                                                {
                                                    "Worker Number": 1,
                                                    "Actual Startup Time": 255.124,
                                                    "Actual Total Time": 255.129,
                                                    "Actual Rows": 73536,
                                                    "Actual Loops": 1
                                                },
                                                {
                                                    "Worker Number": 2,
                                                    "Actual Startup Time": 255.457,
                                                    "Actual Total Time": 255.46,
                                                    "Actual Rows": 75838,
                                                    "Actual Loops": 1
                                                },
                                                {
                                                    "Worker Number": 3,
                                                    "Actual Startup Time": 255.887,
                                                    "Actual Total Time": 255.89,
                                                    "Actual Rows": 76998,
                                                    "Actual Loops": 1
                                                },
                                                {
                                                    "Worker Number": 4,
                                                    "Actual Startup Time": 256.131,
                                                    "Actual Total Time": 256.135,
                                                    "Actual Rows": 71871,
                                                    "Actual Loops": 1
                                                }
                                            ],
                                            "Plans": [
                                                {
                                                    "Node Type": "Hash Join",
                                                    "Parent Relationship": "Outer",
                                                    "Parallel Aware": true,
                                                    "Join Type": "Inner",
                                                    "Startup Cost": 17512.11,
                                                    "Total Cost": 62679.09,
                                                    "Plan Rows": 114692,
                                                    "Plan Width": 8,
                                                    "Actual Startup Time": 64.182,
                                                    "Actual Total Time": 226.314,
                                                    "Actual Rows": 76698,
                                                    "Actual Loops": 6,
                                                    "Output": [
                                                        "t.id",
                                                        "mi_idx.movie_id"
                                                    ],
                                                    "Inner Unique": false,
                                                    "Hash Cond": "(t.id = mi_idx.movie_id)",
                                                    "Workers": [
                                                        {
                                                            "Worker Number": 0,
                                                            "Actual Startup Time": 62.659,
                                                            "Actual Total Time": 224.92,
                                                            "Actual Rows": 77634,
                                                            "Actual Loops": 1
                                                        },
                                                        {
                                                            "Worker Number": 1,
                                                            "Actual Startup Time": 62.844,
                                                            "Actual Total Time": 225.561,
                                                            "Actual Rows": 73536,
                                                            "Actual Loops": 1
                                                        },
                                                        {
                                                            "Worker Number": 2,
                                                            "Actual Startup Time": 63.167,
                                                            "Actual Total Time": 225.626,
                                                            "Actual Rows": 75838,
                                                            "Actual Loops": 1
                                                        },
                                                        {
                                                            "Worker Number": 3,
                                                            "Actual Startup Time": 63.581,
                                                            "Actual Total Time": 225.585,
                                                            "Actual Rows": 76998,
                                                            "Actual Loops": 1
                                                        },
                                                        {
                                                            "Worker Number": 4,
                                                            "Actual Startup Time": 63.981,
                                                            "Actual Total Time": 225.728,
                                                            "Actual Rows": 71871,
                                                            "Actual Loops": 1
                                                        }
                                                    ],
                                                    "Plans": [
                                                        {
                                                            "Node Type": "Seq Scan",
                                                            "Parent Relationship": "Outer",
                                                            "Parallel Aware": true,
                                                            "Relation Name": "title",
                                                            "Schema": "public",
                                                            "Alias": "t",
                                                            "Startup Cost": 0.0,
                                                            "Total Cost": 42318.81,
                                                            "Plan Rows": 632080,
                                                            "Plan Width": 4,
                                                            "Actual Startup Time": 0.012,
                                                            "Actual Total Time": 53.433,
                                                            "Actual Rows": 421385,
                                                            "Actual Loops": 6,
                                                            "Output": [
                                                                "t.id",
                                                                "t.title",
                                                                "t.imdb_index",
                                                                "t.kind_id",
                                                                "t.production_year",
                                                                "t.imdb_id",
                                                                "t.phonetic_code",
                                                                "t.episode_of_id",
                                                                "t.season_nr",
                                                                "t.episode_nr",
                                                                "t.series_years",
                                                                "t.md5sum"
                                                            ],
                                                            "Workers": [
                                                                {
                                                                    "Worker Number": 0,
                                                                    "Actual Startup Time": 0.017,
                                                                    "Actual Total Time": 56.523,
                                                                    "Actual Rows": 424081,
                                                                    "Actual Loops": 1
                                                                },
                                                                {
                                                                    "Worker Number": 1,
                                                                    "Actual Startup Time": 0.015,
                                                                    "Actual Total Time": 56.085,
                                                                    "Actual Rows": 403891,
                                                                    "Actual Loops": 1
                                                                },
                                                                {
                                                                    "Worker Number": 2,
                                                                    "Actual Startup Time": 0.012,
                                                                    "Actual Total Time": 56.128,
                                                                    "Actual Rows": 415510,
                                                                    "Actual Loops": 1
                                                                },
                                                                {
                                                                    "Worker Number": 3,
                                                                    "Actual Startup Time": 0.011,
                                                                    "Actual Total Time": 55.187,
                                                                    "Actual Rows": 420871,
                                                                    "Actual Loops": 1
                                                                },
                                                                {
                                                                    "Worker Number": 4,
                                                                    "Actual Startup Time": 0.009,
                                                                    "Actual Total Time": 54.199,
                                                                    "Actual Rows": 392992,
                                                                    "Actual Loops": 1
                                                                }
                                                            ]
                                                        },
                                                        {
                                                            "Node Type": "Hash",
                                                            "Parent Relationship": "Inner",
                                                            "Parallel Aware": true,
                                                            "Startup Cost": 15122.68,
                                                            "Total Cost": 15122.68,
                                                            "Plan Rows": 191154,
                                                            "Plan Width": 4,
                                                            "Actual Startup Time": 63.375,
                                                            "Actual Total Time": 63.376,
                                                            "Actual Rows": 76698,
                                                            "Actual Loops": 6,
                                                            "Output": [
                                                                "mi_idx.movie_id"
                                                            ],
                                                            "Hash Buckets": 524288,
                                                            "Original Hash Buckets": 524288,
                                                            "Hash Batches": 1,
                                                            "Original Hash Batches": 1,
                                                            "Peak Memory Usage": 22144,
                                                            "Workers": [
                                                                {
                                                                    "Worker Number": 0,
                                                                    "Actual Startup Time": 62.45,
                                                                    "Actual Total Time": 62.451,
                                                                    "Actual Rows": 67445,
                                                                    "Actual Loops": 1
                                                                },
                                                                {
                                                                    "Worker Number": 1,
                                                                    "Actual Startup Time": 62.763,
                                                                    "Actual Total Time": 62.765,
                                                                    "Actual Rows": 70330,
                                                                    "Actual Loops": 1
                                                                },
                                                                {
                                                                    "Worker Number": 2,
                                                                    "Actual Startup Time": 62.947,
                                                                    "Actual Total Time": 62.948,
                                                                    "Actual Rows": 66046,
                                                                    "Actual Loops": 1
                                                                },
                                                                {
                                                                    "Worker Number": 3,
                                                                    "Actual Startup Time": 63.378,
                                                                    "Actual Total Time": 63.379,
                                                                    "Actual Rows": 68526,
                                                                    "Actual Loops": 1
                                                                },
                                                                {
                                                                    "Worker Number": 4,
                                                                    "Actual Startup Time": 63.748,
                                                                    "Actual Total Time": 63.75,
                                                                    "Actual Rows": 67652,
                                                                    "Actual Loops": 1
                                                                }
                                                            ],
                                                            "Plans": [
                                                                {
                                                                    "Node Type": "Seq Scan",
                                                                    "Parent Relationship": "Outer",
                                                                    "Parallel Aware": true,
                                                                    "Relation Name": "movie_info_idx",
                                                                    "Schema": "public",
                                                                    "Alias": "mi_idx",
                                                                    "Startup Cost": 0.0,
                                                                    "Total Cost": 15122.68,
                                                                    "Plan Rows": 191154,
                                                                    "Plan Width": 4,
                                                                    "Actual Startup Time": 0.061,
                                                                    "Actual Total Time": 31.763,
                                                                    "Actual Rows": 76698,
                                                                    "Actual Loops": 6,
                                                                    "Output": [
                                                                        "mi_idx.movie_id"
                                                                    ],
                                                                    "Filter": "(mi_idx.info_type_id > 100)",
                                                                    "Rows Removed by Filter": 153308,
                                                                    "Workers": [
                                                                        {
                                                                            "Worker Number": 0,
                                                                            "Actual Startup Time": 0.097,
                                                                            "Actual Total Time": 31.491,
                                                                            "Actual Rows": 67445,
                                                                            "Actual Loops": 1
                                                                        },
                                                                        {
                                                                            "Worker Number": 1,
                                                                            "Actual Startup Time": 0.06,
                                                                            "Actual Total Time": 32.387,
                                                                            "Actual Rows": 70330,
                                                                            "Actual Loops": 1
                                                                        },
                                                                        {
                                                                            "Worker Number": 2,
                                                                            "Actual Startup Time": 0.062,
                                                                            "Actual Total Time": 31.799,
                                                                            "Actual Rows": 66046,
                                                                            "Actual Loops": 1
                                                                        },
                                                                        {
                                                                            "Worker Number": 3,
                                                                            "Actual Startup Time": 0.065,
                                                                            "Actual Total Time": 32.196,
                                                                            "Actual Rows": 68526,
                                                                            "Actual Loops": 1
                                                                        },
                                                                        {
                                                                            "Worker Number": 4,
                                                                            "Actual Startup Time": 0.065,
                                                                            "Actual Total Time": 33.165,
                                                                            "Actual Rows": 67652,
                                                                            "Actual Loops": 1
                                                                        }
                                                                    ]
                                                                }
                                                            ]
                                                        }
                                                    ]
                                                }
                                            ]
                                        }
                                    ]
                                }
                            ]
                        }
                    ]
                }
            ]
        },
        "Planning Time": 239.485,
        "Triggers": [],
        "Execution Time": 381.064
    }
]