{
  "Plan": {
    "Node Type": "Aggregate",
    "Strategy": "Plain",
    "Partial Mode": "Finalize",
    "Parallel Aware": false,
    "Startup Cost": 86574.21,
    "Total Cost": 86574.22,
    "Plan Rows": 1,
    "Plan Width": 8,
    "Actual Startup Time": 272.237,
    "Actual Total Time": 286.967,
    "Actual Rows": 1,
    "Actual Loops": 1,
    "Plans": [
      {
        "Node Type": "Gather",
        "Parent Relationship": "Outer",
        "Parallel Aware": false,
        "Startup Cost": 86574.1,
        "Total Cost": 86574.21,
        "Plan Rows": 1,
        "Plan Width": 8,
        "Actual Startup Time": 271.506,
        "Actual Total Time": 286.955,
        "Actual Rows": 2,
        "Actual Loops": 1,
        "Workers Planned": 1,
        "Workers Launched": 1,
        "Single Copy": false,
        "Plans": [
          {
            "Node Type": "Aggregate",
            "Strategy": "Plain",
            "Partial Mode": "Partial",
            "Parent Relationship": "Outer",
            "Parallel Aware": false,
            "Startup Cost": 85574.1,
            "Total Cost": 85574.11,
            "Plan Rows": 1,
            "Plan Width": 8,
            "Actual Startup Time": 265.566,
            "Actual Total Time": 265.571,
            "Actual Rows": 1,
            "Actual Loops": 2,
            "Plans": [
              {
                "Node Type": "Hash Join",
                "Parent Relationship": "Outer",
                "Parallel Aware": true,
                "Join Type": "Inner",
                "Startup Cost": 25844.43,
                "Total Cost": 85534.51,
                "Plan Rows": 15834,
                "Plan Width": 0,
                "Actual Startup Time": 95.557,
                "Actual Total Time": 263.84,
                "Actual Rows": 38561,
                "Actual Loops": 2,
                "Inner Unique": false,
                "Hash Cond": "(t.id = mc.movie_id)",
                "Plans": [
                  {
                    "Node Type": "Seq Scan",
                    "Parent Relationship": "Outer",
                    "Parallel Aware": true,
                    "Relation Name": "title",
                    "Alias": "t",
                    "Startup Cost": 0.0,
                    "Total Cost": 58306.47,
                    "Plan Rows": 206476,
                    "Plan Width": 4,
                    "Actual Startup Time": 0.014,
                    "Actual Total Time": 131.168,
                    "Actual Rows": 121576,
                    "Actual Loops": 2,
                    "Filter": "((production_year < 1985) AND (kind_id = 7))",
                    "Rows Removed by Filter": 1142580
                  },
                  {
                    "Node Type": "Hash",
                    "Parent Relationship": "Inner",
                    "Parallel Aware": true,
                    "Startup Cost": 24418.75,
                    "Total Cost": 24418.75,
                    "Plan Rows": 114054,
                    "Plan Width": 4,
                    "Actual Startup Time": 92.059,
                    "Actual Total Time": 92.06,
                    "Actual Rows": 96019,
                    "Actual Loops": 2,
                    "Hash Buckets": 262144,
                    "Original Hash Buckets": 262144,
                    "Hash Batches": 1,
                    "Original Hash Batches": 1,
                    "Peak Memory Usage": 9600,
                    "Plans": [
                      {
                        "Node Type": "Bitmap Heap Scan",
                        "Parent Relationship": "Outer",
                        "Parallel Aware": true,
                        "Relation Name": "movie_companies",
                        "Alias": "mc",
                        "Startup Cost": 4203.09,
                        "Total Cost": 24418.75,
                        "Plan Rows": 114054,
                        "Plan Width": 4,
                        "Actual Startup Time": 23.444,
                        "Actual Total Time": 65.845,
                        "Actual Rows": 96019,
                        "Actual Loops": 2,
                        "Recheck Cond": "(company_id < 52)",
                        "Rows Removed by Index Recheck": 0,
                        "Exact Heap Blocks": 9751,
                        "Lossy Heap Blocks": 0,
                        "Plans": [
                          {
                            "Node Type": "Bitmap Index Scan",
                            "Parent Relationship": "Outer",
                            "Parallel Aware": false,
                            "Index Name": "company_id_movie_companies",
                            "Startup Cost": 0.0,
                            "Total Cost": 4154.61,
                            "Plan Rows": 193891,
                            "Plan Width": 0,
                            "Actual Startup Time": 21.822,
                            "Actual Total Time": 21.822,
                            "Actual Rows": 192038,
                            "Actual Loops": 1,
                            "Index Cond": "(company_id < 52)"
                          }
                        ]
                      }
                    ]
                  }
                ]
              }
            ]
          }
        ]
      }
    ]
  },
  "Planning Time": 0.668,
  "Triggers": [],
  "Execution Time": 287.116
}