{
  "Plan": {
    "Node Type": "Aggregate",
    "Strategy": "Plain",
    "Partial Mode": "Finalize",
    "Parallel Aware": false,
    "Startup Cost": 2258351.8,
    "Total Cost": 2258351.81,
    "Plan Rows": 1,
    "Plan Width": 8,
    "Actual Startup Time": 23587.577,
    "Actual Total Time": 23682.412,
    "Actual Rows": 1,
    "Actual Loops": 1,
    "Plans": [
      {
        "Node Type": "Gather",
        "Parent Relationship": "Outer",
        "Parallel Aware": false,
        "Startup Cost": 2258351.69,
        "Total Cost": 2258351.8,
        "Plan Rows": 1,
        "Plan Width": 8,
        "Actual Startup Time": 23543.759,
        "Actual Total Time": 23682.4,
        "Actual Rows": 2,
        "Actual Loops": 1,
        "Workers Planned": 1,
        "Workers Launched": 1,
        "Single Copy": false,
        "Plans": [
          {
            "Node Type": "Aggregate",
            "Strategy": "Plain",
            "Partial Mode": "Partial",
            "Parent Relationship": "Outer",
            "Parallel Aware": false,
            "Startup Cost": 2257351.69,
            "Total Cost": 2257351.7,
            "Plan Rows": 1,
            "Plan Width": 8,
            "Actual Startup Time": 23537.679,
            "Actual Total Time": 23537.685,
            "Actual Rows": 1,
            "Actual Loops": 2,
            "Plans": [
              {
                "Node Type": "Merge Join",
                "Parent Relationship": "Outer",
                "Parallel Aware": false,
                "Join Type": "Inner",
                "Startup Cost": 987300.35,
                "Total Cost": 2224479.78,
                "Plan Rows": 13148765,
                "Plan Width": 0,
                "Actual Startup Time": 9684.624,
                "Actual Total Time": 21265.097,
                "Actual Rows": 58975739,
                "Actual Loops": 2,
                "Inner Unique": false,
                "Merge Cond": "(mi.movie_id = t.id)",
                "Plans": [
                  {
                    "Node Type": "Index Only Scan",
                    "Parent Relationship": "Outer",
                    "Parallel Aware": true,
                    "Scan Direction": "Forward",
                    "Index Name": "movie_id_movie_info",
                    "Relation Name": "movie_info",
                    "Alias": "mi",
                    "Startup Cost": 0.43,
                    "Total Cost": 1018223.42,
                    "Plan Rows": 8696274,
                    "Plan Width": 4,
                    "Actual Startup Time": 0.103,
                    "Actual Total Time": 2455.265,
                    "Actual Rows": 7417413,
                    "Actual Loops": 2,
                    "Heap Fetches": 14834826
                  },
                  {
                    "Node Type": "Sort",
                    "Parent Relationship": "Inner",
                    "Parallel Aware": false,
                    "Startup Cost": 987299.06,
                    "Total Cost": 996856.01,
                    "Plan Rows": 3822779,
                    "Plan Width": 8,
                    "Actual Startup Time": 9684.424,
                    "Actual Total Time": 12914.995,
                    "Actual Rows": 63163862,
                    "Actual Loops": 2,
                    "Sort Key": [
                      "t.id"
                    ],
                    "Sort Method": "quicksort",
                    "Sort Space Used": 786493,
                    "Sort Space Type": "Memory",
                    "Workers": [
                      {
                        "Worker Number": 0,
                        "Sort Method": "quicksort",
                        "Sort Space Used": 786493,
                        "Sort Space Type": "Memory"
                      }
                    ],
                    "Plans": [
                      {
                        "Node Type": "Hash Join",
                        "Parent Relationship": "Outer",
                        "Parallel Aware": false,
                        "Join Type": "Inner",
                        "Startup Cost": 90003.52,
                        "Total Cost": 569350.99,
                        "Plan Rows": 3822779,
                        "Plan Width": 8,
                        "Actual Startup Time": 717.21,
                        "Actual Total Time": 7419.621,
                        "Actual Rows": 8389888,
                        "Actual Loops": 2,
                        "Inner Unique": true,
                        "Hash Cond": "(ci.movie_id = t.id)",
                        "Plans": [
                          {
                            "Node Type": "Index Scan",
                            "Parent Relationship": "Outer",
                            "Parallel Aware": false,
                            "Scan Direction": "Forward",
                            "Index Name": "role_id_cast_info",
                            "Relation Name": "cast_info",
                            "Alias": "ci",
                            "Startup Cost": 0.56,
                            "Total Cost": 465190.97,
                            "Plan Rows": 5393164,
                            "Plan Width": 4,
                            "Actual Startup Time": 0.151,
                            "Actual Total Time": 2077.914,
                            "Actual Rows": 11253375,
                            "Actual Loops": 2,
                            "Index Cond": "(role_id < 2)",
                            "Rows Removed by Index Recheck": 0,
                            "Filter": "(person_id < 1541505)",
                            "Rows Removed by Filter": 1417313
                          },
                          {
                            "Node Type": "Hash",
                            "Parent Relationship": "Inner",
                            "Parallel Aware": false,
                            "Startup Cost": 67601.66,
                            "Total Cost": 67601.66,
                            "Plan Rows": 1792103,
                            "Plan Width": 4,
                            "Actual Startup Time": 699.727,
                            "Actual Total Time": 699.728,
                            "Actual Rows": 1794153,
                            "Actual Loops": 2,
                            "Hash Buckets": 2097152,
                            "Original Hash Buckets": 2097152,
                            "Hash Batches": 1,
                            "Original Hash Batches": 1,
                            "Peak Memory Usage": 79460,
                            "Plans": [
                              {
                                "Node Type": "Seq Scan",
                                "Parent Relationship": "Outer",
                                "Parallel Aware": false,
                                "Relation Name": "title",
                                "Alias": "t",
                                "Startup Cost": 0.0,
                                "Total Cost": 67601.66,
                                "Plan Rows": 1792103,
                                "Plan Width": 4,
                                "Actual Startup Time": 0.044,
                                "Actual Total Time": 305.843,
                                "Actual Rows": 1794153,
                                "Actual Loops": 2,
                                "Filter": "(production_year < 2009)",
                                "Rows Removed by Filter": 734159
                              }
                            ]
                          }
                        ]
                      }
                    ]
                  }
                ]
              }
            ]
          }
        ]
      }
    ]
  },
  "Planning Time": 1.095,
  "Triggers": [],
  "Execution Time": 23737.725
}