[
    {
        "Bao": {
            "Bao prediction": "NaN",
            "Bao recommended hint": "(no hint)"
        }
    },
    {
        "Plan": {
            "Node Type": "Aggregate",
            "Strategy": "Plain",
            "Partial Mode": "Finalize",
            "Parallel Aware": false,
            "Startup Cost": 348403.48,
            "Total Cost": 348403.49,
            "Plan Rows": 1,
            "Plan Width": 8,
            "Actual Startup Time": 668.596,
            "Actual Total Time": 696.16,
            "Actual Rows": 1,
            "Actual Loops": 1,
            "Output": [
                "count(*)"
            ],
            "Plans": [
                {
                    "Node Type": "Gather",
                    "Parent Relationship": "Outer",
                    "Parallel Aware": false,
                    "Startup Cost": 348402.86,
                    "Total Cost": 348403.47,
                    "Plan Rows": 6,
                    "Plan Width": 8,
                    "Actual Startup Time": 668.496,
                    "Actual Total Time": 696.152,
                    "Actual Rows": 7,
                    "Actual Loops": 1,
                    "Output": [
                        "(PARTIAL count(*))"
                    ],
                    "Workers Planned": 6,
                    "Workers Launched": 6,
                    "Single Copy": false,
                    "Plans": [
                        {
                            "Node Type": "Aggregate",
                            "Strategy": "Plain",
                            "Partial Mode": "Partial",
                            "Parent Relationship": "Outer",
                            "Parallel Aware": false,
                            "Startup Cost": 347402.86,
                            "Total Cost": 347402.87,
                            "Plan Rows": 1,
                            "Plan Width": 8,
                            "Actual Startup Time": 658.408,
                            "Actual Total Time": 658.41,
                            "Actual Rows": 1,
                            "Actual Loops": 7,
                            "Output": [
                                "PARTIAL count(*)"
                            ],
                            "Workers": [
                                {
                                    "Worker Number": 0,
                                    "Actual Startup Time": 655.968,
                                    "Actual Total Time": 655.969,
                                    "Actual Rows": 1,
                                    "Actual Loops": 1
                                },
                                {
                                    "Worker Number": 1,
                                    "Actual Startup Time": 656.445,
                                    "Actual Total Time": 656.447,
                                    "Actual Rows": 1,
                                    "Actual Loops": 1
                                },
                                {
                                    "Worker Number": 2,
                                    "Actual Startup Time": 656.586,
                                    "Actual Total Time": 656.587,
                                    "Actual Rows": 1,
                                    "Actual Loops": 1
                                },
                                {
                                    "Worker Number": 3,
                                    "Actual Startup Time": 656.863,
                                    "Actual Total Time": 656.864,
                                    "Actual Rows": 1,
                                    "Actual Loops": 1
                                },
                                {
                                    "Worker Number": 4,
                                    "Actual Startup Time": 657.226,
                                    "Actual Total Time": 657.227,
                                    "Actual Rows": 1,
                                    "Actual Loops": 1
                                },
                                {
                                    "Worker Number": 5,
                                    "Actual Startup Time": 657.719,
                                    "Actual Total Time": 657.72,
                                    "Actual Rows": 1,
                                    "Actual Loops": 1
                                }
                            ],
                            "Plans": [
                                {
                                    "Node Type": "Seq Scan",
                                    "Parent Relationship": "Outer",
                                    "Parallel Aware": true,
                                    "Relation Name": "cast_info",
                                    "Schema": "public",
                                    "Alias": "ci",
                                    "Startup Cost": 0.0,
                                    "Total Cost": 343318.94,
                                    "Plan Rows": 1633568,
                                    "Plan Width": 0,
                                    "Actual Startup Time": 342.485,
                                    "Actual Total Time": 620.789,
                                    "Actual Rows": 782685,
                                    "Actual Loops": 7,
                                    "Output": [
                                        "id",
                                        "person_id",
                                        "movie_id",
                                        "person_role_id",
                                        "note",
                                        "nr_order",
                                        "role_id"
                                    ],
                                    "Filter": "((ci.person_id < 2251656) AND (ci.role_id > 2))",
                                    "Rows Removed by Filter": 4395079,
                                    "Workers": [
                                        {
                                            "Worker Number": 0,
                                            "Actual Startup Time": 340.032,
                                            "Actual Total Time": 619.3,
                                            "Actual Rows": 815216,
                                            "Actual Loops": 1
                                        },
                                        {
                                            "Worker Number": 1,
                                            "Actual Startup Time": 340.518,
                                            "Actual Total Time": 620.977,
                                            "Actual Rows": 846182,
                                            "Actual Loops": 1
                                        },
                                        {
                                            "Worker Number": 2,
                                            "Actual Startup Time": 340.676,
                                            "Actual Total Time": 620.836,
                                            "Actual Rows": 852090,
                                            "Actual Loops": 1
                                        },
                                        {
                                            "Worker Number": 3,
                                            "Actual Startup Time": 340.933,
                                            "Actual Total Time": 618.932,
                                            "Actual Rows": 555415,
                                            "Actual Loops": 1
                                        },
                                        {
                                            "Worker Number": 4,
                                            "Actual Startup Time": 341.301,
                                            "Actual Total Time": 621.524,
                                            "Actual Rows": 851950,
                                            "Actual Loops": 1
                                        },
                                        {
                                            "Worker Number": 5,
                                            "Actual Startup Time": 341.795,
                                            "Actual Total Time": 621.008,
                                            "Actual Rows": 818010,
                                            "Actual Loops": 1
                                        }
                                    ]
                                }
                            ]
                        }
                    ]
                }
            ]
        },
        "Planning Time": 271.504,
        "Triggers": [],
        "Execution Time": 696.217
    }
]