[
  {
    "Plan": {
      "Node Type": "Aggregate",
      "Strategy": "Plain",
      "Partial Mode": "Finalize",
      "Parallel Aware": false,
      "Startup Cost": 37698.3,
      "Total Cost": 37698.31,
      "Plan Rows": 1,
      "Plan Width": 8,
      "Actual Startup Time": 126.735,
      "Actual Total Time": 134.423,
      "Actual Rows": 1,
      "Actual Loops": 1,
      "Plans": [
        {
          "Node Type": "Gather",
          "Parent Relationship": "Outer",
          "Parallel Aware": false,
          "Startup Cost": 37697.98,
          "Total Cost": 37698.29,
          "Plan Rows": 3,
          "Plan Width": 8,
          "Actual Startup Time": 126.478,
          "Actual Total Time": 134.415,
          "Actual Rows": 4,
          "Actual Loops": 1,
          "Workers Planned": 3,
          "Workers Launched": 3,
          "Single Copy": false,
          "Plans": [
            {
              "Node Type": "Aggregate",
              "Strategy": "Plain",
              "Partial Mode": "Partial",
              "Parent Relationship": "Outer",
              "Parallel Aware": false,
              "Startup Cost": 36697.98,
              "Total Cost": 36697.99,
              "Plan Rows": 1,
              "Plan Width": 8,
              "Actual Startup Time": 117.534,
              "Actual Total Time": 117.545,
              "Actual Rows": 1,
              "Actual Loops": 4,
              "Plans": [
                {
                  "Node Type": "Bitmap Heap Scan",
                  "Parent Relationship": "Outer",
                  "Parallel Aware": true,
                  "Relation Name": "movie_keyword",
                  "Alias": "mk",
                  "Startup Cost": 9970.23,
                  "Total Cost": 36319.02,
                  "Plan Rows": 151584,
                  "Plan Width": 0,
                  "Actual Startup Time": 43.812,
                  "Actual Total Time": 110.776,
                  "Actual Rows": 114674,
                  "Actual Loops": 4,
                  "Recheck Cond": "(keyword_id > 38686)",
                  "Rows Removed by Index Recheck": 0,
                  "Exact Heap Blocks": 10669,
                  "Lossy Heap Blocks": 0,
                  "Plans": [
                    {
                      "Node Type": "Bitmap Index Scan",
                      "Parent Relationship": "Outer",
                      "Parallel Aware": false,
                      "Index Name": "keyword_id_movie_keyword",
                      "Startup Cost": 0.0,
                      "Total Cost": 9852.75,
                      "Plan Rows": 469909,
                      "Plan Width": 0,
                      "Actual Startup Time": 48.432,
                      "Actual Total Time": 48.47,
                      "Actual Rows": 458696,
                      "Actual Loops": 1,
                      "Index Cond": "(keyword_id > 38686)"
                    }
                  ]
                }
              ]
            }
          ]
        }
      ]
    },
    "Planning Time": 0.154,
    "Triggers": [],
    "Execution Time": 134.491
  }
]