{
    "Plan": {
        "Node Type": "Aggregate",
        "Strategy": "Plain",
        "Partial Mode": "Finalize",
        "Parallel Aware": false,
        "Startup Cost": 114399.04,
        "Total Cost": 114399.05,
        "Plan Rows": 1,
        "Plan Width": 8,
        "Actual Startup Time": 420.754,
        "Actual Total Time": 448.156,
        "Actual Rows": 1,
        "Actual Loops": 1,
        "Output": [
            "count(*)"
        ],
        "Plans": [
            {
                "Node Type": "Gather",
                "Parent Relationship": "Outer",
                "Parallel Aware": false,
                "Startup Cost": 114398.72,
                "Total Cost": 114399.03,
                "Plan Rows": 3,
                "Plan Width": 8,
                "Actual Startup Time": 419.504,
                "Actual Total Time": 448.147,
                "Actual Rows": 4,
                "Actual Loops": 1,
                "Output": [
                    "(PARTIAL count(*))"
                ],
                "Workers Planned": 3,
                "Workers Launched": 3,
                "Single Copy": false,
                "Plans": [
                    {
                        "Node Type": "Aggregate",
                        "Strategy": "Plain",
                        "Partial Mode": "Partial",
                        "Parent Relationship": "Outer",
                        "Parallel Aware": false,
                        "Startup Cost": 113398.72,
                        "Total Cost": 113398.73,
                        "Plan Rows": 1,
                        "Plan Width": 8,
                        "Actual Startup Time": 411.426,
                        "Actual Total Time": 411.429,
                        "Actual Rows": 1,
                        "Actual Loops": 4,
                        "Output": [
                            "PARTIAL count(*)"
                        ],
                        "Workers": [
                            {
                                "Worker Number": 0,
                                "Actual Startup Time": 407.196,
                                "Actual Total Time": 407.199,
                                "Actual Rows": 1,
                                "Actual Loops": 1
                            },
                            {
                                "Worker Number": 1,
                                "Actual Startup Time": 409.619,
                                "Actual Total Time": 409.621,
                                "Actual Rows": 1,
                                "Actual Loops": 1
                            },
                            {
                                "Worker Number": 2,
                                "Actual Startup Time": 410.041,
                                "Actual Total Time": 410.044,
                                "Actual Rows": 1,
                                "Actual Loops": 1
                            }
                        ],
                        "Plans": [
                            {
                                "Node Type": "Nested Loop",
                                "Parent Relationship": "Outer",
                                "Parallel Aware": false,
                                "Join Type": "Inner",
                                "Startup Cost": 46370.29,
                                "Total Cost": 113344.29,
                                "Plan Rows": 21775,
                                "Plan Width": 0,
                                "Actual Startup Time": 182.299,
                                "Actual Total Time": 401.947,
                                "Actual Rows": 228108,
                                "Actual Loops": 4,
                                "Inner Unique": false,
                                "Join Filter": "(t.id = mk.movie_id)",
                                "Rows Removed by Join Filter": 0,
                                "Workers": [
                                    {
                                        "Worker Number": 0,
                                        "Actual Startup Time": 177.858,
                                        "Actual Total Time": 398.086,
                                        "Actual Rows": 215858,
                                        "Actual Loops": 1
                                    },
                                    {
                                        "Worker Number": 1,
                                        "Actual Startup Time": 180.58,
                                        "Actual Total Time": 400.552,
                                        "Actual Rows": 219912,
                                        "Actual Loops": 1
                                    },
                                    {
                                        "Worker Number": 2,
                                        "Actual Startup Time": 181.007,
                                        "Actual Total Time": 400.693,
                                        "Actual Rows": 225990,
                                        "Actual Loops": 1
                                    }
                                ],
                                "Plans": [
                                    {
                                        "Node Type": "Hash Join",
                                        "Parent Relationship": "Outer",
                                        "Parallel Aware": true,
                                        "Join Type": "Inner",
                                        "Startup Cost": 46369.86,
                                        "Total Cost": 76090.24,
                                        "Plan Rows": 17594,
                                        "Plan Width": 8,
                                        "Actual Startup Time": 182.211,
                                        "Actual Total Time": 235.296,
                                        "Actual Rows": 39774,
                                        "Actual Loops": 4,
                                        "Output": [
                                            "t.id",
                                            "mc.movie_id"
                                        ],
                                        "Inner Unique": true,
                                        "Hash Cond": "(mc.movie_id = t.id)",
                                        "Workers": [
                                            {
                                                "Worker Number": 0,
                                                "Actual Startup Time": 177.757,
                                                "Actual Total Time": 230.172,
                                                "Actual Rows": 36416,
                                                "Actual Loops": 1
                                            },
                                            {
                                                "Worker Number": 1,
                                                "Actual Startup Time": 180.478,
                                                "Actual Total Time": 231.708,
                                                "Actual Rows": 39299,
                                                "Actual Loops": 1
                                            },
                                            {
                                                "Worker Number": 2,
                                                "Actual Startup Time": 180.902,
                                                "Actual Total Time": 231.705,
                                                "Actual Rows": 38030,
                                                "Actual Loops": 1
                                            }
                                        ],
                                        "Plans": [
                                            {
                                                "Node Type": "Seq Scan",
                                                "Parent Relationship": "Outer",
                                                "Parallel Aware": true,
                                                "Relation Name": "movie_companies",
                                                "Schema": "public",
                                                "Alias": "mc",
                                                "Startup Cost": 0.0,
                                                "Total Cost": 29310.68,
                                                "Plan Rows": 156075,
                                                "Plan Width": 4,
                                                "Actual Startup Time": 28.41,
                                                "Actual Total Time": 58.12,
                                                "Actual Rows": 121339,
                                                "Actual Loops": 4,
                                                "Output": [
                                                    "mc.id",
                                                    "mc.movie_id",
                                                    "mc.company_id",
                                                    "mc.company_type_id",
                                                    "mc.note"
                                                ],
                                                "Filter": "(mc.company_id > 74956)",
                                                "Rows Removed by Filter": 530943,
                                                "Workers": [
                                                    {
                                                        "Worker Number": 0,
                                                        "Actual Startup Time": 28.417,
                                                        "Actual Total Time": 57.704,
                                                        "Actual Rows": 111046,
                                                        "Actual Loops": 1
                                                    },
                                                    {
                                                        "Worker Number": 1,
                                                        "Actual Startup Time": 28.418,
                                                        "Actual Total Time": 58.319,
                                                        "Actual Rows": 120998,
                                                        "Actual Loops": 1
                                                    },
                                                    {
                                                        "Worker Number": 2,
                                                        "Actual Startup Time": 28.4,
                                                        "Actual Total Time": 57.854,
                                                        "Actual Rows": 117472,
                                                        "Actual Loops": 1
                                                    }
                                                ]
                                            },
                                            {
                                                "Node Type": "Hash",
                                                "Parent Relationship": "Inner",
                                                "Parallel Aware": true,
                                                "Startup Cost": 45479.21,
                                                "Total Cost": 45479.21,
                                                "Plan Rows": 71252,
                                                "Plan Width": 4,
                                                "Actual Startup Time": 133.194,
                                                "Actual Total Time": 133.195,
                                                "Actual Rows": 95574,
                                                "Actual Loops": 4,
                                                "Output": [
                                                    "t.id"
                                                ],
                                                "Hash Buckets": 524288,
                                                "Original Hash Buckets": 524288,
                                                "Hash Batches": 1,
                                                "Original Hash Batches": 1,
                                                "Peak Memory Usage": 19104,
                                                "Workers": [
                                                    {
                                                        "Worker Number": 0,
                                                        "Actual Startup Time": 131.465,
                                                        "Actual Total Time": 131.465,
                                                        "Actual Rows": 89011,
                                                        "Actual Loops": 1
                                                    },
                                                    {
                                                        "Worker Number": 1,
                                                        "Actual Startup Time": 134.29,
                                                        "Actual Total Time": 134.291,
                                                        "Actual Rows": 95677,
                                                        "Actual Loops": 1
                                                    },
                                                    {
                                                        "Worker Number": 2,
                                                        "Actual Startup Time": 134.684,
                                                        "Actual Total Time": 134.684,
                                                        "Actual Rows": 94392,
                                                        "Actual Loops": 1
                                                    }
                                                ],
                                                "Plans": [
                                                    {
                                                        "Node Type": "Seq Scan",
                                                        "Parent Relationship": "Outer",
                                                        "Parallel Aware": true,
                                                        "Relation Name": "title",
                                                        "Schema": "public",
                                                        "Alias": "t",
                                                        "Startup Cost": 0.0,
                                                        "Total Cost": 45479.21,
                                                        "Plan Rows": 71252,
                                                        "Plan Width": 4,
                                                        "Actual Startup Time": 61.472,
                                                        "Actual Total Time": 101.695,
                                                        "Actual Rows": 95574,
                                                        "Actual Loops": 4,
                                                        "Output": [
                                                            "t.id"
                                                        ],
                                                        "Filter": "((t.production_year < 2001) AND (t.kind_id = 1))",
                                                        "Rows Removed by Filter": 536504,
                                                        "Workers": [
                                                            {
                                                                "Worker Number": 0,
                                                                "Actual Startup Time": 61.138,
                                                                "Actual Total Time": 102.337,
                                                                "Actual Rows": 89011,
                                                                "Actual Loops": 1
                                                            },
                                                            {
                                                                "Worker Number": 1,
                                                                "Actual Startup Time": 61.5,
                                                                "Actual Total Time": 101.594,
                                                                "Actual Rows": 95677,
                                                                "Actual Loops": 1
                                                            },
                                                            {
                                                                "Worker Number": 2,
                                                                "Actual Startup Time": 61.613,
                                                                "Actual Total Time": 102.168,
                                                                "Actual Rows": 94392,
                                                                "Actual Loops": 1
                                                            }
                                                        ]
                                                    }
                                                ]
                                            }
                                        ]
                                    },
                                    {
                                        "Node Type": "Index Scan",
                                        "Parent Relationship": "Inner",
                                        "Parallel Aware": false,
                                        "Scan Direction": "Forward",
                                        "Index Name": "movie_id_movie_keyword",
                                        "Relation Name": "movie_keyword",
                                        "Schema": "public",
                                        "Alias": "mk",
                                        "Startup Cost": 0.43,
                                        "Total Cost": 1.73,
                                        "Plan Rows": 31,
                                        "Plan Width": 4,
                                        "Actual Startup Time": 0.003,
                                        "Actual Total Time": 0.004,
                                        "Actual Rows": 6,
                                        "Actual Loops": 159097,
                                        "Output": [
                                            "mk.id",
                                            "mk.movie_id",
                                            "mk.keyword_id"
                                        ],
                                        "Index Cond": "(mk.movie_id = mc.movie_id)",
                                        "Rows Removed by Index Recheck": 0,
                                        "Filter": "(mk.keyword_id > 1876)",
                                        "Rows Removed by Filter": 2,
                                        "Workers": [
                                            {
                                                "Worker Number": 0,
                                                "Actual Startup Time": 0.003,
                                                "Actual Total Time": 0.004,
                                                "Actual Rows": 6,
                                                "Actual Loops": 36416
                                            },
                                            {
                                                "Worker Number": 1,
                                                "Actual Startup Time": 0.003,
                                                "Actual Total Time": 0.004,
                                                "Actual Rows": 6,
                                                "Actual Loops": 39299
                                            },
                                            {
                                                "Worker Number": 2,
                                                "Actual Startup Time": 0.003,
                                                "Actual Total Time": 0.004,
                                                "Actual Rows": 6,
                                                "Actual Loops": 38030
                                            }
                                        ]
                                    }
                                ]
                            }
                        ]
                    }
                ]
            }
        ]
    },
    "Planning Time": 1.417,
    "Triggers": [],
    "Execution Time": 448.244
}