[
  {
    "Plan": {
      "Node Type": "Aggregate",
      "Strategy": "Plain",
      "Partial Mode": "Finalize",
      "Parallel Aware": false,
      "Startup Cost": 72520.09,
      "Total Cost": 72520.1,
      "Plan Rows": 1,
      "Plan Width": 8,
      "Actual Startup Time": 161.178,
      "Actual Total Time": 185.678,
      "Actual Rows": 1,
      "Actual Loops": 1,
      "Plans": [
        {
          "Node Type": "Gather",
          "Parent Relationship": "Outer",
          "Parallel Aware": false,
          "Startup Cost": 72519.67,
          "Total Cost": 72520.08,
          "Plan Rows": 4,
          "Plan Width": 8,
          "Actual Startup Time": 161.022,
          "Actual Total Time": 185.669,
          "Actual Rows": 5,
          "Actual Loops": 1,
          "Workers Planned": 4,
          "Workers Launched": 4,
          "Single Copy": false,
          "Plans": [
            {
              "Node Type": "Aggregate",
              "Strategy": "Plain",
              "Partial Mode": "Partial",
              "Parent Relationship": "Outer",
              "Parallel Aware": false,
              "Startup Cost": 71519.67,
              "Total Cost": 71519.68,
              "Plan Rows": 1,
              "Plan Width": 8,
              "Actual Startup Time": 151.028,
              "Actual Total Time": 151.03,
              "Actual Rows": 1,
              "Actual Loops": 5,
              "Plans": [
                {
                  "Node Type": "Nested Loop",
                  "Parent Relationship": "Outer",
                  "Parallel Aware": false,
                  "Join Type": "Inner",
                  "Startup Cost": 0.56,
                  "Total Cost": 71513.31,
                  "Plan Rows": 2544,
                  "Plan Width": 0,
                  "Actual Startup Time": 71.564,
                  "Actual Total Time": 149.805,
                  "Actual Rows": 8847,
                  "Actual Loops": 5,
                  "Inner Unique": false,
                  "Plans": [
                    {
                      "Node Type": "Seq Scan",
                      "Parent Relationship": "Outer",
                      "Parallel Aware": true,
                      "Relation Name": "title",
                      "Alias": "t",
                      "Startup Cost": 0.0,
                      "Total Cost": 45479.1,
                      "Plan Rows": 178,
                      "Plan Width": 4,
                      "Actual Startup Time": 71.437,
                      "Actual Total Time": 100.578,
                      "Actual Rows": 391,
                      "Actual Loops": 5,
                      "Filter": "((kind_id < 7) AND (production_year = 1943))",
                      "Rows Removed by Filter": 505271
                    },
                    {
                      "Node Type": "Index Only Scan",
                      "Parent Relationship": "Inner",
                      "Parallel Aware": false,
                      "Scan Direction": "Forward",
                      "Index Name": "movie_id_cast_info",
                      "Relation Name": "cast_info",
                      "Alias": "ci",
                      "Startup Cost": 0.56,
                      "Total Cost": 145.89,
                      "Plan Rows": 37,
                      "Plan Width": 4,
                      "Actual Startup Time": 0.019,
                      "Actual Total Time": 0.121,
                      "Actual Rows": 23,
                      "Actual Loops": 1956,
                      "Index Cond": "(movie_id = t.id)",
                      "Rows Removed by Index Recheck": 0,
                      "Heap Fetches": 44233
                    }
                  ]
                }
              ]
            }
          ]
        }
      ]
    },
    "Planning Time": 0.668,
    "Triggers": [],
    "Execution Time": 185.761
  }
]