[
  {
    "Plan": {
      "Node Type": "Aggregate",
      "Strategy": "Plain",
      "Partial Mode": "Finalize",
      "Parallel Aware": false,
      "Startup Cost": 344095.69,
      "Total Cost": 344095.7,
      "Plan Rows": 1,
      "Plan Width": 8,
      "Actual Startup Time": 1152.114,
      "Actual Total Time": 1204.184,
      "Actual Rows": 1,
      "Actual Loops": 1,
      "Plans": [
        {
          "Node Type": "Gather",
          "Parent Relationship": "Outer",
          "Parallel Aware": false,
          "Startup Cost": 344095.06,
          "Total Cost": 344095.67,
          "Plan Rows": 6,
          "Plan Width": 8,
          "Actual Startup Time": 1151.915,
          "Actual Total Time": 1204.164,
          "Actual Rows": 7,
          "Actual Loops": 1,
          "Workers Planned": 6,
          "Workers Launched": 6,
          "Single Copy": false,
          "Plans": [
            {
              "Node Type": "Aggregate",
              "Strategy": "Plain",
              "Partial Mode": "Partial",
              "Parent Relationship": "Outer",
              "Parallel Aware": false,
              "Startup Cost": 343095.06,
              "Total Cost": 343095.07,
              "Plan Rows": 1,
              "Plan Width": 8,
              "Actual Startup Time": 1143.512,
              "Actual Total Time": 1143.514,
              "Actual Rows": 1,
              "Actual Loops": 7,
              "Plans": [
                {
                  "Node Type": "Seq Scan",
                  "Parent Relationship": "Outer",
                  "Parallel Aware": true,
                  "Relation Name": "cast_info",
                  "Alias": "ci",
                  "Startup Cost": 0.0,
                  "Total Cost": 328211.39,
                  "Plan Rows": 5953468,
                  "Plan Width": 0,
                  "Actual Startup Time": 0.055,
                  "Actual Total Time": 813.316,
                  "Actual Rows": 5108825,
                  "Actual Loops": 7,
                  "Filter": "(person_id < 3969946)",
                  "Rows Removed by Filter": 68938
                }
              ]
            }
          ]
        }
      ]
    },
    "Planning Time": 0.129,
    "Triggers": [],
    "Execution Time": 1204.237
  }
]