[
    {
        "Bao": {
            "Bao prediction": "NaN",
            "Bao recommended hint": "(no hint)"
        }
    },
    {
        "Plan": {
            "Node Type": "Aggregate",
            "Strategy": "Plain",
            "Partial Mode": "Finalize",
            "Parallel Aware": false,
            "Startup Cost": 316910.27,
            "Total Cost": 316910.28,
            "Plan Rows": 1,
            "Plan Width": 8,
            "Actual Startup Time": 221.051,
            "Actual Total Time": 228.356,
            "Actual Rows": 1,
            "Actual Loops": 1,
            "Output": [
                "count(*)"
            ],
            "Plans": [
                {
                    "Node Type": "Gather",
                    "Parent Relationship": "Outer",
                    "Parallel Aware": false,
                    "Startup Cost": 316909.64,
                    "Total Cost": 316910.25,
                    "Plan Rows": 6,
                    "Plan Width": 8,
                    "Actual Startup Time": 220.132,
                    "Actual Total Time": 228.349,
                    "Actual Rows": 7,
                    "Actual Loops": 1,
                    "Output": [
                        "(PARTIAL count(*))"
                    ],
                    "Workers Planned": 6,
                    "Workers Launched": 6,
                    "Single Copy": false,
                    "Plans": [
                        {
                            "Node Type": "Aggregate",
                            "Strategy": "Plain",
                            "Partial Mode": "Partial",
                            "Parent Relationship": "Outer",
                            "Parallel Aware": false,
                            "Startup Cost": 315909.64,
                            "Total Cost": 315909.65,
                            "Plan Rows": 1,
                            "Plan Width": 8,
                            "Actual Startup Time": 209.784,
                            "Actual Total Time": 209.785,
                            "Actual Rows": 1,
                            "Actual Loops": 7,
                            "Output": [
                                "PARTIAL count(*)"
                            ],
                            "Workers": [
                                {
                                    "Worker Number": 0,
                                    "Actual Startup Time": 207.394,
                                    "Actual Total Time": 207.396,
                                    "Actual Rows": 1,
                                    "Actual Loops": 1
                                },
                                {
                                    "Worker Number": 1,
                                    "Actual Startup Time": 207.84,
                                    "Actual Total Time": 207.84,
                                    "Actual Rows": 1,
                                    "Actual Loops": 1
                                },
                                {
                                    "Worker Number": 2,
                                    "Actual Startup Time": 207.928,
                                    "Actual Total Time": 207.929,
                                    "Actual Rows": 1,
                                    "Actual Loops": 1
                                },
                                {
                                    "Worker Number": 3,
                                    "Actual Startup Time": 208.232,
                                    "Actual Total Time": 208.233,
                                    "Actual Rows": 1,
                                    "Actual Loops": 1
                                },
                                {
                                    "Worker Number": 4,
                                    "Actual Startup Time": 208.467,
                                    "Actual Total Time": 208.468,
                                    "Actual Rows": 1,
                                    "Actual Loops": 1
                                },
                                {
                                    "Worker Number": 5,
                                    "Actual Startup Time": 208.872,
                                    "Actual Total Time": 208.874,
                                    "Actual Rows": 1,
                                    "Actual Loops": 1
                                }
                            ],
                            "Plans": [
                                {
                                    "Node Type": "Bitmap Heap Scan",
                                    "Parent Relationship": "Outer",
                                    "Parallel Aware": true,
                                    "Relation Name": "cast_info",
                                    "Schema": "public",
                                    "Alias": "ci",
                                    "Startup Cost": 56791.89,
                                    "Total Cost": 314837.85,
                                    "Plan Rows": 428717,
                                    "Plan Width": 0,
                                    "Actual Startup Time": 82.769,
                                    "Actual Total Time": 189.386,
                                    "Actual Rows": 375830,
                                    "Actual Loops": 7,
                                    "Recheck Cond": "(ci.person_id > 3553596)",
                                    "Rows Removed by Index Recheck": 0,
                                    "Exact Heap Blocks": 9160,
                                    "Lossy Heap Blocks": 0,
                                    "Workers": [
                                        {
                                            "Worker Number": 0,
                                            "Actual Startup Time": 80.194,
                                            "Actual Total Time": 187.089,
                                            "Actual Rows": 266817,
                                            "Actual Loops": 1
                                        },
                                        {
                                            "Worker Number": 1,
                                            "Actual Startup Time": 81.161,
                                            "Actual Total Time": 188.245,
                                            "Actual Rows": 372133,
                                            "Actual Loops": 1
                                        },
                                        {
                                            "Worker Number": 2,
                                            "Actual Startup Time": 80.709,
                                            "Actual Total Time": 187.259,
                                            "Actual Rows": 268516,
                                            "Actual Loops": 1
                                        },
                                        {
                                            "Worker Number": 3,
                                            "Actual Startup Time": 81.872,
                                            "Actual Total Time": 189.34,
                                            "Actual Rows": 360047,
                                            "Actual Loops": 1
                                        },
                                        {
                                            "Worker Number": 4,
                                            "Actual Startup Time": 81.743,
                                            "Actual Total Time": 189.722,
                                            "Actual Rows": 352040,
                                            "Actual Loops": 1
                                        },
                                        {
                                            "Worker Number": 5,
                                            "Actual Startup Time": 81.623,
                                            "Actual Total Time": 189.096,
                                            "Actual Rows": 379844,
                                            "Actual Loops": 1
                                        }
                                    ],
                                    "Plans": [
                                        {
                                            "Node Type": "Bitmap Index Scan",
                                            "Parent Relationship": "Outer",
                                            "Parallel Aware": false,
                                            "Index Name": "person_id_cast_info",
                                            "Startup Cost": 0.0,
                                            "Total Cost": 56148.82,
                                            "Plan Rows": 2572300,
                                            "Plan Width": 0,
                                            "Actual Startup Time": 86.047,
                                            "Actual Total Time": 86.047,
                                            "Actual Rows": 2630809,
                                            "Actual Loops": 1,
                                            "Index Cond": "(ci.person_id > 3553596)"
                                        }
                                    ]
                                }
                            ]
                        }
                    ]
                }
            ]
        },
        "Planning Time": 260.539,
        "Triggers": [],
        "Execution Time": 228.414
    }
]