[
  {
    "Plan": {
      "Node Type": "Aggregate",
      "Strategy": "Plain",
      "Partial Mode": "Finalize",
      "Parallel Aware": false,
      "Startup Cost": 70241.5,
      "Total Cost": 70241.51,
      "Plan Rows": 1,
      "Plan Width": 8,
      "Actual Startup Time": 157.514,
      "Actual Total Time": 170.212,
      "Actual Rows": 1,
      "Actual Loops": 1,
      "Plans": [
        {
          "Node Type": "Gather",
          "Parent Relationship": "Outer",
          "Parallel Aware": false,
          "Startup Cost": 70241.19,
          "Total Cost": 70241.5,
          "Plan Rows": 3,
          "Plan Width": 8,
          "Actual Startup Time": 156.825,
          "Actual Total Time": 170.189,
          "Actual Rows": 4,
          "Actual Loops": 1,
          "Workers Planned": 3,
          "Workers Launched": 3,
          "Single Copy": false,
          "Plans": [
            {
              "Node Type": "Aggregate",
              "Strategy": "Plain",
              "Partial Mode": "Partial",
              "Parent Relationship": "Outer",
              "Parallel Aware": false,
              "Startup Cost": 69241.19,
              "Total Cost": 69241.2,
              "Plan Rows": 1,
              "Plan Width": 8,
              "Actual Startup Time": 153.352,
              "Actual Total Time": 153.356,
              "Actual Rows": 1,
              "Actual Loops": 4,
              "Plans": [
                {
                  "Node Type": "Hash Join",
                  "Parent Relationship": "Outer",
                  "Parallel Aware": true,
                  "Join Type": "Inner",
                  "Startup Cost": 49320.33,
                  "Total Cost": 69230.76,
                  "Plan Rows": 4171,
                  "Plan Width": 0,
                  "Actual Startup Time": 124.678,
                  "Actual Total Time": 153.056,
                  "Actual Rows": 3090,
                  "Actual Loops": 4,
                  "Inner Unique": true,
                  "Hash Cond": "(mc.movie_id = t.id)",
                  "Plans": [
                    {
                      "Node Type": "Bitmap Heap Scan",
                      "Parent Relationship": "Outer",
                      "Parallel Aware": true,
                      "Relation Name": "movie_companies",
                      "Alias": "mc",
                      "Startup Cost": 4976.16,
                      "Total Cost": 24692.13,
                      "Plan Rows": 74078,
                      "Plan Width": 4,
                      "Actual Startup Time": 15.076,
                      "Actual Total Time": 30.091,
                      "Actual Rows": 56722,
                      "Actual Loops": 4,
                      "Recheck Cond": "(company_id > 106189)",
                      "Rows Removed by Index Recheck": 0,
                      "Exact Heap Blocks": 1200,
                      "Lossy Heap Blocks": 0,
                      "Plans": [
                        {
                          "Node Type": "Bitmap Index Scan",
                          "Parent Relationship": "Outer",
                          "Parallel Aware": false,
                          "Index Name": "company_id_movie_companies",
                          "Startup Cost": 0.0,
                          "Total Cost": 4918.74,
                          "Plan Rows": 229642,
                          "Plan Width": 0,
                          "Actual Startup Time": 14.014,
                          "Actual Total Time": 14.014,
                          "Actual Rows": 226890,
                          "Actual Loops": 1,
                          "Index Cond": "(company_id > 106189)"
                        }
                      ]
                    },
                    {
                      "Node Type": "Hash",
                      "Parent Relationship": "Inner",
                      "Parallel Aware": true,
                      "Startup Cost": 43899.32,
                      "Total Cost": 43899.32,
                      "Plan Rows": 35588,
                      "Plan Width": 4,
                      "Actual Startup Time": 108.372,
                      "Actual Total Time": 108.373,
                      "Actual Rows": 35426,
                      "Actual Loops": 4,
                      "Hash Buckets": 262144,
                      "Original Hash Buckets": 262144,
                      "Hash Batches": 1,
                      "Original Hash Batches": 1,
                      "Peak Memory Usage": 7680,
                      "Plans": [
                        {
                          "Node Type": "Seq Scan",
                          "Parent Relationship": "Outer",
                          "Parallel Aware": true,
                          "Relation Name": "title",
                          "Alias": "t",
                          "Startup Cost": 0.0,
                          "Total Cost": 43899.32,
                          "Plan Rows": 35588,
                          "Plan Width": 4,
                          "Actual Startup Time": 0.018,
                          "Actual Total Time": 94.815,
                          "Actual Rows": 35426,
                          "Actual Loops": 4,
                          "Filter": "(production_year = 2010)",
                          "Rows Removed by Filter": 596652
                        }
                      ]
                    }
                  ]
                }
              ]
            }
          ]
        }
      ]
    },
    "Planning Time": 0.322,
    "Triggers": [],
    "Execution Time": 170.267
  }
]