[
  {
    "Plan": {
      "Node Type": "Aggregate",
      "Strategy": "Plain",
      "Partial Mode": "Finalize",
      "Parallel Aware": false,
      "Startup Cost": 29865.94,
      "Total Cost": 29865.95,
      "Plan Rows": 1,
      "Plan Width": 8,
      "Actual Startup Time": 51.158,
      "Actual Total Time": 55.298,
      "Actual Rows": 1,
      "Actual Loops": 1,
      "Plans": [
        {
          "Node Type": "Gather",
          "Parent Relationship": "Outer",
          "Parallel Aware": false,
          "Startup Cost": 29865.63,
          "Total Cost": 29865.94,
          "Plan Rows": 3,
          "Plan Width": 8,
          "Actual Startup Time": 50.975,
          "Actual Total Time": 55.29,
          "Actual Rows": 4,
          "Actual Loops": 1,
          "Workers Planned": 3,
          "Workers Launched": 3,
          "Single Copy": false,
          "Plans": [
            {
              "Node Type": "Aggregate",
              "Strategy": "Plain",
              "Partial Mode": "Partial",
              "Parent Relationship": "Outer",
              "Parallel Aware": false,
              "Startup Cost": 28865.63,
              "Total Cost": 28865.64,
              "Plan Rows": 1,
              "Plan Width": 8,
              "Actual Startup Time": 47.885,
              "Actual Total Time": 47.886,
              "Actual Rows": 1,
              "Actual Loops": 4,
              "Plans": [
                {
                  "Node Type": "Bitmap Heap Scan",
                  "Parent Relationship": "Outer",
                  "Parallel Aware": true,
                  "Relation Name": "movie_keyword",
                  "Alias": "mk",
                  "Startup Cost": 3592.46,
                  "Total Cost": 28729.1,
                  "Plan Rows": 54611,
                  "Plan Width": 0,
                  "Actual Startup Time": 11.635,
                  "Actual Total Time": 45.56,
                  "Actual Rows": 41596,
                  "Actual Loops": 4,
                  "Recheck Cond": "(keyword_id > 72324)",
                  "Rows Removed by Index Recheck": 0,
                  "Exact Heap Blocks": 9028,
                  "Lossy Heap Blocks": 0,
                  "Plans": [
                    {
                      "Node Type": "Bitmap Index Scan",
                      "Parent Relationship": "Outer",
                      "Parallel Aware": false,
                      "Index Name": "keyword_id_movie_keyword",
                      "Startup Cost": 0.0,
                      "Total Cost": 3550.14,
                      "Plan Rows": 169294,
                      "Plan Width": 0,
                      "Actual Startup Time": 11.224,
                      "Actual Total Time": 11.225,
                      "Actual Rows": 166384,
                      "Actual Loops": 1,
                      "Index Cond": "(keyword_id > 72324)"
                    }
                  ]
                }
              ]
            }
          ]
        }
      ]
    },
    "Planning Time": 0.18,
    "Triggers": [],
    "Execution Time": 55.369
  }
]