[
  {
    "Plan": {
      "Node Type": "Aggregate",
      "Strategy": "Plain",
      "Partial Mode": "Finalize",
      "Parallel Aware": false,
      "Startup Cost": 230204.67,
      "Total Cost": 230204.68,
      "Plan Rows": 1,
      "Plan Width": 8,
      "Actual Startup Time": 325.737,
      "Actual Total Time": 353.107,
      "Actual Rows": 1,
      "Actual Loops": 1,
      "Plans": [
        {
          "Node Type": "Gather",
          "Parent Relationship": "Outer",
          "Parallel Aware": false,
          "Startup Cost": 230204.04,
          "Total Cost": 230204.65,
          "Plan Rows": 6,
          "Plan Width": 8,
          "Actual Startup Time": 325.579,
          "Actual Total Time": 353.092,
          "Actual Rows": 7,
          "Actual Loops": 1,
          "Workers Planned": 6,
          "Workers Launched": 6,
          "Single Copy": false,
          "Plans": [
            {
              "Node Type": "Aggregate",
              "Strategy": "Plain",
              "Partial Mode": "Partial",
              "Parent Relationship": "Outer",
              "Parallel Aware": false,
              "Startup Cost": 229204.04,
              "Total Cost": 229204.05,
              "Plan Rows": 1,
              "Plan Width": 8,
              "Actual Startup Time": 315.748,
              "Actual Total Time": 315.749,
              "Actual Rows": 1,
              "Actual Loops": 7,
              "Plans": [
                {
                  "Node Type": "Index Scan",
                  "Parent Relationship": "Outer",
                  "Parallel Aware": true,
                  "Scan Direction": "Forward",
                  "Index Name": "role_id_cast_info",
                  "Relation Name": "cast_info",
                  "Alias": "ci",
                  "Startup Cost": 0.56,
                  "Total Cost": 228010.93,
                  "Plan Rows": 477247,
                  "Plan Width": 0,
                  "Actual Startup Time": 0.15,
                  "Actual Total Time": 302.564,
                  "Actual Rows": 207509,
                  "Actual Loops": 7,
                  "Index Cond": "(role_id > 5)",
                  "Rows Removed by Index Recheck": 0,
                  "Filter": "(person_id < 1217071)",
                  "Rows Removed by Filter": 1004822
                }
              ]
            }
          ]
        }
      ]
    },
    "Planning Time": 0.086,
    "Triggers": [],
    "Execution Time": 353.145
  }
]