[
  {
    "Plan": {
      "Node Type": "Aggregate",
      "Strategy": "Plain",
      "Partial Mode": "Finalize",
      "Parallel Aware": false,
      "Startup Cost": 79019.32,
      "Total Cost": 79019.33,
      "Plan Rows": 1,
      "Plan Width": 8,
      "Actual Startup Time": 197.064,
      "Actual Total Time": 215.338,
      "Actual Rows": 1,
      "Actual Loops": 1,
      "Plans": [
        {
          "Node Type": "Gather",
          "Parent Relationship": "Outer",
          "Parallel Aware": false,
          "Startup Cost": 79019.0,
          "Total Cost": 79019.31,
          "Plan Rows": 3,
          "Plan Width": 8,
          "Actual Startup Time": 196.547,
          "Actual Total Time": 215.33,
          "Actual Rows": 4,
          "Actual Loops": 1,
          "Workers Planned": 3,
          "Workers Launched": 3,
          "Single Copy": false,
          "Plans": [
            {
              "Node Type": "Aggregate",
              "Strategy": "Plain",
              "Partial Mode": "Partial",
              "Parent Relationship": "Outer",
              "Parallel Aware": false,
              "Startup Cost": 78019.0,
              "Total Cost": 78019.01,
              "Plan Rows": 1,
              "Plan Width": 8,
              "Actual Startup Time": 192.489,
              "Actual Total Time": 192.492,
              "Actual Rows": 1,
              "Actual Loops": 4,
              "Plans": [
                {
                  "Node Type": "Hash Join",
                  "Parent Relationship": "Outer",
                  "Parallel Aware": true,
                  "Join Type": "Inner",
                  "Startup Cost": 45808.29,
                  "Total Cost": 77988.67,
                  "Plan Rows": 12133,
                  "Plan Width": 0,
                  "Actual Startup Time": 136.754,
                  "Actual Total Time": 192.23,
                  "Actual Rows": 4413,
                  "Actual Loops": 4,
                  "Inner Unique": true,
                  "Hash Cond": "(mc.movie_id = t.id)",
                  "Plans": [
                    {
                      "Node Type": "Seq Scan",
                      "Parent Relationship": "Outer",
                      "Parallel Aware": true,
                      "Relation Name": "movie_companies",
                      "Alias": "mc",
                      "Startup Cost": 0.0,
                      "Total Cost": 31414.82,
                      "Plan Rows": 291645,
                      "Plan Width": 4,
                      "Actual Startup Time": 32.069,
                      "Actual Total Time": 66.226,
                      "Actual Rows": 147308,
                      "Actual Loops": 4,
                      "Filter": "((company_id < 27369) AND (company_type_id > 1))",
                      "Rows Removed by Filter": 504974
                    },
                    {
                      "Node Type": "Hash",
                      "Parent Relationship": "Inner",
                      "Parallel Aware": true,
                      "Startup Cost": 45479.59,
                      "Total Cost": 45479.59,
                      "Plan Rows": 26296,
                      "Plan Width": 4,
                      "Actual Startup Time": 103.342,
                      "Actual Total Time": 103.343,
                      "Actual Rows": 27128,
                      "Actual Loops": 4,
                      "Hash Buckets": 131072,
                      "Original Hash Buckets": 131072,
                      "Hash Batches": 1,
                      "Original Hash Batches": 1,
                      "Peak Memory Usage": 5344,
                      "Plans": [
                        {
                          "Node Type": "Seq Scan",
                          "Parent Relationship": "Outer",
                          "Parallel Aware": true,
                          "Relation Name": "title",
                          "Alias": "t",
                          "Startup Cost": 0.0,
                          "Total Cost": 45479.59,
                          "Plan Rows": 26296,
                          "Plan Width": 4,
                          "Actual Startup Time": 0.023,
                          "Actual Total Time": 93.949,
                          "Actual Rows": 27128,
                          "Actual Loops": 4,
                          "Filter": "((kind_id > 1) AND (production_year = 2010))",
                          "Rows Removed by Filter": 604950
                        }
                      ]
                    }
                  ]
                }
              ]
            }
          ]
        }
      ]
    },
    "Planning Time": 0.777,
    "Triggers": [],
    "Execution Time": 215.403
  }
]