[
  {
    "Plan": {
      "Node Type": "Aggregate",
      "Strategy": "Plain",
      "Partial Mode": "Finalize",
      "Parallel Aware": false,
      "Startup Cost": 79029.38,
      "Total Cost": 79029.39,
      "Plan Rows": 1,
      "Plan Width": 8,
      "Actual Startup Time": 209.739,
      "Actual Total Time": 227.492,
      "Actual Rows": 1,
      "Actual Loops": 1,
      "Plans": [
        {
          "Node Type": "Gather",
          "Parent Relationship": "Outer",
          "Parallel Aware": false,
          "Startup Cost": 79029.06,
          "Total Cost": 79029.37,
          "Plan Rows": 3,
          "Plan Width": 8,
          "Actual Startup Time": 209.245,
          "Actual Total Time": 227.479,
          "Actual Rows": 4,
          "Actual Loops": 1,
          "Workers Planned": 3,
          "Workers Launched": 3,
          "Single Copy": false,
          "Plans": [
            {
              "Node Type": "Aggregate",
              "Strategy": "Plain",
              "Partial Mode": "Partial",
              "Parent Relationship": "Outer",
              "Parallel Aware": false,
              "Startup Cost": 78029.06,
              "Total Cost": 78029.07,
              "Plan Rows": 1,
              "Plan Width": 8,
              "Actual Startup Time": 202.518,
              "Actual Total Time": 202.52,
              "Actual Rows": 1,
              "Actual Loops": 4,
              "Plans": [
                {
                  "Node Type": "Hash Join",
                  "Parent Relationship": "Outer",
                  "Parallel Aware": true,
                  "Join Type": "Inner",
                  "Startup Cost": 45812.27,
                  "Total Cost": 77998.1,
                  "Plan Rows": 12386,
                  "Plan Width": 0,
                  "Actual Startup Time": 145.009,
                  "Actual Total Time": 202.274,
                  "Actual Rows": 4413,
                  "Actual Loops": 4,
                  "Inner Unique": true,
                  "Hash Cond": "(mc.movie_id = t.id)",
                  "Plans": [
                    {
                      "Node Type": "Seq Scan",
                      "Parent Relationship": "Outer",
                      "Parallel Aware": true,
                      "Relation Name": "movie_companies",
                      "Alias": "mc",
                      "Startup Cost": 0.0,
                      "Total Cost": 31414.82,
                      "Plan Rows": 293717,
                      "Plan Width": 4,
                      "Actual Startup Time": 32.919,
                      "Actual Total Time": 67.842,
                      "Actual Rows": 147308,
                      "Actual Loops": 4,
                      "Filter": "((company_id < 27369) AND (company_type_id > 1))",
                      "Rows Removed by Filter": 504974
                    },
                    {
                      "Node Type": "Hash",
                      "Parent Relationship": "Inner",
                      "Parallel Aware": true,
                      "Startup Cost": 45479.1,
                      "Total Cost": 45479.1,
                      "Plan Rows": 26654,
                      "Plan Width": 4,
                      "Actual Startup Time": 110.415,
                      "Actual Total Time": 110.416,
                      "Actual Rows": 27128,
                      "Actual Loops": 4,
                      "Hash Buckets": 131072,
                      "Original Hash Buckets": 131072,
                      "Hash Batches": 1,
                      "Original Hash Batches": 1,
                      "Peak Memory Usage": 5312,
                      "Plans": [
                        {
                          "Node Type": "Seq Scan",
                          "Parent Relationship": "Outer",
                          "Parallel Aware": true,
                          "Relation Name": "title",
                          "Alias": "t",
                          "Startup Cost": 0.0,
                          "Total Cost": 45479.1,
                          "Plan Rows": 26654,
                          "Plan Width": 4,
                          "Actual Startup Time": 0.033,
                          "Actual Total Time": 99.508,
                          "Actual Rows": 27128,
                          "Actual Loops": 4,
                          "Filter": "((kind_id > 1) AND (production_year = 2010))",
                          "Rows Removed by Filter": 604950
                        }
                      ]
                    }
                  ]
                }
              ]
            }
          ]
        }
      ]
    },
    "Planning Time": 0.706,
    "Triggers": [],
    "Execution Time": 227.562
  }
]