[
  {
    "Plan": {
      "Node Type": "Aggregate",
      "Strategy": "Plain",
      "Partial Mode": "Finalize",
      "Parallel Aware": false,
      "Startup Cost": 332464.16,
      "Total Cost": 332464.17,
      "Plan Rows": 1,
      "Plan Width": 8,
      "Actual Startup Time": 695.144,
      "Actual Total Time": 744.801,
      "Actual Rows": 1,
      "Actual Loops": 1,
      "Plans": [
        {
          "Node Type": "Gather",
          "Parent Relationship": "Outer",
          "Parallel Aware": false,
          "Startup Cost": 332463.53,
          "Total Cost": 332464.14,
          "Plan Rows": 6,
          "Plan Width": 8,
          "Actual Startup Time": 694.94,
          "Actual Total Time": 744.79,
          "Actual Rows": 7,
          "Actual Loops": 1,
          "Workers Planned": 6,
          "Workers Launched": 6,
          "Single Copy": false,
          "Plans": [
            {
              "Node Type": "Aggregate",
              "Strategy": "Plain",
              "Partial Mode": "Partial",
              "Parent Relationship": "Outer",
              "Parallel Aware": false,
              "Startup Cost": 331463.53,
              "Total Cost": 331463.54,
              "Plan Rows": 1,
              "Plan Width": 8,
              "Actual Startup Time": 684.655,
              "Actual Total Time": 684.657,
              "Actual Rows": 1,
              "Actual Loops": 7,
              "Plans": [
                {
                  "Node Type": "Seq Scan",
                  "Parent Relationship": "Outer",
                  "Parallel Aware": true,
                  "Relation Name": "cast_info",
                  "Alias": "ci",
                  "Startup Cost": 0.0,
                  "Total Cost": 328211.39,
                  "Plan Rows": 1300857,
                  "Plan Width": 0,
                  "Actual Startup Time": 0.063,
                  "Actual Total Time": 614.493,
                  "Actual Rows": 1132261,
                  "Actual Loops": 7,
                  "Filter": "(person_id < 773218)",
                  "Rows Removed by Filter": 4045502
                }
              ]
            }
          ]
        }
      ]
    },
    "Planning Time": 0.202,
    "Triggers": [],
    "Execution Time": 744.873
  }
]