[
  {
    "Plan": {
      "Node Type": "Aggregate",
      "Strategy": "Plain",
      "Partial Mode": "Finalize",
      "Parallel Aware": false,
      "Startup Cost": 620808.87,
      "Total Cost": 620808.88,
      "Plan Rows": 1,
      "Plan Width": 8,
      "Actual Startup Time": 2845.354,
      "Actual Total Time": 2935.753,
      "Actual Rows": 1,
      "Actual Loops": 1,
      "Plans": [
        {
          "Node Type": "Gather",
          "Parent Relationship": "Outer",
          "Parallel Aware": false,
          "Startup Cost": 620808.35,
          "Total Cost": 620808.86,
          "Plan Rows": 5,
          "Plan Width": 8,
          "Actual Startup Time": 2831.016,
          "Actual Total Time": 2935.74,
          "Actual Rows": 6,
          "Actual Loops": 1,
          "Workers Planned": 5,
          "Workers Launched": 5,
          "Single Copy": false,
          "Plans": [
            {
              "Node Type": "Aggregate",
              "Strategy": "Plain",
              "Partial Mode": "Partial",
              "Parent Relationship": "Outer",
              "Parallel Aware": false,
              "Startup Cost": 619808.35,
              "Total Cost": 619808.36,
              "Plan Rows": 1,
              "Plan Width": 8,
              "Actual Startup Time": 2807.758,
              "Actual Total Time": 2807.83,
              "Actual Rows": 1,
              "Actual Loops": 6,
              "Plans": [
                {
                  "Node Type": "Hash Join",
                  "Parent Relationship": "Outer",
                  "Parallel Aware": true,
                  "Join Type": "Inner",
                  "Startup Cost": 403003.2,
                  "Total Cost": 611314.11,
                  "Plan Rows": 3397698,
                  "Plan Width": 0,
                  "Actual Startup Time": 1683.605,
                  "Actual Total Time": 2747.95,
                  "Actual Rows": 1445101,
                  "Actual Loops": 6,
                  "Inner Unique": false,
                  "Hash Cond": "(mi.movie_id = t.id)",
                  "Plans": [
                    {
                      "Node Type": "Seq Scan",
                      "Parent Relationship": "Outer",
                      "Parallel Aware": true,
                      "Relation Name": "movie_info",
                      "Alias": "mi",
                      "Startup Cost": 0.0,
                      "Total Cost": 191560.33,
                      "Plan Rows": 2956733,
                      "Plan Width": 4,
                      "Actual Startup Time": 0.033,
                      "Actual Total Time": 304.322,
                      "Actual Rows": 2472620,
                      "Actual Loops": 6
                    },
                    {
                      "Node Type": "Hash",
                      "Parent Relationship": "Inner",
                      "Parallel Aware": true,
                      "Startup Cost": 396950.36,
                      "Total Cost": 396950.36,
                      "Plan Rows": 484227,
                      "Plan Width": 8,
                      "Actual Startup Time": 1674.248,
                      "Actual Total Time": 1674.318,
                      "Actual Rows": 405454,
                      "Actual Loops": 6,
                      "Hash Buckets": 4194304,
                      "Original Hash Buckets": 4194304,
                      "Hash Batches": 1,
                      "Original Hash Batches": 1,
                      "Peak Memory Usage": 128032,
                      "Plans": [
                        {
                          "Node Type": "Hash Join",
                          "Parent Relationship": "Outer",
                          "Parallel Aware": true,
                          "Join Type": "Inner",
                          "Startup Cost": 46973.64,
                          "Total Cost": 396950.36,
                          "Plan Rows": 484227,
                          "Plan Width": 8,
                          "Actual Startup Time": 401.713,
                          "Actual Total Time": 1475.808,
                          "Actual Rows": 405454,
                          "Actual Loops": 6,
                          "Inner Unique": true,
                          "Hash Cond": "(ci.movie_id = t.id)",
                          "Plans": [
                            {
                              "Node Type": "Seq Scan",
                              "Parent Relationship": "Outer",
                              "Parallel Aware": true,
                              "Relation Name": "cast_info",
                              "Alias": "ci",
                              "Startup Cost": 0.0,
                              "Total Cost": 343257.03,
                              "Plan Rows": 2559879,
                              "Plan Width": 4,
                              "Actual Startup Time": 272.944,
                              "Actual Total Time": 851.944,
                              "Actual Rows": 1802583,
                              "Actual Loops": 6,
                              "Filter": "((person_id < 2404186) AND (role_id > 1))",
                              "Rows Removed by Filter": 4238141
                            },
                            {
                              "Node Type": "Hash",
                              "Parent Relationship": "Inner",
                              "Parallel Aware": true,
                              "Startup Cost": 45479.1,
                              "Total Cost": 45479.1,
                              "Plan Rows": 119563,
                              "Plan Width": 4,
                              "Actual Startup Time": 127.945,
                              "Actual Total Time": 127.946,
                              "Actual Rows": 86388,
                              "Actual Loops": 6,
                              "Hash Buckets": 524288,
                              "Original Hash Buckets": 524288,
                              "Hash Batches": 1,
                              "Original Hash Batches": 1,
                              "Peak Memory Usage": 24480,
                              "Plans": [
                                {
                                  "Node Type": "Seq Scan",
                                  "Parent Relationship": "Outer",
                                  "Parallel Aware": true,
                                  "Relation Name": "title",
                                  "Alias": "t",
                                  "Startup Cost": 0.0,
                                  "Total Cost": 45479.1,
                                  "Plan Rows": 119563,
                                  "Plan Width": 4,
                                  "Actual Startup Time": 0.044,
                                  "Actual Total Time": 89.987,
                                  "Actual Rows": 86388,
                                  "Actual Loops": 6,
                                  "Filter": "((production_year > 2007) AND (kind_id = 7))",
                                  "Rows Removed by Filter": 334998
                                }
                              ]
                            }
                          ]
                        }
                      ]
                    }
                  ]
                }
              ]
            }
          ]
        }
      ]
    },
    "Planning Time": 1.383,
    "Triggers": [],
    "Execution Time": 2935.854
  }
]