{
  "Plan": {
    "Node Type": "Aggregate",
    "Strategy": "Plain",
    "Partial Mode": "Finalize",
    "Parallel Aware": false,
    "Startup Cost": 268656.88,
    "Total Cost": 268656.89,
    "Plan Rows": 1,
    "Plan Width": 8,
    "Actual Startup Time": 1902.289,
    "Actual Total Time": 1964.171,
    "Actual Rows": 1,
    "Actual Loops": 1,
    "Plans": [
      {
        "Node Type": "Gather",
        "Parent Relationship": "Outer",
        "Parallel Aware": false,
        "Startup Cost": 268656.77,
        "Total Cost": 268656.88,
        "Plan Rows": 1,
        "Plan Width": 8,
        "Actual Startup Time": 1900.483,
        "Actual Total Time": 1964.162,
        "Actual Rows": 2,
        "Actual Loops": 1,
        "Workers Planned": 1,
        "Workers Launched": 1,
        "Single Copy": false,
        "Plans": [
          {
            "Node Type": "Aggregate",
            "Strategy": "Plain",
            "Partial Mode": "Partial",
            "Parent Relationship": "Outer",
            "Parallel Aware": false,
            "Startup Cost": 267656.77,
            "Total Cost": 267656.78,
            "Plan Rows": 1,
            "Plan Width": 8,
            "Actual Startup Time": 1894.402,
            "Actual Total Time": 1894.406,
            "Actual Rows": 1,
            "Actual Loops": 2,
            "Plans": [
              {
                "Node Type": "Nested Loop",
                "Parent Relationship": "Outer",
                "Parallel Aware": false,
                "Join Type": "Inner",
                "Startup Cost": 78934.49,
                "Total Cost": 266874.0,
                "Plan Rows": 313109,
                "Plan Width": 0,
                "Actual Startup Time": 281.596,
                "Actual Total Time": 1767.862,
                "Actual Rows": 2928244,
                "Actual Loops": 2,
                "Inner Unique": false,
                "Plans": [
                  {
                    "Node Type": "Hash Join",
                    "Parent Relationship": "Outer",
                    "Parallel Aware": true,
                    "Join Type": "Inner",
                    "Startup Cost": 78934.06,
                    "Total Cost": 104945.81,
                    "Plan Rows": 53548,
                    "Plan Width": 8,
                    "Actual Startup Time": 281.494,
                    "Actual Total Time": 448.917,
                    "Actual Rows": 149556,
                    "Actual Loops": 2,
                    "Inner Unique": true,
                    "Hash Cond": "(mc.movie_id = t.id)",
                    "Plans": [
                      {
                        "Node Type": "Bitmap Heap Scan",
                        "Parent Relationship": "Outer",
                        "Parallel Aware": true,
                        "Relation Name": "movie_companies",
                        "Alias": "mc",
                        "Startup Cost": 16193.41,
                        "Total Cost": 41615.85,
                        "Plan Rows": 224501,
                        "Plan Width": 4,
                        "Actual Startup Time": 56.435,
                        "Actual Total Time": 109.56,
                        "Actual Rows": 353851,
                        "Actual Loops": 2,
                        "Recheck Cond": "(company_id > 34517)",
                        "Rows Removed by Index Recheck": 0,
                        "Filter": "(company_type_id > 1)",
                        "Rows Removed by Filter": 29202,
                        "Exact Heap Blocks": 9459,
                        "Lossy Heap Blocks": 0,
                        "Plans": [
                          {
                            "Node Type": "Bitmap Index Scan",
                            "Parent Relationship": "Outer",
                            "Parallel Aware": false,
                            "Index Name": "company_id_movie_companies",
                            "Startup Cost": 0.0,
                            "Total Cost": 16098.0,
                            "Plan Rows": 751676,
                            "Plan Width": 0,
                            "Actual Startup Time": 38.66,
                            "Actual Total Time": 38.66,
                            "Actual Rows": 766107,
                            "Actual Loops": 1,
                            "Index Cond": "(company_id > 34517)"
                          }
                        ]
                      },
                      {
                        "Node Type": "Hash",
                        "Parent Relationship": "Inner",
                        "Parallel Aware": true,
                        "Startup Cost": 58306.47,
                        "Total Cost": 58306.47,
                        "Plan Rows": 354734,
                        "Plan Width": 4,
                        "Actual Startup Time": 215.788,
                        "Actual Total Time": 215.789,
                        "Actual Rows": 253704,
                        "Actual Loops": 2,
                        "Hash Buckets": 1048576,
                        "Original Hash Buckets": 1048576,
                        "Hash Batches": 1,
                        "Original Hash Batches": 1,
                        "Peak Memory Usage": 28064,
                        "Plans": [
                          {
                            "Node Type": "Seq Scan",
                            "Parent Relationship": "Outer",
                            "Parallel Aware": true,
                            "Relation Name": "title",
                            "Alias": "t",
                            "Startup Cost": 0.0,
                            "Total Cost": 58306.47,
                            "Plan Rows": 354734,
                            "Plan Width": 4,
                            "Actual Startup Time": 0.035,
                            "Actual Total Time": 151.004,
                            "Actual Rows": 253704,
                            "Actual Loops": 2,
                            "Filter": "((kind_id < 7) AND (production_year > 1997))",
                            "Rows Removed by Filter": 1010452
                          }
                        ]
                      }
                    ]
                  },
                  {
                    "Node Type": "Index Only Scan",
                    "Parent Relationship": "Inner",
                    "Parallel Aware": false,
                    "Scan Direction": "Forward",
                    "Index Name": "movie_id_movie_info",
                    "Relation Name": "movie_info",
                    "Alias": "mi",
                    "Startup Cost": 0.43,
                    "Total Cost": 2.6,
                    "Plan Rows": 42,
                    "Plan Width": 4,
                    "Actual Startup Time": 0.002,
                    "Actual Total Time": 0.007,
                    "Actual Rows": 20,
                    "Actual Loops": 299113,
                    "Index Cond": "(movie_id = t.id)",
                    "Rows Removed by Index Recheck": 0,
                    "Heap Fetches": 5856489
                  }
                ]
              }
            ]
          }
        ]
      }
    ]
  },
  "Planning Time": 1.047,
  "Triggers": [],
  "Execution Time": 1964.297
}