[
  {
    "Plan": {
      "Node Type": "Aggregate",
      "Strategy": "Plain",
      "Partial Mode": "Finalize",
      "Parallel Aware": false,
      "Startup Cost": 73973.4,
      "Total Cost": 73973.41,
      "Plan Rows": 1,
      "Plan Width": 8,
      "Actual Startup Time": 122.688,
      "Actual Total Time": 136.738,
      "Actual Rows": 1,
      "Actual Loops": 1,
      "Plans": [
        {
          "Node Type": "Gather",
          "Parent Relationship": "Outer",
          "Parallel Aware": false,
          "Startup Cost": 73972.88,
          "Total Cost": 73973.39,
          "Plan Rows": 5,
          "Plan Width": 8,
          "Actual Startup Time": 122.578,
          "Actual Total Time": 136.728,
          "Actual Rows": 6,
          "Actual Loops": 1,
          "Workers Planned": 5,
          "Workers Launched": 5,
          "Single Copy": false,
          "Plans": [
            {
              "Node Type": "Aggregate",
              "Strategy": "Plain",
              "Partial Mode": "Partial",
              "Parent Relationship": "Outer",
              "Parallel Aware": false,
              "Startup Cost": 72972.88,
              "Total Cost": 72972.89,
              "Plan Rows": 1,
              "Plan Width": 8,
              "Actual Startup Time": 113.587,
              "Actual Total Time": 113.588,
              "Actual Rows": 1,
              "Actual Loops": 6,
              "Plans": [
                {
                  "Node Type": "Index Scan",
                  "Parent Relationship": "Outer",
                  "Parallel Aware": true,
                  "Scan Direction": "Forward",
                  "Index Name": "role_id_cast_info",
                  "Relation Name": "cast_info",
                  "Alias": "ci",
                  "Startup Cost": 0.56,
                  "Total Cost": 72913.16,
                  "Plan Rows": 23888,
                  "Plan Width": 0,
                  "Actual Startup Time": 0.217,
                  "Actual Total Time": 111.38,
                  "Actual Rows": 20485,
                  "Actual Loops": 6,
                  "Index Cond": "(role_id = 4)",
                  "Rows Removed by Index Recheck": 0,
                  "Filter": "(person_id < 166317)",
                  "Rows Removed by Filter": 434339
                }
              ]
            }
          ]
        }
      ]
    },
    "Planning Time": 0.204,
    "Triggers": [],
    "Execution Time": 136.795
  }
]