{
  "Plan": {
    "Node Type": "Aggregate",
    "Strategy": "Plain",
    "Partial Mode": "Finalize",
    "Parallel Aware": false,
    "Startup Cost": 242408.32,
    "Total Cost": 242408.33,
    "Plan Rows": 1,
    "Plan Width": 8,
    "Actual Startup Time": 749.357,
    "Actual Total Time": 768.212,
    "Actual Rows": 1,
    "Actual Loops": 1,
    "Plans": [
      {
        "Node Type": "Gather",
        "Parent Relationship": "Outer",
        "Parallel Aware": false,
        "Startup Cost": 242408.21,
        "Total Cost": 242408.32,
        "Plan Rows": 1,
        "Plan Width": 8,
        "Actual Startup Time": 743.113,
        "Actual Total Time": 768.204,
        "Actual Rows": 2,
        "Actual Loops": 1,
        "Workers Planned": 1,
        "Workers Launched": 1,
        "Single Copy": false,
        "Plans": [
          {
            "Node Type": "Aggregate",
            "Strategy": "Plain",
            "Partial Mode": "Partial",
            "Parent Relationship": "Outer",
            "Parallel Aware": false,
            "Startup Cost": 241408.21,
            "Total Cost": 241408.22,
            "Plan Rows": 1,
            "Plan Width": 8,
            "Actual Startup Time": 730.673,
            "Actual Total Time": 730.678,
            "Actual Rows": 1,
            "Actual Loops": 2,
            "Plans": [
              {
                "Node Type": "Hash Join",
                "Parent Relationship": "Outer",
                "Parallel Aware": true,
                "Join Type": "Inner",
                "Startup Cost": 75792.88,
                "Total Cost": 240894.4,
                "Plan Rows": 205522,
                "Plan Width": 0,
                "Actual Startup Time": 590.577,
                "Actual Total Time": 723.265,
                "Actual Rows": 164428,
                "Actual Loops": 2,
                "Inner Unique": true,
                "Hash Cond": "(mi.movie_id = t.id)",
                "Plans": [
                  {
                    "Node Type": "Bitmap Heap Scan",
                    "Parent Relationship": "Outer",
                    "Parallel Aware": true,
                    "Relation Name": "movie_info",
                    "Alias": "mi",
                    "Startup Cost": 6332.18,
                    "Total Cost": 170894.21,
                    "Plan Rows": 205522,
                    "Plan Width": 4,
                    "Actual Startup Time": 14.977,
                    "Actual Total Time": 68.959,
                    "Actual Rows": 164428,
                    "Actual Loops": 2,
                    "Recheck Cond": "(info_type_id = 98)",
                    "Rows Removed by Index Recheck": 0,
                    "Exact Heap Blocks": 14337,
                    "Lossy Heap Blocks": 0,
                    "Plans": [
                      {
                        "Node Type": "Bitmap Index Scan",
                        "Parent Relationship": "Outer",
                        "Parallel Aware": false,
                        "Index Name": "info_type_id_movie_info",
                        "Startup Cost": 0.0,
                        "Total Cost": 6244.84,
                        "Plan Rows": 349387,
                        "Plan Width": 0,
                        "Actual Startup Time": 11.312,
                        "Actual Total Time": 11.313,
                        "Actual Rows": 328857,
                        "Actual Loops": 1,
                        "Index Cond": "(info_type_id = 98)"
                      }
                    ]
                  },
                  {
                    "Node Type": "Hash",
                    "Parent Relationship": "Inner",
                    "Parallel Aware": true,
                    "Startup Cost": 50870.31,
                    "Total Cost": 50870.31,
                    "Plan Rows": 1487231,
                    "Plan Width": 4,
                    "Actual Startup Time": 553.607,
                    "Actual Total Time": 553.608,
                    "Actual Rows": 1264156,
                    "Actual Loops": 2,
                    "Hash Buckets": 4194304,
                    "Original Hash Buckets": 4194304,
                    "Hash Batches": 1,
                    "Original Hash Batches": 1,
                    "Peak Memory Usage": 131712,
                    "Plans": [
                      {
                        "Node Type": "Seq Scan",
                        "Parent Relationship": "Outer",
                        "Parallel Aware": true,
                        "Relation Name": "title",
                        "Alias": "t",
                        "Startup Cost": 0.0,
                        "Total Cost": 50870.31,
                        "Plan Rows": 1487231,
                        "Plan Width": 4,
                        "Actual Startup Time": 0.031,
                        "Actual Total Time": 156.342,
                        "Actual Rows": 1264156,
                        "Actual Loops": 2
                      }
                    ]
                  }
                ]
              }
            ]
          }
        ]
      }
    ]
  },
  "Planning Time": 0.657,
  "Triggers": [],
  "Execution Time": 768.299
}