[
  {
    "Plan": {
      "Node Type": "Aggregate",
      "Strategy": "Plain",
      "Partial Mode": "Finalize",
      "Parallel Aware": false,
      "Startup Cost": 46416.89,
      "Total Cost": 46416.9,
      "Plan Rows": 1,
      "Plan Width": 8,
      "Actual Startup Time": 143.804,
      "Actual Total Time": 153.258,
      "Actual Rows": 1,
      "Actual Loops": 1,
      "Plans": [
        {
          "Node Type": "Gather",
          "Parent Relationship": "Outer",
          "Parallel Aware": false,
          "Startup Cost": 46416.57,
          "Total Cost": 46416.88,
          "Plan Rows": 3,
          "Plan Width": 8,
          "Actual Startup Time": 143.674,
          "Actual Total Time": 153.252,
          "Actual Rows": 4,
          "Actual Loops": 1,
          "Workers Planned": 3,
          "Workers Launched": 3,
          "Single Copy": false,
          "Plans": [
            {
              "Node Type": "Aggregate",
              "Strategy": "Plain",
              "Partial Mode": "Partial",
              "Parent Relationship": "Outer",
              "Parallel Aware": false,
              "Startup Cost": 45416.57,
              "Total Cost": 45416.58,
              "Plan Rows": 1,
              "Plan Width": 8,
              "Actual Startup Time": 140.336,
              "Actual Total Time": 140.337,
              "Actual Rows": 1,
              "Actual Loops": 4,
              "Plans": [
                {
                  "Node Type": "Seq Scan",
                  "Parent Relationship": "Outer",
                  "Parallel Aware": true,
                  "Relation Name": "movie_keyword",
                  "Alias": "mk",
                  "Startup Cost": 0.0,
                  "Total Cost": 42695.65,
                  "Plan Rows": 1088367,
                  "Plan Width": 0,
                  "Actual Startup Time": 0.024,
                  "Actual Total Time": 105.478,
                  "Actual Rows": 842579,
                  "Actual Loops": 4,
                  "Filter": "(keyword_id < 16158)",
                  "Rows Removed by Filter": 288404
                }
              ]
            }
          ]
        }
      ]
    },
    "Planning Time": 0.081,
    "Triggers": [],
    "Execution Time": 153.286
  }
]