[
  {
    "Plan": {
      "Node Type": "Aggregate",
      "Strategy": "Plain",
      "Partial Mode": "Finalize",
      "Parallel Aware": false,
      "Startup Cost": 155746.97,
      "Total Cost": 155746.98,
      "Plan Rows": 1,
      "Plan Width": 8,
      "Actual Startup Time": 122.153,
      "Actual Total Time": 140.972,
      "Actual Rows": 1,
      "Actual Loops": 1,
      "Plans": [
        {
          "Node Type": "Gather",
          "Parent Relationship": "Outer",
          "Parallel Aware": false,
          "Startup Cost": 155746.55,
          "Total Cost": 155746.96,
          "Plan Rows": 4,
          "Plan Width": 8,
          "Actual Startup Time": 122.019,
          "Actual Total Time": 140.965,
          "Actual Rows": 5,
          "Actual Loops": 1,
          "Workers Planned": 4,
          "Workers Launched": 4,
          "Single Copy": false,
          "Plans": [
            {
              "Node Type": "Aggregate",
              "Strategy": "Plain",
              "Partial Mode": "Partial",
              "Parent Relationship": "Outer",
              "Parallel Aware": false,
              "Startup Cost": 154746.55,
              "Total Cost": 154746.56,
              "Plan Rows": 1,
              "Plan Width": 8,
              "Actual Startup Time": 112.478,
              "Actual Total Time": 112.479,
              "Actual Rows": 1,
              "Actual Loops": 5,
              "Plans": [
                {
                  "Node Type": "Nested Loop",
                  "Parent Relationship": "Outer",
                  "Parallel Aware": false,
                  "Join Type": "Inner",
                  "Startup Cost": 0.43,
                  "Total Cost": 154732.9,
                  "Plan Rows": 5461,
                  "Plan Width": 0,
                  "Actual Startup Time": 57.169,
                  "Actual Total Time": 111.778,
                  "Actual Rows": 10236,
                  "Actual Loops": 5,
                  "Inner Unique": false,
                  "Plans": [
                    {
                      "Node Type": "Seq Scan",
                      "Parent Relationship": "Outer",
                      "Parallel Aware": true,
                      "Relation Name": "title",
                      "Alias": "t",
                      "Startup Cost": 0.0,
                      "Total Cost": 45479.1,
                      "Plan Rows": 934,
                      "Plan Width": 4,
                      "Actual Startup Time": 57.078,
                      "Actual Total Time": 81.97,
                      "Actual Rows": 838,
                      "Actual Loops": 5,
                      "Filter": "((kind_id < 2) AND (production_year = 1981))",
                      "Rows Removed by Filter": 504825
                    },
                    {
                      "Node Type": "Index Only Scan",
                      "Parent Relationship": "Inner",
                      "Parallel Aware": false,
                      "Scan Direction": "Forward",
                      "Index Name": "movie_id_movie_info",
                      "Relation Name": "movie_info",
                      "Alias": "mi",
                      "Startup Cost": 0.43,
                      "Total Cost": 116.55,
                      "Plan Rows": 42,
                      "Plan Width": 4,
                      "Actual Startup Time": 0.013,
                      "Actual Total Time": 0.034,
                      "Actual Rows": 12,
                      "Actual Loops": 4189,
                      "Index Cond": "(movie_id = t.id)",
                      "Rows Removed by Index Recheck": 0,
                      "Heap Fetches": 51178
                    }
                  ]
                }
              ]
            }
          ]
        }
      ]
    },
    "Planning Time": 0.605,
    "Triggers": [],
    "Execution Time": 141.045
  }
]