[
  {
    "Plan": {
      "Node Type": "Aggregate",
      "Strategy": "Plain",
      "Partial Mode": "Finalize",
      "Parallel Aware": false,
      "Startup Cost": 296868.48,
      "Total Cost": 296868.49,
      "Plan Rows": 1,
      "Plan Width": 8,
      "Actual Startup Time": 869.315,
      "Actual Total Time": 927.036,
      "Actual Rows": 1,
      "Actual Loops": 1,
      "Plans": [
        {
          "Node Type": "Gather",
          "Parent Relationship": "Outer",
          "Parallel Aware": false,
          "Startup Cost": 296868.16,
          "Total Cost": 296868.47,
          "Plan Rows": 3,
          "Plan Width": 8,
          "Actual Startup Time": 867.84,
          "Actual Total Time": 927.016,
          "Actual Rows": 4,
          "Actual Loops": 1,
          "Workers Planned": 3,
          "Workers Launched": 3,
          "Single Copy": false,
          "Plans": [
            {
              "Node Type": "Aggregate",
              "Strategy": "Plain",
              "Partial Mode": "Partial",
              "Parent Relationship": "Outer",
              "Parallel Aware": false,
              "Startup Cost": 295868.16,
              "Total Cost": 295868.17,
              "Plan Rows": 1,
              "Plan Width": 8,
              "Actual Startup Time": 859.929,
              "Actual Total Time": 859.997,
              "Actual Rows": 1,
              "Actual Loops": 4,
              "Plans": [
                {
                  "Node Type": "Hash Join",
                  "Parent Relationship": "Outer",
                  "Parallel Aware": true,
                  "Join Type": "Inner",
                  "Startup Cost": 247243.68,
                  "Total Cost": 295493.92,
                  "Plan Rows": 149695,
                  "Plan Width": 0,
                  "Actual Startup Time": 634.652,
                  "Actual Total Time": 856.915,
                  "Actual Rows": 62840,
                  "Actual Loops": 4,
                  "Inner Unique": false,
                  "Hash Cond": "(mk.movie_id = t.id)",
                  "Plans": [
                    {
                      "Node Type": "Seq Scan",
                      "Parent Relationship": "Outer",
                      "Parallel Aware": true,
                      "Relation Name": "movie_keyword",
                      "Alias": "mk",
                      "Startup Cost": 0.0,
                      "Total Cost": 42695.65,
                      "Plan Rows": 1401387,
                      "Plan Width": 4,
                      "Actual Startup Time": 0.028,
                      "Actual Total Time": 134.216,
                      "Actual Rows": 1087718,
                      "Actual Loops": 4,
                      "Filter": "(keyword_id < 72034)",
                      "Rows Removed by Filter": 43264
                    },
                    {
                      "Node Type": "Hash",
                      "Parent Relationship": "Inner",
                      "Parallel Aware": true,
                      "Startup Cost": 246568.5,
                      "Total Cost": 246568.5,
                      "Plan Rows": 54014,
                      "Plan Width": 8,
                      "Actual Startup Time": 630.77,
                      "Actual Total Time": 630.836,
                      "Actual Rows": 25757,
                      "Actual Loops": 4,
                      "Hash Buckets": 524288,
                      "Original Hash Buckets": 524288,
                      "Hash Batches": 1,
                      "Original Hash Batches": 1,
                      "Peak Memory Usage": 8192,
                      "Plans": [
                        {
                          "Node Type": "Hash Join",
                          "Parent Relationship": "Outer",
                          "Parallel Aware": true,
                          "Join Type": "Inner",
                          "Startup Cost": 46400.39,
                          "Total Cost": 246568.5,
                          "Plan Rows": 54014,
                          "Plan Width": 8,
                          "Actual Startup Time": 145.707,
                          "Actual Total Time": 619.999,
                          "Actual Rows": 25757,
                          "Actual Loops": 4,
                          "Inner Unique": true,
                          "Hash Cond": "(mi.movie_id = t.id)",
                          "Plans": [
                            {
                              "Node Type": "Seq Scan",
                              "Parent Relationship": "Outer",
                              "Parallel Aware": true,
                              "Relation Name": "movie_info",
                              "Alias": "mi",
                              "Startup Cost": 0.0,
                              "Total Cost": 198952.16,
                              "Plan Rows": 463221,
                              "Plan Width": 4,
                              "Actual Startup Time": 23.146,
                              "Actual Total Time": 421.091,
                              "Actual Rows": 558462,
                              "Actual Loops": 4,
                              "Filter": "(info_type_id > 16)",
                              "Rows Removed by Filter": 3150468
                            },
                            {
                              "Node Type": "Hash",
                              "Parent Relationship": "Inner",
                              "Parallel Aware": true,
                              "Startup Cost": 45479.1,
                              "Total Cost": 45479.1,
                              "Plan Rows": 73703,
                              "Plan Width": 4,
                              "Actual Startup Time": 120.596,
                              "Actual Total Time": 120.597,
                              "Actual Rows": 48346,
                              "Actual Loops": 4,
                              "Hash Buckets": 524288,
                              "Original Hash Buckets": 524288,
                              "Hash Batches": 1,
                              "Original Hash Batches": 1,
                              "Peak Memory Usage": 11744,
                              "Plans": [
                                {
                                  "Node Type": "Seq Scan",
                                  "Parent Relationship": "Outer",
                                  "Parallel Aware": true,
                                  "Relation Name": "title",
                                  "Alias": "t",
                                  "Startup Cost": 0.0,
                                  "Total Cost": 45479.1,
                                  "Plan Rows": 73703,
                                  "Plan Width": 4,
                                  "Actual Startup Time": 0.037,
                                  "Actual Total Time": 97.184,
                                  "Actual Rows": 48346,
                                  "Actual Loops": 4,
                                  "Filter": "((production_year < 1979) AND (kind_id = 7))",
                                  "Rows Removed by Filter": 583732
                                }
                              ]
                            }
                          ]
                        }
                      ]
                    }
                  ]
                }
              ]
            }
          ]
        }
      ]
    },
    "Planning Time": 1.406,
    "Triggers": [],
    "Execution Time": 927.144
  }
]