[
  {
    "Plan": {
      "Node Type": "Aggregate",
      "Strategy": "Plain",
      "Partial Mode": "Finalize",
      "Parallel Aware": false,
      "Startup Cost": 589340.27,
      "Total Cost": 589340.28,
      "Plan Rows": 1,
      "Plan Width": 8,
      "Actual Startup Time": 3319.26,
      "Actual Total Time": 3373.344,
      "Actual Rows": 1,
      "Actual Loops": 1,
      "Plans": [
        {
          "Node Type": "Gather",
          "Parent Relationship": "Outer",
          "Parallel Aware": false,
          "Startup Cost": 589339.75,
          "Total Cost": 589340.26,
          "Plan Rows": 5,
          "Plan Width": 8,
          "Actual Startup Time": 3268.569,
          "Actual Total Time": 3373.332,
          "Actual Rows": 6,
          "Actual Loops": 1,
          "Workers Planned": 5,
          "Workers Launched": 5,
          "Single Copy": false,
          "Plans": [
            {
              "Node Type": "Aggregate",
              "Strategy": "Plain",
              "Partial Mode": "Partial",
              "Parent Relationship": "Outer",
              "Parallel Aware": false,
              "Startup Cost": 588339.75,
              "Total Cost": 588339.76,
              "Plan Rows": 1,
              "Plan Width": 8,
              "Actual Startup Time": 3250.974,
              "Actual Total Time": 3251.157,
              "Actual Rows": 1,
              "Actual Loops": 6,
              "Plans": [
                {
                  "Node Type": "Hash Join",
                  "Parent Relationship": "Outer",
                  "Parallel Aware": true,
                  "Join Type": "Inner",
                  "Startup Cost": 372995.37,
                  "Total Cost": 580674.83,
                  "Plan Rows": 3065968,
                  "Plan Width": 0,
                  "Actual Startup Time": 857.778,
                  "Actual Total Time": 2757.404,
                  "Actual Rows": 10942212,
                  "Actual Loops": 6,
                  "Inner Unique": false,
                  "Hash Cond": "(mi.movie_id = t.id)",
                  "Plans": [
                    {
                      "Node Type": "Seq Scan",
                      "Parent Relationship": "Outer",
                      "Parallel Aware": true,
                      "Relation Name": "movie_info",
                      "Alias": "mi",
                      "Startup Cost": 0.0,
                      "Total Cost": 191503.19,
                      "Plan Rows": 2951019,
                      "Plan Width": 4,
                      "Actual Startup Time": 0.023,
                      "Actual Total Time": 270.998,
                      "Actual Rows": 2472620,
                      "Actual Loops": 6
                    },
                    {
                      "Node Type": "Hash",
                      "Parent Relationship": "Inner",
                      "Parallel Aware": true,
                      "Startup Cost": 367522.86,
                      "Total Cost": 367522.86,
                      "Plan Rows": 437801,
                      "Plan Width": 8,
                      "Actual Startup Time": 850.177,
                      "Actual Total Time": 850.359,
                      "Actual Rows": 447436,
                      "Actual Loops": 6,
                      "Hash Buckets": 4194304,
                      "Original Hash Buckets": 4194304,
                      "Hash Batches": 1,
                      "Original Hash Batches": 1,
                      "Peak Memory Usage": 137856,
                      "Plans": [
                        {
                          "Node Type": "Hash Join",
                          "Parent Relationship": "Outer",
                          "Parallel Aware": true,
                          "Join Type": "Inner",
                          "Startup Cost": 108214.12,
                          "Total Cost": 367522.86,
                          "Plan Rows": 437801,
                          "Plan Width": 8,
                          "Actual Startup Time": 375.622,
                          "Actual Total Time": 661.232,
                          "Actual Rows": 447436,
                          "Actual Loops": 6,
                          "Inner Unique": true,
                          "Hash Cond": "(ci.movie_id = t.id)",
                          "Plans": [
                            {
                              "Node Type": "Bitmap Heap Scan",
                              "Parent Relationship": "Outer",
                              "Parallel Aware": true,
                              "Relation Name": "cast_info",
                              "Alias": "ci",
                              "Startup Cost": 57994.31,
                              "Total Cost": 316153.82,
                              "Plan Rows": 437801,
                              "Plan Width": 4,
                              "Actual Startup Time": 107.162,
                              "Actual Total Time": 190.915,
                              "Actual Rows": 447436,
                              "Actual Loops": 6,
                              "Recheck Cond": "(person_id > 3546143)",
                              "Rows Removed by Index Recheck": 0,
                              "Exact Heap Blocks": 5384,
                              "Lossy Heap Blocks": 0,
                              "Plans": [
                                {
                                  "Node Type": "Bitmap Index Scan",
                                  "Parent Relationship": "Outer",
                                  "Parallel Aware": false,
                                  "Index Name": "person_id_cast_info",
                                  "Startup Cost": 0.0,
                                  "Total Cost": 57337.61,
                                  "Plan Rows": 2626806,
                                  "Plan Width": 0,
                                  "Actual Startup Time": 100.818,
                                  "Actual Total Time": 100.819,
                                  "Actual Rows": 2684616,
                                  "Actual Loops": 1,
                                  "Index Cond": "(person_id > 3546143)"
                                }
                              ]
                            },
                            {
                              "Node Type": "Hash",
                              "Parent Relationship": "Inner",
                              "Parallel Aware": true,
                              "Startup Cost": 42318.81,
                              "Total Cost": 42318.81,
                              "Plan Rows": 632080,
                              "Plan Width": 4,
                              "Actual Startup Time": 262.763,
                              "Actual Total Time": 262.764,
                              "Actual Rows": 421385,
                              "Actual Loops": 6,
                              "Hash Buckets": 4194304,
                              "Original Hash Buckets": 4194304,
                              "Hash Batches": 1,
                              "Original Hash Batches": 1,
                              "Peak Memory Usage": 131808,
                              "Plans": [
                                {
                                  "Node Type": "Seq Scan",
                                  "Parent Relationship": "Outer",
                                  "Parallel Aware": true,
                                  "Relation Name": "title",
                                  "Alias": "t",
                                  "Startup Cost": 0.0,
                                  "Total Cost": 42318.81,
                                  "Plan Rows": 632080,
                                  "Plan Width": 4,
                                  "Actual Startup Time": 0.033,
                                  "Actual Total Time": 73.102,
                                  "Actual Rows": 421385,
                                  "Actual Loops": 6
                                }
                              ]
                            }
                          ]
                        }
                      ]
                    }
                  ]
                }
              ]
            }
          ]
        }
      ]
    },
    "Planning Time": 0.775,
    "Triggers": [],
    "Execution Time": 3373.411
  }
]