[
  {
    "Plan": {
      "Node Type": "Aggregate",
      "Strategy": "Plain",
      "Partial Mode": "Finalize",
      "Parallel Aware": false,
      "Startup Cost": 595069.7,
      "Total Cost": 595069.71,
      "Plan Rows": 1,
      "Plan Width": 8,
      "Actual Startup Time": 4169.891,
      "Actual Total Time": 4228.18,
      "Actual Rows": 1,
      "Actual Loops": 1,
      "Plans": [
        {
          "Node Type": "Gather",
          "Parent Relationship": "Outer",
          "Parallel Aware": false,
          "Startup Cost": 595069.18,
          "Total Cost": 595069.69,
          "Plan Rows": 5,
          "Plan Width": 8,
          "Actual Startup Time": 4114.299,
          "Actual Total Time": 4228.145,
          "Actual Rows": 6,
          "Actual Loops": 1,
          "Workers Planned": 5,
          "Workers Launched": 5,
          "Single Copy": false,
          "Plans": [
            {
              "Node Type": "Aggregate",
              "Strategy": "Plain",
              "Partial Mode": "Partial",
              "Parent Relationship": "Outer",
              "Parallel Aware": false,
              "Startup Cost": 594069.18,
              "Total Cost": 594069.19,
              "Plan Rows": 1,
              "Plan Width": 8,
              "Actual Startup Time": 4091.803,
              "Actual Total Time": 4092.11,
              "Actual Rows": 1,
              "Actual Loops": 6,
              "Plans": [
                {
                  "Node Type": "Hash Join",
                  "Parent Relationship": "Outer",
                  "Parallel Aware": true,
                  "Join Type": "Inner",
                  "Startup Cost": 377756.34,
                  "Total Cost": 585870.32,
                  "Plan Rows": 3279543,
                  "Plan Width": 0,
                  "Actual Startup Time": 1087.006,
                  "Actual Total Time": 3486.851,
                  "Actual Rows": 10942212,
                  "Actual Loops": 6,
                  "Inner Unique": false,
                  "Hash Cond": "(mi.movie_id = t.id)",
                  "Plans": [
                    {
                      "Node Type": "Seq Scan",
                      "Parent Relationship": "Outer",
                      "Parallel Aware": true,
                      "Relation Name": "movie_info",
                      "Alias": "mi",
                      "Startup Cost": 0.0,
                      "Total Cost": 191560.33,
                      "Plan Rows": 2956733,
                      "Plan Width": 4,
                      "Actual Startup Time": 0.037,
                      "Actual Total Time": 357.178,
                      "Actual Rows": 2472620,
                      "Actual Loops": 6
                    },
                    {
                      "Node Type": "Hash",
                      "Parent Relationship": "Inner",
                      "Parallel Aware": true,
                      "Startup Cost": 371913.99,
                      "Total Cost": 371913.99,
                      "Plan Rows": 467388,
                      "Plan Width": 8,
                      "Actual Startup Time": 1078.312,
                      "Actual Total Time": 1078.618,
                      "Actual Rows": 447436,
                      "Actual Loops": 6,
                      "Hash Buckets": 4194304,
                      "Original Hash Buckets": 4194304,
                      "Hash Batches": 1,
                      "Original Hash Batches": 1,
                      "Peak Memory Usage": 137888,
                      "Plans": [
                        {
                          "Node Type": "Hash Join",
                          "Parent Relationship": "Outer",
                          "Parallel Aware": true,
                          "Join Type": "Inner",
                          "Startup Cost": 112157.74,
                          "Total Cost": 371913.99,
                          "Plan Rows": 467388,
                          "Plan Width": 8,
                          "Actual Startup Time": 467.004,
                          "Actual Total Time": 847.699,
                          "Actual Rows": 447436,
                          "Actual Loops": 6,
                          "Inner Unique": true,
                          "Hash Cond": "(ci.movie_id = t.id)",
                          "Plans": [
                            {
                              "Node Type": "Bitmap Heap Scan",
                              "Parent Relationship": "Outer",
                              "Parallel Aware": true,
                              "Relation Name": "cast_info",
                              "Alias": "ci",
                              "Startup Cost": 61938.1,
                              "Total Cost": 320467.45,
                              "Plan Rows": 467388,
                              "Plan Width": 4,
                              "Actual Startup Time": 143.236,
                              "Actual Total Time": 251.089,
                              "Actual Rows": 447436,
                              "Actual Loops": 6,
                              "Recheck Cond": "(person_id > 3546143)",
                              "Rows Removed by Index Recheck": 0,
                              "Exact Heap Blocks": 6882,
                              "Lossy Heap Blocks": 0,
                              "Plans": [
                                {
                                  "Node Type": "Bitmap Index Scan",
                                  "Parent Relationship": "Outer",
                                  "Parallel Aware": false,
                                  "Index Name": "person_id_cast_info",
                                  "Startup Cost": 0.0,
                                  "Total Cost": 61237.02,
                                  "Plan Rows": 2804327,
                                  "Plan Width": 0,
                                  "Actual Startup Time": 132.953,
                                  "Actual Total Time": 132.954,
                                  "Actual Rows": 2684616,
                                  "Actual Loops": 1,
                                  "Index Cond": "(person_id > 3546143)"
                                }
                              ]
                            },
                            {
                              "Node Type": "Hash",
                              "Parent Relationship": "Inner",
                              "Parallel Aware": true,
                              "Startup Cost": 42318.73,
                              "Total Cost": 42318.73,
                              "Plan Rows": 632073,
                              "Plan Width": 4,
                              "Actual Startup Time": 318.218,
                              "Actual Total Time": 318.219,
                              "Actual Rows": 421385,
                              "Actual Loops": 6,
                              "Hash Buckets": 4194304,
                              "Original Hash Buckets": 4194304,
                              "Hash Batches": 1,
                              "Original Hash Batches": 1,
                              "Peak Memory Usage": 131744,
                              "Plans": [
                                {
                                  "Node Type": "Seq Scan",
                                  "Parent Relationship": "Outer",
                                  "Parallel Aware": true,
                                  "Relation Name": "title",
                                  "Alias": "t",
                                  "Startup Cost": 0.0,
                                  "Total Cost": 42318.73,
                                  "Plan Rows": 632073,
                                  "Plan Width": 4,
                                  "Actual Startup Time": 0.054,
                                  "Actual Total Time": 94.47,
                                  "Actual Rows": 421385,
                                  "Actual Loops": 6
                                }
                              ]
                            }
                          ]
                        }
                      ]
                    }
                  ]
                }
              ]
            }
          ]
        }
      ]
    },
    "Planning Time": 1.284,
    "Triggers": [],
    "Execution Time": 4228.294
  }
]