{
  "Plan": {
    "Node Type": "Aggregate",
    "Strategy": "Plain",
    "Partial Mode": "Simple",
    "Parallel Aware": false,
    "Startup Cost": 339751.61,
    "Total Cost": 339751.62,
    "Plan Rows": 1,
    "Plan Width": 64,
    "Actual Startup Time": 1983.753,
    "Actual Total Time": 2010.743,
    "Actual Rows": 1,
    "Actual Loops": 1,
    "Plans": [
      {
        "Node Type": "Hash Join",
        "Parent Relationship": "Outer",
        "Parallel Aware": false,
        "Join Type": "Inner",
        "Startup Cost": 335615.51,
        "Total Cost": 339751.42,
        "Plan Rows": 37,
        "Plan Width": 60,
        "Actual Startup Time": 1983.749,
        "Actual Total Time": 2010.738,
        "Actual Rows": 0,
        "Actual Loops": 1,
        "Inner Unique": false,
        "Hash Cond": "(k.id = mk.keyword_id)",
        "Plans": [
          {
            "Node Type": "Seq Scan",
            "Parent Relationship": "Outer",
            "Parallel Aware": false,
            "Relation Name": "keyword",
            "Alias": "k",
            "Startup Cost": 0.0,
            "Total Cost": 2290.7,
            "Plan Rows": 134170,
            "Plan Width": 4,
            "Actual Startup Time": 0.038,
            "Actual Total Time": 0.038,
            "Actual Rows": 1,
            "Actual Loops": 1
          },
          {
            "Node Type": "Hash",
            "Parent Relationship": "Inner",
            "Parallel Aware": false,
            "Startup Cost": 335615.05,
            "Total Cost": 335615.05,
            "Plan Rows": 37,
            "Plan Width": 64,
            "Actual Startup Time": 1983.654,
            "Actual Total Time": 2010.641,
            "Actual Rows": 0,
            "Actual Loops": 1,
            "Hash Buckets": 1024,
            "Original Hash Buckets": 1024,
            "Hash Batches": 1,
            "Original Hash Batches": 1,
            "Peak Memory Usage": 8,
            "Plans": [
              {
                "Node Type": "Gather",
                "Parent Relationship": "Outer",
                "Parallel Aware": false,
                "Startup Cost": 327348.41,
                "Total Cost": 335615.05,
                "Plan Rows": 37,
                "Plan Width": 64,
                "Actual Startup Time": 1983.653,
                "Actual Total Time": 2010.64,
                "Actual Rows": 0,
                "Actual Loops": 1,
                "Workers Planned": 2,
                "Workers Launched": 2,
                "Single Copy": false,
                "Plans": [
                  {
                    "Node Type": "Hash Join",
                    "Parent Relationship": "Outer",
                    "Parallel Aware": true,
                    "Join Type": "Inner",
                    "Startup Cost": 326348.41,
                    "Total Cost": 334611.35,
                    "Plan Rows": 15,
                    "Plan Width": 64,
                    "Actual Startup Time": 1973.548,
                    "Actual Total Time": 1973.559,
                    "Actual Rows": 0,
                    "Actual Loops": 3,
                    "Inner Unique": false,
                    "Hash Cond": "(at.movie_id = t.id)",
                    "Plans": [
                      {
                        "Node Type": "Seq Scan",
                        "Parent Relationship": "Outer",
                        "Parallel Aware": true,
                        "Relation Name": "aka_title",
                        "Alias": "at",
                        "Startup Cost": 0.0,
                        "Total Cost": 7698.13,
                        "Plan Rows": 150613,
                        "Plan Width": 4,
                        "Actual Startup Time": 0.0,
                        "Actual Total Time": 0.0,
                        "Actual Rows": 0,
                        "Actual Loops": 0
                      },
                      {
                        "Node Type": "Hash",
                        "Parent Relationship": "Inner",
                        "Parallel Aware": true,
                        "Startup Cost": 326348.35,
                        "Total Cost": 326348.35,
                        "Plan Rows": 5,
                        "Plan Width": 80,
                        "Actual Startup Time": 1973.067,
                        "Actual Total Time": 1973.076,
                        "Actual Rows": 0,
                        "Actual Loops": 3,
                        "Hash Buckets": 1024,
                        "Original Hash Buckets": 1024,
                        "Hash Batches": 1,
                        "Original Hash Batches": 1,
                        "Peak Memory Usage": 0,
                        "Plans": [
                          {
                            "Node Type": "Hash Join",
                            "Parent Relationship": "Outer",
                            "Parallel Aware": true,
                            "Join Type": "Inner",
                            "Startup Cost": 281828.52,
                            "Total Cost": 326348.35,
                            "Plan Rows": 5,
                            "Plan Width": 80,
                            "Actual Startup Time": 1972.887,
                            "Actual Total Time": 1972.895,
                            "Actual Rows": 0,
                            "Actual Loops": 3,
                            "Inner Unique": false,
                            "Hash Cond": "(mk.movie_id = t.id)",
                            "Plans": [
                              {
                                "Node Type": "Seq Scan",
                                "Parent Relationship": "Outer",
                                "Parallel Aware": true,
                                "Relation Name": "movie_keyword",
                                "Alias": "mk",
                                "Startup Cost": 0.0,
                                "Total Cost": 39047.32,
                                "Plan Rows": 1459332,
                                "Plan Width": 8,
                                "Actual Startup Time": 0.0,
                                "Actual Total Time": 0.0,
                                "Actual Rows": 0,
                                "Actual Loops": 0
                              },
                              {
                                "Node Type": "Hash",
                                "Parent Relationship": "Inner",
                                "Parallel Aware": true,
                                "Startup Cost": 281828.51,
                                "Total Cost": 281828.51,
                                "Plan Rows": 1,
                                "Plan Width": 72,
                                "Actual Startup Time": 1972.87,
                                "Actual Total Time": 1972.878,
                                "Actual Rows": 0,
                                "Actual Loops": 3,
                                "Hash Buckets": 1024,
                                "Original Hash Buckets": 1024,
                                "Hash Batches": 1,
                                "Original Hash Batches": 1,
                                "Peak Memory Usage": 0,
                                "Plans": [
                                  {
                                    "Node Type": "Nested Loop",
                                    "Parent Relationship": "Outer",
                                    "Parallel Aware": false,
                                    "Join Type": "Inner",
                                    "Startup Cost": 219392.39,
                                    "Total Cost": 281828.51,
                                    "Plan Rows": 1,
                                    "Plan Width": 72,
                                    "Actual Startup Time": 1972.759,
                                    "Actual Total Time": 1972.767,
                                    "Actual Rows": 0,
                                    "Actual Loops": 3,
                                    "Inner Unique": true,
                                    "Join Filter": "(mi.movie_id = t.id)",
                                    "Rows Removed by Join Filter": 0,
                                    "Plans": [
                                      {
                                        "Node Type": "Hash Join",
                                        "Parent Relationship": "Outer",
                                        "Parallel Aware": false,
                                        "Join Type": "Inner",
                                        "Startup Cost": 219391.96,
                                        "Total Cost": 281827.44,
                                        "Plan Rows": 2,
                                        "Plan Width": 51,
                                        "Actual Startup Time": 1567.829,
                                        "Actual Total Time": 1955.275,
                                        "Actual Rows": 882,
                                        "Actual Loops": 3,
                                        "Inner Unique": true,
                                        "Hash Cond": "(mi.info_type_id = it1.id)",
                                        "Plans": [
                                          {
                                            "Node Type": "Hash Join",
                                            "Parent Relationship": "Outer",
                                            "Parallel Aware": true,
                                            "Join Type": "Inner",
                                            "Startup Cost": 219389.53,
                                            "Total Cost": 281824.44,
                                            "Plan Rows": 212,
                                            "Plan Width": 55,
                                            "Actual Startup Time": 1567.678,
                                            "Actual Total Time": 1954.876,
                                            "Actual Rows": 882,
                                            "Actual Loops": 3,
                                            "Inner Unique": false,
                                            "Hash Cond": "(mc.movie_id = mi.movie_id)",
                                            "Plans": [
                                              {
                                                "Node Type": "Hash Join",
                                                "Parent Relationship": "Outer",
                                                "Parallel Aware": true,
                                                "Join Type": "Inner",
                                                "Startup Cost": 5355.86,
                                                "Total Cost": 39321.99,
                                                "Plan Rows": 307766,
                                                "Plan Width": 4,
                                                "Actual Startup Time": 35.267,
                                                "Actual Total Time": 394.69,
                                                "Actual Rows": 384599,
                                                "Actual Loops": 3,
                                                "Inner Unique": true,
                                                "Hash Cond": "(mc.company_id = cn.id)",
                                                "Plans": [
                                                  {
                                                    "Node Type": "Hash Join",
                                                    "Parent Relationship": "Outer",
                                                    "Parallel Aware": false,
                                                    "Join Type": "Inner",
                                                    "Startup Cost": 1.09,
                                                    "Total Cost": 31757.84,
                                                    "Plan Rows": 841655,
                                                    "Plan Width": 8,
                                                    "Actual Startup Time": 0.104,
                                                    "Actual Total Time": 246.14,
                                                    "Actual Rows": 869710,
                                                    "Actual Loops": 3,
                                                    "Inner Unique": true,
                                                    "Hash Cond": "(mc.company_type_id = ct.id)",
                                                    "Plans": [
                                                      {
                                                        "Node Type": "Seq Scan",
                                                        "Parent Relationship": "Outer",
                                                        "Parallel Aware": true,
                                                        "Relation Name": "movie_companies",
                                                        "Alias": "mc",
                                                        "Startup Cost": 0.0,
                                                        "Total Cost": 27206.55,
                                                        "Plan Rows": 841655,
                                                        "Plan Width": 12,
                                                        "Actual Startup Time": 0.023,
                                                        "Actual Total Time": 127.118,
                                                        "Actual Rows": 869710,
                                                        "Actual Loops": 3
                                                      },
                                                      {
                                                        "Node Type": "Hash",
                                                        "Parent Relationship": "Inner",
                                                        "Parallel Aware": false,
                                                        "Startup Cost": 1.04,
                                                        "Total Cost": 1.04,
                                                        "Plan Rows": 4,
                                                        "Plan Width": 4,
                                                        "Actual Startup Time": 0.046,
                                                        "Actual Total Time": 0.047,
                                                        "Actual Rows": 4,
                                                        "Actual Loops": 3,
                                                        "Hash Buckets": 1024,
                                                        "Original Hash Buckets": 1024,
                                                        "Hash Batches": 1,
                                                        "Original Hash Batches": 1,
                                                        "Peak Memory Usage": 9,
                                                        "Plans": [
                                                          {
                                                            "Node Type": "Seq Scan",
                                                            "Parent Relationship": "Outer",
                                                            "Parallel Aware": false,
                                                            "Relation Name": "company_type",
                                                            "Alias": "ct",
                                                            "Startup Cost": 0.0,
                                                            "Total Cost": 1.04,
                                                            "Plan Rows": 4,
                                                            "Plan Width": 4,
                                                            "Actual Startup Time": 0.033,
                                                            "Actual Total Time": 0.035,
                                                            "Actual Rows": 4,
                                                            "Actual Loops": 3
                                                          }
                                                        ]
                                                      }
                                                    ]
                                                  },
                                                  {
                                                    "Node Type": "Hash",
                                                    "Parent Relationship": "Inner",
                                                    "Parallel Aware": true,
                                                    "Startup Cost": 4722.92,
                                                    "Total Cost": 4722.92,
                                                    "Plan Rows": 50548,
                                                    "Plan Width": 4,
                                                    "Actual Startup Time": 34.725,
                                                    "Actual Total Time": 34.726,
                                                    "Actual Rows": 28281,
                                                    "Actual Loops": 3,
                                                    "Hash Buckets": 131072,
                                                    "Original Hash Buckets": 131072,
                                                    "Hash Batches": 1,
                                                    "Original Hash Batches": 1,
                                                    "Peak Memory Usage": 4384,
                                                    "Plans": [
                                                      {
                                                        "Node Type": "Seq Scan",
                                                        "Parent Relationship": "Outer",
                                                        "Parallel Aware": true,
                                                        "Relation Name": "company_name",
                                                        "Alias": "cn",
                                                        "Startup Cost": 0.0,
                                                        "Total Cost": 4722.92,
                                                        "Plan Rows": 50548,
                                                        "Plan Width": 4,
                                                        "Actual Startup Time": 0.063,
                                                        "Actual Total Time": 23.372,
                                                        "Actual Rows": 28281,
                                                        "Actual Loops": 3,
                                                        "Filter": "((country_code)::text = '[us]'::text)",
                                                        "Rows Removed by Filter": 50051
                                                      }
                                                    ]
                                                  }
                                                ]
                                              },
                                              {
                                                "Node Type": "Hash",
                                                "Parent Relationship": "Inner",
                                                "Parallel Aware": true,
                                                "Startup Cost": 214032.77,
                                                "Total Cost": 214032.77,
                                                "Plan Rows": 72,
                                                "Plan Width": 51,
                                                "Actual Startup Time": 1530.436,
                                                "Actual Total Time": 1530.436,
                                                "Actual Rows": 594,
                                                "Actual Loops": 3,
                                                "Hash Buckets": 2048,
                                                "Original Hash Buckets": 1024,
                                                "Hash Batches": 1,
                                                "Original Hash Batches": 1,
                                                "Peak Memory Usage": 216,
                                                "Plans": [
                                                  {
                                                    "Node Type": "Seq Scan",
                                                    "Parent Relationship": "Outer",
                                                    "Parallel Aware": true,
                                                    "Relation Name": "movie_info",
                                                    "Alias": "mi",
                                                    "Startup Cost": 0.0,
                                                    "Total Cost": 214032.77,
                                                    "Plan Rows": 72,
                                                    "Plan Width": 51,
                                                    "Actual Startup Time": 238.155,
                                                    "Actual Total Time": 771.849,
                                                    "Actual Rows": 594,
                                                    "Actual Loops": 3,
                                                    "Filter": "((info IS NOT NULL) AND (note ~~ '%internet%'::text) AND ((info ~~ 'USA:% 199%'::text) OR (info ~~ 'USA:% 200%'::text)))",
                                                    "Rows Removed by Filter": 4944646
                                                  }
                                                ]
                                              }
                                            ]
                                          },
                                          {
                                            "Node Type": "Hash",
                                            "Parent Relationship": "Inner",
                                            "Parallel Aware": false,
                                            "Startup Cost": 2.41,
                                            "Total Cost": 2.41,
                                            "Plan Rows": 1,
                                            "Plan Width": 4,
                                            "Actual Startup Time": 0.104,
                                            "Actual Total Time": 0.105,
                                            "Actual Rows": 1,
                                            "Actual Loops": 3,
                                            "Hash Buckets": 1024,
                                            "Original Hash Buckets": 1024,
                                            "Hash Batches": 1,
                                            "Original Hash Batches": 1,
                                            "Peak Memory Usage": 9,
                                            "Plans": [
                                              {
                                                "Node Type": "Seq Scan",
                                                "Parent Relationship": "Outer",
                                                "Parallel Aware": false,
                                                "Relation Name": "info_type",
                                                "Alias": "it1",
                                                "Startup Cost": 0.0,
                                                "Total Cost": 2.41,
                                                "Plan Rows": 1,
                                                "Plan Width": 4,
                                                "Actual Startup Time": 0.068,
                                                "Actual Total Time": 0.083,
                                                "Actual Rows": 1,
                                                "Actual Loops": 3,
                                                "Filter": "((info)::text = 'release dates'::text)",
                                                "Rows Removed by Filter": 112
                                              }
                                            ]
                                          }
                                        ]
                                      },
                                      {
                                        "Node Type": "Index Scan",
                                        "Parent Relationship": "Inner",
                                        "Parallel Aware": false,
                                        "Scan Direction": "Forward",
                                        "Index Name": "title_pkey",
                                        "Relation Name": "title",
                                        "Alias": "t",
                                        "Startup Cost": 0.43,
                                        "Total Cost": 0.52,
                                        "Plan Rows": 1,
                                        "Plan Width": 21,
                                        "Actual Startup Time": 0.019,
                                        "Actual Total Time": 0.019,
                                        "Actual Rows": 0,
                                        "Actual Loops": 2647,
                                        "Index Cond": "(id = mc.movie_id)",
                                        "Rows Removed by Index Recheck": 0,
                                        "Filter": "(production_year < 1978)",
                                        "Rows Removed by Filter": 1
                                      }
                                    ]
                                  }
                                ]
                              }
                            ]
                          }
                        ]
                      }
                    ]
                  }
                ]
              }
            ]
          }
        ]
      }
    ]
  },
  "Planning Time": 24.431,
  "Triggers": [],
  "Execution Time": 2011.27
}