[
  {
    "Plan": {
      "Node Type": "Aggregate",
      "Strategy": "Plain",
      "Partial Mode": "Finalize",
      "Parallel Aware": false,
      "Startup Cost": 32632.9,
      "Total Cost": 32632.91,
      "Plan Rows": 1,
      "Plan Width": 8,
      "Actual Startup Time": 91.919,
      "Actual Total Time": 99.766,
      "Actual Rows": 1,
      "Actual Loops": 1,
      "Plans": [
        {
          "Node Type": "Gather",
          "Parent Relationship": "Outer",
          "Parallel Aware": false,
          "Startup Cost": 32632.59,
          "Total Cost": 32632.9,
          "Plan Rows": 3,
          "Plan Width": 8,
          "Actual Startup Time": 91.812,
          "Actual Total Time": 99.757,
          "Actual Rows": 4,
          "Actual Loops": 1,
          "Workers Planned": 3,
          "Workers Launched": 3,
          "Single Copy": false,
          "Plans": [
            {
              "Node Type": "Aggregate",
              "Strategy": "Plain",
              "Partial Mode": "Partial",
              "Parent Relationship": "Outer",
              "Parallel Aware": false,
              "Startup Cost": 31632.59,
              "Total Cost": 31632.6,
              "Plan Rows": 1,
              "Plan Width": 8,
              "Actual Startup Time": 84.375,
              "Actual Total Time": 84.376,
              "Actual Rows": 1,
              "Actual Loops": 4,
              "Plans": [
                {
                  "Node Type": "Seq Scan",
                  "Parent Relationship": "Outer",
                  "Parallel Aware": true,
                  "Relation Name": "movie_companies",
                  "Alias": "mc",
                  "Startup Cost": 0.0,
                  "Total Cost": 31414.82,
                  "Plan Rows": 87107,
                  "Plan Width": 0,
                  "Actual Startup Time": 0.047,
                  "Actual Total Time": 76.612,
                  "Actual Rows": 100840,
                  "Actual Loops": 4,
                  "Filter": "((company_id < 537) AND (company_type_id = 1))",
                  "Rows Removed by Filter": 551442
                }
              ]
            }
          ]
        }
      ]
    },
    "Planning Time": 0.186,
    "Triggers": [],
    "Execution Time": 99.817
  }
]