{
  "Plan": {
    "Node Type": "Aggregate",
    "Strategy": "Plain",
    "Partial Mode": "Finalize",
    "Parallel Aware": false,
    "Startup Cost": 142723.1,
    "Total Cost": 142723.11,
    "Plan Rows": 1,
    "Plan Width": 8,
    "Actual Startup Time": 877.585,
    "Actual Total Time": 899.855,
    "Actual Rows": 1,
    "Actual Loops": 1,
    "Plans": [
      {
        "Node Type": "Gather",
        "Parent Relationship": "Outer",
        "Parallel Aware": false,
        "Startup Cost": 142722.98,
        "Total Cost": 142723.09,
        "Plan Rows": 1,
        "Plan Width": 8,
        "Actual Startup Time": 871.493,
        "Actual Total Time": 899.845,
        "Actual Rows": 2,
        "Actual Loops": 1,
        "Workers Planned": 1,
        "Workers Launched": 1,
        "Single Copy": false,
        "Plans": [
          {
            "Node Type": "Aggregate",
            "Strategy": "Plain",
            "Partial Mode": "Partial",
            "Parent Relationship": "Outer",
            "Parallel Aware": false,
            "Startup Cost": 141722.98,
            "Total Cost": 141722.99,
            "Plan Rows": 1,
            "Plan Width": 8,
            "Actual Startup Time": 857.592,
            "Actual Total Time": 857.598,
            "Actual Rows": 1,
            "Actual Loops": 2,
            "Plans": [
              {
                "Node Type": "Hash Join",
                "Parent Relationship": "Outer",
                "Parallel Aware": true,
                "Join Type": "Inner",
                "Startup Cost": 100476.5,
                "Total Cost": 141592.2,
                "Plan Rows": 52312,
                "Plan Width": 0,
                "Actual Startup Time": 646.746,
                "Actual Total Time": 843.002,
                "Actual Rows": 370826,
                "Actual Loops": 2,
                "Inner Unique": false,
                "Hash Cond": "(mc.movie_id = t.id)",
                "Plans": [
                  {
                    "Node Type": "Seq Scan",
                    "Parent Relationship": "Outer",
                    "Parallel Aware": true,
                    "Relation Name": "movie_companies",
                    "Alias": "mc",
                    "Startup Cost": 0.0,
                    "Total Cost": 37974.77,
                    "Plan Rows": 755522,
                    "Plan Width": 4,
                    "Actual Startup Time": 0.017,
                    "Actual Total Time": 108.855,
                    "Actual Rows": 637123,
                    "Actual Loops": 2,
                    "Filter": "(company_type_id < 2)",
                    "Rows Removed by Filter": 667442
                  },
                  {
                    "Node Type": "Hash",
                    "Parent Relationship": "Inner",
                    "Parallel Aware": true,
                    "Startup Cost": 99189.32,
                    "Total Cost": 99189.32,
                    "Plan Rows": 102975,
                    "Plan Width": 8,
                    "Actual Startup Time": 643.222,
                    "Actual Total Time": 643.227,
                    "Actual Rows": 94388,
                    "Actual Loops": 2,
                    "Hash Buckets": 262144,
                    "Original Hash Buckets": 262144,
                    "Hash Batches": 1,
                    "Original Hash Batches": 1,
                    "Peak Memory Usage": 9472,
                    "Plans": [
                      {
                        "Node Type": "Hash Join",
                        "Parent Relationship": "Outer",
                        "Parallel Aware": true,
                        "Join Type": "Inner",
                        "Startup Cost": 73177.82,
                        "Total Cost": 99189.32,
                        "Plan Rows": 102975,
                        "Plan Width": 8,
                        "Actual Startup Time": 532.369,
                        "Actual Total Time": 620.577,
                        "Actual Rows": 94388,
                        "Actual Loops": 2,
                        "Inner Unique": true,
                        "Hash Cond": "(mk.movie_id = t.id)",
                        "Plans": [
                          {
                            "Node Type": "Bitmap Heap Scan",
                            "Parent Relationship": "Outer",
                            "Parallel Aware": true,
                            "Relation Name": "movie_keyword",
                            "Alias": "mk",
                            "Startup Cost": 3717.12,
                            "Total Cost": 29458.31,
                            "Plan Rows": 102975,
                            "Plan Width": 4,
                            "Actual Startup Time": 13.8,
                            "Actual Total Time": 59.503,
                            "Actual Rows": 94388,
                            "Actual Loops": 2,
                            "Recheck Cond": "(keyword_id < 137)",
                            "Rows Removed by Index Recheck": 0,
                            "Exact Heap Blocks": 13649,
                            "Lossy Heap Blocks": 0,
                            "Plans": [
                              {
                                "Node Type": "Bitmap Index Scan",
                                "Parent Relationship": "Outer",
                                "Parallel Aware": false,
                                "Index Name": "keyword_id_movie_keyword",
                                "Startup Cost": 0.0,
                                "Total Cost": 3673.36,
                                "Plan Rows": 175057,
                                "Plan Width": 0,
                                "Actual Startup Time": 10.429,
                                "Actual Total Time": 10.429,
                                "Actual Rows": 188777,
                                "Actual Loops": 1,
                                "Index Cond": "(keyword_id < 137)"
                              }
                            ]
                          },
                          {
                            "Node Type": "Hash",
                            "Parent Relationship": "Inner",
                            "Parallel Aware": true,
                            "Startup Cost": 50870.31,
                            "Total Cost": 50870.31,
                            "Plan Rows": 1487231,
                            "Plan Width": 4,
                            "Actual Startup Time": 498.954,
                            "Actual Total Time": 498.955,
                            "Actual Rows": 1264156,
                            "Actual Loops": 2,
                            "Hash Buckets": 4194304,
                            "Original Hash Buckets": 4194304,
                            "Hash Batches": 1,
                            "Original Hash Batches": 1,
                            "Peak Memory Usage": 131712,
                            "Plans": [
                              {
                                "Node Type": "Seq Scan",
                                "Parent Relationship": "Outer",
                                "Parallel Aware": true,
                                "Relation Name": "title",
                                "Alias": "t",
                                "Startup Cost": 0.0,
                                "Total Cost": 50870.31,
                                "Plan Rows": 1487231,
                                "Plan Width": 4,
                                "Actual Startup Time": 0.025,
                                "Actual Total Time": 153.818,
                                "Actual Rows": 1264156,
                                "Actual Loops": 2
                              }
                            ]
                          }
                        ]
                      }
                    ]
                  }
                ]
              }
            ]
          }
        ]
      }
    ]
  },
  "Planning Time": 0.884,
  "Triggers": [],
  "Execution Time": 899.952
}