[
  {
    "Bao": {
      "Bao prediction": 2809.094,
      "Bao recommended hint": "SET enable_nestloop TO off; "
    }
  },
  {
    "Plan": {
      "Node Type": "Aggregate",
      "Strategy": "Plain",
      "Partial Mode": "Finalize",
      "Parallel Aware": false,
      "Startup Cost": 473654.86,
      "Total Cost": 473654.87,
      "Plan Rows": 1,
      "Plan Width": 64,
      "Actual Startup Time": 1869.598,
      "Actual Total Time": 1946.222,
      "Actual Rows": 1,
      "Actual Loops": 1,
      "Plans": [
        {
          "Node Type": "Gather",
          "Parent Relationship": "Outer",
          "Parallel Aware": false,
          "Startup Cost": 473654.22,
          "Total Cost": 473654.83,
          "Plan Rows": 6,
          "Plan Width": 64,
          "Actual Startup Time": 1834.139,
          "Actual Total Time": 1946.186,
          "Actual Rows": 7,
          "Actual Loops": 1,
          "Workers Planned": 6,
          "Workers Launched": 6,
          "Single Copy": false,
          "Plans": [
            {
              "Node Type": "Aggregate",
              "Strategy": "Plain",
              "Partial Mode": "Partial",
              "Parent Relationship": "Outer",
              "Parallel Aware": false,
              "Startup Cost": 472654.22,
              "Total Cost": 472654.23,
              "Plan Rows": 1,
              "Plan Width": 64,
              "Actual Startup Time": 1814.203,
              "Actual Total Time": 1814.222,
              "Actual Rows": 1,
              "Actual Loops": 7,
              "Plans": [
                {
                  "Node Type": "Hash Join",
                  "Parent Relationship": "Outer",
                  "Parallel Aware": false,
                  "Join Type": "Inner",
                  "Startup Cost": 140889.42,
                  "Total Cost": 471885.26,
                  "Plan Rows": 153791,
                  "Plan Width": 33,
                  "Actual Startup Time": 1482.677,
                  "Actual Total Time": 1814.204,
                  "Actual Rows": 1,
                  "Actual Loops": 7,
                  "Inner Unique": true,
                  "Hash Cond": "(ci.role_id = rt.id)",
                  "Plans": [
                    {
                      "Node Type": "Hash Join",
                      "Parent Relationship": "Outer",
                      "Parallel Aware": false,
                      "Join Type": "Inner",
                      "Startup Cost": 140888.15,
                      "Total Cost": 471337.71,
                      "Plan Rows": 153791,
                      "Plan Width": 37,
                      "Actual Startup Time": 1481.908,
                      "Actual Total Time": 1813.433,
                      "Actual Rows": 1,
                      "Actual Loops": 7,
                      "Inner Unique": true,
                      "Hash Cond": "(mc.company_type_id = ct.id)",
                      "Plans": [
                        {
                          "Node Type": "Hash Join",
                          "Parent Relationship": "Outer",
                          "Parallel Aware": true,
                          "Join Type": "Inner",
                          "Startup Cost": 140887.06,
                          "Total Cost": 470505.19,
                          "Plan Rows": 153791,
                          "Plan Width": 41,
                          "Actual Startup Time": 1481.76,
                          "Actual Total Time": 1813.28,
                          "Actual Rows": 1,
                          "Actual Loops": 7,
                          "Inner Unique": true,
                          "Hash Cond": "(ci.person_role_id = chn.id)",
                          "Plans": [
                            {
                              "Node Type": "Hash Join",
                              "Parent Relationship": "Outer",
                              "Parallel Aware": true,
                              "Join Type": "Inner",
                              "Startup Cost": 86775.14,
                              "Total Cost": 415989.57,
                              "Plan Rows": 153791,
                              "Plan Width": 29,
                              "Actual Startup Time": 771.654,
                              "Actual Total Time": 1396.02,
                              "Actual Rows": 111729,
                              "Actual Loops": 7,
                              "Inner Unique": false,
                              "Hash Cond": "(ci.movie_id = t.id)",
                              "Plans": [
                                {
                                  "Node Type": "Seq Scan",
                                  "Parent Relationship": "Outer",
                                  "Parallel Aware": true,
                                  "Relation Name": "cast_info",
                                  "Alias": "ci",
                                  "Startup Cost": 0.0,
                                  "Total Cost": 328224.13,
                                  "Plan Rows": 224754,
                                  "Plan Width": 12,
                                  "Actual Startup Time": 170.801,
                                  "Actual Total Time": 819.896,
                                  "Actual Rows": 205063,
                                  "Actual Loops": 7,
                                  "Filter": "(note ~~ '%(producer)%'::text)",
                                  "Rows Removed by Filter": 4972701
                                },
                                {
                                  "Node Type": "Hash",
                                  "Parent Relationship": "Inner",
                                  "Parallel Aware": true,
                                  "Startup Cost": 84701.34,
                                  "Total Cost": 84701.34,
                                  "Plan Rows": 165904,
                                  "Plan Width": 29,
                                  "Actual Startup Time": 494.693,
                                  "Actual Total Time": 494.702,
                                  "Actual Rows": 85179,
                                  "Actual Loops": 7,
                                  "Hash Buckets": 1048576,
                                  "Original Hash Buckets": 1048576,
                                  "Hash Batches": 1,
                                  "Original Hash Batches": 1,
                                  "Peak Memory Usage": 47488,
                                  "Plans": [
                                    {
                                      "Node Type": "Hash Join",
                                      "Parent Relationship": "Outer",
                                      "Parallel Aware": true,
                                      "Join Type": "Inner",
                                      "Startup Cost": 38617.78,
                                      "Total Cost": 84701.34,
                                      "Plan Rows": 165904,
                                      "Plan Width": 29,
                                      "Actual Startup Time": 266.865,
                                      "Actual Total Time": 453.301,
                                      "Actual Rows": 85179,
                                      "Actual Loops": 7,
                                      "Inner Unique": false,
                                      "Hash Cond": "(t.id = mc.movie_id)",
                                      "Plans": [
                                        {
                                          "Node Type": "Seq Scan",
                                          "Parent Relationship": "Outer",
                                          "Parallel Aware": true,
                                          "Relation Name": "title",
                                          "Alias": "t",
                                          "Startup Cost": 0.0,
                                          "Total Cost": 43899.59,
                                          "Plan Rows": 439680,
                                          "Plan Width": 21,
                                          "Actual Startup Time": 0.028,
                                          "Actual Total Time": 86.495,
                                          "Actual Rows": 249862,
                                          "Actual Loops": 7,
                                          "Filter": "(production_year > 1990)",
                                          "Rows Removed by Filter": 111326
                                        },
                                        {
                                          "Node Type": "Hash",
                                          "Parent Relationship": "Inner",
                                          "Parallel Aware": true,
                                          "Startup Cost": 34770.7,
                                          "Total Cost": 34770.7,
                                          "Plan Rows": 307766,
                                          "Plan Width": 8,
                                          "Actual Startup Time": 266.082,
                                          "Actual Total Time": 266.088,
                                          "Actual Rows": 164828,
                                          "Actual Loops": 7,
                                          "Hash Buckets": 2097152,
                                          "Original Hash Buckets": 1048576,
                                          "Hash Batches": 1,
                                          "Original Hash Batches": 1,
                                          "Peak Memory Usage": 69824,
                                          "Plans": [
                                            {
                                              "Node Type": "Hash Join",
                                              "Parent Relationship": "Outer",
                                              "Parallel Aware": true,
                                              "Join Type": "Inner",
                                              "Startup Cost": 5354.77,
                                              "Total Cost": 34770.7,
                                              "Plan Rows": 307766,
                                              "Plan Width": 8,
                                              "Actual Startup Time": 24.339,
                                              "Actual Total Time": 153.72,
                                              "Actual Rows": 164828,
                                              "Actual Loops": 7,
                                              "Inner Unique": true,
                                              "Hash Cond": "(mc.company_id = cn.id)",
                                              "Plans": [
                                                {
                                                  "Node Type": "Seq Scan",
                                                  "Parent Relationship": "Outer",
                                                  "Parallel Aware": true,
                                                  "Relation Name": "movie_companies",
                                                  "Alias": "mc",
                                                  "Startup Cost": 0.0,
                                                  "Total Cost": 27206.55,
                                                  "Plan Rows": 841655,
                                                  "Plan Width": 12,
                                                  "Actual Startup Time": 0.021,
                                                  "Actual Total Time": 50.809,
                                                  "Actual Rows": 372733,
                                                  "Actual Loops": 7
                                                },
                                                {
                                                  "Node Type": "Hash",
                                                  "Parent Relationship": "Inner",
                                                  "Parallel Aware": true,
                                                  "Startup Cost": 4722.92,
                                                  "Total Cost": 4722.92,
                                                  "Plan Rows": 50548,
                                                  "Plan Width": 4,
                                                  "Actual Startup Time": 22.485,
                                                  "Actual Total Time": 22.487,
                                                  "Actual Rows": 12120,
                                                  "Actual Loops": 7,
                                                  "Hash Buckets": 131072,
                                                  "Original Hash Buckets": 131072,
                                                  "Hash Batches": 1,
                                                  "Original Hash Batches": 1,
                                                  "Peak Memory Usage": 4480,
                                                  "Plans": [
                                                    {
                                                      "Node Type": "Seq Scan",
                                                      "Parent Relationship": "Outer",
                                                      "Parallel Aware": true,
                                                      "Relation Name": "company_name",
                                                      "Alias": "cn",
                                                      "Startup Cost": 0.0,
                                                      "Total Cost": 4722.92,
                                                      "Plan Rows": 50548,
                                                      "Plan Width": 4,
                                                      "Actual Startup Time": 0.04,
                                                      "Actual Total Time": 8.813,
                                                      "Actual Rows": 12120,
                                                      "Actual Loops": 7,
                                                      "Filter": "((country_code)::text = '[us]'::text)",
                                                      "Rows Removed by Filter": 21451
                                                    }
                                                  ]
                                                }
                                              ]
                                            }
                                          ]
                                        }
                                      ]
                                    }
                                  ]
                                }
                              ]
                            },
                            {
                              "Node Type": "Hash",
                              "Parent Relationship": "Inner",
                              "Parallel Aware": true,
                              "Startup Cost": 44298.63,
                              "Total Cost": 44298.63,
                              "Plan Rows": 785063,
                              "Plan Width": 20,
                              "Actual Startup Time": 403.199,
                              "Actual Total Time": 403.2,
                              "Actual Rows": 448620,
                              "Actual Loops": 7,
                              "Hash Buckets": 4194304,
                              "Original Hash Buckets": 4194304,
                              "Hash Batches": 1,
                              "Original Hash Batches": 1,
                              "Peak Memory Usage": 205152,
                              "Plans": [
                                {
                                  "Node Type": "Seq Scan",
                                  "Parent Relationship": "Outer",
                                  "Parallel Aware": true,
                                  "Relation Name": "char_name",
                                  "Alias": "chn",
                                  "Startup Cost": 0.0,
                                  "Total Cost": 44298.63,
                                  "Plan Rows": 785063,
                                  "Plan Width": 20,
                                  "Actual Startup Time": 0.073,
                                  "Actual Total Time": 108.304,
                                  "Actual Rows": 448620,
                                  "Actual Loops": 7
                                }
                              ]
                            }
                          ]
                        },
                        {
                          "Node Type": "Hash",
                          "Parent Relationship": "Inner",
                          "Parallel Aware": false,
                          "Startup Cost": 1.04,
                          "Total Cost": 1.04,
                          "Plan Rows": 4,
                          "Plan Width": 4,
                          "Actual Startup Time": 0.082,
                          "Actual Total Time": 0.083,
                          "Actual Rows": 4,
                          "Actual Loops": 7,
                          "Hash Buckets": 1024,
                          "Original Hash Buckets": 1024,
                          "Hash Batches": 1,
                          "Original Hash Batches": 1,
                          "Peak Memory Usage": 9,
                          "Plans": [
                            {
                              "Node Type": "Seq Scan",
                              "Parent Relationship": "Outer",
                              "Parallel Aware": false,
                              "Relation Name": "company_type",
                              "Alias": "ct",
                              "Startup Cost": 0.0,
                              "Total Cost": 1.04,
                              "Plan Rows": 4,
                              "Plan Width": 4,
                              "Actual Startup Time": 0.056,
                              "Actual Total Time": 0.059,
                              "Actual Rows": 4,
                              "Actual Loops": 7
                            }
                          ]
                        }
                      ]
                    },
                    {
                      "Node Type": "Hash",
                      "Parent Relationship": "Inner",
                      "Parallel Aware": false,
                      "Startup Cost": 1.12,
                      "Total Cost": 1.12,
                      "Plan Rows": 12,
                      "Plan Width": 4,
                      "Actual Startup Time": 0.095,
                      "Actual Total Time": 0.096,
                      "Actual Rows": 12,
                      "Actual Loops": 7,
                      "Hash Buckets": 1024,
                      "Original Hash Buckets": 1024,
                      "Hash Batches": 1,
                      "Original Hash Batches": 1,
                      "Peak Memory Usage": 9,
                      "Plans": [
                        {
                          "Node Type": "Seq Scan",
                          "Parent Relationship": "Outer",
                          "Parallel Aware": false,
                          "Relation Name": "role_type",
                          "Alias": "rt",
                          "Startup Cost": 0.0,
                          "Total Cost": 1.12,
                          "Plan Rows": 12,
                          "Plan Width": 4,
                          "Actual Startup Time": 0.052,
                          "Actual Total Time": 0.059,
                          "Actual Rows": 12,
                          "Actual Loops": 7
                        }
                      ]
                    }
                  ]
                }
              ]
            }
          ]
        }
      ]
    },
    "Planning Time": 399.058,
    "Triggers": [],
    "Execution Time": 1946.818
  }
]