{
  "Plan": {
    "Node Type": "Aggregate",
    "Strategy": "Plain",
    "Partial Mode": "Finalize",
    "Parallel Aware": false,
    "Startup Cost": 118305.23,
    "Total Cost": 118305.24,
    "Plan Rows": 1,
    "Plan Width": 8,
    "Actual Startup Time": 488.446,
    "Actual Total Time": 504.924,
    "Actual Rows": 1,
    "Actual Loops": 1,
    "Plans": [
      {
        "Node Type": "Gather",
        "Parent Relationship": "Outer",
        "Parallel Aware": false,
        "Startup Cost": 118305.12,
        "Total Cost": 118305.23,
        "Plan Rows": 1,
        "Plan Width": 8,
        "Actual Startup Time": 488.237,
        "Actual Total Time": 504.918,
        "Actual Rows": 2,
        "Actual Loops": 1,
        "Workers Planned": 1,
        "Workers Launched": 1,
        "Single Copy": false,
        "Plans": [
          {
            "Node Type": "Aggregate",
            "Strategy": "Plain",
            "Partial Mode": "Partial",
            "Parent Relationship": "Outer",
            "Parallel Aware": false,
            "Startup Cost": 117305.12,
            "Total Cost": 117305.13,
            "Plan Rows": 1,
            "Plan Width": 8,
            "Actual Startup Time": 484.508,
            "Actual Total Time": 484.51,
            "Actual Rows": 1,
            "Actual Loops": 2,
            "Plans": [
              {
                "Node Type": "Hash Join",
                "Parent Relationship": "Outer",
                "Parallel Aware": true,
                "Join Type": "Inner",
                "Startup Cost": 59004.48,
                "Total Cost": 117055.32,
                "Plan Rows": 99918,
                "Plan Width": 0,
                "Actual Startup Time": 148.487,
                "Actual Total Time": 482.54,
                "Actual Rows": 43544,
                "Actual Loops": 2,
                "Inner Unique": true,
                "Hash Cond": "(mk.movie_id = t.id)",
                "Plans": [
                  {
                    "Node Type": "Seq Scan",
                    "Parent Relationship": "Outer",
                    "Parallel Aware": true,
                    "Relation Name": "movie_keyword",
                    "Alias": "mk",
                    "Startup Cost": 0.0,
                    "Total Cost": 51065.35,
                    "Plan Rows": 2661135,
                    "Plan Width": 4,
                    "Actual Startup Time": 0.015,
                    "Actual Total Time": 160.58,
                    "Actual Rows": 2261965,
                    "Actual Loops": 2
                  },
                  {
                    "Node Type": "Hash",
                    "Parent Relationship": "Inner",
                    "Parallel Aware": true,
                    "Startup Cost": 58306.47,
                    "Total Cost": 58306.47,
                    "Plan Rows": 55841,
                    "Plan Width": 4,
                    "Actual Startup Time": 147.395,
                    "Actual Total Time": 147.396,
                    "Actual Rows": 50296,
                    "Actual Loops": 2,
                    "Hash Buckets": 131072,
                    "Original Hash Buckets": 131072,
                    "Hash Batches": 1,
                    "Original Hash Batches": 1,
                    "Peak Memory Usage": 4992,
                    "Plans": [
                      {
                        "Node Type": "Seq Scan",
                        "Parent Relationship": "Outer",
                        "Parallel Aware": true,
                        "Relation Name": "title",
                        "Alias": "t",
                        "Startup Cost": 0.0,
                        "Total Cost": 58306.47,
                        "Plan Rows": 55841,
                        "Plan Width": 4,
                        "Actual Startup Time": 0.032,
                        "Actual Total Time": 134.712,
                        "Actual Rows": 50296,
                        "Actual Loops": 2,
                        "Filter": "((kind_id > 1) AND (production_year = 2009))",
                        "Rows Removed by Filter": 1213860
                      }
                    ]
                  }
                ]
              }
            ]
          }
        ]
      }
    ]
  },
  "Planning Time": 0.21,
  "Triggers": [],
  "Execution Time": 504.985
}