[
    {
        "Bao": {
            "Bao prediction": "NaN",
            "Bao recommended hint": "(no hint)"
        }
    },
    {
        "Plan": {
            "Node Type": "Aggregate",
            "Strategy": "Plain",
            "Partial Mode": "Simple",
            "Parallel Aware": false,
            "Startup Cost": 26577.32,
            "Total Cost": 26577.33,
            "Plan Rows": 1,
            "Plan Width": 8,
            "Actual Startup Time": 24.962,
            "Actual Total Time": 24.963,
            "Actual Rows": 1,
            "Actual Loops": 1,
            "Output": [
                "count(*)"
            ],
            "Plans": [
                {
                    "Node Type": "Bitmap Heap Scan",
                    "Parent Relationship": "Outer",
                    "Parallel Aware": false,
                    "Relation Name": "movie_keyword",
                    "Schema": "public",
                    "Alias": "mk",
                    "Startup Cost": 950.09,
                    "Total Cost": 26465.82,
                    "Plan Rows": 44601,
                    "Plan Width": 0,
                    "Actual Startup Time": 5.155,
                    "Actual Total Time": 23.278,
                    "Actual Rows": 34728,
                    "Actual Loops": 1,
                    "Recheck Cond": "(mk.keyword_id < 42)",
                    "Rows Removed by Index Recheck": 0,
                    "Exact Heap Blocks": 12307,
                    "Lossy Heap Blocks": 0,
                    "Plans": [
                        {
                            "Node Type": "Bitmap Index Scan",
                            "Parent Relationship": "Outer",
                            "Parallel Aware": false,
                            "Index Name": "keyword_id_movie_keyword",
                            "Startup Cost": 0.0,
                            "Total Cost": 938.94,
                            "Plan Rows": 44601,
                            "Plan Width": 0,
                            "Actual Startup Time": 3.294,
                            "Actual Total Time": 3.295,
                            "Actual Rows": 34728,
                            "Actual Loops": 1,
                            "Index Cond": "(mk.keyword_id < 42)"
                        }
                    ]
                }
            ]
        },
        "Planning Time": 177.036,
        "Triggers": [],
        "Execution Time": 25.04
    }
]