{
  "Plan": {
    "Node Type": "Aggregate",
    "Strategy": "Plain",
    "Partial Mode": "Finalize",
    "Parallel Aware": false,
    "Startup Cost": 98348.79,
    "Total Cost": 98348.8,
    "Plan Rows": 1,
    "Plan Width": 8,
    "Actual Startup Time": 281.599,
    "Actual Total Time": 293.257,
    "Actual Rows": 1,
    "Actual Loops": 1,
    "Plans": [
      {
        "Node Type": "Gather",
        "Parent Relationship": "Outer",
        "Parallel Aware": false,
        "Startup Cost": 98348.67,
        "Total Cost": 98348.78,
        "Plan Rows": 1,
        "Plan Width": 8,
        "Actual Startup Time": 281.372,
        "Actual Total Time": 293.248,
        "Actual Rows": 2,
        "Actual Loops": 1,
        "Workers Planned": 1,
        "Workers Launched": 1,
        "Single Copy": false,
        "Plans": [
          {
            "Node Type": "Aggregate",
            "Strategy": "Plain",
            "Partial Mode": "Partial",
            "Parent Relationship": "Outer",
            "Parallel Aware": false,
            "Startup Cost": 97348.67,
            "Total Cost": 97348.68,
            "Plan Rows": 1,
            "Plan Width": 8,
            "Actual Startup Time": 275.337,
            "Actual Total Time": 275.341,
            "Actual Rows": 1,
            "Actual Loops": 2,
            "Plans": [
              {
                "Node Type": "Hash Join",
                "Parent Relationship": "Outer",
                "Parallel Aware": true,
                "Join Type": "Inner",
                "Startup Cost": 53782.03,
                "Total Cost": 97339.25,
                "Plan Rows": 3768,
                "Plan Width": 0,
                "Actual Startup Time": 208.126,
                "Actual Total Time": 275.167,
                "Actual Rows": 2306,
                "Actual Loops": 2,
                "Inner Unique": true,
                "Hash Cond": "(mc.movie_id = t.id)",
                "Plans": [
                  {
                    "Node Type": "Seq Scan",
                    "Parent Relationship": "Outer",
                    "Parallel Aware": true,
                    "Relation Name": "movie_companies",
                    "Alias": "mc",
                    "Startup Cost": 0.0,
                    "Total Cost": 41811.73,
                    "Plan Rows": 664952,
                    "Plan Width": 4,
                    "Actual Startup Time": 61.579,
                    "Actual Total Time": 138.662,
                    "Actual Rows": 472714,
                    "Actual Loops": 2,
                    "Filter": "((company_id < 83328) AND (company_type_id > 1))",
                    "Rows Removed by Filter": 831850
                  },
                  {
                    "Node Type": "Hash",
                    "Parent Relationship": "Inner",
                    "Parallel Aware": true,
                    "Startup Cost": 53676.69,
                    "Total Cost": 53676.69,
                    "Plan Rows": 8427,
                    "Plan Width": 4,
                    "Actual Startup Time": 98.774,
                    "Actual Total Time": 98.775,
                    "Actual Rows": 3789,
                    "Actual Loops": 2,
                    "Hash Buckets": 16384,
                    "Original Hash Buckets": 16384,
                    "Hash Batches": 1,
                    "Original Hash Batches": 1,
                    "Peak Memory Usage": 448,
                    "Plans": [
                      {
                        "Node Type": "Bitmap Heap Scan",
                        "Parent Relationship": "Outer",
                        "Parallel Aware": true,
                        "Relation Name": "title",
                        "Alias": "t",
                        "Startup Cost": 11826.43,
                        "Total Cost": 53676.69,
                        "Plan Rows": 8427,
                        "Plan Width": 4,
                        "Actual Startup Time": 32.695,
                        "Actual Total Time": 97.418,
                        "Actual Rows": 3789,
                        "Actual Loops": 2,
                        "Recheck Cond": "(kind_id = 1)",
                        "Rows Removed by Index Recheck": 0,
                        "Filter": "(production_year = 1999)",
                        "Rows Removed by Filter": 327624,
                        "Exact Heap Blocks": 9722,
                        "Lossy Heap Blocks": 0,
                        "Plans": [
                          {
                            "Node Type": "Bitmap Index Scan",
                            "Parent Relationship": "Outer",
                            "Parallel Aware": false,
                            "Index Name": "kind_id_title",
                            "Startup Cost": 0.0,
                            "Total Cost": 11822.85,
                            "Plan Rows": 663256,
                            "Plan Width": 0,
                            "Actual Startup Time": 35.824,
                            "Actual Total Time": 35.824,
                            "Actual Rows": 662825,
                            "Actual Loops": 1,
                            "Index Cond": "(kind_id = 1)"
                          }
                        ]
                      }
                    ]
                  }
                ]
              }
            ]
          }
        ]
      }
    ]
  },
  "Planning Time": 0.378,
  "Triggers": [],
  "Execution Time": 293.325
}