[
  {
    "Plan": {
      "Node Type": "Aggregate",
      "Strategy": "Plain",
      "Partial Mode": "Finalize",
      "Parallel Aware": false,
      "Startup Cost": 46874.9,
      "Total Cost": 46874.91,
      "Plan Rows": 1,
      "Plan Width": 8,
      "Actual Startup Time": 93.323,
      "Actual Total Time": 103.689,
      "Actual Rows": 1,
      "Actual Loops": 1,
      "Plans": [
        {
          "Node Type": "Gather",
          "Parent Relationship": "Outer",
          "Parallel Aware": false,
          "Startup Cost": 46874.48,
          "Total Cost": 46874.89,
          "Plan Rows": 4,
          "Plan Width": 8,
          "Actual Startup Time": 93.169,
          "Actual Total Time": 103.679,
          "Actual Rows": 5,
          "Actual Loops": 1,
          "Workers Planned": 4,
          "Workers Launched": 4,
          "Single Copy": false,
          "Plans": [
            {
              "Node Type": "Aggregate",
              "Strategy": "Plain",
              "Partial Mode": "Partial",
              "Parent Relationship": "Outer",
              "Parallel Aware": false,
              "Startup Cost": 45874.48,
              "Total Cost": 45874.49,
              "Plan Rows": 1,
              "Plan Width": 8,
              "Actual Startup Time": 87.258,
              "Actual Total Time": 87.259,
              "Actual Rows": 1,
              "Actual Loops": 5,
              "Plans": [
                {
                  "Node Type": "Seq Scan",
                  "Parent Relationship": "Outer",
                  "Parallel Aware": true,
                  "Relation Name": "title",
                  "Alias": "t",
                  "Startup Cost": 0.0,
                  "Total Cost": 45479.1,
                  "Plan Rows": 158154,
                  "Plan Width": 0,
                  "Actual Startup Time": 0.029,
                  "Actual Total Time": 81.939,
                  "Actual Rows": 106517,
                  "Actual Loops": 5,
                  "Filter": "((kind_id < 7) AND (production_year > 1995))",
                  "Rows Removed by Filter": 399146
                }
              ]
            }
          ]
        }
      ]
    },
    "Planning Time": 0.191,
    "Triggers": [],
    "Execution Time": 103.76
  }
]