[
  {
    "Plan": {
      "Node Type": "Aggregate",
      "Strategy": "Plain",
      "Partial Mode": "Finalize",
      "Parallel Aware": false,
      "Startup Cost": 299848.86,
      "Total Cost": 299848.87,
      "Plan Rows": 1,
      "Plan Width": 8,
      "Actual Startup Time": 1663.877,
      "Actual Total Time": 1719.923,
      "Actual Rows": 1,
      "Actual Loops": 1,
      "Plans": [
        {
          "Node Type": "Gather",
          "Parent Relationship": "Outer",
          "Parallel Aware": false,
          "Startup Cost": 299848.33,
          "Total Cost": 299848.84,
          "Plan Rows": 5,
          "Plan Width": 8,
          "Actual Startup Time": 1632.637,
          "Actual Total Time": 1719.908,
          "Actual Rows": 6,
          "Actual Loops": 1,
          "Workers Planned": 5,
          "Workers Launched": 5,
          "Single Copy": false,
          "Plans": [
            {
              "Node Type": "Aggregate",
              "Strategy": "Plain",
              "Partial Mode": "Partial",
              "Parent Relationship": "Outer",
              "Parallel Aware": false,
              "Startup Cost": 298848.33,
              "Total Cost": 298848.34,
              "Plan Rows": 1,
              "Plan Width": 8,
              "Actual Startup Time": 1621.284,
              "Actual Total Time": 1621.44,
              "Actual Rows": 1,
              "Actual Loops": 6,
              "Plans": [
                {
                  "Node Type": "Hash Join",
                  "Parent Relationship": "Outer",
                  "Parallel Aware": true,
                  "Join Type": "Inner",
                  "Startup Cost": 92285.88,
                  "Total Cost": 297139.24,
                  "Plan Rows": 683638,
                  "Plan Width": 0,
                  "Actual Startup Time": 464.575,
                  "Actual Total Time": 1450.244,
                  "Actual Rows": 3866282,
                  "Actual Loops": 6,
                  "Inner Unique": false,
                  "Hash Cond": "(mi.movie_id = t.id)",
                  "Plans": [
                    {
                      "Node Type": "Seq Scan",
                      "Parent Relationship": "Outer",
                      "Parallel Aware": true,
                      "Relation Name": "movie_info",
                      "Alias": "mi",
                      "Startup Cost": 0.0,
                      "Total Cost": 191560.33,
                      "Plan Rows": 2956733,
                      "Plan Width": 4,
                      "Actual Startup Time": 0.036,
                      "Actual Total Time": 311.633,
                      "Actual Rows": 2472620,
                      "Actual Loops": 6
                    },
                    {
                      "Node Type": "Hash",
                      "Parent Relationship": "Inner",
                      "Parallel Aware": true,
                      "Startup Cost": 89928.72,
                      "Total Cost": 89928.72,
                      "Plan Rows": 188573,
                      "Plan Width": 8,
                      "Actual Startup Time": 460.024,
                      "Actual Total Time": 460.177,
                      "Actual Rows": 99507,
                      "Actual Loops": 6,
                      "Hash Buckets": 1048576,
                      "Original Hash Buckets": 1048576,
                      "Hash Batches": 1,
                      "Original Hash Batches": 1,
                      "Peak Memory Usage": 31648,
                      "Plans": [
                        {
                          "Node Type": "Hash Join",
                          "Parent Relationship": "Outer",
                          "Parallel Aware": true,
                          "Join Type": "Inner",
                          "Startup Cost": 62622.55,
                          "Total Cost": 89928.72,
                          "Plan Rows": 188573,
                          "Plan Width": 8,
                          "Actual Startup Time": 318.119,
                          "Actual Total Time": 413.474,
                          "Actual Rows": 99507,
                          "Actual Loops": 6,
                          "Inner Unique": true,
                          "Hash Cond": "(mk.movie_id = t.id)",
                          "Plans": [
                            {
                              "Node Type": "Bitmap Heap Scan",
                              "Parent Relationship": "Outer",
                              "Parallel Aware": true,
                              "Relation Name": "movie_keyword",
                              "Alias": "mk",
                              "Startup Cost": 12402.9,
                              "Total Cost": 39214.07,
                              "Plan Rows": 188573,
                              "Plan Width": 4,
                              "Actual Startup Time": 34.132,
                              "Actual Total Time": 84.868,
                              "Actual Rows": 99507,
                              "Actual Loops": 6,
                              "Recheck Cond": "(keyword_id < 438)",
                              "Rows Removed by Index Recheck": 0,
                              "Exact Heap Blocks": 4775,
                              "Lossy Heap Blocks": 0,
                              "Plans": [
                                {
                                  "Node Type": "Bitmap Index Scan",
                                  "Parent Relationship": "Outer",
                                  "Parallel Aware": false,
                                  "Index Name": "keyword_id_movie_keyword",
                                  "Startup Cost": 0.0,
                                  "Total Cost": 12256.76,
                                  "Plan Rows": 584577,
                                  "Plan Width": 0,
                                  "Actual Startup Time": 30.375,
                                  "Actual Total Time": 30.376,
                                  "Actual Rows": 597043,
                                  "Actual Loops": 1,
                                  "Index Cond": "(keyword_id < 438)"
                                }
                              ]
                            },
                            {
                              "Node Type": "Hash",
                              "Parent Relationship": "Inner",
                              "Parallel Aware": true,
                              "Startup Cost": 42318.73,
                              "Total Cost": 42318.73,
                              "Plan Rows": 632073,
                              "Plan Width": 4,
                              "Actual Startup Time": 278.622,
                              "Actual Total Time": 278.622,
                              "Actual Rows": 421385,
                              "Actual Loops": 6,
                              "Hash Buckets": 4194304,
                              "Original Hash Buckets": 4194304,
                              "Hash Batches": 1,
                              "Original Hash Batches": 1,
                              "Peak Memory Usage": 131808,
                              "Plans": [
                                {
                                  "Node Type": "Seq Scan",
                                  "Parent Relationship": "Outer",
                                  "Parallel Aware": true,
                                  "Relation Name": "title",
                                  "Alias": "t",
                                  "Startup Cost": 0.0,
                                  "Total Cost": 42318.73,
                                  "Plan Rows": 632073,
                                  "Plan Width": 4,
                                  "Actual Startup Time": 0.048,
                                  "Actual Total Time": 80.173,
                                  "Actual Rows": 421385,
                                  "Actual Loops": 6
                                }
                              ]
                            }
                          ]
                        }
                      ]
                    }
                  ]
                }
              ]
            }
          ]
        }
      ]
    },
    "Planning Time": 1.35,
    "Triggers": [],
    "Execution Time": 1720.038
  }
]