[
  {
    "Plan": {
      "Node Type": "Aggregate",
      "Strategy": "Plain",
      "Partial Mode": "Finalize",
      "Parallel Aware": false,
      "Startup Cost": 46852.08,
      "Total Cost": 46852.09,
      "Plan Rows": 1,
      "Plan Width": 8,
      "Actual Startup Time": 99.2,
      "Actual Total Time": 110.457,
      "Actual Rows": 1,
      "Actual Loops": 1,
      "Plans": [
        {
          "Node Type": "Gather",
          "Parent Relationship": "Outer",
          "Parallel Aware": false,
          "Startup Cost": 46851.66,
          "Total Cost": 46852.07,
          "Plan Rows": 4,
          "Plan Width": 8,
          "Actual Startup Time": 99.026,
          "Actual Total Time": 110.45,
          "Actual Rows": 5,
          "Actual Loops": 1,
          "Workers Planned": 4,
          "Workers Launched": 4,
          "Single Copy": false,
          "Plans": [
            {
              "Node Type": "Aggregate",
              "Strategy": "Plain",
              "Partial Mode": "Partial",
              "Parent Relationship": "Outer",
              "Parallel Aware": false,
              "Startup Cost": 45851.66,
              "Total Cost": 45851.67,
              "Plan Rows": 1,
              "Plan Width": 8,
              "Actual Startup Time": 90.907,
              "Actual Total Time": 90.908,
              "Actual Rows": 1,
              "Actual Loops": 5,
              "Plans": [
                {
                  "Node Type": "Seq Scan",
                  "Parent Relationship": "Outer",
                  "Parallel Aware": true,
                  "Relation Name": "title",
                  "Alias": "t",
                  "Startup Cost": 0.0,
                  "Total Cost": 45479.59,
                  "Plan Rows": 148830,
                  "Plan Width": 0,
                  "Actual Startup Time": 41.365,
                  "Actual Total Time": 86.589,
                  "Actual Rows": 96925,
                  "Actual Loops": 5,
                  "Filter": "((kind_id < 2) AND (production_year > 1953))",
                  "Rows Removed by Filter": 408737
                }
              ]
            }
          ]
        }
      ]
    },
    "Planning Time": 0.085,
    "Triggers": [],
    "Execution Time": 110.487
  }
]