[
  {
    "Plan": {
      "Node Type": "Aggregate",
      "Strategy": "Plain",
      "Partial Mode": "Finalize",
      "Parallel Aware": false,
      "Startup Cost": 179888.08,
      "Total Cost": 179888.09,
      "Plan Rows": 1,
      "Plan Width": 8,
      "Actual Startup Time": 1826.223,
      "Actual Total Time": 1915.355,
      "Actual Rows": 1,
      "Actual Loops": 1,
      "Plans": [
        {
          "Node Type": "Gather",
          "Parent Relationship": "Outer",
          "Parallel Aware": false,
          "Startup Cost": 179887.77,
          "Total Cost": 179888.08,
          "Plan Rows": 3,
          "Plan Width": 8,
          "Actual Startup Time": 1824.981,
          "Actual Total Time": 1915.346,
          "Actual Rows": 4,
          "Actual Loops": 1,
          "Workers Planned": 3,
          "Workers Launched": 3,
          "Single Copy": false,
          "Plans": [
            {
              "Node Type": "Aggregate",
              "Strategy": "Plain",
              "Partial Mode": "Partial",
              "Parent Relationship": "Outer",
              "Parallel Aware": false,
              "Startup Cost": 178887.77,
              "Total Cost": 178887.78,
              "Plan Rows": 1,
              "Plan Width": 8,
              "Actual Startup Time": 1814.741,
              "Actual Total Time": 1814.745,
              "Actual Rows": 1,
              "Actual Loops": 4,
              "Plans": [
                {
                  "Node Type": "Nested Loop",
                  "Parent Relationship": "Outer",
                  "Parallel Aware": false,
                  "Join Type": "Inner",
                  "Startup Cost": 46284.79,
                  "Total Cost": 178525.66,
                  "Plan Rows": 144842,
                  "Plan Width": 0,
                  "Actual Startup Time": 166.947,
                  "Actual Total Time": 1788.905,
                  "Actual Rows": 563386,
                  "Actual Loops": 4,
                  "Inner Unique": false,
                  "Join Filter": "(t.id = ci.movie_id)",
                  "Rows Removed by Join Filter": 0,
                  "Plans": [
                    {
                      "Node Type": "Hash Join",
                      "Parent Relationship": "Outer",
                      "Parallel Aware": true,
                      "Join Type": "Inner",
                      "Startup Cost": 46284.22,
                      "Total Cost": 78525.82,
                      "Plan Rows": 32096,
                      "Plan Width": 8,
                      "Actual Startup Time": 166.766,
                      "Actual Total Time": 304.135,
                      "Actual Rows": 79147,
                      "Actual Loops": 4,
                      "Inner Unique": true,
                      "Hash Cond": "(mc.movie_id = t.id)",
                      "Plans": [
                        {
                          "Node Type": "Seq Scan",
                          "Parent Relationship": "Outer",
                          "Parallel Aware": true,
                          "Relation Name": "movie_companies",
                          "Alias": "mc",
                          "Startup Cost": 0.0,
                          "Total Cost": 31414.82,
                          "Plan Rows": 314965,
                          "Plan Width": 4,
                          "Actual Startup Time": 30.141,
                          "Actual Total Time": 69.454,
                          "Actual Rows": 285193,
                          "Actual Loops": 4,
                          "Filter": "((company_id > 1160) AND (company_type_id > 1))",
                          "Rows Removed by Filter": 367089
                        },
                        {
                          "Node Type": "Hash",
                          "Parent Relationship": "Inner",
                          "Parallel Aware": true,
                          "Startup Cost": 45479.1,
                          "Total Cost": 45479.1,
                          "Plan Rows": 64410,
                          "Plan Width": 4,
                          "Actual Startup Time": 134.294,
                          "Actual Total Time": 134.294,
                          "Actual Rows": 93486,
                          "Actual Loops": 4,
                          "Hash Buckets": 524288,
                          "Original Hash Buckets": 262144,
                          "Hash Batches": 1,
                          "Original Hash Batches": 1,
                          "Peak Memory Usage": 20832,
                          "Plans": [
                            {
                              "Node Type": "Seq Scan",
                              "Parent Relationship": "Outer",
                              "Parallel Aware": true,
                              "Relation Name": "title",
                              "Alias": "t",
                              "Startup Cost": 0.0,
                              "Total Cost": 45479.1,
                              "Plan Rows": 64410,
                              "Plan Width": 4,
                              "Actual Startup Time": 0.066,
                              "Actual Total Time": 97.414,
                              "Actual Rows": 93486,
                              "Actual Loops": 4,
                              "Filter": "((kind_id < 7) AND (production_year < 1989))",
                              "Rows Removed by Filter": 538592
                            }
                          ]
                        }
                      ]
                    },
                    {
                      "Node Type": "Index Scan",
                      "Parent Relationship": "Inner",
                      "Parallel Aware": false,
                      "Scan Direction": "Forward",
                      "Index Name": "movie_id_cast_info",
                      "Relation Name": "cast_info",
                      "Alias": "ci",
                      "Startup Cost": 0.56,
                      "Total Cost": 2.97,
                      "Plan Rows": 12,
                      "Plan Width": 4,
                      "Actual Startup Time": 0.004,
                      "Actual Total Time": 0.018,
                      "Actual Rows": 7,
                      "Actual Loops": 316587,
                      "Index Cond": "(movie_id = mc.movie_id)",
                      "Rows Removed by Index Recheck": 0,
                      "Filter": "((person_id < 3505849) AND (role_id = 1))",
                      "Rows Removed by Filter": 9
                    }
                  ]
                }
              ]
            }
          ]
        }
      ]
    },
    "Planning Time": 1.465,
    "Triggers": [],
    "Execution Time": 1915.462
  }
]