{
  "Plan": {
    "Node Type": "Aggregate",
    "Strategy": "Plain",
    "Partial Mode": "Finalize",
    "Parallel Aware": false,
    "Startup Cost": 75415.84,
    "Total Cost": 75415.85,
    "Plan Rows": 1,
    "Plan Width": 8,
    "Actual Startup Time": 238.457,
    "Actual Total Time": 251.618,
    "Actual Rows": 1,
    "Actual Loops": 1,
    "Plans": [
      {
        "Node Type": "Gather",
        "Parent Relationship": "Outer",
        "Parallel Aware": false,
        "Startup Cost": 75415.73,
        "Total Cost": 75415.84,
        "Plan Rows": 1,
        "Plan Width": 8,
        "Actual Startup Time": 237.964,
        "Actual Total Time": 251.61,
        "Actual Rows": 2,
        "Actual Loops": 1,
        "Workers Planned": 1,
        "Workers Launched": 1,
        "Single Copy": false,
        "Plans": [
          {
            "Node Type": "Aggregate",
            "Strategy": "Plain",
            "Partial Mode": "Partial",
            "Parent Relationship": "Outer",
            "Parallel Aware": false,
            "Startup Cost": 74415.73,
            "Total Cost": 74415.74,
            "Plan Rows": 1,
            "Plan Width": 8,
            "Actual Startup Time": 232.24,
            "Actual Total Time": 232.243,
            "Actual Rows": 1,
            "Actual Loops": 2,
            "Plans": [
              {
                "Node Type": "Hash Join",
                "Parent Relationship": "Outer",
                "Parallel Aware": true,
                "Join Type": "Inner",
                "Startup Cost": 55585.25,
                "Total Cost": 74379.37,
                "Plan Rows": 14541,
                "Plan Width": 0,
                "Actual Startup Time": 170.22,
                "Actual Total Time": 231.843,
                "Actual Rows": 8112,
                "Actual Loops": 2,
                "Inner Unique": true,
                "Hash Cond": "(mi_idx.movie_id = t.id)",
                "Plans": [
                  {
                    "Node Type": "Seq Scan",
                    "Parent Relationship": "Outer",
                    "Parallel Aware": true,
                    "Relation Name": "movie_info_idx",
                    "Alias": "mi_idx",
                    "Startup Cost": 0.0,
                    "Total Cost": 18082.32,
                    "Plan Rows": 271164,
                    "Plan Width": 4,
                    "Actual Startup Time": 0.019,
                    "Actual Total Time": 50.349,
                    "Actual Rows": 230092,
                    "Actual Loops": 2,
                    "Filter": "(info_type_id > 100)",
                    "Rows Removed by Filter": 459925
                  },
                  {
                    "Node Type": "Hash",
                    "Parent Relationship": "Inner",
                    "Parallel Aware": true,
                    "Startup Cost": 54588.39,
                    "Total Cost": 54588.39,
                    "Plan Rows": 79749,
                    "Plan Width": 4,
                    "Actual Startup Time": 148.795,
                    "Actual Total Time": 148.795,
                    "Actual Rows": 67959,
                    "Actual Loops": 2,
                    "Hash Buckets": 262144,
                    "Original Hash Buckets": 262144,
                    "Hash Batches": 1,
                    "Original Hash Batches": 1,
                    "Peak Memory Usage": 7392,
                    "Plans": [
                      {
                        "Node Type": "Seq Scan",
                        "Parent Relationship": "Outer",
                        "Parallel Aware": true,
                        "Relation Name": "title",
                        "Alias": "t",
                        "Startup Cost": 0.0,
                        "Total Cost": 54588.39,
                        "Plan Rows": 79749,
                        "Plan Width": 4,
                        "Actual Startup Time": 29.813,
                        "Actual Total Time": 133.913,
                        "Actual Rows": 67959,
                        "Actual Loops": 2,
                        "Filter": "(production_year < 1938)",
                        "Rows Removed by Filter": 1196197
                      }
                    ]
                  }
                ]
              }
            ]
          }
        ]
      }
    ]
  },
  "Planning Time": 0.431,
  "Triggers": [],
  "Execution Time": 251.686
}