{
  "Plan": {
    "Node Type": "Aggregate",
    "Strategy": "Plain",
    "Partial Mode": "Finalize",
    "Parallel Aware": false,
    "Startup Cost": 224953.33,
    "Total Cost": 224953.34,
    "Plan Rows": 1,
    "Plan Width": 8,
    "Actual Startup Time": 773.37,
    "Actual Total Time": 790.833,
    "Actual Rows": 1,
    "Actual Loops": 1,
    "Plans": [
      {
        "Node Type": "Gather",
        "Parent Relationship": "Outer",
        "Parallel Aware": false,
        "Startup Cost": 224953.21,
        "Total Cost": 224953.32,
        "Plan Rows": 1,
        "Plan Width": 8,
        "Actual Startup Time": 767.993,
        "Actual Total Time": 790.825,
        "Actual Rows": 2,
        "Actual Loops": 1,
        "Workers Planned": 1,
        "Workers Launched": 1,
        "Single Copy": false,
        "Plans": [
          {
            "Node Type": "Aggregate",
            "Strategy": "Plain",
            "Partial Mode": "Partial",
            "Parent Relationship": "Outer",
            "Parallel Aware": false,
            "Startup Cost": 223953.21,
            "Total Cost": 223953.22,
            "Plan Rows": 1,
            "Plan Width": 8,
            "Actual Startup Time": 756.1,
            "Actual Total Time": 756.103,
            "Actual Rows": 1,
            "Actual Loops": 2,
            "Plans": [
              {
                "Node Type": "Nested Loop",
                "Parent Relationship": "Outer",
                "Parallel Aware": false,
                "Join Type": "Inner",
                "Startup Cost": 70731.88,
                "Total Cost": 223847.02,
                "Plan Rows": 42478,
                "Plan Width": 0,
                "Actual Startup Time": 530.802,
                "Actual Total Time": 736.833,
                "Actual Rows": 460329,
                "Actual Loops": 2,
                "Inner Unique": false,
                "Plans": [
                  {
                    "Node Type": "Hash Join",
                    "Parent Relationship": "Outer",
                    "Parallel Aware": true,
                    "Join Type": "Inner",
                    "Startup Cost": 70731.45,
                    "Total Cost": 198643.97,
                    "Plan Rows": 41162,
                    "Plan Width": 8,
                    "Actual Startup Time": 530.737,
                    "Actual Total Time": 552.408,
                    "Actual Rows": 34012,
                    "Actual Loops": 2,
                    "Inner Unique": true,
                    "Hash Cond": "(mi.movie_id = t.id)",
                    "Plans": [
                      {
                        "Node Type": "Bitmap Heap Scan",
                        "Parent Relationship": "Outer",
                        "Parallel Aware": true,
                        "Relation Name": "movie_info",
                        "Alias": "mi",
                        "Startup Cost": 1270.75,
                        "Total Cost": 129075.22,
                        "Plan Rows": 41162,
                        "Plan Width": 4,
                        "Actual Startup Time": 3.549,
                        "Actual Total Time": 10.089,
                        "Actual Rows": 34012,
                        "Actual Loops": 2,
                        "Recheck Cond": "(info_type_id = 94)",
                        "Rows Removed by Index Recheck": 0,
                        "Exact Heap Blocks": 1150,
                        "Lossy Heap Blocks": 0,
                        "Plans": [
                          {
                            "Node Type": "Bitmap Index Scan",
                            "Parent Relationship": "Outer",
                            "Parallel Aware": false,
                            "Index Name": "info_type_id_movie_info",
                            "Startup Cost": 0.0,
                            "Total Cost": 1253.25,
                            "Plan Rows": 69976,
                            "Plan Width": 0,
                            "Actual Startup Time": 3.214,
                            "Actual Total Time": 3.215,
                            "Actual Rows": 68025,
                            "Actual Loops": 1,
                            "Index Cond": "(info_type_id = 94)"
                          }
                        ]
                      },
                      {
                        "Node Type": "Hash",
                        "Parent Relationship": "Inner",
                        "Parallel Aware": true,
                        "Startup Cost": 50870.31,
                        "Total Cost": 50870.31,
                        "Plan Rows": 1487231,
                        "Plan Width": 4,
                        "Actual Startup Time": 505.689,
                        "Actual Total Time": 505.69,
                        "Actual Rows": 1264156,
                        "Actual Loops": 2,
                        "Hash Buckets": 4194304,
                        "Original Hash Buckets": 4194304,
                        "Hash Batches": 1,
                        "Original Hash Batches": 1,
                        "Peak Memory Usage": 131712,
                        "Plans": [
                          {
                            "Node Type": "Seq Scan",
                            "Parent Relationship": "Outer",
                            "Parallel Aware": true,
                            "Relation Name": "title",
                            "Alias": "t",
                            "Startup Cost": 0.0,
                            "Total Cost": 50870.31,
                            "Plan Rows": 1487231,
                            "Plan Width": 4,
                            "Actual Startup Time": 0.024,
                            "Actual Total Time": 149.611,
                            "Actual Rows": 1264156,
                            "Actual Loops": 2
                          }
                        ]
                      }
                    ]
                  },
                  {
                    "Node Type": "Index Only Scan",
                    "Parent Relationship": "Inner",
                    "Parallel Aware": false,
                    "Scan Direction": "Forward",
                    "Index Name": "movie_id_movie_companies",
                    "Relation Name": "movie_companies",
                    "Alias": "mc",
                    "Startup Cost": 0.43,
                    "Total Cost": 0.56,
                    "Plan Rows": 5,
                    "Plan Width": 4,
                    "Actual Startup Time": 0.002,
                    "Actual Total Time": 0.004,
                    "Actual Rows": 14,
                    "Actual Loops": 68025,
                    "Index Cond": "(movie_id = t.id)",
                    "Rows Removed by Index Recheck": 0,
                    "Heap Fetches": 920658
                  }
                ]
              }
            ]
          }
        ]
      }
    ]
  },
  "Planning Time": 0.87,
  "Triggers": [],
  "Execution Time": 790.931
}