{
  "Plan": {
    "Node Type": "Aggregate",
    "Strategy": "Plain",
    "Partial Mode": "Finalize",
    "Parallel Aware": false,
    "Startup Cost": 134787.39,
    "Total Cost": 134787.4,
    "Plan Rows": 1,
    "Plan Width": 8,
    "Actual Startup Time": 775.55,
    "Actual Total Time": 815.842,
    "Actual Rows": 1,
    "Actual Loops": 1,
    "Plans": [
      {
        "Node Type": "Gather",
        "Parent Relationship": "Outer",
        "Parallel Aware": false,
        "Startup Cost": 134787.28,
        "Total Cost": 134787.39,
        "Plan Rows": 1,
        "Plan Width": 8,
        "Actual Startup Time": 775.522,
        "Actual Total Time": 815.837,
        "Actual Rows": 2,
        "Actual Loops": 1,
        "Workers Planned": 1,
        "Workers Launched": 1,
        "Single Copy": false,
        "Plans": [
          {
            "Node Type": "Aggregate",
            "Strategy": "Plain",
            "Partial Mode": "Partial",
            "Parent Relationship": "Outer",
            "Parallel Aware": false,
            "Startup Cost": 133787.28,
            "Total Cost": 133787.29,
            "Plan Rows": 1,
            "Plan Width": 8,
            "Actual Startup Time": 769.581,
            "Actual Total Time": 769.584,
            "Actual Rows": 1,
            "Actual Loops": 2,
            "Plans": [
              {
                "Node Type": "Nested Loop",
                "Parent Relationship": "Outer",
                "Parallel Aware": false,
                "Join Type": "Inner",
                "Startup Cost": 59003.33,
                "Total Cost": 133507.17,
                "Plan Rows": 112042,
                "Plan Width": 0,
                "Actual Startup Time": 161.376,
                "Actual Total Time": 735.563,
                "Actual Rows": 794510,
                "Actual Loops": 2,
                "Inner Unique": false,
                "Join Filter": "(t.id = mi.movie_id)",
                "Rows Removed by Join Filter": 0,
                "Plans": [
                  {
                    "Node Type": "Hash Join",
                    "Parent Relationship": "Outer",
                    "Parallel Aware": true,
                    "Join Type": "Inner",
                    "Startup Cost": 59002.89,
                    "Total Cost": 78504.34,
                    "Plan Rows": 20252,
                    "Plan Width": 8,
                    "Actual Startup Time": 161.313,
                    "Actual Total Time": 285.102,
                    "Actual Rows": 41659,
                    "Actual Loops": 2,
                    "Inner Unique": true,
                    "Hash Cond": "(mi_idx.movie_id = t.id)",
                    "Plans": [
                      {
                        "Node Type": "Seq Scan",
                        "Parent Relationship": "Outer",
                        "Parallel Aware": true,
                        "Relation Name": "movie_info_idx",
                        "Alias": "mi_idx",
                        "Startup Cost": 0.0,
                        "Total Cost": 18082.32,
                        "Plan Rows": 540622,
                        "Plan Width": 4,
                        "Actual Startup Time": 0.018,
                        "Actual Total Time": 56.016,
                        "Actual Rows": 459925,
                        "Actual Loops": 2,
                        "Filter": "(info_type_id < 101)",
                        "Rows Removed by Filter": 230092
                      },
                      {
                        "Node Type": "Hash",
                        "Parent Relationship": "Inner",
                        "Parallel Aware": true,
                        "Startup Cost": 58306.47,
                        "Total Cost": 58306.47,
                        "Plan Rows": 55714,
                        "Plan Width": 4,
                        "Actual Startup Time": 158.742,
                        "Actual Total Time": 158.742,
                        "Actual Rows": 99548,
                        "Actual Loops": 2,
                        "Hash Buckets": 262144,
                        "Original Hash Buckets": 131072,
                        "Hash Batches": 1,
                        "Original Hash Batches": 1,
                        "Peak Memory Usage": 10912,
                        "Plans": [
                          {
                            "Node Type": "Seq Scan",
                            "Parent Relationship": "Outer",
                            "Parallel Aware": true,
                            "Relation Name": "title",
                            "Alias": "t",
                            "Startup Cost": 0.0,
                            "Total Cost": 58306.47,
                            "Plan Rows": 55714,
                            "Plan Width": 4,
                            "Actual Startup Time": 0.177,
                            "Actual Total Time": 136.159,
                            "Actual Rows": 99548,
                            "Actual Loops": 2,
                            "Filter": "((kind_id < 7) AND (production_year < 1961))",
                            "Rows Removed by Filter": 1164608
                          }
                        ]
                      }
                    ]
                  },
                  {
                    "Node Type": "Index Scan",
                    "Parent Relationship": "Inner",
                    "Parallel Aware": false,
                    "Scan Direction": "Forward",
                    "Index Name": "movie_id_movie_info",
                    "Relation Name": "movie_info",
                    "Alias": "mi",
                    "Startup Cost": 0.43,
                    "Total Cost": 2.22,
                    "Plan Rows": 40,
                    "Plan Width": 4,
                    "Actual Startup Time": 0.003,
                    "Actual Total Time": 0.009,
                    "Actual Rows": 19,
                    "Actual Loops": 83318,
                    "Index Cond": "(movie_id = mi_idx.movie_id)",
                    "Rows Removed by Index Recheck": 0,
                    "Filter": "(info_type_id > 1)",
                    "Rows Removed by Filter": 1
                  }
                ]
              }
            ]
          }
        ]
      }
    ]
  },
  "Planning Time": 0.923,
  "Triggers": [],
  "Execution Time": 815.931
}