[
  {
    "Plan": {
      "Node Type": "Aggregate",
      "Strategy": "Plain",
      "Partial Mode": "Finalize",
      "Parallel Aware": false,
      "Startup Cost": 202939.26,
      "Total Cost": 202939.27,
      "Plan Rows": 1,
      "Plan Width": 8,
      "Actual Startup Time": 239.13,
      "Actual Total Time": 261.122,
      "Actual Rows": 1,
      "Actual Loops": 1,
      "Plans": [
        {
          "Node Type": "Gather",
          "Parent Relationship": "Outer",
          "Parallel Aware": false,
          "Startup Cost": 202938.64,
          "Total Cost": 202939.25,
          "Plan Rows": 6,
          "Plan Width": 8,
          "Actual Startup Time": 238.961,
          "Actual Total Time": 261.092,
          "Actual Rows": 7,
          "Actual Loops": 1,
          "Workers Planned": 6,
          "Workers Launched": 6,
          "Single Copy": false,
          "Plans": [
            {
              "Node Type": "Aggregate",
              "Strategy": "Plain",
              "Partial Mode": "Partial",
              "Parent Relationship": "Outer",
              "Parallel Aware": false,
              "Startup Cost": 201938.64,
              "Total Cost": 201938.65,
              "Plan Rows": 1,
              "Plan Width": 8,
              "Actual Startup Time": 230.539,
              "Actual Total Time": 230.542,
              "Actual Rows": 1,
              "Actual Loops": 7,
              "Plans": [
                {
                  "Node Type": "Index Scan",
                  "Parent Relationship": "Outer",
                  "Parallel Aware": true,
                  "Scan Direction": "Forward",
                  "Index Name": "role_id_cast_info",
                  "Relation Name": "cast_info",
                  "Alias": "ci",
                  "Startup Cost": 0.56,
                  "Total Cost": 201884.69,
                  "Plan Rows": 21579,
                  "Plan Width": 0,
                  "Actual Startup Time": 102.028,
                  "Actual Total Time": 230.528,
                  "Actual Rows": 21,
                  "Actual Loops": 7,
                  "Index Cond": "(role_id = 2)",
                  "Rows Removed by Index Recheck": 0,
                  "Filter": "(person_id < 69939)",
                  "Rows Removed by Filter": 1064546
                }
              ]
            }
          ]
        }
      ]
    },
    "Planning Time": 0.154,
    "Triggers": [],
    "Execution Time": 261.173
  }
]