{
  "Plan": {
    "Node Type": "Aggregate",
    "Strategy": "Plain",
    "Partial Mode": "Finalize",
    "Parallel Aware": false,
    "Startup Cost": 1886426.92,
    "Total Cost": 1886426.93,
    "Plan Rows": 1,
    "Plan Width": 8,
    "Actual Startup Time": 9862.619,
    "Actual Total Time": 9862.69,
    "Actual Rows": 1,
    "Actual Loops": 1,
    "Plans": [
      {
        "Node Type": "Gather",
        "Parent Relationship": "Outer",
        "Parallel Aware": false,
        "Startup Cost": 1886426.8,
        "Total Cost": 1886426.91,
        "Plan Rows": 1,
        "Plan Width": 8,
        "Actual Startup Time": 9862.608,
        "Actual Total Time": 9862.683,
        "Actual Rows": 2,
        "Actual Loops": 1,
        "Workers Planned": 1,
        "Workers Launched": 1,
        "Single Copy": false,
        "Plans": [
          {
            "Node Type": "Aggregate",
            "Strategy": "Plain",
            "Partial Mode": "Partial",
            "Parent Relationship": "Outer",
            "Parallel Aware": false,
            "Startup Cost": 1885426.8,
            "Total Cost": 1885426.81,
            "Plan Rows": 1,
            "Plan Width": 8,
            "Actual Startup Time": 9791.724,
            "Actual Total Time": 9791.729,
            "Actual Rows": 1,
            "Actual Loops": 2,
            "Plans": [
              {
                "Node Type": "Merge Join",
                "Parent Relationship": "Outer",
                "Parallel Aware": false,
                "Join Type": "Inner",
                "Startup Cost": 1715420.3,
                "Total Cost": 1864230.93,
                "Plan Rows": 8478350,
                "Plan Width": 0,
                "Actual Startup Time": 7334.114,
                "Actual Total Time": 9432.402,
                "Actual Rows": 9498240,
                "Actual Loops": 2,
                "Inner Unique": false,
                "Merge Cond": "(ci.movie_id = t.id)",
                "Plans": [
                  {
                    "Node Type": "Sort",
                    "Parent Relationship": "Outer",
                    "Parallel Aware": false,
                    "Startup Cost": 703351.66,
                    "Total Cost": 714180.99,
                    "Plan Rows": 4331734,
                    "Plan Width": 4,
                    "Actual Startup Time": 1548.591,
                    "Actual Total Time": 1991.057,
                    "Actual Rows": 3725986,
                    "Actual Loops": 2,
                    "Sort Key": [
                      "ci.movie_id"
                    ],
                    "Sort Method": "quicksort",
                    "Sort Space Used": 277765,
                    "Sort Space Type": "Memory",
                    "Workers": [
                      {
                        "Worker Number": 0,
                        "Sort Method": "quicksort",
                        "Sort Space Used": 268156,
                        "Sort Space Type": "Memory"
                      }
                    ],
                    "Plans": [
                      {
                        "Node Type": "Index Scan",
                        "Parent Relationship": "Outer",
                        "Parallel Aware": true,
                        "Scan Direction": "Forward",
                        "Index Name": "role_id_cast_info",
                        "Relation Name": "cast_info",
                        "Alias": "ci",
                        "Startup Cost": 0.56,
                        "Total Cost": 225853.5,
                        "Plan Rows": 4331734,
                        "Plan Width": 4,
                        "Actual Startup Time": 0.101,
                        "Actual Total Time": 614.355,
                        "Actual Rows": 3725986,
                        "Actual Loops": 2,
                        "Index Cond": "(role_id = 2)",
                        "Rows Removed by Index Recheck": 0
                      }
                    ]
                  },
                  {
                    "Node Type": "Sort",
                    "Parent Relationship": "Inner",
                    "Parallel Aware": false,
                    "Startup Cost": 1012068.18,
                    "Total Cost": 1024439.53,
                    "Plan Rows": 4948539,
                    "Plan Width": 8,
                    "Actual Startup Time": 5785.495,
                    "Actual Total Time": 6233.978,
                    "Actual Rows": 11181601,
                    "Actual Loops": 2,
                    "Sort Key": [
                      "mi.movie_id"
                    ],
                    "Sort Method": "quicksort",
                    "Sort Space Used": 285948,
                    "Sort Space Type": "Memory",
                    "Workers": [
                      {
                        "Worker Number": 0,
                        "Sort Method": "quicksort",
                        "Sort Space Used": 285948,
                        "Sort Space Type": "Memory"
                      }
                    ],
                    "Plans": [
                      {
                        "Node Type": "Hash Join",
                        "Parent Relationship": "Outer",
                        "Parallel Aware": false,
                        "Join Type": "Inner",
                        "Startup Cost": 78990.49,
                        "Total Cost": 461826.0,
                        "Plan Rows": 4948539,
                        "Plan Width": 8,
                        "Actual Startup Time": 439.226,
                        "Actual Total Time": 4878.147,
                        "Actual Rows": 4003054,
                        "Actual Loops": 2,
                        "Inner Unique": true,
                        "Hash Cond": "(mi.movie_id = t.id)",
                        "Plans": [
                          {
                            "Node Type": "Seq Scan",
                            "Parent Relationship": "Outer",
                            "Parallel Aware": false,
                            "Relation Name": "movie_info",
                            "Alias": "mi",
                            "Startup Cost": 0.0,
                            "Total Cost": 346788.81,
                            "Plan Rows": 13732054,
                            "Plan Width": 4,
                            "Actual Startup Time": 0.044,
                            "Actual Total Time": 1485.853,
                            "Actual Rows": 13838458,
                            "Actual Loops": 2,
                            "Filter": "(info_type_id < 90)",
                            "Rows Removed by Filter": 997262
                          },
                          {
                            "Node Type": "Hash",
                            "Parent Relationship": "Inner",
                            "Parallel Aware": false,
                            "Startup Cost": 67601.66,
                            "Total Cost": 67601.66,
                            "Plan Rows": 911106,
                            "Plan Width": 4,
                            "Actual Startup Time": 433.35,
                            "Actual Total Time": 433.352,
                            "Actual Rows": 904491,
                            "Actual Loops": 2,
                            "Hash Buckets": 1048576,
                            "Original Hash Buckets": 1048576,
                            "Hash Batches": 1,
                            "Original Hash Batches": 1,
                            "Peak Memory Usage": 39991,
                            "Plans": [
                              {
                                "Node Type": "Seq Scan",
                                "Parent Relationship": "Outer",
                                "Parallel Aware": false,
                                "Relation Name": "title",
                                "Alias": "t",
                                "Startup Cost": 0.0,
                                "Total Cost": 67601.66,
                                "Plan Rows": 911106,
                                "Plan Width": 4,
                                "Actual Startup Time": 0.028,
                                "Actual Total Time": 256.939,
                                "Actual Rows": 904491,
                                "Actual Loops": 2,
                                "Filter": "(production_year > 2006)",
                                "Rows Removed by Filter": 1623821
                              }
                            ]
                          }
                        ]
                      }
                    ]
                  }
                ]
              }
            ]
          }
        ]
      }
    ]
  },
  "Planning Time": 1.056,
  "Triggers": [],
  "Execution Time": 9892.774
}