[
  {
    "Plan": {
      "Node Type": "Aggregate",
      "Strategy": "Plain",
      "Partial Mode": "Finalize",
      "Parallel Aware": false,
      "Startup Cost": 71719.02,
      "Total Cost": 71719.03,
      "Plan Rows": 1,
      "Plan Width": 8,
      "Actual Startup Time": 144.08,
      "Actual Total Time": 160.371,
      "Actual Rows": 1,
      "Actual Loops": 1,
      "Plans": [
        {
          "Node Type": "Gather",
          "Parent Relationship": "Outer",
          "Parallel Aware": false,
          "Startup Cost": 71718.7,
          "Total Cost": 71719.01,
          "Plan Rows": 3,
          "Plan Width": 8,
          "Actual Startup Time": 143.575,
          "Actual Total Time": 160.364,
          "Actual Rows": 4,
          "Actual Loops": 1,
          "Workers Planned": 3,
          "Workers Launched": 3,
          "Single Copy": false,
          "Plans": [
            {
              "Node Type": "Aggregate",
              "Strategy": "Plain",
              "Partial Mode": "Partial",
              "Parent Relationship": "Outer",
              "Parallel Aware": false,
              "Startup Cost": 70718.7,
              "Total Cost": 70718.71,
              "Plan Rows": 1,
              "Plan Width": 8,
              "Actual Startup Time": 134.147,
              "Actual Total Time": 134.151,
              "Actual Rows": 1,
              "Actual Loops": 4,
              "Plans": [
                {
                  "Node Type": "Nested Loop",
                  "Parent Relationship": "Outer",
                  "Parallel Aware": false,
                  "Join Type": "Inner",
                  "Startup Cost": 44952.53,
                  "Total Cost": 70718.36,
                  "Plan Rows": 134,
                  "Plan Width": 0,
                  "Actual Startup Time": 107.851,
                  "Actual Total Time": 134.109,
                  "Actual Rows": 391,
                  "Actual Loops": 4,
                  "Inner Unique": false,
                  "Plans": [
                    {
                      "Node Type": "Hash Join",
                      "Parent Relationship": "Outer",
                      "Parallel Aware": true,
                      "Join Type": "Inner",
                      "Startup Cost": 44952.1,
                      "Total Cost": 70281.23,
                      "Plan Rows": 245,
                      "Plan Width": 8,
                      "Actual Startup Time": 107.488,
                      "Actual Total Time": 131.236,
                      "Actual Rows": 192,
                      "Actual Loops": 4,
                      "Inner Unique": true,
                      "Hash Cond": "(mk.movie_id = t.id)",
                      "Plans": [
                        {
                          "Node Type": "Bitmap Heap Scan",
                          "Parent Relationship": "Outer",
                          "Parallel Aware": true,
                          "Relation Name": "movie_keyword",
                          "Alias": "mk",
                          "Startup Cost": 914.13,
                          "Total Cost": 26206.8,
                          "Plan Rows": 13890,
                          "Plan Width": 4,
                          "Actual Startup Time": 7.098,
                          "Actual Total Time": 28.035,
                          "Actual Rows": 9723,
                          "Actual Loops": 4,
                          "Recheck Cond": "(keyword_id < 47)",
                          "Rows Removed by Index Recheck": 0,
                          "Exact Heap Blocks": 6740,
                          "Lossy Heap Blocks": 0,
                          "Plans": [
                            {
                              "Node Type": "Bitmap Index Scan",
                              "Parent Relationship": "Outer",
                              "Parallel Aware": false,
                              "Index Name": "keyword_id_movie_keyword",
                              "Startup Cost": 0.0,
                              "Total Cost": 903.37,
                              "Plan Rows": 43058,
                              "Plan Width": 0,
                              "Actual Startup Time": 4.79,
                              "Actual Total Time": 4.79,
                              "Actual Rows": 38892,
                              "Actual Loops": 1,
                              "Index Cond": "(keyword_id < 47)"
                            }
                          ]
                        },
                        {
                          "Node Type": "Hash",
                          "Parent Relationship": "Inner",
                          "Parallel Aware": true,
                          "Startup Cost": 43898.92,
                          "Total Cost": 43898.92,
                          "Plan Rows": 11124,
                          "Plan Width": 4,
                          "Actual Startup Time": 98.801,
                          "Actual Total Time": 98.802,
                          "Actual Rows": 11646,
                          "Actual Loops": 4,
                          "Hash Buckets": 65536,
                          "Original Hash Buckets": 65536,
                          "Hash Batches": 1,
                          "Original Hash Batches": 1,
                          "Peak Memory Usage": 2400,
                          "Plans": [
                            {
                              "Node Type": "Seq Scan",
                              "Parent Relationship": "Outer",
                              "Parallel Aware": true,
                              "Relation Name": "title",
                              "Alias": "t",
                              "Startup Cost": 0.0,
                              "Total Cost": 43898.92,
                              "Plan Rows": 11124,
                              "Plan Width": 4,
                              "Actual Startup Time": 0.04,
                              "Actual Total Time": 92.969,
                              "Actual Rows": 11646,
                              "Actual Loops": 4,
                              "Filter": "(production_year = 1998)",
                              "Rows Removed by Filter": 620432
                            }
                          ]
                        }
                      ]
                    },
                    {
                      "Node Type": "Index Only Scan",
                      "Parent Relationship": "Inner",
                      "Parallel Aware": false,
                      "Scan Direction": "Forward",
                      "Index Name": "movie_id_movie_info_idx",
                      "Relation Name": "movie_info_idx",
                      "Alias": "mi_idx",
                      "Startup Cost": 0.43,
                      "Total Cost": 1.75,
                      "Plan Rows": 3,
                      "Plan Width": 4,
                      "Actual Startup Time": 0.014,
                      "Actual Total Time": 0.014,
                      "Actual Rows": 2,
                      "Actual Loops": 767,
                      "Index Cond": "(movie_id = t.id)",
                      "Rows Removed by Index Recheck": 0,
                      "Heap Fetches": 1565
                    }
                  ]
                }
              ]
            }
          ]
        }
      ]
    },
    "Planning Time": 1.466,
    "Triggers": [],
    "Execution Time": 160.479
  }
]