{
  "Plan": {
    "Node Type": "Sort",
    "Parallel Aware": false,
    "Startup Cost": 86338.66,
    "Total Cost": 86338.72,
    "Plan Rows": 25,
    "Plan Width": 23,
    "Actual Startup Time": 3288.841,
    "Actual Total Time": 3363.72,
    "Actual Rows": 219,
    "Actual Loops": 1,
    "Sort Key": [
      "(count(*)) DESC"
    ],
    "Sort Method": "quicksort",
    "Sort Space Used": 41,
    "Sort Space Type": "Memory",
    "Plans": [
      {
        "Node Type": "Aggregate",
        "Strategy": "Sorted",
        "Partial Mode": "Finalize",
        "Parent Relationship": "Outer",
        "Parallel Aware": false,
        "Startup Cost": 86335.81,
        "Total Cost": 86338.08,
        "Plan Rows": 25,
        "Plan Width": 23,
        "Actual Startup Time": 3288.527,
        "Actual Total Time": 3363.659,
        "Actual Rows": 219,
        "Actual Loops": 1,
        "Group Key": [
          "n.name"
        ],
        "Plans": [
          {
            "Node Type": "Gather Merge",
            "Parent Relationship": "Outer",
            "Parallel Aware": false,
            "Startup Cost": 86335.81,
            "Total Cost": 86337.76,
            "Plan Rows": 15,
            "Plan Width": 23,
            "Actual Startup Time": 3288.512,
            "Actual Total Time": 3363.569,
            "Actual Rows": 219,
            "Actual Loops": 1,
            "Workers Planned": 1,
            "Workers Launched": 1,
            "Plans": [
              {
                "Node Type": "Aggregate",
                "Strategy": "Sorted",
                "Partial Mode": "Partial",
                "Parent Relationship": "Outer",
                "Parallel Aware": false,
                "Startup Cost": 85335.8,
                "Total Cost": 85336.06,
                "Plan Rows": 15,
                "Plan Width": 23,
                "Actual Startup Time": 3274.512,
                "Actual Total Time": 3274.622,
                "Actual Rows": 110,
                "Actual Loops": 2,
                "Group Key": [
                  "n.name"
                ],
                "Plans": [
                  {
                    "Node Type": "Sort",
                    "Parent Relationship": "Outer",
                    "Parallel Aware": false,
                    "Startup Cost": 85335.8,
                    "Total Cost": 85335.83,
                    "Plan Rows": 15,
                    "Plan Width": 15,
                    "Actual Startup Time": 3274.503,
                    "Actual Total Time": 3274.532,
                    "Actual Rows": 498,
                    "Actual Loops": 2,
                    "Sort Key": [
                      "n.name COLLATE \"C\""
                    ],
                    "Sort Method": "quicksort",
                    "Sort Space Used": 61,
                    "Sort Space Type": "Memory",
                    "Workers": [
                      {
                        "Worker Number": 0,
                        "Sort Method": "quicksort",
                        "Sort Space Used": 44,
                        "Sort Space Type": "Memory"
                      }
                    ],
                    "Plans": [
                      {
                        "Node Type": "Nested Loop",
                        "Parent Relationship": "Outer",
                        "Parallel Aware": false,
                        "Join Type": "Inner",
                        "Startup Cost": 4.3,
                        "Total Cost": 85335.5,
                        "Plan Rows": 15,
                        "Plan Width": 15,
                        "Actual Startup Time": 53.035,
                        "Actual Total Time": 3273.957,
                        "Actual Rows": 498,
                        "Actual Loops": 2,
                        "Inner Unique": false,
                        "Plans": [
                          {
                            "Node Type": "Nested Loop",
                            "Parent Relationship": "Outer",
                            "Parallel Aware": false,
                            "Join Type": "Inner",
                            "Startup Cost": 4.3,
                            "Total Cost": 85299.16,
                            "Plan Rows": 15,
                            "Plan Width": 19,
                            "Actual Startup Time": 53.026,
                            "Actual Total Time": 3269.682,
                            "Actual Rows": 498,
                            "Actual Loops": 2,
                            "Inner Unique": false,
                            "Join Filter": "(t.id = mi.movie_id)",
                            "Rows Removed by Join Filter": 0,
                            "Plans": [
                              {
                                "Node Type": "Nested Loop",
                                "Parent Relationship": "Outer",
                                "Parallel Aware": false,
                                "Join Type": "Inner",
                                "Startup Cost": 3.86,
                                "Total Cost": 76389.88,
                                "Plan Rows": 6605,
                                "Plan Width": 23,
                                "Actual Startup Time": 5.692,
                                "Actual Total Time": 1556.394,
                                "Actual Rows": 192904,
                                "Actual Loops": 2,
                                "Inner Unique": true,
                                "Plans": [
                                  {
                                    "Node Type": "Nested Loop",
                                    "Parent Relationship": "Outer",
                                    "Parallel Aware": false,
                                    "Join Type": "Inner",
                                    "Startup Cost": 3.43,
                                    "Total Cost": 73401.33,
                                    "Plan Rows": 6605,
                                    "Plan Width": 19,
                                    "Actual Startup Time": 5.567,
                                    "Actual Total Time": 1002.402,
                                    "Actual Rows": 192904,
                                    "Actual Loops": 2,
                                    "Inner Unique": false,
                                    "Join Filter": "(pi.person_id = ci.person_id)",
                                    "Rows Removed by Join Filter": 0,
                                    "Plans": [
                                      {
                                        "Node Type": "Nested Loop",
                                        "Parent Relationship": "Outer",
                                        "Parallel Aware": false,
                                        "Join Type": "Inner",
                                        "Startup Cost": 2.87,
                                        "Total Cost": 73044.22,
                                        "Plan Rows": 22,
                                        "Plan Width": 23,
                                        "Actual Startup Time": 1.126,
                                        "Actual Total Time": 909.045,
                                        "Actual Rows": 3150,
                                        "Actual Loops": 2,
                                        "Inner Unique": true,
                                        "Plans": [
                                          {
                                            "Node Type": "Hash Join",
                                            "Parent Relationship": "Outer",
                                            "Parallel Aware": false,
                                            "Join Type": "Inner",
                                            "Startup Cost": 2.44,
                                            "Total Cost": 72865.87,
                                            "Plan Rows": 22,
                                            "Plan Width": 4,
                                            "Actual Startup Time": 0.981,
                                            "Actual Total Time": 886.22,
                                            "Actual Rows": 3150,
                                            "Actual Loops": 2,
                                            "Inner Unique": true,
                                            "Hash Cond": "(pi.info_type_id = it2.id)",
                                            "Plans": [
                                              {
                                                "Node Type": "Seq Scan",
                                                "Parent Relationship": "Outer",
                                                "Parallel Aware": true,
                                                "Relation Name": "person_info",
                                                "Alias": "pi",
                                                "Startup Cost": 0.0,
                                                "Total Cost": 72859.99,
                                                "Plan Rows": 1265,
                                                "Plan Width": 8,
                                                "Actual Startup Time": 0.665,
                                                "Actual Total Time": 883.969,
                                                "Actual Rows": 7357,
                                                "Actual Loops": 2,
                                                "Filter": "(info ~~* '%japan%'::text)",
                                                "Rows Removed by Filter": 1474475
                                              },
                                              {
                                                "Node Type": "Hash",
                                                "Parent Relationship": "Inner",
                                                "Parallel Aware": false,
                                                "Startup Cost": 2.41,
                                                "Total Cost": 2.41,
                                                "Plan Rows": 2,
                                                "Plan Width": 4,
                                                "Actual Startup Time": 0.141,
                                                "Actual Total Time": 0.142,
                                                "Actual Rows": 3,
                                                "Actual Loops": 2,
                                                "Hash Buckets": 1024,
                                                "Original Hash Buckets": 1024,
                                                "Hash Batches": 1,
                                                "Original Hash Batches": 1,
                                                "Peak Memory Usage": 9,
                                                "Plans": [
                                                  {
                                                    "Node Type": "Seq Scan",
                                                    "Parent Relationship": "Outer",
                                                    "Parallel Aware": false,
                                                    "Relation Name": "info_type",
                                                    "Alias": "it2",
                                                    "Startup Cost": 0.0,
                                                    "Total Cost": 2.41,
                                                    "Plan Rows": 2,
                                                    "Plan Width": 4,
                                                    "Actual Startup Time": 0.054,
                                                    "Actual Total Time": 0.13,
                                                    "Actual Rows": 3,
                                                    "Actual Loops": 2,
                                                    "Filter": "((info)::text ~~* '%birth%'::text)",
                                                    "Rows Removed by Filter": 110
                                                  }
                                                ]
                                              }
                                            ]
                                          },
                                          {
                                            "Node Type": "Index Scan",
                                            "Parent Relationship": "Inner",
                                            "Parallel Aware": false,
                                            "Scan Direction": "Forward",
                                            "Index Name": "name_pkey",
                                            "Relation Name": "name",
                                            "Alias": "n",
                                            "Startup Cost": 0.43,
                                            "Total Cost": 8.11,
                                            "Plan Rows": 1,
                                            "Plan Width": 19,
                                            "Actual Startup Time": 0.007,
                                            "Actual Total Time": 0.007,
                                            "Actual Rows": 1,
                                            "Actual Loops": 6300,
                                            "Index Cond": "(id = pi.person_id)",
                                            "Rows Removed by Index Recheck": 0
                                          }
                                        ]
                                      },
                                      {
                                        "Node Type": "Index Scan",
                                        "Parent Relationship": "Inner",
                                        "Parallel Aware": false,
                                        "Scan Direction": "Forward",
                                        "Index Name": "person_id_cast_info",
                                        "Relation Name": "cast_info",
                                        "Alias": "ci",
                                        "Startup Cost": 0.56,
                                        "Total Cost": 9.86,
                                        "Plan Rows": 510,
                                        "Plan Width": 8,
                                        "Actual Startup Time": 0.008,
                                        "Actual Total Time": 0.021,
                                        "Actual Rows": 61,
                                        "Actual Loops": 6300,
                                        "Index Cond": "(person_id = n.id)",
                                        "Rows Removed by Index Recheck": 0
                                      }
                                    ]
                                  },
                                  {
                                    "Node Type": "Index Only Scan",
                                    "Parent Relationship": "Inner",
                                    "Parallel Aware": false,
                                    "Scan Direction": "Forward",
                                    "Index Name": "title_pkey",
                                    "Relation Name": "title",
                                    "Alias": "t",
                                    "Startup Cost": 0.43,
                                    "Total Cost": 0.45,
                                    "Plan Rows": 1,
                                    "Plan Width": 4,
                                    "Actual Startup Time": 0.003,
                                    "Actual Total Time": 0.003,
                                    "Actual Rows": 1,
                                    "Actual Loops": 385807,
                                    "Index Cond": "(id = ci.movie_id)",
                                    "Rows Removed by Index Recheck": 0,
                                    "Heap Fetches": 385807
                                  }
                                ]
                              },
                              {
                                "Node Type": "Index Scan",
                                "Parent Relationship": "Inner",
                                "Parallel Aware": false,
                                "Scan Direction": "Forward",
                                "Index Name": "movie_id_movie_info",
                                "Relation Name": "movie_info",
                                "Alias": "mi",
                                "Startup Cost": 0.43,
                                "Total Cost": 1.34,
                                "Plan Rows": 1,
                                "Plan Width": 8,
                                "Actual Startup Time": 0.009,
                                "Actual Total Time": 0.009,
                                "Actual Rows": 0,
                                "Actual Loops": 385807,
                                "Index Cond": "(movie_id = ci.movie_id)",
                                "Rows Removed by Index Recheck": 0,
                                "Filter": "((info ~~* '%adult%'::text) AND (info_type_id = 3))",
                                "Rows Removed by Filter": 8
                              }
                            ]
                          },
                          {
                            "Node Type": "Seq Scan",
                            "Parent Relationship": "Inner",
                            "Parallel Aware": false,
                            "Relation Name": "info_type",
                            "Alias": "it1",
                            "Startup Cost": 0.0,
                            "Total Cost": 2.41,
                            "Plan Rows": 1,
                            "Plan Width": 4,
                            "Actual Startup Time": 0.002,
                            "Actual Total Time": 0.006,
                            "Actual Rows": 1,
                            "Actual Loops": 995,
                            "Filter": "(id = 3)",
                            "Rows Removed by Filter": 112
                          }
                        ]
                      }
                    ]
                  }
                ]
              }
            ]
          }
        ]
      }
    ]
  },
  "Planning Time": 2.666,
  "Triggers": [],
  "Execution Time": 3363.912
}