[
  {
    "Plan": {
      "Node Type": "Aggregate",
      "Strategy": "Plain",
      "Partial Mode": "Finalize",
      "Parallel Aware": false,
      "Startup Cost": 75722.48,
      "Total Cost": 75722.49,
      "Plan Rows": 1,
      "Plan Width": 8,
      "Actual Startup Time": 215.692,
      "Actual Total Time": 229.134,
      "Actual Rows": 1,
      "Actual Loops": 1,
      "Plans": [
        {
          "Node Type": "Gather",
          "Parent Relationship": "Outer",
          "Parallel Aware": false,
          "Startup Cost": 75722.06,
          "Total Cost": 75722.47,
          "Plan Rows": 4,
          "Plan Width": 8,
          "Actual Startup Time": 213.697,
          "Actual Total Time": 229.124,
          "Actual Rows": 5,
          "Actual Loops": 1,
          "Workers Planned": 4,
          "Workers Launched": 4,
          "Single Copy": false,
          "Plans": [
            {
              "Node Type": "Aggregate",
              "Strategy": "Plain",
              "Partial Mode": "Partial",
              "Parent Relationship": "Outer",
              "Parallel Aware": false,
              "Startup Cost": 74722.06,
              "Total Cost": 74722.07,
              "Plan Rows": 1,
              "Plan Width": 8,
              "Actual Startup Time": 203.744,
              "Actual Total Time": 203.815,
              "Actual Rows": 1,
              "Actual Loops": 5,
              "Plans": [
                {
                  "Node Type": "Hash Join",
                  "Parent Relationship": "Outer",
                  "Parallel Aware": true,
                  "Join Type": "Inner",
                  "Startup Cost": 28326.03,
                  "Total Cost": 74693.39,
                  "Plan Rows": 11467,
                  "Plan Width": 0,
                  "Actual Startup Time": 129.718,
                  "Actual Total Time": 203.765,
                  "Actual Rows": 333,
                  "Actual Loops": 5,
                  "Inner Unique": false,
                  "Hash Cond": "(t.id = mc.movie_id)",
                  "Plans": [
                    {
                      "Node Type": "Seq Scan",
                      "Parent Relationship": "Outer",
                      "Parallel Aware": true,
                      "Relation Name": "title",
                      "Alias": "t",
                      "Startup Cost": 0.0,
                      "Total Cost": 45479.1,
                      "Plan Rows": 170254,
                      "Plan Width": 4,
                      "Actual Startup Time": 0.015,
                      "Actual Total Time": 80.449,
                      "Actual Rows": 147936,
                      "Actual Loops": 5,
                      "Filter": "((production_year > 2004) AND (kind_id = 7))",
                      "Rows Removed by Filter": 357727
                    },
                    {
                      "Node Type": "Hash",
                      "Parent Relationship": "Inner",
                      "Parallel Aware": true,
                      "Startup Cost": 27639.37,
                      "Total Cost": 27639.37,
                      "Plan Rows": 54933,
                      "Plan Width": 4,
                      "Actual Startup Time": 89.186,
                      "Actual Total Time": 89.188,
                      "Actual Rows": 67184,
                      "Actual Loops": 5,
                      "Hash Buckets": 524288,
                      "Original Hash Buckets": 262144,
                      "Hash Batches": 1,
                      "Original Hash Batches": 1,
                      "Peak Memory Usage": 19360,
                      "Plans": [
                        {
                          "Node Type": "Bitmap Heap Scan",
                          "Parent Relationship": "Outer",
                          "Parallel Aware": true,
                          "Relation Name": "movie_companies",
                          "Alias": "mc",
                          "Startup Cost": 7226.48,
                          "Total Cost": 27639.37,
                          "Plan Rows": 54933,
                          "Plan Width": 4,
                          "Actual Startup Time": 25.955,
                          "Actual Total Time": 56.774,
                          "Actual Rows": 67184,
                          "Actual Loops": 5,
                          "Recheck Cond": "(company_id > 89713)",
                          "Rows Removed by Index Recheck": 0,
                          "Filter": "(company_type_id > 1)",
                          "Rows Removed by Filter": 0,
                          "Exact Heap Blocks": 1976,
                          "Lossy Heap Blocks": 0,
                          "Plans": [
                            {
                              "Node Type": "Bitmap Index Scan",
                              "Parent Relationship": "Outer",
                              "Parallel Aware": false,
                              "Index Name": "company_id_movie_companies",
                              "Startup Cost": 0.0,
                              "Total Cost": 7183.91,
                              "Plan Rows": 335397,
                              "Plan Width": 0,
                              "Actual Startup Time": 27.981,
                              "Actual Total Time": 27.981,
                              "Actual Rows": 335919,
                              "Actual Loops": 1,
                              "Index Cond": "(company_id > 89713)"
                            }
                          ]
                        }
                      ]
                    }
                  ]
                }
              ]
            }
          ]
        }
      ]
    },
    "Planning Time": 0.583,
    "Triggers": [],
    "Execution Time": 229.22
  }
]