{
  "Plan": {
    "Node Type": "Aggregate",
    "Strategy": "Plain",
    "Partial Mode": "Finalize",
    "Parallel Aware": false,
    "Startup Cost": 32704.4,
    "Total Cost": 32704.41,
    "Plan Rows": 1,
    "Plan Width": 8,
    "Actual Startup Time": 44.639,
    "Actual Total Time": 51.576,
    "Actual Rows": 1,
    "Actual Loops": 1,
    "Plans": [
      {
        "Node Type": "Gather",
        "Parent Relationship": "Outer",
        "Parallel Aware": false,
        "Startup Cost": 32704.29,
        "Total Cost": 32704.4,
        "Plan Rows": 1,
        "Plan Width": 8,
        "Actual Startup Time": 44.135,
        "Actual Total Time": 51.571,
        "Actual Rows": 2,
        "Actual Loops": 1,
        "Workers Planned": 1,
        "Workers Launched": 1,
        "Single Copy": false,
        "Plans": [
          {
            "Node Type": "Aggregate",
            "Strategy": "Plain",
            "Partial Mode": "Partial",
            "Parent Relationship": "Outer",
            "Parallel Aware": false,
            "Startup Cost": 31704.29,
            "Total Cost": 31704.3,
            "Plan Rows": 1,
            "Plan Width": 8,
            "Actual Startup Time": 37.997,
            "Actual Total Time": 37.998,
            "Actual Rows": 1,
            "Actual Loops": 2,
            "Plans": [
              {
                "Node Type": "Nested Loop",
                "Parent Relationship": "Outer",
                "Parallel Aware": false,
                "Join Type": "Inner",
                "Startup Cost": 94.15,
                "Total Cost": 31690.53,
                "Plan Rows": 5504,
                "Plan Width": 0,
                "Actual Startup Time": 3.125,
                "Actual Total Time": 37.628,
                "Actual Rows": 3310,
                "Actual Loops": 2,
                "Inner Unique": false,
                "Plans": [
                  {
                    "Node Type": "Nested Loop",
                    "Parent Relationship": "Outer",
                    "Parallel Aware": false,
                    "Join Type": "Inner",
                    "Startup Cost": 93.58,
                    "Total Cost": 29579.5,
                    "Plan Rows": 384,
                    "Plan Width": 8,
                    "Actual Startup Time": 2.96,
                    "Actual Total Time": 23.653,
                    "Actual Rows": 65,
                    "Actual Loops": 2,
                    "Inner Unique": true,
                    "Plans": [
                      {
                        "Node Type": "Bitmap Heap Scan",
                        "Parent Relationship": "Outer",
                        "Parallel Aware": true,
                        "Relation Name": "movie_keyword",
                        "Alias": "mk",
                        "Startup Cost": 93.15,
                        "Total Cost": 11023.11,
                        "Plan Rows": 2484,
                        "Plan Width": 4,
                        "Actual Startup Time": 2.248,
                        "Actual Total Time": 8.199,
                        "Actual Rows": 1799,
                        "Actual Loops": 2,
                        "Recheck Cond": "(keyword_id = 786)",
                        "Rows Removed by Index Recheck": 0,
                        "Exact Heap Blocks": 2580,
                        "Lossy Heap Blocks": 0,
                        "Plans": [
                          {
                            "Node Type": "Bitmap Index Scan",
                            "Parent Relationship": "Outer",
                            "Parallel Aware": false,
                            "Index Name": "keyword_id_movie_keyword",
                            "Startup Cost": 0.0,
                            "Total Cost": 92.1,
                            "Plan Rows": 4222,
                            "Plan Width": 0,
                            "Actual Startup Time": 2.936,
                            "Actual Total Time": 2.936,
                            "Actual Rows": 3598,
                            "Actual Loops": 1,
                            "Index Cond": "(keyword_id = 786)"
                          }
                        ]
                      },
                      {
                        "Node Type": "Index Scan",
                        "Parent Relationship": "Inner",
                        "Parallel Aware": false,
                        "Scan Direction": "Forward",
                        "Index Name": "title_pkey",
                        "Relation Name": "title",
                        "Alias": "t",
                        "Startup Cost": 0.43,
                        "Total Cost": 7.47,
                        "Plan Rows": 1,
                        "Plan Width": 4,
                        "Actual Startup Time": 0.008,
                        "Actual Total Time": 0.008,
                        "Actual Rows": 0,
                        "Actual Loops": 3598,
                        "Index Cond": "(id = mk.movie_id)",
                        "Rows Removed by Index Recheck": 0,
                        "Filter": "(production_year > 2010)",
                        "Rows Removed by Filter": 1
                      }
                    ]
                  },
                  {
                    "Node Type": "Index Only Scan",
                    "Parent Relationship": "Inner",
                    "Parallel Aware": false,
                    "Scan Direction": "Forward",
                    "Index Name": "movie_id_cast_info",
                    "Relation Name": "cast_info",
                    "Alias": "ci",
                    "Startup Cost": 0.56,
                    "Total Cost": 5.13,
                    "Plan Rows": 37,
                    "Plan Width": 4,
                    "Actual Startup Time": 0.025,
                    "Actual Total Time": 0.206,
                    "Actual Rows": 51,
                    "Actual Loops": 130,
                    "Index Cond": "(movie_id = t.id)",
                    "Rows Removed by Index Recheck": 0,
                    "Heap Fetches": 6620
                  }
                ]
              }
            ]
          }
        ]
      }
    ]
  },
  "Planning Time": 0.911,
  "Triggers": [],
  "Execution Time": 51.672
}