[
  {
    "Plan": {
      "Node Type": "Aggregate",
      "Strategy": "Plain",
      "Partial Mode": "Finalize",
      "Parallel Aware": false,
      "Startup Cost": 400160.48,
      "Total Cost": 400160.49,
      "Plan Rows": 1,
      "Plan Width": 8,
      "Actual Startup Time": 2280.951,
      "Actual Total Time": 2364.547,
      "Actual Rows": 1,
      "Actual Loops": 1,
      "Plans": [
        {
          "Node Type": "Gather",
          "Parent Relationship": "Outer",
          "Parallel Aware": false,
          "Startup Cost": 400159.95,
          "Total Cost": 400160.46,
          "Plan Rows": 5,
          "Plan Width": 8,
          "Actual Startup Time": 2274.507,
          "Actual Total Time": 2364.537,
          "Actual Rows": 6,
          "Actual Loops": 1,
          "Workers Planned": 5,
          "Workers Launched": 5,
          "Single Copy": false,
          "Plans": [
            {
              "Node Type": "Aggregate",
              "Strategy": "Plain",
              "Partial Mode": "Partial",
              "Parent Relationship": "Outer",
              "Parallel Aware": false,
              "Startup Cost": 399159.95,
              "Total Cost": 399159.96,
              "Plan Rows": 1,
              "Plan Width": 8,
              "Actual Startup Time": 2251.701,
              "Actual Total Time": 2251.705,
              "Actual Rows": 1,
              "Actual Loops": 6,
              "Plans": [
                {
                  "Node Type": "Nested Loop",
                  "Parent Relationship": "Outer",
                  "Parallel Aware": false,
                  "Join Type": "Inner",
                  "Startup Cost": 59969.36,
                  "Total Cost": 398826.11,
                  "Plan Rows": 133538,
                  "Plan Width": 0,
                  "Actual Startup Time": 297.18,
                  "Actual Total Time": 2239.291,
                  "Actual Rows": 207300,
                  "Actual Loops": 6,
                  "Inner Unique": false,
                  "Plans": [
                    {
                      "Node Type": "Hash Join",
                      "Parent Relationship": "Outer",
                      "Parallel Aware": true,
                      "Join Type": "Inner",
                      "Startup Cost": 59968.79,
                      "Total Cost": 223416.86,
                      "Plan Rows": 89772,
                      "Plan Width": 8,
                      "Actual Startup Time": 296.721,
                      "Actual Total Time": 372.359,
                      "Actual Rows": 62223,
                      "Actual Loops": 6,
                      "Inner Unique": true,
                      "Hash Cond": "(mi.movie_id = t.id)",
                      "Plans": [
                        {
                          "Node Type": "Bitmap Heap Scan",
                          "Parent Relationship": "Outer",
                          "Parallel Aware": true,
                          "Relation Name": "movie_info",
                          "Alias": "mi",
                          "Startup Cost": 8696.29,
                          "Total Cost": 171891.83,
                          "Plan Rows": 96203,
                          "Plan Width": 4,
                          "Actual Startup Time": 14.837,
                          "Actual Total Time": 26.399,
                          "Actual Rows": 79074,
                          "Actual Loops": 6,
                          "Recheck Cond": "(info_type_id = 6)",
                          "Rows Removed by Index Recheck": 0,
                          "Exact Heap Blocks": 650,
                          "Lossy Heap Blocks": 0,
                          "Plans": [
                            {
                              "Node Type": "Bitmap Index Scan",
                              "Parent Relationship": "Outer",
                              "Parallel Aware": false,
                              "Index Name": "info_type_id_movie_info",
                              "Startup Cost": 0.0,
                              "Total Cost": 8576.04,
                              "Plan Rows": 481014,
                              "Plan Width": 0,
                              "Actual Startup Time": 14.348,
                              "Actual Total Time": 14.348,
                              "Actual Rows": 474443,
                              "Actual Loops": 1,
                              "Index Cond": "(info_type_id = 6)"
                            }
                          ]
                        },
                        {
                          "Node Type": "Hash",
                          "Parent Relationship": "Inner",
                          "Parallel Aware": true,
                          "Startup Cost": 43899.32,
                          "Total Cost": 43899.32,
                          "Plan Rows": 589854,
                          "Plan Width": 4,
                          "Actual Startup Time": 274.384,
                          "Actual Total Time": 274.385,
                          "Actual Rows": 392504,
                          "Actual Loops": 6,
                          "Hash Buckets": 4194304,
                          "Original Hash Buckets": 4194304,
                          "Hash Batches": 1,
                          "Original Hash Batches": 1,
                          "Peak Memory Usage": 124992,
                          "Plans": [
                            {
                              "Node Type": "Seq Scan",
                              "Parent Relationship": "Outer",
                              "Parallel Aware": true,
                              "Relation Name": "title",
                              "Alias": "t",
                              "Startup Cost": 0.0,
                              "Total Cost": 43899.32,
                              "Plan Rows": 589854,
                              "Plan Width": 4,
                              "Actual Startup Time": 0.043,
                              "Actual Total Time": 90.765,
                              "Actual Rows": 392504,
                              "Actual Loops": 6,
                              "Filter": "(production_year > 1924)",
                              "Rows Removed by Filter": 28881
                            }
                          ]
                        }
                      ]
                    },
                    {
                      "Node Type": "Index Scan",
                      "Parent Relationship": "Inner",
                      "Parallel Aware": false,
                      "Scan Direction": "Forward",
                      "Index Name": "movie_id_cast_info",
                      "Relation Name": "cast_info",
                      "Alias": "ci",
                      "Startup Cost": 0.56,
                      "Total Cost": 1.91,
                      "Plan Rows": 4,
                      "Plan Width": 4,
                      "Actual Startup Time": 0.025,
                      "Actual Total Time": 0.03,
                      "Actual Rows": 3,
                      "Actual Loops": 373336,
                      "Index Cond": "(movie_id = t.id)",
                      "Rows Removed by Index Recheck": 0,
                      "Filter": "(person_id > 3378825)",
                      "Rows Removed by Filter": 23
                    }
                  ]
                }
              ]
            }
          ]
        }
      ]
    },
    "Planning Time": 1.377,
    "Triggers": [],
    "Execution Time": 2364.681
  }
]