[
  {
    "Plan": {
      "Node Type": "Aggregate",
      "Strategy": "Plain",
      "Partial Mode": "Finalize",
      "Parallel Aware": false,
      "Startup Cost": 78692.45,
      "Total Cost": 78692.46,
      "Plan Rows": 1,
      "Plan Width": 8,
      "Actual Startup Time": 193.713,
      "Actual Total Time": 209.8,
      "Actual Rows": 1,
      "Actual Loops": 1,
      "Plans": [
        {
          "Node Type": "Gather",
          "Parent Relationship": "Outer",
          "Parallel Aware": false,
          "Startup Cost": 78692.13,
          "Total Cost": 78692.44,
          "Plan Rows": 3,
          "Plan Width": 8,
          "Actual Startup Time": 193.334,
          "Actual Total Time": 209.792,
          "Actual Rows": 4,
          "Actual Loops": 1,
          "Workers Planned": 3,
          "Workers Launched": 3,
          "Single Copy": false,
          "Plans": [
            {
              "Node Type": "Aggregate",
              "Strategy": "Plain",
              "Partial Mode": "Partial",
              "Parent Relationship": "Outer",
              "Parallel Aware": false,
              "Startup Cost": 77692.13,
              "Total Cost": 77692.14,
              "Plan Rows": 1,
              "Plan Width": 8,
              "Actual Startup Time": 184.517,
              "Actual Total Time": 184.52,
              "Actual Rows": 1,
              "Actual Loops": 4,
              "Plans": [
                {
                  "Node Type": "Hash Join",
                  "Parent Relationship": "Outer",
                  "Parallel Aware": true,
                  "Join Type": "Inner",
                  "Startup Cost": 45656.21,
                  "Total Cost": 77679.15,
                  "Plan Rows": 5193,
                  "Plan Width": 0,
                  "Actual Startup Time": 97.16,
                  "Actual Total Time": 184.208,
                  "Actual Rows": 5884,
                  "Actual Loops": 4,
                  "Inner Unique": true,
                  "Hash Cond": "(mc.movie_id = t.id)",
                  "Plans": [
                    {
                      "Node Type": "Seq Scan",
                      "Parent Relationship": "Outer",
                      "Parallel Aware": true,
                      "Relation Name": "movie_companies",
                      "Alias": "mc",
                      "Startup Cost": 0.0,
                      "Total Cost": 31414.82,
                      "Plan Rows": 231665,
                      "Plan Width": 4,
                      "Actual Startup Time": 0.018,
                      "Actual Total Time": 62.965,
                      "Actual Rows": 247688,
                      "Actual Loops": 4,
                      "Filter": "((company_id < 13114) AND (company_type_id < 2))",
                      "Rows Removed by Filter": 404594
                    },
                    {
                      "Node Type": "Hash",
                      "Parent Relationship": "Inner",
                      "Parallel Aware": true,
                      "Startup Cost": 45479.1,
                      "Total Cost": 45479.1,
                      "Plan Rows": 14169,
                      "Plan Width": 4,
                      "Actual Startup Time": 95.617,
                      "Actual Total Time": 95.617,
                      "Actual Rows": 12269,
                      "Actual Loops": 4,
                      "Hash Buckets": 65536,
                      "Original Hash Buckets": 65536,
                      "Hash Batches": 1,
                      "Original Hash Batches": 1,
                      "Peak Memory Usage": 2496,
                      "Plans": [
                        {
                          "Node Type": "Seq Scan",
                          "Parent Relationship": "Outer",
                          "Parallel Aware": true,
                          "Relation Name": "title",
                          "Alias": "t",
                          "Startup Cost": 0.0,
                          "Total Cost": 45479.1,
                          "Plan Rows": 14169,
                          "Plan Width": 4,
                          "Actual Startup Time": 0.251,
                          "Actual Total Time": 91.301,
                          "Actual Rows": 12269,
                          "Actual Loops": 4,
                          "Filter": "((kind_id < 7) AND (production_year = 2010))",
                          "Rows Removed by Filter": 619809
                        }
                      ]
                    }
                  ]
                }
              ]
            }
          ]
        }
      ]
    },
    "Planning Time": 0.667,
    "Triggers": [],
    "Execution Time": 209.87
  }
]