[
  {
    "Plan": {
      "Node Type": "Aggregate",
      "Strategy": "Plain",
      "Partial Mode": "Finalize",
      "Parallel Aware": false,
      "Startup Cost": 45881.94,
      "Total Cost": 45881.95,
      "Plan Rows": 1,
      "Plan Width": 8,
      "Actual Startup Time": 130.783,
      "Actual Total Time": 138.006,
      "Actual Rows": 1,
      "Actual Loops": 1,
      "Plans": [
        {
          "Node Type": "Gather",
          "Parent Relationship": "Outer",
          "Parallel Aware": false,
          "Startup Cost": 45881.63,
          "Total Cost": 45881.94,
          "Plan Rows": 3,
          "Plan Width": 8,
          "Actual Startup Time": 130.707,
          "Actual Total Time": 137.999,
          "Actual Rows": 4,
          "Actual Loops": 1,
          "Workers Planned": 3,
          "Workers Launched": 3,
          "Single Copy": false,
          "Plans": [
            {
              "Node Type": "Aggregate",
              "Strategy": "Plain",
              "Partial Mode": "Partial",
              "Parent Relationship": "Outer",
              "Parallel Aware": false,
              "Startup Cost": 44881.63,
              "Total Cost": 44881.64,
              "Plan Rows": 1,
              "Plan Width": 8,
              "Actual Startup Time": 127.798,
              "Actual Total Time": 127.799,
              "Actual Rows": 1,
              "Actual Loops": 4,
              "Plans": [
                {
                  "Node Type": "Seq Scan",
                  "Parent Relationship": "Outer",
                  "Parallel Aware": true,
                  "Relation Name": "movie_keyword",
                  "Alias": "mk",
                  "Startup Cost": 0.0,
                  "Total Cost": 42695.65,
                  "Plan Rows": 874389,
                  "Plan Width": 0,
                  "Actual Startup Time": 0.126,
                  "Actual Total Time": 99.172,
                  "Actual Rows": 677255,
                  "Actual Loops": 4,
                  "Filter": "(keyword_id > 2963)",
                  "Rows Removed by Filter": 453728
                }
              ]
            }
          ]
        }
      ]
    },
    "Planning Time": 0.07,
    "Triggers": [],
    "Execution Time": 138.029
  }
]