[
  {
    "Plan": {
      "Node Type": "Aggregate",
      "Strategy": "Plain",
      "Partial Mode": "Simple",
      "Parallel Aware": false,
      "Startup Cost": 26259.68,
      "Total Cost": 26259.69,
      "Plan Rows": 1,
      "Plan Width": 8,
      "Actual Startup Time": 48.823,
      "Actual Total Time": 48.824,
      "Actual Rows": 1,
      "Actual Loops": 1,
      "Plans": [
        {
          "Node Type": "Bitmap Heap Scan",
          "Parent Relationship": "Outer",
          "Parallel Aware": false,
          "Relation Name": "movie_keyword",
          "Alias": "mk",
          "Startup Cost": 1058.48,
          "Total Cost": 26135.15,
          "Plan Rows": 49813,
          "Plan Width": 0,
          "Actual Startup Time": 14.857,
          "Actual Total Time": 45.383,
          "Actual Rows": 50067,
          "Actual Loops": 1,
          "Recheck Cond": "(keyword_id > 99529)",
          "Rows Removed by Index Recheck": 0,
          "Exact Heap Blocks": 12243,
          "Lossy Heap Blocks": 0,
          "Plans": [
            {
              "Node Type": "Bitmap Index Scan",
              "Parent Relationship": "Outer",
              "Parallel Aware": false,
              "Index Name": "keyword_id_movie_keyword",
              "Startup Cost": 0.0,
              "Total Cost": 1046.03,
              "Plan Rows": 49813,
              "Plan Width": 0,
              "Actual Startup Time": 10.285,
              "Actual Total Time": 10.286,
              "Actual Rows": 50067,
              "Actual Loops": 1,
              "Index Cond": "(keyword_id > 99529)"
            }
          ]
        }
      ]
    },
    "Planning Time": 0.269,
    "Triggers": [],
    "Execution Time": 48.88
  }
]