[
    {
        "Bao": {
            "Bao prediction": "NaN",
            "Bao recommended hint": "(no hint)"
        }
    },
    {
        "Plan": {
            "Node Type": "Aggregate",
            "Strategy": "Plain",
            "Partial Mode": "Finalize",
            "Parallel Aware": false,
            "Startup Cost": 32865.06,
            "Total Cost": 32865.07,
            "Plan Rows": 1,
            "Plan Width": 8,
            "Actual Startup Time": 81.101,
            "Actual Total Time": 85.623,
            "Actual Rows": 1,
            "Actual Loops": 1,
            "Output": [
                "count(*)"
            ],
            "Plans": [
                {
                    "Node Type": "Gather",
                    "Parent Relationship": "Outer",
                    "Parallel Aware": false,
                    "Startup Cost": 32864.74,
                    "Total Cost": 32865.05,
                    "Plan Rows": 3,
                    "Plan Width": 8,
                    "Actual Startup Time": 81.014,
                    "Actual Total Time": 85.617,
                    "Actual Rows": 4,
                    "Actual Loops": 1,
                    "Output": [
                        "(PARTIAL count(*))"
                    ],
                    "Workers Planned": 3,
                    "Workers Launched": 3,
                    "Single Copy": false,
                    "Plans": [
                        {
                            "Node Type": "Aggregate",
                            "Strategy": "Plain",
                            "Partial Mode": "Partial",
                            "Parent Relationship": "Outer",
                            "Parallel Aware": false,
                            "Startup Cost": 31864.74,
                            "Total Cost": 31864.75,
                            "Plan Rows": 1,
                            "Plan Width": 8,
                            "Actual Startup Time": 72.998,
                            "Actual Total Time": 72.999,
                            "Actual Rows": 1,
                            "Actual Loops": 4,
                            "Output": [
                                "PARTIAL count(*)"
                            ],
                            "Workers": [
                                {
                                    "Worker Number": 0,
                                    "Actual Startup Time": 70.087,
                                    "Actual Total Time": 70.087,
                                    "Actual Rows": 1,
                                    "Actual Loops": 1
                                },
                                {
                                    "Worker Number": 1,
                                    "Actual Startup Time": 70.238,
                                    "Actual Total Time": 70.239,
                                    "Actual Rows": 1,
                                    "Actual Loops": 1
                                },
                                {
                                    "Worker Number": 2,
                                    "Actual Startup Time": 70.902,
                                    "Actual Total Time": 70.903,
                                    "Actual Rows": 1,
                                    "Actual Loops": 1
                                }
                            ],
                            "Plans": [
                                {
                                    "Node Type": "Seq Scan",
                                    "Parent Relationship": "Outer",
                                    "Parallel Aware": true,
                                    "Relation Name": "movie_companies",
                                    "Schema": "public",
                                    "Alias": "mc",
                                    "Startup Cost": 0.0,
                                    "Total Cost": 31414.82,
                                    "Plan Rows": 179968,
                                    "Plan Width": 0,
                                    "Actual Startup Time": 41.425,
                                    "Actual Total Time": 69.403,
                                    "Actual Rows": 85951,
                                    "Actual Loops": 4,
                                    "Output": [
                                        "id",
                                        "movie_id",
                                        "company_id",
                                        "company_type_id",
                                        "note"
                                    ],
                                    "Filter": "((mc.company_id < 7288) AND (mc.company_type_id = 2))",
                                    "Rows Removed by Filter": 566331,
                                    "Workers": [
                                        {
                                            "Worker Number": 0,
                                            "Actual Startup Time": 38.505,
                                            "Actual Total Time": 66.565,
                                            "Actual Rows": 81763,
                                            "Actual Loops": 1
                                        },
                                        {
                                            "Worker Number": 1,
                                            "Actual Startup Time": 38.665,
                                            "Actual Total Time": 66.872,
                                            "Actual Rows": 80592,
                                            "Actual Loops": 1
                                        },
                                        {
                                            "Worker Number": 2,
                                            "Actual Startup Time": 39.336,
                                            "Actual Total Time": 67.411,
                                            "Actual Rows": 82438,
                                            "Actual Loops": 1
                                        }
                                    ]
                                }
                            ]
                        }
                    ]
                }
            ]
        },
        "Planning Time": 188.279,
        "Triggers": [],
        "Execution Time": 85.664
    }
]