[
  {
    "Plan": {
      "Node Type": "Aggregate",
      "Strategy": "Plain",
      "Partial Mode": "Finalize",
      "Parallel Aware": false,
      "Startup Cost": 31576.3,
      "Total Cost": 31576.31,
      "Plan Rows": 1,
      "Plan Width": 8,
      "Actual Startup Time": 112.06,
      "Actual Total Time": 120.523,
      "Actual Rows": 1,
      "Actual Loops": 1,
      "Plans": [
        {
          "Node Type": "Gather",
          "Parent Relationship": "Outer",
          "Parallel Aware": false,
          "Startup Cost": 31575.98,
          "Total Cost": 31576.29,
          "Plan Rows": 3,
          "Plan Width": 8,
          "Actual Startup Time": 111.952,
          "Actual Total Time": 120.515,
          "Actual Rows": 4,
          "Actual Loops": 1,
          "Workers Planned": 3,
          "Workers Launched": 3,
          "Single Copy": false,
          "Plans": [
            {
              "Node Type": "Aggregate",
              "Strategy": "Plain",
              "Partial Mode": "Partial",
              "Parent Relationship": "Outer",
              "Parallel Aware": false,
              "Startup Cost": 30575.98,
              "Total Cost": 30575.99,
              "Plan Rows": 1,
              "Plan Width": 8,
              "Actual Startup Time": 103.195,
              "Actual Total Time": 103.196,
              "Actual Rows": 1,
              "Actual Loops": 4,
              "Plans": [
                {
                  "Node Type": "Seq Scan",
                  "Parent Relationship": "Outer",
                  "Parallel Aware": true,
                  "Relation Name": "movie_companies",
                  "Alias": "mc",
                  "Startup Cost": 0.0,
                  "Total Cost": 29310.68,
                  "Plan Rows": 506120,
                  "Plan Width": 0,
                  "Actual Startup Time": 8.721,
                  "Actual Total Time": 85.878,
                  "Actual Rows": 391732,
                  "Actual Loops": 4,
                  "Filter": "(company_id > 6009)",
                  "Rows Removed by Filter": 260550
                }
              ]
            }
          ]
        }
      ]
    },
    "Planning Time": 0.148,
    "Triggers": [],
    "Execution Time": 120.57
  }
]