[
  {
    "Plan": {
      "Node Type": "Aggregate",
      "Strategy": "Plain",
      "Partial Mode": "Finalize",
      "Parallel Aware": false,
      "Startup Cost": 74404.82,
      "Total Cost": 74404.83,
      "Plan Rows": 1,
      "Plan Width": 8,
      "Actual Startup Time": 238.921,
      "Actual Total Time": 256.682,
      "Actual Rows": 1,
      "Actual Loops": 1,
      "Plans": [
        {
          "Node Type": "Gather",
          "Parent Relationship": "Outer",
          "Parallel Aware": false,
          "Startup Cost": 74404.5,
          "Total Cost": 74404.81,
          "Plan Rows": 3,
          "Plan Width": 8,
          "Actual Startup Time": 238.677,
          "Actual Total Time": 256.658,
          "Actual Rows": 4,
          "Actual Loops": 1,
          "Workers Planned": 3,
          "Workers Launched": 3,
          "Single Copy": false,
          "Plans": [
            {
              "Node Type": "Aggregate",
              "Strategy": "Plain",
              "Partial Mode": "Partial",
              "Parent Relationship": "Outer",
              "Parallel Aware": false,
              "Startup Cost": 73404.5,
              "Total Cost": 73404.51,
              "Plan Rows": 1,
              "Plan Width": 8,
              "Actual Startup Time": 229.54,
              "Actual Total Time": 229.545,
              "Actual Rows": 1,
              "Actual Loops": 4,
              "Plans": [
                {
                  "Node Type": "Hash Join",
                  "Parent Relationship": "Outer",
                  "Parallel Aware": true,
                  "Join Type": "Inner",
                  "Startup Cost": 43969.83,
                  "Total Cost": 73385.72,
                  "Plan Rows": 7511,
                  "Plan Width": 0,
                  "Actual Startup Time": 122.751,
                  "Actual Total Time": 228.869,
                  "Actual Rows": 11853,
                  "Actual Loops": 4,
                  "Inner Unique": true,
                  "Hash Cond": "(mc.movie_id = t.id)",
                  "Plans": [
                    {
                      "Node Type": "Seq Scan",
                      "Parent Relationship": "Outer",
                      "Parallel Aware": true,
                      "Relation Name": "movie_companies",
                      "Alias": "mc",
                      "Startup Cost": 0.0,
                      "Total Cost": 27206.55,
                      "Plan Rows": 841655,
                      "Plan Width": 4,
                      "Actual Startup Time": 0.008,
                      "Actual Total Time": 61.125,
                      "Actual Rows": 652282,
                      "Actual Loops": 4
                    },
                    {
                      "Node Type": "Hash",
                      "Parent Relationship": "Inner",
                      "Parallel Aware": true,
                      "Startup Cost": 43899.32,
                      "Total Cost": 43899.32,
                      "Plan Rows": 5641,
                      "Plan Width": 4,
                      "Actual Startup Time": 99.688,
                      "Actual Total Time": 99.688,
                      "Actual Rows": 6127,
                      "Actual Loops": 4,
                      "Hash Buckets": 32768,
                      "Original Hash Buckets": 32768,
                      "Hash Batches": 1,
                      "Original Hash Batches": 1,
                      "Peak Memory Usage": 1312,
                      "Plans": [
                        {
                          "Node Type": "Seq Scan",
                          "Parent Relationship": "Outer",
                          "Parallel Aware": true,
                          "Relation Name": "title",
                          "Alias": "t",
                          "Startup Cost": 0.0,
                          "Total Cost": 43899.32,
                          "Plan Rows": 5641,
                          "Plan Width": 4,
                          "Actual Startup Time": 61.22,
                          "Actual Total Time": 97.289,
                          "Actual Rows": 6127,
                          "Actual Loops": 4,
                          "Filter": "(production_year < 1910)",
                          "Rows Removed by Filter": 625951
                        }
                      ]
                    }
                  ]
                }
              ]
            }
          ]
        }
      ]
    },
    "Planning Time": 0.599,
    "Triggers": [],
    "Execution Time": 256.759
  }
]