{
  "Plan": {
    "Node Type": "Aggregate",
    "Strategy": "Plain",
    "Partial Mode": "Finalize",
    "Parallel Aware": false,
    "Startup Cost": 93343.74,
    "Total Cost": 93343.75,
    "Plan Rows": 1,
    "Plan Width": 8,
    "Actual Startup Time": 477.556,
    "Actual Total Time": 494.573,
    "Actual Rows": 1,
    "Actual Loops": 1,
    "Plans": [
      {
        "Node Type": "Gather",
        "Parent Relationship": "Outer",
        "Parallel Aware": false,
        "Startup Cost": 93343.63,
        "Total Cost": 93343.74,
        "Plan Rows": 1,
        "Plan Width": 8,
        "Actual Startup Time": 474.101,
        "Actual Total Time": 494.548,
        "Actual Rows": 2,
        "Actual Loops": 1,
        "Workers Planned": 1,
        "Workers Launched": 1,
        "Single Copy": false,
        "Plans": [
          {
            "Node Type": "Aggregate",
            "Strategy": "Plain",
            "Partial Mode": "Partial",
            "Parent Relationship": "Outer",
            "Parallel Aware": false,
            "Startup Cost": 92343.63,
            "Total Cost": 92343.64,
            "Plan Rows": 1,
            "Plan Width": 8,
            "Actual Startup Time": 466.18,
            "Actual Total Time": 466.184,
            "Actual Rows": 1,
            "Actual Loops": 2,
            "Plans": [
              {
                "Node Type": "Hash Join",
                "Parent Relationship": "Outer",
                "Parallel Aware": true,
                "Join Type": "Inner",
                "Startup Cost": 66803.0,
                "Total Cost": 92305.14,
                "Plan Rows": 15396,
                "Plan Width": 0,
                "Actual Startup Time": 428.326,
                "Actual Total Time": 465.91,
                "Actual Rows": 3629,
                "Actual Loops": 2,
                "Inner Unique": true,
                "Hash Cond": "(mk.movie_id = t.id)",
                "Plans": [
                  {
                    "Node Type": "Bitmap Heap Scan",
                    "Parent Relationship": "Outer",
                    "Parallel Aware": true,
                    "Relation Name": "movie_keyword",
                    "Alias": "mk",
                    "Startup Cost": 914.13,
                    "Total Cost": 26349.79,
                    "Plan Rows": 25328,
                    "Plan Width": 4,
                    "Actual Startup Time": 8.592,
                    "Actual Total Time": 32.928,
                    "Actual Rows": 19446,
                    "Actual Loops": 2,
                    "Recheck Cond": "(keyword_id < 47)",
                    "Rows Removed by Index Recheck": 0,
                    "Exact Heap Blocks": 9219,
                    "Lossy Heap Blocks": 0,
                    "Plans": [
                      {
                        "Node Type": "Bitmap Index Scan",
                        "Parent Relationship": "Outer",
                        "Parallel Aware": false,
                        "Index Name": "keyword_id_movie_keyword",
                        "Startup Cost": 0.0,
                        "Total Cost": 903.37,
                        "Plan Rows": 43058,
                        "Plan Width": 0,
                        "Actual Startup Time": 5.213,
                        "Actual Total Time": 5.214,
                        "Actual Rows": 38892,
                        "Actual Loops": 1,
                        "Index Cond": "(keyword_id < 47)"
                      }
                    ]
                  },
                  {
                    "Node Type": "Hash",
                    "Parent Relationship": "Inner",
                    "Parallel Aware": true,
                    "Startup Cost": 54588.39,
                    "Total Cost": 54588.39,
                    "Plan Rows": 904038,
                    "Plan Width": 4,
                    "Actual Startup Time": 405.15,
                    "Actual Total Time": 405.15,
                    "Actual Rows": 771632,
                    "Actual Loops": 2,
                    "Hash Buckets": 2097152,
                    "Original Hash Buckets": 2097152,
                    "Hash Batches": 1,
                    "Original Hash Batches": 1,
                    "Peak Memory Usage": 76800,
                    "Plans": [
                      {
                        "Node Type": "Seq Scan",
                        "Parent Relationship": "Outer",
                        "Parallel Aware": true,
                        "Relation Name": "title",
                        "Alias": "t",
                        "Startup Cost": 0.0,
                        "Total Cost": 54588.39,
                        "Plan Rows": 904038,
                        "Plan Width": 4,
                        "Actual Startup Time": 0.027,
                        "Actual Total Time": 183.494,
                        "Actual Rows": 771632,
                        "Actual Loops": 2,
                        "Filter": "(kind_id = 7)",
                        "Rows Removed by Filter": 492524
                      }
                    ]
                  }
                ]
              }
            ]
          }
        ]
      }
    ]
  },
  "Planning Time": 0.688,
  "Triggers": [],
  "Execution Time": 494.664
}