[
  {
    "Plan": {
      "Node Type": "Aggregate",
      "Strategy": "Plain",
      "Partial Mode": "Finalize",
      "Parallel Aware": false,
      "Startup Cost": 46730.21,
      "Total Cost": 46730.22,
      "Plan Rows": 1,
      "Plan Width": 8,
      "Actual Startup Time": 149.756,
      "Actual Total Time": 160.452,
      "Actual Rows": 1,
      "Actual Loops": 1,
      "Plans": [
        {
          "Node Type": "Gather",
          "Parent Relationship": "Outer",
          "Parallel Aware": false,
          "Startup Cost": 46729.89,
          "Total Cost": 46730.2,
          "Plan Rows": 3,
          "Plan Width": 8,
          "Actual Startup Time": 149.645,
          "Actual Total Time": 160.445,
          "Actual Rows": 4,
          "Actual Loops": 1,
          "Workers Planned": 3,
          "Workers Launched": 3,
          "Single Copy": false,
          "Plans": [
            {
              "Node Type": "Aggregate",
              "Strategy": "Plain",
              "Partial Mode": "Partial",
              "Parent Relationship": "Outer",
              "Parallel Aware": false,
              "Startup Cost": 45729.89,
              "Total Cost": 45729.9,
              "Plan Rows": 1,
              "Plan Width": 8,
              "Actual Startup Time": 145.971,
              "Actual Total Time": 145.972,
              "Actual Rows": 1,
              "Actual Loops": 4,
              "Plans": [
                {
                  "Node Type": "Seq Scan",
                  "Parent Relationship": "Outer",
                  "Parallel Aware": true,
                  "Relation Name": "movie_keyword",
                  "Alias": "mk",
                  "Startup Cost": 0.0,
                  "Total Cost": 42695.65,
                  "Plan Rows": 1213695,
                  "Plan Width": 0,
                  "Actual Startup Time": 0.045,
                  "Actual Total Time": 108.864,
                  "Actual Rows": 940920,
                  "Actual Loops": 4,
                  "Filter": "(keyword_id > 711)",
                  "Rows Removed by Filter": 190062
                }
              ]
            }
          ]
        }
      ]
    },
    "Planning Time": 0.054,
    "Triggers": [],
    "Execution Time": 160.476
  }
]