[
  {
    "Plan": {
      "Node Type": "Aggregate",
      "Strategy": "Plain",
      "Partial Mode": "Finalize",
      "Parallel Aware": false,
      "Startup Cost": 180685.15,
      "Total Cost": 180685.16,
      "Plan Rows": 1,
      "Plan Width": 8,
      "Actual Startup Time": 1873.1,
      "Actual Total Time": 1948.238,
      "Actual Rows": 1,
      "Actual Loops": 1,
      "Plans": [
        {
          "Node Type": "Gather",
          "Parent Relationship": "Outer",
          "Parallel Aware": false,
          "Startup Cost": 180684.73,
          "Total Cost": 180685.14,
          "Plan Rows": 4,
          "Plan Width": 8,
          "Actual Startup Time": 1869.903,
          "Actual Total Time": 1948.224,
          "Actual Rows": 5,
          "Actual Loops": 1,
          "Workers Planned": 4,
          "Workers Launched": 4,
          "Single Copy": false,
          "Plans": [
            {
              "Node Type": "Aggregate",
              "Strategy": "Plain",
              "Partial Mode": "Partial",
              "Parent Relationship": "Outer",
              "Parallel Aware": false,
              "Startup Cost": 179684.73,
              "Total Cost": 179684.74,
              "Plan Rows": 1,
              "Plan Width": 8,
              "Actual Startup Time": 1859.894,
              "Actual Total Time": 1859.992,
              "Actual Rows": 1,
              "Actual Loops": 5,
              "Plans": [
                {
                  "Node Type": "Nested Loop",
                  "Parent Relationship": "Outer",
                  "Parallel Aware": false,
                  "Join Type": "Inner",
                  "Startup Cost": 30681.24,
                  "Total Cost": 178908.61,
                  "Plan Rows": 310449,
                  "Plan Width": 0,
                  "Actual Startup Time": 142.647,
                  "Actual Total Time": 1767.332,
                  "Actual Rows": 1427624,
                  "Actual Loops": 5,
                  "Inner Unique": false,
                  "Plans": [
                    {
                      "Node Type": "Hash Join",
                      "Parent Relationship": "Outer",
                      "Parallel Aware": true,
                      "Join Type": "Inner",
                      "Startup Cost": 30680.81,
                      "Total Cost": 76331.18,
                      "Plan Rows": 53093,
                      "Plan Width": 8,
                      "Actual Startup Time": 142.548,
                      "Actual Total Time": 415.572,
                      "Actual Rows": 85147,
                      "Actual Loops": 5,
                      "Inner Unique": false,
                      "Hash Cond": "(t.id = mc.movie_id)",
                      "Plans": [
                        {
                          "Node Type": "Seq Scan",
                          "Parent Relationship": "Outer",
                          "Parallel Aware": true,
                          "Relation Name": "title",
                          "Alias": "t",
                          "Startup Cost": 0.0,
                          "Total Cost": 42318.73,
                          "Plan Rows": 632073,
                          "Plan Width": 4,
                          "Actual Startup Time": 0.017,
                          "Actual Total Time": 86.247,
                          "Actual Rows": 505662,
                          "Actual Loops": 5
                        },
                        {
                          "Node Type": "Hash",
                          "Parent Relationship": "Inner",
                          "Parallel Aware": true,
                          "Startup Cost": 29824.47,
                          "Total Cost": 29824.47,
                          "Plan Rows": 68507,
                          "Plan Width": 4,
                          "Actual Startup Time": 117.881,
                          "Actual Total Time": 117.883,
                          "Actual Rows": 85147,
                          "Actual Loops": 5,
                          "Hash Buckets": 524288,
                          "Original Hash Buckets": 262144,
                          "Hash Batches": 1,
                          "Original Hash Batches": 1,
                          "Peak Memory Usage": 22880,
                          "Plans": [
                            {
                              "Node Type": "Bitmap Heap Scan",
                              "Parent Relationship": "Outer",
                              "Parallel Aware": true,
                              "Relation Name": "movie_companies",
                              "Alias": "mc",
                              "Startup Cost": 9010.57,
                              "Total Cost": 29824.47,
                              "Plan Rows": 68507,
                              "Plan Width": 4,
                              "Actual Startup Time": 35.084,
                              "Actual Total Time": 74.572,
                              "Actual Rows": 85147,
                              "Actual Loops": 5,
                              "Recheck Cond": "(company_id > 79655)",
                              "Rows Removed by Index Recheck": 0,
                              "Filter": "(company_type_id > 1)",
                              "Rows Removed by Filter": 0,
                              "Exact Heap Blocks": 2102,
                              "Lossy Heap Blocks": 0,
                              "Plans": [
                                {
                                  "Node Type": "Bitmap Index Scan",
                                  "Parent Relationship": "Outer",
                                  "Parallel Aware": false,
                                  "Index Name": "company_id_movie_companies",
                                  "Startup Cost": 0.0,
                                  "Total Cost": 8957.48,
                                  "Plan Rows": 418273,
                                  "Plan Width": 0,
                                  "Actual Startup Time": 37.025,
                                  "Actual Total Time": 37.025,
                                  "Actual Rows": 425736,
                                  "Actual Loops": 1,
                                  "Index Cond": "(company_id > 79655)"
                                }
                              ]
                            }
                          ]
                        }
                      ]
                    },
                    {
                      "Node Type": "Index Only Scan",
                      "Parent Relationship": "Inner",
                      "Parallel Aware": false,
                      "Scan Direction": "Forward",
                      "Index Name": "movie_id_movie_info",
                      "Relation Name": "movie_info",
                      "Alias": "mi",
                      "Startup Cost": 0.43,
                      "Total Cost": 1.51,
                      "Plan Rows": 42,
                      "Plan Width": 4,
                      "Actual Startup Time": 0.005,
                      "Actual Total Time": 0.014,
                      "Actual Rows": 17,
                      "Actual Loops": 425736,
                      "Index Cond": "(movie_id = t.id)",
                      "Rows Removed by Index Recheck": 0,
                      "Heap Fetches": 7138119
                    }
                  ]
                }
              ]
            }
          ]
        }
      ]
    },
    "Planning Time": 1.429,
    "Triggers": [],
    "Execution Time": 1948.371
  }
]