{
  "Plan": {
    "Node Type": "Aggregate",
    "Strategy": "Plain",
    "Partial Mode": "Finalize",
    "Parallel Aware": false,
    "Startup Cost": 75487.23,
    "Total Cost": 75487.24,
    "Plan Rows": 1,
    "Plan Width": 8,
    "Actual Startup Time": 286.46,
    "Actual Total Time": 298.082,
    "Actual Rows": 1,
    "Actual Loops": 1,
    "Plans": [
      {
        "Node Type": "Gather",
        "Parent Relationship": "Outer",
        "Parallel Aware": false,
        "Startup Cost": 75487.12,
        "Total Cost": 75487.23,
        "Plan Rows": 1,
        "Plan Width": 8,
        "Actual Startup Time": 286.149,
        "Actual Total Time": 298.073,
        "Actual Rows": 2,
        "Actual Loops": 1,
        "Workers Planned": 1,
        "Workers Launched": 1,
        "Single Copy": false,
        "Plans": [
          {
            "Node Type": "Aggregate",
            "Strategy": "Plain",
            "Partial Mode": "Partial",
            "Parent Relationship": "Outer",
            "Parallel Aware": false,
            "Startup Cost": 74487.12,
            "Total Cost": 74487.13,
            "Plan Rows": 1,
            "Plan Width": 8,
            "Actual Startup Time": 282.67,
            "Actual Total Time": 282.675,
            "Actual Rows": 1,
            "Actual Loops": 2,
            "Plans": [
              {
                "Node Type": "Hash Join",
                "Parent Relationship": "Outer",
                "Parallel Aware": true,
                "Join Type": "Inner",
                "Startup Cost": 56282.89,
                "Total Cost": 74466.68,
                "Plan Rows": 8174,
                "Plan Width": 0,
                "Actual Startup Time": 157.899,
                "Actual Total Time": 281.98,
                "Actual Rows": 12104,
                "Actual Loops": 2,
                "Inner Unique": true,
                "Hash Cond": "(mi_idx.movie_id = t.id)",
                "Plans": [
                  {
                    "Node Type": "Seq Scan",
                    "Parent Relationship": "Outer",
                    "Parallel Aware": true,
                    "Relation Name": "movie_info_idx",
                    "Alias": "mi_idx",
                    "Startup Cost": 0.0,
                    "Total Cost": 16052.85,
                    "Plan Rows": 811785,
                    "Plan Width": 4,
                    "Actual Startup Time": 0.027,
                    "Actual Total Time": 61.541,
                    "Actual Rows": 690018,
                    "Actual Loops": 2
                  },
                  {
                    "Node Type": "Hash",
                    "Parent Relationship": "Inner",
                    "Parallel Aware": true,
                    "Startup Cost": 56095.71,
                    "Total Cost": 56095.71,
                    "Plan Rows": 14975,
                    "Plan Width": 4,
                    "Actual Startup Time": 157.072,
                    "Actual Total Time": 157.074,
                    "Actual Rows": 8160,
                    "Actual Loops": 2,
                    "Hash Buckets": 32768,
                    "Original Hash Buckets": 32768,
                    "Hash Batches": 1,
                    "Original Hash Batches": 1,
                    "Peak Memory Usage": 928,
                    "Plans": [
                      {
                        "Node Type": "Bitmap Heap Scan",
                        "Parent Relationship": "Outer",
                        "Parallel Aware": true,
                        "Relation Name": "title",
                        "Alias": "t",
                        "Startup Cost": 13445.32,
                        "Total Cost": 56095.71,
                        "Plan Rows": 14975,
                        "Plan Width": 4,
                        "Actual Startup Time": 41.587,
                        "Actual Total Time": 153.73,
                        "Actual Rows": 8160,
                        "Actual Loops": 2,
                        "Recheck Cond": "(kind_id < 3)",
                        "Rows Removed by Index Recheck": 0,
                        "Filter": "(production_year = 2004)",
                        "Rows Removed by Filter": 368679,
                        "Exact Heap Blocks": 26925,
                        "Lossy Heap Blocks": 0,
                        "Plans": [
                          {
                            "Node Type": "Bitmap Index Scan",
                            "Parent Relationship": "Outer",
                            "Parallel Aware": false,
                            "Index Name": "kind_id_title",
                            "Startup Cost": 0.0,
                            "Total Cost": 13438.96,
                            "Plan Rows": 753937,
                            "Plan Width": 0,
                            "Actual Startup Time": 38.548,
                            "Actual Total Time": 38.548,
                            "Actual Rows": 753677,
                            "Actual Loops": 1,
                            "Index Cond": "(kind_id < 3)"
                          }
                        ]
                      }
                    ]
                  }
                ]
              }
            ]
          }
        ]
      }
    ]
  },
  "Planning Time": 0.251,
  "Triggers": [],
  "Execution Time": 298.144
}