[
  {
    "Plan": {
      "Node Type": "Aggregate",
      "Strategy": "Plain",
      "Partial Mode": "Finalize",
      "Parallel Aware": false,
      "Startup Cost": 30775.53,
      "Total Cost": 30775.54,
      "Plan Rows": 1,
      "Plan Width": 8,
      "Actual Startup Time": 103.169,
      "Actual Total Time": 110.839,
      "Actual Rows": 1,
      "Actual Loops": 1,
      "Plans": [
        {
          "Node Type": "Gather",
          "Parent Relationship": "Outer",
          "Parallel Aware": false,
          "Startup Cost": 30775.21,
          "Total Cost": 30775.52,
          "Plan Rows": 3,
          "Plan Width": 8,
          "Actual Startup Time": 102.894,
          "Actual Total Time": 110.831,
          "Actual Rows": 4,
          "Actual Loops": 1,
          "Workers Planned": 3,
          "Workers Launched": 3,
          "Single Copy": false,
          "Plans": [
            {
              "Node Type": "Aggregate",
              "Strategy": "Plain",
              "Partial Mode": "Partial",
              "Parent Relationship": "Outer",
              "Parallel Aware": false,
              "Startup Cost": 29775.21,
              "Total Cost": 29775.22,
              "Plan Rows": 1,
              "Plan Width": 8,
              "Actual Startup Time": 96.022,
              "Actual Total Time": 96.023,
              "Actual Rows": 1,
              "Actual Loops": 4,
              "Plans": [
                {
                  "Node Type": "Seq Scan",
                  "Parent Relationship": "Outer",
                  "Parallel Aware": true,
                  "Relation Name": "movie_companies",
                  "Alias": "mc",
                  "Startup Cost": 0.0,
                  "Total Cost": 29310.68,
                  "Plan Rows": 185811,
                  "Plan Width": 0,
                  "Actual Startup Time": 46.121,
                  "Actual Total Time": 87.365,
                  "Actual Rows": 142601,
                  "Actual Loops": 4,
                  "Filter": "(company_id > 71354)",
                  "Rows Removed by Filter": 509682
                }
              ]
            }
          ]
        }
      ]
    },
    "Planning Time": 0.113,
    "Triggers": [],
    "Execution Time": 110.872
  }
]