[
    {
        "Bao": {
            "Bao prediction": "NaN",
            "Bao recommended hint": "(no hint)"
        }
    },
    {
        "Plan": {
            "Node Type": "Aggregate",
            "Strategy": "Plain",
            "Partial Mode": "Finalize",
            "Parallel Aware": false,
            "Startup Cost": 250370.81,
            "Total Cost": 250370.82,
            "Plan Rows": 1,
            "Plan Width": 8,
            "Actual Startup Time": 369.788,
            "Actual Total Time": 385.321,
            "Actual Rows": 1,
            "Actual Loops": 1,
            "Output": [
                "count(*)"
            ],
            "Plans": [
                {
                    "Node Type": "Gather",
                    "Parent Relationship": "Outer",
                    "Parallel Aware": false,
                    "Startup Cost": 250370.18,
                    "Total Cost": 250370.79,
                    "Plan Rows": 6,
                    "Plan Width": 8,
                    "Actual Startup Time": 366.001,
                    "Actual Total Time": 385.311,
                    "Actual Rows": 7,
                    "Actual Loops": 1,
                    "Output": [
                        "(PARTIAL count(*))"
                    ],
                    "Workers Planned": 6,
                    "Workers Launched": 6,
                    "Single Copy": false,
                    "Plans": [
                        {
                            "Node Type": "Aggregate",
                            "Strategy": "Plain",
                            "Partial Mode": "Partial",
                            "Parent Relationship": "Outer",
                            "Parallel Aware": false,
                            "Startup Cost": 249370.18,
                            "Total Cost": 249370.19,
                            "Plan Rows": 1,
                            "Plan Width": 8,
                            "Actual Startup Time": 356.148,
                            "Actual Total Time": 356.151,
                            "Actual Rows": 1,
                            "Actual Loops": 7,
                            "Output": [
                                "PARTIAL count(*)"
                            ],
                            "Workers": [
                                {
                                    "Worker Number": 0,
                                    "Actual Startup Time": 353.617,
                                    "Actual Total Time": 353.62,
                                    "Actual Rows": 1,
                                    "Actual Loops": 1
                                },
                                {
                                    "Worker Number": 1,
                                    "Actual Startup Time": 353.834,
                                    "Actual Total Time": 353.837,
                                    "Actual Rows": 1,
                                    "Actual Loops": 1
                                },
                                {
                                    "Worker Number": 2,
                                    "Actual Startup Time": 355.324,
                                    "Actual Total Time": 355.327,
                                    "Actual Rows": 1,
                                    "Actual Loops": 1
                                },
                                {
                                    "Worker Number": 3,
                                    "Actual Startup Time": 354.706,
                                    "Actual Total Time": 354.709,
                                    "Actual Rows": 1,
                                    "Actual Loops": 1
                                },
                                {
                                    "Worker Number": 4,
                                    "Actual Startup Time": 354.813,
                                    "Actual Total Time": 354.816,
                                    "Actual Rows": 1,
                                    "Actual Loops": 1
                                },
                                {
                                    "Worker Number": 5,
                                    "Actual Startup Time": 355.231,
                                    "Actual Total Time": 355.234,
                                    "Actual Rows": 1,
                                    "Actual Loops": 1
                                }
                            ],
                            "Plans": [
                                {
                                    "Node Type": "Hash Join",
                                    "Parent Relationship": "Outer",
                                    "Parallel Aware": true,
                                    "Join Type": "Inner",
                                    "Startup Cost": 47381.65,
                                    "Total Cost": 249151.15,
                                    "Plan Rows": 87612,
                                    "Plan Width": 0,
                                    "Actual Startup Time": 126.86,
                                    "Actual Total Time": 356.129,
                                    "Actual Rows": 79,
                                    "Actual Loops": 7,
                                    "Inner Unique": true,
                                    "Hash Cond": "(ci.movie_id = t.id)",
                                    "Workers": [
                                        {
                                            "Worker Number": 0,
                                            "Actual Startup Time": 120.217,
                                            "Actual Total Time": 353.599,
                                            "Actual Rows": 44,
                                            "Actual Loops": 1
                                        },
                                        {
                                            "Worker Number": 1,
                                            "Actual Startup Time": 154.889,
                                            "Actual Total Time": 353.815,
                                            "Actual Rows": 56,
                                            "Actual Loops": 1
                                        },
                                        {
                                            "Worker Number": 2,
                                            "Actual Startup Time": 128.565,
                                            "Actual Total Time": 355.304,
                                            "Actual Rows": 51,
                                            "Actual Loops": 1
                                        },
                                        {
                                            "Worker Number": 3,
                                            "Actual Startup Time": 116.229,
                                            "Actual Total Time": 354.69,
                                            "Actual Rows": 43,
                                            "Actual Loops": 1
                                        },
                                        {
                                            "Worker Number": 4,
                                            "Actual Startup Time": 119.462,
                                            "Actual Total Time": 354.787,
                                            "Actual Rows": 89,
                                            "Actual Loops": 1
                                        },
                                        {
                                            "Worker Number": 5,
                                            "Actual Startup Time": 119.743,
                                            "Actual Total Time": 355.212,
                                            "Actual Rows": 118,
                                            "Actual Loops": 1
                                        }
                                    ],
                                    "Plans": [
                                        {
                                            "Node Type": "Index Scan",
                                            "Parent Relationship": "Outer",
                                            "Parallel Aware": true,
                                            "Scan Direction": "Forward",
                                            "Index Name": "role_id_cast_info",
                                            "Relation Name": "cast_info",
                                            "Schema": "public",
                                            "Alias": "ci",
                                            "Startup Cost": 0.56,
                                            "Total Cost": 200814.65,
                                            "Plan Rows": 363968,
                                            "Plan Width": 4,
                                            "Actual Startup Time": 8.079,
                                            "Actual Total Time": 238.583,
                                            "Actual Rows": 255,
                                            "Actual Loops": 7,
                                            "Output": [
                                                "ci.id",
                                                "ci.person_id",
                                                "ci.movie_id",
                                                "ci.person_role_id",
                                                "ci.note",
                                                "ci.nr_order",
                                                "ci.role_id"
                                            ],
                                            "Index Cond": "(ci.role_id = 2)",
                                            "Rows Removed by Index Recheck": 0,
                                            "Filter": "(ci.person_id < 1040076)",
                                            "Rows Removed by Filter": 1064312,
                                            "Workers": [
                                                {
                                                    "Worker Number": 0,
                                                    "Actual Startup Time": 2.955,
                                                    "Actual Total Time": 238.569,
                                                    "Actual Rows": 237,
                                                    "Actual Loops": 1
                                                },
                                                {
                                                    "Worker Number": 1,
                                                    "Actual Startup Time": 40.276,
                                                    "Actual Total Time": 238.674,
                                                    "Actual Rows": 184,
                                                    "Actual Loops": 1
                                                },
                                                {
                                                    "Worker Number": 2,
                                                    "Actual Startup Time": 7.453,
                                                    "Actual Total Time": 238.8,
                                                    "Actual Rows": 120,
                                                    "Actual Loops": 1
                                                },
                                                {
                                                    "Worker Number": 3,
                                                    "Actual Startup Time": 0.709,
                                                    "Actual Total Time": 238.748,
                                                    "Actual Rows": 126,
                                                    "Actual Loops": 1
                                                },
                                                {
                                                    "Worker Number": 4,
                                                    "Actual Startup Time": 3.844,
                                                    "Actual Total Time": 238.359,
                                                    "Actual Rows": 270,
                                                    "Actual Loops": 1
                                                },
                                                {
                                                    "Worker Number": 5,
                                                    "Actual Startup Time": 0.125,
                                                    "Actual Total Time": 238.696,
                                                    "Actual Rows": 202,
                                                    "Actual Loops": 1
                                                }
                                            ]
                                        },
                                        {
                                            "Node Type": "Hash",
                                            "Parent Relationship": "Inner",
                                            "Parallel Aware": true,
                                            "Startup Cost": 45479.21,
                                            "Total Cost": 45479.21,
                                            "Plan Rows": 152150,
                                            "Plan Width": 4,
                                            "Actual Startup Time": 114.605,
                                            "Actual Total Time": 114.606,
                                            "Actual Rows": 73375,
                                            "Actual Loops": 7,
                                            "Output": [
                                                "t.id"
                                            ],
                                            "Hash Buckets": 1048576,
                                            "Original Hash Buckets": 1048576,
                                            "Hash Batches": 1,
                                            "Original Hash Batches": 1,
                                            "Peak Memory Usage": 28416,
                                            "Workers": [
                                                {
                                                    "Worker Number": 0,
                                                    "Actual Startup Time": 113.786,
                                                    "Actual Total Time": 113.787,
                                                    "Actual Rows": 62012,
                                                    "Actual Loops": 1
                                                },
                                                {
                                                    "Worker Number": 1,
                                                    "Actual Startup Time": 113.98,
                                                    "Actual Total Time": 113.981,
                                                    "Actual Rows": 58255,
                                                    "Actual Loops": 1
                                                },
                                                {
                                                    "Worker Number": 2,
                                                    "Actual Startup Time": 114.046,
                                                    "Actual Total Time": 114.048,
                                                    "Actual Rows": 61502,
                                                    "Actual Loops": 1
                                                },
                                                {
                                                    "Worker Number": 3,
                                                    "Actual Startup Time": 114.906,
                                                    "Actual Total Time": 114.907,
                                                    "Actual Rows": 61252,
                                                    "Actual Loops": 1
                                                },
                                                {
                                                    "Worker Number": 4,
                                                    "Actual Startup Time": 114.991,
                                                    "Actual Total Time": 114.992,
                                                    "Actual Rows": 60642,
                                                    "Actual Loops": 1
                                                },
                                                {
                                                    "Worker Number": 5,
                                                    "Actual Startup Time": 115.425,
                                                    "Actual Total Time": 115.426,
                                                    "Actual Rows": 88594,
                                                    "Actual Loops": 1
                                                }
                                            ],
                                            "Plans": [
                                                {
                                                    "Node Type": "Seq Scan",
                                                    "Parent Relationship": "Outer",
                                                    "Parallel Aware": true,
                                                    "Relation Name": "title",
                                                    "Schema": "public",
                                                    "Alias": "t",
                                                    "Startup Cost": 0.0,
                                                    "Total Cost": 45479.21,
                                                    "Plan Rows": 152150,
                                                    "Plan Width": 4,
                                                    "Actual Startup Time": 0.046,
                                                    "Actual Total Time": 80.403,
                                                    "Actual Rows": 73375,
                                                    "Actual Loops": 7,
                                                    "Output": [
                                                        "t.id"
                                                    ],
                                                    "Filter": "((t.kind_id < 6) AND (t.production_year > 1996))",
                                                    "Rows Removed by Filter": 287813,
                                                    "Workers": [
                                                        {
                                                            "Worker Number": 0,
                                                            "Actual Startup Time": 0.051,
                                                            "Actual Total Time": 80.711,
                                                            "Actual Rows": 62012,
                                                            "Actual Loops": 1
                                                        },
                                                        {
                                                            "Worker Number": 1,
                                                            "Actual Startup Time": 0.052,
                                                            "Actual Total Time": 81.224,
                                                            "Actual Rows": 58255,
                                                            "Actual Loops": 1
                                                        },
                                                        {
                                                            "Worker Number": 2,
                                                            "Actual Startup Time": 0.045,
                                                            "Actual Total Time": 81.288,
                                                            "Actual Rows": 61502,
                                                            "Actual Loops": 1
                                                        },
                                                        {
                                                            "Worker Number": 3,
                                                            "Actual Startup Time": 0.056,
                                                            "Actual Total Time": 80.374,
                                                            "Actual Rows": 61252,
                                                            "Actual Loops": 1
                                                        },
                                                        {
                                                            "Worker Number": 4,
                                                            "Actual Startup Time": 0.044,
                                                            "Actual Total Time": 81.341,
                                                            "Actual Rows": 60642,
                                                            "Actual Loops": 1
                                                        },
                                                        {
                                                            "Worker Number": 5,
                                                            "Actual Startup Time": 0.058,
                                                            "Actual Total Time": 80.082,
                                                            "Actual Rows": 88594,
                                                            "Actual Loops": 1
                                                        }
                                                    ]
                                                }
                                            ]
                                        }
                                    ]
                                }
                            ]
                        }
                    ]
                }
            ]
        },
        "Planning Time": 186.999,
        "Triggers": [],
        "Execution Time": 385.433
    }
]