[
  {
    "Plan": {
      "Node Type": "Aggregate",
      "Strategy": "Plain",
      "Partial Mode": "Finalize",
      "Parallel Aware": false,
      "Startup Cost": 33304.68,
      "Total Cost": 33304.69,
      "Plan Rows": 1,
      "Plan Width": 8,
      "Actual Startup Time": 91.909,
      "Actual Total Time": 99.472,
      "Actual Rows": 1,
      "Actual Loops": 1,
      "Plans": [
        {
          "Node Type": "Gather",
          "Parent Relationship": "Outer",
          "Parallel Aware": false,
          "Startup Cost": 33304.36,
          "Total Cost": 33304.67,
          "Plan Rows": 3,
          "Plan Width": 8,
          "Actual Startup Time": 91.784,
          "Actual Total Time": 99.465,
          "Actual Rows": 4,
          "Actual Loops": 1,
          "Workers Planned": 3,
          "Workers Launched": 3,
          "Single Copy": false,
          "Plans": [
            {
              "Node Type": "Aggregate",
              "Strategy": "Plain",
              "Partial Mode": "Partial",
              "Parent Relationship": "Outer",
              "Parallel Aware": false,
              "Startup Cost": 32304.36,
              "Total Cost": 32304.37,
              "Plan Rows": 1,
              "Plan Width": 8,
              "Actual Startup Time": 86.468,
              "Actual Total Time": 86.471,
              "Actual Rows": 1,
              "Actual Loops": 4,
              "Plans": [
                {
                  "Node Type": "Seq Scan",
                  "Parent Relationship": "Outer",
                  "Parallel Aware": true,
                  "Relation Name": "movie_companies",
                  "Alias": "mc",
                  "Startup Cost": 0.0,
                  "Total Cost": 31414.82,
                  "Plan Rows": 355816,
                  "Plan Width": 0,
                  "Actual Startup Time": 39.161,
                  "Actual Total Time": 76.432,
                  "Actual Rows": 221701,
                  "Actual Loops": 4,
                  "Filter": "((company_id < 77428) AND (company_type_id = 2))",
                  "Rows Removed by Filter": 430581
                }
              ]
            }
          ]
        }
      ]
    },
    "Planning Time": 0.112,
    "Triggers": [],
    "Execution Time": 99.505
  }
]