[
  {
    "Plan": {
      "Node Type": "Aggregate",
      "Strategy": "Plain",
      "Partial Mode": "Finalize",
      "Parallel Aware": false,
      "Startup Cost": 30962.05,
      "Total Cost": 30962.06,
      "Plan Rows": 1,
      "Plan Width": 8,
      "Actual Startup Time": 98.336,
      "Actual Total Time": 105.999,
      "Actual Rows": 1,
      "Actual Loops": 1,
      "Plans": [
        {
          "Node Type": "Gather",
          "Parent Relationship": "Outer",
          "Parallel Aware": false,
          "Startup Cost": 30961.73,
          "Total Cost": 30962.04,
          "Plan Rows": 3,
          "Plan Width": 8,
          "Actual Startup Time": 98.166,
          "Actual Total Time": 105.989,
          "Actual Rows": 4,
          "Actual Loops": 1,
          "Workers Planned": 3,
          "Workers Launched": 3,
          "Single Copy": false,
          "Plans": [
            {
              "Node Type": "Aggregate",
              "Strategy": "Plain",
              "Partial Mode": "Partial",
              "Parent Relationship": "Outer",
              "Parallel Aware": false,
              "Startup Cost": 29961.73,
              "Total Cost": 29961.74,
              "Plan Rows": 1,
              "Plan Width": 8,
              "Actual Startup Time": 90.829,
              "Actual Total Time": 90.831,
              "Actual Rows": 1,
              "Actual Loops": 4,
              "Plans": [
                {
                  "Node Type": "Seq Scan",
                  "Parent Relationship": "Outer",
                  "Parallel Aware": true,
                  "Relation Name": "movie_companies",
                  "Alias": "mc",
                  "Startup Cost": 0.0,
                  "Total Cost": 29310.68,
                  "Plan Rows": 260419,
                  "Plan Width": 0,
                  "Actual Startup Time": 0.053,
                  "Actual Total Time": 77.9,
                  "Actual Rows": 201636,
                  "Actual Loops": 4,
                  "Filter": "(company_id < 1831)",
                  "Rows Removed by Filter": 450646
                }
              ]
            }
          ]
        }
      ]
    },
    "Planning Time": 0.162,
    "Triggers": [],
    "Execution Time": 106.044
  }
]