[
  {
    "Plan": {
      "Node Type": "Aggregate",
      "Strategy": "Plain",
      "Partial Mode": "Finalize",
      "Parallel Aware": false,
      "Startup Cost": 230521.27,
      "Total Cost": 230521.28,
      "Plan Rows": 1,
      "Plan Width": 8,
      "Actual Startup Time": 303.172,
      "Actual Total Time": 335.075,
      "Actual Rows": 1,
      "Actual Loops": 1,
      "Plans": [
        {
          "Node Type": "Gather",
          "Parent Relationship": "Outer",
          "Parallel Aware": false,
          "Startup Cost": 230520.85,
          "Total Cost": 230521.26,
          "Plan Rows": 4,
          "Plan Width": 8,
          "Actual Startup Time": 303.041,
          "Actual Total Time": 335.067,
          "Actual Rows": 5,
          "Actual Loops": 1,
          "Workers Planned": 4,
          "Workers Launched": 4,
          "Single Copy": false,
          "Plans": [
            {
              "Node Type": "Aggregate",
              "Strategy": "Plain",
              "Partial Mode": "Partial",
              "Parent Relationship": "Outer",
              "Parallel Aware": false,
              "Startup Cost": 229520.85,
              "Total Cost": 229520.86,
              "Plan Rows": 1,
              "Plan Width": 8,
              "Actual Startup Time": 294.532,
              "Actual Total Time": 294.534,
              "Actual Rows": 1,
              "Actual Loops": 5,
              "Plans": [
                {
                  "Node Type": "Nested Loop",
                  "Parent Relationship": "Outer",
                  "Parallel Aware": false,
                  "Join Type": "Inner",
                  "Startup Cost": 0.43,
                  "Total Cost": 229449.94,
                  "Plan Rows": 28365,
                  "Plan Width": 0,
                  "Actual Startup Time": 52.863,
                  "Actual Total Time": 286.262,
                  "Actual Rows": 170843,
                  "Actual Loops": 5,
                  "Inner Unique": false,
                  "Plans": [
                    {
                      "Node Type": "Seq Scan",
                      "Parent Relationship": "Outer",
                      "Parallel Aware": true,
                      "Relation Name": "title",
                      "Alias": "t",
                      "Startup Cost": 0.0,
                      "Total Cost": 45479.1,
                      "Plan Rows": 4851,
                      "Plan Width": 4,
                      "Actual Startup Time": 52.767,
                      "Actual Total Time": 78.742,
                      "Actual Rows": 15573,
                      "Actual Loops": 5,
                      "Filter": "((production_year < 1918) AND (kind_id = 1))",
                      "Rows Removed by Filter": 490090
                    },
                    {
                      "Node Type": "Index Only Scan",
                      "Parent Relationship": "Inner",
                      "Parallel Aware": false,
                      "Scan Direction": "Forward",
                      "Index Name": "movie_id_movie_info",
                      "Relation Name": "movie_info",
                      "Alias": "mi",
                      "Startup Cost": 0.43,
                      "Total Cost": 37.5,
                      "Plan Rows": 42,
                      "Plan Width": 4,
                      "Actual Startup Time": 0.005,
                      "Actual Total Time": 0.012,
                      "Actual Rows": 11,
                      "Actual Loops": 77864,
                      "Index Cond": "(movie_id = t.id)",
                      "Rows Removed by Index Recheck": 0,
                      "Heap Fetches": 854217
                    }
                  ]
                }
              ]
            }
          ]
        }
      ]
    },
    "Planning Time": 0.708,
    "Triggers": [],
    "Execution Time": 335.152
  }
]