[
    {
        "Bao": {
            "Bao prediction": 1087.744,
            "Bao recommended hint": "(no hint)"
        }
    },
    {
        "Plan": {
            "Node Type": "Aggregate",
            "Strategy": "Plain",
            "Partial Mode": "Finalize",
            "Parallel Aware": false,
            "Startup Cost": 20226.11,
            "Total Cost": 20226.12,
            "Plan Rows": 1,
            "Plan Width": 96,
            "Actual Startup Time": 916.169,
            "Actual Total Time": 956.505,
            "Actual Rows": 1,
            "Actual Loops": 1,
            "Output": [
                "min(mi.info)",
                "min(miidx.info)",
                "min(t.title)"
            ],
            "Plans": [
                {
                    "Node Type": "Gather",
                    "Parent Relationship": "Outer",
                    "Parallel Aware": false,
                    "Startup Cost": 20225.89,
                    "Total Cost": 20226.1,
                    "Plan Rows": 2,
                    "Plan Width": 96,
                    "Actual Startup Time": 915.852,
                    "Actual Total Time": 956.488,
                    "Actual Rows": 3,
                    "Actual Loops": 1,
                    "Output": [
                        "(PARTIAL min(mi.info))",
                        "(PARTIAL min(miidx.info))",
                        "(PARTIAL min(t.title))"
                    ],
                    "Workers Planned": 2,
                    "Workers Launched": 2,
                    "Single Copy": false,
                    "Plans": [
                        {
                            "Node Type": "Aggregate",
                            "Strategy": "Plain",
                            "Partial Mode": "Partial",
                            "Parent Relationship": "Outer",
                            "Parallel Aware": false,
                            "Startup Cost": 19225.89,
                            "Total Cost": 19225.9,
                            "Plan Rows": 1,
                            "Plan Width": 96,
                            "Actual Startup Time": 904.973,
                            "Actual Total Time": 904.985,
                            "Actual Rows": 1,
                            "Actual Loops": 3,
                            "Output": [
                                "PARTIAL min(mi.info)",
                                "PARTIAL min(miidx.info)",
                                "PARTIAL min(t.title)"
                            ],
                            "Workers": [
                                {
                                    "Worker Number": 0,
                                    "Actual Startup Time": 900.283,
                                    "Actual Total Time": 900.295,
                                    "Actual Rows": 1,
                                    "Actual Loops": 1
                                },
                                {
                                    "Worker Number": 1,
                                    "Actual Startup Time": 900.725,
                                    "Actual Total Time": 900.736,
                                    "Actual Rows": 1,
                                    "Actual Loops": 1
                                }
                            ],
                            "Plans": [
                                {
                                    "Node Type": "Hash Join",
                                    "Parent Relationship": "Outer",
                                    "Parallel Aware": false,
                                    "Join Type": "Inner",
                                    "Startup Cost": 8.73,
                                    "Total Cost": 19225.75,
                                    "Plan Rows": 18,
                                    "Plan Width": 65,
                                    "Actual Startup Time": 3.466,
                                    "Actual Total Time": 903.706,
                                    "Actual Rows": 3812,
                                    "Actual Loops": 3,
                                    "Output": [
                                        "mi.info",
                                        "miidx.info",
                                        "t.title"
                                    ],
                                    "Inner Unique": true,
                                    "Hash Cond": "(mi.info_type_id = it2.id)",
                                    "Workers": [
                                        {
                                            "Worker Number": 0,
                                            "Actual Startup Time": 3.324,
                                            "Actual Total Time": 899.016,
                                            "Actual Rows": 3979,
                                            "Actual Loops": 1
                                        },
                                        {
                                            "Worker Number": 1,
                                            "Actual Startup Time": 4.029,
                                            "Actual Total Time": 899.546,
                                            "Actual Rows": 3465,
                                            "Actual Loops": 1
                                        }
                                    ],
                                    "Plans": [
                                        {
                                            "Node Type": "Nested Loop",
                                            "Parent Relationship": "Outer",
                                            "Parallel Aware": false,
                                            "Join Type": "Inner",
                                            "Startup Cost": 6.3,
                                            "Total Cost": 19217.77,
                                            "Plan Rows": 2041,
                                            "Plan Width": 69,
                                            "Actual Startup Time": 2.366,
                                            "Actual Total Time": 895.589,
                                            "Actual Rows": 59842,
                                            "Actual Loops": 3,
                                            "Output": [
                                                "mi.info",
                                                "mi.info_type_id",
                                                "miidx.info",
                                                "t.title"
                                            ],
                                            "Inner Unique": false,
                                            "Workers": [
                                                {
                                                    "Worker Number": 0,
                                                    "Actual Startup Time": 2.73,
                                                    "Actual Total Time": 891.612,
                                                    "Actual Rows": 52516,
                                                    "Actual Loops": 1
                                                },
                                                {
                                                    "Worker Number": 1,
                                                    "Actual Startup Time": 3.421,
                                                    "Actual Total Time": 891.777,
                                                    "Actual Rows": 57161,
                                                    "Actual Loops": 1
                                                }
                                            ],
                                            "Plans": [
                                                {
                                                    "Node Type": "Nested Loop",
                                                    "Parent Relationship": "Outer",
                                                    "Parallel Aware": false,
                                                    "Join Type": "Inner",
                                                    "Startup Cost": 5.87,
                                                    "Total Cost": 19099.69,
                                                    "Plan Rows": 62,
                                                    "Plan Width": 34,
                                                    "Actual Startup Time": 2.195,
                                                    "Actual Total Time": 811.917,
                                                    "Actual Rows": 2134,
                                                    "Actual Loops": 3,
                                                    "Output": [
                                                        "mc.movie_id",
                                                        "miidx.info",
                                                        "miidx.movie_id",
                                                        "t.title",
                                                        "t.id"
                                                    ],
                                                    "Inner Unique": true,
                                                    "Workers": [
                                                        {
                                                            "Worker Number": 0,
                                                            "Actual Startup Time": 2.506,
                                                            "Actual Total Time": 809.707,
                                                            "Actual Rows": 2114,
                                                            "Actual Loops": 1
                                                        },
                                                        {
                                                            "Worker Number": 1,
                                                            "Actual Startup Time": 3.185,
                                                            "Actual Total Time": 810.157,
                                                            "Actual Rows": 2110,
                                                            "Actual Loops": 1
                                                        }
                                                    ],
                                                    "Plans": [
                                                        {
                                                            "Node Type": "Hash Join",
                                                            "Parent Relationship": "Outer",
                                                            "Parallel Aware": false,
                                                            "Join Type": "Inner",
                                                            "Startup Cost": 5.45,
                                                            "Total Cost": 18683.62,
                                                            "Plan Rows": 933,
                                                            "Plan Width": 38,
                                                            "Actual Startup Time": 1.153,
                                                            "Actual Total Time": 751.096,
                                                            "Actual Rows": 19280,
                                                            "Actual Loops": 3,
                                                            "Output": [
                                                                "mc.movie_id",
                                                                "mc.company_id",
                                                                "miidx.info",
                                                                "miidx.movie_id",
                                                                "t.title",
                                                                "t.id"
                                                            ],
                                                            "Inner Unique": true,
                                                            "Hash Cond": "(mc.company_type_id = ct.id)",
                                                            "Workers": [
                                                                {
                                                                    "Worker Number": 0,
                                                                    "Actual Startup Time": 2.099,
                                                                    "Actual Total Time": 749.421,
                                                                    "Actual Rows": 18673,
                                                                    "Actual Loops": 1
                                                                },
                                                                {
                                                                    "Worker Number": 1,
                                                                    "Actual Startup Time": 0.896,
                                                                    "Actual Total Time": 750.186,
                                                                    "Actual Rows": 19173,
                                                                    "Actual Loops": 1
                                                                }
                                                            ],
                                                            "Plans": [
                                                                {
                                                                    "Node Type": "Nested Loop",
                                                                    "Parent Relationship": "Outer",
                                                                    "Parallel Aware": false,
                                                                    "Join Type": "Inner",
                                                                    "Startup Cost": 4.39,
                                                                    "Total Cost": 18662.39,
                                                                    "Plan Rows": 3731,
                                                                    "Plan Width": 42,
                                                                    "Actual Startup Time": 0.995,
                                                                    "Actual Total Time": 742.474,
                                                                    "Actual Rows": 36650,
                                                                    "Actual Loops": 3,
                                                                    "Output": [
                                                                        "miidx.info",
                                                                        "miidx.movie_id",
                                                                        "mc.movie_id",
                                                                        "mc.company_id",
                                                                        "mc.company_type_id",
                                                                        "t.title",
                                                                        "t.id"
                                                                    ],
                                                                    "Inner Unique": false,
                                                                    "Workers": [
                                                                        {
                                                                            "Worker Number": 0,
                                                                            "Actual Startup Time": 1.859,
                                                                            "Actual Total Time": 741.07,
                                                                            "Actual Rows": 35601,
                                                                            "Actual Loops": 1
                                                                        },
                                                                        {
                                                                            "Worker Number": 1,
                                                                            "Actual Startup Time": 0.754,
                                                                            "Actual Total Time": 741.527,
                                                                            "Actual Rows": 36454,
                                                                            "Actual Loops": 1
                                                                        }
                                                                    ],
                                                                    "Plans": [
                                                                        {
                                                                            "Node Type": "Hash Join",
                                                                            "Parent Relationship": "Outer",
                                                                            "Parallel Aware": false,
                                                                            "Join Type": "Inner",
                                                                            "Startup Cost": 3.96,
                                                                            "Total Cost": 18217.25,
                                                                            "Plan Rows": 727,
                                                                            "Plan Width": 30,
                                                                            "Actual Startup Time": 0.818,
                                                                            "Actual Total Time": 671.105,
                                                                            "Actual Rows": 12562,
                                                                            "Actual Loops": 3,
                                                                            "Output": [
                                                                                "miidx.info",
                                                                                "miidx.movie_id",
                                                                                "t.title",
                                                                                "t.id"
                                                                            ],
                                                                            "Inner Unique": true,
                                                                            "Hash Cond": "(t.kind_id = kt.id)",
                                                                            "Workers": [
                                                                                {
                                                                                    "Worker Number": 0,
                                                                                    "Actual Startup Time": 1.593,
                                                                                    "Actual Total Time": 670.606,
                                                                                    "Actual Rows": 12204,
                                                                                    "Actual Loops": 1
                                                                                },
                                                                                {
                                                                                    "Worker Number": 1,
                                                                                    "Actual Startup Time": 0.531,
                                                                                    "Actual Total Time": 669.778,
                                                                                    "Actual Rows": 12581,
                                                                                    "Actual Loops": 1
                                                                                }
                                                                            ],
                                                                            "Plans": [
                                                                                {
                                                                                    "Node Type": "Nested Loop",
                                                                                    "Parent Relationship": "Outer",
                                                                                    "Parallel Aware": false,
                                                                                    "Join Type": "Inner",
                                                                                    "Startup Cost": 2.86,
                                                                                    "Total Cost": 18194.71,
                                                                                    "Plan Rows": 5089,
                                                                                    "Plan Width": 34,
                                                                                    "Actual Startup Time": 0.366,
                                                                                    "Actual Total Time": 650.502,
                                                                                    "Actual Rows": 153308,
                                                                                    "Actual Loops": 3,
                                                                                    "Output": [
                                                                                        "miidx.info",
                                                                                        "miidx.movie_id",
                                                                                        "t.title",
                                                                                        "t.id",
                                                                                        "t.kind_id"
                                                                                    ],
                                                                                    "Inner Unique": true,
                                                                                    "Workers": [
                                                                                        {
                                                                                            "Worker Number": 0,
                                                                                            "Actual Startup Time": 0.433,
                                                                                            "Actual Total Time": 650.241,
                                                                                            "Actual Rows": 150746,
                                                                                            "Actual Loops": 1
                                                                                        },
                                                                                        {
                                                                                            "Worker Number": 1,
                                                                                            "Actual Startup Time": 0.416,
                                                                                            "Actual Total Time": 648.997,
                                                                                            "Actual Rows": 154099,
                                                                                            "Actual Loops": 1
                                                                                        }
                                                                                    ],
                                                                                    "Plans": [
                                                                                        {
                                                                                            "Node Type": "Hash Join",
                                                                                            "Parent Relationship": "Outer",
                                                                                            "Parallel Aware": false,
                                                                                            "Join Type": "Inner",
                                                                                            "Startup Cost": 2.43,
                                                                                            "Total Cost": 15253.6,
                                                                                            "Plan Rows": 5089,
                                                                                            "Plan Width": 9,
                                                                                            "Actual Startup Time": 0.174,
                                                                                            "Actual Total Time": 140.395,
                                                                                            "Actual Rows": 153308,
                                                                                            "Actual Loops": 3,
                                                                                            "Output": [
                                                                                                "miidx.info",
                                                                                                "miidx.movie_id"
                                                                                            ],
                                                                                            "Inner Unique": true,
                                                                                            "Hash Cond": "(miidx.info_type_id = it.id)",
                                                                                            "Workers": [
                                                                                                {
                                                                                                    "Worker Number": 0,
                                                                                                    "Actual Startup Time": 0.192,
                                                                                                    "Actual Total Time": 139.073,
                                                                                                    "Actual Rows": 150746,
                                                                                                    "Actual Loops": 1
                                                                                                },
                                                                                                {
                                                                                                    "Worker Number": 1,
                                                                                                    "Actual Startup Time": 0.191,
                                                                                                    "Actual Total Time": 140.727,
                                                                                                    "Actual Rows": 154099,
                                                                                                    "Actual Loops": 1
                                                                                                }
                                                                                            ],
                                                                                            "Plans": [
                                                                                                {
                                                                                                    "Node Type": "Seq Scan",
                                                                                                    "Parent Relationship": "Outer",
                                                                                                    "Parallel Aware": true,
                                                                                                    "Relation Name": "movie_info_idx",
                                                                                                    "Schema": "public",
                                                                                                    "Alias": "miidx",
                                                                                                    "Startup Cost": 0.0,
                                                                                                    "Total Cost": 13685.15,
                                                                                                    "Plan Rows": 575015,
                                                                                                    "Plan Width": 13,
                                                                                                    "Actual Startup Time": 0.049,
                                                                                                    "Actual Total Time": 57.743,
                                                                                                    "Actual Rows": 460012,
                                                                                                    "Actual Loops": 3,
                                                                                                    "Output": [
                                                                                                        "miidx.id",
                                                                                                        "miidx.movie_id",
                                                                                                        "miidx.info_type_id",
                                                                                                        "miidx.info",
                                                                                                        "miidx.note"
                                                                                                    ],
                                                                                                    "Workers": [
                                                                                                        {
                                                                                                            "Worker Number": 0,
                                                                                                            "Actual Startup Time": 0.068,
                                                                                                            "Actual Total Time": 58.275,
                                                                                                            "Actual Rows": 452240,
                                                                                                            "Actual Loops": 1
                                                                                                        },
                                                                                                        {
                                                                                                            "Worker Number": 1,
                                                                                                            "Actual Startup Time": 0.066,
                                                                                                            "Actual Total Time": 57.903,
                                                                                                            "Actual Rows": 462279,
                                                                                                            "Actual Loops": 1
                                                                                                        }
                                                                                                    ]
                                                                                                },
                                                                                                {
                                                                                                    "Node Type": "Hash",
                                                                                                    "Parent Relationship": "Inner",
                                                                                                    "Parallel Aware": false,
                                                                                                    "Startup Cost": 2.41,
                                                                                                    "Total Cost": 2.41,
                                                                                                    "Plan Rows": 1,
                                                                                                    "Plan Width": 4,
                                                                                                    "Actual Startup Time": 0.051,
                                                                                                    "Actual Total Time": 0.052,
                                                                                                    "Actual Rows": 1,
                                                                                                    "Actual Loops": 3,
                                                                                                    "Output": [
                                                                                                        "it.id"
                                                                                                    ],
                                                                                                    "Hash Buckets": 1024,
                                                                                                    "Original Hash Buckets": 1024,
                                                                                                    "Hash Batches": 1,
                                                                                                    "Original Hash Batches": 1,
                                                                                                    "Peak Memory Usage": 9,
                                                                                                    "Workers": [
                                                                                                        {
                                                                                                            "Worker Number": 0,
                                                                                                            "Actual Startup Time": 0.05,
                                                                                                            "Actual Total Time": 0.051,
                                                                                                            "Actual Rows": 1,
                                                                                                            "Actual Loops": 1
                                                                                                        },
                                                                                                        {
                                                                                                            "Worker Number": 1,
                                                                                                            "Actual Startup Time": 0.05,
                                                                                                            "Actual Total Time": 0.051,
                                                                                                            "Actual Rows": 1,
                                                                                                            "Actual Loops": 1
                                                                                                        }
                                                                                                    ],
                                                                                                    "Plans": [
                                                                                                        {
                                                                                                            "Node Type": "Seq Scan",
                                                                                                            "Parent Relationship": "Outer",
                                                                                                            "Parallel Aware": false,
                                                                                                            "Relation Name": "info_type",
                                                                                                            "Schema": "public",
                                                                                                            "Alias": "it",
                                                                                                            "Startup Cost": 0.0,
                                                                                                            "Total Cost": 2.41,
                                                                                                            "Plan Rows": 1,
                                                                                                            "Plan Width": 4,
                                                                                                            "Actual Startup Time": 0.033,
                                                                                                            "Actual Total Time": 0.038,
                                                                                                            "Actual Rows": 1,
                                                                                                            "Actual Loops": 3,
                                                                                                            "Output": [
                                                                                                                "it.id"
                                                                                                            ],
                                                                                                            "Filter": "((it.info)::text = 'rating'::text)",
                                                                                                            "Rows Removed by Filter": 112,
                                                                                                            "Workers": [
                                                                                                                {
                                                                                                                    "Worker Number": 0,
                                                                                                                    "Actual Startup Time": 0.034,
                                                                                                                    "Actual Total Time": 0.039,
                                                                                                                    "Actual Rows": 1,
                                                                                                                    "Actual Loops": 1
                                                                                                                },
                                                                                                                {
                                                                                                                    "Worker Number": 1,
                                                                                                                    "Actual Startup Time": 0.033,
                                                                                                                    "Actual Total Time": 0.038,
                                                                                                                    "Actual Rows": 1,
                                                                                                                    "Actual Loops": 1
                                                                                                                }
                                                                                                            ]
                                                                                                        }
                                                                                                    ]
                                                                                                }
                                                                                            ]
                                                                                        },
                                                                                        {
                                                                                            "Node Type": "Index Scan",
                                                                                            "Parent Relationship": "Inner",
                                                                                            "Parallel Aware": false,
                                                                                            "Scan Direction": "Forward",
                                                                                            "Index Name": "title_pkey",
                                                                                            "Relation Name": "title",
                                                                                            "Schema": "public",
                                                                                            "Alias": "t",
                                                                                            "Startup Cost": 0.43,
                                                                                            "Total Cost": 0.58,
                                                                                            "Plan Rows": 1,
                                                                                            "Plan Width": 25,
                                                                                            "Actual Startup Time": 0.003,
                                                                                            "Actual Total Time": 0.003,
                                                                                            "Actual Rows": 1,
                                                                                            "Actual Loops": 459925,
                                                                                            "Output": [
                                                                                                "t.id",
                                                                                                "t.title",
                                                                                                "t.imdb_index",
                                                                                                "t.kind_id",
                                                                                                "t.production_year",
                                                                                                "t.imdb_id",
                                                                                                "t.phonetic_code",
                                                                                                "t.episode_of_id",
                                                                                                "t.season_nr",
                                                                                                "t.episode_nr",
                                                                                                "t.series_years",
                                                                                                "t.md5sum"
                                                                                            ],
                                                                                            "Index Cond": "(t.id = miidx.movie_id)",
                                                                                            "Rows Removed by Index Recheck": 0,
                                                                                            "Workers": [
                                                                                                {
                                                                                                    "Worker Number": 0,
                                                                                                    "Actual Startup Time": 0.003,
                                                                                                    "Actual Total Time": 0.003,
                                                                                                    "Actual Rows": 1,
                                                                                                    "Actual Loops": 150746
                                                                                                },
                                                                                                {
                                                                                                    "Worker Number": 1,
                                                                                                    "Actual Startup Time": 0.003,
                                                                                                    "Actual Total Time": 0.003,
                                                                                                    "Actual Rows": 1,
                                                                                                    "Actual Loops": 154099
                                                                                                }
                                                                                            ]
                                                                                        }
                                                                                    ]
                                                                                },
                                                                                {
                                                                                    "Node Type": "Hash",
                                                                                    "Parent Relationship": "Inner",
                                                                                    "Parallel Aware": false,
                                                                                    "Startup Cost": 1.09,
                                                                                    "Total Cost": 1.09,
                                                                                    "Plan Rows": 1,
                                                                                    "Plan Width": 4,
                                                                                    "Actual Startup Time": 0.051,
                                                                                    "Actual Total Time": 0.052,
                                                                                    "Actual Rows": 1,
                                                                                    "Actual Loops": 3,
                                                                                    "Output": [
                                                                                        "kt.id"
                                                                                    ],
                                                                                    "Hash Buckets": 1024,
                                                                                    "Original Hash Buckets": 1024,
                                                                                    "Hash Batches": 1,
                                                                                    "Original Hash Batches": 1,
                                                                                    "Peak Memory Usage": 9,
                                                                                    "Workers": [
                                                                                        {
                                                                                            "Worker Number": 0,
                                                                                            "Actual Startup Time": 0.063,
                                                                                            "Actual Total Time": 0.064,
                                                                                            "Actual Rows": 1,
                                                                                            "Actual Loops": 1
                                                                                        },
                                                                                        {
                                                                                            "Worker Number": 1,
                                                                                            "Actual Startup Time": 0.063,
                                                                                            "Actual Total Time": 0.063,
                                                                                            "Actual Rows": 1,
                                                                                            "Actual Loops": 1
                                                                                        }
                                                                                    ],
                                                                                    "Plans": [
                                                                                        {
                                                                                            "Node Type": "Seq Scan",
                                                                                            "Parent Relationship": "Outer",
                                                                                            "Parallel Aware": false,
                                                                                            "Relation Name": "kind_type",
                                                                                            "Schema": "public",
                                                                                            "Alias": "kt",
                                                                                            "Startup Cost": 0.0,
                                                                                            "Total Cost": 1.09,
                                                                                            "Plan Rows": 1,
                                                                                            "Plan Width": 4,
                                                                                            "Actual Startup Time": 0.036,
                                                                                            "Actual Total Time": 0.039,
                                                                                            "Actual Rows": 1,
                                                                                            "Actual Loops": 3,
                                                                                            "Output": [
                                                                                                "kt.id"
                                                                                            ],
                                                                                            "Filter": "((kt.kind)::text = 'tv series'::text)",
                                                                                            "Rows Removed by Filter": 6,
                                                                                            "Workers": [
                                                                                                {
                                                                                                    "Worker Number": 0,
                                                                                                    "Actual Startup Time": 0.048,
                                                                                                    "Actual Total Time": 0.052,
                                                                                                    "Actual Rows": 1,
                                                                                                    "Actual Loops": 1
                                                                                                },
                                                                                                {
                                                                                                    "Worker Number": 1,
                                                                                                    "Actual Startup Time": 0.048,
                                                                                                    "Actual Total Time": 0.051,
                                                                                                    "Actual Rows": 1,
                                                                                                    "Actual Loops": 1
                                                                                                }
                                                                                            ]
                                                                                        }
                                                                                    ]
                                                                                }
                                                                            ]
                                                                        },
                                                                        {
                                                                            "Node Type": "Index Scan",
                                                                            "Parent Relationship": "Inner",
                                                                            "Parallel Aware": false,
                                                                            "Scan Direction": "Forward",
                                                                            "Index Name": "movie_id_movie_companies",
                                                                            "Relation Name": "movie_companies",
                                                                            "Schema": "public",
                                                                            "Alias": "mc",
                                                                            "Startup Cost": 0.43,
                                                                            "Total Cost": 0.56,
                                                                            "Plan Rows": 5,
                                                                            "Plan Width": 12,
                                                                            "Actual Startup Time": 0.004,
                                                                            "Actual Total Time": 0.005,
                                                                            "Actual Rows": 3,
                                                                            "Actual Loops": 37686,
                                                                            "Output": [
                                                                                "mc.id",
                                                                                "mc.movie_id",
                                                                                "mc.company_id",
                                                                                "mc.company_type_id",
                                                                                "mc.note"
                                                                            ],
                                                                            "Index Cond": "(mc.movie_id = t.id)",
                                                                            "Rows Removed by Index Recheck": 0,
                                                                            "Workers": [
                                                                                {
                                                                                    "Worker Number": 0,
                                                                                    "Actual Startup Time": 0.004,
                                                                                    "Actual Total Time": 0.005,
                                                                                    "Actual Rows": 3,
                                                                                    "Actual Loops": 12204
                                                                                },
                                                                                {
                                                                                    "Worker Number": 1,
                                                                                    "Actual Startup Time": 0.004,
                                                                                    "Actual Total Time": 0.005,
                                                                                    "Actual Rows": 3,
                                                                                    "Actual Loops": 12581
                                                                                }
                                                                            ]
                                                                        }
                                                                    ]
                                                                },
                                                                {
                                                                    "Node Type": "Hash",
                                                                    "Parent Relationship": "Inner",
                                                                    "Parallel Aware": false,
                                                                    "Startup Cost": 1.05,
                                                                    "Total Cost": 1.05,
                                                                    "Plan Rows": 1,
                                                                    "Plan Width": 4,
                                                                    "Actual Startup Time": 0.052,
                                                                    "Actual Total Time": 0.053,
                                                                    "Actual Rows": 1,
                                                                    "Actual Loops": 3,
                                                                    "Output": [
                                                                        "ct.id"
                                                                    ],
                                                                    "Hash Buckets": 1024,
                                                                    "Original Hash Buckets": 1024,
                                                                    "Hash Batches": 1,
                                                                    "Original Hash Batches": 1,
                                                                    "Peak Memory Usage": 9,
                                                                    "Workers": [
                                                                        {
                                                                            "Worker Number": 0,
                                                                            "Actual Startup Time": 0.064,
                                                                            "Actual Total Time": 0.065,
                                                                            "Actual Rows": 1,
                                                                            "Actual Loops": 1
                                                                        },
                                                                        {
                                                                            "Worker Number": 1,
                                                                            "Actual Startup Time": 0.064,
                                                                            "Actual Total Time": 0.065,
                                                                            "Actual Rows": 1,
                                                                            "Actual Loops": 1
                                                                        }
                                                                    ],
                                                                    "Plans": [
                                                                        {
                                                                            "Node Type": "Seq Scan",
                                                                            "Parent Relationship": "Outer",
                                                                            "Parallel Aware": false,
                                                                            "Relation Name": "company_type",
                                                                            "Schema": "public",
                                                                            "Alias": "ct",
                                                                            "Startup Cost": 0.0,
                                                                            "Total Cost": 1.05,
                                                                            "Plan Rows": 1,
                                                                            "Plan Width": 4,
                                                                            "Actual Startup Time": 0.03,
                                                                            "Actual Total Time": 0.033,
                                                                            "Actual Rows": 1,
                                                                            "Actual Loops": 3,
                                                                            "Output": [
                                                                                "ct.id"
                                                                            ],
                                                                            "Filter": "((ct.kind)::text = 'distributors'::text)",
                                                                            "Rows Removed by Filter": 3,
                                                                            "Workers": [
                                                                                {
                                                                                    "Worker Number": 0,
                                                                                    "Actual Startup Time": 0.039,
                                                                                    "Actual Total Time": 0.042,
                                                                                    "Actual Rows": 1,
                                                                                    "Actual Loops": 1
                                                                                },
                                                                                {
                                                                                    "Worker Number": 1,
                                                                                    "Actual Startup Time": 0.038,
                                                                                    "Actual Total Time": 0.042,
                                                                                    "Actual Rows": 1,
                                                                                    "Actual Loops": 1
                                                                                }
                                                                            ]
                                                                        }
                                                                    ]
                                                                }
                                                            ]
                                                        },
                                                        {
                                                            "Node Type": "Index Scan",
                                                            "Parent Relationship": "Inner",
                                                            "Parallel Aware": false,
                                                            "Scan Direction": "Forward",
                                                            "Index Name": "company_name_pkey",
                                                            "Relation Name": "company_name",
                                                            "Schema": "public",
                                                            "Alias": "cn",
                                                            "Startup Cost": 0.42,
                                                            "Total Cost": 0.45,
                                                            "Plan Rows": 1,
                                                            "Plan Width": 4,
                                                            "Actual Startup Time": 0.003,
                                                            "Actual Total Time": 0.003,
                                                            "Actual Rows": 0,
                                                            "Actual Loops": 57841,
                                                            "Output": [
                                                                "cn.id",
                                                                "cn.name",
                                                                "cn.country_code",
                                                                "cn.imdb_id",
                                                                "cn.name_pcode_nf",
                                                                "cn.name_pcode_sf",
                                                                "cn.md5sum"
                                                            ],
                                                            "Index Cond": "(cn.id = mc.company_id)",
                                                            "Rows Removed by Index Recheck": 0,
                                                            "Filter": "((cn.country_code)::text = '[gb]'::text)",
                                                            "Rows Removed by Filter": 1,
                                                            "Workers": [
                                                                {
                                                                    "Worker Number": 0,
                                                                    "Actual Startup Time": 0.003,
                                                                    "Actual Total Time": 0.003,
                                                                    "Actual Rows": 0,
                                                                    "Actual Loops": 18673
                                                                },
                                                                {
                                                                    "Worker Number": 1,
                                                                    "Actual Startup Time": 0.003,
                                                                    "Actual Total Time": 0.003,
                                                                    "Actual Rows": 0,
                                                                    "Actual Loops": 19173
                                                                }
                                                            ]
                                                        }
                                                    ]
                                                },
                                                {
                                                    "Node Type": "Index Scan",
                                                    "Parent Relationship": "Inner",
                                                    "Parallel Aware": false,
                                                    "Scan Direction": "Forward",
                                                    "Index Name": "movie_id_movie_info",
                                                    "Relation Name": "movie_info",
                                                    "Schema": "public",
                                                    "Alias": "mi",
                                                    "Startup Cost": 0.43,
                                                    "Total Cost": 1.49,
                                                    "Plan Rows": 41,
                                                    "Plan Width": 51,
                                                    "Actual Startup Time": 0.011,
                                                    "Actual Total Time": 0.034,
                                                    "Actual Rows": 28,
                                                    "Actual Loops": 6402,
                                                    "Output": [
                                                        "mi.id",
                                                        "mi.movie_id",
                                                        "mi.info_type_id",
                                                        "mi.info",
                                                        "mi.note"
                                                    ],
                                                    "Index Cond": "(mi.movie_id = t.id)",
                                                    "Rows Removed by Index Recheck": 0,
                                                    "Workers": [
                                                        {
                                                            "Worker Number": 0,
                                                            "Actual Startup Time": 0.011,
                                                            "Actual Total Time": 0.034,
                                                            "Actual Rows": 25,
                                                            "Actual Loops": 2114
                                                        },
                                                        {
                                                            "Worker Number": 1,
                                                            "Actual Startup Time": 0.011,
                                                            "Actual Total Time": 0.034,
                                                            "Actual Rows": 27,
                                                            "Actual Loops": 2110
                                                        }
                                                    ]
                                                }
                                            ]
                                        },
                                        {
                                            "Node Type": "Hash",
                                            "Parent Relationship": "Inner",
                                            "Parallel Aware": false,
                                            "Startup Cost": 2.41,
                                            "Total Cost": 2.41,
                                            "Plan Rows": 1,
                                            "Plan Width": 4,
                                            "Actual Startup Time": 0.108,
                                            "Actual Total Time": 0.109,
                                            "Actual Rows": 1,
                                            "Actual Loops": 3,
                                            "Output": [
                                                "it2.id"
                                            ],
                                            "Hash Buckets": 1024,
                                            "Original Hash Buckets": 1024,
                                            "Hash Batches": 1,
                                            "Original Hash Batches": 1,
                                            "Peak Memory Usage": 9,
                                            "Workers": [
                                                {
                                                    "Worker Number": 0,
                                                    "Actual Startup Time": 0.118,
                                                    "Actual Total Time": 0.119,
                                                    "Actual Rows": 1,
                                                    "Actual Loops": 1
                                                },
                                                {
                                                    "Worker Number": 1,
                                                    "Actual Startup Time": 0.117,
                                                    "Actual Total Time": 0.118,
                                                    "Actual Rows": 1,
                                                    "Actual Loops": 1
                                                }
                                            ],
                                            "Plans": [
                                                {
                                                    "Node Type": "Seq Scan",
                                                    "Parent Relationship": "Outer",
                                                    "Parallel Aware": false,
                                                    "Relation Name": "info_type",
                                                    "Schema": "public",
                                                    "Alias": "it2",
                                                    "Startup Cost": 0.0,
                                                    "Total Cost": 2.41,
                                                    "Plan Rows": 1,
                                                    "Plan Width": 4,
                                                    "Actual Startup Time": 0.06,
                                                    "Actual Total Time": 0.08,
                                                    "Actual Rows": 1,
                                                    "Actual Loops": 3,
                                                    "Output": [
                                                        "it2.id"
                                                    ],
                                                    "Filter": "((it2.info)::text = 'release dates'::text)",
                                                    "Rows Removed by Filter": 112,
                                                    "Workers": [
                                                        {
                                                            "Worker Number": 0,
                                                            "Actual Startup Time": 0.074,
                                                            "Actual Total Time": 0.095,
                                                            "Actual Rows": 1,
                                                            "Actual Loops": 1
                                                        },
                                                        {
                                                            "Worker Number": 1,
                                                            "Actual Startup Time": 0.073,
                                                            "Actual Total Time": 0.093,
                                                            "Actual Rows": 1,
                                                            "Actual Loops": 1
                                                        }
                                                    ]
                                                }
                                            ]
                                        }
                                    ]
                                }
                            ]
                        }
                    ]
                }
            ]
        },
        "Planning Time": 1457.479,
        "Triggers": [],
        "Execution Time": 957.569
    }
]