[
  {
    "Plan": {
      "Node Type": "Aggregate",
      "Strategy": "Plain",
      "Partial Mode": "Finalize",
      "Parallel Aware": false,
      "Startup Cost": 347738.03,
      "Total Cost": 347738.04,
      "Plan Rows": 1,
      "Plan Width": 8,
      "Actual Startup Time": 634.676,
      "Actual Total Time": 663.511,
      "Actual Rows": 1,
      "Actual Loops": 1,
      "Plans": [
        {
          "Node Type": "Gather",
          "Parent Relationship": "Outer",
          "Parallel Aware": false,
          "Startup Cost": 347737.4,
          "Total Cost": 347738.01,
          "Plan Rows": 6,
          "Plan Width": 8,
          "Actual Startup Time": 634.568,
          "Actual Total Time": 663.505,
          "Actual Rows": 7,
          "Actual Loops": 1,
          "Workers Planned": 6,
          "Workers Launched": 6,
          "Single Copy": false,
          "Plans": [
            {
              "Node Type": "Aggregate",
              "Strategy": "Plain",
              "Partial Mode": "Partial",
              "Parent Relationship": "Outer",
              "Parallel Aware": false,
              "Startup Cost": 346737.4,
              "Total Cost": 346737.41,
              "Plan Rows": 1,
              "Plan Width": 8,
              "Actual Startup Time": 628.355,
              "Actual Total Time": 628.356,
              "Actual Rows": 1,
              "Actual Loops": 7,
              "Plans": [
                {
                  "Node Type": "Seq Scan",
                  "Parent Relationship": "Outer",
                  "Parallel Aware": true,
                  "Relation Name": "cast_info",
                  "Alias": "ci",
                  "Startup Cost": 0.0,
                  "Total Cost": 343318.94,
                  "Plan Rows": 1367385,
                  "Plan Width": 0,
                  "Actual Startup Time": 215.423,
                  "Actual Total Time": 602.931,
                  "Actual Rows": 501827,
                  "Actual Loops": 7,
                  "Filter": "((person_id < 1249338) AND (role_id > 1))",
                  "Rows Removed by Filter": 4675936
                }
              ]
            }
          ]
        }
      ]
    },
    "Planning Time": 0.083,
    "Triggers": [],
    "Execution Time": 663.54
  }
]