{
  "Plan": {
    "Node Type": "Aggregate",
    "Strategy": "Plain",
    "Partial Mode": "Finalize",
    "Parallel Aware": false,
    "Startup Cost": 221905.11,
    "Total Cost": 221905.12,
    "Plan Rows": 1,
    "Plan Width": 8,
    "Actual Startup Time": 513.436,
    "Actual Total Time": 538.897,
    "Actual Rows": 1,
    "Actual Loops": 1,
    "Plans": [
      {
        "Node Type": "Gather",
        "Parent Relationship": "Outer",
        "Parallel Aware": false,
        "Startup Cost": 221905.0,
        "Total Cost": 221905.11,
        "Plan Rows": 1,
        "Plan Width": 8,
        "Actual Startup Time": 513.085,
        "Actual Total Time": 538.886,
        "Actual Rows": 2,
        "Actual Loops": 1,
        "Workers Planned": 1,
        "Workers Launched": 1,
        "Single Copy": false,
        "Plans": [
          {
            "Node Type": "Aggregate",
            "Strategy": "Plain",
            "Partial Mode": "Partial",
            "Parent Relationship": "Outer",
            "Parallel Aware": false,
            "Startup Cost": 220905.0,
            "Total Cost": 220905.01,
            "Plan Rows": 1,
            "Plan Width": 8,
            "Actual Startup Time": 506.773,
            "Actual Total Time": 506.778,
            "Actual Rows": 1,
            "Actual Loops": 2,
            "Plans": [
              {
                "Node Type": "Nested Loop",
                "Parent Relationship": "Outer",
                "Parallel Aware": false,
                "Join Type": "Inner",
                "Startup Cost": 55095.65,
                "Total Cost": 220852.77,
                "Plan Rows": 20890,
                "Plan Width": 0,
                "Actual Startup Time": 161.878,
                "Actual Total Time": 505.923,
                "Actual Rows": 18465,
                "Actual Loops": 2,
                "Inner Unique": false,
                "Join Filter": "(t.id = mk.movie_id)",
                "Rows Removed by Join Filter": 0,
                "Plans": [
                  {
                    "Node Type": "Hash Join",
                    "Parent Relationship": "Outer",
                    "Parallel Aware": true,
                    "Join Type": "Inner",
                    "Startup Cost": 55095.22,
                    "Total Cost": 197116.78,
                    "Plan Rows": 11675,
                    "Plan Width": 8,
                    "Actual Startup Time": 161.028,
                    "Actual Total Time": 479.191,
                    "Actual Rows": 3232,
                    "Actual Loops": 2,
                    "Inner Unique": true,
                    "Hash Cond": "(ci.movie_id = t.id)",
                    "Plans": [
                      {
                        "Node Type": "Index Scan",
                        "Parent Relationship": "Outer",
                        "Parallel Aware": true,
                        "Scan Direction": "Forward",
                        "Index Name": "role_id_cast_info",
                        "Relation Name": "cast_info",
                        "Alias": "ci",
                        "Startup Cost": 0.56,
                        "Total Cost": 140896.75,
                        "Plan Rows": 428712,
                        "Plan Width": 4,
                        "Actual Startup Time": 0.086,
                        "Actual Total Time": 294.297,
                        "Actual Rows": 121597,
                        "Actual Loops": 2,
                        "Index Cond": "(role_id = 10)",
                        "Rows Removed by Index Recheck": 0,
                        "Filter": "(person_id < 598260)",
                        "Rows Removed by Filter": 2039912
                      },
                      {
                        "Node Type": "Hash",
                        "Parent Relationship": "Inner",
                        "Parallel Aware": true,
                        "Startup Cost": 54588.39,
                        "Total Cost": 54588.39,
                        "Plan Rows": 40501,
                        "Plan Width": 4,
                        "Actual Startup Time": 158.293,
                        "Actual Total Time": 158.294,
                        "Actual Rows": 33671,
                        "Actual Loops": 2,
                        "Hash Buckets": 131072,
                        "Original Hash Buckets": 131072,
                        "Hash Batches": 1,
                        "Original Hash Batches": 1,
                        "Peak Memory Usage": 3680,
                        "Plans": [
                          {
                            "Node Type": "Seq Scan",
                            "Parent Relationship": "Outer",
                            "Parallel Aware": true,
                            "Relation Name": "title",
                            "Alias": "t",
                            "Startup Cost": 0.0,
                            "Total Cost": 54588.39,
                            "Plan Rows": 40501,
                            "Plan Width": 4,
                            "Actual Startup Time": 0.071,
                            "Actual Total Time": 145.699,
                            "Actual Rows": 33671,
                            "Actual Loops": 2,
                            "Filter": "(production_year > 2012)",
                            "Rows Removed by Filter": 1230485
                          }
                        ]
                      }
                    ]
                  },
                  {
                    "Node Type": "Index Only Scan",
                    "Parent Relationship": "Inner",
                    "Parallel Aware": false,
                    "Scan Direction": "Forward",
                    "Index Name": "movie_id_movie_keyword",
                    "Relation Name": "movie_keyword",
                    "Alias": "mk",
                    "Startup Cost": 0.43,
                    "Total Cost": 1.47,
                    "Plan Rows": 45,
                    "Plan Width": 4,
                    "Actual Startup Time": 0.007,
                    "Actual Total Time": 0.008,
                    "Actual Rows": 6,
                    "Actual Loops": 6463,
                    "Index Cond": "(movie_id = ci.movie_id)",
                    "Rows Removed by Index Recheck": 0,
                    "Heap Fetches": 36930
                  }
                ]
              }
            ]
          }
        ]
      }
    ]
  },
  "Planning Time": 1.067,
  "Triggers": [],
  "Execution Time": 539.006
}