[
  {
    "Plan": {
      "Node Type": "Aggregate",
      "Strategy": "Plain",
      "Partial Mode": "Simple",
      "Parallel Aware": false,
      "Startup Cost": 31157.22,
      "Total Cost": 31157.23,
      "Plan Rows": 1,
      "Plan Width": 96,
      "Actual Startup Time": 4003.822,
      "Actual Total Time": 4003.834,
      "Actual Rows": 1,
      "Actual Loops": 1,
      "Output": [
        "min(mi.info)",
        "min(miidx.info)",
        "min(t.title)"
      ],
      "Plans": [
        {
          "Node Type": "Nested Loop",
          "Parent Relationship": "Outer",
          "Parallel Aware": false,
          "Join Type": "Inner",
          "Startup Cost": 6246.12,
          "Total Cost": 31153.38,
          "Plan Rows": 513,
          "Plan Width": 66,
          "Actual Startup Time": 1297.502,
          "Actual Total Time": 3992.227,
          "Actual Rows": 84770,
          "Actual Loops": 1,
          "Output": [
            "mi.info",
            "miidx.info",
            "t.title"
          ],
          "Inner Unique": false,
          "Plans": [
            {
              "Node Type": "Nested Loop",
              "Parent Relationship": "Outer",
              "Parallel Aware": false,
              "Join Type": "Inner",
              "Startup Cost": 6245.69,
              "Total Cost": 31122.46,
              "Plan Rows": 16,
              "Plan Width": 34,
              "Actual Startup Time": 1297.454,
              "Actual Total Time": 3920.156,
              "Actual Rows": 3524,
              "Actual Loops": 1,
              "Output": [
                "mc.movie_id",
                "miidx.info",
                "miidx.movie_id",
                "t.title",
                "t.id"
              ],
              "Inner Unique": true,
              "Plans": [
                {
                  "Node Type": "Hash Join",
                  "Parent Relationship": "Outer",
                  "Parallel Aware": false,
                  "Join Type": "Inner",
                  "Startup Cost": 6245.27,
                  "Total Cost": 30077.61,
                  "Plan Rows": 2343,
                  "Plan Width": 38,
                  "Actual Startup Time": 1285.699,
                  "Actual Total Time": 2970.238,
                  "Actual Rows": 302610,
                  "Actual Loops": 1,
                  "Output": [
                    "mc.movie_id",
                    "mc.company_id",
                    "miidx.info",
                    "miidx.movie_id",
                    "t.title",
                    "t.id"
                  ],
                  "Inner Unique": true,
                  "Hash Cond": "(mc.company_type_id = ct.id)",
                  "Plans": [
                    {
                      "Node Type": "Hash Join",
                      "Parent Relationship": "Outer",
                      "Parallel Aware": false,
                      "Join Type": "Inner",
                      "Startup Cost": 6244.21,
                      "Total Cost": 30025.88,
                      "Plan Rows": 9373,
                      "Plan Width": 42,
                      "Actual Startup Time": 1285.611,
                      "Actual Total Time": 2883.984,
                      "Actual Rows": 773084,
                      "Actual Loops": 1,
                      "Output": [
                        "miidx.info",
                        "miidx.movie_id",
                        "mc.movie_id",
                        "mc.company_id",
                        "mc.company_type_id",
                        "t.title",
                        "t.id"
                      ],
                      "Inner Unique": true,
                      "Hash Cond": "(t.kind_id = kt.id)",
                      "Plans": [
                        {
                          "Node Type": "Nested Loop",
                          "Parent Relationship": "Outer",
                          "Parallel Aware": false,
                          "Join Type": "Inner",
                          "Startup Cost": 6243.11,
                          "Total Cost": 29748.28,
                          "Plan Rows": 65610,
                          "Plan Width": 46,
                          "Actual Startup Time": 46.728,
                          "Actual Total Time": 2697.798,
                          "Actual Rows": 1354883,
                          "Actual Loops": 1,
                          "Output": [
                            "miidx.info",
                            "miidx.movie_id",
                            "mc.movie_id",
                            "mc.company_id",
                            "mc.company_type_id",
                            "t.title",
                            "t.id",
                            "t.kind_id"
                          ],
                          "Inner Unique": false,
                          "Plans": [
                            {
                              "Node Type": "Nested Loop",
                              "Parent Relationship": "Outer",
                              "Parallel Aware": false,
                              "Join Type": "Inner",
                              "Startup Cost": 6242.68,
                              "Total Cost": 29000.67,
                              "Plan Rows": 1221,
                              "Plan Width": 34,
                              "Actual Startup Time": 46.712,
                              "Actual Total Time": 1330.384,
                              "Actual Rows": 459925,
                              "Actual Loops": 1,
                              "Output": [
                                "miidx.info",
                                "miidx.movie_id",
                                "t.title",
                                "t.id",
                                "t.kind_id"
                              ],
                              "Inner Unique": true,
                              "Plans": [
                                {
                                  "Node Type": "Nested Loop",
                                  "Parent Relationship": "Outer",
                                  "Parallel Aware": false,
                                  "Join Type": "Inner",
                                  "Startup Cost": 6242.25,
                                  "Total Cost": 21942.36,
                                  "Plan Rows": 12213,
                                  "Plan Width": 9,
                                  "Actual Startup Time": 46.674,
                                  "Actual Total Time": 194.539,
                                  "Actual Rows": 459925,
                                  "Actual Loops": 1,
                                  "Output": [
                                    "miidx.info",
                                    "miidx.movie_id"
                                  ],
                                  "Inner Unique": false,
                                  "Plans": [
                                    {
                                      "Node Type": "Seq Scan",
                                      "Parent Relationship": "Outer",
                                      "Parallel Aware": false,
                                      "Relation Name": "info_type",
                                      "Schema": "public",
                                      "Alias": "it",
                                      "Startup Cost": 0.0,
                                      "Total Cost": 2.41,
                                      "Plan Rows": 1,
                                      "Plan Width": 4,
                                      "Actual Startup Time": 0.035,
                                      "Actual Total Time": 0.039,
                                      "Actual Rows": 1,
                                      "Actual Loops": 1,
                                      "Output": [
                                        "it.id",
                                        "it.info"
                                      ],
                                      "Filter": "((it.info)::text = 'rating'::text)",
                                      "Rows Removed by Filter": 112
                                    },
                                    {
                                      "Node Type": "Bitmap Heap Scan",
                                      "Parent Relationship": "Inner",
                                      "Parallel Aware": false,
                                      "Relation Name": "movie_info_idx",
                                      "Schema": "public",
                                      "Alias": "miidx",
                                      "Startup Cost": 6242.25,
                                      "Total Cost": 18489.86,
                                      "Plan Rows": 345009,
                                      "Plan Width": 13,
                                      "Actual Startup Time": 46.627,
                                      "Actual Total Time": 133.099,
                                      "Actual Rows": 459925,
                                      "Actual Loops": 1,
                                      "Output": [
                                        "miidx.id",
                                        "miidx.movie_id",
                                        "miidx.info_type_id",
                                        "miidx.info",
                                        "miidx.note"
                                      ],
                                      "Recheck Cond": "(miidx.info_type_id = it.id)",
                                      "Rows Removed by Index Recheck": 0,
                                      "Exact Heap Blocks": 7934,
                                      "Lossy Heap Blocks": 0,
                                      "Plans": [
                                        {
                                          "Node Type": "Bitmap Index Scan",
                                          "Parent Relationship": "Outer",
                                          "Parallel Aware": false,
                                          "Index Name": "info_type_id_movie_info_idx",
                                          "Startup Cost": 0.0,
                                          "Total Cost": 6155.99,
                                          "Plan Rows": 345009,
                                          "Plan Width": 0,
                                          "Actual Startup Time": 45.146,
                                          "Actual Total Time": 45.147,
                                          "Actual Rows": 459925,
                                          "Actual Loops": 1,
                                          "Index Cond": "(miidx.info_type_id = it.id)"
                                        }
                                      ]
                                    }
                                  ]
                                },
                                {
                                  "Node Type": "Index Scan",
                                  "Parent Relationship": "Inner",
                                  "Parallel Aware": false,
                                  "Scan Direction": "Forward",
                                  "Index Name": "title_pkey",
                                  "Relation Name": "title",
                                  "Schema": "public",
                                  "Alias": "t",
                                  "Startup Cost": 0.43,
                                  "Total Cost": 0.58,
                                  "Plan Rows": 1,
                                  "Plan Width": 25,
                                  "Actual Startup Time": 0.002,
                                  "Actual Total Time": 0.002,
                                  "Actual Rows": 1,
                                  "Actual Loops": 459925,
                                  "Output": [
                                    "t.id",
                                    "t.title",
                                    "t.imdb_index",
                                    "t.kind_id",
                                    "t.production_year",
                                    "t.imdb_id",
                                    "t.phonetic_code",
                                    "t.episode_of_id",
                                    "t.season_nr",
                                    "t.episode_nr",
                                    "t.series_years",
                                    "t.md5sum"
                                  ],
                                  "Index Cond": "(t.id = miidx.movie_id)",
                                  "Rows Removed by Index Recheck": 0
                                }
                              ]
                            },
                            {
                              "Node Type": "Index Scan",
                              "Parent Relationship": "Inner",
                              "Parallel Aware": false,
                              "Scan Direction": "Forward",
                              "Index Name": "movie_id_movie_companies",
                              "Relation Name": "movie_companies",
                              "Schema": "public",
                              "Alias": "mc",
                              "Startup Cost": 0.43,
                              "Total Cost": 0.56,
                              "Plan Rows": 5,
                              "Plan Width": 12,
                              "Actual Startup Time": 0.002,
                              "Actual Total Time": 0.002,
                              "Actual Rows": 3,
                              "Actual Loops": 459925,
                              "Output": [
                                "mc.id",
                                "mc.movie_id",
                                "mc.company_id",
                                "mc.company_type_id",
                                "mc.note"
                              ],
                              "Index Cond": "(mc.movie_id = t.id)",
                              "Rows Removed by Index Recheck": 0
                            }
                          ]
                        },
                        {
                          "Node Type": "Hash",
                          "Parent Relationship": "Inner",
                          "Parallel Aware": false,
                          "Startup Cost": 1.09,
                          "Total Cost": 1.09,
                          "Plan Rows": 1,
                          "Plan Width": 4,
                          "Actual Startup Time": 0.019,
                          "Actual Total Time": 0.019,
                          "Actual Rows": 1,
                          "Actual Loops": 1,
                          "Output": [
                            "kt.id"
                          ],
                          "Hash Buckets": 1024,
                          "Original Hash Buckets": 1024,
                          "Hash Batches": 1,
                          "Original Hash Batches": 1,
                          "Peak Memory Usage": 9,
                          "Plans": [
                            {
                              "Node Type": "Seq Scan",
                              "Parent Relationship": "Outer",
                              "Parallel Aware": false,
                              "Relation Name": "kind_type",
                              "Schema": "public",
                              "Alias": "kt",
                              "Startup Cost": 0.0,
                              "Total Cost": 1.09,
                              "Plan Rows": 1,
                              "Plan Width": 4,
                              "Actual Startup Time": 0.014,
                              "Actual Total Time": 0.016,
                              "Actual Rows": 1,
                              "Actual Loops": 1,
                              "Output": [
                                "kt.id"
                              ],
                              "Filter": "((kt.kind)::text = 'movie'::text)",
                              "Rows Removed by Filter": 6
                            }
                          ]
                        }
                      ]
                    },
                    {
                      "Node Type": "Hash",
                      "Parent Relationship": "Inner",
                      "Parallel Aware": false,
                      "Startup Cost": 1.05,
                      "Total Cost": 1.05,
                      "Plan Rows": 1,
                      "Plan Width": 4,
                      "Actual Startup Time": 0.033,
                      "Actual Total Time": 0.033,
                      "Actual Rows": 1,
                      "Actual Loops": 1,
                      "Output": [
                        "ct.id"
                      ],
                      "Hash Buckets": 1024,
                      "Original Hash Buckets": 1024,
                      "Hash Batches": 1,
                      "Original Hash Batches": 1,
                      "Peak Memory Usage": 9,
                      "Plans": [
                        {
                          "Node Type": "Seq Scan",
                          "Parent Relationship": "Outer",
                          "Parallel Aware": false,
                          "Relation Name": "company_type",
                          "Schema": "public",
                          "Alias": "ct",
                          "Startup Cost": 0.0,
                          "Total Cost": 1.05,
                          "Plan Rows": 1,
                          "Plan Width": 4,
                          "Actual Startup Time": 0.024,
                          "Actual Total Time": 0.026,
                          "Actual Rows": 1,
                          "Actual Loops": 1,
                          "Output": [
                            "ct.id"
                          ],
                          "Filter": "((ct.kind)::text = 'production companies'::text)",
                          "Rows Removed by Filter": 3
                        }
                      ]
                    }
                  ]
                },
                {
                  "Node Type": "Index Scan",
                  "Parent Relationship": "Inner",
                  "Parallel Aware": false,
                  "Scan Direction": "Forward",
                  "Index Name": "company_name_pkey",
                  "Relation Name": "company_name",
                  "Schema": "public",
                  "Alias": "cn",
                  "Startup Cost": 0.42,
                  "Total Cost": 0.45,
                  "Plan Rows": 1,
                  "Plan Width": 4,
                  "Actual Startup Time": 0.003,
                  "Actual Total Time": 0.003,
                  "Actual Rows": 0,
                  "Actual Loops": 302610,
                  "Output": [
                    "cn.id",
                    "cn.name",
                    "cn.country_code",
                    "cn.imdb_id",
                    "cn.name_pcode_nf",
                    "cn.name_pcode_sf",
                    "cn.md5sum"
                  ],
                  "Index Cond": "(cn.id = mc.company_id)",
                  "Rows Removed by Index Recheck": 0,
                  "Filter": "((cn.country_code)::text = '[hk]'::text)",
                  "Rows Removed by Filter": 1
                }
              ]
            },
            {
              "Node Type": "Index Scan",
              "Parent Relationship": "Inner",
              "Parallel Aware": false,
              "Scan Direction": "Forward",
              "Index Name": "movie_id_movie_info",
              "Relation Name": "movie_info",
              "Schema": "public",
              "Alias": "mi",
              "Startup Cost": 0.43,
              "Total Cost": 1.51,
              "Plan Rows": 42,
              "Plan Width": 48,
              "Actual Startup Time": 0.005,
              "Actual Total Time": 0.017,
              "Actual Rows": 24,
              "Actual Loops": 3524,
              "Output": [
                "mi.id",
                "mi.movie_id",
                "mi.info_type_id",
                "mi.info",
                "mi.note"
              ],
              "Index Cond": "(mi.movie_id = t.id)",
              "Rows Removed by Index Recheck": 0
            }
          ]
        }
      ]
    },
    "Planning Time": 15390.39,
    "Triggers": [],
    "Execution Time": 4004.321
  }
]