{
    "Plan": {
        "Node Type": "Aggregate",
        "Strategy": "Plain",
        "Partial Mode": "Finalize",
        "Parallel Aware": false,
        "Startup Cost": 383777.36,
        "Total Cost": 383777.37,
        "Plan Rows": 1,
        "Plan Width": 8,
        "Actual Startup Time": 1147.7,
        "Actual Total Time": 1195.74,
        "Actual Rows": 1,
        "Actual Loops": 1,
        "Output": [
            "count(*)"
        ],
        "Plans": [
            {
                "Node Type": "Gather",
                "Parent Relationship": "Outer",
                "Parallel Aware": false,
                "Startup Cost": 383777.04,
                "Total Cost": 383777.35,
                "Plan Rows": 3,
                "Plan Width": 8,
                "Actual Startup Time": 1136.516,
                "Actual Total Time": 1195.714,
                "Actual Rows": 4,
                "Actual Loops": 1,
                "Output": [
                    "(PARTIAL count(*))"
                ],
                "Workers Planned": 3,
                "Workers Launched": 3,
                "Single Copy": false,
                "Plans": [
                    {
                        "Node Type": "Aggregate",
                        "Strategy": "Plain",
                        "Partial Mode": "Partial",
                        "Parent Relationship": "Outer",
                        "Parallel Aware": false,
                        "Startup Cost": 382777.04,
                        "Total Cost": 382777.05,
                        "Plan Rows": 1,
                        "Plan Width": 8,
                        "Actual Startup Time": 1120.651,
                        "Actual Total Time": 1120.657,
                        "Actual Rows": 1,
                        "Actual Loops": 4,
                        "Output": [
                            "PARTIAL count(*)"
                        ],
                        "Workers": [
                            {
                                "Worker Number": 0,
                                "Actual Startup Time": 1117.326,
                                "Actual Total Time": 1117.333,
                                "Actual Rows": 1,
                                "Actual Loops": 1
                            },
                            {
                                "Worker Number": 1,
                                "Actual Startup Time": 1114.901,
                                "Actual Total Time": 1114.906,
                                "Actual Rows": 1,
                                "Actual Loops": 1
                            },
                            {
                                "Worker Number": 2,
                                "Actual Startup Time": 1115.245,
                                "Actual Total Time": 1115.249,
                                "Actual Rows": 1,
                                "Actual Loops": 1
                            }
                        ],
                        "Plans": [
                            {
                                "Node Type": "Hash Join",
                                "Parent Relationship": "Outer",
                                "Parallel Aware": true,
                                "Join Type": "Inner",
                                "Startup Cost": 305321.19,
                                "Total Cost": 382711.06,
                                "Plan Rows": 26393,
                                "Plan Width": 0,
                                "Actual Startup Time": 847.777,
                                "Actual Total Time": 1101.448,
                                "Actual Rows": 293664,
                                "Actual Loops": 4,
                                "Inner Unique": false,
                                "Hash Cond": "(t.id = mi.movie_id)",
                                "Workers": [
                                    {
                                        "Worker Number": 0,
                                        "Actual Startup Time": 842.148,
                                        "Actual Total Time": 1097.879,
                                        "Actual Rows": 284511,
                                        "Actual Loops": 1
                                    },
                                    {
                                        "Worker Number": 1,
                                        "Actual Startup Time": 842.854,
                                        "Actual Total Time": 1096.571,
                                        "Actual Rows": 250724,
                                        "Actual Loops": 1
                                    },
                                    {
                                        "Worker Number": 2,
                                        "Actual Startup Time": 843.099,
                                        "Actual Total Time": 1094.063,
                                        "Actual Rows": 387645,
                                        "Actual Loops": 1
                                    }
                                ],
                                "Plans": [
                                    {
                                        "Node Type": "Hash Join",
                                        "Parent Relationship": "Outer",
                                        "Parallel Aware": true,
                                        "Join Type": "Inner",
                                        "Startup Cost": 91771.21,
                                        "Total Cost": 128532.81,
                                        "Plan Rows": 29945,
                                        "Plan Width": 8,
                                        "Actual Startup Time": 290.422,
                                        "Actual Total Time": 498.618,
                                        "Actual Rows": 31425,
                                        "Actual Loops": 4,
                                        "Output": [
                                            "t.id",
                                            "mk.movie_id"
                                        ],
                                        "Inner Unique": true,
                                        "Hash Cond": "(mk.movie_id = t.id)",
                                        "Workers": [
                                            {
                                                "Worker Number": 0,
                                                "Actual Startup Time": 290.11,
                                                "Actual Total Time": 498.504,
                                                "Actual Rows": 30527,
                                                "Actual Loops": 1
                                            },
                                            {
                                                "Worker Number": 1,
                                                "Actual Startup Time": 290.586,
                                                "Actual Total Time": 499.868,
                                                "Actual Rows": 28425,
                                                "Actual Loops": 1
                                            },
                                            {
                                                "Worker Number": 2,
                                                "Actual Startup Time": 290.5,
                                                "Actual Total Time": 493.933,
                                                "Actual Rows": 36481,
                                                "Actual Loops": 1
                                            }
                                        ],
                                        "Plans": [
                                            {
                                                "Node Type": "Bitmap Heap Scan",
                                                "Parent Relationship": "Outer",
                                                "Parallel Aware": true,
                                                "Relation Name": "movie_keyword",
                                                "Schema": "public",
                                                "Alias": "mk",
                                                "Startup Cost": 53506.19,
                                                "Total Cost": 88131.77,
                                                "Plan Rows": 813726,
                                                "Plan Width": 4,
                                                "Actual Startup Time": 209.022,
                                                "Actual Total Time": 338.651,
                                                "Actual Rows": 634596,
                                                "Actual Loops": 4,
                                                "Output": [
                                                    "mk.id",
                                                    "mk.movie_id",
                                                    "mk.keyword_id"
                                                ],
                                                "Recheck Cond": "(mk.keyword_id < 6353)",
                                                "Rows Removed by Index Recheck": 0,
                                                "Exact Heap Blocks": 5521,
                                                "Lossy Heap Blocks": 0,
                                                "Workers": [
                                                    {
                                                        "Worker Number": 0,
                                                        "Actual Startup Time": 208.747,
                                                        "Actual Total Time": 338.886,
                                                        "Actual Rows": 552515,
                                                        "Actual Loops": 1
                                                    },
                                                    {
                                                        "Worker Number": 1,
                                                        "Actual Startup Time": 209.181,
                                                        "Actual Total Time": 339.035,
                                                        "Actual Rows": 564366,
                                                        "Actual Loops": 1
                                                    },
                                                    {
                                                        "Worker Number": 2,
                                                        "Actual Startup Time": 209.112,
                                                        "Actual Total Time": 336.934,
                                                        "Actual Rows": 848971,
                                                        "Actual Loops": 1
                                                    }
                                                ],
                                                "Plans": [
                                                    {
                                                        "Node Type": "Bitmap Index Scan",
                                                        "Parent Relationship": "Outer",
                                                        "Parallel Aware": false,
                                                        "Index Name": "keyword_id_movie_keyword",
                                                        "Startup Cost": 0.0,
                                                        "Total Cost": 52875.56,
                                                        "Plan Rows": 2522550,
                                                        "Plan Width": 0,
                                                        "Actual Startup Time": 202.975,
                                                        "Actual Total Time": 202.975,
                                                        "Actual Rows": 2538386,
                                                        "Actual Loops": 1,
                                                        "Index Cond": "(mk.keyword_id < 6353)",
                                                        "Workers": [
                                                            {
                                                                "Worker Number": 0,
                                                                "Actual Startup Time": 202.975,
                                                                "Actual Total Time": 202.975,
                                                                "Actual Rows": 2538386,
                                                                "Actual Loops": 1
                                                            }
                                                        ]
                                                    }
                                                ]
                                            },
                                            {
                                                "Node Type": "Hash",
                                                "Parent Relationship": "Inner",
                                                "Parallel Aware": true,
                                                "Startup Cost": 37974.26,
                                                "Total Cost": 37974.26,
                                                "Plan Rows": 23260,
                                                "Plan Width": 4,
                                                "Actual Startup Time": 81.113,
                                                "Actual Total Time": 81.114,
                                                "Actual Rows": 22713,
                                                "Actual Loops": 4,
                                                "Output": [
                                                    "t.id"
                                                ],
                                                "Hash Buckets": 131072,
                                                "Original Hash Buckets": 131072,
                                                "Hash Batches": 1,
                                                "Original Hash Batches": 1,
                                                "Peak Memory Usage": 4640,
                                                "Workers": [
                                                    {
                                                        "Worker Number": 0,
                                                        "Actual Startup Time": 81.304,
                                                        "Actual Total Time": 81.305,
                                                        "Actual Rows": 18215,
                                                        "Actual Loops": 1
                                                    },
                                                    {
                                                        "Worker Number": 1,
                                                        "Actual Startup Time": 80.633,
                                                        "Actual Total Time": 80.634,
                                                        "Actual Rows": 22141,
                                                        "Actual Loops": 1
                                                    },
                                                    {
                                                        "Worker Number": 2,
                                                        "Actual Startup Time": 81.283,
                                                        "Actual Total Time": 81.284,
                                                        "Actual Rows": 28593,
                                                        "Actual Loops": 1
                                                    }
                                                ],
                                                "Plans": [
                                                    {
                                                        "Node Type": "Bitmap Heap Scan",
                                                        "Parent Relationship": "Outer",
                                                        "Parallel Aware": true,
                                                        "Relation Name": "title",
                                                        "Schema": "public",
                                                        "Alias": "t",
                                                        "Startup Cost": 1685.51,
                                                        "Total Cost": 37974.26,
                                                        "Plan Rows": 23260,
                                                        "Plan Width": 4,
                                                        "Actual Startup Time": 18.961,
                                                        "Actual Total Time": 71.533,
                                                        "Actual Rows": 22713,
                                                        "Actual Loops": 4,
                                                        "Output": [
                                                            "t.id"
                                                        ],
                                                        "Recheck Cond": "(t.kind_id = 2)",
                                                        "Rows Removed by Index Recheck": 0,
                                                        "Exact Heap Blocks": 5691,
                                                        "Lossy Heap Blocks": 0,
                                                        "Workers": [
                                                            {
                                                                "Worker Number": 0,
                                                                "Actual Startup Time": 18.978,
                                                                "Actual Total Time": 71.62,
                                                                "Actual Rows": 18215,
                                                                "Actual Loops": 1
                                                            },
                                                            {
                                                                "Worker Number": 1,
                                                                "Actual Startup Time": 18.91,
                                                                "Actual Total Time": 71.727,
                                                                "Actual Rows": 22141,
                                                                "Actual Loops": 1
                                                            },
                                                            {
                                                                "Worker Number": 2,
                                                                "Actual Startup Time": 19.005,
                                                                "Actual Total Time": 71.505,
                                                                "Actual Rows": 28593,
                                                                "Actual Loops": 1
                                                            }
                                                        ],
                                                        "Plans": [
                                                            {
                                                                "Node Type": "Bitmap Index Scan",
                                                                "Parent Relationship": "Outer",
                                                                "Parallel Aware": false,
                                                                "Index Name": "kind_id_title",
                                                                "Startup Cost": 0.0,
                                                                "Total Cost": 1662.25,
                                                                "Plan Rows": 93042,
                                                                "Plan Width": 0,
                                                                "Actual Startup Time": 13.418,
                                                                "Actual Total Time": 13.418,
                                                                "Actual Rows": 90852,
                                                                "Actual Loops": 1,
                                                                "Index Cond": "(t.kind_id = 2)",
                                                                "Workers": [
                                                                    {
                                                                        "Worker Number": 1,
                                                                        "Actual Startup Time": 13.418,
                                                                        "Actual Total Time": 13.418,
                                                                        "Actual Rows": 90852,
                                                                        "Actual Loops": 1
                                                                    }
                                                                ]
                                                            }
                                                        ]
                                                    }
                                                ]
                                            }
                                        ]
                                    },
                                    {
                                        "Node Type": "Hash",
                                        "Parent Relationship": "Inner",
                                        "Parallel Aware": true,
                                        "Startup Cost": 207978.89,
                                        "Total Cost": 207978.89,
                                        "Plan Rows": 445687,
                                        "Plan Width": 4,
                                        "Actual Startup Time": 547.142,
                                        "Actual Total Time": 547.143,
                                        "Actual Rows": 558462,
                                        "Actual Loops": 4,
                                        "Output": [
                                            "mi.movie_id"
                                        ],
                                        "Hash Buckets": 4194304,
                                        "Original Hash Buckets": 4194304,
                                        "Hash Batches": 1,
                                        "Original Hash Batches": 1,
                                        "Peak Memory Usage": 120224,
                                        "Workers": [
                                            {
                                                "Worker Number": 0,
                                                "Actual Startup Time": 551.645,
                                                "Actual Total Time": 551.646,
                                                "Actual Rows": 460896,
                                                "Actual Loops": 1
                                            },
                                            {
                                                "Worker Number": 1,
                                                "Actual Startup Time": 551.905,
                                                "Actual Total Time": 551.906,
                                                "Actual Rows": 501265,
                                                "Actual Loops": 1
                                            },
                                            {
                                                "Worker Number": 2,
                                                "Actual Startup Time": 552.258,
                                                "Actual Total Time": 552.258,
                                                "Actual Rows": 721064,
                                                "Actual Loops": 1
                                            }
                                        ],
                                        "Plans": [
                                            {
                                                "Node Type": "Bitmap Heap Scan",
                                                "Parent Relationship": "Outer",
                                                "Parallel Aware": true,
                                                "Relation Name": "movie_info",
                                                "Schema": "public",
                                                "Alias": "mi",
                                                "Startup Cost": 40414.81,
                                                "Total Cost": 207978.89,
                                                "Plan Rows": 445687,
                                                "Plan Width": 4,
                                                "Actual Startup Time": 135.783,
                                                "Actual Total Time": 349.5,
                                                "Actual Rows": 558462,
                                                "Actual Loops": 4,
                                                "Output": [
                                                    "mi.movie_id"
                                                ],
                                                "Recheck Cond": "(mi.info_type_id > 16)",
                                                "Rows Removed by Index Recheck": 0,
                                                "Exact Heap Blocks": 12294,
                                                "Lossy Heap Blocks": 0,
                                                "Workers": [
                                                    {
                                                        "Worker Number": 0,
                                                        "Actual Startup Time": 135.81,
                                                        "Actual Total Time": 350.61,
                                                        "Actual Rows": 460896,
                                                        "Actual Loops": 1
                                                    },
                                                    {
                                                        "Worker Number": 1,
                                                        "Actual Startup Time": 135.823,
                                                        "Actual Total Time": 350.053,
                                                        "Actual Rows": 501265,
                                                        "Actual Loops": 1
                                                    },
                                                    {
                                                        "Worker Number": 2,
                                                        "Actual Startup Time": 135.928,
                                                        "Actual Total Time": 347.616,
                                                        "Actual Rows": 721064,
                                                        "Actual Loops": 1
                                                    }
                                                ],
                                                "Plans": [
                                                    {
                                                        "Node Type": "Bitmap Index Scan",
                                                        "Parent Relationship": "Outer",
                                                        "Parallel Aware": false,
                                                        "Index Name": "info_type_id_movie_info",
                                                        "Startup Cost": 0.0,
                                                        "Total Cost": 39857.7,
                                                        "Plan Rows": 2228435,
                                                        "Plan Width": 0,
                                                        "Actual Startup Time": 122.773,
                                                        "Actual Total Time": 122.773,
                                                        "Actual Rows": 2233850,
                                                        "Actual Loops": 1,
                                                        "Index Cond": "(mi.info_type_id > 16)"
                                                    }
                                                ]
                                            }
                                        ]
                                    }
                                ]
                            }
                        ]
                    }
                ]
            }
        ]
    },
    "Planning Time": 3.993,
    "Triggers": [],
    "Execution Time": 1196.282
}