[
  {
    "Plan": {
      "Node Type": "Aggregate",
      "Strategy": "Plain",
      "Partial Mode": "Finalize",
      "Parallel Aware": false,
      "Startup Cost": 343913.51,
      "Total Cost": 343913.52,
      "Plan Rows": 1,
      "Plan Width": 8,
      "Actual Startup Time": 539.576,
      "Actual Total Time": 573.255,
      "Actual Rows": 1,
      "Actual Loops": 1,
      "Plans": [
        {
          "Node Type": "Gather",
          "Parent Relationship": "Outer",
          "Parallel Aware": false,
          "Startup Cost": 343912.89,
          "Total Cost": 343913.5,
          "Plan Rows": 6,
          "Plan Width": 8,
          "Actual Startup Time": 539.431,
          "Actual Total Time": 573.236,
          "Actual Rows": 7,
          "Actual Loops": 1,
          "Workers Planned": 6,
          "Workers Launched": 6,
          "Single Copy": false,
          "Plans": [
            {
              "Node Type": "Aggregate",
              "Strategy": "Plain",
              "Partial Mode": "Partial",
              "Parent Relationship": "Outer",
              "Parallel Aware": false,
              "Startup Cost": 342912.89,
              "Total Cost": 342912.9,
              "Plan Rows": 1,
              "Plan Width": 8,
              "Actual Startup Time": 531.596,
              "Actual Total Time": 531.598,
              "Actual Rows": 1,
              "Actual Loops": 7,
              "Plans": [
                {
                  "Node Type": "Index Scan",
                  "Parent Relationship": "Outer",
                  "Parallel Aware": true,
                  "Scan Direction": "Forward",
                  "Index Name": "role_id_cast_info",
                  "Relation Name": "cast_info",
                  "Alias": "ci",
                  "Startup Cost": 0.56,
                  "Total Cost": 341155.22,
                  "Plan Rows": 703068,
                  "Plan Width": 0,
                  "Actual Startup Time": 0.121,
                  "Actual Total Time": 460.022,
                  "Actual Rows": 1254621,
                  "Actual Loops": 7,
                  "Index Cond": "(role_id < 2)",
                  "Rows Removed by Index Recheck": 0,
                  "Filter": "(person_id < 1198132)",
                  "Rows Removed by Filter": 555477
                }
              ]
            }
          ]
        }
      ]
    },
    "Planning Time": 0.119,
    "Triggers": [],
    "Execution Time": 573.296
  }
]