[
  {
    "Plan": {
      "Node Type": "Aggregate",
      "Strategy": "Plain",
      "Partial Mode": "Finalize",
      "Parallel Aware": false,
      "Startup Cost": 80249.33,
      "Total Cost": 80249.34,
      "Plan Rows": 1,
      "Plan Width": 8,
      "Actual Startup Time": 374.826,
      "Actual Total Time": 388.734,
      "Actual Rows": 1,
      "Actual Loops": 1,
      "Plans": [
        {
          "Node Type": "Gather",
          "Parent Relationship": "Outer",
          "Parallel Aware": false,
          "Startup Cost": 80249.01,
          "Total Cost": 80249.32,
          "Plan Rows": 3,
          "Plan Width": 8,
          "Actual Startup Time": 370.898,
          "Actual Total Time": 388.722,
          "Actual Rows": 4,
          "Actual Loops": 1,
          "Workers Planned": 3,
          "Workers Launched": 3,
          "Single Copy": false,
          "Plans": [
            {
              "Node Type": "Aggregate",
              "Strategy": "Plain",
              "Partial Mode": "Partial",
              "Parent Relationship": "Outer",
              "Parallel Aware": false,
              "Startup Cost": 79249.01,
              "Total Cost": 79249.02,
              "Plan Rows": 1,
              "Plan Width": 8,
              "Actual Startup Time": 361.374,
              "Actual Total Time": 361.377,
              "Actual Rows": 1,
              "Actual Loops": 4,
              "Plans": [
                {
                  "Node Type": "Hash Join",
                  "Parent Relationship": "Outer",
                  "Parallel Aware": true,
                  "Join Type": "Inner",
                  "Startup Cost": 48064.17,
                  "Total Cost": 78803.76,
                  "Plan Rows": 178102,
                  "Plan Width": 0,
                  "Actual Startup Time": 187.112,
                  "Actual Total Time": 356.448,
                  "Actual Rows": 116523,
                  "Actual Loops": 4,
                  "Inner Unique": true,
                  "Hash Cond": "(mc.movie_id = t.id)",
                  "Plans": [
                    {
                      "Node Type": "Seq Scan",
                      "Parent Relationship": "Outer",
                      "Parallel Aware": true,
                      "Relation Name": "movie_companies",
                      "Alias": "mc",
                      "Startup Cost": 0.0,
                      "Total Cost": 29310.68,
                      "Plan Rows": 544343,
                      "Plan Width": 4,
                      "Actual Startup Time": 0.02,
                      "Actual Total Time": 68.113,
                      "Actual Rows": 419127,
                      "Actual Loops": 4,
                      "Filter": "(company_id < 19385)",
                      "Rows Removed by Filter": 233155
                    },
                    {
                      "Node Type": "Hash",
                      "Parent Relationship": "Inner",
                      "Parallel Aware": true,
                      "Startup Cost": 45479.1,
                      "Total Cost": 45479.1,
                      "Plan Rows": 206806,
                      "Plan Width": 4,
                      "Actual Startup Time": 181.534,
                      "Actual Total Time": 181.535,
                      "Actual Rows": 185580,
                      "Actual Loops": 4,
                      "Hash Buckets": 1048576,
                      "Original Hash Buckets": 1048576,
                      "Hash Batches": 1,
                      "Original Hash Batches": 1,
                      "Peak Memory Usage": 37312,
                      "Plans": [
                        {
                          "Node Type": "Seq Scan",
                          "Parent Relationship": "Outer",
                          "Parallel Aware": true,
                          "Relation Name": "title",
                          "Alias": "t",
                          "Startup Cost": 0.0,
                          "Total Cost": 45479.1,
                          "Plan Rows": 206806,
                          "Plan Width": 4,
                          "Actual Startup Time": 0.035,
                          "Actual Total Time": 105.864,
                          "Actual Rows": 185580,
                          "Actual Loops": 4,
                          "Filter": "((kind_id > 1) AND (production_year < 2002))",
                          "Rows Removed by Filter": 446498
                        }
                      ]
                    }
                  ]
                }
              ]
            }
          ]
        }
      ]
    },
    "Planning Time": 0.671,
    "Triggers": [],
    "Execution Time": 388.809
  }
]