{
  "Plan": {
    "Node Type": "Aggregate",
    "Strategy": "Plain",
    "Partial Mode": "Finalize",
    "Parallel Aware": false,
    "Startup Cost": 116900.18,
    "Total Cost": 116900.19,
    "Plan Rows": 1,
    "Plan Width": 8,
    "Actual Startup Time": 767.371,
    "Actual Total Time": 787.447,
    "Actual Rows": 1,
    "Actual Loops": 1,
    "Plans": [
      {
        "Node Type": "Gather",
        "Parent Relationship": "Outer",
        "Parallel Aware": false,
        "Startup Cost": 116900.07,
        "Total Cost": 116900.18,
        "Plan Rows": 1,
        "Plan Width": 8,
        "Actual Startup Time": 760.612,
        "Actual Total Time": 787.439,
        "Actual Rows": 2,
        "Actual Loops": 1,
        "Workers Planned": 1,
        "Workers Launched": 1,
        "Single Copy": false,
        "Plans": [
          {
            "Node Type": "Aggregate",
            "Strategy": "Plain",
            "Partial Mode": "Partial",
            "Parent Relationship": "Outer",
            "Parallel Aware": false,
            "Startup Cost": 115900.07,
            "Total Cost": 115900.08,
            "Plan Rows": 1,
            "Plan Width": 8,
            "Actual Startup Time": 747.291,
            "Actual Total Time": 747.298,
            "Actual Rows": 1,
            "Actual Loops": 2,
            "Plans": [
              {
                "Node Type": "Hash Join",
                "Parent Relationship": "Outer",
                "Parallel Aware": true,
                "Join Type": "Inner",
                "Startup Cost": 96747.92,
                "Total Cost": 115880.1,
                "Plan Rows": 7989,
                "Plan Width": 0,
                "Actual Startup Time": 699.25,
                "Actual Total Time": 745.725,
                "Actual Rows": 31220,
                "Actual Loops": 2,
                "Inner Unique": false,
                "Hash Cond": "(mi_idx.movie_id = t.id)",
                "Plans": [
                  {
                    "Node Type": "Seq Scan",
                    "Parent Relationship": "Outer",
                    "Parallel Aware": true,
                    "Relation Name": "movie_info_idx",
                    "Alias": "mi_idx",
                    "Startup Cost": 0.0,
                    "Total Cost": 18082.32,
                    "Plan Rows": 267429,
                    "Plan Width": 4,
                    "Actual Startup Time": 0.029,
                    "Actual Total Time": 58.392,
                    "Actual Rows": 229962,
                    "Actual Loops": 2,
                    "Filter": "(info_type_id = 99)",
                    "Rows Removed by Filter": 460055
                  },
                  {
                    "Node Type": "Hash",
                    "Parent Relationship": "Inner",
                    "Parallel Aware": true,
                    "Startup Cost": 96192.53,
                    "Total Cost": 96192.53,
                    "Plan Rows": 44431,
                    "Plan Width": 8,
                    "Actual Startup Time": 654.902,
                    "Actual Total Time": 654.906,
                    "Actual Rows": 37516,
                    "Actual Loops": 2,
                    "Hash Buckets": 131072,
                    "Original Hash Buckets": 131072,
                    "Hash Batches": 1,
                    "Original Hash Batches": 1,
                    "Peak Memory Usage": 4000,
                    "Plans": [
                      {
                        "Node Type": "Hash Join",
                        "Parent Relationship": "Outer",
                        "Parallel Aware": true,
                        "Join Type": "Inner",
                        "Startup Cost": 71066.51,
                        "Total Cost": 96192.53,
                        "Plan Rows": 44431,
                        "Plan Width": 8,
                        "Actual Startup Time": 600.554,
                        "Actual Total Time": 645.482,
                        "Actual Rows": 37516,
                        "Actual Loops": 2,
                        "Inner Unique": true,
                        "Hash Cond": "(mk.movie_id = t.id)",
                        "Plans": [
                          {
                            "Node Type": "Bitmap Heap Scan",
                            "Parent Relationship": "Outer",
                            "Parallel Aware": true,
                            "Relation Name": "movie_keyword",
                            "Alias": "mk",
                            "Startup Cost": 1605.81,
                            "Total Cost": 26615.2,
                            "Plan Rows": 44431,
                            "Plan Width": 4,
                            "Actual Startup Time": 12.339,
                            "Actual Total Time": 41.567,
                            "Actual Rows": 37516,
                            "Actual Loops": 2,
                            "Recheck Cond": "(keyword_id > 89358)",
                            "Rows Removed by Index Recheck": 0,
                            "Exact Heap Blocks": 10688,
                            "Lossy Heap Blocks": 0,
                            "Plans": [
                              {
                                "Node Type": "Bitmap Index Scan",
                                "Parent Relationship": "Outer",
                                "Parallel Aware": false,
                                "Index Name": "keyword_id_movie_keyword",
                                "Startup Cost": 0.0,
                                "Total Cost": 1586.93,
                                "Plan Rows": 75533,
                                "Plan Width": 0,
                                "Actual Startup Time": 8.705,
                                "Actual Total Time": 8.705,
                                "Actual Rows": 75033,
                                "Actual Loops": 1,
                                "Index Cond": "(keyword_id > 89358)"
                              }
                            ]
                          },
                          {
                            "Node Type": "Hash",
                            "Parent Relationship": "Inner",
                            "Parallel Aware": true,
                            "Startup Cost": 50870.31,
                            "Total Cost": 50870.31,
                            "Plan Rows": 1487231,
                            "Plan Width": 4,
                            "Actual Startup Time": 568.618,
                            "Actual Total Time": 568.619,
                            "Actual Rows": 1264156,
                            "Actual Loops": 2,
                            "Hash Buckets": 4194304,
                            "Original Hash Buckets": 4194304,
                            "Hash Batches": 1,
                            "Original Hash Batches": 1,
                            "Peak Memory Usage": 131712,
                            "Plans": [
                              {
                                "Node Type": "Seq Scan",
                                "Parent Relationship": "Outer",
                                "Parallel Aware": true,
                                "Relation Name": "title",
                                "Alias": "t",
                                "Startup Cost": 0.0,
                                "Total Cost": 50870.31,
                                "Plan Rows": 1487231,
                                "Plan Width": 4,
                                "Actual Startup Time": 0.025,
                                "Actual Total Time": 180.207,
                                "Actual Rows": 1264156,
                                "Actual Loops": 2
                              }
                            ]
                          }
                        ]
                      }
                    ]
                  }
                ]
              }
            ]
          }
        ]
      }
    ]
  },
  "Planning Time": 0.948,
  "Triggers": [],
  "Execution Time": 787.548
}