[
  {
    "Plan": {
      "Node Type": "Aggregate",
      "Strategy": "Plain",
      "Partial Mode": "Finalize",
      "Parallel Aware": false,
      "Startup Cost": 96726.71,
      "Total Cost": 96726.72,
      "Plan Rows": 1,
      "Plan Width": 8,
      "Actual Startup Time": 430.491,
      "Actual Total Time": 446.202,
      "Actual Rows": 1,
      "Actual Loops": 1,
      "Plans": [
        {
          "Node Type": "Gather",
          "Parent Relationship": "Outer",
          "Parallel Aware": false,
          "Startup Cost": 96726.39,
          "Total Cost": 96726.7,
          "Plan Rows": 3,
          "Plan Width": 8,
          "Actual Startup Time": 426.439,
          "Actual Total Time": 446.193,
          "Actual Rows": 4,
          "Actual Loops": 1,
          "Workers Planned": 3,
          "Workers Launched": 3,
          "Single Copy": false,
          "Plans": [
            {
              "Node Type": "Aggregate",
              "Strategy": "Plain",
              "Partial Mode": "Partial",
              "Parent Relationship": "Outer",
              "Parallel Aware": false,
              "Startup Cost": 95726.39,
              "Total Cost": 95726.4,
              "Plan Rows": 1,
              "Plan Width": 8,
              "Actual Startup Time": 416.367,
              "Actual Total Time": 416.37,
              "Actual Rows": 1,
              "Actual Loops": 4,
              "Plans": [
                {
                  "Node Type": "Hash Join",
                  "Parent Relationship": "Outer",
                  "Parallel Aware": true,
                  "Join Type": "Inner",
                  "Startup Cost": 49399.79,
                  "Total Cost": 94561.11,
                  "Plan Rows": 466113,
                  "Plan Width": 0,
                  "Actual Startup Time": 224.728,
                  "Actual Total Time": 410.031,
                  "Actual Rows": 157253,
                  "Actual Loops": 4,
                  "Inner Unique": true,
                  "Hash Cond": "(mk.movie_id = t.id)",
                  "Plans": [
                    {
                      "Node Type": "Seq Scan",
                      "Parent Relationship": "Outer",
                      "Parallel Aware": true,
                      "Relation Name": "movie_keyword",
                      "Alias": "mk",
                      "Startup Cost": 0.0,
                      "Total Cost": 42695.65,
                      "Plan Rows": 939304,
                      "Plan Width": 4,
                      "Actual Startup Time": 0.024,
                      "Actual Total Time": 101.122,
                      "Actual Rows": 726821,
                      "Actual Loops": 4,
                      "Filter": "(keyword_id < 9333)",
                      "Rows Removed by Filter": 404162
                    },
                    {
                      "Node Type": "Hash",
                      "Parent Relationship": "Inner",
                      "Parallel Aware": true,
                      "Startup Cost": 45479.1,
                      "Total Cost": 45479.1,
                      "Plan Rows": 313655,
                      "Plan Width": 4,
                      "Actual Startup Time": 218.078,
                      "Actual Total Time": 218.078,
                      "Actual Rows": 343127,
                      "Actual Loops": 4,
                      "Hash Buckets": 2097152,
                      "Original Hash Buckets": 2097152,
                      "Hash Batches": 1,
                      "Original Hash Batches": 1,
                      "Peak Memory Usage": 70144,
                      "Plans": [
                        {
                          "Node Type": "Seq Scan",
                          "Parent Relationship": "Outer",
                          "Parallel Aware": true,
                          "Relation Name": "title",
                          "Alias": "t",
                          "Startup Cost": 0.0,
                          "Total Cost": 45479.1,
                          "Plan Rows": 313655,
                          "Plan Width": 4,
                          "Actual Startup Time": 0.036,
                          "Actual Total Time": 101.834,
                          "Actual Rows": 343127,
                          "Actual Loops": 4,
                          "Filter": "((kind_id > 3) AND (production_year > 1983))",
                          "Rows Removed by Filter": 288951
                        }
                      ]
                    }
                  ]
                }
              ]
            }
          ]
        }
      ]
    },
    "Planning Time": 0.532,
    "Triggers": [],
    "Execution Time": 446.258
  }
]