[
    {
        "Bao": {
            "Bao prediction": "NaN",
            "Bao recommended hint": "(no hint)"
        }
    },
    {
        "Plan": {
            "Node Type": "Aggregate",
            "Strategy": "Plain",
            "Partial Mode": "Finalize",
            "Parallel Aware": false,
            "Startup Cost": 32690.85,
            "Total Cost": 32690.86,
            "Plan Rows": 1,
            "Plan Width": 8,
            "Actual Startup Time": 85.888,
            "Actual Total Time": 91.897,
            "Actual Rows": 1,
            "Actual Loops": 1,
            "Output": [
                "count(*)"
            ],
            "Plans": [
                {
                    "Node Type": "Gather",
                    "Parent Relationship": "Outer",
                    "Parallel Aware": false,
                    "Startup Cost": 32690.53,
                    "Total Cost": 32690.84,
                    "Plan Rows": 3,
                    "Plan Width": 8,
                    "Actual Startup Time": 85.793,
                    "Actual Total Time": 91.89,
                    "Actual Rows": 4,
                    "Actual Loops": 1,
                    "Output": [
                        "(PARTIAL count(*))"
                    ],
                    "Workers Planned": 3,
                    "Workers Launched": 3,
                    "Single Copy": false,
                    "Plans": [
                        {
                            "Node Type": "Aggregate",
                            "Strategy": "Plain",
                            "Partial Mode": "Partial",
                            "Parent Relationship": "Outer",
                            "Parallel Aware": false,
                            "Startup Cost": 31690.53,
                            "Total Cost": 31690.54,
                            "Plan Rows": 1,
                            "Plan Width": 8,
                            "Actual Startup Time": 77.638,
                            "Actual Total Time": 77.639,
                            "Actual Rows": 1,
                            "Actual Loops": 4,
                            "Output": [
                                "PARTIAL count(*)"
                            ],
                            "Workers": [
                                {
                                    "Worker Number": 0,
                                    "Actual Startup Time": 74.483,
                                    "Actual Total Time": 74.484,
                                    "Actual Rows": 1,
                                    "Actual Loops": 1
                                },
                                {
                                    "Worker Number": 1,
                                    "Actual Startup Time": 75.045,
                                    "Actual Total Time": 75.047,
                                    "Actual Rows": 1,
                                    "Actual Loops": 1
                                },
                                {
                                    "Worker Number": 2,
                                    "Actual Startup Time": 75.485,
                                    "Actual Total Time": 75.486,
                                    "Actual Rows": 1,
                                    "Actual Loops": 1
                                }
                            ],
                            "Plans": [
                                {
                                    "Node Type": "Seq Scan",
                                    "Parent Relationship": "Outer",
                                    "Parallel Aware": true,
                                    "Relation Name": "movie_companies",
                                    "Schema": "public",
                                    "Alias": "mc",
                                    "Startup Cost": 0.0,
                                    "Total Cost": 31414.82,
                                    "Plan Rows": 110285,
                                    "Plan Width": 0,
                                    "Actual Startup Time": 39.482,
                                    "Actual Total Time": 70.986,
                                    "Actual Rows": 160623,
                                    "Actual Loops": 4,
                                    "Output": [
                                        "id",
                                        "movie_id",
                                        "company_id",
                                        "company_type_id",
                                        "note"
                                    ],
                                    "Filter": "((mc.company_id > 51063) AND (mc.company_type_id = 2))",
                                    "Rows Removed by Filter": 491660,
                                    "Workers": [
                                        {
                                            "Worker Number": 0,
                                            "Actual Startup Time": 36.333,
                                            "Actual Total Time": 68.134,
                                            "Actual Rows": 151401,
                                            "Actual Loops": 1
                                        },
                                        {
                                            "Worker Number": 1,
                                            "Actual Startup Time": 36.889,
                                            "Actual Total Time": 68.697,
                                            "Actual Rows": 152184,
                                            "Actual Loops": 1
                                        },
                                        {
                                            "Worker Number": 2,
                                            "Actual Startup Time": 37.325,
                                            "Actual Total Time": 69.091,
                                            "Actual Rows": 153231,
                                            "Actual Loops": 1
                                        }
                                    ]
                                }
                            ]
                        }
                    ]
                }
            ]
        },
        "Planning Time": 175.495,
        "Triggers": [],
        "Execution Time": 91.935
    }
]