[
  {
    "Plan": {
      "Node Type": "Aggregate",
      "Strategy": "Plain",
      "Partial Mode": "Finalize",
      "Parallel Aware": false,
      "Startup Cost": 327729.24,
      "Total Cost": 327729.25,
      "Plan Rows": 1,
      "Plan Width": 8,
      "Actual Startup Time": 494.149,
      "Actual Total Time": 535.124,
      "Actual Rows": 1,
      "Actual Loops": 1,
      "Plans": [
        {
          "Node Type": "Gather",
          "Parent Relationship": "Outer",
          "Parallel Aware": false,
          "Startup Cost": 327728.61,
          "Total Cost": 327729.22,
          "Plan Rows": 6,
          "Plan Width": 8,
          "Actual Startup Time": 493.995,
          "Actual Total Time": 535.097,
          "Actual Rows": 7,
          "Actual Loops": 1,
          "Workers Planned": 6,
          "Workers Launched": 6,
          "Single Copy": false,
          "Plans": [
            {
              "Node Type": "Aggregate",
              "Strategy": "Plain",
              "Partial Mode": "Partial",
              "Parent Relationship": "Outer",
              "Parallel Aware": false,
              "Startup Cost": 326728.61,
              "Total Cost": 326728.62,
              "Plan Rows": 1,
              "Plan Width": 8,
              "Actual Startup Time": 482.458,
              "Actual Total Time": 482.461,
              "Actual Rows": 1,
              "Actual Loops": 7,
              "Plans": [
                {
                  "Node Type": "Index Scan",
                  "Parent Relationship": "Outer",
                  "Parallel Aware": true,
                  "Scan Direction": "Forward",
                  "Index Name": "role_id_cast_info",
                  "Relation Name": "cast_info",
                  "Alias": "ci",
                  "Startup Cost": 0.56,
                  "Total Cost": 325153.08,
                  "Plan Rows": 630211,
                  "Plan Width": 0,
                  "Actual Startup Time": 0.176,
                  "Actual Total Time": 462.234,
                  "Actual Rows": 328822,
                  "Actual Loops": 7,
                  "Index Cond": "(role_id > 3)",
                  "Rows Removed by Index Recheck": 0,
                  "Filter": "(person_id < 1121550)",
                  "Rows Removed by Filter": 1401699
                }
              ]
            }
          ]
        }
      ]
    },
    "Planning Time": 0.372,
    "Triggers": [],
    "Execution Time": 535.229
  }
]