[
  {
    "Plan": {
      "Node Type": "Aggregate",
      "Strategy": "Plain",
      "Partial Mode": "Finalize",
      "Parallel Aware": false,
      "Startup Cost": 379844.3,
      "Total Cost": 379844.31,
      "Plan Rows": 1,
      "Plan Width": 8,
      "Actual Startup Time": 1134.581,
      "Actual Total Time": 1207.48,
      "Actual Rows": 1,
      "Actual Loops": 1,
      "Plans": [
        {
          "Node Type": "Gather",
          "Parent Relationship": "Outer",
          "Parallel Aware": false,
          "Startup Cost": 379843.67,
          "Total Cost": 379844.28,
          "Plan Rows": 6,
          "Plan Width": 8,
          "Actual Startup Time": 1127.666,
          "Actual Total Time": 1207.463,
          "Actual Rows": 7,
          "Actual Loops": 1,
          "Workers Planned": 6,
          "Workers Launched": 6,
          "Single Copy": false,
          "Plans": [
            {
              "Node Type": "Aggregate",
              "Strategy": "Plain",
              "Partial Mode": "Partial",
              "Parent Relationship": "Outer",
              "Parallel Aware": false,
              "Startup Cost": 378843.67,
              "Total Cost": 378843.68,
              "Plan Rows": 1,
              "Plan Width": 8,
              "Actual Startup Time": 1116.743,
              "Actual Total Time": 1116.747,
              "Actual Rows": 1,
              "Actual Loops": 7,
              "Plans": [
                {
                  "Node Type": "Hash Join",
                  "Parent Relationship": "Outer",
                  "Parallel Aware": true,
                  "Join Type": "Inner",
                  "Startup Cost": 45975.09,
                  "Total Cost": 377901.57,
                  "Plan Rows": 376840,
                  "Plan Width": 0,
                  "Actual Startup Time": 476.035,
                  "Actual Total Time": 1093.572,
                  "Actual Rows": 417805,
                  "Actual Loops": 7,
                  "Inner Unique": true,
                  "Hash Cond": "(ci.movie_id = t.id)",
                  "Plans": [
                    {
                      "Node Type": "Seq Scan",
                      "Parent Relationship": "Outer",
                      "Parallel Aware": true,
                      "Relation Name": "cast_info",
                      "Alias": "ci",
                      "Startup Cost": 0.0,
                      "Total Cost": 328162.03,
                      "Plan Rows": 1434074,
                      "Plan Width": 4,
                      "Actual Startup Time": 332.137,
                      "Actual Total Time": 606.311,
                      "Actual Rows": 1217773,
                      "Actual Loops": 7,
                      "Filter": "(person_id > 2834220)",
                      "Rows Removed by Filter": 3959991
                    },
                    {
                      "Node Type": "Hash",
                      "Parent Relationship": "Inner",
                      "Parallel Aware": true,
                      "Startup Cost": 43898.92,
                      "Total Cost": 43898.92,
                      "Plan Rows": 166094,
                      "Plan Width": 4,
                      "Actual Startup Time": 140.359,
                      "Actual Total Time": 140.36,
                      "Actual Rows": 94581,
                      "Actual Loops": 7,
                      "Hash Buckets": 1048576,
                      "Original Hash Buckets": 1048576,
                      "Hash Batches": 1,
                      "Original Hash Batches": 1,
                      "Peak Memory Usage": 34240,
                      "Plans": [
                        {
                          "Node Type": "Seq Scan",
                          "Parent Relationship": "Outer",
                          "Parallel Aware": true,
                          "Relation Name": "title",
                          "Alias": "t",
                          "Startup Cost": 0.0,
                          "Total Cost": 43898.92,
                          "Plan Rows": 166094,
                          "Plan Width": 4,
                          "Actual Startup Time": 0.043,
                          "Actual Total Time": 84.683,
                          "Actual Rows": 94581,
                          "Actual Loops": 7,
                          "Filter": "(production_year > 2008)",
                          "Rows Removed by Filter": 266607
                        }
                      ]
                    }
                  ]
                }
              ]
            }
          ]
        }
      ]
    },
    "Planning Time": 0.571,
    "Triggers": [],
    "Execution Time": 1207.569
  }
]