[
  {
    "Plan": {
      "Node Type": "Aggregate",
      "Strategy": "Plain",
      "Partial Mode": "Finalize",
      "Parallel Aware": false,
      "Startup Cost": 46981.87,
      "Total Cost": 46981.88,
      "Plan Rows": 1,
      "Plan Width": 8,
      "Actual Startup Time": 186.67,
      "Actual Total Time": 198.261,
      "Actual Rows": 1,
      "Actual Loops": 1,
      "Plans": [
        {
          "Node Type": "Gather",
          "Parent Relationship": "Outer",
          "Parallel Aware": false,
          "Startup Cost": 46981.55,
          "Total Cost": 46981.86,
          "Plan Rows": 3,
          "Plan Width": 8,
          "Actual Startup Time": 186.423,
          "Actual Total Time": 198.251,
          "Actual Rows": 4,
          "Actual Loops": 1,
          "Workers Planned": 3,
          "Workers Launched": 3,
          "Single Copy": false,
          "Plans": [
            {
              "Node Type": "Aggregate",
              "Strategy": "Plain",
              "Partial Mode": "Partial",
              "Parent Relationship": "Outer",
              "Parallel Aware": false,
              "Startup Cost": 45981.55,
              "Total Cost": 45981.56,
              "Plan Rows": 1,
              "Plan Width": 8,
              "Actual Startup Time": 180.911,
              "Actual Total Time": 180.912,
              "Actual Rows": 1,
              "Actual Loops": 4,
              "Plans": [
                {
                  "Node Type": "Seq Scan",
                  "Parent Relationship": "Outer",
                  "Parallel Aware": true,
                  "Relation Name": "movie_keyword",
                  "Alias": "mk",
                  "Startup Cost": 0.0,
                  "Total Cost": 42695.65,
                  "Plan Rows": 1314360,
                  "Plan Width": 0,
                  "Actual Startup Time": 0.046,
                  "Actual Total Time": 131.485,
                  "Actual Rows": 1019213,
                  "Actual Loops": 4,
                  "Filter": "(keyword_id < 39677)",
                  "Rows Removed by Filter": 111769
                }
              ]
            }
          ]
        }
      ]
    },
    "Planning Time": 0.152,
    "Triggers": [],
    "Execution Time": 198.307
  }
]