[
  {
    "Plan": {
      "Node Type": "Aggregate",
      "Strategy": "Plain",
      "Partial Mode": "Finalize",
      "Parallel Aware": false,
      "Startup Cost": 152310.03,
      "Total Cost": 152310.04,
      "Plan Rows": 1,
      "Plan Width": 8,
      "Actual Startup Time": 1064.502,
      "Actual Total Time": 1148.551,
      "Actual Rows": 1,
      "Actual Loops": 1,
      "Plans": [
        {
          "Node Type": "Gather",
          "Parent Relationship": "Outer",
          "Parallel Aware": false,
          "Startup Cost": 152309.71,
          "Total Cost": 152310.02,
          "Plan Rows": 3,
          "Plan Width": 8,
          "Actual Startup Time": 1063.777,
          "Actual Total Time": 1148.541,
          "Actual Rows": 4,
          "Actual Loops": 1,
          "Workers Planned": 3,
          "Workers Launched": 3,
          "Single Copy": false,
          "Plans": [
            {
              "Node Type": "Aggregate",
              "Strategy": "Plain",
              "Partial Mode": "Partial",
              "Parent Relationship": "Outer",
              "Parallel Aware": false,
              "Startup Cost": 151309.71,
              "Total Cost": 151309.72,
              "Plan Rows": 1,
              "Plan Width": 8,
              "Actual Startup Time": 1055.361,
              "Actual Total Time": 1055.364,
              "Actual Rows": 1,
              "Actual Loops": 4,
              "Plans": [
                {
                  "Node Type": "Nested Loop",
                  "Parent Relationship": "Outer",
                  "Parallel Aware": false,
                  "Join Type": "Inner",
                  "Startup Cost": 44281.88,
                  "Total Cost": 151272.13,
                  "Plan Rows": 15032,
                  "Plan Width": 0,
                  "Actual Startup Time": 108.62,
                  "Actual Total Time": 1052.329,
                  "Actual Rows": 53759,
                  "Actual Loops": 4,
                  "Inner Unique": false,
                  "Join Filter": "(t.id = ci.movie_id)",
                  "Rows Removed by Join Filter": 0,
                  "Plans": [
                    {
                      "Node Type": "Hash Join",
                      "Parent Relationship": "Outer",
                      "Parallel Aware": true,
                      "Join Type": "Inner",
                      "Startup Cost": 44281.32,
                      "Total Cost": 73697.21,
                      "Plan Rows": 40736,
                      "Plan Width": 8,
                      "Actual Startup Time": 106.976,
                      "Actual Total Time": 267.102,
                      "Actual Rows": 26441,
                      "Actual Loops": 4,
                      "Inner Unique": true,
                      "Hash Cond": "(mc.movie_id = t.id)",
                      "Plans": [
                        {
                          "Node Type": "Seq Scan",
                          "Parent Relationship": "Outer",
                          "Parallel Aware": true,
                          "Relation Name": "movie_companies",
                          "Alias": "mc",
                          "Startup Cost": 0.0,
                          "Total Cost": 27206.55,
                          "Plan Rows": 841655,
                          "Plan Width": 4,
                          "Actual Startup Time": 0.017,
                          "Actual Total Time": 55.581,
                          "Actual Rows": 652282,
                          "Actual Loops": 4
                        },
                        {
                          "Node Type": "Hash",
                          "Parent Relationship": "Inner",
                          "Parallel Aware": true,
                          "Startup Cost": 43898.92,
                          "Total Cost": 43898.92,
                          "Plan Rows": 30592,
                          "Plan Width": 4,
                          "Actual Startup Time": 105.116,
                          "Actual Total Time": 105.117,
                          "Actual Rows": 30715,
                          "Actual Loops": 4,
                          "Hash Buckets": 131072,
                          "Original Hash Buckets": 131072,
                          "Hash Batches": 1,
                          "Original Hash Batches": 1,
                          "Peak Memory Usage": 5920,
                          "Plans": [
                            {
                              "Node Type": "Seq Scan",
                              "Parent Relationship": "Outer",
                              "Parallel Aware": true,
                              "Relation Name": "title",
                              "Alias": "t",
                              "Startup Cost": 0.0,
                              "Total Cost": 43898.92,
                              "Plan Rows": 30592,
                              "Plan Width": 4,
                              "Actual Startup Time": 0.044,
                              "Actual Total Time": 93.208,
                              "Actual Rows": 30715,
                              "Actual Loops": 4,
                              "Filter": "(production_year = 2008)",
                              "Rows Removed by Filter": 601363
                            }
                          ]
                        }
                      ]
                    },
                    {
                      "Node Type": "Index Scan",
                      "Parent Relationship": "Inner",
                      "Parallel Aware": false,
                      "Scan Direction": "Forward",
                      "Index Name": "movie_id_cast_info",
                      "Relation Name": "cast_info",
                      "Alias": "ci",
                      "Startup Cost": 0.56,
                      "Total Cost": 1.89,
                      "Plan Rows": 1,
                      "Plan Width": 4,
                      "Actual Startup Time": 0.028,
                      "Actual Total Time": 0.029,
                      "Actual Rows": 2,
                      "Actual Loops": 105763,
                      "Index Cond": "(movie_id = mc.movie_id)",
                      "Rows Removed by Index Recheck": 0,
                      "Filter": "(person_id > 3888520)",
                      "Rows Removed by Filter": 36
                    }
                  ]
                }
              ]
            }
          ]
        }
      ]
    },
    "Planning Time": 1.443,
    "Triggers": [],
    "Execution Time": 1148.659
  }
]