[
  {
    "Plan": {
      "Node Type": "Aggregate",
      "Strategy": "Plain",
      "Partial Mode": "Finalize",
      "Parallel Aware": false,
      "Startup Cost": 32755.52,
      "Total Cost": 32755.53,
      "Plan Rows": 1,
      "Plan Width": 8,
      "Actual Startup Time": 85.385,
      "Actual Total Time": 93.755,
      "Actual Rows": 1,
      "Actual Loops": 1,
      "Plans": [
        {
          "Node Type": "Gather",
          "Parent Relationship": "Outer",
          "Parallel Aware": false,
          "Startup Cost": 32755.2,
          "Total Cost": 32755.51,
          "Plan Rows": 3,
          "Plan Width": 8,
          "Actual Startup Time": 85.269,
          "Actual Total Time": 93.747,
          "Actual Rows": 4,
          "Actual Loops": 1,
          "Workers Planned": 3,
          "Workers Launched": 3,
          "Single Copy": false,
          "Plans": [
            {
              "Node Type": "Aggregate",
              "Strategy": "Plain",
              "Partial Mode": "Partial",
              "Parent Relationship": "Outer",
              "Parallel Aware": false,
              "Startup Cost": 31755.2,
              "Total Cost": 31755.21,
              "Plan Rows": 1,
              "Plan Width": 8,
              "Actual Startup Time": 77.335,
              "Actual Total Time": 77.336,
              "Actual Rows": 1,
              "Actual Loops": 4,
              "Plans": [
                {
                  "Node Type": "Seq Scan",
                  "Parent Relationship": "Outer",
                  "Parallel Aware": true,
                  "Relation Name": "movie_companies",
                  "Alias": "mc",
                  "Startup Cost": 0.0,
                  "Total Cost": 31414.82,
                  "Plan Rows": 136154,
                  "Plan Width": 0,
                  "Actual Startup Time": 47.04,
                  "Actual Total Time": 74.731,
                  "Actual Rows": 60311,
                  "Actual Loops": 4,
                  "Filter": "((company_id < 2042) AND (company_type_id > 1))",
                  "Rows Removed by Filter": 591972
                }
              ]
            }
          ]
        }
      ]
    },
    "Planning Time": 0.189,
    "Triggers": [],
    "Execution Time": 93.807
  }
]