[
  {
    "Plan": {
      "Node Type": "Aggregate",
      "Strategy": "Plain",
      "Partial Mode": "Finalize",
      "Parallel Aware": false,
      "Startup Cost": 198835.43,
      "Total Cost": 198835.44,
      "Plan Rows": 1,
      "Plan Width": 8,
      "Actual Startup Time": 870.23,
      "Actual Total Time": 921.422,
      "Actual Rows": 1,
      "Actual Loops": 1,
      "Plans": [
        {
          "Node Type": "Gather",
          "Parent Relationship": "Outer",
          "Parallel Aware": false,
          "Startup Cost": 198835.11,
          "Total Cost": 198835.42,
          "Plan Rows": 3,
          "Plan Width": 8,
          "Actual Startup Time": 869.212,
          "Actual Total Time": 921.412,
          "Actual Rows": 4,
          "Actual Loops": 1,
          "Workers Planned": 3,
          "Workers Launched": 3,
          "Single Copy": false,
          "Plans": [
            {
              "Node Type": "Aggregate",
              "Strategy": "Plain",
              "Partial Mode": "Partial",
              "Parent Relationship": "Outer",
              "Parallel Aware": false,
              "Startup Cost": 197835.11,
              "Total Cost": 197835.12,
              "Plan Rows": 1,
              "Plan Width": 8,
              "Actual Startup Time": 859.725,
              "Actual Total Time": 859.728,
              "Actual Rows": 1,
              "Actual Loops": 4,
              "Plans": [
                {
                  "Node Type": "Nested Loop",
                  "Parent Relationship": "Outer",
                  "Parallel Aware": false,
                  "Join Type": "Inner",
                  "Startup Cost": 46596.02,
                  "Total Cost": 197137.2,
                  "Plan Rows": 279165,
                  "Plan Width": 0,
                  "Actual Startup Time": 119.011,
                  "Actual Total Time": 807.867,
                  "Actual Rows": 1251908,
                  "Actual Loops": 4,
                  "Inner Unique": false,
                  "Join Filter": "(t.id = mi.movie_id)",
                  "Rows Removed by Join Filter": 0,
                  "Plans": [
                    {
                      "Node Type": "Hash Join",
                      "Parent Relationship": "Outer",
                      "Parallel Aware": true,
                      "Join Type": "Inner",
                      "Startup Cost": 46595.59,
                      "Total Cost": 76793.14,
                      "Plan Rows": 47743,
                      "Plan Width": 8,
                      "Actual Startup Time": 118.94,
                      "Actual Total Time": 238.621,
                      "Actual Rows": 33875,
                      "Actual Loops": 4,
                      "Inner Unique": true,
                      "Hash Cond": "(mc.movie_id = t.id)",
                      "Plans": [
                        {
                          "Node Type": "Seq Scan",
                          "Parent Relationship": "Outer",
                          "Parallel Aware": true,
                          "Relation Name": "movie_companies",
                          "Alias": "mc",
                          "Startup Cost": 0.0,
                          "Total Cost": 29310.68,
                          "Plan Rows": 337855,
                          "Plan Width": 4,
                          "Actual Startup Time": 0.017,
                          "Actual Total Time": 59.416,
                          "Actual Rows": 261693,
                          "Actual Loops": 4,
                          "Filter": "(company_id < 6087)",
                          "Rows Removed by Filter": 390589
                        },
                        {
                          "Node Type": "Hash",
                          "Parent Relationship": "Inner",
                          "Parallel Aware": true,
                          "Startup Cost": 45479.1,
                          "Total Cost": 45479.1,
                          "Plan Rows": 89319,
                          "Plan Width": 4,
                          "Actual Startup Time": 115.935,
                          "Actual Total Time": 115.936,
                          "Actual Rows": 75522,
                          "Actual Loops": 4,
                          "Hash Buckets": 524288,
                          "Original Hash Buckets": 524288,
                          "Hash Batches": 1,
                          "Original Hash Batches": 1,
                          "Peak Memory Usage": 15968,
                          "Plans": [
                            {
                              "Node Type": "Seq Scan",
                              "Parent Relationship": "Outer",
                              "Parallel Aware": true,
                              "Relation Name": "title",
                              "Alias": "t",
                              "Startup Cost": 0.0,
                              "Total Cost": 45479.1,
                              "Plan Rows": 89319,
                              "Plan Width": 4,
                              "Actual Startup Time": 0.078,
                              "Actual Total Time": 92.809,
                              "Actual Rows": 75522,
                              "Actual Loops": 4,
                              "Filter": "((kind_id < 7) AND (production_year > 2006))",
                              "Rows Removed by Filter": 556556
                            }
                          ]
                        }
                      ]
                    },
                    {
                      "Node Type": "Index Only Scan",
                      "Parent Relationship": "Inner",
                      "Parallel Aware": false,
                      "Scan Direction": "Forward",
                      "Index Name": "movie_id_movie_info",
                      "Relation Name": "movie_info",
                      "Alias": "mi",
                      "Startup Cost": 0.43,
                      "Total Cost": 2.0,
                      "Plan Rows": 42,
                      "Plan Width": 4,
                      "Actual Startup Time": 0.004,
                      "Actual Total Time": 0.014,
                      "Actual Rows": 37,
                      "Actual Loops": 135500,
                      "Index Cond": "(movie_id = mc.movie_id)",
                      "Rows Removed by Index Recheck": 0,
                      "Heap Fetches": 5007633
                    }
                  ]
                }
              ]
            }
          ]
        }
      ]
    },
    "Planning Time": 1.513,
    "Triggers": [],
    "Execution Time": 921.53
  }
]