[
  {
    "Plan": {
      "Node Type": "Aggregate",
      "Strategy": "Plain",
      "Partial Mode": "Finalize",
      "Parallel Aware": false,
      "Startup Cost": 338320.6,
      "Total Cost": 338320.61,
      "Plan Rows": 1,
      "Plan Width": 8,
      "Actual Startup Time": 880.891,
      "Actual Total Time": 943.336,
      "Actual Rows": 1,
      "Actual Loops": 1,
      "Plans": [
        {
          "Node Type": "Gather",
          "Parent Relationship": "Outer",
          "Parallel Aware": false,
          "Startup Cost": 338319.97,
          "Total Cost": 338320.58,
          "Plan Rows": 6,
          "Plan Width": 8,
          "Actual Startup Time": 880.696,
          "Actual Total Time": 943.324,
          "Actual Rows": 7,
          "Actual Loops": 1,
          "Workers Planned": 6,
          "Workers Launched": 6,
          "Single Copy": false,
          "Plans": [
            {
              "Node Type": "Aggregate",
              "Strategy": "Plain",
              "Partial Mode": "Partial",
              "Parent Relationship": "Outer",
              "Parallel Aware": false,
              "Startup Cost": 337319.97,
              "Total Cost": 337319.98,
              "Plan Rows": 1,
              "Plan Width": 8,
              "Actual Startup Time": 870.817,
              "Actual Total Time": 870.819,
              "Actual Rows": 1,
              "Actual Loops": 7,
              "Plans": [
                {
                  "Node Type": "Seq Scan",
                  "Parent Relationship": "Outer",
                  "Parallel Aware": true,
                  "Relation Name": "cast_info",
                  "Alias": "ci",
                  "Startup Cost": 0.0,
                  "Total Cost": 328211.39,
                  "Plan Rows": 3643433,
                  "Plan Width": 0,
                  "Actual Startup Time": 0.05,
                  "Actual Total Time": 694.268,
                  "Actual Rows": 3162005,
                  "Actual Loops": 7,
                  "Filter": "(person_id < 2254421)",
                  "Rows Removed by Filter": 2015758
                }
              ]
            }
          ]
        }
      ]
    },
    "Planning Time": 0.211,
    "Triggers": [],
    "Execution Time": 943.456
  }
]