[
  {
    "Plan": {
      "Node Type": "Aggregate",
      "Strategy": "Plain",
      "Partial Mode": "Simple",
      "Parallel Aware": false,
      "Startup Cost": 17977.84,
      "Total Cost": 17977.85,
      "Plan Rows": 1,
      "Plan Width": 8,
      "Actual Startup Time": 7.368,
      "Actual Total Time": 7.368,
      "Actual Rows": 1,
      "Actual Loops": 1,
      "Plans": [
        {
          "Node Type": "Bitmap Heap Scan",
          "Parent Relationship": "Outer",
          "Parallel Aware": false,
          "Relation Name": "movie_companies",
          "Alias": "mc",
          "Startup Cost": 267.47,
          "Total Cost": 17947.18,
          "Plan Rows": 12263,
          "Plan Width": 0,
          "Actual Startup Time": 0.926,
          "Actual Total Time": 6.901,
          "Actual Rows": 11817,
          "Actual Loops": 1,
          "Recheck Cond": "(company_id = 11203)",
          "Rows Removed by Index Recheck": 0,
          "Exact Heap Blocks": 3407,
          "Lossy Heap Blocks": 0,
          "Plans": [
            {
              "Node Type": "Bitmap Index Scan",
              "Parent Relationship": "Outer",
              "Parallel Aware": false,
              "Index Name": "company_id_movie_companies",
              "Startup Cost": 0.0,
              "Total Cost": 264.4,
              "Plan Rows": 12263,
              "Plan Width": 0,
              "Actual Startup Time": 0.606,
              "Actual Total Time": 0.607,
              "Actual Rows": 11817,
              "Actual Loops": 1,
              "Index Cond": "(company_id = 11203)"
            }
          ]
        }
      ]
    },
    "Planning Time": 0.056,
    "Triggers": [],
    "Execution Time": 7.386
  }
]