{
  "Plan": {
    "Node Type": "Aggregate",
    "Strategy": "Plain",
    "Partial Mode": "Finalize",
    "Parallel Aware": false,
    "Startup Cost": 1184232.4,
    "Total Cost": 1184232.41,
    "Plan Rows": 1,
    "Plan Width": 8,
    "Actual Startup Time": 9090.081,
    "Actual Total Time": 9197.346,
    "Actual Rows": 1,
    "Actual Loops": 1,
    "Plans": [
      {
        "Node Type": "Gather",
        "Parent Relationship": "Outer",
        "Parallel Aware": false,
        "Startup Cost": 1184232.29,
        "Total Cost": 1184232.4,
        "Plan Rows": 1,
        "Plan Width": 8,
        "Actual Startup Time": 9086.159,
        "Actual Total Time": 9197.337,
        "Actual Rows": 2,
        "Actual Loops": 1,
        "Workers Planned": 1,
        "Workers Launched": 1,
        "Single Copy": false,
        "Plans": [
          {
            "Node Type": "Aggregate",
            "Strategy": "Plain",
            "Partial Mode": "Partial",
            "Parent Relationship": "Outer",
            "Parallel Aware": false,
            "Startup Cost": 1183232.29,
            "Total Cost": 1183232.3,
            "Plan Rows": 1,
            "Plan Width": 8,
            "Actual Startup Time": 9074.011,
            "Actual Total Time": 9074.017,
            "Actual Rows": 1,
            "Actual Loops": 2,
            "Plans": [
              {
                "Node Type": "Hash Join",
                "Parent Relationship": "Outer",
                "Parallel Aware": true,
                "Join Type": "Inner",
                "Startup Cost": 376473.11,
                "Total Cost": 1129609.21,
                "Plan Rows": 21449231,
                "Plan Width": 0,
                "Actual Startup Time": 2428.627,
                "Actual Total Time": 8603.324,
                "Actual Rows": 12218871,
                "Actual Loops": 2,
                "Inner Unique": false,
                "Hash Cond": "(ci.movie_id = t.id)",
                "Plans": [
                  {
                    "Node Type": "Seq Scan",
                    "Parent Relationship": "Outer",
                    "Parallel Aware": true,
                    "Relation Name": "cast_info",
                    "Alias": "ci",
                    "Startup Cost": 0.0,
                    "Total Cost": 519069.44,
                    "Plan Rows": 17263155,
                    "Plan Width": 4,
                    "Actual Startup Time": 160.517,
                    "Actual Total Time": 1608.734,
                    "Actual Rows": 14590628,
                    "Actual Loops": 2,
                    "Filter": "(person_id > 682231)",
                    "Rows Removed by Filter": 3531544
                  },
                  {
                    "Node Type": "Hash",
                    "Parent Relationship": "Inner",
                    "Parallel Aware": true,
                    "Startup Cost": 353374.81,
                    "Total Cost": 353374.81,
                    "Plan Rows": 1847864,
                    "Plan Width": 8,
                    "Actual Startup Time": 2246.307,
                    "Actual Total Time": 2246.312,
                    "Actual Rows": 851400,
                    "Actual Loops": 2,
                    "Hash Buckets": 4194304,
                    "Original Hash Buckets": 4194304,
                    "Hash Batches": 1,
                    "Original Hash Batches": 1,
                    "Peak Memory Usage": 99424,
                    "Plans": [
                      {
                        "Node Type": "Hash Join",
                        "Parent Relationship": "Outer",
                        "Parallel Aware": true,
                        "Join Type": "Inner",
                        "Startup Cost": 62855.53,
                        "Total Cost": 353374.81,
                        "Plan Rows": 1847864,
                        "Plan Width": 8,
                        "Actual Startup Time": 215.338,
                        "Actual Total Time": 1988.36,
                        "Actual Rows": 851400,
                        "Actual Loops": 2,
                        "Inner Unique": true,
                        "Hash Cond": "(mi.movie_id = t.id)",
                        "Plans": [
                          {
                            "Node Type": "Seq Scan",
                            "Parent Relationship": "Outer",
                            "Parallel Aware": true,
                            "Relation Name": "movie_info",
                            "Alias": "mi",
                            "Startup Cost": 0.0,
                            "Total Cost": 270696.42,
                            "Plan Rows": 7551554,
                            "Plan Width": 4,
                            "Actual Startup Time": 0.012,
                            "Actual Total Time": 760.935,
                            "Actual Rows": 6485044,
                            "Actual Loops": 2,
                            "Filter": "(info_type_id < 18)",
                            "Rows Removed by Filter": 932816
                          },
                          {
                            "Node Type": "Hash",
                            "Parent Relationship": "Inner",
                            "Parallel Aware": true,
                            "Startup Cost": 58306.47,
                            "Total Cost": 58306.47,
                            "Plan Rows": 363925,
                            "Plan Width": 4,
                            "Actual Startup Time": 212.477,
                            "Actual Total Time": 212.478,
                            "Actual Rows": 260570,
                            "Actual Loops": 2,
                            "Hash Buckets": 1048576,
                            "Original Hash Buckets": 1048576,
                            "Hash Batches": 1,
                            "Original Hash Batches": 1,
                            "Peak Memory Usage": 28608,
                            "Plans": [
                              {
                                "Node Type": "Seq Scan",
                                "Parent Relationship": "Outer",
                                "Parallel Aware": true,
                                "Relation Name": "title",
                                "Alias": "t",
                                "Startup Cost": 0.0,
                                "Total Cost": 58306.47,
                                "Plan Rows": 363925,
                                "Plan Width": 4,
                                "Actual Startup Time": 0.044,
                                "Actual Total Time": 146.783,
                                "Actual Rows": 260570,
                                "Actual Loops": 2,
                                "Filter": "((production_year < 2000) AND (kind_id = 7))",
                                "Rows Removed by Filter": 1003586
                              }
                            ]
                          }
                        ]
                      }
                    ]
                  }
                ]
              }
            ]
          }
        ]
      }
    ]
  },
  "Planning Time": 0.984,
  "Triggers": [],
  "Execution Time": 9197.451
}