[
  {
    "Plan": {
      "Node Type": "Aggregate",
      "Strategy": "Plain",
      "Partial Mode": "Finalize",
      "Parallel Aware": false,
      "Startup Cost": 342737.02,
      "Total Cost": 342737.03,
      "Plan Rows": 1,
      "Plan Width": 8,
      "Actual Startup Time": 818.586,
      "Actual Total Time": 864.068,
      "Actual Rows": 1,
      "Actual Loops": 1,
      "Plans": [
        {
          "Node Type": "Gather",
          "Parent Relationship": "Outer",
          "Parallel Aware": false,
          "Startup Cost": 342736.4,
          "Total Cost": 342737.01,
          "Plan Rows": 6,
          "Plan Width": 8,
          "Actual Startup Time": 818.365,
          "Actual Total Time": 864.048,
          "Actual Rows": 7,
          "Actual Loops": 1,
          "Workers Planned": 6,
          "Workers Launched": 6,
          "Single Copy": false,
          "Plans": [
            {
              "Node Type": "Aggregate",
              "Strategy": "Plain",
              "Partial Mode": "Partial",
              "Parent Relationship": "Outer",
              "Parallel Aware": false,
              "Startup Cost": 341736.4,
              "Total Cost": 341736.41,
              "Plan Rows": 1,
              "Plan Width": 8,
              "Actual Startup Time": 811.834,
              "Actual Total Time": 811.835,
              "Actual Rows": 1,
              "Actual Loops": 7,
              "Plans": [
                {
                  "Node Type": "Seq Scan",
                  "Parent Relationship": "Outer",
                  "Parallel Aware": true,
                  "Relation Name": "cast_info",
                  "Alias": "ci",
                  "Startup Cost": 0.0,
                  "Total Cost": 328211.39,
                  "Plan Rows": 5410002,
                  "Plan Width": 0,
                  "Actual Startup Time": 0.04,
                  "Actual Total Time": 609.889,
                  "Actual Rows": 4639001,
                  "Actual Loops": 7,
                  "Filter": "(person_id < 3372507)",
                  "Rows Removed by Filter": 538763
                }
              ]
            }
          ]
        }
      ]
    },
    "Planning Time": 0.164,
    "Triggers": [],
    "Execution Time": 864.132
  }
]