{
    "Plan": {
        "Node Type": "Aggregate",
        "Strategy": "Plain",
        "Partial Mode": "Finalize",
        "Parallel Aware": false,
        "Startup Cost": 309796.95,
        "Total Cost": 309796.96,
        "Plan Rows": 1,
        "Plan Width": 8,
        "Actual Startup Time": 2937.772,
        "Actual Total Time": 3022.835,
        "Actual Rows": 1,
        "Actual Loops": 1,
        "Output": [
            "count(*)"
        ],
        "Plans": [
            {
                "Node Type": "Gather",
                "Parent Relationship": "Outer",
                "Parallel Aware": false,
                "Startup Cost": 309796.53,
                "Total Cost": 309796.94,
                "Plan Rows": 4,
                "Plan Width": 8,
                "Actual Startup Time": 2935.625,
                "Actual Total Time": 3022.825,
                "Actual Rows": 5,
                "Actual Loops": 1,
                "Output": [
                    "(PARTIAL count(*))"
                ],
                "Workers Planned": 4,
                "Workers Launched": 4,
                "Single Copy": false,
                "Plans": [
                    {
                        "Node Type": "Aggregate",
                        "Strategy": "Plain",
                        "Partial Mode": "Partial",
                        "Parent Relationship": "Outer",
                        "Parallel Aware": false,
                        "Startup Cost": 308796.53,
                        "Total Cost": 308796.54,
                        "Plan Rows": 1,
                        "Plan Width": 8,
                        "Actual Startup Time": 2925.855,
                        "Actual Total Time": 2925.857,
                        "Actual Rows": 1,
                        "Actual Loops": 5,
                        "Output": [
                            "PARTIAL count(*)"
                        ],
                        "Workers": [
                            {
                                "Worker Number": 0,
                                "Actual Startup Time": 2922.312,
                                "Actual Total Time": 2922.314,
                                "Actual Rows": 1,
                                "Actual Loops": 1
                            },
                            {
                                "Worker Number": 1,
                                "Actual Startup Time": 2924.968,
                                "Actual Total Time": 2924.969,
                                "Actual Rows": 1,
                                "Actual Loops": 1
                            },
                            {
                                "Worker Number": 2,
                                "Actual Startup Time": 2924.354,
                                "Actual Total Time": 2924.355,
                                "Actual Rows": 1,
                                "Actual Loops": 1
                            },
                            {
                                "Worker Number": 3,
                                "Actual Startup Time": 2922.833,
                                "Actual Total Time": 2922.836,
                                "Actual Rows": 1,
                                "Actual Loops": 1
                            }
                        ],
                        "Plans": [
                            {
                                "Node Type": "Nested Loop",
                                "Parent Relationship": "Outer",
                                "Parallel Aware": false,
                                "Join Type": "Inner",
                                "Startup Cost": 2.26,
                                "Total Cost": 307172.05,
                                "Plan Rows": 649789,
                                "Plan Width": 0,
                                "Actual Startup Time": 3.855,
                                "Actual Total Time": 2831.482,
                                "Actual Rows": 2141864,
                                "Actual Loops": 5,
                                "Inner Unique": false,
                                "Join Filter": "(t.id = ci.movie_id)",
                                "Rows Removed by Join Filter": 0,
                                "Workers": [
                                    {
                                        "Worker Number": 0,
                                        "Actual Startup Time": 2.925,
                                        "Actual Total Time": 2827.917,
                                        "Actual Rows": 2073733,
                                        "Actual Loops": 1
                                    },
                                    {
                                        "Worker Number": 1,
                                        "Actual Startup Time": 7.945,
                                        "Actual Total Time": 2827.317,
                                        "Actual Rows": 2188457,
                                        "Actual Loops": 1
                                    },
                                    {
                                        "Worker Number": 2,
                                        "Actual Startup Time": 3.482,
                                        "Actual Total Time": 2826.756,
                                        "Actual Rows": 2181085,
                                        "Actual Loops": 1
                                    },
                                    {
                                        "Worker Number": 3,
                                        "Actual Startup Time": 4.558,
                                        "Actual Total Time": 2839.603,
                                        "Actual Rows": 1853453,
                                        "Actual Loops": 1
                                    }
                                ],
                                "Plans": [
                                    {
                                        "Node Type": "Merge Join",
                                        "Parent Relationship": "Outer",
                                        "Parallel Aware": false,
                                        "Join Type": "Inner",
                                        "Startup Cost": 1.7,
                                        "Total Cost": 154590.62,
                                        "Plan Rows": 45317,
                                        "Plan Width": 8,
                                        "Actual Startup Time": 2.827,
                                        "Actual Total Time": 691.808,
                                        "Actual Rows": 80484,
                                        "Actual Loops": 5,
                                        "Output": [
                                            "t.id",
                                            "mi_idx.movie_id"
                                        ],
                                        "Inner Unique": false,
                                        "Merge Cond": "(t.id = mi_idx.movie_id)",
                                        "Workers": [
                                            {
                                                "Worker Number": 0,
                                                "Actual Startup Time": 2.657,
                                                "Actual Total Time": 690.773,
                                                "Actual Rows": 77267,
                                                "Actual Loops": 1
                                            },
                                            {
                                                "Worker Number": 1,
                                                "Actual Startup Time": 3.56,
                                                "Actual Total Time": 677.141,
                                                "Actual Rows": 83171,
                                                "Actual Loops": 1
                                            },
                                            {
                                                "Worker Number": 2,
                                                "Actual Startup Time": 3.276,
                                                "Actual Total Time": 672.244,
                                                "Actual Rows": 81722,
                                                "Actual Loops": 1
                                            },
                                            {
                                                "Worker Number": 3,
                                                "Actual Startup Time": 4.302,
                                                "Actual Total Time": 671.91,
                                                "Actual Rows": 68411,
                                                "Actual Loops": 1
                                            }
                                        ],
                                        "Plans": [
                                            {
                                                "Node Type": "Index Scan",
                                                "Parent Relationship": "Outer",
                                                "Parallel Aware": true,
                                                "Scan Direction": "Forward",
                                                "Index Name": "title_pkey",
                                                "Relation Name": "title",
                                                "Schema": "public",
                                                "Alias": "t",
                                                "Startup Cost": 0.43,
                                                "Total Cost": 94540.09,
                                                "Plan Rows": 124369,
                                                "Plan Width": 4,
                                                "Actual Startup Time": 0.988,
                                                "Actual Total Time": 407.906,
                                                "Actual Rows": 116112,
                                                "Actual Loops": 5,
                                                "Output": [
                                                    "t.id",
                                                    "t.title",
                                                    "t.imdb_index",
                                                    "t.kind_id",
                                                    "t.production_year",
                                                    "t.imdb_id",
                                                    "t.phonetic_code",
                                                    "t.episode_of_id",
                                                    "t.season_nr",
                                                    "t.episode_nr",
                                                    "t.series_years",
                                                    "t.md5sum"
                                                ],
                                                "Filter": "((t.kind_id < 7) AND (t.production_year < 2004))",
                                                "Rows Removed by Filter": 389083,
                                                "Workers": [
                                                    {
                                                        "Worker Number": 0,
                                                        "Actual Startup Time": 0.459,
                                                        "Actual Total Time": 399.716,
                                                        "Actual Rows": 111817,
                                                        "Actual Loops": 1
                                                    },
                                                    {
                                                        "Worker Number": 1,
                                                        "Actual Startup Time": 1.853,
                                                        "Actual Total Time": 394.212,
                                                        "Actual Rows": 120163,
                                                        "Actual Loops": 1
                                                    },
                                                    {
                                                        "Worker Number": 2,
                                                        "Actual Startup Time": 1.41,
                                                        "Actual Total Time": 390.058,
                                                        "Actual Rows": 117139,
                                                        "Actual Loops": 1
                                                    },
                                                    {
                                                        "Worker Number": 3,
                                                        "Actual Startup Time": 1.19,
                                                        "Actual Total Time": 381.187,
                                                        "Actual Rows": 98698,
                                                        "Actual Loops": 1
                                                    }
                                                ]
                                            },
                                            {
                                                "Node Type": "Index Scan",
                                                "Parent Relationship": "Inner",
                                                "Parallel Aware": false,
                                                "Scan Direction": "Forward",
                                                "Index Name": "movie_id_movie_info_idx",
                                                "Relation Name": "movie_info_idx",
                                                "Schema": "public",
                                                "Alias": "mi_idx",
                                                "Startup Cost": 0.43,
                                                "Total Cost": 57080.9,
                                                "Plan Rows": 921265,
                                                "Plan Width": 4,
                                                "Actual Startup Time": 0.106,
                                                "Actual Total Time": 226.708,
                                                "Actual Rows": 920110,
                                                "Actual Loops": 5,
                                                "Output": [
                                                    "mi_idx.id",
                                                    "mi_idx.movie_id",
                                                    "mi_idx.info_type_id",
                                                    "mi_idx.info",
                                                    "mi_idx.note"
                                                ],
                                                "Filter": "(mi_idx.info_type_id > 99)",
                                                "Rows Removed by Filter": 459925,
                                                "Workers": [
                                                    {
                                                        "Worker Number": 0,
                                                        "Actual Startup Time": 0.161,
                                                        "Actual Total Time": 232.73,
                                                        "Actual Rows": 920110,
                                                        "Actual Loops": 1
                                                    },
                                                    {
                                                        "Worker Number": 1,
                                                        "Actual Startup Time": 0.115,
                                                        "Actual Total Time": 225.893,
                                                        "Actual Rows": 920110,
                                                        "Actual Loops": 1
                                                    },
                                                    {
                                                        "Worker Number": 2,
                                                        "Actual Startup Time": 0.108,
                                                        "Actual Total Time": 224.705,
                                                        "Actual Rows": 920110,
                                                        "Actual Loops": 1
                                                    },
                                                    {
                                                        "Worker Number": 3,
                                                        "Actual Startup Time": 0.123,
                                                        "Actual Total Time": 235.562,
                                                        "Actual Rows": 920110,
                                                        "Actual Loops": 1
                                                    }
                                                ]
                                            }
                                        ]
                                    },
                                    {
                                        "Node Type": "Index Only Scan",
                                        "Parent Relationship": "Inner",
                                        "Parallel Aware": false,
                                        "Scan Direction": "Forward",
                                        "Index Name": "movie_id_cast_info",
                                        "Relation Name": "cast_info",
                                        "Schema": "public",
                                        "Alias": "ci",
                                        "Startup Cost": 0.56,
                                        "Total Cost": 2.89,
                                        "Plan Rows": 38,
                                        "Plan Width": 4,
                                        "Actual Startup Time": 0.004,
                                        "Actual Total Time": 0.024,
                                        "Actual Rows": 27,
                                        "Actual Loops": 402421,
                                        "Output": [
                                            "ci.movie_id"
                                        ],
                                        "Index Cond": "(ci.movie_id = mi_idx.movie_id)",
                                        "Rows Removed by Index Recheck": 0,
                                        "Heap Fetches": 10709319,
                                        "Workers": [
                                            {
                                                "Worker Number": 0,
                                                "Actual Startup Time": 0.004,
                                                "Actual Total Time": 0.025,
                                                "Actual Rows": 27,
                                                "Actual Loops": 77267
                                            },
                                            {
                                                "Worker Number": 1,
                                                "Actual Startup Time": 0.004,
                                                "Actual Total Time": 0.023,
                                                "Actual Rows": 26,
                                                "Actual Loops": 83171
                                            },
                                            {
                                                "Worker Number": 2,
                                                "Actual Startup Time": 0.004,
                                                "Actual Total Time": 0.024,
                                                "Actual Rows": 27,
                                                "Actual Loops": 81722
                                            },
                                            {
                                                "Worker Number": 3,
                                                "Actual Startup Time": 0.004,
                                                "Actual Total Time": 0.029,
                                                "Actual Rows": 27,
                                                "Actual Loops": 68411
                                            }
                                        ]
                                    }
                                ]
                            }
                        ]
                    }
                ]
            }
        ]
    },
    "Planning Time": 1.442,
    "Triggers": [],
    "Execution Time": 3022.948
}