{
  "Plan": {
    "Node Type": "Aggregate",
    "Strategy": "Plain",
    "Partial Mode": "Finalize",
    "Parallel Aware": false,
    "Startup Cost": 17588.45,
    "Total Cost": 17588.46,
    "Plan Rows": 1,
    "Plan Width": 64,
    "Actual Startup Time": 52.339,
    "Actual Total Time": 52.442,
    "Actual Rows": 1,
    "Actual Loops": 1,
    "Plans": [
      {
        "Node Type": "Gather",
        "Parent Relationship": "Outer",
        "Parallel Aware": false,
        "Startup Cost": 17588.34,
        "Total Cost": 17588.45,
        "Plan Rows": 1,
        "Plan Width": 64,
        "Actual Startup Time": 52.329,
        "Actual Total Time": 52.433,
        "Actual Rows": 1,
        "Actual Loops": 1,
        "Workers Planned": 1,
        "Workers Launched": 0,
        "Single Copy": false,
        "Plans": [
          {
            "Node Type": "Aggregate",
            "Strategy": "Plain",
            "Partial Mode": "Partial",
            "Parent Relationship": "Outer",
            "Parallel Aware": false,
            "Startup Cost": 16588.34,
            "Total Cost": 16588.35,
            "Plan Rows": 1,
            "Plan Width": 64,
            "Actual Startup Time": 51.606,
            "Actual Total Time": 51.613,
            "Actual Rows": 1,
            "Actual Loops": 1,
            "Plans": [
              {
                "Node Type": "Nested Loop",
                "Parent Relationship": "Outer",
                "Parallel Aware": false,
                "Join Type": "Inner",
                "Startup Cost": 3.44,
                "Total Cost": 16583.78,
                "Plan Rows": 912,
                "Plan Width": 33,
                "Actual Startup Time": 51.601,
                "Actual Total Time": 51.607,
                "Actual Rows": 0,
                "Actual Loops": 1,
                "Inner Unique": true,
                "Join Filter": "(an1.person_id = n1.id)",
                "Rows Removed by Join Filter": 0,
                "Plans": [
                  {
                    "Node Type": "Hash Join",
                    "Parent Relationship": "Outer",
                    "Parallel Aware": false,
                    "Join Type": "Inner",
                    "Startup Cost": 3.01,
                    "Total Cost": 16157.15,
                    "Plan Rows": 912,
                    "Plan Width": 41,
                    "Actual Startup Time": 51.6,
                    "Actual Total Time": 51.606,
                    "Actual Rows": 0,
                    "Actual Loops": 1,
                    "Inner Unique": true,
                    "Hash Cond": "(ci.role_id = rt.id)",
                    "Plans": [
                      {
                        "Node Type": "Nested Loop",
                        "Parent Relationship": "Outer",
                        "Parallel Aware": false,
                        "Join Type": "Inner",
                        "Startup Cost": 1.85,
                        "Total Cost": 16117.11,
                        "Plan Rows": 10947,
                        "Plan Width": 45,
                        "Actual Startup Time": 19.359,
                        "Actual Total Time": 51.549,
                        "Actual Rows": 67,
                        "Actual Loops": 1,
                        "Inner Unique": true,
                        "Plans": [
                          {
                            "Node Type": "Nested Loop",
                            "Parent Relationship": "Outer",
                            "Parallel Aware": false,
                            "Join Type": "Inner",
                            "Startup Cost": 1.42,
                            "Total Cost": 11163.97,
                            "Plan Rows": 10947,
                            "Plan Width": 36,
                            "Actual Startup Time": 19.337,
                            "Actual Total Time": 51.336,
                            "Actual Rows": 67,
                            "Actual Loops": 1,
                            "Inner Unique": false,
                            "Plans": [
                              {
                                "Node Type": "Nested Loop",
                                "Parent Relationship": "Outer",
                                "Parallel Aware": false,
                                "Join Type": "Inner",
                                "Startup Cost": 0.99,
                                "Total Cost": 8966.84,
                                "Plan Rows": 4562,
                                "Plan Width": 16,
                                "Actual Startup Time": 19.317,
                                "Actual Total Time": 51.052,
                                "Actual Rows": 23,
                                "Actual Loops": 1,
                                "Inner Unique": false,
                                "Plans": [
                                  {
                                    "Node Type": "Nested Loop",
                                    "Parent Relationship": "Outer",
                                    "Parallel Aware": false,
                                    "Join Type": "Inner",
                                    "Startup Cost": 0.43,
                                    "Total Cost": 8689.87,
                                    "Plan Rows": 131,
                                    "Plan Width": 4,
                                    "Actual Startup Time": 19.285,
                                    "Actual Total Time": 50.908,
                                    "Actual Rows": 2,
                                    "Actual Loops": 1,
                                    "Inner Unique": false,
                                    "Plans": [
                                      {
                                        "Node Type": "Seq Scan",
                                        "Parent Relationship": "Outer",
                                        "Parallel Aware": true,
                                        "Relation Name": "company_name",
                                        "Alias": "cn",
                                        "Startup Cost": 0.0,
                                        "Total Cost": 4722.92,
                                        "Plan Rows": 12,
                                        "Plan Width": 4,
                                        "Actual Startup Time": 7.751,
                                        "Actual Total Time": 39.368,
                                        "Actual Rows": 1,
                                        "Actual Loops": 1,
                                        "Filter": "((country_code)::text = '[sm]'::text)",
                                        "Rows Removed by Filter": 234996
                                      },
                                      {
                                        "Node Type": "Index Scan",
                                        "Parent Relationship": "Inner",
                                        "Parallel Aware": false,
                                        "Scan Direction": "Forward",
                                        "Index Name": "company_id_movie_companies",
                                        "Relation Name": "movie_companies",
                                        "Alias": "mc",
                                        "Startup Cost": 0.43,
                                        "Total Cost": 329.26,
                                        "Plan Rows": 132,
                                        "Plan Width": 8,
                                        "Actual Startup Time": 11.524,
                                        "Actual Total Time": 11.528,
                                        "Actual Rows": 2,
                                        "Actual Loops": 1,
                                        "Index Cond": "(company_id = cn.id)",
                                        "Rows Removed by Index Recheck": 0
                                      }
                                    ]
                                  },
                                  {
                                    "Node Type": "Index Scan",
                                    "Parent Relationship": "Inner",
                                    "Parallel Aware": false,
                                    "Scan Direction": "Forward",
                                    "Index Name": "movie_id_cast_info",
                                    "Relation Name": "cast_info",
                                    "Alias": "ci",
                                    "Startup Cost": 0.56,
                                    "Total Cost": 1.76,
                                    "Plan Rows": 35,
                                    "Plan Width": 12,
                                    "Actual Startup Time": 0.025,
                                    "Actual Total Time": 0.063,
                                    "Actual Rows": 12,
                                    "Actual Loops": 2,
                                    "Index Cond": "(movie_id = mc.movie_id)",
                                    "Rows Removed by Index Recheck": 0
                                  }
                                ]
                              },
                              {
                                "Node Type": "Index Scan",
                                "Parent Relationship": "Inner",
                                "Parallel Aware": false,
                                "Scan Direction": "Forward",
                                "Index Name": "person_id_aka_name",
                                "Relation Name": "aka_name",
                                "Alias": "an1",
                                "Startup Cost": 0.42,
                                "Total Cost": 0.46,
                                "Plan Rows": 2,
                                "Plan Width": 20,
                                "Actual Startup Time": 0.01,
                                "Actual Total Time": 0.011,
                                "Actual Rows": 3,
                                "Actual Loops": 23,
                                "Index Cond": "(person_id = ci.person_id)",
                                "Rows Removed by Index Recheck": 0
                              }
                            ]
                          },
                          {
                            "Node Type": "Index Scan",
                            "Parent Relationship": "Inner",
                            "Parallel Aware": false,
                            "Scan Direction": "Forward",
                            "Index Name": "title_pkey",
                            "Relation Name": "title",
                            "Alias": "t",
                            "Startup Cost": 0.43,
                            "Total Cost": 0.45,
                            "Plan Rows": 1,
                            "Plan Width": 21,
                            "Actual Startup Time": 0.003,
                            "Actual Total Time": 0.003,
                            "Actual Rows": 1,
                            "Actual Loops": 67,
                            "Index Cond": "(id = ci.movie_id)",
                            "Rows Removed by Index Recheck": 0
                          }
                        ]
                      },
                      {
                        "Node Type": "Hash",
                        "Parent Relationship": "Inner",
                        "Parallel Aware": false,
                        "Startup Cost": 1.15,
                        "Total Cost": 1.15,
                        "Plan Rows": 1,
                        "Plan Width": 4,
                        "Actual Startup Time": 0.026,
                        "Actual Total Time": 0.027,
                        "Actual Rows": 1,
                        "Actual Loops": 1,
                        "Hash Buckets": 1024,
                        "Original Hash Buckets": 1024,
                        "Hash Batches": 1,
                        "Original Hash Batches": 1,
                        "Peak Memory Usage": 9,
                        "Plans": [
                          {
                            "Node Type": "Seq Scan",
                            "Parent Relationship": "Outer",
                            "Parallel Aware": false,
                            "Relation Name": "role_type",
                            "Alias": "rt",
                            "Startup Cost": 0.0,
                            "Total Cost": 1.15,
                            "Plan Rows": 1,
                            "Plan Width": 4,
                            "Actual Startup Time": 0.019,
                            "Actual Total Time": 0.022,
                            "Actual Rows": 1,
                            "Actual Loops": 1,
                            "Filter": "((role)::text = 'producer'::text)",
                            "Rows Removed by Filter": 11
                          }
                        ]
                      }
                    ]
                  },
                  {
                    "Node Type": "Index Only Scan",
                    "Parent Relationship": "Inner",
                    "Parallel Aware": false,
                    "Scan Direction": "Forward",
                    "Index Name": "name_pkey",
                    "Relation Name": "name",
                    "Alias": "n1",
                    "Startup Cost": 0.43,
                    "Total Cost": 0.46,
                    "Plan Rows": 1,
                    "Plan Width": 4,
                    "Actual Startup Time": 0.0,
                    "Actual Total Time": 0.0,
                    "Actual Rows": 0,
                    "Actual Loops": 0,
                    "Index Cond": "(id = ci.person_id)",
                    "Rows Removed by Index Recheck": 0,
                    "Heap Fetches": 0
                  }
                ]
              }
            ]
          }
        ]
      }
    ]
  },
  "Planning Time": 0.968,
  "Triggers": [],
  "Execution Time": 52.558
}