[
  {
    "Plan": {
      "Node Type": "Aggregate",
      "Strategy": "Plain",
      "Partial Mode": "Finalize",
      "Parallel Aware": false,
      "Startup Cost": 352406.93,
      "Total Cost": 352406.94,
      "Plan Rows": 1,
      "Plan Width": 8,
      "Actual Startup Time": 786.121,
      "Actual Total Time": 813.444,
      "Actual Rows": 1,
      "Actual Loops": 1,
      "Plans": [
        {
          "Node Type": "Gather",
          "Parent Relationship": "Outer",
          "Parallel Aware": false,
          "Startup Cost": 352406.3,
          "Total Cost": 352406.91,
          "Plan Rows": 6,
          "Plan Width": 8,
          "Actual Startup Time": 786.028,
          "Actual Total Time": 813.436,
          "Actual Rows": 7,
          "Actual Loops": 1,
          "Workers Planned": 6,
          "Workers Launched": 6,
          "Single Copy": false,
          "Plans": [
            {
              "Node Type": "Aggregate",
              "Strategy": "Plain",
              "Partial Mode": "Partial",
              "Parent Relationship": "Outer",
              "Parallel Aware": false,
              "Startup Cost": 351406.3,
              "Total Cost": 351406.32,
              "Plan Rows": 1,
              "Plan Width": 8,
              "Actual Startup Time": 777.062,
              "Actual Total Time": 777.063,
              "Actual Rows": 1,
              "Actual Loops": 7,
              "Plans": [
                {
                  "Node Type": "Seq Scan",
                  "Parent Relationship": "Outer",
                  "Parallel Aware": true,
                  "Relation Name": "cast_info",
                  "Alias": "ci",
                  "Startup Cost": 0.0,
                  "Total Cost": 343318.94,
                  "Plan Rows": 3234946,
                  "Plan Width": 0,
                  "Actual Startup Time": 146.84,
                  "Actual Total Time": 657.694,
                  "Actual Rows": 2568955,
                  "Actual Loops": 7,
                  "Filter": "((person_id > 1153093) AND (role_id < 7))",
                  "Rows Removed by Filter": 2608809
                }
              ]
            }
          ]
        }
      ]
    },
    "Planning Time": 0.174,
    "Triggers": [],
    "Execution Time": 813.497
  }
]