[
  {
    "Plan": {
      "Node Type": "Aggregate",
      "Strategy": "Plain",
      "Partial Mode": "Finalize",
      "Parallel Aware": false,
      "Startup Cost": 166653.21,
      "Total Cost": 166653.22,
      "Plan Rows": 1,
      "Plan Width": 8,
      "Actual Startup Time": 117.814,
      "Actual Total Time": 129.377,
      "Actual Rows": 1,
      "Actual Loops": 1,
      "Plans": [
        {
          "Node Type": "Gather",
          "Parent Relationship": "Outer",
          "Parallel Aware": false,
          "Startup Cost": 166652.79,
          "Total Cost": 166653.2,
          "Plan Rows": 4,
          "Plan Width": 8,
          "Actual Startup Time": 116.797,
          "Actual Total Time": 129.37,
          "Actual Rows": 5,
          "Actual Loops": 1,
          "Workers Planned": 4,
          "Workers Launched": 4,
          "Single Copy": false,
          "Plans": [
            {
              "Node Type": "Aggregate",
              "Strategy": "Plain",
              "Partial Mode": "Partial",
              "Parent Relationship": "Outer",
              "Parallel Aware": false,
              "Startup Cost": 165652.79,
              "Total Cost": 165652.8,
              "Plan Rows": 1,
              "Plan Width": 8,
              "Actual Startup Time": 109.654,
              "Actual Total Time": 109.658,
              "Actual Rows": 1,
              "Actual Loops": 5,
              "Plans": [
                {
                  "Node Type": "Hash Join",
                  "Parent Relationship": "Outer",
                  "Parallel Aware": true,
                  "Join Type": "Inner",
                  "Startup Cost": 46912.46,
                  "Total Cost": 165651.21,
                  "Plan Rows": 633,
                  "Plan Width": 0,
                  "Actual Startup Time": 105.268,
                  "Actual Total Time": 109.626,
                  "Actual Rows": 378,
                  "Actual Loops": 5,
                  "Inner Unique": true,
                  "Hash Cond": "(mi.movie_id = t.id)",
                  "Plans": [
                    {
                      "Node Type": "Bitmap Heap Scan",
                      "Parent Relationship": "Outer",
                      "Parallel Aware": true,
                      "Relation Name": "movie_info",
                      "Alias": "mi",
                      "Startup Cost": 1104.17,
                      "Total Cost": 119802.98,
                      "Plan Rows": 15217,
                      "Plan Width": 4,
                      "Actual Startup Time": 3.049,
                      "Actual Total Time": 11.983,
                      "Actual Rows": 12226,
                      "Actual Loops": 5,
                      "Recheck Cond": "(info_type_id = 103)",
                      "Rows Removed by Index Recheck": 0,
                      "Exact Heap Blocks": 1550,
                      "Lossy Heap Blocks": 0,
                      "Plans": [
                        {
                          "Node Type": "Bitmap Index Scan",
                          "Parent Relationship": "Outer",
                          "Parallel Aware": false,
                          "Index Name": "info_type_id_movie_info",
                          "Startup Cost": 0.0,
                          "Total Cost": 1088.95,
                          "Plan Rows": 60869,
                          "Plan Width": 0,
                          "Actual Startup Time": 2.411,
                          "Actual Total Time": 2.412,
                          "Actual Rows": 61128,
                          "Actual Loops": 1,
                          "Index Cond": "(info_type_id = 103)"
                        }
                      ]
                    },
                    {
                      "Node Type": "Hash",
                      "Parent Relationship": "Inner",
                      "Parallel Aware": true,
                      "Startup Cost": 45479.59,
                      "Total Cost": 45479.59,
                      "Plan Rows": 26296,
                      "Plan Width": 4,
                      "Actual Startup Time": 93.194,
                      "Actual Total Time": 93.194,
                      "Actual Rows": 21703,
                      "Actual Loops": 5,
                      "Hash Buckets": 131072,
                      "Original Hash Buckets": 131072,
                      "Hash Batches": 1,
                      "Original Hash Batches": 1,
                      "Peak Memory Usage": 5344,
                      "Plans": [
                        {
                          "Node Type": "Seq Scan",
                          "Parent Relationship": "Outer",
                          "Parallel Aware": true,
                          "Relation Name": "title",
                          "Alias": "t",
                          "Startup Cost": 0.0,
                          "Total Cost": 45479.59,
                          "Plan Rows": 26296,
                          "Plan Width": 4,
                          "Actual Startup Time": 0.04,
                          "Actual Total Time": 84.433,
                          "Actual Rows": 21703,
                          "Actual Loops": 5,
                          "Filter": "((kind_id > 1) AND (production_year = 2010))",
                          "Rows Removed by Filter": 483960
                        }
                      ]
                    }
                  ]
                }
              ]
            }
          ]
        }
      ]
    },
    "Planning Time": 0.172,
    "Triggers": [],
    "Execution Time": 129.411
  }
]