[
  {
    "Plan": {
      "Node Type": "Aggregate",
      "Strategy": "Plain",
      "Partial Mode": "Finalize",
      "Parallel Aware": false,
      "Startup Cost": 59490.69,
      "Total Cost": 59490.7,
      "Plan Rows": 1,
      "Plan Width": 8,
      "Actual Startup Time": 105.352,
      "Actual Total Time": 118.658,
      "Actual Rows": 1,
      "Actual Loops": 1,
      "Plans": [
        {
          "Node Type": "Gather",
          "Parent Relationship": "Outer",
          "Parallel Aware": false,
          "Startup Cost": 59490.27,
          "Total Cost": 59490.68,
          "Plan Rows": 4,
          "Plan Width": 8,
          "Actual Startup Time": 105.214,
          "Actual Total Time": 118.65,
          "Actual Rows": 5,
          "Actual Loops": 1,
          "Workers Planned": 4,
          "Workers Launched": 4,
          "Single Copy": false,
          "Plans": [
            {
              "Node Type": "Aggregate",
              "Strategy": "Plain",
              "Partial Mode": "Partial",
              "Parent Relationship": "Outer",
              "Parallel Aware": false,
              "Startup Cost": 58490.27,
              "Total Cost": 58490.28,
              "Plan Rows": 1,
              "Plan Width": 8,
              "Actual Startup Time": 96.035,
              "Actual Total Time": 96.036,
              "Actual Rows": 1,
              "Actual Loops": 5,
              "Plans": [
                {
                  "Node Type": "Nested Loop",
                  "Parent Relationship": "Outer",
                  "Parallel Aware": false,
                  "Join Type": "Inner",
                  "Startup Cost": 0.43,
                  "Total Cost": 58488.12,
                  "Plan Rows": 861,
                  "Plan Width": 0,
                  "Actual Startup Time": 60.397,
                  "Actual Total Time": 95.873,
                  "Actual Rows": 1747,
                  "Actual Loops": 5,
                  "Inner Unique": false,
                  "Plans": [
                    {
                      "Node Type": "Seq Scan",
                      "Parent Relationship": "Outer",
                      "Parallel Aware": true,
                      "Relation Name": "title",
                      "Alias": "t",
                      "Startup Cost": 0.0,
                      "Total Cost": 45479.1,
                      "Plan Rows": 834,
                      "Plan Width": 4,
                      "Actual Startup Time": 60.291,
                      "Actual Total Time": 85.441,
                      "Actual Rows": 893,
                      "Actual Loops": 5,
                      "Filter": "((kind_id = 1) AND (production_year = 1980))",
                      "Rows Removed by Filter": 504769
                    },
                    {
                      "Node Type": "Index Only Scan",
                      "Parent Relationship": "Inner",
                      "Parallel Aware": false,
                      "Scan Direction": "Forward",
                      "Index Name": "movie_id_movie_companies",
                      "Relation Name": "movie_companies",
                      "Alias": "mc",
                      "Startup Cost": 0.43,
                      "Total Cost": 15.55,
                      "Plan Rows": 5,
                      "Plan Width": 4,
                      "Actual Startup Time": 0.009,
                      "Actual Total Time": 0.011,
                      "Actual Rows": 2,
                      "Actual Loops": 4466,
                      "Index Cond": "(movie_id = t.id)",
                      "Rows Removed by Index Recheck": 0,
                      "Heap Fetches": 8734
                    }
                  ]
                }
              ]
            }
          ]
        }
      ]
    },
    "Planning Time": 0.578,
    "Triggers": [],
    "Execution Time": 118.721
  }
]