[
    {
        "Bao": {
            "Bao prediction": 329.289,
            "Bao recommended hint": "SET enable_mergejoin TO off; SET enable_indexscan TO off; "
        }
    },
    {
        "Plan": {
            "Node Type": "Aggregate",
            "Strategy": "Plain",
            "Partial Mode": "Finalize",
            "Parallel Aware": false,
            "Startup Cost": 56671.08,
            "Total Cost": 56671.09,
            "Plan Rows": 1,
            "Plan Width": 64,
            "Actual Startup Time": 358.017,
            "Actual Total Time": 383.64,
            "Actual Rows": 1,
            "Actual Loops": 1,
            "Output": [
                "min(mi.info)",
                "min(t.title)"
            ],
            "Plans": [
                {
                    "Node Type": "Gather",
                    "Parent Relationship": "Outer",
                    "Parallel Aware": false,
                    "Startup Cost": 56670.75,
                    "Total Cost": 56671.06,
                    "Plan Rows": 3,
                    "Plan Width": 64,
                    "Actual Startup Time": 356.271,
                    "Actual Total Time": 383.627,
                    "Actual Rows": 4,
                    "Actual Loops": 1,
                    "Output": [
                        "(PARTIAL min(mi.info))",
                        "(PARTIAL min(t.title))"
                    ],
                    "Workers Planned": 3,
                    "Workers Launched": 3,
                    "Single Copy": false,
                    "Plans": [
                        {
                            "Node Type": "Aggregate",
                            "Strategy": "Plain",
                            "Partial Mode": "Partial",
                            "Parent Relationship": "Outer",
                            "Parallel Aware": false,
                            "Startup Cost": 55670.75,
                            "Total Cost": 55670.76,
                            "Plan Rows": 1,
                            "Plan Width": 64,
                            "Actual Startup Time": 343.443,
                            "Actual Total Time": 343.456,
                            "Actual Rows": 1,
                            "Actual Loops": 4,
                            "Output": [
                                "PARTIAL min(mi.info)",
                                "PARTIAL min(t.title)"
                            ],
                            "Workers": [
                                {
                                    "Worker Number": 0,
                                    "Actual Startup Time": 339.818,
                                    "Actual Total Time": 339.83,
                                    "Actual Rows": 1,
                                    "Actual Loops": 1
                                },
                                {
                                    "Worker Number": 1,
                                    "Actual Startup Time": 339.847,
                                    "Actual Total Time": 339.861,
                                    "Actual Rows": 1,
                                    "Actual Loops": 1
                                },
                                {
                                    "Worker Number": 2,
                                    "Actual Startup Time": 339.823,
                                    "Actual Total Time": 339.835,
                                    "Actual Rows": 1,
                                    "Actual Loops": 1
                                }
                            ],
                            "Plans": [
                                {
                                    "Node Type": "Nested Loop",
                                    "Parent Relationship": "Outer",
                                    "Parallel Aware": false,
                                    "Join Type": "Inner",
                                    "Startup Cost": 14934.97,
                                    "Total Cost": 55670.72,
                                    "Plan Rows": 6,
                                    "Plan Width": 60,
                                    "Actual Startup Time": 122.233,
                                    "Actual Total Time": 343.413,
                                    "Actual Rows": 82,
                                    "Actual Loops": 4,
                                    "Output": [
                                        "mi.info",
                                        "t.title"
                                    ],
                                    "Inner Unique": true,
                                    "Workers": [
                                        {
                                            "Worker Number": 0,
                                            "Actual Startup Time": 184.936,
                                            "Actual Total Time": 339.792,
                                            "Actual Rows": 72,
                                            "Actual Loops": 1
                                        },
                                        {
                                            "Worker Number": 1,
                                            "Actual Startup Time": 99.782,
                                            "Actual Total Time": 339.845,
                                            "Actual Rows": 4,
                                            "Actual Loops": 1
                                        },
                                        {
                                            "Worker Number": 2,
                                            "Actual Startup Time": 85.856,
                                            "Actual Total Time": 339.743,
                                            "Actual Rows": 238,
                                            "Actual Loops": 1
                                        }
                                    ],
                                    "Plans": [
                                        {
                                            "Node Type": "Nested Loop",
                                            "Parent Relationship": "Outer",
                                            "Parallel Aware": false,
                                            "Join Type": "Inner",
                                            "Startup Cost": 14934.54,
                                            "Total Cost": 55644.08,
                                            "Plan Rows": 6,
                                            "Plan Width": 64,
                                            "Actual Startup Time": 122.179,
                                            "Actual Total Time": 342.71,
                                            "Actual Rows": 82,
                                            "Actual Loops": 4,
                                            "Output": [
                                                "mi.info",
                                                "mk.keyword_id",
                                                "t.title"
                                            ],
                                            "Inner Unique": false,
                                            "Workers": [
                                                {
                                                    "Worker Number": 0,
                                                    "Actual Startup Time": 184.889,
                                                    "Actual Total Time": 339.162,
                                                    "Actual Rows": 72,
                                                    "Actual Loops": 1
                                                },
                                                {
                                                    "Worker Number": 1,
                                                    "Actual Startup Time": 99.707,
                                                    "Actual Total Time": 339.732,
                                                    "Actual Rows": 4,
                                                    "Actual Loops": 1
                                                },
                                                {
                                                    "Worker Number": 2,
                                                    "Actual Startup Time": 85.793,
                                                    "Actual Total Time": 337.865,
                                                    "Actual Rows": 238,
                                                    "Actual Loops": 1
                                                }
                                            ],
                                            "Plans": [
                                                {
                                                    "Node Type": "Nested Loop",
                                                    "Parent Relationship": "Outer",
                                                    "Parallel Aware": false,
                                                    "Join Type": "Inner",
                                                    "Startup Cost": 14933.69,
                                                    "Total Cost": 55638.2,
                                                    "Plan Rows": 1,
                                                    "Plan Width": 76,
                                                    "Actual Startup Time": 121.895,
                                                    "Actual Total Time": 342.318,
                                                    "Actual Rows": 14,
                                                    "Actual Loops": 4,
                                                    "Output": [
                                                        "at.movie_id",
                                                        "mc.movie_id",
                                                        "mi.info",
                                                        "mi.movie_id",
                                                        "t.title",
                                                        "t.id"
                                                    ],
                                                    "Inner Unique": true,
                                                    "Workers": [
                                                        {
                                                            "Worker Number": 0,
                                                            "Actual Startup Time": 184.792,
                                                            "Actual Total Time": 338.683,
                                                            "Actual Rows": 19,
                                                            "Actual Loops": 1
                                                        },
                                                        {
                                                            "Worker Number": 1,
                                                            "Actual Startup Time": 99.594,
                                                            "Actual Total Time": 339.391,
                                                            "Actual Rows": 13,
                                                            "Actual Loops": 1
                                                        },
                                                        {
                                                            "Worker Number": 2,
                                                            "Actual Startup Time": 84.933,
                                                            "Actual Total Time": 337.296,
                                                            "Actual Rows": 19,
                                                            "Actual Loops": 1
                                                        }
                                                    ],
                                                    "Plans": [
                                                        {
                                                            "Node Type": "Nested Loop",
                                                            "Parent Relationship": "Outer",
                                                            "Parallel Aware": false,
                                                            "Join Type": "Inner",
                                                            "Startup Cost": 14933.16,
                                                            "Total Cost": 55633.64,
                                                            "Plan Rows": 1,
                                                            "Plan Width": 55,
                                                            "Actual Startup Time": 109.544,
                                                            "Actual Total Time": 341.926,
                                                            "Actual Rows": 18,
                                                            "Actual Loops": 4,
                                                            "Output": [
                                                                "at.movie_id",
                                                                "mc.movie_id",
                                                                "mi.info",
                                                                "mi.movie_id"
                                                            ],
                                                            "Inner Unique": true,
                                                            "Join Filter": "(mi.info_type_id = it1.id)",
                                                            "Rows Removed by Join Filter": 0,
                                                            "Workers": [
                                                                {
                                                                    "Worker Number": 0,
                                                                    "Actual Startup Time": 135.645,
                                                                    "Actual Total Time": 338.216,
                                                                    "Actual Rows": 31,
                                                                    "Actual Loops": 1
                                                                },
                                                                {
                                                                    "Worker Number": 1,
                                                                    "Actual Startup Time": 99.481,
                                                                    "Actual Total Time": 338.983,
                                                                    "Actual Rows": 13,
                                                                    "Actual Loops": 1
                                                                },
                                                                {
                                                                    "Worker Number": 2,
                                                                    "Actual Startup Time": 84.848,
                                                                    "Actual Total Time": 336.768,
                                                                    "Actual Rows": 21,
                                                                    "Actual Loops": 1
                                                                }
                                                            ],
                                                            "Plans": [
                                                                {
                                                                    "Node Type": "Nested Loop",
                                                                    "Parent Relationship": "Outer",
                                                                    "Parallel Aware": false,
                                                                    "Join Type": "Inner",
                                                                    "Startup Cost": 14933.16,
                                                                    "Total Cost": 55631.22,
                                                                    "Plan Rows": 1,
                                                                    "Plan Width": 59,
                                                                    "Actual Startup Time": 109.52,
                                                                    "Actual Total Time": 341.806,
                                                                    "Actual Rows": 18,
                                                                    "Actual Loops": 4,
                                                                    "Output": [
                                                                        "at.movie_id",
                                                                        "mc.movie_id",
                                                                        "mi.info",
                                                                        "mi.movie_id",
                                                                        "mi.info_type_id"
                                                                    ],
                                                                    "Inner Unique": true,
                                                                    "Join Filter": "(mc.company_type_id = ct.id)",
                                                                    "Rows Removed by Join Filter": 0,
                                                                    "Workers": [
                                                                        {
                                                                            "Worker Number": 0,
                                                                            "Actual Startup Time": 135.625,
                                                                            "Actual Total Time": 338.054,
                                                                            "Actual Rows": 31,
                                                                            "Actual Loops": 1
                                                                        },
                                                                        {
                                                                            "Worker Number": 1,
                                                                            "Actual Startup Time": 99.452,
                                                                            "Actual Total Time": 338.859,
                                                                            "Actual Rows": 13,
                                                                            "Actual Loops": 1
                                                                        },
                                                                        {
                                                                            "Worker Number": 2,
                                                                            "Actual Startup Time": 84.813,
                                                                            "Actual Total Time": 336.624,
                                                                            "Actual Rows": 21,
                                                                            "Actual Loops": 1
                                                                        }
                                                                    ],
                                                                    "Plans": [
                                                                        {
                                                                            "Node Type": "Nested Loop",
                                                                            "Parent Relationship": "Outer",
                                                                            "Parallel Aware": false,
                                                                            "Join Type": "Inner",
                                                                            "Startup Cost": 14933.16,
                                                                            "Total Cost": 55630.13,
                                                                            "Plan Rows": 1,
                                                                            "Plan Width": 63,
                                                                            "Actual Startup Time": 109.499,
                                                                            "Actual Total Time": 341.72,
                                                                            "Actual Rows": 18,
                                                                            "Actual Loops": 4,
                                                                            "Output": [
                                                                                "at.movie_id",
                                                                                "mc.movie_id",
                                                                                "mc.company_type_id",
                                                                                "mi.info",
                                                                                "mi.movie_id",
                                                                                "mi.info_type_id"
                                                                            ],
                                                                            "Inner Unique": false,
                                                                            "Workers": [
                                                                                {
                                                                                    "Worker Number": 0,
                                                                                    "Actual Startup Time": 135.598,
                                                                                    "Actual Total Time": 337.933,
                                                                                    "Actual Rows": 31,
                                                                                    "Actual Loops": 1
                                                                                },
                                                                                {
                                                                                    "Worker Number": 1,
                                                                                    "Actual Startup Time": 99.427,
                                                                                    "Actual Total Time": 338.769,
                                                                                    "Actual Rows": 13,
                                                                                    "Actual Loops": 1
                                                                                },
                                                                                {
                                                                                    "Worker Number": 2,
                                                                                    "Actual Startup Time": 84.789,
                                                                                    "Actual Total Time": 336.524,
                                                                                    "Actual Rows": 21,
                                                                                    "Actual Loops": 1
                                                                                }
                                                                            ],
                                                                            "Plans": [
                                                                                {
                                                                                    "Node Type": "Hash Join",
                                                                                    "Parent Relationship": "Outer",
                                                                                    "Parallel Aware": true,
                                                                                    "Join Type": "Inner",
                                                                                    "Startup Cost": 14931.81,
                                                                                    "Total Cost": 46440.17,
                                                                                    "Plan Rows": 1514,
                                                                                    "Plan Width": 12,
                                                                                    "Actual Startup Time": 85.95,
                                                                                    "Actual Total Time": 197.342,
                                                                                    "Actual Rows": 3425,
                                                                                    "Actual Loops": 4,
                                                                                    "Output": [
                                                                                        "at.movie_id",
                                                                                        "mc.movie_id",
                                                                                        "mc.company_type_id"
                                                                                    ],
                                                                                    "Inner Unique": false,
                                                                                    "Hash Cond": "(mc.movie_id = at.movie_id)",
                                                                                    "Workers": [
                                                                                        {
                                                                                            "Worker Number": 0,
                                                                                            "Actual Startup Time": 82.325,
                                                                                            "Actual Total Time": 193.48,
                                                                                            "Actual Rows": 4088,
                                                                                            "Actual Loops": 1
                                                                                        },
                                                                                        {
                                                                                            "Worker Number": 1,
                                                                                            "Actual Startup Time": 82.595,
                                                                                            "Actual Total Time": 195.068,
                                                                                            "Actual Rows": 2723,
                                                                                            "Actual Loops": 1
                                                                                        },
                                                                                        {
                                                                                            "Worker Number": 2,
                                                                                            "Actual Startup Time": 82.1,
                                                                                            "Actual Total Time": 191.682,
                                                                                            "Actual Rows": 4174,
                                                                                            "Actual Loops": 1
                                                                                        }
                                                                                    ],
                                                                                    "Plans": [
                                                                                        {
                                                                                            "Node Type": "Hash Join",
                                                                                            "Parent Relationship": "Outer",
                                                                                            "Parallel Aware": true,
                                                                                            "Join Type": "Inner",
                                                                                            "Startup Cost": 5351.02,
                                                                                            "Total Cost": 36781.21,
                                                                                            "Plan Rows": 2129,
                                                                                            "Plan Width": 8,
                                                                                            "Actual Startup Time": 18.939,
                                                                                            "Actual Total Time": 122.955,
                                                                                            "Actual Rows": 10959,
                                                                                            "Actual Loops": 4,
                                                                                            "Output": [
                                                                                                "mc.movie_id",
                                                                                                "mc.company_type_id"
                                                                                            ],
                                                                                            "Inner Unique": true,
                                                                                            "Hash Cond": "(mc.company_id = cn.id)",
                                                                                            "Workers": [
                                                                                                {
                                                                                                    "Worker Number": 0,
                                                                                                    "Actual Startup Time": 18.893,
                                                                                                    "Actual Total Time": 122.222,
                                                                                                    "Actual Rows": 12836,
                                                                                                    "Actual Loops": 1
                                                                                                },
                                                                                                {
                                                                                                    "Worker Number": 1,
                                                                                                    "Actual Startup Time": 18.989,
                                                                                                    "Actual Total Time": 124.381,
                                                                                                    "Actual Rows": 9323,
                                                                                                    "Actual Loops": 1
                                                                                                },
                                                                                                {
                                                                                                    "Worker Number": 2,
                                                                                                    "Actual Startup Time": 18.935,
                                                                                                    "Actual Total Time": 120.598,
                                                                                                    "Actual Rows": 12790,
                                                                                                    "Actual Loops": 1
                                                                                                }
                                                                                            ],
                                                                                            "Plans": [
                                                                                                {
                                                                                                    "Node Type": "Seq Scan",
                                                                                                    "Parent Relationship": "Outer",
                                                                                                    "Parallel Aware": true,
                                                                                                    "Relation Name": "movie_companies",
                                                                                                    "Schema": "public",
                                                                                                    "Alias": "mc",
                                                                                                    "Startup Cost": 0.0,
                                                                                                    "Total Cost": 31414.82,
                                                                                                    "Plan Rows": 5856,
                                                                                                    "Plan Width": 12,
                                                                                                    "Actual Startup Time": 0.031,
                                                                                                    "Actual Total Time": 98.177,
                                                                                                    "Actual Rows": 15416,
                                                                                                    "Actual Loops": 4,
                                                                                                    "Output": [
                                                                                                        "mc.id",
                                                                                                        "mc.movie_id",
                                                                                                        "mc.company_id",
                                                                                                        "mc.company_type_id",
                                                                                                        "mc.note"
                                                                                                    ],
                                                                                                    "Filter": "((mc.note ~~ '%(200%)%'::text) AND (mc.note ~~ '%(worldwide)%'::text))",
                                                                                                    "Rows Removed by Filter": 636866,
                                                                                                    "Workers": [
                                                                                                        {
                                                                                                            "Worker Number": 0,
                                                                                                            "Actual Startup Time": 0.025,
                                                                                                            "Actual Total Time": 97.478,
                                                                                                            "Actual Rows": 18154,
                                                                                                            "Actual Loops": 1
                                                                                                        },
                                                                                                        {
                                                                                                            "Worker Number": 1,
                                                                                                            "Actual Startup Time": 0.03,
                                                                                                            "Actual Total Time": 99.629,
                                                                                                            "Actual Rows": 12856,
                                                                                                            "Actual Loops": 1
                                                                                                        },
                                                                                                        {
                                                                                                            "Worker Number": 2,
                                                                                                            "Actual Startup Time": 0.05,
                                                                                                            "Actual Total Time": 95.899,
                                                                                                            "Actual Rows": 18223,
                                                                                                            "Actual Loops": 1
                                                                                                        }
                                                                                                    ]
                                                                                                },
                                                                                                {
                                                                                                    "Node Type": "Hash",
                                                                                                    "Parent Relationship": "Inner",
                                                                                                    "Parallel Aware": true,
                                                                                                    "Startup Cost": 4722.92,
                                                                                                    "Total Cost": 4722.92,
                                                                                                    "Plan Rows": 50248,
                                                                                                    "Plan Width": 4,
                                                                                                    "Actual Startup Time": 18.682,
                                                                                                    "Actual Total Time": 18.683,
                                                                                                    "Actual Rows": 21211,
                                                                                                    "Actual Loops": 4,
                                                                                                    "Output": [
                                                                                                        "cn.id"
                                                                                                    ],
                                                                                                    "Hash Buckets": 131072,
                                                                                                    "Original Hash Buckets": 131072,
                                                                                                    "Hash Batches": 1,
                                                                                                    "Original Hash Batches": 1,
                                                                                                    "Peak Memory Usage": 4384,
                                                                                                    "Workers": [
                                                                                                        {
                                                                                                            "Worker Number": 0,
                                                                                                            "Actual Startup Time": 18.338,
                                                                                                            "Actual Total Time": 18.338,
                                                                                                            "Actual Rows": 26160,
                                                                                                            "Actual Loops": 1
                                                                                                        },
                                                                                                        {
                                                                                                            "Worker Number": 1,
                                                                                                            "Actual Startup Time": 18.799,
                                                                                                            "Actual Total Time": 18.8,
                                                                                                            "Actual Rows": 17119,
                                                                                                            "Actual Loops": 1
                                                                                                        },
                                                                                                        {
                                                                                                            "Worker Number": 2,
                                                                                                            "Actual Startup Time": 18.811,
                                                                                                            "Actual Total Time": 18.812,
                                                                                                            "Actual Rows": 26015,
                                                                                                            "Actual Loops": 1
                                                                                                        }
                                                                                                    ],
                                                                                                    "Plans": [
                                                                                                        {
                                                                                                            "Node Type": "Seq Scan",
                                                                                                            "Parent Relationship": "Outer",
                                                                                                            "Parallel Aware": true,
                                                                                                            "Relation Name": "company_name",
                                                                                                            "Schema": "public",
                                                                                                            "Alias": "cn",
                                                                                                            "Startup Cost": 0.0,
                                                                                                            "Total Cost": 4722.92,
                                                                                                            "Plan Rows": 50248,
                                                                                                            "Plan Width": 4,
                                                                                                            "Actual Startup Time": 0.023,
                                                                                                            "Actual Total Time": 10.829,
                                                                                                            "Actual Rows": 21211,
                                                                                                            "Actual Loops": 4,
                                                                                                            "Output": [
                                                                                                                "cn.id"
                                                                                                            ],
                                                                                                            "Filter": "((cn.country_code)::text = '[us]'::text)",
                                                                                                            "Rows Removed by Filter": 37538,
                                                                                                            "Workers": [
                                                                                                                {
                                                                                                                    "Worker Number": 0,
                                                                                                                    "Actual Startup Time": 0.026,
                                                                                                                    "Actual Total Time": 10.957,
                                                                                                                    "Actual Rows": 26160,
                                                                                                                    "Actual Loops": 1
                                                                                                                },
                                                                                                                {
                                                                                                                    "Worker Number": 1,
                                                                                                                    "Actual Startup Time": 0.023,
                                                                                                                    "Actual Total Time": 11.036,
                                                                                                                    "Actual Rows": 17119,
                                                                                                                    "Actual Loops": 1
                                                                                                                },
                                                                                                                {
                                                                                                                    "Worker Number": 2,
                                                                                                                    "Actual Startup Time": 0.025,
                                                                                                                    "Actual Total Time": 10.848,
                                                                                                                    "Actual Rows": 26015,
                                                                                                                    "Actual Loops": 1
                                                                                                                }
                                                                                                            ]
                                                                                                        }
                                                                                                    ]
                                                                                                }
                                                                                            ]
                                                                                        },
                                                                                        {
                                                                                            "Node Type": "Hash",
                                                                                            "Parent Relationship": "Inner",
                                                                                            "Parallel Aware": true,
                                                                                            "Startup Cost": 7698.13,
                                                                                            "Total Cost": 7698.13,
                                                                                            "Plan Rows": 150613,
                                                                                            "Plan Width": 4,
                                                                                            "Actual Startup Time": 63.018,
                                                                                            "Actual Total Time": 63.018,
                                                                                            "Actual Rows": 90368,
                                                                                            "Actual Loops": 4,
                                                                                            "Output": [
                                                                                                "at.movie_id"
                                                                                            ],
                                                                                            "Hash Buckets": 524288,
                                                                                            "Original Hash Buckets": 524288,
                                                                                            "Hash Batches": 1,
                                                                                            "Original Hash Batches": 1,
                                                                                            "Peak Memory Usage": 18304,
                                                                                            "Workers": [
                                                                                                {
                                                                                                    "Worker Number": 0,
                                                                                                    "Actual Startup Time": 62.758,
                                                                                                    "Actual Total Time": 62.759,
                                                                                                    "Actual Rows": 100173,
                                                                                                    "Actual Loops": 1
                                                                                                },
                                                                                                {
                                                                                                    "Worker Number": 1,
                                                                                                    "Actual Startup Time": 62.764,
                                                                                                    "Actual Total Time": 62.765,
                                                                                                    "Actual Rows": 81082,
                                                                                                    "Actual Loops": 1
                                                                                                },
                                                                                                {
                                                                                                    "Worker Number": 2,
                                                                                                    "Actual Startup Time": 62.726,
                                                                                                    "Actual Total Time": 62.727,
                                                                                                    "Actual Rows": 100323,
                                                                                                    "Actual Loops": 1
                                                                                                }
                                                                                            ],
                                                                                            "Plans": [
                                                                                                {
                                                                                                    "Node Type": "Seq Scan",
                                                                                                    "Parent Relationship": "Outer",
                                                                                                    "Parallel Aware": true,
                                                                                                    "Relation Name": "aka_title",
                                                                                                    "Schema": "public",
                                                                                                    "Alias": "at",
                                                                                                    "Startup Cost": 0.0,
                                                                                                    "Total Cost": 7698.13,
                                                                                                    "Plan Rows": 150613,
                                                                                                    "Plan Width": 4,
                                                                                                    "Actual Startup Time": 0.07,
                                                                                                    "Actual Total Time": 26.024,
                                                                                                    "Actual Rows": 90368,
                                                                                                    "Actual Loops": 4,
                                                                                                    "Output": [
                                                                                                        "at.movie_id"
                                                                                                    ],
                                                                                                    "Workers": [
                                                                                                        {
                                                                                                            "Worker Number": 0,
                                                                                                            "Actual Startup Time": 0.075,
                                                                                                            "Actual Total Time": 25.816,
                                                                                                            "Actual Rows": 100173,
                                                                                                            "Actual Loops": 1
                                                                                                        },
                                                                                                        {
                                                                                                            "Worker Number": 1,
                                                                                                            "Actual Startup Time": 0.094,
                                                                                                            "Actual Total Time": 26.42,
                                                                                                            "Actual Rows": 81082,
                                                                                                            "Actual Loops": 1
                                                                                                        },
                                                                                                        {
                                                                                                            "Worker Number": 2,
                                                                                                            "Actual Startup Time": 0.069,
                                                                                                            "Actual Total Time": 25.57,
                                                                                                            "Actual Rows": 100323,
                                                                                                            "Actual Loops": 1
                                                                                                        }
                                                                                                    ]
                                                                                                }
                                                                                            ]
                                                                                        }
                                                                                    ]
                                                                                },
                                                                                {
                                                                                    "Node Type": "Bitmap Heap Scan",
                                                                                    "Parent Relationship": "Inner",
                                                                                    "Parallel Aware": false,
                                                                                    "Relation Name": "movie_info",
                                                                                    "Schema": "public",
                                                                                    "Alias": "mi",
                                                                                    "Startup Cost": 1.34,
                                                                                    "Total Cost": 6.06,
                                                                                    "Plan Rows": 1,
                                                                                    "Plan Width": 51,
                                                                                    "Actual Startup Time": 0.04,
                                                                                    "Actual Total Time": 0.04,
                                                                                    "Actual Rows": 0,
                                                                                    "Actual Loops": 13699,
                                                                                    "Output": [
                                                                                        "mi.id",
                                                                                        "mi.movie_id",
                                                                                        "mi.info_type_id",
                                                                                        "mi.info",
                                                                                        "mi.note"
                                                                                    ],
                                                                                    "Recheck Cond": "(mi.movie_id = at.movie_id)",
                                                                                    "Rows Removed by Index Recheck": 0,
                                                                                    "Filter": "((mi.note ~~ '%internet%'::text) AND (mi.info ~~ 'USA:% 200%'::text))",
                                                                                    "Rows Removed by Filter": 61,
                                                                                    "Exact Heap Blocks": 38597,
                                                                                    "Lossy Heap Blocks": 0,
                                                                                    "Workers": [
                                                                                        {
                                                                                            "Worker Number": 0,
                                                                                            "Actual Startup Time": 0.033,
                                                                                            "Actual Total Time": 0.033,
                                                                                            "Actual Rows": 0,
                                                                                            "Actual Loops": 4088
                                                                                        },
                                                                                        {
                                                                                            "Worker Number": 1,
                                                                                            "Actual Startup Time": 0.05,
                                                                                            "Actual Total Time": 0.05,
                                                                                            "Actual Rows": 0,
                                                                                            "Actual Loops": 2723
                                                                                        },
                                                                                        {
                                                                                            "Worker Number": 2,
                                                                                            "Actual Startup Time": 0.033,
                                                                                            "Actual Total Time": 0.033,
                                                                                            "Actual Rows": 0,
                                                                                            "Actual Loops": 4174
                                                                                        }
                                                                                    ],
                                                                                    "Plans": [
                                                                                        {
                                                                                            "Node Type": "Bitmap Index Scan",
                                                                                            "Parent Relationship": "Outer",
                                                                                            "Parallel Aware": false,
                                                                                            "Index Name": "movie_id_movie_info",
                                                                                            "Startup Cost": 0.0,
                                                                                            "Total Cost": 1.34,
                                                                                            "Plan Rows": 41,
                                                                                            "Plan Width": 0,
                                                                                            "Actual Startup Time": 0.009,
                                                                                            "Actual Total Time": 0.009,
                                                                                            "Actual Rows": 61,
                                                                                            "Actual Loops": 13699,
                                                                                            "Index Cond": "(mi.movie_id = at.movie_id)",
                                                                                            "Workers": [
                                                                                                {
                                                                                                    "Worker Number": 0,
                                                                                                    "Actual Startup Time": 0.008,
                                                                                                    "Actual Total Time": 0.008,
                                                                                                    "Actual Rows": 62,
                                                                                                    "Actual Loops": 4088
                                                                                                },
                                                                                                {
                                                                                                    "Worker Number": 1,
                                                                                                    "Actual Startup Time": 0.011,
                                                                                                    "Actual Total Time": 0.011,
                                                                                                    "Actual Rows": 62,
                                                                                                    "Actual Loops": 2723
                                                                                                },
                                                                                                {
                                                                                                    "Worker Number": 2,
                                                                                                    "Actual Startup Time": 0.007,
                                                                                                    "Actual Total Time": 0.007,
                                                                                                    "Actual Rows": 60,
                                                                                                    "Actual Loops": 4174
                                                                                                }
                                                                                            ]
                                                                                        }
                                                                                    ]
                                                                                }
                                                                            ]
                                                                        },
                                                                        {
                                                                            "Node Type": "Seq Scan",
                                                                            "Parent Relationship": "Inner",
                                                                            "Parallel Aware": false,
                                                                            "Relation Name": "company_type",
                                                                            "Schema": "public",
                                                                            "Alias": "ct",
                                                                            "Startup Cost": 0.0,
                                                                            "Total Cost": 1.04,
                                                                            "Plan Rows": 4,
                                                                            "Plan Width": 4,
                                                                            "Actual Startup Time": 0.002,
                                                                            "Actual Total Time": 0.002,
                                                                            "Actual Rows": 1,
                                                                            "Actual Loops": 71,
                                                                            "Output": [
                                                                                "ct.id",
                                                                                "ct.kind"
                                                                            ],
                                                                            "Workers": [
                                                                                {
                                                                                    "Worker Number": 0,
                                                                                    "Actual Startup Time": 0.002,
                                                                                    "Actual Total Time": 0.002,
                                                                                    "Actual Rows": 1,
                                                                                    "Actual Loops": 31
                                                                                },
                                                                                {
                                                                                    "Worker Number": 1,
                                                                                    "Actual Startup Time": 0.003,
                                                                                    "Actual Total Time": 0.003,
                                                                                    "Actual Rows": 1,
                                                                                    "Actual Loops": 13
                                                                                },
                                                                                {
                                                                                    "Worker Number": 2,
                                                                                    "Actual Startup Time": 0.002,
                                                                                    "Actual Total Time": 0.002,
                                                                                    "Actual Rows": 1,
                                                                                    "Actual Loops": 21
                                                                                }
                                                                            ]
                                                                        }
                                                                    ]
                                                                },
                                                                {
                                                                    "Node Type": "Seq Scan",
                                                                    "Parent Relationship": "Inner",
                                                                    "Parallel Aware": false,
                                                                    "Relation Name": "info_type",
                                                                    "Schema": "public",
                                                                    "Alias": "it1",
                                                                    "Startup Cost": 0.0,
                                                                    "Total Cost": 2.41,
                                                                    "Plan Rows": 1,
                                                                    "Plan Width": 4,
                                                                    "Actual Startup Time": 0.004,
                                                                    "Actual Total Time": 0.004,
                                                                    "Actual Rows": 1,
                                                                    "Actual Loops": 71,
                                                                    "Output": [
                                                                        "it1.id",
                                                                        "it1.info"
                                                                    ],
                                                                    "Filter": "((it1.info)::text = 'release dates'::text)",
                                                                    "Rows Removed by Filter": 15,
                                                                    "Workers": [
                                                                        {
                                                                            "Worker Number": 0,
                                                                            "Actual Startup Time": 0.003,
                                                                            "Actual Total Time": 0.003,
                                                                            "Actual Rows": 1,
                                                                            "Actual Loops": 31
                                                                        },
                                                                        {
                                                                            "Worker Number": 1,
                                                                            "Actual Startup Time": 0.006,
                                                                            "Actual Total Time": 0.006,
                                                                            "Actual Rows": 1,
                                                                            "Actual Loops": 13
                                                                        },
                                                                        {
                                                                            "Worker Number": 2,
                                                                            "Actual Startup Time": 0.005,
                                                                            "Actual Total Time": 0.005,
                                                                            "Actual Rows": 1,
                                                                            "Actual Loops": 21
                                                                        }
                                                                    ]
                                                                }
                                                            ]
                                                        },
                                                        {
                                                            "Node Type": "Bitmap Heap Scan",
                                                            "Parent Relationship": "Inner",
                                                            "Parallel Aware": false,
                                                            "Relation Name": "title",
                                                            "Schema": "public",
                                                            "Alias": "t",
                                                            "Startup Cost": 0.54,
                                                            "Total Cost": 4.55,
                                                            "Plan Rows": 1,
                                                            "Plan Width": 21,
                                                            "Actual Startup Time": 0.019,
                                                            "Actual Total Time": 0.019,
                                                            "Actual Rows": 1,
                                                            "Actual Loops": 71,
                                                            "Output": [
                                                                "t.id",
                                                                "t.title",
                                                                "t.imdb_index",
                                                                "t.kind_id",
                                                                "t.production_year",
                                                                "t.imdb_id",
                                                                "t.phonetic_code",
                                                                "t.episode_of_id",
                                                                "t.season_nr",
                                                                "t.episode_nr",
                                                                "t.series_years",
                                                                "t.md5sum"
                                                            ],
                                                            "Recheck Cond": "(t.id = at.movie_id)",
                                                            "Rows Removed by Index Recheck": 0,
                                                            "Filter": "(t.production_year > 2000)",
                                                            "Rows Removed by Filter": 0,
                                                            "Exact Heap Blocks": 6,
                                                            "Lossy Heap Blocks": 0,
                                                            "Workers": [
                                                                {
                                                                    "Worker Number": 0,
                                                                    "Actual Startup Time": 0.013,
                                                                    "Actual Total Time": 0.013,
                                                                    "Actual Rows": 1,
                                                                    "Actual Loops": 31
                                                                },
                                                                {
                                                                    "Worker Number": 1,
                                                                    "Actual Startup Time": 0.027,
                                                                    "Actual Total Time": 0.027,
                                                                    "Actual Rows": 1,
                                                                    "Actual Loops": 13
                                                                },
                                                                {
                                                                    "Worker Number": 2,
                                                                    "Actual Startup Time": 0.022,
                                                                    "Actual Total Time": 0.022,
                                                                    "Actual Rows": 1,
                                                                    "Actual Loops": 21
                                                                }
                                                            ],
                                                            "Plans": [
                                                                {
                                                                    "Node Type": "Bitmap Index Scan",
                                                                    "Parent Relationship": "Outer",
                                                                    "Parallel Aware": false,
                                                                    "Index Name": "title_pkey",
                                                                    "Startup Cost": 0.0,
                                                                    "Total Cost": 0.54,
                                                                    "Plan Rows": 1,
                                                                    "Plan Width": 0,
                                                                    "Actual Startup Time": 0.011,
                                                                    "Actual Total Time": 0.011,
                                                                    "Actual Rows": 1,
                                                                    "Actual Loops": 71,
                                                                    "Index Cond": "(t.id = at.movie_id)",
                                                                    "Workers": [
                                                                        {
                                                                            "Worker Number": 0,
                                                                            "Actual Startup Time": 0.007,
                                                                            "Actual Total Time": 0.007,
                                                                            "Actual Rows": 1,
                                                                            "Actual Loops": 31
                                                                        },
                                                                        {
                                                                            "Worker Number": 1,
                                                                            "Actual Startup Time": 0.017,
                                                                            "Actual Total Time": 0.018,
                                                                            "Actual Rows": 1,
                                                                            "Actual Loops": 13
                                                                        },
                                                                        {
                                                                            "Worker Number": 2,
                                                                            "Actual Startup Time": 0.013,
                                                                            "Actual Total Time": 0.013,
                                                                            "Actual Rows": 1,
                                                                            "Actual Loops": 21
                                                                        }
                                                                    ]
                                                                }
                                                            ]
                                                        }
                                                    ]
                                                },
                                                {
                                                    "Node Type": "Bitmap Heap Scan",
                                                    "Parent Relationship": "Inner",
                                                    "Parallel Aware": false,
                                                    "Relation Name": "movie_keyword",
                                                    "Schema": "public",
                                                    "Alias": "mk",
                                                    "Startup Cost": 0.85,
                                                    "Total Cost": 5.43,
                                                    "Plan Rows": 46,
                                                    "Plan Width": 8,
                                                    "Actual Startup Time": 0.023,
                                                    "Actual Total Time": 0.024,
                                                    "Actual Rows": 6,
                                                    "Actual Loops": 57,
                                                    "Output": [
                                                        "mk.id",
                                                        "mk.movie_id",
                                                        "mk.keyword_id"
                                                    ],
                                                    "Recheck Cond": "(mk.movie_id = t.id)",
                                                    "Rows Removed by Index Recheck": 0,
                                                    "Exact Heap Blocks": 5,
                                                    "Lossy Heap Blocks": 0,
                                                    "Workers": [
                                                        {
                                                            "Worker Number": 0,
                                                            "Actual Startup Time": 0.021,
                                                            "Actual Total Time": 0.022,
                                                            "Actual Rows": 4,
                                                            "Actual Loops": 19
                                                        },
                                                        {
                                                            "Worker Number": 1,
                                                            "Actual Startup Time": 0.023,
                                                            "Actual Total Time": 0.023,
                                                            "Actual Rows": 0,
                                                            "Actual Loops": 13
                                                        },
                                                        {
                                                            "Worker Number": 2,
                                                            "Actual Startup Time": 0.024,
                                                            "Actual Total Time": 0.025,
                                                            "Actual Rows": 13,
                                                            "Actual Loops": 19
                                                        }
                                                    ],
                                                    "Plans": [
                                                        {
                                                            "Node Type": "Bitmap Index Scan",
                                                            "Parent Relationship": "Outer",
                                                            "Parallel Aware": false,
                                                            "Index Name": "movie_id_movie_keyword",
                                                            "Startup Cost": 0.0,
                                                            "Total Cost": 0.84,
                                                            "Plan Rows": 46,
                                                            "Plan Width": 0,
                                                            "Actual Startup Time": 0.018,
                                                            "Actual Total Time": 0.018,
                                                            "Actual Rows": 6,
                                                            "Actual Loops": 57,
                                                            "Index Cond": "(mk.movie_id = t.id)",
                                                            "Workers": [
                                                                {
                                                                    "Worker Number": 0,
                                                                    "Actual Startup Time": 0.016,
                                                                    "Actual Total Time": 0.016,
                                                                    "Actual Rows": 4,
                                                                    "Actual Loops": 19
                                                                },
                                                                {
                                                                    "Worker Number": 1,
                                                                    "Actual Startup Time": 0.02,
                                                                    "Actual Total Time": 0.02,
                                                                    "Actual Rows": 0,
                                                                    "Actual Loops": 13
                                                                },
                                                                {
                                                                    "Worker Number": 2,
                                                                    "Actual Startup Time": 0.019,
                                                                    "Actual Total Time": 0.019,
                                                                    "Actual Rows": 13,
                                                                    "Actual Loops": 19
                                                                }
                                                            ]
                                                        }
                                                    ]
                                                }
                                            ]
                                        },
                                        {
                                            "Node Type": "Bitmap Heap Scan",
                                            "Parent Relationship": "Inner",
                                            "Parallel Aware": false,
                                            "Relation Name": "keyword",
                                            "Schema": "public",
                                            "Alias": "k",
                                            "Startup Cost": 0.43,
                                            "Total Cost": 4.44,
                                            "Plan Rows": 1,
                                            "Plan Width": 4,
                                            "Actual Startup Time": 0.007,
                                            "Actual Total Time": 0.007,
                                            "Actual Rows": 1,
                                            "Actual Loops": 328,
                                            "Output": [
                                                "k.id",
                                                "k.keyword",
                                                "k.phonetic_code"
                                            ],
                                            "Recheck Cond": "(k.id = mk.keyword_id)",
                                            "Rows Removed by Index Recheck": 0,
                                            "Exact Heap Blocks": 14,
                                            "Lossy Heap Blocks": 0,
                                            "Workers": [
                                                {
                                                    "Worker Number": 0,
                                                    "Actual Startup Time": 0.007,
                                                    "Actual Total Time": 0.007,
                                                    "Actual Rows": 1,
                                                    "Actual Loops": 72
                                                },
                                                {
                                                    "Worker Number": 1,
                                                    "Actual Startup Time": 0.024,
                                                    "Actual Total Time": 0.024,
                                                    "Actual Rows": 1,
                                                    "Actual Loops": 4
                                                },
                                                {
                                                    "Worker Number": 2,
                                                    "Actual Startup Time": 0.006,
                                                    "Actual Total Time": 0.006,
                                                    "Actual Rows": 1,
                                                    "Actual Loops": 238
                                                }
                                            ],
                                            "Plans": [
                                                {
                                                    "Node Type": "Bitmap Index Scan",
                                                    "Parent Relationship": "Outer",
                                                    "Parallel Aware": false,
                                                    "Index Name": "keyword_pkey",
                                                    "Startup Cost": 0.0,
                                                    "Total Cost": 0.43,
                                                    "Plan Rows": 1,
                                                    "Plan Width": 0,
                                                    "Actual Startup Time": 0.004,
                                                    "Actual Total Time": 0.004,
                                                    "Actual Rows": 1,
                                                    "Actual Loops": 328,
                                                    "Index Cond": "(k.id = mk.keyword_id)",
                                                    "Workers": [
                                                        {
                                                            "Worker Number": 0,
                                                            "Actual Startup Time": 0.004,
                                                            "Actual Total Time": 0.004,
                                                            "Actual Rows": 1,
                                                            "Actual Loops": 72
                                                        },
                                                        {
                                                            "Worker Number": 1,
                                                            "Actual Startup Time": 0.018,
                                                            "Actual Total Time": 0.018,
                                                            "Actual Rows": 1,
                                                            "Actual Loops": 4
                                                        },
                                                        {
                                                            "Worker Number": 2,
                                                            "Actual Startup Time": 0.004,
                                                            "Actual Total Time": 0.004,
                                                            "Actual Rows": 1,
                                                            "Actual Loops": 238
                                                        }
                                                    ]
                                                }
                                            ]
                                        }
                                    ]
                                }
                            ]
                        }
                    ]
                }
            ]
        },
        "Planning Time": 1050.372,
        "Triggers": [],
        "Execution Time": 384.643
    }
]