[
  {
    "Plan": {
      "Node Type": "Aggregate",
      "Strategy": "Plain",
      "Partial Mode": "Finalize",
      "Parallel Aware": false,
      "Startup Cost": 112098.04,
      "Total Cost": 112098.05,
      "Plan Rows": 1,
      "Plan Width": 8,
      "Actual Startup Time": 1223.587,
      "Actual Total Time": 1270.433,
      "Actual Rows": 1,
      "Actual Loops": 1,
      "Plans": [
        {
          "Node Type": "Gather",
          "Parent Relationship": "Outer",
          "Parallel Aware": false,
          "Startup Cost": 112097.72,
          "Total Cost": 112098.03,
          "Plan Rows": 3,
          "Plan Width": 8,
          "Actual Startup Time": 1221.15,
          "Actual Total Time": 1270.425,
          "Actual Rows": 4,
          "Actual Loops": 1,
          "Workers Planned": 3,
          "Workers Launched": 3,
          "Single Copy": false,
          "Plans": [
            {
              "Node Type": "Aggregate",
              "Strategy": "Plain",
              "Partial Mode": "Partial",
              "Parent Relationship": "Outer",
              "Parallel Aware": false,
              "Startup Cost": 111097.72,
              "Total Cost": 111097.73,
              "Plan Rows": 1,
              "Plan Width": 8,
              "Actual Startup Time": 1217.437,
              "Actual Total Time": 1217.44,
              "Actual Rows": 1,
              "Actual Loops": 4,
              "Plans": [
                {
                  "Node Type": "Nested Loop",
                  "Parent Relationship": "Outer",
                  "Parallel Aware": false,
                  "Join Type": "Inner",
                  "Startup Cost": 48379.15,
                  "Total Cost": 110753.36,
                  "Plan Rows": 137743,
                  "Plan Width": 0,
                  "Actual Startup Time": 141.672,
                  "Actual Total Time": 1154.203,
                  "Actual Rows": 1400354,
                  "Actual Loops": 4,
                  "Inner Unique": false,
                  "Plans": [
                    {
                      "Node Type": "Hash Join",
                      "Parent Relationship": "Outer",
                      "Parallel Aware": true,
                      "Join Type": "Inner",
                      "Startup Cost": 48378.58,
                      "Total Cost": 73379.77,
                      "Plan Rows": 9606,
                      "Plan Width": 8,
                      "Actual Startup Time": 141.589,
                      "Actual Total Time": 174.101,
                      "Actual Rows": 22959,
                      "Actual Loops": 4,
                      "Inner Unique": true,
                      "Hash Cond": "(mk.movie_id = t.id)",
                      "Plans": [
                        {
                          "Node Type": "Bitmap Heap Scan",
                          "Parent Relationship": "Outer",
                          "Parallel Aware": true,
                          "Relation Name": "movie_keyword",
                          "Alias": "mk",
                          "Startup Cost": 2381.6,
                          "Total Cost": 27287.82,
                          "Plan Rows": 36178,
                          "Plan Width": 4,
                          "Actual Startup Time": 11.528,
                          "Actual Total Time": 31.896,
                          "Actual Rows": 26684,
                          "Actual Loops": 4,
                          "Recheck Cond": "(keyword_id > 80801)",
                          "Rows Removed by Index Recheck": 0,
                          "Exact Heap Blocks": 5018,
                          "Lossy Heap Blocks": 0,
                          "Plans": [
                            {
                              "Node Type": "Bitmap Index Scan",
                              "Parent Relationship": "Outer",
                              "Parallel Aware": false,
                              "Index Name": "keyword_id_movie_keyword",
                              "Startup Cost": 0.0,
                              "Total Cost": 2353.56,
                              "Plan Rows": 112151,
                              "Plan Width": 0,
                              "Actual Startup Time": 8.806,
                              "Actual Total Time": 8.807,
                              "Actual Rows": 106737,
                              "Actual Loops": 1,
                              "Index Cond": "(keyword_id > 80801)"
                            }
                          ]
                        },
                        {
                          "Node Type": "Hash",
                          "Parent Relationship": "Inner",
                          "Parallel Aware": true,
                          "Startup Cost": 43899.01,
                          "Total Cost": 43899.01,
                          "Plan Rows": 167838,
                          "Plan Width": 4,
                          "Actual Startup Time": 128.227,
                          "Actual Total Time": 128.228,
                          "Actual Rows": 165706,
                          "Actual Loops": 4,
                          "Hash Buckets": 1048576,
                          "Original Hash Buckets": 1048576,
                          "Hash Batches": 1,
                          "Original Hash Batches": 1,
                          "Peak Memory Usage": 34208,
                          "Plans": [
                            {
                              "Node Type": "Seq Scan",
                              "Parent Relationship": "Outer",
                              "Parallel Aware": true,
                              "Relation Name": "title",
                              "Alias": "t",
                              "Startup Cost": 0.0,
                              "Total Cost": 43899.01,
                              "Plan Rows": 167838,
                              "Plan Width": 4,
                              "Actual Startup Time": 33.099,
                              "Actual Total Time": 79.712,
                              "Actual Rows": 165706,
                              "Actual Loops": 4,
                              "Filter": "(kind_id = 1)",
                              "Rows Removed by Filter": 466372
                            }
                          ]
                        }
                      ]
                    },
                    {
                      "Node Type": "Index Only Scan",
                      "Parent Relationship": "Inner",
                      "Parallel Aware": false,
                      "Scan Direction": "Forward",
                      "Index Name": "movie_id_cast_info",
                      "Relation Name": "cast_info",
                      "Alias": "ci",
                      "Startup Cost": 0.56,
                      "Total Cost": 3.51,
                      "Plan Rows": 38,
                      "Plan Width": 4,
                      "Actual Startup Time": 0.006,
                      "Actual Total Time": 0.038,
                      "Actual Rows": 61,
                      "Actual Loops": 91836,
                      "Index Cond": "(movie_id = t.id)",
                      "Rows Removed by Index Recheck": 0,
                      "Heap Fetches": 5601417
                    }
                  ]
                }
              ]
            }
          ]
        }
      ]
    },
    "Planning Time": 0.412,
    "Triggers": [],
    "Execution Time": 1270.492
  }
]