[
  {
    "Plan": {
      "Node Type": "Aggregate",
      "Strategy": "Plain",
      "Partial Mode": "Finalize",
      "Parallel Aware": false,
      "Startup Cost": 182245.37,
      "Total Cost": 182245.38,
      "Plan Rows": 1,
      "Plan Width": 8,
      "Actual Startup Time": 933.504,
      "Actual Total Time": 975.147,
      "Actual Rows": 1,
      "Actual Loops": 1,
      "Plans": [
        {
          "Node Type": "Gather",
          "Parent Relationship": "Outer",
          "Parallel Aware": false,
          "Startup Cost": 182245.06,
          "Total Cost": 182245.37,
          "Plan Rows": 3,
          "Plan Width": 8,
          "Actual Startup Time": 932.304,
          "Actual Total Time": 975.137,
          "Actual Rows": 4,
          "Actual Loops": 1,
          "Workers Planned": 3,
          "Workers Launched": 3,
          "Single Copy": false,
          "Plans": [
            {
              "Node Type": "Aggregate",
              "Strategy": "Plain",
              "Partial Mode": "Partial",
              "Parent Relationship": "Outer",
              "Parallel Aware": false,
              "Startup Cost": 181245.06,
              "Total Cost": 181245.07,
              "Plan Rows": 1,
              "Plan Width": 8,
              "Actual Startup Time": 922.83,
              "Actual Total Time": 922.833,
              "Actual Rows": 1,
              "Actual Loops": 4,
              "Plans": [
                {
                  "Node Type": "Nested Loop",
                  "Parent Relationship": "Outer",
                  "Parallel Aware": false,
                  "Join Type": "Inner",
                  "Startup Cost": 46304.52,
                  "Total Cost": 180586.17,
                  "Plan Rows": 263553,
                  "Plan Width": 0,
                  "Actual Startup Time": 190.477,
                  "Actual Total Time": 871.957,
                  "Actual Rows": 1093522,
                  "Actual Loops": 4,
                  "Inner Unique": false,
                  "Join Filter": "(t.id = mi.movie_id)",
                  "Rows Removed by Join Filter": 0,
                  "Plans": [
                    {
                      "Node Type": "Hash Join",
                      "Parent Relationship": "Outer",
                      "Parallel Aware": true,
                      "Join Type": "Inner",
                      "Startup Cost": 46304.09,
                      "Total Cost": 76743.89,
                      "Plan Rows": 44885,
                      "Plan Width": 8,
                      "Actual Startup Time": 190.376,
                      "Actual Total Time": 269.048,
                      "Actual Rows": 48964,
                      "Actual Loops": 4,
                      "Inner Unique": true,
                      "Hash Cond": "(mc.movie_id = t.id)",
                      "Plans": [
                        {
                          "Node Type": "Seq Scan",
                          "Parent Relationship": "Outer",
                          "Parallel Aware": true,
                          "Relation Name": "movie_companies",
                          "Alias": "mc",
                          "Startup Cost": 0.0,
                          "Total Cost": 29310.68,
                          "Plan Rows": 430142,
                          "Plan Width": 4,
                          "Actual Startup Time": 30.826,
                          "Actual Total Time": 71.083,
                          "Actual Rows": 333721,
                          "Actual Loops": 4,
                          "Filter": "(company_type_id = 2)",
                          "Rows Removed by Filter": 318562
                        },
                        {
                          "Node Type": "Hash",
                          "Parent Relationship": "Inner",
                          "Parallel Aware": true,
                          "Startup Cost": 45479.59,
                          "Total Cost": 45479.59,
                          "Plan Rows": 65960,
                          "Plan Width": 4,
                          "Actual Startup Time": 124.005,
                          "Actual Total Time": 124.006,
                          "Actual Rows": 54070,
                          "Actual Loops": 4,
                          "Hash Buckets": 524288,
                          "Original Hash Buckets": 524288,
                          "Hash Batches": 1,
                          "Original Hash Batches": 1,
                          "Peak Memory Usage": 12608,
                          "Plans": [
                            {
                              "Node Type": "Seq Scan",
                              "Parent Relationship": "Outer",
                              "Parallel Aware": true,
                              "Relation Name": "title",
                              "Alias": "t",
                              "Startup Cost": 0.0,
                              "Total Cost": 45479.59,
                              "Plan Rows": 65960,
                              "Plan Width": 4,
                              "Actual Startup Time": 49.785,
                              "Actual Total Time": 104.864,
                              "Actual Rows": 54070,
                              "Actual Loops": 4,
                              "Filter": "((production_year > 2005) AND (kind_id = 1))",
                              "Rows Removed by Filter": 578008
                            }
                          ]
                        }
                      ]
                    },
                    {
                      "Node Type": "Index Only Scan",
                      "Parent Relationship": "Inner",
                      "Parallel Aware": false,
                      "Scan Direction": "Forward",
                      "Index Name": "movie_id_movie_info",
                      "Relation Name": "movie_info",
                      "Alias": "mi",
                      "Startup Cost": 0.43,
                      "Total Cost": 1.8,
                      "Plan Rows": 41,
                      "Plan Width": 4,
                      "Actual Startup Time": 0.003,
                      "Actual Total Time": 0.01,
                      "Actual Rows": 22,
                      "Actual Loops": 195858,
                      "Index Cond": "(movie_id = mc.movie_id)",
                      "Rows Removed by Index Recheck": 0,
                      "Heap Fetches": 4374086
                    }
                  ]
                }
              ]
            }
          ]
        }
      ]
    },
    "Planning Time": 1.583,
    "Triggers": [],
    "Execution Time": 975.246
  }
]