[
  {
    "Plan": {
      "Node Type": "Aggregate",
      "Strategy": "Plain",
      "Partial Mode": "Finalize",
      "Parallel Aware": false,
      "Startup Cost": 184903.97,
      "Total Cost": 184903.98,
      "Plan Rows": 1,
      "Plan Width": 8,
      "Actual Startup Time": 853.812,
      "Actual Total Time": 899.869,
      "Actual Rows": 1,
      "Actual Loops": 1,
      "Plans": [
        {
          "Node Type": "Gather",
          "Parent Relationship": "Outer",
          "Parallel Aware": false,
          "Startup Cost": 184903.65,
          "Total Cost": 184903.96,
          "Plan Rows": 3,
          "Plan Width": 8,
          "Actual Startup Time": 852.836,
          "Actual Total Time": 899.861,
          "Actual Rows": 4,
          "Actual Loops": 1,
          "Workers Planned": 3,
          "Workers Launched": 3,
          "Single Copy": false,
          "Plans": [
            {
              "Node Type": "Aggregate",
              "Strategy": "Plain",
              "Partial Mode": "Partial",
              "Parent Relationship": "Outer",
              "Parallel Aware": false,
              "Startup Cost": 183903.65,
              "Total Cost": 183903.66,
              "Plan Rows": 1,
              "Plan Width": 8,
              "Actual Startup Time": 843.282,
              "Actual Total Time": 843.286,
              "Actual Rows": 1,
              "Actual Loops": 4,
              "Plans": [
                {
                  "Node Type": "Nested Loop",
                  "Parent Relationship": "Outer",
                  "Parallel Aware": false,
                  "Join Type": "Inner",
                  "Startup Cost": 46318.16,
                  "Total Cost": 183240.59,
                  "Plan Rows": 265224,
                  "Plan Width": 0,
                  "Actual Startup Time": 175.756,
                  "Actual Total Time": 798.048,
                  "Actual Rows": 1093522,
                  "Actual Loops": 4,
                  "Inner Unique": false,
                  "Join Filter": "(t.id = mi.movie_id)",
                  "Rows Removed by Join Filter": 0,
                  "Plans": [
                    {
                      "Node Type": "Hash Join",
                      "Parent Relationship": "Outer",
                      "Parallel Aware": true,
                      "Join Type": "Inner",
                      "Startup Cost": 46317.72,
                      "Total Cost": 76750.16,
                      "Plan Rows": 45358,
                      "Plan Width": 8,
                      "Actual Startup Time": 175.661,
                      "Actual Total Time": 247.964,
                      "Actual Rows": 48964,
                      "Actual Loops": 4,
                      "Inner Unique": true,
                      "Hash Cond": "(mc.movie_id = t.id)",
                      "Plans": [
                        {
                          "Node Type": "Seq Scan",
                          "Parent Relationship": "Outer",
                          "Parallel Aware": true,
                          "Relation Name": "movie_companies",
                          "Alias": "mc",
                          "Startup Cost": 0.0,
                          "Total Cost": 29310.68,
                          "Plan Rows": 427336,
                          "Plan Width": 4,
                          "Actual Startup Time": 28.141,
                          "Actual Total Time": 64.521,
                          "Actual Rows": 333721,
                          "Actual Loops": 4,
                          "Filter": "(company_type_id = 2)",
                          "Rows Removed by Filter": 318562
                        },
                        {
                          "Node Type": "Hash",
                          "Parent Relationship": "Inner",
                          "Parallel Aware": true,
                          "Startup Cost": 45479.1,
                          "Total Cost": 45479.1,
                          "Plan Rows": 67090,
                          "Plan Width": 4,
                          "Actual Startup Time": 114.405,
                          "Actual Total Time": 114.406,
                          "Actual Rows": 54070,
                          "Actual Loops": 4,
                          "Hash Buckets": 524288,
                          "Original Hash Buckets": 524288,
                          "Hash Batches": 1,
                          "Original Hash Batches": 1,
                          "Peak Memory Usage": 12640,
                          "Plans": [
                            {
                              "Node Type": "Seq Scan",
                              "Parent Relationship": "Outer",
                              "Parallel Aware": true,
                              "Relation Name": "title",
                              "Alias": "t",
                              "Startup Cost": 0.0,
                              "Total Cost": 45479.1,
                              "Plan Rows": 67090,
                              "Plan Width": 4,
                              "Actual Startup Time": 47.107,
                              "Actual Total Time": 97.254,
                              "Actual Rows": 54070,
                              "Actual Loops": 4,
                              "Filter": "((production_year > 2005) AND (kind_id = 1))",
                              "Rows Removed by Filter": 578008
                            }
                          ]
                        }
                      ]
                    },
                    {
                      "Node Type": "Index Only Scan",
                      "Parent Relationship": "Inner",
                      "Parallel Aware": false,
                      "Scan Direction": "Forward",
                      "Index Name": "movie_id_movie_info",
                      "Relation Name": "movie_info",
                      "Alias": "mi",
                      "Startup Cost": 0.43,
                      "Total Cost": 1.82,
                      "Plan Rows": 42,
                      "Plan Width": 4,
                      "Actual Startup Time": 0.003,
                      "Actual Total Time": 0.009,
                      "Actual Rows": 22,
                      "Actual Loops": 195858,
                      "Index Cond": "(movie_id = mc.movie_id)",
                      "Rows Removed by Index Recheck": 0,
                      "Heap Fetches": 4374086
                    }
                  ]
                }
              ]
            }
          ]
        }
      ]
    },
    "Planning Time": 1.522,
    "Triggers": [],
    "Execution Time": 899.975
  }
]