[
  {
    "Plan": {
      "Node Type": "Aggregate",
      "Strategy": "Plain",
      "Partial Mode": "Finalize",
      "Parallel Aware": false,
      "Startup Cost": 47073.93,
      "Total Cost": 47073.94,
      "Plan Rows": 1,
      "Plan Width": 8,
      "Actual Startup Time": 107.788,
      "Actual Total Time": 119.588,
      "Actual Rows": 1,
      "Actual Loops": 1,
      "Plans": [
        {
          "Node Type": "Gather",
          "Parent Relationship": "Outer",
          "Parallel Aware": false,
          "Startup Cost": 47073.51,
          "Total Cost": 47073.92,
          "Plan Rows": 4,
          "Plan Width": 8,
          "Actual Startup Time": 107.665,
          "Actual Total Time": 119.579,
          "Actual Rows": 5,
          "Actual Loops": 1,
          "Workers Planned": 4,
          "Workers Launched": 4,
          "Single Copy": false,
          "Plans": [
            {
              "Node Type": "Aggregate",
              "Strategy": "Plain",
              "Partial Mode": "Partial",
              "Parent Relationship": "Outer",
              "Parallel Aware": false,
              "Startup Cost": 46073.51,
              "Total Cost": 46073.52,
              "Plan Rows": 1,
              "Plan Width": 8,
              "Actual Startup Time": 98.753,
              "Actual Total Time": 98.754,
              "Actual Rows": 1,
              "Actual Loops": 5,
              "Plans": [
                {
                  "Node Type": "Seq Scan",
                  "Parent Relationship": "Outer",
                  "Parallel Aware": true,
                  "Relation Name": "title",
                  "Alias": "t",
                  "Startup Cost": 0.0,
                  "Total Cost": 45479.1,
                  "Plan Rows": 237765,
                  "Plan Width": 0,
                  "Actual Startup Time": 0.042,
                  "Actual Total Time": 90.411,
                  "Actual Rows": 188546,
                  "Actual Loops": 5,
                  "Filter": "((kind_id < 7) AND (production_year > 1911))",
                  "Rows Removed by Filter": 317117
                }
              ]
            }
          ]
        }
      ]
    },
    "Planning Time": 0.196,
    "Triggers": [],
    "Execution Time": 119.647
  }
]