[
  {
    "Plan": {
      "Node Type": "Aggregate",
      "Strategy": "Plain",
      "Partial Mode": "Finalize",
      "Parallel Aware": false,
      "Startup Cost": 248913.08,
      "Total Cost": 248913.09,
      "Plan Rows": 1,
      "Plan Width": 8,
      "Actual Startup Time": 981.039,
      "Actual Total Time": 1037.283,
      "Actual Rows": 1,
      "Actual Loops": 1,
      "Plans": [
        {
          "Node Type": "Gather",
          "Parent Relationship": "Outer",
          "Parallel Aware": false,
          "Startup Cost": 248912.56,
          "Total Cost": 248913.07,
          "Plan Rows": 5,
          "Plan Width": 8,
          "Actual Startup Time": 978.533,
          "Actual Total Time": 1037.265,
          "Actual Rows": 6,
          "Actual Loops": 1,
          "Workers Planned": 5,
          "Workers Launched": 5,
          "Single Copy": false,
          "Plans": [
            {
              "Node Type": "Aggregate",
              "Strategy": "Plain",
              "Partial Mode": "Partial",
              "Parent Relationship": "Outer",
              "Parallel Aware": false,
              "Startup Cost": 247912.56,
              "Total Cost": 247912.57,
              "Plan Rows": 1,
              "Plan Width": 8,
              "Actual Startup Time": 970.818,
              "Actual Total Time": 970.822,
              "Actual Rows": 1,
              "Actual Loops": 6,
              "Plans": [
                {
                  "Node Type": "Hash Join",
                  "Parent Relationship": "Outer",
                  "Parallel Aware": true,
                  "Join Type": "Inner",
                  "Startup Cost": 47002.46,
                  "Total Cost": 246481.87,
                  "Plan Rows": 572278,
                  "Plan Width": 0,
                  "Actual Startup Time": 137.116,
                  "Actual Total Time": 929.218,
                  "Actual Rows": 792473,
                  "Actual Loops": 6,
                  "Inner Unique": true,
                  "Hash Cond": "(mi.movie_id = t.id)",
                  "Plans": [
                    {
                      "Node Type": "Seq Scan",
                      "Parent Relationship": "Outer",
                      "Parallel Aware": true,
                      "Relation Name": "movie_info",
                      "Alias": "mi",
                      "Startup Cost": 0.0,
                      "Total Cost": 191685.19,
                      "Plan Rows": 2969219,
                      "Plan Width": 4,
                      "Actual Startup Time": 0.037,
                      "Actual Total Time": 332.521,
                      "Actual Rows": 2472620,
                      "Actual Loops": 6
                    },
                    {
                      "Node Type": "Hash",
                      "Parent Relationship": "Inner",
                      "Parallel Aware": true,
                      "Startup Cost": 45479.59,
                      "Total Cost": 45479.59,
                      "Plan Rows": 121830,
                      "Plan Width": 4,
                      "Actual Startup Time": 120.669,
                      "Actual Total Time": 120.67,
                      "Actual Rows": 59978,
                      "Actual Loops": 6,
                      "Hash Buckets": 524288,
                      "Original Hash Buckets": 524288,
                      "Hash Batches": 1,
                      "Original Hash Batches": 1,
                      "Peak Memory Usage": 18336,
                      "Plans": [
                        {
                          "Node Type": "Seq Scan",
                          "Parent Relationship": "Outer",
                          "Parallel Aware": true,
                          "Relation Name": "title",
                          "Alias": "t",
                          "Startup Cost": 0.0,
                          "Total Cost": 45479.59,
                          "Plan Rows": 121830,
                          "Plan Width": 4,
                          "Actual Startup Time": 43.891,
                          "Actual Total Time": 88.487,
                          "Actual Rows": 59978,
                          "Actual Loops": 6,
                          "Filter": "((production_year > 1985) AND (kind_id = 1))",
                          "Rows Removed by Filter": 361407
                        }
                      ]
                    }
                  ]
                }
              ]
            }
          ]
        }
      ]
    },
    "Planning Time": 0.661,
    "Triggers": [],
    "Execution Time": 1037.367
  }
]