[
  {
    "Plan": {
      "Node Type": "Aggregate",
      "Strategy": "Plain",
      "Partial Mode": "Finalize",
      "Parallel Aware": false,
      "Startup Cost": 347025.1,
      "Total Cost": 347025.11,
      "Plan Rows": 1,
      "Plan Width": 8,
      "Actual Startup Time": 741.004,
      "Actual Total Time": 793.271,
      "Actual Rows": 1,
      "Actual Loops": 1,
      "Plans": [
        {
          "Node Type": "Gather",
          "Parent Relationship": "Outer",
          "Parallel Aware": false,
          "Startup Cost": 347024.48,
          "Total Cost": 347025.09,
          "Plan Rows": 6,
          "Plan Width": 8,
          "Actual Startup Time": 740.806,
          "Actual Total Time": 793.251,
          "Actual Rows": 7,
          "Actual Loops": 1,
          "Workers Planned": 6,
          "Workers Launched": 6,
          "Single Copy": false,
          "Plans": [
            {
              "Node Type": "Aggregate",
              "Strategy": "Plain",
              "Partial Mode": "Partial",
              "Parent Relationship": "Outer",
              "Parallel Aware": false,
              "Startup Cost": 346024.48,
              "Total Cost": 346024.49,
              "Plan Rows": 1,
              "Plan Width": 8,
              "Actual Startup Time": 734.446,
              "Actual Total Time": 734.448,
              "Actual Rows": 1,
              "Actual Loops": 7,
              "Plans": [
                {
                  "Node Type": "Seq Scan",
                  "Parent Relationship": "Outer",
                  "Parallel Aware": true,
                  "Relation Name": "cast_info",
                  "Alias": "ci",
                  "Startup Cost": 0.0,
                  "Total Cost": 343316.27,
                  "Plan Rows": 1083282,
                  "Plan Width": 0,
                  "Actual Startup Time": 426.539,
                  "Actual Total Time": 698.766,
                  "Actual Rows": 614032,
                  "Actual Loops": 7,
                  "Filter": "((person_id > 2932216) AND (role_id < 10))",
                  "Rows Removed by Filter": 4563731
                }
              ]
            }
          ]
        }
      ]
    },
    "Planning Time": 0.102,
    "Triggers": [],
    "Execution Time": 793.314
  }
]