[
  {
    "Plan": {
      "Node Type": "Aggregate",
      "Strategy": "Plain",
      "Partial Mode": "Finalize",
      "Parallel Aware": false,
      "Startup Cost": 46862.4,
      "Total Cost": 46862.41,
      "Plan Rows": 1,
      "Plan Width": 8,
      "Actual Startup Time": 153.419,
      "Actual Total Time": 163.205,
      "Actual Rows": 1,
      "Actual Loops": 1,
      "Plans": [
        {
          "Node Type": "Gather",
          "Parent Relationship": "Outer",
          "Parallel Aware": false,
          "Startup Cost": 46862.08,
          "Total Cost": 46862.39,
          "Plan Rows": 3,
          "Plan Width": 8,
          "Actual Startup Time": 153.256,
          "Actual Total Time": 163.197,
          "Actual Rows": 4,
          "Actual Loops": 1,
          "Workers Planned": 3,
          "Workers Launched": 3,
          "Single Copy": false,
          "Plans": [
            {
              "Node Type": "Aggregate",
              "Strategy": "Plain",
              "Partial Mode": "Partial",
              "Parent Relationship": "Outer",
              "Parallel Aware": false,
              "Startup Cost": 45862.08,
              "Total Cost": 45862.09,
              "Plan Rows": 1,
              "Plan Width": 8,
              "Actual Startup Time": 149.622,
              "Actual Total Time": 149.624,
              "Actual Rows": 1,
              "Actual Loops": 4,
              "Plans": [
                {
                  "Node Type": "Seq Scan",
                  "Parent Relationship": "Outer",
                  "Parallel Aware": true,
                  "Relation Name": "movie_keyword",
                  "Alias": "mk",
                  "Startup Cost": 0.0,
                  "Total Cost": 42695.65,
                  "Plan Rows": 1266572,
                  "Plan Width": 0,
                  "Actual Startup Time": 0.04,
                  "Actual Total Time": 109.504,
                  "Actual Rows": 981360,
                  "Actual Loops": 4,
                  "Filter": "(keyword_id < 30685)",
                  "Rows Removed by Filter": 149622
                }
              ]
            }
          ]
        }
      ]
    },
    "Planning Time": 0.103,
    "Triggers": [],
    "Execution Time": 163.243
  }
]