[
  {
    "Plan": {
      "Node Type": "Aggregate",
      "Strategy": "Plain",
      "Partial Mode": "Finalize",
      "Parallel Aware": false,
      "Startup Cost": 46596.3,
      "Total Cost": 46596.31,
      "Plan Rows": 1,
      "Plan Width": 8,
      "Actual Startup Time": 189.713,
      "Actual Total Time": 196.95,
      "Actual Rows": 1,
      "Actual Loops": 1,
      "Plans": [
        {
          "Node Type": "Gather",
          "Parent Relationship": "Outer",
          "Parallel Aware": false,
          "Startup Cost": 46595.99,
          "Total Cost": 46596.3,
          "Plan Rows": 3,
          "Plan Width": 8,
          "Actual Startup Time": 189.559,
          "Actual Total Time": 196.941,
          "Actual Rows": 4,
          "Actual Loops": 1,
          "Workers Planned": 3,
          "Workers Launched": 3,
          "Single Copy": false,
          "Plans": [
            {
              "Node Type": "Aggregate",
              "Strategy": "Plain",
              "Partial Mode": "Partial",
              "Parent Relationship": "Outer",
              "Parallel Aware": false,
              "Startup Cost": 45595.99,
              "Total Cost": 45596.0,
              "Plan Rows": 1,
              "Plan Width": 8,
              "Actual Startup Time": 182.587,
              "Actual Total Time": 182.588,
              "Actual Rows": 1,
              "Actual Loops": 4,
              "Plans": [
                {
                  "Node Type": "Seq Scan",
                  "Parent Relationship": "Outer",
                  "Parallel Aware": true,
                  "Relation Name": "movie_keyword",
                  "Alias": "mk",
                  "Startup Cost": 0.0,
                  "Total Cost": 42695.65,
                  "Plan Rows": 1160133,
                  "Plan Width": 0,
                  "Actual Startup Time": 0.05,
                  "Actual Total Time": 136.572,
                  "Actual Rows": 904497,
                  "Actual Loops": 4,
                  "Filter": "(keyword_id < 20353)",
                  "Rows Removed by Filter": 226486
                }
              ]
            }
          ]
        }
      ]
    },
    "Planning Time": 0.232,
    "Triggers": [],
    "Execution Time": 197.013
  }
]