{
  "Plan": {
    "Node Type": "Aggregate",
    "Strategy": "Plain",
    "Partial Mode": "Finalize",
    "Parallel Aware": false,
    "Startup Cost": 740190.18,
    "Total Cost": 740190.19,
    "Plan Rows": 1,
    "Plan Width": 8,
    "Actual Startup Time": 3642.617,
    "Actual Total Time": 3702.675,
    "Actual Rows": 1,
    "Actual Loops": 1,
    "Plans": [
      {
        "Node Type": "Gather",
        "Parent Relationship": "Outer",
        "Parallel Aware": false,
        "Startup Cost": 740190.07,
        "Total Cost": 740190.18,
        "Plan Rows": 1,
        "Plan Width": 8,
        "Actual Startup Time": 3640.665,
        "Actual Total Time": 3702.664,
        "Actual Rows": 2,
        "Actual Loops": 1,
        "Workers Planned": 1,
        "Workers Launched": 1,
        "Single Copy": false,
        "Plans": [
          {
            "Node Type": "Aggregate",
            "Strategy": "Plain",
            "Partial Mode": "Partial",
            "Parent Relationship": "Outer",
            "Parallel Aware": false,
            "Startup Cost": 739190.07,
            "Total Cost": 739190.08,
            "Plan Rows": 1,
            "Plan Width": 8,
            "Actual Startup Time": 3634.708,
            "Actual Total Time": 3634.891,
            "Actual Rows": 1,
            "Actual Loops": 2,
            "Plans": [
              {
                "Node Type": "Hash Join",
                "Parent Relationship": "Outer",
                "Parallel Aware": true,
                "Join Type": "Inner",
                "Startup Cost": 111602.89,
                "Total Cost": 733934.12,
                "Plan Rows": 2102378,
                "Plan Width": 0,
                "Actual Startup Time": 1109.235,
                "Actual Total Time": 3571.486,
                "Actual Rows": 1590754,
                "Actual Loops": 2,
                "Inner Unique": false,
                "Hash Cond": "(ci.movie_id = t.id)",
                "Plans": [
                  {
                    "Node Type": "Seq Scan",
                    "Parent Relationship": "Outer",
                    "Parallel Aware": true,
                    "Relation Name": "cast_info",
                    "Alias": "ci",
                    "Startup Cost": 0.0,
                    "Total Cost": 572345.93,
                    "Plan Rows": 10031568,
                    "Plan Width": 4,
                    "Actual Startup Time": 499.002,
                    "Actual Total Time": 1779.877,
                    "Actual Rows": 7835831,
                    "Actual Loops": 2,
                    "Filter": "((person_id > 1647906) AND (role_id < 10))",
                    "Rows Removed by Filter": 10286341
                  },
                  {
                    "Node Type": "Hash",
                    "Parent Relationship": "Inner",
                    "Parallel Aware": true,
                    "Startup Cost": 107706.79,
                    "Total Cost": 107706.79,
                    "Plan Rows": 311688,
                    "Plan Width": 8,
                    "Actual Startup Time": 601.053,
                    "Actual Total Time": 601.234,
                    "Actual Rows": 159610,
                    "Actual Loops": 2,
                    "Hash Buckets": 1048576,
                    "Original Hash Buckets": 1048576,
                    "Hash Batches": 1,
                    "Original Hash Batches": 1,
                    "Peak Memory Usage": 20704,
                    "Plans": [
                      {
                        "Node Type": "Hash Join",
                        "Parent Relationship": "Outer",
                        "Parallel Aware": true,
                        "Join Type": "Inner",
                        "Startup Cost": 45707.83,
                        "Total Cost": 107706.79,
                        "Plan Rows": 311688,
                        "Plan Width": 8,
                        "Actual Startup Time": 175.613,
                        "Actual Total Time": 547.658,
                        "Actual Rows": 159610,
                        "Actual Loops": 2,
                        "Inner Unique": false,
                        "Hash Cond": "(t.id = mc.movie_id)",
                        "Plans": [
                          {
                            "Node Type": "Seq Scan",
                            "Parent Relationship": "Outer",
                            "Parallel Aware": true,
                            "Relation Name": "title",
                            "Alias": "t",
                            "Startup Cost": 0.0,
                            "Total Cost": 50870.31,
                            "Plan Rows": 1487231,
                            "Plan Width": 4,
                            "Actual Startup Time": 0.01,
                            "Actual Total Time": 125.527,
                            "Actual Rows": 1264156,
                            "Actual Loops": 2
                          },
                          {
                            "Node Type": "Hash",
                            "Parent Relationship": "Inner",
                            "Parallel Aware": true,
                            "Startup Cost": 41811.73,
                            "Total Cost": 41811.73,
                            "Plan Rows": 311688,
                            "Plan Width": 4,
                            "Actual Startup Time": 169.98,
                            "Actual Total Time": 169.982,
                            "Actual Rows": 159610,
                            "Actual Loops": 2,
                            "Hash Buckets": 1048576,
                            "Original Hash Buckets": 1048576,
                            "Hash Batches": 1,
                            "Original Hash Batches": 1,
                            "Peak Memory Usage": 20704,
                            "Plans": [
                              {
                                "Node Type": "Seq Scan",
                                "Parent Relationship": "Outer",
                                "Parallel Aware": true,
                                "Relation Name": "movie_companies",
                                "Alias": "mc",
                                "Startup Cost": 0.0,
                                "Total Cost": 41811.73,
                                "Plan Rows": 311688,
                                "Plan Width": 4,
                                "Actual Startup Time": 65.261,
                                "Actual Total Time": 120.936,
                                "Actual Rows": 159610,
                                "Actual Loops": 2,
                                "Filter": "((company_id < 6008) AND (company_type_id = 2))",
                                "Rows Removed by Filter": 1144954
                              }
                            ]
                          }
                        ]
                      }
                    ]
                  }
                ]
              }
            ]
          }
        ]
      }
    ]
  },
  "Planning Time": 1.063,
  "Triggers": [],
  "Execution Time": 3702.808
}