[
    {
        "Bao": {
            "Bao prediction": "NaN",
            "Bao recommended hint": "(no hint)"
        }
    },
    {
        "Plan": {
            "Node Type": "Aggregate",
            "Strategy": "Plain",
            "Partial Mode": "Simple",
            "Parallel Aware": false,
            "Startup Cost": 11893.66,
            "Total Cost": 11893.67,
            "Plan Rows": 1,
            "Plan Width": 8,
            "Actual Startup Time": 3.337,
            "Actual Total Time": 3.339,
            "Actual Rows": 1,
            "Actual Loops": 1,
            "Output": [
                "count(*)"
            ],
            "Plans": [
                {
                    "Node Type": "Bitmap Heap Scan",
                    "Parent Relationship": "Outer",
                    "Parallel Aware": false,
                    "Relation Name": "movie_keyword",
                    "Schema": "public",
                    "Alias": "mk",
                    "Startup Cost": 100.66,
                    "Total Cost": 11881.97,
                    "Plan Rows": 4675,
                    "Plan Width": 0,
                    "Actual Startup Time": 0.781,
                    "Actual Total Time": 2.573,
                    "Actual Rows": 4361,
                    "Actual Loops": 1,
                    "Recheck Cond": "(mk.keyword_id = 29032)",
                    "Rows Removed by Index Recheck": 0,
                    "Exact Heap Blocks": 168,
                    "Lossy Heap Blocks": 0,
                    "Plans": [
                        {
                            "Node Type": "Bitmap Index Scan",
                            "Parent Relationship": "Outer",
                            "Parallel Aware": false,
                            "Index Name": "keyword_id_movie_keyword",
                            "Startup Cost": 0.0,
                            "Total Cost": 99.5,
                            "Plan Rows": 4675,
                            "Plan Width": 0,
                            "Actual Startup Time": 0.712,
                            "Actual Total Time": 0.713,
                            "Actual Rows": 4361,
                            "Actual Loops": 1,
                            "Index Cond": "(mk.keyword_id = 29032)"
                        }
                    ]
                }
            ]
        },
        "Planning Time": 190.275,
        "Triggers": [],
        "Execution Time": 3.428
    }
]