{
  "Plan": {
    "Node Type": "Aggregate",
    "Strategy": "Plain",
    "Partial Mode": "Finalize",
    "Parallel Aware": false,
    "Startup Cost": 735146.32,
    "Total Cost": 735146.33,
    "Plan Rows": 1,
    "Plan Width": 8,
    "Actual Startup Time": 3807.01,
    "Actual Total Time": 3879.902,
    "Actual Rows": 1,
    "Actual Loops": 1,
    "Plans": [
      {
        "Node Type": "Gather",
        "Parent Relationship": "Outer",
        "Parallel Aware": false,
        "Startup Cost": 735146.2,
        "Total Cost": 735146.31,
        "Plan Rows": 1,
        "Plan Width": 8,
        "Actual Startup Time": 3802.275,
        "Actual Total Time": 3879.89,
        "Actual Rows": 2,
        "Actual Loops": 1,
        "Workers Planned": 1,
        "Workers Launched": 1,
        "Single Copy": false,
        "Plans": [
          {
            "Node Type": "Aggregate",
            "Strategy": "Plain",
            "Partial Mode": "Partial",
            "Parent Relationship": "Outer",
            "Parallel Aware": false,
            "Startup Cost": 734146.2,
            "Total Cost": 734146.21,
            "Plan Rows": 1,
            "Plan Width": 8,
            "Actual Startup Time": 3797.378,
            "Actual Total Time": 3798.488,
            "Actual Rows": 1,
            "Actual Loops": 2,
            "Plans": [
              {
                "Node Type": "Hash Join",
                "Parent Relationship": "Outer",
                "Parallel Aware": true,
                "Join Type": "Inner",
                "Startup Cost": 113684.81,
                "Total Cost": 727758.62,
                "Plan Rows": 2555035,
                "Plan Width": 0,
                "Actual Startup Time": 1407.574,
                "Actual Total Time": 3666.38,
                "Actual Rows": 3419076,
                "Actual Loops": 2,
                "Inner Unique": false,
                "Hash Cond": "(ci.movie_id = t.id)",
                "Plans": [
                  {
                    "Node Type": "Seq Scan",
                    "Parent Relationship": "Outer",
                    "Parallel Aware": true,
                    "Relation Name": "cast_info",
                    "Alias": "ci",
                    "Startup Cost": 0.0,
                    "Total Cost": 572345.93,
                    "Plan Rows": 7119539,
                    "Plan Width": 4,
                    "Actual Startup Time": 527.917,
                    "Actual Total Time": 1649.493,
                    "Actual Rows": 4897654,
                    "Actual Loops": 2,
                    "Filter": "((person_id > 1775348) AND (role_id < 4))",
                    "Rows Removed by Filter": 13224518
                  },
                  {
                    "Node Type": "Hash",
                    "Parent Relationship": "Inner",
                    "Parallel Aware": true,
                    "Startup Cost": 107013.16,
                    "Total Cost": 107013.16,
                    "Plan Rows": 533732,
                    "Plan Width": 8,
                    "Actual Startup Time": 870.158,
                    "Actual Total Time": 871.266,
                    "Actual Rows": 358098,
                    "Actual Loops": 2,
                    "Hash Buckets": 1048576,
                    "Original Hash Buckets": 1048576,
                    "Hash Batches": 1,
                    "Original Hash Batches": 1,
                    "Peak Memory Usage": 36256,
                    "Plans": [
                      {
                        "Node Type": "Hash Join",
                        "Parent Relationship": "Outer",
                        "Parallel Aware": true,
                        "Join Type": "Inner",
                        "Startup Cost": 66927.54,
                        "Total Cost": 107013.16,
                        "Plan Rows": 533732,
                        "Plan Width": 8,
                        "Actual Startup Time": 433.535,
                        "Actual Total Time": 777.242,
                        "Actual Rows": 358098,
                        "Actual Loops": 2,
                        "Inner Unique": true,
                        "Hash Cond": "(mc.movie_id = t.id)",
                        "Plans": [
                          {
                            "Node Type": "Seq Scan",
                            "Parent Relationship": "Outer",
                            "Parallel Aware": true,
                            "Relation Name": "movie_companies",
                            "Alias": "mc",
                            "Startup Cost": 0.0,
                            "Total Cost": 37974.77,
                            "Plan Rows": 804131,
                            "Plan Width": 4,
                            "Actual Startup Time": 0.025,
                            "Actual Total Time": 125.065,
                            "Actual Rows": 681802,
                            "Actual Loops": 2,
                            "Filter": "(company_id < 11713)",
                            "Rows Removed by Filter": 622762
                          },
                          {
                            "Node Type": "Hash",
                            "Parent Relationship": "Inner",
                            "Parallel Aware": true,
                            "Startup Cost": 54588.39,
                            "Total Cost": 54588.39,
                            "Plan Rows": 987132,
                            "Plan Width": 4,
                            "Actual Startup Time": 424.081,
                            "Actual Total Time": 424.082,
                            "Actual Rows": 836770,
                            "Actual Loops": 2,
                            "Hash Buckets": 2097152,
                            "Original Hash Buckets": 2097152,
                            "Hash Batches": 1,
                            "Original Hash Batches": 1,
                            "Peak Memory Usage": 81888,
                            "Plans": [
                              {
                                "Node Type": "Seq Scan",
                                "Parent Relationship": "Outer",
                                "Parallel Aware": true,
                                "Relation Name": "title",
                                "Alias": "t",
                                "Startup Cost": 0.0,
                                "Total Cost": 54588.39,
                                "Plan Rows": 987132,
                                "Plan Width": 4,
                                "Actual Startup Time": 0.045,
                                "Actual Total Time": 177.13,
                                "Actual Rows": 836770,
                                "Actual Loops": 2,
                                "Filter": "(production_year > 1993)",
                                "Rows Removed by Filter": 427386
                              }
                            ]
                          }
                        ]
                      }
                    ]
                  }
                ]
              }
            ]
          }
        ]
      }
    ]
  },
  "Planning Time": 1.043,
  "Triggers": [],
  "Execution Time": 3880.006
}