[
    {
        "Bao": {
            "Bao prediction": "NaN",
            "Bao recommended hint": "(no hint)"
        }
    },
    {
        "Plan": {
            "Node Type": "Aggregate",
            "Strategy": "Plain",
            "Partial Mode": "Finalize",
            "Parallel Aware": false,
            "Startup Cost": 81531.06,
            "Total Cost": 81531.07,
            "Plan Rows": 1,
            "Plan Width": 8,
            "Actual Startup Time": 393.853,
            "Actual Total Time": 403.849,
            "Actual Rows": 1,
            "Actual Loops": 1,
            "Output": [
                "count(*)"
            ],
            "Plans": [
                {
                    "Node Type": "Gather",
                    "Parent Relationship": "Outer",
                    "Parallel Aware": false,
                    "Startup Cost": 81530.64,
                    "Total Cost": 81531.05,
                    "Plan Rows": 4,
                    "Plan Width": 8,
                    "Actual Startup Time": 386.421,
                    "Actual Total Time": 403.839,
                    "Actual Rows": 5,
                    "Actual Loops": 1,
                    "Output": [
                        "(PARTIAL count(*))"
                    ],
                    "Workers Planned": 4,
                    "Workers Launched": 4,
                    "Single Copy": false,
                    "Plans": [
                        {
                            "Node Type": "Aggregate",
                            "Strategy": "Plain",
                            "Partial Mode": "Partial",
                            "Parent Relationship": "Outer",
                            "Parallel Aware": false,
                            "Startup Cost": 80530.64,
                            "Total Cost": 80530.65,
                            "Plan Rows": 1,
                            "Plan Width": 8,
                            "Actual Startup Time": 377.093,
                            "Actual Total Time": 377.096,
                            "Actual Rows": 1,
                            "Actual Loops": 5,
                            "Output": [
                                "PARTIAL count(*)"
                            ],
                            "Workers": [
                                {
                                    "Worker Number": 0,
                                    "Actual Startup Time": 374.519,
                                    "Actual Total Time": 374.522,
                                    "Actual Rows": 1,
                                    "Actual Loops": 1
                                },
                                {
                                    "Worker Number": 1,
                                    "Actual Startup Time": 375.401,
                                    "Actual Total Time": 375.404,
                                    "Actual Rows": 1,
                                    "Actual Loops": 1
                                },
                                {
                                    "Worker Number": 2,
                                    "Actual Startup Time": 374.709,
                                    "Actual Total Time": 374.712,
                                    "Actual Rows": 1,
                                    "Actual Loops": 1
                                },
                                {
                                    "Worker Number": 3,
                                    "Actual Startup Time": 374.739,
                                    "Actual Total Time": 374.742,
                                    "Actual Rows": 1,
                                    "Actual Loops": 1
                                }
                            ],
                            "Plans": [
                                {
                                    "Node Type": "Hash Join",
                                    "Parent Relationship": "Outer",
                                    "Parallel Aware": true,
                                    "Join Type": "Inner",
                                    "Startup Cost": 34098.67,
                                    "Total Cost": 80114.64,
                                    "Plan Rows": 166399,
                                    "Plan Width": 0,
                                    "Actual Startup Time": 134.517,
                                    "Actual Total Time": 367.246,
                                    "Actual Rows": 181890,
                                    "Actual Loops": 5,
                                    "Inner Unique": false,
                                    "Hash Cond": "(t.id = mc.movie_id)",
                                    "Workers": [
                                        {
                                            "Worker Number": 0,
                                            "Actual Startup Time": 132.076,
                                            "Actual Total Time": 363.701,
                                            "Actual Rows": 145809,
                                            "Actual Loops": 1
                                        },
                                        {
                                            "Worker Number": 1,
                                            "Actual Startup Time": 132.301,
                                            "Actual Total Time": 364.645,
                                            "Actual Rows": 142441,
                                            "Actual Loops": 1
                                        },
                                        {
                                            "Worker Number": 2,
                                            "Actual Startup Time": 132.257,
                                            "Actual Total Time": 365.254,
                                            "Actual Rows": 198358,
                                            "Actual Loops": 1
                                        },
                                        {
                                            "Worker Number": 3,
                                            "Actual Startup Time": 132.294,
                                            "Actual Total Time": 365.641,
                                            "Actual Rows": 200923,
                                            "Actual Loops": 1
                                        }
                                    ],
                                    "Plans": [
                                        {
                                            "Node Type": "Seq Scan",
                                            "Parent Relationship": "Outer",
                                            "Parallel Aware": true,
                                            "Relation Name": "title",
                                            "Schema": "public",
                                            "Alias": "t",
                                            "Startup Cost": 0.0,
                                            "Total Cost": 42318.81,
                                            "Plan Rows": 632080,
                                            "Plan Width": 4,
                                            "Actual Startup Time": 0.013,
                                            "Actual Total Time": 66.481,
                                            "Actual Rows": 505662,
                                            "Actual Loops": 5,
                                            "Output": [
                                                "t.id",
                                                "t.title",
                                                "t.imdb_index",
                                                "t.kind_id",
                                                "t.production_year",
                                                "t.imdb_id",
                                                "t.phonetic_code",
                                                "t.episode_of_id",
                                                "t.season_nr",
                                                "t.episode_nr",
                                                "t.series_years",
                                                "t.md5sum"
                                            ],
                                            "Workers": [
                                                {
                                                    "Worker Number": 0,
                                                    "Actual Startup Time": 0.016,
                                                    "Actual Total Time": 73.002,
                                                    "Actual Rows": 403694,
                                                    "Actual Loops": 1
                                                },
                                                {
                                                    "Worker Number": 1,
                                                    "Actual Startup Time": 0.014,
                                                    "Actual Total Time": 73.358,
                                                    "Actual Rows": 396644,
                                                    "Actual Loops": 1
                                                },
                                                {
                                                    "Worker Number": 2,
                                                    "Actual Startup Time": 0.011,
                                                    "Actual Total Time": 66.894,
                                                    "Actual Rows": 548745,
                                                    "Actual Loops": 1
                                                },
                                                {
                                                    "Worker Number": 3,
                                                    "Actual Startup Time": 0.017,
                                                    "Actual Total Time": 66.46,
                                                    "Actual Rows": 561554,
                                                    "Actual Loops": 1
                                                }
                                            ]
                                        },
                                        {
                                            "Node Type": "Hash",
                                            "Parent Relationship": "Inner",
                                            "Parallel Aware": true,
                                            "Startup Cost": 31414.82,
                                            "Total Cost": 31414.82,
                                            "Plan Rows": 214708,
                                            "Plan Width": 4,
                                            "Actual Startup Time": 131.865,
                                            "Actual Total Time": 131.866,
                                            "Actual Rows": 181890,
                                            "Actual Loops": 5,
                                            "Output": [
                                                "mc.movie_id"
                                            ],
                                            "Hash Buckets": 1048576,
                                            "Original Hash Buckets": 1048576,
                                            "Hash Batches": 1,
                                            "Original Hash Batches": 1,
                                            "Peak Memory Usage": 43872,
                                            "Workers": [
                                                {
                                                    "Worker Number": 0,
                                                    "Actual Startup Time": 131.196,
                                                    "Actual Total Time": 131.197,
                                                    "Actual Rows": 144232,
                                                    "Actual Loops": 1
                                                },
                                                {
                                                    "Worker Number": 1,
                                                    "Actual Startup Time": 131.285,
                                                    "Actual Total Time": 131.286,
                                                    "Actual Rows": 136515,
                                                    "Actual Loops": 1
                                                },
                                                {
                                                    "Worker Number": 2,
                                                    "Actual Startup Time": 131.405,
                                                    "Actual Total Time": 131.405,
                                                    "Actual Rows": 207181,
                                                    "Actual Loops": 1
                                                },
                                                {
                                                    "Worker Number": 3,
                                                    "Actual Startup Time": 131.458,
                                                    "Actual Total Time": 131.459,
                                                    "Actual Rows": 194732,
                                                    "Actual Loops": 1
                                                }
                                            ],
                                            "Plans": [
                                                {
                                                    "Node Type": "Seq Scan",
                                                    "Parent Relationship": "Outer",
                                                    "Parallel Aware": true,
                                                    "Relation Name": "movie_companies",
                                                    "Schema": "public",
                                                    "Alias": "mc",
                                                    "Startup Cost": 0.0,
                                                    "Total Cost": 31414.82,
                                                    "Plan Rows": 214708,
                                                    "Plan Width": 4,
                                                    "Actual Startup Time": 38.579,
                                                    "Actual Total Time": 75.715,
                                                    "Actual Rows": 181890,
                                                    "Actual Loops": 5,
                                                    "Output": [
                                                        "mc.movie_id"
                                                    ],
                                                    "Filter": "((mc.company_id > 11280) AND (mc.company_type_id > 1))",
                                                    "Rows Removed by Filter": 339936,
                                                    "Workers": [
                                                        {
                                                            "Worker Number": 0,
                                                            "Actual Startup Time": 37.935,
                                                            "Actual Total Time": 77.571,
                                                            "Actual Rows": 144232,
                                                            "Actual Loops": 1
                                                        },
                                                        {
                                                            "Worker Number": 1,
                                                            "Actual Startup Time": 38.002,
                                                            "Actual Total Time": 76.972,
                                                            "Actual Rows": 136515,
                                                            "Actual Loops": 1
                                                        },
                                                        {
                                                            "Worker Number": 2,
                                                            "Actual Startup Time": 38.096,
                                                            "Actual Total Time": 74.829,
                                                            "Actual Rows": 207181,
                                                            "Actual Loops": 1
                                                        },
                                                        {
                                                            "Worker Number": 3,
                                                            "Actual Startup Time": 38.137,
                                                            "Actual Total Time": 74.783,
                                                            "Actual Rows": 194732,
                                                            "Actual Loops": 1
                                                        }
                                                    ]
                                                }
                                            ]
                                        }
                                    ]
                                }
                            ]
                        }
                    ]
                }
            ]
        },
        "Planning Time": 270.197,
        "Triggers": [],
        "Execution Time": 403.899
    }
]