{
  "Plan": {
    "Node Type": "Aggregate",
    "Strategy": "Plain",
    "Partial Mode": "Finalize",
    "Parallel Aware": false,
    "Startup Cost": 325076.14,
    "Total Cost": 325076.15,
    "Plan Rows": 1,
    "Plan Width": 8,
    "Actual Startup Time": 2220.194,
    "Actual Total Time": 2247.343,
    "Actual Rows": 1,
    "Actual Loops": 1,
    "Plans": [
      {
        "Node Type": "Gather",
        "Parent Relationship": "Outer",
        "Parallel Aware": false,
        "Startup Cost": 325076.03,
        "Total Cost": 325076.14,
        "Plan Rows": 1,
        "Plan Width": 8,
        "Actual Startup Time": 2220.143,
        "Actual Total Time": 2247.337,
        "Actual Rows": 2,
        "Actual Loops": 1,
        "Workers Planned": 1,
        "Workers Launched": 1,
        "Single Copy": false,
        "Plans": [
          {
            "Node Type": "Aggregate",
            "Strategy": "Plain",
            "Partial Mode": "Partial",
            "Parent Relationship": "Outer",
            "Parallel Aware": false,
            "Startup Cost": 324076.03,
            "Total Cost": 324076.04,
            "Plan Rows": 1,
            "Plan Width": 8,
            "Actual Startup Time": 2214.119,
            "Actual Total Time": 2214.12,
            "Actual Rows": 1,
            "Actual Loops": 2,
            "Plans": [
              {
                "Node Type": "Merge Join",
                "Parent Relationship": "Outer",
                "Parallel Aware": false,
                "Join Type": "Inner",
                "Startup Cost": 6.91,
                "Total Cost": 322927.83,
                "Plan Rows": 459279,
                "Plan Width": 0,
                "Actual Startup Time": 2.809,
                "Actual Total Time": 2177.441,
                "Actual Rows": 705444,
                "Actual Loops": 2,
                "Inner Unique": false,
                "Merge Cond": "(t.id = mc.movie_id)",
                "Plans": [
                  {
                    "Node Type": "Merge Join",
                    "Parent Relationship": "Outer",
                    "Parallel Aware": false,
                    "Join Type": "Inner",
                    "Startup Cost": 3.0,
                    "Total Cost": 170814.0,
                    "Plan Rows": 445049,
                    "Plan Width": 8,
                    "Actual Startup Time": 1.759,
                    "Actual Total Time": 1143.084,
                    "Actual Rows": 308852,
                    "Actual Loops": 2,
                    "Inner Unique": false,
                    "Merge Cond": "(t.id = mi_idx.movie_id)",
                    "Plans": [
                      {
                        "Node Type": "Index Scan",
                        "Parent Relationship": "Outer",
                        "Parallel Aware": true,
                        "Scan Direction": "Forward",
                        "Index Name": "title_pkey",
                        "Relation Name": "title",
                        "Alias": "t",
                        "Startup Cost": 0.43,
                        "Total Cost": 107365.5,
                        "Plan Rows": 815353,
                        "Plan Width": 4,
                        "Actual Startup Time": 0.067,
                        "Actual Total Time": 715.262,
                        "Actual Rows": 753178,
                        "Actual Loops": 2,
                        "Filter": "((kind_id > 1) AND (production_year > 1984))",
                        "Rows Removed by Filter": 509774
                      },
                      {
                        "Node Type": "Index Only Scan",
                        "Parent Relationship": "Inner",
                        "Parallel Aware": false,
                        "Scan Direction": "Forward",
                        "Index Name": "movie_id_movie_info_idx",
                        "Relation Name": "movie_info_idx",
                        "Alias": "mi_idx",
                        "Startup Cost": 0.43,
                        "Total Cost": 53620.22,
                        "Plan Rows": 1380035,
                        "Plan Width": 4,
                        "Actual Startup Time": 0.163,
                        "Actual Total Time": 282.068,
                        "Actual Rows": 1380030,
                        "Actual Loops": 2,
                        "Heap Fetches": 2760059
                      }
                    ]
                  },
                  {
                    "Node Type": "Index Only Scan",
                    "Parent Relationship": "Inner",
                    "Parallel Aware": false,
                    "Scan Direction": "Forward",
                    "Index Name": "movie_id_movie_companies",
                    "Relation Name": "movie_companies",
                    "Alias": "mc",
                    "Startup Cost": 0.43,
                    "Total Cost": 140059.44,
                    "Plan Rows": 2609129,
                    "Plan Width": 4,
                    "Actual Startup Time": 0.127,
                    "Actual Total Time": 809.414,
                    "Actual Rows": 3079334,
                    "Actual Loops": 2,
                    "Heap Fetches": 6158668
                  }
                ]
              }
            ]
          }
        ]
      }
    ]
  },
  "Planning Time": 1.069,
  "Triggers": [],
  "Execution Time": 2247.436
}