[
  {
    "Plan": {
      "Node Type": "Aggregate",
      "Strategy": "Plain",
      "Partial Mode": "Finalize",
      "Parallel Aware": false,
      "Startup Cost": 304029.85,
      "Total Cost": 304029.86,
      "Plan Rows": 1,
      "Plan Width": 8,
      "Actual Startup Time": 2767.743,
      "Actual Total Time": 2815.92,
      "Actual Rows": 1,
      "Actual Loops": 1,
      "Plans": [
        {
          "Node Type": "Gather",
          "Parent Relationship": "Outer",
          "Parallel Aware": false,
          "Startup Cost": 304029.54,
          "Total Cost": 304029.85,
          "Plan Rows": 3,
          "Plan Width": 8,
          "Actual Startup Time": 2755.356,
          "Actual Total Time": 2815.911,
          "Actual Rows": 4,
          "Actual Loops": 1,
          "Workers Planned": 3,
          "Workers Launched": 3,
          "Single Copy": false,
          "Plans": [
            {
              "Node Type": "Aggregate",
              "Strategy": "Plain",
              "Partial Mode": "Partial",
              "Parent Relationship": "Outer",
              "Parallel Aware": false,
              "Startup Cost": 303029.54,
              "Total Cost": 303029.55,
              "Plan Rows": 1,
              "Plan Width": 8,
              "Actual Startup Time": 2739.288,
              "Actual Total Time": 2739.294,
              "Actual Rows": 1,
              "Actual Loops": 4,
              "Plans": [
                {
                  "Node Type": "Hash Join",
                  "Parent Relationship": "Outer",
                  "Parallel Aware": true,
                  "Join Type": "Inner",
                  "Startup Cost": 254188.39,
                  "Total Cost": 300628.8,
                  "Plan Rows": 960294,
                  "Plan Width": 0,
                  "Actual Startup Time": 1357.646,
                  "Actual Total Time": 2292.544,
                  "Actual Rows": 10487670,
                  "Actual Loops": 4,
                  "Inner Unique": false,
                  "Hash Cond": "(mk.movie_id = t.id)",
                  "Plans": [
                    {
                      "Node Type": "Seq Scan",
                      "Parent Relationship": "Outer",
                      "Parallel Aware": true,
                      "Relation Name": "movie_keyword",
                      "Alias": "mk",
                      "Startup Cost": 0.0,
                      "Total Cost": 39047.32,
                      "Plan Rows": 1459332,
                      "Plan Width": 4,
                      "Actual Startup Time": 0.021,
                      "Actual Total Time": 96.181,
                      "Actual Rows": 1130982,
                      "Actual Loops": 4
                    },
                    {
                      "Node Type": "Hash",
                      "Parent Relationship": "Inner",
                      "Parallel Aware": true,
                      "Startup Cost": 250029.12,
                      "Total Cost": 250029.12,
                      "Plan Rows": 332742,
                      "Plan Width": 8,
                      "Actual Startup Time": 1302.858,
                      "Actual Total Time": 1302.863,
                      "Actual Rows": 727723,
                      "Actual Loops": 4,
                      "Hash Buckets": 4194304,
                      "Original Hash Buckets": 2097152,
                      "Hash Batches": 1,
                      "Original Hash Batches": 1,
                      "Peak Memory Usage": 163104,
                      "Plans": [
                        {
                          "Node Type": "Hash Join",
                          "Parent Relationship": "Outer",
                          "Parallel Aware": true,
                          "Join Type": "Inner",
                          "Startup Cost": 47312.14,
                          "Total Cost": 250029.12,
                          "Plan Rows": 332742,
                          "Plan Width": 8,
                          "Actual Startup Time": 178.279,
                          "Actual Total Time": 1015.576,
                          "Actual Rows": 727723,
                          "Actual Loops": 4,
                          "Inner Unique": true,
                          "Hash Cond": "(mi.movie_id = t.id)",
                          "Plans": [
                            {
                              "Node Type": "Seq Scan",
                              "Parent Relationship": "Outer",
                              "Parallel Aware": true,
                              "Relation Name": "movie_info",
                              "Alias": "mi",
                              "Startup Cost": 0.0,
                              "Total Cost": 198952.16,
                              "Plan Rows": 1434213,
                              "Plan Width": 4,
                              "Actual Startup Time": 0.026,
                              "Actual Total Time": 454.501,
                              "Actual Rows": 1821716,
                              "Actual Loops": 4,
                              "Filter": "(info_type_id < 8)",
                              "Rows Removed by Filter": 1887214
                            },
                            {
                              "Node Type": "Hash",
                              "Parent Relationship": "Inner",
                              "Parallel Aware": true,
                              "Startup Cost": 45479.1,
                              "Total Cost": 45479.1,
                              "Plan Rows": 146643,
                              "Plan Width": 4,
                              "Actual Startup Time": 157.426,
                              "Actual Total Time": 157.427,
                              "Actual Rows": 117526,
                              "Actual Loops": 4,
                              "Hash Buckets": 1048576,
                              "Original Hash Buckets": 1048576,
                              "Hash Batches": 1,
                              "Original Hash Batches": 1,
                              "Peak Memory Usage": 26688,
                              "Plans": [
                                {
                                  "Node Type": "Seq Scan",
                                  "Parent Relationship": "Outer",
                                  "Parallel Aware": true,
                                  "Relation Name": "title",
                                  "Alias": "t",
                                  "Startup Cost": 0.0,
                                  "Total Cost": 45479.1,
                                  "Plan Rows": 146643,
                                  "Plan Width": 4,
                                  "Actual Startup Time": 51.361,
                                  "Actual Total Time": 111.1,
                                  "Actual Rows": 117526,
                                  "Actual Loops": 4,
                                  "Filter": "((production_year > 1958) AND (kind_id = 1))",
                                  "Rows Removed by Filter": 514552
                                }
                              ]
                            }
                          ]
                        }
                      ]
                    }
                  ]
                }
              ]
            }
          ]
        }
      ]
    },
    "Planning Time": 1.4,
    "Triggers": [],
    "Execution Time": 2816.006
  }
]