[
  {
    "Plan": {
      "Node Type": "Aggregate",
      "Strategy": "Plain",
      "Partial Mode": "Simple",
      "Parallel Aware": false,
      "Startup Cost": 3439.68,
      "Total Cost": 3439.69,
      "Plan Rows": 1,
      "Plan Width": 8,
      "Actual Startup Time": 124.519,
      "Actual Total Time": 124.521,
      "Actual Rows": 1,
      "Actual Loops": 1,
      "Plans": [
        {
          "Node Type": "Nested Loop",
          "Parent Relationship": "Outer",
          "Parallel Aware": false,
          "Join Type": "Inner",
          "Startup Cost": 7.32,
          "Total Cost": 3438.72,
          "Plan Rows": 386,
          "Plan Width": 0,
          "Actual Startup Time": 0.414,
          "Actual Total Time": 124.095,
          "Actual Rows": 8415,
          "Actual Loops": 1,
          "Inner Unique": false,
          "Plans": [
            {
              "Node Type": "Nested Loop",
              "Parent Relationship": "Outer",
              "Parallel Aware": false,
              "Join Type": "Inner",
              "Startup Cost": 6.75,
              "Total Cost": 2957.89,
              "Plan Rows": 244,
              "Plan Width": 8,
              "Actual Startup Time": 0.36,
              "Actual Total Time": 10.459,
              "Actual Rows": 2029,
              "Actual Loops": 1,
              "Inner Unique": true,
              "Plans": [
                {
                  "Node Type": "Bitmap Heap Scan",
                  "Parent Relationship": "Outer",
                  "Parallel Aware": false,
                  "Relation Name": "movie_keyword",
                  "Alias": "mk",
                  "Startup Cost": 6.32,
                  "Total Cost": 908.7,
                  "Plan Rows": 244,
                  "Plan Width": 4,
                  "Actual Startup Time": 0.348,
                  "Actual Total Time": 2.886,
                  "Actual Rows": 2029,
                  "Actual Loops": 1,
                  "Recheck Cond": "(keyword_id = 4801)",
                  "Rows Removed by Index Recheck": 0,
                  "Exact Heap Blocks": 1782,
                  "Lossy Heap Blocks": 0,
                  "Plans": [
                    {
                      "Node Type": "Bitmap Index Scan",
                      "Parent Relationship": "Outer",
                      "Parallel Aware": false,
                      "Index Name": "keyword_id_movie_keyword",
                      "Startup Cost": 0.0,
                      "Total Cost": 6.26,
                      "Plan Rows": 244,
                      "Plan Width": 0,
                      "Actual Startup Time": 0.189,
                      "Actual Total Time": 0.189,
                      "Actual Rows": 2029,
                      "Actual Loops": 1,
                      "Index Cond": "(keyword_id = 4801)"
                    }
                  ]
                },
                {
                  "Node Type": "Index Only Scan",
                  "Parent Relationship": "Inner",
                  "Parallel Aware": false,
                  "Scan Direction": "Forward",
                  "Index Name": "title_pkey",
                  "Relation Name": "title",
                  "Alias": "t",
                  "Startup Cost": 0.43,
                  "Total Cost": 8.4,
                  "Plan Rows": 1,
                  "Plan Width": 4,
                  "Actual Startup Time": 0.003,
                  "Actual Total Time": 0.003,
                  "Actual Rows": 1,
                  "Actual Loops": 2029,
                  "Index Cond": "(id = mk.movie_id)",
                  "Rows Removed by Index Recheck": 0,
                  "Heap Fetches": 2029
                }
              ]
            },
            {
              "Node Type": "Index Scan",
              "Parent Relationship": "Inner",
              "Parallel Aware": false,
              "Scan Direction": "Forward",
              "Index Name": "movie_id_cast_info",
              "Relation Name": "cast_info",
              "Alias": "ci",
              "Startup Cost": 0.56,
              "Total Cost": 1.93,
              "Plan Rows": 4,
              "Plan Width": 4,
              "Actual Startup Time": 0.036,
              "Actual Total Time": 0.056,
              "Actual Rows": 4,
              "Actual Loops": 2029,
              "Index Cond": "(movie_id = t.id)",
              "Rows Removed by Index Recheck": 0,
              "Filter": "(role_id = 3)",
              "Rows Removed by Filter": 52
            }
          ]
        }
      ]
    },
    "Planning Time": 0.405,
    "Triggers": [],
    "Execution Time": 124.552
  }
]