[
  {
    "Plan": {
      "Node Type": "Aggregate",
      "Strategy": "Plain",
      "Partial Mode": "Finalize",
      "Parallel Aware": false,
      "Startup Cost": 115581.61,
      "Total Cost": 115581.62,
      "Plan Rows": 1,
      "Plan Width": 8,
      "Actual Startup Time": 623.44,
      "Actual Total Time": 653.695,
      "Actual Rows": 1,
      "Actual Loops": 1,
      "Plans": [
        {
          "Node Type": "Gather",
          "Parent Relationship": "Outer",
          "Parallel Aware": false,
          "Startup Cost": 115581.29,
          "Total Cost": 115581.6,
          "Plan Rows": 3,
          "Plan Width": 8,
          "Actual Startup Time": 616.827,
          "Actual Total Time": 651.594,
          "Actual Rows": 4,
          "Actual Loops": 1,
          "Workers Planned": 3,
          "Workers Launched": 3,
          "Single Copy": false,
          "Plans": [
            {
              "Node Type": "Aggregate",
              "Strategy": "Plain",
              "Partial Mode": "Partial",
              "Parent Relationship": "Outer",
              "Parallel Aware": false,
              "Startup Cost": 114581.29,
              "Total Cost": 114581.3,
              "Plan Rows": 1,
              "Plan Width": 8,
              "Actual Startup Time": 599.651,
              "Actual Total Time": 599.825,
              "Actual Rows": 1,
              "Actual Loops": 4,
              "Plans": [
                {
                  "Node Type": "Nested Loop",
                  "Parent Relationship": "Outer",
                  "Parallel Aware": false,
                  "Join Type": "Inner",
                  "Startup Cost": 44290.6,
                  "Total Cost": 114490.24,
                  "Plan Rows": 36422,
                  "Plan Width": 0,
                  "Actual Startup Time": 147.049,
                  "Actual Total Time": 580.088,
                  "Actual Rows": 317979,
                  "Actual Loops": 4,
                  "Inner Unique": false,
                  "Join Filter": "(t.id = mk.movie_id)",
                  "Rows Removed by Join Filter": 0,
                  "Plans": [
                    {
                      "Node Type": "Hash Join",
                      "Parent Relationship": "Outer",
                      "Parallel Aware": true,
                      "Join Type": "Inner",
                      "Startup Cost": 44290.17,
                      "Total Cost": 74681.07,
                      "Plan Rows": 20356,
                      "Plan Width": 8,
                      "Actual Startup Time": 146.899,
                      "Actual Total Time": 289.625,
                      "Actual Rows": 13016,
                      "Actual Loops": 4,
                      "Inner Unique": true,
                      "Hash Cond": "(mc.movie_id = t.id)",
                      "Plans": [
                        {
                          "Node Type": "Seq Scan",
                          "Parent Relationship": "Outer",
                          "Parallel Aware": true,
                          "Relation Name": "movie_companies",
                          "Alias": "mc",
                          "Startup Cost": 0.0,
                          "Total Cost": 29310.68,
                          "Plan Rows": 411513,
                          "Plan Width": 4,
                          "Actual Startup Time": 0.026,
                          "Actual Total Time": 87.654,
                          "Actual Rows": 318562,
                          "Actual Loops": 4,
                          "Filter": "(company_type_id = 1)",
                          "Rows Removed by Filter": 333721
                        },
                        {
                          "Node Type": "Hash",
                          "Parent Relationship": "Inner",
                          "Parallel Aware": true,
                          "Startup Cost": 43899.32,
                          "Total Cost": 43899.32,
                          "Plan Rows": 31268,
                          "Plan Width": 4,
                          "Actual Startup Time": 144.637,
                          "Actual Total Time": 144.645,
                          "Actual Rows": 30715,
                          "Actual Loops": 4,
                          "Hash Buckets": 131072,
                          "Original Hash Buckets": 131072,
                          "Hash Batches": 1,
                          "Original Hash Batches": 1,
                          "Peak Memory Usage": 5856,
                          "Plans": [
                            {
                              "Node Type": "Seq Scan",
                              "Parent Relationship": "Outer",
                              "Parallel Aware": true,
                              "Relation Name": "title",
                              "Alias": "t",
                              "Startup Cost": 0.0,
                              "Total Cost": 43899.32,
                              "Plan Rows": 31268,
                              "Plan Width": 4,
                              "Actual Startup Time": 0.071,
                              "Actual Total Time": 128.59,
                              "Actual Rows": 30715,
                              "Actual Loops": 4,
                              "Filter": "(production_year = 2008)",
                              "Rows Removed by Filter": 601363
                            }
                          ]
                        }
                      ]
                    },
                    {
                      "Node Type": "Index Only Scan",
                      "Parent Relationship": "Inner",
                      "Parallel Aware": false,
                      "Scan Direction": "Forward",
                      "Index Name": "movie_id_movie_keyword",
                      "Relation Name": "movie_keyword",
                      "Alias": "mk",
                      "Startup Cost": 0.43,
                      "Total Cost": 1.38,
                      "Plan Rows": 46,
                      "Plan Width": 4,
                      "Actual Startup Time": 0.014,
                      "Actual Total Time": 0.019,
                      "Actual Rows": 24,
                      "Actual Loops": 52066,
                      "Index Cond": "(movie_id = mc.movie_id)",
                      "Rows Removed by Index Recheck": 0,
                      "Heap Fetches": 1271916
                    }
                  ]
                }
              ]
            }
          ]
        }
      ]
    },
    "Planning Time": 5.227,
    "Triggers": [],
    "Execution Time": 655.41
  }
]