[
  {
    "Plan": {
      "Node Type": "Aggregate",
      "Strategy": "Plain",
      "Partial Mode": "Finalize",
      "Parallel Aware": false,
      "Startup Cost": 25137.42,
      "Total Cost": 25137.43,
      "Plan Rows": 1,
      "Plan Width": 8,
      "Actual Startup Time": 31.974,
      "Actual Total Time": 36.042,
      "Actual Rows": 1,
      "Actual Loops": 1,
      "Plans": [
        {
          "Node Type": "Gather",
          "Parent Relationship": "Outer",
          "Parallel Aware": false,
          "Startup Cost": 25137.21,
          "Total Cost": 25137.42,
          "Plan Rows": 2,
          "Plan Width": 8,
          "Actual Startup Time": 31.778,
          "Actual Total Time": 36.035,
          "Actual Rows": 3,
          "Actual Loops": 1,
          "Workers Planned": 2,
          "Workers Launched": 2,
          "Single Copy": false,
          "Plans": [
            {
              "Node Type": "Aggregate",
              "Strategy": "Plain",
              "Partial Mode": "Partial",
              "Parent Relationship": "Outer",
              "Parallel Aware": false,
              "Startup Cost": 24137.21,
              "Total Cost": 24137.22,
              "Plan Rows": 1,
              "Plan Width": 8,
              "Actual Startup Time": 23.557,
              "Actual Total Time": 23.558,
              "Actual Rows": 1,
              "Actual Loops": 3,
              "Plans": [
                {
                  "Node Type": "Nested Loop",
                  "Parent Relationship": "Outer",
                  "Parallel Aware": false,
                  "Join Type": "Inner",
                  "Startup Cost": 143.27,
                  "Total Cost": 24136.76,
                  "Plan Rows": 177,
                  "Plan Width": 0,
                  "Actual Startup Time": 1.783,
                  "Actual Total Time": 23.271,
                  "Actual Rows": 1185,
                  "Actual Loops": 3,
                  "Inner Unique": true,
                  "Plans": [
                    {
                      "Node Type": "Bitmap Heap Scan",
                      "Parent Relationship": "Outer",
                      "Parallel Aware": true,
                      "Relation Name": "movie_companies",
                      "Alias": "mc",
                      "Startup Cost": 142.84,
                      "Total Cost": 13446.57,
                      "Plan Rows": 1398,
                      "Plan Width": 4,
                      "Actual Startup Time": 1.335,
                      "Actual Total Time": 3.551,
                      "Actual Rows": 2094,
                      "Actual Loops": 3,
                      "Recheck Cond": "(company_id = 1284)",
                      "Rows Removed by Index Recheck": 0,
                      "Filter": "(company_type_id > 1)",
                      "Rows Removed by Filter": 24,
                      "Exact Heap Blocks": 605,
                      "Lossy Heap Blocks": 0,
                      "Plans": [
                        {
                          "Node Type": "Bitmap Index Scan",
                          "Parent Relationship": "Outer",
                          "Parallel Aware": false,
                          "Index Name": "company_id_movie_companies",
                          "Startup Cost": 0.0,
                          "Total Cost": 142.0,
                          "Plan Rows": 6610,
                          "Plan Width": 0,
                          "Actual Startup Time": 3.106,
                          "Actual Total Time": 3.106,
                          "Actual Rows": 6354,
                          "Actual Loops": 1,
                          "Index Cond": "(company_id = 1284)"
                        }
                      ]
                    },
                    {
                      "Node Type": "Index Scan",
                      "Parent Relationship": "Inner",
                      "Parallel Aware": false,
                      "Scan Direction": "Forward",
                      "Index Name": "title_pkey",
                      "Relation Name": "title",
                      "Alias": "t",
                      "Startup Cost": 0.43,
                      "Total Cost": 7.65,
                      "Plan Rows": 1,
                      "Plan Width": 4,
                      "Actual Startup Time": 0.009,
                      "Actual Total Time": 0.009,
                      "Actual Rows": 1,
                      "Actual Loops": 6282,
                      "Index Cond": "(id = mc.movie_id)",
                      "Rows Removed by Index Recheck": 0,
                      "Filter": "((production_year < 1982) AND (kind_id = 7))",
                      "Rows Removed by Filter": 0
                    }
                  ]
                }
              ]
            }
          ]
        }
      ]
    },
    "Planning Time": 0.64,
    "Triggers": [],
    "Execution Time": 36.126
  }
]