[
  {
    "Plan": {
      "Node Type": "Aggregate",
      "Strategy": "Plain",
      "Partial Mode": "Finalize",
      "Parallel Aware": false,
      "Startup Cost": 17146.84,
      "Total Cost": 17146.85,
      "Plan Rows": 1,
      "Plan Width": 8,
      "Actual Startup Time": 180.814,
      "Actual Total Time": 198.566,
      "Actual Rows": 1,
      "Actual Loops": 1,
      "Plans": [
        {
          "Node Type": "Gather",
          "Parent Relationship": "Outer",
          "Parallel Aware": false,
          "Startup Cost": 17146.53,
          "Total Cost": 17146.84,
          "Plan Rows": 3,
          "Plan Width": 8,
          "Actual Startup Time": 180.755,
          "Actual Total Time": 198.558,
          "Actual Rows": 4,
          "Actual Loops": 1,
          "Workers Planned": 3,
          "Workers Launched": 3,
          "Single Copy": false,
          "Plans": [
            {
              "Node Type": "Aggregate",
              "Strategy": "Plain",
              "Partial Mode": "Partial",
              "Parent Relationship": "Outer",
              "Parallel Aware": false,
              "Startup Cost": 16146.53,
              "Total Cost": 16146.54,
              "Plan Rows": 1,
              "Plan Width": 8,
              "Actual Startup Time": 176.178,
              "Actual Total Time": 176.179,
              "Actual Rows": 1,
              "Actual Loops": 4,
              "Plans": [
                {
                  "Node Type": "Nested Loop",
                  "Parent Relationship": "Outer",
                  "Parallel Aware": false,
                  "Join Type": "Inner",
                  "Startup Cost": 0.99,
                  "Total Cost": 16146.46,
                  "Plan Rows": 27,
                  "Plan Width": 0,
                  "Actual Startup Time": 5.878,
                  "Actual Total Time": 176.032,
                  "Actual Rows": 1358,
                  "Actual Loops": 4,
                  "Inner Unique": true,
                  "Plans": [
                    {
                      "Node Type": "Index Scan",
                      "Parent Relationship": "Outer",
                      "Parallel Aware": true,
                      "Scan Direction": "Forward",
                      "Index Name": "role_id_cast_info",
                      "Relation Name": "cast_info",
                      "Alias": "ci",
                      "Startup Cost": 0.56,
                      "Total Cost": 9091.72,
                      "Plan Rows": 909,
                      "Plan Width": 4,
                      "Actual Startup Time": 0.068,
                      "Actual Total Time": 18.785,
                      "Actual Rows": 40181,
                      "Actual Loops": 4,
                      "Index Cond": "(role_id > 10)",
                      "Rows Removed by Index Recheck": 0,
                      "Filter": "(person_id > 4008698)",
                      "Rows Removed by Filter": 38849
                    },
                    {
                      "Node Type": "Index Scan",
                      "Parent Relationship": "Inner",
                      "Parallel Aware": false,
                      "Scan Direction": "Forward",
                      "Index Name": "title_pkey",
                      "Relation Name": "title",
                      "Alias": "t",
                      "Startup Cost": 0.43,
                      "Total Cost": 7.76,
                      "Plan Rows": 1,
                      "Plan Width": 4,
                      "Actual Startup Time": 0.004,
                      "Actual Total Time": 0.004,
                      "Actual Rows": 0,
                      "Actual Loops": 160723,
                      "Index Cond": "(id = ci.movie_id)",
                      "Rows Removed by Index Recheck": 0,
                      "Filter": "((kind_id = 7) AND (production_year = 2009))",
                      "Rows Removed by Filter": 1
                    }
                  ]
                }
              ]
            }
          ]
        }
      ]
    },
    "Planning Time": 0.372,
    "Triggers": [],
    "Execution Time": 198.619
  }
]