{
  "Plan": {
    "Node Type": "Aggregate",
    "Strategy": "Plain",
    "Partial Mode": "Finalize",
    "Parallel Aware": false,
    "Startup Cost": 614853.15,
    "Total Cost": 614853.16,
    "Plan Rows": 1,
    "Plan Width": 8,
    "Actual Startup Time": 3239.573,
    "Actual Total Time": 3266.353,
    "Actual Rows": 1,
    "Actual Loops": 1,
    "Plans": [
      {
        "Node Type": "Gather",
        "Parent Relationship": "Outer",
        "Parallel Aware": false,
        "Startup Cost": 614853.04,
        "Total Cost": 614853.15,
        "Plan Rows": 1,
        "Plan Width": 8,
        "Actual Startup Time": 3236.944,
        "Actual Total Time": 3266.343,
        "Actual Rows": 2,
        "Actual Loops": 1,
        "Workers Planned": 1,
        "Workers Launched": 1,
        "Single Copy": false,
        "Plans": [
          {
            "Node Type": "Aggregate",
            "Strategy": "Plain",
            "Partial Mode": "Partial",
            "Parent Relationship": "Outer",
            "Parallel Aware": false,
            "Startup Cost": 613853.04,
            "Total Cost": 613853.05,
            "Plan Rows": 1,
            "Plan Width": 8,
            "Actual Startup Time": 3229.378,
            "Actual Total Time": 3229.381,
            "Actual Rows": 1,
            "Actual Loops": 2,
            "Plans": [
              {
                "Node Type": "Hash Join",
                "Parent Relationship": "Outer",
                "Parallel Aware": true,
                "Join Type": "Inner",
                "Startup Cost": 267443.34,
                "Total Cost": 609502.71,
                "Plan Rows": 1740132,
                "Plan Width": 0,
                "Actual Startup Time": 883.377,
                "Actual Total Time": 3122.51,
                "Actual Rows": 2027545,
                "Actual Loops": 2,
                "Inner Unique": true,
                "Hash Cond": "(ci.movie_id = t.id)",
                "Plans": [
                  {
                    "Node Type": "Bitmap Heap Scan",
                    "Parent Relationship": "Outer",
                    "Parallel Aware": true,
                    "Relation Name": "cast_info",
                    "Alias": "ci",
                    "Startup Cost": 199905.43,
                    "Total Cost": 532766.0,
                    "Plan Rows": 3504298,
                    "Plan Width": 4,
                    "Actual Startup Time": 499.757,
                    "Actual Total Time": 1241.168,
                    "Actual Rows": 4508437,
                    "Actual Loops": 2,
                    "Recheck Cond": "(person_id > 2794847)",
                    "Rows Removed by Index Recheck": 0,
                    "Filter": "(role_id > 1)",
                    "Rows Removed by Filter": 0,
                    "Exact Heap Blocks": 60466,
                    "Lossy Heap Blocks": 0,
                    "Plans": [
                      {
                        "Node Type": "Bitmap Index Scan",
                        "Parent Relationship": "Outer",
                        "Parallel Aware": false,
                        "Index Name": "person_id_cast_info",
                        "Startup Cost": 0.0,
                        "Total Cost": 198416.1,
                        "Plan Rows": 9086338,
                        "Plan Width": 0,
                        "Actual Startup Time": 481.994,
                        "Actual Total Time": 481.994,
                        "Actual Rows": 9016874,
                        "Actual Loops": 1,
                        "Index Cond": "(person_id > 2794847)"
                      }
                    ]
                  },
                  {
                    "Node Type": "Hash",
                    "Parent Relationship": "Inner",
                    "Parallel Aware": true,
                    "Startup Cost": 58306.47,
                    "Total Cost": 58306.47,
                    "Plan Rows": 738516,
                    "Plan Width": 4,
                    "Actual Startup Time": 369.168,
                    "Actual Total Time": 369.168,
                    "Actual Rows": 610767,
                    "Actual Loops": 2,
                    "Hash Buckets": 2097152,
                    "Original Hash Buckets": 2097152,
                    "Hash Batches": 1,
                    "Original Hash Batches": 1,
                    "Peak Memory Usage": 64192,
                    "Plans": [
                      {
                        "Node Type": "Seq Scan",
                        "Parent Relationship": "Outer",
                        "Parallel Aware": true,
                        "Relation Name": "title",
                        "Alias": "t",
                        "Startup Cost": 0.0,
                        "Total Cost": 58306.47,
                        "Plan Rows": 738516,
                        "Plan Width": 4,
                        "Actual Startup Time": 0.022,
                        "Actual Total Time": 187.037,
                        "Actual Rows": 610767,
                        "Actual Loops": 2,
                        "Filter": "((production_year < 2011) AND (kind_id = 7))",
                        "Rows Removed by Filter": 653389
                      }
                    ]
                  }
                ]
              }
            ]
          }
        ]
      }
    ]
  },
  "Planning Time": 0.76,
  "Triggers": [],
  "Execution Time": 3266.45
}