[
  {
    "Plan": {
      "Node Type": "Aggregate",
      "Strategy": "Plain",
      "Partial Mode": "Simple",
      "Parallel Aware": false,
      "Startup Cost": 20591.39,
      "Total Cost": 20591.4,
      "Plan Rows": 1,
      "Plan Width": 8,
      "Actual Startup Time": 10.996,
      "Actual Total Time": 10.997,
      "Actual Rows": 1,
      "Actual Loops": 1,
      "Plans": [
        {
          "Node Type": "Bitmap Heap Scan",
          "Parent Relationship": "Outer",
          "Parallel Aware": false,
          "Relation Name": "movie_companies",
          "Alias": "mc",
          "Startup Cost": 704.38,
          "Total Cost": 20549.85,
          "Plan Rows": 16613,
          "Plan Width": 0,
          "Actual Startup Time": 1.779,
          "Actual Total Time": 9.32,
          "Actual Rows": 31912,
          "Actual Loops": 1,
          "Recheck Cond": "(company_id > 206117)",
          "Rows Removed by Index Recheck": 0,
          "Filter": "(company_type_id > 1)",
          "Rows Removed by Filter": 0,
          "Exact Heap Blocks": 1287,
          "Lossy Heap Blocks": 0,
          "Plans": [
            {
              "Node Type": "Bitmap Index Scan",
              "Parent Relationship": "Outer",
              "Parallel Aware": false,
              "Index Name": "company_id_movie_companies",
              "Startup Cost": 0.0,
              "Total Cost": 700.22,
              "Plan Rows": 32506,
              "Plan Width": 0,
              "Actual Startup Time": 1.613,
              "Actual Total Time": 1.613,
              "Actual Rows": 31912,
              "Actual Loops": 1,
              "Index Cond": "(company_id > 206117)"
            }
          ]
        }
      ]
    },
    "Planning Time": 0.154,
    "Triggers": [],
    "Execution Time": 11.023
  }
]