[
  {
    "Plan": {
      "Node Type": "Aggregate",
      "Strategy": "Plain",
      "Partial Mode": "Finalize",
      "Parallel Aware": false,
      "Startup Cost": 347047.69,
      "Total Cost": 347047.7,
      "Plan Rows": 1,
      "Plan Width": 8,
      "Actual Startup Time": 622.192,
      "Actual Total Time": 643.167,
      "Actual Rows": 1,
      "Actual Loops": 1,
      "Plans": [
        {
          "Node Type": "Gather",
          "Parent Relationship": "Outer",
          "Parallel Aware": false,
          "Startup Cost": 347047.06,
          "Total Cost": 347047.67,
          "Plan Rows": 6,
          "Plan Width": 8,
          "Actual Startup Time": 622.109,
          "Actual Total Time": 643.161,
          "Actual Rows": 7,
          "Actual Loops": 1,
          "Workers Planned": 6,
          "Workers Launched": 6,
          "Single Copy": false,
          "Plans": [
            {
              "Node Type": "Aggregate",
              "Strategy": "Plain",
              "Partial Mode": "Partial",
              "Parent Relationship": "Outer",
              "Parallel Aware": false,
              "Startup Cost": 346047.06,
              "Total Cost": 346047.07,
              "Plan Rows": 1,
              "Plan Width": 8,
              "Actual Startup Time": 615.83,
              "Actual Total Time": 615.831,
              "Actual Rows": 1,
              "Actual Loops": 7,
              "Plans": [
                {
                  "Node Type": "Seq Scan",
                  "Parent Relationship": "Outer",
                  "Parallel Aware": true,
                  "Relation Name": "cast_info",
                  "Alias": "ci",
                  "Startup Cost": 0.0,
                  "Total Cost": 343318.94,
                  "Plan Rows": 1091249,
                  "Plan Width": 0,
                  "Actual Startup Time": 290.57,
                  "Actual Total Time": 555.865,
                  "Actual Rows": 1449025,
                  "Actual Loops": 7,
                  "Filter": "((person_id > 2701672) AND (role_id > 1))",
                  "Rows Removed by Filter": 3728739
                }
              ]
            }
          ]
        }
      ]
    },
    "Planning Time": 0.102,
    "Triggers": [],
    "Execution Time": 643.197
  }
]