[
  {
    "Plan": {
      "Node Type": "Aggregate",
      "Strategy": "Plain",
      "Partial Mode": "Simple",
      "Parallel Aware": false,
      "Startup Cost": 20885.68,
      "Total Cost": 20885.69,
      "Plan Rows": 1,
      "Plan Width": 8,
      "Actual Startup Time": 12.573,
      "Actual Total Time": 12.574,
      "Actual Rows": 1,
      "Actual Loops": 1,
      "Plans": [
        {
          "Node Type": "Bitmap Heap Scan",
          "Parent Relationship": "Outer",
          "Parallel Aware": false,
          "Relation Name": "movie_keyword",
          "Alias": "mk",
          "Startup Cost": 257.93,
          "Total Cost": 20855.52,
          "Plan Rows": 12064,
          "Plan Width": 0,
          "Actual Startup Time": 2.618,
          "Actual Total Time": 11.747,
          "Actual Rows": 8567,
          "Actual Loops": 1,
          "Recheck Cond": "(keyword_id = 3636)",
          "Rows Removed by Index Recheck": 0,
          "Exact Heap Blocks": 3828,
          "Lossy Heap Blocks": 0,
          "Plans": [
            {
              "Node Type": "Bitmap Index Scan",
              "Parent Relationship": "Outer",
              "Parallel Aware": false,
              "Index Name": "keyword_id_movie_keyword",
              "Startup Cost": 0.0,
              "Total Cost": 254.91,
              "Plan Rows": 12064,
              "Plan Width": 0,
              "Actual Startup Time": 1.632,
              "Actual Total Time": 1.633,
              "Actual Rows": 8567,
              "Actual Loops": 1,
              "Index Cond": "(keyword_id = 3636)"
            }
          ]
        }
      ]
    },
    "Planning Time": 0.112,
    "Triggers": [],
    "Execution Time": 12.615
  }
]