[
  {
    "Plan": {
      "Node Type": "Aggregate",
      "Strategy": "Plain",
      "Partial Mode": "Simple",
      "Parallel Aware": false,
      "Startup Cost": 9863.38,
      "Total Cost": 9863.39,
      "Plan Rows": 1,
      "Plan Width": 8,
      "Actual Startup Time": 5.328,
      "Actual Total Time": 5.329,
      "Actual Rows": 1,
      "Actual Loops": 1,
      "Plans": [
        {
          "Node Type": "Index Scan",
          "Parent Relationship": "Outer",
          "Parallel Aware": false,
          "Scan Direction": "Forward",
          "Index Name": "company_id_movie_companies",
          "Relation Name": "movie_companies",
          "Alias": "mc",
          "Startup Cost": 0.43,
          "Total Cost": 9858.24,
          "Plan Rows": 2055,
          "Plan Width": 0,
          "Actual Startup Time": 0.115,
          "Actual Total Time": 5.139,
          "Actual Rows": 1840,
          "Actual Loops": 1,
          "Index Cond": "(company_id = 11244)",
          "Rows Removed by Index Recheck": 0,
          "Filter": "(company_type_id < 2)",
          "Rows Removed by Filter": 1956
        }
      ]
    },
    "Planning Time": 0.191,
    "Triggers": [],
    "Execution Time": 5.392
  }
]