[
  {
    "Plan": {
      "Node Type": "Aggregate",
      "Strategy": "Plain",
      "Partial Mode": "Finalize",
      "Parallel Aware": false,
      "Startup Cost": 352657.93,
      "Total Cost": 352657.94,
      "Plan Rows": 1,
      "Plan Width": 8,
      "Actual Startup Time": 808.818,
      "Actual Total Time": 872.208,
      "Actual Rows": 1,
      "Actual Loops": 1,
      "Plans": [
        {
          "Node Type": "Gather",
          "Parent Relationship": "Outer",
          "Parallel Aware": false,
          "Startup Cost": 352657.3,
          "Total Cost": 352657.91,
          "Plan Rows": 6,
          "Plan Width": 8,
          "Actual Startup Time": 808.635,
          "Actual Total Time": 872.196,
          "Actual Rows": 7,
          "Actual Loops": 1,
          "Workers Planned": 6,
          "Workers Launched": 6,
          "Single Copy": false,
          "Plans": [
            {
              "Node Type": "Aggregate",
              "Strategy": "Plain",
              "Partial Mode": "Partial",
              "Parent Relationship": "Outer",
              "Parallel Aware": false,
              "Startup Cost": 351657.3,
              "Total Cost": 351657.31,
              "Plan Rows": 1,
              "Plan Width": 8,
              "Actual Startup Time": 801.607,
              "Actual Total Time": 801.608,
              "Actual Rows": 1,
              "Actual Loops": 7,
              "Plans": [
                {
                  "Node Type": "Seq Scan",
                  "Parent Relationship": "Outer",
                  "Parallel Aware": true,
                  "Relation Name": "cast_info",
                  "Alias": "ci",
                  "Startup Cost": 0.0,
                  "Total Cost": 343316.27,
                  "Plan Rows": 3336413,
                  "Plan Width": 0,
                  "Actual Startup Time": 215.711,
                  "Actual Total Time": 676.305,
                  "Actual Rows": 2598697,
                  "Actual Loops": 7,
                  "Filter": "((person_id < 3119928) AND (role_id > 1))",
                  "Rows Removed by Filter": 2579067
                }
              ]
            }
          ]
        }
      ]
    },
    "Planning Time": 0.101,
    "Triggers": [],
    "Execution Time": 872.253
  }
]