[
  {
    "Plan": {
      "Node Type": "Aggregate",
      "Strategy": "Plain",
      "Partial Mode": "Finalize",
      "Parallel Aware": false,
      "Startup Cost": 352808.18,
      "Total Cost": 352808.2,
      "Plan Rows": 1,
      "Plan Width": 8,
      "Actual Startup Time": 913.583,
      "Actual Total Time": 975.866,
      "Actual Rows": 1,
      "Actual Loops": 1,
      "Plans": [
        {
          "Node Type": "Gather",
          "Parent Relationship": "Outer",
          "Parallel Aware": false,
          "Startup Cost": 352807.56,
          "Total Cost": 352808.17,
          "Plan Rows": 6,
          "Plan Width": 8,
          "Actual Startup Time": 913.456,
          "Actual Total Time": 975.858,
          "Actual Rows": 7,
          "Actual Loops": 1,
          "Workers Planned": 6,
          "Workers Launched": 6,
          "Single Copy": false,
          "Plans": [
            {
              "Node Type": "Aggregate",
              "Strategy": "Plain",
              "Partial Mode": "Partial",
              "Parent Relationship": "Outer",
              "Parallel Aware": false,
              "Startup Cost": 351807.56,
              "Total Cost": 351807.57,
              "Plan Rows": 1,
              "Plan Width": 8,
              "Actual Startup Time": 904.132,
              "Actual Total Time": 904.134,
              "Actual Rows": 1,
              "Actual Loops": 7,
              "Plans": [
                {
                  "Node Type": "Seq Scan",
                  "Parent Relationship": "Outer",
                  "Parallel Aware": true,
                  "Relation Name": "cast_info",
                  "Alias": "ci",
                  "Startup Cost": 0.0,
                  "Total Cost": 343257.03,
                  "Plan Rows": 3420212,
                  "Plan Width": 0,
                  "Actual Startup Time": 235.844,
                  "Actual Total Time": 755.79,
                  "Actual Rows": 3166296,
                  "Actual Loops": 7,
                  "Filter": "((person_id > 492809) AND (role_id > 1))",
                  "Rows Removed by Filter": 2011467
                }
              ]
            }
          ]
        }
      ]
    },
    "Planning Time": 0.181,
    "Triggers": [],
    "Execution Time": 975.931
  }
]