[
  {
    "Plan": {
      "Node Type": "Aggregate",
      "Strategy": "Plain",
      "Partial Mode": "Finalize",
      "Parallel Aware": false,
      "Startup Cost": 331785.74,
      "Total Cost": 331785.75,
      "Plan Rows": 1,
      "Plan Width": 8,
      "Actual Startup Time": 448.283,
      "Actual Total Time": 462.914,
      "Actual Rows": 1,
      "Actual Loops": 1,
      "Plans": [
        {
          "Node Type": "Gather",
          "Parent Relationship": "Outer",
          "Parallel Aware": false,
          "Startup Cost": 331785.32,
          "Total Cost": 331785.73,
          "Plan Rows": 4,
          "Plan Width": 8,
          "Actual Startup Time": 441.774,
          "Actual Total Time": 462.906,
          "Actual Rows": 5,
          "Actual Loops": 1,
          "Workers Planned": 4,
          "Workers Launched": 4,
          "Single Copy": false,
          "Plans": [
            {
              "Node Type": "Aggregate",
              "Strategy": "Plain",
              "Partial Mode": "Partial",
              "Parent Relationship": "Outer",
              "Parallel Aware": false,
              "Startup Cost": 330785.32,
              "Total Cost": 330785.33,
              "Plan Rows": 1,
              "Plan Width": 8,
              "Actual Startup Time": 434.054,
              "Actual Total Time": 434.058,
              "Actual Rows": 1,
              "Actual Loops": 5,
              "Plans": [
                {
                  "Node Type": "Hash Join",
                  "Parent Relationship": "Outer",
                  "Parallel Aware": true,
                  "Join Type": "Inner",
                  "Startup Cost": 281384.16,
                  "Total Cost": 330328.3,
                  "Plan Rows": 182807,
                  "Plan Width": 0,
                  "Actual Startup Time": 186.621,
                  "Actual Total Time": 425.837,
                  "Actual Rows": 179404,
                  "Actual Loops": 5,
                  "Inner Unique": false,
                  "Hash Cond": "(t.id = ci.movie_id)",
                  "Plans": [
                    {
                      "Node Type": "Seq Scan",
                      "Parent Relationship": "Outer",
                      "Parallel Aware": true,
                      "Relation Name": "title",
                      "Alias": "t",
                      "Startup Cost": 0.0,
                      "Total Cost": 42318.73,
                      "Plan Rows": 632073,
                      "Plan Width": 4,
                      "Actual Startup Time": 0.014,
                      "Actual Total Time": 67.81,
                      "Actual Rows": 505662,
                      "Actual Loops": 5
                    },
                    {
                      "Node Type": "Hash",
                      "Parent Relationship": "Inner",
                      "Parallel Aware": true,
                      "Startup Cost": 279860.77,
                      "Total Cost": 279860.77,
                      "Plan Rows": 121871,
                      "Plan Width": 4,
                      "Actual Startup Time": 183.603,
                      "Actual Total Time": 183.604,
                      "Actual Rows": 179404,
                      "Actual Loops": 5,
                      "Hash Buckets": 1048576,
                      "Original Hash Buckets": 1048576,
                      "Hash Batches": 1,
                      "Original Hash Batches": 1,
                      "Peak Memory Usage": 43392,
                      "Plans": [
                        {
                          "Node Type": "Bitmap Heap Scan",
                          "Parent Relationship": "Outer",
                          "Parallel Aware": true,
                          "Relation Name": "cast_info",
                          "Alias": "ci",
                          "Startup Cost": 24401.17,
                          "Total Cost": 279860.77,
                          "Plan Rows": 121871,
                          "Plan Width": 4,
                          "Actual Startup Time": 54.247,
                          "Actual Total Time": 110.151,
                          "Actual Rows": 179404,
                          "Actual Loops": 5,
                          "Recheck Cond": "(person_id < 114312)",
                          "Rows Removed by Index Recheck": 0,
                          "Filter": "(role_id < 4)",
                          "Rows Removed by Filter": 44304,
                          "Exact Heap Blocks": 3608,
                          "Lossy Heap Blocks": 0,
                          "Plans": [
                            {
                              "Node Type": "Bitmap Index Scan",
                              "Parent Relationship": "Outer",
                              "Parallel Aware": false,
                              "Index Name": "person_id_cast_info",
                              "Startup Cost": 0.0,
                              "Total Cost": 24218.36,
                              "Plan Rows": 1109040,
                              "Plan Width": 0,
                              "Actual Startup Time": 52.234,
                              "Actual Total Time": 52.235,
                              "Actual Rows": 1118538,
                              "Actual Loops": 1,
                              "Index Cond": "(person_id < 114312)"
                            }
                          ]
                        }
                      ]
                    }
                  ]
                }
              ]
            }
          ]
        }
      ]
    },
    "Planning Time": 0.28,
    "Triggers": [],
    "Execution Time": 462.962
  }
]