[
  {
    "Plan": {
      "Node Type": "Aggregate",
      "Strategy": "Plain",
      "Partial Mode": "Finalize",
      "Parallel Aware": false,
      "Startup Cost": 243811.96,
      "Total Cost": 243811.97,
      "Plan Rows": 1,
      "Plan Width": 8,
      "Actual Startup Time": 387.328,
      "Actual Total Time": 412.054,
      "Actual Rows": 1,
      "Actual Loops": 1,
      "Plans": [
        {
          "Node Type": "Gather",
          "Parent Relationship": "Outer",
          "Parallel Aware": false,
          "Startup Cost": 243811.64,
          "Total Cost": 243811.95,
          "Plan Rows": 3,
          "Plan Width": 8,
          "Actual Startup Time": 386.6,
          "Actual Total Time": 412.044,
          "Actual Rows": 4,
          "Actual Loops": 1,
          "Workers Planned": 3,
          "Workers Launched": 3,
          "Single Copy": false,
          "Plans": [
            {
              "Node Type": "Aggregate",
              "Strategy": "Plain",
              "Partial Mode": "Partial",
              "Parent Relationship": "Outer",
              "Parallel Aware": false,
              "Startup Cost": 242811.64,
              "Total Cost": 242811.65,
              "Plan Rows": 1,
              "Plan Width": 8,
              "Actual Startup Time": 377.227,
              "Actual Total Time": 377.234,
              "Actual Rows": 1,
              "Actual Loops": 4,
              "Plans": [
                {
                  "Node Type": "Nested Loop",
                  "Parent Relationship": "Outer",
                  "Parallel Aware": false,
                  "Join Type": "Inner",
                  "Startup Cost": 46181.41,
                  "Total Cost": 242131.98,
                  "Plan Rows": 271865,
                  "Plan Width": 0,
                  "Actual Startup Time": 114.603,
                  "Actual Total Time": 373.321,
                  "Actual Rows": 74132,
                  "Actual Loops": 4,
                  "Inner Unique": false,
                  "Join Filter": "(t.id = mi.movie_id)",
                  "Rows Removed by Join Filter": 0,
                  "Plans": [
                    {
                      "Node Type": "Hash Join",
                      "Parent Relationship": "Outer",
                      "Parallel Aware": true,
                      "Join Type": "Inner",
                      "Startup Cost": 46180.97,
                      "Total Cost": 91224.32,
                      "Plan Rows": 79450,
                      "Plan Width": 8,
                      "Actual Startup Time": 114.484,
                      "Actual Total Time": 283.387,
                      "Actual Rows": 11796,
                      "Actual Loops": 4,
                      "Inner Unique": true,
                      "Hash Cond": "(mk.movie_id = t.id)",
                      "Plans": [
                        {
                          "Node Type": "Seq Scan",
                          "Parent Relationship": "Outer",
                          "Parallel Aware": true,
                          "Relation Name": "movie_keyword",
                          "Alias": "mk",
                          "Startup Cost": 0.0,
                          "Total Cost": 42695.65,
                          "Plan Rows": 894361,
                          "Plan Width": 4,
                          "Actual Startup Time": 0.193,
                          "Actual Total Time": 112.861,
                          "Actual Rows": 690547,
                          "Actual Loops": 4,
                          "Filter": "(keyword_id > 2862)",
                          "Rows Removed by Filter": 440436
                        },
                        {
                          "Node Type": "Hash",
                          "Parent Relationship": "Inner",
                          "Parallel Aware": true,
                          "Startup Cost": 45479.1,
                          "Total Cost": 45479.1,
                          "Plan Rows": 56150,
                          "Plan Width": 4,
                          "Actual Startup Time": 111.451,
                          "Actual Total Time": 111.452,
                          "Actual Rows": 32389,
                          "Actual Loops": 4,
                          "Hash Buckets": 262144,
                          "Original Hash Buckets": 262144,
                          "Hash Batches": 1,
                          "Original Hash Batches": 1,
                          "Peak Memory Usage": 7200,
                          "Plans": [
                            {
                              "Node Type": "Seq Scan",
                              "Parent Relationship": "Outer",
                              "Parallel Aware": true,
                              "Relation Name": "title",
                              "Alias": "t",
                              "Startup Cost": 0.0,
                              "Total Cost": 45479.1,
                              "Plan Rows": 56150,
                              "Plan Width": 4,
                              "Actual Startup Time": 0.042,
                              "Actual Total Time": 98.061,
                              "Actual Rows": 32389,
                              "Actual Loops": 4,
                              "Filter": "((production_year < 1971) AND (kind_id = 7))",
                              "Rows Removed by Filter": 599689
                            }
                          ]
                        }
                      ]
                    },
                    {
                      "Node Type": "Index Scan",
                      "Parent Relationship": "Inner",
                      "Parallel Aware": false,
                      "Scan Direction": "Forward",
                      "Index Name": "movie_id_movie_info",
                      "Relation Name": "movie_info",
                      "Alias": "mi",
                      "Startup Cost": 0.43,
                      "Total Cost": 1.59,
                      "Plan Rows": 25,
                      "Plan Width": 4,
                      "Actual Startup Time": 0.003,
                      "Actual Total Time": 0.007,
                      "Actual Rows": 6,
                      "Actual Loops": 47183,
                      "Index Cond": "(movie_id = mk.movie_id)",
                      "Rows Removed by Index Recheck": 0,
                      "Filter": "(info_type_id < 12)",
                      "Rows Removed by Filter": 7
                    }
                  ]
                }
              ]
            }
          ]
        }
      ]
    },
    "Planning Time": 1.435,
    "Triggers": [],
    "Execution Time": 412.147
  }
]