{
  "Plan": {
    "Node Type": "Aggregate",
    "Strategy": "Plain",
    "Partial Mode": "Finalize",
    "Parallel Aware": false,
    "Startup Cost": 102532.79,
    "Total Cost": 102532.8,
    "Plan Rows": 1,
    "Plan Width": 8,
    "Actual Startup Time": 440.213,
    "Actual Total Time": 451.051,
    "Actual Rows": 1,
    "Actual Loops": 1,
    "Plans": [
      {
        "Node Type": "Gather",
        "Parent Relationship": "Outer",
        "Parallel Aware": false,
        "Startup Cost": 102532.68,
        "Total Cost": 102532.79,
        "Plan Rows": 1,
        "Plan Width": 8,
        "Actual Startup Time": 438.439,
        "Actual Total Time": 451.042,
        "Actual Rows": 2,
        "Actual Loops": 1,
        "Workers Planned": 1,
        "Workers Launched": 1,
        "Single Copy": false,
        "Plans": [
          {
            "Node Type": "Aggregate",
            "Strategy": "Plain",
            "Partial Mode": "Partial",
            "Parent Relationship": "Outer",
            "Parallel Aware": false,
            "Startup Cost": 101532.68,
            "Total Cost": 101532.69,
            "Plan Rows": 1,
            "Plan Width": 8,
            "Actual Startup Time": 432.636,
            "Actual Total Time": 432.639,
            "Actual Rows": 1,
            "Actual Loops": 2,
            "Plans": [
              {
                "Node Type": "Hash Join",
                "Parent Relationship": "Outer",
                "Parallel Aware": true,
                "Join Type": "Inner",
                "Startup Cost": 57805.23,
                "Total Cost": 101166.75,
                "Plan Rows": 146372,
                "Plan Width": 0,
                "Actual Startup Time": 251.931,
                "Actual Total Time": 422.904,
                "Actual Rows": 195862,
                "Actual Loops": 2,
                "Inner Unique": true,
                "Hash Cond": "(mc.movie_id = t.id)",
                "Plans": [
                  {
                    "Node Type": "Index Scan",
                    "Parent Relationship": "Outer",
                    "Parallel Aware": true,
                    "Scan Direction": "Forward",
                    "Index Name": "company_type_id_movie_companies",
                    "Relation Name": "movie_companies",
                    "Alias": "mc",
                    "Startup Cost": 0.43,
                    "Total Cost": 41574.35,
                    "Plan Rows": 680986,
                    "Plan Width": 4,
                    "Actual Startup Time": 0.155,
                    "Actual Total Time": 131.254,
                    "Actual Rows": 637123,
                    "Actual Loops": 2,
                    "Index Cond": "(company_type_id = 1)",
                    "Rows Removed by Index Recheck": 0,
                    "Filter": "(company_id < 100231)",
                    "Rows Removed by Filter": 0
                  },
                  {
                    "Node Type": "Hash",
                    "Parent Relationship": "Inner",
                    "Parallel Aware": true,
                    "Startup Cost": 53808.97,
                    "Total Cost": 53808.97,
                    "Plan Rows": 319667,
                    "Plan Width": 4,
                    "Actual Startup Time": 168.336,
                    "Actual Total Time": 168.337,
                    "Actual Rows": 210332,
                    "Actual Loops": 2,
                    "Hash Buckets": 1048576,
                    "Original Hash Buckets": 1048576,
                    "Hash Batches": 1,
                    "Original Hash Batches": 1,
                    "Peak Memory Usage": 24672,
                    "Plans": [
                      {
                        "Node Type": "Bitmap Heap Scan",
                        "Parent Relationship": "Outer",
                        "Parallel Aware": true,
                        "Relation Name": "title",
                        "Alias": "t",
                        "Startup Cost": 11958.71,
                        "Total Cost": 53808.97,
                        "Plan Rows": 319667,
                        "Plan Width": 4,
                        "Actual Startup Time": 30.764,
                        "Actual Total Time": 107.025,
                        "Actual Rows": 210332,
                        "Actual Loops": 2,
                        "Recheck Cond": "(kind_id = 1)",
                        "Rows Removed by Index Recheck": 0,
                        "Filter": "(production_year > 1971)",
                        "Rows Removed by Filter": 121080,
                        "Exact Heap Blocks": 8781,
                        "Lossy Heap Blocks": 0,
                        "Plans": [
                          {
                            "Node Type": "Bitmap Index Scan",
                            "Parent Relationship": "Outer",
                            "Parallel Aware": false,
                            "Index Name": "kind_id_title",
                            "Startup Cost": 0.0,
                            "Total Cost": 11822.85,
                            "Plan Rows": 663256,
                            "Plan Width": 0,
                            "Actual Startup Time": 28.908,
                            "Actual Total Time": 28.908,
                            "Actual Rows": 662825,
                            "Actual Loops": 1,
                            "Index Cond": "(kind_id = 1)"
                          }
                        ]
                      }
                    ]
                  }
                ]
              }
            ]
          }
        ]
      }
    ]
  },
  "Planning Time": 0.733,
  "Triggers": [],
  "Execution Time": 451.146
}