[
  {
    "Plan": {
      "Node Type": "Aggregate",
      "Strategy": "Plain",
      "Partial Mode": "Finalize",
      "Parallel Aware": false,
      "Startup Cost": 348802.54,
      "Total Cost": 348802.55,
      "Plan Rows": 1,
      "Plan Width": 8,
      "Actual Startup Time": 326.776,
      "Actual Total Time": 373.955,
      "Actual Rows": 1,
      "Actual Loops": 1,
      "Plans": [
        {
          "Node Type": "Gather",
          "Parent Relationship": "Outer",
          "Parallel Aware": false,
          "Startup Cost": 348802.12,
          "Total Cost": 348802.53,
          "Plan Rows": 4,
          "Plan Width": 8,
          "Actual Startup Time": 326.541,
          "Actual Total Time": 373.945,
          "Actual Rows": 5,
          "Actual Loops": 1,
          "Workers Planned": 4,
          "Workers Launched": 4,
          "Single Copy": false,
          "Plans": [
            {
              "Node Type": "Aggregate",
              "Strategy": "Plain",
              "Partial Mode": "Partial",
              "Parent Relationship": "Outer",
              "Parallel Aware": false,
              "Startup Cost": 347802.12,
              "Total Cost": 347802.13,
              "Plan Rows": 1,
              "Plan Width": 8,
              "Actual Startup Time": 316.914,
              "Actual Total Time": 316.916,
              "Actual Rows": 1,
              "Actual Loops": 5,
              "Plans": [
                {
                  "Node Type": "Nested Loop",
                  "Parent Relationship": "Outer",
                  "Parallel Aware": false,
                  "Join Type": "Inner",
                  "Startup Cost": 0.56,
                  "Total Cost": 347639.82,
                  "Plan Rows": 64919,
                  "Plan Width": 0,
                  "Actual Startup Time": 0.574,
                  "Actual Total Time": 313.591,
                  "Actual Rows": 45359,
                  "Actual Loops": 5,
                  "Inner Unique": false,
                  "Plans": [
                    {
                      "Node Type": "Seq Scan",
                      "Parent Relationship": "Outer",
                      "Parallel Aware": true,
                      "Relation Name": "title",
                      "Alias": "t",
                      "Startup Cost": 0.0,
                      "Total Cost": 45479.1,
                      "Plan Rows": 10015,
                      "Plan Width": 4,
                      "Actual Startup Time": 0.044,
                      "Actual Total Time": 62.766,
                      "Actual Rows": 8024,
                      "Actual Loops": 5,
                      "Filter": "((kind_id = 7) AND (production_year = 2013))",
                      "Rows Removed by Filter": 497638
                    },
                    {
                      "Node Type": "Index Scan",
                      "Parent Relationship": "Inner",
                      "Parallel Aware": false,
                      "Scan Direction": "Forward",
                      "Index Name": "movie_id_cast_info",
                      "Relation Name": "cast_info",
                      "Alias": "ci",
                      "Startup Cost": 0.56,
                      "Total Cost": 30.0,
                      "Plan Rows": 17,
                      "Plan Width": 4,
                      "Actual Startup Time": 0.02,
                      "Actual Total Time": 0.03,
                      "Actual Rows": 6,
                      "Actual Loops": 40120,
                      "Index Cond": "(movie_id = t.id)",
                      "Rows Removed by Index Recheck": 0,
                      "Filter": "(role_id > 2)",
                      "Rows Removed by Filter": 7
                    }
                  ]
                }
              ]
            }
          ]
        }
      ]
    },
    "Planning Time": 0.641,
    "Triggers": [],
    "Execution Time": 374.043
  }
]