[
  {
    "Plan": {
      "Node Type": "Aggregate",
      "Strategy": "Plain",
      "Partial Mode": "Finalize",
      "Parallel Aware": false,
      "Startup Cost": 406727.54,
      "Total Cost": 406727.55,
      "Plan Rows": 1,
      "Plan Width": 8,
      "Actual Startup Time": 2351.698,
      "Actual Total Time": 2403.313,
      "Actual Rows": 1,
      "Actual Loops": 1,
      "Plans": [
        {
          "Node Type": "Gather",
          "Parent Relationship": "Outer",
          "Parallel Aware": false,
          "Startup Cost": 406726.92,
          "Total Cost": 406727.53,
          "Plan Rows": 6,
          "Plan Width": 8,
          "Actual Startup Time": 2328.802,
          "Actual Total Time": 2403.298,
          "Actual Rows": 7,
          "Actual Loops": 1,
          "Workers Planned": 6,
          "Workers Launched": 6,
          "Single Copy": false,
          "Plans": [
            {
              "Node Type": "Aggregate",
              "Strategy": "Plain",
              "Partial Mode": "Partial",
              "Parent Relationship": "Outer",
              "Parallel Aware": false,
              "Startup Cost": 405726.92,
              "Total Cost": 405726.93,
              "Plan Rows": 1,
              "Plan Width": 8,
              "Actual Startup Time": 2313.114,
              "Actual Total Time": 2313.118,
              "Actual Rows": 1,
              "Actual Loops": 7,
              "Plans": [
                {
                  "Node Type": "Hash Join",
                  "Parent Relationship": "Outer",
                  "Parallel Aware": true,
                  "Join Type": "Inner",
                  "Startup Cost": 50220.38,
                  "Total Cost": 399780.45,
                  "Plan Rows": 2378586,
                  "Plan Width": 0,
                  "Actual Startup Time": 701.017,
                  "Actual Total Time": 2192.82,
                  "Actual Rows": 2138587,
                  "Actual Loops": 7,
                  "Inner Unique": true,
                  "Hash Cond": "(ci.movie_id = t.id)",
                  "Plans": [
                    {
                      "Node Type": "Seq Scan",
                      "Parent Relationship": "Outer",
                      "Parallel Aware": true,
                      "Relation Name": "cast_info",
                      "Alias": "ci",
                      "Startup Cost": 0.0,
                      "Total Cost": 343316.27,
                      "Plan Rows": 2378586,
                      "Plan Width": 4,
                      "Actual Startup Time": 411.101,
                      "Actual Total Time": 829.092,
                      "Actual Rows": 2138587,
                      "Actual Loops": 7,
                      "Filter": "((person_id > 398451) AND (role_id > 2))",
                      "Rows Removed by Filter": 3039176
                    },
                    {
                      "Node Type": "Hash",
                      "Parent Relationship": "Inner",
                      "Parallel Aware": true,
                      "Startup Cost": 42319.06,
                      "Total Cost": 42319.06,
                      "Plan Rows": 632106,
                      "Plan Width": 4,
                      "Actual Startup Time": 284.634,
                      "Actual Total Time": 284.635,
                      "Actual Rows": 361187,
                      "Actual Loops": 7,
                      "Hash Buckets": 4194304,
                      "Original Hash Buckets": 4194304,
                      "Hash Batches": 1,
                      "Original Hash Batches": 1,
                      "Peak Memory Usage": 131776,
                      "Plans": [
                        {
                          "Node Type": "Seq Scan",
                          "Parent Relationship": "Outer",
                          "Parallel Aware": true,
                          "Relation Name": "title",
                          "Alias": "t",
                          "Startup Cost": 0.0,
                          "Total Cost": 42319.06,
                          "Plan Rows": 632106,
                          "Plan Width": 4,
                          "Actual Startup Time": 0.057,
                          "Actual Total Time": 89.042,
                          "Actual Rows": 361187,
                          "Actual Loops": 7
                        }
                      ]
                    }
                  ]
                }
              ]
            }
          ]
        }
      ]
    },
    "Planning Time": 0.469,
    "Triggers": [],
    "Execution Time": 2403.358
  }
]