{
  "Plan": {
    "Node Type": "Aggregate",
    "Strategy": "Plain",
    "Partial Mode": "Finalize",
    "Parallel Aware": false,
    "Startup Cost": 107939.32,
    "Total Cost": 107939.33,
    "Plan Rows": 1,
    "Plan Width": 8,
    "Actual Startup Time": 437.756,
    "Actual Total Time": 449.768,
    "Actual Rows": 1,
    "Actual Loops": 1,
    "Plans": [
      {
        "Node Type": "Gather",
        "Parent Relationship": "Outer",
        "Parallel Aware": false,
        "Startup Cost": 107939.21,
        "Total Cost": 107939.32,
        "Plan Rows": 1,
        "Plan Width": 8,
        "Actual Startup Time": 437.206,
        "Actual Total Time": 449.762,
        "Actual Rows": 2,
        "Actual Loops": 1,
        "Workers Planned": 1,
        "Workers Launched": 1,
        "Single Copy": false,
        "Plans": [
          {
            "Node Type": "Aggregate",
            "Strategy": "Plain",
            "Partial Mode": "Partial",
            "Parent Relationship": "Outer",
            "Parallel Aware": false,
            "Startup Cost": 106939.21,
            "Total Cost": 106939.22,
            "Plan Rows": 1,
            "Plan Width": 8,
            "Actual Startup Time": 434.074,
            "Actual Total Time": 434.078,
            "Actual Rows": 1,
            "Actual Loops": 2,
            "Plans": [
              {
                "Node Type": "Hash Join",
                "Parent Relationship": "Outer",
                "Parallel Aware": true,
                "Join Type": "Inner",
                "Startup Cost": 44781.93,
                "Total Cost": 106345.17,
                "Plan Rows": 237616,
                "Plan Width": 0,
                "Actual Startup Time": 147.417,
                "Actual Total Time": 429.178,
                "Actual Rows": 115224,
                "Actual Loops": 2,
                "Inner Unique": false,
                "Hash Cond": "(t.id = mc.movie_id)",
                "Plans": [
                  {
                    "Node Type": "Seq Scan",
                    "Parent Relationship": "Outer",
                    "Parallel Aware": true,
                    "Relation Name": "title",
                    "Alias": "t",
                    "Startup Cost": 0.0,
                    "Total Cost": 50870.31,
                    "Plan Rows": 1487231,
                    "Plan Width": 4,
                    "Actual Startup Time": 0.008,
                    "Actual Total Time": 108.89,
                    "Actual Rows": 1264156,
                    "Actual Loops": 2
                  },
                  {
                    "Node Type": "Hash",
                    "Parent Relationship": "Inner",
                    "Parallel Aware": true,
                    "Startup Cost": 41811.73,
                    "Total Cost": 41811.73,
                    "Plan Rows": 237616,
                    "Plan Width": 4,
                    "Actual Startup Time": 143.253,
                    "Actual Total Time": 143.254,
                    "Actual Rows": 115224,
                    "Actual Loops": 2,
                    "Hash Buckets": 524288,
                    "Original Hash Buckets": 524288,
                    "Hash Batches": 1,
                    "Original Hash Batches": 1,
                    "Peak Memory Usage": 13152,
                    "Plans": [
                      {
                        "Node Type": "Seq Scan",
                        "Parent Relationship": "Outer",
                        "Parallel Aware": true,
                        "Relation Name": "movie_companies",
                        "Alias": "mc",
                        "Startup Cost": 0.0,
                        "Total Cost": 41811.73,
                        "Plan Rows": 237616,
                        "Plan Width": 4,
                        "Actual Startup Time": 63.587,
                        "Actual Total Time": 116.153,
                        "Actual Rows": 115224,
                        "Actual Loops": 2,
                        "Filter": "((company_id < 1709) AND (company_type_id > 1))",
                        "Rows Removed by Filter": 1189340
                      }
                    ]
                  }
                ]
              }
            ]
          }
        ]
      }
    ]
  },
  "Planning Time": 0.425,
  "Triggers": [],
  "Execution Time": 449.815
}