[
  {
    "Plan": {
      "Node Type": "Aggregate",
      "Strategy": "Plain",
      "Partial Mode": "Finalize",
      "Parallel Aware": false,
      "Startup Cost": 86552.12,
      "Total Cost": 86552.13,
      "Plan Rows": 1,
      "Plan Width": 8,
      "Actual Startup Time": 102.278,
      "Actual Total Time": 119.633,
      "Actual Rows": 1,
      "Actual Loops": 1,
      "Plans": [
        {
          "Node Type": "Gather",
          "Parent Relationship": "Outer",
          "Parallel Aware": false,
          "Startup Cost": 86551.7,
          "Total Cost": 86552.11,
          "Plan Rows": 4,
          "Plan Width": 8,
          "Actual Startup Time": 101.999,
          "Actual Total Time": 119.621,
          "Actual Rows": 5,
          "Actual Loops": 1,
          "Workers Planned": 4,
          "Workers Launched": 4,
          "Single Copy": false,
          "Plans": [
            {
              "Node Type": "Aggregate",
              "Strategy": "Plain",
              "Partial Mode": "Partial",
              "Parent Relationship": "Outer",
              "Parallel Aware": false,
              "Startup Cost": 85551.7,
              "Total Cost": 85551.71,
              "Plan Rows": 1,
              "Plan Width": 8,
              "Actual Startup Time": 96.426,
              "Actual Total Time": 96.429,
              "Actual Rows": 1,
              "Actual Loops": 5,
              "Plans": [
                {
                  "Node Type": "Nested Loop",
                  "Parent Relationship": "Outer",
                  "Parallel Aware": false,
                  "Join Type": "Inner",
                  "Startup Cost": 0.43,
                  "Total Cost": 85550.05,
                  "Plan Rows": 661,
                  "Plan Width": 0,
                  "Actual Startup Time": 49.257,
                  "Actual Total Time": 96.239,
                  "Actual Rows": 2348,
                  "Actual Loops": 5,
                  "Inner Unique": false,
                  "Plans": [
                    {
                      "Node Type": "Seq Scan",
                      "Parent Relationship": "Outer",
                      "Parallel Aware": true,
                      "Relation Name": "title",
                      "Alias": "t",
                      "Startup Cost": 0.0,
                      "Total Cost": 45479.59,
                      "Plan Rows": 271,
                      "Plan Width": 4,
                      "Actual Startup Time": 49.101,
                      "Actual Total Time": 72.314,
                      "Actual Rows": 493,
                      "Actual Loops": 5,
                      "Filter": "((kind_id < 7) AND (production_year = 1935))",
                      "Rows Removed by Filter": 505169
                    },
                    {
                      "Node Type": "Index Scan",
                      "Parent Relationship": "Inner",
                      "Parallel Aware": false,
                      "Scan Direction": "Forward",
                      "Index Name": "movie_id_movie_info",
                      "Relation Name": "movie_info",
                      "Alias": "mi",
                      "Startup Cost": 0.43,
                      "Total Cost": 147.69,
                      "Plan Rows": 17,
                      "Plan Width": 4,
                      "Actual Startup Time": 0.026,
                      "Actual Total Time": 0.048,
                      "Actual Rows": 5,
                      "Actual Loops": 2466,
                      "Index Cond": "(movie_id = t.id)",
                      "Rows Removed by Index Recheck": 0,
                      "Filter": "(info_type_id > 8)",
                      "Rows Removed by Filter": 10
                    }
                  ]
                }
              ]
            }
          ]
        }
      ]
    },
    "Planning Time": 0.276,
    "Triggers": [],
    "Execution Time": 119.669
  }
]