{
  "Plan": {
    "Node Type": "Aggregate",
    "Strategy": "Plain",
    "Partial Mode": "Finalize",
    "Parallel Aware": false,
    "Startup Cost": 85463.32,
    "Total Cost": 85463.33,
    "Plan Rows": 1,
    "Plan Width": 8,
    "Actual Startup Time": 79.204,
    "Actual Total Time": 87.119,
    "Actual Rows": 1,
    "Actual Loops": 1,
    "Plans": [
      {
        "Node Type": "Gather",
        "Parent Relationship": "Outer",
        "Parallel Aware": false,
        "Startup Cost": 85463.21,
        "Total Cost": 85463.32,
        "Plan Rows": 1,
        "Plan Width": 8,
        "Actual Startup Time": 78.966,
        "Actual Total Time": 87.112,
        "Actual Rows": 2,
        "Actual Loops": 1,
        "Workers Planned": 1,
        "Workers Launched": 1,
        "Single Copy": false,
        "Plans": [
          {
            "Node Type": "Aggregate",
            "Strategy": "Plain",
            "Partial Mode": "Partial",
            "Parent Relationship": "Outer",
            "Parallel Aware": false,
            "Startup Cost": 84463.21,
            "Total Cost": 84463.22,
            "Plan Rows": 1,
            "Plan Width": 8,
            "Actual Startup Time": 72.885,
            "Actual Total Time": 72.887,
            "Actual Rows": 1,
            "Actual Loops": 2,
            "Plans": [
              {
                "Node Type": "Nested Loop",
                "Parent Relationship": "Outer",
                "Parallel Aware": false,
                "Join Type": "Inner",
                "Startup Cost": 1617.09,
                "Total Cost": 84462.55,
                "Plan Rows": 262,
                "Plan Width": 0,
                "Actual Startup Time": 28.02,
                "Actual Total Time": 72.838,
                "Actual Rows": 439,
                "Actual Loops": 2,
                "Inner Unique": false,
                "Plans": [
                  {
                    "Node Type": "Bitmap Heap Scan",
                    "Parent Relationship": "Outer",
                    "Parallel Aware": true,
                    "Relation Name": "title",
                    "Alias": "t",
                    "Startup Cost": 1616.66,
                    "Total Cost": 38414.79,
                    "Plan Rows": 286,
                    "Plan Width": 4,
                    "Actual Startup Time": 23.291,
                    "Actual Total Time": 63.785,
                    "Actual Rows": 360,
                    "Actual Loops": 2,
                    "Recheck Cond": "(kind_id = 2)",
                    "Rows Removed by Index Recheck": 0,
                    "Filter": "(production_year = 1978)",
                    "Rows Removed by Filter": 45066,
                    "Exact Heap Blocks": 20711,
                    "Lossy Heap Blocks": 0,
                    "Plans": [
                      {
                        "Node Type": "Bitmap Index Scan",
                        "Parent Relationship": "Outer",
                        "Parallel Aware": false,
                        "Index Name": "kind_id_title",
                        "Startup Cost": 0.0,
                        "Total Cost": 1616.54,
                        "Plan Rows": 90681,
                        "Plan Width": 0,
                        "Actual Startup Time": 20.393,
                        "Actual Total Time": 20.393,
                        "Actual Rows": 90852,
                        "Actual Loops": 1,
                        "Index Cond": "(kind_id = 2)"
                      }
                    ]
                  },
                  {
                    "Node Type": "Index Scan",
                    "Parent Relationship": "Inner",
                    "Parallel Aware": false,
                    "Scan Direction": "Forward",
                    "Index Name": "movie_id_movie_info",
                    "Relation Name": "movie_info",
                    "Alias": "mi",
                    "Startup Cost": 0.43,
                    "Total Cost": 160.94,
                    "Plan Rows": 7,
                    "Plan Width": 4,
                    "Actual Startup Time": 0.019,
                    "Actual Total Time": 0.024,
                    "Actual Rows": 1,
                    "Actual Loops": 721,
                    "Index Cond": "(movie_id = t.id)",
                    "Rows Removed by Index Recheck": 0,
                    "Filter": "(info_type_id > 16)",
                    "Rows Removed by Filter": 7
                  }
                ]
              }
            ]
          }
        ]
      }
    ]
  },
  "Planning Time": 0.493,
  "Triggers": [],
  "Execution Time": 87.21
}