[
  {
    "Plan": {
      "Node Type": "Aggregate",
      "Strategy": "Plain",
      "Partial Mode": "Finalize",
      "Parallel Aware": false,
      "Startup Cost": 376099.79,
      "Total Cost": 376099.8,
      "Plan Rows": 1,
      "Plan Width": 8,
      "Actual Startup Time": 894.857,
      "Actual Total Time": 917.077,
      "Actual Rows": 1,
      "Actual Loops": 1,
      "Plans": [
        {
          "Node Type": "Gather",
          "Parent Relationship": "Outer",
          "Parallel Aware": false,
          "Startup Cost": 376099.47,
          "Total Cost": 376099.78,
          "Plan Rows": 3,
          "Plan Width": 8,
          "Actual Startup Time": 890.018,
          "Actual Total Time": 917.066,
          "Actual Rows": 4,
          "Actual Loops": 1,
          "Workers Planned": 3,
          "Workers Launched": 3,
          "Single Copy": false,
          "Plans": [
            {
              "Node Type": "Aggregate",
              "Strategy": "Plain",
              "Partial Mode": "Partial",
              "Parent Relationship": "Outer",
              "Parallel Aware": false,
              "Startup Cost": 375099.47,
              "Total Cost": 375099.48,
              "Plan Rows": 1,
              "Plan Width": 8,
              "Actual Startup Time": 886.053,
              "Actual Total Time": 886.3,
              "Actual Rows": 1,
              "Actual Loops": 4,
              "Plans": [
                {
                  "Node Type": "Hash Join",
                  "Parent Relationship": "Outer",
                  "Parallel Aware": true,
                  "Join Type": "Inner",
                  "Startup Cost": 329700.94,
                  "Total Cost": 374572.25,
                  "Plan Rows": 210890,
                  "Plan Width": 0,
                  "Actual Startup Time": 383.572,
                  "Actual Total Time": 768.282,
                  "Actual Rows": 2957181,
                  "Actual Loops": 4,
                  "Inner Unique": false,
                  "Hash Cond": "(mk.movie_id = t.id)",
                  "Plans": [
                    {
                      "Node Type": "Seq Scan",
                      "Parent Relationship": "Outer",
                      "Parallel Aware": true,
                      "Relation Name": "movie_keyword",
                      "Alias": "mk",
                      "Startup Cost": 0.0,
                      "Total Cost": 39047.32,
                      "Plan Rows": 1459332,
                      "Plan Width": 4,
                      "Actual Startup Time": 0.02,
                      "Actual Total Time": 83.617,
                      "Actual Rows": 1130982,
                      "Actual Loops": 4
                    },
                    {
                      "Node Type": "Hash",
                      "Parent Relationship": "Inner",
                      "Parallel Aware": true,
                      "Startup Cost": 328939.72,
                      "Total Cost": 328939.72,
                      "Plan Rows": 60898,
                      "Plan Width": 8,
                      "Actual Startup Time": 381.287,
                      "Actual Total Time": 381.533,
                      "Actual Rows": 90980,
                      "Actual Loops": 4,
                      "Hash Buckets": 524288,
                      "Original Hash Buckets": 524288,
                      "Hash Batches": 1,
                      "Original Hash Batches": 1,
                      "Peak Memory Usage": 18400,
                      "Plans": [
                        {
                          "Node Type": "Hash Join",
                          "Parent Relationship": "Outer",
                          "Parallel Aware": true,
                          "Join Type": "Inner",
                          "Startup Cost": 73356.68,
                          "Total Cost": 328939.72,
                          "Plan Rows": 60898,
                          "Plan Width": 8,
                          "Actual Startup Time": 207.333,
                          "Actual Total Time": 348.504,
                          "Actual Rows": 90980,
                          "Actual Loops": 4,
                          "Inner Unique": true,
                          "Hash Cond": "(ci.movie_id = t.id)",
                          "Plans": [
                            {
                              "Node Type": "Bitmap Heap Scan",
                              "Parent Relationship": "Outer",
                              "Parallel Aware": true,
                              "Relation Name": "cast_info",
                              "Alias": "ci",
                              "Startup Cost": 25364.09,
                              "Total Cost": 280444.51,
                              "Plan Rows": 191474,
                              "Plan Width": 4,
                              "Actual Startup Time": 35.968,
                              "Actual Total Time": 91.526,
                              "Actual Rows": 272550,
                              "Actual Loops": 4,
                              "Recheck Cond": "(person_id > 3850274)",
                              "Rows Removed by Index Recheck": 0,
                              "Exact Heap Blocks": 4646,
                              "Lossy Heap Blocks": 0,
                              "Plans": [
                                {
                                  "Node Type": "Bitmap Index Scan",
                                  "Parent Relationship": "Outer",
                                  "Parallel Aware": false,
                                  "Index Name": "person_id_cast_info",
                                  "Startup Cost": 0.0,
                                  "Total Cost": 25076.88,
                                  "Plan Rows": 1148842,
                                  "Plan Width": 0,
                                  "Actual Startup Time": 33.557,
                                  "Actual Total Time": 33.557,
                                  "Actual Rows": 1090200,
                                  "Actual Loops": 1,
                                  "Index Cond": "(person_id > 3850274)"
                                }
                              ]
                            },
                            {
                              "Node Type": "Hash",
                              "Parent Relationship": "Inner",
                              "Parallel Aware": true,
                              "Startup Cost": 45479.59,
                              "Total Cost": 45479.59,
                              "Plan Rows": 201040,
                              "Plan Width": 4,
                              "Actual Startup Time": 168.484,
                              "Actual Total Time": 168.487,
                              "Actual Rows": 178435,
                              "Actual Loops": 4,
                              "Hash Buckets": 1048576,
                              "Original Hash Buckets": 1048576,
                              "Hash Batches": 1,
                              "Original Hash Batches": 1,
                              "Peak Memory Usage": 36160,
                              "Plans": [
                                {
                                  "Node Type": "Seq Scan",
                                  "Parent Relationship": "Outer",
                                  "Parallel Aware": true,
                                  "Relation Name": "title",
                                  "Alias": "t",
                                  "Startup Cost": 0.0,
                                  "Total Cost": 45479.59,
                                  "Plan Rows": 201040,
                                  "Plan Width": 4,
                                  "Actual Startup Time": 0.027,
                                  "Actual Total Time": 100.878,
                                  "Actual Rows": 178435,
                                  "Actual Loops": 4,
                                  "Filter": "((kind_id < 7) AND (production_year > 1972))",
                                  "Rows Removed by Filter": 453643
                                }
                              ]
                            }
                          ]
                        }
                      ]
                    }
                  ]
                }
              ]
            }
          ]
        }
      ]
    },
    "Planning Time": 0.7,
    "Triggers": [],
    "Execution Time": 917.146
  }
]