[
  {
    "Plan": {
      "Node Type": "Aggregate",
      "Strategy": "Plain",
      "Partial Mode": "Finalize",
      "Parallel Aware": false,
      "Startup Cost": 129374.13,
      "Total Cost": 129374.14,
      "Plan Rows": 1,
      "Plan Width": 8,
      "Actual Startup Time": 875.575,
      "Actual Total Time": 905.937,
      "Actual Rows": 1,
      "Actual Loops": 1,
      "Plans": [
        {
          "Node Type": "Gather",
          "Parent Relationship": "Outer",
          "Parallel Aware": false,
          "Startup Cost": 129373.81,
          "Total Cost": 129374.12,
          "Plan Rows": 3,
          "Plan Width": 8,
          "Actual Startup Time": 854.959,
          "Actual Total Time": 905.925,
          "Actual Rows": 4,
          "Actual Loops": 1,
          "Workers Planned": 3,
          "Workers Launched": 3,
          "Single Copy": false,
          "Plans": [
            {
              "Node Type": "Aggregate",
              "Strategy": "Plain",
              "Partial Mode": "Partial",
              "Parent Relationship": "Outer",
              "Parallel Aware": false,
              "Startup Cost": 128373.81,
              "Total Cost": 128373.82,
              "Plan Rows": 1,
              "Plan Width": 8,
              "Actual Startup Time": 845.921,
              "Actual Total Time": 846.593,
              "Actual Rows": 1,
              "Actual Loops": 4,
              "Plans": [
                {
                  "Node Type": "Hash Join",
                  "Parent Relationship": "Outer",
                  "Parallel Aware": true,
                  "Join Type": "Inner",
                  "Startup Cost": 83481.1,
                  "Total Cost": 128000.27,
                  "Plan Rows": 149417,
                  "Plan Width": 0,
                  "Actual Startup Time": 669.962,
                  "Actual Total Time": 835.731,
                  "Actual Rows": 249749,
                  "Actual Loops": 4,
                  "Inner Unique": false,
                  "Hash Cond": "(mk.movie_id = t.id)",
                  "Plans": [
                    {
                      "Node Type": "Seq Scan",
                      "Parent Relationship": "Outer",
                      "Parallel Aware": true,
                      "Relation Name": "movie_keyword",
                      "Alias": "mk",
                      "Startup Cost": 0.0,
                      "Total Cost": 42695.65,
                      "Plan Rows": 386660,
                      "Plan Width": 4,
                      "Actual Startup Time": 1.408,
                      "Actual Total Time": 100.123,
                      "Actual Rows": 300490,
                      "Actual Loops": 4,
                      "Filter": "(keyword_id > 15276)",
                      "Rows Removed by Filter": 830493
                    },
                    {
                      "Node Type": "Hash",
                      "Parent Relationship": "Inner",
                      "Parallel Aware": true,
                      "Startup Cost": 80427.95,
                      "Total Cost": 80427.95,
                      "Plan Rows": 244252,
                      "Plan Width": 8,
                      "Actual Startup Time": 663.738,
                      "Actual Total Time": 664.408,
                      "Actual Rows": 263956,
                      "Actual Loops": 4,
                      "Hash Buckets": 2097152,
                      "Original Hash Buckets": 1048576,
                      "Hash Batches": 1,
                      "Original Hash Batches": 1,
                      "Peak Memory Usage": 65952,
                      "Plans": [
                        {
                          "Node Type": "Hash Join",
                          "Parent Relationship": "Outer",
                          "Parallel Aware": true,
                          "Join Type": "Inner",
                          "Startup Cost": 50220.21,
                          "Total Cost": 80427.95,
                          "Plan Rows": 244252,
                          "Plan Width": 8,
                          "Actual Startup Time": 335.497,
                          "Actual Total Time": 536.12,
                          "Actual Rows": 263956,
                          "Actual Loops": 4,
                          "Inner Unique": true,
                          "Hash Cond": "(ci.movie_id = t.id)",
                          "Plans": [
                            {
                              "Node Type": "Index Scan",
                              "Parent Relationship": "Outer",
                              "Parallel Aware": true,
                              "Scan Direction": "Forward",
                              "Index Name": "role_id_cast_info",
                              "Relation Name": "cast_info",
                              "Alias": "ci",
                              "Startup Cost": 0.56,
                              "Total Cost": 29567.14,
                              "Plan Rows": 244252,
                              "Plan Width": 4,
                              "Actual Startup Time": 0.058,
                              "Actual Total Time": 57.891,
                              "Actual Rows": 263956,
                              "Actual Loops": 4,
                              "Index Cond": "(role_id = 9)",
                              "Rows Removed by Index Recheck": 0,
                              "Filter": "(person_id > 276620)",
                              "Rows Removed by Filter": 9433
                            },
                            {
                              "Node Type": "Hash",
                              "Parent Relationship": "Inner",
                              "Parallel Aware": true,
                              "Startup Cost": 42318.73,
                              "Total Cost": 42318.73,
                              "Plan Rows": 632073,
                              "Plan Width": 4,
                              "Actual Startup Time": 327.71,
                              "Actual Total Time": 327.711,
                              "Actual Rows": 632078,
                              "Actual Loops": 4,
                              "Hash Buckets": 4194304,
                              "Original Hash Buckets": 4194304,
                              "Hash Batches": 1,
                              "Original Hash Batches": 1,
                              "Peak Memory Usage": 131744,
                              "Plans": [
                                {
                                  "Node Type": "Seq Scan",
                                  "Parent Relationship": "Outer",
                                  "Parallel Aware": true,
                                  "Relation Name": "title",
                                  "Alias": "t",
                                  "Startup Cost": 0.0,
                                  "Total Cost": 42318.73,
                                  "Plan Rows": 632073,
                                  "Plan Width": 4,
                                  "Actual Startup Time": 0.041,
                                  "Actual Total Time": 95.782,
                                  "Actual Rows": 632078,
                                  "Actual Loops": 4
                                }
                              ]
                            }
                          ]
                        }
                      ]
                    }
                  ]
                }
              ]
            }
          ]
        }
      ]
    },
    "Planning Time": 1.326,
    "Triggers": [],
    "Execution Time": 906.034
  }
]