[
  {
    "Plan": {
      "Node Type": "Aggregate",
      "Strategy": "Plain",
      "Partial Mode": "Finalize",
      "Parallel Aware": false,
      "Startup Cost": 70110.56,
      "Total Cost": 70110.57,
      "Plan Rows": 1,
      "Plan Width": 8,
      "Actual Startup Time": 79.463,
      "Actual Total Time": 86.44,
      "Actual Rows": 1,
      "Actual Loops": 1,
      "Plans": [
        {
          "Node Type": "Gather",
          "Parent Relationship": "Outer",
          "Parallel Aware": false,
          "Startup Cost": 70110.25,
          "Total Cost": 70110.56,
          "Plan Rows": 3,
          "Plan Width": 8,
          "Actual Startup Time": 79.044,
          "Actual Total Time": 86.429,
          "Actual Rows": 4,
          "Actual Loops": 1,
          "Workers Planned": 3,
          "Workers Launched": 3,
          "Single Copy": false,
          "Plans": [
            {
              "Node Type": "Aggregate",
              "Strategy": "Plain",
              "Partial Mode": "Partial",
              "Parent Relationship": "Outer",
              "Parallel Aware": false,
              "Startup Cost": 69110.25,
              "Total Cost": 69110.26,
              "Plan Rows": 1,
              "Plan Width": 8,
              "Actual Startup Time": 73.711,
              "Actual Total Time": 73.712,
              "Actual Rows": 1,
              "Actual Loops": 4,
              "Plans": [
                {
                  "Node Type": "Nested Loop",
                  "Parent Relationship": "Outer",
                  "Parallel Aware": false,
                  "Join Type": "Inner",
                  "Startup Cost": 1554.32,
                  "Total Cost": 69082.18,
                  "Plan Rows": 11227,
                  "Plan Width": 0,
                  "Actual Startup Time": 1.795,
                  "Actual Total Time": 72.034,
                  "Actual Rows": 17552,
                  "Actual Loops": 4,
                  "Inner Unique": true,
                  "Plans": [
                    {
                      "Node Type": "Bitmap Heap Scan",
                      "Parent Relationship": "Outer",
                      "Parallel Aware": true,
                      "Relation Name": "movie_companies",
                      "Alias": "mc",
                      "Startup Cost": 1553.89,
                      "Total Cost": 20692.44,
                      "Plan Rows": 11875,
                      "Plan Width": 4,
                      "Actual Startup Time": 1.674,
                      "Actual Total Time": 9.414,
                      "Actual Rows": 17838,
                      "Actual Loops": 4,
                      "Recheck Cond": "(company_id > 175795)",
                      "Rows Removed by Index Recheck": 0,
                      "Filter": "(company_type_id > 1)",
                      "Rows Removed by Filter": 0,
                      "Exact Heap Blocks": 735,
                      "Lossy Heap Blocks": 0,
                      "Plans": [
                        {
                          "Node Type": "Bitmap Index Scan",
                          "Parent Relationship": "Outer",
                          "Parallel Aware": false,
                          "Index Name": "company_id_movie_companies",
                          "Startup Cost": 0.0,
                          "Total Cost": 1544.69,
                          "Plan Rows": 72034,
                          "Plan Width": 0,
                          "Actual Startup Time": 4.43,
                          "Actual Total Time": 4.431,
                          "Actual Rows": 71353,
                          "Actual Loops": 1,
                          "Index Cond": "(company_id > 175795)"
                        }
                      ]
                    },
                    {
                      "Node Type": "Index Scan",
                      "Parent Relationship": "Inner",
                      "Parallel Aware": false,
                      "Scan Direction": "Forward",
                      "Index Name": "title_pkey",
                      "Relation Name": "title",
                      "Alias": "t",
                      "Startup Cost": 0.43,
                      "Total Cost": 4.07,
                      "Plan Rows": 1,
                      "Plan Width": 4,
                      "Actual Startup Time": 0.003,
                      "Actual Total Time": 0.003,
                      "Actual Rows": 1,
                      "Actual Loops": 71353,
                      "Index Cond": "(id = mc.movie_id)",
                      "Rows Removed by Index Recheck": 0,
                      "Filter": "(production_year > 1915)",
                      "Rows Removed by Filter": 0
                    }
                  ]
                }
              ]
            }
          ]
        }
      ]
    },
    "Planning Time": 0.342,
    "Triggers": [],
    "Execution Time": 86.497
  }
]