[
  {
    "Plan": {
      "Node Type": "Aggregate",
      "Strategy": "Plain",
      "Partial Mode": "Finalize",
      "Parallel Aware": false,
      "Startup Cost": 69067.85,
      "Total Cost": 69067.86,
      "Plan Rows": 1,
      "Plan Width": 8,
      "Actual Startup Time": 197.249,
      "Actual Total Time": 212.431,
      "Actual Rows": 1,
      "Actual Loops": 1,
      "Plans": [
        {
          "Node Type": "Gather",
          "Parent Relationship": "Outer",
          "Parallel Aware": false,
          "Startup Cost": 69067.43,
          "Total Cost": 69067.84,
          "Plan Rows": 4,
          "Plan Width": 8,
          "Actual Startup Time": 196.668,
          "Actual Total Time": 212.423,
          "Actual Rows": 5,
          "Actual Loops": 1,
          "Workers Planned": 4,
          "Workers Launched": 4,
          "Single Copy": false,
          "Plans": [
            {
              "Node Type": "Aggregate",
              "Strategy": "Plain",
              "Partial Mode": "Partial",
              "Parent Relationship": "Outer",
              "Parallel Aware": false,
              "Startup Cost": 68067.43,
              "Total Cost": 68067.44,
              "Plan Rows": 1,
              "Plan Width": 8,
              "Actual Startup Time": 186.88,
              "Actual Total Time": 186.883,
              "Actual Rows": 1,
              "Actual Loops": 5,
              "Plans": [
                {
                  "Node Type": "Hash Join",
                  "Parent Relationship": "Outer",
                  "Parallel Aware": true,
                  "Join Type": "Inner",
                  "Startup Cost": 22413.87,
                  "Total Cost": 67991.25,
                  "Plan Rows": 30470,
                  "Plan Width": 0,
                  "Actual Startup Time": 140.444,
                  "Actual Total Time": 185.815,
                  "Actual Rows": 23459,
                  "Actual Loops": 5,
                  "Inner Unique": false,
                  "Hash Cond": "(t.id = mc.movie_id)",
                  "Plans": [
                    {
                      "Node Type": "Seq Scan",
                      "Parent Relationship": "Outer",
                      "Parallel Aware": true,
                      "Relation Name": "title",
                      "Alias": "t",
                      "Startup Cost": 0.0,
                      "Total Cost": 42318.73,
                      "Plan Rows": 632073,
                      "Plan Width": 4,
                      "Actual Startup Time": 0.017,
                      "Actual Total Time": 67.077,
                      "Actual Rows": 505662,
                      "Actual Loops": 5
                    },
                    {
                      "Node Type": "Hash",
                      "Parent Relationship": "Inner",
                      "Parallel Aware": true,
                      "Startup Cost": 21922.43,
                      "Total Cost": 21922.43,
                      "Plan Rows": 39315,
                      "Plan Width": 4,
                      "Actual Startup Time": 43.812,
                      "Actual Total Time": 43.814,
                      "Actual Rows": 23459,
                      "Actual Loops": 5,
                      "Hash Buckets": 131072,
                      "Original Hash Buckets": 131072,
                      "Hash Batches": 1,
                      "Original Hash Batches": 1,
                      "Peak Memory Usage": 5696,
                      "Plans": [
                        {
                          "Node Type": "Bitmap Heap Scan",
                          "Parent Relationship": "Outer",
                          "Parallel Aware": true,
                          "Relation Name": "movie_companies",
                          "Alias": "mc",
                          "Startup Cost": 2640.98,
                          "Total Cost": 21922.43,
                          "Plan Rows": 39315,
                          "Plan Width": 4,
                          "Actual Startup Time": 11.297,
                          "Actual Total Time": 31.76,
                          "Actual Rows": 23459,
                          "Actual Loops": 5,
                          "Recheck Cond": "(company_id > 147839)",
                          "Rows Removed by Index Recheck": 0,
                          "Exact Heap Blocks": 1622,
                          "Lossy Heap Blocks": 0,
                          "Plans": [
                            {
                              "Node Type": "Bitmap Index Scan",
                              "Parent Relationship": "Outer",
                              "Parallel Aware": false,
                              "Index Name": "company_id_movie_companies",
                              "Startup Cost": 0.0,
                              "Total Cost": 2610.51,
                              "Plan Rows": 121878,
                              "Plan Width": 0,
                              "Actual Startup Time": 14.426,
                              "Actual Total Time": 14.426,
                              "Actual Rows": 117297,
                              "Actual Loops": 1,
                              "Index Cond": "(company_id > 147839)"
                            }
                          ]
                        }
                      ]
                    }
                  ]
                }
              ]
            }
          ]
        }
      ]
    },
    "Planning Time": 0.573,
    "Triggers": [],
    "Execution Time": 212.517
  }
]