{
  "Plan": {
    "Node Type": "Aggregate",
    "Strategy": "Plain",
    "Partial Mode": "Finalize",
    "Parallel Aware": false,
    "Startup Cost": 113865.6,
    "Total Cost": 113865.61,
    "Plan Rows": 1,
    "Plan Width": 8,
    "Actual Startup Time": 605.422,
    "Actual Total Time": 619.623,
    "Actual Rows": 1,
    "Actual Loops": 1,
    "Plans": [
      {
        "Node Type": "Gather",
        "Parent Relationship": "Outer",
        "Parallel Aware": false,
        "Startup Cost": 113865.49,
        "Total Cost": 113865.6,
        "Plan Rows": 1,
        "Plan Width": 8,
        "Actual Startup Time": 604.622,
        "Actual Total Time": 619.615,
        "Actual Rows": 2,
        "Actual Loops": 1,
        "Workers Planned": 1,
        "Workers Launched": 1,
        "Single Copy": false,
        "Plans": [
          {
            "Node Type": "Aggregate",
            "Strategy": "Plain",
            "Partial Mode": "Partial",
            "Parent Relationship": "Outer",
            "Parallel Aware": false,
            "Startup Cost": 112865.49,
            "Total Cost": 112865.5,
            "Plan Rows": 1,
            "Plan Width": 8,
            "Actual Startup Time": 598.683,
            "Actual Total Time": 598.687,
            "Actual Rows": 1,
            "Actual Loops": 2,
            "Plans": [
              {
                "Node Type": "Hash Join",
                "Parent Relationship": "Outer",
                "Parallel Aware": true,
                "Join Type": "Inner",
                "Startup Cost": 46518.43,
                "Total Cost": 111976.53,
                "Plan Rows": 355586,
                "Plan Width": 0,
                "Actual Startup Time": 190.06,
                "Actual Total Time": 590.706,
                "Actual Rows": 197512,
                "Actual Loops": 2,
                "Inner Unique": false,
                "Hash Cond": "(t.id = mc.movie_id)",
                "Plans": [
                  {
                    "Node Type": "Seq Scan",
                    "Parent Relationship": "Outer",
                    "Parallel Aware": true,
                    "Relation Name": "title",
                    "Alias": "t",
                    "Startup Cost": 0.0,
                    "Total Cost": 54588.39,
                    "Plan Rows": 1404485,
                    "Plan Width": 4,
                    "Actual Startup Time": 0.016,
                    "Actual Total Time": 161.076,
                    "Actual Rows": 1194438,
                    "Actual Loops": 2,
                    "Filter": "(production_year < 2013)",
                    "Rows Removed by Filter": 69718
                  },
                  {
                    "Node Type": "Hash",
                    "Parent Relationship": "Inner",
                    "Parallel Aware": true,
                    "Startup Cost": 41811.73,
                    "Total Cost": 41811.73,
                    "Plan Rows": 376536,
                    "Plan Width": 4,
                    "Actual Startup Time": 181.31,
                    "Actual Total Time": 181.311,
                    "Actual Rows": 204421,
                    "Actual Loops": 2,
                    "Hash Buckets": 1048576,
                    "Original Hash Buckets": 1048576,
                    "Hash Batches": 1,
                    "Original Hash Batches": 1,
                    "Peak Memory Usage": 24224,
                    "Plans": [
                      {
                        "Node Type": "Seq Scan",
                        "Parent Relationship": "Outer",
                        "Parallel Aware": true,
                        "Relation Name": "movie_companies",
                        "Alias": "mc",
                        "Startup Cost": 0.0,
                        "Total Cost": 41811.73,
                        "Plan Rows": 376536,
                        "Plan Width": 4,
                        "Actual Startup Time": 68.37,
                        "Actual Total Time": 126.23,
                        "Actual Rows": 204421,
                        "Actual Loops": 2,
                        "Filter": "((company_id < 11152) AND (company_type_id > 1))",
                        "Rows Removed by Filter": 1100144
                      }
                    ]
                  }
                ]
              }
            ]
          }
        ]
      }
    ]
  },
  "Planning Time": 0.424,
  "Triggers": [],
  "Execution Time": 619.7
}