{
    "Plan": {
        "Node Type": "Aggregate",
        "Strategy": "Plain",
        "Partial Mode": "Finalize",
        "Parallel Aware": false,
        "Startup Cost": 326831.95,
        "Total Cost": 326831.96,
        "Plan Rows": 1,
        "Plan Width": 8,
        "Actual Startup Time": 4554.823,
        "Actual Total Time": 4656.485,
        "Actual Rows": 1,
        "Actual Loops": 1,
        "Output": [
            "count(*)"
        ],
        "Plans": [
            {
                "Node Type": "Gather",
                "Parent Relationship": "Outer",
                "Parallel Aware": false,
                "Startup Cost": 326831.43,
                "Total Cost": 326831.94,
                "Plan Rows": 5,
                "Plan Width": 8,
                "Actual Startup Time": 4551.414,
                "Actual Total Time": 4656.473,
                "Actual Rows": 6,
                "Actual Loops": 1,
                "Output": [
                    "(PARTIAL count(*))"
                ],
                "Workers Planned": 5,
                "Workers Launched": 5,
                "Single Copy": false,
                "Plans": [
                    {
                        "Node Type": "Aggregate",
                        "Strategy": "Plain",
                        "Partial Mode": "Partial",
                        "Parent Relationship": "Outer",
                        "Parallel Aware": false,
                        "Startup Cost": 325831.43,
                        "Total Cost": 325831.44,
                        "Plan Rows": 1,
                        "Plan Width": 8,
                        "Actual Startup Time": 4536.85,
                        "Actual Total Time": 4536.854,
                        "Actual Rows": 1,
                        "Actual Loops": 6,
                        "Output": [
                            "PARTIAL count(*)"
                        ],
                        "Workers": [
                            {
                                "Worker Number": 0,
                                "Actual Startup Time": 4534.03,
                                "Actual Total Time": 4534.035,
                                "Actual Rows": 1,
                                "Actual Loops": 1
                            },
                            {
                                "Worker Number": 1,
                                "Actual Startup Time": 4533.87,
                                "Actual Total Time": 4533.874,
                                "Actual Rows": 1,
                                "Actual Loops": 1
                            },
                            {
                                "Worker Number": 2,
                                "Actual Startup Time": 4534.507,
                                "Actual Total Time": 4534.511,
                                "Actual Rows": 1,
                                "Actual Loops": 1
                            },
                            {
                                "Worker Number": 3,
                                "Actual Startup Time": 4534.07,
                                "Actual Total Time": 4534.074,
                                "Actual Rows": 1,
                                "Actual Loops": 1
                            },
                            {
                                "Worker Number": 4,
                                "Actual Startup Time": 4534.126,
                                "Actual Total Time": 4534.13,
                                "Actual Rows": 1,
                                "Actual Loops": 1
                            }
                        ],
                        "Plans": [
                            {
                                "Node Type": "Nested Loop",
                                "Parent Relationship": "Outer",
                                "Parallel Aware": false,
                                "Join Type": "Inner",
                                "Startup Cost": 47407.22,
                                "Total Cost": 325142.53,
                                "Plan Rows": 275558,
                                "Plan Width": 0,
                                "Actual Startup Time": 324.234,
                                "Actual Total Time": 4262.43,
                                "Actual Rows": 6139798,
                                "Actual Loops": 6,
                                "Inner Unique": false,
                                "Workers": [
                                    {
                                        "Worker Number": 0,
                                        "Actual Startup Time": 320.711,
                                        "Actual Total Time": 4224.228,
                                        "Actual Rows": 4964662,
                                        "Actual Loops": 1
                                    },
                                    {
                                        "Worker Number": 1,
                                        "Actual Startup Time": 320.55,
                                        "Actual Total Time": 4279.664,
                                        "Actual Rows": 6493034,
                                        "Actual Loops": 1
                                    },
                                    {
                                        "Worker Number": 2,
                                        "Actual Startup Time": 323.182,
                                        "Actual Total Time": 4251.238,
                                        "Actual Rows": 5488106,
                                        "Actual Loops": 1
                                    },
                                    {
                                        "Worker Number": 3,
                                        "Actual Startup Time": 320.733,
                                        "Actual Total Time": 4269.312,
                                        "Actual Rows": 6513502,
                                        "Actual Loops": 1
                                    },
                                    {
                                        "Worker Number": 4,
                                        "Actual Startup Time": 323.13,
                                        "Actual Total Time": 4262.867,
                                        "Actual Rows": 6582762,
                                        "Actual Loops": 1
                                    }
                                ],
                                "Plans": [
                                    {
                                        "Node Type": "Hash Join",
                                        "Parent Relationship": "Outer",
                                        "Parallel Aware": true,
                                        "Join Type": "Inner",
                                        "Startup Cost": 47406.66,
                                        "Total Cost": 246494.19,
                                        "Plan Rows": 19218,
                                        "Plan Width": 8,
                                        "Actual Startup Time": 324.134,
                                        "Actual Total Time": 474.257,
                                        "Actual Rows": 66260,
                                        "Actual Loops": 6,
                                        "Output": [
                                            "t.id",
                                            "mi.movie_id"
                                        ],
                                        "Inner Unique": true,
                                        "Hash Cond": "(mi.movie_id = t.id)",
                                        "Workers": [
                                            {
                                                "Worker Number": 0,
                                                "Actual Startup Time": 320.557,
                                                "Actual Total Time": 472.011,
                                                "Actual Rows": 52686,
                                                "Actual Loops": 1
                                            },
                                            {
                                                "Worker Number": 1,
                                                "Actual Startup Time": 320.438,
                                                "Actual Total Time": 468.833,
                                                "Actual Rows": 68966,
                                                "Actual Loops": 1
                                            },
                                            {
                                                "Worker Number": 2,
                                                "Actual Startup Time": 323.075,
                                                "Actual Total Time": 473.678,
                                                "Actual Rows": 60442,
                                                "Actual Loops": 1
                                            },
                                            {
                                                "Worker Number": 3,
                                                "Actual Startup Time": 320.62,
                                                "Actual Total Time": 471.652,
                                                "Actual Rows": 69372,
                                                "Actual Loops": 1
                                            },
                                            {
                                                "Worker Number": 4,
                                                "Actual Startup Time": 323.046,
                                                "Actual Total Time": 471.665,
                                                "Actual Rows": 68732,
                                                "Actual Loops": 1
                                            }
                                        ],
                                        "Plans": [
                                            {
                                                "Node Type": "Seq Scan",
                                                "Parent Relationship": "Outer",
                                                "Parallel Aware": true,
                                                "Relation Name": "movie_info",
                                                "Schema": "public",
                                                "Alias": "mi",
                                                "Startup Cost": 0.0,
                                                "Total Cost": 198880.74,
                                                "Plan Rows": 78778,
                                                "Plan Width": 4,
                                                "Actual Startup Time": 174.221,
                                                "Actual Total Time": 294.604,
                                                "Actual Rows": 71442,
                                                "Actual Loops": 6,
                                                "Output": [
                                                    "mi.id",
                                                    "mi.movie_id",
                                                    "mi.info_type_id",
                                                    "mi.info",
                                                    "mi.note"
                                                ],
                                                "Filter": "(mi.info_type_id > 104)",
                                                "Rows Removed by Filter": 2401178,
                                                "Workers": [
                                                    {
                                                        "Worker Number": 0,
                                                        "Actual Startup Time": 174.096,
                                                        "Actual Total Time": 295.568,
                                                        "Actual Rows": 57017,
                                                        "Actual Loops": 1
                                                    },
                                                    {
                                                        "Worker Number": 1,
                                                        "Actual Startup Time": 174.091,
                                                        "Actual Total Time": 293.606,
                                                        "Actual Rows": 74284,
                                                        "Actual Loops": 1
                                                    },
                                                    {
                                                        "Worker Number": 2,
                                                        "Actual Startup Time": 174.405,
                                                        "Actual Total Time": 295.474,
                                                        "Actual Rows": 65631,
                                                        "Actual Loops": 1
                                                    },
                                                    {
                                                        "Worker Number": 3,
                                                        "Actual Startup Time": 174.106,
                                                        "Actual Total Time": 294.197,
                                                        "Actual Rows": 74618,
                                                        "Actual Loops": 1
                                                    },
                                                    {
                                                        "Worker Number": 4,
                                                        "Actual Startup Time": 174.488,
                                                        "Actual Total Time": 294.398,
                                                        "Actual Rows": 73815,
                                                        "Actual Loops": 1
                                                    }
                                                ]
                                            },
                                            {
                                                "Node Type": "Hash",
                                                "Parent Relationship": "Inner",
                                                "Parallel Aware": true,
                                                "Startup Cost": 45479.21,
                                                "Total Cost": 45479.21,
                                                "Plan Rows": 154196,
                                                "Plan Width": 4,
                                                "Actual Startup Time": 145.116,
                                                "Actual Total Time": 145.117,
                                                "Actual Rows": 87203,
                                                "Actual Loops": 6,
                                                "Output": [
                                                    "t.id"
                                                ],
                                                "Hash Buckets": 1048576,
                                                "Original Hash Buckets": 1048576,
                                                "Hash Batches": 1,
                                                "Original Hash Batches": 1,
                                                "Peak Memory Usage": 28800,
                                                "Workers": [
                                                    {
                                                        "Worker Number": 0,
                                                        "Actual Startup Time": 146.051,
                                                        "Actual Total Time": 146.052,
                                                        "Actual Rows": 67635,
                                                        "Actual Loops": 1
                                                    },
                                                    {
                                                        "Worker Number": 1,
                                                        "Actual Startup Time": 145.912,
                                                        "Actual Total Time": 145.914,
                                                        "Actual Rows": 94986,
                                                        "Actual Loops": 1
                                                    },
                                                    {
                                                        "Worker Number": 2,
                                                        "Actual Startup Time": 146.088,
                                                        "Actual Total Time": 146.089,
                                                        "Actual Rows": 67209,
                                                        "Actual Loops": 1
                                                    },
                                                    {
                                                        "Worker Number": 3,
                                                        "Actual Startup Time": 146.116,
                                                        "Actual Total Time": 146.118,
                                                        "Actual Rows": 90992,
                                                        "Actual Loops": 1
                                                    },
                                                    {
                                                        "Worker Number": 4,
                                                        "Actual Startup Time": 146.135,
                                                        "Actual Total Time": 146.136,
                                                        "Actual Rows": 90992,
                                                        "Actual Loops": 1
                                                    }
                                                ],
                                                "Plans": [
                                                    {
                                                        "Node Type": "Seq Scan",
                                                        "Parent Relationship": "Outer",
                                                        "Parallel Aware": true,
                                                        "Relation Name": "title",
                                                        "Schema": "public",
                                                        "Alias": "t",
                                                        "Startup Cost": 0.0,
                                                        "Total Cost": 45479.21,
                                                        "Plan Rows": 154196,
                                                        "Plan Width": 4,
                                                        "Actual Startup Time": 45.741,
                                                        "Actual Total Time": 87.798,
                                                        "Actual Rows": 87203,
                                                        "Actual Loops": 6,
                                                        "Output": [
                                                            "t.id"
                                                        ],
                                                        "Filter": "((t.production_year > 1936) AND (t.kind_id = 1))",
                                                        "Rows Removed by Filter": 334182,
                                                        "Workers": [
                                                            {
                                                                "Worker Number": 0,
                                                                "Actual Startup Time": 53.684,
                                                                "Actual Total Time": 89.155,
                                                                "Actual Rows": 67635,
                                                                "Actual Loops": 1
                                                            },
                                                            {
                                                                "Worker Number": 1,
                                                                "Actual Startup Time": 53.43,
                                                                "Actual Total Time": 87.332,
                                                                "Actual Rows": 94986,
                                                                "Actual Loops": 1
                                                            },
                                                            {
                                                                "Worker Number": 2,
                                                                "Actual Startup Time": 53.676,
                                                                "Actual Total Time": 89.306,
                                                                "Actual Rows": 67209,
                                                                "Actual Loops": 1
                                                            },
                                                            {
                                                                "Worker Number": 3,
                                                                "Actual Startup Time": 53.394,
                                                                "Actual Total Time": 88.247,
                                                                "Actual Rows": 90992,
                                                                "Actual Loops": 1
                                                            },
                                                            {
                                                                "Worker Number": 4,
                                                                "Actual Startup Time": 53.577,
                                                                "Actual Total Time": 88.4,
                                                                "Actual Rows": 90992,
                                                                "Actual Loops": 1
                                                            }
                                                        ]
                                                    }
                                                ]
                                            }
                                        ]
                                    },
                                    {
                                        "Node Type": "Index Only Scan",
                                        "Parent Relationship": "Inner",
                                        "Parallel Aware": false,
                                        "Scan Direction": "Forward",
                                        "Index Name": "movie_id_cast_info",
                                        "Relation Name": "cast_info",
                                        "Schema": "public",
                                        "Alias": "ci",
                                        "Startup Cost": 0.56,
                                        "Total Cost": 3.71,
                                        "Plan Rows": 38,
                                        "Plan Width": 4,
                                        "Actual Startup Time": 0.006,
                                        "Actual Total Time": 0.05,
                                        "Actual Rows": 93,
                                        "Actual Loops": 397558,
                                        "Output": [
                                            "ci.movie_id"
                                        ],
                                        "Index Cond": "(ci.movie_id = t.id)",
                                        "Rows Removed by Index Recheck": 0,
                                        "Heap Fetches": 36838788,
                                        "Workers": [
                                            {
                                                "Worker Number": 0,
                                                "Actual Startup Time": 0.008,
                                                "Actual Total Time": 0.062,
                                                "Actual Rows": 94,
                                                "Actual Loops": 52686
                                            },
                                            {
                                                "Worker Number": 1,
                                                "Actual Startup Time": 0.006,
                                                "Actual Total Time": 0.048,
                                                "Actual Rows": 94,
                                                "Actual Loops": 68966
                                            },
                                            {
                                                "Worker Number": 2,
                                                "Actual Startup Time": 0.007,
                                                "Actual Total Time": 0.054,
                                                "Actual Rows": 91,
                                                "Actual Loops": 60442
                                            },
                                            {
                                                "Worker Number": 3,
                                                "Actual Startup Time": 0.006,
                                                "Actual Total Time": 0.048,
                                                "Actual Rows": 94,
                                                "Actual Loops": 69372
                                            },
                                            {
                                                "Worker Number": 4,
                                                "Actual Startup Time": 0.006,
                                                "Actual Total Time": 0.048,
                                                "Actual Rows": 96,
                                                "Actual Loops": 68732
                                            }
                                        ]
                                    }
                                ]
                            }
                        ]
                    }
                ]
            }
        ]
    },
    "Planning Time": 1.524,
    "Triggers": [],
    "Execution Time": 4656.596
}