[
  {
    "Plan": {
      "Node Type": "Aggregate",
      "Strategy": "Plain",
      "Partial Mode": "Finalize",
      "Parallel Aware": false,
      "Startup Cost": 328615.75,
      "Total Cost": 328615.76,
      "Plan Rows": 1,
      "Plan Width": 8,
      "Actual Startup Time": 2211.26,
      "Actual Total Time": 2323.62,
      "Actual Rows": 1,
      "Actual Loops": 1,
      "Plans": [
        {
          "Node Type": "Gather",
          "Parent Relationship": "Outer",
          "Parallel Aware": false,
          "Startup Cost": 328615.23,
          "Total Cost": 328615.74,
          "Plan Rows": 5,
          "Plan Width": 8,
          "Actual Startup Time": 2210.377,
          "Actual Total Time": 2323.611,
          "Actual Rows": 6,
          "Actual Loops": 1,
          "Workers Planned": 5,
          "Workers Launched": 5,
          "Single Copy": false,
          "Plans": [
            {
              "Node Type": "Aggregate",
              "Strategy": "Plain",
              "Partial Mode": "Partial",
              "Parent Relationship": "Outer",
              "Parallel Aware": false,
              "Startup Cost": 327615.23,
              "Total Cost": 327615.24,
              "Plan Rows": 1,
              "Plan Width": 8,
              "Actual Startup Time": 2199.487,
              "Actual Total Time": 2199.493,
              "Actual Rows": 1,
              "Actual Loops": 6,
              "Plans": [
                {
                  "Node Type": "Nested Loop",
                  "Parent Relationship": "Outer",
                  "Parallel Aware": false,
                  "Join Type": "Inner",
                  "Startup Cost": 45761.33,
                  "Total Cost": 327193.89,
                  "Plan Rows": 168535,
                  "Plan Width": 0,
                  "Actual Startup Time": 109.213,
                  "Actual Total Time": 2172.938,
                  "Actual Rows": 490202,
                  "Actual Loops": 6,
                  "Inner Unique": false,
                  "Join Filter": "(t.id = ci.movie_id)",
                  "Rows Removed by Join Filter": 0,
                  "Plans": [
                    {
                      "Node Type": "Hash Join",
                      "Parent Relationship": "Outer",
                      "Parallel Aware": true,
                      "Join Type": "Inner",
                      "Startup Cost": 45760.76,
                      "Total Cost": 248014.38,
                      "Plan Rows": 44836,
                      "Plan Width": 8,
                      "Actual Startup Time": 108.988,
                      "Actual Total Time": 551.157,
                      "Actual Rows": 38457,
                      "Actual Loops": 6,
                      "Inner Unique": true,
                      "Hash Cond": "(mi.movie_id = t.id)",
                      "Plans": [
                        {
                          "Node Type": "Seq Scan",
                          "Parent Relationship": "Outer",
                          "Parallel Aware": true,
                          "Relation Name": "movie_info",
                          "Alias": "mi",
                          "Startup Cost": 0.0,
                          "Total Cost": 198952.16,
                          "Plan Rows": 1257696,
                          "Plan Width": 4,
                          "Actual Startup Time": 18.21,
                          "Actual Total Time": 312.879,
                          "Actual Rows": 1037249,
                          "Actual Loops": 6,
                          "Filter": "(info_type_id > 8)",
                          "Rows Removed by Filter": 1435371
                        },
                        {
                          "Node Type": "Hash",
                          "Parent Relationship": "Inner",
                          "Parallel Aware": true,
                          "Startup Cost": 45479.1,
                          "Total Cost": 45479.1,
                          "Plan Rows": 22533,
                          "Plan Width": 4,
                          "Actual Startup Time": 89.076,
                          "Actual Total Time": 89.079,
                          "Actual Rows": 13498,
                          "Actual Loops": 6,
                          "Hash Buckets": 131072,
                          "Original Hash Buckets": 131072,
                          "Hash Batches": 1,
                          "Original Hash Batches": 1,
                          "Peak Memory Usage": 4320,
                          "Plans": [
                            {
                              "Node Type": "Seq Scan",
                              "Parent Relationship": "Outer",
                              "Parallel Aware": true,
                              "Relation Name": "title",
                              "Alias": "t",
                              "Startup Cost": 0.0,
                              "Total Cost": 45479.1,
                              "Plan Rows": 22533,
                              "Plan Width": 4,
                              "Actual Startup Time": 0.117,
                              "Actual Total Time": 82.715,
                              "Actual Rows": 13498,
                              "Actual Loops": 6,
                              "Filter": "((kind_id < 7) AND (production_year > 2011))",
                              "Rows Removed by Filter": 407887
                            }
                          ]
                        }
                      ]
                    },
                    {
                      "Node Type": "Index Scan",
                      "Parent Relationship": "Inner",
                      "Parallel Aware": false,
                      "Scan Direction": "Forward",
                      "Index Name": "movie_id_cast_info",
                      "Relation Name": "cast_info",
                      "Alias": "ci",
                      "Startup Cost": 0.56,
                      "Total Cost": 1.64,
                      "Plan Rows": 10,
                      "Plan Width": 4,
                      "Actual Startup Time": 0.007,
                      "Actual Total Time": 0.041,
                      "Actual Rows": 13,
                      "Actual Loops": 230742,
                      "Index Cond": "(movie_id = mi.movie_id)",
                      "Rows Removed by Index Recheck": 0,
                      "Filter": "((person_id < 1175996) AND (role_id < 8))",
                      "Rows Removed by Filter": 37
                    }
                  ]
                }
              ]
            }
          ]
        }
      ]
    },
    "Planning Time": 1.493,
    "Triggers": [],
    "Execution Time": 2323.732
  }
]