[
  {
    "Plan": {
      "Node Type": "Aggregate",
      "Strategy": "Plain",
      "Partial Mode": "Finalize",
      "Parallel Aware": false,
      "Startup Cost": 297224.35,
      "Total Cost": 297224.36,
      "Plan Rows": 1,
      "Plan Width": 8,
      "Actual Startup Time": 2520.88,
      "Actual Total Time": 2567.509,
      "Actual Rows": 1,
      "Actual Loops": 1,
      "Plans": [
        {
          "Node Type": "Gather",
          "Parent Relationship": "Outer",
          "Parallel Aware": false,
          "Startup Cost": 297224.03,
          "Total Cost": 297224.34,
          "Plan Rows": 3,
          "Plan Width": 8,
          "Actual Startup Time": 2516.697,
          "Actual Total Time": 2567.501,
          "Actual Rows": 4,
          "Actual Loops": 1,
          "Workers Planned": 3,
          "Workers Launched": 3,
          "Single Copy": false,
          "Plans": [
            {
              "Node Type": "Aggregate",
              "Strategy": "Plain",
              "Partial Mode": "Partial",
              "Parent Relationship": "Outer",
              "Parallel Aware": false,
              "Startup Cost": 296224.03,
              "Total Cost": 296224.04,
              "Plan Rows": 1,
              "Plan Width": 8,
              "Actual Startup Time": 2506.447,
              "Actual Total Time": 2506.453,
              "Actual Rows": 1,
              "Actual Loops": 4,
              "Plans": [
                {
                  "Node Type": "Hash Join",
                  "Parent Relationship": "Outer",
                  "Parallel Aware": true,
                  "Join Type": "Inner",
                  "Startup Cost": 248592.18,
                  "Total Cost": 294495.13,
                  "Plan Rows": 691562,
                  "Plan Width": 0,
                  "Actual Startup Time": 1260.375,
                  "Actual Total Time": 2093.939,
                  "Actual Rows": 9291501,
                  "Actual Loops": 4,
                  "Inner Unique": false,
                  "Hash Cond": "(mk.movie_id = t.id)",
                  "Plans": [
                    {
                      "Node Type": "Seq Scan",
                      "Parent Relationship": "Outer",
                      "Parallel Aware": true,
                      "Relation Name": "movie_keyword",
                      "Alias": "mk",
                      "Startup Cost": 0.0,
                      "Total Cost": 39047.32,
                      "Plan Rows": 1459332,
                      "Plan Width": 4,
                      "Actual Startup Time": 0.033,
                      "Actual Total Time": 85.027,
                      "Actual Rows": 1130982,
                      "Actual Loops": 4
                    },
                    {
                      "Node Type": "Hash",
                      "Parent Relationship": "Inner",
                      "Parallel Aware": true,
                      "Startup Cost": 245596.69,
                      "Total Cost": 245596.69,
                      "Plan Rows": 239639,
                      "Plan Width": 8,
                      "Actual Startup Time": 1207.86,
                      "Actual Total Time": 1207.864,
                      "Actual Rows": 515677,
                      "Actual Loops": 4,
                      "Hash Buckets": 2097152,
                      "Original Hash Buckets": 2097152,
                      "Hash Batches": 1,
                      "Original Hash Batches": 1,
                      "Peak Memory Usage": 97152,
                      "Plans": [
                        {
                          "Node Type": "Hash Join",
                          "Parent Relationship": "Outer",
                          "Parallel Aware": true,
                          "Join Type": "Inner",
                          "Startup Cost": 46117.29,
                          "Total Cost": 245596.69,
                          "Plan Rows": 239639,
                          "Plan Width": 8,
                          "Actual Startup Time": 129.249,
                          "Actual Total Time": 1036.119,
                          "Actual Rows": 515677,
                          "Actual Loops": 4,
                          "Inner Unique": true,
                          "Hash Cond": "(mi.movie_id = t.id)",
                          "Plans": [
                            {
                              "Node Type": "Seq Scan",
                              "Parent Relationship": "Outer",
                              "Parallel Aware": true,
                              "Relation Name": "movie_info",
                              "Alias": "mi",
                              "Startup Cost": 0.0,
                              "Total Cost": 191685.19,
                              "Plan Rows": 2969219,
                              "Plan Width": 4,
                              "Actual Startup Time": 0.027,
                              "Actual Total Time": 392.799,
                              "Actual Rows": 3708930,
                              "Actual Loops": 4
                            },
                            {
                              "Node Type": "Hash",
                              "Parent Relationship": "Inner",
                              "Parallel Aware": true,
                              "Startup Cost": 45479.59,
                              "Total Cost": 45479.59,
                              "Plan Rows": 51016,
                              "Plan Width": 4,
                              "Actual Startup Time": 114.101,
                              "Actual Total Time": 114.102,
                              "Actual Rows": 45598,
                              "Actual Loops": 4,
                              "Hash Buckets": 262144,
                              "Original Hash Buckets": 262144,
                              "Hash Batches": 1,
                              "Original Hash Batches": 1,
                              "Peak Memory Usage": 9248,
                              "Plans": [
                                {
                                  "Node Type": "Seq Scan",
                                  "Parent Relationship": "Outer",
                                  "Parallel Aware": true,
                                  "Relation Name": "title",
                                  "Alias": "t",
                                  "Startup Cost": 0.0,
                                  "Total Cost": 45479.59,
                                  "Plan Rows": 51016,
                                  "Plan Width": 4,
                                  "Actual Startup Time": 45.417,
                                  "Actual Total Time": 97.961,
                                  "Actual Rows": 45598,
                                  "Actual Loops": 4,
                                  "Filter": "((production_year > 2007) AND (kind_id = 1))",
                                  "Rows Removed by Filter": 586480
                                }
                              ]
                            }
                          ]
                        }
                      ]
                    }
                  ]
                }
              ]
            }
          ]
        }
      ]
    },
    "Planning Time": 1.063,
    "Triggers": [],
    "Execution Time": 2567.565
  }
]