{
  "Plan": {
    "Node Type": "Aggregate",
    "Strategy": "Plain",
    "Partial Mode": "Finalize",
    "Parallel Aware": false,
    "Startup Cost": 87536.12,
    "Total Cost": 87536.13,
    "Plan Rows": 1,
    "Plan Width": 8,
    "Actual Startup Time": 367.323,
    "Actual Total Time": 386.316,
    "Actual Rows": 1,
    "Actual Loops": 1,
    "Plans": [
      {
        "Node Type": "Gather",
        "Parent Relationship": "Outer",
        "Parallel Aware": false,
        "Startup Cost": 87536.0,
        "Total Cost": 87536.11,
        "Plan Rows": 1,
        "Plan Width": 8,
        "Actual Startup Time": 366.635,
        "Actual Total Time": 386.31,
        "Actual Rows": 2,
        "Actual Loops": 1,
        "Workers Planned": 1,
        "Workers Launched": 1,
        "Single Copy": false,
        "Plans": [
          {
            "Node Type": "Aggregate",
            "Strategy": "Plain",
            "Partial Mode": "Partial",
            "Parent Relationship": "Outer",
            "Parallel Aware": false,
            "Startup Cost": 86536.0,
            "Total Cost": 86536.01,
            "Plan Rows": 1,
            "Plan Width": 8,
            "Actual Startup Time": 360.492,
            "Actual Total Time": 360.497,
            "Actual Rows": 1,
            "Actual Loops": 2,
            "Plans": [
              {
                "Node Type": "Nested Loop",
                "Parent Relationship": "Outer",
                "Parallel Aware": false,
                "Join Type": "Inner",
                "Startup Cost": 59035.47,
                "Total Cost": 86508.96,
                "Plan Rows": 10816,
                "Plan Width": 0,
                "Actual Startup Time": 171.849,
                "Actual Total Time": 356.711,
                "Actual Rows": 80778,
                "Actual Loops": 2,
                "Inner Unique": false,
                "Join Filter": "(t.id = mc.movie_id)",
                "Rows Removed by Join Filter": 0,
                "Plans": [
                  {
                    "Node Type": "Hash Join",
                    "Parent Relationship": "Outer",
                    "Parallel Aware": true,
                    "Join Type": "Inner",
                    "Startup Cost": 59035.04,
                    "Total Cost": 77819.36,
                    "Plan Rows": 10481,
                    "Plan Width": 8,
                    "Actual Startup Time": 171.788,
                    "Actual Total Time": 266.985,
                    "Actual Rows": 21599,
                    "Actual Loops": 2,
                    "Inner Unique": true,
                    "Hash Cond": "(mi_idx.movie_id = t.id)",
                    "Plans": [
                      {
                        "Node Type": "Seq Scan",
                        "Parent Relationship": "Outer",
                        "Parallel Aware": true,
                        "Relation Name": "movie_info_idx",
                        "Alias": "mi_idx",
                        "Startup Cost": 0.0,
                        "Total Cost": 18082.32,
                        "Plan Rows": 267429,
                        "Plan Width": 4,
                        "Actual Startup Time": 0.027,
                        "Actual Total Time": 51.983,
                        "Actual Rows": 229962,
                        "Actual Loops": 2,
                        "Filter": "(info_type_id < 100)",
                        "Rows Removed by Filter": 460055
                      },
                      {
                        "Node Type": "Hash",
                        "Parent Relationship": "Inner",
                        "Parallel Aware": true,
                        "Startup Cost": 58306.47,
                        "Total Cost": 58306.47,
                        "Plan Rows": 58286,
                        "Plan Width": 4,
                        "Actual Startup Time": 169.756,
                        "Actual Total Time": 169.757,
                        "Actual Rows": 101717,
                        "Actual Loops": 2,
                        "Hash Buckets": 262144,
                        "Original Hash Buckets": 131072,
                        "Hash Batches": 1,
                        "Original Hash Batches": 1,
                        "Peak Memory Usage": 11072,
                        "Plans": [
                          {
                            "Node Type": "Seq Scan",
                            "Parent Relationship": "Outer",
                            "Parallel Aware": true,
                            "Relation Name": "title",
                            "Alias": "t",
                            "Startup Cost": 0.0,
                            "Total Cost": 58306.47,
                            "Plan Rows": 58286,
                            "Plan Width": 4,
                            "Actual Startup Time": 0.183,
                            "Actual Total Time": 145.15,
                            "Actual Rows": 101717,
                            "Actual Loops": 2,
                            "Filter": "((kind_id < 7) AND (production_year < 1962))",
                            "Rows Removed by Filter": 1162439
                          }
                        ]
                      }
                    ]
                  },
                  {
                    "Node Type": "Index Only Scan",
                    "Parent Relationship": "Inner",
                    "Parallel Aware": false,
                    "Scan Direction": "Forward",
                    "Index Name": "movie_id_movie_companies",
                    "Relation Name": "movie_companies",
                    "Alias": "mc",
                    "Startup Cost": 0.43,
                    "Total Cost": 0.77,
                    "Plan Rows": 5,
                    "Plan Width": 4,
                    "Actual Startup Time": 0.003,
                    "Actual Total Time": 0.004,
                    "Actual Rows": 4,
                    "Actual Loops": 43198,
                    "Index Cond": "(movie_id = mi_idx.movie_id)",
                    "Rows Removed by Index Recheck": 0,
                    "Heap Fetches": 161557
                  }
                ]
              }
            ]
          }
        ]
      }
    ]
  },
  "Planning Time": 0.858,
  "Triggers": [],
  "Execution Time": 386.389
}