[
  {
    "Plan": {
      "Node Type": "Aggregate",
      "Strategy": "Plain",
      "Partial Mode": "Finalize",
      "Parallel Aware": false,
      "Startup Cost": 346207.01,
      "Total Cost": 346207.02,
      "Plan Rows": 1,
      "Plan Width": 8,
      "Actual Startup Time": 635.889,
      "Actual Total Time": 696.525,
      "Actual Rows": 1,
      "Actual Loops": 1,
      "Plans": [
        {
          "Node Type": "Gather",
          "Parent Relationship": "Outer",
          "Parallel Aware": false,
          "Startup Cost": 346206.38,
          "Total Cost": 346206.99,
          "Plan Rows": 6,
          "Plan Width": 8,
          "Actual Startup Time": 635.773,
          "Actual Total Time": 696.513,
          "Actual Rows": 7,
          "Actual Loops": 1,
          "Workers Planned": 6,
          "Workers Launched": 6,
          "Single Copy": false,
          "Plans": [
            {
              "Node Type": "Aggregate",
              "Strategy": "Plain",
              "Partial Mode": "Partial",
              "Parent Relationship": "Outer",
              "Parallel Aware": false,
              "Startup Cost": 345206.38,
              "Total Cost": 345206.39,
              "Plan Rows": 1,
              "Plan Width": 8,
              "Actual Startup Time": 626.151,
              "Actual Total Time": 626.152,
              "Actual Rows": 1,
              "Actual Loops": 7,
              "Plans": [
                {
                  "Node Type": "Seq Scan",
                  "Parent Relationship": "Outer",
                  "Parallel Aware": true,
                  "Relation Name": "cast_info",
                  "Alias": "ci",
                  "Startup Cost": 0.0,
                  "Total Cost": 343257.03,
                  "Plan Rows": 779741,
                  "Plan Width": 0,
                  "Actual Startup Time": 342.624,
                  "Actual Total Time": 608.15,
                  "Actual Rows": 415684,
                  "Actual Loops": 7,
                  "Filter": "((person_id < 1021164) AND (role_id > 2))",
                  "Rows Removed by Filter": 4762079
                }
              ]
            }
          ]
        }
      ]
    },
    "Planning Time": 0.233,
    "Triggers": [],
    "Execution Time": 696.639
  }
]