[
  {
    "Plan": {
      "Node Type": "Aggregate",
      "Strategy": "Plain",
      "Partial Mode": "Finalize",
      "Parallel Aware": false,
      "Startup Cost": 395684.93,
      "Total Cost": 395684.94,
      "Plan Rows": 1,
      "Plan Width": 8,
      "Actual Startup Time": 2159.41,
      "Actual Total Time": 2206.985,
      "Actual Rows": 1,
      "Actual Loops": 1,
      "Plans": [
        {
          "Node Type": "Gather",
          "Parent Relationship": "Outer",
          "Parallel Aware": false,
          "Startup Cost": 395684.3,
          "Total Cost": 395684.91,
          "Plan Rows": 6,
          "Plan Width": 8,
          "Actual Startup Time": 2151.94,
          "Actual Total Time": 2206.975,
          "Actual Rows": 7,
          "Actual Loops": 1,
          "Workers Planned": 6,
          "Workers Launched": 6,
          "Single Copy": false,
          "Plans": [
            {
              "Node Type": "Aggregate",
              "Strategy": "Plain",
              "Partial Mode": "Partial",
              "Parent Relationship": "Outer",
              "Parallel Aware": false,
              "Startup Cost": 394684.3,
              "Total Cost": 394684.31,
              "Plan Rows": 1,
              "Plan Width": 8,
              "Actual Startup Time": 2142.398,
              "Actual Total Time": 2142.403,
              "Actual Rows": 1,
              "Actual Loops": 7,
              "Plans": [
                {
                  "Node Type": "Hash Join",
                  "Parent Relationship": "Outer",
                  "Parallel Aware": true,
                  "Join Type": "Inner",
                  "Startup Cost": 48402.15,
                  "Total Cost": 389976.84,
                  "Plan Rows": 1882986,
                  "Plan Width": 0,
                  "Actual Startup Time": 216.652,
                  "Actual Total Time": 2057.207,
                  "Actual Rows": 1833211,
                  "Actual Loops": 7,
                  "Inner Unique": true,
                  "Hash Cond": "(ci.movie_id = t.id)",
                  "Plans": [
                    {
                      "Node Type": "Seq Scan",
                      "Parent Relationship": "Outer",
                      "Parallel Aware": true,
                      "Relation Name": "cast_info",
                      "Alias": "ci",
                      "Startup Cost": 0.0,
                      "Total Cost": 328211.39,
                      "Plan Rows": 5090772,
                      "Plan Width": 4,
                      "Actual Startup Time": 63.285,
                      "Actual Total Time": 649.473,
                      "Actual Rows": 4336343,
                      "Actual Loops": 7,
                      "Filter": "(person_id > 570321)",
                      "Rows Removed by Filter": 841420
                    },
                    {
                      "Node Type": "Hash",
                      "Parent Relationship": "Inner",
                      "Parallel Aware": true,
                      "Startup Cost": 45479.59,
                      "Total Cost": 45479.59,
                      "Plan Rows": 233805,
                      "Plan Width": 4,
                      "Actual Startup Time": 150.753,
                      "Actual Total Time": 150.756,
                      "Actual Rows": 143532,
                      "Actual Loops": 7,
                      "Hash Buckets": 1048576,
                      "Original Hash Buckets": 1048576,
                      "Hash Batches": 1,
                      "Original Hash Batches": 1,
                      "Peak Memory Usage": 47616,
                      "Plans": [
                        {
                          "Node Type": "Seq Scan",
                          "Parent Relationship": "Outer",
                          "Parallel Aware": true,
                          "Relation Name": "title",
                          "Alias": "t",
                          "Startup Cost": 0.0,
                          "Total Cost": 45479.59,
                          "Plan Rows": 233805,
                          "Plan Width": 4,
                          "Actual Startup Time": 0.041,
                          "Actual Total Time": 82.384,
                          "Actual Rows": 143532,
                          "Actual Loops": 7,
                          "Filter": "((kind_id > 1) AND (production_year > 2002))",
                          "Rows Removed by Filter": 217655
                        }
                      ]
                    }
                  ]
                }
              ]
            }
          ]
        }
      ]
    },
    "Planning Time": 0.297,
    "Triggers": [],
    "Execution Time": 2207.042
  }
]