[
  {
    "Plan": {
      "Node Type": "Aggregate",
      "Strategy": "Plain",
      "Partial Mode": "Finalize",
      "Parallel Aware": false,
      "Startup Cost": 395627.15,
      "Total Cost": 395627.16,
      "Plan Rows": 1,
      "Plan Width": 8,
      "Actual Startup Time": 2026.566,
      "Actual Total Time": 2093.857,
      "Actual Rows": 1,
      "Actual Loops": 1,
      "Plans": [
        {
          "Node Type": "Gather",
          "Parent Relationship": "Outer",
          "Parallel Aware": false,
          "Startup Cost": 395626.52,
          "Total Cost": 395627.13,
          "Plan Rows": 6,
          "Plan Width": 8,
          "Actual Startup Time": 2016.475,
          "Actual Total Time": 2093.758,
          "Actual Rows": 7,
          "Actual Loops": 1,
          "Workers Planned": 6,
          "Workers Launched": 6,
          "Single Copy": false,
          "Plans": [
            {
              "Node Type": "Aggregate",
              "Strategy": "Plain",
              "Partial Mode": "Partial",
              "Parent Relationship": "Outer",
              "Parallel Aware": false,
              "Startup Cost": 394626.52,
              "Total Cost": 394626.53,
              "Plan Rows": 1,
              "Plan Width": 8,
              "Actual Startup Time": 2005.989,
              "Actual Total Time": 2005.992,
              "Actual Rows": 1,
              "Actual Loops": 7,
              "Plans": [
                {
                  "Node Type": "Hash Join",
                  "Parent Relationship": "Outer",
                  "Parallel Aware": true,
                  "Join Type": "Inner",
                  "Startup Cost": 48412.89,
                  "Total Cost": 389910.52,
                  "Plan Rows": 1886400,
                  "Plan Width": 0,
                  "Actual Startup Time": 203.173,
                  "Actual Total Time": 1928.263,
                  "Actual Rows": 1833211,
                  "Actual Loops": 7,
                  "Inner Unique": true,
                  "Hash Cond": "(ci.movie_id = t.id)",
                  "Plans": [
                    {
                      "Node Type": "Seq Scan",
                      "Parent Relationship": "Outer",
                      "Parallel Aware": true,
                      "Relation Name": "cast_info",
                      "Alias": "ci",
                      "Startup Cost": 0.0,
                      "Total Cost": 328162.03,
                      "Plan Rows": 5080224,
                      "Plan Width": 4,
                      "Actual Startup Time": 56.515,
                      "Actual Total Time": 612.584,
                      "Actual Rows": 4336343,
                      "Actual Loops": 7,
                      "Filter": "(person_id > 570321)",
                      "Rows Removed by Filter": 841420
                    },
                    {
                      "Node Type": "Hash",
                      "Parent Relationship": "Inner",
                      "Parallel Aware": true,
                      "Startup Cost": 45479.1,
                      "Total Cost": 45479.1,
                      "Plan Rows": 234703,
                      "Plan Width": 4,
                      "Actual Startup Time": 143.251,
                      "Actual Total Time": 143.251,
                      "Actual Rows": 143532,
                      "Actual Loops": 7,
                      "Hash Buckets": 1048576,
                      "Original Hash Buckets": 1048576,
                      "Hash Batches": 1,
                      "Original Hash Batches": 1,
                      "Peak Memory Usage": 47584,
                      "Plans": [
                        {
                          "Node Type": "Seq Scan",
                          "Parent Relationship": "Outer",
                          "Parallel Aware": true,
                          "Relation Name": "title",
                          "Alias": "t",
                          "Startup Cost": 0.0,
                          "Total Cost": 45479.1,
                          "Plan Rows": 234703,
                          "Plan Width": 4,
                          "Actual Startup Time": 0.044,
                          "Actual Total Time": 78.944,
                          "Actual Rows": 143532,
                          "Actual Loops": 7,
                          "Filter": "((kind_id > 1) AND (production_year > 2002))",
                          "Rows Removed by Filter": 217655
                        }
                      ]
                    }
                  ]
                }
              ]
            }
          ]
        }
      ]
    },
    "Planning Time": 0.61,
    "Triggers": [],
    "Execution Time": 2093.943
  }
]