[
  {
    "Plan": {
      "Node Type": "Aggregate",
      "Strategy": "Plain",
      "Partial Mode": "Finalize",
      "Parallel Aware": false,
      "Startup Cost": 46363.34,
      "Total Cost": 46363.35,
      "Plan Rows": 1,
      "Plan Width": 8,
      "Actual Startup Time": 113.986,
      "Actual Total Time": 126.654,
      "Actual Rows": 1,
      "Actual Loops": 1,
      "Plans": [
        {
          "Node Type": "Gather",
          "Parent Relationship": "Outer",
          "Parallel Aware": false,
          "Startup Cost": 46362.92,
          "Total Cost": 46363.33,
          "Plan Rows": 4,
          "Plan Width": 8,
          "Actual Startup Time": 113.796,
          "Actual Total Time": 126.643,
          "Actual Rows": 5,
          "Actual Loops": 1,
          "Workers Planned": 4,
          "Workers Launched": 4,
          "Single Copy": false,
          "Plans": [
            {
              "Node Type": "Aggregate",
              "Strategy": "Plain",
              "Partial Mode": "Partial",
              "Parent Relationship": "Outer",
              "Parallel Aware": false,
              "Startup Cost": 45362.92,
              "Total Cost": 45362.93,
              "Plan Rows": 1,
              "Plan Width": 8,
              "Actual Startup Time": 108.863,
              "Actual Total Time": 108.864,
              "Actual Rows": 1,
              "Actual Loops": 5,
              "Plans": [
                {
                  "Node Type": "Seq Scan",
                  "Parent Relationship": "Outer",
                  "Parallel Aware": true,
                  "Relation Name": "title",
                  "Alias": "t",
                  "Startup Cost": 0.0,
                  "Total Cost": 43899.32,
                  "Plan Rows": 585441,
                  "Plan Width": 0,
                  "Actual Startup Time": 0.023,
                  "Actual Total Time": 88.481,
                  "Actual Rows": 466657,
                  "Actual Loops": 5,
                  "Filter": "(production_year > 1932)",
                  "Rows Removed by Filter": 39005
                }
              ]
            }
          ]
        }
      ]
    },
    "Planning Time": 0.076,
    "Triggers": [],
    "Execution Time": 126.684
  }
]