[
  {
    "Plan": {
      "Node Type": "Aggregate",
      "Strategy": "Plain",
      "Partial Mode": "Finalize",
      "Parallel Aware": false,
      "Startup Cost": 46359.19,
      "Total Cost": 46359.2,
      "Plan Rows": 1,
      "Plan Width": 8,
      "Actual Startup Time": 130.46,
      "Actual Total Time": 142.656,
      "Actual Rows": 1,
      "Actual Loops": 1,
      "Plans": [
        {
          "Node Type": "Gather",
          "Parent Relationship": "Outer",
          "Parallel Aware": false,
          "Startup Cost": 46358.77,
          "Total Cost": 46359.18,
          "Plan Rows": 4,
          "Plan Width": 8,
          "Actual Startup Time": 130.318,
          "Actual Total Time": 142.635,
          "Actual Rows": 5,
          "Actual Loops": 1,
          "Workers Planned": 4,
          "Workers Launched": 4,
          "Single Copy": false,
          "Plans": [
            {
              "Node Type": "Aggregate",
              "Strategy": "Plain",
              "Partial Mode": "Partial",
              "Parent Relationship": "Outer",
              "Parallel Aware": false,
              "Startup Cost": 45358.77,
              "Total Cost": 45358.78,
              "Plan Rows": 1,
              "Plan Width": 8,
              "Actual Startup Time": 121.376,
              "Actual Total Time": 121.377,
              "Actual Rows": 1,
              "Actual Loops": 5,
              "Plans": [
                {
                  "Node Type": "Seq Scan",
                  "Parent Relationship": "Outer",
                  "Parallel Aware": true,
                  "Relation Name": "title",
                  "Alias": "t",
                  "Startup Cost": 0.0,
                  "Total Cost": 43898.92,
                  "Plan Rows": 583942,
                  "Plan Width": 0,
                  "Actual Startup Time": 0.039,
                  "Actual Total Time": 97.013,
                  "Actual Rows": 466657,
                  "Actual Loops": 5,
                  "Filter": "(production_year > 1932)",
                  "Rows Removed by Filter": 39005
                }
              ]
            }
          ]
        }
      ]
    },
    "Planning Time": 0.126,
    "Triggers": [],
    "Execution Time": 142.718
  }
]