[
    {
        "Bao": {
            "Bao prediction": "NaN",
            "Bao recommended hint": "(no hint)"
        }
    },
    {
        "Plan": {
            "Node Type": "Aggregate",
            "Strategy": "Plain",
            "Partial Mode": "Finalize",
            "Parallel Aware": false,
            "Startup Cost": 32751.97,
            "Total Cost": 32751.98,
            "Plan Rows": 1,
            "Plan Width": 8,
            "Actual Startup Time": 95.887,
            "Actual Total Time": 102.326,
            "Actual Rows": 1,
            "Actual Loops": 1,
            "Output": [
                "count(*)"
            ],
            "Plans": [
                {
                    "Node Type": "Gather",
                    "Parent Relationship": "Outer",
                    "Parallel Aware": false,
                    "Startup Cost": 32751.65,
                    "Total Cost": 32751.96,
                    "Plan Rows": 3,
                    "Plan Width": 8,
                    "Actual Startup Time": 95.74,
                    "Actual Total Time": 102.318,
                    "Actual Rows": 4,
                    "Actual Loops": 1,
                    "Output": [
                        "(PARTIAL count(*))"
                    ],
                    "Workers Planned": 3,
                    "Workers Launched": 3,
                    "Single Copy": false,
                    "Plans": [
                        {
                            "Node Type": "Aggregate",
                            "Strategy": "Plain",
                            "Partial Mode": "Partial",
                            "Parent Relationship": "Outer",
                            "Parallel Aware": false,
                            "Startup Cost": 31751.65,
                            "Total Cost": 31751.66,
                            "Plan Rows": 1,
                            "Plan Width": 8,
                            "Actual Startup Time": 87.568,
                            "Actual Total Time": 87.569,
                            "Actual Rows": 1,
                            "Actual Loops": 4,
                            "Output": [
                                "PARTIAL count(*)"
                            ],
                            "Workers": [
                                {
                                    "Worker Number": 0,
                                    "Actual Startup Time": 84.447,
                                    "Actual Total Time": 84.448,
                                    "Actual Rows": 1,
                                    "Actual Loops": 1
                                },
                                {
                                    "Worker Number": 1,
                                    "Actual Startup Time": 85.179,
                                    "Actual Total Time": 85.18,
                                    "Actual Rows": 1,
                                    "Actual Loops": 1
                                },
                                {
                                    "Worker Number": 2,
                                    "Actual Startup Time": 85.241,
                                    "Actual Total Time": 85.242,
                                    "Actual Rows": 1,
                                    "Actual Loops": 1
                                }
                            ],
                            "Plans": [
                                {
                                    "Node Type": "Seq Scan",
                                    "Parent Relationship": "Outer",
                                    "Parallel Aware": true,
                                    "Relation Name": "movie_companies",
                                    "Schema": "public",
                                    "Alias": "mc",
                                    "Startup Cost": 0.0,
                                    "Total Cost": 31414.82,
                                    "Plan Rows": 134733,
                                    "Plan Width": 0,
                                    "Actual Startup Time": 43.871,
                                    "Actual Total Time": 79.088,
                                    "Actual Rows": 185356,
                                    "Actual Loops": 4,
                                    "Output": [
                                        "id",
                                        "movie_id",
                                        "company_id",
                                        "company_type_id",
                                        "note"
                                    ],
                                    "Filter": "((mc.company_id > 28295) AND (mc.company_type_id = 2))",
                                    "Rows Removed by Filter": 466927,
                                    "Workers": [
                                        {
                                            "Worker Number": 0,
                                            "Actual Startup Time": 40.728,
                                            "Actual Total Time": 76.259,
                                            "Actual Rows": 123347,
                                            "Actual Loops": 1
                                        },
                                        {
                                            "Worker Number": 1,
                                            "Actual Startup Time": 41.485,
                                            "Actual Total Time": 77.1,
                                            "Actual Rows": 198413,
                                            "Actual Loops": 1
                                        },
                                        {
                                            "Worker Number": 2,
                                            "Actual Startup Time": 41.565,
                                            "Actual Total Time": 77.207,
                                            "Actual Rows": 197523,
                                            "Actual Loops": 1
                                        }
                                    ]
                                }
                            ]
                        }
                    ]
                }
            ]
        },
        "Planning Time": 188.761,
        "Triggers": [],
        "Execution Time": 102.378
    }
]