{
  "Plan": {
    "Node Type": "Aggregate",
    "Strategy": "Plain",
    "Partial Mode": "Finalize",
    "Parallel Aware": false,
    "Startup Cost": 442692.86,
    "Total Cost": 442692.87,
    "Plan Rows": 1,
    "Plan Width": 8,
    "Actual Startup Time": 5029.438,
    "Actual Total Time": 5086.36,
    "Actual Rows": 1,
    "Actual Loops": 1,
    "Plans": [
      {
        "Node Type": "Gather",
        "Parent Relationship": "Outer",
        "Parallel Aware": false,
        "Startup Cost": 442692.74,
        "Total Cost": 442692.85,
        "Plan Rows": 1,
        "Plan Width": 8,
        "Actual Startup Time": 5022.082,
        "Actual Total Time": 5086.349,
        "Actual Rows": 2,
        "Actual Loops": 1,
        "Workers Planned": 1,
        "Workers Launched": 1,
        "Single Copy": false,
        "Plans": [
          {
            "Node Type": "Aggregate",
            "Strategy": "Plain",
            "Partial Mode": "Partial",
            "Parent Relationship": "Outer",
            "Parallel Aware": false,
            "Startup Cost": 441692.74,
            "Total Cost": 441692.75,
            "Plan Rows": 1,
            "Plan Width": 8,
            "Actual Startup Time": 5016.33,
            "Actual Total Time": 5016.643,
            "Actual Rows": 1,
            "Actual Loops": 2,
            "Plans": [
              {
                "Node Type": "Hash Join",
                "Parent Relationship": "Outer",
                "Parallel Aware": true,
                "Join Type": "Inner",
                "Startup Cost": 131329.63,
                "Total Cost": 433104.35,
                "Plan Rows": 3435356,
                "Plan Width": 0,
                "Actual Startup Time": 920.501,
                "Actual Total Time": 4163.901,
                "Actual Rows": 21470014,
                "Actual Loops": 2,
                "Inner Unique": false,
                "Hash Cond": "(mi.movie_id = t.id)",
                "Plans": [
                  {
                    "Node Type": "Seq Scan",
                    "Parent Relationship": "Outer",
                    "Parallel Aware": true,
                    "Relation Name": "movie_info",
                    "Alias": "mi",
                    "Startup Cost": 0.0,
                    "Total Cost": 248955.74,
                    "Plan Rows": 8696274,
                    "Plan Width": 4,
                    "Actual Startup Time": 0.016,
                    "Actual Total Time": 617.88,
                    "Actual Rows": 7417860,
                    "Actual Loops": 2
                  },
                  {
                    "Node Type": "Hash",
                    "Parent Relationship": "Inner",
                    "Parallel Aware": true,
                    "Startup Cost": 123985.73,
                    "Total Cost": 123985.73,
                    "Plan Rows": 587512,
                    "Plan Width": 8,
                    "Actual Startup Time": 911.113,
                    "Actual Total Time": 911.424,
                    "Actual Rows": 500512,
                    "Actual Loops": 2,
                    "Hash Buckets": 1048576,
                    "Original Hash Buckets": 1048576,
                    "Hash Batches": 1,
                    "Original Hash Batches": 1,
                    "Peak Memory Usage": 47392,
                    "Plans": [
                      {
                        "Node Type": "Hash Join",
                        "Parent Relationship": "Outer",
                        "Parallel Aware": true,
                        "Join Type": "Inner",
                        "Startup Cost": 90645.61,
                        "Total Cost": 123985.73,
                        "Plan Rows": 587512,
                        "Plan Width": 8,
                        "Actual Startup Time": 579.871,
                        "Actual Total Time": 808.997,
                        "Actual Rows": 500512,
                        "Actual Loops": 2,
                        "Inner Unique": true,
                        "Hash Cond": "(mk.movie_id = t.id)",
                        "Plans": [
                          {
                            "Node Type": "Bitmap Heap Scan",
                            "Parent Relationship": "Outer",
                            "Parallel Aware": true,
                            "Relation Name": "movie_keyword",
                            "Alias": "mk",
                            "Startup Cost": 21184.91,
                            "Total Cost": 52982.81,
                            "Plan Rows": 587512,
                            "Plan Width": 4,
                            "Actual Startup Time": 65.721,
                            "Actual Total Time": 156.58,
                            "Actual Rows": 500512,
                            "Actual Loops": 2,
                            "Recheck Cond": "(keyword_id < 957)",
                            "Rows Removed by Index Recheck": 0,
                            "Exact Heap Blocks": 12054,
                            "Lossy Heap Blocks": 0,
                            "Plans": [
                              {
                                "Node Type": "Bitmap Index Scan",
                                "Parent Relationship": "Outer",
                                "Parallel Aware": false,
                                "Index Name": "keyword_id_movie_keyword",
                                "Startup Cost": 0.0,
                                "Total Cost": 20935.22,
                                "Plan Rows": 998771,
                                "Plan Width": 0,
                                "Actual Startup Time": 62.091,
                                "Actual Total Time": 62.091,
                                "Actual Rows": 1001024,
                                "Actual Loops": 1,
                                "Index Cond": "(keyword_id < 957)"
                              }
                            ]
                          },
                          {
                            "Node Type": "Hash",
                            "Parent Relationship": "Inner",
                            "Parallel Aware": true,
                            "Startup Cost": 50870.31,
                            "Total Cost": 50870.31,
                            "Plan Rows": 1487231,
                            "Plan Width": 4,
                            "Actual Startup Time": 498.53,
                            "Actual Total Time": 498.531,
                            "Actual Rows": 1264156,
                            "Actual Loops": 2,
                            "Hash Buckets": 4194304,
                            "Original Hash Buckets": 4194304,
                            "Hash Batches": 1,
                            "Original Hash Batches": 1,
                            "Peak Memory Usage": 131712,
                            "Plans": [
                              {
                                "Node Type": "Seq Scan",
                                "Parent Relationship": "Outer",
                                "Parallel Aware": true,
                                "Relation Name": "title",
                                "Alias": "t",
                                "Startup Cost": 0.0,
                                "Total Cost": 50870.31,
                                "Plan Rows": 1487231,
                                "Plan Width": 4,
                                "Actual Startup Time": 0.033,
                                "Actual Total Time": 150.525,
                                "Actual Rows": 1264156,
                                "Actual Loops": 2
                              }
                            ]
                          }
                        ]
                      }
                    ]
                  }
                ]
              }
            ]
          }
        ]
      }
    ]
  },
  "Planning Time": 0.833,
  "Triggers": [],
  "Execution Time": 5086.469
}