[
  {
    "Plan": {
      "Node Type": "Aggregate",
      "Strategy": "Plain",
      "Partial Mode": "Simple",
      "Parallel Aware": false,
      "Startup Cost": 26753.76,
      "Total Cost": 26753.77,
      "Plan Rows": 1,
      "Plan Width": 8,
      "Actual Startup Time": 39.024,
      "Actual Total Time": 39.025,
      "Actual Rows": 1,
      "Actual Loops": 1,
      "Plans": [
        {
          "Node Type": "Bitmap Heap Scan",
          "Parent Relationship": "Outer",
          "Parallel Aware": false,
          "Relation Name": "movie_keyword",
          "Alias": "mk",
          "Startup Cost": 1348.12,
          "Total Cost": 26595.15,
          "Plan Rows": 63443,
          "Plan Width": 0,
          "Actual Startup Time": 9.499,
          "Actual Total Time": 36.153,
          "Actual Rows": 62383,
          "Actual Loops": 1,
          "Recheck Cond": "(keyword_id > 94204)",
          "Rows Removed by Index Recheck": 0,
          "Exact Heap Blocks": 13991,
          "Lossy Heap Blocks": 0,
          "Plans": [
            {
              "Node Type": "Bitmap Index Scan",
              "Parent Relationship": "Outer",
              "Parallel Aware": false,
              "Index Name": "keyword_id_movie_keyword",
              "Startup Cost": 0.0,
              "Total Cost": 1332.25,
              "Plan Rows": 63443,
              "Plan Width": 0,
              "Actual Startup Time": 6.422,
              "Actual Total Time": 6.422,
              "Actual Rows": 62383,
              "Actual Loops": 1,
              "Index Cond": "(keyword_id > 94204)"
            }
          ]
        }
      ]
    },
    "Planning Time": 0.149,
    "Triggers": [],
    "Execution Time": 39.069
  }
]