[
  {
    "Plan": {
      "Node Type": "Aggregate",
      "Strategy": "Plain",
      "Partial Mode": "Finalize",
      "Parallel Aware": false,
      "Startup Cost": 46479.82,
      "Total Cost": 46479.83,
      "Plan Rows": 1,
      "Plan Width": 8,
      "Actual Startup Time": 108.477,
      "Actual Total Time": 121.951,
      "Actual Rows": 1,
      "Actual Loops": 1,
      "Plans": [
        {
          "Node Type": "Gather",
          "Parent Relationship": "Outer",
          "Parallel Aware": false,
          "Startup Cost": 46479.4,
          "Total Cost": 46479.81,
          "Plan Rows": 4,
          "Plan Width": 8,
          "Actual Startup Time": 108.331,
          "Actual Total Time": 121.94,
          "Actual Rows": 5,
          "Actual Loops": 1,
          "Workers Planned": 4,
          "Workers Launched": 4,
          "Single Copy": false,
          "Plans": [
            {
              "Node Type": "Aggregate",
              "Strategy": "Plain",
              "Partial Mode": "Partial",
              "Parent Relationship": "Outer",
              "Parallel Aware": false,
              "Startup Cost": 45479.4,
              "Total Cost": 45479.41,
              "Plan Rows": 1,
              "Plan Width": 8,
              "Actual Startup Time": 99.138,
              "Actual Total Time": 99.139,
              "Actual Rows": 1,
              "Actual Loops": 5,
              "Plans": [
                {
                  "Node Type": "Seq Scan",
                  "Parent Relationship": "Outer",
                  "Parallel Aware": true,
                  "Relation Name": "title",
                  "Alias": "t",
                  "Startup Cost": 0.0,
                  "Total Cost": 45479.1,
                  "Plan Rows": 119,
                  "Plan Width": 0,
                  "Actual Startup Time": 65.039,
                  "Actual Total Time": 99.06,
                  "Actual Rows": 440,
                  "Actual Loops": 5,
                  "Filter": "((kind_id = 1) AND (production_year = 1941))",
                  "Rows Removed by Filter": 505222
                }
              ]
            }
          ]
        }
      ]
    },
    "Planning Time": 0.206,
    "Triggers": [],
    "Execution Time": 122.016
  }
]