[
  {
    "Plan": {
      "Node Type": "Aggregate",
      "Strategy": "Plain",
      "Partial Mode": "Finalize",
      "Parallel Aware": false,
      "Startup Cost": 46399.2,
      "Total Cost": 46399.21,
      "Plan Rows": 1,
      "Plan Width": 8,
      "Actual Startup Time": 160.858,
      "Actual Total Time": 170.577,
      "Actual Rows": 1,
      "Actual Loops": 1,
      "Plans": [
        {
          "Node Type": "Gather",
          "Parent Relationship": "Outer",
          "Parallel Aware": false,
          "Startup Cost": 46398.88,
          "Total Cost": 46399.19,
          "Plan Rows": 3,
          "Plan Width": 8,
          "Actual Startup Time": 160.762,
          "Actual Total Time": 170.568,
          "Actual Rows": 4,
          "Actual Loops": 1,
          "Workers Planned": 3,
          "Workers Launched": 3,
          "Single Copy": false,
          "Plans": [
            {
              "Node Type": "Aggregate",
              "Strategy": "Plain",
              "Partial Mode": "Partial",
              "Parent Relationship": "Outer",
              "Parallel Aware": false,
              "Startup Cost": 45398.88,
              "Total Cost": 45398.89,
              "Plan Rows": 1,
              "Plan Width": 8,
              "Actual Startup Time": 154.465,
              "Actual Total Time": 154.467,
              "Actual Rows": 1,
              "Actual Loops": 4,
              "Plans": [
                {
                  "Node Type": "Seq Scan",
                  "Parent Relationship": "Outer",
                  "Parallel Aware": true,
                  "Relation Name": "movie_keyword",
                  "Alias": "mk",
                  "Startup Cost": 0.0,
                  "Total Cost": 42695.65,
                  "Plan Rows": 1081290,
                  "Plan Width": 0,
                  "Actual Startup Time": 0.052,
                  "Actual Total Time": 118.85,
                  "Actual Rows": 836106,
                  "Actual Loops": 4,
                  "Filter": "(keyword_id < 15823)",
                  "Rows Removed by Filter": 294876
                }
              ]
            }
          ]
        }
      ]
    },
    "Planning Time": 0.121,
    "Triggers": [],
    "Execution Time": 170.625
  }
]