[
  {
    "Plan": {
      "Node Type": "Aggregate",
      "Strategy": "Plain",
      "Partial Mode": "Simple",
      "Parallel Aware": false,
      "Startup Cost": 26950.11,
      "Total Cost": 26950.12,
      "Plan Rows": 1,
      "Plan Width": 8,
      "Actual Startup Time": 52.776,
      "Actual Total Time": 52.777,
      "Actual Rows": 1,
      "Actual Loops": 1,
      "Plans": [
        {
          "Node Type": "Bitmap Heap Scan",
          "Parent Relationship": "Outer",
          "Parallel Aware": false,
          "Relation Name": "movie_keyword",
          "Alias": "mk",
          "Startup Cost": 1462.48,
          "Total Cost": 26777.84,
          "Plan Rows": 68909,
          "Plan Width": 0,
          "Actual Startup Time": 15.941,
          "Actual Total Time": 48.863,
          "Actual Rows": 68436,
          "Actual Loops": 1,
          "Recheck Cond": "(keyword_id > 91826)",
          "Rows Removed by Index Recheck": 0,
          "Exact Heap Blocks": 14683,
          "Lossy Heap Blocks": 0,
          "Plans": [
            {
              "Node Type": "Bitmap Index Scan",
              "Parent Relationship": "Outer",
              "Parallel Aware": false,
              "Index Name": "keyword_id_movie_keyword",
              "Startup Cost": 0.0,
              "Total Cost": 1445.25,
              "Plan Rows": 68909,
              "Plan Width": 0,
              "Actual Startup Time": 11.119,
              "Actual Total Time": 11.12,
              "Actual Rows": 68436,
              "Actual Loops": 1,
              "Index Cond": "(keyword_id > 91826)"
            }
          ]
        }
      ]
    },
    "Planning Time": 0.249,
    "Triggers": [],
    "Execution Time": 52.832
  }
]