[
  {
    "Plan": {
      "Node Type": "Aggregate",
      "Strategy": "Plain",
      "Partial Mode": "Finalize",
      "Parallel Aware": false,
      "Startup Cost": 545569.13,
      "Total Cost": 545569.14,
      "Plan Rows": 1,
      "Plan Width": 64,
      "Actual Startup Time": 5092.305,
      "Actual Total Time": 5227.09,
      "Actual Rows": 1,
      "Actual Loops": 1,
      "Plans": [
        {
          "Node Type": "Gather",
          "Parent Relationship": "Outer",
          "Parallel Aware": false,
          "Startup Cost": 545568.8,
          "Total Cost": 545569.11,
          "Plan Rows": 3,
          "Plan Width": 64,
          "Actual Startup Time": 5087.478,
          "Actual Total Time": 5227.077,
          "Actual Rows": 4,
          "Actual Loops": 1,
          "Workers Planned": 3,
          "Workers Launched": 3,
          "Single Copy": false,
          "Plans": [
            {
              "Node Type": "Aggregate",
              "Strategy": "Plain",
              "Partial Mode": "Partial",
              "Parent Relationship": "Outer",
              "Parallel Aware": false,
              "Startup Cost": 544568.8,
              "Total Cost": 544568.81,
              "Plan Rows": 1,
              "Plan Width": 64,
              "Actual Startup Time": 5076.392,
              "Actual Total Time": 5076.413,
              "Actual Rows": 1,
              "Actual Loops": 4,
              "Plans": [
                {
                  "Node Type": "Hash Join",
                  "Parent Relationship": "Outer",
                  "Parallel Aware": true,
                  "Join Type": "Inner",
                  "Startup Cost": 529174.37,
                  "Total Cost": 544568.28,
                  "Plan Rows": 104,
                  "Plan Width": 33,
                  "Actual Startup Time": 4998.279,
                  "Actual Total Time": 5073.228,
                  "Actual Rows": 30941,
                  "Actual Loops": 4,
                  "Inner Unique": false,
                  "Hash Cond": "(an.person_id = n.id)",
                  "Plans": [
                    {
                      "Node Type": "Seq Scan",
                      "Parent Relationship": "Outer",
                      "Parallel Aware": true,
                      "Relation Name": "aka_name",
                      "Alias": "an",
                      "Startup Cost": 0.0,
                      "Total Cost": 14303.56,
                      "Plan Rows": 290756,
                      "Plan Width": 20,
                      "Actual Startup Time": 0.027,
                      "Actual Total Time": 39.376,
                      "Actual Rows": 225336,
                      "Actual Loops": 4
                    },
                    {
                      "Node Type": "Hash",
                      "Parent Relationship": "Inner",
                      "Parallel Aware": true,
                      "Startup Cost": 529173.94,
                      "Total Cost": 529173.94,
                      "Plan Rows": 34,
                      "Plan Width": 25,
                      "Actual Startup Time": 4997.214,
                      "Actual Total Time": 4997.233,
                      "Actual Rows": 22251,
                      "Actual Loops": 4,
                      "Hash Buckets": 131072,
                      "Original Hash Buckets": 1024,
                      "Hash Batches": 1,
                      "Original Hash Batches": 1,
                      "Peak Memory Usage": 7896,
                      "Plans": [
                        {
                          "Node Type": "Hash Join",
                          "Parent Relationship": "Outer",
                          "Parallel Aware": true,
                          "Join Type": "Inner",
                          "Startup Cost": 459236.04,
                          "Total Cost": 529173.94,
                          "Plan Rows": 34,
                          "Plan Width": 25,
                          "Actual Startup Time": 4658.416,
                          "Actual Total Time": 4963.705,
                          "Actual Rows": 22251,
                          "Actual Loops": 4,
                          "Inner Unique": false,
                          "Hash Cond": "(n.id = ci.person_id)",
                          "Plans": [
                            {
                              "Node Type": "Seq Scan",
                              "Parent Relationship": "Outer",
                              "Parallel Aware": true,
                              "Relation Name": "name",
                              "Alias": "n",
                              "Startup Cost": 0.0,
                              "Total Cost": 66031.07,
                              "Plan Rows": 1041807,
                              "Plan Width": 4,
                              "Actual Startup Time": 0.022,
                              "Actual Total Time": 158.57,
                              "Actual Rows": 1041873,
                              "Actual Loops": 4
                            },
                            {
                              "Node Type": "Hash",
                              "Parent Relationship": "Inner",
                              "Parallel Aware": true,
                              "Startup Cost": 459235.75,
                              "Total Cost": 459235.75,
                              "Plan Rows": 23,
                              "Plan Width": 21,
                              "Actual Startup Time": 4656.637,
                              "Actual Total Time": 4656.654,
                              "Actual Rows": 22251,
                              "Actual Loops": 4,
                              "Hash Buckets": 131072,
                              "Original Hash Buckets": 1024,
                              "Hash Batches": 1,
                              "Original Hash Batches": 1,
                              "Peak Memory Usage": 7576,
                              "Plans": [
                                {
                                  "Node Type": "Hash Join",
                                  "Parent Relationship": "Outer",
                                  "Parallel Aware": true,
                                  "Join Type": "Inner",
                                  "Startup Cost": 127308.17,
                                  "Total Cost": 459235.75,
                                  "Plan Rows": 23,
                                  "Plan Width": 21,
                                  "Actual Startup Time": 784.646,
                                  "Actual Total Time": 4361.779,
                                  "Actual Rows": 22251,
                                  "Actual Loops": 4,
                                  "Inner Unique": false,
                                  "Hash Cond": "(ci.movie_id = mk.movie_id)",
                                  "Plans": [
                                    {
                                      "Node Type": "Hash Join",
                                      "Parent Relationship": "Outer",
                                      "Parallel Aware": true,
                                      "Join Type": "Inner",
                                      "Startup Cost": 46528.46,
                                      "Total Cost": 375447.23,
                                      "Plan Rows": 802270,
                                      "Plan Width": 29,
                                      "Actual Startup Time": 186.381,
                                      "Actual Total Time": 3494.728,
                                      "Actual Rows": 1483609,
                                      "Actual Loops": 4,
                                      "Inner Unique": true,
                                      "Hash Cond": "(ci.movie_id = t.id)",
                                      "Plans": [
                                        {
                                          "Node Type": "Seq Scan",
                                          "Parent Relationship": "Outer",
                                          "Parallel Aware": true,
                                          "Relation Name": "cast_info",
                                          "Alias": "ci",
                                          "Startup Cost": 0.0,
                                          "Total Cost": 313068.58,
                                          "Plan Rows": 6038158,
                                          "Plan Width": 8,
                                          "Actual Startup Time": 0.016,
                                          "Actual Total Time": 1197.373,
                                          "Actual Rows": 9061086,
                                          "Actual Loops": 4
                                        },
                                        {
                                          "Node Type": "Hash",
                                          "Parent Relationship": "Inner",
                                          "Parallel Aware": true,
                                          "Startup Cost": 45478.74,
                                          "Total Cost": 45478.74,
                                          "Plan Rows": 83978,
                                          "Plan Width": 21,
                                          "Actual Startup Time": 185.325,
                                          "Actual Total Time": 185.326,
                                          "Actual Rows": 84130,
                                          "Actual Loops": 4,
                                          "Hash Buckets": 524288,
                                          "Original Hash Buckets": 524288,
                                          "Hash Batches": 1,
                                          "Original Hash Batches": 1,
                                          "Peak Memory Usage": 22880,
                                          "Plans": [
                                            {
                                              "Node Type": "Seq Scan",
                                              "Parent Relationship": "Outer",
                                              "Parallel Aware": true,
                                              "Relation Name": "title",
                                              "Alias": "t",
                                              "Startup Cost": 0.0,
                                              "Total Cost": 45478.74,
                                              "Plan Rows": 83978,
                                              "Plan Width": 21,
                                              "Actual Startup Time": 0.041,
                                              "Actual Total Time": 139.981,
                                              "Actual Rows": 84130,
                                              "Actual Loops": 4,
                                              "Filter": "((episode_nr >= 6) AND (episode_nr <= 15))",
                                              "Rows Removed by Filter": 547948
                                            }
                                          ]
                                        }
                                      ]
                                    },
                                    {
                                      "Node Type": "Hash",
                                      "Parent Relationship": "Inner",
                                      "Parallel Aware": true,
                                      "Startup Cost": 80779.22,
                                      "Total Cost": 80779.22,
                                      "Plan Rows": 39,
                                      "Plan Width": 8,
                                      "Actual Startup Time": 597.084,
                                      "Actual Total Time": 597.094,
                                      "Actual Rows": 17079,
                                      "Actual Loops": 4,
                                      "Hash Buckets": 131072,
                                      "Original Hash Buckets": 1024,
                                      "Hash Batches": 1,
                                      "Original Hash Batches": 1,
                                      "Peak Memory Usage": 4824,
                                      "Plans": [
                                        {
                                          "Node Type": "Hash Join",
                                          "Parent Relationship": "Outer",
                                          "Parallel Aware": true,
                                          "Join Type": "Inner",
                                          "Startup Cost": 75868.16,
                                          "Total Cost": 80779.22,
                                          "Plan Rows": 39,
                                          "Plan Width": 8,
                                          "Actual Startup Time": 557.349,
                                          "Actual Total Time": 579.367,
                                          "Actual Rows": 17079,
                                          "Actual Loops": 4,
                                          "Inner Unique": false,
                                          "Hash Cond": "(cn.id = mc.company_id)",
                                          "Plans": [
                                            {
                                              "Node Type": "Seq Scan",
                                              "Parent Relationship": "Outer",
                                              "Parallel Aware": true,
                                              "Relation Name": "company_name",
                                              "Alias": "cn",
                                              "Startup Cost": 0.0,
                                              "Total Cost": 4722.92,
                                              "Plan Rows": 50137,
                                              "Plan Width": 4,
                                              "Actual Startup Time": 0.028,
                                              "Actual Total Time": 12.55,
                                              "Actual Rows": 21211,
                                              "Actual Loops": 4,
                                              "Filter": "((country_code)::text = '[us]'::text)",
                                              "Rows Removed by Filter": 37538
                                            },
                                            {
                                              "Node Type": "Hash",
                                              "Parent Relationship": "Inner",
                                              "Parallel Aware": true,
                                              "Startup Cost": 75867.41,
                                              "Total Cost": 75867.41,
                                              "Plan Rows": 60,
                                              "Plan Width": 12,
                                              "Actual Startup Time": 557.173,
                                              "Actual Total Time": 557.18,
                                              "Actual Rows": 37138,
                                              "Actual Loops": 4,
                                              "Hash Buckets": 262144,
                                              "Original Hash Buckets": 1024,
                                              "Hash Batches": 1,
                                              "Original Hash Batches": 1,
                                              "Peak Memory Usage": 11128,
                                              "Plans": [
                                                {
                                                  "Node Type": "Hash Join",
                                                  "Parent Relationship": "Outer",
                                                  "Parallel Aware": true,
                                                  "Join Type": "Inner",
                                                  "Startup Cost": 45504.47,
                                                  "Total Cost": 75867.41,
                                                  "Plan Rows": 60,
                                                  "Plan Width": 12,
                                                  "Actual Startup Time": 319.139,
                                                  "Actual Total Time": 514.519,
                                                  "Actual Rows": 37138,
                                                  "Actual Loops": 4,
                                                  "Inner Unique": false,
                                                  "Hash Cond": "(mc.movie_id = mk.movie_id)",
                                                  "Plans": [
                                                    {
                                                      "Node Type": "Seq Scan",
                                                      "Parent Relationship": "Outer",
                                                      "Parallel Aware": true,
                                                      "Relation Name": "movie_companies",
                                                      "Alias": "mc",
                                                      "Startup Cost": 0.0,
                                                      "Total Cost": 27206.55,
                                                      "Plan Rows": 841655,
                                                      "Plan Width": 8,
                                                      "Actual Startup Time": 0.038,
                                                      "Actual Total Time": 98.46,
                                                      "Actual Rows": 652282,
                                                      "Actual Loops": 4
                                                    },
                                                    {
                                                      "Node Type": "Hash",
                                                      "Parent Relationship": "Inner",
                                                      "Parallel Aware": true,
                                                      "Startup Cost": 45504.33,
                                                      "Total Cost": 45504.33,
                                                      "Plan Rows": 11,
                                                      "Plan Width": 4,
                                                      "Actual Startup Time": 318.63,
                                                      "Actual Total Time": 318.634,
                                                      "Actual Rows": 10460,
                                                      "Actual Loops": 4,
                                                      "Hash Buckets": 65536,
                                                      "Original Hash Buckets": 1024,
                                                      "Hash Batches": 1,
                                                      "Original Hash Batches": 1,
                                                      "Peak Memory Usage": 2712,
                                                      "Plans": [
                                                        {
                                                          "Node Type": "Hash Join",
                                                          "Parent Relationship": "Outer",
                                                          "Parallel Aware": false,
                                                          "Join Type": "Inner",
                                                          "Startup Cost": 2626.14,
                                                          "Total Cost": 45504.33,
                                                          "Plan Rows": 11,
                                                          "Plan Width": 4,
                                                          "Actual Startup Time": 28.132,
                                                          "Actual Total Time": 275.032,
                                                          "Actual Rows": 10460,
                                                          "Actual Loops": 4,
                                                          "Inner Unique": true,
                                                          "Hash Cond": "(mk.keyword_id = k.id)",
                                                          "Plans": [
                                                            {
                                                              "Node Type": "Seq Scan",
                                                              "Parent Relationship": "Outer",
                                                              "Parallel Aware": true,
                                                              "Relation Name": "movie_keyword",
                                                              "Alias": "mk",
                                                              "Startup Cost": 0.0,
                                                              "Total Cost": 39047.32,
                                                              "Plan Rows": 1459332,
                                                              "Plan Width": 8,
                                                              "Actual Startup Time": 0.063,
                                                              "Actual Total Time": 146.209,
                                                              "Actual Rows": 1130982,
                                                              "Actual Loops": 4
                                                            },
                                                            {
                                                              "Node Type": "Hash",
                                                              "Parent Relationship": "Inner",
                                                              "Parallel Aware": false,
                                                              "Startup Cost": 2626.12,
                                                              "Total Cost": 2626.12,
                                                              "Plan Rows": 1,
                                                              "Plan Width": 4,
                                                              "Actual Startup Time": 27.943,
                                                              "Actual Total Time": 27.944,
                                                              "Actual Rows": 1,
                                                              "Actual Loops": 4,
                                                              "Hash Buckets": 1024,
                                                              "Original Hash Buckets": 1024,
                                                              "Hash Batches": 1,
                                                              "Original Hash Batches": 1,
                                                              "Peak Memory Usage": 9,
                                                              "Plans": [
                                                                {
                                                                  "Node Type": "Seq Scan",
                                                                  "Parent Relationship": "Outer",
                                                                  "Parallel Aware": false,
                                                                  "Relation Name": "keyword",
                                                                  "Alias": "k",
                                                                  "Startup Cost": 0.0,
                                                                  "Total Cost": 2626.12,
                                                                  "Plan Rows": 1,
                                                                  "Plan Width": 4,
                                                                  "Actual Startup Time": 2.166,
                                                                  "Actual Total Time": 27.92,
                                                                  "Actual Rows": 1,
                                                                  "Actual Loops": 4,
                                                                  "Filter": "(keyword = 'character-name-in-title'::text)",
                                                                  "Rows Removed by Filter": 134169
                                                                }
                                                              ]
                                                            }
                                                          ]
                                                        }
                                                      ]
                                                    }
                                                  ]
                                                }
                                              ]
                                            }
                                          ]
                                        }
                                      ]
                                    }
                                  ]
                                }
                              ]
                            }
                          ]
                        }
                      ]
                    }
                  ]
                }
              ]
            }
          ]
        }
      ]
    },
    "Planning Time": 19.505,
    "Triggers": [],
    "Execution Time": 5227.579
  }
]