{
  "Plan": {
    "Node Type": "Aggregate",
    "Strategy": "Plain",
    "Partial Mode": "Finalize",
    "Parallel Aware": false,
    "Startup Cost": 168812.86,
    "Total Cost": 168812.87,
    "Plan Rows": 1,
    "Plan Width": 8,
    "Actual Startup Time": 783.354,
    "Actual Total Time": 820.193,
    "Actual Rows": 1,
    "Actual Loops": 1,
    "Plans": [
      {
        "Node Type": "Gather",
        "Parent Relationship": "Outer",
        "Parallel Aware": false,
        "Startup Cost": 168812.75,
        "Total Cost": 168812.86,
        "Plan Rows": 1,
        "Plan Width": 8,
        "Actual Startup Time": 782.928,
        "Actual Total Time": 820.182,
        "Actual Rows": 2,
        "Actual Loops": 1,
        "Workers Planned": 1,
        "Workers Launched": 1,
        "Single Copy": false,
        "Plans": [
          {
            "Node Type": "Aggregate",
            "Strategy": "Plain",
            "Partial Mode": "Partial",
            "Parent Relationship": "Outer",
            "Parallel Aware": false,
            "Startup Cost": 167812.75,
            "Total Cost": 167812.76,
            "Plan Rows": 1,
            "Plan Width": 8,
            "Actual Startup Time": 776.583,
            "Actual Total Time": 776.587,
            "Actual Rows": 1,
            "Actual Loops": 2,
            "Plans": [
              {
                "Node Type": "Nested Loop",
                "Parent Relationship": "Outer",
                "Parallel Aware": false,
                "Join Type": "Inner",
                "Startup Cost": 69040.14,
                "Total Cost": 167487.14,
                "Plan Rows": 130244,
                "Plan Width": 0,
                "Actual Startup Time": 193.353,
                "Actual Total Time": 741.898,
                "Actual Rows": 820800,
                "Actual Loops": 2,
                "Inner Unique": false,
                "Join Filter": "(t.id = mi.movie_id)",
                "Rows Removed by Join Filter": 0,
                "Plans": [
                  {
                    "Node Type": "Hash Join",
                    "Parent Relationship": "Outer",
                    "Parallel Aware": true,
                    "Join Type": "Inner",
                    "Startup Cost": 69039.7,
                    "Total Cost": 99085.47,
                    "Plan Rows": 22274,
                    "Plan Width": 8,
                    "Actual Startup Time": 193.245,
                    "Actual Total Time": 323.589,
                    "Actual Rows": 31660,
                    "Actual Loops": 2,
                    "Inner Unique": true,
                    "Hash Cond": "(mk.movie_id = t.id)",
                    "Plans": [
                      {
                        "Node Type": "Bitmap Heap Scan",
                        "Parent Relationship": "Outer",
                        "Parallel Aware": true,
                        "Relation Name": "movie_keyword",
                        "Alias": "mk",
                        "Startup Cost": 13331.28,
                        "Total Cost": 42406.57,
                        "Plan Rows": 369704,
                        "Plan Width": 4,
                        "Actual Startup Time": 34.969,
                        "Actual Total Time": 116.237,
                        "Actual Rows": 319819,
                        "Actual Loops": 2,
                        "Recheck Cond": "(keyword_id < 496)",
                        "Rows Removed by Index Recheck": 0,
                        "Exact Heap Blocks": 14592,
                        "Lossy Heap Blocks": 0,
                        "Plans": [
                          {
                            "Node Type": "Bitmap Index Scan",
                            "Parent Relationship": "Outer",
                            "Parallel Aware": false,
                            "Index Name": "keyword_id_movie_keyword",
                            "Startup Cost": 0.0,
                            "Total Cost": 13174.15,
                            "Plan Rows": 628496,
                            "Plan Width": 0,
                            "Actual Startup Time": 31.381,
                            "Actual Total Time": 31.382,
                            "Actual Rows": 639638,
                            "Actual Loops": 1,
                            "Index Cond": "(keyword_id < 496)"
                          }
                        ]
                      },
                      {
                        "Node Type": "Hash",
                        "Parent Relationship": "Inner",
                        "Parallel Aware": true,
                        "Startup Cost": 54588.39,
                        "Total Cost": 54588.39,
                        "Plan Rows": 89603,
                        "Plan Width": 4,
                        "Actual Startup Time": 147.971,
                        "Actual Total Time": 147.972,
                        "Actual Rows": 77603,
                        "Actual Loops": 2,
                        "Hash Buckets": 262144,
                        "Original Hash Buckets": 262144,
                        "Hash Batches": 1,
                        "Original Hash Batches": 1,
                        "Peak Memory Usage": 8128,
                        "Plans": [
                          {
                            "Node Type": "Seq Scan",
                            "Parent Relationship": "Outer",
                            "Parallel Aware": true,
                            "Relation Name": "title",
                            "Alias": "t",
                            "Startup Cost": 0.0,
                            "Total Cost": 54588.39,
                            "Plan Rows": 89603,
                            "Plan Width": 4,
                            "Actual Startup Time": 5.163,
                            "Actual Total Time": 131.273,
                            "Actual Rows": 77603,
                            "Actual Loops": 2,
                            "Filter": "(production_year < 1947)",
                            "Rows Removed by Filter": 1186553
                          }
                        ]
                      }
                    ]
                  },
                  {
                    "Node Type": "Index Only Scan",
                    "Parent Relationship": "Inner",
                    "Parallel Aware": false,
                    "Scan Direction": "Forward",
                    "Index Name": "movie_id_movie_info",
                    "Relation Name": "movie_info",
                    "Alias": "mi",
                    "Startup Cost": 0.43,
                    "Total Cost": 2.55,
                    "Plan Rows": 42,
                    "Plan Width": 4,
                    "Actual Startup Time": 0.004,
                    "Actual Total Time": 0.011,
                    "Actual Rows": 26,
                    "Actual Loops": 63319,
                    "Index Cond": "(movie_id = mk.movie_id)",
                    "Rows Removed by Index Recheck": 0,
                    "Heap Fetches": 1641600
                  }
                ]
              }
            ]
          }
        ]
      }
    ]
  },
  "Planning Time": 0.913,
  "Triggers": [],
  "Execution Time": 820.304
}