{
  "Plan": {
    "Node Type": "Aggregate",
    "Strategy": "Plain",
    "Partial Mode": "Finalize",
    "Parallel Aware": false,
    "Startup Cost": 78413.76,
    "Total Cost": 78413.77,
    "Plan Rows": 1,
    "Plan Width": 8,
    "Actual Startup Time": 236.161,
    "Actual Total Time": 249.776,
    "Actual Rows": 1,
    "Actual Loops": 1,
    "Plans": [
      {
        "Node Type": "Gather",
        "Parent Relationship": "Outer",
        "Parallel Aware": false,
        "Startup Cost": 78413.65,
        "Total Cost": 78413.76,
        "Plan Rows": 1,
        "Plan Width": 8,
        "Actual Startup Time": 236.042,
        "Actual Total Time": 249.76,
        "Actual Rows": 2,
        "Actual Loops": 1,
        "Workers Planned": 1,
        "Workers Launched": 1,
        "Single Copy": false,
        "Plans": [
          {
            "Node Type": "Aggregate",
            "Strategy": "Plain",
            "Partial Mode": "Partial",
            "Parent Relationship": "Outer",
            "Parallel Aware": false,
            "Startup Cost": 77413.65,
            "Total Cost": 77413.66,
            "Plan Rows": 1,
            "Plan Width": 8,
            "Actual Startup Time": 229.977,
            "Actual Total Time": 229.98,
            "Actual Rows": 1,
            "Actual Loops": 2,
            "Plans": [
              {
                "Node Type": "Nested Loop",
                "Parent Relationship": "Outer",
                "Parallel Aware": false,
                "Join Type": "Inner",
                "Startup Cost": 54640.87,
                "Total Cost": 77403.92,
                "Plan Rows": 3891,
                "Plan Width": 0,
                "Actual Startup Time": 170.491,
                "Actual Total Time": 229.895,
                "Actual Rows": 1606,
                "Actual Loops": 2,
                "Inner Unique": false,
                "Join Filter": "(t.id = mk.movie_id)",
                "Rows Removed by Join Filter": 0,
                "Plans": [
                  {
                    "Node Type": "Hash Join",
                    "Parent Relationship": "Outer",
                    "Parallel Aware": true,
                    "Join Type": "Inner",
                    "Startup Cost": 54640.44,
                    "Total Cost": 72824.23,
                    "Plan Rows": 2273,
                    "Plan Width": 8,
                    "Actual Startup Time": 170.428,
                    "Actual Total Time": 227.451,
                    "Actual Rows": 370,
                    "Actual Loops": 2,
                    "Inner Unique": true,
                    "Hash Cond": "(mi_idx.movie_id = t.id)",
                    "Plans": [
                      {
                        "Node Type": "Seq Scan",
                        "Parent Relationship": "Outer",
                        "Parallel Aware": true,
                        "Relation Name": "movie_info_idx",
                        "Alias": "mi_idx",
                        "Startup Cost": 0.0,
                        "Total Cost": 16052.85,
                        "Plan Rows": 811785,
                        "Plan Width": 4,
                        "Actual Startup Time": 0.017,
                        "Actual Total Time": 45.452,
                        "Actual Rows": 690018,
                        "Actual Loops": 2
                      },
                      {
                        "Node Type": "Hash",
                        "Parent Relationship": "Inner",
                        "Parallel Aware": true,
                        "Startup Cost": 54588.39,
                        "Total Cost": 54588.39,
                        "Plan Rows": 4164,
                        "Plan Width": 4,
                        "Actual Startup Time": 132.489,
                        "Actual Total Time": 132.49,
                        "Actual Rows": 4062,
                        "Actual Loops": 2,
                        "Hash Buckets": 8192,
                        "Original Hash Buckets": 8192,
                        "Hash Batches": 1,
                        "Original Hash Batches": 1,
                        "Peak Memory Usage": 416,
                        "Plans": [
                          {
                            "Node Type": "Seq Scan",
                            "Parent Relationship": "Outer",
                            "Parallel Aware": true,
                            "Relation Name": "title",
                            "Alias": "t",
                            "Startup Cost": 0.0,
                            "Total Cost": 54588.39,
                            "Plan Rows": 4164,
                            "Plan Width": 4,
                            "Actual Startup Time": 90.018,
                            "Actual Total Time": 131.352,
                            "Actual Rows": 4062,
                            "Actual Loops": 2,
                            "Filter": "(production_year = 1914)",
                            "Rows Removed by Filter": 1260094
                          }
                        ]
                      }
                    ]
                  },
                  {
                    "Node Type": "Index Scan",
                    "Parent Relationship": "Inner",
                    "Parallel Aware": false,
                    "Scan Direction": "Forward",
                    "Index Name": "movie_id_movie_keyword",
                    "Relation Name": "movie_keyword",
                    "Alias": "mk",
                    "Startup Cost": 0.43,
                    "Total Cost": 1.46,
                    "Plan Rows": 44,
                    "Plan Width": 4,
                    "Actual Startup Time": 0.005,
                    "Actual Total Time": 0.006,
                    "Actual Rows": 4,
                    "Actual Loops": 741,
                    "Index Cond": "(movie_id = mi_idx.movie_id)",
                    "Rows Removed by Index Recheck": 0,
                    "Filter": "(keyword_id > 137)",
                    "Rows Removed by Filter": 0
                  }
                ]
              }
            ]
          }
        ]
      }
    ]
  },
  "Planning Time": 0.847,
  "Triggers": [],
  "Execution Time": 249.858
}