[
  {
    "Plan": {
      "Node Type": "Aggregate",
      "Strategy": "Plain",
      "Partial Mode": "Finalize",
      "Parallel Aware": false,
      "Startup Cost": 320225.75,
      "Total Cost": 320225.76,
      "Plan Rows": 1,
      "Plan Width": 8,
      "Actual Startup Time": 229.294,
      "Actual Total Time": 241.83,
      "Actual Rows": 1,
      "Actual Loops": 1,
      "Plans": [
        {
          "Node Type": "Gather",
          "Parent Relationship": "Outer",
          "Parallel Aware": false,
          "Startup Cost": 320225.12,
          "Total Cost": 320225.73,
          "Plan Rows": 6,
          "Plan Width": 8,
          "Actual Startup Time": 228.223,
          "Actual Total Time": 241.823,
          "Actual Rows": 7,
          "Actual Loops": 1,
          "Workers Planned": 6,
          "Workers Launched": 6,
          "Single Copy": false,
          "Plans": [
            {
              "Node Type": "Aggregate",
              "Strategy": "Plain",
              "Partial Mode": "Partial",
              "Parent Relationship": "Outer",
              "Parallel Aware": false,
              "Startup Cost": 319225.12,
              "Total Cost": 319225.13,
              "Plan Rows": 1,
              "Plan Width": 8,
              "Actual Startup Time": 219.522,
              "Actual Total Time": 219.523,
              "Actual Rows": 1,
              "Actual Loops": 7,
              "Plans": [
                {
                  "Node Type": "Bitmap Heap Scan",
                  "Parent Relationship": "Outer",
                  "Parallel Aware": true,
                  "Relation Name": "cast_info",
                  "Alias": "ci",
                  "Startup Cost": 59769.94,
                  "Total Cost": 318097.09,
                  "Plan Rows": 451212,
                  "Plan Width": 0,
                  "Actual Startup Time": 94.446,
                  "Actual Total Time": 196.208,
                  "Actual Rows": 401062,
                  "Actual Loops": 7,
                  "Recheck Cond": "(person_id < 270471)",
                  "Rows Removed by Index Recheck": 0,
                  "Exact Heap Blocks": 7413,
                  "Lossy Heap Blocks": 0,
                  "Plans": [
                    {
                      "Node Type": "Bitmap Index Scan",
                      "Parent Relationship": "Outer",
                      "Parallel Aware": false,
                      "Index Name": "person_id_cast_info",
                      "Startup Cost": 0.0,
                      "Total Cost": 59093.12,
                      "Plan Rows": 2707274,
                      "Plan Width": 0,
                      "Actual Startup Time": 97.303,
                      "Actual Total Time": 97.303,
                      "Actual Rows": 2807434,
                      "Actual Loops": 1,
                      "Index Cond": "(person_id < 270471)"
                    }
                  ]
                }
              ]
            }
          ]
        }
      ]
    },
    "Planning Time": 0.122,
    "Triggers": [],
    "Execution Time": 241.859
  }
]