[
  {
    "Plan": {
      "Node Type": "Aggregate",
      "Strategy": "Plain",
      "Partial Mode": "Finalize",
      "Parallel Aware": false,
      "Startup Cost": 321076.99,
      "Total Cost": 321077.0,
      "Plan Rows": 1,
      "Plan Width": 8,
      "Actual Startup Time": 282.793,
      "Actual Total Time": 292.307,
      "Actual Rows": 1,
      "Actual Loops": 1,
      "Plans": [
        {
          "Node Type": "Gather",
          "Parent Relationship": "Outer",
          "Parallel Aware": false,
          "Startup Cost": 321076.37,
          "Total Cost": 321076.98,
          "Plan Rows": 6,
          "Plan Width": 8,
          "Actual Startup Time": 281.701,
          "Actual Total Time": 292.205,
          "Actual Rows": 7,
          "Actual Loops": 1,
          "Workers Planned": 6,
          "Workers Launched": 6,
          "Single Copy": false,
          "Plans": [
            {
              "Node Type": "Aggregate",
              "Strategy": "Plain",
              "Partial Mode": "Partial",
              "Parent Relationship": "Outer",
              "Parallel Aware": false,
              "Startup Cost": 320076.37,
              "Total Cost": 320076.38,
              "Plan Rows": 1,
              "Plan Width": 8,
              "Actual Startup Time": 273.342,
              "Actual Total Time": 273.343,
              "Actual Rows": 1,
              "Actual Loops": 7,
              "Plans": [
                {
                  "Node Type": "Bitmap Heap Scan",
                  "Parent Relationship": "Outer",
                  "Parallel Aware": true,
                  "Relation Name": "cast_info",
                  "Alias": "ci",
                  "Startup Cost": 60537.46,
                  "Total Cost": 318934.38,
                  "Plan Rows": 456794,
                  "Plan Width": 0,
                  "Actual Startup Time": 147.104,
                  "Actual Total Time": 246.655,
                  "Actual Rows": 401062,
                  "Actual Loops": 7,
                  "Recheck Cond": "(person_id < 270471)",
                  "Rows Removed by Index Recheck": 0,
                  "Exact Heap Blocks": 5381,
                  "Lossy Heap Blocks": 0,
                  "Plans": [
                    {
                      "Node Type": "Bitmap Index Scan",
                      "Parent Relationship": "Outer",
                      "Parallel Aware": false,
                      "Index Name": "person_id_cast_info",
                      "Startup Cost": 0.0,
                      "Total Cost": 59852.27,
                      "Plan Rows": 2740761,
                      "Plan Width": 0,
                      "Actual Startup Time": 147.118,
                      "Actual Total Time": 147.119,
                      "Actual Rows": 2807434,
                      "Actual Loops": 1,
                      "Index Cond": "(person_id < 270471)"
                    }
                  ]
                }
              ]
            }
          ]
        }
      ]
    },
    "Planning Time": 0.096,
    "Triggers": [],
    "Execution Time": 292.354
  }
]