[
  {
    "Plan": {
      "Node Type": "Aggregate",
      "Strategy": "Plain",
      "Partial Mode": "Finalize",
      "Parallel Aware": false,
      "Startup Cost": 45609.79,
      "Total Cost": 45609.8,
      "Plan Rows": 1,
      "Plan Width": 8,
      "Actual Startup Time": 153.244,
      "Actual Total Time": 162.973,
      "Actual Rows": 1,
      "Actual Loops": 1,
      "Plans": [
        {
          "Node Type": "Gather",
          "Parent Relationship": "Outer",
          "Parallel Aware": false,
          "Startup Cost": 45609.48,
          "Total Cost": 45609.79,
          "Plan Rows": 3,
          "Plan Width": 8,
          "Actual Startup Time": 153.024,
          "Actual Total Time": 162.965,
          "Actual Rows": 4,
          "Actual Loops": 1,
          "Workers Planned": 3,
          "Workers Launched": 3,
          "Single Copy": false,
          "Plans": [
            {
              "Node Type": "Aggregate",
              "Strategy": "Plain",
              "Partial Mode": "Partial",
              "Parent Relationship": "Outer",
              "Parallel Aware": false,
              "Startup Cost": 44609.48,
              "Total Cost": 44609.49,
              "Plan Rows": 1,
              "Plan Width": 8,
              "Actual Startup Time": 147.43,
              "Actual Total Time": 147.431,
              "Actual Rows": 1,
              "Actual Loops": 4,
              "Plans": [
                {
                  "Node Type": "Seq Scan",
                  "Parent Relationship": "Outer",
                  "Parallel Aware": true,
                  "Relation Name": "movie_keyword",
                  "Alias": "mk",
                  "Startup Cost": 0.0,
                  "Total Cost": 42695.65,
                  "Plan Rows": 765529,
                  "Plan Width": 0,
                  "Actual Startup Time": 0.369,
                  "Actual Total Time": 119.664,
                  "Actual Rows": 592174,
                  "Actual Loops": 4,
                  "Filter": "(keyword_id > 4075)",
                  "Rows Removed by Filter": 538808
                }
              ]
            }
          ]
        }
      ]
    },
    "Planning Time": 0.118,
    "Triggers": [],
    "Execution Time": 163.015
  }
]