[
  {
    "Plan": {
      "Node Type": "Aggregate",
      "Strategy": "Plain",
      "Partial Mode": "Finalize",
      "Parallel Aware": false,
      "Startup Cost": 78878.03,
      "Total Cost": 78878.04,
      "Plan Rows": 1,
      "Plan Width": 8,
      "Actual Startup Time": 211.019,
      "Actual Total Time": 228.862,
      "Actual Rows": 1,
      "Actual Loops": 1,
      "Plans": [
        {
          "Node Type": "Gather",
          "Parent Relationship": "Outer",
          "Parallel Aware": false,
          "Startup Cost": 78877.72,
          "Total Cost": 78878.03,
          "Plan Rows": 3,
          "Plan Width": 8,
          "Actual Startup Time": 210.265,
          "Actual Total Time": 228.851,
          "Actual Rows": 4,
          "Actual Loops": 1,
          "Workers Planned": 3,
          "Workers Launched": 3,
          "Single Copy": false,
          "Plans": [
            {
              "Node Type": "Aggregate",
              "Strategy": "Plain",
              "Partial Mode": "Partial",
              "Parent Relationship": "Outer",
              "Parallel Aware": false,
              "Startup Cost": 77877.72,
              "Total Cost": 77877.73,
              "Plan Rows": 1,
              "Plan Width": 8,
              "Actual Startup Time": 201.371,
              "Actual Total Time": 201.375,
              "Actual Rows": 1,
              "Actual Loops": 4,
              "Plans": [
                {
                  "Node Type": "Hash Join",
                  "Parent Relationship": "Outer",
                  "Parallel Aware": true,
                  "Join Type": "Inner",
                  "Startup Cost": 45723.55,
                  "Total Cost": 77856.55,
                  "Plan Rows": 8465,
                  "Plan Width": 0,
                  "Actual Startup Time": 113.514,
                  "Actual Total Time": 201.346,
                  "Actual Rows": 367,
                  "Actual Loops": 4,
                  "Inner Unique": true,
                  "Hash Cond": "(mc.movie_id = t.id)",
                  "Plans": [
                    {
                      "Node Type": "Seq Scan",
                      "Parent Relationship": "Outer",
                      "Parallel Aware": true,
                      "Relation Name": "movie_companies",
                      "Alias": "mc",
                      "Startup Cost": 0.0,
                      "Total Cost": 31414.82,
                      "Plan Rows": 273595,
                      "Plan Width": 4,
                      "Actual Startup Time": 0.927,
                      "Actual Total Time": 69.132,
                      "Actual Rows": 162296,
                      "Actual Loops": 4,
                      "Filter": "((company_id > 2640) AND (company_type_id < 2))",
                      "Rows Removed by Filter": 489987
                    },
                    {
                      "Node Type": "Hash",
                      "Parent Relationship": "Inner",
                      "Parallel Aware": true,
                      "Startup Cost": 45479.1,
                      "Total Cost": 45479.1,
                      "Plan Rows": 19556,
                      "Plan Width": 4,
                      "Actual Startup Time": 110.281,
                      "Actual Total Time": 110.282,
                      "Actual Rows": 21171,
                      "Actual Loops": 4,
                      "Hash Buckets": 131072,
                      "Original Hash Buckets": 131072,
                      "Hash Batches": 1,
                      "Original Hash Batches": 1,
                      "Peak Memory Usage": 4384,
                      "Plans": [
                        {
                          "Node Type": "Seq Scan",
                          "Parent Relationship": "Outer",
                          "Parallel Aware": true,
                          "Relation Name": "title",
                          "Alias": "t",
                          "Startup Cost": 0.0,
                          "Total Cost": 45479.1,
                          "Plan Rows": 19556,
                          "Plan Width": 4,
                          "Actual Startup Time": 0.047,
                          "Actual Total Time": 101.235,
                          "Actual Rows": 21171,
                          "Actual Loops": 4,
                          "Filter": "((kind_id = 7) AND (production_year = 2009))",
                          "Rows Removed by Filter": 610907
                        }
                      ]
                    }
                  ]
                }
              ]
            }
          ]
        }
      ]
    },
    "Planning Time": 0.735,
    "Triggers": [],
    "Execution Time": 228.934
  }
]