{
  "Plan": {
    "Node Type": "Aggregate",
    "Strategy": "Plain",
    "Partial Mode": "Finalize",
    "Parallel Aware": false,
    "Startup Cost": 529032.73,
    "Total Cost": 529032.74,
    "Plan Rows": 1,
    "Plan Width": 8,
    "Actual Startup Time": 4422.673,
    "Actual Total Time": 4459.751,
    "Actual Rows": 1,
    "Actual Loops": 1,
    "Plans": [
      {
        "Node Type": "Gather",
        "Parent Relationship": "Outer",
        "Parallel Aware": false,
        "Startup Cost": 529032.62,
        "Total Cost": 529032.73,
        "Plan Rows": 1,
        "Plan Width": 8,
        "Actual Startup Time": 4413.653,
        "Actual Total Time": 4459.744,
        "Actual Rows": 2,
        "Actual Loops": 1,
        "Workers Planned": 1,
        "Workers Launched": 1,
        "Single Copy": false,
        "Plans": [
          {
            "Node Type": "Aggregate",
            "Strategy": "Plain",
            "Partial Mode": "Partial",
            "Parent Relationship": "Outer",
            "Parallel Aware": false,
            "Startup Cost": 528032.62,
            "Total Cost": 528032.63,
            "Plan Rows": 1,
            "Plan Width": 8,
            "Actual Startup Time": 4393.525,
            "Actual Total Time": 4393.53,
            "Actual Rows": 1,
            "Actual Loops": 2,
            "Plans": [
              {
                "Node Type": "Hash Join",
                "Parent Relationship": "Outer",
                "Parallel Aware": true,
                "Join Type": "Inner",
                "Startup Cost": 499387.22,
                "Total Cost": 527456.17,
                "Plan Rows": 230579,
                "Plan Width": 0,
                "Actual Startup Time": 4075.227,
                "Actual Total Time": 4337.703,
                "Actual Rows": 1375743,
                "Actual Loops": 2,
                "Inner Unique": false,
                "Hash Cond": "(mk.movie_id = t.id)",
                "Plans": [
                  {
                    "Node Type": "Bitmap Heap Scan",
                    "Parent Relationship": "Outer",
                    "Parallel Aware": true,
                    "Relation Name": "movie_keyword",
                    "Alias": "mk",
                    "Startup Cost": 4347.48,
                    "Total Cost": 30307.21,
                    "Plan Rows": 120459,
                    "Plan Width": 4,
                    "Actual Startup Time": 13.777,
                    "Actual Total Time": 58.872,
                    "Actual Rows": 108968,
                    "Actual Loops": 2,
                    "Recheck Cond": "(keyword_id < 154)",
                    "Rows Removed by Index Recheck": 0,
                    "Exact Heap Blocks": 12486,
                    "Lossy Heap Blocks": 0,
                    "Plans": [
                      {
                        "Node Type": "Bitmap Index Scan",
                        "Parent Relationship": "Outer",
                        "Parallel Aware": false,
                        "Index Name": "keyword_id_movie_keyword",
                        "Startup Cost": 0.0,
                        "Total Cost": 4296.28,
                        "Plan Rows": 204780,
                        "Plan Width": 0,
                        "Actual Startup Time": 10.373,
                        "Actual Total Time": 10.374,
                        "Actual Rows": 217936,
                        "Actual Loops": 1,
                        "Index Cond": "(keyword_id < 154)"
                      }
                    ]
                  },
                  {
                    "Node Type": "Hash",
                    "Parent Relationship": "Inner",
                    "Parallel Aware": true,
                    "Startup Cost": 459454.56,
                    "Total Cost": 459454.56,
                    "Plan Rows": 2846814,
                    "Plan Width": 8,
                    "Actual Startup Time": 4028.724,
                    "Actual Total Time": 4028.728,
                    "Actual Rows": 2590002,
                    "Actual Loops": 2,
                    "Hash Buckets": 8388608,
                    "Original Hash Buckets": 8388608,
                    "Hash Batches": 1,
                    "Original Hash Batches": 1,
                    "Peak Memory Usage": 268224,
                    "Plans": [
                      {
                        "Node Type": "Hash Join",
                        "Parent Relationship": "Outer",
                        "Parallel Aware": true,
                        "Join Type": "Inner",
                        "Startup Cost": 61878.87,
                        "Total Cost": 459454.56,
                        "Plan Rows": 2846814,
                        "Plan Width": 8,
                        "Actual Startup Time": 250.52,
                        "Actual Total Time": 3157.556,
                        "Actual Rows": 2590002,
                        "Actual Loops": 2,
                        "Inner Unique": true,
                        "Hash Cond": "(ci.movie_id = t.id)",
                        "Plans": [
                          {
                            "Node Type": "Index Scan",
                            "Parent Relationship": "Outer",
                            "Parallel Aware": true,
                            "Scan Direction": "Forward",
                            "Index Name": "role_id_cast_info",
                            "Relation Name": "cast_info",
                            "Alias": "ci",
                            "Startup Cost": 0.56,
                            "Total Cost": 378519.23,
                            "Plan Rows": 7259809,
                            "Plan Width": 4,
                            "Actual Startup Time": 0.072,
                            "Actual Total Time": 919.728,
                            "Actual Rows": 6056823,
                            "Actual Loops": 2,
                            "Index Cond": "(role_id > 3)",
                            "Rows Removed by Index Recheck": 0
                          },
                          {
                            "Node Type": "Hash",
                            "Parent Relationship": "Inner",
                            "Parallel Aware": true,
                            "Startup Cost": 54588.39,
                            "Total Cost": 54588.39,
                            "Plan Rows": 583193,
                            "Plan Width": 4,
                            "Actual Startup Time": 247.712,
                            "Actual Total Time": 247.713,
                            "Actual Rows": 492524,
                            "Actual Loops": 2,
                            "Hash Buckets": 1048576,
                            "Original Hash Buckets": 1048576,
                            "Hash Batches": 1,
                            "Original Hash Batches": 1,
                            "Peak Memory Usage": 46752,
                            "Plans": [
                              {
                                "Node Type": "Seq Scan",
                                "Parent Relationship": "Outer",
                                "Parallel Aware": true,
                                "Relation Name": "title",
                                "Alias": "t",
                                "Startup Cost": 0.0,
                                "Total Cost": 54588.39,
                                "Plan Rows": 583193,
                                "Plan Width": 4,
                                "Actual Startup Time": 0.032,
                                "Actual Total Time": 142.79,
                                "Actual Rows": 492524,
                                "Actual Loops": 2,
                                "Filter": "(kind_id < 7)",
                                "Rows Removed by Filter": 771632
                              }
                            ]
                          }
                        ]
                      }
                    ]
                  }
                ]
              }
            ]
          }
        ]
      }
    ]
  },
  "Planning Time": 1.719,
  "Triggers": [],
  "Execution Time": 4459.861
}