{
  "Plan": {
    "Node Type": "Aggregate",
    "Strategy": "Plain",
    "Partial Mode": "Finalize",
    "Parallel Aware": false,
    "Startup Cost": 463871.2,
    "Total Cost": 463871.21,
    "Plan Rows": 1,
    "Plan Width": 8,
    "Actual Startup Time": 7642.497,
    "Actual Total Time": 7674.064,
    "Actual Rows": 1,
    "Actual Loops": 1,
    "Plans": [
      {
        "Node Type": "Gather",
        "Parent Relationship": "Outer",
        "Parallel Aware": false,
        "Startup Cost": 463871.09,
        "Total Cost": 463871.2,
        "Plan Rows": 1,
        "Plan Width": 8,
        "Actual Startup Time": 7642.328,
        "Actual Total Time": 7674.056,
        "Actual Rows": 2,
        "Actual Loops": 1,
        "Workers Planned": 1,
        "Workers Launched": 1,
        "Single Copy": false,
        "Plans": [
          {
            "Node Type": "Aggregate",
            "Strategy": "Plain",
            "Partial Mode": "Partial",
            "Parent Relationship": "Outer",
            "Parallel Aware": false,
            "Startup Cost": 462871.09,
            "Total Cost": 462871.1,
            "Plan Rows": 1,
            "Plan Width": 8,
            "Actual Startup Time": 7636.32,
            "Actual Total Time": 7636.322,
            "Actual Rows": 1,
            "Actual Loops": 2,
            "Plans": [
              {
                "Node Type": "Merge Join",
                "Parent Relationship": "Outer",
                "Parallel Aware": false,
                "Join Type": "Inner",
                "Startup Cost": 20.65,
                "Total Cost": 460243.43,
                "Plan Rows": 1051062,
                "Plan Width": 0,
                "Actual Startup Time": 8.621,
                "Actual Total Time": 6979.051,
                "Actual Rows": 16110075,
                "Actual Loops": 2,
                "Inner Unique": false,
                "Merge Cond": "(t.id = mc.movie_id)",
                "Plans": [
                  {
                    "Node Type": "Merge Join",
                    "Parent Relationship": "Outer",
                    "Parallel Aware": false,
                    "Join Type": "Inner",
                    "Startup Cost": 13.96,
                    "Total Cost": 300911.17,
                    "Plan Rows": 1018498,
                    "Plan Width": 8,
                    "Actual Startup Time": 7.852,
                    "Actual Total Time": 1830.341,
                    "Actual Rows": 1885064,
                    "Actual Loops": 2,
                    "Inner Unique": true,
                    "Merge Cond": "(mk.movie_id = t.id)",
                    "Plans": [
                      {
                        "Node Type": "Index Scan",
                        "Parent Relationship": "Outer",
                        "Parallel Aware": true,
                        "Scan Direction": "Forward",
                        "Index Name": "movie_id_movie_keyword",
                        "Relation Name": "movie_keyword",
                        "Alias": "mk",
                        "Startup Cost": 0.43,
                        "Total Cost": 165212.95,
                        "Plan Rows": 2597324,
                        "Plan Width": 4,
                        "Actual Startup Time": 0.071,
                        "Actual Total Time": 404.591,
                        "Actual Rows": 2207794,
                        "Actual Loops": 2,
                        "Filter": "(keyword_id < 80511)",
                        "Rows Removed by Filter": 54164
                      },
                      {
                        "Node Type": "Index Scan",
                        "Parent Relationship": "Inner",
                        "Parallel Aware": false,
                        "Scan Direction": "Forward",
                        "Index Name": "title_pkey",
                        "Relation Name": "title",
                        "Alias": "t",
                        "Startup Cost": 0.43,
                        "Total Cost": 116660.7,
                        "Plan Rows": 991428,
                        "Plan Width": 4,
                        "Actual Startup Time": 0.094,
                        "Actual Total Time": 1154.752,
                        "Actual Rows": 983596,
                        "Actual Loops": 2,
                        "Filter": "(kind_id < 7)",
                        "Rows Removed by Filter": 1542089
                      }
                    ]
                  },
                  {
                    "Node Type": "Index Only Scan",
                    "Parent Relationship": "Inner",
                    "Parallel Aware": false,
                    "Scan Direction": "Forward",
                    "Index Name": "movie_id_movie_companies",
                    "Relation Name": "movie_companies",
                    "Alias": "mc",
                    "Startup Cost": 0.43,
                    "Total Cost": 140059.44,
                    "Plan Rows": 2609129,
                    "Plan Width": 4,
                    "Actual Startup Time": 0.071,
                    "Actual Total Time": 3559.987,
                    "Actual Rows": 18173376,
                    "Actual Loops": 2,
                    "Heap Fetches": 36346752
                  }
                ]
              }
            ]
          }
        ]
      }
    ]
  },
  "Planning Time": 1.02,
  "Triggers": [],
  "Execution Time": 7674.16
}