[
  {
    "Plan": {
      "Node Type": "Aggregate",
      "Strategy": "Plain",
      "Partial Mode": "Finalize",
      "Parallel Aware": false,
      "Startup Cost": 121730.42,
      "Total Cost": 121730.43,
      "Plan Rows": 1,
      "Plan Width": 8,
      "Actual Startup Time": 189.241,
      "Actual Total Time": 200.836,
      "Actual Rows": 1,
      "Actual Loops": 1,
      "Plans": [
        {
          "Node Type": "Gather",
          "Parent Relationship": "Outer",
          "Parallel Aware": false,
          "Startup Cost": 121729.9,
          "Total Cost": 121730.41,
          "Plan Rows": 5,
          "Plan Width": 8,
          "Actual Startup Time": 189.151,
          "Actual Total Time": 200.824,
          "Actual Rows": 6,
          "Actual Loops": 1,
          "Workers Planned": 5,
          "Workers Launched": 5,
          "Single Copy": false,
          "Plans": [
            {
              "Node Type": "Aggregate",
              "Strategy": "Plain",
              "Partial Mode": "Partial",
              "Parent Relationship": "Outer",
              "Parallel Aware": false,
              "Startup Cost": 120729.9,
              "Total Cost": 120729.91,
              "Plan Rows": 1,
              "Plan Width": 8,
              "Actual Startup Time": 180.09,
              "Actual Total Time": 180.091,
              "Actual Rows": 1,
              "Actual Loops": 6,
              "Plans": [
                {
                  "Node Type": "Index Scan",
                  "Parent Relationship": "Outer",
                  "Parallel Aware": true,
                  "Scan Direction": "Forward",
                  "Index Name": "role_id_cast_info",
                  "Relation Name": "cast_info",
                  "Alias": "ci",
                  "Startup Cost": 0.56,
                  "Total Cost": 119623.46,
                  "Plan Rows": 442577,
                  "Plan Width": 0,
                  "Actual Startup Time": 0.151,
                  "Actual Total Time": 152.239,
                  "Actual Rows": 604414,
                  "Actual Loops": 6,
                  "Index Cond": "(role_id = 10)",
                  "Rows Removed by Index Recheck": 0,
                  "Filter": "(person_id > 1782437)",
                  "Rows Removed by Filter": 116088
                }
              ]
            }
          ]
        }
      ]
    },
    "Planning Time": 0.197,
    "Triggers": [],
    "Execution Time": 200.891
  }
]