[
  {
    "Plan": {
      "Node Type": "Aggregate",
      "Strategy": "Plain",
      "Partial Mode": "Finalize",
      "Parallel Aware": false,
      "Startup Cost": 285478.61,
      "Total Cost": 285478.62,
      "Plan Rows": 1,
      "Plan Width": 8,
      "Actual Startup Time": 752.321,
      "Actual Total Time": 775.69,
      "Actual Rows": 1,
      "Actual Loops": 1,
      "Plans": [
        {
          "Node Type": "Gather",
          "Parent Relationship": "Outer",
          "Parallel Aware": false,
          "Startup Cost": 285478.09,
          "Total Cost": 285478.6,
          "Plan Rows": 5,
          "Plan Width": 8,
          "Actual Startup Time": 744.903,
          "Actual Total Time": 775.672,
          "Actual Rows": 6,
          "Actual Loops": 1,
          "Workers Planned": 5,
          "Workers Launched": 5,
          "Single Copy": false,
          "Plans": [
            {
              "Node Type": "Aggregate",
              "Strategy": "Plain",
              "Partial Mode": "Partial",
              "Parent Relationship": "Outer",
              "Parallel Aware": false,
              "Startup Cost": 284478.09,
              "Total Cost": 284478.1,
              "Plan Rows": 1,
              "Plan Width": 8,
              "Actual Startup Time": 737.901,
              "Actual Total Time": 737.986,
              "Actual Rows": 1,
              "Actual Loops": 6,
              "Plans": [
                {
                  "Node Type": "Hash Join",
                  "Parent Relationship": "Outer",
                  "Parallel Aware": true,
                  "Join Type": "Inner",
                  "Startup Cost": 80309.31,
                  "Total Cost": 283747.29,
                  "Plan Rows": 292320,
                  "Plan Width": 0,
                  "Actual Startup Time": 304.15,
                  "Actual Total Time": 728.408,
                  "Actual Rows": 213090,
                  "Actual Loops": 6,
                  "Inner Unique": false,
                  "Hash Cond": "(mi.movie_id = t.id)",
                  "Plans": [
                    {
                      "Node Type": "Seq Scan",
                      "Parent Relationship": "Outer",
                      "Parallel Aware": true,
                      "Relation Name": "movie_info",
                      "Alias": "mi",
                      "Startup Cost": 0.0,
                      "Total Cost": 198880.74,
                      "Plan Rows": 963806,
                      "Plan Width": 4,
                      "Actual Startup Time": 0.016,
                      "Actual Total Time": 291.39,
                      "Actual Rows": 820661,
                      "Actual Loops": 6,
                      "Filter": "(info_type_id < 5)",
                      "Rows Removed by Filter": 1651959
                    },
                    {
                      "Node Type": "Hash",
                      "Parent Relationship": "Inner",
                      "Parallel Aware": true,
                      "Startup Cost": 77217.23,
                      "Total Cost": 77217.23,
                      "Plan Rows": 247366,
                      "Plan Width": 8,
                      "Actual Startup Time": 301.183,
                      "Actual Total Time": 301.267,
                      "Actual Rows": 80104,
                      "Actual Loops": 6,
                      "Hash Buckets": 1048576,
                      "Original Hash Buckets": 1048576,
                      "Hash Batches": 1,
                      "Original Hash Batches": 1,
                      "Peak Memory Usage": 27072,
                      "Plans": [
                        {
                          "Node Type": "Hash Join",
                          "Parent Relationship": "Outer",
                          "Parallel Aware": true,
                          "Join Type": "Inner",
                          "Startup Cost": 47801.35,
                          "Total Cost": 77217.23,
                          "Plan Rows": 247366,
                          "Plan Width": 8,
                          "Actual Startup Time": 133.398,
                          "Actual Total Time": 271.621,
                          "Actual Rows": 80104,
                          "Actual Loops": 6,
                          "Inner Unique": true,
                          "Hash Cond": "(mc.movie_id = t.id)",
                          "Plans": [
                            {
                              "Node Type": "Seq Scan",
                              "Parent Relationship": "Outer",
                              "Parallel Aware": true,
                              "Relation Name": "movie_companies",
                              "Alias": "mc",
                              "Startup Cost": 0.0,
                              "Total Cost": 27206.55,
                              "Plan Rows": 841655,
                              "Plan Width": 4,
                              "Actual Startup Time": 0.024,
                              "Actual Total Time": 43.593,
                              "Actual Rows": 434855,
                              "Actual Loops": 6
                            },
                            {
                              "Node Type": "Hash",
                              "Parent Relationship": "Inner",
                              "Parallel Aware": true,
                              "Startup Cost": 45479.21,
                              "Total Cost": 45479.21,
                              "Plan Rows": 185771,
                              "Plan Width": 4,
                              "Actual Startup Time": 132.005,
                              "Actual Total Time": 132.006,
                              "Actual Rows": 132773,
                              "Actual Loops": 6,
                              "Hash Buckets": 1048576,
                              "Original Hash Buckets": 1048576,
                              "Hash Batches": 1,
                              "Original Hash Batches": 1,
                              "Peak Memory Usage": 39456,
                              "Plans": [
                                {
                                  "Node Type": "Seq Scan",
                                  "Parent Relationship": "Outer",
                                  "Parallel Aware": true,
                                  "Relation Name": "title",
                                  "Alias": "t",
                                  "Startup Cost": 0.0,
                                  "Total Cost": 45479.21,
                                  "Plan Rows": 185771,
                                  "Plan Width": 4,
                                  "Actual Startup Time": 0.038,
                                  "Actual Total Time": 77.452,
                                  "Actual Rows": 132773,
                                  "Actual Loops": 6,
                                  "Filter": "((kind_id > 1) AND (production_year > 2005))",
                                  "Rows Removed by Filter": 288612
                                }
                              ]
                            }
                          ]
                        }
                      ]
                    }
                  ]
                }
              ]
            }
          ]
        }
      ]
    },
    "Planning Time": 0.441,
    "Triggers": [],
    "Execution Time": 775.729
  }
]