[
  {
    "Plan": {
      "Node Type": "Aggregate",
      "Strategy": "Plain",
      "Partial Mode": "Finalize",
      "Parallel Aware": false,
      "Startup Cost": 76866.79,
      "Total Cost": 76866.8,
      "Plan Rows": 1,
      "Plan Width": 8,
      "Actual Startup Time": 355.974,
      "Actual Total Time": 367.524,
      "Actual Rows": 1,
      "Actual Loops": 1,
      "Plans": [
        {
          "Node Type": "Gather",
          "Parent Relationship": "Outer",
          "Parallel Aware": false,
          "Startup Cost": 76866.47,
          "Total Cost": 76866.78,
          "Plan Rows": 3,
          "Plan Width": 8,
          "Actual Startup Time": 351.213,
          "Actual Total Time": 367.515,
          "Actual Rows": 4,
          "Actual Loops": 1,
          "Workers Planned": 3,
          "Workers Launched": 3,
          "Single Copy": false,
          "Plans": [
            {
              "Node Type": "Aggregate",
              "Strategy": "Plain",
              "Partial Mode": "Partial",
              "Parent Relationship": "Outer",
              "Parallel Aware": false,
              "Startup Cost": 75866.47,
              "Total Cost": 75866.48,
              "Plan Rows": 1,
              "Plan Width": 8,
              "Actual Startup Time": 341.987,
              "Actual Total Time": 341.992,
              "Actual Rows": 1,
              "Actual Loops": 4,
              "Plans": [
                {
                  "Node Type": "Hash Join",
                  "Parent Relationship": "Outer",
                  "Parallel Aware": true,
                  "Join Type": "Inner",
                  "Startup Cost": 55265.48,
                  "Total Cost": 75728.84,
                  "Plan Rows": 55052,
                  "Plan Width": 0,
                  "Actual Startup Time": 280.434,
                  "Actual Total Time": 339.01,
                  "Actual Rows": 47760,
                  "Actual Loops": 4,
                  "Inner Unique": true,
                  "Hash Cond": "(mc.movie_id = t.id)",
                  "Plans": [
                    {
                      "Node Type": "Bitmap Heap Scan",
                      "Parent Relationship": "Outer",
                      "Parallel Aware": true,
                      "Relation Name": "movie_companies",
                      "Alias": "mc",
                      "Startup Cost": 7434.46,
                      "Total Cost": 27607.4,
                      "Plan Rows": 110636,
                      "Plan Width": 4,
                      "Actual Startup Time": 31.567,
                      "Actual Total Time": 52.055,
                      "Actual Rows": 85362,
                      "Actual Loops": 4,
                      "Recheck Cond": "(company_id > 89168)",
                      "Rows Removed by Index Recheck": 0,
                      "Exact Heap Blocks": 1397,
                      "Lossy Heap Blocks": 0,
                      "Plans": [
                        {
                          "Node Type": "Bitmap Index Scan",
                          "Parent Relationship": "Outer",
                          "Parallel Aware": false,
                          "Index Name": "company_id_movie_companies",
                          "Startup Cost": 0.0,
                          "Total Cost": 7348.71,
                          "Plan Rows": 342971,
                          "Plan Width": 0,
                          "Actual Startup Time": 30.395,
                          "Actual Total Time": 30.396,
                          "Actual Rows": 341450,
                          "Actual Loops": 1,
                          "Index Cond": "(company_id > 89168)"
                        }
                      ]
                    },
                    {
                      "Node Type": "Hash",
                      "Parent Relationship": "Inner",
                      "Parallel Aware": true,
                      "Startup Cost": 43899.32,
                      "Total Cost": 43899.32,
                      "Plan Rows": 314536,
                      "Plan Width": 4,
                      "Actual Startup Time": 243.45,
                      "Actual Total Time": 243.451,
                      "Actual Rows": 315925,
                      "Actual Loops": 4,
                      "Hash Buckets": 2097152,
                      "Original Hash Buckets": 2097152,
                      "Hash Batches": 1,
                      "Original Hash Batches": 1,
                      "Peak Memory Usage": 65888,
                      "Plans": [
                        {
                          "Node Type": "Seq Scan",
                          "Parent Relationship": "Outer",
                          "Parallel Aware": true,
                          "Relation Name": "title",
                          "Alias": "t",
                          "Startup Cost": 0.0,
                          "Total Cost": 43899.32,
                          "Plan Rows": 314536,
                          "Plan Width": 4,
                          "Actual Startup Time": 0.046,
                          "Actual Total Time": 117.005,
                          "Actual Rows": 315925,
                          "Actual Loops": 4,
                          "Filter": "(production_year < 2004)",
                          "Rows Removed by Filter": 316153
                        }
                      ]
                    }
                  ]
                }
              ]
            }
          ]
        }
      ]
    },
    "Planning Time": 0.613,
    "Triggers": [],
    "Execution Time": 367.582
  }
]