[
  {
    "Plan": {
      "Node Type": "Aggregate",
      "Strategy": "Plain",
      "Partial Mode": "Finalize",
      "Parallel Aware": false,
      "Startup Cost": 32361.59,
      "Total Cost": 32361.6,
      "Plan Rows": 1,
      "Plan Width": 8,
      "Actual Startup Time": 105.241,
      "Actual Total Time": 113.991,
      "Actual Rows": 1,
      "Actual Loops": 1,
      "Plans": [
        {
          "Node Type": "Gather",
          "Parent Relationship": "Outer",
          "Parallel Aware": false,
          "Startup Cost": 32361.27,
          "Total Cost": 32361.58,
          "Plan Rows": 3,
          "Plan Width": 8,
          "Actual Startup Time": 105.111,
          "Actual Total Time": 113.982,
          "Actual Rows": 4,
          "Actual Loops": 1,
          "Workers Planned": 3,
          "Workers Launched": 3,
          "Single Copy": false,
          "Plans": [
            {
              "Node Type": "Aggregate",
              "Strategy": "Plain",
              "Partial Mode": "Partial",
              "Parent Relationship": "Outer",
              "Parallel Aware": false,
              "Startup Cost": 31361.27,
              "Total Cost": 31361.28,
              "Plan Rows": 1,
              "Plan Width": 8,
              "Actual Startup Time": 101.955,
              "Actual Total Time": 101.957,
              "Actual Rows": 1,
              "Actual Loops": 4,
              "Plans": [
                {
                  "Node Type": "Seq Scan",
                  "Parent Relationship": "Outer",
                  "Parallel Aware": true,
                  "Relation Name": "movie_companies",
                  "Alias": "mc",
                  "Startup Cost": 0.0,
                  "Total Cost": 29310.68,
                  "Plan Rows": 820237,
                  "Plan Width": 0,
                  "Actual Startup Time": 0.016,
                  "Actual Total Time": 74.636,
                  "Actual Rows": 635936,
                  "Actual Loops": 4,
                  "Filter": "(company_id < 179886)",
                  "Rows Removed by Filter": 16346
                }
              ]
            }
          ]
        }
      ]
    },
    "Planning Time": 0.089,
    "Triggers": [],
    "Execution Time": 114.02
  }
]