[
    {
        "Bao": {
            "Bao prediction": "NaN",
            "Bao recommended hint": "(no hint)"
        }
    },
    {
        "Plan": {
            "Node Type": "Aggregate",
            "Strategy": "Plain",
            "Partial Mode": "Finalize",
            "Parallel Aware": false,
            "Startup Cost": 162239.54,
            "Total Cost": 162239.55,
            "Plan Rows": 1,
            "Plan Width": 8,
            "Actual Startup Time": 372.374,
            "Actual Total Time": 401.385,
            "Actual Rows": 1,
            "Actual Loops": 1,
            "Output": [
                "count(*)"
            ],
            "Plans": [
                {
                    "Node Type": "Gather",
                    "Parent Relationship": "Outer",
                    "Parallel Aware": false,
                    "Startup Cost": 162239.33,
                    "Total Cost": 162239.54,
                    "Plan Rows": 2,
                    "Plan Width": 8,
                    "Actual Startup Time": 371.152,
                    "Actual Total Time": 401.377,
                    "Actual Rows": 3,
                    "Actual Loops": 1,
                    "Output": [
                        "(PARTIAL count(*))"
                    ],
                    "Workers Planned": 2,
                    "Workers Launched": 2,
                    "Single Copy": false,
                    "Plans": [
                        {
                            "Node Type": "Aggregate",
                            "Strategy": "Plain",
                            "Partial Mode": "Partial",
                            "Parent Relationship": "Outer",
                            "Parallel Aware": false,
                            "Startup Cost": 161239.33,
                            "Total Cost": 161239.34,
                            "Plan Rows": 1,
                            "Plan Width": 8,
                            "Actual Startup Time": 363.626,
                            "Actual Total Time": 363.629,
                            "Actual Rows": 1,
                            "Actual Loops": 3,
                            "Output": [
                                "PARTIAL count(*)"
                            ],
                            "Workers": [
                                {
                                    "Worker Number": 0,
                                    "Actual Startup Time": 360.394,
                                    "Actual Total Time": 360.396,
                                    "Actual Rows": 1,
                                    "Actual Loops": 1
                                },
                                {
                                    "Worker Number": 1,
                                    "Actual Startup Time": 359.834,
                                    "Actual Total Time": 359.837,
                                    "Actual Rows": 1,
                                    "Actual Loops": 1
                                }
                            ],
                            "Plans": [
                                {
                                    "Node Type": "Nested Loop",
                                    "Parent Relationship": "Outer",
                                    "Parallel Aware": false,
                                    "Join Type": "Inner",
                                    "Startup Cost": 44625.69,
                                    "Total Cost": 161122.86,
                                    "Plan Rows": 46586,
                                    "Plan Width": 0,
                                    "Actual Startup Time": 114.323,
                                    "Actual Total Time": 360.926,
                                    "Actual Rows": 52217,
                                    "Actual Loops": 3,
                                    "Inner Unique": false,
                                    "Join Filter": "(t.id = mi.movie_id)",
                                    "Rows Removed by Join Filter": 0,
                                    "Workers": [
                                        {
                                            "Worker Number": 0,
                                            "Actual Startup Time": 110.461,
                                            "Actual Total Time": 357.855,
                                            "Actual Rows": 44879,
                                            "Actual Loops": 1
                                        },
                                        {
                                            "Worker Number": 1,
                                            "Actual Startup Time": 111.077,
                                            "Actual Total Time": 357.312,
                                            "Actual Rows": 44763,
                                            "Actual Loops": 1
                                        }
                                    ],
                                    "Plans": [
                                        {
                                            "Node Type": "Hash Join",
                                            "Parent Relationship": "Outer",
                                            "Parallel Aware": true,
                                            "Join Type": "Inner",
                                            "Startup Cost": 44625.26,
                                            "Total Cost": 59819.82,
                                            "Plan Rows": 52855,
                                            "Plan Width": 8,
                                            "Actual Startup Time": 114.157,
                                            "Actual Total Time": 202.912,
                                            "Actual Rows": 23157,
                                            "Actual Loops": 3,
                                            "Output": [
                                                "t.id",
                                                "mi_idx.movie_id"
                                            ],
                                            "Inner Unique": true,
                                            "Hash Cond": "(mi_idx.movie_id = t.id)",
                                            "Workers": [
                                                {
                                                    "Worker Number": 0,
                                                    "Actual Startup Time": 110.4,
                                                    "Actual Total Time": 190.728,
                                                    "Actual Rows": 21075,
                                                    "Actual Loops": 1
                                                },
                                                {
                                                    "Worker Number": 1,
                                                    "Actual Startup Time": 110.662,
                                                    "Actual Total Time": 193.22,
                                                    "Actual Rows": 20306,
                                                    "Actual Loops": 1
                                                }
                                            ],
                                            "Plans": [
                                                {
                                                    "Node Type": "Seq Scan",
                                                    "Parent Relationship": "Outer",
                                                    "Parallel Aware": true,
                                                    "Relation Name": "movie_info_idx",
                                                    "Schema": "public",
                                                    "Alias": "mi_idx",
                                                    "Startup Cost": 0.0,
                                                    "Total Cost": 13685.15,
                                                    "Plan Rows": 575015,
                                                    "Plan Width": 4,
                                                    "Actual Startup Time": 0.017,
                                                    "Actual Total Time": 32.868,
                                                    "Actual Rows": 460012,
                                                    "Actual Loops": 3,
                                                    "Output": [
                                                        "mi_idx.id",
                                                        "mi_idx.movie_id",
                                                        "mi_idx.info_type_id",
                                                        "mi_idx.info",
                                                        "mi_idx.note"
                                                    ],
                                                    "Workers": [
                                                        {
                                                            "Worker Number": 0,
                                                            "Actual Startup Time": 0.027,
                                                            "Actual Total Time": 30.384,
                                                            "Actual Rows": 397069,
                                                            "Actual Loops": 1
                                                        },
                                                        {
                                                            "Worker Number": 1,
                                                            "Actual Startup Time": 0.017,
                                                            "Actual Total Time": 31.363,
                                                            "Actual Rows": 408568,
                                                            "Actual Loops": 1
                                                        }
                                                    ]
                                                },
                                                {
                                                    "Node Type": "Hash",
                                                    "Parent Relationship": "Inner",
                                                    "Parallel Aware": true,
                                                    "Startup Cost": 43899.01,
                                                    "Total Cost": 43899.01,
                                                    "Plan Rows": 58100,
                                                    "Plan Width": 4,
                                                    "Actual Startup Time": 112.773,
                                                    "Actual Total Time": 112.774,
                                                    "Actual Rows": 77216,
                                                    "Actual Loops": 3,
                                                    "Output": [
                                                        "t.id"
                                                    ],
                                                    "Hash Buckets": 262144,
                                                    "Original Hash Buckets": 262144,
                                                    "Hash Batches": 1,
                                                    "Original Hash Batches": 1,
                                                    "Peak Memory Usage": 11168,
                                                    "Workers": [
                                                        {
                                                            "Worker Number": 0,
                                                            "Actual Startup Time": 109.96,
                                                            "Actual Total Time": 109.96,
                                                            "Actual Rows": 64858,
                                                            "Actual Loops": 1
                                                        },
                                                        {
                                                            "Worker Number": 1,
                                                            "Actual Startup Time": 110.057,
                                                            "Actual Total Time": 110.058,
                                                            "Actual Rows": 64733,
                                                            "Actual Loops": 1
                                                        }
                                                    ],
                                                    "Plans": [
                                                        {
                                                            "Node Type": "Seq Scan",
                                                            "Parent Relationship": "Outer",
                                                            "Parallel Aware": true,
                                                            "Relation Name": "title",
                                                            "Schema": "public",
                                                            "Alias": "t",
                                                            "Startup Cost": 0.0,
                                                            "Total Cost": 43899.01,
                                                            "Plan Rows": 58100,
                                                            "Plan Width": 4,
                                                            "Actual Startup Time": 0.045,
                                                            "Actual Total Time": 94.164,
                                                            "Actual Rows": 77216,
                                                            "Actual Loops": 3,
                                                            "Output": [
                                                                "t.id"
                                                            ],
                                                            "Filter": "(t.production_year > 2011)",
                                                            "Rows Removed by Filter": 765554,
                                                            "Workers": [
                                                                {
                                                                    "Worker Number": 0,
                                                                    "Actual Startup Time": 0.058,
                                                                    "Actual Total Time": 93.068,
                                                                    "Actual Rows": 64858,
                                                                    "Actual Loops": 1
                                                                },
                                                                {
                                                                    "Worker Number": 1,
                                                                    "Actual Startup Time": 0.062,
                                                                    "Actual Total Time": 92.901,
                                                                    "Actual Rows": 64733,
                                                                    "Actual Loops": 1
                                                                }
                                                            ]
                                                        }
                                                    ]
                                                }
                                            ]
                                        },
                                        {
                                            "Node Type": "Index Scan",
                                            "Parent Relationship": "Inner",
                                            "Parallel Aware": false,
                                            "Scan Direction": "Forward",
                                            "Index Name": "movie_id_movie_info",
                                            "Relation Name": "movie_info",
                                            "Schema": "public",
                                            "Alias": "mi",
                                            "Startup Cost": 0.43,
                                            "Total Cost": 1.84,
                                            "Plan Rows": 6,
                                            "Plan Width": 4,
                                            "Actual Startup Time": 0.004,
                                            "Actual Total Time": 0.006,
                                            "Actual Rows": 2,
                                            "Actual Loops": 69471,
                                            "Output": [
                                                "mi.id",
                                                "mi.movie_id",
                                                "mi.info_type_id",
                                                "mi.info",
                                                "mi.note"
                                            ],
                                            "Index Cond": "(mi.movie_id = mi_idx.movie_id)",
                                            "Rows Removed by Index Recheck": 0,
                                            "Filter": "(mi.info_type_id > 16)",
                                            "Rows Removed by Filter": 8,
                                            "Workers": [
                                                {
                                                    "Worker Number": 0,
                                                    "Actual Startup Time": 0.005,
                                                    "Actual Total Time": 0.008,
                                                    "Actual Rows": 2,
                                                    "Actual Loops": 21075
                                                },
                                                {
                                                    "Worker Number": 1,
                                                    "Actual Startup Time": 0.005,
                                                    "Actual Total Time": 0.008,
                                                    "Actual Rows": 2,
                                                    "Actual Loops": 20306
                                                }
                                            ]
                                        }
                                    ]
                                }
                            ]
                        }
                    ]
                }
            ]
        },
        "Planning Time": 175.82,
        "Triggers": [],
        "Execution Time": 401.511
    }
]