[
    {
        "Bao": {
            "Bao prediction": "NaN",
            "Bao recommended hint": "(no hint)"
        }
    },
    {
        "Plan": {
            "Node Type": "Aggregate",
            "Strategy": "Plain",
            "Partial Mode": "Finalize",
            "Parallel Aware": false,
            "Startup Cost": 55326.89,
            "Total Cost": 55326.9,
            "Plan Rows": 1,
            "Plan Width": 8,
            "Actual Startup Time": 114.543,
            "Actual Total Time": 121.668,
            "Actual Rows": 1,
            "Actual Loops": 1,
            "Output": [
                "count(*)"
            ],
            "Plans": [
                {
                    "Node Type": "Gather",
                    "Parent Relationship": "Outer",
                    "Parallel Aware": false,
                    "Startup Cost": 55326.67,
                    "Total Cost": 55326.88,
                    "Plan Rows": 2,
                    "Plan Width": 8,
                    "Actual Startup Time": 114.028,
                    "Actual Total Time": 121.659,
                    "Actual Rows": 3,
                    "Actual Loops": 1,
                    "Output": [
                        "(PARTIAL count(*))"
                    ],
                    "Workers Planned": 2,
                    "Workers Launched": 2,
                    "Single Copy": false,
                    "Plans": [
                        {
                            "Node Type": "Aggregate",
                            "Strategy": "Plain",
                            "Partial Mode": "Partial",
                            "Parent Relationship": "Outer",
                            "Parallel Aware": false,
                            "Startup Cost": 54326.67,
                            "Total Cost": 54326.68,
                            "Plan Rows": 1,
                            "Plan Width": 8,
                            "Actual Startup Time": 106.097,
                            "Actual Total Time": 106.1,
                            "Actual Rows": 1,
                            "Actual Loops": 3,
                            "Output": [
                                "PARTIAL count(*)"
                            ],
                            "Workers": [
                                {
                                    "Worker Number": 0,
                                    "Actual Startup Time": 102.24,
                                    "Actual Total Time": 102.243,
                                    "Actual Rows": 1,
                                    "Actual Loops": 1
                                },
                                {
                                    "Worker Number": 1,
                                    "Actual Startup Time": 102.727,
                                    "Actual Total Time": 102.73,
                                    "Actual Rows": 1,
                                    "Actual Loops": 1
                                }
                            ],
                            "Plans": [
                                {
                                    "Node Type": "Hash Join",
                                    "Parent Relationship": "Outer",
                                    "Parallel Aware": true,
                                    "Join Type": "Inner",
                                    "Startup Cost": 38690.09,
                                    "Total Cost": 54318.63,
                                    "Plan Rows": 3216,
                                    "Plan Width": 0,
                                    "Actual Startup Time": 69.269,
                                    "Actual Total Time": 105.936,
                                    "Actual Rows": 2110,
                                    "Actual Loops": 3,
                                    "Inner Unique": true,
                                    "Hash Cond": "(mi_idx.movie_id = t.id)",
                                    "Workers": [
                                        {
                                            "Worker Number": 0,
                                            "Actual Startup Time": 65.433,
                                            "Actual Total Time": 102.066,
                                            "Actual Rows": 2213,
                                            "Actual Loops": 1
                                        },
                                        {
                                            "Worker Number": 1,
                                            "Actual Startup Time": 65.864,
                                            "Actual Total Time": 102.543,
                                            "Actual Rows": 1418,
                                            "Actual Loops": 1
                                        }
                                    ],
                                    "Plans": [
                                        {
                                            "Node Type": "Seq Scan",
                                            "Parent Relationship": "Outer",
                                            "Parallel Aware": true,
                                            "Relation Name": "movie_info_idx",
                                            "Schema": "public",
                                            "Alias": "mi_idx",
                                            "Startup Cost": 0.0,
                                            "Total Cost": 15122.68,
                                            "Plan Rows": 192707,
                                            "Plan Width": 4,
                                            "Actual Startup Time": 0.021,
                                            "Actual Total Time": 40.912,
                                            "Actual Rows": 153308,
                                            "Actual Loops": 3,
                                            "Output": [
                                                "mi_idx.id",
                                                "mi_idx.movie_id",
                                                "mi_idx.info_type_id",
                                                "mi_idx.info",
                                                "mi_idx.note"
                                            ],
                                            "Filter": "(mi_idx.info_type_id = 100)",
                                            "Rows Removed by Filter": 306703,
                                            "Workers": [
                                                {
                                                    "Worker Number": 0,
                                                    "Actual Startup Time": 0.025,
                                                    "Actual Total Time": 41.316,
                                                    "Actual Rows": 163038,
                                                    "Actual Loops": 1
                                                },
                                                {
                                                    "Worker Number": 1,
                                                    "Actual Startup Time": 0.027,
                                                    "Actual Total Time": 40.733,
                                                    "Actual Rows": 101677,
                                                    "Actual Loops": 1
                                                }
                                            ]
                                        },
                                        {
                                            "Node Type": "Hash",
                                            "Parent Relationship": "Inner",
                                            "Parallel Aware": true,
                                            "Startup Cost": 38558.24,
                                            "Total Cost": 38558.24,
                                            "Plan Rows": 10548,
                                            "Plan Width": 4,
                                            "Actual Startup Time": 44.622,
                                            "Actual Total Time": 44.624,
                                            "Actual Rows": 15483,
                                            "Actual Loops": 3,
                                            "Output": [
                                                "t.id"
                                            ],
                                            "Hash Buckets": 65536,
                                            "Original Hash Buckets": 65536,
                                            "Hash Batches": 1,
                                            "Original Hash Batches": 1,
                                            "Peak Memory Usage": 2400,
                                            "Workers": [
                                                {
                                                    "Worker Number": 0,
                                                    "Actual Startup Time": 40.905,
                                                    "Actual Total Time": 40.906,
                                                    "Actual Rows": 8253,
                                                    "Actual Loops": 1
                                                },
                                                {
                                                    "Worker Number": 1,
                                                    "Actual Startup Time": 41.31,
                                                    "Actual Total Time": 41.311,
                                                    "Actual Rows": 6654,
                                                    "Actual Loops": 1
                                                }
                                            ],
                                            "Plans": [
                                                {
                                                    "Node Type": "Bitmap Heap Scan",
                                                    "Parent Relationship": "Outer",
                                                    "Parallel Aware": true,
                                                    "Relation Name": "title",
                                                    "Schema": "public",
                                                    "Alias": "t",
                                                    "Startup Cost": 2117.16,
                                                    "Total Cost": 38558.24,
                                                    "Plan Rows": 10548,
                                                    "Plan Width": 4,
                                                    "Actual Startup Time": 5.42,
                                                    "Actual Total Time": 39.397,
                                                    "Actual Rows": 15483,
                                                    "Actual Loops": 3,
                                                    "Output": [
                                                        "t.id"
                                                    ],
                                                    "Recheck Cond": "(t.kind_id = 4)",
                                                    "Rows Removed by Index Recheck": 0,
                                                    "Filter": "(t.production_year > 2006)",
                                                    "Rows Removed by Filter": 23929,
                                                    "Exact Heap Blocks": 8693,
                                                    "Lossy Heap Blocks": 0,
                                                    "Workers": [
                                                        {
                                                            "Worker Number": 0,
                                                            "Actual Startup Time": 1.874,
                                                            "Actual Total Time": 36.445,
                                                            "Actual Rows": 8253,
                                                            "Actual Loops": 1
                                                        },
                                                        {
                                                            "Worker Number": 1,
                                                            "Actual Startup Time": 2.146,
                                                            "Actual Total Time": 37.112,
                                                            "Actual Rows": 6654,
                                                            "Actual Loops": 1
                                                        }
                                                    ],
                                                    "Plans": [
                                                        {
                                                            "Node Type": "Bitmap Index Scan",
                                                            "Parent Relationship": "Outer",
                                                            "Parallel Aware": false,
                                                            "Index Name": "kind_id_title",
                                                            "Startup Cost": 0.0,
                                                            "Total Cost": 2106.61,
                                                            "Plan Rows": 118157,
                                                            "Plan Width": 0,
                                                            "Actual Startup Time": 8.755,
                                                            "Actual Total Time": 8.756,
                                                            "Actual Rows": 118234,
                                                            "Actual Loops": 1,
                                                            "Index Cond": "(t.kind_id = 4)"
                                                        }
                                                    ]
                                                }
                                            ]
                                        }
                                    ]
                                }
                            ]
                        }
                    ]
                }
            ]
        },
        "Planning Time": 195.651,
        "Triggers": [],
        "Execution Time": 121.798
    }
]