[
    {
        "Bao": {
            "Bao prediction": "NaN",
            "Bao recommended hint": "(no hint)"
        }
    },
    {
        "Plan": {
            "Node Type": "Aggregate",
            "Strategy": "Plain",
            "Partial Mode": "Finalize",
            "Parallel Aware": false,
            "Startup Cost": 23208.23,
            "Total Cost": 23208.24,
            "Plan Rows": 1,
            "Plan Width": 8,
            "Actual Startup Time": 33.8,
            "Actual Total Time": 36.678,
            "Actual Rows": 1,
            "Actual Loops": 1,
            "Output": [
                "count(*)"
            ],
            "Plans": [
                {
                    "Node Type": "Gather",
                    "Parent Relationship": "Outer",
                    "Parallel Aware": false,
                    "Startup Cost": 23207.91,
                    "Total Cost": 23208.22,
                    "Plan Rows": 3,
                    "Plan Width": 8,
                    "Actual Startup Time": 33.63,
                    "Actual Total Time": 36.671,
                    "Actual Rows": 4,
                    "Actual Loops": 1,
                    "Output": [
                        "(PARTIAL count(*))"
                    ],
                    "Workers Planned": 3,
                    "Workers Launched": 3,
                    "Single Copy": false,
                    "Plans": [
                        {
                            "Node Type": "Aggregate",
                            "Strategy": "Plain",
                            "Partial Mode": "Partial",
                            "Parent Relationship": "Outer",
                            "Parallel Aware": false,
                            "Startup Cost": 22207.91,
                            "Total Cost": 22207.92,
                            "Plan Rows": 1,
                            "Plan Width": 8,
                            "Actual Startup Time": 25.207,
                            "Actual Total Time": 25.208,
                            "Actual Rows": 1,
                            "Actual Loops": 4,
                            "Output": [
                                "PARTIAL count(*)"
                            ],
                            "Workers": [
                                {
                                    "Worker Number": 0,
                                    "Actual Startup Time": 22.26,
                                    "Actual Total Time": 22.261,
                                    "Actual Rows": 1,
                                    "Actual Loops": 1
                                },
                                {
                                    "Worker Number": 1,
                                    "Actual Startup Time": 22.628,
                                    "Actual Total Time": 22.629,
                                    "Actual Rows": 1,
                                    "Actual Loops": 1
                                },
                                {
                                    "Worker Number": 2,
                                    "Actual Startup Time": 22.922,
                                    "Actual Total Time": 22.923,
                                    "Actual Rows": 1,
                                    "Actual Loops": 1
                                }
                            ],
                            "Plans": [
                                {
                                    "Node Type": "Bitmap Heap Scan",
                                    "Parent Relationship": "Outer",
                                    "Parallel Aware": true,
                                    "Relation Name": "movie_companies",
                                    "Schema": "public",
                                    "Alias": "mc",
                                    "Startup Cost": 2748.71,
                                    "Total Cost": 22155.5,
                                    "Plan Rows": 20964,
                                    "Plan Width": 0,
                                    "Actual Startup Time": 2.288,
                                    "Actual Total Time": 22.837,
                                    "Actual Rows": 32512,
                                    "Actual Loops": 4,
                                    "Recheck Cond": "(mc.company_id > 141217)",
                                    "Rows Removed by Index Recheck": 0,
                                    "Filter": "(mc.company_type_id > 1)",
                                    "Rows Removed by Filter": 0,
                                    "Exact Heap Blocks": 2408,
                                    "Lossy Heap Blocks": 0,
                                    "Workers": [
                                        {
                                            "Worker Number": 0,
                                            "Actual Startup Time": 0.158,
                                            "Actual Total Time": 20.336,
                                            "Actual Rows": 13874,
                                            "Actual Loops": 1
                                        },
                                        {
                                            "Worker Number": 1,
                                            "Actual Startup Time": 0.22,
                                            "Actual Total Time": 20.614,
                                            "Actual Rows": 15230,
                                            "Actual Loops": 1
                                        },
                                        {
                                            "Worker Number": 2,
                                            "Actual Startup Time": 0.187,
                                            "Actual Total Time": 20.933,
                                            "Actual Rows": 15052,
                                            "Actual Loops": 1
                                        }
                                    ],
                                    "Plans": [
                                        {
                                            "Node Type": "Bitmap Index Scan",
                                            "Parent Relationship": "Outer",
                                            "Parallel Aware": false,
                                            "Index Name": "company_id_movie_companies",
                                            "Startup Cost": 0.0,
                                            "Total Cost": 2732.46,
                                            "Plan Rows": 127471,
                                            "Plan Width": 0,
                                            "Actual Startup Time": 7.94,
                                            "Actual Total Time": 7.941,
                                            "Actual Rows": 130049,
                                            "Actual Loops": 1,
                                            "Index Cond": "(mc.company_id > 141217)"
                                        }
                                    ]
                                }
                            ]
                        }
                    ]
                }
            ]
        },
        "Planning Time": 177.094,
        "Triggers": [],
        "Execution Time": 36.778
    }
]