{
  "Plan": {
    "Node Type": "Aggregate",
    "Strategy": "Plain",
    "Partial Mode": "Finalize",
    "Parallel Aware": false,
    "Startup Cost": 832411.97,
    "Total Cost": 832411.98,
    "Plan Rows": 1,
    "Plan Width": 8,
    "Actual Startup Time": 5086.652,
    "Actual Total Time": 5141.492,
    "Actual Rows": 1,
    "Actual Loops": 1,
    "Plans": [
      {
        "Node Type": "Gather",
        "Parent Relationship": "Outer",
        "Parallel Aware": false,
        "Startup Cost": 832411.85,
        "Total Cost": 832411.96,
        "Plan Rows": 1,
        "Plan Width": 8,
        "Actual Startup Time": 5075.842,
        "Actual Total Time": 5141.482,
        "Actual Rows": 2,
        "Actual Loops": 1,
        "Workers Planned": 1,
        "Workers Launched": 1,
        "Single Copy": false,
        "Plans": [
          {
            "Node Type": "Aggregate",
            "Strategy": "Plain",
            "Partial Mode": "Partial",
            "Parent Relationship": "Outer",
            "Parallel Aware": false,
            "Startup Cost": 831411.85,
            "Total Cost": 831411.86,
            "Plan Rows": 1,
            "Plan Width": 8,
            "Actual Startup Time": 5058.435,
            "Actual Total Time": 5061.13,
            "Actual Rows": 1,
            "Actual Loops": 2,
            "Plans": [
              {
                "Node Type": "Hash Join",
                "Parent Relationship": "Outer",
                "Parallel Aware": true,
                "Join Type": "Inner",
                "Startup Cost": 657702.81,
                "Total Cost": 829617.28,
                "Plan Rows": 717828,
                "Plan Width": 0,
                "Actual Startup Time": 4591.756,
                "Actual Total Time": 4948.133,
                "Actual Rows": 2860131,
                "Actual Loops": 2,
                "Inner Unique": false,
                "Hash Cond": "(mi.movie_id = t.id)",
                "Plans": [
                  {
                    "Node Type": "Bitmap Heap Scan",
                    "Parent Relationship": "Outer",
                    "Parallel Aware": true,
                    "Relation Name": "movie_info",
                    "Alias": "mi",
                    "Startup Cost": 8778.62,
                    "Total Cost": 174333.47,
                    "Plan Rows": 284948,
                    "Plan Width": 4,
                    "Actual Startup Time": 14.9,
                    "Actual Total Time": 40.294,
                    "Actual Rows": 243277,
                    "Actual Loops": 2,
                    "Recheck Cond": "(info_type_id = 5)",
                    "Rows Removed by Index Recheck": 0,
                    "Exact Heap Blocks": 2850,
                    "Lossy Heap Blocks": 0,
                    "Plans": [
                      {
                        "Node Type": "Bitmap Index Scan",
                        "Parent Relationship": "Outer",
                        "Parallel Aware": false,
                        "Index Name": "info_type_id_movie_info",
                        "Startup Cost": 0.0,
                        "Total Cost": 8657.52,
                        "Plan Rows": 484411,
                        "Plan Width": 0,
                        "Actual Startup Time": 14.197,
                        "Actual Total Time": 14.197,
                        "Actual Rows": 486554,
                        "Actual Loops": 1,
                        "Index Cond": "(info_type_id = 5)"
                      }
                    ]
                  },
                  {
                    "Node Type": "Hash",
                    "Parent Relationship": "Inner",
                    "Parallel Aware": true,
                    "Startup Cost": 602092.07,
                    "Total Cost": 602092.07,
                    "Plan Rows": 3746569,
                    "Plan Width": 8,
                    "Actual Startup Time": 4543.877,
                    "Actual Total Time": 4546.57,
                    "Actual Rows": 2663650,
                    "Actual Loops": 2,
                    "Hash Buckets": 8388608,
                    "Original Hash Buckets": 8388608,
                    "Hash Batches": 1,
                    "Original Hash Batches": 1,
                    "Peak Memory Usage": 273952,
                    "Plans": [
                      {
                        "Node Type": "Hash Join",
                        "Parent Relationship": "Outer",
                        "Parallel Aware": true,
                        "Join Type": "Inner",
                        "Startup Cost": 64412.96,
                        "Total Cost": 602092.07,
                        "Plan Rows": 3746569,
                        "Plan Width": 8,
                        "Actual Startup Time": 898.948,
                        "Actual Total Time": 3667.953,
                        "Actual Rows": 2663650,
                        "Actual Loops": 2,
                        "Inner Unique": true,
                        "Hash Cond": "(ci.movie_id = t.id)",
                        "Plans": [
                          {
                            "Node Type": "Seq Scan",
                            "Parent Relationship": "Outer",
                            "Parallel Aware": true,
                            "Relation Name": "cast_info",
                            "Alias": "ci",
                            "Startup Cost": 0.0,
                            "Total Cost": 519069.44,
                            "Plan Rows": 7089385,
                            "Plan Width": 4,
                            "Actual Startup Time": 554.567,
                            "Actual Total Time": 1325.922,
                            "Actual Rows": 6007555,
                            "Actual Loops": 2,
                            "Filter": "(person_id > 2486884)",
                            "Rows Removed by Filter": 12114617
                          },
                          {
                            "Node Type": "Hash",
                            "Parent Relationship": "Inner",
                            "Parallel Aware": true,
                            "Startup Cost": 54588.39,
                            "Total Cost": 54588.39,
                            "Plan Rows": 785966,
                            "Plan Width": 4,
                            "Actual Startup Time": 338.734,
                            "Actual Total Time": 338.735,
                            "Actual Rows": 674146,
                            "Actual Loops": 2,
                            "Hash Buckets": 2097152,
                            "Original Hash Buckets": 2097152,
                            "Hash Batches": 1,
                            "Original Hash Batches": 1,
                            "Peak Memory Usage": 69152,
                            "Plans": [
                              {
                                "Node Type": "Seq Scan",
                                "Parent Relationship": "Outer",
                                "Parallel Aware": true,
                                "Relation Name": "title",
                                "Alias": "t",
                                "Startup Cost": 0.0,
                                "Total Cost": 54588.39,
                                "Plan Rows": 785966,
                                "Plan Width": 4,
                                "Actual Startup Time": 0.03,
                                "Actual Total Time": 160.837,
                                "Actual Rows": 674146,
                                "Actual Loops": 2,
                                "Filter": "(production_year < 2005)",
                                "Rows Removed by Filter": 590010
                              }
                            ]
                          }
                        ]
                      }
                    ]
                  }
                ]
              }
            ]
          }
        ]
      }
    ]
  },
  "Planning Time": 0.827,
  "Triggers": [],
  "Execution Time": 5141.591
}