[
  {
    "Plan": {
      "Node Type": "Aggregate",
      "Strategy": "Plain",
      "Partial Mode": "Finalize",
      "Parallel Aware": false,
      "Startup Cost": 50606.14,
      "Total Cost": 50606.15,
      "Plan Rows": 1,
      "Plan Width": 8,
      "Actual Startup Time": 34.799,
      "Actual Total Time": 38.713,
      "Actual Rows": 1,
      "Actual Loops": 1,
      "Plans": [
        {
          "Node Type": "Gather",
          "Parent Relationship": "Outer",
          "Parallel Aware": false,
          "Startup Cost": 50605.93,
          "Total Cost": 50606.14,
          "Plan Rows": 2,
          "Plan Width": 8,
          "Actual Startup Time": 34.588,
          "Actual Total Time": 38.706,
          "Actual Rows": 3,
          "Actual Loops": 1,
          "Workers Planned": 2,
          "Workers Launched": 2,
          "Single Copy": false,
          "Plans": [
            {
              "Node Type": "Aggregate",
              "Strategy": "Plain",
              "Partial Mode": "Partial",
              "Parent Relationship": "Outer",
              "Parallel Aware": false,
              "Startup Cost": 49605.93,
              "Total Cost": 49605.94,
              "Plan Rows": 1,
              "Plan Width": 8,
              "Actual Startup Time": 27.723,
              "Actual Total Time": 27.725,
              "Actual Rows": 1,
              "Actual Loops": 3,
              "Plans": [
                {
                  "Node Type": "Nested Loop",
                  "Parent Relationship": "Outer",
                  "Parallel Aware": false,
                  "Join Type": "Inner",
                  "Startup Cost": 267.32,
                  "Total Cost": 49605.41,
                  "Plan Rows": 206,
                  "Plan Width": 0,
                  "Actual Startup Time": 2.153,
                  "Actual Total Time": 27.599,
                  "Actual Rows": 619,
                  "Actual Loops": 3,
                  "Inner Unique": true,
                  "Plans": [
                    {
                      "Node Type": "Bitmap Heap Scan",
                      "Parent Relationship": "Outer",
                      "Parallel Aware": true,
                      "Relation Name": "movie_companies",
                      "Alias": "mc",
                      "Startup Cost": 266.89,
                      "Total Cost": 17821.22,
                      "Plan Rows": 5078,
                      "Plan Width": 4,
                      "Actual Startup Time": 1.617,
                      "Actual Total Time": 4.153,
                      "Actual Rows": 3688,
                      "Actual Loops": 3,
                      "Recheck Cond": "(company_id > 224457)",
                      "Rows Removed by Index Recheck": 0,
                      "Exact Heap Blocks": 286,
                      "Lossy Heap Blocks": 0,
                      "Plans": [
                        {
                          "Node Type": "Bitmap Index Scan",
                          "Parent Relationship": "Outer",
                          "Parallel Aware": false,
                          "Index Name": "company_id_movie_companies",
                          "Startup Cost": 0.0,
                          "Total Cost": 263.84,
                          "Plan Rows": 12188,
                          "Plan Width": 0,
                          "Actual Startup Time": 4.249,
                          "Actual Total Time": 4.249,
                          "Actual Rows": 11064,
                          "Actual Loops": 1,
                          "Index Cond": "(company_id > 224457)"
                        }
                      ]
                    },
                    {
                      "Node Type": "Index Scan",
                      "Parent Relationship": "Inner",
                      "Parallel Aware": false,
                      "Scan Direction": "Forward",
                      "Index Name": "title_pkey",
                      "Relation Name": "title",
                      "Alias": "t",
                      "Startup Cost": 0.43,
                      "Total Cost": 6.26,
                      "Plan Rows": 1,
                      "Plan Width": 4,
                      "Actual Startup Time": 0.006,
                      "Actual Total Time": 0.006,
                      "Actual Rows": 0,
                      "Actual Loops": 11064,
                      "Index Cond": "(id = mc.movie_id)",
                      "Rows Removed by Index Recheck": 0,
                      "Filter": "((production_year > 2010) AND (kind_id = 1))",
                      "Rows Removed by Filter": 1
                    }
                  ]
                }
              ]
            }
          ]
        }
      ]
    },
    "Planning Time": 0.754,
    "Triggers": [],
    "Execution Time": 38.814
  }
]