[
  {
    "Plan": {
      "Node Type": "Aggregate",
      "Strategy": "Plain",
      "Partial Mode": "Finalize",
      "Parallel Aware": false,
      "Startup Cost": 72345.75,
      "Total Cost": 72345.76,
      "Plan Rows": 1,
      "Plan Width": 8,
      "Actual Startup Time": 145.802,
      "Actual Total Time": 162.58,
      "Actual Rows": 1,
      "Actual Loops": 1,
      "Plans": [
        {
          "Node Type": "Gather",
          "Parent Relationship": "Outer",
          "Parallel Aware": false,
          "Startup Cost": 72345.33,
          "Total Cost": 72345.74,
          "Plan Rows": 4,
          "Plan Width": 8,
          "Actual Startup Time": 145.68,
          "Actual Total Time": 162.573,
          "Actual Rows": 5,
          "Actual Loops": 1,
          "Workers Planned": 4,
          "Workers Launched": 4,
          "Single Copy": false,
          "Plans": [
            {
              "Node Type": "Aggregate",
              "Strategy": "Plain",
              "Partial Mode": "Partial",
              "Parent Relationship": "Outer",
              "Parallel Aware": false,
              "Startup Cost": 71345.33,
              "Total Cost": 71345.34,
              "Plan Rows": 1,
              "Plan Width": 8,
              "Actual Startup Time": 135.49,
              "Actual Total Time": 135.492,
              "Actual Rows": 1,
              "Actual Loops": 5,
              "Plans": [
                {
                  "Node Type": "Nested Loop",
                  "Parent Relationship": "Outer",
                  "Parallel Aware": false,
                  "Join Type": "Inner",
                  "Startup Cost": 0.43,
                  "Total Cost": 71341.45,
                  "Plan Rows": 1554,
                  "Plan Width": 0,
                  "Actual Startup Time": 61.731,
                  "Actual Total Time": 134.836,
                  "Actual Rows": 6757,
                  "Actual Loops": 5,
                  "Inner Unique": false,
                  "Plans": [
                    {
                      "Node Type": "Seq Scan",
                      "Parent Relationship": "Outer",
                      "Parallel Aware": true,
                      "Relation Name": "title",
                      "Alias": "t",
                      "Startup Cost": 0.0,
                      "Total Cost": 45479.1,
                      "Plan Rows": 3059,
                      "Plan Width": 4,
                      "Actual Startup Time": 61.628,
                      "Actual Total Time": 89.561,
                      "Actual Rows": 7010,
                      "Actual Loops": 5,
                      "Filter": "((kind_id < 7) AND (production_year < 1912))",
                      "Rows Removed by Filter": 498653
                    },
                    {
                      "Node Type": "Index Scan",
                      "Parent Relationship": "Inner",
                      "Parallel Aware": false,
                      "Scan Direction": "Forward",
                      "Index Name": "movie_id_movie_companies",
                      "Relation Name": "movie_companies",
                      "Alias": "mc",
                      "Startup Cost": 0.43,
                      "Total Cost": 8.42,
                      "Plan Rows": 3,
                      "Plan Width": 4,
                      "Actual Startup Time": 0.005,
                      "Actual Total Time": 0.006,
                      "Actual Rows": 1,
                      "Actual Loops": 35049,
                      "Index Cond": "(movie_id = t.id)",
                      "Rows Removed by Index Recheck": 0,
                      "Filter": "(company_type_id = 1)",
                      "Rows Removed by Filter": 1
                    }
                  ]
                }
              ]
            }
          ]
        }
      ]
    },
    "Planning Time": 0.676,
    "Triggers": [],
    "Execution Time": 162.653
  }
]