[
  {
    "Plan": {
      "Node Type": "Aggregate",
      "Strategy": "Plain",
      "Partial Mode": "Finalize",
      "Parallel Aware": false,
      "Startup Cost": 31283.21,
      "Total Cost": 31283.22,
      "Plan Rows": 1,
      "Plan Width": 8,
      "Actual Startup Time": 113.212,
      "Actual Total Time": 122.651,
      "Actual Rows": 1,
      "Actual Loops": 1,
      "Plans": [
        {
          "Node Type": "Gather",
          "Parent Relationship": "Outer",
          "Parallel Aware": false,
          "Startup Cost": 31282.89,
          "Total Cost": 31283.2,
          "Plan Rows": 3,
          "Plan Width": 8,
          "Actual Startup Time": 113.08,
          "Actual Total Time": 122.643,
          "Actual Rows": 4,
          "Actual Loops": 1,
          "Workers Planned": 3,
          "Workers Launched": 3,
          "Single Copy": false,
          "Plans": [
            {
              "Node Type": "Aggregate",
              "Strategy": "Plain",
              "Partial Mode": "Partial",
              "Parent Relationship": "Outer",
              "Parallel Aware": false,
              "Startup Cost": 30282.89,
              "Total Cost": 30282.9,
              "Plan Rows": 1,
              "Plan Width": 8,
              "Actual Startup Time": 106.177,
              "Actual Total Time": 106.178,
              "Actual Rows": 1,
              "Actual Loops": 4,
              "Plans": [
                {
                  "Node Type": "Seq Scan",
                  "Parent Relationship": "Outer",
                  "Parallel Aware": true,
                  "Relation Name": "movie_companies",
                  "Alias": "mc",
                  "Startup Cost": 0.0,
                  "Total Cost": 29310.68,
                  "Plan Rows": 388885,
                  "Plan Width": 0,
                  "Actual Startup Time": 20.969,
                  "Actual Total Time": 90.146,
                  "Actual Rows": 299034,
                  "Actual Loops": 4,
                  "Filter": "(company_id > 12390)",
                  "Rows Removed by Filter": 353248
                }
              ]
            }
          ]
        }
      ]
    },
    "Planning Time": 0.193,
    "Triggers": [],
    "Execution Time": 122.703
  }
]