[
  {
    "Plan": {
      "Node Type": "Aggregate",
      "Strategy": "Plain",
      "Partial Mode": "Finalize",
      "Parallel Aware": false,
      "Startup Cost": 83098.74,
      "Total Cost": 83098.75,
      "Plan Rows": 1,
      "Plan Width": 8,
      "Actual Startup Time": 641.33,
      "Actual Total Time": 664.692,
      "Actual Rows": 1,
      "Actual Loops": 1,
      "Plans": [
        {
          "Node Type": "Gather",
          "Parent Relationship": "Outer",
          "Parallel Aware": false,
          "Startup Cost": 83098.42,
          "Total Cost": 83098.73,
          "Plan Rows": 3,
          "Plan Width": 8,
          "Actual Startup Time": 629.996,
          "Actual Total Time": 664.678,
          "Actual Rows": 4,
          "Actual Loops": 1,
          "Workers Planned": 3,
          "Workers Launched": 3,
          "Single Copy": false,
          "Plans": [
            {
              "Node Type": "Aggregate",
              "Strategy": "Plain",
              "Partial Mode": "Partial",
              "Parent Relationship": "Outer",
              "Parallel Aware": false,
              "Startup Cost": 82098.42,
              "Total Cost": 82098.43,
              "Plan Rows": 1,
              "Plan Width": 8,
              "Actual Startup Time": 621.423,
              "Actual Total Time": 621.427,
              "Actual Rows": 1,
              "Actual Loops": 4,
              "Plans": [
                {
                  "Node Type": "Hash Join",
                  "Parent Relationship": "Outer",
                  "Parallel Aware": true,
                  "Join Type": "Inner",
                  "Startup Cost": 49909.5,
                  "Total Cost": 80889.27,
                  "Plan Rows": 483659,
                  "Plan Width": 0,
                  "Actual Startup Time": 327.172,
                  "Actual Total Time": 599.459,
                  "Actual Rows": 410118,
                  "Actual Loops": 4,
                  "Inner Unique": true,
                  "Hash Cond": "(mc.movie_id = t.id)",
                  "Plans": [
                    {
                      "Node Type": "Seq Scan",
                      "Parent Relationship": "Outer",
                      "Parallel Aware": true,
                      "Relation Name": "movie_companies",
                      "Alias": "mc",
                      "Startup Cost": 0.0,
                      "Total Cost": 29310.68,
                      "Plan Rows": 635846,
                      "Plan Width": 4,
                      "Actual Startup Time": 0.222,
                      "Actual Total Time": 88.191,
                      "Actual Rows": 494428,
                      "Actual Loops": 4,
                      "Filter": "(company_id > 836)",
                      "Rows Removed by Filter": 157854
                    },
                    {
                      "Node Type": "Hash",
                      "Parent Relationship": "Inner",
                      "Parallel Aware": true,
                      "Startup Cost": 43899.32,
                      "Total Cost": 43899.32,
                      "Plan Rows": 480814,
                      "Plan Width": 4,
                      "Actual Startup Time": 321.374,
                      "Actual Total Time": 321.375,
                      "Actual Rows": 480712,
                      "Actual Loops": 4,
                      "Hash Buckets": 2097152,
                      "Original Hash Buckets": 2097152,
                      "Hash Batches": 1,
                      "Original Hash Batches": 1,
                      "Peak Memory Usage": 91712,
                      "Plans": [
                        {
                          "Node Type": "Seq Scan",
                          "Parent Relationship": "Outer",
                          "Parallel Aware": true,
                          "Relation Name": "title",
                          "Alias": "t",
                          "Startup Cost": 0.0,
                          "Total Cost": 43899.32,
                          "Plan Rows": 480814,
                          "Plan Width": 4,
                          "Actual Startup Time": 0.043,
                          "Actual Total Time": 127.449,
                          "Actual Rows": 480712,
                          "Actual Loops": 4,
                          "Filter": "(production_year < 2010)",
                          "Rows Removed by Filter": 151366
                        }
                      ]
                    }
                  ]
                }
              ]
            }
          ]
        }
      ]
    },
    "Planning Time": 0.463,
    "Triggers": [],
    "Execution Time": 664.736
  }
]