[
  {
    "Plan": {
      "Node Type": "Aggregate",
      "Strategy": "Plain",
      "Partial Mode": "Finalize",
      "Parallel Aware": false,
      "Startup Cost": 334419.56,
      "Total Cost": 334419.57,
      "Plan Rows": 1,
      "Plan Width": 8,
      "Actual Startup Time": 271.527,
      "Actual Total Time": 285.732,
      "Actual Rows": 1,
      "Actual Loops": 1,
      "Plans": [
        {
          "Node Type": "Gather",
          "Parent Relationship": "Outer",
          "Parallel Aware": false,
          "Startup Cost": 334418.93,
          "Total Cost": 334419.54,
          "Plan Rows": 6,
          "Plan Width": 8,
          "Actual Startup Time": 270.084,
          "Actual Total Time": 285.722,
          "Actual Rows": 7,
          "Actual Loops": 1,
          "Workers Planned": 6,
          "Workers Launched": 6,
          "Single Copy": false,
          "Plans": [
            {
              "Node Type": "Aggregate",
              "Strategy": "Plain",
              "Partial Mode": "Partial",
              "Parent Relationship": "Outer",
              "Parallel Aware": false,
              "Startup Cost": 333418.93,
              "Total Cost": 333418.94,
              "Plan Rows": 1,
              "Plan Width": 8,
              "Actual Startup Time": 258.945,
              "Actual Total Time": 258.949,
              "Actual Rows": 1,
              "Actual Loops": 7,
              "Plans": [
                {
                  "Node Type": "Hash Join",
                  "Parent Relationship": "Outer",
                  "Parallel Aware": true,
                  "Join Type": "Inner",
                  "Startup Cost": 76716.31,
                  "Total Cost": 333411.63,
                  "Plan Rows": 2920,
                  "Plan Width": 0,
                  "Actual Startup Time": 225.92,
                  "Actual Total Time": 258.788,
                  "Actual Rows": 1555,
                  "Actual Loops": 7,
                  "Inner Unique": true,
                  "Hash Cond": "(ci.movie_id = t.id)",
                  "Plans": [
                    {
                      "Node Type": "Bitmap Heap Scan",
                      "Parent Relationship": "Outer",
                      "Parallel Aware": true,
                      "Relation Name": "cast_info",
                      "Alias": "ci",
                      "Startup Cost": 32611.44,
                      "Total Cost": 289012.73,
                      "Plan Rows": 112015,
                      "Plan Width": 4,
                      "Actual Startup Time": 140.846,
                      "Actual Total Time": 163.495,
                      "Actual Rows": 61614,
                      "Actual Loops": 7,
                      "Recheck Cond": "(person_id < 153744)",
                      "Rows Removed by Index Recheck": 0,
                      "Filter": "(role_id > 2)",
                      "Rows Removed by Filter": 157805,
                      "Exact Heap Blocks": 3221,
                      "Lossy Heap Blocks": 0,
                      "Plans": [
                        {
                          "Node Type": "Bitmap Index Scan",
                          "Parent Relationship": "Outer",
                          "Parallel Aware": false,
                          "Index Name": "person_id_cast_info",
                          "Startup Cost": 0.0,
                          "Total Cost": 32443.42,
                          "Plan Rows": 1485714,
                          "Plan Width": 0,
                          "Actual Startup Time": 90.619,
                          "Actual Total Time": 90.62,
                          "Actual Rows": 1535936,
                          "Actual Loops": 1,
                          "Index Cond": "(person_id < 153744)"
                        }
                      ]
                    },
                    {
                      "Node Type": "Hash",
                      "Parent Relationship": "Inner",
                      "Parallel Aware": true,
                      "Startup Cost": 43898.92,
                      "Total Cost": 43898.92,
                      "Plan Rows": 16476,
                      "Plan Width": 4,
                      "Actual Startup Time": 83.571,
                      "Actual Total Time": 83.572,
                      "Actual Rows": 9118,
                      "Actual Loops": 7,
                      "Hash Buckets": 131072,
                      "Original Hash Buckets": 131072,
                      "Hash Batches": 1,
                      "Original Hash Batches": 1,
                      "Peak Memory Usage": 3648,
                      "Plans": [
                        {
                          "Node Type": "Seq Scan",
                          "Parent Relationship": "Outer",
                          "Parallel Aware": true,
                          "Relation Name": "title",
                          "Alias": "t",
                          "Startup Cost": 0.0,
                          "Total Cost": 43898.92,
                          "Plan Rows": 16476,
                          "Plan Width": 4,
                          "Actual Startup Time": 0.061,
                          "Actual Total Time": 77.888,
                          "Actual Rows": 9118,
                          "Actual Loops": 7,
                          "Filter": "(production_year = 2013)",
                          "Rows Removed by Filter": 352069
                        }
                      ]
                    }
                  ]
                }
              ]
            }
          ]
        }
      ]
    },
    "Planning Time": 0.712,
    "Triggers": [],
    "Execution Time": 285.833
  }
]