[
  {
    "Plan": {
      "Node Type": "Aggregate",
      "Strategy": "Plain",
      "Partial Mode": "Finalize",
      "Parallel Aware": false,
      "Startup Cost": 45263.07,
      "Total Cost": 45263.08,
      "Plan Rows": 1,
      "Plan Width": 8,
      "Actual Startup Time": 138.532,
      "Actual Total Time": 148.675,
      "Actual Rows": 1,
      "Actual Loops": 1,
      "Plans": [
        {
          "Node Type": "Gather",
          "Parent Relationship": "Outer",
          "Parallel Aware": false,
          "Startup Cost": 45262.75,
          "Total Cost": 45263.06,
          "Plan Rows": 3,
          "Plan Width": 8,
          "Actual Startup Time": 138.384,
          "Actual Total Time": 148.665,
          "Actual Rows": 4,
          "Actual Loops": 1,
          "Workers Planned": 3,
          "Workers Launched": 3,
          "Single Copy": false,
          "Plans": [
            {
              "Node Type": "Aggregate",
              "Strategy": "Plain",
              "Partial Mode": "Partial",
              "Parent Relationship": "Outer",
              "Parallel Aware": false,
              "Startup Cost": 44262.75,
              "Total Cost": 44262.76,
              "Plan Rows": 1,
              "Plan Width": 8,
              "Actual Startup Time": 134.396,
              "Actual Total Time": 134.397,
              "Actual Rows": 1,
              "Actual Loops": 4,
              "Plans": [
                {
                  "Node Type": "Seq Scan",
                  "Parent Relationship": "Outer",
                  "Parallel Aware": true,
                  "Relation Name": "movie_keyword",
                  "Alias": "mk",
                  "Startup Cost": 0.0,
                  "Total Cost": 42695.65,
                  "Plan Rows": 626839,
                  "Plan Width": 0,
                  "Actual Startup Time": 0.908,
                  "Actual Total Time": 111.499,
                  "Actual Rows": 483302,
                  "Actual Loops": 4,
                  "Filter": "(keyword_id > 6887)",
                  "Rows Removed by Filter": 647680
                }
              ]
            }
          ]
        }
      ]
    },
    "Planning Time": 0.175,
    "Triggers": [],
    "Execution Time": 148.729
  }
]