[
  {
    "Plan": {
      "Node Type": "Aggregate",
      "Strategy": "Plain",
      "Partial Mode": "Finalize",
      "Parallel Aware": false,
      "Startup Cost": 682722.85,
      "Total Cost": 682722.86,
      "Plan Rows": 1,
      "Plan Width": 8,
      "Actual Startup Time": 10307.854,
      "Actual Total Time": 10394.723,
      "Actual Rows": 1,
      "Actual Loops": 1,
      "Plans": [
        {
          "Node Type": "Gather",
          "Parent Relationship": "Outer",
          "Parallel Aware": false,
          "Startup Cost": 682722.23,
          "Total Cost": 682722.84,
          "Plan Rows": 6,
          "Plan Width": 8,
          "Actual Startup Time": 10238.808,
          "Actual Total Time": 10394.675,
          "Actual Rows": 7,
          "Actual Loops": 1,
          "Workers Planned": 6,
          "Workers Launched": 6,
          "Single Copy": false,
          "Plans": [
            {
              "Node Type": "Aggregate",
              "Strategy": "Plain",
              "Partial Mode": "Partial",
              "Parent Relationship": "Outer",
              "Parallel Aware": false,
              "Startup Cost": 681722.23,
              "Total Cost": 681722.24,
              "Plan Rows": 1,
              "Plan Width": 8,
              "Actual Startup Time": 10212.17,
              "Actual Total Time": 10212.178,
              "Actual Rows": 1,
              "Actual Loops": 7,
              "Plans": [
                {
                  "Node Type": "Hash Join",
                  "Parent Relationship": "Outer",
                  "Parallel Aware": true,
                  "Join Type": "Inner",
                  "Startup Cost": 271150.8,
                  "Total Cost": 640162.45,
                  "Plan Rows": 16623910,
                  "Plan Width": 0,
                  "Actual Startup Time": 1477.767,
                  "Actual Total Time": 8512.505,
                  "Actual Rows": 39126484,
                  "Actual Loops": 7,
                  "Inner Unique": false,
                  "Hash Cond": "(ci.movie_id = t.id)",
                  "Plans": [
                    {
                      "Node Type": "Seq Scan",
                      "Parent Relationship": "Outer",
                      "Parallel Aware": true,
                      "Relation Name": "cast_info",
                      "Alias": "ci",
                      "Startup Cost": 0.0,
                      "Total Cost": 313106.51,
                      "Plan Rows": 6041951,
                      "Plan Width": 4,
                      "Actual Startup Time": 0.037,
                      "Actual Total Time": 557.949,
                      "Actual Rows": 5177763,
                      "Actual Loops": 7
                    },
                    {
                      "Node Type": "Hash",
                      "Parent Relationship": "Inner",
                      "Parallel Aware": true,
                      "Startup Cost": 253758.95,
                      "Total Cost": 253758.95,
                      "Plan Rows": 1391348,
                      "Plan Width": 8,
                      "Actual Startup Time": 1469.115,
                      "Actual Total Time": 1469.12,
                      "Actual Rows": 867856,
                      "Actual Loops": 7,
                      "Hash Buckets": 8388608,
                      "Original Hash Buckets": 8388608,
                      "Hash Batches": 1,
                      "Original Hash Batches": 1,
                      "Peak Memory Usage": 303296,
                      "Plans": [
                        {
                          "Node Type": "Hash Join",
                          "Parent Relationship": "Outer",
                          "Parallel Aware": true,
                          "Join Type": "Inner",
                          "Startup Cost": 49475.31,
                          "Total Cost": 253758.95,
                          "Plan Rows": 1391348,
                          "Plan Width": 8,
                          "Actual Startup Time": 241.281,
                          "Actual Total Time": 1074.089,
                          "Actual Rows": 867856,
                          "Actual Loops": 7,
                          "Inner Unique": true,
                          "Hash Cond": "(mi.movie_id = t.id)",
                          "Plans": [
                            {
                              "Node Type": "Seq Scan",
                              "Parent Relationship": "Outer",
                              "Parallel Aware": true,
                              "Relation Name": "movie_info",
                              "Alias": "mi",
                              "Startup Cost": 0.0,
                              "Total Cost": 199108.24,
                              "Plan Rows": 1971577,
                              "Plan Width": 4,
                              "Actual Startup Time": 16.901,
                              "Actual Total Time": 367.661,
                              "Actual Rows": 1415965,
                              "Actual Loops": 7,
                              "Filter": "(info_type_id > 4)",
                              "Rows Removed by Filter": 703424
                            },
                            {
                              "Node Type": "Hash",
                              "Parent Relationship": "Inner",
                              "Parallel Aware": true,
                              "Startup Cost": 43899.32,
                              "Total Cost": 43899.32,
                              "Plan Rows": 446079,
                              "Plan Width": 4,
                              "Actual Startup Time": 222.326,
                              "Actual Total Time": 222.328,
                              "Actual Rows": 253153,
                              "Actual Loops": 7,
                              "Hash Buckets": 2097152,
                              "Original Hash Buckets": 2097152,
                              "Hash Batches": 1,
                              "Original Hash Batches": 1,
                              "Peak Memory Usage": 85856,
                              "Plans": [
                                {
                                  "Node Type": "Seq Scan",
                                  "Parent Relationship": "Outer",
                                  "Parallel Aware": true,
                                  "Relation Name": "title",
                                  "Alias": "t",
                                  "Startup Cost": 0.0,
                                  "Total Cost": 43899.32,
                                  "Plan Rows": 446079,
                                  "Plan Width": 4,
                                  "Actual Startup Time": 0.057,
                                  "Actual Total Time": 91.413,
                                  "Actual Rows": 253153,
                                  "Actual Loops": 7,
                                  "Filter": "(production_year > 1989)",
                                  "Rows Removed by Filter": 108034
                                }
                              ]
                            }
                          ]
                        }
                      ]
                    }
                  ]
                }
              ]
            }
          ]
        }
      ]
    },
    "Planning Time": 0.445,
    "Triggers": [],
    "Execution Time": 10394.796
  }
]