[
  {
    "Plan": {
      "Node Type": "Aggregate",
      "Strategy": "Plain",
      "Partial Mode": "Finalize",
      "Parallel Aware": false,
      "Startup Cost": 682710.56,
      "Total Cost": 682710.57,
      "Plan Rows": 1,
      "Plan Width": 8,
      "Actual Startup Time": 9632.423,
      "Actual Total Time": 9721.309,
      "Actual Rows": 1,
      "Actual Loops": 1,
      "Plans": [
        {
          "Node Type": "Gather",
          "Parent Relationship": "Outer",
          "Parallel Aware": false,
          "Startup Cost": 682709.94,
          "Total Cost": 682710.55,
          "Plan Rows": 6,
          "Plan Width": 8,
          "Actual Startup Time": 9586.625,
          "Actual Total Time": 9721.292,
          "Actual Rows": 7,
          "Actual Loops": 1,
          "Workers Planned": 6,
          "Workers Launched": 6,
          "Single Copy": false,
          "Plans": [
            {
              "Node Type": "Aggregate",
              "Strategy": "Plain",
              "Partial Mode": "Partial",
              "Parent Relationship": "Outer",
              "Parallel Aware": false,
              "Startup Cost": 681709.94,
              "Total Cost": 681709.95,
              "Plan Rows": 1,
              "Plan Width": 8,
              "Actual Startup Time": 9555.911,
              "Actual Total Time": 9556.801,
              "Actual Rows": 1,
              "Actual Loops": 7,
              "Plans": [
                {
                  "Node Type": "Hash Join",
                  "Parent Relationship": "Outer",
                  "Parallel Aware": true,
                  "Join Type": "Inner",
                  "Startup Cost": 271049.68,
                  "Total Cost": 640070.65,
                  "Plan Rows": 16655715,
                  "Plan Width": 0,
                  "Actual Startup Time": 1269.265,
                  "Actual Total Time": 8014.565,
                  "Actual Rows": 39126484,
                  "Actual Loops": 7,
                  "Inner Unique": false,
                  "Hash Cond": "(ci.movie_id = t.id)",
                  "Plans": [
                    {
                      "Node Type": "Seq Scan",
                      "Parent Relationship": "Outer",
                      "Parallel Aware": true,
                      "Relation Name": "cast_info",
                      "Alias": "ci",
                      "Startup Cost": 0.0,
                      "Total Cost": 313067.02,
                      "Plan Rows": 6038002,
                      "Plan Width": 4,
                      "Actual Startup Time": 0.02,
                      "Actual Total Time": 510.83,
                      "Actual Rows": 5177763,
                      "Actual Loops": 7
                    },
                    {
                      "Node Type": "Hash",
                      "Parent Relationship": "Inner",
                      "Parallel Aware": true,
                      "Startup Cost": 253614.06,
                      "Total Cost": 253614.06,
                      "Plan Rows": 1394850,
                      "Plan Width": 8,
                      "Actual Startup Time": 1259.402,
                      "Actual Total Time": 1260.29,
                      "Actual Rows": 867856,
                      "Actual Loops": 7,
                      "Hash Buckets": 8388608,
                      "Original Hash Buckets": 8388608,
                      "Hash Batches": 1,
                      "Original Hash Batches": 1,
                      "Peak Memory Usage": 303264,
                      "Plans": [
                        {
                          "Node Type": "Hash Join",
                          "Parent Relationship": "Outer",
                          "Parallel Aware": true,
                          "Join Type": "Inner",
                          "Startup Cost": 49457.33,
                          "Total Cost": 253614.06,
                          "Plan Rows": 1394850,
                          "Plan Width": 8,
                          "Actual Startup Time": 207.061,
                          "Actual Total Time": 929.294,
                          "Actual Rows": 867856,
                          "Actual Loops": 7,
                          "Inner Unique": true,
                          "Hash Cond": "(mi.movie_id = t.id)",
                          "Plans": [
                            {
                              "Node Type": "Seq Scan",
                              "Parent Relationship": "Outer",
                              "Parallel Aware": true,
                              "Relation Name": "movie_info",
                              "Alias": "mi",
                              "Startup Cost": 0.0,
                              "Total Cost": 198952.16,
                              "Plan Rows": 1982687,
                              "Plan Width": 4,
                              "Actual Startup Time": 14.736,
                              "Actual Total Time": 314.447,
                              "Actual Rows": 1415965,
                              "Actual Loops": 7,
                              "Filter": "(info_type_id > 4)",
                              "Rows Removed by Filter": 703424
                            },
                            {
                              "Node Type": "Hash",
                              "Parent Relationship": "Inner",
                              "Parallel Aware": true,
                              "Startup Cost": 43898.92,
                              "Total Cost": 43898.92,
                              "Plan Rows": 444673,
                              "Plan Width": 4,
                              "Actual Startup Time": 190.557,
                              "Actual Total Time": 190.558,
                              "Actual Rows": 253153,
                              "Actual Loops": 7,
                              "Hash Buckets": 2097152,
                              "Original Hash Buckets": 2097152,
                              "Hash Batches": 1,
                              "Original Hash Batches": 1,
                              "Peak Memory Usage": 85824,
                              "Plans": [
                                {
                                  "Node Type": "Seq Scan",
                                  "Parent Relationship": "Outer",
                                  "Parallel Aware": true,
                                  "Relation Name": "title",
                                  "Alias": "t",
                                  "Startup Cost": 0.0,
                                  "Total Cost": 43898.92,
                                  "Plan Rows": 444673,
                                  "Plan Width": 4,
                                  "Actual Startup Time": 0.052,
                                  "Actual Total Time": 80.706,
                                  "Actual Rows": 253153,
                                  "Actual Loops": 7,
                                  "Filter": "(production_year > 1989)",
                                  "Rows Removed by Filter": 108034
                                }
                              ]
                            }
                          ]
                        }
                      ]
                    }
                  ]
                }
              ]
            }
          ]
        }
      ]
    },
    "Planning Time": 1.324,
    "Triggers": [],
    "Execution Time": 9721.409
  }
]