[
  {
    "Plan": {
      "Node Type": "Aggregate",
      "Strategy": "Plain",
      "Partial Mode": "Finalize",
      "Parallel Aware": false,
      "Startup Cost": 47377.99,
      "Total Cost": 47378.0,
      "Plan Rows": 1,
      "Plan Width": 8,
      "Actual Startup Time": 113.338,
      "Actual Total Time": 125.245,
      "Actual Rows": 1,
      "Actual Loops": 1,
      "Plans": [
        {
          "Node Type": "Gather",
          "Parent Relationship": "Outer",
          "Parallel Aware": false,
          "Startup Cost": 47377.57,
          "Total Cost": 47377.98,
          "Plan Rows": 4,
          "Plan Width": 8,
          "Actual Startup Time": 113.206,
          "Actual Total Time": 125.238,
          "Actual Rows": 5,
          "Actual Loops": 1,
          "Workers Planned": 4,
          "Workers Launched": 4,
          "Single Copy": false,
          "Plans": [
            {
              "Node Type": "Aggregate",
              "Strategy": "Plain",
              "Partial Mode": "Partial",
              "Parent Relationship": "Outer",
              "Parallel Aware": false,
              "Startup Cost": 46377.57,
              "Total Cost": 46377.58,
              "Plan Rows": 1,
              "Plan Width": 8,
              "Actual Startup Time": 103.921,
              "Actual Total Time": 103.922,
              "Actual Rows": 1,
              "Actual Loops": 5,
              "Plans": [
                {
                  "Node Type": "Seq Scan",
                  "Parent Relationship": "Outer",
                  "Parallel Aware": true,
                  "Relation Name": "title",
                  "Alias": "t",
                  "Startup Cost": 0.0,
                  "Total Cost": 45479.1,
                  "Plan Rows": 359387,
                  "Plan Width": 0,
                  "Actual Startup Time": 0.037,
                  "Actual Total Time": 87.979,
                  "Actual Rows": 298174,
                  "Actual Loops": 5,
                  "Filter": "((kind_id > 4) AND (production_year > 1929))",
                  "Rows Removed by Filter": 207488
                }
              ]
            }
          ]
        }
      ]
    },
    "Planning Time": 0.149,
    "Triggers": [],
    "Execution Time": 125.296
  }
]