[
    {
        "Bao": {
            "Bao prediction": "NaN",
            "Bao recommended hint": "(no hint)"
        }
    },
    {
        "Plan": {
            "Node Type": "Aggregate",
            "Strategy": "Plain",
            "Partial Mode": "Finalize",
            "Parallel Aware": false,
            "Startup Cost": 77274.8,
            "Total Cost": 77274.81,
            "Plan Rows": 1,
            "Plan Width": 8,
            "Actual Startup Time": 205.391,
            "Actual Total Time": 215.487,
            "Actual Rows": 1,
            "Actual Loops": 1,
            "Output": [
                "count(*)"
            ],
            "Plans": [
                {
                    "Node Type": "Gather",
                    "Parent Relationship": "Outer",
                    "Parallel Aware": false,
                    "Startup Cost": 77274.48,
                    "Total Cost": 77274.79,
                    "Plan Rows": 3,
                    "Plan Width": 8,
                    "Actual Startup Time": 204.775,
                    "Actual Total Time": 215.478,
                    "Actual Rows": 4,
                    "Actual Loops": 1,
                    "Output": [
                        "(PARTIAL count(*))"
                    ],
                    "Workers Planned": 3,
                    "Workers Launched": 3,
                    "Single Copy": false,
                    "Plans": [
                        {
                            "Node Type": "Aggregate",
                            "Strategy": "Plain",
                            "Partial Mode": "Partial",
                            "Parent Relationship": "Outer",
                            "Parallel Aware": false,
                            "Startup Cost": 76274.48,
                            "Total Cost": 76274.49,
                            "Plan Rows": 1,
                            "Plan Width": 8,
                            "Actual Startup Time": 196.576,
                            "Actual Total Time": 196.579,
                            "Actual Rows": 1,
                            "Actual Loops": 4,
                            "Output": [
                                "PARTIAL count(*)"
                            ],
                            "Workers": [
                                {
                                    "Worker Number": 0,
                                    "Actual Startup Time": 193.971,
                                    "Actual Total Time": 193.974,
                                    "Actual Rows": 1,
                                    "Actual Loops": 1
                                },
                                {
                                    "Worker Number": 1,
                                    "Actual Startup Time": 193.931,
                                    "Actual Total Time": 193.934,
                                    "Actual Rows": 1,
                                    "Actual Loops": 1
                                },
                                {
                                    "Worker Number": 2,
                                    "Actual Startup Time": 193.932,
                                    "Actual Total Time": 193.934,
                                    "Actual Rows": 1,
                                    "Actual Loops": 1
                                }
                            ],
                            "Plans": [
                                {
                                    "Node Type": "Hash Join",
                                    "Parent Relationship": "Outer",
                                    "Parallel Aware": true,
                                    "Join Type": "Inner",
                                    "Startup Cost": 44184.29,
                                    "Total Cost": 76252.03,
                                    "Plan Rows": 8981,
                                    "Plan Width": 0,
                                    "Actual Startup Time": 114.838,
                                    "Actual Total Time": 195.395,
                                    "Actual Rows": 20020,
                                    "Actual Loops": 4,
                                    "Inner Unique": true,
                                    "Hash Cond": "(mc.movie_id = t.id)",
                                    "Workers": [
                                        {
                                            "Worker Number": 0,
                                            "Actual Startup Time": 112.162,
                                            "Actual Total Time": 192.709,
                                            "Actual Rows": 16194,
                                            "Actual Loops": 1
                                        },
                                        {
                                            "Worker Number": 1,
                                            "Actual Startup Time": 112.223,
                                            "Actual Total Time": 192.761,
                                            "Actual Rows": 14988,
                                            "Actual Loops": 1
                                        },
                                        {
                                            "Worker Number": 2,
                                            "Actual Startup Time": 112.213,
                                            "Actual Total Time": 192.805,
                                            "Actual Rows": 24289,
                                            "Actual Loops": 1
                                        }
                                    ],
                                    "Plans": [
                                        {
                                            "Node Type": "Seq Scan",
                                            "Parent Relationship": "Outer",
                                            "Parallel Aware": true,
                                            "Relation Name": "movie_companies",
                                            "Schema": "public",
                                            "Alias": "mc",
                                            "Startup Cost": 0.0,
                                            "Total Cost": 31414.82,
                                            "Plan Rows": 248729,
                                            "Plan Width": 4,
                                            "Actual Startup Time": 3.419,
                                            "Actual Total Time": 71.326,
                                            "Actual Rows": 138767,
                                            "Actual Loops": 4,
                                            "Output": [
                                                "mc.id",
                                                "mc.movie_id",
                                                "mc.company_id",
                                                "mc.company_type_id",
                                                "mc.note"
                                            ],
                                            "Filter": "((mc.company_id > 5867) AND (mc.company_type_id = 1))",
                                            "Rows Removed by Filter": 513515,
                                            "Workers": [
                                                {
                                                    "Worker Number": 0,
                                                    "Actual Startup Time": 3.462,
                                                    "Actual Total Time": 71.444,
                                                    "Actual Rows": 108317,
                                                    "Actual Loops": 1
                                                },
                                                {
                                                    "Worker Number": 1,
                                                    "Actual Startup Time": 3.395,
                                                    "Actual Total Time": 72.14,
                                                    "Actual Rows": 107944,
                                                    "Actual Loops": 1
                                                },
                                                {
                                                    "Worker Number": 2,
                                                    "Actual Startup Time": 3.348,
                                                    "Actual Total Time": 71.021,
                                                    "Actual Rows": 165699,
                                                    "Actual Loops": 1
                                                }
                                            ]
                                        },
                                        {
                                            "Node Type": "Hash",
                                            "Parent Relationship": "Inner",
                                            "Parallel Aware": true,
                                            "Startup Cost": 43899.01,
                                            "Total Cost": 43899.01,
                                            "Plan Rows": 22823,
                                            "Plan Width": 4,
                                            "Actual Startup Time": 102.03,
                                            "Actual Total Time": 102.031,
                                            "Actual Rows": 22318,
                                            "Actual Loops": 4,
                                            "Output": [
                                                "t.id"
                                            ],
                                            "Hash Buckets": 131072,
                                            "Original Hash Buckets": 131072,
                                            "Hash Batches": 1,
                                            "Original Hash Batches": 1,
                                            "Peak Memory Usage": 4576,
                                            "Workers": [
                                                {
                                                    "Worker Number": 0,
                                                    "Actual Startup Time": 99.654,
                                                    "Actual Total Time": 99.655,
                                                    "Actual Rows": 16483,
                                                    "Actual Loops": 1
                                                },
                                                {
                                                    "Worker Number": 1,
                                                    "Actual Startup Time": 99.711,
                                                    "Actual Total Time": 99.712,
                                                    "Actual Rows": 16955,
                                                    "Actual Loops": 1
                                                },
                                                {
                                                    "Worker Number": 2,
                                                    "Actual Startup Time": 99.701,
                                                    "Actual Total Time": 99.702,
                                                    "Actual Rows": 25091,
                                                    "Actual Loops": 1
                                                }
                                            ],
                                            "Plans": [
                                                {
                                                    "Node Type": "Seq Scan",
                                                    "Parent Relationship": "Outer",
                                                    "Parallel Aware": true,
                                                    "Relation Name": "title",
                                                    "Schema": "public",
                                                    "Alias": "t",
                                                    "Startup Cost": 0.0,
                                                    "Total Cost": 43899.01,
                                                    "Plan Rows": 22823,
                                                    "Plan Width": 4,
                                                    "Actual Startup Time": 53.803,
                                                    "Actual Total Time": 94.194,
                                                    "Actual Rows": 22318,
                                                    "Actual Loops": 4,
                                                    "Output": [
                                                        "t.id"
                                                    ],
                                                    "Filter": "(t.production_year < 1921)",
                                                    "Rows Removed by Filter": 609760,
                                                    "Workers": [
                                                        {
                                                            "Worker Number": 0,
                                                            "Actual Startup Time": 56.052,
                                                            "Actual Total Time": 91.981,
                                                            "Actual Rows": 16483,
                                                            "Actual Loops": 1
                                                        },
                                                        {
                                                            "Worker Number": 1,
                                                            "Actual Startup Time": 34.212,
                                                            "Actual Total Time": 92.814,
                                                            "Actual Rows": 16955,
                                                            "Actual Loops": 1
                                                        },
                                                        {
                                                            "Worker Number": 2,
                                                            "Actual Startup Time": 59.559,
                                                            "Actual Total Time": 91.663,
                                                            "Actual Rows": 25091,
                                                            "Actual Loops": 1
                                                        }
                                                    ]
                                                }
                                            ]
                                        }
                                    ]
                                }
                            ]
                        }
                    ]
                }
            ]
        },
        "Planning Time": 205.818,
        "Triggers": [],
        "Execution Time": 215.538
    }
]