[
    {
        "Bao": {
            "Bao prediction": "NaN",
            "Bao recommended hint": "(no hint)"
        }
    },
    {
        "Plan": {
            "Node Type": "Aggregate",
            "Strategy": "Plain",
            "Partial Mode": "Finalize",
            "Parallel Aware": false,
            "Startup Cost": 336345.23,
            "Total Cost": 336345.24,
            "Plan Rows": 1,
            "Plan Width": 8,
            "Actual Startup Time": 630.662,
            "Actual Total Time": 651.874,
            "Actual Rows": 1,
            "Actual Loops": 1,
            "Output": [
                "count(*)"
            ],
            "Plans": [
                {
                    "Node Type": "Gather",
                    "Parent Relationship": "Outer",
                    "Parallel Aware": false,
                    "Startup Cost": 336344.61,
                    "Total Cost": 336345.22,
                    "Plan Rows": 6,
                    "Plan Width": 8,
                    "Actual Startup Time": 630.56,
                    "Actual Total Time": 651.859,
                    "Actual Rows": 7,
                    "Actual Loops": 1,
                    "Output": [
                        "(PARTIAL count(*))"
                    ],
                    "Workers Planned": 6,
                    "Workers Launched": 6,
                    "Single Copy": false,
                    "Plans": [
                        {
                            "Node Type": "Aggregate",
                            "Strategy": "Plain",
                            "Partial Mode": "Partial",
                            "Parent Relationship": "Outer",
                            "Parallel Aware": false,
                            "Startup Cost": 335344.61,
                            "Total Cost": 335344.62,
                            "Plan Rows": 1,
                            "Plan Width": 8,
                            "Actual Startup Time": 620.992,
                            "Actual Total Time": 620.993,
                            "Actual Rows": 1,
                            "Actual Loops": 7,
                            "Output": [
                                "PARTIAL count(*)"
                            ],
                            "Workers": [
                                {
                                    "Worker Number": 0,
                                    "Actual Startup Time": 618.655,
                                    "Actual Total Time": 618.655,
                                    "Actual Rows": 1,
                                    "Actual Loops": 1
                                },
                                {
                                    "Worker Number": 1,
                                    "Actual Startup Time": 618.838,
                                    "Actual Total Time": 618.838,
                                    "Actual Rows": 1,
                                    "Actual Loops": 1
                                },
                                {
                                    "Worker Number": 2,
                                    "Actual Startup Time": 619.472,
                                    "Actual Total Time": 619.472,
                                    "Actual Rows": 1,
                                    "Actual Loops": 1
                                },
                                {
                                    "Worker Number": 3,
                                    "Actual Startup Time": 619.738,
                                    "Actual Total Time": 619.739,
                                    "Actual Rows": 1,
                                    "Actual Loops": 1
                                },
                                {
                                    "Worker Number": 4,
                                    "Actual Startup Time": 619.73,
                                    "Actual Total Time": 619.732,
                                    "Actual Rows": 1,
                                    "Actual Loops": 1
                                },
                                {
                                    "Worker Number": 5,
                                    "Actual Startup Time": 620.307,
                                    "Actual Total Time": 620.308,
                                    "Actual Rows": 1,
                                    "Actual Loops": 1
                                }
                            ],
                            "Plans": [
                                {
                                    "Node Type": "Seq Scan",
                                    "Parent Relationship": "Outer",
                                    "Parallel Aware": true,
                                    "Relation Name": "cast_info",
                                    "Schema": "public",
                                    "Alias": "ci",
                                    "Startup Cost": 0.0,
                                    "Total Cost": 328213.62,
                                    "Plan Rows": 2852397,
                                    "Plan Width": 0,
                                    "Actual Startup Time": 188.464,
                                    "Actual Total Time": 521.624,
                                    "Actual Rows": 2456897,
                                    "Actual Loops": 7,
                                    "Output": [
                                        "id",
                                        "person_id",
                                        "movie_id",
                                        "person_role_id",
                                        "note",
                                        "nr_order",
                                        "role_id"
                                    ],
                                    "Filter": "(ci.person_id > 1901791)",
                                    "Rows Removed by Filter": 2720867,
                                    "Workers": [
                                        {
                                            "Worker Number": 0,
                                            "Actual Startup Time": 186.123,
                                            "Actual Total Time": 522.736,
                                            "Actual Rows": 2354729,
                                            "Actual Loops": 1
                                        },
                                        {
                                            "Worker Number": 1,
                                            "Actual Startup Time": 186.319,
                                            "Actual Total Time": 522.768,
                                            "Actual Rows": 2347586,
                                            "Actual Loops": 1
                                        },
                                        {
                                            "Worker Number": 2,
                                            "Actual Startup Time": 186.928,
                                            "Actual Total Time": 522.942,
                                            "Actual Rows": 2370076,
                                            "Actual Loops": 1
                                        },
                                        {
                                            "Worker Number": 3,
                                            "Actual Startup Time": 187.211,
                                            "Actual Total Time": 523.285,
                                            "Actual Rows": 2365274,
                                            "Actual Loops": 1
                                        },
                                        {
                                            "Worker Number": 4,
                                            "Actual Startup Time": 187.213,
                                            "Actual Total Time": 523.481,
                                            "Actual Rows": 2345823,
                                            "Actual Loops": 1
                                        },
                                        {
                                            "Worker Number": 5,
                                            "Actual Startup Time": 187.779,
                                            "Actual Total Time": 523.967,
                                            "Actual Rows": 2364734,
                                            "Actual Loops": 1
                                        }
                                    ]
                                }
                            ]
                        }
                    ]
                }
            ]
        },
        "Planning Time": 182.095,
        "Triggers": [],
        "Execution Time": 651.924
    }
]