[
    {
        "Bao": {
            "Bao prediction": 1490.587,
            "Bao recommended hint": "(no hint)"
        }
    },
    {
        "Plan": {
            "Node Type": "Sort",
            "Parallel Aware": false,
            "Startup Cost": 65504.69,
            "Total Cost": 65504.72,
            "Plan Rows": 10,
            "Plan Width": 23,
            "Actual Startup Time": 1352.1,
            "Actual Total Time": 1401.786,
            "Actual Rows": 219,
            "Actual Loops": 1,
            "Output": [
                "n.name",
                "(count(*))"
            ],
            "Sort Key": [
                "(count(*)) DESC"
            ],
            "Sort Method": "quicksort",
            "Sort Space Used": 41,
            "Sort Space Type": "Memory",
            "Plans": [
                {
                    "Node Type": "Aggregate",
                    "Strategy": "Sorted",
                    "Partial Mode": "Simple",
                    "Parent Relationship": "Outer",
                    "Parallel Aware": false,
                    "Startup Cost": 65504.35,
                    "Total Cost": 65504.53,
                    "Plan Rows": 10,
                    "Plan Width": 23,
                    "Actual Startup Time": 1351.793,
                    "Actual Total Time": 1401.683,
                    "Actual Rows": 219,
                    "Actual Loops": 1,
                    "Output": [
                        "n.name",
                        "count(*)"
                    ],
                    "Group Key": [
                        "n.name"
                    ],
                    "Plans": [
                        {
                            "Node Type": "Sort",
                            "Parent Relationship": "Outer",
                            "Parallel Aware": false,
                            "Startup Cost": 65504.35,
                            "Total Cost": 65504.38,
                            "Plan Rows": 10,
                            "Plan Width": 15,
                            "Actual Startup Time": 1351.777,
                            "Actual Total Time": 1401.5,
                            "Actual Rows": 995,
                            "Actual Loops": 1,
                            "Output": [
                                "n.name"
                            ],
                            "Sort Key": [
                                "n.name COLLATE \"C\""
                            ],
                            "Sort Method": "quicksort",
                            "Sort Space Used": 81,
                            "Sort Space Type": "Memory",
                            "Plans": [
                                {
                                    "Node Type": "Nested Loop",
                                    "Parent Relationship": "Outer",
                                    "Parallel Aware": false,
                                    "Join Type": "Inner",
                                    "Startup Cost": 1004.3,
                                    "Total Cost": 65504.19,
                                    "Plan Rows": 10,
                                    "Plan Width": 15,
                                    "Actual Startup Time": 40.422,
                                    "Actual Total Time": 1400.991,
                                    "Actual Rows": 995,
                                    "Actual Loops": 1,
                                    "Output": [
                                        "n.name"
                                    ],
                                    "Inner Unique": false,
                                    "Plans": [
                                        {
                                            "Node Type": "Seq Scan",
                                            "Parent Relationship": "Outer",
                                            "Parallel Aware": false,
                                            "Relation Name": "info_type",
                                            "Schema": "public",
                                            "Alias": "it1",
                                            "Startup Cost": 0.0,
                                            "Total Cost": 2.41,
                                            "Plan Rows": 1,
                                            "Plan Width": 4,
                                            "Actual Startup Time": 0.02,
                                            "Actual Total Time": 0.031,
                                            "Actual Rows": 1,
                                            "Actual Loops": 1,
                                            "Output": [
                                                "it1.id",
                                                "it1.info"
                                            ],
                                            "Filter": "(it1.id = 3)",
                                            "Rows Removed by Filter": 112
                                        },
                                        {
                                            "Node Type": "Gather",
                                            "Parent Relationship": "Inner",
                                            "Parallel Aware": false,
                                            "Startup Cost": 1004.3,
                                            "Total Cost": 65501.67,
                                            "Plan Rows": 10,
                                            "Plan Width": 19,
                                            "Actual Startup Time": 40.4,
                                            "Actual Total Time": 1400.842,
                                            "Actual Rows": 995,
                                            "Actual Loops": 1,
                                            "Output": [
                                                "n.name",
                                                "mi.info_type_id"
                                            ],
                                            "Workers Planned": 4,
                                            "Workers Launched": 4,
                                            "Single Copy": false,
                                            "Plans": [
                                                {
                                                    "Node Type": "Nested Loop",
                                                    "Parent Relationship": "Outer",
                                                    "Parallel Aware": false,
                                                    "Join Type": "Inner",
                                                    "Startup Cost": 4.3,
                                                    "Total Cost": 64500.67,
                                                    "Plan Rows": 2,
                                                    "Plan Width": 19,
                                                    "Actual Startup Time": 38.307,
                                                    "Actual Total Time": 1332.123,
                                                    "Actual Rows": 199,
                                                    "Actual Loops": 5,
                                                    "Output": [
                                                        "n.name",
                                                        "mi.info_type_id"
                                                    ],
                                                    "Inner Unique": true,
                                                    "Workers": [
                                                        {
                                                            "Worker Number": 0,
                                                            "Actual Startup Time": 26.97,
                                                            "Actual Total Time": 1320.877,
                                                            "Actual Rows": 319,
                                                            "Actual Loops": 1
                                                        },
                                                        {
                                                            "Worker Number": 1,
                                                            "Actual Startup Time": 61.343,
                                                            "Actual Total Time": 1337.259,
                                                            "Actual Rows": 82,
                                                            "Actual Loops": 1
                                                        },
                                                        {
                                                            "Worker Number": 2,
                                                            "Actual Startup Time": 25.652,
                                                            "Actual Total Time": 1330.34,
                                                            "Actual Rows": 285,
                                                            "Actual Loops": 1
                                                        },
                                                        {
                                                            "Worker Number": 3,
                                                            "Actual Startup Time": 37.969,
                                                            "Actual Total Time": 1338.363,
                                                            "Actual Rows": 171,
                                                            "Actual Loops": 1
                                                        }
                                                    ],
                                                    "Plans": [
                                                        {
                                                            "Node Type": "Nested Loop",
                                                            "Parent Relationship": "Outer",
                                                            "Parallel Aware": false,
                                                            "Join Type": "Inner",
                                                            "Startup Cost": 3.87,
                                                            "Total Cost": 64497.96,
                                                            "Plan Rows": 6,
                                                            "Plan Width": 27,
                                                            "Actual Startup Time": 38.228,
                                                            "Actual Total Time": 1328.846,
                                                            "Actual Rows": 199,
                                                            "Actual Loops": 5,
                                                            "Output": [
                                                                "n.name",
                                                                "ci.movie_id",
                                                                "mi.movie_id",
                                                                "mi.info_type_id"
                                                            ],
                                                            "Inner Unique": false,
                                                            "Workers": [
                                                                {
                                                                    "Worker Number": 0,
                                                                    "Actual Startup Time": 26.85,
                                                                    "Actual Total Time": 1315.425,
                                                                    "Actual Rows": 319,
                                                                    "Actual Loops": 1
                                                                },
                                                                {
                                                                    "Worker Number": 1,
                                                                    "Actual Startup Time": 61.272,
                                                                    "Actual Total Time": 1335.679,
                                                                    "Actual Rows": 82,
                                                                    "Actual Loops": 1
                                                                },
                                                                {
                                                                    "Worker Number": 2,
                                                                    "Actual Startup Time": 25.562,
                                                                    "Actual Total Time": 1326.245,
                                                                    "Actual Rows": 285,
                                                                    "Actual Loops": 1
                                                                },
                                                                {
                                                                    "Worker Number": 3,
                                                                    "Actual Startup Time": 37.884,
                                                                    "Actual Total Time": 1335.128,
                                                                    "Actual Rows": 171,
                                                                    "Actual Loops": 1
                                                                }
                                                            ],
                                                            "Plans": [
                                                                {
                                                                    "Node Type": "Nested Loop",
                                                                    "Parent Relationship": "Outer",
                                                                    "Parallel Aware": false,
                                                                    "Join Type": "Inner",
                                                                    "Startup Cost": 3.43,
                                                                    "Total Cost": 62931.3,
                                                                    "Plan Rows": 1126,
                                                                    "Plan Width": 19,
                                                                    "Actual Startup Time": 8.293,
                                                                    "Actual Total Time": 474.893,
                                                                    "Actual Rows": 77161,
                                                                    "Actual Loops": 5,
                                                                    "Output": [
                                                                        "n.name",
                                                                        "ci.movie_id"
                                                                    ],
                                                                    "Inner Unique": false,
                                                                    "Workers": [
                                                                        {
                                                                            "Worker Number": 0,
                                                                            "Actual Startup Time": 20.082,
                                                                            "Actual Total Time": 430.781,
                                                                            "Actual Rows": 61929,
                                                                            "Actual Loops": 1
                                                                        },
                                                                        {
                                                                            "Worker Number": 1,
                                                                            "Actual Startup Time": 6.458,
                                                                            "Actual Total Time": 483.22,
                                                                            "Actual Rows": 92335,
                                                                            "Actual Loops": 1
                                                                        },
                                                                        {
                                                                            "Worker Number": 2,
                                                                            "Actual Startup Time": 7.069,
                                                                            "Actual Total Time": 474.553,
                                                                            "Actual Rows": 87666,
                                                                            "Actual Loops": 1
                                                                        },
                                                                        {
                                                                            "Worker Number": 3,
                                                                            "Actual Startup Time": 1.438,
                                                                            "Actual Total Time": 466.101,
                                                                            "Actual Rows": 63576,
                                                                            "Actual Loops": 1
                                                                        }
                                                                    ],
                                                                    "Plans": [
                                                                        {
                                                                            "Node Type": "Nested Loop",
                                                                            "Parent Relationship": "Outer",
                                                                            "Parallel Aware": false,
                                                                            "Join Type": "Inner",
                                                                            "Startup Cost": 2.87,
                                                                            "Total Cost": 61058.37,
                                                                            "Plan Rows": 130,
                                                                            "Plan Width": 23,
                                                                            "Actual Startup Time": 7.081,
                                                                            "Actual Total Time": 425.386,
                                                                            "Actual Rows": 1260,
                                                                            "Actual Loops": 5,
                                                                            "Output": [
                                                                                "n.name",
                                                                                "n.id",
                                                                                "pi.person_id"
                                                                            ],
                                                                            "Inner Unique": true,
                                                                            "Workers": [
                                                                                {
                                                                                    "Worker Number": 0,
                                                                                    "Actual Startup Time": 19.951,
                                                                                    "Actual Total Time": 382.037,
                                                                                    "Actual Rows": 1018,
                                                                                    "Actual Loops": 1
                                                                                },
                                                                                {
                                                                                    "Worker Number": 1,
                                                                                    "Actual Startup Time": 6.282,
                                                                                    "Actual Total Time": 432.717,
                                                                                    "Actual Rows": 1326,
                                                                                    "Actual Loops": 1
                                                                                },
                                                                                {
                                                                                    "Worker Number": 2,
                                                                                    "Actual Startup Time": 6.91,
                                                                                    "Actual Total Time": 423.724,
                                                                                    "Actual Rows": 1481,
                                                                                    "Actual Loops": 1
                                                                                },
                                                                                {
                                                                                    "Worker Number": 3,
                                                                                    "Actual Startup Time": 1.138,
                                                                                    "Actual Total Time": 415.093,
                                                                                    "Actual Rows": 1086,
                                                                                    "Actual Loops": 1
                                                                                }
                                                                            ],
                                                                            "Plans": [
                                                                                {
                                                                                    "Node Type": "Hash Join",
                                                                                    "Parent Relationship": "Outer",
                                                                                    "Parallel Aware": false,
                                                                                    "Join Type": "Inner",
                                                                                    "Startup Cost": 2.44,
                                                                                    "Total Cost": 60325.0,
                                                                                    "Plan Rows": 130,
                                                                                    "Plan Width": 4,
                                                                                    "Actual Startup Time": 6.889,
                                                                                    "Actual Total Time": 409.951,
                                                                                    "Actual Rows": 1260,
                                                                                    "Actual Loops": 5,
                                                                                    "Output": [
                                                                                        "pi.person_id"
                                                                                    ],
                                                                                    "Inner Unique": true,
                                                                                    "Hash Cond": "(pi.info_type_id = it2.id)",
                                                                                    "Workers": [
                                                                                        {
                                                                                            "Worker Number": 0,
                                                                                            "Actual Startup Time": 19.809,
                                                                                            "Actual Total Time": 367.351,
                                                                                            "Actual Rows": 1018,
                                                                                            "Actual Loops": 1
                                                                                        },
                                                                                        {
                                                                                            "Worker Number": 1,
                                                                                            "Actual Startup Time": 6.068,
                                                                                            "Actual Total Time": 417.674,
                                                                                            "Actual Rows": 1326,
                                                                                            "Actual Loops": 1
                                                                                        },
                                                                                        {
                                                                                            "Worker Number": 2,
                                                                                            "Actual Startup Time": 6.711,
                                                                                            "Actual Total Time": 407.616,
                                                                                            "Actual Rows": 1481,
                                                                                            "Actual Loops": 1
                                                                                        },
                                                                                        {
                                                                                            "Worker Number": 3,
                                                                                            "Actual Startup Time": 0.827,
                                                                                            "Actual Total Time": 399.208,
                                                                                            "Actual Rows": 1086,
                                                                                            "Actual Loops": 1
                                                                                        }
                                                                                    ],
                                                                                    "Plans": [
                                                                                        {
                                                                                            "Node Type": "Seq Scan",
                                                                                            "Parent Relationship": "Outer",
                                                                                            "Parallel Aware": true,
                                                                                            "Relation Name": "person_info",
                                                                                            "Schema": "public",
                                                                                            "Alias": "pi",
                                                                                            "Startup Cost": 0.0,
                                                                                            "Total Cost": 60302.65,
                                                                                            "Plan Rows": 7310,
                                                                                            "Plan Width": 8,
                                                                                            "Actual Startup Time": 2.094,
                                                                                            "Actual Total Time": 408.443,
                                                                                            "Actual Rows": 2943,
                                                                                            "Actual Loops": 5,
                                                                                            "Output": [
                                                                                                "pi.id",
                                                                                                "pi.person_id",
                                                                                                "pi.info_type_id",
                                                                                                "pi.info",
                                                                                                "pi.note"
                                                                                            ],
                                                                                            "Filter": "(pi.info ~~* '%japan%'::text)",
                                                                                            "Rows Removed by Filter": 589790,
                                                                                            "Workers": [
                                                                                                {
                                                                                                    "Worker Number": 0,
                                                                                                    "Actual Startup Time": 2.576,
                                                                                                    "Actual Total Time": 365.764,
                                                                                                    "Actual Rows": 2123,
                                                                                                    "Actual Loops": 1
                                                                                                },
                                                                                                {
                                                                                                    "Worker Number": 1,
                                                                                                    "Actual Startup Time": 0.63,
                                                                                                    "Actual Total Time": 416.017,
                                                                                                    "Actual Rows": 3363,
                                                                                                    "Actual Loops": 1
                                                                                                },
                                                                                                {
                                                                                                    "Worker Number": 2,
                                                                                                    "Actual Startup Time": 6.273,
                                                                                                    "Actual Total Time": 406.193,
                                                                                                    "Actual Rows": 3343,
                                                                                                    "Actual Loops": 1
                                                                                                },
                                                                                                {
                                                                                                    "Worker Number": 3,
                                                                                                    "Actual Startup Time": 0.12,
                                                                                                    "Actual Total Time": 397.411,
                                                                                                    "Actual Rows": 2359,
                                                                                                    "Actual Loops": 1
                                                                                                }
                                                                                            ]
                                                                                        },
                                                                                        {
                                                                                            "Node Type": "Hash",
                                                                                            "Parent Relationship": "Inner",
                                                                                            "Parallel Aware": false,
                                                                                            "Startup Cost": 2.41,
                                                                                            "Total Cost": 2.41,
                                                                                            "Plan Rows": 2,
                                                                                            "Plan Width": 4,
                                                                                            "Actual Startup Time": 0.154,
                                                                                            "Actual Total Time": 0.155,
                                                                                            "Actual Rows": 3,
                                                                                            "Actual Loops": 5,
                                                                                            "Output": [
                                                                                                "it2.id"
                                                                                            ],
                                                                                            "Hash Buckets": 1024,
                                                                                            "Original Hash Buckets": 1024,
                                                                                            "Hash Batches": 1,
                                                                                            "Original Hash Batches": 1,
                                                                                            "Peak Memory Usage": 9,
                                                                                            "Workers": [
                                                                                                {
                                                                                                    "Worker Number": 0,
                                                                                                    "Actual Startup Time": 0.194,
                                                                                                    "Actual Total Time": 0.195,
                                                                                                    "Actual Rows": 3,
                                                                                                    "Actual Loops": 1
                                                                                                },
                                                                                                {
                                                                                                    "Worker Number": 1,
                                                                                                    "Actual Startup Time": 0.192,
                                                                                                    "Actual Total Time": 0.193,
                                                                                                    "Actual Rows": 3,
                                                                                                    "Actual Loops": 1
                                                                                                },
                                                                                                {
                                                                                                    "Worker Number": 2,
                                                                                                    "Actual Startup Time": 0.135,
                                                                                                    "Actual Total Time": 0.136,
                                                                                                    "Actual Rows": 3,
                                                                                                    "Actual Loops": 1
                                                                                                },
                                                                                                {
                                                                                                    "Worker Number": 3,
                                                                                                    "Actual Startup Time": 0.197,
                                                                                                    "Actual Total Time": 0.198,
                                                                                                    "Actual Rows": 3,
                                                                                                    "Actual Loops": 1
                                                                                                }
                                                                                            ],
                                                                                            "Plans": [
                                                                                                {
                                                                                                    "Node Type": "Seq Scan",
                                                                                                    "Parent Relationship": "Outer",
                                                                                                    "Parallel Aware": false,
                                                                                                    "Relation Name": "info_type",
                                                                                                    "Schema": "public",
                                                                                                    "Alias": "it2",
                                                                                                    "Startup Cost": 0.0,
                                                                                                    "Total Cost": 2.41,
                                                                                                    "Plan Rows": 2,
                                                                                                    "Plan Width": 4,
                                                                                                    "Actual Startup Time": 0.064,
                                                                                                    "Actual Total Time": 0.132,
                                                                                                    "Actual Rows": 3,
                                                                                                    "Actual Loops": 5,
                                                                                                    "Output": [
                                                                                                        "it2.id"
                                                                                                    ],
                                                                                                    "Filter": "((it2.info)::text ~~* '%birth%'::text)",
                                                                                                    "Rows Removed by Filter": 110,
                                                                                                    "Workers": [
                                                                                                        {
                                                                                                            "Worker Number": 0,
                                                                                                            "Actual Startup Time": 0.082,
                                                                                                            "Actual Total Time": 0.163,
                                                                                                            "Actual Rows": 3,
                                                                                                            "Actual Loops": 1
                                                                                                        },
                                                                                                        {
                                                                                                            "Worker Number": 1,
                                                                                                            "Actual Startup Time": 0.079,
                                                                                                            "Actual Total Time": 0.161,
                                                                                                            "Actual Rows": 3,
                                                                                                            "Actual Loops": 1
                                                                                                        },
                                                                                                        {
                                                                                                            "Worker Number": 2,
                                                                                                            "Actual Startup Time": 0.064,
                                                                                                            "Actual Total Time": 0.122,
                                                                                                            "Actual Rows": 3,
                                                                                                            "Actual Loops": 1
                                                                                                        },
                                                                                                        {
                                                                                                            "Worker Number": 3,
                                                                                                            "Actual Startup Time": 0.082,
                                                                                                            "Actual Total Time": 0.165,
                                                                                                            "Actual Rows": 3,
                                                                                                            "Actual Loops": 1
                                                                                                        }
                                                                                                    ]
                                                                                                }
                                                                                            ]
                                                                                        }
                                                                                    ]
                                                                                },
                                                                                {
                                                                                    "Node Type": "Index Scan",
                                                                                    "Parent Relationship": "Inner",
                                                                                    "Parallel Aware": false,
                                                                                    "Scan Direction": "Forward",
                                                                                    "Index Name": "name_pkey",
                                                                                    "Relation Name": "name",
                                                                                    "Schema": "public",
                                                                                    "Alias": "n",
                                                                                    "Startup Cost": 0.43,
                                                                                    "Total Cost": 5.64,
                                                                                    "Plan Rows": 1,
                                                                                    "Plan Width": 19,
                                                                                    "Actual Startup Time": 0.012,
                                                                                    "Actual Total Time": 0.012,
                                                                                    "Actual Rows": 1,
                                                                                    "Actual Loops": 6300,
                                                                                    "Output": [
                                                                                        "n.id",
                                                                                        "n.name",
                                                                                        "n.imdb_index",
                                                                                        "n.imdb_id",
                                                                                        "n.gender",
                                                                                        "n.name_pcode_cf",
                                                                                        "n.name_pcode_nf",
                                                                                        "n.surname_pcode",
                                                                                        "n.md5sum"
                                                                                    ],
                                                                                    "Index Cond": "(n.id = pi.person_id)",
                                                                                    "Rows Removed by Index Recheck": 0,
                                                                                    "Workers": [
                                                                                        {
                                                                                            "Worker Number": 0,
                                                                                            "Actual Startup Time": 0.013,
                                                                                            "Actual Total Time": 0.013,
                                                                                            "Actual Rows": 1,
                                                                                            "Actual Loops": 1018
                                                                                        },
                                                                                        {
                                                                                            "Worker Number": 1,
                                                                                            "Actual Startup Time": 0.011,
                                                                                            "Actual Total Time": 0.011,
                                                                                            "Actual Rows": 1,
                                                                                            "Actual Loops": 1326
                                                                                        },
                                                                                        {
                                                                                            "Worker Number": 2,
                                                                                            "Actual Startup Time": 0.01,
                                                                                            "Actual Total Time": 0.01,
                                                                                            "Actual Rows": 1,
                                                                                            "Actual Loops": 1481
                                                                                        },
                                                                                        {
                                                                                            "Worker Number": 3,
                                                                                            "Actual Startup Time": 0.014,
                                                                                            "Actual Total Time": 0.014,
                                                                                            "Actual Rows": 1,
                                                                                            "Actual Loops": 1086
                                                                                        }
                                                                                    ]
                                                                                }
                                                                            ]
                                                                        },
                                                                        {
                                                                            "Node Type": "Index Scan",
                                                                            "Parent Relationship": "Inner",
                                                                            "Parallel Aware": false,
                                                                            "Scan Direction": "Forward",
                                                                            "Index Name": "person_id_cast_info",
                                                                            "Relation Name": "cast_info",
                                                                            "Schema": "public",
                                                                            "Alias": "ci",
                                                                            "Startup Cost": 0.56,
                                                                            "Total Cost": 9.51,
                                                                            "Plan Rows": 490,
                                                                            "Plan Width": 8,
                                                                            "Actual Startup Time": 0.016,
                                                                            "Actual Total Time": 0.032,
                                                                            "Actual Rows": 61,
                                                                            "Actual Loops": 6300,
                                                                            "Output": [
                                                                                "ci.id",
                                                                                "ci.person_id",
                                                                                "ci.movie_id",
                                                                                "ci.person_role_id",
                                                                                "ci.note",
                                                                                "ci.nr_order",
                                                                                "ci.role_id"
                                                                            ],
                                                                            "Index Cond": "(ci.person_id = n.id)",
                                                                            "Rows Removed by Index Recheck": 0,
                                                                            "Workers": [
                                                                                {
                                                                                    "Worker Number": 0,
                                                                                    "Actual Startup Time": 0.019,
                                                                                    "Actual Total Time": 0.038,
                                                                                    "Actual Rows": 61,
                                                                                    "Actual Loops": 1018
                                                                                },
                                                                                {
                                                                                    "Worker Number": 1,
                                                                                    "Actual Startup Time": 0.015,
                                                                                    "Actual Total Time": 0.031,
                                                                                    "Actual Rows": 70,
                                                                                    "Actual Loops": 1326
                                                                                },
                                                                                {
                                                                                    "Worker Number": 2,
                                                                                    "Actual Startup Time": 0.014,
                                                                                    "Actual Total Time": 0.028,
                                                                                    "Actual Rows": 59,
                                                                                    "Actual Loops": 1481
                                                                                },
                                                                                {
                                                                                    "Worker Number": 3,
                                                                                    "Actual Startup Time": 0.019,
                                                                                    "Actual Total Time": 0.037,
                                                                                    "Actual Rows": 59,
                                                                                    "Actual Loops": 1086
                                                                                }
                                                                            ]
                                                                        }
                                                                    ]
                                                                },
                                                                {
                                                                    "Node Type": "Index Scan",
                                                                    "Parent Relationship": "Inner",
                                                                    "Parallel Aware": false,
                                                                    "Scan Direction": "Forward",
                                                                    "Index Name": "movie_id_movie_info",
                                                                    "Relation Name": "movie_info",
                                                                    "Schema": "public",
                                                                    "Alias": "mi",
                                                                    "Startup Cost": 0.43,
                                                                    "Total Cost": 1.38,
                                                                    "Plan Rows": 1,
                                                                    "Plan Width": 8,
                                                                    "Actual Startup Time": 0.011,
                                                                    "Actual Total Time": 0.011,
                                                                    "Actual Rows": 0,
                                                                    "Actual Loops": 385807,
                                                                    "Output": [
                                                                        "mi.id",
                                                                        "mi.movie_id",
                                                                        "mi.info_type_id",
                                                                        "mi.info",
                                                                        "mi.note"
                                                                    ],
                                                                    "Index Cond": "(mi.movie_id = ci.movie_id)",
                                                                    "Rows Removed by Index Recheck": 0,
                                                                    "Filter": "((mi.info ~~* '%adult%'::text) AND (mi.info_type_id = 3))",
                                                                    "Rows Removed by Filter": 8,
                                                                    "Workers": [
                                                                        {
                                                                            "Worker Number": 0,
                                                                            "Actual Startup Time": 0.014,
                                                                            "Actual Total Time": 0.014,
                                                                            "Actual Rows": 0,
                                                                            "Actual Loops": 61929
                                                                        },
                                                                        {
                                                                            "Worker Number": 1,
                                                                            "Actual Startup Time": 0.009,
                                                                            "Actual Total Time": 0.009,
                                                                            "Actual Rows": 0,
                                                                            "Actual Loops": 92335
                                                                        },
                                                                        {
                                                                            "Worker Number": 2,
                                                                            "Actual Startup Time": 0.01,
                                                                            "Actual Total Time": 0.01,
                                                                            "Actual Rows": 0,
                                                                            "Actual Loops": 87666
                                                                        },
                                                                        {
                                                                            "Worker Number": 3,
                                                                            "Actual Startup Time": 0.013,
                                                                            "Actual Total Time": 0.013,
                                                                            "Actual Rows": 0,
                                                                            "Actual Loops": 63576
                                                                        }
                                                                    ]
                                                                }
                                                            ]
                                                        },
                                                        {
                                                            "Node Type": "Index Only Scan",
                                                            "Parent Relationship": "Inner",
                                                            "Parallel Aware": false,
                                                            "Scan Direction": "Forward",
                                                            "Index Name": "title_pkey",
                                                            "Relation Name": "title",
                                                            "Schema": "public",
                                                            "Alias": "t",
                                                            "Startup Cost": 0.43,
                                                            "Total Cost": 0.45,
                                                            "Plan Rows": 1,
                                                            "Plan Width": 4,
                                                            "Actual Startup Time": 0.016,
                                                            "Actual Total Time": 0.016,
                                                            "Actual Rows": 1,
                                                            "Actual Loops": 995,
                                                            "Output": [
                                                                "t.id"
                                                            ],
                                                            "Index Cond": "(t.id = ci.movie_id)",
                                                            "Rows Removed by Index Recheck": 0,
                                                            "Heap Fetches": 995,
                                                            "Workers": [
                                                                {
                                                                    "Worker Number": 0,
                                                                    "Actual Startup Time": 0.016,
                                                                    "Actual Total Time": 0.016,
                                                                    "Actual Rows": 1,
                                                                    "Actual Loops": 319
                                                                },
                                                                {
                                                                    "Worker Number": 1,
                                                                    "Actual Startup Time": 0.018,
                                                                    "Actual Total Time": 0.018,
                                                                    "Actual Rows": 1,
                                                                    "Actual Loops": 82
                                                                },
                                                                {
                                                                    "Worker Number": 2,
                                                                    "Actual Startup Time": 0.014,
                                                                    "Actual Total Time": 0.014,
                                                                    "Actual Rows": 1,
                                                                    "Actual Loops": 285
                                                                },
                                                                {
                                                                    "Worker Number": 3,
                                                                    "Actual Startup Time": 0.018,
                                                                    "Actual Total Time": 0.018,
                                                                    "Actual Rows": 1,
                                                                    "Actual Loops": 171
                                                                }
                                                            ]
                                                        }
                                                    ]
                                                }
                                            ]
                                        }
                                    ]
                                }
                            ]
                        }
                    ]
                }
            ]
        },
        "Planning Time": 258.636,
        "Triggers": [],
        "Execution Time": 1402.174
    }
]