{
  "Plan": {
    "Node Type": "Aggregate",
    "Strategy": "Plain",
    "Partial Mode": "Finalize",
    "Parallel Aware": false,
    "Startup Cost": 90805.37,
    "Total Cost": 90805.38,
    "Plan Rows": 1,
    "Plan Width": 8,
    "Actual Startup Time": 383.876,
    "Actual Total Time": 401.784,
    "Actual Rows": 1,
    "Actual Loops": 1,
    "Plans": [
      {
        "Node Type": "Gather",
        "Parent Relationship": "Outer",
        "Parallel Aware": false,
        "Startup Cost": 90805.25,
        "Total Cost": 90805.36,
        "Plan Rows": 1,
        "Plan Width": 8,
        "Actual Startup Time": 381.669,
        "Actual Total Time": 401.778,
        "Actual Rows": 2,
        "Actual Loops": 1,
        "Workers Planned": 1,
        "Workers Launched": 1,
        "Single Copy": false,
        "Plans": [
          {
            "Node Type": "Aggregate",
            "Strategy": "Plain",
            "Partial Mode": "Partial",
            "Parent Relationship": "Outer",
            "Parallel Aware": false,
            "Startup Cost": 89805.25,
            "Total Cost": 89805.26,
            "Plan Rows": 1,
            "Plan Width": 8,
            "Actual Startup Time": 375.48,
            "Actual Total Time": 375.484,
            "Actual Rows": 1,
            "Actual Loops": 2,
            "Plans": [
              {
                "Node Type": "Hash Join",
                "Parent Relationship": "Outer",
                "Parallel Aware": true,
                "Join Type": "Inner",
                "Startup Cost": 64279.49,
                "Total Cost": 89740.02,
                "Plan Rows": 26095,
                "Plan Width": 0,
                "Actual Startup Time": 317.397,
                "Actual Total Time": 372.475,
                "Actual Rows": 56378,
                "Actual Loops": 2,
                "Inner Unique": true,
                "Hash Cond": "(mk.movie_id = t.id)",
                "Plans": [
                  {
                    "Node Type": "Bitmap Heap Scan",
                    "Parent Relationship": "Outer",
                    "Parallel Aware": true,
                    "Relation Name": "movie_keyword",
                    "Alias": "mk",
                    "Startup Cost": 2401.19,
                    "Total Cost": 27687.03,
                    "Plan Rows": 66547,
                    "Plan Width": 4,
                    "Actual Startup Time": 9.423,
                    "Actual Total Time": 44.271,
                    "Actual Rows": 56378,
                    "Actual Loops": 2,
                    "Recheck Cond": "(keyword_id > 79596)",
                    "Rows Removed by Index Recheck": 0,
                    "Exact Heap Blocks": 12844,
                    "Lossy Heap Blocks": 0,
                    "Plans": [
                      {
                        "Node Type": "Bitmap Index Scan",
                        "Parent Relationship": "Outer",
                        "Parallel Aware": false,
                        "Index Name": "keyword_id_movie_keyword",
                        "Startup Cost": 0.0,
                        "Total Cost": 2372.91,
                        "Plan Rows": 113130,
                        "Plan Width": 0,
                        "Actual Startup Time": 6.673,
                        "Actual Total Time": 6.673,
                        "Actual Rows": 112755,
                        "Actual Loops": 1,
                        "Index Cond": "(keyword_id > 79596)"
                      }
                    ]
                  },
                  {
                    "Node Type": "Hash",
                    "Parent Relationship": "Inner",
                    "Parallel Aware": true,
                    "Startup Cost": 54588.39,
                    "Total Cost": 54588.39,
                    "Plan Rows": 583193,
                    "Plan Width": 4,
                    "Actual Startup Time": 298.947,
                    "Actual Total Time": 298.947,
                    "Actual Rows": 492524,
                    "Actual Loops": 2,
                    "Hash Buckets": 1048576,
                    "Original Hash Buckets": 1048576,
                    "Hash Batches": 1,
                    "Original Hash Batches": 1,
                    "Peak Memory Usage": 46752,
                    "Plans": [
                      {
                        "Node Type": "Seq Scan",
                        "Parent Relationship": "Outer",
                        "Parallel Aware": true,
                        "Relation Name": "title",
                        "Alias": "t",
                        "Startup Cost": 0.0,
                        "Total Cost": 54588.39,
                        "Plan Rows": 583193,
                        "Plan Width": 4,
                        "Actual Startup Time": 0.036,
                        "Actual Total Time": 170.314,
                        "Actual Rows": 492524,
                        "Actual Loops": 2,
                        "Filter": "(kind_id < 7)",
                        "Rows Removed by Filter": 771632
                      }
                    ]
                  }
                ]
              }
            ]
          }
        ]
      }
    ]
  },
  "Planning Time": 0.626,
  "Triggers": [],
  "Execution Time": 401.873
}