[
    {
        "Bao": {
            "Bao prediction": "NaN",
            "Bao recommended hint": "(no hint)"
        }
    },
    {
        "Plan": {
            "Node Type": "Aggregate",
            "Strategy": "Plain",
            "Partial Mode": "Finalize",
            "Parallel Aware": false,
            "Startup Cost": 275656.93,
            "Total Cost": 275656.94,
            "Plan Rows": 1,
            "Plan Width": 8,
            "Actual Startup Time": 1068.159,
            "Actual Total Time": 1104.841,
            "Actual Rows": 1,
            "Actual Loops": 1,
            "Output": [
                "count(*)"
            ],
            "Plans": [
                {
                    "Node Type": "Gather",
                    "Parent Relationship": "Outer",
                    "Parallel Aware": false,
                    "Startup Cost": 275656.4,
                    "Total Cost": 275656.91,
                    "Plan Rows": 5,
                    "Plan Width": 8,
                    "Actual Startup Time": 1061.813,
                    "Actual Total Time": 1104.829,
                    "Actual Rows": 6,
                    "Actual Loops": 1,
                    "Output": [
                        "(PARTIAL count(*))"
                    ],
                    "Workers Planned": 5,
                    "Workers Launched": 5,
                    "Single Copy": false,
                    "Plans": [
                        {
                            "Node Type": "Aggregate",
                            "Strategy": "Plain",
                            "Partial Mode": "Partial",
                            "Parent Relationship": "Outer",
                            "Parallel Aware": false,
                            "Startup Cost": 274656.4,
                            "Total Cost": 274656.41,
                            "Plan Rows": 1,
                            "Plan Width": 8,
                            "Actual Startup Time": 1052.298,
                            "Actual Total Time": 1052.428,
                            "Actual Rows": 1,
                            "Actual Loops": 6,
                            "Output": [
                                "PARTIAL count(*)"
                            ],
                            "Workers": [
                                {
                                    "Worker Number": 0,
                                    "Actual Startup Time": 1049.833,
                                    "Actual Total Time": 1049.839,
                                    "Actual Rows": 1,
                                    "Actual Loops": 1
                                },
                                {
                                    "Worker Number": 1,
                                    "Actual Startup Time": 1051.591,
                                    "Actual Total Time": 1051.598,
                                    "Actual Rows": 1,
                                    "Actual Loops": 1
                                },
                                {
                                    "Worker Number": 2,
                                    "Actual Startup Time": 1049.858,
                                    "Actual Total Time": 1049.863,
                                    "Actual Rows": 1,
                                    "Actual Loops": 1
                                },
                                {
                                    "Worker Number": 3,
                                    "Actual Startup Time": 1050.553,
                                    "Actual Total Time": 1050.558,
                                    "Actual Rows": 1,
                                    "Actual Loops": 1
                                },
                                {
                                    "Worker Number": 4,
                                    "Actual Startup Time": 1050.617,
                                    "Actual Total Time": 1050.622,
                                    "Actual Rows": 1,
                                    "Actual Loops": 1
                                }
                            ],
                            "Plans": [
                                {
                                    "Node Type": "Hash Join",
                                    "Parent Relationship": "Outer",
                                    "Parallel Aware": true,
                                    "Join Type": "Inner",
                                    "Startup Cost": 64112.74,
                                    "Total Cost": 273520.4,
                                    "Plan Rows": 454401,
                                    "Plan Width": 0,
                                    "Actual Startup Time": 255.475,
                                    "Actual Total Time": 1010.188,
                                    "Actual Rows": 887731,
                                    "Actual Loops": 6,
                                    "Inner Unique": false,
                                    "Hash Cond": "(mi.movie_id = t.id)",
                                    "Workers": [
                                        {
                                            "Worker Number": 0,
                                            "Actual Startup Time": 253.482,
                                            "Actual Total Time": 1006.255,
                                            "Actual Rows": 640580,
                                            "Actual Loops": 1
                                        },
                                        {
                                            "Worker Number": 1,
                                            "Actual Startup Time": 253.435,
                                            "Actual Total Time": 1008.158,
                                            "Actual Rows": 650481,
                                            "Actual Loops": 1
                                        },
                                        {
                                            "Worker Number": 2,
                                            "Actual Startup Time": 253.253,
                                            "Actual Total Time": 1009.378,
                                            "Actual Rows": 944523,
                                            "Actual Loops": 1
                                        },
                                        {
                                            "Worker Number": 3,
                                            "Actual Startup Time": 253.859,
                                            "Actual Total Time": 1010.3,
                                            "Actual Rows": 991169,
                                            "Actual Loops": 1
                                        },
                                        {
                                            "Worker Number": 4,
                                            "Actual Startup Time": 253.898,
                                            "Actual Total Time": 1010.442,
                                            "Actual Rows": 991306,
                                            "Actual Loops": 1
                                        }
                                    ],
                                    "Plans": [
                                        {
                                            "Node Type": "Seq Scan",
                                            "Parent Relationship": "Outer",
                                            "Parallel Aware": true,
                                            "Relation Name": "movie_info",
                                            "Schema": "public",
                                            "Alias": "mi",
                                            "Startup Cost": 0.0,
                                            "Total Cost": 198880.74,
                                            "Plan Rows": 2504246,
                                            "Plan Width": 4,
                                            "Actual Startup Time": 0.034,
                                            "Actual Total Time": 353.484,
                                            "Actual Rows": 2100312,
                                            "Actual Loops": 6,
                                            "Output": [
                                                "mi.id",
                                                "mi.movie_id",
                                                "mi.info_type_id",
                                                "mi.info",
                                                "mi.note"
                                            ],
                                            "Filter": "(mi.info_type_id < 17)",
                                            "Rows Removed by Filter": 372308,
                                            "Workers": [
                                                {
                                                    "Worker Number": 0,
                                                    "Actual Startup Time": 0.045,
                                                    "Actual Total Time": 363.61,
                                                    "Actual Rows": 1524483,
                                                    "Actual Loops": 1
                                                },
                                                {
                                                    "Worker Number": 1,
                                                    "Actual Startup Time": 0.042,
                                                    "Actual Total Time": 360.87,
                                                    "Actual Rows": 1536004,
                                                    "Actual Loops": 1
                                                },
                                                {
                                                    "Worker Number": 2,
                                                    "Actual Startup Time": 0.03,
                                                    "Actual Total Time": 347.239,
                                                    "Actual Rows": 2233235,
                                                    "Actual Loops": 1
                                                },
                                                {
                                                    "Worker Number": 3,
                                                    "Actual Startup Time": 0.041,
                                                    "Actual Total Time": 359.066,
                                                    "Actual Rows": 2353706,
                                                    "Actual Loops": 1
                                                },
                                                {
                                                    "Worker Number": 4,
                                                    "Actual Startup Time": 0.035,
                                                    "Actual Total Time": 359.169,
                                                    "Actual Rows": 2359788,
                                                    "Actual Loops": 1
                                                }
                                            ]
                                        },
                                        {
                                            "Node Type": "Hash",
                                            "Parent Relationship": "Inner",
                                            "Parallel Aware": true,
                                            "Startup Cost": 62679.09,
                                            "Total Cost": 62679.09,
                                            "Plan Rows": 114692,
                                            "Plan Width": 8,
                                            "Actual Startup Time": 252.585,
                                            "Actual Total Time": 252.713,
                                            "Actual Rows": 76654,
                                            "Actual Loops": 6,
                                            "Output": [
                                                "t.id",
                                                "mi_idx.movie_id"
                                            ],
                                            "Hash Buckets": 524288,
                                            "Original Hash Buckets": 524288,
                                            "Hash Batches": 1,
                                            "Original Hash Batches": 1,
                                            "Peak Memory Usage": 22208,
                                            "Workers": [
                                                {
                                                    "Worker Number": 0,
                                                    "Actual Startup Time": 251.312,
                                                    "Actual Total Time": 251.316,
                                                    "Actual Rows": 57443,
                                                    "Actual Loops": 1
                                                },
                                                {
                                                    "Worker Number": 1,
                                                    "Actual Startup Time": 251.368,
                                                    "Actual Total Time": 251.373,
                                                    "Actual Rows": 57556,
                                                    "Actual Loops": 1
                                                },
                                                {
                                                    "Worker Number": 2,
                                                    "Actual Startup Time": 251.26,
                                                    "Actual Total Time": 251.263,
                                                    "Actual Rows": 80259,
                                                    "Actual Loops": 1
                                                },
                                                {
                                                    "Worker Number": 3,
                                                    "Actual Startup Time": 252.071,
                                                    "Actual Total Time": 252.074,
                                                    "Actual Rows": 84527,
                                                    "Actual Loops": 1
                                                },
                                                {
                                                    "Worker Number": 4,
                                                    "Actual Startup Time": 252.12,
                                                    "Actual Total Time": 252.123,
                                                    "Actual Rows": 84501,
                                                    "Actual Loops": 1
                                                }
                                            ],
                                            "Plans": [
                                                {
                                                    "Node Type": "Hash Join",
                                                    "Parent Relationship": "Outer",
                                                    "Parallel Aware": true,
                                                    "Join Type": "Inner",
                                                    "Startup Cost": 17512.11,
                                                    "Total Cost": 62679.09,
                                                    "Plan Rows": 114692,
                                                    "Plan Width": 8,
                                                    "Actual Startup Time": 64.088,
                                                    "Actual Total Time": 223.986,
                                                    "Actual Rows": 76654,
                                                    "Actual Loops": 6,
                                                    "Output": [
                                                        "t.id",
                                                        "mi_idx.movie_id"
                                                    ],
                                                    "Inner Unique": false,
                                                    "Hash Cond": "(t.id = mi_idx.movie_id)",
                                                    "Workers": [
                                                        {
                                                            "Worker Number": 0,
                                                            "Actual Startup Time": 62.808,
                                                            "Actual Total Time": 223.811,
                                                            "Actual Rows": 57443,
                                                            "Actual Loops": 1
                                                        },
                                                        {
                                                            "Worker Number": 1,
                                                            "Actual Startup Time": 62.861,
                                                            "Actual Total Time": 224.693,
                                                            "Actual Rows": 57556,
                                                            "Actual Loops": 1
                                                        },
                                                        {
                                                            "Worker Number": 2,
                                                            "Actual Startup Time": 62.797,
                                                            "Actual Total Time": 223.013,
                                                            "Actual Rows": 80259,
                                                            "Actual Loops": 1
                                                        },
                                                        {
                                                            "Worker Number": 3,
                                                            "Actual Startup Time": 63.553,
                                                            "Actual Total Time": 223.168,
                                                            "Actual Rows": 84527,
                                                            "Actual Loops": 1
                                                        },
                                                        {
                                                            "Worker Number": 4,
                                                            "Actual Startup Time": 63.598,
                                                            "Actual Total Time": 222.301,
                                                            "Actual Rows": 84501,
                                                            "Actual Loops": 1
                                                        }
                                                    ],
                                                    "Plans": [
                                                        {
                                                            "Node Type": "Seq Scan",
                                                            "Parent Relationship": "Outer",
                                                            "Parallel Aware": true,
                                                            "Relation Name": "title",
                                                            "Schema": "public",
                                                            "Alias": "t",
                                                            "Startup Cost": 0.0,
                                                            "Total Cost": 42318.81,
                                                            "Plan Rows": 632080,
                                                            "Plan Width": 4,
                                                            "Actual Startup Time": 0.015,
                                                            "Actual Total Time": 58.069,
                                                            "Actual Rows": 421385,
                                                            "Actual Loops": 6,
                                                            "Output": [
                                                                "t.id",
                                                                "t.title",
                                                                "t.imdb_index",
                                                                "t.kind_id",
                                                                "t.production_year",
                                                                "t.imdb_id",
                                                                "t.phonetic_code",
                                                                "t.episode_of_id",
                                                                "t.season_nr",
                                                                "t.episode_nr",
                                                                "t.series_years",
                                                                "t.md5sum"
                                                            ],
                                                            "Workers": [
                                                                {
                                                                    "Worker Number": 0,
                                                                    "Actual Startup Time": 0.017,
                                                                    "Actual Total Time": 63.071,
                                                                    "Actual Rows": 312875,
                                                                    "Actual Loops": 1
                                                                },
                                                                {
                                                                    "Worker Number": 1,
                                                                    "Actual Startup Time": 0.026,
                                                                    "Actual Total Time": 63.052,
                                                                    "Actual Rows": 312831,
                                                                    "Actual Loops": 1
                                                                },
                                                                {
                                                                    "Worker Number": 2,
                                                                    "Actual Startup Time": 0.015,
                                                                    "Actual Total Time": 58.055,
                                                                    "Actual Rows": 438138,
                                                                    "Actual Loops": 1
                                                                },
                                                                {
                                                                    "Worker Number": 3,
                                                                    "Actual Startup Time": 0.013,
                                                                    "Actual Total Time": 59.413,
                                                                    "Actual Rows": 465590,
                                                                    "Actual Loops": 1
                                                                },
                                                                {
                                                                    "Worker Number": 4,
                                                                    "Actual Startup Time": 0.013,
                                                                    "Actual Total Time": 59.014,
                                                                    "Actual Rows": 464690,
                                                                    "Actual Loops": 1
                                                                }
                                                            ]
                                                        },
                                                        {
                                                            "Node Type": "Hash",
                                                            "Parent Relationship": "Inner",
                                                            "Parallel Aware": true,
                                                            "Startup Cost": 15122.68,
                                                            "Total Cost": 15122.68,
                                                            "Plan Rows": 191154,
                                                            "Plan Width": 4,
                                                            "Actual Startup Time": 63.455,
                                                            "Actual Total Time": 63.456,
                                                            "Actual Rows": 76654,
                                                            "Actual Loops": 6,
                                                            "Output": [
                                                                "mi_idx.movie_id"
                                                            ],
                                                            "Hash Buckets": 524288,
                                                            "Original Hash Buckets": 524288,
                                                            "Hash Batches": 1,
                                                            "Original Hash Batches": 1,
                                                            "Peak Memory Usage": 22176,
                                                            "Workers": [
                                                                {
                                                                    "Worker Number": 0,
                                                                    "Actual Startup Time": 62.696,
                                                                    "Actual Total Time": 62.698,
                                                                    "Actual Rows": 57872,
                                                                    "Actual Loops": 1
                                                                },
                                                                {
                                                                    "Worker Number": 1,
                                                                    "Actual Startup Time": 62.713,
                                                                    "Actual Total Time": 62.715,
                                                                    "Actual Rows": 55138,
                                                                    "Actual Loops": 1
                                                                },
                                                                {
                                                                    "Worker Number": 2,
                                                                    "Actual Startup Time": 62.724,
                                                                    "Actual Total Time": 62.726,
                                                                    "Actual Rows": 71889,
                                                                    "Actual Loops": 1
                                                                },
                                                                {
                                                                    "Worker Number": 3,
                                                                    "Actual Startup Time": 63.456,
                                                                    "Actual Total Time": 63.458,
                                                                    "Actual Rows": 70840,
                                                                    "Actual Loops": 1
                                                                },
                                                                {
                                                                    "Worker Number": 4,
                                                                    "Actual Startup Time": 63.461,
                                                                    "Actual Total Time": 63.462,
                                                                    "Actual Rows": 70604,
                                                                    "Actual Loops": 1
                                                                }
                                                            ],
                                                            "Plans": [
                                                                {
                                                                    "Node Type": "Seq Scan",
                                                                    "Parent Relationship": "Outer",
                                                                    "Parallel Aware": true,
                                                                    "Relation Name": "movie_info_idx",
                                                                    "Schema": "public",
                                                                    "Alias": "mi_idx",
                                                                    "Startup Cost": 0.0,
                                                                    "Total Cost": 15122.68,
                                                                    "Plan Rows": 191154,
                                                                    "Plan Width": 4,
                                                                    "Actual Startup Time": 0.054,
                                                                    "Actual Total Time": 33.398,
                                                                    "Actual Rows": 76654,
                                                                    "Actual Loops": 6,
                                                                    "Output": [
                                                                        "mi_idx.movie_id"
                                                                    ],
                                                                    "Filter": "(mi_idx.info_type_id < 100)",
                                                                    "Rows Removed by Filter": 153352,
                                                                    "Workers": [
                                                                        {
                                                                            "Worker Number": 0,
                                                                            "Actual Startup Time": 0.058,
                                                                            "Actual Total Time": 34.13,
                                                                            "Actual Rows": 57872,
                                                                            "Actual Loops": 1
                                                                        },
                                                                        {
                                                                            "Worker Number": 1,
                                                                            "Actual Startup Time": 0.06,
                                                                            "Actual Total Time": 33.225,
                                                                            "Actual Rows": 55138,
                                                                            "Actual Loops": 1
                                                                        },
                                                                        {
                                                                            "Worker Number": 2,
                                                                            "Actual Startup Time": 0.07,
                                                                            "Actual Total Time": 32.926,
                                                                            "Actual Rows": 71889,
                                                                            "Actual Loops": 1
                                                                        },
                                                                        {
                                                                            "Worker Number": 3,
                                                                            "Actual Startup Time": 0.061,
                                                                            "Actual Total Time": 34.818,
                                                                            "Actual Rows": 70840,
                                                                            "Actual Loops": 1
                                                                        },
                                                                        {
                                                                            "Worker Number": 4,
                                                                            "Actual Startup Time": 0.064,
                                                                            "Actual Total Time": 34.724,
                                                                            "Actual Rows": 70604,
                                                                            "Actual Loops": 1
                                                                        }
                                                                    ]
                                                                }
                                                            ]
                                                        }
                                                    ]
                                                }
                                            ]
                                        }
                                    ]
                                }
                            ]
                        }
                    ]
                }
            ]
        },
        "Planning Time": 171.744,
        "Triggers": [],
        "Execution Time": 1104.919
    }
]