[
    {
        "Bao": {
            "Bao prediction": "NaN",
            "Bao recommended hint": "(no hint)"
        }
    },
    {
        "Plan": {
            "Node Type": "Aggregate",
            "Strategy": "Plain",
            "Partial Mode": "Finalize",
            "Parallel Aware": false,
            "Startup Cost": 350233.89,
            "Total Cost": 350233.9,
            "Plan Rows": 1,
            "Plan Width": 8,
            "Actual Startup Time": 708.66,
            "Actual Total Time": 735.689,
            "Actual Rows": 1,
            "Actual Loops": 1,
            "Output": [
                "count(*)"
            ],
            "Plans": [
                {
                    "Node Type": "Gather",
                    "Parent Relationship": "Outer",
                    "Parallel Aware": false,
                    "Startup Cost": 350233.27,
                    "Total Cost": 350233.88,
                    "Plan Rows": 6,
                    "Plan Width": 8,
                    "Actual Startup Time": 708.558,
                    "Actual Total Time": 735.681,
                    "Actual Rows": 7,
                    "Actual Loops": 1,
                    "Output": [
                        "(PARTIAL count(*))"
                    ],
                    "Workers Planned": 6,
                    "Workers Launched": 6,
                    "Single Copy": false,
                    "Plans": [
                        {
                            "Node Type": "Aggregate",
                            "Strategy": "Plain",
                            "Partial Mode": "Partial",
                            "Parent Relationship": "Outer",
                            "Parallel Aware": false,
                            "Startup Cost": 349233.27,
                            "Total Cost": 349233.28,
                            "Plan Rows": 1,
                            "Plan Width": 8,
                            "Actual Startup Time": 698.792,
                            "Actual Total Time": 698.793,
                            "Actual Rows": 1,
                            "Actual Loops": 7,
                            "Output": [
                                "PARTIAL count(*)"
                            ],
                            "Workers": [
                                {
                                    "Worker Number": 0,
                                    "Actual Startup Time": 696.079,
                                    "Actual Total Time": 696.08,
                                    "Actual Rows": 1,
                                    "Actual Loops": 1
                                },
                                {
                                    "Worker Number": 1,
                                    "Actual Startup Time": 696.922,
                                    "Actual Total Time": 696.923,
                                    "Actual Rows": 1,
                                    "Actual Loops": 1
                                },
                                {
                                    "Worker Number": 2,
                                    "Actual Startup Time": 697.221,
                                    "Actual Total Time": 697.222,
                                    "Actual Rows": 1,
                                    "Actual Loops": 1
                                },
                                {
                                    "Worker Number": 3,
                                    "Actual Startup Time": 697.444,
                                    "Actual Total Time": 697.445,
                                    "Actual Rows": 1,
                                    "Actual Loops": 1
                                },
                                {
                                    "Worker Number": 4,
                                    "Actual Startup Time": 697.678,
                                    "Actual Total Time": 697.679,
                                    "Actual Rows": 1,
                                    "Actual Loops": 1
                                },
                                {
                                    "Worker Number": 5,
                                    "Actual Startup Time": 698.017,
                                    "Actual Total Time": 698.018,
                                    "Actual Rows": 1,
                                    "Actual Loops": 1
                                }
                            ],
                            "Plans": [
                                {
                                    "Node Type": "Seq Scan",
                                    "Parent Relationship": "Outer",
                                    "Parallel Aware": true,
                                    "Relation Name": "cast_info",
                                    "Schema": "public",
                                    "Alias": "ci",
                                    "Startup Cost": 0.0,
                                    "Total Cost": 343318.94,
                                    "Plan Rows": 2365730,
                                    "Plan Width": 0,
                                    "Actual Startup Time": 174.813,
                                    "Actual Total Time": 618.178,
                                    "Actual Rows": 1740372,
                                    "Actual Loops": 7,
                                    "Output": [
                                        "id",
                                        "person_id",
                                        "movie_id",
                                        "person_role_id",
                                        "note",
                                        "nr_order",
                                        "role_id"
                                    ],
                                    "Filter": "((ci.person_id > 1478902) AND (ci.role_id < 4))",
                                    "Rows Removed by Filter": 3437391,
                                    "Workers": [
                                        {
                                            "Worker Number": 0,
                                            "Actual Startup Time": 172.107,
                                            "Actual Total Time": 618.8,
                                            "Actual Rows": 1164795,
                                            "Actual Loops": 1
                                        },
                                        {
                                            "Worker Number": 1,
                                            "Actual Startup Time": 172.937,
                                            "Actual Total Time": 618.263,
                                            "Actual Rows": 1924458,
                                            "Actual Loops": 1
                                        },
                                        {
                                            "Worker Number": 2,
                                            "Actual Startup Time": 173.247,
                                            "Actual Total Time": 619.305,
                                            "Actual Rows": 1894628,
                                            "Actual Loops": 1
                                        },
                                        {
                                            "Worker Number": 3,
                                            "Actual Startup Time": 173.465,
                                            "Actual Total Time": 619.565,
                                            "Actual Rows": 1910261,
                                            "Actual Loops": 1
                                        },
                                        {
                                            "Worker Number": 4,
                                            "Actual Startup Time": 173.703,
                                            "Actual Total Time": 619.403,
                                            "Actual Rows": 1918939,
                                            "Actual Loops": 1
                                        },
                                        {
                                            "Worker Number": 5,
                                            "Actual Startup Time": 174.037,
                                            "Actual Total Time": 620.837,
                                            "Actual Rows": 1165264,
                                            "Actual Loops": 1
                                        }
                                    ]
                                }
                            ]
                        }
                    ]
                }
            ]
        },
        "Planning Time": 229.393,
        "Triggers": [],
        "Execution Time": 735.743
    }
]