[
  {
    "Plan": {
      "Node Type": "Aggregate",
      "Strategy": "Plain",
      "Partial Mode": "Finalize",
      "Parallel Aware": false,
      "Startup Cost": 82645.33,
      "Total Cost": 82645.34,
      "Plan Rows": 1,
      "Plan Width": 8,
      "Actual Startup Time": 332.099,
      "Actual Total Time": 348.246,
      "Actual Rows": 1,
      "Actual Loops": 1,
      "Plans": [
        {
          "Node Type": "Gather",
          "Parent Relationship": "Outer",
          "Parallel Aware": false,
          "Startup Cost": 82644.91,
          "Total Cost": 82645.32,
          "Plan Rows": 4,
          "Plan Width": 8,
          "Actual Startup Time": 329.581,
          "Actual Total Time": 348.223,
          "Actual Rows": 5,
          "Actual Loops": 1,
          "Workers Planned": 4,
          "Workers Launched": 4,
          "Single Copy": false,
          "Plans": [
            {
              "Node Type": "Aggregate",
              "Strategy": "Plain",
              "Partial Mode": "Partial",
              "Parent Relationship": "Outer",
              "Parallel Aware": false,
              "Startup Cost": 81644.91,
              "Total Cost": 81644.92,
              "Plan Rows": 1,
              "Plan Width": 8,
              "Actual Startup Time": 320.156,
              "Actual Total Time": 320.159,
              "Actual Rows": 1,
              "Actual Loops": 5,
              "Plans": [
                {
                  "Node Type": "Hash Join",
                  "Parent Relationship": "Outer",
                  "Parallel Aware": true,
                  "Join Type": "Inner",
                  "Startup Cost": 34921.09,
                  "Total Cost": 81101.44,
                  "Plan Rows": 217389,
                  "Plan Width": 0,
                  "Actual Startup Time": 128.014,
                  "Actual Total Time": 313.732,
                  "Actual Rows": 136458,
                  "Actual Loops": 5,
                  "Inner Unique": false,
                  "Hash Cond": "(t.id = mc.movie_id)",
                  "Plans": [
                    {
                      "Node Type": "Seq Scan",
                      "Parent Relationship": "Outer",
                      "Parallel Aware": true,
                      "Relation Name": "title",
                      "Alias": "t",
                      "Startup Cost": 0.0,
                      "Total Cost": 42318.73,
                      "Plan Rows": 632073,
                      "Plan Width": 4,
                      "Actual Startup Time": 0.014,
                      "Actual Total Time": 63.974,
                      "Actual Rows": 505662,
                      "Actual Loops": 5
                    },
                    {
                      "Node Type": "Hash",
                      "Parent Relationship": "Inner",
                      "Parallel Aware": true,
                      "Startup Cost": 31414.82,
                      "Total Cost": 31414.82,
                      "Plan Rows": 280502,
                      "Plan Width": 4,
                      "Actual Startup Time": 123.44,
                      "Actual Total Time": 123.441,
                      "Actual Rows": 136458,
                      "Actual Loops": 5,
                      "Hash Buckets": 1048576,
                      "Original Hash Buckets": 1048576,
                      "Hash Batches": 1,
                      "Original Hash Batches": 1,
                      "Peak Memory Usage": 34944,
                      "Plans": [
                        {
                          "Node Type": "Seq Scan",
                          "Parent Relationship": "Outer",
                          "Parallel Aware": true,
                          "Relation Name": "movie_companies",
                          "Alias": "mc",
                          "Startup Cost": 0.0,
                          "Total Cost": 31414.82,
                          "Plan Rows": 280502,
                          "Plan Width": 4,
                          "Actual Startup Time": 1.649,
                          "Actual Total Time": 73.346,
                          "Actual Rows": 136458,
                          "Actual Loops": 5,
                          "Filter": "((company_id > 2165) AND (company_type_id < 2))",
                          "Rows Removed by Filter": 385368
                        }
                      ]
                    }
                  ]
                }
              ]
            }
          ]
        }
      ]
    },
    "Planning Time": 0.67,
    "Triggers": [],
    "Execution Time": 348.317
  }
]