[
  {
    "Plan": {
      "Node Type": "Aggregate",
      "Strategy": "Plain",
      "Partial Mode": "Finalize",
      "Parallel Aware": false,
      "Startup Cost": 339684.78,
      "Total Cost": 339684.79,
      "Plan Rows": 1,
      "Plan Width": 8,
      "Actual Startup Time": 762.622,
      "Actual Total Time": 808.744,
      "Actual Rows": 1,
      "Actual Loops": 1,
      "Plans": [
        {
          "Node Type": "Gather",
          "Parent Relationship": "Outer",
          "Parallel Aware": false,
          "Startup Cost": 339684.16,
          "Total Cost": 339684.77,
          "Plan Rows": 6,
          "Plan Width": 8,
          "Actual Startup Time": 762.42,
          "Actual Total Time": 808.727,
          "Actual Rows": 7,
          "Actual Loops": 1,
          "Workers Planned": 6,
          "Workers Launched": 6,
          "Single Copy": false,
          "Plans": [
            {
              "Node Type": "Aggregate",
              "Strategy": "Plain",
              "Partial Mode": "Partial",
              "Parent Relationship": "Outer",
              "Parallel Aware": false,
              "Startup Cost": 338684.16,
              "Total Cost": 338684.17,
              "Plan Rows": 1,
              "Plan Width": 8,
              "Actual Startup Time": 755.396,
              "Actual Total Time": 755.397,
              "Actual Rows": 1,
              "Actual Loops": 7,
              "Plans": [
                {
                  "Node Type": "Seq Scan",
                  "Parent Relationship": "Outer",
                  "Parallel Aware": true,
                  "Relation Name": "cast_info",
                  "Alias": "ci",
                  "Startup Cost": 0.0,
                  "Total Cost": 328211.39,
                  "Plan Rows": 4189107,
                  "Plan Width": 0,
                  "Actual Startup Time": 0.045,
                  "Actual Total Time": 591.344,
                  "Actual Rows": 3606363,
                  "Actual Loops": 7,
                  "Filter": "(person_id < 2604575)",
                  "Rows Removed by Filter": 1571400
                }
              ]
            }
          ]
        }
      ]
    },
    "Planning Time": 0.093,
    "Triggers": [],
    "Execution Time": 808.784
  }
]