{
  "Plan": {
    "Node Type": "Aggregate",
    "Strategy": "Plain",
    "Partial Mode": "Finalize",
    "Parallel Aware": false,
    "Startup Cost": 461913.79,
    "Total Cost": 461913.8,
    "Plan Rows": 1,
    "Plan Width": 8,
    "Actual Startup Time": 1657.129,
    "Actual Total Time": 1695.06,
    "Actual Rows": 1,
    "Actual Loops": 1,
    "Plans": [
      {
        "Node Type": "Gather",
        "Parent Relationship": "Outer",
        "Parallel Aware": false,
        "Startup Cost": 461913.68,
        "Total Cost": 461913.79,
        "Plan Rows": 1,
        "Plan Width": 8,
        "Actual Startup Time": 1656.888,
        "Actual Total Time": 1695.051,
        "Actual Rows": 2,
        "Actual Loops": 1,
        "Workers Planned": 1,
        "Workers Launched": 1,
        "Single Copy": false,
        "Plans": [
          {
            "Node Type": "Aggregate",
            "Strategy": "Plain",
            "Partial Mode": "Partial",
            "Parent Relationship": "Outer",
            "Parallel Aware": false,
            "Startup Cost": 460913.68,
            "Total Cost": 460913.69,
            "Plan Rows": 1,
            "Plan Width": 8,
            "Actual Startup Time": 1650.915,
            "Actual Total Time": 1650.919,
            "Actual Rows": 1,
            "Actual Loops": 2,
            "Plans": [
              {
                "Node Type": "Hash Join",
                "Parent Relationship": "Outer",
                "Parallel Aware": true,
                "Join Type": "Inner",
                "Startup Cost": 58665.46,
                "Total Cost": 460559.96,
                "Plan Rows": 141488,
                "Plan Width": 0,
                "Actual Startup Time": 144.117,
                "Actual Total Time": 1645.748,
                "Actual Rows": 93915,
                "Actual Loops": 2,
                "Inner Unique": true,
                "Hash Cond": "(ci.movie_id = t.id)",
                "Plans": [
                  {
                    "Node Type": "Index Scan",
                    "Parent Relationship": "Outer",
                    "Parallel Aware": true,
                    "Scan Direction": "Forward",
                    "Index Name": "role_id_cast_info",
                    "Relation Name": "cast_info",
                    "Alias": "ci",
                    "Startup Cost": 0.56,
                    "Total Cost": 382631.05,
                    "Plan Rows": 7338659,
                    "Plan Width": 4,
                    "Actual Startup Time": 0.061,
                    "Actual Total Time": 828.479,
                    "Actual Rows": 6335344,
                    "Actual Loops": 2,
                    "Index Cond": "(role_id < 2)",
                    "Rows Removed by Index Recheck": 0
                  },
                  {
                    "Node Type": "Hash",
                    "Parent Relationship": "Inner",
                    "Parallel Aware": true,
                    "Startup Cost": 58306.47,
                    "Total Cost": 58306.47,
                    "Plan Rows": 28674,
                    "Plan Width": 4,
                    "Actual Startup Time": 142.65,
                    "Actual Total Time": 142.651,
                    "Actual Rows": 17744,
                    "Actual Loops": 2,
                    "Hash Buckets": 65536,
                    "Original Hash Buckets": 65536,
                    "Hash Batches": 1,
                    "Original Hash Batches": 1,
                    "Peak Memory Usage": 1952,
                    "Plans": [
                      {
                        "Node Type": "Seq Scan",
                        "Parent Relationship": "Outer",
                        "Parallel Aware": true,
                        "Relation Name": "title",
                        "Alias": "t",
                        "Startup Cost": 0.0,
                        "Total Cost": 58306.47,
                        "Plan Rows": 28674,
                        "Plan Width": 4,
                        "Actual Startup Time": 0.097,
                        "Actual Total Time": 137.681,
                        "Actual Rows": 17744,
                        "Actual Loops": 2,
                        "Filter": "((kind_id < 7) AND (production_year = 2007))",
                        "Rows Removed by Filter": 1246412
                      }
                    ]
                  }
                ]
              }
            ]
          }
        ]
      }
    ]
  },
  "Planning Time": 0.471,
  "Triggers": [],
  "Execution Time": 1695.146
}