{
  "Plan": {
    "Node Type": "Aggregate",
    "Strategy": "Plain",
    "Partial Mode": "Finalize",
    "Parallel Aware": false,
    "Startup Cost": 149024.97,
    "Total Cost": 149024.98,
    "Plan Rows": 1,
    "Plan Width": 8,
    "Actual Startup Time": 744.943,
    "Actual Total Time": 762.865,
    "Actual Rows": 1,
    "Actual Loops": 1,
    "Plans": [
      {
        "Node Type": "Gather",
        "Parent Relationship": "Outer",
        "Parallel Aware": false,
        "Startup Cost": 149024.86,
        "Total Cost": 149024.97,
        "Plan Rows": 1,
        "Plan Width": 8,
        "Actual Startup Time": 741.806,
        "Actual Total Time": 762.858,
        "Actual Rows": 2,
        "Actual Loops": 1,
        "Workers Planned": 1,
        "Workers Launched": 1,
        "Single Copy": false,
        "Plans": [
          {
            "Node Type": "Aggregate",
            "Strategy": "Plain",
            "Partial Mode": "Partial",
            "Parent Relationship": "Outer",
            "Parallel Aware": false,
            "Startup Cost": 148024.86,
            "Total Cost": 148024.87,
            "Plan Rows": 1,
            "Plan Width": 8,
            "Actual Startup Time": 735.369,
            "Actual Total Time": 735.376,
            "Actual Rows": 1,
            "Actual Loops": 2,
            "Plans": [
              {
                "Node Type": "Hash Join",
                "Parent Relationship": "Outer",
                "Parallel Aware": true,
                "Join Type": "Inner",
                "Startup Cost": 108006.56,
                "Total Cost": 147893.58,
                "Plan Rows": 52512,
                "Plan Width": 0,
                "Actual Startup Time": 650.88,
                "Actual Total Time": 734.7,
                "Actual Rows": 16924,
                "Actual Loops": 2,
                "Inner Unique": false,
                "Hash Cond": "(mc.movie_id = t.id)",
                "Plans": [
                  {
                    "Node Type": "Seq Scan",
                    "Parent Relationship": "Outer",
                    "Parallel Aware": true,
                    "Relation Name": "movie_companies",
                    "Alias": "mc",
                    "Startup Cost": 0.0,
                    "Total Cost": 37974.77,
                    "Plan Rows": 427558,
                    "Plan Width": 4,
                    "Actual Startup Time": 27.678,
                    "Actual Total Time": 109.319,
                    "Actual Rows": 370556,
                    "Actual Loops": 2,
                    "Filter": "(company_id > 38548)",
                    "Rows Removed by Filter": 934009
                  },
                  {
                    "Node Type": "Hash",
                    "Parent Relationship": "Inner",
                    "Parallel Aware": true,
                    "Startup Cost": 105723.3,
                    "Total Cost": 105723.3,
                    "Plan Rows": 182661,
                    "Plan Width": 8,
                    "Actual Startup Time": 579.147,
                    "Actual Total Time": 579.151,
                    "Actual Rows": 30633,
                    "Actual Loops": 2,
                    "Hash Buckets": 524288,
                    "Original Hash Buckets": 524288,
                    "Hash Batches": 1,
                    "Original Hash Batches": 1,
                    "Peak Memory Usage": 6528,
                    "Plans": [
                      {
                        "Node Type": "Hash Join",
                        "Parent Relationship": "Outer",
                        "Parallel Aware": true,
                        "Join Type": "Inner",
                        "Startup Cost": 76724.31,
                        "Total Cost": 105723.3,
                        "Plan Rows": 182661,
                        "Plan Width": 8,
                        "Actual Startup Time": 446.76,
                        "Actual Total Time": 571.634,
                        "Actual Rows": 30633,
                        "Actual Loops": 2,
                        "Inner Unique": true,
                        "Hash Cond": "(mk.movie_id = t.id)",
                        "Plans": [
                          {
                            "Node Type": "Bitmap Heap Scan",
                            "Parent Relationship": "Outer",
                            "Parallel Aware": true,
                            "Relation Name": "movie_keyword",
                            "Alias": "mk",
                            "Startup Cost": 10835.45,
                            "Total Cost": 39045.63,
                            "Plan Rows": 300495,
                            "Plan Width": 4,
                            "Actual Startup Time": 32.972,
                            "Actual Total Time": 106.011,
                            "Actual Rows": 248844,
                            "Actual Loops": 2,
                            "Recheck Cond": "(keyword_id > 36233)",
                            "Rows Removed by Index Recheck": 0,
                            "Exact Heap Blocks": 13556,
                            "Lossy Heap Blocks": 0,
                            "Plans": [
                              {
                                "Node Type": "Bitmap Index Scan",
                                "Parent Relationship": "Outer",
                                "Parallel Aware": false,
                                "Index Name": "keyword_id_movie_keyword",
                                "Startup Cost": 0.0,
                                "Total Cost": 10707.74,
                                "Plan Rows": 510841,
                                "Plan Width": 0,
                                "Actual Startup Time": 29.485,
                                "Actual Total Time": 29.485,
                                "Actual Rows": 497687,
                                "Actual Loops": 1,
                                "Index Cond": "(keyword_id > 36233)"
                              }
                            ]
                          },
                          {
                            "Node Type": "Hash",
                            "Parent Relationship": "Inner",
                            "Parallel Aware": true,
                            "Startup Cost": 54588.39,
                            "Total Cost": 54588.39,
                            "Plan Rows": 904038,
                            "Plan Width": 4,
                            "Actual Startup Time": 402.953,
                            "Actual Total Time": 402.954,
                            "Actual Rows": 771632,
                            "Actual Loops": 2,
                            "Hash Buckets": 2097152,
                            "Original Hash Buckets": 2097152,
                            "Hash Batches": 1,
                            "Original Hash Batches": 1,
                            "Peak Memory Usage": 76800,
                            "Plans": [
                              {
                                "Node Type": "Seq Scan",
                                "Parent Relationship": "Outer",
                                "Parallel Aware": true,
                                "Relation Name": "title",
                                "Alias": "t",
                                "Startup Cost": 0.0,
                                "Total Cost": 54588.39,
                                "Plan Rows": 904038,
                                "Plan Width": 4,
                                "Actual Startup Time": 0.04,
                                "Actual Total Time": 165.856,
                                "Actual Rows": 771632,
                                "Actual Loops": 2,
                                "Filter": "(kind_id = 7)",
                                "Rows Removed by Filter": 492524
                              }
                            ]
                          }
                        ]
                      }
                    ]
                  }
                ]
              }
            ]
          }
        ]
      }
    ]
  },
  "Planning Time": 0.98,
  "Triggers": [],
  "Execution Time": 762.992
}