[
  {
    "Plan": {
      "Node Type": "Aggregate",
      "Strategy": "Plain",
      "Partial Mode": "Finalize",
      "Parallel Aware": false,
      "Startup Cost": 46411.04,
      "Total Cost": 46411.05,
      "Plan Rows": 1,
      "Plan Width": 8,
      "Actual Startup Time": 159.456,
      "Actual Total Time": 169.734,
      "Actual Rows": 1,
      "Actual Loops": 1,
      "Plans": [
        {
          "Node Type": "Gather",
          "Parent Relationship": "Outer",
          "Parallel Aware": false,
          "Startup Cost": 46410.73,
          "Total Cost": 46411.04,
          "Plan Rows": 3,
          "Plan Width": 8,
          "Actual Startup Time": 159.314,
          "Actual Total Time": 169.724,
          "Actual Rows": 4,
          "Actual Loops": 1,
          "Workers Planned": 3,
          "Workers Launched": 3,
          "Single Copy": false,
          "Plans": [
            {
              "Node Type": "Aggregate",
              "Strategy": "Plain",
              "Partial Mode": "Partial",
              "Parent Relationship": "Outer",
              "Parallel Aware": false,
              "Startup Cost": 45410.73,
              "Total Cost": 45410.74,
              "Plan Rows": 1,
              "Plan Width": 8,
              "Actual Startup Time": 154.319,
              "Actual Total Time": 154.32,
              "Actual Rows": 1,
              "Actual Loops": 4,
              "Plans": [
                {
                  "Node Type": "Seq Scan",
                  "Parent Relationship": "Outer",
                  "Parallel Aware": true,
                  "Relation Name": "movie_keyword",
                  "Alias": "mk",
                  "Startup Cost": 0.0,
                  "Total Cost": 42695.65,
                  "Plan Rows": 1086029,
                  "Plan Width": 0,
                  "Actual Startup Time": 0.033,
                  "Actual Total Time": 116.429,
                  "Actual Rows": 839230,
                  "Actual Loops": 4,
                  "Filter": "(keyword_id < 16034)",
                  "Rows Removed by Filter": 291752
                }
              ]
            }
          ]
        }
      ]
    },
    "Planning Time": 0.18,
    "Triggers": [],
    "Execution Time": 169.788
  }
]