[
  {
    "Plan": {
      "Node Type": "Aggregate",
      "Strategy": "Plain",
      "Partial Mode": "Finalize",
      "Parallel Aware": false,
      "Startup Cost": 474824.94,
      "Total Cost": 474824.95,
      "Plan Rows": 1,
      "Plan Width": 8,
      "Actual Startup Time": 4785.182,
      "Actual Total Time": 4840.436,
      "Actual Rows": 1,
      "Actual Loops": 1,
      "Plans": [
        {
          "Node Type": "Gather",
          "Parent Relationship": "Outer",
          "Parallel Aware": false,
          "Startup Cost": 474824.32,
          "Total Cost": 474824.93,
          "Plan Rows": 6,
          "Plan Width": 8,
          "Actual Startup Time": 4774.044,
          "Actual Total Time": 4840.425,
          "Actual Rows": 7,
          "Actual Loops": 1,
          "Workers Planned": 6,
          "Workers Launched": 6,
          "Single Copy": false,
          "Plans": [
            {
              "Node Type": "Aggregate",
              "Strategy": "Plain",
              "Partial Mode": "Partial",
              "Parent Relationship": "Outer",
              "Parallel Aware": false,
              "Startup Cost": 473824.32,
              "Total Cost": 473824.33,
              "Plan Rows": 1,
              "Plan Width": 8,
              "Actual Startup Time": 4756.973,
              "Actual Total Time": 4756.98,
              "Actual Rows": 1,
              "Actual Loops": 7,
              "Plans": [
                {
                  "Node Type": "Hash Join",
                  "Parent Relationship": "Outer",
                  "Parallel Aware": true,
                  "Join Type": "Inner",
                  "Startup Cost": 105154.41,
                  "Total Cost": 459456.88,
                  "Plan Rows": 5746977,
                  "Plan Width": 0,
                  "Actual Startup Time": 576.276,
                  "Actual Total Time": 3938.403,
                  "Actual Rows": 17240028,
                  "Actual Loops": 7,
                  "Inner Unique": false,
                  "Hash Cond": "(ci.movie_id = t.id)",
                  "Plans": [
                    {
                      "Node Type": "Seq Scan",
                      "Parent Relationship": "Outer",
                      "Parallel Aware": true,
                      "Relation Name": "cast_info",
                      "Alias": "ci",
                      "Startup Cost": 0.0,
                      "Total Cost": 313106.51,
                      "Plan Rows": 6041951,
                      "Plan Width": 4,
                      "Actual Startup Time": 0.038,
                      "Actual Total Time": 578.021,
                      "Actual Rows": 5177763,
                      "Actual Loops": 7
                    },
                    {
                      "Node Type": "Hash",
                      "Parent Relationship": "Inner",
                      "Parallel Aware": true,
                      "Startup Cost": 95456.89,
                      "Total Cost": 95456.89,
                      "Plan Rows": 775801,
                      "Plan Width": 8,
                      "Actual Startup Time": 571.301,
                      "Actual Total Time": 571.307,
                      "Actual Rows": 319558,
                      "Actual Loops": 7,
                      "Hash Buckets": 4194304,
                      "Original Hash Buckets": 4194304,
                      "Hash Batches": 1,
                      "Original Hash Batches": 1,
                      "Peak Memory Usage": 120384,
                      "Plans": [
                        {
                          "Node Type": "Hash Join",
                          "Parent Relationship": "Outer",
                          "Parallel Aware": true,
                          "Join Type": "Inner",
                          "Startup Cost": 50212.45,
                          "Total Cost": 95456.89,
                          "Plan Rows": 775801,
                          "Plan Width": 8,
                          "Actual Startup Time": 259.042,
                          "Actual Total Time": 448.253,
                          "Actual Rows": 319558,
                          "Actual Loops": 7,
                          "Inner Unique": true,
                          "Hash Cond": "(mk.movie_id = t.id)",
                          "Plans": [
                            {
                              "Node Type": "Seq Scan",
                              "Parent Relationship": "Outer",
                              "Parallel Aware": true,
                              "Relation Name": "movie_keyword",
                              "Alias": "mk",
                              "Startup Cost": 0.0,
                              "Total Cost": 42695.65,
                              "Plan Rows": 970969,
                              "Plan Width": 4,
                              "Actual Startup Time": 0.135,
                              "Actual Total Time": 92.048,
                              "Actual Rows": 430913,
                              "Actual Loops": 7,
                              "Filter": "(keyword_id > 2176)",
                              "Rows Removed by Filter": 215363
                            },
                            {
                              "Node Type": "Hash",
                              "Parent Relationship": "Inner",
                              "Parallel Aware": true,
                              "Startup Cost": 43899.32,
                              "Total Cost": 43899.32,
                              "Plan Rows": 505050,
                              "Plan Width": 4,
                              "Actual Startup Time": 256.856,
                              "Actual Total Time": 256.858,
                              "Actual Rows": 286378,
                              "Actual Loops": 7,
                              "Hash Buckets": 2097152,
                              "Original Hash Buckets": 2097152,
                              "Hash Batches": 1,
                              "Original Hash Batches": 1,
                              "Peak Memory Usage": 94912,
                              "Plans": [
                                {
                                  "Node Type": "Seq Scan",
                                  "Parent Relationship": "Outer",
                                  "Parallel Aware": true,
                                  "Relation Name": "title",
                                  "Alias": "t",
                                  "Startup Cost": 0.0,
                                  "Total Cost": 43899.32,
                                  "Plan Rows": 505050,
                                  "Plan Width": 4,
                                  "Actual Startup Time": 0.061,
                                  "Actual Total Time": 100.164,
                                  "Actual Rows": 286378,
                                  "Actual Loops": 7,
                                  "Filter": "(production_year > 1975)",
                                  "Rows Removed by Filter": 74809
                                }
                              ]
                            }
                          ]
                        }
                      ]
                    }
                  ]
                }
              ]
            }
          ]
        }
      ]
    },
    "Planning Time": 0.411,
    "Triggers": [],
    "Execution Time": 4840.486
  }
]