[
  {
    "Plan": {
      "Node Type": "Aggregate",
      "Strategy": "Plain",
      "Partial Mode": "Finalize",
      "Parallel Aware": false,
      "Startup Cost": 288166.73,
      "Total Cost": 288166.74,
      "Plan Rows": 1,
      "Plan Width": 8,
      "Actual Startup Time": 1402.826,
      "Actual Total Time": 1451.446,
      "Actual Rows": 1,
      "Actual Loops": 1,
      "Plans": [
        {
          "Node Type": "Gather",
          "Parent Relationship": "Outer",
          "Parallel Aware": false,
          "Startup Cost": 288166.21,
          "Total Cost": 288166.72,
          "Plan Rows": 5,
          "Plan Width": 8,
          "Actual Startup Time": 1396.893,
          "Actual Total Time": 1451.435,
          "Actual Rows": 6,
          "Actual Loops": 1,
          "Workers Planned": 5,
          "Workers Launched": 5,
          "Single Copy": false,
          "Plans": [
            {
              "Node Type": "Aggregate",
              "Strategy": "Plain",
              "Partial Mode": "Partial",
              "Parent Relationship": "Outer",
              "Parallel Aware": false,
              "Startup Cost": 287166.21,
              "Total Cost": 287166.22,
              "Plan Rows": 1,
              "Plan Width": 8,
              "Actual Startup Time": 1385.186,
              "Actual Total Time": 1385.192,
              "Actual Rows": 1,
              "Actual Loops": 6,
              "Plans": [
                {
                  "Node Type": "Hash Join",
                  "Parent Relationship": "Outer",
                  "Parallel Aware": true,
                  "Join Type": "Inner",
                  "Startup Cost": 80399.35,
                  "Total Cost": 285106.82,
                  "Plan Rows": 823755,
                  "Plan Width": 0,
                  "Actual Startup Time": 363.611,
                  "Actual Total Time": 1304.554,
                  "Actual Rows": 1854656,
                  "Actual Loops": 6,
                  "Inner Unique": false,
                  "Hash Cond": "(mi.movie_id = t.id)",
                  "Plans": [
                    {
                      "Node Type": "Seq Scan",
                      "Parent Relationship": "Outer",
                      "Parallel Aware": true,
                      "Relation Name": "movie_info",
                      "Alias": "mi",
                      "Startup Cost": 0.0,
                      "Total Cost": 191560.33,
                      "Plan Rows": 2956733,
                      "Plan Width": 4,
                      "Actual Startup Time": 0.029,
                      "Actual Total Time": 298.491,
                      "Actual Rows": 2472620,
                      "Actual Loops": 6
                    },
                    {
                      "Node Type": "Hash",
                      "Parent Relationship": "Inner",
                      "Parallel Aware": true,
                      "Startup Cost": 78198.13,
                      "Total Cost": 78198.13,
                      "Plan Rows": 176098,
                      "Plan Width": 8,
                      "Actual Startup Time": 357.999,
                      "Actual Total Time": 358.003,
                      "Actual Rows": 119817,
                      "Actual Loops": 6,
                      "Hash Buckets": 1048576,
                      "Original Hash Buckets": 1048576,
                      "Hash Batches": 1,
                      "Original Hash Batches": 1,
                      "Peak Memory Usage": 36384,
                      "Plans": [
                        {
                          "Node Type": "Hash Join",
                          "Parent Relationship": "Outer",
                          "Parallel Aware": true,
                          "Join Type": "Inner",
                          "Startup Cost": 32150.97,
                          "Total Cost": 78198.13,
                          "Plan Rows": 176098,
                          "Plan Width": 8,
                          "Actual Startup Time": 120.735,
                          "Actual Total Time": 309.672,
                          "Actual Rows": 119817,
                          "Actual Loops": 6,
                          "Inner Unique": false,
                          "Hash Cond": "(t.id = mc.movie_id)",
                          "Plans": [
                            {
                              "Node Type": "Seq Scan",
                              "Parent Relationship": "Outer",
                              "Parallel Aware": true,
                              "Relation Name": "title",
                              "Alias": "t",
                              "Startup Cost": 0.0,
                              "Total Cost": 42318.73,
                              "Plan Rows": 632073,
                              "Plan Width": 4,
                              "Actual Startup Time": 0.01,
                              "Actual Total Time": 59.931,
                              "Actual Rows": 421385,
                              "Actual Loops": 6
                            },
                            {
                              "Node Type": "Hash",
                              "Parent Relationship": "Inner",
                              "Parallel Aware": true,
                              "Startup Cost": 29310.68,
                              "Total Cost": 29310.68,
                              "Plan Rows": 227223,
                              "Plan Width": 4,
                              "Actual Startup Time": 118.918,
                              "Actual Total Time": 118.919,
                              "Actual Rows": 119817,
                              "Actual Loops": 6,
                              "Hash Buckets": 1048576,
                              "Original Hash Buckets": 1048576,
                              "Hash Batches": 1,
                              "Original Hash Batches": 1,
                              "Peak Memory Usage": 36384,
                              "Plans": [
                                {
                                  "Node Type": "Seq Scan",
                                  "Parent Relationship": "Outer",
                                  "Parallel Aware": true,
                                  "Relation Name": "movie_companies",
                                  "Alias": "mc",
                                  "Startup Cost": 0.0,
                                  "Total Cost": 29310.68,
                                  "Plan Rows": 227223,
                                  "Plan Width": 4,
                                  "Actual Startup Time": 28.091,
                                  "Actual Total Time": 68.509,
                                  "Actual Rows": 119817,
                                  "Actual Loops": 6,
                                  "Filter": "(company_id > 42547)",
                                  "Rows Removed by Filter": 315038
                                }
                              ]
                            }
                          ]
                        }
                      ]
                    }
                  ]
                }
              ]
            }
          ]
        }
      ]
    },
    "Planning Time": 1.413,
    "Triggers": [],
    "Execution Time": 1451.532
  }
]