[
  {
    "Plan": {
      "Node Type": "Aggregate",
      "Strategy": "Plain",
      "Partial Mode": "Finalize",
      "Parallel Aware": false,
      "Startup Cost": 302165.47,
      "Total Cost": 302165.48,
      "Plan Rows": 1,
      "Plan Width": 8,
      "Actual Startup Time": 213.326,
      "Actual Total Time": 224.126,
      "Actual Rows": 1,
      "Actual Loops": 1,
      "Plans": [
        {
          "Node Type": "Gather",
          "Parent Relationship": "Outer",
          "Parallel Aware": false,
          "Startup Cost": 302164.85,
          "Total Cost": 302165.46,
          "Plan Rows": 6,
          "Plan Width": 8,
          "Actual Startup Time": 211.632,
          "Actual Total Time": 224.113,
          "Actual Rows": 7,
          "Actual Loops": 1,
          "Workers Planned": 6,
          "Workers Launched": 6,
          "Single Copy": false,
          "Plans": [
            {
              "Node Type": "Aggregate",
              "Strategy": "Plain",
              "Partial Mode": "Partial",
              "Parent Relationship": "Outer",
              "Parallel Aware": false,
              "Startup Cost": 301164.85,
              "Total Cost": 301164.86,
              "Plan Rows": 1,
              "Plan Width": 8,
              "Actual Startup Time": 202.671,
              "Actual Total Time": 202.674,
              "Actual Rows": 1,
              "Actual Loops": 7,
              "Plans": [
                {
                  "Node Type": "Bitmap Heap Scan",
                  "Parent Relationship": "Outer",
                  "Parallel Aware": true,
                  "Relation Name": "cast_info",
                  "Alias": "ci",
                  "Startup Cost": 43546.8,
                  "Total Cost": 300343.01,
                  "Plan Rows": 328736,
                  "Plan Width": 0,
                  "Actual Startup Time": 87.974,
                  "Actual Total Time": 183.051,
                  "Actual Rows": 271338,
                  "Actual Loops": 7,
                  "Recheck Cond": "(person_id > 3688142)",
                  "Rows Removed by Index Recheck": 0,
                  "Exact Heap Blocks": 5935,
                  "Lossy Heap Blocks": 0,
                  "Plans": [
                    {
                      "Node Type": "Bitmap Index Scan",
                      "Parent Relationship": "Outer",
                      "Parallel Aware": false,
                      "Index Name": "person_id_cast_info",
                      "Startup Cost": 0.0,
                      "Total Cost": 43053.7,
                      "Plan Rows": 1972418,
                      "Plan Width": 0,
                      "Actual Startup Time": 89.246,
                      "Actual Total Time": 89.247,
                      "Actual Rows": 1899369,
                      "Actual Loops": 1,
                      "Index Cond": "(person_id > 3688142)"
                    }
                  ]
                }
              ]
            }
          ]
        }
      ]
    },
    "Planning Time": 0.112,
    "Triggers": [],
    "Execution Time": 224.175
  }
]