[
  {
    "Plan": {
      "Node Type": "Aggregate",
      "Strategy": "Plain",
      "Partial Mode": "Finalize",
      "Parallel Aware": false,
      "Startup Cost": 398317.05,
      "Total Cost": 398317.06,
      "Plan Rows": 1,
      "Plan Width": 8,
      "Actual Startup Time": 3594.782,
      "Actual Total Time": 3681.799,
      "Actual Rows": 1,
      "Actual Loops": 1,
      "Plans": [
        {
          "Node Type": "Gather",
          "Parent Relationship": "Outer",
          "Parallel Aware": false,
          "Startup Cost": 398316.73,
          "Total Cost": 398317.04,
          "Plan Rows": 3,
          "Plan Width": 8,
          "Actual Startup Time": 3591.295,
          "Actual Total Time": 3681.792,
          "Actual Rows": 4,
          "Actual Loops": 1,
          "Workers Planned": 3,
          "Workers Launched": 3,
          "Single Copy": false,
          "Plans": [
            {
              "Node Type": "Aggregate",
              "Strategy": "Plain",
              "Partial Mode": "Partial",
              "Parent Relationship": "Outer",
              "Parallel Aware": false,
              "Startup Cost": 397316.73,
              "Total Cost": 397316.74,
              "Plan Rows": 1,
              "Plan Width": 8,
              "Actual Startup Time": 3578.757,
              "Actual Total Time": 3578.761,
              "Actual Rows": 1,
              "Actual Loops": 4,
              "Plans": [
                {
                  "Node Type": "Nested Loop",
                  "Parent Relationship": "Outer",
                  "Parallel Aware": false,
                  "Join Type": "Inner",
                  "Startup Cost": 62644.42,
                  "Total Cost": 393634.28,
                  "Plan Rows": 1472981,
                  "Plan Width": 0,
                  "Actual Startup Time": 266.951,
                  "Actual Total Time": 3398.504,
                  "Actual Rows": 3841346,
                  "Actual Loops": 4,
                  "Inner Unique": false,
                  "Plans": [
                    {
                      "Node Type": "Hash Join",
                      "Parent Relationship": "Outer",
                      "Parallel Aware": true,
                      "Join Type": "Inner",
                      "Startup Cost": 62643.85,
                      "Total Cost": 90603.27,
                      "Plan Rows": 102797,
                      "Plan Width": 8,
                      "Actual Startup Time": 266.816,
                      "Actual Total Time": 392.547,
                      "Actual Rows": 107745,
                      "Actual Loops": 4,
                      "Inner Unique": true,
                      "Hash Cond": "(mk.movie_id = t.id)",
                      "Plans": [
                        {
                          "Node Type": "Bitmap Heap Scan",
                          "Parent Relationship": "Outer",
                          "Parallel Aware": true,
                          "Relation Name": "movie_keyword",
                          "Alias": "mk",
                          "Startup Cost": 15240.54,
                          "Total Cost": 42591.57,
                          "Plan Rows": 231763,
                          "Plan Width": 4,
                          "Actual Startup Time": 41.143,
                          "Actual Total Time": 98.279,
                          "Actual Rows": 181442,
                          "Actual Loops": 4,
                          "Recheck Cond": "(keyword_id < 648)",
                          "Rows Removed by Index Recheck": 0,
                          "Exact Heap Blocks": 7450,
                          "Lossy Heap Blocks": 0,
                          "Plans": [
                            {
                              "Node Type": "Bitmap Index Scan",
                              "Parent Relationship": "Outer",
                              "Parallel Aware": false,
                              "Index Name": "keyword_id_movie_keyword",
                              "Startup Cost": 0.0,
                              "Total Cost": 15060.92,
                              "Plan Rows": 718465,
                              "Plan Width": 0,
                              "Actual Startup Time": 37.436,
                              "Actual Total Time": 37.437,
                              "Actual Rows": 725769,
                              "Actual Loops": 1,
                              "Index Cond": "(keyword_id < 648)"
                            }
                          ]
                        },
                        {
                          "Node Type": "Hash",
                          "Parent Relationship": "Inner",
                          "Parallel Aware": true,
                          "Startup Cost": 43898.92,
                          "Total Cost": 43898.92,
                          "Plan Rows": 280352,
                          "Plan Width": 4,
                          "Actual Startup Time": 218.398,
                          "Actual Total Time": 218.398,
                          "Actual Rows": 283339,
                          "Actual Loops": 4,
                          "Hash Buckets": 2097152,
                          "Original Hash Buckets": 2097152,
                          "Hash Batches": 1,
                          "Original Hash Batches": 1,
                          "Peak Memory Usage": 60768,
                          "Plans": [
                            {
                              "Node Type": "Seq Scan",
                              "Parent Relationship": "Outer",
                              "Parallel Aware": true,
                              "Relation Name": "title",
                              "Alias": "t",
                              "Startup Cost": 0.0,
                              "Total Cost": 43898.92,
                              "Plan Rows": 280352,
                              "Plan Width": 4,
                              "Actual Startup Time": 0.036,
                              "Actual Total Time": 112.135,
                              "Actual Rows": 283339,
                              "Actual Loops": 4,
                              "Filter": "(production_year < 2002)",
                              "Rows Removed by Filter": 348739
                            }
                          ]
                        }
                      ]
                    },
                    {
                      "Node Type": "Index Only Scan",
                      "Parent Relationship": "Inner",
                      "Parallel Aware": false,
                      "Scan Direction": "Forward",
                      "Index Name": "movie_id_cast_info",
                      "Relation Name": "cast_info",
                      "Alias": "ci",
                      "Startup Cost": 0.56,
                      "Total Cost": 2.58,
                      "Plan Rows": 37,
                      "Plan Width": 4,
                      "Actual Startup Time": 0.004,
                      "Actual Total Time": 0.025,
                      "Actual Rows": 36,
                      "Actual Loops": 430980,
                      "Index Cond": "(movie_id = t.id)",
                      "Rows Removed by Index Recheck": 0,
                      "Heap Fetches": 15365383
                    }
                  ]
                }
              ]
            }
          ]
        }
      ]
    },
    "Planning Time": 1.314,
    "Triggers": [],
    "Execution Time": 3681.93
  }
]