{
  "Plan": {
    "Node Type": "Aggregate",
    "Strategy": "Plain",
    "Partial Mode": "Finalize",
    "Parallel Aware": false,
    "Startup Cost": 172684.98,
    "Total Cost": 172684.99,
    "Plan Rows": 1,
    "Plan Width": 8,
    "Actual Startup Time": 1237.012,
    "Actual Total Time": 1254.053,
    "Actual Rows": 1,
    "Actual Loops": 1,
    "Plans": [
      {
        "Node Type": "Gather",
        "Parent Relationship": "Outer",
        "Parallel Aware": false,
        "Startup Cost": 172684.87,
        "Total Cost": 172684.98,
        "Plan Rows": 1,
        "Plan Width": 8,
        "Actual Startup Time": 1236.762,
        "Actual Total Time": 1254.045,
        "Actual Rows": 2,
        "Actual Loops": 1,
        "Workers Planned": 1,
        "Workers Launched": 1,
        "Single Copy": false,
        "Plans": [
          {
            "Node Type": "Aggregate",
            "Strategy": "Plain",
            "Partial Mode": "Partial",
            "Parent Relationship": "Outer",
            "Parallel Aware": false,
            "Startup Cost": 171684.87,
            "Total Cost": 171684.88,
            "Plan Rows": 1,
            "Plan Width": 8,
            "Actual Startup Time": 1230.248,
            "Actual Total Time": 1230.25,
            "Actual Rows": 1,
            "Actual Loops": 2,
            "Plans": [
              {
                "Node Type": "Merge Join",
                "Parent Relationship": "Outer",
                "Parallel Aware": false,
                "Join Type": "Inner",
                "Startup Cost": 1081.58,
                "Total Cost": 171684.52,
                "Plan Rows": 139,
                "Plan Width": 0,
                "Actual Startup Time": 727.085,
                "Actual Total Time": 1230.221,
                "Actual Rows": 255,
                "Actual Loops": 2,
                "Inner Unique": false,
                "Merge Cond": "(t.id = ci.movie_id)",
                "Plans": [
                  {
                    "Node Type": "Merge Join",
                    "Parent Relationship": "Outer",
                    "Parallel Aware": false,
                    "Join Type": "Inner",
                    "Startup Cost": 2.95,
                    "Total Cost": 168730.63,
                    "Plan Rows": 811785,
                    "Plan Width": 8,
                    "Actual Startup Time": 1.593,
                    "Actual Total Time": 1197.972,
                    "Actual Rows": 684562,
                    "Actual Loops": 2,
                    "Inner Unique": false,
                    "Merge Cond": "(t.id = mi_idx.movie_id)",
                    "Plans": [
                      {
                        "Node Type": "Index Only Scan",
                        "Parent Relationship": "Outer",
                        "Parallel Aware": true,
                        "Scan Direction": "Forward",
                        "Index Name": "title_pkey",
                        "Relation Name": "title",
                        "Alias": "t",
                        "Startup Cost": 0.43,
                        "Total Cost": 99929.35,
                        "Plan Rows": 1487231,
                        "Plan Width": 4,
                        "Actual Startup Time": 0.1,
                        "Actual Total Time": 746.455,
                        "Actual Rows": 1257536,
                        "Actual Loops": 2,
                        "Heap Fetches": 2515072
                      },
                      {
                        "Node Type": "Index Only Scan",
                        "Parent Relationship": "Inner",
                        "Parallel Aware": false,
                        "Scan Direction": "Forward",
                        "Index Name": "movie_id_movie_info_idx",
                        "Relation Name": "movie_info_idx",
                        "Alias": "mi_idx",
                        "Startup Cost": 0.43,
                        "Total Cost": 53620.22,
                        "Plan Rows": 1380035,
                        "Plan Width": 4,
                        "Actual Startup Time": 0.184,
                        "Actual Total Time": 281.41,
                        "Actual Rows": 1369140,
                        "Actual Loops": 2,
                        "Heap Fetches": 2738281
                      }
                    ]
                  },
                  {
                    "Node Type": "Sort",
                    "Parent Relationship": "Inner",
                    "Parallel Aware": false,
                    "Startup Cost": 1078.63,
                    "Total Cost": 1079.71,
                    "Plan Rows": 433,
                    "Plan Width": 4,
                    "Actual Startup Time": 1.064,
                    "Actual Total Time": 1.118,
                    "Actual Rows": 346,
                    "Actual Loops": 2,
                    "Sort Key": [
                      "ci.movie_id"
                    ],
                    "Sort Method": "quicksort",
                    "Sort Space Used": 33,
                    "Sort Space Type": "Memory",
                    "Workers": [
                      {
                        "Worker Number": 0,
                        "Sort Method": "quicksort",
                        "Sort Space Used": 33,
                        "Sort Space Type": "Memory"
                      }
                    ],
                    "Plans": [
                      {
                        "Node Type": "Index Scan",
                        "Parent Relationship": "Outer",
                        "Parallel Aware": false,
                        "Scan Direction": "Forward",
                        "Index Name": "person_id_cast_info",
                        "Relation Name": "cast_info",
                        "Alias": "ci",
                        "Startup Cost": 0.56,
                        "Total Cost": 1059.67,
                        "Plan Rows": 433,
                        "Plan Width": 4,
                        "Actual Startup Time": 0.556,
                        "Actual Total Time": 0.885,
                        "Actual Rows": 177,
                        "Actual Loops": 2,
                        "Index Cond": "(person_id = 1626388)",
                        "Rows Removed by Index Recheck": 0,
                        "Filter": "(role_id < 10)",
                        "Rows Removed by Filter": 2
                      }
                    ]
                  }
                ]
              }
            ]
          }
        ]
      }
    ]
  },
  "Planning Time": 1.001,
  "Triggers": [],
  "Execution Time": 1254.137
}