[
  {
    "Plan": {
      "Node Type": "Aggregate",
      "Strategy": "Plain",
      "Partial Mode": "Finalize",
      "Parallel Aware": false,
      "Startup Cost": 88000.33,
      "Total Cost": 88000.34,
      "Plan Rows": 1,
      "Plan Width": 8,
      "Actual Startup Time": 461.693,
      "Actual Total Time": 479.908,
      "Actual Rows": 1,
      "Actual Loops": 1,
      "Plans": [
        {
          "Node Type": "Gather",
          "Parent Relationship": "Outer",
          "Parallel Aware": false,
          "Startup Cost": 88000.01,
          "Total Cost": 88000.32,
          "Plan Rows": 3,
          "Plan Width": 8,
          "Actual Startup Time": 456.3,
          "Actual Total Time": 479.896,
          "Actual Rows": 4,
          "Actual Loops": 1,
          "Workers Planned": 3,
          "Workers Launched": 3,
          "Single Copy": false,
          "Plans": [
            {
              "Node Type": "Aggregate",
              "Strategy": "Plain",
              "Partial Mode": "Partial",
              "Parent Relationship": "Outer",
              "Parallel Aware": false,
              "Startup Cost": 87000.01,
              "Total Cost": 87000.02,
              "Plan Rows": 1,
              "Plan Width": 8,
              "Actual Startup Time": 447.759,
              "Actual Total Time": 447.763,
              "Actual Rows": 1,
              "Actual Loops": 4,
              "Plans": [
                {
                  "Node Type": "Hash Join",
                  "Parent Relationship": "Outer",
                  "Parallel Aware": true,
                  "Join Type": "Inner",
                  "Startup Cost": 59752.79,
                  "Total Cost": 86744.24,
                  "Plan Rows": 102309,
                  "Plan Width": 0,
                  "Actual Startup Time": 327.755,
                  "Actual Total Time": 446.189,
                  "Actual Rows": 15930,
                  "Actual Loops": 4,
                  "Inner Unique": true,
                  "Hash Cond": "(mk.movie_id = t.id)",
                  "Plans": [
                    {
                      "Node Type": "Bitmap Heap Scan",
                      "Parent Relationship": "Outer",
                      "Parallel Aware": true,
                      "Relation Name": "movie_keyword",
                      "Alias": "mk",
                      "Startup Cost": 11034.98,
                      "Total Cost": 37586.04,
                      "Plan Rows": 167765,
                      "Plan Width": 4,
                      "Actual Startup Time": 50.129,
                      "Actual Total Time": 116.542,
                      "Actual Rows": 130220,
                      "Actual Loops": 4,
                      "Recheck Cond": "(keyword_id < 382)",
                      "Rows Removed by Index Recheck": 0,
                      "Exact Heap Blocks": 5825,
                      "Lossy Heap Blocks": 0,
                      "Plans": [
                        {
                          "Node Type": "Bitmap Index Scan",
                          "Parent Relationship": "Outer",
                          "Parallel Aware": false,
                          "Index Name": "keyword_id_movie_keyword",
                          "Startup Cost": 0.0,
                          "Total Cost": 10904.97,
                          "Plan Rows": 520071,
                          "Plan Width": 0,
                          "Actual Startup Time": 44.364,
                          "Actual Total Time": 44.365,
                          "Actual Rows": 520878,
                          "Actual Loops": 1,
                          "Index Cond": "(keyword_id < 382)"
                        }
                      ]
                    },
                    {
                      "Node Type": "Hash",
                      "Parent Relationship": "Inner",
                      "Parallel Aware": true,
                      "Startup Cost": 43899.32,
                      "Total Cost": 43899.32,
                      "Plan Rows": 385479,
                      "Plan Width": 4,
                      "Actual Startup Time": 272.003,
                      "Actual Total Time": 272.004,
                      "Actual Rows": 385816,
                      "Actual Loops": 4,
                      "Hash Buckets": 2097152,
                      "Original Hash Buckets": 2097152,
                      "Hash Batches": 1,
                      "Original Hash Batches": 1,
                      "Peak Memory Usage": 76832,
                      "Plans": [
                        {
                          "Node Type": "Seq Scan",
                          "Parent Relationship": "Outer",
                          "Parallel Aware": true,
                          "Relation Name": "title",
                          "Alias": "t",
                          "Startup Cost": 0.0,
                          "Total Cost": 43899.32,
                          "Plan Rows": 385479,
                          "Plan Width": 4,
                          "Actual Startup Time": 0.046,
                          "Actual Total Time": 115.106,
                          "Actual Rows": 385816,
                          "Actual Loops": 4,
                          "Filter": "(kind_id = 7)",
                          "Rows Removed by Filter": 246262
                        }
                      ]
                    }
                  ]
                }
              ]
            }
          ]
        }
      ]
    },
    "Planning Time": 0.326,
    "Triggers": [],
    "Execution Time": 479.965
  }
]