{
  "Plan": {
    "Node Type": "Aggregate",
    "Strategy": "Plain",
    "Partial Mode": "Finalize",
    "Parallel Aware": false,
    "Startup Cost": 113592.51,
    "Total Cost": 113592.52,
    "Plan Rows": 1,
    "Plan Width": 8,
    "Actual Startup Time": 852.275,
    "Actual Total Time": 865.583,
    "Actual Rows": 1,
    "Actual Loops": 1,
    "Plans": [
      {
        "Node Type": "Gather",
        "Parent Relationship": "Outer",
        "Parallel Aware": false,
        "Startup Cost": 113592.4,
        "Total Cost": 113592.51,
        "Plan Rows": 1,
        "Plan Width": 8,
        "Actual Startup Time": 849.347,
        "Actual Total Time": 865.574,
        "Actual Rows": 2,
        "Actual Loops": 1,
        "Workers Planned": 1,
        "Workers Launched": 1,
        "Single Copy": false,
        "Plans": [
          {
            "Node Type": "Aggregate",
            "Strategy": "Plain",
            "Partial Mode": "Partial",
            "Parent Relationship": "Outer",
            "Parallel Aware": false,
            "Startup Cost": 112592.4,
            "Total Cost": 112592.41,
            "Plan Rows": 1,
            "Plan Width": 8,
            "Actual Startup Time": 844.091,
            "Actual Total Time": 844.632,
            "Actual Rows": 1,
            "Actual Loops": 2,
            "Plans": [
              {
                "Node Type": "Hash Join",
                "Parent Relationship": "Outer",
                "Parallel Aware": true,
                "Join Type": "Inner",
                "Startup Cost": 48165.88,
                "Total Cost": 111321.57,
                "Plan Rows": 508332,
                "Plan Width": 0,
                "Actual Startup Time": 308.901,
                "Actual Total Time": 823.001,
                "Actual Rows": 535493,
                "Actual Loops": 2,
                "Inner Unique": false,
                "Hash Cond": "(t.id = mc.movie_id)",
                "Plans": [
                  {
                    "Node Type": "Seq Scan",
                    "Parent Relationship": "Outer",
                    "Parallel Aware": true,
                    "Relation Name": "title",
                    "Alias": "t",
                    "Startup Cost": 0.0,
                    "Total Cost": 50870.31,
                    "Plan Rows": 1487231,
                    "Plan Width": 4,
                    "Actual Startup Time": 0.01,
                    "Actual Total Time": 124.015,
                    "Actual Rows": 1264156,
                    "Actual Loops": 2
                  },
                  {
                    "Node Type": "Hash",
                    "Parent Relationship": "Inner",
                    "Parallel Aware": true,
                    "Startup Cost": 41811.73,
                    "Total Cost": 41811.73,
                    "Plan Rows": 508332,
                    "Plan Width": 4,
                    "Actual Startup Time": 299.802,
                    "Actual Total Time": 299.803,
                    "Actual Rows": 535493,
                    "Actual Loops": 2,
                    "Hash Buckets": 2097152,
                    "Original Hash Buckets": 1048576,
                    "Hash Batches": 1,
                    "Original Hash Batches": 1,
                    "Peak Memory Usage": 66496,
                    "Plans": [
                      {
                        "Node Type": "Seq Scan",
                        "Parent Relationship": "Outer",
                        "Parallel Aware": true,
                        "Relation Name": "movie_companies",
                        "Alias": "mc",
                        "Startup Cost": 0.0,
                        "Total Cost": 41811.73,
                        "Plan Rows": 508332,
                        "Plan Width": 4,
                        "Actual Startup Time": 65.481,
                        "Actual Total Time": 141.983,
                        "Actual Rows": 535493,
                        "Actual Loops": 2,
                        "Filter": "((company_id > 2946) AND (company_type_id > 1))",
                        "Rows Removed by Filter": 769072
                      }
                    ]
                  }
                ]
              }
            ]
          }
        ]
      }
    ]
  },
  "Planning Time": 0.743,
  "Triggers": [],
  "Execution Time": 865.652
}