[
  {
    "Plan": {
      "Node Type": "Aggregate",
      "Strategy": "Plain",
      "Partial Mode": "Finalize",
      "Parallel Aware": false,
      "Startup Cost": 45333.08,
      "Total Cost": 45333.09,
      "Plan Rows": 1,
      "Plan Width": 8,
      "Actual Startup Time": 134.244,
      "Actual Total Time": 144.172,
      "Actual Rows": 1,
      "Actual Loops": 1,
      "Plans": [
        {
          "Node Type": "Gather",
          "Parent Relationship": "Outer",
          "Parallel Aware": false,
          "Startup Cost": 45332.76,
          "Total Cost": 45333.07,
          "Plan Rows": 3,
          "Plan Width": 8,
          "Actual Startup Time": 134.148,
          "Actual Total Time": 144.165,
          "Actual Rows": 4,
          "Actual Loops": 1,
          "Workers Planned": 3,
          "Workers Launched": 3,
          "Single Copy": false,
          "Plans": [
            {
              "Node Type": "Aggregate",
              "Strategy": "Plain",
              "Partial Mode": "Partial",
              "Parent Relationship": "Outer",
              "Parallel Aware": false,
              "Startup Cost": 44332.76,
              "Total Cost": 44332.77,
              "Plan Rows": 1,
              "Plan Width": 8,
              "Actual Startup Time": 130.579,
              "Actual Total Time": 130.58,
              "Actual Rows": 1,
              "Actual Loops": 4,
              "Plans": [
                {
                  "Node Type": "Seq Scan",
                  "Parent Relationship": "Outer",
                  "Parallel Aware": true,
                  "Relation Name": "movie_keyword",
                  "Alias": "mk",
                  "Startup Cost": 0.0,
                  "Total Cost": 42695.65,
                  "Plan Rows": 654843,
                  "Plan Width": 0,
                  "Actual Startup Time": 0.341,
                  "Actual Total Time": 106.898,
                  "Actual Rows": 503879,
                  "Actual Loops": 4,
                  "Filter": "(keyword_id > 6167)",
                  "Rows Removed by Filter": 627104
                }
              ]
            }
          ]
        }
      ]
    },
    "Planning Time": 0.089,
    "Triggers": [],
    "Execution Time": 144.2
  }
]