[
  {
    "Plan": {
      "Node Type": "Aggregate",
      "Strategy": "Plain",
      "Partial Mode": "Finalize",
      "Parallel Aware": false,
      "Startup Cost": 235647.45,
      "Total Cost": 235647.46,
      "Plan Rows": 1,
      "Plan Width": 8,
      "Actual Startup Time": 3125.999,
      "Actual Total Time": 3163.907,
      "Actual Rows": 1,
      "Actual Loops": 1,
      "Plans": [
        {
          "Node Type": "Gather",
          "Parent Relationship": "Outer",
          "Parallel Aware": false,
          "Startup Cost": 235647.14,
          "Total Cost": 235647.45,
          "Plan Rows": 3,
          "Plan Width": 8,
          "Actual Startup Time": 3125.71,
          "Actual Total Time": 3163.901,
          "Actual Rows": 4,
          "Actual Loops": 1,
          "Workers Planned": 3,
          "Workers Launched": 3,
          "Single Copy": false,
          "Plans": [
            {
              "Node Type": "Aggregate",
              "Strategy": "Plain",
              "Partial Mode": "Partial",
              "Parent Relationship": "Outer",
              "Parallel Aware": false,
              "Startup Cost": 234647.14,
              "Total Cost": 234647.15,
              "Plan Rows": 1,
              "Plan Width": 8,
              "Actual Startup Time": 3117.325,
              "Actual Total Time": 3117.328,
              "Actual Rows": 1,
              "Actual Loops": 4,
              "Plans": [
                {
                  "Node Type": "Nested Loop",
                  "Parent Relationship": "Outer",
                  "Parallel Aware": false,
                  "Join Type": "Inner",
                  "Startup Cost": 46131.9,
                  "Total Cost": 232522.71,
                  "Plan Rows": 849770,
                  "Plan Width": 0,
                  "Actual Startup Time": 142.991,
                  "Actual Total Time": 2890.257,
                  "Actual Rows": 4981174,
                  "Actual Loops": 4,
                  "Inner Unique": false,
                  "Join Filter": "(t.id = ci.movie_id)",
                  "Rows Removed by Join Filter": 0,
                  "Plans": [
                    {
                      "Node Type": "Hash Join",
                      "Parent Relationship": "Outer",
                      "Parallel Aware": true,
                      "Join Type": "Inner",
                      "Startup Cost": 46131.33,
                      "Total Cost": 90711.82,
                      "Plan Rows": 59264,
                      "Plan Width": 8,
                      "Actual Startup Time": 142.897,
                      "Actual Total Time": 278.247,
                      "Actual Rows": 62162,
                      "Actual Loops": 4,
                      "Inner Unique": true,
                      "Hash Cond": "(mk.movie_id = t.id)",
                      "Plans": [
                        {
                          "Node Type": "Seq Scan",
                          "Parent Relationship": "Outer",
                          "Parallel Aware": true,
                          "Relation Name": "movie_keyword",
                          "Alias": "mk",
                          "Startup Cost": 0.0,
                          "Total Cost": 42695.65,
                          "Plan Rows": 718032,
                          "Plan Width": 4,
                          "Actual Startup Time": 0.289,
                          "Actual Total Time": 102.362,
                          "Actual Rows": 553438,
                          "Actual Loops": 4,
                          "Filter": "(keyword_id > 4963)",
                          "Rows Removed by Filter": 577545
                        },
                        {
                          "Node Type": "Hash",
                          "Parent Relationship": "Inner",
                          "Parallel Aware": true,
                          "Startup Cost": 45479.21,
                          "Total Cost": 45479.21,
                          "Plan Rows": 52170,
                          "Plan Width": 4,
                          "Actual Startup Time": 110.448,
                          "Actual Total Time": 110.449,
                          "Actual Rows": 45598,
                          "Actual Loops": 4,
                          "Hash Buckets": 262144,
                          "Original Hash Buckets": 262144,
                          "Hash Batches": 1,
                          "Original Hash Batches": 1,
                          "Peak Memory Usage": 9248,
                          "Plans": [
                            {
                              "Node Type": "Seq Scan",
                              "Parent Relationship": "Outer",
                              "Parallel Aware": true,
                              "Relation Name": "title",
                              "Alias": "t",
                              "Startup Cost": 0.0,
                              "Total Cost": 45479.21,
                              "Plan Rows": 52170,
                              "Plan Width": 4,
                              "Actual Startup Time": 44.219,
                              "Actual Total Time": 96.633,
                              "Actual Rows": 45598,
                              "Actual Loops": 4,
                              "Filter": "((production_year > 2007) AND (kind_id = 1))",
                              "Rows Removed by Filter": 586480
                            }
                          ]
                        }
                      ]
                    },
                    {
                      "Node Type": "Index Only Scan",
                      "Parent Relationship": "Inner",
                      "Parallel Aware": false,
                      "Scan Direction": "Forward",
                      "Index Name": "movie_id_cast_info",
                      "Relation Name": "cast_info",
                      "Alias": "ci",
                      "Startup Cost": 0.56,
                      "Total Cost": 1.92,
                      "Plan Rows": 38,
                      "Plan Width": 4,
                      "Actual Startup Time": 0.005,
                      "Actual Total Time": 0.035,
                      "Actual Rows": 80,
                      "Actual Loops": 248648,
                      "Index Cond": "(movie_id = mk.movie_id)",
                      "Rows Removed by Index Recheck": 0,
                      "Heap Fetches": 19924696
                    }
                  ]
                }
              ]
            }
          ]
        }
      ]
    },
    "Planning Time": 0.628,
    "Triggers": [],
    "Execution Time": 3163.993
  }
]