[
  {
    "Plan": {
      "Node Type": "Aggregate",
      "Strategy": "Plain",
      "Partial Mode": "Finalize",
      "Parallel Aware": false,
      "Startup Cost": 45692.13,
      "Total Cost": 45692.14,
      "Plan Rows": 1,
      "Plan Width": 8,
      "Actual Startup Time": 151.718,
      "Actual Total Time": 161.363,
      "Actual Rows": 1,
      "Actual Loops": 1,
      "Plans": [
        {
          "Node Type": "Gather",
          "Parent Relationship": "Outer",
          "Parallel Aware": false,
          "Startup Cost": 45691.82,
          "Total Cost": 45692.13,
          "Plan Rows": 3,
          "Plan Width": 8,
          "Actual Startup Time": 151.605,
          "Actual Total Time": 161.355,
          "Actual Rows": 4,
          "Actual Loops": 1,
          "Workers Planned": 3,
          "Workers Launched": 3,
          "Single Copy": false,
          "Plans": [
            {
              "Node Type": "Aggregate",
              "Strategy": "Plain",
              "Partial Mode": "Partial",
              "Parent Relationship": "Outer",
              "Parallel Aware": false,
              "Startup Cost": 44691.82,
              "Total Cost": 44691.83,
              "Plan Rows": 1,
              "Plan Width": 8,
              "Actual Startup Time": 143.904,
              "Actual Total Time": 143.905,
              "Actual Rows": 1,
              "Actual Loops": 4,
              "Plans": [
                {
                  "Node Type": "Seq Scan",
                  "Parent Relationship": "Outer",
                  "Parallel Aware": true,
                  "Relation Name": "movie_keyword",
                  "Alias": "mk",
                  "Startup Cost": 0.0,
                  "Total Cost": 42695.65,
                  "Plan Rows": 798465,
                  "Plan Width": 0,
                  "Actual Startup Time": 0.055,
                  "Actual Total Time": 116.088,
                  "Actual Rows": 619102,
                  "Actual Loops": 4,
                  "Filter": "(keyword_id < 5987)",
                  "Rows Removed by Filter": 511880
                }
              ]
            }
          ]
        }
      ]
    },
    "Planning Time": 0.126,
    "Triggers": [],
    "Execution Time": 161.404
  }
]