[
    {
        "Bao": {
            "Bao prediction": "NaN",
            "Bao recommended hint": "(no hint)"
        }
    },
    {
        "Plan": {
            "Node Type": "Aggregate",
            "Strategy": "Plain",
            "Partial Mode": "Finalize",
            "Parallel Aware": false,
            "Startup Cost": 240390.14,
            "Total Cost": 240390.15,
            "Plan Rows": 1,
            "Plan Width": 8,
            "Actual Startup Time": 472.282,
            "Actual Total Time": 483.859,
            "Actual Rows": 1,
            "Actual Loops": 1,
            "Output": [
                "count(*)"
            ],
            "Plans": [
                {
                    "Node Type": "Gather",
                    "Parent Relationship": "Outer",
                    "Parallel Aware": false,
                    "Startup Cost": 240389.52,
                    "Total Cost": 240390.13,
                    "Plan Rows": 6,
                    "Plan Width": 8,
                    "Actual Startup Time": 471.929,
                    "Actual Total Time": 483.851,
                    "Actual Rows": 7,
                    "Actual Loops": 1,
                    "Output": [
                        "(PARTIAL count(*))"
                    ],
                    "Workers Planned": 6,
                    "Workers Launched": 6,
                    "Single Copy": false,
                    "Plans": [
                        {
                            "Node Type": "Aggregate",
                            "Strategy": "Plain",
                            "Partial Mode": "Partial",
                            "Parent Relationship": "Outer",
                            "Parallel Aware": false,
                            "Startup Cost": 239389.52,
                            "Total Cost": 239389.53,
                            "Plan Rows": 1,
                            "Plan Width": 8,
                            "Actual Startup Time": 461.024,
                            "Actual Total Time": 461.028,
                            "Actual Rows": 1,
                            "Actual Loops": 7,
                            "Output": [
                                "PARTIAL count(*)"
                            ],
                            "Workers": [
                                {
                                    "Worker Number": 0,
                                    "Actual Startup Time": 458.505,
                                    "Actual Total Time": 458.509,
                                    "Actual Rows": 1,
                                    "Actual Loops": 1
                                },
                                {
                                    "Worker Number": 1,
                                    "Actual Startup Time": 458.69,
                                    "Actual Total Time": 458.692,
                                    "Actual Rows": 1,
                                    "Actual Loops": 1
                                },
                                {
                                    "Worker Number": 2,
                                    "Actual Startup Time": 459.456,
                                    "Actual Total Time": 459.459,
                                    "Actual Rows": 1,
                                    "Actual Loops": 1
                                },
                                {
                                    "Worker Number": 3,
                                    "Actual Startup Time": 459.614,
                                    "Actual Total Time": 459.616,
                                    "Actual Rows": 1,
                                    "Actual Loops": 1
                                },
                                {
                                    "Worker Number": 4,
                                    "Actual Startup Time": 459.669,
                                    "Actual Total Time": 459.672,
                                    "Actual Rows": 1,
                                    "Actual Loops": 1
                                },
                                {
                                    "Worker Number": 5,
                                    "Actual Startup Time": 459.78,
                                    "Actual Total Time": 459.784,
                                    "Actual Rows": 1,
                                    "Actual Loops": 1
                                }
                            ],
                            "Plans": [
                                {
                                    "Node Type": "Hash Join",
                                    "Parent Relationship": "Outer",
                                    "Parallel Aware": true,
                                    "Join Type": "Inner",
                                    "Startup Cost": 38354.76,
                                    "Total Cost": 239324.61,
                                    "Plan Rows": 25965,
                                    "Plan Width": 0,
                                    "Actual Startup Time": 32.9,
                                    "Actual Total Time": 459.661,
                                    "Actual Rows": 24474,
                                    "Actual Loops": 7,
                                    "Inner Unique": true,
                                    "Hash Cond": "(ci.movie_id = t.id)",
                                    "Workers": [
                                        {
                                            "Worker Number": 0,
                                            "Actual Startup Time": 30.658,
                                            "Actual Total Time": 457.216,
                                            "Actual Rows": 23095,
                                            "Actual Loops": 1
                                        },
                                        {
                                            "Worker Number": 1,
                                            "Actual Startup Time": 30.845,
                                            "Actual Total Time": 457.327,
                                            "Actual Rows": 24972,
                                            "Actual Loops": 1
                                        },
                                        {
                                            "Worker Number": 2,
                                            "Actual Startup Time": 30.891,
                                            "Actual Total Time": 458.101,
                                            "Actual Rows": 24913,
                                            "Actual Loops": 1
                                        },
                                        {
                                            "Worker Number": 3,
                                            "Actual Startup Time": 31.281,
                                            "Actual Total Time": 458.248,
                                            "Actual Rows": 24478,
                                            "Actual Loops": 1
                                        },
                                        {
                                            "Worker Number": 4,
                                            "Actual Startup Time": 31.965,
                                            "Actual Total Time": 458.313,
                                            "Actual Rows": 24626,
                                            "Actual Loops": 1
                                        },
                                        {
                                            "Worker Number": 5,
                                            "Actual Startup Time": 31.667,
                                            "Actual Total Time": 458.465,
                                            "Actual Rows": 23423,
                                            "Actual Loops": 1
                                        }
                                    ],
                                    "Plans": [
                                        {
                                            "Node Type": "Index Scan",
                                            "Parent Relationship": "Outer",
                                            "Parallel Aware": true,
                                            "Scan Direction": "Forward",
                                            "Index Name": "role_id_cast_info",
                                            "Relation Name": "cast_info",
                                            "Schema": "public",
                                            "Alias": "ci",
                                            "Startup Cost": 0.56,
                                            "Total Cost": 197699.43,
                                            "Plan Rows": 1246088,
                                            "Plan Width": 4,
                                            "Actual Startup Time": 0.529,
                                            "Actual Total Time": 293.784,
                                            "Actual Rows": 1064568,
                                            "Actual Loops": 7,
                                            "Output": [
                                                "ci.id",
                                                "ci.person_id",
                                                "ci.movie_id",
                                                "ci.person_role_id",
                                                "ci.note",
                                                "ci.nr_order",
                                                "ci.role_id"
                                            ],
                                            "Index Cond": "(ci.role_id = 2)",
                                            "Rows Removed by Index Recheck": 0,
                                            "Workers": [
                                                {
                                                    "Worker Number": 0,
                                                    "Actual Startup Time": 0.825,
                                                    "Actual Total Time": 297.891,
                                                    "Actual Rows": 1006592,
                                                    "Actual Loops": 1
                                                },
                                                {
                                                    "Worker Number": 1,
                                                    "Actual Startup Time": 0.7,
                                                    "Actual Total Time": 291.648,
                                                    "Actual Rows": 1087171,
                                                    "Actual Loops": 1
                                                },
                                                {
                                                    "Worker Number": 2,
                                                    "Actual Startup Time": 0.151,
                                                    "Actual Total Time": 292.467,
                                                    "Actual Rows": 1087710,
                                                    "Actual Loops": 1
                                                },
                                                {
                                                    "Worker Number": 3,
                                                    "Actual Startup Time": 0.367,
                                                    "Actual Total Time": 291.362,
                                                    "Actual Rows": 1067040,
                                                    "Actual Loops": 1
                                                },
                                                {
                                                    "Worker Number": 4,
                                                    "Actual Startup Time": 0.922,
                                                    "Actual Total Time": 292.184,
                                                    "Actual Rows": 1083420,
                                                    "Actual Loops": 1
                                                },
                                                {
                                                    "Worker Number": 5,
                                                    "Actual Startup Time": 0.545,
                                                    "Actual Total Time": 299.854,
                                                    "Actual Rows": 1006980,
                                                    "Actual Loops": 1
                                                }
                                            ]
                                        },
                                        {
                                            "Node Type": "Hash",
                                            "Parent Relationship": "Inner",
                                            "Parallel Aware": true,
                                            "Startup Cost": 38189.56,
                                            "Total Cost": 38189.56,
                                            "Plan Rows": 13171,
                                            "Plan Width": 4,
                                            "Actual Startup Time": 31.801,
                                            "Actual Total Time": 31.802,
                                            "Actual Rows": 5841,
                                            "Actual Loops": 7,
                                            "Output": [
                                                "t.id"
                                            ],
                                            "Hash Buckets": 65536,
                                            "Original Hash Buckets": 65536,
                                            "Hash Batches": 1,
                                            "Original Hash Batches": 1,
                                            "Peak Memory Usage": 2176,
                                            "Workers": [
                                                {
                                                    "Worker Number": 0,
                                                    "Actual Startup Time": 29.226,
                                                    "Actual Total Time": 29.227,
                                                    "Actual Rows": 2836,
                                                    "Actual Loops": 1
                                                },
                                                {
                                                    "Worker Number": 1,
                                                    "Actual Startup Time": 29.51,
                                                    "Actual Total Time": 29.511,
                                                    "Actual Rows": 3646,
                                                    "Actual Loops": 1
                                                },
                                                {
                                                    "Worker Number": 2,
                                                    "Actual Startup Time": 30.296,
                                                    "Actual Total Time": 30.297,
                                                    "Actual Rows": 3957,
                                                    "Actual Loops": 1
                                                },
                                                {
                                                    "Worker Number": 3,
                                                    "Actual Startup Time": 30.409,
                                                    "Actual Total Time": 30.41,
                                                    "Actual Rows": 3865,
                                                    "Actual Loops": 1
                                                },
                                                {
                                                    "Worker Number": 4,
                                                    "Actual Startup Time": 30.49,
                                                    "Actual Total Time": 30.491,
                                                    "Actual Rows": 4001,
                                                    "Actual Loops": 1
                                                },
                                                {
                                                    "Worker Number": 5,
                                                    "Actual Startup Time": 30.574,
                                                    "Actual Total Time": 30.576,
                                                    "Actual Rows": 3142,
                                                    "Actual Loops": 1
                                                }
                                            ],
                                            "Plans": [
                                                {
                                                    "Node Type": "Bitmap Heap Scan",
                                                    "Parent Relationship": "Outer",
                                                    "Parallel Aware": true,
                                                    "Relation Name": "title",
                                                    "Schema": "public",
                                                    "Alias": "t",
                                                    "Startup Cost": 1813.57,
                                                    "Total Cost": 38189.56,
                                                    "Plan Rows": 13171,
                                                    "Plan Width": 4,
                                                    "Actual Startup Time": 1.497,
                                                    "Actual Total Time": 28.805,
                                                    "Actual Rows": 5841,
                                                    "Actual Loops": 7,
                                                    "Output": [
                                                        "t.id"
                                                    ],
                                                    "Recheck Cond": "(t.kind_id = 3)",
                                                    "Rows Removed by Index Recheck": 0,
                                                    "Filter": "(t.production_year > 2001)",
                                                    "Rows Removed by Filter": 8522,
                                                    "Exact Heap Blocks": 6187,
                                                    "Lossy Heap Blocks": 0,
                                                    "Workers": [
                                                        {
                                                            "Worker Number": 0,
                                                            "Actual Startup Time": 0.234,
                                                            "Actual Total Time": 26.134,
                                                            "Actual Rows": 2836,
                                                            "Actual Loops": 1
                                                        },
                                                        {
                                                            "Worker Number": 1,
                                                            "Actual Startup Time": 0.178,
                                                            "Actual Total Time": 26.494,
                                                            "Actual Rows": 3646,
                                                            "Actual Loops": 1
                                                        },
                                                        {
                                                            "Worker Number": 2,
                                                            "Actual Startup Time": 0.131,
                                                            "Actual Total Time": 27.741,
                                                            "Actual Rows": 3957,
                                                            "Actual Loops": 1
                                                        },
                                                        {
                                                            "Worker Number": 3,
                                                            "Actual Startup Time": 0.508,
                                                            "Actual Total Time": 27.916,
                                                            "Actual Rows": 3865,
                                                            "Actual Loops": 1
                                                        },
                                                        {
                                                            "Worker Number": 4,
                                                            "Actual Startup Time": 0.182,
                                                            "Actual Total Time": 27.945,
                                                            "Actual Rows": 4001,
                                                            "Actual Loops": 1
                                                        },
                                                        {
                                                            "Worker Number": 5,
                                                            "Actual Startup Time": 0.164,
                                                            "Actual Total Time": 28.034,
                                                            "Actual Rows": 3142,
                                                            "Actual Loops": 1
                                                        }
                                                    ],
                                                    "Plans": [
                                                        {
                                                            "Node Type": "Bitmap Index Scan",
                                                            "Parent Relationship": "Outer",
                                                            "Parallel Aware": false,
                                                            "Index Name": "kind_id_title",
                                                            "Startup Cost": 0.0,
                                                            "Total Cost": 1800.4,
                                                            "Plan Rows": 100796,
                                                            "Plan Width": 0,
                                                            "Actual Startup Time": 6.771,
                                                            "Actual Total Time": 6.775,
                                                            "Actual Rows": 100537,
                                                            "Actual Loops": 1,
                                                            "Index Cond": "(t.kind_id = 3)"
                                                        }
                                                    ]
                                                }
                                            ]
                                        }
                                    ]
                                }
                            ]
                        }
                    ]
                }
            ]
        },
        "Planning Time": 201.115,
        "Triggers": [],
        "Execution Time": 484.01
    }
]