[
  {
    "Plan": {
      "Node Type": "Aggregate",
      "Strategy": "Plain",
      "Partial Mode": "Finalize",
      "Parallel Aware": false,
      "Startup Cost": 46483.42,
      "Total Cost": 46483.43,
      "Plan Rows": 1,
      "Plan Width": 8,
      "Actual Startup Time": 90.629,
      "Actual Total Time": 100.728,
      "Actual Rows": 1,
      "Actual Loops": 1,
      "Plans": [
        {
          "Node Type": "Gather",
          "Parent Relationship": "Outer",
          "Parallel Aware": false,
          "Startup Cost": 46483.0,
          "Total Cost": 46483.41,
          "Plan Rows": 4,
          "Plan Width": 8,
          "Actual Startup Time": 90.469,
          "Actual Total Time": 100.719,
          "Actual Rows": 5,
          "Actual Loops": 1,
          "Workers Planned": 4,
          "Workers Launched": 4,
          "Single Copy": false,
          "Plans": [
            {
              "Node Type": "Aggregate",
              "Strategy": "Plain",
              "Partial Mode": "Partial",
              "Parent Relationship": "Outer",
              "Parallel Aware": false,
              "Startup Cost": 45483.0,
              "Total Cost": 45483.01,
              "Plan Rows": 1,
              "Plan Width": 8,
              "Actual Startup Time": 81.398,
              "Actual Total Time": 81.399,
              "Actual Rows": 1,
              "Actual Loops": 5,
              "Plans": [
                {
                  "Node Type": "Seq Scan",
                  "Parent Relationship": "Outer",
                  "Parallel Aware": true,
                  "Relation Name": "title",
                  "Alias": "t",
                  "Startup Cost": 0.0,
                  "Total Cost": 45479.1,
                  "Plan Rows": 1562,
                  "Plan Width": 0,
                  "Actual Startup Time": 0.52,
                  "Actual Total Time": 81.251,
                  "Actual Rows": 1219,
                  "Actual Loops": 5,
                  "Filter": "((kind_id < 7) AND (production_year = 1977))",
                  "Rows Removed by Filter": 504444
                }
              ]
            }
          ]
        }
      ]
    },
    "Planning Time": 0.159,
    "Triggers": [],
    "Execution Time": 100.79
  }
]