[
  {
    "Plan": {
      "Node Type": "Aggregate",
      "Strategy": "Plain",
      "Partial Mode": "Finalize",
      "Parallel Aware": false,
      "Startup Cost": 77519.76,
      "Total Cost": 77519.77,
      "Plan Rows": 1,
      "Plan Width": 8,
      "Actual Startup Time": 245.202,
      "Actual Total Time": 254.172,
      "Actual Rows": 1,
      "Actual Loops": 1,
      "Plans": [
        {
          "Node Type": "Gather",
          "Parent Relationship": "Outer",
          "Parallel Aware": false,
          "Startup Cost": 77519.34,
          "Total Cost": 77519.75,
          "Plan Rows": 4,
          "Plan Width": 8,
          "Actual Startup Time": 242.961,
          "Actual Total Time": 254.165,
          "Actual Rows": 5,
          "Actual Loops": 1,
          "Workers Planned": 4,
          "Workers Launched": 4,
          "Single Copy": false,
          "Plans": [
            {
              "Node Type": "Aggregate",
              "Strategy": "Plain",
              "Partial Mode": "Partial",
              "Parent Relationship": "Outer",
              "Parallel Aware": false,
              "Startup Cost": 76519.34,
              "Total Cost": 76519.35,
              "Plan Rows": 1,
              "Plan Width": 8,
              "Actual Startup Time": 235.974,
              "Actual Total Time": 235.978,
              "Actual Rows": 1,
              "Actual Loops": 5,
              "Plans": [
                {
                  "Node Type": "Hash Join",
                  "Parent Relationship": "Outer",
                  "Parallel Aware": true,
                  "Join Type": "Inner",
                  "Startup Cost": 30744.37,
                  "Total Cost": 76390.21,
                  "Plan Rows": 51655,
                  "Plan Width": 0,
                  "Actual Startup Time": 93.858,
                  "Actual Total Time": 232.904,
                  "Actual Rows": 64221,
                  "Actual Loops": 5,
                  "Inner Unique": false,
                  "Hash Cond": "(t.id = mc.movie_id)",
                  "Plans": [
                    {
                      "Node Type": "Seq Scan",
                      "Parent Relationship": "Outer",
                      "Parallel Aware": true,
                      "Relation Name": "title",
                      "Alias": "t",
                      "Startup Cost": 0.0,
                      "Total Cost": 42318.81,
                      "Plan Rows": 632080,
                      "Plan Width": 4,
                      "Actual Startup Time": 0.007,
                      "Actual Total Time": 56.676,
                      "Actual Rows": 505662,
                      "Actual Loops": 5
                    },
                    {
                      "Node Type": "Hash",
                      "Parent Relationship": "Inner",
                      "Parallel Aware": true,
                      "Startup Cost": 29911.22,
                      "Total Cost": 29911.22,
                      "Plan Rows": 66652,
                      "Plan Width": 4,
                      "Actual Startup Time": 93.014,
                      "Actual Total Time": 93.016,
                      "Actual Rows": 64221,
                      "Actual Loops": 5,
                      "Hash Buckets": 524288,
                      "Original Hash Buckets": 262144,
                      "Hash Batches": 1,
                      "Original Hash Batches": 1,
                      "Peak Memory Usage": 18784,
                      "Plans": [
                        {
                          "Node Type": "Bitmap Heap Scan",
                          "Parent Relationship": "Outer",
                          "Parallel Aware": true,
                          "Relation Name": "movie_companies",
                          "Alias": "mc",
                          "Startup Cost": 9081.56,
                          "Total Cost": 29911.22,
                          "Plan Rows": 66652,
                          "Plan Width": 4,
                          "Actual Startup Time": 14.965,
                          "Actual Total Time": 62.696,
                          "Actual Rows": 64221,
                          "Actual Loops": 5,
                          "Recheck Cond": "(company_id < 293)",
                          "Rows Removed by Index Recheck": 0,
                          "Filter": "(company_type_id < 2)",
                          "Rows Removed by Filter": 19741,
                          "Exact Heap Blocks": 6279,
                          "Lossy Heap Blocks": 0,
                          "Plans": [
                            {
                              "Node Type": "Bitmap Index Scan",
                              "Parent Relationship": "Outer",
                              "Parallel Aware": false,
                              "Index Name": "company_id_movie_companies",
                              "Startup Cost": 0.0,
                              "Total Cost": 9029.91,
                              "Plan Rows": 421530,
                              "Plan Width": 0,
                              "Actual Startup Time": 16.82,
                              "Actual Total Time": 16.82,
                              "Actual Rows": 419809,
                              "Actual Loops": 1,
                              "Index Cond": "(company_id < 293)"
                            }
                          ]
                        }
                      ]
                    }
                  ]
                }
              ]
            }
          ]
        }
      ]
    },
    "Planning Time": 0.261,
    "Triggers": [],
    "Execution Time": 254.215
  }
]