{
  "Plan": {
    "Node Type": "Aggregate",
    "Strategy": "Plain",
    "Partial Mode": "Finalize",
    "Parallel Aware": false,
    "Startup Cost": 725448.3,
    "Total Cost": 725448.31,
    "Plan Rows": 1,
    "Plan Width": 8,
    "Actual Startup Time": 10768.192,
    "Actual Total Time": 10840.862,
    "Actual Rows": 1,
    "Actual Loops": 1,
    "Plans": [
      {
        "Node Type": "Gather",
        "Parent Relationship": "Outer",
        "Parallel Aware": false,
        "Startup Cost": 725448.19,
        "Total Cost": 725448.3,
        "Plan Rows": 1,
        "Plan Width": 8,
        "Actual Startup Time": 10761.464,
        "Actual Total Time": 10840.85,
        "Actual Rows": 2,
        "Actual Loops": 1,
        "Workers Planned": 1,
        "Workers Launched": 1,
        "Single Copy": false,
        "Plans": [
          {
            "Node Type": "Aggregate",
            "Strategy": "Plain",
            "Partial Mode": "Partial",
            "Parent Relationship": "Outer",
            "Parallel Aware": false,
            "Startup Cost": 724448.19,
            "Total Cost": 724448.2,
            "Plan Rows": 1,
            "Plan Width": 8,
            "Actual Startup Time": 10756.492,
            "Actual Total Time": 10757.552,
            "Actual Rows": 1,
            "Actual Loops": 2,
            "Plans": [
              {
                "Node Type": "Hash Join",
                "Parent Relationship": "Outer",
                "Parallel Aware": true,
                "Join Type": "Inner",
                "Startup Cost": 130159.9,
                "Total Cost": 709959.24,
                "Plan Rows": 5795582,
                "Plan Width": 0,
                "Actual Startup Time": 850.515,
                "Actual Total Time": 8911.947,
                "Actual Rows": 46065294,
                "Actual Loops": 2,
                "Inner Unique": false,
                "Hash Cond": "(ci.movie_id = t.id)",
                "Plans": [
                  {
                    "Node Type": "Seq Scan",
                    "Parent Relationship": "Outer",
                    "Parallel Aware": true,
                    "Relation Name": "cast_info",
                    "Alias": "ci",
                    "Startup Cost": 0.0,
                    "Total Cost": 465792.95,
                    "Plan Rows": 21310595,
                    "Plan Width": 4,
                    "Actual Startup Time": 0.015,
                    "Actual Total Time": 1329.881,
                    "Actual Rows": 18122172,
                    "Actual Loops": 2
                  },
                  {
                    "Node Type": "Hash",
                    "Parent Relationship": "Inner",
                    "Parallel Aware": true,
                    "Startup Cost": 125104.1,
                    "Total Cost": 125104.1,
                    "Plan Rows": 404464,
                    "Plan Width": 8,
                    "Actual Startup Time": 841.069,
                    "Actual Total Time": 842.127,
                    "Actual Rows": 1012441,
                    "Actual Loops": 2,
                    "Hash Buckets": 2097152,
                    "Original Hash Buckets": 1048576,
                    "Hash Batches": 1,
                    "Original Hash Batches": 1,
                    "Peak Memory Usage": 103808,
                    "Plans": [
                      {
                        "Node Type": "Hash Join",
                        "Parent Relationship": "Outer",
                        "Parallel Aware": true,
                        "Join Type": "Inner",
                        "Startup Cost": 61912.78,
                        "Total Cost": 125104.1,
                        "Plan Rows": 404464,
                        "Plan Width": 8,
                        "Actual Startup Time": 228.335,
                        "Actual Total Time": 652.432,
                        "Actual Rows": 1012441,
                        "Actual Loops": 2,
                        "Inner Unique": true,
                        "Hash Cond": "(mk.movie_id = t.id)",
                        "Plans": [
                          {
                            "Node Type": "Seq Scan",
                            "Parent Relationship": "Outer",
                            "Parallel Aware": true,
                            "Relation Name": "movie_keyword",
                            "Alias": "mk",
                            "Startup Cost": 0.0,
                            "Total Cost": 57718.19,
                            "Plan Rows": 2084998,
                            "Plan Width": 4,
                            "Actual Startup Time": 0.07,
                            "Actual Total Time": 204.017,
                            "Actual Rows": 1771966,
                            "Actual Loops": 2,
                            "Filter": "(keyword_id > 917)",
                            "Rows Removed by Filter": 490000
                          },
                          {
                            "Node Type": "Hash",
                            "Parent Relationship": "Inner",
                            "Parallel Aware": true,
                            "Startup Cost": 58306.47,
                            "Total Cost": 58306.47,
                            "Plan Rows": 288505,
                            "Plan Width": 4,
                            "Actual Startup Time": 225.143,
                            "Actual Total Time": 225.144,
                            "Actual Rows": 290710,
                            "Actual Loops": 2,
                            "Hash Buckets": 1048576,
                            "Original Hash Buckets": 524288,
                            "Hash Batches": 1,
                            "Original Hash Batches": 1,
                            "Peak Memory Usage": 35072,
                            "Plans": [
                              {
                                "Node Type": "Seq Scan",
                                "Parent Relationship": "Outer",
                                "Parallel Aware": true,
                                "Relation Name": "title",
                                "Alias": "t",
                                "Startup Cost": 0.0,
                                "Total Cost": 58306.47,
                                "Plan Rows": 288505,
                                "Plan Width": 4,
                                "Actual Startup Time": 0.04,
                                "Actual Total Time": 149.353,
                                "Actual Rows": 290710,
                                "Actual Loops": 2,
                                "Filter": "((kind_id < 7) AND (production_year < 2004))",
                                "Rows Removed by Filter": 973446
                              }
                            ]
                          }
                        ]
                      }
                    ]
                  }
                ]
              }
            ]
          }
        ]
      }
    ]
  },
  "Planning Time": 0.904,
  "Triggers": [],
  "Execution Time": 10840.956
}