[
  {
    "Plan": {
      "Node Type": "Aggregate",
      "Strategy": "Plain",
      "Partial Mode": "Finalize",
      "Parallel Aware": false,
      "Startup Cost": 44389.51,
      "Total Cost": 44389.52,
      "Plan Rows": 1,
      "Plan Width": 8,
      "Actual Startup Time": 123.775,
      "Actual Total Time": 132.964,
      "Actual Rows": 1,
      "Actual Loops": 1,
      "Plans": [
        {
          "Node Type": "Gather",
          "Parent Relationship": "Outer",
          "Parallel Aware": false,
          "Startup Cost": 44389.2,
          "Total Cost": 44389.51,
          "Plan Rows": 3,
          "Plan Width": 8,
          "Actual Startup Time": 123.624,
          "Actual Total Time": 132.953,
          "Actual Rows": 4,
          "Actual Loops": 1,
          "Workers Planned": 3,
          "Workers Launched": 3,
          "Single Copy": false,
          "Plans": [
            {
              "Node Type": "Aggregate",
              "Strategy": "Plain",
              "Partial Mode": "Partial",
              "Parent Relationship": "Outer",
              "Parallel Aware": false,
              "Startup Cost": 43389.2,
              "Total Cost": 43389.21,
              "Plan Rows": 1,
              "Plan Width": 8,
              "Actual Startup Time": 118.101,
              "Actual Total Time": 118.103,
              "Actual Rows": 1,
              "Actual Loops": 4,
              "Plans": [
                {
                  "Node Type": "Seq Scan",
                  "Parent Relationship": "Outer",
                  "Parallel Aware": true,
                  "Relation Name": "movie_keyword",
                  "Alias": "mk",
                  "Startup Cost": 0.0,
                  "Total Cost": 42695.65,
                  "Plan Rows": 277417,
                  "Plan Width": 0,
                  "Actual Startup Time": 1.562,
                  "Actual Total Time": 106.668,
                  "Actual Rows": 212987,
                  "Actual Loops": 4,
                  "Filter": "(keyword_id > 21558)",
                  "Rows Removed by Filter": 917995
                }
              ]
            }
          ]
        }
      ]
    },
    "Planning Time": 0.087,
    "Triggers": [],
    "Execution Time": 133.003
  }
]