[
  {
    "Plan": {
      "Node Type": "Aggregate",
      "Strategy": "Plain",
      "Partial Mode": "Finalize",
      "Parallel Aware": false,
      "Startup Cost": 32708.81,
      "Total Cost": 32708.82,
      "Plan Rows": 1,
      "Plan Width": 8,
      "Actual Startup Time": 82.249,
      "Actual Total Time": 88.584,
      "Actual Rows": 1,
      "Actual Loops": 1,
      "Plans": [
        {
          "Node Type": "Gather",
          "Parent Relationship": "Outer",
          "Parallel Aware": false,
          "Startup Cost": 32708.5,
          "Total Cost": 32708.81,
          "Plan Rows": 3,
          "Plan Width": 8,
          "Actual Startup Time": 82.15,
          "Actual Total Time": 88.578,
          "Actual Rows": 4,
          "Actual Loops": 1,
          "Workers Planned": 3,
          "Workers Launched": 3,
          "Single Copy": false,
          "Plans": [
            {
              "Node Type": "Aggregate",
              "Strategy": "Plain",
              "Partial Mode": "Partial",
              "Parent Relationship": "Outer",
              "Parallel Aware": false,
              "Startup Cost": 31708.5,
              "Total Cost": 31708.51,
              "Plan Rows": 1,
              "Plan Width": 8,
              "Actual Startup Time": 74.929,
              "Actual Total Time": 74.93,
              "Actual Rows": 1,
              "Actual Loops": 4,
              "Plans": [
                {
                  "Node Type": "Seq Scan",
                  "Parent Relationship": "Outer",
                  "Parallel Aware": true,
                  "Relation Name": "movie_companies",
                  "Alias": "mc",
                  "Startup Cost": 0.0,
                  "Total Cost": 31414.82,
                  "Plan Rows": 117471,
                  "Plan Width": 0,
                  "Actual Startup Time": 28.283,
                  "Actual Total Time": 74.175,
                  "Actual Rows": 13416,
                  "Actual Loops": 4,
                  "Filter": "((company_id > 36294) AND (company_type_id < 2))",
                  "Rows Removed by Filter": 638867
                }
              ]
            }
          ]
        }
      ]
    },
    "Planning Time": 0.21,
    "Triggers": [],
    "Execution Time": 88.641
  }
]