{
    "Plan": {
        "Node Type": "Aggregate",
        "Strategy": "Plain",
        "Partial Mode": "Finalize",
        "Parallel Aware": false,
        "Startup Cost": 182137.56,
        "Total Cost": 182137.57,
        "Plan Rows": 1,
        "Plan Width": 8,
        "Actual Startup Time": 2474.767,
        "Actual Total Time": 2524.938,
        "Actual Rows": 1,
        "Actual Loops": 1,
        "Output": [
            "count(*)"
        ],
        "Plans": [
            {
                "Node Type": "Gather",
                "Parent Relationship": "Outer",
                "Parallel Aware": false,
                "Startup Cost": 182137.24,
                "Total Cost": 182137.55,
                "Plan Rows": 3,
                "Plan Width": 8,
                "Actual Startup Time": 2472.866,
                "Actual Total Time": 2524.927,
                "Actual Rows": 4,
                "Actual Loops": 1,
                "Output": [
                    "(PARTIAL count(*))"
                ],
                "Workers Planned": 3,
                "Workers Launched": 3,
                "Single Copy": false,
                "Plans": [
                    {
                        "Node Type": "Aggregate",
                        "Strategy": "Plain",
                        "Partial Mode": "Partial",
                        "Parent Relationship": "Outer",
                        "Parallel Aware": false,
                        "Startup Cost": 181137.24,
                        "Total Cost": 181137.25,
                        "Plan Rows": 1,
                        "Plan Width": 8,
                        "Actual Startup Time": 2463.221,
                        "Actual Total Time": 2463.3,
                        "Actual Rows": 1,
                        "Actual Loops": 4,
                        "Output": [
                            "PARTIAL count(*)"
                        ],
                        "Workers": [
                            {
                                "Worker Number": 0,
                                "Actual Startup Time": 2459.532,
                                "Actual Total Time": 2459.536,
                                "Actual Rows": 1,
                                "Actual Loops": 1
                            },
                            {
                                "Worker Number": 1,
                                "Actual Startup Time": 2460.222,
                                "Actual Total Time": 2460.227,
                                "Actual Rows": 1,
                                "Actual Loops": 1
                            },
                            {
                                "Worker Number": 2,
                                "Actual Startup Time": 2461.07,
                                "Actual Total Time": 2461.073,
                                "Actual Rows": 1,
                                "Actual Loops": 1
                            }
                        ],
                        "Plans": [
                            {
                                "Node Type": "Nested Loop",
                                "Parent Relationship": "Outer",
                                "Parallel Aware": false,
                                "Join Type": "Inner",
                                "Startup Cost": 46145.24,
                                "Total Cost": 180529.2,
                                "Plan Rows": 243217,
                                "Plan Width": 0,
                                "Actual Startup Time": 154.794,
                                "Actual Total Time": 2251.69,
                                "Actual Rows": 4640771,
                                "Actual Loops": 4,
                                "Inner Unique": false,
                                "Join Filter": "(t.id = mi.movie_id)",
                                "Rows Removed by Join Filter": 0,
                                "Workers": [
                                    {
                                        "Worker Number": 0,
                                        "Actual Startup Time": 151.538,
                                        "Actual Total Time": 2250.841,
                                        "Actual Rows": 3459027,
                                        "Actual Loops": 1
                                    },
                                    {
                                        "Worker Number": 1,
                                        "Actual Startup Time": 151.667,
                                        "Actual Total Time": 2251.628,
                                        "Actual Rows": 4968772,
                                        "Actual Loops": 1
                                    },
                                    {
                                        "Worker Number": 2,
                                        "Actual Startup Time": 152.172,
                                        "Actual Total Time": 2251.369,
                                        "Actual Rows": 4987795,
                                        "Actual Loops": 1
                                    }
                                ],
                                "Plans": [
                                    {
                                        "Node Type": "Hash Join",
                                        "Parent Relationship": "Outer",
                                        "Parallel Aware": true,
                                        "Join Type": "Inner",
                                        "Startup Cost": 46144.81,
                                        "Total Cost": 90139.07,
                                        "Plan Rows": 41676,
                                        "Plan Width": 8,
                                        "Actual Startup Time": 154.677,
                                        "Actual Total Time": 352.556,
                                        "Actual Rows": 99063,
                                        "Actual Loops": 4,
                                        "Output": [
                                            "t.id",
                                            "mk.movie_id"
                                        ],
                                        "Inner Unique": true,
                                        "Hash Cond": "(mk.movie_id = t.id)",
                                        "Workers": [
                                            {
                                                "Worker Number": 0,
                                                "Actual Startup Time": 151.349,
                                                "Actual Total Time": 339.576,
                                                "Actual Rows": 71221,
                                                "Actual Loops": 1
                                            },
                                            {
                                                "Worker Number": 1,
                                                "Actual Startup Time": 151.521,
                                                "Actual Total Time": 359.65,
                                                "Actual Rows": 107139,
                                                "Actual Loops": 1
                                            },
                                            {
                                                "Worker Number": 2,
                                                "Actual Startup Time": 152.063,
                                                "Actual Total Time": 354.914,
                                                "Actual Rows": 107164,
                                                "Actual Loops": 1
                                            }
                                        ],
                                        "Plans": [
                                            {
                                                "Node Type": "Seq Scan",
                                                "Parent Relationship": "Outer",
                                                "Parallel Aware": true,
                                                "Relation Name": "movie_keyword",
                                                "Schema": "public",
                                                "Alias": "mk",
                                                "Startup Cost": 0.0,
                                                "Total Cost": 42695.65,
                                                "Plan Rows": 494708,
                                                "Plan Width": 4,
                                                "Actual Startup Time": 0.682,
                                                "Actual Total Time": 127.254,
                                                "Actual Rows": 378649,
                                                "Actual Loops": 4,
                                                "Output": [
                                                    "mk.id",
                                                    "mk.movie_id",
                                                    "mk.keyword_id"
                                                ],
                                                "Filter": "(mk.keyword_id > 10688)",
                                                "Rows Removed by Filter": 752334,
                                                "Workers": [
                                                    {
                                                        "Worker Number": 0,
                                                        "Actual Startup Time": 0.643,
                                                        "Actual Total Time": 122.781,
                                                        "Actual Rows": 263202,
                                                        "Actual Loops": 1
                                                    },
                                                    {
                                                        "Worker Number": 1,
                                                        "Actual Startup Time": 0.685,
                                                        "Actual Total Time": 136.351,
                                                        "Actual Rows": 403291,
                                                        "Actual Loops": 1
                                                    },
                                                    {
                                                        "Worker Number": 2,
                                                        "Actual Startup Time": 0.692,
                                                        "Actual Total Time": 132.797,
                                                        "Actual Rows": 394434,
                                                        "Actual Loops": 1
                                                    }
                                                ]
                                            },
                                            {
                                                "Node Type": "Hash",
                                                "Parent Relationship": "Inner",
                                                "Parallel Aware": true,
                                                "Startup Cost": 45479.21,
                                                "Total Cost": 45479.21,
                                                "Plan Rows": 53248,
                                                "Plan Width": 4,
                                                "Actual Startup Time": 151.209,
                                                "Actual Total Time": 151.21,
                                                "Actual Rows": 80145,
                                                "Actual Loops": 4,
                                                "Output": [
                                                    "t.id"
                                                ],
                                                "Hash Buckets": 524288,
                                                "Original Hash Buckets": 262144,
                                                "Hash Batches": 1,
                                                "Original Hash Batches": 1,
                                                "Peak Memory Usage": 18752,
                                                "Workers": [
                                                    {
                                                        "Worker Number": 0,
                                                        "Actual Startup Time": 149.649,
                                                        "Actual Total Time": 149.649,
                                                        "Actual Rows": 59007,
                                                        "Actual Loops": 1
                                                    },
                                                    {
                                                        "Worker Number": 1,
                                                        "Actual Startup Time": 150.392,
                                                        "Actual Total Time": 150.393,
                                                        "Actual Rows": 83830,
                                                        "Actual Loops": 1
                                                    },
                                                    {
                                                        "Worker Number": 2,
                                                        "Actual Startup Time": 150.472,
                                                        "Actual Total Time": 150.473,
                                                        "Actual Rows": 84037,
                                                        "Actual Loops": 1
                                                    }
                                                ],
                                                "Plans": [
                                                    {
                                                        "Node Type": "Seq Scan",
                                                        "Parent Relationship": "Outer",
                                                        "Parallel Aware": true,
                                                        "Relation Name": "title",
                                                        "Schema": "public",
                                                        "Alias": "t",
                                                        "Startup Cost": 0.0,
                                                        "Total Cost": 45479.21,
                                                        "Plan Rows": 53248,
                                                        "Plan Width": 4,
                                                        "Actual Startup Time": 0.206,
                                                        "Actual Total Time": 113.333,
                                                        "Actual Rows": 80145,
                                                        "Actual Loops": 4,
                                                        "Output": [
                                                            "t.id"
                                                        ],
                                                        "Filter": "((t.kind_id < 7) AND (t.production_year < 1982))",
                                                        "Rows Removed by Filter": 551933,
                                                        "Workers": [
                                                            {
                                                                "Worker Number": 0,
                                                                "Actual Startup Time": 0.078,
                                                                "Actual Total Time": 111.414,
                                                                "Actual Rows": 59007,
                                                                "Actual Loops": 1
                                                            },
                                                            {
                                                                "Worker Number": 1,
                                                                "Actual Startup Time": 0.215,
                                                                "Actual Total Time": 113.006,
                                                                "Actual Rows": 83830,
                                                                "Actual Loops": 1
                                                            },
                                                            {
                                                                "Worker Number": 2,
                                                                "Actual Startup Time": 0.448,
                                                                "Actual Total Time": 113.02,
                                                                "Actual Rows": 84037,
                                                                "Actual Loops": 1
                                                            }
                                                        ]
                                                    }
                                                ]
                                            }
                                        ]
                                    },
                                    {
                                        "Node Type": "Index Only Scan",
                                        "Parent Relationship": "Inner",
                                        "Parallel Aware": false,
                                        "Scan Direction": "Forward",
                                        "Index Name": "movie_id_movie_info",
                                        "Relation Name": "movie_info",
                                        "Schema": "public",
                                        "Alias": "mi",
                                        "Startup Cost": 0.43,
                                        "Total Cost": 1.68,
                                        "Plan Rows": 39,
                                        "Plan Width": 4,
                                        "Actual Startup Time": 0.003,
                                        "Actual Total Time": 0.015,
                                        "Actual Rows": 47,
                                        "Actual Loops": 396252,
                                        "Output": [
                                            "mi.movie_id"
                                        ],
                                        "Index Cond": "(mi.movie_id = mk.movie_id)",
                                        "Rows Removed by Index Recheck": 0,
                                        "Heap Fetches": 18563085,
                                        "Workers": [
                                            {
                                                "Worker Number": 0,
                                                "Actual Startup Time": 0.005,
                                                "Actual Total Time": 0.021,
                                                "Actual Rows": 49,
                                                "Actual Loops": 71221
                                            },
                                            {
                                                "Worker Number": 1,
                                                "Actual Startup Time": 0.003,
                                                "Actual Total Time": 0.014,
                                                "Actual Rows": 46,
                                                "Actual Loops": 107139
                                            },
                                            {
                                                "Worker Number": 2,
                                                "Actual Startup Time": 0.003,
                                                "Actual Total Time": 0.014,
                                                "Actual Rows": 47,
                                                "Actual Loops": 107164
                                            }
                                        ]
                                    }
                                ]
                            }
                        ]
                    }
                ]
            }
        ]
    },
    "Planning Time": 1.641,
    "Triggers": [],
    "Execution Time": 2525.108
}