[
  {
    "Plan": {
      "Node Type": "Aggregate",
      "Strategy": "Plain",
      "Partial Mode": "Finalize",
      "Parallel Aware": false,
      "Startup Cost": 45277.51,
      "Total Cost": 45277.52,
      "Plan Rows": 1,
      "Plan Width": 8,
      "Actual Startup Time": 145.962,
      "Actual Total Time": 155.656,
      "Actual Rows": 1,
      "Actual Loops": 1,
      "Plans": [
        {
          "Node Type": "Gather",
          "Parent Relationship": "Outer",
          "Parallel Aware": false,
          "Startup Cost": 45277.19,
          "Total Cost": 45277.5,
          "Plan Rows": 3,
          "Plan Width": 8,
          "Actual Startup Time": 145.835,
          "Actual Total Time": 155.647,
          "Actual Rows": 4,
          "Actual Loops": 1,
          "Workers Planned": 3,
          "Workers Launched": 3,
          "Single Copy": false,
          "Plans": [
            {
              "Node Type": "Aggregate",
              "Strategy": "Plain",
              "Partial Mode": "Partial",
              "Parent Relationship": "Outer",
              "Parallel Aware": false,
              "Startup Cost": 44277.19,
              "Total Cost": 44277.2,
              "Plan Rows": 1,
              "Plan Width": 8,
              "Actual Startup Time": 139.008,
              "Actual Total Time": 139.009,
              "Actual Rows": 1,
              "Actual Loops": 4,
              "Plans": [
                {
                  "Node Type": "Seq Scan",
                  "Parent Relationship": "Outer",
                  "Parallel Aware": true,
                  "Relation Name": "movie_keyword",
                  "Alias": "mk",
                  "Startup Cost": 0.0,
                  "Total Cost": 42695.65,
                  "Plan Rows": 632614,
                  "Plan Width": 0,
                  "Actual Startup Time": 0.983,
                  "Actual Total Time": 115.586,
                  "Actual Rows": 489369,
                  "Actual Loops": 4,
                  "Filter": "(keyword_id > 6530)",
                  "Rows Removed by Filter": 641613
                }
              ]
            }
          ]
        }
      ]
    },
    "Planning Time": 0.183,
    "Triggers": [],
    "Execution Time": 155.719
  }
]