[
  {
    "Plan": {
      "Node Type": "Aggregate",
      "Strategy": "Plain",
      "Partial Mode": "Finalize",
      "Parallel Aware": false,
      "Startup Cost": 44397.74,
      "Total Cost": 44397.75,
      "Plan Rows": 1,
      "Plan Width": 8,
      "Actual Startup Time": 141.928,
      "Actual Total Time": 151.511,
      "Actual Rows": 1,
      "Actual Loops": 1,
      "Plans": [
        {
          "Node Type": "Gather",
          "Parent Relationship": "Outer",
          "Parallel Aware": false,
          "Startup Cost": 44397.42,
          "Total Cost": 44397.73,
          "Plan Rows": 3,
          "Plan Width": 8,
          "Actual Startup Time": 141.724,
          "Actual Total Time": 151.497,
          "Actual Rows": 4,
          "Actual Loops": 1,
          "Workers Planned": 3,
          "Workers Launched": 3,
          "Single Copy": false,
          "Plans": [
            {
              "Node Type": "Aggregate",
              "Strategy": "Plain",
              "Partial Mode": "Partial",
              "Parent Relationship": "Outer",
              "Parallel Aware": false,
              "Startup Cost": 43397.42,
              "Total Cost": 43397.43,
              "Plan Rows": 1,
              "Plan Width": 8,
              "Actual Startup Time": 134.845,
              "Actual Total Time": 134.847,
              "Actual Rows": 1,
              "Actual Loops": 4,
              "Plans": [
                {
                  "Node Type": "Seq Scan",
                  "Parent Relationship": "Outer",
                  "Parallel Aware": true,
                  "Relation Name": "movie_keyword",
                  "Alias": "mk",
                  "Startup Cost": 0.0,
                  "Total Cost": 42695.65,
                  "Plan Rows": 280707,
                  "Plan Width": 0,
                  "Actual Startup Time": 1.85,
                  "Actual Total Time": 121.457,
                  "Actual Rows": 215972,
                  "Actual Loops": 4,
                  "Filter": "(keyword_id > 21307)",
                  "Rows Removed by Filter": 915011
                }
              ]
            }
          ]
        }
      ]
    },
    "Planning Time": 0.069,
    "Triggers": [],
    "Execution Time": 151.539
  }
]