[
  {
    "Plan": {
      "Node Type": "Aggregate",
      "Strategy": "Plain",
      "Partial Mode": "Finalize",
      "Parallel Aware": false,
      "Startup Cost": 84422.28,
      "Total Cost": 84422.29,
      "Plan Rows": 1,
      "Plan Width": 8,
      "Actual Startup Time": 498.882,
      "Actual Total Time": 562.533,
      "Actual Rows": 1,
      "Actual Loops": 1,
      "Plans": [
        {
          "Node Type": "Gather",
          "Parent Relationship": "Outer",
          "Parallel Aware": false,
          "Startup Cost": 84422.06,
          "Total Cost": 84422.27,
          "Plan Rows": 2,
          "Plan Width": 8,
          "Actual Startup Time": 497.576,
          "Actual Total Time": 562.523,
          "Actual Rows": 3,
          "Actual Loops": 1,
          "Workers Planned": 2,
          "Workers Launched": 2,
          "Single Copy": false,
          "Plans": [
            {
              "Node Type": "Aggregate",
              "Strategy": "Plain",
              "Partial Mode": "Partial",
              "Parent Relationship": "Outer",
              "Parallel Aware": false,
              "Startup Cost": 83422.06,
              "Total Cost": 83422.07,
              "Plan Rows": 1,
              "Plan Width": 8,
              "Actual Startup Time": 489.506,
              "Actual Total Time": 489.51,
              "Actual Rows": 1,
              "Actual Loops": 3,
              "Plans": [
                {
                  "Node Type": "Nested Loop",
                  "Parent Relationship": "Outer",
                  "Parallel Aware": false,
                  "Join Type": "Inner",
                  "Startup Cost": 45595.5,
                  "Total Cost": 83253.74,
                  "Plan Rows": 67328,
                  "Plan Width": 0,
                  "Actual Startup Time": 120.806,
                  "Actual Total Time": 482.164,
                  "Actual Rows": 145663,
                  "Actual Loops": 3,
                  "Inner Unique": false,
                  "Join Filter": "(t.id = ci.movie_id)",
                  "Rows Removed by Join Filter": 0,
                  "Plans": [
                    {
                      "Node Type": "Hash Join",
                      "Parent Relationship": "Outer",
                      "Parallel Aware": true,
                      "Join Type": "Inner",
                      "Startup Cost": 45594.94,
                      "Total Cost": 60789.5,
                      "Plan Rows": 8431,
                      "Plan Width": 8,
                      "Actual Startup Time": 120.65,
                      "Actual Total Time": 193.016,
                      "Actual Rows": 9237,
                      "Actual Loops": 3,
                      "Inner Unique": true,
                      "Hash Cond": "(mi_idx.movie_id = t.id)",
                      "Plans": [
                        {
                          "Node Type": "Seq Scan",
                          "Parent Relationship": "Outer",
                          "Parallel Aware": true,
                          "Relation Name": "movie_info_idx",
                          "Alias": "mi_idx",
                          "Startup Cost": 0.0,
                          "Total Cost": 13685.15,
                          "Plan Rows": 575015,
                          "Plan Width": 4,
                          "Actual Startup Time": 0.023,
                          "Actual Total Time": 34.372,
                          "Actual Rows": 460012,
                          "Actual Loops": 3
                        },
                        {
                          "Node Type": "Hash",
                          "Parent Relationship": "Inner",
                          "Parallel Aware": true,
                          "Startup Cost": 45479.1,
                          "Total Cost": 45479.1,
                          "Plan Rows": 9267,
                          "Plan Width": 4,
                          "Actual Startup Time": 119.396,
                          "Actual Total Time": 119.397,
                          "Actual Rows": 7277,
                          "Actual Loops": 3,
                          "Hash Buckets": 65536,
                          "Original Hash Buckets": 65536,
                          "Hash Batches": 1,
                          "Original Hash Batches": 1,
                          "Peak Memory Usage": 1440,
                          "Plans": [
                            {
                              "Node Type": "Seq Scan",
                              "Parent Relationship": "Outer",
                              "Parallel Aware": true,
                              "Relation Name": "title",
                              "Alias": "t",
                              "Startup Cost": 0.0,
                              "Total Cost": 45479.1,
                              "Plan Rows": 9267,
                              "Plan Width": 4,
                              "Actual Startup Time": 0.505,
                              "Actual Total Time": 116.16,
                              "Actual Rows": 7277,
                              "Actual Loops": 3,
                              "Filter": "((kind_id < 3) AND (production_year = 2007))",
                              "Rows Removed by Filter": 835494
                            }
                          ]
                        }
                      ]
                    },
                    {
                      "Node Type": "Index Scan",
                      "Parent Relationship": "Inner",
                      "Parallel Aware": false,
                      "Scan Direction": "Forward",
                      "Index Name": "movie_id_cast_info",
                      "Relation Name": "cast_info",
                      "Alias": "ci",
                      "Startup Cost": 0.56,
                      "Total Cost": 2.41,
                      "Plan Rows": 20,
                      "Plan Width": 4,
                      "Actual Startup Time": 0.012,
                      "Actual Total Time": 0.03,
                      "Actual Rows": 16,
                      "Actual Loops": 27712,
                      "Index Cond": "(movie_id = mi_idx.movie_id)",
                      "Rows Removed by Index Recheck": 0,
                      "Filter": "(person_id > 1586029)",
                      "Rows Removed by Filter": 12
                    }
                  ]
                }
              ]
            }
          ]
        }
      ]
    },
    "Planning Time": 1.322,
    "Triggers": [],
    "Execution Time": 562.637
  }
]