[
  {
    "Plan": {
      "Node Type": "Aggregate",
      "Strategy": "Plain",
      "Partial Mode": "Finalize",
      "Parallel Aware": false,
      "Startup Cost": 82407.66,
      "Total Cost": 82407.67,
      "Plan Rows": 1,
      "Plan Width": 8,
      "Actual Startup Time": 155.659,
      "Actual Total Time": 170.741,
      "Actual Rows": 1,
      "Actual Loops": 1,
      "Plans": [
        {
          "Node Type": "Gather",
          "Parent Relationship": "Outer",
          "Parallel Aware": false,
          "Startup Cost": 82407.34,
          "Total Cost": 82407.65,
          "Plan Rows": 3,
          "Plan Width": 8,
          "Actual Startup Time": 154.851,
          "Actual Total Time": 170.731,
          "Actual Rows": 4,
          "Actual Loops": 1,
          "Workers Planned": 3,
          "Workers Launched": 3,
          "Single Copy": false,
          "Plans": [
            {
              "Node Type": "Aggregate",
              "Strategy": "Plain",
              "Partial Mode": "Partial",
              "Parent Relationship": "Outer",
              "Parallel Aware": false,
              "Startup Cost": 81407.34,
              "Total Cost": 81407.35,
              "Plan Rows": 1,
              "Plan Width": 8,
              "Actual Startup Time": 145.918,
              "Actual Total Time": 145.922,
              "Actual Rows": 1,
              "Actual Loops": 4,
              "Plans": [
                {
                  "Node Type": "Nested Loop",
                  "Parent Relationship": "Outer",
                  "Parallel Aware": false,
                  "Join Type": "Inner",
                  "Startup Cost": 47499.37,
                  "Total Cost": 81379.57,
                  "Plan Rows": 11108,
                  "Plan Width": 0,
                  "Actual Startup Time": 116.922,
                  "Actual Total Time": 145.712,
                  "Actual Rows": 2662,
                  "Actual Loops": 4,
                  "Inner Unique": false,
                  "Plans": [
                    {
                      "Node Type": "Hash Join",
                      "Parent Relationship": "Outer",
                      "Parallel Aware": true,
                      "Join Type": "Inner",
                      "Startup Cost": 47498.94,
                      "Total Cost": 72224.45,
                      "Plan Rows": 1900,
                      "Plan Width": 8,
                      "Actual Startup Time": 116.843,
                      "Actual Total Time": 138.177,
                      "Actual Rows": 313,
                      "Actual Loops": 4,
                      "Inner Unique": true,
                      "Hash Cond": "(mk.movie_id = t.id)",
                      "Plans": [
                        {
                          "Node Type": "Bitmap Heap Scan",
                          "Parent Relationship": "Outer",
                          "Parallel Aware": true,
                          "Relation Name": "movie_keyword",
                          "Alias": "mk",
                          "Startup Cost": 1183.71,
                          "Total Cost": 25862.1,
                          "Plan Rows": 17951,
                          "Plan Width": 4,
                          "Actual Startup Time": 8.239,
                          "Actual Total Time": 25.839,
                          "Actual Rows": 12148,
                          "Actual Loops": 4,
                          "Recheck Cond": "(keyword_id < 50)",
                          "Rows Removed by Index Recheck": 0,
                          "Exact Heap Blocks": 7486,
                          "Lossy Heap Blocks": 0,
                          "Plans": [
                            {
                              "Node Type": "Bitmap Index Scan",
                              "Parent Relationship": "Outer",
                              "Parallel Aware": false,
                              "Index Name": "keyword_id_movie_keyword",
                              "Startup Cost": 0.0,
                              "Total Cost": 1169.8,
                              "Plan Rows": 55649,
                              "Plan Width": 0,
                              "Actual Startup Time": 6.059,
                              "Actual Total Time": 6.059,
                              "Actual Rows": 48592,
                              "Actual Loops": 1,
                              "Index Cond": "(keyword_id < 50)"
                            }
                          ]
                        },
                        {
                          "Node Type": "Hash",
                          "Parent Relationship": "Inner",
                          "Parallel Aware": true,
                          "Startup Cost": 45479.1,
                          "Total Cost": 45479.1,
                          "Plan Rows": 66890,
                          "Plan Width": 4,
                          "Actual Startup Time": 104.938,
                          "Actual Total Time": 104.939,
                          "Actual Rows": 42386,
                          "Actual Loops": 4,
                          "Hash Buckets": 524288,
                          "Original Hash Buckets": 524288,
                          "Hash Batches": 1,
                          "Original Hash Batches": 1,
                          "Peak Memory Usage": 10784,
                          "Plans": [
                            {
                              "Node Type": "Seq Scan",
                              "Parent Relationship": "Outer",
                              "Parallel Aware": true,
                              "Relation Name": "title",
                              "Alias": "t",
                              "Startup Cost": 0.0,
                              "Total Cost": 45479.1,
                              "Plan Rows": 66890,
                              "Plan Width": 4,
                              "Actual Startup Time": 0.038,
                              "Actual Total Time": 88.68,
                              "Actual Rows": 42386,
                              "Actual Loops": 4,
                              "Filter": "((production_year < 1976) AND (kind_id = 7))",
                              "Rows Removed by Filter": 589692
                            }
                          ]
                        }
                      ]
                    },
                    {
                      "Node Type": "Index Only Scan",
                      "Parent Relationship": "Inner",
                      "Parallel Aware": false,
                      "Scan Direction": "Forward",
                      "Index Name": "movie_id_movie_info",
                      "Relation Name": "movie_info",
                      "Alias": "mi",
                      "Startup Cost": 0.43,
                      "Total Cost": 4.4,
                      "Plan Rows": 42,
                      "Plan Width": 4,
                      "Actual Startup Time": 0.009,
                      "Actual Total Time": 0.023,
                      "Actual Rows": 9,
                      "Actual Loops": 1252,
                      "Index Cond": "(movie_id = t.id)",
                      "Rows Removed by Index Recheck": 0,
                      "Heap Fetches": 10649
                    }
                  ]
                }
              ]
            }
          ]
        }
      ]
    },
    "Planning Time": 1.423,
    "Triggers": [],
    "Execution Time": 170.842
  }
]