[
  {
    "Plan": {
      "Node Type": "Aggregate",
      "Strategy": "Plain",
      "Partial Mode": "Finalize",
      "Parallel Aware": false,
      "Startup Cost": 154355.08,
      "Total Cost": 154355.09,
      "Plan Rows": 1,
      "Plan Width": 8,
      "Actual Startup Time": 419.531,
      "Actual Total Time": 432.154,
      "Actual Rows": 1,
      "Actual Loops": 1,
      "Plans": [
        {
          "Node Type": "Gather",
          "Parent Relationship": "Outer",
          "Parallel Aware": false,
          "Startup Cost": 154354.66,
          "Total Cost": 154355.07,
          "Plan Rows": 4,
          "Plan Width": 8,
          "Actual Startup Time": 412.858,
          "Actual Total Time": 432.144,
          "Actual Rows": 5,
          "Actual Loops": 1,
          "Workers Planned": 4,
          "Workers Launched": 4,
          "Single Copy": false,
          "Plans": [
            {
              "Node Type": "Aggregate",
              "Strategy": "Plain",
              "Partial Mode": "Partial",
              "Parent Relationship": "Outer",
              "Parallel Aware": false,
              "Startup Cost": 153354.66,
              "Total Cost": 153354.67,
              "Plan Rows": 1,
              "Plan Width": 8,
              "Actual Startup Time": 402.681,
              "Actual Total Time": 402.685,
              "Actual Rows": 1,
              "Actual Loops": 5,
              "Plans": [
                {
                  "Node Type": "Nested Loop",
                  "Parent Relationship": "Outer",
                  "Parallel Aware": false,
                  "Join Type": "Inner",
                  "Startup Cost": 35013.89,
                  "Total Cost": 153346.43,
                  "Plan Rows": 3291,
                  "Plan Width": 0,
                  "Actual Startup Time": 147.59,
                  "Actual Total Time": 397.274,
                  "Actual Rows": 107808,
                  "Actual Loops": 5,
                  "Inner Unique": true,
                  "Plans": [
                    {
                      "Node Type": "Hash Join",
                      "Parent Relationship": "Outer",
                      "Parallel Aware": true,
                      "Join Type": "Inner",
                      "Startup Cost": 35013.46,
                      "Total Cost": 141067.66,
                      "Plan Rows": 17133,
                      "Plan Width": 8,
                      "Actual Startup Time": 147.43,
                      "Actual Total Time": 172.109,
                      "Actual Rows": 107808,
                      "Actual Loops": 5,
                      "Inner Unique": false,
                      "Hash Cond": "(mi.movie_id = mc.movie_id)",
                      "Plans": [
                        {
                          "Node Type": "Bitmap Heap Scan",
                          "Parent Relationship": "Outer",
                          "Parallel Aware": true,
                          "Relation Name": "movie_info",
                          "Alias": "mi",
                          "Startup Cost": 902.17,
                          "Total Cost": 106838.88,
                          "Plan Rows": 12443,
                          "Plan Width": 4,
                          "Actual Startup Time": 3.216,
                          "Actual Total Time": 10.569,
                          "Actual Rows": 10053,
                          "Actual Loops": 5,
                          "Recheck Cond": "(info_type_id > 107)",
                          "Rows Removed by Index Recheck": 0,
                          "Exact Heap Blocks": 1012,
                          "Lossy Heap Blocks": 0,
                          "Plans": [
                            {
                              "Node Type": "Bitmap Index Scan",
                              "Parent Relationship": "Outer",
                              "Parallel Aware": false,
                              "Index Name": "info_type_id_movie_info",
                              "Startup Cost": 0.0,
                              "Total Cost": 889.72,
                              "Plan Rows": 49772,
                              "Plan Width": 0,
                              "Actual Startup Time": 2.61,
                              "Actual Total Time": 2.61,
                              "Actual Rows": 50267,
                              "Actual Loops": 1,
                              "Index Cond": "(info_type_id > 107)"
                            }
                          ]
                        },
                        {
                          "Node Type": "Hash",
                          "Parent Relationship": "Inner",
                          "Parallel Aware": true,
                          "Startup Cost": 31414.82,
                          "Total Cost": 31414.82,
                          "Plan Rows": 215718,
                          "Plan Width": 4,
                          "Actual Startup Time": 140.008,
                          "Actual Total Time": 140.009,
                          "Actual Rows": 182369,
                          "Actual Loops": 5,
                          "Hash Buckets": 1048576,
                          "Original Hash Buckets": 1048576,
                          "Hash Batches": 1,
                          "Original Hash Batches": 1,
                          "Peak Memory Usage": 43904,
                          "Plans": [
                            {
                              "Node Type": "Seq Scan",
                              "Parent Relationship": "Outer",
                              "Parallel Aware": true,
                              "Relation Name": "movie_companies",
                              "Alias": "mc",
                              "Startup Cost": 0.0,
                              "Total Cost": 31414.82,
                              "Plan Rows": 215718,
                              "Plan Width": 4,
                              "Actual Startup Time": 0.058,
                              "Actual Total Time": 71.9,
                              "Actual Rows": 182369,
                              "Actual Loops": 5,
                              "Filter": "((company_id < 11615) AND (company_type_id = 1))",
                              "Rows Removed by Filter": 339457
                            }
                          ]
                        }
                      ]
                    },
                    {
                      "Node Type": "Index Only Scan",
                      "Parent Relationship": "Inner",
                      "Parallel Aware": false,
                      "Scan Direction": "Forward",
                      "Index Name": "title_pkey",
                      "Relation Name": "title",
                      "Alias": "t",
                      "Startup Cost": 0.43,
                      "Total Cost": 0.72,
                      "Plan Rows": 1,
                      "Plan Width": 4,
                      "Actual Startup Time": 0.002,
                      "Actual Total Time": 0.002,
                      "Actual Rows": 1,
                      "Actual Loops": 539041,
                      "Index Cond": "(id = mc.movie_id)",
                      "Rows Removed by Index Recheck": 0,
                      "Heap Fetches": 539041
                    }
                  ]
                }
              ]
            }
          ]
        }
      ]
    },
    "Planning Time": 1.515,
    "Triggers": [],
    "Execution Time": 432.275
  }
]