[
  {
    "Plan": {
      "Node Type": "Aggregate",
      "Strategy": "Plain",
      "Partial Mode": "Finalize",
      "Parallel Aware": false,
      "Startup Cost": 44777.87,
      "Total Cost": 44777.88,
      "Plan Rows": 1,
      "Plan Width": 8,
      "Actual Startup Time": 133.161,
      "Actual Total Time": 141.118,
      "Actual Rows": 1,
      "Actual Loops": 1,
      "Plans": [
        {
          "Node Type": "Gather",
          "Parent Relationship": "Outer",
          "Parallel Aware": false,
          "Startup Cost": 44777.55,
          "Total Cost": 44777.86,
          "Plan Rows": 3,
          "Plan Width": 8,
          "Actual Startup Time": 133.061,
          "Actual Total Time": 141.112,
          "Actual Rows": 4,
          "Actual Loops": 1,
          "Workers Planned": 3,
          "Workers Launched": 3,
          "Single Copy": false,
          "Plans": [
            {
              "Node Type": "Aggregate",
              "Strategy": "Plain",
              "Partial Mode": "Partial",
              "Parent Relationship": "Outer",
              "Parallel Aware": false,
              "Startup Cost": 43777.55,
              "Total Cost": 43777.56,
              "Plan Rows": 1,
              "Plan Width": 8,
              "Actual Startup Time": 126.753,
              "Actual Total Time": 126.754,
              "Actual Rows": 1,
              "Actual Loops": 4,
              "Plans": [
                {
                  "Node Type": "Seq Scan",
                  "Parent Relationship": "Outer",
                  "Parallel Aware": true,
                  "Relation Name": "movie_keyword",
                  "Alias": "mk",
                  "Startup Cost": 0.0,
                  "Total Cost": 42695.65,
                  "Plan Rows": 432758,
                  "Plan Width": 0,
                  "Actual Startup Time": 1.707,
                  "Actual Total Time": 109.094,
                  "Actual Rows": 337030,
                  "Actual Loops": 4,
                  "Filter": "(keyword_id > 12608)",
                  "Rows Removed by Filter": 793952
                }
              ]
            }
          ]
        }
      ]
    },
    "Planning Time": 0.129,
    "Triggers": [],
    "Execution Time": 141.156
  }
]