[
  {
    "Plan": {
      "Node Type": "Aggregate",
      "Strategy": "Plain",
      "Partial Mode": "Finalize",
      "Parallel Aware": false,
      "Startup Cost": 241534.5,
      "Total Cost": 241534.51,
      "Plan Rows": 1,
      "Plan Width": 8,
      "Actual Startup Time": 213.538,
      "Actual Total Time": 226.168,
      "Actual Rows": 1,
      "Actual Loops": 1,
      "Plans": [
        {
          "Node Type": "Gather",
          "Parent Relationship": "Outer",
          "Parallel Aware": false,
          "Startup Cost": 241533.98,
          "Total Cost": 241534.49,
          "Plan Rows": 5,
          "Plan Width": 8,
          "Actual Startup Time": 212.718,
          "Actual Total Time": 226.157,
          "Actual Rows": 6,
          "Actual Loops": 1,
          "Workers Planned": 5,
          "Workers Launched": 5,
          "Single Copy": false,
          "Plans": [
            {
              "Node Type": "Aggregate",
              "Strategy": "Plain",
              "Partial Mode": "Partial",
              "Parent Relationship": "Outer",
              "Parallel Aware": false,
              "Startup Cost": 240533.98,
              "Total Cost": 240533.99,
              "Plan Rows": 1,
              "Plan Width": 8,
              "Actual Startup Time": 204.88,
              "Actual Total Time": 204.883,
              "Actual Rows": 1,
              "Actual Loops": 6,
              "Plans": [
                {
                  "Node Type": "Hash Join",
                  "Parent Relationship": "Outer",
                  "Parallel Aware": true,
                  "Join Type": "Inner",
                  "Startup Cost": 73822.22,
                  "Total Cost": 240497.78,
                  "Plan Rows": 14480,
                  "Plan Width": 0,
                  "Actual Startup Time": 129.648,
                  "Actual Total Time": 204.527,
                  "Actual Rows": 3513,
                  "Actual Loops": 6,
                  "Inner Unique": true,
                  "Hash Cond": "(mi.movie_id = t.id)",
                  "Plans": [
                    {
                      "Node Type": "Bitmap Heap Scan",
                      "Parent Relationship": "Outer",
                      "Parallel Aware": true,
                      "Relation Name": "movie_info",
                      "Alias": "mi",
                      "Startup Cost": 27973.07,
                      "Total Cost": 193835.95,
                      "Plan Rows": 309591,
                      "Plan Width": 4,
                      "Actual Startup Time": 43.511,
                      "Actual Total Time": 79.641,
                      "Actual Rows": 255652,
                      "Actual Loops": 6,
                      "Recheck Cond": "(info_type_id = 3)",
                      "Rows Removed by Index Recheck": 0,
                      "Exact Heap Blocks": 2462,
                      "Lossy Heap Blocks": 0,
                      "Plans": [
                        {
                          "Node Type": "Bitmap Index Scan",
                          "Parent Relationship": "Outer",
                          "Parallel Aware": false,
                          "Index Name": "info_type_id_movie_info",
                          "Startup Cost": 0.0,
                          "Total Cost": 27586.08,
                          "Plan Rows": 1547953,
                          "Plan Width": 0,
                          "Actual Startup Time": 41.964,
                          "Actual Total Time": 41.964,
                          "Actual Rows": 1533909,
                          "Actual Loops": 1,
                          "Index Cond": "(info_type_id = 3)"
                        }
                      ]
                    },
                    {
                      "Node Type": "Hash",
                      "Parent Relationship": "Inner",
                      "Parallel Aware": true,
                      "Startup Cost": 45479.59,
                      "Total Cost": 45479.59,
                      "Plan Rows": 29565,
                      "Plan Width": 4,
                      "Actual Startup Time": 84.812,
                      "Actual Total Time": 84.813,
                      "Actual Rows": 20791,
                      "Actual Loops": 6,
                      "Hash Buckets": 131072,
                      "Original Hash Buckets": 131072,
                      "Hash Batches": 1,
                      "Original Hash Batches": 1,
                      "Peak Memory Usage": 5952,
                      "Plans": [
                        {
                          "Node Type": "Seq Scan",
                          "Parent Relationship": "Outer",
                          "Parallel Aware": true,
                          "Relation Name": "title",
                          "Alias": "t",
                          "Startup Cost": 0.0,
                          "Total Cost": 45479.59,
                          "Plan Rows": 29565,
                          "Plan Width": 4,
                          "Actual Startup Time": 0.043,
                          "Actual Total Time": 76.052,
                          "Actual Rows": 20791,
                          "Actual Loops": 6,
                          "Filter": "((kind_id > 1) AND (production_year = 2012))",
                          "Rows Removed by Filter": 400594
                        }
                      ]
                    }
                  ]
                }
              ]
            }
          ]
        }
      ]
    },
    "Planning Time": 0.367,
    "Triggers": [],
    "Execution Time": 226.24
  }
]