[
    {
        "Bao": {
            "Bao prediction": "NaN",
            "Bao recommended hint": "(no hint)"
        }
    },
    {
        "Plan": {
            "Node Type": "Aggregate",
            "Strategy": "Plain",
            "Partial Mode": "Finalize",
            "Parallel Aware": false,
            "Startup Cost": 33334.33,
            "Total Cost": 33334.34,
            "Plan Rows": 1,
            "Plan Width": 8,
            "Actual Startup Time": 98.41,
            "Actual Total Time": 102.145,
            "Actual Rows": 1,
            "Actual Loops": 1,
            "Output": [
                "count(*)"
            ],
            "Plans": [
                {
                    "Node Type": "Gather",
                    "Parent Relationship": "Outer",
                    "Parallel Aware": false,
                    "Startup Cost": 33334.01,
                    "Total Cost": 33334.32,
                    "Plan Rows": 3,
                    "Plan Width": 8,
                    "Actual Startup Time": 98.311,
                    "Actual Total Time": 102.139,
                    "Actual Rows": 4,
                    "Actual Loops": 1,
                    "Output": [
                        "(PARTIAL count(*))"
                    ],
                    "Workers Planned": 3,
                    "Workers Launched": 3,
                    "Single Copy": false,
                    "Plans": [
                        {
                            "Node Type": "Aggregate",
                            "Strategy": "Plain",
                            "Partial Mode": "Partial",
                            "Parent Relationship": "Outer",
                            "Parallel Aware": false,
                            "Startup Cost": 32334.01,
                            "Total Cost": 32334.02,
                            "Plan Rows": 1,
                            "Plan Width": 8,
                            "Actual Startup Time": 90.35,
                            "Actual Total Time": 90.351,
                            "Actual Rows": 1,
                            "Actual Loops": 4,
                            "Output": [
                                "PARTIAL count(*)"
                            ],
                            "Workers": [
                                {
                                    "Worker Number": 0,
                                    "Actual Startup Time": 87.698,
                                    "Actual Total Time": 87.7,
                                    "Actual Rows": 1,
                                    "Actual Loops": 1
                                },
                                {
                                    "Worker Number": 1,
                                    "Actual Startup Time": 87.83,
                                    "Actual Total Time": 87.832,
                                    "Actual Rows": 1,
                                    "Actual Loops": 1
                                },
                                {
                                    "Worker Number": 2,
                                    "Actual Startup Time": 87.963,
                                    "Actual Total Time": 87.964,
                                    "Actual Rows": 1,
                                    "Actual Loops": 1
                                }
                            ],
                            "Plans": [
                                {
                                    "Node Type": "Seq Scan",
                                    "Parent Relationship": "Outer",
                                    "Parallel Aware": true,
                                    "Relation Name": "movie_companies",
                                    "Schema": "public",
                                    "Alias": "mc",
                                    "Startup Cost": 0.0,
                                    "Total Cost": 31414.82,
                                    "Plan Rows": 367676,
                                    "Plan Width": 0,
                                    "Actual Startup Time": 43.752,
                                    "Actual Total Time": 77.843,
                                    "Actual Rows": 312291,
                                    "Actual Loops": 4,
                                    "Output": [
                                        "id",
                                        "movie_id",
                                        "company_id",
                                        "company_type_id",
                                        "note"
                                    ],
                                    "Filter": "((mc.company_id > 197) AND (mc.company_type_id = 2))",
                                    "Rows Removed by Filter": 339992,
                                    "Workers": [
                                        {
                                            "Worker Number": 0,
                                            "Actual Startup Time": 41.103,
                                            "Actual Total Time": 75.382,
                                            "Actual Rows": 302652,
                                            "Actual Loops": 1
                                        },
                                        {
                                            "Worker Number": 1,
                                            "Actual Startup Time": 41.234,
                                            "Actual Total Time": 75.593,
                                            "Actual Rows": 300980,
                                            "Actual Loops": 1
                                        },
                                        {
                                            "Worker Number": 2,
                                            "Actual Startup Time": 41.367,
                                            "Actual Total Time": 75.663,
                                            "Actual Rows": 303078,
                                            "Actual Loops": 1
                                        }
                                    ]
                                }
                            ]
                        }
                    ]
                }
            ]
        },
        "Planning Time": 210.204,
        "Triggers": [],
        "Execution Time": 102.201
    }
]