[
    {
        "Bao": {
            "Bao prediction": "NaN",
            "Bao recommended hint": "(no hint)"
        }
    },
    {
        "Plan": {
            "Node Type": "Aggregate",
            "Strategy": "Plain",
            "Partial Mode": "Finalize",
            "Parallel Aware": false,
            "Startup Cost": 42273.99,
            "Total Cost": 42274.0,
            "Plan Rows": 1,
            "Plan Width": 8,
            "Actual Startup Time": 128.595,
            "Actual Total Time": 135.832,
            "Actual Rows": 1,
            "Actual Loops": 1,
            "Output": [
                "count(*)"
            ],
            "Plans": [
                {
                    "Node Type": "Gather",
                    "Parent Relationship": "Outer",
                    "Parallel Aware": false,
                    "Startup Cost": 42273.68,
                    "Total Cost": 42273.99,
                    "Plan Rows": 3,
                    "Plan Width": 8,
                    "Actual Startup Time": 128.359,
                    "Actual Total Time": 135.824,
                    "Actual Rows": 4,
                    "Actual Loops": 1,
                    "Output": [
                        "(PARTIAL count(*))"
                    ],
                    "Workers Planned": 3,
                    "Workers Launched": 3,
                    "Single Copy": false,
                    "Plans": [
                        {
                            "Node Type": "Aggregate",
                            "Strategy": "Plain",
                            "Partial Mode": "Partial",
                            "Parent Relationship": "Outer",
                            "Parallel Aware": false,
                            "Startup Cost": 41273.68,
                            "Total Cost": 41273.69,
                            "Plan Rows": 1,
                            "Plan Width": 8,
                            "Actual Startup Time": 119.832,
                            "Actual Total Time": 119.834,
                            "Actual Rows": 1,
                            "Actual Loops": 4,
                            "Output": [
                                "PARTIAL count(*)"
                            ],
                            "Workers": [
                                {
                                    "Worker Number": 0,
                                    "Actual Startup Time": 116.928,
                                    "Actual Total Time": 116.929,
                                    "Actual Rows": 1,
                                    "Actual Loops": 1
                                },
                                {
                                    "Worker Number": 1,
                                    "Actual Startup Time": 116.99,
                                    "Actual Total Time": 116.991,
                                    "Actual Rows": 1,
                                    "Actual Loops": 1
                                },
                                {
                                    "Worker Number": 2,
                                    "Actual Startup Time": 117.299,
                                    "Actual Total Time": 117.301,
                                    "Actual Rows": 1,
                                    "Actual Loops": 1
                                }
                            ],
                            "Plans": [
                                {
                                    "Node Type": "Bitmap Heap Scan",
                                    "Parent Relationship": "Outer",
                                    "Parallel Aware": true,
                                    "Relation Name": "movie_keyword",
                                    "Schema": "public",
                                    "Alias": "mk",
                                    "Startup Cost": 13695.82,
                                    "Total Cost": 40753.03,
                                    "Plan Rows": 208257,
                                    "Plan Width": 0,
                                    "Actual Startup Time": 35.295,
                                    "Actual Total Time": 111.508,
                                    "Actual Rows": 157890,
                                    "Actual Loops": 4,
                                    "Recheck Cond": "(mk.keyword_id > 29033)",
                                    "Rows Removed by Index Recheck": 0,
                                    "Exact Heap Blocks": 9616,
                                    "Lossy Heap Blocks": 0,
                                    "Workers": [
                                        {
                                            "Worker Number": 0,
                                            "Actual Startup Time": 32.548,
                                            "Actual Total Time": 109.152,
                                            "Actual Rows": 126746,
                                            "Actual Loops": 1
                                        },
                                        {
                                            "Worker Number": 1,
                                            "Actual Startup Time": 32.516,
                                            "Actual Total Time": 109.336,
                                            "Actual Rows": 125905,
                                            "Actual Loops": 1
                                        },
                                        {
                                            "Worker Number": 2,
                                            "Actual Startup Time": 32.803,
                                            "Actual Total Time": 109.795,
                                            "Actual Rows": 120545,
                                            "Actual Loops": 1
                                        }
                                    ],
                                    "Plans": [
                                        {
                                            "Node Type": "Bitmap Index Scan",
                                            "Parent Relationship": "Outer",
                                            "Parallel Aware": false,
                                            "Index Name": "keyword_id_movie_keyword",
                                            "Startup Cost": 0.0,
                                            "Total Cost": 13534.42,
                                            "Plan Rows": 645598,
                                            "Plan Width": 0,
                                            "Actual Startup Time": 39.653,
                                            "Actual Total Time": 39.654,
                                            "Actual Rows": 631561,
                                            "Actual Loops": 1,
                                            "Index Cond": "(mk.keyword_id > 29033)"
                                        }
                                    ]
                                }
                            ]
                        }
                    ]
                }
            ]
        },
        "Planning Time": 189.534,
        "Triggers": [],
        "Execution Time": 135.885
    }
]