[
  {
    "Plan": {
      "Node Type": "Aggregate",
      "Strategy": "Plain",
      "Partial Mode": "Finalize",
      "Parallel Aware": false,
      "Startup Cost": 12128.25,
      "Total Cost": 12128.26,
      "Plan Rows": 1,
      "Plan Width": 8,
      "Actual Startup Time": 28.505,
      "Actual Total Time": 35.195,
      "Actual Rows": 1,
      "Actual Loops": 1,
      "Plans": [
        {
          "Node Type": "Gather",
          "Parent Relationship": "Outer",
          "Parallel Aware": false,
          "Startup Cost": 12128.14,
          "Total Cost": 12128.25,
          "Plan Rows": 1,
          "Plan Width": 8,
          "Actual Startup Time": 28.323,
          "Actual Total Time": 35.19,
          "Actual Rows": 2,
          "Actual Loops": 1,
          "Workers Planned": 1,
          "Workers Launched": 1,
          "Single Copy": false,
          "Plans": [
            {
              "Node Type": "Aggregate",
              "Strategy": "Plain",
              "Partial Mode": "Partial",
              "Parent Relationship": "Outer",
              "Parallel Aware": false,
              "Startup Cost": 11128.14,
              "Total Cost": 11128.15,
              "Plan Rows": 1,
              "Plan Width": 8,
              "Actual Startup Time": 25.878,
              "Actual Total Time": 25.879,
              "Actual Rows": 1,
              "Actual Loops": 2,
              "Plans": [
                {
                  "Node Type": "Nested Loop",
                  "Parent Relationship": "Outer",
                  "Parallel Aware": false,
                  "Join Type": "Inner",
                  "Startup Cost": 43.48,
                  "Total Cost": 11121.18,
                  "Plan Rows": 2784,
                  "Plan Width": 0,
                  "Actual Startup Time": 2.901,
                  "Actual Total Time": 25.689,
                  "Actual Rows": 2469,
                  "Actual Loops": 2,
                  "Inner Unique": false,
                  "Plans": [
                    {
                      "Node Type": "Nested Loop",
                      "Parent Relationship": "Outer",
                      "Parallel Aware": false,
                      "Join Type": "Inner",
                      "Startup Cost": 42.92,
                      "Total Cost": 10018.41,
                      "Plan Rows": 554,
                      "Plan Width": 8,
                      "Actual Startup Time": 2.638,
                      "Actual Total Time": 5.504,
                      "Actual Rows": 372,
                      "Actual Loops": 2,
                      "Inner Unique": true,
                      "Plans": [
                        {
                          "Node Type": "Bitmap Heap Scan",
                          "Parent Relationship": "Outer",
                          "Parallel Aware": true,
                          "Relation Name": "movie_companies",
                          "Alias": "mc",
                          "Startup Cost": 42.49,
                          "Total Cost": 5474.93,
                          "Plan Rows": 554,
                          "Plan Width": 4,
                          "Actual Startup Time": 2.563,
                          "Actual Total Time": 3.102,
                          "Actual Rows": 372,
                          "Actual Loops": 2,
                          "Recheck Cond": "(company_id < 6)",
                          "Rows Removed by Index Recheck": 0,
                          "Filter": "(company_type_id = 2)",
                          "Rows Removed by Filter": 1984,
                          "Exact Heap Blocks": 1756,
                          "Lossy Heap Blocks": 0,
                          "Plans": [
                            {
                              "Node Type": "Bitmap Index Scan",
                              "Parent Relationship": "Outer",
                              "Parallel Aware": false,
                              "Index Name": "company_id_movie_companies",
                              "Startup Cost": 0.0,
                              "Total Cost": 42.25,
                              "Plan Rows": 1843,
                              "Plan Width": 0,
                              "Actual Startup Time": 0.991,
                              "Actual Total Time": 0.991,
                              "Actual Rows": 4712,
                              "Actual Loops": 1,
                              "Index Cond": "(company_id < 6)"
                            }
                          ]
                        },
                        {
                          "Node Type": "Index Only Scan",
                          "Parent Relationship": "Inner",
                          "Parallel Aware": false,
                          "Scan Direction": "Forward",
                          "Index Name": "title_pkey",
                          "Relation Name": "title",
                          "Alias": "t",
                          "Startup Cost": 0.43,
                          "Total Cost": 8.2,
                          "Plan Rows": 1,
                          "Plan Width": 4,
                          "Actual Startup Time": 0.006,
                          "Actual Total Time": 0.006,
                          "Actual Rows": 1,
                          "Actual Loops": 743,
                          "Index Cond": "(id = mc.movie_id)",
                          "Rows Removed by Index Recheck": 0,
                          "Heap Fetches": 743
                        }
                      ]
                    },
                    {
                      "Node Type": "Index Scan",
                      "Parent Relationship": "Inner",
                      "Parallel Aware": false,
                      "Scan Direction": "Forward",
                      "Index Name": "movie_id_cast_info",
                      "Relation Name": "cast_info",
                      "Alias": "ci",
                      "Startup Cost": 0.56,
                      "Total Cost": 1.87,
                      "Plan Rows": 12,
                      "Plan Width": 4,
                      "Actual Startup Time": 0.011,
                      "Actual Total Time": 0.053,
                      "Actual Rows": 7,
                      "Actual Loops": 743,
                      "Index Cond": "(movie_id = t.id)",
                      "Rows Removed by Index Recheck": 0,
                      "Filter": "(role_id < 2)",
                      "Rows Removed by Filter": 18
                    }
                  ]
                }
              ]
            }
          ]
        }
      ]
    },
    "Planning Time": 0.766,
    "Triggers": [],
    "Execution Time": 35.242
  }
]