[
  {
    "Plan": {
      "Node Type": "Aggregate",
      "Strategy": "Plain",
      "Partial Mode": "Finalize",
      "Parallel Aware": false,
      "Startup Cost": 92054.65,
      "Total Cost": 92054.66,
      "Plan Rows": 1,
      "Plan Width": 8,
      "Actual Startup Time": 250.019,
      "Actual Total Time": 274.222,
      "Actual Rows": 1,
      "Actual Loops": 1,
      "Plans": [
        {
          "Node Type": "Gather",
          "Parent Relationship": "Outer",
          "Parallel Aware": false,
          "Startup Cost": 92054.33,
          "Total Cost": 92054.64,
          "Plan Rows": 3,
          "Plan Width": 8,
          "Actual Startup Time": 249.706,
          "Actual Total Time": 274.215,
          "Actual Rows": 4,
          "Actual Loops": 1,
          "Workers Planned": 3,
          "Workers Launched": 3,
          "Single Copy": false,
          "Plans": [
            {
              "Node Type": "Aggregate",
              "Strategy": "Plain",
              "Partial Mode": "Partial",
              "Parent Relationship": "Outer",
              "Parallel Aware": false,
              "Startup Cost": 91054.33,
              "Total Cost": 91054.34,
              "Plan Rows": 1,
              "Plan Width": 8,
              "Actual Startup Time": 246.285,
              "Actual Total Time": 246.288,
              "Actual Rows": 1,
              "Actual Loops": 4,
              "Plans": [
                {
                  "Node Type": "Hash Join",
                  "Parent Relationship": "Outer",
                  "Parallel Aware": true,
                  "Join Type": "Inner",
                  "Startup Cost": 45585.19,
                  "Total Cost": 91019.47,
                  "Plan Rows": 13944,
                  "Plan Width": 0,
                  "Actual Startup Time": 92.423,
                  "Actual Total Time": 246.165,
                  "Actual Rows": 2332,
                  "Actual Loops": 4,
                  "Inner Unique": true,
                  "Hash Cond": "(mk.movie_id = t.id)",
                  "Plans": [
                    {
                      "Node Type": "Seq Scan",
                      "Parent Relationship": "Outer",
                      "Parallel Aware": true,
                      "Relation Name": "movie_keyword",
                      "Alias": "mk",
                      "Startup Cost": 0.0,
                      "Total Cost": 42695.65,
                      "Plan Rows": 1043288,
                      "Plan Width": 4,
                      "Actual Startup Time": 0.026,
                      "Actual Total Time": 103.605,
                      "Actual Rows": 809022,
                      "Actual Loops": 4,
                      "Filter": "(keyword_id < 13732)",
                      "Rows Removed by Filter": 321961
                    },
                    {
                      "Node Type": "Hash",
                      "Parent Relationship": "Inner",
                      "Parallel Aware": true,
                      "Startup Cost": 45479.59,
                      "Total Cost": 45479.59,
                      "Plan Rows": 8448,
                      "Plan Width": 4,
                      "Actual Startup Time": 91.514,
                      "Actual Total Time": 91.515,
                      "Actual Rows": 9021,
                      "Actual Loops": 4,
                      "Hash Buckets": 65536,
                      "Original Hash Buckets": 65536,
                      "Hash Batches": 1,
                      "Original Hash Batches": 1,
                      "Peak Memory Usage": 1984,
                      "Plans": [
                        {
                          "Node Type": "Seq Scan",
                          "Parent Relationship": "Outer",
                          "Parallel Aware": true,
                          "Relation Name": "title",
                          "Alias": "t",
                          "Startup Cost": 0.0,
                          "Total Cost": 45479.59,
                          "Plan Rows": 8448,
                          "Plan Width": 4,
                          "Actual Startup Time": 0.025,
                          "Actual Total Time": 87.744,
                          "Actual Rows": 9021,
                          "Actual Loops": 4,
                          "Filter": "((kind_id > 4) AND (production_year = 2000))",
                          "Rows Removed by Filter": 623057
                        }
                      ]
                    }
                  ]
                }
              ]
            }
          ]
        }
      ]
    },
    "Planning Time": 0.311,
    "Triggers": [],
    "Execution Time": 274.266
  }
]