[
  {
    "Plan": {
      "Node Type": "Aggregate",
      "Strategy": "Plain",
      "Partial Mode": "Finalize",
      "Parallel Aware": false,
      "Startup Cost": 121856.45,
      "Total Cost": 121856.46,
      "Plan Rows": 1,
      "Plan Width": 8,
      "Actual Startup Time": 608.049,
      "Actual Total Time": 658.593,
      "Actual Rows": 1,
      "Actual Loops": 1,
      "Plans": [
        {
          "Node Type": "Gather",
          "Parent Relationship": "Outer",
          "Parallel Aware": false,
          "Startup Cost": 121856.14,
          "Total Cost": 121856.45,
          "Plan Rows": 3,
          "Plan Width": 8,
          "Actual Startup Time": 607.453,
          "Actual Total Time": 658.584,
          "Actual Rows": 4,
          "Actual Loops": 1,
          "Workers Planned": 3,
          "Workers Launched": 3,
          "Single Copy": false,
          "Plans": [
            {
              "Node Type": "Aggregate",
              "Strategy": "Plain",
              "Partial Mode": "Partial",
              "Parent Relationship": "Outer",
              "Parallel Aware": false,
              "Startup Cost": 120856.14,
              "Total Cost": 120856.15,
              "Plan Rows": 1,
              "Plan Width": 8,
              "Actual Startup Time": 604.464,
              "Actual Total Time": 604.467,
              "Actual Rows": 1,
              "Actual Loops": 4,
              "Plans": [
                {
                  "Node Type": "Nested Loop",
                  "Parent Relationship": "Outer",
                  "Parallel Aware": false,
                  "Join Type": "Inner",
                  "Startup Cost": 45648.7,
                  "Total Cost": 120718.3,
                  "Plan Rows": 55136,
                  "Plan Width": 0,
                  "Actual Startup Time": 80.861,
                  "Actual Total Time": 591.004,
                  "Actual Rows": 288753,
                  "Actual Loops": 4,
                  "Inner Unique": false,
                  "Join Filter": "(t.id = ci.movie_id)",
                  "Rows Removed by Join Filter": 0,
                  "Plans": [
                    {
                      "Node Type": "Hash Join",
                      "Parent Relationship": "Outer",
                      "Parallel Aware": true,
                      "Join Type": "Inner",
                      "Startup Cost": 45648.14,
                      "Total Cost": 90022.66,
                      "Plan Rows": 13644,
                      "Plan Width": 8,
                      "Actual Startup Time": 80.391,
                      "Actual Total Time": 209.799,
                      "Actual Rows": 7752,
                      "Actual Loops": 4,
                      "Inner Unique": true,
                      "Hash Cond": "(mk.movie_id = t.id)",
                      "Plans": [
                        {
                          "Node Type": "Seq Scan",
                          "Parent Relationship": "Outer",
                          "Parallel Aware": true,
                          "Relation Name": "movie_keyword",
                          "Alias": "mk",
                          "Startup Cost": 0.0,
                          "Total Cost": 42695.65,
                          "Plan Rows": 639571,
                          "Plan Width": 4,
                          "Actual Startup Time": 0.322,
                          "Actual Total Time": 91.264,
                          "Actual Rows": 493864,
                          "Actual Loops": 4,
                          "Filter": "(keyword_id > 6418)",
                          "Rows Removed by Filter": 637118
                        },
                        {
                          "Node Type": "Hash",
                          "Parent Relationship": "Inner",
                          "Parallel Aware": true,
                          "Startup Cost": 45479.59,
                          "Total Cost": 45479.59,
                          "Plan Rows": 13484,
                          "Plan Width": 4,
                          "Actual Startup Time": 79.592,
                          "Actual Total Time": 79.592,
                          "Actual Rows": 12086,
                          "Actual Loops": 4,
                          "Hash Buckets": 65536,
                          "Original Hash Buckets": 65536,
                          "Hash Batches": 1,
                          "Original Hash Batches": 1,
                          "Peak Memory Usage": 2464,
                          "Plans": [
                            {
                              "Node Type": "Seq Scan",
                              "Parent Relationship": "Outer",
                              "Parallel Aware": true,
                              "Relation Name": "title",
                              "Alias": "t",
                              "Startup Cost": 0.0,
                              "Total Cost": 45479.59,
                              "Plan Rows": 13484,
                              "Plan Width": 4,
                              "Actual Startup Time": 0.059,
                              "Actual Total Time": 76.057,
                              "Actual Rows": 12086,
                              "Actual Loops": 4,
                              "Filter": "((kind_id < 4) AND (production_year = 2012))",
                              "Rows Removed by Filter": 619992
                            }
                          ]
                        }
                      ]
                    },
                    {
                      "Node Type": "Index Scan",
                      "Parent Relationship": "Inner",
                      "Parallel Aware": false,
                      "Scan Direction": "Forward",
                      "Index Name": "movie_id_cast_info",
                      "Relation Name": "cast_info",
                      "Alias": "ci",
                      "Startup Cost": 0.56,
                      "Total Cost": 2.12,
                      "Plan Rows": 10,
                      "Plan Width": 4,
                      "Actual Startup Time": 0.024,
                      "Actual Total Time": 0.046,
                      "Actual Rows": 37,
                      "Actual Loops": 31006,
                      "Index Cond": "(movie_id = mk.movie_id)",
                      "Rows Removed by Index Recheck": 0,
                      "Filter": "((person_id > 1306710) AND (role_id > 2))",
                      "Rows Removed by Filter": 45
                    }
                  ]
                }
              ]
            }
          ]
        }
      ]
    },
    "Planning Time": 0.524,
    "Triggers": [],
    "Execution Time": 658.667
  }
]