[
  {
    "Plan": {
      "Node Type": "Aggregate",
      "Strategy": "Plain",
      "Partial Mode": "Finalize",
      "Parallel Aware": false,
      "Startup Cost": 489075.4,
      "Total Cost": 489075.41,
      "Plan Rows": 1,
      "Plan Width": 96,
      "Actual Startup Time": 2802.126,
      "Actual Total Time": 2950.623,
      "Actual Rows": 1,
      "Actual Loops": 1,
      "Plans": [
        {
          "Node Type": "Gather",
          "Parent Relationship": "Outer",
          "Parallel Aware": false,
          "Startup Cost": 489074.96,
          "Total Cost": 489075.37,
          "Plan Rows": 4,
          "Plan Width": 96,
          "Actual Startup Time": 2801.729,
          "Actual Total Time": 2950.609,
          "Actual Rows": 5,
          "Actual Loops": 1,
          "Workers Planned": 4,
          "Workers Launched": 4,
          "Single Copy": false,
          "Plans": [
            {
              "Node Type": "Aggregate",
              "Strategy": "Plain",
              "Partial Mode": "Partial",
              "Parent Relationship": "Outer",
              "Parallel Aware": false,
              "Startup Cost": 488074.96,
              "Total Cost": 488074.97,
              "Plan Rows": 1,
              "Plan Width": 96,
              "Actual Startup Time": 2790.883,
              "Actual Total Time": 2790.896,
              "Actual Rows": 1,
              "Actual Loops": 5,
              "Plans": [
                {
                  "Node Type": "Hash Join",
                  "Parent Relationship": "Outer",
                  "Parallel Aware": true,
                  "Join Type": "Inner",
                  "Startup Cost": 443062.39,
                  "Total Cost": 488074.95,
                  "Plan Rows": 1,
                  "Plan Width": 48,
                  "Actual Startup Time": 2633.585,
                  "Actual Total Time": 2790.788,
                  "Actual Rows": 94,
                  "Actual Loops": 5,
                  "Inner Unique": false,
                  "Hash Cond": "(t.id = mk.movie_id)",
                  "Plans": [
                    {
                      "Node Type": "Seq Scan",
                      "Parent Relationship": "Outer",
                      "Parallel Aware": true,
                      "Relation Name": "title",
                      "Alias": "t",
                      "Startup Cost": 0.0,
                      "Total Cost": 43898.62,
                      "Plan Rows": 297049,
                      "Plan Width": 21,
                      "Actual Startup Time": 0.048,
                      "Actual Total Time": 130.573,
                      "Actual Rows": 238504,
                      "Actual Loops": 5,
                      "Filter": "(production_year > 2003)",
                      "Rows Removed by Filter": 267159
                    },
                    {
                      "Node Type": "Hash",
                      "Parent Relationship": "Inner",
                      "Parallel Aware": true,
                      "Startup Cost": 443062.38,
                      "Total Cost": 443062.38,
                      "Plan Rows": 1,
                      "Plan Width": 39,
                      "Actual Startup Time": 2629.125,
                      "Actual Total Time": 2629.137,
                      "Actual Rows": 196,
                      "Actual Loops": 5,
                      "Hash Buckets": 1024,
                      "Original Hash Buckets": 1024,
                      "Hash Batches": 1,
                      "Original Hash Batches": 1,
                      "Peak Memory Usage": 168,
                      "Plans": [
                        {
                          "Node Type": "Hash Join",
                          "Parent Relationship": "Outer",
                          "Parallel Aware": true,
                          "Join Type": "Inner",
                          "Startup Cost": 114141.35,
                          "Total Cost": 443062.38,
                          "Plan Rows": 1,
                          "Plan Width": 39,
                          "Actual Startup Time": 1169.452,
                          "Actual Total Time": 2628.717,
                          "Actual Rows": 196,
                          "Actual Loops": 5,
                          "Inner Unique": false,
                          "Hash Cond": "(ci.movie_id = mk.movie_id)",
                          "Plans": [
                            {
                              "Node Type": "Hash Join",
                              "Parent Relationship": "Outer",
                              "Parallel Aware": true,
                              "Join Type": "Inner",
                              "Startup Cost": 68636.88,
                              "Total Cost": 397555.64,
                              "Plan Rows": 604,
                              "Plan Width": 19,
                              "Actual Startup Time": 296.217,
                              "Actual Total Time": 2200.525,
                              "Actual Rows": 18956,
                              "Actual Loops": 5,
                              "Inner Unique": true,
                              "Hash Cond": "(ci.person_id = n.id)",
                              "Plans": [
                                {
                                  "Node Type": "Seq Scan",
                                  "Parent Relationship": "Outer",
                                  "Parallel Aware": true,
                                  "Relation Name": "cast_info",
                                  "Alias": "ci",
                                  "Startup Cost": 0.0,
                                  "Total Cost": 313068.58,
                                  "Plan Rows": 6038158,
                                  "Plan Width": 8,
                                  "Actual Startup Time": 0.026,
                                  "Actual Total Time": 1146.401,
                                  "Actual Rows": 7248869,
                                  "Actual Loops": 5
                                },
                                {
                                  "Node Type": "Hash",
                                  "Parent Relationship": "Inner",
                                  "Parallel Aware": true,
                                  "Startup Cost": 68635.58,
                                  "Total Cost": 68635.58,
                                  "Plan Rows": 104,
                                  "Plan Width": 19,
                                  "Actual Startup Time": 235.752,
                                  "Actual Total Time": 235.753,
                                  "Actual Rows": 2142,
                                  "Actual Loops": 5,
                                  "Hash Buckets": 16384,
                                  "Original Hash Buckets": 1024,
                                  "Hash Batches": 1,
                                  "Original Hash Batches": 1,
                                  "Peak Memory Usage": 952,
                                  "Plans": [
                                    {
                                      "Node Type": "Seq Scan",
                                      "Parent Relationship": "Outer",
                                      "Parallel Aware": true,
                                      "Relation Name": "name",
                                      "Alias": "n",
                                      "Startup Cost": 0.0,
                                      "Total Cost": 68635.58,
                                      "Plan Rows": 104,
                                      "Plan Width": 19,
                                      "Actual Startup Time": 15.906,
                                      "Actual Total Time": 211.138,
                                      "Actual Rows": 2142,
                                      "Actual Loops": 5,
                                      "Filter": "(name ~~ '%Williams,%'::text)",
                                      "Rows Removed by Filter": 831357
                                    }
                                  ]
                                }
                              ]
                            },
                            {
                              "Node Type": "Hash",
                              "Parent Relationship": "Inner",
                              "Parallel Aware": true,
                              "Startup Cost": 45504.33,
                              "Total Cost": 45504.33,
                              "Plan Rows": 11,
                              "Plan Width": 20,
                              "Actual Startup Time": 424.136,
                              "Actual Total Time": 424.139,
                              "Actual Rows": 1078,
                              "Actual Loops": 5,
                              "Hash Buckets": 8192,
                              "Original Hash Buckets": 1024,
                              "Hash Batches": 1,
                              "Original Hash Batches": 1,
                              "Peak Memory Usage": 504,
                              "Plans": [
                                {
                                  "Node Type": "Hash Join",
                                  "Parent Relationship": "Outer",
                                  "Parallel Aware": false,
                                  "Join Type": "Inner",
                                  "Startup Cost": 2626.14,
                                  "Total Cost": 45504.33,
                                  "Plan Rows": 11,
                                  "Plan Width": 20,
                                  "Actual Startup Time": 30.566,
                                  "Actual Total Time": 250.283,
                                  "Actual Rows": 1078,
                                  "Actual Loops": 5,
                                  "Inner Unique": true,
                                  "Hash Cond": "(mk.keyword_id = k.id)",
                                  "Plans": [
                                    {
                                      "Node Type": "Seq Scan",
                                      "Parent Relationship": "Outer",
                                      "Parallel Aware": true,
                                      "Relation Name": "movie_keyword",
                                      "Alias": "mk",
                                      "Startup Cost": 0.0,
                                      "Total Cost": 39047.32,
                                      "Plan Rows": 1459332,
                                      "Plan Width": 8,
                                      "Actual Startup Time": 0.069,
                                      "Actual Total Time": 129.667,
                                      "Actual Rows": 904786,
                                      "Actual Loops": 5
                                    },
                                    {
                                      "Node Type": "Hash",
                                      "Parent Relationship": "Inner",
                                      "Parallel Aware": false,
                                      "Startup Cost": 2626.12,
                                      "Total Cost": 2626.12,
                                      "Plan Rows": 1,
                                      "Plan Width": 20,
                                      "Actual Startup Time": 29.379,
                                      "Actual Total Time": 29.38,
                                      "Actual Rows": 1,
                                      "Actual Loops": 5,
                                      "Hash Buckets": 1024,
                                      "Original Hash Buckets": 1024,
                                      "Hash Batches": 1,
                                      "Original Hash Batches": 1,
                                      "Peak Memory Usage": 9,
                                      "Plans": [
                                        {
                                          "Node Type": "Seq Scan",
                                          "Parent Relationship": "Outer",
                                          "Parallel Aware": false,
                                          "Relation Name": "keyword",
                                          "Alias": "k",
                                          "Startup Cost": 0.0,
                                          "Total Cost": 2626.12,
                                          "Plan Rows": 1,
                                          "Plan Width": 20,
                                          "Actual Startup Time": 2.968,
                                          "Actual Total Time": 29.356,
                                          "Actual Rows": 1,
                                          "Actual Loops": 5,
                                          "Filter": "(keyword = 'hospital'::text)",
                                          "Rows Removed by Filter": 134169
                                        }
                                      ]
                                    }
                                  ]
                                }
                              ]
                            }
                          ]
                        }
                      ]
                    }
                  ]
                }
              ]
            }
          ]
        }
      ]
    },
    "Planning Time": 4.245,
    "Triggers": [],
    "Execution Time": 2950.938
  }
]