[
  {
    "Plan": {
      "Node Type": "Aggregate",
      "Strategy": "Plain",
      "Partial Mode": "Finalize",
      "Parallel Aware": false,
      "Startup Cost": 431180.06,
      "Total Cost": 431180.07,
      "Plan Rows": 1,
      "Plan Width": 8,
      "Actual Startup Time": 1959.558,
      "Actual Total Time": 2023.159,
      "Actual Rows": 1,
      "Actual Loops": 1,
      "Plans": [
        {
          "Node Type": "Gather",
          "Parent Relationship": "Outer",
          "Parallel Aware": false,
          "Startup Cost": 431179.43,
          "Total Cost": 431180.04,
          "Plan Rows": 6,
          "Plan Width": 8,
          "Actual Startup Time": 1946.453,
          "Actual Total Time": 2023.141,
          "Actual Rows": 7,
          "Actual Loops": 1,
          "Workers Planned": 6,
          "Workers Launched": 6,
          "Single Copy": false,
          "Plans": [
            {
              "Node Type": "Aggregate",
              "Strategy": "Plain",
              "Partial Mode": "Partial",
              "Parent Relationship": "Outer",
              "Parallel Aware": false,
              "Startup Cost": 430179.43,
              "Total Cost": 430179.44,
              "Plan Rows": 1,
              "Plan Width": 8,
              "Actual Startup Time": 1934.71,
              "Actual Total Time": 1934.996,
              "Actual Rows": 1,
              "Actual Loops": 7,
              "Plans": [
                {
                  "Node Type": "Hash Join",
                  "Parent Relationship": "Outer",
                  "Parallel Aware": true,
                  "Join Type": "Inner",
                  "Startup Cost": 72590.67,
                  "Total Cost": 427692.54,
                  "Plan Rows": 994757,
                  "Plan Width": 0,
                  "Actual Startup Time": 429.562,
                  "Actual Total Time": 1833.48,
                  "Actual Rows": 2216766,
                  "Actual Loops": 7,
                  "Inner Unique": false,
                  "Hash Cond": "(ci.movie_id = t.id)",
                  "Plans": [
                    {
                      "Node Type": "Seq Scan",
                      "Parent Relationship": "Outer",
                      "Parallel Aware": true,
                      "Relation Name": "cast_info",
                      "Alias": "ci",
                      "Startup Cost": 0.0,
                      "Total Cost": 343316.27,
                      "Plan Rows": 2037542,
                      "Plan Width": 4,
                      "Actual Startup Time": 0.038,
                      "Actual Total Time": 714.114,
                      "Actual Rows": 2130959,
                      "Actual Loops": 7,
                      "Filter": "((person_id < 1845692) AND (role_id < 4))",
                      "Rows Removed by Filter": 3046804
                    },
                    {
                      "Node Type": "Hash",
                      "Parent Relationship": "Inner",
                      "Parallel Aware": true,
                      "Startup Cost": 66161.44,
                      "Total Cost": 66161.44,
                      "Plan Rows": 514338,
                      "Plan Width": 8,
                      "Actual Startup Time": 425.641,
                      "Actual Total Time": 425.924,
                      "Actual Rows": 181607,
                      "Actual Loops": 7,
                      "Hash Buckets": 2097152,
                      "Original Hash Buckets": 2097152,
                      "Hash Batches": 1,
                      "Original Hash Batches": 1,
                      "Peak Memory Usage": 66272,
                      "Plans": [
                        {
                          "Node Type": "Hash Join",
                          "Parent Relationship": "Outer",
                          "Parallel Aware": true,
                          "Join Type": "Inner",
                          "Startup Cost": 50966.88,
                          "Total Cost": 66161.44,
                          "Plan Rows": 514338,
                          "Plan Width": 8,
                          "Actual Startup Time": 266.654,
                          "Actual Total Time": 350.004,
                          "Actual Rows": 181607,
                          "Actual Loops": 7,
                          "Inner Unique": true,
                          "Hash Cond": "(mi_idx.movie_id = t.id)",
                          "Plans": [
                            {
                              "Node Type": "Seq Scan",
                              "Parent Relationship": "Outer",
                              "Parallel Aware": true,
                              "Relation Name": "movie_info_idx",
                              "Alias": "mi_idx",
                              "Startup Cost": 0.0,
                              "Total Cost": 13685.15,
                              "Plan Rows": 575015,
                              "Plan Width": 4,
                              "Actual Startup Time": 0.018,
                              "Actual Total Time": 21.851,
                              "Actual Rows": 197148,
                              "Actual Loops": 7
                            },
                            {
                              "Node Type": "Hash",
                              "Parent Relationship": "Inner",
                              "Parallel Aware": true,
                              "Startup Cost": 43899.32,
                              "Total Cost": 43899.32,
                              "Plan Rows": 565405,
                              "Plan Width": 4,
                              "Actual Startup Time": 262.418,
                              "Actual Total Time": 262.42,
                              "Actual Rows": 321889,
                              "Actual Loops": 7,
                              "Hash Buckets": 4194304,
                              "Original Hash Buckets": 4194304,
                              "Hash Batches": 1,
                              "Original Hash Batches": 1,
                              "Peak Memory Usage": 121024,
                              "Plans": [
                                {
                                  "Node Type": "Seq Scan",
                                  "Parent Relationship": "Outer",
                                  "Parallel Aware": true,
                                  "Relation Name": "title",
                                  "Alias": "t",
                                  "Startup Cost": 0.0,
                                  "Total Cost": 43899.32,
                                  "Plan Rows": 565405,
                                  "Plan Width": 4,
                                  "Actual Startup Time": 0.062,
                                  "Actual Total Time": 86.462,
                                  "Actual Rows": 321889,
                                  "Actual Loops": 7,
                                  "Filter": "(production_year > 1955)",
                                  "Rows Removed by Filter": 39299
                                }
                              ]
                            }
                          ]
                        }
                      ]
                    }
                  ]
                }
              ]
            }
          ]
        }
      ]
    },
    "Planning Time": 0.613,
    "Triggers": [],
    "Execution Time": 2023.267
  }
]