[
  {
    "Plan": {
      "Node Type": "Aggregate",
      "Strategy": "Plain",
      "Partial Mode": "Finalize",
      "Parallel Aware": false,
      "Startup Cost": 406032.76,
      "Total Cost": 406032.77,
      "Plan Rows": 1,
      "Plan Width": 8,
      "Actual Startup Time": 1528.074,
      "Actual Total Time": 1559.07,
      "Actual Rows": 1,
      "Actual Loops": 1,
      "Plans": [
        {
          "Node Type": "Gather",
          "Parent Relationship": "Outer",
          "Parallel Aware": false,
          "Startup Cost": 406032.44,
          "Total Cost": 406032.75,
          "Plan Rows": 3,
          "Plan Width": 8,
          "Actual Startup Time": 1514.355,
          "Actual Total Time": 1559.053,
          "Actual Rows": 4,
          "Actual Loops": 1,
          "Workers Planned": 3,
          "Workers Launched": 3,
          "Single Copy": false,
          "Plans": [
            {
              "Node Type": "Aggregate",
              "Strategy": "Plain",
              "Partial Mode": "Partial",
              "Parent Relationship": "Outer",
              "Parallel Aware": false,
              "Startup Cost": 405032.44,
              "Total Cost": 405032.45,
              "Plan Rows": 1,
              "Plan Width": 8,
              "Actual Startup Time": 1509.694,
              "Actual Total Time": 1509.839,
              "Actual Rows": 1,
              "Actual Loops": 4,
              "Plans": [
                {
                  "Node Type": "Hash Join",
                  "Parent Relationship": "Outer",
                  "Parallel Aware": true,
                  "Join Type": "Inner",
                  "Startup Cost": 358655.85,
                  "Total Cost": 403918.38,
                  "Plan Rows": 445627,
                  "Plan Width": 0,
                  "Actual Startup Time": 977.709,
                  "Actual Total Time": 1399.568,
                  "Actual Rows": 2501690,
                  "Actual Loops": 4,
                  "Inner Unique": false,
                  "Hash Cond": "(mk.movie_id = t.id)",
                  "Plans": [
                    {
                      "Node Type": "Seq Scan",
                      "Parent Relationship": "Outer",
                      "Parallel Aware": true,
                      "Relation Name": "movie_keyword",
                      "Alias": "mk",
                      "Startup Cost": 0.0,
                      "Total Cost": 39047.32,
                      "Plan Rows": 1459332,
                      "Plan Width": 4,
                      "Actual Startup Time": 0.026,
                      "Actual Total Time": 93.332,
                      "Actual Rows": 1130982,
                      "Actual Loops": 4
                    },
                    {
                      "Node Type": "Hash",
                      "Parent Relationship": "Inner",
                      "Parallel Aware": true,
                      "Startup Cost": 357047.34,
                      "Total Cost": 357047.34,
                      "Plan Rows": 128681,
                      "Plan Width": 8,
                      "Actual Startup Time": 974.811,
                      "Actual Total Time": 974.954,
                      "Actual Rows": 405278,
                      "Actual Loops": 4,
                      "Hash Buckets": 2097152,
                      "Original Hash Buckets": 1048576,
                      "Hash Batches": 1,
                      "Original Hash Batches": 1,
                      "Peak Memory Usage": 88064,
                      "Plans": [
                        {
                          "Node Type": "Hash Join",
                          "Parent Relationship": "Outer",
                          "Parallel Aware": true,
                          "Join Type": "Inner",
                          "Startup Cost": 98513.4,
                          "Total Cost": 357047.34,
                          "Plan Rows": 128681,
                          "Plan Width": 8,
                          "Actual Startup Time": 461.21,
                          "Actual Total Time": 794.311,
                          "Actual Rows": 405278,
                          "Actual Loops": 4,
                          "Inner Unique": true,
                          "Hash Cond": "(ci.movie_id = t.id)",
                          "Plans": [
                            {
                              "Node Type": "Bitmap Heap Scan",
                              "Parent Relationship": "Outer",
                              "Parallel Aware": true,
                              "Relation Name": "cast_info",
                              "Alias": "ci",
                              "Startup Cost": 48293.02,
                              "Total Cost": 306489.17,
                              "Plan Rows": 128681,
                              "Plan Width": 4,
                              "Actual Startup Time": 79.377,
                              "Actual Total Time": 196.55,
                              "Actual Rows": 405278,
                              "Actual Loops": 4,
                              "Recheck Cond": "(person_id < 221118)",
                              "Rows Removed by Index Recheck": 0,
                              "Filter": "(role_id = 1)",
                              "Rows Removed by Filter": 162329,
                              "Exact Heap Blocks": 6302,
                              "Lossy Heap Blocks": 0,
                              "Plans": [
                                {
                                  "Node Type": "Bitmap Index Scan",
                                  "Parent Relationship": "Outer",
                                  "Parallel Aware": false,
                                  "Index Name": "person_id_cast_info",
                                  "Startup Cost": 0.0,
                                  "Total Cost": 48100.0,
                                  "Plan Rows": 2203658,
                                  "Plan Width": 0,
                                  "Actual Startup Time": 75.698,
                                  "Actual Total Time": 75.699,
                                  "Actual Rows": 2270428,
                                  "Actual Loops": 1,
                                  "Index Cond": "(person_id < 221118)"
                                }
                              ]
                            },
                            {
                              "Node Type": "Hash",
                              "Parent Relationship": "Inner",
                              "Parallel Aware": true,
                              "Startup Cost": 42319.06,
                              "Total Cost": 42319.06,
                              "Plan Rows": 632106,
                              "Plan Width": 4,
                              "Actual Startup Time": 372.914,
                              "Actual Total Time": 372.915,
                              "Actual Rows": 632078,
                              "Actual Loops": 4,
                              "Hash Buckets": 4194304,
                              "Original Hash Buckets": 4194304,
                              "Hash Batches": 1,
                              "Original Hash Batches": 1,
                              "Peak Memory Usage": 131744,
                              "Plans": [
                                {
                                  "Node Type": "Seq Scan",
                                  "Parent Relationship": "Outer",
                                  "Parallel Aware": true,
                                  "Relation Name": "title",
                                  "Alias": "t",
                                  "Startup Cost": 0.0,
                                  "Total Cost": 42319.06,
                                  "Plan Rows": 632106,
                                  "Plan Width": 4,
                                  "Actual Startup Time": 0.044,
                                  "Actual Total Time": 107.207,
                                  "Actual Rows": 632078,
                                  "Actual Loops": 4
                                }
                              ]
                            }
                          ]
                        }
                      ]
                    }
                  ]
                }
              ]
            }
          ]
        }
      ]
    },
    "Planning Time": 0.557,
    "Triggers": [],
    "Execution Time": 1559.134
  }
]