[
  {
    "Plan": {
      "Node Type": "Aggregate",
      "Strategy": "Plain",
      "Partial Mode": "Finalize",
      "Parallel Aware": false,
      "Startup Cost": 47192.05,
      "Total Cost": 47192.06,
      "Plan Rows": 1,
      "Plan Width": 8,
      "Actual Startup Time": 178.288,
      "Actual Total Time": 187.968,
      "Actual Rows": 1,
      "Actual Loops": 1,
      "Plans": [
        {
          "Node Type": "Gather",
          "Parent Relationship": "Outer",
          "Parallel Aware": false,
          "Startup Cost": 47191.73,
          "Total Cost": 47192.04,
          "Plan Rows": 3,
          "Plan Width": 8,
          "Actual Startup Time": 178.124,
          "Actual Total Time": 187.957,
          "Actual Rows": 4,
          "Actual Loops": 1,
          "Workers Planned": 3,
          "Workers Launched": 3,
          "Single Copy": false,
          "Plans": [
            {
              "Node Type": "Aggregate",
              "Strategy": "Plain",
              "Partial Mode": "Partial",
              "Parent Relationship": "Outer",
              "Parallel Aware": false,
              "Startup Cost": 46191.73,
              "Total Cost": 46191.74,
              "Plan Rows": 1,
              "Plan Width": 8,
              "Actual Startup Time": 172.638,
              "Actual Total Time": 172.639,
              "Actual Rows": 1,
              "Actual Loops": 4,
              "Plans": [
                {
                  "Node Type": "Seq Scan",
                  "Parent Relationship": "Outer",
                  "Parallel Aware": true,
                  "Relation Name": "movie_keyword",
                  "Alias": "mk",
                  "Startup Cost": 0.0,
                  "Total Cost": 42695.65,
                  "Plan Rows": 1398430,
                  "Plan Width": 0,
                  "Actual Startup Time": 0.039,
                  "Actual Total Time": 123.923,
                  "Actual Rows": 1082839,
                  "Actual Loops": 4,
                  "Filter": "(keyword_id < 70196)",
                  "Rows Removed by Filter": 48143
                }
              ]
            }
          ]
        }
      ]
    },
    "Planning Time": 0.103,
    "Triggers": [],
    "Execution Time": 188.0
  }
]