[
  {
    "Plan": {
      "Node Type": "Aggregate",
      "Strategy": "Plain",
      "Partial Mode": "Finalize",
      "Parallel Aware": false,
      "Startup Cost": 509225.77,
      "Total Cost": 509225.78,
      "Plan Rows": 1,
      "Plan Width": 8,
      "Actual Startup Time": 5213.577,
      "Actual Total Time": 5279.114,
      "Actual Rows": 1,
      "Actual Loops": 1,
      "Plans": [
        {
          "Node Type": "Gather",
          "Parent Relationship": "Outer",
          "Parallel Aware": false,
          "Startup Cost": 509225.14,
          "Total Cost": 509225.75,
          "Plan Rows": 6,
          "Plan Width": 8,
          "Actual Startup Time": 5177.946,
          "Actual Total Time": 5279.1,
          "Actual Rows": 7,
          "Actual Loops": 1,
          "Workers Planned": 6,
          "Workers Launched": 6,
          "Single Copy": false,
          "Plans": [
            {
              "Node Type": "Aggregate",
              "Strategy": "Plain",
              "Partial Mode": "Partial",
              "Parent Relationship": "Outer",
              "Parallel Aware": false,
              "Startup Cost": 508225.14,
              "Total Cost": 508225.15,
              "Plan Rows": 1,
              "Plan Width": 8,
              "Actual Startup Time": 5147.379,
              "Actual Total Time": 5149.093,
              "Actual Rows": 1,
              "Actual Loops": 7,
              "Plans": [
                {
                  "Node Type": "Hash Join",
                  "Parent Relationship": "Outer",
                  "Parallel Aware": true,
                  "Join Type": "Inner",
                  "Startup Cost": 111865.29,
                  "Total Cost": 491460.04,
                  "Plan Rows": 6706041,
                  "Plan Width": 0,
                  "Actual Startup Time": 1083.499,
                  "Actual Total Time": 4248.739,
                  "Actual Rows": 19503695,
                  "Actual Loops": 7,
                  "Inner Unique": false,
                  "Hash Cond": "(ci.movie_id = t.id)",
                  "Plans": [
                    {
                      "Node Type": "Seq Scan",
                      "Parent Relationship": "Outer",
                      "Parallel Aware": true,
                      "Relation Name": "cast_info",
                      "Alias": "ci",
                      "Startup Cost": 0.0,
                      "Total Cost": 343316.27,
                      "Plan Rows": 3905627,
                      "Plan Width": 4,
                      "Actual Startup Time": 250.095,
                      "Actual Total Time": 787.594,
                      "Actual Rows": 3361076,
                      "Actual Loops": 7,
                      "Filter": "((person_id > 21842) AND (role_id > 1))",
                      "Rows Removed by Filter": 1816687
                    },
                    {
                      "Node Type": "Hash",
                      "Parent Relationship": "Inner",
                      "Parallel Aware": true,
                      "Startup Cost": 94359.84,
                      "Total Cost": 94359.84,
                      "Plan Rows": 1400436,
                      "Plan Width": 8,
                      "Actual Startup Time": 821.187,
                      "Actual Total Time": 822.898,
                      "Actual Rows": 641658,
                      "Actual Loops": 7,
                      "Hash Buckets": 8388608,
                      "Original Hash Buckets": 8388608,
                      "Hash Batches": 1,
                      "Original Hash Batches": 1,
                      "Peak Memory Usage": 241344,
                      "Plans": [
                        {
                          "Node Type": "Hash Join",
                          "Parent Relationship": "Outer",
                          "Parallel Aware": true,
                          "Join Type": "Inner",
                          "Startup Cost": 51481.76,
                          "Total Cost": 94359.84,
                          "Plan Rows": 1400436,
                          "Plan Width": 8,
                          "Actual Startup Time": 317.186,
                          "Actual Total Time": 560.933,
                          "Actual Rows": 641658,
                          "Actual Loops": 7,
                          "Inner Unique": true,
                          "Hash Cond": "(mk.movie_id = t.id)",
                          "Plans": [
                            {
                              "Node Type": "Seq Scan",
                              "Parent Relationship": "Outer",
                              "Parallel Aware": true,
                              "Relation Name": "movie_keyword",
                              "Alias": "mk",
                              "Startup Cost": 0.0,
                              "Total Cost": 39047.32,
                              "Plan Rows": 1459332,
                              "Plan Width": 4,
                              "Actual Startup Time": 0.039,
                              "Actual Total Time": 74.833,
                              "Actual Rows": 646276,
                              "Actual Loops": 7
                            },
                            {
                              "Node Type": "Hash",
                              "Parent Relationship": "Inner",
                              "Parallel Aware": true,
                              "Startup Cost": 43899.32,
                              "Total Cost": 43899.32,
                              "Plan Rows": 606595,
                              "Plan Width": 4,
                              "Actual Startup Time": 311.732,
                              "Actual Total Time": 311.734,
                              "Actual Rows": 346730,
                              "Actual Loops": 7,
                              "Hash Buckets": 4194304,
                              "Original Hash Buckets": 4194304,
                              "Hash Batches": 1,
                              "Original Hash Batches": 1,
                              "Peak Memory Usage": 127840,
                              "Plans": [
                                {
                                  "Node Type": "Seq Scan",
                                  "Parent Relationship": "Outer",
                                  "Parallel Aware": true,
                                  "Relation Name": "title",
                                  "Alias": "t",
                                  "Startup Cost": 0.0,
                                  "Total Cost": 43899.32,
                                  "Plan Rows": 606595,
                                  "Plan Width": 4,
                                  "Actual Startup Time": 0.071,
                                  "Actual Total Time": 99.601,
                                  "Actual Rows": 346730,
                                  "Actual Loops": 7,
                                  "Filter": "(production_year > 1910)",
                                  "Rows Removed by Filter": 14457
                                }
                              ]
                            }
                          ]
                        }
                      ]
                    }
                  ]
                }
              ]
            }
          ]
        }
      ]
    },
    "Planning Time": 0.848,
    "Triggers": [],
    "Execution Time": 5279.173
  }
]