[
  {
    "Plan": {
      "Node Type": "Aggregate",
      "Strategy": "Plain",
      "Partial Mode": "Finalize",
      "Parallel Aware": false,
      "Startup Cost": 94043.69,
      "Total Cost": 94043.7,
      "Plan Rows": 1,
      "Plan Width": 8,
      "Actual Startup Time": 419.288,
      "Actual Total Time": 437.416,
      "Actual Rows": 1,
      "Actual Loops": 1,
      "Plans": [
        {
          "Node Type": "Gather",
          "Parent Relationship": "Outer",
          "Parallel Aware": false,
          "Startup Cost": 94043.37,
          "Total Cost": 94043.68,
          "Plan Rows": 3,
          "Plan Width": 8,
          "Actual Startup Time": 414.426,
          "Actual Total Time": 437.404,
          "Actual Rows": 4,
          "Actual Loops": 1,
          "Workers Planned": 3,
          "Workers Launched": 3,
          "Single Copy": false,
          "Plans": [
            {
              "Node Type": "Aggregate",
              "Strategy": "Plain",
              "Partial Mode": "Partial",
              "Parent Relationship": "Outer",
              "Parallel Aware": false,
              "Startup Cost": 93043.37,
              "Total Cost": 93043.38,
              "Plan Rows": 1,
              "Plan Width": 8,
              "Actual Startup Time": 405.829,
              "Actual Total Time": 405.833,
              "Actual Rows": 1,
              "Actual Loops": 4,
              "Plans": [
                {
                  "Node Type": "Hash Join",
                  "Parent Relationship": "Outer",
                  "Parallel Aware": true,
                  "Join Type": "Inner",
                  "Startup Cost": 47284.24,
                  "Total Cost": 92496.05,
                  "Plan Rows": 218928,
                  "Plan Width": 0,
                  "Actual Startup Time": 191.237,
                  "Actual Total Time": 402.559,
                  "Actual Rows": 61463,
                  "Actual Loops": 4,
                  "Inner Unique": true,
                  "Hash Cond": "(mk.movie_id = t.id)",
                  "Plans": [
                    {
                      "Node Type": "Seq Scan",
                      "Parent Relationship": "Outer",
                      "Parallel Aware": true,
                      "Relation Name": "movie_keyword",
                      "Alias": "mk",
                      "Startup Cost": 0.0,
                      "Total Cost": 42695.65,
                      "Plan Rows": 958537,
                      "Plan Width": 4,
                      "Actual Startup Time": 0.04,
                      "Actual Total Time": 125.04,
                      "Actual Rows": 745782,
                      "Actual Loops": 4,
                      "Filter": "(keyword_id < 10288)",
                      "Rows Removed by Filter": 385200
                    },
                    {
                      "Node Type": "Hash",
                      "Parent Relationship": "Inner",
                      "Parallel Aware": true,
                      "Startup Cost": 45479.59,
                      "Total Cost": 45479.59,
                      "Plan Rows": 144372,
                      "Plan Width": 4,
                      "Actual Startup Time": 186.693,
                      "Actual Total Time": 186.694,
                      "Actual Rows": 150633,
                      "Actual Loops": 4,
                      "Hash Buckets": 1048576,
                      "Original Hash Buckets": 1048576,
                      "Hash Batches": 1,
                      "Original Hash Batches": 1,
                      "Peak Memory Usage": 31840,
                      "Plans": [
                        {
                          "Node Type": "Seq Scan",
                          "Parent Relationship": "Outer",
                          "Parallel Aware": true,
                          "Relation Name": "title",
                          "Alias": "t",
                          "Startup Cost": 0.0,
                          "Total Cost": 45479.59,
                          "Plan Rows": 144372,
                          "Plan Width": 4,
                          "Actual Startup Time": 0.044,
                          "Actual Total Time": 120.84,
                          "Actual Rows": 150633,
                          "Actual Loops": 4,
                          "Filter": "((kind_id > 1) AND (production_year > 2007))",
                          "Rows Removed by Filter": 481445
                        }
                      ]
                    }
                  ]
                }
              ]
            }
          ]
        }
      ]
    },
    "Planning Time": 0.291,
    "Triggers": [],
    "Execution Time": 437.459
  }
]