[
  {
    "Plan": {
      "Node Type": "Aggregate",
      "Strategy": "Plain",
      "Partial Mode": "Finalize",
      "Parallel Aware": false,
      "Startup Cost": 339077.64,
      "Total Cost": 339077.65,
      "Plan Rows": 1,
      "Plan Width": 8,
      "Actual Startup Time": 722.156,
      "Actual Total Time": 780.007,
      "Actual Rows": 1,
      "Actual Loops": 1,
      "Plans": [
        {
          "Node Type": "Gather",
          "Parent Relationship": "Outer",
          "Parallel Aware": false,
          "Startup Cost": 339077.02,
          "Total Cost": 339077.63,
          "Plan Rows": 6,
          "Plan Width": 8,
          "Actual Startup Time": 722.014,
          "Actual Total Time": 779.996,
          "Actual Rows": 7,
          "Actual Loops": 1,
          "Workers Planned": 6,
          "Workers Launched": 6,
          "Single Copy": false,
          "Plans": [
            {
              "Node Type": "Aggregate",
              "Strategy": "Plain",
              "Partial Mode": "Partial",
              "Parent Relationship": "Outer",
              "Parallel Aware": false,
              "Startup Cost": 338077.02,
              "Total Cost": 338077.03,
              "Plan Rows": 1,
              "Plan Width": 8,
              "Actual Startup Time": 713.351,
              "Actual Total Time": 713.352,
              "Actual Rows": 1,
              "Actual Loops": 7,
              "Plans": [
                {
                  "Node Type": "Seq Scan",
                  "Parent Relationship": "Outer",
                  "Parallel Aware": true,
                  "Relation Name": "cast_info",
                  "Alias": "ci",
                  "Startup Cost": 0.0,
                  "Total Cost": 328162.03,
                  "Plan Rows": 3965997,
                  "Plan Width": 0,
                  "Actual Startup Time": 0.047,
                  "Actual Total Time": 579.46,
                  "Actual Rows": 3404825,
                  "Actual Loops": 7,
                  "Filter": "(person_id < 2443432)",
                  "Rows Removed by Filter": 1772938
                }
              ]
            }
          ]
        }
      ]
    },
    "Planning Time": 0.208,
    "Triggers": [],
    "Execution Time": 780.086
  }
]