[
  {
    "Plan": {
      "Node Type": "Aggregate",
      "Strategy": "Plain",
      "Partial Mode": "Finalize",
      "Parallel Aware": false,
      "Startup Cost": 341686.83,
      "Total Cost": 341686.84,
      "Plan Rows": 1,
      "Plan Width": 8,
      "Actual Startup Time": 976.182,
      "Actual Total Time": 1035.053,
      "Actual Rows": 1,
      "Actual Loops": 1,
      "Plans": [
        {
          "Node Type": "Gather",
          "Parent Relationship": "Outer",
          "Parallel Aware": false,
          "Startup Cost": 341686.21,
          "Total Cost": 341686.82,
          "Plan Rows": 6,
          "Plan Width": 8,
          "Actual Startup Time": 976.017,
          "Actual Total Time": 1035.039,
          "Actual Rows": 7,
          "Actual Loops": 1,
          "Workers Planned": 6,
          "Workers Launched": 6,
          "Single Copy": false,
          "Plans": [
            {
              "Node Type": "Aggregate",
              "Strategy": "Plain",
              "Partial Mode": "Partial",
              "Parent Relationship": "Outer",
              "Parallel Aware": false,
              "Startup Cost": 340686.21,
              "Total Cost": 340686.22,
              "Plan Rows": 1,
              "Plan Width": 8,
              "Actual Startup Time": 966.713,
              "Actual Total Time": 966.715,
              "Actual Rows": 1,
              "Actual Loops": 7,
              "Plans": [
                {
                  "Node Type": "Seq Scan",
                  "Parent Relationship": "Outer",
                  "Parallel Aware": true,
                  "Relation Name": "cast_info",
                  "Alias": "ci",
                  "Startup Cost": 0.0,
                  "Total Cost": 328211.39,
                  "Plan Rows": 4989926,
                  "Plan Width": 0,
                  "Actual Startup Time": 91.145,
                  "Actual Total Time": 730.263,
                  "Actual Rows": 4255398,
                  "Actual Loops": 7,
                  "Filter": "(person_id > 623560)",
                  "Rows Removed by Filter": 922365
                }
              ]
            }
          ]
        }
      ]
    },
    "Planning Time": 0.215,
    "Triggers": [],
    "Execution Time": 1035.123
  }
]