{
  "Plan": {
    "Node Type": "Aggregate",
    "Strategy": "Plain",
    "Partial Mode": "Finalize",
    "Parallel Aware": false,
    "Startup Cost": 249983.83,
    "Total Cost": 249983.84,
    "Plan Rows": 1,
    "Plan Width": 8,
    "Actual Startup Time": 1263.302,
    "Actual Total Time": 1304.922,
    "Actual Rows": 1,
    "Actual Loops": 1,
    "Plans": [
      {
        "Node Type": "Gather",
        "Parent Relationship": "Outer",
        "Parallel Aware": false,
        "Startup Cost": 249983.72,
        "Total Cost": 249983.83,
        "Plan Rows": 1,
        "Plan Width": 8,
        "Actual Startup Time": 1262.71,
        "Actual Total Time": 1304.913,
        "Actual Rows": 2,
        "Actual Loops": 1,
        "Workers Planned": 1,
        "Workers Launched": 1,
        "Single Copy": false,
        "Plans": [
          {
            "Node Type": "Aggregate",
            "Strategy": "Plain",
            "Partial Mode": "Partial",
            "Parent Relationship": "Outer",
            "Parallel Aware": false,
            "Startup Cost": 248983.72,
            "Total Cost": 248983.73,
            "Plan Rows": 1,
            "Plan Width": 8,
            "Actual Startup Time": 1256.453,
            "Actual Total Time": 1256.457,
            "Actual Rows": 1,
            "Actual Loops": 2,
            "Plans": [
              {
                "Node Type": "Nested Loop",
                "Parent Relationship": "Outer",
                "Parallel Aware": false,
                "Join Type": "Inner",
                "Startup Cost": 24013.08,
                "Total Cost": 247749.85,
                "Plan Rows": 493549,
                "Plan Width": 0,
                "Actual Startup Time": 233.55,
                "Actual Total Time": 1206.251,
                "Actual Rows": 1210693,
                "Actual Loops": 2,
                "Inner Unique": false,
                "Plans": [
                  {
                    "Node Type": "Hash Join",
                    "Parent Relationship": "Outer",
                    "Parallel Aware": true,
                    "Join Type": "Inner",
                    "Startup Cost": 24012.64,
                    "Total Cost": 84674.66,
                    "Plan Rows": 84406,
                    "Plan Width": 8,
                    "Actual Startup Time": 233.475,
                    "Actual Total Time": 385.217,
                    "Actual Rows": 70084,
                    "Actual Loops": 2,
                    "Inner Unique": false,
                    "Hash Cond": "(t.id = mc.movie_id)",
                    "Plans": [
                      {
                        "Node Type": "Seq Scan",
                        "Parent Relationship": "Outer",
                        "Parallel Aware": true,
                        "Relation Name": "title",
                        "Alias": "t",
                        "Startup Cost": 0.0,
                        "Total Cost": 50870.31,
                        "Plan Rows": 1487231,
                        "Plan Width": 4,
                        "Actual Startup Time": 0.01,
                        "Actual Total Time": 115.237,
                        "Actual Rows": 1264156,
                        "Actual Loops": 2
                      },
                      {
                        "Node Type": "Hash",
                        "Parent Relationship": "Inner",
                        "Parallel Aware": true,
                        "Startup Cost": 22957.57,
                        "Total Cost": 22957.57,
                        "Plan Rows": 84406,
                        "Plan Width": 4,
                        "Actual Startup Time": 58.06,
                        "Actual Total Time": 58.061,
                        "Actual Rows": 70084,
                        "Actual Loops": 2,
                        "Hash Buckets": 262144,
                        "Original Hash Buckets": 262144,
                        "Hash Batches": 1,
                        "Original Hash Batches": 1,
                        "Peak Memory Usage": 7552,
                        "Plans": [
                          {
                            "Node Type": "Bitmap Heap Scan",
                            "Parent Relationship": "Outer",
                            "Parallel Aware": true,
                            "Relation Name": "movie_companies",
                            "Alias": "mc",
                            "Startup Cost": 3112.49,
                            "Total Cost": 22957.57,
                            "Plan Rows": 84406,
                            "Plan Width": 4,
                            "Actual Startup Time": 14.986,
                            "Actual Total Time": 40.307,
                            "Actual Rows": 70084,
                            "Actual Loops": 2,
                            "Recheck Cond": "(company_id > 136290)",
                            "Rows Removed by Index Recheck": 0,
                            "Exact Heap Blocks": 2867,
                            "Lossy Heap Blocks": 0,
                            "Plans": [
                              {
                                "Node Type": "Bitmap Index Scan",
                                "Parent Relationship": "Outer",
                                "Parallel Aware": false,
                                "Index Name": "company_id_movie_companies",
                                "Startup Cost": 0.0,
                                "Total Cost": 3076.61,
                                "Plan Rows": 143491,
                                "Plan Width": 0,
                                "Actual Startup Time": 16.141,
                                "Actual Total Time": 16.142,
                                "Actual Rows": 140169,
                                "Actual Loops": 1,
                                "Index Cond": "(company_id > 136290)"
                              }
                            ]
                          }
                        ]
                      }
                    ]
                  },
                  {
                    "Node Type": "Index Only Scan",
                    "Parent Relationship": "Inner",
                    "Parallel Aware": false,
                    "Scan Direction": "Forward",
                    "Index Name": "movie_id_movie_info",
                    "Relation Name": "movie_info",
                    "Alias": "mi",
                    "Startup Cost": 0.43,
                    "Total Cost": 1.51,
                    "Plan Rows": 42,
                    "Plan Width": 4,
                    "Actual Startup Time": 0.003,
                    "Actual Total Time": 0.01,
                    "Actual Rows": 17,
                    "Actual Loops": 140169,
                    "Index Cond": "(movie_id = t.id)",
                    "Rows Removed by Index Recheck": 0,
                    "Heap Fetches": 2421386
                  }
                ]
              }
            ]
          }
        ]
      }
    ]
  },
  "Planning Time": 0.888,
  "Triggers": [],
  "Execution Time": 1305.037
}