[
  {
    "Plan": {
      "Node Type": "Aggregate",
      "Strategy": "Plain",
      "Partial Mode": "Finalize",
      "Parallel Aware": false,
      "Startup Cost": 330690.47,
      "Total Cost": 330690.48,
      "Plan Rows": 1,
      "Plan Width": 8,
      "Actual Startup Time": 618.735,
      "Actual Total Time": 663.322,
      "Actual Rows": 1,
      "Actual Loops": 1,
      "Plans": [
        {
          "Node Type": "Gather",
          "Parent Relationship": "Outer",
          "Parallel Aware": false,
          "Startup Cost": 330689.85,
          "Total Cost": 330690.46,
          "Plan Rows": 6,
          "Plan Width": 8,
          "Actual Startup Time": 618.607,
          "Actual Total Time": 663.303,
          "Actual Rows": 7,
          "Actual Loops": 1,
          "Workers Planned": 6,
          "Workers Launched": 6,
          "Single Copy": false,
          "Plans": [
            {
              "Node Type": "Aggregate",
              "Strategy": "Plain",
              "Partial Mode": "Partial",
              "Parent Relationship": "Outer",
              "Parallel Aware": false,
              "Startup Cost": 329689.85,
              "Total Cost": 329689.86,
              "Plan Rows": 1,
              "Plan Width": 8,
              "Actual Startup Time": 610.977,
              "Actual Total Time": 610.978,
              "Actual Rows": 1,
              "Actual Loops": 7,
              "Plans": [
                {
                  "Node Type": "Seq Scan",
                  "Parent Relationship": "Outer",
                  "Parallel Aware": true,
                  "Relation Name": "cast_info",
                  "Alias": "ci",
                  "Startup Cost": 0.0,
                  "Total Cost": 328211.39,
                  "Plan Rows": 591383,
                  "Plan Width": 0,
                  "Actual Startup Time": 448.941,
                  "Actual Total Time": 581.976,
                  "Actual Rows": 501677,
                  "Actual Loops": 7,
                  "Filter": "(person_id > 3422487)",
                  "Rows Removed by Filter": 4676086
                }
              ]
            }
          ]
        }
      ]
    },
    "Planning Time": 0.105,
    "Triggers": [],
    "Execution Time": 663.369
  }
]