[
  {
    "Plan": {
      "Node Type": "Aggregate",
      "Strategy": "Plain",
      "Partial Mode": "Finalize",
      "Parallel Aware": false,
      "Startup Cost": 330689.56,
      "Total Cost": 330689.57,
      "Plan Rows": 1,
      "Plan Width": 8,
      "Actual Startup Time": 530.415,
      "Actual Total Time": 585.427,
      "Actual Rows": 1,
      "Actual Loops": 1,
      "Plans": [
        {
          "Node Type": "Gather",
          "Parent Relationship": "Outer",
          "Parallel Aware": false,
          "Startup Cost": 330688.93,
          "Total Cost": 330689.54,
          "Plan Rows": 6,
          "Plan Width": 8,
          "Actual Startup Time": 530.297,
          "Actual Total Time": 585.416,
          "Actual Rows": 7,
          "Actual Loops": 1,
          "Workers Planned": 6,
          "Workers Launched": 6,
          "Single Copy": false,
          "Plans": [
            {
              "Node Type": "Aggregate",
              "Strategy": "Plain",
              "Partial Mode": "Partial",
              "Parent Relationship": "Outer",
              "Parallel Aware": false,
              "Startup Cost": 329688.93,
              "Total Cost": 329688.94,
              "Plan Rows": 1,
              "Plan Width": 8,
              "Actual Startup Time": 521.747,
              "Actual Total Time": 521.748,
              "Actual Rows": 1,
              "Actual Loops": 7,
              "Plans": [
                {
                  "Node Type": "Seq Scan",
                  "Parent Relationship": "Outer",
                  "Parallel Aware": true,
                  "Relation Name": "cast_info",
                  "Alias": "ci",
                  "Startup Cost": 0.0,
                  "Total Cost": 328162.03,
                  "Plan Rows": 610763,
                  "Plan Width": 0,
                  "Actual Startup Time": 384.388,
                  "Actual Total Time": 500.146,
                  "Actual Rows": 501677,
                  "Actual Loops": 7,
                  "Filter": "(person_id > 3422487)",
                  "Rows Removed by Filter": 4676086
                }
              ]
            }
          ]
        }
      ]
    },
    "Planning Time": 0.129,
    "Triggers": [],
    "Execution Time": 585.482
  }
]