{
  "Plan": {
    "Node Type": "Aggregate",
    "Strategy": "Plain",
    "Partial Mode": "Finalize",
    "Parallel Aware": false,
    "Startup Cost": 93562.93,
    "Total Cost": 93562.94,
    "Plan Rows": 1,
    "Plan Width": 8,
    "Actual Startup Time": 422.457,
    "Actual Total Time": 439.111,
    "Actual Rows": 1,
    "Actual Loops": 1,
    "Plans": [
      {
        "Node Type": "Gather",
        "Parent Relationship": "Outer",
        "Parallel Aware": false,
        "Startup Cost": 93562.81,
        "Total Cost": 93562.92,
        "Plan Rows": 1,
        "Plan Width": 8,
        "Actual Startup Time": 419.212,
        "Actual Total Time": 439.102,
        "Actual Rows": 2,
        "Actual Loops": 1,
        "Workers Planned": 1,
        "Workers Launched": 1,
        "Single Copy": false,
        "Plans": [
          {
            "Node Type": "Aggregate",
            "Strategy": "Plain",
            "Partial Mode": "Partial",
            "Parent Relationship": "Outer",
            "Parallel Aware": false,
            "Startup Cost": 92562.81,
            "Total Cost": 92562.82,
            "Plan Rows": 1,
            "Plan Width": 8,
            "Actual Startup Time": 411.332,
            "Actual Total Time": 411.336,
            "Actual Rows": 1,
            "Actual Loops": 2,
            "Plans": [
              {
                "Node Type": "Hash Join",
                "Parent Relationship": "Outer",
                "Parallel Aware": true,
                "Join Type": "Inner",
                "Startup Cost": 67408.01,
                "Total Cost": 92498.83,
                "Plan Rows": 25594,
                "Plan Width": 0,
                "Actual Startup Time": 366.565,
                "Actual Total Time": 410.996,
                "Actual Rows": 6834,
                "Actual Loops": 2,
                "Inner Unique": true,
                "Hash Cond": "(mk.movie_id = t.id)",
                "Plans": [
                  {
                    "Node Type": "Bitmap Heap Scan",
                    "Parent Relationship": "Outer",
                    "Parallel Aware": true,
                    "Relation Name": "movie_keyword",
                    "Alias": "mk",
                    "Startup Cost": 1519.15,
                    "Total Cost": 26499.44,
                    "Plan Rows": 42104,
                    "Plan Width": 4,
                    "Actual Startup Time": 7.483,
                    "Actual Total Time": 35.827,
                    "Actual Rows": 36296,
                    "Actual Loops": 2,
                    "Recheck Cond": "(keyword_id < 66)",
                    "Rows Removed by Index Recheck": 0,
                    "Exact Heap Blocks": 13062,
                    "Lossy Heap Blocks": 0,
                    "Plans": [
                      {
                        "Node Type": "Bitmap Index Scan",
                        "Parent Relationship": "Outer",
                        "Parallel Aware": false,
                        "Index Name": "keyword_id_movie_keyword",
                        "Startup Cost": 0.0,
                        "Total Cost": 1501.25,
                        "Plan Rows": 71576,
                        "Plan Width": 0,
                        "Actual Startup Time": 4.669,
                        "Actual Total Time": 4.669,
                        "Actual Rows": 72592,
                        "Actual Loops": 1,
                        "Index Cond": "(keyword_id < 66)"
                      }
                    ]
                  },
                  {
                    "Node Type": "Hash",
                    "Parent Relationship": "Inner",
                    "Parallel Aware": true,
                    "Startup Cost": 54588.39,
                    "Total Cost": 54588.39,
                    "Plan Rows": 904038,
                    "Plan Width": 4,
                    "Actual Startup Time": 344.489,
                    "Actual Total Time": 344.489,
                    "Actual Rows": 771632,
                    "Actual Loops": 2,
                    "Hash Buckets": 2097152,
                    "Original Hash Buckets": 2097152,
                    "Hash Batches": 1,
                    "Original Hash Batches": 1,
                    "Peak Memory Usage": 76800,
                    "Plans": [
                      {
                        "Node Type": "Seq Scan",
                        "Parent Relationship": "Outer",
                        "Parallel Aware": true,
                        "Relation Name": "title",
                        "Alias": "t",
                        "Startup Cost": 0.0,
                        "Total Cost": 54588.39,
                        "Plan Rows": 904038,
                        "Plan Width": 4,
                        "Actual Startup Time": 0.028,
                        "Actual Total Time": 157.234,
                        "Actual Rows": 771632,
                        "Actual Loops": 2,
                        "Filter": "(kind_id = 7)",
                        "Rows Removed by Filter": 492524
                      }
                    ]
                  }
                ]
              }
            ]
          }
        ]
      }
    ]
  },
  "Planning Time": 0.653,
  "Triggers": [],
  "Execution Time": 439.199
}