[
  {
    "Plan": {
      "Node Type": "Aggregate",
      "Strategy": "Plain",
      "Partial Mode": "Finalize",
      "Parallel Aware": false,
      "Startup Cost": 255805.33,
      "Total Cost": 255805.34,
      "Plan Rows": 1,
      "Plan Width": 8,
      "Actual Startup Time": 1677.947,
      "Actual Total Time": 1724.943,
      "Actual Rows": 1,
      "Actual Loops": 1,
      "Plans": [
        {
          "Node Type": "Gather",
          "Parent Relationship": "Outer",
          "Parallel Aware": false,
          "Startup Cost": 255804.81,
          "Total Cost": 255805.32,
          "Plan Rows": 5,
          "Plan Width": 8,
          "Actual Startup Time": 1664.929,
          "Actual Total Time": 1724.934,
          "Actual Rows": 6,
          "Actual Loops": 1,
          "Workers Planned": 5,
          "Workers Launched": 5,
          "Single Copy": false,
          "Plans": [
            {
              "Node Type": "Aggregate",
              "Strategy": "Plain",
              "Partial Mode": "Partial",
              "Parent Relationship": "Outer",
              "Parallel Aware": false,
              "Startup Cost": 254804.81,
              "Total Cost": 254804.82,
              "Plan Rows": 1,
              "Plan Width": 8,
              "Actual Startup Time": 1654.035,
              "Actual Total Time": 1654.04,
              "Actual Rows": 1,
              "Actual Loops": 6,
              "Plans": [
                {
                  "Node Type": "Hash Join",
                  "Parent Relationship": "Outer",
                  "Parallel Aware": true,
                  "Join Type": "Inner",
                  "Startup Cost": 49790.67,
                  "Total Cost": 249270.08,
                  "Plan Rows": 2213894,
                  "Plan Width": 0,
                  "Actual Startup Time": 260.584,
                  "Actual Total Time": 1551.928,
                  "Actual Rows": 1646125,
                  "Actual Loops": 6,
                  "Inner Unique": true,
                  "Hash Cond": "(mi.movie_id = t.id)",
                  "Plans": [
                    {
                      "Node Type": "Seq Scan",
                      "Parent Relationship": "Outer",
                      "Parallel Aware": true,
                      "Relation Name": "movie_info",
                      "Alias": "mi",
                      "Startup Cost": 0.0,
                      "Total Cost": 191685.19,
                      "Plan Rows": 2969219,
                      "Plan Width": 4,
                      "Actual Startup Time": 0.036,
                      "Actual Total Time": 379.419,
                      "Actual Rows": 2472620,
                      "Actual Loops": 6
                    },
                    {
                      "Node Type": "Hash",
                      "Parent Relationship": "Inner",
                      "Parallel Aware": true,
                      "Startup Cost": 43899.32,
                      "Total Cost": 43899.32,
                      "Plan Rows": 471308,
                      "Plan Width": 4,
                      "Actual Startup Time": 256.578,
                      "Actual Total Time": 256.579,
                      "Actual Rows": 311866,
                      "Actual Loops": 6,
                      "Hash Buckets": 2097152,
                      "Original Hash Buckets": 2097152,
                      "Hash Batches": 1,
                      "Original Hash Batches": 1,
                      "Peak Memory Usage": 89696,
                      "Plans": [
                        {
                          "Node Type": "Seq Scan",
                          "Parent Relationship": "Outer",
                          "Parallel Aware": true,
                          "Relation Name": "title",
                          "Alias": "t",
                          "Startup Cost": 0.0,
                          "Total Cost": 43899.32,
                          "Plan Rows": 471308,
                          "Plan Width": 4,
                          "Actual Startup Time": 0.044,
                          "Actual Total Time": 107.615,
                          "Actual Rows": 311866,
                          "Actual Loops": 6,
                          "Filter": "(production_year > 1984)",
                          "Rows Removed by Filter": 109519
                        }
                      ]
                    }
                  ]
                }
              ]
            }
          ]
        }
      ]
    },
    "Planning Time": 0.288,
    "Triggers": [],
    "Execution Time": 1724.993
  }
]