{
  "Plan": {
    "Node Type": "Aggregate",
    "Strategy": "Plain",
    "Partial Mode": "Finalize",
    "Parallel Aware": false,
    "Startup Cost": 234272.82,
    "Total Cost": 234272.83,
    "Plan Rows": 1,
    "Plan Width": 8,
    "Actual Startup Time": 1453.437,
    "Actual Total Time": 1472.763,
    "Actual Rows": 1,
    "Actual Loops": 1,
    "Plans": [
      {
        "Node Type": "Gather",
        "Parent Relationship": "Outer",
        "Parallel Aware": false,
        "Startup Cost": 234272.71,
        "Total Cost": 234272.82,
        "Plan Rows": 1,
        "Plan Width": 8,
        "Actual Startup Time": 1447.475,
        "Actual Total Time": 1472.755,
        "Actual Rows": 2,
        "Actual Loops": 1,
        "Workers Planned": 1,
        "Workers Launched": 1,
        "Single Copy": false,
        "Plans": [
          {
            "Node Type": "Aggregate",
            "Strategy": "Plain",
            "Partial Mode": "Partial",
            "Parent Relationship": "Outer",
            "Parallel Aware": false,
            "Startup Cost": 233272.71,
            "Total Cost": 233272.72,
            "Plan Rows": 1,
            "Plan Width": 8,
            "Actual Startup Time": 1440.775,
            "Actual Total Time": 1440.777,
            "Actual Rows": 1,
            "Actual Loops": 2,
            "Plans": [
              {
                "Node Type": "Merge Join",
                "Parent Relationship": "Outer",
                "Parallel Aware": false,
                "Join Type": "Inner",
                "Startup Cost": 121124.85,
                "Total Cost": 232750.42,
                "Plan Rows": 208915,
                "Plan Width": 0,
                "Actual Startup Time": 485.467,
                "Actual Total Time": 1423.517,
                "Actual Rows": 298449,
                "Actual Loops": 2,
                "Inner Unique": false,
                "Merge Cond": "(t.id = ci.movie_id)",
                "Plans": [
                  {
                    "Node Type": "Index Scan",
                    "Parent Relationship": "Outer",
                    "Parallel Aware": true,
                    "Scan Direction": "Forward",
                    "Index Name": "title_pkey",
                    "Relation Name": "title",
                    "Alias": "t",
                    "Startup Cost": 0.43,
                    "Total Cost": 103647.43,
                    "Plan Rows": 583193,
                    "Plan Width": 4,
                    "Actual Startup Time": 0.358,
                    "Actual Total Time": 664.741,
                    "Actual Rows": 491841,
                    "Actual Loops": 2,
                    "Filter": "(kind_id < 7)",
                    "Rows Removed by Filter": 771137
                  },
                  {
                    "Node Type": "Sort",
                    "Parent Relationship": "Inner",
                    "Parallel Aware": false,
                    "Startup Cost": 121124.32,
                    "Total Cost": 123388.57,
                    "Plan Rows": 905700,
                    "Plan Width": 4,
                    "Actual Startup Time": 484.941,
                    "Actual Total Time": 619.263,
                    "Actual Rows": 898389,
                    "Actual Loops": 2,
                    "Sort Key": [
                      "ci.movie_id"
                    ],
                    "Sort Method": "quicksort",
                    "Sort Space Used": 66688,
                    "Sort Space Type": "Memory",
                    "Workers": [
                      {
                        "Worker Number": 0,
                        "Sort Method": "quicksort",
                        "Sort Space Used": 66688,
                        "Sort Space Type": "Memory"
                      }
                    ],
                    "Plans": [
                      {
                        "Node Type": "Index Scan",
                        "Parent Relationship": "Outer",
                        "Parallel Aware": false,
                        "Scan Direction": "Forward",
                        "Index Name": "role_id_cast_info",
                        "Relation Name": "cast_info",
                        "Alias": "ci",
                        "Startup Cost": 0.56,
                        "Total Cost": 31511.31,
                        "Plan Rows": 905700,
                        "Plan Width": 4,
                        "Actual Startup Time": 0.163,
                        "Actual Total Time": 191.668,
                        "Actual Rows": 898389,
                        "Actual Loops": 2,
                        "Index Cond": "(role_id = 5)",
                        "Rows Removed by Index Recheck": 0
                      }
                    ]
                  }
                ]
              }
            ]
          }
        ]
      }
    ]
  },
  "Planning Time": 0.655,
  "Triggers": [],
  "Execution Time": 1480.574
}