[
  {
    "Plan": {
      "Node Type": "Aggregate",
      "Strategy": "Plain",
      "Partial Mode": "Finalize",
      "Parallel Aware": false,
      "Startup Cost": 360595.85,
      "Total Cost": 360595.86,
      "Plan Rows": 1,
      "Plan Width": 8,
      "Actual Startup Time": 233.667,
      "Actual Total Time": 266.962,
      "Actual Rows": 1,
      "Actual Loops": 1,
      "Plans": [
        {
          "Node Type": "Gather",
          "Parent Relationship": "Outer",
          "Parallel Aware": false,
          "Startup Cost": 360595.43,
          "Total Cost": 360595.84,
          "Plan Rows": 4,
          "Plan Width": 8,
          "Actual Startup Time": 233.512,
          "Actual Total Time": 266.951,
          "Actual Rows": 5,
          "Actual Loops": 1,
          "Workers Planned": 4,
          "Workers Launched": 4,
          "Single Copy": false,
          "Plans": [
            {
              "Node Type": "Aggregate",
              "Strategy": "Plain",
              "Partial Mode": "Partial",
              "Parent Relationship": "Outer",
              "Parallel Aware": false,
              "Startup Cost": 359595.43,
              "Total Cost": 359595.44,
              "Plan Rows": 1,
              "Plan Width": 8,
              "Actual Startup Time": 225.058,
              "Actual Total Time": 225.06,
              "Actual Rows": 1,
              "Actual Loops": 5,
              "Plans": [
                {
                  "Node Type": "Nested Loop",
                  "Parent Relationship": "Outer",
                  "Parallel Aware": false,
                  "Join Type": "Inner",
                  "Startup Cost": 0.56,
                  "Total Cost": 359217.81,
                  "Plan Rows": 151048,
                  "Plan Width": 0,
                  "Actual Startup Time": 55.5,
                  "Actual Total Time": 222.759,
                  "Actual Rows": 21689,
                  "Actual Loops": 5,
                  "Inner Unique": false,
                  "Plans": [
                    {
                      "Node Type": "Seq Scan",
                      "Parent Relationship": "Outer",
                      "Parallel Aware": true,
                      "Relation Name": "title",
                      "Alias": "t",
                      "Startup Cost": 0.0,
                      "Total Cost": 43899.32,
                      "Plan Rows": 12790,
                      "Plan Width": 4,
                      "Actual Startup Time": 55.328,
                      "Actual Total Time": 91.819,
                      "Actual Rows": 10344,
                      "Actual Loops": 5,
                      "Filter": "(production_year < 1914)",
                      "Rows Removed by Filter": 495318
                    },
                    {
                      "Node Type": "Index Scan",
                      "Parent Relationship": "Inner",
                      "Parallel Aware": false,
                      "Scan Direction": "Forward",
                      "Index Name": "movie_id_cast_info",
                      "Relation Name": "cast_info",
                      "Alias": "ci",
                      "Startup Cost": 0.56,
                      "Total Cost": 24.36,
                      "Plan Rows": 29,
                      "Plan Width": 4,
                      "Actual Startup Time": 0.008,
                      "Actual Total Time": 0.012,
                      "Actual Rows": 2,
                      "Actual Loops": 51722,
                      "Index Cond": "(movie_id = t.id)",
                      "Rows Removed by Index Recheck": 0,
                      "Filter": "(person_id < 3021028)",
                      "Rows Removed by Filter": 0
                    }
                  ]
                }
              ]
            }
          ]
        }
      ]
    },
    "Planning Time": 0.281,
    "Triggers": [],
    "Execution Time": 267.01
  }
]