[
  {
    "Plan": {
      "Node Type": "Aggregate",
      "Strategy": "Plain",
      "Partial Mode": "Finalize",
      "Parallel Aware": false,
      "Startup Cost": 90181.07,
      "Total Cost": 90181.08,
      "Plan Rows": 1,
      "Plan Width": 8,
      "Actual Startup Time": 270.792,
      "Actual Total Time": 291.296,
      "Actual Rows": 1,
      "Actual Loops": 1,
      "Plans": [
        {
          "Node Type": "Gather",
          "Parent Relationship": "Outer",
          "Parallel Aware": false,
          "Startup Cost": 90180.75,
          "Total Cost": 90181.06,
          "Plan Rows": 3,
          "Plan Width": 8,
          "Actual Startup Time": 269.357,
          "Actual Total Time": 291.287,
          "Actual Rows": 4,
          "Actual Loops": 1,
          "Workers Planned": 3,
          "Workers Launched": 3,
          "Single Copy": false,
          "Plans": [
            {
              "Node Type": "Aggregate",
              "Strategy": "Plain",
              "Partial Mode": "Partial",
              "Parent Relationship": "Outer",
              "Parallel Aware": false,
              "Startup Cost": 89180.75,
              "Total Cost": 89180.76,
              "Plan Rows": 1,
              "Plan Width": 8,
              "Actual Startup Time": 260.675,
              "Actual Total Time": 260.745,
              "Actual Rows": 1,
              "Actual Loops": 4,
              "Plans": [
                {
                  "Node Type": "Hash Join",
                  "Parent Relationship": "Outer",
                  "Parallel Aware": true,
                  "Join Type": "Inner",
                  "Startup Cost": 45813.09,
                  "Total Cost": 89154.75,
                  "Plan Rows": 10403,
                  "Plan Width": 0,
                  "Actual Startup Time": 135.862,
                  "Actual Total Time": 258.981,
                  "Actual Rows": 34404,
                  "Actual Loops": 4,
                  "Inner Unique": true,
                  "Hash Cond": "(mk.movie_id = t.id)",
                  "Plans": [
                    {
                      "Node Type": "Seq Scan",
                      "Parent Relationship": "Outer",
                      "Parallel Aware": true,
                      "Relation Name": "movie_keyword",
                      "Alias": "mk",
                      "Startup Cost": 0.0,
                      "Total Cost": 42695.65,
                      "Plan Rows": 246098,
                      "Plan Width": 4,
                      "Actual Startup Time": 2.277,
                      "Actual Total Time": 98.097,
                      "Actual Rows": 187992,
                      "Actual Loops": 4,
                      "Filter": "(keyword_id > 24882)",
                      "Rows Removed by Filter": 942990
                    },
                    {
                      "Node Type": "Hash",
                      "Parent Relationship": "Inner",
                      "Parallel Aware": true,
                      "Startup Cost": 45479.1,
                      "Total Cost": 45479.1,
                      "Plan Rows": 26719,
                      "Plan Width": 4,
                      "Actual Startup Time": 131.317,
                      "Actual Total Time": 131.318,
                      "Actual Rows": 53104,
                      "Actual Loops": 4,
                      "Hash Buckets": 262144,
                      "Original Hash Buckets": 131072,
                      "Hash Batches": 1,
                      "Original Hash Batches": 1,
                      "Peak Memory Usage": 11456,
                      "Plans": [
                        {
                          "Node Type": "Seq Scan",
                          "Parent Relationship": "Outer",
                          "Parallel Aware": true,
                          "Relation Name": "title",
                          "Alias": "t",
                          "Startup Cost": 0.0,
                          "Total Cost": 45479.1,
                          "Plan Rows": 26719,
                          "Plan Width": 4,
                          "Actual Startup Time": 0.168,
                          "Actual Total Time": 105.043,
                          "Actual Rows": 53104,
                          "Actual Loops": 4,
                          "Filter": "((kind_id < 7) AND (production_year < 1964))",
                          "Rows Removed by Filter": 578974
                        }
                      ]
                    }
                  ]
                }
              ]
            }
          ]
        }
      ]
    },
    "Planning Time": 0.611,
    "Triggers": [],
    "Execution Time": 291.363
  }
]