{
    "Plan": {
        "Node Type": "Aggregate",
        "Strategy": "Plain",
        "Partial Mode": "Finalize",
        "Parallel Aware": false,
        "Startup Cost": 268493.09,
        "Total Cost": 268493.1,
        "Plan Rows": 1,
        "Plan Width": 8,
        "Actual Startup Time": 782.738,
        "Actual Total Time": 860.319,
        "Actual Rows": 1,
        "Actual Loops": 1,
        "Output": [
            "count(*)"
        ],
        "Plans": [
            {
                "Node Type": "Gather",
                "Parent Relationship": "Outer",
                "Parallel Aware": false,
                "Startup Cost": 268492.57,
                "Total Cost": 268493.08,
                "Plan Rows": 5,
                "Plan Width": 8,
                "Actual Startup Time": 781.684,
                "Actual Total Time": 860.305,
                "Actual Rows": 6,
                "Actual Loops": 1,
                "Output": [
                    "(PARTIAL count(*))"
                ],
                "Workers Planned": 5,
                "Workers Launched": 5,
                "Single Copy": false,
                "Plans": [
                    {
                        "Node Type": "Aggregate",
                        "Strategy": "Plain",
                        "Partial Mode": "Partial",
                        "Parent Relationship": "Outer",
                        "Parallel Aware": false,
                        "Startup Cost": 267492.57,
                        "Total Cost": 267492.58,
                        "Plan Rows": 1,
                        "Plan Width": 8,
                        "Actual Startup Time": 770.885,
                        "Actual Total Time": 770.89,
                        "Actual Rows": 1,
                        "Actual Loops": 6,
                        "Output": [
                            "PARTIAL count(*)"
                        ],
                        "Workers": [
                            {
                                "Worker Number": 0,
                                "Actual Startup Time": 768.448,
                                "Actual Total Time": 768.452,
                                "Actual Rows": 1,
                                "Actual Loops": 1
                            },
                            {
                                "Worker Number": 1,
                                "Actual Startup Time": 768.827,
                                "Actual Total Time": 768.832,
                                "Actual Rows": 1,
                                "Actual Loops": 1
                            },
                            {
                                "Worker Number": 2,
                                "Actual Startup Time": 769.086,
                                "Actual Total Time": 769.091,
                                "Actual Rows": 1,
                                "Actual Loops": 1
                            },
                            {
                                "Worker Number": 3,
                                "Actual Startup Time": 769.054,
                                "Actual Total Time": 769.059,
                                "Actual Rows": 1,
                                "Actual Loops": 1
                            },
                            {
                                "Worker Number": 4,
                                "Actual Startup Time": 769.156,
                                "Actual Total Time": 769.16,
                                "Actual Rows": 1,
                                "Actual Loops": 1
                            }
                        ],
                        "Plans": [
                            {
                                "Node Type": "Nested Loop",
                                "Parent Relationship": "Outer",
                                "Parallel Aware": false,
                                "Join Type": "Inner",
                                "Startup Cost": 45804.06,
                                "Total Cost": 267289.23,
                                "Plan Rows": 81337,
                                "Plan Width": 0,
                                "Actual Startup Time": 142.6,
                                "Actual Total Time": 761.593,
                                "Actual Rows": 100711,
                                "Actual Loops": 6,
                                "Inner Unique": false,
                                "Join Filter": "(t.id = ci.movie_id)",
                                "Rows Removed by Join Filter": 0,
                                "Workers": [
                                    {
                                        "Worker Number": 0,
                                        "Actual Startup Time": 140.196,
                                        "Actual Total Time": 759.125,
                                        "Actual Rows": 82477,
                                        "Actual Loops": 1
                                    },
                                    {
                                        "Worker Number": 1,
                                        "Actual Startup Time": 140.568,
                                        "Actual Total Time": 759.859,
                                        "Actual Rows": 79513,
                                        "Actual Loops": 1
                                    },
                                    {
                                        "Worker Number": 2,
                                        "Actual Startup Time": 140.867,
                                        "Actual Total Time": 760.238,
                                        "Actual Rows": 78996,
                                        "Actual Loops": 1
                                    },
                                    {
                                        "Worker Number": 3,
                                        "Actual Startup Time": 140.796,
                                        "Actual Total Time": 760.19,
                                        "Actual Rows": 79002,
                                        "Actual Loops": 1
                                    },
                                    {
                                        "Worker Number": 4,
                                        "Actual Startup Time": 140.784,
                                        "Actual Total Time": 761.265,
                                        "Actual Rows": 109425,
                                        "Actual Loops": 1
                                    }
                                ],
                                "Plans": [
                                    {
                                        "Node Type": "Hash Join",
                                        "Parent Relationship": "Outer",
                                        "Parallel Aware": true,
                                        "Join Type": "Inner",
                                        "Startup Cost": 45803.5,
                                        "Total Cost": 245047.02,
                                        "Plan Rows": 5673,
                                        "Plan Width": 8,
                                        "Actual Startup Time": 142.478,
                                        "Actual Total Time": 483.033,
                                        "Actual Rows": 4722,
                                        "Actual Loops": 6,
                                        "Output": [
                                            "t.id",
                                            "mi.movie_id"
                                        ],
                                        "Inner Unique": true,
                                        "Hash Cond": "(mi.movie_id = t.id)",
                                        "Workers": [
                                            {
                                                "Worker Number": 0,
                                                "Actual Startup Time": 140.061,
                                                "Actual Total Time": 475.732,
                                                "Actual Rows": 3735,
                                                "Actual Loops": 1
                                            },
                                            {
                                                "Worker Number": 1,
                                                "Actual Startup Time": 140.434,
                                                "Actual Total Time": 477.353,
                                                "Actual Rows": 3836,
                                                "Actual Loops": 1
                                            },
                                            {
                                                "Worker Number": 2,
                                                "Actual Startup Time": 140.736,
                                                "Actual Total Time": 478.214,
                                                "Actual Rows": 3720,
                                                "Actual Loops": 1
                                            },
                                            {
                                                "Worker Number": 3,
                                                "Actual Startup Time": 140.651,
                                                "Actual Total Time": 476.245,
                                                "Actual Rows": 3812,
                                                "Actual Loops": 1
                                            },
                                            {
                                                "Worker Number": 4,
                                                "Actual Startup Time": 140.645,
                                                "Actual Total Time": 478.102,
                                                "Actual Rows": 5093,
                                                "Actual Loops": 1
                                            }
                                        ],
                                        "Plans": [
                                            {
                                                "Node Type": "Seq Scan",
                                                "Parent Relationship": "Outer",
                                                "Parallel Aware": true,
                                                "Relation Name": "movie_info",
                                                "Schema": "public",
                                                "Alias": "mi",
                                                "Startup Cost": 0.0,
                                                "Total Cost": 198880.74,
                                                "Plan Rows": 138206,
                                                "Plan Width": 4,
                                                "Actual Startup Time": 20.402,
                                                "Actual Total Time": 350.332,
                                                "Actual Rows": 110154,
                                                "Actual Loops": 6,
                                                "Output": [
                                                    "mi.id",
                                                    "mi.movie_id",
                                                    "mi.info_type_id",
                                                    "mi.info",
                                                    "mi.note"
                                                ],
                                                "Filter": "(mi.info_type_id = 18)",
                                                "Rows Removed by Filter": 2362466,
                                                "Workers": [
                                                    {
                                                        "Worker Number": 0,
                                                        "Actual Startup Time": 20.362,
                                                        "Actual Total Time": 349.448,
                                                        "Actual Rows": 91068,
                                                        "Actual Loops": 1
                                                    },
                                                    {
                                                        "Worker Number": 1,
                                                        "Actual Startup Time": 20.359,
                                                        "Actual Total Time": 349.635,
                                                        "Actual Rows": 94842,
                                                        "Actual Loops": 1
                                                    },
                                                    {
                                                        "Worker Number": 2,
                                                        "Actual Startup Time": 20.308,
                                                        "Actual Total Time": 350.074,
                                                        "Actual Rows": 95462,
                                                        "Actual Loops": 1
                                                    },
                                                    {
                                                        "Worker Number": 3,
                                                        "Actual Startup Time": 20.322,
                                                        "Actual Total Time": 348.404,
                                                        "Actual Rows": 92688,
                                                        "Actual Loops": 1
                                                    },
                                                    {
                                                        "Worker Number": 4,
                                                        "Actual Startup Time": 20.534,
                                                        "Actual Total Time": 348.941,
                                                        "Actual Rows": 126949,
                                                        "Actual Loops": 1
                                                    }
                                                ]
                                            },
                                            {
                                                "Node Type": "Hash",
                                                "Parent Relationship": "Inner",
                                                "Parallel Aware": true,
                                                "Startup Cost": 45479.21,
                                                "Total Cost": 45479.21,
                                                "Plan Rows": 25943,
                                                "Plan Width": 4,
                                                "Actual Startup Time": 105.987,
                                                "Actual Total Time": 105.988,
                                                "Actual Rows": 18598,
                                                "Actual Loops": 6,
                                                "Output": [
                                                    "t.id"
                                                ],
                                                "Hash Buckets": 131072,
                                                "Original Hash Buckets": 131072,
                                                "Hash Batches": 1,
                                                "Original Hash Batches": 1,
                                                "Peak Memory Usage": 5504,
                                                "Workers": [
                                                    {
                                                        "Worker Number": 0,
                                                        "Actual Startup Time": 104.619,
                                                        "Actual Total Time": 104.62,
                                                        "Actual Rows": 16574,
                                                        "Actual Loops": 1
                                                    },
                                                    {
                                                        "Worker Number": 1,
                                                        "Actual Startup Time": 104.991,
                                                        "Actual Total Time": 104.993,
                                                        "Actual Rows": 17252,
                                                        "Actual Loops": 1
                                                    },
                                                    {
                                                        "Worker Number": 2,
                                                        "Actual Startup Time": 105.249,
                                                        "Actual Total Time": 105.25,
                                                        "Actual Rows": 16951,
                                                        "Actual Loops": 1
                                                    },
                                                    {
                                                        "Worker Number": 3,
                                                        "Actual Startup Time": 105.227,
                                                        "Actual Total Time": 105.229,
                                                        "Actual Rows": 17155,
                                                        "Actual Loops": 1
                                                    },
                                                    {
                                                        "Worker Number": 4,
                                                        "Actual Startup Time": 105.201,
                                                        "Actual Total Time": 105.203,
                                                        "Actual Rows": 22161,
                                                        "Actual Loops": 1
                                                    }
                                                ],
                                                "Plans": [
                                                    {
                                                        "Node Type": "Seq Scan",
                                                        "Parent Relationship": "Outer",
                                                        "Parallel Aware": true,
                                                        "Relation Name": "title",
                                                        "Schema": "public",
                                                        "Alias": "t",
                                                        "Startup Cost": 0.0,
                                                        "Total Cost": 45479.21,
                                                        "Plan Rows": 25943,
                                                        "Plan Width": 4,
                                                        "Actual Startup Time": 63.723,
                                                        "Actual Total Time": 98.225,
                                                        "Actual Rows": 18598,
                                                        "Actual Loops": 6,
                                                        "Output": [
                                                            "t.id"
                                                        ],
                                                        "Filter": "((t.production_year < 2012) AND (t.kind_id = 4))",
                                                        "Rows Removed by Filter": 402788,
                                                        "Workers": [
                                                            {
                                                                "Worker Number": 0,
                                                                "Actual Startup Time": 61.165,
                                                                "Actual Total Time": 96.468,
                                                                "Actual Rows": 16574,
                                                                "Actual Loops": 1
                                                            },
                                                            {
                                                                "Worker Number": 1,
                                                                "Actual Startup Time": 61.151,
                                                                "Actual Total Time": 97.566,
                                                                "Actual Rows": 17252,
                                                                "Actual Loops": 1
                                                            },
                                                            {
                                                                "Worker Number": 2,
                                                                "Actual Startup Time": 67.281,
                                                                "Actual Total Time": 98.073,
                                                                "Actual Rows": 16951,
                                                                "Actual Loops": 1
                                                            },
                                                            {
                                                                "Worker Number": 3,
                                                                "Actual Startup Time": 61.841,
                                                                "Actual Total Time": 97.894,
                                                                "Actual Rows": 17155,
                                                                "Actual Loops": 1
                                                            },
                                                            {
                                                                "Worker Number": 4,
                                                                "Actual Startup Time": 61.405,
                                                                "Actual Total Time": 97.697,
                                                                "Actual Rows": 22161,
                                                                "Actual Loops": 1
                                                            }
                                                        ]
                                                    }
                                                ]
                                            }
                                        ]
                                    },
                                    {
                                        "Node Type": "Index Only Scan",
                                        "Parent Relationship": "Inner",
                                        "Parallel Aware": false,
                                        "Scan Direction": "Forward",
                                        "Index Name": "movie_id_cast_info",
                                        "Relation Name": "cast_info",
                                        "Schema": "public",
                                        "Alias": "ci",
                                        "Startup Cost": 0.56,
                                        "Total Cost": 3.45,
                                        "Plan Rows": 38,
                                        "Plan Width": 4,
                                        "Actual Startup Time": 0.009,
                                        "Actual Total Time": 0.055,
                                        "Actual Rows": 21,
                                        "Actual Loops": 28332,
                                        "Output": [
                                            "ci.movie_id"
                                        ],
                                        "Index Cond": "(ci.movie_id = mi.movie_id)",
                                        "Rows Removed by Index Recheck": 0,
                                        "Heap Fetches": 604265,
                                        "Workers": [
                                            {
                                                "Worker Number": 0,
                                                "Actual Startup Time": 0.011,
                                                "Actual Total Time": 0.071,
                                                "Actual Rows": 22,
                                                "Actual Loops": 3735
                                            },
                                            {
                                                "Worker Number": 1,
                                                "Actual Startup Time": 0.011,
                                                "Actual Total Time": 0.069,
                                                "Actual Rows": 21,
                                                "Actual Loops": 3836
                                            },
                                            {
                                                "Worker Number": 2,
                                                "Actual Startup Time": 0.012,
                                                "Actual Total Time": 0.071,
                                                "Actual Rows": 21,
                                                "Actual Loops": 3720
                                            },
                                            {
                                                "Worker Number": 3,
                                                "Actual Startup Time": 0.011,
                                                "Actual Total Time": 0.07,
                                                "Actual Rows": 21,
                                                "Actual Loops": 3812
                                            },
                                            {
                                                "Worker Number": 4,
                                                "Actual Startup Time": 0.009,
                                                "Actual Total Time": 0.053,
                                                "Actual Rows": 21,
                                                "Actual Loops": 5093
                                            }
                                        ]
                                    }
                                ]
                            }
                        ]
                    }
                ]
            }
        ]
    },
    "Planning Time": 1.689,
    "Triggers": [],
    "Execution Time": 860.441
}