[
  {
    "Plan": {
      "Node Type": "Aggregate",
      "Strategy": "Plain",
      "Partial Mode": "Finalize",
      "Parallel Aware": false,
      "Startup Cost": 64230.67,
      "Total Cost": 64230.68,
      "Plan Rows": 1,
      "Plan Width": 8,
      "Actual Startup Time": 288.716,
      "Actual Total Time": 301.145,
      "Actual Rows": 1,
      "Actual Loops": 1,
      "Plans": [
        {
          "Node Type": "Gather",
          "Parent Relationship": "Outer",
          "Parallel Aware": false,
          "Startup Cost": 64230.45,
          "Total Cost": 64230.66,
          "Plan Rows": 2,
          "Plan Width": 8,
          "Actual Startup Time": 285.773,
          "Actual Total Time": 301.137,
          "Actual Rows": 3,
          "Actual Loops": 1,
          "Workers Planned": 2,
          "Workers Launched": 2,
          "Single Copy": false,
          "Plans": [
            {
              "Node Type": "Aggregate",
              "Strategy": "Plain",
              "Partial Mode": "Partial",
              "Parent Relationship": "Outer",
              "Parallel Aware": false,
              "Startup Cost": 63230.45,
              "Total Cost": 63230.46,
              "Plan Rows": 1,
              "Plan Width": 8,
              "Actual Startup Time": 278.295,
              "Actual Total Time": 278.298,
              "Actual Rows": 1,
              "Actual Loops": 3,
              "Plans": [
                {
                  "Node Type": "Hash Join",
                  "Parent Relationship": "Outer",
                  "Parallel Aware": true,
                  "Join Type": "Inner",
                  "Startup Cost": 47482.15,
                  "Total Cost": 63108.77,
                  "Plan Rows": 48671,
                  "Plan Width": 0,
                  "Actual Startup Time": 224.083,
                  "Actual Total Time": 275.545,
                  "Actual Rows": 69235,
                  "Actual Loops": 3,
                  "Inner Unique": true,
                  "Hash Cond": "(mi_idx.movie_id = t.id)",
                  "Plans": [
                    {
                      "Node Type": "Seq Scan",
                      "Parent Relationship": "Outer",
                      "Parallel Aware": true,
                      "Relation Name": "movie_info_idx",
                      "Alias": "mi_idx",
                      "Startup Cost": 0.0,
                      "Total Cost": 15122.68,
                      "Plan Rows": 191978,
                      "Plan Width": 4,
                      "Actual Startup Time": 0.026,
                      "Actual Total Time": 36.459,
                      "Actual Rows": 153308,
                      "Actual Loops": 3,
                      "Filter": "(info_type_id = 101)",
                      "Rows Removed by Filter": 306703
                    },
                    {
                      "Node Type": "Hash",
                      "Parent Relationship": "Inner",
                      "Parallel Aware": true,
                      "Startup Cost": 45479.1,
                      "Total Cost": 45479.1,
                      "Plan Rows": 160244,
                      "Plan Width": 4,
                      "Actual Startup Time": 188.125,
                      "Actual Total Time": 188.126,
                      "Actual Rows": 213508,
                      "Actual Loops": 3,
                      "Hash Buckets": 1048576,
                      "Original Hash Buckets": 1048576,
                      "Hash Batches": 1,
                      "Original Hash Batches": 1,
                      "Peak Memory Usage": 33280,
                      "Plans": [
                        {
                          "Node Type": "Seq Scan",
                          "Parent Relationship": "Outer",
                          "Parallel Aware": true,
                          "Relation Name": "title",
                          "Alias": "t",
                          "Startup Cost": 0.0,
                          "Total Cost": 45479.1,
                          "Plan Rows": 160244,
                          "Plan Width": 4,
                          "Actual Startup Time": 49.704,
                          "Actual Total Time": 123.35,
                          "Actual Rows": 213508,
                          "Actual Loops": 3,
                          "Filter": "((production_year > 1905) AND (kind_id = 1))",
                          "Rows Removed by Filter": 629263
                        }
                      ]
                    }
                  ]
                }
              ]
            }
          ]
        }
      ]
    },
    "Planning Time": 0.621,
    "Triggers": [],
    "Execution Time": 301.224
  }
]