{
  "Plan": {
    "Node Type": "Aggregate",
    "Strategy": "Plain",
    "Partial Mode": "Finalize",
    "Parallel Aware": false,
    "Startup Cost": 151575.25,
    "Total Cost": 151575.26,
    "Plan Rows": 1,
    "Plan Width": 8,
    "Actual Startup Time": 1023.555,
    "Actual Total Time": 1063.372,
    "Actual Rows": 1,
    "Actual Loops": 1,
    "Plans": [
      {
        "Node Type": "Gather",
        "Parent Relationship": "Outer",
        "Parallel Aware": false,
        "Startup Cost": 151575.14,
        "Total Cost": 151575.25,
        "Plan Rows": 1,
        "Plan Width": 8,
        "Actual Startup Time": 1023.09,
        "Actual Total Time": 1063.363,
        "Actual Rows": 2,
        "Actual Loops": 1,
        "Workers Planned": 1,
        "Workers Launched": 1,
        "Single Copy": false,
        "Plans": [
          {
            "Node Type": "Aggregate",
            "Strategy": "Plain",
            "Partial Mode": "Partial",
            "Parent Relationship": "Outer",
            "Parallel Aware": false,
            "Startup Cost": 150575.14,
            "Total Cost": 150575.15,
            "Plan Rows": 1,
            "Plan Width": 8,
            "Actual Startup Time": 1016.838,
            "Actual Total Time": 1016.842,
            "Actual Rows": 1,
            "Actual Loops": 2,
            "Plans": [
              {
                "Node Type": "Nested Loop",
                "Parent Relationship": "Outer",
                "Parallel Aware": false,
                "Join Type": "Inner",
                "Startup Cost": 23115.21,
                "Total Cost": 150230.21,
                "Plan Rows": 137972,
                "Plan Width": 0,
                "Actual Startup Time": 150.763,
                "Actual Total Time": 977.982,
                "Actual Rows": 887736,
                "Actual Loops": 2,
                "Inner Unique": false,
                "Plans": [
                  {
                    "Node Type": "Hash Join",
                    "Parent Relationship": "Outer",
                    "Parallel Aware": true,
                    "Join Type": "Inner",
                    "Startup Cost": 23114.78,
                    "Total Cost": 81509.35,
                    "Plan Rows": 27409,
                    "Plan Width": 8,
                    "Actual Startup Time": 150.696,
                    "Actual Total Time": 286.864,
                    "Actual Rows": 57068,
                    "Actual Loops": 2,
                    "Inner Unique": false,
                    "Hash Cond": "(t.id = mc.movie_id)",
                    "Plans": [
                      {
                        "Node Type": "Seq Scan",
                        "Parent Relationship": "Outer",
                        "Parallel Aware": true,
                        "Relation Name": "title",
                        "Alias": "t",
                        "Startup Cost": 0.0,
                        "Total Cost": 54588.39,
                        "Plan Rows": 583193,
                        "Plan Width": 4,
                        "Actual Startup Time": 0.012,
                        "Actual Total Time": 129.689,
                        "Actual Rows": 492524,
                        "Actual Loops": 2,
                        "Filter": "(kind_id < 7)",
                        "Rows Removed by Filter": 771632
                      },
                      {
                        "Node Type": "Hash",
                        "Parent Relationship": "Inner",
                        "Parallel Aware": true,
                        "Startup Cost": 22241.05,
                        "Total Cost": 22241.05,
                        "Plan Rows": 69898,
                        "Plan Width": 4,
                        "Actual Startup Time": 56.131,
                        "Actual Total Time": 56.133,
                        "Actual Rows": 57068,
                        "Actual Loops": 2,
                        "Hash Buckets": 131072,
                        "Original Hash Buckets": 131072,
                        "Hash Batches": 1,
                        "Original Hash Batches": 1,
                        "Peak Memory Usage": 5504,
                        "Plans": [
                          {
                            "Node Type": "Bitmap Heap Scan",
                            "Parent Relationship": "Outer",
                            "Parallel Aware": true,
                            "Relation Name": "movie_companies",
                            "Alias": "mc",
                            "Startup Cost": 2577.33,
                            "Total Cost": 22241.05,
                            "Plan Rows": 69898,
                            "Plan Width": 4,
                            "Actual Startup Time": 14.173,
                            "Actual Total Time": 42.124,
                            "Actual Rows": 57068,
                            "Actual Loops": 2,
                            "Recheck Cond": "(company_id > 149582)",
                            "Rows Removed by Index Recheck": 0,
                            "Exact Heap Blocks": 2609,
                            "Lossy Heap Blocks": 0,
                            "Plans": [
                              {
                                "Node Type": "Bitmap Index Scan",
                                "Parent Relationship": "Outer",
                                "Parallel Aware": false,
                                "Index Name": "company_id_movie_companies",
                                "Startup Cost": 0.0,
                                "Total Cost": 2547.62,
                                "Plan Rows": 118826,
                                "Plan Width": 0,
                                "Actual Startup Time": 16.873,
                                "Actual Total Time": 16.873,
                                "Actual Rows": 114135,
                                "Actual Loops": 1,
                                "Index Cond": "(company_id > 149582)"
                              }
                            ]
                          }
                        ]
                      }
                    ]
                  },
                  {
                    "Node Type": "Index Scan",
                    "Parent Relationship": "Inner",
                    "Parallel Aware": false,
                    "Scan Direction": "Forward",
                    "Index Name": "movie_id_movie_info",
                    "Relation Name": "movie_info",
                    "Alias": "mi",
                    "Startup Cost": 0.43,
                    "Total Cost": 2.15,
                    "Plan Rows": 36,
                    "Plan Width": 4,
                    "Actual Startup Time": 0.004,
                    "Actual Total Time": 0.011,
                    "Actual Rows": 16,
                    "Actual Loops": 114135,
                    "Index Cond": "(movie_id = t.id)",
                    "Rows Removed by Index Recheck": 0,
                    "Filter": "(info_type_id > 2)",
                    "Rows Removed by Filter": 2
                  }
                ]
              }
            ]
          }
        ]
      }
    ]
  },
  "Planning Time": 0.98,
  "Triggers": [],
  "Execution Time": 1063.489
}