{
  "Plan": {
    "Node Type": "Aggregate",
    "Strategy": "Plain",
    "Partial Mode": "Finalize",
    "Parallel Aware": false,
    "Startup Cost": 112399.16,
    "Total Cost": 112399.17,
    "Plan Rows": 1,
    "Plan Width": 8,
    "Actual Startup Time": 563.927,
    "Actual Total Time": 580.023,
    "Actual Rows": 1,
    "Actual Loops": 1,
    "Plans": [
      {
        "Node Type": "Gather",
        "Parent Relationship": "Outer",
        "Parallel Aware": false,
        "Startup Cost": 112399.05,
        "Total Cost": 112399.16,
        "Plan Rows": 1,
        "Plan Width": 8,
        "Actual Startup Time": 562.313,
        "Actual Total Time": 580.014,
        "Actual Rows": 2,
        "Actual Loops": 1,
        "Workers Planned": 1,
        "Workers Launched": 1,
        "Single Copy": false,
        "Plans": [
          {
            "Node Type": "Aggregate",
            "Strategy": "Plain",
            "Partial Mode": "Partial",
            "Parent Relationship": "Outer",
            "Parallel Aware": false,
            "Startup Cost": 111399.05,
            "Total Cost": 111399.06,
            "Plan Rows": 1,
            "Plan Width": 8,
            "Actual Startup Time": 556.79,
            "Actual Total Time": 556.794,
            "Actual Rows": 1,
            "Actual Loops": 2,
            "Plans": [
              {
                "Node Type": "Hash Join",
                "Parent Relationship": "Outer",
                "Parallel Aware": true,
                "Join Type": "Inner",
                "Startup Cost": 47451.55,
                "Total Cost": 110271.09,
                "Plan Rows": 451186,
                "Plan Width": 0,
                "Actual Startup Time": 191.865,
                "Actual Total Time": 547.009,
                "Actual Rows": 240344,
                "Actual Loops": 2,
                "Inner Unique": false,
                "Hash Cond": "(t.id = mc.movie_id)",
                "Plans": [
                  {
                    "Node Type": "Seq Scan",
                    "Parent Relationship": "Outer",
                    "Parallel Aware": true,
                    "Relation Name": "title",
                    "Alias": "t",
                    "Startup Cost": 0.0,
                    "Total Cost": 50870.31,
                    "Plan Rows": 1487231,
                    "Plan Width": 4,
                    "Actual Startup Time": 0.009,
                    "Actual Total Time": 115.698,
                    "Actual Rows": 1264156,
                    "Actual Loops": 2
                  },
                  {
                    "Node Type": "Hash",
                    "Parent Relationship": "Inner",
                    "Parallel Aware": true,
                    "Startup Cost": 41811.73,
                    "Total Cost": 41811.73,
                    "Plan Rows": 451186,
                    "Plan Width": 4,
                    "Actual Startup Time": 182.458,
                    "Actual Total Time": 182.459,
                    "Actual Rows": 240344,
                    "Actual Loops": 2,
                    "Hash Buckets": 1048576,
                    "Original Hash Buckets": 1048576,
                    "Hash Batches": 1,
                    "Original Hash Batches": 1,
                    "Peak Memory Usage": 27040,
                    "Plans": [
                      {
                        "Node Type": "Seq Scan",
                        "Parent Relationship": "Outer",
                        "Parallel Aware": true,
                        "Relation Name": "movie_companies",
                        "Alias": "mc",
                        "Startup Cost": 0.0,
                        "Total Cost": 41811.73,
                        "Plan Rows": 451186,
                        "Plan Width": 4,
                        "Actual Startup Time": 68.037,
                        "Actual Total Time": 126.717,
                        "Actual Rows": 240344,
                        "Actual Loops": 2,
                        "Filter": "((company_id < 14048) AND (company_type_id > 1))",
                        "Rows Removed by Filter": 1064220
                      }
                    ]
                  }
                ]
              }
            ]
          }
        ]
      }
    ]
  },
  "Planning Time": 0.659,
  "Triggers": [],
  "Execution Time": 580.089
}