[
    {
        "Bao": {
            "Bao prediction": 1172.746,
            "Bao recommended hint": "SET enable_mergejoin TO off; SET enable_indexscan TO off; "
        }
    },
    {
        "Plan": {
            "Node Type": "Aggregate",
            "Strategy": "Plain",
            "Partial Mode": "Finalize",
            "Parallel Aware": false,
            "Startup Cost": 87246.16,
            "Total Cost": 87246.17,
            "Plan Rows": 1,
            "Plan Width": 8,
            "Actual Startup Time": 238.145,
            "Actual Total Time": 252.635,
            "Actual Rows": 1,
            "Actual Loops": 1,
            "Output": [
                "count(*)"
            ],
            "Plans": [
                {
                    "Node Type": "Gather",
                    "Parent Relationship": "Outer",
                    "Parallel Aware": false,
                    "Startup Cost": 87245.84,
                    "Total Cost": 87246.15,
                    "Plan Rows": 3,
                    "Plan Width": 8,
                    "Actual Startup Time": 237.536,
                    "Actual Total Time": 252.627,
                    "Actual Rows": 4,
                    "Actual Loops": 1,
                    "Output": [
                        "(PARTIAL count(*))"
                    ],
                    "Workers Planned": 3,
                    "Workers Launched": 3,
                    "Single Copy": false,
                    "Plans": [
                        {
                            "Node Type": "Aggregate",
                            "Strategy": "Plain",
                            "Partial Mode": "Partial",
                            "Parent Relationship": "Outer",
                            "Parallel Aware": false,
                            "Startup Cost": 86245.84,
                            "Total Cost": 86245.85,
                            "Plan Rows": 1,
                            "Plan Width": 8,
                            "Actual Startup Time": 228.67,
                            "Actual Total Time": 228.674,
                            "Actual Rows": 1,
                            "Actual Loops": 4,
                            "Output": [
                                "PARTIAL count(*)"
                            ],
                            "Workers": [
                                {
                                    "Worker Number": 0,
                                    "Actual Startup Time": 225.697,
                                    "Actual Total Time": 225.701,
                                    "Actual Rows": 1,
                                    "Actual Loops": 1
                                },
                                {
                                    "Worker Number": 1,
                                    "Actual Startup Time": 225.973,
                                    "Actual Total Time": 225.978,
                                    "Actual Rows": 1,
                                    "Actual Loops": 1
                                },
                                {
                                    "Worker Number": 2,
                                    "Actual Startup Time": 226.246,
                                    "Actual Total Time": 226.25,
                                    "Actual Rows": 1,
                                    "Actual Loops": 1
                                }
                            ],
                            "Plans": [
                                {
                                    "Node Type": "Nested Loop",
                                    "Parent Relationship": "Outer",
                                    "Parallel Aware": false,
                                    "Join Type": "Inner",
                                    "Startup Cost": 50421.54,
                                    "Total Cost": 86223.43,
                                    "Plan Rows": 8965,
                                    "Plan Width": 0,
                                    "Actual Startup Time": 129.516,
                                    "Actual Total Time": 224.471,
                                    "Actual Rows": 65453,
                                    "Actual Loops": 4,
                                    "Inner Unique": false,
                                    "Join Filter": "(t.id = mi.movie_id)",
                                    "Rows Removed by Join Filter": 0,
                                    "Workers": [
                                        {
                                            "Worker Number": 0,
                                            "Actual Startup Time": 126.634,
                                            "Actual Total Time": 222.287,
                                            "Actual Rows": 44579,
                                            "Actual Loops": 1
                                        },
                                        {
                                            "Worker Number": 1,
                                            "Actual Startup Time": 127.07,
                                            "Actual Total Time": 221.471,
                                            "Actual Rows": 58735,
                                            "Actual Loops": 1
                                        },
                                        {
                                            "Worker Number": 2,
                                            "Actual Startup Time": 126.987,
                                            "Actual Total Time": 221.185,
                                            "Actual Rows": 66904,
                                            "Actual Loops": 1
                                        }
                                    ],
                                    "Plans": [
                                        {
                                            "Node Type": "Hash Join",
                                            "Parent Relationship": "Outer",
                                            "Parallel Aware": true,
                                            "Join Type": "Inner",
                                            "Startup Cost": 50420.08,
                                            "Total Cost": 76344.59,
                                            "Plan Rows": 1536,
                                            "Plan Width": 8,
                                            "Actual Startup Time": 129.427,
                                            "Actual Total Time": 177.178,
                                            "Actual Rows": 947,
                                            "Actual Loops": 4,
                                            "Output": [
                                                "t.id",
                                                "mk.movie_id"
                                            ],
                                            "Inner Unique": true,
                                            "Hash Cond": "(mk.movie_id = t.id)",
                                            "Workers": [
                                                {
                                                    "Worker Number": 0,
                                                    "Actual Startup Time": 126.519,
                                                    "Actual Total Time": 175.611,
                                                    "Actual Rows": 798,
                                                    "Actual Loops": 1
                                                },
                                                {
                                                    "Worker Number": 1,
                                                    "Actual Startup Time": 126.955,
                                                    "Actual Total Time": 172.473,
                                                    "Actual Rows": 668,
                                                    "Actual Loops": 1
                                                },
                                                {
                                                    "Worker Number": 2,
                                                    "Actual Startup Time": 126.891,
                                                    "Actual Total Time": 167.976,
                                                    "Actual Rows": 778,
                                                    "Actual Loops": 1
                                                }
                                            ],
                                            "Plans": [
                                                {
                                                    "Node Type": "Bitmap Heap Scan",
                                                    "Parent Relationship": "Outer",
                                                    "Parallel Aware": true,
                                                    "Relation Name": "movie_keyword",
                                                    "Schema": "public",
                                                    "Alias": "mk",
                                                    "Startup Cost": 6396.24,
                                                    "Total Cost": 32065.53,
                                                    "Plan Rows": 97224,
                                                    "Plan Width": 4,
                                                    "Actual Startup Time": 23.41,
                                                    "Actual Total Time": 60.651,
                                                    "Actual Rows": 74388,
                                                    "Actual Loops": 4,
                                                    "Output": [
                                                        "mk.id",
                                                        "mk.movie_id",
                                                        "mk.keyword_id"
                                                    ],
                                                    "Recheck Cond": "(mk.keyword_id > 54154)",
                                                    "Rows Removed by Index Recheck": 0,
                                                    "Exact Heap Blocks": 9686,
                                                    "Lossy Heap Blocks": 0,
                                                    "Workers": [
                                                        {
                                                            "Worker Number": 0,
                                                            "Actual Startup Time": 23.422,
                                                            "Actual Total Time": 62.587,
                                                            "Actual Rows": 60556,
                                                            "Actual Loops": 1
                                                        },
                                                        {
                                                            "Worker Number": 1,
                                                            "Actual Startup Time": 23.447,
                                                            "Actual Total Time": 59.622,
                                                            "Actual Rows": 54322,
                                                            "Actual Loops": 1
                                                        },
                                                        {
                                                            "Worker Number": 2,
                                                            "Actual Startup Time": 23.495,
                                                            "Actual Total Time": 55.844,
                                                            "Actual Rows": 49665,
                                                            "Actual Loops": 1
                                                        }
                                                    ],
                                                    "Plans": [
                                                        {
                                                            "Node Type": "Bitmap Index Scan",
                                                            "Parent Relationship": "Outer",
                                                            "Parallel Aware": false,
                                                            "Index Name": "keyword_id_movie_keyword",
                                                            "Startup Cost": 0.0,
                                                            "Total Cost": 6320.89,
                                                            "Plan Rows": 301394,
                                                            "Plan Width": 0,
                                                            "Actual Startup Time": 20.106,
                                                            "Actual Total Time": 20.107,
                                                            "Actual Rows": 297552,
                                                            "Actual Loops": 1,
                                                            "Index Cond": "(mk.keyword_id > 54154)"
                                                        }
                                                    ]
                                                },
                                                {
                                                    "Node Type": "Hash",
                                                    "Parent Relationship": "Inner",
                                                    "Parallel Aware": true,
                                                    "Startup Cost": 43899.01,
                                                    "Total Cost": 43899.01,
                                                    "Plan Rows": 9987,
                                                    "Plan Width": 4,
                                                    "Actual Startup Time": 104.216,
                                                    "Actual Total Time": 104.216,
                                                    "Actual Rows": 9109,
                                                    "Actual Loops": 4,
                                                    "Output": [
                                                        "t.id"
                                                    ],
                                                    "Hash Buckets": 65536,
                                                    "Original Hash Buckets": 65536,
                                                    "Hash Batches": 1,
                                                    "Original Hash Batches": 1,
                                                    "Peak Memory Usage": 1984,
                                                    "Workers": [
                                                        {
                                                            "Worker Number": 0,
                                                            "Actual Startup Time": 102.094,
                                                            "Actual Total Time": 102.095,
                                                            "Actual Rows": 7205,
                                                            "Actual Loops": 1
                                                        },
                                                        {
                                                            "Worker Number": 1,
                                                            "Actual Startup Time": 102.439,
                                                            "Actual Total Time": 102.44,
                                                            "Actual Rows": 6844,
                                                            "Actual Loops": 1
                                                        },
                                                        {
                                                            "Worker Number": 2,
                                                            "Actual Startup Time": 102.599,
                                                            "Actual Total Time": 102.6,
                                                            "Actual Rows": 6916,
                                                            "Actual Loops": 1
                                                        }
                                                    ],
                                                    "Plans": [
                                                        {
                                                            "Node Type": "Seq Scan",
                                                            "Parent Relationship": "Outer",
                                                            "Parallel Aware": true,
                                                            "Relation Name": "title",
                                                            "Schema": "public",
                                                            "Alias": "t",
                                                            "Startup Cost": 0.0,
                                                            "Total Cost": 43899.01,
                                                            "Plan Rows": 9987,
                                                            "Plan Width": 4,
                                                            "Actual Startup Time": 0.065,
                                                            "Actual Total Time": 99.08,
                                                            "Actual Rows": 9109,
                                                            "Actual Loops": 4,
                                                            "Output": [
                                                                "t.id"
                                                            ],
                                                            "Filter": "(t.production_year = 1995)",
                                                            "Rows Removed by Filter": 622969,
                                                            "Workers": [
                                                                {
                                                                    "Worker Number": 0,
                                                                    "Actual Startup Time": 0.046,
                                                                    "Actual Total Time": 97.389,
                                                                    "Actual Rows": 7205,
                                                                    "Actual Loops": 1
                                                                },
                                                                {
                                                                    "Worker Number": 1,
                                                                    "Actual Startup Time": 0.127,
                                                                    "Actual Total Time": 97.23,
                                                                    "Actual Rows": 6844,
                                                                    "Actual Loops": 1
                                                                },
                                                                {
                                                                    "Worker Number": 2,
                                                                    "Actual Startup Time": 0.06,
                                                                    "Actual Total Time": 97.321,
                                                                    "Actual Rows": 6916,
                                                                    "Actual Loops": 1
                                                                }
                                                            ]
                                                        }
                                                    ]
                                                }
                                            ]
                                        },
                                        {
                                            "Node Type": "Bitmap Heap Scan",
                                            "Parent Relationship": "Inner",
                                            "Parallel Aware": false,
                                            "Relation Name": "movie_info",
                                            "Schema": "public",
                                            "Alias": "mi",
                                            "Startup Cost": 1.46,
                                            "Total Cost": 5.94,
                                            "Plan Rows": 39,
                                            "Plan Width": 4,
                                            "Actual Startup Time": 0.013,
                                            "Actual Total Time": 0.038,
                                            "Actual Rows": 69,
                                            "Actual Loops": 3788,
                                            "Output": [
                                                "mi.id",
                                                "mi.movie_id",
                                                "mi.info_type_id",
                                                "mi.info",
                                                "mi.note"
                                            ],
                                            "Recheck Cond": "(mi.movie_id = mk.movie_id)",
                                            "Rows Removed by Index Recheck": 0,
                                            "Exact Heap Blocks": 20202,
                                            "Lossy Heap Blocks": 0,
                                            "Workers": [
                                                {
                                                    "Worker Number": 0,
                                                    "Actual Startup Time": 0.016,
                                                    "Actual Total Time": 0.047,
                                                    "Actual Rows": 56,
                                                    "Actual Loops": 798
                                                },
                                                {
                                                    "Worker Number": 1,
                                                    "Actual Startup Time": 0.018,
                                                    "Actual Total Time": 0.057,
                                                    "Actual Rows": 88,
                                                    "Actual Loops": 668
                                                },
                                                {
                                                    "Worker Number": 2,
                                                    "Actual Startup Time": 0.017,
                                                    "Actual Total Time": 0.052,
                                                    "Actual Rows": 86,
                                                    "Actual Loops": 778
                                                }
                                            ],
                                            "Plans": [
                                                {
                                                    "Node Type": "Bitmap Index Scan",
                                                    "Parent Relationship": "Outer",
                                                    "Parallel Aware": false,
                                                    "Index Name": "movie_id_movie_info",
                                                    "Startup Cost": 0.0,
                                                    "Total Cost": 1.45,
                                                    "Plan Rows": 39,
                                                    "Plan Width": 0,
                                                    "Actual Startup Time": 0.009,
                                                    "Actual Total Time": 0.009,
                                                    "Actual Rows": 69,
                                                    "Actual Loops": 3788,
                                                    "Index Cond": "(mi.movie_id = mk.movie_id)",
                                                    "Workers": [
                                                        {
                                                            "Worker Number": 0,
                                                            "Actual Startup Time": 0.012,
                                                            "Actual Total Time": 0.012,
                                                            "Actual Rows": 56,
                                                            "Actual Loops": 798
                                                        },
                                                        {
                                                            "Worker Number": 1,
                                                            "Actual Startup Time": 0.014,
                                                            "Actual Total Time": 0.014,
                                                            "Actual Rows": 88,
                                                            "Actual Loops": 668
                                                        },
                                                        {
                                                            "Worker Number": 2,
                                                            "Actual Startup Time": 0.012,
                                                            "Actual Total Time": 0.012,
                                                            "Actual Rows": 86,
                                                            "Actual Loops": 778
                                                        }
                                                    ]
                                                }
                                            ]
                                        }
                                    ]
                                }
                            ]
                        }
                    ]
                }
            ]
        },
        "Planning Time": 1175.496,
        "Triggers": [],
        "Execution Time": 252.777
    }
]