[
  {
    "Plan": {
      "Node Type": "Aggregate",
      "Strategy": "Plain",
      "Partial Mode": "Finalize",
      "Parallel Aware": false,
      "Startup Cost": 29878.78,
      "Total Cost": 29878.79,
      "Plan Rows": 1,
      "Plan Width": 8,
      "Actual Startup Time": 26.889,
      "Actual Total Time": 31.333,
      "Actual Rows": 1,
      "Actual Loops": 1,
      "Plans": [
        {
          "Node Type": "Gather",
          "Parent Relationship": "Outer",
          "Parallel Aware": false,
          "Startup Cost": 29878.57,
          "Total Cost": 29878.78,
          "Plan Rows": 2,
          "Plan Width": 8,
          "Actual Startup Time": 26.776,
          "Actual Total Time": 31.327,
          "Actual Rows": 3,
          "Actual Loops": 1,
          "Workers Planned": 2,
          "Workers Launched": 2,
          "Single Copy": false,
          "Plans": [
            {
              "Node Type": "Aggregate",
              "Strategy": "Plain",
              "Partial Mode": "Partial",
              "Parent Relationship": "Outer",
              "Parallel Aware": false,
              "Startup Cost": 28878.57,
              "Total Cost": 28878.58,
              "Plan Rows": 1,
              "Plan Width": 8,
              "Actual Startup Time": 22.563,
              "Actual Total Time": 22.566,
              "Actual Rows": 1,
              "Actual Loops": 3,
              "Plans": [
                {
                  "Node Type": "Nested Loop",
                  "Parent Relationship": "Outer",
                  "Parallel Aware": false,
                  "Join Type": "Inner",
                  "Startup Cost": 113.77,
                  "Total Cost": 28877.06,
                  "Plan Rows": 602,
                  "Plan Width": 0,
                  "Actual Startup Time": 1.337,
                  "Actual Total Time": 22.401,
                  "Actual Rows": 921,
                  "Actual Loops": 3,
                  "Inner Unique": true,
                  "Plans": [
                    {
                      "Node Type": "Bitmap Heap Scan",
                      "Parent Relationship": "Outer",
                      "Parallel Aware": true,
                      "Relation Name": "movie_keyword",
                      "Alias": "mk",
                      "Startup Cost": 113.34,
                      "Total Cost": 12888.65,
                      "Plan Rows": 2199,
                      "Plan Width": 4,
                      "Actual Startup Time": 1.098,
                      "Actual Total Time": 7.627,
                      "Actual Rows": 1506,
                      "Actual Loops": 3,
                      "Recheck Cond": "(keyword_id = 115)",
                      "Rows Removed by Index Recheck": 0,
                      "Exact Heap Blocks": 2626,
                      "Lossy Heap Blocks": 0,
                      "Plans": [
                        {
                          "Node Type": "Bitmap Index Scan",
                          "Parent Relationship": "Outer",
                          "Parallel Aware": false,
                          "Index Name": "keyword_id_movie_keyword",
                          "Startup Cost": 0.0,
                          "Total Cost": 112.02,
                          "Plan Rows": 5278,
                          "Plan Width": 0,
                          "Actual Startup Time": 1.977,
                          "Actual Total Time": 1.977,
                          "Actual Rows": 4517,
                          "Actual Loops": 1,
                          "Index Cond": "(keyword_id = 115)"
                        }
                      ]
                    },
                    {
                      "Node Type": "Index Scan",
                      "Parent Relationship": "Inner",
                      "Parallel Aware": false,
                      "Scan Direction": "Forward",
                      "Index Name": "title_pkey",
                      "Relation Name": "title",
                      "Alias": "t",
                      "Startup Cost": 0.43,
                      "Total Cost": 7.27,
                      "Plan Rows": 1,
                      "Plan Width": 4,
                      "Actual Startup Time": 0.009,
                      "Actual Total Time": 0.009,
                      "Actual Rows": 1,
                      "Actual Loops": 4517,
                      "Index Cond": "(id = mk.movie_id)",
                      "Rows Removed by Index Recheck": 0,
                      "Filter": "(production_year < 1991)",
                      "Rows Removed by Filter": 0
                    }
                  ]
                }
              ]
            }
          ]
        }
      ]
    },
    "Planning Time": 0.63,
    "Triggers": [],
    "Execution Time": 31.428
  }
]