[
  {
    "Plan": {
      "Node Type": "Aggregate",
      "Strategy": "Plain",
      "Partial Mode": "Finalize",
      "Parallel Aware": false,
      "Startup Cost": 27229.96,
      "Total Cost": 27229.97,
      "Plan Rows": 1,
      "Plan Width": 8,
      "Actual Startup Time": 34.834,
      "Actual Total Time": 39.0,
      "Actual Rows": 1,
      "Actual Loops": 1,
      "Plans": [
        {
          "Node Type": "Gather",
          "Parent Relationship": "Outer",
          "Parallel Aware": false,
          "Startup Cost": 27229.75,
          "Total Cost": 27229.96,
          "Plan Rows": 2,
          "Plan Width": 8,
          "Actual Startup Time": 34.645,
          "Actual Total Time": 38.994,
          "Actual Rows": 3,
          "Actual Loops": 1,
          "Workers Planned": 2,
          "Workers Launched": 2,
          "Single Copy": false,
          "Plans": [
            {
              "Node Type": "Aggregate",
              "Strategy": "Plain",
              "Partial Mode": "Partial",
              "Parent Relationship": "Outer",
              "Parallel Aware": false,
              "Startup Cost": 26229.75,
              "Total Cost": 26229.76,
              "Plan Rows": 1,
              "Plan Width": 8,
              "Actual Startup Time": 26.911,
              "Actual Total Time": 26.912,
              "Actual Rows": 1,
              "Actual Loops": 3,
              "Plans": [
                {
                  "Node Type": "Nested Loop",
                  "Parent Relationship": "Outer",
                  "Parallel Aware": false,
                  "Join Type": "Inner",
                  "Startup Cost": 101.09,
                  "Total Cost": 26228.4,
                  "Plan Rows": 540,
                  "Plan Width": 0,
                  "Actual Startup Time": 2.293,
                  "Actual Total Time": 26.712,
                  "Actual Rows": 921,
                  "Actual Loops": 3,
                  "Inner Unique": true,
                  "Plans": [
                    {
                      "Node Type": "Bitmap Heap Scan",
                      "Parent Relationship": "Outer",
                      "Parallel Aware": true,
                      "Relation Name": "movie_keyword",
                      "Alias": "mk",
                      "Startup Cost": 100.66,
                      "Total Cost": 11847.89,
                      "Plan Rows": 1948,
                      "Plan Width": 4,
                      "Actual Startup Time": 2.079,
                      "Actual Total Time": 9.294,
                      "Actual Rows": 1506,
                      "Actual Loops": 3,
                      "Recheck Cond": "(keyword_id = 115)",
                      "Rows Removed by Index Recheck": 0,
                      "Exact Heap Blocks": 2789,
                      "Lossy Heap Blocks": 0,
                      "Plans": [
                        {
                          "Node Type": "Bitmap Index Scan",
                          "Parent Relationship": "Outer",
                          "Parallel Aware": false,
                          "Index Name": "keyword_id_movie_keyword",
                          "Startup Cost": 0.0,
                          "Total Cost": 99.5,
                          "Plan Rows": 4675,
                          "Plan Width": 0,
                          "Actual Startup Time": 4.06,
                          "Actual Total Time": 4.061,
                          "Actual Rows": 4517,
                          "Actual Loops": 1,
                          "Index Cond": "(keyword_id = 115)"
                        }
                      ]
                    },
                    {
                      "Node Type": "Index Scan",
                      "Parent Relationship": "Inner",
                      "Parallel Aware": false,
                      "Scan Direction": "Forward",
                      "Index Name": "title_pkey",
                      "Relation Name": "title",
                      "Alias": "t",
                      "Startup Cost": 0.43,
                      "Total Cost": 7.38,
                      "Plan Rows": 1,
                      "Plan Width": 4,
                      "Actual Startup Time": 0.011,
                      "Actual Total Time": 0.011,
                      "Actual Rows": 1,
                      "Actual Loops": 4517,
                      "Index Cond": "(id = mk.movie_id)",
                      "Rows Removed by Index Recheck": 0,
                      "Filter": "(production_year < 1991)",
                      "Rows Removed by Filter": 0
                    }
                  ]
                }
              ]
            }
          ]
        }
      ]
    },
    "Planning Time": 0.581,
    "Triggers": [],
    "Execution Time": 39.086
  }
]