[
    {
        "Bao": {
            "Bao prediction": 1351.448,
            "Bao recommended hint": "(no hint)"
        }
    },
    {
        "Plan": {
            "Node Type": "Aggregate",
            "Strategy": "Plain",
            "Partial Mode": "Finalize",
            "Parallel Aware": false,
            "Startup Cost": 284877.59,
            "Total Cost": 284877.6,
            "Plan Rows": 1,
            "Plan Width": 8,
            "Actual Startup Time": 928.212,
            "Actual Total Time": 962.567,
            "Actual Rows": 1,
            "Actual Loops": 1,
            "Output": [
                "count(*)"
            ],
            "Plans": [
                {
                    "Node Type": "Gather",
                    "Parent Relationship": "Outer",
                    "Parallel Aware": false,
                    "Startup Cost": 284877.07,
                    "Total Cost": 284877.58,
                    "Plan Rows": 5,
                    "Plan Width": 8,
                    "Actual Startup Time": 896.422,
                    "Actual Total Time": 962.548,
                    "Actual Rows": 6,
                    "Actual Loops": 1,
                    "Output": [
                        "(PARTIAL count(*))"
                    ],
                    "Workers Planned": 5,
                    "Workers Launched": 5,
                    "Single Copy": false,
                    "Plans": [
                        {
                            "Node Type": "Aggregate",
                            "Strategy": "Plain",
                            "Partial Mode": "Partial",
                            "Parent Relationship": "Outer",
                            "Parallel Aware": false,
                            "Startup Cost": 283877.07,
                            "Total Cost": 283877.08,
                            "Plan Rows": 1,
                            "Plan Width": 8,
                            "Actual Startup Time": 883.682,
                            "Actual Total Time": 883.878,
                            "Actual Rows": 1,
                            "Actual Loops": 6,
                            "Output": [
                                "PARTIAL count(*)"
                            ],
                            "Workers": [
                                {
                                    "Worker Number": 0,
                                    "Actual Startup Time": 881.415,
                                    "Actual Total Time": 881.426,
                                    "Actual Rows": 1,
                                    "Actual Loops": 1
                                },
                                {
                                    "Worker Number": 1,
                                    "Actual Startup Time": 880.825,
                                    "Actual Total Time": 880.835,
                                    "Actual Rows": 1,
                                    "Actual Loops": 1
                                },
                                {
                                    "Worker Number": 2,
                                    "Actual Startup Time": 880.799,
                                    "Actual Total Time": 880.807,
                                    "Actual Rows": 1,
                                    "Actual Loops": 1
                                },
                                {
                                    "Worker Number": 3,
                                    "Actual Startup Time": 882.307,
                                    "Actual Total Time": 882.317,
                                    "Actual Rows": 1,
                                    "Actual Loops": 1
                                },
                                {
                                    "Worker Number": 4,
                                    "Actual Startup Time": 881.416,
                                    "Actual Total Time": 881.425,
                                    "Actual Rows": 1,
                                    "Actual Loops": 1
                                }
                            ],
                            "Plans": [
                                {
                                    "Node Type": "Hash Join",
                                    "Parent Relationship": "Outer",
                                    "Parallel Aware": true,
                                    "Join Type": "Inner",
                                    "Startup Cost": 117589.3,
                                    "Total Cost": 283742.51,
                                    "Plan Rows": 53824,
                                    "Plan Width": 0,
                                    "Actual Startup Time": 748.016,
                                    "Actual Total Time": 876.978,
                                    "Actual Rows": 98901,
                                    "Actual Loops": 6,
                                    "Inner Unique": false,
                                    "Hash Cond": "(mi.movie_id = t.id)",
                                    "Workers": [
                                        {
                                            "Worker Number": 0,
                                            "Actual Startup Time": 746.067,
                                            "Actual Total Time": 874.379,
                                            "Actual Rows": 99883,
                                            "Actual Loops": 1
                                        },
                                        {
                                            "Worker Number": 1,
                                            "Actual Startup Time": 745.78,
                                            "Actual Total Time": 874.279,
                                            "Actual Rows": 90390,
                                            "Actual Loops": 1
                                        },
                                        {
                                            "Worker Number": 2,
                                            "Actual Startup Time": 745.683,
                                            "Actual Total Time": 874.167,
                                            "Actual Rows": 93220,
                                            "Actual Loops": 1
                                        },
                                        {
                                            "Worker Number": 3,
                                            "Actual Startup Time": 746.296,
                                            "Actual Total Time": 875.385,
                                            "Actual Rows": 98974,
                                            "Actual Loops": 1
                                        },
                                        {
                                            "Worker Number": 4,
                                            "Actual Startup Time": 744.424,
                                            "Actual Total Time": 874.436,
                                            "Actual Rows": 104672,
                                            "Actual Loops": 1
                                        }
                                    ],
                                    "Plans": [
                                        {
                                            "Node Type": "Bitmap Heap Scan",
                                            "Parent Relationship": "Outer",
                                            "Parallel Aware": true,
                                            "Relation Name": "movie_info",
                                            "Schema": "public",
                                            "Alias": "mi",
                                            "Startup Cost": 22246.9,
                                            "Total Cost": 187306.49,
                                            "Plan Rows": 245328,
                                            "Plan Width": 4,
                                            "Actual Startup Time": 90.604,
                                            "Actual Total Time": 136.998,
                                            "Actual Rows": 216498,
                                            "Actual Loops": 6,
                                            "Output": [
                                                "mi.id",
                                                "mi.movie_id",
                                                "mi.info_type_id",
                                                "mi.info",
                                                "mi.note"
                                            ],
                                            "Recheck Cond": "(mi.info_type_id = 4)",
                                            "Rows Removed by Index Recheck": 0,
                                            "Exact Heap Blocks": 1495,
                                            "Lossy Heap Blocks": 0,
                                            "Workers": [
                                                {
                                                    "Worker Number": 0,
                                                    "Actual Startup Time": 90.555,
                                                    "Actual Total Time": 138.549,
                                                    "Actual Rows": 216800,
                                                    "Actual Loops": 1
                                                },
                                                {
                                                    "Worker Number": 1,
                                                    "Actual Startup Time": 90.739,
                                                    "Actual Total Time": 136.625,
                                                    "Actual Rows": 200263,
                                                    "Actual Loops": 1
                                                },
                                                {
                                                    "Worker Number": 2,
                                                    "Actual Startup Time": 90.521,
                                                    "Actual Total Time": 136.198,
                                                    "Actual Rows": 198270,
                                                    "Actual Loops": 1
                                                },
                                                {
                                                    "Worker Number": 3,
                                                    "Actual Startup Time": 90.58,
                                                    "Actual Total Time": 138.81,
                                                    "Actual Rows": 217452,
                                                    "Actual Loops": 1
                                                },
                                                {
                                                    "Worker Number": 4,
                                                    "Actual Startup Time": 90.314,
                                                    "Actual Total Time": 136.978,
                                                    "Actual Rows": 234461,
                                                    "Actual Loops": 1
                                                }
                                            ],
                                            "Plans": [
                                                {
                                                    "Node Type": "Bitmap Index Scan",
                                                    "Parent Relationship": "Outer",
                                                    "Parallel Aware": false,
                                                    "Index Name": "info_type_id_movie_info",
                                                    "Startup Cost": 0.0,
                                                    "Total Cost": 21940.24,
                                                    "Plan Rows": 1226640,
                                                    "Plan Width": 0,
                                                    "Actual Startup Time": 88.326,
                                                    "Actual Total Time": 88.327,
                                                    "Actual Rows": 1298989,
                                                    "Actual Loops": 1,
                                                    "Index Cond": "(mi.info_type_id = 4)",
                                                    "Workers": [
                                                        {
                                                            "Worker Number": 4,
                                                            "Actual Startup Time": 88.326,
                                                            "Actual Total Time": 88.327,
                                                            "Actual Rows": 1298989,
                                                            "Actual Loops": 1
                                                        }
                                                    ]
                                                }
                                            ]
                                        },
                                        {
                                            "Node Type": "Hash",
                                            "Parent Relationship": "Inner",
                                            "Parallel Aware": true,
                                            "Startup Cost": 93105.71,
                                            "Total Cost": 93105.71,
                                            "Plan Rows": 178936,
                                            "Plan Width": 8,
                                            "Actual Startup Time": 651.983,
                                            "Actual Total Time": 652.176,
                                            "Actual Rows": 86828,
                                            "Actual Loops": 6,
                                            "Output": [
                                                "t.id",
                                                "mk.movie_id"
                                            ],
                                            "Hash Buckets": 1048576,
                                            "Original Hash Buckets": 1048576,
                                            "Hash Batches": 1,
                                            "Original Hash Batches": 1,
                                            "Peak Memory Usage": 28672,
                                            "Workers": [
                                                {
                                                    "Worker Number": 0,
                                                    "Actual Startup Time": 653.363,
                                                    "Actual Total Time": 653.37,
                                                    "Actual Rows": 85156,
                                                    "Actual Loops": 1
                                                },
                                                {
                                                    "Worker Number": 1,
                                                    "Actual Startup Time": 652.843,
                                                    "Actual Total Time": 652.85,
                                                    "Actual Rows": 80416,
                                                    "Actual Loops": 1
                                                },
                                                {
                                                    "Worker Number": 2,
                                                    "Actual Startup Time": 652.757,
                                                    "Actual Total Time": 652.761,
                                                    "Actual Rows": 80504,
                                                    "Actual Loops": 1
                                                },
                                                {
                                                    "Worker Number": 3,
                                                    "Actual Startup Time": 653.476,
                                                    "Actual Total Time": 653.482,
                                                    "Actual Rows": 84651,
                                                    "Actual Loops": 1
                                                },
                                                {
                                                    "Worker Number": 4,
                                                    "Actual Startup Time": 653.308,
                                                    "Actual Total Time": 653.315,
                                                    "Actual Rows": 92193,
                                                    "Actual Loops": 1
                                                }
                                            ],
                                            "Plans": [
                                                {
                                                    "Node Type": "Hash Join",
                                                    "Parent Relationship": "Outer",
                                                    "Parallel Aware": true,
                                                    "Join Type": "Inner",
                                                    "Startup Cost": 65171.86,
                                                    "Total Cost": 93105.71,
                                                    "Plan Rows": 178936,
                                                    "Plan Width": 8,
                                                    "Actual Startup Time": 445.789,
                                                    "Actual Total Time": 601.057,
                                                    "Actual Rows": 86828,
                                                    "Actual Loops": 6,
                                                    "Output": [
                                                        "t.id",
                                                        "mk.movie_id"
                                                    ],
                                                    "Inner Unique": true,
                                                    "Hash Cond": "(mk.movie_id = t.id)",
                                                    "Workers": [
                                                        {
                                                            "Worker Number": 0,
                                                            "Actual Startup Time": 445.978,
                                                            "Actual Total Time": 601.061,
                                                            "Actual Rows": 85156,
                                                            "Actual Loops": 1
                                                        },
                                                        {
                                                            "Worker Number": 1,
                                                            "Actual Startup Time": 446.268,
                                                            "Actual Total Time": 600.184,
                                                            "Actual Rows": 80416,
                                                            "Actual Loops": 1
                                                        },
                                                        {
                                                            "Worker Number": 2,
                                                            "Actual Startup Time": 445.553,
                                                            "Actual Total Time": 602.039,
                                                            "Actual Rows": 80504,
                                                            "Actual Loops": 1
                                                        },
                                                        {
                                                            "Worker Number": 3,
                                                            "Actual Startup Time": 445.437,
                                                            "Actual Total Time": 600.79,
                                                            "Actual Rows": 84651,
                                                            "Actual Loops": 1
                                                        },
                                                        {
                                                            "Worker Number": 4,
                                                            "Actual Startup Time": 445.206,
                                                            "Actual Total Time": 601.466,
                                                            "Actual Rows": 92193,
                                                            "Actual Loops": 1
                                                        }
                                                    ],
                                                    "Plans": [
                                                        {
                                                            "Node Type": "Bitmap Heap Scan",
                                                            "Parent Relationship": "Outer",
                                                            "Parallel Aware": true,
                                                            "Relation Name": "movie_keyword",
                                                            "Schema": "public",
                                                            "Alias": "mk",
                                                            "Startup Cost": 15127.93,
                                                            "Total Cost": 42457.83,
                                                            "Plan Rows": 230073,
                                                            "Plan Width": 4,
                                                            "Actual Startup Time": 91.554,
                                                            "Actual Total Time": 176.217,
                                                            "Actual Rows": 118496,
                                                            "Actual Loops": 6,
                                                            "Output": [
                                                                "mk.id",
                                                                "mk.movie_id",
                                                                "mk.keyword_id"
                                                            ],
                                                            "Recheck Cond": "(mk.keyword_id < 612)",
                                                            "Rows Removed by Index Recheck": 0,
                                                            "Exact Heap Blocks": 4625,
                                                            "Lossy Heap Blocks": 0,
                                                            "Workers": [
                                                                {
                                                                    "Worker Number": 0,
                                                                    "Actual Startup Time": 91.633,
                                                                    "Actual Total Time": 177.634,
                                                                    "Actual Rows": 116902,
                                                                    "Actual Loops": 1
                                                                },
                                                                {
                                                                    "Worker Number": 1,
                                                                    "Actual Startup Time": 92.026,
                                                                    "Actual Total Time": 178.357,
                                                                    "Actual Rows": 109623,
                                                                    "Actual Loops": 1
                                                                },
                                                                {
                                                                    "Worker Number": 2,
                                                                    "Actual Startup Time": 91.37,
                                                                    "Actual Total Time": 178.254,
                                                                    "Actual Rows": 109165,
                                                                    "Actual Loops": 1
                                                                },
                                                                {
                                                                    "Worker Number": 3,
                                                                    "Actual Startup Time": 91.317,
                                                                    "Actual Total Time": 177.582,
                                                                    "Actual Rows": 115717,
                                                                    "Actual Loops": 1
                                                                },
                                                                {
                                                                    "Worker Number": 4,
                                                                    "Actual Startup Time": 91.167,
                                                                    "Actual Total Time": 178.374,
                                                                    "Actual Rows": 125200,
                                                                    "Actual Loops": 1
                                                                }
                                                            ],
                                                            "Plans": [
                                                                {
                                                                    "Node Type": "Bitmap Index Scan",
                                                                    "Parent Relationship": "Outer",
                                                                    "Parallel Aware": false,
                                                                    "Index Name": "keyword_id_movie_keyword",
                                                                    "Startup Cost": 0.0,
                                                                    "Total Cost": 14949.62,
                                                                    "Plan Rows": 713225,
                                                                    "Plan Width": 0,
                                                                    "Actual Startup Time": 85.363,
                                                                    "Actual Total Time": 85.364,
                                                                    "Actual Rows": 710974,
                                                                    "Actual Loops": 1,
                                                                    "Index Cond": "(mk.keyword_id < 612)",
                                                                    "Workers": [
                                                                        {
                                                                            "Worker Number": 4,
                                                                            "Actual Startup Time": 85.363,
                                                                            "Actual Total Time": 85.364,
                                                                            "Actual Rows": 710974,
                                                                            "Actual Loops": 1
                                                                        }
                                                                    ]
                                                                }
                                                            ]
                                                        },
                                                        {
                                                            "Node Type": "Hash",
                                                            "Parent Relationship": "Inner",
                                                            "Parallel Aware": true,
                                                            "Startup Cost": 43899.01,
                                                            "Total Cost": 43899.01,
                                                            "Plan Rows": 491594,
                                                            "Plan Width": 4,
                                                            "Actual Startup Time": 350.278,
                                                            "Actual Total Time": 350.28,
                                                            "Actual Rows": 329436,
                                                            "Actual Loops": 6,
                                                            "Output": [
                                                                "t.id"
                                                            ],
                                                            "Hash Buckets": 2097152,
                                                            "Original Hash Buckets": 2097152,
                                                            "Hash Batches": 1,
                                                            "Original Hash Batches": 1,
                                                            "Peak Memory Usage": 93792,
                                                            "Workers": [
                                                                {
                                                                    "Worker Number": 0,
                                                                    "Actual Startup Time": 353.954,
                                                                    "Actual Total Time": 353.956,
                                                                    "Actual Rows": 327006,
                                                                    "Actual Loops": 1
                                                                },
                                                                {
                                                                    "Worker Number": 1,
                                                                    "Actual Startup Time": 353.932,
                                                                    "Actual Total Time": 353.933,
                                                                    "Actual Rows": 294135,
                                                                    "Actual Loops": 1
                                                                },
                                                                {
                                                                    "Worker Number": 2,
                                                                    "Actual Startup Time": 353.811,
                                                                    "Actual Total Time": 353.812,
                                                                    "Actual Rows": 296721,
                                                                    "Actual Loops": 1
                                                                },
                                                                {
                                                                    "Worker Number": 3,
                                                                    "Actual Startup Time": 353.77,
                                                                    "Actual Total Time": 353.772,
                                                                    "Actual Rows": 328295,
                                                                    "Actual Loops": 1
                                                                },
                                                                {
                                                                    "Worker Number": 4,
                                                                    "Actual Startup Time": 353.946,
                                                                    "Actual Total Time": 353.948,
                                                                    "Actual Rows": 322382,
                                                                    "Actual Loops": 1
                                                                }
                                                            ],
                                                            "Plans": [
                                                                {
                                                                    "Node Type": "Seq Scan",
                                                                    "Parent Relationship": "Outer",
                                                                    "Parallel Aware": true,
                                                                    "Relation Name": "title",
                                                                    "Schema": "public",
                                                                    "Alias": "t",
                                                                    "Startup Cost": 0.0,
                                                                    "Total Cost": 43899.01,
                                                                    "Plan Rows": 491594,
                                                                    "Plan Width": 4,
                                                                    "Actual Startup Time": 0.069,
                                                                    "Actual Total Time": 125.632,
                                                                    "Actual Rows": 329436,
                                                                    "Actual Loops": 6,
                                                                    "Output": [
                                                                        "t.id"
                                                                    ],
                                                                    "Filter": "(t.production_year > 1977)",
                                                                    "Rows Removed by Filter": 91949,
                                                                    "Workers": [
                                                                        {
                                                                            "Worker Number": 0,
                                                                            "Actual Startup Time": 0.087,
                                                                            "Actual Total Time": 131.903,
                                                                            "Actual Rows": 327006,
                                                                            "Actual Loops": 1
                                                                        },
                                                                        {
                                                                            "Worker Number": 1,
                                                                            "Actual Startup Time": 0.087,
                                                                            "Actual Total Time": 123.63,
                                                                            "Actual Rows": 294135,
                                                                            "Actual Loops": 1
                                                                        },
                                                                        {
                                                                            "Worker Number": 2,
                                                                            "Actual Startup Time": 0.055,
                                                                            "Actual Total Time": 124.629,
                                                                            "Actual Rows": 296721,
                                                                            "Actual Loops": 1
                                                                        },
                                                                        {
                                                                            "Worker Number": 3,
                                                                            "Actual Startup Time": 0.087,
                                                                            "Actual Total Time": 131.434,
                                                                            "Actual Rows": 328295,
                                                                            "Actual Loops": 1
                                                                        },
                                                                        {
                                                                            "Worker Number": 4,
                                                                            "Actual Startup Time": 0.073,
                                                                            "Actual Total Time": 131.124,
                                                                            "Actual Rows": 322382,
                                                                            "Actual Loops": 1
                                                                        }
                                                                    ]
                                                                }
                                                            ]
                                                        }
                                                    ]
                                                }
                                            ]
                                        }
                                    ]
                                }
                            ]
                        }
                    ]
                }
            ]
        },
        "Planning Time": 4997.546,
        "Triggers": [],
        "Execution Time": 962.83
    }
]