[
  {
    "Plan": {
      "Node Type": "Aggregate",
      "Strategy": "Plain",
      "Partial Mode": "Finalize",
      "Parallel Aware": false,
      "Startup Cost": 347582.11,
      "Total Cost": 347582.12,
      "Plan Rows": 1,
      "Plan Width": 8,
      "Actual Startup Time": 653.634,
      "Actual Total Time": 713.895,
      "Actual Rows": 1,
      "Actual Loops": 1,
      "Plans": [
        {
          "Node Type": "Gather",
          "Parent Relationship": "Outer",
          "Parallel Aware": false,
          "Startup Cost": 347581.49,
          "Total Cost": 347582.1,
          "Plan Rows": 6,
          "Plan Width": 8,
          "Actual Startup Time": 653.513,
          "Actual Total Time": 713.883,
          "Actual Rows": 7,
          "Actual Loops": 1,
          "Workers Planned": 6,
          "Workers Launched": 6,
          "Single Copy": false,
          "Plans": [
            {
              "Node Type": "Aggregate",
              "Strategy": "Plain",
              "Partial Mode": "Partial",
              "Parent Relationship": "Outer",
              "Parallel Aware": false,
              "Startup Cost": 346581.49,
              "Total Cost": 346581.5,
              "Plan Rows": 1,
              "Plan Width": 8,
              "Actual Startup Time": 644.309,
              "Actual Total Time": 644.31,
              "Actual Rows": 1,
              "Actual Loops": 7,
              "Plans": [
                {
                  "Node Type": "Seq Scan",
                  "Parent Relationship": "Outer",
                  "Parallel Aware": true,
                  "Relation Name": "cast_info",
                  "Alias": "ci",
                  "Startup Cost": 0.0,
                  "Total Cost": 343257.03,
                  "Plan Rows": 1329784,
                  "Plan Width": 0,
                  "Actual Startup Time": 230.897,
                  "Actual Total Time": 622.637,
                  "Actual Rows": 482417,
                  "Actual Loops": 7,
                  "Filter": "((person_id < 1197019) AND (role_id > 1))",
                  "Rows Removed by Filter": 4695347
                }
              ]
            }
          ]
        }
      ]
    },
    "Planning Time": 0.221,
    "Triggers": [],
    "Execution Time": 713.966
  }
]