[
    {
        "Bao": {
            "Bao prediction": "NaN",
            "Bao recommended hint": "(no hint)"
        }
    },
    {
        "Plan": {
            "Node Type": "Aggregate",
            "Strategy": "Plain",
            "Partial Mode": "Finalize",
            "Parallel Aware": false,
            "Startup Cost": 341687.85,
            "Total Cost": 341687.86,
            "Plan Rows": 1,
            "Plan Width": 8,
            "Actual Startup Time": 314.297,
            "Actual Total Time": 321.217,
            "Actual Rows": 1,
            "Actual Loops": 1,
            "Output": [
                "count(*)"
            ],
            "Plans": [
                {
                    "Node Type": "Gather",
                    "Parent Relationship": "Outer",
                    "Parallel Aware": false,
                    "Startup Cost": 341687.22,
                    "Total Cost": 341687.83,
                    "Plan Rows": 6,
                    "Plan Width": 8,
                    "Actual Startup Time": 313.462,
                    "Actual Total Time": 321.208,
                    "Actual Rows": 7,
                    "Actual Loops": 1,
                    "Output": [
                        "(PARTIAL count(*))"
                    ],
                    "Workers Planned": 6,
                    "Workers Launched": 6,
                    "Single Copy": false,
                    "Plans": [
                        {
                            "Node Type": "Aggregate",
                            "Strategy": "Plain",
                            "Partial Mode": "Partial",
                            "Parent Relationship": "Outer",
                            "Parallel Aware": false,
                            "Startup Cost": 340687.22,
                            "Total Cost": 340687.23,
                            "Plan Rows": 1,
                            "Plan Width": 8,
                            "Actual Startup Time": 302.975,
                            "Actual Total Time": 302.977,
                            "Actual Rows": 1,
                            "Actual Loops": 7,
                            "Output": [
                                "PARTIAL count(*)"
                            ],
                            "Workers": [
                                {
                                    "Worker Number": 0,
                                    "Actual Startup Time": 300.364,
                                    "Actual Total Time": 300.366,
                                    "Actual Rows": 1,
                                    "Actual Loops": 1
                                },
                                {
                                    "Worker Number": 1,
                                    "Actual Startup Time": 300.486,
                                    "Actual Total Time": 300.488,
                                    "Actual Rows": 1,
                                    "Actual Loops": 1
                                },
                                {
                                    "Worker Number": 2,
                                    "Actual Startup Time": 301.239,
                                    "Actual Total Time": 301.24,
                                    "Actual Rows": 1,
                                    "Actual Loops": 1
                                },
                                {
                                    "Worker Number": 3,
                                    "Actual Startup Time": 301.574,
                                    "Actual Total Time": 301.576,
                                    "Actual Rows": 1,
                                    "Actual Loops": 1
                                },
                                {
                                    "Worker Number": 4,
                                    "Actual Startup Time": 301.83,
                                    "Actual Total Time": 301.831,
                                    "Actual Rows": 1,
                                    "Actual Loops": 1
                                },
                                {
                                    "Worker Number": 5,
                                    "Actual Startup Time": 302.177,
                                    "Actual Total Time": 302.179,
                                    "Actual Rows": 1,
                                    "Actual Loops": 1
                                }
                            ],
                            "Plans": [
                                {
                                    "Node Type": "Bitmap Heap Scan",
                                    "Parent Relationship": "Outer",
                                    "Parallel Aware": true,
                                    "Relation Name": "cast_info",
                                    "Schema": "public",
                                    "Alias": "ci",
                                    "Startup Cost": 77972.79,
                                    "Total Cost": 339509.69,
                                    "Plan Rows": 471012,
                                    "Plan Width": 0,
                                    "Actual Startup Time": 127.959,
                                    "Actual Total Time": 276.358,
                                    "Actual Rows": 461174,
                                    "Actual Loops": 7,
                                    "Recheck Cond": "(ci.person_id < 344466)",
                                    "Rows Removed by Index Recheck": 0,
                                    "Filter": "(ci.role_id < 8)",
                                    "Rows Removed by Filter": 52741,
                                    "Exact Heap Blocks": 8913,
                                    "Lossy Heap Blocks": 0,
                                    "Workers": [
                                        {
                                            "Worker Number": 0,
                                            "Actual Startup Time": 125.696,
                                            "Actual Total Time": 274.006,
                                            "Actual Rows": 354474,
                                            "Actual Loops": 1
                                        },
                                        {
                                            "Worker Number": 1,
                                            "Actual Startup Time": 125.3,
                                            "Actual Total Time": 274.021,
                                            "Actual Rows": 348377,
                                            "Actual Loops": 1
                                        },
                                        {
                                            "Worker Number": 2,
                                            "Actual Startup Time": 126.037,
                                            "Actual Total Time": 274.271,
                                            "Actual Rows": 363590,
                                            "Actual Loops": 1
                                        },
                                        {
                                            "Worker Number": 3,
                                            "Actual Startup Time": 127.004,
                                            "Actual Total Time": 275.557,
                                            "Actual Rows": 524839,
                                            "Actual Loops": 1
                                        },
                                        {
                                            "Worker Number": 4,
                                            "Actual Startup Time": 126.767,
                                            "Actual Total Time": 275.82,
                                            "Actual Rows": 526666,
                                            "Actual Loops": 1
                                        },
                                        {
                                            "Worker Number": 5,
                                            "Actual Startup Time": 127.355,
                                            "Actual Total Time": 275.874,
                                            "Actual Rows": 354844,
                                            "Actual Loops": 1
                                        }
                                    ],
                                    "Plans": [
                                        {
                                            "Node Type": "Bitmap Index Scan",
                                            "Parent Relationship": "Outer",
                                            "Parallel Aware": false,
                                            "Index Name": "person_id_cast_info",
                                            "Startup Cost": 0.0,
                                            "Total Cost": 77266.27,
                                            "Plan Rows": 3539961,
                                            "Plan Width": 0,
                                            "Actual Startup Time": 131.613,
                                            "Actual Total Time": 131.614,
                                            "Actual Rows": 3597408,
                                            "Actual Loops": 1,
                                            "Index Cond": "(ci.person_id < 344466)"
                                        }
                                    ]
                                }
                            ]
                        }
                    ]
                }
            ]
        },
        "Planning Time": 171.659,
        "Triggers": [],
        "Execution Time": 321.262
    }
]