[
  {
    "Plan": {
      "Node Type": "Aggregate",
      "Strategy": "Plain",
      "Partial Mode": "Finalize",
      "Parallel Aware": false,
      "Startup Cost": 636134.08,
      "Total Cost": 636134.09,
      "Plan Rows": 1,
      "Plan Width": 8,
      "Actual Startup Time": 3528.92,
      "Actual Total Time": 3611.693,
      "Actual Rows": 1,
      "Actual Loops": 1,
      "Plans": [
        {
          "Node Type": "Gather",
          "Parent Relationship": "Outer",
          "Parallel Aware": false,
          "Startup Cost": 636133.45,
          "Total Cost": 636134.06,
          "Plan Rows": 6,
          "Plan Width": 8,
          "Actual Startup Time": 3517.878,
          "Actual Total Time": 3611.675,
          "Actual Rows": 7,
          "Actual Loops": 1,
          "Workers Planned": 6,
          "Workers Launched": 6,
          "Single Copy": false,
          "Plans": [
            {
              "Node Type": "Aggregate",
              "Strategy": "Plain",
              "Partial Mode": "Partial",
              "Parent Relationship": "Outer",
              "Parallel Aware": false,
              "Startup Cost": 635133.45,
              "Total Cost": 635133.46,
              "Plan Rows": 1,
              "Plan Width": 8,
              "Actual Startup Time": 3500.936,
              "Actual Total Time": 3501.367,
              "Actual Rows": 1,
              "Actual Loops": 7,
              "Plans": [
                {
                  "Node Type": "Hash Join",
                  "Parent Relationship": "Outer",
                  "Parallel Aware": true,
                  "Join Type": "Inner",
                  "Startup Cost": 258357.07,
                  "Total Cost": 624550.64,
                  "Plan Rows": 4233124,
                  "Plan Width": 0,
                  "Actual Startup Time": 1172.125,
                  "Actual Total Time": 3250.137,
                  "Actual Rows": 5228127,
                  "Actual Loops": 7,
                  "Inner Unique": false,
                  "Hash Cond": "(ci.movie_id = t.id)",
                  "Plans": [
                    {
                      "Node Type": "Seq Scan",
                      "Parent Relationship": "Outer",
                      "Parallel Aware": true,
                      "Relation Name": "cast_info",
                      "Alias": "ci",
                      "Startup Cost": 0.0,
                      "Total Cost": 343316.27,
                      "Plan Rows": 3842948,
                      "Plan Width": 4,
                      "Actual Startup Time": 238.911,
                      "Actual Total Time": 791.035,
                      "Actual Rows": 3338464,
                      "Actual Loops": 7,
                      "Filter": "((person_id > 82384) AND (role_id > 1))",
                      "Rows Removed by Filter": 1839300
                    },
                    {
                      "Node Type": "Hash",
                      "Parent Relationship": "Inner",
                      "Parallel Aware": true,
                      "Startup Cost": 251394.23,
                      "Total Cost": 251394.23,
                      "Plan Rows": 557027,
                      "Plan Width": 8,
                      "Actual Startup Time": 927.256,
                      "Actual Total Time": 927.686,
                      "Actual Rows": 289802,
                      "Actual Loops": 7,
                      "Hash Buckets": 4194304,
                      "Original Hash Buckets": 4194304,
                      "Hash Batches": 1,
                      "Original Hash Batches": 1,
                      "Peak Memory Usage": 112224,
                      "Plans": [
                        {
                          "Node Type": "Hash Join",
                          "Parent Relationship": "Outer",
                          "Parallel Aware": true,
                          "Join Type": "Inner",
                          "Startup Cost": 49051.62,
                          "Total Cost": 251394.23,
                          "Plan Rows": 557027,
                          "Plan Width": 8,
                          "Actual Startup Time": 212.202,
                          "Actual Total Time": 771.861,
                          "Actual Rows": 289802,
                          "Actual Loops": 7,
                          "Inner Unique": true,
                          "Hash Cond": "(mi.movie_id = t.id)",
                          "Plans": [
                            {
                              "Node Type": "Seq Scan",
                              "Parent Relationship": "Outer",
                              "Parallel Aware": true,
                              "Relation Name": "movie_info",
                              "Alias": "mi",
                              "Startup Cost": 0.0,
                              "Total Cost": 199108.24,
                              "Plan Rows": 1232139,
                              "Plan Width": 4,
                              "Actual Startup Time": 16.638,
                              "Actual Total Time": 333.488,
                              "Actual Rows": 889071,
                              "Actual Loops": 7,
                              "Filter": "(info_type_id > 8)",
                              "Rows Removed by Filter": 1230318
                            },
                            {
                              "Node Type": "Hash",
                              "Parent Relationship": "Inner",
                              "Parallel Aware": true,
                              "Startup Cost": 45479.59,
                              "Total Cost": 45479.59,
                              "Plan Rows": 285763,
                              "Plan Width": 4,
                              "Actual Startup Time": 193.152,
                              "Actual Total Time": 193.154,
                              "Actual Rows": 176406,
                              "Actual Loops": 7,
                              "Hash Buckets": 2097152,
                              "Original Hash Buckets": 2097152,
                              "Hash Batches": 1,
                              "Original Hash Batches": 1,
                              "Peak Memory Usage": 64832,
                              "Plans": [
                                {
                                  "Node Type": "Seq Scan",
                                  "Parent Relationship": "Outer",
                                  "Parallel Aware": true,
                                  "Relation Name": "title",
                                  "Alias": "t",
                                  "Startup Cost": 0.0,
                                  "Total Cost": 45479.59,
                                  "Plan Rows": 285763,
                                  "Plan Width": 4,
                                  "Actual Startup Time": 0.09,
                                  "Actual Total Time": 91.166,
                                  "Actual Rows": 176406,
                                  "Actual Loops": 7,
                                  "Filter": "((kind_id > 1) AND (production_year > 1997))",
                                  "Rows Removed by Filter": 184781
                                }
                              ]
                            }
                          ]
                        }
                      ]
                    }
                  ]
                }
              ]
            }
          ]
        }
      ]
    },
    "Planning Time": 0.643,
    "Triggers": [],
    "Execution Time": 3611.767
  }
]