[
  {
    "Plan": {
      "Node Type": "Aggregate",
      "Strategy": "Plain",
      "Partial Mode": "Finalize",
      "Parallel Aware": false,
      "Startup Cost": 28912.6,
      "Total Cost": 28912.61,
      "Plan Rows": 1,
      "Plan Width": 8,
      "Actual Startup Time": 46.43,
      "Actual Total Time": 50.882,
      "Actual Rows": 1,
      "Actual Loops": 1,
      "Plans": [
        {
          "Node Type": "Gather",
          "Parent Relationship": "Outer",
          "Parallel Aware": false,
          "Startup Cost": 28912.29,
          "Total Cost": 28912.6,
          "Plan Rows": 3,
          "Plan Width": 8,
          "Actual Startup Time": 46.212,
          "Actual Total Time": 50.876,
          "Actual Rows": 4,
          "Actual Loops": 1,
          "Workers Planned": 3,
          "Workers Launched": 3,
          "Single Copy": false,
          "Plans": [
            {
              "Node Type": "Aggregate",
              "Strategy": "Plain",
              "Partial Mode": "Partial",
              "Parent Relationship": "Outer",
              "Parallel Aware": false,
              "Startup Cost": 27912.29,
              "Total Cost": 27912.3,
              "Plan Rows": 1,
              "Plan Width": 8,
              "Actual Startup Time": 40.956,
              "Actual Total Time": 40.958,
              "Actual Rows": 1,
              "Actual Loops": 4,
              "Plans": [
                {
                  "Node Type": "Bitmap Heap Scan",
                  "Parent Relationship": "Outer",
                  "Parallel Aware": true,
                  "Relation Name": "movie_keyword",
                  "Alias": "mk",
                  "Startup Cost": 2816.45,
                  "Total Cost": 27805.31,
                  "Plan Rows": 42789,
                  "Plan Width": 0,
                  "Actual Startup Time": 7.381,
                  "Actual Total Time": 38.97,
                  "Actual Rows": 32581,
                  "Actual Loops": 4,
                  "Recheck Cond": "(keyword_id > 76355)",
                  "Rows Removed by Index Recheck": 0,
                  "Exact Heap Blocks": 8941,
                  "Lossy Heap Blocks": 0,
                  "Plans": [
                    {
                      "Node Type": "Bitmap Index Scan",
                      "Parent Relationship": "Outer",
                      "Parallel Aware": false,
                      "Index Name": "keyword_id_movie_keyword",
                      "Startup Cost": 0.0,
                      "Total Cost": 2783.28,
                      "Plan Rows": 132647,
                      "Plan Width": 0,
                      "Actual Startup Time": 9.62,
                      "Actual Total Time": 9.62,
                      "Actual Rows": 130323,
                      "Actual Loops": 1,
                      "Index Cond": "(keyword_id > 76355)"
                    }
                  ]
                }
              ]
            }
          ]
        }
      ]
    },
    "Planning Time": 0.08,
    "Triggers": [],
    "Execution Time": 50.915
  }
]