[
  {
    "Plan": {
      "Node Type": "Aggregate",
      "Strategy": "Plain",
      "Partial Mode": "Finalize",
      "Parallel Aware": false,
      "Startup Cost": 46235.05,
      "Total Cost": 46235.06,
      "Plan Rows": 1,
      "Plan Width": 8,
      "Actual Startup Time": 160.246,
      "Actual Total Time": 169.755,
      "Actual Rows": 1,
      "Actual Loops": 1,
      "Plans": [
        {
          "Node Type": "Gather",
          "Parent Relationship": "Outer",
          "Parallel Aware": false,
          "Startup Cost": 46234.73,
          "Total Cost": 46235.04,
          "Plan Rows": 3,
          "Plan Width": 8,
          "Actual Startup Time": 160.11,
          "Actual Total Time": 169.746,
          "Actual Rows": 4,
          "Actual Loops": 1,
          "Workers Planned": 3,
          "Workers Launched": 3,
          "Single Copy": false,
          "Plans": [
            {
              "Node Type": "Aggregate",
              "Strategy": "Plain",
              "Partial Mode": "Partial",
              "Parent Relationship": "Outer",
              "Parallel Aware": false,
              "Startup Cost": 45234.73,
              "Total Cost": 45234.74,
              "Plan Rows": 1,
              "Plan Width": 8,
              "Actual Startup Time": 153.25,
              "Actual Total Time": 153.251,
              "Actual Rows": 1,
              "Actual Loops": 4,
              "Plans": [
                {
                  "Node Type": "Seq Scan",
                  "Parent Relationship": "Outer",
                  "Parallel Aware": true,
                  "Relation Name": "movie_keyword",
                  "Alias": "mk",
                  "Startup Cost": 0.0,
                  "Total Cost": 42695.65,
                  "Plan Rows": 1015632,
                  "Plan Width": 0,
                  "Actual Startup Time": 0.063,
                  "Actual Total Time": 118.568,
                  "Actual Rows": 785452,
                  "Actual Loops": 4,
                  "Filter": "(keyword_id < 12084)",
                  "Rows Removed by Filter": 345531
                }
              ]
            }
          ]
        }
      ]
    },
    "Planning Time": 0.183,
    "Triggers": [],
    "Execution Time": 169.812
  }
]