[
  {
    "Plan": {
      "Node Type": "Aggregate",
      "Strategy": "Plain",
      "Partial Mode": "Finalize",
      "Parallel Aware": false,
      "Startup Cost": 237337.09,
      "Total Cost": 237337.1,
      "Plan Rows": 1,
      "Plan Width": 8,
      "Actual Startup Time": 271.246,
      "Actual Total Time": 286.746,
      "Actual Rows": 1,
      "Actual Loops": 1,
      "Plans": [
        {
          "Node Type": "Gather",
          "Parent Relationship": "Outer",
          "Parallel Aware": false,
          "Startup Cost": 237336.56,
          "Total Cost": 237337.07,
          "Plan Rows": 5,
          "Plan Width": 8,
          "Actual Startup Time": 269.824,
          "Actual Total Time": 286.737,
          "Actual Rows": 6,
          "Actual Loops": 1,
          "Workers Planned": 5,
          "Workers Launched": 5,
          "Single Copy": false,
          "Plans": [
            {
              "Node Type": "Aggregate",
              "Strategy": "Plain",
              "Partial Mode": "Partial",
              "Parent Relationship": "Outer",
              "Parallel Aware": false,
              "Startup Cost": 236336.56,
              "Total Cost": 236336.57,
              "Plan Rows": 1,
              "Plan Width": 8,
              "Actual Startup Time": 258.305,
              "Actual Total Time": 258.309,
              "Actual Rows": 1,
              "Actual Loops": 6,
              "Plans": [
                {
                  "Node Type": "Hash Join",
                  "Parent Relationship": "Outer",
                  "Parallel Aware": true,
                  "Join Type": "Inner",
                  "Startup Cost": 70270.62,
                  "Total Cost": 236269.1,
                  "Plan Rows": 26987,
                  "Plan Width": 0,
                  "Actual Startup Time": 160.966,
                  "Actual Total Time": 255.041,
                  "Actual Rows": 64758,
                  "Actual Loops": 6,
                  "Inner Unique": true,
                  "Hash Cond": "(mi.movie_id = t.id)",
                  "Plans": [
                    {
                      "Node Type": "Bitmap Heap Scan",
                      "Parent Relationship": "Outer",
                      "Parallel Aware": true,
                      "Relation Name": "movie_info",
                      "Alias": "mi",
                      "Startup Cost": 23986.4,
                      "Total Cost": 189289.71,
                      "Plan Rows": 264825,
                      "Plan Width": 4,
                      "Actual Startup Time": 41.875,
                      "Actual Total Time": 77.409,
                      "Actual Rows": 220894,
                      "Actual Loops": 6,
                      "Recheck Cond": "(info_type_id = 8)",
                      "Rows Removed by Index Recheck": 0,
                      "Exact Heap Blocks": 1192,
                      "Lossy Heap Blocks": 0,
                      "Plans": [
                        {
                          "Node Type": "Bitmap Index Scan",
                          "Parent Relationship": "Outer",
                          "Parallel Aware": false,
                          "Index Name": "info_type_id_movie_info",
                          "Startup Cost": 0.0,
                          "Total Cost": 23655.37,
                          "Plan Rows": 1324124,
                          "Plan Width": 0,
                          "Actual Startup Time": 40.537,
                          "Actual Total Time": 40.538,
                          "Actual Rows": 1325361,
                          "Actual Loops": 1,
                          "Index Cond": "(info_type_id = 8)"
                        }
                      ]
                    },
                    {
                      "Node Type": "Hash",
                      "Parent Relationship": "Inner",
                      "Parallel Aware": true,
                      "Startup Cost": 45479.1,
                      "Total Cost": 45479.1,
                      "Plan Rows": 64410,
                      "Plan Width": 4,
                      "Actual Startup Time": 117.015,
                      "Actual Total Time": 117.016,
                      "Actual Rows": 62324,
                      "Actual Loops": 6,
                      "Hash Buckets": 524288,
                      "Original Hash Buckets": 262144,
                      "Hash Batches": 1,
                      "Original Hash Batches": 1,
                      "Peak Memory Usage": 20864,
                      "Plans": [
                        {
                          "Node Type": "Seq Scan",
                          "Parent Relationship": "Outer",
                          "Parallel Aware": true,
                          "Relation Name": "title",
                          "Alias": "t",
                          "Startup Cost": 0.0,
                          "Total Cost": 45479.1,
                          "Plan Rows": 64410,
                          "Plan Width": 4,
                          "Actual Startup Time": 0.085,
                          "Actual Total Time": 85.809,
                          "Actual Rows": 62324,
                          "Actual Loops": 6,
                          "Filter": "((kind_id < 7) AND (production_year < 1989))",
                          "Rows Removed by Filter": 359062
                        }
                      ]
                    }
                  ]
                }
              ]
            }
          ]
        }
      ]
    },
    "Planning Time": 0.645,
    "Triggers": [],
    "Execution Time": 286.844
  }
]