[
  {
    "Plan": {
      "Node Type": "Aggregate",
      "Strategy": "Plain",
      "Partial Mode": "Finalize",
      "Parallel Aware": false,
      "Startup Cost": 47328.31,
      "Total Cost": 47328.32,
      "Plan Rows": 1,
      "Plan Width": 8,
      "Actual Startup Time": 173.03,
      "Actual Total Time": 182.386,
      "Actual Rows": 1,
      "Actual Loops": 1,
      "Plans": [
        {
          "Node Type": "Gather",
          "Parent Relationship": "Outer",
          "Parallel Aware": false,
          "Startup Cost": 47328.0,
          "Total Cost": 47328.31,
          "Plan Rows": 3,
          "Plan Width": 8,
          "Actual Startup Time": 172.914,
          "Actual Total Time": 182.376,
          "Actual Rows": 4,
          "Actual Loops": 1,
          "Workers Planned": 3,
          "Workers Launched": 3,
          "Single Copy": false,
          "Plans": [
            {
              "Node Type": "Aggregate",
              "Strategy": "Plain",
              "Partial Mode": "Partial",
              "Parent Relationship": "Outer",
              "Parallel Aware": false,
              "Startup Cost": 46328.0,
              "Total Cost": 46328.01,
              "Plan Rows": 1,
              "Plan Width": 8,
              "Actual Startup Time": 165.344,
              "Actual Total Time": 165.346,
              "Actual Rows": 1,
              "Actual Loops": 4,
              "Plans": [
                {
                  "Node Type": "Seq Scan",
                  "Parent Relationship": "Outer",
                  "Parallel Aware": true,
                  "Relation Name": "movie_keyword",
                  "Alias": "mk",
                  "Startup Cost": 0.0,
                  "Total Cost": 42695.65,
                  "Plan Rows": 1452937,
                  "Plan Width": 0,
                  "Actual Startup Time": 0.048,
                  "Actual Total Time": 117.685,
                  "Actual Rows": 1126416,
                  "Actual Loops": 4,
                  "Filter": "(keyword_id < 118594)",
                  "Rows Removed by Filter": 4566
                }
              ]
            }
          ]
        }
      ]
    },
    "Planning Time": 0.343,
    "Triggers": [],
    "Execution Time": 182.438
  }
]