[
  {
    "Plan": {
      "Node Type": "Aggregate",
      "Strategy": "Plain",
      "Partial Mode": "Finalize",
      "Parallel Aware": false,
      "Startup Cost": 75440.38,
      "Total Cost": 75440.39,
      "Plan Rows": 1,
      "Plan Width": 8,
      "Actual Startup Time": 273.447,
      "Actual Total Time": 288.497,
      "Actual Rows": 1,
      "Actual Loops": 1,
      "Plans": [
        {
          "Node Type": "Gather",
          "Parent Relationship": "Outer",
          "Parallel Aware": false,
          "Startup Cost": 75440.06,
          "Total Cost": 75440.37,
          "Plan Rows": 3,
          "Plan Width": 8,
          "Actual Startup Time": 269.983,
          "Actual Total Time": 288.486,
          "Actual Rows": 4,
          "Actual Loops": 1,
          "Workers Planned": 3,
          "Workers Launched": 3,
          "Single Copy": false,
          "Plans": [
            {
              "Node Type": "Aggregate",
              "Strategy": "Plain",
              "Partial Mode": "Partial",
              "Parent Relationship": "Outer",
              "Parallel Aware": false,
              "Startup Cost": 74440.06,
              "Total Cost": 74440.07,
              "Plan Rows": 1,
              "Plan Width": 8,
              "Actual Startup Time": 260.686,
              "Actual Total Time": 260.689,
              "Actual Rows": 1,
              "Actual Loops": 4,
              "Plans": [
                {
                  "Node Type": "Hash Join",
                  "Parent Relationship": "Outer",
                  "Parallel Aware": true,
                  "Join Type": "Inner",
                  "Startup Cost": 49398.32,
                  "Total Cost": 74404.28,
                  "Plan Rows": 14310,
                  "Plan Width": 0,
                  "Actual Startup Time": 215.448,
                  "Actual Total Time": 259.004,
                  "Actual Rows": 28189,
                  "Actual Loops": 4,
                  "Inner Unique": true,
                  "Hash Cond": "(mk.movie_id = t.id)",
                  "Plans": [
                    {
                      "Node Type": "Bitmap Heap Scan",
                      "Parent Relationship": "Outer",
                      "Parallel Aware": true,
                      "Relation Name": "movie_keyword",
                      "Alias": "mk",
                      "Startup Cost": 2401.19,
                      "Total Cost": 27311.36,
                      "Plan Rows": 36494,
                      "Plan Width": 4,
                      "Actual Startup Time": 9.757,
                      "Actual Total Time": 40.765,
                      "Actual Rows": 28189,
                      "Actual Loops": 4,
                      "Recheck Cond": "(keyword_id > 79596)",
                      "Rows Removed by Index Recheck": 0,
                      "Exact Heap Blocks": 5191,
                      "Lossy Heap Blocks": 0,
                      "Plans": [
                        {
                          "Node Type": "Bitmap Index Scan",
                          "Parent Relationship": "Outer",
                          "Parallel Aware": false,
                          "Index Name": "keyword_id_movie_keyword",
                          "Startup Cost": 0.0,
                          "Total Cost": 2372.91,
                          "Plan Rows": 113130,
                          "Plan Width": 0,
                          "Actual Startup Time": 7.014,
                          "Actual Total Time": 7.014,
                          "Actual Rows": 112755,
                          "Actual Loops": 1,
                          "Index Cond": "(keyword_id > 79596)"
                        }
                      ]
                    },
                    {
                      "Node Type": "Hash",
                      "Parent Relationship": "Inner",
                      "Parallel Aware": true,
                      "Startup Cost": 43898.92,
                      "Total Cost": 43898.92,
                      "Plan Rows": 247857,
                      "Plan Width": 4,
                      "Actual Startup Time": 200.602,
                      "Actual Total Time": 200.602,
                      "Actual Rows": 246262,
                      "Actual Loops": 4,
                      "Hash Buckets": 1048576,
                      "Original Hash Buckets": 1048576,
                      "Hash Batches": 1,
                      "Original Hash Batches": 1,
                      "Peak Memory Usage": 46784,
                      "Plans": [
                        {
                          "Node Type": "Seq Scan",
                          "Parent Relationship": "Outer",
                          "Parallel Aware": true,
                          "Relation Name": "title",
                          "Alias": "t",
                          "Startup Cost": 0.0,
                          "Total Cost": 43898.92,
                          "Plan Rows": 247857,
                          "Plan Width": 4,
                          "Actual Startup Time": 0.043,
                          "Actual Total Time": 109.148,
                          "Actual Rows": 246262,
                          "Actual Loops": 4,
                          "Filter": "(kind_id < 7)",
                          "Rows Removed by Filter": 385816
                        }
                      ]
                    }
                  ]
                }
              ]
            }
          ]
        }
      ]
    },
    "Planning Time": 0.606,
    "Triggers": [],
    "Execution Time": 288.659
  }
]