{
  "Plan": {
    "Node Type": "Aggregate",
    "Strategy": "Plain",
    "Partial Mode": "Finalize",
    "Parallel Aware": false,
    "Startup Cost": 62027.59,
    "Total Cost": 62027.6,
    "Plan Rows": 1,
    "Plan Width": 8,
    "Actual Startup Time": 66.296,
    "Actual Total Time": 76.189,
    "Actual Rows": 1,
    "Actual Loops": 1,
    "Plans": [
      {
        "Node Type": "Gather",
        "Parent Relationship": "Outer",
        "Parallel Aware": false,
        "Startup Cost": 62027.47,
        "Total Cost": 62027.58,
        "Plan Rows": 1,
        "Plan Width": 8,
        "Actual Startup Time": 66.063,
        "Actual Total Time": 76.182,
        "Actual Rows": 2,
        "Actual Loops": 1,
        "Workers Planned": 1,
        "Workers Launched": 1,
        "Single Copy": false,
        "Plans": [
          {
            "Node Type": "Aggregate",
            "Strategy": "Plain",
            "Partial Mode": "Partial",
            "Parent Relationship": "Outer",
            "Parallel Aware": false,
            "Startup Cost": 61027.47,
            "Total Cost": 61027.48,
            "Plan Rows": 1,
            "Plan Width": 8,
            "Actual Startup Time": 59.919,
            "Actual Total Time": 59.921,
            "Actual Rows": 1,
            "Actual Loops": 2,
            "Plans": [
              {
                "Node Type": "Nested Loop",
                "Parent Relationship": "Outer",
                "Parallel Aware": false,
                "Join Type": "Inner",
                "Startup Cost": 233.43,
                "Total Cost": 61027.24,
                "Plan Rows": 95,
                "Plan Width": 0,
                "Actual Startup Time": 24.515,
                "Actual Total Time": 59.906,
                "Actual Rows": 42,
                "Actual Loops": 2,
                "Inner Unique": false,
                "Plans": [
                  {
                    "Node Type": "Nested Loop",
                    "Parent Relationship": "Outer",
                    "Parallel Aware": false,
                    "Join Type": "Inner",
                    "Startup Cost": 233.0,
                    "Total Cost": 60795.21,
                    "Plan Rows": 174,
                    "Plan Width": 8,
                    "Actual Startup Time": 17.2,
                    "Actual Total Time": 59.357,
                    "Actual Rows": 46,
                    "Actual Loops": 2,
                    "Inner Unique": true,
                    "Plans": [
                      {
                        "Node Type": "Bitmap Heap Scan",
                        "Parent Relationship": "Outer",
                        "Parallel Aware": true,
                        "Relation Name": "movie_keyword",
                        "Alias": "mk",
                        "Startup Cost": 232.57,
                        "Total Cost": 19785.49,
                        "Plan Rows": 6386,
                        "Plan Width": 4,
                        "Actual Startup Time": 6.338,
                        "Actual Total Time": 20.54,
                        "Actual Rows": 5400,
                        "Actual Loops": 2,
                        "Recheck Cond": "(keyword_id = 347)",
                        "Rows Removed by Index Recheck": 0,
                        "Exact Heap Blocks": 5821,
                        "Lossy Heap Blocks": 0,
                        "Plans": [
                          {
                            "Node Type": "Bitmap Index Scan",
                            "Parent Relationship": "Outer",
                            "Parallel Aware": false,
                            "Index Name": "keyword_id_movie_keyword",
                            "Startup Cost": 0.0,
                            "Total Cost": 229.86,
                            "Plan Rows": 10857,
                            "Plan Width": 0,
                            "Actual Startup Time": 7.235,
                            "Actual Total Time": 7.235,
                            "Actual Rows": 10799,
                            "Actual Loops": 1,
                            "Index Cond": "(keyword_id = 347)"
                          }
                        ]
                      },
                      {
                        "Node Type": "Index Scan",
                        "Parent Relationship": "Inner",
                        "Parallel Aware": false,
                        "Scan Direction": "Forward",
                        "Index Name": "title_pkey",
                        "Relation Name": "title",
                        "Alias": "t",
                        "Startup Cost": 0.43,
                        "Total Cost": 6.42,
                        "Plan Rows": 1,
                        "Plan Width": 4,
                        "Actual Startup Time": 0.007,
                        "Actual Total Time": 0.007,
                        "Actual Rows": 0,
                        "Actual Loops": 10799,
                        "Index Cond": "(id = mk.movie_id)",
                        "Rows Removed by Index Recheck": 0,
                        "Filter": "(production_year > 2012)",
                        "Rows Removed by Filter": 1
                      }
                    ]
                  },
                  {
                    "Node Type": "Index Only Scan",
                    "Parent Relationship": "Inner",
                    "Parallel Aware": false,
                    "Scan Direction": "Forward",
                    "Index Name": "movie_id_movie_info_idx",
                    "Relation Name": "movie_info_idx",
                    "Alias": "mi_idx",
                    "Startup Cost": 0.43,
                    "Total Cost": 1.3,
                    "Plan Rows": 3,
                    "Plan Width": 4,
                    "Actual Startup Time": 0.011,
                    "Actual Total Time": 0.011,
                    "Actual Rows": 1,
                    "Actual Loops": 91,
                    "Index Cond": "(movie_id = t.id)",
                    "Rows Removed by Index Recheck": 0,
                    "Heap Fetches": 84
                  }
                ]
              }
            ]
          }
        ]
      }
    ]
  },
  "Planning Time": 0.94,
  "Triggers": [],
  "Execution Time": 76.283
}