{
  "Plan": {
    "Node Type": "Aggregate",
    "Strategy": "Plain",
    "Partial Mode": "Simple",
    "Parallel Aware": false,
    "Startup Cost": 123581.33,
    "Total Cost": 123581.34,
    "Plan Rows": 1,
    "Plan Width": 8,
    "Actual Startup Time": 910.193,
    "Actual Total Time": 910.197,
    "Actual Rows": 1,
    "Actual Loops": 1,
    "Plans": [
      {
        "Node Type": "Hash Join",
        "Parent Relationship": "Outer",
        "Parallel Aware": false,
        "Join Type": "Inner",
        "Startup Cost": 122662.75,
        "Total Cost": 123581.12,
        "Plan Rows": 82,
        "Plan Width": 0,
        "Actual Startup Time": 910.043,
        "Actual Total Time": 910.189,
        "Actual Rows": 18,
        "Actual Loops": 1,
        "Inner Unique": false,
        "Hash Cond": "(mk.movie_id = t.id)",
        "Plans": [
          {
            "Node Type": "Bitmap Heap Scan",
            "Parent Relationship": "Outer",
            "Parallel Aware": false,
            "Relation Name": "movie_keyword",
            "Alias": "mk",
            "Startup Cost": 6.35,
            "Total Cost": 922.98,
            "Plan Rows": 248,
            "Plan Width": 4,
            "Actual Startup Time": 0.222,
            "Actual Total Time": 0.343,
            "Actual Rows": 66,
            "Actual Loops": 1,
            "Recheck Cond": "(keyword_id = 8907)",
            "Rows Removed by Index Recheck": 0,
            "Exact Heap Blocks": 64,
            "Lossy Heap Blocks": 0,
            "Plans": [
              {
                "Node Type": "Bitmap Index Scan",
                "Parent Relationship": "Outer",
                "Parallel Aware": false,
                "Index Name": "keyword_id_movie_keyword",
                "Startup Cost": 0.0,
                "Total Cost": 6.29,
                "Plan Rows": 248,
                "Plan Width": 0,
                "Actual Startup Time": 0.207,
                "Actual Total Time": 0.208,
                "Actual Rows": 66,
                "Actual Loops": 1,
                "Index Cond": "(keyword_id = 8907)"
              }
            ]
          },
          {
            "Node Type": "Hash",
            "Parent Relationship": "Inner",
            "Parallel Aware": false,
            "Startup Cost": 112170.43,
            "Total Cost": 112170.43,
            "Plan Rows": 838877,
            "Plan Width": 8,
            "Actual Startup Time": 908.666,
            "Actual Total Time": 908.668,
            "Actual Rows": 425718,
            "Actual Loops": 1,
            "Hash Buckets": 1048576,
            "Original Hash Buckets": 1048576,
            "Hash Batches": 1,
            "Original Hash Batches": 1,
            "Peak Memory Usage": 24822,
            "Plans": [
              {
                "Node Type": "Hash Join",
                "Parent Relationship": "Outer",
                "Parallel Aware": false,
                "Join Type": "Inner",
                "Startup Cost": 86812.48,
                "Total Cost": 112170.43,
                "Plan Rows": 838877,
                "Plan Width": 8,
                "Actual Startup Time": 523.103,
                "Actual Total Time": 841.701,
                "Actual Rows": 425718,
                "Actual Loops": 1,
                "Inner Unique": true,
                "Hash Cond": "(mi_idx.movie_id = t.id)",
                "Plans": [
                  {
                    "Node Type": "Seq Scan",
                    "Parent Relationship": "Outer",
                    "Parallel Aware": false,
                    "Relation Name": "movie_info_idx",
                    "Alias": "mi_idx",
                    "Startup Cost": 0.0,
                    "Total Cost": 21735.35,
                    "Plan Rows": 1380035,
                    "Plan Width": 4,
                    "Actual Startup Time": 0.014,
                    "Actual Total Time": 92.654,
                    "Actual Rows": 1380035,
                    "Actual Loops": 1
                  },
                  {
                    "Node Type": "Hash",
                    "Parent Relationship": "Inner",
                    "Parallel Aware": false,
                    "Startup Cost": 67601.66,
                    "Total Cost": 67601.66,
                    "Plan Rows": 1536865,
                    "Plan Width": 4,
                    "Actual Startup Time": 520.638,
                    "Actual Total Time": 520.639,
                    "Actual Rows": 1543264,
                    "Actual Loops": 1,
                    "Hash Buckets": 2097152,
                    "Original Hash Buckets": 2097152,
                    "Hash Batches": 1,
                    "Original Hash Batches": 1,
                    "Peak Memory Usage": 70640,
                    "Plans": [
                      {
                        "Node Type": "Seq Scan",
                        "Parent Relationship": "Outer",
                        "Parallel Aware": false,
                        "Relation Name": "title",
                        "Alias": "t",
                        "Startup Cost": 0.0,
                        "Total Cost": 67601.66,
                        "Plan Rows": 1536865,
                        "Plan Width": 4,
                        "Actual Startup Time": 0.016,
                        "Actual Total Time": 251.273,
                        "Actual Rows": 1543264,
                        "Actual Loops": 1,
                        "Filter": "(kind_id = 7)",
                        "Rows Removed by Filter": 985048
                      }
                    ]
                  }
                ]
              }
            ]
          }
        ]
      }
    ]
  },
  "Planning Time": 0.507,
  "Triggers": [],
  "Execution Time": 916.087
}