[
    {
        "Bao": {
            "Bao prediction": "NaN",
            "Bao recommended hint": "(no hint)"
        }
    },
    {
        "Plan": {
            "Node Type": "Aggregate",
            "Strategy": "Plain",
            "Partial Mode": "Finalize",
            "Parallel Aware": false,
            "Startup Cost": 32837.31,
            "Total Cost": 32837.32,
            "Plan Rows": 1,
            "Plan Width": 8,
            "Actual Startup Time": 86.605,
            "Actual Total Time": 93.105,
            "Actual Rows": 1,
            "Actual Loops": 1,
            "Output": [
                "count(*)"
            ],
            "Plans": [
                {
                    "Node Type": "Gather",
                    "Parent Relationship": "Outer",
                    "Parallel Aware": false,
                    "Startup Cost": 32836.99,
                    "Total Cost": 32837.3,
                    "Plan Rows": 3,
                    "Plan Width": 8,
                    "Actual Startup Time": 86.299,
                    "Actual Total Time": 93.097,
                    "Actual Rows": 4,
                    "Actual Loops": 1,
                    "Output": [
                        "(PARTIAL count(*))"
                    ],
                    "Workers Planned": 3,
                    "Workers Launched": 3,
                    "Single Copy": false,
                    "Plans": [
                        {
                            "Node Type": "Aggregate",
                            "Strategy": "Plain",
                            "Partial Mode": "Partial",
                            "Parent Relationship": "Outer",
                            "Parallel Aware": false,
                            "Startup Cost": 31836.99,
                            "Total Cost": 31837.0,
                            "Plan Rows": 1,
                            "Plan Width": 8,
                            "Actual Startup Time": 77.762,
                            "Actual Total Time": 77.763,
                            "Actual Rows": 1,
                            "Actual Loops": 4,
                            "Output": [
                                "PARTIAL count(*)"
                            ],
                            "Workers": [
                                {
                                    "Worker Number": 0,
                                    "Actual Startup Time": 74.833,
                                    "Actual Total Time": 74.835,
                                    "Actual Rows": 1,
                                    "Actual Loops": 1
                                },
                                {
                                    "Worker Number": 1,
                                    "Actual Startup Time": 74.927,
                                    "Actual Total Time": 74.929,
                                    "Actual Rows": 1,
                                    "Actual Loops": 1
                                },
                                {
                                    "Worker Number": 2,
                                    "Actual Startup Time": 75.283,
                                    "Actual Total Time": 75.284,
                                    "Actual Rows": 1,
                                    "Actual Loops": 1
                                }
                            ],
                            "Plans": [
                                {
                                    "Node Type": "Bitmap Heap Scan",
                                    "Parent Relationship": "Outer",
                                    "Parallel Aware": true,
                                    "Relation Name": "movie_keyword",
                                    "Schema": "public",
                                    "Alias": "mk",
                                    "Startup Cost": 6012.12,
                                    "Total Cost": 31608.51,
                                    "Plan Rows": 91392,
                                    "Plan Width": 0,
                                    "Actual Startup Time": 14.553,
                                    "Actual Total Time": 73.459,
                                    "Actual Rows": 70611,
                                    "Actual Loops": 4,
                                    "Recheck Cond": "(mk.keyword_id > 56644)",
                                    "Rows Removed by Index Recheck": 0,
                                    "Exact Heap Blocks": 11111,
                                    "Lossy Heap Blocks": 0,
                                    "Workers": [
                                        {
                                            "Worker Number": 0,
                                            "Actual Startup Time": 11.798,
                                            "Actual Total Time": 71.064,
                                            "Actual Rows": 47618,
                                            "Actual Loops": 1
                                        },
                                        {
                                            "Worker Number": 1,
                                            "Actual Startup Time": 11.866,
                                            "Actual Total Time": 71.211,
                                            "Actual Rows": 47257,
                                            "Actual Loops": 1
                                        },
                                        {
                                            "Worker Number": 2,
                                            "Actual Startup Time": 12.058,
                                            "Actual Total Time": 71.701,
                                            "Actual Rows": 43030,
                                            "Actual Loops": 1
                                        }
                                    ],
                                    "Plans": [
                                        {
                                            "Node Type": "Bitmap Index Scan",
                                            "Parent Relationship": "Outer",
                                            "Parallel Aware": false,
                                            "Index Name": "keyword_id_movie_keyword",
                                            "Startup Cost": 0.0,
                                            "Total Cost": 5941.29,
                                            "Plan Rows": 283314,
                                            "Plan Width": 0,
                                            "Actual Startup Time": 19.276,
                                            "Actual Total Time": 19.277,
                                            "Actual Rows": 282443,
                                            "Actual Loops": 1,
                                            "Index Cond": "(mk.keyword_id > 56644)"
                                        }
                                    ]
                                }
                            ]
                        }
                    ]
                }
            ]
        },
        "Planning Time": 184.812,
        "Triggers": [],
        "Execution Time": 93.159
    }
]