[
  {
    "Plan": {
      "Node Type": "Aggregate",
      "Strategy": "Plain",
      "Partial Mode": "Finalize",
      "Parallel Aware": false,
      "Startup Cost": 101244.56,
      "Total Cost": 101244.57,
      "Plan Rows": 1,
      "Plan Width": 8,
      "Actual Startup Time": 83.606,
      "Actual Total Time": 101.121,
      "Actual Rows": 1,
      "Actual Loops": 1,
      "Plans": [
        {
          "Node Type": "Gather",
          "Parent Relationship": "Outer",
          "Parallel Aware": false,
          "Startup Cost": 101244.14,
          "Total Cost": 101244.55,
          "Plan Rows": 4,
          "Plan Width": 8,
          "Actual Startup Time": 83.245,
          "Actual Total Time": 101.104,
          "Actual Rows": 5,
          "Actual Loops": 1,
          "Workers Planned": 4,
          "Workers Launched": 4,
          "Single Copy": false,
          "Plans": [
            {
              "Node Type": "Aggregate",
              "Strategy": "Plain",
              "Partial Mode": "Partial",
              "Parent Relationship": "Outer",
              "Parallel Aware": false,
              "Startup Cost": 100244.14,
              "Total Cost": 100244.15,
              "Plan Rows": 1,
              "Plan Width": 8,
              "Actual Startup Time": 76.072,
              "Actual Total Time": 76.074,
              "Actual Rows": 1,
              "Actual Loops": 5,
              "Plans": [
                {
                  "Node Type": "Nested Loop",
                  "Parent Relationship": "Outer",
                  "Parallel Aware": false,
                  "Join Type": "Inner",
                  "Startup Cost": 1698.5,
                  "Total Cost": 100226.85,
                  "Plan Rows": 6918,
                  "Plan Width": 0,
                  "Actual Startup Time": 10.033,
                  "Actual Total Time": 75.341,
                  "Actual Rows": 5374,
                  "Actual Loops": 5,
                  "Inner Unique": false,
                  "Plans": [
                    {
                      "Node Type": "Bitmap Heap Scan",
                      "Parent Relationship": "Outer",
                      "Parallel Aware": true,
                      "Relation Name": "title",
                      "Alias": "t",
                      "Startup Cost": 1697.93,
                      "Total Cost": 38052.44,
                      "Plan Rows": 482,
                      "Plan Width": 4,
                      "Actual Startup Time": 9.848,
                      "Actual Total Time": 37.62,
                      "Actual Rows": 404,
                      "Actual Loops": 5,
                      "Recheck Cond": "(kind_id = 2)",
                      "Rows Removed by Index Recheck": 0,
                      "Filter": "(production_year = 1998)",
                      "Rows Removed by Filter": 17767,
                      "Exact Heap Blocks": 12881,
                      "Lossy Heap Blocks": 0,
                      "Plans": [
                        {
                          "Node Type": "Bitmap Index Scan",
                          "Parent Relationship": "Outer",
                          "Parallel Aware": false,
                          "Index Name": "kind_id_title",
                          "Startup Cost": 0.0,
                          "Total Cost": 1697.45,
                          "Plan Rows": 95069,
                          "Plan Width": 0,
                          "Actual Startup Time": 10.393,
                          "Actual Total Time": 10.394,
                          "Actual Rows": 90852,
                          "Actual Loops": 1,
                          "Index Cond": "(kind_id = 2)"
                        }
                      ]
                    },
                    {
                      "Node Type": "Index Only Scan",
                      "Parent Relationship": "Inner",
                      "Parallel Aware": false,
                      "Scan Direction": "Forward",
                      "Index Name": "movie_id_cast_info",
                      "Relation Name": "cast_info",
                      "Alias": "ci",
                      "Startup Cost": 0.56,
                      "Total Cost": 128.64,
                      "Plan Rows": 35,
                      "Plan Width": 4,
                      "Actual Startup Time": 0.02,
                      "Actual Total Time": 0.091,
                      "Actual Rows": 13,
                      "Actual Loops": 2018,
                      "Index Cond": "(movie_id = t.id)",
                      "Rows Removed by Index Recheck": 0,
                      "Heap Fetches": 26870
                    }
                  ]
                }
              ]
            }
          ]
        }
      ]
    },
    "Planning Time": 0.269,
    "Triggers": [],
    "Execution Time": 101.173
  }
]