[
    {
        "Bao": {
            "Bao prediction": 497.937,
            "Bao recommended hint": "(no hint)"
        }
    },
    {
        "Plan": {
            "Node Type": "Aggregate",
            "Strategy": "Plain",
            "Partial Mode": "Finalize",
            "Parallel Aware": false,
            "Startup Cost": 335851.22,
            "Total Cost": 335851.23,
            "Plan Rows": 1,
            "Plan Width": 8,
            "Actual Startup Time": 899.733,
            "Actual Total Time": 934.355,
            "Actual Rows": 1,
            "Actual Loops": 1,
            "Output": [
                "count(*)"
            ],
            "Plans": [
                {
                    "Node Type": "Gather",
                    "Parent Relationship": "Outer",
                    "Parallel Aware": false,
                    "Startup Cost": 335850.59,
                    "Total Cost": 335851.2,
                    "Plan Rows": 6,
                    "Plan Width": 8,
                    "Actual Startup Time": 899.642,
                    "Actual Total Time": 934.344,
                    "Actual Rows": 7,
                    "Actual Loops": 1,
                    "Output": [
                        "(PARTIAL count(*))"
                    ],
                    "Workers Planned": 6,
                    "Workers Launched": 6,
                    "Single Copy": false,
                    "Plans": [
                        {
                            "Node Type": "Aggregate",
                            "Strategy": "Plain",
                            "Partial Mode": "Partial",
                            "Parent Relationship": "Outer",
                            "Parallel Aware": false,
                            "Startup Cost": 334850.59,
                            "Total Cost": 334850.6,
                            "Plan Rows": 1,
                            "Plan Width": 8,
                            "Actual Startup Time": 890.384,
                            "Actual Total Time": 890.385,
                            "Actual Rows": 1,
                            "Actual Loops": 7,
                            "Output": [
                                "PARTIAL count(*)"
                            ],
                            "Workers": [
                                {
                                    "Worker Number": 0,
                                    "Actual Startup Time": 888.227,
                                    "Actual Total Time": 888.228,
                                    "Actual Rows": 1,
                                    "Actual Loops": 1
                                },
                                {
                                    "Worker Number": 1,
                                    "Actual Startup Time": 888.384,
                                    "Actual Total Time": 888.385,
                                    "Actual Rows": 1,
                                    "Actual Loops": 1
                                },
                                {
                                    "Worker Number": 2,
                                    "Actual Startup Time": 888.688,
                                    "Actual Total Time": 888.689,
                                    "Actual Rows": 1,
                                    "Actual Loops": 1
                                },
                                {
                                    "Worker Number": 3,
                                    "Actual Startup Time": 889.386,
                                    "Actual Total Time": 889.387,
                                    "Actual Rows": 1,
                                    "Actual Loops": 1
                                },
                                {
                                    "Worker Number": 4,
                                    "Actual Startup Time": 889.525,
                                    "Actual Total Time": 889.526,
                                    "Actual Rows": 1,
                                    "Actual Loops": 1
                                },
                                {
                                    "Worker Number": 5,
                                    "Actual Startup Time": 889.67,
                                    "Actual Total Time": 889.671,
                                    "Actual Rows": 1,
                                    "Actual Loops": 1
                                }
                            ],
                            "Plans": [
                                {
                                    "Node Type": "Seq Scan",
                                    "Parent Relationship": "Outer",
                                    "Parallel Aware": true,
                                    "Relation Name": "cast_info",
                                    "Schema": "public",
                                    "Alias": "ci",
                                    "Startup Cost": 0.0,
                                    "Total Cost": 328213.62,
                                    "Plan Rows": 2654790,
                                    "Plan Width": 0,
                                    "Actual Startup Time": 280.539,
                                    "Actual Total Time": 742.119,
                                    "Actual Rows": 2285404,
                                    "Actual Loops": 7,
                                    "Output": [
                                        "id",
                                        "person_id",
                                        "movie_id",
                                        "person_role_id",
                                        "note",
                                        "nr_order",
                                        "role_id"
                                    ],
                                    "Filter": "(ci.person_id > 2034204)",
                                    "Rows Removed by Filter": 2892359,
                                    "Workers": [
                                        {
                                            "Worker Number": 0,
                                            "Actual Startup Time": 278.405,
                                            "Actual Total Time": 742.708,
                                            "Actual Rows": 2205102,
                                            "Actual Loops": 1
                                        },
                                        {
                                            "Worker Number": 1,
                                            "Actual Startup Time": 278.529,
                                            "Actual Total Time": 746.479,
                                            "Actual Rows": 2151760,
                                            "Actual Loops": 1
                                        },
                                        {
                                            "Worker Number": 2,
                                            "Actual Startup Time": 278.846,
                                            "Actual Total Time": 746.201,
                                            "Actual Rows": 2158873,
                                            "Actual Loops": 1
                                        },
                                        {
                                            "Worker Number": 3,
                                            "Actual Startup Time": 279.535,
                                            "Actual Total Time": 744.119,
                                            "Actual Rows": 2202324,
                                            "Actual Loops": 1
                                        },
                                        {
                                            "Worker Number": 4,
                                            "Actual Startup Time": 279.662,
                                            "Actual Total Time": 744.032,
                                            "Actual Rows": 2203800,
                                            "Actual Loops": 1
                                        },
                                        {
                                            "Worker Number": 5,
                                            "Actual Startup Time": 279.844,
                                            "Actual Total Time": 744.664,
                                            "Actual Rows": 2192196,
                                            "Actual Loops": 1
                                        }
                                    ]
                                }
                            ]
                        }
                    ]
                }
            ]
        },
        "Planning Time": 724.098,
        "Triggers": [],
        "Execution Time": 934.45
    }
]