[
  {
    "Plan": {
      "Node Type": "Aggregate",
      "Strategy": "Plain",
      "Partial Mode": "Finalize",
      "Parallel Aware": false,
      "Startup Cost": 123687.37,
      "Total Cost": 123687.38,
      "Plan Rows": 1,
      "Plan Width": 8,
      "Actual Startup Time": 674.551,
      "Actual Total Time": 693.652,
      "Actual Rows": 1,
      "Actual Loops": 1,
      "Plans": [
        {
          "Node Type": "Gather",
          "Parent Relationship": "Outer",
          "Parallel Aware": false,
          "Startup Cost": 123687.05,
          "Total Cost": 123687.36,
          "Plan Rows": 3,
          "Plan Width": 8,
          "Actual Startup Time": 667.783,
          "Actual Total Time": 693.642,
          "Actual Rows": 4,
          "Actual Loops": 1,
          "Workers Planned": 3,
          "Workers Launched": 3,
          "Single Copy": false,
          "Plans": [
            {
              "Node Type": "Aggregate",
              "Strategy": "Plain",
              "Partial Mode": "Partial",
              "Parent Relationship": "Outer",
              "Parallel Aware": false,
              "Startup Cost": 122687.05,
              "Total Cost": 122687.06,
              "Plan Rows": 1,
              "Plan Width": 8,
              "Actual Startup Time": 658.623,
              "Actual Total Time": 658.717,
              "Actual Rows": 1,
              "Actual Loops": 4,
              "Plans": [
                {
                  "Node Type": "Hash Join",
                  "Parent Relationship": "Outer",
                  "Parallel Aware": true,
                  "Join Type": "Inner",
                  "Startup Cost": 77241.18,
                  "Total Cost": 122282.72,
                  "Plan Rows": 161733,
                  "Plan Width": 0,
                  "Actual Startup Time": 329.896,
                  "Actual Total Time": 606.289,
                  "Actual Rows": 1344458,
                  "Actual Loops": 4,
                  "Inner Unique": false,
                  "Hash Cond": "(mk.movie_id = t.id)",
                  "Plans": [
                    {
                      "Node Type": "Seq Scan",
                      "Parent Relationship": "Outer",
                      "Parallel Aware": true,
                      "Relation Name": "movie_keyword",
                      "Alias": "mk",
                      "Startup Cost": 0.0,
                      "Total Cost": 39047.32,
                      "Plan Rows": 1459332,
                      "Plan Width": 4,
                      "Actual Startup Time": 0.032,
                      "Actual Total Time": 87.809,
                      "Actual Rows": 1130982,
                      "Actual Loops": 4
                    },
                    {
                      "Node Type": "Hash",
                      "Parent Relationship": "Inner",
                      "Parallel Aware": true,
                      "Startup Cost": 76111.33,
                      "Total Cost": 76111.33,
                      "Plan Rows": 90388,
                      "Plan Width": 8,
                      "Actual Startup Time": 326.342,
                      "Actual Total Time": 326.434,
                      "Actual Rows": 101529,
                      "Actual Loops": 4,
                      "Hash Buckets": 524288,
                      "Original Hash Buckets": 524288,
                      "Hash Batches": 1,
                      "Original Hash Batches": 1,
                      "Peak Memory Usage": 20032,
                      "Plans": [
                        {
                          "Node Type": "Hash Join",
                          "Parent Relationship": "Outer",
                          "Parallel Aware": true,
                          "Join Type": "Inner",
                          "Startup Cost": 45829.75,
                          "Total Cost": 76111.33,
                          "Plan Rows": 90388,
                          "Plan Width": 8,
                          "Actual Startup Time": 165.0,
                          "Actual Total Time": 296.111,
                          "Actual Rows": 101529,
                          "Actual Loops": 4,
                          "Inner Unique": true,
                          "Hash Cond": "(mc.movie_id = t.id)",
                          "Plans": [
                            {
                              "Node Type": "Seq Scan",
                              "Parent Relationship": "Outer",
                              "Parallel Aware": true,
                              "Relation Name": "movie_companies",
                              "Alias": "mc",
                              "Startup Cost": 0.0,
                              "Total Cost": 29310.68,
                              "Plan Rows": 369865,
                              "Plan Width": 4,
                              "Actual Startup Time": 0.02,
                              "Actual Total Time": 65.206,
                              "Actual Rows": 286318,
                              "Actual Loops": 4,
                              "Filter": "(company_id < 8781)",
                              "Rows Removed by Filter": 365964
                            },
                            {
                              "Node Type": "Hash",
                              "Parent Relationship": "Inner",
                              "Parallel Aware": true,
                              "Startup Cost": 43898.92,
                              "Total Cost": 43898.92,
                              "Plan Rows": 154467,
                              "Plan Width": 4,
                              "Actual Startup Time": 161.918,
                              "Actual Total Time": 161.921,
                              "Actual Rows": 155713,
                              "Actual Loops": 4,
                              "Hash Buckets": 1048576,
                              "Original Hash Buckets": 1048576,
                              "Hash Batches": 1,
                              "Original Hash Batches": 1,
                              "Peak Memory Usage": 32608,
                              "Plans": [
                                {
                                  "Node Type": "Seq Scan",
                                  "Parent Relationship": "Outer",
                                  "Parallel Aware": true,
                                  "Relation Name": "title",
                                  "Alias": "t",
                                  "Startup Cost": 0.0,
                                  "Total Cost": 43898.92,
                                  "Plan Rows": 154467,
                                  "Plan Width": 4,
                                  "Actual Startup Time": 0.051,
                                  "Actual Total Time": 101.685,
                                  "Actual Rows": 155713,
                                  "Actual Loops": 4,
                                  "Filter": "(production_year < 1987)",
                                  "Rows Removed by Filter": 476365
                                }
                              ]
                            }
                          ]
                        }
                      ]
                    }
                  ]
                }
              ]
            }
          ]
        }
      ]
    },
    "Planning Time": 1.447,
    "Triggers": [],
    "Execution Time": 693.743
  }
]