[
  {
    "Plan": {
      "Node Type": "Aggregate",
      "Strategy": "Plain",
      "Partial Mode": "Finalize",
      "Parallel Aware": false,
      "Startup Cost": 61972.8,
      "Total Cost": 61972.81,
      "Plan Rows": 1,
      "Plan Width": 8,
      "Actual Startup Time": 199.656,
      "Actual Total Time": 213.537,
      "Actual Rows": 1,
      "Actual Loops": 1,
      "Plans": [
        {
          "Node Type": "Gather",
          "Parent Relationship": "Outer",
          "Parallel Aware": false,
          "Startup Cost": 61972.59,
          "Total Cost": 61972.8,
          "Plan Rows": 2,
          "Plan Width": 8,
          "Actual Startup Time": 199.185,
          "Actual Total Time": 213.53,
          "Actual Rows": 3,
          "Actual Loops": 1,
          "Workers Planned": 2,
          "Workers Launched": 2,
          "Single Copy": false,
          "Plans": [
            {
              "Node Type": "Aggregate",
              "Strategy": "Plain",
              "Partial Mode": "Partial",
              "Parent Relationship": "Outer",
              "Parallel Aware": false,
              "Startup Cost": 60972.59,
              "Total Cost": 60972.6,
              "Plan Rows": 1,
              "Plan Width": 8,
              "Actual Startup Time": 191.723,
              "Actual Total Time": 191.726,
              "Actual Rows": 1,
              "Actual Loops": 3,
              "Plans": [
                {
                  "Node Type": "Hash Join",
                  "Parent Relationship": "Outer",
                  "Parallel Aware": true,
                  "Join Type": "Inner",
                  "Startup Cost": 45732.01,
                  "Total Cost": 60926.57,
                  "Plan Rows": 18406,
                  "Plan Width": 0,
                  "Actual Startup Time": 118.522,
                  "Actual Total Time": 191.334,
                  "Actual Rows": 8018,
                  "Actual Loops": 3,
                  "Inner Unique": true,
                  "Hash Cond": "(mi_idx.movie_id = t.id)",
                  "Plans": [
                    {
                      "Node Type": "Seq Scan",
                      "Parent Relationship": "Outer",
                      "Parallel Aware": true,
                      "Relation Name": "movie_info_idx",
                      "Alias": "mi_idx",
                      "Startup Cost": 0.0,
                      "Total Cost": 13685.15,
                      "Plan Rows": 575015,
                      "Plan Width": 4,
                      "Actual Startup Time": 0.02,
                      "Actual Total Time": 33.265,
                      "Actual Rows": 460012,
                      "Actual Loops": 3
                    },
                    {
                      "Node Type": "Hash",
                      "Parent Relationship": "Inner",
                      "Parallel Aware": true,
                      "Startup Cost": 45479.1,
                      "Total Cost": 45479.1,
                      "Plan Rows": 20233,
                      "Plan Width": 4,
                      "Actual Startup Time": 117.18,
                      "Actual Total Time": 117.18,
                      "Actual Rows": 31027,
                      "Actual Loops": 3,
                      "Hash Buckets": 131072,
                      "Original Hash Buckets": 131072,
                      "Hash Batches": 1,
                      "Original Hash Batches": 1,
                      "Peak Memory Usage": 4704,
                      "Plans": [
                        {
                          "Node Type": "Seq Scan",
                          "Parent Relationship": "Outer",
                          "Parallel Aware": true,
                          "Relation Name": "title",
                          "Alias": "t",
                          "Startup Cost": 0.0,
                          "Total Cost": 45479.1,
                          "Plan Rows": 20233,
                          "Plan Width": 4,
                          "Actual Startup Time": 0.035,
                          "Actual Total Time": 107.566,
                          "Actual Rows": 31027,
                          "Actual Loops": 3,
                          "Filter": "((kind_id > 3) AND (production_year = 2008))",
                          "Rows Removed by Filter": 811743
                        }
                      ]
                    }
                  ]
                }
              ]
            }
          ]
        }
      ]
    },
    "Planning Time": 0.382,
    "Triggers": [],
    "Execution Time": 213.585
  }
]