[
  {
    "Plan": {
      "Node Type": "Aggregate",
      "Strategy": "Plain",
      "Partial Mode": "Finalize",
      "Parallel Aware": false,
      "Startup Cost": 288016.57,
      "Total Cost": 288016.58,
      "Plan Rows": 1,
      "Plan Width": 8,
      "Actual Startup Time": 601.268,
      "Actual Total Time": 612.61,
      "Actual Rows": 1,
      "Actual Loops": 1,
      "Plans": [
        {
          "Node Type": "Gather",
          "Parent Relationship": "Outer",
          "Parallel Aware": false,
          "Startup Cost": 288016.25,
          "Total Cost": 288016.56,
          "Plan Rows": 3,
          "Plan Width": 8,
          "Actual Startup Time": 596.291,
          "Actual Total Time": 612.604,
          "Actual Rows": 4,
          "Actual Loops": 1,
          "Workers Planned": 3,
          "Workers Launched": 3,
          "Single Copy": false,
          "Plans": [
            {
              "Node Type": "Aggregate",
              "Strategy": "Plain",
              "Partial Mode": "Partial",
              "Parent Relationship": "Outer",
              "Parallel Aware": false,
              "Startup Cost": 287016.25,
              "Total Cost": 287016.26,
              "Plan Rows": 1,
              "Plan Width": 8,
              "Actual Startup Time": 591.63,
              "Actual Total Time": 591.87,
              "Actual Rows": 1,
              "Actual Loops": 4,
              "Plans": [
                {
                  "Node Type": "Hash Join",
                  "Parent Relationship": "Outer",
                  "Parallel Aware": true,
                  "Join Type": "Inner",
                  "Startup Cost": 241448.63,
                  "Total Cost": 286434.13,
                  "Plan Rows": 232847,
                  "Plan Width": 0,
                  "Actual Startup Time": 364.685,
                  "Actual Total Time": 578.909,
                  "Actual Rows": 288152,
                  "Actual Loops": 4,
                  "Inner Unique": false,
                  "Hash Cond": "(mk.movie_id = t.id)",
                  "Plans": [
                    {
                      "Node Type": "Seq Scan",
                      "Parent Relationship": "Outer",
                      "Parallel Aware": true,
                      "Relation Name": "movie_keyword",
                      "Alias": "mk",
                      "Startup Cost": 0.0,
                      "Total Cost": 39047.32,
                      "Plan Rows": 1459332,
                      "Plan Width": 4,
                      "Actual Startup Time": 0.011,
                      "Actual Total Time": 89.922,
                      "Actual Rows": 1130982,
                      "Actual Loops": 4
                    },
                    {
                      "Node Type": "Hash",
                      "Parent Relationship": "Inner",
                      "Parallel Aware": true,
                      "Startup Cost": 240440.1,
                      "Total Cost": 240440.1,
                      "Plan Rows": 80682,
                      "Plan Width": 8,
                      "Actual Startup Time": 363.379,
                      "Actual Total Time": 363.617,
                      "Actual Rows": 115602,
                      "Actual Loops": 4,
                      "Hash Buckets": 524288,
                      "Original Hash Buckets": 524288,
                      "Hash Batches": 1,
                      "Original Hash Batches": 1,
                      "Peak Memory Usage": 22240,
                      "Plans": [
                        {
                          "Node Type": "Hash Join",
                          "Parent Relationship": "Outer",
                          "Parallel Aware": true,
                          "Join Type": "Inner",
                          "Startup Cost": 73805.15,
                          "Total Cost": 240440.1,
                          "Plan Rows": 80682,
                          "Plan Width": 8,
                          "Actual Startup Time": 203.2,
                          "Actual Total Time": 332.106,
                          "Actual Rows": 115602,
                          "Actual Loops": 4,
                          "Inner Unique": true,
                          "Hash Cond": "(mi.movie_id = t.id)",
                          "Plans": [
                            {
                              "Node Type": "Bitmap Heap Scan",
                              "Parent Relationship": "Outer",
                              "Parallel Aware": true,
                              "Relation Name": "movie_info",
                              "Alias": "mi",
                              "Startup Cost": 27829.04,
                              "Total Cost": 193658.37,
                              "Plan Rows": 306906,
                              "Plan Width": 4,
                              "Actual Startup Time": 53.555,
                              "Actual Total Time": 98.542,
                              "Actual Rows": 383477,
                              "Actual Loops": 4,
                              "Recheck Cond": "(info_type_id = 3)",
                              "Rows Removed by Index Recheck": 0,
                              "Exact Heap Blocks": 2650,
                              "Lossy Heap Blocks": 0,
                              "Plans": [
                                {
                                  "Node Type": "Bitmap Index Scan",
                                  "Parent Relationship": "Outer",
                                  "Parallel Aware": false,
                                  "Index Name": "info_type_id_movie_info",
                                  "Startup Cost": 0.0,
                                  "Total Cost": 27445.41,
                                  "Plan Rows": 1534530,
                                  "Plan Width": 0,
                                  "Actual Startup Time": 52.056,
                                  "Actual Total Time": 52.057,
                                  "Actual Rows": 1533909,
                                  "Actual Loops": 1,
                                  "Index Cond": "(info_type_id = 3)"
                                }
                              ]
                            },
                            {
                              "Node Type": "Hash",
                              "Parent Relationship": "Inner",
                              "Parallel Aware": true,
                              "Startup Cost": 43899.01,
                              "Total Cost": 43899.01,
                              "Plan Rows": 166168,
                              "Plan Width": 4,
                              "Actual Startup Time": 147.9,
                              "Actual Total Time": 147.901,
                              "Actual Rows": 165516,
                              "Actual Loops": 4,
                              "Hash Buckets": 1048576,
                              "Original Hash Buckets": 1048576,
                              "Hash Batches": 1,
                              "Original Hash Batches": 1,
                              "Peak Memory Usage": 34176,
                              "Plans": [
                                {
                                  "Node Type": "Seq Scan",
                                  "Parent Relationship": "Outer",
                                  "Parallel Aware": true,
                                  "Relation Name": "title",
                                  "Alias": "t",
                                  "Startup Cost": 0.0,
                                  "Total Cost": 43899.01,
                                  "Plan Rows": 166168,
                                  "Plan Width": 4,
                                  "Actual Startup Time": 0.02,
                                  "Actual Total Time": 89.325,
                                  "Actual Rows": 165516,
                                  "Actual Loops": 4,
                                  "Filter": "(production_year > 2008)",
                                  "Rows Removed by Filter": 466562
                                }
                              ]
                            }
                          ]
                        }
                      ]
                    }
                  ]
                }
              ]
            }
          ]
        }
      ]
    },
    "Planning Time": 0.402,
    "Triggers": [],
    "Execution Time": 612.651
  }
]