{
  "Plan": {
    "Node Type": "Aggregate",
    "Strategy": "Plain",
    "Partial Mode": "Finalize",
    "Parallel Aware": false,
    "Startup Cost": 389511.71,
    "Total Cost": 389511.72,
    "Plan Rows": 1,
    "Plan Width": 8,
    "Actual Startup Time": 1518.916,
    "Actual Total Time": 1575.175,
    "Actual Rows": 1,
    "Actual Loops": 1,
    "Plans": [
      {
        "Node Type": "Gather",
        "Parent Relationship": "Outer",
        "Parallel Aware": false,
        "Startup Cost": 389511.6,
        "Total Cost": 389511.71,
        "Plan Rows": 1,
        "Plan Width": 8,
        "Actual Startup Time": 1518.014,
        "Actual Total Time": 1575.166,
        "Actual Rows": 2,
        "Actual Loops": 1,
        "Workers Planned": 1,
        "Workers Launched": 1,
        "Single Copy": false,
        "Plans": [
          {
            "Node Type": "Aggregate",
            "Strategy": "Plain",
            "Partial Mode": "Partial",
            "Parent Relationship": "Outer",
            "Parallel Aware": false,
            "Startup Cost": 388511.6,
            "Total Cost": 388511.61,
            "Plan Rows": 1,
            "Plan Width": 8,
            "Actual Startup Time": 1512.072,
            "Actual Total Time": 1512.076,
            "Actual Rows": 1,
            "Actual Loops": 2,
            "Plans": [
              {
                "Node Type": "Nested Loop",
                "Parent Relationship": "Outer",
                "Parallel Aware": false,
                "Join Type": "Inner",
                "Startup Cost": 45468.97,
                "Total Cost": 386834.64,
                "Plan Rows": 670781,
                "Plan Width": 0,
                "Actual Startup Time": 166.705,
                "Actual Total Time": 1455.511,
                "Actual Rows": 1294536,
                "Actual Loops": 2,
                "Inner Unique": false,
                "Plans": [
                  {
                    "Node Type": "Hash Join",
                    "Parent Relationship": "Outer",
                    "Parallel Aware": true,
                    "Join Type": "Inner",
                    "Startup Cost": 45468.54,
                    "Total Cost": 104376.68,
                    "Plan Rows": 114716,
                    "Plan Width": 8,
                    "Actual Startup Time": 166.627,
                    "Actual Total Time": 464.477,
                    "Actual Rows": 71994,
                    "Actual Loops": 2,
                    "Inner Unique": false,
                    "Hash Cond": "(t.id = mc.movie_id)",
                    "Plans": [
                      {
                        "Node Type": "Seq Scan",
                        "Parent Relationship": "Outer",
                        "Parallel Aware": true,
                        "Relation Name": "title",
                        "Alias": "t",
                        "Startup Cost": 0.0,
                        "Total Cost": 54588.39,
                        "Plan Rows": 583193,
                        "Plan Width": 4,
                        "Actual Startup Time": 0.017,
                        "Actual Total Time": 134.965,
                        "Actual Rows": 492524,
                        "Actual Loops": 2,
                        "Filter": "(kind_id < 7)",
                        "Rows Removed by Filter": 771632
                      },
                      {
                        "Node Type": "Hash",
                        "Parent Relationship": "Inner",
                        "Parallel Aware": true,
                        "Startup Cost": 41811.73,
                        "Total Cost": 41811.73,
                        "Plan Rows": 292545,
                        "Plan Width": 4,
                        "Actual Startup Time": 160.914,
                        "Actual Total Time": 160.915,
                        "Actual Rows": 145994,
                        "Actual Loops": 2,
                        "Hash Buckets": 524288,
                        "Original Hash Buckets": 524288,
                        "Hash Batches": 1,
                        "Original Hash Batches": 1,
                        "Peak Memory Usage": 15520,
                        "Plans": [
                          {
                            "Node Type": "Seq Scan",
                            "Parent Relationship": "Outer",
                            "Parallel Aware": true,
                            "Relation Name": "movie_companies",
                            "Alias": "mc",
                            "Startup Cost": 0.0,
                            "Total Cost": 41811.73,
                            "Plan Rows": 292545,
                            "Plan Width": 4,
                            "Actual Startup Time": 67.191,
                            "Actual Total Time": 122.269,
                            "Actual Rows": 145994,
                            "Actual Loops": 2,
                            "Filter": "((company_id < 4359) AND (company_type_id > 1))",
                            "Rows Removed by Filter": 1158570
                          }
                        ]
                      }
                    ]
                  },
                  {
                    "Node Type": "Index Only Scan",
                    "Parent Relationship": "Inner",
                    "Parallel Aware": false,
                    "Scan Direction": "Forward",
                    "Index Name": "movie_id_movie_info",
                    "Relation Name": "movie_info",
                    "Alias": "mi",
                    "Startup Cost": 0.43,
                    "Total Cost": 2.04,
                    "Plan Rows": 42,
                    "Plan Width": 4,
                    "Actual Startup Time": 0.004,
                    "Actual Total Time": 0.012,
                    "Actual Rows": 18,
                    "Actual Loops": 143989,
                    "Index Cond": "(movie_id = t.id)",
                    "Rows Removed by Index Recheck": 0,
                    "Heap Fetches": 2589071
                  }
                ]
              }
            ]
          }
        ]
      }
    ]
  },
  "Planning Time": 0.965,
  "Triggers": [],
  "Execution Time": 1575.272
}