[
  {
    "Plan": {
      "Node Type": "Aggregate",
      "Strategy": "Plain",
      "Partial Mode": "Finalize",
      "Parallel Aware": false,
      "Startup Cost": 39717.08,
      "Total Cost": 39717.09,
      "Plan Rows": 1,
      "Plan Width": 8,
      "Actual Startup Time": 67.485,
      "Actual Total Time": 72.353,
      "Actual Rows": 1,
      "Actual Loops": 1,
      "Plans": [
        {
          "Node Type": "Gather",
          "Parent Relationship": "Outer",
          "Parallel Aware": false,
          "Startup Cost": 39716.66,
          "Total Cost": 39717.07,
          "Plan Rows": 4,
          "Plan Width": 8,
          "Actual Startup Time": 67.223,
          "Actual Total Time": 72.345,
          "Actual Rows": 5,
          "Actual Loops": 1,
          "Workers Planned": 4,
          "Workers Launched": 4,
          "Single Copy": false,
          "Plans": [
            {
              "Node Type": "Aggregate",
              "Strategy": "Plain",
              "Partial Mode": "Partial",
              "Parent Relationship": "Outer",
              "Parallel Aware": false,
              "Startup Cost": 38716.66,
              "Total Cost": 38716.67,
              "Plan Rows": 1,
              "Plan Width": 8,
              "Actual Startup Time": 57.764,
              "Actual Total Time": 57.765,
              "Actual Rows": 1,
              "Actual Loops": 5,
              "Plans": [
                {
                  "Node Type": "Bitmap Heap Scan",
                  "Parent Relationship": "Outer",
                  "Parallel Aware": true,
                  "Relation Name": "title",
                  "Alias": "t",
                  "Startup Cost": 2203.64,
                  "Total Cost": 38659.9,
                  "Plan Rows": 22705,
                  "Plan Width": 0,
                  "Actual Startup Time": 16.366,
                  "Actual Total Time": 55.386,
                  "Actual Rows": 23421,
                  "Actual Loops": 5,
                  "Recheck Cond": "(kind_id = 4)",
                  "Rows Removed by Index Recheck": 0,
                  "Filter": "(production_year > 1984)",
                  "Rows Removed by Filter": 226,
                  "Exact Heap Blocks": 5991,
                  "Lossy Heap Blocks": 0,
                  "Plans": [
                    {
                      "Node Type": "Bitmap Index Scan",
                      "Parent Relationship": "Outer",
                      "Parallel Aware": false,
                      "Index Name": "kind_id_title",
                      "Startup Cost": 0.0,
                      "Total Cost": 2180.94,
                      "Plan Rows": 122201,
                      "Plan Width": 0,
                      "Actual Startup Time": 19.832,
                      "Actual Total Time": 19.832,
                      "Actual Rows": 118234,
                      "Actual Loops": 1,
                      "Index Cond": "(kind_id = 4)"
                    }
                  ]
                }
              ]
            }
          ]
        }
      ]
    },
    "Planning Time": 0.175,
    "Triggers": [],
    "Execution Time": 72.425
  }
]