[
  {
    "Plan": {
      "Node Type": "Aggregate",
      "Strategy": "Plain",
      "Partial Mode": "Finalize",
      "Parallel Aware": false,
      "Startup Cost": 31490.4,
      "Total Cost": 31490.41,
      "Plan Rows": 1,
      "Plan Width": 8,
      "Actual Startup Time": 94.494,
      "Actual Total Time": 101.989,
      "Actual Rows": 1,
      "Actual Loops": 1,
      "Plans": [
        {
          "Node Type": "Gather",
          "Parent Relationship": "Outer",
          "Parallel Aware": false,
          "Startup Cost": 31490.09,
          "Total Cost": 31490.4,
          "Plan Rows": 3,
          "Plan Width": 8,
          "Actual Startup Time": 94.357,
          "Actual Total Time": 101.978,
          "Actual Rows": 4,
          "Actual Loops": 1,
          "Workers Planned": 3,
          "Workers Launched": 3,
          "Single Copy": false,
          "Plans": [
            {
              "Node Type": "Aggregate",
              "Strategy": "Plain",
              "Partial Mode": "Partial",
              "Parent Relationship": "Outer",
              "Parallel Aware": false,
              "Startup Cost": 30490.09,
              "Total Cost": 30490.1,
              "Plan Rows": 1,
              "Plan Width": 8,
              "Actual Startup Time": 89.524,
              "Actual Total Time": 89.526,
              "Actual Rows": 1,
              "Actual Loops": 4,
              "Plans": [
                {
                  "Node Type": "Seq Scan",
                  "Parent Relationship": "Outer",
                  "Parallel Aware": true,
                  "Relation Name": "movie_companies",
                  "Alias": "mc",
                  "Startup Cost": 0.0,
                  "Total Cost": 29310.68,
                  "Plan Rows": 471762,
                  "Plan Width": 0,
                  "Actual Startup Time": 0.034,
                  "Actual Total Time": 72.706,
                  "Actual Rows": 367336,
                  "Actual Loops": 4,
                  "Filter": "(company_id < 13365)",
                  "Rows Removed by Filter": 284947
                }
              ]
            }
          ]
        }
      ]
    },
    "Planning Time": 0.1,
    "Triggers": [],
    "Execution Time": 102.018
  }
]