[
    {
        "Bao": {
            "Bao prediction": "NaN",
            "Bao recommended hint": "(no hint)"
        }
    },
    {
        "Plan": {
            "Node Type": "Aggregate",
            "Strategy": "Plain",
            "Partial Mode": "Finalize",
            "Parallel Aware": false,
            "Startup Cost": 33135.23,
            "Total Cost": 33135.24,
            "Plan Rows": 1,
            "Plan Width": 8,
            "Actual Startup Time": 96.235,
            "Actual Total Time": 102.02,
            "Actual Rows": 1,
            "Actual Loops": 1,
            "Output": [
                "count(*)"
            ],
            "Plans": [
                {
                    "Node Type": "Gather",
                    "Parent Relationship": "Outer",
                    "Parallel Aware": false,
                    "Startup Cost": 33134.92,
                    "Total Cost": 33135.23,
                    "Plan Rows": 3,
                    "Plan Width": 8,
                    "Actual Startup Time": 96.105,
                    "Actual Total Time": 102.014,
                    "Actual Rows": 4,
                    "Actual Loops": 1,
                    "Output": [
                        "(PARTIAL count(*))"
                    ],
                    "Workers Planned": 3,
                    "Workers Launched": 3,
                    "Single Copy": false,
                    "Plans": [
                        {
                            "Node Type": "Aggregate",
                            "Strategy": "Plain",
                            "Partial Mode": "Partial",
                            "Parent Relationship": "Outer",
                            "Parallel Aware": false,
                            "Startup Cost": 32134.92,
                            "Total Cost": 32134.93,
                            "Plan Rows": 1,
                            "Plan Width": 8,
                            "Actual Startup Time": 87.398,
                            "Actual Total Time": 87.399,
                            "Actual Rows": 1,
                            "Actual Loops": 4,
                            "Output": [
                                "PARTIAL count(*)"
                            ],
                            "Workers": [
                                {
                                    "Worker Number": 0,
                                    "Actual Startup Time": 84.266,
                                    "Actual Total Time": 84.266,
                                    "Actual Rows": 1,
                                    "Actual Loops": 1
                                },
                                {
                                    "Worker Number": 1,
                                    "Actual Startup Time": 84.484,
                                    "Actual Total Time": 84.485,
                                    "Actual Rows": 1,
                                    "Actual Loops": 1
                                },
                                {
                                    "Worker Number": 2,
                                    "Actual Startup Time": 85.079,
                                    "Actual Total Time": 85.08,
                                    "Actual Rows": 1,
                                    "Actual Loops": 1
                                }
                            ],
                            "Plans": [
                                {
                                    "Node Type": "Seq Scan",
                                    "Parent Relationship": "Outer",
                                    "Parallel Aware": true,
                                    "Relation Name": "movie_companies",
                                    "Schema": "public",
                                    "Alias": "mc",
                                    "Startup Cost": 0.0,
                                    "Total Cost": 31414.82,
                                    "Plan Rows": 288039,
                                    "Plan Width": 0,
                                    "Actual Startup Time": 42.114,
                                    "Actual Total Time": 76.526,
                                    "Actual Rows": 271080,
                                    "Actual Loops": 4,
                                    "Output": [
                                        "id",
                                        "movie_id",
                                        "company_id",
                                        "company_type_id",
                                        "note"
                                    ],
                                    "Filter": "((mc.company_id > 2417) AND (mc.company_type_id = 2))",
                                    "Rows Removed by Filter": 381202,
                                    "Workers": [
                                        {
                                            "Worker Number": 0,
                                            "Actual Startup Time": 38.978,
                                            "Actual Total Time": 73.681,
                                            "Actual Rows": 262174,
                                            "Actual Loops": 1
                                        },
                                        {
                                            "Worker Number": 1,
                                            "Actual Startup Time": 39.21,
                                            "Actual Total Time": 74.033,
                                            "Actual Rows": 256210,
                                            "Actual Loops": 1
                                        },
                                        {
                                            "Worker Number": 2,
                                            "Actual Startup Time": 39.796,
                                            "Actual Total Time": 74.426,
                                            "Actual Rows": 263807,
                                            "Actual Loops": 1
                                        }
                                    ]
                                }
                            ]
                        }
                    ]
                }
            ]
        },
        "Planning Time": 178.734,
        "Triggers": [],
        "Execution Time": 102.072
    }
]