[
    {
        "Bao": {
            "Bao prediction": 667.392,
            "Bao recommended hint": "(no hint)"
        }
    },
    {
        "Plan": {
            "Node Type": "Aggregate",
            "Strategy": "Plain",
            "Partial Mode": "Finalize",
            "Parallel Aware": false,
            "Startup Cost": 39518.07,
            "Total Cost": 39518.08,
            "Plan Rows": 1,
            "Plan Width": 8,
            "Actual Startup Time": 161.256,
            "Actual Total Time": 169.145,
            "Actual Rows": 1,
            "Actual Loops": 1,
            "Output": [
                "count(*)"
            ],
            "Plans": [
                {
                    "Node Type": "Gather",
                    "Parent Relationship": "Outer",
                    "Parallel Aware": false,
                    "Startup Cost": 39517.75,
                    "Total Cost": 39518.06,
                    "Plan Rows": 3,
                    "Plan Width": 8,
                    "Actual Startup Time": 160.839,
                    "Actual Total Time": 169.135,
                    "Actual Rows": 4,
                    "Actual Loops": 1,
                    "Output": [
                        "(PARTIAL count(*))"
                    ],
                    "Workers Planned": 3,
                    "Workers Launched": 3,
                    "Single Copy": false,
                    "Plans": [
                        {
                            "Node Type": "Aggregate",
                            "Strategy": "Plain",
                            "Partial Mode": "Partial",
                            "Parent Relationship": "Outer",
                            "Parallel Aware": false,
                            "Startup Cost": 38517.75,
                            "Total Cost": 38517.76,
                            "Plan Rows": 1,
                            "Plan Width": 8,
                            "Actual Startup Time": 152.52,
                            "Actual Total Time": 152.522,
                            "Actual Rows": 1,
                            "Actual Loops": 4,
                            "Output": [
                                "PARTIAL count(*)"
                            ],
                            "Workers": [
                                {
                                    "Worker Number": 0,
                                    "Actual Startup Time": 149.734,
                                    "Actual Total Time": 149.736,
                                    "Actual Rows": 1,
                                    "Actual Loops": 1
                                },
                                {
                                    "Worker Number": 1,
                                    "Actual Startup Time": 149.976,
                                    "Actual Total Time": 149.978,
                                    "Actual Rows": 1,
                                    "Actual Loops": 1
                                },
                                {
                                    "Worker Number": 2,
                                    "Actual Startup Time": 150.124,
                                    "Actual Total Time": 150.125,
                                    "Actual Rows": 1,
                                    "Actual Loops": 1
                                }
                            ],
                            "Plans": [
                                {
                                    "Node Type": "Bitmap Heap Scan",
                                    "Parent Relationship": "Outer",
                                    "Parallel Aware": true,
                                    "Relation Name": "movie_keyword",
                                    "Schema": "public",
                                    "Alias": "mk",
                                    "Startup Cost": 11451.84,
                                    "Total Cost": 38082.44,
                                    "Plan Rows": 174127,
                                    "Plan Width": 0,
                                    "Actual Startup Time": 57.426,
                                    "Actual Total Time": 142.118,
                                    "Actual Rows": 133522,
                                    "Actual Loops": 4,
                                    "Recheck Cond": "(mk.keyword_id > 34314)",
                                    "Rows Removed by Index Recheck": 0,
                                    "Exact Heap Blocks": 8807,
                                    "Lossy Heap Blocks": 0,
                                    "Workers": [
                                        {
                                            "Worker Number": 0,
                                            "Actual Startup Time": 54.868,
                                            "Actual Total Time": 140.346,
                                            "Actual Rows": 112713,
                                            "Actual Loops": 1
                                        },
                                        {
                                            "Worker Number": 1,
                                            "Actual Startup Time": 54.95,
                                            "Actual Total Time": 140.779,
                                            "Actual Rows": 108374,
                                            "Actual Loops": 1
                                        },
                                        {
                                            "Worker Number": 2,
                                            "Actual Startup Time": 55.066,
                                            "Actual Total Time": 140.723,
                                            "Actual Rows": 111241,
                                            "Actual Loops": 1
                                        }
                                    ],
                                    "Plans": [
                                        {
                                            "Node Type": "Bitmap Index Scan",
                                            "Parent Relationship": "Outer",
                                            "Parallel Aware": false,
                                            "Index Name": "keyword_id_movie_keyword",
                                            "Startup Cost": 0.0,
                                            "Total Cost": 11316.9,
                                            "Plan Rows": 539795,
                                            "Plan Width": 0,
                                            "Actual Startup Time": 59.406,
                                            "Actual Total Time": 59.406,
                                            "Actual Rows": 534089,
                                            "Actual Loops": 1,
                                            "Index Cond": "(mk.keyword_id > 34314)"
                                        }
                                    ]
                                }
                            ]
                        }
                    ]
                }
            ]
        },
        "Planning Time": 1363.103,
        "Triggers": [],
        "Execution Time": 169.255
    }
]