[
  {
    "Plan": {
      "Node Type": "Aggregate",
      "Strategy": "Plain",
      "Partial Mode": "Finalize",
      "Parallel Aware": false,
      "Startup Cost": 65434.6,
      "Total Cost": 65434.61,
      "Plan Rows": 1,
      "Plan Width": 8,
      "Actual Startup Time": 235.164,
      "Actual Total Time": 248.695,
      "Actual Rows": 1,
      "Actual Loops": 1,
      "Plans": [
        {
          "Node Type": "Gather",
          "Parent Relationship": "Outer",
          "Parallel Aware": false,
          "Startup Cost": 65434.18,
          "Total Cost": 65434.59,
          "Plan Rows": 4,
          "Plan Width": 8,
          "Actual Startup Time": 233.625,
          "Actual Total Time": 248.686,
          "Actual Rows": 5,
          "Actual Loops": 1,
          "Workers Planned": 4,
          "Workers Launched": 4,
          "Single Copy": false,
          "Plans": [
            {
              "Node Type": "Aggregate",
              "Strategy": "Plain",
              "Partial Mode": "Partial",
              "Parent Relationship": "Outer",
              "Parallel Aware": false,
              "Startup Cost": 64434.18,
              "Total Cost": 64434.19,
              "Plan Rows": 1,
              "Plan Width": 8,
              "Actual Startup Time": 223.667,
              "Actual Total Time": 223.671,
              "Actual Rows": 1,
              "Actual Loops": 5,
              "Plans": [
                {
                  "Node Type": "Hash Join",
                  "Parent Relationship": "Outer",
                  "Parallel Aware": true,
                  "Join Type": "Inner",
                  "Startup Cost": 17523.61,
                  "Total Cost": 64302.77,
                  "Plan Rows": 52562,
                  "Plan Width": 0,
                  "Actual Startup Time": 78.474,
                  "Actual Total Time": 222.406,
                  "Actual Rows": 22734,
                  "Actual Loops": 5,
                  "Inner Unique": false,
                  "Hash Cond": "(t.id = mi_idx.movie_id)",
                  "Plans": [
                    {
                      "Node Type": "Seq Scan",
                      "Parent Relationship": "Outer",
                      "Parallel Aware": true,
                      "Relation Name": "title",
                      "Alias": "t",
                      "Startup Cost": 0.0,
                      "Total Cost": 45479.1,
                      "Plan Rows": 288282,
                      "Plan Width": 4,
                      "Actual Startup Time": 0.019,
                      "Actual Total Time": 82.366,
                      "Actual Rows": 248906,
                      "Actual Loops": 5,
                      "Filter": "((production_year > 1983) AND (kind_id = 7))",
                      "Rows Removed by Filter": 256756
                    },
                    {
                      "Node Type": "Hash",
                      "Parent Relationship": "Inner",
                      "Parallel Aware": true,
                      "Startup Cost": 15122.68,
                      "Total Cost": 15122.68,
                      "Plan Rows": 192074,
                      "Plan Width": 4,
                      "Actual Startup Time": 75.159,
                      "Actual Total Time": 75.16,
                      "Actual Rows": 92037,
                      "Actual Loops": 5,
                      "Hash Buckets": 524288,
                      "Original Hash Buckets": 524288,
                      "Hash Batches": 1,
                      "Original Hash Batches": 1,
                      "Peak Memory Usage": 22176,
                      "Plans": [
                        {
                          "Node Type": "Seq Scan",
                          "Parent Relationship": "Outer",
                          "Parallel Aware": true,
                          "Relation Name": "movie_info_idx",
                          "Alias": "mi_idx",
                          "Startup Cost": 0.0,
                          "Total Cost": 15122.68,
                          "Plan Rows": 192074,
                          "Plan Width": 4,
                          "Actual Startup Time": 0.081,
                          "Actual Total Time": 38.819,
                          "Actual Rows": 92037,
                          "Actual Loops": 5,
                          "Filter": "(info_type_id > 100)",
                          "Rows Removed by Filter": 183970
                        }
                      ]
                    }
                  ]
                }
              ]
            }
          ]
        }
      ]
    },
    "Planning Time": 0.61,
    "Triggers": [],
    "Execution Time": 248.771
  }
]